<?xml version="1.0" encoding="UTF-8"?>
<testsuites tests="9" failures="1" errors="1" skipped="0">
  <testsuite timestamp="2025-05-26T18:02:23" time="815.848" tests="9" failures="1" errors="1" skipped="0">
    <properties>
      <property name="specId" value="0"/>
      <property name="suiteName" value="Address Management Tests US156181 US151165 US151160 US156180 US156178 US151157 US151172 US151170 US151166 US151168"/>
      <property name="capabilities" value="chrome.136_0_7103_93.windows"/>
      <property name="file" value="file:///D:/a/1/s/test/specs/BTS/address-management.spec.js"/>
    </properties>
    <testcase classname="chrome.136_0_7103_93.windows.Address_Management_Tests_US156181_US151165_US151160_US156180_US156178_US151157_US151172_US151170_US151166_US151168" name="Step 1 Will check existence of address created with generated name if none then we create US156181" time="79.356">
      <system-out><![CDATA[
COMMAND: POST /session/c4f16a488098e9dddf5573a2ff081d1c/execute/async - {"script":"<script> [1562 bytes]","args":[{"selector":{"controlType":"sap.m.GenericTile","properties":{"header":"Address Management"}},"wdio_ui5_key":"sapm.GenericTile{\"header\":\"Address Management\"}"}]}
RESULT: {"script":"<script> [1562 bytes]","args":[{"selector":{"controlType":"sap.m.GenericTile","properties":{"header":"Address Management"}},"wdio_ui5_key":"sapm.GenericTile{\"header\":\"Address Management\"}"}]}
RESULT: undefined
COMMAND: POST /session/c4f16a488098e9dddf5573a2ff081d1c/element - {"using":"xpath","value":"//*[@id=\"__tile33\"]"}
RESULT: {"using":"xpath","value":"//*[@id=\"__tile33\"]"}
COMMAND: POST /session/c4f16a488098e9dddf5573a2ff081d1c/element/f.5FEBC22620E543977CDD67087BE3C0FA.d.FAA73737CDB0D82D65A25EFFB6A3BBD0.e.226/click - {}
RESULT: {}
COMMAND: GET /session/c4f16a488098e9dddf5573a2ff081d1c/screenshot - {}
RESULT: {}
COMMAND: POST /session/c4f16a488098e9dddf5573a2ff081d1c/elements - {"using":"xpath","value":"//span[text()='Error']"}
RESULT: {"using":"xpath","value":"//span[text()='Error']"}
COMMAND: POST /session/c4f16a488098e9dddf5573a2ff081d1c/element - {"using":"xpath","value":"//button[@data-kt=\"addButton\"]"}
RESULT: {"using":"xpath","value":"//button[@data-kt=\"addButton\"]"}
COMMAND: POST /session/c4f16a488098e9dddf5573a2ff081d1c/elements - {"using":"xpath","value":"//button[@data-kt=\"addButton\"]"}
RESULT: {"using":"xpath","value":"//button[@data-kt=\"addButton\"]"}
COMMAND: POST /session/c4f16a488098e9dddf5573a2ff081d1c/elements - {"using":"xpath","value":"//button[@data-kt=\"addButton\"]"}
RESULT: {"using":"xpath","value":"//button[@data-kt=\"addButton\"]"}
COMMAND: POST /session/c4f16a488098e9dddf5573a2ff081d1c/elements - {"using":"xpath","value":"//button[@data-kt=\"addButton\"]"}
RESULT: {"using":"xpath","value":"//button[@data-kt=\"addButton\"]"}
COMMAND: POST /session/c4f16a488098e9dddf5573a2ff081d1c/elements - {"using":"xpath","value":"//button[@data-kt=\"addButton\"]"}
RESULT: {"using":"xpath","value":"//button[@data-kt=\"addButton\"]"}
COMMAND: POST /session/c4f16a488098e9dddf5573a2ff081d1c/element - {"using":"xpath","value":"//button[@data-kt=\"addButton\"]"}
RESULT: {"using":"xpath","value":"//button[@data-kt=\"addButton\"]"}
COMMAND: POST /session/c4f16a488098e9dddf5573a2ff081d1c/execute/sync - {"script":"<script> [8489 bytes]","args":[{"element-6066-11e4-a52e-4f735466cecf":"f.5FEBC22620E543977CDD67087BE3C0FA.d.FAA73737CDB0D82D65A25EFFB6A3BBD0.e.314","ELEMENT":"f.5FEBC22620E543977CDD67087BE3C0FA.d.FAA73737CDB0D82D65A25EFFB6A3BBD0.e.314"}]}
RESULT: {"script":"<script> [8489 bytes]","args":[{"element-6066-11e4-a52e-4f735466cecf":"f.5FEBC22620E543977CDD67087BE3C0FA.d.FAA73737CDB0D82D65A25EFFB6A3BBD0.e.314","ELEMENT":"f.5FEBC22620E543977CDD67087BE3C0FA.d.FAA73737CDB0D82D65A25EFFB6A3BBD0.e.314"}]}
COMMAND: GET /session/c4f16a488098e9dddf5573a2ff081d1c/element/f.5FEBC22620E543977CDD67087BE3C0FA.d.FAA73737CDB0D82D65A25EFFB6A3BBD0.e.314/enabled - {}
COMMAND: GET /session/c4f16a488098e9dddf5573a2ff081d1c/screenshot - {}
RESULT: {}
COMMAND: POST /session/c4f16a488098e9dddf5573a2ff081d1c/execute/sync - {"script":"<script> [8489 bytes]","args":[{"element-6066-11e4-a52e-4f735466cecf":"f.5FEBC22620E543977CDD67087BE3C0FA.d.FAA73737CDB0D82D65A25EFFB6A3BBD0.e.314","ELEMENT":"f.5FEBC22620E543977CDD67087BE3C0FA.d.FAA73737CDB0D82D65A25EFFB6A3BBD0.e.314"}]}
COMMAND: GET /session/c4f16a488098e9dddf5573a2ff081d1c/screenshot - {}
RESULT: {}
RESULT: {"script":"<script> [8489 bytes]","args":[{"element-6066-11e4-a52e-4f735466cecf":"f.5FEBC22620E543977CDD67087BE3C0FA.d.FAA73737CDB0D82D65A25EFFB6A3BBD0.e.314","ELEMENT":"f.5FEBC22620E543977CDD67087BE3C0FA.d.FAA73737CDB0D82D65A25EFFB6A3BBD0.e.314"}]}
COMMAND: POST /session/c4f16a488098e9dddf5573a2ff081d1c/execute/sync - {"script":"<script> [5351 bytes]","args":[{"element-6066-11e4-a52e-4f735466cecf":"f.5FEBC22620E543977CDD67087BE3C0FA.d.FAA73737CDB0D82D65A25EFFB6A3BBD0.e.314","ELEMENT":"f.5FEBC22620E543977CDD67087BE3C0FA.d.FAA73737CDB0D82D65A25EFFB6A3BBD0.e.314"}]}
COMMAND: GET /session/c4f16a488098e9dddf5573a2ff081d1c/screenshot - {}
RESULT: {}
RESULT: {"script":"<script> [5351 bytes]","args":[{"element-6066-11e4-a52e-4f735466cecf":"f.5FEBC22620E543977CDD67087BE3C0FA.d.FAA73737CDB0D82D65A25EFFB6A3BBD0.e.314","ELEMENT":"f.5FEBC22620E543977CDD67087BE3C0FA.d.FAA73737CDB0D82D65A25EFFB6A3BBD0.e.314"}]}
COMMAND: GET /session/c4f16a488098e9dddf5573a2ff081d1c/screenshot - {}
RESULT: {}
RESULT: {}
COMMAND: POST /session/c4f16a488098e9dddf5573a2ff081d1c/execute/async - {"script":"<script> [1562 bytes]","args":[{"selector":{"id":"application-addressmanagement-display-component---masterAdm--smartFilterBar-btnBasicSearch","interaction":{"idSuffix":"I"}},"wdio_ui5_key":"applicationaddressmanagement-display-component---masterAdm--smartFilterBar-btnBasicSearch"}]}
RESULT: {"script":"<script> [1562 bytes]","args":[{"selector":{"id":"application-addressmanagement-display-component---masterAdm--smartFilterBar-btnBasicSearch","interaction":{"idSuffix":"I"}},"wdio_ui5_key":"applicationaddressmanagement-display-component---masterAdm--smartFilterBar-btnBasicSearch"}]}
RESULT: undefined
COMMAND: POST /session/c4f16a488098e9dddf5573a2ff081d1c/execute/async - {"script":"<script> [776 bytes]","args":[{"enterText":"MwgOKmxyk5","selector":{"id":"application-addressmanagement-display-component---masterAdm--smartFilterBar-btnBasicSearch","interaction":{"idSuffix":"I"}},"clearTextFirst":true,"interactionType":"ENTER_TEXT"}]}
RESULT: {"script":"<script> [776 bytes]","args":[{"enterText":"MwgOKmxyk5","selector":{"id":"application-addressmanagement-display-component---masterAdm--smartFilterBar-btnBasicSearch","interaction":{"idSuffix":"I"}},"clearTextFirst":true,"interactionType":"ENTER_TEXT"}]}
COMMAND: POST /session/c4f16a488098e9dddf5573a2ff081d1c/actions - {"actions":[{"id":"action1","type":"key","parameters":{},"actions":[{"type":"keyDown","value":""},{"type":"pause","duration":10},{"type":"keyUp","value":""}]}]}
RESULT: {"actions":[{"id":"action1","type":"key","parameters":{},"actions":[{"type":"keyDown","value":""},{"type":"pause","duration":10},{"type":"keyUp","value":""}]}]}
COMMAND: GET /session/c4f16a488098e9dddf5573a2ff081d1c/screenshot - {}
RESULT: {}
COMMAND: POST /session/c4f16a488098e9dddf5573a2ff081d1c/elements - {"using":"xpath","value":"//table[contains(@id, \"customPersonsAddressesTable-listUl\")]/tbody/tr"}
RESULT: {"using":"xpath","value":"//table[contains(@id, \"customPersonsAddressesTable-listUl\")]/tbody/tr"}
COMMAND: POST /session/c4f16a488098e9dddf5573a2ff081d1c/element - {"using":"xpath","value":"//table[contains(@id, \"customPersonsAddressesTable-listUl\")]/tbody/tr[1]/td[5]/span/span"}
RESULT: {"using":"xpath","value":"//table[contains(@id, \"customPersonsAddressesTable-listUl\")]/tbody/tr[1]/td[5]/span/span"}
COMMAND: POST /session/c4f16a488098e9dddf5573a2ff081d1c/element - {"using":"xpath","value":"//table[contains(@id, \"customPersonsAddressesTable-listUl\")]/tbody/tr[1]/td[3]/span"}
RESULT: {"using":"xpath","value":"//table[contains(@id, \"customPersonsAddressesTable-listUl\")]/tbody/tr[1]/td[3]/span"}
COMMAND: POST /session/c4f16a488098e9dddf5573a2ff081d1c/elements - {"using":"xpath","value":"//table[contains(@id, \"customPersonsAddressesTable-listUl\")]/tbody/tr[1]/td[5]/span/span"}
RESULT: {"using":"xpath","value":"//table[contains(@id, \"customPersonsAddressesTable-listUl\")]/tbody/tr[1]/td[5]/span/span"}
COMMAND: POST /session/c4f16a488098e9dddf5573a2ff081d1c/element - {"using":"xpath","value":"//span[@id=\"application-addressmanagement-display-component---masterAdm--smartTable-header-inner\"]"}
RESULT: {"using":"xpath","value":"//span[@id=\"application-addressmanagement-display-component---masterAdm--smartTable-header-inner\"]"}
COMMAND: POST /session/c4f16a488098e9dddf5573a2ff081d1c/elements - {"using":"xpath","value":"//span[@id=\"application-addressmanagement-display-component---masterAdm--smartTable-header-inner\"]"}
RESULT: {"using":"xpath","value":"//span[@id=\"application-addressmanagement-display-component---masterAdm--smartTable-header-inner\"]"}
COMMAND: POST /session/c4f16a488098e9dddf5573a2ff081d1c/execute/sync - {"script":"<script> [56 bytes]","args":[{"element-6066-11e4-a52e-4f735466cecf":"f.5FEBC22620E543977CDD67087BE3C0FA.d.FAA73737CDB0D82D65A25EFFB6A3BBD0.e.456","ELEMENT":"f.5FEBC22620E543977CDD67087BE3C0FA.d.FAA73737CDB0D82D65A25EFFB6A3BBD0.e.456"}]}
RESULT: {"script":"<script> [56 bytes]","args":[{"element-6066-11e4-a52e-4f735466cecf":"f.5FEBC22620E543977CDD67087BE3C0FA.d.FAA73737CDB0D82D65A25EFFB6A3BBD0.e.456","ELEMENT":"f.5FEBC22620E543977CDD67087BE3C0FA.d.FAA73737CDB0D82D65A25EFFB6A3BBD0.e.456"}]}
COMMAND: POST /session/c4f16a488098e9dddf5573a2ff081d1c/element - {"using":"xpath","value":"//button[@data-kt=\"addButton\"]"}
COMMAND: GET /session/c4f16a488098e9dddf5573a2ff081d1c/screenshot - {}
RESULT: {"using":"xpath","value":"//button[@data-kt=\"addButton\"]"}
COMMAND: POST /session/c4f16a488098e9dddf5573a2ff081d1c/element/f.5FEBC22620E543977CDD67087BE3C0FA.d.FAA73737CDB0D82D65A25EFFB6A3BBD0.e.314/click - {}
RESULT: {}
RESULT: {}
COMMAND: GET /session/c4f16a488098e9dddf5573a2ff081d1c/screenshot - {}
RESULT: {}
COMMAND: POST /session/c4f16a488098e9dddf5573a2ff081d1c/execute/async - {"script":"<script> [1562 bytes]","args":[{"selector":{"controlType":"sap.ui.core.Icon","viewName":"etm.portal.ui.addressmanagement.view.NewAddress","properties":{"src":{"regex":{"source":"slim\\-arrow\\-down"}}},"ancestor":{"id":"addressTitle","viewName":"etm.portal.ui.addressmanagement.view.NewAddress"}},"wdio_ui5_key":"etmportal.ui.addressmanagement.view.NewAddresssap.ui.core.Icon{\"src\":{\"regex\":{\"source\":\"slim\\\\-arrow\\\\-down\"}}}{\"id\":\"addressTitle\",\"viewName\":\"etm.portal.ui.addressmanagement.view.NewAddress\"}"}]}
RESULT: {"script":"<script> [1562 bytes]","args":[{"selector":{"controlType":"sap.ui.core.Icon","viewName":"etm.portal.ui.addressmanagement.view.NewAddress","properties":{"src":{"regex":{"source":"slim\\-arrow\\-down"}}},"ancestor":{"id":"addressTitle","viewName":"etm.portal.ui.addressmanagement.view.NewAddress"}},"wdio_ui5_key":"etmportal.ui.addressmanagement.view.NewAddresssap.ui.core.Icon{\"src\":{\"regex\":{\"source\":\"slim\\\\-arrow\\\\-down\"}}}{\"id\":\"addressTitle\",\"viewName\":\"etm.portal.ui.addressmanagement.view.NewAddress\"}"}]}
RESULT: undefined
COMMAND: POST /session/c4f16a488098e9dddf5573a2ff081d1c/element - {"using":"xpath","value":"//*[@id=\"__xmlview58--addressTitle-arrow\"]"}
RESULT: {"using":"xpath","value":"//*[@id=\"__xmlview58--addressTitle-arrow\"]"}
COMMAND: POST /session/c4f16a488098e9dddf5573a2ff081d1c/element/f.5FEBC22620E543977CDD67087BE3C0FA.d.FAA73737CDB0D82D65A25EFFB6A3BBD0.e.486/click - {}
RESULT: {}
COMMAND: GET /session/c4f16a488098e9dddf5573a2ff081d1c/screenshot - {}
RESULT: {}
COMMAND: POST /session/c4f16a488098e9dddf5573a2ff081d1c/element - {"using":"xpath","value":"//li[.//span[text()=\"Dr.\"]]"}
RESULT: {"using":"xpath","value":"//li[.//span[text()=\"Dr.\"]]"}
COMMAND: POST /session/c4f16a488098e9dddf5573a2ff081d1c/element/f.5FEBC22620E543977CDD67087BE3C0FA.d.FAA73737CDB0D82D65A25EFFB6A3BBD0.e.599/click - {}
RESULT: {}
COMMAND: POST /session/c4f16a488098e9dddf5573a2ff081d1c/execute/async - {"script":"<script> [1562 bytes]","args":[{"selector":{"controlType":"sap.ui.core.Icon","viewName":"etm.portal.ui.addressmanagement.view.NewAddress","properties":{"src":{"regex":{"source":"slim\\-arrow\\-down"}}},"ancestor":{"id":"addressDetailDetailsLanguage","viewName":"etm.portal.ui.addressmanagement.view.NewAddress"}},"wdio_ui5_key":"etmportal.ui.addressmanagement.view.NewAddresssap.ui.core.Icon{\"src\":{\"regex\":{\"source\":\"slim\\\\-arrow\\\\-down\"}}}{\"id\":\"addressDetailDetailsLanguage\",\"viewName\":\"etm.portal.ui.addressmanagement.view.NewAddress\"}"}]}
COMMAND: GET /session/c4f16a488098e9dddf5573a2ff081d1c/screenshot - {}
RESULT: {"script":"<script> [1562 bytes]","args":[{"selector":{"controlType":"sap.ui.core.Icon","viewName":"etm.portal.ui.addressmanagement.view.NewAddress","properties":{"src":{"regex":{"source":"slim\\-arrow\\-down"}}},"ancestor":{"id":"addressDetailDetailsLanguage","viewName":"etm.portal.ui.addressmanagement.view.NewAddress"}},"wdio_ui5_key":"etmportal.ui.addressmanagement.view.NewAddresssap.ui.core.Icon{\"src\":{\"regex\":{\"source\":\"slim\\\\-arrow\\\\-down\"}}}{\"id\":\"addressDetailDetailsLanguage\",\"viewName\":\"etm.portal.ui.addressmanagement.view.NewAddress\"}"}]}
RESULT: undefined
COMMAND: POST /session/c4f16a488098e9dddf5573a2ff081d1c/element - {"using":"xpath","value":"//*[@id=\"__xmlview58--addressDetailDetailsLanguage-arrow\"]"}
RESULT: {}
RESULT: {"using":"xpath","value":"//*[@id=\"__xmlview58--addressDetailDetailsLanguage-arrow\"]"}
COMMAND: POST /session/c4f16a488098e9dddf5573a2ff081d1c/element/f.5FEBC22620E543977CDD67087BE3C0FA.d.FAA73737CDB0D82D65A25EFFB6A3BBD0.e.499/click - {}
RESULT: {}
COMMAND: GET /session/c4f16a488098e9dddf5573a2ff081d1c/screenshot - {}
RESULT: {}
COMMAND: POST /session/c4f16a488098e9dddf5573a2ff081d1c/element - {"using":"xpath","value":"//span[contains(text(), \"English\")]"}
RESULT: {"using":"xpath","value":"//span[contains(text(), \"English\")]"}
COMMAND: POST /session/c4f16a488098e9dddf5573a2ff081d1c/element/f.5FEBC22620E543977CDD67087BE3C0FA.d.FAA73737CDB0D82D65A25EFFB6A3BBD0.e.600/click - {}
RESULT: {}
COMMAND: POST /session/c4f16a488098e9dddf5573a2ff081d1c/execute/async - {"script":"<script> [1562 bytes]","args":[{"selector":{"controlType":"sap.m.Input","viewName":"etm.portal.ui.addressmanagement.view.NewAddress","labelFor":{"text":"Name"},"interaction":{"idSuffix":"inner"}},"wdio_ui5_key":"etmportal.ui.addressmanagement.view.NewAddresssap.m.Input{\"text\":\"Name\"}"}]}
COMMAND: GET /session/c4f16a488098e9dddf5573a2ff081d1c/screenshot - {}
RESULT: {"script":"<script> [1562 bytes]","args":[{"selector":{"controlType":"sap.m.Input","viewName":"etm.portal.ui.addressmanagement.view.NewAddress","labelFor":{"text":"Name"},"interaction":{"idSuffix":"inner"}},"wdio_ui5_key":"etmportal.ui.addressmanagement.view.NewAddresssap.m.Input{\"text\":\"Name\"}"}]}
RESULT: undefined
COMMAND: POST /session/c4f16a488098e9dddf5573a2ff081d1c/execute/async - {"script":"<script> [776 bytes]","args":[{"enterText":"MwgOKmxyk5","selector":{"controlType":"sap.m.Input","viewName":"etm.portal.ui.addressmanagement.view.NewAddress","labelFor":{"text":"Name"},"interaction":{"idSuffix":"inner"}},"clearTextFirst":true,"interactionType":"ENTER_TEXT"}]}
RESULT: {}
RESULT: {"script":"<script> [776 bytes]","args":[{"enterText":"MwgOKmxyk5","selector":{"controlType":"sap.m.Input","viewName":"etm.portal.ui.addressmanagement.view.NewAddress","labelFor":{"text":"Name"},"interaction":{"idSuffix":"inner"}},"clearTextFirst":true,"interactionType":"ENTER_TEXT"}]}
COMMAND: POST /session/c4f16a488098e9dddf5573a2ff081d1c/element - {"using":"xpath","value":"//button[@title=\"Save\"]"}
RESULT: {"using":"xpath","value":"//button[@title=\"Save\"]"}
COMMAND: POST /session/c4f16a488098e9dddf5573a2ff081d1c/element/f.5FEBC22620E543977CDD67087BE3C0FA.d.FAA73737CDB0D82D65A25EFFB6A3BBD0.e.585/click - {}
RESULT: {}
COMMAND: GET /session/c4f16a488098e9dddf5573a2ff081d1c/screenshot - {}
RESULT: {}
COMMAND: POST /session/c4f16a488098e9dddf5573a2ff081d1c/element - {"using":"xpath","value":"//header[contains(@id, \"application-addressmanagement-display-component---detailAdm--ObjectPageLayout-headerTitle\")]/div[1]/div[3]/div[2]/span"}
RESULT: {"using":"xpath","value":"//header[contains(@id, \"application-addressmanagement-display-component---detailAdm--ObjectPageLayout-headerTitle\")]/div[1]/div[3]/div[2]/span"}
COMMAND: POST /session/c4f16a488098e9dddf5573a2ff081d1c/elements - {"using":"xpath","value":"//header[contains(@id, \"application-addressmanagement-display-component---detailAdm--ObjectPageLayout-headerTitle\")]/div[1]/div[3]/div[2]/span"}
RESULT: {"using":"xpath","value":"//header[contains(@id, \"application-addressmanagement-display-component---detailAdm--ObjectPageLayout-headerTitle\")]/div[1]/div[3]/div[2]/span"}
COMMAND: POST /session/c4f16a488098e9dddf5573a2ff081d1c/execute/sync - {"script":"<script> [56 bytes]","args":[{"element-6066-11e4-a52e-4f735466cecf":"f.5FEBC22620E543977CDD67087BE3C0FA.d.FAA73737CDB0D82D65A25EFFB6A3BBD0.e.626","ELEMENT":"f.5FEBC22620E543977CDD67087BE3C0FA.d.FAA73737CDB0D82D65A25EFFB6A3BBD0.e.626"}]}
RESULT: {"script":"<script> [56 bytes]","args":[{"element-6066-11e4-a52e-4f735466cecf":"f.5FEBC22620E543977CDD67087BE3C0FA.d.FAA73737CDB0D82D65A25EFFB6A3BBD0.e.626","ELEMENT":"f.5FEBC22620E543977CDD67087BE3C0FA.d.FAA73737CDB0D82D65A25EFFB6A3BBD0.e.626"}]}
COMMAND: GET /session/c4f16a488098e9dddf5573a2ff081d1c/screenshot - {}
RESULT: {}
COMMAND: POST /session/c4f16a488098e9dddf5573a2ff081d1c/element - {"using":"css selector","value":"#shell-header-logo"}
RESULT: {"using":"css selector","value":"#shell-header-logo"}
COMMAND: POST /session/c4f16a488098e9dddf5573a2ff081d1c/element/f.5FEBC22620E543977CDD67087BE3C0FA.d.FAA73737CDB0D82D65A25EFFB6A3BBD0.e.277/click - {}
RESULT: {}
COMMAND: GET /session/c4f16a488098e9dddf5573a2ff081d1c/screenshot - {}
RESULT: {}
]]></system-out>
    </testcase>
    <testcase classname="chrome.136_0_7103_93.windows.Address_Management_Tests_US156181_US151165_US151160_US156180_US156178_US151157_US151172_US151170_US151166_US151168" name="Step 2 Should deactivate the created address in earlier step US151165" time="51.745">
      <system-out><![CDATA[
RESULT: undefined
COMMAND: POST /session/c4f16a488098e9dddf5573a2ff081d1c/element - {"using":"xpath","value":"//*[@id=\"__tile33\"]"}
RESULT: {"using":"xpath","value":"//*[@id=\"__tile33\"]"}
COMMAND: POST /session/c4f16a488098e9dddf5573a2ff081d1c/element/f.5FEBC22620E543977CDD67087BE3C0FA.d.FAA73737CDB0D82D65A25EFFB6A3BBD0.e.226/click - {}
RESULT: {}
COMMAND: GET /session/c4f16a488098e9dddf5573a2ff081d1c/screenshot - {}
RESULT: {}
COMMAND: POST /session/c4f16a488098e9dddf5573a2ff081d1c/elements - {"using":"xpath","value":"//span[text()='Error']"}
RESULT: {"using":"xpath","value":"//span[text()='Error']"}
COMMAND: POST /session/c4f16a488098e9dddf5573a2ff081d1c/element - {"using":"xpath","value":"//button[@data-kt=\"addButton\"]"}
RESULT: {"using":"xpath","value":"//button[@data-kt=\"addButton\"]"}
COMMAND: POST /session/c4f16a488098e9dddf5573a2ff081d1c/elements - {"using":"xpath","value":"//button[@data-kt=\"addButton\"]"}
RESULT: {"using":"xpath","value":"//button[@data-kt=\"addButton\"]"}
COMMAND: POST /session/c4f16a488098e9dddf5573a2ff081d1c/execute/sync - {"script":"<script> [8489 bytes]","args":[{"element-6066-11e4-a52e-4f735466cecf":"f.5FEBC22620E543977CDD67087BE3C0FA.d.FAA73737CDB0D82D65A25EFFB6A3BBD0.e.673","ELEMENT":"f.5FEBC22620E543977CDD67087BE3C0FA.d.FAA73737CDB0D82D65A25EFFB6A3BBD0.e.673"}]}
RESULT: {"script":"<script> [8489 bytes]","args":[{"element-6066-11e4-a52e-4f735466cecf":"f.5FEBC22620E543977CDD67087BE3C0FA.d.FAA73737CDB0D82D65A25EFFB6A3BBD0.e.673","ELEMENT":"f.5FEBC22620E543977CDD67087BE3C0FA.d.FAA73737CDB0D82D65A25EFFB6A3BBD0.e.673"}]}
COMMAND: GET /session/c4f16a488098e9dddf5573a2ff081d1c/element/f.5FEBC22620E543977CDD67087BE3C0FA.d.FAA73737CDB0D82D65A25EFFB6A3BBD0.e.673/enabled - {}
COMMAND: GET /session/c4f16a488098e9dddf5573a2ff081d1c/screenshot - {}
RESULT: {}
COMMAND: POST /session/c4f16a488098e9dddf5573a2ff081d1c/execute/sync - {"script":"<script> [8489 bytes]","args":[{"element-6066-11e4-a52e-4f735466cecf":"f.5FEBC22620E543977CDD67087BE3C0FA.d.FAA73737CDB0D82D65A25EFFB6A3BBD0.e.673","ELEMENT":"f.5FEBC22620E543977CDD67087BE3C0FA.d.FAA73737CDB0D82D65A25EFFB6A3BBD0.e.673"}]}
COMMAND: GET /session/c4f16a488098e9dddf5573a2ff081d1c/screenshot - {}
RESULT: {}
RESULT: {"script":"<script> [8489 bytes]","args":[{"element-6066-11e4-a52e-4f735466cecf":"f.5FEBC22620E543977CDD67087BE3C0FA.d.FAA73737CDB0D82D65A25EFFB6A3BBD0.e.673","ELEMENT":"f.5FEBC22620E543977CDD67087BE3C0FA.d.FAA73737CDB0D82D65A25EFFB6A3BBD0.e.673"}]}
COMMAND: POST /session/c4f16a488098e9dddf5573a2ff081d1c/execute/sync - {"script":"<script> [5351 bytes]","args":[{"element-6066-11e4-a52e-4f735466cecf":"f.5FEBC22620E543977CDD67087BE3C0FA.d.FAA73737CDB0D82D65A25EFFB6A3BBD0.e.673","ELEMENT":"f.5FEBC22620E543977CDD67087BE3C0FA.d.FAA73737CDB0D82D65A25EFFB6A3BBD0.e.673"}]}
COMMAND: GET /session/c4f16a488098e9dddf5573a2ff081d1c/screenshot - {}
RESULT: {}
RESULT: {"script":"<script> [5351 bytes]","args":[{"element-6066-11e4-a52e-4f735466cecf":"f.5FEBC22620E543977CDD67087BE3C0FA.d.FAA73737CDB0D82D65A25EFFB6A3BBD0.e.673","ELEMENT":"f.5FEBC22620E543977CDD67087BE3C0FA.d.FAA73737CDB0D82D65A25EFFB6A3BBD0.e.673"}]}
COMMAND: GET /session/c4f16a488098e9dddf5573a2ff081d1c/screenshot - {}
RESULT: {}
RESULT: {}
RESULT: undefined
COMMAND: POST /session/c4f16a488098e9dddf5573a2ff081d1c/execute/async - {"script":"<script> [776 bytes]","args":[{"enterText":"MwgOKmxyk5","selector":{"id":"application-addressmanagement-display-component---masterAdm--smartFilterBar-btnBasicSearch","interaction":{"idSuffix":"I"}},"clearTextFirst":true,"interactionType":"ENTER_TEXT"}]}
RESULT: {"script":"<script> [776 bytes]","args":[{"enterText":"MwgOKmxyk5","selector":{"id":"application-addressmanagement-display-component---masterAdm--smartFilterBar-btnBasicSearch","interaction":{"idSuffix":"I"}},"clearTextFirst":true,"interactionType":"ENTER_TEXT"}]}
COMMAND: POST /session/c4f16a488098e9dddf5573a2ff081d1c/actions - {"actions":[{"id":"action2","type":"key","parameters":{},"actions":[{"type":"keyDown","value":""},{"type":"pause","duration":10},{"type":"keyUp","value":""}]}]}
RESULT: {"actions":[{"id":"action2","type":"key","parameters":{},"actions":[{"type":"keyDown","value":""},{"type":"pause","duration":10},{"type":"keyUp","value":""}]}]}
COMMAND: GET /session/c4f16a488098e9dddf5573a2ff081d1c/screenshot - {}
RESULT: {}
COMMAND: POST /session/c4f16a488098e9dddf5573a2ff081d1c/elements - {"using":"xpath","value":"//table[contains(@id, \"customPersonsAddressesTable-listUl\")]/tbody/tr"}
RESULT: {"using":"xpath","value":"//table[contains(@id, \"customPersonsAddressesTable-listUl\")]/tbody/tr"}
COMMAND: POST /session/c4f16a488098e9dddf5573a2ff081d1c/element - {"using":"xpath","value":"//table[contains(@id, \"customPersonsAddressesTable-listUl\")]/tbody/tr[1]/td[5]/span/span"}
RESULT: {"using":"xpath","value":"//table[contains(@id, \"customPersonsAddressesTable-listUl\")]/tbody/tr[1]/td[5]/span/span"}
COMMAND: POST /session/c4f16a488098e9dddf5573a2ff081d1c/element - {"using":"xpath","value":"//table[contains(@id, \"customPersonsAddressesTable-listUl\")]/tbody/tr[1]/td[3]/span"}
RESULT: {"using":"xpath","value":"//table[contains(@id, \"customPersonsAddressesTable-listUl\")]/tbody/tr[1]/td[3]/span"}
COMMAND: POST /session/c4f16a488098e9dddf5573a2ff081d1c/elements - {"using":"xpath","value":"//table[contains(@id, \"customPersonsAddressesTable-listUl\")]/tbody/tr[1]/td[5]/span/span"}
RESULT: {"using":"xpath","value":"//table[contains(@id, \"customPersonsAddressesTable-listUl\")]/tbody/tr[1]/td[5]/span/span"}
COMMAND: POST /session/c4f16a488098e9dddf5573a2ff081d1c/execute/sync - {"script":"<script> [56 bytes]","args":[{"element-6066-11e4-a52e-4f735466cecf":"f.5FEBC22620E543977CDD67087BE3C0FA.d.FAA73737CDB0D82D65A25EFFB6A3BBD0.e.819","ELEMENT":"f.5FEBC22620E543977CDD67087BE3C0FA.d.FAA73737CDB0D82D65A25EFFB6A3BBD0.e.819"}]}
RESULT: {"script":"<script> [56 bytes]","args":[{"element-6066-11e4-a52e-4f735466cecf":"f.5FEBC22620E543977CDD67087BE3C0FA.d.FAA73737CDB0D82D65A25EFFB6A3BBD0.e.819","ELEMENT":"f.5FEBC22620E543977CDD67087BE3C0FA.d.FAA73737CDB0D82D65A25EFFB6A3BBD0.e.819"}]}
COMMAND: POST /session/c4f16a488098e9dddf5573a2ff081d1c/execute/sync - {"script":"<script> [56 bytes]","args":[{"element-6066-11e4-a52e-4f735466cecf":"f.5FEBC22620E543977CDD67087BE3C0FA.d.FAA73737CDB0D82D65A25EFFB6A3BBD0.e.820","ELEMENT":"f.5FEBC22620E543977CDD67087BE3C0FA.d.FAA73737CDB0D82D65A25EFFB6A3BBD0.e.820"}]}
COMMAND: GET /session/c4f16a488098e9dddf5573a2ff081d1c/screenshot - {}
RESULT: {"script":"<script> [56 bytes]","args":[{"element-6066-11e4-a52e-4f735466cecf":"f.5FEBC22620E543977CDD67087BE3C0FA.d.FAA73737CDB0D82D65A25EFFB6A3BBD0.e.820","ELEMENT":"f.5FEBC22620E543977CDD67087BE3C0FA.d.FAA73737CDB0D82D65A25EFFB6A3BBD0.e.820"}]}
COMMAND: POST /session/c4f16a488098e9dddf5573a2ff081d1c/element - {"using":"xpath","value":"//table[contains(@id, \"customPersonsAddressesTable-listUl\")]/tbody/tr[1]/td[10]/div/span"}
COMMAND: GET /session/c4f16a488098e9dddf5573a2ff081d1c/screenshot - {}
RESULT: {}
RESULT: {"using":"xpath","value":"//table[contains(@id, \"customPersonsAddressesTable-listUl\")]/tbody/tr[1]/td[10]/div/span"}
COMMAND: POST /session/c4f16a488098e9dddf5573a2ff081d1c/execute/sync - {"script":"<script> [56 bytes]","args":[{"element-6066-11e4-a52e-4f735466cecf":"f.5FEBC22620E543977CDD67087BE3C0FA.d.FAA73737CDB0D82D65A25EFFB6A3BBD0.e.821","ELEMENT":"f.5FEBC22620E543977CDD67087BE3C0FA.d.FAA73737CDB0D82D65A25EFFB6A3BBD0.e.821"}]}
RESULT: {}
RESULT: {"script":"<script> [56 bytes]","args":[{"element-6066-11e4-a52e-4f735466cecf":"f.5FEBC22620E543977CDD67087BE3C0FA.d.FAA73737CDB0D82D65A25EFFB6A3BBD0.e.821","ELEMENT":"f.5FEBC22620E543977CDD67087BE3C0FA.d.FAA73737CDB0D82D65A25EFFB6A3BBD0.e.821"}]}
COMMAND: POST /session/c4f16a488098e9dddf5573a2ff081d1c/element - {"using":"xpath","value":"//table[contains(@id, \"customPersonsAddressesTable-listUl\")]/tbody/tr[1]/td[2]/div/div"}
COMMAND: GET /session/c4f16a488098e9dddf5573a2ff081d1c/screenshot - {}
RESULT: {"using":"xpath","value":"//table[contains(@id, \"customPersonsAddressesTable-listUl\")]/tbody/tr[1]/td[2]/div/div"}
COMMAND: POST /session/c4f16a488098e9dddf5573a2ff081d1c/element/f.5FEBC22620E543977CDD67087BE3C0FA.d.FAA73737CDB0D82D65A25EFFB6A3BBD0.e.822/click - {}
RESULT: {}
RESULT: {}
COMMAND: GET /session/c4f16a488098e9dddf5573a2ff081d1c/screenshot - {}
RESULT: {}
COMMAND: POST /session/c4f16a488098e9dddf5573a2ff081d1c/element - {"using":"xpath","value":"//bdi[contains(text(), \"Deactivate\")]"}
RESULT: {"using":"xpath","value":"//bdi[contains(text(), \"Deactivate\")]"}
COMMAND: POST /session/c4f16a488098e9dddf5573a2ff081d1c/element/f.5FEBC22620E543977CDD67087BE3C0FA.d.FAA73737CDB0D82D65A25EFFB6A3BBD0.e.823/click - {}
RESULT: {}
COMMAND: GET /session/c4f16a488098e9dddf5573a2ff081d1c/screenshot - {}
RESULT: {}
COMMAND: POST /session/c4f16a488098e9dddf5573a2ff081d1c/element - {"using":"xpath","value":"//bdi[contains(text(), \"Yes\")]"}
RESULT: {"using":"xpath","value":"//bdi[contains(text(), \"Yes\")]"}
COMMAND: POST /session/c4f16a488098e9dddf5573a2ff081d1c/element/f.5FEBC22620E543977CDD67087BE3C0FA.d.FAA73737CDB0D82D65A25EFFB6A3BBD0.e.825/click - {}
RESULT: {}
COMMAND: GET /session/c4f16a488098e9dddf5573a2ff081d1c/screenshot - {}
RESULT: {}
COMMAND: POST /session/c4f16a488098e9dddf5573a2ff081d1c/element - {"using":"xpath","value":"//table[contains(@id, \"customPersonsAddressesTable-listUl\")]/tbody/tr[1]/td[10]/div/span"}
RESULT: {"using":"xpath","value":"//table[contains(@id, \"customPersonsAddressesTable-listUl\")]/tbody/tr[1]/td[10]/div/span"}
COMMAND: POST /session/c4f16a488098e9dddf5573a2ff081d1c/execute/sync - {"script":"<script> [56 bytes]","args":[{"element-6066-11e4-a52e-4f735466cecf":"f.5FEBC22620E543977CDD67087BE3C0FA.d.FAA73737CDB0D82D65A25EFFB6A3BBD0.e.821","ELEMENT":"f.5FEBC22620E543977CDD67087BE3C0FA.d.FAA73737CDB0D82D65A25EFFB6A3BBD0.e.821"}]}
RESULT: {"script":"<script> [56 bytes]","args":[{"element-6066-11e4-a52e-4f735466cecf":"f.5FEBC22620E543977CDD67087BE3C0FA.d.FAA73737CDB0D82D65A25EFFB6A3BBD0.e.821","ELEMENT":"f.5FEBC22620E543977CDD67087BE3C0FA.d.FAA73737CDB0D82D65A25EFFB6A3BBD0.e.821"}]}
COMMAND: GET /session/c4f16a488098e9dddf5573a2ff081d1c/screenshot - {}
RESULT: {}
COMMAND: POST /session/c4f16a488098e9dddf5573a2ff081d1c/element - {"using":"css selector","value":"#shell-header-logo"}
RESULT: {"using":"css selector","value":"#shell-header-logo"}
COMMAND: POST /session/c4f16a488098e9dddf5573a2ff081d1c/element/f.5FEBC22620E543977CDD67087BE3C0FA.d.FAA73737CDB0D82D65A25EFFB6A3BBD0.e.631/click - {}
RESULT: {}
COMMAND: GET /session/c4f16a488098e9dddf5573a2ff081d1c/screenshot - {}
RESULT: {}
]]></system-out>
    </testcase>
    <testcase classname="chrome.136_0_7103_93.windows.Address_Management_Tests_US156181_US151165_US151160_US156180_US156178_US151157_US151172_US151170_US151166_US151168" name="Step 3 Should activate the created address back again US151160" time="52.879">
      <system-out><![CDATA[
RESULT: undefined
COMMAND: POST /session/c4f16a488098e9dddf5573a2ff081d1c/element - {"using":"xpath","value":"//*[@id=\"__tile33\"]"}
RESULT: {"using":"xpath","value":"//*[@id=\"__tile33\"]"}
COMMAND: POST /session/c4f16a488098e9dddf5573a2ff081d1c/element/f.5FEBC22620E543977CDD67087BE3C0FA.d.FAA73737CDB0D82D65A25EFFB6A3BBD0.e.226/click - {}
RESULT: {}
COMMAND: GET /session/c4f16a488098e9dddf5573a2ff081d1c/screenshot - {}
RESULT: {}
COMMAND: POST /session/c4f16a488098e9dddf5573a2ff081d1c/elements - {"using":"xpath","value":"//span[text()='Error']"}
RESULT: {"using":"xpath","value":"//span[text()='Error']"}
COMMAND: POST /session/c4f16a488098e9dddf5573a2ff081d1c/element - {"using":"xpath","value":"//button[@data-kt=\"addButton\"]"}
RESULT: {"using":"xpath","value":"//button[@data-kt=\"addButton\"]"}
COMMAND: POST /session/c4f16a488098e9dddf5573a2ff081d1c/elements - {"using":"xpath","value":"//button[@data-kt=\"addButton\"]"}
RESULT: {"using":"xpath","value":"//button[@data-kt=\"addButton\"]"}
COMMAND: POST /session/c4f16a488098e9dddf5573a2ff081d1c/execute/sync - {"script":"<script> [8489 bytes]","args":[{"element-6066-11e4-a52e-4f735466cecf":"f.5FEBC22620E543977CDD67087BE3C0FA.d.FAA73737CDB0D82D65A25EFFB6A3BBD0.e.875","ELEMENT":"f.5FEBC22620E543977CDD67087BE3C0FA.d.FAA73737CDB0D82D65A25EFFB6A3BBD0.e.875"}]}
RESULT: {"script":"<script> [8489 bytes]","args":[{"element-6066-11e4-a52e-4f735466cecf":"f.5FEBC22620E543977CDD67087BE3C0FA.d.FAA73737CDB0D82D65A25EFFB6A3BBD0.e.875","ELEMENT":"f.5FEBC22620E543977CDD67087BE3C0FA.d.FAA73737CDB0D82D65A25EFFB6A3BBD0.e.875"}]}
COMMAND: GET /session/c4f16a488098e9dddf5573a2ff081d1c/element/f.5FEBC22620E543977CDD67087BE3C0FA.d.FAA73737CDB0D82D65A25EFFB6A3BBD0.e.875/enabled - {}
COMMAND: GET /session/c4f16a488098e9dddf5573a2ff081d1c/screenshot - {}
RESULT: {}
COMMAND: POST /session/c4f16a488098e9dddf5573a2ff081d1c/execute/sync - {"script":"<script> [8489 bytes]","args":[{"element-6066-11e4-a52e-4f735466cecf":"f.5FEBC22620E543977CDD67087BE3C0FA.d.FAA73737CDB0D82D65A25EFFB6A3BBD0.e.875","ELEMENT":"f.5FEBC22620E543977CDD67087BE3C0FA.d.FAA73737CDB0D82D65A25EFFB6A3BBD0.e.875"}]}
COMMAND: GET /session/c4f16a488098e9dddf5573a2ff081d1c/screenshot - {}
RESULT: {}
RESULT: {}
RESULT: {"script":"<script> [8489 bytes]","args":[{"element-6066-11e4-a52e-4f735466cecf":"f.5FEBC22620E543977CDD67087BE3C0FA.d.FAA73737CDB0D82D65A25EFFB6A3BBD0.e.875","ELEMENT":"f.5FEBC22620E543977CDD67087BE3C0FA.d.FAA73737CDB0D82D65A25EFFB6A3BBD0.e.875"}]}
COMMAND: POST /session/c4f16a488098e9dddf5573a2ff081d1c/execute/sync - {"script":"<script> [5351 bytes]","args":[{"element-6066-11e4-a52e-4f735466cecf":"f.5FEBC22620E543977CDD67087BE3C0FA.d.FAA73737CDB0D82D65A25EFFB6A3BBD0.e.875","ELEMENT":"f.5FEBC22620E543977CDD67087BE3C0FA.d.FAA73737CDB0D82D65A25EFFB6A3BBD0.e.875"}]}
COMMAND: GET /session/c4f16a488098e9dddf5573a2ff081d1c/screenshot - {}
RESULT: {"script":"<script> [5351 bytes]","args":[{"element-6066-11e4-a52e-4f735466cecf":"f.5FEBC22620E543977CDD67087BE3C0FA.d.FAA73737CDB0D82D65A25EFFB6A3BBD0.e.875","ELEMENT":"f.5FEBC22620E543977CDD67087BE3C0FA.d.FAA73737CDB0D82D65A25EFFB6A3BBD0.e.875"}]}
COMMAND: GET /session/c4f16a488098e9dddf5573a2ff081d1c/screenshot - {}
RESULT: {}
RESULT: {}
RESULT: undefined
COMMAND: POST /session/c4f16a488098e9dddf5573a2ff081d1c/execute/async - {"script":"<script> [776 bytes]","args":[{"enterText":"MwgOKmxyk5","selector":{"id":"application-addressmanagement-display-component---masterAdm--smartFilterBar-btnBasicSearch","interaction":{"idSuffix":"I"}},"clearTextFirst":true,"interactionType":"ENTER_TEXT"}]}
RESULT: {"script":"<script> [776 bytes]","args":[{"enterText":"MwgOKmxyk5","selector":{"id":"application-addressmanagement-display-component---masterAdm--smartFilterBar-btnBasicSearch","interaction":{"idSuffix":"I"}},"clearTextFirst":true,"interactionType":"ENTER_TEXT"}]}
COMMAND: POST /session/c4f16a488098e9dddf5573a2ff081d1c/actions - {"actions":[{"id":"action3","type":"key","parameters":{},"actions":[{"type":"keyDown","value":""},{"type":"pause","duration":10},{"type":"keyUp","value":""}]}]}
RESULT: {"actions":[{"id":"action3","type":"key","parameters":{},"actions":[{"type":"keyDown","value":""},{"type":"pause","duration":10},{"type":"keyUp","value":""}]}]}
COMMAND: GET /session/c4f16a488098e9dddf5573a2ff081d1c/screenshot - {}
RESULT: {}
COMMAND: POST /session/c4f16a488098e9dddf5573a2ff081d1c/elements - {"using":"xpath","value":"//table[contains(@id, \"customPersonsAddressesTable-listUl\")]/tbody/tr"}
RESULT: {"using":"xpath","value":"//table[contains(@id, \"customPersonsAddressesTable-listUl\")]/tbody/tr"}
COMMAND: POST /session/c4f16a488098e9dddf5573a2ff081d1c/element - {"using":"xpath","value":"//table[contains(@id, \"customPersonsAddressesTable-listUl\")]/tbody/tr[1]/td[5]/span/span"}
RESULT: {"using":"xpath","value":"//table[contains(@id, \"customPersonsAddressesTable-listUl\")]/tbody/tr[1]/td[5]/span/span"}
COMMAND: POST /session/c4f16a488098e9dddf5573a2ff081d1c/element - {"using":"xpath","value":"//table[contains(@id, \"customPersonsAddressesTable-listUl\")]/tbody/tr[1]/td[3]/span"}
RESULT: {"using":"xpath","value":"//table[contains(@id, \"customPersonsAddressesTable-listUl\")]/tbody/tr[1]/td[3]/span"}
COMMAND: POST /session/c4f16a488098e9dddf5573a2ff081d1c/elements - {"using":"xpath","value":"//table[contains(@id, \"customPersonsAddressesTable-listUl\")]/tbody/tr[1]/td[5]/span/span"}
RESULT: {"using":"xpath","value":"//table[contains(@id, \"customPersonsAddressesTable-listUl\")]/tbody/tr[1]/td[5]/span/span"}
COMMAND: POST /session/c4f16a488098e9dddf5573a2ff081d1c/execute/sync - {"script":"<script> [56 bytes]","args":[{"element-6066-11e4-a52e-4f735466cecf":"f.5FEBC22620E543977CDD67087BE3C0FA.d.FAA73737CDB0D82D65A25EFFB6A3BBD0.e.1021","ELEMENT":"f.5FEBC22620E543977CDD67087BE3C0FA.d.FAA73737CDB0D82D65A25EFFB6A3BBD0.e.1021"}]}
RESULT: {"script":"<script> [56 bytes]","args":[{"element-6066-11e4-a52e-4f735466cecf":"f.5FEBC22620E543977CDD67087BE3C0FA.d.FAA73737CDB0D82D65A25EFFB6A3BBD0.e.1021","ELEMENT":"f.5FEBC22620E543977CDD67087BE3C0FA.d.FAA73737CDB0D82D65A25EFFB6A3BBD0.e.1021"}]}
COMMAND: POST /session/c4f16a488098e9dddf5573a2ff081d1c/execute/sync - {"script":"<script> [56 bytes]","args":[{"element-6066-11e4-a52e-4f735466cecf":"f.5FEBC22620E543977CDD67087BE3C0FA.d.FAA73737CDB0D82D65A25EFFB6A3BBD0.e.1022","ELEMENT":"f.5FEBC22620E543977CDD67087BE3C0FA.d.FAA73737CDB0D82D65A25EFFB6A3BBD0.e.1022"}]}
COMMAND: GET /session/c4f16a488098e9dddf5573a2ff081d1c/screenshot - {}
RESULT: {"script":"<script> [56 bytes]","args":[{"element-6066-11e4-a52e-4f735466cecf":"f.5FEBC22620E543977CDD67087BE3C0FA.d.FAA73737CDB0D82D65A25EFFB6A3BBD0.e.1022","ELEMENT":"f.5FEBC22620E543977CDD67087BE3C0FA.d.FAA73737CDB0D82D65A25EFFB6A3BBD0.e.1022"}]}
COMMAND: POST /session/c4f16a488098e9dddf5573a2ff081d1c/element - {"using":"xpath","value":"//table[contains(@id, \"customPersonsAddressesTable-listUl\")]/tbody/tr[1]/td[10]/div/span"}
COMMAND: GET /session/c4f16a488098e9dddf5573a2ff081d1c/screenshot - {}
RESULT: {}
RESULT: {"using":"xpath","value":"//table[contains(@id, \"customPersonsAddressesTable-listUl\")]/tbody/tr[1]/td[10]/div/span"}
COMMAND: POST /session/c4f16a488098e9dddf5573a2ff081d1c/execute/sync - {"script":"<script> [56 bytes]","args":[{"element-6066-11e4-a52e-4f735466cecf":"f.5FEBC22620E543977CDD67087BE3C0FA.d.FAA73737CDB0D82D65A25EFFB6A3BBD0.e.1023","ELEMENT":"f.5FEBC22620E543977CDD67087BE3C0FA.d.FAA73737CDB0D82D65A25EFFB6A3BBD0.e.1023"}]}
RESULT: {}
RESULT: {"script":"<script> [56 bytes]","args":[{"element-6066-11e4-a52e-4f735466cecf":"f.5FEBC22620E543977CDD67087BE3C0FA.d.FAA73737CDB0D82D65A25EFFB6A3BBD0.e.1023","ELEMENT":"f.5FEBC22620E543977CDD67087BE3C0FA.d.FAA73737CDB0D82D65A25EFFB6A3BBD0.e.1023"}]}
COMMAND: POST /session/c4f16a488098e9dddf5573a2ff081d1c/element - {"using":"xpath","value":"//table[contains(@id, \"customPersonsAddressesTable-listUl\")]/tbody/tr[1]/td[2]/div/div"}
COMMAND: GET /session/c4f16a488098e9dddf5573a2ff081d1c/screenshot - {}
RESULT: {"using":"xpath","value":"//table[contains(@id, \"customPersonsAddressesTable-listUl\")]/tbody/tr[1]/td[2]/div/div"}
COMMAND: POST /session/c4f16a488098e9dddf5573a2ff081d1c/element/f.5FEBC22620E543977CDD67087BE3C0FA.d.FAA73737CDB0D82D65A25EFFB6A3BBD0.e.1024/click - {}
RESULT: {}
RESULT: {}
COMMAND: GET /session/c4f16a488098e9dddf5573a2ff081d1c/screenshot - {}
RESULT: {}
COMMAND: POST /session/c4f16a488098e9dddf5573a2ff081d1c/element - {"using":"xpath","value":"//bdi[contains(text(), \"Activate\")]"}
RESULT: {"using":"xpath","value":"//bdi[contains(text(), \"Activate\")]"}
COMMAND: POST /session/c4f16a488098e9dddf5573a2ff081d1c/element/f.5FEBC22620E543977CDD67087BE3C0FA.d.FAA73737CDB0D82D65A25EFFB6A3BBD0.e.1025/click - {}
RESULT: {}
COMMAND: GET /session/c4f16a488098e9dddf5573a2ff081d1c/screenshot - {}
RESULT: {}
COMMAND: POST /session/c4f16a488098e9dddf5573a2ff081d1c/element - {"using":"xpath","value":"//bdi[contains(text(), \"Yes\")]"}
RESULT: {"using":"xpath","value":"//bdi[contains(text(), \"Yes\")]"}
COMMAND: POST /session/c4f16a488098e9dddf5573a2ff081d1c/element/f.5FEBC22620E543977CDD67087BE3C0FA.d.FAA73737CDB0D82D65A25EFFB6A3BBD0.e.1027/click - {}
RESULT: {}
COMMAND: GET /session/c4f16a488098e9dddf5573a2ff081d1c/screenshot - {}
RESULT: {}
COMMAND: POST /session/c4f16a488098e9dddf5573a2ff081d1c/element - {"using":"xpath","value":"//table[contains(@id, \"customPersonsAddressesTable-listUl\")]/tbody/tr[1]/td[10]/div/span"}
RESULT: {"using":"xpath","value":"//table[contains(@id, \"customPersonsAddressesTable-listUl\")]/tbody/tr[1]/td[10]/div/span"}
COMMAND: POST /session/c4f16a488098e9dddf5573a2ff081d1c/execute/sync - {"script":"<script> [56 bytes]","args":[{"element-6066-11e4-a52e-4f735466cecf":"f.5FEBC22620E543977CDD67087BE3C0FA.d.FAA73737CDB0D82D65A25EFFB6A3BBD0.e.1023","ELEMENT":"f.5FEBC22620E543977CDD67087BE3C0FA.d.FAA73737CDB0D82D65A25EFFB6A3BBD0.e.1023"}]}
RESULT: {"script":"<script> [56 bytes]","args":[{"element-6066-11e4-a52e-4f735466cecf":"f.5FEBC22620E543977CDD67087BE3C0FA.d.FAA73737CDB0D82D65A25EFFB6A3BBD0.e.1023","ELEMENT":"f.5FEBC22620E543977CDD67087BE3C0FA.d.FAA73737CDB0D82D65A25EFFB6A3BBD0.e.1023"}]}
COMMAND: GET /session/c4f16a488098e9dddf5573a2ff081d1c/screenshot - {}
RESULT: {}
COMMAND: POST /session/c4f16a488098e9dddf5573a2ff081d1c/element - {"using":"css selector","value":"#shell-header-logo"}
RESULT: {"using":"css selector","value":"#shell-header-logo"}
COMMAND: POST /session/c4f16a488098e9dddf5573a2ff081d1c/element/f.5FEBC22620E543977CDD67087BE3C0FA.d.FAA73737CDB0D82D65A25EFFB6A3BBD0.e.833/click - {}
RESULT: {}
COMMAND: GET /session/c4f16a488098e9dddf5573a2ff081d1c/screenshot - {}
RESULT: {}
]]></system-out>
    </testcase>
    <testcase classname="chrome.136_0_7103_93.windows.Address_Management_Tests_US156181_US151165_US151160_US156180_US156178_US151157_US151172_US151170_US151166_US151168" name="Step 4 Should verify searches US156180 edit person and address US156178" time="87.866">
      <system-out><![CDATA[
RESULT: undefined
COMMAND: POST /session/c4f16a488098e9dddf5573a2ff081d1c/element - {"using":"xpath","value":"//*[@id=\"__tile33\"]"}
RESULT: {"using":"xpath","value":"//*[@id=\"__tile33\"]"}
COMMAND: POST /session/c4f16a488098e9dddf5573a2ff081d1c/element/f.5FEBC22620E543977CDD67087BE3C0FA.d.FAA73737CDB0D82D65A25EFFB6A3BBD0.e.226/click - {}
RESULT: {}
COMMAND: GET /session/c4f16a488098e9dddf5573a2ff081d1c/screenshot - {}
RESULT: {}
COMMAND: POST /session/c4f16a488098e9dddf5573a2ff081d1c/elements - {"using":"xpath","value":"//span[text()='Error']"}
RESULT: {"using":"xpath","value":"//span[text()='Error']"}
COMMAND: POST /session/c4f16a488098e9dddf5573a2ff081d1c/element - {"using":"xpath","value":"//button[@data-kt=\"addButton\"]"}
RESULT: {"using":"xpath","value":"//button[@data-kt=\"addButton\"]"}
COMMAND: POST /session/c4f16a488098e9dddf5573a2ff081d1c/elements - {"using":"xpath","value":"//button[@data-kt=\"addButton\"]"}
RESULT: {"using":"xpath","value":"//button[@data-kt=\"addButton\"]"}
COMMAND: POST /session/c4f16a488098e9dddf5573a2ff081d1c/execute/sync - {"script":"<script> [8489 bytes]","args":[{"element-6066-11e4-a52e-4f735466cecf":"f.5FEBC22620E543977CDD67087BE3C0FA.d.FAA73737CDB0D82D65A25EFFB6A3BBD0.e.1076","ELEMENT":"f.5FEBC22620E543977CDD67087BE3C0FA.d.FAA73737CDB0D82D65A25EFFB6A3BBD0.e.1076"}]}
RESULT: {"script":"<script> [8489 bytes]","args":[{"element-6066-11e4-a52e-4f735466cecf":"f.5FEBC22620E543977CDD67087BE3C0FA.d.FAA73737CDB0D82D65A25EFFB6A3BBD0.e.1076","ELEMENT":"f.5FEBC22620E543977CDD67087BE3C0FA.d.FAA73737CDB0D82D65A25EFFB6A3BBD0.e.1076"}]}
COMMAND: GET /session/c4f16a488098e9dddf5573a2ff081d1c/element/f.5FEBC22620E543977CDD67087BE3C0FA.d.FAA73737CDB0D82D65A25EFFB6A3BBD0.e.1076/enabled - {}
COMMAND: GET /session/c4f16a488098e9dddf5573a2ff081d1c/screenshot - {}
RESULT: {}
COMMAND: POST /session/c4f16a488098e9dddf5573a2ff081d1c/execute/sync - {"script":"<script> [8489 bytes]","args":[{"element-6066-11e4-a52e-4f735466cecf":"f.5FEBC22620E543977CDD67087BE3C0FA.d.FAA73737CDB0D82D65A25EFFB6A3BBD0.e.1076","ELEMENT":"f.5FEBC22620E543977CDD67087BE3C0FA.d.FAA73737CDB0D82D65A25EFFB6A3BBD0.e.1076"}]}
COMMAND: GET /session/c4f16a488098e9dddf5573a2ff081d1c/screenshot - {}
RESULT: {}
RESULT: {"script":"<script> [8489 bytes]","args":[{"element-6066-11e4-a52e-4f735466cecf":"f.5FEBC22620E543977CDD67087BE3C0FA.d.FAA73737CDB0D82D65A25EFFB6A3BBD0.e.1076","ELEMENT":"f.5FEBC22620E543977CDD67087BE3C0FA.d.FAA73737CDB0D82D65A25EFFB6A3BBD0.e.1076"}]}
COMMAND: POST /session/c4f16a488098e9dddf5573a2ff081d1c/execute/sync - {"script":"<script> [5351 bytes]","args":[{"element-6066-11e4-a52e-4f735466cecf":"f.5FEBC22620E543977CDD67087BE3C0FA.d.FAA73737CDB0D82D65A25EFFB6A3BBD0.e.1076","ELEMENT":"f.5FEBC22620E543977CDD67087BE3C0FA.d.FAA73737CDB0D82D65A25EFFB6A3BBD0.e.1076"}]}
COMMAND: GET /session/c4f16a488098e9dddf5573a2ff081d1c/screenshot - {}
RESULT: {}
RESULT: {"script":"<script> [5351 bytes]","args":[{"element-6066-11e4-a52e-4f735466cecf":"f.5FEBC22620E543977CDD67087BE3C0FA.d.FAA73737CDB0D82D65A25EFFB6A3BBD0.e.1076","ELEMENT":"f.5FEBC22620E543977CDD67087BE3C0FA.d.FAA73737CDB0D82D65A25EFFB6A3BBD0.e.1076"}]}
COMMAND: GET /session/c4f16a488098e9dddf5573a2ff081d1c/screenshot - {}
RESULT: {}
RESULT: {}
RESULT: undefined
COMMAND: POST /session/c4f16a488098e9dddf5573a2ff081d1c/execute/async - {"script":"<script> [776 bytes]","args":[{"enterText":"MwgOKmxyk5","selector":{"id":"application-addressmanagement-display-component---masterAdm--smartFilterBar-btnBasicSearch","interaction":{"idSuffix":"I"}},"clearTextFirst":true,"interactionType":"ENTER_TEXT"}]}
RESULT: {"script":"<script> [776 bytes]","args":[{"enterText":"MwgOKmxyk5","selector":{"id":"application-addressmanagement-display-component---masterAdm--smartFilterBar-btnBasicSearch","interaction":{"idSuffix":"I"}},"clearTextFirst":true,"interactionType":"ENTER_TEXT"}]}
COMMAND: POST /session/c4f16a488098e9dddf5573a2ff081d1c/actions - {"actions":[{"id":"action4","type":"key","parameters":{},"actions":[{"type":"keyDown","value":""},{"type":"pause","duration":10},{"type":"keyUp","value":""}]}]}
RESULT: {"actions":[{"id":"action4","type":"key","parameters":{},"actions":[{"type":"keyDown","value":""},{"type":"pause","duration":10},{"type":"keyUp","value":""}]}]}
COMMAND: GET /session/c4f16a488098e9dddf5573a2ff081d1c/screenshot - {}
RESULT: {}
COMMAND: POST /session/c4f16a488098e9dddf5573a2ff081d1c/elements - {"using":"xpath","value":"//table[contains(@id, \"customPersonsAddressesTable-listUl\")]/tbody/tr"}
RESULT: {"using":"xpath","value":"//table[contains(@id, \"customPersonsAddressesTable-listUl\")]/tbody/tr"}
COMMAND: POST /session/c4f16a488098e9dddf5573a2ff081d1c/element - {"using":"xpath","value":"//table[contains(@id, \"customPersonsAddressesTable-listUl\")]/tbody/tr[1]/td[5]/span/span"}
RESULT: {"using":"xpath","value":"//table[contains(@id, \"customPersonsAddressesTable-listUl\")]/tbody/tr[1]/td[5]/span/span"}
COMMAND: POST /session/c4f16a488098e9dddf5573a2ff081d1c/element - {"using":"xpath","value":"//table[contains(@id, \"customPersonsAddressesTable-listUl\")]/tbody/tr[1]/td[3]/span"}
RESULT: {"using":"xpath","value":"//table[contains(@id, \"customPersonsAddressesTable-listUl\")]/tbody/tr[1]/td[3]/span"}
COMMAND: POST /session/c4f16a488098e9dddf5573a2ff081d1c/elements - {"using":"xpath","value":"//table[contains(@id, \"customPersonsAddressesTable-listUl\")]/tbody/tr[1]/td[5]/span/span"}
RESULT: {"using":"xpath","value":"//table[contains(@id, \"customPersonsAddressesTable-listUl\")]/tbody/tr[1]/td[5]/span/span"}
COMMAND: POST /session/c4f16a488098e9dddf5573a2ff081d1c/execute/sync - {"script":"<script> [56 bytes]","args":[{"element-6066-11e4-a52e-4f735466cecf":"f.5FEBC22620E543977CDD67087BE3C0FA.d.FAA73737CDB0D82D65A25EFFB6A3BBD0.e.1222","ELEMENT":"f.5FEBC22620E543977CDD67087BE3C0FA.d.FAA73737CDB0D82D65A25EFFB6A3BBD0.e.1222"}]}
RESULT: {"script":"<script> [56 bytes]","args":[{"element-6066-11e4-a52e-4f735466cecf":"f.5FEBC22620E543977CDD67087BE3C0FA.d.FAA73737CDB0D82D65A25EFFB6A3BBD0.e.1222","ELEMENT":"f.5FEBC22620E543977CDD67087BE3C0FA.d.FAA73737CDB0D82D65A25EFFB6A3BBD0.e.1222"}]}
COMMAND: POST /session/c4f16a488098e9dddf5573a2ff081d1c/execute/sync - {"script":"<script> [56 bytes]","args":[{"element-6066-11e4-a52e-4f735466cecf":"f.5FEBC22620E543977CDD67087BE3C0FA.d.FAA73737CDB0D82D65A25EFFB6A3BBD0.e.1223","ELEMENT":"f.5FEBC22620E543977CDD67087BE3C0FA.d.FAA73737CDB0D82D65A25EFFB6A3BBD0.e.1223"}]}
COMMAND: GET /session/c4f16a488098e9dddf5573a2ff081d1c/screenshot - {}
RESULT: {"script":"<script> [56 bytes]","args":[{"element-6066-11e4-a52e-4f735466cecf":"f.5FEBC22620E543977CDD67087BE3C0FA.d.FAA73737CDB0D82D65A25EFFB6A3BBD0.e.1223","ELEMENT":"f.5FEBC22620E543977CDD67087BE3C0FA.d.FAA73737CDB0D82D65A25EFFB6A3BBD0.e.1223"}]}
COMMAND: POST /session/c4f16a488098e9dddf5573a2ff081d1c/element - {"using":"xpath","value":"(//span[contains(@id, \"imgNav\")])[1]"}
COMMAND: GET /session/c4f16a488098e9dddf5573a2ff081d1c/screenshot - {}
RESULT: {}
RESULT: {"using":"xpath","value":"(//span[contains(@id, \"imgNav\")])[1]"}
COMMAND: POST /session/c4f16a488098e9dddf5573a2ff081d1c/element/f.5FEBC22620E543977CDD67087BE3C0FA.d.FAA73737CDB0D82D65A25EFFB6A3BBD0.e.1220/click - {}
RESULT: {}
RESULT: {}
COMMAND: GET /session/c4f16a488098e9dddf5573a2ff081d1c/screenshot - {}
RESULT: {}
COMMAND: POST /session/c4f16a488098e9dddf5573a2ff081d1c/element - {"using":"xpath","value":"//bdi[contains(text(), \"Edit\")]"}
RESULT: {"using":"xpath","value":"//bdi[contains(text(), \"Edit\")]"}
COMMAND: POST /session/c4f16a488098e9dddf5573a2ff081d1c/element/f.5FEBC22620E543977CDD67087BE3C0FA.d.FAA73737CDB0D82D65A25EFFB6A3BBD0.e.1346/click - {}
RESULT: {}
COMMAND: GET /session/c4f16a488098e9dddf5573a2ff081d1c/screenshot - {}
RESULT: {}
COMMAND: POST /session/c4f16a488098e9dddf5573a2ff081d1c/execute/async - {"script":"<script> [1562 bytes]","args":[{"selector":{"controlType":"sap.ui.core.Icon","viewName":"etm.portal.ui.addressmanagement.view.EditDetail","properties":{"src":{"regex":{"source":"slim\\-arrow\\-down"}}},"ancestor":{"id":"addressTitle","viewName":"etm.portal.ui.addressmanagement.view.EditDetail"}},"wdio_ui5_key":"etmportal.ui.addressmanagement.view.EditDetailsap.ui.core.Icon{\"src\":{\"regex\":{\"source\":\"slim\\\\-arrow\\\\-down\"}}}{\"id\":\"addressTitle\",\"viewName\":\"etm.portal.ui.addressmanagement.view.EditDetail\"}"}]}
RESULT: {"script":"<script> [1562 bytes]","args":[{"selector":{"controlType":"sap.ui.core.Icon","viewName":"etm.portal.ui.addressmanagement.view.EditDetail","properties":{"src":{"regex":{"source":"slim\\-arrow\\-down"}}},"ancestor":{"id":"addressTitle","viewName":"etm.portal.ui.addressmanagement.view.EditDetail"}},"wdio_ui5_key":"etmportal.ui.addressmanagement.view.EditDetailsap.ui.core.Icon{\"src\":{\"regex\":{\"source\":\"slim\\\\-arrow\\\\-down\"}}}{\"id\":\"addressTitle\",\"viewName\":\"etm.portal.ui.addressmanagement.view.EditDetail\"}"}]}
RESULT: undefined
COMMAND: POST /session/c4f16a488098e9dddf5573a2ff081d1c/element - {"using":"xpath","value":"//*[@id=\"__xmlview59--addressTitle-arrow\"]"}
RESULT: {"using":"xpath","value":"//*[@id=\"__xmlview59--addressTitle-arrow\"]"}
COMMAND: POST /session/c4f16a488098e9dddf5573a2ff081d1c/element/f.5FEBC22620E543977CDD67087BE3C0FA.d.FAA73737CDB0D82D65A25EFFB6A3BBD0.e.1389/click - {}
RESULT: {}
COMMAND: GET /session/c4f16a488098e9dddf5573a2ff081d1c/screenshot - {}
RESULT: {}
COMMAND: POST /session/c4f16a488098e9dddf5573a2ff081d1c/element - {"using":"xpath","value":"//li[.//span[text()=\"Mr.\"]]"}
RESULT: {"using":"xpath","value":"//li[.//span[text()=\"Mr.\"]]"}
COMMAND: POST /session/c4f16a488098e9dddf5573a2ff081d1c/element/f.5FEBC22620E543977CDD67087BE3C0FA.d.FAA73737CDB0D82D65A25EFFB6A3BBD0.e.1391/click - {}
RESULT: {}
COMMAND: GET /session/c4f16a488098e9dddf5573a2ff081d1c/screenshot - {}
RESULT: {}
COMMAND: POST /session/c4f16a488098e9dddf5573a2ff081d1c/execute/async - {"script":"<script> [1562 bytes]","args":[{"selector":{"controlType":"sap.m.Input","viewName":"etm.portal.ui.addressmanagement.view.EditDetail","labelFor":{"text":"Last Name"},"interaction":{"idSuffix":"inner"}},"wdio_ui5_key":"etmportal.ui.addressmanagement.view.EditDetailsap.m.Input{\"text\":\"Last Name\"}"}]}
RESULT: {"script":"<script> [1562 bytes]","args":[{"selector":{"controlType":"sap.m.Input","viewName":"etm.portal.ui.addressmanagement.view.EditDetail","labelFor":{"text":"Last Name"},"interaction":{"idSuffix":"inner"}},"wdio_ui5_key":"etmportal.ui.addressmanagement.view.EditDetailsap.m.Input{\"text\":\"Last Name\"}"}]}
RESULT: undefined
COMMAND: POST /session/c4f16a488098e9dddf5573a2ff081d1c/execute/async - {"script":"<script> [776 bytes]","args":[{"enterText":"EDIT John Cena","selector":{"controlType":"sap.m.Input","viewName":"etm.portal.ui.addressmanagement.view.EditDetail","labelFor":{"text":"Last Name"},"interaction":{"idSuffix":"inner"}},"clearTextFirst":true,"interactionType":"ENTER_TEXT"}]}
RESULT: {"script":"<script> [776 bytes]","args":[{"enterText":"EDIT John Cena","selector":{"controlType":"sap.m.Input","viewName":"etm.portal.ui.addressmanagement.view.EditDetail","labelFor":{"text":"Last Name"},"interaction":{"idSuffix":"inner"}},"clearTextFirst":true,"interactionType":"ENTER_TEXT"}]}
COMMAND: POST /session/c4f16a488098e9dddf5573a2ff081d1c/execute/async - {"script":"<script> [1562 bytes]","args":[{"selector":{"controlType":"sap.ui.core.Icon","viewName":"etm.portal.ui.addressmanagement.view.EditDetail","properties":{"src":{"regex":{"source":"slim\\-arrow\\-down"}}},"ancestor":{"id":"addressDetailDetailsLanguage","viewName":"etm.portal.ui.addressmanagement.view.EditDetail"}},"wdio_ui5_key":"etmportal.ui.addressmanagement.view.EditDetailsap.ui.core.Icon{\"src\":{\"regex\":{\"source\":\"slim\\\\-arrow\\\\-down\"}}}{\"id\":\"addressDetailDetailsLanguage\",\"viewName\":\"etm.portal.ui.addressmanagement.view.EditDetail\"}"}]}
RESULT: {"script":"<script> [1562 bytes]","args":[{"selector":{"controlType":"sap.ui.core.Icon","viewName":"etm.portal.ui.addressmanagement.view.EditDetail","properties":{"src":{"regex":{"source":"slim\\-arrow\\-down"}}},"ancestor":{"id":"addressDetailDetailsLanguage","viewName":"etm.portal.ui.addressmanagement.view.EditDetail"}},"wdio_ui5_key":"etmportal.ui.addressmanagement.view.EditDetailsap.ui.core.Icon{\"src\":{\"regex\":{\"source\":\"slim\\\\-arrow\\\\-down\"}}}{\"id\":\"addressDetailDetailsLanguage\",\"viewName\":\"etm.portal.ui.addressmanagement.view.EditDetail\"}"}]}
RESULT: undefined
COMMAND: POST /session/c4f16a488098e9dddf5573a2ff081d1c/element - {"using":"xpath","value":"//*[@id=\"__xmlview59--addressDetailDetailsLanguage-arrow\"]"}
RESULT: {"using":"xpath","value":"//*[@id=\"__xmlview59--addressDetailDetailsLanguage-arrow\"]"}
COMMAND: POST /session/c4f16a488098e9dddf5573a2ff081d1c/element/f.5FEBC22620E543977CDD67087BE3C0FA.d.FAA73737CDB0D82D65A25EFFB6A3BBD0.e.1394/click - {}
RESULT: {}
COMMAND: GET /session/c4f16a488098e9dddf5573a2ff081d1c/screenshot - {}
RESULT: {}
COMMAND: POST /session/c4f16a488098e9dddf5573a2ff081d1c/element - {"using":"xpath","value":"//span[contains(text(), \"Bulgarian\")]"}
RESULT: {"using":"xpath","value":"//span[contains(text(), \"Bulgarian\")]"}
COMMAND: POST /session/c4f16a488098e9dddf5573a2ff081d1c/element/f.5FEBC22620E543977CDD67087BE3C0FA.d.FAA73737CDB0D82D65A25EFFB6A3BBD0.e.1395/click - {}
RESULT: {}
COMMAND: GET /session/c4f16a488098e9dddf5573a2ff081d1c/screenshot - {}
RESULT: {}
COMMAND: POST /session/c4f16a488098e9dddf5573a2ff081d1c/execute/async - {"script":"<script> [1562 bytes]","args":[{"selector":{"controlType":"sap.m.Input","viewName":"etm.portal.ui.addressmanagement.view.EditDetail","labelFor":{"text":"ZIP/Postal code"},"interaction":{"idSuffix":"inner"}},"wdio_ui5_key":"etmportal.ui.addressmanagement.view.EditDetailsap.m.Input{\"text\":\"ZIP/Postal code\"}"}]}
RESULT: {"script":"<script> [1562 bytes]","args":[{"selector":{"controlType":"sap.m.Input","viewName":"etm.portal.ui.addressmanagement.view.EditDetail","labelFor":{"text":"ZIP/Postal code"},"interaction":{"idSuffix":"inner"}},"wdio_ui5_key":"etmportal.ui.addressmanagement.view.EditDetailsap.m.Input{\"text\":\"ZIP/Postal code\"}"}]}
RESULT: undefined
COMMAND: POST /session/c4f16a488098e9dddf5573a2ff081d1c/execute/async - {"script":"<script> [776 bytes]","args":[{"enterText":"500292","selector":{"controlType":"sap.m.Input","viewName":"etm.portal.ui.addressmanagement.view.EditDetail","labelFor":{"text":"ZIP/Postal code"},"interaction":{"idSuffix":"inner"}},"clearTextFirst":true,"interactionType":"ENTER_TEXT"}]}
RESULT: {"script":"<script> [776 bytes]","args":[{"enterText":"500292","selector":{"controlType":"sap.m.Input","viewName":"etm.portal.ui.addressmanagement.view.EditDetail","labelFor":{"text":"ZIP/Postal code"},"interaction":{"idSuffix":"inner"}},"clearTextFirst":true,"interactionType":"ENTER_TEXT"}]}
COMMAND: POST /session/c4f16a488098e9dddf5573a2ff081d1c/execute/async - {"script":"<script> [1562 bytes]","args":[{"selector":{"id":"addressDetailContactsEmail","viewName":"etm.portal.ui.addressmanagement.view.EditDetail","interaction":{"idSuffix":"inner"}},"wdio_ui5_key":"addressDetailContactsEmailetmportal.ui.addressmanagement.view.EditDetail"}]}
RESULT: {"script":"<script> [1562 bytes]","args":[{"selector":{"id":"addressDetailContactsEmail","viewName":"etm.portal.ui.addressmanagement.view.EditDetail","interaction":{"idSuffix":"inner"}},"wdio_ui5_key":"addressDetailContactsEmailetmportal.ui.addressmanagement.view.EditDetail"}]}
RESULT: undefined
COMMAND: POST /session/c4f16a488098e9dddf5573a2ff081d1c/execute/async - {"script":"<script> [776 bytes]","args":[{"enterText":"webdriverrules@emailfake.com","selector":{"id":"addressDetailContactsEmail","viewName":"etm.portal.ui.addressmanagement.view.EditDetail","interaction":{"idSuffix":"inner"}},"clearTextFirst":true,"interactionType":"ENTER_TEXT"}]}
RESULT: {"script":"<script> [776 bytes]","args":[{"enterText":"webdriverrules@emailfake.com","selector":{"id":"addressDetailContactsEmail","viewName":"etm.portal.ui.addressmanagement.view.EditDetail","interaction":{"idSuffix":"inner"}},"clearTextFirst":true,"interactionType":"ENTER_TEXT"}]}
COMMAND: POST /session/c4f16a488098e9dddf5573a2ff081d1c/execute/async - {"script":"<script> [1562 bytes]","args":[{"selector":{"id":"addressUserJobTitle","viewName":"etm.portal.ui.addressmanagement.view.EditDetail","interaction":{"idSuffix":"inner"}},"wdio_ui5_key":"addressUserJobTitleetmportal.ui.addressmanagement.view.EditDetail"}]}
RESULT: {"script":"<script> [1562 bytes]","args":[{"selector":{"id":"addressUserJobTitle","viewName":"etm.portal.ui.addressmanagement.view.EditDetail","interaction":{"idSuffix":"inner"}},"wdio_ui5_key":"addressUserJobTitleetmportal.ui.addressmanagement.view.EditDetail"}]}
RESULT: undefined
COMMAND: POST /session/c4f16a488098e9dddf5573a2ff081d1c/execute/async - {"script":"<script> [776 bytes]","args":[{"enterText":"director","selector":{"id":"addressUserJobTitle","viewName":"etm.portal.ui.addressmanagement.view.EditDetail","interaction":{"idSuffix":"inner"}},"clearTextFirst":true,"interactionType":"ENTER_TEXT"}]}
RESULT: {"script":"<script> [776 bytes]","args":[{"enterText":"director","selector":{"id":"addressUserJobTitle","viewName":"etm.portal.ui.addressmanagement.view.EditDetail","interaction":{"idSuffix":"inner"}},"clearTextFirst":true,"interactionType":"ENTER_TEXT"}]}
COMMAND: POST /session/c4f16a488098e9dddf5573a2ff081d1c/execute/async - {"script":"<script> [1562 bytes]","args":[{"selector":{"id":"tagMultiInput","viewName":"etm.portal.ui.addressmanagement.view.EditDetail","interaction":{"idSuffix":"inner"}},"wdio_ui5_key":"tagMultiInputetmportal.ui.addressmanagement.view.EditDetail"}]}
RESULT: {"script":"<script> [1562 bytes]","args":[{"selector":{"id":"tagMultiInput","viewName":"etm.portal.ui.addressmanagement.view.EditDetail","interaction":{"idSuffix":"inner"}},"wdio_ui5_key":"tagMultiInputetmportal.ui.addressmanagement.view.EditDetail"}]}
RESULT: undefined
COMMAND: POST /session/c4f16a488098e9dddf5573a2ff081d1c/execute/async - {"script":"<script> [776 bytes]","args":[{"enterText":"testyTag1","selector":{"id":"tagMultiInput","viewName":"etm.portal.ui.addressmanagement.view.EditDetail","interaction":{"idSuffix":"inner"}},"clearTextFirst":true,"interactionType":"ENTER_TEXT"}]}
RESULT: {"script":"<script> [776 bytes]","args":[{"enterText":"testyTag1","selector":{"id":"tagMultiInput","viewName":"etm.portal.ui.addressmanagement.view.EditDetail","interaction":{"idSuffix":"inner"}},"clearTextFirst":true,"interactionType":"ENTER_TEXT"}]}
COMMAND: POST /session/c4f16a488098e9dddf5573a2ff081d1c/actions - {"actions":[{"id":"action5","type":"key","parameters":{},"actions":[{"type":"keyDown","value":""},{"type":"pause","duration":10},{"type":"keyUp","value":""}]}]}
RESULT: {"actions":[{"id":"action5","type":"key","parameters":{},"actions":[{"type":"keyDown","value":""},{"type":"pause","duration":10},{"type":"keyUp","value":""}]}]}
COMMAND: GET /session/c4f16a488098e9dddf5573a2ff081d1c/screenshot - {}
RESULT: {}
RESULT: undefined
COMMAND: POST /session/c4f16a488098e9dddf5573a2ff081d1c/execute/async - {"script":"<script> [776 bytes]","args":[{"enterText":"taggyTag2","selector":{"id":"tagMultiInput","viewName":"etm.portal.ui.addressmanagement.view.EditDetail","interaction":{"idSuffix":"inner"}},"clearTextFirst":true,"interactionType":"ENTER_TEXT"}]}
RESULT: {"script":"<script> [776 bytes]","args":[{"enterText":"taggyTag2","selector":{"id":"tagMultiInput","viewName":"etm.portal.ui.addressmanagement.view.EditDetail","interaction":{"idSuffix":"inner"}},"clearTextFirst":true,"interactionType":"ENTER_TEXT"}]}
COMMAND: POST /session/c4f16a488098e9dddf5573a2ff081d1c/actions - {"actions":[{"id":"action6","type":"key","parameters":{},"actions":[{"type":"keyDown","value":""},{"type":"pause","duration":10},{"type":"keyUp","value":""}]}]}
RESULT: {"actions":[{"id":"action6","type":"key","parameters":{},"actions":[{"type":"keyDown","value":""},{"type":"pause","duration":10},{"type":"keyUp","value":""}]}]}
COMMAND: GET /session/c4f16a488098e9dddf5573a2ff081d1c/screenshot - {}
RESULT: {}
COMMAND: POST /session/c4f16a488098e9dddf5573a2ff081d1c/element - {"using":"xpath","value":"//button[@data-kt=\"saveButton\"]"}
RESULT: {"using":"xpath","value":"//button[@data-kt=\"saveButton\"]"}
COMMAND: POST /session/c4f16a488098e9dddf5573a2ff081d1c/element/f.5FEBC22620E543977CDD67087BE3C0FA.d.FAA73737CDB0D82D65A25EFFB6A3BBD0.e.1401/click - {}
RESULT: {}
COMMAND: GET /session/c4f16a488098e9dddf5573a2ff081d1c/screenshot - {}
RESULT: {}
COMMAND: POST /session/c4f16a488098e9dddf5573a2ff081d1c/element - {"using":"xpath","value":"//span[@id=\"application-addressmanagement-display-component---detailAdm--addressTitle\"]"}
RESULT: {"using":"xpath","value":"//span[@id=\"application-addressmanagement-display-component---detailAdm--addressTitle\"]"}
COMMAND: POST /session/c4f16a488098e9dddf5573a2ff081d1c/elements - {"using":"xpath","value":"//span[@id=\"application-addressmanagement-display-component---detailAdm--addressTitle\"]"}
RESULT: {"using":"xpath","value":"//span[@id=\"application-addressmanagement-display-component---detailAdm--addressTitle\"]"}
COMMAND: POST /session/c4f16a488098e9dddf5573a2ff081d1c/execute/sync - {"script":"<script> [56 bytes]","args":[{"element-6066-11e4-a52e-4f735466cecf":"f.5FEBC22620E543977CDD67087BE3C0FA.d.FAA73737CDB0D82D65A25EFFB6A3BBD0.e.1420","ELEMENT":"f.5FEBC22620E543977CDD67087BE3C0FA.d.FAA73737CDB0D82D65A25EFFB6A3BBD0.e.1420"}]}
RESULT: {"script":"<script> [56 bytes]","args":[{"element-6066-11e4-a52e-4f735466cecf":"f.5FEBC22620E543977CDD67087BE3C0FA.d.FAA73737CDB0D82D65A25EFFB6A3BBD0.e.1420","ELEMENT":"f.5FEBC22620E543977CDD67087BE3C0FA.d.FAA73737CDB0D82D65A25EFFB6A3BBD0.e.1420"}]}
COMMAND: POST /session/c4f16a488098e9dddf5573a2ff081d1c/element - {"using":"xpath","value":"//span[@id=\"application-addressmanagement-display-component---detailAdm--addressDetailDetailsName2\"]"}
COMMAND: GET /session/c4f16a488098e9dddf5573a2ff081d1c/screenshot - {}
RESULT: {"using":"xpath","value":"//span[@id=\"application-addressmanagement-display-component---detailAdm--addressDetailDetailsName2\"]"}
COMMAND: POST /session/c4f16a488098e9dddf5573a2ff081d1c/elements - {"using":"xpath","value":"//span[@id=\"application-addressmanagement-display-component---detailAdm--addressDetailDetailsName2\"]"}
RESULT: {}
RESULT: {"using":"xpath","value":"//span[@id=\"application-addressmanagement-display-component---detailAdm--addressDetailDetailsName2\"]"}
COMMAND: POST /session/c4f16a488098e9dddf5573a2ff081d1c/execute/sync - {"script":"<script> [56 bytes]","args":[{"element-6066-11e4-a52e-4f735466cecf":"f.5FEBC22620E543977CDD67087BE3C0FA.d.FAA73737CDB0D82D65A25EFFB6A3BBD0.e.1421","ELEMENT":"f.5FEBC22620E543977CDD67087BE3C0FA.d.FAA73737CDB0D82D65A25EFFB6A3BBD0.e.1421"}]}
RESULT: {"script":"<script> [56 bytes]","args":[{"element-6066-11e4-a52e-4f735466cecf":"f.5FEBC22620E543977CDD67087BE3C0FA.d.FAA73737CDB0D82D65A25EFFB6A3BBD0.e.1421","ELEMENT":"f.5FEBC22620E543977CDD67087BE3C0FA.d.FAA73737CDB0D82D65A25EFFB6A3BBD0.e.1421"}]}
COMMAND: POST /session/c4f16a488098e9dddf5573a2ff081d1c/element - {"using":"xpath","value":"//span[@id=\"application-addressmanagement-display-component---detailAdm--addressDetailDetailsLanguage\"]"}
COMMAND: GET /session/c4f16a488098e9dddf5573a2ff081d1c/screenshot - {}
RESULT: {"using":"xpath","value":"//span[@id=\"application-addressmanagement-display-component---detailAdm--addressDetailDetailsLanguage\"]"}
COMMAND: POST /session/c4f16a488098e9dddf5573a2ff081d1c/elements - {"using":"xpath","value":"//span[@id=\"application-addressmanagement-display-component---detailAdm--addressDetailDetailsLanguage\"]"}
RESULT: {}
RESULT: {"using":"xpath","value":"//span[@id=\"application-addressmanagement-display-component---detailAdm--addressDetailDetailsLanguage\"]"}
COMMAND: POST /session/c4f16a488098e9dddf5573a2ff081d1c/execute/sync - {"script":"<script> [56 bytes]","args":[{"element-6066-11e4-a52e-4f735466cecf":"f.5FEBC22620E543977CDD67087BE3C0FA.d.FAA73737CDB0D82D65A25EFFB6A3BBD0.e.1422","ELEMENT":"f.5FEBC22620E543977CDD67087BE3C0FA.d.FAA73737CDB0D82D65A25EFFB6A3BBD0.e.1422"}]}
RESULT: {"script":"<script> [56 bytes]","args":[{"element-6066-11e4-a52e-4f735466cecf":"f.5FEBC22620E543977CDD67087BE3C0FA.d.FAA73737CDB0D82D65A25EFFB6A3BBD0.e.1422","ELEMENT":"f.5FEBC22620E543977CDD67087BE3C0FA.d.FAA73737CDB0D82D65A25EFFB6A3BBD0.e.1422"}]}
COMMAND: POST /session/c4f16a488098e9dddf5573a2ff081d1c/element - {"using":"xpath","value":"//span[@id=\"application-addressmanagement-display-component---detailAdm--addressDetailDetailsZip1\"]"}
COMMAND: GET /session/c4f16a488098e9dddf5573a2ff081d1c/screenshot - {}
RESULT: {"using":"xpath","value":"//span[@id=\"application-addressmanagement-display-component---detailAdm--addressDetailDetailsZip1\"]"}
COMMAND: POST /session/c4f16a488098e9dddf5573a2ff081d1c/elements - {"using":"xpath","value":"//span[@id=\"application-addressmanagement-display-component---detailAdm--addressDetailDetailsZip1\"]"}
RESULT: {}
RESULT: {"using":"xpath","value":"//span[@id=\"application-addressmanagement-display-component---detailAdm--addressDetailDetailsZip1\"]"}
COMMAND: POST /session/c4f16a488098e9dddf5573a2ff081d1c/execute/sync - {"script":"<script> [56 bytes]","args":[{"element-6066-11e4-a52e-4f735466cecf":"f.5FEBC22620E543977CDD67087BE3C0FA.d.FAA73737CDB0D82D65A25EFFB6A3BBD0.e.1423","ELEMENT":"f.5FEBC22620E543977CDD67087BE3C0FA.d.FAA73737CDB0D82D65A25EFFB6A3BBD0.e.1423"}]}
RESULT: {"script":"<script> [56 bytes]","args":[{"element-6066-11e4-a52e-4f735466cecf":"f.5FEBC22620E543977CDD67087BE3C0FA.d.FAA73737CDB0D82D65A25EFFB6A3BBD0.e.1423","ELEMENT":"f.5FEBC22620E543977CDD67087BE3C0FA.d.FAA73737CDB0D82D65A25EFFB6A3BBD0.e.1423"}]}
COMMAND: POST /session/c4f16a488098e9dddf5573a2ff081d1c/element - {"using":"xpath","value":"//span[@id=\"application-addressmanagement-display-component---detailAdm--addressDetailContactsEmail\"]"}
COMMAND: GET /session/c4f16a488098e9dddf5573a2ff081d1c/screenshot - {}
RESULT: {"using":"xpath","value":"//span[@id=\"application-addressmanagement-display-component---detailAdm--addressDetailContactsEmail\"]"}
COMMAND: POST /session/c4f16a488098e9dddf5573a2ff081d1c/elements - {"using":"xpath","value":"//span[@id=\"application-addressmanagement-display-component---detailAdm--addressDetailContactsEmail\"]"}
RESULT: {}
RESULT: {"using":"xpath","value":"//span[@id=\"application-addressmanagement-display-component---detailAdm--addressDetailContactsEmail\"]"}
COMMAND: POST /session/c4f16a488098e9dddf5573a2ff081d1c/execute/sync - {"script":"<script> [56 bytes]","args":[{"element-6066-11e4-a52e-4f735466cecf":"f.5FEBC22620E543977CDD67087BE3C0FA.d.FAA73737CDB0D82D65A25EFFB6A3BBD0.e.1424","ELEMENT":"f.5FEBC22620E543977CDD67087BE3C0FA.d.FAA73737CDB0D82D65A25EFFB6A3BBD0.e.1424"}]}
RESULT: {"script":"<script> [56 bytes]","args":[{"element-6066-11e4-a52e-4f735466cecf":"f.5FEBC22620E543977CDD67087BE3C0FA.d.FAA73737CDB0D82D65A25EFFB6A3BBD0.e.1424","ELEMENT":"f.5FEBC22620E543977CDD67087BE3C0FA.d.FAA73737CDB0D82D65A25EFFB6A3BBD0.e.1424"}]}
COMMAND: POST /session/c4f16a488098e9dddf5573a2ff081d1c/element - {"using":"xpath","value":"//span[@id=\"application-addressmanagement-display-component---detailAdm--addressUserJobTitle\"]"}
COMMAND: GET /session/c4f16a488098e9dddf5573a2ff081d1c/screenshot - {}
RESULT: {"using":"xpath","value":"//span[@id=\"application-addressmanagement-display-component---detailAdm--addressUserJobTitle\"]"}
COMMAND: POST /session/c4f16a488098e9dddf5573a2ff081d1c/elements - {"using":"xpath","value":"//span[@id=\"application-addressmanagement-display-component---detailAdm--addressUserJobTitle\"]"}
RESULT: {}
RESULT: {"using":"xpath","value":"//span[@id=\"application-addressmanagement-display-component---detailAdm--addressUserJobTitle\"]"}
COMMAND: POST /session/c4f16a488098e9dddf5573a2ff081d1c/execute/sync - {"script":"<script> [56 bytes]","args":[{"element-6066-11e4-a52e-4f735466cecf":"f.5FEBC22620E543977CDD67087BE3C0FA.d.FAA73737CDB0D82D65A25EFFB6A3BBD0.e.1425","ELEMENT":"f.5FEBC22620E543977CDD67087BE3C0FA.d.FAA73737CDB0D82D65A25EFFB6A3BBD0.e.1425"}]}
RESULT: {"script":"<script> [56 bytes]","args":[{"element-6066-11e4-a52e-4f735466cecf":"f.5FEBC22620E543977CDD67087BE3C0FA.d.FAA73737CDB0D82D65A25EFFB6A3BBD0.e.1425","ELEMENT":"f.5FEBC22620E543977CDD67087BE3C0FA.d.FAA73737CDB0D82D65A25EFFB6A3BBD0.e.1425"}]}
COMMAND: POST /session/c4f16a488098e9dddf5573a2ff081d1c/element - {"using":"xpath","value":"//span[contains(@class, \"sapMTokenText\") and text()=\"testyTag1\"]"}
COMMAND: GET /session/c4f16a488098e9dddf5573a2ff081d1c/screenshot - {}
RESULT: {"using":"xpath","value":"//span[contains(@class, \"sapMTokenText\") and text()=\"testyTag1\"]"}
COMMAND: POST /session/c4f16a488098e9dddf5573a2ff081d1c/element - {"using":"xpath","value":"//span[contains(@class, \"sapMTokenText\") and text()=\"taggyTag2\"]"}
RESULT: {}
RESULT: {"using":"xpath","value":"//span[contains(@class, \"sapMTokenText\") and text()=\"taggyTag2\"]"}
COMMAND: POST /session/c4f16a488098e9dddf5573a2ff081d1c/elements - {"using":"xpath","value":"//span[contains(@class, \"sapMTokenText\") and text()=\"testyTag1\"]"}
RESULT: {"using":"xpath","value":"//span[contains(@class, \"sapMTokenText\") and text()=\"testyTag1\"]"}
COMMAND: POST /session/c4f16a488098e9dddf5573a2ff081d1c/elements - {"using":"xpath","value":"//span[contains(@class, \"sapMTokenText\") and text()=\"taggyTag2\"]"}
RESULT: {"using":"xpath","value":"//span[contains(@class, \"sapMTokenText\") and text()=\"taggyTag2\"]"}
COMMAND: POST /session/c4f16a488098e9dddf5573a2ff081d1c/element - {"using":"css selector","value":"#shell-header-logo"}
RESULT: {"using":"css selector","value":"#shell-header-logo"}
COMMAND: POST /session/c4f16a488098e9dddf5573a2ff081d1c/element/f.5FEBC22620E543977CDD67087BE3C0FA.d.FAA73737CDB0D82D65A25EFFB6A3BBD0.e.1034/click - {}
RESULT: {}
COMMAND: GET /session/c4f16a488098e9dddf5573a2ff081d1c/screenshot - {}
RESULT: {}
]]></system-out>
    </testcase>
    <testcase classname="chrome.136_0_7103_93.windows.Address_Management_Tests_US156181_US151165_US151160_US156180_US156178_US151157_US151172_US151170_US151166_US151168" name="Step 5 Should verify searches US156180 verify filters US151157" time="117.688">
      <system-out><![CDATA[
RESULT: undefined
COMMAND: POST /session/c4f16a488098e9dddf5573a2ff081d1c/element - {"using":"xpath","value":"//*[@id=\"__tile33\"]"}
RESULT: {"using":"xpath","value":"//*[@id=\"__tile33\"]"}
COMMAND: POST /session/c4f16a488098e9dddf5573a2ff081d1c/element/f.5FEBC22620E543977CDD67087BE3C0FA.d.FAA73737CDB0D82D65A25EFFB6A3BBD0.e.226/click - {}
RESULT: {}
COMMAND: GET /session/c4f16a488098e9dddf5573a2ff081d1c/screenshot - {}
RESULT: {}
COMMAND: POST /session/c4f16a488098e9dddf5573a2ff081d1c/elements - {"using":"xpath","value":"//span[text()='Error']"}
RESULT: {"using":"xpath","value":"//span[text()='Error']"}
COMMAND: POST /session/c4f16a488098e9dddf5573a2ff081d1c/element - {"using":"xpath","value":"//button[@data-kt=\"addButton\"]"}
RESULT: {"using":"xpath","value":"//button[@data-kt=\"addButton\"]"}
COMMAND: POST /session/c4f16a488098e9dddf5573a2ff081d1c/elements - {"using":"xpath","value":"//button[@data-kt=\"addButton\"]"}
RESULT: {"using":"xpath","value":"//button[@data-kt=\"addButton\"]"}
COMMAND: POST /session/c4f16a488098e9dddf5573a2ff081d1c/execute/sync - {"script":"<script> [8489 bytes]","args":[{"element-6066-11e4-a52e-4f735466cecf":"f.5FEBC22620E543977CDD67087BE3C0FA.d.FAA73737CDB0D82D65A25EFFB6A3BBD0.e.1476","ELEMENT":"f.5FEBC22620E543977CDD67087BE3C0FA.d.FAA73737CDB0D82D65A25EFFB6A3BBD0.e.1476"}]}
RESULT: {"script":"<script> [8489 bytes]","args":[{"element-6066-11e4-a52e-4f735466cecf":"f.5FEBC22620E543977CDD67087BE3C0FA.d.FAA73737CDB0D82D65A25EFFB6A3BBD0.e.1476","ELEMENT":"f.5FEBC22620E543977CDD67087BE3C0FA.d.FAA73737CDB0D82D65A25EFFB6A3BBD0.e.1476"}]}
COMMAND: GET /session/c4f16a488098e9dddf5573a2ff081d1c/element/f.5FEBC22620E543977CDD67087BE3C0FA.d.FAA73737CDB0D82D65A25EFFB6A3BBD0.e.1476/enabled - {}
COMMAND: GET /session/c4f16a488098e9dddf5573a2ff081d1c/screenshot - {}
RESULT: {}
COMMAND: POST /session/c4f16a488098e9dddf5573a2ff081d1c/execute/sync - {"script":"<script> [8489 bytes]","args":[{"element-6066-11e4-a52e-4f735466cecf":"f.5FEBC22620E543977CDD67087BE3C0FA.d.FAA73737CDB0D82D65A25EFFB6A3BBD0.e.1476","ELEMENT":"f.5FEBC22620E543977CDD67087BE3C0FA.d.FAA73737CDB0D82D65A25EFFB6A3BBD0.e.1476"}]}
COMMAND: GET /session/c4f16a488098e9dddf5573a2ff081d1c/screenshot - {}
RESULT: {}
RESULT: {"script":"<script> [8489 bytes]","args":[{"element-6066-11e4-a52e-4f735466cecf":"f.5FEBC22620E543977CDD67087BE3C0FA.d.FAA73737CDB0D82D65A25EFFB6A3BBD0.e.1476","ELEMENT":"f.5FEBC22620E543977CDD67087BE3C0FA.d.FAA73737CDB0D82D65A25EFFB6A3BBD0.e.1476"}]}
COMMAND: POST /session/c4f16a488098e9dddf5573a2ff081d1c/execute/sync - {"script":"<script> [5351 bytes]","args":[{"element-6066-11e4-a52e-4f735466cecf":"f.5FEBC22620E543977CDD67087BE3C0FA.d.FAA73737CDB0D82D65A25EFFB6A3BBD0.e.1476","ELEMENT":"f.5FEBC22620E543977CDD67087BE3C0FA.d.FAA73737CDB0D82D65A25EFFB6A3BBD0.e.1476"}]}
COMMAND: GET /session/c4f16a488098e9dddf5573a2ff081d1c/screenshot - {}
RESULT: {}
RESULT: {"script":"<script> [5351 bytes]","args":[{"element-6066-11e4-a52e-4f735466cecf":"f.5FEBC22620E543977CDD67087BE3C0FA.d.FAA73737CDB0D82D65A25EFFB6A3BBD0.e.1476","ELEMENT":"f.5FEBC22620E543977CDD67087BE3C0FA.d.FAA73737CDB0D82D65A25EFFB6A3BBD0.e.1476"}]}
COMMAND: GET /session/c4f16a488098e9dddf5573a2ff081d1c/screenshot - {}
RESULT: {}
RESULT: {}
COMMAND: POST /session/c4f16a488098e9dddf5573a2ff081d1c/element - {"using":"xpath","value":"//span[@id=\"application-addressmanagement-display-component---masterAdm--smartTable-header-inner\"]"}
RESULT: {"using":"xpath","value":"//span[@id=\"application-addressmanagement-display-component---masterAdm--smartTable-header-inner\"]"}
COMMAND: POST /session/c4f16a488098e9dddf5573a2ff081d1c/elements - {"using":"xpath","value":"//span[@id=\"application-addressmanagement-display-component---masterAdm--smartTable-header-inner\"]"}
RESULT: {"using":"xpath","value":"//span[@id=\"application-addressmanagement-display-component---masterAdm--smartTable-header-inner\"]"}
COMMAND: POST /session/c4f16a488098e9dddf5573a2ff081d1c/execute/sync - {"script":"<script> [56 bytes]","args":[{"element-6066-11e4-a52e-4f735466cecf":"f.5FEBC22620E543977CDD67087BE3C0FA.d.FAA73737CDB0D82D65A25EFFB6A3BBD0.e.1610","ELEMENT":"f.5FEBC22620E543977CDD67087BE3C0FA.d.FAA73737CDB0D82D65A25EFFB6A3BBD0.e.1610"}]}
RESULT: {"script":"<script> [56 bytes]","args":[{"element-6066-11e4-a52e-4f735466cecf":"f.5FEBC22620E543977CDD67087BE3C0FA.d.FAA73737CDB0D82D65A25EFFB6A3BBD0.e.1610","ELEMENT":"f.5FEBC22620E543977CDD67087BE3C0FA.d.FAA73737CDB0D82D65A25EFFB6A3BBD0.e.1610"}]}
COMMAND: POST /session/c4f16a488098e9dddf5573a2ff081d1c/execute/async - {"script":"<script> [1562 bytes]","args":[{"selector":{"id":"application-addressmanagement-display-component---masterAdm--smartFilterBar-filterItemControl_BASIC-COUNTRY-vhi"},"wdio_ui5_key":"applicationaddressmanagement-display-component---masterAdm--smartFilterBar-filterItemControl_BASIC-COUNTRY-vhi"}]}
COMMAND: GET /session/c4f16a488098e9dddf5573a2ff081d1c/screenshot - {}
RESULT: {"script":"<script> [1562 bytes]","args":[{"selector":{"id":"application-addressmanagement-display-component---masterAdm--smartFilterBar-filterItemControl_BASIC-COUNTRY-vhi"},"wdio_ui5_key":"applicationaddressmanagement-display-component---masterAdm--smartFilterBar-filterItemControl_BASIC-COUNTRY-vhi"}]}
RESULT: undefined
COMMAND: POST /session/c4f16a488098e9dddf5573a2ff081d1c/element - {"using":"xpath","value":"//*[@id=\"application-addressmanagement-display-component---masterAdm--smartFilterBar-filterItemControl_BASIC-COUNTRY-vhi\"]"}
RESULT: {}
RESULT: {"using":"xpath","value":"//*[@id=\"application-addressmanagement-display-component---masterAdm--smartFilterBar-filterItemControl_BASIC-COUNTRY-vhi\"]"}
COMMAND: POST /session/c4f16a488098e9dddf5573a2ff081d1c/element/f.5FEBC22620E543977CDD67087BE3C0FA.d.FAA73737CDB0D82D65A25EFFB6A3BBD0.e.1611/click - {}
RESULT: {}
COMMAND: GET /session/c4f16a488098e9dddf5573a2ff081d1c/screenshot - {}
RESULT: {}
COMMAND: POST /session/c4f16a488098e9dddf5573a2ff081d1c/execute/async - {"script":"<script> [1562 bytes]","args":[{"selector":{"id":"application-addressmanagement-display-component---masterAdm--smartFilterBar-filterItemControl_BASIC-COUNTRY-valueHelpDialog-smartFilterBar-btnBasicSearch","searchOpenDialogs":true,"interaction":{"idSuffix":"I"}},"wdio_ui5_key":"applicationaddressmanagement-display-component---masterAdm--smartFilterBar-filterItemControl_BASIC-COUNTRY-valueHelpDialog-smartFilterBar-btnBasicSearch"}]}
RESULT: {"script":"<script> [1562 bytes]","args":[{"selector":{"id":"application-addressmanagement-display-component---masterAdm--smartFilterBar-filterItemControl_BASIC-COUNTRY-valueHelpDialog-smartFilterBar-btnBasicSearch","searchOpenDialogs":true,"interaction":{"idSuffix":"I"}},"wdio_ui5_key":"applicationaddressmanagement-display-component---masterAdm--smartFilterBar-filterItemControl_BASIC-COUNTRY-valueHelpDialog-smartFilterBar-btnBasicSearch"}]}
RESULT: undefined
COMMAND: POST /session/c4f16a488098e9dddf5573a2ff081d1c/execute/async - {"script":"<script> [776 bytes]","args":[{"enterText":"Romania","selector":{"id":"application-addressmanagement-display-component---masterAdm--smartFilterBar-filterItemControl_BASIC-COUNTRY-valueHelpDialog-smartFilterBar-btnBasicSearch","searchOpenDialogs":true,"interaction":{"idSuffix":"I"}},"clearTextFirst":true,"interactionType":"ENTER_TEXT"}]}
RESULT: {"script":"<script> [776 bytes]","args":[{"enterText":"Romania","selector":{"id":"application-addressmanagement-display-component---masterAdm--smartFilterBar-filterItemControl_BASIC-COUNTRY-valueHelpDialog-smartFilterBar-btnBasicSearch","searchOpenDialogs":true,"interaction":{"idSuffix":"I"}},"clearTextFirst":true,"interactionType":"ENTER_TEXT"}]}
COMMAND: POST /session/c4f16a488098e9dddf5573a2ff081d1c/actions - {"actions":[{"id":"action7","type":"key","parameters":{},"actions":[{"type":"keyDown","value":""},{"type":"pause","duration":10},{"type":"keyUp","value":""}]}]}
RESULT: {"actions":[{"id":"action7","type":"key","parameters":{},"actions":[{"type":"keyDown","value":""},{"type":"pause","duration":10},{"type":"keyUp","value":""}]}]}
COMMAND: POST /session/c4f16a488098e9dddf5573a2ff081d1c/elements - {"using":"xpath","value":"//table[contains(@id, \"smartFilterBar-filterItemControl_BASIC-COUNTRY-valueHelpDialog-table-table\")]/tbody/tr"}
COMMAND: GET /session/c4f16a488098e9dddf5573a2ff081d1c/screenshot - {}
RESULT: {"using":"xpath","value":"//table[contains(@id, \"smartFilterBar-filterItemControl_BASIC-COUNTRY-valueHelpDialog-table-table\")]/tbody/tr"}
COMMAND: POST /session/c4f16a488098e9dddf5573a2ff081d1c/element - {"using":"xpath","value":"//table[contains(@id, \"smartFilterBar-filterItemControl_BASIC-COUNTRY-valueHelpDialog-table-table\")]/tbody/tr[1]/td[1]/div/span"}
RESULT: {}
RESULT: {"using":"xpath","value":"//table[contains(@id, \"smartFilterBar-filterItemControl_BASIC-COUNTRY-valueHelpDialog-table-table\")]/tbody/tr[1]/td[1]/div/span"}
COMMAND: POST /session/c4f16a488098e9dddf5573a2ff081d1c/elements - {"using":"xpath","value":"//table[contains(@id, \"smartFilterBar-filterItemControl_BASIC-COUNTRY-valueHelpDialog-table-table\")]/tbody/tr[1]/td[1]/div/span"}
RESULT: {"using":"xpath","value":"//table[contains(@id, \"smartFilterBar-filterItemControl_BASIC-COUNTRY-valueHelpDialog-table-table\")]/tbody/tr[1]/td[1]/div/span"}
COMMAND: POST /session/c4f16a488098e9dddf5573a2ff081d1c/execute/sync - {"script":"<script> [56 bytes]","args":[{"element-6066-11e4-a52e-4f735466cecf":"f.5FEBC22620E543977CDD67087BE3C0FA.d.FAA73737CDB0D82D65A25EFFB6A3BBD0.e.1631","ELEMENT":"f.5FEBC22620E543977CDD67087BE3C0FA.d.FAA73737CDB0D82D65A25EFFB6A3BBD0.e.1631"}]}
RESULT: {"script":"<script> [56 bytes]","args":[{"element-6066-11e4-a52e-4f735466cecf":"f.5FEBC22620E543977CDD67087BE3C0FA.d.FAA73737CDB0D82D65A25EFFB6A3BBD0.e.1631","ELEMENT":"f.5FEBC22620E543977CDD67087BE3C0FA.d.FAA73737CDB0D82D65A25EFFB6A3BBD0.e.1631"}]}
COMMAND: POST /session/c4f16a488098e9dddf5573a2ff081d1c/element - {"using":"xpath","value":"//div[contains(@id, \"filterItemControl_BASIC-COUNTRY-valueHelpDialog-table-rowsel0\")]"}
COMMAND: GET /session/c4f16a488098e9dddf5573a2ff081d1c/screenshot - {}
RESULT: {"using":"xpath","value":"//div[contains(@id, \"filterItemControl_BASIC-COUNTRY-valueHelpDialog-table-rowsel0\")]"}
COMMAND: POST /session/c4f16a488098e9dddf5573a2ff081d1c/element/f.5FEBC22620E543977CDD67087BE3C0FA.d.FAA73737CDB0D82D65A25EFFB6A3BBD0.e.1632/click - {}
RESULT: {}
RESULT: {}
COMMAND: GET /session/c4f16a488098e9dddf5573a2ff081d1c/screenshot - {}
RESULT: {}
COMMAND: POST /session/c4f16a488098e9dddf5573a2ff081d1c/element - {"using":"xpath","value":"(//bdi[contains(text(), \"OK\")])[1]"}
RESULT: {"using":"xpath","value":"(//bdi[contains(text(), \"OK\")])[1]"}
COMMAND: POST /session/c4f16a488098e9dddf5573a2ff081d1c/element/f.5FEBC22620E543977CDD67087BE3C0FA.d.FAA73737CDB0D82D65A25EFFB6A3BBD0.e.1634/click - {}
RESULT: {}
COMMAND: GET /session/c4f16a488098e9dddf5573a2ff081d1c/screenshot - {}
RESULT: {}
COMMAND: POST /session/c4f16a488098e9dddf5573a2ff081d1c/element - {"using":"xpath","value":"//span[@id=\"application-addressmanagement-display-component---masterAdm--smartTable-header-inner\"]"}
RESULT: {"using":"xpath","value":"//span[@id=\"application-addressmanagement-display-component---masterAdm--smartTable-header-inner\"]"}
COMMAND: POST /session/c4f16a488098e9dddf5573a2ff081d1c/elements - {"using":"xpath","value":"//span[@id=\"application-addressmanagement-display-component---masterAdm--smartTable-header-inner\"]"}
RESULT: {"using":"xpath","value":"//span[@id=\"application-addressmanagement-display-component---masterAdm--smartTable-header-inner\"]"}
COMMAND: POST /session/c4f16a488098e9dddf5573a2ff081d1c/execute/sync - {"script":"<script> [56 bytes]","args":[{"element-6066-11e4-a52e-4f735466cecf":"f.5FEBC22620E543977CDD67087BE3C0FA.d.FAA73737CDB0D82D65A25EFFB6A3BBD0.e.1610","ELEMENT":"f.5FEBC22620E543977CDD67087BE3C0FA.d.FAA73737CDB0D82D65A25EFFB6A3BBD0.e.1610"}]}
RESULT: {"script":"<script> [56 bytes]","args":[{"element-6066-11e4-a52e-4f735466cecf":"f.5FEBC22620E543977CDD67087BE3C0FA.d.FAA73737CDB0D82D65A25EFFB6A3BBD0.e.1610","ELEMENT":"f.5FEBC22620E543977CDD67087BE3C0FA.d.FAA73737CDB0D82D65A25EFFB6A3BBD0.e.1610"}]}
COMMAND: POST /session/c4f16a488098e9dddf5573a2ff081d1c/element - {"using":"xpath","value":"//span[contains(@title, \"Remove\")]"}
COMMAND: GET /session/c4f16a488098e9dddf5573a2ff081d1c/screenshot - {}
RESULT: {"using":"xpath","value":"//span[contains(@title, \"Remove\")]"}
COMMAND: POST /session/c4f16a488098e9dddf5573a2ff081d1c/element/f.5FEBC22620E543977CDD67087BE3C0FA.d.FAA73737CDB0D82D65A25EFFB6A3BBD0.e.1760/click - {}
RESULT: {}
RESULT: {}
COMMAND: GET /session/c4f16a488098e9dddf5573a2ff081d1c/screenshot - {}
RESULT: {}
COMMAND: POST /session/c4f16a488098e9dddf5573a2ff081d1c/element - {"using":"xpath","value":"//span[@id=\"application-addressmanagement-display-component---masterAdm--smartTable-header-inner\"]"}
RESULT: {"using":"xpath","value":"//span[@id=\"application-addressmanagement-display-component---masterAdm--smartTable-header-inner\"]"}
COMMAND: POST /session/c4f16a488098e9dddf5573a2ff081d1c/elements - {"using":"xpath","value":"//span[@id=\"application-addressmanagement-display-component---masterAdm--smartTable-header-inner\"]"}
RESULT: {"using":"xpath","value":"//span[@id=\"application-addressmanagement-display-component---masterAdm--smartTable-header-inner\"]"}
COMMAND: POST /session/c4f16a488098e9dddf5573a2ff081d1c/execute/sync - {"script":"<script> [56 bytes]","args":[{"element-6066-11e4-a52e-4f735466cecf":"f.5FEBC22620E543977CDD67087BE3C0FA.d.FAA73737CDB0D82D65A25EFFB6A3BBD0.e.1610","ELEMENT":"f.5FEBC22620E543977CDD67087BE3C0FA.d.FAA73737CDB0D82D65A25EFFB6A3BBD0.e.1610"}]}
RESULT: {"script":"<script> [56 bytes]","args":[{"element-6066-11e4-a52e-4f735466cecf":"f.5FEBC22620E543977CDD67087BE3C0FA.d.FAA73737CDB0D82D65A25EFFB6A3BBD0.e.1610","ELEMENT":"f.5FEBC22620E543977CDD67087BE3C0FA.d.FAA73737CDB0D82D65A25EFFB6A3BBD0.e.1610"}]}
RESULT: undefined
COMMAND: POST /session/c4f16a488098e9dddf5573a2ff081d1c/element - {"using":"xpath","value":"//*[@id=\"application-addressmanagement-display-component---masterAdm--smartFilterBar-filterItemControl_BASIC-COUNTRY-vhi\"]"}
COMMAND: GET /session/c4f16a488098e9dddf5573a2ff081d1c/screenshot - {}
RESULT: {"using":"xpath","value":"//*[@id=\"application-addressmanagement-display-component---masterAdm--smartFilterBar-filterItemControl_BASIC-COUNTRY-vhi\"]"}
COMMAND: POST /session/c4f16a488098e9dddf5573a2ff081d1c/element/f.5FEBC22620E543977CDD67087BE3C0FA.d.FAA73737CDB0D82D65A25EFFB6A3BBD0.e.1611/click - {}
RESULT: {}
RESULT: {}
COMMAND: GET /session/c4f16a488098e9dddf5573a2ff081d1c/screenshot - {}
RESULT: {}
RESULT: undefined
COMMAND: POST /session/c4f16a488098e9dddf5573a2ff081d1c/execute/async - {"script":"<script> [776 bytes]","args":[{"enterText":"Romania","selector":{"id":"application-addressmanagement-display-component---masterAdm--smartFilterBar-filterItemControl_BASIC-COUNTRY-valueHelpDialog-smartFilterBar-btnBasicSearch","searchOpenDialogs":true,"interaction":{"idSuffix":"I"}},"clearTextFirst":true,"interactionType":"ENTER_TEXT"}]}
RESULT: {"script":"<script> [776 bytes]","args":[{"enterText":"Romania","selector":{"id":"application-addressmanagement-display-component---masterAdm--smartFilterBar-filterItemControl_BASIC-COUNTRY-valueHelpDialog-smartFilterBar-btnBasicSearch","searchOpenDialogs":true,"interaction":{"idSuffix":"I"}},"clearTextFirst":true,"interactionType":"ENTER_TEXT"}]}
COMMAND: POST /session/c4f16a488098e9dddf5573a2ff081d1c/actions - {"actions":[{"id":"action8","type":"key","parameters":{},"actions":[{"type":"keyDown","value":""},{"type":"pause","duration":10},{"type":"keyUp","value":""}]}]}
RESULT: {"actions":[{"id":"action8","type":"key","parameters":{},"actions":[{"type":"keyDown","value":""},{"type":"pause","duration":10},{"type":"keyUp","value":""}]}]}
COMMAND: GET /session/c4f16a488098e9dddf5573a2ff081d1c/screenshot - {}
RESULT: {}
COMMAND: POST /session/c4f16a488098e9dddf5573a2ff081d1c/elements - {"using":"xpath","value":"//table[contains(@id, \"smartFilterBar-filterItemControl_BASIC-COUNTRY-valueHelpDialog-table-table\")]/tbody/tr"}
RESULT: {"using":"xpath","value":"//table[contains(@id, \"smartFilterBar-filterItemControl_BASIC-COUNTRY-valueHelpDialog-table-table\")]/tbody/tr"}
COMMAND: POST /session/c4f16a488098e9dddf5573a2ff081d1c/element - {"using":"xpath","value":"//table[contains(@id, \"smartFilterBar-filterItemControl_BASIC-COUNTRY-valueHelpDialog-table-table\")]/tbody/tr[1]/td[1]/div/span"}
RESULT: {"using":"xpath","value":"//table[contains(@id, \"smartFilterBar-filterItemControl_BASIC-COUNTRY-valueHelpDialog-table-table\")]/tbody/tr[1]/td[1]/div/span"}
COMMAND: POST /session/c4f16a488098e9dddf5573a2ff081d1c/elements - {"using":"xpath","value":"//table[contains(@id, \"smartFilterBar-filterItemControl_BASIC-COUNTRY-valueHelpDialog-table-table\")]/tbody/tr[1]/td[1]/div/span"}
RESULT: {"using":"xpath","value":"//table[contains(@id, \"smartFilterBar-filterItemControl_BASIC-COUNTRY-valueHelpDialog-table-table\")]/tbody/tr[1]/td[1]/div/span"}
COMMAND: POST /session/c4f16a488098e9dddf5573a2ff081d1c/execute/sync - {"script":"<script> [56 bytes]","args":[{"element-6066-11e4-a52e-4f735466cecf":"f.5FEBC22620E543977CDD67087BE3C0FA.d.FAA73737CDB0D82D65A25EFFB6A3BBD0.e.1843","ELEMENT":"f.5FEBC22620E543977CDD67087BE3C0FA.d.FAA73737CDB0D82D65A25EFFB6A3BBD0.e.1843"}]}
RESULT: {"script":"<script> [56 bytes]","args":[{"element-6066-11e4-a52e-4f735466cecf":"f.5FEBC22620E543977CDD67087BE3C0FA.d.FAA73737CDB0D82D65A25EFFB6A3BBD0.e.1843","ELEMENT":"f.5FEBC22620E543977CDD67087BE3C0FA.d.FAA73737CDB0D82D65A25EFFB6A3BBD0.e.1843"}]}
COMMAND: POST /session/c4f16a488098e9dddf5573a2ff081d1c/element - {"using":"xpath","value":"//div[contains(@id, \"filterItemControl_BASIC-COUNTRY-valueHelpDialog-table-rowsel0\")]"}
COMMAND: GET /session/c4f16a488098e9dddf5573a2ff081d1c/screenshot - {}
RESULT: {"using":"xpath","value":"//div[contains(@id, \"filterItemControl_BASIC-COUNTRY-valueHelpDialog-table-rowsel0\")]"}
COMMAND: POST /session/c4f16a488098e9dddf5573a2ff081d1c/element/f.5FEBC22620E543977CDD67087BE3C0FA.d.FAA73737CDB0D82D65A25EFFB6A3BBD0.e.1844/click - {}
RESULT: {}
RESULT: {}
COMMAND: GET /session/c4f16a488098e9dddf5573a2ff081d1c/screenshot - {}
RESULT: {}
RESULT: undefined
COMMAND: POST /session/c4f16a488098e9dddf5573a2ff081d1c/element - {"using":"xpath","value":"//*[@id=\"application-addressmanagement-display-component---masterAdm--smartFilterBar-filterItemControl_BASIC-COUNTRY-vhi\"]"}
RESULT: {"using":"xpath","value":"//*[@id=\"application-addressmanagement-display-component---masterAdm--smartFilterBar-filterItemControl_BASIC-COUNTRY-vhi\"]"}
COMMAND: POST /session/c4f16a488098e9dddf5573a2ff081d1c/element/f.5FEBC22620E543977CDD67087BE3C0FA.d.FAA73737CDB0D82D65A25EFFB6A3BBD0.e.1611/click - {}
RESULT: undefined
COMMAND: POST /session/c4f16a488098e9dddf5573a2ff081d1c/execute/async - {"script":"<script> [776 bytes]","args":[{"enterText":"Argentina","selector":{"id":"application-addressmanagement-display-component---masterAdm--smartFilterBar-filterItemControl_BASIC-COUNTRY-valueHelpDialog-smartFilterBar-btnBasicSearch","searchOpenDialogs":true,"interaction":{"idSuffix":"I"}},"clearTextFirst":true,"interactionType":"ENTER_TEXT"}]}
RESULT: {"script":"<script> [776 bytes]","args":[{"enterText":"Argentina","selector":{"id":"application-addressmanagement-display-component---masterAdm--smartFilterBar-filterItemControl_BASIC-COUNTRY-valueHelpDialog-smartFilterBar-btnBasicSearch","searchOpenDialogs":true,"interaction":{"idSuffix":"I"}},"clearTextFirst":true,"interactionType":"ENTER_TEXT"}]}
COMMAND: POST /session/c4f16a488098e9dddf5573a2ff081d1c/actions - {"actions":[{"id":"action9","type":"key","parameters":{},"actions":[{"type":"keyDown","value":""},{"type":"pause","duration":10},{"type":"keyUp","value":""}]}]}
RESULT: {"actions":[{"id":"action9","type":"key","parameters":{},"actions":[{"type":"keyDown","value":""},{"type":"pause","duration":10},{"type":"keyUp","value":""}]}]}
COMMAND: GET /session/c4f16a488098e9dddf5573a2ff081d1c/screenshot - {}
RESULT: {}
COMMAND: POST /session/c4f16a488098e9dddf5573a2ff081d1c/elements - {"using":"xpath","value":"//table[contains(@id, \"smartFilterBar-filterItemControl_BASIC-COUNTRY-valueHelpDialog-table-table\")]/tbody/tr"}
RESULT: {"using":"xpath","value":"//table[contains(@id, \"smartFilterBar-filterItemControl_BASIC-COUNTRY-valueHelpDialog-table-table\")]/tbody/tr"}
COMMAND: POST /session/c4f16a488098e9dddf5573a2ff081d1c/element - {"using":"xpath","value":"//table[contains(@id, \"smartFilterBar-filterItemControl_BASIC-COUNTRY-valueHelpDialog-table-table\")]/tbody/tr[1]/td[1]/div/span"}
RESULT: {"using":"xpath","value":"//table[contains(@id, \"smartFilterBar-filterItemControl_BASIC-COUNTRY-valueHelpDialog-table-table\")]/tbody/tr[1]/td[1]/div/span"}
COMMAND: POST /session/c4f16a488098e9dddf5573a2ff081d1c/elements - {"using":"xpath","value":"//table[contains(@id, \"smartFilterBar-filterItemControl_BASIC-COUNTRY-valueHelpDialog-table-table\")]/tbody/tr[1]/td[1]/div/span"}
RESULT: {"using":"xpath","value":"//table[contains(@id, \"smartFilterBar-filterItemControl_BASIC-COUNTRY-valueHelpDialog-table-table\")]/tbody/tr[1]/td[1]/div/span"}
COMMAND: POST /session/c4f16a488098e9dddf5573a2ff081d1c/execute/sync - {"script":"<script> [56 bytes]","args":[{"element-6066-11e4-a52e-4f735466cecf":"f.5FEBC22620E543977CDD67087BE3C0FA.d.FAA73737CDB0D82D65A25EFFB6A3BBD0.e.1843","ELEMENT":"f.5FEBC22620E543977CDD67087BE3C0FA.d.FAA73737CDB0D82D65A25EFFB6A3BBD0.e.1843"}]}
RESULT: {"script":"<script> [56 bytes]","args":[{"element-6066-11e4-a52e-4f735466cecf":"f.5FEBC22620E543977CDD67087BE3C0FA.d.FAA73737CDB0D82D65A25EFFB6A3BBD0.e.1843","ELEMENT":"f.5FEBC22620E543977CDD67087BE3C0FA.d.FAA73737CDB0D82D65A25EFFB6A3BBD0.e.1843"}]}
COMMAND: POST /session/c4f16a488098e9dddf5573a2ff081d1c/element - {"using":"xpath","value":"//div[contains(@id, \"filterItemControl_BASIC-COUNTRY-valueHelpDialog-table-rowsel0\")]"}
COMMAND: GET /session/c4f16a488098e9dddf5573a2ff081d1c/screenshot - {}
RESULT: {"using":"xpath","value":"//div[contains(@id, \"filterItemControl_BASIC-COUNTRY-valueHelpDialog-table-rowsel0\")]"}
COMMAND: POST /session/c4f16a488098e9dddf5573a2ff081d1c/element/f.5FEBC22620E543977CDD67087BE3C0FA.d.FAA73737CDB0D82D65A25EFFB6A3BBD0.e.1844/click - {}
RESULT: {}
RESULT: {}
COMMAND: GET /session/c4f16a488098e9dddf5573a2ff081d1c/screenshot - {}
RESULT: {}
COMMAND: POST /session/c4f16a488098e9dddf5573a2ff081d1c/element - {"using":"xpath","value":"(//bdi[contains(text(), \"OK\")])[1]"}
RESULT: {"using":"xpath","value":"(//bdi[contains(text(), \"OK\")])[1]"}
COMMAND: POST /session/c4f16a488098e9dddf5573a2ff081d1c/element/f.5FEBC22620E543977CDD67087BE3C0FA.d.FAA73737CDB0D82D65A25EFFB6A3BBD0.e.1846/click - {}
RESULT: {}
COMMAND: GET /session/c4f16a488098e9dddf5573a2ff081d1c/screenshot - {}
RESULT: {}
COMMAND: POST /session/c4f16a488098e9dddf5573a2ff081d1c/element - {"using":"xpath","value":"//span[@id=\"application-addressmanagement-display-component---masterAdm--smartTable-header-inner\"]"}
RESULT: {"using":"xpath","value":"//span[@id=\"application-addressmanagement-display-component---masterAdm--smartTable-header-inner\"]"}
COMMAND: POST /session/c4f16a488098e9dddf5573a2ff081d1c/elements - {"using":"xpath","value":"//span[@id=\"application-addressmanagement-display-component---masterAdm--smartTable-header-inner\"]"}
RESULT: {"using":"xpath","value":"//span[@id=\"application-addressmanagement-display-component---masterAdm--smartTable-header-inner\"]"}
COMMAND: POST /session/c4f16a488098e9dddf5573a2ff081d1c/execute/sync - {"script":"<script> [56 bytes]","args":[{"element-6066-11e4-a52e-4f735466cecf":"f.5FEBC22620E543977CDD67087BE3C0FA.d.FAA73737CDB0D82D65A25EFFB6A3BBD0.e.1610","ELEMENT":"f.5FEBC22620E543977CDD67087BE3C0FA.d.FAA73737CDB0D82D65A25EFFB6A3BBD0.e.1610"}]}
RESULT: {"script":"<script> [56 bytes]","args":[{"element-6066-11e4-a52e-4f735466cecf":"f.5FEBC22620E543977CDD67087BE3C0FA.d.FAA73737CDB0D82D65A25EFFB6A3BBD0.e.1610","ELEMENT":"f.5FEBC22620E543977CDD67087BE3C0FA.d.FAA73737CDB0D82D65A25EFFB6A3BBD0.e.1610"}]}
COMMAND: POST /session/c4f16a488098e9dddf5573a2ff081d1c/execute/async - {"script":"<script> [1562 bytes]","args":[{"selector":{"id":"application-addressmanagement-display-component---masterAdm--smartFilterBar-filterItemControl_BASIC-NAME-vhi"},"wdio_ui5_key":"applicationaddressmanagement-display-component---masterAdm--smartFilterBar-filterItemControl_BASIC-NAME-vhi"}]}
COMMAND: GET /session/c4f16a488098e9dddf5573a2ff081d1c/screenshot - {}
RESULT: {"script":"<script> [1562 bytes]","args":[{"selector":{"id":"application-addressmanagement-display-component---masterAdm--smartFilterBar-filterItemControl_BASIC-NAME-vhi"},"wdio_ui5_key":"applicationaddressmanagement-display-component---masterAdm--smartFilterBar-filterItemControl_BASIC-NAME-vhi"}]}
RESULT: undefined
COMMAND: POST /session/c4f16a488098e9dddf5573a2ff081d1c/element - {"using":"xpath","value":"//*[@id=\"application-addressmanagement-display-component---masterAdm--smartFilterBar-filterItemControl_BASIC-NAME-vhi\"]"}
RESULT: {}
RESULT: {"using":"xpath","value":"//*[@id=\"application-addressmanagement-display-component---masterAdm--smartFilterBar-filterItemControl_BASIC-NAME-vhi\"]"}
COMMAND: POST /session/c4f16a488098e9dddf5573a2ff081d1c/element/f.5FEBC22620E543977CDD67087BE3C0FA.d.FAA73737CDB0D82D65A25EFFB6A3BBD0.e.1876/click - {}
RESULT: {}
COMMAND: GET /session/c4f16a488098e9dddf5573a2ff081d1c/screenshot - {}
RESULT: {}
COMMAND: POST /session/c4f16a488098e9dddf5573a2ff081d1c/execute/async - {"script":"<script> [1562 bytes]","args":[{"selector":{"controlType":"sap.m.Input","viewName":"etm.portal.ui.addressmanagement.view.Master","viewId":"application-addressmanagement-display-component---masterAdm","properties":{"valueState":"None"},"searchOpenDialogs":true,"interaction":{"idSuffix":"inner"}},"wdio_ui5_key":"etmportal.ui.addressmanagement.view.Mastersap.m.Input{\"valueState\":\"None\"}"}]}
RESULT: {"script":"<script> [1562 bytes]","args":[{"selector":{"controlType":"sap.m.Input","viewName":"etm.portal.ui.addressmanagement.view.Master","viewId":"application-addressmanagement-display-component---masterAdm","properties":{"valueState":"None"},"searchOpenDialogs":true,"interaction":{"idSuffix":"inner"}},"wdio_ui5_key":"etmportal.ui.addressmanagement.view.Mastersap.m.Input{\"valueState\":\"None\"}"}]}
RESULT: undefined
COMMAND: POST /session/c4f16a488098e9dddf5573a2ff081d1c/execute/async - {"script":"<script> [776 bytes]","args":[{"enterText":"Test","selector":{"controlType":"sap.m.Input","viewName":"etm.portal.ui.addressmanagement.view.Master","viewId":"application-addressmanagement-display-component---masterAdm","properties":{"valueState":"None"},"searchOpenDialogs":true,"interaction":{"idSuffix":"inner"}},"clearTextFirst":true,"interactionType":"ENTER_TEXT"}]}
RESULT: {"script":"<script> [776 bytes]","args":[{"enterText":"Test","selector":{"controlType":"sap.m.Input","viewName":"etm.portal.ui.addressmanagement.view.Master","viewId":"application-addressmanagement-display-component---masterAdm","properties":{"valueState":"None"},"searchOpenDialogs":true,"interaction":{"idSuffix":"inner"}},"clearTextFirst":true,"interactionType":"ENTER_TEXT"}]}
COMMAND: POST /session/c4f16a488098e9dddf5573a2ff081d1c/actions - {"actions":[{"id":"action10","type":"key","parameters":{},"actions":[{"type":"keyDown","value":""},{"type":"pause","duration":10},{"type":"keyUp","value":""}]}]}
RESULT: {"actions":[{"id":"action10","type":"key","parameters":{},"actions":[{"type":"keyDown","value":""},{"type":"pause","duration":10},{"type":"keyUp","value":""}]}]}
COMMAND: GET /session/c4f16a488098e9dddf5573a2ff081d1c/screenshot - {}
RESULT: {}
COMMAND: POST /session/c4f16a488098e9dddf5573a2ff081d1c/element - {"using":"xpath","value":"(//bdi[contains(text(), \"OK\")])[1]"}
RESULT: {"using":"xpath","value":"(//bdi[contains(text(), \"OK\")])[1]"}
COMMAND: POST /session/c4f16a488098e9dddf5573a2ff081d1c/element/f.5FEBC22620E543977CDD67087BE3C0FA.d.FAA73737CDB0D82D65A25EFFB6A3BBD0.e.1883/click - {}
RESULT: {}
COMMAND: GET /session/c4f16a488098e9dddf5573a2ff081d1c/screenshot - {}
COMMAND: POST /session/c4f16a488098e9dddf5573a2ff081d1c/element - {"using":"xpath","value":"//span[@id=\"application-addressmanagement-display-component---masterAdm--smartTable-header-inner\"]"}
RESULT: {}
RESULT: {"using":"xpath","value":"//span[@id=\"application-addressmanagement-display-component---masterAdm--smartTable-header-inner\"]"}
COMMAND: POST /session/c4f16a488098e9dddf5573a2ff081d1c/elements - {"using":"xpath","value":"//span[@id=\"application-addressmanagement-display-component---masterAdm--smartTable-header-inner\"]"}
RESULT: {"using":"xpath","value":"//span[@id=\"application-addressmanagement-display-component---masterAdm--smartTable-header-inner\"]"}
COMMAND: POST /session/c4f16a488098e9dddf5573a2ff081d1c/execute/sync - {"script":"<script> [56 bytes]","args":[{"element-6066-11e4-a52e-4f735466cecf":"f.5FEBC22620E543977CDD67087BE3C0FA.d.FAA73737CDB0D82D65A25EFFB6A3BBD0.e.1610","ELEMENT":"f.5FEBC22620E543977CDD67087BE3C0FA.d.FAA73737CDB0D82D65A25EFFB6A3BBD0.e.1610"}]}
RESULT: {"script":"<script> [56 bytes]","args":[{"element-6066-11e4-a52e-4f735466cecf":"f.5FEBC22620E543977CDD67087BE3C0FA.d.FAA73737CDB0D82D65A25EFFB6A3BBD0.e.1610","ELEMENT":"f.5FEBC22620E543977CDD67087BE3C0FA.d.FAA73737CDB0D82D65A25EFFB6A3BBD0.e.1610"}]}
COMMAND: POST /session/c4f16a488098e9dddf5573a2ff081d1c/element - {"using":"xpath","value":"//span[contains(@title, \"Remove\")]"}
COMMAND: GET /session/c4f16a488098e9dddf5573a2ff081d1c/screenshot - {}
RESULT: {"using":"xpath","value":"//span[contains(@title, \"Remove\")]"}
COMMAND: POST /session/c4f16a488098e9dddf5573a2ff081d1c/element/f.5FEBC22620E543977CDD67087BE3C0FA.d.FAA73737CDB0D82D65A25EFFB6A3BBD0.e.1956/click - {}
RESULT: {}
RESULT: {}
COMMAND: GET /session/c4f16a488098e9dddf5573a2ff081d1c/screenshot - {}
RESULT: {}
COMMAND: POST /session/c4f16a488098e9dddf5573a2ff081d1c/element - {"using":"xpath","value":"//span[contains(@title, \"Remove\")]"}
RESULT: {"using":"xpath","value":"//span[contains(@title, \"Remove\")]"}
COMMAND: POST /session/c4f16a488098e9dddf5573a2ff081d1c/element/f.5FEBC22620E543977CDD67087BE3C0FA.d.FAA73737CDB0D82D65A25EFFB6A3BBD0.e.2033/click - {}
RESULT: {}
COMMAND: GET /session/c4f16a488098e9dddf5573a2ff081d1c/screenshot - {}
RESULT: {}
COMMAND: POST /session/c4f16a488098e9dddf5573a2ff081d1c/element - {"using":"xpath","value":"//span[contains(@title, \"Remove\")]"}
RESULT: {"using":"xpath","value":"//span[contains(@title, \"Remove\")]"}
COMMAND: POST /session/c4f16a488098e9dddf5573a2ff081d1c/element/f.5FEBC22620E543977CDD67087BE3C0FA.d.FAA73737CDB0D82D65A25EFFB6A3BBD0.e.2152/click - {}
RESULT: {}
COMMAND: GET /session/c4f16a488098e9dddf5573a2ff081d1c/screenshot - {}
RESULT: {}
COMMAND: POST /session/c4f16a488098e9dddf5573a2ff081d1c/element - {"using":"css selector","value":"#shell-header-logo"}
RESULT: {"using":"css selector","value":"#shell-header-logo"}
COMMAND: POST /session/c4f16a488098e9dddf5573a2ff081d1c/element/f.5FEBC22620E543977CDD67087BE3C0FA.d.FAA73737CDB0D82D65A25EFFB6A3BBD0.e.1434/click - {}
RESULT: {}
COMMAND: GET /session/c4f16a488098e9dddf5573a2ff081d1c/screenshot - {}
RESULT: {}
]]></system-out>
    </testcase>
    <testcase classname="chrome.136_0_7103_93.windows.Address_Management_Tests_US156181_US151165_US151160_US156180_US156178_US151157_US151172_US151170_US151166_US151168" name="Step 6 Should assign user ID to an user assign them to site US151172" time="94.464">
      <system-out><![CDATA[
RESULT: undefined
COMMAND: POST /session/c4f16a488098e9dddf5573a2ff081d1c/element - {"using":"xpath","value":"//*[@id=\"__tile33\"]"}
RESULT: {"using":"xpath","value":"//*[@id=\"__tile33\"]"}
COMMAND: POST /session/c4f16a488098e9dddf5573a2ff081d1c/element/f.5FEBC22620E543977CDD67087BE3C0FA.d.FAA73737CDB0D82D65A25EFFB6A3BBD0.e.226/click - {}
RESULT: {}
COMMAND: GET /session/c4f16a488098e9dddf5573a2ff081d1c/screenshot - {}
COMMAND: POST /session/c4f16a488098e9dddf5573a2ff081d1c/elements - {"using":"xpath","value":"//span[text()='Error']"}
RESULT: {}
RESULT: {"using":"xpath","value":"//span[text()='Error']"}
COMMAND: POST /session/c4f16a488098e9dddf5573a2ff081d1c/element - {"using":"xpath","value":"//button[@data-kt=\"addButton\"]"}
RESULT: {"using":"xpath","value":"//button[@data-kt=\"addButton\"]"}
COMMAND: POST /session/c4f16a488098e9dddf5573a2ff081d1c/elements - {"using":"xpath","value":"//button[@data-kt=\"addButton\"]"}
RESULT: {"using":"xpath","value":"//button[@data-kt=\"addButton\"]"}
COMMAND: POST /session/c4f16a488098e9dddf5573a2ff081d1c/execute/sync - {"script":"<script> [8489 bytes]","args":[{"element-6066-11e4-a52e-4f735466cecf":"f.5FEBC22620E543977CDD67087BE3C0FA.d.FAA73737CDB0D82D65A25EFFB6A3BBD0.e.2267","ELEMENT":"f.5FEBC22620E543977CDD67087BE3C0FA.d.FAA73737CDB0D82D65A25EFFB6A3BBD0.e.2267"}]}
RESULT: {"script":"<script> [8489 bytes]","args":[{"element-6066-11e4-a52e-4f735466cecf":"f.5FEBC22620E543977CDD67087BE3C0FA.d.FAA73737CDB0D82D65A25EFFB6A3BBD0.e.2267","ELEMENT":"f.5FEBC22620E543977CDD67087BE3C0FA.d.FAA73737CDB0D82D65A25EFFB6A3BBD0.e.2267"}]}
COMMAND: GET /session/c4f16a488098e9dddf5573a2ff081d1c/element/f.5FEBC22620E543977CDD67087BE3C0FA.d.FAA73737CDB0D82D65A25EFFB6A3BBD0.e.2267/enabled - {}
COMMAND: GET /session/c4f16a488098e9dddf5573a2ff081d1c/screenshot - {}
RESULT: {}
COMMAND: POST /session/c4f16a488098e9dddf5573a2ff081d1c/execute/sync - {"script":"<script> [8489 bytes]","args":[{"element-6066-11e4-a52e-4f735466cecf":"f.5FEBC22620E543977CDD67087BE3C0FA.d.FAA73737CDB0D82D65A25EFFB6A3BBD0.e.2267","ELEMENT":"f.5FEBC22620E543977CDD67087BE3C0FA.d.FAA73737CDB0D82D65A25EFFB6A3BBD0.e.2267"}]}
COMMAND: GET /session/c4f16a488098e9dddf5573a2ff081d1c/screenshot - {}
RESULT: {}
RESULT: {"script":"<script> [8489 bytes]","args":[{"element-6066-11e4-a52e-4f735466cecf":"f.5FEBC22620E543977CDD67087BE3C0FA.d.FAA73737CDB0D82D65A25EFFB6A3BBD0.e.2267","ELEMENT":"f.5FEBC22620E543977CDD67087BE3C0FA.d.FAA73737CDB0D82D65A25EFFB6A3BBD0.e.2267"}]}
COMMAND: POST /session/c4f16a488098e9dddf5573a2ff081d1c/execute/sync - {"script":"<script> [5351 bytes]","args":[{"element-6066-11e4-a52e-4f735466cecf":"f.5FEBC22620E543977CDD67087BE3C0FA.d.FAA73737CDB0D82D65A25EFFB6A3BBD0.e.2267","ELEMENT":"f.5FEBC22620E543977CDD67087BE3C0FA.d.FAA73737CDB0D82D65A25EFFB6A3BBD0.e.2267"}]}
COMMAND: GET /session/c4f16a488098e9dddf5573a2ff081d1c/screenshot - {}
RESULT: {}
RESULT: {"script":"<script> [5351 bytes]","args":[{"element-6066-11e4-a52e-4f735466cecf":"f.5FEBC22620E543977CDD67087BE3C0FA.d.FAA73737CDB0D82D65A25EFFB6A3BBD0.e.2267","ELEMENT":"f.5FEBC22620E543977CDD67087BE3C0FA.d.FAA73737CDB0D82D65A25EFFB6A3BBD0.e.2267"}]}
COMMAND: GET /session/c4f16a488098e9dddf5573a2ff081d1c/screenshot - {}
RESULT: {}
RESULT: {}
RESULT: undefined
COMMAND: POST /session/c4f16a488098e9dddf5573a2ff081d1c/execute/async - {"script":"<script> [776 bytes]","args":[{"enterText":"Test1ETM","selector":{"id":"application-addressmanagement-display-component---masterAdm--smartFilterBar-btnBasicSearch","interaction":{"idSuffix":"I"}},"clearTextFirst":true,"interactionType":"ENTER_TEXT"}]}
RESULT: {"script":"<script> [776 bytes]","args":[{"enterText":"Test1ETM","selector":{"id":"application-addressmanagement-display-component---masterAdm--smartFilterBar-btnBasicSearch","interaction":{"idSuffix":"I"}},"clearTextFirst":true,"interactionType":"ENTER_TEXT"}]}
COMMAND: POST /session/c4f16a488098e9dddf5573a2ff081d1c/actions - {"actions":[{"id":"action11","type":"key","parameters":{},"actions":[{"type":"keyDown","value":""},{"type":"pause","duration":10},{"type":"keyUp","value":""}]}]}
RESULT: {"actions":[{"id":"action11","type":"key","parameters":{},"actions":[{"type":"keyDown","value":""},{"type":"pause","duration":10},{"type":"keyUp","value":""}]}]}
COMMAND: GET /session/c4f16a488098e9dddf5573a2ff081d1c/screenshot - {}
RESULT: {}
COMMAND: POST /session/c4f16a488098e9dddf5573a2ff081d1c/elements - {"using":"xpath","value":"//table[contains(@id, \"customPersonsAddressesTable-listUl\")]/tbody/tr"}
RESULT: {"using":"xpath","value":"//table[contains(@id, \"customPersonsAddressesTable-listUl\")]/tbody/tr"}
COMMAND: POST /session/c4f16a488098e9dddf5573a2ff081d1c/element - {"using":"xpath","value":"//table[contains(@id, \"customPersonsAddressesTable-listUl\")]/tbody/tr[1]/td[5]/span/span"}
RESULT: {"using":"xpath","value":"//table[contains(@id, \"customPersonsAddressesTable-listUl\")]/tbody/tr[1]/td[5]/span/span"}
COMMAND: POST /session/c4f16a488098e9dddf5573a2ff081d1c/element - {"using":"xpath","value":"//table[contains(@id, \"customPersonsAddressesTable-listUl\")]/tbody/tr[1]/td[3]/span"}
RESULT: {"using":"xpath","value":"//table[contains(@id, \"customPersonsAddressesTable-listUl\")]/tbody/tr[1]/td[3]/span"}
COMMAND: POST /session/c4f16a488098e9dddf5573a2ff081d1c/elements - {"using":"xpath","value":"//table[contains(@id, \"customPersonsAddressesTable-listUl\")]/tbody/tr[1]/td[5]/span/span"}
RESULT: {"using":"xpath","value":"//table[contains(@id, \"customPersonsAddressesTable-listUl\")]/tbody/tr[1]/td[5]/span/span"}
COMMAND: POST /session/c4f16a488098e9dddf5573a2ff081d1c/execute/sync - {"script":"<script> [56 bytes]","args":[{"element-6066-11e4-a52e-4f735466cecf":"f.5FEBC22620E543977CDD67087BE3C0FA.d.FAA73737CDB0D82D65A25EFFB6A3BBD0.e.2417","ELEMENT":"f.5FEBC22620E543977CDD67087BE3C0FA.d.FAA73737CDB0D82D65A25EFFB6A3BBD0.e.2417"}]}
RESULT: {"script":"<script> [56 bytes]","args":[{"element-6066-11e4-a52e-4f735466cecf":"f.5FEBC22620E543977CDD67087BE3C0FA.d.FAA73737CDB0D82D65A25EFFB6A3BBD0.e.2417","ELEMENT":"f.5FEBC22620E543977CDD67087BE3C0FA.d.FAA73737CDB0D82D65A25EFFB6A3BBD0.e.2417"}]}
COMMAND: POST /session/c4f16a488098e9dddf5573a2ff081d1c/element - {"using":"xpath","value":"//span[@id=\"application-addressmanagement-display-component---masterAdm--smartTable-header-inner\"]"}
COMMAND: GET /session/c4f16a488098e9dddf5573a2ff081d1c/screenshot - {}
RESULT: {"using":"xpath","value":"//span[@id=\"application-addressmanagement-display-component---masterAdm--smartTable-header-inner\"]"}
COMMAND: POST /session/c4f16a488098e9dddf5573a2ff081d1c/elements - {"using":"xpath","value":"//span[@id=\"application-addressmanagement-display-component---masterAdm--smartTable-header-inner\"]"}
RESULT: {}
RESULT: {"using":"xpath","value":"//span[@id=\"application-addressmanagement-display-component---masterAdm--smartTable-header-inner\"]"}
COMMAND: POST /session/c4f16a488098e9dddf5573a2ff081d1c/execute/sync - {"script":"<script> [56 bytes]","args":[{"element-6066-11e4-a52e-4f735466cecf":"f.5FEBC22620E543977CDD67087BE3C0FA.d.FAA73737CDB0D82D65A25EFFB6A3BBD0.e.2419","ELEMENT":"f.5FEBC22620E543977CDD67087BE3C0FA.d.FAA73737CDB0D82D65A25EFFB6A3BBD0.e.2419"}]}
RESULT: {"script":"<script> [56 bytes]","args":[{"element-6066-11e4-a52e-4f735466cecf":"f.5FEBC22620E543977CDD67087BE3C0FA.d.FAA73737CDB0D82D65A25EFFB6A3BBD0.e.2419","ELEMENT":"f.5FEBC22620E543977CDD67087BE3C0FA.d.FAA73737CDB0D82D65A25EFFB6A3BBD0.e.2419"}]}
COMMAND: POST /session/c4f16a488098e9dddf5573a2ff081d1c/element - {"using":"css selector","value":"#shell-header-logo"}
COMMAND: GET /session/c4f16a488098e9dddf5573a2ff081d1c/screenshot - {}
RESULT: {"using":"css selector","value":"#shell-header-logo"}
COMMAND: POST /session/c4f16a488098e9dddf5573a2ff081d1c/element/f.5FEBC22620E543977CDD67087BE3C0FA.d.FAA73737CDB0D82D65A25EFFB6A3BBD0.e.2225/click - {}
RESULT: {}
RESULT: {}
COMMAND: GET /session/c4f16a488098e9dddf5573a2ff081d1c/screenshot - {}
RESULT: {}
COMMAND: POST /session/c4f16a488098e9dddf5573a2ff081d1c/execute/async - {"script":"<script> [1562 bytes]","args":[{"selector":{"controlType":"sap.m.GenericTile","properties":{"header":"Manage Sites"}},"wdio_ui5_key":"sapm.GenericTile{\"header\":\"Manage Sites\"}"}]}
RESULT: {"script":"<script> [1562 bytes]","args":[{"selector":{"controlType":"sap.m.GenericTile","properties":{"header":"Manage Sites"}},"wdio_ui5_key":"sapm.GenericTile{\"header\":\"Manage Sites\"}"}]}
RESULT: undefined
COMMAND: POST /session/c4f16a488098e9dddf5573a2ff081d1c/element - {"using":"xpath","value":"//*[@id=\"__tile40\"]"}
RESULT: {"using":"xpath","value":"//*[@id=\"__tile40\"]"}
COMMAND: POST /session/c4f16a488098e9dddf5573a2ff081d1c/element/f.5FEBC22620E543977CDD67087BE3C0FA.d.FAA73737CDB0D82D65A25EFFB6A3BBD0.e.168/click - {}
RESULT: {}
COMMAND: GET /session/c4f16a488098e9dddf5573a2ff081d1c/screenshot - {}
RESULT: {}
COMMAND: POST /session/c4f16a488098e9dddf5573a2ff081d1c/elements - {"using":"xpath","value":"//span[text()='Error']"}
RESULT: {"using":"xpath","value":"//span[text()='Error']"}
COMMAND: POST /session/c4f16a488098e9dddf5573a2ff081d1c/element - {"using":"xpath","value":"//button[@data-kt=\"addOverflowToolbarButton\"]"}
RESULT: {"using":"xpath","value":"//button[@data-kt=\"addOverflowToolbarButton\"]"}
COMMAND: POST /session/c4f16a488098e9dddf5573a2ff081d1c/elements - {"using":"xpath","value":"//button[@data-kt=\"addOverflowToolbarButton\"]"}
RESULT: {"using":"xpath","value":"//button[@data-kt=\"addOverflowToolbarButton\"]"}
COMMAND: POST /session/c4f16a488098e9dddf5573a2ff081d1c/execute/sync - {"script":"<script> [8489 bytes]","args":[{"element-6066-11e4-a52e-4f735466cecf":"f.5FEBC22620E543977CDD67087BE3C0FA.d.FAA73737CDB0D82D65A25EFFB6A3BBD0.e.2478","ELEMENT":"f.5FEBC22620E543977CDD67087BE3C0FA.d.FAA73737CDB0D82D65A25EFFB6A3BBD0.e.2478"}]}
RESULT: {"script":"<script> [8489 bytes]","args":[{"element-6066-11e4-a52e-4f735466cecf":"f.5FEBC22620E543977CDD67087BE3C0FA.d.FAA73737CDB0D82D65A25EFFB6A3BBD0.e.2478","ELEMENT":"f.5FEBC22620E543977CDD67087BE3C0FA.d.FAA73737CDB0D82D65A25EFFB6A3BBD0.e.2478"}]}
COMMAND: GET /session/c4f16a488098e9dddf5573a2ff081d1c/element/f.5FEBC22620E543977CDD67087BE3C0FA.d.FAA73737CDB0D82D65A25EFFB6A3BBD0.e.2478/enabled - {}
COMMAND: GET /session/c4f16a488098e9dddf5573a2ff081d1c/screenshot - {}
RESULT: {}
COMMAND: POST /session/c4f16a488098e9dddf5573a2ff081d1c/execute/sync - {"script":"<script> [8489 bytes]","args":[{"element-6066-11e4-a52e-4f735466cecf":"f.5FEBC22620E543977CDD67087BE3C0FA.d.FAA73737CDB0D82D65A25EFFB6A3BBD0.e.2478","ELEMENT":"f.5FEBC22620E543977CDD67087BE3C0FA.d.FAA73737CDB0D82D65A25EFFB6A3BBD0.e.2478"}]}
COMMAND: GET /session/c4f16a488098e9dddf5573a2ff081d1c/screenshot - {}
RESULT: {}
RESULT: {}
RESULT: {"script":"<script> [8489 bytes]","args":[{"element-6066-11e4-a52e-4f735466cecf":"f.5FEBC22620E543977CDD67087BE3C0FA.d.FAA73737CDB0D82D65A25EFFB6A3BBD0.e.2478","ELEMENT":"f.5FEBC22620E543977CDD67087BE3C0FA.d.FAA73737CDB0D82D65A25EFFB6A3BBD0.e.2478"}]}
COMMAND: POST /session/c4f16a488098e9dddf5573a2ff081d1c/execute/sync - {"script":"<script> [5351 bytes]","args":[{"element-6066-11e4-a52e-4f735466cecf":"f.5FEBC22620E543977CDD67087BE3C0FA.d.FAA73737CDB0D82D65A25EFFB6A3BBD0.e.2478","ELEMENT":"f.5FEBC22620E543977CDD67087BE3C0FA.d.FAA73737CDB0D82D65A25EFFB6A3BBD0.e.2478"}]}
COMMAND: GET /session/c4f16a488098e9dddf5573a2ff081d1c/screenshot - {}
RESULT: {"script":"<script> [5351 bytes]","args":[{"element-6066-11e4-a52e-4f735466cecf":"f.5FEBC22620E543977CDD67087BE3C0FA.d.FAA73737CDB0D82D65A25EFFB6A3BBD0.e.2478","ELEMENT":"f.5FEBC22620E543977CDD67087BE3C0FA.d.FAA73737CDB0D82D65A25EFFB6A3BBD0.e.2478"}]}
COMMAND: GET /session/c4f16a488098e9dddf5573a2ff081d1c/screenshot - {}
RESULT: {}
RESULT: {}
COMMAND: POST /session/c4f16a488098e9dddf5573a2ff081d1c/element/f.5FEBC22620E543977CDD67087BE3C0FA.d.FAA73737CDB0D82D65A25EFFB6A3BBD0.e.2478/click - {}
RESULT: {}
COMMAND: GET /session/c4f16a488098e9dddf5573a2ff081d1c/screenshot - {}
COMMAND: POST /session/c4f16a488098e9dddf5573a2ff081d1c/execute/async - {"script":"<script> [1562 bytes]","args":[{"selector":{"controlType":"sap.m.Button","viewName":"etm.portal.ui.managesites.view.NewSmartSite","viewId":"application-managesites-display-component---NewSite","properties":{"text":"Contacts (Users)"},"interaction":{"idSuffix":"BDI-content"}},"wdio_ui5_key":"etmportal.ui.managesites.view.NewSmartSitesap.m.Button{\"text\":\"Contacts (Users)\"}"}]}
RESULT: {}
RESULT: {"script":"<script> [1562 bytes]","args":[{"selector":{"controlType":"sap.m.Button","viewName":"etm.portal.ui.managesites.view.NewSmartSite","viewId":"application-managesites-display-component---NewSite","properties":{"text":"Contacts (Users)"},"interaction":{"idSuffix":"BDI-content"}},"wdio_ui5_key":"etmportal.ui.managesites.view.NewSmartSitesap.m.Button{\"text\":\"Contacts (Users)\"}"}]}
RESULT: undefined
COMMAND: POST /session/c4f16a488098e9dddf5573a2ff081d1c/element - {"using":"xpath","value":"//*[@id=\"application-managesites-display-component---NewSite--ObjectPageLayout-anchBar-__section50-anchor\"]"}
RESULT: {"using":"xpath","value":"//*[@id=\"application-managesites-display-component---NewSite--ObjectPageLayout-anchBar-__section50-anchor\"]"}
COMMAND: POST /session/c4f16a488098e9dddf5573a2ff081d1c/element/f.5FEBC22620E543977CDD67087BE3C0FA.d.FAA73737CDB0D82D65A25EFFB6A3BBD0.e.3099/click - {}
RESULT: {}
COMMAND: GET /session/c4f16a488098e9dddf5573a2ff081d1c/screenshot - {}
RESULT: {}
COMMAND: POST /session/c4f16a488098e9dddf5573a2ff081d1c/element - {"using":"xpath","value":"//button[@data-kt=\"onAddUserOverflowToolbarButton\"]"}
RESULT: {"using":"xpath","value":"//button[@data-kt=\"onAddUserOverflowToolbarButton\"]"}
COMMAND: POST /session/c4f16a488098e9dddf5573a2ff081d1c/element/f.5FEBC22620E543977CDD67087BE3C0FA.d.FAA73737CDB0D82D65A25EFFB6A3BBD0.e.3105/click - {}
RESULT: {}
COMMAND: GET /session/c4f16a488098e9dddf5573a2ff081d1c/screenshot - {}
RESULT: {}
COMMAND: POST /session/c4f16a488098e9dddf5573a2ff081d1c/execute/async - {"script":"<script> [1562 bytes]","args":[{"selector":{"controlType":"sap.m.SearchField","viewName":"etm.portal.ui.managesites.view.NewSmartSite","viewId":"application-managesites-display-component---NewSite","searchOpenDialogs":true,"interaction":{"idSuffix":"I"}},"wdio_ui5_key":"etmportal.ui.managesites.view.NewSmartSitesap.m.SearchField"}]}
RESULT: {"script":"<script> [1562 bytes]","args":[{"selector":{"controlType":"sap.m.SearchField","viewName":"etm.portal.ui.managesites.view.NewSmartSite","viewId":"application-managesites-display-component---NewSite","searchOpenDialogs":true,"interaction":{"idSuffix":"I"}},"wdio_ui5_key":"etmportal.ui.managesites.view.NewSmartSitesap.m.SearchField"}]}
RESULT: undefined
COMMAND: POST /session/c4f16a488098e9dddf5573a2ff081d1c/execute/async - {"script":"<script> [776 bytes]","args":[{"enterText":"Test1ETM","selector":{"controlType":"sap.m.SearchField","viewName":"etm.portal.ui.managesites.view.NewSmartSite","viewId":"application-managesites-display-component---NewSite","searchOpenDialogs":true,"interaction":{"idSuffix":"I"}},"clearTextFirst":true,"interactionType":"ENTER_TEXT"}]}
RESULT: {"script":"<script> [776 bytes]","args":[{"enterText":"Test1ETM","selector":{"controlType":"sap.m.SearchField","viewName":"etm.portal.ui.managesites.view.NewSmartSite","viewId":"application-managesites-display-component---NewSite","searchOpenDialogs":true,"interaction":{"idSuffix":"I"}},"clearTextFirst":true,"interactionType":"ENTER_TEXT"}]}
COMMAND: POST /session/c4f16a488098e9dddf5573a2ff081d1c/actions - {"actions":[{"id":"action12","type":"key","parameters":{},"actions":[{"type":"keyDown","value":""},{"type":"pause","duration":10},{"type":"keyUp","value":""}]}]}
RESULT: {"actions":[{"id":"action12","type":"key","parameters":{},"actions":[{"type":"keyDown","value":""},{"type":"pause","duration":10},{"type":"keyUp","value":""}]}]}
COMMAND: GET /session/c4f16a488098e9dddf5573a2ff081d1c/screenshot - {}
RESULT: {}
COMMAND: POST /session/c4f16a488098e9dddf5573a2ff081d1c/element - {"using":"xpath","value":"//li[.//*[contains(text(), \"Test1ETM\")] or contains(text(), \"Test1ETM\")]"}
RESULT: {"using":"xpath","value":"//li[.//*[contains(text(), \"Test1ETM\")] or contains(text(), \"Test1ETM\")]"}
COMMAND: POST /session/c4f16a488098e9dddf5573a2ff081d1c/elements - {"using":"xpath","value":"//li[.//*[contains(text(), \"Test1ETM\")] or contains(text(), \"Test1ETM\")]"}
RESULT: {"using":"xpath","value":"//li[.//*[contains(text(), \"Test1ETM\")] or contains(text(), \"Test1ETM\")]"}
COMMAND: POST /session/c4f16a488098e9dddf5573a2ff081d1c/element - {"using":"xpath","value":"//button[.//bdi[contains(text(), \"Cancel\")]][1]"}
RESULT: {"using":"xpath","value":"//button[.//bdi[contains(text(), \"Cancel\")]][1]"}
COMMAND: POST /session/c4f16a488098e9dddf5573a2ff081d1c/element/f.5FEBC22620E543977CDD67087BE3C0FA.d.FAA73737CDB0D82D65A25EFFB6A3BBD0.e.3111/click - {}
RESULT: {}
COMMAND: GET /session/c4f16a488098e9dddf5573a2ff081d1c/screenshot - {}
RESULT: {}
COMMAND: POST /session/c4f16a488098e9dddf5573a2ff081d1c/element - {"using":"css selector","value":"#shell-header-logo"}
RESULT: {"using":"css selector","value":"#shell-header-logo"}
COMMAND: POST /session/c4f16a488098e9dddf5573a2ff081d1c/element/f.5FEBC22620E543977CDD67087BE3C0FA.d.FAA73737CDB0D82D65A25EFFB6A3BBD0.e.2432/click - {}
RESULT: {}
COMMAND: GET /session/c4f16a488098e9dddf5573a2ff081d1c/screenshot - {}
RESULT: {}
]]></system-out>
    </testcase>
    <testcase classname="chrome.136_0_7103_93.windows.Address_Management_Tests_US156181_US151165_US151160_US156180_US156178_US151157_US151172_US151170_US151166_US151168" name="Step 7 Should try to save empty address US151170 BUGGED FOR NOW" time="114.51">
      <failure/>
      <error message="Expect $(`//span[contains(@class, &quot;sapMMsgBoxText&quot;)]`) to be existing&#xA;&#xA;Expected: &quot;existing&quot;&#xA;Received: &quot;not existing&quot;"/>
      <system-out><![CDATA[
RESULT: undefined
COMMAND: POST /session/c4f16a488098e9dddf5573a2ff081d1c/element - {"using":"xpath","value":"//*[@id=\"__tile33\"]"}
RESULT: {"using":"xpath","value":"//*[@id=\"__tile33\"]"}
COMMAND: POST /session/c4f16a488098e9dddf5573a2ff081d1c/element/f.5FEBC22620E543977CDD67087BE3C0FA.d.FAA73737CDB0D82D65A25EFFB6A3BBD0.e.226/click - {}
RESULT: {}
COMMAND: GET /session/c4f16a488098e9dddf5573a2ff081d1c/screenshot - {}
RESULT: {}
COMMAND: POST /session/c4f16a488098e9dddf5573a2ff081d1c/elements - {"using":"xpath","value":"//span[text()='Error']"}
RESULT: {"using":"xpath","value":"//span[text()='Error']"}
COMMAND: POST /session/c4f16a488098e9dddf5573a2ff081d1c/element - {"using":"xpath","value":"//button[@data-kt=\"addButton\"]"}
RESULT: {"using":"xpath","value":"//button[@data-kt=\"addButton\"]"}
COMMAND: POST /session/c4f16a488098e9dddf5573a2ff081d1c/elements - {"using":"xpath","value":"//button[@data-kt=\"addButton\"]"}
RESULT: {"using":"xpath","value":"//button[@data-kt=\"addButton\"]"}
COMMAND: POST /session/c4f16a488098e9dddf5573a2ff081d1c/execute/sync - {"script":"<script> [8489 bytes]","args":[{"element-6066-11e4-a52e-4f735466cecf":"f.5FEBC22620E543977CDD67087BE3C0FA.d.FAA73737CDB0D82D65A25EFFB6A3BBD0.e.3281","ELEMENT":"f.5FEBC22620E543977CDD67087BE3C0FA.d.FAA73737CDB0D82D65A25EFFB6A3BBD0.e.3281"}]}
RESULT: {"script":"<script> [8489 bytes]","args":[{"element-6066-11e4-a52e-4f735466cecf":"f.5FEBC22620E543977CDD67087BE3C0FA.d.FAA73737CDB0D82D65A25EFFB6A3BBD0.e.3281","ELEMENT":"f.5FEBC22620E543977CDD67087BE3C0FA.d.FAA73737CDB0D82D65A25EFFB6A3BBD0.e.3281"}]}
COMMAND: GET /session/c4f16a488098e9dddf5573a2ff081d1c/element/f.5FEBC22620E543977CDD67087BE3C0FA.d.FAA73737CDB0D82D65A25EFFB6A3BBD0.e.3281/enabled - {}
COMMAND: GET /session/c4f16a488098e9dddf5573a2ff081d1c/screenshot - {}
RESULT: {}
COMMAND: POST /session/c4f16a488098e9dddf5573a2ff081d1c/execute/sync - {"script":"<script> [8489 bytes]","args":[{"element-6066-11e4-a52e-4f735466cecf":"f.5FEBC22620E543977CDD67087BE3C0FA.d.FAA73737CDB0D82D65A25EFFB6A3BBD0.e.3281","ELEMENT":"f.5FEBC22620E543977CDD67087BE3C0FA.d.FAA73737CDB0D82D65A25EFFB6A3BBD0.e.3281"}]}
COMMAND: GET /session/c4f16a488098e9dddf5573a2ff081d1c/screenshot - {}
RESULT: {}
RESULT: {"script":"<script> [8489 bytes]","args":[{"element-6066-11e4-a52e-4f735466cecf":"f.5FEBC22620E543977CDD67087BE3C0FA.d.FAA73737CDB0D82D65A25EFFB6A3BBD0.e.3281","ELEMENT":"f.5FEBC22620E543977CDD67087BE3C0FA.d.FAA73737CDB0D82D65A25EFFB6A3BBD0.e.3281"}]}
COMMAND: POST /session/c4f16a488098e9dddf5573a2ff081d1c/execute/sync - {"script":"<script> [5351 bytes]","args":[{"element-6066-11e4-a52e-4f735466cecf":"f.5FEBC22620E543977CDD67087BE3C0FA.d.FAA73737CDB0D82D65A25EFFB6A3BBD0.e.3281","ELEMENT":"f.5FEBC22620E543977CDD67087BE3C0FA.d.FAA73737CDB0D82D65A25EFFB6A3BBD0.e.3281"}]}
COMMAND: GET /session/c4f16a488098e9dddf5573a2ff081d1c/screenshot - {}
RESULT: {}
RESULT: {"script":"<script> [5351 bytes]","args":[{"element-6066-11e4-a52e-4f735466cecf":"f.5FEBC22620E543977CDD67087BE3C0FA.d.FAA73737CDB0D82D65A25EFFB6A3BBD0.e.3281","ELEMENT":"f.5FEBC22620E543977CDD67087BE3C0FA.d.FAA73737CDB0D82D65A25EFFB6A3BBD0.e.3281"}]}
COMMAND: GET /session/c4f16a488098e9dddf5573a2ff081d1c/screenshot - {}
RESULT: {}
RESULT: {}
RESULT: undefined
COMMAND: POST /session/c4f16a488098e9dddf5573a2ff081d1c/execute/async - {"script":"<script> [776 bytes]","args":[{"enterText":"MwgOKmxyk5","selector":{"id":"application-addressmanagement-display-component---masterAdm--smartFilterBar-btnBasicSearch","interaction":{"idSuffix":"I"}},"clearTextFirst":true,"interactionType":"ENTER_TEXT"}]}
RESULT: {"script":"<script> [776 bytes]","args":[{"enterText":"MwgOKmxyk5","selector":{"id":"application-addressmanagement-display-component---masterAdm--smartFilterBar-btnBasicSearch","interaction":{"idSuffix":"I"}},"clearTextFirst":true,"interactionType":"ENTER_TEXT"}]}
COMMAND: POST /session/c4f16a488098e9dddf5573a2ff081d1c/actions - {"actions":[{"id":"action13","type":"key","parameters":{},"actions":[{"type":"keyDown","value":""},{"type":"pause","duration":10},{"type":"keyUp","value":""}]}]}
RESULT: {"actions":[{"id":"action13","type":"key","parameters":{},"actions":[{"type":"keyDown","value":""},{"type":"pause","duration":10},{"type":"keyUp","value":""}]}]}
COMMAND: GET /session/c4f16a488098e9dddf5573a2ff081d1c/screenshot - {}
RESULT: {}
COMMAND: POST /session/c4f16a488098e9dddf5573a2ff081d1c/elements - {"using":"xpath","value":"//table[contains(@id, \"customPersonsAddressesTable-listUl\")]/tbody/tr"}
RESULT: {"using":"xpath","value":"//table[contains(@id, \"customPersonsAddressesTable-listUl\")]/tbody/tr"}
COMMAND: POST /session/c4f16a488098e9dddf5573a2ff081d1c/element - {"using":"xpath","value":"//table[contains(@id, \"customPersonsAddressesTable-listUl\")]/tbody/tr[1]/td[5]/span/span"}
RESULT: {"using":"xpath","value":"//table[contains(@id, \"customPersonsAddressesTable-listUl\")]/tbody/tr[1]/td[5]/span/span"}
COMMAND: POST /session/c4f16a488098e9dddf5573a2ff081d1c/element - {"using":"xpath","value":"//table[contains(@id, \"customPersonsAddressesTable-listUl\")]/tbody/tr[1]/td[3]/span"}
RESULT: {"using":"xpath","value":"//table[contains(@id, \"customPersonsAddressesTable-listUl\")]/tbody/tr[1]/td[3]/span"}
COMMAND: POST /session/c4f16a488098e9dddf5573a2ff081d1c/elements - {"using":"xpath","value":"//table[contains(@id, \"customPersonsAddressesTable-listUl\")]/tbody/tr[1]/td[5]/span/span"}
RESULT: {"using":"xpath","value":"//table[contains(@id, \"customPersonsAddressesTable-listUl\")]/tbody/tr[1]/td[5]/span/span"}
COMMAND: POST /session/c4f16a488098e9dddf5573a2ff081d1c/execute/sync - {"script":"<script> [56 bytes]","args":[{"element-6066-11e4-a52e-4f735466cecf":"f.5FEBC22620E543977CDD67087BE3C0FA.d.FAA73737CDB0D82D65A25EFFB6A3BBD0.e.3311","ELEMENT":"f.5FEBC22620E543977CDD67087BE3C0FA.d.FAA73737CDB0D82D65A25EFFB6A3BBD0.e.3311"}]}
RESULT: {"script":"<script> [56 bytes]","args":[{"element-6066-11e4-a52e-4f735466cecf":"f.5FEBC22620E543977CDD67087BE3C0FA.d.FAA73737CDB0D82D65A25EFFB6A3BBD0.e.3311","ELEMENT":"f.5FEBC22620E543977CDD67087BE3C0FA.d.FAA73737CDB0D82D65A25EFFB6A3BBD0.e.3311"}]}
COMMAND: POST /session/c4f16a488098e9dddf5573a2ff081d1c/element - {"using":"xpath","value":"(//span[contains(@id, \"imgNav\")])[1]"}
COMMAND: GET /session/c4f16a488098e9dddf5573a2ff081d1c/screenshot - {}
RESULT: {"using":"xpath","value":"(//span[contains(@id, \"imgNav\")])[1]"}
COMMAND: POST /session/c4f16a488098e9dddf5573a2ff081d1c/element/f.5FEBC22620E543977CDD67087BE3C0FA.d.FAA73737CDB0D82D65A25EFFB6A3BBD0.e.3309/click - {}
RESULT: {}
RESULT: {}
COMMAND: GET /session/c4f16a488098e9dddf5573a2ff081d1c/screenshot - {}
COMMAND: POST /session/c4f16a488098e9dddf5573a2ff081d1c/element - {"using":"xpath","value":"//bdi[contains(text(), \"Edit\")]"}
RESULT: {}
RESULT: {"using":"xpath","value":"//bdi[contains(text(), \"Edit\")]"}
COMMAND: POST /session/c4f16a488098e9dddf5573a2ff081d1c/element/f.5FEBC22620E543977CDD67087BE3C0FA.d.FAA73737CDB0D82D65A25EFFB6A3BBD0.e.3438/click - {}
RESULT: {}
COMMAND: GET /session/c4f16a488098e9dddf5573a2ff081d1c/screenshot - {}
RESULT: {}
COMMAND: POST /session/c4f16a488098e9dddf5573a2ff081d1c/execute/async - {"script":"<script> [1562 bytes]","args":[{"selector":{"controlType":"sap.m.Input","viewName":"etm.portal.ui.addressmanagement.view.EditDetail","labelFor":{"text":"Name"},"interaction":{"idSuffix":"inner"}},"wdio_ui5_key":"etmportal.ui.addressmanagement.view.EditDetailsap.m.Input{\"text\":\"Name\"}"}]}
RESULT: {"script":"<script> [1562 bytes]","args":[{"selector":{"controlType":"sap.m.Input","viewName":"etm.portal.ui.addressmanagement.view.EditDetail","labelFor":{"text":"Name"},"interaction":{"idSuffix":"inner"}},"wdio_ui5_key":"etmportal.ui.addressmanagement.view.EditDetailsap.m.Input{\"text\":\"Name\"}"}]}
RESULT: undefined
COMMAND: POST /session/c4f16a488098e9dddf5573a2ff081d1c/element - {"using":"css selector","value":"#shell-header-logo"}
RESULT: {"using":"css selector","value":"#shell-header-logo"}
COMMAND: POST /session/c4f16a488098e9dddf5573a2ff081d1c/element/f.5FEBC22620E543977CDD67087BE3C0FA.d.FAA73737CDB0D82D65A25EFFB6A3BBD0.e.3116/click - {}
RESULT: {}
COMMAND: GET /session/c4f16a488098e9dddf5573a2ff081d1c/screenshot - {}
RESULT: {}
COMMAND: POST /session/c4f16a488098e9dddf5573a2ff081d1c/element - {"using":"xpath","value":"//span[contains(@class, \"sapMMsgBoxText\")]"}
RESULT: {"using":"xpath","value":"//span[contains(@class, \"sapMMsgBoxText\")]"}
COMMAND: POST /session/c4f16a488098e9dddf5573a2ff081d1c/elements - {"using":"xpath","value":"//span[contains(@class, \"sapMMsgBoxText\")]"}
RESULT: {"using":"xpath","value":"//span[contains(@class, \"sapMMsgBoxText\")]"}
COMMAND: POST /session/c4f16a488098e9dddf5573a2ff081d1c/elements - {"using":"xpath","value":"//span[contains(@class, \"sapMMsgBoxText\")]"}
RESULT: {"using":"xpath","value":"//span[contains(@class, \"sapMMsgBoxText\")]"}
COMMAND: POST /session/c4f16a488098e9dddf5573a2ff081d1c/elements - {"using":"xpath","value":"//span[contains(@class, \"sapMMsgBoxText\")]"}
RESULT: {"using":"xpath","value":"//span[contains(@class, \"sapMMsgBoxText\")]"}
COMMAND: POST /session/c4f16a488098e9dddf5573a2ff081d1c/elements - {"using":"xpath","value":"//span[contains(@class, \"sapMMsgBoxText\")]"}
RESULT: {"using":"xpath","value":"//span[contains(@class, \"sapMMsgBoxText\")]"}
COMMAND: POST /session/c4f16a488098e9dddf5573a2ff081d1c/elements - {"using":"xpath","value":"//span[contains(@class, \"sapMMsgBoxText\")]"}
RESULT: {"using":"xpath","value":"//span[contains(@class, \"sapMMsgBoxText\")]"}
COMMAND: POST /session/c4f16a488098e9dddf5573a2ff081d1c/elements - {"using":"xpath","value":"//span[contains(@class, \"sapMMsgBoxText\")]"}
RESULT: {"using":"xpath","value":"//span[contains(@class, \"sapMMsgBoxText\")]"}
COMMAND: POST /session/c4f16a488098e9dddf5573a2ff081d1c/elements - {"using":"xpath","value":"//span[contains(@class, \"sapMMsgBoxText\")]"}
RESULT: {"using":"xpath","value":"//span[contains(@class, \"sapMMsgBoxText\")]"}
COMMAND: POST /session/c4f16a488098e9dddf5573a2ff081d1c/elements - {"using":"xpath","value":"//span[contains(@class, \"sapMMsgBoxText\")]"}
RESULT: {"using":"xpath","value":"//span[contains(@class, \"sapMMsgBoxText\")]"}
COMMAND: POST /session/c4f16a488098e9dddf5573a2ff081d1c/elements - {"using":"xpath","value":"//span[contains(@class, \"sapMMsgBoxText\")]"}
RESULT: {"using":"xpath","value":"//span[contains(@class, \"sapMMsgBoxText\")]"}
COMMAND: POST /session/c4f16a488098e9dddf5573a2ff081d1c/elements - {"using":"xpath","value":"//span[contains(@class, \"sapMMsgBoxText\")]"}
RESULT: {"using":"xpath","value":"//span[contains(@class, \"sapMMsgBoxText\")]"}
COMMAND: POST /session/c4f16a488098e9dddf5573a2ff081d1c/elements - {"using":"xpath","value":"//span[contains(@class, \"sapMMsgBoxText\")]"}
RESULT: {"using":"xpath","value":"//span[contains(@class, \"sapMMsgBoxText\")]"}
COMMAND: POST /session/c4f16a488098e9dddf5573a2ff081d1c/elements - {"using":"xpath","value":"//span[contains(@class, \"sapMMsgBoxText\")]"}
RESULT: {"using":"xpath","value":"//span[contains(@class, \"sapMMsgBoxText\")]"}
COMMAND: POST /session/c4f16a488098e9dddf5573a2ff081d1c/elements - {"using":"xpath","value":"//span[contains(@class, \"sapMMsgBoxText\")]"}
RESULT: {"using":"xpath","value":"//span[contains(@class, \"sapMMsgBoxText\")]"}
COMMAND: POST /session/c4f16a488098e9dddf5573a2ff081d1c/elements - {"using":"xpath","value":"//span[contains(@class, \"sapMMsgBoxText\")]"}
RESULT: {"using":"xpath","value":"//span[contains(@class, \"sapMMsgBoxText\")]"}
COMMAND: POST /session/c4f16a488098e9dddf5573a2ff081d1c/elements - {"using":"xpath","value":"//span[contains(@class, \"sapMMsgBoxText\")]"}
RESULT: {"using":"xpath","value":"//span[contains(@class, \"sapMMsgBoxText\")]"}
COMMAND: POST /session/c4f16a488098e9dddf5573a2ff081d1c/elements - {"using":"xpath","value":"//span[contains(@class, \"sapMMsgBoxText\")]"}
RESULT: {"using":"xpath","value":"//span[contains(@class, \"sapMMsgBoxText\")]"}
COMMAND: POST /session/c4f16a488098e9dddf5573a2ff081d1c/elements - {"using":"xpath","value":"//span[contains(@class, \"sapMMsgBoxText\")]"}
RESULT: {"using":"xpath","value":"//span[contains(@class, \"sapMMsgBoxText\")]"}
COMMAND: POST /session/c4f16a488098e9dddf5573a2ff081d1c/elements - {"using":"xpath","value":"//span[contains(@class, \"sapMMsgBoxText\")]"}
RESULT: {"using":"xpath","value":"//span[contains(@class, \"sapMMsgBoxText\")]"}
COMMAND: POST /session/c4f16a488098e9dddf5573a2ff081d1c/elements - {"using":"xpath","value":"//span[contains(@class, \"sapMMsgBoxText\")]"}
RESULT: {"using":"xpath","value":"//span[contains(@class, \"sapMMsgBoxText\")]"}
COMMAND: POST /session/c4f16a488098e9dddf5573a2ff081d1c/elements - {"using":"xpath","value":"//span[contains(@class, \"sapMMsgBoxText\")]"}
RESULT: {"using":"xpath","value":"//span[contains(@class, \"sapMMsgBoxText\")]"}
COMMAND: POST /session/c4f16a488098e9dddf5573a2ff081d1c/elements - {"using":"xpath","value":"//span[contains(@class, \"sapMMsgBoxText\")]"}
RESULT: {"using":"xpath","value":"//span[contains(@class, \"sapMMsgBoxText\")]"}
COMMAND: POST /session/c4f16a488098e9dddf5573a2ff081d1c/elements - {"using":"xpath","value":"//span[contains(@class, \"sapMMsgBoxText\")]"}
RESULT: {"using":"xpath","value":"//span[contains(@class, \"sapMMsgBoxText\")]"}
COMMAND: POST /session/c4f16a488098e9dddf5573a2ff081d1c/elements - {"using":"xpath","value":"//span[contains(@class, \"sapMMsgBoxText\")]"}
RESULT: {"using":"xpath","value":"//span[contains(@class, \"sapMMsgBoxText\")]"}
COMMAND: POST /session/c4f16a488098e9dddf5573a2ff081d1c/elements - {"using":"xpath","value":"//span[contains(@class, \"sapMMsgBoxText\")]"}
RESULT: {"using":"xpath","value":"//span[contains(@class, \"sapMMsgBoxText\")]"}
COMMAND: POST /session/c4f16a488098e9dddf5573a2ff081d1c/elements - {"using":"xpath","value":"//span[contains(@class, \"sapMMsgBoxText\")]"}
RESULT: {"using":"xpath","value":"//span[contains(@class, \"sapMMsgBoxText\")]"}
COMMAND: POST /session/c4f16a488098e9dddf5573a2ff081d1c/elements - {"using":"xpath","value":"//span[contains(@class, \"sapMMsgBoxText\")]"}
RESULT: {"using":"xpath","value":"//span[contains(@class, \"sapMMsgBoxText\")]"}
COMMAND: POST /session/c4f16a488098e9dddf5573a2ff081d1c/elements - {"using":"xpath","value":"//span[contains(@class, \"sapMMsgBoxText\")]"}
RESULT: {"using":"xpath","value":"//span[contains(@class, \"sapMMsgBoxText\")]"}
COMMAND: POST /session/c4f16a488098e9dddf5573a2ff081d1c/elements - {"using":"xpath","value":"//span[contains(@class, \"sapMMsgBoxText\")]"}
RESULT: {"using":"xpath","value":"//span[contains(@class, \"sapMMsgBoxText\")]"}
COMMAND: POST /session/c4f16a488098e9dddf5573a2ff081d1c/elements - {"using":"xpath","value":"//span[contains(@class, \"sapMMsgBoxText\")]"}
RESULT: {"using":"xpath","value":"//span[contains(@class, \"sapMMsgBoxText\")]"}
COMMAND: POST /session/c4f16a488098e9dddf5573a2ff081d1c/elements - {"using":"xpath","value":"//span[contains(@class, \"sapMMsgBoxText\")]"}
RESULT: {"using":"xpath","value":"//span[contains(@class, \"sapMMsgBoxText\")]"}
COMMAND: POST /session/c4f16a488098e9dddf5573a2ff081d1c/elements - {"using":"xpath","value":"//span[contains(@class, \"sapMMsgBoxText\")]"}
RESULT: {"using":"xpath","value":"//span[contains(@class, \"sapMMsgBoxText\")]"}
COMMAND: POST /session/c4f16a488098e9dddf5573a2ff081d1c/elements - {"using":"xpath","value":"//span[contains(@class, \"sapMMsgBoxText\")]"}
RESULT: {"using":"xpath","value":"//span[contains(@class, \"sapMMsgBoxText\")]"}
COMMAND: POST /session/c4f16a488098e9dddf5573a2ff081d1c/elements - {"using":"xpath","value":"//span[contains(@class, \"sapMMsgBoxText\")]"}
RESULT: {"using":"xpath","value":"//span[contains(@class, \"sapMMsgBoxText\")]"}
COMMAND: POST /session/c4f16a488098e9dddf5573a2ff081d1c/elements - {"using":"xpath","value":"//span[contains(@class, \"sapMMsgBoxText\")]"}
RESULT: {"using":"xpath","value":"//span[contains(@class, \"sapMMsgBoxText\")]"}
COMMAND: POST /session/c4f16a488098e9dddf5573a2ff081d1c/elements - {"using":"xpath","value":"//span[contains(@class, \"sapMMsgBoxText\")]"}
RESULT: {"using":"xpath","value":"//span[contains(@class, \"sapMMsgBoxText\")]"}
COMMAND: POST /session/c4f16a488098e9dddf5573a2ff081d1c/elements - {"using":"xpath","value":"//span[contains(@class, \"sapMMsgBoxText\")]"}
RESULT: {"using":"xpath","value":"//span[contains(@class, \"sapMMsgBoxText\")]"}
COMMAND: POST /session/c4f16a488098e9dddf5573a2ff081d1c/elements - {"using":"xpath","value":"//span[contains(@class, \"sapMMsgBoxText\")]"}
RESULT: {"using":"xpath","value":"//span[contains(@class, \"sapMMsgBoxText\")]"}
COMMAND: POST /session/c4f16a488098e9dddf5573a2ff081d1c/elements - {"using":"xpath","value":"//span[contains(@class, \"sapMMsgBoxText\")]"}
RESULT: {"using":"xpath","value":"//span[contains(@class, \"sapMMsgBoxText\")]"}
COMMAND: POST /session/c4f16a488098e9dddf5573a2ff081d1c/elements - {"using":"xpath","value":"//span[contains(@class, \"sapMMsgBoxText\")]"}
RESULT: {"using":"xpath","value":"//span[contains(@class, \"sapMMsgBoxText\")]"}
COMMAND: POST /session/c4f16a488098e9dddf5573a2ff081d1c/elements - {"using":"xpath","value":"//span[contains(@class, \"sapMMsgBoxText\")]"}
RESULT: {"using":"xpath","value":"//span[contains(@class, \"sapMMsgBoxText\")]"}
COMMAND: POST /session/c4f16a488098e9dddf5573a2ff081d1c/elements - {"using":"xpath","value":"//span[contains(@class, \"sapMMsgBoxText\")]"}
RESULT: {"using":"xpath","value":"//span[contains(@class, \"sapMMsgBoxText\")]"}
COMMAND: POST /session/c4f16a488098e9dddf5573a2ff081d1c/elements - {"using":"xpath","value":"//span[contains(@class, \"sapMMsgBoxText\")]"}
RESULT: {"using":"xpath","value":"//span[contains(@class, \"sapMMsgBoxText\")]"}
COMMAND: POST /session/c4f16a488098e9dddf5573a2ff081d1c/elements - {"using":"xpath","value":"//span[contains(@class, \"sapMMsgBoxText\")]"}
RESULT: {"using":"xpath","value":"//span[contains(@class, \"sapMMsgBoxText\")]"}
COMMAND: POST /session/c4f16a488098e9dddf5573a2ff081d1c/elements - {"using":"xpath","value":"//span[contains(@class, \"sapMMsgBoxText\")]"}
RESULT: {"using":"xpath","value":"//span[contains(@class, \"sapMMsgBoxText\")]"}
COMMAND: POST /session/c4f16a488098e9dddf5573a2ff081d1c/elements - {"using":"xpath","value":"//span[contains(@class, \"sapMMsgBoxText\")]"}
RESULT: {"using":"xpath","value":"//span[contains(@class, \"sapMMsgBoxText\")]"}
COMMAND: POST /session/c4f16a488098e9dddf5573a2ff081d1c/elements - {"using":"xpath","value":"//span[contains(@class, \"sapMMsgBoxText\")]"}
RESULT: {"using":"xpath","value":"//span[contains(@class, \"sapMMsgBoxText\")]"}
COMMAND: POST /session/c4f16a488098e9dddf5573a2ff081d1c/elements - {"using":"xpath","value":"//span[contains(@class, \"sapMMsgBoxText\")]"}
RESULT: {"using":"xpath","value":"//span[contains(@class, \"sapMMsgBoxText\")]"}
COMMAND: POST /session/c4f16a488098e9dddf5573a2ff081d1c/elements - {"using":"xpath","value":"//span[contains(@class, \"sapMMsgBoxText\")]"}
RESULT: {"using":"xpath","value":"//span[contains(@class, \"sapMMsgBoxText\")]"}
COMMAND: POST /session/c4f16a488098e9dddf5573a2ff081d1c/elements - {"using":"xpath","value":"//span[contains(@class, \"sapMMsgBoxText\")]"}
RESULT: {"using":"xpath","value":"//span[contains(@class, \"sapMMsgBoxText\")]"}
COMMAND: POST /session/c4f16a488098e9dddf5573a2ff081d1c/elements - {"using":"xpath","value":"//span[contains(@class, \"sapMMsgBoxText\")]"}
RESULT: {"using":"xpath","value":"//span[contains(@class, \"sapMMsgBoxText\")]"}
COMMAND: POST /session/c4f16a488098e9dddf5573a2ff081d1c/elements - {"using":"xpath","value":"//span[contains(@class, \"sapMMsgBoxText\")]"}
RESULT: {"using":"xpath","value":"//span[contains(@class, \"sapMMsgBoxText\")]"}
COMMAND: POST /session/c4f16a488098e9dddf5573a2ff081d1c/elements - {"using":"xpath","value":"//span[contains(@class, \"sapMMsgBoxText\")]"}
RESULT: {"using":"xpath","value":"//span[contains(@class, \"sapMMsgBoxText\")]"}
COMMAND: POST /session/c4f16a488098e9dddf5573a2ff081d1c/elements - {"using":"xpath","value":"//span[contains(@class, \"sapMMsgBoxText\")]"}
RESULT: {"using":"xpath","value":"//span[contains(@class, \"sapMMsgBoxText\")]"}
COMMAND: POST /session/c4f16a488098e9dddf5573a2ff081d1c/elements - {"using":"xpath","value":"//span[contains(@class, \"sapMMsgBoxText\")]"}
RESULT: {"using":"xpath","value":"//span[contains(@class, \"sapMMsgBoxText\")]"}
COMMAND: POST /session/c4f16a488098e9dddf5573a2ff081d1c/elements - {"using":"xpath","value":"//span[contains(@class, \"sapMMsgBoxText\")]"}
RESULT: {"using":"xpath","value":"//span[contains(@class, \"sapMMsgBoxText\")]"}
COMMAND: POST /session/c4f16a488098e9dddf5573a2ff081d1c/elements - {"using":"xpath","value":"//span[contains(@class, \"sapMMsgBoxText\")]"}
RESULT: {"using":"xpath","value":"//span[contains(@class, \"sapMMsgBoxText\")]"}
COMMAND: POST /session/c4f16a488098e9dddf5573a2ff081d1c/elements - {"using":"xpath","value":"//span[contains(@class, \"sapMMsgBoxText\")]"}
RESULT: {"using":"xpath","value":"//span[contains(@class, \"sapMMsgBoxText\")]"}
COMMAND: POST /session/c4f16a488098e9dddf5573a2ff081d1c/elements - {"using":"xpath","value":"//span[contains(@class, \"sapMMsgBoxText\")]"}
RESULT: {"using":"xpath","value":"//span[contains(@class, \"sapMMsgBoxText\")]"}
COMMAND: POST /session/c4f16a488098e9dddf5573a2ff081d1c/elements - {"using":"xpath","value":"//span[contains(@class, \"sapMMsgBoxText\")]"}
RESULT: {"using":"xpath","value":"//span[contains(@class, \"sapMMsgBoxText\")]"}
COMMAND: POST /session/c4f16a488098e9dddf5573a2ff081d1c/elements - {"using":"xpath","value":"//span[contains(@class, \"sapMMsgBoxText\")]"}
RESULT: {"using":"xpath","value":"//span[contains(@class, \"sapMMsgBoxText\")]"}
COMMAND: POST /session/c4f16a488098e9dddf5573a2ff081d1c/elements - {"using":"xpath","value":"//span[contains(@class, \"sapMMsgBoxText\")]"}
RESULT: {"using":"xpath","value":"//span[contains(@class, \"sapMMsgBoxText\")]"}
COMMAND: POST /session/c4f16a488098e9dddf5573a2ff081d1c/elements - {"using":"xpath","value":"//span[contains(@class, \"sapMMsgBoxText\")]"}
RESULT: {"using":"xpath","value":"//span[contains(@class, \"sapMMsgBoxText\")]"}
COMMAND: POST /session/c4f16a488098e9dddf5573a2ff081d1c/elements - {"using":"xpath","value":"//span[contains(@class, \"sapMMsgBoxText\")]"}
RESULT: {"using":"xpath","value":"//span[contains(@class, \"sapMMsgBoxText\")]"}
COMMAND: POST /session/c4f16a488098e9dddf5573a2ff081d1c/elements - {"using":"xpath","value":"//span[contains(@class, \"sapMMsgBoxText\")]"}
RESULT: {"using":"xpath","value":"//span[contains(@class, \"sapMMsgBoxText\")]"}
COMMAND: POST /session/c4f16a488098e9dddf5573a2ff081d1c/elements - {"using":"xpath","value":"//span[contains(@class, \"sapMMsgBoxText\")]"}
RESULT: {"using":"xpath","value":"//span[contains(@class, \"sapMMsgBoxText\")]"}
COMMAND: POST /session/c4f16a488098e9dddf5573a2ff081d1c/elements - {"using":"xpath","value":"//span[contains(@class, \"sapMMsgBoxText\")]"}
RESULT: {"using":"xpath","value":"//span[contains(@class, \"sapMMsgBoxText\")]"}
COMMAND: POST /session/c4f16a488098e9dddf5573a2ff081d1c/elements - {"using":"xpath","value":"//span[contains(@class, \"sapMMsgBoxText\")]"}
RESULT: {"using":"xpath","value":"//span[contains(@class, \"sapMMsgBoxText\")]"}
COMMAND: POST /session/c4f16a488098e9dddf5573a2ff081d1c/elements - {"using":"xpath","value":"//span[contains(@class, \"sapMMsgBoxText\")]"}
RESULT: {"using":"xpath","value":"//span[contains(@class, \"sapMMsgBoxText\")]"}
COMMAND: POST /session/c4f16a488098e9dddf5573a2ff081d1c/elements - {"using":"xpath","value":"//span[contains(@class, \"sapMMsgBoxText\")]"}
RESULT: {"using":"xpath","value":"//span[contains(@class, \"sapMMsgBoxText\")]"}
COMMAND: POST /session/c4f16a488098e9dddf5573a2ff081d1c/elements - {"using":"xpath","value":"//span[contains(@class, \"sapMMsgBoxText\")]"}
RESULT: {"using":"xpath","value":"//span[contains(@class, \"sapMMsgBoxText\")]"}
COMMAND: POST /session/c4f16a488098e9dddf5573a2ff081d1c/elements - {"using":"xpath","value":"//span[contains(@class, \"sapMMsgBoxText\")]"}
RESULT: {"using":"xpath","value":"//span[contains(@class, \"sapMMsgBoxText\")]"}
COMMAND: POST /session/c4f16a488098e9dddf5573a2ff081d1c/elements - {"using":"xpath","value":"//span[contains(@class, \"sapMMsgBoxText\")]"}
RESULT: {"using":"xpath","value":"//span[contains(@class, \"sapMMsgBoxText\")]"}
COMMAND: POST /session/c4f16a488098e9dddf5573a2ff081d1c/elements - {"using":"xpath","value":"//span[contains(@class, \"sapMMsgBoxText\")]"}
RESULT: {"using":"xpath","value":"//span[contains(@class, \"sapMMsgBoxText\")]"}
COMMAND: POST /session/c4f16a488098e9dddf5573a2ff081d1c/elements - {"using":"xpath","value":"//span[contains(@class, \"sapMMsgBoxText\")]"}
RESULT: {"using":"xpath","value":"//span[contains(@class, \"sapMMsgBoxText\")]"}
COMMAND: POST /session/c4f16a488098e9dddf5573a2ff081d1c/elements - {"using":"xpath","value":"//span[contains(@class, \"sapMMsgBoxText\")]"}
RESULT: {"using":"xpath","value":"//span[contains(@class, \"sapMMsgBoxText\")]"}
COMMAND: POST /session/c4f16a488098e9dddf5573a2ff081d1c/elements - {"using":"xpath","value":"//span[contains(@class, \"sapMMsgBoxText\")]"}
RESULT: {"using":"xpath","value":"//span[contains(@class, \"sapMMsgBoxText\")]"}
COMMAND: POST /session/c4f16a488098e9dddf5573a2ff081d1c/elements - {"using":"xpath","value":"//span[contains(@class, \"sapMMsgBoxText\")]"}
RESULT: {"using":"xpath","value":"//span[contains(@class, \"sapMMsgBoxText\")]"}
COMMAND: POST /session/c4f16a488098e9dddf5573a2ff081d1c/elements - {"using":"xpath","value":"//span[contains(@class, \"sapMMsgBoxText\")]"}
RESULT: {"using":"xpath","value":"//span[contains(@class, \"sapMMsgBoxText\")]"}
COMMAND: POST /session/c4f16a488098e9dddf5573a2ff081d1c/elements - {"using":"xpath","value":"//span[contains(@class, \"sapMMsgBoxText\")]"}
RESULT: {"using":"xpath","value":"//span[contains(@class, \"sapMMsgBoxText\")]"}
COMMAND: POST /session/c4f16a488098e9dddf5573a2ff081d1c/elements - {"using":"xpath","value":"//span[contains(@class, \"sapMMsgBoxText\")]"}
RESULT: {"using":"xpath","value":"//span[contains(@class, \"sapMMsgBoxText\")]"}
COMMAND: POST /session/c4f16a488098e9dddf5573a2ff081d1c/elements - {"using":"xpath","value":"//span[contains(@class, \"sapMMsgBoxText\")]"}
RESULT: {"using":"xpath","value":"//span[contains(@class, \"sapMMsgBoxText\")]"}
COMMAND: POST /session/c4f16a488098e9dddf5573a2ff081d1c/elements - {"using":"xpath","value":"//span[contains(@class, \"sapMMsgBoxText\")]"}
RESULT: {"using":"xpath","value":"//span[contains(@class, \"sapMMsgBoxText\")]"}
COMMAND: POST /session/c4f16a488098e9dddf5573a2ff081d1c/elements - {"using":"xpath","value":"//span[contains(@class, \"sapMMsgBoxText\")]"}
RESULT: {"using":"xpath","value":"//span[contains(@class, \"sapMMsgBoxText\")]"}
COMMAND: POST /session/c4f16a488098e9dddf5573a2ff081d1c/elements - {"using":"xpath","value":"//span[contains(@class, \"sapMMsgBoxText\")]"}
RESULT: {"using":"xpath","value":"//span[contains(@class, \"sapMMsgBoxText\")]"}
COMMAND: POST /session/c4f16a488098e9dddf5573a2ff081d1c/elements - {"using":"xpath","value":"//span[contains(@class, \"sapMMsgBoxText\")]"}
RESULT: {"using":"xpath","value":"//span[contains(@class, \"sapMMsgBoxText\")]"}
COMMAND: POST /session/c4f16a488098e9dddf5573a2ff081d1c/elements - {"using":"xpath","value":"//span[contains(@class, \"sapMMsgBoxText\")]"}
RESULT: {"using":"xpath","value":"//span[contains(@class, \"sapMMsgBoxText\")]"}
COMMAND: POST /session/c4f16a488098e9dddf5573a2ff081d1c/elements - {"using":"xpath","value":"//span[contains(@class, \"sapMMsgBoxText\")]"}
RESULT: {"using":"xpath","value":"//span[contains(@class, \"sapMMsgBoxText\")]"}
COMMAND: POST /session/c4f16a488098e9dddf5573a2ff081d1c/elements - {"using":"xpath","value":"//span[contains(@class, \"sapMMsgBoxText\")]"}
RESULT: {"using":"xpath","value":"//span[contains(@class, \"sapMMsgBoxText\")]"}
COMMAND: POST /session/c4f16a488098e9dddf5573a2ff081d1c/elements - {"using":"xpath","value":"//span[contains(@class, \"sapMMsgBoxText\")]"}
RESULT: {"using":"xpath","value":"//span[contains(@class, \"sapMMsgBoxText\")]"}
COMMAND: POST /session/c4f16a488098e9dddf5573a2ff081d1c/elements - {"using":"xpath","value":"//span[contains(@class, \"sapMMsgBoxText\")]"}
RESULT: {"using":"xpath","value":"//span[contains(@class, \"sapMMsgBoxText\")]"}
COMMAND: POST /session/c4f16a488098e9dddf5573a2ff081d1c/elements - {"using":"xpath","value":"//span[contains(@class, \"sapMMsgBoxText\")]"}
RESULT: {"using":"xpath","value":"//span[contains(@class, \"sapMMsgBoxText\")]"}
COMMAND: POST /session/c4f16a488098e9dddf5573a2ff081d1c/elements - {"using":"xpath","value":"//span[contains(@class, \"sapMMsgBoxText\")]"}
RESULT: {"using":"xpath","value":"//span[contains(@class, \"sapMMsgBoxText\")]"}
COMMAND: POST /session/c4f16a488098e9dddf5573a2ff081d1c/elements - {"using":"xpath","value":"//span[contains(@class, \"sapMMsgBoxText\")]"}
RESULT: {"using":"xpath","value":"//span[contains(@class, \"sapMMsgBoxText\")]"}
COMMAND: POST /session/c4f16a488098e9dddf5573a2ff081d1c/elements - {"using":"xpath","value":"//span[contains(@class, \"sapMMsgBoxText\")]"}
RESULT: {"using":"xpath","value":"//span[contains(@class, \"sapMMsgBoxText\")]"}
COMMAND: POST /session/c4f16a488098e9dddf5573a2ff081d1c/elements - {"using":"xpath","value":"//span[contains(@class, \"sapMMsgBoxText\")]"}
RESULT: {"using":"xpath","value":"//span[contains(@class, \"sapMMsgBoxText\")]"}
COMMAND: POST /session/c4f16a488098e9dddf5573a2ff081d1c/elements - {"using":"xpath","value":"//span[contains(@class, \"sapMMsgBoxText\")]"}
RESULT: {"using":"xpath","value":"//span[contains(@class, \"sapMMsgBoxText\")]"}
COMMAND: POST /session/c4f16a488098e9dddf5573a2ff081d1c/elements - {"using":"xpath","value":"//span[contains(@class, \"sapMMsgBoxText\")]"}
RESULT: {"using":"xpath","value":"//span[contains(@class, \"sapMMsgBoxText\")]"}
COMMAND: POST /session/c4f16a488098e9dddf5573a2ff081d1c/elements - {"using":"xpath","value":"//span[contains(@class, \"sapMMsgBoxText\")]"}
RESULT: {"using":"xpath","value":"//span[contains(@class, \"sapMMsgBoxText\")]"}
COMMAND: POST /session/c4f16a488098e9dddf5573a2ff081d1c/elements - {"using":"xpath","value":"//span[contains(@class, \"sapMMsgBoxText\")]"}
RESULT: {"using":"xpath","value":"//span[contains(@class, \"sapMMsgBoxText\")]"}
COMMAND: POST /session/c4f16a488098e9dddf5573a2ff081d1c/elements - {"using":"xpath","value":"//span[contains(@class, \"sapMMsgBoxText\")]"}
RESULT: {"using":"xpath","value":"//span[contains(@class, \"sapMMsgBoxText\")]"}
COMMAND: POST /session/c4f16a488098e9dddf5573a2ff081d1c/elements - {"using":"xpath","value":"//span[contains(@class, \"sapMMsgBoxText\")]"}
RESULT: {"using":"xpath","value":"//span[contains(@class, \"sapMMsgBoxText\")]"}
COMMAND: POST /session/c4f16a488098e9dddf5573a2ff081d1c/elements - {"using":"xpath","value":"//span[contains(@class, \"sapMMsgBoxText\")]"}
RESULT: {"using":"xpath","value":"//span[contains(@class, \"sapMMsgBoxText\")]"}
COMMAND: POST /session/c4f16a488098e9dddf5573a2ff081d1c/elements - {"using":"xpath","value":"//span[contains(@class, \"sapMMsgBoxText\")]"}
RESULT: {"using":"xpath","value":"//span[contains(@class, \"sapMMsgBoxText\")]"}
COMMAND: POST /session/c4f16a488098e9dddf5573a2ff081d1c/elements - {"using":"xpath","value":"//span[contains(@class, \"sapMMsgBoxText\")]"}
RESULT: {"using":"xpath","value":"//span[contains(@class, \"sapMMsgBoxText\")]"}
COMMAND: POST /session/c4f16a488098e9dddf5573a2ff081d1c/elements - {"using":"xpath","value":"//span[contains(@class, \"sapMMsgBoxText\")]"}
RESULT: {"using":"xpath","value":"//span[contains(@class, \"sapMMsgBoxText\")]"}
COMMAND: POST /session/c4f16a488098e9dddf5573a2ff081d1c/elements - {"using":"xpath","value":"//span[contains(@class, \"sapMMsgBoxText\")]"}
RESULT: {"using":"xpath","value":"//span[contains(@class, \"sapMMsgBoxText\")]"}
COMMAND: POST /session/c4f16a488098e9dddf5573a2ff081d1c/elements - {"using":"xpath","value":"//span[contains(@class, \"sapMMsgBoxText\")]"}
RESULT: {"using":"xpath","value":"//span[contains(@class, \"sapMMsgBoxText\")]"}
COMMAND: POST /session/c4f16a488098e9dddf5573a2ff081d1c/elements - {"using":"xpath","value":"//span[contains(@class, \"sapMMsgBoxText\")]"}
RESULT: {"using":"xpath","value":"//span[contains(@class, \"sapMMsgBoxText\")]"}
COMMAND: POST /session/c4f16a488098e9dddf5573a2ff081d1c/elements - {"using":"xpath","value":"//span[contains(@class, \"sapMMsgBoxText\")]"}
RESULT: {"using":"xpath","value":"//span[contains(@class, \"sapMMsgBoxText\")]"}
COMMAND: POST /session/c4f16a488098e9dddf5573a2ff081d1c/elements - {"using":"xpath","value":"//span[contains(@class, \"sapMMsgBoxText\")]"}
RESULT: {"using":"xpath","value":"//span[contains(@class, \"sapMMsgBoxText\")]"}
COMMAND: POST /session/c4f16a488098e9dddf5573a2ff081d1c/elements - {"using":"xpath","value":"//span[contains(@class, \"sapMMsgBoxText\")]"}
RESULT: {"using":"xpath","value":"//span[contains(@class, \"sapMMsgBoxText\")]"}
COMMAND: POST /session/c4f16a488098e9dddf5573a2ff081d1c/elements - {"using":"xpath","value":"//span[contains(@class, \"sapMMsgBoxText\")]"}
RESULT: {"using":"xpath","value":"//span[contains(@class, \"sapMMsgBoxText\")]"}
COMMAND: POST /session/c4f16a488098e9dddf5573a2ff081d1c/element - {"using":"css selector","value":"#shell-header-logo"}
RESULT: {"using":"css selector","value":"#shell-header-logo"}
COMMAND: POST /session/c4f16a488098e9dddf5573a2ff081d1c/element/f.5FEBC22620E543977CDD67087BE3C0FA.d.FAA73737CDB0D82D65A25EFFB6A3BBD0.e.3495/click - {}
RESULT: {}
COMMAND: GET /session/c4f16a488098e9dddf5573a2ff081d1c/screenshot - {}
RESULT: {}
COMMAND: GET /session/c4f16a488098e9dddf5573a2ff081d1c/screenshot - {}
RESULT: {}
]]></system-out>
      <system-err><![CDATA[
Error: Expect $(`//span[contains(@class, "sapMMsgBoxText")]`) to be existing

Expected: "existing"
Received: "not existing"
    at Context.<anonymous> (D:\a\1\s\test\specs\BTS\address-management.spec.js:1014:38)
]]></system-err>
    </testcase>
    <testcase classname="chrome.136_0_7103_93.windows.Address_Management_Tests_US156181_US151165_US151160_US156180_US156178_US151157_US151172_US151170_US151166_US151168" name="Step 8 Should add an attachment to the created address US151166 BUGGED FOR NOW" time="67.791">
      <system-out><![CDATA[
RESULT: undefined
COMMAND: POST /session/c4f16a488098e9dddf5573a2ff081d1c/element - {"using":"xpath","value":"//*[@id=\"__tile33\"]"}
COMMAND: GET /session/c4f16a488098e9dddf5573a2ff081d1c/screenshot - {}
RESULT: {"using":"xpath","value":"//*[@id=\"__tile33\"]"}
COMMAND: POST /session/c4f16a488098e9dddf5573a2ff081d1c/element/f.5FEBC22620E543977CDD67087BE3C0FA.d.FAA73737CDB0D82D65A25EFFB6A3BBD0.e.226/click - {}
RESULT: {}
RESULT: {}
COMMAND: GET /session/c4f16a488098e9dddf5573a2ff081d1c/screenshot - {}
COMMAND: POST /session/c4f16a488098e9dddf5573a2ff081d1c/elements - {"using":"xpath","value":"//span[text()='Error']"}
RESULT: {}
RESULT: {"using":"xpath","value":"//span[text()='Error']"}
COMMAND: POST /session/c4f16a488098e9dddf5573a2ff081d1c/element - {"using":"xpath","value":"//button[@data-kt=\"addButton\"]"}
RESULT: {"using":"xpath","value":"//button[@data-kt=\"addButton\"]"}
COMMAND: POST /session/c4f16a488098e9dddf5573a2ff081d1c/elements - {"using":"xpath","value":"//button[@data-kt=\"addButton\"]"}
RESULT: {"using":"xpath","value":"//button[@data-kt=\"addButton\"]"}
COMMAND: POST /session/c4f16a488098e9dddf5573a2ff081d1c/execute/sync - {"script":"<script> [8489 bytes]","args":[{"element-6066-11e4-a52e-4f735466cecf":"f.5FEBC22620E543977CDD67087BE3C0FA.d.FAA73737CDB0D82D65A25EFFB6A3BBD0.e.3540","ELEMENT":"f.5FEBC22620E543977CDD67087BE3C0FA.d.FAA73737CDB0D82D65A25EFFB6A3BBD0.e.3540"}]}
RESULT: {"script":"<script> [8489 bytes]","args":[{"element-6066-11e4-a52e-4f735466cecf":"f.5FEBC22620E543977CDD67087BE3C0FA.d.FAA73737CDB0D82D65A25EFFB6A3BBD0.e.3540","ELEMENT":"f.5FEBC22620E543977CDD67087BE3C0FA.d.FAA73737CDB0D82D65A25EFFB6A3BBD0.e.3540"}]}
COMMAND: GET /session/c4f16a488098e9dddf5573a2ff081d1c/element/f.5FEBC22620E543977CDD67087BE3C0FA.d.FAA73737CDB0D82D65A25EFFB6A3BBD0.e.3540/enabled - {}
COMMAND: GET /session/c4f16a488098e9dddf5573a2ff081d1c/screenshot - {}
RESULT: {}
COMMAND: POST /session/c4f16a488098e9dddf5573a2ff081d1c/execute/sync - {"script":"<script> [8489 bytes]","args":[{"element-6066-11e4-a52e-4f735466cecf":"f.5FEBC22620E543977CDD67087BE3C0FA.d.FAA73737CDB0D82D65A25EFFB6A3BBD0.e.3540","ELEMENT":"f.5FEBC22620E543977CDD67087BE3C0FA.d.FAA73737CDB0D82D65A25EFFB6A3BBD0.e.3540"}]}
COMMAND: GET /session/c4f16a488098e9dddf5573a2ff081d1c/screenshot - {}
RESULT: {}
RESULT: {"script":"<script> [8489 bytes]","args":[{"element-6066-11e4-a52e-4f735466cecf":"f.5FEBC22620E543977CDD67087BE3C0FA.d.FAA73737CDB0D82D65A25EFFB6A3BBD0.e.3540","ELEMENT":"f.5FEBC22620E543977CDD67087BE3C0FA.d.FAA73737CDB0D82D65A25EFFB6A3BBD0.e.3540"}]}
COMMAND: POST /session/c4f16a488098e9dddf5573a2ff081d1c/execute/sync - {"script":"<script> [5351 bytes]","args":[{"element-6066-11e4-a52e-4f735466cecf":"f.5FEBC22620E543977CDD67087BE3C0FA.d.FAA73737CDB0D82D65A25EFFB6A3BBD0.e.3540","ELEMENT":"f.5FEBC22620E543977CDD67087BE3C0FA.d.FAA73737CDB0D82D65A25EFFB6A3BBD0.e.3540"}]}
COMMAND: GET /session/c4f16a488098e9dddf5573a2ff081d1c/screenshot - {}
RESULT: {}
RESULT: {"script":"<script> [5351 bytes]","args":[{"element-6066-11e4-a52e-4f735466cecf":"f.5FEBC22620E543977CDD67087BE3C0FA.d.FAA73737CDB0D82D65A25EFFB6A3BBD0.e.3540","ELEMENT":"f.5FEBC22620E543977CDD67087BE3C0FA.d.FAA73737CDB0D82D65A25EFFB6A3BBD0.e.3540"}]}
COMMAND: GET /session/c4f16a488098e9dddf5573a2ff081d1c/screenshot - {}
RESULT: {}
RESULT: {}
RESULT: undefined
COMMAND: POST /session/c4f16a488098e9dddf5573a2ff081d1c/execute/async - {"script":"<script> [776 bytes]","args":[{"enterText":"MwgOKmxyk5","selector":{"id":"application-addressmanagement-display-component---masterAdm--smartFilterBar-btnBasicSearch","interaction":{"idSuffix":"I"}},"clearTextFirst":true,"interactionType":"ENTER_TEXT"}]}
RESULT: {"script":"<script> [776 bytes]","args":[{"enterText":"MwgOKmxyk5","selector":{"id":"application-addressmanagement-display-component---masterAdm--smartFilterBar-btnBasicSearch","interaction":{"idSuffix":"I"}},"clearTextFirst":true,"interactionType":"ENTER_TEXT"}]}
COMMAND: POST /session/c4f16a488098e9dddf5573a2ff081d1c/actions - {"actions":[{"id":"action14","type":"key","parameters":{},"actions":[{"type":"keyDown","value":""},{"type":"pause","duration":10},{"type":"keyUp","value":""}]}]}
RESULT: {"actions":[{"id":"action14","type":"key","parameters":{},"actions":[{"type":"keyDown","value":""},{"type":"pause","duration":10},{"type":"keyUp","value":""}]}]}
COMMAND: GET /session/c4f16a488098e9dddf5573a2ff081d1c/screenshot - {}
RESULT: {}
COMMAND: POST /session/c4f16a488098e9dddf5573a2ff081d1c/elements - {"using":"xpath","value":"//table[contains(@id, \"customPersonsAddressesTable-listUl\")]/tbody/tr"}
RESULT: {"using":"xpath","value":"//table[contains(@id, \"customPersonsAddressesTable-listUl\")]/tbody/tr"}
COMMAND: POST /session/c4f16a488098e9dddf5573a2ff081d1c/element - {"using":"xpath","value":"//table[contains(@id, \"customPersonsAddressesTable-listUl\")]/tbody/tr[1]/td[5]/span/span"}
RESULT: {"using":"xpath","value":"//table[contains(@id, \"customPersonsAddressesTable-listUl\")]/tbody/tr[1]/td[5]/span/span"}
COMMAND: POST /session/c4f16a488098e9dddf5573a2ff081d1c/element - {"using":"xpath","value":"//table[contains(@id, \"customPersonsAddressesTable-listUl\")]/tbody/tr[1]/td[3]/span"}
RESULT: {"using":"xpath","value":"//table[contains(@id, \"customPersonsAddressesTable-listUl\")]/tbody/tr[1]/td[3]/span"}
COMMAND: POST /session/c4f16a488098e9dddf5573a2ff081d1c/elements - {"using":"xpath","value":"//table[contains(@id, \"customPersonsAddressesTable-listUl\")]/tbody/tr[1]/td[5]/span/span"}
RESULT: {"using":"xpath","value":"//table[contains(@id, \"customPersonsAddressesTable-listUl\")]/tbody/tr[1]/td[5]/span/span"}
COMMAND: POST /session/c4f16a488098e9dddf5573a2ff081d1c/execute/sync - {"script":"<script> [56 bytes]","args":[{"element-6066-11e4-a52e-4f735466cecf":"f.5FEBC22620E543977CDD67087BE3C0FA.d.FAA73737CDB0D82D65A25EFFB6A3BBD0.e.3686","ELEMENT":"f.5FEBC22620E543977CDD67087BE3C0FA.d.FAA73737CDB0D82D65A25EFFB6A3BBD0.e.3686"}]}
RESULT: {"script":"<script> [56 bytes]","args":[{"element-6066-11e4-a52e-4f735466cecf":"f.5FEBC22620E543977CDD67087BE3C0FA.d.FAA73737CDB0D82D65A25EFFB6A3BBD0.e.3686","ELEMENT":"f.5FEBC22620E543977CDD67087BE3C0FA.d.FAA73737CDB0D82D65A25EFFB6A3BBD0.e.3686"}]}
COMMAND: POST /session/c4f16a488098e9dddf5573a2ff081d1c/execute/sync - {"script":"<script> [56 bytes]","args":[{"element-6066-11e4-a52e-4f735466cecf":"f.5FEBC22620E543977CDD67087BE3C0FA.d.FAA73737CDB0D82D65A25EFFB6A3BBD0.e.3687","ELEMENT":"f.5FEBC22620E543977CDD67087BE3C0FA.d.FAA73737CDB0D82D65A25EFFB6A3BBD0.e.3687"}]}
COMMAND: GET /session/c4f16a488098e9dddf5573a2ff081d1c/screenshot - {}
RESULT: {"script":"<script> [56 bytes]","args":[{"element-6066-11e4-a52e-4f735466cecf":"f.5FEBC22620E543977CDD67087BE3C0FA.d.FAA73737CDB0D82D65A25EFFB6A3BBD0.e.3687","ELEMENT":"f.5FEBC22620E543977CDD67087BE3C0FA.d.FAA73737CDB0D82D65A25EFFB6A3BBD0.e.3687"}]}
COMMAND: POST /session/c4f16a488098e9dddf5573a2ff081d1c/element - {"using":"xpath","value":"(//span[contains(@id, \"imgNav\")])[1]"}
COMMAND: GET /session/c4f16a488098e9dddf5573a2ff081d1c/screenshot - {}
RESULT: {}
RESULT: {"using":"xpath","value":"(//span[contains(@id, \"imgNav\")])[1]"}
COMMAND: POST /session/c4f16a488098e9dddf5573a2ff081d1c/element/f.5FEBC22620E543977CDD67087BE3C0FA.d.FAA73737CDB0D82D65A25EFFB6A3BBD0.e.3684/click - {}
RESULT: {}
RESULT: {}
COMMAND: GET /session/c4f16a488098e9dddf5573a2ff081d1c/screenshot - {}
RESULT: {}
COMMAND: POST /session/c4f16a488098e9dddf5573a2ff081d1c/element - {"using":"xpath","value":"//bdi[contains(text(), \"Edit\")]"}
RESULT: {"using":"xpath","value":"//bdi[contains(text(), \"Edit\")]"}
COMMAND: POST /session/c4f16a488098e9dddf5573a2ff081d1c/element/f.5FEBC22620E543977CDD67087BE3C0FA.d.FAA73737CDB0D82D65A25EFFB6A3BBD0.e.3821/click - {}
RESULT: {}
COMMAND: GET /session/c4f16a488098e9dddf5573a2ff081d1c/screenshot - {}
RESULT: {}
COMMAND: POST /session/c4f16a488098e9dddf5573a2ff081d1c/execute/async - {"script":"<script> [1562 bytes]","args":[{"selector":{"controlType":"sap.m.Button","viewName":"etm.portal.ui.addressmanagement.view.EditDetail","properties":{"text":"Attachments (0)"},"interaction":{"idSuffix":"BDI-content"}},"wdio_ui5_key":"etmportal.ui.addressmanagement.view.EditDetailsap.m.Button{\"text\":\"Attachments (0)\"}"}]}
RESULT: {"script":"<script> [1562 bytes]","args":[{"selector":{"controlType":"sap.m.Button","viewName":"etm.portal.ui.addressmanagement.view.EditDetail","properties":{"text":"Attachments (0)"},"interaction":{"idSuffix":"BDI-content"}},"wdio_ui5_key":"etmportal.ui.addressmanagement.view.EditDetailsap.m.Button{\"text\":\"Attachments (0)\"}"}]}
RESULT: undefined
COMMAND: POST /session/c4f16a488098e9dddf5573a2ff081d1c/element - {"using":"xpath","value":"//*[@id=\"__xmlview61--ObjectPageLayout-anchBar-__xmlview61--attachments-anchor\"]"}
RESULT: {"using":"xpath","value":"//*[@id=\"__xmlview61--ObjectPageLayout-anchBar-__xmlview61--attachments-anchor\"]"}
COMMAND: POST /session/c4f16a488098e9dddf5573a2ff081d1c/element/f.5FEBC22620E543977CDD67087BE3C0FA.d.FAA73737CDB0D82D65A25EFFB6A3BBD0.e.3860/click - {}
RESULT: {}
COMMAND: GET /session/c4f16a488098e9dddf5573a2ff081d1c/screenshot - {}
RESULT: {}
COMMAND: POST /session/c4f16a488098e9dddf5573a2ff081d1c/file - {"file":"[base64] 459776 bytes"}
RESULT: {"file":"[base64] 459776 bytes"}
COMMAND: POST /session/c4f16a488098e9dddf5573a2ff081d1c/element - {"using":"css selector","value":"input[type=\"file\"]"}
RESULT: {"using":"css selector","value":"input[type=\"file\"]"}
COMMAND: POST /session/c4f16a488098e9dddf5573a2ff081d1c/element/f.5FEBC22620E543977CDD67087BE3C0FA.d.FAA73737CDB0D82D65A25EFFB6A3BBD0.e.3864/clear - {}
RESULT: {}
COMMAND: POST /session/c4f16a488098e9dddf5573a2ff081d1c/element/f.5FEBC22620E543977CDD67087BE3C0FA.d.FAA73737CDB0D82D65A25EFFB6A3BBD0.e.3864/value - {"text":"C:\\Windows\\SystemTemp\\scoped_dir1860_744213018\\upload1860_1097283748\\address-mng-pic.png"}
COMMAND: GET /session/c4f16a488098e9dddf5573a2ff081d1c/screenshot - {}
RESULT: {"text":"C:\\Windows\\SystemTemp\\scoped_dir1860_744213018\\upload1860_1097283748\\address-mng-pic.png"}
COMMAND: GET /session/c4f16a488098e9dddf5573a2ff081d1c/screenshot - {}
RESULT: {}
RESULT: {}
COMMAND: POST /session/c4f16a488098e9dddf5573a2ff081d1c/element - {"using":"xpath","value":"//button[@data-kt=\"saveButton\"]"}
RESULT: {"using":"xpath","value":"//button[@data-kt=\"saveButton\"]"}
COMMAND: POST /session/c4f16a488098e9dddf5573a2ff081d1c/element/f.5FEBC22620E543977CDD67087BE3C0FA.d.FAA73737CDB0D82D65A25EFFB6A3BBD0.e.3883/click - {}
RESULT: {}
COMMAND: GET /session/c4f16a488098e9dddf5573a2ff081d1c/screenshot - {}
RESULT: {}
COMMAND: POST /session/c4f16a488098e9dddf5573a2ff081d1c/execute/async - {"script":"<script> [1562 bytes]","args":[{"selector":{"id":"application-addressmanagement-display-component---detailAdm--ObjectPageLayout-anchBar-application-addressmanagement-display-component---detailAdm--attachments-anchor","interaction":{"idSuffix":"content"}},"wdio_ui5_key":"applicationaddressmanagement-display-component---detailAdm--ObjectPageLayout-anchBar-application-addressmanagement-display-component---detailAdm--attachments-anchor"}]}
RESULT: {"script":"<script> [1562 bytes]","args":[{"selector":{"id":"application-addressmanagement-display-component---detailAdm--ObjectPageLayout-anchBar-application-addressmanagement-display-component---detailAdm--attachments-anchor","interaction":{"idSuffix":"content"}},"wdio_ui5_key":"applicationaddressmanagement-display-component---detailAdm--ObjectPageLayout-anchBar-application-addressmanagement-display-component---detailAdm--attachments-anchor"}]}
RESULT: undefined
COMMAND: POST /session/c4f16a488098e9dddf5573a2ff081d1c/element - {"using":"xpath","value":"//*[@id=\"application-addressmanagement-display-component---detailAdm--ObjectPageLayout-anchBar-application-addressmanagement-display-component---detailAdm--attachments-anchor\"]"}
RESULT: {"using":"xpath","value":"//*[@id=\"application-addressmanagement-display-component---detailAdm--ObjectPageLayout-anchBar-application-addressmanagement-display-component---detailAdm--attachments-anchor\"]"}
COMMAND: POST /session/c4f16a488098e9dddf5573a2ff081d1c/element/f.5FEBC22620E543977CDD67087BE3C0FA.d.FAA73737CDB0D82D65A25EFFB6A3BBD0.e.3891/click - {}
RESULT: {}
COMMAND: GET /session/c4f16a488098e9dddf5573a2ff081d1c/screenshot - {}
RESULT: {}
COMMAND: POST /session/c4f16a488098e9dddf5573a2ff081d1c/execute/async - {"script":"<script> [1562 bytes]","args":[{"selector":{"id":"application-addressmanagement-display-component---detailAdm--attachments"},"wdio_ui5_key":"applicationaddressmanagement-display-component---detailAdm--attachments"}]}
RESULT: {"script":"<script> [1562 bytes]","args":[{"selector":{"id":"application-addressmanagement-display-component---detailAdm--attachments"},"wdio_ui5_key":"applicationaddressmanagement-display-component---detailAdm--attachments"}]}
RESULT: undefined
COMMAND: POST /session/c4f16a488098e9dddf5573a2ff081d1c/execute/async - {"script":"<script> [6424 bytes]","args":[{"element-6066-11e4-a52e-4f735466cecf":"f.5FEBC22620E543977CDD67087BE3C0FA.d.FAA73737CDB0D82D65A25EFFB6A3BBD0.e.3801"},"getTitle",[]]}
RESULT: {"script":"<script> [6424 bytes]","args":[{"element-6066-11e4-a52e-4f735466cecf":"f.5FEBC22620E543977CDD67087BE3C0FA.d.FAA73737CDB0D82D65A25EFFB6A3BBD0.e.3801"},"getTitle",[]]}
COMMAND: POST /session/c4f16a488098e9dddf5573a2ff081d1c/element - {"using":"css selector","value":"#shell-header-logo"}
RESULT: {"using":"css selector","value":"#shell-header-logo"}
COMMAND: POST /session/c4f16a488098e9dddf5573a2ff081d1c/element/f.5FEBC22620E543977CDD67087BE3C0FA.d.FAA73737CDB0D82D65A25EFFB6A3BBD0.e.3495/click - {}
RESULT: {}
COMMAND: GET /session/c4f16a488098e9dddf5573a2ff081d1c/screenshot - {}
RESULT: {}
]]></system-out>
    </testcase>
    <testcase classname="chrome.136_0_7103_93.windows.Address_Management_Tests_US156181_US151165_US151160_US156180_US156178_US151157_US151172_US151170_US151166_US151168" name="Step 9 Should remove the added attachment on the created address US151168 BUGGED FOR NOW" time="77.513">
      <system-out><![CDATA[
RESULT: undefined
COMMAND: POST /session/c4f16a488098e9dddf5573a2ff081d1c/element - {"using":"xpath","value":"//*[@id=\"__tile33\"]"}
RESULT: {"using":"xpath","value":"//*[@id=\"__tile33\"]"}
COMMAND: POST /session/c4f16a488098e9dddf5573a2ff081d1c/element/f.5FEBC22620E543977CDD67087BE3C0FA.d.FAA73737CDB0D82D65A25EFFB6A3BBD0.e.226/click - {}
RESULT: {}
COMMAND: GET /session/c4f16a488098e9dddf5573a2ff081d1c/screenshot - {}
RESULT: {}
COMMAND: POST /session/c4f16a488098e9dddf5573a2ff081d1c/elements - {"using":"xpath","value":"//span[text()='Error']"}
RESULT: {"using":"xpath","value":"//span[text()='Error']"}
COMMAND: POST /session/c4f16a488098e9dddf5573a2ff081d1c/element - {"using":"xpath","value":"//button[@data-kt=\"addButton\"]"}
RESULT: {"using":"xpath","value":"//button[@data-kt=\"addButton\"]"}
COMMAND: POST /session/c4f16a488098e9dddf5573a2ff081d1c/elements - {"using":"xpath","value":"//button[@data-kt=\"addButton\"]"}
RESULT: {"using":"xpath","value":"//button[@data-kt=\"addButton\"]"}
COMMAND: POST /session/c4f16a488098e9dddf5573a2ff081d1c/execute/sync - {"script":"<script> [8489 bytes]","args":[{"element-6066-11e4-a52e-4f735466cecf":"f.5FEBC22620E543977CDD67087BE3C0FA.d.FAA73737CDB0D82D65A25EFFB6A3BBD0.e.3949","ELEMENT":"f.5FEBC22620E543977CDD67087BE3C0FA.d.FAA73737CDB0D82D65A25EFFB6A3BBD0.e.3949"}]}
RESULT: {"script":"<script> [8489 bytes]","args":[{"element-6066-11e4-a52e-4f735466cecf":"f.5FEBC22620E543977CDD67087BE3C0FA.d.FAA73737CDB0D82D65A25EFFB6A3BBD0.e.3949","ELEMENT":"f.5FEBC22620E543977CDD67087BE3C0FA.d.FAA73737CDB0D82D65A25EFFB6A3BBD0.e.3949"}]}
COMMAND: GET /session/c4f16a488098e9dddf5573a2ff081d1c/element/f.5FEBC22620E543977CDD67087BE3C0FA.d.FAA73737CDB0D82D65A25EFFB6A3BBD0.e.3949/enabled - {}
COMMAND: GET /session/c4f16a488098e9dddf5573a2ff081d1c/screenshot - {}
RESULT: {}
COMMAND: POST /session/c4f16a488098e9dddf5573a2ff081d1c/execute/sync - {"script":"<script> [8489 bytes]","args":[{"element-6066-11e4-a52e-4f735466cecf":"f.5FEBC22620E543977CDD67087BE3C0FA.d.FAA73737CDB0D82D65A25EFFB6A3BBD0.e.3949","ELEMENT":"f.5FEBC22620E543977CDD67087BE3C0FA.d.FAA73737CDB0D82D65A25EFFB6A3BBD0.e.3949"}]}
COMMAND: GET /session/c4f16a488098e9dddf5573a2ff081d1c/screenshot - {}
RESULT: {}
RESULT: {"script":"<script> [8489 bytes]","args":[{"element-6066-11e4-a52e-4f735466cecf":"f.5FEBC22620E543977CDD67087BE3C0FA.d.FAA73737CDB0D82D65A25EFFB6A3BBD0.e.3949","ELEMENT":"f.5FEBC22620E543977CDD67087BE3C0FA.d.FAA73737CDB0D82D65A25EFFB6A3BBD0.e.3949"}]}
COMMAND: POST /session/c4f16a488098e9dddf5573a2ff081d1c/execute/sync - {"script":"<script> [5351 bytes]","args":[{"element-6066-11e4-a52e-4f735466cecf":"f.5FEBC22620E543977CDD67087BE3C0FA.d.FAA73737CDB0D82D65A25EFFB6A3BBD0.e.3949","ELEMENT":"f.5FEBC22620E543977CDD67087BE3C0FA.d.FAA73737CDB0D82D65A25EFFB6A3BBD0.e.3949"}]}
COMMAND: GET /session/c4f16a488098e9dddf5573a2ff081d1c/screenshot - {}
RESULT: {}
RESULT: {"script":"<script> [5351 bytes]","args":[{"element-6066-11e4-a52e-4f735466cecf":"f.5FEBC22620E543977CDD67087BE3C0FA.d.FAA73737CDB0D82D65A25EFFB6A3BBD0.e.3949","ELEMENT":"f.5FEBC22620E543977CDD67087BE3C0FA.d.FAA73737CDB0D82D65A25EFFB6A3BBD0.e.3949"}]}
COMMAND: GET /session/c4f16a488098e9dddf5573a2ff081d1c/screenshot - {}
RESULT: {}
RESULT: {}
RESULT: undefined
COMMAND: POST /session/c4f16a488098e9dddf5573a2ff081d1c/execute/async - {"script":"<script> [776 bytes]","args":[{"enterText":"MwgOKmxyk5","selector":{"id":"application-addressmanagement-display-component---masterAdm--smartFilterBar-btnBasicSearch","interaction":{"idSuffix":"I"}},"clearTextFirst":true,"interactionType":"ENTER_TEXT"}]}
RESULT: {"script":"<script> [776 bytes]","args":[{"enterText":"MwgOKmxyk5","selector":{"id":"application-addressmanagement-display-component---masterAdm--smartFilterBar-btnBasicSearch","interaction":{"idSuffix":"I"}},"clearTextFirst":true,"interactionType":"ENTER_TEXT"}]}
COMMAND: POST /session/c4f16a488098e9dddf5573a2ff081d1c/actions - {"actions":[{"id":"action15","type":"key","parameters":{},"actions":[{"type":"keyDown","value":""},{"type":"pause","duration":10},{"type":"keyUp","value":""}]}]}
RESULT: {"actions":[{"id":"action15","type":"key","parameters":{},"actions":[{"type":"keyDown","value":""},{"type":"pause","duration":10},{"type":"keyUp","value":""}]}]}
COMMAND: GET /session/c4f16a488098e9dddf5573a2ff081d1c/screenshot - {}
RESULT: {}
COMMAND: POST /session/c4f16a488098e9dddf5573a2ff081d1c/elements - {"using":"xpath","value":"//table[contains(@id, \"customPersonsAddressesTable-listUl\")]/tbody/tr"}
RESULT: {"using":"xpath","value":"//table[contains(@id, \"customPersonsAddressesTable-listUl\")]/tbody/tr"}
COMMAND: POST /session/c4f16a488098e9dddf5573a2ff081d1c/element - {"using":"xpath","value":"//table[contains(@id, \"customPersonsAddressesTable-listUl\")]/tbody/tr[1]/td[5]/span/span"}
RESULT: {"using":"xpath","value":"//table[contains(@id, \"customPersonsAddressesTable-listUl\")]/tbody/tr[1]/td[5]/span/span"}
COMMAND: POST /session/c4f16a488098e9dddf5573a2ff081d1c/element - {"using":"xpath","value":"//table[contains(@id, \"customPersonsAddressesTable-listUl\")]/tbody/tr[1]/td[3]/span"}
RESULT: {"using":"xpath","value":"//table[contains(@id, \"customPersonsAddressesTable-listUl\")]/tbody/tr[1]/td[3]/span"}
COMMAND: POST /session/c4f16a488098e9dddf5573a2ff081d1c/elements - {"using":"xpath","value":"//table[contains(@id, \"customPersonsAddressesTable-listUl\")]/tbody/tr[1]/td[5]/span/span"}
RESULT: {"using":"xpath","value":"//table[contains(@id, \"customPersonsAddressesTable-listUl\")]/tbody/tr[1]/td[5]/span/span"}
COMMAND: POST /session/c4f16a488098e9dddf5573a2ff081d1c/execute/sync - {"script":"<script> [56 bytes]","args":[{"element-6066-11e4-a52e-4f735466cecf":"f.5FEBC22620E543977CDD67087BE3C0FA.d.FAA73737CDB0D82D65A25EFFB6A3BBD0.e.4087","ELEMENT":"f.5FEBC22620E543977CDD67087BE3C0FA.d.FAA73737CDB0D82D65A25EFFB6A3BBD0.e.4087"}]}
RESULT: {"script":"<script> [56 bytes]","args":[{"element-6066-11e4-a52e-4f735466cecf":"f.5FEBC22620E543977CDD67087BE3C0FA.d.FAA73737CDB0D82D65A25EFFB6A3BBD0.e.4087","ELEMENT":"f.5FEBC22620E543977CDD67087BE3C0FA.d.FAA73737CDB0D82D65A25EFFB6A3BBD0.e.4087"}]}
COMMAND: POST /session/c4f16a488098e9dddf5573a2ff081d1c/execute/sync - {"script":"<script> [56 bytes]","args":[{"element-6066-11e4-a52e-4f735466cecf":"f.5FEBC22620E543977CDD67087BE3C0FA.d.FAA73737CDB0D82D65A25EFFB6A3BBD0.e.4088","ELEMENT":"f.5FEBC22620E543977CDD67087BE3C0FA.d.FAA73737CDB0D82D65A25EFFB6A3BBD0.e.4088"}]}
COMMAND: GET /session/c4f16a488098e9dddf5573a2ff081d1c/screenshot - {}
RESULT: {"script":"<script> [56 bytes]","args":[{"element-6066-11e4-a52e-4f735466cecf":"f.5FEBC22620E543977CDD67087BE3C0FA.d.FAA73737CDB0D82D65A25EFFB6A3BBD0.e.4088","ELEMENT":"f.5FEBC22620E543977CDD67087BE3C0FA.d.FAA73737CDB0D82D65A25EFFB6A3BBD0.e.4088"}]}
COMMAND: POST /session/c4f16a488098e9dddf5573a2ff081d1c/element - {"using":"xpath","value":"(//span[contains(@id, \"imgNav\")])[1]"}
COMMAND: GET /session/c4f16a488098e9dddf5573a2ff081d1c/screenshot - {}
RESULT: {}
RESULT: {"using":"xpath","value":"(//span[contains(@id, \"imgNav\")])[1]"}
COMMAND: POST /session/c4f16a488098e9dddf5573a2ff081d1c/element/f.5FEBC22620E543977CDD67087BE3C0FA.d.FAA73737CDB0D82D65A25EFFB6A3BBD0.e.4083/click - {}
RESULT: {}
RESULT: {}
COMMAND: GET /session/c4f16a488098e9dddf5573a2ff081d1c/screenshot - {}
RESULT: {}
COMMAND: POST /session/c4f16a488098e9dddf5573a2ff081d1c/element - {"using":"xpath","value":"//bdi[contains(text(), \"Edit\")]"}
RESULT: {"using":"xpath","value":"//bdi[contains(text(), \"Edit\")]"}
COMMAND: POST /session/c4f16a488098e9dddf5573a2ff081d1c/element/f.5FEBC22620E543977CDD67087BE3C0FA.d.FAA73737CDB0D82D65A25EFFB6A3BBD0.e.4216/click - {}
RESULT: {}
COMMAND: GET /session/c4f16a488098e9dddf5573a2ff081d1c/screenshot - {}
RESULT: {}
COMMAND: POST /session/c4f16a488098e9dddf5573a2ff081d1c/execute/async - {"script":"<script> [1562 bytes]","args":[{"selector":{"controlType":"sap.m.Button","viewName":"etm.portal.ui.addressmanagement.view.EditDetail","properties":{"text":"Attachments (1)"},"interaction":{"idSuffix":"BDI-content"}},"wdio_ui5_key":"etmportal.ui.addressmanagement.view.EditDetailsap.m.Button{\"text\":\"Attachments (1)\"}"}]}
RESULT: {"script":"<script> [1562 bytes]","args":[{"selector":{"controlType":"sap.m.Button","viewName":"etm.portal.ui.addressmanagement.view.EditDetail","properties":{"text":"Attachments (1)"},"interaction":{"idSuffix":"BDI-content"}},"wdio_ui5_key":"etmportal.ui.addressmanagement.view.EditDetailsap.m.Button{\"text\":\"Attachments (1)\"}"}]}
RESULT: undefined
COMMAND: POST /session/c4f16a488098e9dddf5573a2ff081d1c/element - {"using":"xpath","value":"//*[@id=\"__xmlview62--ObjectPageLayout-anchBar-__xmlview62--attachments-anchor\"]"}
RESULT: {"using":"xpath","value":"//*[@id=\"__xmlview62--ObjectPageLayout-anchBar-__xmlview62--attachments-anchor\"]"}
COMMAND: POST /session/c4f16a488098e9dddf5573a2ff081d1c/element/f.5FEBC22620E543977CDD67087BE3C0FA.d.FAA73737CDB0D82D65A25EFFB6A3BBD0.e.4259/click - {}
RESULT: {}
COMMAND: GET /session/c4f16a488098e9dddf5573a2ff081d1c/screenshot - {}
RESULT: {}
COMMAND: POST /session/c4f16a488098e9dddf5573a2ff081d1c/execute/async - {"script":"<script> [1562 bytes]","args":[{"selector":{"controlType":"sap.ui.core.Icon","viewName":"etm.portal.ui.addressmanagement.view.EditDetail","properties":{"src":{"regex":{"source":"decline"}}}},"wdio_ui5_key":"etmportal.ui.addressmanagement.view.EditDetailsap.ui.core.Icon{\"src\":{\"regex\":{\"source\":\"decline\"}}}"}]}
RESULT: {"script":"<script> [1562 bytes]","args":[{"selector":{"controlType":"sap.ui.core.Icon","viewName":"etm.portal.ui.addressmanagement.view.EditDetail","properties":{"src":{"regex":{"source":"decline"}}}},"wdio_ui5_key":"etmportal.ui.addressmanagement.view.EditDetailsap.ui.core.Icon{\"src\":{\"regex\":{\"source\":\"decline\"}}}"}]}
RESULT: undefined
COMMAND: POST /session/c4f16a488098e9dddf5573a2ff081d1c/element - {"using":"xpath","value":"//*[@id=\"__item862-__set10-0-deleteButton-img\"]"}
RESULT: {"using":"xpath","value":"//*[@id=\"__item862-__set10-0-deleteButton-img\"]"}
COMMAND: POST /session/c4f16a488098e9dddf5573a2ff081d1c/element/f.5FEBC22620E543977CDD67087BE3C0FA.d.FAA73737CDB0D82D65A25EFFB6A3BBD0.e.4265/click - {}
RESULT: {}
COMMAND: GET /session/c4f16a488098e9dddf5573a2ff081d1c/screenshot - {}
RESULT: {}
COMMAND: POST /session/c4f16a488098e9dddf5573a2ff081d1c/element - {"using":"xpath","value":"//bdi[contains(text(), \"OK\")]"}
RESULT: {"using":"xpath","value":"//bdi[contains(text(), \"OK\")]"}
COMMAND: POST /session/c4f16a488098e9dddf5573a2ff081d1c/element/f.5FEBC22620E543977CDD67087BE3C0FA.d.FAA73737CDB0D82D65A25EFFB6A3BBD0.e.4268/click - {}
RESULT: {}
COMMAND: GET /session/c4f16a488098e9dddf5573a2ff081d1c/screenshot - {}
RESULT: {}
COMMAND: POST /session/c4f16a488098e9dddf5573a2ff081d1c/element - {"using":"xpath","value":"//button[@data-kt=\"saveButton\"]"}
RESULT: {"using":"xpath","value":"//button[@data-kt=\"saveButton\"]"}
COMMAND: POST /session/c4f16a488098e9dddf5573a2ff081d1c/element/f.5FEBC22620E543977CDD67087BE3C0FA.d.FAA73737CDB0D82D65A25EFFB6A3BBD0.e.4289/click - {}
RESULT: {}
COMMAND: GET /session/c4f16a488098e9dddf5573a2ff081d1c/screenshot - {}
RESULT: {}
RESULT: undefined
COMMAND: POST /session/c4f16a488098e9dddf5573a2ff081d1c/element - {"using":"xpath","value":"//*[@id=\"application-addressmanagement-display-component---detailAdm--ObjectPageLayout-anchBar-application-addressmanagement-display-component---detailAdm--attachments-anchor\"]"}
RESULT: {"using":"xpath","value":"//*[@id=\"application-addressmanagement-display-component---detailAdm--ObjectPageLayout-anchBar-application-addressmanagement-display-component---detailAdm--attachments-anchor\"]"}
COMMAND: POST /session/c4f16a488098e9dddf5573a2ff081d1c/element/f.5FEBC22620E543977CDD67087BE3C0FA.d.FAA73737CDB0D82D65A25EFFB6A3BBD0.e.4295/click - {}
RESULT: {}
COMMAND: GET /session/c4f16a488098e9dddf5573a2ff081d1c/screenshot - {}
RESULT: {}
RESULT: undefined
COMMAND: POST /session/c4f16a488098e9dddf5573a2ff081d1c/execute/async - {"script":"<script> [6424 bytes]","args":[{"element-6066-11e4-a52e-4f735466cecf":"f.5FEBC22620E543977CDD67087BE3C0FA.d.FAA73737CDB0D82D65A25EFFB6A3BBD0.e.3801"},"getTitle",[]]}
COMMAND: POST /session/c4f16a488098e9dddf5573a2ff081d1c/execute/async - {"script":"<script> [1562 bytes]","args":[{"selector":{"id":"application-addressmanagement-display-component---detailAdm--attachments"},"wdio_ui5_key":"applicationaddressmanagement-display-component---detailAdm--attachments"}]}
RESULT: {"script":"<script> [1562 bytes]","args":[{"selector":{"id":"application-addressmanagement-display-component---detailAdm--attachments"},"wdio_ui5_key":"applicationaddressmanagement-display-component---detailAdm--attachments"}]}
COMMAND: POST /session/c4f16a488098e9dddf5573a2ff081d1c/execute/async - {"script":"<script> [6424 bytes]","args":[{"element-6066-11e4-a52e-4f735466cecf":"f.5FEBC22620E543977CDD67087BE3C0FA.d.FAA73737CDB0D82D65A25EFFB6A3BBD0.e.4194"},"getTitle",[]]}
RESULT: {"script":"<script> [6424 bytes]","args":[{"element-6066-11e4-a52e-4f735466cecf":"f.5FEBC22620E543977CDD67087BE3C0FA.d.FAA73737CDB0D82D65A25EFFB6A3BBD0.e.4194"},"getTitle",[]]}
COMMAND: POST /session/c4f16a488098e9dddf5573a2ff081d1c/element - {"using":"css selector","value":"#shell-header-logo"}
RESULT: {"using":"css selector","value":"#shell-header-logo"}
COMMAND: POST /session/c4f16a488098e9dddf5573a2ff081d1c/element/f.5FEBC22620E543977CDD67087BE3C0FA.d.FAA73737CDB0D82D65A25EFFB6A3BBD0.e.3900/click - {}
RESULT: {}
COMMAND: GET /session/c4f16a488098e9dddf5573a2ff081d1c/screenshot - {}
RESULT: {}
COMMAND: GET /session/c4f16a488098e9dddf5573a2ff081d1c/screenshot - {}
RESULT: {}
COMMAND: DELETE /session/c4f16a488098e9dddf5573a2ff081d1c - {}
RESULT: {}
]]></system-out>
    </testcase>
  </testsuite>
</testsuites>