<?xml version="1.0" encoding="UTF-8"?>
<testsuites tests="6" failures="0" errors="0" skipped="0">
  <testsuite timestamp="2025-05-08T05:34:02" time="1097.742" tests="6" failures="0" errors="0" skipped="0">
    <properties>
      <property name="specId" value="0" />
      <property name="suiteName" value="RU Inventory Mass State Change Multiple Items US151066" />
      <property name="capabilities" value="chrome.135_0_7049_115.windows" />
      <property name="file" value="file:///D:/a/1/s/test/specs/HTR/ru-inv-list-mass-state-change.spec.js" />
    </properties>
    <testcase classname="chrome.135_0_7049_115.windows.RU_Inventory_Mass_State_Change_Multiple_Items_US151066" name="Step 1 Should do a RU inventory mass state change on chosen yard 109 with the resources available one equipment multipart one tool pool" time="285.478">
      <system-out><![CDATA[
COMMAND: POST /session/8c6c9308aba27c05719f6849e8e7e04d/execute/async - {"script":"<script> [1562 bytes]","args":[{"selector":{"controlType":"sap.m.GenericTile","properties":{"header":"RU Inventory List"}},"wdio_ui5_key":"sapm.GenericTile{\"header\":\"RU Inventory List\"}"}]}
RESULT: {"script":"<script> [1562 bytes]","args":[{"selector":{"controlType":"sap.m.GenericTile","properties":{"header":"RU Inventory List"}},"wdio_ui5_key":"sapm.GenericTile{\"header\":\"RU Inventory List\"}"}]}
RESULT: undefined
COMMAND: POST /session/8c6c9308aba27c05719f6849e8e7e04d/element - {"using":"xpath","value":"//*[@id=\"__tile99\"]"}
RESULT: {"using":"xpath","value":"//*[@id=\"__tile99\"]"}
COMMAND: POST /session/8c6c9308aba27c05719f6849e8e7e04d/element/f.70EA46D53BAEFF5909BCE503174AE3C6.d.A7A3A3F712257E6552ECC8B46476F6F2.e.270/click - {}
RESULT: {}
COMMAND: POST /session/8c6c9308aba27c05719f6849e8e7e04d/element - {"using":"xpath","value":"//button[contains(@id, \"massStateBtn\")]"}
COMMAND: GET /session/8c6c9308aba27c05719f6849e8e7e04d/screenshot - {}
RESULT: {"using":"xpath","value":"//button[contains(@id, \"massStateBtn\")]"}
COMMAND: POST /session/8c6c9308aba27c05719f6849e8e7e04d/elements - {"using":"xpath","value":"//button[contains(@id, \"massStateBtn\")]"}
RESULT: {}
RESULT: {"using":"xpath","value":"//button[contains(@id, \"massStateBtn\")]"}
COMMAND: POST /session/8c6c9308aba27c05719f6849e8e7e04d/elements - {"using":"xpath","value":"//button[contains(@id, \"massStateBtn\")]"}
RESULT: {"using":"xpath","value":"//button[contains(@id, \"massStateBtn\")]"}
COMMAND: POST /session/8c6c9308aba27c05719f6849e8e7e04d/elements - {"using":"xpath","value":"//button[contains(@id, \"massStateBtn\")]"}
RESULT: {"using":"xpath","value":"//button[contains(@id, \"massStateBtn\")]"}
COMMAND: POST /session/8c6c9308aba27c05719f6849e8e7e04d/elements - {"using":"xpath","value":"//button[contains(@id, \"massStateBtn\")]"}
RESULT: {"using":"xpath","value":"//button[contains(@id, \"massStateBtn\")]"}
COMMAND: POST /session/8c6c9308aba27c05719f6849e8e7e04d/elements - {"using":"xpath","value":"//button[contains(@id, \"massStateBtn\")]"}
RESULT: {"using":"xpath","value":"//button[contains(@id, \"massStateBtn\")]"}
COMMAND: POST /session/8c6c9308aba27c05719f6849e8e7e04d/elements - {"using":"xpath","value":"//button[contains(@id, \"massStateBtn\")]"}
RESULT: {"using":"xpath","value":"//button[contains(@id, \"massStateBtn\")]"}
COMMAND: POST /session/8c6c9308aba27c05719f6849e8e7e04d/elements - {"using":"xpath","value":"//button[contains(@id, \"massStateBtn\")]"}
RESULT: {"using":"xpath","value":"//button[contains(@id, \"massStateBtn\")]"}
COMMAND: POST /session/8c6c9308aba27c05719f6849e8e7e04d/elements - {"using":"xpath","value":"//button[contains(@id, \"massStateBtn\")]"}
RESULT: {"using":"xpath","value":"//button[contains(@id, \"massStateBtn\")]"}
COMMAND: POST /session/8c6c9308aba27c05719f6849e8e7e04d/elements - {"using":"xpath","value":"//button[contains(@id, \"massStateBtn\")]"}
RESULT: {"using":"xpath","value":"//button[contains(@id, \"massStateBtn\")]"}
COMMAND: POST /session/8c6c9308aba27c05719f6849e8e7e04d/elements - {"using":"xpath","value":"//button[contains(@id, \"massStateBtn\")]"}
RESULT: {"using":"xpath","value":"//button[contains(@id, \"massStateBtn\")]"}
COMMAND: POST /session/8c6c9308aba27c05719f6849e8e7e04d/elements - {"using":"xpath","value":"//button[contains(@id, \"massStateBtn\")]"}
RESULT: {"using":"xpath","value":"//button[contains(@id, \"massStateBtn\")]"}
COMMAND: POST /session/8c6c9308aba27c05719f6849e8e7e04d/elements - {"using":"xpath","value":"//button[contains(@id, \"massStateBtn\")]"}
RESULT: {"using":"xpath","value":"//button[contains(@id, \"massStateBtn\")]"}
COMMAND: POST /session/8c6c9308aba27c05719f6849e8e7e04d/elements - {"using":"xpath","value":"//button[contains(@id, \"massStateBtn\")]"}
RESULT: {"using":"xpath","value":"//button[contains(@id, \"massStateBtn\")]"}
COMMAND: POST /session/8c6c9308aba27c05719f6849e8e7e04d/elements - {"using":"xpath","value":"//button[contains(@id, \"massStateBtn\")]"}
RESULT: {"using":"xpath","value":"//button[contains(@id, \"massStateBtn\")]"}
COMMAND: POST /session/8c6c9308aba27c05719f6849e8e7e04d/elements - {"using":"xpath","value":"//button[contains(@id, \"massStateBtn\")]"}
RESULT: {"using":"xpath","value":"//button[contains(@id, \"massStateBtn\")]"}
COMMAND: POST /session/8c6c9308aba27c05719f6849e8e7e04d/elements - {"using":"xpath","value":"//button[contains(@id, \"massStateBtn\")]"}
RESULT: {"using":"xpath","value":"//button[contains(@id, \"massStateBtn\")]"}
COMMAND: POST /session/8c6c9308aba27c05719f6849e8e7e04d/elements - {"using":"xpath","value":"//button[contains(@id, \"massStateBtn\")]"}
RESULT: {"using":"xpath","value":"//button[contains(@id, \"massStateBtn\")]"}
COMMAND: POST /session/8c6c9308aba27c05719f6849e8e7e04d/elements - {"using":"xpath","value":"//button[contains(@id, \"massStateBtn\")]"}
RESULT: {"using":"xpath","value":"//button[contains(@id, \"massStateBtn\")]"}
COMMAND: POST /session/8c6c9308aba27c05719f6849e8e7e04d/elements - {"using":"xpath","value":"//button[contains(@id, \"massStateBtn\")]"}
RESULT: {"using":"xpath","value":"//button[contains(@id, \"massStateBtn\")]"}
COMMAND: POST /session/8c6c9308aba27c05719f6849e8e7e04d/elements - {"using":"xpath","value":"//button[contains(@id, \"massStateBtn\")]"}
RESULT: {"using":"xpath","value":"//button[contains(@id, \"massStateBtn\")]"}
COMMAND: POST /session/8c6c9308aba27c05719f6849e8e7e04d/elements - {"using":"xpath","value":"//button[contains(@id, \"massStateBtn\")]"}
RESULT: {"using":"xpath","value":"//button[contains(@id, \"massStateBtn\")]"}
COMMAND: POST /session/8c6c9308aba27c05719f6849e8e7e04d/elements - {"using":"xpath","value":"//button[contains(@id, \"massStateBtn\")]"}
RESULT: {"using":"xpath","value":"//button[contains(@id, \"massStateBtn\")]"}
COMMAND: POST /session/8c6c9308aba27c05719f6849e8e7e04d/element - {"using":"xpath","value":"//button[contains(@id, \"massStateBtn\")]"}
RESULT: {"using":"xpath","value":"//button[contains(@id, \"massStateBtn\")]"}
COMMAND: POST /session/8c6c9308aba27c05719f6849e8e7e04d/execute/sync - {"script":"<script> [8489 bytes]","args":[{"element-6066-11e4-a52e-4f735466cecf":"f.70EA46D53BAEFF5909BCE503174AE3C6.d.A7A3A3F712257E6552ECC8B46476F6F2.e.306","ELEMENT":"f.70EA46D53BAEFF5909BCE503174AE3C6.d.A7A3A3F712257E6552ECC8B46476F6F2.e.306"}]}
RESULT: {"script":"<script> [8489 bytes]","args":[{"element-6066-11e4-a52e-4f735466cecf":"f.70EA46D53BAEFF5909BCE503174AE3C6.d.A7A3A3F712257E6552ECC8B46476F6F2.e.306","ELEMENT":"f.70EA46D53BAEFF5909BCE503174AE3C6.d.A7A3A3F712257E6552ECC8B46476F6F2.e.306"}]}
COMMAND: GET /session/8c6c9308aba27c05719f6849e8e7e04d/element/f.70EA46D53BAEFF5909BCE503174AE3C6.d.A7A3A3F712257E6552ECC8B46476F6F2.e.306/enabled - {}
COMMAND: GET /session/8c6c9308aba27c05719f6849e8e7e04d/screenshot - {}
RESULT: {}
COMMAND: POST /session/8c6c9308aba27c05719f6849e8e7e04d/execute/sync - {"script":"<script> [8489 bytes]","args":[{"element-6066-11e4-a52e-4f735466cecf":"f.70EA46D53BAEFF5909BCE503174AE3C6.d.A7A3A3F712257E6552ECC8B46476F6F2.e.306","ELEMENT":"f.70EA46D53BAEFF5909BCE503174AE3C6.d.A7A3A3F712257E6552ECC8B46476F6F2.e.306"}]}
COMMAND: GET /session/8c6c9308aba27c05719f6849e8e7e04d/screenshot - {}
RESULT: {}
RESULT: {"script":"<script> [8489 bytes]","args":[{"element-6066-11e4-a52e-4f735466cecf":"f.70EA46D53BAEFF5909BCE503174AE3C6.d.A7A3A3F712257E6552ECC8B46476F6F2.e.306","ELEMENT":"f.70EA46D53BAEFF5909BCE503174AE3C6.d.A7A3A3F712257E6552ECC8B46476F6F2.e.306"}]}
COMMAND: POST /session/8c6c9308aba27c05719f6849e8e7e04d/execute/sync - {"script":"<script> [5351 bytes]","args":[{"element-6066-11e4-a52e-4f735466cecf":"f.70EA46D53BAEFF5909BCE503174AE3C6.d.A7A3A3F712257E6552ECC8B46476F6F2.e.306","ELEMENT":"f.70EA46D53BAEFF5909BCE503174AE3C6.d.A7A3A3F712257E6552ECC8B46476F6F2.e.306"}]}
COMMAND: GET /session/8c6c9308aba27c05719f6849e8e7e04d/screenshot - {}
RESULT: {}
RESULT: {"script":"<script> [5351 bytes]","args":[{"element-6066-11e4-a52e-4f735466cecf":"f.70EA46D53BAEFF5909BCE503174AE3C6.d.A7A3A3F712257E6552ECC8B46476F6F2.e.306","ELEMENT":"f.70EA46D53BAEFF5909BCE503174AE3C6.d.A7A3A3F712257E6552ECC8B46476F6F2.e.306"}]}
COMMAND: POST /session/8c6c9308aba27c05719f6849e8e7e04d/element/f.70EA46D53BAEFF5909BCE503174AE3C6.d.A7A3A3F712257E6552ECC8B46476F6F2.e.306/click - {}
COMMAND: GET /session/8c6c9308aba27c05719f6849e8e7e04d/screenshot - {}
RESULT: {}
RESULT: {}
COMMAND: GET /session/8c6c9308aba27c05719f6849e8e7e04d/screenshot - {}
RESULT: {}
RESULT: {}
COMMAND: POST /session/8c6c9308aba27c05719f6849e8e7e04d/execute/async - {"script":"<script> [1562 bytes]","args":[{"selector":{"id":"application-ruinventorylist-display-component---Master--ruLocationTypeComboBox-arrow"},"wdio_ui5_key":"applicationruinventorylist-display-component---Master--ruLocationTypeComboBox-arrow"}]}
RESULT: {"script":"<script> [1562 bytes]","args":[{"selector":{"id":"application-ruinventorylist-display-component---Master--ruLocationTypeComboBox-arrow"},"wdio_ui5_key":"applicationruinventorylist-display-component---Master--ruLocationTypeComboBox-arrow"}]}
RESULT: undefined
COMMAND: POST /session/8c6c9308aba27c05719f6849e8e7e04d/element - {"using":"xpath","value":"//*[@id=\"application-ruinventorylist-display-component---Master--ruLocationTypeComboBox-arrow\"]"}
RESULT: {"using":"xpath","value":"//*[@id=\"application-ruinventorylist-display-component---Master--ruLocationTypeComboBox-arrow\"]"}
COMMAND: POST /session/8c6c9308aba27c05719f6849e8e7e04d/element/f.70EA46D53BAEFF5909BCE503174AE3C6.d.A7A3A3F712257E6552ECC8B46476F6F2.e.542/click - {}
RESULT: {}
COMMAND: GET /session/8c6c9308aba27c05719f6849e8e7e04d/screenshot - {}
RESULT: {}
COMMAND: POST /session/8c6c9308aba27c05719f6849e8e7e04d/element - {"using":"xpath","value":"//li[.//span[text()='Yard']]"}
RESULT: {"using":"xpath","value":"//li[.//span[text()='Yard']]"}
COMMAND: POST /session/8c6c9308aba27c05719f6849e8e7e04d/element/f.70EA46D53BAEFF5909BCE503174AE3C6.d.A7A3A3F712257E6552ECC8B46476F6F2.e.543/click - {}
RESULT: {}
COMMAND: GET /session/8c6c9308aba27c05719f6849e8e7e04d/screenshot - {}
RESULT: {}
COMMAND: POST /session/8c6c9308aba27c05719f6849e8e7e04d/execute/async - {"script":"<script> [1562 bytes]","args":[{"selector":{"id":"application-ruinventorylist-display-component---Master--smartFilterBar-filterItemControl_BASIC-YARD-vhi"},"wdio_ui5_key":"applicationruinventorylist-display-component---Master--smartFilterBar-filterItemControl_BASIC-YARD-vhi"}]}
RESULT: {"script":"<script> [1562 bytes]","args":[{"selector":{"id":"application-ruinventorylist-display-component---Master--smartFilterBar-filterItemControl_BASIC-YARD-vhi"},"wdio_ui5_key":"applicationruinventorylist-display-component---Master--smartFilterBar-filterItemControl_BASIC-YARD-vhi"}]}
RESULT: undefined
COMMAND: POST /session/8c6c9308aba27c05719f6849e8e7e04d/element - {"using":"xpath","value":"//*[@id=\"application-ruinventorylist-display-component---Master--smartFilterBar-filterItemControl_BASIC-YARD-vhi\"]"}
RESULT: {"using":"xpath","value":"//*[@id=\"application-ruinventorylist-display-component---Master--smartFilterBar-filterItemControl_BASIC-YARD-vhi\"]"}
COMMAND: POST /session/8c6c9308aba27c05719f6849e8e7e04d/element/f.70EA46D53BAEFF5909BCE503174AE3C6.d.A7A3A3F712257E6552ECC8B46476F6F2.e.613/click - {}
RESULT: {}
COMMAND: GET /session/8c6c9308aba27c05719f6849e8e7e04d/screenshot - {}
RESULT: {}
COMMAND: POST /session/8c6c9308aba27c05719f6849e8e7e04d/execute/async - {"script":"<script> [1562 bytes]","args":[{"selector":{"id":"application-ruinventorylist-display-component---Master--smartFilterBar-filterItemControl_BASIC-YARD-valueHelpDialog-smartFilterBar-btnBasicSearch","searchOpenDialogs":true,"interaction":{"idSuffix":"I"}},"wdio_ui5_key":"applicationruinventorylist-display-component---Master--smartFilterBar-filterItemControl_BASIC-YARD-valueHelpDialog-smartFilterBar-btnBasicSearch"}]}
RESULT: {"script":"<script> [1562 bytes]","args":[{"selector":{"id":"application-ruinventorylist-display-component---Master--smartFilterBar-filterItemControl_BASIC-YARD-valueHelpDialog-smartFilterBar-btnBasicSearch","searchOpenDialogs":true,"interaction":{"idSuffix":"I"}},"wdio_ui5_key":"applicationruinventorylist-display-component---Master--smartFilterBar-filterItemControl_BASIC-YARD-valueHelpDialog-smartFilterBar-btnBasicSearch"}]}
RESULT: undefined
COMMAND: POST /session/8c6c9308aba27c05719f6849e8e7e04d/execute/async - {"script":"<script> [776 bytes]","args":[{"enterText":"109","selector":{"id":"application-ruinventorylist-display-component---Master--smartFilterBar-filterItemControl_BASIC-YARD-valueHelpDialog-smartFilterBar-btnBasicSearch","searchOpenDialogs":true,"interaction":{"idSuffix":"I"}},"clearTextFirst":true,"interactionType":"ENTER_TEXT"}]}
RESULT: {"script":"<script> [776 bytes]","args":[{"enterText":"109","selector":{"id":"application-ruinventorylist-display-component---Master--smartFilterBar-filterItemControl_BASIC-YARD-valueHelpDialog-smartFilterBar-btnBasicSearch","searchOpenDialogs":true,"interaction":{"idSuffix":"I"}},"clearTextFirst":true,"interactionType":"ENTER_TEXT"}]}
COMMAND: POST /session/8c6c9308aba27c05719f6849e8e7e04d/actions - {"actions":[{"id":"action1","type":"key","parameters":{},"actions":[{"type":"keyDown","value":"î€‡"},{"type":"pause","duration":10},{"type":"keyUp","value":"î€‡"}]}]}
RESULT: {"actions":[{"id":"action1","type":"key","parameters":{},"actions":[{"type":"keyDown","value":"î€‡"},{"type":"pause","duration":10},{"type":"keyUp","value":"î€‡"}]}]}
COMMAND: GET /session/8c6c9308aba27c05719f6849e8e7e04d/screenshot - {}
RESULT: {}
COMMAND: POST /session/8c6c9308aba27c05719f6849e8e7e04d/elements - {"using":"xpath","value":"//table[contains(@id, \"filterItemControl_BASIC-YARD-valueHelpDialog-table-table\")]/tbody/tr"}
RESULT: {"using":"xpath","value":"//table[contains(@id, \"filterItemControl_BASIC-YARD-valueHelpDialog-table-table\")]/tbody/tr"}
COMMAND: POST /session/8c6c9308aba27c05719f6849e8e7e04d/element - {"using":"xpath","value":"//table[contains(@id, \"filterItemControl_BASIC-YARD-valueHelpDialog-table-table\")]/tbody/tr[1]/td[1]/div/span"}
RESULT: {"using":"xpath","value":"//table[contains(@id, \"filterItemControl_BASIC-YARD-valueHelpDialog-table-table\")]/tbody/tr[1]/td[1]/div/span"}
COMMAND: POST /session/8c6c9308aba27c05719f6849e8e7e04d/elements - {"using":"xpath","value":"//table[contains(@id, \"filterItemControl_BASIC-YARD-valueHelpDialog-table-table\")]/tbody/tr[1]/td[1]/div/span"}
RESULT: {"using":"xpath","value":"//table[contains(@id, \"filterItemControl_BASIC-YARD-valueHelpDialog-table-table\")]/tbody/tr[1]/td[1]/div/span"}
COMMAND: POST /session/8c6c9308aba27c05719f6849e8e7e04d/execute/sync - {"script":"<script> [56 bytes]","args":[{"element-6066-11e4-a52e-4f735466cecf":"f.70EA46D53BAEFF5909BCE503174AE3C6.d.A7A3A3F712257E6552ECC8B46476F6F2.e.637","ELEMENT":"f.70EA46D53BAEFF5909BCE503174AE3C6.d.A7A3A3F712257E6552ECC8B46476F6F2.e.637"}]}
RESULT: {"script":"<script> [56 bytes]","args":[{"element-6066-11e4-a52e-4f735466cecf":"f.70EA46D53BAEFF5909BCE503174AE3C6.d.A7A3A3F712257E6552ECC8B46476F6F2.e.637","ELEMENT":"f.70EA46D53BAEFF5909BCE503174AE3C6.d.A7A3A3F712257E6552ECC8B46476F6F2.e.637"}]}
COMMAND: POST /session/8c6c9308aba27c05719f6849e8e7e04d/element - {"using":"xpath","value":"//div[contains(@id, \"filterItemControl_BASIC-YARD-valueHelpDialog-table-rowsel0\")]"}
COMMAND: GET /session/8c6c9308aba27c05719f6849e8e7e04d/screenshot - {}
RESULT: {"using":"xpath","value":"//div[contains(@id, \"filterItemControl_BASIC-YARD-valueHelpDialog-table-rowsel0\")]"}
COMMAND: POST /session/8c6c9308aba27c05719f6849e8e7e04d/element/f.70EA46D53BAEFF5909BCE503174AE3C6.d.A7A3A3F712257E6552ECC8B46476F6F2.e.638/click - {}
RESULT: {}
RESULT: {}
COMMAND: GET /session/8c6c9308aba27c05719f6849e8e7e04d/screenshot - {}
RESULT: {}
COMMAND: POST /session/8c6c9308aba27c05719f6849e8e7e04d/element - {"using":"xpath","value":"//div[contains(@id, \"smartFilterBar-filterItemControl_BASIC-YARD-valueHelpDialog-smartFilterBar-btnBasicSearch-reset\")]"}
RESULT: {"using":"xpath","value":"//div[contains(@id, \"smartFilterBar-filterItemControl_BASIC-YARD-valueHelpDialog-smartFilterBar-btnBasicSearch-reset\")]"}
COMMAND: POST /session/8c6c9308aba27c05719f6849e8e7e04d/element/f.70EA46D53BAEFF5909BCE503174AE3C6.d.A7A3A3F712257E6552ECC8B46476F6F2.e.640/click - {}
RESULT: {}
RESULT: undefined
COMMAND: POST /session/8c6c9308aba27c05719f6849e8e7e04d/execute/async - {"script":"<script> [776 bytes]","args":[{"enterText":"OPA5_BST01_YARD1","selector":{"id":"application-ruinventorylist-display-component---Master--smartFilterBar-filterItemControl_BASIC-YARD-valueHelpDialog-smartFilterBar-btnBasicSearch","searchOpenDialogs":true,"interaction":{"idSuffix":"I"}},"clearTextFirst":true,"interactionType":"ENTER_TEXT"}]}
COMMAND: GET /session/8c6c9308aba27c05719f6849e8e7e04d/screenshot - {}
RESULT: {"script":"<script> [776 bytes]","args":[{"enterText":"OPA5_BST01_YARD1","selector":{"id":"application-ruinventorylist-display-component---Master--smartFilterBar-filterItemControl_BASIC-YARD-valueHelpDialog-smartFilterBar-btnBasicSearch","searchOpenDialogs":true,"interaction":{"idSuffix":"I"}},"clearTextFirst":true,"interactionType":"ENTER_TEXT"}]}
COMMAND: POST /session/8c6c9308aba27c05719f6849e8e7e04d/actions - {"actions":[{"id":"action2","type":"key","parameters":{},"actions":[{"type":"keyDown","value":"î€‡"},{"type":"pause","duration":10},{"type":"keyUp","value":"î€‡"}]}]}
RESULT: {}
RESULT: {"actions":[{"id":"action2","type":"key","parameters":{},"actions":[{"type":"keyDown","value":"î€‡"},{"type":"pause","duration":10},{"type":"keyUp","value":"î€‡"}]}]}
COMMAND: GET /session/8c6c9308aba27c05719f6849e8e7e04d/screenshot - {}
RESULT: {}
COMMAND: POST /session/8c6c9308aba27c05719f6849e8e7e04d/elements - {"using":"xpath","value":"//table[contains(@id, \"filterItemControl_BASIC-YARD-valueHelpDialog-table-table\")]/tbody/tr"}
RESULT: {"using":"xpath","value":"//table[contains(@id, \"filterItemControl_BASIC-YARD-valueHelpDialog-table-table\")]/tbody/tr"}
COMMAND: POST /session/8c6c9308aba27c05719f6849e8e7e04d/element - {"using":"xpath","value":"//table[contains(@id, \"filterItemControl_BASIC-YARD-valueHelpDialog-table-table\")]/tbody/tr[1]/td[1]/div/span"}
RESULT: {"using":"xpath","value":"//table[contains(@id, \"filterItemControl_BASIC-YARD-valueHelpDialog-table-table\")]/tbody/tr[1]/td[1]/div/span"}
COMMAND: POST /session/8c6c9308aba27c05719f6849e8e7e04d/elements - {"using":"xpath","value":"//table[contains(@id, \"filterItemControl_BASIC-YARD-valueHelpDialog-table-table\")]/tbody/tr[1]/td[1]/div/span"}
RESULT: {"using":"xpath","value":"//table[contains(@id, \"filterItemControl_BASIC-YARD-valueHelpDialog-table-table\")]/tbody/tr[1]/td[1]/div/span"}
COMMAND: POST /session/8c6c9308aba27c05719f6849e8e7e04d/execute/sync - {"script":"<script> [56 bytes]","args":[{"element-6066-11e4-a52e-4f735466cecf":"f.70EA46D53BAEFF5909BCE503174AE3C6.d.A7A3A3F712257E6552ECC8B46476F6F2.e.637","ELEMENT":"f.70EA46D53BAEFF5909BCE503174AE3C6.d.A7A3A3F712257E6552ECC8B46476F6F2.e.637"}]}
RESULT: {"script":"<script> [56 bytes]","args":[{"element-6066-11e4-a52e-4f735466cecf":"f.70EA46D53BAEFF5909BCE503174AE3C6.d.A7A3A3F712257E6552ECC8B46476F6F2.e.637","ELEMENT":"f.70EA46D53BAEFF5909BCE503174AE3C6.d.A7A3A3F712257E6552ECC8B46476F6F2.e.637"}]}
COMMAND: POST /session/8c6c9308aba27c05719f6849e8e7e04d/element - {"using":"xpath","value":"//div[contains(@id, \"filterItemControl_BASIC-YARD-valueHelpDialog-table-rowsel0\")]"}
COMMAND: GET /session/8c6c9308aba27c05719f6849e8e7e04d/screenshot - {}
RESULT: {"using":"xpath","value":"//div[contains(@id, \"filterItemControl_BASIC-YARD-valueHelpDialog-table-rowsel0\")]"}
COMMAND: POST /session/8c6c9308aba27c05719f6849e8e7e04d/element/f.70EA46D53BAEFF5909BCE503174AE3C6.d.A7A3A3F712257E6552ECC8B46476F6F2.e.638/click - {}
RESULT: {}
RESULT: {}
COMMAND: GET /session/8c6c9308aba27c05719f6849e8e7e04d/screenshot - {}
RESULT: {}
COMMAND: POST /session/8c6c9308aba27c05719f6849e8e7e04d/element - {"using":"xpath","value":"(//bdi[contains(text(), \"OK\")])[1]"}
RESULT: {"using":"xpath","value":"(//bdi[contains(text(), \"OK\")])[1]"}
COMMAND: POST /session/8c6c9308aba27c05719f6849e8e7e04d/element/f.70EA46D53BAEFF5909BCE503174AE3C6.d.A7A3A3F712257E6552ECC8B46476F6F2.e.641/click - {}
RESULT: {}
COMMAND: GET /session/8c6c9308aba27c05719f6849e8e7e04d/screenshot - {}
RESULT: {}
COMMAND: POST /session/8c6c9308aba27c05719f6849e8e7e04d/element - {"using":"xpath","value":"//span[@id=\"application-ruinventorylist-display-component---Master--smartTableRuInventoryList-header-inner\"]"}
RESULT: {"using":"xpath","value":"//span[@id=\"application-ruinventorylist-display-component---Master--smartTableRuInventoryList-header-inner\"]"}
COMMAND: POST /session/8c6c9308aba27c05719f6849e8e7e04d/elements - {"using":"xpath","value":"//span[@id=\"application-ruinventorylist-display-component---Master--smartTableRuInventoryList-header-inner\"]"}
RESULT: {"using":"xpath","value":"//span[@id=\"application-ruinventorylist-display-component---Master--smartTableRuInventoryList-header-inner\"]"}
COMMAND: POST /session/8c6c9308aba27c05719f6849e8e7e04d/execute/sync - {"script":"<script> [56 bytes]","args":[{"element-6066-11e4-a52e-4f735466cecf":"f.70EA46D53BAEFF5909BCE503174AE3C6.d.A7A3A3F712257E6552ECC8B46476F6F2.e.805","ELEMENT":"f.70EA46D53BAEFF5909BCE503174AE3C6.d.A7A3A3F712257E6552ECC8B46476F6F2.e.805"}]}
RESULT: {"script":"<script> [56 bytes]","args":[{"element-6066-11e4-a52e-4f735466cecf":"f.70EA46D53BAEFF5909BCE503174AE3C6.d.A7A3A3F712257E6552ECC8B46476F6F2.e.805","ELEMENT":"f.70EA46D53BAEFF5909BCE503174AE3C6.d.A7A3A3F712257E6552ECC8B46476F6F2.e.805"}]}
COMMAND: POST /session/8c6c9308aba27c05719f6849e8e7e04d/execute/async - {"script":"<script> [1562 bytes]","args":[{"selector":{"id":"application-ruinventorylist-display-component---Master--smartFilterBar-btnBasicSearch","interaction":{"idSuffix":"I"}},"wdio_ui5_key":"applicationruinventorylist-display-component---Master--smartFilterBar-btnBasicSearch"}]}
COMMAND: GET /session/8c6c9308aba27c05719f6849e8e7e04d/screenshot - {}
RESULT: {"script":"<script> [1562 bytes]","args":[{"selector":{"id":"application-ruinventorylist-display-component---Master--smartFilterBar-btnBasicSearch","interaction":{"idSuffix":"I"}},"wdio_ui5_key":"applicationruinventorylist-display-component---Master--smartFilterBar-btnBasicSearch"}]}
RESULT: undefined
COMMAND: POST /session/8c6c9308aba27c05719f6849e8e7e04d/execute/async - {"script":"<script> [776 bytes]","args":[{"enterText":"600002","selector":{"id":"application-ruinventorylist-display-component---Master--smartFilterBar-btnBasicSearch","interaction":{"idSuffix":"I"}},"clearTextFirst":true,"interactionType":"ENTER_TEXT"}]}
RESULT: {}
RESULT: {"script":"<script> [776 bytes]","args":[{"enterText":"600002","selector":{"id":"application-ruinventorylist-display-component---Master--smartFilterBar-btnBasicSearch","interaction":{"idSuffix":"I"}},"clearTextFirst":true,"interactionType":"ENTER_TEXT"}]}
COMMAND: POST /session/8c6c9308aba27c05719f6849e8e7e04d/actions - {"actions":[{"id":"action3","type":"key","parameters":{},"actions":[{"type":"keyDown","value":"î€‡"},{"type":"pause","duration":10},{"type":"keyUp","value":"î€‡"}]}]}
RESULT: {"actions":[{"id":"action3","type":"key","parameters":{},"actions":[{"type":"keyDown","value":"î€‡"},{"type":"pause","duration":10},{"type":"keyUp","value":"î€‡"}]}]}
COMMAND: GET /session/8c6c9308aba27c05719f6849e8e7e04d/screenshot - {}
RESULT: {}
COMMAND: POST /session/8c6c9308aba27c05719f6849e8e7e04d/element - {"using":"xpath","value":"//span[@id=\"application-ruinventorylist-display-component---Master--smartTableRuInventoryList-header-inner\"]"}
RESULT: {"using":"xpath","value":"//span[@id=\"application-ruinventorylist-display-component---Master--smartTableRuInventoryList-header-inner\"]"}
COMMAND: POST /session/8c6c9308aba27c05719f6849e8e7e04d/elements - {"using":"xpath","value":"//span[@id=\"application-ruinventorylist-display-component---Master--smartTableRuInventoryList-header-inner\"]"}
RESULT: {"using":"xpath","value":"//span[@id=\"application-ruinventorylist-display-component---Master--smartTableRuInventoryList-header-inner\"]"}
COMMAND: POST /session/8c6c9308aba27c05719f6849e8e7e04d/execute/sync - {"script":"<script> [56 bytes]","args":[{"element-6066-11e4-a52e-4f735466cecf":"f.70EA46D53BAEFF5909BCE503174AE3C6.d.A7A3A3F712257E6552ECC8B46476F6F2.e.805","ELEMENT":"f.70EA46D53BAEFF5909BCE503174AE3C6.d.A7A3A3F712257E6552ECC8B46476F6F2.e.805"}]}
RESULT: {"script":"<script> [56 bytes]","args":[{"element-6066-11e4-a52e-4f735466cecf":"f.70EA46D53BAEFF5909BCE503174AE3C6.d.A7A3A3F712257E6552ECC8B46476F6F2.e.805","ELEMENT":"f.70EA46D53BAEFF5909BCE503174AE3C6.d.A7A3A3F712257E6552ECC8B46476F6F2.e.805"}]}
COMMAND: POST /session/8c6c9308aba27c05719f6849e8e7e04d/element - {"using":"xpath","value":"//table[contains(@id, \"application-ruinventorylist-display-component---Master--tableRuInventoryList-listUl\")]/tbody/tr[1]/td[2]/div/div"}
COMMAND: GET /session/8c6c9308aba27c05719f6849e8e7e04d/screenshot - {}
RESULT: {"using":"xpath","value":"//table[contains(@id, \"application-ruinventorylist-display-component---Master--tableRuInventoryList-listUl\")]/tbody/tr[1]/td[2]/div/div"}
COMMAND: POST /session/8c6c9308aba27c05719f6849e8e7e04d/element/f.70EA46D53BAEFF5909BCE503174AE3C6.d.A7A3A3F712257E6552ECC8B46476F6F2.e.811/click - {}
RESULT: {}
RESULT: {}
COMMAND: GET /session/8c6c9308aba27c05719f6849e8e7e04d/screenshot - {}
RESULT: {}
COMMAND: POST /session/8c6c9308aba27c05719f6849e8e7e04d/element - {"using":"xpath","value":"//div[contains(@id, \"smartFilterBar-btnBasicSearch-reset\")]"}
RESULT: {"using":"xpath","value":"//div[contains(@id, \"smartFilterBar-btnBasicSearch-reset\")]"}
COMMAND: POST /session/8c6c9308aba27c05719f6849e8e7e04d/element/f.70EA46D53BAEFF5909BCE503174AE3C6.d.A7A3A3F712257E6552ECC8B46476F6F2.e.821/click - {}
RESULT: {}
COMMAND: GET /session/8c6c9308aba27c05719f6849e8e7e04d/screenshot - {}
RESULT: {}
RESULT: undefined
COMMAND: POST /session/8c6c9308aba27c05719f6849e8e7e04d/execute/async - {"script":"<script> [776 bytes]","args":[{"enterText":"401002","selector":{"id":"application-ruinventorylist-display-component---Master--smartFilterBar-btnBasicSearch","interaction":{"idSuffix":"I"}},"clearTextFirst":true,"interactionType":"ENTER_TEXT"}]}
RESULT: {"script":"<script> [776 bytes]","args":[{"enterText":"401002","selector":{"id":"application-ruinventorylist-display-component---Master--smartFilterBar-btnBasicSearch","interaction":{"idSuffix":"I"}},"clearTextFirst":true,"interactionType":"ENTER_TEXT"}]}
COMMAND: POST /session/8c6c9308aba27c05719f6849e8e7e04d/actions - {"actions":[{"id":"action4","type":"key","parameters":{},"actions":[{"type":"keyDown","value":"î€‡"},{"type":"pause","duration":10},{"type":"keyUp","value":"î€‡"}]}]}
RESULT: {"actions":[{"id":"action4","type":"key","parameters":{},"actions":[{"type":"keyDown","value":"î€‡"},{"type":"pause","duration":10},{"type":"keyUp","value":"î€‡"}]}]}
COMMAND: GET /session/8c6c9308aba27c05719f6849e8e7e04d/screenshot - {}
RESULT: {}
COMMAND: POST /session/8c6c9308aba27c05719f6849e8e7e04d/element - {"using":"xpath","value":"//span[@id=\"application-ruinventorylist-display-component---Master--smartTableRuInventoryList-header-inner\"]"}
RESULT: {"using":"xpath","value":"//span[@id=\"application-ruinventorylist-display-component---Master--smartTableRuInventoryList-header-inner\"]"}
COMMAND: POST /session/8c6c9308aba27c05719f6849e8e7e04d/elements - {"using":"xpath","value":"//span[@id=\"application-ruinventorylist-display-component---Master--smartTableRuInventoryList-header-inner\"]"}
RESULT: {"using":"xpath","value":"//span[@id=\"application-ruinventorylist-display-component---Master--smartTableRuInventoryList-header-inner\"]"}
COMMAND: POST /session/8c6c9308aba27c05719f6849e8e7e04d/execute/sync - {"script":"<script> [56 bytes]","args":[{"element-6066-11e4-a52e-4f735466cecf":"f.70EA46D53BAEFF5909BCE503174AE3C6.d.A7A3A3F712257E6552ECC8B46476F6F2.e.805","ELEMENT":"f.70EA46D53BAEFF5909BCE503174AE3C6.d.A7A3A3F712257E6552ECC8B46476F6F2.e.805"}]}
RESULT: {"script":"<script> [56 bytes]","args":[{"element-6066-11e4-a52e-4f735466cecf":"f.70EA46D53BAEFF5909BCE503174AE3C6.d.A7A3A3F712257E6552ECC8B46476F6F2.e.805","ELEMENT":"f.70EA46D53BAEFF5909BCE503174AE3C6.d.A7A3A3F712257E6552ECC8B46476F6F2.e.805"}]}
COMMAND: POST /session/8c6c9308aba27c05719f6849e8e7e04d/element - {"using":"xpath","value":"//table[contains(@id, \"application-ruinventorylist-display-component---Master--tableRuInventoryList-listUl\")]/tbody/tr[1]/td[2]/div/div"}
COMMAND: GET /session/8c6c9308aba27c05719f6849e8e7e04d/screenshot - {}
RESULT: {"using":"xpath","value":"//table[contains(@id, \"application-ruinventorylist-display-component---Master--tableRuInventoryList-listUl\")]/tbody/tr[1]/td[2]/div/div"}
COMMAND: POST /session/8c6c9308aba27c05719f6849e8e7e04d/element/f.70EA46D53BAEFF5909BCE503174AE3C6.d.A7A3A3F712257E6552ECC8B46476F6F2.e.999/click - {}
RESULT: {}
RESULT: {}
COMMAND: GET /session/8c6c9308aba27c05719f6849e8e7e04d/screenshot - {}
RESULT: {}
COMMAND: POST /session/8c6c9308aba27c05719f6849e8e7e04d/element - {"using":"xpath","value":"//div[contains(@id, \"smartFilterBar-btnBasicSearch-reset\")]"}
RESULT: {"using":"xpath","value":"//div[contains(@id, \"smartFilterBar-btnBasicSearch-reset\")]"}
COMMAND: POST /session/8c6c9308aba27c05719f6849e8e7e04d/element/f.70EA46D53BAEFF5909BCE503174AE3C6.d.A7A3A3F712257E6552ECC8B46476F6F2.e.821/click - {}
RESULT: {}
COMMAND: GET /session/8c6c9308aba27c05719f6849e8e7e04d/screenshot - {}
RESULT: {}
COMMAND: POST /session/8c6c9308aba27c05719f6849e8e7e04d/element/f.70EA46D53BAEFF5909BCE503174AE3C6.d.A7A3A3F712257E6552ECC8B46476F6F2.e.306/click - {}
RESULT: {}
COMMAND: GET /session/8c6c9308aba27c05719f6849e8e7e04d/screenshot - {}
RESULT: {}
COMMAND: POST /session/8c6c9308aba27c05719f6849e8e7e04d/execute/async - {"script":"<script> [1562 bytes]","args":[{"selector":{"controlType":"sap.m.Title","viewName":"etm.portal.ui.ruinventorylist.view.Master","viewId":"application-ruinventorylist-display-component---Master","properties":{"text":"Mass State Change"},"searchOpenDialogs":true},"wdio_ui5_key":"etmportal.ui.ruinventorylist.view.Mastersap.m.Title{\"text\":\"Mass State Change\"}"}]}
RESULT: {"script":"<script> [1562 bytes]","args":[{"selector":{"controlType":"sap.m.Title","viewName":"etm.portal.ui.ruinventorylist.view.Master","viewId":"application-ruinventorylist-display-component---Master","properties":{"text":"Mass State Change"},"searchOpenDialogs":true},"wdio_ui5_key":"etmportal.ui.ruinventorylist.view.Mastersap.m.Title{\"text\":\"Mass State Change\"}"}]}
RESULT: undefined
COMMAND: POST /session/8c6c9308aba27c05719f6849e8e7e04d/execute/async - {"script":"<script> [6424 bytes]","args":[{"element-6066-11e4-a52e-4f735466cecf":"f.70EA46D53BAEFF5909BCE503174AE3C6.d.A7A3A3F712257E6552ECC8B46476F6F2.e.1200"},"getText",[]]}
RESULT: {"script":"<script> [6424 bytes]","args":[{"element-6066-11e4-a52e-4f735466cecf":"f.70EA46D53BAEFF5909BCE503174AE3C6.d.A7A3A3F712257E6552ECC8B46476F6F2.e.1200"},"getText",[]]}
COMMAND: POST /session/8c6c9308aba27c05719f6849e8e7e04d/element - {"using":"xpath","value":"(//bdi[contains(text(), \"OK\")])[1]"}
RESULT: {"using":"xpath","value":"(//bdi[contains(text(), \"OK\")])[1]"}
COMMAND: POST /session/8c6c9308aba27c05719f6849e8e7e04d/element/f.70EA46D53BAEFF5909BCE503174AE3C6.d.A7A3A3F712257E6552ECC8B46476F6F2.e.1201/click - {}
RESULT: {}
COMMAND: GET /session/8c6c9308aba27c05719f6849e8e7e04d/screenshot - {}
RESULT: {}
COMMAND: POST /session/8c6c9308aba27c05719f6849e8e7e04d/element - {"using":"css selector","value":"div.sapMMessageBoxError"}
RESULT: {"using":"css selector","value":"div.sapMMessageBoxError"}
COMMAND: POST /session/8c6c9308aba27c05719f6849e8e7e04d/elements - {"using":"css selector","value":"div.sapMMessageBoxError"}
RESULT: {"using":"css selector","value":"div.sapMMessageBoxError"}
COMMAND: POST /session/8c6c9308aba27c05719f6849e8e7e04d/element - {"using":"xpath","value":"(//bdi[contains(text(), \"Close\")])[1]"}
RESULT: {"using":"xpath","value":"(//bdi[contains(text(), \"Close\")])[1]"}
COMMAND: POST /session/8c6c9308aba27c05719f6849e8e7e04d/element/f.70EA46D53BAEFF5909BCE503174AE3C6.d.A7A3A3F712257E6552ECC8B46476F6F2.e.1205/click - {}
RESULT: {}
COMMAND: GET /session/8c6c9308aba27c05719f6849e8e7e04d/screenshot - {}
RESULT: {}
COMMAND: POST /session/8c6c9308aba27c05719f6849e8e7e04d/execute/async - {"script":"<script> [1562 bytes]","args":[{"selector":{"id":"application-ruinventorylist-display-component---Master--ruStateTypes-arrow","searchOpenDialogs":true},"wdio_ui5_key":"applicationruinventorylist-display-component---Master--ruStateTypes-arrow"}]}
RESULT: {"script":"<script> [1562 bytes]","args":[{"selector":{"id":"application-ruinventorylist-display-component---Master--ruStateTypes-arrow","searchOpenDialogs":true},"wdio_ui5_key":"applicationruinventorylist-display-component---Master--ruStateTypes-arrow"}]}
RESULT: undefined
COMMAND: POST /session/8c6c9308aba27c05719f6849e8e7e04d/element - {"using":"xpath","value":"//*[@id=\"application-ruinventorylist-display-component---Master--ruStateTypes-arrow\"]"}
RESULT: {"using":"xpath","value":"//*[@id=\"application-ruinventorylist-display-component---Master--ruStateTypes-arrow\"]"}
COMMAND: POST /session/8c6c9308aba27c05719f6849e8e7e04d/element/f.70EA46D53BAEFF5909BCE503174AE3C6.d.A7A3A3F712257E6552ECC8B46476F6F2.e.1207/click - {}
RESULT: {}
COMMAND: GET /session/8c6c9308aba27c05719f6849e8e7e04d/screenshot - {}
RESULT: {}
COMMAND: POST /session/8c6c9308aba27c05719f6849e8e7e04d/element - {"using":"xpath","value":"//li[.//span[text()=\"defect\"]]"}
RESULT: {"using":"xpath","value":"//li[.//span[text()=\"defect\"]]"}
COMMAND: POST /session/8c6c9308aba27c05719f6849e8e7e04d/element/f.70EA46D53BAEFF5909BCE503174AE3C6.d.A7A3A3F712257E6552ECC8B46476F6F2.e.1208/click - {}
RESULT: {}
COMMAND: GET /session/8c6c9308aba27c05719f6849e8e7e04d/screenshot - {}
RESULT: {}
COMMAND: POST /session/8c6c9308aba27c05719f6849e8e7e04d/element - {"using":"xpath","value":"(//span[@data-kt=\"trashMassStateChangeIcon\"])[1]"}
RESULT: {"using":"xpath","value":"(//span[@data-kt=\"trashMassStateChangeIcon\"])[1]"}
COMMAND: POST /session/8c6c9308aba27c05719f6849e8e7e04d/element/f.70EA46D53BAEFF5909BCE503174AE3C6.d.A7A3A3F712257E6552ECC8B46476F6F2.e.1209/click - {}
RESULT: {}
COMMAND: GET /session/8c6c9308aba27c05719f6849e8e7e04d/screenshot - {}
RESULT: {}
COMMAND: POST /session/8c6c9308aba27c05719f6849e8e7e04d/element - {"using":"xpath","value":"//table[contains(@id, \"massStateChangeTable-listUl\")]/tbody/tr[1]/td[11]/div/div/div/input"}
RESULT: {"using":"xpath","value":"//table[contains(@id, \"massStateChangeTable-listUl\")]/tbody/tr[1]/td[11]/div/div/div/input"}
COMMAND: GET /session/8c6c9308aba27c05719f6849e8e7e04d/element/f.70EA46D53BAEFF5909BCE503174AE3C6.d.A7A3A3F712257E6552ECC8B46476F6F2.e.1194/property/value - {}
RESULT: {}
COMMAND: POST /session/8c6c9308aba27c05719f6849e8e7e04d/element - {"using":"xpath","value":"(//span[@data-kt=\"trashMassStateChangeIcon\"])[2]"}
COMMAND: GET /session/8c6c9308aba27c05719f6849e8e7e04d/screenshot - {}
RESULT: {"using":"xpath","value":"(//span[@data-kt=\"trashMassStateChangeIcon\"])[2]"}
COMMAND: POST /session/8c6c9308aba27c05719f6849e8e7e04d/element/f.70EA46D53BAEFF5909BCE503174AE3C6.d.A7A3A3F712257E6552ECC8B46476F6F2.e.1211/click - {}
RESULT: {}
RESULT: {}
COMMAND: GET /session/8c6c9308aba27c05719f6849e8e7e04d/screenshot - {}
RESULT: {}
COMMAND: POST /session/8c6c9308aba27c05719f6849e8e7e04d/element - {"using":"xpath","value":"//table[contains(@id, \"massStateChangeTable-listUl\")]/tbody/tr[2]/td[11]/div/div/div/input"}
RESULT: {"using":"xpath","value":"//table[contains(@id, \"massStateChangeTable-listUl\")]/tbody/tr[2]/td[11]/div/div/div/input"}
COMMAND: GET /session/8c6c9308aba27c05719f6849e8e7e04d/element/f.70EA46D53BAEFF5909BCE503174AE3C6.d.A7A3A3F712257E6552ECC8B46476F6F2.e.1198/property/value - {}
RESULT: {}
COMMAND: POST /session/8c6c9308aba27c05719f6849e8e7e04d/element - {"using":"xpath","value":"//table[contains(@id, \"massStateChangeTable-listUl\")]/tbody/tr[1]/td[10]/div/span/span[1]"}
COMMAND: GET /session/8c6c9308aba27c05719f6849e8e7e04d/screenshot - {}
RESULT: {"using":"xpath","value":"//table[contains(@id, \"massStateChangeTable-listUl\")]/tbody/tr[1]/td[10]/div/span/span[1]"}
COMMAND: POST /session/8c6c9308aba27c05719f6849e8e7e04d/execute/sync - {"script":"<script> [56 bytes]","args":[{"element-6066-11e4-a52e-4f735466cecf":"f.70EA46D53BAEFF5909BCE503174AE3C6.d.A7A3A3F712257E6552ECC8B46476F6F2.e.1213","ELEMENT":"f.70EA46D53BAEFF5909BCE503174AE3C6.d.A7A3A3F712257E6552ECC8B46476F6F2.e.1213"}]}
RESULT: {}
RESULT: {"script":"<script> [56 bytes]","args":[{"element-6066-11e4-a52e-4f735466cecf":"f.70EA46D53BAEFF5909BCE503174AE3C6.d.A7A3A3F712257E6552ECC8B46476F6F2.e.1213","ELEMENT":"f.70EA46D53BAEFF5909BCE503174AE3C6.d.A7A3A3F712257E6552ECC8B46476F6F2.e.1213"}]}
COMMAND: POST /session/8c6c9308aba27c05719f6849e8e7e04d/element - {"using":"xpath","value":"//table[contains(@id, \"massStateChangeTable-listUl\")]/tbody/tr[1]/td[11]/div/div/div/div[2]/span"}
COMMAND: GET /session/8c6c9308aba27c05719f6849e8e7e04d/screenshot - {}
RESULT: {"using":"xpath","value":"//table[contains(@id, \"massStateChangeTable-listUl\")]/tbody/tr[1]/td[11]/div/div/div/div[2]/span"}
COMMAND: POST /session/8c6c9308aba27c05719f6849e8e7e04d/element/f.70EA46D53BAEFF5909BCE503174AE3C6.d.A7A3A3F712257E6552ECC8B46476F6F2.e.1214/click - {}
RESULT: {}
RESULT: {}
COMMAND: GET /session/8c6c9308aba27c05719f6849e8e7e04d/screenshot - {}
RESULT: {}
COMMAND: POST /session/8c6c9308aba27c05719f6849e8e7e04d/element - {"using":"xpath","value":"//table[contains(@id, \"massStateChangeTable-listUl\")]/tbody/tr[1]/td[11]/div/div/div/div[2]/span"}
RESULT: {"using":"xpath","value":"//table[contains(@id, \"massStateChangeTable-listUl\")]/tbody/tr[1]/td[11]/div/div/div/div[2]/span"}
COMMAND: POST /session/8c6c9308aba27c05719f6849e8e7e04d/element/f.70EA46D53BAEFF5909BCE503174AE3C6.d.A7A3A3F712257E6552ECC8B46476F6F2.e.1214/click - {}
RESULT: {}
COMMAND: GET /session/8c6c9308aba27c05719f6849e8e7e04d/screenshot - {}
RESULT: {}
COMMAND: POST /session/8c6c9308aba27c05719f6849e8e7e04d/element - {"using":"xpath","value":"//table[contains(@id, \"massStateChangeTable-listUl\")]/tbody/tr[1]/td[11]/div/div/div/div[2]/span"}
RESULT: {"using":"xpath","value":"//table[contains(@id, \"massStateChangeTable-listUl\")]/tbody/tr[1]/td[11]/div/div/div/div[2]/span"}
COMMAND: POST /session/8c6c9308aba27c05719f6849e8e7e04d/element/f.70EA46D53BAEFF5909BCE503174AE3C6.d.A7A3A3F712257E6552ECC8B46476F6F2.e.1214/click - {}
RESULT: {}
COMMAND: GET /session/8c6c9308aba27c05719f6849e8e7e04d/screenshot - {}
RESULT: {}
COMMAND: POST /session/8c6c9308aba27c05719f6849e8e7e04d/element - {"using":"xpath","value":"//table[contains(@id, \"massStateChangeTable-listUl\")]/tbody/tr[1]/td[11]/div/div/div/div[2]/span"}
RESULT: {"using":"xpath","value":"//table[contains(@id, \"massStateChangeTable-listUl\")]/tbody/tr[1]/td[11]/div/div/div/div[2]/span"}
COMMAND: POST /session/8c6c9308aba27c05719f6849e8e7e04d/element/f.70EA46D53BAEFF5909BCE503174AE3C6.d.A7A3A3F712257E6552ECC8B46476F6F2.e.1214/click - {}
RESULT: {}
COMMAND: GET /session/8c6c9308aba27c05719f6849e8e7e04d/screenshot - {}
RESULT: {}
COMMAND: POST /session/8c6c9308aba27c05719f6849e8e7e04d/element - {"using":"xpath","value":"//table[contains(@id, \"massStateChangeTable-listUl\")]/tbody/tr[1]/td[11]/div/div/div/div[2]/span"}
RESULT: {"using":"xpath","value":"//table[contains(@id, \"massStateChangeTable-listUl\")]/tbody/tr[1]/td[11]/div/div/div/div[2]/span"}
COMMAND: POST /session/8c6c9308aba27c05719f6849e8e7e04d/element/f.70EA46D53BAEFF5909BCE503174AE3C6.d.A7A3A3F712257E6552ECC8B46476F6F2.e.1214/click - {}
RESULT: {}
COMMAND: GET /session/8c6c9308aba27c05719f6849e8e7e04d/screenshot - {}
RESULT: {}
COMMAND: POST /session/8c6c9308aba27c05719f6849e8e7e04d/element - {"using":"xpath","value":"//table[contains(@id, \"massStateChangeTable-listUl\")]/tbody/tr[1]/td[11]/div/div/div/div[2]/span"}
RESULT: {"using":"xpath","value":"//table[contains(@id, \"massStateChangeTable-listUl\")]/tbody/tr[1]/td[11]/div/div/div/div[2]/span"}
COMMAND: POST /session/8c6c9308aba27c05719f6849e8e7e04d/element/f.70EA46D53BAEFF5909BCE503174AE3C6.d.A7A3A3F712257E6552ECC8B46476F6F2.e.1214/click - {}
RESULT: {}
COMMAND: GET /session/8c6c9308aba27c05719f6849e8e7e04d/screenshot - {}
RESULT: {}
COMMAND: POST /session/8c6c9308aba27c05719f6849e8e7e04d/element - {"using":"xpath","value":"//table[contains(@id, \"massStateChangeTable-listUl\")]/tbody/tr[1]/td[11]/div/div/div/div[2]/span"}
RESULT: {"using":"xpath","value":"//table[contains(@id, \"massStateChangeTable-listUl\")]/tbody/tr[1]/td[11]/div/div/div/div[2]/span"}
COMMAND: POST /session/8c6c9308aba27c05719f6849e8e7e04d/element/f.70EA46D53BAEFF5909BCE503174AE3C6.d.A7A3A3F712257E6552ECC8B46476F6F2.e.1214/click - {}
RESULT: {}
COMMAND: GET /session/8c6c9308aba27c05719f6849e8e7e04d/screenshot - {}
RESULT: {}
COMMAND: POST /session/8c6c9308aba27c05719f6849e8e7e04d/element - {"using":"xpath","value":"//table[contains(@id, \"massStateChangeTable-listUl\")]/tbody/tr[1]/td[11]/div/div/div/div[2]/span"}
RESULT: {"using":"xpath","value":"//table[contains(@id, \"massStateChangeTable-listUl\")]/tbody/tr[1]/td[11]/div/div/div/div[2]/span"}
COMMAND: POST /session/8c6c9308aba27c05719f6849e8e7e04d/element/f.70EA46D53BAEFF5909BCE503174AE3C6.d.A7A3A3F712257E6552ECC8B46476F6F2.e.1214/click - {}
RESULT: {}
COMMAND: GET /session/8c6c9308aba27c05719f6849e8e7e04d/screenshot - {}
RESULT: {}
COMMAND: POST /session/8c6c9308aba27c05719f6849e8e7e04d/element - {"using":"xpath","value":"//table[contains(@id, \"massStateChangeTable-listUl\")]/tbody/tr[1]/td[11]/div/div/div/div[2]/span"}
RESULT: {"using":"xpath","value":"//table[contains(@id, \"massStateChangeTable-listUl\")]/tbody/tr[1]/td[11]/div/div/div/div[2]/span"}
COMMAND: POST /session/8c6c9308aba27c05719f6849e8e7e04d/element/f.70EA46D53BAEFF5909BCE503174AE3C6.d.A7A3A3F712257E6552ECC8B46476F6F2.e.1214/click - {}
RESULT: {}
COMMAND: GET /session/8c6c9308aba27c05719f6849e8e7e04d/screenshot - {}
RESULT: {}
COMMAND: POST /session/8c6c9308aba27c05719f6849e8e7e04d/element - {"using":"xpath","value":"//table[contains(@id, \"massStateChangeTable-listUl\")]/tbody/tr[1]/td[11]/div/div/div/div[2]/span"}
RESULT: {"using":"xpath","value":"//table[contains(@id, \"massStateChangeTable-listUl\")]/tbody/tr[1]/td[11]/div/div/div/div[2]/span"}
COMMAND: POST /session/8c6c9308aba27c05719f6849e8e7e04d/element/f.70EA46D53BAEFF5909BCE503174AE3C6.d.A7A3A3F712257E6552ECC8B46476F6F2.e.1214/click - {}
RESULT: {}
COMMAND: GET /session/8c6c9308aba27c05719f6849e8e7e04d/screenshot - {}
RESULT: {}
COMMAND: POST /session/8c6c9308aba27c05719f6849e8e7e04d/element - {"using":"xpath","value":"//table[contains(@id, \"massStateChangeTable-listUl\")]/tbody/tr[1]/td[11]/div/div/div/div[2]/span"}
RESULT: {"using":"xpath","value":"//table[contains(@id, \"massStateChangeTable-listUl\")]/tbody/tr[1]/td[11]/div/div/div/div[2]/span"}
COMMAND: POST /session/8c6c9308aba27c05719f6849e8e7e04d/element/f.70EA46D53BAEFF5909BCE503174AE3C6.d.A7A3A3F712257E6552ECC8B46476F6F2.e.1214/click - {}
RESULT: {}
COMMAND: GET /session/8c6c9308aba27c05719f6849e8e7e04d/screenshot - {}
RESULT: {}
COMMAND: POST /session/8c6c9308aba27c05719f6849e8e7e04d/element - {"using":"xpath","value":"//table[contains(@id, \"massStateChangeTable-listUl\")]/tbody/tr[1]/td[11]/div/div/div/div[2]/span"}
RESULT: {"using":"xpath","value":"//table[contains(@id, \"massStateChangeTable-listUl\")]/tbody/tr[1]/td[11]/div/div/div/div[2]/span"}
COMMAND: POST /session/8c6c9308aba27c05719f6849e8e7e04d/element/f.70EA46D53BAEFF5909BCE503174AE3C6.d.A7A3A3F712257E6552ECC8B46476F6F2.e.1214/click - {}
RESULT: {}
COMMAND: GET /session/8c6c9308aba27c05719f6849e8e7e04d/screenshot - {}
RESULT: {}
COMMAND: POST /session/8c6c9308aba27c05719f6849e8e7e04d/element - {"using":"xpath","value":"//table[contains(@id, \"massStateChangeTable-listUl\")]/tbody/tr[1]/td[11]/div/div/div/div[2]/span"}
RESULT: {"using":"xpath","value":"//table[contains(@id, \"massStateChangeTable-listUl\")]/tbody/tr[1]/td[11]/div/div/div/div[2]/span"}
COMMAND: POST /session/8c6c9308aba27c05719f6849e8e7e04d/element/f.70EA46D53BAEFF5909BCE503174AE3C6.d.A7A3A3F712257E6552ECC8B46476F6F2.e.1214/click - {}
RESULT: {}
COMMAND: GET /session/8c6c9308aba27c05719f6849e8e7e04d/screenshot - {}
RESULT: {}
COMMAND: POST /session/8c6c9308aba27c05719f6849e8e7e04d/element - {"using":"xpath","value":"//table[contains(@id, \"massStateChangeTable-listUl\")]/tbody/tr[1]/td[11]/div/div/div/div[2]/span"}
RESULT: {"using":"xpath","value":"//table[contains(@id, \"massStateChangeTable-listUl\")]/tbody/tr[1]/td[11]/div/div/div/div[2]/span"}
COMMAND: POST /session/8c6c9308aba27c05719f6849e8e7e04d/element/f.70EA46D53BAEFF5909BCE503174AE3C6.d.A7A3A3F712257E6552ECC8B46476F6F2.e.1214/click - {}
RESULT: {}
COMMAND: GET /session/8c6c9308aba27c05719f6849e8e7e04d/screenshot - {}
RESULT: {}
COMMAND: POST /session/8c6c9308aba27c05719f6849e8e7e04d/element - {"using":"xpath","value":"//table[contains(@id, \"massStateChangeTable-listUl\")]/tbody/tr[1]/td[11]/div/div/div/div[2]/span"}
RESULT: {"using":"xpath","value":"//table[contains(@id, \"massStateChangeTable-listUl\")]/tbody/tr[1]/td[11]/div/div/div/div[2]/span"}
COMMAND: POST /session/8c6c9308aba27c05719f6849e8e7e04d/element/f.70EA46D53BAEFF5909BCE503174AE3C6.d.A7A3A3F712257E6552ECC8B46476F6F2.e.1214/click - {}
RESULT: {}
COMMAND: GET /session/8c6c9308aba27c05719f6849e8e7e04d/screenshot - {}
RESULT: {}
COMMAND: POST /session/8c6c9308aba27c05719f6849e8e7e04d/element - {"using":"xpath","value":"//table[contains(@id, \"massStateChangeTable-listUl\")]/tbody/tr[1]/td[11]/div/div/div/div[2]/span"}
RESULT: {"using":"xpath","value":"//table[contains(@id, \"massStateChangeTable-listUl\")]/tbody/tr[1]/td[11]/div/div/div/div[2]/span"}
COMMAND: POST /session/8c6c9308aba27c05719f6849e8e7e04d/element/f.70EA46D53BAEFF5909BCE503174AE3C6.d.A7A3A3F712257E6552ECC8B46476F6F2.e.1214/click - {}
RESULT: {}
COMMAND: GET /session/8c6c9308aba27c05719f6849e8e7e04d/screenshot - {}
RESULT: {}
COMMAND: POST /session/8c6c9308aba27c05719f6849e8e7e04d/element - {"using":"xpath","value":"//table[contains(@id, \"massStateChangeTable-listUl\")]/tbody/tr[1]/td[11]/div/div/div/div[2]/span"}
RESULT: {"using":"xpath","value":"//table[contains(@id, \"massStateChangeTable-listUl\")]/tbody/tr[1]/td[11]/div/div/div/div[2]/span"}
COMMAND: POST /session/8c6c9308aba27c05719f6849e8e7e04d/element/f.70EA46D53BAEFF5909BCE503174AE3C6.d.A7A3A3F712257E6552ECC8B46476F6F2.e.1214/click - {}
RESULT: {}
COMMAND: GET /session/8c6c9308aba27c05719f6849e8e7e04d/screenshot - {}
RESULT: {}
COMMAND: POST /session/8c6c9308aba27c05719f6849e8e7e04d/element - {"using":"xpath","value":"//table[contains(@id, \"massStateChangeTable-listUl\")]/tbody/tr[1]/td[11]/div/div/div/div[2]/span"}
RESULT: {"using":"xpath","value":"//table[contains(@id, \"massStateChangeTable-listUl\")]/tbody/tr[1]/td[11]/div/div/div/div[2]/span"}
COMMAND: POST /session/8c6c9308aba27c05719f6849e8e7e04d/element/f.70EA46D53BAEFF5909BCE503174AE3C6.d.A7A3A3F712257E6552ECC8B46476F6F2.e.1214/click - {}
RESULT: {}
COMMAND: GET /session/8c6c9308aba27c05719f6849e8e7e04d/screenshot - {}
RESULT: {}
COMMAND: POST /session/8c6c9308aba27c05719f6849e8e7e04d/element - {"using":"xpath","value":"//table[contains(@id, \"massStateChangeTable-listUl\")]/tbody/tr[1]/td[11]/div/div/div/div[2]/span"}
RESULT: {"using":"xpath","value":"//table[contains(@id, \"massStateChangeTable-listUl\")]/tbody/tr[1]/td[11]/div/div/div/div[2]/span"}
COMMAND: POST /session/8c6c9308aba27c05719f6849e8e7e04d/element/f.70EA46D53BAEFF5909BCE503174AE3C6.d.A7A3A3F712257E6552ECC8B46476F6F2.e.1214/click - {}
RESULT: {}
COMMAND: GET /session/8c6c9308aba27c05719f6849e8e7e04d/screenshot - {}
RESULT: {}
COMMAND: POST /session/8c6c9308aba27c05719f6849e8e7e04d/element - {"using":"xpath","value":"//table[contains(@id, \"massStateChangeTable-listUl\")]/tbody/tr[1]/td[11]/div/div/div/div[2]/span"}
RESULT: {"using":"xpath","value":"//table[contains(@id, \"massStateChangeTable-listUl\")]/tbody/tr[1]/td[11]/div/div/div/div[2]/span"}
COMMAND: POST /session/8c6c9308aba27c05719f6849e8e7e04d/element/f.70EA46D53BAEFF5909BCE503174AE3C6.d.A7A3A3F712257E6552ECC8B46476F6F2.e.1214/click - {}
RESULT: {}
COMMAND: GET /session/8c6c9308aba27c05719f6849e8e7e04d/screenshot - {}
RESULT: {}
COMMAND: POST /session/8c6c9308aba27c05719f6849e8e7e04d/element - {"using":"xpath","value":"//table[contains(@id, \"massStateChangeTable-listUl\")]/tbody/tr[1]/td[11]/div/div/div/div[2]/span"}
RESULT: {"using":"xpath","value":"//table[contains(@id, \"massStateChangeTable-listUl\")]/tbody/tr[1]/td[11]/div/div/div/div[2]/span"}
COMMAND: POST /session/8c6c9308aba27c05719f6849e8e7e04d/element/f.70EA46D53BAEFF5909BCE503174AE3C6.d.A7A3A3F712257E6552ECC8B46476F6F2.e.1214/click - {}
RESULT: {}
COMMAND: GET /session/8c6c9308aba27c05719f6849e8e7e04d/screenshot - {}
RESULT: {}
COMMAND: POST /session/8c6c9308aba27c05719f6849e8e7e04d/element - {"using":"xpath","value":"//table[contains(@id, \"massStateChangeTable-listUl\")]/tbody/tr[1]/td[11]/div/div/div/div[2]/span"}
RESULT: {"using":"xpath","value":"//table[contains(@id, \"massStateChangeTable-listUl\")]/tbody/tr[1]/td[11]/div/div/div/div[2]/span"}
COMMAND: POST /session/8c6c9308aba27c05719f6849e8e7e04d/element/f.70EA46D53BAEFF5909BCE503174AE3C6.d.A7A3A3F712257E6552ECC8B46476F6F2.e.1214/click - {}
RESULT: {}
COMMAND: GET /session/8c6c9308aba27c05719f6849e8e7e04d/screenshot - {}
RESULT: {}
COMMAND: POST /session/8c6c9308aba27c05719f6849e8e7e04d/element - {"using":"xpath","value":"//table[contains(@id, \"massStateChangeTable-listUl\")]/tbody/tr[1]/td[11]/div/div/div/div[2]/span"}
RESULT: {"using":"xpath","value":"//table[contains(@id, \"massStateChangeTable-listUl\")]/tbody/tr[1]/td[11]/div/div/div/div[2]/span"}
COMMAND: POST /session/8c6c9308aba27c05719f6849e8e7e04d/element/f.70EA46D53BAEFF5909BCE503174AE3C6.d.A7A3A3F712257E6552ECC8B46476F6F2.e.1214/click - {}
RESULT: {}
COMMAND: GET /session/8c6c9308aba27c05719f6849e8e7e04d/screenshot - {}
RESULT: {}
COMMAND: POST /session/8c6c9308aba27c05719f6849e8e7e04d/element - {"using":"xpath","value":"//table[contains(@id, \"massStateChangeTable-listUl\")]/tbody/tr[1]/td[11]/div/div/div/div[2]/span"}
RESULT: {"using":"xpath","value":"//table[contains(@id, \"massStateChangeTable-listUl\")]/tbody/tr[1]/td[11]/div/div/div/div[2]/span"}
COMMAND: POST /session/8c6c9308aba27c05719f6849e8e7e04d/element/f.70EA46D53BAEFF5909BCE503174AE3C6.d.A7A3A3F712257E6552ECC8B46476F6F2.e.1214/click - {}
RESULT: {}
COMMAND: GET /session/8c6c9308aba27c05719f6849e8e7e04d/screenshot - {}
RESULT: {}
COMMAND: POST /session/8c6c9308aba27c05719f6849e8e7e04d/element - {"using":"xpath","value":"//table[contains(@id, \"massStateChangeTable-listUl\")]/tbody/tr[1]/td[11]/div/div/div/div[2]/span"}
RESULT: {"using":"xpath","value":"//table[contains(@id, \"massStateChangeTable-listUl\")]/tbody/tr[1]/td[11]/div/div/div/div[2]/span"}
COMMAND: POST /session/8c6c9308aba27c05719f6849e8e7e04d/element/f.70EA46D53BAEFF5909BCE503174AE3C6.d.A7A3A3F712257E6552ECC8B46476F6F2.e.1214/click - {}
RESULT: {}
COMMAND: GET /session/8c6c9308aba27c05719f6849e8e7e04d/screenshot - {}
RESULT: {}
COMMAND: POST /session/8c6c9308aba27c05719f6849e8e7e04d/element - {"using":"xpath","value":"//table[contains(@id, \"massStateChangeTable-listUl\")]/tbody/tr[1]/td[11]/div/div/div/div[2]/span"}
RESULT: {"using":"xpath","value":"//table[contains(@id, \"massStateChangeTable-listUl\")]/tbody/tr[1]/td[11]/div/div/div/div[2]/span"}
COMMAND: POST /session/8c6c9308aba27c05719f6849e8e7e04d/element/f.70EA46D53BAEFF5909BCE503174AE3C6.d.A7A3A3F712257E6552ECC8B46476F6F2.e.1214/click - {}
RESULT: {}
COMMAND: GET /session/8c6c9308aba27c05719f6849e8e7e04d/screenshot - {}
RESULT: {}
COMMAND: POST /session/8c6c9308aba27c05719f6849e8e7e04d/element - {"using":"xpath","value":"//table[contains(@id, \"massStateChangeTable-listUl\")]/tbody/tr[1]/td[11]/div/div/div/div[2]/span"}
RESULT: {"using":"xpath","value":"//table[contains(@id, \"massStateChangeTable-listUl\")]/tbody/tr[1]/td[11]/div/div/div/div[2]/span"}
COMMAND: POST /session/8c6c9308aba27c05719f6849e8e7e04d/element/f.70EA46D53BAEFF5909BCE503174AE3C6.d.A7A3A3F712257E6552ECC8B46476F6F2.e.1214/click - {}
RESULT: {}
COMMAND: GET /session/8c6c9308aba27c05719f6849e8e7e04d/screenshot - {}
RESULT: {}
COMMAND: POST /session/8c6c9308aba27c05719f6849e8e7e04d/element - {"using":"xpath","value":"//table[contains(@id, \"massStateChangeTable-listUl\")]/tbody/tr[1]/td[11]/div/div/div/div[2]/span"}
RESULT: {"using":"xpath","value":"//table[contains(@id, \"massStateChangeTable-listUl\")]/tbody/tr[1]/td[11]/div/div/div/div[2]/span"}
COMMAND: POST /session/8c6c9308aba27c05719f6849e8e7e04d/element/f.70EA46D53BAEFF5909BCE503174AE3C6.d.A7A3A3F712257E6552ECC8B46476F6F2.e.1214/click - {}
RESULT: {}
COMMAND: GET /session/8c6c9308aba27c05719f6849e8e7e04d/screenshot - {}
RESULT: {}
COMMAND: POST /session/8c6c9308aba27c05719f6849e8e7e04d/element - {"using":"xpath","value":"//table[contains(@id, \"massStateChangeTable-listUl\")]/tbody/tr[1]/td[11]/div/div/div/div[2]/span"}
RESULT: {"using":"xpath","value":"//table[contains(@id, \"massStateChangeTable-listUl\")]/tbody/tr[1]/td[11]/div/div/div/div[2]/span"}
COMMAND: POST /session/8c6c9308aba27c05719f6849e8e7e04d/element/f.70EA46D53BAEFF5909BCE503174AE3C6.d.A7A3A3F712257E6552ECC8B46476F6F2.e.1214/click - {}
RESULT: {}
COMMAND: GET /session/8c6c9308aba27c05719f6849e8e7e04d/screenshot - {}
RESULT: {}
COMMAND: POST /session/8c6c9308aba27c05719f6849e8e7e04d/element - {"using":"xpath","value":"//table[contains(@id, \"massStateChangeTable-listUl\")]/tbody/tr[1]/td[11]/div/div/div/div[2]/span"}
RESULT: {"using":"xpath","value":"//table[contains(@id, \"massStateChangeTable-listUl\")]/tbody/tr[1]/td[11]/div/div/div/div[2]/span"}
COMMAND: POST /session/8c6c9308aba27c05719f6849e8e7e04d/element/f.70EA46D53BAEFF5909BCE503174AE3C6.d.A7A3A3F712257E6552ECC8B46476F6F2.e.1214/click - {}
RESULT: {}
COMMAND: GET /session/8c6c9308aba27c05719f6849e8e7e04d/screenshot - {}
RESULT: {}
COMMAND: POST /session/8c6c9308aba27c05719f6849e8e7e04d/element - {"using":"xpath","value":"//table[contains(@id, \"massStateChangeTable-listUl\")]/tbody/tr[1]/td[11]/div/div/div/div[2]/span"}
RESULT: {"using":"xpath","value":"//table[contains(@id, \"massStateChangeTable-listUl\")]/tbody/tr[1]/td[11]/div/div/div/div[2]/span"}
COMMAND: POST /session/8c6c9308aba27c05719f6849e8e7e04d/element/f.70EA46D53BAEFF5909BCE503174AE3C6.d.A7A3A3F712257E6552ECC8B46476F6F2.e.1214/click - {}
RESULT: {}
COMMAND: GET /session/8c6c9308aba27c05719f6849e8e7e04d/screenshot - {}
RESULT: {}
COMMAND: POST /session/8c6c9308aba27c05719f6849e8e7e04d/element - {"using":"xpath","value":"//table[contains(@id, \"massStateChangeTable-listUl\")]/tbody/tr[1]/td[11]/div/div/div/div[2]/span"}
RESULT: {"using":"xpath","value":"//table[contains(@id, \"massStateChangeTable-listUl\")]/tbody/tr[1]/td[11]/div/div/div/div[2]/span"}
COMMAND: POST /session/8c6c9308aba27c05719f6849e8e7e04d/element/f.70EA46D53BAEFF5909BCE503174AE3C6.d.A7A3A3F712257E6552ECC8B46476F6F2.e.1214/click - {}
RESULT: {}
COMMAND: GET /session/8c6c9308aba27c05719f6849e8e7e04d/screenshot - {}
RESULT: {}
COMMAND: POST /session/8c6c9308aba27c05719f6849e8e7e04d/element - {"using":"xpath","value":"//table[contains(@id, \"massStateChangeTable-listUl\")]/tbody/tr[1]/td[11]/div/div/div/div[2]/span"}
RESULT: {"using":"xpath","value":"//table[contains(@id, \"massStateChangeTable-listUl\")]/tbody/tr[1]/td[11]/div/div/div/div[2]/span"}
COMMAND: POST /session/8c6c9308aba27c05719f6849e8e7e04d/element/f.70EA46D53BAEFF5909BCE503174AE3C6.d.A7A3A3F712257E6552ECC8B46476F6F2.e.1214/click - {}
RESULT: {}
COMMAND: GET /session/8c6c9308aba27c05719f6849e8e7e04d/screenshot - {}
RESULT: {}
COMMAND: POST /session/8c6c9308aba27c05719f6849e8e7e04d/element - {"using":"xpath","value":"//table[contains(@id, \"massStateChangeTable-listUl\")]/tbody/tr[1]/td[11]/div/div/div/div[2]/span"}
RESULT: {"using":"xpath","value":"//table[contains(@id, \"massStateChangeTable-listUl\")]/tbody/tr[1]/td[11]/div/div/div/div[2]/span"}
COMMAND: POST /session/8c6c9308aba27c05719f6849e8e7e04d/element/f.70EA46D53BAEFF5909BCE503174AE3C6.d.A7A3A3F712257E6552ECC8B46476F6F2.e.1214/click - {}
RESULT: {}
COMMAND: GET /session/8c6c9308aba27c05719f6849e8e7e04d/screenshot - {}
RESULT: {}
COMMAND: POST /session/8c6c9308aba27c05719f6849e8e7e04d/element - {"using":"xpath","value":"//table[contains(@id, \"massStateChangeTable-listUl\")]/tbody/tr[1]/td[11]/div/div/div/div[2]/span"}
RESULT: {"using":"xpath","value":"//table[contains(@id, \"massStateChangeTable-listUl\")]/tbody/tr[1]/td[11]/div/div/div/div[2]/span"}
COMMAND: POST /session/8c6c9308aba27c05719f6849e8e7e04d/element/f.70EA46D53BAEFF5909BCE503174AE3C6.d.A7A3A3F712257E6552ECC8B46476F6F2.e.1214/click - {}
RESULT: {}
COMMAND: GET /session/8c6c9308aba27c05719f6849e8e7e04d/screenshot - {}
RESULT: {}
COMMAND: POST /session/8c6c9308aba27c05719f6849e8e7e04d/element - {"using":"xpath","value":"//table[contains(@id, \"massStateChangeTable-listUl\")]/tbody/tr[1]/td[11]/div/div/div/div[2]/span"}
RESULT: {"using":"xpath","value":"//table[contains(@id, \"massStateChangeTable-listUl\")]/tbody/tr[1]/td[11]/div/div/div/div[2]/span"}
COMMAND: POST /session/8c6c9308aba27c05719f6849e8e7e04d/element/f.70EA46D53BAEFF5909BCE503174AE3C6.d.A7A3A3F712257E6552ECC8B46476F6F2.e.1214/click - {}
RESULT: {}
COMMAND: GET /session/8c6c9308aba27c05719f6849e8e7e04d/screenshot - {}
RESULT: {}
COMMAND: POST /session/8c6c9308aba27c05719f6849e8e7e04d/element - {"using":"xpath","value":"//table[contains(@id, \"massStateChangeTable-listUl\")]/tbody/tr[1]/td[11]/div/div/div/div[2]/span"}
RESULT: {"using":"xpath","value":"//table[contains(@id, \"massStateChangeTable-listUl\")]/tbody/tr[1]/td[11]/div/div/div/div[2]/span"}
COMMAND: POST /session/8c6c9308aba27c05719f6849e8e7e04d/element/f.70EA46D53BAEFF5909BCE503174AE3C6.d.A7A3A3F712257E6552ECC8B46476F6F2.e.1214/click - {}
RESULT: {}
COMMAND: GET /session/8c6c9308aba27c05719f6849e8e7e04d/screenshot - {}
RESULT: {}
COMMAND: POST /session/8c6c9308aba27c05719f6849e8e7e04d/element - {"using":"xpath","value":"//table[contains(@id, \"massStateChangeTable-listUl\")]/tbody/tr[1]/td[11]/div/div/div/div[2]/span"}
RESULT: {"using":"xpath","value":"//table[contains(@id, \"massStateChangeTable-listUl\")]/tbody/tr[1]/td[11]/div/div/div/div[2]/span"}
COMMAND: POST /session/8c6c9308aba27c05719f6849e8e7e04d/element/f.70EA46D53BAEFF5909BCE503174AE3C6.d.A7A3A3F712257E6552ECC8B46476F6F2.e.1214/click - {}
RESULT: {}
COMMAND: GET /session/8c6c9308aba27c05719f6849e8e7e04d/screenshot - {}
RESULT: {}
COMMAND: POST /session/8c6c9308aba27c05719f6849e8e7e04d/element - {"using":"xpath","value":"//table[contains(@id, \"massStateChangeTable-listUl\")]/tbody/tr[1]/td[11]/div/div/div/div[2]/span"}
RESULT: {"using":"xpath","value":"//table[contains(@id, \"massStateChangeTable-listUl\")]/tbody/tr[1]/td[11]/div/div/div/div[2]/span"}
COMMAND: POST /session/8c6c9308aba27c05719f6849e8e7e04d/element/f.70EA46D53BAEFF5909BCE503174AE3C6.d.A7A3A3F712257E6552ECC8B46476F6F2.e.1214/click - {}
RESULT: {}
COMMAND: GET /session/8c6c9308aba27c05719f6849e8e7e04d/screenshot - {}
RESULT: {}
COMMAND: POST /session/8c6c9308aba27c05719f6849e8e7e04d/element - {"using":"xpath","value":"//table[contains(@id, \"massStateChangeTable-listUl\")]/tbody/tr[1]/td[11]/div/div/div/div[2]/span"}
RESULT: {"using":"xpath","value":"//table[contains(@id, \"massStateChangeTable-listUl\")]/tbody/tr[1]/td[11]/div/div/div/div[2]/span"}
COMMAND: POST /session/8c6c9308aba27c05719f6849e8e7e04d/element/f.70EA46D53BAEFF5909BCE503174AE3C6.d.A7A3A3F712257E6552ECC8B46476F6F2.e.1214/click - {}
RESULT: {}
COMMAND: GET /session/8c6c9308aba27c05719f6849e8e7e04d/screenshot - {}
RESULT: {}
COMMAND: POST /session/8c6c9308aba27c05719f6849e8e7e04d/element - {"using":"xpath","value":"//table[contains(@id, \"massStateChangeTable-listUl\")]/tbody/tr[1]/td[11]/div/div/div/div[2]/span"}
RESULT: {"using":"xpath","value":"//table[contains(@id, \"massStateChangeTable-listUl\")]/tbody/tr[1]/td[11]/div/div/div/div[2]/span"}
COMMAND: POST /session/8c6c9308aba27c05719f6849e8e7e04d/element/f.70EA46D53BAEFF5909BCE503174AE3C6.d.A7A3A3F712257E6552ECC8B46476F6F2.e.1214/click - {}
RESULT: {}
COMMAND: GET /session/8c6c9308aba27c05719f6849e8e7e04d/screenshot - {}
RESULT: {}
COMMAND: POST /session/8c6c9308aba27c05719f6849e8e7e04d/element - {"using":"xpath","value":"//table[contains(@id, \"massStateChangeTable-listUl\")]/tbody/tr[1]/td[11]/div/div/div/div[2]/span"}
RESULT: {"using":"xpath","value":"//table[contains(@id, \"massStateChangeTable-listUl\")]/tbody/tr[1]/td[11]/div/div/div/div[2]/span"}
COMMAND: POST /session/8c6c9308aba27c05719f6849e8e7e04d/element/f.70EA46D53BAEFF5909BCE503174AE3C6.d.A7A3A3F712257E6552ECC8B46476F6F2.e.1214/click - {}
RESULT: {}
COMMAND: GET /session/8c6c9308aba27c05719f6849e8e7e04d/screenshot - {}
RESULT: {}
COMMAND: POST /session/8c6c9308aba27c05719f6849e8e7e04d/element - {"using":"xpath","value":"//table[contains(@id, \"massStateChangeTable-listUl\")]/tbody/tr[1]/td[11]/div/div/div/div[2]/span"}
RESULT: {"using":"xpath","value":"//table[contains(@id, \"massStateChangeTable-listUl\")]/tbody/tr[1]/td[11]/div/div/div/div[2]/span"}
COMMAND: POST /session/8c6c9308aba27c05719f6849e8e7e04d/element/f.70EA46D53BAEFF5909BCE503174AE3C6.d.A7A3A3F712257E6552ECC8B46476F6F2.e.1214/click - {}
RESULT: {}
COMMAND: GET /session/8c6c9308aba27c05719f6849e8e7e04d/screenshot - {}
RESULT: {}
COMMAND: POST /session/8c6c9308aba27c05719f6849e8e7e04d/element - {"using":"xpath","value":"//table[contains(@id, \"massStateChangeTable-listUl\")]/tbody/tr[1]/td[11]/div/div/div/div[2]/span"}
RESULT: {"using":"xpath","value":"//table[contains(@id, \"massStateChangeTable-listUl\")]/tbody/tr[1]/td[11]/div/div/div/div[2]/span"}
COMMAND: POST /session/8c6c9308aba27c05719f6849e8e7e04d/element/f.70EA46D53BAEFF5909BCE503174AE3C6.d.A7A3A3F712257E6552ECC8B46476F6F2.e.1214/click - {}
RESULT: {}
COMMAND: GET /session/8c6c9308aba27c05719f6849e8e7e04d/screenshot - {}
RESULT: {}
COMMAND: POST /session/8c6c9308aba27c05719f6849e8e7e04d/element - {"using":"xpath","value":"//table[contains(@id, \"massStateChangeTable-listUl\")]/tbody/tr[1]/td[11]/div/div/div/div[2]/span"}
RESULT: {"using":"xpath","value":"//table[contains(@id, \"massStateChangeTable-listUl\")]/tbody/tr[1]/td[11]/div/div/div/div[2]/span"}
COMMAND: POST /session/8c6c9308aba27c05719f6849e8e7e04d/element/f.70EA46D53BAEFF5909BCE503174AE3C6.d.A7A3A3F712257E6552ECC8B46476F6F2.e.1214/click - {}
RESULT: {}
COMMAND: GET /session/8c6c9308aba27c05719f6849e8e7e04d/screenshot - {}
RESULT: {}
COMMAND: POST /session/8c6c9308aba27c05719f6849e8e7e04d/element - {"using":"xpath","value":"//table[contains(@id, \"massStateChangeTable-listUl\")]/tbody/tr[1]/td[11]/div/div/div/div[2]/span"}
RESULT: {"using":"xpath","value":"//table[contains(@id, \"massStateChangeTable-listUl\")]/tbody/tr[1]/td[11]/div/div/div/div[2]/span"}
COMMAND: POST /session/8c6c9308aba27c05719f6849e8e7e04d/element/f.70EA46D53BAEFF5909BCE503174AE3C6.d.A7A3A3F712257E6552ECC8B46476F6F2.e.1214/click - {}
RESULT: {}
COMMAND: GET /session/8c6c9308aba27c05719f6849e8e7e04d/screenshot - {}
RESULT: {}
COMMAND: POST /session/8c6c9308aba27c05719f6849e8e7e04d/element - {"using":"xpath","value":"//table[contains(@id, \"massStateChangeTable-listUl\")]/tbody/tr[1]/td[11]/div/div/div/div[2]/span"}
RESULT: {"using":"xpath","value":"//table[contains(@id, \"massStateChangeTable-listUl\")]/tbody/tr[1]/td[11]/div/div/div/div[2]/span"}
COMMAND: POST /session/8c6c9308aba27c05719f6849e8e7e04d/element/f.70EA46D53BAEFF5909BCE503174AE3C6.d.A7A3A3F712257E6552ECC8B46476F6F2.e.1214/click - {}
RESULT: {}
COMMAND: GET /session/8c6c9308aba27c05719f6849e8e7e04d/screenshot - {}
RESULT: {}
COMMAND: POST /session/8c6c9308aba27c05719f6849e8e7e04d/element - {"using":"xpath","value":"//table[contains(@id, \"massStateChangeTable-listUl\")]/tbody/tr[1]/td[11]/div/div/div/div[2]/span"}
RESULT: {"using":"xpath","value":"//table[contains(@id, \"massStateChangeTable-listUl\")]/tbody/tr[1]/td[11]/div/div/div/div[2]/span"}
COMMAND: POST /session/8c6c9308aba27c05719f6849e8e7e04d/element/f.70EA46D53BAEFF5909BCE503174AE3C6.d.A7A3A3F712257E6552ECC8B46476F6F2.e.1214/click - {}
RESULT: {}
COMMAND: GET /session/8c6c9308aba27c05719f6849e8e7e04d/screenshot - {}
RESULT: {}
COMMAND: POST /session/8c6c9308aba27c05719f6849e8e7e04d/element - {"using":"xpath","value":"//table[contains(@id, \"massStateChangeTable-listUl\")]/tbody/tr[1]/td[11]/div/div/div/div[2]/span"}
RESULT: {"using":"xpath","value":"//table[contains(@id, \"massStateChangeTable-listUl\")]/tbody/tr[1]/td[11]/div/div/div/div[2]/span"}
COMMAND: POST /session/8c6c9308aba27c05719f6849e8e7e04d/element/f.70EA46D53BAEFF5909BCE503174AE3C6.d.A7A3A3F712257E6552ECC8B46476F6F2.e.1214/click - {}
RESULT: {}
COMMAND: GET /session/8c6c9308aba27c05719f6849e8e7e04d/screenshot - {}
RESULT: {}
COMMAND: POST /session/8c6c9308aba27c05719f6849e8e7e04d/element - {"using":"xpath","value":"//table[contains(@id, \"massStateChangeTable-listUl\")]/tbody/tr[1]/td[11]/div/div/div/div[2]/span"}
RESULT: {"using":"xpath","value":"//table[contains(@id, \"massStateChangeTable-listUl\")]/tbody/tr[1]/td[11]/div/div/div/div[2]/span"}
COMMAND: POST /session/8c6c9308aba27c05719f6849e8e7e04d/element/f.70EA46D53BAEFF5909BCE503174AE3C6.d.A7A3A3F712257E6552ECC8B46476F6F2.e.1214/click - {}
RESULT: {}
COMMAND: GET /session/8c6c9308aba27c05719f6849e8e7e04d/screenshot - {}
RESULT: {}
COMMAND: POST /session/8c6c9308aba27c05719f6849e8e7e04d/element - {"using":"xpath","value":"//table[contains(@id, \"massStateChangeTable-listUl\")]/tbody/tr[2]/td[11]/div/div/div/div[2]/span"}
RESULT: {"using":"xpath","value":"//table[contains(@id, \"massStateChangeTable-listUl\")]/tbody/tr[2]/td[11]/div/div/div/div[2]/span"}
COMMAND: POST /session/8c6c9308aba27c05719f6849e8e7e04d/element/f.70EA46D53BAEFF5909BCE503174AE3C6.d.A7A3A3F712257E6552ECC8B46476F6F2.e.1215/click - {}
RESULT: {}
COMMAND: GET /session/8c6c9308aba27c05719f6849e8e7e04d/screenshot - {}
RESULT: {}
COMMAND: POST /session/8c6c9308aba27c05719f6849e8e7e04d/element - {"using":"xpath","value":"//table[contains(@id, \"massStateChangeTable-listUl\")]/tbody/tr[1]/td[11]/div/div/div/input"}
RESULT: {"using":"xpath","value":"//table[contains(@id, \"massStateChangeTable-listUl\")]/tbody/tr[1]/td[11]/div/div/div/input"}
COMMAND: GET /session/8c6c9308aba27c05719f6849e8e7e04d/element/f.70EA46D53BAEFF5909BCE503174AE3C6.d.A7A3A3F712257E6552ECC8B46476F6F2.e.1194/property/value - {}
RESULT: {}
COMMAND: POST /session/8c6c9308aba27c05719f6849e8e7e04d/element - {"using":"xpath","value":"//table[contains(@id, \"massStateChangeTable-listUl\")]/tbody/tr[2]/td[11]/div/div/div/input"}
COMMAND: GET /session/8c6c9308aba27c05719f6849e8e7e04d/screenshot - {}
RESULT: {"using":"xpath","value":"//table[contains(@id, \"massStateChangeTable-listUl\")]/tbody/tr[2]/td[11]/div/div/div/input"}
COMMAND: GET /session/8c6c9308aba27c05719f6849e8e7e04d/element/f.70EA46D53BAEFF5909BCE503174AE3C6.d.A7A3A3F712257E6552ECC8B46476F6F2.e.1198/property/value - {}
RESULT: {}
RESULT: {}
COMMAND: POST /session/8c6c9308aba27c05719f6849e8e7e04d/element - {"using":"xpath","value":"(//bdi[contains(text(), \"OK\")])[1]"}
COMMAND: GET /session/8c6c9308aba27c05719f6849e8e7e04d/screenshot - {}
RESULT: {"using":"xpath","value":"(//bdi[contains(text(), \"OK\")])[1]"}
COMMAND: POST /session/8c6c9308aba27c05719f6849e8e7e04d/element/f.70EA46D53BAEFF5909BCE503174AE3C6.d.A7A3A3F712257E6552ECC8B46476F6F2.e.1201/click - {}
RESULT: {}
RESULT: {}
COMMAND: GET /session/8c6c9308aba27c05719f6849e8e7e04d/screenshot - {}
RESULT: {}
COMMAND: POST /session/8c6c9308aba27c05719f6849e8e7e04d/element - {"using":"xpath","value":"(//bdi[contains(text(), \"OK\")])[2]"}
RESULT: {"using":"xpath","value":"(//bdi[contains(text(), \"OK\")])[2]"}
COMMAND: POST /session/8c6c9308aba27c05719f6849e8e7e04d/element/f.70EA46D53BAEFF5909BCE503174AE3C6.d.A7A3A3F712257E6552ECC8B46476F6F2.e.1218/click - {}
RESULT: {}
COMMAND: GET /session/8c6c9308aba27c05719f6849e8e7e04d/screenshot - {}
RESULT: {}
RESULT: undefined
COMMAND: POST /session/8c6c9308aba27c05719f6849e8e7e04d/execute/async - {"script":"<script> [776 bytes]","args":[{"enterText":"600002","selector":{"id":"application-ruinventorylist-display-component---Master--smartFilterBar-btnBasicSearch","interaction":{"idSuffix":"I"}},"clearTextFirst":true,"interactionType":"ENTER_TEXT"}]}
RESULT: {"script":"<script> [776 bytes]","args":[{"enterText":"600002","selector":{"id":"application-ruinventorylist-display-component---Master--smartFilterBar-btnBasicSearch","interaction":{"idSuffix":"I"}},"clearTextFirst":true,"interactionType":"ENTER_TEXT"}]}
COMMAND: POST /session/8c6c9308aba27c05719f6849e8e7e04d/actions - {"actions":[{"id":"action5","type":"key","parameters":{},"actions":[{"type":"keyDown","value":"î€‡"},{"type":"pause","duration":10},{"type":"keyUp","value":"î€‡"}]}]}
RESULT: {"actions":[{"id":"action5","type":"key","parameters":{},"actions":[{"type":"keyDown","value":"î€‡"},{"type":"pause","duration":10},{"type":"keyUp","value":"î€‡"}]}]}
COMMAND: GET /session/8c6c9308aba27c05719f6849e8e7e04d/screenshot - {}
RESULT: {}
COMMAND: POST /session/8c6c9308aba27c05719f6849e8e7e04d/element - {"using":"xpath","value":"//span[@id=\"application-ruinventorylist-display-component---Master--smartTableRuInventoryList-header-inner\"]"}
RESULT: {"using":"xpath","value":"//span[@id=\"application-ruinventorylist-display-component---Master--smartTableRuInventoryList-header-inner\"]"}
COMMAND: POST /session/8c6c9308aba27c05719f6849e8e7e04d/elements - {"using":"xpath","value":"//span[@id=\"application-ruinventorylist-display-component---Master--smartTableRuInventoryList-header-inner\"]"}
RESULT: {"using":"xpath","value":"//span[@id=\"application-ruinventorylist-display-component---Master--smartTableRuInventoryList-header-inner\"]"}
COMMAND: POST /session/8c6c9308aba27c05719f6849e8e7e04d/execute/sync - {"script":"<script> [56 bytes]","args":[{"element-6066-11e4-a52e-4f735466cecf":"f.70EA46D53BAEFF5909BCE503174AE3C6.d.A7A3A3F712257E6552ECC8B46476F6F2.e.805","ELEMENT":"f.70EA46D53BAEFF5909BCE503174AE3C6.d.A7A3A3F712257E6552ECC8B46476F6F2.e.805"}]}
RESULT: {"script":"<script> [56 bytes]","args":[{"element-6066-11e4-a52e-4f735466cecf":"f.70EA46D53BAEFF5909BCE503174AE3C6.d.A7A3A3F712257E6552ECC8B46476F6F2.e.805","ELEMENT":"f.70EA46D53BAEFF5909BCE503174AE3C6.d.A7A3A3F712257E6552ECC8B46476F6F2.e.805"}]}
COMMAND: POST /session/8c6c9308aba27c05719f6849e8e7e04d/element - {"using":"xpath","value":"//table[contains(@id, \"application-ruinventorylist-display-component---Master--tableRuInventoryList-listUl\")]/tbody/tr[1]/td[6]/div/span"}
COMMAND: GET /session/8c6c9308aba27c05719f6849e8e7e04d/screenshot - {}
RESULT: {"using":"xpath","value":"//table[contains(@id, \"application-ruinventorylist-display-component---Master--tableRuInventoryList-listUl\")]/tbody/tr[1]/td[6]/div/span"}
COMMAND: POST /session/8c6c9308aba27c05719f6849e8e7e04d/execute/sync - {"script":"<script> [56 bytes]","args":[{"element-6066-11e4-a52e-4f735466cecf":"f.70EA46D53BAEFF5909BCE503174AE3C6.d.A7A3A3F712257E6552ECC8B46476F6F2.e.1239","ELEMENT":"f.70EA46D53BAEFF5909BCE503174AE3C6.d.A7A3A3F712257E6552ECC8B46476F6F2.e.1239"}]}
RESULT: {}
RESULT: {"script":"<script> [56 bytes]","args":[{"element-6066-11e4-a52e-4f735466cecf":"f.70EA46D53BAEFF5909BCE503174AE3C6.d.A7A3A3F712257E6552ECC8B46476F6F2.e.1239","ELEMENT":"f.70EA46D53BAEFF5909BCE503174AE3C6.d.A7A3A3F712257E6552ECC8B46476F6F2.e.1239"}]}
COMMAND: POST /session/8c6c9308aba27c05719f6849e8e7e04d/element - {"using":"xpath","value":"//div[contains(@id, \"smartFilterBar-btnBasicSearch-reset\")]"}
COMMAND: GET /session/8c6c9308aba27c05719f6849e8e7e04d/screenshot - {}
RESULT: {"using":"xpath","value":"//div[contains(@id, \"smartFilterBar-btnBasicSearch-reset\")]"}
COMMAND: POST /session/8c6c9308aba27c05719f6849e8e7e04d/element/f.70EA46D53BAEFF5909BCE503174AE3C6.d.A7A3A3F712257E6552ECC8B46476F6F2.e.821/click - {}
RESULT: {}
RESULT: {}
COMMAND: GET /session/8c6c9308aba27c05719f6849e8e7e04d/screenshot - {}
RESULT: {}
RESULT: undefined
COMMAND: POST /session/8c6c9308aba27c05719f6849e8e7e04d/execute/async - {"script":"<script> [776 bytes]","args":[{"enterText":"401002","selector":{"id":"application-ruinventorylist-display-component---Master--smartFilterBar-btnBasicSearch","interaction":{"idSuffix":"I"}},"clearTextFirst":true,"interactionType":"ENTER_TEXT"}]}
RESULT: {"script":"<script> [776 bytes]","args":[{"enterText":"401002","selector":{"id":"application-ruinventorylist-display-component---Master--smartFilterBar-btnBasicSearch","interaction":{"idSuffix":"I"}},"clearTextFirst":true,"interactionType":"ENTER_TEXT"}]}
COMMAND: POST /session/8c6c9308aba27c05719f6849e8e7e04d/actions - {"actions":[{"id":"action6","type":"key","parameters":{},"actions":[{"type":"keyDown","value":"î€‡"},{"type":"pause","duration":10},{"type":"keyUp","value":"î€‡"}]}]}
RESULT: {"actions":[{"id":"action6","type":"key","parameters":{},"actions":[{"type":"keyDown","value":"î€‡"},{"type":"pause","duration":10},{"type":"keyUp","value":"î€‡"}]}]}
COMMAND: GET /session/8c6c9308aba27c05719f6849e8e7e04d/screenshot - {}
RESULT: {}
COMMAND: POST /session/8c6c9308aba27c05719f6849e8e7e04d/element - {"using":"xpath","value":"//span[@id=\"application-ruinventorylist-display-component---Master--smartTableRuInventoryList-header-inner\"]"}
RESULT: {"using":"xpath","value":"//span[@id=\"application-ruinventorylist-display-component---Master--smartTableRuInventoryList-header-inner\"]"}
COMMAND: POST /session/8c6c9308aba27c05719f6849e8e7e04d/elements - {"using":"xpath","value":"//span[@id=\"application-ruinventorylist-display-component---Master--smartTableRuInventoryList-header-inner\"]"}
RESULT: {"using":"xpath","value":"//span[@id=\"application-ruinventorylist-display-component---Master--smartTableRuInventoryList-header-inner\"]"}
COMMAND: POST /session/8c6c9308aba27c05719f6849e8e7e04d/execute/sync - {"script":"<script> [56 bytes]","args":[{"element-6066-11e4-a52e-4f735466cecf":"f.70EA46D53BAEFF5909BCE503174AE3C6.d.A7A3A3F712257E6552ECC8B46476F6F2.e.805","ELEMENT":"f.70EA46D53BAEFF5909BCE503174AE3C6.d.A7A3A3F712257E6552ECC8B46476F6F2.e.805"}]}
RESULT: {"script":"<script> [56 bytes]","args":[{"element-6066-11e4-a52e-4f735466cecf":"f.70EA46D53BAEFF5909BCE503174AE3C6.d.A7A3A3F712257E6552ECC8B46476F6F2.e.805","ELEMENT":"f.70EA46D53BAEFF5909BCE503174AE3C6.d.A7A3A3F712257E6552ECC8B46476F6F2.e.805"}]}
COMMAND: POST /session/8c6c9308aba27c05719f6849e8e7e04d/element - {"using":"xpath","value":"//table[contains(@id, \"application-ruinventorylist-display-component---Master--tableRuInventoryList-listUl\")]/tbody/tr[1]/td[6]/div/span"}
COMMAND: GET /session/8c6c9308aba27c05719f6849e8e7e04d/screenshot - {}
RESULT: {"using":"xpath","value":"//table[contains(@id, \"application-ruinventorylist-display-component---Master--tableRuInventoryList-listUl\")]/tbody/tr[1]/td[6]/div/span"}
COMMAND: POST /session/8c6c9308aba27c05719f6849e8e7e04d/execute/sync - {"script":"<script> [56 bytes]","args":[{"element-6066-11e4-a52e-4f735466cecf":"f.70EA46D53BAEFF5909BCE503174AE3C6.d.A7A3A3F712257E6552ECC8B46476F6F2.e.1340","ELEMENT":"f.70EA46D53BAEFF5909BCE503174AE3C6.d.A7A3A3F712257E6552ECC8B46476F6F2.e.1340"}]}
RESULT: {}
RESULT: {"script":"<script> [56 bytes]","args":[{"element-6066-11e4-a52e-4f735466cecf":"f.70EA46D53BAEFF5909BCE503174AE3C6.d.A7A3A3F712257E6552ECC8B46476F6F2.e.1340","ELEMENT":"f.70EA46D53BAEFF5909BCE503174AE3C6.d.A7A3A3F712257E6552ECC8B46476F6F2.e.1340"}]}
COMMAND: POST /session/8c6c9308aba27c05719f6849e8e7e04d/element - {"using":"xpath","value":"//div[contains(@id, \"smartFilterBar-btnBasicSearch-reset\")]"}
COMMAND: GET /session/8c6c9308aba27c05719f6849e8e7e04d/screenshot - {}
RESULT: {"using":"xpath","value":"//div[contains(@id, \"smartFilterBar-btnBasicSearch-reset\")]"}
COMMAND: POST /session/8c6c9308aba27c05719f6849e8e7e04d/element/f.70EA46D53BAEFF5909BCE503174AE3C6.d.A7A3A3F712257E6552ECC8B46476F6F2.e.821/click - {}
RESULT: {}
RESULT: {}
COMMAND: GET /session/8c6c9308aba27c05719f6849e8e7e04d/screenshot - {}
COMMAND: POST /session/8c6c9308aba27c05719f6849e8e7e04d/element/f.70EA46D53BAEFF5909BCE503174AE3C6.d.A7A3A3F712257E6552ECC8B46476F6F2.e.306/click - {}
RESULT: {}
RESULT: {}
COMMAND: GET /session/8c6c9308aba27c05719f6849e8e7e04d/screenshot - {}
RESULT: {}
RESULT: undefined
COMMAND: POST /session/8c6c9308aba27c05719f6849e8e7e04d/execute/async - {"script":"<script> [776 bytes]","args":[{"enterText":"600002","selector":{"id":"application-ruinventorylist-display-component---Master--smartFilterBar-btnBasicSearch","interaction":{"idSuffix":"I"}},"clearTextFirst":true,"interactionType":"ENTER_TEXT"}]}
RESULT: {"script":"<script> [776 bytes]","args":[{"enterText":"600002","selector":{"id":"application-ruinventorylist-display-component---Master--smartFilterBar-btnBasicSearch","interaction":{"idSuffix":"I"}},"clearTextFirst":true,"interactionType":"ENTER_TEXT"}]}
COMMAND: POST /session/8c6c9308aba27c05719f6849e8e7e04d/actions - {"actions":[{"id":"action7","type":"key","parameters":{},"actions":[{"type":"keyDown","value":"î€‡"},{"type":"pause","duration":10},{"type":"keyUp","value":"î€‡"}]}]}
RESULT: {"actions":[{"id":"action7","type":"key","parameters":{},"actions":[{"type":"keyDown","value":"î€‡"},{"type":"pause","duration":10},{"type":"keyUp","value":"î€‡"}]}]}
COMMAND: GET /session/8c6c9308aba27c05719f6849e8e7e04d/screenshot - {}
RESULT: {}
COMMAND: POST /session/8c6c9308aba27c05719f6849e8e7e04d/element - {"using":"xpath","value":"//span[@id=\"application-ruinventorylist-display-component---Master--smartTableRuInventoryList-header-inner\"]"}
RESULT: {"using":"xpath","value":"//span[@id=\"application-ruinventorylist-display-component---Master--smartTableRuInventoryList-header-inner\"]"}
COMMAND: POST /session/8c6c9308aba27c05719f6849e8e7e04d/elements - {"using":"xpath","value":"//span[@id=\"application-ruinventorylist-display-component---Master--smartTableRuInventoryList-header-inner\"]"}
RESULT: {"using":"xpath","value":"//span[@id=\"application-ruinventorylist-display-component---Master--smartTableRuInventoryList-header-inner\"]"}
COMMAND: POST /session/8c6c9308aba27c05719f6849e8e7e04d/execute/sync - {"script":"<script> [56 bytes]","args":[{"element-6066-11e4-a52e-4f735466cecf":"f.70EA46D53BAEFF5909BCE503174AE3C6.d.A7A3A3F712257E6552ECC8B46476F6F2.e.805","ELEMENT":"f.70EA46D53BAEFF5909BCE503174AE3C6.d.A7A3A3F712257E6552ECC8B46476F6F2.e.805"}]}
RESULT: {"script":"<script> [56 bytes]","args":[{"element-6066-11e4-a52e-4f735466cecf":"f.70EA46D53BAEFF5909BCE503174AE3C6.d.A7A3A3F712257E6552ECC8B46476F6F2.e.805","ELEMENT":"f.70EA46D53BAEFF5909BCE503174AE3C6.d.A7A3A3F712257E6552ECC8B46476F6F2.e.805"}]}
COMMAND: POST /session/8c6c9308aba27c05719f6849e8e7e04d/element - {"using":"xpath","value":"//table[contains(@id, \"application-ruinventorylist-display-component---Master--tableRuInventoryList-listUl\")]/tbody/tr[1]/td[2]/div/div"}
COMMAND: GET /session/8c6c9308aba27c05719f6849e8e7e04d/screenshot - {}
RESULT: {"using":"xpath","value":"//table[contains(@id, \"application-ruinventorylist-display-component---Master--tableRuInventoryList-listUl\")]/tbody/tr[1]/td[2]/div/div"}
COMMAND: POST /session/8c6c9308aba27c05719f6849e8e7e04d/element/f.70EA46D53BAEFF5909BCE503174AE3C6.d.A7A3A3F712257E6552ECC8B46476F6F2.e.1635/click - {}
RESULT: {}
RESULT: {}
COMMAND: GET /session/8c6c9308aba27c05719f6849e8e7e04d/screenshot - {}
RESULT: {}
COMMAND: POST /session/8c6c9308aba27c05719f6849e8e7e04d/element - {"using":"xpath","value":"//div[contains(@id, \"smartFilterBar-btnBasicSearch-reset\")]"}
RESULT: {"using":"xpath","value":"//div[contains(@id, \"smartFilterBar-btnBasicSearch-reset\")]"}
COMMAND: POST /session/8c6c9308aba27c05719f6849e8e7e04d/element/f.70EA46D53BAEFF5909BCE503174AE3C6.d.A7A3A3F712257E6552ECC8B46476F6F2.e.821/click - {}
RESULT: {}
COMMAND: GET /session/8c6c9308aba27c05719f6849e8e7e04d/screenshot - {}
RESULT: {}
RESULT: undefined
COMMAND: POST /session/8c6c9308aba27c05719f6849e8e7e04d/execute/async - {"script":"<script> [776 bytes]","args":[{"enterText":"401002","selector":{"id":"application-ruinventorylist-display-component---Master--smartFilterBar-btnBasicSearch","interaction":{"idSuffix":"I"}},"clearTextFirst":true,"interactionType":"ENTER_TEXT"}]}
RESULT: {"script":"<script> [776 bytes]","args":[{"enterText":"401002","selector":{"id":"application-ruinventorylist-display-component---Master--smartFilterBar-btnBasicSearch","interaction":{"idSuffix":"I"}},"clearTextFirst":true,"interactionType":"ENTER_TEXT"}]}
COMMAND: POST /session/8c6c9308aba27c05719f6849e8e7e04d/actions - {"actions":[{"id":"action8","type":"key","parameters":{},"actions":[{"type":"keyDown","value":"î€‡"},{"type":"pause","duration":10},{"type":"keyUp","value":"î€‡"}]}]}
RESULT: {"actions":[{"id":"action8","type":"key","parameters":{},"actions":[{"type":"keyDown","value":"î€‡"},{"type":"pause","duration":10},{"type":"keyUp","value":"î€‡"}]}]}
COMMAND: GET /session/8c6c9308aba27c05719f6849e8e7e04d/screenshot - {}
RESULT: {}
COMMAND: POST /session/8c6c9308aba27c05719f6849e8e7e04d/element - {"using":"xpath","value":"//span[@id=\"application-ruinventorylist-display-component---Master--smartTableRuInventoryList-header-inner\"]"}
RESULT: {"using":"xpath","value":"//span[@id=\"application-ruinventorylist-display-component---Master--smartTableRuInventoryList-header-inner\"]"}
COMMAND: POST /session/8c6c9308aba27c05719f6849e8e7e04d/elements - {"using":"xpath","value":"//span[@id=\"application-ruinventorylist-display-component---Master--smartTableRuInventoryList-header-inner\"]"}
RESULT: {"using":"xpath","value":"//span[@id=\"application-ruinventorylist-display-component---Master--smartTableRuInventoryList-header-inner\"]"}
COMMAND: POST /session/8c6c9308aba27c05719f6849e8e7e04d/execute/sync - {"script":"<script> [56 bytes]","args":[{"element-6066-11e4-a52e-4f735466cecf":"f.70EA46D53BAEFF5909BCE503174AE3C6.d.A7A3A3F712257E6552ECC8B46476F6F2.e.805","ELEMENT":"f.70EA46D53BAEFF5909BCE503174AE3C6.d.A7A3A3F712257E6552ECC8B46476F6F2.e.805"}]}
RESULT: {"script":"<script> [56 bytes]","args":[{"element-6066-11e4-a52e-4f735466cecf":"f.70EA46D53BAEFF5909BCE503174AE3C6.d.A7A3A3F712257E6552ECC8B46476F6F2.e.805","ELEMENT":"f.70EA46D53BAEFF5909BCE503174AE3C6.d.A7A3A3F712257E6552ECC8B46476F6F2.e.805"}]}
COMMAND: POST /session/8c6c9308aba27c05719f6849e8e7e04d/element - {"using":"xpath","value":"//table[contains(@id, \"application-ruinventorylist-display-component---Master--tableRuInventoryList-listUl\")]/tbody/tr[1]/td[2]/div/div"}
COMMAND: GET /session/8c6c9308aba27c05719f6849e8e7e04d/screenshot - {}
RESULT: {"using":"xpath","value":"//table[contains(@id, \"application-ruinventorylist-display-component---Master--tableRuInventoryList-listUl\")]/tbody/tr[1]/td[2]/div/div"}
COMMAND: POST /session/8c6c9308aba27c05719f6849e8e7e04d/element/f.70EA46D53BAEFF5909BCE503174AE3C6.d.A7A3A3F712257E6552ECC8B46476F6F2.e.1823/click - {}
RESULT: {}
RESULT: {}
COMMAND: GET /session/8c6c9308aba27c05719f6849e8e7e04d/screenshot - {}
RESULT: {}
COMMAND: POST /session/8c6c9308aba27c05719f6849e8e7e04d/element - {"using":"xpath","value":"//div[contains(@id, \"smartFilterBar-btnBasicSearch-reset\")]"}
RESULT: {"using":"xpath","value":"//div[contains(@id, \"smartFilterBar-btnBasicSearch-reset\")]"}
COMMAND: POST /session/8c6c9308aba27c05719f6849e8e7e04d/element/f.70EA46D53BAEFF5909BCE503174AE3C6.d.A7A3A3F712257E6552ECC8B46476F6F2.e.821/click - {}
RESULT: {}
COMMAND: GET /session/8c6c9308aba27c05719f6849e8e7e04d/screenshot - {}
RESULT: {}
COMMAND: POST /session/8c6c9308aba27c05719f6849e8e7e04d/element/f.70EA46D53BAEFF5909BCE503174AE3C6.d.A7A3A3F712257E6552ECC8B46476F6F2.e.306/click - {}
RESULT: {}
COMMAND: GET /session/8c6c9308aba27c05719f6849e8e7e04d/screenshot - {}
RESULT: {}
RESULT: undefined
COMMAND: POST /session/8c6c9308aba27c05719f6849e8e7e04d/element - {"using":"xpath","value":"//*[@id=\"application-ruinventorylist-display-component---Master--ruStateTypes-arrow\"]"}
RESULT: {"using":"xpath","value":"//*[@id=\"application-ruinventorylist-display-component---Master--ruStateTypes-arrow\"]"}
COMMAND: POST /session/8c6c9308aba27c05719f6849e8e7e04d/element/f.70EA46D53BAEFF5909BCE503174AE3C6.d.A7A3A3F712257E6552ECC8B46476F6F2.e.2021/click - {}
RESULT: {}
COMMAND: GET /session/8c6c9308aba27c05719f6849e8e7e04d/screenshot - {}
RESULT: {}
COMMAND: POST /session/8c6c9308aba27c05719f6849e8e7e04d/element - {"using":"xpath","value":"//li[.//span[text()=\"available\"]]"}
RESULT: {"using":"xpath","value":"//li[.//span[text()=\"available\"]]"}
COMMAND: POST /session/8c6c9308aba27c05719f6849e8e7e04d/element/f.70EA46D53BAEFF5909BCE503174AE3C6.d.A7A3A3F712257E6552ECC8B46476F6F2.e.2022/click - {}
RESULT: {}
COMMAND: GET /session/8c6c9308aba27c05719f6849e8e7e04d/screenshot - {}
RESULT: {}
COMMAND: POST /session/8c6c9308aba27c05719f6849e8e7e04d/element - {"using":"xpath","value":"(//bdi[contains(text(), \"OK\")])[1]"}
RESULT: {"using":"xpath","value":"(//bdi[contains(text(), \"OK\")])[1]"}
COMMAND: POST /session/8c6c9308aba27c05719f6849e8e7e04d/element/f.70EA46D53BAEFF5909BCE503174AE3C6.d.A7A3A3F712257E6552ECC8B46476F6F2.e.2023/click - {}
RESULT: {}
COMMAND: GET /session/8c6c9308aba27c05719f6849e8e7e04d/screenshot - {}
RESULT: {}
COMMAND: POST /session/8c6c9308aba27c05719f6849e8e7e04d/element - {"using":"xpath","value":"(//bdi[contains(text(), \"OK\")])[2]"}
RESULT: {"using":"xpath","value":"(//bdi[contains(text(), \"OK\")])[2]"}
COMMAND: POST /session/8c6c9308aba27c05719f6849e8e7e04d/element/f.70EA46D53BAEFF5909BCE503174AE3C6.d.A7A3A3F712257E6552ECC8B46476F6F2.e.2028/click - {}
RESULT: {}
COMMAND: GET /session/8c6c9308aba27c05719f6849e8e7e04d/screenshot - {}
RESULT: {}
RESULT: undefined
COMMAND: POST /session/8c6c9308aba27c05719f6849e8e7e04d/execute/async - {"script":"<script> [776 bytes]","args":[{"enterText":"600002","selector":{"id":"application-ruinventorylist-display-component---Master--smartFilterBar-btnBasicSearch","interaction":{"idSuffix":"I"}},"clearTextFirst":true,"interactionType":"ENTER_TEXT"}]}
RESULT: {"script":"<script> [776 bytes]","args":[{"enterText":"600002","selector":{"id":"application-ruinventorylist-display-component---Master--smartFilterBar-btnBasicSearch","interaction":{"idSuffix":"I"}},"clearTextFirst":true,"interactionType":"ENTER_TEXT"}]}
COMMAND: POST /session/8c6c9308aba27c05719f6849e8e7e04d/actions - {"actions":[{"id":"action9","type":"key","parameters":{},"actions":[{"type":"keyDown","value":"î€‡"},{"type":"pause","duration":10},{"type":"keyUp","value":"î€‡"}]}]}
RESULT: {"actions":[{"id":"action9","type":"key","parameters":{},"actions":[{"type":"keyDown","value":"î€‡"},{"type":"pause","duration":10},{"type":"keyUp","value":"î€‡"}]}]}
COMMAND: GET /session/8c6c9308aba27c05719f6849e8e7e04d/screenshot - {}
RESULT: {}
COMMAND: POST /session/8c6c9308aba27c05719f6849e8e7e04d/element - {"using":"xpath","value":"//span[@id=\"application-ruinventorylist-display-component---Master--smartTableRuInventoryList-header-inner\"]"}
RESULT: {"using":"xpath","value":"//span[@id=\"application-ruinventorylist-display-component---Master--smartTableRuInventoryList-header-inner\"]"}
COMMAND: POST /session/8c6c9308aba27c05719f6849e8e7e04d/elements - {"using":"xpath","value":"//span[@id=\"application-ruinventorylist-display-component---Master--smartTableRuInventoryList-header-inner\"]"}
RESULT: {"using":"xpath","value":"//span[@id=\"application-ruinventorylist-display-component---Master--smartTableRuInventoryList-header-inner\"]"}
COMMAND: POST /session/8c6c9308aba27c05719f6849e8e7e04d/execute/sync - {"script":"<script> [56 bytes]","args":[{"element-6066-11e4-a52e-4f735466cecf":"f.70EA46D53BAEFF5909BCE503174AE3C6.d.A7A3A3F712257E6552ECC8B46476F6F2.e.805","ELEMENT":"f.70EA46D53BAEFF5909BCE503174AE3C6.d.A7A3A3F712257E6552ECC8B46476F6F2.e.805"}]}
RESULT: {"script":"<script> [56 bytes]","args":[{"element-6066-11e4-a52e-4f735466cecf":"f.70EA46D53BAEFF5909BCE503174AE3C6.d.A7A3A3F712257E6552ECC8B46476F6F2.e.805","ELEMENT":"f.70EA46D53BAEFF5909BCE503174AE3C6.d.A7A3A3F712257E6552ECC8B46476F6F2.e.805"}]}
COMMAND: POST /session/8c6c9308aba27c05719f6849e8e7e04d/element - {"using":"xpath","value":"//table[contains(@id, \"application-ruinventorylist-display-component---Master--tableRuInventoryList-listUl\")]/tbody/tr[1]/td[6]/div/span"}
COMMAND: GET /session/8c6c9308aba27c05719f6849e8e7e04d/screenshot - {}
RESULT: {"using":"xpath","value":"//table[contains(@id, \"application-ruinventorylist-display-component---Master--tableRuInventoryList-listUl\")]/tbody/tr[1]/td[6]/div/span"}
COMMAND: POST /session/8c6c9308aba27c05719f6849e8e7e04d/execute/sync - {"script":"<script> [56 bytes]","args":[{"element-6066-11e4-a52e-4f735466cecf":"f.70EA46D53BAEFF5909BCE503174AE3C6.d.A7A3A3F712257E6552ECC8B46476F6F2.e.2050","ELEMENT":"f.70EA46D53BAEFF5909BCE503174AE3C6.d.A7A3A3F712257E6552ECC8B46476F6F2.e.2050"}]}
RESULT: {}
RESULT: {"script":"<script> [56 bytes]","args":[{"element-6066-11e4-a52e-4f735466cecf":"f.70EA46D53BAEFF5909BCE503174AE3C6.d.A7A3A3F712257E6552ECC8B46476F6F2.e.2050","ELEMENT":"f.70EA46D53BAEFF5909BCE503174AE3C6.d.A7A3A3F712257E6552ECC8B46476F6F2.e.2050"}]}
COMMAND: POST /session/8c6c9308aba27c05719f6849e8e7e04d/element - {"using":"xpath","value":"//div[contains(@id, \"smartFilterBar-btnBasicSearch-reset\")]"}
COMMAND: GET /session/8c6c9308aba27c05719f6849e8e7e04d/screenshot - {}
RESULT: {"using":"xpath","value":"//div[contains(@id, \"smartFilterBar-btnBasicSearch-reset\")]"}
COMMAND: POST /session/8c6c9308aba27c05719f6849e8e7e04d/element/f.70EA46D53BAEFF5909BCE503174AE3C6.d.A7A3A3F712257E6552ECC8B46476F6F2.e.821/click - {}
RESULT: {}
RESULT: {}
COMMAND: GET /session/8c6c9308aba27c05719f6849e8e7e04d/screenshot - {}
RESULT: {}
RESULT: undefined
COMMAND: POST /session/8c6c9308aba27c05719f6849e8e7e04d/execute/async - {"script":"<script> [776 bytes]","args":[{"enterText":"401002","selector":{"id":"application-ruinventorylist-display-component---Master--smartFilterBar-btnBasicSearch","interaction":{"idSuffix":"I"}},"clearTextFirst":true,"interactionType":"ENTER_TEXT"}]}
RESULT: {"script":"<script> [776 bytes]","args":[{"enterText":"401002","selector":{"id":"application-ruinventorylist-display-component---Master--smartFilterBar-btnBasicSearch","interaction":{"idSuffix":"I"}},"clearTextFirst":true,"interactionType":"ENTER_TEXT"}]}
COMMAND: POST /session/8c6c9308aba27c05719f6849e8e7e04d/actions - {"actions":[{"id":"action10","type":"key","parameters":{},"actions":[{"type":"keyDown","value":"î€‡"},{"type":"pause","duration":10},{"type":"keyUp","value":"î€‡"}]}]}
RESULT: {"actions":[{"id":"action10","type":"key","parameters":{},"actions":[{"type":"keyDown","value":"î€‡"},{"type":"pause","duration":10},{"type":"keyUp","value":"î€‡"}]}]}
COMMAND: GET /session/8c6c9308aba27c05719f6849e8e7e04d/screenshot - {}
RESULT: {}
COMMAND: POST /session/8c6c9308aba27c05719f6849e8e7e04d/element - {"using":"xpath","value":"//span[@id=\"application-ruinventorylist-display-component---Master--smartTableRuInventoryList-header-inner\"]"}
RESULT: {"using":"xpath","value":"//span[@id=\"application-ruinventorylist-display-component---Master--smartTableRuInventoryList-header-inner\"]"}
COMMAND: POST /session/8c6c9308aba27c05719f6849e8e7e04d/elements - {"using":"xpath","value":"//span[@id=\"application-ruinventorylist-display-component---Master--smartTableRuInventoryList-header-inner\"]"}
RESULT: {"using":"xpath","value":"//span[@id=\"application-ruinventorylist-display-component---Master--smartTableRuInventoryList-header-inner\"]"}
COMMAND: POST /session/8c6c9308aba27c05719f6849e8e7e04d/execute/sync - {"script":"<script> [56 bytes]","args":[{"element-6066-11e4-a52e-4f735466cecf":"f.70EA46D53BAEFF5909BCE503174AE3C6.d.A7A3A3F712257E6552ECC8B46476F6F2.e.805","ELEMENT":"f.70EA46D53BAEFF5909BCE503174AE3C6.d.A7A3A3F712257E6552ECC8B46476F6F2.e.805"}]}
RESULT: {"script":"<script> [56 bytes]","args":[{"element-6066-11e4-a52e-4f735466cecf":"f.70EA46D53BAEFF5909BCE503174AE3C6.d.A7A3A3F712257E6552ECC8B46476F6F2.e.805","ELEMENT":"f.70EA46D53BAEFF5909BCE503174AE3C6.d.A7A3A3F712257E6552ECC8B46476F6F2.e.805"}]}
COMMAND: POST /session/8c6c9308aba27c05719f6849e8e7e04d/element - {"using":"xpath","value":"//table[contains(@id, \"application-ruinventorylist-display-component---Master--tableRuInventoryList-listUl\")]/tbody/tr[1]/td[6]/div/span"}
COMMAND: GET /session/8c6c9308aba27c05719f6849e8e7e04d/screenshot - {}
RESULT: {"using":"xpath","value":"//table[contains(@id, \"application-ruinventorylist-display-component---Master--tableRuInventoryList-listUl\")]/tbody/tr[1]/td[6]/div/span"}
COMMAND: POST /session/8c6c9308aba27c05719f6849e8e7e04d/execute/sync - {"script":"<script> [56 bytes]","args":[{"element-6066-11e4-a52e-4f735466cecf":"f.70EA46D53BAEFF5909BCE503174AE3C6.d.A7A3A3F712257E6552ECC8B46476F6F2.e.2151","ELEMENT":"f.70EA46D53BAEFF5909BCE503174AE3C6.d.A7A3A3F712257E6552ECC8B46476F6F2.e.2151"}]}
RESULT: {}
RESULT: {"script":"<script> [56 bytes]","args":[{"element-6066-11e4-a52e-4f735466cecf":"f.70EA46D53BAEFF5909BCE503174AE3C6.d.A7A3A3F712257E6552ECC8B46476F6F2.e.2151","ELEMENT":"f.70EA46D53BAEFF5909BCE503174AE3C6.d.A7A3A3F712257E6552ECC8B46476F6F2.e.2151"}]}
COMMAND: POST /session/8c6c9308aba27c05719f6849e8e7e04d/element - {"using":"xpath","value":"//div[contains(@id, \"smartFilterBar-btnBasicSearch-reset\")]"}
COMMAND: GET /session/8c6c9308aba27c05719f6849e8e7e04d/screenshot - {}
RESULT: {"using":"xpath","value":"//div[contains(@id, \"smartFilterBar-btnBasicSearch-reset\")]"}
COMMAND: POST /session/8c6c9308aba27c05719f6849e8e7e04d/element/f.70EA46D53BAEFF5909BCE503174AE3C6.d.A7A3A3F712257E6552ECC8B46476F6F2.e.821/click - {}
RESULT: {}
RESULT: {}
COMMAND: GET /session/8c6c9308aba27c05719f6849e8e7e04d/screenshot - {}
RESULT: {}
COMMAND: POST /session/8c6c9308aba27c05719f6849e8e7e04d/element - {"using":"css selector","value":"#shell-header-logo"}
RESULT: {"using":"css selector","value":"#shell-header-logo"}
COMMAND: POST /session/8c6c9308aba27c05719f6849e8e7e04d/element/f.70EA46D53BAEFF5909BCE503174AE3C6.d.A7A3A3F712257E6552ECC8B46476F6F2.e.274/click - {}
RESULT: {}
COMMAND: GET /session/8c6c9308aba27c05719f6849e8e7e04d/screenshot - {}
RESULT: {}
]]></system-out>
    </testcase>
    <testcase classname="chrome.135_0_7049_115.windows.RU_Inventory_Mass_State_Change_Multiple_Items_US151066" name="Prerequisite Step 2 Should create a new equipment" time="139.194">
      <system-out><![CDATA[
COMMAND: POST /session/8c6c9308aba27c05719f6849e8e7e04d/execute/async - {"script":"<script> [1562 bytes]","args":[{"selector":{"controlType":"sap.m.GenericTile","properties":{"header":"Manage Resources"}},"wdio_ui5_key":"sapm.GenericTile{\"header\":\"Manage Resources\"}"}]}
RESULT: {"script":"<script> [1562 bytes]","args":[{"selector":{"controlType":"sap.m.GenericTile","properties":{"header":"Manage Resources"}},"wdio_ui5_key":"sapm.GenericTile{\"header\":\"Manage Resources\"}"}]}
RESULT: undefined
COMMAND: POST /session/8c6c9308aba27c05719f6849e8e7e04d/element - {"using":"xpath","value":"//*[@id=\"__tile39\"]"}
RESULT: {"using":"xpath","value":"//*[@id=\"__tile39\"]"}
COMMAND: POST /session/8c6c9308aba27c05719f6849e8e7e04d/element/f.70EA46D53BAEFF5909BCE503174AE3C6.d.A7A3A3F712257E6552ECC8B46476F6F2.e.161/click - {}
RESULT: {}
COMMAND: POST /session/8c6c9308aba27c05719f6849e8e7e04d/element - {"using":"xpath","value":"//button[@data-kt=\"addNewRUOverflowToolbarButton\"]"}
COMMAND: GET /session/8c6c9308aba27c05719f6849e8e7e04d/screenshot - {}
RESULT: {"using":"xpath","value":"//button[@data-kt=\"addNewRUOverflowToolbarButton\"]"}
COMMAND: POST /session/8c6c9308aba27c05719f6849e8e7e04d/elements - {"using":"xpath","value":"//button[@data-kt=\"addNewRUOverflowToolbarButton\"]"}
RESULT: {}
RESULT: {"using":"xpath","value":"//button[@data-kt=\"addNewRUOverflowToolbarButton\"]"}
COMMAND: POST /session/8c6c9308aba27c05719f6849e8e7e04d/elements - {"using":"xpath","value":"//button[@data-kt=\"addNewRUOverflowToolbarButton\"]"}
RESULT: {"using":"xpath","value":"//button[@data-kt=\"addNewRUOverflowToolbarButton\"]"}
COMMAND: POST /session/8c6c9308aba27c05719f6849e8e7e04d/elements - {"using":"xpath","value":"//button[@data-kt=\"addNewRUOverflowToolbarButton\"]"}
RESULT: {"using":"xpath","value":"//button[@data-kt=\"addNewRUOverflowToolbarButton\"]"}
COMMAND: POST /session/8c6c9308aba27c05719f6849e8e7e04d/elements - {"using":"xpath","value":"//button[@data-kt=\"addNewRUOverflowToolbarButton\"]"}
RESULT: {"using":"xpath","value":"//button[@data-kt=\"addNewRUOverflowToolbarButton\"]"}
COMMAND: POST /session/8c6c9308aba27c05719f6849e8e7e04d/elements - {"using":"xpath","value":"//button[@data-kt=\"addNewRUOverflowToolbarButton\"]"}
RESULT: {"using":"xpath","value":"//button[@data-kt=\"addNewRUOverflowToolbarButton\"]"}
COMMAND: POST /session/8c6c9308aba27c05719f6849e8e7e04d/elements - {"using":"xpath","value":"//button[@data-kt=\"addNewRUOverflowToolbarButton\"]"}
RESULT: {"using":"xpath","value":"//button[@data-kt=\"addNewRUOverflowToolbarButton\"]"}
COMMAND: POST /session/8c6c9308aba27c05719f6849e8e7e04d/elements - {"using":"xpath","value":"//button[@data-kt=\"addNewRUOverflowToolbarButton\"]"}
RESULT: {"using":"xpath","value":"//button[@data-kt=\"addNewRUOverflowToolbarButton\"]"}
COMMAND: POST /session/8c6c9308aba27c05719f6849e8e7e04d/elements - {"using":"xpath","value":"//button[@data-kt=\"addNewRUOverflowToolbarButton\"]"}
RESULT: {"using":"xpath","value":"//button[@data-kt=\"addNewRUOverflowToolbarButton\"]"}
COMMAND: POST /session/8c6c9308aba27c05719f6849e8e7e04d/elements - {"using":"xpath","value":"//button[@data-kt=\"addNewRUOverflowToolbarButton\"]"}
RESULT: {"using":"xpath","value":"//button[@data-kt=\"addNewRUOverflowToolbarButton\"]"}
COMMAND: POST /session/8c6c9308aba27c05719f6849e8e7e04d/elements - {"using":"xpath","value":"//button[@data-kt=\"addNewRUOverflowToolbarButton\"]"}
RESULT: {"using":"xpath","value":"//button[@data-kt=\"addNewRUOverflowToolbarButton\"]"}
COMMAND: POST /session/8c6c9308aba27c05719f6849e8e7e04d/elements - {"using":"xpath","value":"//button[@data-kt=\"addNewRUOverflowToolbarButton\"]"}
RESULT: {"using":"xpath","value":"//button[@data-kt=\"addNewRUOverflowToolbarButton\"]"}
COMMAND: POST /session/8c6c9308aba27c05719f6849e8e7e04d/elements - {"using":"xpath","value":"//button[@data-kt=\"addNewRUOverflowToolbarButton\"]"}
RESULT: {"using":"xpath","value":"//button[@data-kt=\"addNewRUOverflowToolbarButton\"]"}
COMMAND: POST /session/8c6c9308aba27c05719f6849e8e7e04d/elements - {"using":"xpath","value":"//button[@data-kt=\"addNewRUOverflowToolbarButton\"]"}
RESULT: {"using":"xpath","value":"//button[@data-kt=\"addNewRUOverflowToolbarButton\"]"}
COMMAND: POST /session/8c6c9308aba27c05719f6849e8e7e04d/elements - {"using":"xpath","value":"//button[@data-kt=\"addNewRUOverflowToolbarButton\"]"}
RESULT: {"using":"xpath","value":"//button[@data-kt=\"addNewRUOverflowToolbarButton\"]"}
COMMAND: POST /session/8c6c9308aba27c05719f6849e8e7e04d/elements - {"using":"xpath","value":"//button[@data-kt=\"addNewRUOverflowToolbarButton\"]"}
RESULT: {"using":"xpath","value":"//button[@data-kt=\"addNewRUOverflowToolbarButton\"]"}
COMMAND: POST /session/8c6c9308aba27c05719f6849e8e7e04d/elements - {"using":"xpath","value":"//button[@data-kt=\"addNewRUOverflowToolbarButton\"]"}
RESULT: {"using":"xpath","value":"//button[@data-kt=\"addNewRUOverflowToolbarButton\"]"}
COMMAND: POST /session/8c6c9308aba27c05719f6849e8e7e04d/elements - {"using":"xpath","value":"//button[@data-kt=\"addNewRUOverflowToolbarButton\"]"}
RESULT: {"using":"xpath","value":"//button[@data-kt=\"addNewRUOverflowToolbarButton\"]"}
COMMAND: POST /session/8c6c9308aba27c05719f6849e8e7e04d/elements - {"using":"xpath","value":"//button[@data-kt=\"addNewRUOverflowToolbarButton\"]"}
RESULT: {"using":"xpath","value":"//button[@data-kt=\"addNewRUOverflowToolbarButton\"]"}
COMMAND: POST /session/8c6c9308aba27c05719f6849e8e7e04d/elements - {"using":"xpath","value":"//button[@data-kt=\"addNewRUOverflowToolbarButton\"]"}
RESULT: {"using":"xpath","value":"//button[@data-kt=\"addNewRUOverflowToolbarButton\"]"}
COMMAND: POST /session/8c6c9308aba27c05719f6849e8e7e04d/element - {"using":"xpath","value":"//button[@data-kt=\"addNewRUOverflowToolbarButton\"]"}
RESULT: {"using":"xpath","value":"//button[@data-kt=\"addNewRUOverflowToolbarButton\"]"}
COMMAND: POST /session/8c6c9308aba27c05719f6849e8e7e04d/execute/sync - {"script":"<script> [8489 bytes]","args":[{"element-6066-11e4-a52e-4f735466cecf":"f.70EA46D53BAEFF5909BCE503174AE3C6.d.A7A3A3F712257E6552ECC8B46476F6F2.e.2273","ELEMENT":"f.70EA46D53BAEFF5909BCE503174AE3C6.d.A7A3A3F712257E6552ECC8B46476F6F2.e.2273"}]}
RESULT: {"script":"<script> [8489 bytes]","args":[{"element-6066-11e4-a52e-4f735466cecf":"f.70EA46D53BAEFF5909BCE503174AE3C6.d.A7A3A3F712257E6552ECC8B46476F6F2.e.2273","ELEMENT":"f.70EA46D53BAEFF5909BCE503174AE3C6.d.A7A3A3F712257E6552ECC8B46476F6F2.e.2273"}]}
COMMAND: GET /session/8c6c9308aba27c05719f6849e8e7e04d/element/f.70EA46D53BAEFF5909BCE503174AE3C6.d.A7A3A3F712257E6552ECC8B46476F6F2.e.2273/enabled - {}
COMMAND: GET /session/8c6c9308aba27c05719f6849e8e7e04d/screenshot - {}
RESULT: {}
COMMAND: POST /session/8c6c9308aba27c05719f6849e8e7e04d/execute/sync - {"script":"<script> [8489 bytes]","args":[{"element-6066-11e4-a52e-4f735466cecf":"f.70EA46D53BAEFF5909BCE503174AE3C6.d.A7A3A3F712257E6552ECC8B46476F6F2.e.2273","ELEMENT":"f.70EA46D53BAEFF5909BCE503174AE3C6.d.A7A3A3F712257E6552ECC8B46476F6F2.e.2273"}]}
COMMAND: GET /session/8c6c9308aba27c05719f6849e8e7e04d/screenshot - {}
RESULT: {}
RESULT: {"script":"<script> [8489 bytes]","args":[{"element-6066-11e4-a52e-4f735466cecf":"f.70EA46D53BAEFF5909BCE503174AE3C6.d.A7A3A3F712257E6552ECC8B46476F6F2.e.2273","ELEMENT":"f.70EA46D53BAEFF5909BCE503174AE3C6.d.A7A3A3F712257E6552ECC8B46476F6F2.e.2273"}]}
COMMAND: POST /session/8c6c9308aba27c05719f6849e8e7e04d/execute/sync - {"script":"<script> [5351 bytes]","args":[{"element-6066-11e4-a52e-4f735466cecf":"f.70EA46D53BAEFF5909BCE503174AE3C6.d.A7A3A3F712257E6552ECC8B46476F6F2.e.2273","ELEMENT":"f.70EA46D53BAEFF5909BCE503174AE3C6.d.A7A3A3F712257E6552ECC8B46476F6F2.e.2273"}]}
COMMAND: GET /session/8c6c9308aba27c05719f6849e8e7e04d/screenshot - {}
RESULT: {}
RESULT: {"script":"<script> [5351 bytes]","args":[{"element-6066-11e4-a52e-4f735466cecf":"f.70EA46D53BAEFF5909BCE503174AE3C6.d.A7A3A3F712257E6552ECC8B46476F6F2.e.2273","ELEMENT":"f.70EA46D53BAEFF5909BCE503174AE3C6.d.A7A3A3F712257E6552ECC8B46476F6F2.e.2273"}]}
COMMAND: POST /session/8c6c9308aba27c05719f6849e8e7e04d/element/f.70EA46D53BAEFF5909BCE503174AE3C6.d.A7A3A3F712257E6552ECC8B46476F6F2.e.2273/click - {}
COMMAND: GET /session/8c6c9308aba27c05719f6849e8e7e04d/screenshot - {}
RESULT: {}
RESULT: {}
COMMAND: GET /session/8c6c9308aba27c05719f6849e8e7e04d/screenshot - {}
RESULT: {}
COMMAND: POST /session/8c6c9308aba27c05719f6849e8e7e04d/execute/async - {"script":"<script> [1562 bytes]","args":[{"selector":{"id":"application-manageresources-display-component---newResourceUnit--TYPE-arrow"},"wdio_ui5_key":"applicationmanageresources-display-component---newResourceUnit--TYPE-arrow"}]}
RESULT: {}
RESULT: {"script":"<script> [1562 bytes]","args":[{"selector":{"id":"application-manageresources-display-component---newResourceUnit--TYPE-arrow"},"wdio_ui5_key":"applicationmanageresources-display-component---newResourceUnit--TYPE-arrow"}]}
RESULT: undefined
COMMAND: POST /session/8c6c9308aba27c05719f6849e8e7e04d/element - {"using":"xpath","value":"//*[@id=\"application-manageresources-display-component---newResourceUnit--TYPE-arrow\"]"}
RESULT: {"using":"xpath","value":"//*[@id=\"application-manageresources-display-component---newResourceUnit--TYPE-arrow\"]"}
COMMAND: POST /session/8c6c9308aba27c05719f6849e8e7e04d/element/f.70EA46D53BAEFF5909BCE503174AE3C6.d.A7A3A3F712257E6552ECC8B46476F6F2.e.2640/click - {}
RESULT: {}
COMMAND: POST /session/8c6c9308aba27c05719f6849e8e7e04d/element - {"using":"xpath","value":"//input[@id=\"application-manageresources-display-component---newResourceUnit--TYPE-inner\"]"}
COMMAND: GET /session/8c6c9308aba27c05719f6849e8e7e04d/screenshot - {}
RESULT: {"using":"xpath","value":"//input[@id=\"application-manageresources-display-component---newResourceUnit--TYPE-inner\"]"}
COMMAND: POST /session/8c6c9308aba27c05719f6849e8e7e04d/element/f.70EA46D53BAEFF5909BCE503174AE3C6.d.A7A3A3F712257E6552ECC8B46476F6F2.e.2628/clear - {}
RESULT: {}
RESULT: {}
COMMAND: POST /session/8c6c9308aba27c05719f6849e8e7e04d/element/f.70EA46D53BAEFF5909BCE503174AE3C6.d.A7A3A3F712257E6552ECC8B46476F6F2.e.2628/value - {"text":"Equipment"}
COMMAND: GET /session/8c6c9308aba27c05719f6849e8e7e04d/screenshot - {}
RESULT: {"text":"Equipment"}
COMMAND: GET /session/8c6c9308aba27c05719f6849e8e7e04d/screenshot - {}
RESULT: {}
RESULT: {}
COMMAND: POST /session/8c6c9308aba27c05719f6849e8e7e04d/actions - {"actions":[{"id":"action11","type":"key","parameters":{},"actions":[{"type":"keyDown","value":"î€‡"},{"type":"pause","duration":10},{"type":"keyUp","value":"î€‡"}]}]}
RESULT: {"actions":[{"id":"action11","type":"key","parameters":{},"actions":[{"type":"keyDown","value":"î€‡"},{"type":"pause","duration":10},{"type":"keyUp","value":"î€‡"}]}]}
COMMAND: POST /session/8c6c9308aba27c05719f6849e8e7e04d/execute/async - {"script":"<script> [1562 bytes]","args":[{"selector":{"id":"application-manageresources-display-component---newResourceUnit--resourceId","interaction":{"idSuffix":"inner"}},"wdio_ui5_key":"applicationmanageresources-display-component---newResourceUnit--resourceId"}]}
COMMAND: GET /session/8c6c9308aba27c05719f6849e8e7e04d/screenshot - {}
RESULT: {"script":"<script> [1562 bytes]","args":[{"selector":{"id":"application-manageresources-display-component---newResourceUnit--resourceId","interaction":{"idSuffix":"inner"}},"wdio_ui5_key":"applicationmanageresources-display-component---newResourceUnit--resourceId"}]}
RESULT: undefined
COMMAND: POST /session/8c6c9308aba27c05719f6849e8e7e04d/execute/async - {"script":"<script> [776 bytes]","args":[{"enterText":"fS0tr5WYmU","selector":{"id":"application-manageresources-display-component---newResourceUnit--resourceId","interaction":{"idSuffix":"inner"}},"clearTextFirst":true,"interactionType":"ENTER_TEXT"}]}
RESULT: {}
RESULT: {"script":"<script> [776 bytes]","args":[{"enterText":"fS0tr5WYmU","selector":{"id":"application-manageresources-display-component---newResourceUnit--resourceId","interaction":{"idSuffix":"inner"}},"clearTextFirst":true,"interactionType":"ENTER_TEXT"}]}
COMMAND: POST /session/8c6c9308aba27c05719f6849e8e7e04d/execute/async - {"script":"<script> [1562 bytes]","args":[{"selector":{"id":"application-manageresources-display-component---newResourceUnit--SHORT_TEXT","interaction":{"idSuffix":"inner"}},"wdio_ui5_key":"applicationmanageresources-display-component---newResourceUnit--SHORT_TEXT"}]}
RESULT: {"script":"<script> [1562 bytes]","args":[{"selector":{"id":"application-manageresources-display-component---newResourceUnit--SHORT_TEXT","interaction":{"idSuffix":"inner"}},"wdio_ui5_key":"applicationmanageresources-display-component---newResourceUnit--SHORT_TEXT"}]}
RESULT: undefined
COMMAND: POST /session/8c6c9308aba27c05719f6849e8e7e04d/execute/async - {"script":"<script> [776 bytes]","args":[{"enterText":"Intercompany Equipment WDIO","selector":{"id":"application-manageresources-display-component---newResourceUnit--SHORT_TEXT","interaction":{"idSuffix":"inner"}},"clearTextFirst":true,"interactionType":"ENTER_TEXT"}]}
RESULT: {"script":"<script> [776 bytes]","args":[{"enterText":"Intercompany Equipment WDIO","selector":{"id":"application-manageresources-display-component---newResourceUnit--SHORT_TEXT","interaction":{"idSuffix":"inner"}},"clearTextFirst":true,"interactionType":"ENTER_TEXT"}]}
COMMAND: POST /session/8c6c9308aba27c05719f6849e8e7e04d/execute/async - {"script":"<script> [1562 bytes]","args":[{"selector":{"id":"application-manageresources-display-component---newResourceUnit--BASE_UNIT_OF_MEASURE","interaction":{"idSuffix":"inner"}},"wdio_ui5_key":"applicationmanageresources-display-component---newResourceUnit--BASE_UNIT_OF_MEASURE"}]}
RESULT: {"script":"<script> [1562 bytes]","args":[{"selector":{"id":"application-manageresources-display-component---newResourceUnit--BASE_UNIT_OF_MEASURE","interaction":{"idSuffix":"inner"}},"wdio_ui5_key":"applicationmanageresources-display-component---newResourceUnit--BASE_UNIT_OF_MEASURE"}]}
RESULT: undefined
COMMAND: POST /session/8c6c9308aba27c05719f6849e8e7e04d/execute/async - {"script":"<script> [776 bytes]","args":[{"enterText":"Piece","selector":{"id":"application-manageresources-display-component---newResourceUnit--BASE_UNIT_OF_MEASURE","interaction":{"idSuffix":"inner"}},"clearTextFirst":true,"interactionType":"ENTER_TEXT"}]}
RESULT: {"script":"<script> [776 bytes]","args":[{"enterText":"Piece","selector":{"id":"application-manageresources-display-component---newResourceUnit--BASE_UNIT_OF_MEASURE","interaction":{"idSuffix":"inner"}},"clearTextFirst":true,"interactionType":"ENTER_TEXT"}]}
COMMAND: POST /session/8c6c9308aba27c05719f6849e8e7e04d/execute/async - {"script":"<script> [1562 bytes]","args":[{"selector":{"id":"application-manageresources-display-component---newResourceUnit--WEIGHT_UNIT","interaction":{"idSuffix":"inner"}},"wdio_ui5_key":"applicationmanageresources-display-component---newResourceUnit--WEIGHT_UNIT"}]}
RESULT: {"script":"<script> [1562 bytes]","args":[{"selector":{"id":"application-manageresources-display-component---newResourceUnit--WEIGHT_UNIT","interaction":{"idSuffix":"inner"}},"wdio_ui5_key":"applicationmanageresources-display-component---newResourceUnit--WEIGHT_UNIT"}]}
RESULT: undefined
COMMAND: POST /session/8c6c9308aba27c05719f6849e8e7e04d/execute/async - {"script":"<script> [776 bytes]","args":[{"enterText":"Gram","selector":{"id":"application-manageresources-display-component---newResourceUnit--WEIGHT_UNIT","interaction":{"idSuffix":"inner"}},"clearTextFirst":true,"interactionType":"ENTER_TEXT"}]}
RESULT: {"script":"<script> [776 bytes]","args":[{"enterText":"Gram","selector":{"id":"application-manageresources-display-component---newResourceUnit--WEIGHT_UNIT","interaction":{"idSuffix":"inner"}},"clearTextFirst":true,"interactionType":"ENTER_TEXT"}]}
COMMAND: POST /session/8c6c9308aba27c05719f6849e8e7e04d/execute/async - {"script":"<script> [1562 bytes]","args":[{"selector":{"id":"application-manageresources-display-component---newResourceUnit--DIMENSION_UNIT","interaction":{"idSuffix":"inner"}},"wdio_ui5_key":"applicationmanageresources-display-component---newResourceUnit--DIMENSION_UNIT"}]}
RESULT: {"script":"<script> [1562 bytes]","args":[{"selector":{"id":"application-manageresources-display-component---newResourceUnit--DIMENSION_UNIT","interaction":{"idSuffix":"inner"}},"wdio_ui5_key":"applicationmanageresources-display-component---newResourceUnit--DIMENSION_UNIT"}]}
RESULT: undefined
COMMAND: POST /session/8c6c9308aba27c05719f6849e8e7e04d/execute/async - {"script":"<script> [776 bytes]","args":[{"enterText":"Meter","selector":{"id":"application-manageresources-display-component---newResourceUnit--DIMENSION_UNIT","interaction":{"idSuffix":"inner"}},"clearTextFirst":true,"interactionType":"ENTER_TEXT"}]}
RESULT: {"script":"<script> [776 bytes]","args":[{"enterText":"Meter","selector":{"id":"application-manageresources-display-component---newResourceUnit--DIMENSION_UNIT","interaction":{"idSuffix":"inner"}},"clearTextFirst":true,"interactionType":"ENTER_TEXT"}]}
COMMAND: POST /session/8c6c9308aba27c05719f6849e8e7e04d/execute/async - {"script":"<script> [1562 bytes]","args":[{"selector":{"id":"application-manageresources-display-component---newResourceUnit--newRRUPage-anchBar-application-manageresources-display-component---newResourceUnit--control-anchor","interaction":{"idSuffix":"BDI-content"}},"wdio_ui5_key":"applicationmanageresources-display-component---newResourceUnit--newRRUPage-anchBar-application-manageresources-display-component---newResourceUnit--control-anchor"}]}
RESULT: {"script":"<script> [1562 bytes]","args":[{"selector":{"id":"application-manageresources-display-component---newResourceUnit--newRRUPage-anchBar-application-manageresources-display-component---newResourceUnit--control-anchor","interaction":{"idSuffix":"BDI-content"}},"wdio_ui5_key":"applicationmanageresources-display-component---newResourceUnit--newRRUPage-anchBar-application-manageresources-display-component---newResourceUnit--control-anchor"}]}
RESULT: undefined
COMMAND: POST /session/8c6c9308aba27c05719f6849e8e7e04d/element - {"using":"xpath","value":"//*[@id=\"application-manageresources-display-component---newResourceUnit--newRRUPage-anchBar-application-manageresources-display-component---newResourceUnit--control-anchor\"]"}
RESULT: {"using":"xpath","value":"//*[@id=\"application-manageresources-display-component---newResourceUnit--newRRUPage-anchBar-application-manageresources-display-component---newResourceUnit--control-anchor\"]"}
COMMAND: POST /session/8c6c9308aba27c05719f6849e8e7e04d/element/f.70EA46D53BAEFF5909BCE503174AE3C6.d.A7A3A3F712257E6552ECC8B46476F6F2.e.2775/click - {}
RESULT: {}
COMMAND: POST /session/8c6c9308aba27c05719f6849e8e7e04d/execute/async - {"script":"<script> [1562 bytes]","args":[{"selector":{"id":"application-manageresources-display-component---newResourceUnit--PLANNING_GROUP","interaction":{"idSuffix":"inner"}},"wdio_ui5_key":"applicationmanageresources-display-component---newResourceUnit--PLANNING_GROUP"}]}
COMMAND: GET /session/8c6c9308aba27c05719f6849e8e7e04d/screenshot - {}
RESULT: {"script":"<script> [1562 bytes]","args":[{"selector":{"id":"application-manageresources-display-component---newResourceUnit--PLANNING_GROUP","interaction":{"idSuffix":"inner"}},"wdio_ui5_key":"applicationmanageresources-display-component---newResourceUnit--PLANNING_GROUP"}]}
RESULT: undefined
COMMAND: POST /session/8c6c9308aba27c05719f6849e8e7e04d/execute/async - {"script":"<script> [776 bytes]","args":[{"enterText":"Heavy Equi","selector":{"id":"application-manageresources-display-component---newResourceUnit--PLANNING_GROUP","interaction":{"idSuffix":"inner"}},"clearTextFirst":true,"interactionType":"ENTER_TEXT"}]}
RESULT: {}
RESULT: {"script":"<script> [776 bytes]","args":[{"enterText":"Heavy Equi","selector":{"id":"application-manageresources-display-component---newResourceUnit--PLANNING_GROUP","interaction":{"idSuffix":"inner"}},"clearTextFirst":true,"interactionType":"ENTER_TEXT"}]}
COMMAND: POST /session/8c6c9308aba27c05719f6849e8e7e04d/execute/async - {"script":"<script> [1562 bytes]","args":[{"selector":{"id":"application-manageresources-display-component---newResourceUnit--ITEM_TYPE-arrow"},"wdio_ui5_key":"applicationmanageresources-display-component---newResourceUnit--ITEM_TYPE-arrow"}]}
RESULT: {"script":"<script> [1562 bytes]","args":[{"selector":{"id":"application-manageresources-display-component---newResourceUnit--ITEM_TYPE-arrow"},"wdio_ui5_key":"applicationmanageresources-display-component---newResourceUnit--ITEM_TYPE-arrow"}]}
RESULT: undefined
COMMAND: POST /session/8c6c9308aba27c05719f6849e8e7e04d/element - {"using":"xpath","value":"//*[@id=\"application-manageresources-display-component---newResourceUnit--ITEM_TYPE-arrow\"]"}
RESULT: {"using":"xpath","value":"//*[@id=\"application-manageresources-display-component---newResourceUnit--ITEM_TYPE-arrow\"]"}
COMMAND: POST /session/8c6c9308aba27c05719f6849e8e7e04d/element/f.70EA46D53BAEFF5909BCE503174AE3C6.d.A7A3A3F712257E6552ECC8B46476F6F2.e.2784/click - {}
RESULT: {}
COMMAND: POST /session/8c6c9308aba27c05719f6849e8e7e04d/element - {"using":"xpath","value":"(//span[contains(text(), \"Resource Unit\")])[2]"}
COMMAND: GET /session/8c6c9308aba27c05719f6849e8e7e04d/screenshot - {}
RESULT: {"using":"xpath","value":"(//span[contains(text(), \"Resource Unit\")])[2]"}
COMMAND: POST /session/8c6c9308aba27c05719f6849e8e7e04d/element/f.70EA46D53BAEFF5909BCE503174AE3C6.d.A7A3A3F712257E6552ECC8B46476F6F2.e.2785/click - {}
RESULT: {}
RESULT: {}
COMMAND: GET /session/8c6c9308aba27c05719f6849e8e7e04d/screenshot - {}
RESULT: {}
COMMAND: POST /session/8c6c9308aba27c05719f6849e8e7e04d/element - {"using":"css selector","value":"#application-manageresources-display-component---newResourceUnit--btnAddTimeSegment"}
RESULT: {"using":"css selector","value":"#application-manageresources-display-component---newResourceUnit--btnAddTimeSegment"}
COMMAND: GET /session/8c6c9308aba27c05719f6849e8e7e04d/element/f.70EA46D53BAEFF5909BCE503174AE3C6.d.A7A3A3F712257E6552ECC8B46476F6F2.e.2786/rect - {}
RESULT: {}
COMMAND: GET /session/8c6c9308aba27c05719f6849e8e7e04d/window/rect - {}
RESULT: {}
COMMAND: POST /session/8c6c9308aba27c05719f6849e8e7e04d/execute/sync - {"script":"<script> [92 bytes]","args":[]}
RESULT: {"script":"<script> [92 bytes]","args":[]}
COMMAND: POST /session/8c6c9308aba27c05719f6849e8e7e04d/actions - {"actions":[{"id":"action12","type":"wheel","parameters":{},"actions":[{"type":"scroll","x":-1888,"y":-32,"deltaX":0,"deltaY":0,"duration":0,"origin":{"element-6066-11e4-a52e-4f735466cecf":"f.70EA46D53BAEFF5909BCE503174AE3C6.d.A7A3A3F712257E6552ECC8B46476F6F2.e.2786"}}]}]}
COMMAND: GET /session/8c6c9308aba27c05719f6849e8e7e04d/screenshot - {}
RESULT: {}
COMMAND: POST /session/8c6c9308aba27c05719f6849e8e7e04d/execute/sync - {"script":"<script> [79 bytes]","args":[{"element-6066-11e4-a52e-4f735466cecf":"f.70EA46D53BAEFF5909BCE503174AE3C6.d.A7A3A3F712257E6552ECC8B46476F6F2.e.2786","ELEMENT":"f.70EA46D53BAEFF5909BCE503174AE3C6.d.A7A3A3F712257E6552ECC8B46476F6F2.e.2786"},{"block":"start","inline":"nearest"}]}
RESULT: {"script":"<script> [79 bytes]","args":[{"element-6066-11e4-a52e-4f735466cecf":"f.70EA46D53BAEFF5909BCE503174AE3C6.d.A7A3A3F712257E6552ECC8B46476F6F2.e.2786","ELEMENT":"f.70EA46D53BAEFF5909BCE503174AE3C6.d.A7A3A3F712257E6552ECC8B46476F6F2.e.2786"},{"block":"start","inline":"nearest"}]}
COMMAND: POST /session/8c6c9308aba27c05719f6849e8e7e04d/execute/async - {"script":"<script> [1562 bytes]","args":[{"selector":{"id":"application-manageresources-display-component---newResourceUnit--btnAddTimeSegment","interaction":{"idSuffix":"inner"}},"wdio_ui5_key":"applicationmanageresources-display-component---newResourceUnit--btnAddTimeSegment"}]}
COMMAND: GET /session/8c6c9308aba27c05719f6849e8e7e04d/screenshot - {}
RESULT: {"script":"<script> [1562 bytes]","args":[{"selector":{"id":"application-manageresources-display-component---newResourceUnit--btnAddTimeSegment","interaction":{"idSuffix":"inner"}},"wdio_ui5_key":"applicationmanageresources-display-component---newResourceUnit--btnAddTimeSegment"}]}
RESULT: undefined
COMMAND: POST /session/8c6c9308aba27c05719f6849e8e7e04d/element - {"using":"xpath","value":"//*[@id=\"application-manageresources-display-component---newResourceUnit--btnAddTimeSegment\"]"}
RESULT: {}
RESULT: {"using":"xpath","value":"//*[@id=\"application-manageresources-display-component---newResourceUnit--btnAddTimeSegment\"]"}
COMMAND: POST /session/8c6c9308aba27c05719f6849e8e7e04d/element/f.70EA46D53BAEFF5909BCE503174AE3C6.d.A7A3A3F712257E6552ECC8B46476F6F2.e.2786/click - {}
RESULT: {}
COMMAND: GET /session/8c6c9308aba27c05719f6849e8e7e04d/screenshot - {}
RESULT: {}
COMMAND: POST /session/8c6c9308aba27c05719f6849e8e7e04d/element - {"using":"xpath","value":"//input[@id=\"application-manageresources-display-component---newResourceUnit--idRuTSAdmin-application-manageresources-display-component---newResourceUnit--RUTimeSegment-0-inner\"]"}
RESULT: {"using":"xpath","value":"//input[@id=\"application-manageresources-display-component---newResourceUnit--idRuTSAdmin-application-manageresources-display-component---newResourceUnit--RUTimeSegment-0-inner\"]"}
COMMAND: POST /session/8c6c9308aba27c05719f6849e8e7e04d/element/f.70EA46D53BAEFF5909BCE503174AE3C6.d.A7A3A3F712257E6552ECC8B46476F6F2.e.2792/clear - {}
RESULT: {}
COMMAND: POST /session/8c6c9308aba27c05719f6849e8e7e04d/element/f.70EA46D53BAEFF5909BCE503174AE3C6.d.A7A3A3F712257E6552ECC8B46476F6F2.e.2792/value - {"text":"109"}
COMMAND: GET /session/8c6c9308aba27c05719f6849e8e7e04d/screenshot - {}
RESULT: {"text":"109"}
COMMAND: GET /session/8c6c9308aba27c05719f6849e8e7e04d/screenshot - {}
RESULT: {}
RESULT: {}
COMMAND: POST /session/8c6c9308aba27c05719f6849e8e7e04d/element - {"using":"xpath","value":"//li[.//span[text()='109']]"}
RESULT: {"using":"xpath","value":"//li[.//span[text()='109']]"}
COMMAND: POST /session/8c6c9308aba27c05719f6849e8e7e04d/element/f.70EA46D53BAEFF5909BCE503174AE3C6.d.A7A3A3F712257E6552ECC8B46476F6F2.e.2804/click - {}
RESULT: {}
COMMAND: GET /session/8c6c9308aba27c05719f6849e8e7e04d/screenshot - {}
RESULT: {}
COMMAND: POST /session/8c6c9308aba27c05719f6849e8e7e04d/element - {"using":"xpath","value":"(//span[contains(@id, \"-application-manageresources-display-component---newResourceUnit--RUTimeSegment-0-arrow\")])[6]"}
RESULT: {"using":"xpath","value":"(//span[contains(@id, \"-application-manageresources-display-component---newResourceUnit--RUTimeSegment-0-arrow\")])[6]"}
COMMAND: POST /session/8c6c9308aba27c05719f6849e8e7e04d/element/f.70EA46D53BAEFF5909BCE503174AE3C6.d.A7A3A3F712257E6552ECC8B46476F6F2.e.2805/click - {}
RESULT: {}
COMMAND: GET /session/8c6c9308aba27c05719f6849e8e7e04d/screenshot - {}
RESULT: {}
COMMAND: POST /session/8c6c9308aba27c05719f6849e8e7e04d/element - {"using":"xpath","value":"//span[contains(text(), \"PM Order\")]"}
RESULT: {"using":"xpath","value":"//span[contains(text(), \"PM Order\")]"}
COMMAND: POST /session/8c6c9308aba27c05719f6849e8e7e04d/element/f.70EA46D53BAEFF5909BCE503174AE3C6.d.A7A3A3F712257E6552ECC8B46476F6F2.e.2808/click - {}
RESULT: {}
COMMAND: GET /session/8c6c9308aba27c05719f6849e8e7e04d/screenshot - {}
RESULT: {}
COMMAND: POST /session/8c6c9308aba27c05719f6849e8e7e04d/element - {"using":"xpath","value":"(//span[contains(@id ,\"manageresources-display-component---newResourceUnit--RUTimeSegment-0-vhi\")])[1]"}
RESULT: {"using":"xpath","value":"(//span[contains(@id ,\"manageresources-display-component---newResourceUnit--RUTimeSegment-0-vhi\")])[1]"}
COMMAND: GET /session/8c6c9308aba27c05719f6849e8e7e04d/element/f.70EA46D53BAEFF5909BCE503174AE3C6.d.A7A3A3F712257E6552ECC8B46476F6F2.e.2812/rect - {}
RESULT: {}
COMMAND: GET /session/8c6c9308aba27c05719f6849e8e7e04d/window/rect - {}
RESULT: {}
COMMAND: POST /session/8c6c9308aba27c05719f6849e8e7e04d/execute/sync - {"script":"<script> [92 bytes]","args":[]}
RESULT: {"script":"<script> [92 bytes]","args":[]}
COMMAND: POST /session/8c6c9308aba27c05719f6849e8e7e04d/actions - {"actions":[{"id":"action13","type":"wheel","parameters":{},"actions":[{"type":"scroll","x":-869,"y":-24,"deltaX":0,"deltaY":0,"duration":0,"origin":{"element-6066-11e4-a52e-4f735466cecf":"f.70EA46D53BAEFF5909BCE503174AE3C6.d.A7A3A3F712257E6552ECC8B46476F6F2.e.2812"}}]}]}
COMMAND: GET /session/8c6c9308aba27c05719f6849e8e7e04d/screenshot - {}
RESULT: {"actions":[{"id":"action13","type":"wheel","parameters":{},"actions":[{"type":"scroll","x":-869,"y":-24,"deltaX":0,"deltaY":0,"duration":0,"origin":{"element-6066-11e4-a52e-4f735466cecf":"f.70EA46D53BAEFF5909BCE503174AE3C6.d.A7A3A3F712257E6552ECC8B46476F6F2.e.2812"}}]}]}
COMMAND: DELETE /session/8c6c9308aba27c05719f6849e8e7e04d/actions - {}
COMMAND: GET /session/8c6c9308aba27c05719f6849e8e7e04d/screenshot - {}
RESULT: {}
RESULT: {}
COMMAND: GET /session/8c6c9308aba27c05719f6849e8e7e04d/screenshot - {}
RESULT: {}
RESULT: {}
COMMAND: POST /session/8c6c9308aba27c05719f6849e8e7e04d/element/f.70EA46D53BAEFF5909BCE503174AE3C6.d.A7A3A3F712257E6552ECC8B46476F6F2.e.2812/click - {}
RESULT: {}
COMMAND: GET /session/8c6c9308aba27c05719f6849e8e7e04d/screenshot - {}
RESULT: {}
COMMAND: POST /session/8c6c9308aba27c05719f6849e8e7e04d/execute/async - {"script":"<script> [1562 bytes]","args":[{"selector":{"controlType":"sap.m.SearchField","properties":{"placeholder":"Search"},"searchOpenDialogs":true,"interaction":{"idSuffix":"I"}},"wdio_ui5_key":"sapm.SearchField{\"placeholder\":\"Search\"}"}]}
RESULT: {"script":"<script> [1562 bytes]","args":[{"selector":{"controlType":"sap.m.SearchField","properties":{"placeholder":"Search"},"searchOpenDialogs":true,"interaction":{"idSuffix":"I"}},"wdio_ui5_key":"sapm.SearchField{\"placeholder\":\"Search\"}"}]}
RESULT: undefined
COMMAND: POST /session/8c6c9308aba27c05719f6849e8e7e04d/execute/async - {"script":"<script> [776 bytes]","args":[{"enterText":"4000360","selector":{"controlType":"sap.m.SearchField","properties":{"placeholder":"Search"},"searchOpenDialogs":true,"interaction":{"idSuffix":"I"}},"clearTextFirst":true,"interactionType":"ENTER_TEXT"}]}
RESULT: {"script":"<script> [776 bytes]","args":[{"enterText":"4000360","selector":{"controlType":"sap.m.SearchField","properties":{"placeholder":"Search"},"searchOpenDialogs":true,"interaction":{"idSuffix":"I"}},"clearTextFirst":true,"interactionType":"ENTER_TEXT"}]}
COMMAND: POST /session/8c6c9308aba27c05719f6849e8e7e04d/actions - {"actions":[{"id":"action14","type":"key","parameters":{},"actions":[{"type":"keyDown","value":"î€‡"},{"type":"pause","duration":10},{"type":"keyUp","value":"î€‡"}]}]}
RESULT: {"actions":[{"id":"action14","type":"key","parameters":{},"actions":[{"type":"keyDown","value":"î€‡"},{"type":"pause","duration":10},{"type":"keyUp","value":"î€‡"}]}]}
COMMAND: GET /session/8c6c9308aba27c05719f6849e8e7e04d/screenshot - {}
RESULT: {}
COMMAND: POST /session/8c6c9308aba27c05719f6849e8e7e04d/element - {"using":"xpath","value":"//td/div/span[contains(text(), \"BGL Vehicles\")]"}
RESULT: {"using":"xpath","value":"//td/div/span[contains(text(), \"BGL Vehicles\")]"}
COMMAND: POST /session/8c6c9308aba27c05719f6849e8e7e04d/element/f.70EA46D53BAEFF5909BCE503174AE3C6.d.A7A3A3F712257E6552ECC8B46476F6F2.e.2833/click - {}
RESULT: {}
COMMAND: GET /session/8c6c9308aba27c05719f6849e8e7e04d/screenshot - {}
RESULT: {}
COMMAND: POST /session/8c6c9308aba27c05719f6849e8e7e04d/element - {"using":"xpath","value":"//bdi[contains(text(), \"OK\")]"}
RESULT: {"using":"xpath","value":"//bdi[contains(text(), \"OK\")]"}
COMMAND: POST /session/8c6c9308aba27c05719f6849e8e7e04d/element/f.70EA46D53BAEFF5909BCE503174AE3C6.d.A7A3A3F712257E6552ECC8B46476F6F2.e.2834/click - {}
RESULT: {}
COMMAND: GET /session/8c6c9308aba27c05719f6849e8e7e04d/screenshot - {}
RESULT: {}
COMMAND: POST /session/8c6c9308aba27c05719f6849e8e7e04d/execute/async - {"script":"<script> [1562 bytes]","args":[{"selector":{"id":"application-manageresources-display-component---newResourceUnit--newRRUPage-anchBar-application-manageresources-display-component---newResourceUnit--resource-anchor","interaction":{"idSuffix":"BDI-content"}},"wdio_ui5_key":"applicationmanageresources-display-component---newResourceUnit--newRRUPage-anchBar-application-manageresources-display-component---newResourceUnit--resource-anchor"}]}
RESULT: {"script":"<script> [1562 bytes]","args":[{"selector":{"id":"application-manageresources-display-component---newResourceUnit--newRRUPage-anchBar-application-manageresources-display-component---newResourceUnit--resource-anchor","interaction":{"idSuffix":"BDI-content"}},"wdio_ui5_key":"applicationmanageresources-display-component---newResourceUnit--newRRUPage-anchBar-application-manageresources-display-component---newResourceUnit--resource-anchor"}]}
RESULT: undefined
COMMAND: POST /session/8c6c9308aba27c05719f6849e8e7e04d/element - {"using":"xpath","value":"//*[@id=\"application-manageresources-display-component---newResourceUnit--newRRUPage-anchBar-application-manageresources-display-component---newResourceUnit--resource-anchor\"]"}
RESULT: {"using":"xpath","value":"//*[@id=\"application-manageresources-display-component---newResourceUnit--newRRUPage-anchBar-application-manageresources-display-component---newResourceUnit--resource-anchor\"]"}
COMMAND: POST /session/8c6c9308aba27c05719f6849e8e7e04d/element/f.70EA46D53BAEFF5909BCE503174AE3C6.d.A7A3A3F712257E6552ECC8B46476F6F2.e.2838/click - {}
RESULT: {}
COMMAND: POST /session/8c6c9308aba27c05719f6849e8e7e04d/execute/async - {"script":"<script> [1562 bytes]","args":[{"selector":{"id":"application-manageresources-display-component---newResourceUnit--PLANNED_DELIVERY_DATE","interaction":{"idSuffix":"inner"}},"wdio_ui5_key":"applicationmanageresources-display-component---newResourceUnit--PLANNED_DELIVERY_DATE"}]}
COMMAND: GET /session/8c6c9308aba27c05719f6849e8e7e04d/screenshot - {}
RESULT: {"script":"<script> [1562 bytes]","args":[{"selector":{"id":"application-manageresources-display-component---newResourceUnit--PLANNED_DELIVERY_DATE","interaction":{"idSuffix":"inner"}},"wdio_ui5_key":"applicationmanageresources-display-component---newResourceUnit--PLANNED_DELIVERY_DATE"}]}
RESULT: undefined
COMMAND: POST /session/8c6c9308aba27c05719f6849e8e7e04d/execute/async - {"script":"<script> [6424 bytes]","args":[{"element-6066-11e4-a52e-4f735466cecf":"f.70EA46D53BAEFF5909BCE503174AE3C6.d.A7A3A3F712257E6552ECC8B46476F6F2.e.2698"},"setValue",["5/8/25"]]}
RESULT: {}
RESULT: {"script":"<script> [6424 bytes]","args":[{"element-6066-11e4-a52e-4f735466cecf":"f.70EA46D53BAEFF5909BCE503174AE3C6.d.A7A3A3F712257E6552ECC8B46476F6F2.e.2698"},"setValue",["5/8/25"]]}
COMMAND: POST /session/8c6c9308aba27c05719f6849e8e7e04d/element - {"using":"xpath","value":"//label[contains(@class, 'sapMLabelRequired') and .//bdi[contains(text(), 'Planned Retirement')]]"}
RESULT: {"using":"xpath","value":"//label[contains(@class, 'sapMLabelRequired') and .//bdi[contains(text(), 'Planned Retirement')]]"}
COMMAND: POST /session/8c6c9308aba27c05719f6849e8e7e04d/elements - {"using":"xpath","value":"//label[contains(@class, 'sapMLabelRequired') and .//bdi[contains(text(), 'Planned Retirement')]]"}
RESULT: {"using":"xpath","value":"//label[contains(@class, 'sapMLabelRequired') and .//bdi[contains(text(), 'Planned Retirement')]]"}
COMMAND: POST /session/8c6c9308aba27c05719f6849e8e7e04d/element - {"using":"xpath","value":"//button[@data-kt=\"resourceUnitSaveButton\"]"}
RESULT: {"using":"xpath","value":"//button[@data-kt=\"resourceUnitSaveButton\"]"}
COMMAND: POST /session/8c6c9308aba27c05719f6849e8e7e04d/element/f.70EA46D53BAEFF5909BCE503174AE3C6.d.A7A3A3F712257E6552ECC8B46476F6F2.e.2658/click - {}
RESULT: {}
COMMAND: GET /session/8c6c9308aba27c05719f6849e8e7e04d/screenshot - {}
RESULT: {}
COMMAND: POST /session/8c6c9308aba27c05719f6849e8e7e04d/element - {"using":"xpath","value":"//bdi[contains(text(), \"Close\")]"}
RESULT: {"using":"xpath","value":"//bdi[contains(text(), \"Close\")]"}
COMMAND: POST /session/8c6c9308aba27c05719f6849e8e7e04d/element/f.70EA46D53BAEFF5909BCE503174AE3C6.d.A7A3A3F712257E6552ECC8B46476F6F2.e.2846/click - {}
RESULT: {}
COMMAND: GET /session/8c6c9308aba27c05719f6849e8e7e04d/screenshot - {}
RESULT: {}
COMMAND: POST /session/8c6c9308aba27c05719f6849e8e7e04d/element - {"using":"xpath","value":"(//button[contains(@id ,\"actionsToolbar-overflowButton\")])[1]"}
RESULT: {"using":"xpath","value":"(//button[contains(@id ,\"actionsToolbar-overflowButton\")])[1]"}
COMMAND: POST /session/8c6c9308aba27c05719f6849e8e7e04d/element/f.70EA46D53BAEFF5909BCE503174AE3C6.d.A7A3A3F712257E6552ECC8B46476F6F2.e.2903/click - {}
RESULT: {}
COMMAND: GET /session/8c6c9308aba27c05719f6849e8e7e04d/screenshot - {}
RESULT: {}
COMMAND: POST /session/8c6c9308aba27c05719f6849e8e7e04d/element - {"using":"xpath","value":"//button[@data-kt=\"priceInfoButton\"]"}
RESULT: {"using":"xpath","value":"//button[@data-kt=\"priceInfoButton\"]"}
COMMAND: POST /session/8c6c9308aba27c05719f6849e8e7e04d/element/f.70EA46D53BAEFF5909BCE503174AE3C6.d.A7A3A3F712257E6552ECC8B46476F6F2.e.2905/click - {}
RESULT: {}
COMMAND: GET /session/8c6c9308aba27c05719f6849e8e7e04d/screenshot - {}
RESULT: {}
COMMAND: POST /session/8c6c9308aba27c05719f6849e8e7e04d/element - {"using":"css selector","value":"#shell-header-logo"}
RESULT: {"using":"css selector","value":"#shell-header-logo"}
COMMAND: POST /session/8c6c9308aba27c05719f6849e8e7e04d/element/f.70EA46D53BAEFF5909BCE503174AE3C6.d.A7A3A3F712257E6552ECC8B46476F6F2.e.2246/click - {}
RESULT: {}
COMMAND: GET /session/8c6c9308aba27c05719f6849e8e7e04d/screenshot - {}
RESULT: {}
]]></system-out>
    </testcase>
    <testcase classname="chrome.135_0_7049_115.windows.RU_Inventory_Mass_State_Change_Multiple_Items_US151066" name="Prerequisite Step 2 Should create a new material" time="116.941">
      <system-out><![CDATA[
RESULT: undefined
COMMAND: POST /session/8c6c9308aba27c05719f6849e8e7e04d/element - {"using":"xpath","value":"//*[@id=\"__tile39\"]"}
RESULT: {"using":"xpath","value":"//*[@id=\"__tile39\"]"}
COMMAND: POST /session/8c6c9308aba27c05719f6849e8e7e04d/element/f.70EA46D53BAEFF5909BCE503174AE3C6.d.A7A3A3F712257E6552ECC8B46476F6F2.e.161/click - {}
RESULT: {}
COMMAND: POST /session/8c6c9308aba27c05719f6849e8e7e04d/element - {"using":"xpath","value":"//button[@data-kt=\"addNewRUOverflowToolbarButton\"]"}
COMMAND: GET /session/8c6c9308aba27c05719f6849e8e7e04d/screenshot - {}
RESULT: {"using":"xpath","value":"//button[@data-kt=\"addNewRUOverflowToolbarButton\"]"}
COMMAND: POST /session/8c6c9308aba27c05719f6849e8e7e04d/elements - {"using":"xpath","value":"//button[@data-kt=\"addNewRUOverflowToolbarButton\"]"}
RESULT: {}
RESULT: {"using":"xpath","value":"//button[@data-kt=\"addNewRUOverflowToolbarButton\"]"}
COMMAND: POST /session/8c6c9308aba27c05719f6849e8e7e04d/element - {"using":"xpath","value":"//button[@data-kt=\"addNewRUOverflowToolbarButton\"]"}
RESULT: {"using":"xpath","value":"//button[@data-kt=\"addNewRUOverflowToolbarButton\"]"}
COMMAND: POST /session/8c6c9308aba27c05719f6849e8e7e04d/execute/sync - {"script":"<script> [8489 bytes]","args":[{"element-6066-11e4-a52e-4f735466cecf":"f.70EA46D53BAEFF5909BCE503174AE3C6.d.A7A3A3F712257E6552ECC8B46476F6F2.e.2977","ELEMENT":"f.70EA46D53BAEFF5909BCE503174AE3C6.d.A7A3A3F712257E6552ECC8B46476F6F2.e.2977"}]}
RESULT: {"script":"<script> [8489 bytes]","args":[{"element-6066-11e4-a52e-4f735466cecf":"f.70EA46D53BAEFF5909BCE503174AE3C6.d.A7A3A3F712257E6552ECC8B46476F6F2.e.2977","ELEMENT":"f.70EA46D53BAEFF5909BCE503174AE3C6.d.A7A3A3F712257E6552ECC8B46476F6F2.e.2977"}]}
COMMAND: GET /session/8c6c9308aba27c05719f6849e8e7e04d/element/f.70EA46D53BAEFF5909BCE503174AE3C6.d.A7A3A3F712257E6552ECC8B46476F6F2.e.2977/enabled - {}
COMMAND: GET /session/8c6c9308aba27c05719f6849e8e7e04d/screenshot - {}
RESULT: {}
COMMAND: POST /session/8c6c9308aba27c05719f6849e8e7e04d/execute/sync - {"script":"<script> [8489 bytes]","args":[{"element-6066-11e4-a52e-4f735466cecf":"f.70EA46D53BAEFF5909BCE503174AE3C6.d.A7A3A3F712257E6552ECC8B46476F6F2.e.2977","ELEMENT":"f.70EA46D53BAEFF5909BCE503174AE3C6.d.A7A3A3F712257E6552ECC8B46476F6F2.e.2977"}]}
COMMAND: GET /session/8c6c9308aba27c05719f6849e8e7e04d/screenshot - {}
RESULT: {}
RESULT: {"script":"<script> [8489 bytes]","args":[{"element-6066-11e4-a52e-4f735466cecf":"f.70EA46D53BAEFF5909BCE503174AE3C6.d.A7A3A3F712257E6552ECC8B46476F6F2.e.2977","ELEMENT":"f.70EA46D53BAEFF5909BCE503174AE3C6.d.A7A3A3F712257E6552ECC8B46476F6F2.e.2977"}]}
COMMAND: POST /session/8c6c9308aba27c05719f6849e8e7e04d/execute/sync - {"script":"<script> [5351 bytes]","args":[{"element-6066-11e4-a52e-4f735466cecf":"f.70EA46D53BAEFF5909BCE503174AE3C6.d.A7A3A3F712257E6552ECC8B46476F6F2.e.2977","ELEMENT":"f.70EA46D53BAEFF5909BCE503174AE3C6.d.A7A3A3F712257E6552ECC8B46476F6F2.e.2977"}]}
COMMAND: GET /session/8c6c9308aba27c05719f6849e8e7e04d/screenshot - {}
RESULT: {}
RESULT: {"script":"<script> [5351 bytes]","args":[{"element-6066-11e4-a52e-4f735466cecf":"f.70EA46D53BAEFF5909BCE503174AE3C6.d.A7A3A3F712257E6552ECC8B46476F6F2.e.2977","ELEMENT":"f.70EA46D53BAEFF5909BCE503174AE3C6.d.A7A3A3F712257E6552ECC8B46476F6F2.e.2977"}]}
COMMAND: POST /session/8c6c9308aba27c05719f6849e8e7e04d/element/f.70EA46D53BAEFF5909BCE503174AE3C6.d.A7A3A3F712257E6552ECC8B46476F6F2.e.2977/click - {}
COMMAND: GET /session/8c6c9308aba27c05719f6849e8e7e04d/screenshot - {}
RESULT: {}
RESULT: {}
COMMAND: GET /session/8c6c9308aba27c05719f6849e8e7e04d/screenshot - {}
RESULT: undefined
COMMAND: POST /session/8c6c9308aba27c05719f6849e8e7e04d/element - {"using":"xpath","value":"//*[@id=\"application-manageresources-display-component---newResourceUnit--TYPE-arrow\"]"}
RESULT: {}
RESULT: {}
RESULT: {"using":"xpath","value":"//*[@id=\"application-manageresources-display-component---newResourceUnit--TYPE-arrow\"]"}
COMMAND: POST /session/8c6c9308aba27c05719f6849e8e7e04d/element/f.70EA46D53BAEFF5909BCE503174AE3C6.d.A7A3A3F712257E6552ECC8B46476F6F2.e.3317/click - {}
RESULT: {}
COMMAND: POST /session/8c6c9308aba27c05719f6849e8e7e04d/element - {"using":"xpath","value":"//input[@id=\"application-manageresources-display-component---newResourceUnit--TYPE-inner\"]"}
COMMAND: GET /session/8c6c9308aba27c05719f6849e8e7e04d/screenshot - {}
RESULT: {"using":"xpath","value":"//input[@id=\"application-manageresources-display-component---newResourceUnit--TYPE-inner\"]"}
COMMAND: POST /session/8c6c9308aba27c05719f6849e8e7e04d/element/f.70EA46D53BAEFF5909BCE503174AE3C6.d.A7A3A3F712257E6552ECC8B46476F6F2.e.3304/clear - {}
RESULT: {}
RESULT: {}
COMMAND: POST /session/8c6c9308aba27c05719f6849e8e7e04d/element/f.70EA46D53BAEFF5909BCE503174AE3C6.d.A7A3A3F712257E6552ECC8B46476F6F2.e.3304/value - {"text":"Material"}
COMMAND: GET /session/8c6c9308aba27c05719f6849e8e7e04d/screenshot - {}
RESULT: {"text":"Material"}
COMMAND: GET /session/8c6c9308aba27c05719f6849e8e7e04d/screenshot - {}
RESULT: {}
RESULT: {}
COMMAND: POST /session/8c6c9308aba27c05719f6849e8e7e04d/actions - {"actions":[{"id":"action15","type":"key","parameters":{},"actions":[{"type":"keyDown","value":"î€‡"},{"type":"pause","duration":10},{"type":"keyUp","value":"î€‡"}]}]}
RESULT: {"actions":[{"id":"action15","type":"key","parameters":{},"actions":[{"type":"keyDown","value":"î€‡"},{"type":"pause","duration":10},{"type":"keyUp","value":"î€‡"}]}]}
RESULT: undefined
COMMAND: POST /session/8c6c9308aba27c05719f6849e8e7e04d/execute/async - {"script":"<script> [776 bytes]","args":[{"enterText":"Cement WDIO","selector":{"id":"application-manageresources-display-component---newResourceUnit--SHORT_TEXT","interaction":{"idSuffix":"inner"}},"clearTextFirst":true,"interactionType":"ENTER_TEXT"}]}
COMMAND: GET /session/8c6c9308aba27c05719f6849e8e7e04d/screenshot - {}
RESULT: {"script":"<script> [776 bytes]","args":[{"enterText":"Cement WDIO","selector":{"id":"application-manageresources-display-component---newResourceUnit--SHORT_TEXT","interaction":{"idSuffix":"inner"}},"clearTextFirst":true,"interactionType":"ENTER_TEXT"}]}
RESULT: undefined
COMMAND: POST /session/8c6c9308aba27c05719f6849e8e7e04d/execute/async - {"script":"<script> [776 bytes]","args":[{"enterText":"Piece","selector":{"id":"application-manageresources-display-component---newResourceUnit--BASE_UNIT_OF_MEASURE","interaction":{"idSuffix":"inner"}},"clearTextFirst":true,"interactionType":"ENTER_TEXT"}]}
RESULT: {}
RESULT: {"script":"<script> [776 bytes]","args":[{"enterText":"Piece","selector":{"id":"application-manageresources-display-component---newResourceUnit--BASE_UNIT_OF_MEASURE","interaction":{"idSuffix":"inner"}},"clearTextFirst":true,"interactionType":"ENTER_TEXT"}]}
RESULT: undefined
COMMAND: POST /session/8c6c9308aba27c05719f6849e8e7e04d/execute/async - {"script":"<script> [776 bytes]","args":[{"enterText":"Gram","selector":{"id":"application-manageresources-display-component---newResourceUnit--WEIGHT_UNIT","interaction":{"idSuffix":"inner"}},"clearTextFirst":true,"interactionType":"ENTER_TEXT"}]}
RESULT: {"script":"<script> [776 bytes]","args":[{"enterText":"Gram","selector":{"id":"application-manageresources-display-component---newResourceUnit--WEIGHT_UNIT","interaction":{"idSuffix":"inner"}},"clearTextFirst":true,"interactionType":"ENTER_TEXT"}]}
RESULT: undefined
COMMAND: POST /session/8c6c9308aba27c05719f6849e8e7e04d/execute/async - {"script":"<script> [776 bytes]","args":[{"enterText":"Meter","selector":{"id":"application-manageresources-display-component---newResourceUnit--DIMENSION_UNIT","interaction":{"idSuffix":"inner"}},"clearTextFirst":true,"interactionType":"ENTER_TEXT"}]}
RESULT: {"script":"<script> [776 bytes]","args":[{"enterText":"Meter","selector":{"id":"application-manageresources-display-component---newResourceUnit--DIMENSION_UNIT","interaction":{"idSuffix":"inner"}},"clearTextFirst":true,"interactionType":"ENTER_TEXT"}]}
RESULT: undefined
COMMAND: POST /session/8c6c9308aba27c05719f6849e8e7e04d/element - {"using":"xpath","value":"//*[@id=\"application-manageresources-display-component---newResourceUnit--newRRUPage-anchBar-application-manageresources-display-component---newResourceUnit--control-anchor\"]"}
RESULT: {"using":"xpath","value":"//*[@id=\"application-manageresources-display-component---newResourceUnit--newRRUPage-anchBar-application-manageresources-display-component---newResourceUnit--control-anchor\"]"}
COMMAND: POST /session/8c6c9308aba27c05719f6849e8e7e04d/element/f.70EA46D53BAEFF5909BCE503174AE3C6.d.A7A3A3F712257E6552ECC8B46476F6F2.e.3378/click - {}
RESULT: {}
RESULT: undefined
COMMAND: POST /session/8c6c9308aba27c05719f6849e8e7e04d/execute/async - {"script":"<script> [776 bytes]","args":[{"enterText":"Material","selector":{"id":"application-manageresources-display-component---newResourceUnit--PLANNING_GROUP","interaction":{"idSuffix":"inner"}},"clearTextFirst":true,"interactionType":"ENTER_TEXT"}]}
COMMAND: GET /session/8c6c9308aba27c05719f6849e8e7e04d/screenshot - {}
RESULT: {"script":"<script> [776 bytes]","args":[{"enterText":"Material","selector":{"id":"application-manageresources-display-component---newResourceUnit--PLANNING_GROUP","interaction":{"idSuffix":"inner"}},"clearTextFirst":true,"interactionType":"ENTER_TEXT"}]}
RESULT: {}
COMMAND: POST /session/8c6c9308aba27c05719f6849e8e7e04d/execute/async - {"script":"<script> [1562 bytes]","args":[{"selector":{"id":"application-manageresources-display-component---newResourceUnit--PLANNING_INDICATOR","interaction":{"idSuffix":"inner"}},"wdio_ui5_key":"applicationmanageresources-display-component---newResourceUnit--PLANNING_INDICATOR"}]}
RESULT: {"script":"<script> [1562 bytes]","args":[{"selector":{"id":"application-manageresources-display-component---newResourceUnit--PLANNING_INDICATOR","interaction":{"idSuffix":"inner"}},"wdio_ui5_key":"applicationmanageresources-display-component---newResourceUnit--PLANNING_INDICATOR"}]}
RESULT: undefined
COMMAND: POST /session/8c6c9308aba27c05719f6849e8e7e04d/execute/async - {"script":"<script> [776 bytes]","args":[{"enterText":"10 - infinite","selector":{"id":"application-manageresources-display-component---newResourceUnit--PLANNING_INDICATOR","interaction":{"idSuffix":"inner"}},"clearTextFirst":true,"interactionType":"ENTER_TEXT"}]}
RESULT: {"script":"<script> [776 bytes]","args":[{"enterText":"10 - infinite","selector":{"id":"application-manageresources-display-component---newResourceUnit--PLANNING_INDICATOR","interaction":{"idSuffix":"inner"}},"clearTextFirst":true,"interactionType":"ENTER_TEXT"}]}
COMMAND: POST /session/8c6c9308aba27c05719f6849e8e7e04d/element - {"using":"css selector","value":"#application-manageresources-display-component---newResourceUnit--btnAddTimeSegment"}
RESULT: {"using":"css selector","value":"#application-manageresources-display-component---newResourceUnit--btnAddTimeSegment"}
COMMAND: GET /session/8c6c9308aba27c05719f6849e8e7e04d/element/f.70EA46D53BAEFF5909BCE503174AE3C6.d.A7A3A3F712257E6552ECC8B46476F6F2.e.3387/rect - {}
RESULT: {}
COMMAND: GET /session/8c6c9308aba27c05719f6849e8e7e04d/window/rect - {}
RESULT: {}
COMMAND: POST /session/8c6c9308aba27c05719f6849e8e7e04d/execute/sync - {"script":"<script> [92 bytes]","args":[]}
RESULT: {"script":"<script> [92 bytes]","args":[]}
COMMAND: POST /session/8c6c9308aba27c05719f6849e8e7e04d/actions - {"actions":[{"id":"action16","type":"wheel","parameters":{},"actions":[{"type":"scroll","x":-1888,"y":-32,"deltaX":0,"deltaY":0,"duration":0,"origin":{"element-6066-11e4-a52e-4f735466cecf":"f.70EA46D53BAEFF5909BCE503174AE3C6.d.A7A3A3F712257E6552ECC8B46476F6F2.e.3387"}}]}]}
COMMAND: GET /session/8c6c9308aba27c05719f6849e8e7e04d/screenshot - {}
RESULT: {}
COMMAND: POST /session/8c6c9308aba27c05719f6849e8e7e04d/execute/sync - {"script":"<script> [79 bytes]","args":[{"element-6066-11e4-a52e-4f735466cecf":"f.70EA46D53BAEFF5909BCE503174AE3C6.d.A7A3A3F712257E6552ECC8B46476F6F2.e.3387","ELEMENT":"f.70EA46D53BAEFF5909BCE503174AE3C6.d.A7A3A3F712257E6552ECC8B46476F6F2.e.3387"},{"block":"start","inline":"nearest"}]}
RESULT: {"script":"<script> [79 bytes]","args":[{"element-6066-11e4-a52e-4f735466cecf":"f.70EA46D53BAEFF5909BCE503174AE3C6.d.A7A3A3F712257E6552ECC8B46476F6F2.e.3387","ELEMENT":"f.70EA46D53BAEFF5909BCE503174AE3C6.d.A7A3A3F712257E6552ECC8B46476F6F2.e.3387"},{"block":"start","inline":"nearest"}]}
RESULT: undefined
COMMAND: POST /session/8c6c9308aba27c05719f6849e8e7e04d/element - {"using":"xpath","value":"//*[@id=\"application-manageresources-display-component---newResourceUnit--btnAddTimeSegment\"]"}
COMMAND: GET /session/8c6c9308aba27c05719f6849e8e7e04d/screenshot - {}
RESULT: {"using":"xpath","value":"//*[@id=\"application-manageresources-display-component---newResourceUnit--btnAddTimeSegment\"]"}
COMMAND: POST /session/8c6c9308aba27c05719f6849e8e7e04d/element/f.70EA46D53BAEFF5909BCE503174AE3C6.d.A7A3A3F712257E6552ECC8B46476F6F2.e.3387/click - {}
RESULT: {}
RESULT: {}
COMMAND: GET /session/8c6c9308aba27c05719f6849e8e7e04d/screenshot - {}
RESULT: {}
COMMAND: POST /session/8c6c9308aba27c05719f6849e8e7e04d/element - {"using":"xpath","value":"//input[@id=\"application-manageresources-display-component---newResourceUnit--idRuTSAdmin-application-manageresources-display-component---newResourceUnit--RUTimeSegment-0-inner\"]"}
RESULT: {"using":"xpath","value":"//input[@id=\"application-manageresources-display-component---newResourceUnit--idRuTSAdmin-application-manageresources-display-component---newResourceUnit--RUTimeSegment-0-inner\"]"}
COMMAND: POST /session/8c6c9308aba27c05719f6849e8e7e04d/element/f.70EA46D53BAEFF5909BCE503174AE3C6.d.A7A3A3F712257E6552ECC8B46476F6F2.e.3389/clear - {}
RESULT: {}
COMMAND: POST /session/8c6c9308aba27c05719f6849e8e7e04d/element/f.70EA46D53BAEFF5909BCE503174AE3C6.d.A7A3A3F712257E6552ECC8B46476F6F2.e.3389/value - {"text":"109"}
COMMAND: GET /session/8c6c9308aba27c05719f6849e8e7e04d/screenshot - {}
RESULT: {"text":"109"}
COMMAND: GET /session/8c6c9308aba27c05719f6849e8e7e04d/screenshot - {}
RESULT: {}
RESULT: {}
COMMAND: POST /session/8c6c9308aba27c05719f6849e8e7e04d/element - {"using":"xpath","value":"//li[.//span[text()='109']]"}
RESULT: {"using":"xpath","value":"//li[.//span[text()='109']]"}
COMMAND: POST /session/8c6c9308aba27c05719f6849e8e7e04d/element/f.70EA46D53BAEFF5909BCE503174AE3C6.d.A7A3A3F712257E6552ECC8B46476F6F2.e.3400/click - {}
RESULT: {}
COMMAND: GET /session/8c6c9308aba27c05719f6849e8e7e04d/screenshot - {}
RESULT: {}
COMMAND: POST /session/8c6c9308aba27c05719f6849e8e7e04d/element - {"using":"xpath","value":"(//span[contains(@id, \"-application-manageresources-display-component---newResourceUnit--RUTimeSegment-0-arrow\")])[2]"}
RESULT: {"using":"xpath","value":"(//span[contains(@id, \"-application-manageresources-display-component---newResourceUnit--RUTimeSegment-0-arrow\")])[2]"}
COMMAND: POST /session/8c6c9308aba27c05719f6849e8e7e04d/element/f.70EA46D53BAEFF5909BCE503174AE3C6.d.A7A3A3F712257E6552ECC8B46476F6F2.e.3401/click - {}
RESULT: {}
COMMAND: POST /session/8c6c9308aba27c05719f6849e8e7e04d/element - {"using":"xpath","value":"//span[contains(text(), \"PM Order\")]"}
RESULT: {"using":"xpath","value":"//span[contains(text(), \"PM Order\")]"}
COMMAND: POST /session/8c6c9308aba27c05719f6849e8e7e04d/element/f.70EA46D53BAEFF5909BCE503174AE3C6.d.A7A3A3F712257E6552ECC8B46476F6F2.e.3402/click - {}
COMMAND: GET /session/8c6c9308aba27c05719f6849e8e7e04d/screenshot - {}
RESULT: {}
COMMAND: GET /session/8c6c9308aba27c05719f6849e8e7e04d/screenshot - {}
RESULT: {}
RESULT: {}
COMMAND: POST /session/8c6c9308aba27c05719f6849e8e7e04d/element - {"using":"xpath","value":"//td/div/div/div/span[contains(@id, \"newResourceUnit--RUTimeSegment-0-vhi\")][1]"}
RESULT: {"using":"xpath","value":"//td/div/div/div/span[contains(@id, \"newResourceUnit--RUTimeSegment-0-vhi\")][1]"}
COMMAND: GET /session/8c6c9308aba27c05719f6849e8e7e04d/element/f.70EA46D53BAEFF5909BCE503174AE3C6.d.A7A3A3F712257E6552ECC8B46476F6F2.e.3406/rect - {}
RESULT: {}
COMMAND: GET /session/8c6c9308aba27c05719f6849e8e7e04d/window/rect - {}
RESULT: {}
COMMAND: POST /session/8c6c9308aba27c05719f6849e8e7e04d/execute/sync - {"script":"<script> [92 bytes]","args":[]}
RESULT: {"script":"<script> [92 bytes]","args":[]}
COMMAND: POST /session/8c6c9308aba27c05719f6849e8e7e04d/actions - {"actions":[{"id":"action17","type":"wheel","parameters":{},"actions":[{"type":"scroll","x":-1888,"y":-24,"deltaX":0,"deltaY":0,"duration":0,"origin":{"element-6066-11e4-a52e-4f735466cecf":"f.70EA46D53BAEFF5909BCE503174AE3C6.d.A7A3A3F712257E6552ECC8B46476F6F2.e.3406"}}]}]}
COMMAND: GET /session/8c6c9308aba27c05719f6849e8e7e04d/screenshot - {}
RESULT: {}
COMMAND: POST /session/8c6c9308aba27c05719f6849e8e7e04d/execute/sync - {"script":"<script> [79 bytes]","args":[{"element-6066-11e4-a52e-4f735466cecf":"f.70EA46D53BAEFF5909BCE503174AE3C6.d.A7A3A3F712257E6552ECC8B46476F6F2.e.3406","ELEMENT":"f.70EA46D53BAEFF5909BCE503174AE3C6.d.A7A3A3F712257E6552ECC8B46476F6F2.e.3406"},{"block":"start","inline":"nearest"}]}
RESULT: {"script":"<script> [79 bytes]","args":[{"element-6066-11e4-a52e-4f735466cecf":"f.70EA46D53BAEFF5909BCE503174AE3C6.d.A7A3A3F712257E6552ECC8B46476F6F2.e.3406","ELEMENT":"f.70EA46D53BAEFF5909BCE503174AE3C6.d.A7A3A3F712257E6552ECC8B46476F6F2.e.3406"},{"block":"start","inline":"nearest"}]}
COMMAND: GET /session/8c6c9308aba27c05719f6849e8e7e04d/screenshot - {}
RESULT: {}
COMMAND: POST /session/8c6c9308aba27c05719f6849e8e7e04d/element/f.70EA46D53BAEFF5909BCE503174AE3C6.d.A7A3A3F712257E6552ECC8B46476F6F2.e.3406/click - {}
RESULT: {}
COMMAND: GET /session/8c6c9308aba27c05719f6849e8e7e04d/screenshot - {}
RESULT: {}
RESULT: undefined
COMMAND: POST /session/8c6c9308aba27c05719f6849e8e7e04d/execute/async - {"script":"<script> [776 bytes]","args":[{"enterText":"4000360","selector":{"controlType":"sap.m.SearchField","properties":{"placeholder":"Search"},"searchOpenDialogs":true,"interaction":{"idSuffix":"I"}},"clearTextFirst":true,"interactionType":"ENTER_TEXT"}]}
RESULT: {"script":"<script> [776 bytes]","args":[{"enterText":"4000360","selector":{"controlType":"sap.m.SearchField","properties":{"placeholder":"Search"},"searchOpenDialogs":true,"interaction":{"idSuffix":"I"}},"clearTextFirst":true,"interactionType":"ENTER_TEXT"}]}
COMMAND: POST /session/8c6c9308aba27c05719f6849e8e7e04d/actions - {"actions":[{"id":"action18","type":"key","parameters":{},"actions":[{"type":"keyDown","value":"î€‡"},{"type":"pause","duration":10},{"type":"keyUp","value":"î€‡"}]}]}
RESULT: {"actions":[{"id":"action18","type":"key","parameters":{},"actions":[{"type":"keyDown","value":"î€‡"},{"type":"pause","duration":10},{"type":"keyUp","value":"î€‡"}]}]}
COMMAND: GET /session/8c6c9308aba27c05719f6849e8e7e04d/screenshot - {}
RESULT: {}
COMMAND: POST /session/8c6c9308aba27c05719f6849e8e7e04d/element - {"using":"xpath","value":"//td/div/span[contains(text(), \"BGL Vehicles\")]"}
RESULT: {"using":"xpath","value":"//td/div/span[contains(text(), \"BGL Vehicles\")]"}
COMMAND: POST /session/8c6c9308aba27c05719f6849e8e7e04d/element/f.70EA46D53BAEFF5909BCE503174AE3C6.d.A7A3A3F712257E6552ECC8B46476F6F2.e.3425/click - {}
RESULT: {}
COMMAND: GET /session/8c6c9308aba27c05719f6849e8e7e04d/screenshot - {}
RESULT: {}
COMMAND: POST /session/8c6c9308aba27c05719f6849e8e7e04d/element - {"using":"xpath","value":"//bdi[contains(text(), \"OK\")]"}
RESULT: {"using":"xpath","value":"//bdi[contains(text(), \"OK\")]"}
COMMAND: POST /session/8c6c9308aba27c05719f6849e8e7e04d/element/f.70EA46D53BAEFF5909BCE503174AE3C6.d.A7A3A3F712257E6552ECC8B46476F6F2.e.3426/click - {}
RESULT: {}
COMMAND: GET /session/8c6c9308aba27c05719f6849e8e7e04d/screenshot - {}
RESULT: {}
COMMAND: POST /session/8c6c9308aba27c05719f6849e8e7e04d/element - {"using":"xpath","value":"//label[contains(@class, 'sapMLabelRequired') and .//bdi[contains(text(), 'Planned Retirement')]]"}
RESULT: {"using":"xpath","value":"//label[contains(@class, 'sapMLabelRequired') and .//bdi[contains(text(), 'Planned Retirement')]]"}
COMMAND: POST /session/8c6c9308aba27c05719f6849e8e7e04d/elements - {"using":"xpath","value":"//label[contains(@class, 'sapMLabelRequired') and .//bdi[contains(text(), 'Planned Retirement')]]"}
RESULT: {"using":"xpath","value":"//label[contains(@class, 'sapMLabelRequired') and .//bdi[contains(text(), 'Planned Retirement')]]"}
COMMAND: POST /session/8c6c9308aba27c05719f6849e8e7e04d/element - {"using":"xpath","value":"//button[@data-kt=\"resourceUnitSaveButton\"]"}
RESULT: {"using":"xpath","value":"//button[@data-kt=\"resourceUnitSaveButton\"]"}
COMMAND: POST /session/8c6c9308aba27c05719f6849e8e7e04d/element/f.70EA46D53BAEFF5909BCE503174AE3C6.d.A7A3A3F712257E6552ECC8B46476F6F2.e.3334/click - {}
RESULT: {}
COMMAND: GET /session/8c6c9308aba27c05719f6849e8e7e04d/screenshot - {}
RESULT: {}
COMMAND: POST /session/8c6c9308aba27c05719f6849e8e7e04d/element - {"using":"xpath","value":"//bdi[contains(text(), \"Close\")]"}
RESULT: {"using":"xpath","value":"//bdi[contains(text(), \"Close\")]"}
COMMAND: POST /session/8c6c9308aba27c05719f6849e8e7e04d/element/f.70EA46D53BAEFF5909BCE503174AE3C6.d.A7A3A3F712257E6552ECC8B46476F6F2.e.3433/click - {}
RESULT: {}
COMMAND: GET /session/8c6c9308aba27c05719f6849e8e7e04d/screenshot - {}
RESULT: {}
COMMAND: POST /session/8c6c9308aba27c05719f6849e8e7e04d/element - {"using":"xpath","value":"//header[contains(@id, 'detailRruPage-headerTitle')]/div[1]/div[2]/div[2]/span[1]"}
RESULT: {"using":"xpath","value":"//header[contains(@id, 'detailRruPage-headerTitle')]/div[1]/div[2]/div[2]/span[1]"}
COMMAND: POST /session/8c6c9308aba27c05719f6849e8e7e04d/elements - {"using":"xpath","value":"//header[contains(@id, 'detailRruPage-headerTitle')]/div[1]/div[2]/div[2]/span[1]"}
RESULT: {"using":"xpath","value":"//header[contains(@id, 'detailRruPage-headerTitle')]/div[1]/div[2]/div[2]/span[1]"}
COMMAND: POST /session/8c6c9308aba27c05719f6849e8e7e04d/execute/sync - {"script":"<script> [56 bytes]","args":[{"element-6066-11e4-a52e-4f735466cecf":"f.70EA46D53BAEFF5909BCE503174AE3C6.d.A7A3A3F712257E6552ECC8B46476F6F2.e.3461","ELEMENT":"f.70EA46D53BAEFF5909BCE503174AE3C6.d.A7A3A3F712257E6552ECC8B46476F6F2.e.3461"}]}
RESULT: {"script":"<script> [56 bytes]","args":[{"element-6066-11e4-a52e-4f735466cecf":"f.70EA46D53BAEFF5909BCE503174AE3C6.d.A7A3A3F712257E6552ECC8B46476F6F2.e.3461","ELEMENT":"f.70EA46D53BAEFF5909BCE503174AE3C6.d.A7A3A3F712257E6552ECC8B46476F6F2.e.3461"}]}
COMMAND: POST /session/8c6c9308aba27c05719f6849e8e7e04d/element - {"using":"css selector","value":"#shell-header-logo"}
COMMAND: GET /session/8c6c9308aba27c05719f6849e8e7e04d/screenshot - {}
RESULT: {"using":"css selector","value":"#shell-header-logo"}
COMMAND: POST /session/8c6c9308aba27c05719f6849e8e7e04d/element/f.70EA46D53BAEFF5909BCE503174AE3C6.d.A7A3A3F712257E6552ECC8B46476F6F2.e.2921/click - {}
RESULT: {}
RESULT: {}
COMMAND: GET /session/8c6c9308aba27c05719f6849e8e7e04d/screenshot - {}
RESULT: {}
]]></system-out>
    </testcase>
    <testcase classname="chrome.135_0_7049_115.windows.RU_Inventory_Mass_State_Change_Multiple_Items_US151066" name="Prerequisite Step 2 Should do a stock increase handover for the equipment" time="85.969">
      <system-out><![CDATA[
COMMAND: POST /session/8c6c9308aba27c05719f6849e8e7e04d/execute/async - {"script":"<script> [1562 bytes]","args":[{"selector":{"controlType":"sap.m.Text","viewName":"etm.portal.ui.managehandoverstile.view.Master","properties":{"text":"Manage Handovers"},"interaction":{"idSuffix":"inner"}},"wdio_ui5_key":"etmportal.ui.managehandoverstile.view.Mastersap.m.Text{\"text\":\"Manage Handovers\"}"}]}
RESULT: {"script":"<script> [1562 bytes]","args":[{"selector":{"controlType":"sap.m.Text","viewName":"etm.portal.ui.managehandoverstile.view.Master","properties":{"text":"Manage Handovers"},"interaction":{"idSuffix":"inner"}},"wdio_ui5_key":"etmportal.ui.managehandoverstile.view.Mastersap.m.Text{\"text\":\"Manage Handovers\"}"}]}
RESULT: undefined
COMMAND: POST /session/8c6c9308aba27c05719f6849e8e7e04d/element - {"using":"xpath","value":"//*[@id=\"__tile131-title\"]"}
RESULT: {"using":"xpath","value":"//*[@id=\"__tile131-title\"]"}
COMMAND: POST /session/8c6c9308aba27c05719f6849e8e7e04d/element/f.70EA46D53BAEFF5909BCE503174AE3C6.d.A7A3A3F712257E6552ECC8B46476F6F2.e.3464/click - {}
RESULT: {}
COMMAND: POST /session/8c6c9308aba27c05719f6849e8e7e04d/element - {"using":"xpath","value":"//button[@data-kt=\"masterHOAddButton\"]"}
COMMAND: GET /session/8c6c9308aba27c05719f6849e8e7e04d/screenshot - {}
RESULT: {"using":"xpath","value":"//button[@data-kt=\"masterHOAddButton\"]"}
COMMAND: POST /session/8c6c9308aba27c05719f6849e8e7e04d/elements - {"using":"xpath","value":"//button[@data-kt=\"masterHOAddButton\"]"}
RESULT: {}
RESULT: {"using":"xpath","value":"//button[@data-kt=\"masterHOAddButton\"]"}
COMMAND: POST /session/8c6c9308aba27c05719f6849e8e7e04d/elements - {"using":"xpath","value":"//button[@data-kt=\"masterHOAddButton\"]"}
RESULT: {"using":"xpath","value":"//button[@data-kt=\"masterHOAddButton\"]"}
COMMAND: POST /session/8c6c9308aba27c05719f6849e8e7e04d/elements - {"using":"xpath","value":"//button[@data-kt=\"masterHOAddButton\"]"}
RESULT: {"using":"xpath","value":"//button[@data-kt=\"masterHOAddButton\"]"}
COMMAND: POST /session/8c6c9308aba27c05719f6849e8e7e04d/element - {"using":"xpath","value":"//button[@data-kt=\"masterHOAddButton\"]"}
RESULT: {"using":"xpath","value":"//button[@data-kt=\"masterHOAddButton\"]"}
COMMAND: POST /session/8c6c9308aba27c05719f6849e8e7e04d/execute/sync - {"script":"<script> [8489 bytes]","args":[{"element-6066-11e4-a52e-4f735466cecf":"f.70EA46D53BAEFF5909BCE503174AE3C6.d.A7A3A3F712257E6552ECC8B46476F6F2.e.3503","ELEMENT":"f.70EA46D53BAEFF5909BCE503174AE3C6.d.A7A3A3F712257E6552ECC8B46476F6F2.e.3503"}]}
RESULT: {"script":"<script> [8489 bytes]","args":[{"element-6066-11e4-a52e-4f735466cecf":"f.70EA46D53BAEFF5909BCE503174AE3C6.d.A7A3A3F712257E6552ECC8B46476F6F2.e.3503","ELEMENT":"f.70EA46D53BAEFF5909BCE503174AE3C6.d.A7A3A3F712257E6552ECC8B46476F6F2.e.3503"}]}
COMMAND: GET /session/8c6c9308aba27c05719f6849e8e7e04d/element/f.70EA46D53BAEFF5909BCE503174AE3C6.d.A7A3A3F712257E6552ECC8B46476F6F2.e.3503/enabled - {}
COMMAND: GET /session/8c6c9308aba27c05719f6849e8e7e04d/screenshot - {}
RESULT: {}
COMMAND: POST /session/8c6c9308aba27c05719f6849e8e7e04d/execute/sync - {"script":"<script> [8489 bytes]","args":[{"element-6066-11e4-a52e-4f735466cecf":"f.70EA46D53BAEFF5909BCE503174AE3C6.d.A7A3A3F712257E6552ECC8B46476F6F2.e.3503","ELEMENT":"f.70EA46D53BAEFF5909BCE503174AE3C6.d.A7A3A3F712257E6552ECC8B46476F6F2.e.3503"}]}
COMMAND: GET /session/8c6c9308aba27c05719f6849e8e7e04d/screenshot - {}
RESULT: {}
RESULT: {"script":"<script> [8489 bytes]","args":[{"element-6066-11e4-a52e-4f735466cecf":"f.70EA46D53BAEFF5909BCE503174AE3C6.d.A7A3A3F712257E6552ECC8B46476F6F2.e.3503","ELEMENT":"f.70EA46D53BAEFF5909BCE503174AE3C6.d.A7A3A3F712257E6552ECC8B46476F6F2.e.3503"}]}
COMMAND: POST /session/8c6c9308aba27c05719f6849e8e7e04d/execute/sync - {"script":"<script> [5351 bytes]","args":[{"element-6066-11e4-a52e-4f735466cecf":"f.70EA46D53BAEFF5909BCE503174AE3C6.d.A7A3A3F712257E6552ECC8B46476F6F2.e.3503","ELEMENT":"f.70EA46D53BAEFF5909BCE503174AE3C6.d.A7A3A3F712257E6552ECC8B46476F6F2.e.3503"}]}
COMMAND: GET /session/8c6c9308aba27c05719f6849e8e7e04d/screenshot - {}
RESULT: {}
RESULT: {"script":"<script> [5351 bytes]","args":[{"element-6066-11e4-a52e-4f735466cecf":"f.70EA46D53BAEFF5909BCE503174AE3C6.d.A7A3A3F712257E6552ECC8B46476F6F2.e.3503","ELEMENT":"f.70EA46D53BAEFF5909BCE503174AE3C6.d.A7A3A3F712257E6552ECC8B46476F6F2.e.3503"}]}
COMMAND: POST /session/8c6c9308aba27c05719f6849e8e7e04d/element/f.70EA46D53BAEFF5909BCE503174AE3C6.d.A7A3A3F712257E6552ECC8B46476F6F2.e.3503/click - {}
COMMAND: GET /session/8c6c9308aba27c05719f6849e8e7e04d/screenshot - {}
RESULT: {}
RESULT: {}
COMMAND: GET /session/8c6c9308aba27c05719f6849e8e7e04d/screenshot - {}
RESULT: {}
COMMAND: POST /session/8c6c9308aba27c05719f6849e8e7e04d/element - {"using":"xpath","value":"//span[contains(@id ,\"AddNewHO--typeSelect-arrow\")]"}
RESULT: {}
RESULT: {"using":"xpath","value":"//span[contains(@id ,\"AddNewHO--typeSelect-arrow\")]"}
COMMAND: POST /session/8c6c9308aba27c05719f6849e8e7e04d/element/f.70EA46D53BAEFF5909BCE503174AE3C6.d.A7A3A3F712257E6552ECC8B46476F6F2.e.3856/click - {}
RESULT: {}
COMMAND: GET /session/8c6c9308aba27c05719f6849e8e7e04d/screenshot - {}
RESULT: {}
COMMAND: POST /session/8c6c9308aba27c05719f6849e8e7e04d/element - {"using":"xpath","value":"(//li[contains(text(), \"stock increase yard\")])[1]"}
RESULT: {"using":"xpath","value":"(//li[contains(text(), \"stock increase yard\")])[1]"}
COMMAND: POST /session/8c6c9308aba27c05719f6849e8e7e04d/element/f.70EA46D53BAEFF5909BCE503174AE3C6.d.A7A3A3F712257E6552ECC8B46476F6F2.e.3857/click - {}
RESULT: {}
COMMAND: GET /session/8c6c9308aba27c05719f6849e8e7e04d/screenshot - {}
RESULT: {}
COMMAND: POST /session/8c6c9308aba27c05719f6849e8e7e04d/execute/async - {"script":"<script> [1562 bytes]","args":[{"selector":{"id":"application-managehandovers-display-component---AddNewHO--dueDate","interaction":{"idSuffix":"inner"}},"wdio_ui5_key":"applicationmanagehandovers-display-component---AddNewHO--dueDate"}]}
RESULT: {"script":"<script> [1562 bytes]","args":[{"selector":{"id":"application-managehandovers-display-component---AddNewHO--dueDate","interaction":{"idSuffix":"inner"}},"wdio_ui5_key":"applicationmanagehandovers-display-component---AddNewHO--dueDate"}]}
RESULT: undefined
COMMAND: POST /session/8c6c9308aba27c05719f6849e8e7e04d/execute/async - {"script":"<script> [6424 bytes]","args":[{"element-6066-11e4-a52e-4f735466cecf":"f.70EA46D53BAEFF5909BCE503174AE3C6.d.A7A3A3F712257E6552ECC8B46476F6F2.e.3859"},"setValue",["05/08/2025"]]}
RESULT: {"script":"<script> [6424 bytes]","args":[{"element-6066-11e4-a52e-4f735466cecf":"f.70EA46D53BAEFF5909BCE503174AE3C6.d.A7A3A3F712257E6552ECC8B46476F6F2.e.3859"},"setValue",["05/08/2025"]]}
COMMAND: POST /session/8c6c9308aba27c05719f6849e8e7e04d/element - {"using":"xpath","value":"//input[@id=\"generalSectionFrg--receiveYard-inner\"]"}
RESULT: {"using":"xpath","value":"//input[@id=\"generalSectionFrg--receiveYard-inner\"]"}
COMMAND: POST /session/8c6c9308aba27c05719f6849e8e7e04d/element/f.70EA46D53BAEFF5909BCE503174AE3C6.d.A7A3A3F712257E6552ECC8B46476F6F2.e.3865/clear - {}
RESULT: {}
COMMAND: POST /session/8c6c9308aba27c05719f6849e8e7e04d/element/f.70EA46D53BAEFF5909BCE503174AE3C6.d.A7A3A3F712257E6552ECC8B46476F6F2.e.3865/value - {"text":"109"}
COMMAND: GET /session/8c6c9308aba27c05719f6849e8e7e04d/screenshot - {}
RESULT: {"text":"109"}
COMMAND: GET /session/8c6c9308aba27c05719f6849e8e7e04d/screenshot - {}
RESULT: {}
RESULT: {}
COMMAND: POST /session/8c6c9308aba27c05719f6849e8e7e04d/element - {"using":"xpath","value":"//li[.//span[text()='109']]"}
RESULT: {"using":"xpath","value":"//li[.//span[text()='109']]"}
COMMAND: POST /session/8c6c9308aba27c05719f6849e8e7e04d/element/f.70EA46D53BAEFF5909BCE503174AE3C6.d.A7A3A3F712257E6552ECC8B46476F6F2.e.3883/click - {}
RESULT: {}
COMMAND: GET /session/8c6c9308aba27c05719f6849e8e7e04d/screenshot - {}
RESULT: {}
COMMAND: POST /session/8c6c9308aba27c05719f6849e8e7e04d/execute/async - {"script":"<script> [1562 bytes]","args":[{"selector":{"id":"application-managehandovers-display-component---AddNewHO--ObjectPageLayout-anchBar-application-managehandovers-display-component---AddNewHO--section4-anchor","interaction":{"idSuffix":"BDI-content"}},"wdio_ui5_key":"applicationmanagehandovers-display-component---AddNewHO--ObjectPageLayout-anchBar-application-managehandovers-display-component---AddNewHO--section4-anchor"}]}
RESULT: {"script":"<script> [1562 bytes]","args":[{"selector":{"id":"application-managehandovers-display-component---AddNewHO--ObjectPageLayout-anchBar-application-managehandovers-display-component---AddNewHO--section4-anchor","interaction":{"idSuffix":"BDI-content"}},"wdio_ui5_key":"applicationmanagehandovers-display-component---AddNewHO--ObjectPageLayout-anchBar-application-managehandovers-display-component---AddNewHO--section4-anchor"}]}
RESULT: undefined
COMMAND: POST /session/8c6c9308aba27c05719f6849e8e7e04d/element - {"using":"xpath","value":"//*[@id=\"application-managehandovers-display-component---AddNewHO--ObjectPageLayout-anchBar-application-managehandovers-display-component---AddNewHO--section4-anchor\"]"}
RESULT: {"using":"xpath","value":"//*[@id=\"application-managehandovers-display-component---AddNewHO--ObjectPageLayout-anchBar-application-managehandovers-display-component---AddNewHO--section4-anchor\"]"}
COMMAND: POST /session/8c6c9308aba27c05719f6849e8e7e04d/element/f.70EA46D53BAEFF5909BCE503174AE3C6.d.A7A3A3F712257E6552ECC8B46476F6F2.e.3885/click - {}
RESULT: {}
COMMAND: POST /session/8c6c9308aba27c05719f6849e8e7e04d/element - {"using":"xpath","value":"//button[@aria-label=\"Add\"]"}
COMMAND: GET /session/8c6c9308aba27c05719f6849e8e7e04d/screenshot - {}
RESULT: {"using":"xpath","value":"//button[@aria-label=\"Add\"]"}
COMMAND: POST /session/8c6c9308aba27c05719f6849e8e7e04d/element/f.70EA46D53BAEFF5909BCE503174AE3C6.d.A7A3A3F712257E6552ECC8B46476F6F2.e.3887/click - {}
RESULT: {}
RESULT: {}
COMMAND: GET /session/8c6c9308aba27c05719f6849e8e7e04d/screenshot - {}
RESULT: {}
COMMAND: POST /session/8c6c9308aba27c05719f6849e8e7e04d/execute/async - {"script":"<script> [1562 bytes]","args":[{"selector":{"id":"application-managehandovers-display-component---AddNewHO--smartFilterBar-btnBasicSearch","searchOpenDialogs":true,"interaction":{"idSuffix":"I"}},"wdio_ui5_key":"applicationmanagehandovers-display-component---AddNewHO--smartFilterBar-btnBasicSearch"}]}
RESULT: {"script":"<script> [1562 bytes]","args":[{"selector":{"id":"application-managehandovers-display-component---AddNewHO--smartFilterBar-btnBasicSearch","searchOpenDialogs":true,"interaction":{"idSuffix":"I"}},"wdio_ui5_key":"applicationmanagehandovers-display-component---AddNewHO--smartFilterBar-btnBasicSearch"}]}
RESULT: undefined
COMMAND: POST /session/8c6c9308aba27c05719f6849e8e7e04d/execute/async - {"script":"<script> [776 bytes]","args":[{"enterText":"fS0tr5WYmU","selector":{"id":"application-managehandovers-display-component---AddNewHO--smartFilterBar-btnBasicSearch","searchOpenDialogs":true,"interaction":{"idSuffix":"I"}},"clearTextFirst":true,"interactionType":"ENTER_TEXT"}]}
RESULT: {"script":"<script> [776 bytes]","args":[{"enterText":"fS0tr5WYmU","selector":{"id":"application-managehandovers-display-component---AddNewHO--smartFilterBar-btnBasicSearch","searchOpenDialogs":true,"interaction":{"idSuffix":"I"}},"clearTextFirst":true,"interactionType":"ENTER_TEXT"}]}
COMMAND: POST /session/8c6c9308aba27c05719f6849e8e7e04d/actions - {"actions":[{"id":"action19","type":"key","parameters":{},"actions":[{"type":"keyDown","value":"î€‡"},{"type":"pause","duration":10},{"type":"keyUp","value":"î€‡"}]}]}
RESULT: {"actions":[{"id":"action19","type":"key","parameters":{},"actions":[{"type":"keyDown","value":"î€‡"},{"type":"pause","duration":10},{"type":"keyUp","value":"î€‡"}]}]}
COMMAND: GET /session/8c6c9308aba27c05719f6849e8e7e04d/screenshot - {}
RESULT: {}
COMMAND: POST /session/8c6c9308aba27c05719f6849e8e7e04d/execute/async - {"script":"<script> [1562 bytes]","args":[{"selector":{"id":"application-managehandovers-display-component---AddNewHO--popup-sa","searchOpenDialogs":true,"interaction":{"idSuffix":"CbBg"}},"wdio_ui5_key":"applicationmanagehandovers-display-component---AddNewHO--popup-sa"}]}
RESULT: {"script":"<script> [1562 bytes]","args":[{"selector":{"id":"application-managehandovers-display-component---AddNewHO--popup-sa","searchOpenDialogs":true,"interaction":{"idSuffix":"CbBg"}},"wdio_ui5_key":"applicationmanagehandovers-display-component---AddNewHO--popup-sa"}]}
RESULT: undefined
COMMAND: POST /session/8c6c9308aba27c05719f6849e8e7e04d/element - {"using":"xpath","value":"//*[@id=\"application-managehandovers-display-component---AddNewHO--popup-sa\"]"}
RESULT: {"using":"xpath","value":"//*[@id=\"application-managehandovers-display-component---AddNewHO--popup-sa\"]"}
COMMAND: POST /session/8c6c9308aba27c05719f6849e8e7e04d/element/f.70EA46D53BAEFF5909BCE503174AE3C6.d.A7A3A3F712257E6552ECC8B46476F6F2.e.4040/click - {}
RESULT: {}
COMMAND: GET /session/8c6c9308aba27c05719f6849e8e7e04d/screenshot - {}
RESULT: {}
COMMAND: POST /session/8c6c9308aba27c05719f6849e8e7e04d/element - {"using":"xpath","value":"//bdi[contains(text(), \"Select\")]"}
RESULT: {"using":"xpath","value":"//bdi[contains(text(), \"Select\")]"}
COMMAND: POST /session/8c6c9308aba27c05719f6849e8e7e04d/element/f.70EA46D53BAEFF5909BCE503174AE3C6.d.A7A3A3F712257E6552ECC8B46476F6F2.e.4041/click - {}
RESULT: {}
COMMAND: GET /session/8c6c9308aba27c05719f6849e8e7e04d/screenshot - {}
RESULT: {}
COMMAND: POST /session/8c6c9308aba27c05719f6849e8e7e04d/element - {"using":"xpath","value":"//button[@data-kt=\"AddNewHOSaveButton\"]"}
RESULT: {"using":"xpath","value":"//button[@data-kt=\"AddNewHOSaveButton\"]"}
COMMAND: POST /session/8c6c9308aba27c05719f6849e8e7e04d/element/f.70EA46D53BAEFF5909BCE503174AE3C6.d.A7A3A3F712257E6552ECC8B46476F6F2.e.4045/click - {}
RESULT: {}
COMMAND: GET /session/8c6c9308aba27c05719f6849e8e7e04d/screenshot - {}
COMMAND: POST /session/8c6c9308aba27c05719f6849e8e7e04d/execute/async - {"script":"<script> [1562 bytes]","args":[{"selector":{"id":"receiptDatePicker","viewName":"etm.portal.ui.managehandovers.view.DetailExecuteHO","interaction":{"idSuffix":"inner"}},"wdio_ui5_key":"receiptDatePickeretmportal.ui.managehandovers.view.DetailExecuteHO"}]}
RESULT: {}
RESULT: {"script":"<script> [1562 bytes]","args":[{"selector":{"id":"receiptDatePicker","viewName":"etm.portal.ui.managehandovers.view.DetailExecuteHO","interaction":{"idSuffix":"inner"}},"wdio_ui5_key":"receiptDatePickeretmportal.ui.managehandovers.view.DetailExecuteHO"}]}
RESULT: undefined
COMMAND: POST /session/8c6c9308aba27c05719f6849e8e7e04d/execute/async - {"script":"<script> [6424 bytes]","args":[{"element-6066-11e4-a52e-4f735466cecf":"f.70EA46D53BAEFF5909BCE503174AE3C6.d.A7A3A3F712257E6552ECC8B46476F6F2.e.4075"},"setValue",["05/08/2025"]]}
RESULT: {"script":"<script> [6424 bytes]","args":[{"element-6066-11e4-a52e-4f735466cecf":"f.70EA46D53BAEFF5909BCE503174AE3C6.d.A7A3A3F712257E6552ECC8B46476F6F2.e.4075"},"setValue",["05/08/2025"]]}
COMMAND: POST /session/8c6c9308aba27c05719f6849e8e7e04d/element - {"using":"xpath","value":"//button[@data-kt=\"PickingTableConfirmAllButton\"]"}
RESULT: {"using":"xpath","value":"//button[@data-kt=\"PickingTableConfirmAllButton\"]"}
COMMAND: POST /session/8c6c9308aba27c05719f6849e8e7e04d/element/f.70EA46D53BAEFF5909BCE503174AE3C6.d.A7A3A3F712257E6552ECC8B46476F6F2.e.4090/click - {}
RESULT: {}
COMMAND: GET /session/8c6c9308aba27c05719f6849e8e7e04d/screenshot - {}
RESULT: {}
COMMAND: POST /session/8c6c9308aba27c05719f6849e8e7e04d/element - {"using":"xpath","value":"//bdi[contains(text(), \"OK\")]"}
RESULT: {"using":"xpath","value":"//bdi[contains(text(), \"OK\")]"}
COMMAND: POST /session/8c6c9308aba27c05719f6849e8e7e04d/element/f.70EA46D53BAEFF5909BCE503174AE3C6.d.A7A3A3F712257E6552ECC8B46476F6F2.e.4092/click - {}
RESULT: {}
COMMAND: GET /session/8c6c9308aba27c05719f6849e8e7e04d/screenshot - {}
RESULT: {}
COMMAND: POST /session/8c6c9308aba27c05719f6849e8e7e04d/element - {"using":"xpath","value":"(//bdi[contains(text(), \"Receive\")])[2]"}
RESULT: {"using":"xpath","value":"(//bdi[contains(text(), \"Receive\")])[2]"}
COMMAND: POST /session/8c6c9308aba27c05719f6849e8e7e04d/element/f.70EA46D53BAEFF5909BCE503174AE3C6.d.A7A3A3F712257E6552ECC8B46476F6F2.e.4094/click - {}
RESULT: {}
COMMAND: GET /session/8c6c9308aba27c05719f6849e8e7e04d/screenshot - {}
RESULT: {}
COMMAND: POST /session/8c6c9308aba27c05719f6849e8e7e04d/element - {"using":"css selector","value":"#shell-header-logo"}
RESULT: {"using":"css selector","value":"#shell-header-logo"}
COMMAND: POST /session/8c6c9308aba27c05719f6849e8e7e04d/element/f.70EA46D53BAEFF5909BCE503174AE3C6.d.A7A3A3F712257E6552ECC8B46476F6F2.e.3466/click - {}
RESULT: {}
COMMAND: GET /session/8c6c9308aba27c05719f6849e8e7e04d/screenshot - {}
RESULT: {}
]]></system-out>
    </testcase>
    <testcase classname="chrome.135_0_7049_115.windows.RU_Inventory_Mass_State_Change_Multiple_Items_US151066" name="Prerequisite Step 2 Should do a stock increase handover for the material" time="88.105">
      <system-out><![CDATA[
RESULT: undefined
COMMAND: POST /session/8c6c9308aba27c05719f6849e8e7e04d/element - {"using":"xpath","value":"//*[@id=\"__tile131-title\"]"}
RESULT: {"using":"xpath","value":"//*[@id=\"__tile131-title\"]"}
COMMAND: POST /session/8c6c9308aba27c05719f6849e8e7e04d/element/f.70EA46D53BAEFF5909BCE503174AE3C6.d.A7A3A3F712257E6552ECC8B46476F6F2.e.3464/click - {}
RESULT: {}
COMMAND: POST /session/8c6c9308aba27c05719f6849e8e7e04d/element - {"using":"xpath","value":"//button[@data-kt=\"masterHOAddButton\"]"}
COMMAND: GET /session/8c6c9308aba27c05719f6849e8e7e04d/screenshot - {}
RESULT: {"using":"xpath","value":"//button[@data-kt=\"masterHOAddButton\"]"}
COMMAND: POST /session/8c6c9308aba27c05719f6849e8e7e04d/elements - {"using":"xpath","value":"//button[@data-kt=\"masterHOAddButton\"]"}
RESULT: {}
RESULT: {"using":"xpath","value":"//button[@data-kt=\"masterHOAddButton\"]"}
COMMAND: POST /session/8c6c9308aba27c05719f6849e8e7e04d/execute/sync - {"script":"<script> [8489 bytes]","args":[{"element-6066-11e4-a52e-4f735466cecf":"f.70EA46D53BAEFF5909BCE503174AE3C6.d.A7A3A3F712257E6552ECC8B46476F6F2.e.4318","ELEMENT":"f.70EA46D53BAEFF5909BCE503174AE3C6.d.A7A3A3F712257E6552ECC8B46476F6F2.e.4318"}]}
RESULT: {"script":"<script> [8489 bytes]","args":[{"element-6066-11e4-a52e-4f735466cecf":"f.70EA46D53BAEFF5909BCE503174AE3C6.d.A7A3A3F712257E6552ECC8B46476F6F2.e.4318","ELEMENT":"f.70EA46D53BAEFF5909BCE503174AE3C6.d.A7A3A3F712257E6552ECC8B46476F6F2.e.4318"}]}
COMMAND: GET /session/8c6c9308aba27c05719f6849e8e7e04d/element/f.70EA46D53BAEFF5909BCE503174AE3C6.d.A7A3A3F712257E6552ECC8B46476F6F2.e.4318/enabled - {}
COMMAND: GET /session/8c6c9308aba27c05719f6849e8e7e04d/screenshot - {}
RESULT: {}
COMMAND: POST /session/8c6c9308aba27c05719f6849e8e7e04d/execute/sync - {"script":"<script> [8489 bytes]","args":[{"element-6066-11e4-a52e-4f735466cecf":"f.70EA46D53BAEFF5909BCE503174AE3C6.d.A7A3A3F712257E6552ECC8B46476F6F2.e.4318","ELEMENT":"f.70EA46D53BAEFF5909BCE503174AE3C6.d.A7A3A3F712257E6552ECC8B46476F6F2.e.4318"}]}
COMMAND: GET /session/8c6c9308aba27c05719f6849e8e7e04d/screenshot - {}
RESULT: {}
RESULT: {"script":"<script> [8489 bytes]","args":[{"element-6066-11e4-a52e-4f735466cecf":"f.70EA46D53BAEFF5909BCE503174AE3C6.d.A7A3A3F712257E6552ECC8B46476F6F2.e.4318","ELEMENT":"f.70EA46D53BAEFF5909BCE503174AE3C6.d.A7A3A3F712257E6552ECC8B46476F6F2.e.4318"}]}
COMMAND: POST /session/8c6c9308aba27c05719f6849e8e7e04d/execute/sync - {"script":"<script> [5351 bytes]","args":[{"element-6066-11e4-a52e-4f735466cecf":"f.70EA46D53BAEFF5909BCE503174AE3C6.d.A7A3A3F712257E6552ECC8B46476F6F2.e.4318","ELEMENT":"f.70EA46D53BAEFF5909BCE503174AE3C6.d.A7A3A3F712257E6552ECC8B46476F6F2.e.4318"}]}
COMMAND: GET /session/8c6c9308aba27c05719f6849e8e7e04d/screenshot - {}
RESULT: {}
RESULT: {"script":"<script> [5351 bytes]","args":[{"element-6066-11e4-a52e-4f735466cecf":"f.70EA46D53BAEFF5909BCE503174AE3C6.d.A7A3A3F712257E6552ECC8B46476F6F2.e.4318","ELEMENT":"f.70EA46D53BAEFF5909BCE503174AE3C6.d.A7A3A3F712257E6552ECC8B46476F6F2.e.4318"}]}
COMMAND: POST /session/8c6c9308aba27c05719f6849e8e7e04d/element/f.70EA46D53BAEFF5909BCE503174AE3C6.d.A7A3A3F712257E6552ECC8B46476F6F2.e.4318/click - {}
COMMAND: GET /session/8c6c9308aba27c05719f6849e8e7e04d/screenshot - {}
RESULT: {}
RESULT: {}
COMMAND: GET /session/8c6c9308aba27c05719f6849e8e7e04d/screenshot - {}
COMMAND: POST /session/8c6c9308aba27c05719f6849e8e7e04d/element - {"using":"xpath","value":"//span[contains(@id ,\"AddNewHO--typeSelect-arrow\")]"}
RESULT: {}
RESULT: {}
RESULT: {"using":"xpath","value":"//span[contains(@id ,\"AddNewHO--typeSelect-arrow\")]"}
COMMAND: POST /session/8c6c9308aba27c05719f6849e8e7e04d/element/f.70EA46D53BAEFF5909BCE503174AE3C6.d.A7A3A3F712257E6552ECC8B46476F6F2.e.4722/click - {}
RESULT: {}
COMMAND: GET /session/8c6c9308aba27c05719f6849e8e7e04d/screenshot - {}
RESULT: {}
COMMAND: POST /session/8c6c9308aba27c05719f6849e8e7e04d/element - {"using":"xpath","value":"(//li[contains(text(), \"stock increase yard\")])[1]"}
RESULT: {"using":"xpath","value":"(//li[contains(text(), \"stock increase yard\")])[1]"}
COMMAND: POST /session/8c6c9308aba27c05719f6849e8e7e04d/element/f.70EA46D53BAEFF5909BCE503174AE3C6.d.A7A3A3F712257E6552ECC8B46476F6F2.e.4723/click - {}
RESULT: {}
COMMAND: GET /session/8c6c9308aba27c05719f6849e8e7e04d/screenshot - {}
RESULT: {}
RESULT: undefined
COMMAND: POST /session/8c6c9308aba27c05719f6849e8e7e04d/execute/async - {"script":"<script> [6424 bytes]","args":[{"element-6066-11e4-a52e-4f735466cecf":"f.70EA46D53BAEFF5909BCE503174AE3C6.d.A7A3A3F712257E6552ECC8B46476F6F2.e.3859"},"setValue",["05/08/2025"]]}
COMMAND: POST /session/8c6c9308aba27c05719f6849e8e7e04d/execute/async - {"script":"<script> [1562 bytes]","args":[{"selector":{"id":"application-managehandovers-display-component---AddNewHO--dueDate","interaction":{"idSuffix":"inner"}},"wdio_ui5_key":"applicationmanagehandovers-display-component---AddNewHO--dueDate"}]}
RESULT: {"script":"<script> [1562 bytes]","args":[{"selector":{"id":"application-managehandovers-display-component---AddNewHO--dueDate","interaction":{"idSuffix":"inner"}},"wdio_ui5_key":"applicationmanagehandovers-display-component---AddNewHO--dueDate"}]}
COMMAND: POST /session/8c6c9308aba27c05719f6849e8e7e04d/execute/async - {"script":"<script> [6424 bytes]","args":[{"element-6066-11e4-a52e-4f735466cecf":"f.70EA46D53BAEFF5909BCE503174AE3C6.d.A7A3A3F712257E6552ECC8B46476F6F2.e.4725"},"setValue",["05/08/2025"]]}
RESULT: {"script":"<script> [6424 bytes]","args":[{"element-6066-11e4-a52e-4f735466cecf":"f.70EA46D53BAEFF5909BCE503174AE3C6.d.A7A3A3F712257E6552ECC8B46476F6F2.e.4725"},"setValue",["05/08/2025"]]}
COMMAND: POST /session/8c6c9308aba27c05719f6849e8e7e04d/element - {"using":"xpath","value":"//input[@id=\"generalSectionFrg--receiveYard-inner\"]"}
RESULT: {"using":"xpath","value":"//input[@id=\"generalSectionFrg--receiveYard-inner\"]"}
COMMAND: POST /session/8c6c9308aba27c05719f6849e8e7e04d/element/f.70EA46D53BAEFF5909BCE503174AE3C6.d.A7A3A3F712257E6552ECC8B46476F6F2.e.4731/clear - {}
RESULT: {}
COMMAND: POST /session/8c6c9308aba27c05719f6849e8e7e04d/element/f.70EA46D53BAEFF5909BCE503174AE3C6.d.A7A3A3F712257E6552ECC8B46476F6F2.e.4731/value - {"text":"109"}
COMMAND: GET /session/8c6c9308aba27c05719f6849e8e7e04d/screenshot - {}
RESULT: {"text":"109"}
COMMAND: GET /session/8c6c9308aba27c05719f6849e8e7e04d/screenshot - {}
RESULT: {}
RESULT: {}
COMMAND: POST /session/8c6c9308aba27c05719f6849e8e7e04d/element - {"using":"xpath","value":"//li[.//span[text()='109']]"}
RESULT: {"using":"xpath","value":"//li[.//span[text()='109']]"}
COMMAND: POST /session/8c6c9308aba27c05719f6849e8e7e04d/element/f.70EA46D53BAEFF5909BCE503174AE3C6.d.A7A3A3F712257E6552ECC8B46476F6F2.e.4749/click - {}
RESULT: {}
COMMAND: GET /session/8c6c9308aba27c05719f6849e8e7e04d/screenshot - {}
RESULT: {}
RESULT: undefined
COMMAND: POST /session/8c6c9308aba27c05719f6849e8e7e04d/element - {"using":"xpath","value":"//*[@id=\"application-managehandovers-display-component---AddNewHO--ObjectPageLayout-anchBar-application-managehandovers-display-component---AddNewHO--section4-anchor\"]"}
RESULT: {"using":"xpath","value":"//*[@id=\"application-managehandovers-display-component---AddNewHO--ObjectPageLayout-anchBar-application-managehandovers-display-component---AddNewHO--section4-anchor\"]"}
COMMAND: POST /session/8c6c9308aba27c05719f6849e8e7e04d/element/f.70EA46D53BAEFF5909BCE503174AE3C6.d.A7A3A3F712257E6552ECC8B46476F6F2.e.4750/click - {}
RESULT: {}
COMMAND: POST /session/8c6c9308aba27c05719f6849e8e7e04d/element - {"using":"xpath","value":"//button[@aria-label=\"Add\"]"}
COMMAND: GET /session/8c6c9308aba27c05719f6849e8e7e04d/screenshot - {}
RESULT: {"using":"xpath","value":"//button[@aria-label=\"Add\"]"}
COMMAND: POST /session/8c6c9308aba27c05719f6849e8e7e04d/element/f.70EA46D53BAEFF5909BCE503174AE3C6.d.A7A3A3F712257E6552ECC8B46476F6F2.e.4752/click - {}
RESULT: {}
RESULT: {}
COMMAND: GET /session/8c6c9308aba27c05719f6849e8e7e04d/screenshot - {}
RESULT: {}
RESULT: undefined
COMMAND: POST /session/8c6c9308aba27c05719f6849e8e7e04d/execute/async - {"script":"<script> [776 bytes]","args":[{"enterText":"200389","selector":{"id":"application-managehandovers-display-component---AddNewHO--smartFilterBar-btnBasicSearch","searchOpenDialogs":true,"interaction":{"idSuffix":"I"}},"clearTextFirst":true,"interactionType":"ENTER_TEXT"}]}
RESULT: {"script":"<script> [776 bytes]","args":[{"enterText":"200389","selector":{"id":"application-managehandovers-display-component---AddNewHO--smartFilterBar-btnBasicSearch","searchOpenDialogs":true,"interaction":{"idSuffix":"I"}},"clearTextFirst":true,"interactionType":"ENTER_TEXT"}]}
COMMAND: POST /session/8c6c9308aba27c05719f6849e8e7e04d/actions - {"actions":[{"id":"action20","type":"key","parameters":{},"actions":[{"type":"keyDown","value":"î€‡"},{"type":"pause","duration":10},{"type":"keyUp","value":"î€‡"}]}]}
RESULT: {"actions":[{"id":"action20","type":"key","parameters":{},"actions":[{"type":"keyDown","value":"î€‡"},{"type":"pause","duration":10},{"type":"keyUp","value":"î€‡"}]}]}
COMMAND: GET /session/8c6c9308aba27c05719f6849e8e7e04d/screenshot - {}
RESULT: {}
RESULT: undefined
COMMAND: POST /session/8c6c9308aba27c05719f6849e8e7e04d/element - {"using":"xpath","value":"//*[@id=\"application-managehandovers-display-component---AddNewHO--popup-sa\"]"}
RESULT: {"using":"xpath","value":"//*[@id=\"application-managehandovers-display-component---AddNewHO--popup-sa\"]"}
COMMAND: POST /session/8c6c9308aba27c05719f6849e8e7e04d/element/f.70EA46D53BAEFF5909BCE503174AE3C6.d.A7A3A3F712257E6552ECC8B46476F6F2.e.4905/click - {}
RESULT: {}
COMMAND: GET /session/8c6c9308aba27c05719f6849e8e7e04d/screenshot - {}
RESULT: {}
COMMAND: POST /session/8c6c9308aba27c05719f6849e8e7e04d/element - {"using":"xpath","value":"//bdi[contains(text(), \"Select\")]"}
RESULT: {"using":"xpath","value":"//bdi[contains(text(), \"Select\")]"}
COMMAND: POST /session/8c6c9308aba27c05719f6849e8e7e04d/element/f.70EA46D53BAEFF5909BCE503174AE3C6.d.A7A3A3F712257E6552ECC8B46476F6F2.e.4906/click - {}
RESULT: {}
COMMAND: GET /session/8c6c9308aba27c05719f6849e8e7e04d/screenshot - {}
RESULT: {}
COMMAND: POST /session/8c6c9308aba27c05719f6849e8e7e04d/element - {"using":"xpath","value":"//button[@data-kt=\"AddNewHOSaveButton\"]"}
RESULT: {"using":"xpath","value":"//button[@data-kt=\"AddNewHOSaveButton\"]"}
COMMAND: POST /session/8c6c9308aba27c05719f6849e8e7e04d/element/f.70EA46D53BAEFF5909BCE503174AE3C6.d.A7A3A3F712257E6552ECC8B46476F6F2.e.4910/click - {}
RESULT: {}
COMMAND: GET /session/8c6c9308aba27c05719f6849e8e7e04d/screenshot - {}
RESULT: {}
RESULT: undefined
COMMAND: POST /session/8c6c9308aba27c05719f6849e8e7e04d/execute/async - {"script":"<script> [6424 bytes]","args":[{"element-6066-11e4-a52e-4f735466cecf":"f.70EA46D53BAEFF5909BCE503174AE3C6.d.A7A3A3F712257E6552ECC8B46476F6F2.e.4075"},"setValue",["05/08/2025"]]}
COMMAND: POST /session/8c6c9308aba27c05719f6849e8e7e04d/execute/async - {"script":"<script> [1562 bytes]","args":[{"selector":{"id":"receiptDatePicker","viewName":"etm.portal.ui.managehandovers.view.DetailExecuteHO","interaction":{"idSuffix":"inner"}},"wdio_ui5_key":"receiptDatePickeretmportal.ui.managehandovers.view.DetailExecuteHO"}]}
RESULT: {"script":"<script> [1562 bytes]","args":[{"selector":{"id":"receiptDatePicker","viewName":"etm.portal.ui.managehandovers.view.DetailExecuteHO","interaction":{"idSuffix":"inner"}},"wdio_ui5_key":"receiptDatePickeretmportal.ui.managehandovers.view.DetailExecuteHO"}]}
COMMAND: POST /session/8c6c9308aba27c05719f6849e8e7e04d/execute/async - {"script":"<script> [6424 bytes]","args":[{"element-6066-11e4-a52e-4f735466cecf":"f.70EA46D53BAEFF5909BCE503174AE3C6.d.A7A3A3F712257E6552ECC8B46476F6F2.e.4940"},"setValue",["05/08/2025"]]}
RESULT: {"script":"<script> [6424 bytes]","args":[{"element-6066-11e4-a52e-4f735466cecf":"f.70EA46D53BAEFF5909BCE503174AE3C6.d.A7A3A3F712257E6552ECC8B46476F6F2.e.4940"},"setValue",["05/08/2025"]]}
COMMAND: POST /session/8c6c9308aba27c05719f6849e8e7e04d/element - {"using":"xpath","value":"//button[@data-kt=\"PickingTableConfirmAllButton\"]"}
RESULT: {"using":"xpath","value":"//button[@data-kt=\"PickingTableConfirmAllButton\"]"}
COMMAND: POST /session/8c6c9308aba27c05719f6849e8e7e04d/element/f.70EA46D53BAEFF5909BCE503174AE3C6.d.A7A3A3F712257E6552ECC8B46476F6F2.e.4954/click - {}
RESULT: {}
COMMAND: GET /session/8c6c9308aba27c05719f6849e8e7e04d/screenshot - {}
RESULT: {}
COMMAND: POST /session/8c6c9308aba27c05719f6849e8e7e04d/element - {"using":"xpath","value":"//bdi[contains(text(), \"OK\")]"}
RESULT: {"using":"xpath","value":"//bdi[contains(text(), \"OK\")]"}
COMMAND: POST /session/8c6c9308aba27c05719f6849e8e7e04d/element/f.70EA46D53BAEFF5909BCE503174AE3C6.d.A7A3A3F712257E6552ECC8B46476F6F2.e.4956/click - {}
RESULT: {}
COMMAND: GET /session/8c6c9308aba27c05719f6849e8e7e04d/screenshot - {}
RESULT: {}
COMMAND: POST /session/8c6c9308aba27c05719f6849e8e7e04d/element - {"using":"xpath","value":"(//bdi[contains(text(), \"Receive\")])[2]"}
RESULT: {"using":"xpath","value":"(//bdi[contains(text(), \"Receive\")])[2]"}
COMMAND: POST /session/8c6c9308aba27c05719f6849e8e7e04d/element/f.70EA46D53BAEFF5909BCE503174AE3C6.d.A7A3A3F712257E6552ECC8B46476F6F2.e.4958/click - {}
RESULT: {}
COMMAND: GET /session/8c6c9308aba27c05719f6849e8e7e04d/screenshot - {}
RESULT: {}
COMMAND: POST /session/8c6c9308aba27c05719f6849e8e7e04d/element - {"using":"css selector","value":"#shell-header-logo"}
RESULT: {"using":"css selector","value":"#shell-header-logo"}
COMMAND: POST /session/8c6c9308aba27c05719f6849e8e7e04d/element/f.70EA46D53BAEFF5909BCE503174AE3C6.d.A7A3A3F712257E6552ECC8B46476F6F2.e.4268/click - {}
RESULT: {}
COMMAND: GET /session/8c6c9308aba27c05719f6849e8e7e04d/screenshot - {}
RESULT: {}
]]></system-out>
    </testcase>
    <testcase classname="chrome.135_0_7049_115.windows.RU_Inventory_Mass_State_Change_Multiple_Items_US151066" name="Step 2 Should do a RU inventory mass state change on chosen yard 109 with the resources created one equipment one material the existing ones too" time="319.238">
      <system-out><![CDATA[
RESULT: undefined
COMMAND: POST /session/8c6c9308aba27c05719f6849e8e7e04d/element - {"using":"xpath","value":"//*[@id=\"__tile99\"]"}
RESULT: {"using":"xpath","value":"//*[@id=\"__tile99\"]"}
COMMAND: POST /session/8c6c9308aba27c05719f6849e8e7e04d/element/f.70EA46D53BAEFF5909BCE503174AE3C6.d.A7A3A3F712257E6552ECC8B46476F6F2.e.270/click - {}
RESULT: {}
COMMAND: POST /session/8c6c9308aba27c05719f6849e8e7e04d/element - {"using":"xpath","value":"//button[contains(@id, \"massStateBtn\")]"}
COMMAND: GET /session/8c6c9308aba27c05719f6849e8e7e04d/screenshot - {}
RESULT: {"using":"xpath","value":"//button[contains(@id, \"massStateBtn\")]"}
COMMAND: POST /session/8c6c9308aba27c05719f6849e8e7e04d/elements - {"using":"xpath","value":"//button[contains(@id, \"massStateBtn\")]"}
RESULT: {}
RESULT: {"using":"xpath","value":"//button[contains(@id, \"massStateBtn\")]"}
COMMAND: POST /session/8c6c9308aba27c05719f6849e8e7e04d/execute/sync - {"script":"<script> [8489 bytes]","args":[{"element-6066-11e4-a52e-4f735466cecf":"f.70EA46D53BAEFF5909BCE503174AE3C6.d.A7A3A3F712257E6552ECC8B46476F6F2.e.5165","ELEMENT":"f.70EA46D53BAEFF5909BCE503174AE3C6.d.A7A3A3F712257E6552ECC8B46476F6F2.e.5165"}]}
RESULT: {"script":"<script> [8489 bytes]","args":[{"element-6066-11e4-a52e-4f735466cecf":"f.70EA46D53BAEFF5909BCE503174AE3C6.d.A7A3A3F712257E6552ECC8B46476F6F2.e.5165","ELEMENT":"f.70EA46D53BAEFF5909BCE503174AE3C6.d.A7A3A3F712257E6552ECC8B46476F6F2.e.5165"}]}
COMMAND: GET /session/8c6c9308aba27c05719f6849e8e7e04d/element/f.70EA46D53BAEFF5909BCE503174AE3C6.d.A7A3A3F712257E6552ECC8B46476F6F2.e.5165/enabled - {}
COMMAND: GET /session/8c6c9308aba27c05719f6849e8e7e04d/screenshot - {}
RESULT: {}
COMMAND: POST /session/8c6c9308aba27c05719f6849e8e7e04d/execute/sync - {"script":"<script> [8489 bytes]","args":[{"element-6066-11e4-a52e-4f735466cecf":"f.70EA46D53BAEFF5909BCE503174AE3C6.d.A7A3A3F712257E6552ECC8B46476F6F2.e.5165","ELEMENT":"f.70EA46D53BAEFF5909BCE503174AE3C6.d.A7A3A3F712257E6552ECC8B46476F6F2.e.5165"}]}
COMMAND: GET /session/8c6c9308aba27c05719f6849e8e7e04d/screenshot - {}
RESULT: {}
RESULT: {"script":"<script> [8489 bytes]","args":[{"element-6066-11e4-a52e-4f735466cecf":"f.70EA46D53BAEFF5909BCE503174AE3C6.d.A7A3A3F712257E6552ECC8B46476F6F2.e.5165","ELEMENT":"f.70EA46D53BAEFF5909BCE503174AE3C6.d.A7A3A3F712257E6552ECC8B46476F6F2.e.5165"}]}
COMMAND: POST /session/8c6c9308aba27c05719f6849e8e7e04d/execute/sync - {"script":"<script> [5351 bytes]","args":[{"element-6066-11e4-a52e-4f735466cecf":"f.70EA46D53BAEFF5909BCE503174AE3C6.d.A7A3A3F712257E6552ECC8B46476F6F2.e.5165","ELEMENT":"f.70EA46D53BAEFF5909BCE503174AE3C6.d.A7A3A3F712257E6552ECC8B46476F6F2.e.5165"}]}
COMMAND: GET /session/8c6c9308aba27c05719f6849e8e7e04d/screenshot - {}
RESULT: {}
RESULT: {"script":"<script> [5351 bytes]","args":[{"element-6066-11e4-a52e-4f735466cecf":"f.70EA46D53BAEFF5909BCE503174AE3C6.d.A7A3A3F712257E6552ECC8B46476F6F2.e.5165","ELEMENT":"f.70EA46D53BAEFF5909BCE503174AE3C6.d.A7A3A3F712257E6552ECC8B46476F6F2.e.5165"}]}
COMMAND: POST /session/8c6c9308aba27c05719f6849e8e7e04d/element/f.70EA46D53BAEFF5909BCE503174AE3C6.d.A7A3A3F712257E6552ECC8B46476F6F2.e.5165/click - {}
COMMAND: GET /session/8c6c9308aba27c05719f6849e8e7e04d/screenshot - {}
RESULT: {}
RESULT: {}
COMMAND: GET /session/8c6c9308aba27c05719f6849e8e7e04d/screenshot - {}
RESULT: {}
RESULT: {}
RESULT: undefined
COMMAND: POST /session/8c6c9308aba27c05719f6849e8e7e04d/element - {"using":"xpath","value":"//*[@id=\"application-ruinventorylist-display-component---Master--ruLocationTypeComboBox-arrow\"]"}
RESULT: {"using":"xpath","value":"//*[@id=\"application-ruinventorylist-display-component---Master--ruLocationTypeComboBox-arrow\"]"}
COMMAND: POST /session/8c6c9308aba27c05719f6849e8e7e04d/element/f.70EA46D53BAEFF5909BCE503174AE3C6.d.A7A3A3F712257E6552ECC8B46476F6F2.e.5528/click - {}
RESULT: {}
COMMAND: GET /session/8c6c9308aba27c05719f6849e8e7e04d/screenshot - {}
RESULT: {}
COMMAND: POST /session/8c6c9308aba27c05719f6849e8e7e04d/element - {"using":"xpath","value":"//li[.//span[text()='Yard']]"}
RESULT: {"using":"xpath","value":"//li[.//span[text()='Yard']]"}
COMMAND: POST /session/8c6c9308aba27c05719f6849e8e7e04d/element/f.70EA46D53BAEFF5909BCE503174AE3C6.d.A7A3A3F712257E6552ECC8B46476F6F2.e.5529/click - {}
RESULT: {}
COMMAND: GET /session/8c6c9308aba27c05719f6849e8e7e04d/screenshot - {}
RESULT: {}
RESULT: undefined
COMMAND: POST /session/8c6c9308aba27c05719f6849e8e7e04d/element - {"using":"xpath","value":"//*[@id=\"application-ruinventorylist-display-component---Master--smartFilterBar-filterItemControl_BASIC-YARD-vhi\"]"}
RESULT: {"using":"xpath","value":"//*[@id=\"application-ruinventorylist-display-component---Master--smartFilterBar-filterItemControl_BASIC-YARD-vhi\"]"}
COMMAND: POST /session/8c6c9308aba27c05719f6849e8e7e04d/element/f.70EA46D53BAEFF5909BCE503174AE3C6.d.A7A3A3F712257E6552ECC8B46476F6F2.e.5596/click - {}
RESULT: {}
COMMAND: GET /session/8c6c9308aba27c05719f6849e8e7e04d/screenshot - {}
RESULT: {}
RESULT: undefined
COMMAND: POST /session/8c6c9308aba27c05719f6849e8e7e04d/execute/async - {"script":"<script> [776 bytes]","args":[{"enterText":"109","selector":{"id":"application-ruinventorylist-display-component---Master--smartFilterBar-filterItemControl_BASIC-YARD-valueHelpDialog-smartFilterBar-btnBasicSearch","searchOpenDialogs":true,"interaction":{"idSuffix":"I"}},"clearTextFirst":true,"interactionType":"ENTER_TEXT"}]}
RESULT: {"script":"<script> [776 bytes]","args":[{"enterText":"109","selector":{"id":"application-ruinventorylist-display-component---Master--smartFilterBar-filterItemControl_BASIC-YARD-valueHelpDialog-smartFilterBar-btnBasicSearch","searchOpenDialogs":true,"interaction":{"idSuffix":"I"}},"clearTextFirst":true,"interactionType":"ENTER_TEXT"}]}
COMMAND: POST /session/8c6c9308aba27c05719f6849e8e7e04d/actions - {"actions":[{"id":"action21","type":"key","parameters":{},"actions":[{"type":"keyDown","value":"î€‡"},{"type":"pause","duration":10},{"type":"keyUp","value":"î€‡"}]}]}
RESULT: {"actions":[{"id":"action21","type":"key","parameters":{},"actions":[{"type":"keyDown","value":"î€‡"},{"type":"pause","duration":10},{"type":"keyUp","value":"î€‡"}]}]}
COMMAND: GET /session/8c6c9308aba27c05719f6849e8e7e04d/screenshot - {}
RESULT: {}
COMMAND: POST /session/8c6c9308aba27c05719f6849e8e7e04d/elements - {"using":"xpath","value":"//table[contains(@id, \"filterItemControl_BASIC-YARD-valueHelpDialog-table-table\")]/tbody/tr"}
RESULT: {"using":"xpath","value":"//table[contains(@id, \"filterItemControl_BASIC-YARD-valueHelpDialog-table-table\")]/tbody/tr"}
COMMAND: POST /session/8c6c9308aba27c05719f6849e8e7e04d/element - {"using":"xpath","value":"//table[contains(@id, \"filterItemControl_BASIC-YARD-valueHelpDialog-table-table\")]/tbody/tr[1]/td[1]/div/span"}
RESULT: {"using":"xpath","value":"//table[contains(@id, \"filterItemControl_BASIC-YARD-valueHelpDialog-table-table\")]/tbody/tr[1]/td[1]/div/span"}
COMMAND: POST /session/8c6c9308aba27c05719f6849e8e7e04d/elements - {"using":"xpath","value":"//table[contains(@id, \"filterItemControl_BASIC-YARD-valueHelpDialog-table-table\")]/tbody/tr[1]/td[1]/div/span"}
RESULT: {"using":"xpath","value":"//table[contains(@id, \"filterItemControl_BASIC-YARD-valueHelpDialog-table-table\")]/tbody/tr[1]/td[1]/div/span"}
COMMAND: POST /session/8c6c9308aba27c05719f6849e8e7e04d/execute/sync - {"script":"<script> [56 bytes]","args":[{"element-6066-11e4-a52e-4f735466cecf":"f.70EA46D53BAEFF5909BCE503174AE3C6.d.A7A3A3F712257E6552ECC8B46476F6F2.e.5615","ELEMENT":"f.70EA46D53BAEFF5909BCE503174AE3C6.d.A7A3A3F712257E6552ECC8B46476F6F2.e.5615"}]}
RESULT: {"script":"<script> [56 bytes]","args":[{"element-6066-11e4-a52e-4f735466cecf":"f.70EA46D53BAEFF5909BCE503174AE3C6.d.A7A3A3F712257E6552ECC8B46476F6F2.e.5615","ELEMENT":"f.70EA46D53BAEFF5909BCE503174AE3C6.d.A7A3A3F712257E6552ECC8B46476F6F2.e.5615"}]}
COMMAND: POST /session/8c6c9308aba27c05719f6849e8e7e04d/element - {"using":"xpath","value":"//div[contains(@id, \"filterItemControl_BASIC-YARD-valueHelpDialog-table-rowsel0\")]"}
COMMAND: GET /session/8c6c9308aba27c05719f6849e8e7e04d/screenshot - {}
RESULT: {"using":"xpath","value":"//div[contains(@id, \"filterItemControl_BASIC-YARD-valueHelpDialog-table-rowsel0\")]"}
COMMAND: POST /session/8c6c9308aba27c05719f6849e8e7e04d/element/f.70EA46D53BAEFF5909BCE503174AE3C6.d.A7A3A3F712257E6552ECC8B46476F6F2.e.5616/click - {}
RESULT: {}
RESULT: {}
COMMAND: GET /session/8c6c9308aba27c05719f6849e8e7e04d/screenshot - {}
RESULT: {}
COMMAND: POST /session/8c6c9308aba27c05719f6849e8e7e04d/element - {"using":"xpath","value":"//div[contains(@id, \"smartFilterBar-filterItemControl_BASIC-YARD-valueHelpDialog-smartFilterBar-btnBasicSearch-reset\")]"}
RESULT: {"using":"xpath","value":"//div[contains(@id, \"smartFilterBar-filterItemControl_BASIC-YARD-valueHelpDialog-smartFilterBar-btnBasicSearch-reset\")]"}
COMMAND: POST /session/8c6c9308aba27c05719f6849e8e7e04d/element/f.70EA46D53BAEFF5909BCE503174AE3C6.d.A7A3A3F712257E6552ECC8B46476F6F2.e.5618/click - {}
RESULT: {}
RESULT: undefined
COMMAND: POST /session/8c6c9308aba27c05719f6849e8e7e04d/execute/async - {"script":"<script> [776 bytes]","args":[{"enterText":"OPA5_BST01_YARD1","selector":{"id":"application-ruinventorylist-display-component---Master--smartFilterBar-filterItemControl_BASIC-YARD-valueHelpDialog-smartFilterBar-btnBasicSearch","searchOpenDialogs":true,"interaction":{"idSuffix":"I"}},"clearTextFirst":true,"interactionType":"ENTER_TEXT"}]}
COMMAND: GET /session/8c6c9308aba27c05719f6849e8e7e04d/screenshot - {}
RESULT: {"script":"<script> [776 bytes]","args":[{"enterText":"OPA5_BST01_YARD1","selector":{"id":"application-ruinventorylist-display-component---Master--smartFilterBar-filterItemControl_BASIC-YARD-valueHelpDialog-smartFilterBar-btnBasicSearch","searchOpenDialogs":true,"interaction":{"idSuffix":"I"}},"clearTextFirst":true,"interactionType":"ENTER_TEXT"}]}
COMMAND: POST /session/8c6c9308aba27c05719f6849e8e7e04d/actions - {"actions":[{"id":"action22","type":"key","parameters":{},"actions":[{"type":"keyDown","value":"î€‡"},{"type":"pause","duration":10},{"type":"keyUp","value":"î€‡"}]}]}
RESULT: {}
RESULT: {"actions":[{"id":"action22","type":"key","parameters":{},"actions":[{"type":"keyDown","value":"î€‡"},{"type":"pause","duration":10},{"type":"keyUp","value":"î€‡"}]}]}
COMMAND: GET /session/8c6c9308aba27c05719f6849e8e7e04d/screenshot - {}
RESULT: {}
COMMAND: POST /session/8c6c9308aba27c05719f6849e8e7e04d/elements - {"using":"xpath","value":"//table[contains(@id, \"filterItemControl_BASIC-YARD-valueHelpDialog-table-table\")]/tbody/tr"}
RESULT: {"using":"xpath","value":"//table[contains(@id, \"filterItemControl_BASIC-YARD-valueHelpDialog-table-table\")]/tbody/tr"}
COMMAND: POST /session/8c6c9308aba27c05719f6849e8e7e04d/element - {"using":"xpath","value":"//table[contains(@id, \"filterItemControl_BASIC-YARD-valueHelpDialog-table-table\")]/tbody/tr[1]/td[1]/div/span"}
RESULT: {"using":"xpath","value":"//table[contains(@id, \"filterItemControl_BASIC-YARD-valueHelpDialog-table-table\")]/tbody/tr[1]/td[1]/div/span"}
COMMAND: POST /session/8c6c9308aba27c05719f6849e8e7e04d/elements - {"using":"xpath","value":"//table[contains(@id, \"filterItemControl_BASIC-YARD-valueHelpDialog-table-table\")]/tbody/tr[1]/td[1]/div/span"}
RESULT: {"using":"xpath","value":"//table[contains(@id, \"filterItemControl_BASIC-YARD-valueHelpDialog-table-table\")]/tbody/tr[1]/td[1]/div/span"}
COMMAND: POST /session/8c6c9308aba27c05719f6849e8e7e04d/execute/sync - {"script":"<script> [56 bytes]","args":[{"element-6066-11e4-a52e-4f735466cecf":"f.70EA46D53BAEFF5909BCE503174AE3C6.d.A7A3A3F712257E6552ECC8B46476F6F2.e.5615","ELEMENT":"f.70EA46D53BAEFF5909BCE503174AE3C6.d.A7A3A3F712257E6552ECC8B46476F6F2.e.5615"}]}
RESULT: {"script":"<script> [56 bytes]","args":[{"element-6066-11e4-a52e-4f735466cecf":"f.70EA46D53BAEFF5909BCE503174AE3C6.d.A7A3A3F712257E6552ECC8B46476F6F2.e.5615","ELEMENT":"f.70EA46D53BAEFF5909BCE503174AE3C6.d.A7A3A3F712257E6552ECC8B46476F6F2.e.5615"}]}
COMMAND: POST /session/8c6c9308aba27c05719f6849e8e7e04d/element - {"using":"xpath","value":"//div[contains(@id, \"filterItemControl_BASIC-YARD-valueHelpDialog-table-rowsel0\")]"}
COMMAND: GET /session/8c6c9308aba27c05719f6849e8e7e04d/screenshot - {}
RESULT: {"using":"xpath","value":"//div[contains(@id, \"filterItemControl_BASIC-YARD-valueHelpDialog-table-rowsel0\")]"}
COMMAND: POST /session/8c6c9308aba27c05719f6849e8e7e04d/element/f.70EA46D53BAEFF5909BCE503174AE3C6.d.A7A3A3F712257E6552ECC8B46476F6F2.e.5616/click - {}
RESULT: {}
RESULT: {}
COMMAND: GET /session/8c6c9308aba27c05719f6849e8e7e04d/screenshot - {}
RESULT: {}
COMMAND: POST /session/8c6c9308aba27c05719f6849e8e7e04d/element - {"using":"xpath","value":"(//bdi[contains(text(), \"OK\")])[1]"}
RESULT: {"using":"xpath","value":"(//bdi[contains(text(), \"OK\")])[1]"}
COMMAND: POST /session/8c6c9308aba27c05719f6849e8e7e04d/element/f.70EA46D53BAEFF5909BCE503174AE3C6.d.A7A3A3F712257E6552ECC8B46476F6F2.e.5619/click - {}
RESULT: {}
COMMAND: GET /session/8c6c9308aba27c05719f6849e8e7e04d/screenshot - {}
RESULT: {}
COMMAND: POST /session/8c6c9308aba27c05719f6849e8e7e04d/element - {"using":"xpath","value":"//span[@id=\"application-ruinventorylist-display-component---Master--smartTableRuInventoryList-header-inner\"]"}
RESULT: {"using":"xpath","value":"//span[@id=\"application-ruinventorylist-display-component---Master--smartTableRuInventoryList-header-inner\"]"}
COMMAND: POST /session/8c6c9308aba27c05719f6849e8e7e04d/elements - {"using":"xpath","value":"//span[@id=\"application-ruinventorylist-display-component---Master--smartTableRuInventoryList-header-inner\"]"}
RESULT: {"using":"xpath","value":"//span[@id=\"application-ruinventorylist-display-component---Master--smartTableRuInventoryList-header-inner\"]"}
COMMAND: POST /session/8c6c9308aba27c05719f6849e8e7e04d/execute/sync - {"script":"<script> [56 bytes]","args":[{"element-6066-11e4-a52e-4f735466cecf":"f.70EA46D53BAEFF5909BCE503174AE3C6.d.A7A3A3F712257E6552ECC8B46476F6F2.e.5787","ELEMENT":"f.70EA46D53BAEFF5909BCE503174AE3C6.d.A7A3A3F712257E6552ECC8B46476F6F2.e.5787"}]}
RESULT: {"script":"<script> [56 bytes]","args":[{"element-6066-11e4-a52e-4f735466cecf":"f.70EA46D53BAEFF5909BCE503174AE3C6.d.A7A3A3F712257E6552ECC8B46476F6F2.e.5787","ELEMENT":"f.70EA46D53BAEFF5909BCE503174AE3C6.d.A7A3A3F712257E6552ECC8B46476F6F2.e.5787"}]}
RESULT: undefined
COMMAND: POST /session/8c6c9308aba27c05719f6849e8e7e04d/execute/async - {"script":"<script> [776 bytes]","args":[{"enterText":"600002","selector":{"id":"application-ruinventorylist-display-component---Master--smartFilterBar-btnBasicSearch","interaction":{"idSuffix":"I"}},"clearTextFirst":true,"interactionType":"ENTER_TEXT"}]}
COMMAND: GET /session/8c6c9308aba27c05719f6849e8e7e04d/screenshot - {}
RESULT: {"script":"<script> [776 bytes]","args":[{"enterText":"600002","selector":{"id":"application-ruinventorylist-display-component---Master--smartFilterBar-btnBasicSearch","interaction":{"idSuffix":"I"}},"clearTextFirst":true,"interactionType":"ENTER_TEXT"}]}
COMMAND: POST /session/8c6c9308aba27c05719f6849e8e7e04d/actions - {"actions":[{"id":"action23","type":"key","parameters":{},"actions":[{"type":"keyDown","value":"î€‡"},{"type":"pause","duration":10},{"type":"keyUp","value":"î€‡"}]}]}
RESULT: {}
RESULT: {"actions":[{"id":"action23","type":"key","parameters":{},"actions":[{"type":"keyDown","value":"î€‡"},{"type":"pause","duration":10},{"type":"keyUp","value":"î€‡"}]}]}
COMMAND: GET /session/8c6c9308aba27c05719f6849e8e7e04d/screenshot - {}
RESULT: {}
COMMAND: POST /session/8c6c9308aba27c05719f6849e8e7e04d/element - {"using":"xpath","value":"//span[@id=\"application-ruinventorylist-display-component---Master--smartTableRuInventoryList-header-inner\"]"}
RESULT: {"using":"xpath","value":"//span[@id=\"application-ruinventorylist-display-component---Master--smartTableRuInventoryList-header-inner\"]"}
COMMAND: POST /session/8c6c9308aba27c05719f6849e8e7e04d/elements - {"using":"xpath","value":"//span[@id=\"application-ruinventorylist-display-component---Master--smartTableRuInventoryList-header-inner\"]"}
RESULT: {"using":"xpath","value":"//span[@id=\"application-ruinventorylist-display-component---Master--smartTableRuInventoryList-header-inner\"]"}
COMMAND: POST /session/8c6c9308aba27c05719f6849e8e7e04d/execute/sync - {"script":"<script> [56 bytes]","args":[{"element-6066-11e4-a52e-4f735466cecf":"f.70EA46D53BAEFF5909BCE503174AE3C6.d.A7A3A3F712257E6552ECC8B46476F6F2.e.5787","ELEMENT":"f.70EA46D53BAEFF5909BCE503174AE3C6.d.A7A3A3F712257E6552ECC8B46476F6F2.e.5787"}]}
RESULT: {"script":"<script> [56 bytes]","args":[{"element-6066-11e4-a52e-4f735466cecf":"f.70EA46D53BAEFF5909BCE503174AE3C6.d.A7A3A3F712257E6552ECC8B46476F6F2.e.5787","ELEMENT":"f.70EA46D53BAEFF5909BCE503174AE3C6.d.A7A3A3F712257E6552ECC8B46476F6F2.e.5787"}]}
COMMAND: POST /session/8c6c9308aba27c05719f6849e8e7e04d/element - {"using":"xpath","value":"//table[contains(@id, \"application-ruinventorylist-display-component---Master--tableRuInventoryList-listUl\")]/tbody/tr[1]/td[2]/div/div"}
COMMAND: GET /session/8c6c9308aba27c05719f6849e8e7e04d/screenshot - {}
RESULT: {"using":"xpath","value":"//table[contains(@id, \"application-ruinventorylist-display-component---Master--tableRuInventoryList-listUl\")]/tbody/tr[1]/td[2]/div/div"}
COMMAND: POST /session/8c6c9308aba27c05719f6849e8e7e04d/element/f.70EA46D53BAEFF5909BCE503174AE3C6.d.A7A3A3F712257E6552ECC8B46476F6F2.e.5793/click - {}
RESULT: {}
RESULT: {}
COMMAND: GET /session/8c6c9308aba27c05719f6849e8e7e04d/screenshot - {}
RESULT: {}
COMMAND: POST /session/8c6c9308aba27c05719f6849e8e7e04d/element - {"using":"xpath","value":"//div[contains(@id, \"smartFilterBar-btnBasicSearch-reset\")]"}
RESULT: {"using":"xpath","value":"//div[contains(@id, \"smartFilterBar-btnBasicSearch-reset\")]"}
COMMAND: POST /session/8c6c9308aba27c05719f6849e8e7e04d/element/f.70EA46D53BAEFF5909BCE503174AE3C6.d.A7A3A3F712257E6552ECC8B46476F6F2.e.5804/click - {}
RESULT: {}
COMMAND: GET /session/8c6c9308aba27c05719f6849e8e7e04d/screenshot - {}
RESULT: {}
RESULT: undefined
COMMAND: POST /session/8c6c9308aba27c05719f6849e8e7e04d/execute/async - {"script":"<script> [776 bytes]","args":[{"enterText":"401002","selector":{"id":"application-ruinventorylist-display-component---Master--smartFilterBar-btnBasicSearch","interaction":{"idSuffix":"I"}},"clearTextFirst":true,"interactionType":"ENTER_TEXT"}]}
RESULT: {"script":"<script> [776 bytes]","args":[{"enterText":"401002","selector":{"id":"application-ruinventorylist-display-component---Master--smartFilterBar-btnBasicSearch","interaction":{"idSuffix":"I"}},"clearTextFirst":true,"interactionType":"ENTER_TEXT"}]}
COMMAND: POST /session/8c6c9308aba27c05719f6849e8e7e04d/actions - {"actions":[{"id":"action24","type":"key","parameters":{},"actions":[{"type":"keyDown","value":"î€‡"},{"type":"pause","duration":10},{"type":"keyUp","value":"î€‡"}]}]}
RESULT: {"actions":[{"id":"action24","type":"key","parameters":{},"actions":[{"type":"keyDown","value":"î€‡"},{"type":"pause","duration":10},{"type":"keyUp","value":"î€‡"}]}]}
COMMAND: GET /session/8c6c9308aba27c05719f6849e8e7e04d/screenshot - {}
RESULT: {}
COMMAND: POST /session/8c6c9308aba27c05719f6849e8e7e04d/element - {"using":"xpath","value":"//span[@id=\"application-ruinventorylist-display-component---Master--smartTableRuInventoryList-header-inner\"]"}
RESULT: {"using":"xpath","value":"//span[@id=\"application-ruinventorylist-display-component---Master--smartTableRuInventoryList-header-inner\"]"}
COMMAND: POST /session/8c6c9308aba27c05719f6849e8e7e04d/elements - {"using":"xpath","value":"//span[@id=\"application-ruinventorylist-display-component---Master--smartTableRuInventoryList-header-inner\"]"}
RESULT: {"using":"xpath","value":"//span[@id=\"application-ruinventorylist-display-component---Master--smartTableRuInventoryList-header-inner\"]"}
COMMAND: POST /session/8c6c9308aba27c05719f6849e8e7e04d/execute/sync - {"script":"<script> [56 bytes]","args":[{"element-6066-11e4-a52e-4f735466cecf":"f.70EA46D53BAEFF5909BCE503174AE3C6.d.A7A3A3F712257E6552ECC8B46476F6F2.e.5787","ELEMENT":"f.70EA46D53BAEFF5909BCE503174AE3C6.d.A7A3A3F712257E6552ECC8B46476F6F2.e.5787"}]}
RESULT: {"script":"<script> [56 bytes]","args":[{"element-6066-11e4-a52e-4f735466cecf":"f.70EA46D53BAEFF5909BCE503174AE3C6.d.A7A3A3F712257E6552ECC8B46476F6F2.e.5787","ELEMENT":"f.70EA46D53BAEFF5909BCE503174AE3C6.d.A7A3A3F712257E6552ECC8B46476F6F2.e.5787"}]}
COMMAND: POST /session/8c6c9308aba27c05719f6849e8e7e04d/element - {"using":"xpath","value":"//table[contains(@id, \"application-ruinventorylist-display-component---Master--tableRuInventoryList-listUl\")]/tbody/tr[1]/td[2]/div/div"}
COMMAND: GET /session/8c6c9308aba27c05719f6849e8e7e04d/screenshot - {}
RESULT: {"using":"xpath","value":"//table[contains(@id, \"application-ruinventorylist-display-component---Master--tableRuInventoryList-listUl\")]/tbody/tr[1]/td[2]/div/div"}
COMMAND: POST /session/8c6c9308aba27c05719f6849e8e7e04d/element/f.70EA46D53BAEFF5909BCE503174AE3C6.d.A7A3A3F712257E6552ECC8B46476F6F2.e.5988/click - {}
RESULT: {}
RESULT: {}
COMMAND: GET /session/8c6c9308aba27c05719f6849e8e7e04d/screenshot - {}
RESULT: {}
COMMAND: POST /session/8c6c9308aba27c05719f6849e8e7e04d/element - {"using":"xpath","value":"//div[contains(@id, \"smartFilterBar-btnBasicSearch-reset\")]"}
RESULT: {"using":"xpath","value":"//div[contains(@id, \"smartFilterBar-btnBasicSearch-reset\")]"}
COMMAND: POST /session/8c6c9308aba27c05719f6849e8e7e04d/element/f.70EA46D53BAEFF5909BCE503174AE3C6.d.A7A3A3F712257E6552ECC8B46476F6F2.e.5804/click - {}
RESULT: {}
COMMAND: GET /session/8c6c9308aba27c05719f6849e8e7e04d/screenshot - {}
RESULT: {}
RESULT: undefined
COMMAND: POST /session/8c6c9308aba27c05719f6849e8e7e04d/execute/async - {"script":"<script> [776 bytes]","args":[{"enterText":"fS0tr5WYmU","selector":{"id":"application-ruinventorylist-display-component---Master--smartFilterBar-btnBasicSearch","interaction":{"idSuffix":"I"}},"clearTextFirst":true,"interactionType":"ENTER_TEXT"}]}
RESULT: {"script":"<script> [776 bytes]","args":[{"enterText":"fS0tr5WYmU","selector":{"id":"application-ruinventorylist-display-component---Master--smartFilterBar-btnBasicSearch","interaction":{"idSuffix":"I"}},"clearTextFirst":true,"interactionType":"ENTER_TEXT"}]}
COMMAND: POST /session/8c6c9308aba27c05719f6849e8e7e04d/actions - {"actions":[{"id":"action25","type":"key","parameters":{},"actions":[{"type":"keyDown","value":"î€‡"},{"type":"pause","duration":10},{"type":"keyUp","value":"î€‡"}]}]}
RESULT: {"actions":[{"id":"action25","type":"key","parameters":{},"actions":[{"type":"keyDown","value":"î€‡"},{"type":"pause","duration":10},{"type":"keyUp","value":"î€‡"}]}]}
COMMAND: GET /session/8c6c9308aba27c05719f6849e8e7e04d/screenshot - {}
RESULT: {}
COMMAND: POST /session/8c6c9308aba27c05719f6849e8e7e04d/element - {"using":"xpath","value":"//span[@id=\"application-ruinventorylist-display-component---Master--smartTableRuInventoryList-header-inner\"]"}
RESULT: {"using":"xpath","value":"//span[@id=\"application-ruinventorylist-display-component---Master--smartTableRuInventoryList-header-inner\"]"}
COMMAND: POST /session/8c6c9308aba27c05719f6849e8e7e04d/elements - {"using":"xpath","value":"//span[@id=\"application-ruinventorylist-display-component---Master--smartTableRuInventoryList-header-inner\"]"}
RESULT: {"using":"xpath","value":"//span[@id=\"application-ruinventorylist-display-component---Master--smartTableRuInventoryList-header-inner\"]"}
COMMAND: POST /session/8c6c9308aba27c05719f6849e8e7e04d/execute/sync - {"script":"<script> [56 bytes]","args":[{"element-6066-11e4-a52e-4f735466cecf":"f.70EA46D53BAEFF5909BCE503174AE3C6.d.A7A3A3F712257E6552ECC8B46476F6F2.e.5787","ELEMENT":"f.70EA46D53BAEFF5909BCE503174AE3C6.d.A7A3A3F712257E6552ECC8B46476F6F2.e.5787"}]}
RESULT: {"script":"<script> [56 bytes]","args":[{"element-6066-11e4-a52e-4f735466cecf":"f.70EA46D53BAEFF5909BCE503174AE3C6.d.A7A3A3F712257E6552ECC8B46476F6F2.e.5787","ELEMENT":"f.70EA46D53BAEFF5909BCE503174AE3C6.d.A7A3A3F712257E6552ECC8B46476F6F2.e.5787"}]}
COMMAND: POST /session/8c6c9308aba27c05719f6849e8e7e04d/element - {"using":"xpath","value":"//table[contains(@id, \"application-ruinventorylist-display-component---Master--tableRuInventoryList-listUl\")]/tbody/tr[1]/td[2]/div/div"}
COMMAND: GET /session/8c6c9308aba27c05719f6849e8e7e04d/screenshot - {}
RESULT: {"using":"xpath","value":"//table[contains(@id, \"application-ruinventorylist-display-component---Master--tableRuInventoryList-listUl\")]/tbody/tr[1]/td[2]/div/div"}
COMMAND: POST /session/8c6c9308aba27c05719f6849e8e7e04d/element/f.70EA46D53BAEFF5909BCE503174AE3C6.d.A7A3A3F712257E6552ECC8B46476F6F2.e.6181/click - {}
RESULT: {}
RESULT: {}
COMMAND: GET /session/8c6c9308aba27c05719f6849e8e7e04d/screenshot - {}
RESULT: {}
COMMAND: POST /session/8c6c9308aba27c05719f6849e8e7e04d/element - {"using":"xpath","value":"//div[contains(@id, \"smartFilterBar-btnBasicSearch-reset\")]"}
RESULT: {"using":"xpath","value":"//div[contains(@id, \"smartFilterBar-btnBasicSearch-reset\")]"}
COMMAND: POST /session/8c6c9308aba27c05719f6849e8e7e04d/element/f.70EA46D53BAEFF5909BCE503174AE3C6.d.A7A3A3F712257E6552ECC8B46476F6F2.e.5804/click - {}
RESULT: {}
COMMAND: GET /session/8c6c9308aba27c05719f6849e8e7e04d/screenshot - {}
RESULT: {}
RESULT: undefined
COMMAND: POST /session/8c6c9308aba27c05719f6849e8e7e04d/execute/async - {"script":"<script> [776 bytes]","args":[{"enterText":"200389","selector":{"id":"application-ruinventorylist-display-component---Master--smartFilterBar-btnBasicSearch","interaction":{"idSuffix":"I"}},"clearTextFirst":true,"interactionType":"ENTER_TEXT"}]}
RESULT: {"script":"<script> [776 bytes]","args":[{"enterText":"200389","selector":{"id":"application-ruinventorylist-display-component---Master--smartFilterBar-btnBasicSearch","interaction":{"idSuffix":"I"}},"clearTextFirst":true,"interactionType":"ENTER_TEXT"}]}
COMMAND: POST /session/8c6c9308aba27c05719f6849e8e7e04d/actions - {"actions":[{"id":"action26","type":"key","parameters":{},"actions":[{"type":"keyDown","value":"î€‡"},{"type":"pause","duration":10},{"type":"keyUp","value":"î€‡"}]}]}
RESULT: {"actions":[{"id":"action26","type":"key","parameters":{},"actions":[{"type":"keyDown","value":"î€‡"},{"type":"pause","duration":10},{"type":"keyUp","value":"î€‡"}]}]}
COMMAND: GET /session/8c6c9308aba27c05719f6849e8e7e04d/screenshot - {}
RESULT: {}
COMMAND: POST /session/8c6c9308aba27c05719f6849e8e7e04d/element - {"using":"xpath","value":"//span[@id=\"application-ruinventorylist-display-component---Master--smartTableRuInventoryList-header-inner\"]"}
RESULT: {"using":"xpath","value":"//span[@id=\"application-ruinventorylist-display-component---Master--smartTableRuInventoryList-header-inner\"]"}
COMMAND: POST /session/8c6c9308aba27c05719f6849e8e7e04d/elements - {"using":"xpath","value":"//span[@id=\"application-ruinventorylist-display-component---Master--smartTableRuInventoryList-header-inner\"]"}
RESULT: {"using":"xpath","value":"//span[@id=\"application-ruinventorylist-display-component---Master--smartTableRuInventoryList-header-inner\"]"}
COMMAND: POST /session/8c6c9308aba27c05719f6849e8e7e04d/execute/sync - {"script":"<script> [56 bytes]","args":[{"element-6066-11e4-a52e-4f735466cecf":"f.70EA46D53BAEFF5909BCE503174AE3C6.d.A7A3A3F712257E6552ECC8B46476F6F2.e.5787","ELEMENT":"f.70EA46D53BAEFF5909BCE503174AE3C6.d.A7A3A3F712257E6552ECC8B46476F6F2.e.5787"}]}
RESULT: {"script":"<script> [56 bytes]","args":[{"element-6066-11e4-a52e-4f735466cecf":"f.70EA46D53BAEFF5909BCE503174AE3C6.d.A7A3A3F712257E6552ECC8B46476F6F2.e.5787","ELEMENT":"f.70EA46D53BAEFF5909BCE503174AE3C6.d.A7A3A3F712257E6552ECC8B46476F6F2.e.5787"}]}
COMMAND: POST /session/8c6c9308aba27c05719f6849e8e7e04d/element - {"using":"xpath","value":"//table[contains(@id, \"application-ruinventorylist-display-component---Master--tableRuInventoryList-listUl\")]/tbody/tr[1]/td[2]/div/div"}
COMMAND: GET /session/8c6c9308aba27c05719f6849e8e7e04d/screenshot - {}
RESULT: {"using":"xpath","value":"//table[contains(@id, \"application-ruinventorylist-display-component---Master--tableRuInventoryList-listUl\")]/tbody/tr[1]/td[2]/div/div"}
COMMAND: POST /session/8c6c9308aba27c05719f6849e8e7e04d/element/f.70EA46D53BAEFF5909BCE503174AE3C6.d.A7A3A3F712257E6552ECC8B46476F6F2.e.6373/click - {}
RESULT: {}
RESULT: {}
COMMAND: GET /session/8c6c9308aba27c05719f6849e8e7e04d/screenshot - {}
RESULT: {}
COMMAND: POST /session/8c6c9308aba27c05719f6849e8e7e04d/element - {"using":"xpath","value":"//div[contains(@id, \"smartFilterBar-btnBasicSearch-reset\")]"}
RESULT: {"using":"xpath","value":"//div[contains(@id, \"smartFilterBar-btnBasicSearch-reset\")]"}
COMMAND: POST /session/8c6c9308aba27c05719f6849e8e7e04d/element/f.70EA46D53BAEFF5909BCE503174AE3C6.d.A7A3A3F712257E6552ECC8B46476F6F2.e.5804/click - {}
RESULT: {}
COMMAND: GET /session/8c6c9308aba27c05719f6849e8e7e04d/screenshot - {}
RESULT: {}
COMMAND: POST /session/8c6c9308aba27c05719f6849e8e7e04d/element/f.70EA46D53BAEFF5909BCE503174AE3C6.d.A7A3A3F712257E6552ECC8B46476F6F2.e.5165/click - {}
RESULT: {}
COMMAND: GET /session/8c6c9308aba27c05719f6849e8e7e04d/screenshot - {}
RESULT: {}
COMMAND: POST /session/8c6c9308aba27c05719f6849e8e7e04d/execute/async - {"script":"<script> [1562 bytes]","args":[{"selector":{"id":"application-ruinventorylist-display-component---Master--effectiveDate","searchOpenDialogs":true,"interaction":{"idSuffix":"inner"}},"wdio_ui5_key":"applicationruinventorylist-display-component---Master--effectiveDate"}]}
RESULT: {"script":"<script> [1562 bytes]","args":[{"selector":{"id":"application-ruinventorylist-display-component---Master--effectiveDate","searchOpenDialogs":true,"interaction":{"idSuffix":"inner"}},"wdio_ui5_key":"applicationruinventorylist-display-component---Master--effectiveDate"}]}
RESULT: undefined
COMMAND: POST /session/8c6c9308aba27c05719f6849e8e7e04d/execute/async - {"script":"<script> [776 bytes]","args":[{"enterText":"05/07/25","selector":{"id":"application-ruinventorylist-display-component---Master--effectiveDate","searchOpenDialogs":true,"interaction":{"idSuffix":"inner"}},"clearTextFirst":true,"interactionType":"ENTER_TEXT"}]}
RESULT: {"script":"<script> [776 bytes]","args":[{"enterText":"05/07/25","selector":{"id":"application-ruinventorylist-display-component---Master--effectiveDate","searchOpenDialogs":true,"interaction":{"idSuffix":"inner"}},"clearTextFirst":true,"interactionType":"ENTER_TEXT"}]}
COMMAND: POST /session/8c6c9308aba27c05719f6849e8e7e04d/element - {"using":"xpath","value":"//span[contains(@data-kt,\"correctionMassStateChangeIcon\")]"}
RESULT: {"using":"xpath","value":"//span[contains(@data-kt,\"correctionMassStateChangeIcon\")]"}
COMMAND: POST /session/8c6c9308aba27c05719f6849e8e7e04d/elements - {"using":"xpath","value":"//span[contains(@data-kt,\"correctionMassStateChangeIcon\")]"}
RESULT: {"using":"xpath","value":"//span[contains(@data-kt,\"correctionMassStateChangeIcon\")]"}
COMMAND: POST /session/8c6c9308aba27c05719f6849e8e7e04d/elements - {"using":"xpath","value":"//span[contains(@data-kt,\"correctionMassStateChangeIcon\")]"}
RESULT: {"using":"xpath","value":"//span[contains(@data-kt,\"correctionMassStateChangeIcon\")]"}
RESULT: undefined
COMMAND: POST /session/8c6c9308aba27c05719f6849e8e7e04d/element - {"using":"xpath","value":"//*[@id=\"application-ruinventorylist-display-component---Master--ruStateTypes-arrow\"]"}
RESULT: {"using":"xpath","value":"//*[@id=\"application-ruinventorylist-display-component---Master--ruStateTypes-arrow\"]"}
COMMAND: POST /session/8c6c9308aba27c05719f6849e8e7e04d/element/f.70EA46D53BAEFF5909BCE503174AE3C6.d.A7A3A3F712257E6552ECC8B46476F6F2.e.6606/click - {}
RESULT: {}
COMMAND: GET /session/8c6c9308aba27c05719f6849e8e7e04d/screenshot - {}
RESULT: {}
COMMAND: POST /session/8c6c9308aba27c05719f6849e8e7e04d/element - {"using":"xpath","value":"//li[.//span[text()=\"defect\"]]"}
RESULT: {"using":"xpath","value":"//li[.//span[text()=\"defect\"]]"}
COMMAND: POST /session/8c6c9308aba27c05719f6849e8e7e04d/element/f.70EA46D53BAEFF5909BCE503174AE3C6.d.A7A3A3F712257E6552ECC8B46476F6F2.e.6607/click - {}
RESULT: {}
COMMAND: GET /session/8c6c9308aba27c05719f6849e8e7e04d/screenshot - {}
RESULT: {}
COMMAND: POST /session/8c6c9308aba27c05719f6849e8e7e04d/element - {"using":"xpath","value":"(//bdi[contains(text(), \"OK\")])[1]"}
RESULT: {"using":"xpath","value":"(//bdi[contains(text(), \"OK\")])[1]"}
COMMAND: POST /session/8c6c9308aba27c05719f6849e8e7e04d/element/f.70EA46D53BAEFF5909BCE503174AE3C6.d.A7A3A3F712257E6552ECC8B46476F6F2.e.6608/click - {}
RESULT: {}
COMMAND: GET /session/8c6c9308aba27c05719f6849e8e7e04d/screenshot - {}
RESULT: {}
COMMAND: POST /session/8c6c9308aba27c05719f6849e8e7e04d/element - {"using":"css selector","value":"div.sapMMessageBoxError"}
RESULT: {"using":"css selector","value":"div.sapMMessageBoxError"}
COMMAND: POST /session/8c6c9308aba27c05719f6849e8e7e04d/elements - {"using":"css selector","value":"div.sapMMessageBoxError"}
RESULT: {"using":"css selector","value":"div.sapMMessageBoxError"}
COMMAND: POST /session/8c6c9308aba27c05719f6849e8e7e04d/element - {"using":"xpath","value":"//div[contains(@class, \"sapMMessageBoxError\")]/section/div/div/span"}
RESULT: {"using":"xpath","value":"//div[contains(@class, \"sapMMessageBoxError\")]/section/div/div/span"}
COMMAND: POST /session/8c6c9308aba27c05719f6849e8e7e04d/execute/sync - {"script":"<script> [56 bytes]","args":[{"element-6066-11e4-a52e-4f735466cecf":"f.70EA46D53BAEFF5909BCE503174AE3C6.d.A7A3A3F712257E6552ECC8B46476F6F2.e.6612","ELEMENT":"f.70EA46D53BAEFF5909BCE503174AE3C6.d.A7A3A3F712257E6552ECC8B46476F6F2.e.6612"}]}
RESULT: {"script":"<script> [56 bytes]","args":[{"element-6066-11e4-a52e-4f735466cecf":"f.70EA46D53BAEFF5909BCE503174AE3C6.d.A7A3A3F712257E6552ECC8B46476F6F2.e.6612","ELEMENT":"f.70EA46D53BAEFF5909BCE503174AE3C6.d.A7A3A3F712257E6552ECC8B46476F6F2.e.6612"}]}
COMMAND: POST /session/8c6c9308aba27c05719f6849e8e7e04d/element - {"using":"xpath","value":"(//bdi[contains(text(), \"Close\")])[1]"}
COMMAND: GET /session/8c6c9308aba27c05719f6849e8e7e04d/screenshot - {}
RESULT: {"using":"xpath","value":"(//bdi[contains(text(), \"Close\")])[1]"}
COMMAND: POST /session/8c6c9308aba27c05719f6849e8e7e04d/element/f.70EA46D53BAEFF5909BCE503174AE3C6.d.A7A3A3F712257E6552ECC8B46476F6F2.e.6613/click - {}
RESULT: {}
RESULT: {}
COMMAND: GET /session/8c6c9308aba27c05719f6849e8e7e04d/screenshot - {}
RESULT: {}
RESULT: undefined
COMMAND: POST /session/8c6c9308aba27c05719f6849e8e7e04d/execute/async - {"script":"<script> [776 bytes]","args":[{"enterText":"05/08/25","selector":{"id":"application-ruinventorylist-display-component---Master--effectiveDate","searchOpenDialogs":true,"interaction":{"idSuffix":"inner"}},"clearTextFirst":true,"interactionType":"ENTER_TEXT"}]}
RESULT: {"script":"<script> [776 bytes]","args":[{"enterText":"05/08/25","selector":{"id":"application-ruinventorylist-display-component---Master--effectiveDate","searchOpenDialogs":true,"interaction":{"idSuffix":"inner"}},"clearTextFirst":true,"interactionType":"ENTER_TEXT"}]}
COMMAND: POST /session/8c6c9308aba27c05719f6849e8e7e04d/element - {"using":"xpath","value":"(//bdi[contains(text(), \"OK\")])[1]"}
RESULT: {"using":"xpath","value":"(//bdi[contains(text(), \"OK\")])[1]"}
COMMAND: POST /session/8c6c9308aba27c05719f6849e8e7e04d/element/f.70EA46D53BAEFF5909BCE503174AE3C6.d.A7A3A3F712257E6552ECC8B46476F6F2.e.6608/click - {}
RESULT: {}
COMMAND: GET /session/8c6c9308aba27c05719f6849e8e7e04d/screenshot - {}
RESULT: {}
COMMAND: POST /session/8c6c9308aba27c05719f6849e8e7e04d/element - {"using":"xpath","value":"(//bdi[contains(text(), \"OK\")])[2]"}
RESULT: {"using":"xpath","value":"(//bdi[contains(text(), \"OK\")])[2]"}
COMMAND: POST /session/8c6c9308aba27c05719f6849e8e7e04d/element/f.70EA46D53BAEFF5909BCE503174AE3C6.d.A7A3A3F712257E6552ECC8B46476F6F2.e.6655/click - {}
RESULT: {}
COMMAND: GET /session/8c6c9308aba27c05719f6849e8e7e04d/screenshot - {}
RESULT: {}
RESULT: undefined
COMMAND: POST /session/8c6c9308aba27c05719f6849e8e7e04d/execute/async - {"script":"<script> [776 bytes]","args":[{"enterText":"600002","selector":{"id":"application-ruinventorylist-display-component---Master--smartFilterBar-btnBasicSearch","interaction":{"idSuffix":"I"}},"clearTextFirst":true,"interactionType":"ENTER_TEXT"}]}
RESULT: {"script":"<script> [776 bytes]","args":[{"enterText":"600002","selector":{"id":"application-ruinventorylist-display-component---Master--smartFilterBar-btnBasicSearch","interaction":{"idSuffix":"I"}},"clearTextFirst":true,"interactionType":"ENTER_TEXT"}]}
COMMAND: POST /session/8c6c9308aba27c05719f6849e8e7e04d/actions - {"actions":[{"id":"action27","type":"key","parameters":{},"actions":[{"type":"keyDown","value":"î€‡"},{"type":"pause","duration":10},{"type":"keyUp","value":"î€‡"}]}]}
RESULT: {"actions":[{"id":"action27","type":"key","parameters":{},"actions":[{"type":"keyDown","value":"î€‡"},{"type":"pause","duration":10},{"type":"keyUp","value":"î€‡"}]}]}
COMMAND: GET /session/8c6c9308aba27c05719f6849e8e7e04d/screenshot - {}
RESULT: {}
COMMAND: POST /session/8c6c9308aba27c05719f6849e8e7e04d/element - {"using":"xpath","value":"//span[@id=\"application-ruinventorylist-display-component---Master--smartTableRuInventoryList-header-inner\"]"}
RESULT: {"using":"xpath","value":"//span[@id=\"application-ruinventorylist-display-component---Master--smartTableRuInventoryList-header-inner\"]"}
COMMAND: POST /session/8c6c9308aba27c05719f6849e8e7e04d/elements - {"using":"xpath","value":"//span[@id=\"application-ruinventorylist-display-component---Master--smartTableRuInventoryList-header-inner\"]"}
RESULT: {"using":"xpath","value":"//span[@id=\"application-ruinventorylist-display-component---Master--smartTableRuInventoryList-header-inner\"]"}
COMMAND: POST /session/8c6c9308aba27c05719f6849e8e7e04d/execute/sync - {"script":"<script> [56 bytes]","args":[{"element-6066-11e4-a52e-4f735466cecf":"f.70EA46D53BAEFF5909BCE503174AE3C6.d.A7A3A3F712257E6552ECC8B46476F6F2.e.5787","ELEMENT":"f.70EA46D53BAEFF5909BCE503174AE3C6.d.A7A3A3F712257E6552ECC8B46476F6F2.e.5787"}]}
RESULT: {"script":"<script> [56 bytes]","args":[{"element-6066-11e4-a52e-4f735466cecf":"f.70EA46D53BAEFF5909BCE503174AE3C6.d.A7A3A3F712257E6552ECC8B46476F6F2.e.5787","ELEMENT":"f.70EA46D53BAEFF5909BCE503174AE3C6.d.A7A3A3F712257E6552ECC8B46476F6F2.e.5787"}]}
COMMAND: POST /session/8c6c9308aba27c05719f6849e8e7e04d/element - {"using":"xpath","value":"//table[contains(@id, \"application-ruinventorylist-display-component---Master--tableRuInventoryList-listUl\")]/tbody/tr[1]/td[6]/div/span"}
COMMAND: GET /session/8c6c9308aba27c05719f6849e8e7e04d/screenshot - {}
RESULT: {"using":"xpath","value":"//table[contains(@id, \"application-ruinventorylist-display-component---Master--tableRuInventoryList-listUl\")]/tbody/tr[1]/td[6]/div/span"}
COMMAND: POST /session/8c6c9308aba27c05719f6849e8e7e04d/execute/sync - {"script":"<script> [56 bytes]","args":[{"element-6066-11e4-a52e-4f735466cecf":"f.70EA46D53BAEFF5909BCE503174AE3C6.d.A7A3A3F712257E6552ECC8B46476F6F2.e.6672","ELEMENT":"f.70EA46D53BAEFF5909BCE503174AE3C6.d.A7A3A3F712257E6552ECC8B46476F6F2.e.6672"}]}
RESULT: {}
RESULT: {"script":"<script> [56 bytes]","args":[{"element-6066-11e4-a52e-4f735466cecf":"f.70EA46D53BAEFF5909BCE503174AE3C6.d.A7A3A3F712257E6552ECC8B46476F6F2.e.6672","ELEMENT":"f.70EA46D53BAEFF5909BCE503174AE3C6.d.A7A3A3F712257E6552ECC8B46476F6F2.e.6672"}]}
COMMAND: POST /session/8c6c9308aba27c05719f6849e8e7e04d/element - {"using":"xpath","value":"//div[contains(@id, \"smartFilterBar-btnBasicSearch-reset\")]"}
COMMAND: GET /session/8c6c9308aba27c05719f6849e8e7e04d/screenshot - {}
RESULT: {"using":"xpath","value":"//div[contains(@id, \"smartFilterBar-btnBasicSearch-reset\")]"}
COMMAND: POST /session/8c6c9308aba27c05719f6849e8e7e04d/element/f.70EA46D53BAEFF5909BCE503174AE3C6.d.A7A3A3F712257E6552ECC8B46476F6F2.e.5804/click - {}
RESULT: {}
RESULT: {}
COMMAND: GET /session/8c6c9308aba27c05719f6849e8e7e04d/screenshot - {}
RESULT: {}
RESULT: undefined
COMMAND: POST /session/8c6c9308aba27c05719f6849e8e7e04d/execute/async - {"script":"<script> [776 bytes]","args":[{"enterText":"401002","selector":{"id":"application-ruinventorylist-display-component---Master--smartFilterBar-btnBasicSearch","interaction":{"idSuffix":"I"}},"clearTextFirst":true,"interactionType":"ENTER_TEXT"}]}
RESULT: {"script":"<script> [776 bytes]","args":[{"enterText":"401002","selector":{"id":"application-ruinventorylist-display-component---Master--smartFilterBar-btnBasicSearch","interaction":{"idSuffix":"I"}},"clearTextFirst":true,"interactionType":"ENTER_TEXT"}]}
COMMAND: POST /session/8c6c9308aba27c05719f6849e8e7e04d/actions - {"actions":[{"id":"action28","type":"key","parameters":{},"actions":[{"type":"keyDown","value":"î€‡"},{"type":"pause","duration":10},{"type":"keyUp","value":"î€‡"}]}]}
RESULT: {"actions":[{"id":"action28","type":"key","parameters":{},"actions":[{"type":"keyDown","value":"î€‡"},{"type":"pause","duration":10},{"type":"keyUp","value":"î€‡"}]}]}
COMMAND: GET /session/8c6c9308aba27c05719f6849e8e7e04d/screenshot - {}
RESULT: {}
COMMAND: POST /session/8c6c9308aba27c05719f6849e8e7e04d/element - {"using":"xpath","value":"//span[@id=\"application-ruinventorylist-display-component---Master--smartTableRuInventoryList-header-inner\"]"}
RESULT: {"using":"xpath","value":"//span[@id=\"application-ruinventorylist-display-component---Master--smartTableRuInventoryList-header-inner\"]"}
COMMAND: POST /session/8c6c9308aba27c05719f6849e8e7e04d/elements - {"using":"xpath","value":"//span[@id=\"application-ruinventorylist-display-component---Master--smartTableRuInventoryList-header-inner\"]"}
RESULT: {"using":"xpath","value":"//span[@id=\"application-ruinventorylist-display-component---Master--smartTableRuInventoryList-header-inner\"]"}
COMMAND: POST /session/8c6c9308aba27c05719f6849e8e7e04d/execute/sync - {"script":"<script> [56 bytes]","args":[{"element-6066-11e4-a52e-4f735466cecf":"f.70EA46D53BAEFF5909BCE503174AE3C6.d.A7A3A3F712257E6552ECC8B46476F6F2.e.5787","ELEMENT":"f.70EA46D53BAEFF5909BCE503174AE3C6.d.A7A3A3F712257E6552ECC8B46476F6F2.e.5787"}]}
RESULT: {"script":"<script> [56 bytes]","args":[{"element-6066-11e4-a52e-4f735466cecf":"f.70EA46D53BAEFF5909BCE503174AE3C6.d.A7A3A3F712257E6552ECC8B46476F6F2.e.5787","ELEMENT":"f.70EA46D53BAEFF5909BCE503174AE3C6.d.A7A3A3F712257E6552ECC8B46476F6F2.e.5787"}]}
COMMAND: POST /session/8c6c9308aba27c05719f6849e8e7e04d/element - {"using":"xpath","value":"//table[contains(@id, \"application-ruinventorylist-display-component---Master--tableRuInventoryList-listUl\")]/tbody/tr[1]/td[6]/div/span"}
COMMAND: GET /session/8c6c9308aba27c05719f6849e8e7e04d/screenshot - {}
RESULT: {"using":"xpath","value":"//table[contains(@id, \"application-ruinventorylist-display-component---Master--tableRuInventoryList-listUl\")]/tbody/tr[1]/td[6]/div/span"}
COMMAND: POST /session/8c6c9308aba27c05719f6849e8e7e04d/execute/sync - {"script":"<script> [56 bytes]","args":[{"element-6066-11e4-a52e-4f735466cecf":"f.70EA46D53BAEFF5909BCE503174AE3C6.d.A7A3A3F712257E6552ECC8B46476F6F2.e.6778","ELEMENT":"f.70EA46D53BAEFF5909BCE503174AE3C6.d.A7A3A3F712257E6552ECC8B46476F6F2.e.6778"}]}
RESULT: {}
RESULT: {"script":"<script> [56 bytes]","args":[{"element-6066-11e4-a52e-4f735466cecf":"f.70EA46D53BAEFF5909BCE503174AE3C6.d.A7A3A3F712257E6552ECC8B46476F6F2.e.6778","ELEMENT":"f.70EA46D53BAEFF5909BCE503174AE3C6.d.A7A3A3F712257E6552ECC8B46476F6F2.e.6778"}]}
COMMAND: POST /session/8c6c9308aba27c05719f6849e8e7e04d/element - {"using":"xpath","value":"//div[contains(@id, \"smartFilterBar-btnBasicSearch-reset\")]"}
COMMAND: GET /session/8c6c9308aba27c05719f6849e8e7e04d/screenshot - {}
RESULT: {"using":"xpath","value":"//div[contains(@id, \"smartFilterBar-btnBasicSearch-reset\")]"}
COMMAND: POST /session/8c6c9308aba27c05719f6849e8e7e04d/element/f.70EA46D53BAEFF5909BCE503174AE3C6.d.A7A3A3F712257E6552ECC8B46476F6F2.e.5804/click - {}
RESULT: {}
RESULT: {}
COMMAND: GET /session/8c6c9308aba27c05719f6849e8e7e04d/screenshot - {}
RESULT: {}
RESULT: undefined
COMMAND: POST /session/8c6c9308aba27c05719f6849e8e7e04d/execute/async - {"script":"<script> [776 bytes]","args":[{"enterText":"fS0tr5WYmU","selector":{"id":"application-ruinventorylist-display-component---Master--smartFilterBar-btnBasicSearch","interaction":{"idSuffix":"I"}},"clearTextFirst":true,"interactionType":"ENTER_TEXT"}]}
RESULT: {"script":"<script> [776 bytes]","args":[{"enterText":"fS0tr5WYmU","selector":{"id":"application-ruinventorylist-display-component---Master--smartFilterBar-btnBasicSearch","interaction":{"idSuffix":"I"}},"clearTextFirst":true,"interactionType":"ENTER_TEXT"}]}
COMMAND: POST /session/8c6c9308aba27c05719f6849e8e7e04d/actions - {"actions":[{"id":"action29","type":"key","parameters":{},"actions":[{"type":"keyDown","value":"î€‡"},{"type":"pause","duration":10},{"type":"keyUp","value":"î€‡"}]}]}
RESULT: {"actions":[{"id":"action29","type":"key","parameters":{},"actions":[{"type":"keyDown","value":"î€‡"},{"type":"pause","duration":10},{"type":"keyUp","value":"î€‡"}]}]}
COMMAND: GET /session/8c6c9308aba27c05719f6849e8e7e04d/screenshot - {}
RESULT: {}
COMMAND: POST /session/8c6c9308aba27c05719f6849e8e7e04d/element - {"using":"xpath","value":"//span[@id=\"application-ruinventorylist-display-component---Master--smartTableRuInventoryList-header-inner\"]"}
RESULT: {"using":"xpath","value":"//span[@id=\"application-ruinventorylist-display-component---Master--smartTableRuInventoryList-header-inner\"]"}
COMMAND: POST /session/8c6c9308aba27c05719f6849e8e7e04d/elements - {"using":"xpath","value":"//span[@id=\"application-ruinventorylist-display-component---Master--smartTableRuInventoryList-header-inner\"]"}
RESULT: {"using":"xpath","value":"//span[@id=\"application-ruinventorylist-display-component---Master--smartTableRuInventoryList-header-inner\"]"}
COMMAND: POST /session/8c6c9308aba27c05719f6849e8e7e04d/execute/sync - {"script":"<script> [56 bytes]","args":[{"element-6066-11e4-a52e-4f735466cecf":"f.70EA46D53BAEFF5909BCE503174AE3C6.d.A7A3A3F712257E6552ECC8B46476F6F2.e.5787","ELEMENT":"f.70EA46D53BAEFF5909BCE503174AE3C6.d.A7A3A3F712257E6552ECC8B46476F6F2.e.5787"}]}
RESULT: {"script":"<script> [56 bytes]","args":[{"element-6066-11e4-a52e-4f735466cecf":"f.70EA46D53BAEFF5909BCE503174AE3C6.d.A7A3A3F712257E6552ECC8B46476F6F2.e.5787","ELEMENT":"f.70EA46D53BAEFF5909BCE503174AE3C6.d.A7A3A3F712257E6552ECC8B46476F6F2.e.5787"}]}
COMMAND: POST /session/8c6c9308aba27c05719f6849e8e7e04d/element - {"using":"xpath","value":"//table[contains(@id, \"application-ruinventorylist-display-component---Master--tableRuInventoryList-listUl\")]/tbody/tr[1]/td[6]/div/span"}
COMMAND: GET /session/8c6c9308aba27c05719f6849e8e7e04d/screenshot - {}
RESULT: {"using":"xpath","value":"//table[contains(@id, \"application-ruinventorylist-display-component---Master--tableRuInventoryList-listUl\")]/tbody/tr[1]/td[6]/div/span"}
COMMAND: POST /session/8c6c9308aba27c05719f6849e8e7e04d/execute/sync - {"script":"<script> [56 bytes]","args":[{"element-6066-11e4-a52e-4f735466cecf":"f.70EA46D53BAEFF5909BCE503174AE3C6.d.A7A3A3F712257E6552ECC8B46476F6F2.e.6881","ELEMENT":"f.70EA46D53BAEFF5909BCE503174AE3C6.d.A7A3A3F712257E6552ECC8B46476F6F2.e.6881"}]}
RESULT: {}
RESULT: {"script":"<script> [56 bytes]","args":[{"element-6066-11e4-a52e-4f735466cecf":"f.70EA46D53BAEFF5909BCE503174AE3C6.d.A7A3A3F712257E6552ECC8B46476F6F2.e.6881","ELEMENT":"f.70EA46D53BAEFF5909BCE503174AE3C6.d.A7A3A3F712257E6552ECC8B46476F6F2.e.6881"}]}
COMMAND: POST /session/8c6c9308aba27c05719f6849e8e7e04d/element - {"using":"xpath","value":"//div[contains(@id, \"smartFilterBar-btnBasicSearch-reset\")]"}
COMMAND: GET /session/8c6c9308aba27c05719f6849e8e7e04d/screenshot - {}
RESULT: {"using":"xpath","value":"//div[contains(@id, \"smartFilterBar-btnBasicSearch-reset\")]"}
COMMAND: POST /session/8c6c9308aba27c05719f6849e8e7e04d/element/f.70EA46D53BAEFF5909BCE503174AE3C6.d.A7A3A3F712257E6552ECC8B46476F6F2.e.5804/click - {}
RESULT: {}
RESULT: {}
COMMAND: GET /session/8c6c9308aba27c05719f6849e8e7e04d/screenshot - {}
RESULT: {}
RESULT: undefined
COMMAND: POST /session/8c6c9308aba27c05719f6849e8e7e04d/execute/async - {"script":"<script> [776 bytes]","args":[{"enterText":"200389","selector":{"id":"application-ruinventorylist-display-component---Master--smartFilterBar-btnBasicSearch","interaction":{"idSuffix":"I"}},"clearTextFirst":true,"interactionType":"ENTER_TEXT"}]}
RESULT: {"script":"<script> [776 bytes]","args":[{"enterText":"200389","selector":{"id":"application-ruinventorylist-display-component---Master--smartFilterBar-btnBasicSearch","interaction":{"idSuffix":"I"}},"clearTextFirst":true,"interactionType":"ENTER_TEXT"}]}
COMMAND: POST /session/8c6c9308aba27c05719f6849e8e7e04d/actions - {"actions":[{"id":"action30","type":"key","parameters":{},"actions":[{"type":"keyDown","value":"î€‡"},{"type":"pause","duration":10},{"type":"keyUp","value":"î€‡"}]}]}
RESULT: {"actions":[{"id":"action30","type":"key","parameters":{},"actions":[{"type":"keyDown","value":"î€‡"},{"type":"pause","duration":10},{"type":"keyUp","value":"î€‡"}]}]}
COMMAND: GET /session/8c6c9308aba27c05719f6849e8e7e04d/screenshot - {}
RESULT: {}
COMMAND: POST /session/8c6c9308aba27c05719f6849e8e7e04d/element - {"using":"xpath","value":"//span[@id=\"application-ruinventorylist-display-component---Master--smartTableRuInventoryList-header-inner\"]"}
RESULT: {"using":"xpath","value":"//span[@id=\"application-ruinventorylist-display-component---Master--smartTableRuInventoryList-header-inner\"]"}
COMMAND: POST /session/8c6c9308aba27c05719f6849e8e7e04d/elements - {"using":"xpath","value":"//span[@id=\"application-ruinventorylist-display-component---Master--smartTableRuInventoryList-header-inner\"]"}
RESULT: {"using":"xpath","value":"//span[@id=\"application-ruinventorylist-display-component---Master--smartTableRuInventoryList-header-inner\"]"}
COMMAND: POST /session/8c6c9308aba27c05719f6849e8e7e04d/execute/sync - {"script":"<script> [56 bytes]","args":[{"element-6066-11e4-a52e-4f735466cecf":"f.70EA46D53BAEFF5909BCE503174AE3C6.d.A7A3A3F712257E6552ECC8B46476F6F2.e.5787","ELEMENT":"f.70EA46D53BAEFF5909BCE503174AE3C6.d.A7A3A3F712257E6552ECC8B46476F6F2.e.5787"}]}
RESULT: {"script":"<script> [56 bytes]","args":[{"element-6066-11e4-a52e-4f735466cecf":"f.70EA46D53BAEFF5909BCE503174AE3C6.d.A7A3A3F712257E6552ECC8B46476F6F2.e.5787","ELEMENT":"f.70EA46D53BAEFF5909BCE503174AE3C6.d.A7A3A3F712257E6552ECC8B46476F6F2.e.5787"}]}
COMMAND: POST /session/8c6c9308aba27c05719f6849e8e7e04d/element - {"using":"xpath","value":"//table[contains(@id, \"application-ruinventorylist-display-component---Master--tableRuInventoryList-listUl\")]/tbody/tr[1]/td[6]/div/span"}
COMMAND: GET /session/8c6c9308aba27c05719f6849e8e7e04d/screenshot - {}
RESULT: {"using":"xpath","value":"//table[contains(@id, \"application-ruinventorylist-display-component---Master--tableRuInventoryList-listUl\")]/tbody/tr[1]/td[6]/div/span"}
COMMAND: POST /session/8c6c9308aba27c05719f6849e8e7e04d/execute/sync - {"script":"<script> [56 bytes]","args":[{"element-6066-11e4-a52e-4f735466cecf":"f.70EA46D53BAEFF5909BCE503174AE3C6.d.A7A3A3F712257E6552ECC8B46476F6F2.e.6985","ELEMENT":"f.70EA46D53BAEFF5909BCE503174AE3C6.d.A7A3A3F712257E6552ECC8B46476F6F2.e.6985"}]}
RESULT: {}
RESULT: {"script":"<script> [56 bytes]","args":[{"element-6066-11e4-a52e-4f735466cecf":"f.70EA46D53BAEFF5909BCE503174AE3C6.d.A7A3A3F712257E6552ECC8B46476F6F2.e.6985","ELEMENT":"f.70EA46D53BAEFF5909BCE503174AE3C6.d.A7A3A3F712257E6552ECC8B46476F6F2.e.6985"}]}
COMMAND: POST /session/8c6c9308aba27c05719f6849e8e7e04d/element - {"using":"xpath","value":"//div[contains(@id, \"smartFilterBar-btnBasicSearch-reset\")]"}
COMMAND: GET /session/8c6c9308aba27c05719f6849e8e7e04d/screenshot - {}
RESULT: {"using":"xpath","value":"//div[contains(@id, \"smartFilterBar-btnBasicSearch-reset\")]"}
COMMAND: POST /session/8c6c9308aba27c05719f6849e8e7e04d/element/f.70EA46D53BAEFF5909BCE503174AE3C6.d.A7A3A3F712257E6552ECC8B46476F6F2.e.5804/click - {}
RESULT: {}
RESULT: {}
COMMAND: GET /session/8c6c9308aba27c05719f6849e8e7e04d/screenshot - {}
RESULT: {}
COMMAND: POST /session/8c6c9308aba27c05719f6849e8e7e04d/element/f.70EA46D53BAEFF5909BCE503174AE3C6.d.A7A3A3F712257E6552ECC8B46476F6F2.e.5165/click - {}
RESULT: {}
COMMAND: GET /session/8c6c9308aba27c05719f6849e8e7e04d/screenshot - {}
RESULT: {}
RESULT: undefined
COMMAND: POST /session/8c6c9308aba27c05719f6849e8e7e04d/execute/async - {"script":"<script> [776 bytes]","args":[{"enterText":"600002","selector":{"id":"application-ruinventorylist-display-component---Master--smartFilterBar-btnBasicSearch","interaction":{"idSuffix":"I"}},"clearTextFirst":true,"interactionType":"ENTER_TEXT"}]}
RESULT: {"script":"<script> [776 bytes]","args":[{"enterText":"600002","selector":{"id":"application-ruinventorylist-display-component---Master--smartFilterBar-btnBasicSearch","interaction":{"idSuffix":"I"}},"clearTextFirst":true,"interactionType":"ENTER_TEXT"}]}
COMMAND: POST /session/8c6c9308aba27c05719f6849e8e7e04d/actions - {"actions":[{"id":"action31","type":"key","parameters":{},"actions":[{"type":"keyDown","value":"î€‡"},{"type":"pause","duration":10},{"type":"keyUp","value":"î€‡"}]}]}
RESULT: {"actions":[{"id":"action31","type":"key","parameters":{},"actions":[{"type":"keyDown","value":"î€‡"},{"type":"pause","duration":10},{"type":"keyUp","value":"î€‡"}]}]}
COMMAND: GET /session/8c6c9308aba27c05719f6849e8e7e04d/screenshot - {}
RESULT: {}
COMMAND: POST /session/8c6c9308aba27c05719f6849e8e7e04d/element - {"using":"xpath","value":"//span[@id=\"application-ruinventorylist-display-component---Master--smartTableRuInventoryList-header-inner\"]"}
RESULT: {"using":"xpath","value":"//span[@id=\"application-ruinventorylist-display-component---Master--smartTableRuInventoryList-header-inner\"]"}
COMMAND: POST /session/8c6c9308aba27c05719f6849e8e7e04d/elements - {"using":"xpath","value":"//span[@id=\"application-ruinventorylist-display-component---Master--smartTableRuInventoryList-header-inner\"]"}
RESULT: {"using":"xpath","value":"//span[@id=\"application-ruinventorylist-display-component---Master--smartTableRuInventoryList-header-inner\"]"}
COMMAND: POST /session/8c6c9308aba27c05719f6849e8e7e04d/execute/sync - {"script":"<script> [56 bytes]","args":[{"element-6066-11e4-a52e-4f735466cecf":"f.70EA46D53BAEFF5909BCE503174AE3C6.d.A7A3A3F712257E6552ECC8B46476F6F2.e.5787","ELEMENT":"f.70EA46D53BAEFF5909BCE503174AE3C6.d.A7A3A3F712257E6552ECC8B46476F6F2.e.5787"}]}
RESULT: {"script":"<script> [56 bytes]","args":[{"element-6066-11e4-a52e-4f735466cecf":"f.70EA46D53BAEFF5909BCE503174AE3C6.d.A7A3A3F712257E6552ECC8B46476F6F2.e.5787","ELEMENT":"f.70EA46D53BAEFF5909BCE503174AE3C6.d.A7A3A3F712257E6552ECC8B46476F6F2.e.5787"}]}
COMMAND: POST /session/8c6c9308aba27c05719f6849e8e7e04d/element - {"using":"xpath","value":"//table[contains(@id, \"application-ruinventorylist-display-component---Master--tableRuInventoryList-listUl\")]/tbody/tr[1]/td[2]/div/div"}
COMMAND: GET /session/8c6c9308aba27c05719f6849e8e7e04d/screenshot - {}
RESULT: {"using":"xpath","value":"//table[contains(@id, \"application-ruinventorylist-display-component---Master--tableRuInventoryList-listUl\")]/tbody/tr[1]/td[2]/div/div"}
COMMAND: POST /session/8c6c9308aba27c05719f6849e8e7e04d/element/f.70EA46D53BAEFF5909BCE503174AE3C6.d.A7A3A3F712257E6552ECC8B46476F6F2.e.7284/click - {}
RESULT: {}
RESULT: {}
COMMAND: GET /session/8c6c9308aba27c05719f6849e8e7e04d/screenshot - {}
RESULT: {}
COMMAND: POST /session/8c6c9308aba27c05719f6849e8e7e04d/element - {"using":"xpath","value":"//div[contains(@id, \"smartFilterBar-btnBasicSearch-reset\")]"}
RESULT: {"using":"xpath","value":"//div[contains(@id, \"smartFilterBar-btnBasicSearch-reset\")]"}
COMMAND: POST /session/8c6c9308aba27c05719f6849e8e7e04d/element/f.70EA46D53BAEFF5909BCE503174AE3C6.d.A7A3A3F712257E6552ECC8B46476F6F2.e.5804/click - {}
RESULT: {}
COMMAND: GET /session/8c6c9308aba27c05719f6849e8e7e04d/screenshot - {}
RESULT: {}
RESULT: undefined
COMMAND: POST /session/8c6c9308aba27c05719f6849e8e7e04d/execute/async - {"script":"<script> [776 bytes]","args":[{"enterText":"401002","selector":{"id":"application-ruinventorylist-display-component---Master--smartFilterBar-btnBasicSearch","interaction":{"idSuffix":"I"}},"clearTextFirst":true,"interactionType":"ENTER_TEXT"}]}
RESULT: {"script":"<script> [776 bytes]","args":[{"enterText":"401002","selector":{"id":"application-ruinventorylist-display-component---Master--smartFilterBar-btnBasicSearch","interaction":{"idSuffix":"I"}},"clearTextFirst":true,"interactionType":"ENTER_TEXT"}]}
COMMAND: POST /session/8c6c9308aba27c05719f6849e8e7e04d/actions - {"actions":[{"id":"action32","type":"key","parameters":{},"actions":[{"type":"keyDown","value":"î€‡"},{"type":"pause","duration":10},{"type":"keyUp","value":"î€‡"}]}]}
RESULT: {"actions":[{"id":"action32","type":"key","parameters":{},"actions":[{"type":"keyDown","value":"î€‡"},{"type":"pause","duration":10},{"type":"keyUp","value":"î€‡"}]}]}
COMMAND: GET /session/8c6c9308aba27c05719f6849e8e7e04d/screenshot - {}
RESULT: {}
COMMAND: POST /session/8c6c9308aba27c05719f6849e8e7e04d/element - {"using":"xpath","value":"//span[@id=\"application-ruinventorylist-display-component---Master--smartTableRuInventoryList-header-inner\"]"}
RESULT: {"using":"xpath","value":"//span[@id=\"application-ruinventorylist-display-component---Master--smartTableRuInventoryList-header-inner\"]"}
COMMAND: POST /session/8c6c9308aba27c05719f6849e8e7e04d/elements - {"using":"xpath","value":"//span[@id=\"application-ruinventorylist-display-component---Master--smartTableRuInventoryList-header-inner\"]"}
RESULT: {"using":"xpath","value":"//span[@id=\"application-ruinventorylist-display-component---Master--smartTableRuInventoryList-header-inner\"]"}
COMMAND: POST /session/8c6c9308aba27c05719f6849e8e7e04d/execute/sync - {"script":"<script> [56 bytes]","args":[{"element-6066-11e4-a52e-4f735466cecf":"f.70EA46D53BAEFF5909BCE503174AE3C6.d.A7A3A3F712257E6552ECC8B46476F6F2.e.5787","ELEMENT":"f.70EA46D53BAEFF5909BCE503174AE3C6.d.A7A3A3F712257E6552ECC8B46476F6F2.e.5787"}]}
RESULT: {"script":"<script> [56 bytes]","args":[{"element-6066-11e4-a52e-4f735466cecf":"f.70EA46D53BAEFF5909BCE503174AE3C6.d.A7A3A3F712257E6552ECC8B46476F6F2.e.5787","ELEMENT":"f.70EA46D53BAEFF5909BCE503174AE3C6.d.A7A3A3F712257E6552ECC8B46476F6F2.e.5787"}]}
COMMAND: POST /session/8c6c9308aba27c05719f6849e8e7e04d/element - {"using":"xpath","value":"//table[contains(@id, \"application-ruinventorylist-display-component---Master--tableRuInventoryList-listUl\")]/tbody/tr[1]/td[2]/div/div"}
COMMAND: GET /session/8c6c9308aba27c05719f6849e8e7e04d/screenshot - {}
RESULT: {"using":"xpath","value":"//table[contains(@id, \"application-ruinventorylist-display-component---Master--tableRuInventoryList-listUl\")]/tbody/tr[1]/td[2]/div/div"}
COMMAND: POST /session/8c6c9308aba27c05719f6849e8e7e04d/element/f.70EA46D53BAEFF5909BCE503174AE3C6.d.A7A3A3F712257E6552ECC8B46476F6F2.e.7477/click - {}
RESULT: {}
RESULT: {}
COMMAND: GET /session/8c6c9308aba27c05719f6849e8e7e04d/screenshot - {}
RESULT: {}
COMMAND: POST /session/8c6c9308aba27c05719f6849e8e7e04d/element - {"using":"xpath","value":"//div[contains(@id, \"smartFilterBar-btnBasicSearch-reset\")]"}
RESULT: {"using":"xpath","value":"//div[contains(@id, \"smartFilterBar-btnBasicSearch-reset\")]"}
COMMAND: POST /session/8c6c9308aba27c05719f6849e8e7e04d/element/f.70EA46D53BAEFF5909BCE503174AE3C6.d.A7A3A3F712257E6552ECC8B46476F6F2.e.5804/click - {}
RESULT: {}
COMMAND: GET /session/8c6c9308aba27c05719f6849e8e7e04d/screenshot - {}
RESULT: {}
RESULT: undefined
COMMAND: POST /session/8c6c9308aba27c05719f6849e8e7e04d/execute/async - {"script":"<script> [776 bytes]","args":[{"enterText":"fS0tr5WYmU","selector":{"id":"application-ruinventorylist-display-component---Master--smartFilterBar-btnBasicSearch","interaction":{"idSuffix":"I"}},"clearTextFirst":true,"interactionType":"ENTER_TEXT"}]}
RESULT: {"script":"<script> [776 bytes]","args":[{"enterText":"fS0tr5WYmU","selector":{"id":"application-ruinventorylist-display-component---Master--smartFilterBar-btnBasicSearch","interaction":{"idSuffix":"I"}},"clearTextFirst":true,"interactionType":"ENTER_TEXT"}]}
COMMAND: POST /session/8c6c9308aba27c05719f6849e8e7e04d/actions - {"actions":[{"id":"action33","type":"key","parameters":{},"actions":[{"type":"keyDown","value":"î€‡"},{"type":"pause","duration":10},{"type":"keyUp","value":"î€‡"}]}]}
RESULT: {"actions":[{"id":"action33","type":"key","parameters":{},"actions":[{"type":"keyDown","value":"î€‡"},{"type":"pause","duration":10},{"type":"keyUp","value":"î€‡"}]}]}
COMMAND: GET /session/8c6c9308aba27c05719f6849e8e7e04d/screenshot - {}
RESULT: {}
COMMAND: POST /session/8c6c9308aba27c05719f6849e8e7e04d/element - {"using":"xpath","value":"//span[@id=\"application-ruinventorylist-display-component---Master--smartTableRuInventoryList-header-inner\"]"}
RESULT: {"using":"xpath","value":"//span[@id=\"application-ruinventorylist-display-component---Master--smartTableRuInventoryList-header-inner\"]"}
COMMAND: POST /session/8c6c9308aba27c05719f6849e8e7e04d/elements - {"using":"xpath","value":"//span[@id=\"application-ruinventorylist-display-component---Master--smartTableRuInventoryList-header-inner\"]"}
RESULT: {"using":"xpath","value":"//span[@id=\"application-ruinventorylist-display-component---Master--smartTableRuInventoryList-header-inner\"]"}
COMMAND: POST /session/8c6c9308aba27c05719f6849e8e7e04d/execute/sync - {"script":"<script> [56 bytes]","args":[{"element-6066-11e4-a52e-4f735466cecf":"f.70EA46D53BAEFF5909BCE503174AE3C6.d.A7A3A3F712257E6552ECC8B46476F6F2.e.5787","ELEMENT":"f.70EA46D53BAEFF5909BCE503174AE3C6.d.A7A3A3F712257E6552ECC8B46476F6F2.e.5787"}]}
RESULT: {"script":"<script> [56 bytes]","args":[{"element-6066-11e4-a52e-4f735466cecf":"f.70EA46D53BAEFF5909BCE503174AE3C6.d.A7A3A3F712257E6552ECC8B46476F6F2.e.5787","ELEMENT":"f.70EA46D53BAEFF5909BCE503174AE3C6.d.A7A3A3F712257E6552ECC8B46476F6F2.e.5787"}]}
COMMAND: POST /session/8c6c9308aba27c05719f6849e8e7e04d/element - {"using":"xpath","value":"//table[contains(@id, \"application-ruinventorylist-display-component---Master--tableRuInventoryList-listUl\")]/tbody/tr[1]/td[2]/div/div"}
COMMAND: GET /session/8c6c9308aba27c05719f6849e8e7e04d/screenshot - {}
RESULT: {"using":"xpath","value":"//table[contains(@id, \"application-ruinventorylist-display-component---Master--tableRuInventoryList-listUl\")]/tbody/tr[1]/td[2]/div/div"}
COMMAND: POST /session/8c6c9308aba27c05719f6849e8e7e04d/element/f.70EA46D53BAEFF5909BCE503174AE3C6.d.A7A3A3F712257E6552ECC8B46476F6F2.e.7668/click - {}
RESULT: {}
RESULT: {}
COMMAND: GET /session/8c6c9308aba27c05719f6849e8e7e04d/screenshot - {}
RESULT: {}
COMMAND: POST /session/8c6c9308aba27c05719f6849e8e7e04d/element - {"using":"xpath","value":"//div[contains(@id, \"smartFilterBar-btnBasicSearch-reset\")]"}
RESULT: {"using":"xpath","value":"//div[contains(@id, \"smartFilterBar-btnBasicSearch-reset\")]"}
COMMAND: POST /session/8c6c9308aba27c05719f6849e8e7e04d/element/f.70EA46D53BAEFF5909BCE503174AE3C6.d.A7A3A3F712257E6552ECC8B46476F6F2.e.5804/click - {}
RESULT: {}
COMMAND: GET /session/8c6c9308aba27c05719f6849e8e7e04d/screenshot - {}
RESULT: {}
RESULT: undefined
COMMAND: POST /session/8c6c9308aba27c05719f6849e8e7e04d/execute/async - {"script":"<script> [776 bytes]","args":[{"enterText":"200389","selector":{"id":"application-ruinventorylist-display-component---Master--smartFilterBar-btnBasicSearch","interaction":{"idSuffix":"I"}},"clearTextFirst":true,"interactionType":"ENTER_TEXT"}]}
RESULT: {"script":"<script> [776 bytes]","args":[{"enterText":"200389","selector":{"id":"application-ruinventorylist-display-component---Master--smartFilterBar-btnBasicSearch","interaction":{"idSuffix":"I"}},"clearTextFirst":true,"interactionType":"ENTER_TEXT"}]}
COMMAND: POST /session/8c6c9308aba27c05719f6849e8e7e04d/actions - {"actions":[{"id":"action34","type":"key","parameters":{},"actions":[{"type":"keyDown","value":"î€‡"},{"type":"pause","duration":10},{"type":"keyUp","value":"î€‡"}]}]}
RESULT: {"actions":[{"id":"action34","type":"key","parameters":{},"actions":[{"type":"keyDown","value":"î€‡"},{"type":"pause","duration":10},{"type":"keyUp","value":"î€‡"}]}]}
COMMAND: GET /session/8c6c9308aba27c05719f6849e8e7e04d/screenshot - {}
RESULT: {}
COMMAND: POST /session/8c6c9308aba27c05719f6849e8e7e04d/element - {"using":"xpath","value":"//span[@id=\"application-ruinventorylist-display-component---Master--smartTableRuInventoryList-header-inner\"]"}
RESULT: {"using":"xpath","value":"//span[@id=\"application-ruinventorylist-display-component---Master--smartTableRuInventoryList-header-inner\"]"}
COMMAND: POST /session/8c6c9308aba27c05719f6849e8e7e04d/elements - {"using":"xpath","value":"//span[@id=\"application-ruinventorylist-display-component---Master--smartTableRuInventoryList-header-inner\"]"}
RESULT: {"using":"xpath","value":"//span[@id=\"application-ruinventorylist-display-component---Master--smartTableRuInventoryList-header-inner\"]"}
COMMAND: POST /session/8c6c9308aba27c05719f6849e8e7e04d/execute/sync - {"script":"<script> [56 bytes]","args":[{"element-6066-11e4-a52e-4f735466cecf":"f.70EA46D53BAEFF5909BCE503174AE3C6.d.A7A3A3F712257E6552ECC8B46476F6F2.e.5787","ELEMENT":"f.70EA46D53BAEFF5909BCE503174AE3C6.d.A7A3A3F712257E6552ECC8B46476F6F2.e.5787"}]}
RESULT: {"script":"<script> [56 bytes]","args":[{"element-6066-11e4-a52e-4f735466cecf":"f.70EA46D53BAEFF5909BCE503174AE3C6.d.A7A3A3F712257E6552ECC8B46476F6F2.e.5787","ELEMENT":"f.70EA46D53BAEFF5909BCE503174AE3C6.d.A7A3A3F712257E6552ECC8B46476F6F2.e.5787"}]}
COMMAND: POST /session/8c6c9308aba27c05719f6849e8e7e04d/element - {"using":"xpath","value":"//table[contains(@id, \"application-ruinventorylist-display-component---Master--tableRuInventoryList-listUl\")]/tbody/tr[1]/td[2]/div/div"}
COMMAND: GET /session/8c6c9308aba27c05719f6849e8e7e04d/screenshot - {}
RESULT: {"using":"xpath","value":"//table[contains(@id, \"application-ruinventorylist-display-component---Master--tableRuInventoryList-listUl\")]/tbody/tr[1]/td[2]/div/div"}
COMMAND: POST /session/8c6c9308aba27c05719f6849e8e7e04d/element/f.70EA46D53BAEFF5909BCE503174AE3C6.d.A7A3A3F712257E6552ECC8B46476F6F2.e.7861/click - {}
RESULT: {}
RESULT: {}
COMMAND: GET /session/8c6c9308aba27c05719f6849e8e7e04d/screenshot - {}
RESULT: {}
COMMAND: POST /session/8c6c9308aba27c05719f6849e8e7e04d/element - {"using":"xpath","value":"//div[contains(@id, \"smartFilterBar-btnBasicSearch-reset\")]"}
RESULT: {"using":"xpath","value":"//div[contains(@id, \"smartFilterBar-btnBasicSearch-reset\")]"}
COMMAND: POST /session/8c6c9308aba27c05719f6849e8e7e04d/element/f.70EA46D53BAEFF5909BCE503174AE3C6.d.A7A3A3F712257E6552ECC8B46476F6F2.e.5804/click - {}
RESULT: {}
COMMAND: GET /session/8c6c9308aba27c05719f6849e8e7e04d/screenshot - {}
RESULT: {}
COMMAND: POST /session/8c6c9308aba27c05719f6849e8e7e04d/element/f.70EA46D53BAEFF5909BCE503174AE3C6.d.A7A3A3F712257E6552ECC8B46476F6F2.e.5165/click - {}
RESULT: {}
COMMAND: GET /session/8c6c9308aba27c05719f6849e8e7e04d/screenshot - {}
RESULT: {}
RESULT: undefined
COMMAND: POST /session/8c6c9308aba27c05719f6849e8e7e04d/element - {"using":"xpath","value":"//*[@id=\"application-ruinventorylist-display-component---Master--ruStateTypes-arrow\"]"}
RESULT: {"using":"xpath","value":"//*[@id=\"application-ruinventorylist-display-component---Master--ruStateTypes-arrow\"]"}
COMMAND: POST /session/8c6c9308aba27c05719f6849e8e7e04d/element/f.70EA46D53BAEFF5909BCE503174AE3C6.d.A7A3A3F712257E6552ECC8B46476F6F2.e.8073/click - {}
RESULT: {}
COMMAND: GET /session/8c6c9308aba27c05719f6849e8e7e04d/screenshot - {}
RESULT: {}
COMMAND: POST /session/8c6c9308aba27c05719f6849e8e7e04d/element - {"using":"xpath","value":"//li[.//span[text()=\"available\"]]"}
RESULT: {"using":"xpath","value":"//li[.//span[text()=\"available\"]]"}
COMMAND: POST /session/8c6c9308aba27c05719f6849e8e7e04d/element/f.70EA46D53BAEFF5909BCE503174AE3C6.d.A7A3A3F712257E6552ECC8B46476F6F2.e.8074/click - {}
RESULT: {}
COMMAND: GET /session/8c6c9308aba27c05719f6849e8e7e04d/screenshot - {}
RESULT: {}
COMMAND: POST /session/8c6c9308aba27c05719f6849e8e7e04d/element - {"using":"xpath","value":"(//bdi[contains(text(), \"OK\")])[1]"}
RESULT: {"using":"xpath","value":"(//bdi[contains(text(), \"OK\")])[1]"}
COMMAND: POST /session/8c6c9308aba27c05719f6849e8e7e04d/element/f.70EA46D53BAEFF5909BCE503174AE3C6.d.A7A3A3F712257E6552ECC8B46476F6F2.e.8075/click - {}
RESULT: {}
COMMAND: GET /session/8c6c9308aba27c05719f6849e8e7e04d/screenshot - {}
RESULT: {}
COMMAND: POST /session/8c6c9308aba27c05719f6849e8e7e04d/element - {"using":"xpath","value":"(//bdi[contains(text(), \"OK\")])[2]"}
RESULT: {"using":"xpath","value":"(//bdi[contains(text(), \"OK\")])[2]"}
COMMAND: POST /session/8c6c9308aba27c05719f6849e8e7e04d/element/f.70EA46D53BAEFF5909BCE503174AE3C6.d.A7A3A3F712257E6552ECC8B46476F6F2.e.8080/click - {}
RESULT: {}
COMMAND: GET /session/8c6c9308aba27c05719f6849e8e7e04d/screenshot - {}
RESULT: {}
RESULT: undefined
COMMAND: POST /session/8c6c9308aba27c05719f6849e8e7e04d/execute/async - {"script":"<script> [776 bytes]","args":[{"enterText":"600002","selector":{"id":"application-ruinventorylist-display-component---Master--smartFilterBar-btnBasicSearch","interaction":{"idSuffix":"I"}},"clearTextFirst":true,"interactionType":"ENTER_TEXT"}]}
RESULT: {"script":"<script> [776 bytes]","args":[{"enterText":"600002","selector":{"id":"application-ruinventorylist-display-component---Master--smartFilterBar-btnBasicSearch","interaction":{"idSuffix":"I"}},"clearTextFirst":true,"interactionType":"ENTER_TEXT"}]}
COMMAND: POST /session/8c6c9308aba27c05719f6849e8e7e04d/actions - {"actions":[{"id":"action35","type":"key","parameters":{},"actions":[{"type":"keyDown","value":"î€‡"},{"type":"pause","duration":10},{"type":"keyUp","value":"î€‡"}]}]}
RESULT: {"actions":[{"id":"action35","type":"key","parameters":{},"actions":[{"type":"keyDown","value":"î€‡"},{"type":"pause","duration":10},{"type":"keyUp","value":"î€‡"}]}]}
COMMAND: GET /session/8c6c9308aba27c05719f6849e8e7e04d/screenshot - {}
RESULT: {}
COMMAND: POST /session/8c6c9308aba27c05719f6849e8e7e04d/element - {"using":"xpath","value":"//span[@id=\"application-ruinventorylist-display-component---Master--smartTableRuInventoryList-header-inner\"]"}
RESULT: {"using":"xpath","value":"//span[@id=\"application-ruinventorylist-display-component---Master--smartTableRuInventoryList-header-inner\"]"}
COMMAND: POST /session/8c6c9308aba27c05719f6849e8e7e04d/elements - {"using":"xpath","value":"//span[@id=\"application-ruinventorylist-display-component---Master--smartTableRuInventoryList-header-inner\"]"}
RESULT: {"using":"xpath","value":"//span[@id=\"application-ruinventorylist-display-component---Master--smartTableRuInventoryList-header-inner\"]"}
COMMAND: POST /session/8c6c9308aba27c05719f6849e8e7e04d/execute/sync - {"script":"<script> [56 bytes]","args":[{"element-6066-11e4-a52e-4f735466cecf":"f.70EA46D53BAEFF5909BCE503174AE3C6.d.A7A3A3F712257E6552ECC8B46476F6F2.e.5787","ELEMENT":"f.70EA46D53BAEFF5909BCE503174AE3C6.d.A7A3A3F712257E6552ECC8B46476F6F2.e.5787"}]}
RESULT: {"script":"<script> [56 bytes]","args":[{"element-6066-11e4-a52e-4f735466cecf":"f.70EA46D53BAEFF5909BCE503174AE3C6.d.A7A3A3F712257E6552ECC8B46476F6F2.e.5787","ELEMENT":"f.70EA46D53BAEFF5909BCE503174AE3C6.d.A7A3A3F712257E6552ECC8B46476F6F2.e.5787"}]}
COMMAND: POST /session/8c6c9308aba27c05719f6849e8e7e04d/element - {"using":"xpath","value":"//table[contains(@id, \"application-ruinventorylist-display-component---Master--tableRuInventoryList-listUl\")]/tbody/tr[1]/td[6]/div/span"}
COMMAND: GET /session/8c6c9308aba27c05719f6849e8e7e04d/screenshot - {}
RESULT: {"using":"xpath","value":"//table[contains(@id, \"application-ruinventorylist-display-component---Master--tableRuInventoryList-listUl\")]/tbody/tr[1]/td[6]/div/span"}
COMMAND: POST /session/8c6c9308aba27c05719f6849e8e7e04d/execute/sync - {"script":"<script> [56 bytes]","args":[{"element-6066-11e4-a52e-4f735466cecf":"f.70EA46D53BAEFF5909BCE503174AE3C6.d.A7A3A3F712257E6552ECC8B46476F6F2.e.8102","ELEMENT":"f.70EA46D53BAEFF5909BCE503174AE3C6.d.A7A3A3F712257E6552ECC8B46476F6F2.e.8102"}]}
RESULT: {}
RESULT: {"script":"<script> [56 bytes]","args":[{"element-6066-11e4-a52e-4f735466cecf":"f.70EA46D53BAEFF5909BCE503174AE3C6.d.A7A3A3F712257E6552ECC8B46476F6F2.e.8102","ELEMENT":"f.70EA46D53BAEFF5909BCE503174AE3C6.d.A7A3A3F712257E6552ECC8B46476F6F2.e.8102"}]}
COMMAND: POST /session/8c6c9308aba27c05719f6849e8e7e04d/element - {"using":"xpath","value":"//div[contains(@id, \"smartFilterBar-btnBasicSearch-reset\")]"}
COMMAND: GET /session/8c6c9308aba27c05719f6849e8e7e04d/screenshot - {}
RESULT: {"using":"xpath","value":"//div[contains(@id, \"smartFilterBar-btnBasicSearch-reset\")]"}
COMMAND: POST /session/8c6c9308aba27c05719f6849e8e7e04d/element/f.70EA46D53BAEFF5909BCE503174AE3C6.d.A7A3A3F712257E6552ECC8B46476F6F2.e.5804/click - {}
RESULT: {}
RESULT: {}
COMMAND: GET /session/8c6c9308aba27c05719f6849e8e7e04d/screenshot - {}
RESULT: {}
RESULT: undefined
COMMAND: POST /session/8c6c9308aba27c05719f6849e8e7e04d/execute/async - {"script":"<script> [776 bytes]","args":[{"enterText":"401002","selector":{"id":"application-ruinventorylist-display-component---Master--smartFilterBar-btnBasicSearch","interaction":{"idSuffix":"I"}},"clearTextFirst":true,"interactionType":"ENTER_TEXT"}]}
RESULT: {"script":"<script> [776 bytes]","args":[{"enterText":"401002","selector":{"id":"application-ruinventorylist-display-component---Master--smartFilterBar-btnBasicSearch","interaction":{"idSuffix":"I"}},"clearTextFirst":true,"interactionType":"ENTER_TEXT"}]}
COMMAND: POST /session/8c6c9308aba27c05719f6849e8e7e04d/actions - {"actions":[{"id":"action36","type":"key","parameters":{},"actions":[{"type":"keyDown","value":"î€‡"},{"type":"pause","duration":10},{"type":"keyUp","value":"î€‡"}]}]}
RESULT: {"actions":[{"id":"action36","type":"key","parameters":{},"actions":[{"type":"keyDown","value":"î€‡"},{"type":"pause","duration":10},{"type":"keyUp","value":"î€‡"}]}]}
COMMAND: GET /session/8c6c9308aba27c05719f6849e8e7e04d/screenshot - {}
RESULT: {}
COMMAND: POST /session/8c6c9308aba27c05719f6849e8e7e04d/element - {"using":"xpath","value":"//span[@id=\"application-ruinventorylist-display-component---Master--smartTableRuInventoryList-header-inner\"]"}
RESULT: {"using":"xpath","value":"//span[@id=\"application-ruinventorylist-display-component---Master--smartTableRuInventoryList-header-inner\"]"}
COMMAND: POST /session/8c6c9308aba27c05719f6849e8e7e04d/elements - {"using":"xpath","value":"//span[@id=\"application-ruinventorylist-display-component---Master--smartTableRuInventoryList-header-inner\"]"}
RESULT: {"using":"xpath","value":"//span[@id=\"application-ruinventorylist-display-component---Master--smartTableRuInventoryList-header-inner\"]"}
COMMAND: POST /session/8c6c9308aba27c05719f6849e8e7e04d/execute/sync - {"script":"<script> [56 bytes]","args":[{"element-6066-11e4-a52e-4f735466cecf":"f.70EA46D53BAEFF5909BCE503174AE3C6.d.A7A3A3F712257E6552ECC8B46476F6F2.e.5787","ELEMENT":"f.70EA46D53BAEFF5909BCE503174AE3C6.d.A7A3A3F712257E6552ECC8B46476F6F2.e.5787"}]}
RESULT: {"script":"<script> [56 bytes]","args":[{"element-6066-11e4-a52e-4f735466cecf":"f.70EA46D53BAEFF5909BCE503174AE3C6.d.A7A3A3F712257E6552ECC8B46476F6F2.e.5787","ELEMENT":"f.70EA46D53BAEFF5909BCE503174AE3C6.d.A7A3A3F712257E6552ECC8B46476F6F2.e.5787"}]}
COMMAND: POST /session/8c6c9308aba27c05719f6849e8e7e04d/element - {"using":"xpath","value":"//table[contains(@id, \"application-ruinventorylist-display-component---Master--tableRuInventoryList-listUl\")]/tbody/tr[1]/td[6]/div/span"}
COMMAND: GET /session/8c6c9308aba27c05719f6849e8e7e04d/screenshot - {}
RESULT: {"using":"xpath","value":"//table[contains(@id, \"application-ruinventorylist-display-component---Master--tableRuInventoryList-listUl\")]/tbody/tr[1]/td[6]/div/span"}
COMMAND: POST /session/8c6c9308aba27c05719f6849e8e7e04d/execute/sync - {"script":"<script> [56 bytes]","args":[{"element-6066-11e4-a52e-4f735466cecf":"f.70EA46D53BAEFF5909BCE503174AE3C6.d.A7A3A3F712257E6552ECC8B46476F6F2.e.8206","ELEMENT":"f.70EA46D53BAEFF5909BCE503174AE3C6.d.A7A3A3F712257E6552ECC8B46476F6F2.e.8206"}]}
RESULT: {}
RESULT: {"script":"<script> [56 bytes]","args":[{"element-6066-11e4-a52e-4f735466cecf":"f.70EA46D53BAEFF5909BCE503174AE3C6.d.A7A3A3F712257E6552ECC8B46476F6F2.e.8206","ELEMENT":"f.70EA46D53BAEFF5909BCE503174AE3C6.d.A7A3A3F712257E6552ECC8B46476F6F2.e.8206"}]}
COMMAND: POST /session/8c6c9308aba27c05719f6849e8e7e04d/element - {"using":"xpath","value":"//div[contains(@id, \"smartFilterBar-btnBasicSearch-reset\")]"}
COMMAND: GET /session/8c6c9308aba27c05719f6849e8e7e04d/screenshot - {}
RESULT: {"using":"xpath","value":"//div[contains(@id, \"smartFilterBar-btnBasicSearch-reset\")]"}
COMMAND: POST /session/8c6c9308aba27c05719f6849e8e7e04d/element/f.70EA46D53BAEFF5909BCE503174AE3C6.d.A7A3A3F712257E6552ECC8B46476F6F2.e.5804/click - {}
RESULT: {}
RESULT: {}
COMMAND: GET /session/8c6c9308aba27c05719f6849e8e7e04d/screenshot - {}
RESULT: {}
RESULT: undefined
COMMAND: POST /session/8c6c9308aba27c05719f6849e8e7e04d/execute/async - {"script":"<script> [776 bytes]","args":[{"enterText":"fS0tr5WYmU","selector":{"id":"application-ruinventorylist-display-component---Master--smartFilterBar-btnBasicSearch","interaction":{"idSuffix":"I"}},"clearTextFirst":true,"interactionType":"ENTER_TEXT"}]}
RESULT: {"script":"<script> [776 bytes]","args":[{"enterText":"fS0tr5WYmU","selector":{"id":"application-ruinventorylist-display-component---Master--smartFilterBar-btnBasicSearch","interaction":{"idSuffix":"I"}},"clearTextFirst":true,"interactionType":"ENTER_TEXT"}]}
COMMAND: POST /session/8c6c9308aba27c05719f6849e8e7e04d/actions - {"actions":[{"id":"action37","type":"key","parameters":{},"actions":[{"type":"keyDown","value":"î€‡"},{"type":"pause","duration":10},{"type":"keyUp","value":"î€‡"}]}]}
RESULT: {"actions":[{"id":"action37","type":"key","parameters":{},"actions":[{"type":"keyDown","value":"î€‡"},{"type":"pause","duration":10},{"type":"keyUp","value":"î€‡"}]}]}
COMMAND: GET /session/8c6c9308aba27c05719f6849e8e7e04d/screenshot - {}
RESULT: {}
COMMAND: POST /session/8c6c9308aba27c05719f6849e8e7e04d/element - {"using":"xpath","value":"//span[@id=\"application-ruinventorylist-display-component---Master--smartTableRuInventoryList-header-inner\"]"}
RESULT: {"using":"xpath","value":"//span[@id=\"application-ruinventorylist-display-component---Master--smartTableRuInventoryList-header-inner\"]"}
COMMAND: POST /session/8c6c9308aba27c05719f6849e8e7e04d/elements - {"using":"xpath","value":"//span[@id=\"application-ruinventorylist-display-component---Master--smartTableRuInventoryList-header-inner\"]"}
RESULT: {"using":"xpath","value":"//span[@id=\"application-ruinventorylist-display-component---Master--smartTableRuInventoryList-header-inner\"]"}
COMMAND: POST /session/8c6c9308aba27c05719f6849e8e7e04d/execute/sync - {"script":"<script> [56 bytes]","args":[{"element-6066-11e4-a52e-4f735466cecf":"f.70EA46D53BAEFF5909BCE503174AE3C6.d.A7A3A3F712257E6552ECC8B46476F6F2.e.5787","ELEMENT":"f.70EA46D53BAEFF5909BCE503174AE3C6.d.A7A3A3F712257E6552ECC8B46476F6F2.e.5787"}]}
RESULT: {"script":"<script> [56 bytes]","args":[{"element-6066-11e4-a52e-4f735466cecf":"f.70EA46D53BAEFF5909BCE503174AE3C6.d.A7A3A3F712257E6552ECC8B46476F6F2.e.5787","ELEMENT":"f.70EA46D53BAEFF5909BCE503174AE3C6.d.A7A3A3F712257E6552ECC8B46476F6F2.e.5787"}]}
COMMAND: POST /session/8c6c9308aba27c05719f6849e8e7e04d/element - {"using":"xpath","value":"//table[contains(@id, \"application-ruinventorylist-display-component---Master--tableRuInventoryList-listUl\")]/tbody/tr[1]/td[6]/div/span"}
COMMAND: GET /session/8c6c9308aba27c05719f6849e8e7e04d/screenshot - {}
RESULT: {"using":"xpath","value":"//table[contains(@id, \"application-ruinventorylist-display-component---Master--tableRuInventoryList-listUl\")]/tbody/tr[1]/td[6]/div/span"}
COMMAND: POST /session/8c6c9308aba27c05719f6849e8e7e04d/execute/sync - {"script":"<script> [56 bytes]","args":[{"element-6066-11e4-a52e-4f735466cecf":"f.70EA46D53BAEFF5909BCE503174AE3C6.d.A7A3A3F712257E6552ECC8B46476F6F2.e.8313","ELEMENT":"f.70EA46D53BAEFF5909BCE503174AE3C6.d.A7A3A3F712257E6552ECC8B46476F6F2.e.8313"}]}
RESULT: {}
RESULT: {"script":"<script> [56 bytes]","args":[{"element-6066-11e4-a52e-4f735466cecf":"f.70EA46D53BAEFF5909BCE503174AE3C6.d.A7A3A3F712257E6552ECC8B46476F6F2.e.8313","ELEMENT":"f.70EA46D53BAEFF5909BCE503174AE3C6.d.A7A3A3F712257E6552ECC8B46476F6F2.e.8313"}]}
COMMAND: POST /session/8c6c9308aba27c05719f6849e8e7e04d/element - {"using":"xpath","value":"//div[contains(@id, \"smartFilterBar-btnBasicSearch-reset\")]"}
COMMAND: GET /session/8c6c9308aba27c05719f6849e8e7e04d/screenshot - {}
RESULT: {"using":"xpath","value":"//div[contains(@id, \"smartFilterBar-btnBasicSearch-reset\")]"}
COMMAND: POST /session/8c6c9308aba27c05719f6849e8e7e04d/element/f.70EA46D53BAEFF5909BCE503174AE3C6.d.A7A3A3F712257E6552ECC8B46476F6F2.e.5804/click - {}
RESULT: {}
RESULT: {}
COMMAND: GET /session/8c6c9308aba27c05719f6849e8e7e04d/screenshot - {}
RESULT: {}
RESULT: undefined
COMMAND: POST /session/8c6c9308aba27c05719f6849e8e7e04d/execute/async - {"script":"<script> [776 bytes]","args":[{"enterText":"200389","selector":{"id":"application-ruinventorylist-display-component---Master--smartFilterBar-btnBasicSearch","interaction":{"idSuffix":"I"}},"clearTextFirst":true,"interactionType":"ENTER_TEXT"}]}
RESULT: {"script":"<script> [776 bytes]","args":[{"enterText":"200389","selector":{"id":"application-ruinventorylist-display-component---Master--smartFilterBar-btnBasicSearch","interaction":{"idSuffix":"I"}},"clearTextFirst":true,"interactionType":"ENTER_TEXT"}]}
COMMAND: POST /session/8c6c9308aba27c05719f6849e8e7e04d/actions - {"actions":[{"id":"action38","type":"key","parameters":{},"actions":[{"type":"keyDown","value":"î€‡"},{"type":"pause","duration":10},{"type":"keyUp","value":"î€‡"}]}]}
RESULT: {"actions":[{"id":"action38","type":"key","parameters":{},"actions":[{"type":"keyDown","value":"î€‡"},{"type":"pause","duration":10},{"type":"keyUp","value":"î€‡"}]}]}
COMMAND: GET /session/8c6c9308aba27c05719f6849e8e7e04d/screenshot - {}
RESULT: {}
COMMAND: POST /session/8c6c9308aba27c05719f6849e8e7e04d/element - {"using":"xpath","value":"//span[@id=\"application-ruinventorylist-display-component---Master--smartTableRuInventoryList-header-inner\"]"}
RESULT: {"using":"xpath","value":"//span[@id=\"application-ruinventorylist-display-component---Master--smartTableRuInventoryList-header-inner\"]"}
COMMAND: POST /session/8c6c9308aba27c05719f6849e8e7e04d/elements - {"using":"xpath","value":"//span[@id=\"application-ruinventorylist-display-component---Master--smartTableRuInventoryList-header-inner\"]"}
RESULT: {"using":"xpath","value":"//span[@id=\"application-ruinventorylist-display-component---Master--smartTableRuInventoryList-header-inner\"]"}
COMMAND: POST /session/8c6c9308aba27c05719f6849e8e7e04d/execute/sync - {"script":"<script> [56 bytes]","args":[{"element-6066-11e4-a52e-4f735466cecf":"f.70EA46D53BAEFF5909BCE503174AE3C6.d.A7A3A3F712257E6552ECC8B46476F6F2.e.5787","ELEMENT":"f.70EA46D53BAEFF5909BCE503174AE3C6.d.A7A3A3F712257E6552ECC8B46476F6F2.e.5787"}]}
RESULT: {"script":"<script> [56 bytes]","args":[{"element-6066-11e4-a52e-4f735466cecf":"f.70EA46D53BAEFF5909BCE503174AE3C6.d.A7A3A3F712257E6552ECC8B46476F6F2.e.5787","ELEMENT":"f.70EA46D53BAEFF5909BCE503174AE3C6.d.A7A3A3F712257E6552ECC8B46476F6F2.e.5787"}]}
COMMAND: POST /session/8c6c9308aba27c05719f6849e8e7e04d/element - {"using":"xpath","value":"//table[contains(@id, \"application-ruinventorylist-display-component---Master--tableRuInventoryList-listUl\")]/tbody/tr[1]/td[6]/div/span"}
COMMAND: GET /session/8c6c9308aba27c05719f6849e8e7e04d/screenshot - {}
RESULT: {"using":"xpath","value":"//table[contains(@id, \"application-ruinventorylist-display-component---Master--tableRuInventoryList-listUl\")]/tbody/tr[1]/td[6]/div/span"}
COMMAND: POST /session/8c6c9308aba27c05719f6849e8e7e04d/execute/sync - {"script":"<script> [56 bytes]","args":[{"element-6066-11e4-a52e-4f735466cecf":"f.70EA46D53BAEFF5909BCE503174AE3C6.d.A7A3A3F712257E6552ECC8B46476F6F2.e.8420","ELEMENT":"f.70EA46D53BAEFF5909BCE503174AE3C6.d.A7A3A3F712257E6552ECC8B46476F6F2.e.8420"}]}
RESULT: {}
RESULT: {"script":"<script> [56 bytes]","args":[{"element-6066-11e4-a52e-4f735466cecf":"f.70EA46D53BAEFF5909BCE503174AE3C6.d.A7A3A3F712257E6552ECC8B46476F6F2.e.8420","ELEMENT":"f.70EA46D53BAEFF5909BCE503174AE3C6.d.A7A3A3F712257E6552ECC8B46476F6F2.e.8420"}]}
COMMAND: POST /session/8c6c9308aba27c05719f6849e8e7e04d/element - {"using":"xpath","value":"//div[contains(@id, \"smartFilterBar-btnBasicSearch-reset\")]"}
COMMAND: GET /session/8c6c9308aba27c05719f6849e8e7e04d/screenshot - {}
RESULT: {"using":"xpath","value":"//div[contains(@id, \"smartFilterBar-btnBasicSearch-reset\")]"}
COMMAND: POST /session/8c6c9308aba27c05719f6849e8e7e04d/element/f.70EA46D53BAEFF5909BCE503174AE3C6.d.A7A3A3F712257E6552ECC8B46476F6F2.e.5804/click - {}
RESULT: {}
RESULT: {}
COMMAND: GET /session/8c6c9308aba27c05719f6849e8e7e04d/screenshot - {}
RESULT: {}
COMMAND: POST /session/8c6c9308aba27c05719f6849e8e7e04d/element - {"using":"css selector","value":"#shell-header-logo"}
RESULT: {"using":"css selector","value":"#shell-header-logo"}
COMMAND: POST /session/8c6c9308aba27c05719f6849e8e7e04d/element/f.70EA46D53BAEFF5909BCE503174AE3C6.d.A7A3A3F712257E6552ECC8B46476F6F2.e.5130/click - {}
RESULT: {}
COMMAND: GET /session/8c6c9308aba27c05719f6849e8e7e04d/screenshot - {}
RESULT: {}
COMMAND: DELETE /session/8c6c9308aba27c05719f6849e8e7e04d - {}
RESULT: {}
]]></system-out>
    </testcase>
  </testsuite>
</testsuites>