<?xml version="1.0" encoding="UTF-8"?>
<testsuites tests="6" failures="4" errors="4" skipped="0">
  <testsuite timestamp="2025-05-26T16:37:34" time="831.151" tests="6" failures="4" errors="4" skipped="0">
    <properties>
      <property name="specId" value="0"/>
      <property name="suiteName" value="RU Inventory Mass State Change Multiple Items US151066"/>
      <property name="capabilities" value="chrome.136_0_7103_93.windows"/>
      <property name="file" value="file:///D:/a/1/s/test/specs/HTR/ru-inv-list-mass-state-change.spec.js"/>
    </properties>
    <testcase classname="chrome.136_0_7103_93.windows.RU_Inventory_Mass_State_Change_Multiple_Items_US151066" name="Step 1 Should do a RU inventory mass state change on chosen yard 109 with the resources available one equipment multipart one tool pool" time="285.771">
      <system-out><![CDATA[
COMMAND: POST /session/cceede9c5f6b3bef019bae67b0c37570/execute/async - {"script":"<script> [1562 bytes]","args":[{"selector":{"controlType":"sap.m.GenericTile","properties":{"header":"RU Inventory List"}},"wdio_ui5_key":"sapm.GenericTile{\"header\":\"RU Inventory List\"}"}]}
RESULT: {"script":"<script> [1562 bytes]","args":[{"selector":{"controlType":"sap.m.GenericTile","properties":{"header":"RU Inventory List"}},"wdio_ui5_key":"sapm.GenericTile{\"header\":\"RU Inventory List\"}"}]}
RESULT: undefined
COMMAND: POST /session/cceede9c5f6b3bef019bae67b0c37570/element - {"using":"xpath","value":"//*[@id=\"__tile99\"]"}
RESULT: {"using":"xpath","value":"//*[@id=\"__tile99\"]"}
COMMAND: POST /session/cceede9c5f6b3bef019bae67b0c37570/element/f.FC474E75FAD15E2F9A9DAF890F93EA04.d.B7765FB0B5877EBF8302573F1CC971A6.e.246/click - {}
RESULT: {}
COMMAND: GET /session/cceede9c5f6b3bef019bae67b0c37570/screenshot - {}
RESULT: {}
COMMAND: POST /session/cceede9c5f6b3bef019bae67b0c37570/elements - {"using":"xpath","value":"//span[text()='Error']"}
RESULT: {"using":"xpath","value":"//span[text()='Error']"}
COMMAND: POST /session/cceede9c5f6b3bef019bae67b0c37570/element - {"using":"xpath","value":"//button[contains(@id, \"massStateBtn\")]"}
RESULT: {"using":"xpath","value":"//button[contains(@id, \"massStateBtn\")]"}
COMMAND: POST /session/cceede9c5f6b3bef019bae67b0c37570/elements - {"using":"xpath","value":"//button[contains(@id, \"massStateBtn\")]"}
RESULT: {"using":"xpath","value":"//button[contains(@id, \"massStateBtn\")]"}
COMMAND: POST /session/cceede9c5f6b3bef019bae67b0c37570/elements - {"using":"xpath","value":"//button[contains(@id, \"massStateBtn\")]"}
RESULT: {"using":"xpath","value":"//button[contains(@id, \"massStateBtn\")]"}
COMMAND: POST /session/cceede9c5f6b3bef019bae67b0c37570/elements - {"using":"xpath","value":"//button[contains(@id, \"massStateBtn\")]"}
RESULT: {"using":"xpath","value":"//button[contains(@id, \"massStateBtn\")]"}
COMMAND: POST /session/cceede9c5f6b3bef019bae67b0c37570/elements - {"using":"xpath","value":"//button[contains(@id, \"massStateBtn\")]"}
RESULT: {"using":"xpath","value":"//button[contains(@id, \"massStateBtn\")]"}
COMMAND: POST /session/cceede9c5f6b3bef019bae67b0c37570/elements - {"using":"xpath","value":"//button[contains(@id, \"massStateBtn\")]"}
RESULT: {"using":"xpath","value":"//button[contains(@id, \"massStateBtn\")]"}
COMMAND: POST /session/cceede9c5f6b3bef019bae67b0c37570/elements - {"using":"xpath","value":"//button[contains(@id, \"massStateBtn\")]"}
RESULT: {"using":"xpath","value":"//button[contains(@id, \"massStateBtn\")]"}
COMMAND: POST /session/cceede9c5f6b3bef019bae67b0c37570/elements - {"using":"xpath","value":"//button[contains(@id, \"massStateBtn\")]"}
RESULT: {"using":"xpath","value":"//button[contains(@id, \"massStateBtn\")]"}
COMMAND: POST /session/cceede9c5f6b3bef019bae67b0c37570/elements - {"using":"xpath","value":"//button[contains(@id, \"massStateBtn\")]"}
RESULT: {"using":"xpath","value":"//button[contains(@id, \"massStateBtn\")]"}
COMMAND: POST /session/cceede9c5f6b3bef019bae67b0c37570/elements - {"using":"xpath","value":"//button[contains(@id, \"massStateBtn\")]"}
RESULT: {"using":"xpath","value":"//button[contains(@id, \"massStateBtn\")]"}
COMMAND: POST /session/cceede9c5f6b3bef019bae67b0c37570/elements - {"using":"xpath","value":"//button[contains(@id, \"massStateBtn\")]"}
RESULT: {"using":"xpath","value":"//button[contains(@id, \"massStateBtn\")]"}
COMMAND: POST /session/cceede9c5f6b3bef019bae67b0c37570/elements - {"using":"xpath","value":"//button[contains(@id, \"massStateBtn\")]"}
RESULT: {"using":"xpath","value":"//button[contains(@id, \"massStateBtn\")]"}
COMMAND: POST /session/cceede9c5f6b3bef019bae67b0c37570/element - {"using":"xpath","value":"//button[contains(@id, \"massStateBtn\")]"}
RESULT: {"using":"xpath","value":"//button[contains(@id, \"massStateBtn\")]"}
COMMAND: POST /session/cceede9c5f6b3bef019bae67b0c37570/execute/sync - {"script":"<script> [8489 bytes]","args":[{"element-6066-11e4-a52e-4f735466cecf":"f.FC474E75FAD15E2F9A9DAF890F93EA04.d.B7765FB0B5877EBF8302573F1CC971A6.e.281","ELEMENT":"f.FC474E75FAD15E2F9A9DAF890F93EA04.d.B7765FB0B5877EBF8302573F1CC971A6.e.281"}]}
RESULT: {"script":"<script> [8489 bytes]","args":[{"element-6066-11e4-a52e-4f735466cecf":"f.FC474E75FAD15E2F9A9DAF890F93EA04.d.B7765FB0B5877EBF8302573F1CC971A6.e.281","ELEMENT":"f.FC474E75FAD15E2F9A9DAF890F93EA04.d.B7765FB0B5877EBF8302573F1CC971A6.e.281"}]}
COMMAND: GET /session/cceede9c5f6b3bef019bae67b0c37570/element/f.FC474E75FAD15E2F9A9DAF890F93EA04.d.B7765FB0B5877EBF8302573F1CC971A6.e.281/enabled - {}
COMMAND: GET /session/cceede9c5f6b3bef019bae67b0c37570/screenshot - {}
RESULT: {}
COMMAND: POST /session/cceede9c5f6b3bef019bae67b0c37570/execute/sync - {"script":"<script> [8489 bytes]","args":[{"element-6066-11e4-a52e-4f735466cecf":"f.FC474E75FAD15E2F9A9DAF890F93EA04.d.B7765FB0B5877EBF8302573F1CC971A6.e.281","ELEMENT":"f.FC474E75FAD15E2F9A9DAF890F93EA04.d.B7765FB0B5877EBF8302573F1CC971A6.e.281"}]}
COMMAND: GET /session/cceede9c5f6b3bef019bae67b0c37570/screenshot - {}
RESULT: {}
RESULT: {"script":"<script> [8489 bytes]","args":[{"element-6066-11e4-a52e-4f735466cecf":"f.FC474E75FAD15E2F9A9DAF890F93EA04.d.B7765FB0B5877EBF8302573F1CC971A6.e.281","ELEMENT":"f.FC474E75FAD15E2F9A9DAF890F93EA04.d.B7765FB0B5877EBF8302573F1CC971A6.e.281"}]}
COMMAND: POST /session/cceede9c5f6b3bef019bae67b0c37570/execute/sync - {"script":"<script> [5351 bytes]","args":[{"element-6066-11e4-a52e-4f735466cecf":"f.FC474E75FAD15E2F9A9DAF890F93EA04.d.B7765FB0B5877EBF8302573F1CC971A6.e.281","ELEMENT":"f.FC474E75FAD15E2F9A9DAF890F93EA04.d.B7765FB0B5877EBF8302573F1CC971A6.e.281"}]}
COMMAND: GET /session/cceede9c5f6b3bef019bae67b0c37570/screenshot - {}
RESULT: {}
RESULT: {"script":"<script> [5351 bytes]","args":[{"element-6066-11e4-a52e-4f735466cecf":"f.FC474E75FAD15E2F9A9DAF890F93EA04.d.B7765FB0B5877EBF8302573F1CC971A6.e.281","ELEMENT":"f.FC474E75FAD15E2F9A9DAF890F93EA04.d.B7765FB0B5877EBF8302573F1CC971A6.e.281"}]}
COMMAND: POST /session/cceede9c5f6b3bef019bae67b0c37570/element/f.FC474E75FAD15E2F9A9DAF890F93EA04.d.B7765FB0B5877EBF8302573F1CC971A6.e.281/click - {}
COMMAND: GET /session/cceede9c5f6b3bef019bae67b0c37570/screenshot - {}
RESULT: {}
RESULT: {}
COMMAND: GET /session/cceede9c5f6b3bef019bae67b0c37570/screenshot - {}
RESULT: {}
RESULT: {}
COMMAND: POST /session/cceede9c5f6b3bef019bae67b0c37570/execute/async - {"script":"<script> [1562 bytes]","args":[{"selector":{"id":"application-ruinventorylist-display-component---Master--ruLocationTypeComboBox-arrow"},"wdio_ui5_key":"applicationruinventorylist-display-component---Master--ruLocationTypeComboBox-arrow"}]}
RESULT: {"script":"<script> [1562 bytes]","args":[{"selector":{"id":"application-ruinventorylist-display-component---Master--ruLocationTypeComboBox-arrow"},"wdio_ui5_key":"applicationruinventorylist-display-component---Master--ruLocationTypeComboBox-arrow"}]}
RESULT: undefined
COMMAND: POST /session/cceede9c5f6b3bef019bae67b0c37570/element - {"using":"xpath","value":"//*[@id=\"application-ruinventorylist-display-component---Master--ruLocationTypeComboBox-arrow\"]"}
RESULT: {"using":"xpath","value":"//*[@id=\"application-ruinventorylist-display-component---Master--ruLocationTypeComboBox-arrow\"]"}
COMMAND: POST /session/cceede9c5f6b3bef019bae67b0c37570/element/f.FC474E75FAD15E2F9A9DAF890F93EA04.d.B7765FB0B5877EBF8302573F1CC971A6.e.636/click - {}
RESULT: {}
COMMAND: GET /session/cceede9c5f6b3bef019bae67b0c37570/screenshot - {}
RESULT: {}
COMMAND: POST /session/cceede9c5f6b3bef019bae67b0c37570/element - {"using":"xpath","value":"//li[.//span[text()='Yard']]"}
RESULT: {"using":"xpath","value":"//li[.//span[text()='Yard']]"}
COMMAND: POST /session/cceede9c5f6b3bef019bae67b0c37570/element/f.FC474E75FAD15E2F9A9DAF890F93EA04.d.B7765FB0B5877EBF8302573F1CC971A6.e.637/click - {}
RESULT: {}
COMMAND: GET /session/cceede9c5f6b3bef019bae67b0c37570/screenshot - {}
COMMAND: POST /session/cceede9c5f6b3bef019bae67b0c37570/execute/async - {"script":"<script> [1562 bytes]","args":[{"selector":{"id":"application-ruinventorylist-display-component---Master--smartFilterBar-filterItemControl_BASIC-YARD-vhi"},"wdio_ui5_key":"applicationruinventorylist-display-component---Master--smartFilterBar-filterItemControl_BASIC-YARD-vhi"}]}
RESULT: {}
RESULT: {"script":"<script> [1562 bytes]","args":[{"selector":{"id":"application-ruinventorylist-display-component---Master--smartFilterBar-filterItemControl_BASIC-YARD-vhi"},"wdio_ui5_key":"applicationruinventorylist-display-component---Master--smartFilterBar-filterItemControl_BASIC-YARD-vhi"}]}
RESULT: undefined
COMMAND: POST /session/cceede9c5f6b3bef019bae67b0c37570/element - {"using":"xpath","value":"//*[@id=\"application-ruinventorylist-display-component---Master--smartFilterBar-filterItemControl_BASIC-YARD-vhi\"]"}
RESULT: {"using":"xpath","value":"//*[@id=\"application-ruinventorylist-display-component---Master--smartFilterBar-filterItemControl_BASIC-YARD-vhi\"]"}
COMMAND: POST /session/cceede9c5f6b3bef019bae67b0c37570/element/f.FC474E75FAD15E2F9A9DAF890F93EA04.d.B7765FB0B5877EBF8302573F1CC971A6.e.671/click - {}
RESULT: {}
COMMAND: GET /session/cceede9c5f6b3bef019bae67b0c37570/screenshot - {}
RESULT: {}
COMMAND: POST /session/cceede9c5f6b3bef019bae67b0c37570/execute/async - {"script":"<script> [1562 bytes]","args":[{"selector":{"id":"application-ruinventorylist-display-component---Master--smartFilterBar-filterItemControl_BASIC-YARD-valueHelpDialog-smartFilterBar-btnBasicSearch","searchOpenDialogs":true,"interaction":{"idSuffix":"I"}},"wdio_ui5_key":"applicationruinventorylist-display-component---Master--smartFilterBar-filterItemControl_BASIC-YARD-valueHelpDialog-smartFilterBar-btnBasicSearch"}]}
RESULT: {"script":"<script> [1562 bytes]","args":[{"selector":{"id":"application-ruinventorylist-display-component---Master--smartFilterBar-filterItemControl_BASIC-YARD-valueHelpDialog-smartFilterBar-btnBasicSearch","searchOpenDialogs":true,"interaction":{"idSuffix":"I"}},"wdio_ui5_key":"applicationruinventorylist-display-component---Master--smartFilterBar-filterItemControl_BASIC-YARD-valueHelpDialog-smartFilterBar-btnBasicSearch"}]}
RESULT: undefined
COMMAND: POST /session/cceede9c5f6b3bef019bae67b0c37570/execute/async - {"script":"<script> [776 bytes]","args":[{"enterText":"109","selector":{"id":"application-ruinventorylist-display-component---Master--smartFilterBar-filterItemControl_BASIC-YARD-valueHelpDialog-smartFilterBar-btnBasicSearch","searchOpenDialogs":true,"interaction":{"idSuffix":"I"}},"clearTextFirst":true,"interactionType":"ENTER_TEXT"}]}
RESULT: {"script":"<script> [776 bytes]","args":[{"enterText":"109","selector":{"id":"application-ruinventorylist-display-component---Master--smartFilterBar-filterItemControl_BASIC-YARD-valueHelpDialog-smartFilterBar-btnBasicSearch","searchOpenDialogs":true,"interaction":{"idSuffix":"I"}},"clearTextFirst":true,"interactionType":"ENTER_TEXT"}]}
COMMAND: POST /session/cceede9c5f6b3bef019bae67b0c37570/actions - {"actions":[{"id":"action1","type":"key","parameters":{},"actions":[{"type":"keyDown","value":""},{"type":"pause","duration":10},{"type":"keyUp","value":""}]}]}
RESULT: {"actions":[{"id":"action1","type":"key","parameters":{},"actions":[{"type":"keyDown","value":""},{"type":"pause","duration":10},{"type":"keyUp","value":""}]}]}
COMMAND: GET /session/cceede9c5f6b3bef019bae67b0c37570/screenshot - {}
RESULT: {}
COMMAND: POST /session/cceede9c5f6b3bef019bae67b0c37570/elements - {"using":"xpath","value":"//table[contains(@id, \"filterItemControl_BASIC-YARD-valueHelpDialog-table-table\")]/tbody/tr"}
RESULT: {"using":"xpath","value":"//table[contains(@id, \"filterItemControl_BASIC-YARD-valueHelpDialog-table-table\")]/tbody/tr"}
COMMAND: POST /session/cceede9c5f6b3bef019bae67b0c37570/element - {"using":"xpath","value":"//table[contains(@id, \"filterItemControl_BASIC-YARD-valueHelpDialog-table-table\")]/tbody/tr[1]/td[1]/div/span"}
RESULT: {"using":"xpath","value":"//table[contains(@id, \"filterItemControl_BASIC-YARD-valueHelpDialog-table-table\")]/tbody/tr[1]/td[1]/div/span"}
COMMAND: POST /session/cceede9c5f6b3bef019bae67b0c37570/elements - {"using":"xpath","value":"//table[contains(@id, \"filterItemControl_BASIC-YARD-valueHelpDialog-table-table\")]/tbody/tr[1]/td[1]/div/span"}
RESULT: {"using":"xpath","value":"//table[contains(@id, \"filterItemControl_BASIC-YARD-valueHelpDialog-table-table\")]/tbody/tr[1]/td[1]/div/span"}
COMMAND: POST /session/cceede9c5f6b3bef019bae67b0c37570/execute/sync - {"script":"<script> [56 bytes]","args":[{"element-6066-11e4-a52e-4f735466cecf":"f.FC474E75FAD15E2F9A9DAF890F93EA04.d.B7765FB0B5877EBF8302573F1CC971A6.e.692","ELEMENT":"f.FC474E75FAD15E2F9A9DAF890F93EA04.d.B7765FB0B5877EBF8302573F1CC971A6.e.692"}]}
RESULT: {"script":"<script> [56 bytes]","args":[{"element-6066-11e4-a52e-4f735466cecf":"f.FC474E75FAD15E2F9A9DAF890F93EA04.d.B7765FB0B5877EBF8302573F1CC971A6.e.692","ELEMENT":"f.FC474E75FAD15E2F9A9DAF890F93EA04.d.B7765FB0B5877EBF8302573F1CC971A6.e.692"}]}
COMMAND: POST /session/cceede9c5f6b3bef019bae67b0c37570/element - {"using":"xpath","value":"//div[contains(@id, \"filterItemControl_BASIC-YARD-valueHelpDialog-table-rowsel0\")]"}
COMMAND: GET /session/cceede9c5f6b3bef019bae67b0c37570/screenshot - {}
RESULT: {"using":"xpath","value":"//div[contains(@id, \"filterItemControl_BASIC-YARD-valueHelpDialog-table-rowsel0\")]"}
COMMAND: POST /session/cceede9c5f6b3bef019bae67b0c37570/element/f.FC474E75FAD15E2F9A9DAF890F93EA04.d.B7765FB0B5877EBF8302573F1CC971A6.e.693/click - {}
RESULT: {}
RESULT: {}
COMMAND: GET /session/cceede9c5f6b3bef019bae67b0c37570/screenshot - {}
RESULT: {}
COMMAND: POST /session/cceede9c5f6b3bef019bae67b0c37570/element - {"using":"xpath","value":"//div[contains(@id, \"smartFilterBar-filterItemControl_BASIC-YARD-valueHelpDialog-smartFilterBar-btnBasicSearch-reset\")]"}
RESULT: {"using":"xpath","value":"//div[contains(@id, \"smartFilterBar-filterItemControl_BASIC-YARD-valueHelpDialog-smartFilterBar-btnBasicSearch-reset\")]"}
COMMAND: POST /session/cceede9c5f6b3bef019bae67b0c37570/element/f.FC474E75FAD15E2F9A9DAF890F93EA04.d.B7765FB0B5877EBF8302573F1CC971A6.e.695/click - {}
RESULT: {}
RESULT: undefined
COMMAND: POST /session/cceede9c5f6b3bef019bae67b0c37570/execute/async - {"script":"<script> [776 bytes]","args":[{"enterText":"OPA5_BST01_YARD1","selector":{"id":"application-ruinventorylist-display-component---Master--smartFilterBar-filterItemControl_BASIC-YARD-valueHelpDialog-smartFilterBar-btnBasicSearch","searchOpenDialogs":true,"interaction":{"idSuffix":"I"}},"clearTextFirst":true,"interactionType":"ENTER_TEXT"}]}
COMMAND: GET /session/cceede9c5f6b3bef019bae67b0c37570/screenshot - {}
RESULT: {"script":"<script> [776 bytes]","args":[{"enterText":"OPA5_BST01_YARD1","selector":{"id":"application-ruinventorylist-display-component---Master--smartFilterBar-filterItemControl_BASIC-YARD-valueHelpDialog-smartFilterBar-btnBasicSearch","searchOpenDialogs":true,"interaction":{"idSuffix":"I"}},"clearTextFirst":true,"interactionType":"ENTER_TEXT"}]}
COMMAND: POST /session/cceede9c5f6b3bef019bae67b0c37570/actions - {"actions":[{"id":"action2","type":"key","parameters":{},"actions":[{"type":"keyDown","value":""},{"type":"pause","duration":10},{"type":"keyUp","value":""}]}]}
RESULT: {}
RESULT: {"actions":[{"id":"action2","type":"key","parameters":{},"actions":[{"type":"keyDown","value":""},{"type":"pause","duration":10},{"type":"keyUp","value":""}]}]}
COMMAND: GET /session/cceede9c5f6b3bef019bae67b0c37570/screenshot - {}
RESULT: {}
COMMAND: POST /session/cceede9c5f6b3bef019bae67b0c37570/elements - {"using":"xpath","value":"//table[contains(@id, \"filterItemControl_BASIC-YARD-valueHelpDialog-table-table\")]/tbody/tr"}
RESULT: {"using":"xpath","value":"//table[contains(@id, \"filterItemControl_BASIC-YARD-valueHelpDialog-table-table\")]/tbody/tr"}
COMMAND: POST /session/cceede9c5f6b3bef019bae67b0c37570/element - {"using":"xpath","value":"//table[contains(@id, \"filterItemControl_BASIC-YARD-valueHelpDialog-table-table\")]/tbody/tr[1]/td[1]/div/span"}
RESULT: {"using":"xpath","value":"//table[contains(@id, \"filterItemControl_BASIC-YARD-valueHelpDialog-table-table\")]/tbody/tr[1]/td[1]/div/span"}
COMMAND: POST /session/cceede9c5f6b3bef019bae67b0c37570/elements - {"using":"xpath","value":"//table[contains(@id, \"filterItemControl_BASIC-YARD-valueHelpDialog-table-table\")]/tbody/tr[1]/td[1]/div/span"}
RESULT: {"using":"xpath","value":"//table[contains(@id, \"filterItemControl_BASIC-YARD-valueHelpDialog-table-table\")]/tbody/tr[1]/td[1]/div/span"}
COMMAND: POST /session/cceede9c5f6b3bef019bae67b0c37570/execute/sync - {"script":"<script> [56 bytes]","args":[{"element-6066-11e4-a52e-4f735466cecf":"f.FC474E75FAD15E2F9A9DAF890F93EA04.d.B7765FB0B5877EBF8302573F1CC971A6.e.692","ELEMENT":"f.FC474E75FAD15E2F9A9DAF890F93EA04.d.B7765FB0B5877EBF8302573F1CC971A6.e.692"}]}
RESULT: {"script":"<script> [56 bytes]","args":[{"element-6066-11e4-a52e-4f735466cecf":"f.FC474E75FAD15E2F9A9DAF890F93EA04.d.B7765FB0B5877EBF8302573F1CC971A6.e.692","ELEMENT":"f.FC474E75FAD15E2F9A9DAF890F93EA04.d.B7765FB0B5877EBF8302573F1CC971A6.e.692"}]}
COMMAND: POST /session/cceede9c5f6b3bef019bae67b0c37570/element - {"using":"xpath","value":"//div[contains(@id, \"filterItemControl_BASIC-YARD-valueHelpDialog-table-rowsel0\")]"}
COMMAND: GET /session/cceede9c5f6b3bef019bae67b0c37570/screenshot - {}
RESULT: {"using":"xpath","value":"//div[contains(@id, \"filterItemControl_BASIC-YARD-valueHelpDialog-table-rowsel0\")]"}
COMMAND: POST /session/cceede9c5f6b3bef019bae67b0c37570/element/f.FC474E75FAD15E2F9A9DAF890F93EA04.d.B7765FB0B5877EBF8302573F1CC971A6.e.693/click - {}
RESULT: {}
RESULT: {}
COMMAND: GET /session/cceede9c5f6b3bef019bae67b0c37570/screenshot - {}
RESULT: {}
COMMAND: POST /session/cceede9c5f6b3bef019bae67b0c37570/element - {"using":"xpath","value":"(//bdi[contains(text(), \"OK\")])[1]"}
RESULT: {"using":"xpath","value":"(//bdi[contains(text(), \"OK\")])[1]"}
COMMAND: POST /session/cceede9c5f6b3bef019bae67b0c37570/element/f.FC474E75FAD15E2F9A9DAF890F93EA04.d.B7765FB0B5877EBF8302573F1CC971A6.e.696/click - {}
RESULT: {}
COMMAND: GET /session/cceede9c5f6b3bef019bae67b0c37570/screenshot - {}
RESULT: {}
COMMAND: POST /session/cceede9c5f6b3bef019bae67b0c37570/element - {"using":"xpath","value":"//span[@id=\"application-ruinventorylist-display-component---Master--smartTableRuInventoryList-header-inner\"]"}
RESULT: {"using":"xpath","value":"//span[@id=\"application-ruinventorylist-display-component---Master--smartTableRuInventoryList-header-inner\"]"}
COMMAND: POST /session/cceede9c5f6b3bef019bae67b0c37570/elements - {"using":"xpath","value":"//span[@id=\"application-ruinventorylist-display-component---Master--smartTableRuInventoryList-header-inner\"]"}
RESULT: {"using":"xpath","value":"//span[@id=\"application-ruinventorylist-display-component---Master--smartTableRuInventoryList-header-inner\"]"}
COMMAND: POST /session/cceede9c5f6b3bef019bae67b0c37570/execute/sync - {"script":"<script> [56 bytes]","args":[{"element-6066-11e4-a52e-4f735466cecf":"f.FC474E75FAD15E2F9A9DAF890F93EA04.d.B7765FB0B5877EBF8302573F1CC971A6.e.839","ELEMENT":"f.FC474E75FAD15E2F9A9DAF890F93EA04.d.B7765FB0B5877EBF8302573F1CC971A6.e.839"}]}
RESULT: {"script":"<script> [56 bytes]","args":[{"element-6066-11e4-a52e-4f735466cecf":"f.FC474E75FAD15E2F9A9DAF890F93EA04.d.B7765FB0B5877EBF8302573F1CC971A6.e.839","ELEMENT":"f.FC474E75FAD15E2F9A9DAF890F93EA04.d.B7765FB0B5877EBF8302573F1CC971A6.e.839"}]}
COMMAND: POST /session/cceede9c5f6b3bef019bae67b0c37570/execute/async - {"script":"<script> [1562 bytes]","args":[{"selector":{"id":"application-ruinventorylist-display-component---Master--smartFilterBar-btnBasicSearch","interaction":{"idSuffix":"I"}},"wdio_ui5_key":"applicationruinventorylist-display-component---Master--smartFilterBar-btnBasicSearch"}]}
COMMAND: GET /session/cceede9c5f6b3bef019bae67b0c37570/screenshot - {}
RESULT: {"script":"<script> [1562 bytes]","args":[{"selector":{"id":"application-ruinventorylist-display-component---Master--smartFilterBar-btnBasicSearch","interaction":{"idSuffix":"I"}},"wdio_ui5_key":"applicationruinventorylist-display-component---Master--smartFilterBar-btnBasicSearch"}]}
RESULT: undefined
COMMAND: POST /session/cceede9c5f6b3bef019bae67b0c37570/execute/async - {"script":"<script> [776 bytes]","args":[{"enterText":"600002","selector":{"id":"application-ruinventorylist-display-component---Master--smartFilterBar-btnBasicSearch","interaction":{"idSuffix":"I"}},"clearTextFirst":true,"interactionType":"ENTER_TEXT"}]}
RESULT: {}
RESULT: {"script":"<script> [776 bytes]","args":[{"enterText":"600002","selector":{"id":"application-ruinventorylist-display-component---Master--smartFilterBar-btnBasicSearch","interaction":{"idSuffix":"I"}},"clearTextFirst":true,"interactionType":"ENTER_TEXT"}]}
COMMAND: POST /session/cceede9c5f6b3bef019bae67b0c37570/actions - {"actions":[{"id":"action3","type":"key","parameters":{},"actions":[{"type":"keyDown","value":""},{"type":"pause","duration":10},{"type":"keyUp","value":""}]}]}
RESULT: {"actions":[{"id":"action3","type":"key","parameters":{},"actions":[{"type":"keyDown","value":""},{"type":"pause","duration":10},{"type":"keyUp","value":""}]}]}
COMMAND: GET /session/cceede9c5f6b3bef019bae67b0c37570/screenshot - {}
RESULT: {}
COMMAND: POST /session/cceede9c5f6b3bef019bae67b0c37570/element - {"using":"xpath","value":"//span[@id=\"application-ruinventorylist-display-component---Master--smartTableRuInventoryList-header-inner\"]"}
RESULT: {"using":"xpath","value":"//span[@id=\"application-ruinventorylist-display-component---Master--smartTableRuInventoryList-header-inner\"]"}
COMMAND: POST /session/cceede9c5f6b3bef019bae67b0c37570/elements - {"using":"xpath","value":"//span[@id=\"application-ruinventorylist-display-component---Master--smartTableRuInventoryList-header-inner\"]"}
RESULT: {"using":"xpath","value":"//span[@id=\"application-ruinventorylist-display-component---Master--smartTableRuInventoryList-header-inner\"]"}
COMMAND: POST /session/cceede9c5f6b3bef019bae67b0c37570/execute/sync - {"script":"<script> [56 bytes]","args":[{"element-6066-11e4-a52e-4f735466cecf":"f.FC474E75FAD15E2F9A9DAF890F93EA04.d.B7765FB0B5877EBF8302573F1CC971A6.e.839","ELEMENT":"f.FC474E75FAD15E2F9A9DAF890F93EA04.d.B7765FB0B5877EBF8302573F1CC971A6.e.839"}]}
RESULT: {"script":"<script> [56 bytes]","args":[{"element-6066-11e4-a52e-4f735466cecf":"f.FC474E75FAD15E2F9A9DAF890F93EA04.d.B7765FB0B5877EBF8302573F1CC971A6.e.839","ELEMENT":"f.FC474E75FAD15E2F9A9DAF890F93EA04.d.B7765FB0B5877EBF8302573F1CC971A6.e.839"}]}
COMMAND: POST /session/cceede9c5f6b3bef019bae67b0c37570/element - {"using":"xpath","value":"//table[contains(@id, \"application-ruinventorylist-display-component---Master--tableRuInventoryList-listUl\")]/tbody/tr[1]/td[2]/div/div"}
COMMAND: GET /session/cceede9c5f6b3bef019bae67b0c37570/screenshot - {}
RESULT: {"using":"xpath","value":"//table[contains(@id, \"application-ruinventorylist-display-component---Master--tableRuInventoryList-listUl\")]/tbody/tr[1]/td[2]/div/div"}
COMMAND: POST /session/cceede9c5f6b3bef019bae67b0c37570/element/f.FC474E75FAD15E2F9A9DAF890F93EA04.d.B7765FB0B5877EBF8302573F1CC971A6.e.847/click - {}
RESULT: {}
RESULT: {}
COMMAND: GET /session/cceede9c5f6b3bef019bae67b0c37570/screenshot - {}
RESULT: {}
COMMAND: POST /session/cceede9c5f6b3bef019bae67b0c37570/element - {"using":"xpath","value":"//div[contains(@id, \"smartFilterBar-btnBasicSearch-reset\")]"}
RESULT: {"using":"xpath","value":"//div[contains(@id, \"smartFilterBar-btnBasicSearch-reset\")]"}
COMMAND: POST /session/cceede9c5f6b3bef019bae67b0c37570/element/f.FC474E75FAD15E2F9A9DAF890F93EA04.d.B7765FB0B5877EBF8302573F1CC971A6.e.857/click - {}
RESULT: {}
COMMAND: GET /session/cceede9c5f6b3bef019bae67b0c37570/screenshot - {}
RESULT: {}
RESULT: undefined
COMMAND: POST /session/cceede9c5f6b3bef019bae67b0c37570/execute/async - {"script":"<script> [776 bytes]","args":[{"enterText":"401002","selector":{"id":"application-ruinventorylist-display-component---Master--smartFilterBar-btnBasicSearch","interaction":{"idSuffix":"I"}},"clearTextFirst":true,"interactionType":"ENTER_TEXT"}]}
RESULT: {"script":"<script> [776 bytes]","args":[{"enterText":"401002","selector":{"id":"application-ruinventorylist-display-component---Master--smartFilterBar-btnBasicSearch","interaction":{"idSuffix":"I"}},"clearTextFirst":true,"interactionType":"ENTER_TEXT"}]}
COMMAND: POST /session/cceede9c5f6b3bef019bae67b0c37570/actions - {"actions":[{"id":"action4","type":"key","parameters":{},"actions":[{"type":"keyDown","value":""},{"type":"pause","duration":10},{"type":"keyUp","value":""}]}]}
RESULT: {"actions":[{"id":"action4","type":"key","parameters":{},"actions":[{"type":"keyDown","value":""},{"type":"pause","duration":10},{"type":"keyUp","value":""}]}]}
COMMAND: GET /session/cceede9c5f6b3bef019bae67b0c37570/screenshot - {}
RESULT: {}
COMMAND: POST /session/cceede9c5f6b3bef019bae67b0c37570/element - {"using":"xpath","value":"//span[@id=\"application-ruinventorylist-display-component---Master--smartTableRuInventoryList-header-inner\"]"}
RESULT: {"using":"xpath","value":"//span[@id=\"application-ruinventorylist-display-component---Master--smartTableRuInventoryList-header-inner\"]"}
COMMAND: POST /session/cceede9c5f6b3bef019bae67b0c37570/elements - {"using":"xpath","value":"//span[@id=\"application-ruinventorylist-display-component---Master--smartTableRuInventoryList-header-inner\"]"}
RESULT: {"using":"xpath","value":"//span[@id=\"application-ruinventorylist-display-component---Master--smartTableRuInventoryList-header-inner\"]"}
COMMAND: POST /session/cceede9c5f6b3bef019bae67b0c37570/execute/sync - {"script":"<script> [56 bytes]","args":[{"element-6066-11e4-a52e-4f735466cecf":"f.FC474E75FAD15E2F9A9DAF890F93EA04.d.B7765FB0B5877EBF8302573F1CC971A6.e.839","ELEMENT":"f.FC474E75FAD15E2F9A9DAF890F93EA04.d.B7765FB0B5877EBF8302573F1CC971A6.e.839"}]}
RESULT: {"script":"<script> [56 bytes]","args":[{"element-6066-11e4-a52e-4f735466cecf":"f.FC474E75FAD15E2F9A9DAF890F93EA04.d.B7765FB0B5877EBF8302573F1CC971A6.e.839","ELEMENT":"f.FC474E75FAD15E2F9A9DAF890F93EA04.d.B7765FB0B5877EBF8302573F1CC971A6.e.839"}]}
COMMAND: POST /session/cceede9c5f6b3bef019bae67b0c37570/element - {"using":"xpath","value":"//table[contains(@id, \"application-ruinventorylist-display-component---Master--tableRuInventoryList-listUl\")]/tbody/tr[1]/td[2]/div/div"}
COMMAND: GET /session/cceede9c5f6b3bef019bae67b0c37570/screenshot - {}
RESULT: {"using":"xpath","value":"//table[contains(@id, \"application-ruinventorylist-display-component---Master--tableRuInventoryList-listUl\")]/tbody/tr[1]/td[2]/div/div"}
COMMAND: POST /session/cceede9c5f6b3bef019bae67b0c37570/element/f.FC474E75FAD15E2F9A9DAF890F93EA04.d.B7765FB0B5877EBF8302573F1CC971A6.e.996/click - {}
RESULT: {}
RESULT: {}
COMMAND: GET /session/cceede9c5f6b3bef019bae67b0c37570/screenshot - {}
RESULT: {}
COMMAND: POST /session/cceede9c5f6b3bef019bae67b0c37570/element - {"using":"xpath","value":"//div[contains(@id, \"smartFilterBar-btnBasicSearch-reset\")]"}
RESULT: {"using":"xpath","value":"//div[contains(@id, \"smartFilterBar-btnBasicSearch-reset\")]"}
COMMAND: POST /session/cceede9c5f6b3bef019bae67b0c37570/element/f.FC474E75FAD15E2F9A9DAF890F93EA04.d.B7765FB0B5877EBF8302573F1CC971A6.e.857/click - {}
RESULT: {}
COMMAND: GET /session/cceede9c5f6b3bef019bae67b0c37570/screenshot - {}
RESULT: {}
COMMAND: POST /session/cceede9c5f6b3bef019bae67b0c37570/element/f.FC474E75FAD15E2F9A9DAF890F93EA04.d.B7765FB0B5877EBF8302573F1CC971A6.e.281/click - {}
RESULT: {}
COMMAND: GET /session/cceede9c5f6b3bef019bae67b0c37570/screenshot - {}
RESULT: {}
COMMAND: POST /session/cceede9c5f6b3bef019bae67b0c37570/execute/async - {"script":"<script> [1562 bytes]","args":[{"selector":{"controlType":"sap.m.Title","viewName":"etm.portal.ui.ruinventorylist.view.Master","viewId":"application-ruinventorylist-display-component---Master","properties":{"text":"Mass State Change"},"searchOpenDialogs":true},"wdio_ui5_key":"etmportal.ui.ruinventorylist.view.Mastersap.m.Title{\"text\":\"Mass State Change\"}"}]}
RESULT: {"script":"<script> [1562 bytes]","args":[{"selector":{"controlType":"sap.m.Title","viewName":"etm.portal.ui.ruinventorylist.view.Master","viewId":"application-ruinventorylist-display-component---Master","properties":{"text":"Mass State Change"},"searchOpenDialogs":true},"wdio_ui5_key":"etmportal.ui.ruinventorylist.view.Mastersap.m.Title{\"text\":\"Mass State Change\"}"}]}
RESULT: undefined
COMMAND: POST /session/cceede9c5f6b3bef019bae67b0c37570/execute/async - {"script":"<script> [6424 bytes]","args":[{"element-6066-11e4-a52e-4f735466cecf":"f.FC474E75FAD15E2F9A9DAF890F93EA04.d.B7765FB0B5877EBF8302573F1CC971A6.e.1155"},"getText",[]]}
RESULT: {"script":"<script> [6424 bytes]","args":[{"element-6066-11e4-a52e-4f735466cecf":"f.FC474E75FAD15E2F9A9DAF890F93EA04.d.B7765FB0B5877EBF8302573F1CC971A6.e.1155"},"getText",[]]}
COMMAND: POST /session/cceede9c5f6b3bef019bae67b0c37570/element - {"using":"xpath","value":"(//bdi[contains(text(), \"OK\")])[1]"}
RESULT: {"using":"xpath","value":"(//bdi[contains(text(), \"OK\")])[1]"}
COMMAND: POST /session/cceede9c5f6b3bef019bae67b0c37570/element/f.FC474E75FAD15E2F9A9DAF890F93EA04.d.B7765FB0B5877EBF8302573F1CC971A6.e.1156/click - {}
RESULT: {}
COMMAND: GET /session/cceede9c5f6b3bef019bae67b0c37570/screenshot - {}
RESULT: {}
COMMAND: POST /session/cceede9c5f6b3bef019bae67b0c37570/element - {"using":"css selector","value":"div.sapMMessageBoxError"}
RESULT: {"using":"css selector","value":"div.sapMMessageBoxError"}
COMMAND: POST /session/cceede9c5f6b3bef019bae67b0c37570/elements - {"using":"css selector","value":"div.sapMMessageBoxError"}
RESULT: {"using":"css selector","value":"div.sapMMessageBoxError"}
COMMAND: POST /session/cceede9c5f6b3bef019bae67b0c37570/element - {"using":"xpath","value":"(//bdi[contains(text(), \"Close\")])[1]"}
RESULT: {"using":"xpath","value":"(//bdi[contains(text(), \"Close\")])[1]"}
COMMAND: POST /session/cceede9c5f6b3bef019bae67b0c37570/element/f.FC474E75FAD15E2F9A9DAF890F93EA04.d.B7765FB0B5877EBF8302573F1CC971A6.e.1161/click - {}
RESULT: {}
COMMAND: GET /session/cceede9c5f6b3bef019bae67b0c37570/screenshot - {}
RESULT: {}
COMMAND: POST /session/cceede9c5f6b3bef019bae67b0c37570/execute/async - {"script":"<script> [1562 bytes]","args":[{"selector":{"id":"application-ruinventorylist-display-component---Master--ruStateTypes-arrow","searchOpenDialogs":true},"wdio_ui5_key":"applicationruinventorylist-display-component---Master--ruStateTypes-arrow"}]}
RESULT: {"script":"<script> [1562 bytes]","args":[{"selector":{"id":"application-ruinventorylist-display-component---Master--ruStateTypes-arrow","searchOpenDialogs":true},"wdio_ui5_key":"applicationruinventorylist-display-component---Master--ruStateTypes-arrow"}]}
RESULT: undefined
COMMAND: POST /session/cceede9c5f6b3bef019bae67b0c37570/element - {"using":"xpath","value":"//*[@id=\"application-ruinventorylist-display-component---Master--ruStateTypes-arrow\"]"}
RESULT: {"using":"xpath","value":"//*[@id=\"application-ruinventorylist-display-component---Master--ruStateTypes-arrow\"]"}
COMMAND: POST /session/cceede9c5f6b3bef019bae67b0c37570/element/f.FC474E75FAD15E2F9A9DAF890F93EA04.d.B7765FB0B5877EBF8302573F1CC971A6.e.1162/click - {}
RESULT: {}
COMMAND: GET /session/cceede9c5f6b3bef019bae67b0c37570/screenshot - {}
RESULT: {}
COMMAND: POST /session/cceede9c5f6b3bef019bae67b0c37570/element - {"using":"xpath","value":"//li[.//span[text()=\"defect\"]]"}
RESULT: {"using":"xpath","value":"//li[.//span[text()=\"defect\"]]"}
COMMAND: POST /session/cceede9c5f6b3bef019bae67b0c37570/element/f.FC474E75FAD15E2F9A9DAF890F93EA04.d.B7765FB0B5877EBF8302573F1CC971A6.e.1163/click - {}
RESULT: {}
COMMAND: GET /session/cceede9c5f6b3bef019bae67b0c37570/screenshot - {}
RESULT: {}
COMMAND: POST /session/cceede9c5f6b3bef019bae67b0c37570/element - {"using":"xpath","value":"(//span[@data-kt=\"trashMassStateChangeIcon\"])[1]"}
RESULT: {"using":"xpath","value":"(//span[@data-kt=\"trashMassStateChangeIcon\"])[1]"}
COMMAND: POST /session/cceede9c5f6b3bef019bae67b0c37570/element/f.FC474E75FAD15E2F9A9DAF890F93EA04.d.B7765FB0B5877EBF8302573F1CC971A6.e.1164/click - {}
RESULT: {}
COMMAND: GET /session/cceede9c5f6b3bef019bae67b0c37570/screenshot - {}
RESULT: {}
COMMAND: POST /session/cceede9c5f6b3bef019bae67b0c37570/element - {"using":"xpath","value":"//table[contains(@id, \"massStateChangeTable-listUl\")]/tbody/tr[1]/td[11]/div/div/div/input"}
RESULT: {"using":"xpath","value":"//table[contains(@id, \"massStateChangeTable-listUl\")]/tbody/tr[1]/td[11]/div/div/div/input"}
COMMAND: GET /session/cceede9c5f6b3bef019bae67b0c37570/element/f.FC474E75FAD15E2F9A9DAF890F93EA04.d.B7765FB0B5877EBF8302573F1CC971A6.e.1149/property/value - {}
RESULT: {}
COMMAND: POST /session/cceede9c5f6b3bef019bae67b0c37570/element - {"using":"xpath","value":"(//span[@data-kt=\"trashMassStateChangeIcon\"])[2]"}
COMMAND: GET /session/cceede9c5f6b3bef019bae67b0c37570/screenshot - {}
RESULT: {"using":"xpath","value":"(//span[@data-kt=\"trashMassStateChangeIcon\"])[2]"}
COMMAND: POST /session/cceede9c5f6b3bef019bae67b0c37570/element/f.FC474E75FAD15E2F9A9DAF890F93EA04.d.B7765FB0B5877EBF8302573F1CC971A6.e.1166/click - {}
RESULT: {}
RESULT: {}
COMMAND: GET /session/cceede9c5f6b3bef019bae67b0c37570/screenshot - {}
RESULT: {}
COMMAND: POST /session/cceede9c5f6b3bef019bae67b0c37570/element - {"using":"xpath","value":"//table[contains(@id, \"massStateChangeTable-listUl\")]/tbody/tr[2]/td[11]/div/div/div/input"}
RESULT: {"using":"xpath","value":"//table[contains(@id, \"massStateChangeTable-listUl\")]/tbody/tr[2]/td[11]/div/div/div/input"}
COMMAND: GET /session/cceede9c5f6b3bef019bae67b0c37570/element/f.FC474E75FAD15E2F9A9DAF890F93EA04.d.B7765FB0B5877EBF8302573F1CC971A6.e.1153/property/value - {}
RESULT: {}
COMMAND: POST /session/cceede9c5f6b3bef019bae67b0c37570/element - {"using":"xpath","value":"//table[contains(@id, \"massStateChangeTable-listUl\")]/tbody/tr[1]/td[10]/div/span/span[1]"}
COMMAND: GET /session/cceede9c5f6b3bef019bae67b0c37570/screenshot - {}
RESULT: {"using":"xpath","value":"//table[contains(@id, \"massStateChangeTable-listUl\")]/tbody/tr[1]/td[10]/div/span/span[1]"}
COMMAND: POST /session/cceede9c5f6b3bef019bae67b0c37570/execute/sync - {"script":"<script> [56 bytes]","args":[{"element-6066-11e4-a52e-4f735466cecf":"f.FC474E75FAD15E2F9A9DAF890F93EA04.d.B7765FB0B5877EBF8302573F1CC971A6.e.1168","ELEMENT":"f.FC474E75FAD15E2F9A9DAF890F93EA04.d.B7765FB0B5877EBF8302573F1CC971A6.e.1168"}]}
RESULT: {}
RESULT: {"script":"<script> [56 bytes]","args":[{"element-6066-11e4-a52e-4f735466cecf":"f.FC474E75FAD15E2F9A9DAF890F93EA04.d.B7765FB0B5877EBF8302573F1CC971A6.e.1168","ELEMENT":"f.FC474E75FAD15E2F9A9DAF890F93EA04.d.B7765FB0B5877EBF8302573F1CC971A6.e.1168"}]}
COMMAND: POST /session/cceede9c5f6b3bef019bae67b0c37570/element - {"using":"xpath","value":"//table[contains(@id, \"massStateChangeTable-listUl\")]/tbody/tr[1]/td[11]/div/div/div/div[2]/span"}
COMMAND: GET /session/cceede9c5f6b3bef019bae67b0c37570/screenshot - {}
RESULT: {"using":"xpath","value":"//table[contains(@id, \"massStateChangeTable-listUl\")]/tbody/tr[1]/td[11]/div/div/div/div[2]/span"}
COMMAND: POST /session/cceede9c5f6b3bef019bae67b0c37570/element/f.FC474E75FAD15E2F9A9DAF890F93EA04.d.B7765FB0B5877EBF8302573F1CC971A6.e.1169/click - {}
RESULT: {}
RESULT: {}
COMMAND: GET /session/cceede9c5f6b3bef019bae67b0c37570/screenshot - {}
RESULT: {}
COMMAND: POST /session/cceede9c5f6b3bef019bae67b0c37570/element - {"using":"xpath","value":"//table[contains(@id, \"massStateChangeTable-listUl\")]/tbody/tr[1]/td[11]/div/div/div/div[2]/span"}
RESULT: {"using":"xpath","value":"//table[contains(@id, \"massStateChangeTable-listUl\")]/tbody/tr[1]/td[11]/div/div/div/div[2]/span"}
COMMAND: POST /session/cceede9c5f6b3bef019bae67b0c37570/element/f.FC474E75FAD15E2F9A9DAF890F93EA04.d.B7765FB0B5877EBF8302573F1CC971A6.e.1169/click - {}
RESULT: {}
COMMAND: GET /session/cceede9c5f6b3bef019bae67b0c37570/screenshot - {}
RESULT: {}
COMMAND: POST /session/cceede9c5f6b3bef019bae67b0c37570/element - {"using":"xpath","value":"//table[contains(@id, \"massStateChangeTable-listUl\")]/tbody/tr[1]/td[11]/div/div/div/div[2]/span"}
RESULT: {"using":"xpath","value":"//table[contains(@id, \"massStateChangeTable-listUl\")]/tbody/tr[1]/td[11]/div/div/div/div[2]/span"}
COMMAND: POST /session/cceede9c5f6b3bef019bae67b0c37570/element/f.FC474E75FAD15E2F9A9DAF890F93EA04.d.B7765FB0B5877EBF8302573F1CC971A6.e.1169/click - {}
RESULT: {}
COMMAND: GET /session/cceede9c5f6b3bef019bae67b0c37570/screenshot - {}
RESULT: {}
COMMAND: POST /session/cceede9c5f6b3bef019bae67b0c37570/element - {"using":"xpath","value":"//table[contains(@id, \"massStateChangeTable-listUl\")]/tbody/tr[1]/td[11]/div/div/div/div[2]/span"}
RESULT: {"using":"xpath","value":"//table[contains(@id, \"massStateChangeTable-listUl\")]/tbody/tr[1]/td[11]/div/div/div/div[2]/span"}
COMMAND: POST /session/cceede9c5f6b3bef019bae67b0c37570/element/f.FC474E75FAD15E2F9A9DAF890F93EA04.d.B7765FB0B5877EBF8302573F1CC971A6.e.1169/click - {}
RESULT: {}
COMMAND: GET /session/cceede9c5f6b3bef019bae67b0c37570/screenshot - {}
RESULT: {}
COMMAND: POST /session/cceede9c5f6b3bef019bae67b0c37570/element - {"using":"xpath","value":"//table[contains(@id, \"massStateChangeTable-listUl\")]/tbody/tr[1]/td[11]/div/div/div/div[2]/span"}
RESULT: {"using":"xpath","value":"//table[contains(@id, \"massStateChangeTable-listUl\")]/tbody/tr[1]/td[11]/div/div/div/div[2]/span"}
COMMAND: POST /session/cceede9c5f6b3bef019bae67b0c37570/element/f.FC474E75FAD15E2F9A9DAF890F93EA04.d.B7765FB0B5877EBF8302573F1CC971A6.e.1169/click - {}
RESULT: {}
COMMAND: GET /session/cceede9c5f6b3bef019bae67b0c37570/screenshot - {}
RESULT: {}
COMMAND: POST /session/cceede9c5f6b3bef019bae67b0c37570/element - {"using":"xpath","value":"//table[contains(@id, \"massStateChangeTable-listUl\")]/tbody/tr[1]/td[11]/div/div/div/div[2]/span"}
RESULT: {"using":"xpath","value":"//table[contains(@id, \"massStateChangeTable-listUl\")]/tbody/tr[1]/td[11]/div/div/div/div[2]/span"}
COMMAND: POST /session/cceede9c5f6b3bef019bae67b0c37570/element/f.FC474E75FAD15E2F9A9DAF890F93EA04.d.B7765FB0B5877EBF8302573F1CC971A6.e.1169/click - {}
RESULT: {}
COMMAND: GET /session/cceede9c5f6b3bef019bae67b0c37570/screenshot - {}
RESULT: {}
COMMAND: POST /session/cceede9c5f6b3bef019bae67b0c37570/element - {"using":"xpath","value":"//table[contains(@id, \"massStateChangeTable-listUl\")]/tbody/tr[1]/td[11]/div/div/div/div[2]/span"}
RESULT: {"using":"xpath","value":"//table[contains(@id, \"massStateChangeTable-listUl\")]/tbody/tr[1]/td[11]/div/div/div/div[2]/span"}
COMMAND: POST /session/cceede9c5f6b3bef019bae67b0c37570/element/f.FC474E75FAD15E2F9A9DAF890F93EA04.d.B7765FB0B5877EBF8302573F1CC971A6.e.1169/click - {}
RESULT: {}
COMMAND: GET /session/cceede9c5f6b3bef019bae67b0c37570/screenshot - {}
RESULT: {}
COMMAND: POST /session/cceede9c5f6b3bef019bae67b0c37570/element - {"using":"xpath","value":"//table[contains(@id, \"massStateChangeTable-listUl\")]/tbody/tr[1]/td[11]/div/div/div/div[2]/span"}
RESULT: {"using":"xpath","value":"//table[contains(@id, \"massStateChangeTable-listUl\")]/tbody/tr[1]/td[11]/div/div/div/div[2]/span"}
COMMAND: POST /session/cceede9c5f6b3bef019bae67b0c37570/element/f.FC474E75FAD15E2F9A9DAF890F93EA04.d.B7765FB0B5877EBF8302573F1CC971A6.e.1169/click - {}
RESULT: {}
COMMAND: GET /session/cceede9c5f6b3bef019bae67b0c37570/screenshot - {}
RESULT: {}
COMMAND: POST /session/cceede9c5f6b3bef019bae67b0c37570/element - {"using":"xpath","value":"//table[contains(@id, \"massStateChangeTable-listUl\")]/tbody/tr[1]/td[11]/div/div/div/div[2]/span"}
RESULT: {"using":"xpath","value":"//table[contains(@id, \"massStateChangeTable-listUl\")]/tbody/tr[1]/td[11]/div/div/div/div[2]/span"}
COMMAND: POST /session/cceede9c5f6b3bef019bae67b0c37570/element/f.FC474E75FAD15E2F9A9DAF890F93EA04.d.B7765FB0B5877EBF8302573F1CC971A6.e.1169/click - {}
RESULT: {}
COMMAND: GET /session/cceede9c5f6b3bef019bae67b0c37570/screenshot - {}
RESULT: {}
COMMAND: POST /session/cceede9c5f6b3bef019bae67b0c37570/element - {"using":"xpath","value":"//table[contains(@id, \"massStateChangeTable-listUl\")]/tbody/tr[1]/td[11]/div/div/div/div[2]/span"}
RESULT: {"using":"xpath","value":"//table[contains(@id, \"massStateChangeTable-listUl\")]/tbody/tr[1]/td[11]/div/div/div/div[2]/span"}
COMMAND: POST /session/cceede9c5f6b3bef019bae67b0c37570/element/f.FC474E75FAD15E2F9A9DAF890F93EA04.d.B7765FB0B5877EBF8302573F1CC971A6.e.1169/click - {}
RESULT: {}
COMMAND: GET /session/cceede9c5f6b3bef019bae67b0c37570/screenshot - {}
RESULT: {}
COMMAND: POST /session/cceede9c5f6b3bef019bae67b0c37570/element - {"using":"xpath","value":"//table[contains(@id, \"massStateChangeTable-listUl\")]/tbody/tr[1]/td[11]/div/div/div/div[2]/span"}
RESULT: {"using":"xpath","value":"//table[contains(@id, \"massStateChangeTable-listUl\")]/tbody/tr[1]/td[11]/div/div/div/div[2]/span"}
COMMAND: POST /session/cceede9c5f6b3bef019bae67b0c37570/element/f.FC474E75FAD15E2F9A9DAF890F93EA04.d.B7765FB0B5877EBF8302573F1CC971A6.e.1169/click - {}
RESULT: {}
COMMAND: GET /session/cceede9c5f6b3bef019bae67b0c37570/screenshot - {}
RESULT: {}
COMMAND: POST /session/cceede9c5f6b3bef019bae67b0c37570/element - {"using":"xpath","value":"//table[contains(@id, \"massStateChangeTable-listUl\")]/tbody/tr[1]/td[11]/div/div/div/div[2]/span"}
RESULT: {"using":"xpath","value":"//table[contains(@id, \"massStateChangeTable-listUl\")]/tbody/tr[1]/td[11]/div/div/div/div[2]/span"}
COMMAND: POST /session/cceede9c5f6b3bef019bae67b0c37570/element/f.FC474E75FAD15E2F9A9DAF890F93EA04.d.B7765FB0B5877EBF8302573F1CC971A6.e.1169/click - {}
RESULT: {}
COMMAND: GET /session/cceede9c5f6b3bef019bae67b0c37570/screenshot - {}
RESULT: {}
COMMAND: POST /session/cceede9c5f6b3bef019bae67b0c37570/element - {"using":"xpath","value":"//table[contains(@id, \"massStateChangeTable-listUl\")]/tbody/tr[1]/td[11]/div/div/div/div[2]/span"}
RESULT: {"using":"xpath","value":"//table[contains(@id, \"massStateChangeTable-listUl\")]/tbody/tr[1]/td[11]/div/div/div/div[2]/span"}
COMMAND: POST /session/cceede9c5f6b3bef019bae67b0c37570/element/f.FC474E75FAD15E2F9A9DAF890F93EA04.d.B7765FB0B5877EBF8302573F1CC971A6.e.1169/click - {}
RESULT: {}
COMMAND: GET /session/cceede9c5f6b3bef019bae67b0c37570/screenshot - {}
RESULT: {}
COMMAND: POST /session/cceede9c5f6b3bef019bae67b0c37570/element - {"using":"xpath","value":"//table[contains(@id, \"massStateChangeTable-listUl\")]/tbody/tr[1]/td[11]/div/div/div/div[2]/span"}
RESULT: {"using":"xpath","value":"//table[contains(@id, \"massStateChangeTable-listUl\")]/tbody/tr[1]/td[11]/div/div/div/div[2]/span"}
COMMAND: POST /session/cceede9c5f6b3bef019bae67b0c37570/element/f.FC474E75FAD15E2F9A9DAF890F93EA04.d.B7765FB0B5877EBF8302573F1CC971A6.e.1169/click - {}
RESULT: {}
COMMAND: GET /session/cceede9c5f6b3bef019bae67b0c37570/screenshot - {}
RESULT: {}
COMMAND: POST /session/cceede9c5f6b3bef019bae67b0c37570/element - {"using":"xpath","value":"//table[contains(@id, \"massStateChangeTable-listUl\")]/tbody/tr[1]/td[11]/div/div/div/div[2]/span"}
RESULT: {"using":"xpath","value":"//table[contains(@id, \"massStateChangeTable-listUl\")]/tbody/tr[1]/td[11]/div/div/div/div[2]/span"}
COMMAND: POST /session/cceede9c5f6b3bef019bae67b0c37570/element/f.FC474E75FAD15E2F9A9DAF890F93EA04.d.B7765FB0B5877EBF8302573F1CC971A6.e.1169/click - {}
RESULT: {}
COMMAND: GET /session/cceede9c5f6b3bef019bae67b0c37570/screenshot - {}
RESULT: {}
COMMAND: POST /session/cceede9c5f6b3bef019bae67b0c37570/element - {"using":"xpath","value":"//table[contains(@id, \"massStateChangeTable-listUl\")]/tbody/tr[1]/td[11]/div/div/div/div[2]/span"}
RESULT: {"using":"xpath","value":"//table[contains(@id, \"massStateChangeTable-listUl\")]/tbody/tr[1]/td[11]/div/div/div/div[2]/span"}
COMMAND: POST /session/cceede9c5f6b3bef019bae67b0c37570/element/f.FC474E75FAD15E2F9A9DAF890F93EA04.d.B7765FB0B5877EBF8302573F1CC971A6.e.1169/click - {}
RESULT: {}
COMMAND: GET /session/cceede9c5f6b3bef019bae67b0c37570/screenshot - {}
RESULT: {}
COMMAND: POST /session/cceede9c5f6b3bef019bae67b0c37570/element - {"using":"xpath","value":"//table[contains(@id, \"massStateChangeTable-listUl\")]/tbody/tr[1]/td[11]/div/div/div/div[2]/span"}
RESULT: {"using":"xpath","value":"//table[contains(@id, \"massStateChangeTable-listUl\")]/tbody/tr[1]/td[11]/div/div/div/div[2]/span"}
COMMAND: POST /session/cceede9c5f6b3bef019bae67b0c37570/element/f.FC474E75FAD15E2F9A9DAF890F93EA04.d.B7765FB0B5877EBF8302573F1CC971A6.e.1169/click - {}
RESULT: {}
COMMAND: GET /session/cceede9c5f6b3bef019bae67b0c37570/screenshot - {}
RESULT: {}
COMMAND: POST /session/cceede9c5f6b3bef019bae67b0c37570/element - {"using":"xpath","value":"//table[contains(@id, \"massStateChangeTable-listUl\")]/tbody/tr[1]/td[11]/div/div/div/div[2]/span"}
RESULT: {"using":"xpath","value":"//table[contains(@id, \"massStateChangeTable-listUl\")]/tbody/tr[1]/td[11]/div/div/div/div[2]/span"}
COMMAND: POST /session/cceede9c5f6b3bef019bae67b0c37570/element/f.FC474E75FAD15E2F9A9DAF890F93EA04.d.B7765FB0B5877EBF8302573F1CC971A6.e.1169/click - {}
RESULT: {}
COMMAND: GET /session/cceede9c5f6b3bef019bae67b0c37570/screenshot - {}
RESULT: {}
COMMAND: POST /session/cceede9c5f6b3bef019bae67b0c37570/element - {"using":"xpath","value":"//table[contains(@id, \"massStateChangeTable-listUl\")]/tbody/tr[1]/td[11]/div/div/div/div[2]/span"}
RESULT: {"using":"xpath","value":"//table[contains(@id, \"massStateChangeTable-listUl\")]/tbody/tr[1]/td[11]/div/div/div/div[2]/span"}
COMMAND: POST /session/cceede9c5f6b3bef019bae67b0c37570/element/f.FC474E75FAD15E2F9A9DAF890F93EA04.d.B7765FB0B5877EBF8302573F1CC971A6.e.1169/click - {}
RESULT: {}
COMMAND: GET /session/cceede9c5f6b3bef019bae67b0c37570/screenshot - {}
RESULT: {}
COMMAND: POST /session/cceede9c5f6b3bef019bae67b0c37570/element - {"using":"xpath","value":"//table[contains(@id, \"massStateChangeTable-listUl\")]/tbody/tr[1]/td[11]/div/div/div/div[2]/span"}
RESULT: {"using":"xpath","value":"//table[contains(@id, \"massStateChangeTable-listUl\")]/tbody/tr[1]/td[11]/div/div/div/div[2]/span"}
COMMAND: POST /session/cceede9c5f6b3bef019bae67b0c37570/element/f.FC474E75FAD15E2F9A9DAF890F93EA04.d.B7765FB0B5877EBF8302573F1CC971A6.e.1169/click - {}
RESULT: {}
COMMAND: GET /session/cceede9c5f6b3bef019bae67b0c37570/screenshot - {}
RESULT: {}
COMMAND: POST /session/cceede9c5f6b3bef019bae67b0c37570/element - {"using":"xpath","value":"//table[contains(@id, \"massStateChangeTable-listUl\")]/tbody/tr[1]/td[11]/div/div/div/div[2]/span"}
RESULT: {"using":"xpath","value":"//table[contains(@id, \"massStateChangeTable-listUl\")]/tbody/tr[1]/td[11]/div/div/div/div[2]/span"}
COMMAND: POST /session/cceede9c5f6b3bef019bae67b0c37570/element/f.FC474E75FAD15E2F9A9DAF890F93EA04.d.B7765FB0B5877EBF8302573F1CC971A6.e.1169/click - {}
RESULT: {}
COMMAND: GET /session/cceede9c5f6b3bef019bae67b0c37570/screenshot - {}
RESULT: {}
COMMAND: POST /session/cceede9c5f6b3bef019bae67b0c37570/element - {"using":"xpath","value":"//table[contains(@id, \"massStateChangeTable-listUl\")]/tbody/tr[1]/td[11]/div/div/div/div[2]/span"}
RESULT: {"using":"xpath","value":"//table[contains(@id, \"massStateChangeTable-listUl\")]/tbody/tr[1]/td[11]/div/div/div/div[2]/span"}
COMMAND: POST /session/cceede9c5f6b3bef019bae67b0c37570/element/f.FC474E75FAD15E2F9A9DAF890F93EA04.d.B7765FB0B5877EBF8302573F1CC971A6.e.1169/click - {}
RESULT: {}
COMMAND: GET /session/cceede9c5f6b3bef019bae67b0c37570/screenshot - {}
RESULT: {}
COMMAND: POST /session/cceede9c5f6b3bef019bae67b0c37570/element - {"using":"xpath","value":"//table[contains(@id, \"massStateChangeTable-listUl\")]/tbody/tr[1]/td[11]/div/div/div/div[2]/span"}
RESULT: {"using":"xpath","value":"//table[contains(@id, \"massStateChangeTable-listUl\")]/tbody/tr[1]/td[11]/div/div/div/div[2]/span"}
COMMAND: POST /session/cceede9c5f6b3bef019bae67b0c37570/element/f.FC474E75FAD15E2F9A9DAF890F93EA04.d.B7765FB0B5877EBF8302573F1CC971A6.e.1169/click - {}
RESULT: {}
COMMAND: GET /session/cceede9c5f6b3bef019bae67b0c37570/screenshot - {}
RESULT: {}
COMMAND: POST /session/cceede9c5f6b3bef019bae67b0c37570/element - {"using":"xpath","value":"//table[contains(@id, \"massStateChangeTable-listUl\")]/tbody/tr[1]/td[11]/div/div/div/div[2]/span"}
RESULT: {"using":"xpath","value":"//table[contains(@id, \"massStateChangeTable-listUl\")]/tbody/tr[1]/td[11]/div/div/div/div[2]/span"}
COMMAND: POST /session/cceede9c5f6b3bef019bae67b0c37570/element/f.FC474E75FAD15E2F9A9DAF890F93EA04.d.B7765FB0B5877EBF8302573F1CC971A6.e.1169/click - {}
RESULT: {}
COMMAND: GET /session/cceede9c5f6b3bef019bae67b0c37570/screenshot - {}
RESULT: {}
COMMAND: POST /session/cceede9c5f6b3bef019bae67b0c37570/element - {"using":"xpath","value":"//table[contains(@id, \"massStateChangeTable-listUl\")]/tbody/tr[1]/td[11]/div/div/div/div[2]/span"}
RESULT: {"using":"xpath","value":"//table[contains(@id, \"massStateChangeTable-listUl\")]/tbody/tr[1]/td[11]/div/div/div/div[2]/span"}
COMMAND: POST /session/cceede9c5f6b3bef019bae67b0c37570/element/f.FC474E75FAD15E2F9A9DAF890F93EA04.d.B7765FB0B5877EBF8302573F1CC971A6.e.1169/click - {}
RESULT: {}
COMMAND: GET /session/cceede9c5f6b3bef019bae67b0c37570/screenshot - {}
RESULT: {}
COMMAND: POST /session/cceede9c5f6b3bef019bae67b0c37570/element - {"using":"xpath","value":"//table[contains(@id, \"massStateChangeTable-listUl\")]/tbody/tr[1]/td[11]/div/div/div/div[2]/span"}
RESULT: {"using":"xpath","value":"//table[contains(@id, \"massStateChangeTable-listUl\")]/tbody/tr[1]/td[11]/div/div/div/div[2]/span"}
COMMAND: POST /session/cceede9c5f6b3bef019bae67b0c37570/element/f.FC474E75FAD15E2F9A9DAF890F93EA04.d.B7765FB0B5877EBF8302573F1CC971A6.e.1169/click - {}
RESULT: {}
COMMAND: GET /session/cceede9c5f6b3bef019bae67b0c37570/screenshot - {}
RESULT: {}
COMMAND: POST /session/cceede9c5f6b3bef019bae67b0c37570/element - {"using":"xpath","value":"//table[contains(@id, \"massStateChangeTable-listUl\")]/tbody/tr[1]/td[11]/div/div/div/div[2]/span"}
RESULT: {"using":"xpath","value":"//table[contains(@id, \"massStateChangeTable-listUl\")]/tbody/tr[1]/td[11]/div/div/div/div[2]/span"}
COMMAND: POST /session/cceede9c5f6b3bef019bae67b0c37570/element/f.FC474E75FAD15E2F9A9DAF890F93EA04.d.B7765FB0B5877EBF8302573F1CC971A6.e.1169/click - {}
RESULT: {}
COMMAND: GET /session/cceede9c5f6b3bef019bae67b0c37570/screenshot - {}
RESULT: {}
COMMAND: POST /session/cceede9c5f6b3bef019bae67b0c37570/element - {"using":"xpath","value":"//table[contains(@id, \"massStateChangeTable-listUl\")]/tbody/tr[1]/td[11]/div/div/div/div[2]/span"}
RESULT: {"using":"xpath","value":"//table[contains(@id, \"massStateChangeTable-listUl\")]/tbody/tr[1]/td[11]/div/div/div/div[2]/span"}
COMMAND: POST /session/cceede9c5f6b3bef019bae67b0c37570/element/f.FC474E75FAD15E2F9A9DAF890F93EA04.d.B7765FB0B5877EBF8302573F1CC971A6.e.1169/click - {}
RESULT: {}
COMMAND: GET /session/cceede9c5f6b3bef019bae67b0c37570/screenshot - {}
RESULT: {}
COMMAND: POST /session/cceede9c5f6b3bef019bae67b0c37570/element - {"using":"xpath","value":"//table[contains(@id, \"massStateChangeTable-listUl\")]/tbody/tr[1]/td[11]/div/div/div/div[2]/span"}
RESULT: {"using":"xpath","value":"//table[contains(@id, \"massStateChangeTable-listUl\")]/tbody/tr[1]/td[11]/div/div/div/div[2]/span"}
COMMAND: POST /session/cceede9c5f6b3bef019bae67b0c37570/element/f.FC474E75FAD15E2F9A9DAF890F93EA04.d.B7765FB0B5877EBF8302573F1CC971A6.e.1169/click - {}
RESULT: {}
COMMAND: GET /session/cceede9c5f6b3bef019bae67b0c37570/screenshot - {}
RESULT: {}
COMMAND: POST /session/cceede9c5f6b3bef019bae67b0c37570/element - {"using":"xpath","value":"//table[contains(@id, \"massStateChangeTable-listUl\")]/tbody/tr[1]/td[11]/div/div/div/div[2]/span"}
RESULT: {"using":"xpath","value":"//table[contains(@id, \"massStateChangeTable-listUl\")]/tbody/tr[1]/td[11]/div/div/div/div[2]/span"}
COMMAND: POST /session/cceede9c5f6b3bef019bae67b0c37570/element/f.FC474E75FAD15E2F9A9DAF890F93EA04.d.B7765FB0B5877EBF8302573F1CC971A6.e.1169/click - {}
RESULT: {}
COMMAND: GET /session/cceede9c5f6b3bef019bae67b0c37570/screenshot - {}
RESULT: {}
COMMAND: POST /session/cceede9c5f6b3bef019bae67b0c37570/element - {"using":"xpath","value":"//table[contains(@id, \"massStateChangeTable-listUl\")]/tbody/tr[1]/td[11]/div/div/div/div[2]/span"}
RESULT: {"using":"xpath","value":"//table[contains(@id, \"massStateChangeTable-listUl\")]/tbody/tr[1]/td[11]/div/div/div/div[2]/span"}
COMMAND: POST /session/cceede9c5f6b3bef019bae67b0c37570/element/f.FC474E75FAD15E2F9A9DAF890F93EA04.d.B7765FB0B5877EBF8302573F1CC971A6.e.1169/click - {}
RESULT: {}
COMMAND: GET /session/cceede9c5f6b3bef019bae67b0c37570/screenshot - {}
RESULT: {}
COMMAND: POST /session/cceede9c5f6b3bef019bae67b0c37570/element - {"using":"xpath","value":"//table[contains(@id, \"massStateChangeTable-listUl\")]/tbody/tr[1]/td[11]/div/div/div/div[2]/span"}
RESULT: {"using":"xpath","value":"//table[contains(@id, \"massStateChangeTable-listUl\")]/tbody/tr[1]/td[11]/div/div/div/div[2]/span"}
COMMAND: POST /session/cceede9c5f6b3bef019bae67b0c37570/element/f.FC474E75FAD15E2F9A9DAF890F93EA04.d.B7765FB0B5877EBF8302573F1CC971A6.e.1169/click - {}
RESULT: {}
COMMAND: GET /session/cceede9c5f6b3bef019bae67b0c37570/screenshot - {}
RESULT: {}
COMMAND: POST /session/cceede9c5f6b3bef019bae67b0c37570/element - {"using":"xpath","value":"//table[contains(@id, \"massStateChangeTable-listUl\")]/tbody/tr[1]/td[11]/div/div/div/div[2]/span"}
RESULT: {"using":"xpath","value":"//table[contains(@id, \"massStateChangeTable-listUl\")]/tbody/tr[1]/td[11]/div/div/div/div[2]/span"}
COMMAND: POST /session/cceede9c5f6b3bef019bae67b0c37570/element/f.FC474E75FAD15E2F9A9DAF890F93EA04.d.B7765FB0B5877EBF8302573F1CC971A6.e.1169/click - {}
RESULT: {}
COMMAND: GET /session/cceede9c5f6b3bef019bae67b0c37570/screenshot - {}
RESULT: {}
COMMAND: POST /session/cceede9c5f6b3bef019bae67b0c37570/element - {"using":"xpath","value":"//table[contains(@id, \"massStateChangeTable-listUl\")]/tbody/tr[1]/td[11]/div/div/div/div[2]/span"}
RESULT: {"using":"xpath","value":"//table[contains(@id, \"massStateChangeTable-listUl\")]/tbody/tr[1]/td[11]/div/div/div/div[2]/span"}
COMMAND: POST /session/cceede9c5f6b3bef019bae67b0c37570/element/f.FC474E75FAD15E2F9A9DAF890F93EA04.d.B7765FB0B5877EBF8302573F1CC971A6.e.1169/click - {}
RESULT: {}
COMMAND: GET /session/cceede9c5f6b3bef019bae67b0c37570/screenshot - {}
RESULT: {}
COMMAND: POST /session/cceede9c5f6b3bef019bae67b0c37570/element - {"using":"xpath","value":"//table[contains(@id, \"massStateChangeTable-listUl\")]/tbody/tr[1]/td[11]/div/div/div/div[2]/span"}
RESULT: {"using":"xpath","value":"//table[contains(@id, \"massStateChangeTable-listUl\")]/tbody/tr[1]/td[11]/div/div/div/div[2]/span"}
COMMAND: POST /session/cceede9c5f6b3bef019bae67b0c37570/element/f.FC474E75FAD15E2F9A9DAF890F93EA04.d.B7765FB0B5877EBF8302573F1CC971A6.e.1169/click - {}
RESULT: {}
COMMAND: GET /session/cceede9c5f6b3bef019bae67b0c37570/screenshot - {}
RESULT: {}
COMMAND: POST /session/cceede9c5f6b3bef019bae67b0c37570/element - {"using":"xpath","value":"//table[contains(@id, \"massStateChangeTable-listUl\")]/tbody/tr[1]/td[11]/div/div/div/div[2]/span"}
RESULT: {"using":"xpath","value":"//table[contains(@id, \"massStateChangeTable-listUl\")]/tbody/tr[1]/td[11]/div/div/div/div[2]/span"}
COMMAND: POST /session/cceede9c5f6b3bef019bae67b0c37570/element/f.FC474E75FAD15E2F9A9DAF890F93EA04.d.B7765FB0B5877EBF8302573F1CC971A6.e.1169/click - {}
RESULT: {}
COMMAND: GET /session/cceede9c5f6b3bef019bae67b0c37570/screenshot - {}
RESULT: {}
COMMAND: POST /session/cceede9c5f6b3bef019bae67b0c37570/element - {"using":"xpath","value":"//table[contains(@id, \"massStateChangeTable-listUl\")]/tbody/tr[1]/td[11]/div/div/div/div[2]/span"}
RESULT: {"using":"xpath","value":"//table[contains(@id, \"massStateChangeTable-listUl\")]/tbody/tr[1]/td[11]/div/div/div/div[2]/span"}
COMMAND: POST /session/cceede9c5f6b3bef019bae67b0c37570/element/f.FC474E75FAD15E2F9A9DAF890F93EA04.d.B7765FB0B5877EBF8302573F1CC971A6.e.1169/click - {}
RESULT: {}
COMMAND: GET /session/cceede9c5f6b3bef019bae67b0c37570/screenshot - {}
RESULT: {}
COMMAND: POST /session/cceede9c5f6b3bef019bae67b0c37570/element - {"using":"xpath","value":"//table[contains(@id, \"massStateChangeTable-listUl\")]/tbody/tr[1]/td[11]/div/div/div/div[2]/span"}
RESULT: {"using":"xpath","value":"//table[contains(@id, \"massStateChangeTable-listUl\")]/tbody/tr[1]/td[11]/div/div/div/div[2]/span"}
COMMAND: POST /session/cceede9c5f6b3bef019bae67b0c37570/element/f.FC474E75FAD15E2F9A9DAF890F93EA04.d.B7765FB0B5877EBF8302573F1CC971A6.e.1169/click - {}
RESULT: {}
COMMAND: GET /session/cceede9c5f6b3bef019bae67b0c37570/screenshot - {}
RESULT: {}
COMMAND: POST /session/cceede9c5f6b3bef019bae67b0c37570/element - {"using":"xpath","value":"//table[contains(@id, \"massStateChangeTable-listUl\")]/tbody/tr[1]/td[11]/div/div/div/div[2]/span"}
RESULT: {"using":"xpath","value":"//table[contains(@id, \"massStateChangeTable-listUl\")]/tbody/tr[1]/td[11]/div/div/div/div[2]/span"}
COMMAND: POST /session/cceede9c5f6b3bef019bae67b0c37570/element/f.FC474E75FAD15E2F9A9DAF890F93EA04.d.B7765FB0B5877EBF8302573F1CC971A6.e.1169/click - {}
RESULT: {}
COMMAND: GET /session/cceede9c5f6b3bef019bae67b0c37570/screenshot - {}
RESULT: {}
COMMAND: POST /session/cceede9c5f6b3bef019bae67b0c37570/element - {"using":"xpath","value":"//table[contains(@id, \"massStateChangeTable-listUl\")]/tbody/tr[1]/td[11]/div/div/div/div[2]/span"}
RESULT: {"using":"xpath","value":"//table[contains(@id, \"massStateChangeTable-listUl\")]/tbody/tr[1]/td[11]/div/div/div/div[2]/span"}
COMMAND: POST /session/cceede9c5f6b3bef019bae67b0c37570/element/f.FC474E75FAD15E2F9A9DAF890F93EA04.d.B7765FB0B5877EBF8302573F1CC971A6.e.1169/click - {}
RESULT: {}
COMMAND: GET /session/cceede9c5f6b3bef019bae67b0c37570/screenshot - {}
RESULT: {}
COMMAND: POST /session/cceede9c5f6b3bef019bae67b0c37570/element - {"using":"xpath","value":"//table[contains(@id, \"massStateChangeTable-listUl\")]/tbody/tr[1]/td[11]/div/div/div/div[2]/span"}
RESULT: {"using":"xpath","value":"//table[contains(@id, \"massStateChangeTable-listUl\")]/tbody/tr[1]/td[11]/div/div/div/div[2]/span"}
COMMAND: POST /session/cceede9c5f6b3bef019bae67b0c37570/element/f.FC474E75FAD15E2F9A9DAF890F93EA04.d.B7765FB0B5877EBF8302573F1CC971A6.e.1169/click - {}
RESULT: {}
COMMAND: GET /session/cceede9c5f6b3bef019bae67b0c37570/screenshot - {}
RESULT: {}
COMMAND: POST /session/cceede9c5f6b3bef019bae67b0c37570/element - {"using":"xpath","value":"//table[contains(@id, \"massStateChangeTable-listUl\")]/tbody/tr[1]/td[11]/div/div/div/div[2]/span"}
RESULT: {"using":"xpath","value":"//table[contains(@id, \"massStateChangeTable-listUl\")]/tbody/tr[1]/td[11]/div/div/div/div[2]/span"}
COMMAND: POST /session/cceede9c5f6b3bef019bae67b0c37570/element/f.FC474E75FAD15E2F9A9DAF890F93EA04.d.B7765FB0B5877EBF8302573F1CC971A6.e.1169/click - {}
RESULT: {}
COMMAND: GET /session/cceede9c5f6b3bef019bae67b0c37570/screenshot - {}
RESULT: {}
COMMAND: POST /session/cceede9c5f6b3bef019bae67b0c37570/element - {"using":"xpath","value":"//table[contains(@id, \"massStateChangeTable-listUl\")]/tbody/tr[1]/td[11]/div/div/div/div[2]/span"}
RESULT: {"using":"xpath","value":"//table[contains(@id, \"massStateChangeTable-listUl\")]/tbody/tr[1]/td[11]/div/div/div/div[2]/span"}
COMMAND: POST /session/cceede9c5f6b3bef019bae67b0c37570/element/f.FC474E75FAD15E2F9A9DAF890F93EA04.d.B7765FB0B5877EBF8302573F1CC971A6.e.1169/click - {}
RESULT: {}
COMMAND: GET /session/cceede9c5f6b3bef019bae67b0c37570/screenshot - {}
RESULT: {}
COMMAND: POST /session/cceede9c5f6b3bef019bae67b0c37570/element - {"using":"xpath","value":"//table[contains(@id, \"massStateChangeTable-listUl\")]/tbody/tr[1]/td[11]/div/div/div/div[2]/span"}
RESULT: {"using":"xpath","value":"//table[contains(@id, \"massStateChangeTable-listUl\")]/tbody/tr[1]/td[11]/div/div/div/div[2]/span"}
COMMAND: POST /session/cceede9c5f6b3bef019bae67b0c37570/element/f.FC474E75FAD15E2F9A9DAF890F93EA04.d.B7765FB0B5877EBF8302573F1CC971A6.e.1169/click - {}
RESULT: {}
COMMAND: GET /session/cceede9c5f6b3bef019bae67b0c37570/screenshot - {}
RESULT: {}
COMMAND: POST /session/cceede9c5f6b3bef019bae67b0c37570/element - {"using":"xpath","value":"//table[contains(@id, \"massStateChangeTable-listUl\")]/tbody/tr[1]/td[11]/div/div/div/div[2]/span"}
RESULT: {"using":"xpath","value":"//table[contains(@id, \"massStateChangeTable-listUl\")]/tbody/tr[1]/td[11]/div/div/div/div[2]/span"}
COMMAND: POST /session/cceede9c5f6b3bef019bae67b0c37570/element/f.FC474E75FAD15E2F9A9DAF890F93EA04.d.B7765FB0B5877EBF8302573F1CC971A6.e.1169/click - {}
RESULT: {}
COMMAND: GET /session/cceede9c5f6b3bef019bae67b0c37570/screenshot - {}
RESULT: {}
COMMAND: POST /session/cceede9c5f6b3bef019bae67b0c37570/element - {"using":"xpath","value":"//table[contains(@id, \"massStateChangeTable-listUl\")]/tbody/tr[1]/td[11]/div/div/div/div[2]/span"}
RESULT: {"using":"xpath","value":"//table[contains(@id, \"massStateChangeTable-listUl\")]/tbody/tr[1]/td[11]/div/div/div/div[2]/span"}
COMMAND: POST /session/cceede9c5f6b3bef019bae67b0c37570/element/f.FC474E75FAD15E2F9A9DAF890F93EA04.d.B7765FB0B5877EBF8302573F1CC971A6.e.1169/click - {}
RESULT: {}
COMMAND: GET /session/cceede9c5f6b3bef019bae67b0c37570/screenshot - {}
RESULT: {}
COMMAND: POST /session/cceede9c5f6b3bef019bae67b0c37570/element - {"using":"xpath","value":"//table[contains(@id, \"massStateChangeTable-listUl\")]/tbody/tr[1]/td[11]/div/div/div/div[2]/span"}
RESULT: {"using":"xpath","value":"//table[contains(@id, \"massStateChangeTable-listUl\")]/tbody/tr[1]/td[11]/div/div/div/div[2]/span"}
COMMAND: POST /session/cceede9c5f6b3bef019bae67b0c37570/element/f.FC474E75FAD15E2F9A9DAF890F93EA04.d.B7765FB0B5877EBF8302573F1CC971A6.e.1169/click - {}
RESULT: {}
COMMAND: GET /session/cceede9c5f6b3bef019bae67b0c37570/screenshot - {}
RESULT: {}
COMMAND: POST /session/cceede9c5f6b3bef019bae67b0c37570/element - {"using":"xpath","value":"//table[contains(@id, \"massStateChangeTable-listUl\")]/tbody/tr[1]/td[11]/div/div/div/div[2]/span"}
RESULT: {"using":"xpath","value":"//table[contains(@id, \"massStateChangeTable-listUl\")]/tbody/tr[1]/td[11]/div/div/div/div[2]/span"}
COMMAND: POST /session/cceede9c5f6b3bef019bae67b0c37570/element/f.FC474E75FAD15E2F9A9DAF890F93EA04.d.B7765FB0B5877EBF8302573F1CC971A6.e.1169/click - {}
RESULT: {}
COMMAND: GET /session/cceede9c5f6b3bef019bae67b0c37570/screenshot - {}
RESULT: {}
COMMAND: POST /session/cceede9c5f6b3bef019bae67b0c37570/element - {"using":"xpath","value":"//table[contains(@id, \"massStateChangeTable-listUl\")]/tbody/tr[1]/td[11]/div/div/div/div[2]/span"}
RESULT: {"using":"xpath","value":"//table[contains(@id, \"massStateChangeTable-listUl\")]/tbody/tr[1]/td[11]/div/div/div/div[2]/span"}
COMMAND: POST /session/cceede9c5f6b3bef019bae67b0c37570/element/f.FC474E75FAD15E2F9A9DAF890F93EA04.d.B7765FB0B5877EBF8302573F1CC971A6.e.1169/click - {}
RESULT: {}
COMMAND: GET /session/cceede9c5f6b3bef019bae67b0c37570/screenshot - {}
RESULT: {}
COMMAND: POST /session/cceede9c5f6b3bef019bae67b0c37570/element - {"using":"xpath","value":"//table[contains(@id, \"massStateChangeTable-listUl\")]/tbody/tr[1]/td[11]/div/div/div/div[2]/span"}
RESULT: {"using":"xpath","value":"//table[contains(@id, \"massStateChangeTable-listUl\")]/tbody/tr[1]/td[11]/div/div/div/div[2]/span"}
COMMAND: POST /session/cceede9c5f6b3bef019bae67b0c37570/element/f.FC474E75FAD15E2F9A9DAF890F93EA04.d.B7765FB0B5877EBF8302573F1CC971A6.e.1169/click - {}
RESULT: {}
COMMAND: GET /session/cceede9c5f6b3bef019bae67b0c37570/screenshot - {}
RESULT: {}
COMMAND: POST /session/cceede9c5f6b3bef019bae67b0c37570/element - {"using":"xpath","value":"//table[contains(@id, \"massStateChangeTable-listUl\")]/tbody/tr[2]/td[11]/div/div/div/div[2]/span"}
RESULT: {"using":"xpath","value":"//table[contains(@id, \"massStateChangeTable-listUl\")]/tbody/tr[2]/td[11]/div/div/div/div[2]/span"}
COMMAND: POST /session/cceede9c5f6b3bef019bae67b0c37570/element/f.FC474E75FAD15E2F9A9DAF890F93EA04.d.B7765FB0B5877EBF8302573F1CC971A6.e.1170/click - {}
RESULT: {}
COMMAND: GET /session/cceede9c5f6b3bef019bae67b0c37570/screenshot - {}
RESULT: {}
COMMAND: POST /session/cceede9c5f6b3bef019bae67b0c37570/element - {"using":"xpath","value":"//table[contains(@id, \"massStateChangeTable-listUl\")]/tbody/tr[1]/td[11]/div/div/div/input"}
RESULT: {"using":"xpath","value":"//table[contains(@id, \"massStateChangeTable-listUl\")]/tbody/tr[1]/td[11]/div/div/div/input"}
COMMAND: GET /session/cceede9c5f6b3bef019bae67b0c37570/element/f.FC474E75FAD15E2F9A9DAF890F93EA04.d.B7765FB0B5877EBF8302573F1CC971A6.e.1149/property/value - {}
RESULT: {}
COMMAND: POST /session/cceede9c5f6b3bef019bae67b0c37570/element - {"using":"xpath","value":"//table[contains(@id, \"massStateChangeTable-listUl\")]/tbody/tr[2]/td[11]/div/div/div/input"}
COMMAND: GET /session/cceede9c5f6b3bef019bae67b0c37570/screenshot - {}
RESULT: {"using":"xpath","value":"//table[contains(@id, \"massStateChangeTable-listUl\")]/tbody/tr[2]/td[11]/div/div/div/input"}
COMMAND: GET /session/cceede9c5f6b3bef019bae67b0c37570/element/f.FC474E75FAD15E2F9A9DAF890F93EA04.d.B7765FB0B5877EBF8302573F1CC971A6.e.1153/property/value - {}
RESULT: {}
RESULT: {}
COMMAND: POST /session/cceede9c5f6b3bef019bae67b0c37570/element - {"using":"xpath","value":"(//bdi[contains(text(), \"OK\")])[1]"}
COMMAND: GET /session/cceede9c5f6b3bef019bae67b0c37570/screenshot - {}
RESULT: {"using":"xpath","value":"(//bdi[contains(text(), \"OK\")])[1]"}
COMMAND: POST /session/cceede9c5f6b3bef019bae67b0c37570/element/f.FC474E75FAD15E2F9A9DAF890F93EA04.d.B7765FB0B5877EBF8302573F1CC971A6.e.1156/click - {}
RESULT: {}
RESULT: {}
COMMAND: GET /session/cceede9c5f6b3bef019bae67b0c37570/screenshot - {}
RESULT: {}
COMMAND: POST /session/cceede9c5f6b3bef019bae67b0c37570/element - {"using":"xpath","value":"(//bdi[contains(text(), \"OK\")])[2]"}
RESULT: {"using":"xpath","value":"(//bdi[contains(text(), \"OK\")])[2]"}
COMMAND: POST /session/cceede9c5f6b3bef019bae67b0c37570/element/f.FC474E75FAD15E2F9A9DAF890F93EA04.d.B7765FB0B5877EBF8302573F1CC971A6.e.1172/click - {}
RESULT: {}
COMMAND: GET /session/cceede9c5f6b3bef019bae67b0c37570/screenshot - {}
RESULT: {}
RESULT: undefined
COMMAND: POST /session/cceede9c5f6b3bef019bae67b0c37570/execute/async - {"script":"<script> [776 bytes]","args":[{"enterText":"600002","selector":{"id":"application-ruinventorylist-display-component---Master--smartFilterBar-btnBasicSearch","interaction":{"idSuffix":"I"}},"clearTextFirst":true,"interactionType":"ENTER_TEXT"}]}
RESULT: {"script":"<script> [776 bytes]","args":[{"enterText":"600002","selector":{"id":"application-ruinventorylist-display-component---Master--smartFilterBar-btnBasicSearch","interaction":{"idSuffix":"I"}},"clearTextFirst":true,"interactionType":"ENTER_TEXT"}]}
COMMAND: POST /session/cceede9c5f6b3bef019bae67b0c37570/actions - {"actions":[{"id":"action5","type":"key","parameters":{},"actions":[{"type":"keyDown","value":""},{"type":"pause","duration":10},{"type":"keyUp","value":""}]}]}
RESULT: {"actions":[{"id":"action5","type":"key","parameters":{},"actions":[{"type":"keyDown","value":""},{"type":"pause","duration":10},{"type":"keyUp","value":""}]}]}
COMMAND: GET /session/cceede9c5f6b3bef019bae67b0c37570/screenshot - {}
RESULT: {}
COMMAND: POST /session/cceede9c5f6b3bef019bae67b0c37570/element - {"using":"xpath","value":"//span[@id=\"application-ruinventorylist-display-component---Master--smartTableRuInventoryList-header-inner\"]"}
RESULT: {"using":"xpath","value":"//span[@id=\"application-ruinventorylist-display-component---Master--smartTableRuInventoryList-header-inner\"]"}
COMMAND: POST /session/cceede9c5f6b3bef019bae67b0c37570/elements - {"using":"xpath","value":"//span[@id=\"application-ruinventorylist-display-component---Master--smartTableRuInventoryList-header-inner\"]"}
RESULT: {"using":"xpath","value":"//span[@id=\"application-ruinventorylist-display-component---Master--smartTableRuInventoryList-header-inner\"]"}
COMMAND: POST /session/cceede9c5f6b3bef019bae67b0c37570/execute/sync - {"script":"<script> [56 bytes]","args":[{"element-6066-11e4-a52e-4f735466cecf":"f.FC474E75FAD15E2F9A9DAF890F93EA04.d.B7765FB0B5877EBF8302573F1CC971A6.e.839","ELEMENT":"f.FC474E75FAD15E2F9A9DAF890F93EA04.d.B7765FB0B5877EBF8302573F1CC971A6.e.839"}]}
RESULT: {"script":"<script> [56 bytes]","args":[{"element-6066-11e4-a52e-4f735466cecf":"f.FC474E75FAD15E2F9A9DAF890F93EA04.d.B7765FB0B5877EBF8302573F1CC971A6.e.839","ELEMENT":"f.FC474E75FAD15E2F9A9DAF890F93EA04.d.B7765FB0B5877EBF8302573F1CC971A6.e.839"}]}
COMMAND: POST /session/cceede9c5f6b3bef019bae67b0c37570/element - {"using":"xpath","value":"//table[contains(@id, \"application-ruinventorylist-display-component---Master--tableRuInventoryList-listUl\")]/tbody/tr[1]/td[6]/div/span"}
COMMAND: GET /session/cceede9c5f6b3bef019bae67b0c37570/screenshot - {}
RESULT: {"using":"xpath","value":"//table[contains(@id, \"application-ruinventorylist-display-component---Master--tableRuInventoryList-listUl\")]/tbody/tr[1]/td[6]/div/span"}
COMMAND: POST /session/cceede9c5f6b3bef019bae67b0c37570/execute/sync - {"script":"<script> [56 bytes]","args":[{"element-6066-11e4-a52e-4f735466cecf":"f.FC474E75FAD15E2F9A9DAF890F93EA04.d.B7765FB0B5877EBF8302573F1CC971A6.e.1194","ELEMENT":"f.FC474E75FAD15E2F9A9DAF890F93EA04.d.B7765FB0B5877EBF8302573F1CC971A6.e.1194"}]}
RESULT: {}
RESULT: {"script":"<script> [56 bytes]","args":[{"element-6066-11e4-a52e-4f735466cecf":"f.FC474E75FAD15E2F9A9DAF890F93EA04.d.B7765FB0B5877EBF8302573F1CC971A6.e.1194","ELEMENT":"f.FC474E75FAD15E2F9A9DAF890F93EA04.d.B7765FB0B5877EBF8302573F1CC971A6.e.1194"}]}
COMMAND: POST /session/cceede9c5f6b3bef019bae67b0c37570/element - {"using":"xpath","value":"//div[contains(@id, \"smartFilterBar-btnBasicSearch-reset\")]"}
COMMAND: GET /session/cceede9c5f6b3bef019bae67b0c37570/screenshot - {}
RESULT: {"using":"xpath","value":"//div[contains(@id, \"smartFilterBar-btnBasicSearch-reset\")]"}
COMMAND: POST /session/cceede9c5f6b3bef019bae67b0c37570/element/f.FC474E75FAD15E2F9A9DAF890F93EA04.d.B7765FB0B5877EBF8302573F1CC971A6.e.857/click - {}
RESULT: {}
RESULT: {}
COMMAND: GET /session/cceede9c5f6b3bef019bae67b0c37570/screenshot - {}
RESULT: {}
RESULT: undefined
COMMAND: POST /session/cceede9c5f6b3bef019bae67b0c37570/execute/async - {"script":"<script> [776 bytes]","args":[{"enterText":"401002","selector":{"id":"application-ruinventorylist-display-component---Master--smartFilterBar-btnBasicSearch","interaction":{"idSuffix":"I"}},"clearTextFirst":true,"interactionType":"ENTER_TEXT"}]}
RESULT: {"script":"<script> [776 bytes]","args":[{"enterText":"401002","selector":{"id":"application-ruinventorylist-display-component---Master--smartFilterBar-btnBasicSearch","interaction":{"idSuffix":"I"}},"clearTextFirst":true,"interactionType":"ENTER_TEXT"}]}
COMMAND: POST /session/cceede9c5f6b3bef019bae67b0c37570/actions - {"actions":[{"id":"action6","type":"key","parameters":{},"actions":[{"type":"keyDown","value":""},{"type":"pause","duration":10},{"type":"keyUp","value":""}]}]}
RESULT: {"actions":[{"id":"action6","type":"key","parameters":{},"actions":[{"type":"keyDown","value":""},{"type":"pause","duration":10},{"type":"keyUp","value":""}]}]}
COMMAND: GET /session/cceede9c5f6b3bef019bae67b0c37570/screenshot - {}
RESULT: {}
COMMAND: POST /session/cceede9c5f6b3bef019bae67b0c37570/element - {"using":"xpath","value":"//span[@id=\"application-ruinventorylist-display-component---Master--smartTableRuInventoryList-header-inner\"]"}
RESULT: {"using":"xpath","value":"//span[@id=\"application-ruinventorylist-display-component---Master--smartTableRuInventoryList-header-inner\"]"}
COMMAND: POST /session/cceede9c5f6b3bef019bae67b0c37570/elements - {"using":"xpath","value":"//span[@id=\"application-ruinventorylist-display-component---Master--smartTableRuInventoryList-header-inner\"]"}
RESULT: {"using":"xpath","value":"//span[@id=\"application-ruinventorylist-display-component---Master--smartTableRuInventoryList-header-inner\"]"}
COMMAND: POST /session/cceede9c5f6b3bef019bae67b0c37570/execute/sync - {"script":"<script> [56 bytes]","args":[{"element-6066-11e4-a52e-4f735466cecf":"f.FC474E75FAD15E2F9A9DAF890F93EA04.d.B7765FB0B5877EBF8302573F1CC971A6.e.839","ELEMENT":"f.FC474E75FAD15E2F9A9DAF890F93EA04.d.B7765FB0B5877EBF8302573F1CC971A6.e.839"}]}
RESULT: {"script":"<script> [56 bytes]","args":[{"element-6066-11e4-a52e-4f735466cecf":"f.FC474E75FAD15E2F9A9DAF890F93EA04.d.B7765FB0B5877EBF8302573F1CC971A6.e.839","ELEMENT":"f.FC474E75FAD15E2F9A9DAF890F93EA04.d.B7765FB0B5877EBF8302573F1CC971A6.e.839"}]}
COMMAND: POST /session/cceede9c5f6b3bef019bae67b0c37570/element - {"using":"xpath","value":"//table[contains(@id, \"application-ruinventorylist-display-component---Master--tableRuInventoryList-listUl\")]/tbody/tr[1]/td[6]/div/span"}
COMMAND: GET /session/cceede9c5f6b3bef019bae67b0c37570/screenshot - {}
RESULT: {"using":"xpath","value":"//table[contains(@id, \"application-ruinventorylist-display-component---Master--tableRuInventoryList-listUl\")]/tbody/tr[1]/td[6]/div/span"}
COMMAND: POST /session/cceede9c5f6b3bef019bae67b0c37570/execute/sync - {"script":"<script> [56 bytes]","args":[{"element-6066-11e4-a52e-4f735466cecf":"f.FC474E75FAD15E2F9A9DAF890F93EA04.d.B7765FB0B5877EBF8302573F1CC971A6.e.1274","ELEMENT":"f.FC474E75FAD15E2F9A9DAF890F93EA04.d.B7765FB0B5877EBF8302573F1CC971A6.e.1274"}]}
RESULT: {}
RESULT: {"script":"<script> [56 bytes]","args":[{"element-6066-11e4-a52e-4f735466cecf":"f.FC474E75FAD15E2F9A9DAF890F93EA04.d.B7765FB0B5877EBF8302573F1CC971A6.e.1274","ELEMENT":"f.FC474E75FAD15E2F9A9DAF890F93EA04.d.B7765FB0B5877EBF8302573F1CC971A6.e.1274"}]}
COMMAND: POST /session/cceede9c5f6b3bef019bae67b0c37570/element - {"using":"xpath","value":"//div[contains(@id, \"smartFilterBar-btnBasicSearch-reset\")]"}
COMMAND: GET /session/cceede9c5f6b3bef019bae67b0c37570/screenshot - {}
RESULT: {"using":"xpath","value":"//div[contains(@id, \"smartFilterBar-btnBasicSearch-reset\")]"}
COMMAND: POST /session/cceede9c5f6b3bef019bae67b0c37570/element/f.FC474E75FAD15E2F9A9DAF890F93EA04.d.B7765FB0B5877EBF8302573F1CC971A6.e.857/click - {}
RESULT: {}
RESULT: {}
COMMAND: GET /session/cceede9c5f6b3bef019bae67b0c37570/screenshot - {}
RESULT: {}
COMMAND: POST /session/cceede9c5f6b3bef019bae67b0c37570/element/f.FC474E75FAD15E2F9A9DAF890F93EA04.d.B7765FB0B5877EBF8302573F1CC971A6.e.281/click - {}
RESULT: {}
COMMAND: GET /session/cceede9c5f6b3bef019bae67b0c37570/screenshot - {}
RESULT: {}
RESULT: undefined
COMMAND: POST /session/cceede9c5f6b3bef019bae67b0c37570/execute/async - {"script":"<script> [776 bytes]","args":[{"enterText":"600002","selector":{"id":"application-ruinventorylist-display-component---Master--smartFilterBar-btnBasicSearch","interaction":{"idSuffix":"I"}},"clearTextFirst":true,"interactionType":"ENTER_TEXT"}]}
RESULT: {"script":"<script> [776 bytes]","args":[{"enterText":"600002","selector":{"id":"application-ruinventorylist-display-component---Master--smartFilterBar-btnBasicSearch","interaction":{"idSuffix":"I"}},"clearTextFirst":true,"interactionType":"ENTER_TEXT"}]}
COMMAND: POST /session/cceede9c5f6b3bef019bae67b0c37570/actions - {"actions":[{"id":"action7","type":"key","parameters":{},"actions":[{"type":"keyDown","value":""},{"type":"pause","duration":10},{"type":"keyUp","value":""}]}]}
RESULT: {"actions":[{"id":"action7","type":"key","parameters":{},"actions":[{"type":"keyDown","value":""},{"type":"pause","duration":10},{"type":"keyUp","value":""}]}]}
COMMAND: GET /session/cceede9c5f6b3bef019bae67b0c37570/screenshot - {}
RESULT: {}
COMMAND: POST /session/cceede9c5f6b3bef019bae67b0c37570/element - {"using":"xpath","value":"//span[@id=\"application-ruinventorylist-display-component---Master--smartTableRuInventoryList-header-inner\"]"}
RESULT: {"using":"xpath","value":"//span[@id=\"application-ruinventorylist-display-component---Master--smartTableRuInventoryList-header-inner\"]"}
COMMAND: POST /session/cceede9c5f6b3bef019bae67b0c37570/elements - {"using":"xpath","value":"//span[@id=\"application-ruinventorylist-display-component---Master--smartTableRuInventoryList-header-inner\"]"}
RESULT: {"using":"xpath","value":"//span[@id=\"application-ruinventorylist-display-component---Master--smartTableRuInventoryList-header-inner\"]"}
COMMAND: POST /session/cceede9c5f6b3bef019bae67b0c37570/execute/sync - {"script":"<script> [56 bytes]","args":[{"element-6066-11e4-a52e-4f735466cecf":"f.FC474E75FAD15E2F9A9DAF890F93EA04.d.B7765FB0B5877EBF8302573F1CC971A6.e.839","ELEMENT":"f.FC474E75FAD15E2F9A9DAF890F93EA04.d.B7765FB0B5877EBF8302573F1CC971A6.e.839"}]}
RESULT: {"script":"<script> [56 bytes]","args":[{"element-6066-11e4-a52e-4f735466cecf":"f.FC474E75FAD15E2F9A9DAF890F93EA04.d.B7765FB0B5877EBF8302573F1CC971A6.e.839","ELEMENT":"f.FC474E75FAD15E2F9A9DAF890F93EA04.d.B7765FB0B5877EBF8302573F1CC971A6.e.839"}]}
COMMAND: POST /session/cceede9c5f6b3bef019bae67b0c37570/element - {"using":"xpath","value":"//table[contains(@id, \"application-ruinventorylist-display-component---Master--tableRuInventoryList-listUl\")]/tbody/tr[1]/td[2]/div/div"}
COMMAND: GET /session/cceede9c5f6b3bef019bae67b0c37570/screenshot - {}
RESULT: {"using":"xpath","value":"//table[contains(@id, \"application-ruinventorylist-display-component---Master--tableRuInventoryList-listUl\")]/tbody/tr[1]/td[2]/div/div"}
COMMAND: POST /session/cceede9c5f6b3bef019bae67b0c37570/element/f.FC474E75FAD15E2F9A9DAF890F93EA04.d.B7765FB0B5877EBF8302573F1CC971A6.e.1526/click - {}
RESULT: {}
RESULT: {}
COMMAND: GET /session/cceede9c5f6b3bef019bae67b0c37570/screenshot - {}
RESULT: {}
COMMAND: POST /session/cceede9c5f6b3bef019bae67b0c37570/element - {"using":"xpath","value":"//div[contains(@id, \"smartFilterBar-btnBasicSearch-reset\")]"}
RESULT: {"using":"xpath","value":"//div[contains(@id, \"smartFilterBar-btnBasicSearch-reset\")]"}
COMMAND: POST /session/cceede9c5f6b3bef019bae67b0c37570/element/f.FC474E75FAD15E2F9A9DAF890F93EA04.d.B7765FB0B5877EBF8302573F1CC971A6.e.857/click - {}
RESULT: {}
COMMAND: GET /session/cceede9c5f6b3bef019bae67b0c37570/screenshot - {}
RESULT: {}
RESULT: undefined
COMMAND: POST /session/cceede9c5f6b3bef019bae67b0c37570/execute/async - {"script":"<script> [776 bytes]","args":[{"enterText":"401002","selector":{"id":"application-ruinventorylist-display-component---Master--smartFilterBar-btnBasicSearch","interaction":{"idSuffix":"I"}},"clearTextFirst":true,"interactionType":"ENTER_TEXT"}]}
RESULT: {"script":"<script> [776 bytes]","args":[{"enterText":"401002","selector":{"id":"application-ruinventorylist-display-component---Master--smartFilterBar-btnBasicSearch","interaction":{"idSuffix":"I"}},"clearTextFirst":true,"interactionType":"ENTER_TEXT"}]}
COMMAND: POST /session/cceede9c5f6b3bef019bae67b0c37570/actions - {"actions":[{"id":"action8","type":"key","parameters":{},"actions":[{"type":"keyDown","value":""},{"type":"pause","duration":10},{"type":"keyUp","value":""}]}]}
RESULT: {"actions":[{"id":"action8","type":"key","parameters":{},"actions":[{"type":"keyDown","value":""},{"type":"pause","duration":10},{"type":"keyUp","value":""}]}]}
COMMAND: GET /session/cceede9c5f6b3bef019bae67b0c37570/screenshot - {}
RESULT: {}
COMMAND: POST /session/cceede9c5f6b3bef019bae67b0c37570/element - {"using":"xpath","value":"//span[@id=\"application-ruinventorylist-display-component---Master--smartTableRuInventoryList-header-inner\"]"}
RESULT: {"using":"xpath","value":"//span[@id=\"application-ruinventorylist-display-component---Master--smartTableRuInventoryList-header-inner\"]"}
COMMAND: POST /session/cceede9c5f6b3bef019bae67b0c37570/elements - {"using":"xpath","value":"//span[@id=\"application-ruinventorylist-display-component---Master--smartTableRuInventoryList-header-inner\"]"}
RESULT: {"using":"xpath","value":"//span[@id=\"application-ruinventorylist-display-component---Master--smartTableRuInventoryList-header-inner\"]"}
COMMAND: POST /session/cceede9c5f6b3bef019bae67b0c37570/execute/sync - {"script":"<script> [56 bytes]","args":[{"element-6066-11e4-a52e-4f735466cecf":"f.FC474E75FAD15E2F9A9DAF890F93EA04.d.B7765FB0B5877EBF8302573F1CC971A6.e.839","ELEMENT":"f.FC474E75FAD15E2F9A9DAF890F93EA04.d.B7765FB0B5877EBF8302573F1CC971A6.e.839"}]}
RESULT: {"script":"<script> [56 bytes]","args":[{"element-6066-11e4-a52e-4f735466cecf":"f.FC474E75FAD15E2F9A9DAF890F93EA04.d.B7765FB0B5877EBF8302573F1CC971A6.e.839","ELEMENT":"f.FC474E75FAD15E2F9A9DAF890F93EA04.d.B7765FB0B5877EBF8302573F1CC971A6.e.839"}]}
COMMAND: POST /session/cceede9c5f6b3bef019bae67b0c37570/element - {"using":"xpath","value":"//table[contains(@id, \"application-ruinventorylist-display-component---Master--tableRuInventoryList-listUl\")]/tbody/tr[1]/td[2]/div/div"}
COMMAND: GET /session/cceede9c5f6b3bef019bae67b0c37570/screenshot - {}
RESULT: {}
RESULT: {"using":"xpath","value":"//table[contains(@id, \"application-ruinventorylist-display-component---Master--tableRuInventoryList-listUl\")]/tbody/tr[1]/td[2]/div/div"}
COMMAND: POST /session/cceede9c5f6b3bef019bae67b0c37570/element/f.FC474E75FAD15E2F9A9DAF890F93EA04.d.B7765FB0B5877EBF8302573F1CC971A6.e.1674/click - {}
RESULT: {}
COMMAND: GET /session/cceede9c5f6b3bef019bae67b0c37570/screenshot - {}
RESULT: {}
COMMAND: POST /session/cceede9c5f6b3bef019bae67b0c37570/element - {"using":"xpath","value":"//div[contains(@id, \"smartFilterBar-btnBasicSearch-reset\")]"}
RESULT: {"using":"xpath","value":"//div[contains(@id, \"smartFilterBar-btnBasicSearch-reset\")]"}
COMMAND: POST /session/cceede9c5f6b3bef019bae67b0c37570/element/f.FC474E75FAD15E2F9A9DAF890F93EA04.d.B7765FB0B5877EBF8302573F1CC971A6.e.857/click - {}
RESULT: {}
COMMAND: GET /session/cceede9c5f6b3bef019bae67b0c37570/screenshot - {}
RESULT: {}
COMMAND: POST /session/cceede9c5f6b3bef019bae67b0c37570/element/f.FC474E75FAD15E2F9A9DAF890F93EA04.d.B7765FB0B5877EBF8302573F1CC971A6.e.281/click - {}
RESULT: {}
COMMAND: GET /session/cceede9c5f6b3bef019bae67b0c37570/screenshot - {}
RESULT: {}
RESULT: undefined
COMMAND: POST /session/cceede9c5f6b3bef019bae67b0c37570/element - {"using":"xpath","value":"//*[@id=\"application-ruinventorylist-display-component---Master--ruStateTypes-arrow\"]"}
RESULT: {"using":"xpath","value":"//*[@id=\"application-ruinventorylist-display-component---Master--ruStateTypes-arrow\"]"}
COMMAND: POST /session/cceede9c5f6b3bef019bae67b0c37570/element/f.FC474E75FAD15E2F9A9DAF890F93EA04.d.B7765FB0B5877EBF8302573F1CC971A6.e.1834/click - {}
RESULT: {}
COMMAND: GET /session/cceede9c5f6b3bef019bae67b0c37570/screenshot - {}
RESULT: {}
COMMAND: POST /session/cceede9c5f6b3bef019bae67b0c37570/element - {"using":"xpath","value":"//li[.//span[text()=\"available\"]]"}
RESULT: {"using":"xpath","value":"//li[.//span[text()=\"available\"]]"}
COMMAND: POST /session/cceede9c5f6b3bef019bae67b0c37570/element/f.FC474E75FAD15E2F9A9DAF890F93EA04.d.B7765FB0B5877EBF8302573F1CC971A6.e.1835/click - {}
RESULT: {}
COMMAND: GET /session/cceede9c5f6b3bef019bae67b0c37570/screenshot - {}
RESULT: {}
COMMAND: POST /session/cceede9c5f6b3bef019bae67b0c37570/element - {"using":"xpath","value":"(//bdi[contains(text(), \"OK\")])[1]"}
RESULT: {"using":"xpath","value":"(//bdi[contains(text(), \"OK\")])[1]"}
COMMAND: POST /session/cceede9c5f6b3bef019bae67b0c37570/element/f.FC474E75FAD15E2F9A9DAF890F93EA04.d.B7765FB0B5877EBF8302573F1CC971A6.e.1836/click - {}
RESULT: {}
COMMAND: GET /session/cceede9c5f6b3bef019bae67b0c37570/screenshot - {}
RESULT: {}
COMMAND: POST /session/cceede9c5f6b3bef019bae67b0c37570/element - {"using":"xpath","value":"(//bdi[contains(text(), \"OK\")])[2]"}
RESULT: {"using":"xpath","value":"(//bdi[contains(text(), \"OK\")])[2]"}
COMMAND: POST /session/cceede9c5f6b3bef019bae67b0c37570/element/f.FC474E75FAD15E2F9A9DAF890F93EA04.d.B7765FB0B5877EBF8302573F1CC971A6.e.1841/click - {}
RESULT: {}
COMMAND: GET /session/cceede9c5f6b3bef019bae67b0c37570/screenshot - {}
RESULT: {}
RESULT: undefined
COMMAND: POST /session/cceede9c5f6b3bef019bae67b0c37570/execute/async - {"script":"<script> [776 bytes]","args":[{"enterText":"600002","selector":{"id":"application-ruinventorylist-display-component---Master--smartFilterBar-btnBasicSearch","interaction":{"idSuffix":"I"}},"clearTextFirst":true,"interactionType":"ENTER_TEXT"}]}
RESULT: {"script":"<script> [776 bytes]","args":[{"enterText":"600002","selector":{"id":"application-ruinventorylist-display-component---Master--smartFilterBar-btnBasicSearch","interaction":{"idSuffix":"I"}},"clearTextFirst":true,"interactionType":"ENTER_TEXT"}]}
COMMAND: POST /session/cceede9c5f6b3bef019bae67b0c37570/actions - {"actions":[{"id":"action9","type":"key","parameters":{},"actions":[{"type":"keyDown","value":""},{"type":"pause","duration":10},{"type":"keyUp","value":""}]}]}
RESULT: {"actions":[{"id":"action9","type":"key","parameters":{},"actions":[{"type":"keyDown","value":""},{"type":"pause","duration":10},{"type":"keyUp","value":""}]}]}
COMMAND: GET /session/cceede9c5f6b3bef019bae67b0c37570/screenshot - {}
RESULT: {}
COMMAND: POST /session/cceede9c5f6b3bef019bae67b0c37570/element - {"using":"xpath","value":"//span[@id=\"application-ruinventorylist-display-component---Master--smartTableRuInventoryList-header-inner\"]"}
RESULT: {"using":"xpath","value":"//span[@id=\"application-ruinventorylist-display-component---Master--smartTableRuInventoryList-header-inner\"]"}
COMMAND: POST /session/cceede9c5f6b3bef019bae67b0c37570/elements - {"using":"xpath","value":"//span[@id=\"application-ruinventorylist-display-component---Master--smartTableRuInventoryList-header-inner\"]"}
RESULT: {"using":"xpath","value":"//span[@id=\"application-ruinventorylist-display-component---Master--smartTableRuInventoryList-header-inner\"]"}
COMMAND: POST /session/cceede9c5f6b3bef019bae67b0c37570/execute/sync - {"script":"<script> [56 bytes]","args":[{"element-6066-11e4-a52e-4f735466cecf":"f.FC474E75FAD15E2F9A9DAF890F93EA04.d.B7765FB0B5877EBF8302573F1CC971A6.e.839","ELEMENT":"f.FC474E75FAD15E2F9A9DAF890F93EA04.d.B7765FB0B5877EBF8302573F1CC971A6.e.839"}]}
RESULT: {"script":"<script> [56 bytes]","args":[{"element-6066-11e4-a52e-4f735466cecf":"f.FC474E75FAD15E2F9A9DAF890F93EA04.d.B7765FB0B5877EBF8302573F1CC971A6.e.839","ELEMENT":"f.FC474E75FAD15E2F9A9DAF890F93EA04.d.B7765FB0B5877EBF8302573F1CC971A6.e.839"}]}
COMMAND: POST /session/cceede9c5f6b3bef019bae67b0c37570/element - {"using":"xpath","value":"//table[contains(@id, \"application-ruinventorylist-display-component---Master--tableRuInventoryList-listUl\")]/tbody/tr[1]/td[6]/div/span"}
COMMAND: GET /session/cceede9c5f6b3bef019bae67b0c37570/screenshot - {}
RESULT: {"using":"xpath","value":"//table[contains(@id, \"application-ruinventorylist-display-component---Master--tableRuInventoryList-listUl\")]/tbody/tr[1]/td[6]/div/span"}
COMMAND: POST /session/cceede9c5f6b3bef019bae67b0c37570/execute/sync - {"script":"<script> [56 bytes]","args":[{"element-6066-11e4-a52e-4f735466cecf":"f.FC474E75FAD15E2F9A9DAF890F93EA04.d.B7765FB0B5877EBF8302573F1CC971A6.e.1860","ELEMENT":"f.FC474E75FAD15E2F9A9DAF890F93EA04.d.B7765FB0B5877EBF8302573F1CC971A6.e.1860"}]}
RESULT: {}
RESULT: {"script":"<script> [56 bytes]","args":[{"element-6066-11e4-a52e-4f735466cecf":"f.FC474E75FAD15E2F9A9DAF890F93EA04.d.B7765FB0B5877EBF8302573F1CC971A6.e.1860","ELEMENT":"f.FC474E75FAD15E2F9A9DAF890F93EA04.d.B7765FB0B5877EBF8302573F1CC971A6.e.1860"}]}
COMMAND: POST /session/cceede9c5f6b3bef019bae67b0c37570/element - {"using":"xpath","value":"//div[contains(@id, \"smartFilterBar-btnBasicSearch-reset\")]"}
COMMAND: GET /session/cceede9c5f6b3bef019bae67b0c37570/screenshot - {}
RESULT: {"using":"xpath","value":"//div[contains(@id, \"smartFilterBar-btnBasicSearch-reset\")]"}
COMMAND: POST /session/cceede9c5f6b3bef019bae67b0c37570/element/f.FC474E75FAD15E2F9A9DAF890F93EA04.d.B7765FB0B5877EBF8302573F1CC971A6.e.857/click - {}
RESULT: {}
RESULT: {}
COMMAND: GET /session/cceede9c5f6b3bef019bae67b0c37570/screenshot - {}
RESULT: {}
RESULT: undefined
COMMAND: POST /session/cceede9c5f6b3bef019bae67b0c37570/execute/async - {"script":"<script> [776 bytes]","args":[{"enterText":"401002","selector":{"id":"application-ruinventorylist-display-component---Master--smartFilterBar-btnBasicSearch","interaction":{"idSuffix":"I"}},"clearTextFirst":true,"interactionType":"ENTER_TEXT"}]}
RESULT: {"script":"<script> [776 bytes]","args":[{"enterText":"401002","selector":{"id":"application-ruinventorylist-display-component---Master--smartFilterBar-btnBasicSearch","interaction":{"idSuffix":"I"}},"clearTextFirst":true,"interactionType":"ENTER_TEXT"}]}
COMMAND: POST /session/cceede9c5f6b3bef019bae67b0c37570/actions - {"actions":[{"id":"action10","type":"key","parameters":{},"actions":[{"type":"keyDown","value":""},{"type":"pause","duration":10},{"type":"keyUp","value":""}]}]}
RESULT: {"actions":[{"id":"action10","type":"key","parameters":{},"actions":[{"type":"keyDown","value":""},{"type":"pause","duration":10},{"type":"keyUp","value":""}]}]}
COMMAND: GET /session/cceede9c5f6b3bef019bae67b0c37570/screenshot - {}
RESULT: {}
COMMAND: POST /session/cceede9c5f6b3bef019bae67b0c37570/element - {"using":"xpath","value":"//span[@id=\"application-ruinventorylist-display-component---Master--smartTableRuInventoryList-header-inner\"]"}
RESULT: {"using":"xpath","value":"//span[@id=\"application-ruinventorylist-display-component---Master--smartTableRuInventoryList-header-inner\"]"}
COMMAND: POST /session/cceede9c5f6b3bef019bae67b0c37570/elements - {"using":"xpath","value":"//span[@id=\"application-ruinventorylist-display-component---Master--smartTableRuInventoryList-header-inner\"]"}
RESULT: {"using":"xpath","value":"//span[@id=\"application-ruinventorylist-display-component---Master--smartTableRuInventoryList-header-inner\"]"}
COMMAND: POST /session/cceede9c5f6b3bef019bae67b0c37570/execute/sync - {"script":"<script> [56 bytes]","args":[{"element-6066-11e4-a52e-4f735466cecf":"f.FC474E75FAD15E2F9A9DAF890F93EA04.d.B7765FB0B5877EBF8302573F1CC971A6.e.839","ELEMENT":"f.FC474E75FAD15E2F9A9DAF890F93EA04.d.B7765FB0B5877EBF8302573F1CC971A6.e.839"}]}
RESULT: {"script":"<script> [56 bytes]","args":[{"element-6066-11e4-a52e-4f735466cecf":"f.FC474E75FAD15E2F9A9DAF890F93EA04.d.B7765FB0B5877EBF8302573F1CC971A6.e.839","ELEMENT":"f.FC474E75FAD15E2F9A9DAF890F93EA04.d.B7765FB0B5877EBF8302573F1CC971A6.e.839"}]}
COMMAND: POST /session/cceede9c5f6b3bef019bae67b0c37570/element - {"using":"xpath","value":"//table[contains(@id, \"application-ruinventorylist-display-component---Master--tableRuInventoryList-listUl\")]/tbody/tr[1]/td[6]/div/span"}
COMMAND: GET /session/cceede9c5f6b3bef019bae67b0c37570/screenshot - {}
RESULT: {"using":"xpath","value":"//table[contains(@id, \"application-ruinventorylist-display-component---Master--tableRuInventoryList-listUl\")]/tbody/tr[1]/td[6]/div/span"}
COMMAND: POST /session/cceede9c5f6b3bef019bae67b0c37570/execute/sync - {"script":"<script> [56 bytes]","args":[{"element-6066-11e4-a52e-4f735466cecf":"f.FC474E75FAD15E2F9A9DAF890F93EA04.d.B7765FB0B5877EBF8302573F1CC971A6.e.1943","ELEMENT":"f.FC474E75FAD15E2F9A9DAF890F93EA04.d.B7765FB0B5877EBF8302573F1CC971A6.e.1943"}]}
RESULT: {}
RESULT: {"script":"<script> [56 bytes]","args":[{"element-6066-11e4-a52e-4f735466cecf":"f.FC474E75FAD15E2F9A9DAF890F93EA04.d.B7765FB0B5877EBF8302573F1CC971A6.e.1943","ELEMENT":"f.FC474E75FAD15E2F9A9DAF890F93EA04.d.B7765FB0B5877EBF8302573F1CC971A6.e.1943"}]}
COMMAND: POST /session/cceede9c5f6b3bef019bae67b0c37570/element - {"using":"xpath","value":"//div[contains(@id, \"smartFilterBar-btnBasicSearch-reset\")]"}
COMMAND: GET /session/cceede9c5f6b3bef019bae67b0c37570/screenshot - {}
RESULT: {"using":"xpath","value":"//div[contains(@id, \"smartFilterBar-btnBasicSearch-reset\")]"}
COMMAND: POST /session/cceede9c5f6b3bef019bae67b0c37570/element/f.FC474E75FAD15E2F9A9DAF890F93EA04.d.B7765FB0B5877EBF8302573F1CC971A6.e.857/click - {}
RESULT: {}
RESULT: {}
COMMAND: GET /session/cceede9c5f6b3bef019bae67b0c37570/screenshot - {}
RESULT: {}
COMMAND: POST /session/cceede9c5f6b3bef019bae67b0c37570/element - {"using":"css selector","value":"#shell-header-logo"}
RESULT: {"using":"css selector","value":"#shell-header-logo"}
COMMAND: POST /session/cceede9c5f6b3bef019bae67b0c37570/element/f.FC474E75FAD15E2F9A9DAF890F93EA04.d.B7765FB0B5877EBF8302573F1CC971A6.e.249/click - {}
RESULT: {}
COMMAND: GET /session/cceede9c5f6b3bef019bae67b0c37570/screenshot - {}
RESULT: {}
]]></system-out>
    </testcase>
    <testcase classname="chrome.136_0_7103_93.windows.RU_Inventory_Mass_State_Change_Multiple_Items_US151066" name="Prerequisite Step 2 Should create a new equipment" time="152.422">
      <system-out><![CDATA[
COMMAND: POST /session/cceede9c5f6b3bef019bae67b0c37570/execute/async - {"script":"<script> [1562 bytes]","args":[{"selector":{"controlType":"sap.m.GenericTile","properties":{"header":"Manage Resources"}},"wdio_ui5_key":"sapm.GenericTile{\"header\":\"Manage Resources\"}"}]}
RESULT: {"script":"<script> [1562 bytes]","args":[{"selector":{"controlType":"sap.m.GenericTile","properties":{"header":"Manage Resources"}},"wdio_ui5_key":"sapm.GenericTile{\"header\":\"Manage Resources\"}"}]}
RESULT: undefined
COMMAND: POST /session/cceede9c5f6b3bef019bae67b0c37570/element - {"using":"xpath","value":"//*[@id=\"__tile39\"]"}
RESULT: {"using":"xpath","value":"//*[@id=\"__tile39\"]"}
COMMAND: POST /session/cceede9c5f6b3bef019bae67b0c37570/element/f.FC474E75FAD15E2F9A9DAF890F93EA04.d.B7765FB0B5877EBF8302573F1CC971A6.e.141/click - {}
RESULT: {}
COMMAND: GET /session/cceede9c5f6b3bef019bae67b0c37570/screenshot - {}
RESULT: {}
COMMAND: POST /session/cceede9c5f6b3bef019bae67b0c37570/elements - {"using":"xpath","value":"//span[text()='Error']"}
RESULT: {"using":"xpath","value":"//span[text()='Error']"}
COMMAND: POST /session/cceede9c5f6b3bef019bae67b0c37570/element - {"using":"xpath","value":"//button[@data-kt=\"addNewRUOverflowToolbarButton\"]"}
RESULT: {"using":"xpath","value":"//button[@data-kt=\"addNewRUOverflowToolbarButton\"]"}
COMMAND: POST /session/cceede9c5f6b3bef019bae67b0c37570/elements - {"using":"xpath","value":"//button[@data-kt=\"addNewRUOverflowToolbarButton\"]"}
RESULT: {"using":"xpath","value":"//button[@data-kt=\"addNewRUOverflowToolbarButton\"]"}
COMMAND: POST /session/cceede9c5f6b3bef019bae67b0c37570/elements - {"using":"xpath","value":"//button[@data-kt=\"addNewRUOverflowToolbarButton\"]"}
RESULT: {"using":"xpath","value":"//button[@data-kt=\"addNewRUOverflowToolbarButton\"]"}
COMMAND: POST /session/cceede9c5f6b3bef019bae67b0c37570/element - {"using":"xpath","value":"//button[@data-kt=\"addNewRUOverflowToolbarButton\"]"}
RESULT: {"using":"xpath","value":"//button[@data-kt=\"addNewRUOverflowToolbarButton\"]"}
COMMAND: POST /session/cceede9c5f6b3bef019bae67b0c37570/execute/sync - {"script":"<script> [8489 bytes]","args":[{"element-6066-11e4-a52e-4f735466cecf":"f.FC474E75FAD15E2F9A9DAF890F93EA04.d.B7765FB0B5877EBF8302573F1CC971A6.e.2044","ELEMENT":"f.FC474E75FAD15E2F9A9DAF890F93EA04.d.B7765FB0B5877EBF8302573F1CC971A6.e.2044"}]}
RESULT: {"script":"<script> [8489 bytes]","args":[{"element-6066-11e4-a52e-4f735466cecf":"f.FC474E75FAD15E2F9A9DAF890F93EA04.d.B7765FB0B5877EBF8302573F1CC971A6.e.2044","ELEMENT":"f.FC474E75FAD15E2F9A9DAF890F93EA04.d.B7765FB0B5877EBF8302573F1CC971A6.e.2044"}]}
COMMAND: GET /session/cceede9c5f6b3bef019bae67b0c37570/element/f.FC474E75FAD15E2F9A9DAF890F93EA04.d.B7765FB0B5877EBF8302573F1CC971A6.e.2044/enabled - {}
COMMAND: GET /session/cceede9c5f6b3bef019bae67b0c37570/screenshot - {}
RESULT: {}
COMMAND: POST /session/cceede9c5f6b3bef019bae67b0c37570/execute/sync - {"script":"<script> [8489 bytes]","args":[{"element-6066-11e4-a52e-4f735466cecf":"f.FC474E75FAD15E2F9A9DAF890F93EA04.d.B7765FB0B5877EBF8302573F1CC971A6.e.2044","ELEMENT":"f.FC474E75FAD15E2F9A9DAF890F93EA04.d.B7765FB0B5877EBF8302573F1CC971A6.e.2044"}]}
COMMAND: GET /session/cceede9c5f6b3bef019bae67b0c37570/screenshot - {}
RESULT: {}
RESULT: {"script":"<script> [8489 bytes]","args":[{"element-6066-11e4-a52e-4f735466cecf":"f.FC474E75FAD15E2F9A9DAF890F93EA04.d.B7765FB0B5877EBF8302573F1CC971A6.e.2044","ELEMENT":"f.FC474E75FAD15E2F9A9DAF890F93EA04.d.B7765FB0B5877EBF8302573F1CC971A6.e.2044"}]}
COMMAND: POST /session/cceede9c5f6b3bef019bae67b0c37570/execute/sync - {"script":"<script> [5351 bytes]","args":[{"element-6066-11e4-a52e-4f735466cecf":"f.FC474E75FAD15E2F9A9DAF890F93EA04.d.B7765FB0B5877EBF8302573F1CC971A6.e.2044","ELEMENT":"f.FC474E75FAD15E2F9A9DAF890F93EA04.d.B7765FB0B5877EBF8302573F1CC971A6.e.2044"}]}
COMMAND: GET /session/cceede9c5f6b3bef019bae67b0c37570/screenshot - {}
RESULT: {}
RESULT: {"script":"<script> [5351 bytes]","args":[{"element-6066-11e4-a52e-4f735466cecf":"f.FC474E75FAD15E2F9A9DAF890F93EA04.d.B7765FB0B5877EBF8302573F1CC971A6.e.2044","ELEMENT":"f.FC474E75FAD15E2F9A9DAF890F93EA04.d.B7765FB0B5877EBF8302573F1CC971A6.e.2044"}]}
COMMAND: POST /session/cceede9c5f6b3bef019bae67b0c37570/element/f.FC474E75FAD15E2F9A9DAF890F93EA04.d.B7765FB0B5877EBF8302573F1CC971A6.e.2044/click - {}
COMMAND: GET /session/cceede9c5f6b3bef019bae67b0c37570/screenshot - {}
RESULT: {}
RESULT: {}
COMMAND: GET /session/cceede9c5f6b3bef019bae67b0c37570/screenshot - {}
RESULT: {}
RESULT: {}
COMMAND: POST /session/cceede9c5f6b3bef019bae67b0c37570/execute/async - {"script":"<script> [1562 bytes]","args":[{"selector":{"id":"application-manageresources-display-component---newResourceUnit--TYPE-arrow"},"wdio_ui5_key":"applicationmanageresources-display-component---newResourceUnit--TYPE-arrow"}]}
RESULT: {"script":"<script> [1562 bytes]","args":[{"selector":{"id":"application-manageresources-display-component---newResourceUnit--TYPE-arrow"},"wdio_ui5_key":"applicationmanageresources-display-component---newResourceUnit--TYPE-arrow"}]}
RESULT: undefined
COMMAND: POST /session/cceede9c5f6b3bef019bae67b0c37570/element - {"using":"xpath","value":"//*[@id=\"application-manageresources-display-component---newResourceUnit--TYPE-arrow\"]"}
RESULT: {"using":"xpath","value":"//*[@id=\"application-manageresources-display-component---newResourceUnit--TYPE-arrow\"]"}
COMMAND: POST /session/cceede9c5f6b3bef019bae67b0c37570/element/f.FC474E75FAD15E2F9A9DAF890F93EA04.d.B7765FB0B5877EBF8302573F1CC971A6.e.2213/click - {}
RESULT: {}
COMMAND: POST /session/cceede9c5f6b3bef019bae67b0c37570/element - {"using":"xpath","value":"//input[@id=\"application-manageresources-display-component---newResourceUnit--TYPE-inner\"]"}
COMMAND: GET /session/cceede9c5f6b3bef019bae67b0c37570/screenshot - {}
RESULT: {"using":"xpath","value":"//input[@id=\"application-manageresources-display-component---newResourceUnit--TYPE-inner\"]"}
COMMAND: POST /session/cceede9c5f6b3bef019bae67b0c37570/element/f.FC474E75FAD15E2F9A9DAF890F93EA04.d.B7765FB0B5877EBF8302573F1CC971A6.e.2099/clear - {}
RESULT: {}
RESULT: {}
COMMAND: POST /session/cceede9c5f6b3bef019bae67b0c37570/element/f.FC474E75FAD15E2F9A9DAF890F93EA04.d.B7765FB0B5877EBF8302573F1CC971A6.e.2099/value - {"text":"Equipment"}
COMMAND: GET /session/cceede9c5f6b3bef019bae67b0c37570/screenshot - {}
RESULT: {"text":"Equipment"}
COMMAND: GET /session/cceede9c5f6b3bef019bae67b0c37570/screenshot - {}
RESULT: {}
RESULT: {}
COMMAND: POST /session/cceede9c5f6b3bef019bae67b0c37570/actions - {"actions":[{"id":"action11","type":"key","parameters":{},"actions":[{"type":"keyDown","value":""},{"type":"pause","duration":10},{"type":"keyUp","value":""}]}]}
RESULT: {"actions":[{"id":"action11","type":"key","parameters":{},"actions":[{"type":"keyDown","value":""},{"type":"pause","duration":10},{"type":"keyUp","value":""}]}]}
COMMAND: POST /session/cceede9c5f6b3bef019bae67b0c37570/execute/async - {"script":"<script> [1562 bytes]","args":[{"selector":{"id":"application-manageresources-display-component---newResourceUnit--resourceId","interaction":{"idSuffix":"inner"}},"wdio_ui5_key":"applicationmanageresources-display-component---newResourceUnit--resourceId"}]}
COMMAND: GET /session/cceede9c5f6b3bef019bae67b0c37570/screenshot - {}
RESULT: {"script":"<script> [1562 bytes]","args":[{"selector":{"id":"application-manageresources-display-component---newResourceUnit--resourceId","interaction":{"idSuffix":"inner"}},"wdio_ui5_key":"applicationmanageresources-display-component---newResourceUnit--resourceId"}]}
RESULT: undefined
COMMAND: POST /session/cceede9c5f6b3bef019bae67b0c37570/execute/async - {"script":"<script> [776 bytes]","args":[{"enterText":"YbxY5WG0t1","selector":{"id":"application-manageresources-display-component---newResourceUnit--resourceId","interaction":{"idSuffix":"inner"}},"clearTextFirst":true,"interactionType":"ENTER_TEXT"}]}
RESULT: {}
RESULT: {"script":"<script> [776 bytes]","args":[{"enterText":"YbxY5WG0t1","selector":{"id":"application-manageresources-display-component---newResourceUnit--resourceId","interaction":{"idSuffix":"inner"}},"clearTextFirst":true,"interactionType":"ENTER_TEXT"}]}
COMMAND: POST /session/cceede9c5f6b3bef019bae67b0c37570/execute/async - {"script":"<script> [1562 bytes]","args":[{"selector":{"id":"application-manageresources-display-component---newResourceUnit--SHORT_TEXT","interaction":{"idSuffix":"inner"}},"wdio_ui5_key":"applicationmanageresources-display-component---newResourceUnit--SHORT_TEXT"}]}
RESULT: {"script":"<script> [1562 bytes]","args":[{"selector":{"id":"application-manageresources-display-component---newResourceUnit--SHORT_TEXT","interaction":{"idSuffix":"inner"}},"wdio_ui5_key":"applicationmanageresources-display-component---newResourceUnit--SHORT_TEXT"}]}
RESULT: undefined
COMMAND: POST /session/cceede9c5f6b3bef019bae67b0c37570/execute/async - {"script":"<script> [776 bytes]","args":[{"enterText":"Intercompany Equipment WDIO","selector":{"id":"application-manageresources-display-component---newResourceUnit--SHORT_TEXT","interaction":{"idSuffix":"inner"}},"clearTextFirst":true,"interactionType":"ENTER_TEXT"}]}
RESULT: {"script":"<script> [776 bytes]","args":[{"enterText":"Intercompany Equipment WDIO","selector":{"id":"application-manageresources-display-component---newResourceUnit--SHORT_TEXT","interaction":{"idSuffix":"inner"}},"clearTextFirst":true,"interactionType":"ENTER_TEXT"}]}
COMMAND: POST /session/cceede9c5f6b3bef019bae67b0c37570/execute/async - {"script":"<script> [1562 bytes]","args":[{"selector":{"id":"application-manageresources-display-component---newResourceUnit--BASE_UNIT_OF_MEASURE","interaction":{"idSuffix":"inner"}},"wdio_ui5_key":"applicationmanageresources-display-component---newResourceUnit--BASE_UNIT_OF_MEASURE"}]}
RESULT: {"script":"<script> [1562 bytes]","args":[{"selector":{"id":"application-manageresources-display-component---newResourceUnit--BASE_UNIT_OF_MEASURE","interaction":{"idSuffix":"inner"}},"wdio_ui5_key":"applicationmanageresources-display-component---newResourceUnit--BASE_UNIT_OF_MEASURE"}]}
RESULT: undefined
COMMAND: POST /session/cceede9c5f6b3bef019bae67b0c37570/execute/async - {"script":"<script> [776 bytes]","args":[{"enterText":"Piece","selector":{"id":"application-manageresources-display-component---newResourceUnit--BASE_UNIT_OF_MEASURE","interaction":{"idSuffix":"inner"}},"clearTextFirst":true,"interactionType":"ENTER_TEXT"}]}
RESULT: {"script":"<script> [776 bytes]","args":[{"enterText":"Piece","selector":{"id":"application-manageresources-display-component---newResourceUnit--BASE_UNIT_OF_MEASURE","interaction":{"idSuffix":"inner"}},"clearTextFirst":true,"interactionType":"ENTER_TEXT"}]}
COMMAND: POST /session/cceede9c5f6b3bef019bae67b0c37570/execute/async - {"script":"<script> [1562 bytes]","args":[{"selector":{"id":"application-manageresources-display-component---newResourceUnit--WEIGHT_UNIT","interaction":{"idSuffix":"inner"}},"wdio_ui5_key":"applicationmanageresources-display-component---newResourceUnit--WEIGHT_UNIT"}]}
RESULT: {"script":"<script> [1562 bytes]","args":[{"selector":{"id":"application-manageresources-display-component---newResourceUnit--WEIGHT_UNIT","interaction":{"idSuffix":"inner"}},"wdio_ui5_key":"applicationmanageresources-display-component---newResourceUnit--WEIGHT_UNIT"}]}
RESULT: undefined
COMMAND: POST /session/cceede9c5f6b3bef019bae67b0c37570/execute/async - {"script":"<script> [776 bytes]","args":[{"enterText":"Gram","selector":{"id":"application-manageresources-display-component---newResourceUnit--WEIGHT_UNIT","interaction":{"idSuffix":"inner"}},"clearTextFirst":true,"interactionType":"ENTER_TEXT"}]}
RESULT: {"script":"<script> [776 bytes]","args":[{"enterText":"Gram","selector":{"id":"application-manageresources-display-component---newResourceUnit--WEIGHT_UNIT","interaction":{"idSuffix":"inner"}},"clearTextFirst":true,"interactionType":"ENTER_TEXT"}]}
COMMAND: POST /session/cceede9c5f6b3bef019bae67b0c37570/execute/async - {"script":"<script> [1562 bytes]","args":[{"selector":{"id":"application-manageresources-display-component---newResourceUnit--DIMENSION_UNIT","interaction":{"idSuffix":"inner"}},"wdio_ui5_key":"applicationmanageresources-display-component---newResourceUnit--DIMENSION_UNIT"}]}
RESULT: {"script":"<script> [1562 bytes]","args":[{"selector":{"id":"application-manageresources-display-component---newResourceUnit--DIMENSION_UNIT","interaction":{"idSuffix":"inner"}},"wdio_ui5_key":"applicationmanageresources-display-component---newResourceUnit--DIMENSION_UNIT"}]}
RESULT: undefined
COMMAND: POST /session/cceede9c5f6b3bef019bae67b0c37570/execute/async - {"script":"<script> [776 bytes]","args":[{"enterText":"Meter","selector":{"id":"application-manageresources-display-component---newResourceUnit--DIMENSION_UNIT","interaction":{"idSuffix":"inner"}},"clearTextFirst":true,"interactionType":"ENTER_TEXT"}]}
RESULT: {"script":"<script> [776 bytes]","args":[{"enterText":"Meter","selector":{"id":"application-manageresources-display-component---newResourceUnit--DIMENSION_UNIT","interaction":{"idSuffix":"inner"}},"clearTextFirst":true,"interactionType":"ENTER_TEXT"}]}
COMMAND: POST /session/cceede9c5f6b3bef019bae67b0c37570/execute/async - {"script":"<script> [1562 bytes]","args":[{"selector":{"id":"application-manageresources-display-component---newResourceUnit--newRRUPage-anchBar-application-manageresources-display-component---newResourceUnit--control-anchor","interaction":{"idSuffix":"BDI-content"}},"wdio_ui5_key":"applicationmanageresources-display-component---newResourceUnit--newRRUPage-anchBar-application-manageresources-display-component---newResourceUnit--control-anchor"}]}
RESULT: {"script":"<script> [1562 bytes]","args":[{"selector":{"id":"application-manageresources-display-component---newResourceUnit--newRRUPage-anchBar-application-manageresources-display-component---newResourceUnit--control-anchor","interaction":{"idSuffix":"BDI-content"}},"wdio_ui5_key":"applicationmanageresources-display-component---newResourceUnit--newRRUPage-anchBar-application-manageresources-display-component---newResourceUnit--control-anchor"}]}
RESULT: undefined
COMMAND: POST /session/cceede9c5f6b3bef019bae67b0c37570/element - {"using":"xpath","value":"//*[@id=\"application-manageresources-display-component---newResourceUnit--newRRUPage-anchBar-application-manageresources-display-component---newResourceUnit--control-anchor\"]"}
RESULT: {"using":"xpath","value":"//*[@id=\"application-manageresources-display-component---newResourceUnit--newRRUPage-anchBar-application-manageresources-display-component---newResourceUnit--control-anchor\"]"}
COMMAND: POST /session/cceede9c5f6b3bef019bae67b0c37570/element/f.FC474E75FAD15E2F9A9DAF890F93EA04.d.B7765FB0B5877EBF8302573F1CC971A6.e.2373/click - {}
RESULT: {}
COMMAND: POST /session/cceede9c5f6b3bef019bae67b0c37570/execute/async - {"script":"<script> [1562 bytes]","args":[{"selector":{"id":"application-manageresources-display-component---newResourceUnit--PLANNING_GROUP","interaction":{"idSuffix":"inner"}},"wdio_ui5_key":"applicationmanageresources-display-component---newResourceUnit--PLANNING_GROUP"}]}
COMMAND: GET /session/cceede9c5f6b3bef019bae67b0c37570/screenshot - {}
RESULT: {"script":"<script> [1562 bytes]","args":[{"selector":{"id":"application-manageresources-display-component---newResourceUnit--PLANNING_GROUP","interaction":{"idSuffix":"inner"}},"wdio_ui5_key":"applicationmanageresources-display-component---newResourceUnit--PLANNING_GROUP"}]}
RESULT: undefined
COMMAND: POST /session/cceede9c5f6b3bef019bae67b0c37570/execute/async - {"script":"<script> [776 bytes]","args":[{"enterText":"Heavy Equi","selector":{"id":"application-manageresources-display-component---newResourceUnit--PLANNING_GROUP","interaction":{"idSuffix":"inner"}},"clearTextFirst":true,"interactionType":"ENTER_TEXT"}]}
RESULT: {}
RESULT: {"script":"<script> [776 bytes]","args":[{"enterText":"Heavy Equi","selector":{"id":"application-manageresources-display-component---newResourceUnit--PLANNING_GROUP","interaction":{"idSuffix":"inner"}},"clearTextFirst":true,"interactionType":"ENTER_TEXT"}]}
COMMAND: POST /session/cceede9c5f6b3bef019bae67b0c37570/execute/async - {"script":"<script> [1562 bytes]","args":[{"selector":{"id":"application-manageresources-display-component---newResourceUnit--ITEM_TYPE-arrow"},"wdio_ui5_key":"applicationmanageresources-display-component---newResourceUnit--ITEM_TYPE-arrow"}]}
RESULT: {"script":"<script> [1562 bytes]","args":[{"selector":{"id":"application-manageresources-display-component---newResourceUnit--ITEM_TYPE-arrow"},"wdio_ui5_key":"applicationmanageresources-display-component---newResourceUnit--ITEM_TYPE-arrow"}]}
RESULT: undefined
COMMAND: POST /session/cceede9c5f6b3bef019bae67b0c37570/element - {"using":"xpath","value":"//*[@id=\"application-manageresources-display-component---newResourceUnit--ITEM_TYPE-arrow\"]"}
RESULT: {"using":"xpath","value":"//*[@id=\"application-manageresources-display-component---newResourceUnit--ITEM_TYPE-arrow\"]"}
COMMAND: POST /session/cceede9c5f6b3bef019bae67b0c37570/element/f.FC474E75FAD15E2F9A9DAF890F93EA04.d.B7765FB0B5877EBF8302573F1CC971A6.e.2382/click - {}
RESULT: {}
COMMAND: POST /session/cceede9c5f6b3bef019bae67b0c37570/element - {"using":"xpath","value":"(//span[contains(text(), \"Resource Unit\")])[2]"}
COMMAND: GET /session/cceede9c5f6b3bef019bae67b0c37570/screenshot - {}
RESULT: {"using":"xpath","value":"(//span[contains(text(), \"Resource Unit\")])[2]"}
COMMAND: POST /session/cceede9c5f6b3bef019bae67b0c37570/element/f.FC474E75FAD15E2F9A9DAF890F93EA04.d.B7765FB0B5877EBF8302573F1CC971A6.e.2383/click - {}
RESULT: {}
RESULT: {}
COMMAND: GET /session/cceede9c5f6b3bef019bae67b0c37570/screenshot - {}
RESULT: {}
COMMAND: POST /session/cceede9c5f6b3bef019bae67b0c37570/element - {"using":"css selector","value":"#application-manageresources-display-component---newResourceUnit--btnAddTimeSegment"}
RESULT: {"using":"css selector","value":"#application-manageresources-display-component---newResourceUnit--btnAddTimeSegment"}
COMMAND: GET /session/cceede9c5f6b3bef019bae67b0c37570/element/f.FC474E75FAD15E2F9A9DAF890F93EA04.d.B7765FB0B5877EBF8302573F1CC971A6.e.2390/rect - {}
RESULT: {}
COMMAND: GET /session/cceede9c5f6b3bef019bae67b0c37570/window/rect - {}
RESULT: {}
COMMAND: POST /session/cceede9c5f6b3bef019bae67b0c37570/execute/sync - {"script":"<script> [92 bytes]","args":[]}
RESULT: {"script":"<script> [92 bytes]","args":[]}
COMMAND: POST /session/cceede9c5f6b3bef019bae67b0c37570/actions - {"actions":[{"id":"action12","type":"wheel","parameters":{},"actions":[{"type":"scroll","x":-1888,"y":-32,"deltaX":0,"deltaY":0,"duration":0,"origin":{"element-6066-11e4-a52e-4f735466cecf":"f.FC474E75FAD15E2F9A9DAF890F93EA04.d.B7765FB0B5877EBF8302573F1CC971A6.e.2390"}}]}]}
COMMAND: GET /session/cceede9c5f6b3bef019bae67b0c37570/screenshot - {}
RESULT: {}
COMMAND: POST /session/cceede9c5f6b3bef019bae67b0c37570/execute/sync - {"script":"<script> [79 bytes]","args":[{"element-6066-11e4-a52e-4f735466cecf":"f.FC474E75FAD15E2F9A9DAF890F93EA04.d.B7765FB0B5877EBF8302573F1CC971A6.e.2390","ELEMENT":"f.FC474E75FAD15E2F9A9DAF890F93EA04.d.B7765FB0B5877EBF8302573F1CC971A6.e.2390"},{"block":"start","inline":"nearest"}]}
RESULT: {"script":"<script> [79 bytes]","args":[{"element-6066-11e4-a52e-4f735466cecf":"f.FC474E75FAD15E2F9A9DAF890F93EA04.d.B7765FB0B5877EBF8302573F1CC971A6.e.2390","ELEMENT":"f.FC474E75FAD15E2F9A9DAF890F93EA04.d.B7765FB0B5877EBF8302573F1CC971A6.e.2390"},{"block":"start","inline":"nearest"}]}
COMMAND: POST /session/cceede9c5f6b3bef019bae67b0c37570/execute/async - {"script":"<script> [1562 bytes]","args":[{"selector":{"id":"application-manageresources-display-component---newResourceUnit--btnAddTimeSegment","interaction":{"idSuffix":"inner"}},"wdio_ui5_key":"applicationmanageresources-display-component---newResourceUnit--btnAddTimeSegment"}]}
COMMAND: GET /session/cceede9c5f6b3bef019bae67b0c37570/screenshot - {}
RESULT: {"script":"<script> [1562 bytes]","args":[{"selector":{"id":"application-manageresources-display-component---newResourceUnit--btnAddTimeSegment","interaction":{"idSuffix":"inner"}},"wdio_ui5_key":"applicationmanageresources-display-component---newResourceUnit--btnAddTimeSegment"}]}
RESULT: undefined
COMMAND: POST /session/cceede9c5f6b3bef019bae67b0c37570/element - {"using":"xpath","value":"//*[@id=\"application-manageresources-display-component---newResourceUnit--btnAddTimeSegment\"]"}
RESULT: {}
RESULT: {"using":"xpath","value":"//*[@id=\"application-manageresources-display-component---newResourceUnit--btnAddTimeSegment\"]"}
COMMAND: POST /session/cceede9c5f6b3bef019bae67b0c37570/element/f.FC474E75FAD15E2F9A9DAF890F93EA04.d.B7765FB0B5877EBF8302573F1CC971A6.e.2390/click - {}
RESULT: {}
COMMAND: GET /session/cceede9c5f6b3bef019bae67b0c37570/screenshot - {}
RESULT: {}
COMMAND: POST /session/cceede9c5f6b3bef019bae67b0c37570/element - {"using":"xpath","value":"//input[@id=\"application-manageresources-display-component---newResourceUnit--idRuTSAdmin-application-manageresources-display-component---newResourceUnit--RUTimeSegment-0-inner\"]"}
RESULT: {"using":"xpath","value":"//input[@id=\"application-manageresources-display-component---newResourceUnit--idRuTSAdmin-application-manageresources-display-component---newResourceUnit--RUTimeSegment-0-inner\"]"}
COMMAND: POST /session/cceede9c5f6b3bef019bae67b0c37570/element/f.FC474E75FAD15E2F9A9DAF890F93EA04.d.B7765FB0B5877EBF8302573F1CC971A6.e.2396/clear - {}
RESULT: {}
COMMAND: POST /session/cceede9c5f6b3bef019bae67b0c37570/element/f.FC474E75FAD15E2F9A9DAF890F93EA04.d.B7765FB0B5877EBF8302573F1CC971A6.e.2396/value - {"text":"109"}
COMMAND: GET /session/cceede9c5f6b3bef019bae67b0c37570/screenshot - {}
RESULT: {"text":"109"}
COMMAND: GET /session/cceede9c5f6b3bef019bae67b0c37570/screenshot - {}
RESULT: {}
RESULT: {}
COMMAND: POST /session/cceede9c5f6b3bef019bae67b0c37570/element - {"using":"xpath","value":"//li[.//span[text()='109']]"}
RESULT: {"using":"xpath","value":"//li[.//span[text()='109']]"}
COMMAND: POST /session/cceede9c5f6b3bef019bae67b0c37570/element/f.FC474E75FAD15E2F9A9DAF890F93EA04.d.B7765FB0B5877EBF8302573F1CC971A6.e.2408/click - {}
RESULT: {}
COMMAND: GET /session/cceede9c5f6b3bef019bae67b0c37570/screenshot - {}
RESULT: {}
COMMAND: POST /session/cceede9c5f6b3bef019bae67b0c37570/element - {"using":"xpath","value":"(//span[contains(@id, \"-application-manageresources-display-component---newResourceUnit--RUTimeSegment-0-arrow\")])[6]"}
RESULT: {"using":"xpath","value":"(//span[contains(@id, \"-application-manageresources-display-component---newResourceUnit--RUTimeSegment-0-arrow\")])[6]"}
COMMAND: POST /session/cceede9c5f6b3bef019bae67b0c37570/element/f.FC474E75FAD15E2F9A9DAF890F93EA04.d.B7765FB0B5877EBF8302573F1CC971A6.e.2409/click - {}
RESULT: {}
COMMAND: GET /session/cceede9c5f6b3bef019bae67b0c37570/screenshot - {}
RESULT: {}
COMMAND: POST /session/cceede9c5f6b3bef019bae67b0c37570/element - {"using":"xpath","value":"//span[contains(text(), \"PM Order\")]"}
RESULT: {"using":"xpath","value":"//span[contains(text(), \"PM Order\")]"}
COMMAND: POST /session/cceede9c5f6b3bef019bae67b0c37570/element/f.FC474E75FAD15E2F9A9DAF890F93EA04.d.B7765FB0B5877EBF8302573F1CC971A6.e.2412/click - {}
RESULT: {}
COMMAND: GET /session/cceede9c5f6b3bef019bae67b0c37570/screenshot - {}
RESULT: {}
COMMAND: POST /session/cceede9c5f6b3bef019bae67b0c37570/element - {"using":"xpath","value":"(//span[contains(@id ,\"manageresources-display-component---newResourceUnit--RUTimeSegment-0-vhi\")])[1]"}
RESULT: {"using":"xpath","value":"(//span[contains(@id ,\"manageresources-display-component---newResourceUnit--RUTimeSegment-0-vhi\")])[1]"}
COMMAND: GET /session/cceede9c5f6b3bef019bae67b0c37570/element/f.FC474E75FAD15E2F9A9DAF890F93EA04.d.B7765FB0B5877EBF8302573F1CC971A6.e.2416/rect - {}
RESULT: {}
COMMAND: GET /session/cceede9c5f6b3bef019bae67b0c37570/window/rect - {}
RESULT: {}
COMMAND: POST /session/cceede9c5f6b3bef019bae67b0c37570/execute/sync - {"script":"<script> [92 bytes]","args":[]}
RESULT: {"script":"<script> [92 bytes]","args":[]}
COMMAND: POST /session/cceede9c5f6b3bef019bae67b0c37570/actions - {"actions":[{"id":"action13","type":"wheel","parameters":{},"actions":[{"type":"scroll","x":-869,"y":-24,"deltaX":0,"deltaY":0,"duration":0,"origin":{"element-6066-11e4-a52e-4f735466cecf":"f.FC474E75FAD15E2F9A9DAF890F93EA04.d.B7765FB0B5877EBF8302573F1CC971A6.e.2416"}}]}]}
COMMAND: GET /session/cceede9c5f6b3bef019bae67b0c37570/screenshot - {}
RESULT: {"actions":[{"id":"action13","type":"wheel","parameters":{},"actions":[{"type":"scroll","x":-869,"y":-24,"deltaX":0,"deltaY":0,"duration":0,"origin":{"element-6066-11e4-a52e-4f735466cecf":"f.FC474E75FAD15E2F9A9DAF890F93EA04.d.B7765FB0B5877EBF8302573F1CC971A6.e.2416"}}]}]}
COMMAND: DELETE /session/cceede9c5f6b3bef019bae67b0c37570/actions - {}
COMMAND: GET /session/cceede9c5f6b3bef019bae67b0c37570/screenshot - {}
RESULT: {}
RESULT: {}
RESULT: {}
COMMAND: GET /session/cceede9c5f6b3bef019bae67b0c37570/screenshot - {}
RESULT: {}
COMMAND: POST /session/cceede9c5f6b3bef019bae67b0c37570/element/f.FC474E75FAD15E2F9A9DAF890F93EA04.d.B7765FB0B5877EBF8302573F1CC971A6.e.2416/click - {}
RESULT: {}
COMMAND: GET /session/cceede9c5f6b3bef019bae67b0c37570/screenshot - {}
RESULT: {}
COMMAND: POST /session/cceede9c5f6b3bef019bae67b0c37570/execute/async - {"script":"<script> [1562 bytes]","args":[{"selector":{"controlType":"sap.m.SearchField","properties":{"placeholder":"Search"},"searchOpenDialogs":true,"interaction":{"idSuffix":"I"}},"wdio_ui5_key":"sapm.SearchField{\"placeholder\":\"Search\"}"}]}
RESULT: {"script":"<script> [1562 bytes]","args":[{"selector":{"controlType":"sap.m.SearchField","properties":{"placeholder":"Search"},"searchOpenDialogs":true,"interaction":{"idSuffix":"I"}},"wdio_ui5_key":"sapm.SearchField{\"placeholder\":\"Search\"}"}]}
RESULT: undefined
COMMAND: POST /session/cceede9c5f6b3bef019bae67b0c37570/execute/async - {"script":"<script> [776 bytes]","args":[{"enterText":"4000360","selector":{"controlType":"sap.m.SearchField","properties":{"placeholder":"Search"},"searchOpenDialogs":true,"interaction":{"idSuffix":"I"}},"clearTextFirst":true,"interactionType":"ENTER_TEXT"}]}
RESULT: {"script":"<script> [776 bytes]","args":[{"enterText":"4000360","selector":{"controlType":"sap.m.SearchField","properties":{"placeholder":"Search"},"searchOpenDialogs":true,"interaction":{"idSuffix":"I"}},"clearTextFirst":true,"interactionType":"ENTER_TEXT"}]}
COMMAND: POST /session/cceede9c5f6b3bef019bae67b0c37570/actions - {"actions":[{"id":"action14","type":"key","parameters":{},"actions":[{"type":"keyDown","value":""},{"type":"pause","duration":10},{"type":"keyUp","value":""}]}]}
RESULT: {"actions":[{"id":"action14","type":"key","parameters":{},"actions":[{"type":"keyDown","value":""},{"type":"pause","duration":10},{"type":"keyUp","value":""}]}]}
COMMAND: GET /session/cceede9c5f6b3bef019bae67b0c37570/screenshot - {}
RESULT: {}
COMMAND: POST /session/cceede9c5f6b3bef019bae67b0c37570/element - {"using":"xpath","value":"//td/div/span[contains(text(), \"BGL Vehicles\")]"}
RESULT: {"using":"xpath","value":"//td/div/span[contains(text(), \"BGL Vehicles\")]"}
COMMAND: POST /session/cceede9c5f6b3bef019bae67b0c37570/element/f.FC474E75FAD15E2F9A9DAF890F93EA04.d.B7765FB0B5877EBF8302573F1CC971A6.e.2437/click - {}
RESULT: {}
COMMAND: GET /session/cceede9c5f6b3bef019bae67b0c37570/screenshot - {}
RESULT: {}
COMMAND: POST /session/cceede9c5f6b3bef019bae67b0c37570/element - {"using":"xpath","value":"//bdi[contains(text(), \"OK\")]"}
RESULT: {"using":"xpath","value":"//bdi[contains(text(), \"OK\")]"}
COMMAND: POST /session/cceede9c5f6b3bef019bae67b0c37570/element/f.FC474E75FAD15E2F9A9DAF890F93EA04.d.B7765FB0B5877EBF8302573F1CC971A6.e.2438/click - {}
RESULT: {}
COMMAND: GET /session/cceede9c5f6b3bef019bae67b0c37570/screenshot - {}
RESULT: {}
COMMAND: POST /session/cceede9c5f6b3bef019bae67b0c37570/execute/async - {"script":"<script> [1562 bytes]","args":[{"selector":{"id":"application-manageresources-display-component---newResourceUnit--newRRUPage-anchBar-application-manageresources-display-component---newResourceUnit--resource-anchor","interaction":{"idSuffix":"BDI-content"}},"wdio_ui5_key":"applicationmanageresources-display-component---newResourceUnit--newRRUPage-anchBar-application-manageresources-display-component---newResourceUnit--resource-anchor"}]}
RESULT: {"script":"<script> [1562 bytes]","args":[{"selector":{"id":"application-manageresources-display-component---newResourceUnit--newRRUPage-anchBar-application-manageresources-display-component---newResourceUnit--resource-anchor","interaction":{"idSuffix":"BDI-content"}},"wdio_ui5_key":"applicationmanageresources-display-component---newResourceUnit--newRRUPage-anchBar-application-manageresources-display-component---newResourceUnit--resource-anchor"}]}
RESULT: undefined
COMMAND: POST /session/cceede9c5f6b3bef019bae67b0c37570/element - {"using":"xpath","value":"//*[@id=\"application-manageresources-display-component---newResourceUnit--newRRUPage-anchBar-application-manageresources-display-component---newResourceUnit--resource-anchor\"]"}
RESULT: {"using":"xpath","value":"//*[@id=\"application-manageresources-display-component---newResourceUnit--newRRUPage-anchBar-application-manageresources-display-component---newResourceUnit--resource-anchor\"]"}
COMMAND: POST /session/cceede9c5f6b3bef019bae67b0c37570/element/f.FC474E75FAD15E2F9A9DAF890F93EA04.d.B7765FB0B5877EBF8302573F1CC971A6.e.2442/click - {}
RESULT: {}
COMMAND: POST /session/cceede9c5f6b3bef019bae67b0c37570/execute/async - {"script":"<script> [1562 bytes]","args":[{"selector":{"id":"application-manageresources-display-component---newResourceUnit--PLANNED_DELIVERY_DATE","interaction":{"idSuffix":"inner"}},"wdio_ui5_key":"applicationmanageresources-display-component---newResourceUnit--PLANNED_DELIVERY_DATE"}]}
COMMAND: GET /session/cceede9c5f6b3bef019bae67b0c37570/screenshot - {}
RESULT: {"script":"<script> [1562 bytes]","args":[{"selector":{"id":"application-manageresources-display-component---newResourceUnit--PLANNED_DELIVERY_DATE","interaction":{"idSuffix":"inner"}},"wdio_ui5_key":"applicationmanageresources-display-component---newResourceUnit--PLANNED_DELIVERY_DATE"}]}
RESULT: undefined
COMMAND: POST /session/cceede9c5f6b3bef019bae67b0c37570/execute/async - {"script":"<script> [6424 bytes]","args":[{"element-6066-11e4-a52e-4f735466cecf":"f.FC474E75FAD15E2F9A9DAF890F93EA04.d.B7765FB0B5877EBF8302573F1CC971A6.e.2271"},"setValue",["5/26/25"]]}
RESULT: {}
RESULT: {"script":"<script> [6424 bytes]","args":[{"element-6066-11e4-a52e-4f735466cecf":"f.FC474E75FAD15E2F9A9DAF890F93EA04.d.B7765FB0B5877EBF8302573F1CC971A6.e.2271"},"setValue",["5/26/25"]]}
COMMAND: POST /session/cceede9c5f6b3bef019bae67b0c37570/element - {"using":"xpath","value":"//label[contains(@class, 'sapMLabelRequired') and .//bdi[contains(text(), 'Planned Retirement')]]"}
RESULT: {"using":"xpath","value":"//label[contains(@class, 'sapMLabelRequired') and .//bdi[contains(text(), 'Planned Retirement')]]"}
COMMAND: POST /session/cceede9c5f6b3bef019bae67b0c37570/elements - {"using":"xpath","value":"//label[contains(@class, 'sapMLabelRequired') and .//bdi[contains(text(), 'Planned Retirement')]]"}
RESULT: {"using":"xpath","value":"//label[contains(@class, 'sapMLabelRequired') and .//bdi[contains(text(), 'Planned Retirement')]]"}
COMMAND: POST /session/cceede9c5f6b3bef019bae67b0c37570/element - {"using":"xpath","value":"//button[@data-kt=\"resourceUnitSaveButton\"]"}
RESULT: {"using":"xpath","value":"//button[@data-kt=\"resourceUnitSaveButton\"]"}
COMMAND: POST /session/cceede9c5f6b3bef019bae67b0c37570/element/f.FC474E75FAD15E2F9A9DAF890F93EA04.d.B7765FB0B5877EBF8302573F1CC971A6.e.2231/click - {}
RESULT: {}
COMMAND: GET /session/cceede9c5f6b3bef019bae67b0c37570/screenshot - {}
RESULT: {}
COMMAND: POST /session/cceede9c5f6b3bef019bae67b0c37570/element - {"using":"xpath","value":"//bdi[contains(text(), \"Close\")]"}
RESULT: {"using":"xpath","value":"//bdi[contains(text(), \"Close\")]"}
COMMAND: POST /session/cceede9c5f6b3bef019bae67b0c37570/element/f.FC474E75FAD15E2F9A9DAF890F93EA04.d.B7765FB0B5877EBF8302573F1CC971A6.e.2450/click - {}
RESULT: {}
COMMAND: GET /session/cceede9c5f6b3bef019bae67b0c37570/screenshot - {}
RESULT: {}
COMMAND: POST /session/cceede9c5f6b3bef019bae67b0c37570/element - {"using":"xpath","value":"(//button[contains(@id ,\"actionsToolbar-overflowButton\")])[1]"}
RESULT: {"using":"xpath","value":"(//button[contains(@id ,\"actionsToolbar-overflowButton\")])[1]"}
COMMAND: POST /session/cceede9c5f6b3bef019bae67b0c37570/element/f.FC474E75FAD15E2F9A9DAF890F93EA04.d.B7765FB0B5877EBF8302573F1CC971A6.e.2508/click - {}
RESULT: {}
COMMAND: GET /session/cceede9c5f6b3bef019bae67b0c37570/screenshot - {}
RESULT: {}
COMMAND: POST /session/cceede9c5f6b3bef019bae67b0c37570/element - {"using":"xpath","value":"//button[@data-kt=\"priceInfoButton\"]"}
RESULT: {"using":"xpath","value":"//button[@data-kt=\"priceInfoButton\"]"}
COMMAND: POST /session/cceede9c5f6b3bef019bae67b0c37570/element/f.FC474E75FAD15E2F9A9DAF890F93EA04.d.B7765FB0B5877EBF8302573F1CC971A6.e.2510/click - {}
RESULT: {}
COMMAND: GET /session/cceede9c5f6b3bef019bae67b0c37570/screenshot - {}
RESULT: {}
COMMAND: POST /session/cceede9c5f6b3bef019bae67b0c37570/element - {"using":"css selector","value":"#shell-header-logo"}
RESULT: {"using":"css selector","value":"#shell-header-logo"}
COMMAND: POST /session/cceede9c5f6b3bef019bae67b0c37570/element/f.FC474E75FAD15E2F9A9DAF890F93EA04.d.B7765FB0B5877EBF8302573F1CC971A6.e.2016/click - {}
RESULT: {}
COMMAND: GET /session/cceede9c5f6b3bef019bae67b0c37570/screenshot - {}
RESULT: {}
]]></system-out>
    </testcase>
    <testcase classname="chrome.136_0_7103_93.windows.RU_Inventory_Mass_State_Change_Multiple_Items_US151066" name="Prerequisite Step 2 Should create a new material" time="165.01">
      <failure/>
      <error message="Can't call scrollIntoView on element with selector &quot;#application-manageresources-display-component---newResourceUnit--btnAddTimeSegment&quot; because element wasn't found"/>
      <system-out><![CDATA[
RESULT: undefined
COMMAND: POST /session/cceede9c5f6b3bef019bae67b0c37570/element - {"using":"xpath","value":"//*[@id=\"__tile39\"]"}
RESULT: {"using":"xpath","value":"//*[@id=\"__tile39\"]"}
COMMAND: POST /session/cceede9c5f6b3bef019bae67b0c37570/element/f.FC474E75FAD15E2F9A9DAF890F93EA04.d.B7765FB0B5877EBF8302573F1CC971A6.e.141/click - {}
RESULT: {}
COMMAND: GET /session/cceede9c5f6b3bef019bae67b0c37570/screenshot - {}
COMMAND: POST /session/cceede9c5f6b3bef019bae67b0c37570/elements - {"using":"xpath","value":"//span[text()='Error']"}
RESULT: {}
RESULT: {"using":"xpath","value":"//span[text()='Error']"}
COMMAND: POST /session/cceede9c5f6b3bef019bae67b0c37570/element - {"using":"xpath","value":"//button[@data-kt=\"addNewRUOverflowToolbarButton\"]"}
RESULT: {"using":"xpath","value":"//button[@data-kt=\"addNewRUOverflowToolbarButton\"]"}
COMMAND: POST /session/cceede9c5f6b3bef019bae67b0c37570/elements - {"using":"xpath","value":"//button[@data-kt=\"addNewRUOverflowToolbarButton\"]"}
RESULT: {"using":"xpath","value":"//button[@data-kt=\"addNewRUOverflowToolbarButton\"]"}
COMMAND: POST /session/cceede9c5f6b3bef019bae67b0c37570/elements - {"using":"xpath","value":"//button[@data-kt=\"addNewRUOverflowToolbarButton\"]"}
RESULT: {"using":"xpath","value":"//button[@data-kt=\"addNewRUOverflowToolbarButton\"]"}
COMMAND: POST /session/cceede9c5f6b3bef019bae67b0c37570/element - {"using":"xpath","value":"//button[@data-kt=\"addNewRUOverflowToolbarButton\"]"}
RESULT: {"using":"xpath","value":"//button[@data-kt=\"addNewRUOverflowToolbarButton\"]"}
COMMAND: POST /session/cceede9c5f6b3bef019bae67b0c37570/execute/sync - {"script":"<script> [8489 bytes]","args":[{"element-6066-11e4-a52e-4f735466cecf":"f.FC474E75FAD15E2F9A9DAF890F93EA04.d.B7765FB0B5877EBF8302573F1CC971A6.e.2539","ELEMENT":"f.FC474E75FAD15E2F9A9DAF890F93EA04.d.B7765FB0B5877EBF8302573F1CC971A6.e.2539"}]}
RESULT: {"script":"<script> [8489 bytes]","args":[{"element-6066-11e4-a52e-4f735466cecf":"f.FC474E75FAD15E2F9A9DAF890F93EA04.d.B7765FB0B5877EBF8302573F1CC971A6.e.2539","ELEMENT":"f.FC474E75FAD15E2F9A9DAF890F93EA04.d.B7765FB0B5877EBF8302573F1CC971A6.e.2539"}]}
COMMAND: GET /session/cceede9c5f6b3bef019bae67b0c37570/element/f.FC474E75FAD15E2F9A9DAF890F93EA04.d.B7765FB0B5877EBF8302573F1CC971A6.e.2539/enabled - {}
COMMAND: GET /session/cceede9c5f6b3bef019bae67b0c37570/screenshot - {}
RESULT: {}
COMMAND: POST /session/cceede9c5f6b3bef019bae67b0c37570/execute/sync - {"script":"<script> [8489 bytes]","args":[{"element-6066-11e4-a52e-4f735466cecf":"f.FC474E75FAD15E2F9A9DAF890F93EA04.d.B7765FB0B5877EBF8302573F1CC971A6.e.2539","ELEMENT":"f.FC474E75FAD15E2F9A9DAF890F93EA04.d.B7765FB0B5877EBF8302573F1CC971A6.e.2539"}]}
COMMAND: GET /session/cceede9c5f6b3bef019bae67b0c37570/screenshot - {}
RESULT: {}
RESULT: {"script":"<script> [8489 bytes]","args":[{"element-6066-11e4-a52e-4f735466cecf":"f.FC474E75FAD15E2F9A9DAF890F93EA04.d.B7765FB0B5877EBF8302573F1CC971A6.e.2539","ELEMENT":"f.FC474E75FAD15E2F9A9DAF890F93EA04.d.B7765FB0B5877EBF8302573F1CC971A6.e.2539"}]}
COMMAND: POST /session/cceede9c5f6b3bef019bae67b0c37570/execute/sync - {"script":"<script> [5351 bytes]","args":[{"element-6066-11e4-a52e-4f735466cecf":"f.FC474E75FAD15E2F9A9DAF890F93EA04.d.B7765FB0B5877EBF8302573F1CC971A6.e.2539","ELEMENT":"f.FC474E75FAD15E2F9A9DAF890F93EA04.d.B7765FB0B5877EBF8302573F1CC971A6.e.2539"}]}
COMMAND: GET /session/cceede9c5f6b3bef019bae67b0c37570/screenshot - {}
RESULT: {}
RESULT: {"script":"<script> [5351 bytes]","args":[{"element-6066-11e4-a52e-4f735466cecf":"f.FC474E75FAD15E2F9A9DAF890F93EA04.d.B7765FB0B5877EBF8302573F1CC971A6.e.2539","ELEMENT":"f.FC474E75FAD15E2F9A9DAF890F93EA04.d.B7765FB0B5877EBF8302573F1CC971A6.e.2539"}]}
COMMAND: POST /session/cceede9c5f6b3bef019bae67b0c37570/element/f.FC474E75FAD15E2F9A9DAF890F93EA04.d.B7765FB0B5877EBF8302573F1CC971A6.e.2539/click - {}
COMMAND: GET /session/cceede9c5f6b3bef019bae67b0c37570/screenshot - {}
RESULT: {}
RESULT: {}
RESULT: {}
COMMAND: GET /session/cceede9c5f6b3bef019bae67b0c37570/screenshot - {}
RESULT: {}
RESULT: undefined
COMMAND: POST /session/cceede9c5f6b3bef019bae67b0c37570/element - {"using":"xpath","value":"//*[@id=\"application-manageresources-display-component---newResourceUnit--TYPE-arrow\"]"}
RESULT: {"using":"xpath","value":"//*[@id=\"application-manageresources-display-component---newResourceUnit--TYPE-arrow\"]"}
COMMAND: POST /session/cceede9c5f6b3bef019bae67b0c37570/element/f.FC474E75FAD15E2F9A9DAF890F93EA04.d.B7765FB0B5877EBF8302573F1CC971A6.e.2898/click - {}
RESULT: {}
COMMAND: POST /session/cceede9c5f6b3bef019bae67b0c37570/element - {"using":"xpath","value":"//input[@id=\"application-manageresources-display-component---newResourceUnit--TYPE-inner\"]"}
COMMAND: GET /session/cceede9c5f6b3bef019bae67b0c37570/screenshot - {}
RESULT: {"using":"xpath","value":"//input[@id=\"application-manageresources-display-component---newResourceUnit--TYPE-inner\"]"}
COMMAND: POST /session/cceede9c5f6b3bef019bae67b0c37570/element/f.FC474E75FAD15E2F9A9DAF890F93EA04.d.B7765FB0B5877EBF8302573F1CC971A6.e.2896/clear - {}
RESULT: {}
RESULT: {}
COMMAND: POST /session/cceede9c5f6b3bef019bae67b0c37570/element/f.FC474E75FAD15E2F9A9DAF890F93EA04.d.B7765FB0B5877EBF8302573F1CC971A6.e.2896/value - {"text":"Material"}
COMMAND: GET /session/cceede9c5f6b3bef019bae67b0c37570/screenshot - {}
RESULT: {"text":"Material"}
COMMAND: GET /session/cceede9c5f6b3bef019bae67b0c37570/screenshot - {}
RESULT: {}
RESULT: {}
COMMAND: POST /session/cceede9c5f6b3bef019bae67b0c37570/actions - {"actions":[{"id":"action15","type":"key","parameters":{},"actions":[{"type":"keyDown","value":""},{"type":"pause","duration":10},{"type":"keyUp","value":""}]}]}
RESULT: {"actions":[{"id":"action15","type":"key","parameters":{},"actions":[{"type":"keyDown","value":""},{"type":"pause","duration":10},{"type":"keyUp","value":""}]}]}
RESULT: undefined
COMMAND: POST /session/cceede9c5f6b3bef019bae67b0c37570/execute/async - {"script":"<script> [776 bytes]","args":[{"enterText":"Cement WDIO","selector":{"id":"application-manageresources-display-component---newResourceUnit--SHORT_TEXT","interaction":{"idSuffix":"inner"}},"clearTextFirst":true,"interactionType":"ENTER_TEXT"}]}
COMMAND: GET /session/cceede9c5f6b3bef019bae67b0c37570/screenshot - {}
RESULT: {"script":"<script> [776 bytes]","args":[{"enterText":"Cement WDIO","selector":{"id":"application-manageresources-display-component---newResourceUnit--SHORT_TEXT","interaction":{"idSuffix":"inner"}},"clearTextFirst":true,"interactionType":"ENTER_TEXT"}]}
RESULT: undefined
COMMAND: POST /session/cceede9c5f6b3bef019bae67b0c37570/execute/async - {"script":"<script> [776 bytes]","args":[{"enterText":"Piece","selector":{"id":"application-manageresources-display-component---newResourceUnit--BASE_UNIT_OF_MEASURE","interaction":{"idSuffix":"inner"}},"clearTextFirst":true,"interactionType":"ENTER_TEXT"}]}
RESULT: {}
RESULT: {"script":"<script> [776 bytes]","args":[{"enterText":"Piece","selector":{"id":"application-manageresources-display-component---newResourceUnit--BASE_UNIT_OF_MEASURE","interaction":{"idSuffix":"inner"}},"clearTextFirst":true,"interactionType":"ENTER_TEXT"}]}
RESULT: undefined
COMMAND: POST /session/cceede9c5f6b3bef019bae67b0c37570/execute/async - {"script":"<script> [776 bytes]","args":[{"enterText":"Gram","selector":{"id":"application-manageresources-display-component---newResourceUnit--WEIGHT_UNIT","interaction":{"idSuffix":"inner"}},"clearTextFirst":true,"interactionType":"ENTER_TEXT"}]}
RESULT: {"script":"<script> [776 bytes]","args":[{"enterText":"Gram","selector":{"id":"application-manageresources-display-component---newResourceUnit--WEIGHT_UNIT","interaction":{"idSuffix":"inner"}},"clearTextFirst":true,"interactionType":"ENTER_TEXT"}]}
RESULT: undefined
COMMAND: POST /session/cceede9c5f6b3bef019bae67b0c37570/execute/async - {"script":"<script> [776 bytes]","args":[{"enterText":"Meter","selector":{"id":"application-manageresources-display-component---newResourceUnit--DIMENSION_UNIT","interaction":{"idSuffix":"inner"}},"clearTextFirst":true,"interactionType":"ENTER_TEXT"}]}
RESULT: {"script":"<script> [776 bytes]","args":[{"enterText":"Meter","selector":{"id":"application-manageresources-display-component---newResourceUnit--DIMENSION_UNIT","interaction":{"idSuffix":"inner"}},"clearTextFirst":true,"interactionType":"ENTER_TEXT"}]}
RESULT: undefined
COMMAND: POST /session/cceede9c5f6b3bef019bae67b0c37570/element - {"using":"xpath","value":"//*[@id=\"application-manageresources-display-component---newResourceUnit--newRRUPage-anchBar-application-manageresources-display-component---newResourceUnit--control-anchor\"]"}
RESULT: {"using":"xpath","value":"//*[@id=\"application-manageresources-display-component---newResourceUnit--newRRUPage-anchBar-application-manageresources-display-component---newResourceUnit--control-anchor\"]"}
COMMAND: POST /session/cceede9c5f6b3bef019bae67b0c37570/elements - {"using":"xpath","value":"//*[@id=\"application-manageresources-display-component---newResourceUnit--newRRUPage-anchBar-application-manageresources-display-component---newResourceUnit--control-anchor\"]"}
RESULT: {"using":"xpath","value":"//*[@id=\"application-manageresources-display-component---newResourceUnit--newRRUPage-anchBar-application-manageresources-display-component---newResourceUnit--control-anchor\"]"}
COMMAND: POST /session/cceede9c5f6b3bef019bae67b0c37570/elements - {"using":"xpath","value":"//*[@id=\"application-manageresources-display-component---newResourceUnit--newRRUPage-anchBar-application-manageresources-display-component---newResourceUnit--control-anchor\"]"}
RESULT: {"using":"xpath","value":"//*[@id=\"application-manageresources-display-component---newResourceUnit--newRRUPage-anchBar-application-manageresources-display-component---newResourceUnit--control-anchor\"]"}
COMMAND: POST /session/cceede9c5f6b3bef019bae67b0c37570/elements - {"using":"xpath","value":"//*[@id=\"application-manageresources-display-component---newResourceUnit--newRRUPage-anchBar-application-manageresources-display-component---newResourceUnit--control-anchor\"]"}
RESULT: {"using":"xpath","value":"//*[@id=\"application-manageresources-display-component---newResourceUnit--newRRUPage-anchBar-application-manageresources-display-component---newResourceUnit--control-anchor\"]"}
COMMAND: POST /session/cceede9c5f6b3bef019bae67b0c37570/elements - {"using":"xpath","value":"//*[@id=\"application-manageresources-display-component---newResourceUnit--newRRUPage-anchBar-application-manageresources-display-component---newResourceUnit--control-anchor\"]"}
RESULT: {"using":"xpath","value":"//*[@id=\"application-manageresources-display-component---newResourceUnit--newRRUPage-anchBar-application-manageresources-display-component---newResourceUnit--control-anchor\"]"}
COMMAND: POST /session/cceede9c5f6b3bef019bae67b0c37570/elements - {"using":"xpath","value":"//*[@id=\"application-manageresources-display-component---newResourceUnit--newRRUPage-anchBar-application-manageresources-display-component---newResourceUnit--control-anchor\"]"}
RESULT: {"using":"xpath","value":"//*[@id=\"application-manageresources-display-component---newResourceUnit--newRRUPage-anchBar-application-manageresources-display-component---newResourceUnit--control-anchor\"]"}
COMMAND: POST /session/cceede9c5f6b3bef019bae67b0c37570/elements - {"using":"xpath","value":"//*[@id=\"application-manageresources-display-component---newResourceUnit--newRRUPage-anchBar-application-manageresources-display-component---newResourceUnit--control-anchor\"]"}
RESULT: {"using":"xpath","value":"//*[@id=\"application-manageresources-display-component---newResourceUnit--newRRUPage-anchBar-application-manageresources-display-component---newResourceUnit--control-anchor\"]"}
COMMAND: POST /session/cceede9c5f6b3bef019bae67b0c37570/elements - {"using":"xpath","value":"//*[@id=\"application-manageresources-display-component---newResourceUnit--newRRUPage-anchBar-application-manageresources-display-component---newResourceUnit--control-anchor\"]"}
RESULT: {"using":"xpath","value":"//*[@id=\"application-manageresources-display-component---newResourceUnit--newRRUPage-anchBar-application-manageresources-display-component---newResourceUnit--control-anchor\"]"}
COMMAND: POST /session/cceede9c5f6b3bef019bae67b0c37570/elements - {"using":"xpath","value":"//*[@id=\"application-manageresources-display-component---newResourceUnit--newRRUPage-anchBar-application-manageresources-display-component---newResourceUnit--control-anchor\"]"}
RESULT: {"using":"xpath","value":"//*[@id=\"application-manageresources-display-component---newResourceUnit--newRRUPage-anchBar-application-manageresources-display-component---newResourceUnit--control-anchor\"]"}
COMMAND: POST /session/cceede9c5f6b3bef019bae67b0c37570/elements - {"using":"xpath","value":"//*[@id=\"application-manageresources-display-component---newResourceUnit--newRRUPage-anchBar-application-manageresources-display-component---newResourceUnit--control-anchor\"]"}
RESULT: {"using":"xpath","value":"//*[@id=\"application-manageresources-display-component---newResourceUnit--newRRUPage-anchBar-application-manageresources-display-component---newResourceUnit--control-anchor\"]"}
COMMAND: POST /session/cceede9c5f6b3bef019bae67b0c37570/elements - {"using":"xpath","value":"//*[@id=\"application-manageresources-display-component---newResourceUnit--newRRUPage-anchBar-application-manageresources-display-component---newResourceUnit--control-anchor\"]"}
RESULT: {"using":"xpath","value":"//*[@id=\"application-manageresources-display-component---newResourceUnit--newRRUPage-anchBar-application-manageresources-display-component---newResourceUnit--control-anchor\"]"}
COMMAND: POST /session/cceede9c5f6b3bef019bae67b0c37570/elements - {"using":"xpath","value":"//*[@id=\"application-manageresources-display-component---newResourceUnit--newRRUPage-anchBar-application-manageresources-display-component---newResourceUnit--control-anchor\"]"}
RESULT: {"using":"xpath","value":"//*[@id=\"application-manageresources-display-component---newResourceUnit--newRRUPage-anchBar-application-manageresources-display-component---newResourceUnit--control-anchor\"]"}
COMMAND: POST /session/cceede9c5f6b3bef019bae67b0c37570/elements - {"using":"xpath","value":"//*[@id=\"application-manageresources-display-component---newResourceUnit--newRRUPage-anchBar-application-manageresources-display-component---newResourceUnit--control-anchor\"]"}
RESULT: {"using":"xpath","value":"//*[@id=\"application-manageresources-display-component---newResourceUnit--newRRUPage-anchBar-application-manageresources-display-component---newResourceUnit--control-anchor\"]"}
COMMAND: POST /session/cceede9c5f6b3bef019bae67b0c37570/elements - {"using":"xpath","value":"//*[@id=\"application-manageresources-display-component---newResourceUnit--newRRUPage-anchBar-application-manageresources-display-component---newResourceUnit--control-anchor\"]"}
RESULT: {"using":"xpath","value":"//*[@id=\"application-manageresources-display-component---newResourceUnit--newRRUPage-anchBar-application-manageresources-display-component---newResourceUnit--control-anchor\"]"}
COMMAND: POST /session/cceede9c5f6b3bef019bae67b0c37570/elements - {"using":"xpath","value":"//*[@id=\"application-manageresources-display-component---newResourceUnit--newRRUPage-anchBar-application-manageresources-display-component---newResourceUnit--control-anchor\"]"}
RESULT: {"using":"xpath","value":"//*[@id=\"application-manageresources-display-component---newResourceUnit--newRRUPage-anchBar-application-manageresources-display-component---newResourceUnit--control-anchor\"]"}
COMMAND: POST /session/cceede9c5f6b3bef019bae67b0c37570/elements - {"using":"xpath","value":"//*[@id=\"application-manageresources-display-component---newResourceUnit--newRRUPage-anchBar-application-manageresources-display-component---newResourceUnit--control-anchor\"]"}
RESULT: {"using":"xpath","value":"//*[@id=\"application-manageresources-display-component---newResourceUnit--newRRUPage-anchBar-application-manageresources-display-component---newResourceUnit--control-anchor\"]"}
COMMAND: POST /session/cceede9c5f6b3bef019bae67b0c37570/elements - {"using":"xpath","value":"//*[@id=\"application-manageresources-display-component---newResourceUnit--newRRUPage-anchBar-application-manageresources-display-component---newResourceUnit--control-anchor\"]"}
RESULT: {"using":"xpath","value":"//*[@id=\"application-manageresources-display-component---newResourceUnit--newRRUPage-anchBar-application-manageresources-display-component---newResourceUnit--control-anchor\"]"}
COMMAND: POST /session/cceede9c5f6b3bef019bae67b0c37570/elements - {"using":"xpath","value":"//*[@id=\"application-manageresources-display-component---newResourceUnit--newRRUPage-anchBar-application-manageresources-display-component---newResourceUnit--control-anchor\"]"}
RESULT: {"using":"xpath","value":"//*[@id=\"application-manageresources-display-component---newResourceUnit--newRRUPage-anchBar-application-manageresources-display-component---newResourceUnit--control-anchor\"]"}
COMMAND: POST /session/cceede9c5f6b3bef019bae67b0c37570/elements - {"using":"xpath","value":"//*[@id=\"application-manageresources-display-component---newResourceUnit--newRRUPage-anchBar-application-manageresources-display-component---newResourceUnit--control-anchor\"]"}
RESULT: {"using":"xpath","value":"//*[@id=\"application-manageresources-display-component---newResourceUnit--newRRUPage-anchBar-application-manageresources-display-component---newResourceUnit--control-anchor\"]"}
COMMAND: POST /session/cceede9c5f6b3bef019bae67b0c37570/elements - {"using":"xpath","value":"//*[@id=\"application-manageresources-display-component---newResourceUnit--newRRUPage-anchBar-application-manageresources-display-component---newResourceUnit--control-anchor\"]"}
RESULT: {"using":"xpath","value":"//*[@id=\"application-manageresources-display-component---newResourceUnit--newRRUPage-anchBar-application-manageresources-display-component---newResourceUnit--control-anchor\"]"}
COMMAND: POST /session/cceede9c5f6b3bef019bae67b0c37570/elements - {"using":"xpath","value":"//*[@id=\"application-manageresources-display-component---newResourceUnit--newRRUPage-anchBar-application-manageresources-display-component---newResourceUnit--control-anchor\"]"}
RESULT: {"using":"xpath","value":"//*[@id=\"application-manageresources-display-component---newResourceUnit--newRRUPage-anchBar-application-manageresources-display-component---newResourceUnit--control-anchor\"]"}
COMMAND: POST /session/cceede9c5f6b3bef019bae67b0c37570/elements - {"using":"xpath","value":"//*[@id=\"application-manageresources-display-component---newResourceUnit--newRRUPage-anchBar-application-manageresources-display-component---newResourceUnit--control-anchor\"]"}
RESULT: {"using":"xpath","value":"//*[@id=\"application-manageresources-display-component---newResourceUnit--newRRUPage-anchBar-application-manageresources-display-component---newResourceUnit--control-anchor\"]"}
COMMAND: POST /session/cceede9c5f6b3bef019bae67b0c37570/elements - {"using":"xpath","value":"//*[@id=\"application-manageresources-display-component---newResourceUnit--newRRUPage-anchBar-application-manageresources-display-component---newResourceUnit--control-anchor\"]"}
RESULT: {"using":"xpath","value":"//*[@id=\"application-manageresources-display-component---newResourceUnit--newRRUPage-anchBar-application-manageresources-display-component---newResourceUnit--control-anchor\"]"}
COMMAND: POST /session/cceede9c5f6b3bef019bae67b0c37570/elements - {"using":"xpath","value":"//*[@id=\"application-manageresources-display-component---newResourceUnit--newRRUPage-anchBar-application-manageresources-display-component---newResourceUnit--control-anchor\"]"}
RESULT: {"using":"xpath","value":"//*[@id=\"application-manageresources-display-component---newResourceUnit--newRRUPage-anchBar-application-manageresources-display-component---newResourceUnit--control-anchor\"]"}
COMMAND: POST /session/cceede9c5f6b3bef019bae67b0c37570/elements - {"using":"xpath","value":"//*[@id=\"application-manageresources-display-component---newResourceUnit--newRRUPage-anchBar-application-manageresources-display-component---newResourceUnit--control-anchor\"]"}
RESULT: {"using":"xpath","value":"//*[@id=\"application-manageresources-display-component---newResourceUnit--newRRUPage-anchBar-application-manageresources-display-component---newResourceUnit--control-anchor\"]"}
COMMAND: POST /session/cceede9c5f6b3bef019bae67b0c37570/elements - {"using":"xpath","value":"//*[@id=\"application-manageresources-display-component---newResourceUnit--newRRUPage-anchBar-application-manageresources-display-component---newResourceUnit--control-anchor\"]"}
RESULT: {"using":"xpath","value":"//*[@id=\"application-manageresources-display-component---newResourceUnit--newRRUPage-anchBar-application-manageresources-display-component---newResourceUnit--control-anchor\"]"}
COMMAND: POST /session/cceede9c5f6b3bef019bae67b0c37570/elements - {"using":"xpath","value":"//*[@id=\"application-manageresources-display-component---newResourceUnit--newRRUPage-anchBar-application-manageresources-display-component---newResourceUnit--control-anchor\"]"}
RESULT: {"using":"xpath","value":"//*[@id=\"application-manageresources-display-component---newResourceUnit--newRRUPage-anchBar-application-manageresources-display-component---newResourceUnit--control-anchor\"]"}
COMMAND: POST /session/cceede9c5f6b3bef019bae67b0c37570/elements - {"using":"xpath","value":"//*[@id=\"application-manageresources-display-component---newResourceUnit--newRRUPage-anchBar-application-manageresources-display-component---newResourceUnit--control-anchor\"]"}
RESULT: {"using":"xpath","value":"//*[@id=\"application-manageresources-display-component---newResourceUnit--newRRUPage-anchBar-application-manageresources-display-component---newResourceUnit--control-anchor\"]"}
COMMAND: POST /session/cceede9c5f6b3bef019bae67b0c37570/elements - {"using":"xpath","value":"//*[@id=\"application-manageresources-display-component---newResourceUnit--newRRUPage-anchBar-application-manageresources-display-component---newResourceUnit--control-anchor\"]"}
RESULT: {"using":"xpath","value":"//*[@id=\"application-manageresources-display-component---newResourceUnit--newRRUPage-anchBar-application-manageresources-display-component---newResourceUnit--control-anchor\"]"}
COMMAND: POST /session/cceede9c5f6b3bef019bae67b0c37570/elements - {"using":"xpath","value":"//*[@id=\"application-manageresources-display-component---newResourceUnit--newRRUPage-anchBar-application-manageresources-display-component---newResourceUnit--control-anchor\"]"}
RESULT: {"using":"xpath","value":"//*[@id=\"application-manageresources-display-component---newResourceUnit--newRRUPage-anchBar-application-manageresources-display-component---newResourceUnit--control-anchor\"]"}
COMMAND: POST /session/cceede9c5f6b3bef019bae67b0c37570/elements - {"using":"xpath","value":"//*[@id=\"application-manageresources-display-component---newResourceUnit--newRRUPage-anchBar-application-manageresources-display-component---newResourceUnit--control-anchor\"]"}
RESULT: {"using":"xpath","value":"//*[@id=\"application-manageresources-display-component---newResourceUnit--newRRUPage-anchBar-application-manageresources-display-component---newResourceUnit--control-anchor\"]"}
COMMAND: POST /session/cceede9c5f6b3bef019bae67b0c37570/elements - {"using":"xpath","value":"//*[@id=\"application-manageresources-display-component---newResourceUnit--newRRUPage-anchBar-application-manageresources-display-component---newResourceUnit--control-anchor\"]"}
RESULT: {"using":"xpath","value":"//*[@id=\"application-manageresources-display-component---newResourceUnit--newRRUPage-anchBar-application-manageresources-display-component---newResourceUnit--control-anchor\"]"}
COMMAND: POST /session/cceede9c5f6b3bef019bae67b0c37570/elements - {"using":"xpath","value":"//*[@id=\"application-manageresources-display-component---newResourceUnit--newRRUPage-anchBar-application-manageresources-display-component---newResourceUnit--control-anchor\"]"}
RESULT: {"using":"xpath","value":"//*[@id=\"application-manageresources-display-component---newResourceUnit--newRRUPage-anchBar-application-manageresources-display-component---newResourceUnit--control-anchor\"]"}
COMMAND: POST /session/cceede9c5f6b3bef019bae67b0c37570/elements - {"using":"xpath","value":"//*[@id=\"application-manageresources-display-component---newResourceUnit--newRRUPage-anchBar-application-manageresources-display-component---newResourceUnit--control-anchor\"]"}
RESULT: {"using":"xpath","value":"//*[@id=\"application-manageresources-display-component---newResourceUnit--newRRUPage-anchBar-application-manageresources-display-component---newResourceUnit--control-anchor\"]"}
COMMAND: POST /session/cceede9c5f6b3bef019bae67b0c37570/elements - {"using":"xpath","value":"//*[@id=\"application-manageresources-display-component---newResourceUnit--newRRUPage-anchBar-application-manageresources-display-component---newResourceUnit--control-anchor\"]"}
RESULT: {"using":"xpath","value":"//*[@id=\"application-manageresources-display-component---newResourceUnit--newRRUPage-anchBar-application-manageresources-display-component---newResourceUnit--control-anchor\"]"}
COMMAND: POST /session/cceede9c5f6b3bef019bae67b0c37570/elements - {"using":"xpath","value":"//*[@id=\"application-manageresources-display-component---newResourceUnit--newRRUPage-anchBar-application-manageresources-display-component---newResourceUnit--control-anchor\"]"}
RESULT: {"using":"xpath","value":"//*[@id=\"application-manageresources-display-component---newResourceUnit--newRRUPage-anchBar-application-manageresources-display-component---newResourceUnit--control-anchor\"]"}
COMMAND: POST /session/cceede9c5f6b3bef019bae67b0c37570/elements - {"using":"xpath","value":"//*[@id=\"application-manageresources-display-component---newResourceUnit--newRRUPage-anchBar-application-manageresources-display-component---newResourceUnit--control-anchor\"]"}
RESULT: {"using":"xpath","value":"//*[@id=\"application-manageresources-display-component---newResourceUnit--newRRUPage-anchBar-application-manageresources-display-component---newResourceUnit--control-anchor\"]"}
COMMAND: POST /session/cceede9c5f6b3bef019bae67b0c37570/elements - {"using":"xpath","value":"//*[@id=\"application-manageresources-display-component---newResourceUnit--newRRUPage-anchBar-application-manageresources-display-component---newResourceUnit--control-anchor\"]"}
RESULT: {"using":"xpath","value":"//*[@id=\"application-manageresources-display-component---newResourceUnit--newRRUPage-anchBar-application-manageresources-display-component---newResourceUnit--control-anchor\"]"}
COMMAND: POST /session/cceede9c5f6b3bef019bae67b0c37570/elements - {"using":"xpath","value":"//*[@id=\"application-manageresources-display-component---newResourceUnit--newRRUPage-anchBar-application-manageresources-display-component---newResourceUnit--control-anchor\"]"}
RESULT: {"using":"xpath","value":"//*[@id=\"application-manageresources-display-component---newResourceUnit--newRRUPage-anchBar-application-manageresources-display-component---newResourceUnit--control-anchor\"]"}
COMMAND: POST /session/cceede9c5f6b3bef019bae67b0c37570/elements - {"using":"xpath","value":"//*[@id=\"application-manageresources-display-component---newResourceUnit--newRRUPage-anchBar-application-manageresources-display-component---newResourceUnit--control-anchor\"]"}
RESULT: {"using":"xpath","value":"//*[@id=\"application-manageresources-display-component---newResourceUnit--newRRUPage-anchBar-application-manageresources-display-component---newResourceUnit--control-anchor\"]"}
COMMAND: POST /session/cceede9c5f6b3bef019bae67b0c37570/elements - {"using":"xpath","value":"//*[@id=\"application-manageresources-display-component---newResourceUnit--newRRUPage-anchBar-application-manageresources-display-component---newResourceUnit--control-anchor\"]"}
RESULT: {"using":"xpath","value":"//*[@id=\"application-manageresources-display-component---newResourceUnit--newRRUPage-anchBar-application-manageresources-display-component---newResourceUnit--control-anchor\"]"}
COMMAND: POST /session/cceede9c5f6b3bef019bae67b0c37570/elements - {"using":"xpath","value":"//*[@id=\"application-manageresources-display-component---newResourceUnit--newRRUPage-anchBar-application-manageresources-display-component---newResourceUnit--control-anchor\"]"}
RESULT: {"using":"xpath","value":"//*[@id=\"application-manageresources-display-component---newResourceUnit--newRRUPage-anchBar-application-manageresources-display-component---newResourceUnit--control-anchor\"]"}
COMMAND: POST /session/cceede9c5f6b3bef019bae67b0c37570/elements - {"using":"xpath","value":"//*[@id=\"application-manageresources-display-component---newResourceUnit--newRRUPage-anchBar-application-manageresources-display-component---newResourceUnit--control-anchor\"]"}
RESULT: {"using":"xpath","value":"//*[@id=\"application-manageresources-display-component---newResourceUnit--newRRUPage-anchBar-application-manageresources-display-component---newResourceUnit--control-anchor\"]"}
COMMAND: POST /session/cceede9c5f6b3bef019bae67b0c37570/elements - {"using":"xpath","value":"//*[@id=\"application-manageresources-display-component---newResourceUnit--newRRUPage-anchBar-application-manageresources-display-component---newResourceUnit--control-anchor\"]"}
RESULT: {"using":"xpath","value":"//*[@id=\"application-manageresources-display-component---newResourceUnit--newRRUPage-anchBar-application-manageresources-display-component---newResourceUnit--control-anchor\"]"}
COMMAND: POST /session/cceede9c5f6b3bef019bae67b0c37570/elements - {"using":"xpath","value":"//*[@id=\"application-manageresources-display-component---newResourceUnit--newRRUPage-anchBar-application-manageresources-display-component---newResourceUnit--control-anchor\"]"}
RESULT: {"using":"xpath","value":"//*[@id=\"application-manageresources-display-component---newResourceUnit--newRRUPage-anchBar-application-manageresources-display-component---newResourceUnit--control-anchor\"]"}
COMMAND: POST /session/cceede9c5f6b3bef019bae67b0c37570/elements - {"using":"xpath","value":"//*[@id=\"application-manageresources-display-component---newResourceUnit--newRRUPage-anchBar-application-manageresources-display-component---newResourceUnit--control-anchor\"]"}
RESULT: {"using":"xpath","value":"//*[@id=\"application-manageresources-display-component---newResourceUnit--newRRUPage-anchBar-application-manageresources-display-component---newResourceUnit--control-anchor\"]"}
COMMAND: POST /session/cceede9c5f6b3bef019bae67b0c37570/elements - {"using":"xpath","value":"//*[@id=\"application-manageresources-display-component---newResourceUnit--newRRUPage-anchBar-application-manageresources-display-component---newResourceUnit--control-anchor\"]"}
RESULT: {"using":"xpath","value":"//*[@id=\"application-manageresources-display-component---newResourceUnit--newRRUPage-anchBar-application-manageresources-display-component---newResourceUnit--control-anchor\"]"}
COMMAND: POST /session/cceede9c5f6b3bef019bae67b0c37570/elements - {"using":"xpath","value":"//*[@id=\"application-manageresources-display-component---newResourceUnit--newRRUPage-anchBar-application-manageresources-display-component---newResourceUnit--control-anchor\"]"}
RESULT: {"using":"xpath","value":"//*[@id=\"application-manageresources-display-component---newResourceUnit--newRRUPage-anchBar-application-manageresources-display-component---newResourceUnit--control-anchor\"]"}
COMMAND: POST /session/cceede9c5f6b3bef019bae67b0c37570/elements - {"using":"xpath","value":"//*[@id=\"application-manageresources-display-component---newResourceUnit--newRRUPage-anchBar-application-manageresources-display-component---newResourceUnit--control-anchor\"]"}
RESULT: {"using":"xpath","value":"//*[@id=\"application-manageresources-display-component---newResourceUnit--newRRUPage-anchBar-application-manageresources-display-component---newResourceUnit--control-anchor\"]"}
COMMAND: POST /session/cceede9c5f6b3bef019bae67b0c37570/elements - {"using":"xpath","value":"//*[@id=\"application-manageresources-display-component---newResourceUnit--newRRUPage-anchBar-application-manageresources-display-component---newResourceUnit--control-anchor\"]"}
RESULT: {"using":"xpath","value":"//*[@id=\"application-manageresources-display-component---newResourceUnit--newRRUPage-anchBar-application-manageresources-display-component---newResourceUnit--control-anchor\"]"}
COMMAND: POST /session/cceede9c5f6b3bef019bae67b0c37570/elements - {"using":"xpath","value":"//*[@id=\"application-manageresources-display-component---newResourceUnit--newRRUPage-anchBar-application-manageresources-display-component---newResourceUnit--control-anchor\"]"}
RESULT: {"using":"xpath","value":"//*[@id=\"application-manageresources-display-component---newResourceUnit--newRRUPage-anchBar-application-manageresources-display-component---newResourceUnit--control-anchor\"]"}
COMMAND: POST /session/cceede9c5f6b3bef019bae67b0c37570/elements - {"using":"xpath","value":"//*[@id=\"application-manageresources-display-component---newResourceUnit--newRRUPage-anchBar-application-manageresources-display-component---newResourceUnit--control-anchor\"]"}
RESULT: {"using":"xpath","value":"//*[@id=\"application-manageresources-display-component---newResourceUnit--newRRUPage-anchBar-application-manageresources-display-component---newResourceUnit--control-anchor\"]"}
COMMAND: POST /session/cceede9c5f6b3bef019bae67b0c37570/elements - {"using":"xpath","value":"//*[@id=\"application-manageresources-display-component---newResourceUnit--newRRUPage-anchBar-application-manageresources-display-component---newResourceUnit--control-anchor\"]"}
RESULT: {"using":"xpath","value":"//*[@id=\"application-manageresources-display-component---newResourceUnit--newRRUPage-anchBar-application-manageresources-display-component---newResourceUnit--control-anchor\"]"}
COMMAND: POST /session/cceede9c5f6b3bef019bae67b0c37570/elements - {"using":"xpath","value":"//*[@id=\"application-manageresources-display-component---newResourceUnit--newRRUPage-anchBar-application-manageresources-display-component---newResourceUnit--control-anchor\"]"}
RESULT: {"using":"xpath","value":"//*[@id=\"application-manageresources-display-component---newResourceUnit--newRRUPage-anchBar-application-manageresources-display-component---newResourceUnit--control-anchor\"]"}
COMMAND: POST /session/cceede9c5f6b3bef019bae67b0c37570/elements - {"using":"xpath","value":"//*[@id=\"application-manageresources-display-component---newResourceUnit--newRRUPage-anchBar-application-manageresources-display-component---newResourceUnit--control-anchor\"]"}
RESULT: {"using":"xpath","value":"//*[@id=\"application-manageresources-display-component---newResourceUnit--newRRUPage-anchBar-application-manageresources-display-component---newResourceUnit--control-anchor\"]"}
COMMAND: POST /session/cceede9c5f6b3bef019bae67b0c37570/elements - {"using":"xpath","value":"//*[@id=\"application-manageresources-display-component---newResourceUnit--newRRUPage-anchBar-application-manageresources-display-component---newResourceUnit--control-anchor\"]"}
RESULT: {"using":"xpath","value":"//*[@id=\"application-manageresources-display-component---newResourceUnit--newRRUPage-anchBar-application-manageresources-display-component---newResourceUnit--control-anchor\"]"}
COMMAND: POST /session/cceede9c5f6b3bef019bae67b0c37570/elements - {"using":"xpath","value":"//*[@id=\"application-manageresources-display-component---newResourceUnit--newRRUPage-anchBar-application-manageresources-display-component---newResourceUnit--control-anchor\"]"}
RESULT: {"using":"xpath","value":"//*[@id=\"application-manageresources-display-component---newResourceUnit--newRRUPage-anchBar-application-manageresources-display-component---newResourceUnit--control-anchor\"]"}
COMMAND: POST /session/cceede9c5f6b3bef019bae67b0c37570/elements - {"using":"xpath","value":"//*[@id=\"application-manageresources-display-component---newResourceUnit--newRRUPage-anchBar-application-manageresources-display-component---newResourceUnit--control-anchor\"]"}
RESULT: {"using":"xpath","value":"//*[@id=\"application-manageresources-display-component---newResourceUnit--newRRUPage-anchBar-application-manageresources-display-component---newResourceUnit--control-anchor\"]"}
COMMAND: POST /session/cceede9c5f6b3bef019bae67b0c37570/elements - {"using":"xpath","value":"//*[@id=\"application-manageresources-display-component---newResourceUnit--newRRUPage-anchBar-application-manageresources-display-component---newResourceUnit--control-anchor\"]"}
RESULT: {"using":"xpath","value":"//*[@id=\"application-manageresources-display-component---newResourceUnit--newRRUPage-anchBar-application-manageresources-display-component---newResourceUnit--control-anchor\"]"}
COMMAND: POST /session/cceede9c5f6b3bef019bae67b0c37570/elements - {"using":"xpath","value":"//*[@id=\"application-manageresources-display-component---newResourceUnit--newRRUPage-anchBar-application-manageresources-display-component---newResourceUnit--control-anchor\"]"}
RESULT: {"using":"xpath","value":"//*[@id=\"application-manageresources-display-component---newResourceUnit--newRRUPage-anchBar-application-manageresources-display-component---newResourceUnit--control-anchor\"]"}
COMMAND: POST /session/cceede9c5f6b3bef019bae67b0c37570/elements - {"using":"xpath","value":"//*[@id=\"application-manageresources-display-component---newResourceUnit--newRRUPage-anchBar-application-manageresources-display-component---newResourceUnit--control-anchor\"]"}
RESULT: {"using":"xpath","value":"//*[@id=\"application-manageresources-display-component---newResourceUnit--newRRUPage-anchBar-application-manageresources-display-component---newResourceUnit--control-anchor\"]"}
COMMAND: POST /session/cceede9c5f6b3bef019bae67b0c37570/elements - {"using":"xpath","value":"//*[@id=\"application-manageresources-display-component---newResourceUnit--newRRUPage-anchBar-application-manageresources-display-component---newResourceUnit--control-anchor\"]"}
RESULT: {"using":"xpath","value":"//*[@id=\"application-manageresources-display-component---newResourceUnit--newRRUPage-anchBar-application-manageresources-display-component---newResourceUnit--control-anchor\"]"}
COMMAND: POST /session/cceede9c5f6b3bef019bae67b0c37570/elements - {"using":"xpath","value":"//*[@id=\"application-manageresources-display-component---newResourceUnit--newRRUPage-anchBar-application-manageresources-display-component---newResourceUnit--control-anchor\"]"}
RESULT: {"using":"xpath","value":"//*[@id=\"application-manageresources-display-component---newResourceUnit--newRRUPage-anchBar-application-manageresources-display-component---newResourceUnit--control-anchor\"]"}
COMMAND: POST /session/cceede9c5f6b3bef019bae67b0c37570/elements - {"using":"xpath","value":"//*[@id=\"application-manageresources-display-component---newResourceUnit--newRRUPage-anchBar-application-manageresources-display-component---newResourceUnit--control-anchor\"]"}
RESULT: {"using":"xpath","value":"//*[@id=\"application-manageresources-display-component---newResourceUnit--newRRUPage-anchBar-application-manageresources-display-component---newResourceUnit--control-anchor\"]"}
COMMAND: POST /session/cceede9c5f6b3bef019bae67b0c37570/elements - {"using":"xpath","value":"//*[@id=\"application-manageresources-display-component---newResourceUnit--newRRUPage-anchBar-application-manageresources-display-component---newResourceUnit--control-anchor\"]"}
RESULT: {"using":"xpath","value":"//*[@id=\"application-manageresources-display-component---newResourceUnit--newRRUPage-anchBar-application-manageresources-display-component---newResourceUnit--control-anchor\"]"}
COMMAND: POST /session/cceede9c5f6b3bef019bae67b0c37570/elements - {"using":"xpath","value":"//*[@id=\"application-manageresources-display-component---newResourceUnit--newRRUPage-anchBar-application-manageresources-display-component---newResourceUnit--control-anchor\"]"}
RESULT: {"using":"xpath","value":"//*[@id=\"application-manageresources-display-component---newResourceUnit--newRRUPage-anchBar-application-manageresources-display-component---newResourceUnit--control-anchor\"]"}
COMMAND: POST /session/cceede9c5f6b3bef019bae67b0c37570/elements - {"using":"xpath","value":"//*[@id=\"application-manageresources-display-component---newResourceUnit--newRRUPage-anchBar-application-manageresources-display-component---newResourceUnit--control-anchor\"]"}
RESULT: {"using":"xpath","value":"//*[@id=\"application-manageresources-display-component---newResourceUnit--newRRUPage-anchBar-application-manageresources-display-component---newResourceUnit--control-anchor\"]"}
COMMAND: POST /session/cceede9c5f6b3bef019bae67b0c37570/elements - {"using":"xpath","value":"//*[@id=\"application-manageresources-display-component---newResourceUnit--newRRUPage-anchBar-application-manageresources-display-component---newResourceUnit--control-anchor\"]"}
RESULT: {"using":"xpath","value":"//*[@id=\"application-manageresources-display-component---newResourceUnit--newRRUPage-anchBar-application-manageresources-display-component---newResourceUnit--control-anchor\"]"}
COMMAND: POST /session/cceede9c5f6b3bef019bae67b0c37570/elements - {"using":"xpath","value":"//*[@id=\"application-manageresources-display-component---newResourceUnit--newRRUPage-anchBar-application-manageresources-display-component---newResourceUnit--control-anchor\"]"}
RESULT: {"using":"xpath","value":"//*[@id=\"application-manageresources-display-component---newResourceUnit--newRRUPage-anchBar-application-manageresources-display-component---newResourceUnit--control-anchor\"]"}
COMMAND: POST /session/cceede9c5f6b3bef019bae67b0c37570/elements - {"using":"xpath","value":"//*[@id=\"application-manageresources-display-component---newResourceUnit--newRRUPage-anchBar-application-manageresources-display-component---newResourceUnit--control-anchor\"]"}
RESULT: {"using":"xpath","value":"//*[@id=\"application-manageresources-display-component---newResourceUnit--newRRUPage-anchBar-application-manageresources-display-component---newResourceUnit--control-anchor\"]"}
COMMAND: POST /session/cceede9c5f6b3bef019bae67b0c37570/elements - {"using":"xpath","value":"//*[@id=\"application-manageresources-display-component---newResourceUnit--newRRUPage-anchBar-application-manageresources-display-component---newResourceUnit--control-anchor\"]"}
RESULT: {"using":"xpath","value":"//*[@id=\"application-manageresources-display-component---newResourceUnit--newRRUPage-anchBar-application-manageresources-display-component---newResourceUnit--control-anchor\"]"}
COMMAND: POST /session/cceede9c5f6b3bef019bae67b0c37570/elements - {"using":"xpath","value":"//*[@id=\"application-manageresources-display-component---newResourceUnit--newRRUPage-anchBar-application-manageresources-display-component---newResourceUnit--control-anchor\"]"}
RESULT: {"using":"xpath","value":"//*[@id=\"application-manageresources-display-component---newResourceUnit--newRRUPage-anchBar-application-manageresources-display-component---newResourceUnit--control-anchor\"]"}
COMMAND: POST /session/cceede9c5f6b3bef019bae67b0c37570/elements - {"using":"xpath","value":"//*[@id=\"application-manageresources-display-component---newResourceUnit--newRRUPage-anchBar-application-manageresources-display-component---newResourceUnit--control-anchor\"]"}
RESULT: {"using":"xpath","value":"//*[@id=\"application-manageresources-display-component---newResourceUnit--newRRUPage-anchBar-application-manageresources-display-component---newResourceUnit--control-anchor\"]"}
COMMAND: POST /session/cceede9c5f6b3bef019bae67b0c37570/elements - {"using":"xpath","value":"//*[@id=\"application-manageresources-display-component---newResourceUnit--newRRUPage-anchBar-application-manageresources-display-component---newResourceUnit--control-anchor\"]"}
RESULT: {"using":"xpath","value":"//*[@id=\"application-manageresources-display-component---newResourceUnit--newRRUPage-anchBar-application-manageresources-display-component---newResourceUnit--control-anchor\"]"}
COMMAND: POST /session/cceede9c5f6b3bef019bae67b0c37570/elements - {"using":"xpath","value":"//*[@id=\"application-manageresources-display-component---newResourceUnit--newRRUPage-anchBar-application-manageresources-display-component---newResourceUnit--control-anchor\"]"}
RESULT: {"using":"xpath","value":"//*[@id=\"application-manageresources-display-component---newResourceUnit--newRRUPage-anchBar-application-manageresources-display-component---newResourceUnit--control-anchor\"]"}
COMMAND: POST /session/cceede9c5f6b3bef019bae67b0c37570/elements - {"using":"xpath","value":"//*[@id=\"application-manageresources-display-component---newResourceUnit--newRRUPage-anchBar-application-manageresources-display-component---newResourceUnit--control-anchor\"]"}
RESULT: {"using":"xpath","value":"//*[@id=\"application-manageresources-display-component---newResourceUnit--newRRUPage-anchBar-application-manageresources-display-component---newResourceUnit--control-anchor\"]"}
COMMAND: POST /session/cceede9c5f6b3bef019bae67b0c37570/elements - {"using":"xpath","value":"//*[@id=\"application-manageresources-display-component---newResourceUnit--newRRUPage-anchBar-application-manageresources-display-component---newResourceUnit--control-anchor\"]"}
RESULT: {"using":"xpath","value":"//*[@id=\"application-manageresources-display-component---newResourceUnit--newRRUPage-anchBar-application-manageresources-display-component---newResourceUnit--control-anchor\"]"}
COMMAND: POST /session/cceede9c5f6b3bef019bae67b0c37570/elements - {"using":"xpath","value":"//*[@id=\"application-manageresources-display-component---newResourceUnit--newRRUPage-anchBar-application-manageresources-display-component---newResourceUnit--control-anchor\"]"}
RESULT: {"using":"xpath","value":"//*[@id=\"application-manageresources-display-component---newResourceUnit--newRRUPage-anchBar-application-manageresources-display-component---newResourceUnit--control-anchor\"]"}
COMMAND: POST /session/cceede9c5f6b3bef019bae67b0c37570/elements - {"using":"xpath","value":"//*[@id=\"application-manageresources-display-component---newResourceUnit--newRRUPage-anchBar-application-manageresources-display-component---newResourceUnit--control-anchor\"]"}
RESULT: {"using":"xpath","value":"//*[@id=\"application-manageresources-display-component---newResourceUnit--newRRUPage-anchBar-application-manageresources-display-component---newResourceUnit--control-anchor\"]"}
COMMAND: POST /session/cceede9c5f6b3bef019bae67b0c37570/elements - {"using":"xpath","value":"//*[@id=\"application-manageresources-display-component---newResourceUnit--newRRUPage-anchBar-application-manageresources-display-component---newResourceUnit--control-anchor\"]"}
RESULT: {"using":"xpath","value":"//*[@id=\"application-manageresources-display-component---newResourceUnit--newRRUPage-anchBar-application-manageresources-display-component---newResourceUnit--control-anchor\"]"}
COMMAND: POST /session/cceede9c5f6b3bef019bae67b0c37570/elements - {"using":"xpath","value":"//*[@id=\"application-manageresources-display-component---newResourceUnit--newRRUPage-anchBar-application-manageresources-display-component---newResourceUnit--control-anchor\"]"}
RESULT: {"using":"xpath","value":"//*[@id=\"application-manageresources-display-component---newResourceUnit--newRRUPage-anchBar-application-manageresources-display-component---newResourceUnit--control-anchor\"]"}
COMMAND: POST /session/cceede9c5f6b3bef019bae67b0c37570/elements - {"using":"xpath","value":"//*[@id=\"application-manageresources-display-component---newResourceUnit--newRRUPage-anchBar-application-manageresources-display-component---newResourceUnit--control-anchor\"]"}
RESULT: {"using":"xpath","value":"//*[@id=\"application-manageresources-display-component---newResourceUnit--newRRUPage-anchBar-application-manageresources-display-component---newResourceUnit--control-anchor\"]"}
COMMAND: POST /session/cceede9c5f6b3bef019bae67b0c37570/elements - {"using":"xpath","value":"//*[@id=\"application-manageresources-display-component---newResourceUnit--newRRUPage-anchBar-application-manageresources-display-component---newResourceUnit--control-anchor\"]"}
RESULT: {"using":"xpath","value":"//*[@id=\"application-manageresources-display-component---newResourceUnit--newRRUPage-anchBar-application-manageresources-display-component---newResourceUnit--control-anchor\"]"}
COMMAND: POST /session/cceede9c5f6b3bef019bae67b0c37570/elements - {"using":"xpath","value":"//*[@id=\"application-manageresources-display-component---newResourceUnit--newRRUPage-anchBar-application-manageresources-display-component---newResourceUnit--control-anchor\"]"}
RESULT: {"using":"xpath","value":"//*[@id=\"application-manageresources-display-component---newResourceUnit--newRRUPage-anchBar-application-manageresources-display-component---newResourceUnit--control-anchor\"]"}
COMMAND: POST /session/cceede9c5f6b3bef019bae67b0c37570/elements - {"using":"xpath","value":"//*[@id=\"application-manageresources-display-component---newResourceUnit--newRRUPage-anchBar-application-manageresources-display-component---newResourceUnit--control-anchor\"]"}
RESULT: {"using":"xpath","value":"//*[@id=\"application-manageresources-display-component---newResourceUnit--newRRUPage-anchBar-application-manageresources-display-component---newResourceUnit--control-anchor\"]"}
COMMAND: POST /session/cceede9c5f6b3bef019bae67b0c37570/elements - {"using":"xpath","value":"//*[@id=\"application-manageresources-display-component---newResourceUnit--newRRUPage-anchBar-application-manageresources-display-component---newResourceUnit--control-anchor\"]"}
RESULT: {"using":"xpath","value":"//*[@id=\"application-manageresources-display-component---newResourceUnit--newRRUPage-anchBar-application-manageresources-display-component---newResourceUnit--control-anchor\"]"}
COMMAND: POST /session/cceede9c5f6b3bef019bae67b0c37570/elements - {"using":"xpath","value":"//*[@id=\"application-manageresources-display-component---newResourceUnit--newRRUPage-anchBar-application-manageresources-display-component---newResourceUnit--control-anchor\"]"}
RESULT: {"using":"xpath","value":"//*[@id=\"application-manageresources-display-component---newResourceUnit--newRRUPage-anchBar-application-manageresources-display-component---newResourceUnit--control-anchor\"]"}
COMMAND: POST /session/cceede9c5f6b3bef019bae67b0c37570/elements - {"using":"xpath","value":"//*[@id=\"application-manageresources-display-component---newResourceUnit--newRRUPage-anchBar-application-manageresources-display-component---newResourceUnit--control-anchor\"]"}
RESULT: {"using":"xpath","value":"//*[@id=\"application-manageresources-display-component---newResourceUnit--newRRUPage-anchBar-application-manageresources-display-component---newResourceUnit--control-anchor\"]"}
COMMAND: POST /session/cceede9c5f6b3bef019bae67b0c37570/elements - {"using":"xpath","value":"//*[@id=\"application-manageresources-display-component---newResourceUnit--newRRUPage-anchBar-application-manageresources-display-component---newResourceUnit--control-anchor\"]"}
RESULT: {"using":"xpath","value":"//*[@id=\"application-manageresources-display-component---newResourceUnit--newRRUPage-anchBar-application-manageresources-display-component---newResourceUnit--control-anchor\"]"}
COMMAND: POST /session/cceede9c5f6b3bef019bae67b0c37570/elements - {"using":"xpath","value":"//*[@id=\"application-manageresources-display-component---newResourceUnit--newRRUPage-anchBar-application-manageresources-display-component---newResourceUnit--control-anchor\"]"}
RESULT: {"using":"xpath","value":"//*[@id=\"application-manageresources-display-component---newResourceUnit--newRRUPage-anchBar-application-manageresources-display-component---newResourceUnit--control-anchor\"]"}
COMMAND: POST /session/cceede9c5f6b3bef019bae67b0c37570/elements - {"using":"xpath","value":"//*[@id=\"application-manageresources-display-component---newResourceUnit--newRRUPage-anchBar-application-manageresources-display-component---newResourceUnit--control-anchor\"]"}
RESULT: {"using":"xpath","value":"//*[@id=\"application-manageresources-display-component---newResourceUnit--newRRUPage-anchBar-application-manageresources-display-component---newResourceUnit--control-anchor\"]"}
COMMAND: POST /session/cceede9c5f6b3bef019bae67b0c37570/elements - {"using":"xpath","value":"//*[@id=\"application-manageresources-display-component---newResourceUnit--newRRUPage-anchBar-application-manageresources-display-component---newResourceUnit--control-anchor\"]"}
RESULT: {"using":"xpath","value":"//*[@id=\"application-manageresources-display-component---newResourceUnit--newRRUPage-anchBar-application-manageresources-display-component---newResourceUnit--control-anchor\"]"}
COMMAND: POST /session/cceede9c5f6b3bef019bae67b0c37570/elements - {"using":"xpath","value":"//*[@id=\"application-manageresources-display-component---newResourceUnit--newRRUPage-anchBar-application-manageresources-display-component---newResourceUnit--control-anchor\"]"}
RESULT: {"using":"xpath","value":"//*[@id=\"application-manageresources-display-component---newResourceUnit--newRRUPage-anchBar-application-manageresources-display-component---newResourceUnit--control-anchor\"]"}
COMMAND: POST /session/cceede9c5f6b3bef019bae67b0c37570/elements - {"using":"xpath","value":"//*[@id=\"application-manageresources-display-component---newResourceUnit--newRRUPage-anchBar-application-manageresources-display-component---newResourceUnit--control-anchor\"]"}
RESULT: {"using":"xpath","value":"//*[@id=\"application-manageresources-display-component---newResourceUnit--newRRUPage-anchBar-application-manageresources-display-component---newResourceUnit--control-anchor\"]"}
COMMAND: POST /session/cceede9c5f6b3bef019bae67b0c37570/elements - {"using":"xpath","value":"//*[@id=\"application-manageresources-display-component---newResourceUnit--newRRUPage-anchBar-application-manageresources-display-component---newResourceUnit--control-anchor\"]"}
RESULT: {"using":"xpath","value":"//*[@id=\"application-manageresources-display-component---newResourceUnit--newRRUPage-anchBar-application-manageresources-display-component---newResourceUnit--control-anchor\"]"}
COMMAND: POST /session/cceede9c5f6b3bef019bae67b0c37570/elements - {"using":"xpath","value":"//*[@id=\"application-manageresources-display-component---newResourceUnit--newRRUPage-anchBar-application-manageresources-display-component---newResourceUnit--control-anchor\"]"}
RESULT: {"using":"xpath","value":"//*[@id=\"application-manageresources-display-component---newResourceUnit--newRRUPage-anchBar-application-manageresources-display-component---newResourceUnit--control-anchor\"]"}
COMMAND: POST /session/cceede9c5f6b3bef019bae67b0c37570/elements - {"using":"xpath","value":"//*[@id=\"application-manageresources-display-component---newResourceUnit--newRRUPage-anchBar-application-manageresources-display-component---newResourceUnit--control-anchor\"]"}
RESULT: {"using":"xpath","value":"//*[@id=\"application-manageresources-display-component---newResourceUnit--newRRUPage-anchBar-application-manageresources-display-component---newResourceUnit--control-anchor\"]"}
COMMAND: POST /session/cceede9c5f6b3bef019bae67b0c37570/elements - {"using":"xpath","value":"//*[@id=\"application-manageresources-display-component---newResourceUnit--newRRUPage-anchBar-application-manageresources-display-component---newResourceUnit--control-anchor\"]"}
RESULT: {"using":"xpath","value":"//*[@id=\"application-manageresources-display-component---newResourceUnit--newRRUPage-anchBar-application-manageresources-display-component---newResourceUnit--control-anchor\"]"}
COMMAND: POST /session/cceede9c5f6b3bef019bae67b0c37570/elements - {"using":"xpath","value":"//*[@id=\"application-manageresources-display-component---newResourceUnit--newRRUPage-anchBar-application-manageresources-display-component---newResourceUnit--control-anchor\"]"}
RESULT: {"using":"xpath","value":"//*[@id=\"application-manageresources-display-component---newResourceUnit--newRRUPage-anchBar-application-manageresources-display-component---newResourceUnit--control-anchor\"]"}
COMMAND: POST /session/cceede9c5f6b3bef019bae67b0c37570/elements - {"using":"xpath","value":"//*[@id=\"application-manageresources-display-component---newResourceUnit--newRRUPage-anchBar-application-manageresources-display-component---newResourceUnit--control-anchor\"]"}
RESULT: {"using":"xpath","value":"//*[@id=\"application-manageresources-display-component---newResourceUnit--newRRUPage-anchBar-application-manageresources-display-component---newResourceUnit--control-anchor\"]"}
COMMAND: POST /session/cceede9c5f6b3bef019bae67b0c37570/elements - {"using":"xpath","value":"//*[@id=\"application-manageresources-display-component---newResourceUnit--newRRUPage-anchBar-application-manageresources-display-component---newResourceUnit--control-anchor\"]"}
RESULT: {"using":"xpath","value":"//*[@id=\"application-manageresources-display-component---newResourceUnit--newRRUPage-anchBar-application-manageresources-display-component---newResourceUnit--control-anchor\"]"}
COMMAND: POST /session/cceede9c5f6b3bef019bae67b0c37570/elements - {"using":"xpath","value":"//*[@id=\"application-manageresources-display-component---newResourceUnit--newRRUPage-anchBar-application-manageresources-display-component---newResourceUnit--control-anchor\"]"}
RESULT: {"using":"xpath","value":"//*[@id=\"application-manageresources-display-component---newResourceUnit--newRRUPage-anchBar-application-manageresources-display-component---newResourceUnit--control-anchor\"]"}
COMMAND: POST /session/cceede9c5f6b3bef019bae67b0c37570/elements - {"using":"xpath","value":"//*[@id=\"application-manageresources-display-component---newResourceUnit--newRRUPage-anchBar-application-manageresources-display-component---newResourceUnit--control-anchor\"]"}
RESULT: {"using":"xpath","value":"//*[@id=\"application-manageresources-display-component---newResourceUnit--newRRUPage-anchBar-application-manageresources-display-component---newResourceUnit--control-anchor\"]"}
COMMAND: POST /session/cceede9c5f6b3bef019bae67b0c37570/elements - {"using":"xpath","value":"//*[@id=\"application-manageresources-display-component---newResourceUnit--newRRUPage-anchBar-application-manageresources-display-component---newResourceUnit--control-anchor\"]"}
RESULT: {"using":"xpath","value":"//*[@id=\"application-manageresources-display-component---newResourceUnit--newRRUPage-anchBar-application-manageresources-display-component---newResourceUnit--control-anchor\"]"}
COMMAND: POST /session/cceede9c5f6b3bef019bae67b0c37570/elements - {"using":"xpath","value":"//*[@id=\"application-manageresources-display-component---newResourceUnit--newRRUPage-anchBar-application-manageresources-display-component---newResourceUnit--control-anchor\"]"}
RESULT: {"using":"xpath","value":"//*[@id=\"application-manageresources-display-component---newResourceUnit--newRRUPage-anchBar-application-manageresources-display-component---newResourceUnit--control-anchor\"]"}
COMMAND: POST /session/cceede9c5f6b3bef019bae67b0c37570/elements - {"using":"xpath","value":"//*[@id=\"application-manageresources-display-component---newResourceUnit--newRRUPage-anchBar-application-manageresources-display-component---newResourceUnit--control-anchor\"]"}
RESULT: {"using":"xpath","value":"//*[@id=\"application-manageresources-display-component---newResourceUnit--newRRUPage-anchBar-application-manageresources-display-component---newResourceUnit--control-anchor\"]"}
COMMAND: POST /session/cceede9c5f6b3bef019bae67b0c37570/elements - {"using":"xpath","value":"//*[@id=\"application-manageresources-display-component---newResourceUnit--newRRUPage-anchBar-application-manageresources-display-component---newResourceUnit--control-anchor\"]"}
RESULT: {"using":"xpath","value":"//*[@id=\"application-manageresources-display-component---newResourceUnit--newRRUPage-anchBar-application-manageresources-display-component---newResourceUnit--control-anchor\"]"}
COMMAND: POST /session/cceede9c5f6b3bef019bae67b0c37570/elements - {"using":"xpath","value":"//*[@id=\"application-manageresources-display-component---newResourceUnit--newRRUPage-anchBar-application-manageresources-display-component---newResourceUnit--control-anchor\"]"}
RESULT: {"using":"xpath","value":"//*[@id=\"application-manageresources-display-component---newResourceUnit--newRRUPage-anchBar-application-manageresources-display-component---newResourceUnit--control-anchor\"]"}
COMMAND: POST /session/cceede9c5f6b3bef019bae67b0c37570/elements - {"using":"xpath","value":"//*[@id=\"application-manageresources-display-component---newResourceUnit--newRRUPage-anchBar-application-manageresources-display-component---newResourceUnit--control-anchor\"]"}
RESULT: {"using":"xpath","value":"//*[@id=\"application-manageresources-display-component---newResourceUnit--newRRUPage-anchBar-application-manageresources-display-component---newResourceUnit--control-anchor\"]"}
COMMAND: POST /session/cceede9c5f6b3bef019bae67b0c37570/elements - {"using":"xpath","value":"//*[@id=\"application-manageresources-display-component---newResourceUnit--newRRUPage-anchBar-application-manageresources-display-component---newResourceUnit--control-anchor\"]"}
RESULT: {"using":"xpath","value":"//*[@id=\"application-manageresources-display-component---newResourceUnit--newRRUPage-anchBar-application-manageresources-display-component---newResourceUnit--control-anchor\"]"}
COMMAND: POST /session/cceede9c5f6b3bef019bae67b0c37570/elements - {"using":"xpath","value":"//*[@id=\"application-manageresources-display-component---newResourceUnit--newRRUPage-anchBar-application-manageresources-display-component---newResourceUnit--control-anchor\"]"}
RESULT: {"using":"xpath","value":"//*[@id=\"application-manageresources-display-component---newResourceUnit--newRRUPage-anchBar-application-manageresources-display-component---newResourceUnit--control-anchor\"]"}
COMMAND: POST /session/cceede9c5f6b3bef019bae67b0c37570/elements - {"using":"xpath","value":"//*[@id=\"application-manageresources-display-component---newResourceUnit--newRRUPage-anchBar-application-manageresources-display-component---newResourceUnit--control-anchor\"]"}
RESULT: {"using":"xpath","value":"//*[@id=\"application-manageresources-display-component---newResourceUnit--newRRUPage-anchBar-application-manageresources-display-component---newResourceUnit--control-anchor\"]"}
COMMAND: POST /session/cceede9c5f6b3bef019bae67b0c37570/elements - {"using":"xpath","value":"//*[@id=\"application-manageresources-display-component---newResourceUnit--newRRUPage-anchBar-application-manageresources-display-component---newResourceUnit--control-anchor\"]"}
RESULT: {"using":"xpath","value":"//*[@id=\"application-manageresources-display-component---newResourceUnit--newRRUPage-anchBar-application-manageresources-display-component---newResourceUnit--control-anchor\"]"}
COMMAND: POST /session/cceede9c5f6b3bef019bae67b0c37570/elements - {"using":"xpath","value":"//*[@id=\"application-manageresources-display-component---newResourceUnit--newRRUPage-anchBar-application-manageresources-display-component---newResourceUnit--control-anchor\"]"}
RESULT: {"using":"xpath","value":"//*[@id=\"application-manageresources-display-component---newResourceUnit--newRRUPage-anchBar-application-manageresources-display-component---newResourceUnit--control-anchor\"]"}
COMMAND: POST /session/cceede9c5f6b3bef019bae67b0c37570/elements - {"using":"xpath","value":"//*[@id=\"application-manageresources-display-component---newResourceUnit--newRRUPage-anchBar-application-manageresources-display-component---newResourceUnit--control-anchor\"]"}
RESULT: {"using":"xpath","value":"//*[@id=\"application-manageresources-display-component---newResourceUnit--newRRUPage-anchBar-application-manageresources-display-component---newResourceUnit--control-anchor\"]"}
COMMAND: POST /session/cceede9c5f6b3bef019bae67b0c37570/elements - {"using":"xpath","value":"//*[@id=\"application-manageresources-display-component---newResourceUnit--newRRUPage-anchBar-application-manageresources-display-component---newResourceUnit--control-anchor\"]"}
RESULT: {"using":"xpath","value":"//*[@id=\"application-manageresources-display-component---newResourceUnit--newRRUPage-anchBar-application-manageresources-display-component---newResourceUnit--control-anchor\"]"}
COMMAND: POST /session/cceede9c5f6b3bef019bae67b0c37570/elements - {"using":"xpath","value":"//*[@id=\"application-manageresources-display-component---newResourceUnit--newRRUPage-anchBar-application-manageresources-display-component---newResourceUnit--control-anchor\"]"}
RESULT: {"using":"xpath","value":"//*[@id=\"application-manageresources-display-component---newResourceUnit--newRRUPage-anchBar-application-manageresources-display-component---newResourceUnit--control-anchor\"]"}
COMMAND: POST /session/cceede9c5f6b3bef019bae67b0c37570/elements - {"using":"xpath","value":"//*[@id=\"application-manageresources-display-component---newResourceUnit--newRRUPage-anchBar-application-manageresources-display-component---newResourceUnit--control-anchor\"]"}
RESULT: {"using":"xpath","value":"//*[@id=\"application-manageresources-display-component---newResourceUnit--newRRUPage-anchBar-application-manageresources-display-component---newResourceUnit--control-anchor\"]"}
COMMAND: POST /session/cceede9c5f6b3bef019bae67b0c37570/elements - {"using":"xpath","value":"//*[@id=\"application-manageresources-display-component---newResourceUnit--newRRUPage-anchBar-application-manageresources-display-component---newResourceUnit--control-anchor\"]"}
RESULT: {"using":"xpath","value":"//*[@id=\"application-manageresources-display-component---newResourceUnit--newRRUPage-anchBar-application-manageresources-display-component---newResourceUnit--control-anchor\"]"}
COMMAND: POST /session/cceede9c5f6b3bef019bae67b0c37570/elements - {"using":"xpath","value":"//*[@id=\"application-manageresources-display-component---newResourceUnit--newRRUPage-anchBar-application-manageresources-display-component---newResourceUnit--control-anchor\"]"}
RESULT: {"using":"xpath","value":"//*[@id=\"application-manageresources-display-component---newResourceUnit--newRRUPage-anchBar-application-manageresources-display-component---newResourceUnit--control-anchor\"]"}
COMMAND: POST /session/cceede9c5f6b3bef019bae67b0c37570/elements - {"using":"xpath","value":"//*[@id=\"application-manageresources-display-component---newResourceUnit--newRRUPage-anchBar-application-manageresources-display-component---newResourceUnit--control-anchor\"]"}
RESULT: {"using":"xpath","value":"//*[@id=\"application-manageresources-display-component---newResourceUnit--newRRUPage-anchBar-application-manageresources-display-component---newResourceUnit--control-anchor\"]"}
COMMAND: POST /session/cceede9c5f6b3bef019bae67b0c37570/elements - {"using":"xpath","value":"//*[@id=\"application-manageresources-display-component---newResourceUnit--newRRUPage-anchBar-application-manageresources-display-component---newResourceUnit--control-anchor\"]"}
RESULT: undefined
COMMAND: POST /session/cceede9c5f6b3bef019bae67b0c37570/execute/async - {"script":"<script> [776 bytes]","args":[{"enterText":"Material","selector":{"id":"application-manageresources-display-component---newResourceUnit--PLANNING_GROUP","interaction":{"idSuffix":"inner"}},"clearTextFirst":true,"interactionType":"ENTER_TEXT"}]}
RESULT: {"using":"xpath","value":"//*[@id=\"application-manageresources-display-component---newResourceUnit--newRRUPage-anchBar-application-manageresources-display-component---newResourceUnit--control-anchor\"]"}
RESULT: {"script":"<script> [776 bytes]","args":[{"enterText":"Material","selector":{"id":"application-manageresources-display-component---newResourceUnit--PLANNING_GROUP","interaction":{"idSuffix":"inner"}},"clearTextFirst":true,"interactionType":"ENTER_TEXT"}]}
COMMAND: POST /session/cceede9c5f6b3bef019bae67b0c37570/execute/async - {"script":"<script> [1562 bytes]","args":[{"selector":{"id":"application-manageresources-display-component---newResourceUnit--PLANNING_INDICATOR","interaction":{"idSuffix":"inner"}},"wdio_ui5_key":"applicationmanageresources-display-component---newResourceUnit--PLANNING_INDICATOR"}]}
RESULT: {"script":"<script> [1562 bytes]","args":[{"selector":{"id":"application-manageresources-display-component---newResourceUnit--PLANNING_INDICATOR","interaction":{"idSuffix":"inner"}},"wdio_ui5_key":"applicationmanageresources-display-component---newResourceUnit--PLANNING_INDICATOR"}]}
RESULT: undefined
COMMAND: POST /session/cceede9c5f6b3bef019bae67b0c37570/element - {"using":"css selector","value":"#application-manageresources-display-component---newResourceUnit--btnAddTimeSegment"}
RESULT: {"using":"css selector","value":"#application-manageresources-display-component---newResourceUnit--btnAddTimeSegment"}
COMMAND: POST /session/cceede9c5f6b3bef019bae67b0c37570/elements - {"using":"css selector","value":"#application-manageresources-display-component---newResourceUnit--btnAddTimeSegment"}
RESULT: {"using":"css selector","value":"#application-manageresources-display-component---newResourceUnit--btnAddTimeSegment"}
COMMAND: POST /session/cceede9c5f6b3bef019bae67b0c37570/elements - {"using":"css selector","value":"#application-manageresources-display-component---newResourceUnit--btnAddTimeSegment"}
RESULT: {"using":"css selector","value":"#application-manageresources-display-component---newResourceUnit--btnAddTimeSegment"}
COMMAND: POST /session/cceede9c5f6b3bef019bae67b0c37570/elements - {"using":"css selector","value":"#application-manageresources-display-component---newResourceUnit--btnAddTimeSegment"}
RESULT: {"using":"css selector","value":"#application-manageresources-display-component---newResourceUnit--btnAddTimeSegment"}
COMMAND: POST /session/cceede9c5f6b3bef019bae67b0c37570/elements - {"using":"css selector","value":"#application-manageresources-display-component---newResourceUnit--btnAddTimeSegment"}
RESULT: {"using":"css selector","value":"#application-manageresources-display-component---newResourceUnit--btnAddTimeSegment"}
COMMAND: POST /session/cceede9c5f6b3bef019bae67b0c37570/elements - {"using":"css selector","value":"#application-manageresources-display-component---newResourceUnit--btnAddTimeSegment"}
RESULT: {"using":"css selector","value":"#application-manageresources-display-component---newResourceUnit--btnAddTimeSegment"}
COMMAND: POST /session/cceede9c5f6b3bef019bae67b0c37570/elements - {"using":"css selector","value":"#application-manageresources-display-component---newResourceUnit--btnAddTimeSegment"}
RESULT: {"using":"css selector","value":"#application-manageresources-display-component---newResourceUnit--btnAddTimeSegment"}
COMMAND: POST /session/cceede9c5f6b3bef019bae67b0c37570/elements - {"using":"css selector","value":"#application-manageresources-display-component---newResourceUnit--btnAddTimeSegment"}
RESULT: {"using":"css selector","value":"#application-manageresources-display-component---newResourceUnit--btnAddTimeSegment"}
COMMAND: POST /session/cceede9c5f6b3bef019bae67b0c37570/elements - {"using":"css selector","value":"#application-manageresources-display-component---newResourceUnit--btnAddTimeSegment"}
RESULT: {"using":"css selector","value":"#application-manageresources-display-component---newResourceUnit--btnAddTimeSegment"}
COMMAND: POST /session/cceede9c5f6b3bef019bae67b0c37570/elements - {"using":"css selector","value":"#application-manageresources-display-component---newResourceUnit--btnAddTimeSegment"}
RESULT: {"using":"css selector","value":"#application-manageresources-display-component---newResourceUnit--btnAddTimeSegment"}
COMMAND: POST /session/cceede9c5f6b3bef019bae67b0c37570/elements - {"using":"css selector","value":"#application-manageresources-display-component---newResourceUnit--btnAddTimeSegment"}
RESULT: {"using":"css selector","value":"#application-manageresources-display-component---newResourceUnit--btnAddTimeSegment"}
COMMAND: POST /session/cceede9c5f6b3bef019bae67b0c37570/elements - {"using":"css selector","value":"#application-manageresources-display-component---newResourceUnit--btnAddTimeSegment"}
RESULT: {"using":"css selector","value":"#application-manageresources-display-component---newResourceUnit--btnAddTimeSegment"}
COMMAND: POST /session/cceede9c5f6b3bef019bae67b0c37570/elements - {"using":"css selector","value":"#application-manageresources-display-component---newResourceUnit--btnAddTimeSegment"}
RESULT: {"using":"css selector","value":"#application-manageresources-display-component---newResourceUnit--btnAddTimeSegment"}
COMMAND: POST /session/cceede9c5f6b3bef019bae67b0c37570/elements - {"using":"css selector","value":"#application-manageresources-display-component---newResourceUnit--btnAddTimeSegment"}
RESULT: {"using":"css selector","value":"#application-manageresources-display-component---newResourceUnit--btnAddTimeSegment"}
COMMAND: POST /session/cceede9c5f6b3bef019bae67b0c37570/elements - {"using":"css selector","value":"#application-manageresources-display-component---newResourceUnit--btnAddTimeSegment"}
RESULT: {"using":"css selector","value":"#application-manageresources-display-component---newResourceUnit--btnAddTimeSegment"}
COMMAND: POST /session/cceede9c5f6b3bef019bae67b0c37570/elements - {"using":"css selector","value":"#application-manageresources-display-component---newResourceUnit--btnAddTimeSegment"}
RESULT: {"using":"css selector","value":"#application-manageresources-display-component---newResourceUnit--btnAddTimeSegment"}
COMMAND: POST /session/cceede9c5f6b3bef019bae67b0c37570/elements - {"using":"css selector","value":"#application-manageresources-display-component---newResourceUnit--btnAddTimeSegment"}
RESULT: {"using":"css selector","value":"#application-manageresources-display-component---newResourceUnit--btnAddTimeSegment"}
COMMAND: POST /session/cceede9c5f6b3bef019bae67b0c37570/elements - {"using":"css selector","value":"#application-manageresources-display-component---newResourceUnit--btnAddTimeSegment"}
RESULT: {"using":"css selector","value":"#application-manageresources-display-component---newResourceUnit--btnAddTimeSegment"}
COMMAND: POST /session/cceede9c5f6b3bef019bae67b0c37570/elements - {"using":"css selector","value":"#application-manageresources-display-component---newResourceUnit--btnAddTimeSegment"}
RESULT: {"using":"css selector","value":"#application-manageresources-display-component---newResourceUnit--btnAddTimeSegment"}
COMMAND: POST /session/cceede9c5f6b3bef019bae67b0c37570/elements - {"using":"css selector","value":"#application-manageresources-display-component---newResourceUnit--btnAddTimeSegment"}
RESULT: {"using":"css selector","value":"#application-manageresources-display-component---newResourceUnit--btnAddTimeSegment"}
COMMAND: POST /session/cceede9c5f6b3bef019bae67b0c37570/elements - {"using":"css selector","value":"#application-manageresources-display-component---newResourceUnit--btnAddTimeSegment"}
RESULT: {"using":"css selector","value":"#application-manageresources-display-component---newResourceUnit--btnAddTimeSegment"}
COMMAND: POST /session/cceede9c5f6b3bef019bae67b0c37570/elements - {"using":"css selector","value":"#application-manageresources-display-component---newResourceUnit--btnAddTimeSegment"}
RESULT: {"using":"css selector","value":"#application-manageresources-display-component---newResourceUnit--btnAddTimeSegment"}
COMMAND: POST /session/cceede9c5f6b3bef019bae67b0c37570/elements - {"using":"css selector","value":"#application-manageresources-display-component---newResourceUnit--btnAddTimeSegment"}
RESULT: {"using":"css selector","value":"#application-manageresources-display-component---newResourceUnit--btnAddTimeSegment"}
COMMAND: POST /session/cceede9c5f6b3bef019bae67b0c37570/elements - {"using":"css selector","value":"#application-manageresources-display-component---newResourceUnit--btnAddTimeSegment"}
RESULT: {"using":"css selector","value":"#application-manageresources-display-component---newResourceUnit--btnAddTimeSegment"}
COMMAND: POST /session/cceede9c5f6b3bef019bae67b0c37570/elements - {"using":"css selector","value":"#application-manageresources-display-component---newResourceUnit--btnAddTimeSegment"}
RESULT: {"using":"css selector","value":"#application-manageresources-display-component---newResourceUnit--btnAddTimeSegment"}
COMMAND: POST /session/cceede9c5f6b3bef019bae67b0c37570/elements - {"using":"css selector","value":"#application-manageresources-display-component---newResourceUnit--btnAddTimeSegment"}
RESULT: {"using":"css selector","value":"#application-manageresources-display-component---newResourceUnit--btnAddTimeSegment"}
COMMAND: POST /session/cceede9c5f6b3bef019bae67b0c37570/elements - {"using":"css selector","value":"#application-manageresources-display-component---newResourceUnit--btnAddTimeSegment"}
RESULT: {"using":"css selector","value":"#application-manageresources-display-component---newResourceUnit--btnAddTimeSegment"}
COMMAND: POST /session/cceede9c5f6b3bef019bae67b0c37570/elements - {"using":"css selector","value":"#application-manageresources-display-component---newResourceUnit--btnAddTimeSegment"}
RESULT: {"using":"css selector","value":"#application-manageresources-display-component---newResourceUnit--btnAddTimeSegment"}
COMMAND: POST /session/cceede9c5f6b3bef019bae67b0c37570/elements - {"using":"css selector","value":"#application-manageresources-display-component---newResourceUnit--btnAddTimeSegment"}
RESULT: {"using":"css selector","value":"#application-manageresources-display-component---newResourceUnit--btnAddTimeSegment"}
COMMAND: POST /session/cceede9c5f6b3bef019bae67b0c37570/elements - {"using":"css selector","value":"#application-manageresources-display-component---newResourceUnit--btnAddTimeSegment"}
RESULT: {"using":"css selector","value":"#application-manageresources-display-component---newResourceUnit--btnAddTimeSegment"}
COMMAND: POST /session/cceede9c5f6b3bef019bae67b0c37570/elements - {"using":"css selector","value":"#application-manageresources-display-component---newResourceUnit--btnAddTimeSegment"}
RESULT: {"using":"css selector","value":"#application-manageresources-display-component---newResourceUnit--btnAddTimeSegment"}
COMMAND: POST /session/cceede9c5f6b3bef019bae67b0c37570/elements - {"using":"css selector","value":"#application-manageresources-display-component---newResourceUnit--btnAddTimeSegment"}
RESULT: {"using":"css selector","value":"#application-manageresources-display-component---newResourceUnit--btnAddTimeSegment"}
COMMAND: POST /session/cceede9c5f6b3bef019bae67b0c37570/elements - {"using":"css selector","value":"#application-manageresources-display-component---newResourceUnit--btnAddTimeSegment"}
RESULT: {"using":"css selector","value":"#application-manageresources-display-component---newResourceUnit--btnAddTimeSegment"}
COMMAND: POST /session/cceede9c5f6b3bef019bae67b0c37570/elements - {"using":"css selector","value":"#application-manageresources-display-component---newResourceUnit--btnAddTimeSegment"}
RESULT: {"using":"css selector","value":"#application-manageresources-display-component---newResourceUnit--btnAddTimeSegment"}
COMMAND: POST /session/cceede9c5f6b3bef019bae67b0c37570/elements - {"using":"css selector","value":"#application-manageresources-display-component---newResourceUnit--btnAddTimeSegment"}
RESULT: {"using":"css selector","value":"#application-manageresources-display-component---newResourceUnit--btnAddTimeSegment"}
COMMAND: POST /session/cceede9c5f6b3bef019bae67b0c37570/elements - {"using":"css selector","value":"#application-manageresources-display-component---newResourceUnit--btnAddTimeSegment"}
RESULT: {"using":"css selector","value":"#application-manageresources-display-component---newResourceUnit--btnAddTimeSegment"}
COMMAND: POST /session/cceede9c5f6b3bef019bae67b0c37570/elements - {"using":"css selector","value":"#application-manageresources-display-component---newResourceUnit--btnAddTimeSegment"}
RESULT: {"using":"css selector","value":"#application-manageresources-display-component---newResourceUnit--btnAddTimeSegment"}
COMMAND: POST /session/cceede9c5f6b3bef019bae67b0c37570/elements - {"using":"css selector","value":"#application-manageresources-display-component---newResourceUnit--btnAddTimeSegment"}
RESULT: {"using":"css selector","value":"#application-manageresources-display-component---newResourceUnit--btnAddTimeSegment"}
COMMAND: POST /session/cceede9c5f6b3bef019bae67b0c37570/elements - {"using":"css selector","value":"#application-manageresources-display-component---newResourceUnit--btnAddTimeSegment"}
RESULT: {"using":"css selector","value":"#application-manageresources-display-component---newResourceUnit--btnAddTimeSegment"}
COMMAND: POST /session/cceede9c5f6b3bef019bae67b0c37570/elements - {"using":"css selector","value":"#application-manageresources-display-component---newResourceUnit--btnAddTimeSegment"}
RESULT: {"using":"css selector","value":"#application-manageresources-display-component---newResourceUnit--btnAddTimeSegment"}
COMMAND: POST /session/cceede9c5f6b3bef019bae67b0c37570/elements - {"using":"css selector","value":"#application-manageresources-display-component---newResourceUnit--btnAddTimeSegment"}
RESULT: {"using":"css selector","value":"#application-manageresources-display-component---newResourceUnit--btnAddTimeSegment"}
COMMAND: POST /session/cceede9c5f6b3bef019bae67b0c37570/elements - {"using":"css selector","value":"#application-manageresources-display-component---newResourceUnit--btnAddTimeSegment"}
RESULT: {"using":"css selector","value":"#application-manageresources-display-component---newResourceUnit--btnAddTimeSegment"}
COMMAND: POST /session/cceede9c5f6b3bef019bae67b0c37570/elements - {"using":"css selector","value":"#application-manageresources-display-component---newResourceUnit--btnAddTimeSegment"}
RESULT: {"using":"css selector","value":"#application-manageresources-display-component---newResourceUnit--btnAddTimeSegment"}
COMMAND: POST /session/cceede9c5f6b3bef019bae67b0c37570/elements - {"using":"css selector","value":"#application-manageresources-display-component---newResourceUnit--btnAddTimeSegment"}
RESULT: {"using":"css selector","value":"#application-manageresources-display-component---newResourceUnit--btnAddTimeSegment"}
COMMAND: POST /session/cceede9c5f6b3bef019bae67b0c37570/elements - {"using":"css selector","value":"#application-manageresources-display-component---newResourceUnit--btnAddTimeSegment"}
RESULT: {"using":"css selector","value":"#application-manageresources-display-component---newResourceUnit--btnAddTimeSegment"}
COMMAND: POST /session/cceede9c5f6b3bef019bae67b0c37570/elements - {"using":"css selector","value":"#application-manageresources-display-component---newResourceUnit--btnAddTimeSegment"}
RESULT: {"using":"css selector","value":"#application-manageresources-display-component---newResourceUnit--btnAddTimeSegment"}
COMMAND: POST /session/cceede9c5f6b3bef019bae67b0c37570/elements - {"using":"css selector","value":"#application-manageresources-display-component---newResourceUnit--btnAddTimeSegment"}
RESULT: {"using":"css selector","value":"#application-manageresources-display-component---newResourceUnit--btnAddTimeSegment"}
COMMAND: POST /session/cceede9c5f6b3bef019bae67b0c37570/elements - {"using":"css selector","value":"#application-manageresources-display-component---newResourceUnit--btnAddTimeSegment"}
RESULT: {"using":"css selector","value":"#application-manageresources-display-component---newResourceUnit--btnAddTimeSegment"}
COMMAND: POST /session/cceede9c5f6b3bef019bae67b0c37570/elements - {"using":"css selector","value":"#application-manageresources-display-component---newResourceUnit--btnAddTimeSegment"}
RESULT: {"using":"css selector","value":"#application-manageresources-display-component---newResourceUnit--btnAddTimeSegment"}
COMMAND: POST /session/cceede9c5f6b3bef019bae67b0c37570/elements - {"using":"css selector","value":"#application-manageresources-display-component---newResourceUnit--btnAddTimeSegment"}
RESULT: {"using":"css selector","value":"#application-manageresources-display-component---newResourceUnit--btnAddTimeSegment"}
COMMAND: POST /session/cceede9c5f6b3bef019bae67b0c37570/elements - {"using":"css selector","value":"#application-manageresources-display-component---newResourceUnit--btnAddTimeSegment"}
RESULT: {"using":"css selector","value":"#application-manageresources-display-component---newResourceUnit--btnAddTimeSegment"}
COMMAND: POST /session/cceede9c5f6b3bef019bae67b0c37570/elements - {"using":"css selector","value":"#application-manageresources-display-component---newResourceUnit--btnAddTimeSegment"}
RESULT: {"using":"css selector","value":"#application-manageresources-display-component---newResourceUnit--btnAddTimeSegment"}
COMMAND: POST /session/cceede9c5f6b3bef019bae67b0c37570/elements - {"using":"css selector","value":"#application-manageresources-display-component---newResourceUnit--btnAddTimeSegment"}
RESULT: {"using":"css selector","value":"#application-manageresources-display-component---newResourceUnit--btnAddTimeSegment"}
COMMAND: POST /session/cceede9c5f6b3bef019bae67b0c37570/elements - {"using":"css selector","value":"#application-manageresources-display-component---newResourceUnit--btnAddTimeSegment"}
RESULT: {"using":"css selector","value":"#application-manageresources-display-component---newResourceUnit--btnAddTimeSegment"}
COMMAND: POST /session/cceede9c5f6b3bef019bae67b0c37570/elements - {"using":"css selector","value":"#application-manageresources-display-component---newResourceUnit--btnAddTimeSegment"}
RESULT: {"using":"css selector","value":"#application-manageresources-display-component---newResourceUnit--btnAddTimeSegment"}
COMMAND: POST /session/cceede9c5f6b3bef019bae67b0c37570/elements - {"using":"css selector","value":"#application-manageresources-display-component---newResourceUnit--btnAddTimeSegment"}
RESULT: {"using":"css selector","value":"#application-manageresources-display-component---newResourceUnit--btnAddTimeSegment"}
COMMAND: POST /session/cceede9c5f6b3bef019bae67b0c37570/elements - {"using":"css selector","value":"#application-manageresources-display-component---newResourceUnit--btnAddTimeSegment"}
RESULT: {"using":"css selector","value":"#application-manageresources-display-component---newResourceUnit--btnAddTimeSegment"}
COMMAND: POST /session/cceede9c5f6b3bef019bae67b0c37570/elements - {"using":"css selector","value":"#application-manageresources-display-component---newResourceUnit--btnAddTimeSegment"}
RESULT: {"using":"css selector","value":"#application-manageresources-display-component---newResourceUnit--btnAddTimeSegment"}
COMMAND: POST /session/cceede9c5f6b3bef019bae67b0c37570/elements - {"using":"css selector","value":"#application-manageresources-display-component---newResourceUnit--btnAddTimeSegment"}
RESULT: {"using":"css selector","value":"#application-manageresources-display-component---newResourceUnit--btnAddTimeSegment"}
COMMAND: POST /session/cceede9c5f6b3bef019bae67b0c37570/elements - {"using":"css selector","value":"#application-manageresources-display-component---newResourceUnit--btnAddTimeSegment"}
RESULT: {"using":"css selector","value":"#application-manageresources-display-component---newResourceUnit--btnAddTimeSegment"}
COMMAND: POST /session/cceede9c5f6b3bef019bae67b0c37570/elements - {"using":"css selector","value":"#application-manageresources-display-component---newResourceUnit--btnAddTimeSegment"}
RESULT: {"using":"css selector","value":"#application-manageresources-display-component---newResourceUnit--btnAddTimeSegment"}
COMMAND: POST /session/cceede9c5f6b3bef019bae67b0c37570/elements - {"using":"css selector","value":"#application-manageresources-display-component---newResourceUnit--btnAddTimeSegment"}
RESULT: {"using":"css selector","value":"#application-manageresources-display-component---newResourceUnit--btnAddTimeSegment"}
COMMAND: POST /session/cceede9c5f6b3bef019bae67b0c37570/elements - {"using":"css selector","value":"#application-manageresources-display-component---newResourceUnit--btnAddTimeSegment"}
RESULT: {"using":"css selector","value":"#application-manageresources-display-component---newResourceUnit--btnAddTimeSegment"}
COMMAND: POST /session/cceede9c5f6b3bef019bae67b0c37570/elements - {"using":"css selector","value":"#application-manageresources-display-component---newResourceUnit--btnAddTimeSegment"}
RESULT: {"using":"css selector","value":"#application-manageresources-display-component---newResourceUnit--btnAddTimeSegment"}
COMMAND: POST /session/cceede9c5f6b3bef019bae67b0c37570/elements - {"using":"css selector","value":"#application-manageresources-display-component---newResourceUnit--btnAddTimeSegment"}
RESULT: {"using":"css selector","value":"#application-manageresources-display-component---newResourceUnit--btnAddTimeSegment"}
COMMAND: POST /session/cceede9c5f6b3bef019bae67b0c37570/elements - {"using":"css selector","value":"#application-manageresources-display-component---newResourceUnit--btnAddTimeSegment"}
RESULT: {"using":"css selector","value":"#application-manageresources-display-component---newResourceUnit--btnAddTimeSegment"}
COMMAND: POST /session/cceede9c5f6b3bef019bae67b0c37570/elements - {"using":"css selector","value":"#application-manageresources-display-component---newResourceUnit--btnAddTimeSegment"}
RESULT: {"using":"css selector","value":"#application-manageresources-display-component---newResourceUnit--btnAddTimeSegment"}
COMMAND: POST /session/cceede9c5f6b3bef019bae67b0c37570/elements - {"using":"css selector","value":"#application-manageresources-display-component---newResourceUnit--btnAddTimeSegment"}
RESULT: {"using":"css selector","value":"#application-manageresources-display-component---newResourceUnit--btnAddTimeSegment"}
COMMAND: POST /session/cceede9c5f6b3bef019bae67b0c37570/elements - {"using":"css selector","value":"#application-manageresources-display-component---newResourceUnit--btnAddTimeSegment"}
RESULT: {"using":"css selector","value":"#application-manageresources-display-component---newResourceUnit--btnAddTimeSegment"}
COMMAND: POST /session/cceede9c5f6b3bef019bae67b0c37570/elements - {"using":"css selector","value":"#application-manageresources-display-component---newResourceUnit--btnAddTimeSegment"}
RESULT: {"using":"css selector","value":"#application-manageresources-display-component---newResourceUnit--btnAddTimeSegment"}
COMMAND: POST /session/cceede9c5f6b3bef019bae67b0c37570/elements - {"using":"css selector","value":"#application-manageresources-display-component---newResourceUnit--btnAddTimeSegment"}
RESULT: {"using":"css selector","value":"#application-manageresources-display-component---newResourceUnit--btnAddTimeSegment"}
COMMAND: POST /session/cceede9c5f6b3bef019bae67b0c37570/elements - {"using":"css selector","value":"#application-manageresources-display-component---newResourceUnit--btnAddTimeSegment"}
RESULT: {"using":"css selector","value":"#application-manageresources-display-component---newResourceUnit--btnAddTimeSegment"}
COMMAND: POST /session/cceede9c5f6b3bef019bae67b0c37570/elements - {"using":"css selector","value":"#application-manageresources-display-component---newResourceUnit--btnAddTimeSegment"}
RESULT: {"using":"css selector","value":"#application-manageresources-display-component---newResourceUnit--btnAddTimeSegment"}
COMMAND: POST /session/cceede9c5f6b3bef019bae67b0c37570/elements - {"using":"css selector","value":"#application-manageresources-display-component---newResourceUnit--btnAddTimeSegment"}
RESULT: {"using":"css selector","value":"#application-manageresources-display-component---newResourceUnit--btnAddTimeSegment"}
COMMAND: POST /session/cceede9c5f6b3bef019bae67b0c37570/elements - {"using":"css selector","value":"#application-manageresources-display-component---newResourceUnit--btnAddTimeSegment"}
RESULT: {"using":"css selector","value":"#application-manageresources-display-component---newResourceUnit--btnAddTimeSegment"}
COMMAND: POST /session/cceede9c5f6b3bef019bae67b0c37570/elements - {"using":"css selector","value":"#application-manageresources-display-component---newResourceUnit--btnAddTimeSegment"}
RESULT: {"using":"css selector","value":"#application-manageresources-display-component---newResourceUnit--btnAddTimeSegment"}
COMMAND: POST /session/cceede9c5f6b3bef019bae67b0c37570/elements - {"using":"css selector","value":"#application-manageresources-display-component---newResourceUnit--btnAddTimeSegment"}
RESULT: {"using":"css selector","value":"#application-manageresources-display-component---newResourceUnit--btnAddTimeSegment"}
COMMAND: POST /session/cceede9c5f6b3bef019bae67b0c37570/elements - {"using":"css selector","value":"#application-manageresources-display-component---newResourceUnit--btnAddTimeSegment"}
RESULT: {"using":"css selector","value":"#application-manageresources-display-component---newResourceUnit--btnAddTimeSegment"}
COMMAND: POST /session/cceede9c5f6b3bef019bae67b0c37570/elements - {"using":"css selector","value":"#application-manageresources-display-component---newResourceUnit--btnAddTimeSegment"}
RESULT: {"using":"css selector","value":"#application-manageresources-display-component---newResourceUnit--btnAddTimeSegment"}
COMMAND: POST /session/cceede9c5f6b3bef019bae67b0c37570/elements - {"using":"css selector","value":"#application-manageresources-display-component---newResourceUnit--btnAddTimeSegment"}
RESULT: {"using":"css selector","value":"#application-manageresources-display-component---newResourceUnit--btnAddTimeSegment"}
COMMAND: POST /session/cceede9c5f6b3bef019bae67b0c37570/elements - {"using":"css selector","value":"#application-manageresources-display-component---newResourceUnit--btnAddTimeSegment"}
RESULT: {"using":"css selector","value":"#application-manageresources-display-component---newResourceUnit--btnAddTimeSegment"}
COMMAND: POST /session/cceede9c5f6b3bef019bae67b0c37570/elements - {"using":"css selector","value":"#application-manageresources-display-component---newResourceUnit--btnAddTimeSegment"}
RESULT: {"using":"css selector","value":"#application-manageresources-display-component---newResourceUnit--btnAddTimeSegment"}
COMMAND: POST /session/cceede9c5f6b3bef019bae67b0c37570/elements - {"using":"css selector","value":"#application-manageresources-display-component---newResourceUnit--btnAddTimeSegment"}
RESULT: {"using":"css selector","value":"#application-manageresources-display-component---newResourceUnit--btnAddTimeSegment"}
COMMAND: POST /session/cceede9c5f6b3bef019bae67b0c37570/elements - {"using":"css selector","value":"#application-manageresources-display-component---newResourceUnit--btnAddTimeSegment"}
RESULT: {"using":"css selector","value":"#application-manageresources-display-component---newResourceUnit--btnAddTimeSegment"}
COMMAND: POST /session/cceede9c5f6b3bef019bae67b0c37570/elements - {"using":"css selector","value":"#application-manageresources-display-component---newResourceUnit--btnAddTimeSegment"}
RESULT: {"using":"css selector","value":"#application-manageresources-display-component---newResourceUnit--btnAddTimeSegment"}
COMMAND: POST /session/cceede9c5f6b3bef019bae67b0c37570/elements - {"using":"css selector","value":"#application-manageresources-display-component---newResourceUnit--btnAddTimeSegment"}
RESULT: {"using":"css selector","value":"#application-manageresources-display-component---newResourceUnit--btnAddTimeSegment"}
COMMAND: POST /session/cceede9c5f6b3bef019bae67b0c37570/elements - {"using":"css selector","value":"#application-manageresources-display-component---newResourceUnit--btnAddTimeSegment"}
RESULT: {"using":"css selector","value":"#application-manageresources-display-component---newResourceUnit--btnAddTimeSegment"}
COMMAND: POST /session/cceede9c5f6b3bef019bae67b0c37570/elements - {"using":"css selector","value":"#application-manageresources-display-component---newResourceUnit--btnAddTimeSegment"}
RESULT: {"using":"css selector","value":"#application-manageresources-display-component---newResourceUnit--btnAddTimeSegment"}
COMMAND: POST /session/cceede9c5f6b3bef019bae67b0c37570/elements - {"using":"css selector","value":"#application-manageresources-display-component---newResourceUnit--btnAddTimeSegment"}
RESULT: {"using":"css selector","value":"#application-manageresources-display-component---newResourceUnit--btnAddTimeSegment"}
COMMAND: POST /session/cceede9c5f6b3bef019bae67b0c37570/elements - {"using":"css selector","value":"#application-manageresources-display-component---newResourceUnit--btnAddTimeSegment"}
RESULT: {"using":"css selector","value":"#application-manageresources-display-component---newResourceUnit--btnAddTimeSegment"}
COMMAND: POST /session/cceede9c5f6b3bef019bae67b0c37570/elements - {"using":"css selector","value":"#application-manageresources-display-component---newResourceUnit--btnAddTimeSegment"}
RESULT: {"using":"css selector","value":"#application-manageresources-display-component---newResourceUnit--btnAddTimeSegment"}
COMMAND: POST /session/cceede9c5f6b3bef019bae67b0c37570/elements - {"using":"css selector","value":"#application-manageresources-display-component---newResourceUnit--btnAddTimeSegment"}
RESULT: {"using":"css selector","value":"#application-manageresources-display-component---newResourceUnit--btnAddTimeSegment"}
COMMAND: POST /session/cceede9c5f6b3bef019bae67b0c37570/elements - {"using":"css selector","value":"#application-manageresources-display-component---newResourceUnit--btnAddTimeSegment"}
RESULT: {"using":"css selector","value":"#application-manageresources-display-component---newResourceUnit--btnAddTimeSegment"}
COMMAND: POST /session/cceede9c5f6b3bef019bae67b0c37570/elements - {"using":"css selector","value":"#application-manageresources-display-component---newResourceUnit--btnAddTimeSegment"}
RESULT: {"using":"css selector","value":"#application-manageresources-display-component---newResourceUnit--btnAddTimeSegment"}
COMMAND: POST /session/cceede9c5f6b3bef019bae67b0c37570/elements - {"using":"css selector","value":"#application-manageresources-display-component---newResourceUnit--btnAddTimeSegment"}
RESULT: {"using":"css selector","value":"#application-manageresources-display-component---newResourceUnit--btnAddTimeSegment"}
COMMAND: POST /session/cceede9c5f6b3bef019bae67b0c37570/elements - {"using":"css selector","value":"#application-manageresources-display-component---newResourceUnit--btnAddTimeSegment"}
RESULT: {"using":"css selector","value":"#application-manageresources-display-component---newResourceUnit--btnAddTimeSegment"}
COMMAND: POST /session/cceede9c5f6b3bef019bae67b0c37570/elements - {"using":"css selector","value":"#application-manageresources-display-component---newResourceUnit--btnAddTimeSegment"}
RESULT: {"using":"css selector","value":"#application-manageresources-display-component---newResourceUnit--btnAddTimeSegment"}
COMMAND: POST /session/cceede9c5f6b3bef019bae67b0c37570/elements - {"using":"css selector","value":"#application-manageresources-display-component---newResourceUnit--btnAddTimeSegment"}
RESULT: {"using":"css selector","value":"#application-manageresources-display-component---newResourceUnit--btnAddTimeSegment"}
COMMAND: POST /session/cceede9c5f6b3bef019bae67b0c37570/elements - {"using":"css selector","value":"#application-manageresources-display-component---newResourceUnit--btnAddTimeSegment"}
RESULT: {"using":"css selector","value":"#application-manageresources-display-component---newResourceUnit--btnAddTimeSegment"}
COMMAND: POST /session/cceede9c5f6b3bef019bae67b0c37570/elements - {"using":"css selector","value":"#application-manageresources-display-component---newResourceUnit--btnAddTimeSegment"}
RESULT: {"using":"css selector","value":"#application-manageresources-display-component---newResourceUnit--btnAddTimeSegment"}
COMMAND: POST /session/cceede9c5f6b3bef019bae67b0c37570/elements - {"using":"css selector","value":"#application-manageresources-display-component---newResourceUnit--btnAddTimeSegment"}
RESULT: {"using":"css selector","value":"#application-manageresources-display-component---newResourceUnit--btnAddTimeSegment"}
COMMAND: POST /session/cceede9c5f6b3bef019bae67b0c37570/elements - {"using":"css selector","value":"#application-manageresources-display-component---newResourceUnit--btnAddTimeSegment"}
RESULT: {"using":"css selector","value":"#application-manageresources-display-component---newResourceUnit--btnAddTimeSegment"}
COMMAND: POST /session/cceede9c5f6b3bef019bae67b0c37570/elements - {"using":"css selector","value":"#application-manageresources-display-component---newResourceUnit--btnAddTimeSegment"}
RESULT: {"using":"css selector","value":"#application-manageresources-display-component---newResourceUnit--btnAddTimeSegment"}
COMMAND: POST /session/cceede9c5f6b3bef019bae67b0c37570/elements - {"using":"css selector","value":"#application-manageresources-display-component---newResourceUnit--btnAddTimeSegment"}
RESULT: {"using":"css selector","value":"#application-manageresources-display-component---newResourceUnit--btnAddTimeSegment"}
COMMAND: POST /session/cceede9c5f6b3bef019bae67b0c37570/elements - {"using":"css selector","value":"#application-manageresources-display-component---newResourceUnit--btnAddTimeSegment"}
RESULT: {"using":"css selector","value":"#application-manageresources-display-component---newResourceUnit--btnAddTimeSegment"}
COMMAND: POST /session/cceede9c5f6b3bef019bae67b0c37570/elements - {"using":"css selector","value":"#application-manageresources-display-component---newResourceUnit--btnAddTimeSegment"}
RESULT: {"using":"css selector","value":"#application-manageresources-display-component---newResourceUnit--btnAddTimeSegment"}
COMMAND: POST /session/cceede9c5f6b3bef019bae67b0c37570/elements - {"using":"css selector","value":"#application-manageresources-display-component---newResourceUnit--btnAddTimeSegment"}
RESULT: {"using":"css selector","value":"#application-manageresources-display-component---newResourceUnit--btnAddTimeSegment"}
COMMAND: POST /session/cceede9c5f6b3bef019bae67b0c37570/elements - {"using":"css selector","value":"#application-manageresources-display-component---newResourceUnit--btnAddTimeSegment"}
RESULT: {"using":"css selector","value":"#application-manageresources-display-component---newResourceUnit--btnAddTimeSegment"}
COMMAND: POST /session/cceede9c5f6b3bef019bae67b0c37570/elements - {"using":"css selector","value":"#application-manageresources-display-component---newResourceUnit--btnAddTimeSegment"}
RESULT: {"using":"css selector","value":"#application-manageresources-display-component---newResourceUnit--btnAddTimeSegment"}
COMMAND: POST /session/cceede9c5f6b3bef019bae67b0c37570/elements - {"using":"css selector","value":"#application-manageresources-display-component---newResourceUnit--btnAddTimeSegment"}
RESULT: {"using":"css selector","value":"#application-manageresources-display-component---newResourceUnit--btnAddTimeSegment"}
COMMAND: POST /session/cceede9c5f6b3bef019bae67b0c37570/elements - {"using":"css selector","value":"#application-manageresources-display-component---newResourceUnit--btnAddTimeSegment"}
RESULT: {"using":"css selector","value":"#application-manageresources-display-component---newResourceUnit--btnAddTimeSegment"}
COMMAND: POST /session/cceede9c5f6b3bef019bae67b0c37570/elements - {"using":"css selector","value":"#application-manageresources-display-component---newResourceUnit--btnAddTimeSegment"}
RESULT: {"using":"css selector","value":"#application-manageresources-display-component---newResourceUnit--btnAddTimeSegment"}
COMMAND: POST /session/cceede9c5f6b3bef019bae67b0c37570/elements - {"using":"css selector","value":"#application-manageresources-display-component---newResourceUnit--btnAddTimeSegment"}
RESULT: {"using":"css selector","value":"#application-manageresources-display-component---newResourceUnit--btnAddTimeSegment"}
COMMAND: POST /session/cceede9c5f6b3bef019bae67b0c37570/elements - {"using":"css selector","value":"#application-manageresources-display-component---newResourceUnit--btnAddTimeSegment"}
RESULT: {"using":"css selector","value":"#application-manageresources-display-component---newResourceUnit--btnAddTimeSegment"}
COMMAND: POST /session/cceede9c5f6b3bef019bae67b0c37570/elements - {"using":"css selector","value":"#application-manageresources-display-component---newResourceUnit--btnAddTimeSegment"}
RESULT: {"using":"css selector","value":"#application-manageresources-display-component---newResourceUnit--btnAddTimeSegment"}
COMMAND: POST /session/cceede9c5f6b3bef019bae67b0c37570/elements - {"using":"css selector","value":"#application-manageresources-display-component---newResourceUnit--btnAddTimeSegment"}
RESULT: {"using":"css selector","value":"#application-manageresources-display-component---newResourceUnit--btnAddTimeSegment"}
COMMAND: POST /session/cceede9c5f6b3bef019bae67b0c37570/elements - {"using":"css selector","value":"#application-manageresources-display-component---newResourceUnit--btnAddTimeSegment"}
RESULT: {"using":"css selector","value":"#application-manageresources-display-component---newResourceUnit--btnAddTimeSegment"}
COMMAND: POST /session/cceede9c5f6b3bef019bae67b0c37570/elements - {"using":"css selector","value":"#application-manageresources-display-component---newResourceUnit--btnAddTimeSegment"}
RESULT: {"using":"css selector","value":"#application-manageresources-display-component---newResourceUnit--btnAddTimeSegment"}
COMMAND: POST /session/cceede9c5f6b3bef019bae67b0c37570/elements - {"using":"css selector","value":"#application-manageresources-display-component---newResourceUnit--btnAddTimeSegment"}
RESULT: {"using":"css selector","value":"#application-manageresources-display-component---newResourceUnit--btnAddTimeSegment"}
COMMAND: POST /session/cceede9c5f6b3bef019bae67b0c37570/elements - {"using":"css selector","value":"#application-manageresources-display-component---newResourceUnit--btnAddTimeSegment"}
RESULT: {"using":"css selector","value":"#application-manageresources-display-component---newResourceUnit--btnAddTimeSegment"}
COMMAND: POST /session/cceede9c5f6b3bef019bae67b0c37570/elements - {"using":"css selector","value":"#application-manageresources-display-component---newResourceUnit--btnAddTimeSegment"}
RESULT: {"using":"css selector","value":"#application-manageresources-display-component---newResourceUnit--btnAddTimeSegment"}
COMMAND: GET /session/cceede9c5f6b3bef019bae67b0c37570/screenshot - {}
RESULT: {}
]]></system-out>
      <system-err><![CDATA[
Error: Can't call scrollIntoView on element with selector "#application-manageresources-display-component---newResourceUnit--btnAddTimeSegment" because element wasn't found
    at async UtilsPrerequisites.resourceCreation (D:\a\1\s\test\specs\BTS\prerequisites-and-utils-functions.js:964:9)
    at async Context.<anonymous> (D:\a\1\s\test\specs\HTR\ru-inv-list-mass-state-change.spec.js:286:48)
]]></system-err>
    </testcase>
    <testcase classname="chrome.136_0_7103_93.windows.RU_Inventory_Mass_State_Change_Multiple_Items_US151066" name="Prerequisite Step 2 Should do a stock increase handover for the equipment" time="56.011">
      <failure/>
      <error message="element (&quot;//button[@data-kt=&quot;masterHOAddButton&quot;]&quot;) still not existing after 45000ms"/>
      <system-out><![CDATA[
COMMAND: POST /session/cceede9c5f6b3bef019bae67b0c37570/execute/async - {"script":"<script> [1562 bytes]","args":[{"selector":{"controlType":"sap.m.GenericTile","properties":{"header":"Manage Handovers"}},"wdio_ui5_key":"sapm.GenericTile{\"header\":\"Manage Handovers\"}"}]}
COMMAND: GET /session/cceede9c5f6b3bef019bae67b0c37570/screenshot - {}
RESULT: {"script":"<script> [1562 bytes]","args":[{"selector":{"controlType":"sap.m.GenericTile","properties":{"header":"Manage Handovers"}},"wdio_ui5_key":"sapm.GenericTile{\"header\":\"Manage Handovers\"}"}]}
RESULT: undefined
RESULT: {}
COMMAND: POST /session/cceede9c5f6b3bef019bae67b0c37570/elements - {"using":"xpath","value":"//span[text()='Error']"}
RESULT: {"using":"xpath","value":"//span[text()='Error']"}
COMMAND: POST /session/cceede9c5f6b3bef019bae67b0c37570/element - {"using":"xpath","value":"//button[@data-kt=\"masterHOAddButton\"]"}
RESULT: {"using":"xpath","value":"//button[@data-kt=\"masterHOAddButton\"]"}
COMMAND: POST /session/cceede9c5f6b3bef019bae67b0c37570/elements - {"using":"xpath","value":"//button[@data-kt=\"masterHOAddButton\"]"}
RESULT: {"using":"xpath","value":"//button[@data-kt=\"masterHOAddButton\"]"}
COMMAND: POST /session/cceede9c5f6b3bef019bae67b0c37570/elements - {"using":"xpath","value":"//button[@data-kt=\"masterHOAddButton\"]"}
RESULT: {"using":"xpath","value":"//button[@data-kt=\"masterHOAddButton\"]"}
COMMAND: POST /session/cceede9c5f6b3bef019bae67b0c37570/elements - {"using":"xpath","value":"//button[@data-kt=\"masterHOAddButton\"]"}
RESULT: {"using":"xpath","value":"//button[@data-kt=\"masterHOAddButton\"]"}
COMMAND: POST /session/cceede9c5f6b3bef019bae67b0c37570/elements - {"using":"xpath","value":"//button[@data-kt=\"masterHOAddButton\"]"}
RESULT: {"using":"xpath","value":"//button[@data-kt=\"masterHOAddButton\"]"}
COMMAND: POST /session/cceede9c5f6b3bef019bae67b0c37570/elements - {"using":"xpath","value":"//button[@data-kt=\"masterHOAddButton\"]"}
RESULT: {"using":"xpath","value":"//button[@data-kt=\"masterHOAddButton\"]"}
COMMAND: POST /session/cceede9c5f6b3bef019bae67b0c37570/elements - {"using":"xpath","value":"//button[@data-kt=\"masterHOAddButton\"]"}
RESULT: {"using":"xpath","value":"//button[@data-kt=\"masterHOAddButton\"]"}
COMMAND: POST /session/cceede9c5f6b3bef019bae67b0c37570/elements - {"using":"xpath","value":"//button[@data-kt=\"masterHOAddButton\"]"}
RESULT: {"using":"xpath","value":"//button[@data-kt=\"masterHOAddButton\"]"}
COMMAND: POST /session/cceede9c5f6b3bef019bae67b0c37570/elements - {"using":"xpath","value":"//button[@data-kt=\"masterHOAddButton\"]"}
RESULT: {"using":"xpath","value":"//button[@data-kt=\"masterHOAddButton\"]"}
COMMAND: POST /session/cceede9c5f6b3bef019bae67b0c37570/elements - {"using":"xpath","value":"//button[@data-kt=\"masterHOAddButton\"]"}
RESULT: {"using":"xpath","value":"//button[@data-kt=\"masterHOAddButton\"]"}
COMMAND: POST /session/cceede9c5f6b3bef019bae67b0c37570/elements - {"using":"xpath","value":"//button[@data-kt=\"masterHOAddButton\"]"}
RESULT: {"using":"xpath","value":"//button[@data-kt=\"masterHOAddButton\"]"}
COMMAND: POST /session/cceede9c5f6b3bef019bae67b0c37570/elements - {"using":"xpath","value":"//button[@data-kt=\"masterHOAddButton\"]"}
RESULT: {"using":"xpath","value":"//button[@data-kt=\"masterHOAddButton\"]"}
COMMAND: POST /session/cceede9c5f6b3bef019bae67b0c37570/elements - {"using":"xpath","value":"//button[@data-kt=\"masterHOAddButton\"]"}
RESULT: {"using":"xpath","value":"//button[@data-kt=\"masterHOAddButton\"]"}
COMMAND: POST /session/cceede9c5f6b3bef019bae67b0c37570/elements - {"using":"xpath","value":"//button[@data-kt=\"masterHOAddButton\"]"}
RESULT: {"using":"xpath","value":"//button[@data-kt=\"masterHOAddButton\"]"}
COMMAND: POST /session/cceede9c5f6b3bef019bae67b0c37570/elements - {"using":"xpath","value":"//button[@data-kt=\"masterHOAddButton\"]"}
RESULT: {"using":"xpath","value":"//button[@data-kt=\"masterHOAddButton\"]"}
COMMAND: POST /session/cceede9c5f6b3bef019bae67b0c37570/elements - {"using":"xpath","value":"//button[@data-kt=\"masterHOAddButton\"]"}
RESULT: {"using":"xpath","value":"//button[@data-kt=\"masterHOAddButton\"]"}
COMMAND: POST /session/cceede9c5f6b3bef019bae67b0c37570/elements - {"using":"xpath","value":"//button[@data-kt=\"masterHOAddButton\"]"}
RESULT: {"using":"xpath","value":"//button[@data-kt=\"masterHOAddButton\"]"}
COMMAND: POST /session/cceede9c5f6b3bef019bae67b0c37570/elements - {"using":"xpath","value":"//button[@data-kt=\"masterHOAddButton\"]"}
RESULT: {"using":"xpath","value":"//button[@data-kt=\"masterHOAddButton\"]"}
COMMAND: POST /session/cceede9c5f6b3bef019bae67b0c37570/elements - {"using":"xpath","value":"//button[@data-kt=\"masterHOAddButton\"]"}
RESULT: {"using":"xpath","value":"//button[@data-kt=\"masterHOAddButton\"]"}
COMMAND: POST /session/cceede9c5f6b3bef019bae67b0c37570/elements - {"using":"xpath","value":"//button[@data-kt=\"masterHOAddButton\"]"}
RESULT: {"using":"xpath","value":"//button[@data-kt=\"masterHOAddButton\"]"}
COMMAND: POST /session/cceede9c5f6b3bef019bae67b0c37570/elements - {"using":"xpath","value":"//button[@data-kt=\"masterHOAddButton\"]"}
RESULT: {"using":"xpath","value":"//button[@data-kt=\"masterHOAddButton\"]"}
COMMAND: POST /session/cceede9c5f6b3bef019bae67b0c37570/elements - {"using":"xpath","value":"//button[@data-kt=\"masterHOAddButton\"]"}
RESULT: {"using":"xpath","value":"//button[@data-kt=\"masterHOAddButton\"]"}
COMMAND: POST /session/cceede9c5f6b3bef019bae67b0c37570/elements - {"using":"xpath","value":"//button[@data-kt=\"masterHOAddButton\"]"}
RESULT: {"using":"xpath","value":"//button[@data-kt=\"masterHOAddButton\"]"}
COMMAND: POST /session/cceede9c5f6b3bef019bae67b0c37570/elements - {"using":"xpath","value":"//button[@data-kt=\"masterHOAddButton\"]"}
RESULT: {"using":"xpath","value":"//button[@data-kt=\"masterHOAddButton\"]"}
COMMAND: POST /session/cceede9c5f6b3bef019bae67b0c37570/elements - {"using":"xpath","value":"//button[@data-kt=\"masterHOAddButton\"]"}
RESULT: {"using":"xpath","value":"//button[@data-kt=\"masterHOAddButton\"]"}
COMMAND: POST /session/cceede9c5f6b3bef019bae67b0c37570/elements - {"using":"xpath","value":"//button[@data-kt=\"masterHOAddButton\"]"}
RESULT: {"using":"xpath","value":"//button[@data-kt=\"masterHOAddButton\"]"}
COMMAND: POST /session/cceede9c5f6b3bef019bae67b0c37570/elements - {"using":"xpath","value":"//button[@data-kt=\"masterHOAddButton\"]"}
RESULT: {"using":"xpath","value":"//button[@data-kt=\"masterHOAddButton\"]"}
COMMAND: POST /session/cceede9c5f6b3bef019bae67b0c37570/elements - {"using":"xpath","value":"//button[@data-kt=\"masterHOAddButton\"]"}
RESULT: {"using":"xpath","value":"//button[@data-kt=\"masterHOAddButton\"]"}
COMMAND: POST /session/cceede9c5f6b3bef019bae67b0c37570/elements - {"using":"xpath","value":"//button[@data-kt=\"masterHOAddButton\"]"}
RESULT: {"using":"xpath","value":"//button[@data-kt=\"masterHOAddButton\"]"}
COMMAND: POST /session/cceede9c5f6b3bef019bae67b0c37570/elements - {"using":"xpath","value":"//button[@data-kt=\"masterHOAddButton\"]"}
RESULT: {"using":"xpath","value":"//button[@data-kt=\"masterHOAddButton\"]"}
COMMAND: POST /session/cceede9c5f6b3bef019bae67b0c37570/elements - {"using":"xpath","value":"//button[@data-kt=\"masterHOAddButton\"]"}
RESULT: {"using":"xpath","value":"//button[@data-kt=\"masterHOAddButton\"]"}
COMMAND: POST /session/cceede9c5f6b3bef019bae67b0c37570/elements - {"using":"xpath","value":"//button[@data-kt=\"masterHOAddButton\"]"}
RESULT: {"using":"xpath","value":"//button[@data-kt=\"masterHOAddButton\"]"}
COMMAND: POST /session/cceede9c5f6b3bef019bae67b0c37570/elements - {"using":"xpath","value":"//button[@data-kt=\"masterHOAddButton\"]"}
RESULT: {"using":"xpath","value":"//button[@data-kt=\"masterHOAddButton\"]"}
COMMAND: POST /session/cceede9c5f6b3bef019bae67b0c37570/elements - {"using":"xpath","value":"//button[@data-kt=\"masterHOAddButton\"]"}
RESULT: {"using":"xpath","value":"//button[@data-kt=\"masterHOAddButton\"]"}
COMMAND: POST /session/cceede9c5f6b3bef019bae67b0c37570/elements - {"using":"xpath","value":"//button[@data-kt=\"masterHOAddButton\"]"}
RESULT: {"using":"xpath","value":"//button[@data-kt=\"masterHOAddButton\"]"}
COMMAND: POST /session/cceede9c5f6b3bef019bae67b0c37570/elements - {"using":"xpath","value":"//button[@data-kt=\"masterHOAddButton\"]"}
RESULT: {"using":"xpath","value":"//button[@data-kt=\"masterHOAddButton\"]"}
COMMAND: POST /session/cceede9c5f6b3bef019bae67b0c37570/elements - {"using":"xpath","value":"//button[@data-kt=\"masterHOAddButton\"]"}
RESULT: {"using":"xpath","value":"//button[@data-kt=\"masterHOAddButton\"]"}
COMMAND: POST /session/cceede9c5f6b3bef019bae67b0c37570/elements - {"using":"xpath","value":"//button[@data-kt=\"masterHOAddButton\"]"}
RESULT: {"using":"xpath","value":"//button[@data-kt=\"masterHOAddButton\"]"}
COMMAND: POST /session/cceede9c5f6b3bef019bae67b0c37570/elements - {"using":"xpath","value":"//button[@data-kt=\"masterHOAddButton\"]"}
RESULT: {"using":"xpath","value":"//button[@data-kt=\"masterHOAddButton\"]"}
COMMAND: POST /session/cceede9c5f6b3bef019bae67b0c37570/elements - {"using":"xpath","value":"//button[@data-kt=\"masterHOAddButton\"]"}
RESULT: {"using":"xpath","value":"//button[@data-kt=\"masterHOAddButton\"]"}
COMMAND: POST /session/cceede9c5f6b3bef019bae67b0c37570/elements - {"using":"xpath","value":"//button[@data-kt=\"masterHOAddButton\"]"}
RESULT: {"using":"xpath","value":"//button[@data-kt=\"masterHOAddButton\"]"}
COMMAND: POST /session/cceede9c5f6b3bef019bae67b0c37570/elements - {"using":"xpath","value":"//button[@data-kt=\"masterHOAddButton\"]"}
RESULT: {"using":"xpath","value":"//button[@data-kt=\"masterHOAddButton\"]"}
COMMAND: POST /session/cceede9c5f6b3bef019bae67b0c37570/elements - {"using":"xpath","value":"//button[@data-kt=\"masterHOAddButton\"]"}
RESULT: {"using":"xpath","value":"//button[@data-kt=\"masterHOAddButton\"]"}
COMMAND: POST /session/cceede9c5f6b3bef019bae67b0c37570/elements - {"using":"xpath","value":"//button[@data-kt=\"masterHOAddButton\"]"}
RESULT: {"using":"xpath","value":"//button[@data-kt=\"masterHOAddButton\"]"}
COMMAND: POST /session/cceede9c5f6b3bef019bae67b0c37570/elements - {"using":"xpath","value":"//button[@data-kt=\"masterHOAddButton\"]"}
RESULT: {"using":"xpath","value":"//button[@data-kt=\"masterHOAddButton\"]"}
COMMAND: POST /session/cceede9c5f6b3bef019bae67b0c37570/elements - {"using":"xpath","value":"//button[@data-kt=\"masterHOAddButton\"]"}
RESULT: {"using":"xpath","value":"//button[@data-kt=\"masterHOAddButton\"]"}
COMMAND: POST /session/cceede9c5f6b3bef019bae67b0c37570/elements - {"using":"xpath","value":"//button[@data-kt=\"masterHOAddButton\"]"}
RESULT: {"using":"xpath","value":"//button[@data-kt=\"masterHOAddButton\"]"}
COMMAND: POST /session/cceede9c5f6b3bef019bae67b0c37570/elements - {"using":"xpath","value":"//button[@data-kt=\"masterHOAddButton\"]"}
RESULT: {"using":"xpath","value":"//button[@data-kt=\"masterHOAddButton\"]"}
COMMAND: POST /session/cceede9c5f6b3bef019bae67b0c37570/elements - {"using":"xpath","value":"//button[@data-kt=\"masterHOAddButton\"]"}
RESULT: {"using":"xpath","value":"//button[@data-kt=\"masterHOAddButton\"]"}
COMMAND: POST /session/cceede9c5f6b3bef019bae67b0c37570/elements - {"using":"xpath","value":"//button[@data-kt=\"masterHOAddButton\"]"}
RESULT: {"using":"xpath","value":"//button[@data-kt=\"masterHOAddButton\"]"}
COMMAND: POST /session/cceede9c5f6b3bef019bae67b0c37570/elements - {"using":"xpath","value":"//button[@data-kt=\"masterHOAddButton\"]"}
RESULT: {"using":"xpath","value":"//button[@data-kt=\"masterHOAddButton\"]"}
COMMAND: POST /session/cceede9c5f6b3bef019bae67b0c37570/elements - {"using":"xpath","value":"//button[@data-kt=\"masterHOAddButton\"]"}
RESULT: {"using":"xpath","value":"//button[@data-kt=\"masterHOAddButton\"]"}
COMMAND: POST /session/cceede9c5f6b3bef019bae67b0c37570/elements - {"using":"xpath","value":"//button[@data-kt=\"masterHOAddButton\"]"}
RESULT: {"using":"xpath","value":"//button[@data-kt=\"masterHOAddButton\"]"}
COMMAND: POST /session/cceede9c5f6b3bef019bae67b0c37570/elements - {"using":"xpath","value":"//button[@data-kt=\"masterHOAddButton\"]"}
RESULT: {"using":"xpath","value":"//button[@data-kt=\"masterHOAddButton\"]"}
COMMAND: POST /session/cceede9c5f6b3bef019bae67b0c37570/elements - {"using":"xpath","value":"//button[@data-kt=\"masterHOAddButton\"]"}
RESULT: {"using":"xpath","value":"//button[@data-kt=\"masterHOAddButton\"]"}
COMMAND: POST /session/cceede9c5f6b3bef019bae67b0c37570/elements - {"using":"xpath","value":"//button[@data-kt=\"masterHOAddButton\"]"}
RESULT: {"using":"xpath","value":"//button[@data-kt=\"masterHOAddButton\"]"}
COMMAND: POST /session/cceede9c5f6b3bef019bae67b0c37570/elements - {"using":"xpath","value":"//button[@data-kt=\"masterHOAddButton\"]"}
RESULT: {"using":"xpath","value":"//button[@data-kt=\"masterHOAddButton\"]"}
COMMAND: POST /session/cceede9c5f6b3bef019bae67b0c37570/elements - {"using":"xpath","value":"//button[@data-kt=\"masterHOAddButton\"]"}
RESULT: {"using":"xpath","value":"//button[@data-kt=\"masterHOAddButton\"]"}
COMMAND: POST /session/cceede9c5f6b3bef019bae67b0c37570/elements - {"using":"xpath","value":"//button[@data-kt=\"masterHOAddButton\"]"}
RESULT: {"using":"xpath","value":"//button[@data-kt=\"masterHOAddButton\"]"}
COMMAND: POST /session/cceede9c5f6b3bef019bae67b0c37570/elements - {"using":"xpath","value":"//button[@data-kt=\"masterHOAddButton\"]"}
RESULT: {"using":"xpath","value":"//button[@data-kt=\"masterHOAddButton\"]"}
COMMAND: POST /session/cceede9c5f6b3bef019bae67b0c37570/elements - {"using":"xpath","value":"//button[@data-kt=\"masterHOAddButton\"]"}
RESULT: {"using":"xpath","value":"//button[@data-kt=\"masterHOAddButton\"]"}
COMMAND: POST /session/cceede9c5f6b3bef019bae67b0c37570/elements - {"using":"xpath","value":"//button[@data-kt=\"masterHOAddButton\"]"}
RESULT: {"using":"xpath","value":"//button[@data-kt=\"masterHOAddButton\"]"}
COMMAND: POST /session/cceede9c5f6b3bef019bae67b0c37570/elements - {"using":"xpath","value":"//button[@data-kt=\"masterHOAddButton\"]"}
RESULT: {"using":"xpath","value":"//button[@data-kt=\"masterHOAddButton\"]"}
COMMAND: POST /session/cceede9c5f6b3bef019bae67b0c37570/elements - {"using":"xpath","value":"//button[@data-kt=\"masterHOAddButton\"]"}
RESULT: {"using":"xpath","value":"//button[@data-kt=\"masterHOAddButton\"]"}
COMMAND: POST /session/cceede9c5f6b3bef019bae67b0c37570/elements - {"using":"xpath","value":"//button[@data-kt=\"masterHOAddButton\"]"}
RESULT: {"using":"xpath","value":"//button[@data-kt=\"masterHOAddButton\"]"}
COMMAND: POST /session/cceede9c5f6b3bef019bae67b0c37570/elements - {"using":"xpath","value":"//button[@data-kt=\"masterHOAddButton\"]"}
RESULT: {"using":"xpath","value":"//button[@data-kt=\"masterHOAddButton\"]"}
COMMAND: POST /session/cceede9c5f6b3bef019bae67b0c37570/elements - {"using":"xpath","value":"//button[@data-kt=\"masterHOAddButton\"]"}
RESULT: {"using":"xpath","value":"//button[@data-kt=\"masterHOAddButton\"]"}
COMMAND: POST /session/cceede9c5f6b3bef019bae67b0c37570/elements - {"using":"xpath","value":"//button[@data-kt=\"masterHOAddButton\"]"}
RESULT: {"using":"xpath","value":"//button[@data-kt=\"masterHOAddButton\"]"}
COMMAND: POST /session/cceede9c5f6b3bef019bae67b0c37570/elements - {"using":"xpath","value":"//button[@data-kt=\"masterHOAddButton\"]"}
RESULT: {"using":"xpath","value":"//button[@data-kt=\"masterHOAddButton\"]"}
COMMAND: POST /session/cceede9c5f6b3bef019bae67b0c37570/elements - {"using":"xpath","value":"//button[@data-kt=\"masterHOAddButton\"]"}
RESULT: {"using":"xpath","value":"//button[@data-kt=\"masterHOAddButton\"]"}
COMMAND: POST /session/cceede9c5f6b3bef019bae67b0c37570/elements - {"using":"xpath","value":"//button[@data-kt=\"masterHOAddButton\"]"}
RESULT: {"using":"xpath","value":"//button[@data-kt=\"masterHOAddButton\"]"}
COMMAND: POST /session/cceede9c5f6b3bef019bae67b0c37570/elements - {"using":"xpath","value":"//button[@data-kt=\"masterHOAddButton\"]"}
RESULT: {"using":"xpath","value":"//button[@data-kt=\"masterHOAddButton\"]"}
COMMAND: POST /session/cceede9c5f6b3bef019bae67b0c37570/elements - {"using":"xpath","value":"//button[@data-kt=\"masterHOAddButton\"]"}
RESULT: {"using":"xpath","value":"//button[@data-kt=\"masterHOAddButton\"]"}
COMMAND: POST /session/cceede9c5f6b3bef019bae67b0c37570/elements - {"using":"xpath","value":"//button[@data-kt=\"masterHOAddButton\"]"}
RESULT: {"using":"xpath","value":"//button[@data-kt=\"masterHOAddButton\"]"}
COMMAND: POST /session/cceede9c5f6b3bef019bae67b0c37570/elements - {"using":"xpath","value":"//button[@data-kt=\"masterHOAddButton\"]"}
RESULT: {"using":"xpath","value":"//button[@data-kt=\"masterHOAddButton\"]"}
COMMAND: POST /session/cceede9c5f6b3bef019bae67b0c37570/elements - {"using":"xpath","value":"//button[@data-kt=\"masterHOAddButton\"]"}
RESULT: {"using":"xpath","value":"//button[@data-kt=\"masterHOAddButton\"]"}
COMMAND: POST /session/cceede9c5f6b3bef019bae67b0c37570/elements - {"using":"xpath","value":"//button[@data-kt=\"masterHOAddButton\"]"}
RESULT: {"using":"xpath","value":"//button[@data-kt=\"masterHOAddButton\"]"}
COMMAND: POST /session/cceede9c5f6b3bef019bae67b0c37570/elements - {"using":"xpath","value":"//button[@data-kt=\"masterHOAddButton\"]"}
RESULT: {"using":"xpath","value":"//button[@data-kt=\"masterHOAddButton\"]"}
COMMAND: POST /session/cceede9c5f6b3bef019bae67b0c37570/elements - {"using":"xpath","value":"//button[@data-kt=\"masterHOAddButton\"]"}
RESULT: {"using":"xpath","value":"//button[@data-kt=\"masterHOAddButton\"]"}
COMMAND: POST /session/cceede9c5f6b3bef019bae67b0c37570/elements - {"using":"xpath","value":"//button[@data-kt=\"masterHOAddButton\"]"}
RESULT: {"using":"xpath","value":"//button[@data-kt=\"masterHOAddButton\"]"}
COMMAND: POST /session/cceede9c5f6b3bef019bae67b0c37570/elements - {"using":"xpath","value":"//button[@data-kt=\"masterHOAddButton\"]"}
RESULT: {"using":"xpath","value":"//button[@data-kt=\"masterHOAddButton\"]"}
COMMAND: POST /session/cceede9c5f6b3bef019bae67b0c37570/elements - {"using":"xpath","value":"//button[@data-kt=\"masterHOAddButton\"]"}
RESULT: {"using":"xpath","value":"//button[@data-kt=\"masterHOAddButton\"]"}
COMMAND: POST /session/cceede9c5f6b3bef019bae67b0c37570/elements - {"using":"xpath","value":"//button[@data-kt=\"masterHOAddButton\"]"}
RESULT: {"using":"xpath","value":"//button[@data-kt=\"masterHOAddButton\"]"}
COMMAND: POST /session/cceede9c5f6b3bef019bae67b0c37570/elements - {"using":"xpath","value":"//button[@data-kt=\"masterHOAddButton\"]"}
RESULT: {"using":"xpath","value":"//button[@data-kt=\"masterHOAddButton\"]"}
COMMAND: POST /session/cceede9c5f6b3bef019bae67b0c37570/elements - {"using":"xpath","value":"//button[@data-kt=\"masterHOAddButton\"]"}
RESULT: {"using":"xpath","value":"//button[@data-kt=\"masterHOAddButton\"]"}
COMMAND: POST /session/cceede9c5f6b3bef019bae67b0c37570/elements - {"using":"xpath","value":"//button[@data-kt=\"masterHOAddButton\"]"}
RESULT: {"using":"xpath","value":"//button[@data-kt=\"masterHOAddButton\"]"}
COMMAND: POST /session/cceede9c5f6b3bef019bae67b0c37570/elements - {"using":"xpath","value":"//button[@data-kt=\"masterHOAddButton\"]"}
RESULT: {"using":"xpath","value":"//button[@data-kt=\"masterHOAddButton\"]"}
COMMAND: POST /session/cceede9c5f6b3bef019bae67b0c37570/elements - {"using":"xpath","value":"//button[@data-kt=\"masterHOAddButton\"]"}
RESULT: {"using":"xpath","value":"//button[@data-kt=\"masterHOAddButton\"]"}
COMMAND: POST /session/cceede9c5f6b3bef019bae67b0c37570/elements - {"using":"xpath","value":"//button[@data-kt=\"masterHOAddButton\"]"}
RESULT: {"using":"xpath","value":"//button[@data-kt=\"masterHOAddButton\"]"}
COMMAND: POST /session/cceede9c5f6b3bef019bae67b0c37570/elements - {"using":"xpath","value":"//button[@data-kt=\"masterHOAddButton\"]"}
RESULT: {"using":"xpath","value":"//button[@data-kt=\"masterHOAddButton\"]"}
COMMAND: POST /session/cceede9c5f6b3bef019bae67b0c37570/elements - {"using":"xpath","value":"//button[@data-kt=\"masterHOAddButton\"]"}
RESULT: {"using":"xpath","value":"//button[@data-kt=\"masterHOAddButton\"]"}
COMMAND: POST /session/cceede9c5f6b3bef019bae67b0c37570/elements - {"using":"xpath","value":"//button[@data-kt=\"masterHOAddButton\"]"}
COMMAND: GET /session/cceede9c5f6b3bef019bae67b0c37570/screenshot - {}
RESULT: {"using":"xpath","value":"//button[@data-kt=\"masterHOAddButton\"]"}
RESULT: {}
]]></system-out>
      <system-err><![CDATA[
Error: element ("//button[@data-kt="masterHOAddButton"]") still not existing after 45000ms
    at async UtilsPrerequisites.stockIncrease (D:\a\1\s\test\specs\BTS\prerequisites-and-utils-functions.js:1576:9)
    at async Context.<anonymous> (D:\a\1\s\test\specs\HTR\ru-inv-list-mass-state-change.spec.js:294:9)
]]></system-err>
    </testcase>
    <testcase classname="chrome.136_0_7103_93.windows.RU_Inventory_Mass_State_Change_Multiple_Items_US151066" name="Prerequisite Step 2 Should do a stock increase handover for the material" time="55.399">
      <failure/>
      <error message="element (&quot;//button[@data-kt=&quot;masterHOAddButton&quot;]&quot;) still not existing after 45000ms"/>
      <system-out><![CDATA[
RESULT: undefined
COMMAND: GET /session/cceede9c5f6b3bef019bae67b0c37570/screenshot - {}
RESULT: {}
COMMAND: POST /session/cceede9c5f6b3bef019bae67b0c37570/elements - {"using":"xpath","value":"//span[text()='Error']"}
RESULT: {"using":"xpath","value":"//span[text()='Error']"}
COMMAND: POST /session/cceede9c5f6b3bef019bae67b0c37570/element - {"using":"xpath","value":"//button[@data-kt=\"masterHOAddButton\"]"}
RESULT: {"using":"xpath","value":"//button[@data-kt=\"masterHOAddButton\"]"}
COMMAND: POST /session/cceede9c5f6b3bef019bae67b0c37570/elements - {"using":"xpath","value":"//button[@data-kt=\"masterHOAddButton\"]"}
RESULT: {"using":"xpath","value":"//button[@data-kt=\"masterHOAddButton\"]"}
COMMAND: POST /session/cceede9c5f6b3bef019bae67b0c37570/elements - {"using":"xpath","value":"//button[@data-kt=\"masterHOAddButton\"]"}
RESULT: {"using":"xpath","value":"//button[@data-kt=\"masterHOAddButton\"]"}
COMMAND: POST /session/cceede9c5f6b3bef019bae67b0c37570/elements - {"using":"xpath","value":"//button[@data-kt=\"masterHOAddButton\"]"}
RESULT: {"using":"xpath","value":"//button[@data-kt=\"masterHOAddButton\"]"}
COMMAND: POST /session/cceede9c5f6b3bef019bae67b0c37570/elements - {"using":"xpath","value":"//button[@data-kt=\"masterHOAddButton\"]"}
RESULT: {"using":"xpath","value":"//button[@data-kt=\"masterHOAddButton\"]"}
COMMAND: POST /session/cceede9c5f6b3bef019bae67b0c37570/elements - {"using":"xpath","value":"//button[@data-kt=\"masterHOAddButton\"]"}
RESULT: {"using":"xpath","value":"//button[@data-kt=\"masterHOAddButton\"]"}
COMMAND: POST /session/cceede9c5f6b3bef019bae67b0c37570/elements - {"using":"xpath","value":"//button[@data-kt=\"masterHOAddButton\"]"}
RESULT: {"using":"xpath","value":"//button[@data-kt=\"masterHOAddButton\"]"}
COMMAND: POST /session/cceede9c5f6b3bef019bae67b0c37570/elements - {"using":"xpath","value":"//button[@data-kt=\"masterHOAddButton\"]"}
RESULT: {"using":"xpath","value":"//button[@data-kt=\"masterHOAddButton\"]"}
COMMAND: POST /session/cceede9c5f6b3bef019bae67b0c37570/elements - {"using":"xpath","value":"//button[@data-kt=\"masterHOAddButton\"]"}
RESULT: {"using":"xpath","value":"//button[@data-kt=\"masterHOAddButton\"]"}
COMMAND: POST /session/cceede9c5f6b3bef019bae67b0c37570/elements - {"using":"xpath","value":"//button[@data-kt=\"masterHOAddButton\"]"}
RESULT: {"using":"xpath","value":"//button[@data-kt=\"masterHOAddButton\"]"}
COMMAND: POST /session/cceede9c5f6b3bef019bae67b0c37570/elements - {"using":"xpath","value":"//button[@data-kt=\"masterHOAddButton\"]"}
RESULT: {"using":"xpath","value":"//button[@data-kt=\"masterHOAddButton\"]"}
COMMAND: POST /session/cceede9c5f6b3bef019bae67b0c37570/elements - {"using":"xpath","value":"//button[@data-kt=\"masterHOAddButton\"]"}
RESULT: {"using":"xpath","value":"//button[@data-kt=\"masterHOAddButton\"]"}
COMMAND: POST /session/cceede9c5f6b3bef019bae67b0c37570/elements - {"using":"xpath","value":"//button[@data-kt=\"masterHOAddButton\"]"}
RESULT: {"using":"xpath","value":"//button[@data-kt=\"masterHOAddButton\"]"}
COMMAND: POST /session/cceede9c5f6b3bef019bae67b0c37570/elements - {"using":"xpath","value":"//button[@data-kt=\"masterHOAddButton\"]"}
RESULT: {"using":"xpath","value":"//button[@data-kt=\"masterHOAddButton\"]"}
COMMAND: POST /session/cceede9c5f6b3bef019bae67b0c37570/elements - {"using":"xpath","value":"//button[@data-kt=\"masterHOAddButton\"]"}
RESULT: {"using":"xpath","value":"//button[@data-kt=\"masterHOAddButton\"]"}
COMMAND: POST /session/cceede9c5f6b3bef019bae67b0c37570/elements - {"using":"xpath","value":"//button[@data-kt=\"masterHOAddButton\"]"}
RESULT: {"using":"xpath","value":"//button[@data-kt=\"masterHOAddButton\"]"}
COMMAND: POST /session/cceede9c5f6b3bef019bae67b0c37570/elements - {"using":"xpath","value":"//button[@data-kt=\"masterHOAddButton\"]"}
RESULT: {"using":"xpath","value":"//button[@data-kt=\"masterHOAddButton\"]"}
COMMAND: POST /session/cceede9c5f6b3bef019bae67b0c37570/elements - {"using":"xpath","value":"//button[@data-kt=\"masterHOAddButton\"]"}
RESULT: {"using":"xpath","value":"//button[@data-kt=\"masterHOAddButton\"]"}
COMMAND: POST /session/cceede9c5f6b3bef019bae67b0c37570/elements - {"using":"xpath","value":"//button[@data-kt=\"masterHOAddButton\"]"}
RESULT: {"using":"xpath","value":"//button[@data-kt=\"masterHOAddButton\"]"}
COMMAND: POST /session/cceede9c5f6b3bef019bae67b0c37570/elements - {"using":"xpath","value":"//button[@data-kt=\"masterHOAddButton\"]"}
RESULT: {"using":"xpath","value":"//button[@data-kt=\"masterHOAddButton\"]"}
COMMAND: POST /session/cceede9c5f6b3bef019bae67b0c37570/elements - {"using":"xpath","value":"//button[@data-kt=\"masterHOAddButton\"]"}
RESULT: {"using":"xpath","value":"//button[@data-kt=\"masterHOAddButton\"]"}
COMMAND: POST /session/cceede9c5f6b3bef019bae67b0c37570/elements - {"using":"xpath","value":"//button[@data-kt=\"masterHOAddButton\"]"}
RESULT: {"using":"xpath","value":"//button[@data-kt=\"masterHOAddButton\"]"}
COMMAND: POST /session/cceede9c5f6b3bef019bae67b0c37570/elements - {"using":"xpath","value":"//button[@data-kt=\"masterHOAddButton\"]"}
RESULT: {"using":"xpath","value":"//button[@data-kt=\"masterHOAddButton\"]"}
COMMAND: POST /session/cceede9c5f6b3bef019bae67b0c37570/elements - {"using":"xpath","value":"//button[@data-kt=\"masterHOAddButton\"]"}
RESULT: {"using":"xpath","value":"//button[@data-kt=\"masterHOAddButton\"]"}
COMMAND: POST /session/cceede9c5f6b3bef019bae67b0c37570/elements - {"using":"xpath","value":"//button[@data-kt=\"masterHOAddButton\"]"}
RESULT: {"using":"xpath","value":"//button[@data-kt=\"masterHOAddButton\"]"}
COMMAND: POST /session/cceede9c5f6b3bef019bae67b0c37570/elements - {"using":"xpath","value":"//button[@data-kt=\"masterHOAddButton\"]"}
RESULT: {"using":"xpath","value":"//button[@data-kt=\"masterHOAddButton\"]"}
COMMAND: POST /session/cceede9c5f6b3bef019bae67b0c37570/elements - {"using":"xpath","value":"//button[@data-kt=\"masterHOAddButton\"]"}
RESULT: {"using":"xpath","value":"//button[@data-kt=\"masterHOAddButton\"]"}
COMMAND: POST /session/cceede9c5f6b3bef019bae67b0c37570/elements - {"using":"xpath","value":"//button[@data-kt=\"masterHOAddButton\"]"}
RESULT: {"using":"xpath","value":"//button[@data-kt=\"masterHOAddButton\"]"}
COMMAND: POST /session/cceede9c5f6b3bef019bae67b0c37570/elements - {"using":"xpath","value":"//button[@data-kt=\"masterHOAddButton\"]"}
RESULT: {"using":"xpath","value":"//button[@data-kt=\"masterHOAddButton\"]"}
COMMAND: POST /session/cceede9c5f6b3bef019bae67b0c37570/elements - {"using":"xpath","value":"//button[@data-kt=\"masterHOAddButton\"]"}
RESULT: {"using":"xpath","value":"//button[@data-kt=\"masterHOAddButton\"]"}
COMMAND: POST /session/cceede9c5f6b3bef019bae67b0c37570/elements - {"using":"xpath","value":"//button[@data-kt=\"masterHOAddButton\"]"}
RESULT: {"using":"xpath","value":"//button[@data-kt=\"masterHOAddButton\"]"}
COMMAND: POST /session/cceede9c5f6b3bef019bae67b0c37570/elements - {"using":"xpath","value":"//button[@data-kt=\"masterHOAddButton\"]"}
RESULT: {"using":"xpath","value":"//button[@data-kt=\"masterHOAddButton\"]"}
COMMAND: POST /session/cceede9c5f6b3bef019bae67b0c37570/elements - {"using":"xpath","value":"//button[@data-kt=\"masterHOAddButton\"]"}
RESULT: {"using":"xpath","value":"//button[@data-kt=\"masterHOAddButton\"]"}
COMMAND: POST /session/cceede9c5f6b3bef019bae67b0c37570/elements - {"using":"xpath","value":"//button[@data-kt=\"masterHOAddButton\"]"}
RESULT: {"using":"xpath","value":"//button[@data-kt=\"masterHOAddButton\"]"}
COMMAND: POST /session/cceede9c5f6b3bef019bae67b0c37570/elements - {"using":"xpath","value":"//button[@data-kt=\"masterHOAddButton\"]"}
RESULT: {"using":"xpath","value":"//button[@data-kt=\"masterHOAddButton\"]"}
COMMAND: POST /session/cceede9c5f6b3bef019bae67b0c37570/elements - {"using":"xpath","value":"//button[@data-kt=\"masterHOAddButton\"]"}
RESULT: {"using":"xpath","value":"//button[@data-kt=\"masterHOAddButton\"]"}
COMMAND: POST /session/cceede9c5f6b3bef019bae67b0c37570/elements - {"using":"xpath","value":"//button[@data-kt=\"masterHOAddButton\"]"}
RESULT: {"using":"xpath","value":"//button[@data-kt=\"masterHOAddButton\"]"}
COMMAND: POST /session/cceede9c5f6b3bef019bae67b0c37570/elements - {"using":"xpath","value":"//button[@data-kt=\"masterHOAddButton\"]"}
RESULT: {"using":"xpath","value":"//button[@data-kt=\"masterHOAddButton\"]"}
COMMAND: POST /session/cceede9c5f6b3bef019bae67b0c37570/elements - {"using":"xpath","value":"//button[@data-kt=\"masterHOAddButton\"]"}
RESULT: {"using":"xpath","value":"//button[@data-kt=\"masterHOAddButton\"]"}
COMMAND: POST /session/cceede9c5f6b3bef019bae67b0c37570/elements - {"using":"xpath","value":"//button[@data-kt=\"masterHOAddButton\"]"}
RESULT: {"using":"xpath","value":"//button[@data-kt=\"masterHOAddButton\"]"}
COMMAND: POST /session/cceede9c5f6b3bef019bae67b0c37570/elements - {"using":"xpath","value":"//button[@data-kt=\"masterHOAddButton\"]"}
RESULT: {"using":"xpath","value":"//button[@data-kt=\"masterHOAddButton\"]"}
COMMAND: POST /session/cceede9c5f6b3bef019bae67b0c37570/elements - {"using":"xpath","value":"//button[@data-kt=\"masterHOAddButton\"]"}
RESULT: {"using":"xpath","value":"//button[@data-kt=\"masterHOAddButton\"]"}
COMMAND: POST /session/cceede9c5f6b3bef019bae67b0c37570/elements - {"using":"xpath","value":"//button[@data-kt=\"masterHOAddButton\"]"}
RESULT: {"using":"xpath","value":"//button[@data-kt=\"masterHOAddButton\"]"}
COMMAND: POST /session/cceede9c5f6b3bef019bae67b0c37570/elements - {"using":"xpath","value":"//button[@data-kt=\"masterHOAddButton\"]"}
RESULT: {"using":"xpath","value":"//button[@data-kt=\"masterHOAddButton\"]"}
COMMAND: POST /session/cceede9c5f6b3bef019bae67b0c37570/elements - {"using":"xpath","value":"//button[@data-kt=\"masterHOAddButton\"]"}
RESULT: {"using":"xpath","value":"//button[@data-kt=\"masterHOAddButton\"]"}
COMMAND: POST /session/cceede9c5f6b3bef019bae67b0c37570/elements - {"using":"xpath","value":"//button[@data-kt=\"masterHOAddButton\"]"}
RESULT: {"using":"xpath","value":"//button[@data-kt=\"masterHOAddButton\"]"}
COMMAND: POST /session/cceede9c5f6b3bef019bae67b0c37570/elements - {"using":"xpath","value":"//button[@data-kt=\"masterHOAddButton\"]"}
RESULT: {"using":"xpath","value":"//button[@data-kt=\"masterHOAddButton\"]"}
COMMAND: POST /session/cceede9c5f6b3bef019bae67b0c37570/elements - {"using":"xpath","value":"//button[@data-kt=\"masterHOAddButton\"]"}
RESULT: {"using":"xpath","value":"//button[@data-kt=\"masterHOAddButton\"]"}
COMMAND: POST /session/cceede9c5f6b3bef019bae67b0c37570/elements - {"using":"xpath","value":"//button[@data-kt=\"masterHOAddButton\"]"}
RESULT: {"using":"xpath","value":"//button[@data-kt=\"masterHOAddButton\"]"}
COMMAND: POST /session/cceede9c5f6b3bef019bae67b0c37570/elements - {"using":"xpath","value":"//button[@data-kt=\"masterHOAddButton\"]"}
RESULT: {"using":"xpath","value":"//button[@data-kt=\"masterHOAddButton\"]"}
COMMAND: POST /session/cceede9c5f6b3bef019bae67b0c37570/elements - {"using":"xpath","value":"//button[@data-kt=\"masterHOAddButton\"]"}
RESULT: {"using":"xpath","value":"//button[@data-kt=\"masterHOAddButton\"]"}
COMMAND: POST /session/cceede9c5f6b3bef019bae67b0c37570/elements - {"using":"xpath","value":"//button[@data-kt=\"masterHOAddButton\"]"}
RESULT: {"using":"xpath","value":"//button[@data-kt=\"masterHOAddButton\"]"}
COMMAND: POST /session/cceede9c5f6b3bef019bae67b0c37570/elements - {"using":"xpath","value":"//button[@data-kt=\"masterHOAddButton\"]"}
RESULT: {"using":"xpath","value":"//button[@data-kt=\"masterHOAddButton\"]"}
COMMAND: POST /session/cceede9c5f6b3bef019bae67b0c37570/elements - {"using":"xpath","value":"//button[@data-kt=\"masterHOAddButton\"]"}
RESULT: {"using":"xpath","value":"//button[@data-kt=\"masterHOAddButton\"]"}
COMMAND: POST /session/cceede9c5f6b3bef019bae67b0c37570/elements - {"using":"xpath","value":"//button[@data-kt=\"masterHOAddButton\"]"}
RESULT: {"using":"xpath","value":"//button[@data-kt=\"masterHOAddButton\"]"}
COMMAND: POST /session/cceede9c5f6b3bef019bae67b0c37570/elements - {"using":"xpath","value":"//button[@data-kt=\"masterHOAddButton\"]"}
RESULT: {"using":"xpath","value":"//button[@data-kt=\"masterHOAddButton\"]"}
COMMAND: POST /session/cceede9c5f6b3bef019bae67b0c37570/elements - {"using":"xpath","value":"//button[@data-kt=\"masterHOAddButton\"]"}
RESULT: {"using":"xpath","value":"//button[@data-kt=\"masterHOAddButton\"]"}
COMMAND: POST /session/cceede9c5f6b3bef019bae67b0c37570/elements - {"using":"xpath","value":"//button[@data-kt=\"masterHOAddButton\"]"}
RESULT: {"using":"xpath","value":"//button[@data-kt=\"masterHOAddButton\"]"}
COMMAND: POST /session/cceede9c5f6b3bef019bae67b0c37570/elements - {"using":"xpath","value":"//button[@data-kt=\"masterHOAddButton\"]"}
RESULT: {"using":"xpath","value":"//button[@data-kt=\"masterHOAddButton\"]"}
COMMAND: POST /session/cceede9c5f6b3bef019bae67b0c37570/elements - {"using":"xpath","value":"//button[@data-kt=\"masterHOAddButton\"]"}
RESULT: {"using":"xpath","value":"//button[@data-kt=\"masterHOAddButton\"]"}
COMMAND: POST /session/cceede9c5f6b3bef019bae67b0c37570/elements - {"using":"xpath","value":"//button[@data-kt=\"masterHOAddButton\"]"}
RESULT: {"using":"xpath","value":"//button[@data-kt=\"masterHOAddButton\"]"}
COMMAND: POST /session/cceede9c5f6b3bef019bae67b0c37570/elements - {"using":"xpath","value":"//button[@data-kt=\"masterHOAddButton\"]"}
RESULT: {"using":"xpath","value":"//button[@data-kt=\"masterHOAddButton\"]"}
COMMAND: POST /session/cceede9c5f6b3bef019bae67b0c37570/elements - {"using":"xpath","value":"//button[@data-kt=\"masterHOAddButton\"]"}
RESULT: {"using":"xpath","value":"//button[@data-kt=\"masterHOAddButton\"]"}
COMMAND: POST /session/cceede9c5f6b3bef019bae67b0c37570/elements - {"using":"xpath","value":"//button[@data-kt=\"masterHOAddButton\"]"}
RESULT: {"using":"xpath","value":"//button[@data-kt=\"masterHOAddButton\"]"}
COMMAND: POST /session/cceede9c5f6b3bef019bae67b0c37570/elements - {"using":"xpath","value":"//button[@data-kt=\"masterHOAddButton\"]"}
RESULT: {"using":"xpath","value":"//button[@data-kt=\"masterHOAddButton\"]"}
COMMAND: POST /session/cceede9c5f6b3bef019bae67b0c37570/elements - {"using":"xpath","value":"//button[@data-kt=\"masterHOAddButton\"]"}
RESULT: {"using":"xpath","value":"//button[@data-kt=\"masterHOAddButton\"]"}
COMMAND: POST /session/cceede9c5f6b3bef019bae67b0c37570/elements - {"using":"xpath","value":"//button[@data-kt=\"masterHOAddButton\"]"}
RESULT: {"using":"xpath","value":"//button[@data-kt=\"masterHOAddButton\"]"}
COMMAND: POST /session/cceede9c5f6b3bef019bae67b0c37570/elements - {"using":"xpath","value":"//button[@data-kt=\"masterHOAddButton\"]"}
RESULT: {"using":"xpath","value":"//button[@data-kt=\"masterHOAddButton\"]"}
COMMAND: POST /session/cceede9c5f6b3bef019bae67b0c37570/elements - {"using":"xpath","value":"//button[@data-kt=\"masterHOAddButton\"]"}
RESULT: {"using":"xpath","value":"//button[@data-kt=\"masterHOAddButton\"]"}
COMMAND: POST /session/cceede9c5f6b3bef019bae67b0c37570/elements - {"using":"xpath","value":"//button[@data-kt=\"masterHOAddButton\"]"}
RESULT: {"using":"xpath","value":"//button[@data-kt=\"masterHOAddButton\"]"}
COMMAND: POST /session/cceede9c5f6b3bef019bae67b0c37570/elements - {"using":"xpath","value":"//button[@data-kt=\"masterHOAddButton\"]"}
RESULT: {"using":"xpath","value":"//button[@data-kt=\"masterHOAddButton\"]"}
COMMAND: POST /session/cceede9c5f6b3bef019bae67b0c37570/elements - {"using":"xpath","value":"//button[@data-kt=\"masterHOAddButton\"]"}
RESULT: {"using":"xpath","value":"//button[@data-kt=\"masterHOAddButton\"]"}
COMMAND: POST /session/cceede9c5f6b3bef019bae67b0c37570/elements - {"using":"xpath","value":"//button[@data-kt=\"masterHOAddButton\"]"}
RESULT: {"using":"xpath","value":"//button[@data-kt=\"masterHOAddButton\"]"}
COMMAND: POST /session/cceede9c5f6b3bef019bae67b0c37570/elements - {"using":"xpath","value":"//button[@data-kt=\"masterHOAddButton\"]"}
RESULT: {"using":"xpath","value":"//button[@data-kt=\"masterHOAddButton\"]"}
COMMAND: POST /session/cceede9c5f6b3bef019bae67b0c37570/elements - {"using":"xpath","value":"//button[@data-kt=\"masterHOAddButton\"]"}
RESULT: {"using":"xpath","value":"//button[@data-kt=\"masterHOAddButton\"]"}
COMMAND: POST /session/cceede9c5f6b3bef019bae67b0c37570/elements - {"using":"xpath","value":"//button[@data-kt=\"masterHOAddButton\"]"}
RESULT: {"using":"xpath","value":"//button[@data-kt=\"masterHOAddButton\"]"}
COMMAND: POST /session/cceede9c5f6b3bef019bae67b0c37570/elements - {"using":"xpath","value":"//button[@data-kt=\"masterHOAddButton\"]"}
RESULT: {"using":"xpath","value":"//button[@data-kt=\"masterHOAddButton\"]"}
COMMAND: POST /session/cceede9c5f6b3bef019bae67b0c37570/elements - {"using":"xpath","value":"//button[@data-kt=\"masterHOAddButton\"]"}
RESULT: {"using":"xpath","value":"//button[@data-kt=\"masterHOAddButton\"]"}
COMMAND: POST /session/cceede9c5f6b3bef019bae67b0c37570/elements - {"using":"xpath","value":"//button[@data-kt=\"masterHOAddButton\"]"}
RESULT: {"using":"xpath","value":"//button[@data-kt=\"masterHOAddButton\"]"}
COMMAND: POST /session/cceede9c5f6b3bef019bae67b0c37570/elements - {"using":"xpath","value":"//button[@data-kt=\"masterHOAddButton\"]"}
RESULT: {"using":"xpath","value":"//button[@data-kt=\"masterHOAddButton\"]"}
COMMAND: POST /session/cceede9c5f6b3bef019bae67b0c37570/elements - {"using":"xpath","value":"//button[@data-kt=\"masterHOAddButton\"]"}
RESULT: {"using":"xpath","value":"//button[@data-kt=\"masterHOAddButton\"]"}
COMMAND: POST /session/cceede9c5f6b3bef019bae67b0c37570/elements - {"using":"xpath","value":"//button[@data-kt=\"masterHOAddButton\"]"}
RESULT: {"using":"xpath","value":"//button[@data-kt=\"masterHOAddButton\"]"}
COMMAND: POST /session/cceede9c5f6b3bef019bae67b0c37570/elements - {"using":"xpath","value":"//button[@data-kt=\"masterHOAddButton\"]"}
RESULT: {"using":"xpath","value":"//button[@data-kt=\"masterHOAddButton\"]"}
COMMAND: POST /session/cceede9c5f6b3bef019bae67b0c37570/elements - {"using":"xpath","value":"//button[@data-kt=\"masterHOAddButton\"]"}
RESULT: {"using":"xpath","value":"//button[@data-kt=\"masterHOAddButton\"]"}
COMMAND: POST /session/cceede9c5f6b3bef019bae67b0c37570/elements - {"using":"xpath","value":"//button[@data-kt=\"masterHOAddButton\"]"}
RESULT: {"using":"xpath","value":"//button[@data-kt=\"masterHOAddButton\"]"}
COMMAND: POST /session/cceede9c5f6b3bef019bae67b0c37570/elements - {"using":"xpath","value":"//button[@data-kt=\"masterHOAddButton\"]"}
RESULT: {"using":"xpath","value":"//button[@data-kt=\"masterHOAddButton\"]"}
COMMAND: POST /session/cceede9c5f6b3bef019bae67b0c37570/elements - {"using":"xpath","value":"//button[@data-kt=\"masterHOAddButton\"]"}
RESULT: {"using":"xpath","value":"//button[@data-kt=\"masterHOAddButton\"]"}
COMMAND: POST /session/cceede9c5f6b3bef019bae67b0c37570/elements - {"using":"xpath","value":"//button[@data-kt=\"masterHOAddButton\"]"}
RESULT: {"using":"xpath","value":"//button[@data-kt=\"masterHOAddButton\"]"}
COMMAND: POST /session/cceede9c5f6b3bef019bae67b0c37570/elements - {"using":"xpath","value":"//button[@data-kt=\"masterHOAddButton\"]"}
RESULT: {"using":"xpath","value":"//button[@data-kt=\"masterHOAddButton\"]"}
COMMAND: POST /session/cceede9c5f6b3bef019bae67b0c37570/elements - {"using":"xpath","value":"//button[@data-kt=\"masterHOAddButton\"]"}
RESULT: {"using":"xpath","value":"//button[@data-kt=\"masterHOAddButton\"]"}
COMMAND: POST /session/cceede9c5f6b3bef019bae67b0c37570/elements - {"using":"xpath","value":"//button[@data-kt=\"masterHOAddButton\"]"}
RESULT: {"using":"xpath","value":"//button[@data-kt=\"masterHOAddButton\"]"}
COMMAND: GET /session/cceede9c5f6b3bef019bae67b0c37570/screenshot - {}
RESULT: {}
]]></system-out>
      <system-err><![CDATA[
Error: element ("//button[@data-kt="masterHOAddButton"]") still not existing after 45000ms
    at async UtilsPrerequisites.stockIncrease (D:\a\1\s\test\specs\BTS\prerequisites-and-utils-functions.js:1576:9)
    at async Context.<anonymous> (D:\a\1\s\test\specs\HTR\ru-inv-list-mass-state-change.spec.js:299:9)
]]></system-err>
    </testcase>
    <testcase classname="chrome.136_0_7103_93.windows.RU_Inventory_Mass_State_Change_Multiple_Items_US151066" name="Step 2 Should do a RU inventory mass state change on chosen yard 109 with the resources created one equipment one material the existing ones too" time="56.221">
      <failure/>
      <error message="element (&quot;//button[contains(@id, &quot;massStateBtn&quot;)]&quot;) still not existing after 45000ms"/>
      <system-out><![CDATA[
COMMAND: GET /session/cceede9c5f6b3bef019bae67b0c37570/screenshot - {}
RESULT: undefined
COMMAND: POST /session/cceede9c5f6b3bef019bae67b0c37570/element - {"using":"xpath","value":"//*[@id=\"__tile99\"]"}
RESULT: {"using":"xpath","value":"//*[@id=\"__tile99\"]"}
COMMAND: POST /session/cceede9c5f6b3bef019bae67b0c37570/element/f.FC474E75FAD15E2F9A9DAF890F93EA04.d.B7765FB0B5877EBF8302573F1CC971A6.e.246/click - {}
RESULT: {}
COMMAND: POST /session/cceede9c5f6b3bef019bae67b0c37570/elements - {"using":"xpath","value":"//span[text()='Error']"}
RESULT: {"using":"xpath","value":"//span[text()='Error']"}
COMMAND: POST /session/cceede9c5f6b3bef019bae67b0c37570/element - {"using":"xpath","value":"//button[contains(@id, \"massStateBtn\")]"}
RESULT: {"using":"xpath","value":"//button[contains(@id, \"massStateBtn\")]"}
COMMAND: POST /session/cceede9c5f6b3bef019bae67b0c37570/elements - {"using":"xpath","value":"//button[contains(@id, \"massStateBtn\")]"}
RESULT: {"using":"xpath","value":"//button[contains(@id, \"massStateBtn\")]"}
COMMAND: POST /session/cceede9c5f6b3bef019bae67b0c37570/elements - {"using":"xpath","value":"//button[contains(@id, \"massStateBtn\")]"}
RESULT: {"using":"xpath","value":"//button[contains(@id, \"massStateBtn\")]"}
COMMAND: POST /session/cceede9c5f6b3bef019bae67b0c37570/elements - {"using":"xpath","value":"//button[contains(@id, \"massStateBtn\")]"}
RESULT: {"using":"xpath","value":"//button[contains(@id, \"massStateBtn\")]"}
COMMAND: POST /session/cceede9c5f6b3bef019bae67b0c37570/elements - {"using":"xpath","value":"//button[contains(@id, \"massStateBtn\")]"}
RESULT: {"using":"xpath","value":"//button[contains(@id, \"massStateBtn\")]"}
COMMAND: POST /session/cceede9c5f6b3bef019bae67b0c37570/elements - {"using":"xpath","value":"//button[contains(@id, \"massStateBtn\")]"}
RESULT: {"using":"xpath","value":"//button[contains(@id, \"massStateBtn\")]"}
COMMAND: POST /session/cceede9c5f6b3bef019bae67b0c37570/elements - {"using":"xpath","value":"//button[contains(@id, \"massStateBtn\")]"}
RESULT: {"using":"xpath","value":"//button[contains(@id, \"massStateBtn\")]"}
COMMAND: POST /session/cceede9c5f6b3bef019bae67b0c37570/elements - {"using":"xpath","value":"//button[contains(@id, \"massStateBtn\")]"}
RESULT: {"using":"xpath","value":"//button[contains(@id, \"massStateBtn\")]"}
COMMAND: POST /session/cceede9c5f6b3bef019bae67b0c37570/elements - {"using":"xpath","value":"//button[contains(@id, \"massStateBtn\")]"}
RESULT: {"using":"xpath","value":"//button[contains(@id, \"massStateBtn\")]"}
COMMAND: POST /session/cceede9c5f6b3bef019bae67b0c37570/elements - {"using":"xpath","value":"//button[contains(@id, \"massStateBtn\")]"}
RESULT: {"using":"xpath","value":"//button[contains(@id, \"massStateBtn\")]"}
COMMAND: POST /session/cceede9c5f6b3bef019bae67b0c37570/elements - {"using":"xpath","value":"//button[contains(@id, \"massStateBtn\")]"}
RESULT: {"using":"xpath","value":"//button[contains(@id, \"massStateBtn\")]"}
COMMAND: POST /session/cceede9c5f6b3bef019bae67b0c37570/elements - {"using":"xpath","value":"//button[contains(@id, \"massStateBtn\")]"}
RESULT: {"using":"xpath","value":"//button[contains(@id, \"massStateBtn\")]"}
COMMAND: POST /session/cceede9c5f6b3bef019bae67b0c37570/elements - {"using":"xpath","value":"//button[contains(@id, \"massStateBtn\")]"}
RESULT: {"using":"xpath","value":"//button[contains(@id, \"massStateBtn\")]"}
COMMAND: POST /session/cceede9c5f6b3bef019bae67b0c37570/elements - {"using":"xpath","value":"//button[contains(@id, \"massStateBtn\")]"}
RESULT: {"using":"xpath","value":"//button[contains(@id, \"massStateBtn\")]"}
COMMAND: POST /session/cceede9c5f6b3bef019bae67b0c37570/elements - {"using":"xpath","value":"//button[contains(@id, \"massStateBtn\")]"}
RESULT: {"using":"xpath","value":"//button[contains(@id, \"massStateBtn\")]"}
COMMAND: POST /session/cceede9c5f6b3bef019bae67b0c37570/elements - {"using":"xpath","value":"//button[contains(@id, \"massStateBtn\")]"}
RESULT: {"using":"xpath","value":"//button[contains(@id, \"massStateBtn\")]"}
COMMAND: POST /session/cceede9c5f6b3bef019bae67b0c37570/elements - {"using":"xpath","value":"//button[contains(@id, \"massStateBtn\")]"}
RESULT: {"using":"xpath","value":"//button[contains(@id, \"massStateBtn\")]"}
COMMAND: POST /session/cceede9c5f6b3bef019bae67b0c37570/elements - {"using":"xpath","value":"//button[contains(@id, \"massStateBtn\")]"}
RESULT: {"using":"xpath","value":"//button[contains(@id, \"massStateBtn\")]"}
COMMAND: POST /session/cceede9c5f6b3bef019bae67b0c37570/elements - {"using":"xpath","value":"//button[contains(@id, \"massStateBtn\")]"}
RESULT: {"using":"xpath","value":"//button[contains(@id, \"massStateBtn\")]"}
COMMAND: POST /session/cceede9c5f6b3bef019bae67b0c37570/elements - {"using":"xpath","value":"//button[contains(@id, \"massStateBtn\")]"}
RESULT: {"using":"xpath","value":"//button[contains(@id, \"massStateBtn\")]"}
COMMAND: POST /session/cceede9c5f6b3bef019bae67b0c37570/elements - {"using":"xpath","value":"//button[contains(@id, \"massStateBtn\")]"}
RESULT: {"using":"xpath","value":"//button[contains(@id, \"massStateBtn\")]"}
COMMAND: POST /session/cceede9c5f6b3bef019bae67b0c37570/elements - {"using":"xpath","value":"//button[contains(@id, \"massStateBtn\")]"}
RESULT: {"using":"xpath","value":"//button[contains(@id, \"massStateBtn\")]"}
COMMAND: POST /session/cceede9c5f6b3bef019bae67b0c37570/elements - {"using":"xpath","value":"//button[contains(@id, \"massStateBtn\")]"}
RESULT: {"using":"xpath","value":"//button[contains(@id, \"massStateBtn\")]"}
COMMAND: POST /session/cceede9c5f6b3bef019bae67b0c37570/elements - {"using":"xpath","value":"//button[contains(@id, \"massStateBtn\")]"}
RESULT: {"using":"xpath","value":"//button[contains(@id, \"massStateBtn\")]"}
COMMAND: POST /session/cceede9c5f6b3bef019bae67b0c37570/elements - {"using":"xpath","value":"//button[contains(@id, \"massStateBtn\")]"}
RESULT: {"using":"xpath","value":"//button[contains(@id, \"massStateBtn\")]"}
COMMAND: POST /session/cceede9c5f6b3bef019bae67b0c37570/elements - {"using":"xpath","value":"//button[contains(@id, \"massStateBtn\")]"}
RESULT: {"using":"xpath","value":"//button[contains(@id, \"massStateBtn\")]"}
COMMAND: POST /session/cceede9c5f6b3bef019bae67b0c37570/elements - {"using":"xpath","value":"//button[contains(@id, \"massStateBtn\")]"}
RESULT: {"using":"xpath","value":"//button[contains(@id, \"massStateBtn\")]"}
COMMAND: POST /session/cceede9c5f6b3bef019bae67b0c37570/elements - {"using":"xpath","value":"//button[contains(@id, \"massStateBtn\")]"}
RESULT: {"using":"xpath","value":"//button[contains(@id, \"massStateBtn\")]"}
COMMAND: POST /session/cceede9c5f6b3bef019bae67b0c37570/elements - {"using":"xpath","value":"//button[contains(@id, \"massStateBtn\")]"}
RESULT: {"using":"xpath","value":"//button[contains(@id, \"massStateBtn\")]"}
COMMAND: POST /session/cceede9c5f6b3bef019bae67b0c37570/elements - {"using":"xpath","value":"//button[contains(@id, \"massStateBtn\")]"}
RESULT: {"using":"xpath","value":"//button[contains(@id, \"massStateBtn\")]"}
COMMAND: POST /session/cceede9c5f6b3bef019bae67b0c37570/elements - {"using":"xpath","value":"//button[contains(@id, \"massStateBtn\")]"}
RESULT: {"using":"xpath","value":"//button[contains(@id, \"massStateBtn\")]"}
COMMAND: POST /session/cceede9c5f6b3bef019bae67b0c37570/elements - {"using":"xpath","value":"//button[contains(@id, \"massStateBtn\")]"}
RESULT: {"using":"xpath","value":"//button[contains(@id, \"massStateBtn\")]"}
COMMAND: POST /session/cceede9c5f6b3bef019bae67b0c37570/elements - {"using":"xpath","value":"//button[contains(@id, \"massStateBtn\")]"}
RESULT: {"using":"xpath","value":"//button[contains(@id, \"massStateBtn\")]"}
COMMAND: POST /session/cceede9c5f6b3bef019bae67b0c37570/elements - {"using":"xpath","value":"//button[contains(@id, \"massStateBtn\")]"}
RESULT: {"using":"xpath","value":"//button[contains(@id, \"massStateBtn\")]"}
COMMAND: POST /session/cceede9c5f6b3bef019bae67b0c37570/elements - {"using":"xpath","value":"//button[contains(@id, \"massStateBtn\")]"}
RESULT: {"using":"xpath","value":"//button[contains(@id, \"massStateBtn\")]"}
COMMAND: POST /session/cceede9c5f6b3bef019bae67b0c37570/elements - {"using":"xpath","value":"//button[contains(@id, \"massStateBtn\")]"}
RESULT: {"using":"xpath","value":"//button[contains(@id, \"massStateBtn\")]"}
COMMAND: POST /session/cceede9c5f6b3bef019bae67b0c37570/elements - {"using":"xpath","value":"//button[contains(@id, \"massStateBtn\")]"}
RESULT: {"using":"xpath","value":"//button[contains(@id, \"massStateBtn\")]"}
COMMAND: POST /session/cceede9c5f6b3bef019bae67b0c37570/elements - {"using":"xpath","value":"//button[contains(@id, \"massStateBtn\")]"}
RESULT: {"using":"xpath","value":"//button[contains(@id, \"massStateBtn\")]"}
COMMAND: POST /session/cceede9c5f6b3bef019bae67b0c37570/elements - {"using":"xpath","value":"//button[contains(@id, \"massStateBtn\")]"}
RESULT: {"using":"xpath","value":"//button[contains(@id, \"massStateBtn\")]"}
COMMAND: POST /session/cceede9c5f6b3bef019bae67b0c37570/elements - {"using":"xpath","value":"//button[contains(@id, \"massStateBtn\")]"}
RESULT: {"using":"xpath","value":"//button[contains(@id, \"massStateBtn\")]"}
COMMAND: POST /session/cceede9c5f6b3bef019bae67b0c37570/elements - {"using":"xpath","value":"//button[contains(@id, \"massStateBtn\")]"}
RESULT: {"using":"xpath","value":"//button[contains(@id, \"massStateBtn\")]"}
COMMAND: POST /session/cceede9c5f6b3bef019bae67b0c37570/elements - {"using":"xpath","value":"//button[contains(@id, \"massStateBtn\")]"}
RESULT: {"using":"xpath","value":"//button[contains(@id, \"massStateBtn\")]"}
COMMAND: POST /session/cceede9c5f6b3bef019bae67b0c37570/elements - {"using":"xpath","value":"//button[contains(@id, \"massStateBtn\")]"}
RESULT: {"using":"xpath","value":"//button[contains(@id, \"massStateBtn\")]"}
COMMAND: POST /session/cceede9c5f6b3bef019bae67b0c37570/elements - {"using":"xpath","value":"//button[contains(@id, \"massStateBtn\")]"}
RESULT: {"using":"xpath","value":"//button[contains(@id, \"massStateBtn\")]"}
COMMAND: POST /session/cceede9c5f6b3bef019bae67b0c37570/elements - {"using":"xpath","value":"//button[contains(@id, \"massStateBtn\")]"}
RESULT: {"using":"xpath","value":"//button[contains(@id, \"massStateBtn\")]"}
COMMAND: POST /session/cceede9c5f6b3bef019bae67b0c37570/elements - {"using":"xpath","value":"//button[contains(@id, \"massStateBtn\")]"}
RESULT: {"using":"xpath","value":"//button[contains(@id, \"massStateBtn\")]"}
COMMAND: POST /session/cceede9c5f6b3bef019bae67b0c37570/elements - {"using":"xpath","value":"//button[contains(@id, \"massStateBtn\")]"}
RESULT: {"using":"xpath","value":"//button[contains(@id, \"massStateBtn\")]"}
COMMAND: POST /session/cceede9c5f6b3bef019bae67b0c37570/elements - {"using":"xpath","value":"//button[contains(@id, \"massStateBtn\")]"}
RESULT: {"using":"xpath","value":"//button[contains(@id, \"massStateBtn\")]"}
COMMAND: POST /session/cceede9c5f6b3bef019bae67b0c37570/elements - {"using":"xpath","value":"//button[contains(@id, \"massStateBtn\")]"}
RESULT: {"using":"xpath","value":"//button[contains(@id, \"massStateBtn\")]"}
COMMAND: POST /session/cceede9c5f6b3bef019bae67b0c37570/elements - {"using":"xpath","value":"//button[contains(@id, \"massStateBtn\")]"}
RESULT: {"using":"xpath","value":"//button[contains(@id, \"massStateBtn\")]"}
COMMAND: POST /session/cceede9c5f6b3bef019bae67b0c37570/elements - {"using":"xpath","value":"//button[contains(@id, \"massStateBtn\")]"}
RESULT: {"using":"xpath","value":"//button[contains(@id, \"massStateBtn\")]"}
COMMAND: POST /session/cceede9c5f6b3bef019bae67b0c37570/elements - {"using":"xpath","value":"//button[contains(@id, \"massStateBtn\")]"}
RESULT: {"using":"xpath","value":"//button[contains(@id, \"massStateBtn\")]"}
COMMAND: POST /session/cceede9c5f6b3bef019bae67b0c37570/elements - {"using":"xpath","value":"//button[contains(@id, \"massStateBtn\")]"}
RESULT: {"using":"xpath","value":"//button[contains(@id, \"massStateBtn\")]"}
COMMAND: POST /session/cceede9c5f6b3bef019bae67b0c37570/elements - {"using":"xpath","value":"//button[contains(@id, \"massStateBtn\")]"}
RESULT: {"using":"xpath","value":"//button[contains(@id, \"massStateBtn\")]"}
COMMAND: POST /session/cceede9c5f6b3bef019bae67b0c37570/elements - {"using":"xpath","value":"//button[contains(@id, \"massStateBtn\")]"}
RESULT: {"using":"xpath","value":"//button[contains(@id, \"massStateBtn\")]"}
COMMAND: POST /session/cceede9c5f6b3bef019bae67b0c37570/elements - {"using":"xpath","value":"//button[contains(@id, \"massStateBtn\")]"}
RESULT: {"using":"xpath","value":"//button[contains(@id, \"massStateBtn\")]"}
COMMAND: POST /session/cceede9c5f6b3bef019bae67b0c37570/elements - {"using":"xpath","value":"//button[contains(@id, \"massStateBtn\")]"}
RESULT: {"using":"xpath","value":"//button[contains(@id, \"massStateBtn\")]"}
COMMAND: POST /session/cceede9c5f6b3bef019bae67b0c37570/elements - {"using":"xpath","value":"//button[contains(@id, \"massStateBtn\")]"}
RESULT: {"using":"xpath","value":"//button[contains(@id, \"massStateBtn\")]"}
COMMAND: POST /session/cceede9c5f6b3bef019bae67b0c37570/elements - {"using":"xpath","value":"//button[contains(@id, \"massStateBtn\")]"}
RESULT: {"using":"xpath","value":"//button[contains(@id, \"massStateBtn\")]"}
COMMAND: POST /session/cceede9c5f6b3bef019bae67b0c37570/elements - {"using":"xpath","value":"//button[contains(@id, \"massStateBtn\")]"}
RESULT: {"using":"xpath","value":"//button[contains(@id, \"massStateBtn\")]"}
COMMAND: POST /session/cceede9c5f6b3bef019bae67b0c37570/elements - {"using":"xpath","value":"//button[contains(@id, \"massStateBtn\")]"}
RESULT: {"using":"xpath","value":"//button[contains(@id, \"massStateBtn\")]"}
COMMAND: POST /session/cceede9c5f6b3bef019bae67b0c37570/elements - {"using":"xpath","value":"//button[contains(@id, \"massStateBtn\")]"}
RESULT: {"using":"xpath","value":"//button[contains(@id, \"massStateBtn\")]"}
COMMAND: POST /session/cceede9c5f6b3bef019bae67b0c37570/elements - {"using":"xpath","value":"//button[contains(@id, \"massStateBtn\")]"}
RESULT: {"using":"xpath","value":"//button[contains(@id, \"massStateBtn\")]"}
COMMAND: POST /session/cceede9c5f6b3bef019bae67b0c37570/elements - {"using":"xpath","value":"//button[contains(@id, \"massStateBtn\")]"}
RESULT: {"using":"xpath","value":"//button[contains(@id, \"massStateBtn\")]"}
COMMAND: POST /session/cceede9c5f6b3bef019bae67b0c37570/elements - {"using":"xpath","value":"//button[contains(@id, \"massStateBtn\")]"}
RESULT: {"using":"xpath","value":"//button[contains(@id, \"massStateBtn\")]"}
COMMAND: POST /session/cceede9c5f6b3bef019bae67b0c37570/elements - {"using":"xpath","value":"//button[contains(@id, \"massStateBtn\")]"}
RESULT: {"using":"xpath","value":"//button[contains(@id, \"massStateBtn\")]"}
COMMAND: POST /session/cceede9c5f6b3bef019bae67b0c37570/elements - {"using":"xpath","value":"//button[contains(@id, \"massStateBtn\")]"}
RESULT: {"using":"xpath","value":"//button[contains(@id, \"massStateBtn\")]"}
COMMAND: POST /session/cceede9c5f6b3bef019bae67b0c37570/elements - {"using":"xpath","value":"//button[contains(@id, \"massStateBtn\")]"}
RESULT: {"using":"xpath","value":"//button[contains(@id, \"massStateBtn\")]"}
COMMAND: POST /session/cceede9c5f6b3bef019bae67b0c37570/elements - {"using":"xpath","value":"//button[contains(@id, \"massStateBtn\")]"}
RESULT: {"using":"xpath","value":"//button[contains(@id, \"massStateBtn\")]"}
COMMAND: POST /session/cceede9c5f6b3bef019bae67b0c37570/elements - {"using":"xpath","value":"//button[contains(@id, \"massStateBtn\")]"}
RESULT: {"using":"xpath","value":"//button[contains(@id, \"massStateBtn\")]"}
COMMAND: POST /session/cceede9c5f6b3bef019bae67b0c37570/elements - {"using":"xpath","value":"//button[contains(@id, \"massStateBtn\")]"}
RESULT: {"using":"xpath","value":"//button[contains(@id, \"massStateBtn\")]"}
COMMAND: POST /session/cceede9c5f6b3bef019bae67b0c37570/elements - {"using":"xpath","value":"//button[contains(@id, \"massStateBtn\")]"}
RESULT: {"using":"xpath","value":"//button[contains(@id, \"massStateBtn\")]"}
COMMAND: POST /session/cceede9c5f6b3bef019bae67b0c37570/elements - {"using":"xpath","value":"//button[contains(@id, \"massStateBtn\")]"}
RESULT: {"using":"xpath","value":"//button[contains(@id, \"massStateBtn\")]"}
COMMAND: POST /session/cceede9c5f6b3bef019bae67b0c37570/elements - {"using":"xpath","value":"//button[contains(@id, \"massStateBtn\")]"}
RESULT: {"using":"xpath","value":"//button[contains(@id, \"massStateBtn\")]"}
COMMAND: POST /session/cceede9c5f6b3bef019bae67b0c37570/elements - {"using":"xpath","value":"//button[contains(@id, \"massStateBtn\")]"}
RESULT: {"using":"xpath","value":"//button[contains(@id, \"massStateBtn\")]"}
COMMAND: POST /session/cceede9c5f6b3bef019bae67b0c37570/elements - {"using":"xpath","value":"//button[contains(@id, \"massStateBtn\")]"}
RESULT: {"using":"xpath","value":"//button[contains(@id, \"massStateBtn\")]"}
COMMAND: POST /session/cceede9c5f6b3bef019bae67b0c37570/elements - {"using":"xpath","value":"//button[contains(@id, \"massStateBtn\")]"}
RESULT: {"using":"xpath","value":"//button[contains(@id, \"massStateBtn\")]"}
COMMAND: POST /session/cceede9c5f6b3bef019bae67b0c37570/elements - {"using":"xpath","value":"//button[contains(@id, \"massStateBtn\")]"}
RESULT: {"using":"xpath","value":"//button[contains(@id, \"massStateBtn\")]"}
COMMAND: POST /session/cceede9c5f6b3bef019bae67b0c37570/elements - {"using":"xpath","value":"//button[contains(@id, \"massStateBtn\")]"}
RESULT: {"using":"xpath","value":"//button[contains(@id, \"massStateBtn\")]"}
COMMAND: POST /session/cceede9c5f6b3bef019bae67b0c37570/elements - {"using":"xpath","value":"//button[contains(@id, \"massStateBtn\")]"}
RESULT: {"using":"xpath","value":"//button[contains(@id, \"massStateBtn\")]"}
COMMAND: POST /session/cceede9c5f6b3bef019bae67b0c37570/elements - {"using":"xpath","value":"//button[contains(@id, \"massStateBtn\")]"}
RESULT: {"using":"xpath","value":"//button[contains(@id, \"massStateBtn\")]"}
COMMAND: POST /session/cceede9c5f6b3bef019bae67b0c37570/elements - {"using":"xpath","value":"//button[contains(@id, \"massStateBtn\")]"}
RESULT: {"using":"xpath","value":"//button[contains(@id, \"massStateBtn\")]"}
COMMAND: POST /session/cceede9c5f6b3bef019bae67b0c37570/elements - {"using":"xpath","value":"//button[contains(@id, \"massStateBtn\")]"}
RESULT: {"using":"xpath","value":"//button[contains(@id, \"massStateBtn\")]"}
COMMAND: POST /session/cceede9c5f6b3bef019bae67b0c37570/elements - {"using":"xpath","value":"//button[contains(@id, \"massStateBtn\")]"}
RESULT: {"using":"xpath","value":"//button[contains(@id, \"massStateBtn\")]"}
COMMAND: POST /session/cceede9c5f6b3bef019bae67b0c37570/elements - {"using":"xpath","value":"//button[contains(@id, \"massStateBtn\")]"}
RESULT: {"using":"xpath","value":"//button[contains(@id, \"massStateBtn\")]"}
COMMAND: POST /session/cceede9c5f6b3bef019bae67b0c37570/elements - {"using":"xpath","value":"//button[contains(@id, \"massStateBtn\")]"}
RESULT: {"using":"xpath","value":"//button[contains(@id, \"massStateBtn\")]"}
COMMAND: POST /session/cceede9c5f6b3bef019bae67b0c37570/elements - {"using":"xpath","value":"//button[contains(@id, \"massStateBtn\")]"}
RESULT: {"using":"xpath","value":"//button[contains(@id, \"massStateBtn\")]"}
COMMAND: POST /session/cceede9c5f6b3bef019bae67b0c37570/elements - {"using":"xpath","value":"//button[contains(@id, \"massStateBtn\")]"}
RESULT: {"using":"xpath","value":"//button[contains(@id, \"massStateBtn\")]"}
COMMAND: POST /session/cceede9c5f6b3bef019bae67b0c37570/elements - {"using":"xpath","value":"//button[contains(@id, \"massStateBtn\")]"}
RESULT: {"using":"xpath","value":"//button[contains(@id, \"massStateBtn\")]"}
COMMAND: POST /session/cceede9c5f6b3bef019bae67b0c37570/elements - {"using":"xpath","value":"//button[contains(@id, \"massStateBtn\")]"}
RESULT: {"using":"xpath","value":"//button[contains(@id, \"massStateBtn\")]"}
COMMAND: POST /session/cceede9c5f6b3bef019bae67b0c37570/elements - {"using":"xpath","value":"//button[contains(@id, \"massStateBtn\")]"}
RESULT: {"using":"xpath","value":"//button[contains(@id, \"massStateBtn\")]"}
COMMAND: POST /session/cceede9c5f6b3bef019bae67b0c37570/elements - {"using":"xpath","value":"//button[contains(@id, \"massStateBtn\")]"}
COMMAND: GET /session/cceede9c5f6b3bef019bae67b0c37570/screenshot - {}
RESULT: {"using":"xpath","value":"//button[contains(@id, \"massStateBtn\")]"}
RESULT: {}
COMMAND: GET /session/cceede9c5f6b3bef019bae67b0c37570/screenshot - {}
COMMAND: GET /session/cceede9c5f6b3bef019bae67b0c37570/screenshot - {}
RESULT: {}
RESULT: {}
COMMAND: DELETE /session/cceede9c5f6b3bef019bae67b0c37570 - {}
RESULT: {}
]]></system-out>
      <system-err><![CDATA[
Error: element ("//button[contains(@id, "massStateBtn")]") still not existing after 45000ms
    at async Context.<anonymous> (D:\a\1\s\test\specs\HTR\ru-inv-list-mass-state-change.spec.js:345:9)
]]></system-err>
    </testcase>
  </testsuite>
</testsuites>