<?xml version="1.0" encoding="UTF-8"?>
<testsuites tests="12" failures="3" errors="3" skipped="0">
  <testsuite timestamp="2025-04-28T16:40:10" time="632.751" tests="9" failures="2" errors="2" skipped="0">
    <properties>
      <property name="specId" value="0" />
      <property name="suiteName" value="Create masterdata for Yard Overview - mass return US131057" />
      <property name="capabilities" value="chrome.135_0_7049_96.windows" />
      <property name="file" value="file:///D:/a/1/s/test/specs/HTR/yard-Mass-Return.spec.js" />
    </properties>
    <testcase classname="chrome.135_0_7049_96.windows.Create_masterdata_for_Yard_Overview_-_mass_return_US131057" name="Should create a yard" time="111.697">
      <system-out><![CDATA[
COMMAND: POST /session/e1651f9e57ffdf7e65c343015e5aefba/execute/async - {"script":"<script> [1562 bytes]","args":[{"selector":{"controlType":"sap.m.GenericTile","properties":{"header":"Manage Yards"}},"wdio_ui5_key":"sapm.GenericTile{\"header\":\"Manage Yards\"}"}]}
RESULT: {"script":"<script> [1562 bytes]","args":[{"selector":{"controlType":"sap.m.GenericTile","properties":{"header":"Manage Yards"}},"wdio_ui5_key":"sapm.GenericTile{\"header\":\"Manage Yards\"}"}]}
RESULT: undefined
COMMAND: POST /session/e1651f9e57ffdf7e65c343015e5aefba/element - {"using":"xpath","value":"//*[@id=\"__tile41\"]"}
RESULT: {"using":"xpath","value":"//*[@id=\"__tile41\"]"}
COMMAND: POST /session/e1651f9e57ffdf7e65c343015e5aefba/element/f.29BF19D1E518CA5A0B8B264D2F67E8CF.d.960BF702510FE55AE25BB4FE747235D7.e.113/click - {}
RESULT: {}
COMMAND: POST /session/e1651f9e57ffdf7e65c343015e5aefba/execute/async - {"script":"<script> [1562 bytes]","args":[{"selector":{"controlType":"sap.ui.core.Icon","viewName":"etm.portal.ui.manageyards.view.Master","viewId":"application-manageyards-display-component---masterYard","properties":{"src":{"regex":{"source":"add"}}}},"wdio_ui5_key":"etmportal.ui.manageyards.view.Mastersap.ui.core.Icon{\"src\":{\"regex\":{\"source\":\"add\"}}}"}]}
COMMAND: GET /session/e1651f9e57ffdf7e65c343015e5aefba/screenshot - {}
RESULT: {"script":"<script> [1562 bytes]","args":[{"selector":{"controlType":"sap.ui.core.Icon","viewName":"etm.portal.ui.manageyards.view.Master","viewId":"application-manageyards-display-component---masterYard","properties":{"src":{"regex":{"source":"add"}}}},"wdio_ui5_key":"etmportal.ui.manageyards.view.Mastersap.ui.core.Icon{\"src\":{\"regex\":{\"source\":\"add\"}}}"}]}
RESULT: undefined
COMMAND: POST /session/e1651f9e57ffdf7e65c343015e5aefba/element - {"using":"xpath","value":"//*[@id=\"__button4-img\"]"}
RESULT: {}
RESULT: {"using":"xpath","value":"//*[@id=\"__button4-img\"]"}
COMMAND: POST /session/e1651f9e57ffdf7e65c343015e5aefba/element/f.29BF19D1E518CA5A0B8B264D2F67E8CF.d.960BF702510FE55AE25BB4FE747235D7.e.160/click - {}
RESULT: {}
COMMAND: POST /session/e1651f9e57ffdf7e65c343015e5aefba/execute/async - {"script":"<script> [1562 bytes]","args":[{"selector":{"id":"application-manageyards-display-component---NewYard--addressDetailDetailsName1","interaction":{"idSuffix":"inner"}},"wdio_ui5_key":"applicationmanageyards-display-component---NewYard--addressDetailDetailsName1"}]}
COMMAND: GET /session/e1651f9e57ffdf7e65c343015e5aefba/screenshot - {}
RESULT: {"script":"<script> [1562 bytes]","args":[{"selector":{"id":"application-manageyards-display-component---NewYard--addressDetailDetailsName1","interaction":{"idSuffix":"inner"}},"wdio_ui5_key":"applicationmanageyards-display-component---NewYard--addressDetailDetailsName1"}]}
RESULT: undefined
COMMAND: POST /session/e1651f9e57ffdf7e65c343015e5aefba/execute/async - {"script":"<script> [776 bytes]","args":[{"enterText":"warehousemanagedYards81lf","selector":{"id":"application-manageyards-display-component---NewYard--addressDetailDetailsName1","interaction":{"idSuffix":"inner"}},"clearTextFirst":true,"interactionType":"ENTER_TEXT"}]}
RESULT: {}
RESULT: {"script":"<script> [776 bytes]","args":[{"enterText":"warehousemanagedYards81lf","selector":{"id":"application-manageyards-display-component---NewYard--addressDetailDetailsName1","interaction":{"idSuffix":"inner"}},"clearTextFirst":true,"interactionType":"ENTER_TEXT"}]}
COMMAND: POST /session/e1651f9e57ffdf7e65c343015e5aefba/execute/async - {"script":"<script> [1562 bytes]","args":[{"selector":{"id":"application-manageyards-display-component---NewYard--addressDetailDetailsLanguage-arrow"},"wdio_ui5_key":"applicationmanageyards-display-component---NewYard--addressDetailDetailsLanguage-arrow"}]}
RESULT: {"script":"<script> [1562 bytes]","args":[{"selector":{"id":"application-manageyards-display-component---NewYard--addressDetailDetailsLanguage-arrow"},"wdio_ui5_key":"applicationmanageyards-display-component---NewYard--addressDetailDetailsLanguage-arrow"}]}
RESULT: undefined
COMMAND: POST /session/e1651f9e57ffdf7e65c343015e5aefba/element - {"using":"xpath","value":"//*[@id=\"application-manageyards-display-component---NewYard--addressDetailDetailsLanguage-arrow\"]"}
RESULT: {"using":"xpath","value":"//*[@id=\"application-manageyards-display-component---NewYard--addressDetailDetailsLanguage-arrow\"]"}
COMMAND: POST /session/e1651f9e57ffdf7e65c343015e5aefba/element/f.29BF19D1E518CA5A0B8B264D2F67E8CF.d.960BF702510FE55AE25BB4FE747235D7.e.565/click - {}
RESULT: {}
COMMAND: POST /session/e1651f9e57ffdf7e65c343015e5aefba/execute/async - {"script":"<script> [1562 bytes]","args":[{"selector":{"controlType":"sap.m.StandardListItem","viewName":"etm.portal.ui.manageyards.view.New","viewId":"application-manageyards-display-component---NewYard","properties":{"title":"English"},"searchOpenDialogs":true,"interaction":{"idSuffix":"content"}},"wdio_ui5_key":"etmportal.ui.manageyards.view.Newsap.m.StandardListItem{\"title\":\"English\"}"}]}
COMMAND: GET /session/e1651f9e57ffdf7e65c343015e5aefba/screenshot - {}
RESULT: {"script":"<script> [1562 bytes]","args":[{"selector":{"controlType":"sap.m.StandardListItem","viewName":"etm.portal.ui.manageyards.view.New","viewId":"application-manageyards-display-component---NewYard","properties":{"title":"English"},"searchOpenDialogs":true,"interaction":{"idSuffix":"content"}},"wdio_ui5_key":"etmportal.ui.manageyards.view.Newsap.m.StandardListItem{\"title\":\"English\"}"}]}
RESULT: undefined
COMMAND: POST /session/e1651f9e57ffdf7e65c343015e5aefba/element - {"using":"xpath","value":"//*[@id=\"__item101\"]"}
RESULT: {}
RESULT: {"using":"xpath","value":"//*[@id=\"__item101\"]"}
COMMAND: POST /session/e1651f9e57ffdf7e65c343015e5aefba/element/f.29BF19D1E518CA5A0B8B264D2F67E8CF.d.960BF702510FE55AE25BB4FE747235D7.e.567/click - {}
RESULT: {}
COMMAND: POST /session/e1651f9e57ffdf7e65c343015e5aefba/execute/async - {"script":"<script> [1562 bytes]","args":[{"selector":{"id":"application-manageyards-display-component---NewYard--addressDetailDetailsCity1","interaction":{"idSuffix":"inner"}},"wdio_ui5_key":"applicationmanageyards-display-component---NewYard--addressDetailDetailsCity1"}]}
COMMAND: GET /session/e1651f9e57ffdf7e65c343015e5aefba/screenshot - {}
RESULT: {"script":"<script> [1562 bytes]","args":[{"selector":{"id":"application-manageyards-display-component---NewYard--addressDetailDetailsCity1","interaction":{"idSuffix":"inner"}},"wdio_ui5_key":"applicationmanageyards-display-component---NewYard--addressDetailDetailsCity1"}]}
RESULT: undefined
COMMAND: POST /session/e1651f9e57ffdf7e65c343015e5aefba/execute/async - {"script":"<script> [776 bytes]","args":[{"enterText":"Rosario","selector":{"id":"application-manageyards-display-component---NewYard--addressDetailDetailsCity1","interaction":{"idSuffix":"inner"}},"clearTextFirst":true,"interactionType":"ENTER_TEXT"}]}
RESULT: {}
RESULT: {"script":"<script> [776 bytes]","args":[{"enterText":"Rosario","selector":{"id":"application-manageyards-display-component---NewYard--addressDetailDetailsCity1","interaction":{"idSuffix":"inner"}},"clearTextFirst":true,"interactionType":"ENTER_TEXT"}]}
COMMAND: POST /session/e1651f9e57ffdf7e65c343015e5aefba/execute/async - {"script":"<script> [1562 bytes]","args":[{"selector":{"id":"application-manageyards-display-component---NewYard--addressDetailDetailsCountry-arrow"},"wdio_ui5_key":"applicationmanageyards-display-component---NewYard--addressDetailDetailsCountry-arrow"}]}
RESULT: {"script":"<script> [1562 bytes]","args":[{"selector":{"id":"application-manageyards-display-component---NewYard--addressDetailDetailsCountry-arrow"},"wdio_ui5_key":"applicationmanageyards-display-component---NewYard--addressDetailDetailsCountry-arrow"}]}
RESULT: undefined
COMMAND: POST /session/e1651f9e57ffdf7e65c343015e5aefba/element - {"using":"xpath","value":"//*[@id=\"application-manageyards-display-component---NewYard--addressDetailDetailsCountry-arrow\"]"}
RESULT: {"using":"xpath","value":"//*[@id=\"application-manageyards-display-component---NewYard--addressDetailDetailsCountry-arrow\"]"}
COMMAND: POST /session/e1651f9e57ffdf7e65c343015e5aefba/element/f.29BF19D1E518CA5A0B8B264D2F67E8CF.d.960BF702510FE55AE25BB4FE747235D7.e.528/click - {}
RESULT: {}
COMMAND: POST /session/e1651f9e57ffdf7e65c343015e5aefba/execute/async - {"script":"<script> [1562 bytes]","args":[{"selector":{"controlType":"sap.m.StandardListItem","viewName":"etm.portal.ui.manageyards.view.New","viewId":"application-manageyards-display-component---NewYard","properties":{"title":"Argentina"},"searchOpenDialogs":true,"interaction":{"idSuffix":"content"}},"wdio_ui5_key":"etmportal.ui.manageyards.view.Newsap.m.StandardListItem{\"title\":\"Argentina\"}"}]}
COMMAND: GET /session/e1651f9e57ffdf7e65c343015e5aefba/screenshot - {}
RESULT: {"script":"<script> [1562 bytes]","args":[{"selector":{"controlType":"sap.m.StandardListItem","viewName":"etm.portal.ui.manageyards.view.New","viewId":"application-manageyards-display-component---NewYard","properties":{"title":"Argentina"},"searchOpenDialogs":true,"interaction":{"idSuffix":"content"}},"wdio_ui5_key":"etmportal.ui.manageyards.view.Newsap.m.StandardListItem{\"title\":\"Argentina\"}"}]}
RESULT: undefined
COMMAND: POST /session/e1651f9e57ffdf7e65c343015e5aefba/element - {"using":"xpath","value":"//*[@id=\"__item144\"]"}
RESULT: {}
RESULT: {"using":"xpath","value":"//*[@id=\"__item144\"]"}
COMMAND: POST /session/e1651f9e57ffdf7e65c343015e5aefba/element/f.29BF19D1E518CA5A0B8B264D2F67E8CF.d.960BF702510FE55AE25BB4FE747235D7.e.571/click - {}
RESULT: {}
COMMAND: POST /session/e1651f9e57ffdf7e65c343015e5aefba/execute/async - {"script":"<script> [1562 bytes]","args":[{"selector":{"controlType":"sap.m.Button","viewName":"etm.portal.ui.manageyards.view.New","viewId":"application-manageyards-display-component---NewYard","properties":{"text":"Commercial"},"interaction":{"idSuffix":"BDI-content"}},"wdio_ui5_key":"etmportal.ui.manageyards.view.Newsap.m.Button{\"text\":\"Commercial\"}"}]}
COMMAND: GET /session/e1651f9e57ffdf7e65c343015e5aefba/screenshot - {}
RESULT: {"script":"<script> [1562 bytes]","args":[{"selector":{"controlType":"sap.m.Button","viewName":"etm.portal.ui.manageyards.view.New","viewId":"application-manageyards-display-component---NewYard","properties":{"text":"Commercial"},"interaction":{"idSuffix":"BDI-content"}},"wdio_ui5_key":"etmportal.ui.manageyards.view.Newsap.m.Button{\"text\":\"Commercial\"}"}]}
RESULT: undefined
COMMAND: POST /session/e1651f9e57ffdf7e65c343015e5aefba/element - {"using":"xpath","value":"//*[@id=\"application-manageyards-display-component---NewYard--ObjectPageLayout-anchBar-__section5-anchor\"]"}
RESULT: {}
RESULT: {"using":"xpath","value":"//*[@id=\"application-manageyards-display-component---NewYard--ObjectPageLayout-anchBar-__section5-anchor\"]"}
COMMAND: POST /session/e1651f9e57ffdf7e65c343015e5aefba/element/f.29BF19D1E518CA5A0B8B264D2F67E8CF.d.960BF702510FE55AE25BB4FE747235D7.e.573/click - {}
RESULT: {}
COMMAND: GET /session/e1651f9e57ffdf7e65c343015e5aefba/screenshot - {}
RESULT: {}
COMMAND: POST /session/e1651f9e57ffdf7e65c343015e5aefba/execute/async - {"script":"<script> [1562 bytes]","args":[{"selector":{"id":"application-manageyards-display-component---NewYard--addressEditDetailsCostObjectCstType-arrow"},"wdio_ui5_key":"applicationmanageyards-display-component---NewYard--addressEditDetailsCostObjectCstType-arrow"}]}
RESULT: {"script":"<script> [1562 bytes]","args":[{"selector":{"id":"application-manageyards-display-component---NewYard--addressEditDetailsCostObjectCstType-arrow"},"wdio_ui5_key":"applicationmanageyards-display-component---NewYard--addressEditDetailsCostObjectCstType-arrow"}]}
RESULT: undefined
COMMAND: POST /session/e1651f9e57ffdf7e65c343015e5aefba/element - {"using":"xpath","value":"//*[@id=\"application-manageyards-display-component---NewYard--addressEditDetailsCostObjectCstType-arrow\"]"}
RESULT: {"using":"xpath","value":"//*[@id=\"application-manageyards-display-component---NewYard--addressEditDetailsCostObjectCstType-arrow\"]"}
COMMAND: POST /session/e1651f9e57ffdf7e65c343015e5aefba/element/f.29BF19D1E518CA5A0B8B264D2F67E8CF.d.960BF702510FE55AE25BB4FE747235D7.e.583/click - {}
RESULT: {}
COMMAND: GET /session/e1651f9e57ffdf7e65c343015e5aefba/screenshot - {}
RESULT: {}
COMMAND: POST /session/e1651f9e57ffdf7e65c343015e5aefba/execute/async - {"script":"<script> [1562 bytes]","args":[{"selector":{"controlType":"sap.m.StandardListItem","viewName":"etm.portal.ui.manageyards.view.New","viewId":"application-manageyards-display-component---NewYard","properties":{"title":"Cost Center"},"searchOpenDialogs":true,"interaction":{"idSuffix":"titleText"}},"wdio_ui5_key":"etmportal.ui.manageyards.view.Newsap.m.StandardListItem{\"title\":\"Cost Center\"}"}]}
RESULT: {"script":"<script> [1562 bytes]","args":[{"selector":{"controlType":"sap.m.StandardListItem","viewName":"etm.portal.ui.manageyards.view.New","viewId":"application-manageyards-display-component---NewYard","properties":{"title":"Cost Center"},"searchOpenDialogs":true,"interaction":{"idSuffix":"titleText"}},"wdio_ui5_key":"etmportal.ui.manageyards.view.Newsap.m.StandardListItem{\"title\":\"Cost Center\"}"}]}
RESULT: undefined
COMMAND: POST /session/e1651f9e57ffdf7e65c343015e5aefba/element - {"using":"xpath","value":"//*[@id=\"__item234\"]"}
RESULT: {"using":"xpath","value":"//*[@id=\"__item234\"]"}
COMMAND: POST /session/e1651f9e57ffdf7e65c343015e5aefba/element/f.29BF19D1E518CA5A0B8B264D2F67E8CF.d.960BF702510FE55AE25BB4FE747235D7.e.585/click - {}
RESULT: {}
COMMAND: POST /session/e1651f9e57ffdf7e65c343015e5aefba/element - {"using":"xpath","value":"//input[@id=\"application-manageyards-display-component---NewYard--addressNewCostObjectCstID-inner\"]"}
COMMAND: GET /session/e1651f9e57ffdf7e65c343015e5aefba/screenshot - {}
RESULT: {"using":"xpath","value":"//input[@id=\"application-manageyards-display-component---NewYard--addressNewCostObjectCstID-inner\"]"}
COMMAND: POST /session/e1651f9e57ffdf7e65c343015e5aefba/element/f.29BF19D1E518CA5A0B8B264D2F67E8CF.d.960BF702510FE55AE25BB4FE747235D7.e.388/clear - {}
RESULT: {}
COMMAND: POST /session/e1651f9e57ffdf7e65c343015e5aefba/element - {"using":"xpath","value":"//input[@id=\"application-manageyards-display-component---NewYard--addressNewCostObjectCstID-inner\"]"}
RESULT: {"using":"xpath","value":"//input[@id=\"application-manageyards-display-component---NewYard--addressNewCostObjectCstID-inner\"]"}
COMMAND: POST /session/e1651f9e57ffdf7e65c343015e5aefba/element/f.29BF19D1E518CA5A0B8B264D2F67E8CF.d.960BF702510FE55AE25BB4FE747235D7.e.388/clear - {}
COMMAND: POST /session/e1651f9e57ffdf7e65c343015e5aefba/element - {"using":"xpath","value":"//input[@id=\"application-manageyards-display-component---NewYard--addressNewCostObjectCstID-inner\"]"}
RESULT: {"using":"xpath","value":"//input[@id=\"application-manageyards-display-component---NewYard--addressNewCostObjectCstID-inner\"]"}
COMMAND: POST /session/e1651f9e57ffdf7e65c343015e5aefba/element/f.29BF19D1E518CA5A0B8B264D2F67E8CF.d.960BF702510FE55AE25BB4FE747235D7.e.588/clear - {}
COMMAND: POST /session/e1651f9e57ffdf7e65c343015e5aefba/element - {"using":"xpath","value":"//input[@id=\"application-manageyards-display-component---NewYard--addressNewCostObjectCstID-inner\"]"}
RESULT: {"using":"xpath","value":"//input[@id=\"application-manageyards-display-component---NewYard--addressNewCostObjectCstID-inner\"]"}
COMMAND: POST /session/e1651f9e57ffdf7e65c343015e5aefba/element/f.29BF19D1E518CA5A0B8B264D2F67E8CF.d.960BF702510FE55AE25BB4FE747235D7.e.588/clear - {}
COMMAND: POST /session/e1651f9e57ffdf7e65c343015e5aefba/element - {"using":"xpath","value":"//input[@id=\"application-manageyards-display-component---NewYard--addressNewCostObjectCstID-inner\"]"}
RESULT: {"using":"xpath","value":"//input[@id=\"application-manageyards-display-component---NewYard--addressNewCostObjectCstID-inner\"]"}
COMMAND: POST /session/e1651f9e57ffdf7e65c343015e5aefba/element/f.29BF19D1E518CA5A0B8B264D2F67E8CF.d.960BF702510FE55AE25BB4FE747235D7.e.590/clear - {}
RESULT: {}
COMMAND: POST /session/e1651f9e57ffdf7e65c343015e5aefba/element/f.29BF19D1E518CA5A0B8B264D2F67E8CF.d.960BF702510FE55AE25BB4FE747235D7.e.590/value - {"text":"10001013"}
COMMAND: GET /session/e1651f9e57ffdf7e65c343015e5aefba/screenshot - {}
RESULT: {"text":"10001013"}
COMMAND: GET /session/e1651f9e57ffdf7e65c343015e5aefba/screenshot - {}
RESULT: {}
RESULT: {}
COMMAND: POST /session/e1651f9e57ffdf7e65c343015e5aefba/execute/async - {"script":"<script> [1562 bytes]","args":[{"selector":{"controlType":"sap.m.StandardListItem","viewName":"etm.portal.ui.manageyards.view.New","viewId":"application-manageyards-display-component---NewYard","properties":{"type":"Active"},"searchOpenDialogs":true,"interaction":{"idSuffix":"titleText"}},"wdio_ui5_key":"etmportal.ui.manageyards.view.Newsap.m.StandardListItem{\"type\":\"Active\"}"}]}
RESULT: {"script":"<script> [1562 bytes]","args":[{"selector":{"controlType":"sap.m.StandardListItem","viewName":"etm.portal.ui.manageyards.view.New","viewId":"application-manageyards-display-component---NewYard","properties":{"type":"Active"},"searchOpenDialogs":true,"interaction":{"idSuffix":"titleText"}},"wdio_ui5_key":"etmportal.ui.manageyards.view.Newsap.m.StandardListItem{\"type\":\"Active\"}"}]}
RESULT: undefined
COMMAND: POST /session/e1651f9e57ffdf7e65c343015e5aefba/element - {"using":"xpath","value":"//*[@id=\"__item339\"]"}
RESULT: {"using":"xpath","value":"//*[@id=\"__item339\"]"}
COMMAND: POST /session/e1651f9e57ffdf7e65c343015e5aefba/element/f.29BF19D1E518CA5A0B8B264D2F67E8CF.d.960BF702510FE55AE25BB4FE747235D7.e.594/click - {}
RESULT: {}
COMMAND: POST /session/e1651f9e57ffdf7e65c343015e5aefba/execute/async - {"script":"<script> [1562 bytes]","args":[{"selector":{"id":"application-manageyards-display-component---NewYard--addressEditDetailsCurrency-arrow"},"wdio_ui5_key":"applicationmanageyards-display-component---NewYard--addressEditDetailsCurrency-arrow"}]}
COMMAND: GET /session/e1651f9e57ffdf7e65c343015e5aefba/screenshot - {}
RESULT: {"script":"<script> [1562 bytes]","args":[{"selector":{"id":"application-manageyards-display-component---NewYard--addressEditDetailsCurrency-arrow"},"wdio_ui5_key":"applicationmanageyards-display-component---NewYard--addressEditDetailsCurrency-arrow"}]}
RESULT: undefined
COMMAND: POST /session/e1651f9e57ffdf7e65c343015e5aefba/element - {"using":"xpath","value":"//*[@id=\"application-manageyards-display-component---NewYard--addressEditDetailsCurrency-arrow\"]"}
RESULT: {}
RESULT: {"using":"xpath","value":"//*[@id=\"application-manageyards-display-component---NewYard--addressEditDetailsCurrency-arrow\"]"}
COMMAND: POST /session/e1651f9e57ffdf7e65c343015e5aefba/element/f.29BF19D1E518CA5A0B8B264D2F67E8CF.d.960BF702510FE55AE25BB4FE747235D7.e.596/click - {}
RESULT: {}
COMMAND: POST /session/e1651f9e57ffdf7e65c343015e5aefba/execute/async - {"script":"<script> [1562 bytes]","args":[{"selector":{"controlType":"sap.m.StandardListItem","viewName":"etm.portal.ui.manageyards.view.New","viewId":"application-manageyards-display-component---NewYard","properties":{"title":"Euro"},"searchOpenDialogs":true,"interaction":{"idSuffix":"content"}},"wdio_ui5_key":"etmportal.ui.manageyards.view.Newsap.m.StandardListItem{\"title\":\"Euro\"}"}]}
COMMAND: GET /session/e1651f9e57ffdf7e65c343015e5aefba/screenshot - {}
RESULT: {"script":"<script> [1562 bytes]","args":[{"selector":{"controlType":"sap.m.StandardListItem","viewName":"etm.portal.ui.manageyards.view.New","viewId":"application-manageyards-display-component---NewYard","properties":{"title":"Euro"},"searchOpenDialogs":true,"interaction":{"idSuffix":"content"}},"wdio_ui5_key":"etmportal.ui.manageyards.view.Newsap.m.StandardListItem{\"title\":\"Euro\"}"}]}
RESULT: undefined
COMMAND: POST /session/e1651f9e57ffdf7e65c343015e5aefba/element - {"using":"xpath","value":"//*[@id=\"__item340\"]"}
RESULT: {}
RESULT: {"using":"xpath","value":"//*[@id=\"__item340\"]"}
COMMAND: POST /session/e1651f9e57ffdf7e65c343015e5aefba/element/f.29BF19D1E518CA5A0B8B264D2F67E8CF.d.960BF702510FE55AE25BB4FE747235D7.e.598/click - {}
RESULT: {}
COMMAND: POST /session/e1651f9e57ffdf7e65c343015e5aefba/execute/async - {"script":"<script> [1562 bytes]","args":[{"selector":{"controlType":"sap.m.Input","viewName":"etm.portal.ui.manageyards.view.New","viewId":"application-manageyards-display-component---NewYard","bindingPath":{"path":"","propertyPath":"/CONTROLLING_AREA","modelName":"NewYardModel"},"interaction":{"idSuffix":"inner"}},"wdio_ui5_key":"etmportal.ui.manageyards.view.Newsap.m.Input{\"path\":\"\",\"propertyPath\":\"/CONTROLLING_AREA\",\"modelName\":\"NewYardModel\"}"}]}
COMMAND: GET /session/e1651f9e57ffdf7e65c343015e5aefba/screenshot - {}
RESULT: {"script":"<script> [1562 bytes]","args":[{"selector":{"controlType":"sap.m.Input","viewName":"etm.portal.ui.manageyards.view.New","viewId":"application-manageyards-display-component---NewYard","bindingPath":{"path":"","propertyPath":"/CONTROLLING_AREA","modelName":"NewYardModel"},"interaction":{"idSuffix":"inner"}},"wdio_ui5_key":"etmportal.ui.manageyards.view.Newsap.m.Input{\"path\":\"\",\"propertyPath\":\"/CONTROLLING_AREA\",\"modelName\":\"NewYardModel\"}"}]}
RESULT: undefined
COMMAND: POST /session/e1651f9e57ffdf7e65c343015e5aefba/execute/async - {"script":"<script> [776 bytes]","args":[{"enterText":"Z001","selector":{"controlType":"sap.m.Input","viewName":"etm.portal.ui.manageyards.view.New","viewId":"application-manageyards-display-component---NewYard","bindingPath":{"path":"","propertyPath":"/CONTROLLING_AREA","modelName":"NewYardModel"},"interaction":{"idSuffix":"inner"}},"clearTextFirst":true,"interactionType":"ENTER_TEXT"}]}
RESULT: {}
RESULT: {"script":"<script> [776 bytes]","args":[{"enterText":"Z001","selector":{"controlType":"sap.m.Input","viewName":"etm.portal.ui.manageyards.view.New","viewId":"application-manageyards-display-component---NewYard","bindingPath":{"path":"","propertyPath":"/CONTROLLING_AREA","modelName":"NewYardModel"},"interaction":{"idSuffix":"inner"}},"clearTextFirst":true,"interactionType":"ENTER_TEXT"}]}
COMMAND: POST /session/e1651f9e57ffdf7e65c343015e5aefba/execute/async - {"script":"<script> [1562 bytes]","args":[{"selector":{"id":"application-manageyards-display-component---NewYard--companyCodeComboBox","interaction":{"idSuffix":"inner"}},"wdio_ui5_key":"applicationmanageyards-display-component---NewYard--companyCodeComboBox"}]}
RESULT: {"script":"<script> [1562 bytes]","args":[{"selector":{"id":"application-manageyards-display-component---NewYard--companyCodeComboBox","interaction":{"idSuffix":"inner"}},"wdio_ui5_key":"applicationmanageyards-display-component---NewYard--companyCodeComboBox"}]}
RESULT: undefined
COMMAND: POST /session/e1651f9e57ffdf7e65c343015e5aefba/execute/async - {"script":"<script> [776 bytes]","args":[{"enterText":"1000","selector":{"id":"application-manageyards-display-component---NewYard--companyCodeComboBox","interaction":{"idSuffix":"inner"}},"clearTextFirst":true,"interactionType":"ENTER_TEXT"}]}
RESULT: {"script":"<script> [776 bytes]","args":[{"enterText":"1000","selector":{"id":"application-manageyards-display-component---NewYard--companyCodeComboBox","interaction":{"idSuffix":"inner"}},"clearTextFirst":true,"interactionType":"ENTER_TEXT"}]}
COMMAND: POST /session/e1651f9e57ffdf7e65c343015e5aefba/execute/async - {"script":"<script> [1562 bytes]","args":[{"selector":{"controlType":"sap.m.Input","viewName":"etm.portal.ui.manageyards.view.New","viewId":"application-manageyards-display-component---NewYard","bindingPath":{"path":"","propertyPath":"/PLANT","modelName":"NewYardModel"},"interaction":{"idSuffix":"inner"}},"wdio_ui5_key":"etmportal.ui.manageyards.view.Newsap.m.Input{\"path\":\"\",\"propertyPath\":\"/PLANT\",\"modelName\":\"NewYardModel\"}"}]}
RESULT: {"script":"<script> [1562 bytes]","args":[{"selector":{"controlType":"sap.m.Input","viewName":"etm.portal.ui.manageyards.view.New","viewId":"application-manageyards-display-component---NewYard","bindingPath":{"path":"","propertyPath":"/PLANT","modelName":"NewYardModel"},"interaction":{"idSuffix":"inner"}},"wdio_ui5_key":"etmportal.ui.manageyards.view.Newsap.m.Input{\"path\":\"\",\"propertyPath\":\"/PLANT\",\"modelName\":\"NewYardModel\"}"}]}
RESULT: undefined
COMMAND: POST /session/e1651f9e57ffdf7e65c343015e5aefba/execute/async - {"script":"<script> [776 bytes]","args":[{"enterText":"1001","selector":{"controlType":"sap.m.Input","viewName":"etm.portal.ui.manageyards.view.New","viewId":"application-manageyards-display-component---NewYard","bindingPath":{"path":"","propertyPath":"/PLANT","modelName":"NewYardModel"},"interaction":{"idSuffix":"inner"}},"clearTextFirst":true,"interactionType":"ENTER_TEXT"}]}
RESULT: {"script":"<script> [776 bytes]","args":[{"enterText":"1001","selector":{"controlType":"sap.m.Input","viewName":"etm.portal.ui.manageyards.view.New","viewId":"application-manageyards-display-component---NewYard","bindingPath":{"path":"","propertyPath":"/PLANT","modelName":"NewYardModel"},"interaction":{"idSuffix":"inner"}},"clearTextFirst":true,"interactionType":"ENTER_TEXT"}]}
COMMAND: POST /session/e1651f9e57ffdf7e65c343015e5aefba/execute/async - {"script":"<script> [1562 bytes]","args":[{"selector":{"controlType":"sap.m.Input","viewName":"etm.portal.ui.manageyards.view.New","viewId":"application-manageyards-display-component---NewYard","bindingPath":{"path":"","propertyPath":"/SALES_AREA_VKORG","modelName":"NewYardModel"},"interaction":{"idSuffix":"inner"}},"wdio_ui5_key":"etmportal.ui.manageyards.view.Newsap.m.Input{\"path\":\"\",\"propertyPath\":\"/SALES_AREA_VKORG\",\"modelName\":\"NewYardModel\"}"}]}
RESULT: {"script":"<script> [1562 bytes]","args":[{"selector":{"controlType":"sap.m.Input","viewName":"etm.portal.ui.manageyards.view.New","viewId":"application-manageyards-display-component---NewYard","bindingPath":{"path":"","propertyPath":"/SALES_AREA_VKORG","modelName":"NewYardModel"},"interaction":{"idSuffix":"inner"}},"wdio_ui5_key":"etmportal.ui.manageyards.view.Newsap.m.Input{\"path\":\"\",\"propertyPath\":\"/SALES_AREA_VKORG\",\"modelName\":\"NewYardModel\"}"}]}
RESULT: undefined
COMMAND: POST /session/e1651f9e57ffdf7e65c343015e5aefba/execute/async - {"script":"<script> [776 bytes]","args":[{"enterText":"C002","selector":{"controlType":"sap.m.Input","viewName":"etm.portal.ui.manageyards.view.New","viewId":"application-manageyards-display-component---NewYard","bindingPath":{"path":"","propertyPath":"/SALES_AREA_VKORG","modelName":"NewYardModel"},"interaction":{"idSuffix":"inner"}},"clearTextFirst":true,"interactionType":"ENTER_TEXT"}]}
RESULT: {"script":"<script> [776 bytes]","args":[{"enterText":"C002","selector":{"controlType":"sap.m.Input","viewName":"etm.portal.ui.manageyards.view.New","viewId":"application-manageyards-display-component---NewYard","bindingPath":{"path":"","propertyPath":"/SALES_AREA_VKORG","modelName":"NewYardModel"},"interaction":{"idSuffix":"inner"}},"clearTextFirst":true,"interactionType":"ENTER_TEXT"}]}
COMMAND: POST /session/e1651f9e57ffdf7e65c343015e5aefba/execute/async - {"script":"<script> [1562 bytes]","args":[{"selector":{"controlType":"sap.m.Input","viewName":"etm.portal.ui.manageyards.view.New","viewId":"application-manageyards-display-component---NewYard","bindingPath":{"path":"","propertyPath":"/SALES_AREA_VTWEG","modelName":"NewYardModel"},"interaction":{"idSuffix":"inner"}},"wdio_ui5_key":"etmportal.ui.manageyards.view.Newsap.m.Input{\"path\":\"\",\"propertyPath\":\"/SALES_AREA_VTWEG\",\"modelName\":\"NewYardModel\"}"}]}
RESULT: {"script":"<script> [1562 bytes]","args":[{"selector":{"controlType":"sap.m.Input","viewName":"etm.portal.ui.manageyards.view.New","viewId":"application-manageyards-display-component---NewYard","bindingPath":{"path":"","propertyPath":"/SALES_AREA_VTWEG","modelName":"NewYardModel"},"interaction":{"idSuffix":"inner"}},"wdio_ui5_key":"etmportal.ui.manageyards.view.Newsap.m.Input{\"path\":\"\",\"propertyPath\":\"/SALES_AREA_VTWEG\",\"modelName\":\"NewYardModel\"}"}]}
RESULT: undefined
COMMAND: POST /session/e1651f9e57ffdf7e65c343015e5aefba/execute/async - {"script":"<script> [776 bytes]","args":[{"enterText":"C2","selector":{"controlType":"sap.m.Input","viewName":"etm.portal.ui.manageyards.view.New","viewId":"application-manageyards-display-component---NewYard","bindingPath":{"path":"","propertyPath":"/SALES_AREA_VTWEG","modelName":"NewYardModel"},"interaction":{"idSuffix":"inner"}},"clearTextFirst":true,"interactionType":"ENTER_TEXT"}]}
RESULT: {"script":"<script> [776 bytes]","args":[{"enterText":"C2","selector":{"controlType":"sap.m.Input","viewName":"etm.portal.ui.manageyards.view.New","viewId":"application-manageyards-display-component---NewYard","bindingPath":{"path":"","propertyPath":"/SALES_AREA_VTWEG","modelName":"NewYardModel"},"interaction":{"idSuffix":"inner"}},"clearTextFirst":true,"interactionType":"ENTER_TEXT"}]}
COMMAND: POST /session/e1651f9e57ffdf7e65c343015e5aefba/execute/async - {"script":"<script> [1562 bytes]","args":[{"selector":{"controlType":"sap.m.Input","viewName":"etm.portal.ui.manageyards.view.New","viewId":"application-manageyards-display-component---NewYard","bindingPath":{"path":"","propertyPath":"/SALES_AREA_SPART","modelName":"NewYardModel"},"interaction":{"idSuffix":"inner"}},"wdio_ui5_key":"etmportal.ui.manageyards.view.Newsap.m.Input{\"path\":\"\",\"propertyPath\":\"/SALES_AREA_SPART\",\"modelName\":\"NewYardModel\"}"}]}
RESULT: {"script":"<script> [1562 bytes]","args":[{"selector":{"controlType":"sap.m.Input","viewName":"etm.portal.ui.manageyards.view.New","viewId":"application-manageyards-display-component---NewYard","bindingPath":{"path":"","propertyPath":"/SALES_AREA_SPART","modelName":"NewYardModel"},"interaction":{"idSuffix":"inner"}},"wdio_ui5_key":"etmportal.ui.manageyards.view.Newsap.m.Input{\"path\":\"\",\"propertyPath\":\"/SALES_AREA_SPART\",\"modelName\":\"NewYardModel\"}"}]}
RESULT: undefined
COMMAND: POST /session/e1651f9e57ffdf7e65c343015e5aefba/execute/async - {"script":"<script> [776 bytes]","args":[{"enterText":"C2","selector":{"controlType":"sap.m.Input","viewName":"etm.portal.ui.manageyards.view.New","viewId":"application-manageyards-display-component---NewYard","bindingPath":{"path":"","propertyPath":"/SALES_AREA_SPART","modelName":"NewYardModel"},"interaction":{"idSuffix":"inner"}},"clearTextFirst":true,"interactionType":"ENTER_TEXT"}]}
RESULT: {"script":"<script> [776 bytes]","args":[{"enterText":"C2","selector":{"controlType":"sap.m.Input","viewName":"etm.portal.ui.manageyards.view.New","viewId":"application-manageyards-display-component---NewYard","bindingPath":{"path":"","propertyPath":"/SALES_AREA_SPART","modelName":"NewYardModel"},"interaction":{"idSuffix":"inner"}},"clearTextFirst":true,"interactionType":"ENTER_TEXT"}]}
COMMAND: POST /session/e1651f9e57ffdf7e65c343015e5aefba/execute/async - {"script":"<script> [1562 bytes]","args":[{"selector":{"controlType":"sap.m.Input","viewName":"etm.portal.ui.manageyards.view.New","viewId":"application-manageyards-display-component---NewYard","bindingPath":{"path":"","propertyPath":"/SHIP_POINT","modelName":"NewYardModel"},"interaction":{"idSuffix":"inner"}},"wdio_ui5_key":"etmportal.ui.manageyards.view.Newsap.m.Input{\"path\":\"\",\"propertyPath\":\"/SHIP_POINT\",\"modelName\":\"NewYardModel\"}"}]}
RESULT: {"script":"<script> [1562 bytes]","args":[{"selector":{"controlType":"sap.m.Input","viewName":"etm.portal.ui.manageyards.view.New","viewId":"application-manageyards-display-component---NewYard","bindingPath":{"path":"","propertyPath":"/SHIP_POINT","modelName":"NewYardModel"},"interaction":{"idSuffix":"inner"}},"wdio_ui5_key":"etmportal.ui.manageyards.view.Newsap.m.Input{\"path\":\"\",\"propertyPath\":\"/SHIP_POINT\",\"modelName\":\"NewYardModel\"}"}]}
RESULT: undefined
COMMAND: POST /session/e1651f9e57ffdf7e65c343015e5aefba/execute/async - {"script":"<script> [776 bytes]","args":[{"enterText":"1710","selector":{"controlType":"sap.m.Input","viewName":"etm.portal.ui.manageyards.view.New","viewId":"application-manageyards-display-component---NewYard","bindingPath":{"path":"","propertyPath":"/SHIP_POINT","modelName":"NewYardModel"},"interaction":{"idSuffix":"inner"}},"clearTextFirst":true,"interactionType":"ENTER_TEXT"}]}
RESULT: {"script":"<script> [776 bytes]","args":[{"enterText":"1710","selector":{"controlType":"sap.m.Input","viewName":"etm.portal.ui.manageyards.view.New","viewId":"application-manageyards-display-component---NewYard","bindingPath":{"path":"","propertyPath":"/SHIP_POINT","modelName":"NewYardModel"},"interaction":{"idSuffix":"inner"}},"clearTextFirst":true,"interactionType":"ENTER_TEXT"}]}
COMMAND: POST /session/e1651f9e57ffdf7e65c343015e5aefba/execute/async - {"script":"<script> [1562 bytes]","args":[{"selector":{"controlType":"sap.m.Input","viewName":"etm.portal.ui.manageyards.view.New","viewId":"application-manageyards-display-component---NewYard","bindingPath":{"path":"","propertyPath":"/DELIVERY_TYPE","modelName":"NewYardModel"},"interaction":{"idSuffix":"inner"}},"wdio_ui5_key":"etmportal.ui.manageyards.view.Newsap.m.Input{\"path\":\"\",\"propertyPath\":\"/DELIVERY_TYPE\",\"modelName\":\"NewYardModel\"}"}]}
RESULT: {"script":"<script> [1562 bytes]","args":[{"selector":{"controlType":"sap.m.Input","viewName":"etm.portal.ui.manageyards.view.New","viewId":"application-manageyards-display-component---NewYard","bindingPath":{"path":"","propertyPath":"/DELIVERY_TYPE","modelName":"NewYardModel"},"interaction":{"idSuffix":"inner"}},"wdio_ui5_key":"etmportal.ui.manageyards.view.Newsap.m.Input{\"path\":\"\",\"propertyPath\":\"/DELIVERY_TYPE\",\"modelName\":\"NewYardModel\"}"}]}
RESULT: undefined
COMMAND: POST /session/e1651f9e57ffdf7e65c343015e5aefba/execute/async - {"script":"<script> [776 bytes]","args":[{"enterText":"ZL01","selector":{"controlType":"sap.m.Input","viewName":"etm.portal.ui.manageyards.view.New","viewId":"application-manageyards-display-component---NewYard","bindingPath":{"path":"","propertyPath":"/DELIVERY_TYPE","modelName":"NewYardModel"},"interaction":{"idSuffix":"inner"}},"clearTextFirst":true,"interactionType":"ENTER_TEXT"}]}
RESULT: {"script":"<script> [776 bytes]","args":[{"enterText":"ZL01","selector":{"controlType":"sap.m.Input","viewName":"etm.portal.ui.manageyards.view.New","viewId":"application-manageyards-display-component---NewYard","bindingPath":{"path":"","propertyPath":"/DELIVERY_TYPE","modelName":"NewYardModel"},"interaction":{"idSuffix":"inner"}},"clearTextFirst":true,"interactionType":"ENTER_TEXT"}]}
COMMAND: POST /session/e1651f9e57ffdf7e65c343015e5aefba/execute/async - {"script":"<script> [1562 bytes]","args":[{"selector":{"controlType":"sap.m.Input","viewName":"etm.portal.ui.manageyards.view.New","viewId":"application-manageyards-display-component---NewYard","bindingPath":{"path":"","propertyPath":"/AUART","modelName":"NewYardModel"},"interaction":{"idSuffix":"inner"}},"wdio_ui5_key":"etmportal.ui.manageyards.view.Newsap.m.Input{\"path\":\"\",\"propertyPath\":\"/AUART\",\"modelName\":\"NewYardModel\"}"}]}
RESULT: {"script":"<script> [1562 bytes]","args":[{"selector":{"controlType":"sap.m.Input","viewName":"etm.portal.ui.manageyards.view.New","viewId":"application-manageyards-display-component---NewYard","bindingPath":{"path":"","propertyPath":"/AUART","modelName":"NewYardModel"},"interaction":{"idSuffix":"inner"}},"wdio_ui5_key":"etmportal.ui.manageyards.view.Newsap.m.Input{\"path\":\"\",\"propertyPath\":\"/AUART\",\"modelName\":\"NewYardModel\"}"}]}
RESULT: undefined
COMMAND: POST /session/e1651f9e57ffdf7e65c343015e5aefba/execute/async - {"script":"<script> [776 bytes]","args":[{"enterText":"TA","selector":{"controlType":"sap.m.Input","viewName":"etm.portal.ui.manageyards.view.New","viewId":"application-manageyards-display-component---NewYard","bindingPath":{"path":"","propertyPath":"/AUART","modelName":"NewYardModel"},"interaction":{"idSuffix":"inner"}},"clearTextFirst":true,"interactionType":"ENTER_TEXT"}]}
RESULT: {"script":"<script> [776 bytes]","args":[{"enterText":"TA","selector":{"controlType":"sap.m.Input","viewName":"etm.portal.ui.manageyards.view.New","viewId":"application-manageyards-display-component---NewYard","bindingPath":{"path":"","propertyPath":"/AUART","modelName":"NewYardModel"},"interaction":{"idSuffix":"inner"}},"clearTextFirst":true,"interactionType":"ENTER_TEXT"}]}
COMMAND: POST /session/e1651f9e57ffdf7e65c343015e5aefba/execute/async - {"script":"<script> [1562 bytes]","args":[{"selector":{"controlType":"sap.m.Button","viewName":"etm.portal.ui.manageyards.view.New","viewId":"application-manageyards-display-component---NewYard","i18NText":{"propertyName":"text","key":"save"},"interaction":{"idSuffix":"BDI-content"}},"wdio_ui5_key":"etmportal.ui.manageyards.view.Newsap.m.Button{\"propertyName\":\"text\",\"key\":\"save\"}"}]}
RESULT: {"script":"<script> [1562 bytes]","args":[{"selector":{"controlType":"sap.m.Button","viewName":"etm.portal.ui.manageyards.view.New","viewId":"application-manageyards-display-component---NewYard","i18NText":{"propertyName":"text","key":"save"},"interaction":{"idSuffix":"BDI-content"}},"wdio_ui5_key":"etmportal.ui.manageyards.view.Newsap.m.Button{\"propertyName\":\"text\",\"key\":\"save\"}"}]}
RESULT: undefined
COMMAND: POST /session/e1651f9e57ffdf7e65c343015e5aefba/element - {"using":"xpath","value":"//*[@id=\"__button18\"]"}
RESULT: {"using":"xpath","value":"//*[@id=\"__button18\"]"}
COMMAND: POST /session/e1651f9e57ffdf7e65c343015e5aefba/element/f.29BF19D1E518CA5A0B8B264D2F67E8CF.d.960BF702510FE55AE25BB4FE747235D7.e.550/click - {}
RESULT: {}
COMMAND: GET /session/e1651f9e57ffdf7e65c343015e5aefba/screenshot - {}
RESULT: {}
COMMAND: POST /session/e1651f9e57ffdf7e65c343015e5aefba/execute/async - {"script":"<script> [1562 bytes]","args":[{"selector":{"controlType":"sap.m.Text","viewName":"etm.portal.ui.manageyards.view.Detail","viewId":"application-manageyards-display-component---detailYard","bindingPath":{"propertyPath":"ID","modelName":"catalogModel"}},"wdio_ui5_key":"etmportal.ui.manageyards.view.Detailsap.m.Text{\"propertyPath\":\"ID\",\"modelName\":\"catalogModel\"}"}]}
RESULT: {"script":"<script> [1562 bytes]","args":[{"selector":{"controlType":"sap.m.Text","viewName":"etm.portal.ui.manageyards.view.Detail","viewId":"application-manageyards-display-component---detailYard","bindingPath":{"propertyPath":"ID","modelName":"catalogModel"}},"wdio_ui5_key":"etmportal.ui.manageyards.view.Detailsap.m.Text{\"propertyPath\":\"ID\",\"modelName\":\"catalogModel\"}"}]}
RESULT: undefined
COMMAND: POST /session/e1651f9e57ffdf7e65c343015e5aefba/execute/async - {"script":"<script> [6424 bytes]","args":[{"element-6066-11e4-a52e-4f735466cecf":"f.29BF19D1E518CA5A0B8B264D2F67E8CF.d.960BF702510FE55AE25BB4FE747235D7.e.803"},"getText",[]]}
RESULT: {"script":"<script> [6424 bytes]","args":[{"element-6066-11e4-a52e-4f735466cecf":"f.29BF19D1E518CA5A0B8B264D2F67E8CF.d.960BF702510FE55AE25BB4FE747235D7.e.803"},"getText",[]]}
COMMAND: POST /session/e1651f9e57ffdf7e65c343015e5aefba/element - {"using":"css selector","value":"#shell-header-logo"}
RESULT: {"using":"css selector","value":"#shell-header-logo"}
COMMAND: POST /session/e1651f9e57ffdf7e65c343015e5aefba/element/f.29BF19D1E518CA5A0B8B264D2F67E8CF.d.960BF702510FE55AE25BB4FE747235D7.e.116/click - {}
RESULT: {}
COMMAND: GET /session/e1651f9e57ffdf7e65c343015e5aefba/screenshot - {}
RESULT: {}
]]></system-out>
    </testcase>
    <testcase classname="chrome.135_0_7049_96.windows.Create_masterdata_for_Yard_Overview_-_mass_return_US131057" name="Should create site" time="57.66">
      <system-out><![CDATA[
COMMAND: POST /session/e1651f9e57ffdf7e65c343015e5aefba/execute/async - {"script":"<script> [1562 bytes]","args":[{"selector":{"controlType":"sap.m.GenericTile","properties":{"header":"Manage Sites"}},"wdio_ui5_key":"sapm.GenericTile{\"header\":\"Manage Sites\"}"}]}
RESULT: {"script":"<script> [1562 bytes]","args":[{"selector":{"controlType":"sap.m.GenericTile","properties":{"header":"Manage Sites"}},"wdio_ui5_key":"sapm.GenericTile{\"header\":\"Manage Sites\"}"}]}
RESULT: undefined
COMMAND: POST /session/e1651f9e57ffdf7e65c343015e5aefba/element - {"using":"xpath","value":"//*[@id=\"__tile40\"]"}
RESULT: {"using":"xpath","value":"//*[@id=\"__tile40\"]"}
COMMAND: POST /session/e1651f9e57ffdf7e65c343015e5aefba/element/f.29BF19D1E518CA5A0B8B264D2F67E8CF.d.960BF702510FE55AE25BB4FE747235D7.e.805/click - {}
RESULT: {}
COMMAND: GET /session/e1651f9e57ffdf7e65c343015e5aefba/screenshot - {}
RESULT: {}
COMMAND: POST /session/e1651f9e57ffdf7e65c343015e5aefba/execute/async - {"script":"<script> [1562 bytes]","args":[{"selector":{"controlType":"sap.ui.core.Icon","viewName":"etm.portal.ui.managesites.view.Master","viewId":"application-managesites-display-component---masterSite","properties":{"src":{"regex":{"source":"add"}}}},"wdio_ui5_key":"etmportal.ui.managesites.view.Mastersap.ui.core.Icon{\"src\":{\"regex\":{\"source\":\"add\"}}}"}]}
RESULT: {"script":"<script> [1562 bytes]","args":[{"selector":{"controlType":"sap.ui.core.Icon","viewName":"etm.portal.ui.managesites.view.Master","viewId":"application-managesites-display-component---masterSite","properties":{"src":{"regex":{"source":"add"}}}},"wdio_ui5_key":"etmportal.ui.managesites.view.Mastersap.ui.core.Icon{\"src\":{\"regex\":{\"source\":\"add\"}}}"}]}
RESULT: undefined
COMMAND: POST /session/e1651f9e57ffdf7e65c343015e5aefba/element - {"using":"xpath","value":"//*[@id=\"__button64-img\"]"}
RESULT: {"using":"xpath","value":"//*[@id=\"__button64-img\"]"}
COMMAND: POST /session/e1651f9e57ffdf7e65c343015e5aefba/element/f.29BF19D1E518CA5A0B8B264D2F67E8CF.d.960BF702510FE55AE25BB4FE747235D7.e.855/click - {}
RESULT: {}
COMMAND: GET /session/e1651f9e57ffdf7e65c343015e5aefba/screenshot - {}
COMMAND: POST /session/e1651f9e57ffdf7e65c343015e5aefba/execute/async - {"script":"<script> [1562 bytes]","args":[{"selector":{"controlType":"sap.m.Button","viewName":"etm.portal.ui.managesites.view.NewSmartSite","viewId":"application-managesites-display-component---NewSite","properties":{"text":"General Information"},"interaction":{"idSuffix":"BDI-content"}},"wdio_ui5_key":"etmportal.ui.managesites.view.NewSmartSitesap.m.Button{\"text\":\"General Information\"}"}]}
RESULT: {}
RESULT: {"script":"<script> [1562 bytes]","args":[{"selector":{"controlType":"sap.m.Button","viewName":"etm.portal.ui.managesites.view.NewSmartSite","viewId":"application-managesites-display-component---NewSite","properties":{"text":"General Information"},"interaction":{"idSuffix":"BDI-content"}},"wdio_ui5_key":"etmportal.ui.managesites.view.NewSmartSitesap.m.Button{\"text\":\"General Information\"}"}]}
RESULT: undefined
COMMAND: POST /session/e1651f9e57ffdf7e65c343015e5aefba/element - {"using":"xpath","value":"//*[@id=\"application-managesites-display-component---NewSite--ObjectPageLayout-anchBar-__section31-anchor\"]"}
RESULT: {"using":"xpath","value":"//*[@id=\"application-managesites-display-component---NewSite--ObjectPageLayout-anchBar-__section31-anchor\"]"}
COMMAND: POST /session/e1651f9e57ffdf7e65c343015e5aefba/element/f.29BF19D1E518CA5A0B8B264D2F67E8CF.d.960BF702510FE55AE25BB4FE747235D7.e.1237/click - {}
RESULT: {}
COMMAND: POST /session/e1651f9e57ffdf7e65c343015e5aefba/execute/async - {"script":"<script> [1562 bytes]","args":[{"selector":{"id":"application-managesites-display-component---NewSite--addressDetailDetailsName1","interaction":{"idSuffix":"inner"}},"wdio_ui5_key":"applicationmanagesites-display-component---NewSite--addressDetailDetailsName1"}]}
COMMAND: GET /session/e1651f9e57ffdf7e65c343015e5aefba/screenshot - {}
RESULT: {"script":"<script> [1562 bytes]","args":[{"selector":{"id":"application-managesites-display-component---NewSite--addressDetailDetailsName1","interaction":{"idSuffix":"inner"}},"wdio_ui5_key":"applicationmanagesites-display-component---NewSite--addressDetailDetailsName1"}]}
RESULT: undefined
COMMAND: POST /session/e1651f9e57ffdf7e65c343015e5aefba/execute/async - {"script":"<script> [776 bytes]","args":[{"enterText":"WDI5 Site","selector":{"id":"application-managesites-display-component---NewSite--addressDetailDetailsName1","interaction":{"idSuffix":"inner"}},"clearTextFirst":true,"interactionType":"ENTER_TEXT"}]}
RESULT: {}
RESULT: {"script":"<script> [776 bytes]","args":[{"enterText":"WDI5 Site","selector":{"id":"application-managesites-display-component---NewSite--addressDetailDetailsName1","interaction":{"idSuffix":"inner"}},"clearTextFirst":true,"interactionType":"ENTER_TEXT"}]}
COMMAND: POST /session/e1651f9e57ffdf7e65c343015e5aefba/execute/async - {"script":"<script> [1562 bytes]","args":[{"selector":{"id":"application-managesites-display-component---NewSite--addressDetailDetailsLanguage","interaction":{"idSuffix":"inner"}},"wdio_ui5_key":"applicationmanagesites-display-component---NewSite--addressDetailDetailsLanguage"}]}
RESULT: {"script":"<script> [1562 bytes]","args":[{"selector":{"id":"application-managesites-display-component---NewSite--addressDetailDetailsLanguage","interaction":{"idSuffix":"inner"}},"wdio_ui5_key":"applicationmanagesites-display-component---NewSite--addressDetailDetailsLanguage"}]}
RESULT: undefined
COMMAND: POST /session/e1651f9e57ffdf7e65c343015e5aefba/execute/async - {"script":"<script> [776 bytes]","args":[{"enterText":"Romanian","selector":{"id":"application-managesites-display-component---NewSite--addressDetailDetailsLanguage","interaction":{"idSuffix":"inner"}},"clearTextFirst":true,"interactionType":"ENTER_TEXT"}]}
RESULT: {"script":"<script> [776 bytes]","args":[{"enterText":"Romanian","selector":{"id":"application-managesites-display-component---NewSite--addressDetailDetailsLanguage","interaction":{"idSuffix":"inner"}},"clearTextFirst":true,"interactionType":"ENTER_TEXT"}]}
COMMAND: POST /session/e1651f9e57ffdf7e65c343015e5aefba/execute/async - {"script":"<script> [1562 bytes]","args":[{"selector":{"id":"application-managesites-display-component---NewSite--addressDetailDetailsCity1","interaction":{"idSuffix":"inner"}},"wdio_ui5_key":"applicationmanagesites-display-component---NewSite--addressDetailDetailsCity1"}]}
RESULT: {"script":"<script> [1562 bytes]","args":[{"selector":{"id":"application-managesites-display-component---NewSite--addressDetailDetailsCity1","interaction":{"idSuffix":"inner"}},"wdio_ui5_key":"applicationmanagesites-display-component---NewSite--addressDetailDetailsCity1"}]}
RESULT: undefined
COMMAND: POST /session/e1651f9e57ffdf7e65c343015e5aefba/execute/async - {"script":"<script> [776 bytes]","args":[{"enterText":"Bucharest","selector":{"id":"application-managesites-display-component---NewSite--addressDetailDetailsCity1","interaction":{"idSuffix":"inner"}},"clearTextFirst":true,"interactionType":"ENTER_TEXT"}]}
RESULT: {"script":"<script> [776 bytes]","args":[{"enterText":"Bucharest","selector":{"id":"application-managesites-display-component---NewSite--addressDetailDetailsCity1","interaction":{"idSuffix":"inner"}},"clearTextFirst":true,"interactionType":"ENTER_TEXT"}]}
COMMAND: POST /session/e1651f9e57ffdf7e65c343015e5aefba/execute/async - {"script":"<script> [1562 bytes]","args":[{"selector":{"id":"application-managesites-display-component---NewSite--addressDetailDetailsCountry","interaction":{"idSuffix":"inner"}},"wdio_ui5_key":"applicationmanagesites-display-component---NewSite--addressDetailDetailsCountry"}]}
RESULT: {"script":"<script> [1562 bytes]","args":[{"selector":{"id":"application-managesites-display-component---NewSite--addressDetailDetailsCountry","interaction":{"idSuffix":"inner"}},"wdio_ui5_key":"applicationmanagesites-display-component---NewSite--addressDetailDetailsCountry"}]}
RESULT: undefined
COMMAND: POST /session/e1651f9e57ffdf7e65c343015e5aefba/execute/async - {"script":"<script> [6424 bytes]","args":[{"element-6066-11e4-a52e-4f735466cecf":"f.29BF19D1E518CA5A0B8B264D2F67E8CF.d.960BF702510FE55AE25BB4FE747235D7.e.1037"},"setValue",["Romania"]]}
RESULT: {"script":"<script> [6424 bytes]","args":[{"element-6066-11e4-a52e-4f735466cecf":"f.29BF19D1E518CA5A0B8B264D2F67E8CF.d.960BF702510FE55AE25BB4FE747235D7.e.1037"},"setValue",["Romania"]]}
COMMAND: POST /session/e1651f9e57ffdf7e65c343015e5aefba/execute/async - {"script":"<script> [1562 bytes]","args":[{"selector":{"id":"application-managesites-display-component---NewSite--addressDetailDetailsCalendar","interaction":{"idSuffix":"inner"}},"wdio_ui5_key":"applicationmanagesites-display-component---NewSite--addressDetailDetailsCalendar"}]}
RESULT: {"script":"<script> [1562 bytes]","args":[{"selector":{"id":"application-managesites-display-component---NewSite--addressDetailDetailsCalendar","interaction":{"idSuffix":"inner"}},"wdio_ui5_key":"applicationmanagesites-display-component---NewSite--addressDetailDetailsCalendar"}]}
RESULT: undefined
COMMAND: POST /session/e1651f9e57ffdf7e65c343015e5aefba/execute/async - {"script":"<script> [776 bytes]","args":[{"enterText":"8 - Germany (Standard)","selector":{"id":"application-managesites-display-component---NewSite--addressDetailDetailsCalendar","interaction":{"idSuffix":"inner"}},"clearTextFirst":true,"interactionType":"ENTER_TEXT"}]}
RESULT: {"script":"<script> [776 bytes]","args":[{"enterText":"8 - Germany (Standard)","selector":{"id":"application-managesites-display-component---NewSite--addressDetailDetailsCalendar","interaction":{"idSuffix":"inner"}},"clearTextFirst":true,"interactionType":"ENTER_TEXT"}]}
COMMAND: POST /session/e1651f9e57ffdf7e65c343015e5aefba/element - {"using":"xpath","value":"//input[@id=\"application-managesites-display-component---NewSite--addressDetailDetailsYard-inner\"]"}
RESULT: {"using":"xpath","value":"//input[@id=\"application-managesites-display-component---NewSite--addressDetailDetailsYard-inner\"]"}
COMMAND: POST /session/e1651f9e57ffdf7e65c343015e5aefba/element/f.29BF19D1E518CA5A0B8B264D2F67E8CF.d.960BF702510FE55AE25BB4FE747235D7.e.1048/clear - {}
RESULT: {}
COMMAND: POST /session/e1651f9e57ffdf7e65c343015e5aefba/element/f.29BF19D1E518CA5A0B8B264D2F67E8CF.d.960BF702510FE55AE25BB4FE747235D7.e.1048/value - {"text":"warehousemanagedYards81lf"}
COMMAND: GET /session/e1651f9e57ffdf7e65c343015e5aefba/screenshot - {}
RESULT: {"text":"warehousemanagedYards81lf"}
COMMAND: GET /session/e1651f9e57ffdf7e65c343015e5aefba/screenshot - {}
RESULT: {}
RESULT: {}
COMMAND: POST /session/e1651f9e57ffdf7e65c343015e5aefba/execute/async - {"script":"<script> [1562 bytes]","args":[{"selector":{"controlType":"sap.m.Button","viewName":"etm.portal.ui.managesites.view.NewSmartSite","viewId":"application-managesites-display-component---NewSite","properties":{"text":"Commercial"},"interaction":{"idSuffix":"BDI-content"}},"wdio_ui5_key":"etmportal.ui.managesites.view.NewSmartSitesap.m.Button{\"text\":\"Commercial\"}"}]}
RESULT: {"script":"<script> [1562 bytes]","args":[{"selector":{"controlType":"sap.m.Button","viewName":"etm.portal.ui.managesites.view.NewSmartSite","viewId":"application-managesites-display-component---NewSite","properties":{"text":"Commercial"},"interaction":{"idSuffix":"BDI-content"}},"wdio_ui5_key":"etmportal.ui.managesites.view.NewSmartSitesap.m.Button{\"text\":\"Commercial\"}"}]}
RESULT: undefined
COMMAND: POST /session/e1651f9e57ffdf7e65c343015e5aefba/element - {"using":"xpath","value":"//*[@id=\"application-managesites-display-component---NewSite--ObjectPageLayout-anchBar-__section33-anchor\"]"}
RESULT: {"using":"xpath","value":"//*[@id=\"application-managesites-display-component---NewSite--ObjectPageLayout-anchBar-__section33-anchor\"]"}
COMMAND: POST /session/e1651f9e57ffdf7e65c343015e5aefba/element/f.29BF19D1E518CA5A0B8B264D2F67E8CF.d.960BF702510FE55AE25BB4FE747235D7.e.1246/click - {}
RESULT: {}
COMMAND: POST /session/e1651f9e57ffdf7e65c343015e5aefba/execute/async - {"script":"<script> [1562 bytes]","args":[{"selector":{"controlType":"sap.m.Button","viewName":"etm.portal.ui.managesites.view.NewSmartSite","viewId":"application-managesites-display-component---NewSite","i18NText":{"propertyName":"text","key":"save"},"interaction":{"idSuffix":"BDI-content"}},"wdio_ui5_key":"etmportal.ui.managesites.view.NewSmartSitesap.m.Button{\"propertyName\":\"text\",\"key\":\"save\"}"}]}
COMMAND: GET /session/e1651f9e57ffdf7e65c343015e5aefba/screenshot - {}
RESULT: {"script":"<script> [1562 bytes]","args":[{"selector":{"controlType":"sap.m.Button","viewName":"etm.portal.ui.managesites.view.NewSmartSite","viewId":"application-managesites-display-component---NewSite","i18NText":{"propertyName":"text","key":"save"},"interaction":{"idSuffix":"BDI-content"}},"wdio_ui5_key":"etmportal.ui.managesites.view.NewSmartSitesap.m.Button{\"propertyName\":\"text\",\"key\":\"save\"}"}]}
RESULT: undefined
COMMAND: POST /session/e1651f9e57ffdf7e65c343015e5aefba/element - {"using":"xpath","value":"//*[@id=\"__button76\"]"}
RESULT: {}
RESULT: {"using":"xpath","value":"//*[@id=\"__button76\"]"}
COMMAND: POST /session/e1651f9e57ffdf7e65c343015e5aefba/element/f.29BF19D1E518CA5A0B8B264D2F67E8CF.d.960BF702510FE55AE25BB4FE747235D7.e.1223/click - {}
RESULT: {}
COMMAND: GET /session/e1651f9e57ffdf7e65c343015e5aefba/screenshot - {}
RESULT: {}
COMMAND: POST /session/e1651f9e57ffdf7e65c343015e5aefba/execute/async - {"script":"<script> [1562 bytes]","args":[{"selector":{"controlType":"sap.m.Text","viewName":"etm.portal.ui.managesites.view.Detail","viewId":"application-managesites-display-component---detailSite","bindingPath":{"propertyPath":"ID","modelName":"catalogModel"}},"wdio_ui5_key":"etmportal.ui.managesites.view.Detailsap.m.Text{\"propertyPath\":\"ID\",\"modelName\":\"catalogModel\"}"}]}
RESULT: {"script":"<script> [1562 bytes]","args":[{"selector":{"controlType":"sap.m.Text","viewName":"etm.portal.ui.managesites.view.Detail","viewId":"application-managesites-display-component---detailSite","bindingPath":{"propertyPath":"ID","modelName":"catalogModel"}},"wdio_ui5_key":"etmportal.ui.managesites.view.Detailsap.m.Text{\"propertyPath\":\"ID\",\"modelName\":\"catalogModel\"}"}]}
RESULT: undefined
COMMAND: POST /session/e1651f9e57ffdf7e65c343015e5aefba/execute/async - {"script":"<script> [6424 bytes]","args":[{"element-6066-11e4-a52e-4f735466cecf":"f.29BF19D1E518CA5A0B8B264D2F67E8CF.d.960BF702510FE55AE25BB4FE747235D7.e.1448"},"getText",[]]}
RESULT: {"script":"<script> [6424 bytes]","args":[{"element-6066-11e4-a52e-4f735466cecf":"f.29BF19D1E518CA5A0B8B264D2F67E8CF.d.960BF702510FE55AE25BB4FE747235D7.e.1448"},"getText",[]]}
COMMAND: POST /session/e1651f9e57ffdf7e65c343015e5aefba/execute/async - {"script":"<script> [1562 bytes]","args":[{"selector":{"controlType":"sap.m.Label","viewName":"etm.portal.ui.managesites.view.Detail","viewId":"application-managesites-display-component---detailSite","i18NText":{"propertyName":"text","key":"status"}},"wdio_ui5_key":"etmportal.ui.managesites.view.Detailsap.m.Label{\"propertyName\":\"text\",\"key\":\"status\"}"}]}
RESULT: {"script":"<script> [1562 bytes]","args":[{"selector":{"controlType":"sap.m.Label","viewName":"etm.portal.ui.managesites.view.Detail","viewId":"application-managesites-display-component---detailSite","i18NText":{"propertyName":"text","key":"status"}},"wdio_ui5_key":"etmportal.ui.managesites.view.Detailsap.m.Label{\"propertyName\":\"text\",\"key\":\"status\"}"}]}
RESULT: undefined
COMMAND: POST /session/e1651f9e57ffdf7e65c343015e5aefba/execute/async - {"script":"<script> [6424 bytes]","args":[{"element-6066-11e4-a52e-4f735466cecf":"f.29BF19D1E518CA5A0B8B264D2F67E8CF.d.960BF702510FE55AE25BB4FE747235D7.e.1437"},"getText",[]]}
RESULT: {"script":"<script> [6424 bytes]","args":[{"element-6066-11e4-a52e-4f735466cecf":"f.29BF19D1E518CA5A0B8B264D2F67E8CF.d.960BF702510FE55AE25BB4FE747235D7.e.1437"},"getText",[]]}
RESULT: undefined
COMMAND: POST /session/e1651f9e57ffdf7e65c343015e5aefba/element - {"using":"xpath","value":"//*[@id=\"shell-header\"]"}
RESULT: {"using":"xpath","value":"//*[@id=\"shell-header\"]"}
COMMAND: POST /session/e1651f9e57ffdf7e65c343015e5aefba/element/f.29BF19D1E518CA5A0B8B264D2F67E8CF.d.960BF702510FE55AE25BB4FE747235D7.e.1449/click - {}
RESULT: {}
COMMAND: POST /session/e1651f9e57ffdf7e65c343015e5aefba/element - {"using":"css selector","value":"#shell-header-logo"}
COMMAND: GET /session/e1651f9e57ffdf7e65c343015e5aefba/screenshot - {}
RESULT: {"using":"css selector","value":"#shell-header-logo"}
COMMAND: POST /session/e1651f9e57ffdf7e65c343015e5aefba/element/f.29BF19D1E518CA5A0B8B264D2F67E8CF.d.960BF702510FE55AE25BB4FE747235D7.e.809/click - {}
RESULT: {}
RESULT: {}
]]></system-out>
    </testcase>
    <testcase classname="chrome.135_0_7049_96.windows.Create_masterdata_for_Yard_Overview_-_mass_return_US131057" name="Should create Partner" time="70.168">
      <system-out><![CDATA[
COMMAND: POST /session/e1651f9e57ffdf7e65c343015e5aefba/execute/async - {"script":"<script> [1562 bytes]","args":[{"selector":{"controlType":"sap.m.GenericTile","properties":{"header":"Manage Partners"}},"wdio_ui5_key":"sapm.GenericTile{\"header\":\"Manage Partners\"}"}]}
COMMAND: GET /session/e1651f9e57ffdf7e65c343015e5aefba/screenshot - {}
RESULT: {"script":"<script> [1562 bytes]","args":[{"selector":{"controlType":"sap.m.GenericTile","properties":{"header":"Manage Partners"}},"wdio_ui5_key":"sapm.GenericTile{\"header\":\"Manage Partners\"}"}]}
RESULT: undefined
COMMAND: POST /session/e1651f9e57ffdf7e65c343015e5aefba/element - {"using":"xpath","value":"//*[@id=\"__tile38\"]"}
RESULT: {}
RESULT: {"using":"xpath","value":"//*[@id=\"__tile38\"]"}
COMMAND: POST /session/e1651f9e57ffdf7e65c343015e5aefba/element/f.29BF19D1E518CA5A0B8B264D2F67E8CF.d.960BF702510FE55AE25BB4FE747235D7.e.1455/click - {}
RESULT: {}
COMMAND: GET /session/e1651f9e57ffdf7e65c343015e5aefba/screenshot - {}
RESULT: {}
COMMAND: POST /session/e1651f9e57ffdf7e65c343015e5aefba/element - {"using":"xpath","value":"//button[(@data-kt = 'addButton')]"}
RESULT: {"using":"xpath","value":"//button[(@data-kt = 'addButton')]"}
COMMAND: POST /session/e1651f9e57ffdf7e65c343015e5aefba/elements - {"using":"xpath","value":"//button[(@data-kt = 'addButton')]"}
RESULT: {"using":"xpath","value":"//button[(@data-kt = 'addButton')]"}
COMMAND: POST /session/e1651f9e57ffdf7e65c343015e5aefba/elements - {"using":"xpath","value":"//button[(@data-kt = 'addButton')]"}
RESULT: {"using":"xpath","value":"//button[(@data-kt = 'addButton')]"}
COMMAND: POST /session/e1651f9e57ffdf7e65c343015e5aefba/elements - {"using":"xpath","value":"//button[(@data-kt = 'addButton')]"}
RESULT: {"using":"xpath","value":"//button[(@data-kt = 'addButton')]"}
COMMAND: POST /session/e1651f9e57ffdf7e65c343015e5aefba/element - {"using":"xpath","value":"//button[(@data-kt = 'addButton')]"}
RESULT: {"using":"xpath","value":"//button[(@data-kt = 'addButton')]"}
COMMAND: POST /session/e1651f9e57ffdf7e65c343015e5aefba/element/f.29BF19D1E518CA5A0B8B264D2F67E8CF.d.960BF702510FE55AE25BB4FE747235D7.e.1493/click - {}
RESULT: {}
COMMAND: POST /session/e1651f9e57ffdf7e65c343015e5aefba/execute/async - {"script":"<script> [1562 bytes]","args":[{"selector":{"id":"application-managepartners-display-component---NewPartner--addressDetailDetailsName1","interaction":{"idSuffix":"inner"}},"wdio_ui5_key":"applicationmanagepartners-display-component---NewPartner--addressDetailDetailsName1"}]}
COMMAND: GET /session/e1651f9e57ffdf7e65c343015e5aefba/screenshot - {}
RESULT: {"script":"<script> [1562 bytes]","args":[{"selector":{"id":"application-managepartners-display-component---NewPartner--addressDetailDetailsName1","interaction":{"idSuffix":"inner"}},"wdio_ui5_key":"applicationmanagepartners-display-component---NewPartner--addressDetailDetailsName1"}]}
RESULT: undefined
COMMAND: POST /session/e1651f9e57ffdf7e65c343015e5aefba/execute/async - {"script":"<script> [776 bytes]","args":[{"enterText":"WDI5-Partners","selector":{"id":"application-managepartners-display-component---NewPartner--addressDetailDetailsName1","interaction":{"idSuffix":"inner"}},"clearTextFirst":true,"interactionType":"ENTER_TEXT"}]}
RESULT: {}
RESULT: {"script":"<script> [776 bytes]","args":[{"enterText":"WDI5-Partners","selector":{"id":"application-managepartners-display-component---NewPartner--addressDetailDetailsName1","interaction":{"idSuffix":"inner"}},"clearTextFirst":true,"interactionType":"ENTER_TEXT"}]}
COMMAND: POST /session/e1651f9e57ffdf7e65c343015e5aefba/execute/async - {"script":"<script> [1562 bytes]","args":[{"selector":{"id":"application-managepartners-display-component---NewPartner--addressDetailDetailsLanguage-arrow"},"wdio_ui5_key":"applicationmanagepartners-display-component---NewPartner--addressDetailDetailsLanguage-arrow"}]}
RESULT: {"script":"<script> [1562 bytes]","args":[{"selector":{"id":"application-managepartners-display-component---NewPartner--addressDetailDetailsLanguage-arrow"},"wdio_ui5_key":"applicationmanagepartners-display-component---NewPartner--addressDetailDetailsLanguage-arrow"}]}
RESULT: undefined
COMMAND: POST /session/e1651f9e57ffdf7e65c343015e5aefba/element - {"using":"xpath","value":"//*[@id=\"application-managepartners-display-component---NewPartner--addressDetailDetailsLanguage-arrow\"]"}
RESULT: {"using":"xpath","value":"//*[@id=\"application-managepartners-display-component---NewPartner--addressDetailDetailsLanguage-arrow\"]"}
COMMAND: POST /session/e1651f9e57ffdf7e65c343015e5aefba/element/f.29BF19D1E518CA5A0B8B264D2F67E8CF.d.960BF702510FE55AE25BB4FE747235D7.e.1761/click - {}
RESULT: {}
COMMAND: POST /session/e1651f9e57ffdf7e65c343015e5aefba/execute/async - {"script":"<script> [1562 bytes]","args":[{"selector":{"controlType":"sap.m.StandardListItem","viewName":"etm.portal.ui.managepartners.view.NewPartner","viewId":"application-managepartners-display-component---NewPartner","properties":{"title":"English"},"searchOpenDialogs":true,"interaction":{"idSuffix":"content"}},"wdio_ui5_key":"etmportal.ui.managepartners.view.NewPartnersap.m.StandardListItem{\"title\":\"English\"}"}]}
COMMAND: GET /session/e1651f9e57ffdf7e65c343015e5aefba/screenshot - {}
RESULT: {"script":"<script> [1562 bytes]","args":[{"selector":{"controlType":"sap.m.StandardListItem","viewName":"etm.portal.ui.managepartners.view.NewPartner","viewId":"application-managepartners-display-component---NewPartner","properties":{"title":"English"},"searchOpenDialogs":true,"interaction":{"idSuffix":"content"}},"wdio_ui5_key":"etmportal.ui.managepartners.view.NewPartnersap.m.StandardListItem{\"title\":\"English\"}"}]}
RESULT: undefined
COMMAND: POST /session/e1651f9e57ffdf7e65c343015e5aefba/element - {"using":"xpath","value":"//*[@id=\"__item954\"]"}
RESULT: {}
RESULT: {"using":"xpath","value":"//*[@id=\"__item954\"]"}
COMMAND: POST /session/e1651f9e57ffdf7e65c343015e5aefba/element/f.29BF19D1E518CA5A0B8B264D2F67E8CF.d.960BF702510FE55AE25BB4FE747235D7.e.1763/click - {}
RESULT: {}
COMMAND: POST /session/e1651f9e57ffdf7e65c343015e5aefba/execute/async - {"script":"<script> [1562 bytes]","args":[{"selector":{"id":"application-managepartners-display-component---NewPartner--addressDetailDetailsCity1","interaction":{"idSuffix":"inner"}},"wdio_ui5_key":"applicationmanagepartners-display-component---NewPartner--addressDetailDetailsCity1"}]}
COMMAND: GET /session/e1651f9e57ffdf7e65c343015e5aefba/screenshot - {}
RESULT: {"script":"<script> [1562 bytes]","args":[{"selector":{"id":"application-managepartners-display-component---NewPartner--addressDetailDetailsCity1","interaction":{"idSuffix":"inner"}},"wdio_ui5_key":"applicationmanagepartners-display-component---NewPartner--addressDetailDetailsCity1"}]}
RESULT: undefined
COMMAND: POST /session/e1651f9e57ffdf7e65c343015e5aefba/execute/async - {"script":"<script> [776 bytes]","args":[{"enterText":"Bangalore","selector":{"id":"application-managepartners-display-component---NewPartner--addressDetailDetailsCity1","interaction":{"idSuffix":"inner"}},"clearTextFirst":true,"interactionType":"ENTER_TEXT"}]}
RESULT: {}
RESULT: {"script":"<script> [776 bytes]","args":[{"enterText":"Bangalore","selector":{"id":"application-managepartners-display-component---NewPartner--addressDetailDetailsCity1","interaction":{"idSuffix":"inner"}},"clearTextFirst":true,"interactionType":"ENTER_TEXT"}]}
COMMAND: POST /session/e1651f9e57ffdf7e65c343015e5aefba/execute/async - {"script":"<script> [1562 bytes]","args":[{"selector":{"id":"application-managepartners-display-component---NewPartner--addressDetailDetailsCountry-arrow"},"wdio_ui5_key":"applicationmanagepartners-display-component---NewPartner--addressDetailDetailsCountry-arrow"}]}
RESULT: {"script":"<script> [1562 bytes]","args":[{"selector":{"id":"application-managepartners-display-component---NewPartner--addressDetailDetailsCountry-arrow"},"wdio_ui5_key":"applicationmanagepartners-display-component---NewPartner--addressDetailDetailsCountry-arrow"}]}
RESULT: undefined
COMMAND: POST /session/e1651f9e57ffdf7e65c343015e5aefba/element - {"using":"xpath","value":"//*[@id=\"application-managepartners-display-component---NewPartner--addressDetailDetailsCountry-arrow\"]"}
RESULT: {"using":"xpath","value":"//*[@id=\"application-managepartners-display-component---NewPartner--addressDetailDetailsCountry-arrow\"]"}
COMMAND: POST /session/e1651f9e57ffdf7e65c343015e5aefba/element/f.29BF19D1E518CA5A0B8B264D2F67E8CF.d.960BF702510FE55AE25BB4FE747235D7.e.1765/click - {}
RESULT: {}
COMMAND: POST /session/e1651f9e57ffdf7e65c343015e5aefba/execute/async - {"script":"<script> [1562 bytes]","args":[{"selector":{"id":"application-managepartners-display-component---NewPartner--addressDetailDetailsCountry","interaction":{"idSuffix":"inner"}},"wdio_ui5_key":"applicationmanagepartners-display-component---NewPartner--addressDetailDetailsCountry"}]}
COMMAND: GET /session/e1651f9e57ffdf7e65c343015e5aefba/screenshot - {}
RESULT: {"script":"<script> [1562 bytes]","args":[{"selector":{"id":"application-managepartners-display-component---NewPartner--addressDetailDetailsCountry","interaction":{"idSuffix":"inner"}},"wdio_ui5_key":"applicationmanagepartners-display-component---NewPartner--addressDetailDetailsCountry"}]}
RESULT: undefined
COMMAND: POST /session/e1651f9e57ffdf7e65c343015e5aefba/execute/async - {"script":"<script> [776 bytes]","args":[{"enterText":"India","selector":{"id":"application-managepartners-display-component---NewPartner--addressDetailDetailsCountry","interaction":{"idSuffix":"inner"}},"clearTextFirst":true,"interactionType":"ENTER_TEXT"}]}
RESULT: {}
RESULT: {"script":"<script> [776 bytes]","args":[{"enterText":"India","selector":{"id":"application-managepartners-display-component---NewPartner--addressDetailDetailsCountry","interaction":{"idSuffix":"inner"}},"clearTextFirst":true,"interactionType":"ENTER_TEXT"}]}
COMMAND: POST /session/e1651f9e57ffdf7e65c343015e5aefba/execute/async - {"script":"<script> [1562 bytes]","args":[{"selector":{"controlType":"sap.m.StandardListItem","viewName":"etm.portal.ui.managepartners.view.NewPartner","viewId":"application-managepartners-display-component---NewPartner","properties":{"title":"India"},"searchOpenDialogs":true,"interaction":{"idSuffix":"content"}},"wdio_ui5_key":"etmportal.ui.managepartners.view.NewPartnersap.m.StandardListItem{\"title\":\"India\"}"}]}
RESULT: {"script":"<script> [1562 bytes]","args":[{"selector":{"controlType":"sap.m.StandardListItem","viewName":"etm.portal.ui.managepartners.view.NewPartner","viewId":"application-managepartners-display-component---NewPartner","properties":{"title":"India"},"searchOpenDialogs":true,"interaction":{"idSuffix":"content"}},"wdio_ui5_key":"etmportal.ui.managepartners.view.NewPartnersap.m.StandardListItem{\"title\":\"India\"}"}]}
RESULT: undefined
COMMAND: POST /session/e1651f9e57ffdf7e65c343015e5aefba/execute/async - {"script":"<script> [1562 bytes]","args":[{"selector":{"controlType":"sap.m.Button","viewName":"etm.portal.ui.managepartners.view.NewPartner","viewId":"application-managepartners-display-component---NewPartner","properties":{"text":"Commercial"},"interaction":{"idSuffix":"BDI-content"}},"wdio_ui5_key":"etmportal.ui.managepartners.view.NewPartnersap.m.Button{\"text\":\"Commercial\"}"}]}
RESULT: {"script":"<script> [1562 bytes]","args":[{"selector":{"controlType":"sap.m.Button","viewName":"etm.portal.ui.managepartners.view.NewPartner","viewId":"application-managepartners-display-component---NewPartner","properties":{"text":"Commercial"},"interaction":{"idSuffix":"BDI-content"}},"wdio_ui5_key":"etmportal.ui.managepartners.view.NewPartnersap.m.Button{\"text\":\"Commercial\"}"}]}
RESULT: undefined
COMMAND: POST /session/e1651f9e57ffdf7e65c343015e5aefba/element - {"using":"xpath","value":"//*[@id=\"application-managepartners-display-component---NewPartner--ObjectPageLayout-anchBar-__section57-anchor\"]"}
RESULT: {"using":"xpath","value":"//*[@id=\"application-managepartners-display-component---NewPartner--ObjectPageLayout-anchBar-__section57-anchor\"]"}
COMMAND: POST /session/e1651f9e57ffdf7e65c343015e5aefba/element/f.29BF19D1E518CA5A0B8B264D2F67E8CF.d.960BF702510FE55AE25BB4FE747235D7.e.1770/click - {}
RESULT: {}
COMMAND: POST /session/e1651f9e57ffdf7e65c343015e5aefba/execute/async - {"script":"<script> [1562 bytes]","args":[{"selector":{"id":"application-managepartners-display-component---NewPartner--partnerDetailInternal-arrow"},"wdio_ui5_key":"applicationmanagepartners-display-component---NewPartner--partnerDetailInternal-arrow"}]}
COMMAND: GET /session/e1651f9e57ffdf7e65c343015e5aefba/screenshot - {}
RESULT: {"script":"<script> [1562 bytes]","args":[{"selector":{"id":"application-managepartners-display-component---NewPartner--partnerDetailInternal-arrow"},"wdio_ui5_key":"applicationmanagepartners-display-component---NewPartner--partnerDetailInternal-arrow"}]}
RESULT: undefined
COMMAND: POST /session/e1651f9e57ffdf7e65c343015e5aefba/element - {"using":"xpath","value":"//*[@id=\"application-managepartners-display-component---NewPartner--partnerDetailInternal-arrow\"]"}
RESULT: {}
RESULT: {"using":"xpath","value":"//*[@id=\"application-managepartners-display-component---NewPartner--partnerDetailInternal-arrow\"]"}
COMMAND: POST /session/e1651f9e57ffdf7e65c343015e5aefba/element/f.29BF19D1E518CA5A0B8B264D2F67E8CF.d.960BF702510FE55AE25BB4FE747235D7.e.1775/click - {}
RESULT: {}
COMMAND: POST /session/e1651f9e57ffdf7e65c343015e5aefba/execute/async - {"script":"<script> [1562 bytes]","args":[{"selector":{"controlType":"sap.m.StandardListItem","viewName":"etm.portal.ui.managepartners.view.NewPartner","viewId":"application-managepartners-display-component---NewPartner","properties":{"title":"External partner"},"searchOpenDialogs":true,"interaction":{"idSuffix":"content"}},"wdio_ui5_key":"etmportal.ui.managepartners.view.NewPartnersap.m.StandardListItem{\"title\":\"External partner\"}"}]}
COMMAND: GET /session/e1651f9e57ffdf7e65c343015e5aefba/screenshot - {}
RESULT: {"script":"<script> [1562 bytes]","args":[{"selector":{"controlType":"sap.m.StandardListItem","viewName":"etm.portal.ui.managepartners.view.NewPartner","viewId":"application-managepartners-display-component---NewPartner","properties":{"title":"External partner"},"searchOpenDialogs":true,"interaction":{"idSuffix":"content"}},"wdio_ui5_key":"etmportal.ui.managepartners.view.NewPartnersap.m.StandardListItem{\"title\":\"External partner\"}"}]}
RESULT: undefined
COMMAND: POST /session/e1651f9e57ffdf7e65c343015e5aefba/element - {"using":"xpath","value":"//*[@id=\"__item1088\"]"}
RESULT: {}
RESULT: {"using":"xpath","value":"//*[@id=\"__item1088\"]"}
COMMAND: POST /session/e1651f9e57ffdf7e65c343015e5aefba/element/f.29BF19D1E518CA5A0B8B264D2F67E8CF.d.960BF702510FE55AE25BB4FE747235D7.e.1777/click - {}
RESULT: {}
COMMAND: POST /session/e1651f9e57ffdf7e65c343015e5aefba/execute/async - {"script":"<script> [1562 bytes]","args":[{"selector":{"id":"application-managepartners-display-component---NewPartner--partnerDetailsCurrency-arrow"},"wdio_ui5_key":"applicationmanagepartners-display-component---NewPartner--partnerDetailsCurrency-arrow"}]}
COMMAND: GET /session/e1651f9e57ffdf7e65c343015e5aefba/screenshot - {}
RESULT: {"script":"<script> [1562 bytes]","args":[{"selector":{"id":"application-managepartners-display-component---NewPartner--partnerDetailsCurrency-arrow"},"wdio_ui5_key":"applicationmanagepartners-display-component---NewPartner--partnerDetailsCurrency-arrow"}]}
RESULT: undefined
COMMAND: POST /session/e1651f9e57ffdf7e65c343015e5aefba/element - {"using":"xpath","value":"//*[@id=\"application-managepartners-display-component---NewPartner--partnerDetailsCurrency-arrow\"]"}
RESULT: {}
RESULT: {"using":"xpath","value":"//*[@id=\"application-managepartners-display-component---NewPartner--partnerDetailsCurrency-arrow\"]"}
COMMAND: POST /session/e1651f9e57ffdf7e65c343015e5aefba/element/f.29BF19D1E518CA5A0B8B264D2F67E8CF.d.960BF702510FE55AE25BB4FE747235D7.e.1782/click - {}
RESULT: {}
COMMAND: POST /session/e1651f9e57ffdf7e65c343015e5aefba/execute/async - {"script":"<script> [1562 bytes]","args":[{"selector":{"controlType":"sap.m.StandardListItem","viewName":"etm.portal.ui.managepartners.view.NewPartner","viewId":"application-managepartners-display-component---NewPartner","properties":{"title":"Euro"},"searchOpenDialogs":true,"interaction":{"idSuffix":"content"}},"wdio_ui5_key":"etmportal.ui.managepartners.view.NewPartnersap.m.StandardListItem{\"title\":\"Euro\"}"}]}
COMMAND: GET /session/e1651f9e57ffdf7e65c343015e5aefba/screenshot - {}
RESULT: {"script":"<script> [1562 bytes]","args":[{"selector":{"controlType":"sap.m.StandardListItem","viewName":"etm.portal.ui.managepartners.view.NewPartner","viewId":"application-managepartners-display-component---NewPartner","properties":{"title":"Euro"},"searchOpenDialogs":true,"interaction":{"idSuffix":"content"}},"wdio_ui5_key":"etmportal.ui.managepartners.view.NewPartnersap.m.StandardListItem{\"title\":\"Euro\"}"}]}
RESULT: undefined
COMMAND: POST /session/e1651f9e57ffdf7e65c343015e5aefba/element - {"using":"xpath","value":"//*[@id=\"__item1090\"]"}
RESULT: {}
RESULT: {"using":"xpath","value":"//*[@id=\"__item1090\"]"}
COMMAND: POST /session/e1651f9e57ffdf7e65c343015e5aefba/element/f.29BF19D1E518CA5A0B8B264D2F67E8CF.d.960BF702510FE55AE25BB4FE747235D7.e.1784/click - {}
RESULT: {}
COMMAND: POST /session/e1651f9e57ffdf7e65c343015e5aefba/execute/async - {"script":"<script> [1562 bytes]","args":[{"selector":{"id":"application-managepartners-display-component---NewPartner--companyCodeComboBox","interaction":{"idSuffix":"inner"}},"wdio_ui5_key":"applicationmanagepartners-display-component---NewPartner--companyCodeComboBox"}]}
COMMAND: GET /session/e1651f9e57ffdf7e65c343015e5aefba/screenshot - {}
RESULT: {"script":"<script> [1562 bytes]","args":[{"selector":{"id":"application-managepartners-display-component---NewPartner--companyCodeComboBox","interaction":{"idSuffix":"inner"}},"wdio_ui5_key":"applicationmanagepartners-display-component---NewPartner--companyCodeComboBox"}]}
RESULT: undefined
COMMAND: POST /session/e1651f9e57ffdf7e65c343015e5aefba/execute/async - {"script":"<script> [776 bytes]","args":[{"enterText":"1000","selector":{"id":"application-managepartners-display-component---NewPartner--companyCodeComboBox","interaction":{"idSuffix":"inner"}},"clearTextFirst":true,"interactionType":"ENTER_TEXT"}]}
RESULT: {}
RESULT: {"script":"<script> [776 bytes]","args":[{"enterText":"1000","selector":{"id":"application-managepartners-display-component---NewPartner--companyCodeComboBox","interaction":{"idSuffix":"inner"}},"clearTextFirst":true,"interactionType":"ENTER_TEXT"}]}
COMMAND: POST /session/e1651f9e57ffdf7e65c343015e5aefba/execute/async - {"script":"<script> [1562 bytes]","args":[{"selector":{"controlType":"sap.m.Button","viewName":"etm.portal.ui.managepartners.view.NewPartner","viewId":"application-managepartners-display-component---NewPartner","properties":{"text":"Assignments"},"interaction":{"idSuffix":"BDI-content"}},"wdio_ui5_key":"etmportal.ui.managepartners.view.NewPartnersap.m.Button{\"text\":\"Assignments\"}"}]}
RESULT: {"script":"<script> [1562 bytes]","args":[{"selector":{"controlType":"sap.m.Button","viewName":"etm.portal.ui.managepartners.view.NewPartner","viewId":"application-managepartners-display-component---NewPartner","properties":{"text":"Assignments"},"interaction":{"idSuffix":"BDI-content"}},"wdio_ui5_key":"etmportal.ui.managepartners.view.NewPartnersap.m.Button{\"text\":\"Assignments\"}"}]}
RESULT: undefined
COMMAND: POST /session/e1651f9e57ffdf7e65c343015e5aefba/element - {"using":"xpath","value":"//*[@id=\"application-managepartners-display-component---NewPartner--ObjectPageLayout-anchBar-__section61-anchor\"]"}
RESULT: {"using":"xpath","value":"//*[@id=\"application-managepartners-display-component---NewPartner--ObjectPageLayout-anchBar-__section61-anchor\"]"}
COMMAND: POST /session/e1651f9e57ffdf7e65c343015e5aefba/element/f.29BF19D1E518CA5A0B8B264D2F67E8CF.d.960BF702510FE55AE25BB4FE747235D7.e.1788/click - {}
RESULT: {}
COMMAND: POST /session/e1651f9e57ffdf7e65c343015e5aefba/execute/async - {"script":"<script> [1562 bytes]","args":[{"selector":{"id":"application-managepartners-display-component---NewPartner--btnAddTableRow","interaction":{"idSuffix":"inner"}},"wdio_ui5_key":"applicationmanagepartners-display-component---NewPartner--btnAddTableRow"}]}
COMMAND: GET /session/e1651f9e57ffdf7e65c343015e5aefba/screenshot - {}
RESULT: {"script":"<script> [1562 bytes]","args":[{"selector":{"id":"application-managepartners-display-component---NewPartner--btnAddTableRow","interaction":{"idSuffix":"inner"}},"wdio_ui5_key":"applicationmanagepartners-display-component---NewPartner--btnAddTableRow"}]}
RESULT: undefined
COMMAND: POST /session/e1651f9e57ffdf7e65c343015e5aefba/element - {"using":"xpath","value":"//*[@id=\"application-managepartners-display-component---NewPartner--btnAddTableRow\"]"}
RESULT: {}
RESULT: {"using":"xpath","value":"//*[@id=\"application-managepartners-display-component---NewPartner--btnAddTableRow\"]"}
COMMAND: POST /session/e1651f9e57ffdf7e65c343015e5aefba/element/f.29BF19D1E518CA5A0B8B264D2F67E8CF.d.960BF702510FE55AE25BB4FE747235D7.e.1794/click - {}
RESULT: {}
COMMAND: POST /session/e1651f9e57ffdf7e65c343015e5aefba/element - {"using":"xpath","value":"//input[@id=\"application-managepartners-display-component---NewPartner--assignmentYard-application-managepartners-display-component---NewPartner--assignmentsTable-0-inner\"]"}
COMMAND: GET /session/e1651f9e57ffdf7e65c343015e5aefba/screenshot - {}
RESULT: {"using":"xpath","value":"//input[@id=\"application-managepartners-display-component---NewPartner--assignmentYard-application-managepartners-display-component---NewPartner--assignmentsTable-0-inner\"]"}
COMMAND: POST /session/e1651f9e57ffdf7e65c343015e5aefba/element/f.29BF19D1E518CA5A0B8B264D2F67E8CF.d.960BF702510FE55AE25BB4FE747235D7.e.1796/clear - {}
RESULT: {}
RESULT: {}
COMMAND: POST /session/e1651f9e57ffdf7e65c343015e5aefba/element/f.29BF19D1E518CA5A0B8B264D2F67E8CF.d.960BF702510FE55AE25BB4FE747235D7.e.1796/value - {"text":"warehousemanagedYards81lf"}
COMMAND: GET /session/e1651f9e57ffdf7e65c343015e5aefba/screenshot - {}
RESULT: {"text":"warehousemanagedYards81lf"}
COMMAND: POST /session/e1651f9e57ffdf7e65c343015e5aefba/execute/async - {"script":"<script> [1562 bytes]","args":[{"selector":{"id":"application-managepartners-display-component---NewPartner--assignmentYard-application-managepartners-display-component---NewPartner--assignmentsTable-0-arrow"},"wdio_ui5_key":"applicationmanagepartners-display-component---NewPartner--assignmentYard-application-managepartners-display-component---NewPartner--assignmentsTable-0-arrow"}]}
COMMAND: GET /session/e1651f9e57ffdf7e65c343015e5aefba/screenshot - {}
RESULT: {}
RESULT: {"script":"<script> [1562 bytes]","args":[{"selector":{"id":"application-managepartners-display-component---NewPartner--assignmentYard-application-managepartners-display-component---NewPartner--assignmentsTable-0-arrow"},"wdio_ui5_key":"applicationmanagepartners-display-component---NewPartner--assignmentYard-application-managepartners-display-component---NewPartner--assignmentsTable-0-arrow"}]}
RESULT: undefined
COMMAND: POST /session/e1651f9e57ffdf7e65c343015e5aefba/element - {"using":"xpath","value":"//*[@id=\"application-managepartners-display-component---NewPartner--assignmentYard-application-managepartners-display-component---NewPartner--assignmentsTable-0-arrow\"]"}
RESULT: {}
RESULT: {"using":"xpath","value":"//*[@id=\"application-managepartners-display-component---NewPartner--assignmentYard-application-managepartners-display-component---NewPartner--assignmentsTable-0-arrow\"]"}
COMMAND: POST /session/e1651f9e57ffdf7e65c343015e5aefba/element/f.29BF19D1E518CA5A0B8B264D2F67E8CF.d.960BF702510FE55AE25BB4FE747235D7.e.1804/click - {}
RESULT: {}
COMMAND: GET /session/e1651f9e57ffdf7e65c343015e5aefba/screenshot - {}
RESULT: {}
COMMAND: POST /session/e1651f9e57ffdf7e65c343015e5aefba/execute/async - {"script":"<script> [1562 bytes]","args":[{"selector":{"controlType":"sap.m.Button","viewName":"etm.portal.ui.managepartners.view.NewPartner","viewId":"application-managepartners-display-component---NewPartner","i18NText":{"propertyName":"text","key":"save"},"interaction":{"idSuffix":"BDI-content"}},"wdio_ui5_key":"etmportal.ui.managepartners.view.NewPartnersap.m.Button{\"propertyName\":\"text\",\"key\":\"save\"}"}]}
RESULT: {"script":"<script> [1562 bytes]","args":[{"selector":{"controlType":"sap.m.Button","viewName":"etm.portal.ui.managepartners.view.NewPartner","viewId":"application-managepartners-display-component---NewPartner","i18NText":{"propertyName":"text","key":"save"},"interaction":{"idSuffix":"BDI-content"}},"wdio_ui5_key":"etmportal.ui.managepartners.view.NewPartnersap.m.Button{\"propertyName\":\"text\",\"key\":\"save\"}"}]}
RESULT: undefined
COMMAND: POST /session/e1651f9e57ffdf7e65c343015e5aefba/element - {"using":"xpath","value":"//*[@id=\"__button127\"]"}
RESULT: {"using":"xpath","value":"//*[@id=\"__button127\"]"}
COMMAND: POST /session/e1651f9e57ffdf7e65c343015e5aefba/element/f.29BF19D1E518CA5A0B8B264D2F67E8CF.d.960BF702510FE55AE25BB4FE747235D7.e.1598/click - {}
RESULT: {}
COMMAND: GET /session/e1651f9e57ffdf7e65c343015e5aefba/screenshot - {}
RESULT: {}
COMMAND: POST /session/e1651f9e57ffdf7e65c343015e5aefba/execute/async - {"script":"<script> [1562 bytes]","args":[{"selector":{"controlType":"sap.m.Text","viewName":"etm.portal.ui.managepartners.view.Detail","viewId":"application-managepartners-display-component---detailPtm","bindingPath":{"propertyPath":"ID","modelName":"catalogModel"}},"wdio_ui5_key":"etmportal.ui.managepartners.view.Detailsap.m.Text{\"propertyPath\":\"ID\",\"modelName\":\"catalogModel\"}"}]}
RESULT: {"script":"<script> [1562 bytes]","args":[{"selector":{"controlType":"sap.m.Text","viewName":"etm.portal.ui.managepartners.view.Detail","viewId":"application-managepartners-display-component---detailPtm","bindingPath":{"propertyPath":"ID","modelName":"catalogModel"}},"wdio_ui5_key":"etmportal.ui.managepartners.view.Detailsap.m.Text{\"propertyPath\":\"ID\",\"modelName\":\"catalogModel\"}"}]}
RESULT: undefined
COMMAND: POST /session/e1651f9e57ffdf7e65c343015e5aefba/execute/async - {"script":"<script> [6424 bytes]","args":[{"element-6066-11e4-a52e-4f735466cecf":"f.29BF19D1E518CA5A0B8B264D2F67E8CF.d.960BF702510FE55AE25BB4FE747235D7.e.1969"},"getText",[]]}
RESULT: {"script":"<script> [6424 bytes]","args":[{"element-6066-11e4-a52e-4f735466cecf":"f.29BF19D1E518CA5A0B8B264D2F67E8CF.d.960BF702510FE55AE25BB4FE747235D7.e.1969"},"getText",[]]}
COMMAND: POST /session/e1651f9e57ffdf7e65c343015e5aefba/element - {"using":"css selector","value":"#shell-header-logo"}
RESULT: {"using":"css selector","value":"#shell-header-logo"}
COMMAND: POST /session/e1651f9e57ffdf7e65c343015e5aefba/element/f.29BF19D1E518CA5A0B8B264D2F67E8CF.d.960BF702510FE55AE25BB4FE747235D7.e.1459/click - {}
RESULT: {}
]]></system-out>
    </testcase>
    <testcase classname="chrome.135_0_7049_96.windows.Create_masterdata_for_Yard_Overview_-_mass_return_US131057" name="Should create a new Material" time="91.04">
      <system-out><![CDATA[
COMMAND: POST /session/e1651f9e57ffdf7e65c343015e5aefba/execute/async - {"script":"<script> [1562 bytes]","args":[{"selector":{"controlType":"sap.m.GenericTile","properties":{"header":"Manage Resources"}},"wdio_ui5_key":"sapm.GenericTile{\"header\":\"Manage Resources\"}"}]}
COMMAND: GET /session/e1651f9e57ffdf7e65c343015e5aefba/screenshot - {}
RESULT: {"script":"<script> [1562 bytes]","args":[{"selector":{"controlType":"sap.m.GenericTile","properties":{"header":"Manage Resources"}},"wdio_ui5_key":"sapm.GenericTile{\"header\":\"Manage Resources\"}"}]}
RESULT: undefined
COMMAND: POST /session/e1651f9e57ffdf7e65c343015e5aefba/element - {"using":"xpath","value":"//*[@id=\"__tile39\"]"}
RESULT: {}
RESULT: {"using":"xpath","value":"//*[@id=\"__tile39\"]"}
COMMAND: POST /session/e1651f9e57ffdf7e65c343015e5aefba/element/f.29BF19D1E518CA5A0B8B264D2F67E8CF.d.960BF702510FE55AE25BB4FE747235D7.e.1971/click - {}
RESULT: {}
COMMAND: POST /session/e1651f9e57ffdf7e65c343015e5aefba/execute/async - {"script":"<script> [1562 bytes]","args":[{"selector":{"controlType":"sap.m.OverflowToolbarButton","viewName":"etm.portal.ui.manageresources.view.Master","viewId":"application-manageresources-display-component---masterRU","bindingPath":{"path":"","propertyPath":"/isLogbook","modelName":"minimumStockRPGModel"},"interaction":{"idSuffix":"inner"}},"wdio_ui5_key":"etmportal.ui.manageresources.view.Mastersap.m.OverflowToolbarButton{\"path\":\"\",\"propertyPath\":\"/isLogbook\",\"modelName\":\"minimumStockRPGModel\"}"}]}
COMMAND: GET /session/e1651f9e57ffdf7e65c343015e5aefba/screenshot - {}
RESULT: {"script":"<script> [1562 bytes]","args":[{"selector":{"controlType":"sap.m.OverflowToolbarButton","viewName":"etm.portal.ui.manageresources.view.Master","viewId":"application-manageresources-display-component---masterRU","bindingPath":{"path":"","propertyPath":"/isLogbook","modelName":"minimumStockRPGModel"},"interaction":{"idSuffix":"inner"}},"wdio_ui5_key":"etmportal.ui.manageresources.view.Mastersap.m.OverflowToolbarButton{\"path\":\"\",\"propertyPath\":\"/isLogbook\",\"modelName\":\"minimumStockRPGModel\"}"}]}
RESULT: undefined
COMMAND: POST /session/e1651f9e57ffdf7e65c343015e5aefba/element - {"using":"xpath","value":"//*[@id=\"__button168\"]"}
RESULT: {}
RESULT: {"using":"xpath","value":"//*[@id=\"__button168\"]"}
COMMAND: POST /session/e1651f9e57ffdf7e65c343015e5aefba/element/f.29BF19D1E518CA5A0B8B264D2F67E8CF.d.960BF702510FE55AE25BB4FE747235D7.e.2013/click - {}
RESULT: {}
COMMAND: GET /session/e1651f9e57ffdf7e65c343015e5aefba/screenshot - {}
RESULT: {}
COMMAND: POST /session/e1651f9e57ffdf7e65c343015e5aefba/execute/async - {"script":"<script> [1562 bytes]","args":[{"selector":{"id":"application-manageresources-display-component---newResourceUnit--TYPE-arrow"},"wdio_ui5_key":"applicationmanageresources-display-component---newResourceUnit--TYPE-arrow"}]}
RESULT: {"script":"<script> [1562 bytes]","args":[{"selector":{"id":"application-manageresources-display-component---newResourceUnit--TYPE-arrow"},"wdio_ui5_key":"applicationmanageresources-display-component---newResourceUnit--TYPE-arrow"}]}
RESULT: undefined
COMMAND: POST /session/e1651f9e57ffdf7e65c343015e5aefba/element - {"using":"xpath","value":"//*[@id=\"application-manageresources-display-component---newResourceUnit--TYPE-arrow\"]"}
RESULT: {"using":"xpath","value":"//*[@id=\"application-manageresources-display-component---newResourceUnit--TYPE-arrow\"]"}
COMMAND: POST /session/e1651f9e57ffdf7e65c343015e5aefba/element/f.29BF19D1E518CA5A0B8B264D2F67E8CF.d.960BF702510FE55AE25BB4FE747235D7.e.2323/click - {}
RESULT: {}
COMMAND: POST /session/e1651f9e57ffdf7e65c343015e5aefba/execute/async - {"script":"<script> [1562 bytes]","args":[{"selector":{"controlType":"sap.m.StandardListItem","viewName":"reusables.view.manageresources.NewResourceUnit","viewId":"application-manageresources-display-component---newResourceUnit","properties":{"title":"Material"},"searchOpenDialogs":true,"interaction":{"idSuffix":"content"}},"wdio_ui5_key":"reusablesview.manageresources.NewResourceUnitsap.m.StandardListItem{\"title\":\"Material\"}"}]}
COMMAND: GET /session/e1651f9e57ffdf7e65c343015e5aefba/screenshot - {}
RESULT: {"script":"<script> [1562 bytes]","args":[{"selector":{"controlType":"sap.m.StandardListItem","viewName":"reusables.view.manageresources.NewResourceUnit","viewId":"application-manageresources-display-component---newResourceUnit","properties":{"title":"Material"},"searchOpenDialogs":true,"interaction":{"idSuffix":"content"}},"wdio_ui5_key":"reusablesview.manageresources.NewResourceUnitsap.m.StandardListItem{\"title\":\"Material\"}"}]}
RESULT: undefined
COMMAND: POST /session/e1651f9e57ffdf7e65c343015e5aefba/element - {"using":"xpath","value":"//*[@id=\"__item1451\"]"}
RESULT: {}
RESULT: {"using":"xpath","value":"//*[@id=\"__item1451\"]"}
COMMAND: POST /session/e1651f9e57ffdf7e65c343015e5aefba/element/f.29BF19D1E518CA5A0B8B264D2F67E8CF.d.960BF702510FE55AE25BB4FE747235D7.e.2326/click - {}
RESULT: {}
COMMAND: POST /session/e1651f9e57ffdf7e65c343015e5aefba/execute/async - {"script":"<script> [1562 bytes]","args":[{"selector":{"id":"application-manageresources-display-component---newResourceUnit--resourceId","interaction":{"idSuffix":"inner"}},"wdio_ui5_key":"applicationmanageresources-display-component---newResourceUnit--resourceId"}]}
COMMAND: GET /session/e1651f9e57ffdf7e65c343015e5aefba/screenshot - {}
RESULT: {"script":"<script> [1562 bytes]","args":[{"selector":{"id":"application-manageresources-display-component---newResourceUnit--resourceId","interaction":{"idSuffix":"inner"}},"wdio_ui5_key":"applicationmanageresources-display-component---newResourceUnit--resourceId"}]}
RESULT: undefined
COMMAND: POST /session/e1651f9e57ffdf7e65c343015e5aefba/execute/async - {"script":"<script> [1562 bytes]","args":[{"selector":{"id":"application-manageresources-display-component---newResourceUnit--SHORT_TEXT","interaction":{"idSuffix":"inner"}},"wdio_ui5_key":"applicationmanageresources-display-component---newResourceUnit--SHORT_TEXT"}]}
RESULT: {}
RESULT: {"script":"<script> [1562 bytes]","args":[{"selector":{"id":"application-manageresources-display-component---newResourceUnit--SHORT_TEXT","interaction":{"idSuffix":"inner"}},"wdio_ui5_key":"applicationmanageresources-display-component---newResourceUnit--SHORT_TEXT"}]}
RESULT: undefined
COMMAND: POST /session/e1651f9e57ffdf7e65c343015e5aefba/execute/async - {"script":"<script> [776 bytes]","args":[{"enterText":"material for Mass Return","selector":{"id":"application-manageresources-display-component---newResourceUnit--SHORT_TEXT","interaction":{"idSuffix":"inner"}},"clearTextFirst":true,"interactionType":"ENTER_TEXT"}]}
RESULT: {"script":"<script> [776 bytes]","args":[{"enterText":"material for Mass Return","selector":{"id":"application-manageresources-display-component---newResourceUnit--SHORT_TEXT","interaction":{"idSuffix":"inner"}},"clearTextFirst":true,"interactionType":"ENTER_TEXT"}]}
COMMAND: POST /session/e1651f9e57ffdf7e65c343015e5aefba/execute/async - {"script":"<script> [1562 bytes]","args":[{"selector":{"id":"application-manageresources-display-component---newResourceUnit--BASE_UNIT_OF_MEASURE","interaction":{"idSuffix":"inner"}},"wdio_ui5_key":"applicationmanageresources-display-component---newResourceUnit--BASE_UNIT_OF_MEASURE"}]}
RESULT: {"script":"<script> [1562 bytes]","args":[{"selector":{"id":"application-manageresources-display-component---newResourceUnit--BASE_UNIT_OF_MEASURE","interaction":{"idSuffix":"inner"}},"wdio_ui5_key":"applicationmanageresources-display-component---newResourceUnit--BASE_UNIT_OF_MEASURE"}]}
RESULT: undefined
COMMAND: POST /session/e1651f9e57ffdf7e65c343015e5aefba/execute/async - {"script":"<script> [776 bytes]","args":[{"enterText":"Piece","selector":{"id":"application-manageresources-display-component---newResourceUnit--BASE_UNIT_OF_MEASURE","interaction":{"idSuffix":"inner"}},"clearTextFirst":true,"interactionType":"ENTER_TEXT"}]}
RESULT: {"script":"<script> [776 bytes]","args":[{"enterText":"Piece","selector":{"id":"application-manageresources-display-component---newResourceUnit--BASE_UNIT_OF_MEASURE","interaction":{"idSuffix":"inner"}},"clearTextFirst":true,"interactionType":"ENTER_TEXT"}]}
COMMAND: POST /session/e1651f9e57ffdf7e65c343015e5aefba/execute/async - {"script":"<script> [1562 bytes]","args":[{"selector":{"id":"application-manageresources-display-component---newResourceUnit--WEIGHT_UNIT","interaction":{"idSuffix":"inner"}},"wdio_ui5_key":"applicationmanageresources-display-component---newResourceUnit--WEIGHT_UNIT"}]}
RESULT: {"script":"<script> [1562 bytes]","args":[{"selector":{"id":"application-manageresources-display-component---newResourceUnit--WEIGHT_UNIT","interaction":{"idSuffix":"inner"}},"wdio_ui5_key":"applicationmanageresources-display-component---newResourceUnit--WEIGHT_UNIT"}]}
RESULT: undefined
COMMAND: POST /session/e1651f9e57ffdf7e65c343015e5aefba/execute/async - {"script":"<script> [776 bytes]","args":[{"enterText":"Gram","selector":{"id":"application-manageresources-display-component---newResourceUnit--WEIGHT_UNIT","interaction":{"idSuffix":"inner"}},"clearTextFirst":true,"interactionType":"ENTER_TEXT"}]}
RESULT: {"script":"<script> [776 bytes]","args":[{"enterText":"Gram","selector":{"id":"application-manageresources-display-component---newResourceUnit--WEIGHT_UNIT","interaction":{"idSuffix":"inner"}},"clearTextFirst":true,"interactionType":"ENTER_TEXT"}]}
COMMAND: POST /session/e1651f9e57ffdf7e65c343015e5aefba/execute/async - {"script":"<script> [1562 bytes]","args":[{"selector":{"id":"application-manageresources-display-component---newResourceUnit--DIMENSION_UNIT","interaction":{"idSuffix":"inner"}},"wdio_ui5_key":"applicationmanageresources-display-component---newResourceUnit--DIMENSION_UNIT"}]}
RESULT: {"script":"<script> [1562 bytes]","args":[{"selector":{"id":"application-manageresources-display-component---newResourceUnit--DIMENSION_UNIT","interaction":{"idSuffix":"inner"}},"wdio_ui5_key":"applicationmanageresources-display-component---newResourceUnit--DIMENSION_UNIT"}]}
RESULT: undefined
COMMAND: POST /session/e1651f9e57ffdf7e65c343015e5aefba/execute/async - {"script":"<script> [776 bytes]","args":[{"enterText":"Meter","selector":{"id":"application-manageresources-display-component---newResourceUnit--DIMENSION_UNIT","interaction":{"idSuffix":"inner"}},"clearTextFirst":true,"interactionType":"ENTER_TEXT"}]}
RESULT: {"script":"<script> [776 bytes]","args":[{"enterText":"Meter","selector":{"id":"application-manageresources-display-component---newResourceUnit--DIMENSION_UNIT","interaction":{"idSuffix":"inner"}},"clearTextFirst":true,"interactionType":"ENTER_TEXT"}]}
COMMAND: POST /session/e1651f9e57ffdf7e65c343015e5aefba/execute/async - {"script":"<script> [1562 bytes]","args":[{"selector":{"id":"application-manageresources-display-component---newResourceUnit--newRRUPage-anchBar-application-manageresources-display-component---newResourceUnit--control-anchor","interaction":{"idSuffix":"content"}},"wdio_ui5_key":"applicationmanageresources-display-component---newResourceUnit--newRRUPage-anchBar-application-manageresources-display-component---newResourceUnit--control-anchor"}]}
RESULT: {"script":"<script> [1562 bytes]","args":[{"selector":{"id":"application-manageresources-display-component---newResourceUnit--newRRUPage-anchBar-application-manageresources-display-component---newResourceUnit--control-anchor","interaction":{"idSuffix":"content"}},"wdio_ui5_key":"applicationmanageresources-display-component---newResourceUnit--newRRUPage-anchBar-application-manageresources-display-component---newResourceUnit--control-anchor"}]}
RESULT: undefined
COMMAND: POST /session/e1651f9e57ffdf7e65c343015e5aefba/element - {"using":"xpath","value":"//*[@id=\"application-manageresources-display-component---newResourceUnit--newRRUPage-anchBar-application-manageresources-display-component---newResourceUnit--control-anchor\"]"}
RESULT: {"using":"xpath","value":"//*[@id=\"application-manageresources-display-component---newResourceUnit--newRRUPage-anchBar-application-manageresources-display-component---newResourceUnit--control-anchor\"]"}
COMMAND: POST /session/e1651f9e57ffdf7e65c343015e5aefba/element/f.29BF19D1E518CA5A0B8B264D2F67E8CF.d.960BF702510FE55AE25BB4FE747235D7.e.2390/click - {}
RESULT: {}
COMMAND: POST /session/e1651f9e57ffdf7e65c343015e5aefba/execute/async - {"script":"<script> [1562 bytes]","args":[{"selector":{"id":"application-manageresources-display-component---newResourceUnit--PLANNING_GROUP","interaction":{"idSuffix":"inner"}},"wdio_ui5_key":"applicationmanageresources-display-component---newResourceUnit--PLANNING_GROUP"}]}
COMMAND: GET /session/e1651f9e57ffdf7e65c343015e5aefba/screenshot - {}
RESULT: {"script":"<script> [1562 bytes]","args":[{"selector":{"id":"application-manageresources-display-component---newResourceUnit--PLANNING_GROUP","interaction":{"idSuffix":"inner"}},"wdio_ui5_key":"applicationmanageresources-display-component---newResourceUnit--PLANNING_GROUP"}]}
RESULT: undefined
COMMAND: POST /session/e1651f9e57ffdf7e65c343015e5aefba/execute/async - {"script":"<script> [776 bytes]","args":[{"enterText":"Heavy Equi","selector":{"id":"application-manageresources-display-component---newResourceUnit--PLANNING_GROUP","interaction":{"idSuffix":"inner"}},"clearTextFirst":true,"interactionType":"ENTER_TEXT"}]}
RESULT: {}
RESULT: {"script":"<script> [776 bytes]","args":[{"enterText":"Heavy Equi","selector":{"id":"application-manageresources-display-component---newResourceUnit--PLANNING_GROUP","interaction":{"idSuffix":"inner"}},"clearTextFirst":true,"interactionType":"ENTER_TEXT"}]}
COMMAND: POST /session/e1651f9e57ffdf7e65c343015e5aefba/execute/async - {"script":"<script> [1562 bytes]","args":[{"selector":{"id":"application-manageresources-display-component---newResourceUnit--PLANNING_INDICATOR","interaction":{"idSuffix":"inner"}},"wdio_ui5_key":"applicationmanageresources-display-component---newResourceUnit--PLANNING_INDICATOR"}]}
RESULT: {"script":"<script> [1562 bytes]","args":[{"selector":{"id":"application-manageresources-display-component---newResourceUnit--PLANNING_INDICATOR","interaction":{"idSuffix":"inner"}},"wdio_ui5_key":"applicationmanageresources-display-component---newResourceUnit--PLANNING_INDICATOR"}]}
RESULT: undefined
COMMAND: POST /session/e1651f9e57ffdf7e65c343015e5aefba/execute/async - {"script":"<script> [776 bytes]","args":[{"enterText":"10 - infinite","selector":{"id":"application-manageresources-display-component---newResourceUnit--PLANNING_INDICATOR","interaction":{"idSuffix":"inner"}},"clearTextFirst":true,"interactionType":"ENTER_TEXT"}]}
RESULT: {"script":"<script> [776 bytes]","args":[{"enterText":"10 - infinite","selector":{"id":"application-manageresources-display-component---newResourceUnit--PLANNING_INDICATOR","interaction":{"idSuffix":"inner"}},"clearTextFirst":true,"interactionType":"ENTER_TEXT"}]}
COMMAND: POST /session/e1651f9e57ffdf7e65c343015e5aefba/actions - {"actions":[{"id":"action1","type":"key","parameters":{},"actions":[{"type":"keyDown","value":"î€‡"},{"type":"pause","duration":10},{"type":"keyUp","value":"î€‡"}]}]}
RESULT: {"actions":[{"id":"action1","type":"key","parameters":{},"actions":[{"type":"keyDown","value":"î€‡"},{"type":"pause","duration":10},{"type":"keyUp","value":"î€‡"}]}]}
COMMAND: POST /session/e1651f9e57ffdf7e65c343015e5aefba/execute/async - {"script":"<script> [1562 bytes]","args":[{"selector":{"id":"application-manageresources-display-component---newResourceUnit--ITEM_TYPE-arrow"},"wdio_ui5_key":"applicationmanageresources-display-component---newResourceUnit--ITEM_TYPE-arrow"}]}
COMMAND: GET /session/e1651f9e57ffdf7e65c343015e5aefba/screenshot - {}
RESULT: {"script":"<script> [1562 bytes]","args":[{"selector":{"id":"application-manageresources-display-component---newResourceUnit--ITEM_TYPE-arrow"},"wdio_ui5_key":"applicationmanageresources-display-component---newResourceUnit--ITEM_TYPE-arrow"}]}
RESULT: undefined
COMMAND: POST /session/e1651f9e57ffdf7e65c343015e5aefba/element - {"using":"xpath","value":"//*[@id=\"application-manageresources-display-component---newResourceUnit--ITEM_TYPE-arrow\"]"}
RESULT: {}
RESULT: {"using":"xpath","value":"//*[@id=\"application-manageresources-display-component---newResourceUnit--ITEM_TYPE-arrow\"]"}
COMMAND: POST /session/e1651f9e57ffdf7e65c343015e5aefba/element/f.29BF19D1E518CA5A0B8B264D2F67E8CF.d.960BF702510FE55AE25BB4FE747235D7.e.2398/click - {}
RESULT: {}
COMMAND: POST /session/e1651f9e57ffdf7e65c343015e5aefba/execute/async - {"script":"<script> [1562 bytes]","args":[{"selector":{"controlType":"sap.m.StandardListItem","viewName":"reusables.view.manageresources.NewResourceUnit","viewId":"application-manageresources-display-component---newResourceUnit","properties":{"title":"Resource Unit"},"searchOpenDialogs":true,"interaction":{"idSuffix":"titleText"}},"wdio_ui5_key":"reusablesview.manageresources.NewResourceUnitsap.m.StandardListItem{\"title\":\"Resource Unit\"}"}]}
COMMAND: GET /session/e1651f9e57ffdf7e65c343015e5aefba/screenshot - {}
RESULT: {"script":"<script> [1562 bytes]","args":[{"selector":{"controlType":"sap.m.StandardListItem","viewName":"reusables.view.manageresources.NewResourceUnit","viewId":"application-manageresources-display-component---newResourceUnit","properties":{"title":"Resource Unit"},"searchOpenDialogs":true,"interaction":{"idSuffix":"titleText"}},"wdio_ui5_key":"reusablesview.manageresources.NewResourceUnitsap.m.StandardListItem{\"title\":\"Resource Unit\"}"}]}
RESULT: undefined
RESULT: {}
COMMAND: POST /session/e1651f9e57ffdf7e65c343015e5aefba/execute/async - {"script":"<script> [1562 bytes]","args":[{"selector":{"controlType":"sap.m.Label","viewName":"reusables.view.manageresources.NewResourceUnit","viewId":"application-manageresources-display-component---newResourceUnit","i18NText":{"propertyName":"text","key":"planningGroup"},"interaction":{"idSuffix":"bdi"}},"wdio_ui5_key":"reusablesview.manageresources.NewResourceUnitsap.m.Label{\"propertyName\":\"text\",\"key\":\"planningGroup\"}"}]}
RESULT: {"script":"<script> [1562 bytes]","args":[{"selector":{"controlType":"sap.m.Label","viewName":"reusables.view.manageresources.NewResourceUnit","viewId":"application-manageresources-display-component---newResourceUnit","i18NText":{"propertyName":"text","key":"planningGroup"},"interaction":{"idSuffix":"bdi"}},"wdio_ui5_key":"reusablesview.manageresources.NewResourceUnitsap.m.Label{\"propertyName\":\"text\",\"key\":\"planningGroup\"}"}]}
RESULT: undefined
COMMAND: POST /session/e1651f9e57ffdf7e65c343015e5aefba/element - {"using":"xpath","value":"//*[@id=\"__label263\"]"}
RESULT: {"using":"xpath","value":"//*[@id=\"__label263\"]"}
COMMAND: POST /session/e1651f9e57ffdf7e65c343015e5aefba/element/f.29BF19D1E518CA5A0B8B264D2F67E8CF.d.960BF702510FE55AE25BB4FE747235D7.e.2400/click - {}
RESULT: {}
COMMAND: GET /session/e1651f9e57ffdf7e65c343015e5aefba/screenshot - {}
RESULT: {}
COMMAND: POST /session/e1651f9e57ffdf7e65c343015e5aefba/actions - {"actions":[{"type":"key","id":"keyboard","actions":[{"type":"keyDown","value":"î›"}]}]}
RESULT: {"actions":[{"type":"key","id":"keyboard","actions":[{"type":"keyDown","value":"î›"}]}]}
COMMAND: GET /session/e1651f9e57ffdf7e65c343015e5aefba/screenshot - {}
RESULT: {}
COMMAND: POST /session/e1651f9e57ffdf7e65c343015e5aefba/actions - {"actions":[{"type":"key","id":"keyboard","actions":[{"type":"keyDown","value":"î›"}]}]}
RESULT: {"actions":[{"type":"key","id":"keyboard","actions":[{"type":"keyDown","value":"î›"}]}]}
COMMAND: GET /session/e1651f9e57ffdf7e65c343015e5aefba/screenshot - {}
RESULT: {}
COMMAND: POST /session/e1651f9e57ffdf7e65c343015e5aefba/actions - {"actions":[{"type":"key","id":"keyboard","actions":[{"type":"keyDown","value":"î›"}]}]}
RESULT: {"actions":[{"type":"key","id":"keyboard","actions":[{"type":"keyDown","value":"î›"}]}]}
COMMAND: GET /session/e1651f9e57ffdf7e65c343015e5aefba/screenshot - {}
RESULT: {}
COMMAND: POST /session/e1651f9e57ffdf7e65c343015e5aefba/actions - {"actions":[{"type":"key","id":"keyboard","actions":[{"type":"keyDown","value":"î›"}]}]}
RESULT: {"actions":[{"type":"key","id":"keyboard","actions":[{"type":"keyDown","value":"î›"}]}]}
COMMAND: GET /session/e1651f9e57ffdf7e65c343015e5aefba/screenshot - {}
RESULT: {}
COMMAND: POST /session/e1651f9e57ffdf7e65c343015e5aefba/actions - {"actions":[{"type":"key","id":"keyboard","actions":[{"type":"keyDown","value":"î›"}]}]}
RESULT: {"actions":[{"type":"key","id":"keyboard","actions":[{"type":"keyDown","value":"î›"}]}]}
COMMAND: GET /session/e1651f9e57ffdf7e65c343015e5aefba/screenshot - {}
RESULT: {}
COMMAND: POST /session/e1651f9e57ffdf7e65c343015e5aefba/actions - {"actions":[{"type":"key","id":"keyboard","actions":[{"type":"keyDown","value":"î›"}]}]}
RESULT: {"actions":[{"type":"key","id":"keyboard","actions":[{"type":"keyDown","value":"î›"}]}]}
COMMAND: GET /session/e1651f9e57ffdf7e65c343015e5aefba/screenshot - {}
RESULT: {}
COMMAND: POST /session/e1651f9e57ffdf7e65c343015e5aefba/execute/async - {"script":"<script> [1562 bytes]","args":[{"selector":{"id":"application-manageresources-display-component---newResourceUnit--btnAddTimeSegment-img"},"wdio_ui5_key":"applicationmanageresources-display-component---newResourceUnit--btnAddTimeSegment-img"}]}
RESULT: {"script":"<script> [1562 bytes]","args":[{"selector":{"id":"application-manageresources-display-component---newResourceUnit--btnAddTimeSegment-img"},"wdio_ui5_key":"applicationmanageresources-display-component---newResourceUnit--btnAddTimeSegment-img"}]}
RESULT: undefined
COMMAND: POST /session/e1651f9e57ffdf7e65c343015e5aefba/element - {"using":"xpath","value":"//*[@id=\"application-manageresources-display-component---newResourceUnit--btnAddTimeSegment-img\"]"}
RESULT: {"using":"xpath","value":"//*[@id=\"application-manageresources-display-component---newResourceUnit--btnAddTimeSegment-img\"]"}
COMMAND: POST /session/e1651f9e57ffdf7e65c343015e5aefba/element/f.29BF19D1E518CA5A0B8B264D2F67E8CF.d.960BF702510FE55AE25BB4FE747235D7.e.2401/click - {}
RESULT: {}
COMMAND: POST /session/e1651f9e57ffdf7e65c343015e5aefba/element - {"using":"xpath","value":"//input[@id=\"application-manageresources-display-component---newResourceUnit--idRuTSAdmin-application-manageresources-display-component---newResourceUnit--RUTimeSegment-0-inner\"]"}
COMMAND: GET /session/e1651f9e57ffdf7e65c343015e5aefba/screenshot - {}
RESULT: {"using":"xpath","value":"//input[@id=\"application-manageresources-display-component---newResourceUnit--idRuTSAdmin-application-manageresources-display-component---newResourceUnit--RUTimeSegment-0-inner\"]"}
COMMAND: POST /session/e1651f9e57ffdf7e65c343015e5aefba/element/f.29BF19D1E518CA5A0B8B264D2F67E8CF.d.960BF702510FE55AE25BB4FE747235D7.e.2404/clear - {}
RESULT: {}
RESULT: {}
COMMAND: POST /session/e1651f9e57ffdf7e65c343015e5aefba/element/f.29BF19D1E518CA5A0B8B264D2F67E8CF.d.960BF702510FE55AE25BB4FE747235D7.e.2404/value - {"text":"warehousemanagedYards81lf"}
COMMAND: GET /session/e1651f9e57ffdf7e65c343015e5aefba/screenshot - {}
RESULT: {"text":"warehousemanagedYards81lf"}
COMMAND: GET /session/e1651f9e57ffdf7e65c343015e5aefba/screenshot - {}
RESULT: {}
RESULT: {}
COMMAND: POST /session/e1651f9e57ffdf7e65c343015e5aefba/actions - {"actions":[{"id":"action2","type":"key","parameters":{},"actions":[{"type":"keyDown","value":"î€‡"},{"type":"pause","duration":10},{"type":"keyUp","value":"î€‡"}]}]}
RESULT: {"actions":[{"id":"action2","type":"key","parameters":{},"actions":[{"type":"keyDown","value":"î€‡"},{"type":"pause","duration":10},{"type":"keyUp","value":"î€‡"}]}]}
COMMAND: GET /session/e1651f9e57ffdf7e65c343015e5aefba/screenshot - {}
RESULT: {}
COMMAND: POST /session/e1651f9e57ffdf7e65c343015e5aefba/execute/async - {"script":"<script> [1562 bytes]","args":[{"selector":{"controlType":"sap.m.Button","viewName":"reusables.view.manageresources.NewResourceUnit","viewId":"application-manageresources-display-component---newResourceUnit","i18NText":{"propertyName":"tooltip","key":"save"},"interaction":{"idSuffix":"BDI-content"}},"wdio_ui5_key":"reusablesview.manageresources.NewResourceUnitsap.m.Button{\"propertyName\":\"tooltip\",\"key\":\"save\"}"}]}
RESULT: {"script":"<script> [1562 bytes]","args":[{"selector":{"controlType":"sap.m.Button","viewName":"reusables.view.manageresources.NewResourceUnit","viewId":"application-manageresources-display-component---newResourceUnit","i18NText":{"propertyName":"tooltip","key":"save"},"interaction":{"idSuffix":"BDI-content"}},"wdio_ui5_key":"reusablesview.manageresources.NewResourceUnitsap.m.Button{\"propertyName\":\"tooltip\",\"key\":\"save\"}"}]}
RESULT: undefined
COMMAND: POST /session/e1651f9e57ffdf7e65c343015e5aefba/element - {"using":"xpath","value":"//*[@id=\"application-manageresources-display-component---newResourceUnit--createRuButton\"]"}
RESULT: {"using":"xpath","value":"//*[@id=\"application-manageresources-display-component---newResourceUnit--createRuButton\"]"}
COMMAND: POST /session/e1651f9e57ffdf7e65c343015e5aefba/element/f.29BF19D1E518CA5A0B8B264D2F67E8CF.d.960BF702510FE55AE25BB4FE747235D7.e.2339/click - {}
RESULT: {}
COMMAND: POST /session/e1651f9e57ffdf7e65c343015e5aefba/execute/async - {"script":"<script> [1562 bytes]","args":[{"selector":{"controlType":"sap.m.Button","properties":{"text":"Close"},"searchOpenDialogs":true,"interaction":{"idSuffix":"BDI-content"}},"wdio_ui5_key":"sapm.Button{\"text\":\"Close\"}"}]}
COMMAND: GET /session/e1651f9e57ffdf7e65c343015e5aefba/screenshot - {}
RESULT: {"script":"<script> [1562 bytes]","args":[{"selector":{"controlType":"sap.m.Button","properties":{"text":"Close"},"searchOpenDialogs":true,"interaction":{"idSuffix":"BDI-content"}},"wdio_ui5_key":"sapm.Button{\"text\":\"Close\"}"}]}
RESULT: undefined
COMMAND: POST /session/e1651f9e57ffdf7e65c343015e5aefba/element - {"using":"xpath","value":"//*[@id=\"__mbox-btn-0\"]"}
RESULT: {}
RESULT: {"using":"xpath","value":"//*[@id=\"__mbox-btn-0\"]"}
COMMAND: POST /session/e1651f9e57ffdf7e65c343015e5aefba/element/f.29BF19D1E518CA5A0B8B264D2F67E8CF.d.960BF702510FE55AE25BB4FE747235D7.e.2418/click - {}
RESULT: {}
COMMAND: GET /session/e1651f9e57ffdf7e65c343015e5aefba/screenshot - {}
RESULT: {}
COMMAND: POST /session/e1651f9e57ffdf7e65c343015e5aefba/execute/async - {"script":"<script> [1562 bytes]","args":[{"selector":{"controlType":"sap.m.Text","viewName":"etm.portal.ui.manageresources.view.Detail","viewId":"application-manageresources-display-component---detailRU","bindingPath":{"propertyPath":"ID","modelName":"catalogModel"}},"wdio_ui5_key":"etmportal.ui.manageresources.view.Detailsap.m.Text{\"propertyPath\":\"ID\",\"modelName\":\"catalogModel\"}"}]}
RESULT: {"script":"<script> [1562 bytes]","args":[{"selector":{"controlType":"sap.m.Text","viewName":"etm.portal.ui.manageresources.view.Detail","viewId":"application-manageresources-display-component---detailRU","bindingPath":{"propertyPath":"ID","modelName":"catalogModel"}},"wdio_ui5_key":"etmportal.ui.manageresources.view.Detailsap.m.Text{\"propertyPath\":\"ID\",\"modelName\":\"catalogModel\"}"}]}
RESULT: undefined
COMMAND: POST /session/e1651f9e57ffdf7e65c343015e5aefba/execute/async - {"script":"<script> [6424 bytes]","args":[{"element-6066-11e4-a52e-4f735466cecf":"f.29BF19D1E518CA5A0B8B264D2F67E8CF.d.960BF702510FE55AE25BB4FE747235D7.e.2452"},"getText",[]]}
RESULT: {"script":"<script> [6424 bytes]","args":[{"element-6066-11e4-a52e-4f735466cecf":"f.29BF19D1E518CA5A0B8B264D2F67E8CF.d.960BF702510FE55AE25BB4FE747235D7.e.2452"},"getText",[]]}
COMMAND: POST /session/e1651f9e57ffdf7e65c343015e5aefba/element - {"using":"css selector","value":"#shell-header-logo"}
RESULT: {"using":"css selector","value":"#shell-header-logo"}
COMMAND: POST /session/e1651f9e57ffdf7e65c343015e5aefba/element/f.29BF19D1E518CA5A0B8B264D2F67E8CF.d.960BF702510FE55AE25BB4FE747235D7.e.1973/click - {}
RESULT: {}
COMMAND: GET /session/e1651f9e57ffdf7e65c343015e5aefba/screenshot - {}
RESULT: {}
]]></system-out>
    </testcase>
    <testcase classname="chrome.135_0_7049_96.windows.Create_masterdata_for_Yard_Overview_-_mass_return_US131057" name="Should do a stock increase handover" time="82.873">
      <system-out><![CDATA[
COMMAND: POST /session/e1651f9e57ffdf7e65c343015e5aefba/execute/async - {"script":"<script> [1562 bytes]","args":[{"selector":{"controlType":"sap.m.GenericTile","properties":{"header":"Manage Handovers"}},"wdio_ui5_key":"sapm.GenericTile{\"header\":\"Manage Handovers\"}"}]}
RESULT: {"script":"<script> [1562 bytes]","args":[{"selector":{"controlType":"sap.m.GenericTile","properties":{"header":"Manage Handovers"}},"wdio_ui5_key":"sapm.GenericTile{\"header\":\"Manage Handovers\"}"}]}
RESULT: undefined
COMMAND: POST /session/e1651f9e57ffdf7e65c343015e5aefba/element - {"using":"xpath","value":"//*[@id=\"__tile130\"]"}
RESULT: {"using":"xpath","value":"//*[@id=\"__tile130\"]"}
COMMAND: POST /session/e1651f9e57ffdf7e65c343015e5aefba/element/f.29BF19D1E518CA5A0B8B264D2F67E8CF.d.960BF702510FE55AE25BB4FE747235D7.e.2454/click - {}
RESULT: {}
COMMAND: GET /session/e1651f9e57ffdf7e65c343015e5aefba/screenshot - {}
RESULT: {}
COMMAND: POST /session/e1651f9e57ffdf7e65c343015e5aefba/element - {"using":"xpath","value":"//button[(@data-kt = 'masterHOAddButton')]"}
RESULT: {"using":"xpath","value":"//button[(@data-kt = 'masterHOAddButton')]"}
COMMAND: POST /session/e1651f9e57ffdf7e65c343015e5aefba/elements - {"using":"xpath","value":"//button[(@data-kt = 'masterHOAddButton')]"}
RESULT: {"using":"xpath","value":"//button[(@data-kt = 'masterHOAddButton')]"}
COMMAND: POST /session/e1651f9e57ffdf7e65c343015e5aefba/elements - {"using":"xpath","value":"//button[(@data-kt = 'masterHOAddButton')]"}
RESULT: {"using":"xpath","value":"//button[(@data-kt = 'masterHOAddButton')]"}
COMMAND: POST /session/e1651f9e57ffdf7e65c343015e5aefba/elements - {"using":"xpath","value":"//button[(@data-kt = 'masterHOAddButton')]"}
RESULT: {"using":"xpath","value":"//button[(@data-kt = 'masterHOAddButton')]"}
COMMAND: POST /session/e1651f9e57ffdf7e65c343015e5aefba/element - {"using":"xpath","value":"//button[(@data-kt = 'masterHOAddButton')]"}
RESULT: {"using":"xpath","value":"//button[(@data-kt = 'masterHOAddButton')]"}
COMMAND: POST /session/e1651f9e57ffdf7e65c343015e5aefba/element/f.29BF19D1E518CA5A0B8B264D2F67E8CF.d.960BF702510FE55AE25BB4FE747235D7.e.2487/click - {}
RESULT: {}
COMMAND: POST /session/e1651f9e57ffdf7e65c343015e5aefba/element - {"using":"css selector","value":"span[id=\"application-managehandovers-display-component---AddNewHO--typeSelect-label\"]"}
COMMAND: GET /session/e1651f9e57ffdf7e65c343015e5aefba/screenshot - {}
RESULT: {"using":"css selector","value":"span[id=\"application-managehandovers-display-component---AddNewHO--typeSelect-label\"]"}
COMMAND: POST /session/e1651f9e57ffdf7e65c343015e5aefba/element/f.29BF19D1E518CA5A0B8B264D2F67E8CF.d.960BF702510FE55AE25BB4FE747235D7.e.2789/click - {}
RESULT: {}
RESULT: {}
COMMAND: POST /session/e1651f9e57ffdf7e65c343015e5aefba/element - {"using":"css selector","value":"#application-managehandovers-display-component---AddNewHO--oneStep-CB"}
COMMAND: GET /session/e1651f9e57ffdf7e65c343015e5aefba/screenshot - {}
RESULT: {"using":"css selector","value":"#application-managehandovers-display-component---AddNewHO--oneStep-CB"}
COMMAND: GET /session/e1651f9e57ffdf7e65c343015e5aefba/element/f.29BF19D1E518CA5A0B8B264D2F67E8CF.d.960BF702510FE55AE25BB4FE747235D7.e.2727/selected - {}
RESULT: {}
RESULT: {}
COMMAND: POST /session/e1651f9e57ffdf7e65c343015e5aefba/element - {"using":"xpath","value":"//li[contains(text(), \"stock increase yard\")]"}
COMMAND: GET /session/e1651f9e57ffdf7e65c343015e5aefba/screenshot - {}
RESULT: {"using":"xpath","value":"//li[contains(text(), \"stock increase yard\")]"}
COMMAND: POST /session/e1651f9e57ffdf7e65c343015e5aefba/element/f.29BF19D1E518CA5A0B8B264D2F67E8CF.d.960BF702510FE55AE25BB4FE747235D7.e.2790/click - {}
RESULT: {}
RESULT: {}
COMMAND: GET /session/e1651f9e57ffdf7e65c343015e5aefba/screenshot - {}
RESULT: {}
COMMAND: POST /session/e1651f9e57ffdf7e65c343015e5aefba/element - {"using":"css selector","value":"input[id=\"generalSectionFrg--receiveYard-inner\"]"}
RESULT: {"using":"css selector","value":"input[id=\"generalSectionFrg--receiveYard-inner\"]"}
COMMAND: POST /session/e1651f9e57ffdf7e65c343015e5aefba/element/f.29BF19D1E518CA5A0B8B264D2F67E8CF.d.960BF702510FE55AE25BB4FE747235D7.e.2800/clear - {}
RESULT: {}
COMMAND: POST /session/e1651f9e57ffdf7e65c343015e5aefba/element/f.29BF19D1E518CA5A0B8B264D2F67E8CF.d.960BF702510FE55AE25BB4FE747235D7.e.2800/value - {"text":"warehousemanagedYards81lf"}
COMMAND: GET /session/e1651f9e57ffdf7e65c343015e5aefba/screenshot - {}
RESULT: {"text":"warehousemanagedYards81lf"}
COMMAND: GET /session/e1651f9e57ffdf7e65c343015e5aefba/screenshot - {}
RESULT: {}
RESULT: {}
COMMAND: POST /session/e1651f9e57ffdf7e65c343015e5aefba/element - {"using":"css selector","value":"#application-managehandovers-display-component---AddNewHO--dueDate-inner"}
RESULT: {"using":"css selector","value":"#application-managehandovers-display-component---AddNewHO--dueDate-inner"}
COMMAND: POST /session/e1651f9e57ffdf7e65c343015e5aefba/element/f.29BF19D1E518CA5A0B8B264D2F67E8CF.d.960BF702510FE55AE25BB4FE747235D7.e.2794/clear - {}
RESULT: {}
COMMAND: POST /session/e1651f9e57ffdf7e65c343015e5aefba/element/f.29BF19D1E518CA5A0B8B264D2F67E8CF.d.960BF702510FE55AE25BB4FE747235D7.e.2794/value - {"text":"4/28/25"}
COMMAND: GET /session/e1651f9e57ffdf7e65c343015e5aefba/screenshot - {}
RESULT: {"text":"4/28/25"}
COMMAND: GET /session/e1651f9e57ffdf7e65c343015e5aefba/screenshot - {}
RESULT: {}
RESULT: {}
COMMAND: POST /session/e1651f9e57ffdf7e65c343015e5aefba/element - {"using":"xpath","value":"//bdi[(text() = 'Items' or . = 'Items')]"}
RESULT: {"using":"xpath","value":"//bdi[(text() = 'Items' or . = 'Items')]"}
COMMAND: POST /session/e1651f9e57ffdf7e65c343015e5aefba/element/f.29BF19D1E518CA5A0B8B264D2F67E8CF.d.960BF702510FE55AE25BB4FE747235D7.e.2816/click - {}
RESULT: {}
COMMAND: GET /session/e1651f9e57ffdf7e65c343015e5aefba/screenshot - {}
RESULT: {}
COMMAND: POST /session/e1651f9e57ffdf7e65c343015e5aefba/element - {"using":"xpath","value":"//button[@aria-label=\"Add\"]"}
RESULT: {"using":"xpath","value":"//button[@aria-label=\"Add\"]"}
COMMAND: POST /session/e1651f9e57ffdf7e65c343015e5aefba/element/f.29BF19D1E518CA5A0B8B264D2F67E8CF.d.960BF702510FE55AE25BB4FE747235D7.e.2821/click - {}
RESULT: {}
COMMAND: GET /session/e1651f9e57ffdf7e65c343015e5aefba/screenshot - {}
RESULT: {}
COMMAND: POST /session/e1651f9e57ffdf7e65c343015e5aefba/element - {"using":"css selector","value":"input[id= \"application-managehandovers-display-component---AddNewHO--smartFilterBar-btnBasicSearch-I\"]"}
RESULT: {"using":"css selector","value":"input[id= \"application-managehandovers-display-component---AddNewHO--smartFilterBar-btnBasicSearch-I\"]"}
COMMAND: POST /session/e1651f9e57ffdf7e65c343015e5aefba/element/f.29BF19D1E518CA5A0B8B264D2F67E8CF.d.960BF702510FE55AE25BB4FE747235D7.e.2825/clear - {}
RESULT: {}
COMMAND: POST /session/e1651f9e57ffdf7e65c343015e5aefba/element/f.29BF19D1E518CA5A0B8B264D2F67E8CF.d.960BF702510FE55AE25BB4FE747235D7.e.2825/value - {"text":"200163"}
COMMAND: GET /session/e1651f9e57ffdf7e65c343015e5aefba/screenshot - {}
RESULT: {"text":"200163"}
COMMAND: POST /session/e1651f9e57ffdf7e65c343015e5aefba/actions - {"actions":[{"id":"action3","type":"key","parameters":{},"actions":[{"type":"keyDown","value":"î€‡"},{"type":"pause","duration":10},{"type":"keyUp","value":"î€‡"}]}]}
COMMAND: GET /session/e1651f9e57ffdf7e65c343015e5aefba/screenshot - {}
RESULT: {}
RESULT: {"actions":[{"id":"action3","type":"key","parameters":{},"actions":[{"type":"keyDown","value":"î€‡"},{"type":"pause","duration":10},{"type":"keyUp","value":"î€‡"}]}]}
COMMAND: POST /session/e1651f9e57ffdf7e65c343015e5aefba/element - {"using":"css selector","value":"div[id= \"application-managehandovers-display-component---AddNewHO--smartFilterBar-btnBasicSearch-search\"]"}
COMMAND: GET /session/e1651f9e57ffdf7e65c343015e5aefba/screenshot - {}
RESULT: {}
RESULT: {"using":"css selector","value":"div[id= \"application-managehandovers-display-component---AddNewHO--smartFilterBar-btnBasicSearch-search\"]"}
COMMAND: POST /session/e1651f9e57ffdf7e65c343015e5aefba/element/f.29BF19D1E518CA5A0B8B264D2F67E8CF.d.960BF702510FE55AE25BB4FE747235D7.e.2972/click - {}
RESULT: {}
RESULT: {}
COMMAND: GET /session/e1651f9e57ffdf7e65c343015e5aefba/screenshot - {}
RESULT: {}
COMMAND: POST /session/e1651f9e57ffdf7e65c343015e5aefba/element - {"using":"css selector","value":"div[id= \"application-managehandovers-display-component---AddNewHO--popup-sa-CbBg\"]"}
RESULT: {"using":"css selector","value":"div[id= \"application-managehandovers-display-component---AddNewHO--popup-sa-CbBg\"]"}
COMMAND: POST /session/e1651f9e57ffdf7e65c343015e5aefba/element/f.29BF19D1E518CA5A0B8B264D2F67E8CF.d.960BF702510FE55AE25BB4FE747235D7.e.2974/click - {}
RESULT: {}
COMMAND: POST /session/e1651f9e57ffdf7e65c343015e5aefba/element - {"using":"xpath","value":"//bdi[(text() = 'Select' or . = 'Select')]"}
COMMAND: GET /session/e1651f9e57ffdf7e65c343015e5aefba/screenshot - {}
RESULT: {"using":"xpath","value":"//bdi[(text() = 'Select' or . = 'Select')]"}
COMMAND: POST /session/e1651f9e57ffdf7e65c343015e5aefba/element/f.29BF19D1E518CA5A0B8B264D2F67E8CF.d.960BF702510FE55AE25BB4FE747235D7.e.2975/click - {}
RESULT: {}
RESULT: {}
COMMAND: GET /session/e1651f9e57ffdf7e65c343015e5aefba/screenshot - {}
RESULT: {}
COMMAND: POST /session/e1651f9e57ffdf7e65c343015e5aefba/element - {"using":"xpath","value":"//bdi[(text() = 'Save' or . = 'Save')]"}
RESULT: {"using":"xpath","value":"//bdi[(text() = 'Save' or . = 'Save')]"}
COMMAND: POST /session/e1651f9e57ffdf7e65c343015e5aefba/element/f.29BF19D1E518CA5A0B8B264D2F67E8CF.d.960BF702510FE55AE25BB4FE747235D7.e.2979/click - {}
RESULT: {}
COMMAND: GET /session/e1651f9e57ffdf7e65c343015e5aefba/screenshot - {}
RESULT: {}
COMMAND: POST /session/e1651f9e57ffdf7e65c343015e5aefba/element - {"using":"xpath","value":"//input[contains(@id ,\"receiptDatePicker-inner\")]"}
RESULT: {"using":"xpath","value":"//input[contains(@id ,\"receiptDatePicker-inner\")]"}
COMMAND: POST /session/e1651f9e57ffdf7e65c343015e5aefba/element/f.29BF19D1E518CA5A0B8B264D2F67E8CF.d.960BF702510FE55AE25BB4FE747235D7.e.3007/click - {}
RESULT: {}
COMMAND: POST /session/e1651f9e57ffdf7e65c343015e5aefba/element - {"using":"xpath","value":"//input[contains(@id ,\"receiptDatePicker-inner\")]"}
COMMAND: GET /session/e1651f9e57ffdf7e65c343015e5aefba/screenshot - {}
RESULT: {"using":"xpath","value":"//input[contains(@id ,\"receiptDatePicker-inner\")]"}
COMMAND: POST /session/e1651f9e57ffdf7e65c343015e5aefba/element/f.29BF19D1E518CA5A0B8B264D2F67E8CF.d.960BF702510FE55AE25BB4FE747235D7.e.3007/clear - {}
RESULT: {}
RESULT: {}
COMMAND: POST /session/e1651f9e57ffdf7e65c343015e5aefba/element/f.29BF19D1E518CA5A0B8B264D2F67E8CF.d.960BF702510FE55AE25BB4FE747235D7.e.3007/value - {"text":"4/28/25"}
COMMAND: GET /session/e1651f9e57ffdf7e65c343015e5aefba/screenshot - {}
RESULT: {"text":"4/28/25"}
COMMAND: GET /session/e1651f9e57ffdf7e65c343015e5aefba/screenshot - {}
RESULT: {}
RESULT: {}
COMMAND: POST /session/e1651f9e57ffdf7e65c343015e5aefba/execute/async - {"script":"<script> [1562 bytes]","args":[{"selector":{"id":"administrationTabFilter","viewName":"etm.portal.ui.managehandovers.view.DetailExecuteHO","interaction":{"idSuffix":"text"}},"wdio_ui5_key":"administrationTabFilteretmportal.ui.managehandovers.view.DetailExecuteHO"}]}
RESULT: {"script":"<script> [1562 bytes]","args":[{"selector":{"id":"administrationTabFilter","viewName":"etm.portal.ui.managehandovers.view.DetailExecuteHO","interaction":{"idSuffix":"text"}},"wdio_ui5_key":"administrationTabFilteretmportal.ui.managehandovers.view.DetailExecuteHO"}]}
RESULT: undefined
COMMAND: POST /session/e1651f9e57ffdf7e65c343015e5aefba/element - {"using":"xpath","value":"//*[@id=\"__xmlview59--administrationTabFilter\"]"}
RESULT: {"using":"xpath","value":"//*[@id=\"__xmlview59--administrationTabFilter\"]"}
COMMAND: POST /session/e1651f9e57ffdf7e65c343015e5aefba/element/f.29BF19D1E518CA5A0B8B264D2F67E8CF.d.960BF702510FE55AE25BB4FE747235D7.e.3023/click - {}
RESULT: {}
RESULT: undefined
COMMAND: POST /session/e1651f9e57ffdf7e65c343015e5aefba/element - {"using":"xpath","value":"//*[@id=\"__xmlview59--administrationTabFilter\"]"}
COMMAND: GET /session/e1651f9e57ffdf7e65c343015e5aefba/screenshot - {}
RESULT: {"using":"xpath","value":"//*[@id=\"__xmlview59--administrationTabFilter\"]"}
COMMAND: POST /session/e1651f9e57ffdf7e65c343015e5aefba/element/f.29BF19D1E518CA5A0B8B264D2F67E8CF.d.960BF702510FE55AE25BB4FE747235D7.e.3023/click - {}
RESULT: {}
RESULT: {}
COMMAND: GET /session/e1651f9e57ffdf7e65c343015e5aefba/screenshot - {}
RESULT: {}
COMMAND: POST /session/e1651f9e57ffdf7e65c343015e5aefba/element - {"using":"xpath","value":"//bdi[(text() = 'Confirm' or . = 'Confirm')]"}
RESULT: {"using":"xpath","value":"//bdi[(text() = 'Confirm' or . = 'Confirm')]"}
COMMAND: POST /session/e1651f9e57ffdf7e65c343015e5aefba/element/f.29BF19D1E518CA5A0B8B264D2F67E8CF.d.960BF702510FE55AE25BB4FE747235D7.e.3031/click - {}
RESULT: {}
COMMAND: GET /session/e1651f9e57ffdf7e65c343015e5aefba/screenshot - {}
RESULT: {}
COMMAND: POST /session/e1651f9e57ffdf7e65c343015e5aefba/execute/async - {"script":"<script> [1562 bytes]","args":[{"selector":{"id":"confirmationButton","viewName":"etm.portal.ui.managehandovers.view.DetailExecuteHO","interaction":{"idSuffix":"BDI-content"}},"wdio_ui5_key":"confirmationButtonetmportal.ui.managehandovers.view.DetailExecuteHO"}]}
RESULT: {"script":"<script> [1562 bytes]","args":[{"selector":{"id":"confirmationButton","viewName":"etm.portal.ui.managehandovers.view.DetailExecuteHO","interaction":{"idSuffix":"BDI-content"}},"wdio_ui5_key":"confirmationButtonetmportal.ui.managehandovers.view.DetailExecuteHO"}]}
RESULT: undefined
COMMAND: POST /session/e1651f9e57ffdf7e65c343015e5aefba/element - {"using":"css selector","value":"#shell-header-logo"}
RESULT: {"using":"css selector","value":"#shell-header-logo"}
COMMAND: POST /session/e1651f9e57ffdf7e65c343015e5aefba/element/f.29BF19D1E518CA5A0B8B264D2F67E8CF.d.960BF702510FE55AE25BB4FE747235D7.e.2457/click - {}
RESULT: {}
COMMAND: GET /session/e1651f9e57ffdf7e65c343015e5aefba/screenshot - {}
RESULT: {}
]]></system-out>
    </testcase>
    <testcase classname="chrome.135_0_7049_96.windows.Create_masterdata_for_Yard_Overview_-_mass_return_US131057" name="Should create a new contract" time="61.399">
      <system-out><![CDATA[
COMMAND: POST /session/e1651f9e57ffdf7e65c343015e5aefba/execute/async - {"script":"<script> [1562 bytes]","args":[{"selector":{"controlType":"sap.m.GenericTile","properties":{"header":"Manage Contracts"}},"wdio_ui5_key":"sapm.GenericTile{\"header\":\"Manage Contracts\"}"}]}
RESULT: {"script":"<script> [1562 bytes]","args":[{"selector":{"controlType":"sap.m.GenericTile","properties":{"header":"Manage Contracts"}},"wdio_ui5_key":"sapm.GenericTile{\"header\":\"Manage Contracts\"}"}]}
RESULT: undefined
COMMAND: POST /session/e1651f9e57ffdf7e65c343015e5aefba/element - {"using":"xpath","value":"//*[@id=\"__tile133\"]"}
RESULT: {"using":"xpath","value":"//*[@id=\"__tile133\"]"}
COMMAND: POST /session/e1651f9e57ffdf7e65c343015e5aefba/element/f.29BF19D1E518CA5A0B8B264D2F67E8CF.d.960BF702510FE55AE25BB4FE747235D7.e.3037/click - {}
RESULT: {}
COMMAND: GET /session/e1651f9e57ffdf7e65c343015e5aefba/screenshot - {}
RESULT: {}
COMMAND: POST /session/e1651f9e57ffdf7e65c343015e5aefba/execute/async - {"script":"<script> [1562 bytes]","args":[{"selector":{"controlType":"sap.ui.core.Icon","viewName":"etm.portal.ui.managecontracts.view.Master","properties":{"src":{"regex":{"source":"add"}}}},"wdio_ui5_key":"etmportal.ui.managecontracts.view.Mastersap.ui.core.Icon{\"src\":{\"regex\":{\"source\":\"add\"}}}"}]}
RESULT: {"script":"<script> [1562 bytes]","args":[{"selector":{"controlType":"sap.ui.core.Icon","viewName":"etm.portal.ui.managecontracts.view.Master","properties":{"src":{"regex":{"source":"add"}}}},"wdio_ui5_key":"etmportal.ui.managecontracts.view.Mastersap.ui.core.Icon{\"src\":{\"regex\":{\"source\":\"add\"}}}"}]}
RESULT: undefined
COMMAND: POST /session/e1651f9e57ffdf7e65c343015e5aefba/element - {"using":"xpath","value":"//*[@id=\"__button298-img\"]"}
RESULT: {"using":"xpath","value":"//*[@id=\"__button298-img\"]"}
COMMAND: POST /session/e1651f9e57ffdf7e65c343015e5aefba/element/f.29BF19D1E518CA5A0B8B264D2F67E8CF.d.960BF702510FE55AE25BB4FE747235D7.e.3119/click - {}
RESULT: {}
COMMAND: POST /session/e1651f9e57ffdf7e65c343015e5aefba/execute/async - {"script":"<script> [1562 bytes]","args":[{"selector":{"id":"application-managecontracts-display-component---AddNewContract--projectDescription","interaction":{"idSuffix":"inner"}},"wdio_ui5_key":"applicationmanagecontracts-display-component---AddNewContract--projectDescription"}]}
COMMAND: GET /session/e1651f9e57ffdf7e65c343015e5aefba/screenshot - {}
RESULT: {"script":"<script> [1562 bytes]","args":[{"selector":{"id":"application-managecontracts-display-component---AddNewContract--projectDescription","interaction":{"idSuffix":"inner"}},"wdio_ui5_key":"applicationmanagecontracts-display-component---AddNewContract--projectDescription"}]}
RESULT: undefined
COMMAND: POST /session/e1651f9e57ffdf7e65c343015e5aefba/execute/async - {"script":"<script> [776 bytes]","args":[{"enterText":"wdi5 contract for billing","selector":{"id":"application-managecontracts-display-component---AddNewContract--projectDescription","interaction":{"idSuffix":"inner"}},"clearTextFirst":true,"interactionType":"ENTER_TEXT"}]}
RESULT: {}
RESULT: {"script":"<script> [776 bytes]","args":[{"enterText":"wdi5 contract for billing","selector":{"id":"application-managecontracts-display-component---AddNewContract--projectDescription","interaction":{"idSuffix":"inner"}},"clearTextFirst":true,"interactionType":"ENTER_TEXT"}]}
COMMAND: POST /session/e1651f9e57ffdf7e65c343015e5aefba/element - {"using":"xpath","value":"//input[@id=\"application-managecontracts-display-component---AddNewContract--customerSelect-inner\"]"}
RESULT: {"using":"xpath","value":"//input[@id=\"application-managecontracts-display-component---AddNewContract--customerSelect-inner\"]"}
COMMAND: POST /session/e1651f9e57ffdf7e65c343015e5aefba/element/f.29BF19D1E518CA5A0B8B264D2F67E8CF.d.960BF702510FE55AE25BB4FE747235D7.e.3366/clear - {}
RESULT: {}
COMMAND: POST /session/e1651f9e57ffdf7e65c343015e5aefba/element/f.29BF19D1E518CA5A0B8B264D2F67E8CF.d.960BF702510FE55AE25BB4FE747235D7.e.3366/value - {"text":"1200"}
COMMAND: GET /session/e1651f9e57ffdf7e65c343015e5aefba/screenshot - {}
RESULT: {"text":"1200"}
COMMAND: GET /session/e1651f9e57ffdf7e65c343015e5aefba/screenshot - {}
RESULT: {}
RESULT: {}
COMMAND: POST /session/e1651f9e57ffdf7e65c343015e5aefba/actions - {"actions":[{"id":"action4","type":"key","parameters":{},"actions":[{"type":"keyDown","value":"î€‡"},{"type":"pause","duration":10},{"type":"keyUp","value":"î€‡"}]}]}
RESULT: {"actions":[{"id":"action4","type":"key","parameters":{},"actions":[{"type":"keyDown","value":"î€‡"},{"type":"pause","duration":10},{"type":"keyUp","value":"î€‡"}]}]}
COMMAND: POST /session/e1651f9e57ffdf7e65c343015e5aefba/element - {"using":"xpath","value":"//input[@id=\"application-managecontracts-display-component---AddNewContract--site-inner\"]"}
COMMAND: GET /session/e1651f9e57ffdf7e65c343015e5aefba/screenshot - {}
RESULT: {"using":"xpath","value":"//input[@id=\"application-managecontracts-display-component---AddNewContract--site-inner\"]"}
COMMAND: POST /session/e1651f9e57ffdf7e65c343015e5aefba/element/f.29BF19D1E518CA5A0B8B264D2F67E8CF.d.960BF702510FE55AE25BB4FE747235D7.e.3367/clear - {}
RESULT: {}
RESULT: {}
COMMAND: POST /session/e1651f9e57ffdf7e65c343015e5aefba/element/f.29BF19D1E518CA5A0B8B264D2F67E8CF.d.960BF702510FE55AE25BB4FE747235D7.e.3367/value - {"text":"2188"}
COMMAND: GET /session/e1651f9e57ffdf7e65c343015e5aefba/screenshot - {}
RESULT: {"text":"2188"}
COMMAND: GET /session/e1651f9e57ffdf7e65c343015e5aefba/screenshot - {}
RESULT: {}
RESULT: {}
COMMAND: POST /session/e1651f9e57ffdf7e65c343015e5aefba/actions - {"actions":[{"id":"action5","type":"key","parameters":{},"actions":[{"type":"keyDown","value":"î€‡"},{"type":"pause","duration":10},{"type":"keyUp","value":"î€‡"}]}]}
RESULT: {"actions":[{"id":"action5","type":"key","parameters":{},"actions":[{"type":"keyDown","value":"î€‡"},{"type":"pause","duration":10},{"type":"keyUp","value":"î€‡"}]}]}
COMMAND: POST /session/e1651f9e57ffdf7e65c343015e5aefba/execute/async - {"script":"<script> [1562 bytes]","args":[{"selector":{"id":"application-managecontracts-display-component---AddNewContract--calendarInput","interaction":{"idSuffix":"inner"}},"wdio_ui5_key":"applicationmanagecontracts-display-component---AddNewContract--calendarInput"}]}
COMMAND: GET /session/e1651f9e57ffdf7e65c343015e5aefba/screenshot - {}
RESULT: {"script":"<script> [1562 bytes]","args":[{"selector":{"id":"application-managecontracts-display-component---AddNewContract--calendarInput","interaction":{"idSuffix":"inner"}},"wdio_ui5_key":"applicationmanagecontracts-display-component---AddNewContract--calendarInput"}]}
RESULT: undefined
COMMAND: POST /session/e1651f9e57ffdf7e65c343015e5aefba/execute/async - {"script":"<script> [776 bytes]","args":[{"enterText":"1 - Calendar unit test patch","selector":{"id":"application-managecontracts-display-component---AddNewContract--calendarInput","interaction":{"idSuffix":"inner"}},"clearTextFirst":true,"interactionType":"ENTER_TEXT"}]}
RESULT: {}
RESULT: {"script":"<script> [776 bytes]","args":[{"enterText":"1 - Calendar unit test patch","selector":{"id":"application-managecontracts-display-component---AddNewContract--calendarInput","interaction":{"idSuffix":"inner"}},"clearTextFirst":true,"interactionType":"ENTER_TEXT"}]}
COMMAND: POST /session/e1651f9e57ffdf7e65c343015e5aefba/actions - {"actions":[{"id":"action6","type":"key","parameters":{},"actions":[{"type":"keyDown","value":"î€‡"},{"type":"pause","duration":10},{"type":"keyUp","value":"î€‡"}]}]}
RESULT: {"actions":[{"id":"action6","type":"key","parameters":{},"actions":[{"type":"keyDown","value":"î€‡"},{"type":"pause","duration":10},{"type":"keyUp","value":"î€‡"}]}]}
COMMAND: POST /session/e1651f9e57ffdf7e65c343015e5aefba/execute/async - {"script":"<script> [1562 bytes]","args":[{"selector":{"id":"application-managecontracts-display-component---AddNewContract--languageCB","interaction":{"idSuffix":"inner"}},"wdio_ui5_key":"applicationmanagecontracts-display-component---AddNewContract--languageCB"}]}
COMMAND: GET /session/e1651f9e57ffdf7e65c343015e5aefba/screenshot - {}
RESULT: {"script":"<script> [1562 bytes]","args":[{"selector":{"id":"application-managecontracts-display-component---AddNewContract--languageCB","interaction":{"idSuffix":"inner"}},"wdio_ui5_key":"applicationmanagecontracts-display-component---AddNewContract--languageCB"}]}
RESULT: undefined
COMMAND: POST /session/e1651f9e57ffdf7e65c343015e5aefba/execute/async - {"script":"<script> [776 bytes]","args":[{"enterText":"EN - English","selector":{"id":"application-managecontracts-display-component---AddNewContract--languageCB","interaction":{"idSuffix":"inner"}},"clearTextFirst":true,"interactionType":"ENTER_TEXT"}]}
RESULT: {}
RESULT: {"script":"<script> [776 bytes]","args":[{"enterText":"EN - English","selector":{"id":"application-managecontracts-display-component---AddNewContract--languageCB","interaction":{"idSuffix":"inner"}},"clearTextFirst":true,"interactionType":"ENTER_TEXT"}]}
COMMAND: POST /session/e1651f9e57ffdf7e65c343015e5aefba/actions - {"actions":[{"id":"action7","type":"key","parameters":{},"actions":[{"type":"keyDown","value":"î€‡"},{"type":"pause","duration":10},{"type":"keyUp","value":"î€‡"}]}]}
RESULT: {"actions":[{"id":"action7","type":"key","parameters":{},"actions":[{"type":"keyDown","value":"î€‡"},{"type":"pause","duration":10},{"type":"keyUp","value":"î€‡"}]}]}
COMMAND: POST /session/e1651f9e57ffdf7e65c343015e5aefba/execute/async - {"script":"<script> [1562 bytes]","args":[{"selector":{"id":"application-managecontracts-display-component---AddNewContract--saveBtn","interaction":{"idSuffix":"BDI-content"}},"wdio_ui5_key":"applicationmanagecontracts-display-component---AddNewContract--saveBtn"}]}
COMMAND: GET /session/e1651f9e57ffdf7e65c343015e5aefba/screenshot - {}
RESULT: {"script":"<script> [1562 bytes]","args":[{"selector":{"id":"application-managecontracts-display-component---AddNewContract--saveBtn","interaction":{"idSuffix":"BDI-content"}},"wdio_ui5_key":"applicationmanagecontracts-display-component---AddNewContract--saveBtn"}]}
RESULT: undefined
COMMAND: POST /session/e1651f9e57ffdf7e65c343015e5aefba/element - {"using":"xpath","value":"//*[@id=\"application-managecontracts-display-component---AddNewContract--saveBtn\"]"}
RESULT: {}
RESULT: {"using":"xpath","value":"//*[@id=\"application-managecontracts-display-component---AddNewContract--saveBtn\"]"}
COMMAND: POST /session/e1651f9e57ffdf7e65c343015e5aefba/element/f.29BF19D1E518CA5A0B8B264D2F67E8CF.d.960BF702510FE55AE25BB4FE747235D7.e.3384/click - {}
RESULT: {}
COMMAND: GET /session/e1651f9e57ffdf7e65c343015e5aefba/screenshot - {}
RESULT: {}
COMMAND: POST /session/e1651f9e57ffdf7e65c343015e5aefba/execute/async - {"script":"<script> [1562 bytes]","args":[{"selector":{"id":"contractDetailTitleNoExpanded","viewName":"etm.portal.ui.managecontracts.view.Detail"},"wdio_ui5_key":"contractDetailTitleNoExpandedetmportal.ui.managecontracts.view.Detail"}]}
RESULT: {"script":"<script> [1562 bytes]","args":[{"selector":{"id":"contractDetailTitleNoExpanded","viewName":"etm.portal.ui.managecontracts.view.Detail"},"wdio_ui5_key":"contractDetailTitleNoExpandedetmportal.ui.managecontracts.view.Detail"}]}
RESULT: undefined
COMMAND: POST /session/e1651f9e57ffdf7e65c343015e5aefba/execute/async - {"script":"<script> [6424 bytes]","args":[{"element-6066-11e4-a52e-4f735466cecf":"f.29BF19D1E518CA5A0B8B264D2F67E8CF.d.960BF702510FE55AE25BB4FE747235D7.e.3469"},"getText",[]]}
RESULT: {"script":"<script> [6424 bytes]","args":[{"element-6066-11e4-a52e-4f735466cecf":"f.29BF19D1E518CA5A0B8B264D2F67E8CF.d.960BF702510FE55AE25BB4FE747235D7.e.3469"},"getText",[]]}
]]></system-out>
    </testcase>
    <testcase classname="chrome.135_0_7049_96.windows.Create_masterdata_for_Yard_Overview_-_mass_return_US131057" name="Should add resource to the contract" time="64.423">
      <system-out><![CDATA[
COMMAND: POST /session/e1651f9e57ffdf7e65c343015e5aefba/execute/async - {"script":"<script> [1562 bytes]","args":[{"selector":{"id":"contractDetailEditBtn","viewName":"etm.portal.ui.managecontracts.view.Detail","interaction":{"idSuffix":"BDI-content"}},"wdio_ui5_key":"contractDetailEditBtnetmportal.ui.managecontracts.view.Detail"}]}
RESULT: {"script":"<script> [1562 bytes]","args":[{"selector":{"id":"contractDetailEditBtn","viewName":"etm.portal.ui.managecontracts.view.Detail","interaction":{"idSuffix":"BDI-content"}},"wdio_ui5_key":"contractDetailEditBtnetmportal.ui.managecontracts.view.Detail"}]}
RESULT: undefined
COMMAND: POST /session/e1651f9e57ffdf7e65c343015e5aefba/element - {"using":"xpath","value":"//*[@id=\"__xmlview61--contractDetailEditBtn\"]"}
RESULT: {"using":"xpath","value":"//*[@id=\"__xmlview61--contractDetailEditBtn\"]"}
COMMAND: POST /session/e1651f9e57ffdf7e65c343015e5aefba/element/f.29BF19D1E518CA5A0B8B264D2F67E8CF.d.960BF702510FE55AE25BB4FE747235D7.e.3471/click - {}
RESULT: {}
COMMAND: GET /session/e1651f9e57ffdf7e65c343015e5aefba/screenshot - {}
RESULT: {}
COMMAND: POST /session/e1651f9e57ffdf7e65c343015e5aefba/execute/async - {"script":"<script> [1562 bytes]","args":[{"selector":{"id":"additionalAddressesTabFilter","viewName":"etm.portal.ui.managecontracts.view.EditContract","interaction":{"idSuffix":"text"}},"wdio_ui5_key":"additionalAddressesTabFilteretmportal.ui.managecontracts.view.EditContract"}]}
RESULT: {"script":"<script> [1562 bytes]","args":[{"selector":{"id":"additionalAddressesTabFilter","viewName":"etm.portal.ui.managecontracts.view.EditContract","interaction":{"idSuffix":"text"}},"wdio_ui5_key":"additionalAddressesTabFilteretmportal.ui.managecontracts.view.EditContract"}]}
RESULT: undefined
COMMAND: POST /session/e1651f9e57ffdf7e65c343015e5aefba/element - {"using":"xpath","value":"//*[@id=\"__xmlview62--additionalAddressesTabFilter\"]"}
RESULT: {"using":"xpath","value":"//*[@id=\"__xmlview62--additionalAddressesTabFilter\"]"}
COMMAND: POST /session/e1651f9e57ffdf7e65c343015e5aefba/element/f.29BF19D1E518CA5A0B8B264D2F67E8CF.d.960BF702510FE55AE25BB4FE747235D7.e.3531/click - {}
RESULT: {}
RESULT: undefined
COMMAND: POST /session/e1651f9e57ffdf7e65c343015e5aefba/element - {"using":"xpath","value":"//*[@id=\"__xmlview62--additionalAddressesTabFilter\"]"}
COMMAND: GET /session/e1651f9e57ffdf7e65c343015e5aefba/screenshot - {}
RESULT: {"using":"xpath","value":"//*[@id=\"__xmlview62--additionalAddressesTabFilter\"]"}
COMMAND: POST /session/e1651f9e57ffdf7e65c343015e5aefba/element/f.29BF19D1E518CA5A0B8B264D2F67E8CF.d.960BF702510FE55AE25BB4FE747235D7.e.3531/click - {}
RESULT: {}
RESULT: {}
COMMAND: POST /session/e1651f9e57ffdf7e65c343015e5aefba/execute/async - {"script":"<script> [1562 bytes]","args":[{"selector":{"controlType":"sap.ui.core.Icon","viewName":"etm.portal.ui.managecontracts.view.EditContract","properties":{"src":{"regex":{"source":"add"}}}},"wdio_ui5_key":"etmportal.ui.managecontracts.view.EditContractsap.ui.core.Icon{\"src\":{\"regex\":{\"source\":\"add\"}}}"}]}
COMMAND: GET /session/e1651f9e57ffdf7e65c343015e5aefba/screenshot - {}
RESULT: {"script":"<script> [1562 bytes]","args":[{"selector":{"controlType":"sap.ui.core.Icon","viewName":"etm.portal.ui.managecontracts.view.EditContract","properties":{"src":{"regex":{"source":"add"}}}},"wdio_ui5_key":"etmportal.ui.managecontracts.view.EditContractsap.ui.core.Icon{\"src\":{\"regex\":{\"source\":\"add\"}}}"}]}
RESULT: undefined
COMMAND: POST /session/e1651f9e57ffdf7e65c343015e5aefba/element - {"using":"xpath","value":"//*[@id=\"__xmlview62--btnAddTableRow-img\"]"}
RESULT: {}
RESULT: {"using":"xpath","value":"//*[@id=\"__xmlview62--btnAddTableRow-img\"]"}
COMMAND: POST /session/e1651f9e57ffdf7e65c343015e5aefba/element/f.29BF19D1E518CA5A0B8B264D2F67E8CF.d.960BF702510FE55AE25BB4FE747235D7.e.3534/click - {}
RESULT: {}
COMMAND: POST /session/e1651f9e57ffdf7e65c343015e5aefba/element - {"using":"xpath","value":"//div[(text() = 'Standard Entry' or . = 'Standard Entry')]"}
COMMAND: GET /session/e1651f9e57ffdf7e65c343015e5aefba/screenshot - {}
RESULT: {"using":"xpath","value":"//div[(text() = 'Standard Entry' or . = 'Standard Entry')]"}
COMMAND: POST /session/e1651f9e57ffdf7e65c343015e5aefba/element/f.29BF19D1E518CA5A0B8B264D2F67E8CF.d.960BF702510FE55AE25BB4FE747235D7.e.3537/click - {}
RESULT: {}
RESULT: {}
COMMAND: POST /session/e1651f9e57ffdf7e65c343015e5aefba/execute/async - {"script":"<script> [1562 bytes]","args":[{"selector":{"controlType":"sap.ui.core.Icon","viewName":"etm.portal.ui.managecontracts.view.EditContract","properties":{"src":{"regex":{"source":"inspect"}}}},"wdio_ui5_key":"etmportal.ui.managecontracts.view.EditContractsap.ui.core.Icon{\"src\":{\"regex\":{\"source\":\"inspect\"}}}"}]}
COMMAND: GET /session/e1651f9e57ffdf7e65c343015e5aefba/screenshot - {}
RESULT: {"script":"<script> [1562 bytes]","args":[{"selector":{"controlType":"sap.ui.core.Icon","viewName":"etm.portal.ui.managecontracts.view.EditContract","properties":{"src":{"regex":{"source":"inspect"}}}},"wdio_ui5_key":"etmportal.ui.managecontracts.view.EditContractsap.ui.core.Icon{\"src\":{\"regex\":{\"source\":\"inspect\"}}}"}]}
RESULT: undefined
COMMAND: POST /session/e1651f9e57ffdf7e65c343015e5aefba/element - {"using":"xpath","value":"//*[@id=\"__button324-img\"]"}
RESULT: {}
RESULT: {"using":"xpath","value":"//*[@id=\"__button324-img\"]"}
COMMAND: POST /session/e1651f9e57ffdf7e65c343015e5aefba/element/f.29BF19D1E518CA5A0B8B264D2F67E8CF.d.960BF702510FE55AE25BB4FE747235D7.e.3549/click - {}
RESULT: {}
COMMAND: GET /session/e1651f9e57ffdf7e65c343015e5aefba/screenshot - {}
RESULT: {}
COMMAND: POST /session/e1651f9e57ffdf7e65c343015e5aefba/element - {"using":"xpath","value":"//td[6]/div/div/input[1]"}
RESULT: {"using":"xpath","value":"//td[6]/div/div/input[1]"}
COMMAND: POST /session/e1651f9e57ffdf7e65c343015e5aefba/element/f.29BF19D1E518CA5A0B8B264D2F67E8CF.d.960BF702510FE55AE25BB4FE747235D7.e.3539/clear - {}
RESULT: {}
COMMAND: GET /session/e1651f9e57ffdf7e65c343015e5aefba/screenshot - {}
RESULT: {}
COMMAND: POST /session/e1651f9e57ffdf7e65c343015e5aefba/element - {"using":"xpath","value":"//td[6]/div/div/input[1]"}
RESULT: {"using":"xpath","value":"//td[6]/div/div/input[1]"}
COMMAND: POST /session/e1651f9e57ffdf7e65c343015e5aefba/element/f.29BF19D1E518CA5A0B8B264D2F67E8CF.d.960BF702510FE55AE25BB4FE747235D7.e.3565/click - {}
RESULT: {}
COMMAND: POST /session/e1651f9e57ffdf7e65c343015e5aefba/actions - {"actions":[{"id":"action8","type":"key","parameters":{},"actions":[{"type":"keyDown","value":"î€ƒ"},{"type":"pause","duration":10},{"type":"keyUp","value":"î€ƒ"}]}]}
COMMAND: GET /session/e1651f9e57ffdf7e65c343015e5aefba/screenshot - {}
RESULT: {"actions":[{"id":"action8","type":"key","parameters":{},"actions":[{"type":"keyDown","value":"î€ƒ"},{"type":"pause","duration":10},{"type":"keyUp","value":"î€ƒ"}]}]}
COMMAND: POST /session/e1651f9e57ffdf7e65c343015e5aefba/element - {"using":"xpath","value":"//td[6]/div/div/input[1]"}
COMMAND: GET /session/e1651f9e57ffdf7e65c343015e5aefba/screenshot - {}
RESULT: {}
RESULT: {"using":"xpath","value":"//td[6]/div/div/input[1]"}
COMMAND: POST /session/e1651f9e57ffdf7e65c343015e5aefba/element/f.29BF19D1E518CA5A0B8B264D2F67E8CF.d.960BF702510FE55AE25BB4FE747235D7.e.3565/clear - {}
RESULT: {}
RESULT: {}
COMMAND: POST /session/e1651f9e57ffdf7e65c343015e5aefba/element/f.29BF19D1E518CA5A0B8B264D2F67E8CF.d.960BF702510FE55AE25BB4FE747235D7.e.3565/value - {"text":"Material"}
COMMAND: GET /session/e1651f9e57ffdf7e65c343015e5aefba/screenshot - {}
RESULT: {"text":"Material"}
COMMAND: GET /session/e1651f9e57ffdf7e65c343015e5aefba/screenshot - {}
RESULT: {}
RESULT: {}
COMMAND: POST /session/e1651f9e57ffdf7e65c343015e5aefba/actions - {"actions":[{"id":"action9","type":"key","parameters":{},"actions":[{"type":"keyDown","value":"î€‡"},{"type":"pause","duration":10},{"type":"keyUp","value":"î€‡"}]}]}
RESULT: {"actions":[{"id":"action9","type":"key","parameters":{},"actions":[{"type":"keyDown","value":"î€‡"},{"type":"pause","duration":10},{"type":"keyUp","value":"î€‡"}]}]}
COMMAND: POST /session/e1651f9e57ffdf7e65c343015e5aefba/element - {"using":"xpath","value":"//td[7]/div/div/input[1]"}
COMMAND: GET /session/e1651f9e57ffdf7e65c343015e5aefba/screenshot - {}
RESULT: {"using":"xpath","value":"//td[7]/div/div/input[1]"}
COMMAND: POST /session/e1651f9e57ffdf7e65c343015e5aefba/element/f.29BF19D1E518CA5A0B8B264D2F67E8CF.d.960BF702510FE55AE25BB4FE747235D7.e.3587/clear - {}
RESULT: {}
RESULT: {}
COMMAND: POST /session/e1651f9e57ffdf7e65c343015e5aefba/element/f.29BF19D1E518CA5A0B8B264D2F67E8CF.d.960BF702510FE55AE25BB4FE747235D7.e.3587/value - {"text":"200163"}
COMMAND: GET /session/e1651f9e57ffdf7e65c343015e5aefba/screenshot - {}
RESULT: {"text":"200163"}
COMMAND: GET /session/e1651f9e57ffdf7e65c343015e5aefba/screenshot - {}
RESULT: {}
RESULT: {}
COMMAND: POST /session/e1651f9e57ffdf7e65c343015e5aefba/actions - {"actions":[{"id":"action10","type":"key","parameters":{},"actions":[{"type":"keyDown","value":"î€‡"},{"type":"pause","duration":10},{"type":"keyUp","value":"î€‡"}]}]}
RESULT: {"actions":[{"id":"action10","type":"key","parameters":{},"actions":[{"type":"keyDown","value":"î€‡"},{"type":"pause","duration":10},{"type":"keyUp","value":"î€‡"}]}]}
COMMAND: POST /session/e1651f9e57ffdf7e65c343015e5aefba/execute/async - {"script":"<script> [1562 bytes]","args":[{"selector":{"controlType":"sap.m.Button","properties":{"text":"OK"},"searchOpenDialogs":true,"interaction":{"idSuffix":"BDI-content"}},"wdio_ui5_key":"sapm.Button{\"text\":\"OK\"}"}]}
COMMAND: GET /session/e1651f9e57ffdf7e65c343015e5aefba/screenshot - {}
RESULT: {"script":"<script> [1562 bytes]","args":[{"selector":{"controlType":"sap.m.Button","properties":{"text":"OK"},"searchOpenDialogs":true,"interaction":{"idSuffix":"BDI-content"}},"wdio_ui5_key":"sapm.Button{\"text\":\"OK\"}"}]}
RESULT: undefined
COMMAND: POST /session/e1651f9e57ffdf7e65c343015e5aefba/element - {"using":"xpath","value":"//*[@id=\"__mbox-btn-1\"]"}
RESULT: {}
RESULT: {"using":"xpath","value":"//*[@id=\"__mbox-btn-1\"]"}
COMMAND: POST /session/e1651f9e57ffdf7e65c343015e5aefba/element/f.29BF19D1E518CA5A0B8B264D2F67E8CF.d.960BF702510FE55AE25BB4FE747235D7.e.3608/click - {}
RESULT: {}
COMMAND: POST /session/e1651f9e57ffdf7e65c343015e5aefba/execute/async - {"script":"<script> [1562 bytes]","args":[{"selector":{"id":"saveBtn","viewName":"etm.portal.ui.managecontracts.view.EditContract","interaction":{"idSuffix":"BDI-content"}},"wdio_ui5_key":"saveBtnetmportal.ui.managecontracts.view.EditContract"}]}
COMMAND: GET /session/e1651f9e57ffdf7e65c343015e5aefba/screenshot - {}
RESULT: {"script":"<script> [1562 bytes]","args":[{"selector":{"id":"saveBtn","viewName":"etm.portal.ui.managecontracts.view.EditContract","interaction":{"idSuffix":"BDI-content"}},"wdio_ui5_key":"saveBtnetmportal.ui.managecontracts.view.EditContract"}]}
RESULT: undefined
COMMAND: POST /session/e1651f9e57ffdf7e65c343015e5aefba/element - {"using":"xpath","value":"//*[@id=\"__xmlview62--saveBtn\"]"}
RESULT: {}
RESULT: {"using":"xpath","value":"//*[@id=\"__xmlview62--saveBtn\"]"}
COMMAND: POST /session/e1651f9e57ffdf7e65c343015e5aefba/element/f.29BF19D1E518CA5A0B8B264D2F67E8CF.d.960BF702510FE55AE25BB4FE747235D7.e.3634/click - {}
RESULT: {}
COMMAND: GET /session/e1651f9e57ffdf7e65c343015e5aefba/screenshot - {}
RESULT: {}
COMMAND: POST /session/e1651f9e57ffdf7e65c343015e5aefba/execute/async - {"script":"<script> [1562 bytes]","args":[{"selector":{"id":"additionalAddressesTabFilter","viewName":"etm.portal.ui.managecontracts.view.Detail","interaction":{"idSuffix":"text"}},"wdio_ui5_key":"additionalAddressesTabFilteretmportal.ui.managecontracts.view.Detail"}]}
RESULT: {"script":"<script> [1562 bytes]","args":[{"selector":{"id":"additionalAddressesTabFilter","viewName":"etm.portal.ui.managecontracts.view.Detail","interaction":{"idSuffix":"text"}},"wdio_ui5_key":"additionalAddressesTabFilteretmportal.ui.managecontracts.view.Detail"}]}
RESULT: undefined
COMMAND: POST /session/e1651f9e57ffdf7e65c343015e5aefba/element - {"using":"xpath","value":"//*[@id=\"__xmlview61--additionalAddressesTabFilter\"]"}
RESULT: {"using":"xpath","value":"//*[@id=\"__xmlview61--additionalAddressesTabFilter\"]"}
COMMAND: POST /session/e1651f9e57ffdf7e65c343015e5aefba/element/f.29BF19D1E518CA5A0B8B264D2F67E8CF.d.960BF702510FE55AE25BB4FE747235D7.e.3638/click - {}
RESULT: {}
COMMAND: POST /session/e1651f9e57ffdf7e65c343015e5aefba/execute/async - {"script":"<script> [1562 bytes]","args":[{"selector":{"id":"contractDetailProvideButton","viewName":"etm.portal.ui.managecontracts.view.Detail","interaction":{"idSuffix":"BDI-content"}},"wdio_ui5_key":"contractDetailProvideButtonetmportal.ui.managecontracts.view.Detail"}]}
COMMAND: GET /session/e1651f9e57ffdf7e65c343015e5aefba/screenshot - {}
RESULT: {"script":"<script> [1562 bytes]","args":[{"selector":{"id":"contractDetailProvideButton","viewName":"etm.portal.ui.managecontracts.view.Detail","interaction":{"idSuffix":"BDI-content"}},"wdio_ui5_key":"contractDetailProvideButtonetmportal.ui.managecontracts.view.Detail"}]}
RESULT: undefined
COMMAND: POST /session/e1651f9e57ffdf7e65c343015e5aefba/element - {"using":"xpath","value":"//*[@id=\"__xmlview61--contractDetailProvideButton\"]"}
RESULT: {}
RESULT: {"using":"xpath","value":"//*[@id=\"__xmlview61--contractDetailProvideButton\"]"}
COMMAND: POST /session/e1651f9e57ffdf7e65c343015e5aefba/element/f.29BF19D1E518CA5A0B8B264D2F67E8CF.d.960BF702510FE55AE25BB4FE747235D7.e.3643/click - {}
RESULT: {}
COMMAND: GET /session/e1651f9e57ffdf7e65c343015e5aefba/screenshot - {}
RESULT: {}
]]></system-out>
    </testcase>
  </testsuite>
  <testsuite timestamp="2025-04-28T16:50:43" time="338.618" tests="3" failures="1" errors="1" skipped="0">
    <properties>
      <property name="specId" value="0" />
      <property name="suiteName" value="Yard Overview Autoplanning US130989" />
      <property name="capabilities" value="chrome.135_0_7049_96.windows" />
      <property name="file" value="file:///D:/a/1/s/test/specs/HTR/yard-overview-autoplanning.spec.js" />
    </properties>
    <testcase classname="chrome.135_0_7049_96.windows.Yard_Overview_Autoplanning_US130989" name="Should create a new Material" time="128.867">
      <system-out><![CDATA[
COMMAND: POST /session/e1651f9e57ffdf7e65c343015e5aefba/execute/async - {"script":"<script> [1562 bytes]","args":[{"selector":{"controlType":"sap.m.GenericTile","properties":{"header":"Manage Resources"}},"wdio_ui5_key":"sapm.GenericTile{\"header\":\"Manage Resources\"}"}]}
RESULT: {}
RESULT: {"script":"<script> [1562 bytes]","args":[{"selector":{"controlType":"sap.m.GenericTile","properties":{"header":"Manage Resources"}},"wdio_ui5_key":"sapm.GenericTile{\"header\":\"Manage Resources\"}"}]}
RESULT: undefined
COMMAND: POST /session/e1651f9e57ffdf7e65c343015e5aefba/element - {"using":"xpath","value":"//*[@id=\"__tile39\"]"}
RESULT: {"using":"xpath","value":"//*[@id=\"__tile39\"]"}
COMMAND: POST /session/e1651f9e57ffdf7e65c343015e5aefba/element/f.29BF19D1E518CA5A0B8B264D2F67E8CF.d.5FEA8B0E9D4F08F9F772EFCD65A56DCB.e.3913/click - {}
RESULT: {}
COMMAND: GET /session/e1651f9e57ffdf7e65c343015e5aefba/screenshot - {}
RESULT: {}
COMMAND: POST /session/e1651f9e57ffdf7e65c343015e5aefba/execute/async - {"script":"<script> [1562 bytes]","args":[{"selector":{"controlType":"sap.ui.core.Icon","viewName":"etm.portal.ui.manageresources.view.Master","viewId":"application-manageresources-display-component---masterRU","properties":{"src":{"regex":{"source":"add"}}}},"wdio_ui5_key":"etmportal.ui.manageresources.view.Mastersap.ui.core.Icon{\"src\":{\"regex\":{\"source\":\"add\"}}}"}]}
RESULT: {"script":"<script> [1562 bytes]","args":[{"selector":{"controlType":"sap.ui.core.Icon","viewName":"etm.portal.ui.manageresources.view.Master","viewId":"application-manageresources-display-component---masterRU","properties":{"src":{"regex":{"source":"add"}}}},"wdio_ui5_key":"etmportal.ui.manageresources.view.Mastersap.ui.core.Icon{\"src\":{\"regex\":{\"source\":\"add\"}}}"}]}
RESULT: undefined
COMMAND: POST /session/e1651f9e57ffdf7e65c343015e5aefba/element - {"using":"xpath","value":"//*[@id=\"__button5-img\"]"}
RESULT: {"using":"xpath","value":"//*[@id=\"__button5-img\"]"}
COMMAND: POST /session/e1651f9e57ffdf7e65c343015e5aefba/element/f.29BF19D1E518CA5A0B8B264D2F67E8CF.d.5FEA8B0E9D4F08F9F772EFCD65A56DCB.e.3958/click - {}
RESULT: {}
COMMAND: GET /session/e1651f9e57ffdf7e65c343015e5aefba/screenshot - {}
RESULT: {}
COMMAND: POST /session/e1651f9e57ffdf7e65c343015e5aefba/execute/async - {"script":"<script> [1562 bytes]","args":[{"selector":{"id":"application-manageresources-display-component---newResourceUnit--TYPE-arrow"},"wdio_ui5_key":"applicationmanageresources-display-component---newResourceUnit--TYPE-arrow"}]}
RESULT: {"script":"<script> [1562 bytes]","args":[{"selector":{"id":"application-manageresources-display-component---newResourceUnit--TYPE-arrow"},"wdio_ui5_key":"applicationmanageresources-display-component---newResourceUnit--TYPE-arrow"}]}
RESULT: undefined
COMMAND: POST /session/e1651f9e57ffdf7e65c343015e5aefba/element - {"using":"xpath","value":"//*[@id=\"application-manageresources-display-component---newResourceUnit--TYPE-arrow\"]"}
RESULT: {"using":"xpath","value":"//*[@id=\"application-manageresources-display-component---newResourceUnit--TYPE-arrow\"]"}
COMMAND: POST /session/e1651f9e57ffdf7e65c343015e5aefba/element/f.29BF19D1E518CA5A0B8B264D2F67E8CF.d.5FEA8B0E9D4F08F9F772EFCD65A56DCB.e.4268/click - {}
RESULT: {}
COMMAND: POST /session/e1651f9e57ffdf7e65c343015e5aefba/execute/async - {"script":"<script> [1562 bytes]","args":[{"selector":{"controlType":"sap.m.StandardListItem","viewName":"reusables.view.manageresources.NewResourceUnit","viewId":"application-manageresources-display-component---newResourceUnit","properties":{"title":"Material"},"searchOpenDialogs":true,"interaction":{"idSuffix":"titleText"}},"wdio_ui5_key":"reusablesview.manageresources.NewResourceUnitsap.m.StandardListItem{\"title\":\"Material\"}"}]}
COMMAND: GET /session/e1651f9e57ffdf7e65c343015e5aefba/screenshot - {}
RESULT: {"script":"<script> [1562 bytes]","args":[{"selector":{"controlType":"sap.m.StandardListItem","viewName":"reusables.view.manageresources.NewResourceUnit","viewId":"application-manageresources-display-component---newResourceUnit","properties":{"title":"Material"},"searchOpenDialogs":true,"interaction":{"idSuffix":"titleText"}},"wdio_ui5_key":"reusablesview.manageresources.NewResourceUnitsap.m.StandardListItem{\"title\":\"Material\"}"}]}
RESULT: undefined
COMMAND: POST /session/e1651f9e57ffdf7e65c343015e5aefba/element - {"using":"xpath","value":"//*[@id=\"__item144\"]"}
RESULT: {}
RESULT: {"using":"xpath","value":"//*[@id=\"__item144\"]"}
COMMAND: POST /session/e1651f9e57ffdf7e65c343015e5aefba/element/f.29BF19D1E518CA5A0B8B264D2F67E8CF.d.5FEA8B0E9D4F08F9F772EFCD65A56DCB.e.4271/click - {}
RESULT: {}
COMMAND: GET /session/e1651f9e57ffdf7e65c343015e5aefba/screenshot - {}
RESULT: {}
COMMAND: POST /session/e1651f9e57ffdf7e65c343015e5aefba/execute/async - {"script":"<script> [1562 bytes]","args":[{"selector":{"id":"application-manageresources-display-component---newResourceUnit--SHORT_TEXT","interaction":{"idSuffix":"inner"}},"wdio_ui5_key":"applicationmanageresources-display-component---newResourceUnit--SHORT_TEXT"}]}
RESULT: {"script":"<script> [1562 bytes]","args":[{"selector":{"id":"application-manageresources-display-component---newResourceUnit--SHORT_TEXT","interaction":{"idSuffix":"inner"}},"wdio_ui5_key":"applicationmanageresources-display-component---newResourceUnit--SHORT_TEXT"}]}
RESULT: undefined
COMMAND: POST /session/e1651f9e57ffdf7e65c343015e5aefba/execute/async - {"script":"<script> [776 bytes]","args":[{"enterText":"AutoplanYOmaterial","selector":{"id":"application-manageresources-display-component---newResourceUnit--SHORT_TEXT","interaction":{"idSuffix":"inner"}},"clearTextFirst":true,"interactionType":"ENTER_TEXT"}]}
RESULT: {"script":"<script> [776 bytes]","args":[{"enterText":"AutoplanYOmaterial","selector":{"id":"application-manageresources-display-component---newResourceUnit--SHORT_TEXT","interaction":{"idSuffix":"inner"}},"clearTextFirst":true,"interactionType":"ENTER_TEXT"}]}
COMMAND: POST /session/e1651f9e57ffdf7e65c343015e5aefba/execute/async - {"script":"<script> [1562 bytes]","args":[{"selector":{"id":"application-manageresources-display-component---newResourceUnit--BASE_UNIT_OF_MEASURE","interaction":{"idSuffix":"inner"}},"wdio_ui5_key":"applicationmanageresources-display-component---newResourceUnit--BASE_UNIT_OF_MEASURE"}]}
RESULT: {"script":"<script> [1562 bytes]","args":[{"selector":{"id":"application-manageresources-display-component---newResourceUnit--BASE_UNIT_OF_MEASURE","interaction":{"idSuffix":"inner"}},"wdio_ui5_key":"applicationmanageresources-display-component---newResourceUnit--BASE_UNIT_OF_MEASURE"}]}
RESULT: undefined
COMMAND: POST /session/e1651f9e57ffdf7e65c343015e5aefba/execute/async - {"script":"<script> [776 bytes]","args":[{"enterText":"Piece","selector":{"id":"application-manageresources-display-component---newResourceUnit--BASE_UNIT_OF_MEASURE","interaction":{"idSuffix":"inner"}},"clearTextFirst":true,"interactionType":"ENTER_TEXT"}]}
RESULT: {"script":"<script> [776 bytes]","args":[{"enterText":"Piece","selector":{"id":"application-manageresources-display-component---newResourceUnit--BASE_UNIT_OF_MEASURE","interaction":{"idSuffix":"inner"}},"clearTextFirst":true,"interactionType":"ENTER_TEXT"}]}
COMMAND: POST /session/e1651f9e57ffdf7e65c343015e5aefba/execute/async - {"script":"<script> [1562 bytes]","args":[{"selector":{"id":"application-manageresources-display-component---newResourceUnit--WEIGHT_UNIT","interaction":{"idSuffix":"inner"}},"wdio_ui5_key":"applicationmanageresources-display-component---newResourceUnit--WEIGHT_UNIT"}]}
RESULT: {"script":"<script> [1562 bytes]","args":[{"selector":{"id":"application-manageresources-display-component---newResourceUnit--WEIGHT_UNIT","interaction":{"idSuffix":"inner"}},"wdio_ui5_key":"applicationmanageresources-display-component---newResourceUnit--WEIGHT_UNIT"}]}
RESULT: undefined
COMMAND: POST /session/e1651f9e57ffdf7e65c343015e5aefba/execute/async - {"script":"<script> [776 bytes]","args":[{"enterText":"Gram","selector":{"id":"application-manageresources-display-component---newResourceUnit--WEIGHT_UNIT","interaction":{"idSuffix":"inner"}},"clearTextFirst":true,"interactionType":"ENTER_TEXT"}]}
RESULT: {"script":"<script> [776 bytes]","args":[{"enterText":"Gram","selector":{"id":"application-manageresources-display-component---newResourceUnit--WEIGHT_UNIT","interaction":{"idSuffix":"inner"}},"clearTextFirst":true,"interactionType":"ENTER_TEXT"}]}
COMMAND: POST /session/e1651f9e57ffdf7e65c343015e5aefba/execute/async - {"script":"<script> [1562 bytes]","args":[{"selector":{"id":"application-manageresources-display-component---newResourceUnit--DIMENSION_UNIT","interaction":{"idSuffix":"inner"}},"wdio_ui5_key":"applicationmanageresources-display-component---newResourceUnit--DIMENSION_UNIT"}]}
RESULT: {"script":"<script> [1562 bytes]","args":[{"selector":{"id":"application-manageresources-display-component---newResourceUnit--DIMENSION_UNIT","interaction":{"idSuffix":"inner"}},"wdio_ui5_key":"applicationmanageresources-display-component---newResourceUnit--DIMENSION_UNIT"}]}
RESULT: undefined
COMMAND: POST /session/e1651f9e57ffdf7e65c343015e5aefba/execute/async - {"script":"<script> [776 bytes]","args":[{"enterText":"Meter","selector":{"id":"application-manageresources-display-component---newResourceUnit--DIMENSION_UNIT","interaction":{"idSuffix":"inner"}},"clearTextFirst":true,"interactionType":"ENTER_TEXT"}]}
RESULT: {"script":"<script> [776 bytes]","args":[{"enterText":"Meter","selector":{"id":"application-manageresources-display-component---newResourceUnit--DIMENSION_UNIT","interaction":{"idSuffix":"inner"}},"clearTextFirst":true,"interactionType":"ENTER_TEXT"}]}
COMMAND: POST /session/e1651f9e57ffdf7e65c343015e5aefba/execute/async - {"script":"<script> [1562 bytes]","args":[{"selector":{"id":"application-manageresources-display-component---newResourceUnit--PLANNING_GROUP","interaction":{"idSuffix":"inner"}},"wdio_ui5_key":"applicationmanageresources-display-component---newResourceUnit--PLANNING_GROUP"}]}
RESULT: {"script":"<script> [1562 bytes]","args":[{"selector":{"id":"application-manageresources-display-component---newResourceUnit--PLANNING_GROUP","interaction":{"idSuffix":"inner"}},"wdio_ui5_key":"applicationmanageresources-display-component---newResourceUnit--PLANNING_GROUP"}]}
RESULT: undefined
COMMAND: POST /session/e1651f9e57ffdf7e65c343015e5aefba/execute/async - {"script":"<script> [776 bytes]","args":[{"enterText":"Heavy","selector":{"id":"application-manageresources-display-component---newResourceUnit--PLANNING_GROUP","interaction":{"idSuffix":"inner"}},"clearTextFirst":true,"interactionType":"ENTER_TEXT"}]}
RESULT: {"script":"<script> [776 bytes]","args":[{"enterText":"Heavy","selector":{"id":"application-manageresources-display-component---newResourceUnit--PLANNING_GROUP","interaction":{"idSuffix":"inner"}},"clearTextFirst":true,"interactionType":"ENTER_TEXT"}]}
COMMAND: POST /session/e1651f9e57ffdf7e65c343015e5aefba/execute/async - {"script":"<script> [1562 bytes]","args":[{"selector":{"id":"application-manageresources-display-component---newResourceUnit--PLANNING_INDICATOR","interaction":{"idSuffix":"inner"}},"wdio_ui5_key":"applicationmanageresources-display-component---newResourceUnit--PLANNING_INDICATOR"}]}
RESULT: {"script":"<script> [1562 bytes]","args":[{"selector":{"id":"application-manageresources-display-component---newResourceUnit--PLANNING_INDICATOR","interaction":{"idSuffix":"inner"}},"wdio_ui5_key":"applicationmanageresources-display-component---newResourceUnit--PLANNING_INDICATOR"}]}
RESULT: undefined
COMMAND: POST /session/e1651f9e57ffdf7e65c343015e5aefba/execute/async - {"script":"<script> [776 bytes]","args":[{"enterText":"10 - infinite","selector":{"id":"application-manageresources-display-component---newResourceUnit--PLANNING_INDICATOR","interaction":{"idSuffix":"inner"}},"clearTextFirst":true,"interactionType":"ENTER_TEXT"}]}
RESULT: {"script":"<script> [776 bytes]","args":[{"enterText":"10 - infinite","selector":{"id":"application-manageresources-display-component---newResourceUnit--PLANNING_INDICATOR","interaction":{"idSuffix":"inner"}},"clearTextFirst":true,"interactionType":"ENTER_TEXT"}]}
COMMAND: POST /session/e1651f9e57ffdf7e65c343015e5aefba/actions - {"actions":[{"id":"action12","type":"key","parameters":{},"actions":[{"type":"keyDown","value":"î€‡"},{"type":"pause","duration":10},{"type":"keyUp","value":"î€‡"}]}]}
RESULT: {"actions":[{"id":"action12","type":"key","parameters":{},"actions":[{"type":"keyDown","value":"î€‡"},{"type":"pause","duration":10},{"type":"keyUp","value":"î€‡"}]}]}
COMMAND: POST /session/e1651f9e57ffdf7e65c343015e5aefba/execute/async - {"script":"<script> [1562 bytes]","args":[{"selector":{"id":"application-manageresources-display-component---newResourceUnit--newRRUPage-anchBar-application-manageresources-display-component---newResourceUnit--control-anchor","interaction":{"idSuffix":"BDI-content"}},"wdio_ui5_key":"applicationmanageresources-display-component---newResourceUnit--newRRUPage-anchBar-application-manageresources-display-component---newResourceUnit--control-anchor"}]}
COMMAND: GET /session/e1651f9e57ffdf7e65c343015e5aefba/screenshot - {}
RESULT: {"script":"<script> [1562 bytes]","args":[{"selector":{"id":"application-manageresources-display-component---newResourceUnit--newRRUPage-anchBar-application-manageresources-display-component---newResourceUnit--control-anchor","interaction":{"idSuffix":"BDI-content"}},"wdio_ui5_key":"applicationmanageresources-display-component---newResourceUnit--newRRUPage-anchBar-application-manageresources-display-component---newResourceUnit--control-anchor"}]}
RESULT: undefined
COMMAND: POST /session/e1651f9e57ffdf7e65c343015e5aefba/element - {"using":"xpath","value":"//*[@id=\"application-manageresources-display-component---newResourceUnit--newRRUPage-anchBar-application-manageresources-display-component---newResourceUnit--control-anchor\"]"}
RESULT: {}
RESULT: {"using":"xpath","value":"//*[@id=\"application-manageresources-display-component---newResourceUnit--newRRUPage-anchBar-application-manageresources-display-component---newResourceUnit--control-anchor\"]"}
COMMAND: POST /session/e1651f9e57ffdf7e65c343015e5aefba/element/f.29BF19D1E518CA5A0B8B264D2F67E8CF.d.5FEA8B0E9D4F08F9F772EFCD65A56DCB.e.4343/click - {}
RESULT: {}
COMMAND: POST /session/e1651f9e57ffdf7e65c343015e5aefba/execute/async - {"script":"<script> [1562 bytes]","args":[{"selector":{"id":"application-manageresources-display-component---newResourceUnit--btnAddTimeSegment-img"},"wdio_ui5_key":"applicationmanageresources-display-component---newResourceUnit--btnAddTimeSegment-img"}]}
COMMAND: GET /session/e1651f9e57ffdf7e65c343015e5aefba/screenshot - {}
RESULT: {"script":"<script> [1562 bytes]","args":[{"selector":{"id":"application-manageresources-display-component---newResourceUnit--btnAddTimeSegment-img"},"wdio_ui5_key":"applicationmanageresources-display-component---newResourceUnit--btnAddTimeSegment-img"}]}
RESULT: undefined
COMMAND: POST /session/e1651f9e57ffdf7e65c343015e5aefba/element - {"using":"xpath","value":"//*[@id=\"application-manageresources-display-component---newResourceUnit--btnAddTimeSegment-img\"]"}
RESULT: {}
RESULT: {"using":"xpath","value":"//*[@id=\"application-manageresources-display-component---newResourceUnit--btnAddTimeSegment-img\"]"}
COMMAND: POST /session/e1651f9e57ffdf7e65c343015e5aefba/element/f.29BF19D1E518CA5A0B8B264D2F67E8CF.d.5FEA8B0E9D4F08F9F772EFCD65A56DCB.e.4347/click - {}
RESULT: {}
COMMAND: POST /session/e1651f9e57ffdf7e65c343015e5aefba/element - {"using":"xpath","value":"//input[@id=\"application-manageresources-display-component---newResourceUnit--idRuTSAdmin-application-manageresources-display-component---newResourceUnit--RUTimeSegment-0-inner\"]"}
COMMAND: GET /session/e1651f9e57ffdf7e65c343015e5aefba/screenshot - {}
RESULT: {"using":"xpath","value":"//input[@id=\"application-manageresources-display-component---newResourceUnit--idRuTSAdmin-application-manageresources-display-component---newResourceUnit--RUTimeSegment-0-inner\"]"}
COMMAND: POST /session/e1651f9e57ffdf7e65c343015e5aefba/element/f.29BF19D1E518CA5A0B8B264D2F67E8CF.d.5FEA8B0E9D4F08F9F772EFCD65A56DCB.e.4352/clear - {}
RESULT: {}
RESULT: {}
COMMAND: POST /session/e1651f9e57ffdf7e65c343015e5aefba/element/f.29BF19D1E518CA5A0B8B264D2F67E8CF.d.5FEA8B0E9D4F08F9F772EFCD65A56DCB.e.4352/value - {"text":"Webdriver Yard"}
COMMAND: GET /session/e1651f9e57ffdf7e65c343015e5aefba/screenshot - {}
RESULT: {"text":"Webdriver Yard"}
COMMAND: GET /session/e1651f9e57ffdf7e65c343015e5aefba/screenshot - {}
RESULT: {}
RESULT: {}
COMMAND: POST /session/e1651f9e57ffdf7e65c343015e5aefba/actions - {"actions":[{"id":"action13","type":"key","parameters":{},"actions":[{"type":"keyDown","value":"î€‡"},{"type":"pause","duration":10},{"type":"keyUp","value":"î€‡"}]}]}
RESULT: {"actions":[{"id":"action13","type":"key","parameters":{},"actions":[{"type":"keyDown","value":"î€‡"},{"type":"pause","duration":10},{"type":"keyUp","value":"î€‡"}]}]}
COMMAND: GET /session/e1651f9e57ffdf7e65c343015e5aefba/screenshot - {}
RESULT: {}
COMMAND: POST /session/e1651f9e57ffdf7e65c343015e5aefba/element - {"using":"xpath","value":"//*[contains(text(), \"Catalogs\")][contains(@id ,\"application-manageresources-display-component---newResourceUnit--newRRUPage-anchBar\")]"}
RESULT: {"using":"xpath","value":"//*[contains(text(), \"Catalogs\")][contains(@id ,\"application-manageresources-display-component---newResourceUnit--newRRUPage-anchBar\")]"}
COMMAND: POST /session/e1651f9e57ffdf7e65c343015e5aefba/element/f.29BF19D1E518CA5A0B8B264D2F67E8CF.d.5FEA8B0E9D4F08F9F772EFCD65A56DCB.e.4363/click - {}
RESULT: {}
COMMAND: GET /session/e1651f9e57ffdf7e65c343015e5aefba/screenshot - {}
RESULT: {}
COMMAND: POST /session/e1651f9e57ffdf7e65c343015e5aefba/element - {"using":"xpath","value":"//*[contains(text(), \"Assign\")][contains(@id ,\"button\")]"}
RESULT: {"using":"xpath","value":"//*[contains(text(), \"Assign\")][contains(@id ,\"button\")]"}
COMMAND: POST /session/e1651f9e57ffdf7e65c343015e5aefba/element/f.29BF19D1E518CA5A0B8B264D2F67E8CF.d.5FEA8B0E9D4F08F9F772EFCD65A56DCB.e.4368/click - {}
RESULT: {}
COMMAND: GET /session/e1651f9e57ffdf7e65c343015e5aefba/screenshot - {}
RESULT: {}
COMMAND: POST /session/e1651f9e57ffdf7e65c343015e5aefba/element - {"using":"xpath","value":"//input[@id=\"application-manageresources-display-component---newResourceUnit--catalogSelect-inner\"]"}
RESULT: {"using":"xpath","value":"//input[@id=\"application-manageresources-display-component---newResourceUnit--catalogSelect-inner\"]"}
COMMAND: POST /session/e1651f9e57ffdf7e65c343015e5aefba/element/f.29BF19D1E518CA5A0B8B264D2F67E8CF.d.5FEA8B0E9D4F08F9F772EFCD65A56DCB.e.4370/clear - {}
RESULT: {}
COMMAND: POST /session/e1651f9e57ffdf7e65c343015e5aefba/element/f.29BF19D1E518CA5A0B8B264D2F67E8CF.d.5FEA8B0E9D4F08F9F772EFCD65A56DCB.e.4370/value - {"text":"Webshop"}
COMMAND: GET /session/e1651f9e57ffdf7e65c343015e5aefba/screenshot - {}
RESULT: {"text":"Webshop"}
COMMAND: GET /session/e1651f9e57ffdf7e65c343015e5aefba/screenshot - {}
RESULT: {}
RESULT: {}
COMMAND: POST /session/e1651f9e57ffdf7e65c343015e5aefba/actions - {"actions":[{"id":"action14","type":"key","parameters":{},"actions":[{"type":"keyDown","value":"î€‡"},{"type":"pause","duration":10},{"type":"keyUp","value":"î€‡"}]}]}
RESULT: {"actions":[{"id":"action14","type":"key","parameters":{},"actions":[{"type":"keyDown","value":"î€‡"},{"type":"pause","duration":10},{"type":"keyUp","value":"î€‡"}]}]}
COMMAND: GET /session/e1651f9e57ffdf7e65c343015e5aefba/screenshot - {}
RESULT: {}
COMMAND: POST /session/e1651f9e57ffdf7e65c343015e5aefba/element - {"using":"xpath","value":"//input[@id=\"application-manageresources-display-component---newResourceUnit--catalogItemSelect-inner\"]"}
RESULT: {"using":"xpath","value":"//input[@id=\"application-manageresources-display-component---newResourceUnit--catalogItemSelect-inner\"]"}
COMMAND: POST /session/e1651f9e57ffdf7e65c343015e5aefba/element/f.29BF19D1E518CA5A0B8B264D2F67E8CF.d.5FEA8B0E9D4F08F9F772EFCD65A56DCB.e.4372/clear - {}
RESULT: {}
COMMAND: POST /session/e1651f9e57ffdf7e65c343015e5aefba/element/f.29BF19D1E518CA5A0B8B264D2F67E8CF.d.5FEA8B0E9D4F08F9F772EFCD65A56DCB.e.4372/value - {"text":"Concert"}
COMMAND: GET /session/e1651f9e57ffdf7e65c343015e5aefba/screenshot - {}
RESULT: {"text":"Concert"}
COMMAND: GET /session/e1651f9e57ffdf7e65c343015e5aefba/screenshot - {}
RESULT: {}
RESULT: {}
COMMAND: POST /session/e1651f9e57ffdf7e65c343015e5aefba/actions - {"actions":[{"id":"action15","type":"key","parameters":{},"actions":[{"type":"keyDown","value":"î€•"},{"type":"pause","duration":10},{"type":"keyUp","value":"î€•"}]}]}
RESULT: {"actions":[{"id":"action15","type":"key","parameters":{},"actions":[{"type":"keyDown","value":"î€•"},{"type":"pause","duration":10},{"type":"keyUp","value":"î€•"}]}]}
COMMAND: POST /session/e1651f9e57ffdf7e65c343015e5aefba/actions - {"actions":[{"id":"action16","type":"key","parameters":{},"actions":[{"type":"keyDown","value":"î€‡"},{"type":"pause","duration":10},{"type":"keyUp","value":"î€‡"}]}]}
COMMAND: GET /session/e1651f9e57ffdf7e65c343015e5aefba/screenshot - {}
RESULT: {"actions":[{"id":"action16","type":"key","parameters":{},"actions":[{"type":"keyDown","value":"î€‡"},{"type":"pause","duration":10},{"type":"keyUp","value":"î€‡"}]}]}
COMMAND: POST /session/e1651f9e57ffdf7e65c343015e5aefba/execute/async - {"script":"<script> [1562 bytes]","args":[{"selector":{"id":"application-manageresources-display-component---newResourceUnit--RUAssignmentSaveButton","searchOpenDialogs":true,"interaction":{"idSuffix":"BDI-content"}},"wdio_ui5_key":"applicationmanageresources-display-component---newResourceUnit--RUAssignmentSaveButton"}]}
COMMAND: GET /session/e1651f9e57ffdf7e65c343015e5aefba/screenshot - {}
RESULT: {}
RESULT: {"script":"<script> [1562 bytes]","args":[{"selector":{"id":"application-manageresources-display-component---newResourceUnit--RUAssignmentSaveButton","searchOpenDialogs":true,"interaction":{"idSuffix":"BDI-content"}},"wdio_ui5_key":"applicationmanageresources-display-component---newResourceUnit--RUAssignmentSaveButton"}]}
RESULT: undefined
COMMAND: POST /session/e1651f9e57ffdf7e65c343015e5aefba/element - {"using":"xpath","value":"//*[@id=\"application-manageresources-display-component---newResourceUnit--RUAssignmentSaveButton\"]"}
RESULT: {}
RESULT: {"using":"xpath","value":"//*[@id=\"application-manageresources-display-component---newResourceUnit--RUAssignmentSaveButton\"]"}
COMMAND: POST /session/e1651f9e57ffdf7e65c343015e5aefba/element/f.29BF19D1E518CA5A0B8B264D2F67E8CF.d.5FEA8B0E9D4F08F9F772EFCD65A56DCB.e.4393/click - {}
RESULT: {}
COMMAND: GET /session/e1651f9e57ffdf7e65c343015e5aefba/screenshot - {}
RESULT: {}
COMMAND: POST /session/e1651f9e57ffdf7e65c343015e5aefba/element - {"using":"xpath","value":"//bdi[@id=\"application-manageresources-display-component---newResourceUnit--createRuButton-BDI-content\" and text()=\"Save\"]"}
RESULT: {"using":"xpath","value":"//bdi[@id=\"application-manageresources-display-component---newResourceUnit--createRuButton-BDI-content\" and text()=\"Save\"]"}
COMMAND: POST /session/e1651f9e57ffdf7e65c343015e5aefba/execute/sync - {"script":"<script> [8489 bytes]","args":[{"element-6066-11e4-a52e-4f735466cecf":"f.29BF19D1E518CA5A0B8B264D2F67E8CF.d.5FEA8B0E9D4F08F9F772EFCD65A56DCB.e.4403","ELEMENT":"f.29BF19D1E518CA5A0B8B264D2F67E8CF.d.5FEA8B0E9D4F08F9F772EFCD65A56DCB.e.4403"}]}
RESULT: {"script":"<script> [8489 bytes]","args":[{"element-6066-11e4-a52e-4f735466cecf":"f.29BF19D1E518CA5A0B8B264D2F67E8CF.d.5FEA8B0E9D4F08F9F772EFCD65A56DCB.e.4403","ELEMENT":"f.29BF19D1E518CA5A0B8B264D2F67E8CF.d.5FEA8B0E9D4F08F9F772EFCD65A56DCB.e.4403"}]}
COMMAND: POST /session/e1651f9e57ffdf7e65c343015e5aefba/execute/sync - {"script":"<script> [5351 bytes]","args":[{"element-6066-11e4-a52e-4f735466cecf":"f.29BF19D1E518CA5A0B8B264D2F67E8CF.d.5FEA8B0E9D4F08F9F772EFCD65A56DCB.e.4403","ELEMENT":"f.29BF19D1E518CA5A0B8B264D2F67E8CF.d.5FEA8B0E9D4F08F9F772EFCD65A56DCB.e.4403"}]}
COMMAND: GET /session/e1651f9e57ffdf7e65c343015e5aefba/screenshot - {}
RESULT: {}
RESULT: {"script":"<script> [5351 bytes]","args":[{"element-6066-11e4-a52e-4f735466cecf":"f.29BF19D1E518CA5A0B8B264D2F67E8CF.d.5FEA8B0E9D4F08F9F772EFCD65A56DCB.e.4403","ELEMENT":"f.29BF19D1E518CA5A0B8B264D2F67E8CF.d.5FEA8B0E9D4F08F9F772EFCD65A56DCB.e.4403"}]}
COMMAND: POST /session/e1651f9e57ffdf7e65c343015e5aefba/element/f.29BF19D1E518CA5A0B8B264D2F67E8CF.d.5FEA8B0E9D4F08F9F772EFCD65A56DCB.e.4403/click - {}
COMMAND: GET /session/e1651f9e57ffdf7e65c343015e5aefba/screenshot - {}
RESULT: {}
COMMAND: GET /session/e1651f9e57ffdf7e65c343015e5aefba/screenshot - {}
RESULT: {}
RESULT: {}
COMMAND: POST /session/e1651f9e57ffdf7e65c343015e5aefba/element - {"using":"xpath","value":"//bdi[contains(@id, \"BDI-content\") and text()=\"Close\"]"}
RESULT: {"using":"xpath","value":"//bdi[contains(@id, \"BDI-content\") and text()=\"Close\"]"}
COMMAND: POST /session/e1651f9e57ffdf7e65c343015e5aefba/execute/sync - {"script":"<script> [8489 bytes]","args":[{"element-6066-11e4-a52e-4f735466cecf":"f.29BF19D1E518CA5A0B8B264D2F67E8CF.d.5FEA8B0E9D4F08F9F772EFCD65A56DCB.e.4407","ELEMENT":"f.29BF19D1E518CA5A0B8B264D2F67E8CF.d.5FEA8B0E9D4F08F9F772EFCD65A56DCB.e.4407"}]}
RESULT: {"script":"<script> [8489 bytes]","args":[{"element-6066-11e4-a52e-4f735466cecf":"f.29BF19D1E518CA5A0B8B264D2F67E8CF.d.5FEA8B0E9D4F08F9F772EFCD65A56DCB.e.4407","ELEMENT":"f.29BF19D1E518CA5A0B8B264D2F67E8CF.d.5FEA8B0E9D4F08F9F772EFCD65A56DCB.e.4407"}]}
COMMAND: POST /session/e1651f9e57ffdf7e65c343015e5aefba/execute/sync - {"script":"<script> [5351 bytes]","args":[{"element-6066-11e4-a52e-4f735466cecf":"f.29BF19D1E518CA5A0B8B264D2F67E8CF.d.5FEA8B0E9D4F08F9F772EFCD65A56DCB.e.4407","ELEMENT":"f.29BF19D1E518CA5A0B8B264D2F67E8CF.d.5FEA8B0E9D4F08F9F772EFCD65A56DCB.e.4407"}]}
COMMAND: GET /session/e1651f9e57ffdf7e65c343015e5aefba/screenshot - {}
RESULT: {"script":"<script> [5351 bytes]","args":[{"element-6066-11e4-a52e-4f735466cecf":"f.29BF19D1E518CA5A0B8B264D2F67E8CF.d.5FEA8B0E9D4F08F9F772EFCD65A56DCB.e.4407","ELEMENT":"f.29BF19D1E518CA5A0B8B264D2F67E8CF.d.5FEA8B0E9D4F08F9F772EFCD65A56DCB.e.4407"}]}
COMMAND: POST /session/e1651f9e57ffdf7e65c343015e5aefba/element/f.29BF19D1E518CA5A0B8B264D2F67E8CF.d.5FEA8B0E9D4F08F9F772EFCD65A56DCB.e.4407/click - {}
COMMAND: GET /session/e1651f9e57ffdf7e65c343015e5aefba/screenshot - {}
RESULT: {}
RESULT: {}
COMMAND: GET /session/e1651f9e57ffdf7e65c343015e5aefba/screenshot - {}
COMMAND: POST /session/e1651f9e57ffdf7e65c343015e5aefba/execute/async - {"script":"<script> [1562 bytes]","args":[{"selector":{"controlType":"sap.m.Text","viewName":"etm.portal.ui.manageresources.view.Detail","viewId":"application-manageresources-display-component---detailRU","bindingPath":{"propertyPath":"ID","modelName":"catalogModel"}},"wdio_ui5_key":"etmportal.ui.manageresources.view.Detailsap.m.Text{\"propertyPath\":\"ID\",\"modelName\":\"catalogModel\"}"}]}
RESULT: {}
RESULT: {}
RESULT: {"script":"<script> [1562 bytes]","args":[{"selector":{"controlType":"sap.m.Text","viewName":"etm.portal.ui.manageresources.view.Detail","viewId":"application-manageresources-display-component---detailRU","bindingPath":{"propertyPath":"ID","modelName":"catalogModel"}},"wdio_ui5_key":"etmportal.ui.manageresources.view.Detailsap.m.Text{\"propertyPath\":\"ID\",\"modelName\":\"catalogModel\"}"}]}
RESULT: undefined
COMMAND: POST /session/e1651f9e57ffdf7e65c343015e5aefba/execute/async - {"script":"<script> [6424 bytes]","args":[{"element-6066-11e4-a52e-4f735466cecf":"f.29BF19D1E518CA5A0B8B264D2F67E8CF.d.5FEA8B0E9D4F08F9F772EFCD65A56DCB.e.4431"},"getText",[]]}
RESULT: {"script":"<script> [6424 bytes]","args":[{"element-6066-11e4-a52e-4f735466cecf":"f.29BF19D1E518CA5A0B8B264D2F67E8CF.d.5FEA8B0E9D4F08F9F772EFCD65A56DCB.e.4431"},"getText",[]]}
COMMAND: POST /session/e1651f9e57ffdf7e65c343015e5aefba/element - {"using":"css selector","value":"#shell-header-logo"}
RESULT: {"using":"css selector","value":"#shell-header-logo"}
COMMAND: POST /session/e1651f9e57ffdf7e65c343015e5aefba/element/f.29BF19D1E518CA5A0B8B264D2F67E8CF.d.5FEA8B0E9D4F08F9F772EFCD65A56DCB.e.3912/click - {}
RESULT: {}
COMMAND: GET /session/e1651f9e57ffdf7e65c343015e5aefba/screenshot - {}
RESULT: {}
]]></system-out>
    </testcase>
    <testcase classname="chrome.135_0_7049_96.windows.Yard_Overview_Autoplanning_US130989" name="Should create a new request and add the material" time="97.035">
      <system-out><![CDATA[
COMMAND: POST /session/e1651f9e57ffdf7e65c343015e5aefba/execute/async - {"script":"<script> [1562 bytes]","args":[{"selector":{"controlType":"sap.m.Text","properties":{"text":"Manage Requests"},"interaction":{"idSuffix":"inner"}},"wdio_ui5_key":"sapm.Text{\"text\":\"Manage Requests\"}"}]}
RESULT: {"script":"<script> [1562 bytes]","args":[{"selector":{"controlType":"sap.m.Text","properties":{"text":"Manage Requests"},"interaction":{"idSuffix":"inner"}},"wdio_ui5_key":"sapm.Text{\"text\":\"Manage Requests\"}"}]}
RESULT: undefined
COMMAND: POST /session/e1651f9e57ffdf7e65c343015e5aefba/element - {"using":"xpath","value":"//*[@id=\"__tile47-title\"]"}
RESULT: {"using":"xpath","value":"//*[@id=\"__tile47-title\"]"}
COMMAND: POST /session/e1651f9e57ffdf7e65c343015e5aefba/element/f.29BF19D1E518CA5A0B8B264D2F67E8CF.d.5FEA8B0E9D4F08F9F772EFCD65A56DCB.e.4436/click - {}
RESULT: {}
COMMAND: GET /session/e1651f9e57ffdf7e65c343015e5aefba/screenshot - {}
RESULT: {}
COMMAND: POST /session/e1651f9e57ffdf7e65c343015e5aefba/execute/async - {"script":"<script> [1562 bytes]","args":[{"selector":{"id":"btnCreateNew","viewName":"etm.portal.ui.managerequests.view.Master","interaction":{"idSuffix":"inner"}},"wdio_ui5_key":"btnCreateNewetmportal.ui.managerequests.view.Master"}]}
RESULT: {"script":"<script> [1562 bytes]","args":[{"selector":{"id":"btnCreateNew","viewName":"etm.portal.ui.managerequests.view.Master","interaction":{"idSuffix":"inner"}},"wdio_ui5_key":"btnCreateNewetmportal.ui.managerequests.view.Master"}]}
RESULT: undefined
COMMAND: POST /session/e1651f9e57ffdf7e65c343015e5aefba/element - {"using":"xpath","value":"//*[@id=\"__xmlview58--btnCreateNew\"]"}
RESULT: {"using":"xpath","value":"//*[@id=\"__xmlview58--btnCreateNew\"]"}
COMMAND: POST /session/e1651f9e57ffdf7e65c343015e5aefba/element/f.29BF19D1E518CA5A0B8B264D2F67E8CF.d.5FEA8B0E9D4F08F9F772EFCD65A56DCB.e.4493/click - {}
RESULT: {}
COMMAND: GET /session/e1651f9e57ffdf7e65c343015e5aefba/screenshot - {}
RESULT: {}
COMMAND: POST /session/e1651f9e57ffdf7e65c343015e5aefba/execute/async - {"script":"<script> [1562 bytes]","args":[{"selector":{"controlType":"sap.ui.core.Icon","viewName":"etm.portal.ui.managerequests.view.NewRequest","properties":{"src":{"regex":{"source":"full\\-screen"}}}},"wdio_ui5_key":"etmportal.ui.managerequests.view.NewRequestsap.ui.core.Icon{\"src\":{\"regex\":{\"source\":\"full\\\\-screen\"}}}"}]}
RESULT: {"script":"<script> [1562 bytes]","args":[{"selector":{"controlType":"sap.ui.core.Icon","viewName":"etm.portal.ui.managerequests.view.NewRequest","properties":{"src":{"regex":{"source":"full\\-screen"}}}},"wdio_ui5_key":"etmportal.ui.managerequests.view.NewRequestsap.ui.core.Icon{\"src\":{\"regex\":{\"source\":\"full\\\\-screen\"}}}"}]}
RESULT: undefined
COMMAND: POST /session/e1651f9e57ffdf7e65c343015e5aefba/element - {"using":"xpath","value":"//*[@id=\"__button75-img\"]"}
RESULT: {"using":"xpath","value":"//*[@id=\"__button75-img\"]"}
COMMAND: POST /session/e1651f9e57ffdf7e65c343015e5aefba/element/f.29BF19D1E518CA5A0B8B264D2F67E8CF.d.5FEA8B0E9D4F08F9F772EFCD65A56DCB.e.4879/click - {}
RESULT: {}
COMMAND: GET /session/e1651f9e57ffdf7e65c343015e5aefba/screenshot - {}
RESULT: {}
COMMAND: POST /session/e1651f9e57ffdf7e65c343015e5aefba/element - {"using":"xpath","value":"//input[contains(@id ,\"yardId-inner\")]"}
RESULT: {"using":"xpath","value":"//input[contains(@id ,\"yardId-inner\")]"}
COMMAND: POST /session/e1651f9e57ffdf7e65c343015e5aefba/element/f.29BF19D1E518CA5A0B8B264D2F67E8CF.d.5FEA8B0E9D4F08F9F772EFCD65A56DCB.e.4748/value - {"text":"Webdriver Yard"}
RESULT: {"text":"Webdriver Yard"}
COMMAND: GET /session/e1651f9e57ffdf7e65c343015e5aefba/screenshot - {}
RESULT: {}
COMMAND: POST /session/e1651f9e57ffdf7e65c343015e5aefba/actions - {"actions":[{"id":"action17","type":"key","parameters":{},"actions":[{"type":"keyDown","value":"î€‡"},{"type":"pause","duration":10},{"type":"keyUp","value":"î€‡"}]}]}
RESULT: {"actions":[{"id":"action17","type":"key","parameters":{},"actions":[{"type":"keyDown","value":"î€‡"},{"type":"pause","duration":10},{"type":"keyUp","value":"î€‡"}]}]}
COMMAND: GET /session/e1651f9e57ffdf7e65c343015e5aefba/screenshot - {}
RESULT: {}
COMMAND: POST /session/e1651f9e57ffdf7e65c343015e5aefba/element - {"using":"xpath","value":"//input[contains(@id ,\"customerNumber-inner\")]"}
RESULT: {"using":"xpath","value":"//input[contains(@id ,\"customerNumber-inner\")]"}
COMMAND: POST /session/e1651f9e57ffdf7e65c343015e5aefba/element/f.29BF19D1E518CA5A0B8B264D2F67E8CF.d.5FEA8B0E9D4F08F9F772EFCD65A56DCB.e.4742/clear - {}
RESULT: {}
COMMAND: POST /session/e1651f9e57ffdf7e65c343015e5aefba/element/f.29BF19D1E518CA5A0B8B264D2F67E8CF.d.5FEA8B0E9D4F08F9F772EFCD65A56DCB.e.4742/value - {"text":"WebdriverPartner"}
COMMAND: GET /session/e1651f9e57ffdf7e65c343015e5aefba/screenshot - {}
RESULT: {"text":"WebdriverPartner"}
COMMAND: GET /session/e1651f9e57ffdf7e65c343015e5aefba/screenshot - {}
RESULT: {}
RESULT: {}
COMMAND: POST /session/e1651f9e57ffdf7e65c343015e5aefba/actions - {"actions":[{"id":"action18","type":"key","parameters":{},"actions":[{"type":"keyDown","value":"î€‡"},{"type":"pause","duration":10},{"type":"keyUp","value":"î€‡"}]}]}
RESULT: {"actions":[{"id":"action18","type":"key","parameters":{},"actions":[{"type":"keyDown","value":"î€‡"},{"type":"pause","duration":10},{"type":"keyUp","value":"î€‡"}]}]}
COMMAND: GET /session/e1651f9e57ffdf7e65c343015e5aefba/screenshot - {}
RESULT: {}
COMMAND: POST /session/e1651f9e57ffdf7e65c343015e5aefba/element - {"using":"xpath","value":"//button[contains(@id ,\"btnAddTableRow\")]"}
RESULT: {"using":"xpath","value":"//button[contains(@id ,\"btnAddTableRow\")]"}
COMMAND: POST /session/e1651f9e57ffdf7e65c343015e5aefba/element/f.29BF19D1E518CA5A0B8B264D2F67E8CF.d.5FEA8B0E9D4F08F9F772EFCD65A56DCB.e.4720/click - {}
RESULT: {}
COMMAND: GET /session/e1651f9e57ffdf7e65c343015e5aefba/screenshot - {}
RESULT: {}
COMMAND: POST /session/e1651f9e57ffdf7e65c343015e5aefba/actions - {"actions":[{"id":"action19","type":"key","parameters":{},"actions":[{"type":"keyDown","value":"î€•"},{"type":"pause","duration":10},{"type":"keyUp","value":"î€•"}]}]}
RESULT: {"actions":[{"id":"action19","type":"key","parameters":{},"actions":[{"type":"keyDown","value":"î€•"},{"type":"pause","duration":10},{"type":"keyUp","value":"î€•"}]}]}
COMMAND: POST /session/e1651f9e57ffdf7e65c343015e5aefba/actions - {"actions":[{"id":"action20","type":"key","parameters":{},"actions":[{"type":"keyDown","value":"î€‡"},{"type":"pause","duration":10},{"type":"keyUp","value":"î€‡"}]}]}
COMMAND: GET /session/e1651f9e57ffdf7e65c343015e5aefba/screenshot - {}
RESULT: {"actions":[{"id":"action20","type":"key","parameters":{},"actions":[{"type":"keyDown","value":"î€‡"},{"type":"pause","duration":10},{"type":"keyUp","value":"î€‡"}]}]}
COMMAND: POST /session/e1651f9e57ffdf7e65c343015e5aefba/execute/async - {"script":"<script> [1562 bytes]","args":[{"selector":{"controlType":"etm.portal.ui.reusables.customControls.LiveSearchComboBox","viewName":"etm.portal.ui.managerequests.view.NewRequest","bindingPath":{"path":"/RequestItems/0","propertyPath":"CATALOG_ITEM","modelName":"newRequestItems"},"interaction":{"idSuffix":"inner"}},"wdio_ui5_key":"etmportal.ui.managerequests.view.NewRequestetm.portal.ui.reusables.customControls.LiveSearchComboBox{\"path\":\"/RequestItems/0\",\"propertyPath\":\"CATALOG_ITEM\",\"modelName\":\"newRequestItems\"}"}]}
COMMAND: GET /session/e1651f9e57ffdf7e65c343015e5aefba/screenshot - {}
RESULT: {}
RESULT: {"script":"<script> [1562 bytes]","args":[{"selector":{"controlType":"etm.portal.ui.reusables.customControls.LiveSearchComboBox","viewName":"etm.portal.ui.managerequests.view.NewRequest","bindingPath":{"path":"/RequestItems/0","propertyPath":"CATALOG_ITEM","modelName":"newRequestItems"},"interaction":{"idSuffix":"inner"}},"wdio_ui5_key":"etmportal.ui.managerequests.view.NewRequestetm.portal.ui.reusables.customControls.LiveSearchComboBox{\"path\":\"/RequestItems/0\",\"propertyPath\":\"CATALOG_ITEM\",\"modelName\":\"newRequestItems\"}"}]}
RESULT: undefined
COMMAND: POST /session/e1651f9e57ffdf7e65c343015e5aefba/execute/async - {"script":"<script> [776 bytes]","args":[{"enterText":"Concert","selector":{"controlType":"etm.portal.ui.reusables.customControls.LiveSearchComboBox","viewName":"etm.portal.ui.managerequests.view.NewRequest","bindingPath":{"path":"/RequestItems/0","propertyPath":"CATALOG_ITEM","modelName":"newRequestItems"},"interaction":{"idSuffix":"inner"}},"clearTextFirst":true,"interactionType":"ENTER_TEXT"}]}
RESULT: {}
RESULT: {"script":"<script> [776 bytes]","args":[{"enterText":"Concert","selector":{"controlType":"etm.portal.ui.reusables.customControls.LiveSearchComboBox","viewName":"etm.portal.ui.managerequests.view.NewRequest","bindingPath":{"path":"/RequestItems/0","propertyPath":"CATALOG_ITEM","modelName":"newRequestItems"},"interaction":{"idSuffix":"inner"}},"clearTextFirst":true,"interactionType":"ENTER_TEXT"}]}
COMMAND: POST /session/e1651f9e57ffdf7e65c343015e5aefba/execute/async - {"script":"<script> [1562 bytes]","args":[{"selector":{"controlType":"sap.ui.core.Icon","viewName":"etm.portal.ui.managerequests.view.NewRequest","properties":{"src":{"regex":{"source":"slim\\-arrow\\-down"}}},"ancestor":{"controlType":"sap.m.ColumnListItem","viewName":"etm.portal.ui.managerequests.view.NewRequest","bindingPath":{"modelName":"newRequestItems","path":"/RequestItems/0"},"ancestor":{"id":"requestItemsTable","viewName":"etm.portal.ui.managerequests.view.NewRequest"}}},"wdio_ui5_key":"etmportal.ui.managerequests.view.NewRequestsap.ui.core.Icon{\"src\":{\"regex\":{\"source\":\"slim\\\\-arrow\\\\-down\"}}}{\"controlType\":\"sap.m.ColumnListItem\",\"viewName\":\"etm.portal.ui.managerequests.view.NewRequest\",\"bindingPath\":{\"modelName\":\"newRequestItems\",\"path\":\"/RequestItems/0\"},\"ancestor\":{\"id\":\"requestItemsTable\",\"viewName\":\"etm.portal.ui.managerequests.view.NewRequest\"}}"}]}
RESULT: {"script":"<script> [1562 bytes]","args":[{"selector":{"controlType":"sap.ui.core.Icon","viewName":"etm.portal.ui.managerequests.view.NewRequest","properties":{"src":{"regex":{"source":"slim\\-arrow\\-down"}}},"ancestor":{"controlType":"sap.m.ColumnListItem","viewName":"etm.portal.ui.managerequests.view.NewRequest","bindingPath":{"modelName":"newRequestItems","path":"/RequestItems/0"},"ancestor":{"id":"requestItemsTable","viewName":"etm.portal.ui.managerequests.view.NewRequest"}}},"wdio_ui5_key":"etmportal.ui.managerequests.view.NewRequestsap.ui.core.Icon{\"src\":{\"regex\":{\"source\":\"slim\\\\-arrow\\\\-down\"}}}{\"controlType\":\"sap.m.ColumnListItem\",\"viewName\":\"etm.portal.ui.managerequests.view.NewRequest\",\"bindingPath\":{\"modelName\":\"newRequestItems\",\"path\":\"/RequestItems/0\"},\"ancestor\":{\"id\":\"requestItemsTable\",\"viewName\":\"etm.portal.ui.managerequests.view.NewRequest\"}}"}]}
RESULT: undefined
COMMAND: POST /session/e1651f9e57ffdf7e65c343015e5aefba/element - {"using":"xpath","value":"//*[@id=\"__box15-__xmlview59--requestItemsTable-0-arrow\"]"}
RESULT: {"using":"xpath","value":"//*[@id=\"__box15-__xmlview59--requestItemsTable-0-arrow\"]"}
COMMAND: POST /session/e1651f9e57ffdf7e65c343015e5aefba/element/f.29BF19D1E518CA5A0B8B264D2F67E8CF.d.5FEA8B0E9D4F08F9F772EFCD65A56DCB.e.4935/click - {}
RESULT: {}
COMMAND: POST /session/e1651f9e57ffdf7e65c343015e5aefba/execute/async - {"script":"<script> [1562 bytes]","args":[{"selector":{"controlType":"sap.m.StandardListItem","viewName":"etm.portal.ui.managerequests.view.NewRequest","properties":{"title":"Concert - Concert "},"searchOpenDialogs":true,"interaction":{"idSuffix":"content"}},"wdio_ui5_key":"etmportal.ui.managerequests.view.NewRequestsap.m.StandardListItem{\"title\":\"Concert - Concert \"}"}]}
COMMAND: GET /session/e1651f9e57ffdf7e65c343015e5aefba/screenshot - {}
RESULT: {"script":"<script> [1562 bytes]","args":[{"selector":{"controlType":"sap.m.StandardListItem","viewName":"etm.portal.ui.managerequests.view.NewRequest","properties":{"title":"Concert - Concert "},"searchOpenDialogs":true,"interaction":{"idSuffix":"content"}},"wdio_ui5_key":"etmportal.ui.managerequests.view.NewRequestsap.m.StandardListItem{\"title\":\"Concert - Concert \"}"}]}
RESULT: undefined
COMMAND: POST /session/e1651f9e57ffdf7e65c343015e5aefba/execute/async - {"script":"<script> [1562 bytes]","args":[{"selector":{"controlType":"sap.ui.core.Icon","viewName":"etm.portal.ui.managerequests.view.NewRequest","properties":{"src":{"regex":{"source":"message\\-error"}}},"ancestor":{"controlType":"sap.m.ColumnListItem","viewName":"etm.portal.ui.managerequests.view.NewRequest","bindingPath":{"modelName":"newRequestItems","path":"/RequestItems/0"},"ancestor":{"id":"requestItemsTable","viewName":"etm.portal.ui.managerequests.view.NewRequest"}}},"wdio_ui5_key":"etmportal.ui.managerequests.view.NewRequestsap.ui.core.Icon{\"src\":{\"regex\":{\"source\":\"message\\\\-error\"}}}{\"controlType\":\"sap.m.ColumnListItem\",\"viewName\":\"etm.portal.ui.managerequests.view.NewRequest\",\"bindingPath\":{\"modelName\":\"newRequestItems\",\"path\":\"/RequestItems/0\"},\"ancestor\":{\"id\":\"requestItemsTable\",\"viewName\":\"etm.portal.ui.managerequests.view.NewRequest\"}}"}]}
RESULT: {}
RESULT: {"script":"<script> [1562 bytes]","args":[{"selector":{"controlType":"sap.ui.core.Icon","viewName":"etm.portal.ui.managerequests.view.NewRequest","properties":{"src":{"regex":{"source":"message\\-error"}}},"ancestor":{"controlType":"sap.m.ColumnListItem","viewName":"etm.portal.ui.managerequests.view.NewRequest","bindingPath":{"modelName":"newRequestItems","path":"/RequestItems/0"},"ancestor":{"id":"requestItemsTable","viewName":"etm.portal.ui.managerequests.view.NewRequest"}}},"wdio_ui5_key":"etmportal.ui.managerequests.view.NewRequestsap.ui.core.Icon{\"src\":{\"regex\":{\"source\":\"message\\\\-error\"}}}{\"controlType\":\"sap.m.ColumnListItem\",\"viewName\":\"etm.portal.ui.managerequests.view.NewRequest\",\"bindingPath\":{\"modelName\":\"newRequestItems\",\"path\":\"/RequestItems/0\"},\"ancestor\":{\"id\":\"requestItemsTable\",\"viewName\":\"etm.portal.ui.managerequests.view.NewRequest\"}}"}]}
RESULT: undefined
COMMAND: POST /session/e1651f9e57ffdf7e65c343015e5aefba/element - {"using":"xpath","value":"//*[@id=\"__status10-__xmlview59--requestItemsTable-0-icon\"]"}
RESULT: {"using":"xpath","value":"//*[@id=\"__status10-__xmlview59--requestItemsTable-0-icon\"]"}
COMMAND: POST /session/e1651f9e57ffdf7e65c343015e5aefba/element/f.29BF19D1E518CA5A0B8B264D2F67E8CF.d.5FEA8B0E9D4F08F9F772EFCD65A56DCB.e.4936/click - {}
RESULT: {}
COMMAND: POST /session/e1651f9e57ffdf7e65c343015e5aefba/execute/async - {"script":"<script> [1562 bytes]","args":[{"selector":{"controlType":"sap.ui.core.Icon","viewName":"etm.portal.ui.managerequests.view.NewRequest","properties":{"src":{"regex":{"source":"slim\\-arrow\\-down"}}},"searchOpenDialogs":true,"ancestor":{"id":"costObjectAdminTypeComboBox","viewName":"etm.portal.ui.managerequests.view.NewRequest","searchOpenDialogs":true}},"wdio_ui5_key":"etmportal.ui.managerequests.view.NewRequestsap.ui.core.Icon{\"src\":{\"regex\":{\"source\":\"slim\\\\-arrow\\\\-down\"}}}{\"id\":\"costObjectAdminTypeComboBox\",\"viewName\":\"etm.portal.ui.managerequests.view.NewRequest\",\"searchOpenDialogs\":true}"}]}
COMMAND: GET /session/e1651f9e57ffdf7e65c343015e5aefba/screenshot - {}
RESULT: {"script":"<script> [1562 bytes]","args":[{"selector":{"controlType":"sap.ui.core.Icon","viewName":"etm.portal.ui.managerequests.view.NewRequest","properties":{"src":{"regex":{"source":"slim\\-arrow\\-down"}}},"searchOpenDialogs":true,"ancestor":{"id":"costObjectAdminTypeComboBox","viewName":"etm.portal.ui.managerequests.view.NewRequest","searchOpenDialogs":true}},"wdio_ui5_key":"etmportal.ui.managerequests.view.NewRequestsap.ui.core.Icon{\"src\":{\"regex\":{\"source\":\"slim\\\\-arrow\\\\-down\"}}}{\"id\":\"costObjectAdminTypeComboBox\",\"viewName\":\"etm.portal.ui.managerequests.view.NewRequest\",\"searchOpenDialogs\":true}"}]}
RESULT: undefined
COMMAND: POST /session/e1651f9e57ffdf7e65c343015e5aefba/element - {"using":"xpath","value":"//*[@id=\"__xmlview59--costObjectAdminTypeComboBox-arrow\"]"}
RESULT: {}
RESULT: {"using":"xpath","value":"//*[@id=\"__xmlview59--costObjectAdminTypeComboBox-arrow\"]"}
COMMAND: POST /session/e1651f9e57ffdf7e65c343015e5aefba/element/f.29BF19D1E518CA5A0B8B264D2F67E8CF.d.5FEA8B0E9D4F08F9F772EFCD65A56DCB.e.4940/click - {}
RESULT: {}
COMMAND: GET /session/e1651f9e57ffdf7e65c343015e5aefba/screenshot - {}
RESULT: {}
COMMAND: POST /session/e1651f9e57ffdf7e65c343015e5aefba/execute/async - {"script":"<script> [1562 bytes]","args":[{"selector":{"controlType":"sap.m.StandardListItem","viewName":"etm.portal.ui.managerequests.view.NewRequest","properties":{"title":"Cost Center"},"searchOpenDialogs":true,"interaction":{"idSuffix":"content"}},"wdio_ui5_key":"etmportal.ui.managerequests.view.NewRequestsap.m.StandardListItem{\"title\":\"Cost Center\"}"}]}
RESULT: {"script":"<script> [1562 bytes]","args":[{"selector":{"controlType":"sap.m.StandardListItem","viewName":"etm.portal.ui.managerequests.view.NewRequest","properties":{"title":"Cost Center"},"searchOpenDialogs":true,"interaction":{"idSuffix":"content"}},"wdio_ui5_key":"etmportal.ui.managerequests.view.NewRequestsap.m.StandardListItem{\"title\":\"Cost Center\"}"}]}
RESULT: undefined
COMMAND: POST /session/e1651f9e57ffdf7e65c343015e5aefba/element - {"using":"xpath","value":"//*[@id=\"__item1430\"]"}
RESULT: {"using":"xpath","value":"//*[@id=\"__item1430\"]"}
COMMAND: POST /session/e1651f9e57ffdf7e65c343015e5aefba/element/f.29BF19D1E518CA5A0B8B264D2F67E8CF.d.5FEA8B0E9D4F08F9F772EFCD65A56DCB.e.4944/click - {}
RESULT: {}
COMMAND: POST /session/e1651f9e57ffdf7e65c343015e5aefba/execute/async - {"script":"<script> [1562 bytes]","args":[{"selector":{"controlType":"sap.m.Button","viewName":"etm.portal.ui.managerequests.view.NewRequest","i18NText":{"propertyName":"text","key":"save"},"searchOpenDialogs":true,"interaction":{"idSuffix":"inner"}},"wdio_ui5_key":"etmportal.ui.managerequests.view.NewRequestsap.m.Button{\"propertyName\":\"text\",\"key\":\"save\"}"}]}
COMMAND: GET /session/e1651f9e57ffdf7e65c343015e5aefba/screenshot - {}
RESULT: {"script":"<script> [1562 bytes]","args":[{"selector":{"controlType":"sap.m.Button","viewName":"etm.portal.ui.managerequests.view.NewRequest","i18NText":{"propertyName":"text","key":"save"},"searchOpenDialogs":true,"interaction":{"idSuffix":"inner"}},"wdio_ui5_key":"etmportal.ui.managerequests.view.NewRequestsap.m.Button{\"propertyName\":\"text\",\"key\":\"save\"}"}]}
RESULT: undefined
COMMAND: POST /session/e1651f9e57ffdf7e65c343015e5aefba/element - {"using":"xpath","value":"//*[@id=\"__button93\"]"}
RESULT: {}
RESULT: {"using":"xpath","value":"//*[@id=\"__button93\"]"}
COMMAND: POST /session/e1651f9e57ffdf7e65c343015e5aefba/element/f.29BF19D1E518CA5A0B8B264D2F67E8CF.d.5FEA8B0E9D4F08F9F772EFCD65A56DCB.e.4952/click - {}
RESULT: {}
COMMAND: POST /session/e1651f9e57ffdf7e65c343015e5aefba/execute/async - {"script":"<script> [1562 bytes]","args":[{"selector":{"controlType":"sap.m.Button","viewName":"etm.portal.ui.managerequests.view.NewRequest","i18NText":{"propertyName":"tooltip","key":"save"},"interaction":{"idSuffix":"BDI-content"}},"wdio_ui5_key":"etmportal.ui.managerequests.view.NewRequestsap.m.Button{\"propertyName\":\"tooltip\",\"key\":\"save\"}"}]}
COMMAND: GET /session/e1651f9e57ffdf7e65c343015e5aefba/screenshot - {}
RESULT: {"script":"<script> [1562 bytes]","args":[{"selector":{"controlType":"sap.m.Button","viewName":"etm.portal.ui.managerequests.view.NewRequest","i18NText":{"propertyName":"tooltip","key":"save"},"interaction":{"idSuffix":"BDI-content"}},"wdio_ui5_key":"etmportal.ui.managerequests.view.NewRequestsap.m.Button{\"propertyName\":\"tooltip\",\"key\":\"save\"}"}]}
RESULT: undefined
COMMAND: POST /session/e1651f9e57ffdf7e65c343015e5aefba/element - {"using":"xpath","value":"//*[@id=\"__button82\"]"}
RESULT: {}
RESULT: {"using":"xpath","value":"//*[@id=\"__button82\"]"}
COMMAND: POST /session/e1651f9e57ffdf7e65c343015e5aefba/element/f.29BF19D1E518CA5A0B8B264D2F67E8CF.d.5FEA8B0E9D4F08F9F772EFCD65A56DCB.e.4808/click - {}
RESULT: {}
COMMAND: POST /session/e1651f9e57ffdf7e65c343015e5aefba/execute/async - {"script":"<script> [1562 bytes]","args":[{"selector":{"controlType":"sap.m.Button","properties":{"text":"Close"},"searchOpenDialogs":true,"interaction":{"idSuffix":"inner"}},"wdio_ui5_key":"sapm.Button{\"text\":\"Close\"}"}]}
COMMAND: GET /session/e1651f9e57ffdf7e65c343015e5aefba/screenshot - {}
RESULT: {"script":"<script> [1562 bytes]","args":[{"selector":{"controlType":"sap.m.Button","properties":{"text":"Close"},"searchOpenDialogs":true,"interaction":{"idSuffix":"inner"}},"wdio_ui5_key":"sapm.Button{\"text\":\"Close\"}"}]}
RESULT: undefined
COMMAND: POST /session/e1651f9e57ffdf7e65c343015e5aefba/element - {"using":"xpath","value":"//*[@id=\"__mbox-btn-1\"]"}
RESULT: {}
RESULT: {"using":"xpath","value":"//*[@id=\"__mbox-btn-1\"]"}
COMMAND: POST /session/e1651f9e57ffdf7e65c343015e5aefba/element/f.29BF19D1E518CA5A0B8B264D2F67E8CF.d.5FEA8B0E9D4F08F9F772EFCD65A56DCB.e.4957/click - {}
RESULT: {}
COMMAND: GET /session/e1651f9e57ffdf7e65c343015e5aefba/screenshot - {}
RESULT: {}
COMMAND: POST /session/e1651f9e57ffdf7e65c343015e5aefba/execute/async - {"script":"<script> [1562 bytes]","args":[{"selector":{"controlType":"sap.m.Text","viewName":"etm.portal.ui.managerequests.view.Detail","bindingPath":{"propertyPath":"NO","modelName":"catalogModel"}},"wdio_ui5_key":"etmportal.ui.managerequests.view.Detailsap.m.Text{\"propertyPath\":\"NO\",\"modelName\":\"catalogModel\"}"}]}
RESULT: {"script":"<script> [1562 bytes]","args":[{"selector":{"controlType":"sap.m.Text","viewName":"etm.portal.ui.managerequests.view.Detail","bindingPath":{"propertyPath":"NO","modelName":"catalogModel"}},"wdio_ui5_key":"etmportal.ui.managerequests.view.Detailsap.m.Text{\"propertyPath\":\"NO\",\"modelName\":\"catalogModel\"}"}]}
RESULT: undefined
COMMAND: POST /session/e1651f9e57ffdf7e65c343015e5aefba/execute/async - {"script":"<script> [6424 bytes]","args":[{"element-6066-11e4-a52e-4f735466cecf":"f.29BF19D1E518CA5A0B8B264D2F67E8CF.d.5FEA8B0E9D4F08F9F772EFCD65A56DCB.e.5154"},"getText",[]]}
RESULT: {"script":"<script> [6424 bytes]","args":[{"element-6066-11e4-a52e-4f735466cecf":"f.29BF19D1E518CA5A0B8B264D2F67E8CF.d.5FEA8B0E9D4F08F9F772EFCD65A56DCB.e.5154"},"getText",[]]}
COMMAND: POST /session/e1651f9e57ffdf7e65c343015e5aefba/element - {"using":"css selector","value":"#shell-header-logo"}
RESULT: {"using":"css selector","value":"#shell-header-logo"}
COMMAND: POST /session/e1651f9e57ffdf7e65c343015e5aefba/element/f.29BF19D1E518CA5A0B8B264D2F67E8CF.d.5FEA8B0E9D4F08F9F772EFCD65A56DCB.e.4439/click - {}
RESULT: {}
COMMAND: GET /session/e1651f9e57ffdf7e65c343015e5aefba/screenshot - {}
RESULT: {}
]]></system-out>
    </testcase>
  </testsuite>
</testsuites>