<?xml version="1.0" encoding="UTF-8"?>
<testsuites tests="21" failures="0" errors="0" skipped="0">
  <testsuite timestamp="2025-04-11T17:03:09" time="346.625" tests="3" failures="0" errors="0" skipped="0">
    <properties>
      <property name="specId" value="0"/>
      <property name="suiteName" value="Create condition pricing US117289 US134625"/>
      <property name="capabilities" value="chrome.135_0_7049_42.windows"/>
      <property name="file" value="file:///D:/a/1/s/test/specs/BTS/create-condition-pricing.spec.js"/>
    </properties>
    <testcase classname="chrome.135_0_7049_42.windows.Create_condition_pricing_US117289_US134625" name="Should create a new yard used for all following tests" time="119.704">
      <system-out><![CDATA[
COMMAND: POST /session/4782f8729a76edfdb31ae021f37f4e15/window/fullscreen - {}
RESULT: {}
COMMAND: POST /session/4782f8729a76edfdb31ae021f37f4e15/execute/async - {"script":"<script> [1562 bytes]","args":[{"selector":{"controlType":"sap.m.GenericTile","properties":{"header":"Manage Yards"}},"wdio_ui5_key":"sapm.GenericTile{\"header\":\"Manage Yards\"}"}]}
RESULT: {"script":"<script> [1562 bytes]","args":[{"selector":{"controlType":"sap.m.GenericTile","properties":{"header":"Manage Yards"}},"wdio_ui5_key":"sapm.GenericTile{\"header\":\"Manage Yards\"}"}]}
RESULT: undefined
COMMAND: POST /session/4782f8729a76edfdb31ae021f37f4e15/element - {"using":"xpath","value":"//*[@id=\"__tile41\"]"}
RESULT: {"using":"xpath","value":"//*[@id=\"__tile41\"]"}
COMMAND: POST /session/4782f8729a76edfdb31ae021f37f4e15/element/f.47FBE749F50BBE52AFAC717F22AEC391.d.8ABC56D6DB07F6653C050E213083D3C4.e.134/click - {}
RESULT: {}
COMMAND: POST /session/4782f8729a76edfdb31ae021f37f4e15/element - {"using":"xpath","value":"//button[@data-kt=\"addNewYardOverflowToolbarButton\"]"}
COMMAND: GET /session/4782f8729a76edfdb31ae021f37f4e15/screenshot - {}
RESULT: {"using":"xpath","value":"//button[@data-kt=\"addNewYardOverflowToolbarButton\"]"}
COMMAND: POST /session/4782f8729a76edfdb31ae021f37f4e15/elements - {"using":"xpath","value":"//button[@data-kt=\"addNewYardOverflowToolbarButton\"]"}
RESULT: {}
RESULT: {"using":"xpath","value":"//button[@data-kt=\"addNewYardOverflowToolbarButton\"]"}
COMMAND: POST /session/4782f8729a76edfdb31ae021f37f4e15/elements - {"using":"xpath","value":"//button[@data-kt=\"addNewYardOverflowToolbarButton\"]"}
RESULT: {"using":"xpath","value":"//button[@data-kt=\"addNewYardOverflowToolbarButton\"]"}
COMMAND: POST /session/4782f8729a76edfdb31ae021f37f4e15/elements - {"using":"xpath","value":"//button[@data-kt=\"addNewYardOverflowToolbarButton\"]"}
RESULT: {"using":"xpath","value":"//button[@data-kt=\"addNewYardOverflowToolbarButton\"]"}
COMMAND: POST /session/4782f8729a76edfdb31ae021f37f4e15/elements - {"using":"xpath","value":"//button[@data-kt=\"addNewYardOverflowToolbarButton\"]"}
RESULT: {"using":"xpath","value":"//button[@data-kt=\"addNewYardOverflowToolbarButton\"]"}
COMMAND: POST /session/4782f8729a76edfdb31ae021f37f4e15/elements - {"using":"xpath","value":"//button[@data-kt=\"addNewYardOverflowToolbarButton\"]"}
RESULT: {"using":"xpath","value":"//button[@data-kt=\"addNewYardOverflowToolbarButton\"]"}
COMMAND: POST /session/4782f8729a76edfdb31ae021f37f4e15/elements - {"using":"xpath","value":"//button[@data-kt=\"addNewYardOverflowToolbarButton\"]"}
RESULT: {"using":"xpath","value":"//button[@data-kt=\"addNewYardOverflowToolbarButton\"]"}
COMMAND: POST /session/4782f8729a76edfdb31ae021f37f4e15/elements - {"using":"xpath","value":"//button[@data-kt=\"addNewYardOverflowToolbarButton\"]"}
RESULT: {"using":"xpath","value":"//button[@data-kt=\"addNewYardOverflowToolbarButton\"]"}
COMMAND: POST /session/4782f8729a76edfdb31ae021f37f4e15/elements - {"using":"xpath","value":"//button[@data-kt=\"addNewYardOverflowToolbarButton\"]"}
RESULT: {"using":"xpath","value":"//button[@data-kt=\"addNewYardOverflowToolbarButton\"]"}
COMMAND: POST /session/4782f8729a76edfdb31ae021f37f4e15/elements - {"using":"xpath","value":"//button[@data-kt=\"addNewYardOverflowToolbarButton\"]"}
RESULT: {"using":"xpath","value":"//button[@data-kt=\"addNewYardOverflowToolbarButton\"]"}
COMMAND: POST /session/4782f8729a76edfdb31ae021f37f4e15/elements - {"using":"xpath","value":"//button[@data-kt=\"addNewYardOverflowToolbarButton\"]"}
RESULT: {"using":"xpath","value":"//button[@data-kt=\"addNewYardOverflowToolbarButton\"]"}
COMMAND: POST /session/4782f8729a76edfdb31ae021f37f4e15/elements - {"using":"xpath","value":"//button[@data-kt=\"addNewYardOverflowToolbarButton\"]"}
RESULT: {"using":"xpath","value":"//button[@data-kt=\"addNewYardOverflowToolbarButton\"]"}
COMMAND: POST /session/4782f8729a76edfdb31ae021f37f4e15/elements - {"using":"xpath","value":"//button[@data-kt=\"addNewYardOverflowToolbarButton\"]"}
RESULT: {"using":"xpath","value":"//button[@data-kt=\"addNewYardOverflowToolbarButton\"]"}
COMMAND: POST /session/4782f8729a76edfdb31ae021f37f4e15/elements - {"using":"xpath","value":"//button[@data-kt=\"addNewYardOverflowToolbarButton\"]"}
RESULT: {"using":"xpath","value":"//button[@data-kt=\"addNewYardOverflowToolbarButton\"]"}
COMMAND: POST /session/4782f8729a76edfdb31ae021f37f4e15/elements - {"using":"xpath","value":"//button[@data-kt=\"addNewYardOverflowToolbarButton\"]"}
RESULT: {"using":"xpath","value":"//button[@data-kt=\"addNewYardOverflowToolbarButton\"]"}
COMMAND: POST /session/4782f8729a76edfdb31ae021f37f4e15/elements - {"using":"xpath","value":"//button[@data-kt=\"addNewYardOverflowToolbarButton\"]"}
RESULT: {"using":"xpath","value":"//button[@data-kt=\"addNewYardOverflowToolbarButton\"]"}
COMMAND: POST /session/4782f8729a76edfdb31ae021f37f4e15/elements - {"using":"xpath","value":"//button[@data-kt=\"addNewYardOverflowToolbarButton\"]"}
RESULT: {"using":"xpath","value":"//button[@data-kt=\"addNewYardOverflowToolbarButton\"]"}
COMMAND: POST /session/4782f8729a76edfdb31ae021f37f4e15/elements - {"using":"xpath","value":"//button[@data-kt=\"addNewYardOverflowToolbarButton\"]"}
RESULT: {"using":"xpath","value":"//button[@data-kt=\"addNewYardOverflowToolbarButton\"]"}
COMMAND: POST /session/4782f8729a76edfdb31ae021f37f4e15/elements - {"using":"xpath","value":"//button[@data-kt=\"addNewYardOverflowToolbarButton\"]"}
RESULT: {"using":"xpath","value":"//button[@data-kt=\"addNewYardOverflowToolbarButton\"]"}
COMMAND: POST /session/4782f8729a76edfdb31ae021f37f4e15/elements - {"using":"xpath","value":"//button[@data-kt=\"addNewYardOverflowToolbarButton\"]"}
RESULT: {"using":"xpath","value":"//button[@data-kt=\"addNewYardOverflowToolbarButton\"]"}
COMMAND: POST /session/4782f8729a76edfdb31ae021f37f4e15/elements - {"using":"xpath","value":"//button[@data-kt=\"addNewYardOverflowToolbarButton\"]"}
RESULT: {"using":"xpath","value":"//button[@data-kt=\"addNewYardOverflowToolbarButton\"]"}
COMMAND: POST /session/4782f8729a76edfdb31ae021f37f4e15/elements - {"using":"xpath","value":"//button[@data-kt=\"addNewYardOverflowToolbarButton\"]"}
RESULT: {"using":"xpath","value":"//button[@data-kt=\"addNewYardOverflowToolbarButton\"]"}
COMMAND: POST /session/4782f8729a76edfdb31ae021f37f4e15/elements - {"using":"xpath","value":"//button[@data-kt=\"addNewYardOverflowToolbarButton\"]"}
RESULT: {"using":"xpath","value":"//button[@data-kt=\"addNewYardOverflowToolbarButton\"]"}
COMMAND: POST /session/4782f8729a76edfdb31ae021f37f4e15/elements - {"using":"xpath","value":"//button[@data-kt=\"addNewYardOverflowToolbarButton\"]"}
RESULT: {"using":"xpath","value":"//button[@data-kt=\"addNewYardOverflowToolbarButton\"]"}
COMMAND: POST /session/4782f8729a76edfdb31ae021f37f4e15/elements - {"using":"xpath","value":"//button[@data-kt=\"addNewYardOverflowToolbarButton\"]"}
RESULT: {"using":"xpath","value":"//button[@data-kt=\"addNewYardOverflowToolbarButton\"]"}
COMMAND: POST /session/4782f8729a76edfdb31ae021f37f4e15/elements - {"using":"xpath","value":"//button[@data-kt=\"addNewYardOverflowToolbarButton\"]"}
RESULT: {"using":"xpath","value":"//button[@data-kt=\"addNewYardOverflowToolbarButton\"]"}
COMMAND: POST /session/4782f8729a76edfdb31ae021f37f4e15/elements - {"using":"xpath","value":"//button[@data-kt=\"addNewYardOverflowToolbarButton\"]"}
RESULT: {"using":"xpath","value":"//button[@data-kt=\"addNewYardOverflowToolbarButton\"]"}
COMMAND: POST /session/4782f8729a76edfdb31ae021f37f4e15/elements - {"using":"xpath","value":"//button[@data-kt=\"addNewYardOverflowToolbarButton\"]"}
RESULT: {"using":"xpath","value":"//button[@data-kt=\"addNewYardOverflowToolbarButton\"]"}
COMMAND: POST /session/4782f8729a76edfdb31ae021f37f4e15/element - {"using":"xpath","value":"//button[@data-kt=\"addNewYardOverflowToolbarButton\"]"}
RESULT: {"using":"xpath","value":"//button[@data-kt=\"addNewYardOverflowToolbarButton\"]"}
COMMAND: POST /session/4782f8729a76edfdb31ae021f37f4e15/execute/sync - {"script":"<script> [8489 bytes]","args":[{"element-6066-11e4-a52e-4f735466cecf":"f.47FBE749F50BBE52AFAC717F22AEC391.d.8ABC56D6DB07F6653C050E213083D3C4.e.183","ELEMENT":"f.47FBE749F50BBE52AFAC717F22AEC391.d.8ABC56D6DB07F6653C050E213083D3C4.e.183"}]}
RESULT: {"script":"<script> [8489 bytes]","args":[{"element-6066-11e4-a52e-4f735466cecf":"f.47FBE749F50BBE52AFAC717F22AEC391.d.8ABC56D6DB07F6653C050E213083D3C4.e.183","ELEMENT":"f.47FBE749F50BBE52AFAC717F22AEC391.d.8ABC56D6DB07F6653C050E213083D3C4.e.183"}]}
COMMAND: GET /session/4782f8729a76edfdb31ae021f37f4e15/element/f.47FBE749F50BBE52AFAC717F22AEC391.d.8ABC56D6DB07F6653C050E213083D3C4.e.183/enabled - {}
COMMAND: GET /session/4782f8729a76edfdb31ae021f37f4e15/screenshot - {}
RESULT: {}
COMMAND: POST /session/4782f8729a76edfdb31ae021f37f4e15/execute/sync - {"script":"<script> [8489 bytes]","args":[{"element-6066-11e4-a52e-4f735466cecf":"f.47FBE749F50BBE52AFAC717F22AEC391.d.8ABC56D6DB07F6653C050E213083D3C4.e.183","ELEMENT":"f.47FBE749F50BBE52AFAC717F22AEC391.d.8ABC56D6DB07F6653C050E213083D3C4.e.183"}]}
COMMAND: GET /session/4782f8729a76edfdb31ae021f37f4e15/screenshot - {}
RESULT: {}
RESULT: {"script":"<script> [8489 bytes]","args":[{"element-6066-11e4-a52e-4f735466cecf":"f.47FBE749F50BBE52AFAC717F22AEC391.d.8ABC56D6DB07F6653C050E213083D3C4.e.183","ELEMENT":"f.47FBE749F50BBE52AFAC717F22AEC391.d.8ABC56D6DB07F6653C050E213083D3C4.e.183"}]}
COMMAND: POST /session/4782f8729a76edfdb31ae021f37f4e15/execute/sync - {"script":"<script> [5351 bytes]","args":[{"element-6066-11e4-a52e-4f735466cecf":"f.47FBE749F50BBE52AFAC717F22AEC391.d.8ABC56D6DB07F6653C050E213083D3C4.e.183","ELEMENT":"f.47FBE749F50BBE52AFAC717F22AEC391.d.8ABC56D6DB07F6653C050E213083D3C4.e.183"}]}
COMMAND: GET /session/4782f8729a76edfdb31ae021f37f4e15/screenshot - {}
RESULT: {}
RESULT: {"script":"<script> [5351 bytes]","args":[{"element-6066-11e4-a52e-4f735466cecf":"f.47FBE749F50BBE52AFAC717F22AEC391.d.8ABC56D6DB07F6653C050E213083D3C4.e.183","ELEMENT":"f.47FBE749F50BBE52AFAC717F22AEC391.d.8ABC56D6DB07F6653C050E213083D3C4.e.183"}]}
COMMAND: POST /session/4782f8729a76edfdb31ae021f37f4e15/element/f.47FBE749F50BBE52AFAC717F22AEC391.d.8ABC56D6DB07F6653C050E213083D3C4.e.183/click - {}
COMMAND: GET /session/4782f8729a76edfdb31ae021f37f4e15/screenshot - {}
RESULT: {}
RESULT: {}
COMMAND: GET /session/4782f8729a76edfdb31ae021f37f4e15/screenshot - {}
COMMAND: POST /session/4782f8729a76edfdb31ae021f37f4e15/element - {"using":"xpath","value":"//input[@id=\"application-manageyards-display-component---NewYard--yardId-inner\"]"}
RESULT: {}
RESULT: {}
RESULT: {"using":"xpath","value":"//input[@id=\"application-manageyards-display-component---NewYard--yardId-inner\"]"}
COMMAND: POST /session/4782f8729a76edfdb31ae021f37f4e15/element - {"using":"xpath","value":"//input[@id=\"application-manageyards-display-component---NewYard--yardId-inner\"]"}
RESULT: {"using":"xpath","value":"//input[@id=\"application-manageyards-display-component---NewYard--yardId-inner\"]"}
COMMAND: POST /session/4782f8729a76edfdb31ae021f37f4e15/execute/async - {"script":"<script> [1562 bytes]","args":[{"selector":{"id":"application-manageyards-display-component---NewYard--addressDetailDetailsName1","interaction":{"idSuffix":"inner"}},"wdio_ui5_key":"applicationmanageyards-display-component---NewYard--addressDetailDetailsName1"}]}
RESULT: {"script":"<script> [1562 bytes]","args":[{"selector":{"id":"application-manageyards-display-component---NewYard--addressDetailDetailsName1","interaction":{"idSuffix":"inner"}},"wdio_ui5_key":"applicationmanageyards-display-component---NewYard--addressDetailDetailsName1"}]}
RESULT: undefined
COMMAND: POST /session/4782f8729a76edfdb31ae021f37f4e15/execute/async - {"script":"<script> [776 bytes]","args":[{"enterText":"DailyPrice WDIO","selector":{"id":"application-manageyards-display-component---NewYard--addressDetailDetailsName1","interaction":{"idSuffix":"inner"}},"clearTextFirst":true,"interactionType":"ENTER_TEXT"}]}
RESULT: {"script":"<script> [776 bytes]","args":[{"enterText":"DailyPrice WDIO","selector":{"id":"application-manageyards-display-component---NewYard--addressDetailDetailsName1","interaction":{"idSuffix":"inner"}},"clearTextFirst":true,"interactionType":"ENTER_TEXT"}]}
COMMAND: POST /session/4782f8729a76edfdb31ae021f37f4e15/execute/async - {"script":"<script> [1562 bytes]","args":[{"selector":{"id":"application-manageyards-display-component---NewYard--addressDetailDetailsLanguage-arrow"},"wdio_ui5_key":"applicationmanageyards-display-component---NewYard--addressDetailDetailsLanguage-arrow"}]}
RESULT: {"script":"<script> [1562 bytes]","args":[{"selector":{"id":"application-manageyards-display-component---NewYard--addressDetailDetailsLanguage-arrow"},"wdio_ui5_key":"applicationmanageyards-display-component---NewYard--addressDetailDetailsLanguage-arrow"}]}
RESULT: undefined
COMMAND: POST /session/4782f8729a76edfdb31ae021f37f4e15/element - {"using":"xpath","value":"//*[@id=\"application-manageyards-display-component---NewYard--addressDetailDetailsLanguage-arrow\"]"}
RESULT: {"using":"xpath","value":"//*[@id=\"application-manageyards-display-component---NewYard--addressDetailDetailsLanguage-arrow\"]"}
COMMAND: POST /session/4782f8729a76edfdb31ae021f37f4e15/element/f.47FBE749F50BBE52AFAC717F22AEC391.d.8ABC56D6DB07F6653C050E213083D3C4.e.591/click - {}
RESULT: {}
COMMAND: POST /session/4782f8729a76edfdb31ae021f37f4e15/element - {"using":"xpath","value":"//span[contains(text(), \"English\")]"}
COMMAND: GET /session/4782f8729a76edfdb31ae021f37f4e15/screenshot - {}
RESULT: {"using":"xpath","value":"//span[contains(text(), \"English\")]"}
COMMAND: POST /session/4782f8729a76edfdb31ae021f37f4e15/element/f.47FBE749F50BBE52AFAC717F22AEC391.d.8ABC56D6DB07F6653C050E213083D3C4.e.592/click - {}
RESULT: {}
RESULT: {}
COMMAND: POST /session/4782f8729a76edfdb31ae021f37f4e15/execute/async - {"script":"<script> [1562 bytes]","args":[{"selector":{"id":"application-manageyards-display-component---NewYard--addressDetailDetailsCity1","interaction":{"idSuffix":"inner"}},"wdio_ui5_key":"applicationmanageyards-display-component---NewYard--addressDetailDetailsCity1"}]}
COMMAND: GET /session/4782f8729a76edfdb31ae021f37f4e15/screenshot - {}
RESULT: {"script":"<script> [1562 bytes]","args":[{"selector":{"id":"application-manageyards-display-component---NewYard--addressDetailDetailsCity1","interaction":{"idSuffix":"inner"}},"wdio_ui5_key":"applicationmanageyards-display-component---NewYard--addressDetailDetailsCity1"}]}
RESULT: undefined
COMMAND: POST /session/4782f8729a76edfdb31ae021f37f4e15/execute/async - {"script":"<script> [776 bytes]","args":[{"enterText":"Rosario","selector":{"id":"application-manageyards-display-component---NewYard--addressDetailDetailsCity1","interaction":{"idSuffix":"inner"}},"clearTextFirst":true,"interactionType":"ENTER_TEXT"}]}
RESULT: {}
RESULT: {"script":"<script> [776 bytes]","args":[{"enterText":"Rosario","selector":{"id":"application-manageyards-display-component---NewYard--addressDetailDetailsCity1","interaction":{"idSuffix":"inner"}},"clearTextFirst":true,"interactionType":"ENTER_TEXT"}]}
COMMAND: POST /session/4782f8729a76edfdb31ae021f37f4e15/execute/async - {"script":"<script> [1562 bytes]","args":[{"selector":{"id":"application-manageyards-display-component---NewYard--addressDetailDetailsCountry-arrow"},"wdio_ui5_key":"applicationmanageyards-display-component---NewYard--addressDetailDetailsCountry-arrow"}]}
RESULT: {"script":"<script> [1562 bytes]","args":[{"selector":{"id":"application-manageyards-display-component---NewYard--addressDetailDetailsCountry-arrow"},"wdio_ui5_key":"applicationmanageyards-display-component---NewYard--addressDetailDetailsCountry-arrow"}]}
RESULT: undefined
COMMAND: POST /session/4782f8729a76edfdb31ae021f37f4e15/element - {"using":"xpath","value":"//*[@id=\"application-manageyards-display-component---NewYard--addressDetailDetailsCountry-arrow\"]"}
RESULT: {"using":"xpath","value":"//*[@id=\"application-manageyards-display-component---NewYard--addressDetailDetailsCountry-arrow\"]"}
COMMAND: POST /session/4782f8729a76edfdb31ae021f37f4e15/element/f.47FBE749F50BBE52AFAC717F22AEC391.d.8ABC56D6DB07F6653C050E213083D3C4.e.594/click - {}
RESULT: {}
COMMAND: POST /session/4782f8729a76edfdb31ae021f37f4e15/element - {"using":"xpath","value":"//span[contains(text(), \"Argentina\")]"}
COMMAND: GET /session/4782f8729a76edfdb31ae021f37f4e15/screenshot - {}
RESULT: {"using":"xpath","value":"//span[contains(text(), \"Argentina\")]"}
COMMAND: POST /session/4782f8729a76edfdb31ae021f37f4e15/element/f.47FBE749F50BBE52AFAC717F22AEC391.d.8ABC56D6DB07F6653C050E213083D3C4.e.596/click - {}
RESULT: {}
RESULT: {}
COMMAND: POST /session/4782f8729a76edfdb31ae021f37f4e15/execute/async - {"script":"<script> [1562 bytes]","args":[{"selector":{"id":"application-manageyards-display-component---NewYard--addressEditDetailsCostObjectCstType-arrow"},"wdio_ui5_key":"applicationmanageyards-display-component---NewYard--addressEditDetailsCostObjectCstType-arrow"}]}
COMMAND: GET /session/4782f8729a76edfdb31ae021f37f4e15/screenshot - {}
RESULT: {"script":"<script> [1562 bytes]","args":[{"selector":{"id":"application-manageyards-display-component---NewYard--addressEditDetailsCostObjectCstType-arrow"},"wdio_ui5_key":"applicationmanageyards-display-component---NewYard--addressEditDetailsCostObjectCstType-arrow"}]}
RESULT: undefined
COMMAND: POST /session/4782f8729a76edfdb31ae021f37f4e15/element - {"using":"xpath","value":"//*[@id=\"application-manageyards-display-component---NewYard--addressEditDetailsCostObjectCstType-arrow\"]"}
RESULT: {}
RESULT: {"using":"xpath","value":"//*[@id=\"application-manageyards-display-component---NewYard--addressEditDetailsCostObjectCstType-arrow\"]"}
COMMAND: POST /session/4782f8729a76edfdb31ae021f37f4e15/element/f.47FBE749F50BBE52AFAC717F22AEC391.d.8ABC56D6DB07F6653C050E213083D3C4.e.597/click - {}
RESULT: {}
COMMAND: POST /session/4782f8729a76edfdb31ae021f37f4e15/element - {"using":"xpath","value":"//span[contains(text(), \"Cost Center\")]"}
COMMAND: GET /session/4782f8729a76edfdb31ae021f37f4e15/screenshot - {}
RESULT: {"using":"xpath","value":"//span[contains(text(), \"Cost Center\")]"}
COMMAND: POST /session/4782f8729a76edfdb31ae021f37f4e15/element/f.47FBE749F50BBE52AFAC717F22AEC391.d.8ABC56D6DB07F6653C050E213083D3C4.e.598/click - {}
RESULT: {}
RESULT: {}
COMMAND: GET /session/4782f8729a76edfdb31ae021f37f4e15/screenshot - {}
RESULT: {}
COMMAND: POST /session/4782f8729a76edfdb31ae021f37f4e15/element - {"using":"xpath","value":"//span[@id=\"application-manageyards-display-component---NewYard--addressNewCostObjectCstID-vhi\"]"}
RESULT: {"using":"xpath","value":"//span[@id=\"application-manageyards-display-component---NewYard--addressNewCostObjectCstID-vhi\"]"}
COMMAND: POST /session/4782f8729a76edfdb31ae021f37f4e15/execute/sync - {"script":"<script> [8489 bytes]","args":[{"element-6066-11e4-a52e-4f735466cecf":"f.47FBE749F50BBE52AFAC717F22AEC391.d.8ABC56D6DB07F6653C050E213083D3C4.e.601","ELEMENT":"f.47FBE749F50BBE52AFAC717F22AEC391.d.8ABC56D6DB07F6653C050E213083D3C4.e.601"}]}
RESULT: {"script":"<script> [8489 bytes]","args":[{"element-6066-11e4-a52e-4f735466cecf":"f.47FBE749F50BBE52AFAC717F22AEC391.d.8ABC56D6DB07F6653C050E213083D3C4.e.601","ELEMENT":"f.47FBE749F50BBE52AFAC717F22AEC391.d.8ABC56D6DB07F6653C050E213083D3C4.e.601"}]}
COMMAND: POST /session/4782f8729a76edfdb31ae021f37f4e15/execute/async - {"script":"<script> [1562 bytes]","args":[{"selector":{"id":"application-manageyards-display-component---NewYard--addressNewCostObjectCstID-vhi"},"wdio_ui5_key":"applicationmanageyards-display-component---NewYard--addressNewCostObjectCstID-vhi"}]}
COMMAND: GET /session/4782f8729a76edfdb31ae021f37f4e15/screenshot - {}
RESULT: {"script":"<script> [1562 bytes]","args":[{"selector":{"id":"application-manageyards-display-component---NewYard--addressNewCostObjectCstID-vhi"},"wdio_ui5_key":"applicationmanageyards-display-component---NewYard--addressNewCostObjectCstID-vhi"}]}
RESULT: undefined
COMMAND: POST /session/4782f8729a76edfdb31ae021f37f4e15/element - {"using":"xpath","value":"//*[@id=\"application-manageyards-display-component---NewYard--addressNewCostObjectCstID-vhi\"]"}
RESULT: {}
RESULT: {"using":"xpath","value":"//*[@id=\"application-manageyards-display-component---NewYard--addressNewCostObjectCstID-vhi\"]"}
COMMAND: POST /session/4782f8729a76edfdb31ae021f37f4e15/element/f.47FBE749F50BBE52AFAC717F22AEC391.d.8ABC56D6DB07F6653C050E213083D3C4.e.601/click - {}
RESULT: {}
COMMAND: GET /session/4782f8729a76edfdb31ae021f37f4e15/screenshot - {}
RESULT: {}
COMMAND: POST /session/4782f8729a76edfdb31ae021f37f4e15/execute/async - {"script":"<script> [1562 bytes]","args":[{"selector":{"controlType":"sap.m.SearchField","properties":{"placeholder":"Search"},"searchOpenDialogs":true,"interaction":{"idSuffix":"I"}},"wdio_ui5_key":"sapm.SearchField{\"placeholder\":\"Search\"}"}]}
RESULT: {"script":"<script> [1562 bytes]","args":[{"selector":{"controlType":"sap.m.SearchField","properties":{"placeholder":"Search"},"searchOpenDialogs":true,"interaction":{"idSuffix":"I"}},"wdio_ui5_key":"sapm.SearchField{\"placeholder\":\"Search\"}"}]}
RESULT: undefined
COMMAND: POST /session/4782f8729a76edfdb31ae021f37f4e15/execute/async - {"script":"<script> [776 bytes]","args":[{"enterText":"10001013","selector":{"controlType":"sap.m.SearchField","properties":{"placeholder":"Search"},"searchOpenDialogs":true,"interaction":{"idSuffix":"I"}},"clearTextFirst":true,"interactionType":"ENTER_TEXT"}]}
RESULT: {"script":"<script> [776 bytes]","args":[{"enterText":"10001013","selector":{"controlType":"sap.m.SearchField","properties":{"placeholder":"Search"},"searchOpenDialogs":true,"interaction":{"idSuffix":"I"}},"clearTextFirst":true,"interactionType":"ENTER_TEXT"}]}
COMMAND: POST /session/4782f8729a76edfdb31ae021f37f4e15/actions - {"actions":[{"id":"action1","type":"key","parameters":{},"actions":[{"type":"keyDown","value":""},{"type":"pause","duration":10},{"type":"keyUp","value":""}]}]}
RESULT: {"actions":[{"id":"action1","type":"key","parameters":{},"actions":[{"type":"keyDown","value":""},{"type":"pause","duration":10},{"type":"keyUp","value":""}]}]}
COMMAND: GET /session/4782f8729a76edfdb31ae021f37f4e15/screenshot - {}
RESULT: {}
COMMAND: POST /session/4782f8729a76edfdb31ae021f37f4e15/element - {"using":"xpath","value":"//span[contains(text(), \"General Management\")]"}
RESULT: {"using":"xpath","value":"//span[contains(text(), \"General Management\")]"}
COMMAND: POST /session/4782f8729a76edfdb31ae021f37f4e15/element/f.47FBE749F50BBE52AFAC717F22AEC391.d.8ABC56D6DB07F6653C050E213083D3C4.e.644/click - {}
RESULT: {}
COMMAND: GET /session/4782f8729a76edfdb31ae021f37f4e15/screenshot - {}
RESULT: {}
COMMAND: POST /session/4782f8729a76edfdb31ae021f37f4e15/element - {"using":"xpath","value":"//bdi[contains(text(), \"OK\")]"}
RESULT: {"using":"xpath","value":"//bdi[contains(text(), \"OK\")]"}
COMMAND: POST /session/4782f8729a76edfdb31ae021f37f4e15/element/f.47FBE749F50BBE52AFAC717F22AEC391.d.8ABC56D6DB07F6653C050E213083D3C4.e.645/click - {}
RESULT: {}
COMMAND: GET /session/4782f8729a76edfdb31ae021f37f4e15/screenshot - {}
RESULT: {}
COMMAND: POST /session/4782f8729a76edfdb31ae021f37f4e15/execute/async - {"script":"<script> [1562 bytes]","args":[{"selector":{"id":"application-manageyards-display-component---NewYard--addressEditDetailsCurrency-arrow"},"wdio_ui5_key":"applicationmanageyards-display-component---NewYard--addressEditDetailsCurrency-arrow"}]}
RESULT: {"script":"<script> [1562 bytes]","args":[{"selector":{"id":"application-manageyards-display-component---NewYard--addressEditDetailsCurrency-arrow"},"wdio_ui5_key":"applicationmanageyards-display-component---NewYard--addressEditDetailsCurrency-arrow"}]}
RESULT: undefined
COMMAND: POST /session/4782f8729a76edfdb31ae021f37f4e15/element - {"using":"xpath","value":"//*[@id=\"application-manageyards-display-component---NewYard--addressEditDetailsCurrency-arrow\"]"}
RESULT: {"using":"xpath","value":"//*[@id=\"application-manageyards-display-component---NewYard--addressEditDetailsCurrency-arrow\"]"}
COMMAND: POST /session/4782f8729a76edfdb31ae021f37f4e15/element/f.47FBE749F50BBE52AFAC717F22AEC391.d.8ABC56D6DB07F6653C050E213083D3C4.e.648/click - {}
RESULT: {}
COMMAND: POST /session/4782f8729a76edfdb31ae021f37f4e15/element - {"using":"xpath","value":"//span[contains(text(), \"Euro\")]"}
COMMAND: GET /session/4782f8729a76edfdb31ae021f37f4e15/screenshot - {}
RESULT: {"using":"xpath","value":"//span[contains(text(), \"Euro\")]"}
COMMAND: POST /session/4782f8729a76edfdb31ae021f37f4e15/element/f.47FBE749F50BBE52AFAC717F22AEC391.d.8ABC56D6DB07F6653C050E213083D3C4.e.649/click - {}
RESULT: {}
RESULT: {}
COMMAND: POST /session/4782f8729a76edfdb31ae021f37f4e15/execute/async - {"script":"<script> [1562 bytes]","args":[{"selector":{"controlType":"sap.m.Input","viewName":"etm.portal.ui.manageyards.view.New","viewId":"application-manageyards-display-component---NewYard","bindingPath":{"path":"","propertyPath":"/CONTROLLING_AREA","modelName":"NewYardModel"},"interaction":{"idSuffix":"inner"}},"wdio_ui5_key":"etmportal.ui.manageyards.view.Newsap.m.Input{\"path\":\"\",\"propertyPath\":\"/CONTROLLING_AREA\",\"modelName\":\"NewYardModel\"}"}]}
COMMAND: GET /session/4782f8729a76edfdb31ae021f37f4e15/screenshot - {}
RESULT: {"script":"<script> [1562 bytes]","args":[{"selector":{"controlType":"sap.m.Input","viewName":"etm.portal.ui.manageyards.view.New","viewId":"application-manageyards-display-component---NewYard","bindingPath":{"path":"","propertyPath":"/CONTROLLING_AREA","modelName":"NewYardModel"},"interaction":{"idSuffix":"inner"}},"wdio_ui5_key":"etmportal.ui.manageyards.view.Newsap.m.Input{\"path\":\"\",\"propertyPath\":\"/CONTROLLING_AREA\",\"modelName\":\"NewYardModel\"}"}]}
RESULT: undefined
COMMAND: POST /session/4782f8729a76edfdb31ae021f37f4e15/execute/async - {"script":"<script> [776 bytes]","args":[{"enterText":"Z001","selector":{"controlType":"sap.m.Input","viewName":"etm.portal.ui.manageyards.view.New","viewId":"application-manageyards-display-component---NewYard","bindingPath":{"path":"","propertyPath":"/CONTROLLING_AREA","modelName":"NewYardModel"},"interaction":{"idSuffix":"inner"}},"clearTextFirst":true,"interactionType":"ENTER_TEXT"}]}
RESULT: {}
RESULT: {"script":"<script> [776 bytes]","args":[{"enterText":"Z001","selector":{"controlType":"sap.m.Input","viewName":"etm.portal.ui.manageyards.view.New","viewId":"application-manageyards-display-component---NewYard","bindingPath":{"path":"","propertyPath":"/CONTROLLING_AREA","modelName":"NewYardModel"},"interaction":{"idSuffix":"inner"}},"clearTextFirst":true,"interactionType":"ENTER_TEXT"}]}
COMMAND: POST /session/4782f8729a76edfdb31ae021f37f4e15/execute/async - {"script":"<script> [1562 bytes]","args":[{"selector":{"id":"application-manageyards-display-component---NewYard--companyCodeComboBox","interaction":{"idSuffix":"inner"}},"wdio_ui5_key":"applicationmanageyards-display-component---NewYard--companyCodeComboBox"}]}
RESULT: {"script":"<script> [1562 bytes]","args":[{"selector":{"id":"application-manageyards-display-component---NewYard--companyCodeComboBox","interaction":{"idSuffix":"inner"}},"wdio_ui5_key":"applicationmanageyards-display-component---NewYard--companyCodeComboBox"}]}
RESULT: undefined
COMMAND: POST /session/4782f8729a76edfdb31ae021f37f4e15/execute/async - {"script":"<script> [776 bytes]","args":[{"enterText":"1000","selector":{"id":"application-manageyards-display-component---NewYard--companyCodeComboBox","interaction":{"idSuffix":"inner"}},"clearTextFirst":true,"interactionType":"ENTER_TEXT"}]}
RESULT: {"script":"<script> [776 bytes]","args":[{"enterText":"1000","selector":{"id":"application-manageyards-display-component---NewYard--companyCodeComboBox","interaction":{"idSuffix":"inner"}},"clearTextFirst":true,"interactionType":"ENTER_TEXT"}]}
COMMAND: POST /session/4782f8729a76edfdb31ae021f37f4e15/execute/async - {"script":"<script> [1562 bytes]","args":[{"selector":{"controlType":"sap.m.Input","viewName":"etm.portal.ui.manageyards.view.New","viewId":"application-manageyards-display-component---NewYard","bindingPath":{"path":"","propertyPath":"/PLANT","modelName":"NewYardModel"},"interaction":{"idSuffix":"inner"}},"wdio_ui5_key":"etmportal.ui.manageyards.view.Newsap.m.Input{\"path\":\"\",\"propertyPath\":\"/PLANT\",\"modelName\":\"NewYardModel\"}"}]}
RESULT: {"script":"<script> [1562 bytes]","args":[{"selector":{"controlType":"sap.m.Input","viewName":"etm.portal.ui.manageyards.view.New","viewId":"application-manageyards-display-component---NewYard","bindingPath":{"path":"","propertyPath":"/PLANT","modelName":"NewYardModel"},"interaction":{"idSuffix":"inner"}},"wdio_ui5_key":"etmportal.ui.manageyards.view.Newsap.m.Input{\"path\":\"\",\"propertyPath\":\"/PLANT\",\"modelName\":\"NewYardModel\"}"}]}
RESULT: undefined
COMMAND: POST /session/4782f8729a76edfdb31ae021f37f4e15/execute/async - {"script":"<script> [776 bytes]","args":[{"enterText":"1001","selector":{"controlType":"sap.m.Input","viewName":"etm.portal.ui.manageyards.view.New","viewId":"application-manageyards-display-component---NewYard","bindingPath":{"path":"","propertyPath":"/PLANT","modelName":"NewYardModel"},"interaction":{"idSuffix":"inner"}},"clearTextFirst":true,"interactionType":"ENTER_TEXT"}]}
RESULT: {"script":"<script> [776 bytes]","args":[{"enterText":"1001","selector":{"controlType":"sap.m.Input","viewName":"etm.portal.ui.manageyards.view.New","viewId":"application-manageyards-display-component---NewYard","bindingPath":{"path":"","propertyPath":"/PLANT","modelName":"NewYardModel"},"interaction":{"idSuffix":"inner"}},"clearTextFirst":true,"interactionType":"ENTER_TEXT"}]}
COMMAND: POST /session/4782f8729a76edfdb31ae021f37f4e15/execute/async - {"script":"<script> [1562 bytes]","args":[{"selector":{"controlType":"sap.m.Input","viewName":"etm.portal.ui.manageyards.view.New","viewId":"application-manageyards-display-component---NewYard","bindingPath":{"path":"","propertyPath":"/SALES_AREA_VKORG","modelName":"NewYardModel"},"interaction":{"idSuffix":"inner"}},"wdio_ui5_key":"etmportal.ui.manageyards.view.Newsap.m.Input{\"path\":\"\",\"propertyPath\":\"/SALES_AREA_VKORG\",\"modelName\":\"NewYardModel\"}"}]}
RESULT: {"script":"<script> [1562 bytes]","args":[{"selector":{"controlType":"sap.m.Input","viewName":"etm.portal.ui.manageyards.view.New","viewId":"application-manageyards-display-component---NewYard","bindingPath":{"path":"","propertyPath":"/SALES_AREA_VKORG","modelName":"NewYardModel"},"interaction":{"idSuffix":"inner"}},"wdio_ui5_key":"etmportal.ui.manageyards.view.Newsap.m.Input{\"path\":\"\",\"propertyPath\":\"/SALES_AREA_VKORG\",\"modelName\":\"NewYardModel\"}"}]}
RESULT: undefined
COMMAND: POST /session/4782f8729a76edfdb31ae021f37f4e15/execute/async - {"script":"<script> [776 bytes]","args":[{"enterText":"C002","selector":{"controlType":"sap.m.Input","viewName":"etm.portal.ui.manageyards.view.New","viewId":"application-manageyards-display-component---NewYard","bindingPath":{"path":"","propertyPath":"/SALES_AREA_VKORG","modelName":"NewYardModel"},"interaction":{"idSuffix":"inner"}},"clearTextFirst":true,"interactionType":"ENTER_TEXT"}]}
RESULT: {"script":"<script> [776 bytes]","args":[{"enterText":"C002","selector":{"controlType":"sap.m.Input","viewName":"etm.portal.ui.manageyards.view.New","viewId":"application-manageyards-display-component---NewYard","bindingPath":{"path":"","propertyPath":"/SALES_AREA_VKORG","modelName":"NewYardModel"},"interaction":{"idSuffix":"inner"}},"clearTextFirst":true,"interactionType":"ENTER_TEXT"}]}
COMMAND: POST /session/4782f8729a76edfdb31ae021f37f4e15/execute/async - {"script":"<script> [1562 bytes]","args":[{"selector":{"controlType":"sap.m.Input","viewName":"etm.portal.ui.manageyards.view.New","viewId":"application-manageyards-display-component---NewYard","bindingPath":{"path":"","propertyPath":"/SALES_AREA_VTWEG","modelName":"NewYardModel"},"interaction":{"idSuffix":"inner"}},"wdio_ui5_key":"etmportal.ui.manageyards.view.Newsap.m.Input{\"path\":\"\",\"propertyPath\":\"/SALES_AREA_VTWEG\",\"modelName\":\"NewYardModel\"}"}]}
RESULT: {"script":"<script> [1562 bytes]","args":[{"selector":{"controlType":"sap.m.Input","viewName":"etm.portal.ui.manageyards.view.New","viewId":"application-manageyards-display-component---NewYard","bindingPath":{"path":"","propertyPath":"/SALES_AREA_VTWEG","modelName":"NewYardModel"},"interaction":{"idSuffix":"inner"}},"wdio_ui5_key":"etmportal.ui.manageyards.view.Newsap.m.Input{\"path\":\"\",\"propertyPath\":\"/SALES_AREA_VTWEG\",\"modelName\":\"NewYardModel\"}"}]}
RESULT: undefined
COMMAND: POST /session/4782f8729a76edfdb31ae021f37f4e15/execute/async - {"script":"<script> [776 bytes]","args":[{"enterText":"C2","selector":{"controlType":"sap.m.Input","viewName":"etm.portal.ui.manageyards.view.New","viewId":"application-manageyards-display-component---NewYard","bindingPath":{"path":"","propertyPath":"/SALES_AREA_VTWEG","modelName":"NewYardModel"},"interaction":{"idSuffix":"inner"}},"clearTextFirst":true,"interactionType":"ENTER_TEXT"}]}
RESULT: {"script":"<script> [776 bytes]","args":[{"enterText":"C2","selector":{"controlType":"sap.m.Input","viewName":"etm.portal.ui.manageyards.view.New","viewId":"application-manageyards-display-component---NewYard","bindingPath":{"path":"","propertyPath":"/SALES_AREA_VTWEG","modelName":"NewYardModel"},"interaction":{"idSuffix":"inner"}},"clearTextFirst":true,"interactionType":"ENTER_TEXT"}]}
COMMAND: POST /session/4782f8729a76edfdb31ae021f37f4e15/execute/async - {"script":"<script> [1562 bytes]","args":[{"selector":{"controlType":"sap.m.Input","viewName":"etm.portal.ui.manageyards.view.New","viewId":"application-manageyards-display-component---NewYard","bindingPath":{"path":"","propertyPath":"/SALES_AREA_SPART","modelName":"NewYardModel"},"interaction":{"idSuffix":"inner"}},"wdio_ui5_key":"etmportal.ui.manageyards.view.Newsap.m.Input{\"path\":\"\",\"propertyPath\":\"/SALES_AREA_SPART\",\"modelName\":\"NewYardModel\"}"}]}
RESULT: {"script":"<script> [1562 bytes]","args":[{"selector":{"controlType":"sap.m.Input","viewName":"etm.portal.ui.manageyards.view.New","viewId":"application-manageyards-display-component---NewYard","bindingPath":{"path":"","propertyPath":"/SALES_AREA_SPART","modelName":"NewYardModel"},"interaction":{"idSuffix":"inner"}},"wdio_ui5_key":"etmportal.ui.manageyards.view.Newsap.m.Input{\"path\":\"\",\"propertyPath\":\"/SALES_AREA_SPART\",\"modelName\":\"NewYardModel\"}"}]}
RESULT: undefined
COMMAND: POST /session/4782f8729a76edfdb31ae021f37f4e15/execute/async - {"script":"<script> [776 bytes]","args":[{"enterText":"C2","selector":{"controlType":"sap.m.Input","viewName":"etm.portal.ui.manageyards.view.New","viewId":"application-manageyards-display-component---NewYard","bindingPath":{"path":"","propertyPath":"/SALES_AREA_SPART","modelName":"NewYardModel"},"interaction":{"idSuffix":"inner"}},"clearTextFirst":true,"interactionType":"ENTER_TEXT"}]}
RESULT: {"script":"<script> [776 bytes]","args":[{"enterText":"C2","selector":{"controlType":"sap.m.Input","viewName":"etm.portal.ui.manageyards.view.New","viewId":"application-manageyards-display-component---NewYard","bindingPath":{"path":"","propertyPath":"/SALES_AREA_SPART","modelName":"NewYardModel"},"interaction":{"idSuffix":"inner"}},"clearTextFirst":true,"interactionType":"ENTER_TEXT"}]}
COMMAND: POST /session/4782f8729a76edfdb31ae021f37f4e15/execute/async - {"script":"<script> [1562 bytes]","args":[{"selector":{"controlType":"sap.m.Input","viewName":"etm.portal.ui.manageyards.view.New","viewId":"application-manageyards-display-component---NewYard","bindingPath":{"path":"","propertyPath":"/SHIP_POINT","modelName":"NewYardModel"},"interaction":{"idSuffix":"inner"}},"wdio_ui5_key":"etmportal.ui.manageyards.view.Newsap.m.Input{\"path\":\"\",\"propertyPath\":\"/SHIP_POINT\",\"modelName\":\"NewYardModel\"}"}]}
RESULT: {"script":"<script> [1562 bytes]","args":[{"selector":{"controlType":"sap.m.Input","viewName":"etm.portal.ui.manageyards.view.New","viewId":"application-manageyards-display-component---NewYard","bindingPath":{"path":"","propertyPath":"/SHIP_POINT","modelName":"NewYardModel"},"interaction":{"idSuffix":"inner"}},"wdio_ui5_key":"etmportal.ui.manageyards.view.Newsap.m.Input{\"path\":\"\",\"propertyPath\":\"/SHIP_POINT\",\"modelName\":\"NewYardModel\"}"}]}
RESULT: undefined
COMMAND: POST /session/4782f8729a76edfdb31ae021f37f4e15/execute/async - {"script":"<script> [776 bytes]","args":[{"enterText":"1710","selector":{"controlType":"sap.m.Input","viewName":"etm.portal.ui.manageyards.view.New","viewId":"application-manageyards-display-component---NewYard","bindingPath":{"path":"","propertyPath":"/SHIP_POINT","modelName":"NewYardModel"},"interaction":{"idSuffix":"inner"}},"clearTextFirst":true,"interactionType":"ENTER_TEXT"}]}
RESULT: {"script":"<script> [776 bytes]","args":[{"enterText":"1710","selector":{"controlType":"sap.m.Input","viewName":"etm.portal.ui.manageyards.view.New","viewId":"application-manageyards-display-component---NewYard","bindingPath":{"path":"","propertyPath":"/SHIP_POINT","modelName":"NewYardModel"},"interaction":{"idSuffix":"inner"}},"clearTextFirst":true,"interactionType":"ENTER_TEXT"}]}
COMMAND: POST /session/4782f8729a76edfdb31ae021f37f4e15/execute/async - {"script":"<script> [1562 bytes]","args":[{"selector":{"controlType":"sap.m.Input","viewName":"etm.portal.ui.manageyards.view.New","viewId":"application-manageyards-display-component---NewYard","bindingPath":{"path":"","propertyPath":"/DELIVERY_TYPE","modelName":"NewYardModel"},"interaction":{"idSuffix":"inner"}},"wdio_ui5_key":"etmportal.ui.manageyards.view.Newsap.m.Input{\"path\":\"\",\"propertyPath\":\"/DELIVERY_TYPE\",\"modelName\":\"NewYardModel\"}"}]}
RESULT: {"script":"<script> [1562 bytes]","args":[{"selector":{"controlType":"sap.m.Input","viewName":"etm.portal.ui.manageyards.view.New","viewId":"application-manageyards-display-component---NewYard","bindingPath":{"path":"","propertyPath":"/DELIVERY_TYPE","modelName":"NewYardModel"},"interaction":{"idSuffix":"inner"}},"wdio_ui5_key":"etmportal.ui.manageyards.view.Newsap.m.Input{\"path\":\"\",\"propertyPath\":\"/DELIVERY_TYPE\",\"modelName\":\"NewYardModel\"}"}]}
RESULT: undefined
COMMAND: POST /session/4782f8729a76edfdb31ae021f37f4e15/execute/async - {"script":"<script> [776 bytes]","args":[{"enterText":"ZL01","selector":{"controlType":"sap.m.Input","viewName":"etm.portal.ui.manageyards.view.New","viewId":"application-manageyards-display-component---NewYard","bindingPath":{"path":"","propertyPath":"/DELIVERY_TYPE","modelName":"NewYardModel"},"interaction":{"idSuffix":"inner"}},"clearTextFirst":true,"interactionType":"ENTER_TEXT"}]}
RESULT: {"script":"<script> [776 bytes]","args":[{"enterText":"ZL01","selector":{"controlType":"sap.m.Input","viewName":"etm.portal.ui.manageyards.view.New","viewId":"application-manageyards-display-component---NewYard","bindingPath":{"path":"","propertyPath":"/DELIVERY_TYPE","modelName":"NewYardModel"},"interaction":{"idSuffix":"inner"}},"clearTextFirst":true,"interactionType":"ENTER_TEXT"}]}
COMMAND: POST /session/4782f8729a76edfdb31ae021f37f4e15/execute/async - {"script":"<script> [1562 bytes]","args":[{"selector":{"controlType":"sap.m.Input","viewName":"etm.portal.ui.manageyards.view.New","viewId":"application-manageyards-display-component---NewYard","bindingPath":{"path":"","propertyPath":"/AUART","modelName":"NewYardModel"},"interaction":{"idSuffix":"inner"}},"wdio_ui5_key":"etmportal.ui.manageyards.view.Newsap.m.Input{\"path\":\"\",\"propertyPath\":\"/AUART\",\"modelName\":\"NewYardModel\"}"}]}
RESULT: {"script":"<script> [1562 bytes]","args":[{"selector":{"controlType":"sap.m.Input","viewName":"etm.portal.ui.manageyards.view.New","viewId":"application-manageyards-display-component---NewYard","bindingPath":{"path":"","propertyPath":"/AUART","modelName":"NewYardModel"},"interaction":{"idSuffix":"inner"}},"wdio_ui5_key":"etmportal.ui.manageyards.view.Newsap.m.Input{\"path\":\"\",\"propertyPath\":\"/AUART\",\"modelName\":\"NewYardModel\"}"}]}
RESULT: undefined
COMMAND: POST /session/4782f8729a76edfdb31ae021f37f4e15/execute/async - {"script":"<script> [776 bytes]","args":[{"enterText":"TA","selector":{"controlType":"sap.m.Input","viewName":"etm.portal.ui.manageyards.view.New","viewId":"application-manageyards-display-component---NewYard","bindingPath":{"path":"","propertyPath":"/AUART","modelName":"NewYardModel"},"interaction":{"idSuffix":"inner"}},"clearTextFirst":true,"interactionType":"ENTER_TEXT"}]}
RESULT: {"script":"<script> [776 bytes]","args":[{"enterText":"TA","selector":{"controlType":"sap.m.Input","viewName":"etm.portal.ui.manageyards.view.New","viewId":"application-manageyards-display-component---NewYard","bindingPath":{"path":"","propertyPath":"/AUART","modelName":"NewYardModel"},"interaction":{"idSuffix":"inner"}},"clearTextFirst":true,"interactionType":"ENTER_TEXT"}]}
COMMAND: POST /session/4782f8729a76edfdb31ae021f37f4e15/element - {"using":"xpath","value":"//button[@data-kt=\"newYardSaveButton\"]"}
RESULT: {"using":"xpath","value":"//button[@data-kt=\"newYardSaveButton\"]"}
COMMAND: POST /session/4782f8729a76edfdb31ae021f37f4e15/element/f.47FBE749F50BBE52AFAC717F22AEC391.d.8ABC56D6DB07F6653C050E213083D3C4.e.576/click - {}
RESULT: {}
COMMAND: GET /session/4782f8729a76edfdb31ae021f37f4e15/screenshot - {}
RESULT: {}
COMMAND: POST /session/4782f8729a76edfdb31ae021f37f4e15/element - {"using":"xpath","value":"//header[contains(@id, 'ObjectPageLayout-headerTitle')]/div[1]/div[2]/div[1]/span[1]"}
RESULT: {"using":"xpath","value":"//header[contains(@id, 'ObjectPageLayout-headerTitle')]/div[1]/div[2]/div[1]/span[1]"}
COMMAND: POST /session/4782f8729a76edfdb31ae021f37f4e15/elements - {"using":"xpath","value":"//header[contains(@id, 'ObjectPageLayout-headerTitle')]/div[1]/div[2]/div[1]/span[1]"}
RESULT: {"using":"xpath","value":"//header[contains(@id, 'ObjectPageLayout-headerTitle')]/div[1]/div[2]/div[1]/span[1]"}
COMMAND: POST /session/4782f8729a76edfdb31ae021f37f4e15/execute/sync - {"script":"<script> [56 bytes]","args":[{"element-6066-11e4-a52e-4f735466cecf":"f.47FBE749F50BBE52AFAC717F22AEC391.d.8ABC56D6DB07F6653C050E213083D3C4.e.863","ELEMENT":"f.47FBE749F50BBE52AFAC717F22AEC391.d.8ABC56D6DB07F6653C050E213083D3C4.e.863"}]}
RESULT: {"script":"<script> [56 bytes]","args":[{"element-6066-11e4-a52e-4f735466cecf":"f.47FBE749F50BBE52AFAC717F22AEC391.d.8ABC56D6DB07F6653C050E213083D3C4.e.863","ELEMENT":"f.47FBE749F50BBE52AFAC717F22AEC391.d.8ABC56D6DB07F6653C050E213083D3C4.e.863"}]}
COMMAND: GET /session/4782f8729a76edfdb31ae021f37f4e15/screenshot - {}
RESULT: {}
COMMAND: POST /session/4782f8729a76edfdb31ae021f37f4e15/element - {"using":"css selector","value":"#shell-header-logo"}
RESULT: {"using":"css selector","value":"#shell-header-logo"}
COMMAND: POST /session/4782f8729a76edfdb31ae021f37f4e15/element/f.47FBE749F50BBE52AFAC717F22AEC391.d.8ABC56D6DB07F6653C050E213083D3C4.e.152/click - {}
RESULT: {}
COMMAND: GET /session/4782f8729a76edfdb31ae021f37f4e15/screenshot - {}
RESULT: {}
]]></system-out>
    </testcase>
    <testcase classname="chrome.135_0_7049_42.windows.Create_condition_pricing_US117289_US134625" name="Should create a new equipment used for all following tests" time="126.844">
      <system-out><![CDATA[
COMMAND: POST /session/4782f8729a76edfdb31ae021f37f4e15/execute/async - {"script":"<script> [1562 bytes]","args":[{"selector":{"controlType":"sap.m.GenericTile","properties":{"header":"Manage Resources"}},"wdio_ui5_key":"sapm.GenericTile{\"header\":\"Manage Resources\"}"}]}
RESULT: {"script":"<script> [1562 bytes]","args":[{"selector":{"controlType":"sap.m.GenericTile","properties":{"header":"Manage Resources"}},"wdio_ui5_key":"sapm.GenericTile{\"header\":\"Manage Resources\"}"}]}
RESULT: undefined
COMMAND: POST /session/4782f8729a76edfdb31ae021f37f4e15/element - {"using":"xpath","value":"//*[@id=\"__tile39\"]"}
RESULT: {"using":"xpath","value":"//*[@id=\"__tile39\"]"}
COMMAND: POST /session/4782f8729a76edfdb31ae021f37f4e15/element/f.47FBE749F50BBE52AFAC717F22AEC391.d.8ABC56D6DB07F6653C050E213083D3C4.e.866/click - {}
RESULT: {}
COMMAND: POST /session/4782f8729a76edfdb31ae021f37f4e15/element - {"using":"xpath","value":"//button[@data-kt=\"addNewRUOverflowToolbarButton\"]"}
COMMAND: GET /session/4782f8729a76edfdb31ae021f37f4e15/screenshot - {}
RESULT: {"using":"xpath","value":"//button[@data-kt=\"addNewRUOverflowToolbarButton\"]"}
COMMAND: POST /session/4782f8729a76edfdb31ae021f37f4e15/elements - {"using":"xpath","value":"//button[@data-kt=\"addNewRUOverflowToolbarButton\"]"}
RESULT: {}
RESULT: {"using":"xpath","value":"//button[@data-kt=\"addNewRUOverflowToolbarButton\"]"}
COMMAND: POST /session/4782f8729a76edfdb31ae021f37f4e15/elements - {"using":"xpath","value":"//button[@data-kt=\"addNewRUOverflowToolbarButton\"]"}
RESULT: {"using":"xpath","value":"//button[@data-kt=\"addNewRUOverflowToolbarButton\"]"}
COMMAND: POST /session/4782f8729a76edfdb31ae021f37f4e15/elements - {"using":"xpath","value":"//button[@data-kt=\"addNewRUOverflowToolbarButton\"]"}
RESULT: {"using":"xpath","value":"//button[@data-kt=\"addNewRUOverflowToolbarButton\"]"}
COMMAND: POST /session/4782f8729a76edfdb31ae021f37f4e15/elements - {"using":"xpath","value":"//button[@data-kt=\"addNewRUOverflowToolbarButton\"]"}
RESULT: undefined
RESULT: undefined
RESULT: {"using":"xpath","value":"//button[@data-kt=\"addNewRUOverflowToolbarButton\"]"}
COMMAND: POST /session/4782f8729a76edfdb31ae021f37f4e15/elements - {"using":"xpath","value":"//button[@data-kt=\"addNewRUOverflowToolbarButton\"]"}
RESULT: {"using":"xpath","value":"//button[@data-kt=\"addNewRUOverflowToolbarButton\"]"}
COMMAND: POST /session/4782f8729a76edfdb31ae021f37f4e15/element - {"using":"xpath","value":"//button[@data-kt=\"addNewRUOverflowToolbarButton\"]"}
RESULT: {"using":"xpath","value":"//button[@data-kt=\"addNewRUOverflowToolbarButton\"]"}
COMMAND: POST /session/4782f8729a76edfdb31ae021f37f4e15/execute/sync - {"script":"<script> [8489 bytes]","args":[{"element-6066-11e4-a52e-4f735466cecf":"f.47FBE749F50BBE52AFAC717F22AEC391.d.8ABC56D6DB07F6653C050E213083D3C4.e.908","ELEMENT":"f.47FBE749F50BBE52AFAC717F22AEC391.d.8ABC56D6DB07F6653C050E213083D3C4.e.908"}]}
RESULT: {"script":"<script> [8489 bytes]","args":[{"element-6066-11e4-a52e-4f735466cecf":"f.47FBE749F50BBE52AFAC717F22AEC391.d.8ABC56D6DB07F6653C050E213083D3C4.e.908","ELEMENT":"f.47FBE749F50BBE52AFAC717F22AEC391.d.8ABC56D6DB07F6653C050E213083D3C4.e.908"}]}
COMMAND: GET /session/4782f8729a76edfdb31ae021f37f4e15/element/f.47FBE749F50BBE52AFAC717F22AEC391.d.8ABC56D6DB07F6653C050E213083D3C4.e.908/enabled - {}
COMMAND: GET /session/4782f8729a76edfdb31ae021f37f4e15/screenshot - {}
RESULT: {}
COMMAND: POST /session/4782f8729a76edfdb31ae021f37f4e15/execute/sync - {"script":"<script> [8489 bytes]","args":[{"element-6066-11e4-a52e-4f735466cecf":"f.47FBE749F50BBE52AFAC717F22AEC391.d.8ABC56D6DB07F6653C050E213083D3C4.e.908","ELEMENT":"f.47FBE749F50BBE52AFAC717F22AEC391.d.8ABC56D6DB07F6653C050E213083D3C4.e.908"}]}
COMMAND: GET /session/4782f8729a76edfdb31ae021f37f4e15/screenshot - {}
RESULT: {}
RESULT: {"script":"<script> [8489 bytes]","args":[{"element-6066-11e4-a52e-4f735466cecf":"f.47FBE749F50BBE52AFAC717F22AEC391.d.8ABC56D6DB07F6653C050E213083D3C4.e.908","ELEMENT":"f.47FBE749F50BBE52AFAC717F22AEC391.d.8ABC56D6DB07F6653C050E213083D3C4.e.908"}]}
COMMAND: POST /session/4782f8729a76edfdb31ae021f37f4e15/execute/sync - {"script":"<script> [5351 bytes]","args":[{"element-6066-11e4-a52e-4f735466cecf":"f.47FBE749F50BBE52AFAC717F22AEC391.d.8ABC56D6DB07F6653C050E213083D3C4.e.908","ELEMENT":"f.47FBE749F50BBE52AFAC717F22AEC391.d.8ABC56D6DB07F6653C050E213083D3C4.e.908"}]}
COMMAND: GET /session/4782f8729a76edfdb31ae021f37f4e15/screenshot - {}
RESULT: {}
RESULT: {"script":"<script> [5351 bytes]","args":[{"element-6066-11e4-a52e-4f735466cecf":"f.47FBE749F50BBE52AFAC717F22AEC391.d.8ABC56D6DB07F6653C050E213083D3C4.e.908","ELEMENT":"f.47FBE749F50BBE52AFAC717F22AEC391.d.8ABC56D6DB07F6653C050E213083D3C4.e.908"}]}
COMMAND: POST /session/4782f8729a76edfdb31ae021f37f4e15/element/f.47FBE749F50BBE52AFAC717F22AEC391.d.8ABC56D6DB07F6653C050E213083D3C4.e.908/click - {}
COMMAND: GET /session/4782f8729a76edfdb31ae021f37f4e15/screenshot - {}
RESULT: {}
RESULT: {}
COMMAND: GET /session/4782f8729a76edfdb31ae021f37f4e15/screenshot - {}
COMMAND: POST /session/4782f8729a76edfdb31ae021f37f4e15/execute/async - {"script":"<script> [1562 bytes]","args":[{"selector":{"id":"application-manageresources-display-component---newResourceUnit--TYPE-arrow"},"wdio_ui5_key":"applicationmanageresources-display-component---newResourceUnit--TYPE-arrow"}]}
RESULT: {}
RESULT: {}
RESULT: {"script":"<script> [1562 bytes]","args":[{"selector":{"id":"application-manageresources-display-component---newResourceUnit--TYPE-arrow"},"wdio_ui5_key":"applicationmanageresources-display-component---newResourceUnit--TYPE-arrow"}]}
RESULT: undefined
COMMAND: POST /session/4782f8729a76edfdb31ae021f37f4e15/element - {"using":"xpath","value":"//*[@id=\"application-manageresources-display-component---newResourceUnit--TYPE-arrow\"]"}
RESULT: {"using":"xpath","value":"//*[@id=\"application-manageresources-display-component---newResourceUnit--TYPE-arrow\"]"}
COMMAND: POST /session/4782f8729a76edfdb31ae021f37f4e15/element/f.47FBE749F50BBE52AFAC717F22AEC391.d.8ABC56D6DB07F6653C050E213083D3C4.e.1260/click - {}
RESULT: {}
COMMAND: POST /session/4782f8729a76edfdb31ae021f37f4e15/element - {"using":"xpath","value":"//input[@id=\"application-manageresources-display-component---newResourceUnit--TYPE-inner\"]"}
COMMAND: GET /session/4782f8729a76edfdb31ae021f37f4e15/screenshot - {}
RESULT: {"using":"xpath","value":"//input[@id=\"application-manageresources-display-component---newResourceUnit--TYPE-inner\"]"}
COMMAND: POST /session/4782f8729a76edfdb31ae021f37f4e15/element/f.47FBE749F50BBE52AFAC717F22AEC391.d.8ABC56D6DB07F6653C050E213083D3C4.e.1254/clear - {}
RESULT: {}
RESULT: {}
COMMAND: POST /session/4782f8729a76edfdb31ae021f37f4e15/element/f.47FBE749F50BBE52AFAC717F22AEC391.d.8ABC56D6DB07F6653C050E213083D3C4.e.1254/value - {"text":"Equipment"}
COMMAND: GET /session/4782f8729a76edfdb31ae021f37f4e15/screenshot - {}
RESULT: {"text":"Equipment"}
COMMAND: GET /session/4782f8729a76edfdb31ae021f37f4e15/screenshot - {}
RESULT: {}
RESULT: {}
COMMAND: POST /session/4782f8729a76edfdb31ae021f37f4e15/actions - {"actions":[{"id":"action2","type":"key","parameters":{},"actions":[{"type":"keyDown","value":""},{"type":"pause","duration":10},{"type":"keyUp","value":""}]}]}
RESULT: {"actions":[{"id":"action2","type":"key","parameters":{},"actions":[{"type":"keyDown","value":""},{"type":"pause","duration":10},{"type":"keyUp","value":""}]}]}
COMMAND: POST /session/4782f8729a76edfdb31ae021f37f4e15/execute/async - {"script":"<script> [1562 bytes]","args":[{"selector":{"id":"application-manageresources-display-component---newResourceUnit--resourceId","interaction":{"idSuffix":"inner"}},"wdio_ui5_key":"applicationmanageresources-display-component---newResourceUnit--resourceId"}]}
COMMAND: GET /session/4782f8729a76edfdb31ae021f37f4e15/screenshot - {}
RESULT: {"script":"<script> [1562 bytes]","args":[{"selector":{"id":"application-manageresources-display-component---newResourceUnit--resourceId","interaction":{"idSuffix":"inner"}},"wdio_ui5_key":"applicationmanageresources-display-component---newResourceUnit--resourceId"}]}
RESULT: undefined
COMMAND: POST /session/4782f8729a76edfdb31ae021f37f4e15/execute/async - {"script":"<script> [776 bytes]","args":[{"enterText":"UAApCEsY8n","selector":{"id":"application-manageresources-display-component---newResourceUnit--resourceId","interaction":{"idSuffix":"inner"}},"clearTextFirst":true,"interactionType":"ENTER_TEXT"}]}
RESULT: {}
RESULT: {"script":"<script> [776 bytes]","args":[{"enterText":"UAApCEsY8n","selector":{"id":"application-manageresources-display-component---newResourceUnit--resourceId","interaction":{"idSuffix":"inner"}},"clearTextFirst":true,"interactionType":"ENTER_TEXT"}]}
COMMAND: POST /session/4782f8729a76edfdb31ae021f37f4e15/execute/async - {"script":"<script> [1562 bytes]","args":[{"selector":{"id":"application-manageresources-display-component---newResourceUnit--SHORT_TEXT","interaction":{"idSuffix":"inner"}},"wdio_ui5_key":"applicationmanageresources-display-component---newResourceUnit--SHORT_TEXT"}]}
RESULT: {"script":"<script> [1562 bytes]","args":[{"selector":{"id":"application-manageresources-display-component---newResourceUnit--SHORT_TEXT","interaction":{"idSuffix":"inner"}},"wdio_ui5_key":"applicationmanageresources-display-component---newResourceUnit--SHORT_TEXT"}]}
RESULT: undefined
COMMAND: POST /session/4782f8729a76edfdb31ae021f37f4e15/execute/async - {"script":"<script> [776 bytes]","args":[{"enterText":"Intercompany Equipment WDIO","selector":{"id":"application-manageresources-display-component---newResourceUnit--SHORT_TEXT","interaction":{"idSuffix":"inner"}},"clearTextFirst":true,"interactionType":"ENTER_TEXT"}]}
RESULT: {"script":"<script> [776 bytes]","args":[{"enterText":"Intercompany Equipment WDIO","selector":{"id":"application-manageresources-display-component---newResourceUnit--SHORT_TEXT","interaction":{"idSuffix":"inner"}},"clearTextFirst":true,"interactionType":"ENTER_TEXT"}]}
COMMAND: POST /session/4782f8729a76edfdb31ae021f37f4e15/execute/async - {"script":"<script> [1562 bytes]","args":[{"selector":{"id":"application-manageresources-display-component---newResourceUnit--BASE_UNIT_OF_MEASURE","interaction":{"idSuffix":"inner"}},"wdio_ui5_key":"applicationmanageresources-display-component---newResourceUnit--BASE_UNIT_OF_MEASURE"}]}
RESULT: {"script":"<script> [1562 bytes]","args":[{"selector":{"id":"application-manageresources-display-component---newResourceUnit--BASE_UNIT_OF_MEASURE","interaction":{"idSuffix":"inner"}},"wdio_ui5_key":"applicationmanageresources-display-component---newResourceUnit--BASE_UNIT_OF_MEASURE"}]}
RESULT: undefined
COMMAND: POST /session/4782f8729a76edfdb31ae021f37f4e15/execute/async - {"script":"<script> [776 bytes]","args":[{"enterText":"Piece","selector":{"id":"application-manageresources-display-component---newResourceUnit--BASE_UNIT_OF_MEASURE","interaction":{"idSuffix":"inner"}},"clearTextFirst":true,"interactionType":"ENTER_TEXT"}]}
RESULT: {"script":"<script> [776 bytes]","args":[{"enterText":"Piece","selector":{"id":"application-manageresources-display-component---newResourceUnit--BASE_UNIT_OF_MEASURE","interaction":{"idSuffix":"inner"}},"clearTextFirst":true,"interactionType":"ENTER_TEXT"}]}
COMMAND: POST /session/4782f8729a76edfdb31ae021f37f4e15/execute/async - {"script":"<script> [1562 bytes]","args":[{"selector":{"id":"application-manageresources-display-component---newResourceUnit--WEIGHT_UNIT","interaction":{"idSuffix":"inner"}},"wdio_ui5_key":"applicationmanageresources-display-component---newResourceUnit--WEIGHT_UNIT"}]}
RESULT: {"script":"<script> [1562 bytes]","args":[{"selector":{"id":"application-manageresources-display-component---newResourceUnit--WEIGHT_UNIT","interaction":{"idSuffix":"inner"}},"wdio_ui5_key":"applicationmanageresources-display-component---newResourceUnit--WEIGHT_UNIT"}]}
RESULT: undefined
COMMAND: POST /session/4782f8729a76edfdb31ae021f37f4e15/execute/async - {"script":"<script> [776 bytes]","args":[{"enterText":"Gram","selector":{"id":"application-manageresources-display-component---newResourceUnit--WEIGHT_UNIT","interaction":{"idSuffix":"inner"}},"clearTextFirst":true,"interactionType":"ENTER_TEXT"}]}
RESULT: {"script":"<script> [776 bytes]","args":[{"enterText":"Gram","selector":{"id":"application-manageresources-display-component---newResourceUnit--WEIGHT_UNIT","interaction":{"idSuffix":"inner"}},"clearTextFirst":true,"interactionType":"ENTER_TEXT"}]}
COMMAND: POST /session/4782f8729a76edfdb31ae021f37f4e15/execute/async - {"script":"<script> [1562 bytes]","args":[{"selector":{"id":"application-manageresources-display-component---newResourceUnit--DIMENSION_UNIT","interaction":{"idSuffix":"inner"}},"wdio_ui5_key":"applicationmanageresources-display-component---newResourceUnit--DIMENSION_UNIT"}]}
RESULT: {"script":"<script> [1562 bytes]","args":[{"selector":{"id":"application-manageresources-display-component---newResourceUnit--DIMENSION_UNIT","interaction":{"idSuffix":"inner"}},"wdio_ui5_key":"applicationmanageresources-display-component---newResourceUnit--DIMENSION_UNIT"}]}
RESULT: undefined
COMMAND: POST /session/4782f8729a76edfdb31ae021f37f4e15/execute/async - {"script":"<script> [776 bytes]","args":[{"enterText":"Meter","selector":{"id":"application-manageresources-display-component---newResourceUnit--DIMENSION_UNIT","interaction":{"idSuffix":"inner"}},"clearTextFirst":true,"interactionType":"ENTER_TEXT"}]}
RESULT: {"script":"<script> [776 bytes]","args":[{"enterText":"Meter","selector":{"id":"application-manageresources-display-component---newResourceUnit--DIMENSION_UNIT","interaction":{"idSuffix":"inner"}},"clearTextFirst":true,"interactionType":"ENTER_TEXT"}]}
COMMAND: POST /session/4782f8729a76edfdb31ae021f37f4e15/execute/async - {"script":"<script> [1562 bytes]","args":[{"selector":{"id":"application-manageresources-display-component---newResourceUnit--newRRUPage-anchBar-application-manageresources-display-component---newResourceUnit--control-anchor","interaction":{"idSuffix":"BDI-content"}},"wdio_ui5_key":"applicationmanageresources-display-component---newResourceUnit--newRRUPage-anchBar-application-manageresources-display-component---newResourceUnit--control-anchor"}]}
RESULT: {"script":"<script> [1562 bytes]","args":[{"selector":{"id":"application-manageresources-display-component---newResourceUnit--newRRUPage-anchBar-application-manageresources-display-component---newResourceUnit--control-anchor","interaction":{"idSuffix":"BDI-content"}},"wdio_ui5_key":"applicationmanageresources-display-component---newResourceUnit--newRRUPage-anchBar-application-manageresources-display-component---newResourceUnit--control-anchor"}]}
RESULT: undefined
COMMAND: POST /session/4782f8729a76edfdb31ae021f37f4e15/element - {"using":"xpath","value":"//*[@id=\"application-manageresources-display-component---newResourceUnit--newRRUPage-anchBar-application-manageresources-display-component---newResourceUnit--control-anchor\"]"}
RESULT: {"using":"xpath","value":"//*[@id=\"application-manageresources-display-component---newResourceUnit--newRRUPage-anchBar-application-manageresources-display-component---newResourceUnit--control-anchor\"]"}
COMMAND: POST /session/4782f8729a76edfdb31ae021f37f4e15/element/f.47FBE749F50BBE52AFAC717F22AEC391.d.8ABC56D6DB07F6653C050E213083D3C4.e.1391/click - {}
RESULT: {}
COMMAND: POST /session/4782f8729a76edfdb31ae021f37f4e15/execute/async - {"script":"<script> [1562 bytes]","args":[{"selector":{"id":"application-manageresources-display-component---newResourceUnit--PLANNING_GROUP","interaction":{"idSuffix":"inner"}},"wdio_ui5_key":"applicationmanageresources-display-component---newResourceUnit--PLANNING_GROUP"}]}
COMMAND: GET /session/4782f8729a76edfdb31ae021f37f4e15/screenshot - {}
RESULT: {"script":"<script> [1562 bytes]","args":[{"selector":{"id":"application-manageresources-display-component---newResourceUnit--PLANNING_GROUP","interaction":{"idSuffix":"inner"}},"wdio_ui5_key":"applicationmanageresources-display-component---newResourceUnit--PLANNING_GROUP"}]}
RESULT: undefined
COMMAND: POST /session/4782f8729a76edfdb31ae021f37f4e15/execute/async - {"script":"<script> [776 bytes]","args":[{"enterText":"Heavy Equi","selector":{"id":"application-manageresources-display-component---newResourceUnit--PLANNING_GROUP","interaction":{"idSuffix":"inner"}},"clearTextFirst":true,"interactionType":"ENTER_TEXT"}]}
RESULT: {}
RESULT: {"script":"<script> [776 bytes]","args":[{"enterText":"Heavy Equi","selector":{"id":"application-manageresources-display-component---newResourceUnit--PLANNING_GROUP","interaction":{"idSuffix":"inner"}},"clearTextFirst":true,"interactionType":"ENTER_TEXT"}]}
COMMAND: POST /session/4782f8729a76edfdb31ae021f37f4e15/execute/async - {"script":"<script> [1562 bytes]","args":[{"selector":{"id":"application-manageresources-display-component---newResourceUnit--ITEM_TYPE-arrow"},"wdio_ui5_key":"applicationmanageresources-display-component---newResourceUnit--ITEM_TYPE-arrow"}]}
RESULT: {"script":"<script> [1562 bytes]","args":[{"selector":{"id":"application-manageresources-display-component---newResourceUnit--ITEM_TYPE-arrow"},"wdio_ui5_key":"applicationmanageresources-display-component---newResourceUnit--ITEM_TYPE-arrow"}]}
RESULT: undefined
COMMAND: POST /session/4782f8729a76edfdb31ae021f37f4e15/element - {"using":"xpath","value":"//*[@id=\"application-manageresources-display-component---newResourceUnit--ITEM_TYPE-arrow\"]"}
RESULT: {"using":"xpath","value":"//*[@id=\"application-manageresources-display-component---newResourceUnit--ITEM_TYPE-arrow\"]"}
COMMAND: POST /session/4782f8729a76edfdb31ae021f37f4e15/element/f.47FBE749F50BBE52AFAC717F22AEC391.d.8ABC56D6DB07F6653C050E213083D3C4.e.1398/click - {}
RESULT: {}
COMMAND: POST /session/4782f8729a76edfdb31ae021f37f4e15/element - {"using":"xpath","value":"(//span[contains(text(), \"Resource Unit\")])[2]"}
COMMAND: GET /session/4782f8729a76edfdb31ae021f37f4e15/screenshot - {}
RESULT: {"using":"xpath","value":"(//span[contains(text(), \"Resource Unit\")])[2]"}
COMMAND: POST /session/4782f8729a76edfdb31ae021f37f4e15/element/f.47FBE749F50BBE52AFAC717F22AEC391.d.8ABC56D6DB07F6653C050E213083D3C4.e.1399/click - {}
RESULT: {}
RESULT: {}
COMMAND: GET /session/4782f8729a76edfdb31ae021f37f4e15/screenshot - {}
RESULT: {}
COMMAND: POST /session/4782f8729a76edfdb31ae021f37f4e15/element - {"using":"css selector","value":"#application-manageresources-display-component---newResourceUnit--btnAddTimeSegment"}
RESULT: {"using":"css selector","value":"#application-manageresources-display-component---newResourceUnit--btnAddTimeSegment"}
COMMAND: GET /session/4782f8729a76edfdb31ae021f37f4e15/element/f.47FBE749F50BBE52AFAC717F22AEC391.d.8ABC56D6DB07F6653C050E213083D3C4.e.1400/rect - {}
RESULT: {}
COMMAND: GET /session/4782f8729a76edfdb31ae021f37f4e15/window/rect - {}
RESULT: {}
COMMAND: POST /session/4782f8729a76edfdb31ae021f37f4e15/execute/sync - {"script":"<script> [92 bytes]","args":[]}
RESULT: {"script":"<script> [92 bytes]","args":[]}
COMMAND: POST /session/4782f8729a76edfdb31ae021f37f4e15/actions - {"actions":[{"id":"action3","type":"wheel","parameters":{},"actions":[{"type":"scroll","x":-1888,"y":-32,"deltaX":0,"deltaY":0,"duration":0,"origin":{"element-6066-11e4-a52e-4f735466cecf":"f.47FBE749F50BBE52AFAC717F22AEC391.d.8ABC56D6DB07F6653C050E213083D3C4.e.1400"}}]}]}
COMMAND: GET /session/4782f8729a76edfdb31ae021f37f4e15/screenshot - {}
RESULT: {}
COMMAND: POST /session/4782f8729a76edfdb31ae021f37f4e15/execute/sync - {"script":"<script> [79 bytes]","args":[{"element-6066-11e4-a52e-4f735466cecf":"f.47FBE749F50BBE52AFAC717F22AEC391.d.8ABC56D6DB07F6653C050E213083D3C4.e.1400","ELEMENT":"f.47FBE749F50BBE52AFAC717F22AEC391.d.8ABC56D6DB07F6653C050E213083D3C4.e.1400"},{"block":"start","inline":"nearest"}]}
RESULT: {"script":"<script> [79 bytes]","args":[{"element-6066-11e4-a52e-4f735466cecf":"f.47FBE749F50BBE52AFAC717F22AEC391.d.8ABC56D6DB07F6653C050E213083D3C4.e.1400","ELEMENT":"f.47FBE749F50BBE52AFAC717F22AEC391.d.8ABC56D6DB07F6653C050E213083D3C4.e.1400"},{"block":"start","inline":"nearest"}]}
COMMAND: POST /session/4782f8729a76edfdb31ae021f37f4e15/execute/async - {"script":"<script> [1562 bytes]","args":[{"selector":{"id":"application-manageresources-display-component---newResourceUnit--btnAddTimeSegment","interaction":{"idSuffix":"inner"}},"wdio_ui5_key":"applicationmanageresources-display-component---newResourceUnit--btnAddTimeSegment"}]}
COMMAND: GET /session/4782f8729a76edfdb31ae021f37f4e15/screenshot - {}
RESULT: {"script":"<script> [1562 bytes]","args":[{"selector":{"id":"application-manageresources-display-component---newResourceUnit--btnAddTimeSegment","interaction":{"idSuffix":"inner"}},"wdio_ui5_key":"applicationmanageresources-display-component---newResourceUnit--btnAddTimeSegment"}]}
RESULT: undefined
COMMAND: POST /session/4782f8729a76edfdb31ae021f37f4e15/element - {"using":"xpath","value":"//*[@id=\"application-manageresources-display-component---newResourceUnit--btnAddTimeSegment\"]"}
RESULT: {}
RESULT: {"using":"xpath","value":"//*[@id=\"application-manageresources-display-component---newResourceUnit--btnAddTimeSegment\"]"}
COMMAND: POST /session/4782f8729a76edfdb31ae021f37f4e15/element/f.47FBE749F50BBE52AFAC717F22AEC391.d.8ABC56D6DB07F6653C050E213083D3C4.e.1400/click - {}
RESULT: {}
COMMAND: GET /session/4782f8729a76edfdb31ae021f37f4e15/screenshot - {}
RESULT: {}
COMMAND: POST /session/4782f8729a76edfdb31ae021f37f4e15/element - {"using":"xpath","value":"//input[@id=\"application-manageresources-display-component---newResourceUnit--idRuTSAdmin-application-manageresources-display-component---newResourceUnit--RUTimeSegment-0-inner\"]"}
RESULT: {"using":"xpath","value":"//input[@id=\"application-manageresources-display-component---newResourceUnit--idRuTSAdmin-application-manageresources-display-component---newResourceUnit--RUTimeSegment-0-inner\"]"}
COMMAND: POST /session/4782f8729a76edfdb31ae021f37f4e15/element/f.47FBE749F50BBE52AFAC717F22AEC391.d.8ABC56D6DB07F6653C050E213083D3C4.e.1406/clear - {}
RESULT: {}
COMMAND: POST /session/4782f8729a76edfdb31ae021f37f4e15/element/f.47FBE749F50BBE52AFAC717F22AEC391.d.8ABC56D6DB07F6653C050E213083D3C4.e.1406/value - {"text":"190"}
COMMAND: GET /session/4782f8729a76edfdb31ae021f37f4e15/screenshot - {}
RESULT: {"text":"190"}
COMMAND: GET /session/4782f8729a76edfdb31ae021f37f4e15/screenshot - {}
RESULT: {}
RESULT: {}
COMMAND: POST /session/4782f8729a76edfdb31ae021f37f4e15/element - {"using":"xpath","value":"//li[.//span[text()='190']]"}
RESULT: {"using":"xpath","value":"//li[.//span[text()='190']]"}
COMMAND: POST /session/4782f8729a76edfdb31ae021f37f4e15/element/f.47FBE749F50BBE52AFAC717F22AEC391.d.8ABC56D6DB07F6653C050E213083D3C4.e.1417/click - {}
RESULT: {}
COMMAND: GET /session/4782f8729a76edfdb31ae021f37f4e15/screenshot - {}
RESULT: {}
COMMAND: POST /session/4782f8729a76edfdb31ae021f37f4e15/element - {"using":"xpath","value":"(//span[contains(@id, \"-application-manageresources-display-component---newResourceUnit--RUTimeSegment-0-arrow\")])[6]"}
RESULT: {"using":"xpath","value":"(//span[contains(@id, \"-application-manageresources-display-component---newResourceUnit--RUTimeSegment-0-arrow\")])[6]"}
COMMAND: POST /session/4782f8729a76edfdb31ae021f37f4e15/element/f.47FBE749F50BBE52AFAC717F22AEC391.d.8ABC56D6DB07F6653C050E213083D3C4.e.1418/click - {}
RESULT: {}
COMMAND: POST /session/4782f8729a76edfdb31ae021f37f4e15/element - {"using":"xpath","value":"//span[contains(text(), \"PM Order\")]"}
COMMAND: GET /session/4782f8729a76edfdb31ae021f37f4e15/screenshot - {}
RESULT: {"using":"xpath","value":"//span[contains(text(), \"PM Order\")]"}
COMMAND: POST /session/4782f8729a76edfdb31ae021f37f4e15/element/f.47FBE749F50BBE52AFAC717F22AEC391.d.8ABC56D6DB07F6653C050E213083D3C4.e.1421/click - {}
RESULT: {}
RESULT: {}
COMMAND: GET /session/4782f8729a76edfdb31ae021f37f4e15/screenshot - {}
RESULT: {}
COMMAND: POST /session/4782f8729a76edfdb31ae021f37f4e15/element - {"using":"xpath","value":"(//span[contains(@id ,\"manageresources-display-component---newResourceUnit--RUTimeSegment-0-vhi\")])[2]"}
RESULT: {"using":"xpath","value":"(//span[contains(@id ,\"manageresources-display-component---newResourceUnit--RUTimeSegment-0-vhi\")])[2]"}
COMMAND: POST /session/4782f8729a76edfdb31ae021f37f4e15/element/f.47FBE749F50BBE52AFAC717F22AEC391.d.8ABC56D6DB07F6653C050E213083D3C4.e.1424/click - {}
RESULT: {}
COMMAND: GET /session/4782f8729a76edfdb31ae021f37f4e15/screenshot - {}
RESULT: {}
RESULT: undefined
COMMAND: POST /session/4782f8729a76edfdb31ae021f37f4e15/execute/async - {"script":"<script> [776 bytes]","args":[{"enterText":"4000360","selector":{"controlType":"sap.m.SearchField","properties":{"placeholder":"Search"},"searchOpenDialogs":true,"interaction":{"idSuffix":"I"}},"clearTextFirst":true,"interactionType":"ENTER_TEXT"}]}
RESULT: {"script":"<script> [776 bytes]","args":[{"enterText":"4000360","selector":{"controlType":"sap.m.SearchField","properties":{"placeholder":"Search"},"searchOpenDialogs":true,"interaction":{"idSuffix":"I"}},"clearTextFirst":true,"interactionType":"ENTER_TEXT"}]}
COMMAND: POST /session/4782f8729a76edfdb31ae021f37f4e15/actions - {"actions":[{"id":"action4","type":"key","parameters":{},"actions":[{"type":"keyDown","value":""},{"type":"pause","duration":10},{"type":"keyUp","value":""}]}]}
RESULT: {"actions":[{"id":"action4","type":"key","parameters":{},"actions":[{"type":"keyDown","value":""},{"type":"pause","duration":10},{"type":"keyUp","value":""}]}]}
COMMAND: GET /session/4782f8729a76edfdb31ae021f37f4e15/screenshot - {}
RESULT: {}
COMMAND: POST /session/4782f8729a76edfdb31ae021f37f4e15/element - {"using":"xpath","value":"//td/div/span[contains(text(), \"BGL Vehicles\")]"}
RESULT: {"using":"xpath","value":"//td/div/span[contains(text(), \"BGL Vehicles\")]"}
COMMAND: POST /session/4782f8729a76edfdb31ae021f37f4e15/element/f.47FBE749F50BBE52AFAC717F22AEC391.d.8ABC56D6DB07F6653C050E213083D3C4.e.1443/click - {}
RESULT: {}
COMMAND: GET /session/4782f8729a76edfdb31ae021f37f4e15/screenshot - {}
RESULT: {}
COMMAND: POST /session/4782f8729a76edfdb31ae021f37f4e15/element - {"using":"xpath","value":"//bdi[contains(text(), \"OK\")]"}
RESULT: {"using":"xpath","value":"//bdi[contains(text(), \"OK\")]"}
COMMAND: POST /session/4782f8729a76edfdb31ae021f37f4e15/element/f.47FBE749F50BBE52AFAC717F22AEC391.d.8ABC56D6DB07F6653C050E213083D3C4.e.1444/click - {}
RESULT: {}
COMMAND: GET /session/4782f8729a76edfdb31ae021f37f4e15/screenshot - {}
RESULT: {}
COMMAND: POST /session/4782f8729a76edfdb31ae021f37f4e15/execute/async - {"script":"<script> [1562 bytes]","args":[{"selector":{"id":"application-manageresources-display-component---newResourceUnit--newRRUPage-anchBar-application-manageresources-display-component---newResourceUnit--resource-anchor","interaction":{"idSuffix":"BDI-content"}},"wdio_ui5_key":"applicationmanageresources-display-component---newResourceUnit--newRRUPage-anchBar-application-manageresources-display-component---newResourceUnit--resource-anchor"}]}
RESULT: {"script":"<script> [1562 bytes]","args":[{"selector":{"id":"application-manageresources-display-component---newResourceUnit--newRRUPage-anchBar-application-manageresources-display-component---newResourceUnit--resource-anchor","interaction":{"idSuffix":"BDI-content"}},"wdio_ui5_key":"applicationmanageresources-display-component---newResourceUnit--newRRUPage-anchBar-application-manageresources-display-component---newResourceUnit--resource-anchor"}]}
RESULT: undefined
COMMAND: POST /session/4782f8729a76edfdb31ae021f37f4e15/element - {"using":"xpath","value":"//*[@id=\"application-manageresources-display-component---newResourceUnit--newRRUPage-anchBar-application-manageresources-display-component---newResourceUnit--resource-anchor\"]"}
RESULT: {"using":"xpath","value":"//*[@id=\"application-manageresources-display-component---newResourceUnit--newRRUPage-anchBar-application-manageresources-display-component---newResourceUnit--resource-anchor\"]"}
COMMAND: POST /session/4782f8729a76edfdb31ae021f37f4e15/element/f.47FBE749F50BBE52AFAC717F22AEC391.d.8ABC56D6DB07F6653C050E213083D3C4.e.1448/click - {}
RESULT: {}
COMMAND: POST /session/4782f8729a76edfdb31ae021f37f4e15/execute/async - {"script":"<script> [1562 bytes]","args":[{"selector":{"id":"application-manageresources-display-component---newResourceUnit--PLANNED_DELIVERY_DATE","interaction":{"idSuffix":"inner"}},"wdio_ui5_key":"applicationmanageresources-display-component---newResourceUnit--PLANNED_DELIVERY_DATE"}]}
COMMAND: GET /session/4782f8729a76edfdb31ae021f37f4e15/screenshot - {}
RESULT: {"script":"<script> [1562 bytes]","args":[{"selector":{"id":"application-manageresources-display-component---newResourceUnit--PLANNED_DELIVERY_DATE","interaction":{"idSuffix":"inner"}},"wdio_ui5_key":"applicationmanageresources-display-component---newResourceUnit--PLANNED_DELIVERY_DATE"}]}
RESULT: undefined
COMMAND: POST /session/4782f8729a76edfdb31ae021f37f4e15/execute/async - {"script":"<script> [6424 bytes]","args":[{"element-6066-11e4-a52e-4f735466cecf":"f.47FBE749F50BBE52AFAC717F22AEC391.d.8ABC56D6DB07F6653C050E213083D3C4.e.1314"},"setValue",["4/11/25"]]}
RESULT: {}
RESULT: {"script":"<script> [6424 bytes]","args":[{"element-6066-11e4-a52e-4f735466cecf":"f.47FBE749F50BBE52AFAC717F22AEC391.d.8ABC56D6DB07F6653C050E213083D3C4.e.1314"},"setValue",["4/11/25"]]}
COMMAND: POST /session/4782f8729a76edfdb31ae021f37f4e15/element - {"using":"xpath","value":"//button[@data-kt=\"resourceUnitSaveButton\"]"}
RESULT: {"using":"xpath","value":"//button[@data-kt=\"resourceUnitSaveButton\"]"}
COMMAND: POST /session/4782f8729a76edfdb31ae021f37f4e15/element/f.47FBE749F50BBE52AFAC717F22AEC391.d.8ABC56D6DB07F6653C050E213083D3C4.e.1275/click - {}
RESULT: {}
COMMAND: GET /session/4782f8729a76edfdb31ae021f37f4e15/screenshot - {}
RESULT: {}
COMMAND: POST /session/4782f8729a76edfdb31ae021f37f4e15/element - {"using":"xpath","value":"//bdi[contains(text(), \"Close\")]"}
RESULT: {"using":"xpath","value":"//bdi[contains(text(), \"Close\")]"}
COMMAND: POST /session/4782f8729a76edfdb31ae021f37f4e15/element/f.47FBE749F50BBE52AFAC717F22AEC391.d.8ABC56D6DB07F6653C050E213083D3C4.e.1456/click - {}
RESULT: {}
COMMAND: GET /session/4782f8729a76edfdb31ae021f37f4e15/screenshot - {}
RESULT: {}
COMMAND: POST /session/4782f8729a76edfdb31ae021f37f4e15/element - {"using":"xpath","value":"(//button[contains(@id ,\"actionsToolbar-overflowButton\")])[1]"}
RESULT: {"using":"xpath","value":"(//button[contains(@id ,\"actionsToolbar-overflowButton\")])[1]"}
COMMAND: POST /session/4782f8729a76edfdb31ae021f37f4e15/element/f.47FBE749F50BBE52AFAC717F22AEC391.d.8ABC56D6DB07F6653C050E213083D3C4.e.1488/click - {}
RESULT: {}
COMMAND: GET /session/4782f8729a76edfdb31ae021f37f4e15/screenshot - {}
RESULT: {}
COMMAND: POST /session/4782f8729a76edfdb31ae021f37f4e15/element - {"using":"xpath","value":"//button[@data-kt=\"priceInfoButton\"]"}
RESULT: {"using":"xpath","value":"//button[@data-kt=\"priceInfoButton\"]"}
COMMAND: POST /session/4782f8729a76edfdb31ae021f37f4e15/element/f.47FBE749F50BBE52AFAC717F22AEC391.d.8ABC56D6DB07F6653C050E213083D3C4.e.1490/click - {}
RESULT: {}
COMMAND: GET /session/4782f8729a76edfdb31ae021f37f4e15/screenshot - {}
RESULT: {}
COMMAND: POST /session/4782f8729a76edfdb31ae021f37f4e15/element - {"using":"css selector","value":"#shell-header-logo"}
RESULT: {"using":"css selector","value":"#shell-header-logo"}
COMMAND: POST /session/4782f8729a76edfdb31ae021f37f4e15/element/f.47FBE749F50BBE52AFAC717F22AEC391.d.8ABC56D6DB07F6653C050E213083D3C4.e.869/click - {}
RESULT: {}
]]></system-out>
    </testcase>
    <testcase classname="chrome.135_0_7049_42.windows.Create_condition_pricing_US117289_US134625" name="Should create new condition" time="69.739">
      <system-out><![CDATA[
COMMAND: POST /session/4782f8729a76edfdb31ae021f37f4e15/execute/async - {"script":"<script> [1562 bytes]","args":[{"selector":{"controlType":"sap.m.Text","properties":{"text":"Manage Conditions & Prices"},"interaction":{"idSuffix":"inner"}},"wdio_ui5_key":"sapm.Text{\"text\":\"Manage Conditions & Prices\"}"}]}
COMMAND: GET /session/4782f8729a76edfdb31ae021f37f4e15/screenshot - {}
RESULT: {"script":"<script> [1562 bytes]","args":[{"selector":{"controlType":"sap.m.Text","properties":{"text":"Manage Conditions & Prices"},"interaction":{"idSuffix":"inner"}},"wdio_ui5_key":"sapm.Text{\"text\":\"Manage Conditions & Prices\"}"}]}
RESULT: undefined
COMMAND: POST /session/4782f8729a76edfdb31ae021f37f4e15/element - {"using":"xpath","value":"//*[@id=\"__tile53-title\"]"}
RESULT: {}
RESULT: {"using":"xpath","value":"//*[@id=\"__tile53-title\"]"}
COMMAND: POST /session/4782f8729a76edfdb31ae021f37f4e15/element/f.47FBE749F50BBE52AFAC717F22AEC391.d.8ABC56D6DB07F6653C050E213083D3C4.e.1529/click - {}
RESULT: {}
COMMAND: POST /session/4782f8729a76edfdb31ae021f37f4e15/element - {"using":"xpath","value":"//button[@aria-label=\"Create\"]"}
COMMAND: GET /session/4782f8729a76edfdb31ae021f37f4e15/screenshot - {}
RESULT: {"using":"xpath","value":"//button[@aria-label=\"Create\"]"}
COMMAND: POST /session/4782f8729a76edfdb31ae021f37f4e15/elements - {"using":"xpath","value":"//button[@aria-label=\"Create\"]"}
RESULT: {}
RESULT: {"using":"xpath","value":"//button[@aria-label=\"Create\"]"}
COMMAND: POST /session/4782f8729a76edfdb31ae021f37f4e15/elements - {"using":"xpath","value":"//button[@aria-label=\"Create\"]"}
RESULT: {"using":"xpath","value":"//button[@aria-label=\"Create\"]"}
COMMAND: POST /session/4782f8729a76edfdb31ae021f37f4e15/elements - {"using":"xpath","value":"//button[@aria-label=\"Create\"]"}
RESULT: {"using":"xpath","value":"//button[@aria-label=\"Create\"]"}
COMMAND: POST /session/4782f8729a76edfdb31ae021f37f4e15/elements - {"using":"xpath","value":"//button[@aria-label=\"Create\"]"}
RESULT: {"using":"xpath","value":"//button[@aria-label=\"Create\"]"}
COMMAND: POST /session/4782f8729a76edfdb31ae021f37f4e15/element - {"using":"xpath","value":"//button[@aria-label=\"Create\"]"}
RESULT: {"using":"xpath","value":"//button[@aria-label=\"Create\"]"}
COMMAND: POST /session/4782f8729a76edfdb31ae021f37f4e15/execute/sync - {"script":"<script> [8489 bytes]","args":[{"element-6066-11e4-a52e-4f735466cecf":"f.47FBE749F50BBE52AFAC717F22AEC391.d.8ABC56D6DB07F6653C050E213083D3C4.e.1570","ELEMENT":"f.47FBE749F50BBE52AFAC717F22AEC391.d.8ABC56D6DB07F6653C050E213083D3C4.e.1570"}]}
RESULT: {"script":"<script> [8489 bytes]","args":[{"element-6066-11e4-a52e-4f735466cecf":"f.47FBE749F50BBE52AFAC717F22AEC391.d.8ABC56D6DB07F6653C050E213083D3C4.e.1570","ELEMENT":"f.47FBE749F50BBE52AFAC717F22AEC391.d.8ABC56D6DB07F6653C050E213083D3C4.e.1570"}]}
COMMAND: GET /session/4782f8729a76edfdb31ae021f37f4e15/element/f.47FBE749F50BBE52AFAC717F22AEC391.d.8ABC56D6DB07F6653C050E213083D3C4.e.1570/enabled - {}
COMMAND: GET /session/4782f8729a76edfdb31ae021f37f4e15/screenshot - {}
RESULT: {}
COMMAND: POST /session/4782f8729a76edfdb31ae021f37f4e15/execute/sync - {"script":"<script> [8489 bytes]","args":[{"element-6066-11e4-a52e-4f735466cecf":"f.47FBE749F50BBE52AFAC717F22AEC391.d.8ABC56D6DB07F6653C050E213083D3C4.e.1570","ELEMENT":"f.47FBE749F50BBE52AFAC717F22AEC391.d.8ABC56D6DB07F6653C050E213083D3C4.e.1570"}]}
COMMAND: GET /session/4782f8729a76edfdb31ae021f37f4e15/screenshot - {}
RESULT: {}
RESULT: {"script":"<script> [8489 bytes]","args":[{"element-6066-11e4-a52e-4f735466cecf":"f.47FBE749F50BBE52AFAC717F22AEC391.d.8ABC56D6DB07F6653C050E213083D3C4.e.1570","ELEMENT":"f.47FBE749F50BBE52AFAC717F22AEC391.d.8ABC56D6DB07F6653C050E213083D3C4.e.1570"}]}
COMMAND: POST /session/4782f8729a76edfdb31ae021f37f4e15/execute/sync - {"script":"<script> [5351 bytes]","args":[{"element-6066-11e4-a52e-4f735466cecf":"f.47FBE749F50BBE52AFAC717F22AEC391.d.8ABC56D6DB07F6653C050E213083D3C4.e.1570","ELEMENT":"f.47FBE749F50BBE52AFAC717F22AEC391.d.8ABC56D6DB07F6653C050E213083D3C4.e.1570"}]}
COMMAND: GET /session/4782f8729a76edfdb31ae021f37f4e15/screenshot - {}
RESULT: {}
RESULT: {"script":"<script> [5351 bytes]","args":[{"element-6066-11e4-a52e-4f735466cecf":"f.47FBE749F50BBE52AFAC717F22AEC391.d.8ABC56D6DB07F6653C050E213083D3C4.e.1570","ELEMENT":"f.47FBE749F50BBE52AFAC717F22AEC391.d.8ABC56D6DB07F6653C050E213083D3C4.e.1570"}]}
COMMAND: POST /session/4782f8729a76edfdb31ae021f37f4e15/element/f.47FBE749F50BBE52AFAC717F22AEC391.d.8ABC56D6DB07F6653C050E213083D3C4.e.1570/click - {}
COMMAND: GET /session/4782f8729a76edfdb31ae021f37f4e15/screenshot - {}
RESULT: {}
RESULT: {}
COMMAND: GET /session/4782f8729a76edfdb31ae021f37f4e15/screenshot - {}
RESULT: {}
RESULT: {}
COMMAND: POST /session/4782f8729a76edfdb31ae021f37f4e15/actions - {"actions":[{"id":"action5","type":"key","parameters":{},"actions":[{"type":"keyDown","value":""},{"type":"pause","duration":10},{"type":"keyUp","value":""}]}]}
RESULT: {"actions":[{"id":"action5","type":"key","parameters":{},"actions":[{"type":"keyDown","value":""},{"type":"pause","duration":10},{"type":"keyUp","value":""}]}]}
COMMAND: GET /session/4782f8729a76edfdb31ae021f37f4e15/screenshot - {}
COMMAND: POST /session/4782f8729a76edfdb31ae021f37f4e15/execute/async - {"script":"<script> [1562 bytes]","args":[{"selector":{"id":"application-manageconditionprice-display-component---newCondition--condBillCond-arrow"},"wdio_ui5_key":"applicationmanageconditionprice-display-component---newCondition--condBillCond-arrow"}]}
RESULT: {}
RESULT: {"script":"<script> [1562 bytes]","args":[{"selector":{"id":"application-manageconditionprice-display-component---newCondition--condBillCond-arrow"},"wdio_ui5_key":"applicationmanageconditionprice-display-component---newCondition--condBillCond-arrow"}]}
RESULT: undefined
COMMAND: POST /session/4782f8729a76edfdb31ae021f37f4e15/element - {"using":"xpath","value":"//*[@id=\"application-manageconditionprice-display-component---newCondition--condBillCond-arrow\"]"}
RESULT: {"using":"xpath","value":"//*[@id=\"application-manageconditionprice-display-component---newCondition--condBillCond-arrow\"]"}
COMMAND: POST /session/4782f8729a76edfdb31ae021f37f4e15/element/f.47FBE749F50BBE52AFAC717F22AEC391.d.8ABC56D6DB07F6653C050E213083D3C4.e.1781/click - {}
RESULT: {}
COMMAND: GET /session/4782f8729a76edfdb31ae021f37f4e15/screenshot - {}
RESULT: {}
COMMAND: POST /session/4782f8729a76edfdb31ae021f37f4e15/element - {"using":"xpath","value":"//li[.//span[contains(text(), \"SAPR - Sales price\")]]"}
RESULT: {"using":"xpath","value":"//li[.//span[contains(text(), \"SAPR - Sales price\")]]"}
COMMAND: POST /session/4782f8729a76edfdb31ae021f37f4e15/element/f.47FBE749F50BBE52AFAC717F22AEC391.d.8ABC56D6DB07F6653C050E213083D3C4.e.1784/click - {}
RESULT: {}
COMMAND: GET /session/4782f8729a76edfdb31ae021f37f4e15/screenshot - {}
RESULT: {}
COMMAND: POST /session/4782f8729a76edfdb31ae021f37f4e15/execute/async - {"script":"<script> [1562 bytes]","args":[{"selector":{"id":"application-manageconditionprice-display-component---newCondition--condValidTo","interaction":{"idSuffix":"inner"}},"wdio_ui5_key":"applicationmanageconditionprice-display-component---newCondition--condValidTo"}]}
RESULT: {"script":"<script> [1562 bytes]","args":[{"selector":{"id":"application-manageconditionprice-display-component---newCondition--condValidTo","interaction":{"idSuffix":"inner"}},"wdio_ui5_key":"applicationmanageconditionprice-display-component---newCondition--condValidTo"}]}
RESULT: undefined
COMMAND: POST /session/4782f8729a76edfdb31ae021f37f4e15/execute/async - {"script":"<script> [776 bytes]","args":[{"enterText":"12/11/25","selector":{"id":"application-manageconditionprice-display-component---newCondition--condValidTo","interaction":{"idSuffix":"inner"}},"clearTextFirst":true,"interactionType":"ENTER_TEXT"}]}
RESULT: {"script":"<script> [776 bytes]","args":[{"enterText":"12/11/25","selector":{"id":"application-manageconditionprice-display-component---newCondition--condValidTo","interaction":{"idSuffix":"inner"}},"clearTextFirst":true,"interactionType":"ENTER_TEXT"}]}
COMMAND: POST /session/4782f8729a76edfdb31ae021f37f4e15/element - {"using":"xpath","value":"//input[@id=\"application-manageconditionprice-display-component---newCondition--condRU-inner\"]"}
RESULT: {"using":"xpath","value":"//input[@id=\"application-manageconditionprice-display-component---newCondition--condRU-inner\"]"}
COMMAND: POST /session/4782f8729a76edfdb31ae021f37f4e15/element/f.47FBE749F50BBE52AFAC717F22AEC391.d.8ABC56D6DB07F6653C050E213083D3C4.e.1620/clear - {}
RESULT: {}
COMMAND: POST /session/4782f8729a76edfdb31ae021f37f4e15/element/f.47FBE749F50BBE52AFAC717F22AEC391.d.8ABC56D6DB07F6653C050E213083D3C4.e.1620/value - {"text":"UAApCEsY8n"}
COMMAND: GET /session/4782f8729a76edfdb31ae021f37f4e15/screenshot - {}
RESULT: {"text":"UAApCEsY8n"}
COMMAND: GET /session/4782f8729a76edfdb31ae021f37f4e15/screenshot - {}
RESULT: {}
RESULT: {}
COMMAND: POST /session/4782f8729a76edfdb31ae021f37f4e15/actions - {"actions":[{"id":"action6","type":"key","parameters":{},"actions":[{"type":"keyDown","value":""},{"type":"pause","duration":10},{"type":"keyUp","value":""}]}]}
RESULT: {"actions":[{"id":"action6","type":"key","parameters":{},"actions":[{"type":"keyDown","value":""},{"type":"pause","duration":10},{"type":"keyUp","value":""}]}]}
COMMAND: POST /session/4782f8729a76edfdb31ae021f37f4e15/execute/async - {"script":"<script> [1562 bytes]","args":[{"selector":{"id":"application-manageconditionprice-display-component---newCondition--condBaseQty","interaction":{"idSuffix":"inner"}},"wdio_ui5_key":"applicationmanageconditionprice-display-component---newCondition--condBaseQty"}]}
COMMAND: GET /session/4782f8729a76edfdb31ae021f37f4e15/screenshot - {}
RESULT: {"script":"<script> [1562 bytes]","args":[{"selector":{"id":"application-manageconditionprice-display-component---newCondition--condBaseQty","interaction":{"idSuffix":"inner"}},"wdio_ui5_key":"applicationmanageconditionprice-display-component---newCondition--condBaseQty"}]}
RESULT: undefined
COMMAND: POST /session/4782f8729a76edfdb31ae021f37f4e15/execute/async - {"script":"<script> [776 bytes]","args":[{"enterText":"1","selector":{"id":"application-manageconditionprice-display-component---newCondition--condBaseQty","interaction":{"idSuffix":"inner"}},"clearTextFirst":true,"interactionType":"ENTER_TEXT"}]}
RESULT: {}
RESULT: {"script":"<script> [776 bytes]","args":[{"enterText":"1","selector":{"id":"application-manageconditionprice-display-component---newCondition--condBaseQty","interaction":{"idSuffix":"inner"}},"clearTextFirst":true,"interactionType":"ENTER_TEXT"}]}
COMMAND: POST /session/4782f8729a76edfdb31ae021f37f4e15/execute/async - {"script":"<script> [1562 bytes]","args":[{"selector":{"id":"application-manageconditionprice-display-component---newCondition--condValue","interaction":{"idSuffix":"inner"}},"wdio_ui5_key":"applicationmanageconditionprice-display-component---newCondition--condValue"}]}
RESULT: {"script":"<script> [1562 bytes]","args":[{"selector":{"id":"application-manageconditionprice-display-component---newCondition--condValue","interaction":{"idSuffix":"inner"}},"wdio_ui5_key":"applicationmanageconditionprice-display-component---newCondition--condValue"}]}
RESULT: undefined
COMMAND: POST /session/4782f8729a76edfdb31ae021f37f4e15/execute/async - {"script":"<script> [776 bytes]","args":[{"enterText":"200","selector":{"id":"application-manageconditionprice-display-component---newCondition--condValue","interaction":{"idSuffix":"inner"}},"clearTextFirst":true,"interactionType":"ENTER_TEXT"}]}
RESULT: {"script":"<script> [776 bytes]","args":[{"enterText":"200","selector":{"id":"application-manageconditionprice-display-component---newCondition--condValue","interaction":{"idSuffix":"inner"}},"clearTextFirst":true,"interactionType":"ENTER_TEXT"}]}
COMMAND: POST /session/4782f8729a76edfdb31ae021f37f4e15/execute/async - {"script":"<script> [1562 bytes]","args":[{"selector":{"id":"application-manageconditionprice-display-component---newCondition--condCurr-arrow"},"wdio_ui5_key":"applicationmanageconditionprice-display-component---newCondition--condCurr-arrow"}]}
RESULT: {"script":"<script> [1562 bytes]","args":[{"selector":{"id":"application-manageconditionprice-display-component---newCondition--condCurr-arrow"},"wdio_ui5_key":"applicationmanageconditionprice-display-component---newCondition--condCurr-arrow"}]}
RESULT: undefined
COMMAND: POST /session/4782f8729a76edfdb31ae021f37f4e15/element - {"using":"xpath","value":"//*[@id=\"application-manageconditionprice-display-component---newCondition--condCurr-arrow\"]"}
RESULT: {"using":"xpath","value":"//*[@id=\"application-manageconditionprice-display-component---newCondition--condCurr-arrow\"]"}
COMMAND: POST /session/4782f8729a76edfdb31ae021f37f4e15/element/f.47FBE749F50BBE52AFAC717F22AEC391.d.8ABC56D6DB07F6653C050E213083D3C4.e.1751/click - {}
RESULT: {}
COMMAND: POST /session/4782f8729a76edfdb31ae021f37f4e15/element - {"using":"xpath","value":"//span[contains(text(), \"Euro\")]"}
COMMAND: GET /session/4782f8729a76edfdb31ae021f37f4e15/screenshot - {}
RESULT: {"using":"xpath","value":"//span[contains(text(), \"Euro\")]"}
COMMAND: POST /session/4782f8729a76edfdb31ae021f37f4e15/element/f.47FBE749F50BBE52AFAC717F22AEC391.d.8ABC56D6DB07F6653C050E213083D3C4.e.1821/click - {}
RESULT: {}
RESULT: {}
COMMAND: POST /session/4782f8729a76edfdb31ae021f37f4e15/element - {"using":"xpath","value":"//button[@data-kt=\"saveButton\"]"}
COMMAND: GET /session/4782f8729a76edfdb31ae021f37f4e15/screenshot - {}
RESULT: {"using":"xpath","value":"//button[@data-kt=\"saveButton\"]"}
COMMAND: POST /session/4782f8729a76edfdb31ae021f37f4e15/element/f.47FBE749F50BBE52AFAC717F22AEC391.d.8ABC56D6DB07F6653C050E213083D3C4.e.1752/click - {}
RESULT: {}
RESULT: {}
COMMAND: GET /session/4782f8729a76edfdb31ae021f37f4e15/screenshot - {}
RESULT: {}
COMMAND: POST /session/4782f8729a76edfdb31ae021f37f4e15/execute/async - {"script":"<script> [1562 bytes]","args":[{"selector":{"id":"application-manageconditionprice-display-component---conditions--smartFilterBar-btnBasicSearch","interaction":{"idSuffix":"I"}},"wdio_ui5_key":"applicationmanageconditionprice-display-component---conditions--smartFilterBar-btnBasicSearch"}]}
RESULT: {"script":"<script> [1562 bytes]","args":[{"selector":{"id":"application-manageconditionprice-display-component---conditions--smartFilterBar-btnBasicSearch","interaction":{"idSuffix":"I"}},"wdio_ui5_key":"applicationmanageconditionprice-display-component---conditions--smartFilterBar-btnBasicSearch"}]}
RESULT: undefined
COMMAND: POST /session/4782f8729a76edfdb31ae021f37f4e15/execute/async - {"script":"<script> [776 bytes]","args":[{"enterText":"UAApCEsY8n","selector":{"id":"application-manageconditionprice-display-component---conditions--smartFilterBar-btnBasicSearch","interaction":{"idSuffix":"I"}},"clearTextFirst":true,"interactionType":"ENTER_TEXT"}]}
RESULT: {"script":"<script> [776 bytes]","args":[{"enterText":"UAApCEsY8n","selector":{"id":"application-manageconditionprice-display-component---conditions--smartFilterBar-btnBasicSearch","interaction":{"idSuffix":"I"}},"clearTextFirst":true,"interactionType":"ENTER_TEXT"}]}
COMMAND: POST /session/4782f8729a76edfdb31ae021f37f4e15/actions - {"actions":[{"id":"action7","type":"key","parameters":{},"actions":[{"type":"keyDown","value":""},{"type":"pause","duration":10},{"type":"keyUp","value":""}]}]}
RESULT: {"actions":[{"id":"action7","type":"key","parameters":{},"actions":[{"type":"keyDown","value":""},{"type":"pause","duration":10},{"type":"keyUp","value":""}]}]}
COMMAND: GET /session/4782f8729a76edfdb31ae021f37f4e15/screenshot - {}
RESULT: {}
COMMAND: POST /session/4782f8729a76edfdb31ae021f37f4e15/execute/async - {"script":"<script> [1562 bytes]","args":[{"selector":{"id":"application-manageconditionprice-display-component---conditions--smartFilterBar-filterItemControl_BASIC-BILL_TYPES-vhi"},"wdio_ui5_key":"applicationmanageconditionprice-display-component---conditions--smartFilterBar-filterItemControl_BASIC-BILL_TYPES-vhi"}]}
RESULT: {"script":"<script> [1562 bytes]","args":[{"selector":{"id":"application-manageconditionprice-display-component---conditions--smartFilterBar-filterItemControl_BASIC-BILL_TYPES-vhi"},"wdio_ui5_key":"applicationmanageconditionprice-display-component---conditions--smartFilterBar-filterItemControl_BASIC-BILL_TYPES-vhi"}]}
RESULT: undefined
COMMAND: POST /session/4782f8729a76edfdb31ae021f37f4e15/element - {"using":"xpath","value":"//*[@id=\"application-manageconditionprice-display-component---conditions--smartFilterBar-filterItemControl_BASIC-BILL_TYPES-vhi\"]"}
RESULT: {"using":"xpath","value":"//*[@id=\"application-manageconditionprice-display-component---conditions--smartFilterBar-filterItemControl_BASIC-BILL_TYPES-vhi\"]"}
COMMAND: POST /session/4782f8729a76edfdb31ae021f37f4e15/element/f.47FBE749F50BBE52AFAC717F22AEC391.d.8ABC56D6DB07F6653C050E213083D3C4.e.1838/click - {}
RESULT: {}
COMMAND: POST /session/4782f8729a76edfdb31ae021f37f4e15/execute/async - {"script":"<script> [1562 bytes]","args":[{"selector":{"id":"application-manageconditionprice-display-component---conditions--smartFilterBar-filterItemControl_BASIC-BILL_TYPES-valueHelpDialog-smartFilterBar-btnBasicSearch","searchOpenDialogs":true,"interaction":{"idSuffix":"I"}},"wdio_ui5_key":"applicationmanageconditionprice-display-component---conditions--smartFilterBar-filterItemControl_BASIC-BILL_TYPES-valueHelpDialog-smartFilterBar-btnBasicSearch"}]}
COMMAND: GET /session/4782f8729a76edfdb31ae021f37f4e15/screenshot - {}
RESULT: {"script":"<script> [1562 bytes]","args":[{"selector":{"id":"application-manageconditionprice-display-component---conditions--smartFilterBar-filterItemControl_BASIC-BILL_TYPES-valueHelpDialog-smartFilterBar-btnBasicSearch","searchOpenDialogs":true,"interaction":{"idSuffix":"I"}},"wdio_ui5_key":"applicationmanageconditionprice-display-component---conditions--smartFilterBar-filterItemControl_BASIC-BILL_TYPES-valueHelpDialog-smartFilterBar-btnBasicSearch"}]}
RESULT: undefined
COMMAND: POST /session/4782f8729a76edfdb31ae021f37f4e15/execute/async - {"script":"<script> [776 bytes]","args":[{"enterText":"one","selector":{"id":"application-manageconditionprice-display-component---conditions--smartFilterBar-filterItemControl_BASIC-BILL_TYPES-valueHelpDialog-smartFilterBar-btnBasicSearch","searchOpenDialogs":true,"interaction":{"idSuffix":"I"}},"clearTextFirst":true,"interactionType":"ENTER_TEXT"}]}
RESULT: {}
RESULT: {"script":"<script> [776 bytes]","args":[{"enterText":"one","selector":{"id":"application-manageconditionprice-display-component---conditions--smartFilterBar-filterItemControl_BASIC-BILL_TYPES-valueHelpDialog-smartFilterBar-btnBasicSearch","searchOpenDialogs":true,"interaction":{"idSuffix":"I"}},"clearTextFirst":true,"interactionType":"ENTER_TEXT"}]}
COMMAND: POST /session/4782f8729a76edfdb31ae021f37f4e15/actions - {"actions":[{"id":"action8","type":"key","parameters":{},"actions":[{"type":"keyDown","value":""},{"type":"pause","duration":10},{"type":"keyUp","value":""}]}]}
RESULT: {"actions":[{"id":"action8","type":"key","parameters":{},"actions":[{"type":"keyDown","value":""},{"type":"pause","duration":10},{"type":"keyUp","value":""}]}]}
COMMAND: GET /session/4782f8729a76edfdb31ae021f37f4e15/screenshot - {}
RESULT: {}
COMMAND: POST /session/4782f8729a76edfdb31ae021f37f4e15/element - {"using":"xpath","value":"//div[contains(@id, 'application-manageconditionprice-display-component---conditions--smartFilterBar-filterItemControl_BASIC-BILL_TYPES-valueHelpDialog-table-rowsel0')]"}
RESULT: {"using":"xpath","value":"//div[contains(@id, 'application-manageconditionprice-display-component---conditions--smartFilterBar-filterItemControl_BASIC-BILL_TYPES-valueHelpDialog-table-rowsel0')]"}
COMMAND: POST /session/4782f8729a76edfdb31ae021f37f4e15/element/f.47FBE749F50BBE52AFAC717F22AEC391.d.8ABC56D6DB07F6653C050E213083D3C4.e.1847/click - {}
RESULT: {}
COMMAND: GET /session/4782f8729a76edfdb31ae021f37f4e15/screenshot - {}
RESULT: {}
COMMAND: POST /session/4782f8729a76edfdb31ae021f37f4e15/element - {"using":"xpath","value":"//bdi[contains(text(), \"OK\")]"}
RESULT: {"using":"xpath","value":"//bdi[contains(text(), \"OK\")]"}
COMMAND: POST /session/4782f8729a76edfdb31ae021f37f4e15/element/f.47FBE749F50BBE52AFAC717F22AEC391.d.8ABC56D6DB07F6653C050E213083D3C4.e.1849/click - {}
RESULT: {}
COMMAND: GET /session/4782f8729a76edfdb31ae021f37f4e15/screenshot - {}
RESULT: {}
COMMAND: POST /session/4782f8729a76edfdb31ae021f37f4e15/element - {"using":"xpath","value":"//span[@id=\"application-manageconditionprice-display-component---conditions--smartTable-header-inner\"]"}
RESULT: {"using":"xpath","value":"//span[@id=\"application-manageconditionprice-display-component---conditions--smartTable-header-inner\"]"}
COMMAND: POST /session/4782f8729a76edfdb31ae021f37f4e15/elements - {"using":"xpath","value":"//span[@id=\"application-manageconditionprice-display-component---conditions--smartTable-header-inner\"]"}
RESULT: {"using":"xpath","value":"//span[@id=\"application-manageconditionprice-display-component---conditions--smartTable-header-inner\"]"}
COMMAND: POST /session/4782f8729a76edfdb31ae021f37f4e15/execute/sync - {"script":"<script> [56 bytes]","args":[{"element-6066-11e4-a52e-4f735466cecf":"f.47FBE749F50BBE52AFAC717F22AEC391.d.8ABC56D6DB07F6653C050E213083D3C4.e.1852","ELEMENT":"f.47FBE749F50BBE52AFAC717F22AEC391.d.8ABC56D6DB07F6653C050E213083D3C4.e.1852"}]}
RESULT: {"script":"<script> [56 bytes]","args":[{"element-6066-11e4-a52e-4f735466cecf":"f.47FBE749F50BBE52AFAC717F22AEC391.d.8ABC56D6DB07F6653C050E213083D3C4.e.1852","ELEMENT":"f.47FBE749F50BBE52AFAC717F22AEC391.d.8ABC56D6DB07F6653C050E213083D3C4.e.1852"}]}
COMMAND: POST /session/4782f8729a76edfdb31ae021f37f4e15/element - {"using":"css selector","value":"#shell-header-logo"}
COMMAND: GET /session/4782f8729a76edfdb31ae021f37f4e15/screenshot - {}
RESULT: {"using":"css selector","value":"#shell-header-logo"}
COMMAND: POST /session/4782f8729a76edfdb31ae021f37f4e15/element/f.47FBE749F50BBE52AFAC717F22AEC391.d.8ABC56D6DB07F6653C050E213083D3C4.e.1532/click - {}
RESULT: {}
RESULT: {}
COMMAND: GET /session/4782f8729a76edfdb31ae021f37f4e15/screenshot - {}
RESULT: {}
COMMAND: POST /session/4782f8729a76edfdb31ae021f37f4e15/element - {"using":"css selector","value":"#j_username"}
COMMAND: POST /session/4782f8729a76edfdb31ae021f37f4e15/url - {"url":"https://qa-testing-00-live-etm-ui.cfapps.eu10-004.hana.ondemand.com/"}
RESULT: {"using":"css selector","value":"#j_username"}
COMMAND: POST /session/4782f8729a76edfdb31ae021f37f4e15/element - {"using":"css selector","value":"#j_username"}
RESULT: {"url":"https://qa-testing-00-live-etm-ui.cfapps.eu10-004.hana.ondemand.com/"}
RESULT: undefined
COMMAND: GET /session/4782f8729a76edfdb31ae021f37f4e15/screenshot - {}
RESULT: {"using":"css selector","value":"#j_username"}
COMMAND: POST /session/4782f8729a76edfdb31ae021f37f4e15/element - {"using":"css selector","value":"#shell-header-logo"}
RESULT: {}
RESULT: {"using":"css selector","value":"#shell-header-logo"}
COMMAND: POST /session/4782f8729a76edfdb31ae021f37f4e15/execute/sync - {"script":"<script> [8489 bytes]","args":[{"element-6066-11e4-a52e-4f735466cecf":"f.47FBE749F50BBE52AFAC717F22AEC391.d.F2EFA54ABD1C7897860D803C2E0A6D04.e.1867","ELEMENT":"f.47FBE749F50BBE52AFAC717F22AEC391.d.F2EFA54ABD1C7897860D803C2E0A6D04.e.1867"}]}
RESULT: {"script":"<script> [8489 bytes]","args":[{"element-6066-11e4-a52e-4f735466cecf":"f.47FBE749F50BBE52AFAC717F22AEC391.d.F2EFA54ABD1C7897860D803C2E0A6D04.e.1867","ELEMENT":"f.47FBE749F50BBE52AFAC717F22AEC391.d.F2EFA54ABD1C7897860D803C2E0A6D04.e.1867"}]}
COMMAND: POST /session/4782f8729a76edfdb31ae021f37f4e15/element - {"using":"css selector","value":"#shell-header-logo"}
COMMAND: GET /session/4782f8729a76edfdb31ae021f37f4e15/screenshot - {}
RESULT: {"using":"css selector","value":"#shell-header-logo"}
COMMAND: POST /session/4782f8729a76edfdb31ae021f37f4e15/execute/sync - {"script":"<script> [8489 bytes]","args":[{"element-6066-11e4-a52e-4f735466cecf":"f.47FBE749F50BBE52AFAC717F22AEC391.d.F2EFA54ABD1C7897860D803C2E0A6D04.e.1867","ELEMENT":"f.47FBE749F50BBE52AFAC717F22AEC391.d.F2EFA54ABD1C7897860D803C2E0A6D04.e.1867"}]}
RESULT: {}
RESULT: {"script":"<script> [8489 bytes]","args":[{"element-6066-11e4-a52e-4f735466cecf":"f.47FBE749F50BBE52AFAC717F22AEC391.d.F2EFA54ABD1C7897860D803C2E0A6D04.e.1867","ELEMENT":"f.47FBE749F50BBE52AFAC717F22AEC391.d.F2EFA54ABD1C7897860D803C2E0A6D04.e.1867"}]}
COMMAND: POST /session/4782f8729a76edfdb31ae021f37f4e15/execute/sync - {"script":"<script> [5351 bytes]","args":[{"element-6066-11e4-a52e-4f735466cecf":"f.47FBE749F50BBE52AFAC717F22AEC391.d.F2EFA54ABD1C7897860D803C2E0A6D04.e.1867","ELEMENT":"f.47FBE749F50BBE52AFAC717F22AEC391.d.F2EFA54ABD1C7897860D803C2E0A6D04.e.1867"}]}
COMMAND: GET /session/4782f8729a76edfdb31ae021f37f4e15/screenshot - {}
RESULT: {"script":"<script> [5351 bytes]","args":[{"element-6066-11e4-a52e-4f735466cecf":"f.47FBE749F50BBE52AFAC717F22AEC391.d.F2EFA54ABD1C7897860D803C2E0A6D04.e.1867","ELEMENT":"f.47FBE749F50BBE52AFAC717F22AEC391.d.F2EFA54ABD1C7897860D803C2E0A6D04.e.1867"}]}
COMMAND: POST /session/4782f8729a76edfdb31ae021f37f4e15/element - {"using":"css selector","value":"#shell-header-logo"}
COMMAND: GET /session/4782f8729a76edfdb31ae021f37f4e15/screenshot - {}
RESULT: {}
RESULT: {"using":"css selector","value":"#shell-header-logo"}
COMMAND: POST /session/4782f8729a76edfdb31ae021f37f4e15/element/f.47FBE749F50BBE52AFAC717F22AEC391.d.F2EFA54ABD1C7897860D803C2E0A6D04.e.1867/click - {}
RESULT: {}
RESULT: {}
COMMAND: GET /session/4782f8729a76edfdb31ae021f37f4e15/screenshot - {}
RESULT: {}
COMMAND: POST /session/4782f8729a76edfdb31ae021f37f4e15/execute/async - {"script":"<script> [189 bytes]","args":[]}
RESULT: {"script":"<script> [189 bytes]","args":[]}
COMMAND: POST /session/4782f8729a76edfdb31ae021f37f4e15/execute/async - {"script":"<script> [123 bytes]","args":[]}
RESULT: {"script":"<script> [123 bytes]","args":[]}
COMMAND: POST /session/4782f8729a76edfdb31ae021f37f4e15/timeouts - {"script":"<number>"}
RESULT: {"script":"<number>"}
COMMAND: GET /session/4782f8729a76edfdb31ae021f37f4e15/timeouts - {}
RESULT: {}
RESULT: undefined
COMMAND: POST /session/4782f8729a76edfdb31ae021f37f4e15/execute/async - {"script":"<script> [2676 bytes]","args":[]}
RESULT: {"script":"<script> [2676 bytes]","args":[]}
COMMAND: POST /session/4782f8729a76edfdb31ae021f37f4e15/execute/async - {"script":"<script> [2342 bytes]","args":[{"protocol":"http","hostname":"0.0.0.0","path":"/","capabilities":{"browserName":"chrome","goog:chromeOptions":{"binary":"C:\\Program Files\\Google\\Chrome\\Application\\chrome.exe"}},"logLevel":"warn","connectionRetryTimeout":120000,"connectionRetryCount":3,"logLevels":{},"enableDirectConnect":true,"strictSSL":true,"_":"65 more keys: [\"cacheDir\",\"port\",\"requestedCapabilities\",\"automationProtocol\",\"baseUrl\",\"waitforInterval\",\"waitforTimeout\",\"onReload\",\"beforeCommand\",\"afterCommand\",\"rootDir\",\"specs\",\"suites\",\"exclude\",\"groupLogsByTestSpec\",\"excludeDriverLogs\",\"bail\",\"framework\",\"reporters\",\"services\",\"maxInstances\",\"maxInstancesPerCapability\",\"injectGlobals\",\"filesToWatch\",\"execArgv\",\"runnerEnv\",\"runner\",\"shard\",\"specFileRetries\",\"specFileRetriesDelay\",\"specFileRetriesDeferred\",\"reporterSyncInterval\",\"reporterSyncTimeout\",\"cucumberFeaturesWithLineNumbers\",\"autoCompileOpts\",\"mochaOpts\",\"jasmineOpts\",\"cucumberOpts\",\"onPrepare\",\"onWorkerStart\",\"onWorkerEnd\",\"before\",\"beforeSession\",\"beforeSuite\",\"beforeHook\",\"beforeTest\",\"afterTest\",\"afterHook\",\"afterSuite\",\"afterSession\",\"after\",\"onComplete\",\"beforeAssertion\",\"afterAssertion\",\"beforeFeature\",\"beforeScenario\",\"beforeStep\",\"afterStep\",\"afterScenario\",\"afterFeature\",\"_\",\"suite\",\"$0\",\"ignoredWorkerServices\",\"wdi5\"]"}]}
RESULT: {"script":"<script> [2342 bytes]","args":[{"protocol":"http","hostname":"0.0.0.0","path":"/","capabilities":{"browserName":"chrome","goog:chromeOptions":{"binary":"C:\\Program Files\\Google\\Chrome\\Application\\chrome.exe"}},"logLevel":"warn","connectionRetryTimeout":120000,"connectionRetryCount":3,"logLevels":{},"enableDirectConnect":true,"strictSSL":true,"_":"65 more keys: [\"cacheDir\",\"port\",\"requestedCapabilities\",\"automationProtocol\",\"baseUrl\",\"waitforInterval\",\"waitforTimeout\",\"onReload\",\"beforeCommand\",\"afterCommand\",\"rootDir\",\"specs\",\"suites\",\"exclude\",\"groupLogsByTestSpec\",\"excludeDriverLogs\",\"bail\",\"framework\",\"reporters\",\"services\",\"maxInstances\",\"maxInstancesPerCapability\",\"injectGlobals\",\"filesToWatch\",\"execArgv\",\"runnerEnv\",\"runner\",\"shard\",\"specFileRetries\",\"specFileRetriesDelay\",\"specFileRetriesDeferred\",\"reporterSyncInterval\",\"reporterSyncTimeout\",\"cucumberFeaturesWithLineNumbers\",\"autoCompileOpts\",\"mochaOpts\",\"jasmineOpts\",\"cucumberOpts\",\"onPrepare\",\"onWorkerStart\",\"onWorkerEnd\",\"before\",\"beforeSession\",\"beforeSuite\",\"beforeHook\",\"beforeTest\",\"afterTest\",\"afterHook\",\"afterSuite\",\"afterSession\",\"after\",\"onComplete\",\"beforeAssertion\",\"afterAssertion\",\"beforeFeature\",\"beforeScenario\",\"beforeStep\",\"afterStep\",\"afterScenario\",\"afterFeature\",\"_\",\"suite\",\"$0\",\"ignoredWorkerServices\",\"wdi5\"]"}]}
COMMAND: POST /session/4782f8729a76edfdb31ae021f37f4e15/execute/async - {"script":"<script> [21126 bytes]","args":[35000]}
RESULT: {"script":"<script> [21126 bytes]","args":[35000]}
COMMAND: POST /session/4782f8729a76edfdb31ae021f37f4e15/window/maximize - {}
RESULT: {}
COMMAND: POST /session/4782f8729a76edfdb31ae021f37f4e15/execute/async - {"script":"<script> [1562 bytes]","args":[{"selector":{"id":"shell-header","interaction":{"idSuffix":"icon"}},"wdio_ui5_key":"shellheader"}]}
COMMAND: GET /session/4782f8729a76edfdb31ae021f37f4e15/screenshot - {}
RESULT: {"script":"<script> [1562 bytes]","args":[{"selector":{"id":"shell-header","interaction":{"idSuffix":"icon"}},"wdio_ui5_key":"shellheader"}]}
RESULT: undefined
COMMAND: POST /session/4782f8729a76edfdb31ae021f37f4e15/refresh - {}
RESULT: {}
RESULT: {}
COMMAND: GET /session/4782f8729a76edfdb31ae021f37f4e15/screenshot - {}
RESULT: {}
COMMAND: POST /session/4782f8729a76edfdb31ae021f37f4e15/execute/async - {"script":"<script> [189 bytes]","args":[]}
RESULT: {"script":"<script> [189 bytes]","args":[]}
COMMAND: POST /session/4782f8729a76edfdb31ae021f37f4e15/execute/async - {"script":"<script> [123 bytes]","args":[]}
RESULT: {"script":"<script> [123 bytes]","args":[]}
COMMAND: POST /session/4782f8729a76edfdb31ae021f37f4e15/timeouts - {"script":"<number>"}
RESULT: {"script":"<number>"}
COMMAND: GET /session/4782f8729a76edfdb31ae021f37f4e15/timeouts - {}
RESULT: {}
RESULT: undefined
COMMAND: POST /session/4782f8729a76edfdb31ae021f37f4e15/execute/async - {"script":"<script> [2676 bytes]","args":[]}
RESULT: {"script":"<script> [2676 bytes]","args":[]}
COMMAND: POST /session/4782f8729a76edfdb31ae021f37f4e15/execute/async - {"script":"<script> [2342 bytes]","args":[{"protocol":"http","hostname":"0.0.0.0","path":"/","capabilities":{"browserName":"chrome","goog:chromeOptions":{"binary":"C:\\Program Files\\Google\\Chrome\\Application\\chrome.exe"}},"logLevel":"warn","connectionRetryTimeout":120000,"connectionRetryCount":3,"logLevels":{},"enableDirectConnect":true,"strictSSL":true,"_":"65 more keys: [\"cacheDir\",\"port\",\"requestedCapabilities\",\"automationProtocol\",\"baseUrl\",\"waitforInterval\",\"waitforTimeout\",\"onReload\",\"beforeCommand\",\"afterCommand\",\"rootDir\",\"specs\",\"suites\",\"exclude\",\"groupLogsByTestSpec\",\"excludeDriverLogs\",\"bail\",\"framework\",\"reporters\",\"services\",\"maxInstances\",\"maxInstancesPerCapability\",\"injectGlobals\",\"filesToWatch\",\"execArgv\",\"runnerEnv\",\"runner\",\"shard\",\"specFileRetries\",\"specFileRetriesDelay\",\"specFileRetriesDeferred\",\"reporterSyncInterval\",\"reporterSyncTimeout\",\"cucumberFeaturesWithLineNumbers\",\"autoCompileOpts\",\"mochaOpts\",\"jasmineOpts\",\"cucumberOpts\",\"onPrepare\",\"onWorkerStart\",\"onWorkerEnd\",\"before\",\"beforeSession\",\"beforeSuite\",\"beforeHook\",\"beforeTest\",\"afterTest\",\"afterHook\",\"afterSuite\",\"afterSession\",\"after\",\"onComplete\",\"beforeAssertion\",\"afterAssertion\",\"beforeFeature\",\"beforeScenario\",\"beforeStep\",\"afterStep\",\"afterScenario\",\"afterFeature\",\"_\",\"suite\",\"$0\",\"ignoredWorkerServices\",\"wdi5\"]"}]}
RESULT: {"script":"<script> [2342 bytes]","args":[{"protocol":"http","hostname":"0.0.0.0","path":"/","capabilities":{"browserName":"chrome","goog:chromeOptions":{"binary":"C:\\Program Files\\Google\\Chrome\\Application\\chrome.exe"}},"logLevel":"warn","connectionRetryTimeout":120000,"connectionRetryCount":3,"logLevels":{},"enableDirectConnect":true,"strictSSL":true,"_":"65 more keys: [\"cacheDir\",\"port\",\"requestedCapabilities\",\"automationProtocol\",\"baseUrl\",\"waitforInterval\",\"waitforTimeout\",\"onReload\",\"beforeCommand\",\"afterCommand\",\"rootDir\",\"specs\",\"suites\",\"exclude\",\"groupLogsByTestSpec\",\"excludeDriverLogs\",\"bail\",\"framework\",\"reporters\",\"services\",\"maxInstances\",\"maxInstancesPerCapability\",\"injectGlobals\",\"filesToWatch\",\"execArgv\",\"runnerEnv\",\"runner\",\"shard\",\"specFileRetries\",\"specFileRetriesDelay\",\"specFileRetriesDeferred\",\"reporterSyncInterval\",\"reporterSyncTimeout\",\"cucumberFeaturesWithLineNumbers\",\"autoCompileOpts\",\"mochaOpts\",\"jasmineOpts\",\"cucumberOpts\",\"onPrepare\",\"onWorkerStart\",\"onWorkerEnd\",\"before\",\"beforeSession\",\"beforeSuite\",\"beforeHook\",\"beforeTest\",\"afterTest\",\"afterHook\",\"afterSuite\",\"afterSession\",\"after\",\"onComplete\",\"beforeAssertion\",\"afterAssertion\",\"beforeFeature\",\"beforeScenario\",\"beforeStep\",\"afterStep\",\"afterScenario\",\"afterFeature\",\"_\",\"suite\",\"$0\",\"ignoredWorkerServices\",\"wdi5\"]"}]}
COMMAND: POST /session/4782f8729a76edfdb31ae021f37f4e15/execute/async - {"script":"<script> [21126 bytes]","args":[35000]}
RESULT: {"script":"<script> [21126 bytes]","args":[35000]}
]]></system-out>
    </testcase>
  </testsuite>
  <testsuite timestamp="2025-04-11T17:08:56" time="105.755" tests="3" failures="0" errors="0" skipped="0">
    <properties>
      <property name="specId" value="0"/>
      <property name="suiteName" value="Set up pricing rule(OT) 104624"/>
      <property name="capabilities" value="chrome.135_0_7049_42.windows"/>
      <property name="file" value="file:///D:/a/1/s/test/specs/BTS/create-pricing-rule.spec.js"/>
    </properties>
    <testcase classname="chrome.135_0_7049_42.windows.Set_up_pricing_rule(OT)_104624" name="Should create a new yard used for all following tests" time="0.514">
      <system-out><![CDATA[
COMMAND: POST /session/4782f8729a76edfdb31ae021f37f4e15/window/fullscreen - {}
RESULT: {}
]]></system-out>
    </testcase>
    <testcase classname="chrome.135_0_7049_42.windows.Set_up_pricing_rule(OT)_104624" name="Should create a new equipment used for all following tests" time="0.005"/>
    <testcase classname="chrome.135_0_7049_42.windows.Set_up_pricing_rule(OT)_104624" name="Should create new pricing rule on the created resource from earlier module or above" time="77.366">
      <system-out><![CDATA[
COMMAND: POST /session/4782f8729a76edfdb31ae021f37f4e15/execute/async - {"script":"<script> [1562 bytes]","args":[{"selector":{"controlType":"sap.m.Text","properties":{"text":"Manage Pricing Rules"},"interaction":{"idSuffix":"inner"}},"wdio_ui5_key":"sapm.Text{\"text\":\"Manage Pricing Rules\"}"}]}
RESULT: {"script":"<script> [1562 bytes]","args":[{"selector":{"controlType":"sap.m.Text","properties":{"text":"Manage Pricing Rules"},"interaction":{"idSuffix":"inner"}},"wdio_ui5_key":"sapm.Text{\"text\":\"Manage Pricing Rules\"}"}]}
RESULT: undefined
COMMAND: POST /session/4782f8729a76edfdb31ae021f37f4e15/element - {"using":"xpath","value":"//*[@id=\"__tile55-title\"]"}
RESULT: {"using":"xpath","value":"//*[@id=\"__tile55-title\"]"}
COMMAND: POST /session/4782f8729a76edfdb31ae021f37f4e15/element/f.47FBE749F50BBE52AFAC717F22AEC391.d.F3BF23C3DE102FD9C5501BB442F506CF.e.1909/click - {}
RESULT: {}
COMMAND: POST /session/4782f8729a76edfdb31ae021f37f4e15/execute/async - {"script":"<script> [1562 bytes]","args":[{"selector":{"controlType":"sap.ui.core.Icon","viewName":"etm.portal.ui.managepricingrules.view.MasterHeader","viewId":"application-managepricingrules-display-component---priceInfoHeader","properties":{"src":{"regex":{"source":"activity\\-items"}}}},"wdio_ui5_key":"etmportal.ui.managepricingrules.view.MasterHeadersap.ui.core.Icon{\"src\":{\"regex\":{\"source\":\"activity\\\\-items\"}}}"}]}
COMMAND: GET /session/4782f8729a76edfdb31ae021f37f4e15/screenshot - {}
RESULT: {"script":"<script> [1562 bytes]","args":[{"selector":{"controlType":"sap.ui.core.Icon","viewName":"etm.portal.ui.managepricingrules.view.MasterHeader","viewId":"application-managepricingrules-display-component---priceInfoHeader","properties":{"src":{"regex":{"source":"activity\\-items"}}}},"wdio_ui5_key":"etmportal.ui.managepricingrules.view.MasterHeadersap.ui.core.Icon{\"src\":{\"regex\":{\"source\":\"activity\\\\-items\"}}}"}]}
RESULT: undefined
COMMAND: POST /session/4782f8729a76edfdb31ae021f37f4e15/element - {"using":"xpath","value":"//*[@id=\"__filter1-icon\"]"}
RESULT: {}
RESULT: {"using":"xpath","value":"//*[@id=\"__filter1-icon\"]"}
COMMAND: POST /session/4782f8729a76edfdb31ae021f37f4e15/element/f.47FBE749F50BBE52AFAC717F22AEC391.d.F3BF23C3DE102FD9C5501BB442F506CF.e.1958/click - {}
RESULT: {}
COMMAND: GET /session/4782f8729a76edfdb31ae021f37f4e15/screenshot - {}
RESULT: {}
COMMAND: POST /session/4782f8729a76edfdb31ae021f37f4e15/element - {"using":"xpath","value":"//button[@data-kt=\"addButton\"]"}
RESULT: {"using":"xpath","value":"//button[@data-kt=\"addButton\"]"}
COMMAND: POST /session/4782f8729a76edfdb31ae021f37f4e15/elements - {"using":"xpath","value":"//button[@data-kt=\"addButton\"]"}
RESULT: {"using":"xpath","value":"//button[@data-kt=\"addButton\"]"}
COMMAND: POST /session/4782f8729a76edfdb31ae021f37f4e15/execute/sync - {"script":"<script> [8489 bytes]","args":[{"element-6066-11e4-a52e-4f735466cecf":"f.47FBE749F50BBE52AFAC717F22AEC391.d.F3BF23C3DE102FD9C5501BB442F506CF.e.2001","ELEMENT":"f.47FBE749F50BBE52AFAC717F22AEC391.d.F3BF23C3DE102FD9C5501BB442F506CF.e.2001"}]}
RESULT: {"script":"<script> [8489 bytes]","args":[{"element-6066-11e4-a52e-4f735466cecf":"f.47FBE749F50BBE52AFAC717F22AEC391.d.F3BF23C3DE102FD9C5501BB442F506CF.e.2001","ELEMENT":"f.47FBE749F50BBE52AFAC717F22AEC391.d.F3BF23C3DE102FD9C5501BB442F506CF.e.2001"}]}
COMMAND: GET /session/4782f8729a76edfdb31ae021f37f4e15/element/f.47FBE749F50BBE52AFAC717F22AEC391.d.F3BF23C3DE102FD9C5501BB442F506CF.e.2001/enabled - {}
COMMAND: GET /session/4782f8729a76edfdb31ae021f37f4e15/screenshot - {}
RESULT: {}
COMMAND: POST /session/4782f8729a76edfdb31ae021f37f4e15/execute/sync - {"script":"<script> [8489 bytes]","args":[{"element-6066-11e4-a52e-4f735466cecf":"f.47FBE749F50BBE52AFAC717F22AEC391.d.F3BF23C3DE102FD9C5501BB442F506CF.e.2001","ELEMENT":"f.47FBE749F50BBE52AFAC717F22AEC391.d.F3BF23C3DE102FD9C5501BB442F506CF.e.2001"}]}
COMMAND: GET /session/4782f8729a76edfdb31ae021f37f4e15/screenshot - {}
RESULT: {}
RESULT: {"script":"<script> [8489 bytes]","args":[{"element-6066-11e4-a52e-4f735466cecf":"f.47FBE749F50BBE52AFAC717F22AEC391.d.F3BF23C3DE102FD9C5501BB442F506CF.e.2001","ELEMENT":"f.47FBE749F50BBE52AFAC717F22AEC391.d.F3BF23C3DE102FD9C5501BB442F506CF.e.2001"}]}
COMMAND: POST /session/4782f8729a76edfdb31ae021f37f4e15/execute/sync - {"script":"<script> [5351 bytes]","args":[{"element-6066-11e4-a52e-4f735466cecf":"f.47FBE749F50BBE52AFAC717F22AEC391.d.F3BF23C3DE102FD9C5501BB442F506CF.e.2001","ELEMENT":"f.47FBE749F50BBE52AFAC717F22AEC391.d.F3BF23C3DE102FD9C5501BB442F506CF.e.2001"}]}
COMMAND: GET /session/4782f8729a76edfdb31ae021f37f4e15/screenshot - {}
RESULT: {}
RESULT: {"script":"<script> [5351 bytes]","args":[{"element-6066-11e4-a52e-4f735466cecf":"f.47FBE749F50BBE52AFAC717F22AEC391.d.F3BF23C3DE102FD9C5501BB442F506CF.e.2001","ELEMENT":"f.47FBE749F50BBE52AFAC717F22AEC391.d.F3BF23C3DE102FD9C5501BB442F506CF.e.2001"}]}
COMMAND: POST /session/4782f8729a76edfdb31ae021f37f4e15/element/f.47FBE749F50BBE52AFAC717F22AEC391.d.F3BF23C3DE102FD9C5501BB442F506CF.e.2001/click - {}
COMMAND: GET /session/4782f8729a76edfdb31ae021f37f4e15/screenshot - {}
RESULT: {}
RESULT: {}
COMMAND: GET /session/4782f8729a76edfdb31ae021f37f4e15/screenshot - {}
RESULT: {}
RESULT: {}
COMMAND: POST /session/4782f8729a76edfdb31ae021f37f4e15/execute/async - {"script":"<script> [1562 bytes]","args":[{"selector":{"controlType":"sap.m.Title","viewName":"etm.portal.ui.managepricingrules.view.NewItem","viewId":"application-managepricingrules-display-component---newInfoPriceItem","properties":{"text":"New Pricing Rules - Item Level"}},"wdio_ui5_key":"etmportal.ui.managepricingrules.view.NewItemsap.m.Title{\"text\":\"New Pricing Rules - Item Level\"}"}]}
RESULT: {"script":"<script> [1562 bytes]","args":[{"selector":{"controlType":"sap.m.Title","viewName":"etm.portal.ui.managepricingrules.view.NewItem","viewId":"application-managepricingrules-display-component---newInfoPriceItem","properties":{"text":"New Pricing Rules - Item Level"}},"wdio_ui5_key":"etmportal.ui.managepricingrules.view.NewItemsap.m.Title{\"text\":\"New Pricing Rules - Item Level\"}"}]}
RESULT: undefined
COMMAND: POST /session/4782f8729a76edfdb31ae021f37f4e15/execute/async - {"script":"<script> [6424 bytes]","args":[{"element-6066-11e4-a52e-4f735466cecf":"f.47FBE749F50BBE52AFAC717F22AEC391.d.F3BF23C3DE102FD9C5501BB442F506CF.e.2282"},"getText",[]]}
RESULT: {"script":"<script> [6424 bytes]","args":[{"element-6066-11e4-a52e-4f735466cecf":"f.47FBE749F50BBE52AFAC717F22AEC391.d.F3BF23C3DE102FD9C5501BB442F506CF.e.2282"},"getText",[]]}
COMMAND: POST /session/4782f8729a76edfdb31ae021f37f4e15/execute/async - {"script":"<script> [1562 bytes]","args":[{"selector":{"id":"application-managepricingrules-display-component---newInfoPriceItem--condValidTo","interaction":{"idSuffix":"inner"}},"wdio_ui5_key":"applicationmanagepricingrules-display-component---newInfoPriceItem--condValidTo"}]}
RESULT: {"script":"<script> [1562 bytes]","args":[{"selector":{"id":"application-managepricingrules-display-component---newInfoPriceItem--condValidTo","interaction":{"idSuffix":"inner"}},"wdio_ui5_key":"applicationmanagepricingrules-display-component---newInfoPriceItem--condValidTo"}]}
RESULT: undefined
COMMAND: POST /session/4782f8729a76edfdb31ae021f37f4e15/execute/async - {"script":"<script> [776 bytes]","args":[{"enterText":"12/11/25","selector":{"id":"application-managepricingrules-display-component---newInfoPriceItem--condValidTo","interaction":{"idSuffix":"inner"}},"clearTextFirst":true,"interactionType":"ENTER_TEXT"}]}
RESULT: {"script":"<script> [776 bytes]","args":[{"enterText":"12/11/25","selector":{"id":"application-managepricingrules-display-component---newInfoPriceItem--condValidTo","interaction":{"idSuffix":"inner"}},"clearTextFirst":true,"interactionType":"ENTER_TEXT"}]}
COMMAND: POST /session/4782f8729a76edfdb31ae021f37f4e15/element - {"using":"xpath","value":"//input[@id=\"application-managepricingrules-display-component---newInfoPriceItem--condRU-inner\"]"}
RESULT: {"using":"xpath","value":"//input[@id=\"application-managepricingrules-display-component---newInfoPriceItem--condRU-inner\"]"}
COMMAND: POST /session/4782f8729a76edfdb31ae021f37f4e15/element/f.47FBE749F50BBE52AFAC717F22AEC391.d.F3BF23C3DE102FD9C5501BB442F506CF.e.2252/clear - {}
RESULT: {}
COMMAND: POST /session/4782f8729a76edfdb31ae021f37f4e15/element/f.47FBE749F50BBE52AFAC717F22AEC391.d.F3BF23C3DE102FD9C5501BB442F506CF.e.2252/value - {"text":"UAApCEsY8n"}
COMMAND: GET /session/4782f8729a76edfdb31ae021f37f4e15/screenshot - {}
RESULT: {"text":"UAApCEsY8n"}
COMMAND: GET /session/4782f8729a76edfdb31ae021f37f4e15/screenshot - {}
RESULT: {}
RESULT: {}
COMMAND: POST /session/4782f8729a76edfdb31ae021f37f4e15/execute/async - {"script":"<script> [1562 bytes]","args":[{"selector":{"id":"application-managepricingrules-display-component---newInfoPriceItem--billType-arrow"},"wdio_ui5_key":"applicationmanagepricingrules-display-component---newInfoPriceItem--billType-arrow"}]}
RESULT: {"script":"<script> [1562 bytes]","args":[{"selector":{"id":"application-managepricingrules-display-component---newInfoPriceItem--billType-arrow"},"wdio_ui5_key":"applicationmanagepricingrules-display-component---newInfoPriceItem--billType-arrow"}]}
RESULT: undefined
COMMAND: POST /session/4782f8729a76edfdb31ae021f37f4e15/element - {"using":"xpath","value":"//*[@id=\"application-managepricingrules-display-component---newInfoPriceItem--billType-arrow\"]"}
RESULT: {"using":"xpath","value":"//*[@id=\"application-managepricingrules-display-component---newInfoPriceItem--billType-arrow\"]"}
COMMAND: POST /session/4782f8729a76edfdb31ae021f37f4e15/element/f.47FBE749F50BBE52AFAC717F22AEC391.d.F3BF23C3DE102FD9C5501BB442F506CF.e.2345/click - {}
RESULT: {}
COMMAND: POST /session/4782f8729a76edfdb31ae021f37f4e15/element - {"using":"xpath","value":"//span[contains(text(), \"OT - Sales (one-time)\")]"}
COMMAND: GET /session/4782f8729a76edfdb31ae021f37f4e15/screenshot - {}
RESULT: {"using":"xpath","value":"//span[contains(text(), \"OT - Sales (one-time)\")]"}
COMMAND: POST /session/4782f8729a76edfdb31ae021f37f4e15/element/f.47FBE749F50BBE52AFAC717F22AEC391.d.F3BF23C3DE102FD9C5501BB442F506CF.e.2389/click - {}
RESULT: {}
RESULT: {}
COMMAND: POST /session/4782f8729a76edfdb31ae021f37f4e15/execute/async - {"script":"<script> [1562 bytes]","args":[{"selector":{"id":"application-managepricingrules-display-component---newInfoPriceItem--priceProc-arrow"},"wdio_ui5_key":"applicationmanagepricingrules-display-component---newInfoPriceItem--priceProc-arrow"}]}
COMMAND: GET /session/4782f8729a76edfdb31ae021f37f4e15/screenshot - {}
RESULT: {"script":"<script> [1562 bytes]","args":[{"selector":{"id":"application-managepricingrules-display-component---newInfoPriceItem--priceProc-arrow"},"wdio_ui5_key":"applicationmanagepricingrules-display-component---newInfoPriceItem--priceProc-arrow"}]}
RESULT: undefined
COMMAND: POST /session/4782f8729a76edfdb31ae021f37f4e15/element - {"using":"xpath","value":"//*[@id=\"application-managepricingrules-display-component---newInfoPriceItem--priceProc-arrow\"]"}
RESULT: {}
RESULT: {"using":"xpath","value":"//*[@id=\"application-managepricingrules-display-component---newInfoPriceItem--priceProc-arrow\"]"}
COMMAND: POST /session/4782f8729a76edfdb31ae021f37f4e15/element/f.47FBE749F50BBE52AFAC717F22AEC391.d.F3BF23C3DE102FD9C5501BB442F506CF.e.2352/click - {}
RESULT: {}
COMMAND: POST /session/4782f8729a76edfdb31ae021f37f4e15/element - {"using":"xpath","value":"//span[contains(text(), \"MAT - Material\")]"}
COMMAND: GET /session/4782f8729a76edfdb31ae021f37f4e15/screenshot - {}
RESULT: {"using":"xpath","value":"//span[contains(text(), \"MAT - Material\")]"}
COMMAND: POST /session/4782f8729a76edfdb31ae021f37f4e15/element/f.47FBE749F50BBE52AFAC717F22AEC391.d.F3BF23C3DE102FD9C5501BB442F506CF.e.2390/click - {}
RESULT: {}
RESULT: {}
COMMAND: POST /session/4782f8729a76edfdb31ae021f37f4e15/execute/async - {"script":"<script> [1562 bytes]","args":[{"selector":{"id":"application-managepricingrules-display-component---newInfoPriceItem--calcBase-arrow"},"wdio_ui5_key":"applicationmanagepricingrules-display-component---newInfoPriceItem--calcBase-arrow"}]}
COMMAND: GET /session/4782f8729a76edfdb31ae021f37f4e15/screenshot - {}
RESULT: {"script":"<script> [1562 bytes]","args":[{"selector":{"id":"application-managepricingrules-display-component---newInfoPriceItem--calcBase-arrow"},"wdio_ui5_key":"applicationmanagepricingrules-display-component---newInfoPriceItem--calcBase-arrow"}]}
RESULT: undefined
COMMAND: POST /session/4782f8729a76edfdb31ae021f37f4e15/element - {"using":"xpath","value":"//*[@id=\"application-managepricingrules-display-component---newInfoPriceItem--calcBase-arrow\"]"}
RESULT: {}
RESULT: {"using":"xpath","value":"//*[@id=\"application-managepricingrules-display-component---newInfoPriceItem--calcBase-arrow\"]"}
COMMAND: POST /session/4782f8729a76edfdb31ae021f37f4e15/element/f.47FBE749F50BBE52AFAC717F22AEC391.d.F3BF23C3DE102FD9C5501BB442F506CF.e.2359/click - {}
RESULT: {}
COMMAND: GET /session/4782f8729a76edfdb31ae021f37f4e15/screenshot - {}
RESULT: {}
COMMAND: POST /session/4782f8729a76edfdb31ae021f37f4e15/element - {"using":"xpath","value":"//span[contains(text(), \"0001 - TB(exact month + cal_days)\")]"}
RESULT: {"using":"xpath","value":"//span[contains(text(), \"0001 - TB(exact month + cal_days)\")]"}
COMMAND: POST /session/4782f8729a76edfdb31ae021f37f4e15/element/f.47FBE749F50BBE52AFAC717F22AEC391.d.F3BF23C3DE102FD9C5501BB442F506CF.e.2391/click - {}
RESULT: {}
COMMAND: GET /session/4782f8729a76edfdb31ae021f37f4e15/screenshot - {}
RESULT: {}
COMMAND: POST /session/4782f8729a76edfdb31ae021f37f4e15/element - {"using":"xpath","value":"//button[@data-kt=\"saveNewRuleButton\"]"}
RESULT: {"using":"xpath","value":"//button[@data-kt=\"saveNewRuleButton\"]"}
COMMAND: POST /session/4782f8729a76edfdb31ae021f37f4e15/element/f.47FBE749F50BBE52AFAC717F22AEC391.d.F3BF23C3DE102FD9C5501BB442F506CF.e.2379/click - {}
RESULT: {}
COMMAND: GET /session/4782f8729a76edfdb31ae021f37f4e15/screenshot - {}
RESULT: {}
COMMAND: POST /session/4782f8729a76edfdb31ae021f37f4e15/execute/async - {"script":"<script> [1562 bytes]","args":[{"selector":{"id":"application-managepricingrules-display-component---priceInfoItem--smartFilterBar-btnBasicSearch","interaction":{"idSuffix":"I"}},"wdio_ui5_key":"applicationmanagepricingrules-display-component---priceInfoItem--smartFilterBar-btnBasicSearch"}]}
RESULT: {"script":"<script> [1562 bytes]","args":[{"selector":{"id":"application-managepricingrules-display-component---priceInfoItem--smartFilterBar-btnBasicSearch","interaction":{"idSuffix":"I"}},"wdio_ui5_key":"applicationmanagepricingrules-display-component---priceInfoItem--smartFilterBar-btnBasicSearch"}]}
RESULT: undefined
COMMAND: POST /session/4782f8729a76edfdb31ae021f37f4e15/execute/async - {"script":"<script> [776 bytes]","args":[{"enterText":"UAApCEsY8n","selector":{"id":"application-managepricingrules-display-component---priceInfoItem--smartFilterBar-btnBasicSearch","interaction":{"idSuffix":"I"}},"clearTextFirst":true,"interactionType":"ENTER_TEXT"}]}
RESULT: {"script":"<script> [776 bytes]","args":[{"enterText":"UAApCEsY8n","selector":{"id":"application-managepricingrules-display-component---priceInfoItem--smartFilterBar-btnBasicSearch","interaction":{"idSuffix":"I"}},"clearTextFirst":true,"interactionType":"ENTER_TEXT"}]}
COMMAND: POST /session/4782f8729a76edfdb31ae021f37f4e15/actions - {"actions":[{"id":"action9","type":"key","parameters":{},"actions":[{"type":"keyDown","value":""},{"type":"pause","duration":10},{"type":"keyUp","value":""}]}]}
RESULT: {"actions":[{"id":"action9","type":"key","parameters":{},"actions":[{"type":"keyDown","value":""},{"type":"pause","duration":10},{"type":"keyUp","value":""}]}]}
COMMAND: GET /session/4782f8729a76edfdb31ae021f37f4e15/screenshot - {}
RESULT: {}
COMMAND: POST /session/4782f8729a76edfdb31ae021f37f4e15/element - {"using":"xpath","value":"//span[@id=\"application-managepricingrules-display-component---priceInfoItem--smartTable-header-inner\"]"}
RESULT: {"using":"xpath","value":"//span[@id=\"application-managepricingrules-display-component---priceInfoItem--smartTable-header-inner\"]"}
COMMAND: POST /session/4782f8729a76edfdb31ae021f37f4e15/elements - {"using":"xpath","value":"//span[@id=\"application-managepricingrules-display-component---priceInfoItem--smartTable-header-inner\"]"}
RESULT: {"using":"xpath","value":"//span[@id=\"application-managepricingrules-display-component---priceInfoItem--smartTable-header-inner\"]"}
COMMAND: POST /session/4782f8729a76edfdb31ae021f37f4e15/execute/sync - {"script":"<script> [56 bytes]","args":[{"element-6066-11e4-a52e-4f735466cecf":"f.47FBE749F50BBE52AFAC717F22AEC391.d.F3BF23C3DE102FD9C5501BB442F506CF.e.2431","ELEMENT":"f.47FBE749F50BBE52AFAC717F22AEC391.d.F3BF23C3DE102FD9C5501BB442F506CF.e.2431"}]}
RESULT: {"script":"<script> [56 bytes]","args":[{"element-6066-11e4-a52e-4f735466cecf":"f.47FBE749F50BBE52AFAC717F22AEC391.d.F3BF23C3DE102FD9C5501BB442F506CF.e.2431","ELEMENT":"f.47FBE749F50BBE52AFAC717F22AEC391.d.F3BF23C3DE102FD9C5501BB442F506CF.e.2431"}]}
COMMAND: POST /session/4782f8729a76edfdb31ae021f37f4e15/element - {"using":"css selector","value":"#shell-header-logo"}
COMMAND: GET /session/4782f8729a76edfdb31ae021f37f4e15/screenshot - {}
RESULT: {"using":"css selector","value":"#shell-header-logo"}
COMMAND: POST /session/4782f8729a76edfdb31ae021f37f4e15/element/f.47FBE749F50BBE52AFAC717F22AEC391.d.F3BF23C3DE102FD9C5501BB442F506CF.e.1910/click - {}
RESULT: {}
RESULT: {}
COMMAND: GET /session/4782f8729a76edfdb31ae021f37f4e15/screenshot - {}
RESULT: {}
COMMAND: POST /session/4782f8729a76edfdb31ae021f37f4e15/element - {"using":"css selector","value":"#j_username"}
COMMAND: POST /session/4782f8729a76edfdb31ae021f37f4e15/url - {"url":"https://qa-testing-00-live-etm-ui.cfapps.eu10-004.hana.ondemand.com/"}
RESULT: {"using":"css selector","value":"#j_username"}
COMMAND: POST /session/4782f8729a76edfdb31ae021f37f4e15/element - {"using":"css selector","value":"#j_username"}
RESULT: {"url":"https://qa-testing-00-live-etm-ui.cfapps.eu10-004.hana.ondemand.com/"}
RESULT: undefined
COMMAND: GET /session/4782f8729a76edfdb31ae021f37f4e15/screenshot - {}
RESULT: {"using":"css selector","value":"#j_username"}
COMMAND: POST /session/4782f8729a76edfdb31ae021f37f4e15/element - {"using":"css selector","value":"#shell-header-logo"}
RESULT: {}
RESULT: {"using":"css selector","value":"#shell-header-logo"}
COMMAND: POST /session/4782f8729a76edfdb31ae021f37f4e15/execute/sync - {"script":"<script> [8489 bytes]","args":[{"element-6066-11e4-a52e-4f735466cecf":"f.47FBE749F50BBE52AFAC717F22AEC391.d.9C078A4F5DEE10C8EA10A583CB81CB49.e.2459","ELEMENT":"f.47FBE749F50BBE52AFAC717F22AEC391.d.9C078A4F5DEE10C8EA10A583CB81CB49.e.2459"}]}
RESULT: {"script":"<script> [8489 bytes]","args":[{"element-6066-11e4-a52e-4f735466cecf":"f.47FBE749F50BBE52AFAC717F22AEC391.d.9C078A4F5DEE10C8EA10A583CB81CB49.e.2459","ELEMENT":"f.47FBE749F50BBE52AFAC717F22AEC391.d.9C078A4F5DEE10C8EA10A583CB81CB49.e.2459"}]}
COMMAND: POST /session/4782f8729a76edfdb31ae021f37f4e15/element - {"using":"css selector","value":"#shell-header-logo"}
COMMAND: GET /session/4782f8729a76edfdb31ae021f37f4e15/screenshot - {}
RESULT: {"using":"css selector","value":"#shell-header-logo"}
COMMAND: POST /session/4782f8729a76edfdb31ae021f37f4e15/execute/sync - {"script":"<script> [8489 bytes]","args":[{"element-6066-11e4-a52e-4f735466cecf":"f.47FBE749F50BBE52AFAC717F22AEC391.d.9C078A4F5DEE10C8EA10A583CB81CB49.e.2459","ELEMENT":"f.47FBE749F50BBE52AFAC717F22AEC391.d.9C078A4F5DEE10C8EA10A583CB81CB49.e.2459"}]}
RESULT: {}
RESULT: {"script":"<script> [8489 bytes]","args":[{"element-6066-11e4-a52e-4f735466cecf":"f.47FBE749F50BBE52AFAC717F22AEC391.d.9C078A4F5DEE10C8EA10A583CB81CB49.e.2459","ELEMENT":"f.47FBE749F50BBE52AFAC717F22AEC391.d.9C078A4F5DEE10C8EA10A583CB81CB49.e.2459"}]}
COMMAND: POST /session/4782f8729a76edfdb31ae021f37f4e15/execute/sync - {"script":"<script> [5351 bytes]","args":[{"element-6066-11e4-a52e-4f735466cecf":"f.47FBE749F50BBE52AFAC717F22AEC391.d.9C078A4F5DEE10C8EA10A583CB81CB49.e.2459","ELEMENT":"f.47FBE749F50BBE52AFAC717F22AEC391.d.9C078A4F5DEE10C8EA10A583CB81CB49.e.2459"}]}
COMMAND: GET /session/4782f8729a76edfdb31ae021f37f4e15/screenshot - {}
RESULT: {"script":"<script> [5351 bytes]","args":[{"element-6066-11e4-a52e-4f735466cecf":"f.47FBE749F50BBE52AFAC717F22AEC391.d.9C078A4F5DEE10C8EA10A583CB81CB49.e.2459","ELEMENT":"f.47FBE749F50BBE52AFAC717F22AEC391.d.9C078A4F5DEE10C8EA10A583CB81CB49.e.2459"}]}
COMMAND: POST /session/4782f8729a76edfdb31ae021f37f4e15/element - {"using":"css selector","value":"#shell-header-logo"}
COMMAND: GET /session/4782f8729a76edfdb31ae021f37f4e15/screenshot - {}
RESULT: {}
RESULT: {"using":"css selector","value":"#shell-header-logo"}
COMMAND: POST /session/4782f8729a76edfdb31ae021f37f4e15/element/f.47FBE749F50BBE52AFAC717F22AEC391.d.9C078A4F5DEE10C8EA10A583CB81CB49.e.2459/click - {}
RESULT: {}
RESULT: {}
COMMAND: GET /session/4782f8729a76edfdb31ae021f37f4e15/screenshot - {}
RESULT: {}
COMMAND: POST /session/4782f8729a76edfdb31ae021f37f4e15/execute/async - {"script":"<script> [189 bytes]","args":[]}
RESULT: {"script":"<script> [189 bytes]","args":[]}
COMMAND: POST /session/4782f8729a76edfdb31ae021f37f4e15/execute/async - {"script":"<script> [123 bytes]","args":[]}
RESULT: {"script":"<script> [123 bytes]","args":[]}
COMMAND: POST /session/4782f8729a76edfdb31ae021f37f4e15/timeouts - {"script":"<number>"}
RESULT: {"script":"<number>"}
COMMAND: GET /session/4782f8729a76edfdb31ae021f37f4e15/timeouts - {}
RESULT: {}
RESULT: undefined
COMMAND: POST /session/4782f8729a76edfdb31ae021f37f4e15/execute/async - {"script":"<script> [2676 bytes]","args":[]}
RESULT: {"script":"<script> [2676 bytes]","args":[]}
COMMAND: POST /session/4782f8729a76edfdb31ae021f37f4e15/execute/async - {"script":"<script> [2342 bytes]","args":[{"protocol":"http","hostname":"0.0.0.0","path":"/","capabilities":{"browserName":"chrome","goog:chromeOptions":{"binary":"C:\\Program Files\\Google\\Chrome\\Application\\chrome.exe"}},"logLevel":"warn","connectionRetryTimeout":120000,"connectionRetryCount":3,"logLevels":{},"enableDirectConnect":true,"strictSSL":true,"_":"65 more keys: [\"cacheDir\",\"port\",\"requestedCapabilities\",\"automationProtocol\",\"baseUrl\",\"waitforInterval\",\"waitforTimeout\",\"onReload\",\"beforeCommand\",\"afterCommand\",\"rootDir\",\"specs\",\"suites\",\"exclude\",\"groupLogsByTestSpec\",\"excludeDriverLogs\",\"bail\",\"framework\",\"reporters\",\"services\",\"maxInstances\",\"maxInstancesPerCapability\",\"injectGlobals\",\"filesToWatch\",\"execArgv\",\"runnerEnv\",\"runner\",\"shard\",\"specFileRetries\",\"specFileRetriesDelay\",\"specFileRetriesDeferred\",\"reporterSyncInterval\",\"reporterSyncTimeout\",\"cucumberFeaturesWithLineNumbers\",\"autoCompileOpts\",\"mochaOpts\",\"jasmineOpts\",\"cucumberOpts\",\"onPrepare\",\"onWorkerStart\",\"onWorkerEnd\",\"before\",\"beforeSession\",\"beforeSuite\",\"beforeHook\",\"beforeTest\",\"afterTest\",\"afterHook\",\"afterSuite\",\"afterSession\",\"after\",\"onComplete\",\"beforeAssertion\",\"afterAssertion\",\"beforeFeature\",\"beforeScenario\",\"beforeStep\",\"afterStep\",\"afterScenario\",\"afterFeature\",\"_\",\"suite\",\"$0\",\"ignoredWorkerServices\",\"wdi5\"]"}]}
RESULT: {"script":"<script> [2342 bytes]","args":[{"protocol":"http","hostname":"0.0.0.0","path":"/","capabilities":{"browserName":"chrome","goog:chromeOptions":{"binary":"C:\\Program Files\\Google\\Chrome\\Application\\chrome.exe"}},"logLevel":"warn","connectionRetryTimeout":120000,"connectionRetryCount":3,"logLevels":{},"enableDirectConnect":true,"strictSSL":true,"_":"65 more keys: [\"cacheDir\",\"port\",\"requestedCapabilities\",\"automationProtocol\",\"baseUrl\",\"waitforInterval\",\"waitforTimeout\",\"onReload\",\"beforeCommand\",\"afterCommand\",\"rootDir\",\"specs\",\"suites\",\"exclude\",\"groupLogsByTestSpec\",\"excludeDriverLogs\",\"bail\",\"framework\",\"reporters\",\"services\",\"maxInstances\",\"maxInstancesPerCapability\",\"injectGlobals\",\"filesToWatch\",\"execArgv\",\"runnerEnv\",\"runner\",\"shard\",\"specFileRetries\",\"specFileRetriesDelay\",\"specFileRetriesDeferred\",\"reporterSyncInterval\",\"reporterSyncTimeout\",\"cucumberFeaturesWithLineNumbers\",\"autoCompileOpts\",\"mochaOpts\",\"jasmineOpts\",\"cucumberOpts\",\"onPrepare\",\"onWorkerStart\",\"onWorkerEnd\",\"before\",\"beforeSession\",\"beforeSuite\",\"beforeHook\",\"beforeTest\",\"afterTest\",\"afterHook\",\"afterSuite\",\"afterSession\",\"after\",\"onComplete\",\"beforeAssertion\",\"afterAssertion\",\"beforeFeature\",\"beforeScenario\",\"beforeStep\",\"afterStep\",\"afterScenario\",\"afterFeature\",\"_\",\"suite\",\"$0\",\"ignoredWorkerServices\",\"wdi5\"]"}]}
COMMAND: POST /session/4782f8729a76edfdb31ae021f37f4e15/execute/async - {"script":"<script> [21126 bytes]","args":[35000]}
RESULT: {"script":"<script> [21126 bytes]","args":[35000]}
COMMAND: POST /session/4782f8729a76edfdb31ae021f37f4e15/window/maximize - {}
RESULT: {}
COMMAND: POST /session/4782f8729a76edfdb31ae021f37f4e15/execute/async - {"script":"<script> [1562 bytes]","args":[{"selector":{"id":"shell-header","interaction":{"idSuffix":"icon"}},"wdio_ui5_key":"shellheader"}]}
COMMAND: GET /session/4782f8729a76edfdb31ae021f37f4e15/screenshot - {}
RESULT: {"script":"<script> [1562 bytes]","args":[{"selector":{"id":"shell-header","interaction":{"idSuffix":"icon"}},"wdio_ui5_key":"shellheader"}]}
RESULT: undefined
COMMAND: POST /session/4782f8729a76edfdb31ae021f37f4e15/refresh - {}
RESULT: {}
RESULT: {}
COMMAND: GET /session/4782f8729a76edfdb31ae021f37f4e15/screenshot - {}
COMMAND: POST /session/4782f8729a76edfdb31ae021f37f4e15/execute/async - {"script":"<script> [189 bytes]","args":[]}
RESULT: {}
RESULT: {"script":"<script> [189 bytes]","args":[]}
COMMAND: POST /session/4782f8729a76edfdb31ae021f37f4e15/execute/async - {"script":"<script> [123 bytes]","args":[]}
RESULT: {"script":"<script> [123 bytes]","args":[]}
COMMAND: POST /session/4782f8729a76edfdb31ae021f37f4e15/timeouts - {"script":"<number>"}
RESULT: {"script":"<number>"}
COMMAND: GET /session/4782f8729a76edfdb31ae021f37f4e15/timeouts - {}
RESULT: {}
RESULT: undefined
COMMAND: POST /session/4782f8729a76edfdb31ae021f37f4e15/execute/async - {"script":"<script> [2676 bytes]","args":[]}
RESULT: {"script":"<script> [2676 bytes]","args":[]}
COMMAND: POST /session/4782f8729a76edfdb31ae021f37f4e15/execute/async - {"script":"<script> [2342 bytes]","args":[{"protocol":"http","hostname":"0.0.0.0","path":"/","capabilities":{"browserName":"chrome","goog:chromeOptions":{"binary":"C:\\Program Files\\Google\\Chrome\\Application\\chrome.exe"}},"logLevel":"warn","connectionRetryTimeout":120000,"connectionRetryCount":3,"logLevels":{},"enableDirectConnect":true,"strictSSL":true,"_":"65 more keys: [\"cacheDir\",\"port\",\"requestedCapabilities\",\"automationProtocol\",\"baseUrl\",\"waitforInterval\",\"waitforTimeout\",\"onReload\",\"beforeCommand\",\"afterCommand\",\"rootDir\",\"specs\",\"suites\",\"exclude\",\"groupLogsByTestSpec\",\"excludeDriverLogs\",\"bail\",\"framework\",\"reporters\",\"services\",\"maxInstances\",\"maxInstancesPerCapability\",\"injectGlobals\",\"filesToWatch\",\"execArgv\",\"runnerEnv\",\"runner\",\"shard\",\"specFileRetries\",\"specFileRetriesDelay\",\"specFileRetriesDeferred\",\"reporterSyncInterval\",\"reporterSyncTimeout\",\"cucumberFeaturesWithLineNumbers\",\"autoCompileOpts\",\"mochaOpts\",\"jasmineOpts\",\"cucumberOpts\",\"onPrepare\",\"onWorkerStart\",\"onWorkerEnd\",\"before\",\"beforeSession\",\"beforeSuite\",\"beforeHook\",\"beforeTest\",\"afterTest\",\"afterHook\",\"afterSuite\",\"afterSession\",\"after\",\"onComplete\",\"beforeAssertion\",\"afterAssertion\",\"beforeFeature\",\"beforeScenario\",\"beforeStep\",\"afterStep\",\"afterScenario\",\"afterFeature\",\"_\",\"suite\",\"$0\",\"ignoredWorkerServices\",\"wdi5\"]"}]}
RESULT: {"script":"<script> [2342 bytes]","args":[{"protocol":"http","hostname":"0.0.0.0","path":"/","capabilities":{"browserName":"chrome","goog:chromeOptions":{"binary":"C:\\Program Files\\Google\\Chrome\\Application\\chrome.exe"}},"logLevel":"warn","connectionRetryTimeout":120000,"connectionRetryCount":3,"logLevels":{},"enableDirectConnect":true,"strictSSL":true,"_":"65 more keys: [\"cacheDir\",\"port\",\"requestedCapabilities\",\"automationProtocol\",\"baseUrl\",\"waitforInterval\",\"waitforTimeout\",\"onReload\",\"beforeCommand\",\"afterCommand\",\"rootDir\",\"specs\",\"suites\",\"exclude\",\"groupLogsByTestSpec\",\"excludeDriverLogs\",\"bail\",\"framework\",\"reporters\",\"services\",\"maxInstances\",\"maxInstancesPerCapability\",\"injectGlobals\",\"filesToWatch\",\"execArgv\",\"runnerEnv\",\"runner\",\"shard\",\"specFileRetries\",\"specFileRetriesDelay\",\"specFileRetriesDeferred\",\"reporterSyncInterval\",\"reporterSyncTimeout\",\"cucumberFeaturesWithLineNumbers\",\"autoCompileOpts\",\"mochaOpts\",\"jasmineOpts\",\"cucumberOpts\",\"onPrepare\",\"onWorkerStart\",\"onWorkerEnd\",\"before\",\"beforeSession\",\"beforeSuite\",\"beforeHook\",\"beforeTest\",\"afterTest\",\"afterHook\",\"afterSuite\",\"afterSession\",\"after\",\"onComplete\",\"beforeAssertion\",\"afterAssertion\",\"beforeFeature\",\"beforeScenario\",\"beforeStep\",\"afterStep\",\"afterScenario\",\"afterFeature\",\"_\",\"suite\",\"$0\",\"ignoredWorkerServices\",\"wdi5\"]"}]}
COMMAND: POST /session/4782f8729a76edfdb31ae021f37f4e15/execute/async - {"script":"<script> [21126 bytes]","args":[35000]}
RESULT: {"script":"<script> [21126 bytes]","args":[35000]}
]]></system-out>
    </testcase>
  </testsuite>
  <testsuite timestamp="2025-04-11T17:10:41" time="335.829" tests="6" failures="0" errors="0" skipped="0">
    <properties>
      <property name="specId" value="0"/>
      <property name="suiteName" value="Edit and delete daily price US134629 US134627"/>
      <property name="capabilities" value="chrome.135_0_7049_42.windows"/>
      <property name="file" value="file:///D:/a/1/s/test/specs/BTS/conditions-prices-daily-price.spec.js"/>
    </properties>
    <testcase classname="chrome.135_0_7049_42.windows.Edit_and_delete_daily_price_US134629_US134627" name="Should create a new yard used for all following tests" time="0.571">
      <system-out><![CDATA[
COMMAND: POST /session/4782f8729a76edfdb31ae021f37f4e15/window/fullscreen - {}
RESULT: {}
]]></system-out>
    </testcase>
    <testcase classname="chrome.135_0_7049_42.windows.Edit_and_delete_daily_price_US134629_US134627" name="Should create a new partner" time="127.078">
      <system-out><![CDATA[
COMMAND: POST /session/4782f8729a76edfdb31ae021f37f4e15/window/fullscreen - {}
RESULT: {}
COMMAND: POST /session/4782f8729a76edfdb31ae021f37f4e15/execute/async - {"script":"<script> [1562 bytes]","args":[{"selector":{"controlType":"sap.m.GenericTile","properties":{"header":"Manage Partners"}},"wdio_ui5_key":"sapm.GenericTile{\"header\":\"Manage Partners\"}"}]}
RESULT: {"script":"<script> [1562 bytes]","args":[{"selector":{"controlType":"sap.m.GenericTile","properties":{"header":"Manage Partners"}},"wdio_ui5_key":"sapm.GenericTile{\"header\":\"Manage Partners\"}"}]}
RESULT: undefined
COMMAND: POST /session/4782f8729a76edfdb31ae021f37f4e15/element - {"using":"xpath","value":"//*[@id=\"__tile38\"]"}
RESULT: {"using":"xpath","value":"//*[@id=\"__tile38\"]"}
COMMAND: POST /session/4782f8729a76edfdb31ae021f37f4e15/element/f.47FBE749F50BBE52AFAC717F22AEC391.d.DFC2E4FEB55A02BA2EE852109E323257.e.2492/click - {}
RESULT: {}
COMMAND: POST /session/4782f8729a76edfdb31ae021f37f4e15/element - {"using":"xpath","value":"//button[@data-kt=\"addButton\"]"}
COMMAND: GET /session/4782f8729a76edfdb31ae021f37f4e15/screenshot - {}
RESULT: {"using":"xpath","value":"//button[@data-kt=\"addButton\"]"}
COMMAND: POST /session/4782f8729a76edfdb31ae021f37f4e15/elements - {"using":"xpath","value":"//button[@data-kt=\"addButton\"]"}
RESULT: {}
RESULT: {"using":"xpath","value":"//button[@data-kt=\"addButton\"]"}
COMMAND: POST /session/4782f8729a76edfdb31ae021f37f4e15/elements - {"using":"xpath","value":"//button[@data-kt=\"addButton\"]"}
RESULT: {"using":"xpath","value":"//button[@data-kt=\"addButton\"]"}
COMMAND: POST /session/4782f8729a76edfdb31ae021f37f4e15/elements - {"using":"xpath","value":"//button[@data-kt=\"addButton\"]"}
RESULT: {"using":"xpath","value":"//button[@data-kt=\"addButton\"]"}
COMMAND: POST /session/4782f8729a76edfdb31ae021f37f4e15/elements - {"using":"xpath","value":"//button[@data-kt=\"addButton\"]"}
RESULT: {"using":"xpath","value":"//button[@data-kt=\"addButton\"]"}
COMMAND: POST /session/4782f8729a76edfdb31ae021f37f4e15/elements - {"using":"xpath","value":"//button[@data-kt=\"addButton\"]"}
RESULT: {"using":"xpath","value":"//button[@data-kt=\"addButton\"]"}
COMMAND: POST /session/4782f8729a76edfdb31ae021f37f4e15/elements - {"using":"xpath","value":"//button[@data-kt=\"addButton\"]"}
RESULT: {"using":"xpath","value":"//button[@data-kt=\"addButton\"]"}
COMMAND: POST /session/4782f8729a76edfdb31ae021f37f4e15/elements - {"using":"xpath","value":"//button[@data-kt=\"addButton\"]"}
RESULT: {"using":"xpath","value":"//button[@data-kt=\"addButton\"]"}
COMMAND: POST /session/4782f8729a76edfdb31ae021f37f4e15/elements - {"using":"xpath","value":"//button[@data-kt=\"addButton\"]"}
RESULT: {"using":"xpath","value":"//button[@data-kt=\"addButton\"]"}
COMMAND: POST /session/4782f8729a76edfdb31ae021f37f4e15/elements - {"using":"xpath","value":"//button[@data-kt=\"addButton\"]"}
RESULT: {"using":"xpath","value":"//button[@data-kt=\"addButton\"]"}
COMMAND: POST /session/4782f8729a76edfdb31ae021f37f4e15/elements - {"using":"xpath","value":"//button[@data-kt=\"addButton\"]"}
RESULT: {"using":"xpath","value":"//button[@data-kt=\"addButton\"]"}
COMMAND: POST /session/4782f8729a76edfdb31ae021f37f4e15/elements - {"using":"xpath","value":"//button[@data-kt=\"addButton\"]"}
RESULT: {"using":"xpath","value":"//button[@data-kt=\"addButton\"]"}
COMMAND: POST /session/4782f8729a76edfdb31ae021f37f4e15/elements - {"using":"xpath","value":"//button[@data-kt=\"addButton\"]"}
RESULT: {"using":"xpath","value":"//button[@data-kt=\"addButton\"]"}
COMMAND: POST /session/4782f8729a76edfdb31ae021f37f4e15/elements - {"using":"xpath","value":"//button[@data-kt=\"addButton\"]"}
RESULT: {"using":"xpath","value":"//button[@data-kt=\"addButton\"]"}
COMMAND: POST /session/4782f8729a76edfdb31ae021f37f4e15/elements - {"using":"xpath","value":"//button[@data-kt=\"addButton\"]"}
RESULT: {"using":"xpath","value":"//button[@data-kt=\"addButton\"]"}
COMMAND: POST /session/4782f8729a76edfdb31ae021f37f4e15/elements - {"using":"xpath","value":"//button[@data-kt=\"addButton\"]"}
RESULT: {"using":"xpath","value":"//button[@data-kt=\"addButton\"]"}
COMMAND: POST /session/4782f8729a76edfdb31ae021f37f4e15/elements - {"using":"xpath","value":"//button[@data-kt=\"addButton\"]"}
RESULT: {"using":"xpath","value":"//button[@data-kt=\"addButton\"]"}
COMMAND: POST /session/4782f8729a76edfdb31ae021f37f4e15/elements - {"using":"xpath","value":"//button[@data-kt=\"addButton\"]"}
RESULT: {"using":"xpath","value":"//button[@data-kt=\"addButton\"]"}
COMMAND: POST /session/4782f8729a76edfdb31ae021f37f4e15/elements - {"using":"xpath","value":"//button[@data-kt=\"addButton\"]"}
RESULT: {"using":"xpath","value":"//button[@data-kt=\"addButton\"]"}
COMMAND: POST /session/4782f8729a76edfdb31ae021f37f4e15/elements - {"using":"xpath","value":"//button[@data-kt=\"addButton\"]"}
RESULT: {"using":"xpath","value":"//button[@data-kt=\"addButton\"]"}
COMMAND: POST /session/4782f8729a76edfdb31ae021f37f4e15/element - {"using":"xpath","value":"//button[@data-kt=\"addButton\"]"}
RESULT: {"using":"xpath","value":"//button[@data-kt=\"addButton\"]"}
COMMAND: POST /session/4782f8729a76edfdb31ae021f37f4e15/execute/sync - {"script":"<script> [8489 bytes]","args":[{"element-6066-11e4-a52e-4f735466cecf":"f.47FBE749F50BBE52AFAC717F22AEC391.d.DFC2E4FEB55A02BA2EE852109E323257.e.2541","ELEMENT":"f.47FBE749F50BBE52AFAC717F22AEC391.d.DFC2E4FEB55A02BA2EE852109E323257.e.2541"}]}
RESULT: {"script":"<script> [8489 bytes]","args":[{"element-6066-11e4-a52e-4f735466cecf":"f.47FBE749F50BBE52AFAC717F22AEC391.d.DFC2E4FEB55A02BA2EE852109E323257.e.2541","ELEMENT":"f.47FBE749F50BBE52AFAC717F22AEC391.d.DFC2E4FEB55A02BA2EE852109E323257.e.2541"}]}
COMMAND: GET /session/4782f8729a76edfdb31ae021f37f4e15/element/f.47FBE749F50BBE52AFAC717F22AEC391.d.DFC2E4FEB55A02BA2EE852109E323257.e.2541/enabled - {}
COMMAND: GET /session/4782f8729a76edfdb31ae021f37f4e15/screenshot - {}
RESULT: {}
COMMAND: POST /session/4782f8729a76edfdb31ae021f37f4e15/execute/sync - {"script":"<script> [8489 bytes]","args":[{"element-6066-11e4-a52e-4f735466cecf":"f.47FBE749F50BBE52AFAC717F22AEC391.d.DFC2E4FEB55A02BA2EE852109E323257.e.2541","ELEMENT":"f.47FBE749F50BBE52AFAC717F22AEC391.d.DFC2E4FEB55A02BA2EE852109E323257.e.2541"}]}
COMMAND: GET /session/4782f8729a76edfdb31ae021f37f4e15/screenshot - {}
RESULT: {}
RESULT: {"script":"<script> [8489 bytes]","args":[{"element-6066-11e4-a52e-4f735466cecf":"f.47FBE749F50BBE52AFAC717F22AEC391.d.DFC2E4FEB55A02BA2EE852109E323257.e.2541","ELEMENT":"f.47FBE749F50BBE52AFAC717F22AEC391.d.DFC2E4FEB55A02BA2EE852109E323257.e.2541"}]}
COMMAND: POST /session/4782f8729a76edfdb31ae021f37f4e15/execute/sync - {"script":"<script> [5351 bytes]","args":[{"element-6066-11e4-a52e-4f735466cecf":"f.47FBE749F50BBE52AFAC717F22AEC391.d.DFC2E4FEB55A02BA2EE852109E323257.e.2541","ELEMENT":"f.47FBE749F50BBE52AFAC717F22AEC391.d.DFC2E4FEB55A02BA2EE852109E323257.e.2541"}]}
COMMAND: GET /session/4782f8729a76edfdb31ae021f37f4e15/screenshot - {}
RESULT: {}
RESULT: {"script":"<script> [5351 bytes]","args":[{"element-6066-11e4-a52e-4f735466cecf":"f.47FBE749F50BBE52AFAC717F22AEC391.d.DFC2E4FEB55A02BA2EE852109E323257.e.2541","ELEMENT":"f.47FBE749F50BBE52AFAC717F22AEC391.d.DFC2E4FEB55A02BA2EE852109E323257.e.2541"}]}
COMMAND: POST /session/4782f8729a76edfdb31ae021f37f4e15/element/f.47FBE749F50BBE52AFAC717F22AEC391.d.DFC2E4FEB55A02BA2EE852109E323257.e.2541/click - {}
COMMAND: GET /session/4782f8729a76edfdb31ae021f37f4e15/screenshot - {}
RESULT: {}
RESULT: {}
COMMAND: GET /session/4782f8729a76edfdb31ae021f37f4e15/screenshot - {}
COMMAND: POST /session/4782f8729a76edfdb31ae021f37f4e15/execute/async - {"script":"<script> [1562 bytes]","args":[{"selector":{"id":"application-managepartners-display-component---NewPartner--addressDetailDetailsName1","interaction":{"idSuffix":"inner"}},"wdio_ui5_key":"applicationmanagepartners-display-component---NewPartner--addressDetailDetailsName1"}]}
RESULT: {}
RESULT: {}
RESULT: {"script":"<script> [1562 bytes]","args":[{"selector":{"id":"application-managepartners-display-component---NewPartner--addressDetailDetailsName1","interaction":{"idSuffix":"inner"}},"wdio_ui5_key":"applicationmanagepartners-display-component---NewPartner--addressDetailDetailsName1"}]}
RESULT: undefined
COMMAND: POST /session/4782f8729a76edfdb31ae021f37f4e15/execute/async - {"script":"<script> [776 bytes]","args":[{"enterText":"DailyPrice Partner WDIO","selector":{"id":"application-managepartners-display-component---NewPartner--addressDetailDetailsName1","interaction":{"idSuffix":"inner"}},"clearTextFirst":true,"interactionType":"ENTER_TEXT"}]}
RESULT: {"script":"<script> [776 bytes]","args":[{"enterText":"DailyPrice Partner WDIO","selector":{"id":"application-managepartners-display-component---NewPartner--addressDetailDetailsName1","interaction":{"idSuffix":"inner"}},"clearTextFirst":true,"interactionType":"ENTER_TEXT"}]}
COMMAND: POST /session/4782f8729a76edfdb31ae021f37f4e15/execute/async - {"script":"<script> [1562 bytes]","args":[{"selector":{"id":"application-managepartners-display-component---NewPartner--addressDetailDetailsLanguage-arrow"},"wdio_ui5_key":"applicationmanagepartners-display-component---NewPartner--addressDetailDetailsLanguage-arrow"}]}
RESULT: {"script":"<script> [1562 bytes]","args":[{"selector":{"id":"application-managepartners-display-component---NewPartner--addressDetailDetailsLanguage-arrow"},"wdio_ui5_key":"applicationmanagepartners-display-component---NewPartner--addressDetailDetailsLanguage-arrow"}]}
RESULT: undefined
COMMAND: POST /session/4782f8729a76edfdb31ae021f37f4e15/element - {"using":"xpath","value":"//*[@id=\"application-managepartners-display-component---NewPartner--addressDetailDetailsLanguage-arrow\"]"}
RESULT: {"using":"xpath","value":"//*[@id=\"application-managepartners-display-component---NewPartner--addressDetailDetailsLanguage-arrow\"]"}
COMMAND: POST /session/4782f8729a76edfdb31ae021f37f4e15/element/f.47FBE749F50BBE52AFAC717F22AEC391.d.DFC2E4FEB55A02BA2EE852109E323257.e.2871/click - {}
RESULT: {}
COMMAND: POST /session/4782f8729a76edfdb31ae021f37f4e15/element - {"using":"xpath","value":"//span[contains(text(), \"English\")]"}
COMMAND: GET /session/4782f8729a76edfdb31ae021f37f4e15/screenshot - {}
RESULT: {"using":"xpath","value":"//span[contains(text(), \"English\")]"}
COMMAND: POST /session/4782f8729a76edfdb31ae021f37f4e15/element/f.47FBE749F50BBE52AFAC717F22AEC391.d.DFC2E4FEB55A02BA2EE852109E323257.e.2872/click - {}
RESULT: {}
RESULT: {}
COMMAND: GET /session/4782f8729a76edfdb31ae021f37f4e15/screenshot - {}
RESULT: {}
COMMAND: POST /session/4782f8729a76edfdb31ae021f37f4e15/execute/async - {"script":"<script> [1562 bytes]","args":[{"selector":{"id":"application-managepartners-display-component---NewPartner--addressDetailDetailsCity1","interaction":{"idSuffix":"inner"}},"wdio_ui5_key":"applicationmanagepartners-display-component---NewPartner--addressDetailDetailsCity1"}]}
RESULT: {"script":"<script> [1562 bytes]","args":[{"selector":{"id":"application-managepartners-display-component---NewPartner--addressDetailDetailsCity1","interaction":{"idSuffix":"inner"}},"wdio_ui5_key":"applicationmanagepartners-display-component---NewPartner--addressDetailDetailsCity1"}]}
RESULT: undefined
COMMAND: POST /session/4782f8729a76edfdb31ae021f37f4e15/execute/async - {"script":"<script> [776 bytes]","args":[{"enterText":"Rosario","selector":{"id":"application-managepartners-display-component---NewPartner--addressDetailDetailsCity1","interaction":{"idSuffix":"inner"}},"clearTextFirst":true,"interactionType":"ENTER_TEXT"}]}
RESULT: {"script":"<script> [776 bytes]","args":[{"enterText":"Rosario","selector":{"id":"application-managepartners-display-component---NewPartner--addressDetailDetailsCity1","interaction":{"idSuffix":"inner"}},"clearTextFirst":true,"interactionType":"ENTER_TEXT"}]}
COMMAND: POST /session/4782f8729a76edfdb31ae021f37f4e15/execute/async - {"script":"<script> [1562 bytes]","args":[{"selector":{"id":"application-managepartners-display-component---NewPartner--addressDetailDetailsCountry-arrow"},"wdio_ui5_key":"applicationmanagepartners-display-component---NewPartner--addressDetailDetailsCountry-arrow"}]}
RESULT: {"script":"<script> [1562 bytes]","args":[{"selector":{"id":"application-managepartners-display-component---NewPartner--addressDetailDetailsCountry-arrow"},"wdio_ui5_key":"applicationmanagepartners-display-component---NewPartner--addressDetailDetailsCountry-arrow"}]}
RESULT: undefined
COMMAND: POST /session/4782f8729a76edfdb31ae021f37f4e15/element - {"using":"xpath","value":"//*[@id=\"application-managepartners-display-component---NewPartner--addressDetailDetailsCountry-arrow\"]"}
RESULT: {"using":"xpath","value":"//*[@id=\"application-managepartners-display-component---NewPartner--addressDetailDetailsCountry-arrow\"]"}
COMMAND: POST /session/4782f8729a76edfdb31ae021f37f4e15/element/f.47FBE749F50BBE52AFAC717F22AEC391.d.DFC2E4FEB55A02BA2EE852109E323257.e.2856/click - {}
RESULT: {}
COMMAND: POST /session/4782f8729a76edfdb31ae021f37f4e15/element - {"using":"xpath","value":"//span[contains(text(), \"Argentina\")]"}
COMMAND: GET /session/4782f8729a76edfdb31ae021f37f4e15/screenshot - {}
RESULT: {"using":"xpath","value":"//span[contains(text(), \"Argentina\")]"}
COMMAND: POST /session/4782f8729a76edfdb31ae021f37f4e15/element/f.47FBE749F50BBE52AFAC717F22AEC391.d.DFC2E4FEB55A02BA2EE852109E323257.e.2874/click - {}
RESULT: {}
RESULT: {}
COMMAND: GET /session/4782f8729a76edfdb31ae021f37f4e15/screenshot - {}
RESULT: {}
COMMAND: POST /session/4782f8729a76edfdb31ae021f37f4e15/element - {"using":"xpath","value":"//bdi[contains(text(), \"Commercial\")]"}
RESULT: {"using":"xpath","value":"//bdi[contains(text(), \"Commercial\")]"}
COMMAND: POST /session/4782f8729a76edfdb31ae021f37f4e15/element/f.47FBE749F50BBE52AFAC717F22AEC391.d.DFC2E4FEB55A02BA2EE852109E323257.e.2875/click - {}
RESULT: {}
COMMAND: GET /session/4782f8729a76edfdb31ae021f37f4e15/screenshot - {}
RESULT: {}
COMMAND: POST /session/4782f8729a76edfdb31ae021f37f4e15/execute/async - {"script":"<script> [1562 bytes]","args":[{"selector":{"id":"application-managepartners-display-component---NewPartner--partnerDetailInternal-arrow"},"wdio_ui5_key":"applicationmanagepartners-display-component---NewPartner--partnerDetailInternal-arrow"}]}
RESULT: {"script":"<script> [1562 bytes]","args":[{"selector":{"id":"application-managepartners-display-component---NewPartner--partnerDetailInternal-arrow"},"wdio_ui5_key":"applicationmanagepartners-display-component---NewPartner--partnerDetailInternal-arrow"}]}
RESULT: undefined
COMMAND: POST /session/4782f8729a76edfdb31ae021f37f4e15/element - {"using":"xpath","value":"//*[@id=\"application-managepartners-display-component---NewPartner--partnerDetailInternal-arrow\"]"}
RESULT: {"using":"xpath","value":"//*[@id=\"application-managepartners-display-component---NewPartner--partnerDetailInternal-arrow\"]"}
COMMAND: POST /session/4782f8729a76edfdb31ae021f37f4e15/element/f.47FBE749F50BBE52AFAC717F22AEC391.d.DFC2E4FEB55A02BA2EE852109E323257.e.2881/click - {}
RESULT: {}
COMMAND: POST /session/4782f8729a76edfdb31ae021f37f4e15/element - {"using":"xpath","value":"//span[contains(text(), \"Affiliated company\")]"}
COMMAND: GET /session/4782f8729a76edfdb31ae021f37f4e15/screenshot - {}
RESULT: {"using":"xpath","value":"//span[contains(text(), \"Affiliated company\")]"}
COMMAND: POST /session/4782f8729a76edfdb31ae021f37f4e15/element/f.47FBE749F50BBE52AFAC717F22AEC391.d.DFC2E4FEB55A02BA2EE852109E323257.e.2882/click - {}
RESULT: {}
RESULT: {}
COMMAND: POST /session/4782f8729a76edfdb31ae021f37f4e15/execute/async - {"script":"<script> [1562 bytes]","args":[{"selector":{"id":"application-managepartners-display-component---NewPartner--partnerDetailsCurrency-arrow"},"wdio_ui5_key":"applicationmanagepartners-display-component---NewPartner--partnerDetailsCurrency-arrow"}]}
COMMAND: GET /session/4782f8729a76edfdb31ae021f37f4e15/screenshot - {}
RESULT: {"script":"<script> [1562 bytes]","args":[{"selector":{"id":"application-managepartners-display-component---NewPartner--partnerDetailsCurrency-arrow"},"wdio_ui5_key":"applicationmanagepartners-display-component---NewPartner--partnerDetailsCurrency-arrow"}]}
RESULT: undefined
COMMAND: POST /session/4782f8729a76edfdb31ae021f37f4e15/element - {"using":"xpath","value":"//*[@id=\"application-managepartners-display-component---NewPartner--partnerDetailsCurrency-arrow\"]"}
RESULT: {}
RESULT: {"using":"xpath","value":"//*[@id=\"application-managepartners-display-component---NewPartner--partnerDetailsCurrency-arrow\"]"}
COMMAND: POST /session/4782f8729a76edfdb31ae021f37f4e15/element/f.47FBE749F50BBE52AFAC717F22AEC391.d.DFC2E4FEB55A02BA2EE852109E323257.e.2889/click - {}
RESULT: {}
COMMAND: POST /session/4782f8729a76edfdb31ae021f37f4e15/element - {"using":"xpath","value":"//span[contains(text(), \"Euro\")]"}
COMMAND: GET /session/4782f8729a76edfdb31ae021f37f4e15/screenshot - {}
RESULT: {"using":"xpath","value":"//span[contains(text(), \"Euro\")]"}
COMMAND: POST /session/4782f8729a76edfdb31ae021f37f4e15/element/f.47FBE749F50BBE52AFAC717F22AEC391.d.DFC2E4FEB55A02BA2EE852109E323257.e.2890/click - {}
RESULT: {}
RESULT: {}
COMMAND: POST /session/4782f8729a76edfdb31ae021f37f4e15/execute/async - {"script":"<script> [1562 bytes]","args":[{"selector":{"id":"application-managepartners-display-component---NewPartner--addressEditDetailsCostObjectCstType-arrow"},"wdio_ui5_key":"applicationmanagepartners-display-component---NewPartner--addressEditDetailsCostObjectCstType-arrow"}]}
COMMAND: GET /session/4782f8729a76edfdb31ae021f37f4e15/screenshot - {}
RESULT: {"script":"<script> [1562 bytes]","args":[{"selector":{"id":"application-managepartners-display-component---NewPartner--addressEditDetailsCostObjectCstType-arrow"},"wdio_ui5_key":"applicationmanagepartners-display-component---NewPartner--addressEditDetailsCostObjectCstType-arrow"}]}
RESULT: undefined
COMMAND: POST /session/4782f8729a76edfdb31ae021f37f4e15/element - {"using":"xpath","value":"//*[@id=\"application-managepartners-display-component---NewPartner--addressEditDetailsCostObjectCstType-arrow\"]"}
RESULT: {}
RESULT: {"using":"xpath","value":"//*[@id=\"application-managepartners-display-component---NewPartner--addressEditDetailsCostObjectCstType-arrow\"]"}
COMMAND: POST /session/4782f8729a76edfdb31ae021f37f4e15/element/f.47FBE749F50BBE52AFAC717F22AEC391.d.DFC2E4FEB55A02BA2EE852109E323257.e.2891/click - {}
RESULT: {}
COMMAND: POST /session/4782f8729a76edfdb31ae021f37f4e15/element - {"using":"xpath","value":"//span[contains(text(), \"Cost Center\")]"}
COMMAND: GET /session/4782f8729a76edfdb31ae021f37f4e15/screenshot - {}
RESULT: {"using":"xpath","value":"//span[contains(text(), \"Cost Center\")]"}
COMMAND: POST /session/4782f8729a76edfdb31ae021f37f4e15/element/f.47FBE749F50BBE52AFAC717F22AEC391.d.DFC2E4FEB55A02BA2EE852109E323257.e.2892/click - {}
RESULT: {}
RESULT: {}
COMMAND: GET /session/4782f8729a76edfdb31ae021f37f4e15/screenshot - {}
RESULT: {}
COMMAND: POST /session/4782f8729a76edfdb31ae021f37f4e15/element - {"using":"xpath","value":"//span[@id=\"application-managepartners-display-component---NewPartner--addressNewCostObjectCstID-vhi\"]"}
RESULT: {"using":"xpath","value":"//span[@id=\"application-managepartners-display-component---NewPartner--addressNewCostObjectCstID-vhi\"]"}
COMMAND: POST /session/4782f8729a76edfdb31ae021f37f4e15/execute/sync - {"script":"<script> [8489 bytes]","args":[{"element-6066-11e4-a52e-4f735466cecf":"f.47FBE749F50BBE52AFAC717F22AEC391.d.DFC2E4FEB55A02BA2EE852109E323257.e.2895","ELEMENT":"f.47FBE749F50BBE52AFAC717F22AEC391.d.DFC2E4FEB55A02BA2EE852109E323257.e.2895"}]}
RESULT: {"script":"<script> [8489 bytes]","args":[{"element-6066-11e4-a52e-4f735466cecf":"f.47FBE749F50BBE52AFAC717F22AEC391.d.DFC2E4FEB55A02BA2EE852109E323257.e.2895","ELEMENT":"f.47FBE749F50BBE52AFAC717F22AEC391.d.DFC2E4FEB55A02BA2EE852109E323257.e.2895"}]}
COMMAND: POST /session/4782f8729a76edfdb31ae021f37f4e15/execute/async - {"script":"<script> [1562 bytes]","args":[{"selector":{"id":"application-managepartners-display-component---NewPartner--addressNewCostObjectCstID-vhi"},"wdio_ui5_key":"applicationmanagepartners-display-component---NewPartner--addressNewCostObjectCstID-vhi"}]}
COMMAND: GET /session/4782f8729a76edfdb31ae021f37f4e15/screenshot - {}
RESULT: {"script":"<script> [1562 bytes]","args":[{"selector":{"id":"application-managepartners-display-component---NewPartner--addressNewCostObjectCstID-vhi"},"wdio_ui5_key":"applicationmanagepartners-display-component---NewPartner--addressNewCostObjectCstID-vhi"}]}
RESULT: undefined
COMMAND: POST /session/4782f8729a76edfdb31ae021f37f4e15/element - {"using":"xpath","value":"//*[@id=\"application-managepartners-display-component---NewPartner--addressNewCostObjectCstID-vhi\"]"}
RESULT: {}
RESULT: {"using":"xpath","value":"//*[@id=\"application-managepartners-display-component---NewPartner--addressNewCostObjectCstID-vhi\"]"}
COMMAND: POST /session/4782f8729a76edfdb31ae021f37f4e15/element/f.47FBE749F50BBE52AFAC717F22AEC391.d.DFC2E4FEB55A02BA2EE852109E323257.e.2895/click - {}
RESULT: {}
COMMAND: GET /session/4782f8729a76edfdb31ae021f37f4e15/screenshot - {}
RESULT: {}
COMMAND: POST /session/4782f8729a76edfdb31ae021f37f4e15/execute/async - {"script":"<script> [1562 bytes]","args":[{"selector":{"controlType":"sap.m.SearchField","properties":{"placeholder":"Search"},"searchOpenDialogs":true,"interaction":{"idSuffix":"I"}},"wdio_ui5_key":"sapm.SearchField{\"placeholder\":\"Search\"}"}]}
RESULT: {"script":"<script> [1562 bytes]","args":[{"selector":{"controlType":"sap.m.SearchField","properties":{"placeholder":"Search"},"searchOpenDialogs":true,"interaction":{"idSuffix":"I"}},"wdio_ui5_key":"sapm.SearchField{\"placeholder\":\"Search\"}"}]}
RESULT: undefined
COMMAND: POST /session/4782f8729a76edfdb31ae021f37f4e15/execute/async - {"script":"<script> [776 bytes]","args":[{"enterText":"10001013","selector":{"controlType":"sap.m.SearchField","properties":{"placeholder":"Search"},"searchOpenDialogs":true,"interaction":{"idSuffix":"I"}},"clearTextFirst":true,"interactionType":"ENTER_TEXT"}]}
RESULT: {"script":"<script> [776 bytes]","args":[{"enterText":"10001013","selector":{"controlType":"sap.m.SearchField","properties":{"placeholder":"Search"},"searchOpenDialogs":true,"interaction":{"idSuffix":"I"}},"clearTextFirst":true,"interactionType":"ENTER_TEXT"}]}
COMMAND: POST /session/4782f8729a76edfdb31ae021f37f4e15/actions - {"actions":[{"id":"action10","type":"key","parameters":{},"actions":[{"type":"keyDown","value":""},{"type":"pause","duration":10},{"type":"keyUp","value":""}]}]}
RESULT: {"actions":[{"id":"action10","type":"key","parameters":{},"actions":[{"type":"keyDown","value":""},{"type":"pause","duration":10},{"type":"keyUp","value":""}]}]}
COMMAND: GET /session/4782f8729a76edfdb31ae021f37f4e15/screenshot - {}
RESULT: {}
COMMAND: POST /session/4782f8729a76edfdb31ae021f37f4e15/element - {"using":"xpath","value":"//span[contains(text(), \"General Management\")]"}
RESULT: {"using":"xpath","value":"//span[contains(text(), \"General Management\")]"}
COMMAND: POST /session/4782f8729a76edfdb31ae021f37f4e15/element/f.47FBE749F50BBE52AFAC717F22AEC391.d.DFC2E4FEB55A02BA2EE852109E323257.e.2937/click - {}
RESULT: {}
COMMAND: GET /session/4782f8729a76edfdb31ae021f37f4e15/screenshot - {}
RESULT: {}
COMMAND: POST /session/4782f8729a76edfdb31ae021f37f4e15/element - {"using":"xpath","value":"//bdi[contains(text(), \"OK\")]"}
RESULT: {"using":"xpath","value":"//bdi[contains(text(), \"OK\")]"}
COMMAND: POST /session/4782f8729a76edfdb31ae021f37f4e15/element/f.47FBE749F50BBE52AFAC717F22AEC391.d.DFC2E4FEB55A02BA2EE852109E323257.e.2938/click - {}
RESULT: {}
COMMAND: GET /session/4782f8729a76edfdb31ae021f37f4e15/screenshot - {}
RESULT: {}
COMMAND: POST /session/4782f8729a76edfdb31ae021f37f4e15/element - {"using":"xpath","value":"//input[@id=\"application-managepartners-display-component---NewPartner--companyCodeComboBox-inner\"]"}
RESULT: {"using":"xpath","value":"//input[@id=\"application-managepartners-display-component---NewPartner--companyCodeComboBox-inner\"]"}
COMMAND: POST /session/4782f8729a76edfdb31ae021f37f4e15/element/f.47FBE749F50BBE52AFAC717F22AEC391.d.DFC2E4FEB55A02BA2EE852109E323257.e.2740/clear - {}
RESULT: {}
COMMAND: POST /session/4782f8729a76edfdb31ae021f37f4e15/element/f.47FBE749F50BBE52AFAC717F22AEC391.d.DFC2E4FEB55A02BA2EE852109E323257.e.2740/value - {"text":"C002"}
COMMAND: GET /session/4782f8729a76edfdb31ae021f37f4e15/screenshot - {}
RESULT: {"text":"C002"}
COMMAND: GET /session/4782f8729a76edfdb31ae021f37f4e15/screenshot - {}
RESULT: {}
RESULT: {}
COMMAND: POST /session/4782f8729a76edfdb31ae021f37f4e15/element - {"using":"xpath","value":"//span[contains(text(), \"C002\")]"}
RESULT: {"using":"xpath","value":"//span[contains(text(), \"C002\")]"}
COMMAND: POST /session/4782f8729a76edfdb31ae021f37f4e15/element/f.47FBE749F50BBE52AFAC717F22AEC391.d.DFC2E4FEB55A02BA2EE852109E323257.e.2944/click - {}
RESULT: {}
COMMAND: GET /session/4782f8729a76edfdb31ae021f37f4e15/screenshot - {}
RESULT: {}
COMMAND: POST /session/4782f8729a76edfdb31ae021f37f4e15/execute/async - {"script":"<script> [1562 bytes]","args":[{"selector":{"id":"application-managepartners-display-component---NewPartner--btnAddTableRow-img"},"wdio_ui5_key":"applicationmanagepartners-display-component---NewPartner--btnAddTableRow-img"}]}
RESULT: {"script":"<script> [1562 bytes]","args":[{"selector":{"id":"application-managepartners-display-component---NewPartner--btnAddTableRow-img"},"wdio_ui5_key":"applicationmanagepartners-display-component---NewPartner--btnAddTableRow-img"}]}
RESULT: undefined
COMMAND: POST /session/4782f8729a76edfdb31ae021f37f4e15/element - {"using":"xpath","value":"//*[@id=\"application-managepartners-display-component---NewPartner--btnAddTableRow-img\"]"}
RESULT: {"using":"xpath","value":"//*[@id=\"application-managepartners-display-component---NewPartner--btnAddTableRow-img\"]"}
COMMAND: POST /session/4782f8729a76edfdb31ae021f37f4e15/element/f.47FBE749F50BBE52AFAC717F22AEC391.d.DFC2E4FEB55A02BA2EE852109E323257.e.2945/click - {}
RESULT: {}
COMMAND: GET /session/4782f8729a76edfdb31ae021f37f4e15/screenshot - {}
RESULT: {}
COMMAND: POST /session/4782f8729a76edfdb31ae021f37f4e15/element - {"using":"xpath","value":"//input[@id=\"application-managepartners-display-component---NewPartner--assignmentYard-application-managepartners-display-component---NewPartner--assignmentsTable-0-inner\"]"}
RESULT: {"using":"xpath","value":"//input[@id=\"application-managepartners-display-component---NewPartner--assignmentYard-application-managepartners-display-component---NewPartner--assignmentsTable-0-inner\"]"}
COMMAND: POST /session/4782f8729a76edfdb31ae021f37f4e15/element/f.47FBE749F50BBE52AFAC717F22AEC391.d.DFC2E4FEB55A02BA2EE852109E323257.e.2948/clear - {}
RESULT: {}
COMMAND: POST /session/4782f8729a76edfdb31ae021f37f4e15/element/f.47FBE749F50BBE52AFAC717F22AEC391.d.DFC2E4FEB55A02BA2EE852109E323257.e.2948/value - {"text":"190"}
COMMAND: GET /session/4782f8729a76edfdb31ae021f37f4e15/screenshot - {}
RESULT: {"text":"190"}
COMMAND: GET /session/4782f8729a76edfdb31ae021f37f4e15/screenshot - {}
RESULT: {}
RESULT: {}
COMMAND: POST /session/4782f8729a76edfdb31ae021f37f4e15/element - {"using":"xpath","value":"//li[.//span[text()='190']]"}
RESULT: {"using":"xpath","value":"//li[.//span[text()='190']]"}
COMMAND: POST /session/4782f8729a76edfdb31ae021f37f4e15/element/f.47FBE749F50BBE52AFAC717F22AEC391.d.DFC2E4FEB55A02BA2EE852109E323257.e.2957/click - {}
RESULT: {}
COMMAND: GET /session/4782f8729a76edfdb31ae021f37f4e15/screenshot - {}
RESULT: {}
COMMAND: POST /session/4782f8729a76edfdb31ae021f37f4e15/actions - {"actions":[{"id":"action11","type":"key","parameters":{},"actions":[{"type":"keyDown","value":""},{"type":"pause","duration":10},{"type":"keyUp","value":""}]}]}
RESULT: {"actions":[{"id":"action11","type":"key","parameters":{},"actions":[{"type":"keyDown","value":""},{"type":"pause","duration":10},{"type":"keyUp","value":""}]}]}
COMMAND: POST /session/4782f8729a76edfdb31ae021f37f4e15/execute/async - {"script":"<script> [1562 bytes]","args":[{"selector":{"id":"application-managepartners-display-component---NewPartner--externalCustomerComboBox-application-managepartners-display-component---NewPartner--assignmentsTable-0-vhi"},"wdio_ui5_key":"applicationmanagepartners-display-component---NewPartner--externalCustomerComboBox-application-managepartners-display-component---NewPartner--assignmentsTable-0-vhi"}]}
COMMAND: GET /session/4782f8729a76edfdb31ae021f37f4e15/screenshot - {}
RESULT: {"script":"<script> [1562 bytes]","args":[{"selector":{"id":"application-managepartners-display-component---NewPartner--externalCustomerComboBox-application-managepartners-display-component---NewPartner--assignmentsTable-0-vhi"},"wdio_ui5_key":"applicationmanagepartners-display-component---NewPartner--externalCustomerComboBox-application-managepartners-display-component---NewPartner--assignmentsTable-0-vhi"}]}
RESULT: undefined
COMMAND: POST /session/4782f8729a76edfdb31ae021f37f4e15/element - {"using":"xpath","value":"//*[@id=\"application-managepartners-display-component---NewPartner--externalCustomerComboBox-application-managepartners-display-component---NewPartner--assignmentsTable-0-vhi\"]"}
RESULT: {}
RESULT: {"using":"xpath","value":"//*[@id=\"application-managepartners-display-component---NewPartner--externalCustomerComboBox-application-managepartners-display-component---NewPartner--assignmentsTable-0-vhi\"]"}
COMMAND: POST /session/4782f8729a76edfdb31ae021f37f4e15/element/f.47FBE749F50BBE52AFAC717F22AEC391.d.DFC2E4FEB55A02BA2EE852109E323257.e.2961/click - {}
RESULT: {}
RESULT: undefined
COMMAND: POST /session/4782f8729a76edfdb31ae021f37f4e15/execute/async - {"script":"<script> [776 bytes]","args":[{"enterText":"300003","selector":{"controlType":"sap.m.SearchField","properties":{"placeholder":"Search"},"searchOpenDialogs":true,"interaction":{"idSuffix":"I"}},"clearTextFirst":true,"interactionType":"ENTER_TEXT"}]}
COMMAND: GET /session/4782f8729a76edfdb31ae021f37f4e15/screenshot - {}
RESULT: {"script":"<script> [776 bytes]","args":[{"enterText":"300003","selector":{"controlType":"sap.m.SearchField","properties":{"placeholder":"Search"},"searchOpenDialogs":true,"interaction":{"idSuffix":"I"}},"clearTextFirst":true,"interactionType":"ENTER_TEXT"}]}
COMMAND: POST /session/4782f8729a76edfdb31ae021f37f4e15/actions - {"actions":[{"id":"action12","type":"key","parameters":{},"actions":[{"type":"keyDown","value":""},{"type":"pause","duration":10},{"type":"keyUp","value":""}]}]}
RESULT: {}
RESULT: {"actions":[{"id":"action12","type":"key","parameters":{},"actions":[{"type":"keyDown","value":""},{"type":"pause","duration":10},{"type":"keyUp","value":""}]}]}
COMMAND: GET /session/4782f8729a76edfdb31ae021f37f4e15/screenshot - {}
RESULT: {}
COMMAND: POST /session/4782f8729a76edfdb31ae021f37f4e15/element - {"using":"xpath","value":"//span[contains(text(), \"300003\")]"}
RESULT: {"using":"xpath","value":"//span[contains(text(), \"300003\")]"}
COMMAND: POST /session/4782f8729a76edfdb31ae021f37f4e15/element/f.47FBE749F50BBE52AFAC717F22AEC391.d.DFC2E4FEB55A02BA2EE852109E323257.e.2978/click - {}
RESULT: {}
COMMAND: GET /session/4782f8729a76edfdb31ae021f37f4e15/screenshot - {}
RESULT: {}
COMMAND: POST /session/4782f8729a76edfdb31ae021f37f4e15/element - {"using":"xpath","value":"//bdi[contains(text(), \"OK\")]"}
RESULT: {"using":"xpath","value":"//bdi[contains(text(), \"OK\")]"}
COMMAND: POST /session/4782f8729a76edfdb31ae021f37f4e15/element/f.47FBE749F50BBE52AFAC717F22AEC391.d.DFC2E4FEB55A02BA2EE852109E323257.e.2980/click - {}
RESULT: {}
COMMAND: GET /session/4782f8729a76edfdb31ae021f37f4e15/screenshot - {}
RESULT: {}
COMMAND: POST /session/4782f8729a76edfdb31ae021f37f4e15/execute/async - {"script":"<script> [1562 bytes]","args":[{"selector":{"id":"application-managepartners-display-component---NewPartner--intercompVendorComboBox-application-managepartners-display-component---NewPartner--assignmentsTable-0-vhi"},"wdio_ui5_key":"applicationmanagepartners-display-component---NewPartner--intercompVendorComboBox-application-managepartners-display-component---NewPartner--assignmentsTable-0-vhi"}]}
RESULT: {"script":"<script> [1562 bytes]","args":[{"selector":{"id":"application-managepartners-display-component---NewPartner--intercompVendorComboBox-application-managepartners-display-component---NewPartner--assignmentsTable-0-vhi"},"wdio_ui5_key":"applicationmanagepartners-display-component---NewPartner--intercompVendorComboBox-application-managepartners-display-component---NewPartner--assignmentsTable-0-vhi"}]}
RESULT: undefined
COMMAND: POST /session/4782f8729a76edfdb31ae021f37f4e15/element - {"using":"xpath","value":"//*[@id=\"application-managepartners-display-component---NewPartner--intercompVendorComboBox-application-managepartners-display-component---NewPartner--assignmentsTable-0-vhi\"]"}
RESULT: {"using":"xpath","value":"//*[@id=\"application-managepartners-display-component---NewPartner--intercompVendorComboBox-application-managepartners-display-component---NewPartner--assignmentsTable-0-vhi\"]"}
COMMAND: POST /session/4782f8729a76edfdb31ae021f37f4e15/element/f.47FBE749F50BBE52AFAC717F22AEC391.d.DFC2E4FEB55A02BA2EE852109E323257.e.2983/click - {}
RESULT: {}
RESULT: undefined
COMMAND: POST /session/4782f8729a76edfdb31ae021f37f4e15/execute/async - {"script":"<script> [776 bytes]","args":[{"enterText":"100005","selector":{"controlType":"sap.m.SearchField","properties":{"placeholder":"Search"},"searchOpenDialogs":true,"interaction":{"idSuffix":"I"}},"clearTextFirst":true,"interactionType":"ENTER_TEXT"}]}
COMMAND: GET /session/4782f8729a76edfdb31ae021f37f4e15/screenshot - {}
RESULT: {"script":"<script> [776 bytes]","args":[{"enterText":"100005","selector":{"controlType":"sap.m.SearchField","properties":{"placeholder":"Search"},"searchOpenDialogs":true,"interaction":{"idSuffix":"I"}},"clearTextFirst":true,"interactionType":"ENTER_TEXT"}]}
COMMAND: POST /session/4782f8729a76edfdb31ae021f37f4e15/actions - {"actions":[{"id":"action13","type":"key","parameters":{},"actions":[{"type":"keyDown","value":""},{"type":"pause","duration":10},{"type":"keyUp","value":""}]}]}
RESULT: {}
RESULT: {"actions":[{"id":"action13","type":"key","parameters":{},"actions":[{"type":"keyDown","value":""},{"type":"pause","duration":10},{"type":"keyUp","value":""}]}]}
COMMAND: GET /session/4782f8729a76edfdb31ae021f37f4e15/screenshot - {}
RESULT: {}
COMMAND: POST /session/4782f8729a76edfdb31ae021f37f4e15/element - {"using":"xpath","value":"//span[contains(text(), \"Penguins - Field/12345 Berlin\")]"}
RESULT: {"using":"xpath","value":"//span[contains(text(), \"Penguins - Field/12345 Berlin\")]"}
COMMAND: POST /session/4782f8729a76edfdb31ae021f37f4e15/element/f.47FBE749F50BBE52AFAC717F22AEC391.d.DFC2E4FEB55A02BA2EE852109E323257.e.3000/click - {}
RESULT: {}
COMMAND: GET /session/4782f8729a76edfdb31ae021f37f4e15/screenshot - {}
RESULT: {}
COMMAND: POST /session/4782f8729a76edfdb31ae021f37f4e15/element - {"using":"xpath","value":"//bdi[contains(text(), \"OK\")]"}
RESULT: {"using":"xpath","value":"//bdi[contains(text(), \"OK\")]"}
COMMAND: POST /session/4782f8729a76edfdb31ae021f37f4e15/element/f.47FBE749F50BBE52AFAC717F22AEC391.d.DFC2E4FEB55A02BA2EE852109E323257.e.3001/click - {}
RESULT: {}
COMMAND: GET /session/4782f8729a76edfdb31ae021f37f4e15/screenshot - {}
RESULT: {}
COMMAND: POST /session/4782f8729a76edfdb31ae021f37f4e15/element - {"using":"xpath","value":"//button[@data-kt=\"saveButton\"]"}
RESULT: {"using":"xpath","value":"//button[@data-kt=\"saveButton\"]"}
COMMAND: POST /session/4782f8729a76edfdb31ae021f37f4e15/element/f.47FBE749F50BBE52AFAC717F22AEC391.d.DFC2E4FEB55A02BA2EE852109E323257.e.2785/click - {}
RESULT: {}
COMMAND: GET /session/4782f8729a76edfdb31ae021f37f4e15/screenshot - {}
RESULT: {}
COMMAND: POST /session/4782f8729a76edfdb31ae021f37f4e15/element - {"using":"xpath","value":"//header[contains(@id, 'ObjectPageLayout-headerTitle')]/div[1]/div[2]/div[2]/span[1]"}
RESULT: {"using":"xpath","value":"//header[contains(@id, 'ObjectPageLayout-headerTitle')]/div[1]/div[2]/div[2]/span[1]"}
COMMAND: POST /session/4782f8729a76edfdb31ae021f37f4e15/elements - {"using":"xpath","value":"//header[contains(@id, 'ObjectPageLayout-headerTitle')]/div[1]/div[2]/div[2]/span[1]"}
RESULT: {"using":"xpath","value":"//header[contains(@id, 'ObjectPageLayout-headerTitle')]/div[1]/div[2]/div[2]/span[1]"}
COMMAND: POST /session/4782f8729a76edfdb31ae021f37f4e15/execute/sync - {"script":"<script> [56 bytes]","args":[{"element-6066-11e4-a52e-4f735466cecf":"f.47FBE749F50BBE52AFAC717F22AEC391.d.DFC2E4FEB55A02BA2EE852109E323257.e.3113","ELEMENT":"f.47FBE749F50BBE52AFAC717F22AEC391.d.DFC2E4FEB55A02BA2EE852109E323257.e.3113"}]}
RESULT: {"script":"<script> [56 bytes]","args":[{"element-6066-11e4-a52e-4f735466cecf":"f.47FBE749F50BBE52AFAC717F22AEC391.d.DFC2E4FEB55A02BA2EE852109E323257.e.3113","ELEMENT":"f.47FBE749F50BBE52AFAC717F22AEC391.d.DFC2E4FEB55A02BA2EE852109E323257.e.3113"}]}
COMMAND: POST /session/4782f8729a76edfdb31ae021f37f4e15/element - {"using":"css selector","value":"#shell-header-logo"}
COMMAND: GET /session/4782f8729a76edfdb31ae021f37f4e15/screenshot - {}
RESULT: {"using":"css selector","value":"#shell-header-logo"}
COMMAND: POST /session/4782f8729a76edfdb31ae021f37f4e15/element/f.47FBE749F50BBE52AFAC717F22AEC391.d.DFC2E4FEB55A02BA2EE852109E323257.e.2495/click - {}
RESULT: {}
RESULT: {}
COMMAND: GET /session/4782f8729a76edfdb31ae021f37f4e15/screenshot - {}
RESULT: {}
]]></system-out>
    </testcase>
    <testcase classname="chrome.135_0_7049_42.windows.Edit_and_delete_daily_price_US134629_US134627" name="Should create a new site used for following tests" time="86.673">
      <system-out><![CDATA[
COMMAND: POST /session/4782f8729a76edfdb31ae021f37f4e15/execute/async - {"script":"<script> [1562 bytes]","args":[{"selector":{"controlType":"sap.m.TileContent","bindingPath":{"path":"","propertyPath":"/properties/info"},"ancestor":{"controlType":"sap.m.GenericTile","properties":{"header":"Manage Sites"}}},"wdio_ui5_key":"sapm.TileContent{\"path\":\"\",\"propertyPath\":\"/properties/info\"}{\"controlType\":\"sap.m.GenericTile\",\"properties\":{\"header\":\"Manage Sites\"}}"}]}
RESULT: {"script":"<script> [1562 bytes]","args":[{"selector":{"controlType":"sap.m.TileContent","bindingPath":{"path":"","propertyPath":"/properties/info"},"ancestor":{"controlType":"sap.m.GenericTile","properties":{"header":"Manage Sites"}}},"wdio_ui5_key":"sapm.TileContent{\"path\":\"\",\"propertyPath\":\"/properties/info\"}{\"controlType\":\"sap.m.GenericTile\",\"properties\":{\"header\":\"Manage Sites\"}}"}]}
RESULT: undefined
COMMAND: POST /session/4782f8729a76edfdb31ae021f37f4e15/element - {"using":"xpath","value":"//*[@id=\"__xmlview7--numericTileContent\"]"}
RESULT: {"using":"xpath","value":"//*[@id=\"__xmlview7--numericTileContent\"]"}
COMMAND: POST /session/4782f8729a76edfdb31ae021f37f4e15/element/f.47FBE749F50BBE52AFAC717F22AEC391.d.DFC2E4FEB55A02BA2EE852109E323257.e.3115/click - {}
RESULT: {}
COMMAND: POST /session/4782f8729a76edfdb31ae021f37f4e15/element - {"using":"xpath","value":"//button[@data-kt=\"addOverflowToolbarButton\"]"}
COMMAND: GET /session/4782f8729a76edfdb31ae021f37f4e15/screenshot - {}
RESULT: {"using":"xpath","value":"//button[@data-kt=\"addOverflowToolbarButton\"]"}
COMMAND: POST /session/4782f8729a76edfdb31ae021f37f4e15/elements - {"using":"xpath","value":"//button[@data-kt=\"addOverflowToolbarButton\"]"}
RESULT: {}
RESULT: {"using":"xpath","value":"//button[@data-kt=\"addOverflowToolbarButton\"]"}
COMMAND: POST /session/4782f8729a76edfdb31ae021f37f4e15/elements - {"using":"xpath","value":"//button[@data-kt=\"addOverflowToolbarButton\"]"}
RESULT: {"using":"xpath","value":"//button[@data-kt=\"addOverflowToolbarButton\"]"}
COMMAND: POST /session/4782f8729a76edfdb31ae021f37f4e15/elements - {"using":"xpath","value":"//button[@data-kt=\"addOverflowToolbarButton\"]"}
RESULT: {"using":"xpath","value":"//button[@data-kt=\"addOverflowToolbarButton\"]"}
COMMAND: POST /session/4782f8729a76edfdb31ae021f37f4e15/element - {"using":"xpath","value":"//button[@data-kt=\"addOverflowToolbarButton\"]"}
RESULT: {"using":"xpath","value":"//button[@data-kt=\"addOverflowToolbarButton\"]"}
COMMAND: POST /session/4782f8729a76edfdb31ae021f37f4e15/execute/sync - {"script":"<script> [8489 bytes]","args":[{"element-6066-11e4-a52e-4f735466cecf":"f.47FBE749F50BBE52AFAC717F22AEC391.d.DFC2E4FEB55A02BA2EE852109E323257.e.3161","ELEMENT":"f.47FBE749F50BBE52AFAC717F22AEC391.d.DFC2E4FEB55A02BA2EE852109E323257.e.3161"}]}
RESULT: {"script":"<script> [8489 bytes]","args":[{"element-6066-11e4-a52e-4f735466cecf":"f.47FBE749F50BBE52AFAC717F22AEC391.d.DFC2E4FEB55A02BA2EE852109E323257.e.3161","ELEMENT":"f.47FBE749F50BBE52AFAC717F22AEC391.d.DFC2E4FEB55A02BA2EE852109E323257.e.3161"}]}
COMMAND: GET /session/4782f8729a76edfdb31ae021f37f4e15/element/f.47FBE749F50BBE52AFAC717F22AEC391.d.DFC2E4FEB55A02BA2EE852109E323257.e.3161/enabled - {}
COMMAND: GET /session/4782f8729a76edfdb31ae021f37f4e15/screenshot - {}
RESULT: {}
COMMAND: POST /session/4782f8729a76edfdb31ae021f37f4e15/execute/sync - {"script":"<script> [8489 bytes]","args":[{"element-6066-11e4-a52e-4f735466cecf":"f.47FBE749F50BBE52AFAC717F22AEC391.d.DFC2E4FEB55A02BA2EE852109E323257.e.3161","ELEMENT":"f.47FBE749F50BBE52AFAC717F22AEC391.d.DFC2E4FEB55A02BA2EE852109E323257.e.3161"}]}
COMMAND: GET /session/4782f8729a76edfdb31ae021f37f4e15/screenshot - {}
RESULT: {}
RESULT: {"script":"<script> [8489 bytes]","args":[{"element-6066-11e4-a52e-4f735466cecf":"f.47FBE749F50BBE52AFAC717F22AEC391.d.DFC2E4FEB55A02BA2EE852109E323257.e.3161","ELEMENT":"f.47FBE749F50BBE52AFAC717F22AEC391.d.DFC2E4FEB55A02BA2EE852109E323257.e.3161"}]}
COMMAND: POST /session/4782f8729a76edfdb31ae021f37f4e15/execute/sync - {"script":"<script> [5351 bytes]","args":[{"element-6066-11e4-a52e-4f735466cecf":"f.47FBE749F50BBE52AFAC717F22AEC391.d.DFC2E4FEB55A02BA2EE852109E323257.e.3161","ELEMENT":"f.47FBE749F50BBE52AFAC717F22AEC391.d.DFC2E4FEB55A02BA2EE852109E323257.e.3161"}]}
COMMAND: GET /session/4782f8729a76edfdb31ae021f37f4e15/screenshot - {}
RESULT: {}
RESULT: {"script":"<script> [5351 bytes]","args":[{"element-6066-11e4-a52e-4f735466cecf":"f.47FBE749F50BBE52AFAC717F22AEC391.d.DFC2E4FEB55A02BA2EE852109E323257.e.3161","ELEMENT":"f.47FBE749F50BBE52AFAC717F22AEC391.d.DFC2E4FEB55A02BA2EE852109E323257.e.3161"}]}
COMMAND: POST /session/4782f8729a76edfdb31ae021f37f4e15/element/f.47FBE749F50BBE52AFAC717F22AEC391.d.DFC2E4FEB55A02BA2EE852109E323257.e.3161/click - {}
COMMAND: GET /session/4782f8729a76edfdb31ae021f37f4e15/screenshot - {}
RESULT: {}
RESULT: {}
COMMAND: GET /session/4782f8729a76edfdb31ae021f37f4e15/screenshot - {}
RESULT: {}
RESULT: {}
COMMAND: POST /session/4782f8729a76edfdb31ae021f37f4e15/execute/async - {"script":"<script> [1562 bytes]","args":[{"selector":{"id":"application-managesites-display-component---NewSite--addressDetailDetailsName1","interaction":{"idSuffix":"inner"}},"wdio_ui5_key":"applicationmanagesites-display-component---NewSite--addressDetailDetailsName1"}]}
RESULT: {"script":"<script> [1562 bytes]","args":[{"selector":{"id":"application-managesites-display-component---NewSite--addressDetailDetailsName1","interaction":{"idSuffix":"inner"}},"wdio_ui5_key":"applicationmanagesites-display-component---NewSite--addressDetailDetailsName1"}]}
RESULT: undefined
COMMAND: POST /session/4782f8729a76edfdb31ae021f37f4e15/execute/async - {"script":"<script> [776 bytes]","args":[{"enterText":"DailyPrice WDIO","selector":{"id":"application-managesites-display-component---NewSite--addressDetailDetailsName1","interaction":{"idSuffix":"inner"}},"clearTextFirst":true,"interactionType":"ENTER_TEXT"}]}
RESULT: {"script":"<script> [776 bytes]","args":[{"enterText":"DailyPrice WDIO","selector":{"id":"application-managesites-display-component---NewSite--addressDetailDetailsName1","interaction":{"idSuffix":"inner"}},"clearTextFirst":true,"interactionType":"ENTER_TEXT"}]}
COMMAND: POST /session/4782f8729a76edfdb31ae021f37f4e15/execute/async - {"script":"<script> [1562 bytes]","args":[{"selector":{"id":"application-managesites-display-component---NewSite--addressDetailDetailsLanguage-arrow"},"wdio_ui5_key":"applicationmanagesites-display-component---NewSite--addressDetailDetailsLanguage-arrow"}]}
RESULT: {"script":"<script> [1562 bytes]","args":[{"selector":{"id":"application-managesites-display-component---NewSite--addressDetailDetailsLanguage-arrow"},"wdio_ui5_key":"applicationmanagesites-display-component---NewSite--addressDetailDetailsLanguage-arrow"}]}
RESULT: undefined
COMMAND: POST /session/4782f8729a76edfdb31ae021f37f4e15/element - {"using":"xpath","value":"//*[@id=\"application-managesites-display-component---NewSite--addressDetailDetailsLanguage-arrow\"]"}
RESULT: {"using":"xpath","value":"//*[@id=\"application-managesites-display-component---NewSite--addressDetailDetailsLanguage-arrow\"]"}
COMMAND: POST /session/4782f8729a76edfdb31ae021f37f4e15/element/f.47FBE749F50BBE52AFAC717F22AEC391.d.DFC2E4FEB55A02BA2EE852109E323257.e.3660/click - {}
RESULT: {}
COMMAND: POST /session/4782f8729a76edfdb31ae021f37f4e15/element - {"using":"xpath","value":"//span[contains(text(), \"English\")]"}
COMMAND: GET /session/4782f8729a76edfdb31ae021f37f4e15/screenshot - {}
RESULT: {"using":"xpath","value":"//span[contains(text(), \"English\")]"}
COMMAND: POST /session/4782f8729a76edfdb31ae021f37f4e15/element/f.47FBE749F50BBE52AFAC717F22AEC391.d.DFC2E4FEB55A02BA2EE852109E323257.e.3661/click - {}
RESULT: {}
RESULT: {}
COMMAND: POST /session/4782f8729a76edfdb31ae021f37f4e15/execute/async - {"script":"<script> [1562 bytes]","args":[{"selector":{"id":"application-managesites-display-component---NewSite--addressDetailDetailsCity1","interaction":{"idSuffix":"inner"}},"wdio_ui5_key":"applicationmanagesites-display-component---NewSite--addressDetailDetailsCity1"}]}
COMMAND: GET /session/4782f8729a76edfdb31ae021f37f4e15/screenshot - {}
RESULT: {"script":"<script> [1562 bytes]","args":[{"selector":{"id":"application-managesites-display-component---NewSite--addressDetailDetailsCity1","interaction":{"idSuffix":"inner"}},"wdio_ui5_key":"applicationmanagesites-display-component---NewSite--addressDetailDetailsCity1"}]}
RESULT: undefined
COMMAND: POST /session/4782f8729a76edfdb31ae021f37f4e15/execute/async - {"script":"<script> [776 bytes]","args":[{"enterText":"Rosario","selector":{"id":"application-managesites-display-component---NewSite--addressDetailDetailsCity1","interaction":{"idSuffix":"inner"}},"clearTextFirst":true,"interactionType":"ENTER_TEXT"}]}
RESULT: {}
RESULT: {"script":"<script> [776 bytes]","args":[{"enterText":"Rosario","selector":{"id":"application-managesites-display-component---NewSite--addressDetailDetailsCity1","interaction":{"idSuffix":"inner"}},"clearTextFirst":true,"interactionType":"ENTER_TEXT"}]}
COMMAND: POST /session/4782f8729a76edfdb31ae021f37f4e15/execute/async - {"script":"<script> [1562 bytes]","args":[{"selector":{"id":"application-managesites-display-component---NewSite--addressDetailDetailsCountry-arrow"},"wdio_ui5_key":"applicationmanagesites-display-component---NewSite--addressDetailDetailsCountry-arrow"}]}
RESULT: {"script":"<script> [1562 bytes]","args":[{"selector":{"id":"application-managesites-display-component---NewSite--addressDetailDetailsCountry-arrow"},"wdio_ui5_key":"applicationmanagesites-display-component---NewSite--addressDetailDetailsCountry-arrow"}]}
RESULT: undefined
COMMAND: POST /session/4782f8729a76edfdb31ae021f37f4e15/element - {"using":"xpath","value":"//*[@id=\"application-managesites-display-component---NewSite--addressDetailDetailsCountry-arrow\"]"}
RESULT: {"using":"xpath","value":"//*[@id=\"application-managesites-display-component---NewSite--addressDetailDetailsCountry-arrow\"]"}
COMMAND: POST /session/4782f8729a76edfdb31ae021f37f4e15/element/f.47FBE749F50BBE52AFAC717F22AEC391.d.DFC2E4FEB55A02BA2EE852109E323257.e.3663/click - {}
RESULT: {}
COMMAND: POST /session/4782f8729a76edfdb31ae021f37f4e15/element - {"using":"xpath","value":"//span[contains(text(), \"Argentina\")]"}
COMMAND: GET /session/4782f8729a76edfdb31ae021f37f4e15/screenshot - {}
RESULT: {"using":"xpath","value":"//span[contains(text(), \"Argentina\")]"}
COMMAND: POST /session/4782f8729a76edfdb31ae021f37f4e15/element/f.47FBE749F50BBE52AFAC717F22AEC391.d.DFC2E4FEB55A02BA2EE852109E323257.e.3664/click - {}
RESULT: {}
RESULT: {}
COMMAND: GET /session/4782f8729a76edfdb31ae021f37f4e15/screenshot - {}
RESULT: {}
COMMAND: POST /session/4782f8729a76edfdb31ae021f37f4e15/execute/async - {"script":"<script> [1562 bytes]","args":[{"selector":{"id":"application-managesites-display-component---NewSite--addressEditDetailsCostObjectCstType-arrow"},"wdio_ui5_key":"applicationmanagesites-display-component---NewSite--addressEditDetailsCostObjectCstType-arrow"}]}
RESULT: {"script":"<script> [1562 bytes]","args":[{"selector":{"id":"application-managesites-display-component---NewSite--addressEditDetailsCostObjectCstType-arrow"},"wdio_ui5_key":"applicationmanagesites-display-component---NewSite--addressEditDetailsCostObjectCstType-arrow"}]}
RESULT: undefined
COMMAND: POST /session/4782f8729a76edfdb31ae021f37f4e15/element - {"using":"xpath","value":"//*[@id=\"application-managesites-display-component---NewSite--addressEditDetailsCostObjectCstType-arrow\"]"}
RESULT: {"using":"xpath","value":"//*[@id=\"application-managesites-display-component---NewSite--addressEditDetailsCostObjectCstType-arrow\"]"}
COMMAND: POST /session/4782f8729a76edfdb31ae021f37f4e15/element/f.47FBE749F50BBE52AFAC717F22AEC391.d.DFC2E4FEB55A02BA2EE852109E323257.e.3666/click - {}
RESULT: {}
COMMAND: POST /session/4782f8729a76edfdb31ae021f37f4e15/element - {"using":"xpath","value":"//span[contains(text(), \"Cost Center\")]"}
COMMAND: GET /session/4782f8729a76edfdb31ae021f37f4e15/screenshot - {}
RESULT: {"using":"xpath","value":"//span[contains(text(), \"Cost Center\")]"}
COMMAND: POST /session/4782f8729a76edfdb31ae021f37f4e15/element/f.47FBE749F50BBE52AFAC717F22AEC391.d.DFC2E4FEB55A02BA2EE852109E323257.e.3667/click - {}
RESULT: {}
RESULT: {}
COMMAND: GET /session/4782f8729a76edfdb31ae021f37f4e15/screenshot - {}
RESULT: {}
COMMAND: POST /session/4782f8729a76edfdb31ae021f37f4e15/element - {"using":"xpath","value":"//span[@id=\"application-managesites-display-component---NewSite--addressNewCostObjectCstID-vhi\"]"}
RESULT: {"using":"xpath","value":"//span[@id=\"application-managesites-display-component---NewSite--addressNewCostObjectCstID-vhi\"]"}
COMMAND: POST /session/4782f8729a76edfdb31ae021f37f4e15/execute/sync - {"script":"<script> [8489 bytes]","args":[{"element-6066-11e4-a52e-4f735466cecf":"f.47FBE749F50BBE52AFAC717F22AEC391.d.DFC2E4FEB55A02BA2EE852109E323257.e.3671","ELEMENT":"f.47FBE749F50BBE52AFAC717F22AEC391.d.DFC2E4FEB55A02BA2EE852109E323257.e.3671"}]}
RESULT: {"script":"<script> [8489 bytes]","args":[{"element-6066-11e4-a52e-4f735466cecf":"f.47FBE749F50BBE52AFAC717F22AEC391.d.DFC2E4FEB55A02BA2EE852109E323257.e.3671","ELEMENT":"f.47FBE749F50BBE52AFAC717F22AEC391.d.DFC2E4FEB55A02BA2EE852109E323257.e.3671"}]}
COMMAND: POST /session/4782f8729a76edfdb31ae021f37f4e15/execute/async - {"script":"<script> [1562 bytes]","args":[{"selector":{"id":"application-managesites-display-component---NewSite--addressNewCostObjectCstID-vhi"},"wdio_ui5_key":"applicationmanagesites-display-component---NewSite--addressNewCostObjectCstID-vhi"}]}
COMMAND: GET /session/4782f8729a76edfdb31ae021f37f4e15/screenshot - {}
RESULT: {"script":"<script> [1562 bytes]","args":[{"selector":{"id":"application-managesites-display-component---NewSite--addressNewCostObjectCstID-vhi"},"wdio_ui5_key":"applicationmanagesites-display-component---NewSite--addressNewCostObjectCstID-vhi"}]}
RESULT: undefined
COMMAND: POST /session/4782f8729a76edfdb31ae021f37f4e15/element - {"using":"xpath","value":"//*[@id=\"application-managesites-display-component---NewSite--addressNewCostObjectCstID-vhi\"]"}
RESULT: {}
RESULT: {"using":"xpath","value":"//*[@id=\"application-managesites-display-component---NewSite--addressNewCostObjectCstID-vhi\"]"}
COMMAND: POST /session/4782f8729a76edfdb31ae021f37f4e15/element/f.47FBE749F50BBE52AFAC717F22AEC391.d.DFC2E4FEB55A02BA2EE852109E323257.e.3671/click - {}
RESULT: {}
COMMAND: GET /session/4782f8729a76edfdb31ae021f37f4e15/screenshot - {}
RESULT: {}
RESULT: undefined
COMMAND: POST /session/4782f8729a76edfdb31ae021f37f4e15/execute/async - {"script":"<script> [776 bytes]","args":[{"enterText":"10001013","selector":{"controlType":"sap.m.SearchField","properties":{"placeholder":"Search"},"searchOpenDialogs":true,"interaction":{"idSuffix":"I"}},"clearTextFirst":true,"interactionType":"ENTER_TEXT"}]}
RESULT: {"script":"<script> [776 bytes]","args":[{"enterText":"10001013","selector":{"controlType":"sap.m.SearchField","properties":{"placeholder":"Search"},"searchOpenDialogs":true,"interaction":{"idSuffix":"I"}},"clearTextFirst":true,"interactionType":"ENTER_TEXT"}]}
COMMAND: POST /session/4782f8729a76edfdb31ae021f37f4e15/actions - {"actions":[{"id":"action14","type":"key","parameters":{},"actions":[{"type":"keyDown","value":""},{"type":"pause","duration":10},{"type":"keyUp","value":""}]}]}
RESULT: {"actions":[{"id":"action14","type":"key","parameters":{},"actions":[{"type":"keyDown","value":""},{"type":"pause","duration":10},{"type":"keyUp","value":""}]}]}
COMMAND: GET /session/4782f8729a76edfdb31ae021f37f4e15/screenshot - {}
RESULT: {}
COMMAND: POST /session/4782f8729a76edfdb31ae021f37f4e15/element - {"using":"xpath","value":"//span[contains(text(), \"General Management\")]"}
RESULT: {"using":"xpath","value":"//span[contains(text(), \"General Management\")]"}
COMMAND: POST /session/4782f8729a76edfdb31ae021f37f4e15/element/f.47FBE749F50BBE52AFAC717F22AEC391.d.DFC2E4FEB55A02BA2EE852109E323257.e.3707/click - {}
RESULT: {}
COMMAND: GET /session/4782f8729a76edfdb31ae021f37f4e15/screenshot - {}
RESULT: {}
COMMAND: POST /session/4782f8729a76edfdb31ae021f37f4e15/element - {"using":"xpath","value":"//bdi[contains(text(), \"OK\")]"}
RESULT: {"using":"xpath","value":"//bdi[contains(text(), \"OK\")]"}
COMMAND: POST /session/4782f8729a76edfdb31ae021f37f4e15/element/f.47FBE749F50BBE52AFAC717F22AEC391.d.DFC2E4FEB55A02BA2EE852109E323257.e.3708/click - {}
RESULT: {}
COMMAND: GET /session/4782f8729a76edfdb31ae021f37f4e15/screenshot - {}
RESULT: {}
COMMAND: POST /session/4782f8729a76edfdb31ae021f37f4e15/element - {"using":"xpath","value":"//input[@id=\"application-managesites-display-component---NewSite--addressDetailDetailsCalendar-inner\"]"}
RESULT: {"using":"xpath","value":"//input[@id=\"application-managesites-display-component---NewSite--addressDetailDetailsCalendar-inner\"]"}
COMMAND: POST /session/4782f8729a76edfdb31ae021f37f4e15/element/f.47FBE749F50BBE52AFAC717F22AEC391.d.DFC2E4FEB55A02BA2EE852109E323257.e.3556/clear - {}
RESULT: {}
COMMAND: POST /session/4782f8729a76edfdb31ae021f37f4e15/element/f.47FBE749F50BBE52AFAC717F22AEC391.d.DFC2E4FEB55A02BA2EE852109E323257.e.3556/value - {"text":"Unit"}
COMMAND: GET /session/4782f8729a76edfdb31ae021f37f4e15/screenshot - {}
RESULT: {"text":"Unit"}
COMMAND: GET /session/4782f8729a76edfdb31ae021f37f4e15/screenshot - {}
RESULT: {}
RESULT: {}
COMMAND: POST /session/4782f8729a76edfdb31ae021f37f4e15/actions - {"actions":[{"id":"action15","type":"key","parameters":{},"actions":[{"type":"keyDown","value":""},{"type":"pause","duration":10},{"type":"keyUp","value":""}]}]}
RESULT: {"actions":[{"id":"action15","type":"key","parameters":{},"actions":[{"type":"keyDown","value":""},{"type":"pause","duration":10},{"type":"keyUp","value":""}]}]}
COMMAND: POST /session/4782f8729a76edfdb31ae021f37f4e15/element - {"using":"xpath","value":"//input[@id=\"application-managesites-display-component---NewSite--addressDetailDetailsYard-inner\"]"}
COMMAND: GET /session/4782f8729a76edfdb31ae021f37f4e15/screenshot - {}
RESULT: {"using":"xpath","value":"//input[@id=\"application-managesites-display-component---NewSite--addressDetailDetailsYard-inner\"]"}
COMMAND: POST /session/4782f8729a76edfdb31ae021f37f4e15/element/f.47FBE749F50BBE52AFAC717F22AEC391.d.DFC2E4FEB55A02BA2EE852109E323257.e.3557/clear - {}
RESULT: {}
RESULT: {}
COMMAND: POST /session/4782f8729a76edfdb31ae021f37f4e15/element/f.47FBE749F50BBE52AFAC717F22AEC391.d.DFC2E4FEB55A02BA2EE852109E323257.e.3557/value - {"text":"190"}
COMMAND: GET /session/4782f8729a76edfdb31ae021f37f4e15/screenshot - {}
RESULT: {"text":"190"}
COMMAND: GET /session/4782f8729a76edfdb31ae021f37f4e15/screenshot - {}
RESULT: {}
RESULT: {}
COMMAND: POST /session/4782f8729a76edfdb31ae021f37f4e15/element - {"using":"xpath","value":"//li[.//span[text()='190']]"}
RESULT: {"using":"xpath","value":"//li[.//span[text()='190']]"}
COMMAND: POST /session/4782f8729a76edfdb31ae021f37f4e15/element/f.47FBE749F50BBE52AFAC717F22AEC391.d.DFC2E4FEB55A02BA2EE852109E323257.e.3716/click - {}
RESULT: {}
COMMAND: GET /session/4782f8729a76edfdb31ae021f37f4e15/screenshot - {}
RESULT: {}
COMMAND: POST /session/4782f8729a76edfdb31ae021f37f4e15/element - {"using":"xpath","value":"//input[@id=\"application-managesites-display-component---NewSite--addressDetailDetailsPartner-inner\"]"}
RESULT: {"using":"xpath","value":"//input[@id=\"application-managesites-display-component---NewSite--addressDetailDetailsPartner-inner\"]"}
COMMAND: POST /session/4782f8729a76edfdb31ae021f37f4e15/element - {"using":"xpath","value":"//input[@id=\"application-managesites-display-component---NewSite--addressDetailDetailsPartner-inner\"]"}
RESULT: {"using":"xpath","value":"//input[@id=\"application-managesites-display-component---NewSite--addressDetailDetailsPartner-inner\"]"}
COMMAND: POST /session/4782f8729a76edfdb31ae021f37f4e15/element - {"using":"xpath","value":"//button[@data-kt=\"saveButton\"]"}
RESULT: {"using":"xpath","value":"//button[@data-kt=\"saveButton\"]"}
COMMAND: POST /session/4782f8729a76edfdb31ae021f37f4e15/element/f.47FBE749F50BBE52AFAC717F22AEC391.d.DFC2E4FEB55A02BA2EE852109E323257.e.3641/click - {}
RESULT: {}
COMMAND: GET /session/4782f8729a76edfdb31ae021f37f4e15/screenshot - {}
RESULT: {}
COMMAND: POST /session/4782f8729a76edfdb31ae021f37f4e15/element - {"using":"xpath","value":"//header[contains(@id, 'ObjectPageLayout-headerTitle')]/div[1]/div[2]/div[2]/span[1]"}
RESULT: {"using":"xpath","value":"//header[contains(@id, 'ObjectPageLayout-headerTitle')]/div[1]/div[2]/div[2]/span[1]"}
COMMAND: POST /session/4782f8729a76edfdb31ae021f37f4e15/elements - {"using":"xpath","value":"//header[contains(@id, 'ObjectPageLayout-headerTitle')]/div[1]/div[2]/div[2]/span[1]"}
RESULT: {"using":"xpath","value":"//header[contains(@id, 'ObjectPageLayout-headerTitle')]/div[1]/div[2]/div[2]/span[1]"}
COMMAND: POST /session/4782f8729a76edfdb31ae021f37f4e15/execute/sync - {"script":"<script> [56 bytes]","args":[{"element-6066-11e4-a52e-4f735466cecf":"f.47FBE749F50BBE52AFAC717F22AEC391.d.DFC2E4FEB55A02BA2EE852109E323257.e.3862","ELEMENT":"f.47FBE749F50BBE52AFAC717F22AEC391.d.DFC2E4FEB55A02BA2EE852109E323257.e.3862"}]}
RESULT: {"script":"<script> [56 bytes]","args":[{"element-6066-11e4-a52e-4f735466cecf":"f.47FBE749F50BBE52AFAC717F22AEC391.d.DFC2E4FEB55A02BA2EE852109E323257.e.3862","ELEMENT":"f.47FBE749F50BBE52AFAC717F22AEC391.d.DFC2E4FEB55A02BA2EE852109E323257.e.3862"}]}
COMMAND: POST /session/4782f8729a76edfdb31ae021f37f4e15/element - {"using":"css selector","value":"#shell-header-logo"}
COMMAND: GET /session/4782f8729a76edfdb31ae021f37f4e15/screenshot - {}
RESULT: {"using":"css selector","value":"#shell-header-logo"}
COMMAND: POST /session/4782f8729a76edfdb31ae021f37f4e15/element/f.47FBE749F50BBE52AFAC717F22AEC391.d.DFC2E4FEB55A02BA2EE852109E323257.e.3118/click - {}
RESULT: {}
RESULT: {}
COMMAND: GET /session/4782f8729a76edfdb31ae021f37f4e15/screenshot - {}
RESULT: {}
]]></system-out>
    </testcase>
    <testcase classname="chrome.135_0_7049_42.windows.Edit_and_delete_daily_price_US134629_US134627" name="Should go to Manage Conditions Daily Price and add the 2 rows one with yard site and one with yard" time="59.861">
      <system-out><![CDATA[
COMMAND: POST /session/4782f8729a76edfdb31ae021f37f4e15/window/fullscreen - {}
RESULT: {}
COMMAND: POST /session/4782f8729a76edfdb31ae021f37f4e15/execute/async - {"script":"<script> [1562 bytes]","args":[{"selector":{"controlType":"sap.m.GenericTile","properties":{"header":"Manage Conditions & Prices"}},"wdio_ui5_key":"sapm.GenericTile{\"header\":\"Manage Conditions & Prices\"}"}]}
RESULT: {"script":"<script> [1562 bytes]","args":[{"selector":{"controlType":"sap.m.GenericTile","properties":{"header":"Manage Conditions & Prices"}},"wdio_ui5_key":"sapm.GenericTile{\"header\":\"Manage Conditions & Prices\"}"}]}
RESULT: undefined
COMMAND: POST /session/4782f8729a76edfdb31ae021f37f4e15/element - {"using":"xpath","value":"//*[@id=\"__tile53\"]"}
RESULT: {"using":"xpath","value":"//*[@id=\"__tile53\"]"}
COMMAND: POST /session/4782f8729a76edfdb31ae021f37f4e15/element/f.47FBE749F50BBE52AFAC717F22AEC391.d.DFC2E4FEB55A02BA2EE852109E323257.e.3865/click - {}
RESULT: {}
COMMAND: POST /session/4782f8729a76edfdb31ae021f37f4e15/element - {"using":"xpath","value":"//button[@aria-label=\"Create\"]"}
COMMAND: GET /session/4782f8729a76edfdb31ae021f37f4e15/screenshot - {}
RESULT: {"using":"xpath","value":"//button[@aria-label=\"Create\"]"}
COMMAND: POST /session/4782f8729a76edfdb31ae021f37f4e15/elements - {"using":"xpath","value":"//button[@aria-label=\"Create\"]"}
RESULT: {}
RESULT: {"using":"xpath","value":"//button[@aria-label=\"Create\"]"}
COMMAND: POST /session/4782f8729a76edfdb31ae021f37f4e15/elements - {"using":"xpath","value":"//button[@aria-label=\"Create\"]"}
RESULT: {"using":"xpath","value":"//button[@aria-label=\"Create\"]"}
COMMAND: POST /session/4782f8729a76edfdb31ae021f37f4e15/elements - {"using":"xpath","value":"//button[@aria-label=\"Create\"]"}
RESULT: {"using":"xpath","value":"//button[@aria-label=\"Create\"]"}
COMMAND: POST /session/4782f8729a76edfdb31ae021f37f4e15/element - {"using":"xpath","value":"//button[@aria-label=\"Create\"]"}
RESULT: {"using":"xpath","value":"//button[@aria-label=\"Create\"]"}
COMMAND: POST /session/4782f8729a76edfdb31ae021f37f4e15/element/f.47FBE749F50BBE52AFAC717F22AEC391.d.DFC2E4FEB55A02BA2EE852109E323257.e.3895/click - {}
RESULT: {}
COMMAND: GET /session/4782f8729a76edfdb31ae021f37f4e15/screenshot - {}
RESULT: {}
COMMAND: POST /session/4782f8729a76edfdb31ae021f37f4e15/actions - {"actions":[{"id":"action16","type":"key","parameters":{},"actions":[{"type":"keyDown","value":""},{"type":"pause","duration":10},{"type":"keyUp","value":""}]}]}
RESULT: {"actions":[{"id":"action16","type":"key","parameters":{},"actions":[{"type":"keyDown","value":""},{"type":"pause","duration":10},{"type":"keyUp","value":""}]}]}
COMMAND: POST /session/4782f8729a76edfdb31ae021f37f4e15/actions - {"actions":[{"id":"action17","type":"key","parameters":{},"actions":[{"type":"keyDown","value":""},{"type":"pause","duration":10},{"type":"keyUp","value":""}]}]}
COMMAND: GET /session/4782f8729a76edfdb31ae021f37f4e15/screenshot - {}
RESULT: {"actions":[{"id":"action17","type":"key","parameters":{},"actions":[{"type":"keyDown","value":""},{"type":"pause","duration":10},{"type":"keyUp","value":""}]}]}
COMMAND: POST /session/4782f8729a76edfdb31ae021f37f4e15/execute/async - {"script":"<script> [1562 bytes]","args":[{"selector":{"controlType":"sap.m.Title","viewName":"etm.portal.ui.manageconditionprice.view.DailyPrices","viewId":"application-manageconditionprice-display-component---dailyPrices","i18NText":{"propertyName":"text","key":"dailyPrices"}},"wdio_ui5_key":"etmportal.ui.manageconditionprice.view.DailyPricessap.m.Title{\"propertyName\":\"text\",\"key\":\"dailyPrices\"}"}]}
COMMAND: GET /session/4782f8729a76edfdb31ae021f37f4e15/screenshot - {}
RESULT: {}
RESULT: {"script":"<script> [1562 bytes]","args":[{"selector":{"controlType":"sap.m.Title","viewName":"etm.portal.ui.manageconditionprice.view.DailyPrices","viewId":"application-manageconditionprice-display-component---dailyPrices","i18NText":{"propertyName":"text","key":"dailyPrices"}},"wdio_ui5_key":"etmportal.ui.manageconditionprice.view.DailyPricessap.m.Title{\"propertyName\":\"text\",\"key\":\"dailyPrices\"}"}]}
RESULT: undefined
COMMAND: POST /session/4782f8729a76edfdb31ae021f37f4e15/execute/async - {"script":"<script> [6424 bytes]","args":[{"element-6066-11e4-a52e-4f735466cecf":"f.47FBE749F50BBE52AFAC717F22AEC391.d.DFC2E4FEB55A02BA2EE852109E323257.e.4069"},"getText",[]]}
RESULT: {}
RESULT: {"script":"<script> [6424 bytes]","args":[{"element-6066-11e4-a52e-4f735466cecf":"f.47FBE749F50BBE52AFAC717F22AEC391.d.DFC2E4FEB55A02BA2EE852109E323257.e.4069"},"getText",[]]}
COMMAND: POST /session/4782f8729a76edfdb31ae021f37f4e15/execute/async - {"script":"<script> [1562 bytes]","args":[{"selector":{"id":"application-manageconditionprice-display-component---dailyPrices--condBillCond","interaction":{"idSuffix":"inner"}},"wdio_ui5_key":"applicationmanageconditionprice-display-component---dailyPrices--condBillCond"}]}
RESULT: {"script":"<script> [1562 bytes]","args":[{"selector":{"id":"application-manageconditionprice-display-component---dailyPrices--condBillCond","interaction":{"idSuffix":"inner"}},"wdio_ui5_key":"applicationmanageconditionprice-display-component---dailyPrices--condBillCond"}]}
RESULT: undefined
COMMAND: POST /session/4782f8729a76edfdb31ae021f37f4e15/execute/async - {"script":"<script> [776 bytes]","args":[{"enterText":"Residual Value %","selector":{"id":"application-manageconditionprice-display-component---dailyPrices--condBillCond","interaction":{"idSuffix":"inner"}},"clearTextFirst":true,"interactionType":"ENTER_TEXT"}]}
RESULT: {"script":"<script> [776 bytes]","args":[{"enterText":"Residual Value %","selector":{"id":"application-manageconditionprice-display-component---dailyPrices--condBillCond","interaction":{"idSuffix":"inner"}},"clearTextFirst":true,"interactionType":"ENTER_TEXT"}]}
COMMAND: POST /session/4782f8729a76edfdb31ae021f37f4e15/execute/async - {"script":"<script> [1562 bytes]","args":[{"selector":{"controlType":"sap.m.StandardListItem","viewName":"etm.portal.ui.manageconditionprice.view.DailyPrices","viewId":"application-manageconditionprice-display-component---dailyPrices","properties":{"type":"Active"},"searchOpenDialogs":true,"interaction":{"idSuffix":"titleText"}},"wdio_ui5_key":"etmportal.ui.manageconditionprice.view.DailyPricessap.m.StandardListItem{\"type\":\"Active\"}"}]}
RESULT: {"script":"<script> [1562 bytes]","args":[{"selector":{"controlType":"sap.m.StandardListItem","viewName":"etm.portal.ui.manageconditionprice.view.DailyPrices","viewId":"application-manageconditionprice-display-component---dailyPrices","properties":{"type":"Active"},"searchOpenDialogs":true,"interaction":{"idSuffix":"titleText"}},"wdio_ui5_key":"etmportal.ui.manageconditionprice.view.DailyPricessap.m.StandardListItem{\"type\":\"Active\"}"}]}
RESULT: undefined
COMMAND: POST /session/4782f8729a76edfdb31ae021f37f4e15/element - {"using":"xpath","value":"//*[@id=\"__item872\"]"}
RESULT: {"using":"xpath","value":"//*[@id=\"__item872\"]"}
COMMAND: POST /session/4782f8729a76edfdb31ae021f37f4e15/element/f.47FBE749F50BBE52AFAC717F22AEC391.d.DFC2E4FEB55A02BA2EE852109E323257.e.4073/click - {}
RESULT: {}
COMMAND: POST /session/4782f8729a76edfdb31ae021f37f4e15/execute/async - {"script":"<script> [1562 bytes]","args":[{"selector":{"id":"application-manageconditionprice-display-component---dailyPrices--editBtn","interaction":{"idSuffix":"BDI-content"}},"wdio_ui5_key":"applicationmanageconditionprice-display-component---dailyPrices--editBtn"}]}
COMMAND: GET /session/4782f8729a76edfdb31ae021f37f4e15/screenshot - {}
RESULT: {"script":"<script> [1562 bytes]","args":[{"selector":{"id":"application-manageconditionprice-display-component---dailyPrices--editBtn","interaction":{"idSuffix":"BDI-content"}},"wdio_ui5_key":"applicationmanageconditionprice-display-component---dailyPrices--editBtn"}]}
RESULT: undefined
COMMAND: POST /session/4782f8729a76edfdb31ae021f37f4e15/element - {"using":"xpath","value":"//*[@id=\"application-manageconditionprice-display-component---dailyPrices--editBtn\"]"}
RESULT: {}
RESULT: {"using":"xpath","value":"//*[@id=\"application-manageconditionprice-display-component---dailyPrices--editBtn\"]"}
COMMAND: POST /session/4782f8729a76edfdb31ae021f37f4e15/element/f.47FBE749F50BBE52AFAC717F22AEC391.d.DFC2E4FEB55A02BA2EE852109E323257.e.4071/click - {}
RESULT: {}
COMMAND: POST /session/4782f8729a76edfdb31ae021f37f4e15/execute/async - {"script":"<script> [1562 bytes]","args":[{"selector":{"controlType":"sap.m.Button","viewName":"etm.portal.ui.manageconditionprice.view.DailyPrices","viewId":"application-manageconditionprice-display-component---dailyPrices","i18NText":{"propertyName":"text","key":"add"},"interaction":{"idSuffix":"BDI-content"}},"wdio_ui5_key":"etmportal.ui.manageconditionprice.view.DailyPricessap.m.Button{\"propertyName\":\"text\",\"key\":\"add\"}"}]}
COMMAND: GET /session/4782f8729a76edfdb31ae021f37f4e15/screenshot - {}
RESULT: {"script":"<script> [1562 bytes]","args":[{"selector":{"controlType":"sap.m.Button","viewName":"etm.portal.ui.manageconditionprice.view.DailyPrices","viewId":"application-manageconditionprice-display-component---dailyPrices","i18NText":{"propertyName":"text","key":"add"},"interaction":{"idSuffix":"BDI-content"}},"wdio_ui5_key":"etmportal.ui.manageconditionprice.view.DailyPricessap.m.Button{\"propertyName\":\"text\",\"key\":\"add\"}"}]}
RESULT: undefined
COMMAND: POST /session/4782f8729a76edfdb31ae021f37f4e15/element - {"using":"xpath","value":"//*[@id=\"__button113\"]"}
RESULT: {}
RESULT: {"using":"xpath","value":"//*[@id=\"__button113\"]"}
COMMAND: POST /session/4782f8729a76edfdb31ae021f37f4e15/element/f.47FBE749F50BBE52AFAC717F22AEC391.d.DFC2E4FEB55A02BA2EE852109E323257.e.4081/click - {}
RESULT: {}
COMMAND: POST /session/4782f8729a76edfdb31ae021f37f4e15/elements - {"using":"css selector","value":"table tr"}
COMMAND: GET /session/4782f8729a76edfdb31ae021f37f4e15/screenshot - {}
RESULT: {"using":"css selector","value":"table tr"}
COMMAND: POST /session/4782f8729a76edfdb31ae021f37f4e15/element/f.47FBE749F50BBE52AFAC717F22AEC391.d.DFC2E4FEB55A02BA2EE852109E323257.e.4095/elements - {"using":"css selector","value":"input"}
RESULT: {}
RESULT: {"using":"css selector","value":"input"}
COMMAND: POST /session/4782f8729a76edfdb31ae021f37f4e15/element/f.47FBE749F50BBE52AFAC717F22AEC391.d.DFC2E4FEB55A02BA2EE852109E323257.e.4098/clear - {}
COMMAND: POST /session/4782f8729a76edfdb31ae021f37f4e15/element/f.47FBE749F50BBE52AFAC717F22AEC391.d.DFC2E4FEB55A02BA2EE852109E323257.e.4096/clear - {}
COMMAND: POST /session/4782f8729a76edfdb31ae021f37f4e15/element/f.47FBE749F50BBE52AFAC717F22AEC391.d.DFC2E4FEB55A02BA2EE852109E323257.e.4099/clear - {}
COMMAND: POST /session/4782f8729a76edfdb31ae021f37f4e15/element/f.47FBE749F50BBE52AFAC717F22AEC391.d.DFC2E4FEB55A02BA2EE852109E323257.e.4097/clear - {}
COMMAND: POST /session/4782f8729a76edfdb31ae021f37f4e15/element/f.47FBE749F50BBE52AFAC717F22AEC391.d.DFC2E4FEB55A02BA2EE852109E323257.e.4095/elements - {"using":"css selector","value":"td"}
RESULT: {}
COMMAND: POST /session/4782f8729a76edfdb31ae021f37f4e15/element/f.47FBE749F50BBE52AFAC717F22AEC391.d.DFC2E4FEB55A02BA2EE852109E323257.e.4098/value - {"text":"705.60"}
COMMAND: GET /session/4782f8729a76edfdb31ae021f37f4e15/screenshot - {}
RESULT: {}
COMMAND: POST /session/4782f8729a76edfdb31ae021f37f4e15/element/f.47FBE749F50BBE52AFAC717F22AEC391.d.DFC2E4FEB55A02BA2EE852109E323257.e.4096/value - {"text":"04/11/25"}
COMMAND: GET /session/4782f8729a76edfdb31ae021f37f4e15/screenshot - {}
RESULT: {}
COMMAND: POST /session/4782f8729a76edfdb31ae021f37f4e15/element/f.47FBE749F50BBE52AFAC717F22AEC391.d.DFC2E4FEB55A02BA2EE852109E323257.e.4099/value - {"text":"Euro"}
COMMAND: GET /session/4782f8729a76edfdb31ae021f37f4e15/screenshot - {}
RESULT: {}
COMMAND: POST /session/4782f8729a76edfdb31ae021f37f4e15/element/f.47FBE749F50BBE52AFAC717F22AEC391.d.DFC2E4FEB55A02BA2EE852109E323257.e.4097/value - {"text":"09/11/25"}
COMMAND: GET /session/4782f8729a76edfdb31ae021f37f4e15/screenshot - {}
RESULT: {"using":"css selector","value":"td"}
COMMAND: POST /session/4782f8729a76edfdb31ae021f37f4e15/element - {"using":"xpath","value":".//li[contains(., \"2047\") and not(.//li)]"}
COMMAND: POST /session/4782f8729a76edfdb31ae021f37f4e15/element/f.47FBE749F50BBE52AFAC717F22AEC391.d.DFC2E4FEB55A02BA2EE852109E323257.e.4117/element - {"using":"css selector","value":"input"}
COMMAND: POST /session/4782f8729a76edfdb31ae021f37f4e15/element/f.47FBE749F50BBE52AFAC717F22AEC391.d.DFC2E4FEB55A02BA2EE852109E323257.e.4117/element - {"using":"css selector","value":"input"}
RESULT: {"text":"705.60"}
COMMAND: GET /session/4782f8729a76edfdb31ae021f37f4e15/screenshot - {}
RESULT: {}
RESULT: {"text":"04/11/25"}
COMMAND: GET /session/4782f8729a76edfdb31ae021f37f4e15/screenshot - {}
RESULT: {}
RESULT: {"text":"Euro"}
COMMAND: GET /session/4782f8729a76edfdb31ae021f37f4e15/screenshot - {}
RESULT: {}
RESULT: {"text":"09/11/25"}
COMMAND: GET /session/4782f8729a76edfdb31ae021f37f4e15/screenshot - {}
RESULT: {}
RESULT: {"using":"xpath","value":".//li[contains(., \"2047\") and not(.//li)]"}
RESULT: {"using":"css selector","value":"input"}
COMMAND: POST /session/4782f8729a76edfdb31ae021f37f4e15/element/f.47FBE749F50BBE52AFAC717F22AEC391.d.DFC2E4FEB55A02BA2EE852109E323257.e.4100/click - {}
RESULT: {"using":"css selector","value":"input"}
COMMAND: POST /session/4782f8729a76edfdb31ae021f37f4e15/element/f.47FBE749F50BBE52AFAC717F22AEC391.d.DFC2E4FEB55A02BA2EE852109E323257.e.4100/clear - {}
RESULT: {}
RESULT: {}
RESULT: {}
COMMAND: POST /session/4782f8729a76edfdb31ae021f37f4e15/elements - {"using":"xpath","value":".//li[contains(., \"2047\") and not(.//li)]"}
RESULT: {}
RESULT: {}
COMMAND: GET /session/4782f8729a76edfdb31ae021f37f4e15/screenshot - {}
RESULT: {}
COMMAND: POST /session/4782f8729a76edfdb31ae021f37f4e15/element/f.47FBE749F50BBE52AFAC717F22AEC391.d.DFC2E4FEB55A02BA2EE852109E323257.e.4100/value - {"text":"2047"}
COMMAND: GET /session/4782f8729a76edfdb31ae021f37f4e15/screenshot - {}
RESULT: {"using":"xpath","value":".//li[contains(., \"2047\") and not(.//li)]"}
COMMAND: POST /session/4782f8729a76edfdb31ae021f37f4e15/elements - {"using":"xpath","value":".//li[contains(., \"2047\") and not(.//li)]"}
RESULT: {}
RESULT: {"text":"2047"}
COMMAND: GET /session/4782f8729a76edfdb31ae021f37f4e15/screenshot - {}
RESULT: {}
RESULT: {"using":"xpath","value":".//li[contains(., \"2047\") and not(.//li)]"}
COMMAND: POST /session/4782f8729a76edfdb31ae021f37f4e15/element - {"using":"xpath","value":".//li[contains(., \"2047\") and not(.//li)]"}
RESULT: {}
RESULT: {"using":"xpath","value":".//li[contains(., \"2047\") and not(.//li)]"}
COMMAND: POST /session/4782f8729a76edfdb31ae021f37f4e15/element/f.47FBE749F50BBE52AFAC717F22AEC391.d.DFC2E4FEB55A02BA2EE852109E323257.e.4124/click - {}
RESULT: {}
COMMAND: POST /session/4782f8729a76edfdb31ae021f37f4e15/element - {"using":"xpath","value":".//li[contains(., \"190\") and not(.//li)]"}
COMMAND: POST /session/4782f8729a76edfdb31ae021f37f4e15/element/f.47FBE749F50BBE52AFAC717F22AEC391.d.DFC2E4FEB55A02BA2EE852109E323257.e.4118/element - {"using":"css selector","value":"input"}
COMMAND: POST /session/4782f8729a76edfdb31ae021f37f4e15/element/f.47FBE749F50BBE52AFAC717F22AEC391.d.DFC2E4FEB55A02BA2EE852109E323257.e.4118/element - {"using":"css selector","value":"input"}
COMMAND: GET /session/4782f8729a76edfdb31ae021f37f4e15/screenshot - {}
RESULT: {}
RESULT: {"using":"css selector","value":"input"}
COMMAND: POST /session/4782f8729a76edfdb31ae021f37f4e15/element/f.47FBE749F50BBE52AFAC717F22AEC391.d.DFC2E4FEB55A02BA2EE852109E323257.e.4101/click - {}
RESULT: {"using":"css selector","value":"input"}
COMMAND: POST /session/4782f8729a76edfdb31ae021f37f4e15/element/f.47FBE749F50BBE52AFAC717F22AEC391.d.DFC2E4FEB55A02BA2EE852109E323257.e.4101/clear - {}
RESULT: {"using":"xpath","value":".//li[contains(., \"190\") and not(.//li)]"}
RESULT: {}
COMMAND: GET /session/4782f8729a76edfdb31ae021f37f4e15/screenshot - {}
RESULT: {}
COMMAND: POST /session/4782f8729a76edfdb31ae021f37f4e15/element/f.47FBE749F50BBE52AFAC717F22AEC391.d.DFC2E4FEB55A02BA2EE852109E323257.e.4101/value - {"text":"190"}
COMMAND: GET /session/4782f8729a76edfdb31ae021f37f4e15/screenshot - {}
RESULT: {}
RESULT: {"text":"190"}
COMMAND: GET /session/4782f8729a76edfdb31ae021f37f4e15/screenshot - {}
COMMAND: POST /session/4782f8729a76edfdb31ae021f37f4e15/elements - {"using":"xpath","value":".//li[contains(., \"190\") and not(.//li)]"}
RESULT: {}
RESULT: {}
RESULT: {"using":"xpath","value":".//li[contains(., \"190\") and not(.//li)]"}
COMMAND: POST /session/4782f8729a76edfdb31ae021f37f4e15/element - {"using":"xpath","value":".//li[contains(., \"190\") and not(.//li)]"}
RESULT: {"using":"xpath","value":".//li[contains(., \"190\") and not(.//li)]"}
COMMAND: POST /session/4782f8729a76edfdb31ae021f37f4e15/element/f.47FBE749F50BBE52AFAC717F22AEC391.d.DFC2E4FEB55A02BA2EE852109E323257.e.4125/click - {}
RESULT: {}
RESULT: undefined
COMMAND: POST /session/4782f8729a76edfdb31ae021f37f4e15/element - {"using":"xpath","value":"//*[@id=\"__button113\"]"}
COMMAND: GET /session/4782f8729a76edfdb31ae021f37f4e15/screenshot - {}
RESULT: {"using":"xpath","value":"//*[@id=\"__button113\"]"}
COMMAND: POST /session/4782f8729a76edfdb31ae021f37f4e15/element/f.47FBE749F50BBE52AFAC717F22AEC391.d.DFC2E4FEB55A02BA2EE852109E323257.e.4081/click - {}
RESULT: {}
RESULT: {}
COMMAND: POST /session/4782f8729a76edfdb31ae021f37f4e15/elements - {"using":"css selector","value":"table tr"}
COMMAND: GET /session/4782f8729a76edfdb31ae021f37f4e15/screenshot - {}
RESULT: {"using":"css selector","value":"table tr"}
COMMAND: POST /session/4782f8729a76edfdb31ae021f37f4e15/element/f.47FBE749F50BBE52AFAC717F22AEC391.d.DFC2E4FEB55A02BA2EE852109E323257.e.4127/elements - {"using":"css selector","value":"input"}
RESULT: {}
RESULT: {"using":"css selector","value":"input"}
COMMAND: POST /session/4782f8729a76edfdb31ae021f37f4e15/element/f.47FBE749F50BBE52AFAC717F22AEC391.d.DFC2E4FEB55A02BA2EE852109E323257.e.4130/clear - {}
COMMAND: POST /session/4782f8729a76edfdb31ae021f37f4e15/element/f.47FBE749F50BBE52AFAC717F22AEC391.d.DFC2E4FEB55A02BA2EE852109E323257.e.4128/clear - {}
COMMAND: POST /session/4782f8729a76edfdb31ae021f37f4e15/element/f.47FBE749F50BBE52AFAC717F22AEC391.d.DFC2E4FEB55A02BA2EE852109E323257.e.4131/clear - {}
COMMAND: POST /session/4782f8729a76edfdb31ae021f37f4e15/element/f.47FBE749F50BBE52AFAC717F22AEC391.d.DFC2E4FEB55A02BA2EE852109E323257.e.4129/clear - {}
COMMAND: POST /session/4782f8729a76edfdb31ae021f37f4e15/element/f.47FBE749F50BBE52AFAC717F22AEC391.d.DFC2E4FEB55A02BA2EE852109E323257.e.4127/elements - {"using":"css selector","value":"td"}
RESULT: {"using":"css selector","value":"td"}
COMMAND: POST /session/4782f8729a76edfdb31ae021f37f4e15/element - {"using":"xpath","value":"(//li[div//span[contains(text(), '2047')]])[2]"}
COMMAND: POST /session/4782f8729a76edfdb31ae021f37f4e15/element/f.47FBE749F50BBE52AFAC717F22AEC391.d.DFC2E4FEB55A02BA2EE852109E323257.e.4149/element - {"using":"css selector","value":"input"}
COMMAND: POST /session/4782f8729a76edfdb31ae021f37f4e15/element/f.47FBE749F50BBE52AFAC717F22AEC391.d.DFC2E4FEB55A02BA2EE852109E323257.e.4149/element - {"using":"css selector","value":"input"}
RESULT: {}
COMMAND: POST /session/4782f8729a76edfdb31ae021f37f4e15/element/f.47FBE749F50BBE52AFAC717F22AEC391.d.DFC2E4FEB55A02BA2EE852109E323257.e.4129/value - {"text":"09/11/25"}
COMMAND: GET /session/4782f8729a76edfdb31ae021f37f4e15/screenshot - {}
RESULT: {}
COMMAND: POST /session/4782f8729a76edfdb31ae021f37f4e15/element/f.47FBE749F50BBE52AFAC717F22AEC391.d.DFC2E4FEB55A02BA2EE852109E323257.e.4131/value - {"text":"US Dollar"}
COMMAND: GET /session/4782f8729a76edfdb31ae021f37f4e15/screenshot - {}
RESULT: {}
COMMAND: POST /session/4782f8729a76edfdb31ae021f37f4e15/element/f.47FBE749F50BBE52AFAC717F22AEC391.d.DFC2E4FEB55A02BA2EE852109E323257.e.4128/value - {"text":"04/11/25"}
COMMAND: GET /session/4782f8729a76edfdb31ae021f37f4e15/screenshot - {}
RESULT: {}
COMMAND: POST /session/4782f8729a76edfdb31ae021f37f4e15/element/f.47FBE749F50BBE52AFAC717F22AEC391.d.DFC2E4FEB55A02BA2EE852109E323257.e.4130/value - {"text":"99.5"}
COMMAND: GET /session/4782f8729a76edfdb31ae021f37f4e15/screenshot - {}
RESULT: {"using":"xpath","value":"(//li[div//span[contains(text(), '2047')]])[2]"}
RESULT: {"using":"css selector","value":"input"}
COMMAND: POST /session/4782f8729a76edfdb31ae021f37f4e15/element/f.47FBE749F50BBE52AFAC717F22AEC391.d.DFC2E4FEB55A02BA2EE852109E323257.e.4132/click - {}
RESULT: {"using":"css selector","value":"input"}
COMMAND: POST /session/4782f8729a76edfdb31ae021f37f4e15/element/f.47FBE749F50BBE52AFAC717F22AEC391.d.DFC2E4FEB55A02BA2EE852109E323257.e.4132/clear - {}
RESULT: {"text":"09/11/25"}
COMMAND: GET /session/4782f8729a76edfdb31ae021f37f4e15/screenshot - {}
RESULT: {}
COMMAND: POST /session/4782f8729a76edfdb31ae021f37f4e15/elements - {"using":"xpath","value":"(//li[div//span[contains(text(), '2047')]])[2]"}
RESULT: {"text":"US Dollar"}
COMMAND: GET /session/4782f8729a76edfdb31ae021f37f4e15/screenshot - {}
RESULT: {}
RESULT: {"text":"04/11/25"}
COMMAND: GET /session/4782f8729a76edfdb31ae021f37f4e15/screenshot - {}
RESULT: {}
RESULT: {"text":"99.5"}
COMMAND: GET /session/4782f8729a76edfdb31ae021f37f4e15/screenshot - {}
RESULT: {}
RESULT: {}
COMMAND: GET /session/4782f8729a76edfdb31ae021f37f4e15/screenshot - {}
RESULT: {}
COMMAND: POST /session/4782f8729a76edfdb31ae021f37f4e15/element/f.47FBE749F50BBE52AFAC717F22AEC391.d.DFC2E4FEB55A02BA2EE852109E323257.e.4132/value - {"text":"2047"}
COMMAND: GET /session/4782f8729a76edfdb31ae021f37f4e15/screenshot - {}
RESULT: {}
RESULT: {"using":"xpath","value":"(//li[div//span[contains(text(), '2047')]])[2]"}
COMMAND: POST /session/4782f8729a76edfdb31ae021f37f4e15/elements - {"using":"xpath","value":"(//li[div//span[contains(text(), '2047')]])[2]"}
RESULT: {}
RESULT: {}
RESULT: {}
RESULT: {}
RESULT: {"text":"2047"}
COMMAND: GET /session/4782f8729a76edfdb31ae021f37f4e15/screenshot - {}
RESULT: {}
RESULT: {"using":"xpath","value":"(//li[div//span[contains(text(), '2047')]])[2]"}
COMMAND: POST /session/4782f8729a76edfdb31ae021f37f4e15/element - {"using":"xpath","value":"(//li[div//span[contains(text(), '2047')]])[2]"}
RESULT: {}
RESULT: {"using":"xpath","value":"(//li[div//span[contains(text(), '2047')]])[2]"}
COMMAND: POST /session/4782f8729a76edfdb31ae021f37f4e15/element/f.47FBE749F50BBE52AFAC717F22AEC391.d.DFC2E4FEB55A02BA2EE852109E323257.e.4155/click - {}
RESULT: {}
COMMAND: POST /session/4782f8729a76edfdb31ae021f37f4e15/execute/async - {"script":"<script> [1562 bytes]","args":[{"selector":{"controlType":"sap.m.Button","viewName":"etm.portal.ui.manageconditionprice.view.DailyPrices","viewId":"application-manageconditionprice-display-component---dailyPrices","i18NText":{"propertyName":"tooltip","key":"save"},"interaction":{"idSuffix":"BDI-content"}},"wdio_ui5_key":"etmportal.ui.manageconditionprice.view.DailyPricessap.m.Button{\"propertyName\":\"tooltip\",\"key\":\"save\"}"}]}
COMMAND: GET /session/4782f8729a76edfdb31ae021f37f4e15/screenshot - {}
RESULT: {"script":"<script> [1562 bytes]","args":[{"selector":{"controlType":"sap.m.Button","viewName":"etm.portal.ui.manageconditionprice.view.DailyPrices","viewId":"application-manageconditionprice-display-component---dailyPrices","i18NText":{"propertyName":"tooltip","key":"save"},"interaction":{"idSuffix":"BDI-content"}},"wdio_ui5_key":"etmportal.ui.manageconditionprice.view.DailyPricessap.m.Button{\"propertyName\":\"tooltip\",\"key\":\"save\"}"}]}
RESULT: undefined
COMMAND: POST /session/4782f8729a76edfdb31ae021f37f4e15/element - {"using":"xpath","value":"//*[@id=\"__button115\"]"}
RESULT: {}
RESULT: {"using":"xpath","value":"//*[@id=\"__button115\"]"}
COMMAND: POST /session/4782f8729a76edfdb31ae021f37f4e15/element/f.47FBE749F50BBE52AFAC717F22AEC391.d.DFC2E4FEB55A02BA2EE852109E323257.e.4075/click - {}
RESULT: {}
COMMAND: GET /session/4782f8729a76edfdb31ae021f37f4e15/screenshot - {}
RESULT: {}
]]></system-out>
    </testcase>
    <testcase classname="chrome.135_0_7049_42.windows.Edit_and_delete_daily_price_US134629_US134627" name="Should check whether the 2 rows have been added then edit one of the rows s currency and value and save and check the edited values" time="11.991">
      <system-out><![CDATA[
COMMAND: POST /session/4782f8729a76edfdb31ae021f37f4e15/elements - {"using":"css selector","value":"table tr"}
RESULT: {"using":"css selector","value":"table tr"}
COMMAND: POST /session/4782f8729a76edfdb31ae021f37f4e15/element/f.47FBE749F50BBE52AFAC717F22AEC391.d.DFC2E4FEB55A02BA2EE852109E323257.e.4127/elements - {"using":"css selector","value":"td"}
RESULT: {"using":"css selector","value":"td"}
COMMAND: POST /session/4782f8729a76edfdb31ae021f37f4e15/element/f.47FBE749F50BBE52AFAC717F22AEC391.d.DFC2E4FEB55A02BA2EE852109E323257.e.4095/elements - {"using":"css selector","value":"td"}
RESULT: {"using":"css selector","value":"td"}
COMMAND: POST /session/4782f8729a76edfdb31ae021f37f4e15/element/f.47FBE749F50BBE52AFAC717F22AEC391.d.DFC2E4FEB55A02BA2EE852109E323257.e.4158/element - {"using":"css selector","value":".sapMObjectNumberText"}
RESULT: {"using":"css selector","value":".sapMObjectNumberText"}
COMMAND: GET /session/4782f8729a76edfdb31ae021f37f4e15/element/f.47FBE749F50BBE52AFAC717F22AEC391.d.DFC2E4FEB55A02BA2EE852109E323257.e.4160/text - {}
RESULT: {}
COMMAND: POST /session/4782f8729a76edfdb31ae021f37f4e15/element/f.47FBE749F50BBE52AFAC717F22AEC391.d.DFC2E4FEB55A02BA2EE852109E323257.e.4159/element - {"using":"css selector","value":".sapMObjectNumberText"}
RESULT: {"using":"css selector","value":".sapMObjectNumberText"}
COMMAND: GET /session/4782f8729a76edfdb31ae021f37f4e15/element/f.47FBE749F50BBE52AFAC717F22AEC391.d.DFC2E4FEB55A02BA2EE852109E323257.e.4161/text - {}
RESULT: {}
RESULT: undefined
COMMAND: POST /session/4782f8729a76edfdb31ae021f37f4e15/element - {"using":"xpath","value":"//*[@id=\"application-manageconditionprice-display-component---dailyPrices--editBtn\"]"}
RESULT: {"using":"xpath","value":"//*[@id=\"application-manageconditionprice-display-component---dailyPrices--editBtn\"]"}
COMMAND: POST /session/4782f8729a76edfdb31ae021f37f4e15/element/f.47FBE749F50BBE52AFAC717F22AEC391.d.DFC2E4FEB55A02BA2EE852109E323257.e.4157/click - {}
RESULT: {}
COMMAND: POST /session/4782f8729a76edfdb31ae021f37f4e15/elements - {"using":"css selector","value":"table tr"}
COMMAND: GET /session/4782f8729a76edfdb31ae021f37f4e15/screenshot - {}
RESULT: {"using":"css selector","value":"table tr"}
COMMAND: POST /session/4782f8729a76edfdb31ae021f37f4e15/element/f.47FBE749F50BBE52AFAC717F22AEC391.d.DFC2E4FEB55A02BA2EE852109E323257.e.4127/elements - {"using":"css selector","value":"input"}
RESULT: {}
RESULT: {"using":"css selector","value":"input"}
COMMAND: POST /session/4782f8729a76edfdb31ae021f37f4e15/element/f.47FBE749F50BBE52AFAC717F22AEC391.d.DFC2E4FEB55A02BA2EE852109E323257.e.4176/clear - {}
COMMAND: POST /session/4782f8729a76edfdb31ae021f37f4e15/element/f.47FBE749F50BBE52AFAC717F22AEC391.d.DFC2E4FEB55A02BA2EE852109E323257.e.4177/clear - {}
RESULT: {}
COMMAND: POST /session/4782f8729a76edfdb31ae021f37f4e15/element/f.47FBE749F50BBE52AFAC717F22AEC391.d.DFC2E4FEB55A02BA2EE852109E323257.e.4176/value - {"text":"566.1"}
COMMAND: GET /session/4782f8729a76edfdb31ae021f37f4e15/screenshot - {}
RESULT: {}
COMMAND: POST /session/4782f8729a76edfdb31ae021f37f4e15/element/f.47FBE749F50BBE52AFAC717F22AEC391.d.DFC2E4FEB55A02BA2EE852109E323257.e.4177/value - {"text":"US Dollar"}
COMMAND: GET /session/4782f8729a76edfdb31ae021f37f4e15/screenshot - {}
RESULT: {"text":"566.1"}
COMMAND: GET /session/4782f8729a76edfdb31ae021f37f4e15/screenshot - {}
RESULT: {}
RESULT: undefined
COMMAND: POST /session/4782f8729a76edfdb31ae021f37f4e15/element - {"using":"xpath","value":"//*[@id=\"__button115\"]"}
RESULT: {"text":"US Dollar"}
COMMAND: GET /session/4782f8729a76edfdb31ae021f37f4e15/screenshot - {}
RESULT: {}
RESULT: {}
RESULT: {"using":"xpath","value":"//*[@id=\"__button115\"]"}
COMMAND: POST /session/4782f8729a76edfdb31ae021f37f4e15/element/f.47FBE749F50BBE52AFAC717F22AEC391.d.DFC2E4FEB55A02BA2EE852109E323257.e.4162/click - {}
RESULT: {}
RESULT: {}
COMMAND: GET /session/4782f8729a76edfdb31ae021f37f4e15/screenshot - {}
RESULT: {}
COMMAND: POST /session/4782f8729a76edfdb31ae021f37f4e15/elements - {"using":"css selector","value":"table tr"}
RESULT: {"using":"css selector","value":"table tr"}
COMMAND: POST /session/4782f8729a76edfdb31ae021f37f4e15/element/f.47FBE749F50BBE52AFAC717F22AEC391.d.DFC2E4FEB55A02BA2EE852109E323257.e.4127/elements - {"using":"css selector","value":"td"}
RESULT: {"using":"css selector","value":"td"}
COMMAND: POST /session/4782f8729a76edfdb31ae021f37f4e15/element/f.47FBE749F50BBE52AFAC717F22AEC391.d.DFC2E4FEB55A02BA2EE852109E323257.e.4181/element - {"using":"css selector","value":".sapMObjectNumberText"}
RESULT: {"using":"css selector","value":".sapMObjectNumberText"}
COMMAND: GET /session/4782f8729a76edfdb31ae021f37f4e15/element/f.47FBE749F50BBE52AFAC717F22AEC391.d.DFC2E4FEB55A02BA2EE852109E323257.e.4183/text - {}
RESULT: {}
]]></system-out>
    </testcase>
    <testcase classname="chrome.135_0_7049_42.windows.Edit_and_delete_daily_price_US134629_US134627" name="Should go into edit and delete all the rows that match the yard we have created for this scenario check if all rows deleted" time="16.912">
      <system-out><![CDATA[
RESULT: undefined
COMMAND: POST /session/4782f8729a76edfdb31ae021f37f4e15/element - {"using":"xpath","value":"//*[@id=\"application-manageconditionprice-display-component---dailyPrices--editBtn\"]"}
RESULT: {"using":"xpath","value":"//*[@id=\"application-manageconditionprice-display-component---dailyPrices--editBtn\"]"}
COMMAND: POST /session/4782f8729a76edfdb31ae021f37f4e15/element/f.47FBE749F50BBE52AFAC717F22AEC391.d.DFC2E4FEB55A02BA2EE852109E323257.e.4180/click - {}
RESULT: {}
COMMAND: GET /session/4782f8729a76edfdb31ae021f37f4e15/screenshot - {}
RESULT: {}
COMMAND: POST /session/4782f8729a76edfdb31ae021f37f4e15/elements - {"using":"css selector","value":"table tr"}
RESULT: {"using":"css selector","value":"table tr"}
COMMAND: POST /session/4782f8729a76edfdb31ae021f37f4e15/element/f.47FBE749F50BBE52AFAC717F22AEC391.d.DFC2E4FEB55A02BA2EE852109E323257.e.4083/elements - {"using":"css selector","value":"td"}
RESULT: {"using":"css selector","value":"td"}
COMMAND: POST /session/4782f8729a76edfdb31ae021f37f4e15/element/f.47FBE749F50BBE52AFAC717F22AEC391.d.DFC2E4FEB55A02BA2EE852109E323257.e.4084/elements - {"using":"css selector","value":"td"}
RESULT: {"using":"css selector","value":"td"}
COMMAND: POST /session/4782f8729a76edfdb31ae021f37f4e15/element/f.47FBE749F50BBE52AFAC717F22AEC391.d.DFC2E4FEB55A02BA2EE852109E323257.e.4085/elements - {"using":"css selector","value":"td"}
RESULT: {"using":"css selector","value":"td"}
COMMAND: POST /session/4782f8729a76edfdb31ae021f37f4e15/element/f.47FBE749F50BBE52AFAC717F22AEC391.d.DFC2E4FEB55A02BA2EE852109E323257.e.4023/elements - {"using":"css selector","value":"td"}
RESULT: {"using":"css selector","value":"td"}
COMMAND: POST /session/4782f8729a76edfdb31ae021f37f4e15/element/f.47FBE749F50BBE52AFAC717F22AEC391.d.DFC2E4FEB55A02BA2EE852109E323257.e.4024/elements - {"using":"css selector","value":"td"}
RESULT: {"using":"css selector","value":"td"}
COMMAND: POST /session/4782f8729a76edfdb31ae021f37f4e15/element/f.47FBE749F50BBE52AFAC717F22AEC391.d.DFC2E4FEB55A02BA2EE852109E323257.e.3998/elements - {"using":"css selector","value":"td"}
RESULT: {"using":"css selector","value":"td"}
COMMAND: POST /session/4782f8729a76edfdb31ae021f37f4e15/element/f.47FBE749F50BBE52AFAC717F22AEC391.d.DFC2E4FEB55A02BA2EE852109E323257.e.3999/elements - {"using":"css selector","value":"td"}
RESULT: {"using":"css selector","value":"td"}
COMMAND: POST /session/4782f8729a76edfdb31ae021f37f4e15/element/f.47FBE749F50BBE52AFAC717F22AEC391.d.DFC2E4FEB55A02BA2EE852109E323257.e.4007/elements - {"using":"css selector","value":"td"}
RESULT: {"using":"css selector","value":"td"}
COMMAND: POST /session/4782f8729a76edfdb31ae021f37f4e15/element/f.47FBE749F50BBE52AFAC717F22AEC391.d.DFC2E4FEB55A02BA2EE852109E323257.e.4008/elements - {"using":"css selector","value":"td"}
RESULT: {"using":"css selector","value":"td"}
COMMAND: POST /session/4782f8729a76edfdb31ae021f37f4e15/element/f.47FBE749F50BBE52AFAC717F22AEC391.d.DFC2E4FEB55A02BA2EE852109E323257.e.4016/elements - {"using":"css selector","value":"td"}
RESULT: {"using":"css selector","value":"td"}
COMMAND: POST /session/4782f8729a76edfdb31ae021f37f4e15/element/f.47FBE749F50BBE52AFAC717F22AEC391.d.DFC2E4FEB55A02BA2EE852109E323257.e.4086/elements - {"using":"css selector","value":"td"}
RESULT: {"using":"css selector","value":"td"}
COMMAND: POST /session/4782f8729a76edfdb31ae021f37f4e15/element/f.47FBE749F50BBE52AFAC717F22AEC391.d.DFC2E4FEB55A02BA2EE852109E323257.e.4087/elements - {"using":"css selector","value":"td"}
RESULT: {"using":"css selector","value":"td"}
COMMAND: POST /session/4782f8729a76edfdb31ae021f37f4e15/element/f.47FBE749F50BBE52AFAC717F22AEC391.d.DFC2E4FEB55A02BA2EE852109E323257.e.4088/elements - {"using":"css selector","value":"td"}
RESULT: {"using":"css selector","value":"td"}
COMMAND: POST /session/4782f8729a76edfdb31ae021f37f4e15/element/f.47FBE749F50BBE52AFAC717F22AEC391.d.DFC2E4FEB55A02BA2EE852109E323257.e.4089/elements - {"using":"css selector","value":"td"}
RESULT: {"using":"css selector","value":"td"}
COMMAND: POST /session/4782f8729a76edfdb31ae021f37f4e15/element/f.47FBE749F50BBE52AFAC717F22AEC391.d.DFC2E4FEB55A02BA2EE852109E323257.e.4090/elements - {"using":"css selector","value":"td"}
RESULT: {"using":"css selector","value":"td"}
COMMAND: POST /session/4782f8729a76edfdb31ae021f37f4e15/element/f.47FBE749F50BBE52AFAC717F22AEC391.d.DFC2E4FEB55A02BA2EE852109E323257.e.4091/elements - {"using":"css selector","value":"td"}
RESULT: {"using":"css selector","value":"td"}
COMMAND: POST /session/4782f8729a76edfdb31ae021f37f4e15/element/f.47FBE749F50BBE52AFAC717F22AEC391.d.DFC2E4FEB55A02BA2EE852109E323257.e.4092/elements - {"using":"css selector","value":"td"}
RESULT: {"using":"css selector","value":"td"}
COMMAND: POST /session/4782f8729a76edfdb31ae021f37f4e15/element/f.47FBE749F50BBE52AFAC717F22AEC391.d.DFC2E4FEB55A02BA2EE852109E323257.e.4093/elements - {"using":"css selector","value":"td"}
RESULT: {"using":"css selector","value":"td"}
COMMAND: POST /session/4782f8729a76edfdb31ae021f37f4e15/element/f.47FBE749F50BBE52AFAC717F22AEC391.d.DFC2E4FEB55A02BA2EE852109E323257.e.4094/elements - {"using":"css selector","value":"td"}
RESULT: {"using":"css selector","value":"td"}
COMMAND: POST /session/4782f8729a76edfdb31ae021f37f4e15/element/f.47FBE749F50BBE52AFAC717F22AEC391.d.DFC2E4FEB55A02BA2EE852109E323257.e.4095/elements - {"using":"css selector","value":"td"}
RESULT: {"using":"css selector","value":"td"}
COMMAND: POST /session/4782f8729a76edfdb31ae021f37f4e15/element/f.47FBE749F50BBE52AFAC717F22AEC391.d.DFC2E4FEB55A02BA2EE852109E323257.e.4117/element - {"using":"css selector","value":"input"}
RESULT: {"using":"css selector","value":"input"}
COMMAND: GET /session/4782f8729a76edfdb31ae021f37f4e15/element/f.47FBE749F50BBE52AFAC717F22AEC391.d.DFC2E4FEB55A02BA2EE852109E323257.e.4100/property/value - {}
RESULT: {}
COMMAND: POST /session/4782f8729a76edfdb31ae021f37f4e15/element/f.47FBE749F50BBE52AFAC717F22AEC391.d.DFC2E4FEB55A02BA2EE852109E323257.e.4095/element - {"using":"css selector","value":".sapMCbBg"}
COMMAND: GET /session/4782f8729a76edfdb31ae021f37f4e15/screenshot - {}
RESULT: {"using":"css selector","value":".sapMCbBg"}
COMMAND: GET /session/4782f8729a76edfdb31ae021f37f4e15/element/f.47FBE749F50BBE52AFAC717F22AEC391.d.DFC2E4FEB55A02BA2EE852109E323257.e.4253/selected - {}
RESULT: {}
RESULT: {}
COMMAND: POST /session/4782f8729a76edfdb31ae021f37f4e15/element/f.47FBE749F50BBE52AFAC717F22AEC391.d.DFC2E4FEB55A02BA2EE852109E323257.e.4253/click - {}
COMMAND: GET /session/4782f8729a76edfdb31ae021f37f4e15/screenshot - {}
RESULT: {}
COMMAND: POST /session/4782f8729a76edfdb31ae021f37f4e15/element/f.47FBE749F50BBE52AFAC717F22AEC391.d.DFC2E4FEB55A02BA2EE852109E323257.e.4127/elements - {"using":"css selector","value":"td"}
COMMAND: GET /session/4782f8729a76edfdb31ae021f37f4e15/screenshot - {}
RESULT: {}
RESULT: {"using":"css selector","value":"td"}
COMMAND: POST /session/4782f8729a76edfdb31ae021f37f4e15/element/f.47FBE749F50BBE52AFAC717F22AEC391.d.DFC2E4FEB55A02BA2EE852109E323257.e.4149/element - {"using":"css selector","value":"input"}
RESULT: {}
RESULT: {"using":"css selector","value":"input"}
COMMAND: GET /session/4782f8729a76edfdb31ae021f37f4e15/element/f.47FBE749F50BBE52AFAC717F22AEC391.d.DFC2E4FEB55A02BA2EE852109E323257.e.4132/property/value - {}
RESULT: {}
COMMAND: POST /session/4782f8729a76edfdb31ae021f37f4e15/element/f.47FBE749F50BBE52AFAC717F22AEC391.d.DFC2E4FEB55A02BA2EE852109E323257.e.4127/element - {"using":"css selector","value":".sapMCbBg"}
COMMAND: GET /session/4782f8729a76edfdb31ae021f37f4e15/screenshot - {}
RESULT: {"using":"css selector","value":".sapMCbBg"}
COMMAND: GET /session/4782f8729a76edfdb31ae021f37f4e15/element/f.47FBE749F50BBE52AFAC717F22AEC391.d.DFC2E4FEB55A02BA2EE852109E323257.e.4257/selected - {}
RESULT: {}
RESULT: {}
COMMAND: POST /session/4782f8729a76edfdb31ae021f37f4e15/element/f.47FBE749F50BBE52AFAC717F22AEC391.d.DFC2E4FEB55A02BA2EE852109E323257.e.4257/click - {}
COMMAND: GET /session/4782f8729a76edfdb31ae021f37f4e15/screenshot - {}
RESULT: {}
COMMAND: GET /session/4782f8729a76edfdb31ae021f37f4e15/screenshot - {}
RESULT: {}
RESULT: {}
COMMAND: POST /session/4782f8729a76edfdb31ae021f37f4e15/execute/async - {"script":"<script> [1562 bytes]","args":[{"selector":{"id":"application-manageconditionprice-display-component---dailyPrices--deleteBtn","interaction":{"idSuffix":"content"}},"wdio_ui5_key":"applicationmanageconditionprice-display-component---dailyPrices--deleteBtn"}]}
RESULT: {"script":"<script> [1562 bytes]","args":[{"selector":{"id":"application-manageconditionprice-display-component---dailyPrices--deleteBtn","interaction":{"idSuffix":"content"}},"wdio_ui5_key":"applicationmanageconditionprice-display-component---dailyPrices--deleteBtn"}]}
RESULT: undefined
COMMAND: POST /session/4782f8729a76edfdb31ae021f37f4e15/element - {"using":"xpath","value":"//*[@id=\"application-manageconditionprice-display-component---dailyPrices--deleteBtn\"]"}
RESULT: {"using":"xpath","value":"//*[@id=\"application-manageconditionprice-display-component---dailyPrices--deleteBtn\"]"}
COMMAND: POST /session/4782f8729a76edfdb31ae021f37f4e15/element/f.47FBE749F50BBE52AFAC717F22AEC391.d.DFC2E4FEB55A02BA2EE852109E323257.e.4259/click - {}
RESULT: {}
COMMAND: POST /session/4782f8729a76edfdb31ae021f37f4e15/execute/async - {"script":"<script> [1562 bytes]","args":[{"selector":{"controlType":"sap.m.Button","properties":{"text":"OK"},"searchOpenDialogs":true,"interaction":{"idSuffix":"BDI-content"}},"wdio_ui5_key":"sapm.Button{\"text\":\"OK\"}"}]}
COMMAND: GET /session/4782f8729a76edfdb31ae021f37f4e15/screenshot - {}
RESULT: {"script":"<script> [1562 bytes]","args":[{"selector":{"controlType":"sap.m.Button","properties":{"text":"OK"},"searchOpenDialogs":true,"interaction":{"idSuffix":"BDI-content"}},"wdio_ui5_key":"sapm.Button{\"text\":\"OK\"}"}]}
RESULT: undefined
COMMAND: POST /session/4782f8729a76edfdb31ae021f37f4e15/element - {"using":"xpath","value":"//*[@id=\"__mbox-btn-0\"]"}
RESULT: {}
RESULT: {"using":"xpath","value":"//*[@id=\"__mbox-btn-0\"]"}
COMMAND: POST /session/4782f8729a76edfdb31ae021f37f4e15/element/f.47FBE749F50BBE52AFAC717F22AEC391.d.DFC2E4FEB55A02BA2EE852109E323257.e.4260/click - {}
RESULT: {}
COMMAND: GET /session/4782f8729a76edfdb31ae021f37f4e15/screenshot - {}
RESULT: {}
RESULT: undefined
COMMAND: POST /session/4782f8729a76edfdb31ae021f37f4e15/element - {"using":"xpath","value":"//*[@id=\"__button115\"]"}
RESULT: {"using":"xpath","value":"//*[@id=\"__button115\"]"}
COMMAND: POST /session/4782f8729a76edfdb31ae021f37f4e15/element/f.47FBE749F50BBE52AFAC717F22AEC391.d.DFC2E4FEB55A02BA2EE852109E323257.e.4184/click - {}
RESULT: {}
COMMAND: GET /session/4782f8729a76edfdb31ae021f37f4e15/screenshot - {}
RESULT: {}
COMMAND: POST /session/4782f8729a76edfdb31ae021f37f4e15/elements - {"using":"css selector","value":"table tr"}
RESULT: {"using":"css selector","value":"table tr"}
COMMAND: POST /session/4782f8729a76edfdb31ae021f37f4e15/element/f.47FBE749F50BBE52AFAC717F22AEC391.d.DFC2E4FEB55A02BA2EE852109E323257.e.4083/elements - {"using":"css selector","value":"td"}
RESULT: {"using":"css selector","value":"td"}
COMMAND: POST /session/4782f8729a76edfdb31ae021f37f4e15/element/f.47FBE749F50BBE52AFAC717F22AEC391.d.DFC2E4FEB55A02BA2EE852109E323257.e.4084/elements - {"using":"css selector","value":"td"}
RESULT: {"using":"css selector","value":"td"}
COMMAND: POST /session/4782f8729a76edfdb31ae021f37f4e15/element/f.47FBE749F50BBE52AFAC717F22AEC391.d.DFC2E4FEB55A02BA2EE852109E323257.e.4085/elements - {"using":"css selector","value":"td"}
RESULT: {"using":"css selector","value":"td"}
COMMAND: POST /session/4782f8729a76edfdb31ae021f37f4e15/element/f.47FBE749F50BBE52AFAC717F22AEC391.d.DFC2E4FEB55A02BA2EE852109E323257.e.4023/elements - {"using":"css selector","value":"td"}
RESULT: {"using":"css selector","value":"td"}
COMMAND: POST /session/4782f8729a76edfdb31ae021f37f4e15/element/f.47FBE749F50BBE52AFAC717F22AEC391.d.DFC2E4FEB55A02BA2EE852109E323257.e.4024/elements - {"using":"css selector","value":"td"}
RESULT: {"using":"css selector","value":"td"}
COMMAND: POST /session/4782f8729a76edfdb31ae021f37f4e15/element/f.47FBE749F50BBE52AFAC717F22AEC391.d.DFC2E4FEB55A02BA2EE852109E323257.e.3998/elements - {"using":"css selector","value":"td"}
RESULT: {"using":"css selector","value":"td"}
COMMAND: POST /session/4782f8729a76edfdb31ae021f37f4e15/element/f.47FBE749F50BBE52AFAC717F22AEC391.d.DFC2E4FEB55A02BA2EE852109E323257.e.3999/elements - {"using":"css selector","value":"td"}
RESULT: {"using":"css selector","value":"td"}
COMMAND: POST /session/4782f8729a76edfdb31ae021f37f4e15/element/f.47FBE749F50BBE52AFAC717F22AEC391.d.DFC2E4FEB55A02BA2EE852109E323257.e.4007/elements - {"using":"css selector","value":"td"}
RESULT: {"using":"css selector","value":"td"}
COMMAND: POST /session/4782f8729a76edfdb31ae021f37f4e15/element/f.47FBE749F50BBE52AFAC717F22AEC391.d.DFC2E4FEB55A02BA2EE852109E323257.e.4008/elements - {"using":"css selector","value":"td"}
RESULT: {"using":"css selector","value":"td"}
COMMAND: POST /session/4782f8729a76edfdb31ae021f37f4e15/element/f.47FBE749F50BBE52AFAC717F22AEC391.d.DFC2E4FEB55A02BA2EE852109E323257.e.4016/elements - {"using":"css selector","value":"td"}
RESULT: {"using":"css selector","value":"td"}
COMMAND: POST /session/4782f8729a76edfdb31ae021f37f4e15/element/f.47FBE749F50BBE52AFAC717F22AEC391.d.DFC2E4FEB55A02BA2EE852109E323257.e.4086/elements - {"using":"css selector","value":"td"}
RESULT: {"using":"css selector","value":"td"}
COMMAND: POST /session/4782f8729a76edfdb31ae021f37f4e15/element/f.47FBE749F50BBE52AFAC717F22AEC391.d.DFC2E4FEB55A02BA2EE852109E323257.e.4087/elements - {"using":"css selector","value":"td"}
RESULT: {"using":"css selector","value":"td"}
COMMAND: POST /session/4782f8729a76edfdb31ae021f37f4e15/element/f.47FBE749F50BBE52AFAC717F22AEC391.d.DFC2E4FEB55A02BA2EE852109E323257.e.4088/elements - {"using":"css selector","value":"td"}
RESULT: {"using":"css selector","value":"td"}
COMMAND: POST /session/4782f8729a76edfdb31ae021f37f4e15/element/f.47FBE749F50BBE52AFAC717F22AEC391.d.DFC2E4FEB55A02BA2EE852109E323257.e.4089/elements - {"using":"css selector","value":"td"}
RESULT: {"using":"css selector","value":"td"}
COMMAND: POST /session/4782f8729a76edfdb31ae021f37f4e15/element/f.47FBE749F50BBE52AFAC717F22AEC391.d.DFC2E4FEB55A02BA2EE852109E323257.e.4090/elements - {"using":"css selector","value":"td"}
RESULT: {"using":"css selector","value":"td"}
COMMAND: POST /session/4782f8729a76edfdb31ae021f37f4e15/element/f.47FBE749F50BBE52AFAC717F22AEC391.d.DFC2E4FEB55A02BA2EE852109E323257.e.4091/elements - {"using":"css selector","value":"td"}
RESULT: {"using":"css selector","value":"td"}
COMMAND: POST /session/4782f8729a76edfdb31ae021f37f4e15/element/f.47FBE749F50BBE52AFAC717F22AEC391.d.DFC2E4FEB55A02BA2EE852109E323257.e.4092/elements - {"using":"css selector","value":"td"}
RESULT: {"using":"css selector","value":"td"}
COMMAND: POST /session/4782f8729a76edfdb31ae021f37f4e15/element/f.47FBE749F50BBE52AFAC717F22AEC391.d.DFC2E4FEB55A02BA2EE852109E323257.e.4093/elements - {"using":"css selector","value":"td"}
RESULT: {"using":"css selector","value":"td"}
COMMAND: POST /session/4782f8729a76edfdb31ae021f37f4e15/element/f.47FBE749F50BBE52AFAC717F22AEC391.d.DFC2E4FEB55A02BA2EE852109E323257.e.4094/elements - {"using":"css selector","value":"td"}
RESULT: {"using":"css selector","value":"td"}
COMMAND: POST /session/4782f8729a76edfdb31ae021f37f4e15/element/f.47FBE749F50BBE52AFAC717F22AEC391.d.DFC2E4FEB55A02BA2EE852109E323257.e.4265/elements - {"using":"css selector","value":"td"}
RESULT: {"using":"css selector","value":"td"}
COMMAND: POST /session/4782f8729a76edfdb31ae021f37f4e15/element - {"using":"css selector","value":"#j_username"}
COMMAND: POST /session/4782f8729a76edfdb31ae021f37f4e15/url - {"url":"https://qa-testing-00-live-etm-ui.cfapps.eu10-004.hana.ondemand.com/"}
RESULT: {"url":"https://qa-testing-00-live-etm-ui.cfapps.eu10-004.hana.ondemand.com/"}
RESULT: undefined
COMMAND: GET /session/4782f8729a76edfdb31ae021f37f4e15/screenshot - {}
RESULT: {"using":"css selector","value":"#j_username"}
COMMAND: POST /session/4782f8729a76edfdb31ae021f37f4e15/element - {"using":"css selector","value":"#j_username"}
RESULT: {}
RESULT: {"using":"css selector","value":"#j_username"}
COMMAND: POST /session/4782f8729a76edfdb31ae021f37f4e15/element - {"using":"css selector","value":"#shell-header-logo"}
RESULT: {"using":"css selector","value":"#shell-header-logo"}
COMMAND: POST /session/4782f8729a76edfdb31ae021f37f4e15/execute/sync - {"script":"<script> [8489 bytes]","args":[{"element-6066-11e4-a52e-4f735466cecf":"f.47FBE749F50BBE52AFAC717F22AEC391.d.9DD6CC95214A5AC8FF4B6E750C758A1E.e.4276","ELEMENT":"f.47FBE749F50BBE52AFAC717F22AEC391.d.9DD6CC95214A5AC8FF4B6E750C758A1E.e.4276"}]}
RESULT: {"script":"<script> [8489 bytes]","args":[{"element-6066-11e4-a52e-4f735466cecf":"f.47FBE749F50BBE52AFAC717F22AEC391.d.9DD6CC95214A5AC8FF4B6E750C758A1E.e.4276","ELEMENT":"f.47FBE749F50BBE52AFAC717F22AEC391.d.9DD6CC95214A5AC8FF4B6E750C758A1E.e.4276"}]}
COMMAND: POST /session/4782f8729a76edfdb31ae021f37f4e15/element - {"using":"css selector","value":"#shell-header-logo"}
COMMAND: GET /session/4782f8729a76edfdb31ae021f37f4e15/screenshot - {}
RESULT: {"using":"css selector","value":"#shell-header-logo"}
COMMAND: POST /session/4782f8729a76edfdb31ae021f37f4e15/execute/sync - {"script":"<script> [8489 bytes]","args":[{"element-6066-11e4-a52e-4f735466cecf":"f.47FBE749F50BBE52AFAC717F22AEC391.d.9DD6CC95214A5AC8FF4B6E750C758A1E.e.4276","ELEMENT":"f.47FBE749F50BBE52AFAC717F22AEC391.d.9DD6CC95214A5AC8FF4B6E750C758A1E.e.4276"}]}
RESULT: {}
RESULT: {"script":"<script> [8489 bytes]","args":[{"element-6066-11e4-a52e-4f735466cecf":"f.47FBE749F50BBE52AFAC717F22AEC391.d.9DD6CC95214A5AC8FF4B6E750C758A1E.e.4276","ELEMENT":"f.47FBE749F50BBE52AFAC717F22AEC391.d.9DD6CC95214A5AC8FF4B6E750C758A1E.e.4276"}]}
COMMAND: POST /session/4782f8729a76edfdb31ae021f37f4e15/execute/sync - {"script":"<script> [5351 bytes]","args":[{"element-6066-11e4-a52e-4f735466cecf":"f.47FBE749F50BBE52AFAC717F22AEC391.d.9DD6CC95214A5AC8FF4B6E750C758A1E.e.4276","ELEMENT":"f.47FBE749F50BBE52AFAC717F22AEC391.d.9DD6CC95214A5AC8FF4B6E750C758A1E.e.4276"}]}
COMMAND: GET /session/4782f8729a76edfdb31ae021f37f4e15/screenshot - {}
RESULT: {"script":"<script> [5351 bytes]","args":[{"element-6066-11e4-a52e-4f735466cecf":"f.47FBE749F50BBE52AFAC717F22AEC391.d.9DD6CC95214A5AC8FF4B6E750C758A1E.e.4276","ELEMENT":"f.47FBE749F50BBE52AFAC717F22AEC391.d.9DD6CC95214A5AC8FF4B6E750C758A1E.e.4276"}]}
COMMAND: POST /session/4782f8729a76edfdb31ae021f37f4e15/element - {"using":"css selector","value":"#shell-header-logo"}
COMMAND: GET /session/4782f8729a76edfdb31ae021f37f4e15/screenshot - {}
RESULT: {}
RESULT: {"using":"css selector","value":"#shell-header-logo"}
COMMAND: POST /session/4782f8729a76edfdb31ae021f37f4e15/element/f.47FBE749F50BBE52AFAC717F22AEC391.d.9DD6CC95214A5AC8FF4B6E750C758A1E.e.4276/click - {}
RESULT: {}
RESULT: {}
COMMAND: GET /session/4782f8729a76edfdb31ae021f37f4e15/screenshot - {}
RESULT: {}
COMMAND: POST /session/4782f8729a76edfdb31ae021f37f4e15/execute/async - {"script":"<script> [189 bytes]","args":[]}
RESULT: {"script":"<script> [189 bytes]","args":[]}
COMMAND: POST /session/4782f8729a76edfdb31ae021f37f4e15/execute/async - {"script":"<script> [123 bytes]","args":[]}
RESULT: {"script":"<script> [123 bytes]","args":[]}
COMMAND: POST /session/4782f8729a76edfdb31ae021f37f4e15/timeouts - {"script":"<number>"}
RESULT: {"script":"<number>"}
COMMAND: GET /session/4782f8729a76edfdb31ae021f37f4e15/timeouts - {}
RESULT: {}
RESULT: undefined
COMMAND: POST /session/4782f8729a76edfdb31ae021f37f4e15/execute/async - {"script":"<script> [2676 bytes]","args":[]}
RESULT: {"script":"<script> [2676 bytes]","args":[]}
COMMAND: POST /session/4782f8729a76edfdb31ae021f37f4e15/execute/async - {"script":"<script> [2342 bytes]","args":[{"protocol":"http","hostname":"0.0.0.0","path":"/","capabilities":{"browserName":"chrome","goog:chromeOptions":{"binary":"C:\\Program Files\\Google\\Chrome\\Application\\chrome.exe"}},"logLevel":"warn","connectionRetryTimeout":120000,"connectionRetryCount":3,"logLevels":{},"enableDirectConnect":true,"strictSSL":true,"_":"65 more keys: [\"cacheDir\",\"port\",\"requestedCapabilities\",\"automationProtocol\",\"baseUrl\",\"waitforInterval\",\"waitforTimeout\",\"onReload\",\"beforeCommand\",\"afterCommand\",\"rootDir\",\"specs\",\"suites\",\"exclude\",\"groupLogsByTestSpec\",\"excludeDriverLogs\",\"bail\",\"framework\",\"reporters\",\"services\",\"maxInstances\",\"maxInstancesPerCapability\",\"injectGlobals\",\"filesToWatch\",\"execArgv\",\"runnerEnv\",\"runner\",\"shard\",\"specFileRetries\",\"specFileRetriesDelay\",\"specFileRetriesDeferred\",\"reporterSyncInterval\",\"reporterSyncTimeout\",\"cucumberFeaturesWithLineNumbers\",\"autoCompileOpts\",\"mochaOpts\",\"jasmineOpts\",\"cucumberOpts\",\"onPrepare\",\"onWorkerStart\",\"onWorkerEnd\",\"before\",\"beforeSession\",\"beforeSuite\",\"beforeHook\",\"beforeTest\",\"afterTest\",\"afterHook\",\"afterSuite\",\"afterSession\",\"after\",\"onComplete\",\"beforeAssertion\",\"afterAssertion\",\"beforeFeature\",\"beforeScenario\",\"beforeStep\",\"afterStep\",\"afterScenario\",\"afterFeature\",\"_\",\"suite\",\"$0\",\"ignoredWorkerServices\",\"wdi5\"]"}]}
RESULT: {"script":"<script> [2342 bytes]","args":[{"protocol":"http","hostname":"0.0.0.0","path":"/","capabilities":{"browserName":"chrome","goog:chromeOptions":{"binary":"C:\\Program Files\\Google\\Chrome\\Application\\chrome.exe"}},"logLevel":"warn","connectionRetryTimeout":120000,"connectionRetryCount":3,"logLevels":{},"enableDirectConnect":true,"strictSSL":true,"_":"65 more keys: [\"cacheDir\",\"port\",\"requestedCapabilities\",\"automationProtocol\",\"baseUrl\",\"waitforInterval\",\"waitforTimeout\",\"onReload\",\"beforeCommand\",\"afterCommand\",\"rootDir\",\"specs\",\"suites\",\"exclude\",\"groupLogsByTestSpec\",\"excludeDriverLogs\",\"bail\",\"framework\",\"reporters\",\"services\",\"maxInstances\",\"maxInstancesPerCapability\",\"injectGlobals\",\"filesToWatch\",\"execArgv\",\"runnerEnv\",\"runner\",\"shard\",\"specFileRetries\",\"specFileRetriesDelay\",\"specFileRetriesDeferred\",\"reporterSyncInterval\",\"reporterSyncTimeout\",\"cucumberFeaturesWithLineNumbers\",\"autoCompileOpts\",\"mochaOpts\",\"jasmineOpts\",\"cucumberOpts\",\"onPrepare\",\"onWorkerStart\",\"onWorkerEnd\",\"before\",\"beforeSession\",\"beforeSuite\",\"beforeHook\",\"beforeTest\",\"afterTest\",\"afterHook\",\"afterSuite\",\"afterSession\",\"after\",\"onComplete\",\"beforeAssertion\",\"afterAssertion\",\"beforeFeature\",\"beforeScenario\",\"beforeStep\",\"afterStep\",\"afterScenario\",\"afterFeature\",\"_\",\"suite\",\"$0\",\"ignoredWorkerServices\",\"wdi5\"]"}]}
COMMAND: POST /session/4782f8729a76edfdb31ae021f37f4e15/execute/async - {"script":"<script> [21126 bytes]","args":[35000]}
RESULT: {"script":"<script> [21126 bytes]","args":[35000]}
COMMAND: POST /session/4782f8729a76edfdb31ae021f37f4e15/window/maximize - {}
RESULT: {}
COMMAND: POST /session/4782f8729a76edfdb31ae021f37f4e15/execute/async - {"script":"<script> [1562 bytes]","args":[{"selector":{"id":"shell-header","interaction":{"idSuffix":"icon"}},"wdio_ui5_key":"shellheader"}]}
COMMAND: GET /session/4782f8729a76edfdb31ae021f37f4e15/screenshot - {}
RESULT: {"script":"<script> [1562 bytes]","args":[{"selector":{"id":"shell-header","interaction":{"idSuffix":"icon"}},"wdio_ui5_key":"shellheader"}]}
RESULT: undefined
COMMAND: POST /session/4782f8729a76edfdb31ae021f37f4e15/refresh - {}
RESULT: {}
RESULT: {}
COMMAND: GET /session/4782f8729a76edfdb31ae021f37f4e15/screenshot - {}
RESULT: {}
COMMAND: POST /session/4782f8729a76edfdb31ae021f37f4e15/execute/async - {"script":"<script> [189 bytes]","args":[]}
RESULT: {"script":"<script> [189 bytes]","args":[]}
COMMAND: POST /session/4782f8729a76edfdb31ae021f37f4e15/execute/async - {"script":"<script> [123 bytes]","args":[]}
RESULT: {"script":"<script> [123 bytes]","args":[]}
COMMAND: POST /session/4782f8729a76edfdb31ae021f37f4e15/timeouts - {"script":"<number>"}
RESULT: {"script":"<number>"}
COMMAND: GET /session/4782f8729a76edfdb31ae021f37f4e15/timeouts - {}
RESULT: {}
RESULT: undefined
COMMAND: POST /session/4782f8729a76edfdb31ae021f37f4e15/execute/async - {"script":"<script> [2676 bytes]","args":[]}
RESULT: {"script":"<script> [2676 bytes]","args":[]}
COMMAND: POST /session/4782f8729a76edfdb31ae021f37f4e15/execute/async - {"script":"<script> [2342 bytes]","args":[{"protocol":"http","hostname":"0.0.0.0","path":"/","capabilities":{"browserName":"chrome","goog:chromeOptions":{"binary":"C:\\Program Files\\Google\\Chrome\\Application\\chrome.exe"}},"logLevel":"warn","connectionRetryTimeout":120000,"connectionRetryCount":3,"logLevels":{},"enableDirectConnect":true,"strictSSL":true,"_":"65 more keys: [\"cacheDir\",\"port\",\"requestedCapabilities\",\"automationProtocol\",\"baseUrl\",\"waitforInterval\",\"waitforTimeout\",\"onReload\",\"beforeCommand\",\"afterCommand\",\"rootDir\",\"specs\",\"suites\",\"exclude\",\"groupLogsByTestSpec\",\"excludeDriverLogs\",\"bail\",\"framework\",\"reporters\",\"services\",\"maxInstances\",\"maxInstancesPerCapability\",\"injectGlobals\",\"filesToWatch\",\"execArgv\",\"runnerEnv\",\"runner\",\"shard\",\"specFileRetries\",\"specFileRetriesDelay\",\"specFileRetriesDeferred\",\"reporterSyncInterval\",\"reporterSyncTimeout\",\"cucumberFeaturesWithLineNumbers\",\"autoCompileOpts\",\"mochaOpts\",\"jasmineOpts\",\"cucumberOpts\",\"onPrepare\",\"onWorkerStart\",\"onWorkerEnd\",\"before\",\"beforeSession\",\"beforeSuite\",\"beforeHook\",\"beforeTest\",\"afterTest\",\"afterHook\",\"afterSuite\",\"afterSession\",\"after\",\"onComplete\",\"beforeAssertion\",\"afterAssertion\",\"beforeFeature\",\"beforeScenario\",\"beforeStep\",\"afterStep\",\"afterScenario\",\"afterFeature\",\"_\",\"suite\",\"$0\",\"ignoredWorkerServices\",\"wdi5\"]"}]}
RESULT: {"script":"<script> [2342 bytes]","args":[{"protocol":"http","hostname":"0.0.0.0","path":"/","capabilities":{"browserName":"chrome","goog:chromeOptions":{"binary":"C:\\Program Files\\Google\\Chrome\\Application\\chrome.exe"}},"logLevel":"warn","connectionRetryTimeout":120000,"connectionRetryCount":3,"logLevels":{},"enableDirectConnect":true,"strictSSL":true,"_":"65 more keys: [\"cacheDir\",\"port\",\"requestedCapabilities\",\"automationProtocol\",\"baseUrl\",\"waitforInterval\",\"waitforTimeout\",\"onReload\",\"beforeCommand\",\"afterCommand\",\"rootDir\",\"specs\",\"suites\",\"exclude\",\"groupLogsByTestSpec\",\"excludeDriverLogs\",\"bail\",\"framework\",\"reporters\",\"services\",\"maxInstances\",\"maxInstancesPerCapability\",\"injectGlobals\",\"filesToWatch\",\"execArgv\",\"runnerEnv\",\"runner\",\"shard\",\"specFileRetries\",\"specFileRetriesDelay\",\"specFileRetriesDeferred\",\"reporterSyncInterval\",\"reporterSyncTimeout\",\"cucumberFeaturesWithLineNumbers\",\"autoCompileOpts\",\"mochaOpts\",\"jasmineOpts\",\"cucumberOpts\",\"onPrepare\",\"onWorkerStart\",\"onWorkerEnd\",\"before\",\"beforeSession\",\"beforeSuite\",\"beforeHook\",\"beforeTest\",\"afterTest\",\"afterHook\",\"afterSuite\",\"afterSession\",\"after\",\"onComplete\",\"beforeAssertion\",\"afterAssertion\",\"beforeFeature\",\"beforeScenario\",\"beforeStep\",\"afterStep\",\"afterScenario\",\"afterFeature\",\"_\",\"suite\",\"$0\",\"ignoredWorkerServices\",\"wdi5\"]"}]}
COMMAND: POST /session/4782f8729a76edfdb31ae021f37f4e15/execute/async - {"script":"<script> [21126 bytes]","args":[35000]}
RESULT: {"script":"<script> [21126 bytes]","args":[35000]}
]]></system-out>
    </testcase>
  </testsuite>
  <testsuite timestamp="2025-04-11T17:16:17" time="393.025" tests="9" failures="0" errors="0" skipped="0">
    <properties>
      <property name="specId" value="0"/>
      <property name="suiteName" value="US134625 Set up price condition - one time"/>
      <property name="capabilities" value="chrome.135_0_7049_42.windows"/>
      <property name="file" value="file:///D:/a/1/s/test/specs/BTS/set-up-price-condition-one-time.spec.js"/>
    </properties>
    <testcase classname="chrome.135_0_7049_42.windows.US134625_Set_up_price_condition_-_one_time" name="Should create a new yard used for all following tests" time="1.516">
      <system-out><![CDATA[
COMMAND: POST /session/4782f8729a76edfdb31ae021f37f4e15/window/fullscreen - {}
RESULT: {}
]]></system-out>
    </testcase>
    <testcase classname="chrome.135_0_7049_42.windows.US134625_Set_up_price_condition_-_one_time" name="Should create a new partner" time="0.005"/>
    <testcase classname="chrome.135_0_7049_42.windows.US134625_Set_up_price_condition_-_one_time" name="Should create a new site used for following tests" time="0.005"/>
    <testcase classname="chrome.135_0_7049_42.windows.US134625_Set_up_price_condition_-_one_time" name="Should create a new material for billing type one time" time="122.537">
      <system-out><![CDATA[
COMMAND: POST /session/4782f8729a76edfdb31ae021f37f4e15/execute/async - {"script":"<script> [1562 bytes]","args":[{"selector":{"controlType":"sap.m.GenericTile","properties":{"header":"Manage Resources"}},"wdio_ui5_key":"sapm.GenericTile{\"header\":\"Manage Resources\"}"}]}
RESULT: {"script":"<script> [1562 bytes]","args":[{"selector":{"controlType":"sap.m.GenericTile","properties":{"header":"Manage Resources"}},"wdio_ui5_key":"sapm.GenericTile{\"header\":\"Manage Resources\"}"}]}
RESULT: undefined
COMMAND: POST /session/4782f8729a76edfdb31ae021f37f4e15/element - {"using":"xpath","value":"//*[@id=\"__tile39\"]"}
RESULT: {"using":"xpath","value":"//*[@id=\"__tile39\"]"}
COMMAND: POST /session/4782f8729a76edfdb31ae021f37f4e15/element/f.47FBE749F50BBE52AFAC717F22AEC391.d.81062F929FEEDA85270C66E690145260.e.4315/click - {}
RESULT: {}
COMMAND: POST /session/4782f8729a76edfdb31ae021f37f4e15/element - {"using":"xpath","value":"//button[@data-kt=\"addNewRUOverflowToolbarButton\"]"}
COMMAND: GET /session/4782f8729a76edfdb31ae021f37f4e15/screenshot - {}
RESULT: {"using":"xpath","value":"//button[@data-kt=\"addNewRUOverflowToolbarButton\"]"}
COMMAND: POST /session/4782f8729a76edfdb31ae021f37f4e15/elements - {"using":"xpath","value":"//button[@data-kt=\"addNewRUOverflowToolbarButton\"]"}
RESULT: {}
RESULT: {"using":"xpath","value":"//button[@data-kt=\"addNewRUOverflowToolbarButton\"]"}
COMMAND: POST /session/4782f8729a76edfdb31ae021f37f4e15/elements - {"using":"xpath","value":"//button[@data-kt=\"addNewRUOverflowToolbarButton\"]"}
RESULT: undefined
RESULT: undefined
RESULT: {"using":"xpath","value":"//button[@data-kt=\"addNewRUOverflowToolbarButton\"]"}
COMMAND: POST /session/4782f8729a76edfdb31ae021f37f4e15/elements - {"using":"xpath","value":"//button[@data-kt=\"addNewRUOverflowToolbarButton\"]"}
RESULT: {"using":"xpath","value":"//button[@data-kt=\"addNewRUOverflowToolbarButton\"]"}
COMMAND: POST /session/4782f8729a76edfdb31ae021f37f4e15/elements - {"using":"xpath","value":"//button[@data-kt=\"addNewRUOverflowToolbarButton\"]"}
RESULT: {"using":"xpath","value":"//button[@data-kt=\"addNewRUOverflowToolbarButton\"]"}
COMMAND: POST /session/4782f8729a76edfdb31ae021f37f4e15/elements - {"using":"xpath","value":"//button[@data-kt=\"addNewRUOverflowToolbarButton\"]"}
RESULT: {"using":"xpath","value":"//button[@data-kt=\"addNewRUOverflowToolbarButton\"]"}
COMMAND: POST /session/4782f8729a76edfdb31ae021f37f4e15/elements - {"using":"xpath","value":"//button[@data-kt=\"addNewRUOverflowToolbarButton\"]"}
RESULT: {"using":"xpath","value":"//button[@data-kt=\"addNewRUOverflowToolbarButton\"]"}
COMMAND: POST /session/4782f8729a76edfdb31ae021f37f4e15/elements - {"using":"xpath","value":"//button[@data-kt=\"addNewRUOverflowToolbarButton\"]"}
RESULT: {"using":"xpath","value":"//button[@data-kt=\"addNewRUOverflowToolbarButton\"]"}
COMMAND: POST /session/4782f8729a76edfdb31ae021f37f4e15/elements - {"using":"xpath","value":"//button[@data-kt=\"addNewRUOverflowToolbarButton\"]"}
RESULT: {"using":"xpath","value":"//button[@data-kt=\"addNewRUOverflowToolbarButton\"]"}
COMMAND: POST /session/4782f8729a76edfdb31ae021f37f4e15/elements - {"using":"xpath","value":"//button[@data-kt=\"addNewRUOverflowToolbarButton\"]"}
RESULT: {"using":"xpath","value":"//button[@data-kt=\"addNewRUOverflowToolbarButton\"]"}
COMMAND: POST /session/4782f8729a76edfdb31ae021f37f4e15/elements - {"using":"xpath","value":"//button[@data-kt=\"addNewRUOverflowToolbarButton\"]"}
RESULT: {"using":"xpath","value":"//button[@data-kt=\"addNewRUOverflowToolbarButton\"]"}
COMMAND: POST /session/4782f8729a76edfdb31ae021f37f4e15/elements - {"using":"xpath","value":"//button[@data-kt=\"addNewRUOverflowToolbarButton\"]"}
RESULT: {"using":"xpath","value":"//button[@data-kt=\"addNewRUOverflowToolbarButton\"]"}
COMMAND: POST /session/4782f8729a76edfdb31ae021f37f4e15/elements - {"using":"xpath","value":"//button[@data-kt=\"addNewRUOverflowToolbarButton\"]"}
RESULT: {"using":"xpath","value":"//button[@data-kt=\"addNewRUOverflowToolbarButton\"]"}
COMMAND: POST /session/4782f8729a76edfdb31ae021f37f4e15/elements - {"using":"xpath","value":"//button[@data-kt=\"addNewRUOverflowToolbarButton\"]"}
RESULT: {"using":"xpath","value":"//button[@data-kt=\"addNewRUOverflowToolbarButton\"]"}
COMMAND: POST /session/4782f8729a76edfdb31ae021f37f4e15/elements - {"using":"xpath","value":"//button[@data-kt=\"addNewRUOverflowToolbarButton\"]"}
RESULT: {"using":"xpath","value":"//button[@data-kt=\"addNewRUOverflowToolbarButton\"]"}
COMMAND: POST /session/4782f8729a76edfdb31ae021f37f4e15/elements - {"using":"xpath","value":"//button[@data-kt=\"addNewRUOverflowToolbarButton\"]"}
RESULT: {"using":"xpath","value":"//button[@data-kt=\"addNewRUOverflowToolbarButton\"]"}
COMMAND: POST /session/4782f8729a76edfdb31ae021f37f4e15/elements - {"using":"xpath","value":"//button[@data-kt=\"addNewRUOverflowToolbarButton\"]"}
RESULT: {"using":"xpath","value":"//button[@data-kt=\"addNewRUOverflowToolbarButton\"]"}
COMMAND: POST /session/4782f8729a76edfdb31ae021f37f4e15/elements - {"using":"xpath","value":"//button[@data-kt=\"addNewRUOverflowToolbarButton\"]"}
RESULT: {"using":"xpath","value":"//button[@data-kt=\"addNewRUOverflowToolbarButton\"]"}
COMMAND: POST /session/4782f8729a76edfdb31ae021f37f4e15/elements - {"using":"xpath","value":"//button[@data-kt=\"addNewRUOverflowToolbarButton\"]"}
RESULT: {"using":"xpath","value":"//button[@data-kt=\"addNewRUOverflowToolbarButton\"]"}
COMMAND: POST /session/4782f8729a76edfdb31ae021f37f4e15/elements - {"using":"xpath","value":"//button[@data-kt=\"addNewRUOverflowToolbarButton\"]"}
RESULT: {"using":"xpath","value":"//button[@data-kt=\"addNewRUOverflowToolbarButton\"]"}
COMMAND: POST /session/4782f8729a76edfdb31ae021f37f4e15/elements - {"using":"xpath","value":"//button[@data-kt=\"addNewRUOverflowToolbarButton\"]"}
RESULT: {"using":"xpath","value":"//button[@data-kt=\"addNewRUOverflowToolbarButton\"]"}
COMMAND: POST /session/4782f8729a76edfdb31ae021f37f4e15/elements - {"using":"xpath","value":"//button[@data-kt=\"addNewRUOverflowToolbarButton\"]"}
RESULT: {"using":"xpath","value":"//button[@data-kt=\"addNewRUOverflowToolbarButton\"]"}
COMMAND: POST /session/4782f8729a76edfdb31ae021f37f4e15/elements - {"using":"xpath","value":"//button[@data-kt=\"addNewRUOverflowToolbarButton\"]"}
RESULT: {"using":"xpath","value":"//button[@data-kt=\"addNewRUOverflowToolbarButton\"]"}
COMMAND: POST /session/4782f8729a76edfdb31ae021f37f4e15/elements - {"using":"xpath","value":"//button[@data-kt=\"addNewRUOverflowToolbarButton\"]"}
RESULT: {"using":"xpath","value":"//button[@data-kt=\"addNewRUOverflowToolbarButton\"]"}
COMMAND: POST /session/4782f8729a76edfdb31ae021f37f4e15/elements - {"using":"xpath","value":"//button[@data-kt=\"addNewRUOverflowToolbarButton\"]"}
RESULT: {"using":"xpath","value":"//button[@data-kt=\"addNewRUOverflowToolbarButton\"]"}
COMMAND: POST /session/4782f8729a76edfdb31ae021f37f4e15/element - {"using":"xpath","value":"//button[@data-kt=\"addNewRUOverflowToolbarButton\"]"}
RESULT: {"using":"xpath","value":"//button[@data-kt=\"addNewRUOverflowToolbarButton\"]"}
COMMAND: POST /session/4782f8729a76edfdb31ae021f37f4e15/execute/sync - {"script":"<script> [8489 bytes]","args":[{"element-6066-11e4-a52e-4f735466cecf":"f.47FBE749F50BBE52AFAC717F22AEC391.d.81062F929FEEDA85270C66E690145260.e.4347","ELEMENT":"f.47FBE749F50BBE52AFAC717F22AEC391.d.81062F929FEEDA85270C66E690145260.e.4347"}]}
RESULT: {"script":"<script> [8489 bytes]","args":[{"element-6066-11e4-a52e-4f735466cecf":"f.47FBE749F50BBE52AFAC717F22AEC391.d.81062F929FEEDA85270C66E690145260.e.4347","ELEMENT":"f.47FBE749F50BBE52AFAC717F22AEC391.d.81062F929FEEDA85270C66E690145260.e.4347"}]}
COMMAND: GET /session/4782f8729a76edfdb31ae021f37f4e15/element/f.47FBE749F50BBE52AFAC717F22AEC391.d.81062F929FEEDA85270C66E690145260.e.4347/enabled - {}
COMMAND: GET /session/4782f8729a76edfdb31ae021f37f4e15/screenshot - {}
RESULT: {}
COMMAND: POST /session/4782f8729a76edfdb31ae021f37f4e15/execute/sync - {"script":"<script> [8489 bytes]","args":[{"element-6066-11e4-a52e-4f735466cecf":"f.47FBE749F50BBE52AFAC717F22AEC391.d.81062F929FEEDA85270C66E690145260.e.4347","ELEMENT":"f.47FBE749F50BBE52AFAC717F22AEC391.d.81062F929FEEDA85270C66E690145260.e.4347"}]}
COMMAND: GET /session/4782f8729a76edfdb31ae021f37f4e15/screenshot - {}
RESULT: {}
RESULT: {"script":"<script> [8489 bytes]","args":[{"element-6066-11e4-a52e-4f735466cecf":"f.47FBE749F50BBE52AFAC717F22AEC391.d.81062F929FEEDA85270C66E690145260.e.4347","ELEMENT":"f.47FBE749F50BBE52AFAC717F22AEC391.d.81062F929FEEDA85270C66E690145260.e.4347"}]}
COMMAND: POST /session/4782f8729a76edfdb31ae021f37f4e15/execute/sync - {"script":"<script> [5351 bytes]","args":[{"element-6066-11e4-a52e-4f735466cecf":"f.47FBE749F50BBE52AFAC717F22AEC391.d.81062F929FEEDA85270C66E690145260.e.4347","ELEMENT":"f.47FBE749F50BBE52AFAC717F22AEC391.d.81062F929FEEDA85270C66E690145260.e.4347"}]}
COMMAND: GET /session/4782f8729a76edfdb31ae021f37f4e15/screenshot - {}
RESULT: {}
RESULT: {"script":"<script> [5351 bytes]","args":[{"element-6066-11e4-a52e-4f735466cecf":"f.47FBE749F50BBE52AFAC717F22AEC391.d.81062F929FEEDA85270C66E690145260.e.4347","ELEMENT":"f.47FBE749F50BBE52AFAC717F22AEC391.d.81062F929FEEDA85270C66E690145260.e.4347"}]}
COMMAND: POST /session/4782f8729a76edfdb31ae021f37f4e15/element/f.47FBE749F50BBE52AFAC717F22AEC391.d.81062F929FEEDA85270C66E690145260.e.4347/click - {}
RESULT: {}
RESULT: {}
COMMAND: GET /session/4782f8729a76edfdb31ae021f37f4e15/screenshot - {}
COMMAND: GET /session/4782f8729a76edfdb31ae021f37f4e15/screenshot - {}
COMMAND: POST /session/4782f8729a76edfdb31ae021f37f4e15/execute/async - {"script":"<script> [1562 bytes]","args":[{"selector":{"id":"application-manageresources-display-component---newResourceUnit--TYPE-arrow"},"wdio_ui5_key":"applicationmanageresources-display-component---newResourceUnit--TYPE-arrow"}]}
RESULT: {}
RESULT: {}
RESULT: {"script":"<script> [1562 bytes]","args":[{"selector":{"id":"application-manageresources-display-component---newResourceUnit--TYPE-arrow"},"wdio_ui5_key":"applicationmanageresources-display-component---newResourceUnit--TYPE-arrow"}]}
RESULT: undefined
COMMAND: POST /session/4782f8729a76edfdb31ae021f37f4e15/element - {"using":"xpath","value":"//*[@id=\"application-manageresources-display-component---newResourceUnit--TYPE-arrow\"]"}
RESULT: {"using":"xpath","value":"//*[@id=\"application-manageresources-display-component---newResourceUnit--TYPE-arrow\"]"}
COMMAND: POST /session/4782f8729a76edfdb31ae021f37f4e15/element/f.47FBE749F50BBE52AFAC717F22AEC391.d.81062F929FEEDA85270C66E690145260.e.4719/click - {}
RESULT: {}
COMMAND: POST /session/4782f8729a76edfdb31ae021f37f4e15/element - {"using":"xpath","value":"//input[@id=\"application-manageresources-display-component---newResourceUnit--TYPE-inner\"]"}
COMMAND: GET /session/4782f8729a76edfdb31ae021f37f4e15/screenshot - {}
RESULT: {"using":"xpath","value":"//input[@id=\"application-manageresources-display-component---newResourceUnit--TYPE-inner\"]"}
COMMAND: POST /session/4782f8729a76edfdb31ae021f37f4e15/element/f.47FBE749F50BBE52AFAC717F22AEC391.d.81062F929FEEDA85270C66E690145260.e.4703/clear - {}
RESULT: {}
RESULT: {}
COMMAND: POST /session/4782f8729a76edfdb31ae021f37f4e15/element/f.47FBE749F50BBE52AFAC717F22AEC391.d.81062F929FEEDA85270C66E690145260.e.4703/value - {"text":"Material"}
COMMAND: GET /session/4782f8729a76edfdb31ae021f37f4e15/screenshot - {}
RESULT: {"text":"Material"}
COMMAND: GET /session/4782f8729a76edfdb31ae021f37f4e15/screenshot - {}
RESULT: {}
RESULT: {}
COMMAND: POST /session/4782f8729a76edfdb31ae021f37f4e15/actions - {"actions":[{"id":"action18","type":"key","parameters":{},"actions":[{"type":"keyDown","value":""},{"type":"pause","duration":10},{"type":"keyUp","value":""}]}]}
RESULT: {"actions":[{"id":"action18","type":"key","parameters":{},"actions":[{"type":"keyDown","value":""},{"type":"pause","duration":10},{"type":"keyUp","value":""}]}]}
COMMAND: POST /session/4782f8729a76edfdb31ae021f37f4e15/execute/async - {"script":"<script> [1562 bytes]","args":[{"selector":{"id":"application-manageresources-display-component---newResourceUnit--SHORT_TEXT","interaction":{"idSuffix":"inner"}},"wdio_ui5_key":"applicationmanageresources-display-component---newResourceUnit--SHORT_TEXT"}]}
COMMAND: GET /session/4782f8729a76edfdb31ae021f37f4e15/screenshot - {}
RESULT: {"script":"<script> [1562 bytes]","args":[{"selector":{"id":"application-manageresources-display-component---newResourceUnit--SHORT_TEXT","interaction":{"idSuffix":"inner"}},"wdio_ui5_key":"applicationmanageresources-display-component---newResourceUnit--SHORT_TEXT"}]}
RESULT: undefined
COMMAND: POST /session/4782f8729a76edfdb31ae021f37f4e15/execute/async - {"script":"<script> [776 bytes]","args":[{"enterText":"Cement WDIO","selector":{"id":"application-manageresources-display-component---newResourceUnit--SHORT_TEXT","interaction":{"idSuffix":"inner"}},"clearTextFirst":true,"interactionType":"ENTER_TEXT"}]}
RESULT: {}
RESULT: {"script":"<script> [776 bytes]","args":[{"enterText":"Cement WDIO","selector":{"id":"application-manageresources-display-component---newResourceUnit--SHORT_TEXT","interaction":{"idSuffix":"inner"}},"clearTextFirst":true,"interactionType":"ENTER_TEXT"}]}
COMMAND: POST /session/4782f8729a76edfdb31ae021f37f4e15/execute/async - {"script":"<script> [1562 bytes]","args":[{"selector":{"id":"application-manageresources-display-component---newResourceUnit--BASE_UNIT_OF_MEASURE","interaction":{"idSuffix":"inner"}},"wdio_ui5_key":"applicationmanageresources-display-component---newResourceUnit--BASE_UNIT_OF_MEASURE"}]}
RESULT: {"script":"<script> [1562 bytes]","args":[{"selector":{"id":"application-manageresources-display-component---newResourceUnit--BASE_UNIT_OF_MEASURE","interaction":{"idSuffix":"inner"}},"wdio_ui5_key":"applicationmanageresources-display-component---newResourceUnit--BASE_UNIT_OF_MEASURE"}]}
RESULT: undefined
COMMAND: POST /session/4782f8729a76edfdb31ae021f37f4e15/execute/async - {"script":"<script> [776 bytes]","args":[{"enterText":"Piece","selector":{"id":"application-manageresources-display-component---newResourceUnit--BASE_UNIT_OF_MEASURE","interaction":{"idSuffix":"inner"}},"clearTextFirst":true,"interactionType":"ENTER_TEXT"}]}
RESULT: {"script":"<script> [776 bytes]","args":[{"enterText":"Piece","selector":{"id":"application-manageresources-display-component---newResourceUnit--BASE_UNIT_OF_MEASURE","interaction":{"idSuffix":"inner"}},"clearTextFirst":true,"interactionType":"ENTER_TEXT"}]}
COMMAND: POST /session/4782f8729a76edfdb31ae021f37f4e15/execute/async - {"script":"<script> [1562 bytes]","args":[{"selector":{"id":"application-manageresources-display-component---newResourceUnit--WEIGHT_UNIT","interaction":{"idSuffix":"inner"}},"wdio_ui5_key":"applicationmanageresources-display-component---newResourceUnit--WEIGHT_UNIT"}]}
RESULT: {"script":"<script> [1562 bytes]","args":[{"selector":{"id":"application-manageresources-display-component---newResourceUnit--WEIGHT_UNIT","interaction":{"idSuffix":"inner"}},"wdio_ui5_key":"applicationmanageresources-display-component---newResourceUnit--WEIGHT_UNIT"}]}
RESULT: undefined
COMMAND: POST /session/4782f8729a76edfdb31ae021f37f4e15/execute/async - {"script":"<script> [776 bytes]","args":[{"enterText":"Gram","selector":{"id":"application-manageresources-display-component---newResourceUnit--WEIGHT_UNIT","interaction":{"idSuffix":"inner"}},"clearTextFirst":true,"interactionType":"ENTER_TEXT"}]}
RESULT: {"script":"<script> [776 bytes]","args":[{"enterText":"Gram","selector":{"id":"application-manageresources-display-component---newResourceUnit--WEIGHT_UNIT","interaction":{"idSuffix":"inner"}},"clearTextFirst":true,"interactionType":"ENTER_TEXT"}]}
COMMAND: POST /session/4782f8729a76edfdb31ae021f37f4e15/execute/async - {"script":"<script> [1562 bytes]","args":[{"selector":{"id":"application-manageresources-display-component---newResourceUnit--DIMENSION_UNIT","interaction":{"idSuffix":"inner"}},"wdio_ui5_key":"applicationmanageresources-display-component---newResourceUnit--DIMENSION_UNIT"}]}
RESULT: {"script":"<script> [1562 bytes]","args":[{"selector":{"id":"application-manageresources-display-component---newResourceUnit--DIMENSION_UNIT","interaction":{"idSuffix":"inner"}},"wdio_ui5_key":"applicationmanageresources-display-component---newResourceUnit--DIMENSION_UNIT"}]}
RESULT: undefined
COMMAND: POST /session/4782f8729a76edfdb31ae021f37f4e15/execute/async - {"script":"<script> [776 bytes]","args":[{"enterText":"Meter","selector":{"id":"application-manageresources-display-component---newResourceUnit--DIMENSION_UNIT","interaction":{"idSuffix":"inner"}},"clearTextFirst":true,"interactionType":"ENTER_TEXT"}]}
RESULT: {"script":"<script> [776 bytes]","args":[{"enterText":"Meter","selector":{"id":"application-manageresources-display-component---newResourceUnit--DIMENSION_UNIT","interaction":{"idSuffix":"inner"}},"clearTextFirst":true,"interactionType":"ENTER_TEXT"}]}
COMMAND: POST /session/4782f8729a76edfdb31ae021f37f4e15/execute/async - {"script":"<script> [1562 bytes]","args":[{"selector":{"id":"application-manageresources-display-component---newResourceUnit--newRRUPage-anchBar-application-manageresources-display-component---newResourceUnit--control-anchor","interaction":{"idSuffix":"BDI-content"}},"wdio_ui5_key":"applicationmanageresources-display-component---newResourceUnit--newRRUPage-anchBar-application-manageresources-display-component---newResourceUnit--control-anchor"}]}
RESULT: {"script":"<script> [1562 bytes]","args":[{"selector":{"id":"application-manageresources-display-component---newResourceUnit--newRRUPage-anchBar-application-manageresources-display-component---newResourceUnit--control-anchor","interaction":{"idSuffix":"BDI-content"}},"wdio_ui5_key":"applicationmanageresources-display-component---newResourceUnit--newRRUPage-anchBar-application-manageresources-display-component---newResourceUnit--control-anchor"}]}
RESULT: undefined
COMMAND: POST /session/4782f8729a76edfdb31ae021f37f4e15/element - {"using":"xpath","value":"//*[@id=\"application-manageresources-display-component---newResourceUnit--newRRUPage-anchBar-application-manageresources-display-component---newResourceUnit--control-anchor\"]"}
RESULT: {"using":"xpath","value":"//*[@id=\"application-manageresources-display-component---newResourceUnit--newRRUPage-anchBar-application-manageresources-display-component---newResourceUnit--control-anchor\"]"}
COMMAND: POST /session/4782f8729a76edfdb31ae021f37f4e15/element/f.47FBE749F50BBE52AFAC717F22AEC391.d.81062F929FEEDA85270C66E690145260.e.4786/click - {}
RESULT: {}
COMMAND: POST /session/4782f8729a76edfdb31ae021f37f4e15/execute/async - {"script":"<script> [1562 bytes]","args":[{"selector":{"id":"application-manageresources-display-component---newResourceUnit--PLANNING_GROUP","interaction":{"idSuffix":"inner"}},"wdio_ui5_key":"applicationmanageresources-display-component---newResourceUnit--PLANNING_GROUP"}]}
COMMAND: GET /session/4782f8729a76edfdb31ae021f37f4e15/screenshot - {}
RESULT: {"script":"<script> [1562 bytes]","args":[{"selector":{"id":"application-manageresources-display-component---newResourceUnit--PLANNING_GROUP","interaction":{"idSuffix":"inner"}},"wdio_ui5_key":"applicationmanageresources-display-component---newResourceUnit--PLANNING_GROUP"}]}
RESULT: undefined
COMMAND: POST /session/4782f8729a76edfdb31ae021f37f4e15/execute/async - {"script":"<script> [776 bytes]","args":[{"enterText":"Material","selector":{"id":"application-manageresources-display-component---newResourceUnit--PLANNING_GROUP","interaction":{"idSuffix":"inner"}},"clearTextFirst":true,"interactionType":"ENTER_TEXT"}]}
RESULT: {}
RESULT: {"script":"<script> [776 bytes]","args":[{"enterText":"Material","selector":{"id":"application-manageresources-display-component---newResourceUnit--PLANNING_GROUP","interaction":{"idSuffix":"inner"}},"clearTextFirst":true,"interactionType":"ENTER_TEXT"}]}
COMMAND: POST /session/4782f8729a76edfdb31ae021f37f4e15/execute/async - {"script":"<script> [1562 bytes]","args":[{"selector":{"id":"application-manageresources-display-component---newResourceUnit--PLANNING_INDICATOR","interaction":{"idSuffix":"inner"}},"wdio_ui5_key":"applicationmanageresources-display-component---newResourceUnit--PLANNING_INDICATOR"}]}
RESULT: {"script":"<script> [1562 bytes]","args":[{"selector":{"id":"application-manageresources-display-component---newResourceUnit--PLANNING_INDICATOR","interaction":{"idSuffix":"inner"}},"wdio_ui5_key":"applicationmanageresources-display-component---newResourceUnit--PLANNING_INDICATOR"}]}
RESULT: undefined
COMMAND: POST /session/4782f8729a76edfdb31ae021f37f4e15/execute/async - {"script":"<script> [776 bytes]","args":[{"enterText":"10 - infinite","selector":{"id":"application-manageresources-display-component---newResourceUnit--PLANNING_INDICATOR","interaction":{"idSuffix":"inner"}},"clearTextFirst":true,"interactionType":"ENTER_TEXT"}]}
RESULT: {"script":"<script> [776 bytes]","args":[{"enterText":"10 - infinite","selector":{"id":"application-manageresources-display-component---newResourceUnit--PLANNING_INDICATOR","interaction":{"idSuffix":"inner"}},"clearTextFirst":true,"interactionType":"ENTER_TEXT"}]}
COMMAND: POST /session/4782f8729a76edfdb31ae021f37f4e15/element - {"using":"css selector","value":"#application-manageresources-display-component---newResourceUnit--btnAddTimeSegment"}
RESULT: {"using":"css selector","value":"#application-manageresources-display-component---newResourceUnit--btnAddTimeSegment"}
COMMAND: GET /session/4782f8729a76edfdb31ae021f37f4e15/element/f.47FBE749F50BBE52AFAC717F22AEC391.d.81062F929FEEDA85270C66E690145260.e.4796/rect - {}
RESULT: {}
COMMAND: GET /session/4782f8729a76edfdb31ae021f37f4e15/window/rect - {}
RESULT: {}
COMMAND: POST /session/4782f8729a76edfdb31ae021f37f4e15/execute/sync - {"script":"<script> [92 bytes]","args":[]}
RESULT: {"script":"<script> [92 bytes]","args":[]}
COMMAND: POST /session/4782f8729a76edfdb31ae021f37f4e15/actions - {"actions":[{"id":"action19","type":"wheel","parameters":{},"actions":[{"type":"scroll","x":-1888,"y":-32,"deltaX":0,"deltaY":0,"duration":0,"origin":{"element-6066-11e4-a52e-4f735466cecf":"f.47FBE749F50BBE52AFAC717F22AEC391.d.81062F929FEEDA85270C66E690145260.e.4796"}}]}]}
COMMAND: GET /session/4782f8729a76edfdb31ae021f37f4e15/screenshot - {}
RESULT: {}
COMMAND: POST /session/4782f8729a76edfdb31ae021f37f4e15/execute/sync - {"script":"<script> [79 bytes]","args":[{"element-6066-11e4-a52e-4f735466cecf":"f.47FBE749F50BBE52AFAC717F22AEC391.d.81062F929FEEDA85270C66E690145260.e.4796","ELEMENT":"f.47FBE749F50BBE52AFAC717F22AEC391.d.81062F929FEEDA85270C66E690145260.e.4796"},{"block":"start","inline":"nearest"}]}
RESULT: {"script":"<script> [79 bytes]","args":[{"element-6066-11e4-a52e-4f735466cecf":"f.47FBE749F50BBE52AFAC717F22AEC391.d.81062F929FEEDA85270C66E690145260.e.4796","ELEMENT":"f.47FBE749F50BBE52AFAC717F22AEC391.d.81062F929FEEDA85270C66E690145260.e.4796"},{"block":"start","inline":"nearest"}]}
COMMAND: POST /session/4782f8729a76edfdb31ae021f37f4e15/execute/async - {"script":"<script> [1562 bytes]","args":[{"selector":{"id":"application-manageresources-display-component---newResourceUnit--btnAddTimeSegment","interaction":{"idSuffix":"inner"}},"wdio_ui5_key":"applicationmanageresources-display-component---newResourceUnit--btnAddTimeSegment"}]}
COMMAND: GET /session/4782f8729a76edfdb31ae021f37f4e15/screenshot - {}
RESULT: {"script":"<script> [1562 bytes]","args":[{"selector":{"id":"application-manageresources-display-component---newResourceUnit--btnAddTimeSegment","interaction":{"idSuffix":"inner"}},"wdio_ui5_key":"applicationmanageresources-display-component---newResourceUnit--btnAddTimeSegment"}]}
RESULT: undefined
COMMAND: POST /session/4782f8729a76edfdb31ae021f37f4e15/element - {"using":"xpath","value":"//*[@id=\"application-manageresources-display-component---newResourceUnit--btnAddTimeSegment\"]"}
RESULT: {}
RESULT: {"using":"xpath","value":"//*[@id=\"application-manageresources-display-component---newResourceUnit--btnAddTimeSegment\"]"}
COMMAND: POST /session/4782f8729a76edfdb31ae021f37f4e15/element/f.47FBE749F50BBE52AFAC717F22AEC391.d.81062F929FEEDA85270C66E690145260.e.4796/click - {}
RESULT: {}
COMMAND: GET /session/4782f8729a76edfdb31ae021f37f4e15/screenshot - {}
RESULT: {}
COMMAND: POST /session/4782f8729a76edfdb31ae021f37f4e15/element - {"using":"xpath","value":"//input[@id=\"application-manageresources-display-component---newResourceUnit--idRuTSAdmin-application-manageresources-display-component---newResourceUnit--RUTimeSegment-0-inner\"]"}
RESULT: {"using":"xpath","value":"//input[@id=\"application-manageresources-display-component---newResourceUnit--idRuTSAdmin-application-manageresources-display-component---newResourceUnit--RUTimeSegment-0-inner\"]"}
COMMAND: POST /session/4782f8729a76edfdb31ae021f37f4e15/element/f.47FBE749F50BBE52AFAC717F22AEC391.d.81062F929FEEDA85270C66E690145260.e.4801/clear - {}
RESULT: {}
COMMAND: POST /session/4782f8729a76edfdb31ae021f37f4e15/element/f.47FBE749F50BBE52AFAC717F22AEC391.d.81062F929FEEDA85270C66E690145260.e.4801/value - {"text":"190"}
COMMAND: GET /session/4782f8729a76edfdb31ae021f37f4e15/screenshot - {}
RESULT: {"text":"190"}
COMMAND: GET /session/4782f8729a76edfdb31ae021f37f4e15/screenshot - {}
RESULT: {}
RESULT: {}
COMMAND: POST /session/4782f8729a76edfdb31ae021f37f4e15/element - {"using":"xpath","value":"//li[.//span[text()='190']]"}
RESULT: {"using":"xpath","value":"//li[.//span[text()='190']]"}
COMMAND: POST /session/4782f8729a76edfdb31ae021f37f4e15/element/f.47FBE749F50BBE52AFAC717F22AEC391.d.81062F929FEEDA85270C66E690145260.e.4808/click - {}
RESULT: {}
COMMAND: GET /session/4782f8729a76edfdb31ae021f37f4e15/screenshot - {}
RESULT: {}
COMMAND: POST /session/4782f8729a76edfdb31ae021f37f4e15/element - {"using":"xpath","value":"(//span[contains(@id, \"-application-manageresources-display-component---newResourceUnit--RUTimeSegment-0-arrow\")])[2]"}
RESULT: {"using":"xpath","value":"(//span[contains(@id, \"-application-manageresources-display-component---newResourceUnit--RUTimeSegment-0-arrow\")])[2]"}
COMMAND: POST /session/4782f8729a76edfdb31ae021f37f4e15/element/f.47FBE749F50BBE52AFAC717F22AEC391.d.81062F929FEEDA85270C66E690145260.e.4809/click - {}
RESULT: {}
COMMAND: POST /session/4782f8729a76edfdb31ae021f37f4e15/element - {"using":"xpath","value":"//span[contains(text(), \"PM Order\")]"}
COMMAND: GET /session/4782f8729a76edfdb31ae021f37f4e15/screenshot - {}
RESULT: {"using":"xpath","value":"//span[contains(text(), \"PM Order\")]"}
COMMAND: POST /session/4782f8729a76edfdb31ae021f37f4e15/element/f.47FBE749F50BBE52AFAC717F22AEC391.d.81062F929FEEDA85270C66E690145260.e.4810/click - {}
RESULT: {}
RESULT: {}
COMMAND: GET /session/4782f8729a76edfdb31ae021f37f4e15/screenshot - {}
RESULT: {}
COMMAND: POST /session/4782f8729a76edfdb31ae021f37f4e15/element - {"using":"xpath","value":"//td/div/div/div/span[contains(@id, \"newResourceUnit--RUTimeSegment-0-vhi\")][1]"}
RESULT: {"using":"xpath","value":"//td/div/div/div/span[contains(@id, \"newResourceUnit--RUTimeSegment-0-vhi\")][1]"}
COMMAND: POST /session/4782f8729a76edfdb31ae021f37f4e15/element/f.47FBE749F50BBE52AFAC717F22AEC391.d.81062F929FEEDA85270C66E690145260.e.4813/click - {}
RESULT: {}
COMMAND: GET /session/4782f8729a76edfdb31ae021f37f4e15/screenshot - {}
RESULT: {}
COMMAND: POST /session/4782f8729a76edfdb31ae021f37f4e15/execute/async - {"script":"<script> [1562 bytes]","args":[{"selector":{"controlType":"sap.m.SearchField","properties":{"placeholder":"Search"},"searchOpenDialogs":true,"interaction":{"idSuffix":"I"}},"wdio_ui5_key":"sapm.SearchField{\"placeholder\":\"Search\"}"}]}
RESULT: {"script":"<script> [1562 bytes]","args":[{"selector":{"controlType":"sap.m.SearchField","properties":{"placeholder":"Search"},"searchOpenDialogs":true,"interaction":{"idSuffix":"I"}},"wdio_ui5_key":"sapm.SearchField{\"placeholder\":\"Search\"}"}]}
RESULT: undefined
COMMAND: POST /session/4782f8729a76edfdb31ae021f37f4e15/execute/async - {"script":"<script> [776 bytes]","args":[{"enterText":"4000360","selector":{"controlType":"sap.m.SearchField","properties":{"placeholder":"Search"},"searchOpenDialogs":true,"interaction":{"idSuffix":"I"}},"clearTextFirst":true,"interactionType":"ENTER_TEXT"}]}
RESULT: {"script":"<script> [776 bytes]","args":[{"enterText":"4000360","selector":{"controlType":"sap.m.SearchField","properties":{"placeholder":"Search"},"searchOpenDialogs":true,"interaction":{"idSuffix":"I"}},"clearTextFirst":true,"interactionType":"ENTER_TEXT"}]}
COMMAND: POST /session/4782f8729a76edfdb31ae021f37f4e15/actions - {"actions":[{"id":"action20","type":"key","parameters":{},"actions":[{"type":"keyDown","value":""},{"type":"pause","duration":10},{"type":"keyUp","value":""}]}]}
RESULT: {"actions":[{"id":"action20","type":"key","parameters":{},"actions":[{"type":"keyDown","value":""},{"type":"pause","duration":10},{"type":"keyUp","value":""}]}]}
COMMAND: GET /session/4782f8729a76edfdb31ae021f37f4e15/screenshot - {}
RESULT: {}
COMMAND: POST /session/4782f8729a76edfdb31ae021f37f4e15/element - {"using":"xpath","value":"//td/div/span[contains(text(), \"BGL Vehicles\")]"}
RESULT: {"using":"xpath","value":"//td/div/span[contains(text(), \"BGL Vehicles\")]"}
COMMAND: POST /session/4782f8729a76edfdb31ae021f37f4e15/element/f.47FBE749F50BBE52AFAC717F22AEC391.d.81062F929FEEDA85270C66E690145260.e.4833/click - {}
RESULT: {}
COMMAND: GET /session/4782f8729a76edfdb31ae021f37f4e15/screenshot - {}
RESULT: {}
COMMAND: POST /session/4782f8729a76edfdb31ae021f37f4e15/element - {"using":"xpath","value":"//bdi[contains(text(), \"OK\")]"}
RESULT: {"using":"xpath","value":"//bdi[contains(text(), \"OK\")]"}
COMMAND: POST /session/4782f8729a76edfdb31ae021f37f4e15/element/f.47FBE749F50BBE52AFAC717F22AEC391.d.81062F929FEEDA85270C66E690145260.e.4834/click - {}
RESULT: {}
COMMAND: GET /session/4782f8729a76edfdb31ae021f37f4e15/screenshot - {}
RESULT: {}
COMMAND: POST /session/4782f8729a76edfdb31ae021f37f4e15/element - {"using":"xpath","value":"//button[@data-kt=\"resourceUnitSaveButton\"]"}
RESULT: {"using":"xpath","value":"//button[@data-kt=\"resourceUnitSaveButton\"]"}
COMMAND: POST /session/4782f8729a76edfdb31ae021f37f4e15/element/f.47FBE749F50BBE52AFAC717F22AEC391.d.81062F929FEEDA85270C66E690145260.e.4736/click - {}
RESULT: {}
COMMAND: GET /session/4782f8729a76edfdb31ae021f37f4e15/screenshot - {}
RESULT: {}
COMMAND: POST /session/4782f8729a76edfdb31ae021f37f4e15/element - {"using":"xpath","value":"//bdi[contains(text(), \"Close\")]"}
RESULT: {"using":"xpath","value":"//bdi[contains(text(), \"Close\")]"}
COMMAND: POST /session/4782f8729a76edfdb31ae021f37f4e15/element/f.47FBE749F50BBE52AFAC717F22AEC391.d.81062F929FEEDA85270C66E690145260.e.4840/click - {}
RESULT: {}
COMMAND: GET /session/4782f8729a76edfdb31ae021f37f4e15/screenshot - {}
RESULT: {}
COMMAND: POST /session/4782f8729a76edfdb31ae021f37f4e15/element - {"using":"xpath","value":"//header[contains(@id, 'detailRruPage-headerTitle')]/div[1]/div[2]/div[2]/span[1]"}
RESULT: {"using":"xpath","value":"//header[contains(@id, 'detailRruPage-headerTitle')]/div[1]/div[2]/div[2]/span[1]"}
COMMAND: POST /session/4782f8729a76edfdb31ae021f37f4e15/elements - {"using":"xpath","value":"//header[contains(@id, 'detailRruPage-headerTitle')]/div[1]/div[2]/div[2]/span[1]"}
RESULT: {"using":"xpath","value":"//header[contains(@id, 'detailRruPage-headerTitle')]/div[1]/div[2]/div[2]/span[1]"}
COMMAND: POST /session/4782f8729a76edfdb31ae021f37f4e15/execute/sync - {"script":"<script> [56 bytes]","args":[{"element-6066-11e4-a52e-4f735466cecf":"f.47FBE749F50BBE52AFAC717F22AEC391.d.81062F929FEEDA85270C66E690145260.e.4868","ELEMENT":"f.47FBE749F50BBE52AFAC717F22AEC391.d.81062F929FEEDA85270C66E690145260.e.4868"}]}
RESULT: {"script":"<script> [56 bytes]","args":[{"element-6066-11e4-a52e-4f735466cecf":"f.47FBE749F50BBE52AFAC717F22AEC391.d.81062F929FEEDA85270C66E690145260.e.4868","ELEMENT":"f.47FBE749F50BBE52AFAC717F22AEC391.d.81062F929FEEDA85270C66E690145260.e.4868"}]}
]]></system-out>
    </testcase>
    <testcase classname="chrome.135_0_7049_42.windows.US134625_Set_up_price_condition_-_one_time" name="Should create new pricing rule one time" time="60.041">
      <system-out><![CDATA[
COMMAND: POST /session/4782f8729a76edfdb31ae021f37f4e15/element - {"using":"xpath","value":"(//button[contains(@id ,\"actionsToolbar-overflowButton\")])[1]"}
COMMAND: GET /session/4782f8729a76edfdb31ae021f37f4e15/screenshot - {}
RESULT: {"using":"xpath","value":"(//button[contains(@id ,\"actionsToolbar-overflowButton\")])[1]"}
COMMAND: POST /session/4782f8729a76edfdb31ae021f37f4e15/element/f.47FBE749F50BBE52AFAC717F22AEC391.d.81062F929FEEDA85270C66E690145260.e.4869/click - {}
RESULT: {}
RESULT: {}
COMMAND: GET /session/4782f8729a76edfdb31ae021f37f4e15/screenshot - {}
RESULT: {}
COMMAND: POST /session/4782f8729a76edfdb31ae021f37f4e15/element - {"using":"xpath","value":"//button[@data-kt=\"priceInfoButton\"]"}
RESULT: {"using":"xpath","value":"//button[@data-kt=\"priceInfoButton\"]"}
COMMAND: POST /session/4782f8729a76edfdb31ae021f37f4e15/element/f.47FBE749F50BBE52AFAC717F22AEC391.d.81062F929FEEDA85270C66E690145260.e.4871/click - {}
RESULT: {}
COMMAND: GET /session/4782f8729a76edfdb31ae021f37f4e15/screenshot - {}
COMMAND: POST /session/4782f8729a76edfdb31ae021f37f4e15/element - {"using":"xpath","value":"//button[@data-kt=\"addButton\"]"}
RESULT: {}
RESULT: {"using":"xpath","value":"//button[@data-kt=\"addButton\"]"}
COMMAND: POST /session/4782f8729a76edfdb31ae021f37f4e15/elements - {"using":"xpath","value":"//button[@data-kt=\"addButton\"]"}
RESULT: {"using":"xpath","value":"//button[@data-kt=\"addButton\"]"}
COMMAND: POST /session/4782f8729a76edfdb31ae021f37f4e15/execute/sync - {"script":"<script> [8489 bytes]","args":[{"element-6066-11e4-a52e-4f735466cecf":"f.47FBE749F50BBE52AFAC717F22AEC391.d.81062F929FEEDA85270C66E690145260.e.4907","ELEMENT":"f.47FBE749F50BBE52AFAC717F22AEC391.d.81062F929FEEDA85270C66E690145260.e.4907"}]}
RESULT: {"script":"<script> [8489 bytes]","args":[{"element-6066-11e4-a52e-4f735466cecf":"f.47FBE749F50BBE52AFAC717F22AEC391.d.81062F929FEEDA85270C66E690145260.e.4907","ELEMENT":"f.47FBE749F50BBE52AFAC717F22AEC391.d.81062F929FEEDA85270C66E690145260.e.4907"}]}
COMMAND: GET /session/4782f8729a76edfdb31ae021f37f4e15/element/f.47FBE749F50BBE52AFAC717F22AEC391.d.81062F929FEEDA85270C66E690145260.e.4907/enabled - {}
COMMAND: GET /session/4782f8729a76edfdb31ae021f37f4e15/screenshot - {}
RESULT: {}
COMMAND: POST /session/4782f8729a76edfdb31ae021f37f4e15/execute/sync - {"script":"<script> [8489 bytes]","args":[{"element-6066-11e4-a52e-4f735466cecf":"f.47FBE749F50BBE52AFAC717F22AEC391.d.81062F929FEEDA85270C66E690145260.e.4907","ELEMENT":"f.47FBE749F50BBE52AFAC717F22AEC391.d.81062F929FEEDA85270C66E690145260.e.4907"}]}
COMMAND: GET /session/4782f8729a76edfdb31ae021f37f4e15/screenshot - {}
RESULT: {}
RESULT: {"script":"<script> [8489 bytes]","args":[{"element-6066-11e4-a52e-4f735466cecf":"f.47FBE749F50BBE52AFAC717F22AEC391.d.81062F929FEEDA85270C66E690145260.e.4907","ELEMENT":"f.47FBE749F50BBE52AFAC717F22AEC391.d.81062F929FEEDA85270C66E690145260.e.4907"}]}
COMMAND: POST /session/4782f8729a76edfdb31ae021f37f4e15/execute/sync - {"script":"<script> [5351 bytes]","args":[{"element-6066-11e4-a52e-4f735466cecf":"f.47FBE749F50BBE52AFAC717F22AEC391.d.81062F929FEEDA85270C66E690145260.e.4907","ELEMENT":"f.47FBE749F50BBE52AFAC717F22AEC391.d.81062F929FEEDA85270C66E690145260.e.4907"}]}
COMMAND: GET /session/4782f8729a76edfdb31ae021f37f4e15/screenshot - {}
RESULT: {}
RESULT: {"script":"<script> [5351 bytes]","args":[{"element-6066-11e4-a52e-4f735466cecf":"f.47FBE749F50BBE52AFAC717F22AEC391.d.81062F929FEEDA85270C66E690145260.e.4907","ELEMENT":"f.47FBE749F50BBE52AFAC717F22AEC391.d.81062F929FEEDA85270C66E690145260.e.4907"}]}
COMMAND: POST /session/4782f8729a76edfdb31ae021f37f4e15/element/f.47FBE749F50BBE52AFAC717F22AEC391.d.81062F929FEEDA85270C66E690145260.e.4907/click - {}
COMMAND: GET /session/4782f8729a76edfdb31ae021f37f4e15/screenshot - {}
RESULT: {}
RESULT: {}
COMMAND: GET /session/4782f8729a76edfdb31ae021f37f4e15/screenshot - {}
RESULT: {}
RESULT: {}
COMMAND: POST /session/4782f8729a76edfdb31ae021f37f4e15/execute/async - {"script":"<script> [1562 bytes]","args":[{"selector":{"controlType":"sap.m.Title","viewName":"etm.portal.ui.managepricingrules.view.NewItem","viewId":"application-managepricingrules-display-component---newInfoPriceItem","properties":{"text":"New Pricing Rules - Item Level"}},"wdio_ui5_key":"etmportal.ui.managepricingrules.view.NewItemsap.m.Title{\"text\":\"New Pricing Rules - Item Level\"}"}]}
RESULT: {"script":"<script> [1562 bytes]","args":[{"selector":{"controlType":"sap.m.Title","viewName":"etm.portal.ui.managepricingrules.view.NewItem","viewId":"application-managepricingrules-display-component---newInfoPriceItem","properties":{"text":"New Pricing Rules - Item Level"}},"wdio_ui5_key":"etmportal.ui.managepricingrules.view.NewItemsap.m.Title{\"text\":\"New Pricing Rules - Item Level\"}"}]}
RESULT: undefined
COMMAND: POST /session/4782f8729a76edfdb31ae021f37f4e15/execute/async - {"script":"<script> [6424 bytes]","args":[{"element-6066-11e4-a52e-4f735466cecf":"f.47FBE749F50BBE52AFAC717F22AEC391.d.81062F929FEEDA85270C66E690145260.e.5067"},"getText",[]]}
RESULT: {"script":"<script> [6424 bytes]","args":[{"element-6066-11e4-a52e-4f735466cecf":"f.47FBE749F50BBE52AFAC717F22AEC391.d.81062F929FEEDA85270C66E690145260.e.5067"},"getText",[]]}
COMMAND: POST /session/4782f8729a76edfdb31ae021f37f4e15/execute/async - {"script":"<script> [1562 bytes]","args":[{"selector":{"id":"application-managepricingrules-display-component---newInfoPriceItem--condValidTo","interaction":{"idSuffix":"inner"}},"wdio_ui5_key":"applicationmanagepricingrules-display-component---newInfoPriceItem--condValidTo"}]}
RESULT: {"script":"<script> [1562 bytes]","args":[{"selector":{"id":"application-managepricingrules-display-component---newInfoPriceItem--condValidTo","interaction":{"idSuffix":"inner"}},"wdio_ui5_key":"applicationmanagepricingrules-display-component---newInfoPriceItem--condValidTo"}]}
RESULT: undefined
COMMAND: POST /session/4782f8729a76edfdb31ae021f37f4e15/execute/async - {"script":"<script> [776 bytes]","args":[{"enterText":"12/11/25","selector":{"id":"application-managepricingrules-display-component---newInfoPriceItem--condValidTo","interaction":{"idSuffix":"inner"}},"clearTextFirst":true,"interactionType":"ENTER_TEXT"}]}
RESULT: {"script":"<script> [776 bytes]","args":[{"enterText":"12/11/25","selector":{"id":"application-managepricingrules-display-component---newInfoPriceItem--condValidTo","interaction":{"idSuffix":"inner"}},"clearTextFirst":true,"interactionType":"ENTER_TEXT"}]}
COMMAND: POST /session/4782f8729a76edfdb31ae021f37f4e15/execute/async - {"script":"<script> [1562 bytes]","args":[{"selector":{"id":"application-managepricingrules-display-component---newInfoPriceItem--billType-arrow"},"wdio_ui5_key":"applicationmanagepricingrules-display-component---newInfoPriceItem--billType-arrow"}]}
RESULT: {"script":"<script> [1562 bytes]","args":[{"selector":{"id":"application-managepricingrules-display-component---newInfoPriceItem--billType-arrow"},"wdio_ui5_key":"applicationmanagepricingrules-display-component---newInfoPriceItem--billType-arrow"}]}
RESULT: undefined
COMMAND: POST /session/4782f8729a76edfdb31ae021f37f4e15/element - {"using":"xpath","value":"//*[@id=\"application-managepricingrules-display-component---newInfoPriceItem--billType-arrow\"]"}
RESULT: {"using":"xpath","value":"//*[@id=\"application-managepricingrules-display-component---newInfoPriceItem--billType-arrow\"]"}
COMMAND: POST /session/4782f8729a76edfdb31ae021f37f4e15/element/f.47FBE749F50BBE52AFAC717F22AEC391.d.81062F929FEEDA85270C66E690145260.e.5069/click - {}
RESULT: {}
COMMAND: POST /session/4782f8729a76edfdb31ae021f37f4e15/element - {"using":"xpath","value":"//span[contains(text(), \"OT - Sales (one-time)\")]"}
COMMAND: GET /session/4782f8729a76edfdb31ae021f37f4e15/screenshot - {}
RESULT: {"using":"xpath","value":"//span[contains(text(), \"OT - Sales (one-time)\")]"}
COMMAND: POST /session/4782f8729a76edfdb31ae021f37f4e15/element/f.47FBE749F50BBE52AFAC717F22AEC391.d.81062F929FEEDA85270C66E690145260.e.5070/click - {}
RESULT: {}
RESULT: {}
COMMAND: POST /session/4782f8729a76edfdb31ae021f37f4e15/execute/async - {"script":"<script> [1562 bytes]","args":[{"selector":{"id":"application-managepricingrules-display-component---newInfoPriceItem--priceProc-arrow"},"wdio_ui5_key":"applicationmanagepricingrules-display-component---newInfoPriceItem--priceProc-arrow"}]}
COMMAND: GET /session/4782f8729a76edfdb31ae021f37f4e15/screenshot - {}
RESULT: {"script":"<script> [1562 bytes]","args":[{"selector":{"id":"application-managepricingrules-display-component---newInfoPriceItem--priceProc-arrow"},"wdio_ui5_key":"applicationmanagepricingrules-display-component---newInfoPriceItem--priceProc-arrow"}]}
RESULT: undefined
COMMAND: POST /session/4782f8729a76edfdb31ae021f37f4e15/element - {"using":"xpath","value":"//*[@id=\"application-managepricingrules-display-component---newInfoPriceItem--priceProc-arrow\"]"}
RESULT: {}
RESULT: {"using":"xpath","value":"//*[@id=\"application-managepricingrules-display-component---newInfoPriceItem--priceProc-arrow\"]"}
COMMAND: POST /session/4782f8729a76edfdb31ae021f37f4e15/element/f.47FBE749F50BBE52AFAC717F22AEC391.d.81062F929FEEDA85270C66E690145260.e.5035/click - {}
RESULT: {}
COMMAND: POST /session/4782f8729a76edfdb31ae021f37f4e15/element - {"using":"xpath","value":"//span[contains(text(), \"MAT - Material\")]"}
COMMAND: GET /session/4782f8729a76edfdb31ae021f37f4e15/screenshot - {}
RESULT: {"using":"xpath","value":"//span[contains(text(), \"MAT - Material\")]"}
COMMAND: POST /session/4782f8729a76edfdb31ae021f37f4e15/element/f.47FBE749F50BBE52AFAC717F22AEC391.d.81062F929FEEDA85270C66E690145260.e.5071/click - {}
RESULT: {}
RESULT: {}
COMMAND: POST /session/4782f8729a76edfdb31ae021f37f4e15/execute/async - {"script":"<script> [1562 bytes]","args":[{"selector":{"id":"application-managepricingrules-display-component---newInfoPriceItem--calcBase-arrow"},"wdio_ui5_key":"applicationmanagepricingrules-display-component---newInfoPriceItem--calcBase-arrow"}]}
COMMAND: GET /session/4782f8729a76edfdb31ae021f37f4e15/screenshot - {}
RESULT: {"script":"<script> [1562 bytes]","args":[{"selector":{"id":"application-managepricingrules-display-component---newInfoPriceItem--calcBase-arrow"},"wdio_ui5_key":"applicationmanagepricingrules-display-component---newInfoPriceItem--calcBase-arrow"}]}
RESULT: undefined
COMMAND: POST /session/4782f8729a76edfdb31ae021f37f4e15/element - {"using":"xpath","value":"//*[@id=\"application-managepricingrules-display-component---newInfoPriceItem--calcBase-arrow\"]"}
RESULT: {}
RESULT: {"using":"xpath","value":"//*[@id=\"application-managepricingrules-display-component---newInfoPriceItem--calcBase-arrow\"]"}
COMMAND: POST /session/4782f8729a76edfdb31ae021f37f4e15/element/f.47FBE749F50BBE52AFAC717F22AEC391.d.81062F929FEEDA85270C66E690145260.e.5042/click - {}
RESULT: {}
COMMAND: GET /session/4782f8729a76edfdb31ae021f37f4e15/screenshot - {}
RESULT: {}
COMMAND: POST /session/4782f8729a76edfdb31ae021f37f4e15/element - {"using":"xpath","value":"//span[contains(text(), \"0001 - TB(exact month + cal_days)\")]"}
RESULT: {"using":"xpath","value":"//span[contains(text(), \"0001 - TB(exact month + cal_days)\")]"}
COMMAND: POST /session/4782f8729a76edfdb31ae021f37f4e15/element/f.47FBE749F50BBE52AFAC717F22AEC391.d.81062F929FEEDA85270C66E690145260.e.5072/click - {}
RESULT: {}
COMMAND: GET /session/4782f8729a76edfdb31ae021f37f4e15/screenshot - {}
RESULT: {}
COMMAND: POST /session/4782f8729a76edfdb31ae021f37f4e15/element - {"using":"xpath","value":"//button[@data-kt=\"saveNewRuleButton\"]"}
RESULT: {"using":"xpath","value":"//button[@data-kt=\"saveNewRuleButton\"]"}
COMMAND: POST /session/4782f8729a76edfdb31ae021f37f4e15/element/f.47FBE749F50BBE52AFAC717F22AEC391.d.81062F929FEEDA85270C66E690145260.e.5058/click - {}
RESULT: {}
COMMAND: GET /session/4782f8729a76edfdb31ae021f37f4e15/screenshot - {}
RESULT: {}
COMMAND: POST /session/4782f8729a76edfdb31ae021f37f4e15/execute/async - {"script":"<script> [1562 bytes]","args":[{"selector":{"id":"application-managepricingrules-display-component---priceInfoItem--smartFilterBar-btnBasicSearch","interaction":{"idSuffix":"I"}},"wdio_ui5_key":"applicationmanagepricingrules-display-component---priceInfoItem--smartFilterBar-btnBasicSearch"}]}
RESULT: {"script":"<script> [1562 bytes]","args":[{"selector":{"id":"application-managepricingrules-display-component---priceInfoItem--smartFilterBar-btnBasicSearch","interaction":{"idSuffix":"I"}},"wdio_ui5_key":"applicationmanagepricingrules-display-component---priceInfoItem--smartFilterBar-btnBasicSearch"}]}
RESULT: undefined
COMMAND: POST /session/4782f8729a76edfdb31ae021f37f4e15/execute/async - {"script":"<script> [776 bytes]","args":[{"enterText":"200063","selector":{"id":"application-managepricingrules-display-component---priceInfoItem--smartFilterBar-btnBasicSearch","interaction":{"idSuffix":"I"}},"clearTextFirst":true,"interactionType":"ENTER_TEXT"}]}
RESULT: {"script":"<script> [776 bytes]","args":[{"enterText":"200063","selector":{"id":"application-managepricingrules-display-component---priceInfoItem--smartFilterBar-btnBasicSearch","interaction":{"idSuffix":"I"}},"clearTextFirst":true,"interactionType":"ENTER_TEXT"}]}
COMMAND: POST /session/4782f8729a76edfdb31ae021f37f4e15/actions - {"actions":[{"id":"action21","type":"key","parameters":{},"actions":[{"type":"keyDown","value":""},{"type":"pause","duration":10},{"type":"keyUp","value":""}]}]}
RESULT: {"actions":[{"id":"action21","type":"key","parameters":{},"actions":[{"type":"keyDown","value":""},{"type":"pause","duration":10},{"type":"keyUp","value":""}]}]}
COMMAND: GET /session/4782f8729a76edfdb31ae021f37f4e15/screenshot - {}
RESULT: {}
COMMAND: POST /session/4782f8729a76edfdb31ae021f37f4e15/element - {"using":"xpath","value":"//span[@id=\"application-managepricingrules-display-component---priceInfoItem--smartTable-header-inner\"]"}
RESULT: {"using":"xpath","value":"//span[@id=\"application-managepricingrules-display-component---priceInfoItem--smartTable-header-inner\"]"}
COMMAND: POST /session/4782f8729a76edfdb31ae021f37f4e15/elements - {"using":"xpath","value":"//span[@id=\"application-managepricingrules-display-component---priceInfoItem--smartTable-header-inner\"]"}
RESULT: {"using":"xpath","value":"//span[@id=\"application-managepricingrules-display-component---priceInfoItem--smartTable-header-inner\"]"}
COMMAND: POST /session/4782f8729a76edfdb31ae021f37f4e15/execute/sync - {"script":"<script> [56 bytes]","args":[{"element-6066-11e4-a52e-4f735466cecf":"f.47FBE749F50BBE52AFAC717F22AEC391.d.81062F929FEEDA85270C66E690145260.e.5095","ELEMENT":"f.47FBE749F50BBE52AFAC717F22AEC391.d.81062F929FEEDA85270C66E690145260.e.5095"}]}
RESULT: {"script":"<script> [56 bytes]","args":[{"element-6066-11e4-a52e-4f735466cecf":"f.47FBE749F50BBE52AFAC717F22AEC391.d.81062F929FEEDA85270C66E690145260.e.5095","ELEMENT":"f.47FBE749F50BBE52AFAC717F22AEC391.d.81062F929FEEDA85270C66E690145260.e.5095"}]}
COMMAND: POST /session/4782f8729a76edfdb31ae021f37f4e15/element - {"using":"css selector","value":"#shell-header-logo"}
COMMAND: GET /session/4782f8729a76edfdb31ae021f37f4e15/screenshot - {}
RESULT: {"using":"css selector","value":"#shell-header-logo"}
COMMAND: POST /session/4782f8729a76edfdb31ae021f37f4e15/element/f.47FBE749F50BBE52AFAC717F22AEC391.d.81062F929FEEDA85270C66E690145260.e.4316/click - {}
RESULT: {}
RESULT: {}
COMMAND: GET /session/4782f8729a76edfdb31ae021f37f4e15/screenshot - {}
RESULT: {}
]]></system-out>
    </testcase>
    <testcase classname="chrome.135_0_7049_42.windows.US134625_Set_up_price_condition_-_one_time" name="Should create new condition one time" time="67.483">
      <system-out><![CDATA[
COMMAND: POST /session/4782f8729a76edfdb31ae021f37f4e15/execute/async - {"script":"<script> [1562 bytes]","args":[{"selector":{"controlType":"sap.m.Text","properties":{"text":"Manage Conditions & Prices"},"interaction":{"idSuffix":"inner"}},"wdio_ui5_key":"sapm.Text{\"text\":\"Manage Conditions & Prices\"}"}]}
RESULT: {"script":"<script> [1562 bytes]","args":[{"selector":{"controlType":"sap.m.Text","properties":{"text":"Manage Conditions & Prices"},"interaction":{"idSuffix":"inner"}},"wdio_ui5_key":"sapm.Text{\"text\":\"Manage Conditions & Prices\"}"}]}
RESULT: undefined
COMMAND: POST /session/4782f8729a76edfdb31ae021f37f4e15/element - {"using":"xpath","value":"//*[@id=\"__tile53-title\"]"}
RESULT: {"using":"xpath","value":"//*[@id=\"__tile53-title\"]"}
COMMAND: POST /session/4782f8729a76edfdb31ae021f37f4e15/element/f.47FBE749F50BBE52AFAC717F22AEC391.d.81062F929FEEDA85270C66E690145260.e.5098/click - {}
RESULT: {}
COMMAND: POST /session/4782f8729a76edfdb31ae021f37f4e15/element - {"using":"xpath","value":"//button[@aria-label=\"Create\"]"}
COMMAND: GET /session/4782f8729a76edfdb31ae021f37f4e15/screenshot - {}
RESULT: {}
RESULT: {"using":"xpath","value":"//button[@aria-label=\"Create\"]"}
COMMAND: POST /session/4782f8729a76edfdb31ae021f37f4e15/elements - {"using":"xpath","value":"//button[@aria-label=\"Create\"]"}
RESULT: {"using":"xpath","value":"//button[@aria-label=\"Create\"]"}
COMMAND: POST /session/4782f8729a76edfdb31ae021f37f4e15/execute/sync - {"script":"<script> [8489 bytes]","args":[{"element-6066-11e4-a52e-4f735466cecf":"f.47FBE749F50BBE52AFAC717F22AEC391.d.81062F929FEEDA85270C66E690145260.e.5132","ELEMENT":"f.47FBE749F50BBE52AFAC717F22AEC391.d.81062F929FEEDA85270C66E690145260.e.5132"}]}
RESULT: {"script":"<script> [8489 bytes]","args":[{"element-6066-11e4-a52e-4f735466cecf":"f.47FBE749F50BBE52AFAC717F22AEC391.d.81062F929FEEDA85270C66E690145260.e.5132","ELEMENT":"f.47FBE749F50BBE52AFAC717F22AEC391.d.81062F929FEEDA85270C66E690145260.e.5132"}]}
COMMAND: GET /session/4782f8729a76edfdb31ae021f37f4e15/element/f.47FBE749F50BBE52AFAC717F22AEC391.d.81062F929FEEDA85270C66E690145260.e.5132/enabled - {}
COMMAND: GET /session/4782f8729a76edfdb31ae021f37f4e15/screenshot - {}
RESULT: {}
COMMAND: POST /session/4782f8729a76edfdb31ae021f37f4e15/execute/sync - {"script":"<script> [8489 bytes]","args":[{"element-6066-11e4-a52e-4f735466cecf":"f.47FBE749F50BBE52AFAC717F22AEC391.d.81062F929FEEDA85270C66E690145260.e.5132","ELEMENT":"f.47FBE749F50BBE52AFAC717F22AEC391.d.81062F929FEEDA85270C66E690145260.e.5132"}]}
COMMAND: GET /session/4782f8729a76edfdb31ae021f37f4e15/screenshot - {}
RESULT: {}
RESULT: {"script":"<script> [8489 bytes]","args":[{"element-6066-11e4-a52e-4f735466cecf":"f.47FBE749F50BBE52AFAC717F22AEC391.d.81062F929FEEDA85270C66E690145260.e.5132","ELEMENT":"f.47FBE749F50BBE52AFAC717F22AEC391.d.81062F929FEEDA85270C66E690145260.e.5132"}]}
COMMAND: POST /session/4782f8729a76edfdb31ae021f37f4e15/execute/sync - {"script":"<script> [5351 bytes]","args":[{"element-6066-11e4-a52e-4f735466cecf":"f.47FBE749F50BBE52AFAC717F22AEC391.d.81062F929FEEDA85270C66E690145260.e.5132","ELEMENT":"f.47FBE749F50BBE52AFAC717F22AEC391.d.81062F929FEEDA85270C66E690145260.e.5132"}]}
COMMAND: GET /session/4782f8729a76edfdb31ae021f37f4e15/screenshot - {}
RESULT: {}
RESULT: {"script":"<script> [5351 bytes]","args":[{"element-6066-11e4-a52e-4f735466cecf":"f.47FBE749F50BBE52AFAC717F22AEC391.d.81062F929FEEDA85270C66E690145260.e.5132","ELEMENT":"f.47FBE749F50BBE52AFAC717F22AEC391.d.81062F929FEEDA85270C66E690145260.e.5132"}]}
COMMAND: POST /session/4782f8729a76edfdb31ae021f37f4e15/element/f.47FBE749F50BBE52AFAC717F22AEC391.d.81062F929FEEDA85270C66E690145260.e.5132/click - {}
COMMAND: GET /session/4782f8729a76edfdb31ae021f37f4e15/screenshot - {}
RESULT: {}
RESULT: {}
COMMAND: GET /session/4782f8729a76edfdb31ae021f37f4e15/screenshot - {}
RESULT: {}
RESULT: {}
COMMAND: POST /session/4782f8729a76edfdb31ae021f37f4e15/actions - {"actions":[{"id":"action22","type":"key","parameters":{},"actions":[{"type":"keyDown","value":""},{"type":"pause","duration":10},{"type":"keyUp","value":""}]}]}
RESULT: {"actions":[{"id":"action22","type":"key","parameters":{},"actions":[{"type":"keyDown","value":""},{"type":"pause","duration":10},{"type":"keyUp","value":""}]}]}
COMMAND: GET /session/4782f8729a76edfdb31ae021f37f4e15/screenshot - {}
RESULT: {}
COMMAND: POST /session/4782f8729a76edfdb31ae021f37f4e15/execute/async - {"script":"<script> [1562 bytes]","args":[{"selector":{"id":"application-manageconditionprice-display-component---newCondition--condBillCond-arrow"},"wdio_ui5_key":"applicationmanageconditionprice-display-component---newCondition--condBillCond-arrow"}]}
RESULT: {"script":"<script> [1562 bytes]","args":[{"selector":{"id":"application-manageconditionprice-display-component---newCondition--condBillCond-arrow"},"wdio_ui5_key":"applicationmanageconditionprice-display-component---newCondition--condBillCond-arrow"}]}
RESULT: undefined
COMMAND: POST /session/4782f8729a76edfdb31ae021f37f4e15/element - {"using":"xpath","value":"//*[@id=\"application-manageconditionprice-display-component---newCondition--condBillCond-arrow\"]"}
RESULT: {"using":"xpath","value":"//*[@id=\"application-manageconditionprice-display-component---newCondition--condBillCond-arrow\"]"}
COMMAND: POST /session/4782f8729a76edfdb31ae021f37f4e15/element/f.47FBE749F50BBE52AFAC717F22AEC391.d.81062F929FEEDA85270C66E690145260.e.5306/click - {}
RESULT: {}
COMMAND: GET /session/4782f8729a76edfdb31ae021f37f4e15/screenshot - {}
RESULT: {}
COMMAND: POST /session/4782f8729a76edfdb31ae021f37f4e15/element - {"using":"xpath","value":"//li[.//span[contains(text(), \"SAPR - Sales price\")]]"}
RESULT: {"using":"xpath","value":"//li[.//span[contains(text(), \"SAPR - Sales price\")]]"}
COMMAND: POST /session/4782f8729a76edfdb31ae021f37f4e15/element/f.47FBE749F50BBE52AFAC717F22AEC391.d.81062F929FEEDA85270C66E690145260.e.5310/click - {}
RESULT: {}
COMMAND: GET /session/4782f8729a76edfdb31ae021f37f4e15/screenshot - {}
RESULT: {}
COMMAND: POST /session/4782f8729a76edfdb31ae021f37f4e15/execute/async - {"script":"<script> [1562 bytes]","args":[{"selector":{"id":"application-manageconditionprice-display-component---newCondition--condValidTo","interaction":{"idSuffix":"inner"}},"wdio_ui5_key":"applicationmanageconditionprice-display-component---newCondition--condValidTo"}]}
RESULT: {"script":"<script> [1562 bytes]","args":[{"selector":{"id":"application-manageconditionprice-display-component---newCondition--condValidTo","interaction":{"idSuffix":"inner"}},"wdio_ui5_key":"applicationmanageconditionprice-display-component---newCondition--condValidTo"}]}
RESULT: undefined
COMMAND: POST /session/4782f8729a76edfdb31ae021f37f4e15/execute/async - {"script":"<script> [776 bytes]","args":[{"enterText":"12/11/25","selector":{"id":"application-manageconditionprice-display-component---newCondition--condValidTo","interaction":{"idSuffix":"inner"}},"clearTextFirst":true,"interactionType":"ENTER_TEXT"}]}
RESULT: {"script":"<script> [776 bytes]","args":[{"enterText":"12/11/25","selector":{"id":"application-manageconditionprice-display-component---newCondition--condValidTo","interaction":{"idSuffix":"inner"}},"clearTextFirst":true,"interactionType":"ENTER_TEXT"}]}
COMMAND: POST /session/4782f8729a76edfdb31ae021f37f4e15/element - {"using":"xpath","value":"//input[@id=\"application-manageconditionprice-display-component---newCondition--condRU-inner\"]"}
RESULT: {"using":"xpath","value":"//input[@id=\"application-manageconditionprice-display-component---newCondition--condRU-inner\"]"}
COMMAND: POST /session/4782f8729a76edfdb31ae021f37f4e15/element/f.47FBE749F50BBE52AFAC717F22AEC391.d.81062F929FEEDA85270C66E690145260.e.5175/clear - {}
RESULT: {}
COMMAND: POST /session/4782f8729a76edfdb31ae021f37f4e15/element/f.47FBE749F50BBE52AFAC717F22AEC391.d.81062F929FEEDA85270C66E690145260.e.5175/value - {"text":"200063"}
COMMAND: GET /session/4782f8729a76edfdb31ae021f37f4e15/screenshot - {}
RESULT: {"text":"200063"}
COMMAND: GET /session/4782f8729a76edfdb31ae021f37f4e15/screenshot - {}
RESULT: {}
RESULT: {}
COMMAND: POST /session/4782f8729a76edfdb31ae021f37f4e15/actions - {"actions":[{"id":"action23","type":"key","parameters":{},"actions":[{"type":"keyDown","value":""},{"type":"pause","duration":10},{"type":"keyUp","value":""}]}]}
RESULT: {"actions":[{"id":"action23","type":"key","parameters":{},"actions":[{"type":"keyDown","value":""},{"type":"pause","duration":10},{"type":"keyUp","value":""}]}]}
COMMAND: POST /session/4782f8729a76edfdb31ae021f37f4e15/execute/async - {"script":"<script> [1562 bytes]","args":[{"selector":{"id":"application-manageconditionprice-display-component---newCondition--condBaseQty","interaction":{"idSuffix":"inner"}},"wdio_ui5_key":"applicationmanageconditionprice-display-component---newCondition--condBaseQty"}]}
COMMAND: GET /session/4782f8729a76edfdb31ae021f37f4e15/screenshot - {}
RESULT: {"script":"<script> [1562 bytes]","args":[{"selector":{"id":"application-manageconditionprice-display-component---newCondition--condBaseQty","interaction":{"idSuffix":"inner"}},"wdio_ui5_key":"applicationmanageconditionprice-display-component---newCondition--condBaseQty"}]}
RESULT: undefined
COMMAND: POST /session/4782f8729a76edfdb31ae021f37f4e15/execute/async - {"script":"<script> [776 bytes]","args":[{"enterText":"1","selector":{"id":"application-manageconditionprice-display-component---newCondition--condBaseQty","interaction":{"idSuffix":"inner"}},"clearTextFirst":true,"interactionType":"ENTER_TEXT"}]}
RESULT: {}
RESULT: {"script":"<script> [776 bytes]","args":[{"enterText":"1","selector":{"id":"application-manageconditionprice-display-component---newCondition--condBaseQty","interaction":{"idSuffix":"inner"}},"clearTextFirst":true,"interactionType":"ENTER_TEXT"}]}
COMMAND: POST /session/4782f8729a76edfdb31ae021f37f4e15/execute/async - {"script":"<script> [1562 bytes]","args":[{"selector":{"id":"application-manageconditionprice-display-component---newCondition--condValue","interaction":{"idSuffix":"inner"}},"wdio_ui5_key":"applicationmanageconditionprice-display-component---newCondition--condValue"}]}
RESULT: {"script":"<script> [1562 bytes]","args":[{"selector":{"id":"application-manageconditionprice-display-component---newCondition--condValue","interaction":{"idSuffix":"inner"}},"wdio_ui5_key":"applicationmanageconditionprice-display-component---newCondition--condValue"}]}
RESULT: undefined
COMMAND: POST /session/4782f8729a76edfdb31ae021f37f4e15/execute/async - {"script":"<script> [776 bytes]","args":[{"enterText":"100.00","selector":{"id":"application-manageconditionprice-display-component---newCondition--condValue","interaction":{"idSuffix":"inner"}},"clearTextFirst":true,"interactionType":"ENTER_TEXT"}]}
RESULT: {"script":"<script> [776 bytes]","args":[{"enterText":"100.00","selector":{"id":"application-manageconditionprice-display-component---newCondition--condValue","interaction":{"idSuffix":"inner"}},"clearTextFirst":true,"interactionType":"ENTER_TEXT"}]}
COMMAND: POST /session/4782f8729a76edfdb31ae021f37f4e15/execute/async - {"script":"<script> [1562 bytes]","args":[{"selector":{"id":"application-manageconditionprice-display-component---newCondition--condCurr-arrow"},"wdio_ui5_key":"applicationmanageconditionprice-display-component---newCondition--condCurr-arrow"}]}
RESULT: {"script":"<script> [1562 bytes]","args":[{"selector":{"id":"application-manageconditionprice-display-component---newCondition--condCurr-arrow"},"wdio_ui5_key":"applicationmanageconditionprice-display-component---newCondition--condCurr-arrow"}]}
RESULT: undefined
COMMAND: POST /session/4782f8729a76edfdb31ae021f37f4e15/element - {"using":"xpath","value":"//*[@id=\"application-manageconditionprice-display-component---newCondition--condCurr-arrow\"]"}
RESULT: {"using":"xpath","value":"//*[@id=\"application-manageconditionprice-display-component---newCondition--condCurr-arrow\"]"}
COMMAND: POST /session/4782f8729a76edfdb31ae021f37f4e15/element/f.47FBE749F50BBE52AFAC717F22AEC391.d.81062F929FEEDA85270C66E690145260.e.5277/click - {}
RESULT: {}
COMMAND: POST /session/4782f8729a76edfdb31ae021f37f4e15/element - {"using":"xpath","value":"//span[contains(text(), \"Euro\")]"}
COMMAND: GET /session/4782f8729a76edfdb31ae021f37f4e15/screenshot - {}
RESULT: {}
RESULT: {"using":"xpath","value":"//span[contains(text(), \"Euro\")]"}
COMMAND: POST /session/4782f8729a76edfdb31ae021f37f4e15/element/f.47FBE749F50BBE52AFAC717F22AEC391.d.81062F929FEEDA85270C66E690145260.e.5348/click - {}
RESULT: {}
COMMAND: POST /session/4782f8729a76edfdb31ae021f37f4e15/element - {"using":"xpath","value":"//button[@data-kt=\"saveButton\"]"}
COMMAND: GET /session/4782f8729a76edfdb31ae021f37f4e15/screenshot - {}
RESULT: {"using":"xpath","value":"//button[@data-kt=\"saveButton\"]"}
COMMAND: POST /session/4782f8729a76edfdb31ae021f37f4e15/element/f.47FBE749F50BBE52AFAC717F22AEC391.d.81062F929FEEDA85270C66E690145260.e.5278/click - {}
RESULT: {}
RESULT: {}
COMMAND: GET /session/4782f8729a76edfdb31ae021f37f4e15/screenshot - {}
RESULT: {}
COMMAND: POST /session/4782f8729a76edfdb31ae021f37f4e15/execute/async - {"script":"<script> [1562 bytes]","args":[{"selector":{"id":"application-manageconditionprice-display-component---conditions--smartFilterBar-btnBasicSearch","interaction":{"idSuffix":"I"}},"wdio_ui5_key":"applicationmanageconditionprice-display-component---conditions--smartFilterBar-btnBasicSearch"}]}
RESULT: {"script":"<script> [1562 bytes]","args":[{"selector":{"id":"application-manageconditionprice-display-component---conditions--smartFilterBar-btnBasicSearch","interaction":{"idSuffix":"I"}},"wdio_ui5_key":"applicationmanageconditionprice-display-component---conditions--smartFilterBar-btnBasicSearch"}]}
RESULT: undefined
COMMAND: POST /session/4782f8729a76edfdb31ae021f37f4e15/execute/async - {"script":"<script> [776 bytes]","args":[{"enterText":"200063","selector":{"id":"application-manageconditionprice-display-component---conditions--smartFilterBar-btnBasicSearch","interaction":{"idSuffix":"I"}},"clearTextFirst":true,"interactionType":"ENTER_TEXT"}]}
RESULT: {"script":"<script> [776 bytes]","args":[{"enterText":"200063","selector":{"id":"application-manageconditionprice-display-component---conditions--smartFilterBar-btnBasicSearch","interaction":{"idSuffix":"I"}},"clearTextFirst":true,"interactionType":"ENTER_TEXT"}]}
COMMAND: POST /session/4782f8729a76edfdb31ae021f37f4e15/actions - {"actions":[{"id":"action24","type":"key","parameters":{},"actions":[{"type":"keyDown","value":""},{"type":"pause","duration":10},{"type":"keyUp","value":""}]}]}
RESULT: {"actions":[{"id":"action24","type":"key","parameters":{},"actions":[{"type":"keyDown","value":""},{"type":"pause","duration":10},{"type":"keyUp","value":""}]}]}
COMMAND: GET /session/4782f8729a76edfdb31ae021f37f4e15/screenshot - {}
RESULT: {}
COMMAND: POST /session/4782f8729a76edfdb31ae021f37f4e15/execute/async - {"script":"<script> [1562 bytes]","args":[{"selector":{"id":"application-manageconditionprice-display-component---conditions--smartFilterBar-filterItemControl_BASIC-BILL_TYPES-vhi"},"wdio_ui5_key":"applicationmanageconditionprice-display-component---conditions--smartFilterBar-filterItemControl_BASIC-BILL_TYPES-vhi"}]}
RESULT: {"script":"<script> [1562 bytes]","args":[{"selector":{"id":"application-manageconditionprice-display-component---conditions--smartFilterBar-filterItemControl_BASIC-BILL_TYPES-vhi"},"wdio_ui5_key":"applicationmanageconditionprice-display-component---conditions--smartFilterBar-filterItemControl_BASIC-BILL_TYPES-vhi"}]}
RESULT: undefined
COMMAND: POST /session/4782f8729a76edfdb31ae021f37f4e15/element - {"using":"xpath","value":"//*[@id=\"application-manageconditionprice-display-component---conditions--smartFilterBar-filterItemControl_BASIC-BILL_TYPES-vhi\"]"}
RESULT: {"using":"xpath","value":"//*[@id=\"application-manageconditionprice-display-component---conditions--smartFilterBar-filterItemControl_BASIC-BILL_TYPES-vhi\"]"}
COMMAND: POST /session/4782f8729a76edfdb31ae021f37f4e15/element/f.47FBE749F50BBE52AFAC717F22AEC391.d.81062F929FEEDA85270C66E690145260.e.5455/click - {}
RESULT: {}
COMMAND: POST /session/4782f8729a76edfdb31ae021f37f4e15/execute/async - {"script":"<script> [1562 bytes]","args":[{"selector":{"id":"application-manageconditionprice-display-component---conditions--smartFilterBar-filterItemControl_BASIC-BILL_TYPES-valueHelpDialog-smartFilterBar-btnBasicSearch","searchOpenDialogs":true,"interaction":{"idSuffix":"I"}},"wdio_ui5_key":"applicationmanageconditionprice-display-component---conditions--smartFilterBar-filterItemControl_BASIC-BILL_TYPES-valueHelpDialog-smartFilterBar-btnBasicSearch"}]}
COMMAND: GET /session/4782f8729a76edfdb31ae021f37f4e15/screenshot - {}
RESULT: {"script":"<script> [1562 bytes]","args":[{"selector":{"id":"application-manageconditionprice-display-component---conditions--smartFilterBar-filterItemControl_BASIC-BILL_TYPES-valueHelpDialog-smartFilterBar-btnBasicSearch","searchOpenDialogs":true,"interaction":{"idSuffix":"I"}},"wdio_ui5_key":"applicationmanageconditionprice-display-component---conditions--smartFilterBar-filterItemControl_BASIC-BILL_TYPES-valueHelpDialog-smartFilterBar-btnBasicSearch"}]}
RESULT: undefined
COMMAND: POST /session/4782f8729a76edfdb31ae021f37f4e15/execute/async - {"script":"<script> [776 bytes]","args":[{"enterText":"one","selector":{"id":"application-manageconditionprice-display-component---conditions--smartFilterBar-filterItemControl_BASIC-BILL_TYPES-valueHelpDialog-smartFilterBar-btnBasicSearch","searchOpenDialogs":true,"interaction":{"idSuffix":"I"}},"clearTextFirst":true,"interactionType":"ENTER_TEXT"}]}
RESULT: {}
RESULT: {"script":"<script> [776 bytes]","args":[{"enterText":"one","selector":{"id":"application-manageconditionprice-display-component---conditions--smartFilterBar-filterItemControl_BASIC-BILL_TYPES-valueHelpDialog-smartFilterBar-btnBasicSearch","searchOpenDialogs":true,"interaction":{"idSuffix":"I"}},"clearTextFirst":true,"interactionType":"ENTER_TEXT"}]}
COMMAND: POST /session/4782f8729a76edfdb31ae021f37f4e15/actions - {"actions":[{"id":"action25","type":"key","parameters":{},"actions":[{"type":"keyDown","value":""},{"type":"pause","duration":10},{"type":"keyUp","value":""}]}]}
RESULT: {"actions":[{"id":"action25","type":"key","parameters":{},"actions":[{"type":"keyDown","value":""},{"type":"pause","duration":10},{"type":"keyUp","value":""}]}]}
COMMAND: GET /session/4782f8729a76edfdb31ae021f37f4e15/screenshot - {}
RESULT: {}
COMMAND: POST /session/4782f8729a76edfdb31ae021f37f4e15/element - {"using":"xpath","value":"//div[contains(@id, 'application-manageconditionprice-display-component---conditions--smartFilterBar-filterItemControl_BASIC-BILL_TYPES-valueHelpDialog-table-rowsel0')]"}
RESULT: {"using":"xpath","value":"//div[contains(@id, 'application-manageconditionprice-display-component---conditions--smartFilterBar-filterItemControl_BASIC-BILL_TYPES-valueHelpDialog-table-rowsel0')]"}
COMMAND: POST /session/4782f8729a76edfdb31ae021f37f4e15/element/f.47FBE749F50BBE52AFAC717F22AEC391.d.81062F929FEEDA85270C66E690145260.e.5465/click - {}
RESULT: {}
COMMAND: GET /session/4782f8729a76edfdb31ae021f37f4e15/screenshot - {}
RESULT: {}
COMMAND: POST /session/4782f8729a76edfdb31ae021f37f4e15/element - {"using":"xpath","value":"//bdi[contains(text(), \"OK\")]"}
RESULT: {"using":"xpath","value":"//bdi[contains(text(), \"OK\")]"}
COMMAND: POST /session/4782f8729a76edfdb31ae021f37f4e15/element/f.47FBE749F50BBE52AFAC717F22AEC391.d.81062F929FEEDA85270C66E690145260.e.5467/click - {}
RESULT: {}
COMMAND: GET /session/4782f8729a76edfdb31ae021f37f4e15/screenshot - {}
RESULT: {}
COMMAND: POST /session/4782f8729a76edfdb31ae021f37f4e15/element - {"using":"xpath","value":"//span[@id=\"application-manageconditionprice-display-component---conditions--smartTable-header-inner\"]"}
RESULT: {"using":"xpath","value":"//span[@id=\"application-manageconditionprice-display-component---conditions--smartTable-header-inner\"]"}
COMMAND: POST /session/4782f8729a76edfdb31ae021f37f4e15/elements - {"using":"xpath","value":"//span[@id=\"application-manageconditionprice-display-component---conditions--smartTable-header-inner\"]"}
RESULT: {"using":"xpath","value":"//span[@id=\"application-manageconditionprice-display-component---conditions--smartTable-header-inner\"]"}
COMMAND: POST /session/4782f8729a76edfdb31ae021f37f4e15/execute/sync - {"script":"<script> [56 bytes]","args":[{"element-6066-11e4-a52e-4f735466cecf":"f.47FBE749F50BBE52AFAC717F22AEC391.d.81062F929FEEDA85270C66E690145260.e.5470","ELEMENT":"f.47FBE749F50BBE52AFAC717F22AEC391.d.81062F929FEEDA85270C66E690145260.e.5470"}]}
RESULT: {"script":"<script> [56 bytes]","args":[{"element-6066-11e4-a52e-4f735466cecf":"f.47FBE749F50BBE52AFAC717F22AEC391.d.81062F929FEEDA85270C66E690145260.e.5470","ELEMENT":"f.47FBE749F50BBE52AFAC717F22AEC391.d.81062F929FEEDA85270C66E690145260.e.5470"}]}
COMMAND: POST /session/4782f8729a76edfdb31ae021f37f4e15/element - {"using":"css selector","value":"#shell-header-logo"}
COMMAND: GET /session/4782f8729a76edfdb31ae021f37f4e15/screenshot - {}
RESULT: {"using":"css selector","value":"#shell-header-logo"}
COMMAND: POST /session/4782f8729a76edfdb31ae021f37f4e15/element/f.47FBE749F50BBE52AFAC717F22AEC391.d.81062F929FEEDA85270C66E690145260.e.5100/click - {}
RESULT: {}
RESULT: {}
COMMAND: GET /session/4782f8729a76edfdb31ae021f37f4e15/screenshot - {}
RESULT: {}
]]></system-out>
    </testcase>
    <testcase classname="chrome.135_0_7049_42.windows.US134625_Set_up_price_condition_-_one_time" name="Should create a new contract" time="51.359">
      <system-out><![CDATA[
COMMAND: POST /session/4782f8729a76edfdb31ae021f37f4e15/execute/async - {"script":"<script> [1562 bytes]","args":[{"selector":{"controlType":"sap.m.Text","viewName":"etm.portal.ui.managecontractstile.view.Master","properties":{"text":"Manage Contracts"},"interaction":{"idSuffix":"inner"}},"wdio_ui5_key":"etmportal.ui.managecontractstile.view.Mastersap.m.Text{\"text\":\"Manage Contracts\"}"}]}
RESULT: {"script":"<script> [1562 bytes]","args":[{"selector":{"controlType":"sap.m.Text","viewName":"etm.portal.ui.managecontractstile.view.Master","properties":{"text":"Manage Contracts"},"interaction":{"idSuffix":"inner"}},"wdio_ui5_key":"etmportal.ui.managecontractstile.view.Mastersap.m.Text{\"text\":\"Manage Contracts\"}"}]}
RESULT: undefined
COMMAND: POST /session/4782f8729a76edfdb31ae021f37f4e15/element - {"using":"xpath","value":"//*[@id=\"__tile130-title\"]"}
RESULT: {"using":"xpath","value":"//*[@id=\"__tile130-title\"]"}
COMMAND: POST /session/4782f8729a76edfdb31ae021f37f4e15/element/f.47FBE749F50BBE52AFAC717F22AEC391.d.81062F929FEEDA85270C66E690145260.e.5475/click - {}
RESULT: {}
COMMAND: GET /session/4782f8729a76edfdb31ae021f37f4e15/screenshot - {}
RESULT: {}
COMMAND: POST /session/4782f8729a76edfdb31ae021f37f4e15/element - {"using":"xpath","value":"//button[@data-kt=\"addButton\"]"}
RESULT: undefined
RESULT: undefined
RESULT: {"using":"xpath","value":"//button[@data-kt=\"addButton\"]"}
COMMAND: POST /session/4782f8729a76edfdb31ae021f37f4e15/elements - {"using":"xpath","value":"//button[@data-kt=\"addButton\"]"}
RESULT: {"using":"xpath","value":"//button[@data-kt=\"addButton\"]"}
COMMAND: POST /session/4782f8729a76edfdb31ae021f37f4e15/element - {"using":"xpath","value":"//button[@data-kt=\"addButton\"]"}
RESULT: {"using":"xpath","value":"//button[@data-kt=\"addButton\"]"}
COMMAND: POST /session/4782f8729a76edfdb31ae021f37f4e15/execute/sync - {"script":"<script> [8489 bytes]","args":[{"element-6066-11e4-a52e-4f735466cecf":"f.47FBE749F50BBE52AFAC717F22AEC391.d.81062F929FEEDA85270C66E690145260.e.5523","ELEMENT":"f.47FBE749F50BBE52AFAC717F22AEC391.d.81062F929FEEDA85270C66E690145260.e.5523"}]}
RESULT: {"script":"<script> [8489 bytes]","args":[{"element-6066-11e4-a52e-4f735466cecf":"f.47FBE749F50BBE52AFAC717F22AEC391.d.81062F929FEEDA85270C66E690145260.e.5523","ELEMENT":"f.47FBE749F50BBE52AFAC717F22AEC391.d.81062F929FEEDA85270C66E690145260.e.5523"}]}
COMMAND: GET /session/4782f8729a76edfdb31ae021f37f4e15/element/f.47FBE749F50BBE52AFAC717F22AEC391.d.81062F929FEEDA85270C66E690145260.e.5523/enabled - {}
COMMAND: GET /session/4782f8729a76edfdb31ae021f37f4e15/screenshot - {}
RESULT: {}
COMMAND: POST /session/4782f8729a76edfdb31ae021f37f4e15/execute/sync - {"script":"<script> [8489 bytes]","args":[{"element-6066-11e4-a52e-4f735466cecf":"f.47FBE749F50BBE52AFAC717F22AEC391.d.81062F929FEEDA85270C66E690145260.e.5523","ELEMENT":"f.47FBE749F50BBE52AFAC717F22AEC391.d.81062F929FEEDA85270C66E690145260.e.5523"}]}
COMMAND: GET /session/4782f8729a76edfdb31ae021f37f4e15/screenshot - {}
RESULT: {}
RESULT: {"script":"<script> [8489 bytes]","args":[{"element-6066-11e4-a52e-4f735466cecf":"f.47FBE749F50BBE52AFAC717F22AEC391.d.81062F929FEEDA85270C66E690145260.e.5523","ELEMENT":"f.47FBE749F50BBE52AFAC717F22AEC391.d.81062F929FEEDA85270C66E690145260.e.5523"}]}
COMMAND: POST /session/4782f8729a76edfdb31ae021f37f4e15/execute/sync - {"script":"<script> [5351 bytes]","args":[{"element-6066-11e4-a52e-4f735466cecf":"f.47FBE749F50BBE52AFAC717F22AEC391.d.81062F929FEEDA85270C66E690145260.e.5523","ELEMENT":"f.47FBE749F50BBE52AFAC717F22AEC391.d.81062F929FEEDA85270C66E690145260.e.5523"}]}
COMMAND: GET /session/4782f8729a76edfdb31ae021f37f4e15/screenshot - {}
RESULT: {}
RESULT: {"script":"<script> [5351 bytes]","args":[{"element-6066-11e4-a52e-4f735466cecf":"f.47FBE749F50BBE52AFAC717F22AEC391.d.81062F929FEEDA85270C66E690145260.e.5523","ELEMENT":"f.47FBE749F50BBE52AFAC717F22AEC391.d.81062F929FEEDA85270C66E690145260.e.5523"}]}
COMMAND: GET /session/4782f8729a76edfdb31ae021f37f4e15/screenshot - {}
RESULT: {}
RESULT: {}
COMMAND: POST /session/4782f8729a76edfdb31ae021f37f4e15/element/f.47FBE749F50BBE52AFAC717F22AEC391.d.81062F929FEEDA85270C66E690145260.e.5523/click - {}
RESULT: {}
COMMAND: GET /session/4782f8729a76edfdb31ae021f37f4e15/screenshot - {}
RESULT: {}
COMMAND: POST /session/4782f8729a76edfdb31ae021f37f4e15/execute/async - {"script":"<script> [1562 bytes]","args":[{"selector":{"id":"application-managecontracts-display-component---AddNewContract--projectDescription","interaction":{"idSuffix":"inner"}},"wdio_ui5_key":"applicationmanagecontracts-display-component---AddNewContract--projectDescription"}]}
RESULT: {"script":"<script> [1562 bytes]","args":[{"selector":{"id":"application-managecontracts-display-component---AddNewContract--projectDescription","interaction":{"idSuffix":"inner"}},"wdio_ui5_key":"applicationmanagecontracts-display-component---AddNewContract--projectDescription"}]}
RESULT: undefined
COMMAND: POST /session/4782f8729a76edfdb31ae021f37f4e15/execute/async - {"script":"<script> [776 bytes]","args":[{"enterText":"Intercompany Contract WDIO","selector":{"id":"application-managecontracts-display-component---AddNewContract--projectDescription","interaction":{"idSuffix":"inner"}},"clearTextFirst":true,"interactionType":"ENTER_TEXT"}]}
RESULT: {"script":"<script> [776 bytes]","args":[{"enterText":"Intercompany Contract WDIO","selector":{"id":"application-managecontracts-display-component---AddNewContract--projectDescription","interaction":{"idSuffix":"inner"}},"clearTextFirst":true,"interactionType":"ENTER_TEXT"}]}
COMMAND: POST /session/4782f8729a76edfdb31ae021f37f4e15/element - {"using":"xpath","value":"//input[@id=\"application-managecontracts-display-component---AddNewContract--site-inner\"]"}
RESULT: {"using":"xpath","value":"//input[@id=\"application-managecontracts-display-component---AddNewContract--site-inner\"]"}
COMMAND: POST /session/4782f8729a76edfdb31ae021f37f4e15/element/f.47FBE749F50BBE52AFAC717F22AEC391.d.81062F929FEEDA85270C66E690145260.e.5853/clear - {}
RESULT: {}
COMMAND: POST /session/4782f8729a76edfdb31ae021f37f4e15/element/f.47FBE749F50BBE52AFAC717F22AEC391.d.81062F929FEEDA85270C66E690145260.e.5853/value - {"text":"2047"}
COMMAND: GET /session/4782f8729a76edfdb31ae021f37f4e15/screenshot - {}
RESULT: {"text":"2047"}
COMMAND: GET /session/4782f8729a76edfdb31ae021f37f4e15/screenshot - {}
RESULT: {}
RESULT: {}
COMMAND: POST /session/4782f8729a76edfdb31ae021f37f4e15/element - {"using":"xpath","value":"//li[.//span[text()='2047']]"}
RESULT: {"using":"xpath","value":"//li[.//span[text()='2047']]"}
COMMAND: POST /session/4782f8729a76edfdb31ae021f37f4e15/element/f.47FBE749F50BBE52AFAC717F22AEC391.d.81062F929FEEDA85270C66E690145260.e.5884/click - {}
RESULT: {}
COMMAND: GET /session/4782f8729a76edfdb31ae021f37f4e15/screenshot - {}
RESULT: {}
COMMAND: POST /session/4782f8729a76edfdb31ae021f37f4e15/element - {"using":"xpath","value":"//input[@id=\"application-managecontracts-display-component---AddNewContract--yardId-inner\"]"}
RESULT: {"using":"xpath","value":"//input[@id=\"application-managecontracts-display-component---AddNewContract--yardId-inner\"]"}
COMMAND: GET /session/4782f8729a76edfdb31ae021f37f4e15/element/f.47FBE749F50BBE52AFAC717F22AEC391.d.81062F929FEEDA85270C66E690145260.e.5854/property/value - {}
RESULT: {}
COMMAND: POST /session/4782f8729a76edfdb31ae021f37f4e15/element - {"using":"xpath","value":"//input[@id=\"application-managecontracts-display-component---AddNewContract--customerSelect-inner\"]"}
COMMAND: GET /session/4782f8729a76edfdb31ae021f37f4e15/screenshot - {}
RESULT: {"using":"xpath","value":"//input[@id=\"application-managecontracts-display-component---AddNewContract--customerSelect-inner\"]"}
COMMAND: POST /session/4782f8729a76edfdb31ae021f37f4e15/element/f.47FBE749F50BBE52AFAC717F22AEC391.d.81062F929FEEDA85270C66E690145260.e.5852/clear - {}
RESULT: {}
RESULT: {}
COMMAND: POST /session/4782f8729a76edfdb31ae021f37f4e15/element/f.47FBE749F50BBE52AFAC717F22AEC391.d.81062F929FEEDA85270C66E690145260.e.5852/value - {"text":"1058"}
COMMAND: GET /session/4782f8729a76edfdb31ae021f37f4e15/screenshot - {}
RESULT: {"text":"1058"}
COMMAND: GET /session/4782f8729a76edfdb31ae021f37f4e15/screenshot - {}
RESULT: {}
RESULT: {}
COMMAND: POST /session/4782f8729a76edfdb31ae021f37f4e15/element - {"using":"xpath","value":"//li[.//span[text()='1058']]"}
RESULT: {"using":"xpath","value":"//li[.//span[text()='1058']]"}
COMMAND: POST /session/4782f8729a76edfdb31ae021f37f4e15/element/f.47FBE749F50BBE52AFAC717F22AEC391.d.81062F929FEEDA85270C66E690145260.e.5887/click - {}
RESULT: {}
COMMAND: GET /session/4782f8729a76edfdb31ae021f37f4e15/screenshot - {}
RESULT: {}
COMMAND: POST /session/4782f8729a76edfdb31ae021f37f4e15/element - {"using":"xpath","value":"//button[@data-kt=\"saveButton\"]"}
RESULT: {"using":"xpath","value":"//button[@data-kt=\"saveButton\"]"}
COMMAND: POST /session/4782f8729a76edfdb31ae021f37f4e15/element/f.47FBE749F50BBE52AFAC717F22AEC391.d.81062F929FEEDA85270C66E690145260.e.5877/click - {}
RESULT: {}
COMMAND: GET /session/4782f8729a76edfdb31ae021f37f4e15/screenshot - {}
RESULT: {}
COMMAND: POST /session/4782f8729a76edfdb31ae021f37f4e15/element - {"using":"xpath","value":"//span[contains(@id ,\"contractDetailTitleNoExpanded\")]"}
RESULT: {"using":"xpath","value":"//span[contains(@id ,\"contractDetailTitleNoExpanded\")]"}
COMMAND: POST /session/4782f8729a76edfdb31ae021f37f4e15/elements - {"using":"xpath","value":"//span[contains(@id ,\"contractDetailTitleNoExpanded\")]"}
RESULT: {"using":"xpath","value":"//span[contains(@id ,\"contractDetailTitleNoExpanded\")]"}
COMMAND: POST /session/4782f8729a76edfdb31ae021f37f4e15/execute/sync - {"script":"<script> [56 bytes]","args":[{"element-6066-11e4-a52e-4f735466cecf":"f.47FBE749F50BBE52AFAC717F22AEC391.d.81062F929FEEDA85270C66E690145260.e.5898","ELEMENT":"f.47FBE749F50BBE52AFAC717F22AEC391.d.81062F929FEEDA85270C66E690145260.e.5898"}]}
RESULT: {"script":"<script> [56 bytes]","args":[{"element-6066-11e4-a52e-4f735466cecf":"f.47FBE749F50BBE52AFAC717F22AEC391.d.81062F929FEEDA85270C66E690145260.e.5898","ELEMENT":"f.47FBE749F50BBE52AFAC717F22AEC391.d.81062F929FEEDA85270C66E690145260.e.5898"}]}
COMMAND: GET /session/4782f8729a76edfdb31ae021f37f4e15/screenshot - {}
RESULT: {}
]]></system-out>
    </testcase>
    <testcase classname="chrome.135_0_7049_42.windows.US134625_Set_up_price_condition_-_one_time" name="Should add the material to the contract" time="54.035">
      <system-out><![CDATA[
COMMAND: POST /session/4782f8729a76edfdb31ae021f37f4e15/element - {"using":"xpath","value":"//button[@data-kt=\"contractDetailEditBtnButton\"]"}
RESULT: {"using":"xpath","value":"//button[@data-kt=\"contractDetailEditBtnButton\"]"}
COMMAND: POST /session/4782f8729a76edfdb31ae021f37f4e15/element/f.47FBE749F50BBE52AFAC717F22AEC391.d.81062F929FEEDA85270C66E690145260.e.5901/click - {}
RESULT: {}
COMMAND: GET /session/4782f8729a76edfdb31ae021f37f4e15/screenshot - {}
RESULT: {}
COMMAND: POST /session/4782f8729a76edfdb31ae021f37f4e15/element - {"using":"xpath","value":"(//span[contains(text(), \"Additional Addresses\")])[2]"}
RESULT: {"using":"xpath","value":"(//span[contains(text(), \"Additional Addresses\")])[2]"}
COMMAND: POST /session/4782f8729a76edfdb31ae021f37f4e15/elements - {"using":"xpath","value":"(//span[contains(text(), \"Additional Addresses\")])[2]"}
RESULT: {"using":"xpath","value":"(//span[contains(text(), \"Additional Addresses\")])[2]"}
COMMAND: POST /session/4782f8729a76edfdb31ae021f37f4e15/elements - {"using":"xpath","value":"(//span[contains(text(), \"Additional Addresses\")])[2]"}
RESULT: {"using":"xpath","value":"(//span[contains(text(), \"Additional Addresses\")])[2]"}
COMMAND: POST /session/4782f8729a76edfdb31ae021f37f4e15/element - {"using":"xpath","value":"(//span[contains(text(), \"Additional Addresses\")])[2]"}
RESULT: {"using":"xpath","value":"(//span[contains(text(), \"Additional Addresses\")])[2]"}
COMMAND: POST /session/4782f8729a76edfdb31ae021f37f4e15/element/f.47FBE749F50BBE52AFAC717F22AEC391.d.81062F929FEEDA85270C66E690145260.e.5958/click - {}
RESULT: {}
COMMAND: GET /session/4782f8729a76edfdb31ae021f37f4e15/screenshot - {}
RESULT: {}
COMMAND: POST /session/4782f8729a76edfdb31ae021f37f4e15/element - {"using":"xpath","value":"//button[@data-kt=\"btnAddTableRowOverflowToolbarButton\"]"}
RESULT: {"using":"xpath","value":"//button[@data-kt=\"btnAddTableRowOverflowToolbarButton\"]"}
COMMAND: POST /session/4782f8729a76edfdb31ae021f37f4e15/element/f.47FBE749F50BBE52AFAC717F22AEC391.d.81062F929FEEDA85270C66E690145260.e.5961/click - {}
RESULT: {}
COMMAND: GET /session/4782f8729a76edfdb31ae021f37f4e15/screenshot - {}
RESULT: {}
COMMAND: POST /session/4782f8729a76edfdb31ae021f37f4e15/element - {"using":"xpath","value":"//div[(text() = 'Standard Entry' or . = 'Standard Entry')]"}
RESULT: {"using":"xpath","value":"//div[(text() = 'Standard Entry' or . = 'Standard Entry')]"}
COMMAND: POST /session/4782f8729a76edfdb31ae021f37f4e15/element/f.47FBE749F50BBE52AFAC717F22AEC391.d.81062F929FEEDA85270C66E690145260.e.5962/click - {}
RESULT: {}
COMMAND: GET /session/4782f8729a76edfdb31ae021f37f4e15/screenshot - {}
RESULT: {}
COMMAND: POST /session/4782f8729a76edfdb31ae021f37f4e15/element - {"using":"xpath","value":"//td[6]/div/div/div/span"}
RESULT: {"using":"xpath","value":"//td[6]/div/div/div/span"}
COMMAND: POST /session/4782f8729a76edfdb31ae021f37f4e15/element/f.47FBE749F50BBE52AFAC717F22AEC391.d.81062F929FEEDA85270C66E690145260.e.5974/click - {}
RESULT: {}
COMMAND: GET /session/4782f8729a76edfdb31ae021f37f4e15/screenshot - {}
RESULT: {}
COMMAND: POST /session/4782f8729a76edfdb31ae021f37f4e15/element - {"using":"xpath","value":"(//span[contains(text(), \"Material\")])"}
RESULT: {"using":"xpath","value":"(//span[contains(text(), \"Material\")])"}
COMMAND: POST /session/4782f8729a76edfdb31ae021f37f4e15/element/f.47FBE749F50BBE52AFAC717F22AEC391.d.81062F929FEEDA85270C66E690145260.e.5975/click - {}
RESULT: {}
COMMAND: GET /session/4782f8729a76edfdb31ae021f37f4e15/screenshot - {}
RESULT: {}
COMMAND: POST /session/4782f8729a76edfdb31ae021f37f4e15/element - {"using":"xpath","value":"//td[7]/div/div/input"}
RESULT: {"using":"xpath","value":"//td[7]/div/div/input"}
COMMAND: POST /session/4782f8729a76edfdb31ae021f37f4e15/element/f.47FBE749F50BBE52AFAC717F22AEC391.d.81062F929FEEDA85270C66E690145260.e.5979/clear - {}
RESULT: {}
COMMAND: POST /session/4782f8729a76edfdb31ae021f37f4e15/element/f.47FBE749F50BBE52AFAC717F22AEC391.d.81062F929FEEDA85270C66E690145260.e.5979/value - {"text":"200063"}
COMMAND: GET /session/4782f8729a76edfdb31ae021f37f4e15/screenshot - {}
RESULT: {"text":"200063"}
COMMAND: GET /session/4782f8729a76edfdb31ae021f37f4e15/screenshot - {}
RESULT: {}
RESULT: {}
COMMAND: POST /session/4782f8729a76edfdb31ae021f37f4e15/actions - {"actions":[{"id":"action26","type":"key","parameters":{},"actions":[{"type":"keyDown","value":""},{"type":"pause","duration":10},{"type":"keyUp","value":""}]}]}
RESULT: {"actions":[{"id":"action26","type":"key","parameters":{},"actions":[{"type":"keyDown","value":""},{"type":"pause","duration":10},{"type":"keyUp","value":""}]}]}
COMMAND: GET /session/4782f8729a76edfdb31ae021f37f4e15/screenshot - {}
RESULT: {}
COMMAND: POST /session/4782f8729a76edfdb31ae021f37f4e15/element - {"using":"xpath","value":"(//button[@data-kt=\"saveButton\"])[2]"}
RESULT: {"using":"xpath","value":"(//button[@data-kt=\"saveButton\"])[2]"}
COMMAND: POST /session/4782f8729a76edfdb31ae021f37f4e15/element/f.47FBE749F50BBE52AFAC717F22AEC391.d.81062F929FEEDA85270C66E690145260.e.6002/click - {}
RESULT: {}
COMMAND: GET /session/4782f8729a76edfdb31ae021f37f4e15/screenshot - {}
RESULT: {}
COMMAND: POST /session/4782f8729a76edfdb31ae021f37f4e15/element - {"using":"xpath","value":"//span[contains(@id ,\"contractItemsSmartTable-header-inner\")]"}
RESULT: {"using":"xpath","value":"//span[contains(@id ,\"contractItemsSmartTable-header-inner\")]"}
COMMAND: POST /session/4782f8729a76edfdb31ae021f37f4e15/elements - {"using":"xpath","value":"//span[contains(@id ,\"contractItemsSmartTable-header-inner\")]"}
RESULT: {"using":"xpath","value":"//span[contains(@id ,\"contractItemsSmartTable-header-inner\")]"}
COMMAND: POST /session/4782f8729a76edfdb31ae021f37f4e15/execute/sync - {"script":"<script> [56 bytes]","args":[{"element-6066-11e4-a52e-4f735466cecf":"f.47FBE749F50BBE52AFAC717F22AEC391.d.81062F929FEEDA85270C66E690145260.e.6009","ELEMENT":"f.47FBE749F50BBE52AFAC717F22AEC391.d.81062F929FEEDA85270C66E690145260.e.6009"}]}
RESULT: {"script":"<script> [56 bytes]","args":[{"element-6066-11e4-a52e-4f735466cecf":"f.47FBE749F50BBE52AFAC717F22AEC391.d.81062F929FEEDA85270C66E690145260.e.6009","ELEMENT":"f.47FBE749F50BBE52AFAC717F22AEC391.d.81062F929FEEDA85270C66E690145260.e.6009"}]}
]]></system-out>
    </testcase>
    <testcase classname="chrome.135_0_7049_42.windows.US134625_Set_up_price_condition_-_one_time" name="Should verify the bill item creation and pricing condition" time="12.266">
      <system-out><![CDATA[
COMMAND: POST /session/4782f8729a76edfdb31ae021f37f4e15/execute/async - {"script":"<script> [1562 bytes]","args":[{"selector":{"controlType":"sap.ui.core.Icon","viewName":"etm.portal.ui.managecontracts.view.Detail","properties":{"src":{"regex":{"source":"slim\\-arrow\\-right"}}}},"wdio_ui5_key":"etmportal.ui.managecontracts.view.Detailsap.ui.core.Icon{\"src\":{\"regex\":{\"source\":\"slim\\\\-arrow\\\\-right\"}}}"}]}
COMMAND: GET /session/4782f8729a76edfdb31ae021f37f4e15/screenshot - {}
RESULT: {"script":"<script> [1562 bytes]","args":[{"selector":{"controlType":"sap.ui.core.Icon","viewName":"etm.portal.ui.managecontracts.view.Detail","properties":{"src":{"regex":{"source":"slim\\-arrow\\-right"}}}},"wdio_ui5_key":"etmportal.ui.managecontracts.view.Detailsap.ui.core.Icon{\"src\":{\"regex\":{\"source\":\"slim\\\\-arrow\\\\-right\"}}}"}]}
RESULT: undefined
COMMAND: POST /session/4782f8729a76edfdb31ae021f37f4e15/element - {"using":"xpath","value":"//*[@id=\"__item806-__clone1888-imgNav\"]"}
RESULT: {}
RESULT: {"using":"xpath","value":"//*[@id=\"__item806-__clone1888-imgNav\"]"}
COMMAND: POST /session/4782f8729a76edfdb31ae021f37f4e15/element/f.47FBE749F50BBE52AFAC717F22AEC391.d.81062F929FEEDA85270C66E690145260.e.6010/click - {}
RESULT: {}
COMMAND: GET /session/4782f8729a76edfdb31ae021f37f4e15/screenshot - {}
COMMAND: POST /session/4782f8729a76edfdb31ae021f37f4e15/execute/async - {"script":"<script> [1562 bytes]","args":[{"selector":{"controlType":"sap.m.Text","viewName":"etm.portal.ui.managecontracts.view.BillingItem","viewId":"application-managecontracts-display-component---BillingItem","bindingPath":{"propertyPath":"LINK_TO_C_BILL_TYPES/DESCRIPTION"}},"wdio_ui5_key":"etmportal.ui.managecontracts.view.BillingItemsap.m.Text{\"propertyPath\":\"LINK_TO_C_BILL_TYPES/DESCRIPTION\"}"}]}
RESULT: {}
RESULT: {"script":"<script> [1562 bytes]","args":[{"selector":{"controlType":"sap.m.Text","viewName":"etm.portal.ui.managecontracts.view.BillingItem","viewId":"application-managecontracts-display-component---BillingItem","bindingPath":{"propertyPath":"LINK_TO_C_BILL_TYPES/DESCRIPTION"}},"wdio_ui5_key":"etmportal.ui.managecontracts.view.BillingItemsap.m.Text{\"propertyPath\":\"LINK_TO_C_BILL_TYPES/DESCRIPTION\"}"}]}
RESULT: undefined
COMMAND: POST /session/4782f8729a76edfdb31ae021f37f4e15/execute/async - {"script":"<script> [6424 bytes]","args":[{"element-6066-11e4-a52e-4f735466cecf":"f.47FBE749F50BBE52AFAC717F22AEC391.d.81062F929FEEDA85270C66E690145260.e.6052"},"getText",[]]}
RESULT: {"script":"<script> [6424 bytes]","args":[{"element-6066-11e4-a52e-4f735466cecf":"f.47FBE749F50BBE52AFAC717F22AEC391.d.81062F929FEEDA85270C66E690145260.e.6052"},"getText",[]]}
COMMAND: POST /session/4782f8729a76edfdb31ae021f37f4e15/execute/async - {"script":"<script> [1562 bytes]","args":[{"selector":{"controlType":"sap.m.ObjectNumber","viewName":"etm.portal.ui.managecontracts.view.BillingItem","viewId":"application-managecontracts-display-component---BillingItem","bindingPath":{"propertyPath":"BASE_PRICE"}},"wdio_ui5_key":"etmportal.ui.managecontracts.view.BillingItemsap.m.ObjectNumber{\"propertyPath\":\"BASE_PRICE\"}"}]}
RESULT: {"script":"<script> [1562 bytes]","args":[{"selector":{"controlType":"sap.m.ObjectNumber","viewName":"etm.portal.ui.managecontracts.view.BillingItem","viewId":"application-managecontracts-display-component---BillingItem","bindingPath":{"propertyPath":"BASE_PRICE"}},"wdio_ui5_key":"etmportal.ui.managecontracts.view.BillingItemsap.m.ObjectNumber{\"propertyPath\":\"BASE_PRICE\"}"}]}
RESULT: undefined
COMMAND: POST /session/4782f8729a76edfdb31ae021f37f4e15/execute/async - {"script":"<script> [6424 bytes]","args":[{"element-6066-11e4-a52e-4f735466cecf":"f.47FBE749F50BBE52AFAC717F22AEC391.d.81062F929FEEDA85270C66E690145260.e.6053"},"getNumber",[]]}
RESULT: {"script":"<script> [6424 bytes]","args":[{"element-6066-11e4-a52e-4f735466cecf":"f.47FBE749F50BBE52AFAC717F22AEC391.d.81062F929FEEDA85270C66E690145260.e.6053"},"getNumber",[]]}
COMMAND: POST /session/4782f8729a76edfdb31ae021f37f4e15/execute/async - {"script":"<script> [1562 bytes]","args":[{"selector":{"controlType":"sap.m.ObjectNumber","viewName":"etm.portal.ui.managecontracts.view.BillingItem","viewId":"application-managecontracts-display-component---BillingItem","bindingPath":{"propertyPath":"BASE_QUANTITY"}},"wdio_ui5_key":"etmportal.ui.managecontracts.view.BillingItemsap.m.ObjectNumber{\"propertyPath\":\"BASE_QUANTITY\"}"}]}
RESULT: {"script":"<script> [1562 bytes]","args":[{"selector":{"controlType":"sap.m.ObjectNumber","viewName":"etm.portal.ui.managecontracts.view.BillingItem","viewId":"application-managecontracts-display-component---BillingItem","bindingPath":{"propertyPath":"BASE_QUANTITY"}},"wdio_ui5_key":"etmportal.ui.managecontracts.view.BillingItemsap.m.ObjectNumber{\"propertyPath\":\"BASE_QUANTITY\"}"}]}
RESULT: undefined
COMMAND: POST /session/4782f8729a76edfdb31ae021f37f4e15/execute/async - {"script":"<script> [6424 bytes]","args":[{"element-6066-11e4-a52e-4f735466cecf":"f.47FBE749F50BBE52AFAC717F22AEC391.d.81062F929FEEDA85270C66E690145260.e.6054"},"getNumber",[]]}
RESULT: {"script":"<script> [6424 bytes]","args":[{"element-6066-11e4-a52e-4f735466cecf":"f.47FBE749F50BBE52AFAC717F22AEC391.d.81062F929FEEDA85270C66E690145260.e.6054"},"getNumber",[]]}
COMMAND: DELETE /session/4782f8729a76edfdb31ae021f37f4e15 - {}
RESULT: {}
]]></system-out>
    </testcase>
  </testsuite>
</testsuites>