<?xml version="1.0" encoding="UTF-8"?>
<testsuites tests="21" failures="0" errors="0" skipped="0">
  <testsuite timestamp="2025-06-04T05:22:30" time="436.562" tests="3" failures="0" errors="0" skipped="0">
    <properties>
      <property name="specId" value="0" />
      <property name="suiteName" value="Create condition pricing US117289 US134625" />
      <property name="capabilities" value="chrome.136_0_7103_93.windows" />
      <property name="file" value="file:///D:/a/1/s/test/specs/BTS/create-condition-pricing.spec.js" />
    </properties>
    <testcase classname="chrome.136_0_7103_93.windows.Create_condition_pricing_US117289_US134625" name="Should create a new yard used for all following tests" time="142.913">
      <system-out><![CDATA[
COMMAND: POST /session/93250f96accc2e6fd098c611002cad19/window/fullscreen - {}
RESULT: {}
COMMAND: POST /session/93250f96accc2e6fd098c611002cad19/execute/async - {"script":"<script> [1562 bytes]","args":[{"selector":{"controlType":"sap.m.GenericTile","properties":{"header":"Manage Yards"}},"wdio_ui5_key":"sapm.GenericTile{\"header\":\"Manage Yards\"}"}]}
RESULT: {"script":"<script> [1562 bytes]","args":[{"selector":{"controlType":"sap.m.GenericTile","properties":{"header":"Manage Yards"}},"wdio_ui5_key":"sapm.GenericTile{\"header\":\"Manage Yards\"}"}]}
RESULT: undefined
COMMAND: POST /session/93250f96accc2e6fd098c611002cad19/element - {"using":"xpath","value":"//*[@id=\"__tile41\"]"}
RESULT: {"using":"xpath","value":"//*[@id=\"__tile41\"]"}
COMMAND: POST /session/93250f96accc2e6fd098c611002cad19/element/f.8FBEE169B4A1F4A008E4BE6459EA698B.d.1AE5A6265DAA1A911411F828EB6BE978.e.149/click - {}
RESULT: {}
COMMAND: GET /session/93250f96accc2e6fd098c611002cad19/screenshot - {}
RESULT: {}
COMMAND: POST /session/93250f96accc2e6fd098c611002cad19/elements - {"using":"xpath","value":"//span[text()='Error']"}
RESULT: {"using":"xpath","value":"//span[text()='Error']"}
COMMAND: POST /session/93250f96accc2e6fd098c611002cad19/element - {"using":"xpath","value":"//button[@data-kt=\"addNewYardOverflowToolbarButton\"]"}
RESULT: {"using":"xpath","value":"//button[@data-kt=\"addNewYardOverflowToolbarButton\"]"}
COMMAND: POST /session/93250f96accc2e6fd098c611002cad19/elements - {"using":"xpath","value":"//button[@data-kt=\"addNewYardOverflowToolbarButton\"]"}
RESULT: {"using":"xpath","value":"//button[@data-kt=\"addNewYardOverflowToolbarButton\"]"}
COMMAND: POST /session/93250f96accc2e6fd098c611002cad19/elements - {"using":"xpath","value":"//button[@data-kt=\"addNewYardOverflowToolbarButton\"]"}
RESULT: {"using":"xpath","value":"//button[@data-kt=\"addNewYardOverflowToolbarButton\"]"}
COMMAND: POST /session/93250f96accc2e6fd098c611002cad19/element - {"using":"xpath","value":"//button[@data-kt=\"addNewYardOverflowToolbarButton\"]"}
RESULT: {"using":"xpath","value":"//button[@data-kt=\"addNewYardOverflowToolbarButton\"]"}
COMMAND: POST /session/93250f96accc2e6fd098c611002cad19/execute/sync - {"script":"<script> [8489 bytes]","args":[{"element-6066-11e4-a52e-4f735466cecf":"f.8FBEE169B4A1F4A008E4BE6459EA698B.d.1AE5A6265DAA1A911411F828EB6BE978.e.282","ELEMENT":"f.8FBEE169B4A1F4A008E4BE6459EA698B.d.1AE5A6265DAA1A911411F828EB6BE978.e.282"}]}
RESULT: {"script":"<script> [8489 bytes]","args":[{"element-6066-11e4-a52e-4f735466cecf":"f.8FBEE169B4A1F4A008E4BE6459EA698B.d.1AE5A6265DAA1A911411F828EB6BE978.e.282","ELEMENT":"f.8FBEE169B4A1F4A008E4BE6459EA698B.d.1AE5A6265DAA1A911411F828EB6BE978.e.282"}]}
COMMAND: GET /session/93250f96accc2e6fd098c611002cad19/element/f.8FBEE169B4A1F4A008E4BE6459EA698B.d.1AE5A6265DAA1A911411F828EB6BE978.e.282/enabled - {}
COMMAND: GET /session/93250f96accc2e6fd098c611002cad19/screenshot - {}
RESULT: {}
COMMAND: POST /session/93250f96accc2e6fd098c611002cad19/execute/sync - {"script":"<script> [8489 bytes]","args":[{"element-6066-11e4-a52e-4f735466cecf":"f.8FBEE169B4A1F4A008E4BE6459EA698B.d.1AE5A6265DAA1A911411F828EB6BE978.e.282","ELEMENT":"f.8FBEE169B4A1F4A008E4BE6459EA698B.d.1AE5A6265DAA1A911411F828EB6BE978.e.282"}]}
COMMAND: GET /session/93250f96accc2e6fd098c611002cad19/screenshot - {}
RESULT: {}
RESULT: {"script":"<script> [8489 bytes]","args":[{"element-6066-11e4-a52e-4f735466cecf":"f.8FBEE169B4A1F4A008E4BE6459EA698B.d.1AE5A6265DAA1A911411F828EB6BE978.e.282","ELEMENT":"f.8FBEE169B4A1F4A008E4BE6459EA698B.d.1AE5A6265DAA1A911411F828EB6BE978.e.282"}]}
COMMAND: POST /session/93250f96accc2e6fd098c611002cad19/execute/sync - {"script":"<script> [5351 bytes]","args":[{"element-6066-11e4-a52e-4f735466cecf":"f.8FBEE169B4A1F4A008E4BE6459EA698B.d.1AE5A6265DAA1A911411F828EB6BE978.e.282","ELEMENT":"f.8FBEE169B4A1F4A008E4BE6459EA698B.d.1AE5A6265DAA1A911411F828EB6BE978.e.282"}]}
COMMAND: GET /session/93250f96accc2e6fd098c611002cad19/screenshot - {}
RESULT: {}
RESULT: {"script":"<script> [5351 bytes]","args":[{"element-6066-11e4-a52e-4f735466cecf":"f.8FBEE169B4A1F4A008E4BE6459EA698B.d.1AE5A6265DAA1A911411F828EB6BE978.e.282","ELEMENT":"f.8FBEE169B4A1F4A008E4BE6459EA698B.d.1AE5A6265DAA1A911411F828EB6BE978.e.282"}]}
COMMAND: POST /session/93250f96accc2e6fd098c611002cad19/element/f.8FBEE169B4A1F4A008E4BE6459EA698B.d.1AE5A6265DAA1A911411F828EB6BE978.e.282/click - {}
COMMAND: GET /session/93250f96accc2e6fd098c611002cad19/screenshot - {}
RESULT: {}
RESULT: {}
COMMAND: GET /session/93250f96accc2e6fd098c611002cad19/screenshot - {}
COMMAND: POST /session/93250f96accc2e6fd098c611002cad19/element - {"using":"xpath","value":"//input[@id=\"application-manageyards-display-component---NewYard--yardId-inner\"]"}
RESULT: {}
RESULT: {}
RESULT: {"using":"xpath","value":"//input[@id=\"application-manageyards-display-component---NewYard--yardId-inner\"]"}
COMMAND: POST /session/93250f96accc2e6fd098c611002cad19/element - {"using":"xpath","value":"//input[@id=\"application-manageyards-display-component---NewYard--yardId-inner\"]"}
RESULT: {"using":"xpath","value":"//input[@id=\"application-manageyards-display-component---NewYard--yardId-inner\"]"}
COMMAND: POST /session/93250f96accc2e6fd098c611002cad19/execute/async - {"script":"<script> [1562 bytes]","args":[{"selector":{"id":"application-manageyards-display-component---NewYard--addressDetailDetailsName1","interaction":{"idSuffix":"inner"}},"wdio_ui5_key":"applicationmanageyards-display-component---NewYard--addressDetailDetailsName1"}]}
RESULT: {"script":"<script> [1562 bytes]","args":[{"selector":{"id":"application-manageyards-display-component---NewYard--addressDetailDetailsName1","interaction":{"idSuffix":"inner"}},"wdio_ui5_key":"applicationmanageyards-display-component---NewYard--addressDetailDetailsName1"}]}
RESULT: undefined
COMMAND: POST /session/93250f96accc2e6fd098c611002cad19/execute/async - {"script":"<script> [776 bytes]","args":[{"enterText":"DailyPrice WDIO","selector":{"id":"application-manageyards-display-component---NewYard--addressDetailDetailsName1","interaction":{"idSuffix":"inner"}},"clearTextFirst":true,"interactionType":"ENTER_TEXT"}]}
RESULT: {"script":"<script> [776 bytes]","args":[{"enterText":"DailyPrice WDIO","selector":{"id":"application-manageyards-display-component---NewYard--addressDetailDetailsName1","interaction":{"idSuffix":"inner"}},"clearTextFirst":true,"interactionType":"ENTER_TEXT"}]}
COMMAND: POST /session/93250f96accc2e6fd098c611002cad19/execute/async - {"script":"<script> [1562 bytes]","args":[{"selector":{"id":"application-manageyards-display-component---NewYard--addressDetailDetailsLanguage-arrow"},"wdio_ui5_key":"applicationmanageyards-display-component---NewYard--addressDetailDetailsLanguage-arrow"}]}
RESULT: {"script":"<script> [1562 bytes]","args":[{"selector":{"id":"application-manageyards-display-component---NewYard--addressDetailDetailsLanguage-arrow"},"wdio_ui5_key":"applicationmanageyards-display-component---NewYard--addressDetailDetailsLanguage-arrow"}]}
RESULT: undefined
COMMAND: POST /session/93250f96accc2e6fd098c611002cad19/element - {"using":"xpath","value":"//*[@id=\"application-manageyards-display-component---NewYard--addressDetailDetailsLanguage-arrow\"]"}
RESULT: {"using":"xpath","value":"//*[@id=\"application-manageyards-display-component---NewYard--addressDetailDetailsLanguage-arrow\"]"}
COMMAND: POST /session/93250f96accc2e6fd098c611002cad19/element/f.8FBEE169B4A1F4A008E4BE6459EA698B.d.1AE5A6265DAA1A911411F828EB6BE978.e.711/click - {}
RESULT: {}
COMMAND: POST /session/93250f96accc2e6fd098c611002cad19/element - {"using":"xpath","value":"//span[contains(text(), \"English\")]"}
COMMAND: GET /session/93250f96accc2e6fd098c611002cad19/screenshot - {}
RESULT: {"using":"xpath","value":"//span[contains(text(), \"English\")]"}
COMMAND: POST /session/93250f96accc2e6fd098c611002cad19/element/f.8FBEE169B4A1F4A008E4BE6459EA698B.d.1AE5A6265DAA1A911411F828EB6BE978.e.712/click - {}
RESULT: {}
RESULT: {}
COMMAND: POST /session/93250f96accc2e6fd098c611002cad19/execute/async - {"script":"<script> [1562 bytes]","args":[{"selector":{"id":"application-manageyards-display-component---NewYard--addressDetailDetailsCity1","interaction":{"idSuffix":"inner"}},"wdio_ui5_key":"applicationmanageyards-display-component---NewYard--addressDetailDetailsCity1"}]}
COMMAND: GET /session/93250f96accc2e6fd098c611002cad19/screenshot - {}
RESULT: {"script":"<script> [1562 bytes]","args":[{"selector":{"id":"application-manageyards-display-component---NewYard--addressDetailDetailsCity1","interaction":{"idSuffix":"inner"}},"wdio_ui5_key":"applicationmanageyards-display-component---NewYard--addressDetailDetailsCity1"}]}
RESULT: undefined
COMMAND: POST /session/93250f96accc2e6fd098c611002cad19/execute/async - {"script":"<script> [776 bytes]","args":[{"enterText":"Rosario","selector":{"id":"application-manageyards-display-component---NewYard--addressDetailDetailsCity1","interaction":{"idSuffix":"inner"}},"clearTextFirst":true,"interactionType":"ENTER_TEXT"}]}
RESULT: {}
RESULT: {"script":"<script> [776 bytes]","args":[{"enterText":"Rosario","selector":{"id":"application-manageyards-display-component---NewYard--addressDetailDetailsCity1","interaction":{"idSuffix":"inner"}},"clearTextFirst":true,"interactionType":"ENTER_TEXT"}]}
COMMAND: POST /session/93250f96accc2e6fd098c611002cad19/execute/async - {"script":"<script> [1562 bytes]","args":[{"selector":{"id":"application-manageyards-display-component---NewYard--addressDetailDetailsCountry-arrow"},"wdio_ui5_key":"applicationmanageyards-display-component---NewYard--addressDetailDetailsCountry-arrow"}]}
RESULT: {"script":"<script> [1562 bytes]","args":[{"selector":{"id":"application-manageyards-display-component---NewYard--addressDetailDetailsCountry-arrow"},"wdio_ui5_key":"applicationmanageyards-display-component---NewYard--addressDetailDetailsCountry-arrow"}]}
RESULT: undefined
COMMAND: POST /session/93250f96accc2e6fd098c611002cad19/element - {"using":"xpath","value":"//*[@id=\"application-manageyards-display-component---NewYard--addressDetailDetailsCountry-arrow\"]"}
RESULT: {"using":"xpath","value":"//*[@id=\"application-manageyards-display-component---NewYard--addressDetailDetailsCountry-arrow\"]"}
COMMAND: POST /session/93250f96accc2e6fd098c611002cad19/element/f.8FBEE169B4A1F4A008E4BE6459EA698B.d.1AE5A6265DAA1A911411F828EB6BE978.e.714/click - {}
RESULT: {}
COMMAND: POST /session/93250f96accc2e6fd098c611002cad19/element - {"using":"xpath","value":"//span[contains(text(), \"Argentina\")]"}
COMMAND: GET /session/93250f96accc2e6fd098c611002cad19/screenshot - {}
RESULT: {"using":"xpath","value":"//span[contains(text(), \"Argentina\")]"}
COMMAND: POST /session/93250f96accc2e6fd098c611002cad19/element/f.8FBEE169B4A1F4A008E4BE6459EA698B.d.1AE5A6265DAA1A911411F828EB6BE978.e.716/click - {}
RESULT: {}
RESULT: {}
COMMAND: POST /session/93250f96accc2e6fd098c611002cad19/execute/async - {"script":"<script> [1562 bytes]","args":[{"selector":{"id":"application-manageyards-display-component---NewYard--addressEditDetailsCostObjectCstType-arrow"},"wdio_ui5_key":"applicationmanageyards-display-component---NewYard--addressEditDetailsCostObjectCstType-arrow"}]}
COMMAND: GET /session/93250f96accc2e6fd098c611002cad19/screenshot - {}
RESULT: {"script":"<script> [1562 bytes]","args":[{"selector":{"id":"application-manageyards-display-component---NewYard--addressEditDetailsCostObjectCstType-arrow"},"wdio_ui5_key":"applicationmanageyards-display-component---NewYard--addressEditDetailsCostObjectCstType-arrow"}]}
RESULT: undefined
COMMAND: POST /session/93250f96accc2e6fd098c611002cad19/element - {"using":"xpath","value":"//*[@id=\"application-manageyards-display-component---NewYard--addressEditDetailsCostObjectCstType-arrow\"]"}
RESULT: {}
RESULT: {"using":"xpath","value":"//*[@id=\"application-manageyards-display-component---NewYard--addressEditDetailsCostObjectCstType-arrow\"]"}
COMMAND: POST /session/93250f96accc2e6fd098c611002cad19/element/f.8FBEE169B4A1F4A008E4BE6459EA698B.d.1AE5A6265DAA1A911411F828EB6BE978.e.717/click - {}
RESULT: {}
COMMAND: POST /session/93250f96accc2e6fd098c611002cad19/element - {"using":"xpath","value":"//span[contains(text(), \"Cost Center\")]"}
COMMAND: GET /session/93250f96accc2e6fd098c611002cad19/screenshot - {}
RESULT: {"using":"xpath","value":"//span[contains(text(), \"Cost Center\")]"}
COMMAND: POST /session/93250f96accc2e6fd098c611002cad19/element/f.8FBEE169B4A1F4A008E4BE6459EA698B.d.1AE5A6265DAA1A911411F828EB6BE978.e.718/click - {}
RESULT: {}
RESULT: {}
COMMAND: GET /session/93250f96accc2e6fd098c611002cad19/screenshot - {}
RESULT: {}
COMMAND: POST /session/93250f96accc2e6fd098c611002cad19/element - {"using":"xpath","value":"//span[@id=\"application-manageyards-display-component---NewYard--addressNewCostObjectCstID-vhi\"]"}
RESULT: {"using":"xpath","value":"//span[@id=\"application-manageyards-display-component---NewYard--addressNewCostObjectCstID-vhi\"]"}
COMMAND: POST /session/93250f96accc2e6fd098c611002cad19/execute/sync - {"script":"<script> [8489 bytes]","args":[{"element-6066-11e4-a52e-4f735466cecf":"f.8FBEE169B4A1F4A008E4BE6459EA698B.d.1AE5A6265DAA1A911411F828EB6BE978.e.722","ELEMENT":"f.8FBEE169B4A1F4A008E4BE6459EA698B.d.1AE5A6265DAA1A911411F828EB6BE978.e.722"}]}
RESULT: {"script":"<script> [8489 bytes]","args":[{"element-6066-11e4-a52e-4f735466cecf":"f.8FBEE169B4A1F4A008E4BE6459EA698B.d.1AE5A6265DAA1A911411F828EB6BE978.e.722","ELEMENT":"f.8FBEE169B4A1F4A008E4BE6459EA698B.d.1AE5A6265DAA1A911411F828EB6BE978.e.722"}]}
COMMAND: POST /session/93250f96accc2e6fd098c611002cad19/execute/async - {"script":"<script> [1562 bytes]","args":[{"selector":{"id":"application-manageyards-display-component---NewYard--addressNewCostObjectCstID-vhi"},"wdio_ui5_key":"applicationmanageyards-display-component---NewYard--addressNewCostObjectCstID-vhi"}]}
COMMAND: GET /session/93250f96accc2e6fd098c611002cad19/screenshot - {}
RESULT: {"script":"<script> [1562 bytes]","args":[{"selector":{"id":"application-manageyards-display-component---NewYard--addressNewCostObjectCstID-vhi"},"wdio_ui5_key":"applicationmanageyards-display-component---NewYard--addressNewCostObjectCstID-vhi"}]}
RESULT: undefined
COMMAND: POST /session/93250f96accc2e6fd098c611002cad19/element - {"using":"xpath","value":"//*[@id=\"application-manageyards-display-component---NewYard--addressNewCostObjectCstID-vhi\"]"}
RESULT: {}
RESULT: {"using":"xpath","value":"//*[@id=\"application-manageyards-display-component---NewYard--addressNewCostObjectCstID-vhi\"]"}
COMMAND: POST /session/93250f96accc2e6fd098c611002cad19/element/f.8FBEE169B4A1F4A008E4BE6459EA698B.d.1AE5A6265DAA1A911411F828EB6BE978.e.722/click - {}
RESULT: {}
COMMAND: GET /session/93250f96accc2e6fd098c611002cad19/screenshot - {}
RESULT: {}
COMMAND: POST /session/93250f96accc2e6fd098c611002cad19/execute/async - {"script":"<script> [1562 bytes]","args":[{"selector":{"controlType":"sap.m.SearchField","properties":{"placeholder":"Search"},"searchOpenDialogs":true,"interaction":{"idSuffix":"I"}},"wdio_ui5_key":"sapm.SearchField{\"placeholder\":\"Search\"}"}]}
RESULT: {"script":"<script> [1562 bytes]","args":[{"selector":{"controlType":"sap.m.SearchField","properties":{"placeholder":"Search"},"searchOpenDialogs":true,"interaction":{"idSuffix":"I"}},"wdio_ui5_key":"sapm.SearchField{\"placeholder\":\"Search\"}"}]}
RESULT: undefined
COMMAND: POST /session/93250f96accc2e6fd098c611002cad19/execute/async - {"script":"<script> [776 bytes]","args":[{"enterText":"bauh_b","selector":{"controlType":"sap.m.SearchField","properties":{"placeholder":"Search"},"searchOpenDialogs":true,"interaction":{"idSuffix":"I"}},"clearTextFirst":true,"interactionType":"ENTER_TEXT"}]}
RESULT: {"script":"<script> [776 bytes]","args":[{"enterText":"bauh_b","selector":{"controlType":"sap.m.SearchField","properties":{"placeholder":"Search"},"searchOpenDialogs":true,"interaction":{"idSuffix":"I"}},"clearTextFirst":true,"interactionType":"ENTER_TEXT"}]}
COMMAND: POST /session/93250f96accc2e6fd098c611002cad19/actions - {"actions":[{"id":"action1","type":"key","parameters":{},"actions":[{"type":"keyDown","value":"î€‡"},{"type":"pause","duration":10},{"type":"keyUp","value":"î€‡"}]}]}
RESULT: {"actions":[{"id":"action1","type":"key","parameters":{},"actions":[{"type":"keyDown","value":"î€‡"},{"type":"pause","duration":10},{"type":"keyUp","value":"î€‡"}]}]}
COMMAND: GET /session/93250f96accc2e6fd098c611002cad19/screenshot - {}
RESULT: {}
COMMAND: POST /session/93250f96accc2e6fd098c611002cad19/element - {"using":"xpath","value":"//span[contains(text(), \"Demo Yard\")]"}
RESULT: {"using":"xpath","value":"//span[contains(text(), \"Demo Yard\")]"}
COMMAND: POST /session/93250f96accc2e6fd098c611002cad19/element/f.8FBEE169B4A1F4A008E4BE6459EA698B.d.1AE5A6265DAA1A911411F828EB6BE978.e.765/click - {}
RESULT: {}
COMMAND: GET /session/93250f96accc2e6fd098c611002cad19/screenshot - {}
RESULT: {}
COMMAND: POST /session/93250f96accc2e6fd098c611002cad19/element - {"using":"xpath","value":"//bdi[contains(text(), \"OK\")]"}
RESULT: {"using":"xpath","value":"//bdi[contains(text(), \"OK\")]"}
COMMAND: POST /session/93250f96accc2e6fd098c611002cad19/element/f.8FBEE169B4A1F4A008E4BE6459EA698B.d.1AE5A6265DAA1A911411F828EB6BE978.e.766/click - {}
RESULT: {}
COMMAND: GET /session/93250f96accc2e6fd098c611002cad19/screenshot - {}
RESULT: {}
COMMAND: POST /session/93250f96accc2e6fd098c611002cad19/execute/async - {"script":"<script> [1562 bytes]","args":[{"selector":{"id":"application-manageyards-display-component---NewYard--addressEditDetailsCurrency-arrow"},"wdio_ui5_key":"applicationmanageyards-display-component---NewYard--addressEditDetailsCurrency-arrow"}]}
RESULT: {"script":"<script> [1562 bytes]","args":[{"selector":{"id":"application-manageyards-display-component---NewYard--addressEditDetailsCurrency-arrow"},"wdio_ui5_key":"applicationmanageyards-display-component---NewYard--addressEditDetailsCurrency-arrow"}]}
RESULT: undefined
COMMAND: POST /session/93250f96accc2e6fd098c611002cad19/element - {"using":"xpath","value":"//*[@id=\"application-manageyards-display-component---NewYard--addressEditDetailsCurrency-arrow\"]"}
RESULT: {"using":"xpath","value":"//*[@id=\"application-manageyards-display-component---NewYard--addressEditDetailsCurrency-arrow\"]"}
COMMAND: POST /session/93250f96accc2e6fd098c611002cad19/element/f.8FBEE169B4A1F4A008E4BE6459EA698B.d.1AE5A6265DAA1A911411F828EB6BE978.e.769/click - {}
RESULT: {}
COMMAND: POST /session/93250f96accc2e6fd098c611002cad19/element - {"using":"xpath","value":"//span[contains(text(), \"Euro\")]"}
COMMAND: GET /session/93250f96accc2e6fd098c611002cad19/screenshot - {}
RESULT: {"using":"xpath","value":"//span[contains(text(), \"Euro\")]"}
COMMAND: POST /session/93250f96accc2e6fd098c611002cad19/element/f.8FBEE169B4A1F4A008E4BE6459EA698B.d.1AE5A6265DAA1A911411F828EB6BE978.e.770/click - {}
RESULT: {}
RESULT: {}
COMMAND: POST /session/93250f96accc2e6fd098c611002cad19/execute/async - {"script":"<script> [1562 bytes]","args":[{"selector":{"controlType":"sap.m.Input","viewName":"etm.portal.ui.manageyards.view.New","viewId":"application-manageyards-display-component---NewYard","bindingPath":{"path":"","propertyPath":"/CONTROLLING_AREA","modelName":"NewYardModel"},"interaction":{"idSuffix":"inner"}},"wdio_ui5_key":"etmportal.ui.manageyards.view.Newsap.m.Input{\"path\":\"\",\"propertyPath\":\"/CONTROLLING_AREA\",\"modelName\":\"NewYardModel\"}"}]}
COMMAND: GET /session/93250f96accc2e6fd098c611002cad19/screenshot - {}
RESULT: {"script":"<script> [1562 bytes]","args":[{"selector":{"controlType":"sap.m.Input","viewName":"etm.portal.ui.manageyards.view.New","viewId":"application-manageyards-display-component---NewYard","bindingPath":{"path":"","propertyPath":"/CONTROLLING_AREA","modelName":"NewYardModel"},"interaction":{"idSuffix":"inner"}},"wdio_ui5_key":"etmportal.ui.manageyards.view.Newsap.m.Input{\"path\":\"\",\"propertyPath\":\"/CONTROLLING_AREA\",\"modelName\":\"NewYardModel\"}"}]}
RESULT: undefined
COMMAND: POST /session/93250f96accc2e6fd098c611002cad19/execute/async - {"script":"<script> [776 bytes]","args":[{"enterText":"Z001","selector":{"controlType":"sap.m.Input","viewName":"etm.portal.ui.manageyards.view.New","viewId":"application-manageyards-display-component---NewYard","bindingPath":{"path":"","propertyPath":"/CONTROLLING_AREA","modelName":"NewYardModel"},"interaction":{"idSuffix":"inner"}},"clearTextFirst":true,"interactionType":"ENTER_TEXT"}]}
RESULT: {}
RESULT: {"script":"<script> [776 bytes]","args":[{"enterText":"Z001","selector":{"controlType":"sap.m.Input","viewName":"etm.portal.ui.manageyards.view.New","viewId":"application-manageyards-display-component---NewYard","bindingPath":{"path":"","propertyPath":"/CONTROLLING_AREA","modelName":"NewYardModel"},"interaction":{"idSuffix":"inner"}},"clearTextFirst":true,"interactionType":"ENTER_TEXT"}]}
COMMAND: POST /session/93250f96accc2e6fd098c611002cad19/execute/async - {"script":"<script> [1562 bytes]","args":[{"selector":{"id":"application-manageyards-display-component---NewYard--companyCodeComboBox","interaction":{"idSuffix":"inner"}},"wdio_ui5_key":"applicationmanageyards-display-component---NewYard--companyCodeComboBox"}]}
RESULT: {"script":"<script> [1562 bytes]","args":[{"selector":{"id":"application-manageyards-display-component---NewYard--companyCodeComboBox","interaction":{"idSuffix":"inner"}},"wdio_ui5_key":"applicationmanageyards-display-component---NewYard--companyCodeComboBox"}]}
RESULT: undefined
COMMAND: POST /session/93250f96accc2e6fd098c611002cad19/execute/async - {"script":"<script> [776 bytes]","args":[{"enterText":"1000","selector":{"id":"application-manageyards-display-component---NewYard--companyCodeComboBox","interaction":{"idSuffix":"inner"}},"clearTextFirst":true,"interactionType":"ENTER_TEXT"}]}
RESULT: {"script":"<script> [776 bytes]","args":[{"enterText":"1000","selector":{"id":"application-manageyards-display-component---NewYard--companyCodeComboBox","interaction":{"idSuffix":"inner"}},"clearTextFirst":true,"interactionType":"ENTER_TEXT"}]}
COMMAND: POST /session/93250f96accc2e6fd098c611002cad19/execute/async - {"script":"<script> [1562 bytes]","args":[{"selector":{"controlType":"sap.m.Input","viewName":"etm.portal.ui.manageyards.view.New","viewId":"application-manageyards-display-component---NewYard","bindingPath":{"path":"","propertyPath":"/PLANT","modelName":"NewYardModel"},"interaction":{"idSuffix":"inner"}},"wdio_ui5_key":"etmportal.ui.manageyards.view.Newsap.m.Input{\"path\":\"\",\"propertyPath\":\"/PLANT\",\"modelName\":\"NewYardModel\"}"}]}
RESULT: {"script":"<script> [1562 bytes]","args":[{"selector":{"controlType":"sap.m.Input","viewName":"etm.portal.ui.manageyards.view.New","viewId":"application-manageyards-display-component---NewYard","bindingPath":{"path":"","propertyPath":"/PLANT","modelName":"NewYardModel"},"interaction":{"idSuffix":"inner"}},"wdio_ui5_key":"etmportal.ui.manageyards.view.Newsap.m.Input{\"path\":\"\",\"propertyPath\":\"/PLANT\",\"modelName\":\"NewYardModel\"}"}]}
RESULT: undefined
COMMAND: POST /session/93250f96accc2e6fd098c611002cad19/execute/async - {"script":"<script> [776 bytes]","args":[{"enterText":"1001","selector":{"controlType":"sap.m.Input","viewName":"etm.portal.ui.manageyards.view.New","viewId":"application-manageyards-display-component---NewYard","bindingPath":{"path":"","propertyPath":"/PLANT","modelName":"NewYardModel"},"interaction":{"idSuffix":"inner"}},"clearTextFirst":true,"interactionType":"ENTER_TEXT"}]}
RESULT: {"script":"<script> [776 bytes]","args":[{"enterText":"1001","selector":{"controlType":"sap.m.Input","viewName":"etm.portal.ui.manageyards.view.New","viewId":"application-manageyards-display-component---NewYard","bindingPath":{"path":"","propertyPath":"/PLANT","modelName":"NewYardModel"},"interaction":{"idSuffix":"inner"}},"clearTextFirst":true,"interactionType":"ENTER_TEXT"}]}
COMMAND: POST /session/93250f96accc2e6fd098c611002cad19/execute/async - {"script":"<script> [1562 bytes]","args":[{"selector":{"controlType":"sap.m.Input","viewName":"etm.portal.ui.manageyards.view.New","viewId":"application-manageyards-display-component---NewYard","bindingPath":{"path":"","propertyPath":"/SALES_AREA_VKORG","modelName":"NewYardModel"},"interaction":{"idSuffix":"inner"}},"wdio_ui5_key":"etmportal.ui.manageyards.view.Newsap.m.Input{\"path\":\"\",\"propertyPath\":\"/SALES_AREA_VKORG\",\"modelName\":\"NewYardModel\"}"}]}
RESULT: {"script":"<script> [1562 bytes]","args":[{"selector":{"controlType":"sap.m.Input","viewName":"etm.portal.ui.manageyards.view.New","viewId":"application-manageyards-display-component---NewYard","bindingPath":{"path":"","propertyPath":"/SALES_AREA_VKORG","modelName":"NewYardModel"},"interaction":{"idSuffix":"inner"}},"wdio_ui5_key":"etmportal.ui.manageyards.view.Newsap.m.Input{\"path\":\"\",\"propertyPath\":\"/SALES_AREA_VKORG\",\"modelName\":\"NewYardModel\"}"}]}
RESULT: undefined
COMMAND: POST /session/93250f96accc2e6fd098c611002cad19/execute/async - {"script":"<script> [776 bytes]","args":[{"enterText":"C002","selector":{"controlType":"sap.m.Input","viewName":"etm.portal.ui.manageyards.view.New","viewId":"application-manageyards-display-component---NewYard","bindingPath":{"path":"","propertyPath":"/SALES_AREA_VKORG","modelName":"NewYardModel"},"interaction":{"idSuffix":"inner"}},"clearTextFirst":true,"interactionType":"ENTER_TEXT"}]}
RESULT: {"script":"<script> [776 bytes]","args":[{"enterText":"C002","selector":{"controlType":"sap.m.Input","viewName":"etm.portal.ui.manageyards.view.New","viewId":"application-manageyards-display-component---NewYard","bindingPath":{"path":"","propertyPath":"/SALES_AREA_VKORG","modelName":"NewYardModel"},"interaction":{"idSuffix":"inner"}},"clearTextFirst":true,"interactionType":"ENTER_TEXT"}]}
COMMAND: POST /session/93250f96accc2e6fd098c611002cad19/execute/async - {"script":"<script> [1562 bytes]","args":[{"selector":{"controlType":"sap.m.Input","viewName":"etm.portal.ui.manageyards.view.New","viewId":"application-manageyards-display-component---NewYard","bindingPath":{"path":"","propertyPath":"/SALES_AREA_VTWEG","modelName":"NewYardModel"},"interaction":{"idSuffix":"inner"}},"wdio_ui5_key":"etmportal.ui.manageyards.view.Newsap.m.Input{\"path\":\"\",\"propertyPath\":\"/SALES_AREA_VTWEG\",\"modelName\":\"NewYardModel\"}"}]}
RESULT: {"script":"<script> [1562 bytes]","args":[{"selector":{"controlType":"sap.m.Input","viewName":"etm.portal.ui.manageyards.view.New","viewId":"application-manageyards-display-component---NewYard","bindingPath":{"path":"","propertyPath":"/SALES_AREA_VTWEG","modelName":"NewYardModel"},"interaction":{"idSuffix":"inner"}},"wdio_ui5_key":"etmportal.ui.manageyards.view.Newsap.m.Input{\"path\":\"\",\"propertyPath\":\"/SALES_AREA_VTWEG\",\"modelName\":\"NewYardModel\"}"}]}
RESULT: undefined
COMMAND: POST /session/93250f96accc2e6fd098c611002cad19/execute/async - {"script":"<script> [776 bytes]","args":[{"enterText":"C2","selector":{"controlType":"sap.m.Input","viewName":"etm.portal.ui.manageyards.view.New","viewId":"application-manageyards-display-component---NewYard","bindingPath":{"path":"","propertyPath":"/SALES_AREA_VTWEG","modelName":"NewYardModel"},"interaction":{"idSuffix":"inner"}},"clearTextFirst":true,"interactionType":"ENTER_TEXT"}]}
RESULT: {"script":"<script> [776 bytes]","args":[{"enterText":"C2","selector":{"controlType":"sap.m.Input","viewName":"etm.portal.ui.manageyards.view.New","viewId":"application-manageyards-display-component---NewYard","bindingPath":{"path":"","propertyPath":"/SALES_AREA_VTWEG","modelName":"NewYardModel"},"interaction":{"idSuffix":"inner"}},"clearTextFirst":true,"interactionType":"ENTER_TEXT"}]}
COMMAND: POST /session/93250f96accc2e6fd098c611002cad19/execute/async - {"script":"<script> [1562 bytes]","args":[{"selector":{"controlType":"sap.m.Input","viewName":"etm.portal.ui.manageyards.view.New","viewId":"application-manageyards-display-component---NewYard","bindingPath":{"path":"","propertyPath":"/SALES_AREA_SPART","modelName":"NewYardModel"},"interaction":{"idSuffix":"inner"}},"wdio_ui5_key":"etmportal.ui.manageyards.view.Newsap.m.Input{\"path\":\"\",\"propertyPath\":\"/SALES_AREA_SPART\",\"modelName\":\"NewYardModel\"}"}]}
RESULT: {"script":"<script> [1562 bytes]","args":[{"selector":{"controlType":"sap.m.Input","viewName":"etm.portal.ui.manageyards.view.New","viewId":"application-manageyards-display-component---NewYard","bindingPath":{"path":"","propertyPath":"/SALES_AREA_SPART","modelName":"NewYardModel"},"interaction":{"idSuffix":"inner"}},"wdio_ui5_key":"etmportal.ui.manageyards.view.Newsap.m.Input{\"path\":\"\",\"propertyPath\":\"/SALES_AREA_SPART\",\"modelName\":\"NewYardModel\"}"}]}
RESULT: undefined
COMMAND: POST /session/93250f96accc2e6fd098c611002cad19/execute/async - {"script":"<script> [776 bytes]","args":[{"enterText":"C2","selector":{"controlType":"sap.m.Input","viewName":"etm.portal.ui.manageyards.view.New","viewId":"application-manageyards-display-component---NewYard","bindingPath":{"path":"","propertyPath":"/SALES_AREA_SPART","modelName":"NewYardModel"},"interaction":{"idSuffix":"inner"}},"clearTextFirst":true,"interactionType":"ENTER_TEXT"}]}
RESULT: {"script":"<script> [776 bytes]","args":[{"enterText":"C2","selector":{"controlType":"sap.m.Input","viewName":"etm.portal.ui.manageyards.view.New","viewId":"application-manageyards-display-component---NewYard","bindingPath":{"path":"","propertyPath":"/SALES_AREA_SPART","modelName":"NewYardModel"},"interaction":{"idSuffix":"inner"}},"clearTextFirst":true,"interactionType":"ENTER_TEXT"}]}
COMMAND: POST /session/93250f96accc2e6fd098c611002cad19/execute/async - {"script":"<script> [1562 bytes]","args":[{"selector":{"controlType":"sap.m.Input","viewName":"etm.portal.ui.manageyards.view.New","viewId":"application-manageyards-display-component---NewYard","bindingPath":{"path":"","propertyPath":"/SHIP_POINT","modelName":"NewYardModel"},"interaction":{"idSuffix":"inner"}},"wdio_ui5_key":"etmportal.ui.manageyards.view.Newsap.m.Input{\"path\":\"\",\"propertyPath\":\"/SHIP_POINT\",\"modelName\":\"NewYardModel\"}"}]}
RESULT: {"script":"<script> [1562 bytes]","args":[{"selector":{"controlType":"sap.m.Input","viewName":"etm.portal.ui.manageyards.view.New","viewId":"application-manageyards-display-component---NewYard","bindingPath":{"path":"","propertyPath":"/SHIP_POINT","modelName":"NewYardModel"},"interaction":{"idSuffix":"inner"}},"wdio_ui5_key":"etmportal.ui.manageyards.view.Newsap.m.Input{\"path\":\"\",\"propertyPath\":\"/SHIP_POINT\",\"modelName\":\"NewYardModel\"}"}]}
RESULT: undefined
COMMAND: POST /session/93250f96accc2e6fd098c611002cad19/execute/async - {"script":"<script> [776 bytes]","args":[{"enterText":"1710","selector":{"controlType":"sap.m.Input","viewName":"etm.portal.ui.manageyards.view.New","viewId":"application-manageyards-display-component---NewYard","bindingPath":{"path":"","propertyPath":"/SHIP_POINT","modelName":"NewYardModel"},"interaction":{"idSuffix":"inner"}},"clearTextFirst":true,"interactionType":"ENTER_TEXT"}]}
RESULT: {"script":"<script> [776 bytes]","args":[{"enterText":"1710","selector":{"controlType":"sap.m.Input","viewName":"etm.portal.ui.manageyards.view.New","viewId":"application-manageyards-display-component---NewYard","bindingPath":{"path":"","propertyPath":"/SHIP_POINT","modelName":"NewYardModel"},"interaction":{"idSuffix":"inner"}},"clearTextFirst":true,"interactionType":"ENTER_TEXT"}]}
COMMAND: POST /session/93250f96accc2e6fd098c611002cad19/execute/async - {"script":"<script> [1562 bytes]","args":[{"selector":{"controlType":"sap.m.Input","viewName":"etm.portal.ui.manageyards.view.New","viewId":"application-manageyards-display-component---NewYard","bindingPath":{"path":"","propertyPath":"/DELIVERY_TYPE","modelName":"NewYardModel"},"interaction":{"idSuffix":"inner"}},"wdio_ui5_key":"etmportal.ui.manageyards.view.Newsap.m.Input{\"path\":\"\",\"propertyPath\":\"/DELIVERY_TYPE\",\"modelName\":\"NewYardModel\"}"}]}
RESULT: {"script":"<script> [1562 bytes]","args":[{"selector":{"controlType":"sap.m.Input","viewName":"etm.portal.ui.manageyards.view.New","viewId":"application-manageyards-display-component---NewYard","bindingPath":{"path":"","propertyPath":"/DELIVERY_TYPE","modelName":"NewYardModel"},"interaction":{"idSuffix":"inner"}},"wdio_ui5_key":"etmportal.ui.manageyards.view.Newsap.m.Input{\"path\":\"\",\"propertyPath\":\"/DELIVERY_TYPE\",\"modelName\":\"NewYardModel\"}"}]}
RESULT: undefined
COMMAND: POST /session/93250f96accc2e6fd098c611002cad19/execute/async - {"script":"<script> [776 bytes]","args":[{"enterText":"ZL01","selector":{"controlType":"sap.m.Input","viewName":"etm.portal.ui.manageyards.view.New","viewId":"application-manageyards-display-component---NewYard","bindingPath":{"path":"","propertyPath":"/DELIVERY_TYPE","modelName":"NewYardModel"},"interaction":{"idSuffix":"inner"}},"clearTextFirst":true,"interactionType":"ENTER_TEXT"}]}
RESULT: {"script":"<script> [776 bytes]","args":[{"enterText":"ZL01","selector":{"controlType":"sap.m.Input","viewName":"etm.portal.ui.manageyards.view.New","viewId":"application-manageyards-display-component---NewYard","bindingPath":{"path":"","propertyPath":"/DELIVERY_TYPE","modelName":"NewYardModel"},"interaction":{"idSuffix":"inner"}},"clearTextFirst":true,"interactionType":"ENTER_TEXT"}]}
COMMAND: POST /session/93250f96accc2e6fd098c611002cad19/execute/async - {"script":"<script> [1562 bytes]","args":[{"selector":{"controlType":"sap.m.Input","viewName":"etm.portal.ui.manageyards.view.New","viewId":"application-manageyards-display-component---NewYard","bindingPath":{"path":"","propertyPath":"/AUART","modelName":"NewYardModel"},"interaction":{"idSuffix":"inner"}},"wdio_ui5_key":"etmportal.ui.manageyards.view.Newsap.m.Input{\"path\":\"\",\"propertyPath\":\"/AUART\",\"modelName\":\"NewYardModel\"}"}]}
RESULT: {"script":"<script> [1562 bytes]","args":[{"selector":{"controlType":"sap.m.Input","viewName":"etm.portal.ui.manageyards.view.New","viewId":"application-manageyards-display-component---NewYard","bindingPath":{"path":"","propertyPath":"/AUART","modelName":"NewYardModel"},"interaction":{"idSuffix":"inner"}},"wdio_ui5_key":"etmportal.ui.manageyards.view.Newsap.m.Input{\"path\":\"\",\"propertyPath\":\"/AUART\",\"modelName\":\"NewYardModel\"}"}]}
RESULT: undefined
COMMAND: POST /session/93250f96accc2e6fd098c611002cad19/execute/async - {"script":"<script> [776 bytes]","args":[{"enterText":"TA","selector":{"controlType":"sap.m.Input","viewName":"etm.portal.ui.manageyards.view.New","viewId":"application-manageyards-display-component---NewYard","bindingPath":{"path":"","propertyPath":"/AUART","modelName":"NewYardModel"},"interaction":{"idSuffix":"inner"}},"clearTextFirst":true,"interactionType":"ENTER_TEXT"}]}
RESULT: {"script":"<script> [776 bytes]","args":[{"enterText":"TA","selector":{"controlType":"sap.m.Input","viewName":"etm.portal.ui.manageyards.view.New","viewId":"application-manageyards-display-component---NewYard","bindingPath":{"path":"","propertyPath":"/AUART","modelName":"NewYardModel"},"interaction":{"idSuffix":"inner"}},"clearTextFirst":true,"interactionType":"ENTER_TEXT"}]}
COMMAND: POST /session/93250f96accc2e6fd098c611002cad19/element - {"using":"xpath","value":"//button[@data-kt=\"newYardSaveButton\"]"}
RESULT: {"using":"xpath","value":"//button[@data-kt=\"newYardSaveButton\"]"}
COMMAND: POST /session/93250f96accc2e6fd098c611002cad19/element/f.8FBEE169B4A1F4A008E4BE6459EA698B.d.1AE5A6265DAA1A911411F828EB6BE978.e.696/click - {}
RESULT: {}
COMMAND: GET /session/93250f96accc2e6fd098c611002cad19/screenshot - {}
RESULT: {}
COMMAND: POST /session/93250f96accc2e6fd098c611002cad19/element - {"using":"xpath","value":"//header[contains(@id, 'ObjectPageLayout-headerTitle')]/div[1]/div[2]/div[1]/span[1]"}
RESULT: {"using":"xpath","value":"//header[contains(@id, 'ObjectPageLayout-headerTitle')]/div[1]/div[2]/div[1]/span[1]"}
COMMAND: POST /session/93250f96accc2e6fd098c611002cad19/elements - {"using":"xpath","value":"//header[contains(@id, 'ObjectPageLayout-headerTitle')]/div[1]/div[2]/div[1]/span[1]"}
RESULT: {"using":"xpath","value":"//header[contains(@id, 'ObjectPageLayout-headerTitle')]/div[1]/div[2]/div[1]/span[1]"}
COMMAND: POST /session/93250f96accc2e6fd098c611002cad19/execute/sync - {"script":"<script> [56 bytes]","args":[{"element-6066-11e4-a52e-4f735466cecf":"f.8FBEE169B4A1F4A008E4BE6459EA698B.d.1AE5A6265DAA1A911411F828EB6BE978.e.987","ELEMENT":"f.8FBEE169B4A1F4A008E4BE6459EA698B.d.1AE5A6265DAA1A911411F828EB6BE978.e.987"}]}
RESULT: {"script":"<script> [56 bytes]","args":[{"element-6066-11e4-a52e-4f735466cecf":"f.8FBEE169B4A1F4A008E4BE6459EA698B.d.1AE5A6265DAA1A911411F828EB6BE978.e.987","ELEMENT":"f.8FBEE169B4A1F4A008E4BE6459EA698B.d.1AE5A6265DAA1A911411F828EB6BE978.e.987"}]}
COMMAND: GET /session/93250f96accc2e6fd098c611002cad19/screenshot - {}
RESULT: {}
COMMAND: POST /session/93250f96accc2e6fd098c611002cad19/element - {"using":"css selector","value":"#shell-header-logo"}
RESULT: {"using":"css selector","value":"#shell-header-logo"}
COMMAND: POST /session/93250f96accc2e6fd098c611002cad19/element/f.8FBEE169B4A1F4A008E4BE6459EA698B.d.1AE5A6265DAA1A911411F828EB6BE978.e.250/click - {}
RESULT: {}
COMMAND: GET /session/93250f96accc2e6fd098c611002cad19/screenshot - {}
RESULT: {}
COMMAND: POST /session/93250f96accc2e6fd098c611002cad19/execute/sync - {"script":"<script> [299 bytes]","args":[["getModel","getResource"]]}
RESULT: {"script":"<script> [299 bytes]","args":[["getModel","getResource"]]}
]]></system-out>
    </testcase>
    <testcase classname="chrome.136_0_7103_93.windows.Create_condition_pricing_US117289_US134625" name="Should create a new equipment used for all following tests" time="163.873">
      <system-out><![CDATA[
COMMAND: GET /session/93250f96accc2e6fd098c611002cad19/screenshot - {}
COMMAND: POST /session/93250f96accc2e6fd098c611002cad19/execute/async - {"script":"<script> [1562 bytes]","args":[{"selector":{"controlType":"sap.m.GenericTile","properties":{"header":"Manage Resources"}},"wdio_ui5_key":"sapm.GenericTile{\"header\":\"Manage Resources\"}"}]}
RESULT: {}
RESULT: {"script":"<script> [1562 bytes]","args":[{"selector":{"controlType":"sap.m.GenericTile","properties":{"header":"Manage Resources"}},"wdio_ui5_key":"sapm.GenericTile{\"header\":\"Manage Resources\"}"}]}
RESULT: undefined
COMMAND: POST /session/93250f96accc2e6fd098c611002cad19/element - {"using":"xpath","value":"//*[@id=\"__tile39\"]"}
RESULT: {"using":"xpath","value":"//*[@id=\"__tile39\"]"}
COMMAND: POST /session/93250f96accc2e6fd098c611002cad19/element/f.8FBEE169B4A1F4A008E4BE6459EA698B.d.1AE5A6265DAA1A911411F828EB6BE978.e.143/click - {}
RESULT: {}
COMMAND: GET /session/93250f96accc2e6fd098c611002cad19/screenshot - {}
RESULT: {}
COMMAND: POST /session/93250f96accc2e6fd098c611002cad19/elements - {"using":"xpath","value":"//span[text()='Error']"}
RESULT: {"using":"xpath","value":"//span[text()='Error']"}
COMMAND: POST /session/93250f96accc2e6fd098c611002cad19/element - {"using":"xpath","value":"//button[@data-kt=\"addNewRUOverflowToolbarButton\"]"}
RESULT: {"using":"xpath","value":"//button[@data-kt=\"addNewRUOverflowToolbarButton\"]"}
COMMAND: POST /session/93250f96accc2e6fd098c611002cad19/elements - {"using":"xpath","value":"//button[@data-kt=\"addNewRUOverflowToolbarButton\"]"}
RESULT: {"using":"xpath","value":"//button[@data-kt=\"addNewRUOverflowToolbarButton\"]"}
COMMAND: POST /session/93250f96accc2e6fd098c611002cad19/elements - {"using":"xpath","value":"//button[@data-kt=\"addNewRUOverflowToolbarButton\"]"}
RESULT: {"using":"xpath","value":"//button[@data-kt=\"addNewRUOverflowToolbarButton\"]"}
COMMAND: POST /session/93250f96accc2e6fd098c611002cad19/element - {"using":"xpath","value":"//button[@data-kt=\"addNewRUOverflowToolbarButton\"]"}
RESULT: {"using":"xpath","value":"//button[@data-kt=\"addNewRUOverflowToolbarButton\"]"}
COMMAND: POST /session/93250f96accc2e6fd098c611002cad19/execute/sync - {"script":"<script> [8489 bytes]","args":[{"element-6066-11e4-a52e-4f735466cecf":"f.8FBEE169B4A1F4A008E4BE6459EA698B.d.1AE5A6265DAA1A911411F828EB6BE978.e.1018","ELEMENT":"f.8FBEE169B4A1F4A008E4BE6459EA698B.d.1AE5A6265DAA1A911411F828EB6BE978.e.1018"}]}
RESULT: {"script":"<script> [8489 bytes]","args":[{"element-6066-11e4-a52e-4f735466cecf":"f.8FBEE169B4A1F4A008E4BE6459EA698B.d.1AE5A6265DAA1A911411F828EB6BE978.e.1018","ELEMENT":"f.8FBEE169B4A1F4A008E4BE6459EA698B.d.1AE5A6265DAA1A911411F828EB6BE978.e.1018"}]}
COMMAND: GET /session/93250f96accc2e6fd098c611002cad19/element/f.8FBEE169B4A1F4A008E4BE6459EA698B.d.1AE5A6265DAA1A911411F828EB6BE978.e.1018/enabled - {}
COMMAND: GET /session/93250f96accc2e6fd098c611002cad19/screenshot - {}
RESULT: {}
COMMAND: POST /session/93250f96accc2e6fd098c611002cad19/execute/sync - {"script":"<script> [8489 bytes]","args":[{"element-6066-11e4-a52e-4f735466cecf":"f.8FBEE169B4A1F4A008E4BE6459EA698B.d.1AE5A6265DAA1A911411F828EB6BE978.e.1018","ELEMENT":"f.8FBEE169B4A1F4A008E4BE6459EA698B.d.1AE5A6265DAA1A911411F828EB6BE978.e.1018"}]}
COMMAND: GET /session/93250f96accc2e6fd098c611002cad19/screenshot - {}
RESULT: {}
RESULT: {"script":"<script> [8489 bytes]","args":[{"element-6066-11e4-a52e-4f735466cecf":"f.8FBEE169B4A1F4A008E4BE6459EA698B.d.1AE5A6265DAA1A911411F828EB6BE978.e.1018","ELEMENT":"f.8FBEE169B4A1F4A008E4BE6459EA698B.d.1AE5A6265DAA1A911411F828EB6BE978.e.1018"}]}
COMMAND: POST /session/93250f96accc2e6fd098c611002cad19/execute/sync - {"script":"<script> [5351 bytes]","args":[{"element-6066-11e4-a52e-4f735466cecf":"f.8FBEE169B4A1F4A008E4BE6459EA698B.d.1AE5A6265DAA1A911411F828EB6BE978.e.1018","ELEMENT":"f.8FBEE169B4A1F4A008E4BE6459EA698B.d.1AE5A6265DAA1A911411F828EB6BE978.e.1018"}]}
COMMAND: GET /session/93250f96accc2e6fd098c611002cad19/screenshot - {}
RESULT: {}
RESULT: {"script":"<script> [5351 bytes]","args":[{"element-6066-11e4-a52e-4f735466cecf":"f.8FBEE169B4A1F4A008E4BE6459EA698B.d.1AE5A6265DAA1A911411F828EB6BE978.e.1018","ELEMENT":"f.8FBEE169B4A1F4A008E4BE6459EA698B.d.1AE5A6265DAA1A911411F828EB6BE978.e.1018"}]}
COMMAND: POST /session/93250f96accc2e6fd098c611002cad19/element/f.8FBEE169B4A1F4A008E4BE6459EA698B.d.1AE5A6265DAA1A911411F828EB6BE978.e.1018/click - {}
COMMAND: GET /session/93250f96accc2e6fd098c611002cad19/screenshot - {}
RESULT: {}
RESULT: {}
COMMAND: GET /session/93250f96accc2e6fd098c611002cad19/screenshot - {}
COMMAND: POST /session/93250f96accc2e6fd098c611002cad19/execute/async - {"script":"<script> [1562 bytes]","args":[{"selector":{"id":"application-manageresources-display-component---newResourceUnit--TYPE-arrow"},"wdio_ui5_key":"applicationmanageresources-display-component---newResourceUnit--TYPE-arrow"}]}
RESULT: {}
RESULT: {}
RESULT: {"script":"<script> [1562 bytes]","args":[{"selector":{"id":"application-manageresources-display-component---newResourceUnit--TYPE-arrow"},"wdio_ui5_key":"applicationmanageresources-display-component---newResourceUnit--TYPE-arrow"}]}
RESULT: undefined
COMMAND: POST /session/93250f96accc2e6fd098c611002cad19/element - {"using":"xpath","value":"//*[@id=\"application-manageresources-display-component---newResourceUnit--TYPE-arrow\"]"}
RESULT: {"using":"xpath","value":"//*[@id=\"application-manageresources-display-component---newResourceUnit--TYPE-arrow\"]"}
COMMAND: POST /session/93250f96accc2e6fd098c611002cad19/element/f.8FBEE169B4A1F4A008E4BE6459EA698B.d.1AE5A6265DAA1A911411F828EB6BE978.e.1375/click - {}
RESULT: {}
COMMAND: POST /session/93250f96accc2e6fd098c611002cad19/element - {"using":"xpath","value":"//input[@id=\"application-manageresources-display-component---newResourceUnit--TYPE-inner\"]"}
COMMAND: GET /session/93250f96accc2e6fd098c611002cad19/screenshot - {}
RESULT: {"using":"xpath","value":"//input[@id=\"application-manageresources-display-component---newResourceUnit--TYPE-inner\"]"}
COMMAND: POST /session/93250f96accc2e6fd098c611002cad19/element/f.8FBEE169B4A1F4A008E4BE6459EA698B.d.1AE5A6265DAA1A911411F828EB6BE978.e.1370/clear - {}
RESULT: {}
RESULT: {}
COMMAND: POST /session/93250f96accc2e6fd098c611002cad19/element/f.8FBEE169B4A1F4A008E4BE6459EA698B.d.1AE5A6265DAA1A911411F828EB6BE978.e.1370/value - {"text":"Equipment"}
COMMAND: GET /session/93250f96accc2e6fd098c611002cad19/screenshot - {}
RESULT: {"text":"Equipment"}
COMMAND: GET /session/93250f96accc2e6fd098c611002cad19/screenshot - {}
RESULT: {}
RESULT: {}
COMMAND: POST /session/93250f96accc2e6fd098c611002cad19/actions - {"actions":[{"id":"action2","type":"key","parameters":{},"actions":[{"type":"keyDown","value":"î€‡"},{"type":"pause","duration":10},{"type":"keyUp","value":"î€‡"}]}]}
RESULT: {"actions":[{"id":"action2","type":"key","parameters":{},"actions":[{"type":"keyDown","value":"î€‡"},{"type":"pause","duration":10},{"type":"keyUp","value":"î€‡"}]}]}
COMMAND: POST /session/93250f96accc2e6fd098c611002cad19/execute/async - {"script":"<script> [1562 bytes]","args":[{"selector":{"id":"application-manageresources-display-component---newResourceUnit--resourceId","interaction":{"idSuffix":"inner"}},"wdio_ui5_key":"applicationmanageresources-display-component---newResourceUnit--resourceId"}]}
COMMAND: GET /session/93250f96accc2e6fd098c611002cad19/screenshot - {}
RESULT: {"script":"<script> [1562 bytes]","args":[{"selector":{"id":"application-manageresources-display-component---newResourceUnit--resourceId","interaction":{"idSuffix":"inner"}},"wdio_ui5_key":"applicationmanageresources-display-component---newResourceUnit--resourceId"}]}
RESULT: undefined
COMMAND: POST /session/93250f96accc2e6fd098c611002cad19/execute/async - {"script":"<script> [776 bytes]","args":[{"enterText":"HUIUyxjqA2","selector":{"id":"application-manageresources-display-component---newResourceUnit--resourceId","interaction":{"idSuffix":"inner"}},"clearTextFirst":true,"interactionType":"ENTER_TEXT"}]}
RESULT: {}
RESULT: {"script":"<script> [776 bytes]","args":[{"enterText":"HUIUyxjqA2","selector":{"id":"application-manageresources-display-component---newResourceUnit--resourceId","interaction":{"idSuffix":"inner"}},"clearTextFirst":true,"interactionType":"ENTER_TEXT"}]}
COMMAND: POST /session/93250f96accc2e6fd098c611002cad19/execute/async - {"script":"<script> [1562 bytes]","args":[{"selector":{"id":"application-manageresources-display-component---newResourceUnit--SHORT_TEXT","interaction":{"idSuffix":"inner"}},"wdio_ui5_key":"applicationmanageresources-display-component---newResourceUnit--SHORT_TEXT"}]}
RESULT: {"script":"<script> [1562 bytes]","args":[{"selector":{"id":"application-manageresources-display-component---newResourceUnit--SHORT_TEXT","interaction":{"idSuffix":"inner"}},"wdio_ui5_key":"applicationmanageresources-display-component---newResourceUnit--SHORT_TEXT"}]}
RESULT: undefined
COMMAND: POST /session/93250f96accc2e6fd098c611002cad19/execute/async - {"script":"<script> [776 bytes]","args":[{"enterText":"Intercompany Equipment WDIO","selector":{"id":"application-manageresources-display-component---newResourceUnit--SHORT_TEXT","interaction":{"idSuffix":"inner"}},"clearTextFirst":true,"interactionType":"ENTER_TEXT"}]}
RESULT: {"script":"<script> [776 bytes]","args":[{"enterText":"Intercompany Equipment WDIO","selector":{"id":"application-manageresources-display-component---newResourceUnit--SHORT_TEXT","interaction":{"idSuffix":"inner"}},"clearTextFirst":true,"interactionType":"ENTER_TEXT"}]}
COMMAND: POST /session/93250f96accc2e6fd098c611002cad19/execute/async - {"script":"<script> [1562 bytes]","args":[{"selector":{"id":"application-manageresources-display-component---newResourceUnit--BASE_UNIT_OF_MEASURE","interaction":{"idSuffix":"inner"}},"wdio_ui5_key":"applicationmanageresources-display-component---newResourceUnit--BASE_UNIT_OF_MEASURE"}]}
RESULT: {"script":"<script> [1562 bytes]","args":[{"selector":{"id":"application-manageresources-display-component---newResourceUnit--BASE_UNIT_OF_MEASURE","interaction":{"idSuffix":"inner"}},"wdio_ui5_key":"applicationmanageresources-display-component---newResourceUnit--BASE_UNIT_OF_MEASURE"}]}
RESULT: undefined
COMMAND: POST /session/93250f96accc2e6fd098c611002cad19/execute/async - {"script":"<script> [776 bytes]","args":[{"enterText":"Piece","selector":{"id":"application-manageresources-display-component---newResourceUnit--BASE_UNIT_OF_MEASURE","interaction":{"idSuffix":"inner"}},"clearTextFirst":true,"interactionType":"ENTER_TEXT"}]}
RESULT: {"script":"<script> [776 bytes]","args":[{"enterText":"Piece","selector":{"id":"application-manageresources-display-component---newResourceUnit--BASE_UNIT_OF_MEASURE","interaction":{"idSuffix":"inner"}},"clearTextFirst":true,"interactionType":"ENTER_TEXT"}]}
COMMAND: POST /session/93250f96accc2e6fd098c611002cad19/execute/async - {"script":"<script> [1562 bytes]","args":[{"selector":{"id":"application-manageresources-display-component---newResourceUnit--WEIGHT_UNIT","interaction":{"idSuffix":"inner"}},"wdio_ui5_key":"applicationmanageresources-display-component---newResourceUnit--WEIGHT_UNIT"}]}
RESULT: {"script":"<script> [1562 bytes]","args":[{"selector":{"id":"application-manageresources-display-component---newResourceUnit--WEIGHT_UNIT","interaction":{"idSuffix":"inner"}},"wdio_ui5_key":"applicationmanageresources-display-component---newResourceUnit--WEIGHT_UNIT"}]}
RESULT: undefined
COMMAND: POST /session/93250f96accc2e6fd098c611002cad19/execute/async - {"script":"<script> [776 bytes]","args":[{"enterText":"Gram","selector":{"id":"application-manageresources-display-component---newResourceUnit--WEIGHT_UNIT","interaction":{"idSuffix":"inner"}},"clearTextFirst":true,"interactionType":"ENTER_TEXT"}]}
RESULT: {"script":"<script> [776 bytes]","args":[{"enterText":"Gram","selector":{"id":"application-manageresources-display-component---newResourceUnit--WEIGHT_UNIT","interaction":{"idSuffix":"inner"}},"clearTextFirst":true,"interactionType":"ENTER_TEXT"}]}
COMMAND: POST /session/93250f96accc2e6fd098c611002cad19/execute/async - {"script":"<script> [1562 bytes]","args":[{"selector":{"id":"application-manageresources-display-component---newResourceUnit--DIMENSION_UNIT","interaction":{"idSuffix":"inner"}},"wdio_ui5_key":"applicationmanageresources-display-component---newResourceUnit--DIMENSION_UNIT"}]}
RESULT: {"script":"<script> [1562 bytes]","args":[{"selector":{"id":"application-manageresources-display-component---newResourceUnit--DIMENSION_UNIT","interaction":{"idSuffix":"inner"}},"wdio_ui5_key":"applicationmanageresources-display-component---newResourceUnit--DIMENSION_UNIT"}]}
RESULT: undefined
COMMAND: POST /session/93250f96accc2e6fd098c611002cad19/execute/async - {"script":"<script> [776 bytes]","args":[{"enterText":"Meter","selector":{"id":"application-manageresources-display-component---newResourceUnit--DIMENSION_UNIT","interaction":{"idSuffix":"inner"}},"clearTextFirst":true,"interactionType":"ENTER_TEXT"}]}
RESULT: {"script":"<script> [776 bytes]","args":[{"enterText":"Meter","selector":{"id":"application-manageresources-display-component---newResourceUnit--DIMENSION_UNIT","interaction":{"idSuffix":"inner"}},"clearTextFirst":true,"interactionType":"ENTER_TEXT"}]}
COMMAND: POST /session/93250f96accc2e6fd098c611002cad19/execute/async - {"script":"<script> [1562 bytes]","args":[{"selector":{"id":"application-manageresources-display-component---newResourceUnit--newRRUPage-anchBar-application-manageresources-display-component---newResourceUnit--control-anchor","interaction":{"idSuffix":"BDI-content"}},"wdio_ui5_key":"applicationmanageresources-display-component---newResourceUnit--newRRUPage-anchBar-application-manageresources-display-component---newResourceUnit--control-anchor"}]}
RESULT: {"script":"<script> [1562 bytes]","args":[{"selector":{"id":"application-manageresources-display-component---newResourceUnit--newRRUPage-anchBar-application-manageresources-display-component---newResourceUnit--control-anchor","interaction":{"idSuffix":"BDI-content"}},"wdio_ui5_key":"applicationmanageresources-display-component---newResourceUnit--newRRUPage-anchBar-application-manageresources-display-component---newResourceUnit--control-anchor"}]}
RESULT: undefined
COMMAND: POST /session/93250f96accc2e6fd098c611002cad19/element - {"using":"xpath","value":"//*[@id=\"application-manageresources-display-component---newResourceUnit--newRRUPage-anchBar-application-manageresources-display-component---newResourceUnit--control-anchor\"]"}
RESULT: {"using":"xpath","value":"//*[@id=\"application-manageresources-display-component---newResourceUnit--newRRUPage-anchBar-application-manageresources-display-component---newResourceUnit--control-anchor\"]"}
COMMAND: POST /session/93250f96accc2e6fd098c611002cad19/element/f.8FBEE169B4A1F4A008E4BE6459EA698B.d.1AE5A6265DAA1A911411F828EB6BE978.e.1533/click - {}
RESULT: {}
COMMAND: POST /session/93250f96accc2e6fd098c611002cad19/execute/async - {"script":"<script> [1562 bytes]","args":[{"selector":{"id":"application-manageresources-display-component---newResourceUnit--PLANNING_GROUP","interaction":{"idSuffix":"inner"}},"wdio_ui5_key":"applicationmanageresources-display-component---newResourceUnit--PLANNING_GROUP"}]}
COMMAND: GET /session/93250f96accc2e6fd098c611002cad19/screenshot - {}
RESULT: {"script":"<script> [1562 bytes]","args":[{"selector":{"id":"application-manageresources-display-component---newResourceUnit--PLANNING_GROUP","interaction":{"idSuffix":"inner"}},"wdio_ui5_key":"applicationmanageresources-display-component---newResourceUnit--PLANNING_GROUP"}]}
RESULT: undefined
COMMAND: POST /session/93250f96accc2e6fd098c611002cad19/execute/async - {"script":"<script> [776 bytes]","args":[{"enterText":"Heavy Equi","selector":{"id":"application-manageresources-display-component---newResourceUnit--PLANNING_GROUP","interaction":{"idSuffix":"inner"}},"clearTextFirst":true,"interactionType":"ENTER_TEXT"}]}
RESULT: {}
RESULT: {"script":"<script> [776 bytes]","args":[{"enterText":"Heavy Equi","selector":{"id":"application-manageresources-display-component---newResourceUnit--PLANNING_GROUP","interaction":{"idSuffix":"inner"}},"clearTextFirst":true,"interactionType":"ENTER_TEXT"}]}
COMMAND: POST /session/93250f96accc2e6fd098c611002cad19/execute/async - {"script":"<script> [1562 bytes]","args":[{"selector":{"id":"application-manageresources-display-component---newResourceUnit--ITEM_TYPE-arrow"},"wdio_ui5_key":"applicationmanageresources-display-component---newResourceUnit--ITEM_TYPE-arrow"}]}
RESULT: {"script":"<script> [1562 bytes]","args":[{"selector":{"id":"application-manageresources-display-component---newResourceUnit--ITEM_TYPE-arrow"},"wdio_ui5_key":"applicationmanageresources-display-component---newResourceUnit--ITEM_TYPE-arrow"}]}
RESULT: undefined
COMMAND: POST /session/93250f96accc2e6fd098c611002cad19/element - {"using":"xpath","value":"//*[@id=\"application-manageresources-display-component---newResourceUnit--ITEM_TYPE-arrow\"]"}
RESULT: {"using":"xpath","value":"//*[@id=\"application-manageresources-display-component---newResourceUnit--ITEM_TYPE-arrow\"]"}
COMMAND: POST /session/93250f96accc2e6fd098c611002cad19/element/f.8FBEE169B4A1F4A008E4BE6459EA698B.d.1AE5A6265DAA1A911411F828EB6BE978.e.1542/click - {}
RESULT: {}
COMMAND: POST /session/93250f96accc2e6fd098c611002cad19/element - {"using":"xpath","value":"//ul[contains(@id,\"ITEM_TYPE-popup-list-listUl\")]//li[.//span[contains(text(),\"Resource Unit\")]]"}
COMMAND: GET /session/93250f96accc2e6fd098c611002cad19/screenshot - {}
RESULT: {"using":"xpath","value":"//ul[contains(@id,\"ITEM_TYPE-popup-list-listUl\")]//li[.//span[contains(text(),\"Resource Unit\")]]"}
COMMAND: POST /session/93250f96accc2e6fd098c611002cad19/element/f.8FBEE169B4A1F4A008E4BE6459EA698B.d.1AE5A6265DAA1A911411F828EB6BE978.e.1543/click - {}
RESULT: {}
RESULT: {}
COMMAND: GET /session/93250f96accc2e6fd098c611002cad19/screenshot - {}
RESULT: {}
COMMAND: POST /session/93250f96accc2e6fd098c611002cad19/element - {"using":"css selector","value":"#application-manageresources-display-component---newResourceUnit--btnAddTimeSegment"}
RESULT: {"using":"css selector","value":"#application-manageresources-display-component---newResourceUnit--btnAddTimeSegment"}
COMMAND: GET /session/93250f96accc2e6fd098c611002cad19/element/f.8FBEE169B4A1F4A008E4BE6459EA698B.d.1AE5A6265DAA1A911411F828EB6BE978.e.1550/rect - {}
RESULT: {}
COMMAND: GET /session/93250f96accc2e6fd098c611002cad19/window/rect - {}
RESULT: {}
COMMAND: POST /session/93250f96accc2e6fd098c611002cad19/execute/sync - {"script":"<script> [92 bytes]","args":[]}
RESULT: {"script":"<script> [92 bytes]","args":[]}
COMMAND: POST /session/93250f96accc2e6fd098c611002cad19/actions - {"actions":[{"id":"action3","type":"wheel","parameters":{},"actions":[{"type":"scroll","x":-1888,"y":-32,"deltaX":0,"deltaY":0,"duration":0,"origin":{"element-6066-11e4-a52e-4f735466cecf":"f.8FBEE169B4A1F4A008E4BE6459EA698B.d.1AE5A6265DAA1A911411F828EB6BE978.e.1550"}}]}]}
COMMAND: GET /session/93250f96accc2e6fd098c611002cad19/screenshot - {}
RESULT: {}
COMMAND: POST /session/93250f96accc2e6fd098c611002cad19/execute/sync - {"script":"<script> [79 bytes]","args":[{"element-6066-11e4-a52e-4f735466cecf":"f.8FBEE169B4A1F4A008E4BE6459EA698B.d.1AE5A6265DAA1A911411F828EB6BE978.e.1550","ELEMENT":"f.8FBEE169B4A1F4A008E4BE6459EA698B.d.1AE5A6265DAA1A911411F828EB6BE978.e.1550"},{"block":"start","inline":"nearest"}]}
RESULT: {"script":"<script> [79 bytes]","args":[{"element-6066-11e4-a52e-4f735466cecf":"f.8FBEE169B4A1F4A008E4BE6459EA698B.d.1AE5A6265DAA1A911411F828EB6BE978.e.1550","ELEMENT":"f.8FBEE169B4A1F4A008E4BE6459EA698B.d.1AE5A6265DAA1A911411F828EB6BE978.e.1550"},{"block":"start","inline":"nearest"}]}
COMMAND: POST /session/93250f96accc2e6fd098c611002cad19/execute/async - {"script":"<script> [1562 bytes]","args":[{"selector":{"id":"application-manageresources-display-component---newResourceUnit--btnAddTimeSegment","interaction":{"idSuffix":"inner"}},"wdio_ui5_key":"applicationmanageresources-display-component---newResourceUnit--btnAddTimeSegment"}]}
COMMAND: GET /session/93250f96accc2e6fd098c611002cad19/screenshot - {}
RESULT: {"script":"<script> [1562 bytes]","args":[{"selector":{"id":"application-manageresources-display-component---newResourceUnit--btnAddTimeSegment","interaction":{"idSuffix":"inner"}},"wdio_ui5_key":"applicationmanageresources-display-component---newResourceUnit--btnAddTimeSegment"}]}
RESULT: undefined
COMMAND: POST /session/93250f96accc2e6fd098c611002cad19/element - {"using":"xpath","value":"//*[@id=\"application-manageresources-display-component---newResourceUnit--btnAddTimeSegment\"]"}
RESULT: {}
RESULT: {"using":"xpath","value":"//*[@id=\"application-manageresources-display-component---newResourceUnit--btnAddTimeSegment\"]"}
COMMAND: POST /session/93250f96accc2e6fd098c611002cad19/element/f.8FBEE169B4A1F4A008E4BE6459EA698B.d.1AE5A6265DAA1A911411F828EB6BE978.e.1550/click - {}
RESULT: {}
COMMAND: GET /session/93250f96accc2e6fd098c611002cad19/screenshot - {}
RESULT: {}
COMMAND: POST /session/93250f96accc2e6fd098c611002cad19/element - {"using":"xpath","value":"//input[@id=\"application-manageresources-display-component---newResourceUnit--idRuTSAdmin-application-manageresources-display-component---newResourceUnit--RUTimeSegment-0-inner\"]"}
RESULT: {"using":"xpath","value":"//input[@id=\"application-manageresources-display-component---newResourceUnit--idRuTSAdmin-application-manageresources-display-component---newResourceUnit--RUTimeSegment-0-inner\"]"}
COMMAND: POST /session/93250f96accc2e6fd098c611002cad19/element/f.8FBEE169B4A1F4A008E4BE6459EA698B.d.1AE5A6265DAA1A911411F828EB6BE978.e.1556/clear - {}
RESULT: {}
COMMAND: POST /session/93250f96accc2e6fd098c611002cad19/element/f.8FBEE169B4A1F4A008E4BE6459EA698B.d.1AE5A6265DAA1A911411F828EB6BE978.e.1556/value - {"text":"629"}
COMMAND: GET /session/93250f96accc2e6fd098c611002cad19/screenshot - {}
RESULT: {"text":"629"}
COMMAND: GET /session/93250f96accc2e6fd098c611002cad19/screenshot - {}
RESULT: {}
RESULT: {}
COMMAND: POST /session/93250f96accc2e6fd098c611002cad19/element - {"using":"xpath","value":"//li[.//span[text()='629']]"}
RESULT: {"using":"xpath","value":"//li[.//span[text()='629']]"}
COMMAND: POST /session/93250f96accc2e6fd098c611002cad19/element/f.8FBEE169B4A1F4A008E4BE6459EA698B.d.1AE5A6265DAA1A911411F828EB6BE978.e.1569/click - {}
RESULT: {}
COMMAND: GET /session/93250f96accc2e6fd098c611002cad19/screenshot - {}
RESULT: {}
COMMAND: POST /session/93250f96accc2e6fd098c611002cad19/element - {"using":"xpath","value":"(//span[contains(@id, \"-application-manageresources-display-component---newResourceUnit--RUTimeSegment-0-arrow\")])[6]"}
RESULT: {"using":"xpath","value":"(//span[contains(@id, \"-application-manageresources-display-component---newResourceUnit--RUTimeSegment-0-arrow\")])[6]"}
COMMAND: POST /session/93250f96accc2e6fd098c611002cad19/element/f.8FBEE169B4A1F4A008E4BE6459EA698B.d.1AE5A6265DAA1A911411F828EB6BE978.e.1570/click - {}
RESULT: {}
COMMAND: GET /session/93250f96accc2e6fd098c611002cad19/screenshot - {}
RESULT: {}
COMMAND: POST /session/93250f96accc2e6fd098c611002cad19/element - {"using":"xpath","value":"//span[contains(text(), \"PM Order\")]"}
RESULT: {"using":"xpath","value":"//span[contains(text(), \"PM Order\")]"}
COMMAND: POST /session/93250f96accc2e6fd098c611002cad19/element/f.8FBEE169B4A1F4A008E4BE6459EA698B.d.1AE5A6265DAA1A911411F828EB6BE978.e.1573/click - {}
RESULT: {}
COMMAND: GET /session/93250f96accc2e6fd098c611002cad19/screenshot - {}
RESULT: {}
COMMAND: POST /session/93250f96accc2e6fd098c611002cad19/element - {"using":"xpath","value":"(//span[contains(@id ,\"manageresources-display-component---newResourceUnit--RUTimeSegment-0-vhi\")])[1]"}
RESULT: {"using":"xpath","value":"(//span[contains(@id ,\"manageresources-display-component---newResourceUnit--RUTimeSegment-0-vhi\")])[1]"}
COMMAND: GET /session/93250f96accc2e6fd098c611002cad19/element/f.8FBEE169B4A1F4A008E4BE6459EA698B.d.1AE5A6265DAA1A911411F828EB6BE978.e.1577/rect - {}
RESULT: {}
COMMAND: GET /session/93250f96accc2e6fd098c611002cad19/window/rect - {}
RESULT: {}
COMMAND: POST /session/93250f96accc2e6fd098c611002cad19/execute/sync - {"script":"<script> [92 bytes]","args":[]}
RESULT: {"script":"<script> [92 bytes]","args":[]}
COMMAND: POST /session/93250f96accc2e6fd098c611002cad19/actions - {"actions":[{"id":"action4","type":"wheel","parameters":{},"actions":[{"type":"scroll","x":-869,"y":-24,"deltaX":0,"deltaY":0,"duration":0,"origin":{"element-6066-11e4-a52e-4f735466cecf":"f.8FBEE169B4A1F4A008E4BE6459EA698B.d.1AE5A6265DAA1A911411F828EB6BE978.e.1577"}}]}]}
COMMAND: GET /session/93250f96accc2e6fd098c611002cad19/screenshot - {}
RESULT: {"actions":[{"id":"action4","type":"wheel","parameters":{},"actions":[{"type":"scroll","x":-869,"y":-24,"deltaX":0,"deltaY":0,"duration":0,"origin":{"element-6066-11e4-a52e-4f735466cecf":"f.8FBEE169B4A1F4A008E4BE6459EA698B.d.1AE5A6265DAA1A911411F828EB6BE978.e.1577"}}]}]}
COMMAND: DELETE /session/93250f96accc2e6fd098c611002cad19/actions - {}
COMMAND: GET /session/93250f96accc2e6fd098c611002cad19/screenshot - {}
RESULT: {}
RESULT: {}
COMMAND: GET /session/93250f96accc2e6fd098c611002cad19/screenshot - {}
RESULT: {}
RESULT: {}
COMMAND: POST /session/93250f96accc2e6fd098c611002cad19/element/f.8FBEE169B4A1F4A008E4BE6459EA698B.d.1AE5A6265DAA1A911411F828EB6BE978.e.1577/click - {}
RESULT: {}
COMMAND: GET /session/93250f96accc2e6fd098c611002cad19/screenshot - {}
RESULT: {}
RESULT: undefined
COMMAND: POST /session/93250f96accc2e6fd098c611002cad19/execute/async - {"script":"<script> [776 bytes]","args":[{"enterText":"4000360","selector":{"controlType":"sap.m.SearchField","properties":{"placeholder":"Search"},"searchOpenDialogs":true,"interaction":{"idSuffix":"I"}},"clearTextFirst":true,"interactionType":"ENTER_TEXT"}]}
RESULT: {"script":"<script> [776 bytes]","args":[{"enterText":"4000360","selector":{"controlType":"sap.m.SearchField","properties":{"placeholder":"Search"},"searchOpenDialogs":true,"interaction":{"idSuffix":"I"}},"clearTextFirst":true,"interactionType":"ENTER_TEXT"}]}
COMMAND: POST /session/93250f96accc2e6fd098c611002cad19/actions - {"actions":[{"id":"action5","type":"key","parameters":{},"actions":[{"type":"keyDown","value":"î€‡"},{"type":"pause","duration":10},{"type":"keyUp","value":"î€‡"}]}]}
RESULT: {"actions":[{"id":"action5","type":"key","parameters":{},"actions":[{"type":"keyDown","value":"î€‡"},{"type":"pause","duration":10},{"type":"keyUp","value":"î€‡"}]}]}
COMMAND: GET /session/93250f96accc2e6fd098c611002cad19/screenshot - {}
RESULT: {}
COMMAND: POST /session/93250f96accc2e6fd098c611002cad19/element - {"using":"xpath","value":"//td/div/span[contains(text(), \"BGL Vehicles\")]"}
RESULT: {"using":"xpath","value":"//td/div/span[contains(text(), \"BGL Vehicles\")]"}
COMMAND: POST /session/93250f96accc2e6fd098c611002cad19/element/f.8FBEE169B4A1F4A008E4BE6459EA698B.d.1AE5A6265DAA1A911411F828EB6BE978.e.1598/click - {}
RESULT: {}
COMMAND: GET /session/93250f96accc2e6fd098c611002cad19/screenshot - {}
RESULT: {}
COMMAND: POST /session/93250f96accc2e6fd098c611002cad19/element - {"using":"xpath","value":"//bdi[contains(text(), \"OK\")]"}
RESULT: {"using":"xpath","value":"//bdi[contains(text(), \"OK\")]"}
COMMAND: POST /session/93250f96accc2e6fd098c611002cad19/element/f.8FBEE169B4A1F4A008E4BE6459EA698B.d.1AE5A6265DAA1A911411F828EB6BE978.e.1599/click - {}
RESULT: {}
COMMAND: GET /session/93250f96accc2e6fd098c611002cad19/screenshot - {}
RESULT: {}
COMMAND: POST /session/93250f96accc2e6fd098c611002cad19/execute/async - {"script":"<script> [1562 bytes]","args":[{"selector":{"id":"application-manageresources-display-component---newResourceUnit--newRRUPage-anchBar-application-manageresources-display-component---newResourceUnit--resource-anchor","interaction":{"idSuffix":"BDI-content"}},"wdio_ui5_key":"applicationmanageresources-display-component---newResourceUnit--newRRUPage-anchBar-application-manageresources-display-component---newResourceUnit--resource-anchor"}]}
RESULT: {"script":"<script> [1562 bytes]","args":[{"selector":{"id":"application-manageresources-display-component---newResourceUnit--newRRUPage-anchBar-application-manageresources-display-component---newResourceUnit--resource-anchor","interaction":{"idSuffix":"BDI-content"}},"wdio_ui5_key":"applicationmanageresources-display-component---newResourceUnit--newRRUPage-anchBar-application-manageresources-display-component---newResourceUnit--resource-anchor"}]}
RESULT: undefined
COMMAND: POST /session/93250f96accc2e6fd098c611002cad19/element - {"using":"xpath","value":"//*[@id=\"application-manageresources-display-component---newResourceUnit--newRRUPage-anchBar-application-manageresources-display-component---newResourceUnit--resource-anchor\"]"}
RESULT: {"using":"xpath","value":"//*[@id=\"application-manageresources-display-component---newResourceUnit--newRRUPage-anchBar-application-manageresources-display-component---newResourceUnit--resource-anchor\"]"}
COMMAND: POST /session/93250f96accc2e6fd098c611002cad19/element/f.8FBEE169B4A1F4A008E4BE6459EA698B.d.1AE5A6265DAA1A911411F828EB6BE978.e.1603/click - {}
RESULT: {}
COMMAND: POST /session/93250f96accc2e6fd098c611002cad19/execute/async - {"script":"<script> [1562 bytes]","args":[{"selector":{"id":"application-manageresources-display-component---newResourceUnit--PLANNED_DELIVERY_DATE","interaction":{"idSuffix":"inner"}},"wdio_ui5_key":"applicationmanageresources-display-component---newResourceUnit--PLANNED_DELIVERY_DATE"}]}
COMMAND: GET /session/93250f96accc2e6fd098c611002cad19/screenshot - {}
RESULT: {"script":"<script> [1562 bytes]","args":[{"selector":{"id":"application-manageresources-display-component---newResourceUnit--PLANNED_DELIVERY_DATE","interaction":{"idSuffix":"inner"}},"wdio_ui5_key":"applicationmanageresources-display-component---newResourceUnit--PLANNED_DELIVERY_DATE"}]}
RESULT: undefined
COMMAND: POST /session/93250f96accc2e6fd098c611002cad19/execute/async - {"script":"<script> [6424 bytes]","args":[{"element-6066-11e4-a52e-4f735466cecf":"f.8FBEE169B4A1F4A008E4BE6459EA698B.d.1AE5A6265DAA1A911411F828EB6BE978.e.1431"},"setValue",["6/4/25"]]}
RESULT: {}
RESULT: {"script":"<script> [6424 bytes]","args":[{"element-6066-11e4-a52e-4f735466cecf":"f.8FBEE169B4A1F4A008E4BE6459EA698B.d.1AE5A6265DAA1A911411F828EB6BE978.e.1431"},"setValue",["6/4/25"]]}
COMMAND: POST /session/93250f96accc2e6fd098c611002cad19/element - {"using":"xpath","value":"//label[contains(@class, 'sapMLabelRequired') and .//bdi[contains(text(), 'Planned Retirement')]]"}
RESULT: {"using":"xpath","value":"//label[contains(@class, 'sapMLabelRequired') and .//bdi[contains(text(), 'Planned Retirement')]]"}
COMMAND: POST /session/93250f96accc2e6fd098c611002cad19/elements - {"using":"xpath","value":"//label[contains(@class, 'sapMLabelRequired') and .//bdi[contains(text(), 'Planned Retirement')]]"}
RESULT: {"using":"xpath","value":"//label[contains(@class, 'sapMLabelRequired') and .//bdi[contains(text(), 'Planned Retirement')]]"}
COMMAND: POST /session/93250f96accc2e6fd098c611002cad19/element - {"using":"xpath","value":"//button[@data-kt=\"resourceUnitSaveButton\"]"}
RESULT: {"using":"xpath","value":"//button[@data-kt=\"resourceUnitSaveButton\"]"}
COMMAND: POST /session/93250f96accc2e6fd098c611002cad19/element/f.8FBEE169B4A1F4A008E4BE6459EA698B.d.1AE5A6265DAA1A911411F828EB6BE978.e.1391/click - {}
RESULT: {}
COMMAND: GET /session/93250f96accc2e6fd098c611002cad19/screenshot - {}
RESULT: {}
COMMAND: POST /session/93250f96accc2e6fd098c611002cad19/element - {"using":"xpath","value":"//bdi[contains(text(), \"Close\")]"}
RESULT: {"using":"xpath","value":"//bdi[contains(text(), \"Close\")]"}
COMMAND: POST /session/93250f96accc2e6fd098c611002cad19/element/f.8FBEE169B4A1F4A008E4BE6459EA698B.d.1AE5A6265DAA1A911411F828EB6BE978.e.1613/click - {}
RESULT: {}
COMMAND: GET /session/93250f96accc2e6fd098c611002cad19/screenshot - {}
COMMAND: POST /session/93250f96accc2e6fd098c611002cad19/element - {"using":"xpath","value":"(//button[contains(@id ,\"actionsToolbar-overflowButton\")])[1]"}
RESULT: {}
RESULT: {"using":"xpath","value":"(//button[contains(@id ,\"actionsToolbar-overflowButton\")])[1]"}
COMMAND: POST /session/93250f96accc2e6fd098c611002cad19/element/f.8FBEE169B4A1F4A008E4BE6459EA698B.d.1AE5A6265DAA1A911411F828EB6BE978.e.1672/click - {}
RESULT: {}
COMMAND: GET /session/93250f96accc2e6fd098c611002cad19/screenshot - {}
RESULT: {}
COMMAND: POST /session/93250f96accc2e6fd098c611002cad19/element - {"using":"xpath","value":"//button[@data-kt=\"priceInfoButton\"]"}
RESULT: {"using":"xpath","value":"//button[@data-kt=\"priceInfoButton\"]"}
COMMAND: POST /session/93250f96accc2e6fd098c611002cad19/element/f.8FBEE169B4A1F4A008E4BE6459EA698B.d.1AE5A6265DAA1A911411F828EB6BE978.e.1674/click - {}
RESULT: {}
COMMAND: GET /session/93250f96accc2e6fd098c611002cad19/screenshot - {}
RESULT: {}
COMMAND: POST /session/93250f96accc2e6fd098c611002cad19/element - {"using":"css selector","value":"#shell-header-logo"}
RESULT: {"using":"css selector","value":"#shell-header-logo"}
COMMAND: POST /session/93250f96accc2e6fd098c611002cad19/element/f.8FBEE169B4A1F4A008E4BE6459EA698B.d.1AE5A6265DAA1A911411F828EB6BE978.e.991/click - {}
RESULT: {}
]]></system-out>
    </testcase>
    <testcase classname="chrome.136_0_7103_93.windows.Create_condition_pricing_US117289_US134625" name="Should create new condition" time="67.356">
      <system-out><![CDATA[
COMMAND: POST /session/93250f96accc2e6fd098c611002cad19/execute/async - {"script":"<script> [1562 bytes]","args":[{"selector":{"controlType":"sap.m.GenericTile","properties":{"header":"Manage Conditions & Prices"}},"wdio_ui5_key":"sapm.GenericTile{\"header\":\"Manage Conditions & Prices\"}"}]}
COMMAND: GET /session/93250f96accc2e6fd098c611002cad19/screenshot - {}
RESULT: {"script":"<script> [1562 bytes]","args":[{"selector":{"controlType":"sap.m.GenericTile","properties":{"header":"Manage Conditions & Prices"}},"wdio_ui5_key":"sapm.GenericTile{\"header\":\"Manage Conditions & Prices\"}"}]}
RESULT: undefined
COMMAND: POST /session/93250f96accc2e6fd098c611002cad19/element - {"using":"xpath","value":"//*[@id=\"__tile53\"]"}
RESULT: {}
RESULT: {"using":"xpath","value":"//*[@id=\"__tile53\"]"}
COMMAND: POST /session/93250f96accc2e6fd098c611002cad19/element/f.8FBEE169B4A1F4A008E4BE6459EA698B.d.1AE5A6265DAA1A911411F828EB6BE978.e.190/click - {}
RESULT: {}
COMMAND: GET /session/93250f96accc2e6fd098c611002cad19/screenshot - {}
RESULT: {}
COMMAND: POST /session/93250f96accc2e6fd098c611002cad19/elements - {"using":"xpath","value":"//span[text()='Error']"}
RESULT: {"using":"xpath","value":"//span[text()='Error']"}
COMMAND: POST /session/93250f96accc2e6fd098c611002cad19/element - {"using":"xpath","value":"//button[@aria-label=\"Create\"]"}
RESULT: {"using":"xpath","value":"//button[@aria-label=\"Create\"]"}
COMMAND: POST /session/93250f96accc2e6fd098c611002cad19/elements - {"using":"xpath","value":"//button[@aria-label=\"Create\"]"}
RESULT: {"using":"xpath","value":"//button[@aria-label=\"Create\"]"}
COMMAND: POST /session/93250f96accc2e6fd098c611002cad19/execute/sync - {"script":"<script> [8489 bytes]","args":[{"element-6066-11e4-a52e-4f735466cecf":"f.8FBEE169B4A1F4A008E4BE6459EA698B.d.1AE5A6265DAA1A911411F828EB6BE978.e.1745","ELEMENT":"f.8FBEE169B4A1F4A008E4BE6459EA698B.d.1AE5A6265DAA1A911411F828EB6BE978.e.1745"}]}
RESULT: {"script":"<script> [8489 bytes]","args":[{"element-6066-11e4-a52e-4f735466cecf":"f.8FBEE169B4A1F4A008E4BE6459EA698B.d.1AE5A6265DAA1A911411F828EB6BE978.e.1745","ELEMENT":"f.8FBEE169B4A1F4A008E4BE6459EA698B.d.1AE5A6265DAA1A911411F828EB6BE978.e.1745"}]}
COMMAND: GET /session/93250f96accc2e6fd098c611002cad19/element/f.8FBEE169B4A1F4A008E4BE6459EA698B.d.1AE5A6265DAA1A911411F828EB6BE978.e.1745/enabled - {}
COMMAND: GET /session/93250f96accc2e6fd098c611002cad19/screenshot - {}
RESULT: {}
COMMAND: POST /session/93250f96accc2e6fd098c611002cad19/execute/sync - {"script":"<script> [8489 bytes]","args":[{"element-6066-11e4-a52e-4f735466cecf":"f.8FBEE169B4A1F4A008E4BE6459EA698B.d.1AE5A6265DAA1A911411F828EB6BE978.e.1745","ELEMENT":"f.8FBEE169B4A1F4A008E4BE6459EA698B.d.1AE5A6265DAA1A911411F828EB6BE978.e.1745"}]}
COMMAND: GET /session/93250f96accc2e6fd098c611002cad19/screenshot - {}
RESULT: {}
RESULT: {"script":"<script> [8489 bytes]","args":[{"element-6066-11e4-a52e-4f735466cecf":"f.8FBEE169B4A1F4A008E4BE6459EA698B.d.1AE5A6265DAA1A911411F828EB6BE978.e.1745","ELEMENT":"f.8FBEE169B4A1F4A008E4BE6459EA698B.d.1AE5A6265DAA1A911411F828EB6BE978.e.1745"}]}
COMMAND: POST /session/93250f96accc2e6fd098c611002cad19/execute/sync - {"script":"<script> [5351 bytes]","args":[{"element-6066-11e4-a52e-4f735466cecf":"f.8FBEE169B4A1F4A008E4BE6459EA698B.d.1AE5A6265DAA1A911411F828EB6BE978.e.1745","ELEMENT":"f.8FBEE169B4A1F4A008E4BE6459EA698B.d.1AE5A6265DAA1A911411F828EB6BE978.e.1745"}]}
COMMAND: GET /session/93250f96accc2e6fd098c611002cad19/screenshot - {}
RESULT: {}
RESULT: {"script":"<script> [5351 bytes]","args":[{"element-6066-11e4-a52e-4f735466cecf":"f.8FBEE169B4A1F4A008E4BE6459EA698B.d.1AE5A6265DAA1A911411F828EB6BE978.e.1745","ELEMENT":"f.8FBEE169B4A1F4A008E4BE6459EA698B.d.1AE5A6265DAA1A911411F828EB6BE978.e.1745"}]}
COMMAND: POST /session/93250f96accc2e6fd098c611002cad19/element/f.8FBEE169B4A1F4A008E4BE6459EA698B.d.1AE5A6265DAA1A911411F828EB6BE978.e.1745/click - {}
COMMAND: GET /session/93250f96accc2e6fd098c611002cad19/screenshot - {}
RESULT: {}
RESULT: {}
COMMAND: GET /session/93250f96accc2e6fd098c611002cad19/screenshot - {}
RESULT: {}
RESULT: {}
COMMAND: POST /session/93250f96accc2e6fd098c611002cad19/actions - {"actions":[{"id":"action6","type":"key","parameters":{},"actions":[{"type":"keyDown","value":"î€‡"},{"type":"pause","duration":10},{"type":"keyUp","value":"î€‡"}]}]}
RESULT: {"actions":[{"id":"action6","type":"key","parameters":{},"actions":[{"type":"keyDown","value":"î€‡"},{"type":"pause","duration":10},{"type":"keyUp","value":"î€‡"}]}]}
COMMAND: GET /session/93250f96accc2e6fd098c611002cad19/screenshot - {}
RESULT: {}
COMMAND: POST /session/93250f96accc2e6fd098c611002cad19/execute/async - {"script":"<script> [1562 bytes]","args":[{"selector":{"id":"application-manageconditionprice-display-component---newCondition--condBillCond-arrow"},"wdio_ui5_key":"applicationmanageconditionprice-display-component---newCondition--condBillCond-arrow"}]}
RESULT: {"script":"<script> [1562 bytes]","args":[{"selector":{"id":"application-manageconditionprice-display-component---newCondition--condBillCond-arrow"},"wdio_ui5_key":"applicationmanageconditionprice-display-component---newCondition--condBillCond-arrow"}]}
RESULT: undefined
COMMAND: POST /session/93250f96accc2e6fd098c611002cad19/element - {"using":"xpath","value":"//*[@id=\"application-manageconditionprice-display-component---newCondition--condBillCond-arrow\"]"}
RESULT: {"using":"xpath","value":"//*[@id=\"application-manageconditionprice-display-component---newCondition--condBillCond-arrow\"]"}
COMMAND: POST /session/93250f96accc2e6fd098c611002cad19/element/f.8FBEE169B4A1F4A008E4BE6459EA698B.d.1AE5A6265DAA1A911411F828EB6BE978.e.1926/click - {}
RESULT: {}
COMMAND: GET /session/93250f96accc2e6fd098c611002cad19/screenshot - {}
RESULT: {}
COMMAND: POST /session/93250f96accc2e6fd098c611002cad19/element - {"using":"xpath","value":"//li[.//span[contains(text(), \"SAPR - Sales price\")]]"}
RESULT: {"using":"xpath","value":"//li[.//span[contains(text(), \"SAPR - Sales price\")]]"}
COMMAND: POST /session/93250f96accc2e6fd098c611002cad19/element/f.8FBEE169B4A1F4A008E4BE6459EA698B.d.1AE5A6265DAA1A911411F828EB6BE978.e.1929/click - {}
RESULT: {}
COMMAND: GET /session/93250f96accc2e6fd098c611002cad19/screenshot - {}
RESULT: {}
COMMAND: POST /session/93250f96accc2e6fd098c611002cad19/execute/async - {"script":"<script> [1562 bytes]","args":[{"selector":{"id":"application-manageconditionprice-display-component---newCondition--condValidTo","interaction":{"idSuffix":"inner"}},"wdio_ui5_key":"applicationmanageconditionprice-display-component---newCondition--condValidTo"}]}
RESULT: {"script":"<script> [1562 bytes]","args":[{"selector":{"id":"application-manageconditionprice-display-component---newCondition--condValidTo","interaction":{"idSuffix":"inner"}},"wdio_ui5_key":"applicationmanageconditionprice-display-component---newCondition--condValidTo"}]}
RESULT: undefined
COMMAND: POST /session/93250f96accc2e6fd098c611002cad19/execute/async - {"script":"<script> [776 bytes]","args":[{"enterText":"2/4/26","selector":{"id":"application-manageconditionprice-display-component---newCondition--condValidTo","interaction":{"idSuffix":"inner"}},"clearTextFirst":true,"interactionType":"ENTER_TEXT"}]}
RESULT: {"script":"<script> [776 bytes]","args":[{"enterText":"2/4/26","selector":{"id":"application-manageconditionprice-display-component---newCondition--condValidTo","interaction":{"idSuffix":"inner"}},"clearTextFirst":true,"interactionType":"ENTER_TEXT"}]}
COMMAND: POST /session/93250f96accc2e6fd098c611002cad19/element - {"using":"xpath","value":"//input[@id=\"application-manageconditionprice-display-component---newCondition--condRU-inner\"]"}
RESULT: {"using":"xpath","value":"//input[@id=\"application-manageconditionprice-display-component---newCondition--condRU-inner\"]"}
COMMAND: POST /session/93250f96accc2e6fd098c611002cad19/element/f.8FBEE169B4A1F4A008E4BE6459EA698B.d.1AE5A6265DAA1A911411F828EB6BE978.e.1791/clear - {}
RESULT: {}
COMMAND: POST /session/93250f96accc2e6fd098c611002cad19/element/f.8FBEE169B4A1F4A008E4BE6459EA698B.d.1AE5A6265DAA1A911411F828EB6BE978.e.1791/value - {"text":"HUIUyxjqA2"}
COMMAND: GET /session/93250f96accc2e6fd098c611002cad19/screenshot - {}
RESULT: {"text":"HUIUyxjqA2"}
COMMAND: GET /session/93250f96accc2e6fd098c611002cad19/screenshot - {}
RESULT: {}
RESULT: {}
COMMAND: POST /session/93250f96accc2e6fd098c611002cad19/actions - {"actions":[{"id":"action7","type":"key","parameters":{},"actions":[{"type":"keyDown","value":"î€‡"},{"type":"pause","duration":10},{"type":"keyUp","value":"î€‡"}]}]}
RESULT: {"actions":[{"id":"action7","type":"key","parameters":{},"actions":[{"type":"keyDown","value":"î€‡"},{"type":"pause","duration":10},{"type":"keyUp","value":"î€‡"}]}]}
COMMAND: POST /session/93250f96accc2e6fd098c611002cad19/execute/async - {"script":"<script> [1562 bytes]","args":[{"selector":{"id":"application-manageconditionprice-display-component---newCondition--condBaseQty","interaction":{"idSuffix":"inner"}},"wdio_ui5_key":"applicationmanageconditionprice-display-component---newCondition--condBaseQty"}]}
COMMAND: GET /session/93250f96accc2e6fd098c611002cad19/screenshot - {}
RESULT: {"script":"<script> [1562 bytes]","args":[{"selector":{"id":"application-manageconditionprice-display-component---newCondition--condBaseQty","interaction":{"idSuffix":"inner"}},"wdio_ui5_key":"applicationmanageconditionprice-display-component---newCondition--condBaseQty"}]}
RESULT: undefined
COMMAND: POST /session/93250f96accc2e6fd098c611002cad19/execute/async - {"script":"<script> [776 bytes]","args":[{"enterText":"1","selector":{"id":"application-manageconditionprice-display-component---newCondition--condBaseQty","interaction":{"idSuffix":"inner"}},"clearTextFirst":true,"interactionType":"ENTER_TEXT"}]}
RESULT: {}
RESULT: {"script":"<script> [776 bytes]","args":[{"enterText":"1","selector":{"id":"application-manageconditionprice-display-component---newCondition--condBaseQty","interaction":{"idSuffix":"inner"}},"clearTextFirst":true,"interactionType":"ENTER_TEXT"}]}
COMMAND: POST /session/93250f96accc2e6fd098c611002cad19/execute/async - {"script":"<script> [1562 bytes]","args":[{"selector":{"id":"application-manageconditionprice-display-component---newCondition--condValue","interaction":{"idSuffix":"inner"}},"wdio_ui5_key":"applicationmanageconditionprice-display-component---newCondition--condValue"}]}
RESULT: {"script":"<script> [1562 bytes]","args":[{"selector":{"id":"application-manageconditionprice-display-component---newCondition--condValue","interaction":{"idSuffix":"inner"}},"wdio_ui5_key":"applicationmanageconditionprice-display-component---newCondition--condValue"}]}
RESULT: undefined
COMMAND: POST /session/93250f96accc2e6fd098c611002cad19/execute/async - {"script":"<script> [776 bytes]","args":[{"enterText":"200","selector":{"id":"application-manageconditionprice-display-component---newCondition--condValue","interaction":{"idSuffix":"inner"}},"clearTextFirst":true,"interactionType":"ENTER_TEXT"}]}
RESULT: {"script":"<script> [776 bytes]","args":[{"enterText":"200","selector":{"id":"application-manageconditionprice-display-component---newCondition--condValue","interaction":{"idSuffix":"inner"}},"clearTextFirst":true,"interactionType":"ENTER_TEXT"}]}
COMMAND: POST /session/93250f96accc2e6fd098c611002cad19/execute/async - {"script":"<script> [1562 bytes]","args":[{"selector":{"id":"application-manageconditionprice-display-component---newCondition--condCurr-arrow"},"wdio_ui5_key":"applicationmanageconditionprice-display-component---newCondition--condCurr-arrow"}]}
RESULT: {"script":"<script> [1562 bytes]","args":[{"selector":{"id":"application-manageconditionprice-display-component---newCondition--condCurr-arrow"},"wdio_ui5_key":"applicationmanageconditionprice-display-component---newCondition--condCurr-arrow"}]}
RESULT: undefined
COMMAND: POST /session/93250f96accc2e6fd098c611002cad19/element - {"using":"xpath","value":"//*[@id=\"application-manageconditionprice-display-component---newCondition--condCurr-arrow\"]"}
RESULT: {"using":"xpath","value":"//*[@id=\"application-manageconditionprice-display-component---newCondition--condCurr-arrow\"]"}
COMMAND: POST /session/93250f96accc2e6fd098c611002cad19/element/f.8FBEE169B4A1F4A008E4BE6459EA698B.d.1AE5A6265DAA1A911411F828EB6BE978.e.1881/click - {}
RESULT: {}
COMMAND: POST /session/93250f96accc2e6fd098c611002cad19/element - {"using":"xpath","value":"//span[contains(text(), \"Euro\")]"}
COMMAND: GET /session/93250f96accc2e6fd098c611002cad19/screenshot - {}
RESULT: {"using":"xpath","value":"//span[contains(text(), \"Euro\")]"}
COMMAND: POST /session/93250f96accc2e6fd098c611002cad19/element/f.8FBEE169B4A1F4A008E4BE6459EA698B.d.1AE5A6265DAA1A911411F828EB6BE978.e.1967/click - {}
RESULT: {}
RESULT: {}
COMMAND: POST /session/93250f96accc2e6fd098c611002cad19/element - {"using":"xpath","value":"//button[@data-kt=\"saveButton\"]"}
COMMAND: GET /session/93250f96accc2e6fd098c611002cad19/screenshot - {}
RESULT: {"using":"xpath","value":"//button[@data-kt=\"saveButton\"]"}
COMMAND: POST /session/93250f96accc2e6fd098c611002cad19/element/f.8FBEE169B4A1F4A008E4BE6459EA698B.d.1AE5A6265DAA1A911411F828EB6BE978.e.1882/click - {}
RESULT: {}
RESULT: {}
COMMAND: GET /session/93250f96accc2e6fd098c611002cad19/screenshot - {}
RESULT: {}
COMMAND: POST /session/93250f96accc2e6fd098c611002cad19/execute/async - {"script":"<script> [1562 bytes]","args":[{"selector":{"id":"application-manageconditionprice-display-component---conditions--smartFilterBar-btnBasicSearch","interaction":{"idSuffix":"I"}},"wdio_ui5_key":"applicationmanageconditionprice-display-component---conditions--smartFilterBar-btnBasicSearch"}]}
RESULT: {"script":"<script> [1562 bytes]","args":[{"selector":{"id":"application-manageconditionprice-display-component---conditions--smartFilterBar-btnBasicSearch","interaction":{"idSuffix":"I"}},"wdio_ui5_key":"applicationmanageconditionprice-display-component---conditions--smartFilterBar-btnBasicSearch"}]}
RESULT: undefined
COMMAND: POST /session/93250f96accc2e6fd098c611002cad19/execute/async - {"script":"<script> [776 bytes]","args":[{"enterText":"HUIUyxjqA2","selector":{"id":"application-manageconditionprice-display-component---conditions--smartFilterBar-btnBasicSearch","interaction":{"idSuffix":"I"}},"clearTextFirst":true,"interactionType":"ENTER_TEXT"}]}
RESULT: {"script":"<script> [776 bytes]","args":[{"enterText":"HUIUyxjqA2","selector":{"id":"application-manageconditionprice-display-component---conditions--smartFilterBar-btnBasicSearch","interaction":{"idSuffix":"I"}},"clearTextFirst":true,"interactionType":"ENTER_TEXT"}]}
COMMAND: POST /session/93250f96accc2e6fd098c611002cad19/actions - {"actions":[{"id":"action8","type":"key","parameters":{},"actions":[{"type":"keyDown","value":"î€‡"},{"type":"pause","duration":10},{"type":"keyUp","value":"î€‡"}]}]}
RESULT: {"actions":[{"id":"action8","type":"key","parameters":{},"actions":[{"type":"keyDown","value":"î€‡"},{"type":"pause","duration":10},{"type":"keyUp","value":"î€‡"}]}]}
COMMAND: GET /session/93250f96accc2e6fd098c611002cad19/screenshot - {}
RESULT: {}
COMMAND: POST /session/93250f96accc2e6fd098c611002cad19/execute/async - {"script":"<script> [1562 bytes]","args":[{"selector":{"id":"application-manageconditionprice-display-component---conditions--smartFilterBar-filterItemControl_BASIC-BILL_TYPES-vhi"},"wdio_ui5_key":"applicationmanageconditionprice-display-component---conditions--smartFilterBar-filterItemControl_BASIC-BILL_TYPES-vhi"}]}
RESULT: {"script":"<script> [1562 bytes]","args":[{"selector":{"id":"application-manageconditionprice-display-component---conditions--smartFilterBar-filterItemControl_BASIC-BILL_TYPES-vhi"},"wdio_ui5_key":"applicationmanageconditionprice-display-component---conditions--smartFilterBar-filterItemControl_BASIC-BILL_TYPES-vhi"}]}
RESULT: undefined
COMMAND: POST /session/93250f96accc2e6fd098c611002cad19/element - {"using":"xpath","value":"//*[@id=\"application-manageconditionprice-display-component---conditions--smartFilterBar-filterItemControl_BASIC-BILL_TYPES-vhi\"]"}
RESULT: {"using":"xpath","value":"//*[@id=\"application-manageconditionprice-display-component---conditions--smartFilterBar-filterItemControl_BASIC-BILL_TYPES-vhi\"]"}
COMMAND: POST /session/93250f96accc2e6fd098c611002cad19/element/f.8FBEE169B4A1F4A008E4BE6459EA698B.d.1AE5A6265DAA1A911411F828EB6BE978.e.2074/click - {}
RESULT: {}
COMMAND: POST /session/93250f96accc2e6fd098c611002cad19/execute/async - {"script":"<script> [1562 bytes]","args":[{"selector":{"id":"application-manageconditionprice-display-component---conditions--smartFilterBar-filterItemControl_BASIC-BILL_TYPES-valueHelpDialog-smartFilterBar-btnBasicSearch","searchOpenDialogs":true,"interaction":{"idSuffix":"I"}},"wdio_ui5_key":"applicationmanageconditionprice-display-component---conditions--smartFilterBar-filterItemControl_BASIC-BILL_TYPES-valueHelpDialog-smartFilterBar-btnBasicSearch"}]}
COMMAND: GET /session/93250f96accc2e6fd098c611002cad19/screenshot - {}
RESULT: {"script":"<script> [1562 bytes]","args":[{"selector":{"id":"application-manageconditionprice-display-component---conditions--smartFilterBar-filterItemControl_BASIC-BILL_TYPES-valueHelpDialog-smartFilterBar-btnBasicSearch","searchOpenDialogs":true,"interaction":{"idSuffix":"I"}},"wdio_ui5_key":"applicationmanageconditionprice-display-component---conditions--smartFilterBar-filterItemControl_BASIC-BILL_TYPES-valueHelpDialog-smartFilterBar-btnBasicSearch"}]}
RESULT: undefined
COMMAND: POST /session/93250f96accc2e6fd098c611002cad19/execute/async - {"script":"<script> [776 bytes]","args":[{"enterText":"one","selector":{"id":"application-manageconditionprice-display-component---conditions--smartFilterBar-filterItemControl_BASIC-BILL_TYPES-valueHelpDialog-smartFilterBar-btnBasicSearch","searchOpenDialogs":true,"interaction":{"idSuffix":"I"}},"clearTextFirst":true,"interactionType":"ENTER_TEXT"}]}
RESULT: {}
RESULT: {"script":"<script> [776 bytes]","args":[{"enterText":"one","selector":{"id":"application-manageconditionprice-display-component---conditions--smartFilterBar-filterItemControl_BASIC-BILL_TYPES-valueHelpDialog-smartFilterBar-btnBasicSearch","searchOpenDialogs":true,"interaction":{"idSuffix":"I"}},"clearTextFirst":true,"interactionType":"ENTER_TEXT"}]}
COMMAND: POST /session/93250f96accc2e6fd098c611002cad19/actions - {"actions":[{"id":"action9","type":"key","parameters":{},"actions":[{"type":"keyDown","value":"î€‡"},{"type":"pause","duration":10},{"type":"keyUp","value":"î€‡"}]}]}
RESULT: {"actions":[{"id":"action9","type":"key","parameters":{},"actions":[{"type":"keyDown","value":"î€‡"},{"type":"pause","duration":10},{"type":"keyUp","value":"î€‡"}]}]}
COMMAND: GET /session/93250f96accc2e6fd098c611002cad19/screenshot - {}
RESULT: {}
COMMAND: POST /session/93250f96accc2e6fd098c611002cad19/element - {"using":"xpath","value":"//div[contains(@id, 'application-manageconditionprice-display-component---conditions--smartFilterBar-filterItemControl_BASIC-BILL_TYPES-valueHelpDialog-table-rowsel0')]"}
RESULT: {"using":"xpath","value":"//div[contains(@id, 'application-manageconditionprice-display-component---conditions--smartFilterBar-filterItemControl_BASIC-BILL_TYPES-valueHelpDialog-table-rowsel0')]"}
COMMAND: POST /session/93250f96accc2e6fd098c611002cad19/element/f.8FBEE169B4A1F4A008E4BE6459EA698B.d.1AE5A6265DAA1A911411F828EB6BE978.e.2084/click - {}
RESULT: {}
COMMAND: GET /session/93250f96accc2e6fd098c611002cad19/screenshot - {}
RESULT: {}
COMMAND: POST /session/93250f96accc2e6fd098c611002cad19/element - {"using":"xpath","value":"//bdi[contains(text(), \"OK\")]"}
RESULT: {"using":"xpath","value":"//bdi[contains(text(), \"OK\")]"}
COMMAND: POST /session/93250f96accc2e6fd098c611002cad19/element/f.8FBEE169B4A1F4A008E4BE6459EA698B.d.1AE5A6265DAA1A911411F828EB6BE978.e.2086/click - {}
RESULT: {}
COMMAND: GET /session/93250f96accc2e6fd098c611002cad19/screenshot - {}
RESULT: {}
COMMAND: POST /session/93250f96accc2e6fd098c611002cad19/element - {"using":"xpath","value":"//span[@id=\"application-manageconditionprice-display-component---conditions--smartTable-header-inner\"]"}
RESULT: {"using":"xpath","value":"//span[@id=\"application-manageconditionprice-display-component---conditions--smartTable-header-inner\"]"}
COMMAND: POST /session/93250f96accc2e6fd098c611002cad19/elements - {"using":"xpath","value":"//span[@id=\"application-manageconditionprice-display-component---conditions--smartTable-header-inner\"]"}
RESULT: {"using":"xpath","value":"//span[@id=\"application-manageconditionprice-display-component---conditions--smartTable-header-inner\"]"}
COMMAND: POST /session/93250f96accc2e6fd098c611002cad19/execute/sync - {"script":"<script> [56 bytes]","args":[{"element-6066-11e4-a52e-4f735466cecf":"f.8FBEE169B4A1F4A008E4BE6459EA698B.d.1AE5A6265DAA1A911411F828EB6BE978.e.2089","ELEMENT":"f.8FBEE169B4A1F4A008E4BE6459EA698B.d.1AE5A6265DAA1A911411F828EB6BE978.e.2089"}]}
RESULT: {"script":"<script> [56 bytes]","args":[{"element-6066-11e4-a52e-4f735466cecf":"f.8FBEE169B4A1F4A008E4BE6459EA698B.d.1AE5A6265DAA1A911411F828EB6BE978.e.2089","ELEMENT":"f.8FBEE169B4A1F4A008E4BE6459EA698B.d.1AE5A6265DAA1A911411F828EB6BE978.e.2089"}]}
COMMAND: POST /session/93250f96accc2e6fd098c611002cad19/element - {"using":"css selector","value":"#shell-header-logo"}
COMMAND: GET /session/93250f96accc2e6fd098c611002cad19/screenshot - {}
RESULT: {"using":"css selector","value":"#shell-header-logo"}
COMMAND: POST /session/93250f96accc2e6fd098c611002cad19/element/f.8FBEE169B4A1F4A008E4BE6459EA698B.d.1AE5A6265DAA1A911411F828EB6BE978.e.1713/click - {}
RESULT: {}
RESULT: {}
COMMAND: GET /session/93250f96accc2e6fd098c611002cad19/screenshot - {}
RESULT: {}
COMMAND: POST /session/93250f96accc2e6fd098c611002cad19/element - {"using":"css selector","value":"#j_username"}
COMMAND: POST /session/93250f96accc2e6fd098c611002cad19/url - {"url":"https://qa-testing-00-live-etm-ui.cfapps.eu10-004.hana.ondemand.com/"}
RESULT: {"using":"css selector","value":"#j_username"}
COMMAND: POST /session/93250f96accc2e6fd098c611002cad19/element - {"using":"css selector","value":"#j_username"}
RESULT: {"url":"https://qa-testing-00-live-etm-ui.cfapps.eu10-004.hana.ondemand.com/"}
RESULT: undefined
COMMAND: GET /session/93250f96accc2e6fd098c611002cad19/screenshot - {}
RESULT: {"using":"css selector","value":"#j_username"}
COMMAND: POST /session/93250f96accc2e6fd098c611002cad19/element - {"using":"css selector","value":"#shell-header-logo"}
RESULT: {}
RESULT: {"using":"css selector","value":"#shell-header-logo"}
COMMAND: POST /session/93250f96accc2e6fd098c611002cad19/execute/sync - {"script":"<script> [8489 bytes]","args":[{"element-6066-11e4-a52e-4f735466cecf":"f.8FBEE169B4A1F4A008E4BE6459EA698B.d.62FA80FA7D6664053555D0704C79CCA4.e.2108","ELEMENT":"f.8FBEE169B4A1F4A008E4BE6459EA698B.d.62FA80FA7D6664053555D0704C79CCA4.e.2108"}]}
RESULT: {"script":"<script> [8489 bytes]","args":[{"element-6066-11e4-a52e-4f735466cecf":"f.8FBEE169B4A1F4A008E4BE6459EA698B.d.62FA80FA7D6664053555D0704C79CCA4.e.2108","ELEMENT":"f.8FBEE169B4A1F4A008E4BE6459EA698B.d.62FA80FA7D6664053555D0704C79CCA4.e.2108"}]}
COMMAND: POST /session/93250f96accc2e6fd098c611002cad19/element - {"using":"css selector","value":"#shell-header-logo"}
COMMAND: GET /session/93250f96accc2e6fd098c611002cad19/screenshot - {}
RESULT: {"using":"css selector","value":"#shell-header-logo"}
COMMAND: POST /session/93250f96accc2e6fd098c611002cad19/execute/sync - {"script":"<script> [8489 bytes]","args":[{"element-6066-11e4-a52e-4f735466cecf":"f.8FBEE169B4A1F4A008E4BE6459EA698B.d.62FA80FA7D6664053555D0704C79CCA4.e.2108","ELEMENT":"f.8FBEE169B4A1F4A008E4BE6459EA698B.d.62FA80FA7D6664053555D0704C79CCA4.e.2108"}]}
RESULT: {}
RESULT: {"script":"<script> [8489 bytes]","args":[{"element-6066-11e4-a52e-4f735466cecf":"f.8FBEE169B4A1F4A008E4BE6459EA698B.d.62FA80FA7D6664053555D0704C79CCA4.e.2108","ELEMENT":"f.8FBEE169B4A1F4A008E4BE6459EA698B.d.62FA80FA7D6664053555D0704C79CCA4.e.2108"}]}
COMMAND: POST /session/93250f96accc2e6fd098c611002cad19/execute/sync - {"script":"<script> [5351 bytes]","args":[{"element-6066-11e4-a52e-4f735466cecf":"f.8FBEE169B4A1F4A008E4BE6459EA698B.d.62FA80FA7D6664053555D0704C79CCA4.e.2108","ELEMENT":"f.8FBEE169B4A1F4A008E4BE6459EA698B.d.62FA80FA7D6664053555D0704C79CCA4.e.2108"}]}
COMMAND: GET /session/93250f96accc2e6fd098c611002cad19/screenshot - {}
RESULT: {"script":"<script> [5351 bytes]","args":[{"element-6066-11e4-a52e-4f735466cecf":"f.8FBEE169B4A1F4A008E4BE6459EA698B.d.62FA80FA7D6664053555D0704C79CCA4.e.2108","ELEMENT":"f.8FBEE169B4A1F4A008E4BE6459EA698B.d.62FA80FA7D6664053555D0704C79CCA4.e.2108"}]}
COMMAND: POST /session/93250f96accc2e6fd098c611002cad19/element - {"using":"css selector","value":"#shell-header-logo"}
COMMAND: GET /session/93250f96accc2e6fd098c611002cad19/screenshot - {}
RESULT: {}
RESULT: {"using":"css selector","value":"#shell-header-logo"}
COMMAND: POST /session/93250f96accc2e6fd098c611002cad19/element/f.8FBEE169B4A1F4A008E4BE6459EA698B.d.62FA80FA7D6664053555D0704C79CCA4.e.2108/click - {}
RESULT: {}
RESULT: {}
COMMAND: GET /session/93250f96accc2e6fd098c611002cad19/screenshot - {}
RESULT: {}
COMMAND: POST /session/93250f96accc2e6fd098c611002cad19/execute/async - {"script":"<script> [189 bytes]","args":[]}
RESULT: {"script":"<script> [189 bytes]","args":[]}
COMMAND: POST /session/93250f96accc2e6fd098c611002cad19/execute/async - {"script":"<script> [123 bytes]","args":[]}
RESULT: {"script":"<script> [123 bytes]","args":[]}
COMMAND: POST /session/93250f96accc2e6fd098c611002cad19/timeouts - {"script":"<number>"}
RESULT: {"script":"<number>"}
COMMAND: GET /session/93250f96accc2e6fd098c611002cad19/timeouts - {}
RESULT: {}
RESULT: undefined
COMMAND: POST /session/93250f96accc2e6fd098c611002cad19/execute/async - {"script":"<script> [2676 bytes]","args":[]}
RESULT: {"script":"<script> [2676 bytes]","args":[]}
COMMAND: POST /session/93250f96accc2e6fd098c611002cad19/execute/async - {"script":"<script> [2342 bytes]","args":[{"protocol":"http","hostname":"0.0.0.0","path":"/","capabilities":{"browserName":"chrome","goog:chromeOptions":{"binary":"C:\\Program Files\\Google\\Chrome\\Application\\chrome.exe","args":["--start-maximized"]}},"logLevel":"warn","connectionRetryTimeout":120000,"connectionRetryCount":3,"logLevels":{},"enableDirectConnect":true,"strictSSL":true,"_":"65 more keys: [\"cacheDir\",\"port\",\"requestedCapabilities\",\"automationProtocol\",\"baseUrl\",\"waitforInterval\",\"waitforTimeout\",\"onReload\",\"beforeCommand\",\"afterCommand\",\"rootDir\",\"specs\",\"suites\",\"exclude\",\"groupLogsByTestSpec\",\"excludeDriverLogs\",\"bail\",\"framework\",\"reporters\",\"services\",\"maxInstances\",\"maxInstancesPerCapability\",\"injectGlobals\",\"filesToWatch\",\"execArgv\",\"runnerEnv\",\"runner\",\"shard\",\"specFileRetries\",\"specFileRetriesDelay\",\"specFileRetriesDeferred\",\"reporterSyncInterval\",\"reporterSyncTimeout\",\"cucumberFeaturesWithLineNumbers\",\"autoCompileOpts\",\"mochaOpts\",\"jasmineOpts\",\"cucumberOpts\",\"onPrepare\",\"onWorkerStart\",\"onWorkerEnd\",\"before\",\"beforeSession\",\"beforeSuite\",\"beforeHook\",\"beforeTest\",\"afterTest\",\"afterHook\",\"afterSuite\",\"afterSession\",\"after\",\"onComplete\",\"beforeAssertion\",\"afterAssertion\",\"beforeFeature\",\"beforeScenario\",\"beforeStep\",\"afterStep\",\"afterScenario\",\"afterFeature\",\"_\",\"suite\",\"$0\",\"ignoredWorkerServices\",\"wdi5\"]"}]}
RESULT: {"script":"<script> [2342 bytes]","args":[{"protocol":"http","hostname":"0.0.0.0","path":"/","capabilities":{"browserName":"chrome","goog:chromeOptions":{"binary":"C:\\Program Files\\Google\\Chrome\\Application\\chrome.exe","args":["--start-maximized"]}},"logLevel":"warn","connectionRetryTimeout":120000,"connectionRetryCount":3,"logLevels":{},"enableDirectConnect":true,"strictSSL":true,"_":"65 more keys: [\"cacheDir\",\"port\",\"requestedCapabilities\",\"automationProtocol\",\"baseUrl\",\"waitforInterval\",\"waitforTimeout\",\"onReload\",\"beforeCommand\",\"afterCommand\",\"rootDir\",\"specs\",\"suites\",\"exclude\",\"groupLogsByTestSpec\",\"excludeDriverLogs\",\"bail\",\"framework\",\"reporters\",\"services\",\"maxInstances\",\"maxInstancesPerCapability\",\"injectGlobals\",\"filesToWatch\",\"execArgv\",\"runnerEnv\",\"runner\",\"shard\",\"specFileRetries\",\"specFileRetriesDelay\",\"specFileRetriesDeferred\",\"reporterSyncInterval\",\"reporterSyncTimeout\",\"cucumberFeaturesWithLineNumbers\",\"autoCompileOpts\",\"mochaOpts\",\"jasmineOpts\",\"cucumberOpts\",\"onPrepare\",\"onWorkerStart\",\"onWorkerEnd\",\"before\",\"beforeSession\",\"beforeSuite\",\"beforeHook\",\"beforeTest\",\"afterTest\",\"afterHook\",\"afterSuite\",\"afterSession\",\"after\",\"onComplete\",\"beforeAssertion\",\"afterAssertion\",\"beforeFeature\",\"beforeScenario\",\"beforeStep\",\"afterStep\",\"afterScenario\",\"afterFeature\",\"_\",\"suite\",\"$0\",\"ignoredWorkerServices\",\"wdi5\"]"}]}
COMMAND: POST /session/93250f96accc2e6fd098c611002cad19/execute/async - {"script":"<script> [21126 bytes]","args":[35000]}
RESULT: {"script":"<script> [21126 bytes]","args":[35000]}
COMMAND: POST /session/93250f96accc2e6fd098c611002cad19/window/maximize - {}
RESULT: {}
COMMAND: POST /session/93250f96accc2e6fd098c611002cad19/execute/async - {"script":"<script> [1562 bytes]","args":[{"selector":{"id":"shell-header","interaction":{"idSuffix":"icon"}},"wdio_ui5_key":"shellheader"}]}
COMMAND: GET /session/93250f96accc2e6fd098c611002cad19/screenshot - {}
RESULT: {"script":"<script> [1562 bytes]","args":[{"selector":{"id":"shell-header","interaction":{"idSuffix":"icon"}},"wdio_ui5_key":"shellheader"}]}
RESULT: undefined
COMMAND: POST /session/93250f96accc2e6fd098c611002cad19/refresh - {}
RESULT: {}
RESULT: {}
COMMAND: GET /session/93250f96accc2e6fd098c611002cad19/screenshot - {}
RESULT: {}
COMMAND: POST /session/93250f96accc2e6fd098c611002cad19/refresh - {}
RESULT: {}
COMMAND: GET /session/93250f96accc2e6fd098c611002cad19/screenshot - {}
RESULT: {}
COMMAND: POST /session/93250f96accc2e6fd098c611002cad19/window/fullscreen - {}
RESULT: {}
COMMAND: POST /session/93250f96accc2e6fd098c611002cad19/execute/async - {"script":"<script> [189 bytes]","args":[]}
RESULT: {"script":"<script> [189 bytes]","args":[]}
COMMAND: POST /session/93250f96accc2e6fd098c611002cad19/execute/async - {"script":"<script> [123 bytes]","args":[]}
RESULT: {"script":"<script> [123 bytes]","args":[]}
COMMAND: POST /session/93250f96accc2e6fd098c611002cad19/timeouts - {"script":"<number>"}
RESULT: {"script":"<number>"}
COMMAND: GET /session/93250f96accc2e6fd098c611002cad19/timeouts - {}
RESULT: {}
RESULT: undefined
COMMAND: POST /session/93250f96accc2e6fd098c611002cad19/execute/async - {"script":"<script> [2676 bytes]","args":[]}
RESULT: {"script":"<script> [2676 bytes]","args":[]}
COMMAND: POST /session/93250f96accc2e6fd098c611002cad19/execute/async - {"script":"<script> [2342 bytes]","args":[{"protocol":"http","hostname":"0.0.0.0","path":"/","capabilities":{"browserName":"chrome","goog:chromeOptions":{"binary":"C:\\Program Files\\Google\\Chrome\\Application\\chrome.exe","args":["--start-maximized"]}},"logLevel":"warn","connectionRetryTimeout":120000,"connectionRetryCount":3,"logLevels":{},"enableDirectConnect":true,"strictSSL":true,"_":"65 more keys: [\"cacheDir\",\"port\",\"requestedCapabilities\",\"automationProtocol\",\"baseUrl\",\"waitforInterval\",\"waitforTimeout\",\"onReload\",\"beforeCommand\",\"afterCommand\",\"rootDir\",\"specs\",\"suites\",\"exclude\",\"groupLogsByTestSpec\",\"excludeDriverLogs\",\"bail\",\"framework\",\"reporters\",\"services\",\"maxInstances\",\"maxInstancesPerCapability\",\"injectGlobals\",\"filesToWatch\",\"execArgv\",\"runnerEnv\",\"runner\",\"shard\",\"specFileRetries\",\"specFileRetriesDelay\",\"specFileRetriesDeferred\",\"reporterSyncInterval\",\"reporterSyncTimeout\",\"cucumberFeaturesWithLineNumbers\",\"autoCompileOpts\",\"mochaOpts\",\"jasmineOpts\",\"cucumberOpts\",\"onPrepare\",\"onWorkerStart\",\"onWorkerEnd\",\"before\",\"beforeSession\",\"beforeSuite\",\"beforeHook\",\"beforeTest\",\"afterTest\",\"afterHook\",\"afterSuite\",\"afterSession\",\"after\",\"onComplete\",\"beforeAssertion\",\"afterAssertion\",\"beforeFeature\",\"beforeScenario\",\"beforeStep\",\"afterStep\",\"afterScenario\",\"afterFeature\",\"_\",\"suite\",\"$0\",\"ignoredWorkerServices\",\"wdi5\"]"}]}
RESULT: {"script":"<script> [2342 bytes]","args":[{"protocol":"http","hostname":"0.0.0.0","path":"/","capabilities":{"browserName":"chrome","goog:chromeOptions":{"binary":"C:\\Program Files\\Google\\Chrome\\Application\\chrome.exe","args":["--start-maximized"]}},"logLevel":"warn","connectionRetryTimeout":120000,"connectionRetryCount":3,"logLevels":{},"enableDirectConnect":true,"strictSSL":true,"_":"65 more keys: [\"cacheDir\",\"port\",\"requestedCapabilities\",\"automationProtocol\",\"baseUrl\",\"waitforInterval\",\"waitforTimeout\",\"onReload\",\"beforeCommand\",\"afterCommand\",\"rootDir\",\"specs\",\"suites\",\"exclude\",\"groupLogsByTestSpec\",\"excludeDriverLogs\",\"bail\",\"framework\",\"reporters\",\"services\",\"maxInstances\",\"maxInstancesPerCapability\",\"injectGlobals\",\"filesToWatch\",\"execArgv\",\"runnerEnv\",\"runner\",\"shard\",\"specFileRetries\",\"specFileRetriesDelay\",\"specFileRetriesDeferred\",\"reporterSyncInterval\",\"reporterSyncTimeout\",\"cucumberFeaturesWithLineNumbers\",\"autoCompileOpts\",\"mochaOpts\",\"jasmineOpts\",\"cucumberOpts\",\"onPrepare\",\"onWorkerStart\",\"onWorkerEnd\",\"before\",\"beforeSession\",\"beforeSuite\",\"beforeHook\",\"beforeTest\",\"afterTest\",\"afterHook\",\"afterSuite\",\"afterSession\",\"after\",\"onComplete\",\"beforeAssertion\",\"afterAssertion\",\"beforeFeature\",\"beforeScenario\",\"beforeStep\",\"afterStep\",\"afterScenario\",\"afterFeature\",\"_\",\"suite\",\"$0\",\"ignoredWorkerServices\",\"wdi5\"]"}]}
COMMAND: POST /session/93250f96accc2e6fd098c611002cad19/execute/async - {"script":"<script> [21126 bytes]","args":[35000]}
RESULT: {"script":"<script> [21126 bytes]","args":[35000]}
]]></system-out>
    </testcase>
  </testsuite>
  <testsuite timestamp="2025-06-04T05:29:47" time="145.154" tests="3" failures="0" errors="0" skipped="0">
    <properties>
      <property name="specId" value="0" />
      <property name="suiteName" value="Set up pricing rule(OT) 104624" />
      <property name="capabilities" value="chrome.136_0_7103_93.windows" />
      <property name="file" value="file:///D:/a/1/s/test/specs/BTS/create-pricing-rule.spec.js" />
    </properties>
    <testcase classname="chrome.136_0_7103_93.windows.Set_up_pricing_rule(OT)_104624" name="Should create a new yard used for all following tests" time="0.057">
      <system-out><![CDATA[
COMMAND: POST /session/93250f96accc2e6fd098c611002cad19/window/fullscreen - {}
RESULT: {}
]]></system-out>
    </testcase>
    <testcase classname="chrome.136_0_7103_93.windows.Set_up_pricing_rule(OT)_104624" name="Should create a new equipment used for all following tests" time="0.005" />
    <testcase classname="chrome.136_0_7103_93.windows.Set_up_pricing_rule(OT)_104624" name="Should create new pricing rule on the created resource from earlier module or above" time="83.859">
      <system-out><![CDATA[
COMMAND: POST /session/93250f96accc2e6fd098c611002cad19/execute/async - {"script":"<script> [1562 bytes]","args":[{"selector":{"controlType":"sap.m.GenericTile","properties":{"header":"Manage Pricing Rules"}},"wdio_ui5_key":"sapm.GenericTile{\"header\":\"Manage Pricing Rules\"}"}]}
RESULT: {"script":"<script> [1562 bytes]","args":[{"selector":{"controlType":"sap.m.GenericTile","properties":{"header":"Manage Pricing Rules"}},"wdio_ui5_key":"sapm.GenericTile{\"header\":\"Manage Pricing Rules\"}"}]}
RESULT: undefined
COMMAND: POST /session/93250f96accc2e6fd098c611002cad19/element - {"using":"xpath","value":"//*[@id=\"__tile55\"]"}
RESULT: {"using":"xpath","value":"//*[@id=\"__tile55\"]"}
COMMAND: POST /session/93250f96accc2e6fd098c611002cad19/element/f.8FBEE169B4A1F4A008E4BE6459EA698B.d.4B05890EE9A5B6E1C999DA8277D74621.e.2367/click - {}
RESULT: {}
COMMAND: GET /session/93250f96accc2e6fd098c611002cad19/screenshot - {}
RESULT: {}
COMMAND: POST /session/93250f96accc2e6fd098c611002cad19/elements - {"using":"xpath","value":"//span[text()='Error']"}
RESULT: {"using":"xpath","value":"//span[text()='Error']"}
COMMAND: POST /session/93250f96accc2e6fd098c611002cad19/execute/async - {"script":"<script> [1562 bytes]","args":[{"selector":{"controlType":"sap.ui.core.Icon","viewName":"etm.portal.ui.managepricingrules.view.MasterHeader","viewId":"application-managepricingrules-display-component---priceInfoHeader","properties":{"src":{"regex":{"source":"activity\\-items"}}}},"wdio_ui5_key":"etmportal.ui.managepricingrules.view.MasterHeadersap.ui.core.Icon{\"src\":{\"regex\":{\"source\":\"activity\\\\-items\"}}}"}]}
RESULT: {"script":"<script> [1562 bytes]","args":[{"selector":{"controlType":"sap.ui.core.Icon","viewName":"etm.portal.ui.managepricingrules.view.MasterHeader","viewId":"application-managepricingrules-display-component---priceInfoHeader","properties":{"src":{"regex":{"source":"activity\\-items"}}}},"wdio_ui5_key":"etmportal.ui.managepricingrules.view.MasterHeadersap.ui.core.Icon{\"src\":{\"regex\":{\"source\":\"activity\\\\-items\"}}}"}]}
RESULT: undefined
COMMAND: POST /session/93250f96accc2e6fd098c611002cad19/element - {"using":"xpath","value":"//*[@id=\"__filter1-icon\"]"}
RESULT: {"using":"xpath","value":"//*[@id=\"__filter1-icon\"]"}
COMMAND: POST /session/93250f96accc2e6fd098c611002cad19/element/f.8FBEE169B4A1F4A008E4BE6459EA698B.d.4B05890EE9A5B6E1C999DA8277D74621.e.2423/click - {}
RESULT: {}
COMMAND: GET /session/93250f96accc2e6fd098c611002cad19/screenshot - {}
RESULT: {}
COMMAND: POST /session/93250f96accc2e6fd098c611002cad19/element - {"using":"xpath","value":"//button[@data-kt=\"addButton\"]"}
RESULT: {"using":"xpath","value":"//button[@data-kt=\"addButton\"]"}
COMMAND: POST /session/93250f96accc2e6fd098c611002cad19/elements - {"using":"xpath","value":"//button[@data-kt=\"addButton\"]"}
RESULT: {"using":"xpath","value":"//button[@data-kt=\"addButton\"]"}
COMMAND: POST /session/93250f96accc2e6fd098c611002cad19/execute/sync - {"script":"<script> [8489 bytes]","args":[{"element-6066-11e4-a52e-4f735466cecf":"f.8FBEE169B4A1F4A008E4BE6459EA698B.d.4B05890EE9A5B6E1C999DA8277D74621.e.2470","ELEMENT":"f.8FBEE169B4A1F4A008E4BE6459EA698B.d.4B05890EE9A5B6E1C999DA8277D74621.e.2470"}]}
RESULT: {"script":"<script> [8489 bytes]","args":[{"element-6066-11e4-a52e-4f735466cecf":"f.8FBEE169B4A1F4A008E4BE6459EA698B.d.4B05890EE9A5B6E1C999DA8277D74621.e.2470","ELEMENT":"f.8FBEE169B4A1F4A008E4BE6459EA698B.d.4B05890EE9A5B6E1C999DA8277D74621.e.2470"}]}
COMMAND: GET /session/93250f96accc2e6fd098c611002cad19/element/f.8FBEE169B4A1F4A008E4BE6459EA698B.d.4B05890EE9A5B6E1C999DA8277D74621.e.2470/enabled - {}
COMMAND: GET /session/93250f96accc2e6fd098c611002cad19/screenshot - {}
RESULT: {}
COMMAND: POST /session/93250f96accc2e6fd098c611002cad19/execute/sync - {"script":"<script> [8489 bytes]","args":[{"element-6066-11e4-a52e-4f735466cecf":"f.8FBEE169B4A1F4A008E4BE6459EA698B.d.4B05890EE9A5B6E1C999DA8277D74621.e.2470","ELEMENT":"f.8FBEE169B4A1F4A008E4BE6459EA698B.d.4B05890EE9A5B6E1C999DA8277D74621.e.2470"}]}
COMMAND: GET /session/93250f96accc2e6fd098c611002cad19/screenshot - {}
RESULT: {}
RESULT: {"script":"<script> [8489 bytes]","args":[{"element-6066-11e4-a52e-4f735466cecf":"f.8FBEE169B4A1F4A008E4BE6459EA698B.d.4B05890EE9A5B6E1C999DA8277D74621.e.2470","ELEMENT":"f.8FBEE169B4A1F4A008E4BE6459EA698B.d.4B05890EE9A5B6E1C999DA8277D74621.e.2470"}]}
COMMAND: POST /session/93250f96accc2e6fd098c611002cad19/execute/sync - {"script":"<script> [5351 bytes]","args":[{"element-6066-11e4-a52e-4f735466cecf":"f.8FBEE169B4A1F4A008E4BE6459EA698B.d.4B05890EE9A5B6E1C999DA8277D74621.e.2470","ELEMENT":"f.8FBEE169B4A1F4A008E4BE6459EA698B.d.4B05890EE9A5B6E1C999DA8277D74621.e.2470"}]}
COMMAND: GET /session/93250f96accc2e6fd098c611002cad19/screenshot - {}
RESULT: {}
RESULT: {"script":"<script> [5351 bytes]","args":[{"element-6066-11e4-a52e-4f735466cecf":"f.8FBEE169B4A1F4A008E4BE6459EA698B.d.4B05890EE9A5B6E1C999DA8277D74621.e.2470","ELEMENT":"f.8FBEE169B4A1F4A008E4BE6459EA698B.d.4B05890EE9A5B6E1C999DA8277D74621.e.2470"}]}
COMMAND: POST /session/93250f96accc2e6fd098c611002cad19/element/f.8FBEE169B4A1F4A008E4BE6459EA698B.d.4B05890EE9A5B6E1C999DA8277D74621.e.2470/click - {}
RESULT: {}
COMMAND: GET /session/93250f96accc2e6fd098c611002cad19/screenshot - {}
RESULT: {}
COMMAND: GET /session/93250f96accc2e6fd098c611002cad19/screenshot - {}
RESULT: {}
RESULT: {}
COMMAND: POST /session/93250f96accc2e6fd098c611002cad19/execute/async - {"script":"<script> [1562 bytes]","args":[{"selector":{"controlType":"sap.m.Title","viewName":"etm.portal.ui.managepricingrules.view.NewItem","viewId":"application-managepricingrules-display-component---newInfoPriceItem","properties":{"text":"New Pricing Rules - Item Level"}},"wdio_ui5_key":"etmportal.ui.managepricingrules.view.NewItemsap.m.Title{\"text\":\"New Pricing Rules - Item Level\"}"}]}
RESULT: {"script":"<script> [1562 bytes]","args":[{"selector":{"controlType":"sap.m.Title","viewName":"etm.portal.ui.managepricingrules.view.NewItem","viewId":"application-managepricingrules-display-component---newInfoPriceItem","properties":{"text":"New Pricing Rules - Item Level"}},"wdio_ui5_key":"etmportal.ui.managepricingrules.view.NewItemsap.m.Title{\"text\":\"New Pricing Rules - Item Level\"}"}]}
RESULT: undefined
COMMAND: POST /session/93250f96accc2e6fd098c611002cad19/execute/async - {"script":"<script> [6424 bytes]","args":[{"element-6066-11e4-a52e-4f735466cecf":"f.8FBEE169B4A1F4A008E4BE6459EA698B.d.4B05890EE9A5B6E1C999DA8277D74621.e.2760"},"getText",[]]}
RESULT: {"script":"<script> [6424 bytes]","args":[{"element-6066-11e4-a52e-4f735466cecf":"f.8FBEE169B4A1F4A008E4BE6459EA698B.d.4B05890EE9A5B6E1C999DA8277D74621.e.2760"},"getText",[]]}
COMMAND: POST /session/93250f96accc2e6fd098c611002cad19/execute/async - {"script":"<script> [1562 bytes]","args":[{"selector":{"id":"application-managepricingrules-display-component---newInfoPriceItem--condValidTo","interaction":{"idSuffix":"inner"}},"wdio_ui5_key":"applicationmanagepricingrules-display-component---newInfoPriceItem--condValidTo"}]}
RESULT: {"script":"<script> [1562 bytes]","args":[{"selector":{"id":"application-managepricingrules-display-component---newInfoPriceItem--condValidTo","interaction":{"idSuffix":"inner"}},"wdio_ui5_key":"applicationmanagepricingrules-display-component---newInfoPriceItem--condValidTo"}]}
RESULT: undefined
COMMAND: POST /session/93250f96accc2e6fd098c611002cad19/execute/async - {"script":"<script> [776 bytes]","args":[{"enterText":"2/4/26","selector":{"id":"application-managepricingrules-display-component---newInfoPriceItem--condValidTo","interaction":{"idSuffix":"inner"}},"clearTextFirst":true,"interactionType":"ENTER_TEXT"}]}
RESULT: {"script":"<script> [776 bytes]","args":[{"enterText":"2/4/26","selector":{"id":"application-managepricingrules-display-component---newInfoPriceItem--condValidTo","interaction":{"idSuffix":"inner"}},"clearTextFirst":true,"interactionType":"ENTER_TEXT"}]}
COMMAND: POST /session/93250f96accc2e6fd098c611002cad19/element - {"using":"xpath","value":"//input[@id=\"application-managepricingrules-display-component---newInfoPriceItem--condRU-inner\"]"}
RESULT: {"using":"xpath","value":"//input[@id=\"application-managepricingrules-display-component---newInfoPriceItem--condRU-inner\"]"}
COMMAND: POST /session/93250f96accc2e6fd098c611002cad19/element/f.8FBEE169B4A1F4A008E4BE6459EA698B.d.4B05890EE9A5B6E1C999DA8277D74621.e.2723/clear - {}
RESULT: {}
COMMAND: POST /session/93250f96accc2e6fd098c611002cad19/element/f.8FBEE169B4A1F4A008E4BE6459EA698B.d.4B05890EE9A5B6E1C999DA8277D74621.e.2723/value - {"text":"HUIUyxjqA2"}
COMMAND: GET /session/93250f96accc2e6fd098c611002cad19/screenshot - {}
RESULT: {"text":"HUIUyxjqA2"}
COMMAND: GET /session/93250f96accc2e6fd098c611002cad19/screenshot - {}
RESULT: {}
RESULT: {}
COMMAND: POST /session/93250f96accc2e6fd098c611002cad19/execute/async - {"script":"<script> [1562 bytes]","args":[{"selector":{"id":"application-managepricingrules-display-component---newInfoPriceItem--billType-arrow"},"wdio_ui5_key":"applicationmanagepricingrules-display-component---newInfoPriceItem--billType-arrow"}]}
RESULT: {"script":"<script> [1562 bytes]","args":[{"selector":{"id":"application-managepricingrules-display-component---newInfoPriceItem--billType-arrow"},"wdio_ui5_key":"applicationmanagepricingrules-display-component---newInfoPriceItem--billType-arrow"}]}
RESULT: undefined
COMMAND: POST /session/93250f96accc2e6fd098c611002cad19/element - {"using":"xpath","value":"//*[@id=\"application-managepricingrules-display-component---newInfoPriceItem--billType-arrow\"]"}
RESULT: {"using":"xpath","value":"//*[@id=\"application-managepricingrules-display-component---newInfoPriceItem--billType-arrow\"]"}
COMMAND: POST /session/93250f96accc2e6fd098c611002cad19/element/f.8FBEE169B4A1F4A008E4BE6459EA698B.d.4B05890EE9A5B6E1C999DA8277D74621.e.2821/click - {}
RESULT: {}
COMMAND: POST /session/93250f96accc2e6fd098c611002cad19/element - {"using":"xpath","value":"//span[contains(text(), \"OT - Sales (one-time)\")]"}
COMMAND: GET /session/93250f96accc2e6fd098c611002cad19/screenshot - {}
RESULT: {"using":"xpath","value":"//span[contains(text(), \"OT - Sales (one-time)\")]"}
COMMAND: POST /session/93250f96accc2e6fd098c611002cad19/element/f.8FBEE169B4A1F4A008E4BE6459EA698B.d.4B05890EE9A5B6E1C999DA8277D74621.e.2862/click - {}
RESULT: {}
RESULT: {}
COMMAND: POST /session/93250f96accc2e6fd098c611002cad19/execute/async - {"script":"<script> [1562 bytes]","args":[{"selector":{"id":"application-managepricingrules-display-component---newInfoPriceItem--priceProc-arrow"},"wdio_ui5_key":"applicationmanagepricingrules-display-component---newInfoPriceItem--priceProc-arrow"}]}
COMMAND: GET /session/93250f96accc2e6fd098c611002cad19/screenshot - {}
RESULT: {"script":"<script> [1562 bytes]","args":[{"selector":{"id":"application-managepricingrules-display-component---newInfoPriceItem--priceProc-arrow"},"wdio_ui5_key":"applicationmanagepricingrules-display-component---newInfoPriceItem--priceProc-arrow"}]}
RESULT: undefined
COMMAND: POST /session/93250f96accc2e6fd098c611002cad19/element - {"using":"xpath","value":"//*[@id=\"application-managepricingrules-display-component---newInfoPriceItem--priceProc-arrow\"]"}
RESULT: {}
RESULT: {"using":"xpath","value":"//*[@id=\"application-managepricingrules-display-component---newInfoPriceItem--priceProc-arrow\"]"}
COMMAND: POST /session/93250f96accc2e6fd098c611002cad19/element/f.8FBEE169B4A1F4A008E4BE6459EA698B.d.4B05890EE9A5B6E1C999DA8277D74621.e.2828/click - {}
RESULT: {}
COMMAND: POST /session/93250f96accc2e6fd098c611002cad19/element - {"using":"xpath","value":"//span[contains(text(), \"MAT - Material\")]"}
COMMAND: GET /session/93250f96accc2e6fd098c611002cad19/screenshot - {}
RESULT: {"using":"xpath","value":"//span[contains(text(), \"MAT - Material\")]"}
COMMAND: POST /session/93250f96accc2e6fd098c611002cad19/element/f.8FBEE169B4A1F4A008E4BE6459EA698B.d.4B05890EE9A5B6E1C999DA8277D74621.e.2863/click - {}
RESULT: {}
RESULT: {}
COMMAND: POST /session/93250f96accc2e6fd098c611002cad19/execute/async - {"script":"<script> [1562 bytes]","args":[{"selector":{"id":"application-managepricingrules-display-component---newInfoPriceItem--calcBase-arrow"},"wdio_ui5_key":"applicationmanagepricingrules-display-component---newInfoPriceItem--calcBase-arrow"}]}
COMMAND: GET /session/93250f96accc2e6fd098c611002cad19/screenshot - {}
RESULT: {"script":"<script> [1562 bytes]","args":[{"selector":{"id":"application-managepricingrules-display-component---newInfoPriceItem--calcBase-arrow"},"wdio_ui5_key":"applicationmanagepricingrules-display-component---newInfoPriceItem--calcBase-arrow"}]}
RESULT: undefined
COMMAND: POST /session/93250f96accc2e6fd098c611002cad19/element - {"using":"xpath","value":"//*[@id=\"application-managepricingrules-display-component---newInfoPriceItem--calcBase-arrow\"]"}
RESULT: {}
RESULT: {"using":"xpath","value":"//*[@id=\"application-managepricingrules-display-component---newInfoPriceItem--calcBase-arrow\"]"}
COMMAND: POST /session/93250f96accc2e6fd098c611002cad19/element/f.8FBEE169B4A1F4A008E4BE6459EA698B.d.4B05890EE9A5B6E1C999DA8277D74621.e.2835/click - {}
RESULT: {}
COMMAND: GET /session/93250f96accc2e6fd098c611002cad19/screenshot - {}
RESULT: {}
COMMAND: POST /session/93250f96accc2e6fd098c611002cad19/element - {"using":"xpath","value":"//span[contains(text(), \"0001 - TB(exact month + cal_days)\")]"}
RESULT: {"using":"xpath","value":"//span[contains(text(), \"0001 - TB(exact month + cal_days)\")]"}
COMMAND: POST /session/93250f96accc2e6fd098c611002cad19/element/f.8FBEE169B4A1F4A008E4BE6459EA698B.d.4B05890EE9A5B6E1C999DA8277D74621.e.2864/click - {}
RESULT: {}
COMMAND: GET /session/93250f96accc2e6fd098c611002cad19/screenshot - {}
RESULT: {}
COMMAND: POST /session/93250f96accc2e6fd098c611002cad19/element - {"using":"xpath","value":"//button[@data-kt=\"saveNewRuleButton\"]"}
RESULT: {"using":"xpath","value":"//button[@data-kt=\"saveNewRuleButton\"]"}
COMMAND: POST /session/93250f96accc2e6fd098c611002cad19/element/f.8FBEE169B4A1F4A008E4BE6459EA698B.d.4B05890EE9A5B6E1C999DA8277D74621.e.2855/click - {}
RESULT: {}
COMMAND: GET /session/93250f96accc2e6fd098c611002cad19/screenshot - {}
RESULT: {}
COMMAND: POST /session/93250f96accc2e6fd098c611002cad19/execute/async - {"script":"<script> [1562 bytes]","args":[{"selector":{"id":"application-managepricingrules-display-component---priceInfoItem--smartFilterBar-btnBasicSearch","interaction":{"idSuffix":"I"}},"wdio_ui5_key":"applicationmanagepricingrules-display-component---priceInfoItem--smartFilterBar-btnBasicSearch"}]}
RESULT: {"script":"<script> [1562 bytes]","args":[{"selector":{"id":"application-managepricingrules-display-component---priceInfoItem--smartFilterBar-btnBasicSearch","interaction":{"idSuffix":"I"}},"wdio_ui5_key":"applicationmanagepricingrules-display-component---priceInfoItem--smartFilterBar-btnBasicSearch"}]}
RESULT: undefined
COMMAND: POST /session/93250f96accc2e6fd098c611002cad19/execute/async - {"script":"<script> [776 bytes]","args":[{"enterText":"HUIUyxjqA2","selector":{"id":"application-managepricingrules-display-component---priceInfoItem--smartFilterBar-btnBasicSearch","interaction":{"idSuffix":"I"}},"clearTextFirst":true,"interactionType":"ENTER_TEXT"}]}
RESULT: {"script":"<script> [776 bytes]","args":[{"enterText":"HUIUyxjqA2","selector":{"id":"application-managepricingrules-display-component---priceInfoItem--smartFilterBar-btnBasicSearch","interaction":{"idSuffix":"I"}},"clearTextFirst":true,"interactionType":"ENTER_TEXT"}]}
COMMAND: POST /session/93250f96accc2e6fd098c611002cad19/actions - {"actions":[{"id":"action10","type":"key","parameters":{},"actions":[{"type":"keyDown","value":"î€‡"},{"type":"pause","duration":10},{"type":"keyUp","value":"î€‡"}]}]}
RESULT: {"actions":[{"id":"action10","type":"key","parameters":{},"actions":[{"type":"keyDown","value":"î€‡"},{"type":"pause","duration":10},{"type":"keyUp","value":"î€‡"}]}]}
COMMAND: GET /session/93250f96accc2e6fd098c611002cad19/screenshot - {}
RESULT: {}
COMMAND: POST /session/93250f96accc2e6fd098c611002cad19/element - {"using":"xpath","value":"//span[@id=\"application-managepricingrules-display-component---priceInfoItem--smartTable-header-inner\"]"}
RESULT: {"using":"xpath","value":"//span[@id=\"application-managepricingrules-display-component---priceInfoItem--smartTable-header-inner\"]"}
COMMAND: POST /session/93250f96accc2e6fd098c611002cad19/elements - {"using":"xpath","value":"//span[@id=\"application-managepricingrules-display-component---priceInfoItem--smartTable-header-inner\"]"}
RESULT: {"using":"xpath","value":"//span[@id=\"application-managepricingrules-display-component---priceInfoItem--smartTable-header-inner\"]"}
COMMAND: POST /session/93250f96accc2e6fd098c611002cad19/execute/sync - {"script":"<script> [56 bytes]","args":[{"element-6066-11e4-a52e-4f735466cecf":"f.8FBEE169B4A1F4A008E4BE6459EA698B.d.4B05890EE9A5B6E1C999DA8277D74621.e.2894","ELEMENT":"f.8FBEE169B4A1F4A008E4BE6459EA698B.d.4B05890EE9A5B6E1C999DA8277D74621.e.2894"}]}
RESULT: {"script":"<script> [56 bytes]","args":[{"element-6066-11e4-a52e-4f735466cecf":"f.8FBEE169B4A1F4A008E4BE6459EA698B.d.4B05890EE9A5B6E1C999DA8277D74621.e.2894","ELEMENT":"f.8FBEE169B4A1F4A008E4BE6459EA698B.d.4B05890EE9A5B6E1C999DA8277D74621.e.2894"}]}
COMMAND: POST /session/93250f96accc2e6fd098c611002cad19/element - {"using":"css selector","value":"#shell-header-logo"}
COMMAND: GET /session/93250f96accc2e6fd098c611002cad19/screenshot - {}
RESULT: {"using":"css selector","value":"#shell-header-logo"}
COMMAND: POST /session/93250f96accc2e6fd098c611002cad19/element/f.8FBEE169B4A1F4A008E4BE6459EA698B.d.4B05890EE9A5B6E1C999DA8277D74621.e.2374/click - {}
RESULT: {}
RESULT: {}
COMMAND: GET /session/93250f96accc2e6fd098c611002cad19/screenshot - {}
RESULT: {}
COMMAND: POST /session/93250f96accc2e6fd098c611002cad19/element - {"using":"css selector","value":"#j_username"}
COMMAND: POST /session/93250f96accc2e6fd098c611002cad19/url - {"url":"https://qa-testing-00-live-etm-ui.cfapps.eu10-004.hana.ondemand.com/"}
RESULT: {"using":"css selector","value":"#j_username"}
COMMAND: POST /session/93250f96accc2e6fd098c611002cad19/element - {"using":"css selector","value":"#j_username"}
RESULT: {"url":"https://qa-testing-00-live-etm-ui.cfapps.eu10-004.hana.ondemand.com/"}
RESULT: undefined
COMMAND: GET /session/93250f96accc2e6fd098c611002cad19/screenshot - {}
RESULT: {"using":"css selector","value":"#j_username"}
COMMAND: POST /session/93250f96accc2e6fd098c611002cad19/element - {"using":"css selector","value":"#shell-header-logo"}
RESULT: {}
RESULT: {"using":"css selector","value":"#shell-header-logo"}
COMMAND: POST /session/93250f96accc2e6fd098c611002cad19/execute/sync - {"script":"<script> [8489 bytes]","args":[{"element-6066-11e4-a52e-4f735466cecf":"f.8FBEE169B4A1F4A008E4BE6459EA698B.d.7C08EEFCD29B8DFF0F94BC08C63EB037.e.2909","ELEMENT":"f.8FBEE169B4A1F4A008E4BE6459EA698B.d.7C08EEFCD29B8DFF0F94BC08C63EB037.e.2909"}]}
RESULT: {"script":"<script> [8489 bytes]","args":[{"element-6066-11e4-a52e-4f735466cecf":"f.8FBEE169B4A1F4A008E4BE6459EA698B.d.7C08EEFCD29B8DFF0F94BC08C63EB037.e.2909","ELEMENT":"f.8FBEE169B4A1F4A008E4BE6459EA698B.d.7C08EEFCD29B8DFF0F94BC08C63EB037.e.2909"}]}
COMMAND: POST /session/93250f96accc2e6fd098c611002cad19/element - {"using":"css selector","value":"#shell-header-logo"}
COMMAND: GET /session/93250f96accc2e6fd098c611002cad19/screenshot - {}
RESULT: {"using":"css selector","value":"#shell-header-logo"}
COMMAND: POST /session/93250f96accc2e6fd098c611002cad19/execute/sync - {"script":"<script> [8489 bytes]","args":[{"element-6066-11e4-a52e-4f735466cecf":"f.8FBEE169B4A1F4A008E4BE6459EA698B.d.7C08EEFCD29B8DFF0F94BC08C63EB037.e.2909","ELEMENT":"f.8FBEE169B4A1F4A008E4BE6459EA698B.d.7C08EEFCD29B8DFF0F94BC08C63EB037.e.2909"}]}
RESULT: {}
RESULT: {"script":"<script> [8489 bytes]","args":[{"element-6066-11e4-a52e-4f735466cecf":"f.8FBEE169B4A1F4A008E4BE6459EA698B.d.7C08EEFCD29B8DFF0F94BC08C63EB037.e.2909","ELEMENT":"f.8FBEE169B4A1F4A008E4BE6459EA698B.d.7C08EEFCD29B8DFF0F94BC08C63EB037.e.2909"}]}
COMMAND: POST /session/93250f96accc2e6fd098c611002cad19/execute/sync - {"script":"<script> [5351 bytes]","args":[{"element-6066-11e4-a52e-4f735466cecf":"f.8FBEE169B4A1F4A008E4BE6459EA698B.d.7C08EEFCD29B8DFF0F94BC08C63EB037.e.2909","ELEMENT":"f.8FBEE169B4A1F4A008E4BE6459EA698B.d.7C08EEFCD29B8DFF0F94BC08C63EB037.e.2909"}]}
COMMAND: GET /session/93250f96accc2e6fd098c611002cad19/screenshot - {}
RESULT: {"script":"<script> [5351 bytes]","args":[{"element-6066-11e4-a52e-4f735466cecf":"f.8FBEE169B4A1F4A008E4BE6459EA698B.d.7C08EEFCD29B8DFF0F94BC08C63EB037.e.2909","ELEMENT":"f.8FBEE169B4A1F4A008E4BE6459EA698B.d.7C08EEFCD29B8DFF0F94BC08C63EB037.e.2909"}]}
COMMAND: POST /session/93250f96accc2e6fd098c611002cad19/element - {"using":"css selector","value":"#shell-header-logo"}
COMMAND: GET /session/93250f96accc2e6fd098c611002cad19/screenshot - {}
RESULT: {}
RESULT: {"using":"css selector","value":"#shell-header-logo"}
COMMAND: POST /session/93250f96accc2e6fd098c611002cad19/element/f.8FBEE169B4A1F4A008E4BE6459EA698B.d.7C08EEFCD29B8DFF0F94BC08C63EB037.e.2909/click - {}
RESULT: {}
RESULT: {}
COMMAND: GET /session/93250f96accc2e6fd098c611002cad19/screenshot - {}
RESULT: {}
COMMAND: POST /session/93250f96accc2e6fd098c611002cad19/execute/async - {"script":"<script> [189 bytes]","args":[]}
RESULT: {"script":"<script> [189 bytes]","args":[]}
COMMAND: POST /session/93250f96accc2e6fd098c611002cad19/execute/async - {"script":"<script> [123 bytes]","args":[]}
RESULT: {"script":"<script> [123 bytes]","args":[]}
COMMAND: POST /session/93250f96accc2e6fd098c611002cad19/timeouts - {"script":"<number>"}
RESULT: {"script":"<number>"}
COMMAND: GET /session/93250f96accc2e6fd098c611002cad19/timeouts - {}
RESULT: {}
RESULT: undefined
COMMAND: POST /session/93250f96accc2e6fd098c611002cad19/execute/async - {"script":"<script> [2676 bytes]","args":[]}
RESULT: {"script":"<script> [2676 bytes]","args":[]}
COMMAND: POST /session/93250f96accc2e6fd098c611002cad19/execute/async - {"script":"<script> [2342 bytes]","args":[{"protocol":"http","hostname":"0.0.0.0","path":"/","capabilities":{"browserName":"chrome","goog:chromeOptions":{"binary":"C:\\Program Files\\Google\\Chrome\\Application\\chrome.exe","args":["--start-maximized"]}},"logLevel":"warn","connectionRetryTimeout":120000,"connectionRetryCount":3,"logLevels":{},"enableDirectConnect":true,"strictSSL":true,"_":"65 more keys: [\"cacheDir\",\"port\",\"requestedCapabilities\",\"automationProtocol\",\"baseUrl\",\"waitforInterval\",\"waitforTimeout\",\"onReload\",\"beforeCommand\",\"afterCommand\",\"rootDir\",\"specs\",\"suites\",\"exclude\",\"groupLogsByTestSpec\",\"excludeDriverLogs\",\"bail\",\"framework\",\"reporters\",\"services\",\"maxInstances\",\"maxInstancesPerCapability\",\"injectGlobals\",\"filesToWatch\",\"execArgv\",\"runnerEnv\",\"runner\",\"shard\",\"specFileRetries\",\"specFileRetriesDelay\",\"specFileRetriesDeferred\",\"reporterSyncInterval\",\"reporterSyncTimeout\",\"cucumberFeaturesWithLineNumbers\",\"autoCompileOpts\",\"mochaOpts\",\"jasmineOpts\",\"cucumberOpts\",\"onPrepare\",\"onWorkerStart\",\"onWorkerEnd\",\"before\",\"beforeSession\",\"beforeSuite\",\"beforeHook\",\"beforeTest\",\"afterTest\",\"afterHook\",\"afterSuite\",\"afterSession\",\"after\",\"onComplete\",\"beforeAssertion\",\"afterAssertion\",\"beforeFeature\",\"beforeScenario\",\"beforeStep\",\"afterStep\",\"afterScenario\",\"afterFeature\",\"_\",\"suite\",\"$0\",\"ignoredWorkerServices\",\"wdi5\"]"}]}
RESULT: {"script":"<script> [2342 bytes]","args":[{"protocol":"http","hostname":"0.0.0.0","path":"/","capabilities":{"browserName":"chrome","goog:chromeOptions":{"binary":"C:\\Program Files\\Google\\Chrome\\Application\\chrome.exe","args":["--start-maximized"]}},"logLevel":"warn","connectionRetryTimeout":120000,"connectionRetryCount":3,"logLevels":{},"enableDirectConnect":true,"strictSSL":true,"_":"65 more keys: [\"cacheDir\",\"port\",\"requestedCapabilities\",\"automationProtocol\",\"baseUrl\",\"waitforInterval\",\"waitforTimeout\",\"onReload\",\"beforeCommand\",\"afterCommand\",\"rootDir\",\"specs\",\"suites\",\"exclude\",\"groupLogsByTestSpec\",\"excludeDriverLogs\",\"bail\",\"framework\",\"reporters\",\"services\",\"maxInstances\",\"maxInstancesPerCapability\",\"injectGlobals\",\"filesToWatch\",\"execArgv\",\"runnerEnv\",\"runner\",\"shard\",\"specFileRetries\",\"specFileRetriesDelay\",\"specFileRetriesDeferred\",\"reporterSyncInterval\",\"reporterSyncTimeout\",\"cucumberFeaturesWithLineNumbers\",\"autoCompileOpts\",\"mochaOpts\",\"jasmineOpts\",\"cucumberOpts\",\"onPrepare\",\"onWorkerStart\",\"onWorkerEnd\",\"before\",\"beforeSession\",\"beforeSuite\",\"beforeHook\",\"beforeTest\",\"afterTest\",\"afterHook\",\"afterSuite\",\"afterSession\",\"after\",\"onComplete\",\"beforeAssertion\",\"afterAssertion\",\"beforeFeature\",\"beforeScenario\",\"beforeStep\",\"afterStep\",\"afterScenario\",\"afterFeature\",\"_\",\"suite\",\"$0\",\"ignoredWorkerServices\",\"wdi5\"]"}]}
COMMAND: POST /session/93250f96accc2e6fd098c611002cad19/execute/async - {"script":"<script> [21126 bytes]","args":[35000]}
RESULT: {"script":"<script> [21126 bytes]","args":[35000]}
COMMAND: POST /session/93250f96accc2e6fd098c611002cad19/window/maximize - {}
RESULT: {}
COMMAND: POST /session/93250f96accc2e6fd098c611002cad19/execute/async - {"script":"<script> [1562 bytes]","args":[{"selector":{"id":"shell-header","interaction":{"idSuffix":"icon"}},"wdio_ui5_key":"shellheader"}]}
COMMAND: GET /session/93250f96accc2e6fd098c611002cad19/screenshot - {}
RESULT: {"script":"<script> [1562 bytes]","args":[{"selector":{"id":"shell-header","interaction":{"idSuffix":"icon"}},"wdio_ui5_key":"shellheader"}]}
RESULT: undefined
COMMAND: POST /session/93250f96accc2e6fd098c611002cad19/refresh - {}
RESULT: {}
RESULT: {}
COMMAND: GET /session/93250f96accc2e6fd098c611002cad19/screenshot - {}
RESULT: {}
COMMAND: POST /session/93250f96accc2e6fd098c611002cad19/refresh - {}
RESULT: {}
COMMAND: GET /session/93250f96accc2e6fd098c611002cad19/screenshot - {}
RESULT: {}
COMMAND: POST /session/93250f96accc2e6fd098c611002cad19/window/fullscreen - {}
RESULT: {}
COMMAND: POST /session/93250f96accc2e6fd098c611002cad19/execute/async - {"script":"<script> [189 bytes]","args":[]}
RESULT: {"script":"<script> [189 bytes]","args":[]}
COMMAND: POST /session/93250f96accc2e6fd098c611002cad19/execute/async - {"script":"<script> [123 bytes]","args":[]}
RESULT: {"script":"<script> [123 bytes]","args":[]}
COMMAND: POST /session/93250f96accc2e6fd098c611002cad19/timeouts - {"script":"<number>"}
RESULT: {"script":"<number>"}
COMMAND: GET /session/93250f96accc2e6fd098c611002cad19/timeouts - {}
RESULT: {}
RESULT: undefined
COMMAND: POST /session/93250f96accc2e6fd098c611002cad19/execute/async - {"script":"<script> [2676 bytes]","args":[]}
RESULT: {"script":"<script> [2676 bytes]","args":[]}
COMMAND: POST /session/93250f96accc2e6fd098c611002cad19/execute/async - {"script":"<script> [2342 bytes]","args":[{"protocol":"http","hostname":"0.0.0.0","path":"/","capabilities":{"browserName":"chrome","goog:chromeOptions":{"binary":"C:\\Program Files\\Google\\Chrome\\Application\\chrome.exe","args":["--start-maximized"]}},"logLevel":"warn","connectionRetryTimeout":120000,"connectionRetryCount":3,"logLevels":{},"enableDirectConnect":true,"strictSSL":true,"_":"65 more keys: [\"cacheDir\",\"port\",\"requestedCapabilities\",\"automationProtocol\",\"baseUrl\",\"waitforInterval\",\"waitforTimeout\",\"onReload\",\"beforeCommand\",\"afterCommand\",\"rootDir\",\"specs\",\"suites\",\"exclude\",\"groupLogsByTestSpec\",\"excludeDriverLogs\",\"bail\",\"framework\",\"reporters\",\"services\",\"maxInstances\",\"maxInstancesPerCapability\",\"injectGlobals\",\"filesToWatch\",\"execArgv\",\"runnerEnv\",\"runner\",\"shard\",\"specFileRetries\",\"specFileRetriesDelay\",\"specFileRetriesDeferred\",\"reporterSyncInterval\",\"reporterSyncTimeout\",\"cucumberFeaturesWithLineNumbers\",\"autoCompileOpts\",\"mochaOpts\",\"jasmineOpts\",\"cucumberOpts\",\"onPrepare\",\"onWorkerStart\",\"onWorkerEnd\",\"before\",\"beforeSession\",\"beforeSuite\",\"beforeHook\",\"beforeTest\",\"afterTest\",\"afterHook\",\"afterSuite\",\"afterSession\",\"after\",\"onComplete\",\"beforeAssertion\",\"afterAssertion\",\"beforeFeature\",\"beforeScenario\",\"beforeStep\",\"afterStep\",\"afterScenario\",\"afterFeature\",\"_\",\"suite\",\"$0\",\"ignoredWorkerServices\",\"wdi5\"]"}]}
RESULT: {"script":"<script> [2342 bytes]","args":[{"protocol":"http","hostname":"0.0.0.0","path":"/","capabilities":{"browserName":"chrome","goog:chromeOptions":{"binary":"C:\\Program Files\\Google\\Chrome\\Application\\chrome.exe","args":["--start-maximized"]}},"logLevel":"warn","connectionRetryTimeout":120000,"connectionRetryCount":3,"logLevels":{},"enableDirectConnect":true,"strictSSL":true,"_":"65 more keys: [\"cacheDir\",\"port\",\"requestedCapabilities\",\"automationProtocol\",\"baseUrl\",\"waitforInterval\",\"waitforTimeout\",\"onReload\",\"beforeCommand\",\"afterCommand\",\"rootDir\",\"specs\",\"suites\",\"exclude\",\"groupLogsByTestSpec\",\"excludeDriverLogs\",\"bail\",\"framework\",\"reporters\",\"services\",\"maxInstances\",\"maxInstancesPerCapability\",\"injectGlobals\",\"filesToWatch\",\"execArgv\",\"runnerEnv\",\"runner\",\"shard\",\"specFileRetries\",\"specFileRetriesDelay\",\"specFileRetriesDeferred\",\"reporterSyncInterval\",\"reporterSyncTimeout\",\"cucumberFeaturesWithLineNumbers\",\"autoCompileOpts\",\"mochaOpts\",\"jasmineOpts\",\"cucumberOpts\",\"onPrepare\",\"onWorkerStart\",\"onWorkerEnd\",\"before\",\"beforeSession\",\"beforeSuite\",\"beforeHook\",\"beforeTest\",\"afterTest\",\"afterHook\",\"afterSuite\",\"afterSession\",\"after\",\"onComplete\",\"beforeAssertion\",\"afterAssertion\",\"beforeFeature\",\"beforeScenario\",\"beforeStep\",\"afterStep\",\"afterScenario\",\"afterFeature\",\"_\",\"suite\",\"$0\",\"ignoredWorkerServices\",\"wdi5\"]"}]}
COMMAND: POST /session/93250f96accc2e6fd098c611002cad19/execute/async - {"script":"<script> [21126 bytes]","args":[35000]}
RESULT: {"script":"<script> [21126 bytes]","args":[35000]}
]]></system-out>
    </testcase>
  </testsuite>
  <testsuite timestamp="2025-06-04T05:32:12" time="486.685" tests="6" failures="0" errors="0" skipped="0">
    <properties>
      <property name="specId" value="0" />
      <property name="suiteName" value="Edit and delete daily price US134629 US134627" />
      <property name="capabilities" value="chrome.136_0_7103_93.windows" />
      <property name="file" value="file:///D:/a/1/s/test/specs/BTS/conditions-prices-daily-price.spec.js" />
    </properties>
    <testcase classname="chrome.136_0_7103_93.windows.Edit_and_delete_daily_price_US134629_US134627" name="Should create a new yard used for all following tests" time="0.028">
      <system-out><![CDATA[
COMMAND: POST /session/93250f96accc2e6fd098c611002cad19/window/fullscreen - {}
RESULT: {}
]]></system-out>
    </testcase>
    <testcase classname="chrome.136_0_7103_93.windows.Edit_and_delete_daily_price_US134629_US134627" name="Should create a new partner" time="152.615">
      <system-out><![CDATA[
COMMAND: POST /session/93250f96accc2e6fd098c611002cad19/window/fullscreen - {}
RESULT: {}
COMMAND: POST /session/93250f96accc2e6fd098c611002cad19/execute/async - {"script":"<script> [1562 bytes]","args":[{"selector":{"controlType":"sap.m.GenericTile","properties":{"header":"Manage Partners"}},"wdio_ui5_key":"sapm.GenericTile{\"header\":\"Manage Partners\"}"}]}
RESULT: {"script":"<script> [1562 bytes]","args":[{"selector":{"controlType":"sap.m.GenericTile","properties":{"header":"Manage Partners"}},"wdio_ui5_key":"sapm.GenericTile{\"header\":\"Manage Partners\"}"}]}
RESULT: undefined
COMMAND: POST /session/93250f96accc2e6fd098c611002cad19/element - {"using":"xpath","value":"//*[@id=\"__tile38\"]"}
RESULT: {"using":"xpath","value":"//*[@id=\"__tile38\"]"}
COMMAND: POST /session/93250f96accc2e6fd098c611002cad19/element/f.8FBEE169B4A1F4A008E4BE6459EA698B.d.3E2A761F8F85C5E7F0A3FE75AAE0411D.e.3072/click - {}
RESULT: {}
COMMAND: GET /session/93250f96accc2e6fd098c611002cad19/screenshot - {}
RESULT: {}
COMMAND: POST /session/93250f96accc2e6fd098c611002cad19/elements - {"using":"xpath","value":"//span[text()='Error']"}
RESULT: {"using":"xpath","value":"//span[text()='Error']"}
COMMAND: POST /session/93250f96accc2e6fd098c611002cad19/element - {"using":"xpath","value":"//button[@data-kt=\"addButton\"]"}
RESULT: {"using":"xpath","value":"//button[@data-kt=\"addButton\"]"}
COMMAND: POST /session/93250f96accc2e6fd098c611002cad19/elements - {"using":"xpath","value":"//button[@data-kt=\"addButton\"]"}
RESULT: {"using":"xpath","value":"//button[@data-kt=\"addButton\"]"}
COMMAND: POST /session/93250f96accc2e6fd098c611002cad19/elements - {"using":"xpath","value":"//button[@data-kt=\"addButton\"]"}
RESULT: {"using":"xpath","value":"//button[@data-kt=\"addButton\"]"}
COMMAND: POST /session/93250f96accc2e6fd098c611002cad19/elements - {"using":"xpath","value":"//button[@data-kt=\"addButton\"]"}
RESULT: {"using":"xpath","value":"//button[@data-kt=\"addButton\"]"}
COMMAND: POST /session/93250f96accc2e6fd098c611002cad19/elements - {"using":"xpath","value":"//button[@data-kt=\"addButton\"]"}
RESULT: {"using":"xpath","value":"//button[@data-kt=\"addButton\"]"}
COMMAND: POST /session/93250f96accc2e6fd098c611002cad19/elements - {"using":"xpath","value":"//button[@data-kt=\"addButton\"]"}
RESULT: {"using":"xpath","value":"//button[@data-kt=\"addButton\"]"}
COMMAND: POST /session/93250f96accc2e6fd098c611002cad19/elements - {"using":"xpath","value":"//button[@data-kt=\"addButton\"]"}
RESULT: {"using":"xpath","value":"//button[@data-kt=\"addButton\"]"}
COMMAND: POST /session/93250f96accc2e6fd098c611002cad19/elements - {"using":"xpath","value":"//button[@data-kt=\"addButton\"]"}
RESULT: {"using":"xpath","value":"//button[@data-kt=\"addButton\"]"}
COMMAND: POST /session/93250f96accc2e6fd098c611002cad19/elements - {"using":"xpath","value":"//button[@data-kt=\"addButton\"]"}
RESULT: {"using":"xpath","value":"//button[@data-kt=\"addButton\"]"}
COMMAND: POST /session/93250f96accc2e6fd098c611002cad19/elements - {"using":"xpath","value":"//button[@data-kt=\"addButton\"]"}
RESULT: {"using":"xpath","value":"//button[@data-kt=\"addButton\"]"}
COMMAND: POST /session/93250f96accc2e6fd098c611002cad19/elements - {"using":"xpath","value":"//button[@data-kt=\"addButton\"]"}
RESULT: {"using":"xpath","value":"//button[@data-kt=\"addButton\"]"}
COMMAND: POST /session/93250f96accc2e6fd098c611002cad19/elements - {"using":"xpath","value":"//button[@data-kt=\"addButton\"]"}
RESULT: {"using":"xpath","value":"//button[@data-kt=\"addButton\"]"}
COMMAND: POST /session/93250f96accc2e6fd098c611002cad19/elements - {"using":"xpath","value":"//button[@data-kt=\"addButton\"]"}
RESULT: {"using":"xpath","value":"//button[@data-kt=\"addButton\"]"}
COMMAND: POST /session/93250f96accc2e6fd098c611002cad19/elements - {"using":"xpath","value":"//button[@data-kt=\"addButton\"]"}
RESULT: {"using":"xpath","value":"//button[@data-kt=\"addButton\"]"}
COMMAND: POST /session/93250f96accc2e6fd098c611002cad19/element - {"using":"xpath","value":"//button[@data-kt=\"addButton\"]"}
RESULT: {"using":"xpath","value":"//button[@data-kt=\"addButton\"]"}
COMMAND: POST /session/93250f96accc2e6fd098c611002cad19/execute/sync - {"script":"<script> [8489 bytes]","args":[{"element-6066-11e4-a52e-4f735466cecf":"f.8FBEE169B4A1F4A008E4BE6459EA698B.d.3E2A761F8F85C5E7F0A3FE75AAE0411D.e.3221","ELEMENT":"f.8FBEE169B4A1F4A008E4BE6459EA698B.d.3E2A761F8F85C5E7F0A3FE75AAE0411D.e.3221"}]}
RESULT: {"script":"<script> [8489 bytes]","args":[{"element-6066-11e4-a52e-4f735466cecf":"f.8FBEE169B4A1F4A008E4BE6459EA698B.d.3E2A761F8F85C5E7F0A3FE75AAE0411D.e.3221","ELEMENT":"f.8FBEE169B4A1F4A008E4BE6459EA698B.d.3E2A761F8F85C5E7F0A3FE75AAE0411D.e.3221"}]}
COMMAND: GET /session/93250f96accc2e6fd098c611002cad19/element/f.8FBEE169B4A1F4A008E4BE6459EA698B.d.3E2A761F8F85C5E7F0A3FE75AAE0411D.e.3221/enabled - {}
COMMAND: GET /session/93250f96accc2e6fd098c611002cad19/screenshot - {}
RESULT: {}
COMMAND: POST /session/93250f96accc2e6fd098c611002cad19/execute/sync - {"script":"<script> [8489 bytes]","args":[{"element-6066-11e4-a52e-4f735466cecf":"f.8FBEE169B4A1F4A008E4BE6459EA698B.d.3E2A761F8F85C5E7F0A3FE75AAE0411D.e.3221","ELEMENT":"f.8FBEE169B4A1F4A008E4BE6459EA698B.d.3E2A761F8F85C5E7F0A3FE75AAE0411D.e.3221"}]}
COMMAND: GET /session/93250f96accc2e6fd098c611002cad19/screenshot - {}
RESULT: {}
RESULT: {"script":"<script> [8489 bytes]","args":[{"element-6066-11e4-a52e-4f735466cecf":"f.8FBEE169B4A1F4A008E4BE6459EA698B.d.3E2A761F8F85C5E7F0A3FE75AAE0411D.e.3221","ELEMENT":"f.8FBEE169B4A1F4A008E4BE6459EA698B.d.3E2A761F8F85C5E7F0A3FE75AAE0411D.e.3221"}]}
COMMAND: POST /session/93250f96accc2e6fd098c611002cad19/execute/sync - {"script":"<script> [5351 bytes]","args":[{"element-6066-11e4-a52e-4f735466cecf":"f.8FBEE169B4A1F4A008E4BE6459EA698B.d.3E2A761F8F85C5E7F0A3FE75AAE0411D.e.3221","ELEMENT":"f.8FBEE169B4A1F4A008E4BE6459EA698B.d.3E2A761F8F85C5E7F0A3FE75AAE0411D.e.3221"}]}
COMMAND: GET /session/93250f96accc2e6fd098c611002cad19/screenshot - {}
RESULT: {}
RESULT: {"script":"<script> [5351 bytes]","args":[{"element-6066-11e4-a52e-4f735466cecf":"f.8FBEE169B4A1F4A008E4BE6459EA698B.d.3E2A761F8F85C5E7F0A3FE75AAE0411D.e.3221","ELEMENT":"f.8FBEE169B4A1F4A008E4BE6459EA698B.d.3E2A761F8F85C5E7F0A3FE75AAE0411D.e.3221"}]}
COMMAND: POST /session/93250f96accc2e6fd098c611002cad19/element/f.8FBEE169B4A1F4A008E4BE6459EA698B.d.3E2A761F8F85C5E7F0A3FE75AAE0411D.e.3221/click - {}
COMMAND: GET /session/93250f96accc2e6fd098c611002cad19/screenshot - {}
RESULT: {}
RESULT: {}
COMMAND: GET /session/93250f96accc2e6fd098c611002cad19/screenshot - {}
RESULT: {}
RESULT: {}
COMMAND: POST /session/93250f96accc2e6fd098c611002cad19/execute/async - {"script":"<script> [1562 bytes]","args":[{"selector":{"id":"application-managepartners-display-component---NewPartner--addressDetailDetailsName1","interaction":{"idSuffix":"inner"}},"wdio_ui5_key":"applicationmanagepartners-display-component---NewPartner--addressDetailDetailsName1"}]}
RESULT: {"script":"<script> [1562 bytes]","args":[{"selector":{"id":"application-managepartners-display-component---NewPartner--addressDetailDetailsName1","interaction":{"idSuffix":"inner"}},"wdio_ui5_key":"applicationmanagepartners-display-component---NewPartner--addressDetailDetailsName1"}]}
RESULT: undefined
COMMAND: POST /session/93250f96accc2e6fd098c611002cad19/execute/async - {"script":"<script> [776 bytes]","args":[{"enterText":"DailyPrice Partner WDIO","selector":{"id":"application-managepartners-display-component---NewPartner--addressDetailDetailsName1","interaction":{"idSuffix":"inner"}},"clearTextFirst":true,"interactionType":"ENTER_TEXT"}]}
RESULT: {"script":"<script> [776 bytes]","args":[{"enterText":"DailyPrice Partner WDIO","selector":{"id":"application-managepartners-display-component---NewPartner--addressDetailDetailsName1","interaction":{"idSuffix":"inner"}},"clearTextFirst":true,"interactionType":"ENTER_TEXT"}]}
COMMAND: POST /session/93250f96accc2e6fd098c611002cad19/execute/async - {"script":"<script> [1562 bytes]","args":[{"selector":{"id":"application-managepartners-display-component---NewPartner--addressDetailDetailsLanguage-arrow"},"wdio_ui5_key":"applicationmanagepartners-display-component---NewPartner--addressDetailDetailsLanguage-arrow"}]}
RESULT: {"script":"<script> [1562 bytes]","args":[{"selector":{"id":"application-managepartners-display-component---NewPartner--addressDetailDetailsLanguage-arrow"},"wdio_ui5_key":"applicationmanagepartners-display-component---NewPartner--addressDetailDetailsLanguage-arrow"}]}
RESULT: undefined
COMMAND: POST /session/93250f96accc2e6fd098c611002cad19/element - {"using":"xpath","value":"//*[@id=\"application-managepartners-display-component---NewPartner--addressDetailDetailsLanguage-arrow\"]"}
RESULT: {"using":"xpath","value":"//*[@id=\"application-managepartners-display-component---NewPartner--addressDetailDetailsLanguage-arrow\"]"}
COMMAND: POST /session/93250f96accc2e6fd098c611002cad19/element/f.8FBEE169B4A1F4A008E4BE6459EA698B.d.3E2A761F8F85C5E7F0A3FE75AAE0411D.e.3670/click - {}
RESULT: {}
COMMAND: POST /session/93250f96accc2e6fd098c611002cad19/element - {"using":"xpath","value":"//span[contains(text(), \"English\")]"}
COMMAND: GET /session/93250f96accc2e6fd098c611002cad19/screenshot - {}
RESULT: {"using":"xpath","value":"//span[contains(text(), \"English\")]"}
COMMAND: POST /session/93250f96accc2e6fd098c611002cad19/element/f.8FBEE169B4A1F4A008E4BE6459EA698B.d.3E2A761F8F85C5E7F0A3FE75AAE0411D.e.3671/click - {}
RESULT: {}
RESULT: {}
COMMAND: GET /session/93250f96accc2e6fd098c611002cad19/screenshot - {}
RESULT: {}
COMMAND: POST /session/93250f96accc2e6fd098c611002cad19/execute/async - {"script":"<script> [1562 bytes]","args":[{"selector":{"id":"application-managepartners-display-component---NewPartner--addressDetailDetailsCity1","interaction":{"idSuffix":"inner"}},"wdio_ui5_key":"applicationmanagepartners-display-component---NewPartner--addressDetailDetailsCity1"}]}
RESULT: {"script":"<script> [1562 bytes]","args":[{"selector":{"id":"application-managepartners-display-component---NewPartner--addressDetailDetailsCity1","interaction":{"idSuffix":"inner"}},"wdio_ui5_key":"applicationmanagepartners-display-component---NewPartner--addressDetailDetailsCity1"}]}
RESULT: undefined
COMMAND: POST /session/93250f96accc2e6fd098c611002cad19/execute/async - {"script":"<script> [776 bytes]","args":[{"enterText":"Rosario","selector":{"id":"application-managepartners-display-component---NewPartner--addressDetailDetailsCity1","interaction":{"idSuffix":"inner"}},"clearTextFirst":true,"interactionType":"ENTER_TEXT"}]}
RESULT: {"script":"<script> [776 bytes]","args":[{"enterText":"Rosario","selector":{"id":"application-managepartners-display-component---NewPartner--addressDetailDetailsCity1","interaction":{"idSuffix":"inner"}},"clearTextFirst":true,"interactionType":"ENTER_TEXT"}]}
COMMAND: POST /session/93250f96accc2e6fd098c611002cad19/execute/async - {"script":"<script> [1562 bytes]","args":[{"selector":{"id":"application-managepartners-display-component---NewPartner--addressDetailDetailsCountry-arrow"},"wdio_ui5_key":"applicationmanagepartners-display-component---NewPartner--addressDetailDetailsCountry-arrow"}]}
RESULT: {"script":"<script> [1562 bytes]","args":[{"selector":{"id":"application-managepartners-display-component---NewPartner--addressDetailDetailsCountry-arrow"},"wdio_ui5_key":"applicationmanagepartners-display-component---NewPartner--addressDetailDetailsCountry-arrow"}]}
RESULT: undefined
COMMAND: POST /session/93250f96accc2e6fd098c611002cad19/element - {"using":"xpath","value":"//*[@id=\"application-managepartners-display-component---NewPartner--addressDetailDetailsCountry-arrow\"]"}
RESULT: {"using":"xpath","value":"//*[@id=\"application-managepartners-display-component---NewPartner--addressDetailDetailsCountry-arrow\"]"}
COMMAND: POST /session/93250f96accc2e6fd098c611002cad19/element/f.8FBEE169B4A1F4A008E4BE6459EA698B.d.3E2A761F8F85C5E7F0A3FE75AAE0411D.e.3652/click - {}
RESULT: {}
COMMAND: POST /session/93250f96accc2e6fd098c611002cad19/element - {"using":"xpath","value":"//span[contains(text(), \"Argentina\")]"}
COMMAND: GET /session/93250f96accc2e6fd098c611002cad19/screenshot - {}
RESULT: {"using":"xpath","value":"//span[contains(text(), \"Argentina\")]"}
COMMAND: POST /session/93250f96accc2e6fd098c611002cad19/element/f.8FBEE169B4A1F4A008E4BE6459EA698B.d.3E2A761F8F85C5E7F0A3FE75AAE0411D.e.3673/click - {}
RESULT: {}
RESULT: {}
COMMAND: GET /session/93250f96accc2e6fd098c611002cad19/screenshot - {}
RESULT: {}
COMMAND: POST /session/93250f96accc2e6fd098c611002cad19/element - {"using":"xpath","value":"//bdi[contains(text(), \"Commercial\")]"}
RESULT: {"using":"xpath","value":"//bdi[contains(text(), \"Commercial\")]"}
COMMAND: POST /session/93250f96accc2e6fd098c611002cad19/element/f.8FBEE169B4A1F4A008E4BE6459EA698B.d.3E2A761F8F85C5E7F0A3FE75AAE0411D.e.3674/click - {}
RESULT: {}
COMMAND: GET /session/93250f96accc2e6fd098c611002cad19/screenshot - {}
RESULT: {}
COMMAND: POST /session/93250f96accc2e6fd098c611002cad19/execute/async - {"script":"<script> [1562 bytes]","args":[{"selector":{"id":"application-managepartners-display-component---NewPartner--partnerDetailInternal-arrow"},"wdio_ui5_key":"applicationmanagepartners-display-component---NewPartner--partnerDetailInternal-arrow"}]}
RESULT: {"script":"<script> [1562 bytes]","args":[{"selector":{"id":"application-managepartners-display-component---NewPartner--partnerDetailInternal-arrow"},"wdio_ui5_key":"applicationmanagepartners-display-component---NewPartner--partnerDetailInternal-arrow"}]}
RESULT: undefined
COMMAND: POST /session/93250f96accc2e6fd098c611002cad19/element - {"using":"xpath","value":"//*[@id=\"application-managepartners-display-component---NewPartner--partnerDetailInternal-arrow\"]"}
RESULT: {"using":"xpath","value":"//*[@id=\"application-managepartners-display-component---NewPartner--partnerDetailInternal-arrow\"]"}
COMMAND: POST /session/93250f96accc2e6fd098c611002cad19/element/f.8FBEE169B4A1F4A008E4BE6459EA698B.d.3E2A761F8F85C5E7F0A3FE75AAE0411D.e.3680/click - {}
RESULT: {}
COMMAND: POST /session/93250f96accc2e6fd098c611002cad19/element - {"using":"xpath","value":"//span[contains(text(), \"Affiliated company\")]"}
COMMAND: GET /session/93250f96accc2e6fd098c611002cad19/screenshot - {}
RESULT: {"using":"xpath","value":"//span[contains(text(), \"Affiliated company\")]"}
COMMAND: POST /session/93250f96accc2e6fd098c611002cad19/element/f.8FBEE169B4A1F4A008E4BE6459EA698B.d.3E2A761F8F85C5E7F0A3FE75AAE0411D.e.3681/click - {}
RESULT: {}
RESULT: {}
COMMAND: POST /session/93250f96accc2e6fd098c611002cad19/execute/async - {"script":"<script> [1562 bytes]","args":[{"selector":{"id":"application-managepartners-display-component---NewPartner--partnerDetailsCurrency-arrow"},"wdio_ui5_key":"applicationmanagepartners-display-component---NewPartner--partnerDetailsCurrency-arrow"}]}
COMMAND: GET /session/93250f96accc2e6fd098c611002cad19/screenshot - {}
RESULT: {"script":"<script> [1562 bytes]","args":[{"selector":{"id":"application-managepartners-display-component---NewPartner--partnerDetailsCurrency-arrow"},"wdio_ui5_key":"applicationmanagepartners-display-component---NewPartner--partnerDetailsCurrency-arrow"}]}
RESULT: undefined
COMMAND: POST /session/93250f96accc2e6fd098c611002cad19/element - {"using":"xpath","value":"//*[@id=\"application-managepartners-display-component---NewPartner--partnerDetailsCurrency-arrow\"]"}
RESULT: {}
RESULT: {"using":"xpath","value":"//*[@id=\"application-managepartners-display-component---NewPartner--partnerDetailsCurrency-arrow\"]"}
COMMAND: POST /session/93250f96accc2e6fd098c611002cad19/element/f.8FBEE169B4A1F4A008E4BE6459EA698B.d.3E2A761F8F85C5E7F0A3FE75AAE0411D.e.3688/click - {}
RESULT: {}
COMMAND: POST /session/93250f96accc2e6fd098c611002cad19/element - {"using":"xpath","value":"//span[contains(text(), \"Euro\")]"}
COMMAND: GET /session/93250f96accc2e6fd098c611002cad19/screenshot - {}
RESULT: {"using":"xpath","value":"//span[contains(text(), \"Euro\")]"}
COMMAND: POST /session/93250f96accc2e6fd098c611002cad19/element/f.8FBEE169B4A1F4A008E4BE6459EA698B.d.3E2A761F8F85C5E7F0A3FE75AAE0411D.e.3689/click - {}
RESULT: {}
RESULT: {}
COMMAND: POST /session/93250f96accc2e6fd098c611002cad19/execute/async - {"script":"<script> [1562 bytes]","args":[{"selector":{"id":"application-managepartners-display-component---NewPartner--addressEditDetailsCostObjectCstType-arrow"},"wdio_ui5_key":"applicationmanagepartners-display-component---NewPartner--addressEditDetailsCostObjectCstType-arrow"}]}
COMMAND: GET /session/93250f96accc2e6fd098c611002cad19/screenshot - {}
RESULT: {"script":"<script> [1562 bytes]","args":[{"selector":{"id":"application-managepartners-display-component---NewPartner--addressEditDetailsCostObjectCstType-arrow"},"wdio_ui5_key":"applicationmanagepartners-display-component---NewPartner--addressEditDetailsCostObjectCstType-arrow"}]}
RESULT: undefined
COMMAND: POST /session/93250f96accc2e6fd098c611002cad19/element - {"using":"xpath","value":"//*[@id=\"application-managepartners-display-component---NewPartner--addressEditDetailsCostObjectCstType-arrow\"]"}
RESULT: {}
RESULT: {"using":"xpath","value":"//*[@id=\"application-managepartners-display-component---NewPartner--addressEditDetailsCostObjectCstType-arrow\"]"}
COMMAND: POST /session/93250f96accc2e6fd098c611002cad19/element/f.8FBEE169B4A1F4A008E4BE6459EA698B.d.3E2A761F8F85C5E7F0A3FE75AAE0411D.e.3690/click - {}
RESULT: {}
COMMAND: POST /session/93250f96accc2e6fd098c611002cad19/element - {"using":"xpath","value":"//span[contains(text(), \"Cost Center\")]"}
COMMAND: GET /session/93250f96accc2e6fd098c611002cad19/screenshot - {}
RESULT: {"using":"xpath","value":"//span[contains(text(), \"Cost Center\")]"}
COMMAND: POST /session/93250f96accc2e6fd098c611002cad19/element/f.8FBEE169B4A1F4A008E4BE6459EA698B.d.3E2A761F8F85C5E7F0A3FE75AAE0411D.e.3691/click - {}
RESULT: {}
RESULT: {}
COMMAND: GET /session/93250f96accc2e6fd098c611002cad19/screenshot - {}
RESULT: {}
COMMAND: POST /session/93250f96accc2e6fd098c611002cad19/element - {"using":"xpath","value":"//span[@id=\"application-managepartners-display-component---NewPartner--addressNewCostObjectCstID-vhi\"]"}
RESULT: {"using":"xpath","value":"//span[@id=\"application-managepartners-display-component---NewPartner--addressNewCostObjectCstID-vhi\"]"}
COMMAND: POST /session/93250f96accc2e6fd098c611002cad19/execute/sync - {"script":"<script> [8489 bytes]","args":[{"element-6066-11e4-a52e-4f735466cecf":"f.8FBEE169B4A1F4A008E4BE6459EA698B.d.3E2A761F8F85C5E7F0A3FE75AAE0411D.e.3695","ELEMENT":"f.8FBEE169B4A1F4A008E4BE6459EA698B.d.3E2A761F8F85C5E7F0A3FE75AAE0411D.e.3695"}]}
RESULT: {"script":"<script> [8489 bytes]","args":[{"element-6066-11e4-a52e-4f735466cecf":"f.8FBEE169B4A1F4A008E4BE6459EA698B.d.3E2A761F8F85C5E7F0A3FE75AAE0411D.e.3695","ELEMENT":"f.8FBEE169B4A1F4A008E4BE6459EA698B.d.3E2A761F8F85C5E7F0A3FE75AAE0411D.e.3695"}]}
COMMAND: POST /session/93250f96accc2e6fd098c611002cad19/execute/async - {"script":"<script> [1562 bytes]","args":[{"selector":{"id":"application-managepartners-display-component---NewPartner--addressNewCostObjectCstID-vhi"},"wdio_ui5_key":"applicationmanagepartners-display-component---NewPartner--addressNewCostObjectCstID-vhi"}]}
COMMAND: GET /session/93250f96accc2e6fd098c611002cad19/screenshot - {}
RESULT: {"script":"<script> [1562 bytes]","args":[{"selector":{"id":"application-managepartners-display-component---NewPartner--addressNewCostObjectCstID-vhi"},"wdio_ui5_key":"applicationmanagepartners-display-component---NewPartner--addressNewCostObjectCstID-vhi"}]}
RESULT: undefined
COMMAND: POST /session/93250f96accc2e6fd098c611002cad19/element - {"using":"xpath","value":"//*[@id=\"application-managepartners-display-component---NewPartner--addressNewCostObjectCstID-vhi\"]"}
RESULT: {}
RESULT: {"using":"xpath","value":"//*[@id=\"application-managepartners-display-component---NewPartner--addressNewCostObjectCstID-vhi\"]"}
COMMAND: POST /session/93250f96accc2e6fd098c611002cad19/element/f.8FBEE169B4A1F4A008E4BE6459EA698B.d.3E2A761F8F85C5E7F0A3FE75AAE0411D.e.3695/click - {}
RESULT: {}
COMMAND: GET /session/93250f96accc2e6fd098c611002cad19/screenshot - {}
RESULT: {}
COMMAND: POST /session/93250f96accc2e6fd098c611002cad19/execute/async - {"script":"<script> [1562 bytes]","args":[{"selector":{"controlType":"sap.m.SearchField","properties":{"placeholder":"Search"},"searchOpenDialogs":true,"interaction":{"idSuffix":"I"}},"wdio_ui5_key":"sapm.SearchField{\"placeholder\":\"Search\"}"}]}
RESULT: {"script":"<script> [1562 bytes]","args":[{"selector":{"controlType":"sap.m.SearchField","properties":{"placeholder":"Search"},"searchOpenDialogs":true,"interaction":{"idSuffix":"I"}},"wdio_ui5_key":"sapm.SearchField{\"placeholder\":\"Search\"}"}]}
RESULT: undefined
COMMAND: POST /session/93250f96accc2e6fd098c611002cad19/execute/async - {"script":"<script> [776 bytes]","args":[{"enterText":"10001013","selector":{"controlType":"sap.m.SearchField","properties":{"placeholder":"Search"},"searchOpenDialogs":true,"interaction":{"idSuffix":"I"}},"clearTextFirst":true,"interactionType":"ENTER_TEXT"}]}
RESULT: {"script":"<script> [776 bytes]","args":[{"enterText":"10001013","selector":{"controlType":"sap.m.SearchField","properties":{"placeholder":"Search"},"searchOpenDialogs":true,"interaction":{"idSuffix":"I"}},"clearTextFirst":true,"interactionType":"ENTER_TEXT"}]}
COMMAND: POST /session/93250f96accc2e6fd098c611002cad19/actions - {"actions":[{"id":"action11","type":"key","parameters":{},"actions":[{"type":"keyDown","value":"î€‡"},{"type":"pause","duration":10},{"type":"keyUp","value":"î€‡"}]}]}
RESULT: {"actions":[{"id":"action11","type":"key","parameters":{},"actions":[{"type":"keyDown","value":"î€‡"},{"type":"pause","duration":10},{"type":"keyUp","value":"î€‡"}]}]}
COMMAND: GET /session/93250f96accc2e6fd098c611002cad19/screenshot - {}
RESULT: {}
COMMAND: POST /session/93250f96accc2e6fd098c611002cad19/element - {"using":"xpath","value":"//span[contains(text(), \"General Management\")]"}
RESULT: {"using":"xpath","value":"//span[contains(text(), \"General Management\")]"}
COMMAND: POST /session/93250f96accc2e6fd098c611002cad19/element/f.8FBEE169B4A1F4A008E4BE6459EA698B.d.3E2A761F8F85C5E7F0A3FE75AAE0411D.e.3738/click - {}
RESULT: {}
COMMAND: GET /session/93250f96accc2e6fd098c611002cad19/screenshot - {}
RESULT: {}
COMMAND: POST /session/93250f96accc2e6fd098c611002cad19/element - {"using":"xpath","value":"//bdi[contains(text(), \"OK\")]"}
RESULT: {"using":"xpath","value":"//bdi[contains(text(), \"OK\")]"}
COMMAND: POST /session/93250f96accc2e6fd098c611002cad19/element/f.8FBEE169B4A1F4A008E4BE6459EA698B.d.3E2A761F8F85C5E7F0A3FE75AAE0411D.e.3739/click - {}
RESULT: {}
COMMAND: GET /session/93250f96accc2e6fd098c611002cad19/screenshot - {}
RESULT: {}
COMMAND: POST /session/93250f96accc2e6fd098c611002cad19/element - {"using":"xpath","value":"//input[@id=\"application-managepartners-display-component---NewPartner--companyCodeComboBox-inner\"]"}
RESULT: {"using":"xpath","value":"//input[@id=\"application-managepartners-display-component---NewPartner--companyCodeComboBox-inner\"]"}
COMMAND: POST /session/93250f96accc2e6fd098c611002cad19/element/f.8FBEE169B4A1F4A008E4BE6459EA698B.d.3E2A761F8F85C5E7F0A3FE75AAE0411D.e.3575/clear - {}
RESULT: {}
COMMAND: POST /session/93250f96accc2e6fd098c611002cad19/element/f.8FBEE169B4A1F4A008E4BE6459EA698B.d.3E2A761F8F85C5E7F0A3FE75AAE0411D.e.3575/value - {"text":"C002"}
COMMAND: GET /session/93250f96accc2e6fd098c611002cad19/screenshot - {}
RESULT: {"text":"C002"}
COMMAND: GET /session/93250f96accc2e6fd098c611002cad19/screenshot - {}
RESULT: {}
RESULT: {}
COMMAND: POST /session/93250f96accc2e6fd098c611002cad19/element - {"using":"xpath","value":"//li[.//span[text()= \"C002\"]]"}
RESULT: {"using":"xpath","value":"//li[.//span[text()= \"C002\"]]"}
COMMAND: POST /session/93250f96accc2e6fd098c611002cad19/element/f.8FBEE169B4A1F4A008E4BE6459EA698B.d.3E2A761F8F85C5E7F0A3FE75AAE0411D.e.3745/click - {}
RESULT: {}
COMMAND: GET /session/93250f96accc2e6fd098c611002cad19/screenshot - {}
RESULT: {}
COMMAND: POST /session/93250f96accc2e6fd098c611002cad19/execute/async - {"script":"<script> [1562 bytes]","args":[{"selector":{"id":"application-managepartners-display-component---NewPartner--btnAddTableRow-img"},"wdio_ui5_key":"applicationmanagepartners-display-component---NewPartner--btnAddTableRow-img"}]}
RESULT: {"script":"<script> [1562 bytes]","args":[{"selector":{"id":"application-managepartners-display-component---NewPartner--btnAddTableRow-img"},"wdio_ui5_key":"applicationmanagepartners-display-component---NewPartner--btnAddTableRow-img"}]}
RESULT: undefined
COMMAND: POST /session/93250f96accc2e6fd098c611002cad19/element - {"using":"xpath","value":"//*[@id=\"application-managepartners-display-component---NewPartner--btnAddTableRow-img\"]"}
RESULT: {"using":"xpath","value":"//*[@id=\"application-managepartners-display-component---NewPartner--btnAddTableRow-img\"]"}
COMMAND: POST /session/93250f96accc2e6fd098c611002cad19/element/f.8FBEE169B4A1F4A008E4BE6459EA698B.d.3E2A761F8F85C5E7F0A3FE75AAE0411D.e.3746/click - {}
RESULT: {}
COMMAND: GET /session/93250f96accc2e6fd098c611002cad19/screenshot - {}
RESULT: {}
COMMAND: POST /session/93250f96accc2e6fd098c611002cad19/element - {"using":"xpath","value":"//input[@id=\"application-managepartners-display-component---NewPartner--assignmentYard-application-managepartners-display-component---NewPartner--assignmentsTable-0-inner\"]"}
RESULT: {"using":"xpath","value":"//input[@id=\"application-managepartners-display-component---NewPartner--assignmentYard-application-managepartners-display-component---NewPartner--assignmentsTable-0-inner\"]"}
COMMAND: POST /session/93250f96accc2e6fd098c611002cad19/element/f.8FBEE169B4A1F4A008E4BE6459EA698B.d.3E2A761F8F85C5E7F0A3FE75AAE0411D.e.3749/clear - {}
RESULT: {}
COMMAND: POST /session/93250f96accc2e6fd098c611002cad19/element/f.8FBEE169B4A1F4A008E4BE6459EA698B.d.3E2A761F8F85C5E7F0A3FE75AAE0411D.e.3749/value - {"text":"629"}
COMMAND: GET /session/93250f96accc2e6fd098c611002cad19/screenshot - {}
RESULT: {"text":"629"}
COMMAND: GET /session/93250f96accc2e6fd098c611002cad19/screenshot - {}
RESULT: {}
RESULT: {}
COMMAND: POST /session/93250f96accc2e6fd098c611002cad19/element - {"using":"xpath","value":"//li[.//span[text()='629']]"}
RESULT: {"using":"xpath","value":"//li[.//span[text()='629']]"}
COMMAND: POST /session/93250f96accc2e6fd098c611002cad19/element/f.8FBEE169B4A1F4A008E4BE6459EA698B.d.3E2A761F8F85C5E7F0A3FE75AAE0411D.e.3758/click - {}
RESULT: {}
COMMAND: GET /session/93250f96accc2e6fd098c611002cad19/screenshot - {}
RESULT: {}
COMMAND: POST /session/93250f96accc2e6fd098c611002cad19/actions - {"actions":[{"id":"action12","type":"key","parameters":{},"actions":[{"type":"keyDown","value":"î€‡"},{"type":"pause","duration":10},{"type":"keyUp","value":"î€‡"}]}]}
RESULT: {"actions":[{"id":"action12","type":"key","parameters":{},"actions":[{"type":"keyDown","value":"î€‡"},{"type":"pause","duration":10},{"type":"keyUp","value":"î€‡"}]}]}
COMMAND: POST /session/93250f96accc2e6fd098c611002cad19/execute/async - {"script":"<script> [1562 bytes]","args":[{"selector":{"id":"application-managepartners-display-component---NewPartner--externalCustomerComboBox-application-managepartners-display-component---NewPartner--assignmentsTable-0-vhi"},"wdio_ui5_key":"applicationmanagepartners-display-component---NewPartner--externalCustomerComboBox-application-managepartners-display-component---NewPartner--assignmentsTable-0-vhi"}]}
COMMAND: GET /session/93250f96accc2e6fd098c611002cad19/screenshot - {}
RESULT: {"script":"<script> [1562 bytes]","args":[{"selector":{"id":"application-managepartners-display-component---NewPartner--externalCustomerComboBox-application-managepartners-display-component---NewPartner--assignmentsTable-0-vhi"},"wdio_ui5_key":"applicationmanagepartners-display-component---NewPartner--externalCustomerComboBox-application-managepartners-display-component---NewPartner--assignmentsTable-0-vhi"}]}
RESULT: undefined
COMMAND: POST /session/93250f96accc2e6fd098c611002cad19/element - {"using":"xpath","value":"//*[@id=\"application-managepartners-display-component---NewPartner--externalCustomerComboBox-application-managepartners-display-component---NewPartner--assignmentsTable-0-vhi\"]"}
RESULT: {}
RESULT: {"using":"xpath","value":"//*[@id=\"application-managepartners-display-component---NewPartner--externalCustomerComboBox-application-managepartners-display-component---NewPartner--assignmentsTable-0-vhi\"]"}
COMMAND: POST /session/93250f96accc2e6fd098c611002cad19/element/f.8FBEE169B4A1F4A008E4BE6459EA698B.d.3E2A761F8F85C5E7F0A3FE75AAE0411D.e.3762/click - {}
RESULT: {}
RESULT: undefined
COMMAND: POST /session/93250f96accc2e6fd098c611002cad19/execute/async - {"script":"<script> [776 bytes]","args":[{"enterText":"300003","selector":{"controlType":"sap.m.SearchField","properties":{"placeholder":"Search"},"searchOpenDialogs":true,"interaction":{"idSuffix":"I"}},"clearTextFirst":true,"interactionType":"ENTER_TEXT"}]}
COMMAND: GET /session/93250f96accc2e6fd098c611002cad19/screenshot - {}
RESULT: {"script":"<script> [776 bytes]","args":[{"enterText":"300003","selector":{"controlType":"sap.m.SearchField","properties":{"placeholder":"Search"},"searchOpenDialogs":true,"interaction":{"idSuffix":"I"}},"clearTextFirst":true,"interactionType":"ENTER_TEXT"}]}
COMMAND: POST /session/93250f96accc2e6fd098c611002cad19/actions - {"actions":[{"id":"action13","type":"key","parameters":{},"actions":[{"type":"keyDown","value":"î€‡"},{"type":"pause","duration":10},{"type":"keyUp","value":"î€‡"}]}]}
RESULT: {}
RESULT: {"actions":[{"id":"action13","type":"key","parameters":{},"actions":[{"type":"keyDown","value":"î€‡"},{"type":"pause","duration":10},{"type":"keyUp","value":"î€‡"}]}]}
COMMAND: GET /session/93250f96accc2e6fd098c611002cad19/screenshot - {}
RESULT: {}
COMMAND: POST /session/93250f96accc2e6fd098c611002cad19/element - {"using":"xpath","value":"//span[contains(text(), \"300003\")]"}
RESULT: {"using":"xpath","value":"//span[contains(text(), \"300003\")]"}
COMMAND: POST /session/93250f96accc2e6fd098c611002cad19/element/f.8FBEE169B4A1F4A008E4BE6459EA698B.d.3E2A761F8F85C5E7F0A3FE75AAE0411D.e.3779/click - {}
RESULT: {}
COMMAND: GET /session/93250f96accc2e6fd098c611002cad19/screenshot - {}
RESULT: {}
COMMAND: POST /session/93250f96accc2e6fd098c611002cad19/element - {"using":"xpath","value":"//bdi[contains(text(), \"OK\")]"}
RESULT: {"using":"xpath","value":"//bdi[contains(text(), \"OK\")]"}
COMMAND: POST /session/93250f96accc2e6fd098c611002cad19/element/f.8FBEE169B4A1F4A008E4BE6459EA698B.d.3E2A761F8F85C5E7F0A3FE75AAE0411D.e.3781/click - {}
RESULT: {}
COMMAND: GET /session/93250f96accc2e6fd098c611002cad19/screenshot - {}
RESULT: {}
COMMAND: POST /session/93250f96accc2e6fd098c611002cad19/execute/async - {"script":"<script> [1562 bytes]","args":[{"selector":{"id":"application-managepartners-display-component---NewPartner--intercompVendorComboBox-application-managepartners-display-component---NewPartner--assignmentsTable-0-vhi"},"wdio_ui5_key":"applicationmanagepartners-display-component---NewPartner--intercompVendorComboBox-application-managepartners-display-component---NewPartner--assignmentsTable-0-vhi"}]}
RESULT: {"script":"<script> [1562 bytes]","args":[{"selector":{"id":"application-managepartners-display-component---NewPartner--intercompVendorComboBox-application-managepartners-display-component---NewPartner--assignmentsTable-0-vhi"},"wdio_ui5_key":"applicationmanagepartners-display-component---NewPartner--intercompVendorComboBox-application-managepartners-display-component---NewPartner--assignmentsTable-0-vhi"}]}
RESULT: undefined
COMMAND: POST /session/93250f96accc2e6fd098c611002cad19/element - {"using":"xpath","value":"//*[@id=\"application-managepartners-display-component---NewPartner--intercompVendorComboBox-application-managepartners-display-component---NewPartner--assignmentsTable-0-vhi\"]"}
RESULT: {"using":"xpath","value":"//*[@id=\"application-managepartners-display-component---NewPartner--intercompVendorComboBox-application-managepartners-display-component---NewPartner--assignmentsTable-0-vhi\"]"}
COMMAND: POST /session/93250f96accc2e6fd098c611002cad19/element/f.8FBEE169B4A1F4A008E4BE6459EA698B.d.3E2A761F8F85C5E7F0A3FE75AAE0411D.e.3784/click - {}
RESULT: {}
RESULT: undefined
COMMAND: POST /session/93250f96accc2e6fd098c611002cad19/execute/async - {"script":"<script> [776 bytes]","args":[{"enterText":"100005","selector":{"controlType":"sap.m.SearchField","properties":{"placeholder":"Search"},"searchOpenDialogs":true,"interaction":{"idSuffix":"I"}},"clearTextFirst":true,"interactionType":"ENTER_TEXT"}]}
COMMAND: GET /session/93250f96accc2e6fd098c611002cad19/screenshot - {}
RESULT: {"script":"<script> [776 bytes]","args":[{"enterText":"100005","selector":{"controlType":"sap.m.SearchField","properties":{"placeholder":"Search"},"searchOpenDialogs":true,"interaction":{"idSuffix":"I"}},"clearTextFirst":true,"interactionType":"ENTER_TEXT"}]}
COMMAND: POST /session/93250f96accc2e6fd098c611002cad19/actions - {"actions":[{"id":"action14","type":"key","parameters":{},"actions":[{"type":"keyDown","value":"î€‡"},{"type":"pause","duration":10},{"type":"keyUp","value":"î€‡"}]}]}
RESULT: {}
RESULT: {"actions":[{"id":"action14","type":"key","parameters":{},"actions":[{"type":"keyDown","value":"î€‡"},{"type":"pause","duration":10},{"type":"keyUp","value":"î€‡"}]}]}
COMMAND: GET /session/93250f96accc2e6fd098c611002cad19/screenshot - {}
RESULT: {}
COMMAND: POST /session/93250f96accc2e6fd098c611002cad19/element - {"using":"xpath","value":"//span[contains(text(), \"Penguins - Field/12345 Berlin\")]"}
RESULT: {"using":"xpath","value":"//span[contains(text(), \"Penguins - Field/12345 Berlin\")]"}
COMMAND: POST /session/93250f96accc2e6fd098c611002cad19/element/f.8FBEE169B4A1F4A008E4BE6459EA698B.d.3E2A761F8F85C5E7F0A3FE75AAE0411D.e.3803/click - {}
RESULT: {}
COMMAND: GET /session/93250f96accc2e6fd098c611002cad19/screenshot - {}
RESULT: {}
COMMAND: POST /session/93250f96accc2e6fd098c611002cad19/element - {"using":"xpath","value":"//bdi[contains(text(), \"OK\")]"}
RESULT: {"using":"xpath","value":"//bdi[contains(text(), \"OK\")]"}
COMMAND: POST /session/93250f96accc2e6fd098c611002cad19/element/f.8FBEE169B4A1F4A008E4BE6459EA698B.d.3E2A761F8F85C5E7F0A3FE75AAE0411D.e.3804/click - {}
RESULT: {}
COMMAND: GET /session/93250f96accc2e6fd098c611002cad19/screenshot - {}
RESULT: {}
COMMAND: POST /session/93250f96accc2e6fd098c611002cad19/element - {"using":"xpath","value":"//button[@data-kt=\"saveButton\"]"}
RESULT: {"using":"xpath","value":"//button[@data-kt=\"saveButton\"]"}
COMMAND: POST /session/93250f96accc2e6fd098c611002cad19/element/f.8FBEE169B4A1F4A008E4BE6459EA698B.d.3E2A761F8F85C5E7F0A3FE75AAE0411D.e.3654/click - {}
RESULT: {}
COMMAND: GET /session/93250f96accc2e6fd098c611002cad19/screenshot - {}
RESULT: {}
COMMAND: POST /session/93250f96accc2e6fd098c611002cad19/element - {"using":"xpath","value":"//header[contains(@id, 'ObjectPageLayout-headerTitle')]/div[1]/div[2]/div[2]/span[1]"}
RESULT: {"using":"xpath","value":"//header[contains(@id, 'ObjectPageLayout-headerTitle')]/div[1]/div[2]/div[2]/span[1]"}
COMMAND: POST /session/93250f96accc2e6fd098c611002cad19/elements - {"using":"xpath","value":"//header[contains(@id, 'ObjectPageLayout-headerTitle')]/div[1]/div[2]/div[2]/span[1]"}
RESULT: {"using":"xpath","value":"//header[contains(@id, 'ObjectPageLayout-headerTitle')]/div[1]/div[2]/div[2]/span[1]"}
COMMAND: POST /session/93250f96accc2e6fd098c611002cad19/execute/sync - {"script":"<script> [56 bytes]","args":[{"element-6066-11e4-a52e-4f735466cecf":"f.8FBEE169B4A1F4A008E4BE6459EA698B.d.3E2A761F8F85C5E7F0A3FE75AAE0411D.e.3973","ELEMENT":"f.8FBEE169B4A1F4A008E4BE6459EA698B.d.3E2A761F8F85C5E7F0A3FE75AAE0411D.e.3973"}]}
RESULT: {"script":"<script> [56 bytes]","args":[{"element-6066-11e4-a52e-4f735466cecf":"f.8FBEE169B4A1F4A008E4BE6459EA698B.d.3E2A761F8F85C5E7F0A3FE75AAE0411D.e.3973","ELEMENT":"f.8FBEE169B4A1F4A008E4BE6459EA698B.d.3E2A761F8F85C5E7F0A3FE75AAE0411D.e.3973"}]}
COMMAND: POST /session/93250f96accc2e6fd098c611002cad19/element - {"using":"css selector","value":"#shell-header-logo"}
COMMAND: GET /session/93250f96accc2e6fd098c611002cad19/screenshot - {}
RESULT: {"using":"css selector","value":"#shell-header-logo"}
COMMAND: POST /session/93250f96accc2e6fd098c611002cad19/element/f.8FBEE169B4A1F4A008E4BE6459EA698B.d.3E2A761F8F85C5E7F0A3FE75AAE0411D.e.3186/click - {}
RESULT: {}
RESULT: {}
COMMAND: GET /session/93250f96accc2e6fd098c611002cad19/screenshot - {}
RESULT: {}
COMMAND: POST /session/93250f96accc2e6fd098c611002cad19/execute/sync - {"script":"<script> [299 bytes]","args":[["getModel","getResource"]]}
RESULT: {"script":"<script> [299 bytes]","args":[["getModel","getResource"]]}
]]></system-out>
    </testcase>
    <testcase classname="chrome.136_0_7103_93.windows.Edit_and_delete_daily_price_US134629_US134627" name="Should create a new site used for following tests" time="116.799">
      <system-out><![CDATA[
COMMAND: POST /session/93250f96accc2e6fd098c611002cad19/execute/async - {"script":"<script> [1562 bytes]","args":[{"selector":{"controlType":"sap.m.GenericTile","properties":{"header":"Manage Sites"}},"wdio_ui5_key":"sapm.GenericTile{\"header\":\"Manage Sites\"}"}]}
COMMAND: GET /session/93250f96accc2e6fd098c611002cad19/screenshot - {}
RESULT: {"script":"<script> [1562 bytes]","args":[{"selector":{"controlType":"sap.m.GenericTile","properties":{"header":"Manage Sites"}},"wdio_ui5_key":"sapm.GenericTile{\"header\":\"Manage Sites\"}"}]}
RESULT: undefined
COMMAND: POST /session/93250f96accc2e6fd098c611002cad19/element - {"using":"xpath","value":"//*[@id=\"__tile40\"]"}
RESULT: {}
RESULT: {"using":"xpath","value":"//*[@id=\"__tile40\"]"}
COMMAND: POST /session/93250f96accc2e6fd098c611002cad19/element/f.8FBEE169B4A1F4A008E4BE6459EA698B.d.3E2A761F8F85C5E7F0A3FE75AAE0411D.e.3078/click - {}
RESULT: {}
COMMAND: GET /session/93250f96accc2e6fd098c611002cad19/screenshot - {}
RESULT: {}
COMMAND: POST /session/93250f96accc2e6fd098c611002cad19/elements - {"using":"xpath","value":"//span[text()='Error']"}
RESULT: {"using":"xpath","value":"//span[text()='Error']"}
COMMAND: POST /session/93250f96accc2e6fd098c611002cad19/element - {"using":"xpath","value":"//button[@data-kt=\"addOverflowToolbarButton\"]"}
RESULT: {"using":"xpath","value":"//button[@data-kt=\"addOverflowToolbarButton\"]"}
COMMAND: POST /session/93250f96accc2e6fd098c611002cad19/elements - {"using":"xpath","value":"//button[@data-kt=\"addOverflowToolbarButton\"]"}
RESULT: {"using":"xpath","value":"//button[@data-kt=\"addOverflowToolbarButton\"]"}
COMMAND: POST /session/93250f96accc2e6fd098c611002cad19/execute/sync - {"script":"<script> [8489 bytes]","args":[{"element-6066-11e4-a52e-4f735466cecf":"f.8FBEE169B4A1F4A008E4BE6459EA698B.d.3E2A761F8F85C5E7F0A3FE75AAE0411D.e.4020","ELEMENT":"f.8FBEE169B4A1F4A008E4BE6459EA698B.d.3E2A761F8F85C5E7F0A3FE75AAE0411D.e.4020"}]}
RESULT: {"script":"<script> [8489 bytes]","args":[{"element-6066-11e4-a52e-4f735466cecf":"f.8FBEE169B4A1F4A008E4BE6459EA698B.d.3E2A761F8F85C5E7F0A3FE75AAE0411D.e.4020","ELEMENT":"f.8FBEE169B4A1F4A008E4BE6459EA698B.d.3E2A761F8F85C5E7F0A3FE75AAE0411D.e.4020"}]}
COMMAND: GET /session/93250f96accc2e6fd098c611002cad19/element/f.8FBEE169B4A1F4A008E4BE6459EA698B.d.3E2A761F8F85C5E7F0A3FE75AAE0411D.e.4020/enabled - {}
COMMAND: GET /session/93250f96accc2e6fd098c611002cad19/screenshot - {}
RESULT: {}
COMMAND: POST /session/93250f96accc2e6fd098c611002cad19/execute/sync - {"script":"<script> [8489 bytes]","args":[{"element-6066-11e4-a52e-4f735466cecf":"f.8FBEE169B4A1F4A008E4BE6459EA698B.d.3E2A761F8F85C5E7F0A3FE75AAE0411D.e.4020","ELEMENT":"f.8FBEE169B4A1F4A008E4BE6459EA698B.d.3E2A761F8F85C5E7F0A3FE75AAE0411D.e.4020"}]}
COMMAND: GET /session/93250f96accc2e6fd098c611002cad19/screenshot - {}
RESULT: {}
RESULT: {"script":"<script> [8489 bytes]","args":[{"element-6066-11e4-a52e-4f735466cecf":"f.8FBEE169B4A1F4A008E4BE6459EA698B.d.3E2A761F8F85C5E7F0A3FE75AAE0411D.e.4020","ELEMENT":"f.8FBEE169B4A1F4A008E4BE6459EA698B.d.3E2A761F8F85C5E7F0A3FE75AAE0411D.e.4020"}]}
COMMAND: POST /session/93250f96accc2e6fd098c611002cad19/execute/sync - {"script":"<script> [5351 bytes]","args":[{"element-6066-11e4-a52e-4f735466cecf":"f.8FBEE169B4A1F4A008E4BE6459EA698B.d.3E2A761F8F85C5E7F0A3FE75AAE0411D.e.4020","ELEMENT":"f.8FBEE169B4A1F4A008E4BE6459EA698B.d.3E2A761F8F85C5E7F0A3FE75AAE0411D.e.4020"}]}
COMMAND: GET /session/93250f96accc2e6fd098c611002cad19/screenshot - {}
RESULT: {}
RESULT: {"script":"<script> [5351 bytes]","args":[{"element-6066-11e4-a52e-4f735466cecf":"f.8FBEE169B4A1F4A008E4BE6459EA698B.d.3E2A761F8F85C5E7F0A3FE75AAE0411D.e.4020","ELEMENT":"f.8FBEE169B4A1F4A008E4BE6459EA698B.d.3E2A761F8F85C5E7F0A3FE75AAE0411D.e.4020"}]}
COMMAND: POST /session/93250f96accc2e6fd098c611002cad19/element/f.8FBEE169B4A1F4A008E4BE6459EA698B.d.3E2A761F8F85C5E7F0A3FE75AAE0411D.e.4020/click - {}
COMMAND: GET /session/93250f96accc2e6fd098c611002cad19/screenshot - {}
RESULT: {}
RESULT: {}
COMMAND: GET /session/93250f96accc2e6fd098c611002cad19/screenshot - {}
RESULT: {}
COMMAND: POST /session/93250f96accc2e6fd098c611002cad19/element - {"using":"xpath","value":"//input[@id=\"application-managesites-display-component---NewSite--siteId-inner\"]"}
RESULT: {}
RESULT: {"using":"xpath","value":"//input[@id=\"application-managesites-display-component---NewSite--siteId-inner\"]"}
COMMAND: POST /session/93250f96accc2e6fd098c611002cad19/element - {"using":"xpath","value":"//input[@id=\"application-managesites-display-component---NewSite--siteId-inner\"]"}
RESULT: {"using":"xpath","value":"//input[@id=\"application-managesites-display-component---NewSite--siteId-inner\"]"}
COMMAND: POST /session/93250f96accc2e6fd098c611002cad19/execute/async - {"script":"<script> [1562 bytes]","args":[{"selector":{"id":"application-managesites-display-component---NewSite--addressDetailDetailsName1","interaction":{"idSuffix":"inner"}},"wdio_ui5_key":"applicationmanagesites-display-component---NewSite--addressDetailDetailsName1"}]}
RESULT: {"script":"<script> [1562 bytes]","args":[{"selector":{"id":"application-managesites-display-component---NewSite--addressDetailDetailsName1","interaction":{"idSuffix":"inner"}},"wdio_ui5_key":"applicationmanagesites-display-component---NewSite--addressDetailDetailsName1"}]}
RESULT: undefined
COMMAND: POST /session/93250f96accc2e6fd098c611002cad19/execute/async - {"script":"<script> [776 bytes]","args":[{"enterText":"DailyPrice WDIO","selector":{"id":"application-managesites-display-component---NewSite--addressDetailDetailsName1","interaction":{"idSuffix":"inner"}},"clearTextFirst":true,"interactionType":"ENTER_TEXT"}]}
RESULT: {"script":"<script> [776 bytes]","args":[{"enterText":"DailyPrice WDIO","selector":{"id":"application-managesites-display-component---NewSite--addressDetailDetailsName1","interaction":{"idSuffix":"inner"}},"clearTextFirst":true,"interactionType":"ENTER_TEXT"}]}
COMMAND: POST /session/93250f96accc2e6fd098c611002cad19/execute/async - {"script":"<script> [1562 bytes]","args":[{"selector":{"id":"application-managesites-display-component---NewSite--addressDetailDetailsLanguage-arrow"},"wdio_ui5_key":"applicationmanagesites-display-component---NewSite--addressDetailDetailsLanguage-arrow"}]}
RESULT: {"script":"<script> [1562 bytes]","args":[{"selector":{"id":"application-managesites-display-component---NewSite--addressDetailDetailsLanguage-arrow"},"wdio_ui5_key":"applicationmanagesites-display-component---NewSite--addressDetailDetailsLanguage-arrow"}]}
RESULT: undefined
COMMAND: POST /session/93250f96accc2e6fd098c611002cad19/element - {"using":"xpath","value":"//*[@id=\"application-managesites-display-component---NewSite--addressDetailDetailsLanguage-arrow\"]"}
RESULT: {"using":"xpath","value":"//*[@id=\"application-managesites-display-component---NewSite--addressDetailDetailsLanguage-arrow\"]"}
COMMAND: POST /session/93250f96accc2e6fd098c611002cad19/element/f.8FBEE169B4A1F4A008E4BE6459EA698B.d.3E2A761F8F85C5E7F0A3FE75AAE0411D.e.4427/click - {}
RESULT: {}
COMMAND: POST /session/93250f96accc2e6fd098c611002cad19/element - {"using":"xpath","value":"//span[contains(text(), \"English\")]"}
COMMAND: GET /session/93250f96accc2e6fd098c611002cad19/screenshot - {}
RESULT: {"using":"xpath","value":"//span[contains(text(), \"English\")]"}
COMMAND: POST /session/93250f96accc2e6fd098c611002cad19/element/f.8FBEE169B4A1F4A008E4BE6459EA698B.d.3E2A761F8F85C5E7F0A3FE75AAE0411D.e.4428/click - {}
RESULT: {}
RESULT: {}
COMMAND: POST /session/93250f96accc2e6fd098c611002cad19/execute/async - {"script":"<script> [1562 bytes]","args":[{"selector":{"id":"application-managesites-display-component---NewSite--addressDetailDetailsCity1","interaction":{"idSuffix":"inner"}},"wdio_ui5_key":"applicationmanagesites-display-component---NewSite--addressDetailDetailsCity1"}]}
COMMAND: GET /session/93250f96accc2e6fd098c611002cad19/screenshot - {}
RESULT: {"script":"<script> [1562 bytes]","args":[{"selector":{"id":"application-managesites-display-component---NewSite--addressDetailDetailsCity1","interaction":{"idSuffix":"inner"}},"wdio_ui5_key":"applicationmanagesites-display-component---NewSite--addressDetailDetailsCity1"}]}
RESULT: undefined
COMMAND: POST /session/93250f96accc2e6fd098c611002cad19/execute/async - {"script":"<script> [776 bytes]","args":[{"enterText":"Rosario","selector":{"id":"application-managesites-display-component---NewSite--addressDetailDetailsCity1","interaction":{"idSuffix":"inner"}},"clearTextFirst":true,"interactionType":"ENTER_TEXT"}]}
RESULT: {}
RESULT: {"script":"<script> [776 bytes]","args":[{"enterText":"Rosario","selector":{"id":"application-managesites-display-component---NewSite--addressDetailDetailsCity1","interaction":{"idSuffix":"inner"}},"clearTextFirst":true,"interactionType":"ENTER_TEXT"}]}
COMMAND: POST /session/93250f96accc2e6fd098c611002cad19/execute/async - {"script":"<script> [1562 bytes]","args":[{"selector":{"id":"application-managesites-display-component---NewSite--addressDetailDetailsCountry-arrow"},"wdio_ui5_key":"applicationmanagesites-display-component---NewSite--addressDetailDetailsCountry-arrow"}]}
RESULT: {"script":"<script> [1562 bytes]","args":[{"selector":{"id":"application-managesites-display-component---NewSite--addressDetailDetailsCountry-arrow"},"wdio_ui5_key":"applicationmanagesites-display-component---NewSite--addressDetailDetailsCountry-arrow"}]}
RESULT: undefined
COMMAND: POST /session/93250f96accc2e6fd098c611002cad19/element - {"using":"xpath","value":"//*[@id=\"application-managesites-display-component---NewSite--addressDetailDetailsCountry-arrow\"]"}
RESULT: {"using":"xpath","value":"//*[@id=\"application-managesites-display-component---NewSite--addressDetailDetailsCountry-arrow\"]"}
COMMAND: POST /session/93250f96accc2e6fd098c611002cad19/element/f.8FBEE169B4A1F4A008E4BE6459EA698B.d.3E2A761F8F85C5E7F0A3FE75AAE0411D.e.4430/click - {}
RESULT: {}
COMMAND: POST /session/93250f96accc2e6fd098c611002cad19/element - {"using":"xpath","value":"//span[contains(text(), \"Argentina\")]"}
COMMAND: GET /session/93250f96accc2e6fd098c611002cad19/screenshot - {}
RESULT: {"using":"xpath","value":"//span[contains(text(), \"Argentina\")]"}
COMMAND: POST /session/93250f96accc2e6fd098c611002cad19/element/f.8FBEE169B4A1F4A008E4BE6459EA698B.d.3E2A761F8F85C5E7F0A3FE75AAE0411D.e.4431/click - {}
RESULT: {}
RESULT: {}
COMMAND: GET /session/93250f96accc2e6fd098c611002cad19/screenshot - {}
RESULT: {}
COMMAND: POST /session/93250f96accc2e6fd098c611002cad19/execute/async - {"script":"<script> [1562 bytes]","args":[{"selector":{"id":"application-managesites-display-component---NewSite--addressEditDetailsCostObjectCstType-arrow"},"wdio_ui5_key":"applicationmanagesites-display-component---NewSite--addressEditDetailsCostObjectCstType-arrow"}]}
RESULT: {"script":"<script> [1562 bytes]","args":[{"selector":{"id":"application-managesites-display-component---NewSite--addressEditDetailsCostObjectCstType-arrow"},"wdio_ui5_key":"applicationmanagesites-display-component---NewSite--addressEditDetailsCostObjectCstType-arrow"}]}
RESULT: undefined
COMMAND: POST /session/93250f96accc2e6fd098c611002cad19/element - {"using":"xpath","value":"//*[@id=\"application-managesites-display-component---NewSite--addressEditDetailsCostObjectCstType-arrow\"]"}
RESULT: {"using":"xpath","value":"//*[@id=\"application-managesites-display-component---NewSite--addressEditDetailsCostObjectCstType-arrow\"]"}
COMMAND: POST /session/93250f96accc2e6fd098c611002cad19/element/f.8FBEE169B4A1F4A008E4BE6459EA698B.d.3E2A761F8F85C5E7F0A3FE75AAE0411D.e.4433/click - {}
RESULT: {}
COMMAND: POST /session/93250f96accc2e6fd098c611002cad19/element - {"using":"xpath","value":"//span[contains(text(), \"Cost Center\")]"}
COMMAND: GET /session/93250f96accc2e6fd098c611002cad19/screenshot - {}
RESULT: {"using":"xpath","value":"//span[contains(text(), \"Cost Center\")]"}
COMMAND: POST /session/93250f96accc2e6fd098c611002cad19/element/f.8FBEE169B4A1F4A008E4BE6459EA698B.d.3E2A761F8F85C5E7F0A3FE75AAE0411D.e.4435/click - {}
RESULT: {}
RESULT: {}
COMMAND: GET /session/93250f96accc2e6fd098c611002cad19/screenshot - {}
RESULT: {}
COMMAND: POST /session/93250f96accc2e6fd098c611002cad19/element - {"using":"xpath","value":"//span[@id=\"application-managesites-display-component---NewSite--addressNewCostObjectCstID-vhi\"]"}
RESULT: {"using":"xpath","value":"//span[@id=\"application-managesites-display-component---NewSite--addressNewCostObjectCstID-vhi\"]"}
COMMAND: POST /session/93250f96accc2e6fd098c611002cad19/execute/sync - {"script":"<script> [8489 bytes]","args":[{"element-6066-11e4-a52e-4f735466cecf":"f.8FBEE169B4A1F4A008E4BE6459EA698B.d.3E2A761F8F85C5E7F0A3FE75AAE0411D.e.4439","ELEMENT":"f.8FBEE169B4A1F4A008E4BE6459EA698B.d.3E2A761F8F85C5E7F0A3FE75AAE0411D.e.4439"}]}
RESULT: {"script":"<script> [8489 bytes]","args":[{"element-6066-11e4-a52e-4f735466cecf":"f.8FBEE169B4A1F4A008E4BE6459EA698B.d.3E2A761F8F85C5E7F0A3FE75AAE0411D.e.4439","ELEMENT":"f.8FBEE169B4A1F4A008E4BE6459EA698B.d.3E2A761F8F85C5E7F0A3FE75AAE0411D.e.4439"}]}
COMMAND: POST /session/93250f96accc2e6fd098c611002cad19/execute/async - {"script":"<script> [1562 bytes]","args":[{"selector":{"id":"application-managesites-display-component---NewSite--addressNewCostObjectCstID-vhi"},"wdio_ui5_key":"applicationmanagesites-display-component---NewSite--addressNewCostObjectCstID-vhi"}]}
COMMAND: GET /session/93250f96accc2e6fd098c611002cad19/screenshot - {}
RESULT: {"script":"<script> [1562 bytes]","args":[{"selector":{"id":"application-managesites-display-component---NewSite--addressNewCostObjectCstID-vhi"},"wdio_ui5_key":"applicationmanagesites-display-component---NewSite--addressNewCostObjectCstID-vhi"}]}
RESULT: undefined
COMMAND: POST /session/93250f96accc2e6fd098c611002cad19/element - {"using":"xpath","value":"//*[@id=\"application-managesites-display-component---NewSite--addressNewCostObjectCstID-vhi\"]"}
RESULT: {}
RESULT: {"using":"xpath","value":"//*[@id=\"application-managesites-display-component---NewSite--addressNewCostObjectCstID-vhi\"]"}
COMMAND: POST /session/93250f96accc2e6fd098c611002cad19/element/f.8FBEE169B4A1F4A008E4BE6459EA698B.d.3E2A761F8F85C5E7F0A3FE75AAE0411D.e.4439/click - {}
RESULT: {}
COMMAND: GET /session/93250f96accc2e6fd098c611002cad19/screenshot - {}
RESULT: {}
RESULT: undefined
COMMAND: POST /session/93250f96accc2e6fd098c611002cad19/execute/async - {"script":"<script> [776 bytes]","args":[{"enterText":"10001013","selector":{"controlType":"sap.m.SearchField","properties":{"placeholder":"Search"},"searchOpenDialogs":true,"interaction":{"idSuffix":"I"}},"clearTextFirst":true,"interactionType":"ENTER_TEXT"}]}
RESULT: {"script":"<script> [776 bytes]","args":[{"enterText":"10001013","selector":{"controlType":"sap.m.SearchField","properties":{"placeholder":"Search"},"searchOpenDialogs":true,"interaction":{"idSuffix":"I"}},"clearTextFirst":true,"interactionType":"ENTER_TEXT"}]}
COMMAND: POST /session/93250f96accc2e6fd098c611002cad19/actions - {"actions":[{"id":"action15","type":"key","parameters":{},"actions":[{"type":"keyDown","value":"î€‡"},{"type":"pause","duration":10},{"type":"keyUp","value":"î€‡"}]}]}
RESULT: {"actions":[{"id":"action15","type":"key","parameters":{},"actions":[{"type":"keyDown","value":"î€‡"},{"type":"pause","duration":10},{"type":"keyUp","value":"î€‡"}]}]}
COMMAND: GET /session/93250f96accc2e6fd098c611002cad19/screenshot - {}
RESULT: {}
COMMAND: POST /session/93250f96accc2e6fd098c611002cad19/element - {"using":"xpath","value":"//span[contains(text(), \"General Management\")]"}
RESULT: {"using":"xpath","value":"//span[contains(text(), \"General Management\")]"}
COMMAND: POST /session/93250f96accc2e6fd098c611002cad19/element/f.8FBEE169B4A1F4A008E4BE6459EA698B.d.3E2A761F8F85C5E7F0A3FE75AAE0411D.e.4445/click - {}
RESULT: {}
COMMAND: GET /session/93250f96accc2e6fd098c611002cad19/screenshot - {}
RESULT: {}
COMMAND: POST /session/93250f96accc2e6fd098c611002cad19/element - {"using":"xpath","value":"//bdi[contains(text(), \"OK\")]"}
RESULT: {"using":"xpath","value":"//bdi[contains(text(), \"OK\")]"}
COMMAND: POST /session/93250f96accc2e6fd098c611002cad19/element/f.8FBEE169B4A1F4A008E4BE6459EA698B.d.3E2A761F8F85C5E7F0A3FE75AAE0411D.e.4447/click - {}
RESULT: {}
COMMAND: GET /session/93250f96accc2e6fd098c611002cad19/screenshot - {}
RESULT: {}
COMMAND: POST /session/93250f96accc2e6fd098c611002cad19/element - {"using":"xpath","value":"//input[@id=\"application-managesites-display-component---NewSite--addressDetailDetailsCalendar-inner\"]"}
RESULT: {"using":"xpath","value":"//input[@id=\"application-managesites-display-component---NewSite--addressDetailDetailsCalendar-inner\"]"}
COMMAND: POST /session/93250f96accc2e6fd098c611002cad19/element/f.8FBEE169B4A1F4A008E4BE6459EA698B.d.3E2A761F8F85C5E7F0A3FE75AAE0411D.e.4222/clear - {}
RESULT: {}
COMMAND: POST /session/93250f96accc2e6fd098c611002cad19/element/f.8FBEE169B4A1F4A008E4BE6459EA698B.d.3E2A761F8F85C5E7F0A3FE75AAE0411D.e.4222/value - {"text":"Unit"}
COMMAND: GET /session/93250f96accc2e6fd098c611002cad19/screenshot - {}
RESULT: {"text":"Unit"}
COMMAND: GET /session/93250f96accc2e6fd098c611002cad19/screenshot - {}
RESULT: {}
RESULT: {}
COMMAND: POST /session/93250f96accc2e6fd098c611002cad19/actions - {"actions":[{"id":"action16","type":"key","parameters":{},"actions":[{"type":"keyDown","value":"î€‡"},{"type":"pause","duration":10},{"type":"keyUp","value":"î€‡"}]}]}
RESULT: {"actions":[{"id":"action16","type":"key","parameters":{},"actions":[{"type":"keyDown","value":"î€‡"},{"type":"pause","duration":10},{"type":"keyUp","value":"î€‡"}]}]}
COMMAND: POST /session/93250f96accc2e6fd098c611002cad19/element - {"using":"xpath","value":"//input[@id=\"application-managesites-display-component---NewSite--addressDetailDetailsYard-inner\"]"}
COMMAND: GET /session/93250f96accc2e6fd098c611002cad19/screenshot - {}
RESULT: {"using":"xpath","value":"//input[@id=\"application-managesites-display-component---NewSite--addressDetailDetailsYard-inner\"]"}
COMMAND: POST /session/93250f96accc2e6fd098c611002cad19/element/f.8FBEE169B4A1F4A008E4BE6459EA698B.d.3E2A761F8F85C5E7F0A3FE75AAE0411D.e.4223/clear - {}
RESULT: {}
RESULT: {}
COMMAND: POST /session/93250f96accc2e6fd098c611002cad19/element/f.8FBEE169B4A1F4A008E4BE6459EA698B.d.3E2A761F8F85C5E7F0A3FE75AAE0411D.e.4223/value - {"text":"629"}
COMMAND: GET /session/93250f96accc2e6fd098c611002cad19/screenshot - {}
RESULT: {"text":"629"}
COMMAND: GET /session/93250f96accc2e6fd098c611002cad19/screenshot - {}
RESULT: {}
RESULT: {}
COMMAND: POST /session/93250f96accc2e6fd098c611002cad19/element - {"using":"xpath","value":"//li[.//span[text()='629']]"}
RESULT: {"using":"xpath","value":"//li[.//span[text()='629']]"}
COMMAND: POST /session/93250f96accc2e6fd098c611002cad19/element/f.8FBEE169B4A1F4A008E4BE6459EA698B.d.3E2A761F8F85C5E7F0A3FE75AAE0411D.e.4455/click - {}
RESULT: {}
COMMAND: GET /session/93250f96accc2e6fd098c611002cad19/screenshot - {}
RESULT: {}
COMMAND: POST /session/93250f96accc2e6fd098c611002cad19/element - {"using":"xpath","value":"//input[@id=\"application-managesites-display-component---NewSite--addressDetailDetailsPartner-inner\"]"}
RESULT: {"using":"xpath","value":"//input[@id=\"application-managesites-display-component---NewSite--addressDetailDetailsPartner-inner\"]"}
COMMAND: POST /session/93250f96accc2e6fd098c611002cad19/element - {"using":"xpath","value":"//input[@id=\"application-managesites-display-component---NewSite--addressDetailDetailsPartner-inner\"]"}
RESULT: {"using":"xpath","value":"//input[@id=\"application-managesites-display-component---NewSite--addressDetailDetailsPartner-inner\"]"}
COMMAND: POST /session/93250f96accc2e6fd098c611002cad19/element - {"using":"xpath","value":"//button[@data-kt=\"saveButton\"]"}
RESULT: {"using":"xpath","value":"//button[@data-kt=\"saveButton\"]"}
COMMAND: POST /session/93250f96accc2e6fd098c611002cad19/element/f.8FBEE169B4A1F4A008E4BE6459EA698B.d.3E2A761F8F85C5E7F0A3FE75AAE0411D.e.4413/click - {}
RESULT: {}
COMMAND: GET /session/93250f96accc2e6fd098c611002cad19/screenshot - {}
RESULT: {}
COMMAND: POST /session/93250f96accc2e6fd098c611002cad19/element - {"using":"xpath","value":"//header[contains(@id, 'ObjectPageLayout-headerTitle')]/div[1]/div[2]/div[2]/span[1]"}
RESULT: {"using":"xpath","value":"//header[contains(@id, 'ObjectPageLayout-headerTitle')]/div[1]/div[2]/div[2]/span[1]"}
COMMAND: POST /session/93250f96accc2e6fd098c611002cad19/elements - {"using":"xpath","value":"//header[contains(@id, 'ObjectPageLayout-headerTitle')]/div[1]/div[2]/div[2]/span[1]"}
RESULT: {"using":"xpath","value":"//header[contains(@id, 'ObjectPageLayout-headerTitle')]/div[1]/div[2]/div[2]/span[1]"}
COMMAND: POST /session/93250f96accc2e6fd098c611002cad19/execute/sync - {"script":"<script> [56 bytes]","args":[{"element-6066-11e4-a52e-4f735466cecf":"f.8FBEE169B4A1F4A008E4BE6459EA698B.d.3E2A761F8F85C5E7F0A3FE75AAE0411D.e.4656","ELEMENT":"f.8FBEE169B4A1F4A008E4BE6459EA698B.d.3E2A761F8F85C5E7F0A3FE75AAE0411D.e.4656"}]}
RESULT: {"script":"<script> [56 bytes]","args":[{"element-6066-11e4-a52e-4f735466cecf":"f.8FBEE169B4A1F4A008E4BE6459EA698B.d.3E2A761F8F85C5E7F0A3FE75AAE0411D.e.4656","ELEMENT":"f.8FBEE169B4A1F4A008E4BE6459EA698B.d.3E2A761F8F85C5E7F0A3FE75AAE0411D.e.4656"}]}
COMMAND: POST /session/93250f96accc2e6fd098c611002cad19/element - {"using":"css selector","value":"#shell-header-logo"}
COMMAND: GET /session/93250f96accc2e6fd098c611002cad19/screenshot - {}
RESULT: {"using":"css selector","value":"#shell-header-logo"}
COMMAND: POST /session/93250f96accc2e6fd098c611002cad19/element/f.8FBEE169B4A1F4A008E4BE6459EA698B.d.3E2A761F8F85C5E7F0A3FE75AAE0411D.e.3978/click - {}
RESULT: {}
RESULT: {}
COMMAND: GET /session/93250f96accc2e6fd098c611002cad19/screenshot - {}
RESULT: {}
COMMAND: POST /session/93250f96accc2e6fd098c611002cad19/execute/sync - {"script":"<script> [299 bytes]","args":[["getModel","getResource"]]}
RESULT: {"script":"<script> [299 bytes]","args":[["getModel","getResource"]]}
]]></system-out>
    </testcase>
    <testcase classname="chrome.136_0_7103_93.windows.Edit_and_delete_daily_price_US134629_US134627" name="Should go to Manage Conditions Daily Price and add the 2 rows one with yard site and one with yard" time="97.003">
      <system-out><![CDATA[
COMMAND: GET /session/93250f96accc2e6fd098c611002cad19/screenshot - {}
COMMAND: POST /session/93250f96accc2e6fd098c611002cad19/execute/async - {"script":"<script> [1562 bytes]","args":[{"selector":{"controlType":"sap.m.GenericTile","properties":{"header":"Manage Conditions & Prices"}},"wdio_ui5_key":"sapm.GenericTile{\"header\":\"Manage Conditions & Prices\"}"}]}
RESULT: {}
RESULT: {"script":"<script> [1562 bytes]","args":[{"selector":{"controlType":"sap.m.GenericTile","properties":{"header":"Manage Conditions & Prices"}},"wdio_ui5_key":"sapm.GenericTile{\"header\":\"Manage Conditions & Prices\"}"}]}
RESULT: undefined
COMMAND: POST /session/93250f96accc2e6fd098c611002cad19/element - {"using":"xpath","value":"//*[@id=\"__tile53\"]"}
RESULT: {"using":"xpath","value":"//*[@id=\"__tile53\"]"}
COMMAND: POST /session/93250f96accc2e6fd098c611002cad19/element/f.8FBEE169B4A1F4A008E4BE6459EA698B.d.3E2A761F8F85C5E7F0A3FE75AAE0411D.e.3122/click - {}
RESULT: {}
COMMAND: GET /session/93250f96accc2e6fd098c611002cad19/screenshot - {}
RESULT: {}
COMMAND: POST /session/93250f96accc2e6fd098c611002cad19/elements - {"using":"xpath","value":"//span[text()='Error']"}
RESULT: {"using":"xpath","value":"//span[text()='Error']"}
COMMAND: POST /session/93250f96accc2e6fd098c611002cad19/element - {"using":"xpath","value":"//button[@aria-label=\"Create\"]"}
RESULT: {"using":"xpath","value":"//button[@aria-label=\"Create\"]"}
COMMAND: POST /session/93250f96accc2e6fd098c611002cad19/element/f.8FBEE169B4A1F4A008E4BE6459EA698B.d.3E2A761F8F85C5E7F0A3FE75AAE0411D.e.4695/click - {}
RESULT: {}
COMMAND: GET /session/93250f96accc2e6fd098c611002cad19/screenshot - {}
RESULT: {}
COMMAND: POST /session/93250f96accc2e6fd098c611002cad19/actions - {"actions":[{"id":"action17","type":"key","parameters":{},"actions":[{"type":"keyDown","value":"î€•"},{"type":"pause","duration":10},{"type":"keyUp","value":"î€•"}]}]}
RESULT: {"actions":[{"id":"action17","type":"key","parameters":{},"actions":[{"type":"keyDown","value":"î€•"},{"type":"pause","duration":10},{"type":"keyUp","value":"î€•"}]}]}
COMMAND: POST /session/93250f96accc2e6fd098c611002cad19/actions - {"actions":[{"id":"action18","type":"key","parameters":{},"actions":[{"type":"keyDown","value":"î€‡"},{"type":"pause","duration":10},{"type":"keyUp","value":"î€‡"}]}]}
COMMAND: GET /session/93250f96accc2e6fd098c611002cad19/screenshot - {}
RESULT: {"actions":[{"id":"action18","type":"key","parameters":{},"actions":[{"type":"keyDown","value":"î€‡"},{"type":"pause","duration":10},{"type":"keyUp","value":"î€‡"}]}]}
COMMAND: POST /session/93250f96accc2e6fd098c611002cad19/execute/async - {"script":"<script> [1562 bytes]","args":[{"selector":{"controlType":"sap.m.Title","viewName":"etm.portal.ui.manageconditionprice.view.DailyPrices","viewId":"application-manageconditionprice-display-component---dailyPrices","i18NText":{"propertyName":"text","key":"dailyPrices"}},"wdio_ui5_key":"etmportal.ui.manageconditionprice.view.DailyPricessap.m.Title{\"propertyName\":\"text\",\"key\":\"dailyPrices\"}"}]}
COMMAND: GET /session/93250f96accc2e6fd098c611002cad19/screenshot - {}
RESULT: {}
RESULT: {"script":"<script> [1562 bytes]","args":[{"selector":{"controlType":"sap.m.Title","viewName":"etm.portal.ui.manageconditionprice.view.DailyPrices","viewId":"application-manageconditionprice-display-component---dailyPrices","i18NText":{"propertyName":"text","key":"dailyPrices"}},"wdio_ui5_key":"etmportal.ui.manageconditionprice.view.DailyPricessap.m.Title{\"propertyName\":\"text\",\"key\":\"dailyPrices\"}"}]}
RESULT: undefined
COMMAND: POST /session/93250f96accc2e6fd098c611002cad19/execute/async - {"script":"<script> [6424 bytes]","args":[{"element-6066-11e4-a52e-4f735466cecf":"f.8FBEE169B4A1F4A008E4BE6459EA698B.d.3E2A761F8F85C5E7F0A3FE75AAE0411D.e.5067"},"getText",[]]}
RESULT: {}
RESULT: {"script":"<script> [6424 bytes]","args":[{"element-6066-11e4-a52e-4f735466cecf":"f.8FBEE169B4A1F4A008E4BE6459EA698B.d.3E2A761F8F85C5E7F0A3FE75AAE0411D.e.5067"},"getText",[]]}
COMMAND: POST /session/93250f96accc2e6fd098c611002cad19/execute/async - {"script":"<script> [1562 bytes]","args":[{"selector":{"id":"application-manageconditionprice-display-component---dailyPrices--condBillCond","interaction":{"idSuffix":"inner"}},"wdio_ui5_key":"applicationmanageconditionprice-display-component---dailyPrices--condBillCond"}]}
RESULT: {"script":"<script> [1562 bytes]","args":[{"selector":{"id":"application-manageconditionprice-display-component---dailyPrices--condBillCond","interaction":{"idSuffix":"inner"}},"wdio_ui5_key":"applicationmanageconditionprice-display-component---dailyPrices--condBillCond"}]}
RESULT: undefined
COMMAND: POST /session/93250f96accc2e6fd098c611002cad19/execute/async - {"script":"<script> [776 bytes]","args":[{"enterText":"Residual Value %","selector":{"id":"application-manageconditionprice-display-component---dailyPrices--condBillCond","interaction":{"idSuffix":"inner"}},"clearTextFirst":true,"interactionType":"ENTER_TEXT"}]}
RESULT: {"script":"<script> [776 bytes]","args":[{"enterText":"Residual Value %","selector":{"id":"application-manageconditionprice-display-component---dailyPrices--condBillCond","interaction":{"idSuffix":"inner"}},"clearTextFirst":true,"interactionType":"ENTER_TEXT"}]}
COMMAND: POST /session/93250f96accc2e6fd098c611002cad19/execute/async - {"script":"<script> [1562 bytes]","args":[{"selector":{"controlType":"sap.m.StandardListItem","viewName":"etm.portal.ui.manageconditionprice.view.DailyPrices","viewId":"application-manageconditionprice-display-component---dailyPrices","properties":{"type":"Active"},"searchOpenDialogs":true,"interaction":{"idSuffix":"titleText"}},"wdio_ui5_key":"etmportal.ui.manageconditionprice.view.DailyPricessap.m.StandardListItem{\"type\":\"Active\"}"}]}
RESULT: {"script":"<script> [1562 bytes]","args":[{"selector":{"controlType":"sap.m.StandardListItem","viewName":"etm.portal.ui.manageconditionprice.view.DailyPrices","viewId":"application-manageconditionprice-display-component---dailyPrices","properties":{"type":"Active"},"searchOpenDialogs":true,"interaction":{"idSuffix":"titleText"}},"wdio_ui5_key":"etmportal.ui.manageconditionprice.view.DailyPricessap.m.StandardListItem{\"type\":\"Active\"}"}]}
RESULT: undefined
COMMAND: POST /session/93250f96accc2e6fd098c611002cad19/element - {"using":"xpath","value":"//*[@id=\"__item1349\"]"}
RESULT: {"using":"xpath","value":"//*[@id=\"__item1349\"]"}
COMMAND: POST /session/93250f96accc2e6fd098c611002cad19/element/f.8FBEE169B4A1F4A008E4BE6459EA698B.d.3E2A761F8F85C5E7F0A3FE75AAE0411D.e.5071/click - {}
RESULT: {}
COMMAND: POST /session/93250f96accc2e6fd098c611002cad19/execute/async - {"script":"<script> [1562 bytes]","args":[{"selector":{"id":"application-manageconditionprice-display-component---dailyPrices--editBtn","interaction":{"idSuffix":"BDI-content"}},"wdio_ui5_key":"applicationmanageconditionprice-display-component---dailyPrices--editBtn"}]}
COMMAND: GET /session/93250f96accc2e6fd098c611002cad19/screenshot - {}
RESULT: {"script":"<script> [1562 bytes]","args":[{"selector":{"id":"application-manageconditionprice-display-component---dailyPrices--editBtn","interaction":{"idSuffix":"BDI-content"}},"wdio_ui5_key":"applicationmanageconditionprice-display-component---dailyPrices--editBtn"}]}
RESULT: undefined
COMMAND: POST /session/93250f96accc2e6fd098c611002cad19/element - {"using":"xpath","value":"//*[@id=\"application-manageconditionprice-display-component---dailyPrices--editBtn\"]"}
RESULT: {}
RESULT: {"using":"xpath","value":"//*[@id=\"application-manageconditionprice-display-component---dailyPrices--editBtn\"]"}
COMMAND: POST /session/93250f96accc2e6fd098c611002cad19/element/f.8FBEE169B4A1F4A008E4BE6459EA698B.d.3E2A761F8F85C5E7F0A3FE75AAE0411D.e.5069/click - {}
RESULT: {}
COMMAND: POST /session/93250f96accc2e6fd098c611002cad19/execute/async - {"script":"<script> [1562 bytes]","args":[{"selector":{"controlType":"sap.m.Button","viewName":"etm.portal.ui.manageconditionprice.view.DailyPrices","viewId":"application-manageconditionprice-display-component---dailyPrices","i18NText":{"propertyName":"text","key":"add"},"interaction":{"idSuffix":"BDI-content"}},"wdio_ui5_key":"etmportal.ui.manageconditionprice.view.DailyPricessap.m.Button{\"propertyName\":\"text\",\"key\":\"add\"}"}]}
COMMAND: GET /session/93250f96accc2e6fd098c611002cad19/screenshot - {}
RESULT: {"script":"<script> [1562 bytes]","args":[{"selector":{"controlType":"sap.m.Button","viewName":"etm.portal.ui.manageconditionprice.view.DailyPrices","viewId":"application-manageconditionprice-display-component---dailyPrices","i18NText":{"propertyName":"text","key":"add"},"interaction":{"idSuffix":"BDI-content"}},"wdio_ui5_key":"etmportal.ui.manageconditionprice.view.DailyPricessap.m.Button{\"propertyName\":\"text\",\"key\":\"add\"}"}]}
RESULT: undefined
COMMAND: POST /session/93250f96accc2e6fd098c611002cad19/element - {"using":"xpath","value":"//*[@id=\"__button113\"]"}
RESULT: {}
RESULT: {"using":"xpath","value":"//*[@id=\"__button113\"]"}
COMMAND: POST /session/93250f96accc2e6fd098c611002cad19/element/f.8FBEE169B4A1F4A008E4BE6459EA698B.d.3E2A761F8F85C5E7F0A3FE75AAE0411D.e.5079/click - {}
RESULT: {}
COMMAND: POST /session/93250f96accc2e6fd098c611002cad19/elements - {"using":"css selector","value":"table tr"}
COMMAND: GET /session/93250f96accc2e6fd098c611002cad19/screenshot - {}
RESULT: {"using":"css selector","value":"table tr"}
COMMAND: POST /session/93250f96accc2e6fd098c611002cad19/element/f.8FBEE169B4A1F4A008E4BE6459EA698B.d.3E2A761F8F85C5E7F0A3FE75AAE0411D.e.5277/elements - {"using":"css selector","value":"input"}
RESULT: {}
RESULT: {"using":"css selector","value":"input"}
COMMAND: POST /session/93250f96accc2e6fd098c611002cad19/element/f.8FBEE169B4A1F4A008E4BE6459EA698B.d.3E2A761F8F85C5E7F0A3FE75AAE0411D.e.5280/clear - {}
COMMAND: POST /session/93250f96accc2e6fd098c611002cad19/element/f.8FBEE169B4A1F4A008E4BE6459EA698B.d.3E2A761F8F85C5E7F0A3FE75AAE0411D.e.5278/clear - {}
COMMAND: POST /session/93250f96accc2e6fd098c611002cad19/element/f.8FBEE169B4A1F4A008E4BE6459EA698B.d.3E2A761F8F85C5E7F0A3FE75AAE0411D.e.5281/clear - {}
COMMAND: POST /session/93250f96accc2e6fd098c611002cad19/element/f.8FBEE169B4A1F4A008E4BE6459EA698B.d.3E2A761F8F85C5E7F0A3FE75AAE0411D.e.5279/clear - {}
COMMAND: POST /session/93250f96accc2e6fd098c611002cad19/element/f.8FBEE169B4A1F4A008E4BE6459EA698B.d.3E2A761F8F85C5E7F0A3FE75AAE0411D.e.5277/elements - {"using":"css selector","value":"td"}
RESULT: {}
COMMAND: POST /session/93250f96accc2e6fd098c611002cad19/element/f.8FBEE169B4A1F4A008E4BE6459EA698B.d.3E2A761F8F85C5E7F0A3FE75AAE0411D.e.5280/value - {"text":"705.60"}
COMMAND: GET /session/93250f96accc2e6fd098c611002cad19/screenshot - {}
RESULT: {}
COMMAND: POST /session/93250f96accc2e6fd098c611002cad19/element/f.8FBEE169B4A1F4A008E4BE6459EA698B.d.3E2A761F8F85C5E7F0A3FE75AAE0411D.e.5278/value - {"text":"06/04/25"}
COMMAND: GET /session/93250f96accc2e6fd098c611002cad19/screenshot - {}
RESULT: {}
COMMAND: POST /session/93250f96accc2e6fd098c611002cad19/element/f.8FBEE169B4A1F4A008E4BE6459EA698B.d.3E2A761F8F85C5E7F0A3FE75AAE0411D.e.5281/value - {"text":"Euro"}
COMMAND: GET /session/93250f96accc2e6fd098c611002cad19/screenshot - {}
RESULT: {}
COMMAND: POST /session/93250f96accc2e6fd098c611002cad19/element/f.8FBEE169B4A1F4A008E4BE6459EA698B.d.3E2A761F8F85C5E7F0A3FE75AAE0411D.e.5279/value - {"text":"11/04/25"}
COMMAND: GET /session/93250f96accc2e6fd098c611002cad19/screenshot - {}
RESULT: {"using":"css selector","value":"td"}
COMMAND: POST /session/93250f96accc2e6fd098c611002cad19/element - {"using":"xpath","value":".//li[contains(., \"2348\") and not(.//li)]"}
COMMAND: POST /session/93250f96accc2e6fd098c611002cad19/element/f.8FBEE169B4A1F4A008E4BE6459EA698B.d.3E2A761F8F85C5E7F0A3FE75AAE0411D.e.5299/element - {"using":"css selector","value":"input"}
COMMAND: POST /session/93250f96accc2e6fd098c611002cad19/element/f.8FBEE169B4A1F4A008E4BE6459EA698B.d.3E2A761F8F85C5E7F0A3FE75AAE0411D.e.5299/element - {"using":"css selector","value":"input"}
RESULT: {"text":"705.60"}
COMMAND: GET /session/93250f96accc2e6fd098c611002cad19/screenshot - {}
RESULT: {}
RESULT: {"text":"06/04/25"}
COMMAND: GET /session/93250f96accc2e6fd098c611002cad19/screenshot - {}
RESULT: {}
RESULT: {"text":"Euro"}
COMMAND: GET /session/93250f96accc2e6fd098c611002cad19/screenshot - {}
RESULT: {}
RESULT: {"text":"11/04/25"}
COMMAND: GET /session/93250f96accc2e6fd098c611002cad19/screenshot - {}
RESULT: {}
RESULT: {"using":"xpath","value":".//li[contains(., \"2348\") and not(.//li)]"}
RESULT: {"using":"css selector","value":"input"}
COMMAND: POST /session/93250f96accc2e6fd098c611002cad19/element/f.8FBEE169B4A1F4A008E4BE6459EA698B.d.3E2A761F8F85C5E7F0A3FE75AAE0411D.e.5282/click - {}
RESULT: {"using":"css selector","value":"input"}
COMMAND: POST /session/93250f96accc2e6fd098c611002cad19/element/f.8FBEE169B4A1F4A008E4BE6459EA698B.d.3E2A761F8F85C5E7F0A3FE75AAE0411D.e.5282/clear - {}
RESULT: {}
RESULT: {}
RESULT: {}
COMMAND: POST /session/93250f96accc2e6fd098c611002cad19/elements - {"using":"xpath","value":".//li[contains(., \"2348\") and not(.//li)]"}
RESULT: {}
RESULT: {}
COMMAND: GET /session/93250f96accc2e6fd098c611002cad19/screenshot - {}
RESULT: {}
COMMAND: POST /session/93250f96accc2e6fd098c611002cad19/element/f.8FBEE169B4A1F4A008E4BE6459EA698B.d.3E2A761F8F85C5E7F0A3FE75AAE0411D.e.5282/value - {"text":"2348"}
COMMAND: GET /session/93250f96accc2e6fd098c611002cad19/screenshot - {}
RESULT: {"using":"xpath","value":".//li[contains(., \"2348\") and not(.//li)]"}
COMMAND: POST /session/93250f96accc2e6fd098c611002cad19/elements - {"using":"xpath","value":".//li[contains(., \"2348\") and not(.//li)]"}
RESULT: {}
RESULT: {"text":"2348"}
COMMAND: GET /session/93250f96accc2e6fd098c611002cad19/screenshot - {}
RESULT: {}
RESULT: {"using":"xpath","value":".//li[contains(., \"2348\") and not(.//li)]"}
COMMAND: POST /session/93250f96accc2e6fd098c611002cad19/element - {"using":"xpath","value":".//li[contains(., \"2348\") and not(.//li)]"}
RESULT: {}
RESULT: {"using":"xpath","value":".//li[contains(., \"2348\") and not(.//li)]"}
COMMAND: POST /session/93250f96accc2e6fd098c611002cad19/element/f.8FBEE169B4A1F4A008E4BE6459EA698B.d.3E2A761F8F85C5E7F0A3FE75AAE0411D.e.5307/click - {}
RESULT: {}
COMMAND: POST /session/93250f96accc2e6fd098c611002cad19/element/f.8FBEE169B4A1F4A008E4BE6459EA698B.d.3E2A761F8F85C5E7F0A3FE75AAE0411D.e.5300/element - {"using":"css selector","value":"input"}
COMMAND: GET /session/93250f96accc2e6fd098c611002cad19/screenshot - {}
RESULT: {"using":"css selector","value":"input"}
COMMAND: POST /session/93250f96accc2e6fd098c611002cad19/element/f.8FBEE169B4A1F4A008E4BE6459EA698B.d.3E2A761F8F85C5E7F0A3FE75AAE0411D.e.5283/click - {}
RESULT: {}
RESULT: {}
COMMAND: GET /session/93250f96accc2e6fd098c611002cad19/screenshot - {}
RESULT: {}
COMMAND: POST /session/93250f96accc2e6fd098c611002cad19/element/f.8FBEE169B4A1F4A008E4BE6459EA698B.d.3E2A761F8F85C5E7F0A3FE75AAE0411D.e.5300/element - {"using":"css selector","value":"input"}
RESULT: {"using":"css selector","value":"input"}
COMMAND: POST /session/93250f96accc2e6fd098c611002cad19/element/f.8FBEE169B4A1F4A008E4BE6459EA698B.d.3E2A761F8F85C5E7F0A3FE75AAE0411D.e.5283/clear - {}
RESULT: {}
COMMAND: POST /session/93250f96accc2e6fd098c611002cad19/element/f.8FBEE169B4A1F4A008E4BE6459EA698B.d.3E2A761F8F85C5E7F0A3FE75AAE0411D.e.5283/value - {"text":"629"}
COMMAND: GET /session/93250f96accc2e6fd098c611002cad19/screenshot - {}
RESULT: {"text":"629"}
COMMAND: GET /session/93250f96accc2e6fd098c611002cad19/screenshot - {}
RESULT: {}
RESULT: {}
COMMAND: POST /session/93250f96accc2e6fd098c611002cad19/element - {"using":"xpath","value":".//li[contains(., \"629\") and not(.//li)]"}
RESULT: {"using":"xpath","value":".//li[contains(., \"629\") and not(.//li)]"}
COMMAND: POST /session/93250f96accc2e6fd098c611002cad19/element/f.8FBEE169B4A1F4A008E4BE6459EA698B.d.3E2A761F8F85C5E7F0A3FE75AAE0411D.e.5308/click - {}
RESULT: {}
RESULT: undefined
COMMAND: POST /session/93250f96accc2e6fd098c611002cad19/element - {"using":"xpath","value":"//*[@id=\"__button113\"]"}
COMMAND: GET /session/93250f96accc2e6fd098c611002cad19/screenshot - {}
RESULT: {"using":"xpath","value":"//*[@id=\"__button113\"]"}
COMMAND: POST /session/93250f96accc2e6fd098c611002cad19/element/f.8FBEE169B4A1F4A008E4BE6459EA698B.d.3E2A761F8F85C5E7F0A3FE75AAE0411D.e.5079/click - {}
RESULT: {}
RESULT: {}
COMMAND: POST /session/93250f96accc2e6fd098c611002cad19/elements - {"using":"css selector","value":"table tr"}
COMMAND: GET /session/93250f96accc2e6fd098c611002cad19/screenshot - {}
RESULT: {"using":"css selector","value":"table tr"}
COMMAND: POST /session/93250f96accc2e6fd098c611002cad19/element/f.8FBEE169B4A1F4A008E4BE6459EA698B.d.3E2A761F8F85C5E7F0A3FE75AAE0411D.e.5310/elements - {"using":"css selector","value":"input"}
RESULT: {}
RESULT: {"using":"css selector","value":"input"}
COMMAND: POST /session/93250f96accc2e6fd098c611002cad19/element/f.8FBEE169B4A1F4A008E4BE6459EA698B.d.3E2A761F8F85C5E7F0A3FE75AAE0411D.e.5313/clear - {}
COMMAND: POST /session/93250f96accc2e6fd098c611002cad19/element/f.8FBEE169B4A1F4A008E4BE6459EA698B.d.3E2A761F8F85C5E7F0A3FE75AAE0411D.e.5311/clear - {}
COMMAND: POST /session/93250f96accc2e6fd098c611002cad19/element/f.8FBEE169B4A1F4A008E4BE6459EA698B.d.3E2A761F8F85C5E7F0A3FE75AAE0411D.e.5314/clear - {}
COMMAND: POST /session/93250f96accc2e6fd098c611002cad19/element/f.8FBEE169B4A1F4A008E4BE6459EA698B.d.3E2A761F8F85C5E7F0A3FE75AAE0411D.e.5312/clear - {}
RESULT: {}
COMMAND: POST /session/93250f96accc2e6fd098c611002cad19/element/f.8FBEE169B4A1F4A008E4BE6459EA698B.d.3E2A761F8F85C5E7F0A3FE75AAE0411D.e.5313/value - {"text":"99.5"}
COMMAND: GET /session/93250f96accc2e6fd098c611002cad19/screenshot - {}
RESULT: {}
COMMAND: POST /session/93250f96accc2e6fd098c611002cad19/element/f.8FBEE169B4A1F4A008E4BE6459EA698B.d.3E2A761F8F85C5E7F0A3FE75AAE0411D.e.5311/value - {"text":"06/04/25"}
COMMAND: GET /session/93250f96accc2e6fd098c611002cad19/screenshot - {}
RESULT: {}
COMMAND: POST /session/93250f96accc2e6fd098c611002cad19/element/f.8FBEE169B4A1F4A008E4BE6459EA698B.d.3E2A761F8F85C5E7F0A3FE75AAE0411D.e.5314/value - {"text":"US Dollar"}
COMMAND: GET /session/93250f96accc2e6fd098c611002cad19/screenshot - {}
RESULT: {}
COMMAND: POST /session/93250f96accc2e6fd098c611002cad19/element/f.8FBEE169B4A1F4A008E4BE6459EA698B.d.3E2A761F8F85C5E7F0A3FE75AAE0411D.e.5312/value - {"text":"11/04/25"}
COMMAND: GET /session/93250f96accc2e6fd098c611002cad19/screenshot - {}
RESULT: {"text":"99.5"}
COMMAND: GET /session/93250f96accc2e6fd098c611002cad19/screenshot - {}
RESULT: {}
COMMAND: POST /session/93250f96accc2e6fd098c611002cad19/element/f.8FBEE169B4A1F4A008E4BE6459EA698B.d.3E2A761F8F85C5E7F0A3FE75AAE0411D.e.5310/elements - {"using":"css selector","value":"td"}
RESULT: {"text":"06/04/25"}
COMMAND: GET /session/93250f96accc2e6fd098c611002cad19/screenshot - {}
RESULT: {}
RESULT: {"text":"US Dollar"}
COMMAND: GET /session/93250f96accc2e6fd098c611002cad19/screenshot - {}
RESULT: {}
RESULT: {"text":"11/04/25"}
COMMAND: GET /session/93250f96accc2e6fd098c611002cad19/screenshot - {}
RESULT: {}
RESULT: {}
RESULT: {"using":"css selector","value":"td"}
COMMAND: POST /session/93250f96accc2e6fd098c611002cad19/element/f.8FBEE169B4A1F4A008E4BE6459EA698B.d.3E2A761F8F85C5E7F0A3FE75AAE0411D.e.5332/element - {"using":"css selector","value":"input"}
RESULT: {}
RESULT: {}
RESULT: {}
RESULT: {"using":"css selector","value":"input"}
COMMAND: POST /session/93250f96accc2e6fd098c611002cad19/element/f.8FBEE169B4A1F4A008E4BE6459EA698B.d.3E2A761F8F85C5E7F0A3FE75AAE0411D.e.5315/click - {}
COMMAND: POST /session/93250f96accc2e6fd098c611002cad19/element/f.8FBEE169B4A1F4A008E4BE6459EA698B.d.3E2A761F8F85C5E7F0A3FE75AAE0411D.e.5332/element - {"using":"css selector","value":"input"}
RESULT: {}
COMMAND: GET /session/93250f96accc2e6fd098c611002cad19/screenshot - {}
RESULT: {"using":"css selector","value":"input"}
COMMAND: POST /session/93250f96accc2e6fd098c611002cad19/element/f.8FBEE169B4A1F4A008E4BE6459EA698B.d.3E2A761F8F85C5E7F0A3FE75AAE0411D.e.5315/clear - {}
RESULT: {}
RESULT: {}
COMMAND: POST /session/93250f96accc2e6fd098c611002cad19/element/f.8FBEE169B4A1F4A008E4BE6459EA698B.d.3E2A761F8F85C5E7F0A3FE75AAE0411D.e.5315/value - {"text":"2348"}
COMMAND: GET /session/93250f96accc2e6fd098c611002cad19/screenshot - {}
RESULT: {"text":"2348"}
COMMAND: GET /session/93250f96accc2e6fd098c611002cad19/screenshot - {}
COMMAND: POST /session/93250f96accc2e6fd098c611002cad19/element - {"using":"xpath","value":"(//li[div//span[contains(text(), '2348')]])[2]"}
RESULT: {}
RESULT: {}
RESULT: {"using":"xpath","value":"(//li[div//span[contains(text(), '2348')]])[2]"}
COMMAND: POST /session/93250f96accc2e6fd098c611002cad19/element/f.8FBEE169B4A1F4A008E4BE6459EA698B.d.3E2A761F8F85C5E7F0A3FE75AAE0411D.e.5341/click - {}
RESULT: {}
COMMAND: POST /session/93250f96accc2e6fd098c611002cad19/execute/async - {"script":"<script> [1562 bytes]","args":[{"selector":{"controlType":"sap.m.Button","viewName":"etm.portal.ui.manageconditionprice.view.DailyPrices","viewId":"application-manageconditionprice-display-component---dailyPrices","i18NText":{"propertyName":"tooltip","key":"save"},"interaction":{"idSuffix":"BDI-content"}},"wdio_ui5_key":"etmportal.ui.manageconditionprice.view.DailyPricessap.m.Button{\"propertyName\":\"tooltip\",\"key\":\"save\"}"}]}
COMMAND: GET /session/93250f96accc2e6fd098c611002cad19/screenshot - {}
RESULT: {"script":"<script> [1562 bytes]","args":[{"selector":{"controlType":"sap.m.Button","viewName":"etm.portal.ui.manageconditionprice.view.DailyPrices","viewId":"application-manageconditionprice-display-component---dailyPrices","i18NText":{"propertyName":"tooltip","key":"save"},"interaction":{"idSuffix":"BDI-content"}},"wdio_ui5_key":"etmportal.ui.manageconditionprice.view.DailyPricessap.m.Button{\"propertyName\":\"tooltip\",\"key\":\"save\"}"}]}
RESULT: undefined
COMMAND: POST /session/93250f96accc2e6fd098c611002cad19/element - {"using":"xpath","value":"//*[@id=\"__button115\"]"}
RESULT: {}
RESULT: {"using":"xpath","value":"//*[@id=\"__button115\"]"}
COMMAND: POST /session/93250f96accc2e6fd098c611002cad19/element/f.8FBEE169B4A1F4A008E4BE6459EA698B.d.3E2A761F8F85C5E7F0A3FE75AAE0411D.e.5073/click - {}
RESULT: {}
COMMAND: GET /session/93250f96accc2e6fd098c611002cad19/screenshot - {}
RESULT: {}
]]></system-out>
    </testcase>
    <testcase classname="chrome.136_0_7103_93.windows.Edit_and_delete_daily_price_US134629_US134627" name="Should check whether the 2 rows have been added then edit one of the rows s currency and value and save and check the edited values" time="13.115">
      <system-out><![CDATA[
COMMAND: POST /session/93250f96accc2e6fd098c611002cad19/elements - {"using":"css selector","value":"table tr"}
RESULT: {"using":"css selector","value":"table tr"}
COMMAND: POST /session/93250f96accc2e6fd098c611002cad19/element/f.8FBEE169B4A1F4A008E4BE6459EA698B.d.3E2A761F8F85C5E7F0A3FE75AAE0411D.e.5310/elements - {"using":"css selector","value":"td"}
RESULT: {"using":"css selector","value":"td"}
COMMAND: POST /session/93250f96accc2e6fd098c611002cad19/element/f.8FBEE169B4A1F4A008E4BE6459EA698B.d.3E2A761F8F85C5E7F0A3FE75AAE0411D.e.5277/elements - {"using":"css selector","value":"td"}
RESULT: {"using":"css selector","value":"td"}
COMMAND: POST /session/93250f96accc2e6fd098c611002cad19/element/f.8FBEE169B4A1F4A008E4BE6459EA698B.d.3E2A761F8F85C5E7F0A3FE75AAE0411D.e.5344/element - {"using":"css selector","value":".sapMObjectNumberText"}
RESULT: {"using":"css selector","value":".sapMObjectNumberText"}
COMMAND: GET /session/93250f96accc2e6fd098c611002cad19/element/f.8FBEE169B4A1F4A008E4BE6459EA698B.d.3E2A761F8F85C5E7F0A3FE75AAE0411D.e.5346/text - {}
RESULT: {}
COMMAND: POST /session/93250f96accc2e6fd098c611002cad19/element/f.8FBEE169B4A1F4A008E4BE6459EA698B.d.3E2A761F8F85C5E7F0A3FE75AAE0411D.e.5345/element - {"using":"css selector","value":".sapMObjectNumberText"}
RESULT: {"using":"css selector","value":".sapMObjectNumberText"}
COMMAND: GET /session/93250f96accc2e6fd098c611002cad19/element/f.8FBEE169B4A1F4A008E4BE6459EA698B.d.3E2A761F8F85C5E7F0A3FE75AAE0411D.e.5347/text - {}
RESULT: {}
RESULT: undefined
COMMAND: POST /session/93250f96accc2e6fd098c611002cad19/element - {"using":"xpath","value":"//*[@id=\"application-manageconditionprice-display-component---dailyPrices--editBtn\"]"}
RESULT: {"using":"xpath","value":"//*[@id=\"application-manageconditionprice-display-component---dailyPrices--editBtn\"]"}
COMMAND: POST /session/93250f96accc2e6fd098c611002cad19/element/f.8FBEE169B4A1F4A008E4BE6459EA698B.d.3E2A761F8F85C5E7F0A3FE75AAE0411D.e.5343/click - {}
RESULT: {}
COMMAND: POST /session/93250f96accc2e6fd098c611002cad19/elements - {"using":"css selector","value":"table tr"}
COMMAND: GET /session/93250f96accc2e6fd098c611002cad19/screenshot - {}
RESULT: {"using":"css selector","value":"table tr"}
COMMAND: POST /session/93250f96accc2e6fd098c611002cad19/element/f.8FBEE169B4A1F4A008E4BE6459EA698B.d.3E2A761F8F85C5E7F0A3FE75AAE0411D.e.5310/elements - {"using":"css selector","value":"input"}
RESULT: {}
RESULT: {"using":"css selector","value":"input"}
COMMAND: POST /session/93250f96accc2e6fd098c611002cad19/element/f.8FBEE169B4A1F4A008E4BE6459EA698B.d.3E2A761F8F85C5E7F0A3FE75AAE0411D.e.5362/clear - {}
COMMAND: POST /session/93250f96accc2e6fd098c611002cad19/element/f.8FBEE169B4A1F4A008E4BE6459EA698B.d.3E2A761F8F85C5E7F0A3FE75AAE0411D.e.5363/clear - {}
RESULT: {}
COMMAND: POST /session/93250f96accc2e6fd098c611002cad19/element/f.8FBEE169B4A1F4A008E4BE6459EA698B.d.3E2A761F8F85C5E7F0A3FE75AAE0411D.e.5362/value - {"text":"566.1"}
COMMAND: GET /session/93250f96accc2e6fd098c611002cad19/screenshot - {}
RESULT: {}
COMMAND: POST /session/93250f96accc2e6fd098c611002cad19/element/f.8FBEE169B4A1F4A008E4BE6459EA698B.d.3E2A761F8F85C5E7F0A3FE75AAE0411D.e.5363/value - {"text":"US Dollar"}
COMMAND: GET /session/93250f96accc2e6fd098c611002cad19/screenshot - {}
RESULT: {"text":"566.1"}
COMMAND: GET /session/93250f96accc2e6fd098c611002cad19/screenshot - {}
RESULT: {}
RESULT: {"text":"US Dollar"}
COMMAND: GET /session/93250f96accc2e6fd098c611002cad19/screenshot - {}
RESULT: {}
RESULT: undefined
COMMAND: POST /session/93250f96accc2e6fd098c611002cad19/element - {"using":"xpath","value":"//*[@id=\"__button115\"]"}
RESULT: {}
RESULT: {}
RESULT: {"using":"xpath","value":"//*[@id=\"__button115\"]"}
COMMAND: POST /session/93250f96accc2e6fd098c611002cad19/element/f.8FBEE169B4A1F4A008E4BE6459EA698B.d.3E2A761F8F85C5E7F0A3FE75AAE0411D.e.5348/click - {}
RESULT: {}
COMMAND: GET /session/93250f96accc2e6fd098c611002cad19/screenshot - {}
RESULT: {}
COMMAND: POST /session/93250f96accc2e6fd098c611002cad19/elements - {"using":"css selector","value":"table tr"}
RESULT: {"using":"css selector","value":"table tr"}
COMMAND: POST /session/93250f96accc2e6fd098c611002cad19/element/f.8FBEE169B4A1F4A008E4BE6459EA698B.d.3E2A761F8F85C5E7F0A3FE75AAE0411D.e.5310/elements - {"using":"css selector","value":"td"}
RESULT: {"using":"css selector","value":"td"}
COMMAND: POST /session/93250f96accc2e6fd098c611002cad19/element/f.8FBEE169B4A1F4A008E4BE6459EA698B.d.3E2A761F8F85C5E7F0A3FE75AAE0411D.e.5367/element - {"using":"css selector","value":".sapMObjectNumberText"}
RESULT: {"using":"css selector","value":".sapMObjectNumberText"}
COMMAND: GET /session/93250f96accc2e6fd098c611002cad19/element/f.8FBEE169B4A1F4A008E4BE6459EA698B.d.3E2A761F8F85C5E7F0A3FE75AAE0411D.e.5369/text - {}
RESULT: {}
]]></system-out>
    </testcase>
    <testcase classname="chrome.136_0_7103_93.windows.Edit_and_delete_daily_price_US134629_US134627" name="Should go into edit and delete all the rows that match the yard we have created for this scenario check if all rows deleted" time="45.827">
      <system-out><![CDATA[
RESULT: undefined
COMMAND: POST /session/93250f96accc2e6fd098c611002cad19/element - {"using":"xpath","value":"//*[@id=\"application-manageconditionprice-display-component---dailyPrices--editBtn\"]"}
RESULT: {"using":"xpath","value":"//*[@id=\"application-manageconditionprice-display-component---dailyPrices--editBtn\"]"}
COMMAND: POST /session/93250f96accc2e6fd098c611002cad19/element/f.8FBEE169B4A1F4A008E4BE6459EA698B.d.3E2A761F8F85C5E7F0A3FE75AAE0411D.e.5366/click - {}
RESULT: {}
COMMAND: GET /session/93250f96accc2e6fd098c611002cad19/screenshot - {}
RESULT: {}
COMMAND: POST /session/93250f96accc2e6fd098c611002cad19/elements - {"using":"css selector","value":"table tr"}
RESULT: {"using":"css selector","value":"table tr"}
COMMAND: POST /session/93250f96accc2e6fd098c611002cad19/element/f.8FBEE169B4A1F4A008E4BE6459EA698B.d.3E2A761F8F85C5E7F0A3FE75AAE0411D.e.5081/elements - {"using":"css selector","value":"td"}
RESULT: {"using":"css selector","value":"td"}
COMMAND: POST /session/93250f96accc2e6fd098c611002cad19/element/f.8FBEE169B4A1F4A008E4BE6459EA698B.d.3E2A761F8F85C5E7F0A3FE75AAE0411D.e.5082/elements - {"using":"css selector","value":"td"}
RESULT: {"using":"css selector","value":"td"}
COMMAND: POST /session/93250f96accc2e6fd098c611002cad19/element/f.8FBEE169B4A1F4A008E4BE6459EA698B.d.3E2A761F8F85C5E7F0A3FE75AAE0411D.e.5083/elements - {"using":"css selector","value":"td"}
RESULT: {"using":"css selector","value":"td"}
COMMAND: POST /session/93250f96accc2e6fd098c611002cad19/element/f.8FBEE169B4A1F4A008E4BE6459EA698B.d.3E2A761F8F85C5E7F0A3FE75AAE0411D.e.5021/elements - {"using":"css selector","value":"td"}
RESULT: {"using":"css selector","value":"td"}
COMMAND: POST /session/93250f96accc2e6fd098c611002cad19/element/f.8FBEE169B4A1F4A008E4BE6459EA698B.d.3E2A761F8F85C5E7F0A3FE75AAE0411D.e.5022/elements - {"using":"css selector","value":"td"}
RESULT: {"using":"css selector","value":"td"}
COMMAND: POST /session/93250f96accc2e6fd098c611002cad19/element/f.8FBEE169B4A1F4A008E4BE6459EA698B.d.3E2A761F8F85C5E7F0A3FE75AAE0411D.e.5031/elements - {"using":"css selector","value":"td"}
RESULT: {"using":"css selector","value":"td"}
COMMAND: POST /session/93250f96accc2e6fd098c611002cad19/element/f.8FBEE169B4A1F4A008E4BE6459EA698B.d.3E2A761F8F85C5E7F0A3FE75AAE0411D.e.5032/elements - {"using":"css selector","value":"td"}
RESULT: {"using":"css selector","value":"td"}
COMMAND: POST /session/93250f96accc2e6fd098c611002cad19/element/f.8FBEE169B4A1F4A008E4BE6459EA698B.d.3E2A761F8F85C5E7F0A3FE75AAE0411D.e.4977/elements - {"using":"css selector","value":"td"}
RESULT: {"using":"css selector","value":"td"}
COMMAND: POST /session/93250f96accc2e6fd098c611002cad19/element/f.8FBEE169B4A1F4A008E4BE6459EA698B.d.3E2A761F8F85C5E7F0A3FE75AAE0411D.e.4978/elements - {"using":"css selector","value":"td"}
RESULT: {"using":"css selector","value":"td"}
COMMAND: POST /session/93250f96accc2e6fd098c611002cad19/element/f.8FBEE169B4A1F4A008E4BE6459EA698B.d.3E2A761F8F85C5E7F0A3FE75AAE0411D.e.4987/elements - {"using":"css selector","value":"td"}
RESULT: {"using":"css selector","value":"td"}
COMMAND: POST /session/93250f96accc2e6fd098c611002cad19/element/f.8FBEE169B4A1F4A008E4BE6459EA698B.d.3E2A761F8F85C5E7F0A3FE75AAE0411D.e.5084/elements - {"using":"css selector","value":"td"}
RESULT: {"using":"css selector","value":"td"}
COMMAND: POST /session/93250f96accc2e6fd098c611002cad19/element/f.8FBEE169B4A1F4A008E4BE6459EA698B.d.3E2A761F8F85C5E7F0A3FE75AAE0411D.e.5085/elements - {"using":"css selector","value":"td"}
RESULT: {"using":"css selector","value":"td"}
COMMAND: POST /session/93250f96accc2e6fd098c611002cad19/element/f.8FBEE169B4A1F4A008E4BE6459EA698B.d.3E2A761F8F85C5E7F0A3FE75AAE0411D.e.5086/elements - {"using":"css selector","value":"td"}
RESULT: {"using":"css selector","value":"td"}
COMMAND: POST /session/93250f96accc2e6fd098c611002cad19/element/f.8FBEE169B4A1F4A008E4BE6459EA698B.d.3E2A761F8F85C5E7F0A3FE75AAE0411D.e.5087/elements - {"using":"css selector","value":"td"}
RESULT: {"using":"css selector","value":"td"}
COMMAND: POST /session/93250f96accc2e6fd098c611002cad19/element/f.8FBEE169B4A1F4A008E4BE6459EA698B.d.3E2A761F8F85C5E7F0A3FE75AAE0411D.e.5088/elements - {"using":"css selector","value":"td"}
RESULT: {"using":"css selector","value":"td"}
COMMAND: POST /session/93250f96accc2e6fd098c611002cad19/element/f.8FBEE169B4A1F4A008E4BE6459EA698B.d.3E2A761F8F85C5E7F0A3FE75AAE0411D.e.5089/elements - {"using":"css selector","value":"td"}
RESULT: {"using":"css selector","value":"td"}
COMMAND: POST /session/93250f96accc2e6fd098c611002cad19/element/f.8FBEE169B4A1F4A008E4BE6459EA698B.d.3E2A761F8F85C5E7F0A3FE75AAE0411D.e.5090/elements - {"using":"css selector","value":"td"}
RESULT: {"using":"css selector","value":"td"}
COMMAND: POST /session/93250f96accc2e6fd098c611002cad19/element/f.8FBEE169B4A1F4A008E4BE6459EA698B.d.3E2A761F8F85C5E7F0A3FE75AAE0411D.e.5091/elements - {"using":"css selector","value":"td"}
RESULT: {"using":"css selector","value":"td"}
COMMAND: POST /session/93250f96accc2e6fd098c611002cad19/element/f.8FBEE169B4A1F4A008E4BE6459EA698B.d.3E2A761F8F85C5E7F0A3FE75AAE0411D.e.5092/elements - {"using":"css selector","value":"td"}
RESULT: {"using":"css selector","value":"td"}
COMMAND: POST /session/93250f96accc2e6fd098c611002cad19/element/f.8FBEE169B4A1F4A008E4BE6459EA698B.d.3E2A761F8F85C5E7F0A3FE75AAE0411D.e.5093/elements - {"using":"css selector","value":"td"}
RESULT: {"using":"css selector","value":"td"}
COMMAND: POST /session/93250f96accc2e6fd098c611002cad19/element/f.8FBEE169B4A1F4A008E4BE6459EA698B.d.3E2A761F8F85C5E7F0A3FE75AAE0411D.e.5094/elements - {"using":"css selector","value":"td"}
RESULT: {"using":"css selector","value":"td"}
COMMAND: POST /session/93250f96accc2e6fd098c611002cad19/element/f.8FBEE169B4A1F4A008E4BE6459EA698B.d.3E2A761F8F85C5E7F0A3FE75AAE0411D.e.5095/elements - {"using":"css selector","value":"td"}
RESULT: {"using":"css selector","value":"td"}
COMMAND: POST /session/93250f96accc2e6fd098c611002cad19/element/f.8FBEE169B4A1F4A008E4BE6459EA698B.d.3E2A761F8F85C5E7F0A3FE75AAE0411D.e.5096/elements - {"using":"css selector","value":"td"}
RESULT: {"using":"css selector","value":"td"}
COMMAND: POST /session/93250f96accc2e6fd098c611002cad19/element/f.8FBEE169B4A1F4A008E4BE6459EA698B.d.3E2A761F8F85C5E7F0A3FE75AAE0411D.e.5097/elements - {"using":"css selector","value":"td"}
RESULT: {"using":"css selector","value":"td"}
COMMAND: POST /session/93250f96accc2e6fd098c611002cad19/element/f.8FBEE169B4A1F4A008E4BE6459EA698B.d.3E2A761F8F85C5E7F0A3FE75AAE0411D.e.5098/elements - {"using":"css selector","value":"td"}
RESULT: {"using":"css selector","value":"td"}
COMMAND: POST /session/93250f96accc2e6fd098c611002cad19/element/f.8FBEE169B4A1F4A008E4BE6459EA698B.d.3E2A761F8F85C5E7F0A3FE75AAE0411D.e.5099/elements - {"using":"css selector","value":"td"}
RESULT: {"using":"css selector","value":"td"}
COMMAND: POST /session/93250f96accc2e6fd098c611002cad19/element/f.8FBEE169B4A1F4A008E4BE6459EA698B.d.3E2A761F8F85C5E7F0A3FE75AAE0411D.e.5100/elements - {"using":"css selector","value":"td"}
RESULT: {"using":"css selector","value":"td"}
COMMAND: POST /session/93250f96accc2e6fd098c611002cad19/element/f.8FBEE169B4A1F4A008E4BE6459EA698B.d.3E2A761F8F85C5E7F0A3FE75AAE0411D.e.5101/elements - {"using":"css selector","value":"td"}
RESULT: {"using":"css selector","value":"td"}
COMMAND: POST /session/93250f96accc2e6fd098c611002cad19/element/f.8FBEE169B4A1F4A008E4BE6459EA698B.d.3E2A761F8F85C5E7F0A3FE75AAE0411D.e.5102/elements - {"using":"css selector","value":"td"}
RESULT: {"using":"css selector","value":"td"}
COMMAND: POST /session/93250f96accc2e6fd098c611002cad19/element/f.8FBEE169B4A1F4A008E4BE6459EA698B.d.3E2A761F8F85C5E7F0A3FE75AAE0411D.e.5103/elements - {"using":"css selector","value":"td"}
RESULT: {"using":"css selector","value":"td"}
COMMAND: POST /session/93250f96accc2e6fd098c611002cad19/element/f.8FBEE169B4A1F4A008E4BE6459EA698B.d.3E2A761F8F85C5E7F0A3FE75AAE0411D.e.5104/elements - {"using":"css selector","value":"td"}
RESULT: {"using":"css selector","value":"td"}
COMMAND: POST /session/93250f96accc2e6fd098c611002cad19/element/f.8FBEE169B4A1F4A008E4BE6459EA698B.d.3E2A761F8F85C5E7F0A3FE75AAE0411D.e.5105/elements - {"using":"css selector","value":"td"}
RESULT: {"using":"css selector","value":"td"}
COMMAND: POST /session/93250f96accc2e6fd098c611002cad19/element/f.8FBEE169B4A1F4A008E4BE6459EA698B.d.3E2A761F8F85C5E7F0A3FE75AAE0411D.e.5106/elements - {"using":"css selector","value":"td"}
RESULT: {"using":"css selector","value":"td"}
COMMAND: POST /session/93250f96accc2e6fd098c611002cad19/element/f.8FBEE169B4A1F4A008E4BE6459EA698B.d.3E2A761F8F85C5E7F0A3FE75AAE0411D.e.5107/elements - {"using":"css selector","value":"td"}
RESULT: {"using":"css selector","value":"td"}
COMMAND: POST /session/93250f96accc2e6fd098c611002cad19/element/f.8FBEE169B4A1F4A008E4BE6459EA698B.d.3E2A761F8F85C5E7F0A3FE75AAE0411D.e.5108/elements - {"using":"css selector","value":"td"}
RESULT: {"using":"css selector","value":"td"}
COMMAND: POST /session/93250f96accc2e6fd098c611002cad19/element/f.8FBEE169B4A1F4A008E4BE6459EA698B.d.3E2A761F8F85C5E7F0A3FE75AAE0411D.e.5109/elements - {"using":"css selector","value":"td"}
RESULT: {"using":"css selector","value":"td"}
COMMAND: POST /session/93250f96accc2e6fd098c611002cad19/element/f.8FBEE169B4A1F4A008E4BE6459EA698B.d.3E2A761F8F85C5E7F0A3FE75AAE0411D.e.5110/elements - {"using":"css selector","value":"td"}
RESULT: {"using":"css selector","value":"td"}
COMMAND: POST /session/93250f96accc2e6fd098c611002cad19/element/f.8FBEE169B4A1F4A008E4BE6459EA698B.d.3E2A761F8F85C5E7F0A3FE75AAE0411D.e.5111/elements - {"using":"css selector","value":"td"}
RESULT: {"using":"css selector","value":"td"}
COMMAND: POST /session/93250f96accc2e6fd098c611002cad19/element/f.8FBEE169B4A1F4A008E4BE6459EA698B.d.3E2A761F8F85C5E7F0A3FE75AAE0411D.e.5112/elements - {"using":"css selector","value":"td"}
RESULT: {"using":"css selector","value":"td"}
COMMAND: POST /session/93250f96accc2e6fd098c611002cad19/element/f.8FBEE169B4A1F4A008E4BE6459EA698B.d.3E2A761F8F85C5E7F0A3FE75AAE0411D.e.5113/elements - {"using":"css selector","value":"td"}
RESULT: {"using":"css selector","value":"td"}
COMMAND: POST /session/93250f96accc2e6fd098c611002cad19/element/f.8FBEE169B4A1F4A008E4BE6459EA698B.d.3E2A761F8F85C5E7F0A3FE75AAE0411D.e.5114/elements - {"using":"css selector","value":"td"}
RESULT: {"using":"css selector","value":"td"}
COMMAND: POST /session/93250f96accc2e6fd098c611002cad19/element/f.8FBEE169B4A1F4A008E4BE6459EA698B.d.3E2A761F8F85C5E7F0A3FE75AAE0411D.e.5115/elements - {"using":"css selector","value":"td"}
RESULT: {"using":"css selector","value":"td"}
COMMAND: POST /session/93250f96accc2e6fd098c611002cad19/element/f.8FBEE169B4A1F4A008E4BE6459EA698B.d.3E2A761F8F85C5E7F0A3FE75AAE0411D.e.5116/elements - {"using":"css selector","value":"td"}
RESULT: {"using":"css selector","value":"td"}
COMMAND: POST /session/93250f96accc2e6fd098c611002cad19/element/f.8FBEE169B4A1F4A008E4BE6459EA698B.d.3E2A761F8F85C5E7F0A3FE75AAE0411D.e.5117/elements - {"using":"css selector","value":"td"}
RESULT: {"using":"css selector","value":"td"}
COMMAND: POST /session/93250f96accc2e6fd098c611002cad19/element/f.8FBEE169B4A1F4A008E4BE6459EA698B.d.3E2A761F8F85C5E7F0A3FE75AAE0411D.e.5118/elements - {"using":"css selector","value":"td"}
RESULT: {"using":"css selector","value":"td"}
COMMAND: POST /session/93250f96accc2e6fd098c611002cad19/element/f.8FBEE169B4A1F4A008E4BE6459EA698B.d.3E2A761F8F85C5E7F0A3FE75AAE0411D.e.5119/elements - {"using":"css selector","value":"td"}
RESULT: {"using":"css selector","value":"td"}
COMMAND: POST /session/93250f96accc2e6fd098c611002cad19/element/f.8FBEE169B4A1F4A008E4BE6459EA698B.d.3E2A761F8F85C5E7F0A3FE75AAE0411D.e.5120/elements - {"using":"css selector","value":"td"}
RESULT: {"using":"css selector","value":"td"}
COMMAND: POST /session/93250f96accc2e6fd098c611002cad19/element/f.8FBEE169B4A1F4A008E4BE6459EA698B.d.3E2A761F8F85C5E7F0A3FE75AAE0411D.e.5121/elements - {"using":"css selector","value":"td"}
RESULT: {"using":"css selector","value":"td"}
COMMAND: POST /session/93250f96accc2e6fd098c611002cad19/element/f.8FBEE169B4A1F4A008E4BE6459EA698B.d.3E2A761F8F85C5E7F0A3FE75AAE0411D.e.5122/elements - {"using":"css selector","value":"td"}
RESULT: {"using":"css selector","value":"td"}
COMMAND: POST /session/93250f96accc2e6fd098c611002cad19/element/f.8FBEE169B4A1F4A008E4BE6459EA698B.d.3E2A761F8F85C5E7F0A3FE75AAE0411D.e.5123/elements - {"using":"css selector","value":"td"}
RESULT: {"using":"css selector","value":"td"}
COMMAND: POST /session/93250f96accc2e6fd098c611002cad19/element/f.8FBEE169B4A1F4A008E4BE6459EA698B.d.3E2A761F8F85C5E7F0A3FE75AAE0411D.e.5124/elements - {"using":"css selector","value":"td"}
RESULT: {"using":"css selector","value":"td"}
COMMAND: POST /session/93250f96accc2e6fd098c611002cad19/element/f.8FBEE169B4A1F4A008E4BE6459EA698B.d.3E2A761F8F85C5E7F0A3FE75AAE0411D.e.5125/elements - {"using":"css selector","value":"td"}
RESULT: {"using":"css selector","value":"td"}
COMMAND: POST /session/93250f96accc2e6fd098c611002cad19/element/f.8FBEE169B4A1F4A008E4BE6459EA698B.d.3E2A761F8F85C5E7F0A3FE75AAE0411D.e.5126/elements - {"using":"css selector","value":"td"}
RESULT: {"using":"css selector","value":"td"}
COMMAND: POST /session/93250f96accc2e6fd098c611002cad19/element/f.8FBEE169B4A1F4A008E4BE6459EA698B.d.3E2A761F8F85C5E7F0A3FE75AAE0411D.e.5127/elements - {"using":"css selector","value":"td"}
RESULT: {"using":"css selector","value":"td"}
COMMAND: POST /session/93250f96accc2e6fd098c611002cad19/element/f.8FBEE169B4A1F4A008E4BE6459EA698B.d.3E2A761F8F85C5E7F0A3FE75AAE0411D.e.5128/elements - {"using":"css selector","value":"td"}
RESULT: {"using":"css selector","value":"td"}
COMMAND: POST /session/93250f96accc2e6fd098c611002cad19/element/f.8FBEE169B4A1F4A008E4BE6459EA698B.d.3E2A761F8F85C5E7F0A3FE75AAE0411D.e.5129/elements - {"using":"css selector","value":"td"}
RESULT: {"using":"css selector","value":"td"}
COMMAND: POST /session/93250f96accc2e6fd098c611002cad19/element/f.8FBEE169B4A1F4A008E4BE6459EA698B.d.3E2A761F8F85C5E7F0A3FE75AAE0411D.e.5130/elements - {"using":"css selector","value":"td"}
RESULT: {"using":"css selector","value":"td"}
COMMAND: POST /session/93250f96accc2e6fd098c611002cad19/element/f.8FBEE169B4A1F4A008E4BE6459EA698B.d.3E2A761F8F85C5E7F0A3FE75AAE0411D.e.5131/elements - {"using":"css selector","value":"td"}
RESULT: {"using":"css selector","value":"td"}
COMMAND: POST /session/93250f96accc2e6fd098c611002cad19/element/f.8FBEE169B4A1F4A008E4BE6459EA698B.d.3E2A761F8F85C5E7F0A3FE75AAE0411D.e.5132/elements - {"using":"css selector","value":"td"}
RESULT: {"using":"css selector","value":"td"}
COMMAND: POST /session/93250f96accc2e6fd098c611002cad19/element/f.8FBEE169B4A1F4A008E4BE6459EA698B.d.3E2A761F8F85C5E7F0A3FE75AAE0411D.e.5133/elements - {"using":"css selector","value":"td"}
RESULT: {"using":"css selector","value":"td"}
COMMAND: POST /session/93250f96accc2e6fd098c611002cad19/element/f.8FBEE169B4A1F4A008E4BE6459EA698B.d.3E2A761F8F85C5E7F0A3FE75AAE0411D.e.5134/elements - {"using":"css selector","value":"td"}
RESULT: {"using":"css selector","value":"td"}
COMMAND: POST /session/93250f96accc2e6fd098c611002cad19/element/f.8FBEE169B4A1F4A008E4BE6459EA698B.d.3E2A761F8F85C5E7F0A3FE75AAE0411D.e.5135/elements - {"using":"css selector","value":"td"}
RESULT: {"using":"css selector","value":"td"}
COMMAND: POST /session/93250f96accc2e6fd098c611002cad19/element/f.8FBEE169B4A1F4A008E4BE6459EA698B.d.3E2A761F8F85C5E7F0A3FE75AAE0411D.e.5136/elements - {"using":"css selector","value":"td"}
RESULT: {"using":"css selector","value":"td"}
COMMAND: POST /session/93250f96accc2e6fd098c611002cad19/element/f.8FBEE169B4A1F4A008E4BE6459EA698B.d.3E2A761F8F85C5E7F0A3FE75AAE0411D.e.5137/elements - {"using":"css selector","value":"td"}
RESULT: {"using":"css selector","value":"td"}
COMMAND: POST /session/93250f96accc2e6fd098c611002cad19/element/f.8FBEE169B4A1F4A008E4BE6459EA698B.d.3E2A761F8F85C5E7F0A3FE75AAE0411D.e.5138/elements - {"using":"css selector","value":"td"}
RESULT: {"using":"css selector","value":"td"}
COMMAND: POST /session/93250f96accc2e6fd098c611002cad19/element/f.8FBEE169B4A1F4A008E4BE6459EA698B.d.3E2A761F8F85C5E7F0A3FE75AAE0411D.e.5139/elements - {"using":"css selector","value":"td"}
RESULT: {"using":"css selector","value":"td"}
COMMAND: POST /session/93250f96accc2e6fd098c611002cad19/element/f.8FBEE169B4A1F4A008E4BE6459EA698B.d.3E2A761F8F85C5E7F0A3FE75AAE0411D.e.5140/elements - {"using":"css selector","value":"td"}
RESULT: {"using":"css selector","value":"td"}
COMMAND: POST /session/93250f96accc2e6fd098c611002cad19/element/f.8FBEE169B4A1F4A008E4BE6459EA698B.d.3E2A761F8F85C5E7F0A3FE75AAE0411D.e.5141/elements - {"using":"css selector","value":"td"}
RESULT: {"using":"css selector","value":"td"}
COMMAND: POST /session/93250f96accc2e6fd098c611002cad19/element/f.8FBEE169B4A1F4A008E4BE6459EA698B.d.3E2A761F8F85C5E7F0A3FE75AAE0411D.e.5142/elements - {"using":"css selector","value":"td"}
RESULT: {"using":"css selector","value":"td"}
COMMAND: POST /session/93250f96accc2e6fd098c611002cad19/element/f.8FBEE169B4A1F4A008E4BE6459EA698B.d.3E2A761F8F85C5E7F0A3FE75AAE0411D.e.5143/elements - {"using":"css selector","value":"td"}
RESULT: {"using":"css selector","value":"td"}
COMMAND: POST /session/93250f96accc2e6fd098c611002cad19/element/f.8FBEE169B4A1F4A008E4BE6459EA698B.d.3E2A761F8F85C5E7F0A3FE75AAE0411D.e.5144/elements - {"using":"css selector","value":"td"}
RESULT: {"using":"css selector","value":"td"}
COMMAND: POST /session/93250f96accc2e6fd098c611002cad19/element/f.8FBEE169B4A1F4A008E4BE6459EA698B.d.3E2A761F8F85C5E7F0A3FE75AAE0411D.e.5145/elements - {"using":"css selector","value":"td"}
RESULT: {"using":"css selector","value":"td"}
COMMAND: POST /session/93250f96accc2e6fd098c611002cad19/element/f.8FBEE169B4A1F4A008E4BE6459EA698B.d.3E2A761F8F85C5E7F0A3FE75AAE0411D.e.5146/elements - {"using":"css selector","value":"td"}
RESULT: {"using":"css selector","value":"td"}
COMMAND: POST /session/93250f96accc2e6fd098c611002cad19/element/f.8FBEE169B4A1F4A008E4BE6459EA698B.d.3E2A761F8F85C5E7F0A3FE75AAE0411D.e.5147/elements - {"using":"css selector","value":"td"}
RESULT: {"using":"css selector","value":"td"}
COMMAND: POST /session/93250f96accc2e6fd098c611002cad19/element/f.8FBEE169B4A1F4A008E4BE6459EA698B.d.3E2A761F8F85C5E7F0A3FE75AAE0411D.e.5148/elements - {"using":"css selector","value":"td"}
RESULT: {"using":"css selector","value":"td"}
COMMAND: POST /session/93250f96accc2e6fd098c611002cad19/element/f.8FBEE169B4A1F4A008E4BE6459EA698B.d.3E2A761F8F85C5E7F0A3FE75AAE0411D.e.5149/elements - {"using":"css selector","value":"td"}
RESULT: {"using":"css selector","value":"td"}
COMMAND: POST /session/93250f96accc2e6fd098c611002cad19/element/f.8FBEE169B4A1F4A008E4BE6459EA698B.d.3E2A761F8F85C5E7F0A3FE75AAE0411D.e.5150/elements - {"using":"css selector","value":"td"}
RESULT: {"using":"css selector","value":"td"}
COMMAND: POST /session/93250f96accc2e6fd098c611002cad19/element/f.8FBEE169B4A1F4A008E4BE6459EA698B.d.3E2A761F8F85C5E7F0A3FE75AAE0411D.e.5151/elements - {"using":"css selector","value":"td"}
RESULT: {"using":"css selector","value":"td"}
COMMAND: POST /session/93250f96accc2e6fd098c611002cad19/element/f.8FBEE169B4A1F4A008E4BE6459EA698B.d.3E2A761F8F85C5E7F0A3FE75AAE0411D.e.5152/elements - {"using":"css selector","value":"td"}
RESULT: {"using":"css selector","value":"td"}
COMMAND: POST /session/93250f96accc2e6fd098c611002cad19/element/f.8FBEE169B4A1F4A008E4BE6459EA698B.d.3E2A761F8F85C5E7F0A3FE75AAE0411D.e.5153/elements - {"using":"css selector","value":"td"}
RESULT: {"using":"css selector","value":"td"}
COMMAND: POST /session/93250f96accc2e6fd098c611002cad19/element/f.8FBEE169B4A1F4A008E4BE6459EA698B.d.3E2A761F8F85C5E7F0A3FE75AAE0411D.e.5154/elements - {"using":"css selector","value":"td"}
RESULT: {"using":"css selector","value":"td"}
COMMAND: POST /session/93250f96accc2e6fd098c611002cad19/element/f.8FBEE169B4A1F4A008E4BE6459EA698B.d.3E2A761F8F85C5E7F0A3FE75AAE0411D.e.5155/elements - {"using":"css selector","value":"td"}
RESULT: {"using":"css selector","value":"td"}
COMMAND: POST /session/93250f96accc2e6fd098c611002cad19/element/f.8FBEE169B4A1F4A008E4BE6459EA698B.d.3E2A761F8F85C5E7F0A3FE75AAE0411D.e.5156/elements - {"using":"css selector","value":"td"}
RESULT: {"using":"css selector","value":"td"}
COMMAND: POST /session/93250f96accc2e6fd098c611002cad19/element/f.8FBEE169B4A1F4A008E4BE6459EA698B.d.3E2A761F8F85C5E7F0A3FE75AAE0411D.e.5157/elements - {"using":"css selector","value":"td"}
RESULT: {"using":"css selector","value":"td"}
COMMAND: POST /session/93250f96accc2e6fd098c611002cad19/element/f.8FBEE169B4A1F4A008E4BE6459EA698B.d.3E2A761F8F85C5E7F0A3FE75AAE0411D.e.5158/elements - {"using":"css selector","value":"td"}
RESULT: {"using":"css selector","value":"td"}
COMMAND: POST /session/93250f96accc2e6fd098c611002cad19/element/f.8FBEE169B4A1F4A008E4BE6459EA698B.d.3E2A761F8F85C5E7F0A3FE75AAE0411D.e.5159/elements - {"using":"css selector","value":"td"}
RESULT: {"using":"css selector","value":"td"}
COMMAND: POST /session/93250f96accc2e6fd098c611002cad19/element/f.8FBEE169B4A1F4A008E4BE6459EA698B.d.3E2A761F8F85C5E7F0A3FE75AAE0411D.e.5160/elements - {"using":"css selector","value":"td"}
RESULT: {"using":"css selector","value":"td"}
COMMAND: POST /session/93250f96accc2e6fd098c611002cad19/element/f.8FBEE169B4A1F4A008E4BE6459EA698B.d.3E2A761F8F85C5E7F0A3FE75AAE0411D.e.5161/elements - {"using":"css selector","value":"td"}
RESULT: {"using":"css selector","value":"td"}
COMMAND: POST /session/93250f96accc2e6fd098c611002cad19/element/f.8FBEE169B4A1F4A008E4BE6459EA698B.d.3E2A761F8F85C5E7F0A3FE75AAE0411D.e.5162/elements - {"using":"css selector","value":"td"}
RESULT: {"using":"css selector","value":"td"}
COMMAND: POST /session/93250f96accc2e6fd098c611002cad19/element/f.8FBEE169B4A1F4A008E4BE6459EA698B.d.3E2A761F8F85C5E7F0A3FE75AAE0411D.e.5163/elements - {"using":"css selector","value":"td"}
RESULT: {"using":"css selector","value":"td"}
COMMAND: POST /session/93250f96accc2e6fd098c611002cad19/element/f.8FBEE169B4A1F4A008E4BE6459EA698B.d.3E2A761F8F85C5E7F0A3FE75AAE0411D.e.5164/elements - {"using":"css selector","value":"td"}
RESULT: {"using":"css selector","value":"td"}
COMMAND: POST /session/93250f96accc2e6fd098c611002cad19/element/f.8FBEE169B4A1F4A008E4BE6459EA698B.d.3E2A761F8F85C5E7F0A3FE75AAE0411D.e.5165/elements - {"using":"css selector","value":"td"}
RESULT: {"using":"css selector","value":"td"}
COMMAND: POST /session/93250f96accc2e6fd098c611002cad19/element/f.8FBEE169B4A1F4A008E4BE6459EA698B.d.3E2A761F8F85C5E7F0A3FE75AAE0411D.e.5166/elements - {"using":"css selector","value":"td"}
RESULT: {"using":"css selector","value":"td"}
COMMAND: POST /session/93250f96accc2e6fd098c611002cad19/element/f.8FBEE169B4A1F4A008E4BE6459EA698B.d.3E2A761F8F85C5E7F0A3FE75AAE0411D.e.5167/elements - {"using":"css selector","value":"td"}
RESULT: {"using":"css selector","value":"td"}
COMMAND: POST /session/93250f96accc2e6fd098c611002cad19/element/f.8FBEE169B4A1F4A008E4BE6459EA698B.d.3E2A761F8F85C5E7F0A3FE75AAE0411D.e.5168/elements - {"using":"css selector","value":"td"}
RESULT: {"using":"css selector","value":"td"}
COMMAND: POST /session/93250f96accc2e6fd098c611002cad19/element/f.8FBEE169B4A1F4A008E4BE6459EA698B.d.3E2A761F8F85C5E7F0A3FE75AAE0411D.e.5169/elements - {"using":"css selector","value":"td"}
RESULT: {"using":"css selector","value":"td"}
COMMAND: POST /session/93250f96accc2e6fd098c611002cad19/element/f.8FBEE169B4A1F4A008E4BE6459EA698B.d.3E2A761F8F85C5E7F0A3FE75AAE0411D.e.5170/elements - {"using":"css selector","value":"td"}
RESULT: {"using":"css selector","value":"td"}
COMMAND: POST /session/93250f96accc2e6fd098c611002cad19/element/f.8FBEE169B4A1F4A008E4BE6459EA698B.d.3E2A761F8F85C5E7F0A3FE75AAE0411D.e.5171/elements - {"using":"css selector","value":"td"}
RESULT: {"using":"css selector","value":"td"}
COMMAND: POST /session/93250f96accc2e6fd098c611002cad19/element/f.8FBEE169B4A1F4A008E4BE6459EA698B.d.3E2A761F8F85C5E7F0A3FE75AAE0411D.e.5172/elements - {"using":"css selector","value":"td"}
RESULT: {"using":"css selector","value":"td"}
COMMAND: POST /session/93250f96accc2e6fd098c611002cad19/element/f.8FBEE169B4A1F4A008E4BE6459EA698B.d.3E2A761F8F85C5E7F0A3FE75AAE0411D.e.5173/elements - {"using":"css selector","value":"td"}
RESULT: {"using":"css selector","value":"td"}
COMMAND: POST /session/93250f96accc2e6fd098c611002cad19/element/f.8FBEE169B4A1F4A008E4BE6459EA698B.d.3E2A761F8F85C5E7F0A3FE75AAE0411D.e.5174/elements - {"using":"css selector","value":"td"}
RESULT: {"using":"css selector","value":"td"}
COMMAND: POST /session/93250f96accc2e6fd098c611002cad19/element/f.8FBEE169B4A1F4A008E4BE6459EA698B.d.3E2A761F8F85C5E7F0A3FE75AAE0411D.e.5175/elements - {"using":"css selector","value":"td"}
RESULT: {"using":"css selector","value":"td"}
COMMAND: POST /session/93250f96accc2e6fd098c611002cad19/element/f.8FBEE169B4A1F4A008E4BE6459EA698B.d.3E2A761F8F85C5E7F0A3FE75AAE0411D.e.5176/elements - {"using":"css selector","value":"td"}
RESULT: {"using":"css selector","value":"td"}
COMMAND: POST /session/93250f96accc2e6fd098c611002cad19/element/f.8FBEE169B4A1F4A008E4BE6459EA698B.d.3E2A761F8F85C5E7F0A3FE75AAE0411D.e.5177/elements - {"using":"css selector","value":"td"}
RESULT: {"using":"css selector","value":"td"}
COMMAND: POST /session/93250f96accc2e6fd098c611002cad19/element/f.8FBEE169B4A1F4A008E4BE6459EA698B.d.3E2A761F8F85C5E7F0A3FE75AAE0411D.e.5178/elements - {"using":"css selector","value":"td"}
RESULT: {"using":"css selector","value":"td"}
COMMAND: POST /session/93250f96accc2e6fd098c611002cad19/element/f.8FBEE169B4A1F4A008E4BE6459EA698B.d.3E2A761F8F85C5E7F0A3FE75AAE0411D.e.5179/elements - {"using":"css selector","value":"td"}
RESULT: {"using":"css selector","value":"td"}
COMMAND: POST /session/93250f96accc2e6fd098c611002cad19/element/f.8FBEE169B4A1F4A008E4BE6459EA698B.d.3E2A761F8F85C5E7F0A3FE75AAE0411D.e.5180/elements - {"using":"css selector","value":"td"}
RESULT: {"using":"css selector","value":"td"}
COMMAND: POST /session/93250f96accc2e6fd098c611002cad19/element/f.8FBEE169B4A1F4A008E4BE6459EA698B.d.3E2A761F8F85C5E7F0A3FE75AAE0411D.e.5181/elements - {"using":"css selector","value":"td"}
RESULT: {"using":"css selector","value":"td"}
COMMAND: POST /session/93250f96accc2e6fd098c611002cad19/element/f.8FBEE169B4A1F4A008E4BE6459EA698B.d.3E2A761F8F85C5E7F0A3FE75AAE0411D.e.5182/elements - {"using":"css selector","value":"td"}
RESULT: {"using":"css selector","value":"td"}
COMMAND: POST /session/93250f96accc2e6fd098c611002cad19/element/f.8FBEE169B4A1F4A008E4BE6459EA698B.d.3E2A761F8F85C5E7F0A3FE75AAE0411D.e.5183/elements - {"using":"css selector","value":"td"}
RESULT: {"using":"css selector","value":"td"}
COMMAND: POST /session/93250f96accc2e6fd098c611002cad19/element/f.8FBEE169B4A1F4A008E4BE6459EA698B.d.3E2A761F8F85C5E7F0A3FE75AAE0411D.e.5184/elements - {"using":"css selector","value":"td"}
RESULT: {"using":"css selector","value":"td"}
COMMAND: POST /session/93250f96accc2e6fd098c611002cad19/element/f.8FBEE169B4A1F4A008E4BE6459EA698B.d.3E2A761F8F85C5E7F0A3FE75AAE0411D.e.5185/elements - {"using":"css selector","value":"td"}
RESULT: {"using":"css selector","value":"td"}
COMMAND: POST /session/93250f96accc2e6fd098c611002cad19/element/f.8FBEE169B4A1F4A008E4BE6459EA698B.d.3E2A761F8F85C5E7F0A3FE75AAE0411D.e.5186/elements - {"using":"css selector","value":"td"}
RESULT: {"using":"css selector","value":"td"}
COMMAND: POST /session/93250f96accc2e6fd098c611002cad19/element/f.8FBEE169B4A1F4A008E4BE6459EA698B.d.3E2A761F8F85C5E7F0A3FE75AAE0411D.e.5187/elements - {"using":"css selector","value":"td"}
RESULT: {"using":"css selector","value":"td"}
COMMAND: POST /session/93250f96accc2e6fd098c611002cad19/element/f.8FBEE169B4A1F4A008E4BE6459EA698B.d.3E2A761F8F85C5E7F0A3FE75AAE0411D.e.5188/elements - {"using":"css selector","value":"td"}
RESULT: {"using":"css selector","value":"td"}
COMMAND: POST /session/93250f96accc2e6fd098c611002cad19/element/f.8FBEE169B4A1F4A008E4BE6459EA698B.d.3E2A761F8F85C5E7F0A3FE75AAE0411D.e.5189/elements - {"using":"css selector","value":"td"}
RESULT: {"using":"css selector","value":"td"}
COMMAND: POST /session/93250f96accc2e6fd098c611002cad19/element/f.8FBEE169B4A1F4A008E4BE6459EA698B.d.3E2A761F8F85C5E7F0A3FE75AAE0411D.e.5190/elements - {"using":"css selector","value":"td"}
RESULT: {"using":"css selector","value":"td"}
COMMAND: POST /session/93250f96accc2e6fd098c611002cad19/element/f.8FBEE169B4A1F4A008E4BE6459EA698B.d.3E2A761F8F85C5E7F0A3FE75AAE0411D.e.5191/elements - {"using":"css selector","value":"td"}
RESULT: {"using":"css selector","value":"td"}
COMMAND: POST /session/93250f96accc2e6fd098c611002cad19/element/f.8FBEE169B4A1F4A008E4BE6459EA698B.d.3E2A761F8F85C5E7F0A3FE75AAE0411D.e.5192/elements - {"using":"css selector","value":"td"}
RESULT: {"using":"css selector","value":"td"}
COMMAND: POST /session/93250f96accc2e6fd098c611002cad19/element/f.8FBEE169B4A1F4A008E4BE6459EA698B.d.3E2A761F8F85C5E7F0A3FE75AAE0411D.e.5193/elements - {"using":"css selector","value":"td"}
RESULT: {"using":"css selector","value":"td"}
COMMAND: POST /session/93250f96accc2e6fd098c611002cad19/element/f.8FBEE169B4A1F4A008E4BE6459EA698B.d.3E2A761F8F85C5E7F0A3FE75AAE0411D.e.5194/elements - {"using":"css selector","value":"td"}
RESULT: {"using":"css selector","value":"td"}
COMMAND: POST /session/93250f96accc2e6fd098c611002cad19/element/f.8FBEE169B4A1F4A008E4BE6459EA698B.d.3E2A761F8F85C5E7F0A3FE75AAE0411D.e.5195/elements - {"using":"css selector","value":"td"}
RESULT: {"using":"css selector","value":"td"}
COMMAND: POST /session/93250f96accc2e6fd098c611002cad19/element/f.8FBEE169B4A1F4A008E4BE6459EA698B.d.3E2A761F8F85C5E7F0A3FE75AAE0411D.e.5196/elements - {"using":"css selector","value":"td"}
RESULT: {"using":"css selector","value":"td"}
COMMAND: POST /session/93250f96accc2e6fd098c611002cad19/element/f.8FBEE169B4A1F4A008E4BE6459EA698B.d.3E2A761F8F85C5E7F0A3FE75AAE0411D.e.5197/elements - {"using":"css selector","value":"td"}
RESULT: {"using":"css selector","value":"td"}
COMMAND: POST /session/93250f96accc2e6fd098c611002cad19/element/f.8FBEE169B4A1F4A008E4BE6459EA698B.d.3E2A761F8F85C5E7F0A3FE75AAE0411D.e.5198/elements - {"using":"css selector","value":"td"}
RESULT: {"using":"css selector","value":"td"}
COMMAND: POST /session/93250f96accc2e6fd098c611002cad19/element/f.8FBEE169B4A1F4A008E4BE6459EA698B.d.3E2A761F8F85C5E7F0A3FE75AAE0411D.e.5199/elements - {"using":"css selector","value":"td"}
RESULT: {"using":"css selector","value":"td"}
COMMAND: POST /session/93250f96accc2e6fd098c611002cad19/element/f.8FBEE169B4A1F4A008E4BE6459EA698B.d.3E2A761F8F85C5E7F0A3FE75AAE0411D.e.5200/elements - {"using":"css selector","value":"td"}
RESULT: {"using":"css selector","value":"td"}
COMMAND: POST /session/93250f96accc2e6fd098c611002cad19/element/f.8FBEE169B4A1F4A008E4BE6459EA698B.d.3E2A761F8F85C5E7F0A3FE75AAE0411D.e.5201/elements - {"using":"css selector","value":"td"}
RESULT: {"using":"css selector","value":"td"}
COMMAND: POST /session/93250f96accc2e6fd098c611002cad19/element/f.8FBEE169B4A1F4A008E4BE6459EA698B.d.3E2A761F8F85C5E7F0A3FE75AAE0411D.e.5202/elements - {"using":"css selector","value":"td"}
RESULT: {"using":"css selector","value":"td"}
COMMAND: POST /session/93250f96accc2e6fd098c611002cad19/element/f.8FBEE169B4A1F4A008E4BE6459EA698B.d.3E2A761F8F85C5E7F0A3FE75AAE0411D.e.5203/elements - {"using":"css selector","value":"td"}
RESULT: {"using":"css selector","value":"td"}
COMMAND: POST /session/93250f96accc2e6fd098c611002cad19/element/f.8FBEE169B4A1F4A008E4BE6459EA698B.d.3E2A761F8F85C5E7F0A3FE75AAE0411D.e.5204/elements - {"using":"css selector","value":"td"}
RESULT: {"using":"css selector","value":"td"}
COMMAND: POST /session/93250f96accc2e6fd098c611002cad19/element/f.8FBEE169B4A1F4A008E4BE6459EA698B.d.3E2A761F8F85C5E7F0A3FE75AAE0411D.e.5205/elements - {"using":"css selector","value":"td"}
RESULT: {"using":"css selector","value":"td"}
COMMAND: POST /session/93250f96accc2e6fd098c611002cad19/element/f.8FBEE169B4A1F4A008E4BE6459EA698B.d.3E2A761F8F85C5E7F0A3FE75AAE0411D.e.5206/elements - {"using":"css selector","value":"td"}
RESULT: {"using":"css selector","value":"td"}
COMMAND: POST /session/93250f96accc2e6fd098c611002cad19/element/f.8FBEE169B4A1F4A008E4BE6459EA698B.d.3E2A761F8F85C5E7F0A3FE75AAE0411D.e.5207/elements - {"using":"css selector","value":"td"}
RESULT: {"using":"css selector","value":"td"}
COMMAND: POST /session/93250f96accc2e6fd098c611002cad19/element/f.8FBEE169B4A1F4A008E4BE6459EA698B.d.3E2A761F8F85C5E7F0A3FE75AAE0411D.e.5208/elements - {"using":"css selector","value":"td"}
RESULT: {"using":"css selector","value":"td"}
COMMAND: POST /session/93250f96accc2e6fd098c611002cad19/element/f.8FBEE169B4A1F4A008E4BE6459EA698B.d.3E2A761F8F85C5E7F0A3FE75AAE0411D.e.5209/elements - {"using":"css selector","value":"td"}
RESULT: {"using":"css selector","value":"td"}
COMMAND: POST /session/93250f96accc2e6fd098c611002cad19/element/f.8FBEE169B4A1F4A008E4BE6459EA698B.d.3E2A761F8F85C5E7F0A3FE75AAE0411D.e.5210/elements - {"using":"css selector","value":"td"}
RESULT: {"using":"css selector","value":"td"}
COMMAND: POST /session/93250f96accc2e6fd098c611002cad19/element/f.8FBEE169B4A1F4A008E4BE6459EA698B.d.3E2A761F8F85C5E7F0A3FE75AAE0411D.e.5211/elements - {"using":"css selector","value":"td"}
RESULT: {"using":"css selector","value":"td"}
COMMAND: POST /session/93250f96accc2e6fd098c611002cad19/element/f.8FBEE169B4A1F4A008E4BE6459EA698B.d.3E2A761F8F85C5E7F0A3FE75AAE0411D.e.5212/elements - {"using":"css selector","value":"td"}
RESULT: {"using":"css selector","value":"td"}
COMMAND: POST /session/93250f96accc2e6fd098c611002cad19/element/f.8FBEE169B4A1F4A008E4BE6459EA698B.d.3E2A761F8F85C5E7F0A3FE75AAE0411D.e.5213/elements - {"using":"css selector","value":"td"}
RESULT: {"using":"css selector","value":"td"}
COMMAND: POST /session/93250f96accc2e6fd098c611002cad19/element/f.8FBEE169B4A1F4A008E4BE6459EA698B.d.3E2A761F8F85C5E7F0A3FE75AAE0411D.e.5214/elements - {"using":"css selector","value":"td"}
RESULT: {"using":"css selector","value":"td"}
COMMAND: POST /session/93250f96accc2e6fd098c611002cad19/element/f.8FBEE169B4A1F4A008E4BE6459EA698B.d.3E2A761F8F85C5E7F0A3FE75AAE0411D.e.5215/elements - {"using":"css selector","value":"td"}
RESULT: {"using":"css selector","value":"td"}
COMMAND: POST /session/93250f96accc2e6fd098c611002cad19/element/f.8FBEE169B4A1F4A008E4BE6459EA698B.d.3E2A761F8F85C5E7F0A3FE75AAE0411D.e.5216/elements - {"using":"css selector","value":"td"}
RESULT: {"using":"css selector","value":"td"}
COMMAND: POST /session/93250f96accc2e6fd098c611002cad19/element/f.8FBEE169B4A1F4A008E4BE6459EA698B.d.3E2A761F8F85C5E7F0A3FE75AAE0411D.e.5217/elements - {"using":"css selector","value":"td"}
RESULT: {"using":"css selector","value":"td"}
COMMAND: POST /session/93250f96accc2e6fd098c611002cad19/element/f.8FBEE169B4A1F4A008E4BE6459EA698B.d.3E2A761F8F85C5E7F0A3FE75AAE0411D.e.5218/elements - {"using":"css selector","value":"td"}
RESULT: {"using":"css selector","value":"td"}
COMMAND: POST /session/93250f96accc2e6fd098c611002cad19/element/f.8FBEE169B4A1F4A008E4BE6459EA698B.d.3E2A761F8F85C5E7F0A3FE75AAE0411D.e.5219/elements - {"using":"css selector","value":"td"}
RESULT: {"using":"css selector","value":"td"}
COMMAND: POST /session/93250f96accc2e6fd098c611002cad19/element/f.8FBEE169B4A1F4A008E4BE6459EA698B.d.3E2A761F8F85C5E7F0A3FE75AAE0411D.e.5220/elements - {"using":"css selector","value":"td"}
RESULT: {"using":"css selector","value":"td"}
COMMAND: POST /session/93250f96accc2e6fd098c611002cad19/element/f.8FBEE169B4A1F4A008E4BE6459EA698B.d.3E2A761F8F85C5E7F0A3FE75AAE0411D.e.5221/elements - {"using":"css selector","value":"td"}
RESULT: {"using":"css selector","value":"td"}
COMMAND: POST /session/93250f96accc2e6fd098c611002cad19/element/f.8FBEE169B4A1F4A008E4BE6459EA698B.d.3E2A761F8F85C5E7F0A3FE75AAE0411D.e.5222/elements - {"using":"css selector","value":"td"}
RESULT: {"using":"css selector","value":"td"}
COMMAND: POST /session/93250f96accc2e6fd098c611002cad19/element/f.8FBEE169B4A1F4A008E4BE6459EA698B.d.3E2A761F8F85C5E7F0A3FE75AAE0411D.e.5223/elements - {"using":"css selector","value":"td"}
RESULT: {"using":"css selector","value":"td"}
COMMAND: POST /session/93250f96accc2e6fd098c611002cad19/element/f.8FBEE169B4A1F4A008E4BE6459EA698B.d.3E2A761F8F85C5E7F0A3FE75AAE0411D.e.5224/elements - {"using":"css selector","value":"td"}
RESULT: {"using":"css selector","value":"td"}
COMMAND: POST /session/93250f96accc2e6fd098c611002cad19/element/f.8FBEE169B4A1F4A008E4BE6459EA698B.d.3E2A761F8F85C5E7F0A3FE75AAE0411D.e.5225/elements - {"using":"css selector","value":"td"}
RESULT: {"using":"css selector","value":"td"}
COMMAND: POST /session/93250f96accc2e6fd098c611002cad19/element/f.8FBEE169B4A1F4A008E4BE6459EA698B.d.3E2A761F8F85C5E7F0A3FE75AAE0411D.e.5226/elements - {"using":"css selector","value":"td"}
RESULT: {"using":"css selector","value":"td"}
COMMAND: POST /session/93250f96accc2e6fd098c611002cad19/element/f.8FBEE169B4A1F4A008E4BE6459EA698B.d.3E2A761F8F85C5E7F0A3FE75AAE0411D.e.5227/elements - {"using":"css selector","value":"td"}
RESULT: {"using":"css selector","value":"td"}
COMMAND: POST /session/93250f96accc2e6fd098c611002cad19/element/f.8FBEE169B4A1F4A008E4BE6459EA698B.d.3E2A761F8F85C5E7F0A3FE75AAE0411D.e.5228/elements - {"using":"css selector","value":"td"}
RESULT: {"using":"css selector","value":"td"}
COMMAND: POST /session/93250f96accc2e6fd098c611002cad19/element/f.8FBEE169B4A1F4A008E4BE6459EA698B.d.3E2A761F8F85C5E7F0A3FE75AAE0411D.e.5229/elements - {"using":"css selector","value":"td"}
RESULT: {"using":"css selector","value":"td"}
COMMAND: POST /session/93250f96accc2e6fd098c611002cad19/element/f.8FBEE169B4A1F4A008E4BE6459EA698B.d.3E2A761F8F85C5E7F0A3FE75AAE0411D.e.5230/elements - {"using":"css selector","value":"td"}
RESULT: {"using":"css selector","value":"td"}
COMMAND: POST /session/93250f96accc2e6fd098c611002cad19/element/f.8FBEE169B4A1F4A008E4BE6459EA698B.d.3E2A761F8F85C5E7F0A3FE75AAE0411D.e.5231/elements - {"using":"css selector","value":"td"}
RESULT: {"using":"css selector","value":"td"}
COMMAND: POST /session/93250f96accc2e6fd098c611002cad19/element/f.8FBEE169B4A1F4A008E4BE6459EA698B.d.3E2A761F8F85C5E7F0A3FE75AAE0411D.e.5232/elements - {"using":"css selector","value":"td"}
RESULT: {"using":"css selector","value":"td"}
COMMAND: POST /session/93250f96accc2e6fd098c611002cad19/element/f.8FBEE169B4A1F4A008E4BE6459EA698B.d.3E2A761F8F85C5E7F0A3FE75AAE0411D.e.5233/elements - {"using":"css selector","value":"td"}
RESULT: {"using":"css selector","value":"td"}
COMMAND: POST /session/93250f96accc2e6fd098c611002cad19/element/f.8FBEE169B4A1F4A008E4BE6459EA698B.d.3E2A761F8F85C5E7F0A3FE75AAE0411D.e.5234/elements - {"using":"css selector","value":"td"}
RESULT: {"using":"css selector","value":"td"}
COMMAND: POST /session/93250f96accc2e6fd098c611002cad19/element/f.8FBEE169B4A1F4A008E4BE6459EA698B.d.3E2A761F8F85C5E7F0A3FE75AAE0411D.e.5235/elements - {"using":"css selector","value":"td"}
RESULT: {"using":"css selector","value":"td"}
COMMAND: POST /session/93250f96accc2e6fd098c611002cad19/element/f.8FBEE169B4A1F4A008E4BE6459EA698B.d.3E2A761F8F85C5E7F0A3FE75AAE0411D.e.5236/elements - {"using":"css selector","value":"td"}
RESULT: {"using":"css selector","value":"td"}
COMMAND: POST /session/93250f96accc2e6fd098c611002cad19/element/f.8FBEE169B4A1F4A008E4BE6459EA698B.d.3E2A761F8F85C5E7F0A3FE75AAE0411D.e.5237/elements - {"using":"css selector","value":"td"}
RESULT: {"using":"css selector","value":"td"}
COMMAND: POST /session/93250f96accc2e6fd098c611002cad19/element/f.8FBEE169B4A1F4A008E4BE6459EA698B.d.3E2A761F8F85C5E7F0A3FE75AAE0411D.e.5238/elements - {"using":"css selector","value":"td"}
RESULT: {"using":"css selector","value":"td"}
COMMAND: POST /session/93250f96accc2e6fd098c611002cad19/element/f.8FBEE169B4A1F4A008E4BE6459EA698B.d.3E2A761F8F85C5E7F0A3FE75AAE0411D.e.5239/elements - {"using":"css selector","value":"td"}
RESULT: {"using":"css selector","value":"td"}
COMMAND: POST /session/93250f96accc2e6fd098c611002cad19/element/f.8FBEE169B4A1F4A008E4BE6459EA698B.d.3E2A761F8F85C5E7F0A3FE75AAE0411D.e.5240/elements - {"using":"css selector","value":"td"}
RESULT: {"using":"css selector","value":"td"}
COMMAND: POST /session/93250f96accc2e6fd098c611002cad19/element/f.8FBEE169B4A1F4A008E4BE6459EA698B.d.3E2A761F8F85C5E7F0A3FE75AAE0411D.e.5241/elements - {"using":"css selector","value":"td"}
RESULT: {"using":"css selector","value":"td"}
COMMAND: POST /session/93250f96accc2e6fd098c611002cad19/element/f.8FBEE169B4A1F4A008E4BE6459EA698B.d.3E2A761F8F85C5E7F0A3FE75AAE0411D.e.5242/elements - {"using":"css selector","value":"td"}
RESULT: {"using":"css selector","value":"td"}
COMMAND: POST /session/93250f96accc2e6fd098c611002cad19/element/f.8FBEE169B4A1F4A008E4BE6459EA698B.d.3E2A761F8F85C5E7F0A3FE75AAE0411D.e.5243/elements - {"using":"css selector","value":"td"}
RESULT: {"using":"css selector","value":"td"}
COMMAND: POST /session/93250f96accc2e6fd098c611002cad19/element/f.8FBEE169B4A1F4A008E4BE6459EA698B.d.3E2A761F8F85C5E7F0A3FE75AAE0411D.e.5244/elements - {"using":"css selector","value":"td"}
RESULT: {"using":"css selector","value":"td"}
COMMAND: POST /session/93250f96accc2e6fd098c611002cad19/element/f.8FBEE169B4A1F4A008E4BE6459EA698B.d.3E2A761F8F85C5E7F0A3FE75AAE0411D.e.5245/elements - {"using":"css selector","value":"td"}
RESULT: {"using":"css selector","value":"td"}
COMMAND: POST /session/93250f96accc2e6fd098c611002cad19/element/f.8FBEE169B4A1F4A008E4BE6459EA698B.d.3E2A761F8F85C5E7F0A3FE75AAE0411D.e.5246/elements - {"using":"css selector","value":"td"}
RESULT: {"using":"css selector","value":"td"}
COMMAND: POST /session/93250f96accc2e6fd098c611002cad19/element/f.8FBEE169B4A1F4A008E4BE6459EA698B.d.3E2A761F8F85C5E7F0A3FE75AAE0411D.e.5247/elements - {"using":"css selector","value":"td"}
RESULT: {"using":"css selector","value":"td"}
COMMAND: POST /session/93250f96accc2e6fd098c611002cad19/element/f.8FBEE169B4A1F4A008E4BE6459EA698B.d.3E2A761F8F85C5E7F0A3FE75AAE0411D.e.5248/elements - {"using":"css selector","value":"td"}
RESULT: {"using":"css selector","value":"td"}
COMMAND: POST /session/93250f96accc2e6fd098c611002cad19/element/f.8FBEE169B4A1F4A008E4BE6459EA698B.d.3E2A761F8F85C5E7F0A3FE75AAE0411D.e.5249/elements - {"using":"css selector","value":"td"}
RESULT: {"using":"css selector","value":"td"}
COMMAND: POST /session/93250f96accc2e6fd098c611002cad19/element/f.8FBEE169B4A1F4A008E4BE6459EA698B.d.3E2A761F8F85C5E7F0A3FE75AAE0411D.e.5250/elements - {"using":"css selector","value":"td"}
RESULT: {"using":"css selector","value":"td"}
COMMAND: POST /session/93250f96accc2e6fd098c611002cad19/element/f.8FBEE169B4A1F4A008E4BE6459EA698B.d.3E2A761F8F85C5E7F0A3FE75AAE0411D.e.5251/elements - {"using":"css selector","value":"td"}
RESULT: {"using":"css selector","value":"td"}
COMMAND: POST /session/93250f96accc2e6fd098c611002cad19/element/f.8FBEE169B4A1F4A008E4BE6459EA698B.d.3E2A761F8F85C5E7F0A3FE75AAE0411D.e.5252/elements - {"using":"css selector","value":"td"}
RESULT: {"using":"css selector","value":"td"}
COMMAND: POST /session/93250f96accc2e6fd098c611002cad19/element/f.8FBEE169B4A1F4A008E4BE6459EA698B.d.3E2A761F8F85C5E7F0A3FE75AAE0411D.e.5253/elements - {"using":"css selector","value":"td"}
RESULT: {"using":"css selector","value":"td"}
COMMAND: POST /session/93250f96accc2e6fd098c611002cad19/element/f.8FBEE169B4A1F4A008E4BE6459EA698B.d.3E2A761F8F85C5E7F0A3FE75AAE0411D.e.5254/elements - {"using":"css selector","value":"td"}
RESULT: {"using":"css selector","value":"td"}
COMMAND: POST /session/93250f96accc2e6fd098c611002cad19/element/f.8FBEE169B4A1F4A008E4BE6459EA698B.d.3E2A761F8F85C5E7F0A3FE75AAE0411D.e.5255/elements - {"using":"css selector","value":"td"}
RESULT: {"using":"css selector","value":"td"}
COMMAND: POST /session/93250f96accc2e6fd098c611002cad19/element/f.8FBEE169B4A1F4A008E4BE6459EA698B.d.3E2A761F8F85C5E7F0A3FE75AAE0411D.e.5256/elements - {"using":"css selector","value":"td"}
RESULT: {"using":"css selector","value":"td"}
COMMAND: POST /session/93250f96accc2e6fd098c611002cad19/element/f.8FBEE169B4A1F4A008E4BE6459EA698B.d.3E2A761F8F85C5E7F0A3FE75AAE0411D.e.5257/elements - {"using":"css selector","value":"td"}
RESULT: {"using":"css selector","value":"td"}
COMMAND: POST /session/93250f96accc2e6fd098c611002cad19/element/f.8FBEE169B4A1F4A008E4BE6459EA698B.d.3E2A761F8F85C5E7F0A3FE75AAE0411D.e.5258/elements - {"using":"css selector","value":"td"}
RESULT: {"using":"css selector","value":"td"}
COMMAND: POST /session/93250f96accc2e6fd098c611002cad19/element/f.8FBEE169B4A1F4A008E4BE6459EA698B.d.3E2A761F8F85C5E7F0A3FE75AAE0411D.e.5259/elements - {"using":"css selector","value":"td"}
RESULT: {"using":"css selector","value":"td"}
COMMAND: POST /session/93250f96accc2e6fd098c611002cad19/element/f.8FBEE169B4A1F4A008E4BE6459EA698B.d.3E2A761F8F85C5E7F0A3FE75AAE0411D.e.5260/elements - {"using":"css selector","value":"td"}
RESULT: {"using":"css selector","value":"td"}
COMMAND: POST /session/93250f96accc2e6fd098c611002cad19/element/f.8FBEE169B4A1F4A008E4BE6459EA698B.d.3E2A761F8F85C5E7F0A3FE75AAE0411D.e.5261/elements - {"using":"css selector","value":"td"}
RESULT: {"using":"css selector","value":"td"}
COMMAND: POST /session/93250f96accc2e6fd098c611002cad19/element/f.8FBEE169B4A1F4A008E4BE6459EA698B.d.3E2A761F8F85C5E7F0A3FE75AAE0411D.e.5262/elements - {"using":"css selector","value":"td"}
RESULT: {"using":"css selector","value":"td"}
COMMAND: POST /session/93250f96accc2e6fd098c611002cad19/element/f.8FBEE169B4A1F4A008E4BE6459EA698B.d.3E2A761F8F85C5E7F0A3FE75AAE0411D.e.5263/elements - {"using":"css selector","value":"td"}
RESULT: {"using":"css selector","value":"td"}
COMMAND: POST /session/93250f96accc2e6fd098c611002cad19/element/f.8FBEE169B4A1F4A008E4BE6459EA698B.d.3E2A761F8F85C5E7F0A3FE75AAE0411D.e.5264/elements - {"using":"css selector","value":"td"}
RESULT: {"using":"css selector","value":"td"}
COMMAND: POST /session/93250f96accc2e6fd098c611002cad19/element/f.8FBEE169B4A1F4A008E4BE6459EA698B.d.3E2A761F8F85C5E7F0A3FE75AAE0411D.e.5265/elements - {"using":"css selector","value":"td"}
RESULT: {"using":"css selector","value":"td"}
COMMAND: POST /session/93250f96accc2e6fd098c611002cad19/element/f.8FBEE169B4A1F4A008E4BE6459EA698B.d.3E2A761F8F85C5E7F0A3FE75AAE0411D.e.5266/elements - {"using":"css selector","value":"td"}
RESULT: {"using":"css selector","value":"td"}
COMMAND: POST /session/93250f96accc2e6fd098c611002cad19/element/f.8FBEE169B4A1F4A008E4BE6459EA698B.d.3E2A761F8F85C5E7F0A3FE75AAE0411D.e.5267/elements - {"using":"css selector","value":"td"}
RESULT: {"using":"css selector","value":"td"}
COMMAND: POST /session/93250f96accc2e6fd098c611002cad19/element/f.8FBEE169B4A1F4A008E4BE6459EA698B.d.3E2A761F8F85C5E7F0A3FE75AAE0411D.e.5268/elements - {"using":"css selector","value":"td"}
RESULT: {"using":"css selector","value":"td"}
COMMAND: POST /session/93250f96accc2e6fd098c611002cad19/element/f.8FBEE169B4A1F4A008E4BE6459EA698B.d.3E2A761F8F85C5E7F0A3FE75AAE0411D.e.5269/elements - {"using":"css selector","value":"td"}
RESULT: {"using":"css selector","value":"td"}
COMMAND: POST /session/93250f96accc2e6fd098c611002cad19/element/f.8FBEE169B4A1F4A008E4BE6459EA698B.d.3E2A761F8F85C5E7F0A3FE75AAE0411D.e.5270/elements - {"using":"css selector","value":"td"}
RESULT: {"using":"css selector","value":"td"}
COMMAND: POST /session/93250f96accc2e6fd098c611002cad19/element/f.8FBEE169B4A1F4A008E4BE6459EA698B.d.3E2A761F8F85C5E7F0A3FE75AAE0411D.e.5271/elements - {"using":"css selector","value":"td"}
RESULT: {"using":"css selector","value":"td"}
COMMAND: POST /session/93250f96accc2e6fd098c611002cad19/element/f.8FBEE169B4A1F4A008E4BE6459EA698B.d.3E2A761F8F85C5E7F0A3FE75AAE0411D.e.5272/elements - {"using":"css selector","value":"td"}
RESULT: {"using":"css selector","value":"td"}
COMMAND: POST /session/93250f96accc2e6fd098c611002cad19/element/f.8FBEE169B4A1F4A008E4BE6459EA698B.d.3E2A761F8F85C5E7F0A3FE75AAE0411D.e.5273/elements - {"using":"css selector","value":"td"}
RESULT: {"using":"css selector","value":"td"}
COMMAND: POST /session/93250f96accc2e6fd098c611002cad19/element/f.8FBEE169B4A1F4A008E4BE6459EA698B.d.3E2A761F8F85C5E7F0A3FE75AAE0411D.e.5274/elements - {"using":"css selector","value":"td"}
RESULT: {"using":"css selector","value":"td"}
COMMAND: POST /session/93250f96accc2e6fd098c611002cad19/element/f.8FBEE169B4A1F4A008E4BE6459EA698B.d.3E2A761F8F85C5E7F0A3FE75AAE0411D.e.5275/elements - {"using":"css selector","value":"td"}
RESULT: {"using":"css selector","value":"td"}
COMMAND: POST /session/93250f96accc2e6fd098c611002cad19/element/f.8FBEE169B4A1F4A008E4BE6459EA698B.d.3E2A761F8F85C5E7F0A3FE75AAE0411D.e.5276/elements - {"using":"css selector","value":"td"}
RESULT: {"using":"css selector","value":"td"}
COMMAND: POST /session/93250f96accc2e6fd098c611002cad19/element/f.8FBEE169B4A1F4A008E4BE6459EA698B.d.3E2A761F8F85C5E7F0A3FE75AAE0411D.e.5277/elements - {"using":"css selector","value":"td"}
RESULT: {"using":"css selector","value":"td"}
COMMAND: POST /session/93250f96accc2e6fd098c611002cad19/element/f.8FBEE169B4A1F4A008E4BE6459EA698B.d.3E2A761F8F85C5E7F0A3FE75AAE0411D.e.5299/element - {"using":"css selector","value":"input"}
RESULT: {"using":"css selector","value":"input"}
COMMAND: GET /session/93250f96accc2e6fd098c611002cad19/element/f.8FBEE169B4A1F4A008E4BE6459EA698B.d.3E2A761F8F85C5E7F0A3FE75AAE0411D.e.5282/property/value - {}
RESULT: {}
COMMAND: POST /session/93250f96accc2e6fd098c611002cad19/element/f.8FBEE169B4A1F4A008E4BE6459EA698B.d.3E2A761F8F85C5E7F0A3FE75AAE0411D.e.5277/element - {"using":"css selector","value":".sapMCbBg"}
COMMAND: GET /session/93250f96accc2e6fd098c611002cad19/screenshot - {}
RESULT: {"using":"css selector","value":".sapMCbBg"}
COMMAND: GET /session/93250f96accc2e6fd098c611002cad19/element/f.8FBEE169B4A1F4A008E4BE6459EA698B.d.3E2A761F8F85C5E7F0A3FE75AAE0411D.e.6175/selected - {}
RESULT: {}
RESULT: {}
COMMAND: POST /session/93250f96accc2e6fd098c611002cad19/element/f.8FBEE169B4A1F4A008E4BE6459EA698B.d.3E2A761F8F85C5E7F0A3FE75AAE0411D.e.6175/click - {}
COMMAND: GET /session/93250f96accc2e6fd098c611002cad19/screenshot - {}
RESULT: {}
COMMAND: POST /session/93250f96accc2e6fd098c611002cad19/element/f.8FBEE169B4A1F4A008E4BE6459EA698B.d.3E2A761F8F85C5E7F0A3FE75AAE0411D.e.5310/elements - {"using":"css selector","value":"td"}
COMMAND: GET /session/93250f96accc2e6fd098c611002cad19/screenshot - {}
RESULT: {}
RESULT: {"using":"css selector","value":"td"}
COMMAND: POST /session/93250f96accc2e6fd098c611002cad19/element/f.8FBEE169B4A1F4A008E4BE6459EA698B.d.3E2A761F8F85C5E7F0A3FE75AAE0411D.e.5332/element - {"using":"css selector","value":"input"}
RESULT: {}
RESULT: {"using":"css selector","value":"input"}
COMMAND: GET /session/93250f96accc2e6fd098c611002cad19/element/f.8FBEE169B4A1F4A008E4BE6459EA698B.d.3E2A761F8F85C5E7F0A3FE75AAE0411D.e.5315/property/value - {}
RESULT: {}
COMMAND: POST /session/93250f96accc2e6fd098c611002cad19/element/f.8FBEE169B4A1F4A008E4BE6459EA698B.d.3E2A761F8F85C5E7F0A3FE75AAE0411D.e.5310/element - {"using":"css selector","value":".sapMCbBg"}
COMMAND: GET /session/93250f96accc2e6fd098c611002cad19/screenshot - {}
RESULT: {"using":"css selector","value":".sapMCbBg"}
COMMAND: GET /session/93250f96accc2e6fd098c611002cad19/element/f.8FBEE169B4A1F4A008E4BE6459EA698B.d.3E2A761F8F85C5E7F0A3FE75AAE0411D.e.6179/selected - {}
RESULT: {}
RESULT: {}
COMMAND: POST /session/93250f96accc2e6fd098c611002cad19/element/f.8FBEE169B4A1F4A008E4BE6459EA698B.d.3E2A761F8F85C5E7F0A3FE75AAE0411D.e.6179/click - {}
COMMAND: GET /session/93250f96accc2e6fd098c611002cad19/screenshot - {}
RESULT: {}
COMMAND: GET /session/93250f96accc2e6fd098c611002cad19/screenshot - {}
RESULT: {}
RESULT: {}
COMMAND: POST /session/93250f96accc2e6fd098c611002cad19/execute/async - {"script":"<script> [1562 bytes]","args":[{"selector":{"id":"application-manageconditionprice-display-component---dailyPrices--deleteBtn","interaction":{"idSuffix":"content"}},"wdio_ui5_key":"applicationmanageconditionprice-display-component---dailyPrices--deleteBtn"}]}
RESULT: {"script":"<script> [1562 bytes]","args":[{"selector":{"id":"application-manageconditionprice-display-component---dailyPrices--deleteBtn","interaction":{"idSuffix":"content"}},"wdio_ui5_key":"applicationmanageconditionprice-display-component---dailyPrices--deleteBtn"}]}
RESULT: undefined
COMMAND: POST /session/93250f96accc2e6fd098c611002cad19/element - {"using":"xpath","value":"//*[@id=\"application-manageconditionprice-display-component---dailyPrices--deleteBtn\"]"}
RESULT: {"using":"xpath","value":"//*[@id=\"application-manageconditionprice-display-component---dailyPrices--deleteBtn\"]"}
COMMAND: POST /session/93250f96accc2e6fd098c611002cad19/element/f.8FBEE169B4A1F4A008E4BE6459EA698B.d.3E2A761F8F85C5E7F0A3FE75AAE0411D.e.6181/click - {}
RESULT: {}
COMMAND: POST /session/93250f96accc2e6fd098c611002cad19/execute/async - {"script":"<script> [1562 bytes]","args":[{"selector":{"controlType":"sap.m.Button","properties":{"text":"OK"},"searchOpenDialogs":true,"interaction":{"idSuffix":"BDI-content"}},"wdio_ui5_key":"sapm.Button{\"text\":\"OK\"}"}]}
COMMAND: GET /session/93250f96accc2e6fd098c611002cad19/screenshot - {}
RESULT: {"script":"<script> [1562 bytes]","args":[{"selector":{"controlType":"sap.m.Button","properties":{"text":"OK"},"searchOpenDialogs":true,"interaction":{"idSuffix":"BDI-content"}},"wdio_ui5_key":"sapm.Button{\"text\":\"OK\"}"}]}
RESULT: undefined
COMMAND: POST /session/93250f96accc2e6fd098c611002cad19/element - {"using":"xpath","value":"//*[@id=\"__mbox-btn-0\"]"}
RESULT: {}
RESULT: {"using":"xpath","value":"//*[@id=\"__mbox-btn-0\"]"}
COMMAND: POST /session/93250f96accc2e6fd098c611002cad19/element/f.8FBEE169B4A1F4A008E4BE6459EA698B.d.3E2A761F8F85C5E7F0A3FE75AAE0411D.e.6182/click - {}
RESULT: {}
COMMAND: GET /session/93250f96accc2e6fd098c611002cad19/screenshot - {}
RESULT: {}
RESULT: undefined
COMMAND: POST /session/93250f96accc2e6fd098c611002cad19/element - {"using":"xpath","value":"//*[@id=\"__button115\"]"}
RESULT: {"using":"xpath","value":"//*[@id=\"__button115\"]"}
COMMAND: POST /session/93250f96accc2e6fd098c611002cad19/element/f.8FBEE169B4A1F4A008E4BE6459EA698B.d.3E2A761F8F85C5E7F0A3FE75AAE0411D.e.5370/click - {}
RESULT: {}
COMMAND: GET /session/93250f96accc2e6fd098c611002cad19/screenshot - {}
RESULT: {}
COMMAND: POST /session/93250f96accc2e6fd098c611002cad19/elements - {"using":"css selector","value":"table tr"}
RESULT: {"using":"css selector","value":"table tr"}
COMMAND: POST /session/93250f96accc2e6fd098c611002cad19/element/f.8FBEE169B4A1F4A008E4BE6459EA698B.d.3E2A761F8F85C5E7F0A3FE75AAE0411D.e.5081/elements - {"using":"css selector","value":"td"}
RESULT: {"using":"css selector","value":"td"}
COMMAND: POST /session/93250f96accc2e6fd098c611002cad19/element/f.8FBEE169B4A1F4A008E4BE6459EA698B.d.3E2A761F8F85C5E7F0A3FE75AAE0411D.e.5082/elements - {"using":"css selector","value":"td"}
RESULT: {"using":"css selector","value":"td"}
COMMAND: POST /session/93250f96accc2e6fd098c611002cad19/element/f.8FBEE169B4A1F4A008E4BE6459EA698B.d.3E2A761F8F85C5E7F0A3FE75AAE0411D.e.5083/elements - {"using":"css selector","value":"td"}
RESULT: {"using":"css selector","value":"td"}
COMMAND: POST /session/93250f96accc2e6fd098c611002cad19/element/f.8FBEE169B4A1F4A008E4BE6459EA698B.d.3E2A761F8F85C5E7F0A3FE75AAE0411D.e.5021/elements - {"using":"css selector","value":"td"}
RESULT: {"using":"css selector","value":"td"}
COMMAND: POST /session/93250f96accc2e6fd098c611002cad19/element/f.8FBEE169B4A1F4A008E4BE6459EA698B.d.3E2A761F8F85C5E7F0A3FE75AAE0411D.e.5022/elements - {"using":"css selector","value":"td"}
RESULT: {"using":"css selector","value":"td"}
COMMAND: POST /session/93250f96accc2e6fd098c611002cad19/element/f.8FBEE169B4A1F4A008E4BE6459EA698B.d.3E2A761F8F85C5E7F0A3FE75AAE0411D.e.5031/elements - {"using":"css selector","value":"td"}
RESULT: {"using":"css selector","value":"td"}
COMMAND: POST /session/93250f96accc2e6fd098c611002cad19/element/f.8FBEE169B4A1F4A008E4BE6459EA698B.d.3E2A761F8F85C5E7F0A3FE75AAE0411D.e.5032/elements - {"using":"css selector","value":"td"}
RESULT: {"using":"css selector","value":"td"}
COMMAND: POST /session/93250f96accc2e6fd098c611002cad19/element/f.8FBEE169B4A1F4A008E4BE6459EA698B.d.3E2A761F8F85C5E7F0A3FE75AAE0411D.e.4977/elements - {"using":"css selector","value":"td"}
RESULT: {"using":"css selector","value":"td"}
COMMAND: POST /session/93250f96accc2e6fd098c611002cad19/element/f.8FBEE169B4A1F4A008E4BE6459EA698B.d.3E2A761F8F85C5E7F0A3FE75AAE0411D.e.4978/elements - {"using":"css selector","value":"td"}
RESULT: {"using":"css selector","value":"td"}
COMMAND: POST /session/93250f96accc2e6fd098c611002cad19/element/f.8FBEE169B4A1F4A008E4BE6459EA698B.d.3E2A761F8F85C5E7F0A3FE75AAE0411D.e.4987/elements - {"using":"css selector","value":"td"}
RESULT: {"using":"css selector","value":"td"}
COMMAND: POST /session/93250f96accc2e6fd098c611002cad19/element/f.8FBEE169B4A1F4A008E4BE6459EA698B.d.3E2A761F8F85C5E7F0A3FE75AAE0411D.e.5084/elements - {"using":"css selector","value":"td"}
RESULT: {"using":"css selector","value":"td"}
COMMAND: POST /session/93250f96accc2e6fd098c611002cad19/element/f.8FBEE169B4A1F4A008E4BE6459EA698B.d.3E2A761F8F85C5E7F0A3FE75AAE0411D.e.5085/elements - {"using":"css selector","value":"td"}
RESULT: {"using":"css selector","value":"td"}
COMMAND: POST /session/93250f96accc2e6fd098c611002cad19/element/f.8FBEE169B4A1F4A008E4BE6459EA698B.d.3E2A761F8F85C5E7F0A3FE75AAE0411D.e.5086/elements - {"using":"css selector","value":"td"}
RESULT: {"using":"css selector","value":"td"}
COMMAND: POST /session/93250f96accc2e6fd098c611002cad19/element/f.8FBEE169B4A1F4A008E4BE6459EA698B.d.3E2A761F8F85C5E7F0A3FE75AAE0411D.e.5087/elements - {"using":"css selector","value":"td"}
RESULT: {"using":"css selector","value":"td"}
COMMAND: POST /session/93250f96accc2e6fd098c611002cad19/element/f.8FBEE169B4A1F4A008E4BE6459EA698B.d.3E2A761F8F85C5E7F0A3FE75AAE0411D.e.5088/elements - {"using":"css selector","value":"td"}
RESULT: {"using":"css selector","value":"td"}
COMMAND: POST /session/93250f96accc2e6fd098c611002cad19/element/f.8FBEE169B4A1F4A008E4BE6459EA698B.d.3E2A761F8F85C5E7F0A3FE75AAE0411D.e.5089/elements - {"using":"css selector","value":"td"}
RESULT: {"using":"css selector","value":"td"}
COMMAND: POST /session/93250f96accc2e6fd098c611002cad19/element/f.8FBEE169B4A1F4A008E4BE6459EA698B.d.3E2A761F8F85C5E7F0A3FE75AAE0411D.e.5090/elements - {"using":"css selector","value":"td"}
RESULT: {"using":"css selector","value":"td"}
COMMAND: POST /session/93250f96accc2e6fd098c611002cad19/element/f.8FBEE169B4A1F4A008E4BE6459EA698B.d.3E2A761F8F85C5E7F0A3FE75AAE0411D.e.5091/elements - {"using":"css selector","value":"td"}
RESULT: {"using":"css selector","value":"td"}
COMMAND: POST /session/93250f96accc2e6fd098c611002cad19/element/f.8FBEE169B4A1F4A008E4BE6459EA698B.d.3E2A761F8F85C5E7F0A3FE75AAE0411D.e.5092/elements - {"using":"css selector","value":"td"}
RESULT: {"using":"css selector","value":"td"}
COMMAND: POST /session/93250f96accc2e6fd098c611002cad19/element/f.8FBEE169B4A1F4A008E4BE6459EA698B.d.3E2A761F8F85C5E7F0A3FE75AAE0411D.e.5093/elements - {"using":"css selector","value":"td"}
RESULT: {"using":"css selector","value":"td"}
COMMAND: POST /session/93250f96accc2e6fd098c611002cad19/element/f.8FBEE169B4A1F4A008E4BE6459EA698B.d.3E2A761F8F85C5E7F0A3FE75AAE0411D.e.5094/elements - {"using":"css selector","value":"td"}
RESULT: {"using":"css selector","value":"td"}
COMMAND: POST /session/93250f96accc2e6fd098c611002cad19/element/f.8FBEE169B4A1F4A008E4BE6459EA698B.d.3E2A761F8F85C5E7F0A3FE75AAE0411D.e.5095/elements - {"using":"css selector","value":"td"}
RESULT: {"using":"css selector","value":"td"}
COMMAND: POST /session/93250f96accc2e6fd098c611002cad19/element/f.8FBEE169B4A1F4A008E4BE6459EA698B.d.3E2A761F8F85C5E7F0A3FE75AAE0411D.e.5096/elements - {"using":"css selector","value":"td"}
RESULT: {"using":"css selector","value":"td"}
COMMAND: POST /session/93250f96accc2e6fd098c611002cad19/element/f.8FBEE169B4A1F4A008E4BE6459EA698B.d.3E2A761F8F85C5E7F0A3FE75AAE0411D.e.5097/elements - {"using":"css selector","value":"td"}
RESULT: {"using":"css selector","value":"td"}
COMMAND: POST /session/93250f96accc2e6fd098c611002cad19/element/f.8FBEE169B4A1F4A008E4BE6459EA698B.d.3E2A761F8F85C5E7F0A3FE75AAE0411D.e.5098/elements - {"using":"css selector","value":"td"}
RESULT: {"using":"css selector","value":"td"}
COMMAND: POST /session/93250f96accc2e6fd098c611002cad19/element/f.8FBEE169B4A1F4A008E4BE6459EA698B.d.3E2A761F8F85C5E7F0A3FE75AAE0411D.e.5099/elements - {"using":"css selector","value":"td"}
RESULT: {"using":"css selector","value":"td"}
COMMAND: POST /session/93250f96accc2e6fd098c611002cad19/element/f.8FBEE169B4A1F4A008E4BE6459EA698B.d.3E2A761F8F85C5E7F0A3FE75AAE0411D.e.5100/elements - {"using":"css selector","value":"td"}
RESULT: {"using":"css selector","value":"td"}
COMMAND: POST /session/93250f96accc2e6fd098c611002cad19/element/f.8FBEE169B4A1F4A008E4BE6459EA698B.d.3E2A761F8F85C5E7F0A3FE75AAE0411D.e.5101/elements - {"using":"css selector","value":"td"}
RESULT: {"using":"css selector","value":"td"}
COMMAND: POST /session/93250f96accc2e6fd098c611002cad19/element/f.8FBEE169B4A1F4A008E4BE6459EA698B.d.3E2A761F8F85C5E7F0A3FE75AAE0411D.e.5102/elements - {"using":"css selector","value":"td"}
RESULT: {"using":"css selector","value":"td"}
COMMAND: POST /session/93250f96accc2e6fd098c611002cad19/element/f.8FBEE169B4A1F4A008E4BE6459EA698B.d.3E2A761F8F85C5E7F0A3FE75AAE0411D.e.5103/elements - {"using":"css selector","value":"td"}
RESULT: {"using":"css selector","value":"td"}
COMMAND: POST /session/93250f96accc2e6fd098c611002cad19/element/f.8FBEE169B4A1F4A008E4BE6459EA698B.d.3E2A761F8F85C5E7F0A3FE75AAE0411D.e.5104/elements - {"using":"css selector","value":"td"}
RESULT: {"using":"css selector","value":"td"}
COMMAND: POST /session/93250f96accc2e6fd098c611002cad19/element/f.8FBEE169B4A1F4A008E4BE6459EA698B.d.3E2A761F8F85C5E7F0A3FE75AAE0411D.e.5105/elements - {"using":"css selector","value":"td"}
RESULT: {"using":"css selector","value":"td"}
COMMAND: POST /session/93250f96accc2e6fd098c611002cad19/element/f.8FBEE169B4A1F4A008E4BE6459EA698B.d.3E2A761F8F85C5E7F0A3FE75AAE0411D.e.5106/elements - {"using":"css selector","value":"td"}
RESULT: {"using":"css selector","value":"td"}
COMMAND: POST /session/93250f96accc2e6fd098c611002cad19/element/f.8FBEE169B4A1F4A008E4BE6459EA698B.d.3E2A761F8F85C5E7F0A3FE75AAE0411D.e.5107/elements - {"using":"css selector","value":"td"}
RESULT: {"using":"css selector","value":"td"}
COMMAND: POST /session/93250f96accc2e6fd098c611002cad19/element/f.8FBEE169B4A1F4A008E4BE6459EA698B.d.3E2A761F8F85C5E7F0A3FE75AAE0411D.e.5108/elements - {"using":"css selector","value":"td"}
RESULT: {"using":"css selector","value":"td"}
COMMAND: POST /session/93250f96accc2e6fd098c611002cad19/element/f.8FBEE169B4A1F4A008E4BE6459EA698B.d.3E2A761F8F85C5E7F0A3FE75AAE0411D.e.5109/elements - {"using":"css selector","value":"td"}
RESULT: {"using":"css selector","value":"td"}
COMMAND: POST /session/93250f96accc2e6fd098c611002cad19/element/f.8FBEE169B4A1F4A008E4BE6459EA698B.d.3E2A761F8F85C5E7F0A3FE75AAE0411D.e.5110/elements - {"using":"css selector","value":"td"}
RESULT: {"using":"css selector","value":"td"}
COMMAND: POST /session/93250f96accc2e6fd098c611002cad19/element/f.8FBEE169B4A1F4A008E4BE6459EA698B.d.3E2A761F8F85C5E7F0A3FE75AAE0411D.e.5111/elements - {"using":"css selector","value":"td"}
RESULT: {"using":"css selector","value":"td"}
COMMAND: POST /session/93250f96accc2e6fd098c611002cad19/element/f.8FBEE169B4A1F4A008E4BE6459EA698B.d.3E2A761F8F85C5E7F0A3FE75AAE0411D.e.5112/elements - {"using":"css selector","value":"td"}
RESULT: {"using":"css selector","value":"td"}
COMMAND: POST /session/93250f96accc2e6fd098c611002cad19/element/f.8FBEE169B4A1F4A008E4BE6459EA698B.d.3E2A761F8F85C5E7F0A3FE75AAE0411D.e.5113/elements - {"using":"css selector","value":"td"}
RESULT: {"using":"css selector","value":"td"}
COMMAND: POST /session/93250f96accc2e6fd098c611002cad19/element/f.8FBEE169B4A1F4A008E4BE6459EA698B.d.3E2A761F8F85C5E7F0A3FE75AAE0411D.e.5114/elements - {"using":"css selector","value":"td"}
RESULT: {"using":"css selector","value":"td"}
COMMAND: POST /session/93250f96accc2e6fd098c611002cad19/element/f.8FBEE169B4A1F4A008E4BE6459EA698B.d.3E2A761F8F85C5E7F0A3FE75AAE0411D.e.5115/elements - {"using":"css selector","value":"td"}
RESULT: {"using":"css selector","value":"td"}
COMMAND: POST /session/93250f96accc2e6fd098c611002cad19/element/f.8FBEE169B4A1F4A008E4BE6459EA698B.d.3E2A761F8F85C5E7F0A3FE75AAE0411D.e.5116/elements - {"using":"css selector","value":"td"}
RESULT: {"using":"css selector","value":"td"}
COMMAND: POST /session/93250f96accc2e6fd098c611002cad19/element/f.8FBEE169B4A1F4A008E4BE6459EA698B.d.3E2A761F8F85C5E7F0A3FE75AAE0411D.e.5117/elements - {"using":"css selector","value":"td"}
RESULT: {"using":"css selector","value":"td"}
COMMAND: POST /session/93250f96accc2e6fd098c611002cad19/element/f.8FBEE169B4A1F4A008E4BE6459EA698B.d.3E2A761F8F85C5E7F0A3FE75AAE0411D.e.5118/elements - {"using":"css selector","value":"td"}
RESULT: {"using":"css selector","value":"td"}
COMMAND: POST /session/93250f96accc2e6fd098c611002cad19/element/f.8FBEE169B4A1F4A008E4BE6459EA698B.d.3E2A761F8F85C5E7F0A3FE75AAE0411D.e.5119/elements - {"using":"css selector","value":"td"}
RESULT: {"using":"css selector","value":"td"}
COMMAND: POST /session/93250f96accc2e6fd098c611002cad19/element/f.8FBEE169B4A1F4A008E4BE6459EA698B.d.3E2A761F8F85C5E7F0A3FE75AAE0411D.e.5120/elements - {"using":"css selector","value":"td"}
RESULT: {"using":"css selector","value":"td"}
COMMAND: POST /session/93250f96accc2e6fd098c611002cad19/element/f.8FBEE169B4A1F4A008E4BE6459EA698B.d.3E2A761F8F85C5E7F0A3FE75AAE0411D.e.5121/elements - {"using":"css selector","value":"td"}
RESULT: {"using":"css selector","value":"td"}
COMMAND: POST /session/93250f96accc2e6fd098c611002cad19/element/f.8FBEE169B4A1F4A008E4BE6459EA698B.d.3E2A761F8F85C5E7F0A3FE75AAE0411D.e.5122/elements - {"using":"css selector","value":"td"}
RESULT: {"using":"css selector","value":"td"}
COMMAND: POST /session/93250f96accc2e6fd098c611002cad19/element/f.8FBEE169B4A1F4A008E4BE6459EA698B.d.3E2A761F8F85C5E7F0A3FE75AAE0411D.e.5123/elements - {"using":"css selector","value":"td"}
RESULT: {"using":"css selector","value":"td"}
COMMAND: POST /session/93250f96accc2e6fd098c611002cad19/element/f.8FBEE169B4A1F4A008E4BE6459EA698B.d.3E2A761F8F85C5E7F0A3FE75AAE0411D.e.5124/elements - {"using":"css selector","value":"td"}
RESULT: {"using":"css selector","value":"td"}
COMMAND: POST /session/93250f96accc2e6fd098c611002cad19/element/f.8FBEE169B4A1F4A008E4BE6459EA698B.d.3E2A761F8F85C5E7F0A3FE75AAE0411D.e.5125/elements - {"using":"css selector","value":"td"}
RESULT: {"using":"css selector","value":"td"}
COMMAND: POST /session/93250f96accc2e6fd098c611002cad19/element/f.8FBEE169B4A1F4A008E4BE6459EA698B.d.3E2A761F8F85C5E7F0A3FE75AAE0411D.e.5126/elements - {"using":"css selector","value":"td"}
RESULT: {"using":"css selector","value":"td"}
COMMAND: POST /session/93250f96accc2e6fd098c611002cad19/element/f.8FBEE169B4A1F4A008E4BE6459EA698B.d.3E2A761F8F85C5E7F0A3FE75AAE0411D.e.5127/elements - {"using":"css selector","value":"td"}
RESULT: {"using":"css selector","value":"td"}
COMMAND: POST /session/93250f96accc2e6fd098c611002cad19/element/f.8FBEE169B4A1F4A008E4BE6459EA698B.d.3E2A761F8F85C5E7F0A3FE75AAE0411D.e.5128/elements - {"using":"css selector","value":"td"}
RESULT: {"using":"css selector","value":"td"}
COMMAND: POST /session/93250f96accc2e6fd098c611002cad19/element/f.8FBEE169B4A1F4A008E4BE6459EA698B.d.3E2A761F8F85C5E7F0A3FE75AAE0411D.e.5129/elements - {"using":"css selector","value":"td"}
RESULT: {"using":"css selector","value":"td"}
COMMAND: POST /session/93250f96accc2e6fd098c611002cad19/element/f.8FBEE169B4A1F4A008E4BE6459EA698B.d.3E2A761F8F85C5E7F0A3FE75AAE0411D.e.5130/elements - {"using":"css selector","value":"td"}
RESULT: {"using":"css selector","value":"td"}
COMMAND: POST /session/93250f96accc2e6fd098c611002cad19/element/f.8FBEE169B4A1F4A008E4BE6459EA698B.d.3E2A761F8F85C5E7F0A3FE75AAE0411D.e.5131/elements - {"using":"css selector","value":"td"}
RESULT: {"using":"css selector","value":"td"}
COMMAND: POST /session/93250f96accc2e6fd098c611002cad19/element/f.8FBEE169B4A1F4A008E4BE6459EA698B.d.3E2A761F8F85C5E7F0A3FE75AAE0411D.e.5132/elements - {"using":"css selector","value":"td"}
RESULT: {"using":"css selector","value":"td"}
COMMAND: POST /session/93250f96accc2e6fd098c611002cad19/element/f.8FBEE169B4A1F4A008E4BE6459EA698B.d.3E2A761F8F85C5E7F0A3FE75AAE0411D.e.5133/elements - {"using":"css selector","value":"td"}
RESULT: {"using":"css selector","value":"td"}
COMMAND: POST /session/93250f96accc2e6fd098c611002cad19/element/f.8FBEE169B4A1F4A008E4BE6459EA698B.d.3E2A761F8F85C5E7F0A3FE75AAE0411D.e.5134/elements - {"using":"css selector","value":"td"}
RESULT: {"using":"css selector","value":"td"}
COMMAND: POST /session/93250f96accc2e6fd098c611002cad19/element/f.8FBEE169B4A1F4A008E4BE6459EA698B.d.3E2A761F8F85C5E7F0A3FE75AAE0411D.e.5135/elements - {"using":"css selector","value":"td"}
RESULT: {"using":"css selector","value":"td"}
COMMAND: POST /session/93250f96accc2e6fd098c611002cad19/element/f.8FBEE169B4A1F4A008E4BE6459EA698B.d.3E2A761F8F85C5E7F0A3FE75AAE0411D.e.5136/elements - {"using":"css selector","value":"td"}
RESULT: {"using":"css selector","value":"td"}
COMMAND: POST /session/93250f96accc2e6fd098c611002cad19/element/f.8FBEE169B4A1F4A008E4BE6459EA698B.d.3E2A761F8F85C5E7F0A3FE75AAE0411D.e.5137/elements - {"using":"css selector","value":"td"}
RESULT: {"using":"css selector","value":"td"}
COMMAND: POST /session/93250f96accc2e6fd098c611002cad19/element/f.8FBEE169B4A1F4A008E4BE6459EA698B.d.3E2A761F8F85C5E7F0A3FE75AAE0411D.e.5138/elements - {"using":"css selector","value":"td"}
RESULT: {"using":"css selector","value":"td"}
COMMAND: POST /session/93250f96accc2e6fd098c611002cad19/element/f.8FBEE169B4A1F4A008E4BE6459EA698B.d.3E2A761F8F85C5E7F0A3FE75AAE0411D.e.5139/elements - {"using":"css selector","value":"td"}
RESULT: {"using":"css selector","value":"td"}
COMMAND: POST /session/93250f96accc2e6fd098c611002cad19/element/f.8FBEE169B4A1F4A008E4BE6459EA698B.d.3E2A761F8F85C5E7F0A3FE75AAE0411D.e.5140/elements - {"using":"css selector","value":"td"}
RESULT: {"using":"css selector","value":"td"}
COMMAND: POST /session/93250f96accc2e6fd098c611002cad19/element/f.8FBEE169B4A1F4A008E4BE6459EA698B.d.3E2A761F8F85C5E7F0A3FE75AAE0411D.e.5141/elements - {"using":"css selector","value":"td"}
RESULT: {"using":"css selector","value":"td"}
COMMAND: POST /session/93250f96accc2e6fd098c611002cad19/element/f.8FBEE169B4A1F4A008E4BE6459EA698B.d.3E2A761F8F85C5E7F0A3FE75AAE0411D.e.5142/elements - {"using":"css selector","value":"td"}
RESULT: {"using":"css selector","value":"td"}
COMMAND: POST /session/93250f96accc2e6fd098c611002cad19/element/f.8FBEE169B4A1F4A008E4BE6459EA698B.d.3E2A761F8F85C5E7F0A3FE75AAE0411D.e.5143/elements - {"using":"css selector","value":"td"}
RESULT: {"using":"css selector","value":"td"}
COMMAND: POST /session/93250f96accc2e6fd098c611002cad19/element/f.8FBEE169B4A1F4A008E4BE6459EA698B.d.3E2A761F8F85C5E7F0A3FE75AAE0411D.e.5144/elements - {"using":"css selector","value":"td"}
RESULT: {"using":"css selector","value":"td"}
COMMAND: POST /session/93250f96accc2e6fd098c611002cad19/element/f.8FBEE169B4A1F4A008E4BE6459EA698B.d.3E2A761F8F85C5E7F0A3FE75AAE0411D.e.5145/elements - {"using":"css selector","value":"td"}
RESULT: {"using":"css selector","value":"td"}
COMMAND: POST /session/93250f96accc2e6fd098c611002cad19/element/f.8FBEE169B4A1F4A008E4BE6459EA698B.d.3E2A761F8F85C5E7F0A3FE75AAE0411D.e.5146/elements - {"using":"css selector","value":"td"}
RESULT: {"using":"css selector","value":"td"}
COMMAND: POST /session/93250f96accc2e6fd098c611002cad19/element/f.8FBEE169B4A1F4A008E4BE6459EA698B.d.3E2A761F8F85C5E7F0A3FE75AAE0411D.e.5147/elements - {"using":"css selector","value":"td"}
RESULT: {"using":"css selector","value":"td"}
COMMAND: POST /session/93250f96accc2e6fd098c611002cad19/element/f.8FBEE169B4A1F4A008E4BE6459EA698B.d.3E2A761F8F85C5E7F0A3FE75AAE0411D.e.5148/elements - {"using":"css selector","value":"td"}
RESULT: {"using":"css selector","value":"td"}
COMMAND: POST /session/93250f96accc2e6fd098c611002cad19/element/f.8FBEE169B4A1F4A008E4BE6459EA698B.d.3E2A761F8F85C5E7F0A3FE75AAE0411D.e.5149/elements - {"using":"css selector","value":"td"}
RESULT: {"using":"css selector","value":"td"}
COMMAND: POST /session/93250f96accc2e6fd098c611002cad19/element/f.8FBEE169B4A1F4A008E4BE6459EA698B.d.3E2A761F8F85C5E7F0A3FE75AAE0411D.e.5150/elements - {"using":"css selector","value":"td"}
RESULT: {"using":"css selector","value":"td"}
COMMAND: POST /session/93250f96accc2e6fd098c611002cad19/element/f.8FBEE169B4A1F4A008E4BE6459EA698B.d.3E2A761F8F85C5E7F0A3FE75AAE0411D.e.5151/elements - {"using":"css selector","value":"td"}
RESULT: {"using":"css selector","value":"td"}
COMMAND: POST /session/93250f96accc2e6fd098c611002cad19/element/f.8FBEE169B4A1F4A008E4BE6459EA698B.d.3E2A761F8F85C5E7F0A3FE75AAE0411D.e.5152/elements - {"using":"css selector","value":"td"}
RESULT: {"using":"css selector","value":"td"}
COMMAND: POST /session/93250f96accc2e6fd098c611002cad19/element/f.8FBEE169B4A1F4A008E4BE6459EA698B.d.3E2A761F8F85C5E7F0A3FE75AAE0411D.e.5153/elements - {"using":"css selector","value":"td"}
RESULT: {"using":"css selector","value":"td"}
COMMAND: POST /session/93250f96accc2e6fd098c611002cad19/element/f.8FBEE169B4A1F4A008E4BE6459EA698B.d.3E2A761F8F85C5E7F0A3FE75AAE0411D.e.5154/elements - {"using":"css selector","value":"td"}
RESULT: {"using":"css selector","value":"td"}
COMMAND: POST /session/93250f96accc2e6fd098c611002cad19/element/f.8FBEE169B4A1F4A008E4BE6459EA698B.d.3E2A761F8F85C5E7F0A3FE75AAE0411D.e.5155/elements - {"using":"css selector","value":"td"}
RESULT: {"using":"css selector","value":"td"}
COMMAND: POST /session/93250f96accc2e6fd098c611002cad19/element/f.8FBEE169B4A1F4A008E4BE6459EA698B.d.3E2A761F8F85C5E7F0A3FE75AAE0411D.e.5156/elements - {"using":"css selector","value":"td"}
RESULT: {"using":"css selector","value":"td"}
COMMAND: POST /session/93250f96accc2e6fd098c611002cad19/element/f.8FBEE169B4A1F4A008E4BE6459EA698B.d.3E2A761F8F85C5E7F0A3FE75AAE0411D.e.5157/elements - {"using":"css selector","value":"td"}
RESULT: {"using":"css selector","value":"td"}
COMMAND: POST /session/93250f96accc2e6fd098c611002cad19/element/f.8FBEE169B4A1F4A008E4BE6459EA698B.d.3E2A761F8F85C5E7F0A3FE75AAE0411D.e.5158/elements - {"using":"css selector","value":"td"}
RESULT: {"using":"css selector","value":"td"}
COMMAND: POST /session/93250f96accc2e6fd098c611002cad19/element/f.8FBEE169B4A1F4A008E4BE6459EA698B.d.3E2A761F8F85C5E7F0A3FE75AAE0411D.e.5159/elements - {"using":"css selector","value":"td"}
RESULT: {"using":"css selector","value":"td"}
COMMAND: POST /session/93250f96accc2e6fd098c611002cad19/element/f.8FBEE169B4A1F4A008E4BE6459EA698B.d.3E2A761F8F85C5E7F0A3FE75AAE0411D.e.5160/elements - {"using":"css selector","value":"td"}
RESULT: {"using":"css selector","value":"td"}
COMMAND: POST /session/93250f96accc2e6fd098c611002cad19/element/f.8FBEE169B4A1F4A008E4BE6459EA698B.d.3E2A761F8F85C5E7F0A3FE75AAE0411D.e.5161/elements - {"using":"css selector","value":"td"}
RESULT: {"using":"css selector","value":"td"}
COMMAND: POST /session/93250f96accc2e6fd098c611002cad19/element/f.8FBEE169B4A1F4A008E4BE6459EA698B.d.3E2A761F8F85C5E7F0A3FE75AAE0411D.e.5162/elements - {"using":"css selector","value":"td"}
RESULT: {"using":"css selector","value":"td"}
COMMAND: POST /session/93250f96accc2e6fd098c611002cad19/element/f.8FBEE169B4A1F4A008E4BE6459EA698B.d.3E2A761F8F85C5E7F0A3FE75AAE0411D.e.5163/elements - {"using":"css selector","value":"td"}
RESULT: {"using":"css selector","value":"td"}
COMMAND: POST /session/93250f96accc2e6fd098c611002cad19/element/f.8FBEE169B4A1F4A008E4BE6459EA698B.d.3E2A761F8F85C5E7F0A3FE75AAE0411D.e.5164/elements - {"using":"css selector","value":"td"}
RESULT: {"using":"css selector","value":"td"}
COMMAND: POST /session/93250f96accc2e6fd098c611002cad19/element/f.8FBEE169B4A1F4A008E4BE6459EA698B.d.3E2A761F8F85C5E7F0A3FE75AAE0411D.e.5165/elements - {"using":"css selector","value":"td"}
RESULT: {"using":"css selector","value":"td"}
COMMAND: POST /session/93250f96accc2e6fd098c611002cad19/element/f.8FBEE169B4A1F4A008E4BE6459EA698B.d.3E2A761F8F85C5E7F0A3FE75AAE0411D.e.5166/elements - {"using":"css selector","value":"td"}
RESULT: {"using":"css selector","value":"td"}
COMMAND: POST /session/93250f96accc2e6fd098c611002cad19/element/f.8FBEE169B4A1F4A008E4BE6459EA698B.d.3E2A761F8F85C5E7F0A3FE75AAE0411D.e.5167/elements - {"using":"css selector","value":"td"}
RESULT: {"using":"css selector","value":"td"}
COMMAND: POST /session/93250f96accc2e6fd098c611002cad19/element/f.8FBEE169B4A1F4A008E4BE6459EA698B.d.3E2A761F8F85C5E7F0A3FE75AAE0411D.e.5168/elements - {"using":"css selector","value":"td"}
RESULT: {"using":"css selector","value":"td"}
COMMAND: POST /session/93250f96accc2e6fd098c611002cad19/element/f.8FBEE169B4A1F4A008E4BE6459EA698B.d.3E2A761F8F85C5E7F0A3FE75AAE0411D.e.5169/elements - {"using":"css selector","value":"td"}
RESULT: {"using":"css selector","value":"td"}
COMMAND: POST /session/93250f96accc2e6fd098c611002cad19/element/f.8FBEE169B4A1F4A008E4BE6459EA698B.d.3E2A761F8F85C5E7F0A3FE75AAE0411D.e.5170/elements - {"using":"css selector","value":"td"}
RESULT: {"using":"css selector","value":"td"}
COMMAND: POST /session/93250f96accc2e6fd098c611002cad19/element/f.8FBEE169B4A1F4A008E4BE6459EA698B.d.3E2A761F8F85C5E7F0A3FE75AAE0411D.e.5171/elements - {"using":"css selector","value":"td"}
RESULT: {"using":"css selector","value":"td"}
COMMAND: POST /session/93250f96accc2e6fd098c611002cad19/element/f.8FBEE169B4A1F4A008E4BE6459EA698B.d.3E2A761F8F85C5E7F0A3FE75AAE0411D.e.5172/elements - {"using":"css selector","value":"td"}
RESULT: {"using":"css selector","value":"td"}
COMMAND: POST /session/93250f96accc2e6fd098c611002cad19/element/f.8FBEE169B4A1F4A008E4BE6459EA698B.d.3E2A761F8F85C5E7F0A3FE75AAE0411D.e.5173/elements - {"using":"css selector","value":"td"}
RESULT: {"using":"css selector","value":"td"}
COMMAND: POST /session/93250f96accc2e6fd098c611002cad19/element/f.8FBEE169B4A1F4A008E4BE6459EA698B.d.3E2A761F8F85C5E7F0A3FE75AAE0411D.e.5174/elements - {"using":"css selector","value":"td"}
RESULT: {"using":"css selector","value":"td"}
COMMAND: POST /session/93250f96accc2e6fd098c611002cad19/element/f.8FBEE169B4A1F4A008E4BE6459EA698B.d.3E2A761F8F85C5E7F0A3FE75AAE0411D.e.5175/elements - {"using":"css selector","value":"td"}
RESULT: {"using":"css selector","value":"td"}
COMMAND: POST /session/93250f96accc2e6fd098c611002cad19/element/f.8FBEE169B4A1F4A008E4BE6459EA698B.d.3E2A761F8F85C5E7F0A3FE75AAE0411D.e.5176/elements - {"using":"css selector","value":"td"}
RESULT: {"using":"css selector","value":"td"}
COMMAND: POST /session/93250f96accc2e6fd098c611002cad19/element/f.8FBEE169B4A1F4A008E4BE6459EA698B.d.3E2A761F8F85C5E7F0A3FE75AAE0411D.e.5177/elements - {"using":"css selector","value":"td"}
RESULT: {"using":"css selector","value":"td"}
COMMAND: POST /session/93250f96accc2e6fd098c611002cad19/element/f.8FBEE169B4A1F4A008E4BE6459EA698B.d.3E2A761F8F85C5E7F0A3FE75AAE0411D.e.5178/elements - {"using":"css selector","value":"td"}
RESULT: {"using":"css selector","value":"td"}
COMMAND: POST /session/93250f96accc2e6fd098c611002cad19/element/f.8FBEE169B4A1F4A008E4BE6459EA698B.d.3E2A761F8F85C5E7F0A3FE75AAE0411D.e.5179/elements - {"using":"css selector","value":"td"}
RESULT: {"using":"css selector","value":"td"}
COMMAND: POST /session/93250f96accc2e6fd098c611002cad19/element/f.8FBEE169B4A1F4A008E4BE6459EA698B.d.3E2A761F8F85C5E7F0A3FE75AAE0411D.e.5180/elements - {"using":"css selector","value":"td"}
RESULT: {"using":"css selector","value":"td"}
COMMAND: POST /session/93250f96accc2e6fd098c611002cad19/element/f.8FBEE169B4A1F4A008E4BE6459EA698B.d.3E2A761F8F85C5E7F0A3FE75AAE0411D.e.5181/elements - {"using":"css selector","value":"td"}
RESULT: {"using":"css selector","value":"td"}
COMMAND: POST /session/93250f96accc2e6fd098c611002cad19/element/f.8FBEE169B4A1F4A008E4BE6459EA698B.d.3E2A761F8F85C5E7F0A3FE75AAE0411D.e.5182/elements - {"using":"css selector","value":"td"}
RESULT: {"using":"css selector","value":"td"}
COMMAND: POST /session/93250f96accc2e6fd098c611002cad19/element/f.8FBEE169B4A1F4A008E4BE6459EA698B.d.3E2A761F8F85C5E7F0A3FE75AAE0411D.e.5183/elements - {"using":"css selector","value":"td"}
RESULT: {"using":"css selector","value":"td"}
COMMAND: POST /session/93250f96accc2e6fd098c611002cad19/element/f.8FBEE169B4A1F4A008E4BE6459EA698B.d.3E2A761F8F85C5E7F0A3FE75AAE0411D.e.5184/elements - {"using":"css selector","value":"td"}
RESULT: {"using":"css selector","value":"td"}
COMMAND: POST /session/93250f96accc2e6fd098c611002cad19/element/f.8FBEE169B4A1F4A008E4BE6459EA698B.d.3E2A761F8F85C5E7F0A3FE75AAE0411D.e.5185/elements - {"using":"css selector","value":"td"}
RESULT: {"using":"css selector","value":"td"}
COMMAND: POST /session/93250f96accc2e6fd098c611002cad19/element/f.8FBEE169B4A1F4A008E4BE6459EA698B.d.3E2A761F8F85C5E7F0A3FE75AAE0411D.e.5186/elements - {"using":"css selector","value":"td"}
RESULT: {"using":"css selector","value":"td"}
COMMAND: POST /session/93250f96accc2e6fd098c611002cad19/element/f.8FBEE169B4A1F4A008E4BE6459EA698B.d.3E2A761F8F85C5E7F0A3FE75AAE0411D.e.5187/elements - {"using":"css selector","value":"td"}
RESULT: {"using":"css selector","value":"td"}
COMMAND: POST /session/93250f96accc2e6fd098c611002cad19/element/f.8FBEE169B4A1F4A008E4BE6459EA698B.d.3E2A761F8F85C5E7F0A3FE75AAE0411D.e.5188/elements - {"using":"css selector","value":"td"}
RESULT: {"using":"css selector","value":"td"}
COMMAND: POST /session/93250f96accc2e6fd098c611002cad19/element/f.8FBEE169B4A1F4A008E4BE6459EA698B.d.3E2A761F8F85C5E7F0A3FE75AAE0411D.e.5189/elements - {"using":"css selector","value":"td"}
RESULT: {"using":"css selector","value":"td"}
COMMAND: POST /session/93250f96accc2e6fd098c611002cad19/element/f.8FBEE169B4A1F4A008E4BE6459EA698B.d.3E2A761F8F85C5E7F0A3FE75AAE0411D.e.5190/elements - {"using":"css selector","value":"td"}
RESULT: {"using":"css selector","value":"td"}
COMMAND: POST /session/93250f96accc2e6fd098c611002cad19/element/f.8FBEE169B4A1F4A008E4BE6459EA698B.d.3E2A761F8F85C5E7F0A3FE75AAE0411D.e.5191/elements - {"using":"css selector","value":"td"}
RESULT: {"using":"css selector","value":"td"}
COMMAND: POST /session/93250f96accc2e6fd098c611002cad19/element/f.8FBEE169B4A1F4A008E4BE6459EA698B.d.3E2A761F8F85C5E7F0A3FE75AAE0411D.e.5192/elements - {"using":"css selector","value":"td"}
RESULT: {"using":"css selector","value":"td"}
COMMAND: POST /session/93250f96accc2e6fd098c611002cad19/element/f.8FBEE169B4A1F4A008E4BE6459EA698B.d.3E2A761F8F85C5E7F0A3FE75AAE0411D.e.5193/elements - {"using":"css selector","value":"td"}
RESULT: {"using":"css selector","value":"td"}
COMMAND: POST /session/93250f96accc2e6fd098c611002cad19/element/f.8FBEE169B4A1F4A008E4BE6459EA698B.d.3E2A761F8F85C5E7F0A3FE75AAE0411D.e.5194/elements - {"using":"css selector","value":"td"}
RESULT: {"using":"css selector","value":"td"}
COMMAND: POST /session/93250f96accc2e6fd098c611002cad19/element/f.8FBEE169B4A1F4A008E4BE6459EA698B.d.3E2A761F8F85C5E7F0A3FE75AAE0411D.e.5195/elements - {"using":"css selector","value":"td"}
RESULT: {"using":"css selector","value":"td"}
COMMAND: POST /session/93250f96accc2e6fd098c611002cad19/element/f.8FBEE169B4A1F4A008E4BE6459EA698B.d.3E2A761F8F85C5E7F0A3FE75AAE0411D.e.5196/elements - {"using":"css selector","value":"td"}
RESULT: {"using":"css selector","value":"td"}
COMMAND: POST /session/93250f96accc2e6fd098c611002cad19/element/f.8FBEE169B4A1F4A008E4BE6459EA698B.d.3E2A761F8F85C5E7F0A3FE75AAE0411D.e.5197/elements - {"using":"css selector","value":"td"}
RESULT: {"using":"css selector","value":"td"}
COMMAND: POST /session/93250f96accc2e6fd098c611002cad19/element/f.8FBEE169B4A1F4A008E4BE6459EA698B.d.3E2A761F8F85C5E7F0A3FE75AAE0411D.e.5198/elements - {"using":"css selector","value":"td"}
RESULT: {"using":"css selector","value":"td"}
COMMAND: POST /session/93250f96accc2e6fd098c611002cad19/element/f.8FBEE169B4A1F4A008E4BE6459EA698B.d.3E2A761F8F85C5E7F0A3FE75AAE0411D.e.5199/elements - {"using":"css selector","value":"td"}
RESULT: {"using":"css selector","value":"td"}
COMMAND: POST /session/93250f96accc2e6fd098c611002cad19/element/f.8FBEE169B4A1F4A008E4BE6459EA698B.d.3E2A761F8F85C5E7F0A3FE75AAE0411D.e.5200/elements - {"using":"css selector","value":"td"}
RESULT: {"using":"css selector","value":"td"}
COMMAND: POST /session/93250f96accc2e6fd098c611002cad19/element/f.8FBEE169B4A1F4A008E4BE6459EA698B.d.3E2A761F8F85C5E7F0A3FE75AAE0411D.e.5201/elements - {"using":"css selector","value":"td"}
RESULT: {"using":"css selector","value":"td"}
COMMAND: POST /session/93250f96accc2e6fd098c611002cad19/element/f.8FBEE169B4A1F4A008E4BE6459EA698B.d.3E2A761F8F85C5E7F0A3FE75AAE0411D.e.5202/elements - {"using":"css selector","value":"td"}
RESULT: {"using":"css selector","value":"td"}
COMMAND: POST /session/93250f96accc2e6fd098c611002cad19/element/f.8FBEE169B4A1F4A008E4BE6459EA698B.d.3E2A761F8F85C5E7F0A3FE75AAE0411D.e.5203/elements - {"using":"css selector","value":"td"}
RESULT: {"using":"css selector","value":"td"}
COMMAND: POST /session/93250f96accc2e6fd098c611002cad19/element/f.8FBEE169B4A1F4A008E4BE6459EA698B.d.3E2A761F8F85C5E7F0A3FE75AAE0411D.e.5204/elements - {"using":"css selector","value":"td"}
RESULT: {"using":"css selector","value":"td"}
COMMAND: POST /session/93250f96accc2e6fd098c611002cad19/element/f.8FBEE169B4A1F4A008E4BE6459EA698B.d.3E2A761F8F85C5E7F0A3FE75AAE0411D.e.5205/elements - {"using":"css selector","value":"td"}
RESULT: {"using":"css selector","value":"td"}
COMMAND: POST /session/93250f96accc2e6fd098c611002cad19/element/f.8FBEE169B4A1F4A008E4BE6459EA698B.d.3E2A761F8F85C5E7F0A3FE75AAE0411D.e.5206/elements - {"using":"css selector","value":"td"}
RESULT: {"using":"css selector","value":"td"}
COMMAND: POST /session/93250f96accc2e6fd098c611002cad19/element/f.8FBEE169B4A1F4A008E4BE6459EA698B.d.3E2A761F8F85C5E7F0A3FE75AAE0411D.e.5207/elements - {"using":"css selector","value":"td"}
RESULT: {"using":"css selector","value":"td"}
COMMAND: POST /session/93250f96accc2e6fd098c611002cad19/element/f.8FBEE169B4A1F4A008E4BE6459EA698B.d.3E2A761F8F85C5E7F0A3FE75AAE0411D.e.5208/elements - {"using":"css selector","value":"td"}
RESULT: {"using":"css selector","value":"td"}
COMMAND: POST /session/93250f96accc2e6fd098c611002cad19/element/f.8FBEE169B4A1F4A008E4BE6459EA698B.d.3E2A761F8F85C5E7F0A3FE75AAE0411D.e.5209/elements - {"using":"css selector","value":"td"}
RESULT: {"using":"css selector","value":"td"}
COMMAND: POST /session/93250f96accc2e6fd098c611002cad19/element/f.8FBEE169B4A1F4A008E4BE6459EA698B.d.3E2A761F8F85C5E7F0A3FE75AAE0411D.e.5210/elements - {"using":"css selector","value":"td"}
RESULT: {"using":"css selector","value":"td"}
COMMAND: POST /session/93250f96accc2e6fd098c611002cad19/element/f.8FBEE169B4A1F4A008E4BE6459EA698B.d.3E2A761F8F85C5E7F0A3FE75AAE0411D.e.5211/elements - {"using":"css selector","value":"td"}
RESULT: {"using":"css selector","value":"td"}
COMMAND: POST /session/93250f96accc2e6fd098c611002cad19/element/f.8FBEE169B4A1F4A008E4BE6459EA698B.d.3E2A761F8F85C5E7F0A3FE75AAE0411D.e.5212/elements - {"using":"css selector","value":"td"}
RESULT: {"using":"css selector","value":"td"}
COMMAND: POST /session/93250f96accc2e6fd098c611002cad19/element/f.8FBEE169B4A1F4A008E4BE6459EA698B.d.3E2A761F8F85C5E7F0A3FE75AAE0411D.e.5213/elements - {"using":"css selector","value":"td"}
RESULT: {"using":"css selector","value":"td"}
COMMAND: POST /session/93250f96accc2e6fd098c611002cad19/element/f.8FBEE169B4A1F4A008E4BE6459EA698B.d.3E2A761F8F85C5E7F0A3FE75AAE0411D.e.5214/elements - {"using":"css selector","value":"td"}
RESULT: {"using":"css selector","value":"td"}
COMMAND: POST /session/93250f96accc2e6fd098c611002cad19/element/f.8FBEE169B4A1F4A008E4BE6459EA698B.d.3E2A761F8F85C5E7F0A3FE75AAE0411D.e.5215/elements - {"using":"css selector","value":"td"}
RESULT: {"using":"css selector","value":"td"}
COMMAND: POST /session/93250f96accc2e6fd098c611002cad19/element/f.8FBEE169B4A1F4A008E4BE6459EA698B.d.3E2A761F8F85C5E7F0A3FE75AAE0411D.e.5216/elements - {"using":"css selector","value":"td"}
RESULT: {"using":"css selector","value":"td"}
COMMAND: POST /session/93250f96accc2e6fd098c611002cad19/element/f.8FBEE169B4A1F4A008E4BE6459EA698B.d.3E2A761F8F85C5E7F0A3FE75AAE0411D.e.5217/elements - {"using":"css selector","value":"td"}
RESULT: {"using":"css selector","value":"td"}
COMMAND: POST /session/93250f96accc2e6fd098c611002cad19/element/f.8FBEE169B4A1F4A008E4BE6459EA698B.d.3E2A761F8F85C5E7F0A3FE75AAE0411D.e.5218/elements - {"using":"css selector","value":"td"}
RESULT: {"using":"css selector","value":"td"}
COMMAND: POST /session/93250f96accc2e6fd098c611002cad19/element/f.8FBEE169B4A1F4A008E4BE6459EA698B.d.3E2A761F8F85C5E7F0A3FE75AAE0411D.e.5219/elements - {"using":"css selector","value":"td"}
RESULT: {"using":"css selector","value":"td"}
COMMAND: POST /session/93250f96accc2e6fd098c611002cad19/element/f.8FBEE169B4A1F4A008E4BE6459EA698B.d.3E2A761F8F85C5E7F0A3FE75AAE0411D.e.5220/elements - {"using":"css selector","value":"td"}
RESULT: {"using":"css selector","value":"td"}
COMMAND: POST /session/93250f96accc2e6fd098c611002cad19/element/f.8FBEE169B4A1F4A008E4BE6459EA698B.d.3E2A761F8F85C5E7F0A3FE75AAE0411D.e.5221/elements - {"using":"css selector","value":"td"}
RESULT: {"using":"css selector","value":"td"}
COMMAND: POST /session/93250f96accc2e6fd098c611002cad19/element/f.8FBEE169B4A1F4A008E4BE6459EA698B.d.3E2A761F8F85C5E7F0A3FE75AAE0411D.e.5222/elements - {"using":"css selector","value":"td"}
RESULT: {"using":"css selector","value":"td"}
COMMAND: POST /session/93250f96accc2e6fd098c611002cad19/element/f.8FBEE169B4A1F4A008E4BE6459EA698B.d.3E2A761F8F85C5E7F0A3FE75AAE0411D.e.5223/elements - {"using":"css selector","value":"td"}
RESULT: {"using":"css selector","value":"td"}
COMMAND: POST /session/93250f96accc2e6fd098c611002cad19/element/f.8FBEE169B4A1F4A008E4BE6459EA698B.d.3E2A761F8F85C5E7F0A3FE75AAE0411D.e.5224/elements - {"using":"css selector","value":"td"}
RESULT: {"using":"css selector","value":"td"}
COMMAND: POST /session/93250f96accc2e6fd098c611002cad19/element/f.8FBEE169B4A1F4A008E4BE6459EA698B.d.3E2A761F8F85C5E7F0A3FE75AAE0411D.e.5225/elements - {"using":"css selector","value":"td"}
RESULT: {"using":"css selector","value":"td"}
COMMAND: POST /session/93250f96accc2e6fd098c611002cad19/element/f.8FBEE169B4A1F4A008E4BE6459EA698B.d.3E2A761F8F85C5E7F0A3FE75AAE0411D.e.5226/elements - {"using":"css selector","value":"td"}
RESULT: {"using":"css selector","value":"td"}
COMMAND: POST /session/93250f96accc2e6fd098c611002cad19/element/f.8FBEE169B4A1F4A008E4BE6459EA698B.d.3E2A761F8F85C5E7F0A3FE75AAE0411D.e.5227/elements - {"using":"css selector","value":"td"}
RESULT: {"using":"css selector","value":"td"}
COMMAND: POST /session/93250f96accc2e6fd098c611002cad19/element/f.8FBEE169B4A1F4A008E4BE6459EA698B.d.3E2A761F8F85C5E7F0A3FE75AAE0411D.e.5228/elements - {"using":"css selector","value":"td"}
RESULT: {"using":"css selector","value":"td"}
COMMAND: POST /session/93250f96accc2e6fd098c611002cad19/element/f.8FBEE169B4A1F4A008E4BE6459EA698B.d.3E2A761F8F85C5E7F0A3FE75AAE0411D.e.5229/elements - {"using":"css selector","value":"td"}
RESULT: {"using":"css selector","value":"td"}
COMMAND: POST /session/93250f96accc2e6fd098c611002cad19/element/f.8FBEE169B4A1F4A008E4BE6459EA698B.d.3E2A761F8F85C5E7F0A3FE75AAE0411D.e.5230/elements - {"using":"css selector","value":"td"}
RESULT: {"using":"css selector","value":"td"}
COMMAND: POST /session/93250f96accc2e6fd098c611002cad19/element/f.8FBEE169B4A1F4A008E4BE6459EA698B.d.3E2A761F8F85C5E7F0A3FE75AAE0411D.e.5231/elements - {"using":"css selector","value":"td"}
RESULT: {"using":"css selector","value":"td"}
COMMAND: POST /session/93250f96accc2e6fd098c611002cad19/element/f.8FBEE169B4A1F4A008E4BE6459EA698B.d.3E2A761F8F85C5E7F0A3FE75AAE0411D.e.5232/elements - {"using":"css selector","value":"td"}
RESULT: {"using":"css selector","value":"td"}
COMMAND: POST /session/93250f96accc2e6fd098c611002cad19/element/f.8FBEE169B4A1F4A008E4BE6459EA698B.d.3E2A761F8F85C5E7F0A3FE75AAE0411D.e.5233/elements - {"using":"css selector","value":"td"}
RESULT: {"using":"css selector","value":"td"}
COMMAND: POST /session/93250f96accc2e6fd098c611002cad19/element/f.8FBEE169B4A1F4A008E4BE6459EA698B.d.3E2A761F8F85C5E7F0A3FE75AAE0411D.e.5234/elements - {"using":"css selector","value":"td"}
RESULT: {"using":"css selector","value":"td"}
COMMAND: POST /session/93250f96accc2e6fd098c611002cad19/element/f.8FBEE169B4A1F4A008E4BE6459EA698B.d.3E2A761F8F85C5E7F0A3FE75AAE0411D.e.5235/elements - {"using":"css selector","value":"td"}
RESULT: {"using":"css selector","value":"td"}
COMMAND: POST /session/93250f96accc2e6fd098c611002cad19/element/f.8FBEE169B4A1F4A008E4BE6459EA698B.d.3E2A761F8F85C5E7F0A3FE75AAE0411D.e.5236/elements - {"using":"css selector","value":"td"}
RESULT: {"using":"css selector","value":"td"}
COMMAND: POST /session/93250f96accc2e6fd098c611002cad19/element/f.8FBEE169B4A1F4A008E4BE6459EA698B.d.3E2A761F8F85C5E7F0A3FE75AAE0411D.e.5237/elements - {"using":"css selector","value":"td"}
RESULT: {"using":"css selector","value":"td"}
COMMAND: POST /session/93250f96accc2e6fd098c611002cad19/element/f.8FBEE169B4A1F4A008E4BE6459EA698B.d.3E2A761F8F85C5E7F0A3FE75AAE0411D.e.5238/elements - {"using":"css selector","value":"td"}
RESULT: {"using":"css selector","value":"td"}
COMMAND: POST /session/93250f96accc2e6fd098c611002cad19/element/f.8FBEE169B4A1F4A008E4BE6459EA698B.d.3E2A761F8F85C5E7F0A3FE75AAE0411D.e.5239/elements - {"using":"css selector","value":"td"}
RESULT: {"using":"css selector","value":"td"}
COMMAND: POST /session/93250f96accc2e6fd098c611002cad19/element/f.8FBEE169B4A1F4A008E4BE6459EA698B.d.3E2A761F8F85C5E7F0A3FE75AAE0411D.e.5240/elements - {"using":"css selector","value":"td"}
RESULT: {"using":"css selector","value":"td"}
COMMAND: POST /session/93250f96accc2e6fd098c611002cad19/element/f.8FBEE169B4A1F4A008E4BE6459EA698B.d.3E2A761F8F85C5E7F0A3FE75AAE0411D.e.5241/elements - {"using":"css selector","value":"td"}
RESULT: {"using":"css selector","value":"td"}
COMMAND: POST /session/93250f96accc2e6fd098c611002cad19/element/f.8FBEE169B4A1F4A008E4BE6459EA698B.d.3E2A761F8F85C5E7F0A3FE75AAE0411D.e.5242/elements - {"using":"css selector","value":"td"}
RESULT: {"using":"css selector","value":"td"}
COMMAND: POST /session/93250f96accc2e6fd098c611002cad19/element/f.8FBEE169B4A1F4A008E4BE6459EA698B.d.3E2A761F8F85C5E7F0A3FE75AAE0411D.e.5243/elements - {"using":"css selector","value":"td"}
RESULT: {"using":"css selector","value":"td"}
COMMAND: POST /session/93250f96accc2e6fd098c611002cad19/element/f.8FBEE169B4A1F4A008E4BE6459EA698B.d.3E2A761F8F85C5E7F0A3FE75AAE0411D.e.5244/elements - {"using":"css selector","value":"td"}
RESULT: {"using":"css selector","value":"td"}
COMMAND: POST /session/93250f96accc2e6fd098c611002cad19/element/f.8FBEE169B4A1F4A008E4BE6459EA698B.d.3E2A761F8F85C5E7F0A3FE75AAE0411D.e.5245/elements - {"using":"css selector","value":"td"}
RESULT: {"using":"css selector","value":"td"}
COMMAND: POST /session/93250f96accc2e6fd098c611002cad19/element/f.8FBEE169B4A1F4A008E4BE6459EA698B.d.3E2A761F8F85C5E7F0A3FE75AAE0411D.e.5246/elements - {"using":"css selector","value":"td"}
RESULT: {"using":"css selector","value":"td"}
COMMAND: POST /session/93250f96accc2e6fd098c611002cad19/element/f.8FBEE169B4A1F4A008E4BE6459EA698B.d.3E2A761F8F85C5E7F0A3FE75AAE0411D.e.5247/elements - {"using":"css selector","value":"td"}
RESULT: {"using":"css selector","value":"td"}
COMMAND: POST /session/93250f96accc2e6fd098c611002cad19/element/f.8FBEE169B4A1F4A008E4BE6459EA698B.d.3E2A761F8F85C5E7F0A3FE75AAE0411D.e.5248/elements - {"using":"css selector","value":"td"}
RESULT: {"using":"css selector","value":"td"}
COMMAND: POST /session/93250f96accc2e6fd098c611002cad19/element/f.8FBEE169B4A1F4A008E4BE6459EA698B.d.3E2A761F8F85C5E7F0A3FE75AAE0411D.e.5249/elements - {"using":"css selector","value":"td"}
RESULT: {"using":"css selector","value":"td"}
COMMAND: POST /session/93250f96accc2e6fd098c611002cad19/element/f.8FBEE169B4A1F4A008E4BE6459EA698B.d.3E2A761F8F85C5E7F0A3FE75AAE0411D.e.5250/elements - {"using":"css selector","value":"td"}
RESULT: {"using":"css selector","value":"td"}
COMMAND: POST /session/93250f96accc2e6fd098c611002cad19/element/f.8FBEE169B4A1F4A008E4BE6459EA698B.d.3E2A761F8F85C5E7F0A3FE75AAE0411D.e.5251/elements - {"using":"css selector","value":"td"}
RESULT: {"using":"css selector","value":"td"}
COMMAND: POST /session/93250f96accc2e6fd098c611002cad19/element/f.8FBEE169B4A1F4A008E4BE6459EA698B.d.3E2A761F8F85C5E7F0A3FE75AAE0411D.e.5252/elements - {"using":"css selector","value":"td"}
RESULT: {"using":"css selector","value":"td"}
COMMAND: POST /session/93250f96accc2e6fd098c611002cad19/element/f.8FBEE169B4A1F4A008E4BE6459EA698B.d.3E2A761F8F85C5E7F0A3FE75AAE0411D.e.5253/elements - {"using":"css selector","value":"td"}
RESULT: {"using":"css selector","value":"td"}
COMMAND: POST /session/93250f96accc2e6fd098c611002cad19/element/f.8FBEE169B4A1F4A008E4BE6459EA698B.d.3E2A761F8F85C5E7F0A3FE75AAE0411D.e.5254/elements - {"using":"css selector","value":"td"}
RESULT: {"using":"css selector","value":"td"}
COMMAND: POST /session/93250f96accc2e6fd098c611002cad19/element/f.8FBEE169B4A1F4A008E4BE6459EA698B.d.3E2A761F8F85C5E7F0A3FE75AAE0411D.e.5255/elements - {"using":"css selector","value":"td"}
RESULT: {"using":"css selector","value":"td"}
COMMAND: POST /session/93250f96accc2e6fd098c611002cad19/element/f.8FBEE169B4A1F4A008E4BE6459EA698B.d.3E2A761F8F85C5E7F0A3FE75AAE0411D.e.5256/elements - {"using":"css selector","value":"td"}
RESULT: {"using":"css selector","value":"td"}
COMMAND: POST /session/93250f96accc2e6fd098c611002cad19/element/f.8FBEE169B4A1F4A008E4BE6459EA698B.d.3E2A761F8F85C5E7F0A3FE75AAE0411D.e.5257/elements - {"using":"css selector","value":"td"}
RESULT: {"using":"css selector","value":"td"}
COMMAND: POST /session/93250f96accc2e6fd098c611002cad19/element/f.8FBEE169B4A1F4A008E4BE6459EA698B.d.3E2A761F8F85C5E7F0A3FE75AAE0411D.e.5258/elements - {"using":"css selector","value":"td"}
RESULT: {"using":"css selector","value":"td"}
COMMAND: POST /session/93250f96accc2e6fd098c611002cad19/element/f.8FBEE169B4A1F4A008E4BE6459EA698B.d.3E2A761F8F85C5E7F0A3FE75AAE0411D.e.5259/elements - {"using":"css selector","value":"td"}
RESULT: {"using":"css selector","value":"td"}
COMMAND: POST /session/93250f96accc2e6fd098c611002cad19/element/f.8FBEE169B4A1F4A008E4BE6459EA698B.d.3E2A761F8F85C5E7F0A3FE75AAE0411D.e.5260/elements - {"using":"css selector","value":"td"}
RESULT: {"using":"css selector","value":"td"}
COMMAND: POST /session/93250f96accc2e6fd098c611002cad19/element/f.8FBEE169B4A1F4A008E4BE6459EA698B.d.3E2A761F8F85C5E7F0A3FE75AAE0411D.e.5261/elements - {"using":"css selector","value":"td"}
RESULT: {"using":"css selector","value":"td"}
COMMAND: POST /session/93250f96accc2e6fd098c611002cad19/element/f.8FBEE169B4A1F4A008E4BE6459EA698B.d.3E2A761F8F85C5E7F0A3FE75AAE0411D.e.5262/elements - {"using":"css selector","value":"td"}
RESULT: {"using":"css selector","value":"td"}
COMMAND: POST /session/93250f96accc2e6fd098c611002cad19/element/f.8FBEE169B4A1F4A008E4BE6459EA698B.d.3E2A761F8F85C5E7F0A3FE75AAE0411D.e.5263/elements - {"using":"css selector","value":"td"}
RESULT: {"using":"css selector","value":"td"}
COMMAND: POST /session/93250f96accc2e6fd098c611002cad19/element/f.8FBEE169B4A1F4A008E4BE6459EA698B.d.3E2A761F8F85C5E7F0A3FE75AAE0411D.e.5264/elements - {"using":"css selector","value":"td"}
RESULT: {"using":"css selector","value":"td"}
COMMAND: POST /session/93250f96accc2e6fd098c611002cad19/element/f.8FBEE169B4A1F4A008E4BE6459EA698B.d.3E2A761F8F85C5E7F0A3FE75AAE0411D.e.5265/elements - {"using":"css selector","value":"td"}
RESULT: {"using":"css selector","value":"td"}
COMMAND: POST /session/93250f96accc2e6fd098c611002cad19/element/f.8FBEE169B4A1F4A008E4BE6459EA698B.d.3E2A761F8F85C5E7F0A3FE75AAE0411D.e.5266/elements - {"using":"css selector","value":"td"}
RESULT: {"using":"css selector","value":"td"}
COMMAND: POST /session/93250f96accc2e6fd098c611002cad19/element/f.8FBEE169B4A1F4A008E4BE6459EA698B.d.3E2A761F8F85C5E7F0A3FE75AAE0411D.e.5267/elements - {"using":"css selector","value":"td"}
RESULT: {"using":"css selector","value":"td"}
COMMAND: POST /session/93250f96accc2e6fd098c611002cad19/element/f.8FBEE169B4A1F4A008E4BE6459EA698B.d.3E2A761F8F85C5E7F0A3FE75AAE0411D.e.5268/elements - {"using":"css selector","value":"td"}
RESULT: {"using":"css selector","value":"td"}
COMMAND: POST /session/93250f96accc2e6fd098c611002cad19/element/f.8FBEE169B4A1F4A008E4BE6459EA698B.d.3E2A761F8F85C5E7F0A3FE75AAE0411D.e.5269/elements - {"using":"css selector","value":"td"}
RESULT: {"using":"css selector","value":"td"}
COMMAND: POST /session/93250f96accc2e6fd098c611002cad19/element/f.8FBEE169B4A1F4A008E4BE6459EA698B.d.3E2A761F8F85C5E7F0A3FE75AAE0411D.e.5270/elements - {"using":"css selector","value":"td"}
RESULT: {"using":"css selector","value":"td"}
COMMAND: POST /session/93250f96accc2e6fd098c611002cad19/element/f.8FBEE169B4A1F4A008E4BE6459EA698B.d.3E2A761F8F85C5E7F0A3FE75AAE0411D.e.5271/elements - {"using":"css selector","value":"td"}
RESULT: {"using":"css selector","value":"td"}
COMMAND: POST /session/93250f96accc2e6fd098c611002cad19/element/f.8FBEE169B4A1F4A008E4BE6459EA698B.d.3E2A761F8F85C5E7F0A3FE75AAE0411D.e.5272/elements - {"using":"css selector","value":"td"}
RESULT: {"using":"css selector","value":"td"}
COMMAND: POST /session/93250f96accc2e6fd098c611002cad19/element/f.8FBEE169B4A1F4A008E4BE6459EA698B.d.3E2A761F8F85C5E7F0A3FE75AAE0411D.e.5273/elements - {"using":"css selector","value":"td"}
RESULT: {"using":"css selector","value":"td"}
COMMAND: POST /session/93250f96accc2e6fd098c611002cad19/element/f.8FBEE169B4A1F4A008E4BE6459EA698B.d.3E2A761F8F85C5E7F0A3FE75AAE0411D.e.5274/elements - {"using":"css selector","value":"td"}
RESULT: {"using":"css selector","value":"td"}
COMMAND: POST /session/93250f96accc2e6fd098c611002cad19/element/f.8FBEE169B4A1F4A008E4BE6459EA698B.d.3E2A761F8F85C5E7F0A3FE75AAE0411D.e.5275/elements - {"using":"css selector","value":"td"}
RESULT: {"using":"css selector","value":"td"}
COMMAND: POST /session/93250f96accc2e6fd098c611002cad19/element/f.8FBEE169B4A1F4A008E4BE6459EA698B.d.3E2A761F8F85C5E7F0A3FE75AAE0411D.e.5276/elements - {"using":"css selector","value":"td"}
RESULT: {"using":"css selector","value":"td"}
COMMAND: POST /session/93250f96accc2e6fd098c611002cad19/element/f.8FBEE169B4A1F4A008E4BE6459EA698B.d.3E2A761F8F85C5E7F0A3FE75AAE0411D.e.6187/elements - {"using":"css selector","value":"td"}
RESULT: {"using":"css selector","value":"td"}
COMMAND: POST /session/93250f96accc2e6fd098c611002cad19/element - {"using":"css selector","value":"#j_username"}
COMMAND: POST /session/93250f96accc2e6fd098c611002cad19/url - {"url":"https://qa-testing-00-live-etm-ui.cfapps.eu10-004.hana.ondemand.com/"}
RESULT: {"url":"https://qa-testing-00-live-etm-ui.cfapps.eu10-004.hana.ondemand.com/"}
RESULT: undefined
COMMAND: GET /session/93250f96accc2e6fd098c611002cad19/screenshot - {}
RESULT: {"using":"css selector","value":"#j_username"}
COMMAND: POST /session/93250f96accc2e6fd098c611002cad19/element - {"using":"css selector","value":"#j_username"}
RESULT: {}
RESULT: {"using":"css selector","value":"#j_username"}
COMMAND: POST /session/93250f96accc2e6fd098c611002cad19/element - {"using":"css selector","value":"#shell-header-logo"}
RESULT: {"using":"css selector","value":"#shell-header-logo"}
COMMAND: POST /session/93250f96accc2e6fd098c611002cad19/execute/sync - {"script":"<script> [8489 bytes]","args":[{"element-6066-11e4-a52e-4f735466cecf":"f.8FBEE169B4A1F4A008E4BE6459EA698B.d.3ADA1C8DB7CB543C6F4A349A3B0C0517.e.6270","ELEMENT":"f.8FBEE169B4A1F4A008E4BE6459EA698B.d.3ADA1C8DB7CB543C6F4A349A3B0C0517.e.6270"}]}
RESULT: {"script":"<script> [8489 bytes]","args":[{"element-6066-11e4-a52e-4f735466cecf":"f.8FBEE169B4A1F4A008E4BE6459EA698B.d.3ADA1C8DB7CB543C6F4A349A3B0C0517.e.6270","ELEMENT":"f.8FBEE169B4A1F4A008E4BE6459EA698B.d.3ADA1C8DB7CB543C6F4A349A3B0C0517.e.6270"}]}
COMMAND: POST /session/93250f96accc2e6fd098c611002cad19/element - {"using":"css selector","value":"#shell-header-logo"}
RESULT: {"using":"css selector","value":"#shell-header-logo"}
COMMAND: POST /session/93250f96accc2e6fd098c611002cad19/execute/sync - {"script":"<script> [8489 bytes]","args":[{"element-6066-11e4-a52e-4f735466cecf":"f.8FBEE169B4A1F4A008E4BE6459EA698B.d.3ADA1C8DB7CB543C6F4A349A3B0C0517.e.6270","ELEMENT":"f.8FBEE169B4A1F4A008E4BE6459EA698B.d.3ADA1C8DB7CB543C6F4A349A3B0C0517.e.6270"}]}
COMMAND: GET /session/93250f96accc2e6fd098c611002cad19/screenshot - {}
RESULT: {"script":"<script> [8489 bytes]","args":[{"element-6066-11e4-a52e-4f735466cecf":"f.8FBEE169B4A1F4A008E4BE6459EA698B.d.3ADA1C8DB7CB543C6F4A349A3B0C0517.e.6270","ELEMENT":"f.8FBEE169B4A1F4A008E4BE6459EA698B.d.3ADA1C8DB7CB543C6F4A349A3B0C0517.e.6270"}]}
COMMAND: POST /session/93250f96accc2e6fd098c611002cad19/execute/sync - {"script":"<script> [5351 bytes]","args":[{"element-6066-11e4-a52e-4f735466cecf":"f.8FBEE169B4A1F4A008E4BE6459EA698B.d.3ADA1C8DB7CB543C6F4A349A3B0C0517.e.6270","ELEMENT":"f.8FBEE169B4A1F4A008E4BE6459EA698B.d.3ADA1C8DB7CB543C6F4A349A3B0C0517.e.6270"}]}
COMMAND: GET /session/93250f96accc2e6fd098c611002cad19/screenshot - {}
RESULT: {}
RESULT: {"script":"<script> [5351 bytes]","args":[{"element-6066-11e4-a52e-4f735466cecf":"f.8FBEE169B4A1F4A008E4BE6459EA698B.d.3ADA1C8DB7CB543C6F4A349A3B0C0517.e.6270","ELEMENT":"f.8FBEE169B4A1F4A008E4BE6459EA698B.d.3ADA1C8DB7CB543C6F4A349A3B0C0517.e.6270"}]}
COMMAND: POST /session/93250f96accc2e6fd098c611002cad19/element - {"using":"css selector","value":"#shell-header-logo"}
COMMAND: GET /session/93250f96accc2e6fd098c611002cad19/screenshot - {}
RESULT: {}
RESULT: {"using":"css selector","value":"#shell-header-logo"}
COMMAND: POST /session/93250f96accc2e6fd098c611002cad19/element/f.8FBEE169B4A1F4A008E4BE6459EA698B.d.3ADA1C8DB7CB543C6F4A349A3B0C0517.e.6270/click - {}
RESULT: {}
RESULT: {}
COMMAND: GET /session/93250f96accc2e6fd098c611002cad19/screenshot - {}
RESULT: {}
COMMAND: POST /session/93250f96accc2e6fd098c611002cad19/execute/async - {"script":"<script> [189 bytes]","args":[]}
RESULT: {"script":"<script> [189 bytes]","args":[]}
COMMAND: POST /session/93250f96accc2e6fd098c611002cad19/execute/async - {"script":"<script> [123 bytes]","args":[]}
RESULT: {"script":"<script> [123 bytes]","args":[]}
COMMAND: POST /session/93250f96accc2e6fd098c611002cad19/timeouts - {"script":"<number>"}
RESULT: {"script":"<number>"}
COMMAND: GET /session/93250f96accc2e6fd098c611002cad19/timeouts - {}
RESULT: {}
RESULT: undefined
COMMAND: POST /session/93250f96accc2e6fd098c611002cad19/execute/async - {"script":"<script> [2676 bytes]","args":[]}
RESULT: {"script":"<script> [2676 bytes]","args":[]}
COMMAND: POST /session/93250f96accc2e6fd098c611002cad19/execute/async - {"script":"<script> [2342 bytes]","args":[{"protocol":"http","hostname":"0.0.0.0","path":"/","capabilities":{"browserName":"chrome","goog:chromeOptions":{"binary":"C:\\Program Files\\Google\\Chrome\\Application\\chrome.exe","args":["--start-maximized"]}},"logLevel":"warn","connectionRetryTimeout":120000,"connectionRetryCount":3,"logLevels":{},"enableDirectConnect":true,"strictSSL":true,"_":"65 more keys: [\"cacheDir\",\"port\",\"requestedCapabilities\",\"automationProtocol\",\"baseUrl\",\"waitforInterval\",\"waitforTimeout\",\"onReload\",\"beforeCommand\",\"afterCommand\",\"rootDir\",\"specs\",\"suites\",\"exclude\",\"groupLogsByTestSpec\",\"excludeDriverLogs\",\"bail\",\"framework\",\"reporters\",\"services\",\"maxInstances\",\"maxInstancesPerCapability\",\"injectGlobals\",\"filesToWatch\",\"execArgv\",\"runnerEnv\",\"runner\",\"shard\",\"specFileRetries\",\"specFileRetriesDelay\",\"specFileRetriesDeferred\",\"reporterSyncInterval\",\"reporterSyncTimeout\",\"cucumberFeaturesWithLineNumbers\",\"autoCompileOpts\",\"mochaOpts\",\"jasmineOpts\",\"cucumberOpts\",\"onPrepare\",\"onWorkerStart\",\"onWorkerEnd\",\"before\",\"beforeSession\",\"beforeSuite\",\"beforeHook\",\"beforeTest\",\"afterTest\",\"afterHook\",\"afterSuite\",\"afterSession\",\"after\",\"onComplete\",\"beforeAssertion\",\"afterAssertion\",\"beforeFeature\",\"beforeScenario\",\"beforeStep\",\"afterStep\",\"afterScenario\",\"afterFeature\",\"_\",\"suite\",\"$0\",\"ignoredWorkerServices\",\"wdi5\"]"}]}
RESULT: {"script":"<script> [2342 bytes]","args":[{"protocol":"http","hostname":"0.0.0.0","path":"/","capabilities":{"browserName":"chrome","goog:chromeOptions":{"binary":"C:\\Program Files\\Google\\Chrome\\Application\\chrome.exe","args":["--start-maximized"]}},"logLevel":"warn","connectionRetryTimeout":120000,"connectionRetryCount":3,"logLevels":{},"enableDirectConnect":true,"strictSSL":true,"_":"65 more keys: [\"cacheDir\",\"port\",\"requestedCapabilities\",\"automationProtocol\",\"baseUrl\",\"waitforInterval\",\"waitforTimeout\",\"onReload\",\"beforeCommand\",\"afterCommand\",\"rootDir\",\"specs\",\"suites\",\"exclude\",\"groupLogsByTestSpec\",\"excludeDriverLogs\",\"bail\",\"framework\",\"reporters\",\"services\",\"maxInstances\",\"maxInstancesPerCapability\",\"injectGlobals\",\"filesToWatch\",\"execArgv\",\"runnerEnv\",\"runner\",\"shard\",\"specFileRetries\",\"specFileRetriesDelay\",\"specFileRetriesDeferred\",\"reporterSyncInterval\",\"reporterSyncTimeout\",\"cucumberFeaturesWithLineNumbers\",\"autoCompileOpts\",\"mochaOpts\",\"jasmineOpts\",\"cucumberOpts\",\"onPrepare\",\"onWorkerStart\",\"onWorkerEnd\",\"before\",\"beforeSession\",\"beforeSuite\",\"beforeHook\",\"beforeTest\",\"afterTest\",\"afterHook\",\"afterSuite\",\"afterSession\",\"after\",\"onComplete\",\"beforeAssertion\",\"afterAssertion\",\"beforeFeature\",\"beforeScenario\",\"beforeStep\",\"afterStep\",\"afterScenario\",\"afterFeature\",\"_\",\"suite\",\"$0\",\"ignoredWorkerServices\",\"wdi5\"]"}]}
COMMAND: POST /session/93250f96accc2e6fd098c611002cad19/execute/async - {"script":"<script> [21126 bytes]","args":[35000]}
RESULT: {"script":"<script> [21126 bytes]","args":[35000]}
COMMAND: POST /session/93250f96accc2e6fd098c611002cad19/window/maximize - {}
RESULT: {}
COMMAND: POST /session/93250f96accc2e6fd098c611002cad19/execute/async - {"script":"<script> [1562 bytes]","args":[{"selector":{"id":"shell-header","interaction":{"idSuffix":"icon"}},"wdio_ui5_key":"shellheader"}]}
COMMAND: GET /session/93250f96accc2e6fd098c611002cad19/screenshot - {}
RESULT: {"script":"<script> [1562 bytes]","args":[{"selector":{"id":"shell-header","interaction":{"idSuffix":"icon"}},"wdio_ui5_key":"shellheader"}]}
RESULT: undefined
COMMAND: POST /session/93250f96accc2e6fd098c611002cad19/refresh - {}
RESULT: {}
RESULT: {}
COMMAND: GET /session/93250f96accc2e6fd098c611002cad19/screenshot - {}
RESULT: {}
COMMAND: POST /session/93250f96accc2e6fd098c611002cad19/refresh - {}
RESULT: {}
COMMAND: GET /session/93250f96accc2e6fd098c611002cad19/screenshot - {}
RESULT: {}
COMMAND: POST /session/93250f96accc2e6fd098c611002cad19/window/fullscreen - {}
RESULT: {}
COMMAND: POST /session/93250f96accc2e6fd098c611002cad19/execute/async - {"script":"<script> [189 bytes]","args":[]}
RESULT: {"script":"<script> [189 bytes]","args":[]}
COMMAND: POST /session/93250f96accc2e6fd098c611002cad19/execute/async - {"script":"<script> [123 bytes]","args":[]}
RESULT: {"script":"<script> [123 bytes]","args":[]}
COMMAND: POST /session/93250f96accc2e6fd098c611002cad19/timeouts - {"script":"<number>"}
RESULT: {"script":"<number>"}
COMMAND: GET /session/93250f96accc2e6fd098c611002cad19/timeouts - {}
RESULT: {}
RESULT: undefined
COMMAND: POST /session/93250f96accc2e6fd098c611002cad19/execute/async - {"script":"<script> [2676 bytes]","args":[]}
RESULT: {"script":"<script> [2676 bytes]","args":[]}
COMMAND: POST /session/93250f96accc2e6fd098c611002cad19/execute/async - {"script":"<script> [2342 bytes]","args":[{"protocol":"http","hostname":"0.0.0.0","path":"/","capabilities":{"browserName":"chrome","goog:chromeOptions":{"binary":"C:\\Program Files\\Google\\Chrome\\Application\\chrome.exe","args":["--start-maximized"]}},"logLevel":"warn","connectionRetryTimeout":120000,"connectionRetryCount":3,"logLevels":{},"enableDirectConnect":true,"strictSSL":true,"_":"65 more keys: [\"cacheDir\",\"port\",\"requestedCapabilities\",\"automationProtocol\",\"baseUrl\",\"waitforInterval\",\"waitforTimeout\",\"onReload\",\"beforeCommand\",\"afterCommand\",\"rootDir\",\"specs\",\"suites\",\"exclude\",\"groupLogsByTestSpec\",\"excludeDriverLogs\",\"bail\",\"framework\",\"reporters\",\"services\",\"maxInstances\",\"maxInstancesPerCapability\",\"injectGlobals\",\"filesToWatch\",\"execArgv\",\"runnerEnv\",\"runner\",\"shard\",\"specFileRetries\",\"specFileRetriesDelay\",\"specFileRetriesDeferred\",\"reporterSyncInterval\",\"reporterSyncTimeout\",\"cucumberFeaturesWithLineNumbers\",\"autoCompileOpts\",\"mochaOpts\",\"jasmineOpts\",\"cucumberOpts\",\"onPrepare\",\"onWorkerStart\",\"onWorkerEnd\",\"before\",\"beforeSession\",\"beforeSuite\",\"beforeHook\",\"beforeTest\",\"afterTest\",\"afterHook\",\"afterSuite\",\"afterSession\",\"after\",\"onComplete\",\"beforeAssertion\",\"afterAssertion\",\"beforeFeature\",\"beforeScenario\",\"beforeStep\",\"afterStep\",\"afterScenario\",\"afterFeature\",\"_\",\"suite\",\"$0\",\"ignoredWorkerServices\",\"wdi5\"]"}]}
RESULT: {"script":"<script> [2342 bytes]","args":[{"protocol":"http","hostname":"0.0.0.0","path":"/","capabilities":{"browserName":"chrome","goog:chromeOptions":{"binary":"C:\\Program Files\\Google\\Chrome\\Application\\chrome.exe","args":["--start-maximized"]}},"logLevel":"warn","connectionRetryTimeout":120000,"connectionRetryCount":3,"logLevels":{},"enableDirectConnect":true,"strictSSL":true,"_":"65 more keys: [\"cacheDir\",\"port\",\"requestedCapabilities\",\"automationProtocol\",\"baseUrl\",\"waitforInterval\",\"waitforTimeout\",\"onReload\",\"beforeCommand\",\"afterCommand\",\"rootDir\",\"specs\",\"suites\",\"exclude\",\"groupLogsByTestSpec\",\"excludeDriverLogs\",\"bail\",\"framework\",\"reporters\",\"services\",\"maxInstances\",\"maxInstancesPerCapability\",\"injectGlobals\",\"filesToWatch\",\"execArgv\",\"runnerEnv\",\"runner\",\"shard\",\"specFileRetries\",\"specFileRetriesDelay\",\"specFileRetriesDeferred\",\"reporterSyncInterval\",\"reporterSyncTimeout\",\"cucumberFeaturesWithLineNumbers\",\"autoCompileOpts\",\"mochaOpts\",\"jasmineOpts\",\"cucumberOpts\",\"onPrepare\",\"onWorkerStart\",\"onWorkerEnd\",\"before\",\"beforeSession\",\"beforeSuite\",\"beforeHook\",\"beforeTest\",\"afterTest\",\"afterHook\",\"afterSuite\",\"afterSession\",\"after\",\"onComplete\",\"beforeAssertion\",\"afterAssertion\",\"beforeFeature\",\"beforeScenario\",\"beforeStep\",\"afterStep\",\"afterScenario\",\"afterFeature\",\"_\",\"suite\",\"$0\",\"ignoredWorkerServices\",\"wdi5\"]"}]}
COMMAND: POST /session/93250f96accc2e6fd098c611002cad19/execute/async - {"script":"<script> [21126 bytes]","args":[35000]}
RESULT: {"script":"<script> [21126 bytes]","args":[35000]}
]]></system-out>
    </testcase>
  </testsuite>
  <testsuite timestamp="2025-06-04T05:40:19" time="484.323" tests="9" failures="0" errors="0" skipped="0">
    <properties>
      <property name="specId" value="0" />
      <property name="suiteName" value="US134625 Set up price condition - one time" />
      <property name="capabilities" value="chrome.136_0_7103_93.windows" />
      <property name="file" value="file:///D:/a/1/s/test/specs/BTS/set-up-price-condition-one-time.spec.js" />
    </properties>
    <testcase classname="chrome.136_0_7103_93.windows.US134625_Set_up_price_condition_-_one_time" name="Should create a new yard used for all following tests" time="0.027">
      <system-out><![CDATA[
COMMAND: POST /session/93250f96accc2e6fd098c611002cad19/window/fullscreen - {}
RESULT: {}
]]></system-out>
    </testcase>
    <testcase classname="chrome.136_0_7103_93.windows.US134625_Set_up_price_condition_-_one_time" name="Should create a new partner" time="0.004" />
    <testcase classname="chrome.136_0_7103_93.windows.US134625_Set_up_price_condition_-_one_time" name="Should create a new site used for following tests" time="0.004" />
    <testcase classname="chrome.136_0_7103_93.windows.US134625_Set_up_price_condition_-_one_time" name="Should create a new material for billing type one time" time="139.933">
      <system-out><![CDATA[
COMMAND: POST /session/93250f96accc2e6fd098c611002cad19/execute/async - {"script":"<script> [1562 bytes]","args":[{"selector":{"controlType":"sap.m.GenericTile","properties":{"header":"Manage Resources"}},"wdio_ui5_key":"sapm.GenericTile{\"header\":\"Manage Resources\"}"}]}
RESULT: {"script":"<script> [1562 bytes]","args":[{"selector":{"controlType":"sap.m.GenericTile","properties":{"header":"Manage Resources"}},"wdio_ui5_key":"sapm.GenericTile{\"header\":\"Manage Resources\"}"}]}
RESULT: undefined
COMMAND: POST /session/93250f96accc2e6fd098c611002cad19/element - {"using":"xpath","value":"//*[@id=\"__tile39\"]"}
RESULT: {"using":"xpath","value":"//*[@id=\"__tile39\"]"}
COMMAND: POST /session/93250f96accc2e6fd098c611002cad19/element/f.8FBEE169B4A1F4A008E4BE6459EA698B.d.9CC07FB4F3C4F4173F6AFD949D1C5867.e.6382/click - {}
RESULT: {}
COMMAND: GET /session/93250f96accc2e6fd098c611002cad19/screenshot - {}
RESULT: {}
COMMAND: POST /session/93250f96accc2e6fd098c611002cad19/elements - {"using":"xpath","value":"//span[text()='Error']"}
RESULT: {"using":"xpath","value":"//span[text()='Error']"}
COMMAND: POST /session/93250f96accc2e6fd098c611002cad19/element - {"using":"xpath","value":"//button[@data-kt=\"addNewRUOverflowToolbarButton\"]"}
RESULT: {"using":"xpath","value":"//button[@data-kt=\"addNewRUOverflowToolbarButton\"]"}
COMMAND: POST /session/93250f96accc2e6fd098c611002cad19/elements - {"using":"xpath","value":"//button[@data-kt=\"addNewRUOverflowToolbarButton\"]"}
RESULT: {"using":"xpath","value":"//button[@data-kt=\"addNewRUOverflowToolbarButton\"]"}
COMMAND: POST /session/93250f96accc2e6fd098c611002cad19/elements - {"using":"xpath","value":"//button[@data-kt=\"addNewRUOverflowToolbarButton\"]"}
RESULT: {"using":"xpath","value":"//button[@data-kt=\"addNewRUOverflowToolbarButton\"]"}
COMMAND: POST /session/93250f96accc2e6fd098c611002cad19/elements - {"using":"xpath","value":"//button[@data-kt=\"addNewRUOverflowToolbarButton\"]"}
RESULT: {"using":"xpath","value":"//button[@data-kt=\"addNewRUOverflowToolbarButton\"]"}
COMMAND: POST /session/93250f96accc2e6fd098c611002cad19/elements - {"using":"xpath","value":"//button[@data-kt=\"addNewRUOverflowToolbarButton\"]"}
RESULT: {"using":"xpath","value":"//button[@data-kt=\"addNewRUOverflowToolbarButton\"]"}
COMMAND: POST /session/93250f96accc2e6fd098c611002cad19/elements - {"using":"xpath","value":"//button[@data-kt=\"addNewRUOverflowToolbarButton\"]"}
RESULT: {"using":"xpath","value":"//button[@data-kt=\"addNewRUOverflowToolbarButton\"]"}
COMMAND: POST /session/93250f96accc2e6fd098c611002cad19/elements - {"using":"xpath","value":"//button[@data-kt=\"addNewRUOverflowToolbarButton\"]"}
RESULT: {"using":"xpath","value":"//button[@data-kt=\"addNewRUOverflowToolbarButton\"]"}
COMMAND: POST /session/93250f96accc2e6fd098c611002cad19/elements - {"using":"xpath","value":"//button[@data-kt=\"addNewRUOverflowToolbarButton\"]"}
RESULT: {"using":"xpath","value":"//button[@data-kt=\"addNewRUOverflowToolbarButton\"]"}
COMMAND: POST /session/93250f96accc2e6fd098c611002cad19/elements - {"using":"xpath","value":"//button[@data-kt=\"addNewRUOverflowToolbarButton\"]"}
RESULT: {"using":"xpath","value":"//button[@data-kt=\"addNewRUOverflowToolbarButton\"]"}
COMMAND: POST /session/93250f96accc2e6fd098c611002cad19/elements - {"using":"xpath","value":"//button[@data-kt=\"addNewRUOverflowToolbarButton\"]"}
RESULT: {"using":"xpath","value":"//button[@data-kt=\"addNewRUOverflowToolbarButton\"]"}
COMMAND: POST /session/93250f96accc2e6fd098c611002cad19/elements - {"using":"xpath","value":"//button[@data-kt=\"addNewRUOverflowToolbarButton\"]"}
RESULT: {"using":"xpath","value":"//button[@data-kt=\"addNewRUOverflowToolbarButton\"]"}
COMMAND: POST /session/93250f96accc2e6fd098c611002cad19/elements - {"using":"xpath","value":"//button[@data-kt=\"addNewRUOverflowToolbarButton\"]"}
RESULT: {"using":"xpath","value":"//button[@data-kt=\"addNewRUOverflowToolbarButton\"]"}
COMMAND: POST /session/93250f96accc2e6fd098c611002cad19/elements - {"using":"xpath","value":"//button[@data-kt=\"addNewRUOverflowToolbarButton\"]"}
RESULT: {"using":"xpath","value":"//button[@data-kt=\"addNewRUOverflowToolbarButton\"]"}
COMMAND: POST /session/93250f96accc2e6fd098c611002cad19/elements - {"using":"xpath","value":"//button[@data-kt=\"addNewRUOverflowToolbarButton\"]"}
RESULT: {"using":"xpath","value":"//button[@data-kt=\"addNewRUOverflowToolbarButton\"]"}
COMMAND: POST /session/93250f96accc2e6fd098c611002cad19/elements - {"using":"xpath","value":"//button[@data-kt=\"addNewRUOverflowToolbarButton\"]"}
RESULT: {"using":"xpath","value":"//button[@data-kt=\"addNewRUOverflowToolbarButton\"]"}
COMMAND: POST /session/93250f96accc2e6fd098c611002cad19/elements - {"using":"xpath","value":"//button[@data-kt=\"addNewRUOverflowToolbarButton\"]"}
RESULT: {"using":"xpath","value":"//button[@data-kt=\"addNewRUOverflowToolbarButton\"]"}
COMMAND: POST /session/93250f96accc2e6fd098c611002cad19/elements - {"using":"xpath","value":"//button[@data-kt=\"addNewRUOverflowToolbarButton\"]"}
RESULT: {"using":"xpath","value":"//button[@data-kt=\"addNewRUOverflowToolbarButton\"]"}
COMMAND: POST /session/93250f96accc2e6fd098c611002cad19/elements - {"using":"xpath","value":"//button[@data-kt=\"addNewRUOverflowToolbarButton\"]"}
RESULT: {"using":"xpath","value":"//button[@data-kt=\"addNewRUOverflowToolbarButton\"]"}
COMMAND: POST /session/93250f96accc2e6fd098c611002cad19/elements - {"using":"xpath","value":"//button[@data-kt=\"addNewRUOverflowToolbarButton\"]"}
RESULT: {"using":"xpath","value":"//button[@data-kt=\"addNewRUOverflowToolbarButton\"]"}
COMMAND: POST /session/93250f96accc2e6fd098c611002cad19/elements - {"using":"xpath","value":"//button[@data-kt=\"addNewRUOverflowToolbarButton\"]"}
RESULT: {"using":"xpath","value":"//button[@data-kt=\"addNewRUOverflowToolbarButton\"]"}
COMMAND: POST /session/93250f96accc2e6fd098c611002cad19/elements - {"using":"xpath","value":"//button[@data-kt=\"addNewRUOverflowToolbarButton\"]"}
RESULT: {"using":"xpath","value":"//button[@data-kt=\"addNewRUOverflowToolbarButton\"]"}
COMMAND: POST /session/93250f96accc2e6fd098c611002cad19/elements - {"using":"xpath","value":"//button[@data-kt=\"addNewRUOverflowToolbarButton\"]"}
RESULT: {"using":"xpath","value":"//button[@data-kt=\"addNewRUOverflowToolbarButton\"]"}
COMMAND: POST /session/93250f96accc2e6fd098c611002cad19/elements - {"using":"xpath","value":"//button[@data-kt=\"addNewRUOverflowToolbarButton\"]"}
RESULT: {"using":"xpath","value":"//button[@data-kt=\"addNewRUOverflowToolbarButton\"]"}
COMMAND: POST /session/93250f96accc2e6fd098c611002cad19/elements - {"using":"xpath","value":"//button[@data-kt=\"addNewRUOverflowToolbarButton\"]"}
RESULT: {"using":"xpath","value":"//button[@data-kt=\"addNewRUOverflowToolbarButton\"]"}
COMMAND: POST /session/93250f96accc2e6fd098c611002cad19/elements - {"using":"xpath","value":"//button[@data-kt=\"addNewRUOverflowToolbarButton\"]"}
RESULT: {"using":"xpath","value":"//button[@data-kt=\"addNewRUOverflowToolbarButton\"]"}
COMMAND: POST /session/93250f96accc2e6fd098c611002cad19/elements - {"using":"xpath","value":"//button[@data-kt=\"addNewRUOverflowToolbarButton\"]"}
RESULT: {"using":"xpath","value":"//button[@data-kt=\"addNewRUOverflowToolbarButton\"]"}
COMMAND: POST /session/93250f96accc2e6fd098c611002cad19/elements - {"using":"xpath","value":"//button[@data-kt=\"addNewRUOverflowToolbarButton\"]"}
RESULT: {"using":"xpath","value":"//button[@data-kt=\"addNewRUOverflowToolbarButton\"]"}
COMMAND: POST /session/93250f96accc2e6fd098c611002cad19/elements - {"using":"xpath","value":"//button[@data-kt=\"addNewRUOverflowToolbarButton\"]"}
RESULT: {"using":"xpath","value":"//button[@data-kt=\"addNewRUOverflowToolbarButton\"]"}
COMMAND: POST /session/93250f96accc2e6fd098c611002cad19/elements - {"using":"xpath","value":"//button[@data-kt=\"addNewRUOverflowToolbarButton\"]"}
RESULT: {"using":"xpath","value":"//button[@data-kt=\"addNewRUOverflowToolbarButton\"]"}
COMMAND: POST /session/93250f96accc2e6fd098c611002cad19/elements - {"using":"xpath","value":"//button[@data-kt=\"addNewRUOverflowToolbarButton\"]"}
RESULT: {"using":"xpath","value":"//button[@data-kt=\"addNewRUOverflowToolbarButton\"]"}
COMMAND: POST /session/93250f96accc2e6fd098c611002cad19/elements - {"using":"xpath","value":"//button[@data-kt=\"addNewRUOverflowToolbarButton\"]"}
RESULT: {"using":"xpath","value":"//button[@data-kt=\"addNewRUOverflowToolbarButton\"]"}
COMMAND: POST /session/93250f96accc2e6fd098c611002cad19/elements - {"using":"xpath","value":"//button[@data-kt=\"addNewRUOverflowToolbarButton\"]"}
RESULT: {"using":"xpath","value":"//button[@data-kt=\"addNewRUOverflowToolbarButton\"]"}
COMMAND: POST /session/93250f96accc2e6fd098c611002cad19/elements - {"using":"xpath","value":"//button[@data-kt=\"addNewRUOverflowToolbarButton\"]"}
RESULT: {"using":"xpath","value":"//button[@data-kt=\"addNewRUOverflowToolbarButton\"]"}
COMMAND: POST /session/93250f96accc2e6fd098c611002cad19/elements - {"using":"xpath","value":"//button[@data-kt=\"addNewRUOverflowToolbarButton\"]"}
RESULT: {"using":"xpath","value":"//button[@data-kt=\"addNewRUOverflowToolbarButton\"]"}
COMMAND: POST /session/93250f96accc2e6fd098c611002cad19/elements - {"using":"xpath","value":"//button[@data-kt=\"addNewRUOverflowToolbarButton\"]"}
RESULT: {"using":"xpath","value":"//button[@data-kt=\"addNewRUOverflowToolbarButton\"]"}
COMMAND: POST /session/93250f96accc2e6fd098c611002cad19/elements - {"using":"xpath","value":"//button[@data-kt=\"addNewRUOverflowToolbarButton\"]"}
RESULT: {"using":"xpath","value":"//button[@data-kt=\"addNewRUOverflowToolbarButton\"]"}
COMMAND: POST /session/93250f96accc2e6fd098c611002cad19/elements - {"using":"xpath","value":"//button[@data-kt=\"addNewRUOverflowToolbarButton\"]"}
RESULT: {"using":"xpath","value":"//button[@data-kt=\"addNewRUOverflowToolbarButton\"]"}
COMMAND: POST /session/93250f96accc2e6fd098c611002cad19/element - {"using":"xpath","value":"//button[@data-kt=\"addNewRUOverflowToolbarButton\"]"}
RESULT: {"using":"xpath","value":"//button[@data-kt=\"addNewRUOverflowToolbarButton\"]"}
COMMAND: POST /session/93250f96accc2e6fd098c611002cad19/execute/sync - {"script":"<script> [8489 bytes]","args":[{"element-6066-11e4-a52e-4f735466cecf":"f.8FBEE169B4A1F4A008E4BE6459EA698B.d.9CC07FB4F3C4F4173F6AFD949D1C5867.e.6517","ELEMENT":"f.8FBEE169B4A1F4A008E4BE6459EA698B.d.9CC07FB4F3C4F4173F6AFD949D1C5867.e.6517"}]}
RESULT: {"script":"<script> [8489 bytes]","args":[{"element-6066-11e4-a52e-4f735466cecf":"f.8FBEE169B4A1F4A008E4BE6459EA698B.d.9CC07FB4F3C4F4173F6AFD949D1C5867.e.6517","ELEMENT":"f.8FBEE169B4A1F4A008E4BE6459EA698B.d.9CC07FB4F3C4F4173F6AFD949D1C5867.e.6517"}]}
COMMAND: GET /session/93250f96accc2e6fd098c611002cad19/element/f.8FBEE169B4A1F4A008E4BE6459EA698B.d.9CC07FB4F3C4F4173F6AFD949D1C5867.e.6517/enabled - {}
COMMAND: GET /session/93250f96accc2e6fd098c611002cad19/screenshot - {}
RESULT: {}
COMMAND: POST /session/93250f96accc2e6fd098c611002cad19/execute/sync - {"script":"<script> [8489 bytes]","args":[{"element-6066-11e4-a52e-4f735466cecf":"f.8FBEE169B4A1F4A008E4BE6459EA698B.d.9CC07FB4F3C4F4173F6AFD949D1C5867.e.6517","ELEMENT":"f.8FBEE169B4A1F4A008E4BE6459EA698B.d.9CC07FB4F3C4F4173F6AFD949D1C5867.e.6517"}]}
COMMAND: GET /session/93250f96accc2e6fd098c611002cad19/screenshot - {}
RESULT: {}
RESULT: {"script":"<script> [8489 bytes]","args":[{"element-6066-11e4-a52e-4f735466cecf":"f.8FBEE169B4A1F4A008E4BE6459EA698B.d.9CC07FB4F3C4F4173F6AFD949D1C5867.e.6517","ELEMENT":"f.8FBEE169B4A1F4A008E4BE6459EA698B.d.9CC07FB4F3C4F4173F6AFD949D1C5867.e.6517"}]}
COMMAND: POST /session/93250f96accc2e6fd098c611002cad19/execute/sync - {"script":"<script> [5351 bytes]","args":[{"element-6066-11e4-a52e-4f735466cecf":"f.8FBEE169B4A1F4A008E4BE6459EA698B.d.9CC07FB4F3C4F4173F6AFD949D1C5867.e.6517","ELEMENT":"f.8FBEE169B4A1F4A008E4BE6459EA698B.d.9CC07FB4F3C4F4173F6AFD949D1C5867.e.6517"}]}
COMMAND: GET /session/93250f96accc2e6fd098c611002cad19/screenshot - {}
RESULT: {}
RESULT: {"script":"<script> [5351 bytes]","args":[{"element-6066-11e4-a52e-4f735466cecf":"f.8FBEE169B4A1F4A008E4BE6459EA698B.d.9CC07FB4F3C4F4173F6AFD949D1C5867.e.6517","ELEMENT":"f.8FBEE169B4A1F4A008E4BE6459EA698B.d.9CC07FB4F3C4F4173F6AFD949D1C5867.e.6517"}]}
COMMAND: POST /session/93250f96accc2e6fd098c611002cad19/element/f.8FBEE169B4A1F4A008E4BE6459EA698B.d.9CC07FB4F3C4F4173F6AFD949D1C5867.e.6517/click - {}
COMMAND: GET /session/93250f96accc2e6fd098c611002cad19/screenshot - {}
RESULT: {}
RESULT: {}
COMMAND: GET /session/93250f96accc2e6fd098c611002cad19/screenshot - {}
RESULT: {}
RESULT: {}
COMMAND: POST /session/93250f96accc2e6fd098c611002cad19/execute/async - {"script":"<script> [1562 bytes]","args":[{"selector":{"id":"application-manageresources-display-component---newResourceUnit--TYPE-arrow"},"wdio_ui5_key":"applicationmanageresources-display-component---newResourceUnit--TYPE-arrow"}]}
RESULT: {"script":"<script> [1562 bytes]","args":[{"selector":{"id":"application-manageresources-display-component---newResourceUnit--TYPE-arrow"},"wdio_ui5_key":"applicationmanageresources-display-component---newResourceUnit--TYPE-arrow"}]}
RESULT: undefined
COMMAND: POST /session/93250f96accc2e6fd098c611002cad19/element - {"using":"xpath","value":"//*[@id=\"application-manageresources-display-component---newResourceUnit--TYPE-arrow\"]"}
RESULT: {"using":"xpath","value":"//*[@id=\"application-manageresources-display-component---newResourceUnit--TYPE-arrow\"]"}
COMMAND: POST /session/93250f96accc2e6fd098c611002cad19/element/f.8FBEE169B4A1F4A008E4BE6459EA698B.d.9CC07FB4F3C4F4173F6AFD949D1C5867.e.6687/click - {}
RESULT: {}
COMMAND: POST /session/93250f96accc2e6fd098c611002cad19/element - {"using":"xpath","value":"//input[@id=\"application-manageresources-display-component---newResourceUnit--TYPE-inner\"]"}
COMMAND: GET /session/93250f96accc2e6fd098c611002cad19/screenshot - {}
RESULT: {"using":"xpath","value":"//input[@id=\"application-manageresources-display-component---newResourceUnit--TYPE-inner\"]"}
COMMAND: POST /session/93250f96accc2e6fd098c611002cad19/element/f.8FBEE169B4A1F4A008E4BE6459EA698B.d.9CC07FB4F3C4F4173F6AFD949D1C5867.e.6569/clear - {}
RESULT: {}
RESULT: {}
COMMAND: POST /session/93250f96accc2e6fd098c611002cad19/element/f.8FBEE169B4A1F4A008E4BE6459EA698B.d.9CC07FB4F3C4F4173F6AFD949D1C5867.e.6569/value - {"text":"Material"}
COMMAND: GET /session/93250f96accc2e6fd098c611002cad19/screenshot - {}
RESULT: {"text":"Material"}
COMMAND: GET /session/93250f96accc2e6fd098c611002cad19/screenshot - {}
RESULT: {}
RESULT: {}
COMMAND: POST /session/93250f96accc2e6fd098c611002cad19/actions - {"actions":[{"id":"action19","type":"key","parameters":{},"actions":[{"type":"keyDown","value":"î€‡"},{"type":"pause","duration":10},{"type":"keyUp","value":"î€‡"}]}]}
RESULT: {"actions":[{"id":"action19","type":"key","parameters":{},"actions":[{"type":"keyDown","value":"î€‡"},{"type":"pause","duration":10},{"type":"keyUp","value":"î€‡"}]}]}
COMMAND: POST /session/93250f96accc2e6fd098c611002cad19/execute/async - {"script":"<script> [1562 bytes]","args":[{"selector":{"id":"application-manageresources-display-component---newResourceUnit--SHORT_TEXT","interaction":{"idSuffix":"inner"}},"wdio_ui5_key":"applicationmanageresources-display-component---newResourceUnit--SHORT_TEXT"}]}
COMMAND: GET /session/93250f96accc2e6fd098c611002cad19/screenshot - {}
RESULT: {"script":"<script> [1562 bytes]","args":[{"selector":{"id":"application-manageresources-display-component---newResourceUnit--SHORT_TEXT","interaction":{"idSuffix":"inner"}},"wdio_ui5_key":"applicationmanageresources-display-component---newResourceUnit--SHORT_TEXT"}]}
RESULT: undefined
COMMAND: POST /session/93250f96accc2e6fd098c611002cad19/execute/async - {"script":"<script> [776 bytes]","args":[{"enterText":"Cement WDIO","selector":{"id":"application-manageresources-display-component---newResourceUnit--SHORT_TEXT","interaction":{"idSuffix":"inner"}},"clearTextFirst":true,"interactionType":"ENTER_TEXT"}]}
RESULT: {}
RESULT: {"script":"<script> [776 bytes]","args":[{"enterText":"Cement WDIO","selector":{"id":"application-manageresources-display-component---newResourceUnit--SHORT_TEXT","interaction":{"idSuffix":"inner"}},"clearTextFirst":true,"interactionType":"ENTER_TEXT"}]}
COMMAND: POST /session/93250f96accc2e6fd098c611002cad19/execute/async - {"script":"<script> [1562 bytes]","args":[{"selector":{"id":"application-manageresources-display-component---newResourceUnit--BASE_UNIT_OF_MEASURE","interaction":{"idSuffix":"inner"}},"wdio_ui5_key":"applicationmanageresources-display-component---newResourceUnit--BASE_UNIT_OF_MEASURE"}]}
RESULT: {"script":"<script> [1562 bytes]","args":[{"selector":{"id":"application-manageresources-display-component---newResourceUnit--BASE_UNIT_OF_MEASURE","interaction":{"idSuffix":"inner"}},"wdio_ui5_key":"applicationmanageresources-display-component---newResourceUnit--BASE_UNIT_OF_MEASURE"}]}
RESULT: undefined
COMMAND: POST /session/93250f96accc2e6fd098c611002cad19/execute/async - {"script":"<script> [776 bytes]","args":[{"enterText":"Piece","selector":{"id":"application-manageresources-display-component---newResourceUnit--BASE_UNIT_OF_MEASURE","interaction":{"idSuffix":"inner"}},"clearTextFirst":true,"interactionType":"ENTER_TEXT"}]}
RESULT: {"script":"<script> [776 bytes]","args":[{"enterText":"Piece","selector":{"id":"application-manageresources-display-component---newResourceUnit--BASE_UNIT_OF_MEASURE","interaction":{"idSuffix":"inner"}},"clearTextFirst":true,"interactionType":"ENTER_TEXT"}]}
COMMAND: POST /session/93250f96accc2e6fd098c611002cad19/execute/async - {"script":"<script> [1562 bytes]","args":[{"selector":{"id":"application-manageresources-display-component---newResourceUnit--WEIGHT_UNIT","interaction":{"idSuffix":"inner"}},"wdio_ui5_key":"applicationmanageresources-display-component---newResourceUnit--WEIGHT_UNIT"}]}
RESULT: {"script":"<script> [1562 bytes]","args":[{"selector":{"id":"application-manageresources-display-component---newResourceUnit--WEIGHT_UNIT","interaction":{"idSuffix":"inner"}},"wdio_ui5_key":"applicationmanageresources-display-component---newResourceUnit--WEIGHT_UNIT"}]}
RESULT: undefined
COMMAND: POST /session/93250f96accc2e6fd098c611002cad19/execute/async - {"script":"<script> [776 bytes]","args":[{"enterText":"Gram","selector":{"id":"application-manageresources-display-component---newResourceUnit--WEIGHT_UNIT","interaction":{"idSuffix":"inner"}},"clearTextFirst":true,"interactionType":"ENTER_TEXT"}]}
RESULT: {"script":"<script> [776 bytes]","args":[{"enterText":"Gram","selector":{"id":"application-manageresources-display-component---newResourceUnit--WEIGHT_UNIT","interaction":{"idSuffix":"inner"}},"clearTextFirst":true,"interactionType":"ENTER_TEXT"}]}
COMMAND: POST /session/93250f96accc2e6fd098c611002cad19/execute/async - {"script":"<script> [1562 bytes]","args":[{"selector":{"id":"application-manageresources-display-component---newResourceUnit--DIMENSION_UNIT","interaction":{"idSuffix":"inner"}},"wdio_ui5_key":"applicationmanageresources-display-component---newResourceUnit--DIMENSION_UNIT"}]}
RESULT: {"script":"<script> [1562 bytes]","args":[{"selector":{"id":"application-manageresources-display-component---newResourceUnit--DIMENSION_UNIT","interaction":{"idSuffix":"inner"}},"wdio_ui5_key":"applicationmanageresources-display-component---newResourceUnit--DIMENSION_UNIT"}]}
RESULT: undefined
COMMAND: POST /session/93250f96accc2e6fd098c611002cad19/execute/async - {"script":"<script> [776 bytes]","args":[{"enterText":"Meter","selector":{"id":"application-manageresources-display-component---newResourceUnit--DIMENSION_UNIT","interaction":{"idSuffix":"inner"}},"clearTextFirst":true,"interactionType":"ENTER_TEXT"}]}
RESULT: {"script":"<script> [776 bytes]","args":[{"enterText":"Meter","selector":{"id":"application-manageresources-display-component---newResourceUnit--DIMENSION_UNIT","interaction":{"idSuffix":"inner"}},"clearTextFirst":true,"interactionType":"ENTER_TEXT"}]}
COMMAND: POST /session/93250f96accc2e6fd098c611002cad19/execute/async - {"script":"<script> [1562 bytes]","args":[{"selector":{"id":"application-manageresources-display-component---newResourceUnit--newRRUPage-anchBar-application-manageresources-display-component---newResourceUnit--control-anchor","interaction":{"idSuffix":"BDI-content"}},"wdio_ui5_key":"applicationmanageresources-display-component---newResourceUnit--newRRUPage-anchBar-application-manageresources-display-component---newResourceUnit--control-anchor"}]}
RESULT: {"script":"<script> [1562 bytes]","args":[{"selector":{"id":"application-manageresources-display-component---newResourceUnit--newRRUPage-anchBar-application-manageresources-display-component---newResourceUnit--control-anchor","interaction":{"idSuffix":"BDI-content"}},"wdio_ui5_key":"applicationmanageresources-display-component---newResourceUnit--newRRUPage-anchBar-application-manageresources-display-component---newResourceUnit--control-anchor"}]}
RESULT: undefined
COMMAND: POST /session/93250f96accc2e6fd098c611002cad19/element - {"using":"xpath","value":"//*[@id=\"application-manageresources-display-component---newResourceUnit--newRRUPage-anchBar-application-manageresources-display-component---newResourceUnit--control-anchor\"]"}
RESULT: {"using":"xpath","value":"//*[@id=\"application-manageresources-display-component---newResourceUnit--newRRUPage-anchBar-application-manageresources-display-component---newResourceUnit--control-anchor\"]"}
COMMAND: POST /session/93250f96accc2e6fd098c611002cad19/element/f.8FBEE169B4A1F4A008E4BE6459EA698B.d.9CC07FB4F3C4F4173F6AFD949D1C5867.e.6820/click - {}
RESULT: {}
COMMAND: POST /session/93250f96accc2e6fd098c611002cad19/execute/async - {"script":"<script> [1562 bytes]","args":[{"selector":{"id":"application-manageresources-display-component---newResourceUnit--PLANNING_GROUP","interaction":{"idSuffix":"inner"}},"wdio_ui5_key":"applicationmanageresources-display-component---newResourceUnit--PLANNING_GROUP"}]}
COMMAND: GET /session/93250f96accc2e6fd098c611002cad19/screenshot - {}
RESULT: {"script":"<script> [1562 bytes]","args":[{"selector":{"id":"application-manageresources-display-component---newResourceUnit--PLANNING_GROUP","interaction":{"idSuffix":"inner"}},"wdio_ui5_key":"applicationmanageresources-display-component---newResourceUnit--PLANNING_GROUP"}]}
RESULT: undefined
COMMAND: POST /session/93250f96accc2e6fd098c611002cad19/execute/async - {"script":"<script> [776 bytes]","args":[{"enterText":"Material","selector":{"id":"application-manageresources-display-component---newResourceUnit--PLANNING_GROUP","interaction":{"idSuffix":"inner"}},"clearTextFirst":true,"interactionType":"ENTER_TEXT"}]}
RESULT: {}
RESULT: {"script":"<script> [776 bytes]","args":[{"enterText":"Material","selector":{"id":"application-manageresources-display-component---newResourceUnit--PLANNING_GROUP","interaction":{"idSuffix":"inner"}},"clearTextFirst":true,"interactionType":"ENTER_TEXT"}]}
COMMAND: POST /session/93250f96accc2e6fd098c611002cad19/execute/async - {"script":"<script> [1562 bytes]","args":[{"selector":{"id":"application-manageresources-display-component---newResourceUnit--PLANNING_INDICATOR","interaction":{"idSuffix":"inner"}},"wdio_ui5_key":"applicationmanageresources-display-component---newResourceUnit--PLANNING_INDICATOR"}]}
RESULT: {"script":"<script> [1562 bytes]","args":[{"selector":{"id":"application-manageresources-display-component---newResourceUnit--PLANNING_INDICATOR","interaction":{"idSuffix":"inner"}},"wdio_ui5_key":"applicationmanageresources-display-component---newResourceUnit--PLANNING_INDICATOR"}]}
RESULT: undefined
COMMAND: POST /session/93250f96accc2e6fd098c611002cad19/execute/async - {"script":"<script> [776 bytes]","args":[{"enterText":"10 - infinite","selector":{"id":"application-manageresources-display-component---newResourceUnit--PLANNING_INDICATOR","interaction":{"idSuffix":"inner"}},"clearTextFirst":true,"interactionType":"ENTER_TEXT"}]}
RESULT: {"script":"<script> [776 bytes]","args":[{"enterText":"10 - infinite","selector":{"id":"application-manageresources-display-component---newResourceUnit--PLANNING_INDICATOR","interaction":{"idSuffix":"inner"}},"clearTextFirst":true,"interactionType":"ENTER_TEXT"}]}
COMMAND: POST /session/93250f96accc2e6fd098c611002cad19/element - {"using":"css selector","value":"#application-manageresources-display-component---newResourceUnit--btnAddTimeSegment"}
RESULT: {"using":"css selector","value":"#application-manageresources-display-component---newResourceUnit--btnAddTimeSegment"}
COMMAND: GET /session/93250f96accc2e6fd098c611002cad19/element/f.8FBEE169B4A1F4A008E4BE6459EA698B.d.9CC07FB4F3C4F4173F6AFD949D1C5867.e.6828/rect - {}
RESULT: {}
COMMAND: GET /session/93250f96accc2e6fd098c611002cad19/window/rect - {}
RESULT: {}
COMMAND: POST /session/93250f96accc2e6fd098c611002cad19/execute/sync - {"script":"<script> [92 bytes]","args":[]}
RESULT: {"script":"<script> [92 bytes]","args":[]}
COMMAND: POST /session/93250f96accc2e6fd098c611002cad19/actions - {"actions":[{"id":"action20","type":"wheel","parameters":{},"actions":[{"type":"scroll","x":-1888,"y":-32,"deltaX":0,"deltaY":0,"duration":0,"origin":{"element-6066-11e4-a52e-4f735466cecf":"f.8FBEE169B4A1F4A008E4BE6459EA698B.d.9CC07FB4F3C4F4173F6AFD949D1C5867.e.6828"}}]}]}
COMMAND: GET /session/93250f96accc2e6fd098c611002cad19/screenshot - {}
RESULT: {}
COMMAND: POST /session/93250f96accc2e6fd098c611002cad19/execute/sync - {"script":"<script> [79 bytes]","args":[{"element-6066-11e4-a52e-4f735466cecf":"f.8FBEE169B4A1F4A008E4BE6459EA698B.d.9CC07FB4F3C4F4173F6AFD949D1C5867.e.6828","ELEMENT":"f.8FBEE169B4A1F4A008E4BE6459EA698B.d.9CC07FB4F3C4F4173F6AFD949D1C5867.e.6828"},{"block":"start","inline":"nearest"}]}
RESULT: {"script":"<script> [79 bytes]","args":[{"element-6066-11e4-a52e-4f735466cecf":"f.8FBEE169B4A1F4A008E4BE6459EA698B.d.9CC07FB4F3C4F4173F6AFD949D1C5867.e.6828","ELEMENT":"f.8FBEE169B4A1F4A008E4BE6459EA698B.d.9CC07FB4F3C4F4173F6AFD949D1C5867.e.6828"},{"block":"start","inline":"nearest"}]}
COMMAND: POST /session/93250f96accc2e6fd098c611002cad19/execute/async - {"script":"<script> [1562 bytes]","args":[{"selector":{"id":"application-manageresources-display-component---newResourceUnit--btnAddTimeSegment","interaction":{"idSuffix":"inner"}},"wdio_ui5_key":"applicationmanageresources-display-component---newResourceUnit--btnAddTimeSegment"}]}
COMMAND: GET /session/93250f96accc2e6fd098c611002cad19/screenshot - {}
RESULT: {"script":"<script> [1562 bytes]","args":[{"selector":{"id":"application-manageresources-display-component---newResourceUnit--btnAddTimeSegment","interaction":{"idSuffix":"inner"}},"wdio_ui5_key":"applicationmanageresources-display-component---newResourceUnit--btnAddTimeSegment"}]}
RESULT: undefined
COMMAND: POST /session/93250f96accc2e6fd098c611002cad19/element - {"using":"xpath","value":"//*[@id=\"application-manageresources-display-component---newResourceUnit--btnAddTimeSegment\"]"}
RESULT: {}
RESULT: {"using":"xpath","value":"//*[@id=\"application-manageresources-display-component---newResourceUnit--btnAddTimeSegment\"]"}
COMMAND: POST /session/93250f96accc2e6fd098c611002cad19/element/f.8FBEE169B4A1F4A008E4BE6459EA698B.d.9CC07FB4F3C4F4173F6AFD949D1C5867.e.6828/click - {}
RESULT: {}
COMMAND: GET /session/93250f96accc2e6fd098c611002cad19/screenshot - {}
RESULT: {}
COMMAND: POST /session/93250f96accc2e6fd098c611002cad19/element - {"using":"xpath","value":"//input[@id=\"application-manageresources-display-component---newResourceUnit--idRuTSAdmin-application-manageresources-display-component---newResourceUnit--RUTimeSegment-0-inner\"]"}
RESULT: {"using":"xpath","value":"//input[@id=\"application-manageresources-display-component---newResourceUnit--idRuTSAdmin-application-manageresources-display-component---newResourceUnit--RUTimeSegment-0-inner\"]"}
COMMAND: POST /session/93250f96accc2e6fd098c611002cad19/element/f.8FBEE169B4A1F4A008E4BE6459EA698B.d.9CC07FB4F3C4F4173F6AFD949D1C5867.e.6833/clear - {}
RESULT: {}
COMMAND: POST /session/93250f96accc2e6fd098c611002cad19/element/f.8FBEE169B4A1F4A008E4BE6459EA698B.d.9CC07FB4F3C4F4173F6AFD949D1C5867.e.6833/value - {"text":"629"}
COMMAND: GET /session/93250f96accc2e6fd098c611002cad19/screenshot - {}
RESULT: {"text":"629"}
COMMAND: GET /session/93250f96accc2e6fd098c611002cad19/screenshot - {}
RESULT: {}
RESULT: {}
COMMAND: POST /session/93250f96accc2e6fd098c611002cad19/element - {"using":"xpath","value":"//li[.//span[text()='629']]"}
RESULT: {"using":"xpath","value":"//li[.//span[text()='629']]"}
COMMAND: POST /session/93250f96accc2e6fd098c611002cad19/element/f.8FBEE169B4A1F4A008E4BE6459EA698B.d.9CC07FB4F3C4F4173F6AFD949D1C5867.e.6845/click - {}
RESULT: {}
COMMAND: GET /session/93250f96accc2e6fd098c611002cad19/screenshot - {}
RESULT: {}
COMMAND: POST /session/93250f96accc2e6fd098c611002cad19/element - {"using":"xpath","value":"(//span[contains(@id, \"-application-manageresources-display-component---newResourceUnit--RUTimeSegment-0-arrow\")])[2]"}
RESULT: {"using":"xpath","value":"(//span[contains(@id, \"-application-manageresources-display-component---newResourceUnit--RUTimeSegment-0-arrow\")])[2]"}
COMMAND: POST /session/93250f96accc2e6fd098c611002cad19/element/f.8FBEE169B4A1F4A008E4BE6459EA698B.d.9CC07FB4F3C4F4173F6AFD949D1C5867.e.6846/click - {}
RESULT: {}
COMMAND: POST /session/93250f96accc2e6fd098c611002cad19/element - {"using":"xpath","value":"//span[contains(text(), \"PM Order\")]"}
COMMAND: GET /session/93250f96accc2e6fd098c611002cad19/screenshot - {}
RESULT: {"using":"xpath","value":"//span[contains(text(), \"PM Order\")]"}
COMMAND: POST /session/93250f96accc2e6fd098c611002cad19/element/f.8FBEE169B4A1F4A008E4BE6459EA698B.d.9CC07FB4F3C4F4173F6AFD949D1C5867.e.6847/click - {}
RESULT: {}
RESULT: {}
COMMAND: GET /session/93250f96accc2e6fd098c611002cad19/screenshot - {}
RESULT: {}
COMMAND: POST /session/93250f96accc2e6fd098c611002cad19/element - {"using":"xpath","value":"//td/div/div/div/span[contains(@id, \"newResourceUnit--RUTimeSegment-0-vhi\")][1]"}
RESULT: {"using":"xpath","value":"//td/div/div/div/span[contains(@id, \"newResourceUnit--RUTimeSegment-0-vhi\")][1]"}
COMMAND: GET /session/93250f96accc2e6fd098c611002cad19/element/f.8FBEE169B4A1F4A008E4BE6459EA698B.d.9CC07FB4F3C4F4173F6AFD949D1C5867.e.6851/rect - {}
RESULT: {}
COMMAND: GET /session/93250f96accc2e6fd098c611002cad19/window/rect - {}
RESULT: {}
COMMAND: POST /session/93250f96accc2e6fd098c611002cad19/execute/sync - {"script":"<script> [92 bytes]","args":[]}
RESULT: {"script":"<script> [92 bytes]","args":[]}
COMMAND: POST /session/93250f96accc2e6fd098c611002cad19/actions - {"actions":[{"id":"action21","type":"wheel","parameters":{},"actions":[{"type":"scroll","x":-1888,"y":-24,"deltaX":0,"deltaY":0,"duration":0,"origin":{"element-6066-11e4-a52e-4f735466cecf":"f.8FBEE169B4A1F4A008E4BE6459EA698B.d.9CC07FB4F3C4F4173F6AFD949D1C5867.e.6851"}}]}]}
COMMAND: GET /session/93250f96accc2e6fd098c611002cad19/screenshot - {}
RESULT: {}
COMMAND: POST /session/93250f96accc2e6fd098c611002cad19/execute/sync - {"script":"<script> [79 bytes]","args":[{"element-6066-11e4-a52e-4f735466cecf":"f.8FBEE169B4A1F4A008E4BE6459EA698B.d.9CC07FB4F3C4F4173F6AFD949D1C5867.e.6851","ELEMENT":"f.8FBEE169B4A1F4A008E4BE6459EA698B.d.9CC07FB4F3C4F4173F6AFD949D1C5867.e.6851"},{"block":"start","inline":"nearest"}]}
RESULT: {"script":"<script> [79 bytes]","args":[{"element-6066-11e4-a52e-4f735466cecf":"f.8FBEE169B4A1F4A008E4BE6459EA698B.d.9CC07FB4F3C4F4173F6AFD949D1C5867.e.6851","ELEMENT":"f.8FBEE169B4A1F4A008E4BE6459EA698B.d.9CC07FB4F3C4F4173F6AFD949D1C5867.e.6851"},{"block":"start","inline":"nearest"}]}
COMMAND: GET /session/93250f96accc2e6fd098c611002cad19/screenshot - {}
RESULT: {}
COMMAND: POST /session/93250f96accc2e6fd098c611002cad19/element/f.8FBEE169B4A1F4A008E4BE6459EA698B.d.9CC07FB4F3C4F4173F6AFD949D1C5867.e.6851/click - {}
RESULT: {}
COMMAND: GET /session/93250f96accc2e6fd098c611002cad19/screenshot - {}
RESULT: {}
COMMAND: POST /session/93250f96accc2e6fd098c611002cad19/execute/async - {"script":"<script> [1562 bytes]","args":[{"selector":{"controlType":"sap.m.SearchField","properties":{"placeholder":"Search"},"searchOpenDialogs":true,"interaction":{"idSuffix":"I"}},"wdio_ui5_key":"sapm.SearchField{\"placeholder\":\"Search\"}"}]}
RESULT: {"script":"<script> [1562 bytes]","args":[{"selector":{"controlType":"sap.m.SearchField","properties":{"placeholder":"Search"},"searchOpenDialogs":true,"interaction":{"idSuffix":"I"}},"wdio_ui5_key":"sapm.SearchField{\"placeholder\":\"Search\"}"}]}
RESULT: undefined
COMMAND: POST /session/93250f96accc2e6fd098c611002cad19/execute/async - {"script":"<script> [776 bytes]","args":[{"enterText":"4000360","selector":{"controlType":"sap.m.SearchField","properties":{"placeholder":"Search"},"searchOpenDialogs":true,"interaction":{"idSuffix":"I"}},"clearTextFirst":true,"interactionType":"ENTER_TEXT"}]}
RESULT: {"script":"<script> [776 bytes]","args":[{"enterText":"4000360","selector":{"controlType":"sap.m.SearchField","properties":{"placeholder":"Search"},"searchOpenDialogs":true,"interaction":{"idSuffix":"I"}},"clearTextFirst":true,"interactionType":"ENTER_TEXT"}]}
COMMAND: POST /session/93250f96accc2e6fd098c611002cad19/actions - {"actions":[{"id":"action22","type":"key","parameters":{},"actions":[{"type":"keyDown","value":"î€‡"},{"type":"pause","duration":10},{"type":"keyUp","value":"î€‡"}]}]}
RESULT: {"actions":[{"id":"action22","type":"key","parameters":{},"actions":[{"type":"keyDown","value":"î€‡"},{"type":"pause","duration":10},{"type":"keyUp","value":"î€‡"}]}]}
COMMAND: GET /session/93250f96accc2e6fd098c611002cad19/screenshot - {}
RESULT: {}
COMMAND: POST /session/93250f96accc2e6fd098c611002cad19/element - {"using":"xpath","value":"//td/div/span[contains(text(), \"BGL Vehicles\")]"}
RESULT: {"using":"xpath","value":"//td/div/span[contains(text(), \"BGL Vehicles\")]"}
COMMAND: POST /session/93250f96accc2e6fd098c611002cad19/element/f.8FBEE169B4A1F4A008E4BE6459EA698B.d.9CC07FB4F3C4F4173F6AFD949D1C5867.e.6872/click - {}
RESULT: {}
COMMAND: GET /session/93250f96accc2e6fd098c611002cad19/screenshot - {}
RESULT: {}
COMMAND: POST /session/93250f96accc2e6fd098c611002cad19/element - {"using":"xpath","value":"//bdi[contains(text(), \"OK\")]"}
RESULT: {"using":"xpath","value":"//bdi[contains(text(), \"OK\")]"}
COMMAND: POST /session/93250f96accc2e6fd098c611002cad19/element/f.8FBEE169B4A1F4A008E4BE6459EA698B.d.9CC07FB4F3C4F4173F6AFD949D1C5867.e.6873/click - {}
RESULT: {}
COMMAND: GET /session/93250f96accc2e6fd098c611002cad19/screenshot - {}
RESULT: {}
COMMAND: POST /session/93250f96accc2e6fd098c611002cad19/element - {"using":"xpath","value":"//label[contains(@class, 'sapMLabelRequired') and .//bdi[contains(text(), 'Planned Retirement')]]"}
RESULT: {"using":"xpath","value":"//label[contains(@class, 'sapMLabelRequired') and .//bdi[contains(text(), 'Planned Retirement')]]"}
COMMAND: POST /session/93250f96accc2e6fd098c611002cad19/elements - {"using":"xpath","value":"//label[contains(@class, 'sapMLabelRequired') and .//bdi[contains(text(), 'Planned Retirement')]]"}
RESULT: {"using":"xpath","value":"//label[contains(@class, 'sapMLabelRequired') and .//bdi[contains(text(), 'Planned Retirement')]]"}
COMMAND: POST /session/93250f96accc2e6fd098c611002cad19/element - {"using":"xpath","value":"//button[@data-kt=\"resourceUnitSaveButton\"]"}
RESULT: {"using":"xpath","value":"//button[@data-kt=\"resourceUnitSaveButton\"]"}
COMMAND: POST /session/93250f96accc2e6fd098c611002cad19/element/f.8FBEE169B4A1F4A008E4BE6459EA698B.d.9CC07FB4F3C4F4173F6AFD949D1C5867.e.6706/click - {}
RESULT: {}
COMMAND: GET /session/93250f96accc2e6fd098c611002cad19/screenshot - {}
RESULT: {}
COMMAND: POST /session/93250f96accc2e6fd098c611002cad19/element - {"using":"xpath","value":"//bdi[contains(text(), \"Close\")]"}
RESULT: {"using":"xpath","value":"//bdi[contains(text(), \"Close\")]"}
COMMAND: POST /session/93250f96accc2e6fd098c611002cad19/element/f.8FBEE169B4A1F4A008E4BE6459EA698B.d.9CC07FB4F3C4F4173F6AFD949D1C5867.e.6880/click - {}
RESULT: {}
COMMAND: GET /session/93250f96accc2e6fd098c611002cad19/screenshot - {}
RESULT: {}
COMMAND: POST /session/93250f96accc2e6fd098c611002cad19/element - {"using":"xpath","value":"//header[contains(@id, 'detailRruPage-headerTitle')]/div[1]/div[2]/div[2]/span[1]"}
RESULT: {"using":"xpath","value":"//header[contains(@id, 'detailRruPage-headerTitle')]/div[1]/div[2]/div[2]/span[1]"}
COMMAND: POST /session/93250f96accc2e6fd098c611002cad19/elements - {"using":"xpath","value":"//header[contains(@id, 'detailRruPage-headerTitle')]/div[1]/div[2]/div[2]/span[1]"}
RESULT: {"using":"xpath","value":"//header[contains(@id, 'detailRruPage-headerTitle')]/div[1]/div[2]/div[2]/span[1]"}
COMMAND: POST /session/93250f96accc2e6fd098c611002cad19/execute/sync - {"script":"<script> [56 bytes]","args":[{"element-6066-11e4-a52e-4f735466cecf":"f.8FBEE169B4A1F4A008E4BE6459EA698B.d.9CC07FB4F3C4F4173F6AFD949D1C5867.e.6915","ELEMENT":"f.8FBEE169B4A1F4A008E4BE6459EA698B.d.9CC07FB4F3C4F4173F6AFD949D1C5867.e.6915"}]}
RESULT: {"script":"<script> [56 bytes]","args":[{"element-6066-11e4-a52e-4f735466cecf":"f.8FBEE169B4A1F4A008E4BE6459EA698B.d.9CC07FB4F3C4F4173F6AFD949D1C5867.e.6915","ELEMENT":"f.8FBEE169B4A1F4A008E4BE6459EA698B.d.9CC07FB4F3C4F4173F6AFD949D1C5867.e.6915"}]}
]]></system-out>
    </testcase>
    <testcase classname="chrome.136_0_7103_93.windows.US134625_Set_up_price_condition_-_one_time" name="Should create new pricing rule one time" time="63.783">
      <system-out><![CDATA[
COMMAND: POST /session/93250f96accc2e6fd098c611002cad19/element - {"using":"xpath","value":"(//button[contains(@id ,\"actionsToolbar-overflowButton\")])[1]"}
COMMAND: GET /session/93250f96accc2e6fd098c611002cad19/screenshot - {}
RESULT: {"using":"xpath","value":"(//button[contains(@id ,\"actionsToolbar-overflowButton\")])[1]"}
COMMAND: POST /session/93250f96accc2e6fd098c611002cad19/element/f.8FBEE169B4A1F4A008E4BE6459EA698B.d.9CC07FB4F3C4F4173F6AFD949D1C5867.e.6916/click - {}
RESULT: {}
RESULT: {}
COMMAND: GET /session/93250f96accc2e6fd098c611002cad19/screenshot - {}
RESULT: {}
COMMAND: POST /session/93250f96accc2e6fd098c611002cad19/element - {"using":"xpath","value":"//button[@data-kt=\"priceInfoButton\"]"}
RESULT: {"using":"xpath","value":"//button[@data-kt=\"priceInfoButton\"]"}
COMMAND: POST /session/93250f96accc2e6fd098c611002cad19/element/f.8FBEE169B4A1F4A008E4BE6459EA698B.d.9CC07FB4F3C4F4173F6AFD949D1C5867.e.6918/click - {}
RESULT: {}
COMMAND: GET /session/93250f96accc2e6fd098c611002cad19/screenshot - {}
COMMAND: POST /session/93250f96accc2e6fd098c611002cad19/element - {"using":"xpath","value":"//button[@data-kt=\"addButton\"]"}
RESULT: {}
RESULT: {"using":"xpath","value":"//button[@data-kt=\"addButton\"]"}
COMMAND: POST /session/93250f96accc2e6fd098c611002cad19/elements - {"using":"xpath","value":"//button[@data-kt=\"addButton\"]"}
RESULT: {"using":"xpath","value":"//button[@data-kt=\"addButton\"]"}
COMMAND: POST /session/93250f96accc2e6fd098c611002cad19/execute/sync - {"script":"<script> [8489 bytes]","args":[{"element-6066-11e4-a52e-4f735466cecf":"f.8FBEE169B4A1F4A008E4BE6459EA698B.d.9CC07FB4F3C4F4173F6AFD949D1C5867.e.6954","ELEMENT":"f.8FBEE169B4A1F4A008E4BE6459EA698B.d.9CC07FB4F3C4F4173F6AFD949D1C5867.e.6954"}]}
RESULT: {"script":"<script> [8489 bytes]","args":[{"element-6066-11e4-a52e-4f735466cecf":"f.8FBEE169B4A1F4A008E4BE6459EA698B.d.9CC07FB4F3C4F4173F6AFD949D1C5867.e.6954","ELEMENT":"f.8FBEE169B4A1F4A008E4BE6459EA698B.d.9CC07FB4F3C4F4173F6AFD949D1C5867.e.6954"}]}
COMMAND: GET /session/93250f96accc2e6fd098c611002cad19/element/f.8FBEE169B4A1F4A008E4BE6459EA698B.d.9CC07FB4F3C4F4173F6AFD949D1C5867.e.6954/enabled - {}
COMMAND: GET /session/93250f96accc2e6fd098c611002cad19/screenshot - {}
RESULT: {}
COMMAND: POST /session/93250f96accc2e6fd098c611002cad19/execute/sync - {"script":"<script> [8489 bytes]","args":[{"element-6066-11e4-a52e-4f735466cecf":"f.8FBEE169B4A1F4A008E4BE6459EA698B.d.9CC07FB4F3C4F4173F6AFD949D1C5867.e.6954","ELEMENT":"f.8FBEE169B4A1F4A008E4BE6459EA698B.d.9CC07FB4F3C4F4173F6AFD949D1C5867.e.6954"}]}
COMMAND: GET /session/93250f96accc2e6fd098c611002cad19/screenshot - {}
RESULT: {}
RESULT: {"script":"<script> [8489 bytes]","args":[{"element-6066-11e4-a52e-4f735466cecf":"f.8FBEE169B4A1F4A008E4BE6459EA698B.d.9CC07FB4F3C4F4173F6AFD949D1C5867.e.6954","ELEMENT":"f.8FBEE169B4A1F4A008E4BE6459EA698B.d.9CC07FB4F3C4F4173F6AFD949D1C5867.e.6954"}]}
COMMAND: POST /session/93250f96accc2e6fd098c611002cad19/execute/sync - {"script":"<script> [5351 bytes]","args":[{"element-6066-11e4-a52e-4f735466cecf":"f.8FBEE169B4A1F4A008E4BE6459EA698B.d.9CC07FB4F3C4F4173F6AFD949D1C5867.e.6954","ELEMENT":"f.8FBEE169B4A1F4A008E4BE6459EA698B.d.9CC07FB4F3C4F4173F6AFD949D1C5867.e.6954"}]}
COMMAND: GET /session/93250f96accc2e6fd098c611002cad19/screenshot - {}
RESULT: {}
RESULT: {"script":"<script> [5351 bytes]","args":[{"element-6066-11e4-a52e-4f735466cecf":"f.8FBEE169B4A1F4A008E4BE6459EA698B.d.9CC07FB4F3C4F4173F6AFD949D1C5867.e.6954","ELEMENT":"f.8FBEE169B4A1F4A008E4BE6459EA698B.d.9CC07FB4F3C4F4173F6AFD949D1C5867.e.6954"}]}
COMMAND: POST /session/93250f96accc2e6fd098c611002cad19/element/f.8FBEE169B4A1F4A008E4BE6459EA698B.d.9CC07FB4F3C4F4173F6AFD949D1C5867.e.6954/click - {}
COMMAND: GET /session/93250f96accc2e6fd098c611002cad19/screenshot - {}
RESULT: {}
RESULT: {}
COMMAND: GET /session/93250f96accc2e6fd098c611002cad19/screenshot - {}
RESULT: {}
RESULT: {}
COMMAND: POST /session/93250f96accc2e6fd098c611002cad19/execute/async - {"script":"<script> [1562 bytes]","args":[{"selector":{"controlType":"sap.m.Title","viewName":"etm.portal.ui.managepricingrules.view.NewItem","viewId":"application-managepricingrules-display-component---newInfoPriceItem","properties":{"text":"New Pricing Rules - Item Level"}},"wdio_ui5_key":"etmportal.ui.managepricingrules.view.NewItemsap.m.Title{\"text\":\"New Pricing Rules - Item Level\"}"}]}
RESULT: {"script":"<script> [1562 bytes]","args":[{"selector":{"controlType":"sap.m.Title","viewName":"etm.portal.ui.managepricingrules.view.NewItem","viewId":"application-managepricingrules-display-component---newInfoPriceItem","properties":{"text":"New Pricing Rules - Item Level"}},"wdio_ui5_key":"etmportal.ui.managepricingrules.view.NewItemsap.m.Title{\"text\":\"New Pricing Rules - Item Level\"}"}]}
RESULT: undefined
COMMAND: POST /session/93250f96accc2e6fd098c611002cad19/execute/async - {"script":"<script> [6424 bytes]","args":[{"element-6066-11e4-a52e-4f735466cecf":"f.8FBEE169B4A1F4A008E4BE6459EA698B.d.9CC07FB4F3C4F4173F6AFD949D1C5867.e.7037"},"getText",[]]}
RESULT: {"script":"<script> [6424 bytes]","args":[{"element-6066-11e4-a52e-4f735466cecf":"f.8FBEE169B4A1F4A008E4BE6459EA698B.d.9CC07FB4F3C4F4173F6AFD949D1C5867.e.7037"},"getText",[]]}
COMMAND: POST /session/93250f96accc2e6fd098c611002cad19/execute/async - {"script":"<script> [1562 bytes]","args":[{"selector":{"id":"application-managepricingrules-display-component---newInfoPriceItem--condValidTo","interaction":{"idSuffix":"inner"}},"wdio_ui5_key":"applicationmanagepricingrules-display-component---newInfoPriceItem--condValidTo"}]}
RESULT: {"script":"<script> [1562 bytes]","args":[{"selector":{"id":"application-managepricingrules-display-component---newInfoPriceItem--condValidTo","interaction":{"idSuffix":"inner"}},"wdio_ui5_key":"applicationmanagepricingrules-display-component---newInfoPriceItem--condValidTo"}]}
RESULT: undefined
COMMAND: POST /session/93250f96accc2e6fd098c611002cad19/execute/async - {"script":"<script> [776 bytes]","args":[{"enterText":"2/4/26","selector":{"id":"application-managepricingrules-display-component---newInfoPriceItem--condValidTo","interaction":{"idSuffix":"inner"}},"clearTextFirst":true,"interactionType":"ENTER_TEXT"}]}
RESULT: {"script":"<script> [776 bytes]","args":[{"enterText":"2/4/26","selector":{"id":"application-managepricingrules-display-component---newInfoPriceItem--condValidTo","interaction":{"idSuffix":"inner"}},"clearTextFirst":true,"interactionType":"ENTER_TEXT"}]}
COMMAND: POST /session/93250f96accc2e6fd098c611002cad19/execute/async - {"script":"<script> [1562 bytes]","args":[{"selector":{"id":"application-managepricingrules-display-component---newInfoPriceItem--billType-arrow"},"wdio_ui5_key":"applicationmanagepricingrules-display-component---newInfoPriceItem--billType-arrow"}]}
RESULT: {"script":"<script> [1562 bytes]","args":[{"selector":{"id":"application-managepricingrules-display-component---newInfoPriceItem--billType-arrow"},"wdio_ui5_key":"applicationmanagepricingrules-display-component---newInfoPriceItem--billType-arrow"}]}
RESULT: undefined
COMMAND: POST /session/93250f96accc2e6fd098c611002cad19/element - {"using":"xpath","value":"//*[@id=\"application-managepricingrules-display-component---newInfoPriceItem--billType-arrow\"]"}
RESULT: {"using":"xpath","value":"//*[@id=\"application-managepricingrules-display-component---newInfoPriceItem--billType-arrow\"]"}
COMMAND: POST /session/93250f96accc2e6fd098c611002cad19/element/f.8FBEE169B4A1F4A008E4BE6459EA698B.d.9CC07FB4F3C4F4173F6AFD949D1C5867.e.7039/click - {}
RESULT: {}
COMMAND: POST /session/93250f96accc2e6fd098c611002cad19/element - {"using":"xpath","value":"//span[contains(text(), \"OT - Sales (one-time)\")]"}
COMMAND: GET /session/93250f96accc2e6fd098c611002cad19/screenshot - {}
RESULT: {"using":"xpath","value":"//span[contains(text(), \"OT - Sales (one-time)\")]"}
COMMAND: POST /session/93250f96accc2e6fd098c611002cad19/element/f.8FBEE169B4A1F4A008E4BE6459EA698B.d.9CC07FB4F3C4F4173F6AFD949D1C5867.e.7040/click - {}
RESULT: {}
RESULT: {}
COMMAND: POST /session/93250f96accc2e6fd098c611002cad19/execute/async - {"script":"<script> [1562 bytes]","args":[{"selector":{"id":"application-managepricingrules-display-component---newInfoPriceItem--priceProc-arrow"},"wdio_ui5_key":"applicationmanagepricingrules-display-component---newInfoPriceItem--priceProc-arrow"}]}
COMMAND: GET /session/93250f96accc2e6fd098c611002cad19/screenshot - {}
RESULT: {"script":"<script> [1562 bytes]","args":[{"selector":{"id":"application-managepricingrules-display-component---newInfoPriceItem--priceProc-arrow"},"wdio_ui5_key":"applicationmanagepricingrules-display-component---newInfoPriceItem--priceProc-arrow"}]}
RESULT: undefined
COMMAND: POST /session/93250f96accc2e6fd098c611002cad19/element - {"using":"xpath","value":"//*[@id=\"application-managepricingrules-display-component---newInfoPriceItem--priceProc-arrow\"]"}
RESULT: {}
RESULT: {"using":"xpath","value":"//*[@id=\"application-managepricingrules-display-component---newInfoPriceItem--priceProc-arrow\"]"}
COMMAND: POST /session/93250f96accc2e6fd098c611002cad19/element/f.8FBEE169B4A1F4A008E4BE6459EA698B.d.9CC07FB4F3C4F4173F6AFD949D1C5867.e.7041/click - {}
RESULT: {}
COMMAND: POST /session/93250f96accc2e6fd098c611002cad19/element - {"using":"xpath","value":"//span[contains(text(), \"MAT - Material\")]"}
COMMAND: GET /session/93250f96accc2e6fd098c611002cad19/screenshot - {}
RESULT: {"using":"xpath","value":"//span[contains(text(), \"MAT - Material\")]"}
COMMAND: POST /session/93250f96accc2e6fd098c611002cad19/element/f.8FBEE169B4A1F4A008E4BE6459EA698B.d.9CC07FB4F3C4F4173F6AFD949D1C5867.e.7042/click - {}
RESULT: {}
RESULT: {}
COMMAND: POST /session/93250f96accc2e6fd098c611002cad19/execute/async - {"script":"<script> [1562 bytes]","args":[{"selector":{"id":"application-managepricingrules-display-component---newInfoPriceItem--calcBase-arrow"},"wdio_ui5_key":"applicationmanagepricingrules-display-component---newInfoPriceItem--calcBase-arrow"}]}
COMMAND: GET /session/93250f96accc2e6fd098c611002cad19/screenshot - {}
RESULT: {"script":"<script> [1562 bytes]","args":[{"selector":{"id":"application-managepricingrules-display-component---newInfoPriceItem--calcBase-arrow"},"wdio_ui5_key":"applicationmanagepricingrules-display-component---newInfoPriceItem--calcBase-arrow"}]}
RESULT: undefined
COMMAND: POST /session/93250f96accc2e6fd098c611002cad19/element - {"using":"xpath","value":"//*[@id=\"application-managepricingrules-display-component---newInfoPriceItem--calcBase-arrow\"]"}
RESULT: {}
RESULT: {"using":"xpath","value":"//*[@id=\"application-managepricingrules-display-component---newInfoPriceItem--calcBase-arrow\"]"}
COMMAND: POST /session/93250f96accc2e6fd098c611002cad19/element/f.8FBEE169B4A1F4A008E4BE6459EA698B.d.9CC07FB4F3C4F4173F6AFD949D1C5867.e.7043/click - {}
RESULT: {}
COMMAND: GET /session/93250f96accc2e6fd098c611002cad19/screenshot - {}
RESULT: {}
COMMAND: POST /session/93250f96accc2e6fd098c611002cad19/element - {"using":"xpath","value":"//span[contains(text(), \"0001 - TB(exact month + cal_days)\")]"}
RESULT: {"using":"xpath","value":"//span[contains(text(), \"0001 - TB(exact month + cal_days)\")]"}
COMMAND: POST /session/93250f96accc2e6fd098c611002cad19/element/f.8FBEE169B4A1F4A008E4BE6459EA698B.d.9CC07FB4F3C4F4173F6AFD949D1C5867.e.7044/click - {}
RESULT: {}
COMMAND: GET /session/93250f96accc2e6fd098c611002cad19/screenshot - {}
RESULT: {}
COMMAND: POST /session/93250f96accc2e6fd098c611002cad19/element - {"using":"xpath","value":"//button[@data-kt=\"saveNewRuleButton\"]"}
RESULT: {"using":"xpath","value":"//button[@data-kt=\"saveNewRuleButton\"]"}
COMMAND: POST /session/93250f96accc2e6fd098c611002cad19/element/f.8FBEE169B4A1F4A008E4BE6459EA698B.d.9CC07FB4F3C4F4173F6AFD949D1C5867.e.7045/click - {}
RESULT: {}
COMMAND: GET /session/93250f96accc2e6fd098c611002cad19/screenshot - {}
RESULT: {}
COMMAND: POST /session/93250f96accc2e6fd098c611002cad19/execute/async - {"script":"<script> [1562 bytes]","args":[{"selector":{"id":"application-managepricingrules-display-component---priceInfoItem--smartFilterBar-btnBasicSearch","interaction":{"idSuffix":"I"}},"wdio_ui5_key":"applicationmanagepricingrules-display-component---priceInfoItem--smartFilterBar-btnBasicSearch"}]}
RESULT: {"script":"<script> [1562 bytes]","args":[{"selector":{"id":"application-managepricingrules-display-component---priceInfoItem--smartFilterBar-btnBasicSearch","interaction":{"idSuffix":"I"}},"wdio_ui5_key":"applicationmanagepricingrules-display-component---priceInfoItem--smartFilterBar-btnBasicSearch"}]}
RESULT: undefined
COMMAND: POST /session/93250f96accc2e6fd098c611002cad19/execute/async - {"script":"<script> [776 bytes]","args":[{"enterText":"200353","selector":{"id":"application-managepricingrules-display-component---priceInfoItem--smartFilterBar-btnBasicSearch","interaction":{"idSuffix":"I"}},"clearTextFirst":true,"interactionType":"ENTER_TEXT"}]}
RESULT: {"script":"<script> [776 bytes]","args":[{"enterText":"200353","selector":{"id":"application-managepricingrules-display-component---priceInfoItem--smartFilterBar-btnBasicSearch","interaction":{"idSuffix":"I"}},"clearTextFirst":true,"interactionType":"ENTER_TEXT"}]}
COMMAND: POST /session/93250f96accc2e6fd098c611002cad19/actions - {"actions":[{"id":"action23","type":"key","parameters":{},"actions":[{"type":"keyDown","value":"î€‡"},{"type":"pause","duration":10},{"type":"keyUp","value":"î€‡"}]}]}
RESULT: {"actions":[{"id":"action23","type":"key","parameters":{},"actions":[{"type":"keyDown","value":"î€‡"},{"type":"pause","duration":10},{"type":"keyUp","value":"î€‡"}]}]}
COMMAND: GET /session/93250f96accc2e6fd098c611002cad19/screenshot - {}
RESULT: {}
COMMAND: POST /session/93250f96accc2e6fd098c611002cad19/element - {"using":"xpath","value":"//span[@id=\"application-managepricingrules-display-component---priceInfoItem--smartTable-header-inner\"]"}
RESULT: {"using":"xpath","value":"//span[@id=\"application-managepricingrules-display-component---priceInfoItem--smartTable-header-inner\"]"}
COMMAND: POST /session/93250f96accc2e6fd098c611002cad19/elements - {"using":"xpath","value":"//span[@id=\"application-managepricingrules-display-component---priceInfoItem--smartTable-header-inner\"]"}
RESULT: {"using":"xpath","value":"//span[@id=\"application-managepricingrules-display-component---priceInfoItem--smartTable-header-inner\"]"}
COMMAND: POST /session/93250f96accc2e6fd098c611002cad19/execute/sync - {"script":"<script> [56 bytes]","args":[{"element-6066-11e4-a52e-4f735466cecf":"f.8FBEE169B4A1F4A008E4BE6459EA698B.d.9CC07FB4F3C4F4173F6AFD949D1C5867.e.7067","ELEMENT":"f.8FBEE169B4A1F4A008E4BE6459EA698B.d.9CC07FB4F3C4F4173F6AFD949D1C5867.e.7067"}]}
RESULT: {"script":"<script> [56 bytes]","args":[{"element-6066-11e4-a52e-4f735466cecf":"f.8FBEE169B4A1F4A008E4BE6459EA698B.d.9CC07FB4F3C4F4173F6AFD949D1C5867.e.7067","ELEMENT":"f.8FBEE169B4A1F4A008E4BE6459EA698B.d.9CC07FB4F3C4F4173F6AFD949D1C5867.e.7067"}]}
COMMAND: POST /session/93250f96accc2e6fd098c611002cad19/element - {"using":"css selector","value":"#shell-header-logo"}
COMMAND: GET /session/93250f96accc2e6fd098c611002cad19/screenshot - {}
RESULT: {"using":"css selector","value":"#shell-header-logo"}
COMMAND: POST /session/93250f96accc2e6fd098c611002cad19/element/f.8FBEE169B4A1F4A008E4BE6459EA698B.d.9CC07FB4F3C4F4173F6AFD949D1C5867.e.6487/click - {}
RESULT: {}
RESULT: {}
COMMAND: GET /session/93250f96accc2e6fd098c611002cad19/screenshot - {}
RESULT: {}
]]></system-out>
    </testcase>
    <testcase classname="chrome.136_0_7103_93.windows.US134625_Set_up_price_condition_-_one_time" name="Should create new condition one time" time="77.895">
      <system-out><![CDATA[
COMMAND: POST /session/93250f96accc2e6fd098c611002cad19/execute/async - {"script":"<script> [1562 bytes]","args":[{"selector":{"controlType":"sap.m.GenericTile","properties":{"header":"Manage Conditions & Prices"}},"wdio_ui5_key":"sapm.GenericTile{\"header\":\"Manage Conditions & Prices\"}"}]}
RESULT: {"script":"<script> [1562 bytes]","args":[{"selector":{"controlType":"sap.m.GenericTile","properties":{"header":"Manage Conditions & Prices"}},"wdio_ui5_key":"sapm.GenericTile{\"header\":\"Manage Conditions & Prices\"}"}]}
RESULT: undefined
COMMAND: POST /session/93250f96accc2e6fd098c611002cad19/element - {"using":"xpath","value":"//*[@id=\"__tile53\"]"}
RESULT: {"using":"xpath","value":"//*[@id=\"__tile53\"]"}
COMMAND: POST /session/93250f96accc2e6fd098c611002cad19/element/f.8FBEE169B4A1F4A008E4BE6459EA698B.d.9CC07FB4F3C4F4173F6AFD949D1C5867.e.6429/click - {}
RESULT: {}
COMMAND: GET /session/93250f96accc2e6fd098c611002cad19/screenshot - {}
COMMAND: POST /session/93250f96accc2e6fd098c611002cad19/elements - {"using":"xpath","value":"//span[text()='Error']"}
RESULT: {}
RESULT: {"using":"xpath","value":"//span[text()='Error']"}
COMMAND: POST /session/93250f96accc2e6fd098c611002cad19/element - {"using":"xpath","value":"//button[@aria-label=\"Create\"]"}
RESULT: {"using":"xpath","value":"//button[@aria-label=\"Create\"]"}
COMMAND: POST /session/93250f96accc2e6fd098c611002cad19/elements - {"using":"xpath","value":"//button[@aria-label=\"Create\"]"}
RESULT: {"using":"xpath","value":"//button[@aria-label=\"Create\"]"}
COMMAND: POST /session/93250f96accc2e6fd098c611002cad19/execute/sync - {"script":"<script> [8489 bytes]","args":[{"element-6066-11e4-a52e-4f735466cecf":"f.8FBEE169B4A1F4A008E4BE6459EA698B.d.9CC07FB4F3C4F4173F6AFD949D1C5867.e.7103","ELEMENT":"f.8FBEE169B4A1F4A008E4BE6459EA698B.d.9CC07FB4F3C4F4173F6AFD949D1C5867.e.7103"}]}
RESULT: {"script":"<script> [8489 bytes]","args":[{"element-6066-11e4-a52e-4f735466cecf":"f.8FBEE169B4A1F4A008E4BE6459EA698B.d.9CC07FB4F3C4F4173F6AFD949D1C5867.e.7103","ELEMENT":"f.8FBEE169B4A1F4A008E4BE6459EA698B.d.9CC07FB4F3C4F4173F6AFD949D1C5867.e.7103"}]}
COMMAND: GET /session/93250f96accc2e6fd098c611002cad19/element/f.8FBEE169B4A1F4A008E4BE6459EA698B.d.9CC07FB4F3C4F4173F6AFD949D1C5867.e.7103/enabled - {}
COMMAND: GET /session/93250f96accc2e6fd098c611002cad19/screenshot - {}
RESULT: {}
COMMAND: POST /session/93250f96accc2e6fd098c611002cad19/execute/sync - {"script":"<script> [8489 bytes]","args":[{"element-6066-11e4-a52e-4f735466cecf":"f.8FBEE169B4A1F4A008E4BE6459EA698B.d.9CC07FB4F3C4F4173F6AFD949D1C5867.e.7103","ELEMENT":"f.8FBEE169B4A1F4A008E4BE6459EA698B.d.9CC07FB4F3C4F4173F6AFD949D1C5867.e.7103"}]}
RESULT: {}
COMMAND: GET /session/93250f96accc2e6fd098c611002cad19/screenshot - {}
RESULT: {"script":"<script> [8489 bytes]","args":[{"element-6066-11e4-a52e-4f735466cecf":"f.8FBEE169B4A1F4A008E4BE6459EA698B.d.9CC07FB4F3C4F4173F6AFD949D1C5867.e.7103","ELEMENT":"f.8FBEE169B4A1F4A008E4BE6459EA698B.d.9CC07FB4F3C4F4173F6AFD949D1C5867.e.7103"}]}
COMMAND: POST /session/93250f96accc2e6fd098c611002cad19/execute/sync - {"script":"<script> [5351 bytes]","args":[{"element-6066-11e4-a52e-4f735466cecf":"f.8FBEE169B4A1F4A008E4BE6459EA698B.d.9CC07FB4F3C4F4173F6AFD949D1C5867.e.7103","ELEMENT":"f.8FBEE169B4A1F4A008E4BE6459EA698B.d.9CC07FB4F3C4F4173F6AFD949D1C5867.e.7103"}]}
COMMAND: GET /session/93250f96accc2e6fd098c611002cad19/screenshot - {}
RESULT: {}
RESULT: {"script":"<script> [5351 bytes]","args":[{"element-6066-11e4-a52e-4f735466cecf":"f.8FBEE169B4A1F4A008E4BE6459EA698B.d.9CC07FB4F3C4F4173F6AFD949D1C5867.e.7103","ELEMENT":"f.8FBEE169B4A1F4A008E4BE6459EA698B.d.9CC07FB4F3C4F4173F6AFD949D1C5867.e.7103"}]}
COMMAND: POST /session/93250f96accc2e6fd098c611002cad19/element/f.8FBEE169B4A1F4A008E4BE6459EA698B.d.9CC07FB4F3C4F4173F6AFD949D1C5867.e.7103/click - {}
COMMAND: GET /session/93250f96accc2e6fd098c611002cad19/screenshot - {}
RESULT: {}
RESULT: {}
COMMAND: GET /session/93250f96accc2e6fd098c611002cad19/screenshot - {}
RESULT: {}
RESULT: {}
COMMAND: POST /session/93250f96accc2e6fd098c611002cad19/actions - {"actions":[{"id":"action24","type":"key","parameters":{},"actions":[{"type":"keyDown","value":"î€‡"},{"type":"pause","duration":10},{"type":"keyUp","value":"î€‡"}]}]}
RESULT: {"actions":[{"id":"action24","type":"key","parameters":{},"actions":[{"type":"keyDown","value":"î€‡"},{"type":"pause","duration":10},{"type":"keyUp","value":"î€‡"}]}]}
COMMAND: GET /session/93250f96accc2e6fd098c611002cad19/screenshot - {}
RESULT: {}
COMMAND: POST /session/93250f96accc2e6fd098c611002cad19/execute/async - {"script":"<script> [1562 bytes]","args":[{"selector":{"id":"application-manageconditionprice-display-component---newCondition--condBillCond-arrow"},"wdio_ui5_key":"applicationmanageconditionprice-display-component---newCondition--condBillCond-arrow"}]}
RESULT: {"script":"<script> [1562 bytes]","args":[{"selector":{"id":"application-manageconditionprice-display-component---newCondition--condBillCond-arrow"},"wdio_ui5_key":"applicationmanageconditionprice-display-component---newCondition--condBillCond-arrow"}]}
RESULT: undefined
COMMAND: POST /session/93250f96accc2e6fd098c611002cad19/element - {"using":"xpath","value":"//*[@id=\"application-manageconditionprice-display-component---newCondition--condBillCond-arrow\"]"}
RESULT: {"using":"xpath","value":"//*[@id=\"application-manageconditionprice-display-component---newCondition--condBillCond-arrow\"]"}
COMMAND: POST /session/93250f96accc2e6fd098c611002cad19/element/f.8FBEE169B4A1F4A008E4BE6459EA698B.d.9CC07FB4F3C4F4173F6AFD949D1C5867.e.7283/click - {}
RESULT: {}
COMMAND: GET /session/93250f96accc2e6fd098c611002cad19/screenshot - {}
RESULT: {}
COMMAND: POST /session/93250f96accc2e6fd098c611002cad19/element - {"using":"xpath","value":"//li[.//span[contains(text(), \"SAPR - Sales price\")]]"}
RESULT: {"using":"xpath","value":"//li[.//span[contains(text(), \"SAPR - Sales price\")]]"}
COMMAND: POST /session/93250f96accc2e6fd098c611002cad19/element/f.8FBEE169B4A1F4A008E4BE6459EA698B.d.9CC07FB4F3C4F4173F6AFD949D1C5867.e.7286/click - {}
RESULT: {}
COMMAND: GET /session/93250f96accc2e6fd098c611002cad19/screenshot - {}
RESULT: {}
COMMAND: POST /session/93250f96accc2e6fd098c611002cad19/execute/async - {"script":"<script> [1562 bytes]","args":[{"selector":{"id":"application-manageconditionprice-display-component---newCondition--condValidTo","interaction":{"idSuffix":"inner"}},"wdio_ui5_key":"applicationmanageconditionprice-display-component---newCondition--condValidTo"}]}
RESULT: {"script":"<script> [1562 bytes]","args":[{"selector":{"id":"application-manageconditionprice-display-component---newCondition--condValidTo","interaction":{"idSuffix":"inner"}},"wdio_ui5_key":"applicationmanageconditionprice-display-component---newCondition--condValidTo"}]}
RESULT: undefined
COMMAND: POST /session/93250f96accc2e6fd098c611002cad19/execute/async - {"script":"<script> [776 bytes]","args":[{"enterText":"2/4/26","selector":{"id":"application-manageconditionprice-display-component---newCondition--condValidTo","interaction":{"idSuffix":"inner"}},"clearTextFirst":true,"interactionType":"ENTER_TEXT"}]}
RESULT: {"script":"<script> [776 bytes]","args":[{"enterText":"2/4/26","selector":{"id":"application-manageconditionprice-display-component---newCondition--condValidTo","interaction":{"idSuffix":"inner"}},"clearTextFirst":true,"interactionType":"ENTER_TEXT"}]}
COMMAND: POST /session/93250f96accc2e6fd098c611002cad19/element - {"using":"xpath","value":"//input[@id=\"application-manageconditionprice-display-component---newCondition--condRU-inner\"]"}
RESULT: {"using":"xpath","value":"//input[@id=\"application-manageconditionprice-display-component---newCondition--condRU-inner\"]"}
COMMAND: POST /session/93250f96accc2e6fd098c611002cad19/element/f.8FBEE169B4A1F4A008E4BE6459EA698B.d.9CC07FB4F3C4F4173F6AFD949D1C5867.e.7148/clear - {}
RESULT: {}
COMMAND: POST /session/93250f96accc2e6fd098c611002cad19/element/f.8FBEE169B4A1F4A008E4BE6459EA698B.d.9CC07FB4F3C4F4173F6AFD949D1C5867.e.7148/value - {"text":"200353"}
COMMAND: GET /session/93250f96accc2e6fd098c611002cad19/screenshot - {}
RESULT: {"text":"200353"}
COMMAND: GET /session/93250f96accc2e6fd098c611002cad19/screenshot - {}
RESULT: {}
RESULT: {}
COMMAND: POST /session/93250f96accc2e6fd098c611002cad19/actions - {"actions":[{"id":"action25","type":"key","parameters":{},"actions":[{"type":"keyDown","value":"î€‡"},{"type":"pause","duration":10},{"type":"keyUp","value":"î€‡"}]}]}
RESULT: {"actions":[{"id":"action25","type":"key","parameters":{},"actions":[{"type":"keyDown","value":"î€‡"},{"type":"pause","duration":10},{"type":"keyUp","value":"î€‡"}]}]}
COMMAND: POST /session/93250f96accc2e6fd098c611002cad19/execute/async - {"script":"<script> [1562 bytes]","args":[{"selector":{"id":"application-manageconditionprice-display-component---newCondition--condBaseQty","interaction":{"idSuffix":"inner"}},"wdio_ui5_key":"applicationmanageconditionprice-display-component---newCondition--condBaseQty"}]}
COMMAND: GET /session/93250f96accc2e6fd098c611002cad19/screenshot - {}
RESULT: {"script":"<script> [1562 bytes]","args":[{"selector":{"id":"application-manageconditionprice-display-component---newCondition--condBaseQty","interaction":{"idSuffix":"inner"}},"wdio_ui5_key":"applicationmanageconditionprice-display-component---newCondition--condBaseQty"}]}
RESULT: undefined
COMMAND: POST /session/93250f96accc2e6fd098c611002cad19/execute/async - {"script":"<script> [776 bytes]","args":[{"enterText":"1","selector":{"id":"application-manageconditionprice-display-component---newCondition--condBaseQty","interaction":{"idSuffix":"inner"}},"clearTextFirst":true,"interactionType":"ENTER_TEXT"}]}
RESULT: {}
RESULT: {"script":"<script> [776 bytes]","args":[{"enterText":"1","selector":{"id":"application-manageconditionprice-display-component---newCondition--condBaseQty","interaction":{"idSuffix":"inner"}},"clearTextFirst":true,"interactionType":"ENTER_TEXT"}]}
COMMAND: POST /session/93250f96accc2e6fd098c611002cad19/execute/async - {"script":"<script> [1562 bytes]","args":[{"selector":{"id":"application-manageconditionprice-display-component---newCondition--condValue","interaction":{"idSuffix":"inner"}},"wdio_ui5_key":"applicationmanageconditionprice-display-component---newCondition--condValue"}]}
RESULT: {"script":"<script> [1562 bytes]","args":[{"selector":{"id":"application-manageconditionprice-display-component---newCondition--condValue","interaction":{"idSuffix":"inner"}},"wdio_ui5_key":"applicationmanageconditionprice-display-component---newCondition--condValue"}]}
RESULT: undefined
COMMAND: POST /session/93250f96accc2e6fd098c611002cad19/execute/async - {"script":"<script> [776 bytes]","args":[{"enterText":"100.00","selector":{"id":"application-manageconditionprice-display-component---newCondition--condValue","interaction":{"idSuffix":"inner"}},"clearTextFirst":true,"interactionType":"ENTER_TEXT"}]}
RESULT: {"script":"<script> [776 bytes]","args":[{"enterText":"100.00","selector":{"id":"application-manageconditionprice-display-component---newCondition--condValue","interaction":{"idSuffix":"inner"}},"clearTextFirst":true,"interactionType":"ENTER_TEXT"}]}
COMMAND: POST /session/93250f96accc2e6fd098c611002cad19/execute/async - {"script":"<script> [1562 bytes]","args":[{"selector":{"id":"application-manageconditionprice-display-component---newCondition--condCurr-arrow"},"wdio_ui5_key":"applicationmanageconditionprice-display-component---newCondition--condCurr-arrow"}]}
RESULT: {"script":"<script> [1562 bytes]","args":[{"selector":{"id":"application-manageconditionprice-display-component---newCondition--condCurr-arrow"},"wdio_ui5_key":"applicationmanageconditionprice-display-component---newCondition--condCurr-arrow"}]}
RESULT: undefined
COMMAND: POST /session/93250f96accc2e6fd098c611002cad19/element - {"using":"xpath","value":"//*[@id=\"application-manageconditionprice-display-component---newCondition--condCurr-arrow\"]"}
RESULT: {"using":"xpath","value":"//*[@id=\"application-manageconditionprice-display-component---newCondition--condCurr-arrow\"]"}
COMMAND: POST /session/93250f96accc2e6fd098c611002cad19/element/f.8FBEE169B4A1F4A008E4BE6459EA698B.d.9CC07FB4F3C4F4173F6AFD949D1C5867.e.7257/click - {}
RESULT: {}
COMMAND: POST /session/93250f96accc2e6fd098c611002cad19/element - {"using":"xpath","value":"//span[contains(text(), \"Euro\")]"}
COMMAND: GET /session/93250f96accc2e6fd098c611002cad19/screenshot - {}
RESULT: {"using":"xpath","value":"//span[contains(text(), \"Euro\")]"}
COMMAND: POST /session/93250f96accc2e6fd098c611002cad19/element/f.8FBEE169B4A1F4A008E4BE6459EA698B.d.9CC07FB4F3C4F4173F6AFD949D1C5867.e.7324/click - {}
RESULT: {}
RESULT: {}
COMMAND: POST /session/93250f96accc2e6fd098c611002cad19/element - {"using":"xpath","value":"//button[@data-kt=\"saveButton\"]"}
COMMAND: GET /session/93250f96accc2e6fd098c611002cad19/screenshot - {}
RESULT: {"using":"xpath","value":"//button[@data-kt=\"saveButton\"]"}
COMMAND: POST /session/93250f96accc2e6fd098c611002cad19/element/f.8FBEE169B4A1F4A008E4BE6459EA698B.d.9CC07FB4F3C4F4173F6AFD949D1C5867.e.7258/click - {}
RESULT: {}
RESULT: {}
COMMAND: GET /session/93250f96accc2e6fd098c611002cad19/screenshot - {}
RESULT: {}
COMMAND: POST /session/93250f96accc2e6fd098c611002cad19/execute/async - {"script":"<script> [1562 bytes]","args":[{"selector":{"id":"application-manageconditionprice-display-component---conditions--smartFilterBar-btnBasicSearch","interaction":{"idSuffix":"I"}},"wdio_ui5_key":"applicationmanageconditionprice-display-component---conditions--smartFilterBar-btnBasicSearch"}]}
RESULT: {"script":"<script> [1562 bytes]","args":[{"selector":{"id":"application-manageconditionprice-display-component---conditions--smartFilterBar-btnBasicSearch","interaction":{"idSuffix":"I"}},"wdio_ui5_key":"applicationmanageconditionprice-display-component---conditions--smartFilterBar-btnBasicSearch"}]}
RESULT: undefined
COMMAND: POST /session/93250f96accc2e6fd098c611002cad19/execute/async - {"script":"<script> [776 bytes]","args":[{"enterText":"200353","selector":{"id":"application-manageconditionprice-display-component---conditions--smartFilterBar-btnBasicSearch","interaction":{"idSuffix":"I"}},"clearTextFirst":true,"interactionType":"ENTER_TEXT"}]}
RESULT: {"script":"<script> [776 bytes]","args":[{"enterText":"200353","selector":{"id":"application-manageconditionprice-display-component---conditions--smartFilterBar-btnBasicSearch","interaction":{"idSuffix":"I"}},"clearTextFirst":true,"interactionType":"ENTER_TEXT"}]}
COMMAND: POST /session/93250f96accc2e6fd098c611002cad19/actions - {"actions":[{"id":"action26","type":"key","parameters":{},"actions":[{"type":"keyDown","value":"î€‡"},{"type":"pause","duration":10},{"type":"keyUp","value":"î€‡"}]}]}
RESULT: {"actions":[{"id":"action26","type":"key","parameters":{},"actions":[{"type":"keyDown","value":"î€‡"},{"type":"pause","duration":10},{"type":"keyUp","value":"î€‡"}]}]}
COMMAND: GET /session/93250f96accc2e6fd098c611002cad19/screenshot - {}
RESULT: {}
COMMAND: POST /session/93250f96accc2e6fd098c611002cad19/execute/async - {"script":"<script> [1562 bytes]","args":[{"selector":{"id":"application-manageconditionprice-display-component---conditions--smartFilterBar-filterItemControl_BASIC-BILL_TYPES-vhi"},"wdio_ui5_key":"applicationmanageconditionprice-display-component---conditions--smartFilterBar-filterItemControl_BASIC-BILL_TYPES-vhi"}]}
RESULT: {"script":"<script> [1562 bytes]","args":[{"selector":{"id":"application-manageconditionprice-display-component---conditions--smartFilterBar-filterItemControl_BASIC-BILL_TYPES-vhi"},"wdio_ui5_key":"applicationmanageconditionprice-display-component---conditions--smartFilterBar-filterItemControl_BASIC-BILL_TYPES-vhi"}]}
RESULT: undefined
COMMAND: POST /session/93250f96accc2e6fd098c611002cad19/element - {"using":"xpath","value":"//*[@id=\"application-manageconditionprice-display-component---conditions--smartFilterBar-filterItemControl_BASIC-BILL_TYPES-vhi\"]"}
RESULT: {"using":"xpath","value":"//*[@id=\"application-manageconditionprice-display-component---conditions--smartFilterBar-filterItemControl_BASIC-BILL_TYPES-vhi\"]"}
COMMAND: POST /session/93250f96accc2e6fd098c611002cad19/element/f.8FBEE169B4A1F4A008E4BE6459EA698B.d.9CC07FB4F3C4F4173F6AFD949D1C5867.e.7431/click - {}
RESULT: {}
COMMAND: POST /session/93250f96accc2e6fd098c611002cad19/execute/async - {"script":"<script> [1562 bytes]","args":[{"selector":{"id":"application-manageconditionprice-display-component---conditions--smartFilterBar-filterItemControl_BASIC-BILL_TYPES-valueHelpDialog-smartFilterBar-btnBasicSearch","searchOpenDialogs":true,"interaction":{"idSuffix":"I"}},"wdio_ui5_key":"applicationmanageconditionprice-display-component---conditions--smartFilterBar-filterItemControl_BASIC-BILL_TYPES-valueHelpDialog-smartFilterBar-btnBasicSearch"}]}
COMMAND: GET /session/93250f96accc2e6fd098c611002cad19/screenshot - {}
RESULT: {"script":"<script> [1562 bytes]","args":[{"selector":{"id":"application-manageconditionprice-display-component---conditions--smartFilterBar-filterItemControl_BASIC-BILL_TYPES-valueHelpDialog-smartFilterBar-btnBasicSearch","searchOpenDialogs":true,"interaction":{"idSuffix":"I"}},"wdio_ui5_key":"applicationmanageconditionprice-display-component---conditions--smartFilterBar-filterItemControl_BASIC-BILL_TYPES-valueHelpDialog-smartFilterBar-btnBasicSearch"}]}
RESULT: undefined
COMMAND: POST /session/93250f96accc2e6fd098c611002cad19/execute/async - {"script":"<script> [776 bytes]","args":[{"enterText":"one","selector":{"id":"application-manageconditionprice-display-component---conditions--smartFilterBar-filterItemControl_BASIC-BILL_TYPES-valueHelpDialog-smartFilterBar-btnBasicSearch","searchOpenDialogs":true,"interaction":{"idSuffix":"I"}},"clearTextFirst":true,"interactionType":"ENTER_TEXT"}]}
RESULT: {}
RESULT: {"script":"<script> [776 bytes]","args":[{"enterText":"one","selector":{"id":"application-manageconditionprice-display-component---conditions--smartFilterBar-filterItemControl_BASIC-BILL_TYPES-valueHelpDialog-smartFilterBar-btnBasicSearch","searchOpenDialogs":true,"interaction":{"idSuffix":"I"}},"clearTextFirst":true,"interactionType":"ENTER_TEXT"}]}
COMMAND: POST /session/93250f96accc2e6fd098c611002cad19/actions - {"actions":[{"id":"action27","type":"key","parameters":{},"actions":[{"type":"keyDown","value":"î€‡"},{"type":"pause","duration":10},{"type":"keyUp","value":"î€‡"}]}]}
RESULT: {"actions":[{"id":"action27","type":"key","parameters":{},"actions":[{"type":"keyDown","value":"î€‡"},{"type":"pause","duration":10},{"type":"keyUp","value":"î€‡"}]}]}
COMMAND: GET /session/93250f96accc2e6fd098c611002cad19/screenshot - {}
RESULT: {}
COMMAND: POST /session/93250f96accc2e6fd098c611002cad19/element - {"using":"xpath","value":"//div[contains(@id, 'application-manageconditionprice-display-component---conditions--smartFilterBar-filterItemControl_BASIC-BILL_TYPES-valueHelpDialog-table-rowsel0')]"}
RESULT: {"using":"xpath","value":"//div[contains(@id, 'application-manageconditionprice-display-component---conditions--smartFilterBar-filterItemControl_BASIC-BILL_TYPES-valueHelpDialog-table-rowsel0')]"}
COMMAND: POST /session/93250f96accc2e6fd098c611002cad19/element/f.8FBEE169B4A1F4A008E4BE6459EA698B.d.9CC07FB4F3C4F4173F6AFD949D1C5867.e.7440/click - {}
RESULT: {}
COMMAND: GET /session/93250f96accc2e6fd098c611002cad19/screenshot - {}
RESULT: {}
COMMAND: POST /session/93250f96accc2e6fd098c611002cad19/element - {"using":"xpath","value":"//bdi[contains(text(), \"OK\")]"}
RESULT: {"using":"xpath","value":"//bdi[contains(text(), \"OK\")]"}
COMMAND: POST /session/93250f96accc2e6fd098c611002cad19/element/f.8FBEE169B4A1F4A008E4BE6459EA698B.d.9CC07FB4F3C4F4173F6AFD949D1C5867.e.7442/click - {}
RESULT: {}
COMMAND: GET /session/93250f96accc2e6fd098c611002cad19/screenshot - {}
RESULT: {}
COMMAND: POST /session/93250f96accc2e6fd098c611002cad19/element - {"using":"xpath","value":"//span[@id=\"application-manageconditionprice-display-component---conditions--smartTable-header-inner\"]"}
RESULT: {"using":"xpath","value":"//span[@id=\"application-manageconditionprice-display-component---conditions--smartTable-header-inner\"]"}
COMMAND: POST /session/93250f96accc2e6fd098c611002cad19/elements - {"using":"xpath","value":"//span[@id=\"application-manageconditionprice-display-component---conditions--smartTable-header-inner\"]"}
RESULT: {"using":"xpath","value":"//span[@id=\"application-manageconditionprice-display-component---conditions--smartTable-header-inner\"]"}
COMMAND: POST /session/93250f96accc2e6fd098c611002cad19/execute/sync - {"script":"<script> [56 bytes]","args":[{"element-6066-11e4-a52e-4f735466cecf":"f.8FBEE169B4A1F4A008E4BE6459EA698B.d.9CC07FB4F3C4F4173F6AFD949D1C5867.e.7445","ELEMENT":"f.8FBEE169B4A1F4A008E4BE6459EA698B.d.9CC07FB4F3C4F4173F6AFD949D1C5867.e.7445"}]}
RESULT: {"script":"<script> [56 bytes]","args":[{"element-6066-11e4-a52e-4f735466cecf":"f.8FBEE169B4A1F4A008E4BE6459EA698B.d.9CC07FB4F3C4F4173F6AFD949D1C5867.e.7445","ELEMENT":"f.8FBEE169B4A1F4A008E4BE6459EA698B.d.9CC07FB4F3C4F4173F6AFD949D1C5867.e.7445"}]}
COMMAND: POST /session/93250f96accc2e6fd098c611002cad19/element - {"using":"css selector","value":"#shell-header-logo"}
COMMAND: GET /session/93250f96accc2e6fd098c611002cad19/screenshot - {}
RESULT: {"using":"css selector","value":"#shell-header-logo"}
COMMAND: POST /session/93250f96accc2e6fd098c611002cad19/element/f.8FBEE169B4A1F4A008E4BE6459EA698B.d.9CC07FB4F3C4F4173F6AFD949D1C5867.e.7070/click - {}
RESULT: {}
RESULT: {}
COMMAND: GET /session/93250f96accc2e6fd098c611002cad19/screenshot - {}
RESULT: {}
]]></system-out>
    </testcase>
    <testcase classname="chrome.136_0_7103_93.windows.US134625_Set_up_price_condition_-_one_time" name="Should create a new contract" time="79.482">
      <system-out><![CDATA[
COMMAND: POST /session/93250f96accc2e6fd098c611002cad19/execute/async - {"script":"<script> [1562 bytes]","args":[{"selector":{"controlType":"sap.m.GenericTile","properties":{"header":"Manage Contracts"}},"wdio_ui5_key":"sapm.GenericTile{\"header\":\"Manage Contracts\"}"}]}
RESULT: {"script":"<script> [1562 bytes]","args":[{"selector":{"controlType":"sap.m.GenericTile","properties":{"header":"Manage Contracts"}},"wdio_ui5_key":"sapm.GenericTile{\"header\":\"Manage Contracts\"}"}]}
RESULT: undefined
COMMAND: POST /session/93250f96accc2e6fd098c611002cad19/element - {"using":"xpath","value":"//*[@id=\"__tile131\"]"}
RESULT: {"using":"xpath","value":"//*[@id=\"__tile131\"]"}
COMMAND: POST /session/93250f96accc2e6fd098c611002cad19/element/f.8FBEE169B4A1F4A008E4BE6459EA698B.d.9CC07FB4F3C4F4173F6AFD949D1C5867.e.6398/click - {}
RESULT: {}
COMMAND: GET /session/93250f96accc2e6fd098c611002cad19/screenshot - {}
RESULT: {}
COMMAND: POST /session/93250f96accc2e6fd098c611002cad19/elements - {"using":"xpath","value":"//span[text()='Error']"}
RESULT: {"using":"xpath","value":"//span[text()='Error']"}
COMMAND: POST /session/93250f96accc2e6fd098c611002cad19/element - {"using":"xpath","value":"//button[@data-kt=\"addButton\"]"}
RESULT: {"using":"xpath","value":"//button[@data-kt=\"addButton\"]"}
COMMAND: POST /session/93250f96accc2e6fd098c611002cad19/elements - {"using":"xpath","value":"//button[@data-kt=\"addButton\"]"}
RESULT: {"using":"xpath","value":"//button[@data-kt=\"addButton\"]"}
COMMAND: POST /session/93250f96accc2e6fd098c611002cad19/execute/sync - {"script":"<script> [8489 bytes]","args":[{"element-6066-11e4-a52e-4f735466cecf":"f.8FBEE169B4A1F4A008E4BE6459EA698B.d.9CC07FB4F3C4F4173F6AFD949D1C5867.e.7501","ELEMENT":"f.8FBEE169B4A1F4A008E4BE6459EA698B.d.9CC07FB4F3C4F4173F6AFD949D1C5867.e.7501"}]}
RESULT: {"script":"<script> [8489 bytes]","args":[{"element-6066-11e4-a52e-4f735466cecf":"f.8FBEE169B4A1F4A008E4BE6459EA698B.d.9CC07FB4F3C4F4173F6AFD949D1C5867.e.7501","ELEMENT":"f.8FBEE169B4A1F4A008E4BE6459EA698B.d.9CC07FB4F3C4F4173F6AFD949D1C5867.e.7501"}]}
COMMAND: GET /session/93250f96accc2e6fd098c611002cad19/element/f.8FBEE169B4A1F4A008E4BE6459EA698B.d.9CC07FB4F3C4F4173F6AFD949D1C5867.e.7501/enabled - {}
COMMAND: GET /session/93250f96accc2e6fd098c611002cad19/screenshot - {}
RESULT: {}
COMMAND: POST /session/93250f96accc2e6fd098c611002cad19/execute/sync - {"script":"<script> [8489 bytes]","args":[{"element-6066-11e4-a52e-4f735466cecf":"f.8FBEE169B4A1F4A008E4BE6459EA698B.d.9CC07FB4F3C4F4173F6AFD949D1C5867.e.7501","ELEMENT":"f.8FBEE169B4A1F4A008E4BE6459EA698B.d.9CC07FB4F3C4F4173F6AFD949D1C5867.e.7501"}]}
COMMAND: GET /session/93250f96accc2e6fd098c611002cad19/screenshot - {}
RESULT: {}
RESULT: {"script":"<script> [8489 bytes]","args":[{"element-6066-11e4-a52e-4f735466cecf":"f.8FBEE169B4A1F4A008E4BE6459EA698B.d.9CC07FB4F3C4F4173F6AFD949D1C5867.e.7501","ELEMENT":"f.8FBEE169B4A1F4A008E4BE6459EA698B.d.9CC07FB4F3C4F4173F6AFD949D1C5867.e.7501"}]}
COMMAND: POST /session/93250f96accc2e6fd098c611002cad19/execute/sync - {"script":"<script> [5351 bytes]","args":[{"element-6066-11e4-a52e-4f735466cecf":"f.8FBEE169B4A1F4A008E4BE6459EA698B.d.9CC07FB4F3C4F4173F6AFD949D1C5867.e.7501","ELEMENT":"f.8FBEE169B4A1F4A008E4BE6459EA698B.d.9CC07FB4F3C4F4173F6AFD949D1C5867.e.7501"}]}
COMMAND: GET /session/93250f96accc2e6fd098c611002cad19/screenshot - {}
RESULT: {}
RESULT: {"script":"<script> [5351 bytes]","args":[{"element-6066-11e4-a52e-4f735466cecf":"f.8FBEE169B4A1F4A008E4BE6459EA698B.d.9CC07FB4F3C4F4173F6AFD949D1C5867.e.7501","ELEMENT":"f.8FBEE169B4A1F4A008E4BE6459EA698B.d.9CC07FB4F3C4F4173F6AFD949D1C5867.e.7501"}]}
COMMAND: GET /session/93250f96accc2e6fd098c611002cad19/screenshot - {}
RESULT: {}
RESULT: {}
COMMAND: POST /session/93250f96accc2e6fd098c611002cad19/element/f.8FBEE169B4A1F4A008E4BE6459EA698B.d.9CC07FB4F3C4F4173F6AFD949D1C5867.e.7501/click - {}
RESULT: {}
COMMAND: GET /session/93250f96accc2e6fd098c611002cad19/screenshot - {}
COMMAND: POST /session/93250f96accc2e6fd098c611002cad19/execute/async - {"script":"<script> [1562 bytes]","args":[{"selector":{"id":"application-managecontracts-display-component---AddNewContract--projectDescription","interaction":{"idSuffix":"inner"}},"wdio_ui5_key":"applicationmanagecontracts-display-component---AddNewContract--projectDescription"}]}
RESULT: {}
RESULT: {"script":"<script> [1562 bytes]","args":[{"selector":{"id":"application-managecontracts-display-component---AddNewContract--projectDescription","interaction":{"idSuffix":"inner"}},"wdio_ui5_key":"applicationmanagecontracts-display-component---AddNewContract--projectDescription"}]}
RESULT: undefined
COMMAND: POST /session/93250f96accc2e6fd098c611002cad19/execute/async - {"script":"<script> [776 bytes]","args":[{"enterText":"Intercompany Contract WDIO","selector":{"id":"application-managecontracts-display-component---AddNewContract--projectDescription","interaction":{"idSuffix":"inner"}},"clearTextFirst":true,"interactionType":"ENTER_TEXT"}]}
RESULT: {"script":"<script> [776 bytes]","args":[{"enterText":"Intercompany Contract WDIO","selector":{"id":"application-managecontracts-display-component---AddNewContract--projectDescription","interaction":{"idSuffix":"inner"}},"clearTextFirst":true,"interactionType":"ENTER_TEXT"}]}
COMMAND: POST /session/93250f96accc2e6fd098c611002cad19/element - {"using":"xpath","value":"//input[@id=\"application-managecontracts-display-component---AddNewContract--site-inner\"]"}
RESULT: {"using":"xpath","value":"//input[@id=\"application-managecontracts-display-component---AddNewContract--site-inner\"]"}
COMMAND: POST /session/93250f96accc2e6fd098c611002cad19/element/f.8FBEE169B4A1F4A008E4BE6459EA698B.d.9CC07FB4F3C4F4173F6AFD949D1C5867.e.7808/clear - {}
RESULT: {}
COMMAND: POST /session/93250f96accc2e6fd098c611002cad19/element/f.8FBEE169B4A1F4A008E4BE6459EA698B.d.9CC07FB4F3C4F4173F6AFD949D1C5867.e.7808/value - {"text":"2348"}
COMMAND: GET /session/93250f96accc2e6fd098c611002cad19/screenshot - {}
RESULT: {"text":"2348"}
COMMAND: GET /session/93250f96accc2e6fd098c611002cad19/screenshot - {}
RESULT: {}
RESULT: {}
COMMAND: POST /session/93250f96accc2e6fd098c611002cad19/element - {"using":"xpath","value":"//li[.//span[text()='2348']]"}
RESULT: {"using":"xpath","value":"//li[.//span[text()='2348']]"}
COMMAND: POST /session/93250f96accc2e6fd098c611002cad19/element/f.8FBEE169B4A1F4A008E4BE6459EA698B.d.9CC07FB4F3C4F4173F6AFD949D1C5867.e.7890/click - {}
RESULT: {}
COMMAND: GET /session/93250f96accc2e6fd098c611002cad19/screenshot - {}
RESULT: {}
COMMAND: POST /session/93250f96accc2e6fd098c611002cad19/element - {"using":"xpath","value":"//input[@id=\"application-managecontracts-display-component---AddNewContract--yardId-inner\"]"}
RESULT: {"using":"xpath","value":"//input[@id=\"application-managecontracts-display-component---AddNewContract--yardId-inner\"]"}
COMMAND: GET /session/93250f96accc2e6fd098c611002cad19/element/f.8FBEE169B4A1F4A008E4BE6459EA698B.d.9CC07FB4F3C4F4173F6AFD949D1C5867.e.7809/property/value - {}
RESULT: {}
COMMAND: POST /session/93250f96accc2e6fd098c611002cad19/element - {"using":"xpath","value":"//input[@id=\"application-managecontracts-display-component---AddNewContract--customerSelect-inner\"]"}
COMMAND: GET /session/93250f96accc2e6fd098c611002cad19/screenshot - {}
RESULT: {"using":"xpath","value":"//input[@id=\"application-managecontracts-display-component---AddNewContract--customerSelect-inner\"]"}
COMMAND: POST /session/93250f96accc2e6fd098c611002cad19/element/f.8FBEE169B4A1F4A008E4BE6459EA698B.d.9CC07FB4F3C4F4173F6AFD949D1C5867.e.7807/clear - {}
RESULT: {}
RESULT: {}
COMMAND: POST /session/93250f96accc2e6fd098c611002cad19/element/f.8FBEE169B4A1F4A008E4BE6459EA698B.d.9CC07FB4F3C4F4173F6AFD949D1C5867.e.7807/value - {"text":"1408"}
COMMAND: GET /session/93250f96accc2e6fd098c611002cad19/screenshot - {}
RESULT: {"text":"1408"}
COMMAND: GET /session/93250f96accc2e6fd098c611002cad19/screenshot - {}
RESULT: {}
RESULT: {}
COMMAND: POST /session/93250f96accc2e6fd098c611002cad19/element - {"using":"xpath","value":"//li[.//span[text()='1408']]"}
RESULT: {"using":"xpath","value":"//li[.//span[text()='1408']]"}
COMMAND: POST /session/93250f96accc2e6fd098c611002cad19/element/f.8FBEE169B4A1F4A008E4BE6459EA698B.d.9CC07FB4F3C4F4173F6AFD949D1C5867.e.7893/click - {}
RESULT: {}
COMMAND: GET /session/93250f96accc2e6fd098c611002cad19/screenshot - {}
RESULT: {}
COMMAND: POST /session/93250f96accc2e6fd098c611002cad19/element - {"using":"xpath","value":"//button[@data-kt=\"saveButton\"]"}
RESULT: {"using":"xpath","value":"//button[@data-kt=\"saveButton\"]"}
COMMAND: POST /session/93250f96accc2e6fd098c611002cad19/element/f.8FBEE169B4A1F4A008E4BE6459EA698B.d.9CC07FB4F3C4F4173F6AFD949D1C5867.e.7883/click - {}
RESULT: {}
COMMAND: GET /session/93250f96accc2e6fd098c611002cad19/screenshot - {}
RESULT: {}
COMMAND: POST /session/93250f96accc2e6fd098c611002cad19/element - {"using":"xpath","value":"//span[contains(@id ,\"contractDetailTitleNoExpanded\")]"}
RESULT: {"using":"xpath","value":"//span[contains(@id ,\"contractDetailTitleNoExpanded\")]"}
COMMAND: POST /session/93250f96accc2e6fd098c611002cad19/elements - {"using":"xpath","value":"//span[contains(@id ,\"contractDetailTitleNoExpanded\")]"}
RESULT: {"using":"xpath","value":"//span[contains(@id ,\"contractDetailTitleNoExpanded\")]"}
COMMAND: POST /session/93250f96accc2e6fd098c611002cad19/execute/sync - {"script":"<script> [56 bytes]","args":[{"element-6066-11e4-a52e-4f735466cecf":"f.8FBEE169B4A1F4A008E4BE6459EA698B.d.9CC07FB4F3C4F4173F6AFD949D1C5867.e.7904","ELEMENT":"f.8FBEE169B4A1F4A008E4BE6459EA698B.d.9CC07FB4F3C4F4173F6AFD949D1C5867.e.7904"}]}
RESULT: {"script":"<script> [56 bytes]","args":[{"element-6066-11e4-a52e-4f735466cecf":"f.8FBEE169B4A1F4A008E4BE6459EA698B.d.9CC07FB4F3C4F4173F6AFD949D1C5867.e.7904","ELEMENT":"f.8FBEE169B4A1F4A008E4BE6459EA698B.d.9CC07FB4F3C4F4173F6AFD949D1C5867.e.7904"}]}
COMMAND: GET /session/93250f96accc2e6fd098c611002cad19/screenshot - {}
RESULT: {}
]]></system-out>
    </testcase>
    <testcase classname="chrome.136_0_7103_93.windows.US134625_Set_up_price_condition_-_one_time" name="Should add the material to the contract" time="56.984">
      <system-out><![CDATA[
COMMAND: POST /session/93250f96accc2e6fd098c611002cad19/element - {"using":"xpath","value":"//button[@data-kt=\"contractDetailEditBtnButton\"]"}
RESULT: {"using":"xpath","value":"//button[@data-kt=\"contractDetailEditBtnButton\"]"}
COMMAND: POST /session/93250f96accc2e6fd098c611002cad19/element/f.8FBEE169B4A1F4A008E4BE6459EA698B.d.9CC07FB4F3C4F4173F6AFD949D1C5867.e.7906/click - {}
RESULT: {}
COMMAND: GET /session/93250f96accc2e6fd098c611002cad19/screenshot - {}
RESULT: {}
COMMAND: POST /session/93250f96accc2e6fd098c611002cad19/element - {"using":"xpath","value":"(//span[contains(text(), \"Additional Addresses\")])[2]"}
RESULT: {"using":"xpath","value":"(//span[contains(text(), \"Additional Addresses\")])[2]"}
COMMAND: POST /session/93250f96accc2e6fd098c611002cad19/element/f.8FBEE169B4A1F4A008E4BE6459EA698B.d.9CC07FB4F3C4F4173F6AFD949D1C5867.e.7963/click - {}
RESULT: {}
COMMAND: GET /session/93250f96accc2e6fd098c611002cad19/screenshot - {}
RESULT: {}
COMMAND: POST /session/93250f96accc2e6fd098c611002cad19/element - {"using":"xpath","value":"//button[@data-kt=\"btnAddTableRowOverflowToolbarButton\"]"}
RESULT: {"using":"xpath","value":"//button[@data-kt=\"btnAddTableRowOverflowToolbarButton\"]"}
COMMAND: POST /session/93250f96accc2e6fd098c611002cad19/element/f.8FBEE169B4A1F4A008E4BE6459EA698B.d.9CC07FB4F3C4F4173F6AFD949D1C5867.e.7965/click - {}
RESULT: {}
COMMAND: GET /session/93250f96accc2e6fd098c611002cad19/screenshot - {}
RESULT: {}
COMMAND: POST /session/93250f96accc2e6fd098c611002cad19/element - {"using":"xpath","value":"//div[(text() = 'Standard Entry' or . = 'Standard Entry')]"}
RESULT: {"using":"xpath","value":"//div[(text() = 'Standard Entry' or . = 'Standard Entry')]"}
COMMAND: POST /session/93250f96accc2e6fd098c611002cad19/element/f.8FBEE169B4A1F4A008E4BE6459EA698B.d.9CC07FB4F3C4F4173F6AFD949D1C5867.e.7967/click - {}
RESULT: {}
COMMAND: GET /session/93250f96accc2e6fd098c611002cad19/screenshot - {}
RESULT: {}
COMMAND: POST /session/93250f96accc2e6fd098c611002cad19/element - {"using":"xpath","value":"//td[6]/div/div/div/span"}
RESULT: {"using":"xpath","value":"//td[6]/div/div/div/span"}
COMMAND: POST /session/93250f96accc2e6fd098c611002cad19/element/f.8FBEE169B4A1F4A008E4BE6459EA698B.d.9CC07FB4F3C4F4173F6AFD949D1C5867.e.7979/click - {}
RESULT: {}
COMMAND: GET /session/93250f96accc2e6fd098c611002cad19/screenshot - {}
RESULT: {}
COMMAND: POST /session/93250f96accc2e6fd098c611002cad19/element - {"using":"xpath","value":"(//span[contains(text(), \"Material\")])"}
RESULT: {"using":"xpath","value":"(//span[contains(text(), \"Material\")])"}
COMMAND: POST /session/93250f96accc2e6fd098c611002cad19/element/f.8FBEE169B4A1F4A008E4BE6459EA698B.d.9CC07FB4F3C4F4173F6AFD949D1C5867.e.7980/click - {}
RESULT: {}
COMMAND: GET /session/93250f96accc2e6fd098c611002cad19/screenshot - {}
RESULT: {}
COMMAND: POST /session/93250f96accc2e6fd098c611002cad19/element - {"using":"xpath","value":"//td[7]/div/div/input"}
RESULT: {"using":"xpath","value":"//td[7]/div/div/input"}
COMMAND: POST /session/93250f96accc2e6fd098c611002cad19/element/f.8FBEE169B4A1F4A008E4BE6459EA698B.d.9CC07FB4F3C4F4173F6AFD949D1C5867.e.7984/clear - {}
RESULT: {}
COMMAND: POST /session/93250f96accc2e6fd098c611002cad19/element/f.8FBEE169B4A1F4A008E4BE6459EA698B.d.9CC07FB4F3C4F4173F6AFD949D1C5867.e.7984/value - {"text":"200353"}
COMMAND: GET /session/93250f96accc2e6fd098c611002cad19/screenshot - {}
RESULT: {"text":"200353"}
COMMAND: GET /session/93250f96accc2e6fd098c611002cad19/screenshot - {}
RESULT: {}
RESULT: {}
COMMAND: POST /session/93250f96accc2e6fd098c611002cad19/actions - {"actions":[{"id":"action28","type":"key","parameters":{},"actions":[{"type":"keyDown","value":"î€‡"},{"type":"pause","duration":10},{"type":"keyUp","value":"î€‡"}]}]}
RESULT: {"actions":[{"id":"action28","type":"key","parameters":{},"actions":[{"type":"keyDown","value":"î€‡"},{"type":"pause","duration":10},{"type":"keyUp","value":"î€‡"}]}]}
COMMAND: GET /session/93250f96accc2e6fd098c611002cad19/screenshot - {}
RESULT: {}
COMMAND: POST /session/93250f96accc2e6fd098c611002cad19/execute/sync - {"script":"<script> [276 bytes]","args":["No pricing information was found"]}
RESULT: {"script":"<script> [276 bytes]","args":["No pricing information was found"]}
COMMAND: POST /session/93250f96accc2e6fd098c611002cad19/element - {"using":"xpath","value":"(//button[@data-kt=\"saveButton\"])[2]"}
COMMAND: GET /session/93250f96accc2e6fd098c611002cad19/screenshot - {}
RESULT: {"using":"xpath","value":"(//button[@data-kt=\"saveButton\"])[2]"}
COMMAND: POST /session/93250f96accc2e6fd098c611002cad19/element/f.8FBEE169B4A1F4A008E4BE6459EA698B.d.9CC07FB4F3C4F4173F6AFD949D1C5867.e.8007/click - {}
RESULT: {}
RESULT: {}
COMMAND: GET /session/93250f96accc2e6fd098c611002cad19/screenshot - {}
RESULT: {}
COMMAND: POST /session/93250f96accc2e6fd098c611002cad19/execute/sync - {"script":"<script> [276 bytes]","args":["Some contract items are having rental validity exceeding header rental validity"]}
RESULT: {"script":"<script> [276 bytes]","args":["Some contract items are having rental validity exceeding header rental validity"]}
COMMAND: GET /session/93250f96accc2e6fd098c611002cad19/screenshot - {}
RESULT: {}
COMMAND: POST /session/93250f96accc2e6fd098c611002cad19/element - {"using":"xpath","value":"//span[contains(@id ,\"contractItemsSmartTable-header-inner\")]"}
RESULT: {"using":"xpath","value":"//span[contains(@id ,\"contractItemsSmartTable-header-inner\")]"}
COMMAND: POST /session/93250f96accc2e6fd098c611002cad19/elements - {"using":"xpath","value":"//span[contains(@id ,\"contractItemsSmartTable-header-inner\")]"}
RESULT: {"using":"xpath","value":"//span[contains(@id ,\"contractItemsSmartTable-header-inner\")]"}
COMMAND: POST /session/93250f96accc2e6fd098c611002cad19/execute/sync - {"script":"<script> [56 bytes]","args":[{"element-6066-11e4-a52e-4f735466cecf":"f.8FBEE169B4A1F4A008E4BE6459EA698B.d.9CC07FB4F3C4F4173F6AFD949D1C5867.e.8017","ELEMENT":"f.8FBEE169B4A1F4A008E4BE6459EA698B.d.9CC07FB4F3C4F4173F6AFD949D1C5867.e.8017"}]}
RESULT: {"script":"<script> [56 bytes]","args":[{"element-6066-11e4-a52e-4f735466cecf":"f.8FBEE169B4A1F4A008E4BE6459EA698B.d.9CC07FB4F3C4F4173F6AFD949D1C5867.e.8017","ELEMENT":"f.8FBEE169B4A1F4A008E4BE6459EA698B.d.9CC07FB4F3C4F4173F6AFD949D1C5867.e.8017"}]}
COMMAND: GET /session/93250f96accc2e6fd098c611002cad19/screenshot - {}
]]></system-out>
    </testcase>
    <testcase classname="chrome.136_0_7103_93.windows.US134625_Set_up_price_condition_-_one_time" name="Should verify the bill item creation and pricing condition" time="11.936">
      <system-out><![CDATA[
COMMAND: POST /session/93250f96accc2e6fd098c611002cad19/execute/async - {"script":"<script> [1562 bytes]","args":[{"selector":{"controlType":"sap.ui.core.Icon","viewName":"etm.portal.ui.managecontracts.view.Detail","properties":{"src":{"regex":{"source":"slim\\-arrow\\-right"}}}},"wdio_ui5_key":"etmportal.ui.managecontracts.view.Detailsap.ui.core.Icon{\"src\":{\"regex\":{\"source\":\"slim\\\\-arrow\\\\-right\"}}}"}]}
RESULT: {}
RESULT: {"script":"<script> [1562 bytes]","args":[{"selector":{"controlType":"sap.ui.core.Icon","viewName":"etm.portal.ui.managecontracts.view.Detail","properties":{"src":{"regex":{"source":"slim\\-arrow\\-right"}}}},"wdio_ui5_key":"etmportal.ui.managecontracts.view.Detailsap.ui.core.Icon{\"src\":{\"regex\":{\"source\":\"slim\\\\-arrow\\\\-right\"}}}"}]}
RESULT: undefined
COMMAND: POST /session/93250f96accc2e6fd098c611002cad19/element - {"using":"xpath","value":"//*[@id=\"__item2144-__clone4527-imgNav\"]"}
RESULT: {"using":"xpath","value":"//*[@id=\"__item2144-__clone4527-imgNav\"]"}
COMMAND: POST /session/93250f96accc2e6fd098c611002cad19/element/f.8FBEE169B4A1F4A008E4BE6459EA698B.d.9CC07FB4F3C4F4173F6AFD949D1C5867.e.8018/click - {}
RESULT: {}
COMMAND: GET /session/93250f96accc2e6fd098c611002cad19/screenshot - {}
COMMAND: POST /session/93250f96accc2e6fd098c611002cad19/execute/async - {"script":"<script> [1562 bytes]","args":[{"selector":{"controlType":"sap.m.Text","viewName":"etm.portal.ui.managecontracts.view.BillingItem","viewId":"application-managecontracts-display-component---BillingItem","bindingPath":{"propertyPath":"LINK_TO_C_BILL_TYPES/DESCRIPTION"}},"wdio_ui5_key":"etmportal.ui.managecontracts.view.BillingItemsap.m.Text{\"propertyPath\":\"LINK_TO_C_BILL_TYPES/DESCRIPTION\"}"}]}
RESULT: {}
RESULT: {"script":"<script> [1562 bytes]","args":[{"selector":{"controlType":"sap.m.Text","viewName":"etm.portal.ui.managecontracts.view.BillingItem","viewId":"application-managecontracts-display-component---BillingItem","bindingPath":{"propertyPath":"LINK_TO_C_BILL_TYPES/DESCRIPTION"}},"wdio_ui5_key":"etmportal.ui.managecontracts.view.BillingItemsap.m.Text{\"propertyPath\":\"LINK_TO_C_BILL_TYPES/DESCRIPTION\"}"}]}
RESULT: undefined
COMMAND: POST /session/93250f96accc2e6fd098c611002cad19/execute/async - {"script":"<script> [6424 bytes]","args":[{"element-6066-11e4-a52e-4f735466cecf":"f.8FBEE169B4A1F4A008E4BE6459EA698B.d.9CC07FB4F3C4F4173F6AFD949D1C5867.e.8044"},"getText",[]]}
RESULT: {"script":"<script> [6424 bytes]","args":[{"element-6066-11e4-a52e-4f735466cecf":"f.8FBEE169B4A1F4A008E4BE6459EA698B.d.9CC07FB4F3C4F4173F6AFD949D1C5867.e.8044"},"getText",[]]}
COMMAND: POST /session/93250f96accc2e6fd098c611002cad19/execute/async - {"script":"<script> [1562 bytes]","args":[{"selector":{"controlType":"sap.m.ObjectNumber","viewName":"etm.portal.ui.managecontracts.view.BillingItem","viewId":"application-managecontracts-display-component---BillingItem","bindingPath":{"propertyPath":"BASE_PRICE"}},"wdio_ui5_key":"etmportal.ui.managecontracts.view.BillingItemsap.m.ObjectNumber{\"propertyPath\":\"BASE_PRICE\"}"}]}
RESULT: {"script":"<script> [1562 bytes]","args":[{"selector":{"controlType":"sap.m.ObjectNumber","viewName":"etm.portal.ui.managecontracts.view.BillingItem","viewId":"application-managecontracts-display-component---BillingItem","bindingPath":{"propertyPath":"BASE_PRICE"}},"wdio_ui5_key":"etmportal.ui.managecontracts.view.BillingItemsap.m.ObjectNumber{\"propertyPath\":\"BASE_PRICE\"}"}]}
RESULT: undefined
COMMAND: POST /session/93250f96accc2e6fd098c611002cad19/execute/async - {"script":"<script> [6424 bytes]","args":[{"element-6066-11e4-a52e-4f735466cecf":"f.8FBEE169B4A1F4A008E4BE6459EA698B.d.9CC07FB4F3C4F4173F6AFD949D1C5867.e.8045"},"getNumber",[]]}
RESULT: {"script":"<script> [6424 bytes]","args":[{"element-6066-11e4-a52e-4f735466cecf":"f.8FBEE169B4A1F4A008E4BE6459EA698B.d.9CC07FB4F3C4F4173F6AFD949D1C5867.e.8045"},"getNumber",[]]}
COMMAND: POST /session/93250f96accc2e6fd098c611002cad19/execute/async - {"script":"<script> [1562 bytes]","args":[{"selector":{"controlType":"sap.m.ObjectNumber","viewName":"etm.portal.ui.managecontracts.view.BillingItem","viewId":"application-managecontracts-display-component---BillingItem","bindingPath":{"propertyPath":"BASE_QUANTITY"}},"wdio_ui5_key":"etmportal.ui.managecontracts.view.BillingItemsap.m.ObjectNumber{\"propertyPath\":\"BASE_QUANTITY\"}"}]}
RESULT: {"script":"<script> [1562 bytes]","args":[{"selector":{"controlType":"sap.m.ObjectNumber","viewName":"etm.portal.ui.managecontracts.view.BillingItem","viewId":"application-managecontracts-display-component---BillingItem","bindingPath":{"propertyPath":"BASE_QUANTITY"}},"wdio_ui5_key":"etmportal.ui.managecontracts.view.BillingItemsap.m.ObjectNumber{\"propertyPath\":\"BASE_QUANTITY\"}"}]}
RESULT: undefined
COMMAND: POST /session/93250f96accc2e6fd098c611002cad19/execute/async - {"script":"<script> [6424 bytes]","args":[{"element-6066-11e4-a52e-4f735466cecf":"f.8FBEE169B4A1F4A008E4BE6459EA698B.d.9CC07FB4F3C4F4173F6AFD949D1C5867.e.8046"},"getNumber",[]]}
RESULT: {"script":"<script> [6424 bytes]","args":[{"element-6066-11e4-a52e-4f735466cecf":"f.8FBEE169B4A1F4A008E4BE6459EA698B.d.9CC07FB4F3C4F4173F6AFD949D1C5867.e.8046"},"getNumber",[]]}
COMMAND: DELETE /session/93250f96accc2e6fd098c611002cad19 - {}
RESULT: {}
]]></system-out>
    </testcase>
  </testsuite>
</testsuites>