<?xml version="1.0" encoding="UTF-8"?>
<testsuites tests="2" failures="0" errors="0" skipped="0">
  <testsuite timestamp="2025-05-15T17:30:48" time="23.606" tests="2" failures="0" errors="0" skipped="0">
    <properties>
      <property name="specId" value="0" />
      <property name="suiteName" value="Check QaLive System is up, or stop pipeline" />
      <property name="capabilities" value="chrome.136_0_7103_93.windows" />
      <property name="file" value="file:///D:/a/1/s/test/specs/TECH/check-QaLive-up.spec.js" />
    </properties>
    <testcase classname="chrome.136_0_7103_93.windows.Check_QaLive_System_is_up,_or_stop_pipeline" name="should check for errors on the home page and stop pipeline if found" time="0.072">
      <system-out><![CDATA[
COMMAND: GET /session/a4e3dd4e482bca5b18cbb8ce9dbe574d/source - {}
RESULT: {}
]]></system-out>
    </testcase>
    <testcase classname="chrome.136_0_7103_93.windows.Check_QaLive_System_is_up,_or_stop_pipeline" name="should check if the number in the specified element is greater than 0" time="0.043">
      <system-out><![CDATA[
COMMAND: POST /session/a4e3dd4e482bca5b18cbb8ce9dbe574d/element - {"using":"css selector","value":"div.sapSuiteStackedMCBarLabel"}
RESULT: {"using":"css selector","value":"div.sapSuiteStackedMCBarLabel"}
COMMAND: GET /session/a4e3dd4e482bca5b18cbb8ce9dbe574d/element/f.21A5D4DD6D3BD4ECD728B1F06C52DAC3.d.F992C26374A0DF79B3CC35CF99A0B8C8.e.154/text - {}
RESULT: {}
COMMAND: DELETE /session/a4e3dd4e482bca5b18cbb8ce9dbe574d - {}
RESULT: {}
]]></system-out>
    </testcase>
  </testsuite>
</testsuites>