<?xml version="1.0" encoding="UTF-8"?>
<testsuites tests="11" failures="0" errors="0" skipped="0">
  <testsuite timestamp="2025-04-30T17:29:32" time="1482.71" tests="11" failures="0" errors="0" skipped="0">
    <properties>
      <property name="specId" value="0" />
      <property name="suiteName" value="Partner specific tests US150819 US151080 US151654 US151176 US103444 US151078 US151079 US151109 US151174 US151175 US151189" />
      <property name="capabilities" value="chrome.135_0_7049_96.windows" />
      <property name="file" value="file:///D:/a/1/s/test/specs/BTS/manage-partners.spec.js" />
    </properties>
    <testcase classname="chrome.135_0_7049_96.windows.Partner_specific_tests_US150819_US151080_US151654_US151176_US103444_US151078_US151079_US151109_US151174_US151175_US151189" name="Should create a new yard prerequisite" time="145.654">
      <system-out><![CDATA[
COMMAND: POST /session/86a389c01bc54833c1d480b3c129d65f/window/fullscreen - {}
RESULT: {}
COMMAND: POST /session/86a389c01bc54833c1d480b3c129d65f/element - {"using":"xpath","value":"//li[.//span[text()=\"Manage Partners\"]]"}
RESULT: {"using":"xpath","value":"//li[.//span[text()=\"Manage Partners\"]]"}
COMMAND: POST /session/86a389c01bc54833c1d480b3c129d65f/element - {"using":"xpath","value":"//li[.//span[text()=\"Manage Partners\"]]"}
RESULT: {"using":"xpath","value":"//li[.//span[text()=\"Manage Partners\"]]"}
COMMAND: POST /session/86a389c01bc54833c1d480b3c129d65f/element - {"using":"css selector","value":"#shell-header-logo"}
RESULT: {"using":"css selector","value":"#shell-header-logo"}
COMMAND: POST /session/86a389c01bc54833c1d480b3c129d65f/element/f.89CEFFE823C31142EA3CFD6CAFD84276.d.89984E7003D3DD0E577B4A0463F34C87.e.265/click - {}
COMMAND: POST /session/86a389c01bc54833c1d480b3c129d65f/execute/sync - {"script":"<script> [8489 bytes]","args":[{"element-6066-11e4-a52e-4f735466cecf":"f.89CEFFE823C31142EA3CFD6CAFD84276.d.89984E7003D3DD0E577B4A0463F34C87.e.265","ELEMENT":"f.89CEFFE823C31142EA3CFD6CAFD84276.d.89984E7003D3DD0E577B4A0463F34C87.e.265"}]}
RESULT: {}
COMMAND: GET /session/86a389c01bc54833c1d480b3c129d65f/screenshot - {}
RESULT: {"script":"<script> [8489 bytes]","args":[{"element-6066-11e4-a52e-4f735466cecf":"f.89CEFFE823C31142EA3CFD6CAFD84276.d.89984E7003D3DD0E577B4A0463F34C87.e.265","ELEMENT":"f.89CEFFE823C31142EA3CFD6CAFD84276.d.89984E7003D3DD0E577B4A0463F34C87.e.265"}]}
COMMAND: POST /session/86a389c01bc54833c1d480b3c129d65f/execute/sync - {"script":"<script> [5351 bytes]","args":[{"element-6066-11e4-a52e-4f735466cecf":"f.89CEFFE823C31142EA3CFD6CAFD84276.d.89984E7003D3DD0E577B4A0463F34C87.e.265","ELEMENT":"f.89CEFFE823C31142EA3CFD6CAFD84276.d.89984E7003D3DD0E577B4A0463F34C87.e.265"}]}
COMMAND: GET /session/86a389c01bc54833c1d480b3c129d65f/screenshot - {}
RESULT: {}
RESULT: {"script":"<script> [5351 bytes]","args":[{"element-6066-11e4-a52e-4f735466cecf":"f.89CEFFE823C31142EA3CFD6CAFD84276.d.89984E7003D3DD0E577B4A0463F34C87.e.265","ELEMENT":"f.89CEFFE823C31142EA3CFD6CAFD84276.d.89984E7003D3DD0E577B4A0463F34C87.e.265"}]}
COMMAND: GET /session/86a389c01bc54833c1d480b3c129d65f/screenshot - {}
RESULT: {}
RESULT: {}
COMMAND: POST /session/86a389c01bc54833c1d480b3c129d65f/execute/async - {"script":"<script> [1562 bytes]","args":[{"selector":{"controlType":"sap.m.GenericTile","properties":{"header":"Manage Yards"}},"wdio_ui5_key":"sapm.GenericTile{\"header\":\"Manage Yards\"}"}]}
RESULT: {"script":"<script> [1562 bytes]","args":[{"selector":{"controlType":"sap.m.GenericTile","properties":{"header":"Manage Yards"}},"wdio_ui5_key":"sapm.GenericTile{\"header\":\"Manage Yards\"}"}]}
RESULT: undefined
COMMAND: POST /session/86a389c01bc54833c1d480b3c129d65f/element - {"using":"xpath","value":"//*[@id=\"__tile41\"]"}
RESULT: {"using":"xpath","value":"//*[@id=\"__tile41\"]"}
COMMAND: POST /session/86a389c01bc54833c1d480b3c129d65f/element/f.89CEFFE823C31142EA3CFD6CAFD84276.d.89984E7003D3DD0E577B4A0463F34C87.e.165/click - {}
RESULT: {}
COMMAND: POST /session/86a389c01bc54833c1d480b3c129d65f/element - {"using":"xpath","value":"//button[@data-kt=\"addNewYardOverflowToolbarButton\"]"}
COMMAND: GET /session/86a389c01bc54833c1d480b3c129d65f/screenshot - {}
RESULT: {"using":"xpath","value":"//button[@data-kt=\"addNewYardOverflowToolbarButton\"]"}
COMMAND: POST /session/86a389c01bc54833c1d480b3c129d65f/elements - {"using":"xpath","value":"//button[@data-kt=\"addNewYardOverflowToolbarButton\"]"}
RESULT: {}
RESULT: {"using":"xpath","value":"//button[@data-kt=\"addNewYardOverflowToolbarButton\"]"}
COMMAND: POST /session/86a389c01bc54833c1d480b3c129d65f/elements - {"using":"xpath","value":"//button[@data-kt=\"addNewYardOverflowToolbarButton\"]"}
RESULT: {"using":"xpath","value":"//button[@data-kt=\"addNewYardOverflowToolbarButton\"]"}
COMMAND: POST /session/86a389c01bc54833c1d480b3c129d65f/elements - {"using":"xpath","value":"//button[@data-kt=\"addNewYardOverflowToolbarButton\"]"}
RESULT: {"using":"xpath","value":"//button[@data-kt=\"addNewYardOverflowToolbarButton\"]"}
COMMAND: POST /session/86a389c01bc54833c1d480b3c129d65f/elements - {"using":"xpath","value":"//button[@data-kt=\"addNewYardOverflowToolbarButton\"]"}
RESULT: {"using":"xpath","value":"//button[@data-kt=\"addNewYardOverflowToolbarButton\"]"}
COMMAND: POST /session/86a389c01bc54833c1d480b3c129d65f/elements - {"using":"xpath","value":"//button[@data-kt=\"addNewYardOverflowToolbarButton\"]"}
RESULT: {"using":"xpath","value":"//button[@data-kt=\"addNewYardOverflowToolbarButton\"]"}
COMMAND: POST /session/86a389c01bc54833c1d480b3c129d65f/elements - {"using":"xpath","value":"//button[@data-kt=\"addNewYardOverflowToolbarButton\"]"}
RESULT: {"using":"xpath","value":"//button[@data-kt=\"addNewYardOverflowToolbarButton\"]"}
COMMAND: POST /session/86a389c01bc54833c1d480b3c129d65f/elements - {"using":"xpath","value":"//button[@data-kt=\"addNewYardOverflowToolbarButton\"]"}
RESULT: {"using":"xpath","value":"//button[@data-kt=\"addNewYardOverflowToolbarButton\"]"}
COMMAND: POST /session/86a389c01bc54833c1d480b3c129d65f/elements - {"using":"xpath","value":"//button[@data-kt=\"addNewYardOverflowToolbarButton\"]"}
RESULT: {"using":"xpath","value":"//button[@data-kt=\"addNewYardOverflowToolbarButton\"]"}
COMMAND: POST /session/86a389c01bc54833c1d480b3c129d65f/elements - {"using":"xpath","value":"//button[@data-kt=\"addNewYardOverflowToolbarButton\"]"}
RESULT: {"using":"xpath","value":"//button[@data-kt=\"addNewYardOverflowToolbarButton\"]"}
COMMAND: POST /session/86a389c01bc54833c1d480b3c129d65f/elements - {"using":"xpath","value":"//button[@data-kt=\"addNewYardOverflowToolbarButton\"]"}
RESULT: {"using":"xpath","value":"//button[@data-kt=\"addNewYardOverflowToolbarButton\"]"}
COMMAND: POST /session/86a389c01bc54833c1d480b3c129d65f/elements - {"using":"xpath","value":"//button[@data-kt=\"addNewYardOverflowToolbarButton\"]"}
RESULT: {"using":"xpath","value":"//button[@data-kt=\"addNewYardOverflowToolbarButton\"]"}
COMMAND: POST /session/86a389c01bc54833c1d480b3c129d65f/elements - {"using":"xpath","value":"//button[@data-kt=\"addNewYardOverflowToolbarButton\"]"}
RESULT: {"using":"xpath","value":"//button[@data-kt=\"addNewYardOverflowToolbarButton\"]"}
COMMAND: POST /session/86a389c01bc54833c1d480b3c129d65f/elements - {"using":"xpath","value":"//button[@data-kt=\"addNewYardOverflowToolbarButton\"]"}
RESULT: {"using":"xpath","value":"//button[@data-kt=\"addNewYardOverflowToolbarButton\"]"}
COMMAND: POST /session/86a389c01bc54833c1d480b3c129d65f/elements - {"using":"xpath","value":"//button[@data-kt=\"addNewYardOverflowToolbarButton\"]"}
RESULT: {"using":"xpath","value":"//button[@data-kt=\"addNewYardOverflowToolbarButton\"]"}
COMMAND: POST /session/86a389c01bc54833c1d480b3c129d65f/elements - {"using":"xpath","value":"//button[@data-kt=\"addNewYardOverflowToolbarButton\"]"}
RESULT: {"using":"xpath","value":"//button[@data-kt=\"addNewYardOverflowToolbarButton\"]"}
COMMAND: POST /session/86a389c01bc54833c1d480b3c129d65f/elements - {"using":"xpath","value":"//button[@data-kt=\"addNewYardOverflowToolbarButton\"]"}
RESULT: {"using":"xpath","value":"//button[@data-kt=\"addNewYardOverflowToolbarButton\"]"}
COMMAND: POST /session/86a389c01bc54833c1d480b3c129d65f/elements - {"using":"xpath","value":"//button[@data-kt=\"addNewYardOverflowToolbarButton\"]"}
RESULT: {"using":"xpath","value":"//button[@data-kt=\"addNewYardOverflowToolbarButton\"]"}
COMMAND: POST /session/86a389c01bc54833c1d480b3c129d65f/elements - {"using":"xpath","value":"//button[@data-kt=\"addNewYardOverflowToolbarButton\"]"}
RESULT: {"using":"xpath","value":"//button[@data-kt=\"addNewYardOverflowToolbarButton\"]"}
COMMAND: POST /session/86a389c01bc54833c1d480b3c129d65f/elements - {"using":"xpath","value":"//button[@data-kt=\"addNewYardOverflowToolbarButton\"]"}
RESULT: {"using":"xpath","value":"//button[@data-kt=\"addNewYardOverflowToolbarButton\"]"}
COMMAND: POST /session/86a389c01bc54833c1d480b3c129d65f/elements - {"using":"xpath","value":"//button[@data-kt=\"addNewYardOverflowToolbarButton\"]"}
RESULT: {"using":"xpath","value":"//button[@data-kt=\"addNewYardOverflowToolbarButton\"]"}
COMMAND: POST /session/86a389c01bc54833c1d480b3c129d65f/elements - {"using":"xpath","value":"//button[@data-kt=\"addNewYardOverflowToolbarButton\"]"}
RESULT: {"using":"xpath","value":"//button[@data-kt=\"addNewYardOverflowToolbarButton\"]"}
COMMAND: POST /session/86a389c01bc54833c1d480b3c129d65f/elements - {"using":"xpath","value":"//button[@data-kt=\"addNewYardOverflowToolbarButton\"]"}
RESULT: {"using":"xpath","value":"//button[@data-kt=\"addNewYardOverflowToolbarButton\"]"}
COMMAND: POST /session/86a389c01bc54833c1d480b3c129d65f/elements - {"using":"xpath","value":"//button[@data-kt=\"addNewYardOverflowToolbarButton\"]"}
RESULT: {"using":"xpath","value":"//button[@data-kt=\"addNewYardOverflowToolbarButton\"]"}
COMMAND: POST /session/86a389c01bc54833c1d480b3c129d65f/elements - {"using":"xpath","value":"//button[@data-kt=\"addNewYardOverflowToolbarButton\"]"}
RESULT: {"using":"xpath","value":"//button[@data-kt=\"addNewYardOverflowToolbarButton\"]"}
COMMAND: POST /session/86a389c01bc54833c1d480b3c129d65f/elements - {"using":"xpath","value":"//button[@data-kt=\"addNewYardOverflowToolbarButton\"]"}
RESULT: {"using":"xpath","value":"//button[@data-kt=\"addNewYardOverflowToolbarButton\"]"}
COMMAND: POST /session/86a389c01bc54833c1d480b3c129d65f/elements - {"using":"xpath","value":"//button[@data-kt=\"addNewYardOverflowToolbarButton\"]"}
RESULT: {"using":"xpath","value":"//button[@data-kt=\"addNewYardOverflowToolbarButton\"]"}
COMMAND: POST /session/86a389c01bc54833c1d480b3c129d65f/elements - {"using":"xpath","value":"//button[@data-kt=\"addNewYardOverflowToolbarButton\"]"}
RESULT: {"using":"xpath","value":"//button[@data-kt=\"addNewYardOverflowToolbarButton\"]"}
COMMAND: POST /session/86a389c01bc54833c1d480b3c129d65f/elements - {"using":"xpath","value":"//button[@data-kt=\"addNewYardOverflowToolbarButton\"]"}
RESULT: {"using":"xpath","value":"//button[@data-kt=\"addNewYardOverflowToolbarButton\"]"}
COMMAND: POST /session/86a389c01bc54833c1d480b3c129d65f/elements - {"using":"xpath","value":"//button[@data-kt=\"addNewYardOverflowToolbarButton\"]"}
RESULT: {"using":"xpath","value":"//button[@data-kt=\"addNewYardOverflowToolbarButton\"]"}
COMMAND: POST /session/86a389c01bc54833c1d480b3c129d65f/elements - {"using":"xpath","value":"//button[@data-kt=\"addNewYardOverflowToolbarButton\"]"}
RESULT: {"using":"xpath","value":"//button[@data-kt=\"addNewYardOverflowToolbarButton\"]"}
COMMAND: POST /session/86a389c01bc54833c1d480b3c129d65f/elements - {"using":"xpath","value":"//button[@data-kt=\"addNewYardOverflowToolbarButton\"]"}
RESULT: {"using":"xpath","value":"//button[@data-kt=\"addNewYardOverflowToolbarButton\"]"}
COMMAND: POST /session/86a389c01bc54833c1d480b3c129d65f/elements - {"using":"xpath","value":"//button[@data-kt=\"addNewYardOverflowToolbarButton\"]"}
RESULT: {"using":"xpath","value":"//button[@data-kt=\"addNewYardOverflowToolbarButton\"]"}
COMMAND: POST /session/86a389c01bc54833c1d480b3c129d65f/element - {"using":"xpath","value":"//button[@data-kt=\"addNewYardOverflowToolbarButton\"]"}
RESULT: {"using":"xpath","value":"//button[@data-kt=\"addNewYardOverflowToolbarButton\"]"}
COMMAND: POST /session/86a389c01bc54833c1d480b3c129d65f/execute/sync - {"script":"<script> [8489 bytes]","args":[{"element-6066-11e4-a52e-4f735466cecf":"f.89CEFFE823C31142EA3CFD6CAFD84276.d.89984E7003D3DD0E577B4A0463F34C87.e.299","ELEMENT":"f.89CEFFE823C31142EA3CFD6CAFD84276.d.89984E7003D3DD0E577B4A0463F34C87.e.299"}]}
RESULT: {"script":"<script> [8489 bytes]","args":[{"element-6066-11e4-a52e-4f735466cecf":"f.89CEFFE823C31142EA3CFD6CAFD84276.d.89984E7003D3DD0E577B4A0463F34C87.e.299","ELEMENT":"f.89CEFFE823C31142EA3CFD6CAFD84276.d.89984E7003D3DD0E577B4A0463F34C87.e.299"}]}
COMMAND: GET /session/86a389c01bc54833c1d480b3c129d65f/element/f.89CEFFE823C31142EA3CFD6CAFD84276.d.89984E7003D3DD0E577B4A0463F34C87.e.299/enabled - {}
COMMAND: GET /session/86a389c01bc54833c1d480b3c129d65f/screenshot - {}
RESULT: {}
RESULT: {}
COMMAND: POST /session/86a389c01bc54833c1d480b3c129d65f/execute/sync - {"script":"<script> [8489 bytes]","args":[{"element-6066-11e4-a52e-4f735466cecf":"f.89CEFFE823C31142EA3CFD6CAFD84276.d.89984E7003D3DD0E577B4A0463F34C87.e.299","ELEMENT":"f.89CEFFE823C31142EA3CFD6CAFD84276.d.89984E7003D3DD0E577B4A0463F34C87.e.299"}]}
COMMAND: GET /session/86a389c01bc54833c1d480b3c129d65f/screenshot - {}
RESULT: {"script":"<script> [8489 bytes]","args":[{"element-6066-11e4-a52e-4f735466cecf":"f.89CEFFE823C31142EA3CFD6CAFD84276.d.89984E7003D3DD0E577B4A0463F34C87.e.299","ELEMENT":"f.89CEFFE823C31142EA3CFD6CAFD84276.d.89984E7003D3DD0E577B4A0463F34C87.e.299"}]}
COMMAND: POST /session/86a389c01bc54833c1d480b3c129d65f/execute/sync - {"script":"<script> [5351 bytes]","args":[{"element-6066-11e4-a52e-4f735466cecf":"f.89CEFFE823C31142EA3CFD6CAFD84276.d.89984E7003D3DD0E577B4A0463F34C87.e.299","ELEMENT":"f.89CEFFE823C31142EA3CFD6CAFD84276.d.89984E7003D3DD0E577B4A0463F34C87.e.299"}]}
COMMAND: GET /session/86a389c01bc54833c1d480b3c129d65f/screenshot - {}
RESULT: {}
RESULT: {"script":"<script> [5351 bytes]","args":[{"element-6066-11e4-a52e-4f735466cecf":"f.89CEFFE823C31142EA3CFD6CAFD84276.d.89984E7003D3DD0E577B4A0463F34C87.e.299","ELEMENT":"f.89CEFFE823C31142EA3CFD6CAFD84276.d.89984E7003D3DD0E577B4A0463F34C87.e.299"}]}
COMMAND: POST /session/86a389c01bc54833c1d480b3c129d65f/element/f.89CEFFE823C31142EA3CFD6CAFD84276.d.89984E7003D3DD0E577B4A0463F34C87.e.299/click - {}
COMMAND: GET /session/86a389c01bc54833c1d480b3c129d65f/screenshot - {}
RESULT: {}
RESULT: {}
COMMAND: GET /session/86a389c01bc54833c1d480b3c129d65f/screenshot - {}
COMMAND: POST /session/86a389c01bc54833c1d480b3c129d65f/element - {"using":"xpath","value":"//input[@id=\"application-manageyards-display-component---NewYard--yardId-inner\"]"}
RESULT: {}
RESULT: {}
RESULT: {"using":"xpath","value":"//input[@id=\"application-manageyards-display-component---NewYard--yardId-inner\"]"}
COMMAND: POST /session/86a389c01bc54833c1d480b3c129d65f/element - {"using":"xpath","value":"//input[@id=\"application-manageyards-display-component---NewYard--yardId-inner\"]"}
RESULT: {"using":"xpath","value":"//input[@id=\"application-manageyards-display-component---NewYard--yardId-inner\"]"}
COMMAND: POST /session/86a389c01bc54833c1d480b3c129d65f/execute/async - {"script":"<script> [1562 bytes]","args":[{"selector":{"id":"application-manageyards-display-component---NewYard--addressDetailDetailsName1","interaction":{"idSuffix":"inner"}},"wdio_ui5_key":"applicationmanageyards-display-component---NewYard--addressDetailDetailsName1"}]}
RESULT: {"script":"<script> [1562 bytes]","args":[{"selector":{"id":"application-manageyards-display-component---NewYard--addressDetailDetailsName1","interaction":{"idSuffix":"inner"}},"wdio_ui5_key":"applicationmanageyards-display-component---NewYard--addressDetailDetailsName1"}]}
RESULT: undefined
COMMAND: POST /session/86a389c01bc54833c1d480b3c129d65f/execute/async - {"script":"<script> [776 bytes]","args":[{"enterText":"Intracompany Yard wdIO","selector":{"id":"application-manageyards-display-component---NewYard--addressDetailDetailsName1","interaction":{"idSuffix":"inner"}},"clearTextFirst":true,"interactionType":"ENTER_TEXT"}]}
RESULT: {"script":"<script> [776 bytes]","args":[{"enterText":"Intracompany Yard wdIO","selector":{"id":"application-manageyards-display-component---NewYard--addressDetailDetailsName1","interaction":{"idSuffix":"inner"}},"clearTextFirst":true,"interactionType":"ENTER_TEXT"}]}
COMMAND: POST /session/86a389c01bc54833c1d480b3c129d65f/execute/async - {"script":"<script> [1562 bytes]","args":[{"selector":{"id":"application-manageyards-display-component---NewYard--addressDetailDetailsLanguage-arrow"},"wdio_ui5_key":"applicationmanageyards-display-component---NewYard--addressDetailDetailsLanguage-arrow"}]}
RESULT: {"script":"<script> [1562 bytes]","args":[{"selector":{"id":"application-manageyards-display-component---NewYard--addressDetailDetailsLanguage-arrow"},"wdio_ui5_key":"applicationmanageyards-display-component---NewYard--addressDetailDetailsLanguage-arrow"}]}
RESULT: undefined
COMMAND: POST /session/86a389c01bc54833c1d480b3c129d65f/element - {"using":"xpath","value":"//*[@id=\"application-manageyards-display-component---NewYard--addressDetailDetailsLanguage-arrow\"]"}
RESULT: {"using":"xpath","value":"//*[@id=\"application-manageyards-display-component---NewYard--addressDetailDetailsLanguage-arrow\"]"}
COMMAND: POST /session/86a389c01bc54833c1d480b3c129d65f/element/f.89CEFFE823C31142EA3CFD6CAFD84276.d.89984E7003D3DD0E577B4A0463F34C87.e.733/click - {}
RESULT: {}
COMMAND: POST /session/86a389c01bc54833c1d480b3c129d65f/element - {"using":"xpath","value":"//span[contains(text(), \"English\")]"}
COMMAND: GET /session/86a389c01bc54833c1d480b3c129d65f/screenshot - {}
RESULT: {"using":"xpath","value":"//span[contains(text(), \"English\")]"}
COMMAND: POST /session/86a389c01bc54833c1d480b3c129d65f/element/f.89CEFFE823C31142EA3CFD6CAFD84276.d.89984E7003D3DD0E577B4A0463F34C87.e.734/click - {}
RESULT: {}
RESULT: {}
COMMAND: POST /session/86a389c01bc54833c1d480b3c129d65f/execute/async - {"script":"<script> [1562 bytes]","args":[{"selector":{"id":"application-manageyards-display-component---NewYard--addressDetailDetailsCity1","interaction":{"idSuffix":"inner"}},"wdio_ui5_key":"applicationmanageyards-display-component---NewYard--addressDetailDetailsCity1"}]}
COMMAND: GET /session/86a389c01bc54833c1d480b3c129d65f/screenshot - {}
RESULT: {"script":"<script> [1562 bytes]","args":[{"selector":{"id":"application-manageyards-display-component---NewYard--addressDetailDetailsCity1","interaction":{"idSuffix":"inner"}},"wdio_ui5_key":"applicationmanageyards-display-component---NewYard--addressDetailDetailsCity1"}]}
RESULT: undefined
COMMAND: POST /session/86a389c01bc54833c1d480b3c129d65f/execute/async - {"script":"<script> [776 bytes]","args":[{"enterText":"Rosario","selector":{"id":"application-manageyards-display-component---NewYard--addressDetailDetailsCity1","interaction":{"idSuffix":"inner"}},"clearTextFirst":true,"interactionType":"ENTER_TEXT"}]}
RESULT: {}
RESULT: {"script":"<script> [776 bytes]","args":[{"enterText":"Rosario","selector":{"id":"application-manageyards-display-component---NewYard--addressDetailDetailsCity1","interaction":{"idSuffix":"inner"}},"clearTextFirst":true,"interactionType":"ENTER_TEXT"}]}
COMMAND: POST /session/86a389c01bc54833c1d480b3c129d65f/execute/async - {"script":"<script> [1562 bytes]","args":[{"selector":{"id":"application-manageyards-display-component---NewYard--addressDetailDetailsCountry-arrow"},"wdio_ui5_key":"applicationmanageyards-display-component---NewYard--addressDetailDetailsCountry-arrow"}]}
RESULT: {"script":"<script> [1562 bytes]","args":[{"selector":{"id":"application-manageyards-display-component---NewYard--addressDetailDetailsCountry-arrow"},"wdio_ui5_key":"applicationmanageyards-display-component---NewYard--addressDetailDetailsCountry-arrow"}]}
RESULT: undefined
COMMAND: POST /session/86a389c01bc54833c1d480b3c129d65f/element - {"using":"xpath","value":"//*[@id=\"application-manageyards-display-component---NewYard--addressDetailDetailsCountry-arrow\"]"}
RESULT: {"using":"xpath","value":"//*[@id=\"application-manageyards-display-component---NewYard--addressDetailDetailsCountry-arrow\"]"}
COMMAND: POST /session/86a389c01bc54833c1d480b3c129d65f/element/f.89CEFFE823C31142EA3CFD6CAFD84276.d.89984E7003D3DD0E577B4A0463F34C87.e.736/click - {}
RESULT: {}
COMMAND: POST /session/86a389c01bc54833c1d480b3c129d65f/element - {"using":"xpath","value":"//span[contains(text(), \"Argentina\")]"}
COMMAND: GET /session/86a389c01bc54833c1d480b3c129d65f/screenshot - {}
RESULT: {"using":"xpath","value":"//span[contains(text(), \"Argentina\")]"}
COMMAND: POST /session/86a389c01bc54833c1d480b3c129d65f/element/f.89CEFFE823C31142EA3CFD6CAFD84276.d.89984E7003D3DD0E577B4A0463F34C87.e.737/click - {}
RESULT: {}
RESULT: {}
COMMAND: POST /session/86a389c01bc54833c1d480b3c129d65f/execute/async - {"script":"<script> [1562 bytes]","args":[{"selector":{"id":"application-manageyards-display-component---NewYard--addressEditDetailsCostObjectCstType-arrow"},"wdio_ui5_key":"applicationmanageyards-display-component---NewYard--addressEditDetailsCostObjectCstType-arrow"}]}
COMMAND: GET /session/86a389c01bc54833c1d480b3c129d65f/screenshot - {}
RESULT: {"script":"<script> [1562 bytes]","args":[{"selector":{"id":"application-manageyards-display-component---NewYard--addressEditDetailsCostObjectCstType-arrow"},"wdio_ui5_key":"applicationmanageyards-display-component---NewYard--addressEditDetailsCostObjectCstType-arrow"}]}
RESULT: undefined
COMMAND: POST /session/86a389c01bc54833c1d480b3c129d65f/element - {"using":"xpath","value":"//*[@id=\"application-manageyards-display-component---NewYard--addressEditDetailsCostObjectCstType-arrow\"]"}
RESULT: {}
RESULT: {"using":"xpath","value":"//*[@id=\"application-manageyards-display-component---NewYard--addressEditDetailsCostObjectCstType-arrow\"]"}
COMMAND: POST /session/86a389c01bc54833c1d480b3c129d65f/element/f.89CEFFE823C31142EA3CFD6CAFD84276.d.89984E7003D3DD0E577B4A0463F34C87.e.739/click - {}
RESULT: {}
COMMAND: POST /session/86a389c01bc54833c1d480b3c129d65f/element - {"using":"xpath","value":"//span[contains(text(), \"Cost Center\")]"}
COMMAND: GET /session/86a389c01bc54833c1d480b3c129d65f/screenshot - {}
RESULT: {"using":"xpath","value":"//span[contains(text(), \"Cost Center\")]"}
COMMAND: POST /session/86a389c01bc54833c1d480b3c129d65f/element/f.89CEFFE823C31142EA3CFD6CAFD84276.d.89984E7003D3DD0E577B4A0463F34C87.e.740/click - {}
RESULT: {}
RESULT: {}
COMMAND: GET /session/86a389c01bc54833c1d480b3c129d65f/screenshot - {}
RESULT: {}
COMMAND: POST /session/86a389c01bc54833c1d480b3c129d65f/element - {"using":"xpath","value":"//span[@id=\"application-manageyards-display-component---NewYard--addressNewCostObjectCstID-vhi\"]"}
RESULT: {"using":"xpath","value":"//span[@id=\"application-manageyards-display-component---NewYard--addressNewCostObjectCstID-vhi\"]"}
COMMAND: POST /session/86a389c01bc54833c1d480b3c129d65f/execute/sync - {"script":"<script> [8489 bytes]","args":[{"element-6066-11e4-a52e-4f735466cecf":"f.89CEFFE823C31142EA3CFD6CAFD84276.d.89984E7003D3DD0E577B4A0463F34C87.e.744","ELEMENT":"f.89CEFFE823C31142EA3CFD6CAFD84276.d.89984E7003D3DD0E577B4A0463F34C87.e.744"}]}
RESULT: {"script":"<script> [8489 bytes]","args":[{"element-6066-11e4-a52e-4f735466cecf":"f.89CEFFE823C31142EA3CFD6CAFD84276.d.89984E7003D3DD0E577B4A0463F34C87.e.744","ELEMENT":"f.89CEFFE823C31142EA3CFD6CAFD84276.d.89984E7003D3DD0E577B4A0463F34C87.e.744"}]}
COMMAND: POST /session/86a389c01bc54833c1d480b3c129d65f/execute/async - {"script":"<script> [1562 bytes]","args":[{"selector":{"id":"application-manageyards-display-component---NewYard--addressNewCostObjectCstID-vhi"},"wdio_ui5_key":"applicationmanageyards-display-component---NewYard--addressNewCostObjectCstID-vhi"}]}
COMMAND: GET /session/86a389c01bc54833c1d480b3c129d65f/screenshot - {}
RESULT: {"script":"<script> [1562 bytes]","args":[{"selector":{"id":"application-manageyards-display-component---NewYard--addressNewCostObjectCstID-vhi"},"wdio_ui5_key":"applicationmanageyards-display-component---NewYard--addressNewCostObjectCstID-vhi"}]}
RESULT: undefined
COMMAND: POST /session/86a389c01bc54833c1d480b3c129d65f/element - {"using":"xpath","value":"//*[@id=\"application-manageyards-display-component---NewYard--addressNewCostObjectCstID-vhi\"]"}
RESULT: {}
RESULT: {"using":"xpath","value":"//*[@id=\"application-manageyards-display-component---NewYard--addressNewCostObjectCstID-vhi\"]"}
COMMAND: POST /session/86a389c01bc54833c1d480b3c129d65f/element/f.89CEFFE823C31142EA3CFD6CAFD84276.d.89984E7003D3DD0E577B4A0463F34C87.e.744/click - {}
RESULT: {}
COMMAND: GET /session/86a389c01bc54833c1d480b3c129d65f/screenshot - {}
RESULT: {}
COMMAND: POST /session/86a389c01bc54833c1d480b3c129d65f/execute/async - {"script":"<script> [1562 bytes]","args":[{"selector":{"controlType":"sap.m.SearchField","properties":{"placeholder":"Search"},"searchOpenDialogs":true,"interaction":{"idSuffix":"I"}},"wdio_ui5_key":"sapm.SearchField{\"placeholder\":\"Search\"}"}]}
RESULT: {"script":"<script> [1562 bytes]","args":[{"selector":{"controlType":"sap.m.SearchField","properties":{"placeholder":"Search"},"searchOpenDialogs":true,"interaction":{"idSuffix":"I"}},"wdio_ui5_key":"sapm.SearchField{\"placeholder\":\"Search\"}"}]}
RESULT: undefined
COMMAND: POST /session/86a389c01bc54833c1d480b3c129d65f/execute/async - {"script":"<script> [776 bytes]","args":[{"enterText":"10001013","selector":{"controlType":"sap.m.SearchField","properties":{"placeholder":"Search"},"searchOpenDialogs":true,"interaction":{"idSuffix":"I"}},"clearTextFirst":true,"interactionType":"ENTER_TEXT"}]}
RESULT: {"script":"<script> [776 bytes]","args":[{"enterText":"10001013","selector":{"controlType":"sap.m.SearchField","properties":{"placeholder":"Search"},"searchOpenDialogs":true,"interaction":{"idSuffix":"I"}},"clearTextFirst":true,"interactionType":"ENTER_TEXT"}]}
COMMAND: POST /session/86a389c01bc54833c1d480b3c129d65f/actions - {"actions":[{"id":"action1","type":"key","parameters":{},"actions":[{"type":"keyDown","value":"î€‡"},{"type":"pause","duration":10},{"type":"keyUp","value":"î€‡"}]}]}
RESULT: {"actions":[{"id":"action1","type":"key","parameters":{},"actions":[{"type":"keyDown","value":"î€‡"},{"type":"pause","duration":10},{"type":"keyUp","value":"î€‡"}]}]}
COMMAND: GET /session/86a389c01bc54833c1d480b3c129d65f/screenshot - {}
RESULT: {}
COMMAND: POST /session/86a389c01bc54833c1d480b3c129d65f/element - {"using":"xpath","value":"//span[contains(text(), \"General Management\")]"}
RESULT: {"using":"xpath","value":"//span[contains(text(), \"General Management\")]"}
COMMAND: POST /session/86a389c01bc54833c1d480b3c129d65f/element/f.89CEFFE823C31142EA3CFD6CAFD84276.d.89984E7003D3DD0E577B4A0463F34C87.e.786/click - {}
RESULT: {}
COMMAND: GET /session/86a389c01bc54833c1d480b3c129d65f/screenshot - {}
RESULT: {}
COMMAND: POST /session/86a389c01bc54833c1d480b3c129d65f/element - {"using":"xpath","value":"//bdi[contains(text(), \"OK\")]"}
RESULT: {"using":"xpath","value":"//bdi[contains(text(), \"OK\")]"}
COMMAND: POST /session/86a389c01bc54833c1d480b3c129d65f/element/f.89CEFFE823C31142EA3CFD6CAFD84276.d.89984E7003D3DD0E577B4A0463F34C87.e.787/click - {}
RESULT: {}
COMMAND: GET /session/86a389c01bc54833c1d480b3c129d65f/screenshot - {}
RESULT: {}
COMMAND: POST /session/86a389c01bc54833c1d480b3c129d65f/execute/async - {"script":"<script> [1562 bytes]","args":[{"selector":{"id":"application-manageyards-display-component---NewYard--addressEditDetailsCurrency-arrow"},"wdio_ui5_key":"applicationmanageyards-display-component---NewYard--addressEditDetailsCurrency-arrow"}]}
RESULT: {"script":"<script> [1562 bytes]","args":[{"selector":{"id":"application-manageyards-display-component---NewYard--addressEditDetailsCurrency-arrow"},"wdio_ui5_key":"applicationmanageyards-display-component---NewYard--addressEditDetailsCurrency-arrow"}]}
RESULT: undefined
COMMAND: POST /session/86a389c01bc54833c1d480b3c129d65f/element - {"using":"xpath","value":"//*[@id=\"application-manageyards-display-component---NewYard--addressEditDetailsCurrency-arrow\"]"}
RESULT: {"using":"xpath","value":"//*[@id=\"application-manageyards-display-component---NewYard--addressEditDetailsCurrency-arrow\"]"}
COMMAND: POST /session/86a389c01bc54833c1d480b3c129d65f/element/f.89CEFFE823C31142EA3CFD6CAFD84276.d.89984E7003D3DD0E577B4A0463F34C87.e.790/click - {}
RESULT: {}
COMMAND: POST /session/86a389c01bc54833c1d480b3c129d65f/element - {"using":"xpath","value":"//span[contains(text(), \"Euro\")]"}
COMMAND: GET /session/86a389c01bc54833c1d480b3c129d65f/screenshot - {}
RESULT: {"using":"xpath","value":"//span[contains(text(), \"Euro\")]"}
COMMAND: POST /session/86a389c01bc54833c1d480b3c129d65f/element/f.89CEFFE823C31142EA3CFD6CAFD84276.d.89984E7003D3DD0E577B4A0463F34C87.e.791/click - {}
RESULT: {}
RESULT: {}
COMMAND: POST /session/86a389c01bc54833c1d480b3c129d65f/execute/async - {"script":"<script> [1562 bytes]","args":[{"selector":{"controlType":"sap.m.Input","viewName":"etm.portal.ui.manageyards.view.New","viewId":"application-manageyards-display-component---NewYard","bindingPath":{"path":"","propertyPath":"/CONTROLLING_AREA","modelName":"NewYardModel"},"interaction":{"idSuffix":"inner"}},"wdio_ui5_key":"etmportal.ui.manageyards.view.Newsap.m.Input{\"path\":\"\",\"propertyPath\":\"/CONTROLLING_AREA\",\"modelName\":\"NewYardModel\"}"}]}
COMMAND: GET /session/86a389c01bc54833c1d480b3c129d65f/screenshot - {}
RESULT: {"script":"<script> [1562 bytes]","args":[{"selector":{"controlType":"sap.m.Input","viewName":"etm.portal.ui.manageyards.view.New","viewId":"application-manageyards-display-component---NewYard","bindingPath":{"path":"","propertyPath":"/CONTROLLING_AREA","modelName":"NewYardModel"},"interaction":{"idSuffix":"inner"}},"wdio_ui5_key":"etmportal.ui.manageyards.view.Newsap.m.Input{\"path\":\"\",\"propertyPath\":\"/CONTROLLING_AREA\",\"modelName\":\"NewYardModel\"}"}]}
RESULT: undefined
COMMAND: POST /session/86a389c01bc54833c1d480b3c129d65f/execute/async - {"script":"<script> [776 bytes]","args":[{"enterText":"Z001","selector":{"controlType":"sap.m.Input","viewName":"etm.portal.ui.manageyards.view.New","viewId":"application-manageyards-display-component---NewYard","bindingPath":{"path":"","propertyPath":"/CONTROLLING_AREA","modelName":"NewYardModel"},"interaction":{"idSuffix":"inner"}},"clearTextFirst":true,"interactionType":"ENTER_TEXT"}]}
RESULT: {}
RESULT: {"script":"<script> [776 bytes]","args":[{"enterText":"Z001","selector":{"controlType":"sap.m.Input","viewName":"etm.portal.ui.manageyards.view.New","viewId":"application-manageyards-display-component---NewYard","bindingPath":{"path":"","propertyPath":"/CONTROLLING_AREA","modelName":"NewYardModel"},"interaction":{"idSuffix":"inner"}},"clearTextFirst":true,"interactionType":"ENTER_TEXT"}]}
COMMAND: POST /session/86a389c01bc54833c1d480b3c129d65f/execute/async - {"script":"<script> [1562 bytes]","args":[{"selector":{"id":"application-manageyards-display-component---NewYard--companyCodeComboBox","interaction":{"idSuffix":"inner"}},"wdio_ui5_key":"applicationmanageyards-display-component---NewYard--companyCodeComboBox"}]}
RESULT: {"script":"<script> [1562 bytes]","args":[{"selector":{"id":"application-manageyards-display-component---NewYard--companyCodeComboBox","interaction":{"idSuffix":"inner"}},"wdio_ui5_key":"applicationmanageyards-display-component---NewYard--companyCodeComboBox"}]}
RESULT: undefined
COMMAND: POST /session/86a389c01bc54833c1d480b3c129d65f/execute/async - {"script":"<script> [776 bytes]","args":[{"enterText":"1000","selector":{"id":"application-manageyards-display-component---NewYard--companyCodeComboBox","interaction":{"idSuffix":"inner"}},"clearTextFirst":true,"interactionType":"ENTER_TEXT"}]}
RESULT: {"script":"<script> [776 bytes]","args":[{"enterText":"1000","selector":{"id":"application-manageyards-display-component---NewYard--companyCodeComboBox","interaction":{"idSuffix":"inner"}},"clearTextFirst":true,"interactionType":"ENTER_TEXT"}]}
COMMAND: POST /session/86a389c01bc54833c1d480b3c129d65f/execute/async - {"script":"<script> [1562 bytes]","args":[{"selector":{"controlType":"sap.m.Input","viewName":"etm.portal.ui.manageyards.view.New","viewId":"application-manageyards-display-component---NewYard","bindingPath":{"path":"","propertyPath":"/PLANT","modelName":"NewYardModel"},"interaction":{"idSuffix":"inner"}},"wdio_ui5_key":"etmportal.ui.manageyards.view.Newsap.m.Input{\"path\":\"\",\"propertyPath\":\"/PLANT\",\"modelName\":\"NewYardModel\"}"}]}
RESULT: {"script":"<script> [1562 bytes]","args":[{"selector":{"controlType":"sap.m.Input","viewName":"etm.portal.ui.manageyards.view.New","viewId":"application-manageyards-display-component---NewYard","bindingPath":{"path":"","propertyPath":"/PLANT","modelName":"NewYardModel"},"interaction":{"idSuffix":"inner"}},"wdio_ui5_key":"etmportal.ui.manageyards.view.Newsap.m.Input{\"path\":\"\",\"propertyPath\":\"/PLANT\",\"modelName\":\"NewYardModel\"}"}]}
RESULT: undefined
COMMAND: POST /session/86a389c01bc54833c1d480b3c129d65f/execute/async - {"script":"<script> [776 bytes]","args":[{"enterText":"1001","selector":{"controlType":"sap.m.Input","viewName":"etm.portal.ui.manageyards.view.New","viewId":"application-manageyards-display-component---NewYard","bindingPath":{"path":"","propertyPath":"/PLANT","modelName":"NewYardModel"},"interaction":{"idSuffix":"inner"}},"clearTextFirst":true,"interactionType":"ENTER_TEXT"}]}
RESULT: {"script":"<script> [776 bytes]","args":[{"enterText":"1001","selector":{"controlType":"sap.m.Input","viewName":"etm.portal.ui.manageyards.view.New","viewId":"application-manageyards-display-component---NewYard","bindingPath":{"path":"","propertyPath":"/PLANT","modelName":"NewYardModel"},"interaction":{"idSuffix":"inner"}},"clearTextFirst":true,"interactionType":"ENTER_TEXT"}]}
COMMAND: POST /session/86a389c01bc54833c1d480b3c129d65f/execute/async - {"script":"<script> [1562 bytes]","args":[{"selector":{"controlType":"sap.m.Input","viewName":"etm.portal.ui.manageyards.view.New","viewId":"application-manageyards-display-component---NewYard","bindingPath":{"path":"","propertyPath":"/SALES_AREA_VKORG","modelName":"NewYardModel"},"interaction":{"idSuffix":"inner"}},"wdio_ui5_key":"etmportal.ui.manageyards.view.Newsap.m.Input{\"path\":\"\",\"propertyPath\":\"/SALES_AREA_VKORG\",\"modelName\":\"NewYardModel\"}"}]}
RESULT: {"script":"<script> [1562 bytes]","args":[{"selector":{"controlType":"sap.m.Input","viewName":"etm.portal.ui.manageyards.view.New","viewId":"application-manageyards-display-component---NewYard","bindingPath":{"path":"","propertyPath":"/SALES_AREA_VKORG","modelName":"NewYardModel"},"interaction":{"idSuffix":"inner"}},"wdio_ui5_key":"etmportal.ui.manageyards.view.Newsap.m.Input{\"path\":\"\",\"propertyPath\":\"/SALES_AREA_VKORG\",\"modelName\":\"NewYardModel\"}"}]}
RESULT: undefined
COMMAND: POST /session/86a389c01bc54833c1d480b3c129d65f/execute/async - {"script":"<script> [776 bytes]","args":[{"enterText":"C002","selector":{"controlType":"sap.m.Input","viewName":"etm.portal.ui.manageyards.view.New","viewId":"application-manageyards-display-component---NewYard","bindingPath":{"path":"","propertyPath":"/SALES_AREA_VKORG","modelName":"NewYardModel"},"interaction":{"idSuffix":"inner"}},"clearTextFirst":true,"interactionType":"ENTER_TEXT"}]}
RESULT: {"script":"<script> [776 bytes]","args":[{"enterText":"C002","selector":{"controlType":"sap.m.Input","viewName":"etm.portal.ui.manageyards.view.New","viewId":"application-manageyards-display-component---NewYard","bindingPath":{"path":"","propertyPath":"/SALES_AREA_VKORG","modelName":"NewYardModel"},"interaction":{"idSuffix":"inner"}},"clearTextFirst":true,"interactionType":"ENTER_TEXT"}]}
COMMAND: POST /session/86a389c01bc54833c1d480b3c129d65f/execute/async - {"script":"<script> [1562 bytes]","args":[{"selector":{"controlType":"sap.m.Input","viewName":"etm.portal.ui.manageyards.view.New","viewId":"application-manageyards-display-component---NewYard","bindingPath":{"path":"","propertyPath":"/SALES_AREA_VTWEG","modelName":"NewYardModel"},"interaction":{"idSuffix":"inner"}},"wdio_ui5_key":"etmportal.ui.manageyards.view.Newsap.m.Input{\"path\":\"\",\"propertyPath\":\"/SALES_AREA_VTWEG\",\"modelName\":\"NewYardModel\"}"}]}
RESULT: {"script":"<script> [1562 bytes]","args":[{"selector":{"controlType":"sap.m.Input","viewName":"etm.portal.ui.manageyards.view.New","viewId":"application-manageyards-display-component---NewYard","bindingPath":{"path":"","propertyPath":"/SALES_AREA_VTWEG","modelName":"NewYardModel"},"interaction":{"idSuffix":"inner"}},"wdio_ui5_key":"etmportal.ui.manageyards.view.Newsap.m.Input{\"path\":\"\",\"propertyPath\":\"/SALES_AREA_VTWEG\",\"modelName\":\"NewYardModel\"}"}]}
RESULT: undefined
COMMAND: POST /session/86a389c01bc54833c1d480b3c129d65f/execute/async - {"script":"<script> [776 bytes]","args":[{"enterText":"C2","selector":{"controlType":"sap.m.Input","viewName":"etm.portal.ui.manageyards.view.New","viewId":"application-manageyards-display-component---NewYard","bindingPath":{"path":"","propertyPath":"/SALES_AREA_VTWEG","modelName":"NewYardModel"},"interaction":{"idSuffix":"inner"}},"clearTextFirst":true,"interactionType":"ENTER_TEXT"}]}
RESULT: {"script":"<script> [776 bytes]","args":[{"enterText":"C2","selector":{"controlType":"sap.m.Input","viewName":"etm.portal.ui.manageyards.view.New","viewId":"application-manageyards-display-component---NewYard","bindingPath":{"path":"","propertyPath":"/SALES_AREA_VTWEG","modelName":"NewYardModel"},"interaction":{"idSuffix":"inner"}},"clearTextFirst":true,"interactionType":"ENTER_TEXT"}]}
COMMAND: POST /session/86a389c01bc54833c1d480b3c129d65f/execute/async - {"script":"<script> [1562 bytes]","args":[{"selector":{"controlType":"sap.m.Input","viewName":"etm.portal.ui.manageyards.view.New","viewId":"application-manageyards-display-component---NewYard","bindingPath":{"path":"","propertyPath":"/SALES_AREA_SPART","modelName":"NewYardModel"},"interaction":{"idSuffix":"inner"}},"wdio_ui5_key":"etmportal.ui.manageyards.view.Newsap.m.Input{\"path\":\"\",\"propertyPath\":\"/SALES_AREA_SPART\",\"modelName\":\"NewYardModel\"}"}]}
RESULT: {"script":"<script> [1562 bytes]","args":[{"selector":{"controlType":"sap.m.Input","viewName":"etm.portal.ui.manageyards.view.New","viewId":"application-manageyards-display-component---NewYard","bindingPath":{"path":"","propertyPath":"/SALES_AREA_SPART","modelName":"NewYardModel"},"interaction":{"idSuffix":"inner"}},"wdio_ui5_key":"etmportal.ui.manageyards.view.Newsap.m.Input{\"path\":\"\",\"propertyPath\":\"/SALES_AREA_SPART\",\"modelName\":\"NewYardModel\"}"}]}
RESULT: undefined
COMMAND: POST /session/86a389c01bc54833c1d480b3c129d65f/execute/async - {"script":"<script> [776 bytes]","args":[{"enterText":"C2","selector":{"controlType":"sap.m.Input","viewName":"etm.portal.ui.manageyards.view.New","viewId":"application-manageyards-display-component---NewYard","bindingPath":{"path":"","propertyPath":"/SALES_AREA_SPART","modelName":"NewYardModel"},"interaction":{"idSuffix":"inner"}},"clearTextFirst":true,"interactionType":"ENTER_TEXT"}]}
RESULT: {"script":"<script> [776 bytes]","args":[{"enterText":"C2","selector":{"controlType":"sap.m.Input","viewName":"etm.portal.ui.manageyards.view.New","viewId":"application-manageyards-display-component---NewYard","bindingPath":{"path":"","propertyPath":"/SALES_AREA_SPART","modelName":"NewYardModel"},"interaction":{"idSuffix":"inner"}},"clearTextFirst":true,"interactionType":"ENTER_TEXT"}]}
COMMAND: POST /session/86a389c01bc54833c1d480b3c129d65f/execute/async - {"script":"<script> [1562 bytes]","args":[{"selector":{"controlType":"sap.m.Input","viewName":"etm.portal.ui.manageyards.view.New","viewId":"application-manageyards-display-component---NewYard","bindingPath":{"path":"","propertyPath":"/SHIP_POINT","modelName":"NewYardModel"},"interaction":{"idSuffix":"inner"}},"wdio_ui5_key":"etmportal.ui.manageyards.view.Newsap.m.Input{\"path\":\"\",\"propertyPath\":\"/SHIP_POINT\",\"modelName\":\"NewYardModel\"}"}]}
RESULT: {"script":"<script> [1562 bytes]","args":[{"selector":{"controlType":"sap.m.Input","viewName":"etm.portal.ui.manageyards.view.New","viewId":"application-manageyards-display-component---NewYard","bindingPath":{"path":"","propertyPath":"/SHIP_POINT","modelName":"NewYardModel"},"interaction":{"idSuffix":"inner"}},"wdio_ui5_key":"etmportal.ui.manageyards.view.Newsap.m.Input{\"path\":\"\",\"propertyPath\":\"/SHIP_POINT\",\"modelName\":\"NewYardModel\"}"}]}
RESULT: undefined
COMMAND: POST /session/86a389c01bc54833c1d480b3c129d65f/execute/async - {"script":"<script> [776 bytes]","args":[{"enterText":"1710","selector":{"controlType":"sap.m.Input","viewName":"etm.portal.ui.manageyards.view.New","viewId":"application-manageyards-display-component---NewYard","bindingPath":{"path":"","propertyPath":"/SHIP_POINT","modelName":"NewYardModel"},"interaction":{"idSuffix":"inner"}},"clearTextFirst":true,"interactionType":"ENTER_TEXT"}]}
RESULT: {"script":"<script> [776 bytes]","args":[{"enterText":"1710","selector":{"controlType":"sap.m.Input","viewName":"etm.portal.ui.manageyards.view.New","viewId":"application-manageyards-display-component---NewYard","bindingPath":{"path":"","propertyPath":"/SHIP_POINT","modelName":"NewYardModel"},"interaction":{"idSuffix":"inner"}},"clearTextFirst":true,"interactionType":"ENTER_TEXT"}]}
COMMAND: POST /session/86a389c01bc54833c1d480b3c129d65f/execute/async - {"script":"<script> [1562 bytes]","args":[{"selector":{"controlType":"sap.m.Input","viewName":"etm.portal.ui.manageyards.view.New","viewId":"application-manageyards-display-component---NewYard","bindingPath":{"path":"","propertyPath":"/DELIVERY_TYPE","modelName":"NewYardModel"},"interaction":{"idSuffix":"inner"}},"wdio_ui5_key":"etmportal.ui.manageyards.view.Newsap.m.Input{\"path\":\"\",\"propertyPath\":\"/DELIVERY_TYPE\",\"modelName\":\"NewYardModel\"}"}]}
RESULT: {"script":"<script> [1562 bytes]","args":[{"selector":{"controlType":"sap.m.Input","viewName":"etm.portal.ui.manageyards.view.New","viewId":"application-manageyards-display-component---NewYard","bindingPath":{"path":"","propertyPath":"/DELIVERY_TYPE","modelName":"NewYardModel"},"interaction":{"idSuffix":"inner"}},"wdio_ui5_key":"etmportal.ui.manageyards.view.Newsap.m.Input{\"path\":\"\",\"propertyPath\":\"/DELIVERY_TYPE\",\"modelName\":\"NewYardModel\"}"}]}
RESULT: undefined
COMMAND: POST /session/86a389c01bc54833c1d480b3c129d65f/execute/async - {"script":"<script> [776 bytes]","args":[{"enterText":"ZL01","selector":{"controlType":"sap.m.Input","viewName":"etm.portal.ui.manageyards.view.New","viewId":"application-manageyards-display-component---NewYard","bindingPath":{"path":"","propertyPath":"/DELIVERY_TYPE","modelName":"NewYardModel"},"interaction":{"idSuffix":"inner"}},"clearTextFirst":true,"interactionType":"ENTER_TEXT"}]}
RESULT: {"script":"<script> [776 bytes]","args":[{"enterText":"ZL01","selector":{"controlType":"sap.m.Input","viewName":"etm.portal.ui.manageyards.view.New","viewId":"application-manageyards-display-component---NewYard","bindingPath":{"path":"","propertyPath":"/DELIVERY_TYPE","modelName":"NewYardModel"},"interaction":{"idSuffix":"inner"}},"clearTextFirst":true,"interactionType":"ENTER_TEXT"}]}
COMMAND: POST /session/86a389c01bc54833c1d480b3c129d65f/execute/async - {"script":"<script> [1562 bytes]","args":[{"selector":{"controlType":"sap.m.Input","viewName":"etm.portal.ui.manageyards.view.New","viewId":"application-manageyards-display-component---NewYard","bindingPath":{"path":"","propertyPath":"/AUART","modelName":"NewYardModel"},"interaction":{"idSuffix":"inner"}},"wdio_ui5_key":"etmportal.ui.manageyards.view.Newsap.m.Input{\"path\":\"\",\"propertyPath\":\"/AUART\",\"modelName\":\"NewYardModel\"}"}]}
RESULT: {"script":"<script> [1562 bytes]","args":[{"selector":{"controlType":"sap.m.Input","viewName":"etm.portal.ui.manageyards.view.New","viewId":"application-manageyards-display-component---NewYard","bindingPath":{"path":"","propertyPath":"/AUART","modelName":"NewYardModel"},"interaction":{"idSuffix":"inner"}},"wdio_ui5_key":"etmportal.ui.manageyards.view.Newsap.m.Input{\"path\":\"\",\"propertyPath\":\"/AUART\",\"modelName\":\"NewYardModel\"}"}]}
RESULT: undefined
COMMAND: POST /session/86a389c01bc54833c1d480b3c129d65f/execute/async - {"script":"<script> [776 bytes]","args":[{"enterText":"TA","selector":{"controlType":"sap.m.Input","viewName":"etm.portal.ui.manageyards.view.New","viewId":"application-manageyards-display-component---NewYard","bindingPath":{"path":"","propertyPath":"/AUART","modelName":"NewYardModel"},"interaction":{"idSuffix":"inner"}},"clearTextFirst":true,"interactionType":"ENTER_TEXT"}]}
RESULT: {"script":"<script> [776 bytes]","args":[{"enterText":"TA","selector":{"controlType":"sap.m.Input","viewName":"etm.portal.ui.manageyards.view.New","viewId":"application-manageyards-display-component---NewYard","bindingPath":{"path":"","propertyPath":"/AUART","modelName":"NewYardModel"},"interaction":{"idSuffix":"inner"}},"clearTextFirst":true,"interactionType":"ENTER_TEXT"}]}
COMMAND: POST /session/86a389c01bc54833c1d480b3c129d65f/element - {"using":"xpath","value":"//button[@data-kt=\"newYardSaveButton\"]"}
RESULT: {"using":"xpath","value":"//button[@data-kt=\"newYardSaveButton\"]"}
COMMAND: POST /session/86a389c01bc54833c1d480b3c129d65f/element/f.89CEFFE823C31142EA3CFD6CAFD84276.d.89984E7003D3DD0E577B4A0463F34C87.e.718/click - {}
RESULT: {}
COMMAND: GET /session/86a389c01bc54833c1d480b3c129d65f/screenshot - {}
RESULT: {}
COMMAND: POST /session/86a389c01bc54833c1d480b3c129d65f/element - {"using":"xpath","value":"//header[contains(@id, 'ObjectPageLayout-headerTitle')]/div[1]/div[2]/div[1]/span[1]"}
RESULT: {"using":"xpath","value":"//header[contains(@id, 'ObjectPageLayout-headerTitle')]/div[1]/div[2]/div[1]/span[1]"}
COMMAND: POST /session/86a389c01bc54833c1d480b3c129d65f/elements - {"using":"xpath","value":"//header[contains(@id, 'ObjectPageLayout-headerTitle')]/div[1]/div[2]/div[1]/span[1]"}
RESULT: {"using":"xpath","value":"//header[contains(@id, 'ObjectPageLayout-headerTitle')]/div[1]/div[2]/div[1]/span[1]"}
COMMAND: POST /session/86a389c01bc54833c1d480b3c129d65f/execute/sync - {"script":"<script> [56 bytes]","args":[{"element-6066-11e4-a52e-4f735466cecf":"f.89CEFFE823C31142EA3CFD6CAFD84276.d.89984E7003D3DD0E577B4A0463F34C87.e.1023","ELEMENT":"f.89CEFFE823C31142EA3CFD6CAFD84276.d.89984E7003D3DD0E577B4A0463F34C87.e.1023"}]}
RESULT: {"script":"<script> [56 bytes]","args":[{"element-6066-11e4-a52e-4f735466cecf":"f.89CEFFE823C31142EA3CFD6CAFD84276.d.89984E7003D3DD0E577B4A0463F34C87.e.1023","ELEMENT":"f.89CEFFE823C31142EA3CFD6CAFD84276.d.89984E7003D3DD0E577B4A0463F34C87.e.1023"}]}
COMMAND: GET /session/86a389c01bc54833c1d480b3c129d65f/screenshot - {}
RESULT: {}
COMMAND: POST /session/86a389c01bc54833c1d480b3c129d65f/element - {"using":"css selector","value":"#shell-header-logo"}
RESULT: {"using":"css selector","value":"#shell-header-logo"}
COMMAND: POST /session/86a389c01bc54833c1d480b3c129d65f/element/f.89CEFFE823C31142EA3CFD6CAFD84276.d.89984E7003D3DD0E577B4A0463F34C87.e.265/click - {}
RESULT: {}
COMMAND: GET /session/86a389c01bc54833c1d480b3c129d65f/screenshot - {}
RESULT: {}
COMMAND: POST /session/86a389c01bc54833c1d480b3c129d65f/execute/sync - {"script":"<script> [299 bytes]","args":[["getModel","getResource"]]}
RESULT: {"script":"<script> [299 bytes]","args":[["getModel","getResource"]]}
COMMAND: GET /session/86a389c01bc54833c1d480b3c129d65f/screenshot - {}
]]></system-out>
    </testcase>
    <testcase classname="chrome.135_0_7049_96.windows.Partner_specific_tests_US150819_US151080_US151654_US151176_US103444_US151078_US151079_US151109_US151174_US151175_US151189" name="Should create new external partner US150819" time="110.728">
      <system-out><![CDATA[
COMMAND: POST /session/86a389c01bc54833c1d480b3c129d65f/element - {"using":"xpath","value":"//li[.//span[text()=\"Manage Partners\"]]"}
RESULT: {}
RESULT: {"using":"xpath","value":"//li[.//span[text()=\"Manage Partners\"]]"}
COMMAND: POST /session/86a389c01bc54833c1d480b3c129d65f/element - {"using":"xpath","value":"//li[.//span[text()=\"Manage Partners\"]]"}
RESULT: {"using":"xpath","value":"//li[.//span[text()=\"Manage Partners\"]]"}
COMMAND: POST /session/86a389c01bc54833c1d480b3c129d65f/element - {"using":"css selector","value":"#shell-header-logo"}
RESULT: {"using":"css selector","value":"#shell-header-logo"}
COMMAND: POST /session/86a389c01bc54833c1d480b3c129d65f/element/f.89CEFFE823C31142EA3CFD6CAFD84276.d.89984E7003D3DD0E577B4A0463F34C87.e.1026/click - {}
COMMAND: POST /session/86a389c01bc54833c1d480b3c129d65f/execute/sync - {"script":"<script> [8489 bytes]","args":[{"element-6066-11e4-a52e-4f735466cecf":"f.89CEFFE823C31142EA3CFD6CAFD84276.d.89984E7003D3DD0E577B4A0463F34C87.e.1026","ELEMENT":"f.89CEFFE823C31142EA3CFD6CAFD84276.d.89984E7003D3DD0E577B4A0463F34C87.e.1026"}]}
RESULT: {"script":"<script> [8489 bytes]","args":[{"element-6066-11e4-a52e-4f735466cecf":"f.89CEFFE823C31142EA3CFD6CAFD84276.d.89984E7003D3DD0E577B4A0463F34C87.e.1026","ELEMENT":"f.89CEFFE823C31142EA3CFD6CAFD84276.d.89984E7003D3DD0E577B4A0463F34C87.e.1026"}]}
COMMAND: POST /session/86a389c01bc54833c1d480b3c129d65f/execute/sync - {"script":"<script> [5351 bytes]","args":[{"element-6066-11e4-a52e-4f735466cecf":"f.89CEFFE823C31142EA3CFD6CAFD84276.d.89984E7003D3DD0E577B4A0463F34C87.e.1026","ELEMENT":"f.89CEFFE823C31142EA3CFD6CAFD84276.d.89984E7003D3DD0E577B4A0463F34C87.e.1026"}]}
COMMAND: GET /session/86a389c01bc54833c1d480b3c129d65f/screenshot - {}
RESULT: {}
COMMAND: GET /session/86a389c01bc54833c1d480b3c129d65f/screenshot - {}
RESULT: {"script":"<script> [5351 bytes]","args":[{"element-6066-11e4-a52e-4f735466cecf":"f.89CEFFE823C31142EA3CFD6CAFD84276.d.89984E7003D3DD0E577B4A0463F34C87.e.1026","ELEMENT":"f.89CEFFE823C31142EA3CFD6CAFD84276.d.89984E7003D3DD0E577B4A0463F34C87.e.1026"}]}
COMMAND: GET /session/86a389c01bc54833c1d480b3c129d65f/screenshot - {}
RESULT: {}
RESULT: {}
RESULT: {}
COMMAND: POST /session/86a389c01bc54833c1d480b3c129d65f/window/fullscreen - {}
RESULT: {}
COMMAND: POST /session/86a389c01bc54833c1d480b3c129d65f/execute/async - {"script":"<script> [1562 bytes]","args":[{"selector":{"controlType":"sap.m.GenericTile","properties":{"header":"Manage Partners"}},"wdio_ui5_key":"sapm.GenericTile{\"header\":\"Manage Partners\"}"}]}
RESULT: {"script":"<script> [1562 bytes]","args":[{"selector":{"controlType":"sap.m.GenericTile","properties":{"header":"Manage Partners"}},"wdio_ui5_key":"sapm.GenericTile{\"header\":\"Manage Partners\"}"}]}
RESULT: undefined
COMMAND: POST /session/86a389c01bc54833c1d480b3c129d65f/element - {"using":"xpath","value":"//*[@id=\"__tile38\"]"}
RESULT: {"using":"xpath","value":"//*[@id=\"__tile38\"]"}
COMMAND: POST /session/86a389c01bc54833c1d480b3c129d65f/element/f.89CEFFE823C31142EA3CFD6CAFD84276.d.89984E7003D3DD0E577B4A0463F34C87.e.156/click - {}
RESULT: {}
COMMAND: POST /session/86a389c01bc54833c1d480b3c129d65f/element - {"using":"xpath","value":"//button[@data-kt=\"addButton\"]"}
COMMAND: GET /session/86a389c01bc54833c1d480b3c129d65f/screenshot - {}
RESULT: {"using":"xpath","value":"//button[@data-kt=\"addButton\"]"}
COMMAND: POST /session/86a389c01bc54833c1d480b3c129d65f/elements - {"using":"xpath","value":"//button[@data-kt=\"addButton\"]"}
RESULT: {}
RESULT: {"using":"xpath","value":"//button[@data-kt=\"addButton\"]"}
COMMAND: POST /session/86a389c01bc54833c1d480b3c129d65f/elements - {"using":"xpath","value":"//button[@data-kt=\"addButton\"]"}
RESULT: {"using":"xpath","value":"//button[@data-kt=\"addButton\"]"}
COMMAND: POST /session/86a389c01bc54833c1d480b3c129d65f/elements - {"using":"xpath","value":"//button[@data-kt=\"addButton\"]"}
RESULT: {"using":"xpath","value":"//button[@data-kt=\"addButton\"]"}
COMMAND: POST /session/86a389c01bc54833c1d480b3c129d65f/elements - {"using":"xpath","value":"//button[@data-kt=\"addButton\"]"}
RESULT: {"using":"xpath","value":"//button[@data-kt=\"addButton\"]"}
COMMAND: POST /session/86a389c01bc54833c1d480b3c129d65f/elements - {"using":"xpath","value":"//button[@data-kt=\"addButton\"]"}
RESULT: {"using":"xpath","value":"//button[@data-kt=\"addButton\"]"}
COMMAND: POST /session/86a389c01bc54833c1d480b3c129d65f/elements - {"using":"xpath","value":"//button[@data-kt=\"addButton\"]"}
RESULT: {"using":"xpath","value":"//button[@data-kt=\"addButton\"]"}
COMMAND: POST /session/86a389c01bc54833c1d480b3c129d65f/elements - {"using":"xpath","value":"//button[@data-kt=\"addButton\"]"}
RESULT: {"using":"xpath","value":"//button[@data-kt=\"addButton\"]"}
COMMAND: POST /session/86a389c01bc54833c1d480b3c129d65f/elements - {"using":"xpath","value":"//button[@data-kt=\"addButton\"]"}
RESULT: {"using":"xpath","value":"//button[@data-kt=\"addButton\"]"}
COMMAND: POST /session/86a389c01bc54833c1d480b3c129d65f/elements - {"using":"xpath","value":"//button[@data-kt=\"addButton\"]"}
RESULT: {"using":"xpath","value":"//button[@data-kt=\"addButton\"]"}
COMMAND: POST /session/86a389c01bc54833c1d480b3c129d65f/elements - {"using":"xpath","value":"//button[@data-kt=\"addButton\"]"}
RESULT: {"using":"xpath","value":"//button[@data-kt=\"addButton\"]"}
COMMAND: POST /session/86a389c01bc54833c1d480b3c129d65f/elements - {"using":"xpath","value":"//button[@data-kt=\"addButton\"]"}
RESULT: {"using":"xpath","value":"//button[@data-kt=\"addButton\"]"}
COMMAND: POST /session/86a389c01bc54833c1d480b3c129d65f/elements - {"using":"xpath","value":"//button[@data-kt=\"addButton\"]"}
RESULT: {"using":"xpath","value":"//button[@data-kt=\"addButton\"]"}
COMMAND: POST /session/86a389c01bc54833c1d480b3c129d65f/elements - {"using":"xpath","value":"//button[@data-kt=\"addButton\"]"}
RESULT: {"using":"xpath","value":"//button[@data-kt=\"addButton\"]"}
COMMAND: POST /session/86a389c01bc54833c1d480b3c129d65f/elements - {"using":"xpath","value":"//button[@data-kt=\"addButton\"]"}
RESULT: {"using":"xpath","value":"//button[@data-kt=\"addButton\"]"}
COMMAND: POST /session/86a389c01bc54833c1d480b3c129d65f/elements - {"using":"xpath","value":"//button[@data-kt=\"addButton\"]"}
RESULT: {"using":"xpath","value":"//button[@data-kt=\"addButton\"]"}
COMMAND: POST /session/86a389c01bc54833c1d480b3c129d65f/elements - {"using":"xpath","value":"//button[@data-kt=\"addButton\"]"}
RESULT: {"using":"xpath","value":"//button[@data-kt=\"addButton\"]"}
COMMAND: POST /session/86a389c01bc54833c1d480b3c129d65f/elements - {"using":"xpath","value":"//button[@data-kt=\"addButton\"]"}
RESULT: {"using":"xpath","value":"//button[@data-kt=\"addButton\"]"}
COMMAND: POST /session/86a389c01bc54833c1d480b3c129d65f/elements - {"using":"xpath","value":"//button[@data-kt=\"addButton\"]"}
RESULT: {"using":"xpath","value":"//button[@data-kt=\"addButton\"]"}
COMMAND: POST /session/86a389c01bc54833c1d480b3c129d65f/elements - {"using":"xpath","value":"//button[@data-kt=\"addButton\"]"}
RESULT: {"using":"xpath","value":"//button[@data-kt=\"addButton\"]"}
COMMAND: POST /session/86a389c01bc54833c1d480b3c129d65f/elements - {"using":"xpath","value":"//button[@data-kt=\"addButton\"]"}
RESULT: {"using":"xpath","value":"//button[@data-kt=\"addButton\"]"}
COMMAND: POST /session/86a389c01bc54833c1d480b3c129d65f/elements - {"using":"xpath","value":"//button[@data-kt=\"addButton\"]"}
RESULT: {"using":"xpath","value":"//button[@data-kt=\"addButton\"]"}
COMMAND: POST /session/86a389c01bc54833c1d480b3c129d65f/elements - {"using":"xpath","value":"//button[@data-kt=\"addButton\"]"}
RESULT: {"using":"xpath","value":"//button[@data-kt=\"addButton\"]"}
COMMAND: POST /session/86a389c01bc54833c1d480b3c129d65f/elements - {"using":"xpath","value":"//button[@data-kt=\"addButton\"]"}
RESULT: {"using":"xpath","value":"//button[@data-kt=\"addButton\"]"}
COMMAND: POST /session/86a389c01bc54833c1d480b3c129d65f/elements - {"using":"xpath","value":"//button[@data-kt=\"addButton\"]"}
RESULT: {"using":"xpath","value":"//button[@data-kt=\"addButton\"]"}
COMMAND: POST /session/86a389c01bc54833c1d480b3c129d65f/elements - {"using":"xpath","value":"//button[@data-kt=\"addButton\"]"}
RESULT: {"using":"xpath","value":"//button[@data-kt=\"addButton\"]"}
COMMAND: POST /session/86a389c01bc54833c1d480b3c129d65f/elements - {"using":"xpath","value":"//button[@data-kt=\"addButton\"]"}
RESULT: {"using":"xpath","value":"//button[@data-kt=\"addButton\"]"}
COMMAND: POST /session/86a389c01bc54833c1d480b3c129d65f/elements - {"using":"xpath","value":"//button[@data-kt=\"addButton\"]"}
RESULT: {"using":"xpath","value":"//button[@data-kt=\"addButton\"]"}
COMMAND: POST /session/86a389c01bc54833c1d480b3c129d65f/elements - {"using":"xpath","value":"//button[@data-kt=\"addButton\"]"}
RESULT: {"using":"xpath","value":"//button[@data-kt=\"addButton\"]"}
COMMAND: POST /session/86a389c01bc54833c1d480b3c129d65f/elements - {"using":"xpath","value":"//button[@data-kt=\"addButton\"]"}
RESULT: {"using":"xpath","value":"//button[@data-kt=\"addButton\"]"}
COMMAND: POST /session/86a389c01bc54833c1d480b3c129d65f/elements - {"using":"xpath","value":"//button[@data-kt=\"addButton\"]"}
RESULT: {"using":"xpath","value":"//button[@data-kt=\"addButton\"]"}
COMMAND: POST /session/86a389c01bc54833c1d480b3c129d65f/elements - {"using":"xpath","value":"//button[@data-kt=\"addButton\"]"}
RESULT: {"using":"xpath","value":"//button[@data-kt=\"addButton\"]"}
COMMAND: POST /session/86a389c01bc54833c1d480b3c129d65f/elements - {"using":"xpath","value":"//button[@data-kt=\"addButton\"]"}
RESULT: {"using":"xpath","value":"//button[@data-kt=\"addButton\"]"}
COMMAND: POST /session/86a389c01bc54833c1d480b3c129d65f/elements - {"using":"xpath","value":"//button[@data-kt=\"addButton\"]"}
RESULT: {"using":"xpath","value":"//button[@data-kt=\"addButton\"]"}
COMMAND: POST /session/86a389c01bc54833c1d480b3c129d65f/elements - {"using":"xpath","value":"//button[@data-kt=\"addButton\"]"}
RESULT: {"using":"xpath","value":"//button[@data-kt=\"addButton\"]"}
COMMAND: POST /session/86a389c01bc54833c1d480b3c129d65f/elements - {"using":"xpath","value":"//button[@data-kt=\"addButton\"]"}
RESULT: {"using":"xpath","value":"//button[@data-kt=\"addButton\"]"}
COMMAND: POST /session/86a389c01bc54833c1d480b3c129d65f/elements - {"using":"xpath","value":"//button[@data-kt=\"addButton\"]"}
RESULT: {"using":"xpath","value":"//button[@data-kt=\"addButton\"]"}
COMMAND: POST /session/86a389c01bc54833c1d480b3c129d65f/elements - {"using":"xpath","value":"//button[@data-kt=\"addButton\"]"}
RESULT: {"using":"xpath","value":"//button[@data-kt=\"addButton\"]"}
COMMAND: POST /session/86a389c01bc54833c1d480b3c129d65f/elements - {"using":"xpath","value":"//button[@data-kt=\"addButton\"]"}
RESULT: {"using":"xpath","value":"//button[@data-kt=\"addButton\"]"}
COMMAND: POST /session/86a389c01bc54833c1d480b3c129d65f/elements - {"using":"xpath","value":"//button[@data-kt=\"addButton\"]"}
RESULT: {"using":"xpath","value":"//button[@data-kt=\"addButton\"]"}
COMMAND: POST /session/86a389c01bc54833c1d480b3c129d65f/elements - {"using":"xpath","value":"//button[@data-kt=\"addButton\"]"}
RESULT: {"using":"xpath","value":"//button[@data-kt=\"addButton\"]"}
COMMAND: POST /session/86a389c01bc54833c1d480b3c129d65f/elements - {"using":"xpath","value":"//button[@data-kt=\"addButton\"]"}
RESULT: {"using":"xpath","value":"//button[@data-kt=\"addButton\"]"}
COMMAND: POST /session/86a389c01bc54833c1d480b3c129d65f/element - {"using":"xpath","value":"//button[@data-kt=\"addButton\"]"}
RESULT: {"using":"xpath","value":"//button[@data-kt=\"addButton\"]"}
COMMAND: POST /session/86a389c01bc54833c1d480b3c129d65f/execute/sync - {"script":"<script> [8489 bytes]","args":[{"element-6066-11e4-a52e-4f735466cecf":"f.89CEFFE823C31142EA3CFD6CAFD84276.d.89984E7003D3DD0E577B4A0463F34C87.e.1062","ELEMENT":"f.89CEFFE823C31142EA3CFD6CAFD84276.d.89984E7003D3DD0E577B4A0463F34C87.e.1062"}]}
RESULT: {"script":"<script> [8489 bytes]","args":[{"element-6066-11e4-a52e-4f735466cecf":"f.89CEFFE823C31142EA3CFD6CAFD84276.d.89984E7003D3DD0E577B4A0463F34C87.e.1062","ELEMENT":"f.89CEFFE823C31142EA3CFD6CAFD84276.d.89984E7003D3DD0E577B4A0463F34C87.e.1062"}]}
COMMAND: GET /session/86a389c01bc54833c1d480b3c129d65f/element/f.89CEFFE823C31142EA3CFD6CAFD84276.d.89984E7003D3DD0E577B4A0463F34C87.e.1062/enabled - {}
COMMAND: GET /session/86a389c01bc54833c1d480b3c129d65f/screenshot - {}
RESULT: {}
COMMAND: POST /session/86a389c01bc54833c1d480b3c129d65f/execute/sync - {"script":"<script> [8489 bytes]","args":[{"element-6066-11e4-a52e-4f735466cecf":"f.89CEFFE823C31142EA3CFD6CAFD84276.d.89984E7003D3DD0E577B4A0463F34C87.e.1062","ELEMENT":"f.89CEFFE823C31142EA3CFD6CAFD84276.d.89984E7003D3DD0E577B4A0463F34C87.e.1062"}]}
COMMAND: GET /session/86a389c01bc54833c1d480b3c129d65f/screenshot - {}
RESULT: {}
RESULT: {"script":"<script> [8489 bytes]","args":[{"element-6066-11e4-a52e-4f735466cecf":"f.89CEFFE823C31142EA3CFD6CAFD84276.d.89984E7003D3DD0E577B4A0463F34C87.e.1062","ELEMENT":"f.89CEFFE823C31142EA3CFD6CAFD84276.d.89984E7003D3DD0E577B4A0463F34C87.e.1062"}]}
COMMAND: POST /session/86a389c01bc54833c1d480b3c129d65f/execute/sync - {"script":"<script> [5351 bytes]","args":[{"element-6066-11e4-a52e-4f735466cecf":"f.89CEFFE823C31142EA3CFD6CAFD84276.d.89984E7003D3DD0E577B4A0463F34C87.e.1062","ELEMENT":"f.89CEFFE823C31142EA3CFD6CAFD84276.d.89984E7003D3DD0E577B4A0463F34C87.e.1062"}]}
COMMAND: GET /session/86a389c01bc54833c1d480b3c129d65f/screenshot - {}
RESULT: {}
RESULT: {"script":"<script> [5351 bytes]","args":[{"element-6066-11e4-a52e-4f735466cecf":"f.89CEFFE823C31142EA3CFD6CAFD84276.d.89984E7003D3DD0E577B4A0463F34C87.e.1062","ELEMENT":"f.89CEFFE823C31142EA3CFD6CAFD84276.d.89984E7003D3DD0E577B4A0463F34C87.e.1062"}]}
COMMAND: POST /session/86a389c01bc54833c1d480b3c129d65f/element/f.89CEFFE823C31142EA3CFD6CAFD84276.d.89984E7003D3DD0E577B4A0463F34C87.e.1062/click - {}
COMMAND: GET /session/86a389c01bc54833c1d480b3c129d65f/screenshot - {}
RESULT: {}
RESULT: {}
COMMAND: GET /session/86a389c01bc54833c1d480b3c129d65f/screenshot - {}
COMMAND: POST /session/86a389c01bc54833c1d480b3c129d65f/execute/async - {"script":"<script> [1562 bytes]","args":[{"selector":{"id":"application-managepartners-display-component---NewPartner--addressDetailDetailsName1","interaction":{"idSuffix":"inner"}},"wdio_ui5_key":"applicationmanagepartners-display-component---NewPartner--addressDetailDetailsName1"}]}
RESULT: {}
RESULT: {}
RESULT: {"script":"<script> [1562 bytes]","args":[{"selector":{"id":"application-managepartners-display-component---NewPartner--addressDetailDetailsName1","interaction":{"idSuffix":"inner"}},"wdio_ui5_key":"applicationmanagepartners-display-component---NewPartner--addressDetailDetailsName1"}]}
RESULT: undefined
COMMAND: POST /session/86a389c01bc54833c1d480b3c129d65f/execute/async - {"script":"<script> [776 bytes]","args":[{"enterText":"External Partner WDIO","selector":{"id":"application-managepartners-display-component---NewPartner--addressDetailDetailsName1","interaction":{"idSuffix":"inner"}},"clearTextFirst":true,"interactionType":"ENTER_TEXT"}]}
RESULT: {"script":"<script> [776 bytes]","args":[{"enterText":"External Partner WDIO","selector":{"id":"application-managepartners-display-component---NewPartner--addressDetailDetailsName1","interaction":{"idSuffix":"inner"}},"clearTextFirst":true,"interactionType":"ENTER_TEXT"}]}
COMMAND: POST /session/86a389c01bc54833c1d480b3c129d65f/execute/async - {"script":"<script> [1562 bytes]","args":[{"selector":{"id":"application-managepartners-display-component---NewPartner--addressDetailDetailsLanguage-arrow"},"wdio_ui5_key":"applicationmanagepartners-display-component---NewPartner--addressDetailDetailsLanguage-arrow"}]}
RESULT: {"script":"<script> [1562 bytes]","args":[{"selector":{"id":"application-managepartners-display-component---NewPartner--addressDetailDetailsLanguage-arrow"},"wdio_ui5_key":"applicationmanagepartners-display-component---NewPartner--addressDetailDetailsLanguage-arrow"}]}
RESULT: undefined
COMMAND: POST /session/86a389c01bc54833c1d480b3c129d65f/element - {"using":"xpath","value":"//*[@id=\"application-managepartners-display-component---NewPartner--addressDetailDetailsLanguage-arrow\"]"}
RESULT: {"using":"xpath","value":"//*[@id=\"application-managepartners-display-component---NewPartner--addressDetailDetailsLanguage-arrow\"]"}
COMMAND: POST /session/86a389c01bc54833c1d480b3c129d65f/element/f.89CEFFE823C31142EA3CFD6CAFD84276.d.89984E7003D3DD0E577B4A0463F34C87.e.1509/click - {}
RESULT: {}
COMMAND: POST /session/86a389c01bc54833c1d480b3c129d65f/element - {"using":"xpath","value":"//span[contains(text(), \"English\")]"}
COMMAND: GET /session/86a389c01bc54833c1d480b3c129d65f/screenshot - {}
RESULT: {"using":"xpath","value":"//span[contains(text(), \"English\")]"}
COMMAND: POST /session/86a389c01bc54833c1d480b3c129d65f/element/f.89CEFFE823C31142EA3CFD6CAFD84276.d.89984E7003D3DD0E577B4A0463F34C87.e.1510/click - {}
RESULT: {}
RESULT: {}
COMMAND: GET /session/86a389c01bc54833c1d480b3c129d65f/screenshot - {}
RESULT: {}
COMMAND: POST /session/86a389c01bc54833c1d480b3c129d65f/execute/async - {"script":"<script> [1562 bytes]","args":[{"selector":{"id":"application-managepartners-display-component---NewPartner--addressDetailDetailsCity1","interaction":{"idSuffix":"inner"}},"wdio_ui5_key":"applicationmanagepartners-display-component---NewPartner--addressDetailDetailsCity1"}]}
RESULT: {"script":"<script> [1562 bytes]","args":[{"selector":{"id":"application-managepartners-display-component---NewPartner--addressDetailDetailsCity1","interaction":{"idSuffix":"inner"}},"wdio_ui5_key":"applicationmanagepartners-display-component---NewPartner--addressDetailDetailsCity1"}]}
RESULT: undefined
COMMAND: POST /session/86a389c01bc54833c1d480b3c129d65f/execute/async - {"script":"<script> [776 bytes]","args":[{"enterText":"Rosario","selector":{"id":"application-managepartners-display-component---NewPartner--addressDetailDetailsCity1","interaction":{"idSuffix":"inner"}},"clearTextFirst":true,"interactionType":"ENTER_TEXT"}]}
RESULT: {"script":"<script> [776 bytes]","args":[{"enterText":"Rosario","selector":{"id":"application-managepartners-display-component---NewPartner--addressDetailDetailsCity1","interaction":{"idSuffix":"inner"}},"clearTextFirst":true,"interactionType":"ENTER_TEXT"}]}
COMMAND: POST /session/86a389c01bc54833c1d480b3c129d65f/execute/async - {"script":"<script> [1562 bytes]","args":[{"selector":{"id":"application-managepartners-display-component---NewPartner--addressDetailDetailsCountry-arrow"},"wdio_ui5_key":"applicationmanagepartners-display-component---NewPartner--addressDetailDetailsCountry-arrow"}]}
RESULT: {"script":"<script> [1562 bytes]","args":[{"selector":{"id":"application-managepartners-display-component---NewPartner--addressDetailDetailsCountry-arrow"},"wdio_ui5_key":"applicationmanagepartners-display-component---NewPartner--addressDetailDetailsCountry-arrow"}]}
RESULT: undefined
COMMAND: POST /session/86a389c01bc54833c1d480b3c129d65f/element - {"using":"xpath","value":"//*[@id=\"application-managepartners-display-component---NewPartner--addressDetailDetailsCountry-arrow\"]"}
RESULT: {"using":"xpath","value":"//*[@id=\"application-managepartners-display-component---NewPartner--addressDetailDetailsCountry-arrow\"]"}
COMMAND: POST /session/86a389c01bc54833c1d480b3c129d65f/element/f.89CEFFE823C31142EA3CFD6CAFD84276.d.89984E7003D3DD0E577B4A0463F34C87.e.1466/click - {}
RESULT: {}
COMMAND: POST /session/86a389c01bc54833c1d480b3c129d65f/element - {"using":"xpath","value":"//span[contains(text(), \"Argentina\")]"}
COMMAND: GET /session/86a389c01bc54833c1d480b3c129d65f/screenshot - {}
RESULT: {"using":"xpath","value":"//span[contains(text(), \"Argentina\")]"}
COMMAND: POST /session/86a389c01bc54833c1d480b3c129d65f/element/f.89CEFFE823C31142EA3CFD6CAFD84276.d.89984E7003D3DD0E577B4A0463F34C87.e.1512/click - {}
RESULT: {}
RESULT: {}
COMMAND: GET /session/86a389c01bc54833c1d480b3c129d65f/screenshot - {}
RESULT: {}
COMMAND: POST /session/86a389c01bc54833c1d480b3c129d65f/element - {"using":"xpath","value":"//bdi[contains(text(), \"Commercial\")]"}
RESULT: {"using":"xpath","value":"//bdi[contains(text(), \"Commercial\")]"}
COMMAND: POST /session/86a389c01bc54833c1d480b3c129d65f/element/f.89CEFFE823C31142EA3CFD6CAFD84276.d.89984E7003D3DD0E577B4A0463F34C87.e.1513/click - {}
RESULT: {}
COMMAND: GET /session/86a389c01bc54833c1d480b3c129d65f/screenshot - {}
RESULT: {}
COMMAND: POST /session/86a389c01bc54833c1d480b3c129d65f/execute/async - {"script":"<script> [1562 bytes]","args":[{"selector":{"id":"application-managepartners-display-component---NewPartner--partnerDetailInternal-arrow"},"wdio_ui5_key":"applicationmanagepartners-display-component---NewPartner--partnerDetailInternal-arrow"}]}
RESULT: {"script":"<script> [1562 bytes]","args":[{"selector":{"id":"application-managepartners-display-component---NewPartner--partnerDetailInternal-arrow"},"wdio_ui5_key":"applicationmanagepartners-display-component---NewPartner--partnerDetailInternal-arrow"}]}
RESULT: undefined
COMMAND: POST /session/86a389c01bc54833c1d480b3c129d65f/element - {"using":"xpath","value":"//*[@id=\"application-managepartners-display-component---NewPartner--partnerDetailInternal-arrow\"]"}
RESULT: {"using":"xpath","value":"//*[@id=\"application-managepartners-display-component---NewPartner--partnerDetailInternal-arrow\"]"}
COMMAND: POST /session/86a389c01bc54833c1d480b3c129d65f/element/f.89CEFFE823C31142EA3CFD6CAFD84276.d.89984E7003D3DD0E577B4A0463F34C87.e.1519/click - {}
RESULT: {}
COMMAND: POST /session/86a389c01bc54833c1d480b3c129d65f/element - {"using":"xpath","value":"//span[contains(text(), \"External partner\")]"}
COMMAND: GET /session/86a389c01bc54833c1d480b3c129d65f/screenshot - {}
RESULT: {"using":"xpath","value":"//span[contains(text(), \"External partner\")]"}
COMMAND: POST /session/86a389c01bc54833c1d480b3c129d65f/element/f.89CEFFE823C31142EA3CFD6CAFD84276.d.89984E7003D3DD0E577B4A0463F34C87.e.1520/click - {}
RESULT: {}
RESULT: {}
COMMAND: POST /session/86a389c01bc54833c1d480b3c129d65f/execute/async - {"script":"<script> [1562 bytes]","args":[{"selector":{"id":"application-managepartners-display-component---NewPartner--partnerDetailsCurrency-arrow"},"wdio_ui5_key":"applicationmanagepartners-display-component---NewPartner--partnerDetailsCurrency-arrow"}]}
COMMAND: GET /session/86a389c01bc54833c1d480b3c129d65f/screenshot - {}
RESULT: {"script":"<script> [1562 bytes]","args":[{"selector":{"id":"application-managepartners-display-component---NewPartner--partnerDetailsCurrency-arrow"},"wdio_ui5_key":"applicationmanagepartners-display-component---NewPartner--partnerDetailsCurrency-arrow"}]}
RESULT: undefined
COMMAND: POST /session/86a389c01bc54833c1d480b3c129d65f/element - {"using":"xpath","value":"//*[@id=\"application-managepartners-display-component---NewPartner--partnerDetailsCurrency-arrow\"]"}
RESULT: {}
RESULT: {"using":"xpath","value":"//*[@id=\"application-managepartners-display-component---NewPartner--partnerDetailsCurrency-arrow\"]"}
COMMAND: POST /session/86a389c01bc54833c1d480b3c129d65f/element/f.89CEFFE823C31142EA3CFD6CAFD84276.d.89984E7003D3DD0E577B4A0463F34C87.e.1525/click - {}
RESULT: {}
COMMAND: POST /session/86a389c01bc54833c1d480b3c129d65f/element - {"using":"xpath","value":"//span[contains(text(), \"US Dollar\")]"}
COMMAND: GET /session/86a389c01bc54833c1d480b3c129d65f/screenshot - {}
RESULT: {"using":"xpath","value":"//span[contains(text(), \"US Dollar\")]"}
COMMAND: POST /session/86a389c01bc54833c1d480b3c129d65f/element/f.89CEFFE823C31142EA3CFD6CAFD84276.d.89984E7003D3DD0E577B4A0463F34C87.e.1526/click - {}
RESULT: {}
RESULT: {}
COMMAND: GET /session/86a389c01bc54833c1d480b3c129d65f/screenshot - {}
RESULT: {}
COMMAND: POST /session/86a389c01bc54833c1d480b3c129d65f/element - {"using":"xpath","value":"//input[@id=\"application-managepartners-display-component---NewPartner--companyCodeComboBox-inner\"]"}
RESULT: {"using":"xpath","value":"//input[@id=\"application-managepartners-display-component---NewPartner--companyCodeComboBox-inner\"]"}
COMMAND: POST /session/86a389c01bc54833c1d480b3c129d65f/element/f.89CEFFE823C31142EA3CFD6CAFD84276.d.89984E7003D3DD0E577B4A0463F34C87.e.1461/clear - {}
RESULT: {}
COMMAND: POST /session/86a389c01bc54833c1d480b3c129d65f/element/f.89CEFFE823C31142EA3CFD6CAFD84276.d.89984E7003D3DD0E577B4A0463F34C87.e.1461/value - {"text":"C002"}
COMMAND: GET /session/86a389c01bc54833c1d480b3c129d65f/screenshot - {}
RESULT: {"text":"C002"}
COMMAND: GET /session/86a389c01bc54833c1d480b3c129d65f/screenshot - {}
RESULT: {}
RESULT: {}
COMMAND: POST /session/86a389c01bc54833c1d480b3c129d65f/element - {"using":"xpath","value":"//span[contains(text(), \"C002\")]"}
RESULT: {"using":"xpath","value":"//span[contains(text(), \"C002\")]"}
COMMAND: POST /session/86a389c01bc54833c1d480b3c129d65f/element/f.89CEFFE823C31142EA3CFD6CAFD84276.d.89984E7003D3DD0E577B4A0463F34C87.e.1530/click - {}
RESULT: {}
COMMAND: GET /session/86a389c01bc54833c1d480b3c129d65f/screenshot - {}
RESULT: {}
COMMAND: POST /session/86a389c01bc54833c1d480b3c129d65f/execute/async - {"script":"<script> [1562 bytes]","args":[{"selector":{"id":"application-managepartners-display-component---NewPartner--btnAddTableRow-img"},"wdio_ui5_key":"applicationmanagepartners-display-component---NewPartner--btnAddTableRow-img"}]}
RESULT: {"script":"<script> [1562 bytes]","args":[{"selector":{"id":"application-managepartners-display-component---NewPartner--btnAddTableRow-img"},"wdio_ui5_key":"applicationmanagepartners-display-component---NewPartner--btnAddTableRow-img"}]}
RESULT: undefined
COMMAND: POST /session/86a389c01bc54833c1d480b3c129d65f/element - {"using":"xpath","value":"//*[@id=\"application-managepartners-display-component---NewPartner--btnAddTableRow-img\"]"}
RESULT: {"using":"xpath","value":"//*[@id=\"application-managepartners-display-component---NewPartner--btnAddTableRow-img\"]"}
COMMAND: POST /session/86a389c01bc54833c1d480b3c129d65f/element/f.89CEFFE823C31142EA3CFD6CAFD84276.d.89984E7003D3DD0E577B4A0463F34C87.e.1531/click - {}
RESULT: {}
COMMAND: GET /session/86a389c01bc54833c1d480b3c129d65f/screenshot - {}
RESULT: {}
COMMAND: POST /session/86a389c01bc54833c1d480b3c129d65f/element - {"using":"xpath","value":"//input[@id=\"application-managepartners-display-component---NewPartner--assignmentYard-application-managepartners-display-component---NewPartner--assignmentsTable-0-inner\"]"}
RESULT: {"using":"xpath","value":"//input[@id=\"application-managepartners-display-component---NewPartner--assignmentYard-application-managepartners-display-component---NewPartner--assignmentsTable-0-inner\"]"}
COMMAND: POST /session/86a389c01bc54833c1d480b3c129d65f/element/f.89CEFFE823C31142EA3CFD6CAFD84276.d.89984E7003D3DD0E577B4A0463F34C87.e.1534/clear - {}
RESULT: {}
COMMAND: POST /session/86a389c01bc54833c1d480b3c129d65f/element/f.89CEFFE823C31142EA3CFD6CAFD84276.d.89984E7003D3DD0E577B4A0463F34C87.e.1534/value - {"text":"470"}
COMMAND: GET /session/86a389c01bc54833c1d480b3c129d65f/screenshot - {}
RESULT: {"text":"470"}
COMMAND: GET /session/86a389c01bc54833c1d480b3c129d65f/screenshot - {}
RESULT: {}
RESULT: {}
COMMAND: POST /session/86a389c01bc54833c1d480b3c129d65f/element - {"using":"xpath","value":"//li[.//span[text()='470']]"}
RESULT: {"using":"xpath","value":"//li[.//span[text()='470']]"}
COMMAND: POST /session/86a389c01bc54833c1d480b3c129d65f/element/f.89CEFFE823C31142EA3CFD6CAFD84276.d.89984E7003D3DD0E577B4A0463F34C87.e.1542/click - {}
RESULT: {}
COMMAND: GET /session/86a389c01bc54833c1d480b3c129d65f/screenshot - {}
RESULT: {}
COMMAND: POST /session/86a389c01bc54833c1d480b3c129d65f/actions - {"actions":[{"id":"action2","type":"key","parameters":{},"actions":[{"type":"keyDown","value":"î€‡"},{"type":"pause","duration":10},{"type":"keyUp","value":"î€‡"}]}]}
RESULT: {"actions":[{"id":"action2","type":"key","parameters":{},"actions":[{"type":"keyDown","value":"î€‡"},{"type":"pause","duration":10},{"type":"keyUp","value":"î€‡"}]}]}
COMMAND: POST /session/86a389c01bc54833c1d480b3c129d65f/element - {"using":"xpath","value":"//td[contains(@id, \"assignmentsTable-0-cell2\")]/div/div"}
COMMAND: GET /session/86a389c01bc54833c1d480b3c129d65f/screenshot - {}
RESULT: {"using":"xpath","value":"//td[contains(@id, \"assignmentsTable-0-cell2\")]/div/div"}
COMMAND: POST /session/86a389c01bc54833c1d480b3c129d65f/element/f.89CEFFE823C31142EA3CFD6CAFD84276.d.89984E7003D3DD0E577B4A0463F34C87.e.1545/click - {}
RESULT: {}
RESULT: {}
COMMAND: GET /session/86a389c01bc54833c1d480b3c129d65f/screenshot - {}
RESULT: {}
COMMAND: POST /session/86a389c01bc54833c1d480b3c129d65f/element - {"using":"xpath","value":"//button[@data-kt=\"saveButton\"]"}
RESULT: {"using":"xpath","value":"//button[@data-kt=\"saveButton\"]"}
COMMAND: POST /session/86a389c01bc54833c1d480b3c129d65f/element/f.89CEFFE823C31142EA3CFD6CAFD84276.d.89984E7003D3DD0E577B4A0463F34C87.e.1487/click - {}
RESULT: {}
COMMAND: GET /session/86a389c01bc54833c1d480b3c129d65f/screenshot - {}
RESULT: {}
COMMAND: POST /session/86a389c01bc54833c1d480b3c129d65f/element - {"using":"xpath","value":"//header[contains(@id, 'ObjectPageLayout-headerTitle')]/div[1]/div[2]/div[2]/span[1]"}
RESULT: {"using":"xpath","value":"//header[contains(@id, 'ObjectPageLayout-headerTitle')]/div[1]/div[2]/div[2]/span[1]"}
COMMAND: POST /session/86a389c01bc54833c1d480b3c129d65f/elements - {"using":"xpath","value":"//header[contains(@id, 'ObjectPageLayout-headerTitle')]/div[1]/div[2]/div[2]/span[1]"}
RESULT: {"using":"xpath","value":"//header[contains(@id, 'ObjectPageLayout-headerTitle')]/div[1]/div[2]/div[2]/span[1]"}
COMMAND: POST /session/86a389c01bc54833c1d480b3c129d65f/execute/sync - {"script":"<script> [56 bytes]","args":[{"element-6066-11e4-a52e-4f735466cecf":"f.89CEFFE823C31142EA3CFD6CAFD84276.d.89984E7003D3DD0E577B4A0463F34C87.e.1707","ELEMENT":"f.89CEFFE823C31142EA3CFD6CAFD84276.d.89984E7003D3DD0E577B4A0463F34C87.e.1707"}]}
RESULT: {"script":"<script> [56 bytes]","args":[{"element-6066-11e4-a52e-4f735466cecf":"f.89CEFFE823C31142EA3CFD6CAFD84276.d.89984E7003D3DD0E577B4A0463F34C87.e.1707","ELEMENT":"f.89CEFFE823C31142EA3CFD6CAFD84276.d.89984E7003D3DD0E577B4A0463F34C87.e.1707"}]}
COMMAND: POST /session/86a389c01bc54833c1d480b3c129d65f/element - {"using":"css selector","value":"#shell-header-logo"}
COMMAND: GET /session/86a389c01bc54833c1d480b3c129d65f/screenshot - {}
RESULT: {"using":"css selector","value":"#shell-header-logo"}
COMMAND: POST /session/86a389c01bc54833c1d480b3c129d65f/element/f.89CEFFE823C31142EA3CFD6CAFD84276.d.89984E7003D3DD0E577B4A0463F34C87.e.1026/click - {}
RESULT: {}
RESULT: {}
COMMAND: GET /session/86a389c01bc54833c1d480b3c129d65f/screenshot - {}
RESULT: {}
COMMAND: POST /session/86a389c01bc54833c1d480b3c129d65f/execute/sync - {"script":"<script> [299 bytes]","args":[["getModel","getResource"]]}
RESULT: {"script":"<script> [299 bytes]","args":[["getModel","getResource"]]}
COMMAND: GET /session/86a389c01bc54833c1d480b3c129d65f/screenshot - {}
]]></system-out>
    </testcase>
    <testcase classname="chrome.135_0_7049_96.windows.Partner_specific_tests_US150819_US151080_US151654_US151176_US103444_US151078_US151079_US151109_US151174_US151175_US151189" name="Should filter and search partners US151080" time="100.381">
      <system-out><![CDATA[
COMMAND: POST /session/86a389c01bc54833c1d480b3c129d65f/element - {"using":"xpath","value":"//li[.//span[text()=\"Manage Partners\"]]"}
RESULT: {}
RESULT: {"using":"xpath","value":"//li[.//span[text()=\"Manage Partners\"]]"}
COMMAND: POST /session/86a389c01bc54833c1d480b3c129d65f/element - {"using":"xpath","value":"//li[.//span[text()=\"Manage Partners\"]]"}
RESULT: {"using":"xpath","value":"//li[.//span[text()=\"Manage Partners\"]]"}
COMMAND: POST /session/86a389c01bc54833c1d480b3c129d65f/element - {"using":"css selector","value":"#shell-header-logo"}
RESULT: {"using":"css selector","value":"#shell-header-logo"}
COMMAND: POST /session/86a389c01bc54833c1d480b3c129d65f/element/f.89CEFFE823C31142EA3CFD6CAFD84276.d.89984E7003D3DD0E577B4A0463F34C87.e.1709/click - {}
COMMAND: POST /session/86a389c01bc54833c1d480b3c129d65f/execute/sync - {"script":"<script> [8489 bytes]","args":[{"element-6066-11e4-a52e-4f735466cecf":"f.89CEFFE823C31142EA3CFD6CAFD84276.d.89984E7003D3DD0E577B4A0463F34C87.e.1709","ELEMENT":"f.89CEFFE823C31142EA3CFD6CAFD84276.d.89984E7003D3DD0E577B4A0463F34C87.e.1709"}]}
RESULT: {"script":"<script> [8489 bytes]","args":[{"element-6066-11e4-a52e-4f735466cecf":"f.89CEFFE823C31142EA3CFD6CAFD84276.d.89984E7003D3DD0E577B4A0463F34C87.e.1709","ELEMENT":"f.89CEFFE823C31142EA3CFD6CAFD84276.d.89984E7003D3DD0E577B4A0463F34C87.e.1709"}]}
COMMAND: POST /session/86a389c01bc54833c1d480b3c129d65f/execute/sync - {"script":"<script> [5351 bytes]","args":[{"element-6066-11e4-a52e-4f735466cecf":"f.89CEFFE823C31142EA3CFD6CAFD84276.d.89984E7003D3DD0E577B4A0463F34C87.e.1709","ELEMENT":"f.89CEFFE823C31142EA3CFD6CAFD84276.d.89984E7003D3DD0E577B4A0463F34C87.e.1709"}]}
COMMAND: GET /session/86a389c01bc54833c1d480b3c129d65f/screenshot - {}
RESULT: {}
COMMAND: GET /session/86a389c01bc54833c1d480b3c129d65f/screenshot - {}
RESULT: {"script":"<script> [5351 bytes]","args":[{"element-6066-11e4-a52e-4f735466cecf":"f.89CEFFE823C31142EA3CFD6CAFD84276.d.89984E7003D3DD0E577B4A0463F34C87.e.1709","ELEMENT":"f.89CEFFE823C31142EA3CFD6CAFD84276.d.89984E7003D3DD0E577B4A0463F34C87.e.1709"}]}
COMMAND: GET /session/86a389c01bc54833c1d480b3c129d65f/screenshot - {}
RESULT: {}
RESULT: {}
RESULT: {}
RESULT: undefined
COMMAND: POST /session/86a389c01bc54833c1d480b3c129d65f/element - {"using":"xpath","value":"//*[@id=\"__tile38\"]"}
RESULT: {"using":"xpath","value":"//*[@id=\"__tile38\"]"}
COMMAND: POST /session/86a389c01bc54833c1d480b3c129d65f/element/f.89CEFFE823C31142EA3CFD6CAFD84276.d.89984E7003D3DD0E577B4A0463F34C87.e.156/click - {}
RESULT: {}
COMMAND: POST /session/86a389c01bc54833c1d480b3c129d65f/element - {"using":"xpath","value":"//button[@data-kt=\"addButton\"]"}
COMMAND: GET /session/86a389c01bc54833c1d480b3c129d65f/screenshot - {}
RESULT: {"using":"xpath","value":"//button[@data-kt=\"addButton\"]"}
COMMAND: POST /session/86a389c01bc54833c1d480b3c129d65f/elements - {"using":"xpath","value":"//button[@data-kt=\"addButton\"]"}
RESULT: {}
RESULT: {"using":"xpath","value":"//button[@data-kt=\"addButton\"]"}
COMMAND: POST /session/86a389c01bc54833c1d480b3c129d65f/element - {"using":"xpath","value":"//button[@data-kt=\"addButton\"]"}
RESULT: {"using":"xpath","value":"//button[@data-kt=\"addButton\"]"}
COMMAND: POST /session/86a389c01bc54833c1d480b3c129d65f/execute/sync - {"script":"<script> [8489 bytes]","args":[{"element-6066-11e4-a52e-4f735466cecf":"f.89CEFFE823C31142EA3CFD6CAFD84276.d.89984E7003D3DD0E577B4A0463F34C87.e.1755","ELEMENT":"f.89CEFFE823C31142EA3CFD6CAFD84276.d.89984E7003D3DD0E577B4A0463F34C87.e.1755"}]}
RESULT: {"script":"<script> [8489 bytes]","args":[{"element-6066-11e4-a52e-4f735466cecf":"f.89CEFFE823C31142EA3CFD6CAFD84276.d.89984E7003D3DD0E577B4A0463F34C87.e.1755","ELEMENT":"f.89CEFFE823C31142EA3CFD6CAFD84276.d.89984E7003D3DD0E577B4A0463F34C87.e.1755"}]}
COMMAND: GET /session/86a389c01bc54833c1d480b3c129d65f/element/f.89CEFFE823C31142EA3CFD6CAFD84276.d.89984E7003D3DD0E577B4A0463F34C87.e.1755/enabled - {}
COMMAND: GET /session/86a389c01bc54833c1d480b3c129d65f/screenshot - {}
RESULT: {}
COMMAND: POST /session/86a389c01bc54833c1d480b3c129d65f/execute/sync - {"script":"<script> [8489 bytes]","args":[{"element-6066-11e4-a52e-4f735466cecf":"f.89CEFFE823C31142EA3CFD6CAFD84276.d.89984E7003D3DD0E577B4A0463F34C87.e.1755","ELEMENT":"f.89CEFFE823C31142EA3CFD6CAFD84276.d.89984E7003D3DD0E577B4A0463F34C87.e.1755"}]}
COMMAND: GET /session/86a389c01bc54833c1d480b3c129d65f/screenshot - {}
RESULT: {}
RESULT: {"script":"<script> [8489 bytes]","args":[{"element-6066-11e4-a52e-4f735466cecf":"f.89CEFFE823C31142EA3CFD6CAFD84276.d.89984E7003D3DD0E577B4A0463F34C87.e.1755","ELEMENT":"f.89CEFFE823C31142EA3CFD6CAFD84276.d.89984E7003D3DD0E577B4A0463F34C87.e.1755"}]}
COMMAND: POST /session/86a389c01bc54833c1d480b3c129d65f/execute/sync - {"script":"<script> [5351 bytes]","args":[{"element-6066-11e4-a52e-4f735466cecf":"f.89CEFFE823C31142EA3CFD6CAFD84276.d.89984E7003D3DD0E577B4A0463F34C87.e.1755","ELEMENT":"f.89CEFFE823C31142EA3CFD6CAFD84276.d.89984E7003D3DD0E577B4A0463F34C87.e.1755"}]}
COMMAND: GET /session/86a389c01bc54833c1d480b3c129d65f/screenshot - {}
RESULT: {}
RESULT: {"script":"<script> [5351 bytes]","args":[{"element-6066-11e4-a52e-4f735466cecf":"f.89CEFFE823C31142EA3CFD6CAFD84276.d.89984E7003D3DD0E577B4A0463F34C87.e.1755","ELEMENT":"f.89CEFFE823C31142EA3CFD6CAFD84276.d.89984E7003D3DD0E577B4A0463F34C87.e.1755"}]}
COMMAND: GET /session/86a389c01bc54833c1d480b3c129d65f/screenshot - {}
RESULT: {}
RESULT: {}
COMMAND: POST /session/86a389c01bc54833c1d480b3c129d65f/execute/async - {"script":"<script> [1562 bytes]","args":[{"selector":{"id":"application-managepartners-display-component---masterPtm--smartTable-btnPersonalisation-img"},"wdio_ui5_key":"applicationmanagepartners-display-component---masterPtm--smartTable-btnPersonalisation-img"}]}
RESULT: {"script":"<script> [1562 bytes]","args":[{"selector":{"id":"application-managepartners-display-component---masterPtm--smartTable-btnPersonalisation-img"},"wdio_ui5_key":"applicationmanagepartners-display-component---masterPtm--smartTable-btnPersonalisation-img"}]}
RESULT: undefined
COMMAND: POST /session/86a389c01bc54833c1d480b3c129d65f/element - {"using":"xpath","value":"//*[@id=\"application-managepartners-display-component---masterPtm--smartTable-btnPersonalisation-img\"]"}
RESULT: {"using":"xpath","value":"//*[@id=\"application-managepartners-display-component---masterPtm--smartTable-btnPersonalisation-img\"]"}
COMMAND: POST /session/86a389c01bc54833c1d480b3c129d65f/element/f.89CEFFE823C31142EA3CFD6CAFD84276.d.89984E7003D3DD0E577B4A0463F34C87.e.1760/click - {}
RESULT: {}
COMMAND: GET /session/86a389c01bc54833c1d480b3c129d65f/screenshot - {}
RESULT: {}
COMMAND: POST /session/86a389c01bc54833c1d480b3c129d65f/execute/async - {"script":"<script> [1562 bytes]","args":[{"selector":{"controlType":"sap.m.IconTabFilter","viewName":"etm.portal.ui.managepartners.view.Master","viewId":"application-managepartners-display-component---masterPtm","properties":{"text":"Sort"},"searchOpenDialogs":true,"interaction":{"idSuffix":"text"}},"wdio_ui5_key":"etmportal.ui.managepartners.view.Mastersap.m.IconTabFilter{\"text\":\"Sort\"}"}]}
RESULT: {"script":"<script> [1562 bytes]","args":[{"selector":{"controlType":"sap.m.IconTabFilter","viewName":"etm.portal.ui.managepartners.view.Master","viewId":"application-managepartners-display-component---masterPtm","properties":{"text":"Sort"},"searchOpenDialogs":true,"interaction":{"idSuffix":"text"}},"wdio_ui5_key":"etmportal.ui.managepartners.view.Mastersap.m.IconTabFilter{\"text\":\"Sort\"}"}]}
RESULT: undefined
COMMAND: POST /session/86a389c01bc54833c1d480b3c129d65f/element - {"using":"xpath","value":"//*[@id=\"__filter1\"]"}
RESULT: {"using":"xpath","value":"//*[@id=\"__filter1\"]"}
COMMAND: POST /session/86a389c01bc54833c1d480b3c129d65f/element/f.89CEFFE823C31142EA3CFD6CAFD84276.d.89984E7003D3DD0E577B4A0463F34C87.e.1901/click - {}
RESULT: {}
COMMAND: GET /session/86a389c01bc54833c1d480b3c129d65f/screenshot - {}
RESULT: {}
COMMAND: POST /session/86a389c01bc54833c1d480b3c129d65f/element - {"using":"xpath","value":"//input[@placeholder=\"Sort by\"]/following-sibling::div//span"}
RESULT: {"using":"xpath","value":"//input[@placeholder=\"Sort by\"]/following-sibling::div//span"}
COMMAND: POST /session/86a389c01bc54833c1d480b3c129d65f/element/f.89CEFFE823C31142EA3CFD6CAFD84276.d.89984E7003D3DD0E577B4A0463F34C87.e.1903/click - {}
RESULT: {}
COMMAND: GET /session/86a389c01bc54833c1d480b3c129d65f/screenshot - {}
RESULT: {}
COMMAND: POST /session/86a389c01bc54833c1d480b3c129d65f/element - {"using":"xpath","value":"//li[.//span[text()=\"Language\"]]"}
RESULT: {"using":"xpath","value":"//li[.//span[text()=\"Language\"]]"}
COMMAND: POST /session/86a389c01bc54833c1d480b3c129d65f/element/f.89CEFFE823C31142EA3CFD6CAFD84276.d.89984E7003D3DD0E577B4A0463F34C87.e.1904/click - {}
RESULT: {}
COMMAND: GET /session/86a389c01bc54833c1d480b3c129d65f/screenshot - {}
RESULT: {}
COMMAND: POST /session/86a389c01bc54833c1d480b3c129d65f/element - {"using":"xpath","value":"//bdi[contains(text(), \"OK\")]"}
RESULT: {"using":"xpath","value":"//bdi[contains(text(), \"OK\")]"}
COMMAND: POST /session/86a389c01bc54833c1d480b3c129d65f/element/f.89CEFFE823C31142EA3CFD6CAFD84276.d.89984E7003D3DD0E577B4A0463F34C87.e.1908/click - {}
RESULT: {}
COMMAND: GET /session/86a389c01bc54833c1d480b3c129d65f/screenshot - {}
RESULT: {}
COMMAND: POST /session/86a389c01bc54833c1d480b3c129d65f/element - {"using":"xpath","value":"//table[contains(@id, \"customPartnersTable\")]//tbody/tr[1]/td[3]/span"}
RESULT: {"using":"xpath","value":"//table[contains(@id, \"customPartnersTable\")]//tbody/tr[1]/td[3]/span"}
COMMAND: POST /session/86a389c01bc54833c1d480b3c129d65f/execute/sync - {"script":"<script> [56 bytes]","args":[{"element-6066-11e4-a52e-4f735466cecf":"f.89CEFFE823C31142EA3CFD6CAFD84276.d.89984E7003D3DD0E577B4A0463F34C87.e.2033","ELEMENT":"f.89CEFFE823C31142EA3CFD6CAFD84276.d.89984E7003D3DD0E577B4A0463F34C87.e.2033"}]}
RESULT: {"script":"<script> [56 bytes]","args":[{"element-6066-11e4-a52e-4f735466cecf":"f.89CEFFE823C31142EA3CFD6CAFD84276.d.89984E7003D3DD0E577B4A0463F34C87.e.2033","ELEMENT":"f.89CEFFE823C31142EA3CFD6CAFD84276.d.89984E7003D3DD0E577B4A0463F34C87.e.2033"}]}
RESULT: undefined
COMMAND: POST /session/86a389c01bc54833c1d480b3c129d65f/element - {"using":"xpath","value":"//*[@id=\"application-managepartners-display-component---masterPtm--smartTable-btnPersonalisation-img\"]"}
COMMAND: GET /session/86a389c01bc54833c1d480b3c129d65f/screenshot - {}
RESULT: {"using":"xpath","value":"//*[@id=\"application-managepartners-display-component---masterPtm--smartTable-btnPersonalisation-img\"]"}
COMMAND: POST /session/86a389c01bc54833c1d480b3c129d65f/element/f.89CEFFE823C31142EA3CFD6CAFD84276.d.89984E7003D3DD0E577B4A0463F34C87.e.1760/click - {}
RESULT: {}
RESULT: {}
COMMAND: GET /session/86a389c01bc54833c1d480b3c129d65f/screenshot - {}
RESULT: {}
COMMAND: POST /session/86a389c01bc54833c1d480b3c129d65f/element - {"using":"xpath","value":"//bdi[contains(text(), \"Reset\")]"}
RESULT: {"using":"xpath","value":"//bdi[contains(text(), \"Reset\")]"}
COMMAND: POST /session/86a389c01bc54833c1d480b3c129d65f/element/f.89CEFFE823C31142EA3CFD6CAFD84276.d.89984E7003D3DD0E577B4A0463F34C87.e.2038/click - {}
RESULT: {}
COMMAND: GET /session/86a389c01bc54833c1d480b3c129d65f/screenshot - {}
RESULT: {}
COMMAND: POST /session/86a389c01bc54833c1d480b3c129d65f/element - {"using":"xpath","value":"(//bdi[contains(text(), \"OK\")])[2]"}
RESULT: {"using":"xpath","value":"(//bdi[contains(text(), \"OK\")])[2]"}
COMMAND: POST /session/86a389c01bc54833c1d480b3c129d65f/element/f.89CEFFE823C31142EA3CFD6CAFD84276.d.89984E7003D3DD0E577B4A0463F34C87.e.2040/click - {}
RESULT: {}
COMMAND: GET /session/86a389c01bc54833c1d480b3c129d65f/screenshot - {}
RESULT: {}
COMMAND: POST /session/86a389c01bc54833c1d480b3c129d65f/element - {"using":"xpath","value":"//bdi[contains(text(), \"OK\")]"}
RESULT: {"using":"xpath","value":"//bdi[contains(text(), \"OK\")]"}
COMMAND: POST /session/86a389c01bc54833c1d480b3c129d65f/element/f.89CEFFE823C31142EA3CFD6CAFD84276.d.89984E7003D3DD0E577B4A0463F34C87.e.2092/click - {}
RESULT: {}
COMMAND: GET /session/86a389c01bc54833c1d480b3c129d65f/screenshot - {}
RESULT: {}
COMMAND: POST /session/86a389c01bc54833c1d480b3c129d65f/element - {"using":"xpath","value":"//table[contains(@id, \"customPartnersTable\")]//tbody/tr[1]/td[3]/span"}
RESULT: {"using":"xpath","value":"//table[contains(@id, \"customPartnersTable\")]//tbody/tr[1]/td[3]/span"}
COMMAND: POST /session/86a389c01bc54833c1d480b3c129d65f/execute/sync - {"script":"<script> [56 bytes]","args":[{"element-6066-11e4-a52e-4f735466cecf":"f.89CEFFE823C31142EA3CFD6CAFD84276.d.89984E7003D3DD0E577B4A0463F34C87.e.2094","ELEMENT":"f.89CEFFE823C31142EA3CFD6CAFD84276.d.89984E7003D3DD0E577B4A0463F34C87.e.2094"}]}
RESULT: {"script":"<script> [56 bytes]","args":[{"element-6066-11e4-a52e-4f735466cecf":"f.89CEFFE823C31142EA3CFD6CAFD84276.d.89984E7003D3DD0E577B4A0463F34C87.e.2094","ELEMENT":"f.89CEFFE823C31142EA3CFD6CAFD84276.d.89984E7003D3DD0E577B4A0463F34C87.e.2094"}]}
RESULT: undefined
COMMAND: POST /session/86a389c01bc54833c1d480b3c129d65f/element - {"using":"xpath","value":"//*[@id=\"application-managepartners-display-component---masterPtm--smartTable-btnPersonalisation-img\"]"}
COMMAND: GET /session/86a389c01bc54833c1d480b3c129d65f/screenshot - {}
RESULT: {"using":"xpath","value":"//*[@id=\"application-managepartners-display-component---masterPtm--smartTable-btnPersonalisation-img\"]"}
COMMAND: POST /session/86a389c01bc54833c1d480b3c129d65f/element/f.89CEFFE823C31142EA3CFD6CAFD84276.d.89984E7003D3DD0E577B4A0463F34C87.e.1760/click - {}
RESULT: {}
RESULT: {}
COMMAND: GET /session/86a389c01bc54833c1d480b3c129d65f/screenshot - {}
RESULT: {}
COMMAND: POST /session/86a389c01bc54833c1d480b3c129d65f/execute/async - {"script":"<script> [1562 bytes]","args":[{"selector":{"controlType":"sap.m.IconTabFilter","viewName":"etm.portal.ui.managepartners.view.Master","viewId":"application-managepartners-display-component---masterPtm","properties":{"text":"Filter"},"searchOpenDialogs":true,"interaction":{"idSuffix":"text"}},"wdio_ui5_key":"etmportal.ui.managepartners.view.Mastersap.m.IconTabFilter{\"text\":\"Filter\"}"}]}
RESULT: {"script":"<script> [1562 bytes]","args":[{"selector":{"controlType":"sap.m.IconTabFilter","viewName":"etm.portal.ui.managepartners.view.Master","viewId":"application-managepartners-display-component---masterPtm","properties":{"text":"Filter"},"searchOpenDialogs":true,"interaction":{"idSuffix":"text"}},"wdio_ui5_key":"etmportal.ui.managepartners.view.Mastersap.m.IconTabFilter{\"text\":\"Filter\"}"}]}
RESULT: undefined
COMMAND: POST /session/86a389c01bc54833c1d480b3c129d65f/element - {"using":"xpath","value":"//*[@id=\"__filter10\"]"}
RESULT: {"using":"xpath","value":"//*[@id=\"__filter10\"]"}
COMMAND: POST /session/86a389c01bc54833c1d480b3c129d65f/element/f.89CEFFE823C31142EA3CFD6CAFD84276.d.89984E7003D3DD0E577B4A0463F34C87.e.2099/click - {}
RESULT: {}
COMMAND: GET /session/86a389c01bc54833c1d480b3c129d65f/screenshot - {}
RESULT: {}
COMMAND: POST /session/86a389c01bc54833c1d480b3c129d65f/element - {"using":"xpath","value":"//input[@placeholder=\"Filter by\"]/following-sibling::div//span"}
RESULT: {"using":"xpath","value":"//input[@placeholder=\"Filter by\"]/following-sibling::div//span"}
COMMAND: POST /session/86a389c01bc54833c1d480b3c129d65f/element/f.89CEFFE823C31142EA3CFD6CAFD84276.d.89984E7003D3DD0E577B4A0463F34C87.e.2101/click - {}
RESULT: {}
COMMAND: GET /session/86a389c01bc54833c1d480b3c129d65f/screenshot - {}
RESULT: {}
COMMAND: POST /session/86a389c01bc54833c1d480b3c129d65f/element - {"using":"xpath","value":"//li[.//span[text()=\"Preferred Yard\"]]"}
RESULT: {"using":"xpath","value":"//li[.//span[text()=\"Preferred Yard\"]]"}
COMMAND: POST /session/86a389c01bc54833c1d480b3c129d65f/element/f.89CEFFE823C31142EA3CFD6CAFD84276.d.89984E7003D3DD0E577B4A0463F34C87.e.2102/click - {}
RESULT: {}
COMMAND: GET /session/86a389c01bc54833c1d480b3c129d65f/screenshot - {}
RESULT: {}
COMMAND: POST /session/86a389c01bc54833c1d480b3c129d65f/execute/async - {"script":"<script> [1562 bytes]","args":[{"selector":{"id":"FilterPanel-filterItemControl_BASIC-application-managepartners-display-component---masterPtm--smartTable-YARDYARD-vhi","searchOpenDialogs":true},"wdio_ui5_key":"FilterPanelfilterItemControl_BASIC-application-managepartners-display-component---masterPtm--smartTable-YARDYARD-vhi"}]}
RESULT: {"script":"<script> [1562 bytes]","args":[{"selector":{"id":"FilterPanel-filterItemControl_BASIC-application-managepartners-display-component---masterPtm--smartTable-YARDYARD-vhi","searchOpenDialogs":true},"wdio_ui5_key":"FilterPanelfilterItemControl_BASIC-application-managepartners-display-component---masterPtm--smartTable-YARDYARD-vhi"}]}
RESULT: undefined
COMMAND: POST /session/86a389c01bc54833c1d480b3c129d65f/element - {"using":"xpath","value":"//*[@id=\"FilterPanel-filterItemControl_BASIC-application-managepartners-display-component---masterPtm--smartTable-YARDYARD-vhi\"]"}
RESULT: {"using":"xpath","value":"//*[@id=\"FilterPanel-filterItemControl_BASIC-application-managepartners-display-component---masterPtm--smartTable-YARDYARD-vhi\"]"}
COMMAND: POST /session/86a389c01bc54833c1d480b3c129d65f/element/f.89CEFFE823C31142EA3CFD6CAFD84276.d.89984E7003D3DD0E577B4A0463F34C87.e.2105/click - {}
RESULT: {}
COMMAND: GET /session/86a389c01bc54833c1d480b3c129d65f/screenshot - {}
RESULT: {}
COMMAND: POST /session/86a389c01bc54833c1d480b3c129d65f/execute/async - {"script":"<script> [1562 bytes]","args":[{"selector":{"id":"FilterPanel-filterItemControl_BASIC-application-managepartners-display-component---masterPtm--smartTable-YARDYARD-valueHelpDialog-smartFilterBar-btnBasicSearch","searchOpenDialogs":true,"interaction":{"idSuffix":"I"}},"wdio_ui5_key":"FilterPanelfilterItemControl_BASIC-application-managepartners-display-component---masterPtm--smartTable-YARDYARD-valueHelpDialog-smartFilterBar-btnBasicSearch"}]}
RESULT: {"script":"<script> [1562 bytes]","args":[{"selector":{"id":"FilterPanel-filterItemControl_BASIC-application-managepartners-display-component---masterPtm--smartTable-YARDYARD-valueHelpDialog-smartFilterBar-btnBasicSearch","searchOpenDialogs":true,"interaction":{"idSuffix":"I"}},"wdio_ui5_key":"FilterPanelfilterItemControl_BASIC-application-managepartners-display-component---masterPtm--smartTable-YARDYARD-valueHelpDialog-smartFilterBar-btnBasicSearch"}]}
RESULT: undefined
COMMAND: POST /session/86a389c01bc54833c1d480b3c129d65f/execute/async - {"script":"<script> [776 bytes]","args":[{"enterText":"470","selector":{"id":"FilterPanel-filterItemControl_BASIC-application-managepartners-display-component---masterPtm--smartTable-YARDYARD-valueHelpDialog-smartFilterBar-btnBasicSearch","searchOpenDialogs":true,"interaction":{"idSuffix":"I"}},"clearTextFirst":true,"interactionType":"ENTER_TEXT"}]}
RESULT: {"script":"<script> [776 bytes]","args":[{"enterText":"470","selector":{"id":"FilterPanel-filterItemControl_BASIC-application-managepartners-display-component---masterPtm--smartTable-YARDYARD-valueHelpDialog-smartFilterBar-btnBasicSearch","searchOpenDialogs":true,"interaction":{"idSuffix":"I"}},"clearTextFirst":true,"interactionType":"ENTER_TEXT"}]}
COMMAND: POST /session/86a389c01bc54833c1d480b3c129d65f/actions - {"actions":[{"id":"action3","type":"key","parameters":{},"actions":[{"type":"keyDown","value":"î€‡"},{"type":"pause","duration":10},{"type":"keyUp","value":"î€‡"}]}]}
RESULT: {"actions":[{"id":"action3","type":"key","parameters":{},"actions":[{"type":"keyDown","value":"î€‡"},{"type":"pause","duration":10},{"type":"keyUp","value":"î€‡"}]}]}
COMMAND: GET /session/86a389c01bc54833c1d480b3c129d65f/screenshot - {}
RESULT: {}
COMMAND: POST /session/86a389c01bc54833c1d480b3c129d65f/elements - {"using":"xpath","value":"//table[contains(@id, \"smartTable-YARDYARD-valueHelpDialog-table-table\")]/tbody/tr"}
RESULT: {"using":"xpath","value":"//table[contains(@id, \"smartTable-YARDYARD-valueHelpDialog-table-table\")]/tbody/tr"}
COMMAND: POST /session/86a389c01bc54833c1d480b3c129d65f/element - {"using":"xpath","value":"//table[contains(@id, \"smartTable-YARDYARD-valueHelpDialog-table-table\")]/tbody/tr[1]/td[1]/div/span"}
RESULT: {"using":"xpath","value":"//table[contains(@id, \"smartTable-YARDYARD-valueHelpDialog-table-table\")]/tbody/tr[1]/td[1]/div/span"}
COMMAND: POST /session/86a389c01bc54833c1d480b3c129d65f/elements - {"using":"xpath","value":"//table[contains(@id, \"smartTable-YARDYARD-valueHelpDialog-table-table\")]/tbody/tr[1]/td[1]/div/span"}
RESULT: {"using":"xpath","value":"//table[contains(@id, \"smartTable-YARDYARD-valueHelpDialog-table-table\")]/tbody/tr[1]/td[1]/div/span"}
COMMAND: POST /session/86a389c01bc54833c1d480b3c129d65f/execute/sync - {"script":"<script> [56 bytes]","args":[{"element-6066-11e4-a52e-4f735466cecf":"f.89CEFFE823C31142EA3CFD6CAFD84276.d.89984E7003D3DD0E577B4A0463F34C87.e.2124","ELEMENT":"f.89CEFFE823C31142EA3CFD6CAFD84276.d.89984E7003D3DD0E577B4A0463F34C87.e.2124"}]}
RESULT: {"script":"<script> [56 bytes]","args":[{"element-6066-11e4-a52e-4f735466cecf":"f.89CEFFE823C31142EA3CFD6CAFD84276.d.89984E7003D3DD0E577B4A0463F34C87.e.2124","ELEMENT":"f.89CEFFE823C31142EA3CFD6CAFD84276.d.89984E7003D3DD0E577B4A0463F34C87.e.2124"}]}
COMMAND: POST /session/86a389c01bc54833c1d480b3c129d65f/element - {"using":"xpath","value":"//div[contains(@id, \"YARDYARD-valueHelpDialog-table-rowsel0\")]"}
COMMAND: GET /session/86a389c01bc54833c1d480b3c129d65f/screenshot - {}
RESULT: {"using":"xpath","value":"//div[contains(@id, \"YARDYARD-valueHelpDialog-table-rowsel0\")]"}
COMMAND: POST /session/86a389c01bc54833c1d480b3c129d65f/element/f.89CEFFE823C31142EA3CFD6CAFD84276.d.89984E7003D3DD0E577B4A0463F34C87.e.2125/click - {}
RESULT: {}
RESULT: {}
COMMAND: GET /session/86a389c01bc54833c1d480b3c129d65f/screenshot - {}
RESULT: {}
COMMAND: POST /session/86a389c01bc54833c1d480b3c129d65f/element - {"using":"xpath","value":"(//bdi[contains(text(), \"OK\")])[2]"}
RESULT: {"using":"xpath","value":"(//bdi[contains(text(), \"OK\")])[2]"}
COMMAND: POST /session/86a389c01bc54833c1d480b3c129d65f/element/f.89CEFFE823C31142EA3CFD6CAFD84276.d.89984E7003D3DD0E577B4A0463F34C87.e.2127/click - {}
RESULT: {}
COMMAND: GET /session/86a389c01bc54833c1d480b3c129d65f/screenshot - {}
RESULT: {}
COMMAND: POST /session/86a389c01bc54833c1d480b3c129d65f/element - {"using":"xpath","value":"//bdi[contains(text(), \"OK\")]"}
RESULT: {"using":"xpath","value":"//bdi[contains(text(), \"OK\")]"}
COMMAND: POST /session/86a389c01bc54833c1d480b3c129d65f/element/f.89CEFFE823C31142EA3CFD6CAFD84276.d.89984E7003D3DD0E577B4A0463F34C87.e.2130/click - {}
RESULT: {}
COMMAND: GET /session/86a389c01bc54833c1d480b3c129d65f/screenshot - {}
RESULT: {}
COMMAND: POST /session/86a389c01bc54833c1d480b3c129d65f/element - {"using":"xpath","value":"//table[contains(@id, \"customPartnersTable\")]//tbody/tr[1]/td[3]/span"}
RESULT: {"using":"xpath","value":"//table[contains(@id, \"customPartnersTable\")]//tbody/tr[1]/td[3]/span"}
COMMAND: POST /session/86a389c01bc54833c1d480b3c129d65f/execute/sync - {"script":"<script> [56 bytes]","args":[{"element-6066-11e4-a52e-4f735466cecf":"f.89CEFFE823C31142EA3CFD6CAFD84276.d.89984E7003D3DD0E577B4A0463F34C87.e.2094","ELEMENT":"f.89CEFFE823C31142EA3CFD6CAFD84276.d.89984E7003D3DD0E577B4A0463F34C87.e.2094"}]}
RESULT: {"script":"<script> [56 bytes]","args":[{"element-6066-11e4-a52e-4f735466cecf":"f.89CEFFE823C31142EA3CFD6CAFD84276.d.89984E7003D3DD0E577B4A0463F34C87.e.2094","ELEMENT":"f.89CEFFE823C31142EA3CFD6CAFD84276.d.89984E7003D3DD0E577B4A0463F34C87.e.2094"}]}
COMMAND: POST /session/86a389c01bc54833c1d480b3c129d65f/element - {"using":"css selector","value":"#shell-header-logo"}
COMMAND: GET /session/86a389c01bc54833c1d480b3c129d65f/screenshot - {}
RESULT: {"using":"css selector","value":"#shell-header-logo"}
COMMAND: POST /session/86a389c01bc54833c1d480b3c129d65f/element/f.89CEFFE823C31142EA3CFD6CAFD84276.d.89984E7003D3DD0E577B4A0463F34C87.e.1709/click - {}
RESULT: {}
RESULT: {}
COMMAND: GET /session/86a389c01bc54833c1d480b3c129d65f/screenshot - {}
RESULT: {}
]]></system-out>
    </testcase>
    <testcase classname="chrome.135_0_7049_96.windows.Partner_specific_tests_US150819_US151080_US151654_US151176_US103444_US151078_US151079_US151109_US151174_US151175_US151189" name="Should deactivate the created partner in earlier step US151654" time="57.358">
      <system-out><![CDATA[
COMMAND: POST /session/86a389c01bc54833c1d480b3c129d65f/element - {"using":"xpath","value":"//li[.//span[text()=\"Manage Partners\"]]"}
RESULT: {"using":"xpath","value":"//li[.//span[text()=\"Manage Partners\"]]"}
COMMAND: POST /session/86a389c01bc54833c1d480b3c129d65f/element - {"using":"xpath","value":"//li[.//span[text()=\"Manage Partners\"]]"}
RESULT: {"using":"xpath","value":"//li[.//span[text()=\"Manage Partners\"]]"}
COMMAND: POST /session/86a389c01bc54833c1d480b3c129d65f/element - {"using":"css selector","value":"#shell-header-logo"}
RESULT: {"using":"css selector","value":"#shell-header-logo"}
COMMAND: POST /session/86a389c01bc54833c1d480b3c129d65f/element/f.89CEFFE823C31142EA3CFD6CAFD84276.d.89984E7003D3DD0E577B4A0463F34C87.e.2179/click - {}
COMMAND: POST /session/86a389c01bc54833c1d480b3c129d65f/execute/sync - {"script":"<script> [8489 bytes]","args":[{"element-6066-11e4-a52e-4f735466cecf":"f.89CEFFE823C31142EA3CFD6CAFD84276.d.89984E7003D3DD0E577B4A0463F34C87.e.2179","ELEMENT":"f.89CEFFE823C31142EA3CFD6CAFD84276.d.89984E7003D3DD0E577B4A0463F34C87.e.2179"}]}
RESULT: {"script":"<script> [8489 bytes]","args":[{"element-6066-11e4-a52e-4f735466cecf":"f.89CEFFE823C31142EA3CFD6CAFD84276.d.89984E7003D3DD0E577B4A0463F34C87.e.2179","ELEMENT":"f.89CEFFE823C31142EA3CFD6CAFD84276.d.89984E7003D3DD0E577B4A0463F34C87.e.2179"}]}
COMMAND: POST /session/86a389c01bc54833c1d480b3c129d65f/execute/sync - {"script":"<script> [5351 bytes]","args":[{"element-6066-11e4-a52e-4f735466cecf":"f.89CEFFE823C31142EA3CFD6CAFD84276.d.89984E7003D3DD0E577B4A0463F34C87.e.2179","ELEMENT":"f.89CEFFE823C31142EA3CFD6CAFD84276.d.89984E7003D3DD0E577B4A0463F34C87.e.2179"}]}
COMMAND: GET /session/86a389c01bc54833c1d480b3c129d65f/screenshot - {}
RESULT: {}
COMMAND: GET /session/86a389c01bc54833c1d480b3c129d65f/screenshot - {}
RESULT: {"script":"<script> [5351 bytes]","args":[{"element-6066-11e4-a52e-4f735466cecf":"f.89CEFFE823C31142EA3CFD6CAFD84276.d.89984E7003D3DD0E577B4A0463F34C87.e.2179","ELEMENT":"f.89CEFFE823C31142EA3CFD6CAFD84276.d.89984E7003D3DD0E577B4A0463F34C87.e.2179"}]}
COMMAND: GET /session/86a389c01bc54833c1d480b3c129d65f/screenshot - {}
RESULT: {}
RESULT: {}
RESULT: {}
RESULT: undefined
COMMAND: POST /session/86a389c01bc54833c1d480b3c129d65f/element - {"using":"xpath","value":"//*[@id=\"__tile38\"]"}
RESULT: {"using":"xpath","value":"//*[@id=\"__tile38\"]"}
COMMAND: POST /session/86a389c01bc54833c1d480b3c129d65f/element/f.89CEFFE823C31142EA3CFD6CAFD84276.d.89984E7003D3DD0E577B4A0463F34C87.e.156/click - {}
RESULT: {}
COMMAND: POST /session/86a389c01bc54833c1d480b3c129d65f/element - {"using":"xpath","value":"//button[@data-kt=\"addButton\"]"}
COMMAND: GET /session/86a389c01bc54833c1d480b3c129d65f/screenshot - {}
RESULT: {"using":"xpath","value":"//button[@data-kt=\"addButton\"]"}
COMMAND: POST /session/86a389c01bc54833c1d480b3c129d65f/elements - {"using":"xpath","value":"//button[@data-kt=\"addButton\"]"}
RESULT: {}
RESULT: {"using":"xpath","value":"//button[@data-kt=\"addButton\"]"}
COMMAND: POST /session/86a389c01bc54833c1d480b3c129d65f/elements - {"using":"xpath","value":"//button[@data-kt=\"addButton\"]"}
RESULT: {"using":"xpath","value":"//button[@data-kt=\"addButton\"]"}
COMMAND: POST /session/86a389c01bc54833c1d480b3c129d65f/elements - {"using":"xpath","value":"//button[@data-kt=\"addButton\"]"}
RESULT: {"using":"xpath","value":"//button[@data-kt=\"addButton\"]"}
COMMAND: POST /session/86a389c01bc54833c1d480b3c129d65f/elements - {"using":"xpath","value":"//button[@data-kt=\"addButton\"]"}
RESULT: {"using":"xpath","value":"//button[@data-kt=\"addButton\"]"}
COMMAND: POST /session/86a389c01bc54833c1d480b3c129d65f/elements - {"using":"xpath","value":"//button[@data-kt=\"addButton\"]"}
RESULT: {"using":"xpath","value":"//button[@data-kt=\"addButton\"]"}
COMMAND: POST /session/86a389c01bc54833c1d480b3c129d65f/element - {"using":"xpath","value":"//button[@data-kt=\"addButton\"]"}
RESULT: {"using":"xpath","value":"//button[@data-kt=\"addButton\"]"}
COMMAND: POST /session/86a389c01bc54833c1d480b3c129d65f/execute/sync - {"script":"<script> [8489 bytes]","args":[{"element-6066-11e4-a52e-4f735466cecf":"f.89CEFFE823C31142EA3CFD6CAFD84276.d.89984E7003D3DD0E577B4A0463F34C87.e.2213","ELEMENT":"f.89CEFFE823C31142EA3CFD6CAFD84276.d.89984E7003D3DD0E577B4A0463F34C87.e.2213"}]}
RESULT: {"script":"<script> [8489 bytes]","args":[{"element-6066-11e4-a52e-4f735466cecf":"f.89CEFFE823C31142EA3CFD6CAFD84276.d.89984E7003D3DD0E577B4A0463F34C87.e.2213","ELEMENT":"f.89CEFFE823C31142EA3CFD6CAFD84276.d.89984E7003D3DD0E577B4A0463F34C87.e.2213"}]}
COMMAND: GET /session/86a389c01bc54833c1d480b3c129d65f/element/f.89CEFFE823C31142EA3CFD6CAFD84276.d.89984E7003D3DD0E577B4A0463F34C87.e.2213/enabled - {}
COMMAND: GET /session/86a389c01bc54833c1d480b3c129d65f/screenshot - {}
RESULT: {}
COMMAND: POST /session/86a389c01bc54833c1d480b3c129d65f/execute/sync - {"script":"<script> [8489 bytes]","args":[{"element-6066-11e4-a52e-4f735466cecf":"f.89CEFFE823C31142EA3CFD6CAFD84276.d.89984E7003D3DD0E577B4A0463F34C87.e.2213","ELEMENT":"f.89CEFFE823C31142EA3CFD6CAFD84276.d.89984E7003D3DD0E577B4A0463F34C87.e.2213"}]}
COMMAND: GET /session/86a389c01bc54833c1d480b3c129d65f/screenshot - {}
RESULT: {}
RESULT: {"script":"<script> [8489 bytes]","args":[{"element-6066-11e4-a52e-4f735466cecf":"f.89CEFFE823C31142EA3CFD6CAFD84276.d.89984E7003D3DD0E577B4A0463F34C87.e.2213","ELEMENT":"f.89CEFFE823C31142EA3CFD6CAFD84276.d.89984E7003D3DD0E577B4A0463F34C87.e.2213"}]}
COMMAND: POST /session/86a389c01bc54833c1d480b3c129d65f/execute/sync - {"script":"<script> [5351 bytes]","args":[{"element-6066-11e4-a52e-4f735466cecf":"f.89CEFFE823C31142EA3CFD6CAFD84276.d.89984E7003D3DD0E577B4A0463F34C87.e.2213","ELEMENT":"f.89CEFFE823C31142EA3CFD6CAFD84276.d.89984E7003D3DD0E577B4A0463F34C87.e.2213"}]}
COMMAND: GET /session/86a389c01bc54833c1d480b3c129d65f/screenshot - {}
RESULT: {}
RESULT: {"script":"<script> [5351 bytes]","args":[{"element-6066-11e4-a52e-4f735466cecf":"f.89CEFFE823C31142EA3CFD6CAFD84276.d.89984E7003D3DD0E577B4A0463F34C87.e.2213","ELEMENT":"f.89CEFFE823C31142EA3CFD6CAFD84276.d.89984E7003D3DD0E577B4A0463F34C87.e.2213"}]}
COMMAND: GET /session/86a389c01bc54833c1d480b3c129d65f/screenshot - {}
RESULT: {}
RESULT: {}
COMMAND: POST /session/86a389c01bc54833c1d480b3c129d65f/execute/async - {"script":"<script> [1562 bytes]","args":[{"selector":{"id":"application-managepartners-display-component---masterPtm--smartFilterBar-btnBasicSearch","interaction":{"idSuffix":"I"}},"wdio_ui5_key":"applicationmanagepartners-display-component---masterPtm--smartFilterBar-btnBasicSearch"}]}
RESULT: {"script":"<script> [1562 bytes]","args":[{"selector":{"id":"application-managepartners-display-component---masterPtm--smartFilterBar-btnBasicSearch","interaction":{"idSuffix":"I"}},"wdio_ui5_key":"applicationmanagepartners-display-component---masterPtm--smartFilterBar-btnBasicSearch"}]}
RESULT: undefined
COMMAND: POST /session/86a389c01bc54833c1d480b3c129d65f/execute/async - {"script":"<script> [776 bytes]","args":[{"enterText":"1340","selector":{"id":"application-managepartners-display-component---masterPtm--smartFilterBar-btnBasicSearch","interaction":{"idSuffix":"I"}},"clearTextFirst":true,"interactionType":"ENTER_TEXT"}]}
RESULT: {"script":"<script> [776 bytes]","args":[{"enterText":"1340","selector":{"id":"application-managepartners-display-component---masterPtm--smartFilterBar-btnBasicSearch","interaction":{"idSuffix":"I"}},"clearTextFirst":true,"interactionType":"ENTER_TEXT"}]}
COMMAND: POST /session/86a389c01bc54833c1d480b3c129d65f/actions - {"actions":[{"id":"action4","type":"key","parameters":{},"actions":[{"type":"keyDown","value":"î€‡"},{"type":"pause","duration":10},{"type":"keyUp","value":"î€‡"}]}]}
RESULT: {"actions":[{"id":"action4","type":"key","parameters":{},"actions":[{"type":"keyDown","value":"î€‡"},{"type":"pause","duration":10},{"type":"keyUp","value":"î€‡"}]}]}
COMMAND: GET /session/86a389c01bc54833c1d480b3c129d65f/screenshot - {}
RESULT: {}
COMMAND: POST /session/86a389c01bc54833c1d480b3c129d65f/elements - {"using":"xpath","value":"//table[contains(@id, \"customPartnersTable-listUl\")]/tbody/tr"}
RESULT: {"using":"xpath","value":"//table[contains(@id, \"customPartnersTable-listUl\")]/tbody/tr"}
COMMAND: POST /session/86a389c01bc54833c1d480b3c129d65f/element - {"using":"xpath","value":"//table[contains(@id, \"customPartnersTable-listUl\")]/tbody/tr[1]/td[3]/span"}
RESULT: {"using":"xpath","value":"//table[contains(@id, \"customPartnersTable-listUl\")]/tbody/tr[1]/td[3]/span"}
COMMAND: POST /session/86a389c01bc54833c1d480b3c129d65f/elements - {"using":"xpath","value":"//table[contains(@id, \"customPartnersTable-listUl\")]/tbody/tr[1]/td[3]/span"}
RESULT: {"using":"xpath","value":"//table[contains(@id, \"customPartnersTable-listUl\")]/tbody/tr[1]/td[3]/span"}
COMMAND: POST /session/86a389c01bc54833c1d480b3c129d65f/execute/sync - {"script":"<script> [56 bytes]","args":[{"element-6066-11e4-a52e-4f735466cecf":"f.89CEFFE823C31142EA3CFD6CAFD84276.d.89984E7003D3DD0E577B4A0463F34C87.e.2358","ELEMENT":"f.89CEFFE823C31142EA3CFD6CAFD84276.d.89984E7003D3DD0E577B4A0463F34C87.e.2358"}]}
RESULT: {"script":"<script> [56 bytes]","args":[{"element-6066-11e4-a52e-4f735466cecf":"f.89CEFFE823C31142EA3CFD6CAFD84276.d.89984E7003D3DD0E577B4A0463F34C87.e.2358","ELEMENT":"f.89CEFFE823C31142EA3CFD6CAFD84276.d.89984E7003D3DD0E577B4A0463F34C87.e.2358"}]}
COMMAND: POST /session/86a389c01bc54833c1d480b3c129d65f/element - {"using":"xpath","value":"//table[contains(@id, \"customPartnersTable-listUl\")]/tbody/tr[1]/td[7]/div/span"}
COMMAND: GET /session/86a389c01bc54833c1d480b3c129d65f/screenshot - {}
RESULT: {"using":"xpath","value":"//table[contains(@id, \"customPartnersTable-listUl\")]/tbody/tr[1]/td[7]/div/span"}
COMMAND: POST /session/86a389c01bc54833c1d480b3c129d65f/execute/sync - {"script":"<script> [56 bytes]","args":[{"element-6066-11e4-a52e-4f735466cecf":"f.89CEFFE823C31142EA3CFD6CAFD84276.d.89984E7003D3DD0E577B4A0463F34C87.e.2359","ELEMENT":"f.89CEFFE823C31142EA3CFD6CAFD84276.d.89984E7003D3DD0E577B4A0463F34C87.e.2359"}]}
RESULT: {}
RESULT: {"script":"<script> [56 bytes]","args":[{"element-6066-11e4-a52e-4f735466cecf":"f.89CEFFE823C31142EA3CFD6CAFD84276.d.89984E7003D3DD0E577B4A0463F34C87.e.2359","ELEMENT":"f.89CEFFE823C31142EA3CFD6CAFD84276.d.89984E7003D3DD0E577B4A0463F34C87.e.2359"}]}
COMMAND: POST /session/86a389c01bc54833c1d480b3c129d65f/element - {"using":"xpath","value":"//table[contains(@id, \"customPartnersTable-listUl\")]/tbody/tr[1]/td[2]/div/div"}
COMMAND: GET /session/86a389c01bc54833c1d480b3c129d65f/screenshot - {}
RESULT: {"using":"xpath","value":"//table[contains(@id, \"customPartnersTable-listUl\")]/tbody/tr[1]/td[2]/div/div"}
COMMAND: POST /session/86a389c01bc54833c1d480b3c129d65f/element/f.89CEFFE823C31142EA3CFD6CAFD84276.d.89984E7003D3DD0E577B4A0463F34C87.e.2360/click - {}
RESULT: {}
RESULT: {}
COMMAND: GET /session/86a389c01bc54833c1d480b3c129d65f/screenshot - {}
RESULT: {}
COMMAND: POST /session/86a389c01bc54833c1d480b3c129d65f/element - {"using":"xpath","value":"//bdi[contains(text(), \"Deactivate\")]"}
RESULT: {"using":"xpath","value":"//bdi[contains(text(), \"Deactivate\")]"}
COMMAND: POST /session/86a389c01bc54833c1d480b3c129d65f/element/f.89CEFFE823C31142EA3CFD6CAFD84276.d.89984E7003D3DD0E577B4A0463F34C87.e.2361/click - {}
RESULT: {}
COMMAND: GET /session/86a389c01bc54833c1d480b3c129d65f/screenshot - {}
RESULT: {}
COMMAND: POST /session/86a389c01bc54833c1d480b3c129d65f/element - {"using":"xpath","value":"//bdi[contains(text(), \"Yes\")]"}
RESULT: {"using":"xpath","value":"//bdi[contains(text(), \"Yes\")]"}
COMMAND: POST /session/86a389c01bc54833c1d480b3c129d65f/element/f.89CEFFE823C31142EA3CFD6CAFD84276.d.89984E7003D3DD0E577B4A0463F34C87.e.2364/click - {}
RESULT: {}
COMMAND: GET /session/86a389c01bc54833c1d480b3c129d65f/screenshot - {}
RESULT: {}
COMMAND: POST /session/86a389c01bc54833c1d480b3c129d65f/element - {"using":"xpath","value":"//table[contains(@id, \"customPartnersTable-listUl\")]/tbody/tr[1]/td[7]/div/span"}
RESULT: {"using":"xpath","value":"//table[contains(@id, \"customPartnersTable-listUl\")]/tbody/tr[1]/td[7]/div/span"}
COMMAND: POST /session/86a389c01bc54833c1d480b3c129d65f/execute/sync - {"script":"<script> [56 bytes]","args":[{"element-6066-11e4-a52e-4f735466cecf":"f.89CEFFE823C31142EA3CFD6CAFD84276.d.89984E7003D3DD0E577B4A0463F34C87.e.2359","ELEMENT":"f.89CEFFE823C31142EA3CFD6CAFD84276.d.89984E7003D3DD0E577B4A0463F34C87.e.2359"}]}
RESULT: {"script":"<script> [56 bytes]","args":[{"element-6066-11e4-a52e-4f735466cecf":"f.89CEFFE823C31142EA3CFD6CAFD84276.d.89984E7003D3DD0E577B4A0463F34C87.e.2359","ELEMENT":"f.89CEFFE823C31142EA3CFD6CAFD84276.d.89984E7003D3DD0E577B4A0463F34C87.e.2359"}]}
COMMAND: GET /session/86a389c01bc54833c1d480b3c129d65f/screenshot - {}
RESULT: {}
COMMAND: POST /session/86a389c01bc54833c1d480b3c129d65f/element - {"using":"css selector","value":"#shell-header-logo"}
RESULT: {"using":"css selector","value":"#shell-header-logo"}
COMMAND: POST /session/86a389c01bc54833c1d480b3c129d65f/element/f.89CEFFE823C31142EA3CFD6CAFD84276.d.89984E7003D3DD0E577B4A0463F34C87.e.2179/click - {}
RESULT: {}
COMMAND: GET /session/86a389c01bc54833c1d480b3c129d65f/screenshot - {}
RESULT: {}
]]></system-out>
    </testcase>
    <testcase classname="chrome.135_0_7049_96.windows.Partner_specific_tests_US150819_US151080_US151654_US151176_US103444_US151078_US151079_US151109_US151174_US151175_US151189" name="Should activate the created partner again US151176" time="57.387">
      <system-out><![CDATA[
COMMAND: POST /session/86a389c01bc54833c1d480b3c129d65f/element - {"using":"xpath","value":"//li[.//span[text()=\"Manage Partners\"]]"}
RESULT: {"using":"xpath","value":"//li[.//span[text()=\"Manage Partners\"]]"}
COMMAND: POST /session/86a389c01bc54833c1d480b3c129d65f/element - {"using":"xpath","value":"//li[.//span[text()=\"Manage Partners\"]]"}
RESULT: {"using":"xpath","value":"//li[.//span[text()=\"Manage Partners\"]]"}
COMMAND: POST /session/86a389c01bc54833c1d480b3c129d65f/element - {"using":"css selector","value":"#shell-header-logo"}
RESULT: {"using":"css selector","value":"#shell-header-logo"}
COMMAND: POST /session/86a389c01bc54833c1d480b3c129d65f/element/f.89CEFFE823C31142EA3CFD6CAFD84276.d.89984E7003D3DD0E577B4A0463F34C87.e.2367/click - {}
COMMAND: POST /session/86a389c01bc54833c1d480b3c129d65f/execute/sync - {"script":"<script> [8489 bytes]","args":[{"element-6066-11e4-a52e-4f735466cecf":"f.89CEFFE823C31142EA3CFD6CAFD84276.d.89984E7003D3DD0E577B4A0463F34C87.e.2367","ELEMENT":"f.89CEFFE823C31142EA3CFD6CAFD84276.d.89984E7003D3DD0E577B4A0463F34C87.e.2367"}]}
RESULT: {}
COMMAND: GET /session/86a389c01bc54833c1d480b3c129d65f/screenshot - {}
RESULT: {"script":"<script> [8489 bytes]","args":[{"element-6066-11e4-a52e-4f735466cecf":"f.89CEFFE823C31142EA3CFD6CAFD84276.d.89984E7003D3DD0E577B4A0463F34C87.e.2367","ELEMENT":"f.89CEFFE823C31142EA3CFD6CAFD84276.d.89984E7003D3DD0E577B4A0463F34C87.e.2367"}]}
COMMAND: POST /session/86a389c01bc54833c1d480b3c129d65f/execute/sync - {"script":"<script> [5351 bytes]","args":[{"element-6066-11e4-a52e-4f735466cecf":"f.89CEFFE823C31142EA3CFD6CAFD84276.d.89984E7003D3DD0E577B4A0463F34C87.e.2367","ELEMENT":"f.89CEFFE823C31142EA3CFD6CAFD84276.d.89984E7003D3DD0E577B4A0463F34C87.e.2367"}]}
COMMAND: GET /session/86a389c01bc54833c1d480b3c129d65f/screenshot - {}
RESULT: {}
RESULT: {"script":"<script> [5351 bytes]","args":[{"element-6066-11e4-a52e-4f735466cecf":"f.89CEFFE823C31142EA3CFD6CAFD84276.d.89984E7003D3DD0E577B4A0463F34C87.e.2367","ELEMENT":"f.89CEFFE823C31142EA3CFD6CAFD84276.d.89984E7003D3DD0E577B4A0463F34C87.e.2367"}]}
COMMAND: GET /session/86a389c01bc54833c1d480b3c129d65f/screenshot - {}
RESULT: {}
RESULT: {}
RESULT: undefined
COMMAND: POST /session/86a389c01bc54833c1d480b3c129d65f/element - {"using":"xpath","value":"//*[@id=\"__tile38\"]"}
RESULT: {"using":"xpath","value":"//*[@id=\"__tile38\"]"}
COMMAND: POST /session/86a389c01bc54833c1d480b3c129d65f/element/f.89CEFFE823C31142EA3CFD6CAFD84276.d.89984E7003D3DD0E577B4A0463F34C87.e.156/click - {}
RESULT: {}
COMMAND: POST /session/86a389c01bc54833c1d480b3c129d65f/element - {"using":"xpath","value":"//button[@data-kt=\"addButton\"]"}
COMMAND: GET /session/86a389c01bc54833c1d480b3c129d65f/screenshot - {}
RESULT: {"using":"xpath","value":"//button[@data-kt=\"addButton\"]"}
COMMAND: POST /session/86a389c01bc54833c1d480b3c129d65f/elements - {"using":"xpath","value":"//button[@data-kt=\"addButton\"]"}
RESULT: {}
RESULT: {"using":"xpath","value":"//button[@data-kt=\"addButton\"]"}
COMMAND: POST /session/86a389c01bc54833c1d480b3c129d65f/elements - {"using":"xpath","value":"//button[@data-kt=\"addButton\"]"}
RESULT: {"using":"xpath","value":"//button[@data-kt=\"addButton\"]"}
COMMAND: POST /session/86a389c01bc54833c1d480b3c129d65f/elements - {"using":"xpath","value":"//button[@data-kt=\"addButton\"]"}
RESULT: {"using":"xpath","value":"//button[@data-kt=\"addButton\"]"}
COMMAND: POST /session/86a389c01bc54833c1d480b3c129d65f/elements - {"using":"xpath","value":"//button[@data-kt=\"addButton\"]"}
RESULT: {"using":"xpath","value":"//button[@data-kt=\"addButton\"]"}
COMMAND: POST /session/86a389c01bc54833c1d480b3c129d65f/elements - {"using":"xpath","value":"//button[@data-kt=\"addButton\"]"}
RESULT: {"using":"xpath","value":"//button[@data-kt=\"addButton\"]"}
COMMAND: POST /session/86a389c01bc54833c1d480b3c129d65f/elements - {"using":"xpath","value":"//button[@data-kt=\"addButton\"]"}
RESULT: {"using":"xpath","value":"//button[@data-kt=\"addButton\"]"}
COMMAND: POST /session/86a389c01bc54833c1d480b3c129d65f/elements - {"using":"xpath","value":"//button[@data-kt=\"addButton\"]"}
RESULT: {"using":"xpath","value":"//button[@data-kt=\"addButton\"]"}
COMMAND: POST /session/86a389c01bc54833c1d480b3c129d65f/elements - {"using":"xpath","value":"//button[@data-kt=\"addButton\"]"}
RESULT: {"using":"xpath","value":"//button[@data-kt=\"addButton\"]"}
COMMAND: POST /session/86a389c01bc54833c1d480b3c129d65f/elements - {"using":"xpath","value":"//button[@data-kt=\"addButton\"]"}
RESULT: {"using":"xpath","value":"//button[@data-kt=\"addButton\"]"}
COMMAND: POST /session/86a389c01bc54833c1d480b3c129d65f/elements - {"using":"xpath","value":"//button[@data-kt=\"addButton\"]"}
RESULT: {"using":"xpath","value":"//button[@data-kt=\"addButton\"]"}
COMMAND: POST /session/86a389c01bc54833c1d480b3c129d65f/elements - {"using":"xpath","value":"//button[@data-kt=\"addButton\"]"}
RESULT: {"using":"xpath","value":"//button[@data-kt=\"addButton\"]"}
COMMAND: POST /session/86a389c01bc54833c1d480b3c129d65f/elements - {"using":"xpath","value":"//button[@data-kt=\"addButton\"]"}
RESULT: {"using":"xpath","value":"//button[@data-kt=\"addButton\"]"}
COMMAND: POST /session/86a389c01bc54833c1d480b3c129d65f/elements - {"using":"xpath","value":"//button[@data-kt=\"addButton\"]"}
RESULT: {"using":"xpath","value":"//button[@data-kt=\"addButton\"]"}
COMMAND: POST /session/86a389c01bc54833c1d480b3c129d65f/elements - {"using":"xpath","value":"//button[@data-kt=\"addButton\"]"}
RESULT: {"using":"xpath","value":"//button[@data-kt=\"addButton\"]"}
COMMAND: POST /session/86a389c01bc54833c1d480b3c129d65f/elements - {"using":"xpath","value":"//button[@data-kt=\"addButton\"]"}
RESULT: {"using":"xpath","value":"//button[@data-kt=\"addButton\"]"}
COMMAND: POST /session/86a389c01bc54833c1d480b3c129d65f/element - {"using":"xpath","value":"//button[@data-kt=\"addButton\"]"}
RESULT: {"using":"xpath","value":"//button[@data-kt=\"addButton\"]"}
COMMAND: POST /session/86a389c01bc54833c1d480b3c129d65f/execute/sync - {"script":"<script> [8489 bytes]","args":[{"element-6066-11e4-a52e-4f735466cecf":"f.89CEFFE823C31142EA3CFD6CAFD84276.d.89984E7003D3DD0E577B4A0463F34C87.e.2412","ELEMENT":"f.89CEFFE823C31142EA3CFD6CAFD84276.d.89984E7003D3DD0E577B4A0463F34C87.e.2412"}]}
RESULT: {"script":"<script> [8489 bytes]","args":[{"element-6066-11e4-a52e-4f735466cecf":"f.89CEFFE823C31142EA3CFD6CAFD84276.d.89984E7003D3DD0E577B4A0463F34C87.e.2412","ELEMENT":"f.89CEFFE823C31142EA3CFD6CAFD84276.d.89984E7003D3DD0E577B4A0463F34C87.e.2412"}]}
COMMAND: GET /session/86a389c01bc54833c1d480b3c129d65f/element/f.89CEFFE823C31142EA3CFD6CAFD84276.d.89984E7003D3DD0E577B4A0463F34C87.e.2412/enabled - {}
COMMAND: GET /session/86a389c01bc54833c1d480b3c129d65f/screenshot - {}
RESULT: {}
COMMAND: POST /session/86a389c01bc54833c1d480b3c129d65f/execute/sync - {"script":"<script> [8489 bytes]","args":[{"element-6066-11e4-a52e-4f735466cecf":"f.89CEFFE823C31142EA3CFD6CAFD84276.d.89984E7003D3DD0E577B4A0463F34C87.e.2412","ELEMENT":"f.89CEFFE823C31142EA3CFD6CAFD84276.d.89984E7003D3DD0E577B4A0463F34C87.e.2412"}]}
COMMAND: GET /session/86a389c01bc54833c1d480b3c129d65f/screenshot - {}
RESULT: {}
RESULT: {"script":"<script> [8489 bytes]","args":[{"element-6066-11e4-a52e-4f735466cecf":"f.89CEFFE823C31142EA3CFD6CAFD84276.d.89984E7003D3DD0E577B4A0463F34C87.e.2412","ELEMENT":"f.89CEFFE823C31142EA3CFD6CAFD84276.d.89984E7003D3DD0E577B4A0463F34C87.e.2412"}]}
COMMAND: POST /session/86a389c01bc54833c1d480b3c129d65f/execute/sync - {"script":"<script> [5351 bytes]","args":[{"element-6066-11e4-a52e-4f735466cecf":"f.89CEFFE823C31142EA3CFD6CAFD84276.d.89984E7003D3DD0E577B4A0463F34C87.e.2412","ELEMENT":"f.89CEFFE823C31142EA3CFD6CAFD84276.d.89984E7003D3DD0E577B4A0463F34C87.e.2412"}]}
COMMAND: GET /session/86a389c01bc54833c1d480b3c129d65f/screenshot - {}
RESULT: {}
RESULT: {"script":"<script> [5351 bytes]","args":[{"element-6066-11e4-a52e-4f735466cecf":"f.89CEFFE823C31142EA3CFD6CAFD84276.d.89984E7003D3DD0E577B4A0463F34C87.e.2412","ELEMENT":"f.89CEFFE823C31142EA3CFD6CAFD84276.d.89984E7003D3DD0E577B4A0463F34C87.e.2412"}]}
COMMAND: GET /session/86a389c01bc54833c1d480b3c129d65f/screenshot - {}
RESULT: {}
RESULT: {}
RESULT: undefined
COMMAND: POST /session/86a389c01bc54833c1d480b3c129d65f/execute/async - {"script":"<script> [776 bytes]","args":[{"enterText":"1340","selector":{"id":"application-managepartners-display-component---masterPtm--smartFilterBar-btnBasicSearch","interaction":{"idSuffix":"I"}},"clearTextFirst":true,"interactionType":"ENTER_TEXT"}]}
RESULT: {"script":"<script> [776 bytes]","args":[{"enterText":"1340","selector":{"id":"application-managepartners-display-component---masterPtm--smartFilterBar-btnBasicSearch","interaction":{"idSuffix":"I"}},"clearTextFirst":true,"interactionType":"ENTER_TEXT"}]}
COMMAND: POST /session/86a389c01bc54833c1d480b3c129d65f/actions - {"actions":[{"id":"action5","type":"key","parameters":{},"actions":[{"type":"keyDown","value":"î€‡"},{"type":"pause","duration":10},{"type":"keyUp","value":"î€‡"}]}]}
RESULT: {"actions":[{"id":"action5","type":"key","parameters":{},"actions":[{"type":"keyDown","value":"î€‡"},{"type":"pause","duration":10},{"type":"keyUp","value":"î€‡"}]}]}
COMMAND: GET /session/86a389c01bc54833c1d480b3c129d65f/screenshot - {}
RESULT: {}
COMMAND: POST /session/86a389c01bc54833c1d480b3c129d65f/elements - {"using":"xpath","value":"//table[contains(@id, \"customPartnersTable-listUl\")]/tbody/tr"}
RESULT: {"using":"xpath","value":"//table[contains(@id, \"customPartnersTable-listUl\")]/tbody/tr"}
COMMAND: POST /session/86a389c01bc54833c1d480b3c129d65f/element - {"using":"xpath","value":"//table[contains(@id, \"customPartnersTable-listUl\")]/tbody/tr[1]/td[3]/span"}
RESULT: {"using":"xpath","value":"//table[contains(@id, \"customPartnersTable-listUl\")]/tbody/tr[1]/td[3]/span"}
COMMAND: POST /session/86a389c01bc54833c1d480b3c129d65f/elements - {"using":"xpath","value":"//table[contains(@id, \"customPartnersTable-listUl\")]/tbody/tr[1]/td[3]/span"}
RESULT: {"using":"xpath","value":"//table[contains(@id, \"customPartnersTable-listUl\")]/tbody/tr[1]/td[3]/span"}
COMMAND: POST /session/86a389c01bc54833c1d480b3c129d65f/execute/sync - {"script":"<script> [56 bytes]","args":[{"element-6066-11e4-a52e-4f735466cecf":"f.89CEFFE823C31142EA3CFD6CAFD84276.d.89984E7003D3DD0E577B4A0463F34C87.e.2547","ELEMENT":"f.89CEFFE823C31142EA3CFD6CAFD84276.d.89984E7003D3DD0E577B4A0463F34C87.e.2547"}]}
RESULT: {"script":"<script> [56 bytes]","args":[{"element-6066-11e4-a52e-4f735466cecf":"f.89CEFFE823C31142EA3CFD6CAFD84276.d.89984E7003D3DD0E577B4A0463F34C87.e.2547","ELEMENT":"f.89CEFFE823C31142EA3CFD6CAFD84276.d.89984E7003D3DD0E577B4A0463F34C87.e.2547"}]}
COMMAND: POST /session/86a389c01bc54833c1d480b3c129d65f/element - {"using":"xpath","value":"//table[contains(@id, \"customPartnersTable-listUl\")]/tbody/tr[1]/td[7]/div/span"}
COMMAND: GET /session/86a389c01bc54833c1d480b3c129d65f/screenshot - {}
RESULT: {"using":"xpath","value":"//table[contains(@id, \"customPartnersTable-listUl\")]/tbody/tr[1]/td[7]/div/span"}
COMMAND: POST /session/86a389c01bc54833c1d480b3c129d65f/execute/sync - {"script":"<script> [56 bytes]","args":[{"element-6066-11e4-a52e-4f735466cecf":"f.89CEFFE823C31142EA3CFD6CAFD84276.d.89984E7003D3DD0E577B4A0463F34C87.e.2548","ELEMENT":"f.89CEFFE823C31142EA3CFD6CAFD84276.d.89984E7003D3DD0E577B4A0463F34C87.e.2548"}]}
RESULT: {}
RESULT: {"script":"<script> [56 bytes]","args":[{"element-6066-11e4-a52e-4f735466cecf":"f.89CEFFE823C31142EA3CFD6CAFD84276.d.89984E7003D3DD0E577B4A0463F34C87.e.2548","ELEMENT":"f.89CEFFE823C31142EA3CFD6CAFD84276.d.89984E7003D3DD0E577B4A0463F34C87.e.2548"}]}
COMMAND: POST /session/86a389c01bc54833c1d480b3c129d65f/element - {"using":"xpath","value":"//table[contains(@id, \"customPartnersTable-listUl\")]/tbody/tr[1]/td[2]/div/div"}
COMMAND: GET /session/86a389c01bc54833c1d480b3c129d65f/screenshot - {}
RESULT: {"using":"xpath","value":"//table[contains(@id, \"customPartnersTable-listUl\")]/tbody/tr[1]/td[2]/div/div"}
COMMAND: POST /session/86a389c01bc54833c1d480b3c129d65f/element/f.89CEFFE823C31142EA3CFD6CAFD84276.d.89984E7003D3DD0E577B4A0463F34C87.e.2549/click - {}
RESULT: {}
RESULT: {}
COMMAND: GET /session/86a389c01bc54833c1d480b3c129d65f/screenshot - {}
RESULT: {}
COMMAND: POST /session/86a389c01bc54833c1d480b3c129d65f/element - {"using":"xpath","value":"//bdi[contains(text(), \"Activate\")]"}
RESULT: {"using":"xpath","value":"//bdi[contains(text(), \"Activate\")]"}
COMMAND: POST /session/86a389c01bc54833c1d480b3c129d65f/element/f.89CEFFE823C31142EA3CFD6CAFD84276.d.89984E7003D3DD0E577B4A0463F34C87.e.2550/click - {}
RESULT: {}
COMMAND: GET /session/86a389c01bc54833c1d480b3c129d65f/screenshot - {}
RESULT: {}
COMMAND: POST /session/86a389c01bc54833c1d480b3c129d65f/element - {"using":"xpath","value":"//bdi[contains(text(), \"Yes\")]"}
RESULT: {"using":"xpath","value":"//bdi[contains(text(), \"Yes\")]"}
COMMAND: POST /session/86a389c01bc54833c1d480b3c129d65f/element/f.89CEFFE823C31142EA3CFD6CAFD84276.d.89984E7003D3DD0E577B4A0463F34C87.e.2552/click - {}
RESULT: {}
COMMAND: GET /session/86a389c01bc54833c1d480b3c129d65f/screenshot - {}
RESULT: {}
COMMAND: POST /session/86a389c01bc54833c1d480b3c129d65f/element - {"using":"xpath","value":"//table[contains(@id, \"customPartnersTable-listUl\")]/tbody/tr[1]/td[7]/div/span"}
RESULT: {"using":"xpath","value":"//table[contains(@id, \"customPartnersTable-listUl\")]/tbody/tr[1]/td[7]/div/span"}
COMMAND: POST /session/86a389c01bc54833c1d480b3c129d65f/execute/sync - {"script":"<script> [56 bytes]","args":[{"element-6066-11e4-a52e-4f735466cecf":"f.89CEFFE823C31142EA3CFD6CAFD84276.d.89984E7003D3DD0E577B4A0463F34C87.e.2548","ELEMENT":"f.89CEFFE823C31142EA3CFD6CAFD84276.d.89984E7003D3DD0E577B4A0463F34C87.e.2548"}]}
RESULT: {"script":"<script> [56 bytes]","args":[{"element-6066-11e4-a52e-4f735466cecf":"f.89CEFFE823C31142EA3CFD6CAFD84276.d.89984E7003D3DD0E577B4A0463F34C87.e.2548","ELEMENT":"f.89CEFFE823C31142EA3CFD6CAFD84276.d.89984E7003D3DD0E577B4A0463F34C87.e.2548"}]}
COMMAND: GET /session/86a389c01bc54833c1d480b3c129d65f/screenshot - {}
RESULT: {}
COMMAND: POST /session/86a389c01bc54833c1d480b3c129d65f/element - {"using":"css selector","value":"#shell-header-logo"}
RESULT: {"using":"css selector","value":"#shell-header-logo"}
COMMAND: POST /session/86a389c01bc54833c1d480b3c129d65f/element/f.89CEFFE823C31142EA3CFD6CAFD84276.d.89984E7003D3DD0E577B4A0463F34C87.e.2367/click - {}
RESULT: {}
COMMAND: GET /session/86a389c01bc54833c1d480b3c129d65f/screenshot - {}
RESULT: {}
]]></system-out>
    </testcase>
    <testcase classname="chrome.135_0_7049_96.windows.Partner_specific_tests_US150819_US151080_US151654_US151176_US103444_US151078_US151079_US151109_US151174_US151175_US151189" name="Should edit the created external partner and save it and check its content US103444" time="66.523">
      <system-out><![CDATA[
COMMAND: POST /session/86a389c01bc54833c1d480b3c129d65f/element - {"using":"xpath","value":"//li[.//span[text()=\"Manage Partners\"]]"}
RESULT: {"using":"xpath","value":"//li[.//span[text()=\"Manage Partners\"]]"}
COMMAND: POST /session/86a389c01bc54833c1d480b3c129d65f/element - {"using":"xpath","value":"//li[.//span[text()=\"Manage Partners\"]]"}
RESULT: {"using":"xpath","value":"//li[.//span[text()=\"Manage Partners\"]]"}
COMMAND: POST /session/86a389c01bc54833c1d480b3c129d65f/element - {"using":"css selector","value":"#shell-header-logo"}
RESULT: {"using":"css selector","value":"#shell-header-logo"}
COMMAND: POST /session/86a389c01bc54833c1d480b3c129d65f/element/f.89CEFFE823C31142EA3CFD6CAFD84276.d.89984E7003D3DD0E577B4A0463F34C87.e.2556/click - {}
COMMAND: POST /session/86a389c01bc54833c1d480b3c129d65f/execute/sync - {"script":"<script> [8489 bytes]","args":[{"element-6066-11e4-a52e-4f735466cecf":"f.89CEFFE823C31142EA3CFD6CAFD84276.d.89984E7003D3DD0E577B4A0463F34C87.e.2556","ELEMENT":"f.89CEFFE823C31142EA3CFD6CAFD84276.d.89984E7003D3DD0E577B4A0463F34C87.e.2556"}]}
RESULT: {"script":"<script> [8489 bytes]","args":[{"element-6066-11e4-a52e-4f735466cecf":"f.89CEFFE823C31142EA3CFD6CAFD84276.d.89984E7003D3DD0E577B4A0463F34C87.e.2556","ELEMENT":"f.89CEFFE823C31142EA3CFD6CAFD84276.d.89984E7003D3DD0E577B4A0463F34C87.e.2556"}]}
COMMAND: POST /session/86a389c01bc54833c1d480b3c129d65f/execute/sync - {"script":"<script> [5351 bytes]","args":[{"element-6066-11e4-a52e-4f735466cecf":"f.89CEFFE823C31142EA3CFD6CAFD84276.d.89984E7003D3DD0E577B4A0463F34C87.e.2556","ELEMENT":"f.89CEFFE823C31142EA3CFD6CAFD84276.d.89984E7003D3DD0E577B4A0463F34C87.e.2556"}]}
COMMAND: GET /session/86a389c01bc54833c1d480b3c129d65f/screenshot - {}
RESULT: {}
COMMAND: GET /session/86a389c01bc54833c1d480b3c129d65f/screenshot - {}
RESULT: {"script":"<script> [5351 bytes]","args":[{"element-6066-11e4-a52e-4f735466cecf":"f.89CEFFE823C31142EA3CFD6CAFD84276.d.89984E7003D3DD0E577B4A0463F34C87.e.2556","ELEMENT":"f.89CEFFE823C31142EA3CFD6CAFD84276.d.89984E7003D3DD0E577B4A0463F34C87.e.2556"}]}
COMMAND: GET /session/86a389c01bc54833c1d480b3c129d65f/screenshot - {}
RESULT: {}
RESULT: {}
RESULT: {}
RESULT: undefined
COMMAND: POST /session/86a389c01bc54833c1d480b3c129d65f/element - {"using":"xpath","value":"//*[@id=\"__tile38\"]"}
RESULT: {"using":"xpath","value":"//*[@id=\"__tile38\"]"}
COMMAND: POST /session/86a389c01bc54833c1d480b3c129d65f/element/f.89CEFFE823C31142EA3CFD6CAFD84276.d.89984E7003D3DD0E577B4A0463F34C87.e.156/click - {}
RESULT: {}
COMMAND: POST /session/86a389c01bc54833c1d480b3c129d65f/element - {"using":"xpath","value":"//button[@data-kt=\"addButton\"]"}
COMMAND: GET /session/86a389c01bc54833c1d480b3c129d65f/screenshot - {}
RESULT: {"using":"xpath","value":"//button[@data-kt=\"addButton\"]"}
COMMAND: POST /session/86a389c01bc54833c1d480b3c129d65f/elements - {"using":"xpath","value":"//button[@data-kt=\"addButton\"]"}
RESULT: {}
RESULT: {"using":"xpath","value":"//button[@data-kt=\"addButton\"]"}
COMMAND: POST /session/86a389c01bc54833c1d480b3c129d65f/elements - {"using":"xpath","value":"//button[@data-kt=\"addButton\"]"}
RESULT: {"using":"xpath","value":"//button[@data-kt=\"addButton\"]"}
COMMAND: POST /session/86a389c01bc54833c1d480b3c129d65f/elements - {"using":"xpath","value":"//button[@data-kt=\"addButton\"]"}
RESULT: {"using":"xpath","value":"//button[@data-kt=\"addButton\"]"}
COMMAND: POST /session/86a389c01bc54833c1d480b3c129d65f/elements - {"using":"xpath","value":"//button[@data-kt=\"addButton\"]"}
RESULT: {"using":"xpath","value":"//button[@data-kt=\"addButton\"]"}
COMMAND: POST /session/86a389c01bc54833c1d480b3c129d65f/elements - {"using":"xpath","value":"//button[@data-kt=\"addButton\"]"}
RESULT: {"using":"xpath","value":"//button[@data-kt=\"addButton\"]"}
COMMAND: POST /session/86a389c01bc54833c1d480b3c129d65f/elements - {"using":"xpath","value":"//button[@data-kt=\"addButton\"]"}
RESULT: {"using":"xpath","value":"//button[@data-kt=\"addButton\"]"}
COMMAND: POST /session/86a389c01bc54833c1d480b3c129d65f/elements - {"using":"xpath","value":"//button[@data-kt=\"addButton\"]"}
RESULT: {"using":"xpath","value":"//button[@data-kt=\"addButton\"]"}
COMMAND: POST /session/86a389c01bc54833c1d480b3c129d65f/elements - {"using":"xpath","value":"//button[@data-kt=\"addButton\"]"}
RESULT: {"using":"xpath","value":"//button[@data-kt=\"addButton\"]"}
COMMAND: POST /session/86a389c01bc54833c1d480b3c129d65f/elements - {"using":"xpath","value":"//button[@data-kt=\"addButton\"]"}
RESULT: {"using":"xpath","value":"//button[@data-kt=\"addButton\"]"}
COMMAND: POST /session/86a389c01bc54833c1d480b3c129d65f/elements - {"using":"xpath","value":"//button[@data-kt=\"addButton\"]"}
RESULT: {"using":"xpath","value":"//button[@data-kt=\"addButton\"]"}
COMMAND: POST /session/86a389c01bc54833c1d480b3c129d65f/elements - {"using":"xpath","value":"//button[@data-kt=\"addButton\"]"}
RESULT: {"using":"xpath","value":"//button[@data-kt=\"addButton\"]"}
COMMAND: POST /session/86a389c01bc54833c1d480b3c129d65f/elements - {"using":"xpath","value":"//button[@data-kt=\"addButton\"]"}
RESULT: {"using":"xpath","value":"//button[@data-kt=\"addButton\"]"}
COMMAND: POST /session/86a389c01bc54833c1d480b3c129d65f/elements - {"using":"xpath","value":"//button[@data-kt=\"addButton\"]"}
RESULT: {"using":"xpath","value":"//button[@data-kt=\"addButton\"]"}
COMMAND: POST /session/86a389c01bc54833c1d480b3c129d65f/elements - {"using":"xpath","value":"//button[@data-kt=\"addButton\"]"}
RESULT: {"using":"xpath","value":"//button[@data-kt=\"addButton\"]"}
COMMAND: POST /session/86a389c01bc54833c1d480b3c129d65f/elements - {"using":"xpath","value":"//button[@data-kt=\"addButton\"]"}
RESULT: {"using":"xpath","value":"//button[@data-kt=\"addButton\"]"}
COMMAND: POST /session/86a389c01bc54833c1d480b3c129d65f/elements - {"using":"xpath","value":"//button[@data-kt=\"addButton\"]"}
RESULT: {"using":"xpath","value":"//button[@data-kt=\"addButton\"]"}
COMMAND: POST /session/86a389c01bc54833c1d480b3c129d65f/elements - {"using":"xpath","value":"//button[@data-kt=\"addButton\"]"}
RESULT: {"using":"xpath","value":"//button[@data-kt=\"addButton\"]"}
COMMAND: POST /session/86a389c01bc54833c1d480b3c129d65f/elements - {"using":"xpath","value":"//button[@data-kt=\"addButton\"]"}
RESULT: {"using":"xpath","value":"//button[@data-kt=\"addButton\"]"}
COMMAND: POST /session/86a389c01bc54833c1d480b3c129d65f/elements - {"using":"xpath","value":"//button[@data-kt=\"addButton\"]"}
RESULT: {"using":"xpath","value":"//button[@data-kt=\"addButton\"]"}
COMMAND: POST /session/86a389c01bc54833c1d480b3c129d65f/elements - {"using":"xpath","value":"//button[@data-kt=\"addButton\"]"}
RESULT: {"using":"xpath","value":"//button[@data-kt=\"addButton\"]"}
COMMAND: POST /session/86a389c01bc54833c1d480b3c129d65f/elements - {"using":"xpath","value":"//button[@data-kt=\"addButton\"]"}
RESULT: {"using":"xpath","value":"//button[@data-kt=\"addButton\"]"}
COMMAND: POST /session/86a389c01bc54833c1d480b3c129d65f/elements - {"using":"xpath","value":"//button[@data-kt=\"addButton\"]"}
RESULT: {"using":"xpath","value":"//button[@data-kt=\"addButton\"]"}
COMMAND: POST /session/86a389c01bc54833c1d480b3c129d65f/element - {"using":"xpath","value":"//button[@data-kt=\"addButton\"]"}
RESULT: {"using":"xpath","value":"//button[@data-kt=\"addButton\"]"}
COMMAND: POST /session/86a389c01bc54833c1d480b3c129d65f/execute/sync - {"script":"<script> [8489 bytes]","args":[{"element-6066-11e4-a52e-4f735466cecf":"f.89CEFFE823C31142EA3CFD6CAFD84276.d.89984E7003D3DD0E577B4A0463F34C87.e.2602","ELEMENT":"f.89CEFFE823C31142EA3CFD6CAFD84276.d.89984E7003D3DD0E577B4A0463F34C87.e.2602"}]}
RESULT: {"script":"<script> [8489 bytes]","args":[{"element-6066-11e4-a52e-4f735466cecf":"f.89CEFFE823C31142EA3CFD6CAFD84276.d.89984E7003D3DD0E577B4A0463F34C87.e.2602","ELEMENT":"f.89CEFFE823C31142EA3CFD6CAFD84276.d.89984E7003D3DD0E577B4A0463F34C87.e.2602"}]}
COMMAND: GET /session/86a389c01bc54833c1d480b3c129d65f/element/f.89CEFFE823C31142EA3CFD6CAFD84276.d.89984E7003D3DD0E577B4A0463F34C87.e.2602/enabled - {}
COMMAND: GET /session/86a389c01bc54833c1d480b3c129d65f/screenshot - {}
RESULT: {}
COMMAND: POST /session/86a389c01bc54833c1d480b3c129d65f/execute/sync - {"script":"<script> [8489 bytes]","args":[{"element-6066-11e4-a52e-4f735466cecf":"f.89CEFFE823C31142EA3CFD6CAFD84276.d.89984E7003D3DD0E577B4A0463F34C87.e.2602","ELEMENT":"f.89CEFFE823C31142EA3CFD6CAFD84276.d.89984E7003D3DD0E577B4A0463F34C87.e.2602"}]}
COMMAND: GET /session/86a389c01bc54833c1d480b3c129d65f/screenshot - {}
RESULT: {}
RESULT: {"script":"<script> [8489 bytes]","args":[{"element-6066-11e4-a52e-4f735466cecf":"f.89CEFFE823C31142EA3CFD6CAFD84276.d.89984E7003D3DD0E577B4A0463F34C87.e.2602","ELEMENT":"f.89CEFFE823C31142EA3CFD6CAFD84276.d.89984E7003D3DD0E577B4A0463F34C87.e.2602"}]}
COMMAND: POST /session/86a389c01bc54833c1d480b3c129d65f/execute/sync - {"script":"<script> [5351 bytes]","args":[{"element-6066-11e4-a52e-4f735466cecf":"f.89CEFFE823C31142EA3CFD6CAFD84276.d.89984E7003D3DD0E577B4A0463F34C87.e.2602","ELEMENT":"f.89CEFFE823C31142EA3CFD6CAFD84276.d.89984E7003D3DD0E577B4A0463F34C87.e.2602"}]}
COMMAND: GET /session/86a389c01bc54833c1d480b3c129d65f/screenshot - {}
RESULT: {}
RESULT: {"script":"<script> [5351 bytes]","args":[{"element-6066-11e4-a52e-4f735466cecf":"f.89CEFFE823C31142EA3CFD6CAFD84276.d.89984E7003D3DD0E577B4A0463F34C87.e.2602","ELEMENT":"f.89CEFFE823C31142EA3CFD6CAFD84276.d.89984E7003D3DD0E577B4A0463F34C87.e.2602"}]}
COMMAND: GET /session/86a389c01bc54833c1d480b3c129d65f/screenshot - {}
RESULT: {}
RESULT: {}
RESULT: undefined
COMMAND: POST /session/86a389c01bc54833c1d480b3c129d65f/execute/async - {"script":"<script> [776 bytes]","args":[{"enterText":"1340","selector":{"id":"application-managepartners-display-component---masterPtm--smartFilterBar-btnBasicSearch","interaction":{"idSuffix":"I"}},"clearTextFirst":true,"interactionType":"ENTER_TEXT"}]}
RESULT: {"script":"<script> [776 bytes]","args":[{"enterText":"1340","selector":{"id":"application-managepartners-display-component---masterPtm--smartFilterBar-btnBasicSearch","interaction":{"idSuffix":"I"}},"clearTextFirst":true,"interactionType":"ENTER_TEXT"}]}
COMMAND: POST /session/86a389c01bc54833c1d480b3c129d65f/actions - {"actions":[{"id":"action6","type":"key","parameters":{},"actions":[{"type":"keyDown","value":"î€‡"},{"type":"pause","duration":10},{"type":"keyUp","value":"î€‡"}]}]}
RESULT: {"actions":[{"id":"action6","type":"key","parameters":{},"actions":[{"type":"keyDown","value":"î€‡"},{"type":"pause","duration":10},{"type":"keyUp","value":"î€‡"}]}]}
COMMAND: GET /session/86a389c01bc54833c1d480b3c129d65f/screenshot - {}
RESULT: {}
COMMAND: POST /session/86a389c01bc54833c1d480b3c129d65f/elements - {"using":"xpath","value":"//table[contains(@id, \"customPartnersTable-listUl\")]/tbody/tr"}
RESULT: {"using":"xpath","value":"//table[contains(@id, \"customPartnersTable-listUl\")]/tbody/tr"}
COMMAND: POST /session/86a389c01bc54833c1d480b3c129d65f/element - {"using":"xpath","value":"//table[contains(@id, \"customPartnersTable-listUl\")]/tbody/tr[1]/td[3]/span"}
RESULT: {"using":"xpath","value":"//table[contains(@id, \"customPartnersTable-listUl\")]/tbody/tr[1]/td[3]/span"}
COMMAND: POST /session/86a389c01bc54833c1d480b3c129d65f/elements - {"using":"xpath","value":"//table[contains(@id, \"customPartnersTable-listUl\")]/tbody/tr[1]/td[3]/span"}
RESULT: {"using":"xpath","value":"//table[contains(@id, \"customPartnersTable-listUl\")]/tbody/tr[1]/td[3]/span"}
COMMAND: POST /session/86a389c01bc54833c1d480b3c129d65f/execute/sync - {"script":"<script> [56 bytes]","args":[{"element-6066-11e4-a52e-4f735466cecf":"f.89CEFFE823C31142EA3CFD6CAFD84276.d.89984E7003D3DD0E577B4A0463F34C87.e.2736","ELEMENT":"f.89CEFFE823C31142EA3CFD6CAFD84276.d.89984E7003D3DD0E577B4A0463F34C87.e.2736"}]}
RESULT: {"script":"<script> [56 bytes]","args":[{"element-6066-11e4-a52e-4f735466cecf":"f.89CEFFE823C31142EA3CFD6CAFD84276.d.89984E7003D3DD0E577B4A0463F34C87.e.2736","ELEMENT":"f.89CEFFE823C31142EA3CFD6CAFD84276.d.89984E7003D3DD0E577B4A0463F34C87.e.2736"}]}
COMMAND: POST /session/86a389c01bc54833c1d480b3c129d65f/element - {"using":"xpath","value":"(//span[contains(@id, \"imgNav\")])[1]"}
COMMAND: GET /session/86a389c01bc54833c1d480b3c129d65f/screenshot - {}
RESULT: {"using":"xpath","value":"(//span[contains(@id, \"imgNav\")])[1]"}
COMMAND: POST /session/86a389c01bc54833c1d480b3c129d65f/element/f.89CEFFE823C31142EA3CFD6CAFD84276.d.89984E7003D3DD0E577B4A0463F34C87.e.2734/click - {}
RESULT: {}
RESULT: {}
COMMAND: GET /session/86a389c01bc54833c1d480b3c129d65f/screenshot - {}
COMMAND: POST /session/86a389c01bc54833c1d480b3c129d65f/element - {"using":"xpath","value":"//bdi[contains(text(), \"Edit\")]"}
RESULT: {}
RESULT: {"using":"xpath","value":"//bdi[contains(text(), \"Edit\")]"}
COMMAND: POST /session/86a389c01bc54833c1d480b3c129d65f/element/f.89CEFFE823C31142EA3CFD6CAFD84276.d.89984E7003D3DD0E577B4A0463F34C87.e.2876/click - {}
RESULT: {}
COMMAND: GET /session/86a389c01bc54833c1d480b3c129d65f/screenshot - {}
RESULT: {}
COMMAND: POST /session/86a389c01bc54833c1d480b3c129d65f/execute/async - {"script":"<script> [1562 bytes]","args":[{"selector":{"controlType":"sap.m.Input","viewName":"etm.portal.ui.managepartners.view.EditDetail","labelFor":{"text":"Name"},"interaction":{"idSuffix":"inner"}},"wdio_ui5_key":"etmportal.ui.managepartners.view.EditDetailsap.m.Input{\"text\":\"Name\"}"}]}
RESULT: {"script":"<script> [1562 bytes]","args":[{"selector":{"controlType":"sap.m.Input","viewName":"etm.portal.ui.managepartners.view.EditDetail","labelFor":{"text":"Name"},"interaction":{"idSuffix":"inner"}},"wdio_ui5_key":"etmportal.ui.managepartners.view.EditDetailsap.m.Input{\"text\":\"Name\"}"}]}
RESULT: undefined
COMMAND: POST /session/86a389c01bc54833c1d480b3c129d65f/execute/async - {"script":"<script> [776 bytes]","args":[{"enterText":"External EDIT","selector":{"controlType":"sap.m.Input","viewName":"etm.portal.ui.managepartners.view.EditDetail","labelFor":{"text":"Name"},"interaction":{"idSuffix":"inner"}},"clearTextFirst":true,"interactionType":"ENTER_TEXT"}]}
RESULT: {"script":"<script> [776 bytes]","args":[{"enterText":"External EDIT","selector":{"controlType":"sap.m.Input","viewName":"etm.portal.ui.managepartners.view.EditDetail","labelFor":{"text":"Name"},"interaction":{"idSuffix":"inner"}},"clearTextFirst":true,"interactionType":"ENTER_TEXT"}]}
COMMAND: POST /session/86a389c01bc54833c1d480b3c129d65f/element - {"using":"xpath","value":"(//span[contains(@id,\"addressDetailDetailsLanguage-arrow\")])[1]"}
RESULT: {"using":"xpath","value":"(//span[contains(@id,\"addressDetailDetailsLanguage-arrow\")])[1]"}
COMMAND: POST /session/86a389c01bc54833c1d480b3c129d65f/element/f.89CEFFE823C31142EA3CFD6CAFD84276.d.89984E7003D3DD0E577B4A0463F34C87.e.2955/click - {}
RESULT: {}
COMMAND: POST /session/86a389c01bc54833c1d480b3c129d65f/element - {"using":"xpath","value":"//span[contains(text(), \"Chinese\")]"}
COMMAND: GET /session/86a389c01bc54833c1d480b3c129d65f/screenshot - {}
RESULT: {"using":"xpath","value":"//span[contains(text(), \"Chinese\")]"}
COMMAND: POST /session/86a389c01bc54833c1d480b3c129d65f/element/f.89CEFFE823C31142EA3CFD6CAFD84276.d.89984E7003D3DD0E577B4A0463F34C87.e.2956/click - {}
RESULT: {}
RESULT: {}
COMMAND: GET /session/86a389c01bc54833c1d480b3c129d65f/screenshot - {}
RESULT: {}
COMMAND: POST /session/86a389c01bc54833c1d480b3c129d65f/execute/async - {"script":"<script> [1562 bytes]","args":[{"selector":{"controlType":"sap.m.Input","viewName":"etm.portal.ui.managepartners.view.EditDetail","labelFor":{"text":"City"},"interaction":{"idSuffix":"inner"}},"wdio_ui5_key":"etmportal.ui.managepartners.view.EditDetailsap.m.Input{\"text\":\"City\"}"}]}
RESULT: {"script":"<script> [1562 bytes]","args":[{"selector":{"controlType":"sap.m.Input","viewName":"etm.portal.ui.managepartners.view.EditDetail","labelFor":{"text":"City"},"interaction":{"idSuffix":"inner"}},"wdio_ui5_key":"etmportal.ui.managepartners.view.EditDetailsap.m.Input{\"text\":\"City\"}"}]}
RESULT: undefined
COMMAND: POST /session/86a389c01bc54833c1d480b3c129d65f/execute/async - {"script":"<script> [776 bytes]","args":[{"enterText":"Clooj-Napoca","selector":{"controlType":"sap.m.Input","viewName":"etm.portal.ui.managepartners.view.EditDetail","labelFor":{"text":"City"},"interaction":{"idSuffix":"inner"}},"clearTextFirst":true,"interactionType":"ENTER_TEXT"}]}
RESULT: {"script":"<script> [776 bytes]","args":[{"enterText":"Clooj-Napoca","selector":{"controlType":"sap.m.Input","viewName":"etm.portal.ui.managepartners.view.EditDetail","labelFor":{"text":"City"},"interaction":{"idSuffix":"inner"}},"clearTextFirst":true,"interactionType":"ENTER_TEXT"}]}
COMMAND: POST /session/86a389c01bc54833c1d480b3c129d65f/element - {"using":"xpath","value":"//button[@data-kt=\"saveButton\"]"}
RESULT: {"using":"xpath","value":"//button[@data-kt=\"saveButton\"]"}
COMMAND: POST /session/86a389c01bc54833c1d480b3c129d65f/element/f.89CEFFE823C31142EA3CFD6CAFD84276.d.89984E7003D3DD0E577B4A0463F34C87.e.2938/click - {}
RESULT: {}
COMMAND: GET /session/86a389c01bc54833c1d480b3c129d65f/screenshot - {}
RESULT: {}
COMMAND: POST /session/86a389c01bc54833c1d480b3c129d65f/execute/async - {"script":"<script> [1562 bytes]","args":[{"selector":{"id":"application-managepartners-display-component---detailPtm--addressDetailDetailsName1"},"wdio_ui5_key":"applicationmanagepartners-display-component---detailPtm--addressDetailDetailsName1"}]}
RESULT: {"script":"<script> [1562 bytes]","args":[{"selector":{"id":"application-managepartners-display-component---detailPtm--addressDetailDetailsName1"},"wdio_ui5_key":"applicationmanagepartners-display-component---detailPtm--addressDetailDetailsName1"}]}
RESULT: undefined
COMMAND: POST /session/86a389c01bc54833c1d480b3c129d65f/execute/async - {"script":"<script> [6424 bytes]","args":[{"element-6066-11e4-a52e-4f735466cecf":"f.89CEFFE823C31142EA3CFD6CAFD84276.d.89984E7003D3DD0E577B4A0463F34C87.e.2987"},"getValue",[]]}
RESULT: {"script":"<script> [6424 bytes]","args":[{"element-6066-11e4-a52e-4f735466cecf":"f.89CEFFE823C31142EA3CFD6CAFD84276.d.89984E7003D3DD0E577B4A0463F34C87.e.2987"},"getValue",[]]}
COMMAND: POST /session/86a389c01bc54833c1d480b3c129d65f/element - {"using":"xpath","value":"//input[@id = \"application-managepartners-display-component---detailPtm--addressDetailDetailsLanguage-inner\"]"}
RESULT: {"using":"xpath","value":"//input[@id = \"application-managepartners-display-component---detailPtm--addressDetailDetailsLanguage-inner\"]"}
COMMAND: GET /session/86a389c01bc54833c1d480b3c129d65f/element/f.89CEFFE823C31142EA3CFD6CAFD84276.d.89984E7003D3DD0E577B4A0463F34C87.e.2988/property/value - {}
RESULT: {}
COMMAND: POST /session/86a389c01bc54833c1d480b3c129d65f/execute/async - {"script":"<script> [1562 bytes]","args":[{"selector":{"id":"application-managepartners-display-component---detailPtm--addressDetailDetailsCity1"},"wdio_ui5_key":"applicationmanagepartners-display-component---detailPtm--addressDetailDetailsCity1"}]}
COMMAND: GET /session/86a389c01bc54833c1d480b3c129d65f/screenshot - {}
RESULT: {"script":"<script> [1562 bytes]","args":[{"selector":{"id":"application-managepartners-display-component---detailPtm--addressDetailDetailsCity1"},"wdio_ui5_key":"applicationmanagepartners-display-component---detailPtm--addressDetailDetailsCity1"}]}
RESULT: undefined
COMMAND: POST /session/86a389c01bc54833c1d480b3c129d65f/execute/async - {"script":"<script> [6424 bytes]","args":[{"element-6066-11e4-a52e-4f735466cecf":"f.89CEFFE823C31142EA3CFD6CAFD84276.d.89984E7003D3DD0E577B4A0463F34C87.e.2989"},"getValue",[]]}
RESULT: {}
RESULT: {"script":"<script> [6424 bytes]","args":[{"element-6066-11e4-a52e-4f735466cecf":"f.89CEFFE823C31142EA3CFD6CAFD84276.d.89984E7003D3DD0E577B4A0463F34C87.e.2989"},"getValue",[]]}
COMMAND: POST /session/86a389c01bc54833c1d480b3c129d65f/element - {"using":"css selector","value":"#shell-header-logo"}
RESULT: {"using":"css selector","value":"#shell-header-logo"}
COMMAND: POST /session/86a389c01bc54833c1d480b3c129d65f/element/f.89CEFFE823C31142EA3CFD6CAFD84276.d.89984E7003D3DD0E577B4A0463F34C87.e.2556/click - {}
RESULT: {}
COMMAND: GET /session/86a389c01bc54833c1d480b3c129d65f/screenshot - {}
RESULT: {}
]]></system-out>
    </testcase>
    <testcase classname="chrome.135_0_7049_96.windows.Partner_specific_tests_US150819_US151080_US151654_US151176_US103444_US151078_US151079_US151109_US151174_US151175_US151189" name="Should create a new intercompany partner edit some of its fields US151078" time="256.928">
      <system-out><![CDATA[
COMMAND: POST /session/86a389c01bc54833c1d480b3c129d65f/element - {"using":"xpath","value":"//li[.//span[text()=\"Manage Partners\"]]"}
RESULT: {"using":"xpath","value":"//li[.//span[text()=\"Manage Partners\"]]"}
COMMAND: POST /session/86a389c01bc54833c1d480b3c129d65f/element - {"using":"xpath","value":"//li[.//span[text()=\"Manage Partners\"]]"}
RESULT: {"using":"xpath","value":"//li[.//span[text()=\"Manage Partners\"]]"}
COMMAND: POST /session/86a389c01bc54833c1d480b3c129d65f/element - {"using":"css selector","value":"#shell-header-logo"}
RESULT: {"using":"css selector","value":"#shell-header-logo"}
COMMAND: POST /session/86a389c01bc54833c1d480b3c129d65f/element/f.89CEFFE823C31142EA3CFD6CAFD84276.d.89984E7003D3DD0E577B4A0463F34C87.e.3019/click - {}
COMMAND: POST /session/86a389c01bc54833c1d480b3c129d65f/execute/sync - {"script":"<script> [8489 bytes]","args":[{"element-6066-11e4-a52e-4f735466cecf":"f.89CEFFE823C31142EA3CFD6CAFD84276.d.89984E7003D3DD0E577B4A0463F34C87.e.3019","ELEMENT":"f.89CEFFE823C31142EA3CFD6CAFD84276.d.89984E7003D3DD0E577B4A0463F34C87.e.3019"}]}
RESULT: {}
COMMAND: GET /session/86a389c01bc54833c1d480b3c129d65f/screenshot - {}
RESULT: {"script":"<script> [8489 bytes]","args":[{"element-6066-11e4-a52e-4f735466cecf":"f.89CEFFE823C31142EA3CFD6CAFD84276.d.89984E7003D3DD0E577B4A0463F34C87.e.3019","ELEMENT":"f.89CEFFE823C31142EA3CFD6CAFD84276.d.89984E7003D3DD0E577B4A0463F34C87.e.3019"}]}
COMMAND: POST /session/86a389c01bc54833c1d480b3c129d65f/execute/sync - {"script":"<script> [5351 bytes]","args":[{"element-6066-11e4-a52e-4f735466cecf":"f.89CEFFE823C31142EA3CFD6CAFD84276.d.89984E7003D3DD0E577B4A0463F34C87.e.3019","ELEMENT":"f.89CEFFE823C31142EA3CFD6CAFD84276.d.89984E7003D3DD0E577B4A0463F34C87.e.3019"}]}
COMMAND: GET /session/86a389c01bc54833c1d480b3c129d65f/screenshot - {}
RESULT: {}
RESULT: {"script":"<script> [5351 bytes]","args":[{"element-6066-11e4-a52e-4f735466cecf":"f.89CEFFE823C31142EA3CFD6CAFD84276.d.89984E7003D3DD0E577B4A0463F34C87.e.3019","ELEMENT":"f.89CEFFE823C31142EA3CFD6CAFD84276.d.89984E7003D3DD0E577B4A0463F34C87.e.3019"}]}
COMMAND: GET /session/86a389c01bc54833c1d480b3c129d65f/screenshot - {}
RESULT: {}
RESULT: {}
COMMAND: POST /session/86a389c01bc54833c1d480b3c129d65f/refresh - {}
RESULT: {}
COMMAND: GET /session/86a389c01bc54833c1d480b3c129d65f/screenshot - {}
RESULT: {}
COMMAND: POST /session/86a389c01bc54833c1d480b3c129d65f/refresh - {}
RESULT: {}
COMMAND: GET /session/86a389c01bc54833c1d480b3c129d65f/screenshot - {}
RESULT: {}
COMMAND: POST /session/86a389c01bc54833c1d480b3c129d65f/window/fullscreen - {}
RESULT: {}
COMMAND: POST /session/86a389c01bc54833c1d480b3c129d65f/execute/async - {"script":"<script> [189 bytes]","args":[]}
RESULT: {"script":"<script> [189 bytes]","args":[]}
COMMAND: POST /session/86a389c01bc54833c1d480b3c129d65f/execute/async - {"script":"<script> [123 bytes]","args":[]}
RESULT: {"script":"<script> [123 bytes]","args":[]}
COMMAND: POST /session/86a389c01bc54833c1d480b3c129d65f/timeouts - {"script":"<number>"}
RESULT: {"script":"<number>"}
COMMAND: GET /session/86a389c01bc54833c1d480b3c129d65f/timeouts - {}
RESULT: {}
RESULT: undefined
COMMAND: POST /session/86a389c01bc54833c1d480b3c129d65f/execute/async - {"script":"<script> [2676 bytes]","args":[]}
RESULT: {"script":"<script> [2676 bytes]","args":[]}
COMMAND: POST /session/86a389c01bc54833c1d480b3c129d65f/execute/async - {"script":"<script> [2342 bytes]","args":[{"protocol":"http","hostname":"0.0.0.0","path":"/","capabilities":{"browserName":"chrome","goog:chromeOptions":{"binary":"C:\\Program Files\\Google\\Chrome\\Application\\chrome.exe","args":["--start-maximized"]}},"logLevel":"warn","connectionRetryTimeout":120000,"connectionRetryCount":3,"logLevels":{},"enableDirectConnect":true,"strictSSL":true,"_":"65 more keys: [\"cacheDir\",\"port\",\"requestedCapabilities\",\"automationProtocol\",\"baseUrl\",\"waitforInterval\",\"waitforTimeout\",\"onReload\",\"beforeCommand\",\"afterCommand\",\"rootDir\",\"specs\",\"suites\",\"exclude\",\"groupLogsByTestSpec\",\"excludeDriverLogs\",\"bail\",\"framework\",\"reporters\",\"services\",\"maxInstances\",\"maxInstancesPerCapability\",\"injectGlobals\",\"filesToWatch\",\"execArgv\",\"runnerEnv\",\"runner\",\"shard\",\"specFileRetries\",\"specFileRetriesDelay\",\"specFileRetriesDeferred\",\"reporterSyncInterval\",\"reporterSyncTimeout\",\"cucumberFeaturesWithLineNumbers\",\"autoCompileOpts\",\"mochaOpts\",\"jasmineOpts\",\"cucumberOpts\",\"onPrepare\",\"onWorkerStart\",\"onWorkerEnd\",\"before\",\"beforeSession\",\"beforeSuite\",\"beforeHook\",\"beforeTest\",\"afterTest\",\"afterHook\",\"afterSuite\",\"afterSession\",\"after\",\"onComplete\",\"beforeAssertion\",\"afterAssertion\",\"beforeFeature\",\"beforeScenario\",\"beforeStep\",\"afterStep\",\"afterScenario\",\"afterFeature\",\"_\",\"suite\",\"$0\",\"ignoredWorkerServices\",\"wdi5\"]"}]}
RESULT: {"script":"<script> [2342 bytes]","args":[{"protocol":"http","hostname":"0.0.0.0","path":"/","capabilities":{"browserName":"chrome","goog:chromeOptions":{"binary":"C:\\Program Files\\Google\\Chrome\\Application\\chrome.exe","args":["--start-maximized"]}},"logLevel":"warn","connectionRetryTimeout":120000,"connectionRetryCount":3,"logLevels":{},"enableDirectConnect":true,"strictSSL":true,"_":"65 more keys: [\"cacheDir\",\"port\",\"requestedCapabilities\",\"automationProtocol\",\"baseUrl\",\"waitforInterval\",\"waitforTimeout\",\"onReload\",\"beforeCommand\",\"afterCommand\",\"rootDir\",\"specs\",\"suites\",\"exclude\",\"groupLogsByTestSpec\",\"excludeDriverLogs\",\"bail\",\"framework\",\"reporters\",\"services\",\"maxInstances\",\"maxInstancesPerCapability\",\"injectGlobals\",\"filesToWatch\",\"execArgv\",\"runnerEnv\",\"runner\",\"shard\",\"specFileRetries\",\"specFileRetriesDelay\",\"specFileRetriesDeferred\",\"reporterSyncInterval\",\"reporterSyncTimeout\",\"cucumberFeaturesWithLineNumbers\",\"autoCompileOpts\",\"mochaOpts\",\"jasmineOpts\",\"cucumberOpts\",\"onPrepare\",\"onWorkerStart\",\"onWorkerEnd\",\"before\",\"beforeSession\",\"beforeSuite\",\"beforeHook\",\"beforeTest\",\"afterTest\",\"afterHook\",\"afterSuite\",\"afterSession\",\"after\",\"onComplete\",\"beforeAssertion\",\"afterAssertion\",\"beforeFeature\",\"beforeScenario\",\"beforeStep\",\"afterStep\",\"afterScenario\",\"afterFeature\",\"_\",\"suite\",\"$0\",\"ignoredWorkerServices\",\"wdi5\"]"}]}
COMMAND: POST /session/86a389c01bc54833c1d480b3c129d65f/execute/async - {"script":"<script> [21126 bytes]","args":[35000]}
RESULT: {"script":"<script> [21126 bytes]","args":[35000]}
COMMAND: POST /session/86a389c01bc54833c1d480b3c129d65f/window/fullscreen - {}
RESULT: {}
COMMAND: POST /session/86a389c01bc54833c1d480b3c129d65f/window/fullscreen - {}
RESULT: {}
COMMAND: POST /session/86a389c01bc54833c1d480b3c129d65f/execute/async - {"script":"<script> [1562 bytes]","args":[{"selector":{"controlType":"sap.m.GenericTile","properties":{"header":"Manage Partners"}},"wdio_ui5_key":"sapm.GenericTile{\"header\":\"Manage Partners\"}"}]}
RESULT: {"script":"<script> [1562 bytes]","args":[{"selector":{"controlType":"sap.m.GenericTile","properties":{"header":"Manage Partners"}},"wdio_ui5_key":"sapm.GenericTile{\"header\":\"Manage Partners\"}"}]}
RESULT: undefined
COMMAND: POST /session/86a389c01bc54833c1d480b3c129d65f/element - {"using":"xpath","value":"//*[@id=\"__tile30\"]"}
RESULT: {"using":"xpath","value":"//*[@id=\"__tile30\"]"}
COMMAND: POST /session/86a389c01bc54833c1d480b3c129d65f/element/f.89CEFFE823C31142EA3CFD6CAFD84276.d.BDE97EC782DC4B55EB2C77FE1DE2A5C7.e.3086/click - {}
RESULT: {}
COMMAND: POST /session/86a389c01bc54833c1d480b3c129d65f/element - {"using":"xpath","value":"//button[@data-kt=\"addButton\"]"}
COMMAND: GET /session/86a389c01bc54833c1d480b3c129d65f/screenshot - {}
RESULT: {"using":"xpath","value":"//button[@data-kt=\"addButton\"]"}
COMMAND: POST /session/86a389c01bc54833c1d480b3c129d65f/elements - {"using":"xpath","value":"//button[@data-kt=\"addButton\"]"}
RESULT: {}
RESULT: {"using":"xpath","value":"//button[@data-kt=\"addButton\"]"}
COMMAND: POST /session/86a389c01bc54833c1d480b3c129d65f/elements - {"using":"xpath","value":"//button[@data-kt=\"addButton\"]"}
RESULT: {"using":"xpath","value":"//button[@data-kt=\"addButton\"]"}
COMMAND: POST /session/86a389c01bc54833c1d480b3c129d65f/elements - {"using":"xpath","value":"//button[@data-kt=\"addButton\"]"}
RESULT: {"using":"xpath","value":"//button[@data-kt=\"addButton\"]"}
COMMAND: POST /session/86a389c01bc54833c1d480b3c129d65f/elements - {"using":"xpath","value":"//button[@data-kt=\"addButton\"]"}
RESULT: {"using":"xpath","value":"//button[@data-kt=\"addButton\"]"}
COMMAND: POST /session/86a389c01bc54833c1d480b3c129d65f/elements - {"using":"xpath","value":"//button[@data-kt=\"addButton\"]"}
RESULT: {"using":"xpath","value":"//button[@data-kt=\"addButton\"]"}
COMMAND: POST /session/86a389c01bc54833c1d480b3c129d65f/elements - {"using":"xpath","value":"//button[@data-kt=\"addButton\"]"}
RESULT: {"using":"xpath","value":"//button[@data-kt=\"addButton\"]"}
COMMAND: POST /session/86a389c01bc54833c1d480b3c129d65f/elements - {"using":"xpath","value":"//button[@data-kt=\"addButton\"]"}
RESULT: {"using":"xpath","value":"//button[@data-kt=\"addButton\"]"}
COMMAND: POST /session/86a389c01bc54833c1d480b3c129d65f/elements - {"using":"xpath","value":"//button[@data-kt=\"addButton\"]"}
RESULT: {"using":"xpath","value":"//button[@data-kt=\"addButton\"]"}
COMMAND: POST /session/86a389c01bc54833c1d480b3c129d65f/elements - {"using":"xpath","value":"//button[@data-kt=\"addButton\"]"}
RESULT: {"using":"xpath","value":"//button[@data-kt=\"addButton\"]"}
COMMAND: POST /session/86a389c01bc54833c1d480b3c129d65f/elements - {"using":"xpath","value":"//button[@data-kt=\"addButton\"]"}
RESULT: {"using":"xpath","value":"//button[@data-kt=\"addButton\"]"}
COMMAND: POST /session/86a389c01bc54833c1d480b3c129d65f/elements - {"using":"xpath","value":"//button[@data-kt=\"addButton\"]"}
RESULT: {"using":"xpath","value":"//button[@data-kt=\"addButton\"]"}
COMMAND: POST /session/86a389c01bc54833c1d480b3c129d65f/elements - {"using":"xpath","value":"//button[@data-kt=\"addButton\"]"}
RESULT: {"using":"xpath","value":"//button[@data-kt=\"addButton\"]"}
COMMAND: POST /session/86a389c01bc54833c1d480b3c129d65f/elements - {"using":"xpath","value":"//button[@data-kt=\"addButton\"]"}
RESULT: {"using":"xpath","value":"//button[@data-kt=\"addButton\"]"}
COMMAND: POST /session/86a389c01bc54833c1d480b3c129d65f/elements - {"using":"xpath","value":"//button[@data-kt=\"addButton\"]"}
RESULT: {"using":"xpath","value":"//button[@data-kt=\"addButton\"]"}
COMMAND: POST /session/86a389c01bc54833c1d480b3c129d65f/elements - {"using":"xpath","value":"//button[@data-kt=\"addButton\"]"}
RESULT: {"using":"xpath","value":"//button[@data-kt=\"addButton\"]"}
COMMAND: POST /session/86a389c01bc54833c1d480b3c129d65f/elements - {"using":"xpath","value":"//button[@data-kt=\"addButton\"]"}
RESULT: {"using":"xpath","value":"//button[@data-kt=\"addButton\"]"}
COMMAND: POST /session/86a389c01bc54833c1d480b3c129d65f/elements - {"using":"xpath","value":"//button[@data-kt=\"addButton\"]"}
RESULT: {"using":"xpath","value":"//button[@data-kt=\"addButton\"]"}
COMMAND: POST /session/86a389c01bc54833c1d480b3c129d65f/elements - {"using":"xpath","value":"//button[@data-kt=\"addButton\"]"}
RESULT: {"using":"xpath","value":"//button[@data-kt=\"addButton\"]"}
COMMAND: POST /session/86a389c01bc54833c1d480b3c129d65f/elements - {"using":"xpath","value":"//button[@data-kt=\"addButton\"]"}
RESULT: {"using":"xpath","value":"//button[@data-kt=\"addButton\"]"}
COMMAND: POST /session/86a389c01bc54833c1d480b3c129d65f/elements - {"using":"xpath","value":"//button[@data-kt=\"addButton\"]"}
RESULT: {"using":"xpath","value":"//button[@data-kt=\"addButton\"]"}
COMMAND: POST /session/86a389c01bc54833c1d480b3c129d65f/elements - {"using":"xpath","value":"//button[@data-kt=\"addButton\"]"}
RESULT: {"using":"xpath","value":"//button[@data-kt=\"addButton\"]"}
COMMAND: POST /session/86a389c01bc54833c1d480b3c129d65f/elements - {"using":"xpath","value":"//button[@data-kt=\"addButton\"]"}
RESULT: {"using":"xpath","value":"//button[@data-kt=\"addButton\"]"}
COMMAND: POST /session/86a389c01bc54833c1d480b3c129d65f/elements - {"using":"xpath","value":"//button[@data-kt=\"addButton\"]"}
RESULT: {"using":"xpath","value":"//button[@data-kt=\"addButton\"]"}
COMMAND: POST /session/86a389c01bc54833c1d480b3c129d65f/elements - {"using":"xpath","value":"//button[@data-kt=\"addButton\"]"}
RESULT: {"using":"xpath","value":"//button[@data-kt=\"addButton\"]"}
COMMAND: POST /session/86a389c01bc54833c1d480b3c129d65f/elements - {"using":"xpath","value":"//button[@data-kt=\"addButton\"]"}
RESULT: {"using":"xpath","value":"//button[@data-kt=\"addButton\"]"}
COMMAND: POST /session/86a389c01bc54833c1d480b3c129d65f/elements - {"using":"xpath","value":"//button[@data-kt=\"addButton\"]"}
RESULT: {"using":"xpath","value":"//button[@data-kt=\"addButton\"]"}
COMMAND: POST /session/86a389c01bc54833c1d480b3c129d65f/elements - {"using":"xpath","value":"//button[@data-kt=\"addButton\"]"}
RESULT: {"using":"xpath","value":"//button[@data-kt=\"addButton\"]"}
COMMAND: POST /session/86a389c01bc54833c1d480b3c129d65f/elements - {"using":"xpath","value":"//button[@data-kt=\"addButton\"]"}
RESULT: {"using":"xpath","value":"//button[@data-kt=\"addButton\"]"}
COMMAND: POST /session/86a389c01bc54833c1d480b3c129d65f/elements - {"using":"xpath","value":"//button[@data-kt=\"addButton\"]"}
RESULT: {"using":"xpath","value":"//button[@data-kt=\"addButton\"]"}
COMMAND: POST /session/86a389c01bc54833c1d480b3c129d65f/elements - {"using":"xpath","value":"//button[@data-kt=\"addButton\"]"}
RESULT: {"using":"xpath","value":"//button[@data-kt=\"addButton\"]"}
COMMAND: POST /session/86a389c01bc54833c1d480b3c129d65f/elements - {"using":"xpath","value":"//button[@data-kt=\"addButton\"]"}
RESULT: {"using":"xpath","value":"//button[@data-kt=\"addButton\"]"}
COMMAND: POST /session/86a389c01bc54833c1d480b3c129d65f/elements - {"using":"xpath","value":"//button[@data-kt=\"addButton\"]"}
RESULT: {"using":"xpath","value":"//button[@data-kt=\"addButton\"]"}
COMMAND: POST /session/86a389c01bc54833c1d480b3c129d65f/elements - {"using":"xpath","value":"//button[@data-kt=\"addButton\"]"}
RESULT: {"using":"xpath","value":"//button[@data-kt=\"addButton\"]"}
COMMAND: POST /session/86a389c01bc54833c1d480b3c129d65f/elements - {"using":"xpath","value":"//button[@data-kt=\"addButton\"]"}
RESULT: {"using":"xpath","value":"//button[@data-kt=\"addButton\"]"}
COMMAND: POST /session/86a389c01bc54833c1d480b3c129d65f/elements - {"using":"xpath","value":"//button[@data-kt=\"addButton\"]"}
RESULT: {"using":"xpath","value":"//button[@data-kt=\"addButton\"]"}
COMMAND: POST /session/86a389c01bc54833c1d480b3c129d65f/elements - {"using":"xpath","value":"//button[@data-kt=\"addButton\"]"}
RESULT: {"using":"xpath","value":"//button[@data-kt=\"addButton\"]"}
COMMAND: POST /session/86a389c01bc54833c1d480b3c129d65f/elements - {"using":"xpath","value":"//button[@data-kt=\"addButton\"]"}
RESULT: {"using":"xpath","value":"//button[@data-kt=\"addButton\"]"}
COMMAND: POST /session/86a389c01bc54833c1d480b3c129d65f/elements - {"using":"xpath","value":"//button[@data-kt=\"addButton\"]"}
RESULT: {"using":"xpath","value":"//button[@data-kt=\"addButton\"]"}
COMMAND: POST /session/86a389c01bc54833c1d480b3c129d65f/elements - {"using":"xpath","value":"//button[@data-kt=\"addButton\"]"}
RESULT: {"using":"xpath","value":"//button[@data-kt=\"addButton\"]"}
COMMAND: POST /session/86a389c01bc54833c1d480b3c129d65f/elements - {"using":"xpath","value":"//button[@data-kt=\"addButton\"]"}
RESULT: {"using":"xpath","value":"//button[@data-kt=\"addButton\"]"}
COMMAND: POST /session/86a389c01bc54833c1d480b3c129d65f/elements - {"using":"xpath","value":"//button[@data-kt=\"addButton\"]"}
RESULT: {"using":"xpath","value":"//button[@data-kt=\"addButton\"]"}
COMMAND: POST /session/86a389c01bc54833c1d480b3c129d65f/elements - {"using":"xpath","value":"//button[@data-kt=\"addButton\"]"}
RESULT: {"using":"xpath","value":"//button[@data-kt=\"addButton\"]"}
COMMAND: POST /session/86a389c01bc54833c1d480b3c129d65f/elements - {"using":"xpath","value":"//button[@data-kt=\"addButton\"]"}
RESULT: {"using":"xpath","value":"//button[@data-kt=\"addButton\"]"}
COMMAND: POST /session/86a389c01bc54833c1d480b3c129d65f/elements - {"using":"xpath","value":"//button[@data-kt=\"addButton\"]"}
RESULT: {"using":"xpath","value":"//button[@data-kt=\"addButton\"]"}
COMMAND: POST /session/86a389c01bc54833c1d480b3c129d65f/elements - {"using":"xpath","value":"//button[@data-kt=\"addButton\"]"}
RESULT: {"using":"xpath","value":"//button[@data-kt=\"addButton\"]"}
COMMAND: POST /session/86a389c01bc54833c1d480b3c129d65f/elements - {"using":"xpath","value":"//button[@data-kt=\"addButton\"]"}
RESULT: {"using":"xpath","value":"//button[@data-kt=\"addButton\"]"}
COMMAND: POST /session/86a389c01bc54833c1d480b3c129d65f/element - {"using":"xpath","value":"//button[@data-kt=\"addButton\"]"}
RESULT: {"using":"xpath","value":"//button[@data-kt=\"addButton\"]"}
COMMAND: POST /session/86a389c01bc54833c1d480b3c129d65f/execute/sync - {"script":"<script> [8489 bytes]","args":[{"element-6066-11e4-a52e-4f735466cecf":"f.89CEFFE823C31142EA3CFD6CAFD84276.d.BDE97EC782DC4B55EB2C77FE1DE2A5C7.e.3201","ELEMENT":"f.89CEFFE823C31142EA3CFD6CAFD84276.d.BDE97EC782DC4B55EB2C77FE1DE2A5C7.e.3201"}]}
RESULT: {"script":"<script> [8489 bytes]","args":[{"element-6066-11e4-a52e-4f735466cecf":"f.89CEFFE823C31142EA3CFD6CAFD84276.d.BDE97EC782DC4B55EB2C77FE1DE2A5C7.e.3201","ELEMENT":"f.89CEFFE823C31142EA3CFD6CAFD84276.d.BDE97EC782DC4B55EB2C77FE1DE2A5C7.e.3201"}]}
COMMAND: GET /session/86a389c01bc54833c1d480b3c129d65f/element/f.89CEFFE823C31142EA3CFD6CAFD84276.d.BDE97EC782DC4B55EB2C77FE1DE2A5C7.e.3201/enabled - {}
COMMAND: GET /session/86a389c01bc54833c1d480b3c129d65f/screenshot - {}
RESULT: {}
COMMAND: POST /session/86a389c01bc54833c1d480b3c129d65f/execute/sync - {"script":"<script> [8489 bytes]","args":[{"element-6066-11e4-a52e-4f735466cecf":"f.89CEFFE823C31142EA3CFD6CAFD84276.d.BDE97EC782DC4B55EB2C77FE1DE2A5C7.e.3201","ELEMENT":"f.89CEFFE823C31142EA3CFD6CAFD84276.d.BDE97EC782DC4B55EB2C77FE1DE2A5C7.e.3201"}]}
COMMAND: GET /session/86a389c01bc54833c1d480b3c129d65f/screenshot - {}
RESULT: {}
RESULT: {"script":"<script> [8489 bytes]","args":[{"element-6066-11e4-a52e-4f735466cecf":"f.89CEFFE823C31142EA3CFD6CAFD84276.d.BDE97EC782DC4B55EB2C77FE1DE2A5C7.e.3201","ELEMENT":"f.89CEFFE823C31142EA3CFD6CAFD84276.d.BDE97EC782DC4B55EB2C77FE1DE2A5C7.e.3201"}]}
COMMAND: POST /session/86a389c01bc54833c1d480b3c129d65f/execute/sync - {"script":"<script> [5351 bytes]","args":[{"element-6066-11e4-a52e-4f735466cecf":"f.89CEFFE823C31142EA3CFD6CAFD84276.d.BDE97EC782DC4B55EB2C77FE1DE2A5C7.e.3201","ELEMENT":"f.89CEFFE823C31142EA3CFD6CAFD84276.d.BDE97EC782DC4B55EB2C77FE1DE2A5C7.e.3201"}]}
COMMAND: GET /session/86a389c01bc54833c1d480b3c129d65f/screenshot - {}
RESULT: {}
RESULT: {"script":"<script> [5351 bytes]","args":[{"element-6066-11e4-a52e-4f735466cecf":"f.89CEFFE823C31142EA3CFD6CAFD84276.d.BDE97EC782DC4B55EB2C77FE1DE2A5C7.e.3201","ELEMENT":"f.89CEFFE823C31142EA3CFD6CAFD84276.d.BDE97EC782DC4B55EB2C77FE1DE2A5C7.e.3201"}]}
COMMAND: POST /session/86a389c01bc54833c1d480b3c129d65f/element/f.89CEFFE823C31142EA3CFD6CAFD84276.d.BDE97EC782DC4B55EB2C77FE1DE2A5C7.e.3201/click - {}
COMMAND: GET /session/86a389c01bc54833c1d480b3c129d65f/screenshot - {}
RESULT: {}
RESULT: {}
COMMAND: GET /session/86a389c01bc54833c1d480b3c129d65f/screenshot - {}
COMMAND: POST /session/86a389c01bc54833c1d480b3c129d65f/execute/async - {"script":"<script> [1562 bytes]","args":[{"selector":{"id":"application-managepartners-display-component---NewPartner--addressDetailDetailsName1","interaction":{"idSuffix":"inner"}},"wdio_ui5_key":"applicationmanagepartners-display-component---NewPartner--addressDetailDetailsName1"}]}
RESULT: {}
RESULT: {}
RESULT: {"script":"<script> [1562 bytes]","args":[{"selector":{"id":"application-managepartners-display-component---NewPartner--addressDetailDetailsName1","interaction":{"idSuffix":"inner"}},"wdio_ui5_key":"applicationmanagepartners-display-component---NewPartner--addressDetailDetailsName1"}]}
RESULT: undefined
COMMAND: POST /session/86a389c01bc54833c1d480b3c129d65f/execute/async - {"script":"<script> [776 bytes]","args":[{"enterText":"Intercompany Partner WDIO","selector":{"id":"application-managepartners-display-component---NewPartner--addressDetailDetailsName1","interaction":{"idSuffix":"inner"}},"clearTextFirst":true,"interactionType":"ENTER_TEXT"}]}
RESULT: {"script":"<script> [776 bytes]","args":[{"enterText":"Intercompany Partner WDIO","selector":{"id":"application-managepartners-display-component---NewPartner--addressDetailDetailsName1","interaction":{"idSuffix":"inner"}},"clearTextFirst":true,"interactionType":"ENTER_TEXT"}]}
COMMAND: POST /session/86a389c01bc54833c1d480b3c129d65f/execute/async - {"script":"<script> [1562 bytes]","args":[{"selector":{"id":"application-managepartners-display-component---NewPartner--addressDetailDetailsLanguage-arrow"},"wdio_ui5_key":"applicationmanagepartners-display-component---NewPartner--addressDetailDetailsLanguage-arrow"}]}
RESULT: {"script":"<script> [1562 bytes]","args":[{"selector":{"id":"application-managepartners-display-component---NewPartner--addressDetailDetailsLanguage-arrow"},"wdio_ui5_key":"applicationmanagepartners-display-component---NewPartner--addressDetailDetailsLanguage-arrow"}]}
RESULT: undefined
COMMAND: POST /session/86a389c01bc54833c1d480b3c129d65f/element - {"using":"xpath","value":"//*[@id=\"application-managepartners-display-component---NewPartner--addressDetailDetailsLanguage-arrow\"]"}
RESULT: {"using":"xpath","value":"//*[@id=\"application-managepartners-display-component---NewPartner--addressDetailDetailsLanguage-arrow\"]"}
COMMAND: POST /session/86a389c01bc54833c1d480b3c129d65f/element/f.89CEFFE823C31142EA3CFD6CAFD84276.d.BDE97EC782DC4B55EB2C77FE1DE2A5C7.e.3657/click - {}
RESULT: {}
COMMAND: POST /session/86a389c01bc54833c1d480b3c129d65f/element - {"using":"xpath","value":"//span[contains(text(), \"English\")]"}
COMMAND: GET /session/86a389c01bc54833c1d480b3c129d65f/screenshot - {}
RESULT: {"using":"xpath","value":"//span[contains(text(), \"English\")]"}
COMMAND: POST /session/86a389c01bc54833c1d480b3c129d65f/element/f.89CEFFE823C31142EA3CFD6CAFD84276.d.BDE97EC782DC4B55EB2C77FE1DE2A5C7.e.3658/click - {}
RESULT: {}
RESULT: {}
COMMAND: GET /session/86a389c01bc54833c1d480b3c129d65f/screenshot - {}
RESULT: {}
COMMAND: POST /session/86a389c01bc54833c1d480b3c129d65f/execute/async - {"script":"<script> [1562 bytes]","args":[{"selector":{"id":"application-managepartners-display-component---NewPartner--addressDetailDetailsCity1","interaction":{"idSuffix":"inner"}},"wdio_ui5_key":"applicationmanagepartners-display-component---NewPartner--addressDetailDetailsCity1"}]}
RESULT: {"script":"<script> [1562 bytes]","args":[{"selector":{"id":"application-managepartners-display-component---NewPartner--addressDetailDetailsCity1","interaction":{"idSuffix":"inner"}},"wdio_ui5_key":"applicationmanagepartners-display-component---NewPartner--addressDetailDetailsCity1"}]}
RESULT: undefined
COMMAND: POST /session/86a389c01bc54833c1d480b3c129d65f/execute/async - {"script":"<script> [776 bytes]","args":[{"enterText":"Rosario","selector":{"id":"application-managepartners-display-component---NewPartner--addressDetailDetailsCity1","interaction":{"idSuffix":"inner"}},"clearTextFirst":true,"interactionType":"ENTER_TEXT"}]}
RESULT: {"script":"<script> [776 bytes]","args":[{"enterText":"Rosario","selector":{"id":"application-managepartners-display-component---NewPartner--addressDetailDetailsCity1","interaction":{"idSuffix":"inner"}},"clearTextFirst":true,"interactionType":"ENTER_TEXT"}]}
COMMAND: POST /session/86a389c01bc54833c1d480b3c129d65f/execute/async - {"script":"<script> [1562 bytes]","args":[{"selector":{"id":"application-managepartners-display-component---NewPartner--addressDetailDetailsCountry-arrow"},"wdio_ui5_key":"applicationmanagepartners-display-component---NewPartner--addressDetailDetailsCountry-arrow"}]}
RESULT: {"script":"<script> [1562 bytes]","args":[{"selector":{"id":"application-managepartners-display-component---NewPartner--addressDetailDetailsCountry-arrow"},"wdio_ui5_key":"applicationmanagepartners-display-component---NewPartner--addressDetailDetailsCountry-arrow"}]}
RESULT: undefined
COMMAND: POST /session/86a389c01bc54833c1d480b3c129d65f/element - {"using":"xpath","value":"//*[@id=\"application-managepartners-display-component---NewPartner--addressDetailDetailsCountry-arrow\"]"}
RESULT: {"using":"xpath","value":"//*[@id=\"application-managepartners-display-component---NewPartner--addressDetailDetailsCountry-arrow\"]"}
COMMAND: POST /session/86a389c01bc54833c1d480b3c129d65f/element/f.89CEFFE823C31142EA3CFD6CAFD84276.d.BDE97EC782DC4B55EB2C77FE1DE2A5C7.e.3621/click - {}
RESULT: {}
COMMAND: POST /session/86a389c01bc54833c1d480b3c129d65f/element - {"using":"xpath","value":"//span[contains(text(), \"Argentina\")]"}
COMMAND: GET /session/86a389c01bc54833c1d480b3c129d65f/screenshot - {}
RESULT: {"using":"xpath","value":"//span[contains(text(), \"Argentina\")]"}
COMMAND: POST /session/86a389c01bc54833c1d480b3c129d65f/element/f.89CEFFE823C31142EA3CFD6CAFD84276.d.BDE97EC782DC4B55EB2C77FE1DE2A5C7.e.3660/click - {}
RESULT: {}
RESULT: {}
COMMAND: GET /session/86a389c01bc54833c1d480b3c129d65f/screenshot - {}
RESULT: {}
COMMAND: POST /session/86a389c01bc54833c1d480b3c129d65f/element - {"using":"xpath","value":"//bdi[contains(text(), \"Commercial\")]"}
RESULT: {"using":"xpath","value":"//bdi[contains(text(), \"Commercial\")]"}
COMMAND: POST /session/86a389c01bc54833c1d480b3c129d65f/element/f.89CEFFE823C31142EA3CFD6CAFD84276.d.BDE97EC782DC4B55EB2C77FE1DE2A5C7.e.3661/click - {}
RESULT: {}
COMMAND: GET /session/86a389c01bc54833c1d480b3c129d65f/screenshot - {}
RESULT: {}
COMMAND: POST /session/86a389c01bc54833c1d480b3c129d65f/execute/async - {"script":"<script> [1562 bytes]","args":[{"selector":{"id":"application-managepartners-display-component---NewPartner--partnerDetailInternal-arrow"},"wdio_ui5_key":"applicationmanagepartners-display-component---NewPartner--partnerDetailInternal-arrow"}]}
RESULT: {"script":"<script> [1562 bytes]","args":[{"selector":{"id":"application-managepartners-display-component---NewPartner--partnerDetailInternal-arrow"},"wdio_ui5_key":"applicationmanagepartners-display-component---NewPartner--partnerDetailInternal-arrow"}]}
RESULT: undefined
COMMAND: POST /session/86a389c01bc54833c1d480b3c129d65f/element - {"using":"xpath","value":"//*[@id=\"application-managepartners-display-component---NewPartner--partnerDetailInternal-arrow\"]"}
RESULT: {"using":"xpath","value":"//*[@id=\"application-managepartners-display-component---NewPartner--partnerDetailInternal-arrow\"]"}
COMMAND: POST /session/86a389c01bc54833c1d480b3c129d65f/element/f.89CEFFE823C31142EA3CFD6CAFD84276.d.BDE97EC782DC4B55EB2C77FE1DE2A5C7.e.3667/click - {}
RESULT: {}
COMMAND: POST /session/86a389c01bc54833c1d480b3c129d65f/element - {"using":"xpath","value":"//span[contains(text(), \"Affiliated company\")]"}
COMMAND: GET /session/86a389c01bc54833c1d480b3c129d65f/screenshot - {}
RESULT: {"using":"xpath","value":"//span[contains(text(), \"Affiliated company\")]"}
COMMAND: POST /session/86a389c01bc54833c1d480b3c129d65f/element/f.89CEFFE823C31142EA3CFD6CAFD84276.d.BDE97EC782DC4B55EB2C77FE1DE2A5C7.e.3668/click - {}
RESULT: {}
RESULT: {}
COMMAND: POST /session/86a389c01bc54833c1d480b3c129d65f/execute/async - {"script":"<script> [1562 bytes]","args":[{"selector":{"id":"application-managepartners-display-component---NewPartner--partnerDetailsCurrency-arrow"},"wdio_ui5_key":"applicationmanagepartners-display-component---NewPartner--partnerDetailsCurrency-arrow"}]}
COMMAND: GET /session/86a389c01bc54833c1d480b3c129d65f/screenshot - {}
RESULT: {"script":"<script> [1562 bytes]","args":[{"selector":{"id":"application-managepartners-display-component---NewPartner--partnerDetailsCurrency-arrow"},"wdio_ui5_key":"applicationmanagepartners-display-component---NewPartner--partnerDetailsCurrency-arrow"}]}
RESULT: undefined
COMMAND: POST /session/86a389c01bc54833c1d480b3c129d65f/element - {"using":"xpath","value":"//*[@id=\"application-managepartners-display-component---NewPartner--partnerDetailsCurrency-arrow\"]"}
RESULT: {}
RESULT: {"using":"xpath","value":"//*[@id=\"application-managepartners-display-component---NewPartner--partnerDetailsCurrency-arrow\"]"}
COMMAND: POST /session/86a389c01bc54833c1d480b3c129d65f/element/f.89CEFFE823C31142EA3CFD6CAFD84276.d.BDE97EC782DC4B55EB2C77FE1DE2A5C7.e.3675/click - {}
RESULT: {}
COMMAND: POST /session/86a389c01bc54833c1d480b3c129d65f/element - {"using":"xpath","value":"//span[contains(text(), \"Euro\")]"}
COMMAND: GET /session/86a389c01bc54833c1d480b3c129d65f/screenshot - {}
RESULT: {"using":"xpath","value":"//span[contains(text(), \"Euro\")]"}
COMMAND: POST /session/86a389c01bc54833c1d480b3c129d65f/element/f.89CEFFE823C31142EA3CFD6CAFD84276.d.BDE97EC782DC4B55EB2C77FE1DE2A5C7.e.3676/click - {}
RESULT: {}
RESULT: {}
COMMAND: POST /session/86a389c01bc54833c1d480b3c129d65f/execute/async - {"script":"<script> [1562 bytes]","args":[{"selector":{"id":"application-managepartners-display-component---NewPartner--addressEditDetailsCostObjectCstType-arrow"},"wdio_ui5_key":"applicationmanagepartners-display-component---NewPartner--addressEditDetailsCostObjectCstType-arrow"}]}
COMMAND: GET /session/86a389c01bc54833c1d480b3c129d65f/screenshot - {}
RESULT: {"script":"<script> [1562 bytes]","args":[{"selector":{"id":"application-managepartners-display-component---NewPartner--addressEditDetailsCostObjectCstType-arrow"},"wdio_ui5_key":"applicationmanagepartners-display-component---NewPartner--addressEditDetailsCostObjectCstType-arrow"}]}
RESULT: undefined
COMMAND: POST /session/86a389c01bc54833c1d480b3c129d65f/element - {"using":"xpath","value":"//*[@id=\"application-managepartners-display-component---NewPartner--addressEditDetailsCostObjectCstType-arrow\"]"}
RESULT: {}
RESULT: {"using":"xpath","value":"//*[@id=\"application-managepartners-display-component---NewPartner--addressEditDetailsCostObjectCstType-arrow\"]"}
COMMAND: POST /session/86a389c01bc54833c1d480b3c129d65f/element/f.89CEFFE823C31142EA3CFD6CAFD84276.d.BDE97EC782DC4B55EB2C77FE1DE2A5C7.e.3677/click - {}
RESULT: {}
COMMAND: POST /session/86a389c01bc54833c1d480b3c129d65f/element - {"using":"xpath","value":"//span[contains(text(), \"Cost Center\")]"}
COMMAND: GET /session/86a389c01bc54833c1d480b3c129d65f/screenshot - {}
RESULT: {"using":"xpath","value":"//span[contains(text(), \"Cost Center\")]"}
COMMAND: POST /session/86a389c01bc54833c1d480b3c129d65f/element/f.89CEFFE823C31142EA3CFD6CAFD84276.d.BDE97EC782DC4B55EB2C77FE1DE2A5C7.e.3678/click - {}
RESULT: {}
RESULT: {}
COMMAND: GET /session/86a389c01bc54833c1d480b3c129d65f/screenshot - {}
RESULT: {}
COMMAND: POST /session/86a389c01bc54833c1d480b3c129d65f/element - {"using":"xpath","value":"//span[@id=\"application-managepartners-display-component---NewPartner--addressNewCostObjectCstID-vhi\"]"}
RESULT: {"using":"xpath","value":"//span[@id=\"application-managepartners-display-component---NewPartner--addressNewCostObjectCstID-vhi\"]"}
COMMAND: POST /session/86a389c01bc54833c1d480b3c129d65f/execute/sync - {"script":"<script> [8489 bytes]","args":[{"element-6066-11e4-a52e-4f735466cecf":"f.89CEFFE823C31142EA3CFD6CAFD84276.d.BDE97EC782DC4B55EB2C77FE1DE2A5C7.e.3682","ELEMENT":"f.89CEFFE823C31142EA3CFD6CAFD84276.d.BDE97EC782DC4B55EB2C77FE1DE2A5C7.e.3682"}]}
RESULT: {"script":"<script> [8489 bytes]","args":[{"element-6066-11e4-a52e-4f735466cecf":"f.89CEFFE823C31142EA3CFD6CAFD84276.d.BDE97EC782DC4B55EB2C77FE1DE2A5C7.e.3682","ELEMENT":"f.89CEFFE823C31142EA3CFD6CAFD84276.d.BDE97EC782DC4B55EB2C77FE1DE2A5C7.e.3682"}]}
COMMAND: POST /session/86a389c01bc54833c1d480b3c129d65f/execute/async - {"script":"<script> [1562 bytes]","args":[{"selector":{"id":"application-managepartners-display-component---NewPartner--addressNewCostObjectCstID-vhi"},"wdio_ui5_key":"applicationmanagepartners-display-component---NewPartner--addressNewCostObjectCstID-vhi"}]}
COMMAND: GET /session/86a389c01bc54833c1d480b3c129d65f/screenshot - {}
RESULT: {"script":"<script> [1562 bytes]","args":[{"selector":{"id":"application-managepartners-display-component---NewPartner--addressNewCostObjectCstID-vhi"},"wdio_ui5_key":"applicationmanagepartners-display-component---NewPartner--addressNewCostObjectCstID-vhi"}]}
RESULT: undefined
COMMAND: POST /session/86a389c01bc54833c1d480b3c129d65f/element - {"using":"xpath","value":"//*[@id=\"application-managepartners-display-component---NewPartner--addressNewCostObjectCstID-vhi\"]"}
RESULT: {}
RESULT: {"using":"xpath","value":"//*[@id=\"application-managepartners-display-component---NewPartner--addressNewCostObjectCstID-vhi\"]"}
COMMAND: POST /session/86a389c01bc54833c1d480b3c129d65f/element/f.89CEFFE823C31142EA3CFD6CAFD84276.d.BDE97EC782DC4B55EB2C77FE1DE2A5C7.e.3682/click - {}
RESULT: {}
COMMAND: GET /session/86a389c01bc54833c1d480b3c129d65f/screenshot - {}
RESULT: {}
COMMAND: POST /session/86a389c01bc54833c1d480b3c129d65f/execute/async - {"script":"<script> [1562 bytes]","args":[{"selector":{"controlType":"sap.m.SearchField","properties":{"placeholder":"Search"},"searchOpenDialogs":true,"interaction":{"idSuffix":"I"}},"wdio_ui5_key":"sapm.SearchField{\"placeholder\":\"Search\"}"}]}
RESULT: {"script":"<script> [1562 bytes]","args":[{"selector":{"controlType":"sap.m.SearchField","properties":{"placeholder":"Search"},"searchOpenDialogs":true,"interaction":{"idSuffix":"I"}},"wdio_ui5_key":"sapm.SearchField{\"placeholder\":\"Search\"}"}]}
RESULT: undefined
COMMAND: POST /session/86a389c01bc54833c1d480b3c129d65f/execute/async - {"script":"<script> [776 bytes]","args":[{"enterText":"10001013","selector":{"controlType":"sap.m.SearchField","properties":{"placeholder":"Search"},"searchOpenDialogs":true,"interaction":{"idSuffix":"I"}},"clearTextFirst":true,"interactionType":"ENTER_TEXT"}]}
RESULT: {"script":"<script> [776 bytes]","args":[{"enterText":"10001013","selector":{"controlType":"sap.m.SearchField","properties":{"placeholder":"Search"},"searchOpenDialogs":true,"interaction":{"idSuffix":"I"}},"clearTextFirst":true,"interactionType":"ENTER_TEXT"}]}
COMMAND: POST /session/86a389c01bc54833c1d480b3c129d65f/actions - {"actions":[{"id":"action7","type":"key","parameters":{},"actions":[{"type":"keyDown","value":"î€‡"},{"type":"pause","duration":10},{"type":"keyUp","value":"î€‡"}]}]}
RESULT: {"actions":[{"id":"action7","type":"key","parameters":{},"actions":[{"type":"keyDown","value":"î€‡"},{"type":"pause","duration":10},{"type":"keyUp","value":"î€‡"}]}]}
COMMAND: GET /session/86a389c01bc54833c1d480b3c129d65f/screenshot - {}
RESULT: {}
COMMAND: POST /session/86a389c01bc54833c1d480b3c129d65f/element - {"using":"xpath","value":"//span[contains(text(), \"General Management\")]"}
RESULT: {"using":"xpath","value":"//span[contains(text(), \"General Management\")]"}
COMMAND: POST /session/86a389c01bc54833c1d480b3c129d65f/element/f.89CEFFE823C31142EA3CFD6CAFD84276.d.BDE97EC782DC4B55EB2C77FE1DE2A5C7.e.3725/click - {}
RESULT: {}
COMMAND: GET /session/86a389c01bc54833c1d480b3c129d65f/screenshot - {}
RESULT: {}
COMMAND: POST /session/86a389c01bc54833c1d480b3c129d65f/element - {"using":"xpath","value":"//bdi[contains(text(), \"OK\")]"}
RESULT: {"using":"xpath","value":"//bdi[contains(text(), \"OK\")]"}
COMMAND: POST /session/86a389c01bc54833c1d480b3c129d65f/element/f.89CEFFE823C31142EA3CFD6CAFD84276.d.BDE97EC782DC4B55EB2C77FE1DE2A5C7.e.3726/click - {}
RESULT: {}
COMMAND: GET /session/86a389c01bc54833c1d480b3c129d65f/screenshot - {}
RESULT: {}
COMMAND: POST /session/86a389c01bc54833c1d480b3c129d65f/element - {"using":"xpath","value":"//input[@id=\"application-managepartners-display-component---NewPartner--companyCodeComboBox-inner\"]"}
RESULT: {"using":"xpath","value":"//input[@id=\"application-managepartners-display-component---NewPartner--companyCodeComboBox-inner\"]"}
COMMAND: POST /session/86a389c01bc54833c1d480b3c129d65f/element/f.89CEFFE823C31142EA3CFD6CAFD84276.d.BDE97EC782DC4B55EB2C77FE1DE2A5C7.e.3578/clear - {}
RESULT: {}
COMMAND: POST /session/86a389c01bc54833c1d480b3c129d65f/element/f.89CEFFE823C31142EA3CFD6CAFD84276.d.BDE97EC782DC4B55EB2C77FE1DE2A5C7.e.3578/value - {"text":"C002"}
COMMAND: GET /session/86a389c01bc54833c1d480b3c129d65f/screenshot - {}
RESULT: {"text":"C002"}
COMMAND: GET /session/86a389c01bc54833c1d480b3c129d65f/screenshot - {}
RESULT: {}
RESULT: {}
COMMAND: POST /session/86a389c01bc54833c1d480b3c129d65f/element - {"using":"xpath","value":"//span[contains(text(), \"C002\")]"}
RESULT: {"using":"xpath","value":"//span[contains(text(), \"C002\")]"}
COMMAND: POST /session/86a389c01bc54833c1d480b3c129d65f/element/f.89CEFFE823C31142EA3CFD6CAFD84276.d.BDE97EC782DC4B55EB2C77FE1DE2A5C7.e.3732/click - {}
RESULT: {}
COMMAND: GET /session/86a389c01bc54833c1d480b3c129d65f/screenshot - {}
RESULT: {}
COMMAND: POST /session/86a389c01bc54833c1d480b3c129d65f/execute/async - {"script":"<script> [1562 bytes]","args":[{"selector":{"id":"application-managepartners-display-component---NewPartner--btnAddTableRow-img"},"wdio_ui5_key":"applicationmanagepartners-display-component---NewPartner--btnAddTableRow-img"}]}
RESULT: {"script":"<script> [1562 bytes]","args":[{"selector":{"id":"application-managepartners-display-component---NewPartner--btnAddTableRow-img"},"wdio_ui5_key":"applicationmanagepartners-display-component---NewPartner--btnAddTableRow-img"}]}
RESULT: undefined
COMMAND: POST /session/86a389c01bc54833c1d480b3c129d65f/element - {"using":"xpath","value":"//*[@id=\"application-managepartners-display-component---NewPartner--btnAddTableRow-img\"]"}
RESULT: {"using":"xpath","value":"//*[@id=\"application-managepartners-display-component---NewPartner--btnAddTableRow-img\"]"}
COMMAND: POST /session/86a389c01bc54833c1d480b3c129d65f/element/f.89CEFFE823C31142EA3CFD6CAFD84276.d.BDE97EC782DC4B55EB2C77FE1DE2A5C7.e.3733/click - {}
RESULT: {}
COMMAND: GET /session/86a389c01bc54833c1d480b3c129d65f/screenshot - {}
RESULT: {}
COMMAND: POST /session/86a389c01bc54833c1d480b3c129d65f/element - {"using":"xpath","value":"//input[@id=\"application-managepartners-display-component---NewPartner--assignmentYard-application-managepartners-display-component---NewPartner--assignmentsTable-0-inner\"]"}
RESULT: {"using":"xpath","value":"//input[@id=\"application-managepartners-display-component---NewPartner--assignmentYard-application-managepartners-display-component---NewPartner--assignmentsTable-0-inner\"]"}
COMMAND: POST /session/86a389c01bc54833c1d480b3c129d65f/element/f.89CEFFE823C31142EA3CFD6CAFD84276.d.BDE97EC782DC4B55EB2C77FE1DE2A5C7.e.3736/clear - {}
RESULT: {}
COMMAND: POST /session/86a389c01bc54833c1d480b3c129d65f/element/f.89CEFFE823C31142EA3CFD6CAFD84276.d.BDE97EC782DC4B55EB2C77FE1DE2A5C7.e.3736/value - {"text":"470"}
COMMAND: GET /session/86a389c01bc54833c1d480b3c129d65f/screenshot - {}
RESULT: {"text":"470"}
COMMAND: GET /session/86a389c01bc54833c1d480b3c129d65f/screenshot - {}
RESULT: {}
RESULT: {}
COMMAND: POST /session/86a389c01bc54833c1d480b3c129d65f/element - {"using":"xpath","value":"//li[.//span[text()='470']]"}
RESULT: {"using":"xpath","value":"//li[.//span[text()='470']]"}
COMMAND: POST /session/86a389c01bc54833c1d480b3c129d65f/element/f.89CEFFE823C31142EA3CFD6CAFD84276.d.BDE97EC782DC4B55EB2C77FE1DE2A5C7.e.3745/click - {}
RESULT: {}
COMMAND: GET /session/86a389c01bc54833c1d480b3c129d65f/screenshot - {}
RESULT: {}
COMMAND: POST /session/86a389c01bc54833c1d480b3c129d65f/actions - {"actions":[{"id":"action8","type":"key","parameters":{},"actions":[{"type":"keyDown","value":"î€‡"},{"type":"pause","duration":10},{"type":"keyUp","value":"î€‡"}]}]}
RESULT: {"actions":[{"id":"action8","type":"key","parameters":{},"actions":[{"type":"keyDown","value":"î€‡"},{"type":"pause","duration":10},{"type":"keyUp","value":"î€‡"}]}]}
COMMAND: POST /session/86a389c01bc54833c1d480b3c129d65f/execute/async - {"script":"<script> [1562 bytes]","args":[{"selector":{"id":"application-managepartners-display-component---NewPartner--externalCustomerComboBox-application-managepartners-display-component---NewPartner--assignmentsTable-0-vhi"},"wdio_ui5_key":"applicationmanagepartners-display-component---NewPartner--externalCustomerComboBox-application-managepartners-display-component---NewPartner--assignmentsTable-0-vhi"}]}
COMMAND: GET /session/86a389c01bc54833c1d480b3c129d65f/screenshot - {}
RESULT: {"script":"<script> [1562 bytes]","args":[{"selector":{"id":"application-managepartners-display-component---NewPartner--externalCustomerComboBox-application-managepartners-display-component---NewPartner--assignmentsTable-0-vhi"},"wdio_ui5_key":"applicationmanagepartners-display-component---NewPartner--externalCustomerComboBox-application-managepartners-display-component---NewPartner--assignmentsTable-0-vhi"}]}
RESULT: undefined
COMMAND: POST /session/86a389c01bc54833c1d480b3c129d65f/element - {"using":"xpath","value":"//*[@id=\"application-managepartners-display-component---NewPartner--externalCustomerComboBox-application-managepartners-display-component---NewPartner--assignmentsTable-0-vhi\"]"}
RESULT: {}
RESULT: {"using":"xpath","value":"//*[@id=\"application-managepartners-display-component---NewPartner--externalCustomerComboBox-application-managepartners-display-component---NewPartner--assignmentsTable-0-vhi\"]"}
COMMAND: POST /session/86a389c01bc54833c1d480b3c129d65f/element/f.89CEFFE823C31142EA3CFD6CAFD84276.d.BDE97EC782DC4B55EB2C77FE1DE2A5C7.e.3749/click - {}
RESULT: {}
RESULT: undefined
COMMAND: POST /session/86a389c01bc54833c1d480b3c129d65f/execute/async - {"script":"<script> [776 bytes]","args":[{"enterText":"300003","selector":{"controlType":"sap.m.SearchField","properties":{"placeholder":"Search"},"searchOpenDialogs":true,"interaction":{"idSuffix":"I"}},"clearTextFirst":true,"interactionType":"ENTER_TEXT"}]}
COMMAND: GET /session/86a389c01bc54833c1d480b3c129d65f/screenshot - {}
RESULT: {"script":"<script> [776 bytes]","args":[{"enterText":"300003","selector":{"controlType":"sap.m.SearchField","properties":{"placeholder":"Search"},"searchOpenDialogs":true,"interaction":{"idSuffix":"I"}},"clearTextFirst":true,"interactionType":"ENTER_TEXT"}]}
COMMAND: POST /session/86a389c01bc54833c1d480b3c129d65f/actions - {"actions":[{"id":"action9","type":"key","parameters":{},"actions":[{"type":"keyDown","value":"î€‡"},{"type":"pause","duration":10},{"type":"keyUp","value":"î€‡"}]}]}
RESULT: {}
RESULT: {"actions":[{"id":"action9","type":"key","parameters":{},"actions":[{"type":"keyDown","value":"î€‡"},{"type":"pause","duration":10},{"type":"keyUp","value":"î€‡"}]}]}
COMMAND: GET /session/86a389c01bc54833c1d480b3c129d65f/screenshot - {}
RESULT: {}
COMMAND: POST /session/86a389c01bc54833c1d480b3c129d65f/element - {"using":"xpath","value":"//span[contains(text(), \"300003\")]"}
RESULT: {"using":"xpath","value":"//span[contains(text(), \"300003\")]"}
COMMAND: POST /session/86a389c01bc54833c1d480b3c129d65f/element/f.89CEFFE823C31142EA3CFD6CAFD84276.d.BDE97EC782DC4B55EB2C77FE1DE2A5C7.e.3767/click - {}
RESULT: {}
COMMAND: GET /session/86a389c01bc54833c1d480b3c129d65f/screenshot - {}
RESULT: {}
COMMAND: POST /session/86a389c01bc54833c1d480b3c129d65f/element - {"using":"xpath","value":"//bdi[contains(text(), \"OK\")]"}
RESULT: {"using":"xpath","value":"//bdi[contains(text(), \"OK\")]"}
COMMAND: POST /session/86a389c01bc54833c1d480b3c129d65f/element/f.89CEFFE823C31142EA3CFD6CAFD84276.d.BDE97EC782DC4B55EB2C77FE1DE2A5C7.e.3769/click - {}
RESULT: {}
COMMAND: GET /session/86a389c01bc54833c1d480b3c129d65f/screenshot - {}
RESULT: {}
COMMAND: POST /session/86a389c01bc54833c1d480b3c129d65f/execute/async - {"script":"<script> [1562 bytes]","args":[{"selector":{"id":"application-managepartners-display-component---NewPartner--intercompVendorComboBox-application-managepartners-display-component---NewPartner--assignmentsTable-0-vhi"},"wdio_ui5_key":"applicationmanagepartners-display-component---NewPartner--intercompVendorComboBox-application-managepartners-display-component---NewPartner--assignmentsTable-0-vhi"}]}
RESULT: {"script":"<script> [1562 bytes]","args":[{"selector":{"id":"application-managepartners-display-component---NewPartner--intercompVendorComboBox-application-managepartners-display-component---NewPartner--assignmentsTable-0-vhi"},"wdio_ui5_key":"applicationmanagepartners-display-component---NewPartner--intercompVendorComboBox-application-managepartners-display-component---NewPartner--assignmentsTable-0-vhi"}]}
RESULT: undefined
COMMAND: POST /session/86a389c01bc54833c1d480b3c129d65f/element - {"using":"xpath","value":"//*[@id=\"application-managepartners-display-component---NewPartner--intercompVendorComboBox-application-managepartners-display-component---NewPartner--assignmentsTable-0-vhi\"]"}
RESULT: {"using":"xpath","value":"//*[@id=\"application-managepartners-display-component---NewPartner--intercompVendorComboBox-application-managepartners-display-component---NewPartner--assignmentsTable-0-vhi\"]"}
COMMAND: POST /session/86a389c01bc54833c1d480b3c129d65f/element/f.89CEFFE823C31142EA3CFD6CAFD84276.d.BDE97EC782DC4B55EB2C77FE1DE2A5C7.e.3772/click - {}
RESULT: {}
RESULT: undefined
COMMAND: POST /session/86a389c01bc54833c1d480b3c129d65f/execute/async - {"script":"<script> [776 bytes]","args":[{"enterText":"100005","selector":{"controlType":"sap.m.SearchField","properties":{"placeholder":"Search"},"searchOpenDialogs":true,"interaction":{"idSuffix":"I"}},"clearTextFirst":true,"interactionType":"ENTER_TEXT"}]}
COMMAND: GET /session/86a389c01bc54833c1d480b3c129d65f/screenshot - {}
RESULT: {"script":"<script> [776 bytes]","args":[{"enterText":"100005","selector":{"controlType":"sap.m.SearchField","properties":{"placeholder":"Search"},"searchOpenDialogs":true,"interaction":{"idSuffix":"I"}},"clearTextFirst":true,"interactionType":"ENTER_TEXT"}]}
COMMAND: POST /session/86a389c01bc54833c1d480b3c129d65f/actions - {"actions":[{"id":"action10","type":"key","parameters":{},"actions":[{"type":"keyDown","value":"î€‡"},{"type":"pause","duration":10},{"type":"keyUp","value":"î€‡"}]}]}
RESULT: {}
RESULT: {"actions":[{"id":"action10","type":"key","parameters":{},"actions":[{"type":"keyDown","value":"î€‡"},{"type":"pause","duration":10},{"type":"keyUp","value":"î€‡"}]}]}
COMMAND: GET /session/86a389c01bc54833c1d480b3c129d65f/screenshot - {}
RESULT: {}
COMMAND: POST /session/86a389c01bc54833c1d480b3c129d65f/element - {"using":"xpath","value":"//span[contains(text(), \"Penguins - Field/12345 Berlin\")]"}
RESULT: {"using":"xpath","value":"//span[contains(text(), \"Penguins - Field/12345 Berlin\")]"}
COMMAND: POST /session/86a389c01bc54833c1d480b3c129d65f/element/f.89CEFFE823C31142EA3CFD6CAFD84276.d.BDE97EC782DC4B55EB2C77FE1DE2A5C7.e.3791/click - {}
RESULT: {}
COMMAND: GET /session/86a389c01bc54833c1d480b3c129d65f/screenshot - {}
RESULT: {}
COMMAND: POST /session/86a389c01bc54833c1d480b3c129d65f/element - {"using":"xpath","value":"//bdi[contains(text(), \"OK\")]"}
RESULT: {"using":"xpath","value":"//bdi[contains(text(), \"OK\")]"}
COMMAND: POST /session/86a389c01bc54833c1d480b3c129d65f/element/f.89CEFFE823C31142EA3CFD6CAFD84276.d.BDE97EC782DC4B55EB2C77FE1DE2A5C7.e.3792/click - {}
RESULT: {}
COMMAND: GET /session/86a389c01bc54833c1d480b3c129d65f/screenshot - {}
RESULT: {}
COMMAND: POST /session/86a389c01bc54833c1d480b3c129d65f/element - {"using":"xpath","value":"//button[@data-kt=\"saveButton\"]"}
RESULT: {"using":"xpath","value":"//button[@data-kt=\"saveButton\"]"}
COMMAND: POST /session/86a389c01bc54833c1d480b3c129d65f/element/f.89CEFFE823C31142EA3CFD6CAFD84276.d.BDE97EC782DC4B55EB2C77FE1DE2A5C7.e.3642/click - {}
RESULT: {}
COMMAND: GET /session/86a389c01bc54833c1d480b3c129d65f/screenshot - {}
RESULT: {}
COMMAND: POST /session/86a389c01bc54833c1d480b3c129d65f/element - {"using":"xpath","value":"//header[contains(@id, 'ObjectPageLayout-headerTitle')]/div[1]/div[2]/div[2]/span[1]"}
RESULT: {"using":"xpath","value":"//header[contains(@id, 'ObjectPageLayout-headerTitle')]/div[1]/div[2]/div[2]/span[1]"}
COMMAND: POST /session/86a389c01bc54833c1d480b3c129d65f/elements - {"using":"xpath","value":"//header[contains(@id, 'ObjectPageLayout-headerTitle')]/div[1]/div[2]/div[2]/span[1]"}
RESULT: {"using":"xpath","value":"//header[contains(@id, 'ObjectPageLayout-headerTitle')]/div[1]/div[2]/div[2]/span[1]"}
COMMAND: POST /session/86a389c01bc54833c1d480b3c129d65f/execute/sync - {"script":"<script> [56 bytes]","args":[{"element-6066-11e4-a52e-4f735466cecf":"f.89CEFFE823C31142EA3CFD6CAFD84276.d.BDE97EC782DC4B55EB2C77FE1DE2A5C7.e.3959","ELEMENT":"f.89CEFFE823C31142EA3CFD6CAFD84276.d.BDE97EC782DC4B55EB2C77FE1DE2A5C7.e.3959"}]}
RESULT: {"script":"<script> [56 bytes]","args":[{"element-6066-11e4-a52e-4f735466cecf":"f.89CEFFE823C31142EA3CFD6CAFD84276.d.BDE97EC782DC4B55EB2C77FE1DE2A5C7.e.3959","ELEMENT":"f.89CEFFE823C31142EA3CFD6CAFD84276.d.BDE97EC782DC4B55EB2C77FE1DE2A5C7.e.3959"}]}
COMMAND: POST /session/86a389c01bc54833c1d480b3c129d65f/element - {"using":"css selector","value":"#shell-header-logo"}
COMMAND: GET /session/86a389c01bc54833c1d480b3c129d65f/screenshot - {}
RESULT: {"using":"css selector","value":"#shell-header-logo"}
COMMAND: POST /session/86a389c01bc54833c1d480b3c129d65f/element/f.89CEFFE823C31142EA3CFD6CAFD84276.d.BDE97EC782DC4B55EB2C77FE1DE2A5C7.e.3166/click - {}
RESULT: {}
RESULT: {}
COMMAND: GET /session/86a389c01bc54833c1d480b3c129d65f/screenshot - {}
RESULT: {}
COMMAND: POST /session/86a389c01bc54833c1d480b3c129d65f/execute/sync - {"script":"<script> [299 bytes]","args":[["getModel","getResource"]]}
RESULT: {"script":"<script> [299 bytes]","args":[["getModel","getResource"]]}
RESULT: undefined
COMMAND: POST /session/86a389c01bc54833c1d480b3c129d65f/element - {"using":"xpath","value":"//*[@id=\"__tile30\"]"}
COMMAND: GET /session/86a389c01bc54833c1d480b3c129d65f/screenshot - {}
RESULT: {"using":"xpath","value":"//*[@id=\"__tile30\"]"}
COMMAND: POST /session/86a389c01bc54833c1d480b3c129d65f/element/f.89CEFFE823C31142EA3CFD6CAFD84276.d.BDE97EC782DC4B55EB2C77FE1DE2A5C7.e.3086/click - {}
RESULT: {}
RESULT: {}
COMMAND: POST /session/86a389c01bc54833c1d480b3c129d65f/element - {"using":"xpath","value":"//button[@data-kt=\"addButton\"]"}
COMMAND: GET /session/86a389c01bc54833c1d480b3c129d65f/screenshot - {}
RESULT: {"using":"xpath","value":"//button[@data-kt=\"addButton\"]"}
COMMAND: POST /session/86a389c01bc54833c1d480b3c129d65f/elements - {"using":"xpath","value":"//button[@data-kt=\"addButton\"]"}
RESULT: {}
RESULT: {"using":"xpath","value":"//button[@data-kt=\"addButton\"]"}
COMMAND: POST /session/86a389c01bc54833c1d480b3c129d65f/elements - {"using":"xpath","value":"//button[@data-kt=\"addButton\"]"}
RESULT: {"using":"xpath","value":"//button[@data-kt=\"addButton\"]"}
COMMAND: POST /session/86a389c01bc54833c1d480b3c129d65f/element - {"using":"xpath","value":"//button[@data-kt=\"addButton\"]"}
RESULT: {"using":"xpath","value":"//button[@data-kt=\"addButton\"]"}
COMMAND: POST /session/86a389c01bc54833c1d480b3c129d65f/execute/sync - {"script":"<script> [8489 bytes]","args":[{"element-6066-11e4-a52e-4f735466cecf":"f.89CEFFE823C31142EA3CFD6CAFD84276.d.BDE97EC782DC4B55EB2C77FE1DE2A5C7.e.4007","ELEMENT":"f.89CEFFE823C31142EA3CFD6CAFD84276.d.BDE97EC782DC4B55EB2C77FE1DE2A5C7.e.4007"}]}
RESULT: {"script":"<script> [8489 bytes]","args":[{"element-6066-11e4-a52e-4f735466cecf":"f.89CEFFE823C31142EA3CFD6CAFD84276.d.BDE97EC782DC4B55EB2C77FE1DE2A5C7.e.4007","ELEMENT":"f.89CEFFE823C31142EA3CFD6CAFD84276.d.BDE97EC782DC4B55EB2C77FE1DE2A5C7.e.4007"}]}
COMMAND: GET /session/86a389c01bc54833c1d480b3c129d65f/element/f.89CEFFE823C31142EA3CFD6CAFD84276.d.BDE97EC782DC4B55EB2C77FE1DE2A5C7.e.4007/enabled - {}
COMMAND: GET /session/86a389c01bc54833c1d480b3c129d65f/screenshot - {}
RESULT: {}
COMMAND: POST /session/86a389c01bc54833c1d480b3c129d65f/execute/sync - {"script":"<script> [8489 bytes]","args":[{"element-6066-11e4-a52e-4f735466cecf":"f.89CEFFE823C31142EA3CFD6CAFD84276.d.BDE97EC782DC4B55EB2C77FE1DE2A5C7.e.4007","ELEMENT":"f.89CEFFE823C31142EA3CFD6CAFD84276.d.BDE97EC782DC4B55EB2C77FE1DE2A5C7.e.4007"}]}
COMMAND: GET /session/86a389c01bc54833c1d480b3c129d65f/screenshot - {}
RESULT: {}
RESULT: {"script":"<script> [8489 bytes]","args":[{"element-6066-11e4-a52e-4f735466cecf":"f.89CEFFE823C31142EA3CFD6CAFD84276.d.BDE97EC782DC4B55EB2C77FE1DE2A5C7.e.4007","ELEMENT":"f.89CEFFE823C31142EA3CFD6CAFD84276.d.BDE97EC782DC4B55EB2C77FE1DE2A5C7.e.4007"}]}
COMMAND: POST /session/86a389c01bc54833c1d480b3c129d65f/execute/sync - {"script":"<script> [5351 bytes]","args":[{"element-6066-11e4-a52e-4f735466cecf":"f.89CEFFE823C31142EA3CFD6CAFD84276.d.BDE97EC782DC4B55EB2C77FE1DE2A5C7.e.4007","ELEMENT":"f.89CEFFE823C31142EA3CFD6CAFD84276.d.BDE97EC782DC4B55EB2C77FE1DE2A5C7.e.4007"}]}
COMMAND: GET /session/86a389c01bc54833c1d480b3c129d65f/screenshot - {}
RESULT: {}
RESULT: {"script":"<script> [5351 bytes]","args":[{"element-6066-11e4-a52e-4f735466cecf":"f.89CEFFE823C31142EA3CFD6CAFD84276.d.BDE97EC782DC4B55EB2C77FE1DE2A5C7.e.4007","ELEMENT":"f.89CEFFE823C31142EA3CFD6CAFD84276.d.BDE97EC782DC4B55EB2C77FE1DE2A5C7.e.4007"}]}
COMMAND: GET /session/86a389c01bc54833c1d480b3c129d65f/screenshot - {}
RESULT: {}
RESULT: {}
COMMAND: POST /session/86a389c01bc54833c1d480b3c129d65f/execute/async - {"script":"<script> [1562 bytes]","args":[{"selector":{"id":"application-managepartners-display-component---masterPtm--smartFilterBar-btnBasicSearch","interaction":{"idSuffix":"I"}},"wdio_ui5_key":"applicationmanagepartners-display-component---masterPtm--smartFilterBar-btnBasicSearch"}]}
RESULT: {"script":"<script> [1562 bytes]","args":[{"selector":{"id":"application-managepartners-display-component---masterPtm--smartFilterBar-btnBasicSearch","interaction":{"idSuffix":"I"}},"wdio_ui5_key":"applicationmanagepartners-display-component---masterPtm--smartFilterBar-btnBasicSearch"}]}
RESULT: undefined
COMMAND: POST /session/86a389c01bc54833c1d480b3c129d65f/execute/async - {"script":"<script> [776 bytes]","args":[{"enterText":"1342","selector":{"id":"application-managepartners-display-component---masterPtm--smartFilterBar-btnBasicSearch","interaction":{"idSuffix":"I"}},"clearTextFirst":true,"interactionType":"ENTER_TEXT"}]}
RESULT: {"script":"<script> [776 bytes]","args":[{"enterText":"1342","selector":{"id":"application-managepartners-display-component---masterPtm--smartFilterBar-btnBasicSearch","interaction":{"idSuffix":"I"}},"clearTextFirst":true,"interactionType":"ENTER_TEXT"}]}
COMMAND: POST /session/86a389c01bc54833c1d480b3c129d65f/actions - {"actions":[{"id":"action11","type":"key","parameters":{},"actions":[{"type":"keyDown","value":"î€‡"},{"type":"pause","duration":10},{"type":"keyUp","value":"î€‡"}]}]}
RESULT: {"actions":[{"id":"action11","type":"key","parameters":{},"actions":[{"type":"keyDown","value":"î€‡"},{"type":"pause","duration":10},{"type":"keyUp","value":"î€‡"}]}]}
COMMAND: GET /session/86a389c01bc54833c1d480b3c129d65f/screenshot - {}
RESULT: {}
COMMAND: POST /session/86a389c01bc54833c1d480b3c129d65f/elements - {"using":"xpath","value":"//table[contains(@id, \"customPartnersTable-listUl\")]/tbody/tr"}
RESULT: {"using":"xpath","value":"//table[contains(@id, \"customPartnersTable-listUl\")]/tbody/tr"}
COMMAND: POST /session/86a389c01bc54833c1d480b3c129d65f/element - {"using":"xpath","value":"//table[contains(@id, \"customPartnersTable-listUl\")]/tbody/tr[1]/td[3]/span"}
RESULT: {"using":"xpath","value":"//table[contains(@id, \"customPartnersTable-listUl\")]/tbody/tr[1]/td[3]/span"}
COMMAND: POST /session/86a389c01bc54833c1d480b3c129d65f/elements - {"using":"xpath","value":"//table[contains(@id, \"customPartnersTable-listUl\")]/tbody/tr[1]/td[3]/span"}
RESULT: {"using":"xpath","value":"//table[contains(@id, \"customPartnersTable-listUl\")]/tbody/tr[1]/td[3]/span"}
COMMAND: POST /session/86a389c01bc54833c1d480b3c129d65f/execute/sync - {"script":"<script> [56 bytes]","args":[{"element-6066-11e4-a52e-4f735466cecf":"f.89CEFFE823C31142EA3CFD6CAFD84276.d.BDE97EC782DC4B55EB2C77FE1DE2A5C7.e.4145","ELEMENT":"f.89CEFFE823C31142EA3CFD6CAFD84276.d.BDE97EC782DC4B55EB2C77FE1DE2A5C7.e.4145"}]}
RESULT: {"script":"<script> [56 bytes]","args":[{"element-6066-11e4-a52e-4f735466cecf":"f.89CEFFE823C31142EA3CFD6CAFD84276.d.BDE97EC782DC4B55EB2C77FE1DE2A5C7.e.4145","ELEMENT":"f.89CEFFE823C31142EA3CFD6CAFD84276.d.BDE97EC782DC4B55EB2C77FE1DE2A5C7.e.4145"}]}
COMMAND: POST /session/86a389c01bc54833c1d480b3c129d65f/element - {"using":"xpath","value":"(//span[contains(@id, \"imgNav\")])[1]"}
COMMAND: GET /session/86a389c01bc54833c1d480b3c129d65f/screenshot - {}
RESULT: {"using":"xpath","value":"(//span[contains(@id, \"imgNav\")])[1]"}
COMMAND: POST /session/86a389c01bc54833c1d480b3c129d65f/element/f.89CEFFE823C31142EA3CFD6CAFD84276.d.BDE97EC782DC4B55EB2C77FE1DE2A5C7.e.4142/click - {}
RESULT: {}
RESULT: {}
COMMAND: GET /session/86a389c01bc54833c1d480b3c129d65f/screenshot - {}
RESULT: {}
COMMAND: POST /session/86a389c01bc54833c1d480b3c129d65f/element - {"using":"xpath","value":"//bdi[contains(text(), \"Edit\")]"}
RESULT: {"using":"xpath","value":"//bdi[contains(text(), \"Edit\")]"}
COMMAND: POST /session/86a389c01bc54833c1d480b3c129d65f/element/f.89CEFFE823C31142EA3CFD6CAFD84276.d.BDE97EC782DC4B55EB2C77FE1DE2A5C7.e.4289/click - {}
RESULT: {}
COMMAND: GET /session/86a389c01bc54833c1d480b3c129d65f/screenshot - {}
RESULT: {}
COMMAND: POST /session/86a389c01bc54833c1d480b3c129d65f/execute/async - {"script":"<script> [1562 bytes]","args":[{"selector":{"controlType":"sap.m.Input","viewName":"etm.portal.ui.managepartners.view.EditDetail","labelFor":{"text":"Name"},"interaction":{"idSuffix":"inner"}},"wdio_ui5_key":"etmportal.ui.managepartners.view.EditDetailsap.m.Input{\"text\":\"Name\"}"}]}
RESULT: {"script":"<script> [1562 bytes]","args":[{"selector":{"controlType":"sap.m.Input","viewName":"etm.portal.ui.managepartners.view.EditDetail","labelFor":{"text":"Name"},"interaction":{"idSuffix":"inner"}},"wdio_ui5_key":"etmportal.ui.managepartners.view.EditDetailsap.m.Input{\"text\":\"Name\"}"}]}
RESULT: undefined
COMMAND: POST /session/86a389c01bc54833c1d480b3c129d65f/execute/async - {"script":"<script> [776 bytes]","args":[{"enterText":"Intercompany EDIT","selector":{"controlType":"sap.m.Input","viewName":"etm.portal.ui.managepartners.view.EditDetail","labelFor":{"text":"Name"},"interaction":{"idSuffix":"inner"}},"clearTextFirst":true,"interactionType":"ENTER_TEXT"}]}
RESULT: {"script":"<script> [776 bytes]","args":[{"enterText":"Intercompany EDIT","selector":{"controlType":"sap.m.Input","viewName":"etm.portal.ui.managepartners.view.EditDetail","labelFor":{"text":"Name"},"interaction":{"idSuffix":"inner"}},"clearTextFirst":true,"interactionType":"ENTER_TEXT"}]}
COMMAND: POST /session/86a389c01bc54833c1d480b3c129d65f/element - {"using":"xpath","value":"(//span[contains(@id,\"addressDetailDetailsLanguage-arrow\")])[1]"}
RESULT: {"using":"xpath","value":"(//span[contains(@id,\"addressDetailDetailsLanguage-arrow\")])[1]"}
COMMAND: POST /session/86a389c01bc54833c1d480b3c129d65f/element/f.89CEFFE823C31142EA3CFD6CAFD84276.d.BDE97EC782DC4B55EB2C77FE1DE2A5C7.e.4373/click - {}
RESULT: {}
COMMAND: POST /session/86a389c01bc54833c1d480b3c129d65f/element - {"using":"xpath","value":"//span[contains(text(), \"Chinese\")]"}
COMMAND: GET /session/86a389c01bc54833c1d480b3c129d65f/screenshot - {}
RESULT: {}
RESULT: {"using":"xpath","value":"//span[contains(text(), \"Chinese\")]"}
COMMAND: POST /session/86a389c01bc54833c1d480b3c129d65f/element/f.89CEFFE823C31142EA3CFD6CAFD84276.d.BDE97EC782DC4B55EB2C77FE1DE2A5C7.e.4374/click - {}
RESULT: {}
COMMAND: GET /session/86a389c01bc54833c1d480b3c129d65f/screenshot - {}
RESULT: {}
COMMAND: POST /session/86a389c01bc54833c1d480b3c129d65f/execute/async - {"script":"<script> [1562 bytes]","args":[{"selector":{"controlType":"sap.m.Input","viewName":"etm.portal.ui.managepartners.view.EditDetail","labelFor":{"text":"City"},"interaction":{"idSuffix":"inner"}},"wdio_ui5_key":"etmportal.ui.managepartners.view.EditDetailsap.m.Input{\"text\":\"City\"}"}]}
RESULT: {"script":"<script> [1562 bytes]","args":[{"selector":{"controlType":"sap.m.Input","viewName":"etm.portal.ui.managepartners.view.EditDetail","labelFor":{"text":"City"},"interaction":{"idSuffix":"inner"}},"wdio_ui5_key":"etmportal.ui.managepartners.view.EditDetailsap.m.Input{\"text\":\"City\"}"}]}
RESULT: undefined
COMMAND: POST /session/86a389c01bc54833c1d480b3c129d65f/execute/async - {"script":"<script> [776 bytes]","args":[{"enterText":"Clooj-Napoca","selector":{"controlType":"sap.m.Input","viewName":"etm.portal.ui.managepartners.view.EditDetail","labelFor":{"text":"City"},"interaction":{"idSuffix":"inner"}},"clearTextFirst":true,"interactionType":"ENTER_TEXT"}]}
RESULT: {"script":"<script> [776 bytes]","args":[{"enterText":"Clooj-Napoca","selector":{"controlType":"sap.m.Input","viewName":"etm.portal.ui.managepartners.view.EditDetail","labelFor":{"text":"City"},"interaction":{"idSuffix":"inner"}},"clearTextFirst":true,"interactionType":"ENTER_TEXT"}]}
COMMAND: POST /session/86a389c01bc54833c1d480b3c129d65f/element - {"using":"xpath","value":"//button[@data-kt=\"saveButton\"]"}
RESULT: {"using":"xpath","value":"//button[@data-kt=\"saveButton\"]"}
COMMAND: POST /session/86a389c01bc54833c1d480b3c129d65f/element/f.89CEFFE823C31142EA3CFD6CAFD84276.d.BDE97EC782DC4B55EB2C77FE1DE2A5C7.e.4352/click - {}
RESULT: {}
COMMAND: GET /session/86a389c01bc54833c1d480b3c129d65f/screenshot - {}
RESULT: {}
COMMAND: POST /session/86a389c01bc54833c1d480b3c129d65f/execute/async - {"script":"<script> [1562 bytes]","args":[{"selector":{"id":"application-managepartners-display-component---detailPtm--addressDetailDetailsName1"},"wdio_ui5_key":"applicationmanagepartners-display-component---detailPtm--addressDetailDetailsName1"}]}
RESULT: {"script":"<script> [1562 bytes]","args":[{"selector":{"id":"application-managepartners-display-component---detailPtm--addressDetailDetailsName1"},"wdio_ui5_key":"applicationmanagepartners-display-component---detailPtm--addressDetailDetailsName1"}]}
RESULT: undefined
COMMAND: POST /session/86a389c01bc54833c1d480b3c129d65f/execute/async - {"script":"<script> [6424 bytes]","args":[{"element-6066-11e4-a52e-4f735466cecf":"f.89CEFFE823C31142EA3CFD6CAFD84276.d.BDE97EC782DC4B55EB2C77FE1DE2A5C7.e.4405"},"getValue",[]]}
RESULT: {"script":"<script> [6424 bytes]","args":[{"element-6066-11e4-a52e-4f735466cecf":"f.89CEFFE823C31142EA3CFD6CAFD84276.d.BDE97EC782DC4B55EB2C77FE1DE2A5C7.e.4405"},"getValue",[]]}
COMMAND: POST /session/86a389c01bc54833c1d480b3c129d65f/element - {"using":"xpath","value":"//input[@id = \"application-managepartners-display-component---detailPtm--addressDetailDetailsLanguage-inner\"]"}
RESULT: {"using":"xpath","value":"//input[@id = \"application-managepartners-display-component---detailPtm--addressDetailDetailsLanguage-inner\"]"}
COMMAND: GET /session/86a389c01bc54833c1d480b3c129d65f/element/f.89CEFFE823C31142EA3CFD6CAFD84276.d.BDE97EC782DC4B55EB2C77FE1DE2A5C7.e.4406/property/value - {}
RESULT: {}
COMMAND: POST /session/86a389c01bc54833c1d480b3c129d65f/execute/async - {"script":"<script> [1562 bytes]","args":[{"selector":{"id":"application-managepartners-display-component---detailPtm--addressDetailDetailsCity1"},"wdio_ui5_key":"applicationmanagepartners-display-component---detailPtm--addressDetailDetailsCity1"}]}
COMMAND: GET /session/86a389c01bc54833c1d480b3c129d65f/screenshot - {}
RESULT: {"script":"<script> [1562 bytes]","args":[{"selector":{"id":"application-managepartners-display-component---detailPtm--addressDetailDetailsCity1"},"wdio_ui5_key":"applicationmanagepartners-display-component---detailPtm--addressDetailDetailsCity1"}]}
RESULT: undefined
COMMAND: POST /session/86a389c01bc54833c1d480b3c129d65f/execute/async - {"script":"<script> [6424 bytes]","args":[{"element-6066-11e4-a52e-4f735466cecf":"f.89CEFFE823C31142EA3CFD6CAFD84276.d.BDE97EC782DC4B55EB2C77FE1DE2A5C7.e.4407"},"getValue",[]]}
RESULT: {}
RESULT: {"script":"<script> [6424 bytes]","args":[{"element-6066-11e4-a52e-4f735466cecf":"f.89CEFFE823C31142EA3CFD6CAFD84276.d.BDE97EC782DC4B55EB2C77FE1DE2A5C7.e.4407"},"getValue",[]]}
COMMAND: POST /session/86a389c01bc54833c1d480b3c129d65f/element - {"using":"css selector","value":"#shell-header-logo"}
RESULT: {"using":"css selector","value":"#shell-header-logo"}
COMMAND: POST /session/86a389c01bc54833c1d480b3c129d65f/element/f.89CEFFE823C31142EA3CFD6CAFD84276.d.BDE97EC782DC4B55EB2C77FE1DE2A5C7.e.3962/click - {}
RESULT: {}
COMMAND: GET /session/86a389c01bc54833c1d480b3c129d65f/screenshot - {}
RESULT: {}
]]></system-out>
    </testcase>
    <testcase classname="chrome.135_0_7049_96.windows.Partner_specific_tests_US150819_US151080_US151654_US151176_US103444_US151078_US151079_US151109_US151174_US151175_US151189" name="Should create a new intracompany partner edit some of its fields US151079" time="248.719">
      <system-out><![CDATA[
COMMAND: POST /session/86a389c01bc54833c1d480b3c129d65f/element - {"using":"xpath","value":"//li[.//span[text()=\"Manage Partners\"]]"}
RESULT: {"using":"xpath","value":"//li[.//span[text()=\"Manage Partners\"]]"}
COMMAND: POST /session/86a389c01bc54833c1d480b3c129d65f/element - {"using":"xpath","value":"//li[.//span[text()=\"Manage Partners\"]]"}
RESULT: {"using":"xpath","value":"//li[.//span[text()=\"Manage Partners\"]]"}
COMMAND: POST /session/86a389c01bc54833c1d480b3c129d65f/element - {"using":"css selector","value":"#shell-header-logo"}
RESULT: {"using":"css selector","value":"#shell-header-logo"}
COMMAND: POST /session/86a389c01bc54833c1d480b3c129d65f/element/f.89CEFFE823C31142EA3CFD6CAFD84276.d.BDE97EC782DC4B55EB2C77FE1DE2A5C7.e.4437/click - {}
COMMAND: POST /session/86a389c01bc54833c1d480b3c129d65f/execute/sync - {"script":"<script> [8489 bytes]","args":[{"element-6066-11e4-a52e-4f735466cecf":"f.89CEFFE823C31142EA3CFD6CAFD84276.d.BDE97EC782DC4B55EB2C77FE1DE2A5C7.e.4437","ELEMENT":"f.89CEFFE823C31142EA3CFD6CAFD84276.d.BDE97EC782DC4B55EB2C77FE1DE2A5C7.e.4437"}]}
RESULT: {}
COMMAND: GET /session/86a389c01bc54833c1d480b3c129d65f/screenshot - {}
RESULT: {"script":"<script> [8489 bytes]","args":[{"element-6066-11e4-a52e-4f735466cecf":"f.89CEFFE823C31142EA3CFD6CAFD84276.d.BDE97EC782DC4B55EB2C77FE1DE2A5C7.e.4437","ELEMENT":"f.89CEFFE823C31142EA3CFD6CAFD84276.d.BDE97EC782DC4B55EB2C77FE1DE2A5C7.e.4437"}]}
COMMAND: POST /session/86a389c01bc54833c1d480b3c129d65f/execute/sync - {"script":"<script> [5351 bytes]","args":[{"element-6066-11e4-a52e-4f735466cecf":"f.89CEFFE823C31142EA3CFD6CAFD84276.d.BDE97EC782DC4B55EB2C77FE1DE2A5C7.e.4437","ELEMENT":"f.89CEFFE823C31142EA3CFD6CAFD84276.d.BDE97EC782DC4B55EB2C77FE1DE2A5C7.e.4437"}]}
COMMAND: GET /session/86a389c01bc54833c1d480b3c129d65f/screenshot - {}
RESULT: {}
RESULT: {"script":"<script> [5351 bytes]","args":[{"element-6066-11e4-a52e-4f735466cecf":"f.89CEFFE823C31142EA3CFD6CAFD84276.d.BDE97EC782DC4B55EB2C77FE1DE2A5C7.e.4437","ELEMENT":"f.89CEFFE823C31142EA3CFD6CAFD84276.d.BDE97EC782DC4B55EB2C77FE1DE2A5C7.e.4437"}]}
COMMAND: GET /session/86a389c01bc54833c1d480b3c129d65f/screenshot - {}
RESULT: {}
RESULT: {}
COMMAND: POST /session/86a389c01bc54833c1d480b3c129d65f/refresh - {}
RESULT: {}
COMMAND: GET /session/86a389c01bc54833c1d480b3c129d65f/screenshot - {}
RESULT: {}
COMMAND: POST /session/86a389c01bc54833c1d480b3c129d65f/refresh - {}
RESULT: {}
COMMAND: GET /session/86a389c01bc54833c1d480b3c129d65f/screenshot - {}
RESULT: {}
COMMAND: POST /session/86a389c01bc54833c1d480b3c129d65f/window/fullscreen - {}
RESULT: {}
COMMAND: POST /session/86a389c01bc54833c1d480b3c129d65f/execute/async - {"script":"<script> [189 bytes]","args":[]}
RESULT: {"script":"<script> [189 bytes]","args":[]}
COMMAND: POST /session/86a389c01bc54833c1d480b3c129d65f/execute/async - {"script":"<script> [123 bytes]","args":[]}
RESULT: {"script":"<script> [123 bytes]","args":[]}
COMMAND: POST /session/86a389c01bc54833c1d480b3c129d65f/timeouts - {"script":"<number>"}
RESULT: {"script":"<number>"}
COMMAND: GET /session/86a389c01bc54833c1d480b3c129d65f/timeouts - {}
RESULT: {}
RESULT: undefined
COMMAND: POST /session/86a389c01bc54833c1d480b3c129d65f/execute/async - {"script":"<script> [2676 bytes]","args":[]}
RESULT: {"script":"<script> [2676 bytes]","args":[]}
COMMAND: POST /session/86a389c01bc54833c1d480b3c129d65f/execute/async - {"script":"<script> [2342 bytes]","args":[{"protocol":"http","hostname":"0.0.0.0","path":"/","capabilities":{"browserName":"chrome","goog:chromeOptions":{"binary":"C:\\Program Files\\Google\\Chrome\\Application\\chrome.exe","args":["--start-maximized"]}},"logLevel":"warn","connectionRetryTimeout":120000,"connectionRetryCount":3,"logLevels":{},"enableDirectConnect":true,"strictSSL":true,"_":"65 more keys: [\"cacheDir\",\"port\",\"requestedCapabilities\",\"automationProtocol\",\"baseUrl\",\"waitforInterval\",\"waitforTimeout\",\"onReload\",\"beforeCommand\",\"afterCommand\",\"rootDir\",\"specs\",\"suites\",\"exclude\",\"groupLogsByTestSpec\",\"excludeDriverLogs\",\"bail\",\"framework\",\"reporters\",\"services\",\"maxInstances\",\"maxInstancesPerCapability\",\"injectGlobals\",\"filesToWatch\",\"execArgv\",\"runnerEnv\",\"runner\",\"shard\",\"specFileRetries\",\"specFileRetriesDelay\",\"specFileRetriesDeferred\",\"reporterSyncInterval\",\"reporterSyncTimeout\",\"cucumberFeaturesWithLineNumbers\",\"autoCompileOpts\",\"mochaOpts\",\"jasmineOpts\",\"cucumberOpts\",\"onPrepare\",\"onWorkerStart\",\"onWorkerEnd\",\"before\",\"beforeSession\",\"beforeSuite\",\"beforeHook\",\"beforeTest\",\"afterTest\",\"afterHook\",\"afterSuite\",\"afterSession\",\"after\",\"onComplete\",\"beforeAssertion\",\"afterAssertion\",\"beforeFeature\",\"beforeScenario\",\"beforeStep\",\"afterStep\",\"afterScenario\",\"afterFeature\",\"_\",\"suite\",\"$0\",\"ignoredWorkerServices\",\"wdi5\"]"}]}
RESULT: {"script":"<script> [2342 bytes]","args":[{"protocol":"http","hostname":"0.0.0.0","path":"/","capabilities":{"browserName":"chrome","goog:chromeOptions":{"binary":"C:\\Program Files\\Google\\Chrome\\Application\\chrome.exe","args":["--start-maximized"]}},"logLevel":"warn","connectionRetryTimeout":120000,"connectionRetryCount":3,"logLevels":{},"enableDirectConnect":true,"strictSSL":true,"_":"65 more keys: [\"cacheDir\",\"port\",\"requestedCapabilities\",\"automationProtocol\",\"baseUrl\",\"waitforInterval\",\"waitforTimeout\",\"onReload\",\"beforeCommand\",\"afterCommand\",\"rootDir\",\"specs\",\"suites\",\"exclude\",\"groupLogsByTestSpec\",\"excludeDriverLogs\",\"bail\",\"framework\",\"reporters\",\"services\",\"maxInstances\",\"maxInstancesPerCapability\",\"injectGlobals\",\"filesToWatch\",\"execArgv\",\"runnerEnv\",\"runner\",\"shard\",\"specFileRetries\",\"specFileRetriesDelay\",\"specFileRetriesDeferred\",\"reporterSyncInterval\",\"reporterSyncTimeout\",\"cucumberFeaturesWithLineNumbers\",\"autoCompileOpts\",\"mochaOpts\",\"jasmineOpts\",\"cucumberOpts\",\"onPrepare\",\"onWorkerStart\",\"onWorkerEnd\",\"before\",\"beforeSession\",\"beforeSuite\",\"beforeHook\",\"beforeTest\",\"afterTest\",\"afterHook\",\"afterSuite\",\"afterSession\",\"after\",\"onComplete\",\"beforeAssertion\",\"afterAssertion\",\"beforeFeature\",\"beforeScenario\",\"beforeStep\",\"afterStep\",\"afterScenario\",\"afterFeature\",\"_\",\"suite\",\"$0\",\"ignoredWorkerServices\",\"wdi5\"]"}]}
COMMAND: POST /session/86a389c01bc54833c1d480b3c129d65f/execute/async - {"script":"<script> [21126 bytes]","args":[35000]}
RESULT: {"script":"<script> [21126 bytes]","args":[35000]}
COMMAND: POST /session/86a389c01bc54833c1d480b3c129d65f/window/fullscreen - {}
RESULT: {}
COMMAND: POST /session/86a389c01bc54833c1d480b3c129d65f/window/fullscreen - {}
RESULT: {}
COMMAND: POST /session/86a389c01bc54833c1d480b3c129d65f/execute/async - {"script":"<script> [1562 bytes]","args":[{"selector":{"controlType":"sap.m.GenericTile","properties":{"header":"Manage Partners"}},"wdio_ui5_key":"sapm.GenericTile{\"header\":\"Manage Partners\"}"}]}
RESULT: {"script":"<script> [1562 bytes]","args":[{"selector":{"controlType":"sap.m.GenericTile","properties":{"header":"Manage Partners"}},"wdio_ui5_key":"sapm.GenericTile{\"header\":\"Manage Partners\"}"}]}
RESULT: undefined
COMMAND: POST /session/86a389c01bc54833c1d480b3c129d65f/element - {"using":"xpath","value":"//*[@id=\"__tile30\"]"}
RESULT: {"using":"xpath","value":"//*[@id=\"__tile30\"]"}
COMMAND: POST /session/86a389c01bc54833c1d480b3c129d65f/element/f.89CEFFE823C31142EA3CFD6CAFD84276.d.0776C25FB1E96F8E148DF02D3215ACBA.e.4502/click - {}
RESULT: {}
COMMAND: POST /session/86a389c01bc54833c1d480b3c129d65f/element - {"using":"xpath","value":"//button[@data-kt=\"addButton\"]"}
COMMAND: GET /session/86a389c01bc54833c1d480b3c129d65f/screenshot - {}
RESULT: {"using":"xpath","value":"//button[@data-kt=\"addButton\"]"}
COMMAND: POST /session/86a389c01bc54833c1d480b3c129d65f/elements - {"using":"xpath","value":"//button[@data-kt=\"addButton\"]"}
RESULT: {}
RESULT: {"using":"xpath","value":"//button[@data-kt=\"addButton\"]"}
COMMAND: POST /session/86a389c01bc54833c1d480b3c129d65f/elements - {"using":"xpath","value":"//button[@data-kt=\"addButton\"]"}
RESULT: {"using":"xpath","value":"//button[@data-kt=\"addButton\"]"}
COMMAND: POST /session/86a389c01bc54833c1d480b3c129d65f/elements - {"using":"xpath","value":"//button[@data-kt=\"addButton\"]"}
RESULT: {"using":"xpath","value":"//button[@data-kt=\"addButton\"]"}
COMMAND: POST /session/86a389c01bc54833c1d480b3c129d65f/elements - {"using":"xpath","value":"//button[@data-kt=\"addButton\"]"}
RESULT: {"using":"xpath","value":"//button[@data-kt=\"addButton\"]"}
COMMAND: POST /session/86a389c01bc54833c1d480b3c129d65f/elements - {"using":"xpath","value":"//button[@data-kt=\"addButton\"]"}
RESULT: {"using":"xpath","value":"//button[@data-kt=\"addButton\"]"}
COMMAND: POST /session/86a389c01bc54833c1d480b3c129d65f/elements - {"using":"xpath","value":"//button[@data-kt=\"addButton\"]"}
RESULT: {"using":"xpath","value":"//button[@data-kt=\"addButton\"]"}
COMMAND: POST /session/86a389c01bc54833c1d480b3c129d65f/elements - {"using":"xpath","value":"//button[@data-kt=\"addButton\"]"}
RESULT: {"using":"xpath","value":"//button[@data-kt=\"addButton\"]"}
COMMAND: POST /session/86a389c01bc54833c1d480b3c129d65f/elements - {"using":"xpath","value":"//button[@data-kt=\"addButton\"]"}
RESULT: {"using":"xpath","value":"//button[@data-kt=\"addButton\"]"}
COMMAND: POST /session/86a389c01bc54833c1d480b3c129d65f/elements - {"using":"xpath","value":"//button[@data-kt=\"addButton\"]"}
RESULT: {"using":"xpath","value":"//button[@data-kt=\"addButton\"]"}
COMMAND: POST /session/86a389c01bc54833c1d480b3c129d65f/elements - {"using":"xpath","value":"//button[@data-kt=\"addButton\"]"}
RESULT: {"using":"xpath","value":"//button[@data-kt=\"addButton\"]"}
COMMAND: POST /session/86a389c01bc54833c1d480b3c129d65f/elements - {"using":"xpath","value":"//button[@data-kt=\"addButton\"]"}
RESULT: {"using":"xpath","value":"//button[@data-kt=\"addButton\"]"}
COMMAND: POST /session/86a389c01bc54833c1d480b3c129d65f/elements - {"using":"xpath","value":"//button[@data-kt=\"addButton\"]"}
RESULT: {"using":"xpath","value":"//button[@data-kt=\"addButton\"]"}
COMMAND: POST /session/86a389c01bc54833c1d480b3c129d65f/elements - {"using":"xpath","value":"//button[@data-kt=\"addButton\"]"}
RESULT: {"using":"xpath","value":"//button[@data-kt=\"addButton\"]"}
COMMAND: POST /session/86a389c01bc54833c1d480b3c129d65f/elements - {"using":"xpath","value":"//button[@data-kt=\"addButton\"]"}
RESULT: {"using":"xpath","value":"//button[@data-kt=\"addButton\"]"}
COMMAND: POST /session/86a389c01bc54833c1d480b3c129d65f/elements - {"using":"xpath","value":"//button[@data-kt=\"addButton\"]"}
RESULT: {"using":"xpath","value":"//button[@data-kt=\"addButton\"]"}
COMMAND: POST /session/86a389c01bc54833c1d480b3c129d65f/elements - {"using":"xpath","value":"//button[@data-kt=\"addButton\"]"}
RESULT: {"using":"xpath","value":"//button[@data-kt=\"addButton\"]"}
COMMAND: POST /session/86a389c01bc54833c1d480b3c129d65f/elements - {"using":"xpath","value":"//button[@data-kt=\"addButton\"]"}
RESULT: {"using":"xpath","value":"//button[@data-kt=\"addButton\"]"}
COMMAND: POST /session/86a389c01bc54833c1d480b3c129d65f/elements - {"using":"xpath","value":"//button[@data-kt=\"addButton\"]"}
RESULT: {"using":"xpath","value":"//button[@data-kt=\"addButton\"]"}
COMMAND: POST /session/86a389c01bc54833c1d480b3c129d65f/elements - {"using":"xpath","value":"//button[@data-kt=\"addButton\"]"}
RESULT: {"using":"xpath","value":"//button[@data-kt=\"addButton\"]"}
COMMAND: POST /session/86a389c01bc54833c1d480b3c129d65f/elements - {"using":"xpath","value":"//button[@data-kt=\"addButton\"]"}
RESULT: {"using":"xpath","value":"//button[@data-kt=\"addButton\"]"}
COMMAND: POST /session/86a389c01bc54833c1d480b3c129d65f/elements - {"using":"xpath","value":"//button[@data-kt=\"addButton\"]"}
RESULT: {"using":"xpath","value":"//button[@data-kt=\"addButton\"]"}
COMMAND: POST /session/86a389c01bc54833c1d480b3c129d65f/elements - {"using":"xpath","value":"//button[@data-kt=\"addButton\"]"}
RESULT: {"using":"xpath","value":"//button[@data-kt=\"addButton\"]"}
COMMAND: POST /session/86a389c01bc54833c1d480b3c129d65f/elements - {"using":"xpath","value":"//button[@data-kt=\"addButton\"]"}
RESULT: {"using":"xpath","value":"//button[@data-kt=\"addButton\"]"}
COMMAND: POST /session/86a389c01bc54833c1d480b3c129d65f/element - {"using":"xpath","value":"//button[@data-kt=\"addButton\"]"}
RESULT: {"using":"xpath","value":"//button[@data-kt=\"addButton\"]"}
COMMAND: POST /session/86a389c01bc54833c1d480b3c129d65f/execute/sync - {"script":"<script> [8489 bytes]","args":[{"element-6066-11e4-a52e-4f735466cecf":"f.89CEFFE823C31142EA3CFD6CAFD84276.d.0776C25FB1E96F8E148DF02D3215ACBA.e.4628","ELEMENT":"f.89CEFFE823C31142EA3CFD6CAFD84276.d.0776C25FB1E96F8E148DF02D3215ACBA.e.4628"}]}
RESULT: {"script":"<script> [8489 bytes]","args":[{"element-6066-11e4-a52e-4f735466cecf":"f.89CEFFE823C31142EA3CFD6CAFD84276.d.0776C25FB1E96F8E148DF02D3215ACBA.e.4628","ELEMENT":"f.89CEFFE823C31142EA3CFD6CAFD84276.d.0776C25FB1E96F8E148DF02D3215ACBA.e.4628"}]}
COMMAND: GET /session/86a389c01bc54833c1d480b3c129d65f/element/f.89CEFFE823C31142EA3CFD6CAFD84276.d.0776C25FB1E96F8E148DF02D3215ACBA.e.4628/enabled - {}
RESULT: {}
COMMAND: POST /session/86a389c01bc54833c1d480b3c129d65f/execute/sync - {"script":"<script> [8489 bytes]","args":[{"element-6066-11e4-a52e-4f735466cecf":"f.89CEFFE823C31142EA3CFD6CAFD84276.d.0776C25FB1E96F8E148DF02D3215ACBA.e.4628","ELEMENT":"f.89CEFFE823C31142EA3CFD6CAFD84276.d.0776C25FB1E96F8E148DF02D3215ACBA.e.4628"}]}
RESULT: {"script":"<script> [8489 bytes]","args":[{"element-6066-11e4-a52e-4f735466cecf":"f.89CEFFE823C31142EA3CFD6CAFD84276.d.0776C25FB1E96F8E148DF02D3215ACBA.e.4628","ELEMENT":"f.89CEFFE823C31142EA3CFD6CAFD84276.d.0776C25FB1E96F8E148DF02D3215ACBA.e.4628"}]}
COMMAND: POST /session/86a389c01bc54833c1d480b3c129d65f/execute/sync - {"script":"<script> [5351 bytes]","args":[{"element-6066-11e4-a52e-4f735466cecf":"f.89CEFFE823C31142EA3CFD6CAFD84276.d.0776C25FB1E96F8E148DF02D3215ACBA.e.4628","ELEMENT":"f.89CEFFE823C31142EA3CFD6CAFD84276.d.0776C25FB1E96F8E148DF02D3215ACBA.e.4628"}]}
RESULT: {"script":"<script> [5351 bytes]","args":[{"element-6066-11e4-a52e-4f735466cecf":"f.89CEFFE823C31142EA3CFD6CAFD84276.d.0776C25FB1E96F8E148DF02D3215ACBA.e.4628","ELEMENT":"f.89CEFFE823C31142EA3CFD6CAFD84276.d.0776C25FB1E96F8E148DF02D3215ACBA.e.4628"}]}
COMMAND: POST /session/86a389c01bc54833c1d480b3c129d65f/element/f.89CEFFE823C31142EA3CFD6CAFD84276.d.0776C25FB1E96F8E148DF02D3215ACBA.e.4628/click - {}
COMMAND: GET /session/86a389c01bc54833c1d480b3c129d65f/screenshot - {}
COMMAND: GET /session/86a389c01bc54833c1d480b3c129d65f/screenshot - {}
COMMAND: GET /session/86a389c01bc54833c1d480b3c129d65f/screenshot - {}
COMMAND: GET /session/86a389c01bc54833c1d480b3c129d65f/screenshot - {}
RESULT: {}
COMMAND: GET /session/86a389c01bc54833c1d480b3c129d65f/screenshot - {}
COMMAND: POST /session/86a389c01bc54833c1d480b3c129d65f/execute/async - {"script":"<script> [1562 bytes]","args":[{"selector":{"id":"application-managepartners-display-component---NewPartner--addressDetailDetailsName1","interaction":{"idSuffix":"inner"}},"wdio_ui5_key":"applicationmanagepartners-display-component---NewPartner--addressDetailDetailsName1"}]}
RESULT: {}
RESULT: {}
RESULT: {}
RESULT: {}
RESULT: {}
RESULT: {"script":"<script> [1562 bytes]","args":[{"selector":{"id":"application-managepartners-display-component---NewPartner--addressDetailDetailsName1","interaction":{"idSuffix":"inner"}},"wdio_ui5_key":"applicationmanagepartners-display-component---NewPartner--addressDetailDetailsName1"}]}
RESULT: undefined
COMMAND: POST /session/86a389c01bc54833c1d480b3c129d65f/execute/async - {"script":"<script> [776 bytes]","args":[{"enterText":"Intracompany Partner WDIO","selector":{"id":"application-managepartners-display-component---NewPartner--addressDetailDetailsName1","interaction":{"idSuffix":"inner"}},"clearTextFirst":true,"interactionType":"ENTER_TEXT"}]}
RESULT: {"script":"<script> [776 bytes]","args":[{"enterText":"Intracompany Partner WDIO","selector":{"id":"application-managepartners-display-component---NewPartner--addressDetailDetailsName1","interaction":{"idSuffix":"inner"}},"clearTextFirst":true,"interactionType":"ENTER_TEXT"}]}
COMMAND: POST /session/86a389c01bc54833c1d480b3c129d65f/execute/async - {"script":"<script> [1562 bytes]","args":[{"selector":{"id":"application-managepartners-display-component---NewPartner--addressDetailDetailsLanguage-arrow"},"wdio_ui5_key":"applicationmanagepartners-display-component---NewPartner--addressDetailDetailsLanguage-arrow"}]}
RESULT: {"script":"<script> [1562 bytes]","args":[{"selector":{"id":"application-managepartners-display-component---NewPartner--addressDetailDetailsLanguage-arrow"},"wdio_ui5_key":"applicationmanagepartners-display-component---NewPartner--addressDetailDetailsLanguage-arrow"}]}
RESULT: undefined
COMMAND: POST /session/86a389c01bc54833c1d480b3c129d65f/element - {"using":"xpath","value":"//*[@id=\"application-managepartners-display-component---NewPartner--addressDetailDetailsLanguage-arrow\"]"}
RESULT: {"using":"xpath","value":"//*[@id=\"application-managepartners-display-component---NewPartner--addressDetailDetailsLanguage-arrow\"]"}
COMMAND: POST /session/86a389c01bc54833c1d480b3c129d65f/element/f.89CEFFE823C31142EA3CFD6CAFD84276.d.0776C25FB1E96F8E148DF02D3215ACBA.e.5061/click - {}
RESULT: {}
COMMAND: POST /session/86a389c01bc54833c1d480b3c129d65f/element - {"using":"xpath","value":"//span[contains(text(), \"English\")]"}
COMMAND: GET /session/86a389c01bc54833c1d480b3c129d65f/screenshot - {}
RESULT: {"using":"xpath","value":"//span[contains(text(), \"English\")]"}
COMMAND: POST /session/86a389c01bc54833c1d480b3c129d65f/element/f.89CEFFE823C31142EA3CFD6CAFD84276.d.0776C25FB1E96F8E148DF02D3215ACBA.e.5062/click - {}
RESULT: {}
RESULT: {}
COMMAND: GET /session/86a389c01bc54833c1d480b3c129d65f/screenshot - {}
RESULT: {}
COMMAND: POST /session/86a389c01bc54833c1d480b3c129d65f/execute/async - {"script":"<script> [1562 bytes]","args":[{"selector":{"id":"application-managepartners-display-component---NewPartner--addressDetailDetailsCity1","interaction":{"idSuffix":"inner"}},"wdio_ui5_key":"applicationmanagepartners-display-component---NewPartner--addressDetailDetailsCity1"}]}
RESULT: {"script":"<script> [1562 bytes]","args":[{"selector":{"id":"application-managepartners-display-component---NewPartner--addressDetailDetailsCity1","interaction":{"idSuffix":"inner"}},"wdio_ui5_key":"applicationmanagepartners-display-component---NewPartner--addressDetailDetailsCity1"}]}
RESULT: undefined
COMMAND: POST /session/86a389c01bc54833c1d480b3c129d65f/execute/async - {"script":"<script> [776 bytes]","args":[{"enterText":"Rosario","selector":{"id":"application-managepartners-display-component---NewPartner--addressDetailDetailsCity1","interaction":{"idSuffix":"inner"}},"clearTextFirst":true,"interactionType":"ENTER_TEXT"}]}
RESULT: {"script":"<script> [776 bytes]","args":[{"enterText":"Rosario","selector":{"id":"application-managepartners-display-component---NewPartner--addressDetailDetailsCity1","interaction":{"idSuffix":"inner"}},"clearTextFirst":true,"interactionType":"ENTER_TEXT"}]}
COMMAND: POST /session/86a389c01bc54833c1d480b3c129d65f/execute/async - {"script":"<script> [1562 bytes]","args":[{"selector":{"id":"application-managepartners-display-component---NewPartner--addressDetailDetailsCountry-arrow"},"wdio_ui5_key":"applicationmanagepartners-display-component---NewPartner--addressDetailDetailsCountry-arrow"}]}
RESULT: {"script":"<script> [1562 bytes]","args":[{"selector":{"id":"application-managepartners-display-component---NewPartner--addressDetailDetailsCountry-arrow"},"wdio_ui5_key":"applicationmanagepartners-display-component---NewPartner--addressDetailDetailsCountry-arrow"}]}
RESULT: undefined
COMMAND: POST /session/86a389c01bc54833c1d480b3c129d65f/element - {"using":"xpath","value":"//*[@id=\"application-managepartners-display-component---NewPartner--addressDetailDetailsCountry-arrow\"]"}
RESULT: {"using":"xpath","value":"//*[@id=\"application-managepartners-display-component---NewPartner--addressDetailDetailsCountry-arrow\"]"}
COMMAND: POST /session/86a389c01bc54833c1d480b3c129d65f/element/f.89CEFFE823C31142EA3CFD6CAFD84276.d.0776C25FB1E96F8E148DF02D3215ACBA.e.5018/click - {}
RESULT: {}
COMMAND: POST /session/86a389c01bc54833c1d480b3c129d65f/element - {"using":"xpath","value":"//span[contains(text(), \"Argentina\")]"}
COMMAND: GET /session/86a389c01bc54833c1d480b3c129d65f/screenshot - {}
RESULT: {"using":"xpath","value":"//span[contains(text(), \"Argentina\")]"}
COMMAND: POST /session/86a389c01bc54833c1d480b3c129d65f/element/f.89CEFFE823C31142EA3CFD6CAFD84276.d.0776C25FB1E96F8E148DF02D3215ACBA.e.5064/click - {}
RESULT: {}
RESULT: {}
COMMAND: GET /session/86a389c01bc54833c1d480b3c129d65f/screenshot - {}
RESULT: {}
COMMAND: POST /session/86a389c01bc54833c1d480b3c129d65f/element - {"using":"xpath","value":"//bdi[contains(text(), \"Commercial\")]"}
RESULT: {"using":"xpath","value":"//bdi[contains(text(), \"Commercial\")]"}
COMMAND: POST /session/86a389c01bc54833c1d480b3c129d65f/element/f.89CEFFE823C31142EA3CFD6CAFD84276.d.0776C25FB1E96F8E148DF02D3215ACBA.e.5065/click - {}
RESULT: {}
COMMAND: GET /session/86a389c01bc54833c1d480b3c129d65f/screenshot - {}
RESULT: {}
COMMAND: POST /session/86a389c01bc54833c1d480b3c129d65f/execute/async - {"script":"<script> [1562 bytes]","args":[{"selector":{"id":"application-managepartners-display-component---NewPartner--partnerDetailInternal-arrow"},"wdio_ui5_key":"applicationmanagepartners-display-component---NewPartner--partnerDetailInternal-arrow"}]}
RESULT: {"script":"<script> [1562 bytes]","args":[{"selector":{"id":"application-managepartners-display-component---NewPartner--partnerDetailInternal-arrow"},"wdio_ui5_key":"applicationmanagepartners-display-component---NewPartner--partnerDetailInternal-arrow"}]}
RESULT: undefined
COMMAND: POST /session/86a389c01bc54833c1d480b3c129d65f/element - {"using":"xpath","value":"//*[@id=\"application-managepartners-display-component---NewPartner--partnerDetailInternal-arrow\"]"}
RESULT: {"using":"xpath","value":"//*[@id=\"application-managepartners-display-component---NewPartner--partnerDetailInternal-arrow\"]"}
COMMAND: POST /session/86a389c01bc54833c1d480b3c129d65f/element/f.89CEFFE823C31142EA3CFD6CAFD84276.d.0776C25FB1E96F8E148DF02D3215ACBA.e.5071/click - {}
RESULT: {}
COMMAND: POST /session/86a389c01bc54833c1d480b3c129d65f/element - {"using":"xpath","value":"//span[contains(text(), \"Affiliated company\")]"}
COMMAND: GET /session/86a389c01bc54833c1d480b3c129d65f/screenshot - {}
RESULT: {"using":"xpath","value":"//span[contains(text(), \"Affiliated company\")]"}
COMMAND: POST /session/86a389c01bc54833c1d480b3c129d65f/element/f.89CEFFE823C31142EA3CFD6CAFD84276.d.0776C25FB1E96F8E148DF02D3215ACBA.e.5074/click - {}
RESULT: {}
RESULT: {}
COMMAND: POST /session/86a389c01bc54833c1d480b3c129d65f/execute/async - {"script":"<script> [1562 bytes]","args":[{"selector":{"id":"application-managepartners-display-component---NewPartner--partnerDetailsCurrency-arrow"},"wdio_ui5_key":"applicationmanagepartners-display-component---NewPartner--partnerDetailsCurrency-arrow"}]}
COMMAND: GET /session/86a389c01bc54833c1d480b3c129d65f/screenshot - {}
RESULT: {"script":"<script> [1562 bytes]","args":[{"selector":{"id":"application-managepartners-display-component---NewPartner--partnerDetailsCurrency-arrow"},"wdio_ui5_key":"applicationmanagepartners-display-component---NewPartner--partnerDetailsCurrency-arrow"}]}
RESULT: undefined
COMMAND: POST /session/86a389c01bc54833c1d480b3c129d65f/element - {"using":"xpath","value":"//*[@id=\"application-managepartners-display-component---NewPartner--partnerDetailsCurrency-arrow\"]"}
RESULT: {}
RESULT: {"using":"xpath","value":"//*[@id=\"application-managepartners-display-component---NewPartner--partnerDetailsCurrency-arrow\"]"}
COMMAND: POST /session/86a389c01bc54833c1d480b3c129d65f/element/f.89CEFFE823C31142EA3CFD6CAFD84276.d.0776C25FB1E96F8E148DF02D3215ACBA.e.5081/click - {}
RESULT: {}
COMMAND: POST /session/86a389c01bc54833c1d480b3c129d65f/element - {"using":"xpath","value":"//span[contains(text(), \"Euro\")]"}
COMMAND: GET /session/86a389c01bc54833c1d480b3c129d65f/screenshot - {}
RESULT: {"using":"xpath","value":"//span[contains(text(), \"Euro\")]"}
COMMAND: POST /session/86a389c01bc54833c1d480b3c129d65f/element/f.89CEFFE823C31142EA3CFD6CAFD84276.d.0776C25FB1E96F8E148DF02D3215ACBA.e.5082/click - {}
RESULT: {}
RESULT: {}
COMMAND: POST /session/86a389c01bc54833c1d480b3c129d65f/execute/async - {"script":"<script> [1562 bytes]","args":[{"selector":{"id":"application-managepartners-display-component---NewPartner--addressEditDetailsCostObjectCstType-arrow"},"wdio_ui5_key":"applicationmanagepartners-display-component---NewPartner--addressEditDetailsCostObjectCstType-arrow"}]}
COMMAND: GET /session/86a389c01bc54833c1d480b3c129d65f/screenshot - {}
RESULT: {"script":"<script> [1562 bytes]","args":[{"selector":{"id":"application-managepartners-display-component---NewPartner--addressEditDetailsCostObjectCstType-arrow"},"wdio_ui5_key":"applicationmanagepartners-display-component---NewPartner--addressEditDetailsCostObjectCstType-arrow"}]}
RESULT: undefined
COMMAND: POST /session/86a389c01bc54833c1d480b3c129d65f/element - {"using":"xpath","value":"//*[@id=\"application-managepartners-display-component---NewPartner--addressEditDetailsCostObjectCstType-arrow\"]"}
RESULT: {}
RESULT: {"using":"xpath","value":"//*[@id=\"application-managepartners-display-component---NewPartner--addressEditDetailsCostObjectCstType-arrow\"]"}
COMMAND: POST /session/86a389c01bc54833c1d480b3c129d65f/element/f.89CEFFE823C31142EA3CFD6CAFD84276.d.0776C25FB1E96F8E148DF02D3215ACBA.e.5083/click - {}
RESULT: {}
COMMAND: POST /session/86a389c01bc54833c1d480b3c129d65f/element - {"using":"xpath","value":"//span[contains(text(), \"Cost Center\")]"}
COMMAND: GET /session/86a389c01bc54833c1d480b3c129d65f/screenshot - {}
RESULT: {"using":"xpath","value":"//span[contains(text(), \"Cost Center\")]"}
COMMAND: POST /session/86a389c01bc54833c1d480b3c129d65f/element/f.89CEFFE823C31142EA3CFD6CAFD84276.d.0776C25FB1E96F8E148DF02D3215ACBA.e.5084/click - {}
RESULT: {}
RESULT: {}
COMMAND: GET /session/86a389c01bc54833c1d480b3c129d65f/screenshot - {}
RESULT: {}
COMMAND: POST /session/86a389c01bc54833c1d480b3c129d65f/element - {"using":"xpath","value":"//span[@id=\"application-managepartners-display-component---NewPartner--addressNewCostObjectCstID-vhi\"]"}
RESULT: {"using":"xpath","value":"//span[@id=\"application-managepartners-display-component---NewPartner--addressNewCostObjectCstID-vhi\"]"}
COMMAND: POST /session/86a389c01bc54833c1d480b3c129d65f/execute/sync - {"script":"<script> [8489 bytes]","args":[{"element-6066-11e4-a52e-4f735466cecf":"f.89CEFFE823C31142EA3CFD6CAFD84276.d.0776C25FB1E96F8E148DF02D3215ACBA.e.5088","ELEMENT":"f.89CEFFE823C31142EA3CFD6CAFD84276.d.0776C25FB1E96F8E148DF02D3215ACBA.e.5088"}]}
RESULT: {"script":"<script> [8489 bytes]","args":[{"element-6066-11e4-a52e-4f735466cecf":"f.89CEFFE823C31142EA3CFD6CAFD84276.d.0776C25FB1E96F8E148DF02D3215ACBA.e.5088","ELEMENT":"f.89CEFFE823C31142EA3CFD6CAFD84276.d.0776C25FB1E96F8E148DF02D3215ACBA.e.5088"}]}
COMMAND: POST /session/86a389c01bc54833c1d480b3c129d65f/execute/async - {"script":"<script> [1562 bytes]","args":[{"selector":{"id":"application-managepartners-display-component---NewPartner--addressNewCostObjectCstID-vhi"},"wdio_ui5_key":"applicationmanagepartners-display-component---NewPartner--addressNewCostObjectCstID-vhi"}]}
COMMAND: GET /session/86a389c01bc54833c1d480b3c129d65f/screenshot - {}
RESULT: {"script":"<script> [1562 bytes]","args":[{"selector":{"id":"application-managepartners-display-component---NewPartner--addressNewCostObjectCstID-vhi"},"wdio_ui5_key":"applicationmanagepartners-display-component---NewPartner--addressNewCostObjectCstID-vhi"}]}
RESULT: undefined
COMMAND: POST /session/86a389c01bc54833c1d480b3c129d65f/element - {"using":"xpath","value":"//*[@id=\"application-managepartners-display-component---NewPartner--addressNewCostObjectCstID-vhi\"]"}
RESULT: {}
RESULT: {"using":"xpath","value":"//*[@id=\"application-managepartners-display-component---NewPartner--addressNewCostObjectCstID-vhi\"]"}
COMMAND: POST /session/86a389c01bc54833c1d480b3c129d65f/element/f.89CEFFE823C31142EA3CFD6CAFD84276.d.0776C25FB1E96F8E148DF02D3215ACBA.e.5088/click - {}
RESULT: {}
COMMAND: GET /session/86a389c01bc54833c1d480b3c129d65f/screenshot - {}
RESULT: {}
COMMAND: POST /session/86a389c01bc54833c1d480b3c129d65f/execute/async - {"script":"<script> [1562 bytes]","args":[{"selector":{"controlType":"sap.m.SearchField","properties":{"placeholder":"Search"},"searchOpenDialogs":true,"interaction":{"idSuffix":"I"}},"wdio_ui5_key":"sapm.SearchField{\"placeholder\":\"Search\"}"}]}
RESULT: {"script":"<script> [1562 bytes]","args":[{"selector":{"controlType":"sap.m.SearchField","properties":{"placeholder":"Search"},"searchOpenDialogs":true,"interaction":{"idSuffix":"I"}},"wdio_ui5_key":"sapm.SearchField{\"placeholder\":\"Search\"}"}]}
RESULT: undefined
COMMAND: POST /session/86a389c01bc54833c1d480b3c129d65f/execute/async - {"script":"<script> [776 bytes]","args":[{"enterText":"10001013","selector":{"controlType":"sap.m.SearchField","properties":{"placeholder":"Search"},"searchOpenDialogs":true,"interaction":{"idSuffix":"I"}},"clearTextFirst":true,"interactionType":"ENTER_TEXT"}]}
RESULT: {"script":"<script> [776 bytes]","args":[{"enterText":"10001013","selector":{"controlType":"sap.m.SearchField","properties":{"placeholder":"Search"},"searchOpenDialogs":true,"interaction":{"idSuffix":"I"}},"clearTextFirst":true,"interactionType":"ENTER_TEXT"}]}
COMMAND: POST /session/86a389c01bc54833c1d480b3c129d65f/actions - {"actions":[{"id":"action12","type":"key","parameters":{},"actions":[{"type":"keyDown","value":"î€‡"},{"type":"pause","duration":10},{"type":"keyUp","value":"î€‡"}]}]}
RESULT: {"actions":[{"id":"action12","type":"key","parameters":{},"actions":[{"type":"keyDown","value":"î€‡"},{"type":"pause","duration":10},{"type":"keyUp","value":"î€‡"}]}]}
COMMAND: GET /session/86a389c01bc54833c1d480b3c129d65f/screenshot - {}
RESULT: {}
COMMAND: POST /session/86a389c01bc54833c1d480b3c129d65f/element - {"using":"xpath","value":"//span[contains(text(), \"General Management\")]"}
RESULT: {"using":"xpath","value":"//span[contains(text(), \"General Management\")]"}
COMMAND: POST /session/86a389c01bc54833c1d480b3c129d65f/element/f.89CEFFE823C31142EA3CFD6CAFD84276.d.0776C25FB1E96F8E148DF02D3215ACBA.e.5130/click - {}
RESULT: {}
COMMAND: GET /session/86a389c01bc54833c1d480b3c129d65f/screenshot - {}
RESULT: {}
COMMAND: POST /session/86a389c01bc54833c1d480b3c129d65f/element - {"using":"xpath","value":"//bdi[contains(text(), \"OK\")]"}
RESULT: {"using":"xpath","value":"//bdi[contains(text(), \"OK\")]"}
COMMAND: POST /session/86a389c01bc54833c1d480b3c129d65f/element/f.89CEFFE823C31142EA3CFD6CAFD84276.d.0776C25FB1E96F8E148DF02D3215ACBA.e.5131/click - {}
RESULT: {}
COMMAND: GET /session/86a389c01bc54833c1d480b3c129d65f/screenshot - {}
RESULT: {}
COMMAND: POST /session/86a389c01bc54833c1d480b3c129d65f/element - {"using":"xpath","value":"//input[@id=\"application-managepartners-display-component---NewPartner--companyCodeComboBox-inner\"]"}
RESULT: {"using":"xpath","value":"//input[@id=\"application-managepartners-display-component---NewPartner--companyCodeComboBox-inner\"]"}
COMMAND: POST /session/86a389c01bc54833c1d480b3c129d65f/element/f.89CEFFE823C31142EA3CFD6CAFD84276.d.0776C25FB1E96F8E148DF02D3215ACBA.e.4975/clear - {}
RESULT: {}
COMMAND: POST /session/86a389c01bc54833c1d480b3c129d65f/element/f.89CEFFE823C31142EA3CFD6CAFD84276.d.0776C25FB1E96F8E148DF02D3215ACBA.e.4975/value - {"text":"1000"}
COMMAND: GET /session/86a389c01bc54833c1d480b3c129d65f/screenshot - {}
RESULT: {"text":"1000"}
COMMAND: GET /session/86a389c01bc54833c1d480b3c129d65f/screenshot - {}
RESULT: {}
RESULT: {}
COMMAND: POST /session/86a389c01bc54833c1d480b3c129d65f/element - {"using":"xpath","value":"//span[contains(text(), \"1000\")]"}
RESULT: {"using":"xpath","value":"//span[contains(text(), \"1000\")]"}
COMMAND: POST /session/86a389c01bc54833c1d480b3c129d65f/element/f.89CEFFE823C31142EA3CFD6CAFD84276.d.0776C25FB1E96F8E148DF02D3215ACBA.e.5137/click - {}
RESULT: {}
COMMAND: GET /session/86a389c01bc54833c1d480b3c129d65f/screenshot - {}
RESULT: {}
COMMAND: POST /session/86a389c01bc54833c1d480b3c129d65f/execute/async - {"script":"<script> [1562 bytes]","args":[{"selector":{"id":"application-managepartners-display-component---NewPartner--btnAddTableRow-img"},"wdio_ui5_key":"applicationmanagepartners-display-component---NewPartner--btnAddTableRow-img"}]}
RESULT: {"script":"<script> [1562 bytes]","args":[{"selector":{"id":"application-managepartners-display-component---NewPartner--btnAddTableRow-img"},"wdio_ui5_key":"applicationmanagepartners-display-component---NewPartner--btnAddTableRow-img"}]}
RESULT: undefined
COMMAND: POST /session/86a389c01bc54833c1d480b3c129d65f/element - {"using":"xpath","value":"//*[@id=\"application-managepartners-display-component---NewPartner--btnAddTableRow-img\"]"}
RESULT: {"using":"xpath","value":"//*[@id=\"application-managepartners-display-component---NewPartner--btnAddTableRow-img\"]"}
COMMAND: POST /session/86a389c01bc54833c1d480b3c129d65f/element/f.89CEFFE823C31142EA3CFD6CAFD84276.d.0776C25FB1E96F8E148DF02D3215ACBA.e.5138/click - {}
RESULT: {}
COMMAND: GET /session/86a389c01bc54833c1d480b3c129d65f/screenshot - {}
RESULT: {}
COMMAND: POST /session/86a389c01bc54833c1d480b3c129d65f/element - {"using":"xpath","value":"//input[@id=\"application-managepartners-display-component---NewPartner--assignmentYard-application-managepartners-display-component---NewPartner--assignmentsTable-0-inner\"]"}
RESULT: {"using":"xpath","value":"//input[@id=\"application-managepartners-display-component---NewPartner--assignmentYard-application-managepartners-display-component---NewPartner--assignmentsTable-0-inner\"]"}
COMMAND: POST /session/86a389c01bc54833c1d480b3c129d65f/element/f.89CEFFE823C31142EA3CFD6CAFD84276.d.0776C25FB1E96F8E148DF02D3215ACBA.e.5141/clear - {}
RESULT: {}
COMMAND: POST /session/86a389c01bc54833c1d480b3c129d65f/element/f.89CEFFE823C31142EA3CFD6CAFD84276.d.0776C25FB1E96F8E148DF02D3215ACBA.e.5141/value - {"text":"470"}
COMMAND: GET /session/86a389c01bc54833c1d480b3c129d65f/screenshot - {}
RESULT: {"text":"470"}
COMMAND: GET /session/86a389c01bc54833c1d480b3c129d65f/screenshot - {}
RESULT: {}
RESULT: {}
COMMAND: POST /session/86a389c01bc54833c1d480b3c129d65f/element - {"using":"xpath","value":"//li[.//span[text()='470']]"}
RESULT: {"using":"xpath","value":"//li[.//span[text()='470']]"}
COMMAND: POST /session/86a389c01bc54833c1d480b3c129d65f/element/f.89CEFFE823C31142EA3CFD6CAFD84276.d.0776C25FB1E96F8E148DF02D3215ACBA.e.5150/click - {}
RESULT: {}
COMMAND: GET /session/86a389c01bc54833c1d480b3c129d65f/screenshot - {}
RESULT: {}
COMMAND: POST /session/86a389c01bc54833c1d480b3c129d65f/actions - {"actions":[{"id":"action13","type":"key","parameters":{},"actions":[{"type":"keyDown","value":"î€‡"},{"type":"pause","duration":10},{"type":"keyUp","value":"î€‡"}]}]}
RESULT: {"actions":[{"id":"action13","type":"key","parameters":{},"actions":[{"type":"keyDown","value":"î€‡"},{"type":"pause","duration":10},{"type":"keyUp","value":"î€‡"}]}]}
COMMAND: POST /session/86a389c01bc54833c1d480b3c129d65f/execute/async - {"script":"<script> [1562 bytes]","args":[{"selector":{"id":"application-managepartners-display-component---NewPartner--externalCustomerComboBox-application-managepartners-display-component---NewPartner--assignmentsTable-0-vhi"},"wdio_ui5_key":"applicationmanagepartners-display-component---NewPartner--externalCustomerComboBox-application-managepartners-display-component---NewPartner--assignmentsTable-0-vhi"}]}
COMMAND: GET /session/86a389c01bc54833c1d480b3c129d65f/screenshot - {}
RESULT: {"script":"<script> [1562 bytes]","args":[{"selector":{"id":"application-managepartners-display-component---NewPartner--externalCustomerComboBox-application-managepartners-display-component---NewPartner--assignmentsTable-0-vhi"},"wdio_ui5_key":"applicationmanagepartners-display-component---NewPartner--externalCustomerComboBox-application-managepartners-display-component---NewPartner--assignmentsTable-0-vhi"}]}
RESULT: undefined
COMMAND: POST /session/86a389c01bc54833c1d480b3c129d65f/element - {"using":"xpath","value":"//*[@id=\"application-managepartners-display-component---NewPartner--externalCustomerComboBox-application-managepartners-display-component---NewPartner--assignmentsTable-0-vhi\"]"}
RESULT: {}
RESULT: {"using":"xpath","value":"//*[@id=\"application-managepartners-display-component---NewPartner--externalCustomerComboBox-application-managepartners-display-component---NewPartner--assignmentsTable-0-vhi\"]"}
COMMAND: POST /session/86a389c01bc54833c1d480b3c129d65f/element/f.89CEFFE823C31142EA3CFD6CAFD84276.d.0776C25FB1E96F8E148DF02D3215ACBA.e.5154/click - {}
RESULT: {}
RESULT: undefined
COMMAND: POST /session/86a389c01bc54833c1d480b3c129d65f/execute/async - {"script":"<script> [776 bytes]","args":[{"enterText":"300003","selector":{"controlType":"sap.m.SearchField","properties":{"placeholder":"Search"},"searchOpenDialogs":true,"interaction":{"idSuffix":"I"}},"clearTextFirst":true,"interactionType":"ENTER_TEXT"}]}
COMMAND: GET /session/86a389c01bc54833c1d480b3c129d65f/screenshot - {}
RESULT: {"script":"<script> [776 bytes]","args":[{"enterText":"300003","selector":{"controlType":"sap.m.SearchField","properties":{"placeholder":"Search"},"searchOpenDialogs":true,"interaction":{"idSuffix":"I"}},"clearTextFirst":true,"interactionType":"ENTER_TEXT"}]}
COMMAND: POST /session/86a389c01bc54833c1d480b3c129d65f/actions - {"actions":[{"id":"action14","type":"key","parameters":{},"actions":[{"type":"keyDown","value":"î€‡"},{"type":"pause","duration":10},{"type":"keyUp","value":"î€‡"}]}]}
RESULT: {}
RESULT: {"actions":[{"id":"action14","type":"key","parameters":{},"actions":[{"type":"keyDown","value":"î€‡"},{"type":"pause","duration":10},{"type":"keyUp","value":"î€‡"}]}]}
COMMAND: GET /session/86a389c01bc54833c1d480b3c129d65f/screenshot - {}
RESULT: {}
COMMAND: POST /session/86a389c01bc54833c1d480b3c129d65f/element - {"using":"xpath","value":"//span[contains(text(), \"300003\")]"}
RESULT: {"using":"xpath","value":"//span[contains(text(), \"300003\")]"}
COMMAND: POST /session/86a389c01bc54833c1d480b3c129d65f/element/f.89CEFFE823C31142EA3CFD6CAFD84276.d.0776C25FB1E96F8E148DF02D3215ACBA.e.5172/click - {}
RESULT: {}
COMMAND: GET /session/86a389c01bc54833c1d480b3c129d65f/screenshot - {}
RESULT: {}
COMMAND: POST /session/86a389c01bc54833c1d480b3c129d65f/element - {"using":"xpath","value":"//bdi[contains(text(), \"OK\")]"}
RESULT: {"using":"xpath","value":"//bdi[contains(text(), \"OK\")]"}
COMMAND: POST /session/86a389c01bc54833c1d480b3c129d65f/element/f.89CEFFE823C31142EA3CFD6CAFD84276.d.0776C25FB1E96F8E148DF02D3215ACBA.e.5174/click - {}
RESULT: {}
COMMAND: GET /session/86a389c01bc54833c1d480b3c129d65f/screenshot - {}
RESULT: {}
COMMAND: POST /session/86a389c01bc54833c1d480b3c129d65f/execute/async - {"script":"<script> [1562 bytes]","args":[{"selector":{"id":"application-managepartners-display-component---NewPartner--intercompVendorComboBox-application-managepartners-display-component---NewPartner--assignmentsTable-0-vhi"},"wdio_ui5_key":"applicationmanagepartners-display-component---NewPartner--intercompVendorComboBox-application-managepartners-display-component---NewPartner--assignmentsTable-0-vhi"}]}
RESULT: {"script":"<script> [1562 bytes]","args":[{"selector":{"id":"application-managepartners-display-component---NewPartner--intercompVendorComboBox-application-managepartners-display-component---NewPartner--assignmentsTable-0-vhi"},"wdio_ui5_key":"applicationmanagepartners-display-component---NewPartner--intercompVendorComboBox-application-managepartners-display-component---NewPartner--assignmentsTable-0-vhi"}]}
RESULT: undefined
COMMAND: POST /session/86a389c01bc54833c1d480b3c129d65f/element - {"using":"xpath","value":"//*[@id=\"application-managepartners-display-component---NewPartner--intercompVendorComboBox-application-managepartners-display-component---NewPartner--assignmentsTable-0-vhi\"]"}
RESULT: {"using":"xpath","value":"//*[@id=\"application-managepartners-display-component---NewPartner--intercompVendorComboBox-application-managepartners-display-component---NewPartner--assignmentsTable-0-vhi\"]"}
COMMAND: POST /session/86a389c01bc54833c1d480b3c129d65f/element/f.89CEFFE823C31142EA3CFD6CAFD84276.d.0776C25FB1E96F8E148DF02D3215ACBA.e.5177/click - {}
RESULT: {}
RESULT: undefined
COMMAND: POST /session/86a389c01bc54833c1d480b3c129d65f/execute/async - {"script":"<script> [776 bytes]","args":[{"enterText":"100005","selector":{"controlType":"sap.m.SearchField","properties":{"placeholder":"Search"},"searchOpenDialogs":true,"interaction":{"idSuffix":"I"}},"clearTextFirst":true,"interactionType":"ENTER_TEXT"}]}
COMMAND: GET /session/86a389c01bc54833c1d480b3c129d65f/screenshot - {}
RESULT: {"script":"<script> [776 bytes]","args":[{"enterText":"100005","selector":{"controlType":"sap.m.SearchField","properties":{"placeholder":"Search"},"searchOpenDialogs":true,"interaction":{"idSuffix":"I"}},"clearTextFirst":true,"interactionType":"ENTER_TEXT"}]}
COMMAND: POST /session/86a389c01bc54833c1d480b3c129d65f/actions - {"actions":[{"id":"action15","type":"key","parameters":{},"actions":[{"type":"keyDown","value":"î€‡"},{"type":"pause","duration":10},{"type":"keyUp","value":"î€‡"}]}]}
RESULT: {}
RESULT: {"actions":[{"id":"action15","type":"key","parameters":{},"actions":[{"type":"keyDown","value":"î€‡"},{"type":"pause","duration":10},{"type":"keyUp","value":"î€‡"}]}]}
COMMAND: GET /session/86a389c01bc54833c1d480b3c129d65f/screenshot - {}
RESULT: {}
COMMAND: POST /session/86a389c01bc54833c1d480b3c129d65f/element - {"using":"xpath","value":"//span[contains(text(), \"Penguins - Field/12345 Berlin\")]"}
RESULT: {"using":"xpath","value":"//span[contains(text(), \"Penguins - Field/12345 Berlin\")]"}
COMMAND: POST /session/86a389c01bc54833c1d480b3c129d65f/element/f.89CEFFE823C31142EA3CFD6CAFD84276.d.0776C25FB1E96F8E148DF02D3215ACBA.e.5196/click - {}
RESULT: {}
COMMAND: GET /session/86a389c01bc54833c1d480b3c129d65f/screenshot - {}
RESULT: {}
COMMAND: POST /session/86a389c01bc54833c1d480b3c129d65f/element - {"using":"xpath","value":"//bdi[contains(text(), \"OK\")]"}
RESULT: {"using":"xpath","value":"//bdi[contains(text(), \"OK\")]"}
COMMAND: POST /session/86a389c01bc54833c1d480b3c129d65f/element/f.89CEFFE823C31142EA3CFD6CAFD84276.d.0776C25FB1E96F8E148DF02D3215ACBA.e.5197/click - {}
RESULT: {}
COMMAND: GET /session/86a389c01bc54833c1d480b3c129d65f/screenshot - {}
RESULT: {}
COMMAND: POST /session/86a389c01bc54833c1d480b3c129d65f/element - {"using":"xpath","value":"//button[@data-kt=\"saveButton\"]"}
RESULT: {"using":"xpath","value":"//button[@data-kt=\"saveButton\"]"}
COMMAND: POST /session/86a389c01bc54833c1d480b3c129d65f/element/f.89CEFFE823C31142EA3CFD6CAFD84276.d.0776C25FB1E96F8E148DF02D3215ACBA.e.5039/click - {}
RESULT: {}
COMMAND: GET /session/86a389c01bc54833c1d480b3c129d65f/screenshot - {}
RESULT: {}
COMMAND: POST /session/86a389c01bc54833c1d480b3c129d65f/element - {"using":"xpath","value":"//header[contains(@id, 'ObjectPageLayout-headerTitle')]/div[1]/div[2]/div[2]/span[1]"}
RESULT: {"using":"xpath","value":"//header[contains(@id, 'ObjectPageLayout-headerTitle')]/div[1]/div[2]/div[2]/span[1]"}
COMMAND: POST /session/86a389c01bc54833c1d480b3c129d65f/elements - {"using":"xpath","value":"//header[contains(@id, 'ObjectPageLayout-headerTitle')]/div[1]/div[2]/div[2]/span[1]"}
RESULT: {"using":"xpath","value":"//header[contains(@id, 'ObjectPageLayout-headerTitle')]/div[1]/div[2]/div[2]/span[1]"}
COMMAND: POST /session/86a389c01bc54833c1d480b3c129d65f/execute/sync - {"script":"<script> [56 bytes]","args":[{"element-6066-11e4-a52e-4f735466cecf":"f.89CEFFE823C31142EA3CFD6CAFD84276.d.0776C25FB1E96F8E148DF02D3215ACBA.e.5360","ELEMENT":"f.89CEFFE823C31142EA3CFD6CAFD84276.d.0776C25FB1E96F8E148DF02D3215ACBA.e.5360"}]}
RESULT: {"script":"<script> [56 bytes]","args":[{"element-6066-11e4-a52e-4f735466cecf":"f.89CEFFE823C31142EA3CFD6CAFD84276.d.0776C25FB1E96F8E148DF02D3215ACBA.e.5360","ELEMENT":"f.89CEFFE823C31142EA3CFD6CAFD84276.d.0776C25FB1E96F8E148DF02D3215ACBA.e.5360"}]}
COMMAND: POST /session/86a389c01bc54833c1d480b3c129d65f/element - {"using":"css selector","value":"#shell-header-logo"}
COMMAND: GET /session/86a389c01bc54833c1d480b3c129d65f/screenshot - {}
RESULT: {"using":"css selector","value":"#shell-header-logo"}
COMMAND: POST /session/86a389c01bc54833c1d480b3c129d65f/element/f.89CEFFE823C31142EA3CFD6CAFD84276.d.0776C25FB1E96F8E148DF02D3215ACBA.e.4582/click - {}
RESULT: {}
RESULT: {}
COMMAND: GET /session/86a389c01bc54833c1d480b3c129d65f/screenshot - {}
RESULT: {}
COMMAND: POST /session/86a389c01bc54833c1d480b3c129d65f/execute/sync - {"script":"<script> [299 bytes]","args":[["getModel","getResource"]]}
RESULT: {"script":"<script> [299 bytes]","args":[["getModel","getResource"]]}
RESULT: undefined
COMMAND: POST /session/86a389c01bc54833c1d480b3c129d65f/element - {"using":"xpath","value":"//*[@id=\"__tile30\"]"}
COMMAND: GET /session/86a389c01bc54833c1d480b3c129d65f/screenshot - {}
RESULT: {"using":"xpath","value":"//*[@id=\"__tile30\"]"}
COMMAND: POST /session/86a389c01bc54833c1d480b3c129d65f/element/f.89CEFFE823C31142EA3CFD6CAFD84276.d.0776C25FB1E96F8E148DF02D3215ACBA.e.4502/click - {}
RESULT: {}
RESULT: {}
COMMAND: POST /session/86a389c01bc54833c1d480b3c129d65f/element - {"using":"xpath","value":"//button[@data-kt=\"addButton\"]"}
COMMAND: GET /session/86a389c01bc54833c1d480b3c129d65f/screenshot - {}
RESULT: {"using":"xpath","value":"//button[@data-kt=\"addButton\"]"}
COMMAND: POST /session/86a389c01bc54833c1d480b3c129d65f/elements - {"using":"xpath","value":"//button[@data-kt=\"addButton\"]"}
RESULT: {}
RESULT: {"using":"xpath","value":"//button[@data-kt=\"addButton\"]"}
COMMAND: POST /session/86a389c01bc54833c1d480b3c129d65f/elements - {"using":"xpath","value":"//button[@data-kt=\"addButton\"]"}
RESULT: {"using":"xpath","value":"//button[@data-kt=\"addButton\"]"}
COMMAND: POST /session/86a389c01bc54833c1d480b3c129d65f/element - {"using":"xpath","value":"//button[@data-kt=\"addButton\"]"}
RESULT: {"using":"xpath","value":"//button[@data-kt=\"addButton\"]"}
COMMAND: POST /session/86a389c01bc54833c1d480b3c129d65f/execute/sync - {"script":"<script> [8489 bytes]","args":[{"element-6066-11e4-a52e-4f735466cecf":"f.89CEFFE823C31142EA3CFD6CAFD84276.d.0776C25FB1E96F8E148DF02D3215ACBA.e.5408","ELEMENT":"f.89CEFFE823C31142EA3CFD6CAFD84276.d.0776C25FB1E96F8E148DF02D3215ACBA.e.5408"}]}
RESULT: {"script":"<script> [8489 bytes]","args":[{"element-6066-11e4-a52e-4f735466cecf":"f.89CEFFE823C31142EA3CFD6CAFD84276.d.0776C25FB1E96F8E148DF02D3215ACBA.e.5408","ELEMENT":"f.89CEFFE823C31142EA3CFD6CAFD84276.d.0776C25FB1E96F8E148DF02D3215ACBA.e.5408"}]}
COMMAND: GET /session/86a389c01bc54833c1d480b3c129d65f/element/f.89CEFFE823C31142EA3CFD6CAFD84276.d.0776C25FB1E96F8E148DF02D3215ACBA.e.5408/enabled - {}
COMMAND: GET /session/86a389c01bc54833c1d480b3c129d65f/screenshot - {}
RESULT: {}
COMMAND: POST /session/86a389c01bc54833c1d480b3c129d65f/execute/sync - {"script":"<script> [8489 bytes]","args":[{"element-6066-11e4-a52e-4f735466cecf":"f.89CEFFE823C31142EA3CFD6CAFD84276.d.0776C25FB1E96F8E148DF02D3215ACBA.e.5408","ELEMENT":"f.89CEFFE823C31142EA3CFD6CAFD84276.d.0776C25FB1E96F8E148DF02D3215ACBA.e.5408"}]}
COMMAND: GET /session/86a389c01bc54833c1d480b3c129d65f/screenshot - {}
RESULT: {}
RESULT: {"script":"<script> [8489 bytes]","args":[{"element-6066-11e4-a52e-4f735466cecf":"f.89CEFFE823C31142EA3CFD6CAFD84276.d.0776C25FB1E96F8E148DF02D3215ACBA.e.5408","ELEMENT":"f.89CEFFE823C31142EA3CFD6CAFD84276.d.0776C25FB1E96F8E148DF02D3215ACBA.e.5408"}]}
COMMAND: POST /session/86a389c01bc54833c1d480b3c129d65f/execute/sync - {"script":"<script> [5351 bytes]","args":[{"element-6066-11e4-a52e-4f735466cecf":"f.89CEFFE823C31142EA3CFD6CAFD84276.d.0776C25FB1E96F8E148DF02D3215ACBA.e.5408","ELEMENT":"f.89CEFFE823C31142EA3CFD6CAFD84276.d.0776C25FB1E96F8E148DF02D3215ACBA.e.5408"}]}
COMMAND: GET /session/86a389c01bc54833c1d480b3c129d65f/screenshot - {}
RESULT: {}
RESULT: {"script":"<script> [5351 bytes]","args":[{"element-6066-11e4-a52e-4f735466cecf":"f.89CEFFE823C31142EA3CFD6CAFD84276.d.0776C25FB1E96F8E148DF02D3215ACBA.e.5408","ELEMENT":"f.89CEFFE823C31142EA3CFD6CAFD84276.d.0776C25FB1E96F8E148DF02D3215ACBA.e.5408"}]}
COMMAND: GET /session/86a389c01bc54833c1d480b3c129d65f/screenshot - {}
RESULT: {}
RESULT: {}
COMMAND: POST /session/86a389c01bc54833c1d480b3c129d65f/execute/async - {"script":"<script> [1562 bytes]","args":[{"selector":{"id":"application-managepartners-display-component---masterPtm--smartFilterBar-btnBasicSearch","interaction":{"idSuffix":"I"}},"wdio_ui5_key":"applicationmanagepartners-display-component---masterPtm--smartFilterBar-btnBasicSearch"}]}
RESULT: {"script":"<script> [1562 bytes]","args":[{"selector":{"id":"application-managepartners-display-component---masterPtm--smartFilterBar-btnBasicSearch","interaction":{"idSuffix":"I"}},"wdio_ui5_key":"applicationmanagepartners-display-component---masterPtm--smartFilterBar-btnBasicSearch"}]}
RESULT: undefined
COMMAND: POST /session/86a389c01bc54833c1d480b3c129d65f/execute/async - {"script":"<script> [776 bytes]","args":[{"enterText":"1343","selector":{"id":"application-managepartners-display-component---masterPtm--smartFilterBar-btnBasicSearch","interaction":{"idSuffix":"I"}},"clearTextFirst":true,"interactionType":"ENTER_TEXT"}]}
RESULT: {"script":"<script> [776 bytes]","args":[{"enterText":"1343","selector":{"id":"application-managepartners-display-component---masterPtm--smartFilterBar-btnBasicSearch","interaction":{"idSuffix":"I"}},"clearTextFirst":true,"interactionType":"ENTER_TEXT"}]}
COMMAND: POST /session/86a389c01bc54833c1d480b3c129d65f/actions - {"actions":[{"id":"action16","type":"key","parameters":{},"actions":[{"type":"keyDown","value":"î€‡"},{"type":"pause","duration":10},{"type":"keyUp","value":"î€‡"}]}]}
RESULT: {"actions":[{"id":"action16","type":"key","parameters":{},"actions":[{"type":"keyDown","value":"î€‡"},{"type":"pause","duration":10},{"type":"keyUp","value":"î€‡"}]}]}
COMMAND: GET /session/86a389c01bc54833c1d480b3c129d65f/screenshot - {}
RESULT: {}
COMMAND: POST /session/86a389c01bc54833c1d480b3c129d65f/elements - {"using":"xpath","value":"//table[contains(@id, \"customPartnersTable-listUl\")]/tbody/tr"}
RESULT: {"using":"xpath","value":"//table[contains(@id, \"customPartnersTable-listUl\")]/tbody/tr"}
COMMAND: POST /session/86a389c01bc54833c1d480b3c129d65f/element - {"using":"xpath","value":"//table[contains(@id, \"customPartnersTable-listUl\")]/tbody/tr[1]/td[3]/span"}
RESULT: {"using":"xpath","value":"//table[contains(@id, \"customPartnersTable-listUl\")]/tbody/tr[1]/td[3]/span"}
COMMAND: POST /session/86a389c01bc54833c1d480b3c129d65f/elements - {"using":"xpath","value":"//table[contains(@id, \"customPartnersTable-listUl\")]/tbody/tr[1]/td[3]/span"}
RESULT: {"using":"xpath","value":"//table[contains(@id, \"customPartnersTable-listUl\")]/tbody/tr[1]/td[3]/span"}
COMMAND: POST /session/86a389c01bc54833c1d480b3c129d65f/execute/sync - {"script":"<script> [56 bytes]","args":[{"element-6066-11e4-a52e-4f735466cecf":"f.89CEFFE823C31142EA3CFD6CAFD84276.d.0776C25FB1E96F8E148DF02D3215ACBA.e.5546","ELEMENT":"f.89CEFFE823C31142EA3CFD6CAFD84276.d.0776C25FB1E96F8E148DF02D3215ACBA.e.5546"}]}
RESULT: {"script":"<script> [56 bytes]","args":[{"element-6066-11e4-a52e-4f735466cecf":"f.89CEFFE823C31142EA3CFD6CAFD84276.d.0776C25FB1E96F8E148DF02D3215ACBA.e.5546","ELEMENT":"f.89CEFFE823C31142EA3CFD6CAFD84276.d.0776C25FB1E96F8E148DF02D3215ACBA.e.5546"}]}
COMMAND: POST /session/86a389c01bc54833c1d480b3c129d65f/element - {"using":"xpath","value":"(//span[contains(@id, \"imgNav\")])[1]"}
COMMAND: GET /session/86a389c01bc54833c1d480b3c129d65f/screenshot - {}
RESULT: {"using":"xpath","value":"(//span[contains(@id, \"imgNav\")])[1]"}
COMMAND: POST /session/86a389c01bc54833c1d480b3c129d65f/element/f.89CEFFE823C31142EA3CFD6CAFD84276.d.0776C25FB1E96F8E148DF02D3215ACBA.e.5544/click - {}
RESULT: {}
RESULT: {}
COMMAND: GET /session/86a389c01bc54833c1d480b3c129d65f/screenshot - {}
RESULT: {}
COMMAND: POST /session/86a389c01bc54833c1d480b3c129d65f/element - {"using":"xpath","value":"//bdi[contains(text(), \"Edit\")]"}
RESULT: {"using":"xpath","value":"//bdi[contains(text(), \"Edit\")]"}
COMMAND: POST /session/86a389c01bc54833c1d480b3c129d65f/element/f.89CEFFE823C31142EA3CFD6CAFD84276.d.0776C25FB1E96F8E148DF02D3215ACBA.e.5691/click - {}
RESULT: {}
COMMAND: GET /session/86a389c01bc54833c1d480b3c129d65f/screenshot - {}
RESULT: {}
COMMAND: POST /session/86a389c01bc54833c1d480b3c129d65f/execute/async - {"script":"<script> [1562 bytes]","args":[{"selector":{"controlType":"sap.m.Input","viewName":"etm.portal.ui.managepartners.view.EditDetail","labelFor":{"text":"Name"},"interaction":{"idSuffix":"inner"}},"wdio_ui5_key":"etmportal.ui.managepartners.view.EditDetailsap.m.Input{\"text\":\"Name\"}"}]}
RESULT: {"script":"<script> [1562 bytes]","args":[{"selector":{"controlType":"sap.m.Input","viewName":"etm.portal.ui.managepartners.view.EditDetail","labelFor":{"text":"Name"},"interaction":{"idSuffix":"inner"}},"wdio_ui5_key":"etmportal.ui.managepartners.view.EditDetailsap.m.Input{\"text\":\"Name\"}"}]}
RESULT: undefined
COMMAND: POST /session/86a389c01bc54833c1d480b3c129d65f/execute/async - {"script":"<script> [776 bytes]","args":[{"enterText":"Intracompany EDIT","selector":{"controlType":"sap.m.Input","viewName":"etm.portal.ui.managepartners.view.EditDetail","labelFor":{"text":"Name"},"interaction":{"idSuffix":"inner"}},"clearTextFirst":true,"interactionType":"ENTER_TEXT"}]}
RESULT: {"script":"<script> [776 bytes]","args":[{"enterText":"Intracompany EDIT","selector":{"controlType":"sap.m.Input","viewName":"etm.portal.ui.managepartners.view.EditDetail","labelFor":{"text":"Name"},"interaction":{"idSuffix":"inner"}},"clearTextFirst":true,"interactionType":"ENTER_TEXT"}]}
COMMAND: POST /session/86a389c01bc54833c1d480b3c129d65f/element - {"using":"xpath","value":"(//span[contains(@id,\"addressDetailDetailsLanguage-arrow\")])[1]"}
RESULT: {"using":"xpath","value":"(//span[contains(@id,\"addressDetailDetailsLanguage-arrow\")])[1]"}
COMMAND: POST /session/86a389c01bc54833c1d480b3c129d65f/element/f.89CEFFE823C31142EA3CFD6CAFD84276.d.0776C25FB1E96F8E148DF02D3215ACBA.e.5775/click - {}
RESULT: {}
COMMAND: POST /session/86a389c01bc54833c1d480b3c129d65f/element - {"using":"xpath","value":"//span[contains(text(), \"Chinese\")]"}
COMMAND: GET /session/86a389c01bc54833c1d480b3c129d65f/screenshot - {}
RESULT: {"using":"xpath","value":"//span[contains(text(), \"Chinese\")]"}
COMMAND: POST /session/86a389c01bc54833c1d480b3c129d65f/element/f.89CEFFE823C31142EA3CFD6CAFD84276.d.0776C25FB1E96F8E148DF02D3215ACBA.e.5776/click - {}
RESULT: {}
RESULT: {}
COMMAND: GET /session/86a389c01bc54833c1d480b3c129d65f/screenshot - {}
RESULT: {}
COMMAND: POST /session/86a389c01bc54833c1d480b3c129d65f/execute/async - {"script":"<script> [1562 bytes]","args":[{"selector":{"controlType":"sap.m.Input","viewName":"etm.portal.ui.managepartners.view.EditDetail","labelFor":{"text":"City"},"interaction":{"idSuffix":"inner"}},"wdio_ui5_key":"etmportal.ui.managepartners.view.EditDetailsap.m.Input{\"text\":\"City\"}"}]}
RESULT: {"script":"<script> [1562 bytes]","args":[{"selector":{"controlType":"sap.m.Input","viewName":"etm.portal.ui.managepartners.view.EditDetail","labelFor":{"text":"City"},"interaction":{"idSuffix":"inner"}},"wdio_ui5_key":"etmportal.ui.managepartners.view.EditDetailsap.m.Input{\"text\":\"City\"}"}]}
RESULT: undefined
COMMAND: POST /session/86a389c01bc54833c1d480b3c129d65f/execute/async - {"script":"<script> [776 bytes]","args":[{"enterText":"Clooj-Napoca","selector":{"controlType":"sap.m.Input","viewName":"etm.portal.ui.managepartners.view.EditDetail","labelFor":{"text":"City"},"interaction":{"idSuffix":"inner"}},"clearTextFirst":true,"interactionType":"ENTER_TEXT"}]}
RESULT: {"script":"<script> [776 bytes]","args":[{"enterText":"Clooj-Napoca","selector":{"controlType":"sap.m.Input","viewName":"etm.portal.ui.managepartners.view.EditDetail","labelFor":{"text":"City"},"interaction":{"idSuffix":"inner"}},"clearTextFirst":true,"interactionType":"ENTER_TEXT"}]}
COMMAND: POST /session/86a389c01bc54833c1d480b3c129d65f/element - {"using":"xpath","value":"//button[@data-kt=\"saveButton\"]"}
RESULT: {"using":"xpath","value":"//button[@data-kt=\"saveButton\"]"}
COMMAND: POST /session/86a389c01bc54833c1d480b3c129d65f/element/f.89CEFFE823C31142EA3CFD6CAFD84276.d.0776C25FB1E96F8E148DF02D3215ACBA.e.5754/click - {}
RESULT: {}
COMMAND: GET /session/86a389c01bc54833c1d480b3c129d65f/screenshot - {}
RESULT: {}
COMMAND: POST /session/86a389c01bc54833c1d480b3c129d65f/execute/async - {"script":"<script> [1562 bytes]","args":[{"selector":{"id":"application-managepartners-display-component---detailPtm--addressDetailDetailsName1"},"wdio_ui5_key":"applicationmanagepartners-display-component---detailPtm--addressDetailDetailsName1"}]}
RESULT: {"script":"<script> [1562 bytes]","args":[{"selector":{"id":"application-managepartners-display-component---detailPtm--addressDetailDetailsName1"},"wdio_ui5_key":"applicationmanagepartners-display-component---detailPtm--addressDetailDetailsName1"}]}
RESULT: undefined
COMMAND: POST /session/86a389c01bc54833c1d480b3c129d65f/execute/async - {"script":"<script> [6424 bytes]","args":[{"element-6066-11e4-a52e-4f735466cecf":"f.89CEFFE823C31142EA3CFD6CAFD84276.d.0776C25FB1E96F8E148DF02D3215ACBA.e.5807"},"getValue",[]]}
RESULT: {"script":"<script> [6424 bytes]","args":[{"element-6066-11e4-a52e-4f735466cecf":"f.89CEFFE823C31142EA3CFD6CAFD84276.d.0776C25FB1E96F8E148DF02D3215ACBA.e.5807"},"getValue",[]]}
COMMAND: POST /session/86a389c01bc54833c1d480b3c129d65f/element - {"using":"xpath","value":"//input[@id = \"application-managepartners-display-component---detailPtm--addressDetailDetailsLanguage-inner\"]"}
RESULT: {"using":"xpath","value":"//input[@id = \"application-managepartners-display-component---detailPtm--addressDetailDetailsLanguage-inner\"]"}
COMMAND: GET /session/86a389c01bc54833c1d480b3c129d65f/element/f.89CEFFE823C31142EA3CFD6CAFD84276.d.0776C25FB1E96F8E148DF02D3215ACBA.e.5808/property/value - {}
RESULT: {}
COMMAND: POST /session/86a389c01bc54833c1d480b3c129d65f/execute/async - {"script":"<script> [1562 bytes]","args":[{"selector":{"id":"application-managepartners-display-component---detailPtm--addressDetailDetailsCity1"},"wdio_ui5_key":"applicationmanagepartners-display-component---detailPtm--addressDetailDetailsCity1"}]}
COMMAND: GET /session/86a389c01bc54833c1d480b3c129d65f/screenshot - {}
RESULT: {"script":"<script> [1562 bytes]","args":[{"selector":{"id":"application-managepartners-display-component---detailPtm--addressDetailDetailsCity1"},"wdio_ui5_key":"applicationmanagepartners-display-component---detailPtm--addressDetailDetailsCity1"}]}
RESULT: undefined
COMMAND: POST /session/86a389c01bc54833c1d480b3c129d65f/execute/async - {"script":"<script> [6424 bytes]","args":[{"element-6066-11e4-a52e-4f735466cecf":"f.89CEFFE823C31142EA3CFD6CAFD84276.d.0776C25FB1E96F8E148DF02D3215ACBA.e.5809"},"getValue",[]]}
RESULT: {}
RESULT: {"script":"<script> [6424 bytes]","args":[{"element-6066-11e4-a52e-4f735466cecf":"f.89CEFFE823C31142EA3CFD6CAFD84276.d.0776C25FB1E96F8E148DF02D3215ACBA.e.5809"},"getValue",[]]}
COMMAND: POST /session/86a389c01bc54833c1d480b3c129d65f/element - {"using":"css selector","value":"#shell-header-logo"}
RESULT: {"using":"css selector","value":"#shell-header-logo"}
COMMAND: POST /session/86a389c01bc54833c1d480b3c129d65f/element/f.89CEFFE823C31142EA3CFD6CAFD84276.d.0776C25FB1E96F8E148DF02D3215ACBA.e.5363/click - {}
RESULT: {}
COMMAND: GET /session/86a389c01bc54833c1d480b3c129d65f/screenshot - {}
RESULT: {}
]]></system-out>
    </testcase>
    <testcase classname="chrome.135_0_7049_96.windows.Partner_specific_tests_US150819_US151080_US151654_US151176_US103444_US151078_US151079_US151109_US151174_US151175_US151189" name="Should do filtering and navigation tests US151109" time="162.286">
      <system-out><![CDATA[
COMMAND: POST /session/86a389c01bc54833c1d480b3c129d65f/element - {"using":"xpath","value":"//li[.//span[text()=\"Manage Partners\"]]"}
RESULT: {"using":"xpath","value":"//li[.//span[text()=\"Manage Partners\"]]"}
COMMAND: POST /session/86a389c01bc54833c1d480b3c129d65f/element - {"using":"xpath","value":"//li[.//span[text()=\"Manage Partners\"]]"}
RESULT: {"using":"xpath","value":"//li[.//span[text()=\"Manage Partners\"]]"}
COMMAND: POST /session/86a389c01bc54833c1d480b3c129d65f/element - {"using":"css selector","value":"#shell-header-logo"}
RESULT: {"using":"css selector","value":"#shell-header-logo"}
COMMAND: POST /session/86a389c01bc54833c1d480b3c129d65f/element/f.89CEFFE823C31142EA3CFD6CAFD84276.d.0776C25FB1E96F8E148DF02D3215ACBA.e.5839/click - {}
COMMAND: POST /session/86a389c01bc54833c1d480b3c129d65f/execute/sync - {"script":"<script> [8489 bytes]","args":[{"element-6066-11e4-a52e-4f735466cecf":"f.89CEFFE823C31142EA3CFD6CAFD84276.d.0776C25FB1E96F8E148DF02D3215ACBA.e.5839","ELEMENT":"f.89CEFFE823C31142EA3CFD6CAFD84276.d.0776C25FB1E96F8E148DF02D3215ACBA.e.5839"}]}
RESULT: {}
COMMAND: GET /session/86a389c01bc54833c1d480b3c129d65f/screenshot - {}
RESULT: {"script":"<script> [8489 bytes]","args":[{"element-6066-11e4-a52e-4f735466cecf":"f.89CEFFE823C31142EA3CFD6CAFD84276.d.0776C25FB1E96F8E148DF02D3215ACBA.e.5839","ELEMENT":"f.89CEFFE823C31142EA3CFD6CAFD84276.d.0776C25FB1E96F8E148DF02D3215ACBA.e.5839"}]}
COMMAND: POST /session/86a389c01bc54833c1d480b3c129d65f/execute/sync - {"script":"<script> [5351 bytes]","args":[{"element-6066-11e4-a52e-4f735466cecf":"f.89CEFFE823C31142EA3CFD6CAFD84276.d.0776C25FB1E96F8E148DF02D3215ACBA.e.5839","ELEMENT":"f.89CEFFE823C31142EA3CFD6CAFD84276.d.0776C25FB1E96F8E148DF02D3215ACBA.e.5839"}]}
COMMAND: GET /session/86a389c01bc54833c1d480b3c129d65f/screenshot - {}
RESULT: {}
RESULT: {"script":"<script> [5351 bytes]","args":[{"element-6066-11e4-a52e-4f735466cecf":"f.89CEFFE823C31142EA3CFD6CAFD84276.d.0776C25FB1E96F8E148DF02D3215ACBA.e.5839","ELEMENT":"f.89CEFFE823C31142EA3CFD6CAFD84276.d.0776C25FB1E96F8E148DF02D3215ACBA.e.5839"}]}
COMMAND: GET /session/86a389c01bc54833c1d480b3c129d65f/screenshot - {}
RESULT: {}
RESULT: {}
RESULT: undefined
COMMAND: POST /session/86a389c01bc54833c1d480b3c129d65f/element - {"using":"xpath","value":"//*[@id=\"__tile30\"]"}
RESULT: {"using":"xpath","value":"//*[@id=\"__tile30\"]"}
COMMAND: POST /session/86a389c01bc54833c1d480b3c129d65f/element/f.89CEFFE823C31142EA3CFD6CAFD84276.d.0776C25FB1E96F8E148DF02D3215ACBA.e.4502/click - {}
RESULT: {}
COMMAND: POST /session/86a389c01bc54833c1d480b3c129d65f/element - {"using":"xpath","value":"//button[@data-kt=\"addButton\"]"}
COMMAND: GET /session/86a389c01bc54833c1d480b3c129d65f/screenshot - {}
RESULT: {"using":"xpath","value":"//button[@data-kt=\"addButton\"]"}
COMMAND: POST /session/86a389c01bc54833c1d480b3c129d65f/elements - {"using":"xpath","value":"//button[@data-kt=\"addButton\"]"}
RESULT: {}
RESULT: {"using":"xpath","value":"//button[@data-kt=\"addButton\"]"}
COMMAND: POST /session/86a389c01bc54833c1d480b3c129d65f/execute/sync - {"script":"<script> [8489 bytes]","args":[{"element-6066-11e4-a52e-4f735466cecf":"f.89CEFFE823C31142EA3CFD6CAFD84276.d.0776C25FB1E96F8E148DF02D3215ACBA.e.5884","ELEMENT":"f.89CEFFE823C31142EA3CFD6CAFD84276.d.0776C25FB1E96F8E148DF02D3215ACBA.e.5884"}]}
RESULT: {"script":"<script> [8489 bytes]","args":[{"element-6066-11e4-a52e-4f735466cecf":"f.89CEFFE823C31142EA3CFD6CAFD84276.d.0776C25FB1E96F8E148DF02D3215ACBA.e.5884","ELEMENT":"f.89CEFFE823C31142EA3CFD6CAFD84276.d.0776C25FB1E96F8E148DF02D3215ACBA.e.5884"}]}
COMMAND: GET /session/86a389c01bc54833c1d480b3c129d65f/element/f.89CEFFE823C31142EA3CFD6CAFD84276.d.0776C25FB1E96F8E148DF02D3215ACBA.e.5884/enabled - {}
COMMAND: GET /session/86a389c01bc54833c1d480b3c129d65f/screenshot - {}
RESULT: {}
COMMAND: POST /session/86a389c01bc54833c1d480b3c129d65f/execute/sync - {"script":"<script> [8489 bytes]","args":[{"element-6066-11e4-a52e-4f735466cecf":"f.89CEFFE823C31142EA3CFD6CAFD84276.d.0776C25FB1E96F8E148DF02D3215ACBA.e.5884","ELEMENT":"f.89CEFFE823C31142EA3CFD6CAFD84276.d.0776C25FB1E96F8E148DF02D3215ACBA.e.5884"}]}
COMMAND: GET /session/86a389c01bc54833c1d480b3c129d65f/screenshot - {}
RESULT: {}
RESULT: {"script":"<script> [8489 bytes]","args":[{"element-6066-11e4-a52e-4f735466cecf":"f.89CEFFE823C31142EA3CFD6CAFD84276.d.0776C25FB1E96F8E148DF02D3215ACBA.e.5884","ELEMENT":"f.89CEFFE823C31142EA3CFD6CAFD84276.d.0776C25FB1E96F8E148DF02D3215ACBA.e.5884"}]}
COMMAND: POST /session/86a389c01bc54833c1d480b3c129d65f/execute/sync - {"script":"<script> [5351 bytes]","args":[{"element-6066-11e4-a52e-4f735466cecf":"f.89CEFFE823C31142EA3CFD6CAFD84276.d.0776C25FB1E96F8E148DF02D3215ACBA.e.5884","ELEMENT":"f.89CEFFE823C31142EA3CFD6CAFD84276.d.0776C25FB1E96F8E148DF02D3215ACBA.e.5884"}]}
COMMAND: GET /session/86a389c01bc54833c1d480b3c129d65f/screenshot - {}
RESULT: {}
RESULT: {"script":"<script> [5351 bytes]","args":[{"element-6066-11e4-a52e-4f735466cecf":"f.89CEFFE823C31142EA3CFD6CAFD84276.d.0776C25FB1E96F8E148DF02D3215ACBA.e.5884","ELEMENT":"f.89CEFFE823C31142EA3CFD6CAFD84276.d.0776C25FB1E96F8E148DF02D3215ACBA.e.5884"}]}
COMMAND: GET /session/86a389c01bc54833c1d480b3c129d65f/screenshot - {}
RESULT: {}
RESULT: {}
COMMAND: POST /session/86a389c01bc54833c1d480b3c129d65f/element - {"using":"xpath","value":"//span[@id=\"application-managepartners-display-component---masterPtm--smartTable-header-inner\"]"}
RESULT: {"using":"xpath","value":"//span[@id=\"application-managepartners-display-component---masterPtm--smartTable-header-inner\"]"}
COMMAND: POST /session/86a389c01bc54833c1d480b3c129d65f/elements - {"using":"xpath","value":"//span[@id=\"application-managepartners-display-component---masterPtm--smartTable-header-inner\"]"}
RESULT: {"using":"xpath","value":"//span[@id=\"application-managepartners-display-component---masterPtm--smartTable-header-inner\"]"}
COMMAND: POST /session/86a389c01bc54833c1d480b3c129d65f/execute/sync - {"script":"<script> [56 bytes]","args":[{"element-6066-11e4-a52e-4f735466cecf":"f.89CEFFE823C31142EA3CFD6CAFD84276.d.0776C25FB1E96F8E148DF02D3215ACBA.e.6008","ELEMENT":"f.89CEFFE823C31142EA3CFD6CAFD84276.d.0776C25FB1E96F8E148DF02D3215ACBA.e.6008"}]}
RESULT: {"script":"<script> [56 bytes]","args":[{"element-6066-11e4-a52e-4f735466cecf":"f.89CEFFE823C31142EA3CFD6CAFD84276.d.0776C25FB1E96F8E148DF02D3215ACBA.e.6008","ELEMENT":"f.89CEFFE823C31142EA3CFD6CAFD84276.d.0776C25FB1E96F8E148DF02D3215ACBA.e.6008"}]}
RESULT: undefined
COMMAND: POST /session/86a389c01bc54833c1d480b3c129d65f/execute/async - {"script":"<script> [776 bytes]","args":[{"enterText":"External Partner WDIO","selector":{"id":"application-managepartners-display-component---masterPtm--smartFilterBar-btnBasicSearch","interaction":{"idSuffix":"I"}},"clearTextFirst":true,"interactionType":"ENTER_TEXT"}]}
COMMAND: GET /session/86a389c01bc54833c1d480b3c129d65f/screenshot - {}
RESULT: {"script":"<script> [776 bytes]","args":[{"enterText":"External Partner WDIO","selector":{"id":"application-managepartners-display-component---masterPtm--smartFilterBar-btnBasicSearch","interaction":{"idSuffix":"I"}},"clearTextFirst":true,"interactionType":"ENTER_TEXT"}]}
RESULT: {}
COMMAND: POST /session/86a389c01bc54833c1d480b3c129d65f/actions - {"actions":[{"id":"action17","type":"key","parameters":{},"actions":[{"type":"keyDown","value":"î€‡"},{"type":"pause","duration":10},{"type":"keyUp","value":"î€‡"}]}]}
RESULT: {"actions":[{"id":"action17","type":"key","parameters":{},"actions":[{"type":"keyDown","value":"î€‡"},{"type":"pause","duration":10},{"type":"keyUp","value":"î€‡"}]}]}
COMMAND: GET /session/86a389c01bc54833c1d480b3c129d65f/screenshot - {}
RESULT: {}
COMMAND: POST /session/86a389c01bc54833c1d480b3c129d65f/element - {"using":"xpath","value":"//span[@id=\"application-managepartners-display-component---masterPtm--smartTable-header-inner\"]"}
RESULT: {"using":"xpath","value":"//span[@id=\"application-managepartners-display-component---masterPtm--smartTable-header-inner\"]"}
COMMAND: POST /session/86a389c01bc54833c1d480b3c129d65f/elements - {"using":"xpath","value":"//span[@id=\"application-managepartners-display-component---masterPtm--smartTable-header-inner\"]"}
RESULT: {"using":"xpath","value":"//span[@id=\"application-managepartners-display-component---masterPtm--smartTable-header-inner\"]"}
COMMAND: POST /session/86a389c01bc54833c1d480b3c129d65f/execute/sync - {"script":"<script> [56 bytes]","args":[{"element-6066-11e4-a52e-4f735466cecf":"f.89CEFFE823C31142EA3CFD6CAFD84276.d.0776C25FB1E96F8E148DF02D3215ACBA.e.6008","ELEMENT":"f.89CEFFE823C31142EA3CFD6CAFD84276.d.0776C25FB1E96F8E148DF02D3215ACBA.e.6008"}]}
RESULT: {"script":"<script> [56 bytes]","args":[{"element-6066-11e4-a52e-4f735466cecf":"f.89CEFFE823C31142EA3CFD6CAFD84276.d.0776C25FB1E96F8E148DF02D3215ACBA.e.6008","ELEMENT":"f.89CEFFE823C31142EA3CFD6CAFD84276.d.0776C25FB1E96F8E148DF02D3215ACBA.e.6008"}]}
COMMAND: POST /session/86a389c01bc54833c1d480b3c129d65f/element - {"using":"xpath","value":"//div[contains(@id, \"managepartners-display-component---masterPtm--smartFilterBar-btnBasicSearch-reset\")]"}
COMMAND: GET /session/86a389c01bc54833c1d480b3c129d65f/screenshot - {}
RESULT: {"using":"xpath","value":"//div[contains(@id, \"managepartners-display-component---masterPtm--smartFilterBar-btnBasicSearch-reset\")]"}
COMMAND: POST /session/86a389c01bc54833c1d480b3c129d65f/element/f.89CEFFE823C31142EA3CFD6CAFD84276.d.0776C25FB1E96F8E148DF02D3215ACBA.e.6093/click - {}
RESULT: {}
RESULT: {}
COMMAND: GET /session/86a389c01bc54833c1d480b3c129d65f/screenshot - {}
COMMAND: POST /session/86a389c01bc54833c1d480b3c129d65f/execute/async - {"script":"<script> [1562 bytes]","args":[{"selector":{"id":"application-managepartners-display-component---masterPtm--smartFilterBar-filterItemControl_BASIC-MAIN_ADDRESS-vhi"},"wdio_ui5_key":"applicationmanagepartners-display-component---masterPtm--smartFilterBar-filterItemControl_BASIC-MAIN_ADDRESS-vhi"}]}
RESULT: {}
RESULT: {"script":"<script> [1562 bytes]","args":[{"selector":{"id":"application-managepartners-display-component---masterPtm--smartFilterBar-filterItemControl_BASIC-MAIN_ADDRESS-vhi"},"wdio_ui5_key":"applicationmanagepartners-display-component---masterPtm--smartFilterBar-filterItemControl_BASIC-MAIN_ADDRESS-vhi"}]}
RESULT: undefined
COMMAND: POST /session/86a389c01bc54833c1d480b3c129d65f/element - {"using":"xpath","value":"//*[@id=\"application-managepartners-display-component---masterPtm--smartFilterBar-filterItemControl_BASIC-MAIN_ADDRESS-vhi\"]"}
RESULT: {"using":"xpath","value":"//*[@id=\"application-managepartners-display-component---masterPtm--smartFilterBar-filterItemControl_BASIC-MAIN_ADDRESS-vhi\"]"}
COMMAND: POST /session/86a389c01bc54833c1d480b3c129d65f/element/f.89CEFFE823C31142EA3CFD6CAFD84276.d.0776C25FB1E96F8E148DF02D3215ACBA.e.6190/click - {}
RESULT: {}
COMMAND: GET /session/86a389c01bc54833c1d480b3c129d65f/screenshot - {}
RESULT: {}
COMMAND: POST /session/86a389c01bc54833c1d480b3c129d65f/execute/async - {"script":"<script> [1562 bytes]","args":[{"selector":{"id":"application-managepartners-display-component---masterPtm--smartFilterBar-filterItemControl_BASIC-MAIN_ADDRESS-valueHelpDialog-smartFilterBar-btnBasicSearch","searchOpenDialogs":true,"interaction":{"idSuffix":"I"}},"wdio_ui5_key":"applicationmanagepartners-display-component---masterPtm--smartFilterBar-filterItemControl_BASIC-MAIN_ADDRESS-valueHelpDialog-smartFilterBar-btnBasicSearch"}]}
RESULT: {"script":"<script> [1562 bytes]","args":[{"selector":{"id":"application-managepartners-display-component---masterPtm--smartFilterBar-filterItemControl_BASIC-MAIN_ADDRESS-valueHelpDialog-smartFilterBar-btnBasicSearch","searchOpenDialogs":true,"interaction":{"idSuffix":"I"}},"wdio_ui5_key":"applicationmanagepartners-display-component---masterPtm--smartFilterBar-filterItemControl_BASIC-MAIN_ADDRESS-valueHelpDialog-smartFilterBar-btnBasicSearch"}]}
RESULT: undefined
COMMAND: POST /session/86a389c01bc54833c1d480b3c129d65f/execute/async - {"script":"<script> [776 bytes]","args":[{"enterText":"Romania","selector":{"id":"application-managepartners-display-component---masterPtm--smartFilterBar-filterItemControl_BASIC-MAIN_ADDRESS-valueHelpDialog-smartFilterBar-btnBasicSearch","searchOpenDialogs":true,"interaction":{"idSuffix":"I"}},"clearTextFirst":true,"interactionType":"ENTER_TEXT"}]}
RESULT: {"script":"<script> [776 bytes]","args":[{"enterText":"Romania","selector":{"id":"application-managepartners-display-component---masterPtm--smartFilterBar-filterItemControl_BASIC-MAIN_ADDRESS-valueHelpDialog-smartFilterBar-btnBasicSearch","searchOpenDialogs":true,"interaction":{"idSuffix":"I"}},"clearTextFirst":true,"interactionType":"ENTER_TEXT"}]}
COMMAND: POST /session/86a389c01bc54833c1d480b3c129d65f/actions - {"actions":[{"id":"action18","type":"key","parameters":{},"actions":[{"type":"keyDown","value":"î€‡"},{"type":"pause","duration":10},{"type":"keyUp","value":"î€‡"}]}]}
RESULT: {"actions":[{"id":"action18","type":"key","parameters":{},"actions":[{"type":"keyDown","value":"î€‡"},{"type":"pause","duration":10},{"type":"keyUp","value":"î€‡"}]}]}
COMMAND: POST /session/86a389c01bc54833c1d480b3c129d65f/elements - {"using":"xpath","value":"//table[contains(@id, \"smartFilterBar-filterItemControl_BASIC-MAIN_ADDRESS-valueHelpDialog-table-table\")]/tbody/tr"}
COMMAND: GET /session/86a389c01bc54833c1d480b3c129d65f/screenshot - {}
RESULT: {"using":"xpath","value":"//table[contains(@id, \"smartFilterBar-filterItemControl_BASIC-MAIN_ADDRESS-valueHelpDialog-table-table\")]/tbody/tr"}
COMMAND: POST /session/86a389c01bc54833c1d480b3c129d65f/element - {"using":"xpath","value":"//table[contains(@id, \"smartFilterBar-filterItemControl_BASIC-MAIN_ADDRESS-valueHelpDialog-table-table\")]/tbody/tr[1]/td[1]/div/span"}
RESULT: {}
RESULT: {"using":"xpath","value":"//table[contains(@id, \"smartFilterBar-filterItemControl_BASIC-MAIN_ADDRESS-valueHelpDialog-table-table\")]/tbody/tr[1]/td[1]/div/span"}
COMMAND: POST /session/86a389c01bc54833c1d480b3c129d65f/elements - {"using":"xpath","value":"//table[contains(@id, \"smartFilterBar-filterItemControl_BASIC-MAIN_ADDRESS-valueHelpDialog-table-table\")]/tbody/tr[1]/td[1]/div/span"}
RESULT: {"using":"xpath","value":"//table[contains(@id, \"smartFilterBar-filterItemControl_BASIC-MAIN_ADDRESS-valueHelpDialog-table-table\")]/tbody/tr[1]/td[1]/div/span"}
COMMAND: POST /session/86a389c01bc54833c1d480b3c129d65f/execute/sync - {"script":"<script> [56 bytes]","args":[{"element-6066-11e4-a52e-4f735466cecf":"f.89CEFFE823C31142EA3CFD6CAFD84276.d.0776C25FB1E96F8E148DF02D3215ACBA.e.6210","ELEMENT":"f.89CEFFE823C31142EA3CFD6CAFD84276.d.0776C25FB1E96F8E148DF02D3215ACBA.e.6210"}]}
RESULT: {"script":"<script> [56 bytes]","args":[{"element-6066-11e4-a52e-4f735466cecf":"f.89CEFFE823C31142EA3CFD6CAFD84276.d.0776C25FB1E96F8E148DF02D3215ACBA.e.6210","ELEMENT":"f.89CEFFE823C31142EA3CFD6CAFD84276.d.0776C25FB1E96F8E148DF02D3215ACBA.e.6210"}]}
COMMAND: POST /session/86a389c01bc54833c1d480b3c129d65f/element - {"using":"xpath","value":"//div[contains(@id, \"filterItemControl_BASIC-MAIN_ADDRESS-valueHelpDialog-table-rowsel0\")]"}
COMMAND: GET /session/86a389c01bc54833c1d480b3c129d65f/screenshot - {}
RESULT: {"using":"xpath","value":"//div[contains(@id, \"filterItemControl_BASIC-MAIN_ADDRESS-valueHelpDialog-table-rowsel0\")]"}
COMMAND: POST /session/86a389c01bc54833c1d480b3c129d65f/element/f.89CEFFE823C31142EA3CFD6CAFD84276.d.0776C25FB1E96F8E148DF02D3215ACBA.e.6211/click - {}
RESULT: {}
RESULT: {}
COMMAND: GET /session/86a389c01bc54833c1d480b3c129d65f/screenshot - {}
RESULT: {}
COMMAND: POST /session/86a389c01bc54833c1d480b3c129d65f/element - {"using":"xpath","value":"(//bdi[contains(text(), \"OK\")])[1]"}
RESULT: {"using":"xpath","value":"(//bdi[contains(text(), \"OK\")])[1]"}
COMMAND: POST /session/86a389c01bc54833c1d480b3c129d65f/element/f.89CEFFE823C31142EA3CFD6CAFD84276.d.0776C25FB1E96F8E148DF02D3215ACBA.e.6213/click - {}
RESULT: {}
COMMAND: GET /session/86a389c01bc54833c1d480b3c129d65f/screenshot - {}
RESULT: {}
COMMAND: POST /session/86a389c01bc54833c1d480b3c129d65f/element - {"using":"xpath","value":"//span[@id=\"application-managepartners-display-component---masterPtm--smartTable-header-inner\"]"}
RESULT: {"using":"xpath","value":"//span[@id=\"application-managepartners-display-component---masterPtm--smartTable-header-inner\"]"}
COMMAND: POST /session/86a389c01bc54833c1d480b3c129d65f/elements - {"using":"xpath","value":"//span[@id=\"application-managepartners-display-component---masterPtm--smartTable-header-inner\"]"}
RESULT: {"using":"xpath","value":"//span[@id=\"application-managepartners-display-component---masterPtm--smartTable-header-inner\"]"}
COMMAND: POST /session/86a389c01bc54833c1d480b3c129d65f/execute/sync - {"script":"<script> [56 bytes]","args":[{"element-6066-11e4-a52e-4f735466cecf":"f.89CEFFE823C31142EA3CFD6CAFD84276.d.0776C25FB1E96F8E148DF02D3215ACBA.e.6008","ELEMENT":"f.89CEFFE823C31142EA3CFD6CAFD84276.d.0776C25FB1E96F8E148DF02D3215ACBA.e.6008"}]}
RESULT: {"script":"<script> [56 bytes]","args":[{"element-6066-11e4-a52e-4f735466cecf":"f.89CEFFE823C31142EA3CFD6CAFD84276.d.0776C25FB1E96F8E148DF02D3215ACBA.e.6008","ELEMENT":"f.89CEFFE823C31142EA3CFD6CAFD84276.d.0776C25FB1E96F8E148DF02D3215ACBA.e.6008"}]}
COMMAND: POST /session/86a389c01bc54833c1d480b3c129d65f/element - {"using":"xpath","value":"//span[contains(@title, \"Remove\")]"}
COMMAND: GET /session/86a389c01bc54833c1d480b3c129d65f/screenshot - {}
RESULT: {"using":"xpath","value":"//span[contains(@title, \"Remove\")]"}
COMMAND: POST /session/86a389c01bc54833c1d480b3c129d65f/element/f.89CEFFE823C31142EA3CFD6CAFD84276.d.0776C25FB1E96F8E148DF02D3215ACBA.e.6226/click - {}
RESULT: {}
RESULT: {}
COMMAND: GET /session/86a389c01bc54833c1d480b3c129d65f/screenshot - {}
COMMAND: POST /session/86a389c01bc54833c1d480b3c129d65f/element - {"using":"xpath","value":"//span[@id=\"application-managepartners-display-component---masterPtm--smartTable-header-inner\"]"}
RESULT: {}
RESULT: {"using":"xpath","value":"//span[@id=\"application-managepartners-display-component---masterPtm--smartTable-header-inner\"]"}
COMMAND: POST /session/86a389c01bc54833c1d480b3c129d65f/elements - {"using":"xpath","value":"//span[@id=\"application-managepartners-display-component---masterPtm--smartTable-header-inner\"]"}
RESULT: {"using":"xpath","value":"//span[@id=\"application-managepartners-display-component---masterPtm--smartTable-header-inner\"]"}
COMMAND: POST /session/86a389c01bc54833c1d480b3c129d65f/execute/sync - {"script":"<script> [56 bytes]","args":[{"element-6066-11e4-a52e-4f735466cecf":"f.89CEFFE823C31142EA3CFD6CAFD84276.d.0776C25FB1E96F8E148DF02D3215ACBA.e.6008","ELEMENT":"f.89CEFFE823C31142EA3CFD6CAFD84276.d.0776C25FB1E96F8E148DF02D3215ACBA.e.6008"}]}
RESULT: {"script":"<script> [56 bytes]","args":[{"element-6066-11e4-a52e-4f735466cecf":"f.89CEFFE823C31142EA3CFD6CAFD84276.d.0776C25FB1E96F8E148DF02D3215ACBA.e.6008","ELEMENT":"f.89CEFFE823C31142EA3CFD6CAFD84276.d.0776C25FB1E96F8E148DF02D3215ACBA.e.6008"}]}
COMMAND: POST /session/86a389c01bc54833c1d480b3c129d65f/execute/async - {"script":"<script> [1562 bytes]","args":[{"selector":{"id":"application-managepartners-display-component---masterPtm--smartFilterBar-filterItemControl_BASIC-YARD-vhi"},"wdio_ui5_key":"applicationmanagepartners-display-component---masterPtm--smartFilterBar-filterItemControl_BASIC-YARD-vhi"}]}
COMMAND: GET /session/86a389c01bc54833c1d480b3c129d65f/screenshot - {}
RESULT: {"script":"<script> [1562 bytes]","args":[{"selector":{"id":"application-managepartners-display-component---masterPtm--smartFilterBar-filterItemControl_BASIC-YARD-vhi"},"wdio_ui5_key":"applicationmanagepartners-display-component---masterPtm--smartFilterBar-filterItemControl_BASIC-YARD-vhi"}]}
RESULT: undefined
COMMAND: POST /session/86a389c01bc54833c1d480b3c129d65f/element - {"using":"xpath","value":"//*[@id=\"application-managepartners-display-component---masterPtm--smartFilterBar-filterItemControl_BASIC-YARD-vhi\"]"}
RESULT: {}
RESULT: {"using":"xpath","value":"//*[@id=\"application-managepartners-display-component---masterPtm--smartFilterBar-filterItemControl_BASIC-YARD-vhi\"]"}
COMMAND: POST /session/86a389c01bc54833c1d480b3c129d65f/element/f.89CEFFE823C31142EA3CFD6CAFD84276.d.0776C25FB1E96F8E148DF02D3215ACBA.e.6328/click - {}
RESULT: {}
COMMAND: GET /session/86a389c01bc54833c1d480b3c129d65f/screenshot - {}
RESULT: {}
COMMAND: POST /session/86a389c01bc54833c1d480b3c129d65f/execute/async - {"script":"<script> [1562 bytes]","args":[{"selector":{"id":"application-managepartners-display-component---masterPtm--smartFilterBar-filterItemControl_BASIC-YARD-valueHelpDialog-smartFilterBar-btnBasicSearch","searchOpenDialogs":true,"interaction":{"idSuffix":"I"}},"wdio_ui5_key":"applicationmanagepartners-display-component---masterPtm--smartFilterBar-filterItemControl_BASIC-YARD-valueHelpDialog-smartFilterBar-btnBasicSearch"}]}
RESULT: {"script":"<script> [1562 bytes]","args":[{"selector":{"id":"application-managepartners-display-component---masterPtm--smartFilterBar-filterItemControl_BASIC-YARD-valueHelpDialog-smartFilterBar-btnBasicSearch","searchOpenDialogs":true,"interaction":{"idSuffix":"I"}},"wdio_ui5_key":"applicationmanagepartners-display-component---masterPtm--smartFilterBar-filterItemControl_BASIC-YARD-valueHelpDialog-smartFilterBar-btnBasicSearch"}]}
RESULT: undefined
COMMAND: POST /session/86a389c01bc54833c1d480b3c129d65f/execute/async - {"script":"<script> [776 bytes]","args":[{"enterText":"Test","selector":{"id":"application-managepartners-display-component---masterPtm--smartFilterBar-filterItemControl_BASIC-YARD-valueHelpDialog-smartFilterBar-btnBasicSearch","searchOpenDialogs":true,"interaction":{"idSuffix":"I"}},"clearTextFirst":true,"interactionType":"ENTER_TEXT"}]}
RESULT: {"script":"<script> [776 bytes]","args":[{"enterText":"Test","selector":{"id":"application-managepartners-display-component---masterPtm--smartFilterBar-filterItemControl_BASIC-YARD-valueHelpDialog-smartFilterBar-btnBasicSearch","searchOpenDialogs":true,"interaction":{"idSuffix":"I"}},"clearTextFirst":true,"interactionType":"ENTER_TEXT"}]}
COMMAND: POST /session/86a389c01bc54833c1d480b3c129d65f/actions - {"actions":[{"id":"action19","type":"key","parameters":{},"actions":[{"type":"keyDown","value":"î€‡"},{"type":"pause","duration":10},{"type":"keyUp","value":"î€‡"}]}]}
RESULT: {"actions":[{"id":"action19","type":"key","parameters":{},"actions":[{"type":"keyDown","value":"î€‡"},{"type":"pause","duration":10},{"type":"keyUp","value":"î€‡"}]}]}
COMMAND: POST /session/86a389c01bc54833c1d480b3c129d65f/elements - {"using":"xpath","value":"//table[contains(@id, \"smartFilterBar-filterItemControl_BASIC-YARD-valueHelpDialog-table-table\")]/tbody/tr"}
COMMAND: GET /session/86a389c01bc54833c1d480b3c129d65f/screenshot - {}
RESULT: {"using":"xpath","value":"//table[contains(@id, \"smartFilterBar-filterItemControl_BASIC-YARD-valueHelpDialog-table-table\")]/tbody/tr"}
COMMAND: POST /session/86a389c01bc54833c1d480b3c129d65f/element - {"using":"xpath","value":"//table[contains(@id, \"smartFilterBar-filterItemControl_BASIC-YARD-valueHelpDialog-table-table\")]/tbody/tr[1]/td[1]/div/span"}
RESULT: {}
RESULT: {"using":"xpath","value":"//table[contains(@id, \"smartFilterBar-filterItemControl_BASIC-YARD-valueHelpDialog-table-table\")]/tbody/tr[1]/td[1]/div/span"}
COMMAND: POST /session/86a389c01bc54833c1d480b3c129d65f/elements - {"using":"xpath","value":"//table[contains(@id, \"smartFilterBar-filterItemControl_BASIC-YARD-valueHelpDialog-table-table\")]/tbody/tr[1]/td[1]/div/span"}
RESULT: {"using":"xpath","value":"//table[contains(@id, \"smartFilterBar-filterItemControl_BASIC-YARD-valueHelpDialog-table-table\")]/tbody/tr[1]/td[1]/div/span"}
COMMAND: POST /session/86a389c01bc54833c1d480b3c129d65f/execute/sync - {"script":"<script> [56 bytes]","args":[{"element-6066-11e4-a52e-4f735466cecf":"f.89CEFFE823C31142EA3CFD6CAFD84276.d.0776C25FB1E96F8E148DF02D3215ACBA.e.6349","ELEMENT":"f.89CEFFE823C31142EA3CFD6CAFD84276.d.0776C25FB1E96F8E148DF02D3215ACBA.e.6349"}]}
RESULT: {"script":"<script> [56 bytes]","args":[{"element-6066-11e4-a52e-4f735466cecf":"f.89CEFFE823C31142EA3CFD6CAFD84276.d.0776C25FB1E96F8E148DF02D3215ACBA.e.6349","ELEMENT":"f.89CEFFE823C31142EA3CFD6CAFD84276.d.0776C25FB1E96F8E148DF02D3215ACBA.e.6349"}]}
COMMAND: POST /session/86a389c01bc54833c1d480b3c129d65f/element - {"using":"xpath","value":"//table[contains(@id, \"smartFilterBar-filterItemControl_BASIC-YARD-valueHelpDialog-table-table\")]/tbody/tr[2]/td[1]/div/span"}
COMMAND: GET /session/86a389c01bc54833c1d480b3c129d65f/screenshot - {}
RESULT: {"using":"xpath","value":"//table[contains(@id, \"smartFilterBar-filterItemControl_BASIC-YARD-valueHelpDialog-table-table\")]/tbody/tr[2]/td[1]/div/span"}
COMMAND: POST /session/86a389c01bc54833c1d480b3c129d65f/elements - {"using":"xpath","value":"//table[contains(@id, \"smartFilterBar-filterItemControl_BASIC-YARD-valueHelpDialog-table-table\")]/tbody/tr[2]/td[1]/div/span"}
RESULT: {}
RESULT: {"using":"xpath","value":"//table[contains(@id, \"smartFilterBar-filterItemControl_BASIC-YARD-valueHelpDialog-table-table\")]/tbody/tr[2]/td[1]/div/span"}
COMMAND: POST /session/86a389c01bc54833c1d480b3c129d65f/execute/sync - {"script":"<script> [56 bytes]","args":[{"element-6066-11e4-a52e-4f735466cecf":"f.89CEFFE823C31142EA3CFD6CAFD84276.d.0776C25FB1E96F8E148DF02D3215ACBA.e.6350","ELEMENT":"f.89CEFFE823C31142EA3CFD6CAFD84276.d.0776C25FB1E96F8E148DF02D3215ACBA.e.6350"}]}
RESULT: {"script":"<script> [56 bytes]","args":[{"element-6066-11e4-a52e-4f735466cecf":"f.89CEFFE823C31142EA3CFD6CAFD84276.d.0776C25FB1E96F8E148DF02D3215ACBA.e.6350","ELEMENT":"f.89CEFFE823C31142EA3CFD6CAFD84276.d.0776C25FB1E96F8E148DF02D3215ACBA.e.6350"}]}
COMMAND: POST /session/86a389c01bc54833c1d480b3c129d65f/element - {"using":"xpath","value":"//table[contains(@id, \"smartFilterBar-filterItemControl_BASIC-YARD-valueHelpDialog-table-table\")]/tbody/tr[3]/td[1]/div/span"}
COMMAND: GET /session/86a389c01bc54833c1d480b3c129d65f/screenshot - {}
RESULT: {"using":"xpath","value":"//table[contains(@id, \"smartFilterBar-filterItemControl_BASIC-YARD-valueHelpDialog-table-table\")]/tbody/tr[3]/td[1]/div/span"}
COMMAND: POST /session/86a389c01bc54833c1d480b3c129d65f/elements - {"using":"xpath","value":"//table[contains(@id, \"smartFilterBar-filterItemControl_BASIC-YARD-valueHelpDialog-table-table\")]/tbody/tr[3]/td[1]/div/span"}
RESULT: {}
RESULT: {"using":"xpath","value":"//table[contains(@id, \"smartFilterBar-filterItemControl_BASIC-YARD-valueHelpDialog-table-table\")]/tbody/tr[3]/td[1]/div/span"}
COMMAND: POST /session/86a389c01bc54833c1d480b3c129d65f/execute/sync - {"script":"<script> [56 bytes]","args":[{"element-6066-11e4-a52e-4f735466cecf":"f.89CEFFE823C31142EA3CFD6CAFD84276.d.0776C25FB1E96F8E148DF02D3215ACBA.e.6351","ELEMENT":"f.89CEFFE823C31142EA3CFD6CAFD84276.d.0776C25FB1E96F8E148DF02D3215ACBA.e.6351"}]}
RESULT: {"script":"<script> [56 bytes]","args":[{"element-6066-11e4-a52e-4f735466cecf":"f.89CEFFE823C31142EA3CFD6CAFD84276.d.0776C25FB1E96F8E148DF02D3215ACBA.e.6351","ELEMENT":"f.89CEFFE823C31142EA3CFD6CAFD84276.d.0776C25FB1E96F8E148DF02D3215ACBA.e.6351"}]}
COMMAND: POST /session/86a389c01bc54833c1d480b3c129d65f/element - {"using":"xpath","value":"//div[contains(@id, \"filterItemControl_BASIC-YARD-valueHelpDialog-table-rowsel2\")]"}
COMMAND: GET /session/86a389c01bc54833c1d480b3c129d65f/screenshot - {}
RESULT: {"using":"xpath","value":"//div[contains(@id, \"filterItemControl_BASIC-YARD-valueHelpDialog-table-rowsel2\")]"}
COMMAND: POST /session/86a389c01bc54833c1d480b3c129d65f/element/f.89CEFFE823C31142EA3CFD6CAFD84276.d.0776C25FB1E96F8E148DF02D3215ACBA.e.6352/click - {}
RESULT: {}
RESULT: {}
COMMAND: GET /session/86a389c01bc54833c1d480b3c129d65f/screenshot - {}
RESULT: {}
COMMAND: POST /session/86a389c01bc54833c1d480b3c129d65f/element - {"using":"xpath","value":"(//bdi[contains(text(), \"OK\")])[1]"}
RESULT: {"using":"xpath","value":"(//bdi[contains(text(), \"OK\")])[1]"}
COMMAND: POST /session/86a389c01bc54833c1d480b3c129d65f/element/f.89CEFFE823C31142EA3CFD6CAFD84276.d.0776C25FB1E96F8E148DF02D3215ACBA.e.6354/click - {}
RESULT: {}
COMMAND: GET /session/86a389c01bc54833c1d480b3c129d65f/screenshot - {}
RESULT: {}
COMMAND: POST /session/86a389c01bc54833c1d480b3c129d65f/element - {"using":"xpath","value":"//span[@id=\"application-managepartners-display-component---masterPtm--smartTable-header-inner\"]"}
RESULT: {"using":"xpath","value":"//span[@id=\"application-managepartners-display-component---masterPtm--smartTable-header-inner\"]"}
COMMAND: POST /session/86a389c01bc54833c1d480b3c129d65f/elements - {"using":"xpath","value":"//span[@id=\"application-managepartners-display-component---masterPtm--smartTable-header-inner\"]"}
RESULT: {"using":"xpath","value":"//span[@id=\"application-managepartners-display-component---masterPtm--smartTable-header-inner\"]"}
COMMAND: POST /session/86a389c01bc54833c1d480b3c129d65f/execute/sync - {"script":"<script> [56 bytes]","args":[{"element-6066-11e4-a52e-4f735466cecf":"f.89CEFFE823C31142EA3CFD6CAFD84276.d.0776C25FB1E96F8E148DF02D3215ACBA.e.6008","ELEMENT":"f.89CEFFE823C31142EA3CFD6CAFD84276.d.0776C25FB1E96F8E148DF02D3215ACBA.e.6008"}]}
RESULT: {"script":"<script> [56 bytes]","args":[{"element-6066-11e4-a52e-4f735466cecf":"f.89CEFFE823C31142EA3CFD6CAFD84276.d.0776C25FB1E96F8E148DF02D3215ACBA.e.6008","ELEMENT":"f.89CEFFE823C31142EA3CFD6CAFD84276.d.0776C25FB1E96F8E148DF02D3215ACBA.e.6008"}]}
COMMAND: POST /session/86a389c01bc54833c1d480b3c129d65f/element - {"using":"xpath","value":"//span[contains(@title, \"Remove\")]"}
COMMAND: GET /session/86a389c01bc54833c1d480b3c129d65f/screenshot - {}
RESULT: {"using":"xpath","value":"//span[contains(@title, \"Remove\")]"}
COMMAND: POST /session/86a389c01bc54833c1d480b3c129d65f/element/f.89CEFFE823C31142EA3CFD6CAFD84276.d.0776C25FB1E96F8E148DF02D3215ACBA.e.6368/click - {}
RESULT: {}
RESULT: {}
COMMAND: GET /session/86a389c01bc54833c1d480b3c129d65f/screenshot - {}
COMMAND: POST /session/86a389c01bc54833c1d480b3c129d65f/element - {"using":"xpath","value":"//span[@id=\"application-managepartners-display-component---masterPtm--smartTable-header-inner\"]"}
RESULT: {}
RESULT: {"using":"xpath","value":"//span[@id=\"application-managepartners-display-component---masterPtm--smartTable-header-inner\"]"}
COMMAND: POST /session/86a389c01bc54833c1d480b3c129d65f/elements - {"using":"xpath","value":"//span[@id=\"application-managepartners-display-component---masterPtm--smartTable-header-inner\"]"}
RESULT: {"using":"xpath","value":"//span[@id=\"application-managepartners-display-component---masterPtm--smartTable-header-inner\"]"}
COMMAND: POST /session/86a389c01bc54833c1d480b3c129d65f/execute/sync - {"script":"<script> [56 bytes]","args":[{"element-6066-11e4-a52e-4f735466cecf":"f.89CEFFE823C31142EA3CFD6CAFD84276.d.0776C25FB1E96F8E148DF02D3215ACBA.e.6008","ELEMENT":"f.89CEFFE823C31142EA3CFD6CAFD84276.d.0776C25FB1E96F8E148DF02D3215ACBA.e.6008"}]}
RESULT: {"script":"<script> [56 bytes]","args":[{"element-6066-11e4-a52e-4f735466cecf":"f.89CEFFE823C31142EA3CFD6CAFD84276.d.0776C25FB1E96F8E148DF02D3215ACBA.e.6008","ELEMENT":"f.89CEFFE823C31142EA3CFD6CAFD84276.d.0776C25FB1E96F8E148DF02D3215ACBA.e.6008"}]}
COMMAND: POST /session/86a389c01bc54833c1d480b3c129d65f/execute/async - {"script":"<script> [1562 bytes]","args":[{"selector":{"id":"application-managepartners-display-component---masterPtm--smartFilterBar-filterItemControl_BASIC-ALL_TAGS-vhi"},"wdio_ui5_key":"applicationmanagepartners-display-component---masterPtm--smartFilterBar-filterItemControl_BASIC-ALL_TAGS-vhi"}]}
COMMAND: GET /session/86a389c01bc54833c1d480b3c129d65f/screenshot - {}
RESULT: {"script":"<script> [1562 bytes]","args":[{"selector":{"id":"application-managepartners-display-component---masterPtm--smartFilterBar-filterItemControl_BASIC-ALL_TAGS-vhi"},"wdio_ui5_key":"applicationmanagepartners-display-component---masterPtm--smartFilterBar-filterItemControl_BASIC-ALL_TAGS-vhi"}]}
RESULT: undefined
COMMAND: POST /session/86a389c01bc54833c1d480b3c129d65f/element - {"using":"xpath","value":"//*[@id=\"application-managepartners-display-component---masterPtm--smartFilterBar-filterItemControl_BASIC-ALL_TAGS-vhi\"]"}
RESULT: {}
RESULT: {"using":"xpath","value":"//*[@id=\"application-managepartners-display-component---masterPtm--smartFilterBar-filterItemControl_BASIC-ALL_TAGS-vhi\"]"}
COMMAND: POST /session/86a389c01bc54833c1d480b3c129d65f/element/f.89CEFFE823C31142EA3CFD6CAFD84276.d.0776C25FB1E96F8E148DF02D3215ACBA.e.6472/click - {}
RESULT: {}
COMMAND: GET /session/86a389c01bc54833c1d480b3c129d65f/screenshot - {}
RESULT: {}
COMMAND: POST /session/86a389c01bc54833c1d480b3c129d65f/execute/async - {"script":"<script> [1562 bytes]","args":[{"selector":{"id":"application-managepartners-display-component---masterPtm--smartFilterBar-filterItemControl_BASIC-ALL_TAGS-valueHelpDialog-smartFilterBar-btnBasicSearch","searchOpenDialogs":true,"interaction":{"idSuffix":"I"}},"wdio_ui5_key":"applicationmanagepartners-display-component---masterPtm--smartFilterBar-filterItemControl_BASIC-ALL_TAGS-valueHelpDialog-smartFilterBar-btnBasicSearch"}]}
RESULT: {"script":"<script> [1562 bytes]","args":[{"selector":{"id":"application-managepartners-display-component---masterPtm--smartFilterBar-filterItemControl_BASIC-ALL_TAGS-valueHelpDialog-smartFilterBar-btnBasicSearch","searchOpenDialogs":true,"interaction":{"idSuffix":"I"}},"wdio_ui5_key":"applicationmanagepartners-display-component---masterPtm--smartFilterBar-filterItemControl_BASIC-ALL_TAGS-valueHelpDialog-smartFilterBar-btnBasicSearch"}]}
RESULT: undefined
COMMAND: POST /session/86a389c01bc54833c1d480b3c129d65f/execute/async - {"script":"<script> [776 bytes]","args":[{"enterText":"test-tag-1","selector":{"id":"application-managepartners-display-component---masterPtm--smartFilterBar-filterItemControl_BASIC-ALL_TAGS-valueHelpDialog-smartFilterBar-btnBasicSearch","searchOpenDialogs":true,"interaction":{"idSuffix":"I"}},"clearTextFirst":true,"interactionType":"ENTER_TEXT"}]}
RESULT: {"script":"<script> [776 bytes]","args":[{"enterText":"test-tag-1","selector":{"id":"application-managepartners-display-component---masterPtm--smartFilterBar-filterItemControl_BASIC-ALL_TAGS-valueHelpDialog-smartFilterBar-btnBasicSearch","searchOpenDialogs":true,"interaction":{"idSuffix":"I"}},"clearTextFirst":true,"interactionType":"ENTER_TEXT"}]}
COMMAND: POST /session/86a389c01bc54833c1d480b3c129d65f/actions - {"actions":[{"id":"action20","type":"key","parameters":{},"actions":[{"type":"keyDown","value":"î€‡"},{"type":"pause","duration":10},{"type":"keyUp","value":"î€‡"}]}]}
RESULT: {"actions":[{"id":"action20","type":"key","parameters":{},"actions":[{"type":"keyDown","value":"î€‡"},{"type":"pause","duration":10},{"type":"keyUp","value":"î€‡"}]}]}
COMMAND: POST /session/86a389c01bc54833c1d480b3c129d65f/elements - {"using":"xpath","value":"//table[contains(@id, \"smartFilterBar-filterItemControl_BASIC-ALL_TAGS-valueHelpDialog-table-table\")]/tbody/tr"}
COMMAND: GET /session/86a389c01bc54833c1d480b3c129d65f/screenshot - {}
RESULT: {"using":"xpath","value":"//table[contains(@id, \"smartFilterBar-filterItemControl_BASIC-ALL_TAGS-valueHelpDialog-table-table\")]/tbody/tr"}
COMMAND: POST /session/86a389c01bc54833c1d480b3c129d65f/element - {"using":"xpath","value":"//table[contains(@id, \"smartFilterBar-filterItemControl_BASIC-ALL_TAGS-valueHelpDialog-table-table\")]/tbody/tr[1]/td[1]/div/span"}
RESULT: {}
RESULT: {"using":"xpath","value":"//table[contains(@id, \"smartFilterBar-filterItemControl_BASIC-ALL_TAGS-valueHelpDialog-table-table\")]/tbody/tr[1]/td[1]/div/span"}
COMMAND: POST /session/86a389c01bc54833c1d480b3c129d65f/elements - {"using":"xpath","value":"//table[contains(@id, \"smartFilterBar-filterItemControl_BASIC-ALL_TAGS-valueHelpDialog-table-table\")]/tbody/tr[1]/td[1]/div/span"}
RESULT: {"using":"xpath","value":"//table[contains(@id, \"smartFilterBar-filterItemControl_BASIC-ALL_TAGS-valueHelpDialog-table-table\")]/tbody/tr[1]/td[1]/div/span"}
COMMAND: POST /session/86a389c01bc54833c1d480b3c129d65f/execute/sync - {"script":"<script> [56 bytes]","args":[{"element-6066-11e4-a52e-4f735466cecf":"f.89CEFFE823C31142EA3CFD6CAFD84276.d.0776C25FB1E96F8E148DF02D3215ACBA.e.6494","ELEMENT":"f.89CEFFE823C31142EA3CFD6CAFD84276.d.0776C25FB1E96F8E148DF02D3215ACBA.e.6494"}]}
RESULT: {"script":"<script> [56 bytes]","args":[{"element-6066-11e4-a52e-4f735466cecf":"f.89CEFFE823C31142EA3CFD6CAFD84276.d.0776C25FB1E96F8E148DF02D3215ACBA.e.6494","ELEMENT":"f.89CEFFE823C31142EA3CFD6CAFD84276.d.0776C25FB1E96F8E148DF02D3215ACBA.e.6494"}]}
COMMAND: POST /session/86a389c01bc54833c1d480b3c129d65f/element - {"using":"xpath","value":"//div[contains(@id, \"filterItemControl_BASIC-ALL_TAGS-valueHelpDialog-table-rowsel0\")]"}
COMMAND: GET /session/86a389c01bc54833c1d480b3c129d65f/screenshot - {}
RESULT: {"using":"xpath","value":"//div[contains(@id, \"filterItemControl_BASIC-ALL_TAGS-valueHelpDialog-table-rowsel0\")]"}
COMMAND: POST /session/86a389c01bc54833c1d480b3c129d65f/element/f.89CEFFE823C31142EA3CFD6CAFD84276.d.0776C25FB1E96F8E148DF02D3215ACBA.e.6495/click - {}
RESULT: {}
RESULT: {}
COMMAND: GET /session/86a389c01bc54833c1d480b3c129d65f/screenshot - {}
RESULT: {}
COMMAND: POST /session/86a389c01bc54833c1d480b3c129d65f/element - {"using":"xpath","value":"(//bdi[contains(text(), \"OK\")])[1]"}
RESULT: {"using":"xpath","value":"(//bdi[contains(text(), \"OK\")])[1]"}
COMMAND: POST /session/86a389c01bc54833c1d480b3c129d65f/element/f.89CEFFE823C31142EA3CFD6CAFD84276.d.0776C25FB1E96F8E148DF02D3215ACBA.e.6497/click - {}
RESULT: {}
COMMAND: GET /session/86a389c01bc54833c1d480b3c129d65f/screenshot - {}
RESULT: {}
COMMAND: POST /session/86a389c01bc54833c1d480b3c129d65f/element - {"using":"xpath","value":"//span[@id=\"application-managepartners-display-component---masterPtm--smartTable-header-inner\"]"}
RESULT: {"using":"xpath","value":"//span[@id=\"application-managepartners-display-component---masterPtm--smartTable-header-inner\"]"}
COMMAND: POST /session/86a389c01bc54833c1d480b3c129d65f/elements - {"using":"xpath","value":"//span[@id=\"application-managepartners-display-component---masterPtm--smartTable-header-inner\"]"}
RESULT: {"using":"xpath","value":"//span[@id=\"application-managepartners-display-component---masterPtm--smartTable-header-inner\"]"}
COMMAND: POST /session/86a389c01bc54833c1d480b3c129d65f/execute/sync - {"script":"<script> [56 bytes]","args":[{"element-6066-11e4-a52e-4f735466cecf":"f.89CEFFE823C31142EA3CFD6CAFD84276.d.0776C25FB1E96F8E148DF02D3215ACBA.e.6008","ELEMENT":"f.89CEFFE823C31142EA3CFD6CAFD84276.d.0776C25FB1E96F8E148DF02D3215ACBA.e.6008"}]}
RESULT: {"script":"<script> [56 bytes]","args":[{"element-6066-11e4-a52e-4f735466cecf":"f.89CEFFE823C31142EA3CFD6CAFD84276.d.0776C25FB1E96F8E148DF02D3215ACBA.e.6008","ELEMENT":"f.89CEFFE823C31142EA3CFD6CAFD84276.d.0776C25FB1E96F8E148DF02D3215ACBA.e.6008"}]}
COMMAND: POST /session/86a389c01bc54833c1d480b3c129d65f/element - {"using":"xpath","value":"//span[contains(@title, \"Remove\")]"}
COMMAND: GET /session/86a389c01bc54833c1d480b3c129d65f/screenshot - {}
RESULT: {"using":"xpath","value":"//span[contains(@title, \"Remove\")]"}
COMMAND: POST /session/86a389c01bc54833c1d480b3c129d65f/element/f.89CEFFE823C31142EA3CFD6CAFD84276.d.0776C25FB1E96F8E148DF02D3215ACBA.e.6519/click - {}
RESULT: {}
RESULT: {}
COMMAND: GET /session/86a389c01bc54833c1d480b3c129d65f/screenshot - {}
COMMAND: POST /session/86a389c01bc54833c1d480b3c129d65f/execute/async - {"script":"<script> [1562 bytes]","args":[{"selector":{"id":"application-managepartners-display-component---masterPtm--partnerTypes-arrow"},"wdio_ui5_key":"applicationmanagepartners-display-component---masterPtm--partnerTypes-arrow"}]}
RESULT: {}
RESULT: {"script":"<script> [1562 bytes]","args":[{"selector":{"id":"application-managepartners-display-component---masterPtm--partnerTypes-arrow"},"wdio_ui5_key":"applicationmanagepartners-display-component---masterPtm--partnerTypes-arrow"}]}
RESULT: undefined
COMMAND: POST /session/86a389c01bc54833c1d480b3c129d65f/element - {"using":"xpath","value":"//*[@id=\"application-managepartners-display-component---masterPtm--partnerTypes-arrow\"]"}
RESULT: {"using":"xpath","value":"//*[@id=\"application-managepartners-display-component---masterPtm--partnerTypes-arrow\"]"}
COMMAND: POST /session/86a389c01bc54833c1d480b3c129d65f/element/f.89CEFFE823C31142EA3CFD6CAFD84276.d.0776C25FB1E96F8E148DF02D3215ACBA.e.6620/click - {}
RESULT: {}
COMMAND: GET /session/86a389c01bc54833c1d480b3c129d65f/screenshot - {}
RESULT: {}
COMMAND: POST /session/86a389c01bc54833c1d480b3c129d65f/element - {"using":"xpath","value":"//li[.//span[text()=\"External partner\"]]//div[contains(@class,\"sapMCbBg\")]"}
RESULT: {"using":"xpath","value":"//li[.//span[text()=\"External partner\"]]//div[contains(@class,\"sapMCbBg\")]"}
COMMAND: POST /session/86a389c01bc54833c1d480b3c129d65f/element/f.89CEFFE823C31142EA3CFD6CAFD84276.d.0776C25FB1E96F8E148DF02D3215ACBA.e.6625/click - {}
RESULT: {}
COMMAND: GET /session/86a389c01bc54833c1d480b3c129d65f/screenshot - {}
RESULT: {}
COMMAND: POST /session/86a389c01bc54833c1d480b3c129d65f/element - {"using":"xpath","value":"//span[@id=\"application-managepartners-display-component---masterPtm--smartTable-header-inner\"]"}
RESULT: {"using":"xpath","value":"//span[@id=\"application-managepartners-display-component---masterPtm--smartTable-header-inner\"]"}
COMMAND: POST /session/86a389c01bc54833c1d480b3c129d65f/elements - {"using":"xpath","value":"//span[@id=\"application-managepartners-display-component---masterPtm--smartTable-header-inner\"]"}
RESULT: {"using":"xpath","value":"//span[@id=\"application-managepartners-display-component---masterPtm--smartTable-header-inner\"]"}
COMMAND: POST /session/86a389c01bc54833c1d480b3c129d65f/execute/sync - {"script":"<script> [56 bytes]","args":[{"element-6066-11e4-a52e-4f735466cecf":"f.89CEFFE823C31142EA3CFD6CAFD84276.d.0776C25FB1E96F8E148DF02D3215ACBA.e.6008","ELEMENT":"f.89CEFFE823C31142EA3CFD6CAFD84276.d.0776C25FB1E96F8E148DF02D3215ACBA.e.6008"}]}
RESULT: {"script":"<script> [56 bytes]","args":[{"element-6066-11e4-a52e-4f735466cecf":"f.89CEFFE823C31142EA3CFD6CAFD84276.d.0776C25FB1E96F8E148DF02D3215ACBA.e.6008","ELEMENT":"f.89CEFFE823C31142EA3CFD6CAFD84276.d.0776C25FB1E96F8E148DF02D3215ACBA.e.6008"}]}
COMMAND: POST /session/86a389c01bc54833c1d480b3c129d65f/element - {"using":"xpath","value":"//span[contains(@title, \"Remove\")]"}
COMMAND: GET /session/86a389c01bc54833c1d480b3c129d65f/screenshot - {}
RESULT: {"using":"xpath","value":"//span[contains(@title, \"Remove\")]"}
COMMAND: POST /session/86a389c01bc54833c1d480b3c129d65f/element/f.89CEFFE823C31142EA3CFD6CAFD84276.d.0776C25FB1E96F8E148DF02D3215ACBA.e.6711/click - {}
RESULT: {}
RESULT: {}
COMMAND: GET /session/86a389c01bc54833c1d480b3c129d65f/screenshot - {}
RESULT: {}
COMMAND: POST /session/86a389c01bc54833c1d480b3c129d65f/execute/async - {"script":"<script> [1562 bytes]","args":[{"selector":{"id":"application-managepartners-display-component---masterPtm--smartFilterBar-btnFilters","interaction":{"idSuffix":"BDI-content"}},"wdio_ui5_key":"applicationmanagepartners-display-component---masterPtm--smartFilterBar-btnFilters"}]}
RESULT: {"script":"<script> [1562 bytes]","args":[{"selector":{"id":"application-managepartners-display-component---masterPtm--smartFilterBar-btnFilters","interaction":{"idSuffix":"BDI-content"}},"wdio_ui5_key":"applicationmanagepartners-display-component---masterPtm--smartFilterBar-btnFilters"}]}
RESULT: undefined
COMMAND: POST /session/86a389c01bc54833c1d480b3c129d65f/element - {"using":"xpath","value":"//*[@id=\"application-managepartners-display-component---masterPtm--smartFilterBar-btnFilters\"]"}
RESULT: {"using":"xpath","value":"//*[@id=\"application-managepartners-display-component---masterPtm--smartFilterBar-btnFilters\"]"}
COMMAND: POST /session/86a389c01bc54833c1d480b3c129d65f/element/f.89CEFFE823C31142EA3CFD6CAFD84276.d.0776C25FB1E96F8E148DF02D3215ACBA.e.5849/click - {}
RESULT: {}
COMMAND: GET /session/86a389c01bc54833c1d480b3c129d65f/screenshot - {}
RESULT: {}
COMMAND: POST /session/86a389c01bc54833c1d480b3c129d65f/elements - {"using":"xpath","value":"//table[contains(@id, \"listView-innerSelectionPanelTable-listUl\")]/tbody/tr"}
RESULT: {"using":"xpath","value":"//table[contains(@id, \"listView-innerSelectionPanelTable-listUl\")]/tbody/tr"}
COMMAND: POST /session/86a389c01bc54833c1d480b3c129d65f/element - {"using":"xpath","value":"//table[contains(@id, \"listView-innerSelectionPanelTable-listUl\")]/tbody/tr[2]/td[2]/div/div"}
RESULT: {"using":"xpath","value":"//table[contains(@id, \"listView-innerSelectionPanelTable-listUl\")]/tbody/tr[2]/td[2]/div/div"}
COMMAND: POST /session/86a389c01bc54833c1d480b3c129d65f/element - {"using":"xpath","value":"//table[contains(@id, \"listView-innerSelectionPanelTable-listUl\")]/tbody/tr[2]/td[2]/div"}
RESULT: {"using":"xpath","value":"//table[contains(@id, \"listView-innerSelectionPanelTable-listUl\")]/tbody/tr[2]/td[2]/div"}
COMMAND: POST /session/86a389c01bc54833c1d480b3c129d65f/element - {"using":"xpath","value":"//table[contains(@id, \"listView-innerSelectionPanelTable-listUl\")]/tbody/tr[2]/td[3]/div/div/span/span[1]/bdi"}
RESULT: {"using":"xpath","value":"//table[contains(@id, \"listView-innerSelectionPanelTable-listUl\")]/tbody/tr[2]/td[3]/div/div/span/span[1]/bdi"}
COMMAND: POST /session/86a389c01bc54833c1d480b3c129d65f/execute/sync - {"script":"<script> [56 bytes]","args":[{"element-6066-11e4-a52e-4f735466cecf":"f.89CEFFE823C31142EA3CFD6CAFD84276.d.0776C25FB1E96F8E148DF02D3215ACBA.e.6826","ELEMENT":"f.89CEFFE823C31142EA3CFD6CAFD84276.d.0776C25FB1E96F8E148DF02D3215ACBA.e.6826"}]}
RESULT: {"script":"<script> [56 bytes]","args":[{"element-6066-11e4-a52e-4f735466cecf":"f.89CEFFE823C31142EA3CFD6CAFD84276.d.0776C25FB1E96F8E148DF02D3215ACBA.e.6826","ELEMENT":"f.89CEFFE823C31142EA3CFD6CAFD84276.d.0776C25FB1E96F8E148DF02D3215ACBA.e.6826"}]}
COMMAND: GET /session/86a389c01bc54833c1d480b3c129d65f/element/f.89CEFFE823C31142EA3CFD6CAFD84276.d.0776C25FB1E96F8E148DF02D3215ACBA.e.6825/attribute/aria-checked - {}
COMMAND: GET /session/86a389c01bc54833c1d480b3c129d65f/screenshot - {}
RESULT: {}
COMMAND: POST /session/86a389c01bc54833c1d480b3c129d65f/element - {"using":"xpath","value":"//table[contains(@id, \"listView-innerSelectionPanelTable-listUl\")]/tbody/tr[3]/td[2]/div/div"}
RESULT: {}
RESULT: {"using":"xpath","value":"//table[contains(@id, \"listView-innerSelectionPanelTable-listUl\")]/tbody/tr[3]/td[2]/div/div"}
COMMAND: POST /session/86a389c01bc54833c1d480b3c129d65f/element - {"using":"xpath","value":"//table[contains(@id, \"listView-innerSelectionPanelTable-listUl\")]/tbody/tr[3]/td[2]/div"}
RESULT: {"using":"xpath","value":"//table[contains(@id, \"listView-innerSelectionPanelTable-listUl\")]/tbody/tr[3]/td[2]/div"}
COMMAND: POST /session/86a389c01bc54833c1d480b3c129d65f/element - {"using":"xpath","value":"//table[contains(@id, \"listView-innerSelectionPanelTable-listUl\")]/tbody/tr[3]/td[3]/div/div/span/span[1]/bdi"}
RESULT: {"using":"xpath","value":"//table[contains(@id, \"listView-innerSelectionPanelTable-listUl\")]/tbody/tr[3]/td[3]/div/div/span/span[1]/bdi"}
COMMAND: POST /session/86a389c01bc54833c1d480b3c129d65f/execute/sync - {"script":"<script> [56 bytes]","args":[{"element-6066-11e4-a52e-4f735466cecf":"f.89CEFFE823C31142EA3CFD6CAFD84276.d.0776C25FB1E96F8E148DF02D3215ACBA.e.6829","ELEMENT":"f.89CEFFE823C31142EA3CFD6CAFD84276.d.0776C25FB1E96F8E148DF02D3215ACBA.e.6829"}]}
RESULT: {"script":"<script> [56 bytes]","args":[{"element-6066-11e4-a52e-4f735466cecf":"f.89CEFFE823C31142EA3CFD6CAFD84276.d.0776C25FB1E96F8E148DF02D3215ACBA.e.6829","ELEMENT":"f.89CEFFE823C31142EA3CFD6CAFD84276.d.0776C25FB1E96F8E148DF02D3215ACBA.e.6829"}]}
COMMAND: GET /session/86a389c01bc54833c1d480b3c129d65f/element/f.89CEFFE823C31142EA3CFD6CAFD84276.d.0776C25FB1E96F8E148DF02D3215ACBA.e.6828/attribute/aria-checked - {}
COMMAND: GET /session/86a389c01bc54833c1d480b3c129d65f/screenshot - {}
RESULT: {}
COMMAND: POST /session/86a389c01bc54833c1d480b3c129d65f/element - {"using":"xpath","value":"//table[contains(@id, \"listView-innerSelectionPanelTable-listUl\")]/tbody/tr[4]/td[2]/div/div"}
RESULT: {}
RESULT: {"using":"xpath","value":"//table[contains(@id, \"listView-innerSelectionPanelTable-listUl\")]/tbody/tr[4]/td[2]/div/div"}
COMMAND: POST /session/86a389c01bc54833c1d480b3c129d65f/element - {"using":"xpath","value":"//table[contains(@id, \"listView-innerSelectionPanelTable-listUl\")]/tbody/tr[4]/td[2]/div"}
RESULT: {"using":"xpath","value":"//table[contains(@id, \"listView-innerSelectionPanelTable-listUl\")]/tbody/tr[4]/td[2]/div"}
COMMAND: POST /session/86a389c01bc54833c1d480b3c129d65f/element - {"using":"xpath","value":"//table[contains(@id, \"listView-innerSelectionPanelTable-listUl\")]/tbody/tr[4]/td[3]/div/div/span/span[1]/bdi"}
RESULT: {"using":"xpath","value":"//table[contains(@id, \"listView-innerSelectionPanelTable-listUl\")]/tbody/tr[4]/td[3]/div/div/span/span[1]/bdi"}
COMMAND: POST /session/86a389c01bc54833c1d480b3c129d65f/execute/sync - {"script":"<script> [56 bytes]","args":[{"element-6066-11e4-a52e-4f735466cecf":"f.89CEFFE823C31142EA3CFD6CAFD84276.d.0776C25FB1E96F8E148DF02D3215ACBA.e.6832","ELEMENT":"f.89CEFFE823C31142EA3CFD6CAFD84276.d.0776C25FB1E96F8E148DF02D3215ACBA.e.6832"}]}
RESULT: {"script":"<script> [56 bytes]","args":[{"element-6066-11e4-a52e-4f735466cecf":"f.89CEFFE823C31142EA3CFD6CAFD84276.d.0776C25FB1E96F8E148DF02D3215ACBA.e.6832","ELEMENT":"f.89CEFFE823C31142EA3CFD6CAFD84276.d.0776C25FB1E96F8E148DF02D3215ACBA.e.6832"}]}
COMMAND: GET /session/86a389c01bc54833c1d480b3c129d65f/element/f.89CEFFE823C31142EA3CFD6CAFD84276.d.0776C25FB1E96F8E148DF02D3215ACBA.e.6831/attribute/aria-checked - {}
COMMAND: GET /session/86a389c01bc54833c1d480b3c129d65f/screenshot - {}
RESULT: {}
COMMAND: POST /session/86a389c01bc54833c1d480b3c129d65f/element - {"using":"xpath","value":"//table[contains(@id, \"listView-innerSelectionPanelTable-listUl\")]/tbody/tr[5]/td[2]/div/div"}
RESULT: {}
RESULT: {"using":"xpath","value":"//table[contains(@id, \"listView-innerSelectionPanelTable-listUl\")]/tbody/tr[5]/td[2]/div/div"}
COMMAND: POST /session/86a389c01bc54833c1d480b3c129d65f/element - {"using":"xpath","value":"//table[contains(@id, \"listView-innerSelectionPanelTable-listUl\")]/tbody/tr[5]/td[2]/div"}
RESULT: {"using":"xpath","value":"//table[contains(@id, \"listView-innerSelectionPanelTable-listUl\")]/tbody/tr[5]/td[2]/div"}
COMMAND: POST /session/86a389c01bc54833c1d480b3c129d65f/element - {"using":"xpath","value":"//table[contains(@id, \"listView-innerSelectionPanelTable-listUl\")]/tbody/tr[5]/td[3]/div/div/span/span[1]/bdi"}
RESULT: {"using":"xpath","value":"//table[contains(@id, \"listView-innerSelectionPanelTable-listUl\")]/tbody/tr[5]/td[3]/div/div/span/span[1]/bdi"}
COMMAND: POST /session/86a389c01bc54833c1d480b3c129d65f/execute/sync - {"script":"<script> [56 bytes]","args":[{"element-6066-11e4-a52e-4f735466cecf":"f.89CEFFE823C31142EA3CFD6CAFD84276.d.0776C25FB1E96F8E148DF02D3215ACBA.e.6835","ELEMENT":"f.89CEFFE823C31142EA3CFD6CAFD84276.d.0776C25FB1E96F8E148DF02D3215ACBA.e.6835"}]}
RESULT: {"script":"<script> [56 bytes]","args":[{"element-6066-11e4-a52e-4f735466cecf":"f.89CEFFE823C31142EA3CFD6CAFD84276.d.0776C25FB1E96F8E148DF02D3215ACBA.e.6835","ELEMENT":"f.89CEFFE823C31142EA3CFD6CAFD84276.d.0776C25FB1E96F8E148DF02D3215ACBA.e.6835"}]}
COMMAND: GET /session/86a389c01bc54833c1d480b3c129d65f/element/f.89CEFFE823C31142EA3CFD6CAFD84276.d.0776C25FB1E96F8E148DF02D3215ACBA.e.6834/attribute/aria-checked - {}
COMMAND: GET /session/86a389c01bc54833c1d480b3c129d65f/screenshot - {}
RESULT: {}
COMMAND: POST /session/86a389c01bc54833c1d480b3c129d65f/element - {"using":"xpath","value":"//table[contains(@id, \"listView-innerSelectionPanelTable-listUl\")]/tbody/tr[6]/td[2]/div/div"}
RESULT: {}
RESULT: {"using":"xpath","value":"//table[contains(@id, \"listView-innerSelectionPanelTable-listUl\")]/tbody/tr[6]/td[2]/div/div"}
COMMAND: POST /session/86a389c01bc54833c1d480b3c129d65f/element - {"using":"xpath","value":"//table[contains(@id, \"listView-innerSelectionPanelTable-listUl\")]/tbody/tr[6]/td[2]/div"}
RESULT: {"using":"xpath","value":"//table[contains(@id, \"listView-innerSelectionPanelTable-listUl\")]/tbody/tr[6]/td[2]/div"}
COMMAND: POST /session/86a389c01bc54833c1d480b3c129d65f/element - {"using":"xpath","value":"//table[contains(@id, \"listView-innerSelectionPanelTable-listUl\")]/tbody/tr[6]/td[3]/div/div/span/span[1]/bdi"}
RESULT: {"using":"xpath","value":"//table[contains(@id, \"listView-innerSelectionPanelTable-listUl\")]/tbody/tr[6]/td[3]/div/div/span/span[1]/bdi"}
COMMAND: POST /session/86a389c01bc54833c1d480b3c129d65f/execute/sync - {"script":"<script> [56 bytes]","args":[{"element-6066-11e4-a52e-4f735466cecf":"f.89CEFFE823C31142EA3CFD6CAFD84276.d.0776C25FB1E96F8E148DF02D3215ACBA.e.6838","ELEMENT":"f.89CEFFE823C31142EA3CFD6CAFD84276.d.0776C25FB1E96F8E148DF02D3215ACBA.e.6838"}]}
RESULT: {"script":"<script> [56 bytes]","args":[{"element-6066-11e4-a52e-4f735466cecf":"f.89CEFFE823C31142EA3CFD6CAFD84276.d.0776C25FB1E96F8E148DF02D3215ACBA.e.6838","ELEMENT":"f.89CEFFE823C31142EA3CFD6CAFD84276.d.0776C25FB1E96F8E148DF02D3215ACBA.e.6838"}]}
COMMAND: GET /session/86a389c01bc54833c1d480b3c129d65f/element/f.89CEFFE823C31142EA3CFD6CAFD84276.d.0776C25FB1E96F8E148DF02D3215ACBA.e.6837/attribute/aria-checked - {}
COMMAND: GET /session/86a389c01bc54833c1d480b3c129d65f/screenshot - {}
RESULT: {}
COMMAND: POST /session/86a389c01bc54833c1d480b3c129d65f/element - {"using":"xpath","value":"//table[contains(@id, \"listView-innerSelectionPanelTable-listUl\")]/tbody/tr[7]/td[2]/div/div"}
RESULT: {}
RESULT: {"using":"xpath","value":"//table[contains(@id, \"listView-innerSelectionPanelTable-listUl\")]/tbody/tr[7]/td[2]/div/div"}
COMMAND: POST /session/86a389c01bc54833c1d480b3c129d65f/element - {"using":"xpath","value":"//table[contains(@id, \"listView-innerSelectionPanelTable-listUl\")]/tbody/tr[7]/td[2]/div"}
RESULT: {"using":"xpath","value":"//table[contains(@id, \"listView-innerSelectionPanelTable-listUl\")]/tbody/tr[7]/td[2]/div"}
COMMAND: POST /session/86a389c01bc54833c1d480b3c129d65f/element - {"using":"xpath","value":"//table[contains(@id, \"listView-innerSelectionPanelTable-listUl\")]/tbody/tr[7]/td[3]/div/div/span/span[1]/bdi"}
RESULT: {"using":"xpath","value":"//table[contains(@id, \"listView-innerSelectionPanelTable-listUl\")]/tbody/tr[7]/td[3]/div/div/span/span[1]/bdi"}
COMMAND: POST /session/86a389c01bc54833c1d480b3c129d65f/execute/sync - {"script":"<script> [56 bytes]","args":[{"element-6066-11e4-a52e-4f735466cecf":"f.89CEFFE823C31142EA3CFD6CAFD84276.d.0776C25FB1E96F8E148DF02D3215ACBA.e.6841","ELEMENT":"f.89CEFFE823C31142EA3CFD6CAFD84276.d.0776C25FB1E96F8E148DF02D3215ACBA.e.6841"}]}
RESULT: {"script":"<script> [56 bytes]","args":[{"element-6066-11e4-a52e-4f735466cecf":"f.89CEFFE823C31142EA3CFD6CAFD84276.d.0776C25FB1E96F8E148DF02D3215ACBA.e.6841","ELEMENT":"f.89CEFFE823C31142EA3CFD6CAFD84276.d.0776C25FB1E96F8E148DF02D3215ACBA.e.6841"}]}
COMMAND: GET /session/86a389c01bc54833c1d480b3c129d65f/element/f.89CEFFE823C31142EA3CFD6CAFD84276.d.0776C25FB1E96F8E148DF02D3215ACBA.e.6840/attribute/aria-checked - {}
COMMAND: GET /session/86a389c01bc54833c1d480b3c129d65f/screenshot - {}
RESULT: {}
COMMAND: POST /session/86a389c01bc54833c1d480b3c129d65f/element - {"using":"xpath","value":"//table[contains(@id, \"listView-innerSelectionPanelTable-listUl\")]/tbody/tr[8]/td[2]/div/div"}
RESULT: {}
RESULT: {"using":"xpath","value":"//table[contains(@id, \"listView-innerSelectionPanelTable-listUl\")]/tbody/tr[8]/td[2]/div/div"}
COMMAND: POST /session/86a389c01bc54833c1d480b3c129d65f/element - {"using":"xpath","value":"//table[contains(@id, \"listView-innerSelectionPanelTable-listUl\")]/tbody/tr[8]/td[2]/div"}
RESULT: {"using":"xpath","value":"//table[contains(@id, \"listView-innerSelectionPanelTable-listUl\")]/tbody/tr[8]/td[2]/div"}
COMMAND: POST /session/86a389c01bc54833c1d480b3c129d65f/element - {"using":"xpath","value":"//table[contains(@id, \"listView-innerSelectionPanelTable-listUl\")]/tbody/tr[8]/td[3]/div/div/span/span[1]/bdi"}
RESULT: {"using":"xpath","value":"//table[contains(@id, \"listView-innerSelectionPanelTable-listUl\")]/tbody/tr[8]/td[3]/div/div/span/span[1]/bdi"}
COMMAND: POST /session/86a389c01bc54833c1d480b3c129d65f/execute/sync - {"script":"<script> [56 bytes]","args":[{"element-6066-11e4-a52e-4f735466cecf":"f.89CEFFE823C31142EA3CFD6CAFD84276.d.0776C25FB1E96F8E148DF02D3215ACBA.e.6844","ELEMENT":"f.89CEFFE823C31142EA3CFD6CAFD84276.d.0776C25FB1E96F8E148DF02D3215ACBA.e.6844"}]}
RESULT: {"script":"<script> [56 bytes]","args":[{"element-6066-11e4-a52e-4f735466cecf":"f.89CEFFE823C31142EA3CFD6CAFD84276.d.0776C25FB1E96F8E148DF02D3215ACBA.e.6844","ELEMENT":"f.89CEFFE823C31142EA3CFD6CAFD84276.d.0776C25FB1E96F8E148DF02D3215ACBA.e.6844"}]}
COMMAND: GET /session/86a389c01bc54833c1d480b3c129d65f/element/f.89CEFFE823C31142EA3CFD6CAFD84276.d.0776C25FB1E96F8E148DF02D3215ACBA.e.6843/attribute/aria-checked - {}
COMMAND: GET /session/86a389c01bc54833c1d480b3c129d65f/screenshot - {}
RESULT: {}
COMMAND: POST /session/86a389c01bc54833c1d480b3c129d65f/element - {"using":"xpath","value":"//table[contains(@id, \"listView-innerSelectionPanelTable-listUl\")]/tbody/tr[9]/td[2]/div/div"}
RESULT: {}
RESULT: {"using":"xpath","value":"//table[contains(@id, \"listView-innerSelectionPanelTable-listUl\")]/tbody/tr[9]/td[2]/div/div"}
COMMAND: POST /session/86a389c01bc54833c1d480b3c129d65f/element - {"using":"xpath","value":"//table[contains(@id, \"listView-innerSelectionPanelTable-listUl\")]/tbody/tr[9]/td[2]/div"}
RESULT: {"using":"xpath","value":"//table[contains(@id, \"listView-innerSelectionPanelTable-listUl\")]/tbody/tr[9]/td[2]/div"}
COMMAND: POST /session/86a389c01bc54833c1d480b3c129d65f/element - {"using":"xpath","value":"//table[contains(@id, \"listView-innerSelectionPanelTable-listUl\")]/tbody/tr[9]/td[3]/div/div/span/span[1]/bdi"}
RESULT: {"using":"xpath","value":"//table[contains(@id, \"listView-innerSelectionPanelTable-listUl\")]/tbody/tr[9]/td[3]/div/div/span/span[1]/bdi"}
COMMAND: POST /session/86a389c01bc54833c1d480b3c129d65f/execute/sync - {"script":"<script> [56 bytes]","args":[{"element-6066-11e4-a52e-4f735466cecf":"f.89CEFFE823C31142EA3CFD6CAFD84276.d.0776C25FB1E96F8E148DF02D3215ACBA.e.6847","ELEMENT":"f.89CEFFE823C31142EA3CFD6CAFD84276.d.0776C25FB1E96F8E148DF02D3215ACBA.e.6847"}]}
RESULT: {"script":"<script> [56 bytes]","args":[{"element-6066-11e4-a52e-4f735466cecf":"f.89CEFFE823C31142EA3CFD6CAFD84276.d.0776C25FB1E96F8E148DF02D3215ACBA.e.6847","ELEMENT":"f.89CEFFE823C31142EA3CFD6CAFD84276.d.0776C25FB1E96F8E148DF02D3215ACBA.e.6847"}]}
COMMAND: GET /session/86a389c01bc54833c1d480b3c129d65f/element/f.89CEFFE823C31142EA3CFD6CAFD84276.d.0776C25FB1E96F8E148DF02D3215ACBA.e.6846/attribute/aria-checked - {}
COMMAND: GET /session/86a389c01bc54833c1d480b3c129d65f/screenshot - {}
RESULT: {}
COMMAND: POST /session/86a389c01bc54833c1d480b3c129d65f/element - {"using":"xpath","value":"//table[contains(@id, \"listView-innerSelectionPanelTable-listUl\")]/tbody/tr[10]/td[2]/div/div"}
RESULT: {}
RESULT: {"using":"xpath","value":"//table[contains(@id, \"listView-innerSelectionPanelTable-listUl\")]/tbody/tr[10]/td[2]/div/div"}
COMMAND: POST /session/86a389c01bc54833c1d480b3c129d65f/element - {"using":"xpath","value":"//table[contains(@id, \"listView-innerSelectionPanelTable-listUl\")]/tbody/tr[10]/td[2]/div"}
RESULT: {"using":"xpath","value":"//table[contains(@id, \"listView-innerSelectionPanelTable-listUl\")]/tbody/tr[10]/td[2]/div"}
COMMAND: POST /session/86a389c01bc54833c1d480b3c129d65f/element - {"using":"xpath","value":"//table[contains(@id, \"listView-innerSelectionPanelTable-listUl\")]/tbody/tr[10]/td[3]/div/div/span/span[1]/bdi"}
RESULT: {"using":"xpath","value":"//table[contains(@id, \"listView-innerSelectionPanelTable-listUl\")]/tbody/tr[10]/td[3]/div/div/span/span[1]/bdi"}
COMMAND: POST /session/86a389c01bc54833c1d480b3c129d65f/execute/sync - {"script":"<script> [56 bytes]","args":[{"element-6066-11e4-a52e-4f735466cecf":"f.89CEFFE823C31142EA3CFD6CAFD84276.d.0776C25FB1E96F8E148DF02D3215ACBA.e.6850","ELEMENT":"f.89CEFFE823C31142EA3CFD6CAFD84276.d.0776C25FB1E96F8E148DF02D3215ACBA.e.6850"}]}
RESULT: {"script":"<script> [56 bytes]","args":[{"element-6066-11e4-a52e-4f735466cecf":"f.89CEFFE823C31142EA3CFD6CAFD84276.d.0776C25FB1E96F8E148DF02D3215ACBA.e.6850","ELEMENT":"f.89CEFFE823C31142EA3CFD6CAFD84276.d.0776C25FB1E96F8E148DF02D3215ACBA.e.6850"}]}
COMMAND: GET /session/86a389c01bc54833c1d480b3c129d65f/element/f.89CEFFE823C31142EA3CFD6CAFD84276.d.0776C25FB1E96F8E148DF02D3215ACBA.e.6849/attribute/aria-checked - {}
COMMAND: GET /session/86a389c01bc54833c1d480b3c129d65f/screenshot - {}
RESULT: {}
COMMAND: POST /session/86a389c01bc54833c1d480b3c129d65f/element - {"using":"xpath","value":"//table[contains(@id, \"listView-innerSelectionPanelTable-listUl\")]/tbody/tr[11]/td[2]/div/div"}
RESULT: {}
RESULT: {"using":"xpath","value":"//table[contains(@id, \"listView-innerSelectionPanelTable-listUl\")]/tbody/tr[11]/td[2]/div/div"}
COMMAND: POST /session/86a389c01bc54833c1d480b3c129d65f/element - {"using":"xpath","value":"//table[contains(@id, \"listView-innerSelectionPanelTable-listUl\")]/tbody/tr[11]/td[2]/div"}
RESULT: {"using":"xpath","value":"//table[contains(@id, \"listView-innerSelectionPanelTable-listUl\")]/tbody/tr[11]/td[2]/div"}
COMMAND: POST /session/86a389c01bc54833c1d480b3c129d65f/element - {"using":"xpath","value":"//table[contains(@id, \"listView-innerSelectionPanelTable-listUl\")]/tbody/tr[11]/td[3]/div/div/span/span[1]/bdi"}
RESULT: {"using":"xpath","value":"//table[contains(@id, \"listView-innerSelectionPanelTable-listUl\")]/tbody/tr[11]/td[3]/div/div/span/span[1]/bdi"}
COMMAND: POST /session/86a389c01bc54833c1d480b3c129d65f/execute/sync - {"script":"<script> [56 bytes]","args":[{"element-6066-11e4-a52e-4f735466cecf":"f.89CEFFE823C31142EA3CFD6CAFD84276.d.0776C25FB1E96F8E148DF02D3215ACBA.e.6853","ELEMENT":"f.89CEFFE823C31142EA3CFD6CAFD84276.d.0776C25FB1E96F8E148DF02D3215ACBA.e.6853"}]}
RESULT: {"script":"<script> [56 bytes]","args":[{"element-6066-11e4-a52e-4f735466cecf":"f.89CEFFE823C31142EA3CFD6CAFD84276.d.0776C25FB1E96F8E148DF02D3215ACBA.e.6853","ELEMENT":"f.89CEFFE823C31142EA3CFD6CAFD84276.d.0776C25FB1E96F8E148DF02D3215ACBA.e.6853"}]}
COMMAND: GET /session/86a389c01bc54833c1d480b3c129d65f/element/f.89CEFFE823C31142EA3CFD6CAFD84276.d.0776C25FB1E96F8E148DF02D3215ACBA.e.6852/attribute/aria-checked - {}
COMMAND: GET /session/86a389c01bc54833c1d480b3c129d65f/screenshot - {}
RESULT: {}
COMMAND: POST /session/86a389c01bc54833c1d480b3c129d65f/element - {"using":"xpath","value":"//table[contains(@id, \"listView-innerSelectionPanelTable-listUl\")]/tbody/tr[12]/td[2]/div/div"}
RESULT: {}
RESULT: {"using":"xpath","value":"//table[contains(@id, \"listView-innerSelectionPanelTable-listUl\")]/tbody/tr[12]/td[2]/div/div"}
COMMAND: POST /session/86a389c01bc54833c1d480b3c129d65f/element - {"using":"xpath","value":"//table[contains(@id, \"listView-innerSelectionPanelTable-listUl\")]/tbody/tr[12]/td[2]/div"}
RESULT: {"using":"xpath","value":"//table[contains(@id, \"listView-innerSelectionPanelTable-listUl\")]/tbody/tr[12]/td[2]/div"}
COMMAND: POST /session/86a389c01bc54833c1d480b3c129d65f/element - {"using":"xpath","value":"//table[contains(@id, \"listView-innerSelectionPanelTable-listUl\")]/tbody/tr[12]/td[3]/div/div/span/span[1]/bdi"}
RESULT: {"using":"xpath","value":"//table[contains(@id, \"listView-innerSelectionPanelTable-listUl\")]/tbody/tr[12]/td[3]/div/div/span/span[1]/bdi"}
COMMAND: POST /session/86a389c01bc54833c1d480b3c129d65f/execute/sync - {"script":"<script> [56 bytes]","args":[{"element-6066-11e4-a52e-4f735466cecf":"f.89CEFFE823C31142EA3CFD6CAFD84276.d.0776C25FB1E96F8E148DF02D3215ACBA.e.6856","ELEMENT":"f.89CEFFE823C31142EA3CFD6CAFD84276.d.0776C25FB1E96F8E148DF02D3215ACBA.e.6856"}]}
RESULT: {"script":"<script> [56 bytes]","args":[{"element-6066-11e4-a52e-4f735466cecf":"f.89CEFFE823C31142EA3CFD6CAFD84276.d.0776C25FB1E96F8E148DF02D3215ACBA.e.6856","ELEMENT":"f.89CEFFE823C31142EA3CFD6CAFD84276.d.0776C25FB1E96F8E148DF02D3215ACBA.e.6856"}]}
COMMAND: GET /session/86a389c01bc54833c1d480b3c129d65f/element/f.89CEFFE823C31142EA3CFD6CAFD84276.d.0776C25FB1E96F8E148DF02D3215ACBA.e.6855/attribute/aria-checked - {}
COMMAND: GET /session/86a389c01bc54833c1d480b3c129d65f/screenshot - {}
RESULT: {}
COMMAND: POST /session/86a389c01bc54833c1d480b3c129d65f/element - {"using":"xpath","value":"//table[contains(@id, \"listView-innerSelectionPanelTable-listUl\")]/tbody/tr[13]/td[2]/div/div"}
RESULT: {}
RESULT: {"using":"xpath","value":"//table[contains(@id, \"listView-innerSelectionPanelTable-listUl\")]/tbody/tr[13]/td[2]/div/div"}
COMMAND: POST /session/86a389c01bc54833c1d480b3c129d65f/element - {"using":"xpath","value":"//table[contains(@id, \"listView-innerSelectionPanelTable-listUl\")]/tbody/tr[13]/td[2]/div"}
RESULT: {"using":"xpath","value":"//table[contains(@id, \"listView-innerSelectionPanelTable-listUl\")]/tbody/tr[13]/td[2]/div"}
COMMAND: POST /session/86a389c01bc54833c1d480b3c129d65f/element - {"using":"xpath","value":"//table[contains(@id, \"listView-innerSelectionPanelTable-listUl\")]/tbody/tr[13]/td[3]/div/div/span/span[1]/bdi"}
RESULT: {"using":"xpath","value":"//table[contains(@id, \"listView-innerSelectionPanelTable-listUl\")]/tbody/tr[13]/td[3]/div/div/span/span[1]/bdi"}
COMMAND: POST /session/86a389c01bc54833c1d480b3c129d65f/execute/sync - {"script":"<script> [56 bytes]","args":[{"element-6066-11e4-a52e-4f735466cecf":"f.89CEFFE823C31142EA3CFD6CAFD84276.d.0776C25FB1E96F8E148DF02D3215ACBA.e.6859","ELEMENT":"f.89CEFFE823C31142EA3CFD6CAFD84276.d.0776C25FB1E96F8E148DF02D3215ACBA.e.6859"}]}
RESULT: {"script":"<script> [56 bytes]","args":[{"element-6066-11e4-a52e-4f735466cecf":"f.89CEFFE823C31142EA3CFD6CAFD84276.d.0776C25FB1E96F8E148DF02D3215ACBA.e.6859","ELEMENT":"f.89CEFFE823C31142EA3CFD6CAFD84276.d.0776C25FB1E96F8E148DF02D3215ACBA.e.6859"}]}
COMMAND: GET /session/86a389c01bc54833c1d480b3c129d65f/element/f.89CEFFE823C31142EA3CFD6CAFD84276.d.0776C25FB1E96F8E148DF02D3215ACBA.e.6858/attribute/aria-checked - {}
COMMAND: GET /session/86a389c01bc54833c1d480b3c129d65f/screenshot - {}
RESULT: {}
COMMAND: POST /session/86a389c01bc54833c1d480b3c129d65f/element - {"using":"xpath","value":"//table[contains(@id, \"listView-innerSelectionPanelTable-listUl\")]/tbody/tr[14]/td[2]/div/div"}
COMMAND: POST /session/86a389c01bc54833c1d480b3c129d65f/element/f.89CEFFE823C31142EA3CFD6CAFD84276.d.0776C25FB1E96F8E148DF02D3215ACBA.e.6857/click - {}
RESULT: {}
RESULT: {"using":"xpath","value":"//table[contains(@id, \"listView-innerSelectionPanelTable-listUl\")]/tbody/tr[14]/td[2]/div/div"}
COMMAND: POST /session/86a389c01bc54833c1d480b3c129d65f/element - {"using":"xpath","value":"//table[contains(@id, \"listView-innerSelectionPanelTable-listUl\")]/tbody/tr[14]/td[2]/div"}
RESULT: {}
COMMAND: GET /session/86a389c01bc54833c1d480b3c129d65f/screenshot - {}
RESULT: {"using":"xpath","value":"//table[contains(@id, \"listView-innerSelectionPanelTable-listUl\")]/tbody/tr[14]/td[2]/div"}
COMMAND: POST /session/86a389c01bc54833c1d480b3c129d65f/element - {"using":"xpath","value":"//table[contains(@id, \"listView-innerSelectionPanelTable-listUl\")]/tbody/tr[14]/td[3]/div/div/span/span[1]/bdi"}
RESULT: {}
RESULT: {"using":"xpath","value":"//table[contains(@id, \"listView-innerSelectionPanelTable-listUl\")]/tbody/tr[14]/td[3]/div/div/span/span[1]/bdi"}
COMMAND: POST /session/86a389c01bc54833c1d480b3c129d65f/execute/sync - {"script":"<script> [56 bytes]","args":[{"element-6066-11e4-a52e-4f735466cecf":"f.89CEFFE823C31142EA3CFD6CAFD84276.d.0776C25FB1E96F8E148DF02D3215ACBA.e.6863","ELEMENT":"f.89CEFFE823C31142EA3CFD6CAFD84276.d.0776C25FB1E96F8E148DF02D3215ACBA.e.6863"}]}
RESULT: {"script":"<script> [56 bytes]","args":[{"element-6066-11e4-a52e-4f735466cecf":"f.89CEFFE823C31142EA3CFD6CAFD84276.d.0776C25FB1E96F8E148DF02D3215ACBA.e.6863","ELEMENT":"f.89CEFFE823C31142EA3CFD6CAFD84276.d.0776C25FB1E96F8E148DF02D3215ACBA.e.6863"}]}
COMMAND: GET /session/86a389c01bc54833c1d480b3c129d65f/element/f.89CEFFE823C31142EA3CFD6CAFD84276.d.0776C25FB1E96F8E148DF02D3215ACBA.e.6862/attribute/aria-checked - {}
COMMAND: GET /session/86a389c01bc54833c1d480b3c129d65f/screenshot - {}
RESULT: {}
COMMAND: POST /session/86a389c01bc54833c1d480b3c129d65f/element - {"using":"xpath","value":"//table[contains(@id, \"listView-innerSelectionPanelTable-listUl\")]/tbody/tr[15]/td[2]/div/div"}
RESULT: {}
RESULT: {"using":"xpath","value":"//table[contains(@id, \"listView-innerSelectionPanelTable-listUl\")]/tbody/tr[15]/td[2]/div/div"}
COMMAND: POST /session/86a389c01bc54833c1d480b3c129d65f/element - {"using":"xpath","value":"//table[contains(@id, \"listView-innerSelectionPanelTable-listUl\")]/tbody/tr[15]/td[2]/div"}
RESULT: {"using":"xpath","value":"//table[contains(@id, \"listView-innerSelectionPanelTable-listUl\")]/tbody/tr[15]/td[2]/div"}
COMMAND: POST /session/86a389c01bc54833c1d480b3c129d65f/element - {"using":"xpath","value":"//table[contains(@id, \"listView-innerSelectionPanelTable-listUl\")]/tbody/tr[15]/td[3]/div/div/span/span[1]/bdi"}
RESULT: {"using":"xpath","value":"//table[contains(@id, \"listView-innerSelectionPanelTable-listUl\")]/tbody/tr[15]/td[3]/div/div/span/span[1]/bdi"}
COMMAND: POST /session/86a389c01bc54833c1d480b3c129d65f/execute/sync - {"script":"<script> [56 bytes]","args":[{"element-6066-11e4-a52e-4f735466cecf":"f.89CEFFE823C31142EA3CFD6CAFD84276.d.0776C25FB1E96F8E148DF02D3215ACBA.e.6866","ELEMENT":"f.89CEFFE823C31142EA3CFD6CAFD84276.d.0776C25FB1E96F8E148DF02D3215ACBA.e.6866"}]}
RESULT: {"script":"<script> [56 bytes]","args":[{"element-6066-11e4-a52e-4f735466cecf":"f.89CEFFE823C31142EA3CFD6CAFD84276.d.0776C25FB1E96F8E148DF02D3215ACBA.e.6866","ELEMENT":"f.89CEFFE823C31142EA3CFD6CAFD84276.d.0776C25FB1E96F8E148DF02D3215ACBA.e.6866"}]}
COMMAND: GET /session/86a389c01bc54833c1d480b3c129d65f/element/f.89CEFFE823C31142EA3CFD6CAFD84276.d.0776C25FB1E96F8E148DF02D3215ACBA.e.6865/attribute/aria-checked - {}
COMMAND: GET /session/86a389c01bc54833c1d480b3c129d65f/screenshot - {}
RESULT: {}
COMMAND: POST /session/86a389c01bc54833c1d480b3c129d65f/element - {"using":"xpath","value":"//table[contains(@id, \"listView-innerSelectionPanelTable-listUl\")]/tbody/tr[16]/td[2]/div/div"}
RESULT: {}
RESULT: {"using":"xpath","value":"//table[contains(@id, \"listView-innerSelectionPanelTable-listUl\")]/tbody/tr[16]/td[2]/div/div"}
COMMAND: POST /session/86a389c01bc54833c1d480b3c129d65f/element - {"using":"xpath","value":"//table[contains(@id, \"listView-innerSelectionPanelTable-listUl\")]/tbody/tr[16]/td[2]/div"}
RESULT: {"using":"xpath","value":"//table[contains(@id, \"listView-innerSelectionPanelTable-listUl\")]/tbody/tr[16]/td[2]/div"}
COMMAND: POST /session/86a389c01bc54833c1d480b3c129d65f/element - {"using":"xpath","value":"//table[contains(@id, \"listView-innerSelectionPanelTable-listUl\")]/tbody/tr[16]/td[3]/div/div/span/span[1]/bdi"}
RESULT: {"using":"xpath","value":"//table[contains(@id, \"listView-innerSelectionPanelTable-listUl\")]/tbody/tr[16]/td[3]/div/div/span/span[1]/bdi"}
COMMAND: POST /session/86a389c01bc54833c1d480b3c129d65f/execute/sync - {"script":"<script> [56 bytes]","args":[{"element-6066-11e4-a52e-4f735466cecf":"f.89CEFFE823C31142EA3CFD6CAFD84276.d.0776C25FB1E96F8E148DF02D3215ACBA.e.6869","ELEMENT":"f.89CEFFE823C31142EA3CFD6CAFD84276.d.0776C25FB1E96F8E148DF02D3215ACBA.e.6869"}]}
RESULT: {"script":"<script> [56 bytes]","args":[{"element-6066-11e4-a52e-4f735466cecf":"f.89CEFFE823C31142EA3CFD6CAFD84276.d.0776C25FB1E96F8E148DF02D3215ACBA.e.6869","ELEMENT":"f.89CEFFE823C31142EA3CFD6CAFD84276.d.0776C25FB1E96F8E148DF02D3215ACBA.e.6869"}]}
COMMAND: GET /session/86a389c01bc54833c1d480b3c129d65f/element/f.89CEFFE823C31142EA3CFD6CAFD84276.d.0776C25FB1E96F8E148DF02D3215ACBA.e.6868/attribute/aria-checked - {}
COMMAND: GET /session/86a389c01bc54833c1d480b3c129d65f/screenshot - {}
RESULT: {}
COMMAND: POST /session/86a389c01bc54833c1d480b3c129d65f/element - {"using":"xpath","value":"//table[contains(@id, \"listView-innerSelectionPanelTable-listUl\")]/tbody/tr[17]/td[2]/div/div"}
RESULT: {}
RESULT: {"using":"xpath","value":"//table[contains(@id, \"listView-innerSelectionPanelTable-listUl\")]/tbody/tr[17]/td[2]/div/div"}
COMMAND: POST /session/86a389c01bc54833c1d480b3c129d65f/element - {"using":"xpath","value":"//table[contains(@id, \"listView-innerSelectionPanelTable-listUl\")]/tbody/tr[17]/td[2]/div"}
RESULT: {"using":"xpath","value":"//table[contains(@id, \"listView-innerSelectionPanelTable-listUl\")]/tbody/tr[17]/td[2]/div"}
COMMAND: POST /session/86a389c01bc54833c1d480b3c129d65f/element - {"using":"xpath","value":"//table[contains(@id, \"listView-innerSelectionPanelTable-listUl\")]/tbody/tr[17]/td[3]/div/div/span/span[1]/bdi"}
RESULT: {"using":"xpath","value":"//table[contains(@id, \"listView-innerSelectionPanelTable-listUl\")]/tbody/tr[17]/td[3]/div/div/span/span[1]/bdi"}
COMMAND: POST /session/86a389c01bc54833c1d480b3c129d65f/execute/sync - {"script":"<script> [56 bytes]","args":[{"element-6066-11e4-a52e-4f735466cecf":"f.89CEFFE823C31142EA3CFD6CAFD84276.d.0776C25FB1E96F8E148DF02D3215ACBA.e.6872","ELEMENT":"f.89CEFFE823C31142EA3CFD6CAFD84276.d.0776C25FB1E96F8E148DF02D3215ACBA.e.6872"}]}
RESULT: {"script":"<script> [56 bytes]","args":[{"element-6066-11e4-a52e-4f735466cecf":"f.89CEFFE823C31142EA3CFD6CAFD84276.d.0776C25FB1E96F8E148DF02D3215ACBA.e.6872","ELEMENT":"f.89CEFFE823C31142EA3CFD6CAFD84276.d.0776C25FB1E96F8E148DF02D3215ACBA.e.6872"}]}
COMMAND: GET /session/86a389c01bc54833c1d480b3c129d65f/element/f.89CEFFE823C31142EA3CFD6CAFD84276.d.0776C25FB1E96F8E148DF02D3215ACBA.e.6871/attribute/aria-checked - {}
COMMAND: GET /session/86a389c01bc54833c1d480b3c129d65f/screenshot - {}
RESULT: {}
COMMAND: POST /session/86a389c01bc54833c1d480b3c129d65f/element - {"using":"xpath","value":"//table[contains(@id, \"listView-innerSelectionPanelTable-listUl\")]/tbody/tr[18]/td[2]/div/div"}
RESULT: {}
RESULT: {"using":"xpath","value":"//table[contains(@id, \"listView-innerSelectionPanelTable-listUl\")]/tbody/tr[18]/td[2]/div/div"}
COMMAND: POST /session/86a389c01bc54833c1d480b3c129d65f/element - {"using":"xpath","value":"//table[contains(@id, \"listView-innerSelectionPanelTable-listUl\")]/tbody/tr[18]/td[2]/div"}
RESULT: {"using":"xpath","value":"//table[contains(@id, \"listView-innerSelectionPanelTable-listUl\")]/tbody/tr[18]/td[2]/div"}
COMMAND: POST /session/86a389c01bc54833c1d480b3c129d65f/element - {"using":"xpath","value":"//table[contains(@id, \"listView-innerSelectionPanelTable-listUl\")]/tbody/tr[18]/td[3]/div/div/span/span[1]/bdi"}
RESULT: {"using":"xpath","value":"//table[contains(@id, \"listView-innerSelectionPanelTable-listUl\")]/tbody/tr[18]/td[3]/div/div/span/span[1]/bdi"}
COMMAND: POST /session/86a389c01bc54833c1d480b3c129d65f/execute/sync - {"script":"<script> [56 bytes]","args":[{"element-6066-11e4-a52e-4f735466cecf":"f.89CEFFE823C31142EA3CFD6CAFD84276.d.0776C25FB1E96F8E148DF02D3215ACBA.e.6875","ELEMENT":"f.89CEFFE823C31142EA3CFD6CAFD84276.d.0776C25FB1E96F8E148DF02D3215ACBA.e.6875"}]}
RESULT: {"script":"<script> [56 bytes]","args":[{"element-6066-11e4-a52e-4f735466cecf":"f.89CEFFE823C31142EA3CFD6CAFD84276.d.0776C25FB1E96F8E148DF02D3215ACBA.e.6875","ELEMENT":"f.89CEFFE823C31142EA3CFD6CAFD84276.d.0776C25FB1E96F8E148DF02D3215ACBA.e.6875"}]}
COMMAND: GET /session/86a389c01bc54833c1d480b3c129d65f/element/f.89CEFFE823C31142EA3CFD6CAFD84276.d.0776C25FB1E96F8E148DF02D3215ACBA.e.6874/attribute/aria-checked - {}
COMMAND: GET /session/86a389c01bc54833c1d480b3c129d65f/screenshot - {}
RESULT: {}
COMMAND: POST /session/86a389c01bc54833c1d480b3c129d65f/element - {"using":"xpath","value":"//table[contains(@id, \"listView-innerSelectionPanelTable-listUl\")]/tbody/tr[19]/td[2]/div/div"}
RESULT: {}
RESULT: {"using":"xpath","value":"//table[contains(@id, \"listView-innerSelectionPanelTable-listUl\")]/tbody/tr[19]/td[2]/div/div"}
COMMAND: POST /session/86a389c01bc54833c1d480b3c129d65f/element - {"using":"xpath","value":"//table[contains(@id, \"listView-innerSelectionPanelTable-listUl\")]/tbody/tr[19]/td[2]/div"}
RESULT: {"using":"xpath","value":"//table[contains(@id, \"listView-innerSelectionPanelTable-listUl\")]/tbody/tr[19]/td[2]/div"}
COMMAND: POST /session/86a389c01bc54833c1d480b3c129d65f/element - {"using":"xpath","value":"//table[contains(@id, \"listView-innerSelectionPanelTable-listUl\")]/tbody/tr[19]/td[3]/div/div/span/span[1]/bdi"}
RESULT: {"using":"xpath","value":"//table[contains(@id, \"listView-innerSelectionPanelTable-listUl\")]/tbody/tr[19]/td[3]/div/div/span/span[1]/bdi"}
COMMAND: POST /session/86a389c01bc54833c1d480b3c129d65f/execute/sync - {"script":"<script> [56 bytes]","args":[{"element-6066-11e4-a52e-4f735466cecf":"f.89CEFFE823C31142EA3CFD6CAFD84276.d.0776C25FB1E96F8E148DF02D3215ACBA.e.6878","ELEMENT":"f.89CEFFE823C31142EA3CFD6CAFD84276.d.0776C25FB1E96F8E148DF02D3215ACBA.e.6878"}]}
RESULT: {"script":"<script> [56 bytes]","args":[{"element-6066-11e4-a52e-4f735466cecf":"f.89CEFFE823C31142EA3CFD6CAFD84276.d.0776C25FB1E96F8E148DF02D3215ACBA.e.6878","ELEMENT":"f.89CEFFE823C31142EA3CFD6CAFD84276.d.0776C25FB1E96F8E148DF02D3215ACBA.e.6878"}]}
COMMAND: GET /session/86a389c01bc54833c1d480b3c129d65f/element/f.89CEFFE823C31142EA3CFD6CAFD84276.d.0776C25FB1E96F8E148DF02D3215ACBA.e.6877/attribute/aria-checked - {}
COMMAND: GET /session/86a389c01bc54833c1d480b3c129d65f/screenshot - {}
RESULT: {}
COMMAND: POST /session/86a389c01bc54833c1d480b3c129d65f/element - {"using":"xpath","value":"//table[contains(@id, \"listView-innerSelectionPanelTable-listUl\")]/tbody/tr[20]/td[2]/div/div"}
RESULT: {}
RESULT: {"using":"xpath","value":"//table[contains(@id, \"listView-innerSelectionPanelTable-listUl\")]/tbody/tr[20]/td[2]/div/div"}
COMMAND: POST /session/86a389c01bc54833c1d480b3c129d65f/element - {"using":"xpath","value":"//table[contains(@id, \"listView-innerSelectionPanelTable-listUl\")]/tbody/tr[20]/td[2]/div"}
RESULT: {"using":"xpath","value":"//table[contains(@id, \"listView-innerSelectionPanelTable-listUl\")]/tbody/tr[20]/td[2]/div"}
COMMAND: POST /session/86a389c01bc54833c1d480b3c129d65f/element - {"using":"xpath","value":"//table[contains(@id, \"listView-innerSelectionPanelTable-listUl\")]/tbody/tr[20]/td[3]/div/div/span/span[1]/bdi"}
RESULT: {"using":"xpath","value":"//table[contains(@id, \"listView-innerSelectionPanelTable-listUl\")]/tbody/tr[20]/td[3]/div/div/span/span[1]/bdi"}
COMMAND: POST /session/86a389c01bc54833c1d480b3c129d65f/execute/sync - {"script":"<script> [56 bytes]","args":[{"element-6066-11e4-a52e-4f735466cecf":"f.89CEFFE823C31142EA3CFD6CAFD84276.d.0776C25FB1E96F8E148DF02D3215ACBA.e.6881","ELEMENT":"f.89CEFFE823C31142EA3CFD6CAFD84276.d.0776C25FB1E96F8E148DF02D3215ACBA.e.6881"}]}
RESULT: {"script":"<script> [56 bytes]","args":[{"element-6066-11e4-a52e-4f735466cecf":"f.89CEFFE823C31142EA3CFD6CAFD84276.d.0776C25FB1E96F8E148DF02D3215ACBA.e.6881","ELEMENT":"f.89CEFFE823C31142EA3CFD6CAFD84276.d.0776C25FB1E96F8E148DF02D3215ACBA.e.6881"}]}
COMMAND: GET /session/86a389c01bc54833c1d480b3c129d65f/element/f.89CEFFE823C31142EA3CFD6CAFD84276.d.0776C25FB1E96F8E148DF02D3215ACBA.e.6880/attribute/aria-checked - {}
COMMAND: GET /session/86a389c01bc54833c1d480b3c129d65f/screenshot - {}
RESULT: {}
COMMAND: POST /session/86a389c01bc54833c1d480b3c129d65f/element - {"using":"xpath","value":"//table[contains(@id, \"listView-innerSelectionPanelTable-listUl\")]/tbody/tr[21]/td[2]/div/div"}
RESULT: {}
RESULT: {"using":"xpath","value":"//table[contains(@id, \"listView-innerSelectionPanelTable-listUl\")]/tbody/tr[21]/td[2]/div/div"}
COMMAND: POST /session/86a389c01bc54833c1d480b3c129d65f/element - {"using":"xpath","value":"//table[contains(@id, \"listView-innerSelectionPanelTable-listUl\")]/tbody/tr[21]/td[2]/div"}
RESULT: {"using":"xpath","value":"//table[contains(@id, \"listView-innerSelectionPanelTable-listUl\")]/tbody/tr[21]/td[2]/div"}
COMMAND: POST /session/86a389c01bc54833c1d480b3c129d65f/element - {"using":"xpath","value":"//table[contains(@id, \"listView-innerSelectionPanelTable-listUl\")]/tbody/tr[21]/td[3]/div/div/span/span[1]/bdi"}
RESULT: {"using":"xpath","value":"//table[contains(@id, \"listView-innerSelectionPanelTable-listUl\")]/tbody/tr[21]/td[3]/div/div/span/span[1]/bdi"}
COMMAND: POST /session/86a389c01bc54833c1d480b3c129d65f/execute/sync - {"script":"<script> [56 bytes]","args":[{"element-6066-11e4-a52e-4f735466cecf":"f.89CEFFE823C31142EA3CFD6CAFD84276.d.0776C25FB1E96F8E148DF02D3215ACBA.e.6884","ELEMENT":"f.89CEFFE823C31142EA3CFD6CAFD84276.d.0776C25FB1E96F8E148DF02D3215ACBA.e.6884"}]}
RESULT: {"script":"<script> [56 bytes]","args":[{"element-6066-11e4-a52e-4f735466cecf":"f.89CEFFE823C31142EA3CFD6CAFD84276.d.0776C25FB1E96F8E148DF02D3215ACBA.e.6884","ELEMENT":"f.89CEFFE823C31142EA3CFD6CAFD84276.d.0776C25FB1E96F8E148DF02D3215ACBA.e.6884"}]}
COMMAND: GET /session/86a389c01bc54833c1d480b3c129d65f/element/f.89CEFFE823C31142EA3CFD6CAFD84276.d.0776C25FB1E96F8E148DF02D3215ACBA.e.6883/attribute/aria-checked - {}
COMMAND: GET /session/86a389c01bc54833c1d480b3c129d65f/screenshot - {}
RESULT: {}
COMMAND: POST /session/86a389c01bc54833c1d480b3c129d65f/element - {"using":"xpath","value":"//table[contains(@id, \"listView-innerSelectionPanelTable-listUl\")]/tbody/tr[22]/td[2]/div/div"}
RESULT: {}
RESULT: {"using":"xpath","value":"//table[contains(@id, \"listView-innerSelectionPanelTable-listUl\")]/tbody/tr[22]/td[2]/div/div"}
COMMAND: POST /session/86a389c01bc54833c1d480b3c129d65f/element - {"using":"xpath","value":"//table[contains(@id, \"listView-innerSelectionPanelTable-listUl\")]/tbody/tr[22]/td[2]/div"}
RESULT: {"using":"xpath","value":"//table[contains(@id, \"listView-innerSelectionPanelTable-listUl\")]/tbody/tr[22]/td[2]/div"}
COMMAND: POST /session/86a389c01bc54833c1d480b3c129d65f/element - {"using":"xpath","value":"//table[contains(@id, \"listView-innerSelectionPanelTable-listUl\")]/tbody/tr[22]/td[3]/div/div/span/span[1]/bdi"}
RESULT: {"using":"xpath","value":"//table[contains(@id, \"listView-innerSelectionPanelTable-listUl\")]/tbody/tr[22]/td[3]/div/div/span/span[1]/bdi"}
COMMAND: POST /session/86a389c01bc54833c1d480b3c129d65f/execute/sync - {"script":"<script> [56 bytes]","args":[{"element-6066-11e4-a52e-4f735466cecf":"f.89CEFFE823C31142EA3CFD6CAFD84276.d.0776C25FB1E96F8E148DF02D3215ACBA.e.6887","ELEMENT":"f.89CEFFE823C31142EA3CFD6CAFD84276.d.0776C25FB1E96F8E148DF02D3215ACBA.e.6887"}]}
RESULT: {"script":"<script> [56 bytes]","args":[{"element-6066-11e4-a52e-4f735466cecf":"f.89CEFFE823C31142EA3CFD6CAFD84276.d.0776C25FB1E96F8E148DF02D3215ACBA.e.6887","ELEMENT":"f.89CEFFE823C31142EA3CFD6CAFD84276.d.0776C25FB1E96F8E148DF02D3215ACBA.e.6887"}]}
COMMAND: GET /session/86a389c01bc54833c1d480b3c129d65f/element/f.89CEFFE823C31142EA3CFD6CAFD84276.d.0776C25FB1E96F8E148DF02D3215ACBA.e.6886/attribute/aria-checked - {}
COMMAND: GET /session/86a389c01bc54833c1d480b3c129d65f/screenshot - {}
RESULT: {}
COMMAND: POST /session/86a389c01bc54833c1d480b3c129d65f/element - {"using":"xpath","value":"//table[contains(@id, \"listView-innerSelectionPanelTable-listUl\")]/tbody/tr[23]/td[2]/div/div"}
RESULT: {}
RESULT: {"using":"xpath","value":"//table[contains(@id, \"listView-innerSelectionPanelTable-listUl\")]/tbody/tr[23]/td[2]/div/div"}
COMMAND: POST /session/86a389c01bc54833c1d480b3c129d65f/element - {"using":"xpath","value":"//table[contains(@id, \"listView-innerSelectionPanelTable-listUl\")]/tbody/tr[23]/td[2]/div"}
RESULT: {"using":"xpath","value":"//table[contains(@id, \"listView-innerSelectionPanelTable-listUl\")]/tbody/tr[23]/td[2]/div"}
COMMAND: POST /session/86a389c01bc54833c1d480b3c129d65f/element - {"using":"xpath","value":"//table[contains(@id, \"listView-innerSelectionPanelTable-listUl\")]/tbody/tr[23]/td[3]/div/div/span/span[1]/bdi"}
RESULT: {"using":"xpath","value":"//table[contains(@id, \"listView-innerSelectionPanelTable-listUl\")]/tbody/tr[23]/td[3]/div/div/span/span[1]/bdi"}
COMMAND: POST /session/86a389c01bc54833c1d480b3c129d65f/execute/sync - {"script":"<script> [56 bytes]","args":[{"element-6066-11e4-a52e-4f735466cecf":"f.89CEFFE823C31142EA3CFD6CAFD84276.d.0776C25FB1E96F8E148DF02D3215ACBA.e.6890","ELEMENT":"f.89CEFFE823C31142EA3CFD6CAFD84276.d.0776C25FB1E96F8E148DF02D3215ACBA.e.6890"}]}
RESULT: {"script":"<script> [56 bytes]","args":[{"element-6066-11e4-a52e-4f735466cecf":"f.89CEFFE823C31142EA3CFD6CAFD84276.d.0776C25FB1E96F8E148DF02D3215ACBA.e.6890","ELEMENT":"f.89CEFFE823C31142EA3CFD6CAFD84276.d.0776C25FB1E96F8E148DF02D3215ACBA.e.6890"}]}
COMMAND: GET /session/86a389c01bc54833c1d480b3c129d65f/element/f.89CEFFE823C31142EA3CFD6CAFD84276.d.0776C25FB1E96F8E148DF02D3215ACBA.e.6889/attribute/aria-checked - {}
COMMAND: GET /session/86a389c01bc54833c1d480b3c129d65f/screenshot - {}
RESULT: {}
COMMAND: POST /session/86a389c01bc54833c1d480b3c129d65f/element - {"using":"xpath","value":"//table[contains(@id, \"listView-innerSelectionPanelTable-listUl\")]/tbody/tr[24]/td[2]/div/div"}
RESULT: {}
RESULT: {"using":"xpath","value":"//table[contains(@id, \"listView-innerSelectionPanelTable-listUl\")]/tbody/tr[24]/td[2]/div/div"}
COMMAND: POST /session/86a389c01bc54833c1d480b3c129d65f/element - {"using":"xpath","value":"//table[contains(@id, \"listView-innerSelectionPanelTable-listUl\")]/tbody/tr[24]/td[2]/div"}
RESULT: {"using":"xpath","value":"//table[contains(@id, \"listView-innerSelectionPanelTable-listUl\")]/tbody/tr[24]/td[2]/div"}
COMMAND: POST /session/86a389c01bc54833c1d480b3c129d65f/element - {"using":"xpath","value":"//table[contains(@id, \"listView-innerSelectionPanelTable-listUl\")]/tbody/tr[24]/td[3]/div/div/span/span[1]/bdi"}
RESULT: {"using":"xpath","value":"//table[contains(@id, \"listView-innerSelectionPanelTable-listUl\")]/tbody/tr[24]/td[3]/div/div/span/span[1]/bdi"}
COMMAND: POST /session/86a389c01bc54833c1d480b3c129d65f/execute/sync - {"script":"<script> [56 bytes]","args":[{"element-6066-11e4-a52e-4f735466cecf":"f.89CEFFE823C31142EA3CFD6CAFD84276.d.0776C25FB1E96F8E148DF02D3215ACBA.e.6893","ELEMENT":"f.89CEFFE823C31142EA3CFD6CAFD84276.d.0776C25FB1E96F8E148DF02D3215ACBA.e.6893"}]}
RESULT: {"script":"<script> [56 bytes]","args":[{"element-6066-11e4-a52e-4f735466cecf":"f.89CEFFE823C31142EA3CFD6CAFD84276.d.0776C25FB1E96F8E148DF02D3215ACBA.e.6893","ELEMENT":"f.89CEFFE823C31142EA3CFD6CAFD84276.d.0776C25FB1E96F8E148DF02D3215ACBA.e.6893"}]}
COMMAND: GET /session/86a389c01bc54833c1d480b3c129d65f/element/f.89CEFFE823C31142EA3CFD6CAFD84276.d.0776C25FB1E96F8E148DF02D3215ACBA.e.6892/attribute/aria-checked - {}
COMMAND: GET /session/86a389c01bc54833c1d480b3c129d65f/screenshot - {}
RESULT: {}
COMMAND: POST /session/86a389c01bc54833c1d480b3c129d65f/element - {"using":"xpath","value":"//table[contains(@id, \"listView-innerSelectionPanelTable-listUl\")]/tbody/tr[25]/td[2]/div/div"}
RESULT: {}
RESULT: {"using":"xpath","value":"//table[contains(@id, \"listView-innerSelectionPanelTable-listUl\")]/tbody/tr[25]/td[2]/div/div"}
COMMAND: POST /session/86a389c01bc54833c1d480b3c129d65f/element - {"using":"xpath","value":"//table[contains(@id, \"listView-innerSelectionPanelTable-listUl\")]/tbody/tr[25]/td[2]/div"}
RESULT: {"using":"xpath","value":"//table[contains(@id, \"listView-innerSelectionPanelTable-listUl\")]/tbody/tr[25]/td[2]/div"}
COMMAND: POST /session/86a389c01bc54833c1d480b3c129d65f/element - {"using":"xpath","value":"//table[contains(@id, \"listView-innerSelectionPanelTable-listUl\")]/tbody/tr[25]/td[3]/div/div/span/span[1]/bdi"}
RESULT: {"using":"xpath","value":"//table[contains(@id, \"listView-innerSelectionPanelTable-listUl\")]/tbody/tr[25]/td[3]/div/div/span/span[1]/bdi"}
COMMAND: POST /session/86a389c01bc54833c1d480b3c129d65f/execute/sync - {"script":"<script> [56 bytes]","args":[{"element-6066-11e4-a52e-4f735466cecf":"f.89CEFFE823C31142EA3CFD6CAFD84276.d.0776C25FB1E96F8E148DF02D3215ACBA.e.6896","ELEMENT":"f.89CEFFE823C31142EA3CFD6CAFD84276.d.0776C25FB1E96F8E148DF02D3215ACBA.e.6896"}]}
RESULT: {"script":"<script> [56 bytes]","args":[{"element-6066-11e4-a52e-4f735466cecf":"f.89CEFFE823C31142EA3CFD6CAFD84276.d.0776C25FB1E96F8E148DF02D3215ACBA.e.6896","ELEMENT":"f.89CEFFE823C31142EA3CFD6CAFD84276.d.0776C25FB1E96F8E148DF02D3215ACBA.e.6896"}]}
COMMAND: GET /session/86a389c01bc54833c1d480b3c129d65f/element/f.89CEFFE823C31142EA3CFD6CAFD84276.d.0776C25FB1E96F8E148DF02D3215ACBA.e.6895/attribute/aria-checked - {}
COMMAND: GET /session/86a389c01bc54833c1d480b3c129d65f/screenshot - {}
RESULT: {}
COMMAND: POST /session/86a389c01bc54833c1d480b3c129d65f/element - {"using":"xpath","value":"//bdi[contains(text(), \"OK\")]"}
RESULT: {}
RESULT: {"using":"xpath","value":"//bdi[contains(text(), \"OK\")]"}
COMMAND: POST /session/86a389c01bc54833c1d480b3c129d65f/element/f.89CEFFE823C31142EA3CFD6CAFD84276.d.0776C25FB1E96F8E148DF02D3215ACBA.e.6897/click - {}
RESULT: {}
COMMAND: GET /session/86a389c01bc54833c1d480b3c129d65f/screenshot - {}
RESULT: {}
COMMAND: POST /session/86a389c01bc54833c1d480b3c129d65f/execute/async - {"script":"<script> [1562 bytes]","args":[{"selector":{"id":"application-managepartners-display-component---masterPtm--smartFilterBar-filterItemControlA_-LINK_TO_ADDRESSES_MAIN.CITY1-vhi"},"wdio_ui5_key":"applicationmanagepartners-display-component---masterPtm--smartFilterBar-filterItemControlA_-LINK_TO_ADDRESSES_MAIN.CITY1-vhi"}]}
RESULT: {"script":"<script> [1562 bytes]","args":[{"selector":{"id":"application-managepartners-display-component---masterPtm--smartFilterBar-filterItemControlA_-LINK_TO_ADDRESSES_MAIN.CITY1-vhi"},"wdio_ui5_key":"applicationmanagepartners-display-component---masterPtm--smartFilterBar-filterItemControlA_-LINK_TO_ADDRESSES_MAIN.CITY1-vhi"}]}
RESULT: undefined
COMMAND: POST /session/86a389c01bc54833c1d480b3c129d65f/element - {"using":"xpath","value":"//*[@id=\"application-managepartners-display-component---masterPtm--smartFilterBar-filterItemControlA_-LINK_TO_ADDRESSES_MAIN.CITY1-vhi\"]"}
RESULT: {"using":"xpath","value":"//*[@id=\"application-managepartners-display-component---masterPtm--smartFilterBar-filterItemControlA_-LINK_TO_ADDRESSES_MAIN.CITY1-vhi\"]"}
COMMAND: POST /session/86a389c01bc54833c1d480b3c129d65f/element/f.89CEFFE823C31142EA3CFD6CAFD84276.d.0776C25FB1E96F8E148DF02D3215ACBA.e.6911/click - {}
RESULT: {}
COMMAND: GET /session/86a389c01bc54833c1d480b3c129d65f/screenshot - {}
RESULT: {}
COMMAND: POST /session/86a389c01bc54833c1d480b3c129d65f/execute/async - {"script":"<script> [1562 bytes]","args":[{"selector":{"controlType":"sap.m.Input","viewName":"etm.portal.ui.managepartners.view.Master","viewId":"application-managepartners-display-component---masterPtm","properties":{"valueState":"None"},"searchOpenDialogs":true,"interaction":{"idSuffix":"inner"}},"wdio_ui5_key":"etmportal.ui.managepartners.view.Mastersap.m.Input{\"valueState\":\"None\"}"}]}
RESULT: {"script":"<script> [1562 bytes]","args":[{"selector":{"controlType":"sap.m.Input","viewName":"etm.portal.ui.managepartners.view.Master","viewId":"application-managepartners-display-component---masterPtm","properties":{"valueState":"None"},"searchOpenDialogs":true,"interaction":{"idSuffix":"inner"}},"wdio_ui5_key":"etmportal.ui.managepartners.view.Mastersap.m.Input{\"valueState\":\"None\"}"}]}
RESULT: undefined
COMMAND: POST /session/86a389c01bc54833c1d480b3c129d65f/execute/async - {"script":"<script> [776 bytes]","args":[{"enterText":"Bangalore","selector":{"controlType":"sap.m.Input","viewName":"etm.portal.ui.managepartners.view.Master","viewId":"application-managepartners-display-component---masterPtm","properties":{"valueState":"None"},"searchOpenDialogs":true,"interaction":{"idSuffix":"inner"}},"clearTextFirst":true,"interactionType":"ENTER_TEXT"}]}
RESULT: {"script":"<script> [776 bytes]","args":[{"enterText":"Bangalore","selector":{"controlType":"sap.m.Input","viewName":"etm.portal.ui.managepartners.view.Master","viewId":"application-managepartners-display-component---masterPtm","properties":{"valueState":"None"},"searchOpenDialogs":true,"interaction":{"idSuffix":"inner"}},"clearTextFirst":true,"interactionType":"ENTER_TEXT"}]}
COMMAND: POST /session/86a389c01bc54833c1d480b3c129d65f/actions - {"actions":[{"id":"action21","type":"key","parameters":{},"actions":[{"type":"keyDown","value":"î€‡"},{"type":"pause","duration":10},{"type":"keyUp","value":"î€‡"}]}]}
RESULT: {"actions":[{"id":"action21","type":"key","parameters":{},"actions":[{"type":"keyDown","value":"î€‡"},{"type":"pause","duration":10},{"type":"keyUp","value":"î€‡"}]}]}
COMMAND: GET /session/86a389c01bc54833c1d480b3c129d65f/screenshot - {}
RESULT: {}
COMMAND: POST /session/86a389c01bc54833c1d480b3c129d65f/element - {"using":"xpath","value":"(//bdi[contains(text(), \"OK\")])[1]"}
RESULT: {"using":"xpath","value":"(//bdi[contains(text(), \"OK\")])[1]"}
COMMAND: POST /session/86a389c01bc54833c1d480b3c129d65f/element/f.89CEFFE823C31142EA3CFD6CAFD84276.d.0776C25FB1E96F8E148DF02D3215ACBA.e.6917/click - {}
RESULT: {}
COMMAND: GET /session/86a389c01bc54833c1d480b3c129d65f/screenshot - {}
RESULT: {}
COMMAND: POST /session/86a389c01bc54833c1d480b3c129d65f/element - {"using":"xpath","value":"//span[@id=\"application-managepartners-display-component---masterPtm--smartTable-header-inner\"]"}
RESULT: {"using":"xpath","value":"//span[@id=\"application-managepartners-display-component---masterPtm--smartTable-header-inner\"]"}
COMMAND: POST /session/86a389c01bc54833c1d480b3c129d65f/elements - {"using":"xpath","value":"//span[@id=\"application-managepartners-display-component---masterPtm--smartTable-header-inner\"]"}
RESULT: {"using":"xpath","value":"//span[@id=\"application-managepartners-display-component---masterPtm--smartTable-header-inner\"]"}
COMMAND: POST /session/86a389c01bc54833c1d480b3c129d65f/execute/sync - {"script":"<script> [56 bytes]","args":[{"element-6066-11e4-a52e-4f735466cecf":"f.89CEFFE823C31142EA3CFD6CAFD84276.d.0776C25FB1E96F8E148DF02D3215ACBA.e.6008","ELEMENT":"f.89CEFFE823C31142EA3CFD6CAFD84276.d.0776C25FB1E96F8E148DF02D3215ACBA.e.6008"}]}
RESULT: {"script":"<script> [56 bytes]","args":[{"element-6066-11e4-a52e-4f735466cecf":"f.89CEFFE823C31142EA3CFD6CAFD84276.d.0776C25FB1E96F8E148DF02D3215ACBA.e.6008","ELEMENT":"f.89CEFFE823C31142EA3CFD6CAFD84276.d.0776C25FB1E96F8E148DF02D3215ACBA.e.6008"}]}
COMMAND: POST /session/86a389c01bc54833c1d480b3c129d65f/element - {"using":"xpath","value":"//span[contains(@title, \"Remove\")]"}
COMMAND: GET /session/86a389c01bc54833c1d480b3c129d65f/screenshot - {}
RESULT: {"using":"xpath","value":"//span[contains(@title, \"Remove\")]"}
COMMAND: POST /session/86a389c01bc54833c1d480b3c129d65f/element/f.89CEFFE823C31142EA3CFD6CAFD84276.d.0776C25FB1E96F8E148DF02D3215ACBA.e.6985/click - {}
RESULT: {}
RESULT: {}
COMMAND: GET /session/86a389c01bc54833c1d480b3c129d65f/screenshot - {}
RESULT: {}
COMMAND: POST /session/86a389c01bc54833c1d480b3c129d65f/element - {"using":"xpath","value":"//span[@id=\"application-managepartners-display-component---masterPtm--smartTable-header-inner\"]"}
RESULT: {"using":"xpath","value":"//span[@id=\"application-managepartners-display-component---masterPtm--smartTable-header-inner\"]"}
COMMAND: POST /session/86a389c01bc54833c1d480b3c129d65f/elements - {"using":"xpath","value":"//span[@id=\"application-managepartners-display-component---masterPtm--smartTable-header-inner\"]"}
RESULT: {"using":"xpath","value":"//span[@id=\"application-managepartners-display-component---masterPtm--smartTable-header-inner\"]"}
COMMAND: POST /session/86a389c01bc54833c1d480b3c129d65f/execute/sync - {"script":"<script> [56 bytes]","args":[{"element-6066-11e4-a52e-4f735466cecf":"f.89CEFFE823C31142EA3CFD6CAFD84276.d.0776C25FB1E96F8E148DF02D3215ACBA.e.6008","ELEMENT":"f.89CEFFE823C31142EA3CFD6CAFD84276.d.0776C25FB1E96F8E148DF02D3215ACBA.e.6008"}]}
RESULT: {"script":"<script> [56 bytes]","args":[{"element-6066-11e4-a52e-4f735466cecf":"f.89CEFFE823C31142EA3CFD6CAFD84276.d.0776C25FB1E96F8E148DF02D3215ACBA.e.6008","ELEMENT":"f.89CEFFE823C31142EA3CFD6CAFD84276.d.0776C25FB1E96F8E148DF02D3215ACBA.e.6008"}]}
COMMAND: POST /session/86a389c01bc54833c1d480b3c129d65f/element - {"using":"css selector","value":"#shell-header-logo"}
COMMAND: GET /session/86a389c01bc54833c1d480b3c129d65f/screenshot - {}
RESULT: {"using":"css selector","value":"#shell-header-logo"}
COMMAND: POST /session/86a389c01bc54833c1d480b3c129d65f/element/f.89CEFFE823C31142EA3CFD6CAFD84276.d.0776C25FB1E96F8E148DF02D3215ACBA.e.5839/click - {}
RESULT: {}
RESULT: {}
COMMAND: GET /session/86a389c01bc54833c1d480b3c129d65f/screenshot - {}
RESULT: {}
]]></system-out>
    </testcase>
    <testcase classname="chrome.135_0_7049_96.windows.Partner_specific_tests_US150819_US151080_US151654_US151176_US103444_US151078_US151079_US151109_US151174_US151175_US151189" name="Should try to save empty partner US151174" time="51.097">
      <system-out><![CDATA[
COMMAND: POST /session/86a389c01bc54833c1d480b3c129d65f/element - {"using":"xpath","value":"//li[.//span[text()=\"Manage Partners\"]]"}
RESULT: {"using":"xpath","value":"//li[.//span[text()=\"Manage Partners\"]]"}
COMMAND: POST /session/86a389c01bc54833c1d480b3c129d65f/element - {"using":"xpath","value":"//li[.//span[text()=\"Manage Partners\"]]"}
RESULT: {"using":"xpath","value":"//li[.//span[text()=\"Manage Partners\"]]"}
COMMAND: POST /session/86a389c01bc54833c1d480b3c129d65f/element - {"using":"css selector","value":"#shell-header-logo"}
RESULT: {"using":"css selector","value":"#shell-header-logo"}
COMMAND: POST /session/86a389c01bc54833c1d480b3c129d65f/element/f.89CEFFE823C31142EA3CFD6CAFD84276.d.0776C25FB1E96F8E148DF02D3215ACBA.e.7079/click - {}
COMMAND: POST /session/86a389c01bc54833c1d480b3c129d65f/execute/sync - {"script":"<script> [8489 bytes]","args":[{"element-6066-11e4-a52e-4f735466cecf":"f.89CEFFE823C31142EA3CFD6CAFD84276.d.0776C25FB1E96F8E148DF02D3215ACBA.e.7079","ELEMENT":"f.89CEFFE823C31142EA3CFD6CAFD84276.d.0776C25FB1E96F8E148DF02D3215ACBA.e.7079"}]}
RESULT: {}
COMMAND: GET /session/86a389c01bc54833c1d480b3c129d65f/screenshot - {}
RESULT: {"script":"<script> [8489 bytes]","args":[{"element-6066-11e4-a52e-4f735466cecf":"f.89CEFFE823C31142EA3CFD6CAFD84276.d.0776C25FB1E96F8E148DF02D3215ACBA.e.7079","ELEMENT":"f.89CEFFE823C31142EA3CFD6CAFD84276.d.0776C25FB1E96F8E148DF02D3215ACBA.e.7079"}]}
COMMAND: POST /session/86a389c01bc54833c1d480b3c129d65f/execute/sync - {"script":"<script> [5351 bytes]","args":[{"element-6066-11e4-a52e-4f735466cecf":"f.89CEFFE823C31142EA3CFD6CAFD84276.d.0776C25FB1E96F8E148DF02D3215ACBA.e.7079","ELEMENT":"f.89CEFFE823C31142EA3CFD6CAFD84276.d.0776C25FB1E96F8E148DF02D3215ACBA.e.7079"}]}
COMMAND: GET /session/86a389c01bc54833c1d480b3c129d65f/screenshot - {}
RESULT: {}
RESULT: {"script":"<script> [5351 bytes]","args":[{"element-6066-11e4-a52e-4f735466cecf":"f.89CEFFE823C31142EA3CFD6CAFD84276.d.0776C25FB1E96F8E148DF02D3215ACBA.e.7079","ELEMENT":"f.89CEFFE823C31142EA3CFD6CAFD84276.d.0776C25FB1E96F8E148DF02D3215ACBA.e.7079"}]}
COMMAND: GET /session/86a389c01bc54833c1d480b3c129d65f/screenshot - {}
RESULT: {}
RESULT: {}
RESULT: undefined
COMMAND: POST /session/86a389c01bc54833c1d480b3c129d65f/element - {"using":"xpath","value":"//*[@id=\"__tile30\"]"}
RESULT: {"using":"xpath","value":"//*[@id=\"__tile30\"]"}
COMMAND: POST /session/86a389c01bc54833c1d480b3c129d65f/element/f.89CEFFE823C31142EA3CFD6CAFD84276.d.0776C25FB1E96F8E148DF02D3215ACBA.e.4502/click - {}
RESULT: {}
COMMAND: POST /session/86a389c01bc54833c1d480b3c129d65f/element - {"using":"xpath","value":"//button[@data-kt=\"addButton\"]"}
COMMAND: GET /session/86a389c01bc54833c1d480b3c129d65f/screenshot - {}
RESULT: {"using":"xpath","value":"//button[@data-kt=\"addButton\"]"}
COMMAND: POST /session/86a389c01bc54833c1d480b3c129d65f/elements - {"using":"xpath","value":"//button[@data-kt=\"addButton\"]"}
RESULT: {}
RESULT: {"using":"xpath","value":"//button[@data-kt=\"addButton\"]"}
COMMAND: POST /session/86a389c01bc54833c1d480b3c129d65f/execute/sync - {"script":"<script> [8489 bytes]","args":[{"element-6066-11e4-a52e-4f735466cecf":"f.89CEFFE823C31142EA3CFD6CAFD84276.d.0776C25FB1E96F8E148DF02D3215ACBA.e.7124","ELEMENT":"f.89CEFFE823C31142EA3CFD6CAFD84276.d.0776C25FB1E96F8E148DF02D3215ACBA.e.7124"}]}
RESULT: {"script":"<script> [8489 bytes]","args":[{"element-6066-11e4-a52e-4f735466cecf":"f.89CEFFE823C31142EA3CFD6CAFD84276.d.0776C25FB1E96F8E148DF02D3215ACBA.e.7124","ELEMENT":"f.89CEFFE823C31142EA3CFD6CAFD84276.d.0776C25FB1E96F8E148DF02D3215ACBA.e.7124"}]}
COMMAND: GET /session/86a389c01bc54833c1d480b3c129d65f/element/f.89CEFFE823C31142EA3CFD6CAFD84276.d.0776C25FB1E96F8E148DF02D3215ACBA.e.7124/enabled - {}
COMMAND: GET /session/86a389c01bc54833c1d480b3c129d65f/screenshot - {}
RESULT: {}
COMMAND: POST /session/86a389c01bc54833c1d480b3c129d65f/execute/sync - {"script":"<script> [8489 bytes]","args":[{"element-6066-11e4-a52e-4f735466cecf":"f.89CEFFE823C31142EA3CFD6CAFD84276.d.0776C25FB1E96F8E148DF02D3215ACBA.e.7124","ELEMENT":"f.89CEFFE823C31142EA3CFD6CAFD84276.d.0776C25FB1E96F8E148DF02D3215ACBA.e.7124"}]}
COMMAND: GET /session/86a389c01bc54833c1d480b3c129d65f/screenshot - {}
RESULT: {}
RESULT: {"script":"<script> [8489 bytes]","args":[{"element-6066-11e4-a52e-4f735466cecf":"f.89CEFFE823C31142EA3CFD6CAFD84276.d.0776C25FB1E96F8E148DF02D3215ACBA.e.7124","ELEMENT":"f.89CEFFE823C31142EA3CFD6CAFD84276.d.0776C25FB1E96F8E148DF02D3215ACBA.e.7124"}]}
COMMAND: POST /session/86a389c01bc54833c1d480b3c129d65f/execute/sync - {"script":"<script> [5351 bytes]","args":[{"element-6066-11e4-a52e-4f735466cecf":"f.89CEFFE823C31142EA3CFD6CAFD84276.d.0776C25FB1E96F8E148DF02D3215ACBA.e.7124","ELEMENT":"f.89CEFFE823C31142EA3CFD6CAFD84276.d.0776C25FB1E96F8E148DF02D3215ACBA.e.7124"}]}
COMMAND: GET /session/86a389c01bc54833c1d480b3c129d65f/screenshot - {}
RESULT: {}
RESULT: {"script":"<script> [5351 bytes]","args":[{"element-6066-11e4-a52e-4f735466cecf":"f.89CEFFE823C31142EA3CFD6CAFD84276.d.0776C25FB1E96F8E148DF02D3215ACBA.e.7124","ELEMENT":"f.89CEFFE823C31142EA3CFD6CAFD84276.d.0776C25FB1E96F8E148DF02D3215ACBA.e.7124"}]}
COMMAND: POST /session/86a389c01bc54833c1d480b3c129d65f/element/f.89CEFFE823C31142EA3CFD6CAFD84276.d.0776C25FB1E96F8E148DF02D3215ACBA.e.7124/click - {}
COMMAND: GET /session/86a389c01bc54833c1d480b3c129d65f/screenshot - {}
RESULT: {}
RESULT: {}
COMMAND: GET /session/86a389c01bc54833c1d480b3c129d65f/screenshot - {}
RESULT: {}
RESULT: {}
COMMAND: POST /session/86a389c01bc54833c1d480b3c129d65f/element - {"using":"xpath","value":"//button[@data-kt=\"saveButton\"]"}
RESULT: {"using":"xpath","value":"//button[@data-kt=\"saveButton\"]"}
COMMAND: POST /session/86a389c01bc54833c1d480b3c129d65f/element/f.89CEFFE823C31142EA3CFD6CAFD84276.d.0776C25FB1E96F8E148DF02D3215ACBA.e.7536/click - {}
RESULT: {}
COMMAND: GET /session/86a389c01bc54833c1d480b3c129d65f/screenshot - {}
RESULT: {}
COMMAND: POST /session/86a389c01bc54833c1d480b3c129d65f/element - {"using":"xpath","value":"//span[contains(@class, \"sapMMsgBoxText\")]"}
RESULT: {"using":"xpath","value":"//span[contains(@class, \"sapMMsgBoxText\")]"}
COMMAND: POST /session/86a389c01bc54833c1d480b3c129d65f/execute/sync - {"script":"<script> [56 bytes]","args":[{"element-6066-11e4-a52e-4f735466cecf":"f.89CEFFE823C31142EA3CFD6CAFD84276.d.0776C25FB1E96F8E148DF02D3215ACBA.e.7561","ELEMENT":"f.89CEFFE823C31142EA3CFD6CAFD84276.d.0776C25FB1E96F8E148DF02D3215ACBA.e.7561"}]}
RESULT: {"script":"<script> [56 bytes]","args":[{"element-6066-11e4-a52e-4f735466cecf":"f.89CEFFE823C31142EA3CFD6CAFD84276.d.0776C25FB1E96F8E148DF02D3215ACBA.e.7561","ELEMENT":"f.89CEFFE823C31142EA3CFD6CAFD84276.d.0776C25FB1E96F8E148DF02D3215ACBA.e.7561"}]}
COMMAND: POST /session/86a389c01bc54833c1d480b3c129d65f/element - {"using":"xpath","value":"(//bdi[contains(text(), \"Close\")])[1]"}
COMMAND: POST /session/86a389c01bc54833c1d480b3c129d65f/elements - {"using":"xpath","value":"//span[contains(@class, \"sapMMsgBoxText\")]"}
COMMAND: GET /session/86a389c01bc54833c1d480b3c129d65f/screenshot - {}
RESULT: {"using":"xpath","value":"(//bdi[contains(text(), \"Close\")])[1]"}
COMMAND: POST /session/86a389c01bc54833c1d480b3c129d65f/element/f.89CEFFE823C31142EA3CFD6CAFD84276.d.0776C25FB1E96F8E148DF02D3215ACBA.e.7562/click - {}
RESULT: {"using":"xpath","value":"//span[contains(@class, \"sapMMsgBoxText\")]"}
RESULT: {}
RESULT: {}
COMMAND: GET /session/86a389c01bc54833c1d480b3c129d65f/screenshot - {}
RESULT: {}
COMMAND: POST /session/86a389c01bc54833c1d480b3c129d65f/element - {"using":"css selector","value":"#shell-header-logo"}
RESULT: {"using":"css selector","value":"#shell-header-logo"}
COMMAND: POST /session/86a389c01bc54833c1d480b3c129d65f/element/f.89CEFFE823C31142EA3CFD6CAFD84276.d.0776C25FB1E96F8E148DF02D3215ACBA.e.7079/click - {}
RESULT: {}
COMMAND: GET /session/86a389c01bc54833c1d480b3c129d65f/screenshot - {}
RESULT: {}
]]></system-out>
    </testcase>
    <testcase classname="chrome.135_0_7049_96.windows.Partner_specific_tests_US150819_US151080_US151654_US151176_US103444_US151078_US151079_US151109_US151174_US151175_US151189" name="Should do various searches US151175" time="157.651">
      <system-out><![CDATA[
COMMAND: POST /session/86a389c01bc54833c1d480b3c129d65f/element - {"using":"xpath","value":"//li[.//span[text()=\"Manage Partners\"]]"}
RESULT: {"using":"xpath","value":"//li[.//span[text()=\"Manage Partners\"]]"}
COMMAND: POST /session/86a389c01bc54833c1d480b3c129d65f/element - {"using":"xpath","value":"//li[.//span[text()=\"Manage Partners\"]]"}
RESULT: {"using":"xpath","value":"//li[.//span[text()=\"Manage Partners\"]]"}
COMMAND: POST /session/86a389c01bc54833c1d480b3c129d65f/element - {"using":"css selector","value":"#shell-header-logo"}
RESULT: {"using":"css selector","value":"#shell-header-logo"}
COMMAND: POST /session/86a389c01bc54833c1d480b3c129d65f/element/f.89CEFFE823C31142EA3CFD6CAFD84276.d.0776C25FB1E96F8E148DF02D3215ACBA.e.7564/click - {}
COMMAND: POST /session/86a389c01bc54833c1d480b3c129d65f/execute/sync - {"script":"<script> [8489 bytes]","args":[{"element-6066-11e4-a52e-4f735466cecf":"f.89CEFFE823C31142EA3CFD6CAFD84276.d.0776C25FB1E96F8E148DF02D3215ACBA.e.7564","ELEMENT":"f.89CEFFE823C31142EA3CFD6CAFD84276.d.0776C25FB1E96F8E148DF02D3215ACBA.e.7564"}]}
RESULT: {"script":"<script> [8489 bytes]","args":[{"element-6066-11e4-a52e-4f735466cecf":"f.89CEFFE823C31142EA3CFD6CAFD84276.d.0776C25FB1E96F8E148DF02D3215ACBA.e.7564","ELEMENT":"f.89CEFFE823C31142EA3CFD6CAFD84276.d.0776C25FB1E96F8E148DF02D3215ACBA.e.7564"}]}
COMMAND: POST /session/86a389c01bc54833c1d480b3c129d65f/execute/sync - {"script":"<script> [5351 bytes]","args":[{"element-6066-11e4-a52e-4f735466cecf":"f.89CEFFE823C31142EA3CFD6CAFD84276.d.0776C25FB1E96F8E148DF02D3215ACBA.e.7564","ELEMENT":"f.89CEFFE823C31142EA3CFD6CAFD84276.d.0776C25FB1E96F8E148DF02D3215ACBA.e.7564"}]}
COMMAND: GET /session/86a389c01bc54833c1d480b3c129d65f/screenshot - {}
RESULT: {}
COMMAND: GET /session/86a389c01bc54833c1d480b3c129d65f/screenshot - {}
RESULT: {"script":"<script> [5351 bytes]","args":[{"element-6066-11e4-a52e-4f735466cecf":"f.89CEFFE823C31142EA3CFD6CAFD84276.d.0776C25FB1E96F8E148DF02D3215ACBA.e.7564","ELEMENT":"f.89CEFFE823C31142EA3CFD6CAFD84276.d.0776C25FB1E96F8E148DF02D3215ACBA.e.7564"}]}
COMMAND: GET /session/86a389c01bc54833c1d480b3c129d65f/screenshot - {}
RESULT: {}
RESULT: {}
RESULT: {}
RESULT: undefined
COMMAND: POST /session/86a389c01bc54833c1d480b3c129d65f/element - {"using":"xpath","value":"//*[@id=\"__tile30\"]"}
RESULT: {"using":"xpath","value":"//*[@id=\"__tile30\"]"}
COMMAND: POST /session/86a389c01bc54833c1d480b3c129d65f/element/f.89CEFFE823C31142EA3CFD6CAFD84276.d.0776C25FB1E96F8E148DF02D3215ACBA.e.4502/click - {}
RESULT: {}
COMMAND: POST /session/86a389c01bc54833c1d480b3c129d65f/element - {"using":"xpath","value":"//button[@data-kt=\"addButton\"]"}
COMMAND: GET /session/86a389c01bc54833c1d480b3c129d65f/screenshot - {}
RESULT: {"using":"xpath","value":"//button[@data-kt=\"addButton\"]"}
COMMAND: POST /session/86a389c01bc54833c1d480b3c129d65f/elements - {"using":"xpath","value":"//button[@data-kt=\"addButton\"]"}
RESULT: {}
RESULT: {"using":"xpath","value":"//button[@data-kt=\"addButton\"]"}
COMMAND: POST /session/86a389c01bc54833c1d480b3c129d65f/element - {"using":"xpath","value":"//button[@data-kt=\"addButton\"]"}
RESULT: {"using":"xpath","value":"//button[@data-kt=\"addButton\"]"}
COMMAND: POST /session/86a389c01bc54833c1d480b3c129d65f/execute/sync - {"script":"<script> [8489 bytes]","args":[{"element-6066-11e4-a52e-4f735466cecf":"f.89CEFFE823C31142EA3CFD6CAFD84276.d.0776C25FB1E96F8E148DF02D3215ACBA.e.7610","ELEMENT":"f.89CEFFE823C31142EA3CFD6CAFD84276.d.0776C25FB1E96F8E148DF02D3215ACBA.e.7610"}]}
RESULT: {"script":"<script> [8489 bytes]","args":[{"element-6066-11e4-a52e-4f735466cecf":"f.89CEFFE823C31142EA3CFD6CAFD84276.d.0776C25FB1E96F8E148DF02D3215ACBA.e.7610","ELEMENT":"f.89CEFFE823C31142EA3CFD6CAFD84276.d.0776C25FB1E96F8E148DF02D3215ACBA.e.7610"}]}
COMMAND: GET /session/86a389c01bc54833c1d480b3c129d65f/element/f.89CEFFE823C31142EA3CFD6CAFD84276.d.0776C25FB1E96F8E148DF02D3215ACBA.e.7610/enabled - {}
COMMAND: GET /session/86a389c01bc54833c1d480b3c129d65f/screenshot - {}
RESULT: {}
COMMAND: POST /session/86a389c01bc54833c1d480b3c129d65f/execute/sync - {"script":"<script> [8489 bytes]","args":[{"element-6066-11e4-a52e-4f735466cecf":"f.89CEFFE823C31142EA3CFD6CAFD84276.d.0776C25FB1E96F8E148DF02D3215ACBA.e.7610","ELEMENT":"f.89CEFFE823C31142EA3CFD6CAFD84276.d.0776C25FB1E96F8E148DF02D3215ACBA.e.7610"}]}
COMMAND: GET /session/86a389c01bc54833c1d480b3c129d65f/screenshot - {}
RESULT: {}
RESULT: {"script":"<script> [8489 bytes]","args":[{"element-6066-11e4-a52e-4f735466cecf":"f.89CEFFE823C31142EA3CFD6CAFD84276.d.0776C25FB1E96F8E148DF02D3215ACBA.e.7610","ELEMENT":"f.89CEFFE823C31142EA3CFD6CAFD84276.d.0776C25FB1E96F8E148DF02D3215ACBA.e.7610"}]}
COMMAND: POST /session/86a389c01bc54833c1d480b3c129d65f/execute/sync - {"script":"<script> [5351 bytes]","args":[{"element-6066-11e4-a52e-4f735466cecf":"f.89CEFFE823C31142EA3CFD6CAFD84276.d.0776C25FB1E96F8E148DF02D3215ACBA.e.7610","ELEMENT":"f.89CEFFE823C31142EA3CFD6CAFD84276.d.0776C25FB1E96F8E148DF02D3215ACBA.e.7610"}]}
COMMAND: GET /session/86a389c01bc54833c1d480b3c129d65f/screenshot - {}
RESULT: {}
RESULT: {"script":"<script> [5351 bytes]","args":[{"element-6066-11e4-a52e-4f735466cecf":"f.89CEFFE823C31142EA3CFD6CAFD84276.d.0776C25FB1E96F8E148DF02D3215ACBA.e.7610","ELEMENT":"f.89CEFFE823C31142EA3CFD6CAFD84276.d.0776C25FB1E96F8E148DF02D3215ACBA.e.7610"}]}
COMMAND: GET /session/86a389c01bc54833c1d480b3c129d65f/screenshot - {}
RESULT: {}
RESULT: {}
COMMAND: POST /session/86a389c01bc54833c1d480b3c129d65f/element - {"using":"xpath","value":"//span[@id=\"application-managepartners-display-component---masterPtm--smartTable-header-inner\"]"}
RESULT: {"using":"xpath","value":"//span[@id=\"application-managepartners-display-component---masterPtm--smartTable-header-inner\"]"}
COMMAND: POST /session/86a389c01bc54833c1d480b3c129d65f/elements - {"using":"xpath","value":"//span[@id=\"application-managepartners-display-component---masterPtm--smartTable-header-inner\"]"}
RESULT: {"using":"xpath","value":"//span[@id=\"application-managepartners-display-component---masterPtm--smartTable-header-inner\"]"}
COMMAND: POST /session/86a389c01bc54833c1d480b3c129d65f/execute/sync - {"script":"<script> [56 bytes]","args":[{"element-6066-11e4-a52e-4f735466cecf":"f.89CEFFE823C31142EA3CFD6CAFD84276.d.0776C25FB1E96F8E148DF02D3215ACBA.e.7734","ELEMENT":"f.89CEFFE823C31142EA3CFD6CAFD84276.d.0776C25FB1E96F8E148DF02D3215ACBA.e.7734"}]}
RESULT: {"script":"<script> [56 bytes]","args":[{"element-6066-11e4-a52e-4f735466cecf":"f.89CEFFE823C31142EA3CFD6CAFD84276.d.0776C25FB1E96F8E148DF02D3215ACBA.e.7734","ELEMENT":"f.89CEFFE823C31142EA3CFD6CAFD84276.d.0776C25FB1E96F8E148DF02D3215ACBA.e.7734"}]}
RESULT: undefined
COMMAND: POST /session/86a389c01bc54833c1d480b3c129d65f/element - {"using":"xpath","value":"//*[@id=\"application-managepartners-display-component---masterPtm--smartFilterBar-btnFilters\"]"}
COMMAND: GET /session/86a389c01bc54833c1d480b3c129d65f/screenshot - {}
RESULT: {"using":"xpath","value":"//*[@id=\"application-managepartners-display-component---masterPtm--smartFilterBar-btnFilters\"]"}
COMMAND: POST /session/86a389c01bc54833c1d480b3c129d65f/element/f.89CEFFE823C31142EA3CFD6CAFD84276.d.0776C25FB1E96F8E148DF02D3215ACBA.e.7574/click - {}
RESULT: {}
RESULT: {}
COMMAND: GET /session/86a389c01bc54833c1d480b3c129d65f/screenshot - {}
RESULT: {}
COMMAND: POST /session/86a389c01bc54833c1d480b3c129d65f/elements - {"using":"xpath","value":"//table[contains(@id, \"listView-innerSelectionPanelTable-listUl\")]/tbody/tr"}
RESULT: {"using":"xpath","value":"//table[contains(@id, \"listView-innerSelectionPanelTable-listUl\")]/tbody/tr"}
COMMAND: POST /session/86a389c01bc54833c1d480b3c129d65f/element - {"using":"xpath","value":"//table[contains(@id, \"listView-innerSelectionPanelTable-listUl\")]/tbody/tr[2]/td[2]/div/div"}
RESULT: {"using":"xpath","value":"//table[contains(@id, \"listView-innerSelectionPanelTable-listUl\")]/tbody/tr[2]/td[2]/div/div"}
COMMAND: POST /session/86a389c01bc54833c1d480b3c129d65f/element - {"using":"xpath","value":"//table[contains(@id, \"listView-innerSelectionPanelTable-listUl\")]/tbody/tr[2]/td[2]/div"}
RESULT: {"using":"xpath","value":"//table[contains(@id, \"listView-innerSelectionPanelTable-listUl\")]/tbody/tr[2]/td[2]/div"}
COMMAND: POST /session/86a389c01bc54833c1d480b3c129d65f/element - {"using":"xpath","value":"//table[contains(@id, \"listView-innerSelectionPanelTable-listUl\")]/tbody/tr[2]/td[3]/div/div/span/span[1]/bdi"}
RESULT: {"using":"xpath","value":"//table[contains(@id, \"listView-innerSelectionPanelTable-listUl\")]/tbody/tr[2]/td[3]/div/div/span/span[1]/bdi"}
COMMAND: POST /session/86a389c01bc54833c1d480b3c129d65f/execute/sync - {"script":"<script> [56 bytes]","args":[{"element-6066-11e4-a52e-4f735466cecf":"f.89CEFFE823C31142EA3CFD6CAFD84276.d.0776C25FB1E96F8E148DF02D3215ACBA.e.7802","ELEMENT":"f.89CEFFE823C31142EA3CFD6CAFD84276.d.0776C25FB1E96F8E148DF02D3215ACBA.e.7802"}]}
RESULT: {"script":"<script> [56 bytes]","args":[{"element-6066-11e4-a52e-4f735466cecf":"f.89CEFFE823C31142EA3CFD6CAFD84276.d.0776C25FB1E96F8E148DF02D3215ACBA.e.7802","ELEMENT":"f.89CEFFE823C31142EA3CFD6CAFD84276.d.0776C25FB1E96F8E148DF02D3215ACBA.e.7802"}]}
COMMAND: GET /session/86a389c01bc54833c1d480b3c129d65f/element/f.89CEFFE823C31142EA3CFD6CAFD84276.d.0776C25FB1E96F8E148DF02D3215ACBA.e.7801/attribute/aria-checked - {}
COMMAND: GET /session/86a389c01bc54833c1d480b3c129d65f/screenshot - {}
RESULT: {}
COMMAND: POST /session/86a389c01bc54833c1d480b3c129d65f/element - {"using":"xpath","value":"//table[contains(@id, \"listView-innerSelectionPanelTable-listUl\")]/tbody/tr[3]/td[2]/div/div"}
RESULT: {}
RESULT: {"using":"xpath","value":"//table[contains(@id, \"listView-innerSelectionPanelTable-listUl\")]/tbody/tr[3]/td[2]/div/div"}
COMMAND: POST /session/86a389c01bc54833c1d480b3c129d65f/element - {"using":"xpath","value":"//table[contains(@id, \"listView-innerSelectionPanelTable-listUl\")]/tbody/tr[3]/td[2]/div"}
RESULT: {"using":"xpath","value":"//table[contains(@id, \"listView-innerSelectionPanelTable-listUl\")]/tbody/tr[3]/td[2]/div"}
COMMAND: POST /session/86a389c01bc54833c1d480b3c129d65f/element - {"using":"xpath","value":"//table[contains(@id, \"listView-innerSelectionPanelTable-listUl\")]/tbody/tr[3]/td[3]/div/div/span/span[1]/bdi"}
RESULT: {"using":"xpath","value":"//table[contains(@id, \"listView-innerSelectionPanelTable-listUl\")]/tbody/tr[3]/td[3]/div/div/span/span[1]/bdi"}
COMMAND: POST /session/86a389c01bc54833c1d480b3c129d65f/execute/sync - {"script":"<script> [56 bytes]","args":[{"element-6066-11e4-a52e-4f735466cecf":"f.89CEFFE823C31142EA3CFD6CAFD84276.d.0776C25FB1E96F8E148DF02D3215ACBA.e.7805","ELEMENT":"f.89CEFFE823C31142EA3CFD6CAFD84276.d.0776C25FB1E96F8E148DF02D3215ACBA.e.7805"}]}
RESULT: {"script":"<script> [56 bytes]","args":[{"element-6066-11e4-a52e-4f735466cecf":"f.89CEFFE823C31142EA3CFD6CAFD84276.d.0776C25FB1E96F8E148DF02D3215ACBA.e.7805","ELEMENT":"f.89CEFFE823C31142EA3CFD6CAFD84276.d.0776C25FB1E96F8E148DF02D3215ACBA.e.7805"}]}
COMMAND: GET /session/86a389c01bc54833c1d480b3c129d65f/element/f.89CEFFE823C31142EA3CFD6CAFD84276.d.0776C25FB1E96F8E148DF02D3215ACBA.e.7804/attribute/aria-checked - {}
COMMAND: GET /session/86a389c01bc54833c1d480b3c129d65f/screenshot - {}
RESULT: {}
COMMAND: POST /session/86a389c01bc54833c1d480b3c129d65f/element - {"using":"xpath","value":"//table[contains(@id, \"listView-innerSelectionPanelTable-listUl\")]/tbody/tr[4]/td[2]/div/div"}
RESULT: {}
RESULT: {"using":"xpath","value":"//table[contains(@id, \"listView-innerSelectionPanelTable-listUl\")]/tbody/tr[4]/td[2]/div/div"}
COMMAND: POST /session/86a389c01bc54833c1d480b3c129d65f/element - {"using":"xpath","value":"//table[contains(@id, \"listView-innerSelectionPanelTable-listUl\")]/tbody/tr[4]/td[2]/div"}
RESULT: {"using":"xpath","value":"//table[contains(@id, \"listView-innerSelectionPanelTable-listUl\")]/tbody/tr[4]/td[2]/div"}
COMMAND: POST /session/86a389c01bc54833c1d480b3c129d65f/element - {"using":"xpath","value":"//table[contains(@id, \"listView-innerSelectionPanelTable-listUl\")]/tbody/tr[4]/td[3]/div/div/span/span[1]/bdi"}
RESULT: {"using":"xpath","value":"//table[contains(@id, \"listView-innerSelectionPanelTable-listUl\")]/tbody/tr[4]/td[3]/div/div/span/span[1]/bdi"}
COMMAND: POST /session/86a389c01bc54833c1d480b3c129d65f/execute/sync - {"script":"<script> [56 bytes]","args":[{"element-6066-11e4-a52e-4f735466cecf":"f.89CEFFE823C31142EA3CFD6CAFD84276.d.0776C25FB1E96F8E148DF02D3215ACBA.e.7808","ELEMENT":"f.89CEFFE823C31142EA3CFD6CAFD84276.d.0776C25FB1E96F8E148DF02D3215ACBA.e.7808"}]}
RESULT: {"script":"<script> [56 bytes]","args":[{"element-6066-11e4-a52e-4f735466cecf":"f.89CEFFE823C31142EA3CFD6CAFD84276.d.0776C25FB1E96F8E148DF02D3215ACBA.e.7808","ELEMENT":"f.89CEFFE823C31142EA3CFD6CAFD84276.d.0776C25FB1E96F8E148DF02D3215ACBA.e.7808"}]}
COMMAND: GET /session/86a389c01bc54833c1d480b3c129d65f/element/f.89CEFFE823C31142EA3CFD6CAFD84276.d.0776C25FB1E96F8E148DF02D3215ACBA.e.7807/attribute/aria-checked - {}
COMMAND: GET /session/86a389c01bc54833c1d480b3c129d65f/screenshot - {}
RESULT: {}
COMMAND: POST /session/86a389c01bc54833c1d480b3c129d65f/element - {"using":"xpath","value":"//table[contains(@id, \"listView-innerSelectionPanelTable-listUl\")]/tbody/tr[5]/td[2]/div/div"}
RESULT: {}
RESULT: {"using":"xpath","value":"//table[contains(@id, \"listView-innerSelectionPanelTable-listUl\")]/tbody/tr[5]/td[2]/div/div"}
COMMAND: POST /session/86a389c01bc54833c1d480b3c129d65f/element - {"using":"xpath","value":"//table[contains(@id, \"listView-innerSelectionPanelTable-listUl\")]/tbody/tr[5]/td[2]/div"}
RESULT: {"using":"xpath","value":"//table[contains(@id, \"listView-innerSelectionPanelTable-listUl\")]/tbody/tr[5]/td[2]/div"}
COMMAND: POST /session/86a389c01bc54833c1d480b3c129d65f/element - {"using":"xpath","value":"//table[contains(@id, \"listView-innerSelectionPanelTable-listUl\")]/tbody/tr[5]/td[3]/div/div/span/span[1]/bdi"}
RESULT: {"using":"xpath","value":"//table[contains(@id, \"listView-innerSelectionPanelTable-listUl\")]/tbody/tr[5]/td[3]/div/div/span/span[1]/bdi"}
COMMAND: POST /session/86a389c01bc54833c1d480b3c129d65f/execute/sync - {"script":"<script> [56 bytes]","args":[{"element-6066-11e4-a52e-4f735466cecf":"f.89CEFFE823C31142EA3CFD6CAFD84276.d.0776C25FB1E96F8E148DF02D3215ACBA.e.7811","ELEMENT":"f.89CEFFE823C31142EA3CFD6CAFD84276.d.0776C25FB1E96F8E148DF02D3215ACBA.e.7811"}]}
RESULT: {"script":"<script> [56 bytes]","args":[{"element-6066-11e4-a52e-4f735466cecf":"f.89CEFFE823C31142EA3CFD6CAFD84276.d.0776C25FB1E96F8E148DF02D3215ACBA.e.7811","ELEMENT":"f.89CEFFE823C31142EA3CFD6CAFD84276.d.0776C25FB1E96F8E148DF02D3215ACBA.e.7811"}]}
COMMAND: GET /session/86a389c01bc54833c1d480b3c129d65f/element/f.89CEFFE823C31142EA3CFD6CAFD84276.d.0776C25FB1E96F8E148DF02D3215ACBA.e.7810/attribute/aria-checked - {}
COMMAND: GET /session/86a389c01bc54833c1d480b3c129d65f/screenshot - {}
RESULT: {}
COMMAND: POST /session/86a389c01bc54833c1d480b3c129d65f/element - {"using":"xpath","value":"//table[contains(@id, \"listView-innerSelectionPanelTable-listUl\")]/tbody/tr[6]/td[2]/div/div"}
RESULT: {}
RESULT: {"using":"xpath","value":"//table[contains(@id, \"listView-innerSelectionPanelTable-listUl\")]/tbody/tr[6]/td[2]/div/div"}
COMMAND: POST /session/86a389c01bc54833c1d480b3c129d65f/element - {"using":"xpath","value":"//table[contains(@id, \"listView-innerSelectionPanelTable-listUl\")]/tbody/tr[6]/td[2]/div"}
RESULT: {"using":"xpath","value":"//table[contains(@id, \"listView-innerSelectionPanelTable-listUl\")]/tbody/tr[6]/td[2]/div"}
COMMAND: POST /session/86a389c01bc54833c1d480b3c129d65f/element - {"using":"xpath","value":"//table[contains(@id, \"listView-innerSelectionPanelTable-listUl\")]/tbody/tr[6]/td[3]/div/div/span/span[1]/bdi"}
RESULT: {"using":"xpath","value":"//table[contains(@id, \"listView-innerSelectionPanelTable-listUl\")]/tbody/tr[6]/td[3]/div/div/span/span[1]/bdi"}
COMMAND: POST /session/86a389c01bc54833c1d480b3c129d65f/execute/sync - {"script":"<script> [56 bytes]","args":[{"element-6066-11e4-a52e-4f735466cecf":"f.89CEFFE823C31142EA3CFD6CAFD84276.d.0776C25FB1E96F8E148DF02D3215ACBA.e.7814","ELEMENT":"f.89CEFFE823C31142EA3CFD6CAFD84276.d.0776C25FB1E96F8E148DF02D3215ACBA.e.7814"}]}
RESULT: {"script":"<script> [56 bytes]","args":[{"element-6066-11e4-a52e-4f735466cecf":"f.89CEFFE823C31142EA3CFD6CAFD84276.d.0776C25FB1E96F8E148DF02D3215ACBA.e.7814","ELEMENT":"f.89CEFFE823C31142EA3CFD6CAFD84276.d.0776C25FB1E96F8E148DF02D3215ACBA.e.7814"}]}
COMMAND: GET /session/86a389c01bc54833c1d480b3c129d65f/element/f.89CEFFE823C31142EA3CFD6CAFD84276.d.0776C25FB1E96F8E148DF02D3215ACBA.e.7813/attribute/aria-checked - {}
COMMAND: GET /session/86a389c01bc54833c1d480b3c129d65f/screenshot - {}
RESULT: {}
COMMAND: POST /session/86a389c01bc54833c1d480b3c129d65f/element - {"using":"xpath","value":"//table[contains(@id, \"listView-innerSelectionPanelTable-listUl\")]/tbody/tr[7]/td[2]/div/div"}
RESULT: {}
RESULT: {"using":"xpath","value":"//table[contains(@id, \"listView-innerSelectionPanelTable-listUl\")]/tbody/tr[7]/td[2]/div/div"}
COMMAND: POST /session/86a389c01bc54833c1d480b3c129d65f/element - {"using":"xpath","value":"//table[contains(@id, \"listView-innerSelectionPanelTable-listUl\")]/tbody/tr[7]/td[2]/div"}
RESULT: {"using":"xpath","value":"//table[contains(@id, \"listView-innerSelectionPanelTable-listUl\")]/tbody/tr[7]/td[2]/div"}
COMMAND: POST /session/86a389c01bc54833c1d480b3c129d65f/element - {"using":"xpath","value":"//table[contains(@id, \"listView-innerSelectionPanelTable-listUl\")]/tbody/tr[7]/td[3]/div/div/span/span[1]/bdi"}
RESULT: {"using":"xpath","value":"//table[contains(@id, \"listView-innerSelectionPanelTable-listUl\")]/tbody/tr[7]/td[3]/div/div/span/span[1]/bdi"}
COMMAND: POST /session/86a389c01bc54833c1d480b3c129d65f/execute/sync - {"script":"<script> [56 bytes]","args":[{"element-6066-11e4-a52e-4f735466cecf":"f.89CEFFE823C31142EA3CFD6CAFD84276.d.0776C25FB1E96F8E148DF02D3215ACBA.e.7817","ELEMENT":"f.89CEFFE823C31142EA3CFD6CAFD84276.d.0776C25FB1E96F8E148DF02D3215ACBA.e.7817"}]}
RESULT: {"script":"<script> [56 bytes]","args":[{"element-6066-11e4-a52e-4f735466cecf":"f.89CEFFE823C31142EA3CFD6CAFD84276.d.0776C25FB1E96F8E148DF02D3215ACBA.e.7817","ELEMENT":"f.89CEFFE823C31142EA3CFD6CAFD84276.d.0776C25FB1E96F8E148DF02D3215ACBA.e.7817"}]}
COMMAND: GET /session/86a389c01bc54833c1d480b3c129d65f/element/f.89CEFFE823C31142EA3CFD6CAFD84276.d.0776C25FB1E96F8E148DF02D3215ACBA.e.7816/attribute/aria-checked - {}
COMMAND: GET /session/86a389c01bc54833c1d480b3c129d65f/screenshot - {}
RESULT: {}
COMMAND: POST /session/86a389c01bc54833c1d480b3c129d65f/element - {"using":"xpath","value":"//table[contains(@id, \"listView-innerSelectionPanelTable-listUl\")]/tbody/tr[8]/td[2]/div/div"}
RESULT: {}
RESULT: {"using":"xpath","value":"//table[contains(@id, \"listView-innerSelectionPanelTable-listUl\")]/tbody/tr[8]/td[2]/div/div"}
COMMAND: POST /session/86a389c01bc54833c1d480b3c129d65f/element - {"using":"xpath","value":"//table[contains(@id, \"listView-innerSelectionPanelTable-listUl\")]/tbody/tr[8]/td[2]/div"}
RESULT: {"using":"xpath","value":"//table[contains(@id, \"listView-innerSelectionPanelTable-listUl\")]/tbody/tr[8]/td[2]/div"}
COMMAND: POST /session/86a389c01bc54833c1d480b3c129d65f/element - {"using":"xpath","value":"//table[contains(@id, \"listView-innerSelectionPanelTable-listUl\")]/tbody/tr[8]/td[3]/div/div/span/span[1]/bdi"}
RESULT: {"using":"xpath","value":"//table[contains(@id, \"listView-innerSelectionPanelTable-listUl\")]/tbody/tr[8]/td[3]/div/div/span/span[1]/bdi"}
COMMAND: POST /session/86a389c01bc54833c1d480b3c129d65f/execute/sync - {"script":"<script> [56 bytes]","args":[{"element-6066-11e4-a52e-4f735466cecf":"f.89CEFFE823C31142EA3CFD6CAFD84276.d.0776C25FB1E96F8E148DF02D3215ACBA.e.7820","ELEMENT":"f.89CEFFE823C31142EA3CFD6CAFD84276.d.0776C25FB1E96F8E148DF02D3215ACBA.e.7820"}]}
RESULT: {"script":"<script> [56 bytes]","args":[{"element-6066-11e4-a52e-4f735466cecf":"f.89CEFFE823C31142EA3CFD6CAFD84276.d.0776C25FB1E96F8E148DF02D3215ACBA.e.7820","ELEMENT":"f.89CEFFE823C31142EA3CFD6CAFD84276.d.0776C25FB1E96F8E148DF02D3215ACBA.e.7820"}]}
COMMAND: GET /session/86a389c01bc54833c1d480b3c129d65f/element/f.89CEFFE823C31142EA3CFD6CAFD84276.d.0776C25FB1E96F8E148DF02D3215ACBA.e.7819/attribute/aria-checked - {}
COMMAND: GET /session/86a389c01bc54833c1d480b3c129d65f/screenshot - {}
RESULT: {}
COMMAND: POST /session/86a389c01bc54833c1d480b3c129d65f/element - {"using":"xpath","value":"//table[contains(@id, \"listView-innerSelectionPanelTable-listUl\")]/tbody/tr[9]/td[2]/div/div"}
RESULT: {}
RESULT: {"using":"xpath","value":"//table[contains(@id, \"listView-innerSelectionPanelTable-listUl\")]/tbody/tr[9]/td[2]/div/div"}
COMMAND: POST /session/86a389c01bc54833c1d480b3c129d65f/element - {"using":"xpath","value":"//table[contains(@id, \"listView-innerSelectionPanelTable-listUl\")]/tbody/tr[9]/td[2]/div"}
RESULT: {"using":"xpath","value":"//table[contains(@id, \"listView-innerSelectionPanelTable-listUl\")]/tbody/tr[9]/td[2]/div"}
COMMAND: POST /session/86a389c01bc54833c1d480b3c129d65f/element - {"using":"xpath","value":"//table[contains(@id, \"listView-innerSelectionPanelTable-listUl\")]/tbody/tr[9]/td[3]/div/div/span/span[1]/bdi"}
RESULT: {"using":"xpath","value":"//table[contains(@id, \"listView-innerSelectionPanelTable-listUl\")]/tbody/tr[9]/td[3]/div/div/span/span[1]/bdi"}
COMMAND: POST /session/86a389c01bc54833c1d480b3c129d65f/execute/sync - {"script":"<script> [56 bytes]","args":[{"element-6066-11e4-a52e-4f735466cecf":"f.89CEFFE823C31142EA3CFD6CAFD84276.d.0776C25FB1E96F8E148DF02D3215ACBA.e.7823","ELEMENT":"f.89CEFFE823C31142EA3CFD6CAFD84276.d.0776C25FB1E96F8E148DF02D3215ACBA.e.7823"}]}
RESULT: {"script":"<script> [56 bytes]","args":[{"element-6066-11e4-a52e-4f735466cecf":"f.89CEFFE823C31142EA3CFD6CAFD84276.d.0776C25FB1E96F8E148DF02D3215ACBA.e.7823","ELEMENT":"f.89CEFFE823C31142EA3CFD6CAFD84276.d.0776C25FB1E96F8E148DF02D3215ACBA.e.7823"}]}
COMMAND: GET /session/86a389c01bc54833c1d480b3c129d65f/element/f.89CEFFE823C31142EA3CFD6CAFD84276.d.0776C25FB1E96F8E148DF02D3215ACBA.e.7822/attribute/aria-checked - {}
COMMAND: GET /session/86a389c01bc54833c1d480b3c129d65f/screenshot - {}
RESULT: {}
COMMAND: POST /session/86a389c01bc54833c1d480b3c129d65f/element - {"using":"xpath","value":"//table[contains(@id, \"listView-innerSelectionPanelTable-listUl\")]/tbody/tr[10]/td[2]/div/div"}
RESULT: {}
RESULT: {"using":"xpath","value":"//table[contains(@id, \"listView-innerSelectionPanelTable-listUl\")]/tbody/tr[10]/td[2]/div/div"}
COMMAND: POST /session/86a389c01bc54833c1d480b3c129d65f/element - {"using":"xpath","value":"//table[contains(@id, \"listView-innerSelectionPanelTable-listUl\")]/tbody/tr[10]/td[2]/div"}
RESULT: {"using":"xpath","value":"//table[contains(@id, \"listView-innerSelectionPanelTable-listUl\")]/tbody/tr[10]/td[2]/div"}
COMMAND: POST /session/86a389c01bc54833c1d480b3c129d65f/element - {"using":"xpath","value":"//table[contains(@id, \"listView-innerSelectionPanelTable-listUl\")]/tbody/tr[10]/td[3]/div/div/span/span[1]/bdi"}
RESULT: {"using":"xpath","value":"//table[contains(@id, \"listView-innerSelectionPanelTable-listUl\")]/tbody/tr[10]/td[3]/div/div/span/span[1]/bdi"}
COMMAND: POST /session/86a389c01bc54833c1d480b3c129d65f/execute/sync - {"script":"<script> [56 bytes]","args":[{"element-6066-11e4-a52e-4f735466cecf":"f.89CEFFE823C31142EA3CFD6CAFD84276.d.0776C25FB1E96F8E148DF02D3215ACBA.e.7826","ELEMENT":"f.89CEFFE823C31142EA3CFD6CAFD84276.d.0776C25FB1E96F8E148DF02D3215ACBA.e.7826"}]}
RESULT: {"script":"<script> [56 bytes]","args":[{"element-6066-11e4-a52e-4f735466cecf":"f.89CEFFE823C31142EA3CFD6CAFD84276.d.0776C25FB1E96F8E148DF02D3215ACBA.e.7826","ELEMENT":"f.89CEFFE823C31142EA3CFD6CAFD84276.d.0776C25FB1E96F8E148DF02D3215ACBA.e.7826"}]}
COMMAND: GET /session/86a389c01bc54833c1d480b3c129d65f/element/f.89CEFFE823C31142EA3CFD6CAFD84276.d.0776C25FB1E96F8E148DF02D3215ACBA.e.7825/attribute/aria-checked - {}
COMMAND: GET /session/86a389c01bc54833c1d480b3c129d65f/screenshot - {}
RESULT: {}
COMMAND: POST /session/86a389c01bc54833c1d480b3c129d65f/element - {"using":"xpath","value":"//table[contains(@id, \"listView-innerSelectionPanelTable-listUl\")]/tbody/tr[11]/td[2]/div/div"}
RESULT: {}
RESULT: {"using":"xpath","value":"//table[contains(@id, \"listView-innerSelectionPanelTable-listUl\")]/tbody/tr[11]/td[2]/div/div"}
COMMAND: POST /session/86a389c01bc54833c1d480b3c129d65f/element - {"using":"xpath","value":"//table[contains(@id, \"listView-innerSelectionPanelTable-listUl\")]/tbody/tr[11]/td[2]/div"}
RESULT: {"using":"xpath","value":"//table[contains(@id, \"listView-innerSelectionPanelTable-listUl\")]/tbody/tr[11]/td[2]/div"}
COMMAND: POST /session/86a389c01bc54833c1d480b3c129d65f/element - {"using":"xpath","value":"//table[contains(@id, \"listView-innerSelectionPanelTable-listUl\")]/tbody/tr[11]/td[3]/div/div/span/span[1]/bdi"}
RESULT: {"using":"xpath","value":"//table[contains(@id, \"listView-innerSelectionPanelTable-listUl\")]/tbody/tr[11]/td[3]/div/div/span/span[1]/bdi"}
COMMAND: POST /session/86a389c01bc54833c1d480b3c129d65f/execute/sync - {"script":"<script> [56 bytes]","args":[{"element-6066-11e4-a52e-4f735466cecf":"f.89CEFFE823C31142EA3CFD6CAFD84276.d.0776C25FB1E96F8E148DF02D3215ACBA.e.7829","ELEMENT":"f.89CEFFE823C31142EA3CFD6CAFD84276.d.0776C25FB1E96F8E148DF02D3215ACBA.e.7829"}]}
RESULT: {"script":"<script> [56 bytes]","args":[{"element-6066-11e4-a52e-4f735466cecf":"f.89CEFFE823C31142EA3CFD6CAFD84276.d.0776C25FB1E96F8E148DF02D3215ACBA.e.7829","ELEMENT":"f.89CEFFE823C31142EA3CFD6CAFD84276.d.0776C25FB1E96F8E148DF02D3215ACBA.e.7829"}]}
COMMAND: GET /session/86a389c01bc54833c1d480b3c129d65f/element/f.89CEFFE823C31142EA3CFD6CAFD84276.d.0776C25FB1E96F8E148DF02D3215ACBA.e.7828/attribute/aria-checked - {}
COMMAND: GET /session/86a389c01bc54833c1d480b3c129d65f/screenshot - {}
RESULT: {}
COMMAND: POST /session/86a389c01bc54833c1d480b3c129d65f/element - {"using":"xpath","value":"//table[contains(@id, \"listView-innerSelectionPanelTable-listUl\")]/tbody/tr[12]/td[2]/div/div"}
RESULT: {}
RESULT: {"using":"xpath","value":"//table[contains(@id, \"listView-innerSelectionPanelTable-listUl\")]/tbody/tr[12]/td[2]/div/div"}
COMMAND: POST /session/86a389c01bc54833c1d480b3c129d65f/element - {"using":"xpath","value":"//table[contains(@id, \"listView-innerSelectionPanelTable-listUl\")]/tbody/tr[12]/td[2]/div"}
RESULT: {"using":"xpath","value":"//table[contains(@id, \"listView-innerSelectionPanelTable-listUl\")]/tbody/tr[12]/td[2]/div"}
COMMAND: POST /session/86a389c01bc54833c1d480b3c129d65f/element - {"using":"xpath","value":"//table[contains(@id, \"listView-innerSelectionPanelTable-listUl\")]/tbody/tr[12]/td[3]/div/div/span/span[1]/bdi"}
RESULT: {"using":"xpath","value":"//table[contains(@id, \"listView-innerSelectionPanelTable-listUl\")]/tbody/tr[12]/td[3]/div/div/span/span[1]/bdi"}
COMMAND: POST /session/86a389c01bc54833c1d480b3c129d65f/execute/sync - {"script":"<script> [56 bytes]","args":[{"element-6066-11e4-a52e-4f735466cecf":"f.89CEFFE823C31142EA3CFD6CAFD84276.d.0776C25FB1E96F8E148DF02D3215ACBA.e.7832","ELEMENT":"f.89CEFFE823C31142EA3CFD6CAFD84276.d.0776C25FB1E96F8E148DF02D3215ACBA.e.7832"}]}
RESULT: {"script":"<script> [56 bytes]","args":[{"element-6066-11e4-a52e-4f735466cecf":"f.89CEFFE823C31142EA3CFD6CAFD84276.d.0776C25FB1E96F8E148DF02D3215ACBA.e.7832","ELEMENT":"f.89CEFFE823C31142EA3CFD6CAFD84276.d.0776C25FB1E96F8E148DF02D3215ACBA.e.7832"}]}
COMMAND: GET /session/86a389c01bc54833c1d480b3c129d65f/element/f.89CEFFE823C31142EA3CFD6CAFD84276.d.0776C25FB1E96F8E148DF02D3215ACBA.e.7831/attribute/aria-checked - {}
COMMAND: GET /session/86a389c01bc54833c1d480b3c129d65f/screenshot - {}
RESULT: {}
COMMAND: POST /session/86a389c01bc54833c1d480b3c129d65f/element - {"using":"xpath","value":"//table[contains(@id, \"listView-innerSelectionPanelTable-listUl\")]/tbody/tr[13]/td[2]/div/div"}
RESULT: {}
RESULT: {"using":"xpath","value":"//table[contains(@id, \"listView-innerSelectionPanelTable-listUl\")]/tbody/tr[13]/td[2]/div/div"}
COMMAND: POST /session/86a389c01bc54833c1d480b3c129d65f/element - {"using":"xpath","value":"//table[contains(@id, \"listView-innerSelectionPanelTable-listUl\")]/tbody/tr[13]/td[2]/div"}
RESULT: {"using":"xpath","value":"//table[contains(@id, \"listView-innerSelectionPanelTable-listUl\")]/tbody/tr[13]/td[2]/div"}
COMMAND: POST /session/86a389c01bc54833c1d480b3c129d65f/element - {"using":"xpath","value":"//table[contains(@id, \"listView-innerSelectionPanelTable-listUl\")]/tbody/tr[13]/td[3]/div/div/span/span[1]/bdi"}
RESULT: {"using":"xpath","value":"//table[contains(@id, \"listView-innerSelectionPanelTable-listUl\")]/tbody/tr[13]/td[3]/div/div/span/span[1]/bdi"}
COMMAND: POST /session/86a389c01bc54833c1d480b3c129d65f/execute/sync - {"script":"<script> [56 bytes]","args":[{"element-6066-11e4-a52e-4f735466cecf":"f.89CEFFE823C31142EA3CFD6CAFD84276.d.0776C25FB1E96F8E148DF02D3215ACBA.e.7835","ELEMENT":"f.89CEFFE823C31142EA3CFD6CAFD84276.d.0776C25FB1E96F8E148DF02D3215ACBA.e.7835"}]}
RESULT: {"script":"<script> [56 bytes]","args":[{"element-6066-11e4-a52e-4f735466cecf":"f.89CEFFE823C31142EA3CFD6CAFD84276.d.0776C25FB1E96F8E148DF02D3215ACBA.e.7835","ELEMENT":"f.89CEFFE823C31142EA3CFD6CAFD84276.d.0776C25FB1E96F8E148DF02D3215ACBA.e.7835"}]}
COMMAND: GET /session/86a389c01bc54833c1d480b3c129d65f/element/f.89CEFFE823C31142EA3CFD6CAFD84276.d.0776C25FB1E96F8E148DF02D3215ACBA.e.7834/attribute/aria-checked - {}
COMMAND: GET /session/86a389c01bc54833c1d480b3c129d65f/screenshot - {}
RESULT: {}
COMMAND: POST /session/86a389c01bc54833c1d480b3c129d65f/element - {"using":"xpath","value":"//table[contains(@id, \"listView-innerSelectionPanelTable-listUl\")]/tbody/tr[14]/td[2]/div/div"}
RESULT: {}
RESULT: {"using":"xpath","value":"//table[contains(@id, \"listView-innerSelectionPanelTable-listUl\")]/tbody/tr[14]/td[2]/div/div"}
COMMAND: POST /session/86a389c01bc54833c1d480b3c129d65f/element - {"using":"xpath","value":"//table[contains(@id, \"listView-innerSelectionPanelTable-listUl\")]/tbody/tr[14]/td[2]/div"}
RESULT: {"using":"xpath","value":"//table[contains(@id, \"listView-innerSelectionPanelTable-listUl\")]/tbody/tr[14]/td[2]/div"}
COMMAND: POST /session/86a389c01bc54833c1d480b3c129d65f/element - {"using":"xpath","value":"//table[contains(@id, \"listView-innerSelectionPanelTable-listUl\")]/tbody/tr[14]/td[3]/div/div/span/span[1]/bdi"}
RESULT: {"using":"xpath","value":"//table[contains(@id, \"listView-innerSelectionPanelTable-listUl\")]/tbody/tr[14]/td[3]/div/div/span/span[1]/bdi"}
COMMAND: POST /session/86a389c01bc54833c1d480b3c129d65f/execute/sync - {"script":"<script> [56 bytes]","args":[{"element-6066-11e4-a52e-4f735466cecf":"f.89CEFFE823C31142EA3CFD6CAFD84276.d.0776C25FB1E96F8E148DF02D3215ACBA.e.7838","ELEMENT":"f.89CEFFE823C31142EA3CFD6CAFD84276.d.0776C25FB1E96F8E148DF02D3215ACBA.e.7838"}]}
RESULT: {"script":"<script> [56 bytes]","args":[{"element-6066-11e4-a52e-4f735466cecf":"f.89CEFFE823C31142EA3CFD6CAFD84276.d.0776C25FB1E96F8E148DF02D3215ACBA.e.7838","ELEMENT":"f.89CEFFE823C31142EA3CFD6CAFD84276.d.0776C25FB1E96F8E148DF02D3215ACBA.e.7838"}]}
COMMAND: GET /session/86a389c01bc54833c1d480b3c129d65f/element/f.89CEFFE823C31142EA3CFD6CAFD84276.d.0776C25FB1E96F8E148DF02D3215ACBA.e.7837/attribute/aria-checked - {}
COMMAND: GET /session/86a389c01bc54833c1d480b3c129d65f/screenshot - {}
RESULT: {}
COMMAND: POST /session/86a389c01bc54833c1d480b3c129d65f/element - {"using":"xpath","value":"//table[contains(@id, \"listView-innerSelectionPanelTable-listUl\")]/tbody/tr[15]/td[2]/div/div"}
RESULT: {}
RESULT: {"using":"xpath","value":"//table[contains(@id, \"listView-innerSelectionPanelTable-listUl\")]/tbody/tr[15]/td[2]/div/div"}
COMMAND: POST /session/86a389c01bc54833c1d480b3c129d65f/element - {"using":"xpath","value":"//table[contains(@id, \"listView-innerSelectionPanelTable-listUl\")]/tbody/tr[15]/td[2]/div"}
RESULT: {"using":"xpath","value":"//table[contains(@id, \"listView-innerSelectionPanelTable-listUl\")]/tbody/tr[15]/td[2]/div"}
COMMAND: POST /session/86a389c01bc54833c1d480b3c129d65f/element - {"using":"xpath","value":"//table[contains(@id, \"listView-innerSelectionPanelTable-listUl\")]/tbody/tr[15]/td[3]/div/div/span/span[1]/bdi"}
RESULT: {"using":"xpath","value":"//table[contains(@id, \"listView-innerSelectionPanelTable-listUl\")]/tbody/tr[15]/td[3]/div/div/span/span[1]/bdi"}
COMMAND: POST /session/86a389c01bc54833c1d480b3c129d65f/execute/sync - {"script":"<script> [56 bytes]","args":[{"element-6066-11e4-a52e-4f735466cecf":"f.89CEFFE823C31142EA3CFD6CAFD84276.d.0776C25FB1E96F8E148DF02D3215ACBA.e.7841","ELEMENT":"f.89CEFFE823C31142EA3CFD6CAFD84276.d.0776C25FB1E96F8E148DF02D3215ACBA.e.7841"}]}
RESULT: {"script":"<script> [56 bytes]","args":[{"element-6066-11e4-a52e-4f735466cecf":"f.89CEFFE823C31142EA3CFD6CAFD84276.d.0776C25FB1E96F8E148DF02D3215ACBA.e.7841","ELEMENT":"f.89CEFFE823C31142EA3CFD6CAFD84276.d.0776C25FB1E96F8E148DF02D3215ACBA.e.7841"}]}
COMMAND: GET /session/86a389c01bc54833c1d480b3c129d65f/element/f.89CEFFE823C31142EA3CFD6CAFD84276.d.0776C25FB1E96F8E148DF02D3215ACBA.e.7840/attribute/aria-checked - {}
COMMAND: GET /session/86a389c01bc54833c1d480b3c129d65f/screenshot - {}
RESULT: {}
COMMAND: POST /session/86a389c01bc54833c1d480b3c129d65f/element - {"using":"xpath","value":"//table[contains(@id, \"listView-innerSelectionPanelTable-listUl\")]/tbody/tr[16]/td[2]/div/div"}
RESULT: {}
RESULT: {"using":"xpath","value":"//table[contains(@id, \"listView-innerSelectionPanelTable-listUl\")]/tbody/tr[16]/td[2]/div/div"}
COMMAND: POST /session/86a389c01bc54833c1d480b3c129d65f/element - {"using":"xpath","value":"//table[contains(@id, \"listView-innerSelectionPanelTable-listUl\")]/tbody/tr[16]/td[2]/div"}
RESULT: {"using":"xpath","value":"//table[contains(@id, \"listView-innerSelectionPanelTable-listUl\")]/tbody/tr[16]/td[2]/div"}
COMMAND: POST /session/86a389c01bc54833c1d480b3c129d65f/element - {"using":"xpath","value":"//table[contains(@id, \"listView-innerSelectionPanelTable-listUl\")]/tbody/tr[16]/td[3]/div/div/span/span[1]/bdi"}
RESULT: {"using":"xpath","value":"//table[contains(@id, \"listView-innerSelectionPanelTable-listUl\")]/tbody/tr[16]/td[3]/div/div/span/span[1]/bdi"}
COMMAND: POST /session/86a389c01bc54833c1d480b3c129d65f/execute/sync - {"script":"<script> [56 bytes]","args":[{"element-6066-11e4-a52e-4f735466cecf":"f.89CEFFE823C31142EA3CFD6CAFD84276.d.0776C25FB1E96F8E148DF02D3215ACBA.e.7844","ELEMENT":"f.89CEFFE823C31142EA3CFD6CAFD84276.d.0776C25FB1E96F8E148DF02D3215ACBA.e.7844"}]}
RESULT: {"script":"<script> [56 bytes]","args":[{"element-6066-11e4-a52e-4f735466cecf":"f.89CEFFE823C31142EA3CFD6CAFD84276.d.0776C25FB1E96F8E148DF02D3215ACBA.e.7844","ELEMENT":"f.89CEFFE823C31142EA3CFD6CAFD84276.d.0776C25FB1E96F8E148DF02D3215ACBA.e.7844"}]}
COMMAND: GET /session/86a389c01bc54833c1d480b3c129d65f/element/f.89CEFFE823C31142EA3CFD6CAFD84276.d.0776C25FB1E96F8E148DF02D3215ACBA.e.7843/attribute/aria-checked - {}
COMMAND: GET /session/86a389c01bc54833c1d480b3c129d65f/screenshot - {}
RESULT: {}
COMMAND: POST /session/86a389c01bc54833c1d480b3c129d65f/element - {"using":"xpath","value":"//table[contains(@id, \"listView-innerSelectionPanelTable-listUl\")]/tbody/tr[17]/td[2]/div/div"}
RESULT: {}
RESULT: {"using":"xpath","value":"//table[contains(@id, \"listView-innerSelectionPanelTable-listUl\")]/tbody/tr[17]/td[2]/div/div"}
COMMAND: POST /session/86a389c01bc54833c1d480b3c129d65f/element - {"using":"xpath","value":"//table[contains(@id, \"listView-innerSelectionPanelTable-listUl\")]/tbody/tr[17]/td[2]/div"}
RESULT: {"using":"xpath","value":"//table[contains(@id, \"listView-innerSelectionPanelTable-listUl\")]/tbody/tr[17]/td[2]/div"}
COMMAND: POST /session/86a389c01bc54833c1d480b3c129d65f/element - {"using":"xpath","value":"//table[contains(@id, \"listView-innerSelectionPanelTable-listUl\")]/tbody/tr[17]/td[3]/div/div/span/span[1]/bdi"}
RESULT: {"using":"xpath","value":"//table[contains(@id, \"listView-innerSelectionPanelTable-listUl\")]/tbody/tr[17]/td[3]/div/div/span/span[1]/bdi"}
COMMAND: POST /session/86a389c01bc54833c1d480b3c129d65f/execute/sync - {"script":"<script> [56 bytes]","args":[{"element-6066-11e4-a52e-4f735466cecf":"f.89CEFFE823C31142EA3CFD6CAFD84276.d.0776C25FB1E96F8E148DF02D3215ACBA.e.7847","ELEMENT":"f.89CEFFE823C31142EA3CFD6CAFD84276.d.0776C25FB1E96F8E148DF02D3215ACBA.e.7847"}]}
RESULT: {"script":"<script> [56 bytes]","args":[{"element-6066-11e4-a52e-4f735466cecf":"f.89CEFFE823C31142EA3CFD6CAFD84276.d.0776C25FB1E96F8E148DF02D3215ACBA.e.7847","ELEMENT":"f.89CEFFE823C31142EA3CFD6CAFD84276.d.0776C25FB1E96F8E148DF02D3215ACBA.e.7847"}]}
COMMAND: GET /session/86a389c01bc54833c1d480b3c129d65f/element/f.89CEFFE823C31142EA3CFD6CAFD84276.d.0776C25FB1E96F8E148DF02D3215ACBA.e.7846/attribute/aria-checked - {}
COMMAND: GET /session/86a389c01bc54833c1d480b3c129d65f/screenshot - {}
RESULT: {}
COMMAND: POST /session/86a389c01bc54833c1d480b3c129d65f/element - {"using":"xpath","value":"//table[contains(@id, \"listView-innerSelectionPanelTable-listUl\")]/tbody/tr[18]/td[2]/div/div"}
RESULT: {}
RESULT: {"using":"xpath","value":"//table[contains(@id, \"listView-innerSelectionPanelTable-listUl\")]/tbody/tr[18]/td[2]/div/div"}
COMMAND: POST /session/86a389c01bc54833c1d480b3c129d65f/element - {"using":"xpath","value":"//table[contains(@id, \"listView-innerSelectionPanelTable-listUl\")]/tbody/tr[18]/td[2]/div"}
RESULT: {"using":"xpath","value":"//table[contains(@id, \"listView-innerSelectionPanelTable-listUl\")]/tbody/tr[18]/td[2]/div"}
COMMAND: POST /session/86a389c01bc54833c1d480b3c129d65f/element - {"using":"xpath","value":"//table[contains(@id, \"listView-innerSelectionPanelTable-listUl\")]/tbody/tr[18]/td[3]/div/div/span/span[1]/bdi"}
RESULT: {"using":"xpath","value":"//table[contains(@id, \"listView-innerSelectionPanelTable-listUl\")]/tbody/tr[18]/td[3]/div/div/span/span[1]/bdi"}
COMMAND: POST /session/86a389c01bc54833c1d480b3c129d65f/execute/sync - {"script":"<script> [56 bytes]","args":[{"element-6066-11e4-a52e-4f735466cecf":"f.89CEFFE823C31142EA3CFD6CAFD84276.d.0776C25FB1E96F8E148DF02D3215ACBA.e.7850","ELEMENT":"f.89CEFFE823C31142EA3CFD6CAFD84276.d.0776C25FB1E96F8E148DF02D3215ACBA.e.7850"}]}
RESULT: {"script":"<script> [56 bytes]","args":[{"element-6066-11e4-a52e-4f735466cecf":"f.89CEFFE823C31142EA3CFD6CAFD84276.d.0776C25FB1E96F8E148DF02D3215ACBA.e.7850","ELEMENT":"f.89CEFFE823C31142EA3CFD6CAFD84276.d.0776C25FB1E96F8E148DF02D3215ACBA.e.7850"}]}
COMMAND: GET /session/86a389c01bc54833c1d480b3c129d65f/element/f.89CEFFE823C31142EA3CFD6CAFD84276.d.0776C25FB1E96F8E148DF02D3215ACBA.e.7849/attribute/aria-checked - {}
COMMAND: GET /session/86a389c01bc54833c1d480b3c129d65f/screenshot - {}
RESULT: {}
COMMAND: POST /session/86a389c01bc54833c1d480b3c129d65f/element - {"using":"xpath","value":"//table[contains(@id, \"listView-innerSelectionPanelTable-listUl\")]/tbody/tr[19]/td[2]/div/div"}
RESULT: {}
RESULT: {"using":"xpath","value":"//table[contains(@id, \"listView-innerSelectionPanelTable-listUl\")]/tbody/tr[19]/td[2]/div/div"}
COMMAND: POST /session/86a389c01bc54833c1d480b3c129d65f/element - {"using":"xpath","value":"//table[contains(@id, \"listView-innerSelectionPanelTable-listUl\")]/tbody/tr[19]/td[2]/div"}
RESULT: {"using":"xpath","value":"//table[contains(@id, \"listView-innerSelectionPanelTable-listUl\")]/tbody/tr[19]/td[2]/div"}
COMMAND: POST /session/86a389c01bc54833c1d480b3c129d65f/element - {"using":"xpath","value":"//table[contains(@id, \"listView-innerSelectionPanelTable-listUl\")]/tbody/tr[19]/td[3]/div/div/span/span[1]/bdi"}
RESULT: {"using":"xpath","value":"//table[contains(@id, \"listView-innerSelectionPanelTable-listUl\")]/tbody/tr[19]/td[3]/div/div/span/span[1]/bdi"}
COMMAND: POST /session/86a389c01bc54833c1d480b3c129d65f/execute/sync - {"script":"<script> [56 bytes]","args":[{"element-6066-11e4-a52e-4f735466cecf":"f.89CEFFE823C31142EA3CFD6CAFD84276.d.0776C25FB1E96F8E148DF02D3215ACBA.e.7853","ELEMENT":"f.89CEFFE823C31142EA3CFD6CAFD84276.d.0776C25FB1E96F8E148DF02D3215ACBA.e.7853"}]}
RESULT: {"script":"<script> [56 bytes]","args":[{"element-6066-11e4-a52e-4f735466cecf":"f.89CEFFE823C31142EA3CFD6CAFD84276.d.0776C25FB1E96F8E148DF02D3215ACBA.e.7853","ELEMENT":"f.89CEFFE823C31142EA3CFD6CAFD84276.d.0776C25FB1E96F8E148DF02D3215ACBA.e.7853"}]}
COMMAND: GET /session/86a389c01bc54833c1d480b3c129d65f/element/f.89CEFFE823C31142EA3CFD6CAFD84276.d.0776C25FB1E96F8E148DF02D3215ACBA.e.7852/attribute/aria-checked - {}
COMMAND: GET /session/86a389c01bc54833c1d480b3c129d65f/screenshot - {}
RESULT: {}
COMMAND: POST /session/86a389c01bc54833c1d480b3c129d65f/element - {"using":"xpath","value":"//table[contains(@id, \"listView-innerSelectionPanelTable-listUl\")]/tbody/tr[20]/td[2]/div/div"}
RESULT: {}
RESULT: {"using":"xpath","value":"//table[contains(@id, \"listView-innerSelectionPanelTable-listUl\")]/tbody/tr[20]/td[2]/div/div"}
COMMAND: POST /session/86a389c01bc54833c1d480b3c129d65f/element - {"using":"xpath","value":"//table[contains(@id, \"listView-innerSelectionPanelTable-listUl\")]/tbody/tr[20]/td[2]/div"}
RESULT: {"using":"xpath","value":"//table[contains(@id, \"listView-innerSelectionPanelTable-listUl\")]/tbody/tr[20]/td[2]/div"}
COMMAND: POST /session/86a389c01bc54833c1d480b3c129d65f/element - {"using":"xpath","value":"//table[contains(@id, \"listView-innerSelectionPanelTable-listUl\")]/tbody/tr[20]/td[3]/div/div/span/span[1]/bdi"}
RESULT: {"using":"xpath","value":"//table[contains(@id, \"listView-innerSelectionPanelTable-listUl\")]/tbody/tr[20]/td[3]/div/div/span/span[1]/bdi"}
COMMAND: POST /session/86a389c01bc54833c1d480b3c129d65f/execute/sync - {"script":"<script> [56 bytes]","args":[{"element-6066-11e4-a52e-4f735466cecf":"f.89CEFFE823C31142EA3CFD6CAFD84276.d.0776C25FB1E96F8E148DF02D3215ACBA.e.7856","ELEMENT":"f.89CEFFE823C31142EA3CFD6CAFD84276.d.0776C25FB1E96F8E148DF02D3215ACBA.e.7856"}]}
RESULT: {"script":"<script> [56 bytes]","args":[{"element-6066-11e4-a52e-4f735466cecf":"f.89CEFFE823C31142EA3CFD6CAFD84276.d.0776C25FB1E96F8E148DF02D3215ACBA.e.7856","ELEMENT":"f.89CEFFE823C31142EA3CFD6CAFD84276.d.0776C25FB1E96F8E148DF02D3215ACBA.e.7856"}]}
COMMAND: GET /session/86a389c01bc54833c1d480b3c129d65f/element/f.89CEFFE823C31142EA3CFD6CAFD84276.d.0776C25FB1E96F8E148DF02D3215ACBA.e.7855/attribute/aria-checked - {}
COMMAND: GET /session/86a389c01bc54833c1d480b3c129d65f/screenshot - {}
RESULT: {}
COMMAND: POST /session/86a389c01bc54833c1d480b3c129d65f/element - {"using":"xpath","value":"//table[contains(@id, \"listView-innerSelectionPanelTable-listUl\")]/tbody/tr[21]/td[2]/div/div"}
COMMAND: POST /session/86a389c01bc54833c1d480b3c129d65f/element/f.89CEFFE823C31142EA3CFD6CAFD84276.d.0776C25FB1E96F8E148DF02D3215ACBA.e.7854/click - {}
RESULT: {}
RESULT: {}
COMMAND: GET /session/86a389c01bc54833c1d480b3c129d65f/screenshot - {}
RESULT: {"using":"xpath","value":"//table[contains(@id, \"listView-innerSelectionPanelTable-listUl\")]/tbody/tr[21]/td[2]/div/div"}
COMMAND: POST /session/86a389c01bc54833c1d480b3c129d65f/element - {"using":"xpath","value":"//table[contains(@id, \"listView-innerSelectionPanelTable-listUl\")]/tbody/tr[21]/td[2]/div"}
RESULT: {}
RESULT: {"using":"xpath","value":"//table[contains(@id, \"listView-innerSelectionPanelTable-listUl\")]/tbody/tr[21]/td[2]/div"}
COMMAND: POST /session/86a389c01bc54833c1d480b3c129d65f/element - {"using":"xpath","value":"//table[contains(@id, \"listView-innerSelectionPanelTable-listUl\")]/tbody/tr[21]/td[3]/div/div/span/span[1]/bdi"}
RESULT: {"using":"xpath","value":"//table[contains(@id, \"listView-innerSelectionPanelTable-listUl\")]/tbody/tr[21]/td[3]/div/div/span/span[1]/bdi"}
COMMAND: POST /session/86a389c01bc54833c1d480b3c129d65f/execute/sync - {"script":"<script> [56 bytes]","args":[{"element-6066-11e4-a52e-4f735466cecf":"f.89CEFFE823C31142EA3CFD6CAFD84276.d.0776C25FB1E96F8E148DF02D3215ACBA.e.7862","ELEMENT":"f.89CEFFE823C31142EA3CFD6CAFD84276.d.0776C25FB1E96F8E148DF02D3215ACBA.e.7862"}]}
RESULT: {"script":"<script> [56 bytes]","args":[{"element-6066-11e4-a52e-4f735466cecf":"f.89CEFFE823C31142EA3CFD6CAFD84276.d.0776C25FB1E96F8E148DF02D3215ACBA.e.7862","ELEMENT":"f.89CEFFE823C31142EA3CFD6CAFD84276.d.0776C25FB1E96F8E148DF02D3215ACBA.e.7862"}]}
COMMAND: GET /session/86a389c01bc54833c1d480b3c129d65f/element/f.89CEFFE823C31142EA3CFD6CAFD84276.d.0776C25FB1E96F8E148DF02D3215ACBA.e.7861/attribute/aria-checked - {}
COMMAND: GET /session/86a389c01bc54833c1d480b3c129d65f/screenshot - {}
RESULT: {}
COMMAND: POST /session/86a389c01bc54833c1d480b3c129d65f/element - {"using":"xpath","value":"//table[contains(@id, \"listView-innerSelectionPanelTable-listUl\")]/tbody/tr[22]/td[2]/div/div"}
COMMAND: POST /session/86a389c01bc54833c1d480b3c129d65f/element/f.89CEFFE823C31142EA3CFD6CAFD84276.d.0776C25FB1E96F8E148DF02D3215ACBA.e.7860/click - {}
RESULT: {}
RESULT: {}
COMMAND: GET /session/86a389c01bc54833c1d480b3c129d65f/screenshot - {}
RESULT: {"using":"xpath","value":"//table[contains(@id, \"listView-innerSelectionPanelTable-listUl\")]/tbody/tr[22]/td[2]/div/div"}
COMMAND: POST /session/86a389c01bc54833c1d480b3c129d65f/element - {"using":"xpath","value":"//table[contains(@id, \"listView-innerSelectionPanelTable-listUl\")]/tbody/tr[22]/td[2]/div"}
RESULT: {}
RESULT: {"using":"xpath","value":"//table[contains(@id, \"listView-innerSelectionPanelTable-listUl\")]/tbody/tr[22]/td[2]/div"}
COMMAND: POST /session/86a389c01bc54833c1d480b3c129d65f/element - {"using":"xpath","value":"//table[contains(@id, \"listView-innerSelectionPanelTable-listUl\")]/tbody/tr[22]/td[3]/div/div/span/span[1]/bdi"}
RESULT: {"using":"xpath","value":"//table[contains(@id, \"listView-innerSelectionPanelTable-listUl\")]/tbody/tr[22]/td[3]/div/div/span/span[1]/bdi"}
COMMAND: POST /session/86a389c01bc54833c1d480b3c129d65f/execute/sync - {"script":"<script> [56 bytes]","args":[{"element-6066-11e4-a52e-4f735466cecf":"f.89CEFFE823C31142EA3CFD6CAFD84276.d.0776C25FB1E96F8E148DF02D3215ACBA.e.7866","ELEMENT":"f.89CEFFE823C31142EA3CFD6CAFD84276.d.0776C25FB1E96F8E148DF02D3215ACBA.e.7866"}]}
RESULT: {"script":"<script> [56 bytes]","args":[{"element-6066-11e4-a52e-4f735466cecf":"f.89CEFFE823C31142EA3CFD6CAFD84276.d.0776C25FB1E96F8E148DF02D3215ACBA.e.7866","ELEMENT":"f.89CEFFE823C31142EA3CFD6CAFD84276.d.0776C25FB1E96F8E148DF02D3215ACBA.e.7866"}]}
COMMAND: GET /session/86a389c01bc54833c1d480b3c129d65f/element/f.89CEFFE823C31142EA3CFD6CAFD84276.d.0776C25FB1E96F8E148DF02D3215ACBA.e.7865/attribute/aria-checked - {}
COMMAND: GET /session/86a389c01bc54833c1d480b3c129d65f/screenshot - {}
RESULT: {}
COMMAND: POST /session/86a389c01bc54833c1d480b3c129d65f/element - {"using":"xpath","value":"//table[contains(@id, \"listView-innerSelectionPanelTable-listUl\")]/tbody/tr[23]/td[2]/div/div"}
RESULT: {}
RESULT: {"using":"xpath","value":"//table[contains(@id, \"listView-innerSelectionPanelTable-listUl\")]/tbody/tr[23]/td[2]/div/div"}
COMMAND: POST /session/86a389c01bc54833c1d480b3c129d65f/element - {"using":"xpath","value":"//table[contains(@id, \"listView-innerSelectionPanelTable-listUl\")]/tbody/tr[23]/td[2]/div"}
RESULT: {"using":"xpath","value":"//table[contains(@id, \"listView-innerSelectionPanelTable-listUl\")]/tbody/tr[23]/td[2]/div"}
COMMAND: POST /session/86a389c01bc54833c1d480b3c129d65f/element - {"using":"xpath","value":"//table[contains(@id, \"listView-innerSelectionPanelTable-listUl\")]/tbody/tr[23]/td[3]/div/div/span/span[1]/bdi"}
RESULT: {"using":"xpath","value":"//table[contains(@id, \"listView-innerSelectionPanelTable-listUl\")]/tbody/tr[23]/td[3]/div/div/span/span[1]/bdi"}
COMMAND: POST /session/86a389c01bc54833c1d480b3c129d65f/execute/sync - {"script":"<script> [56 bytes]","args":[{"element-6066-11e4-a52e-4f735466cecf":"f.89CEFFE823C31142EA3CFD6CAFD84276.d.0776C25FB1E96F8E148DF02D3215ACBA.e.7869","ELEMENT":"f.89CEFFE823C31142EA3CFD6CAFD84276.d.0776C25FB1E96F8E148DF02D3215ACBA.e.7869"}]}
RESULT: {"script":"<script> [56 bytes]","args":[{"element-6066-11e4-a52e-4f735466cecf":"f.89CEFFE823C31142EA3CFD6CAFD84276.d.0776C25FB1E96F8E148DF02D3215ACBA.e.7869","ELEMENT":"f.89CEFFE823C31142EA3CFD6CAFD84276.d.0776C25FB1E96F8E148DF02D3215ACBA.e.7869"}]}
COMMAND: GET /session/86a389c01bc54833c1d480b3c129d65f/element/f.89CEFFE823C31142EA3CFD6CAFD84276.d.0776C25FB1E96F8E148DF02D3215ACBA.e.7868/attribute/aria-checked - {}
COMMAND: GET /session/86a389c01bc54833c1d480b3c129d65f/screenshot - {}
RESULT: {}
COMMAND: POST /session/86a389c01bc54833c1d480b3c129d65f/element - {"using":"xpath","value":"//table[contains(@id, \"listView-innerSelectionPanelTable-listUl\")]/tbody/tr[24]/td[2]/div/div"}
RESULT: {}
RESULT: {"using":"xpath","value":"//table[contains(@id, \"listView-innerSelectionPanelTable-listUl\")]/tbody/tr[24]/td[2]/div/div"}
COMMAND: POST /session/86a389c01bc54833c1d480b3c129d65f/element - {"using":"xpath","value":"//table[contains(@id, \"listView-innerSelectionPanelTable-listUl\")]/tbody/tr[24]/td[2]/div"}
RESULT: {"using":"xpath","value":"//table[contains(@id, \"listView-innerSelectionPanelTable-listUl\")]/tbody/tr[24]/td[2]/div"}
COMMAND: POST /session/86a389c01bc54833c1d480b3c129d65f/element - {"using":"xpath","value":"//table[contains(@id, \"listView-innerSelectionPanelTable-listUl\")]/tbody/tr[24]/td[3]/div/div/span/span[1]/bdi"}
RESULT: {"using":"xpath","value":"//table[contains(@id, \"listView-innerSelectionPanelTable-listUl\")]/tbody/tr[24]/td[3]/div/div/span/span[1]/bdi"}
COMMAND: POST /session/86a389c01bc54833c1d480b3c129d65f/execute/sync - {"script":"<script> [56 bytes]","args":[{"element-6066-11e4-a52e-4f735466cecf":"f.89CEFFE823C31142EA3CFD6CAFD84276.d.0776C25FB1E96F8E148DF02D3215ACBA.e.7872","ELEMENT":"f.89CEFFE823C31142EA3CFD6CAFD84276.d.0776C25FB1E96F8E148DF02D3215ACBA.e.7872"}]}
RESULT: {"script":"<script> [56 bytes]","args":[{"element-6066-11e4-a52e-4f735466cecf":"f.89CEFFE823C31142EA3CFD6CAFD84276.d.0776C25FB1E96F8E148DF02D3215ACBA.e.7872","ELEMENT":"f.89CEFFE823C31142EA3CFD6CAFD84276.d.0776C25FB1E96F8E148DF02D3215ACBA.e.7872"}]}
COMMAND: GET /session/86a389c01bc54833c1d480b3c129d65f/element/f.89CEFFE823C31142EA3CFD6CAFD84276.d.0776C25FB1E96F8E148DF02D3215ACBA.e.7871/attribute/aria-checked - {}
COMMAND: GET /session/86a389c01bc54833c1d480b3c129d65f/screenshot - {}
RESULT: {}
COMMAND: POST /session/86a389c01bc54833c1d480b3c129d65f/element - {"using":"xpath","value":"//table[contains(@id, \"listView-innerSelectionPanelTable-listUl\")]/tbody/tr[25]/td[2]/div/div"}
RESULT: {}
RESULT: {"using":"xpath","value":"//table[contains(@id, \"listView-innerSelectionPanelTable-listUl\")]/tbody/tr[25]/td[2]/div/div"}
COMMAND: POST /session/86a389c01bc54833c1d480b3c129d65f/element - {"using":"xpath","value":"//table[contains(@id, \"listView-innerSelectionPanelTable-listUl\")]/tbody/tr[25]/td[2]/div"}
RESULT: {"using":"xpath","value":"//table[contains(@id, \"listView-innerSelectionPanelTable-listUl\")]/tbody/tr[25]/td[2]/div"}
COMMAND: POST /session/86a389c01bc54833c1d480b3c129d65f/element - {"using":"xpath","value":"//table[contains(@id, \"listView-innerSelectionPanelTable-listUl\")]/tbody/tr[25]/td[3]/div/div/span/span[1]/bdi"}
RESULT: {"using":"xpath","value":"//table[contains(@id, \"listView-innerSelectionPanelTable-listUl\")]/tbody/tr[25]/td[3]/div/div/span/span[1]/bdi"}
COMMAND: POST /session/86a389c01bc54833c1d480b3c129d65f/execute/sync - {"script":"<script> [56 bytes]","args":[{"element-6066-11e4-a52e-4f735466cecf":"f.89CEFFE823C31142EA3CFD6CAFD84276.d.0776C25FB1E96F8E148DF02D3215ACBA.e.7875","ELEMENT":"f.89CEFFE823C31142EA3CFD6CAFD84276.d.0776C25FB1E96F8E148DF02D3215ACBA.e.7875"}]}
RESULT: {"script":"<script> [56 bytes]","args":[{"element-6066-11e4-a52e-4f735466cecf":"f.89CEFFE823C31142EA3CFD6CAFD84276.d.0776C25FB1E96F8E148DF02D3215ACBA.e.7875","ELEMENT":"f.89CEFFE823C31142EA3CFD6CAFD84276.d.0776C25FB1E96F8E148DF02D3215ACBA.e.7875"}]}
COMMAND: GET /session/86a389c01bc54833c1d480b3c129d65f/element/f.89CEFFE823C31142EA3CFD6CAFD84276.d.0776C25FB1E96F8E148DF02D3215ACBA.e.7874/attribute/aria-checked - {}
COMMAND: GET /session/86a389c01bc54833c1d480b3c129d65f/screenshot - {}
RESULT: {}
COMMAND: POST /session/86a389c01bc54833c1d480b3c129d65f/element - {"using":"xpath","value":"//bdi[contains(text(), \"OK\")]"}
RESULT: {}
RESULT: {"using":"xpath","value":"//bdi[contains(text(), \"OK\")]"}
COMMAND: POST /session/86a389c01bc54833c1d480b3c129d65f/element/f.89CEFFE823C31142EA3CFD6CAFD84276.d.0776C25FB1E96F8E148DF02D3215ACBA.e.7876/click - {}
RESULT: {}
COMMAND: GET /session/86a389c01bc54833c1d480b3c129d65f/screenshot - {}
RESULT: {}
COMMAND: POST /session/86a389c01bc54833c1d480b3c129d65f/execute/async - {"script":"<script> [1562 bytes]","args":[{"selector":{"id":"application-managepartners-display-component---masterPtm--smartFilterBar-filterItemControlA_-LINK_TO_ADDRESSES_MAIN.ID-vhi"},"wdio_ui5_key":"applicationmanagepartners-display-component---masterPtm--smartFilterBar-filterItemControlA_-LINK_TO_ADDRESSES_MAIN.ID-vhi"}]}
RESULT: {"script":"<script> [1562 bytes]","args":[{"selector":{"id":"application-managepartners-display-component---masterPtm--smartFilterBar-filterItemControlA_-LINK_TO_ADDRESSES_MAIN.ID-vhi"},"wdio_ui5_key":"applicationmanagepartners-display-component---masterPtm--smartFilterBar-filterItemControlA_-LINK_TO_ADDRESSES_MAIN.ID-vhi"}]}
RESULT: undefined
COMMAND: POST /session/86a389c01bc54833c1d480b3c129d65f/element - {"using":"xpath","value":"//*[@id=\"application-managepartners-display-component---masterPtm--smartFilterBar-filterItemControlA_-LINK_TO_ADDRESSES_MAIN.ID-vhi\"]"}
RESULT: {"using":"xpath","value":"//*[@id=\"application-managepartners-display-component---masterPtm--smartFilterBar-filterItemControlA_-LINK_TO_ADDRESSES_MAIN.ID-vhi\"]"}
COMMAND: POST /session/86a389c01bc54833c1d480b3c129d65f/element/f.89CEFFE823C31142EA3CFD6CAFD84276.d.0776C25FB1E96F8E148DF02D3215ACBA.e.7889/click - {}
RESULT: {}
COMMAND: GET /session/86a389c01bc54833c1d480b3c129d65f/screenshot - {}
RESULT: {}
COMMAND: POST /session/86a389c01bc54833c1d480b3c129d65f/element - {"using":"xpath","value":"//div[input[@value=\"contains\"]]//span[contains(@id, \"arrow\")]"}
RESULT: {"using":"xpath","value":"//div[input[@value=\"contains\"]]//span[contains(@id, \"arrow\")]"}
COMMAND: POST /session/86a389c01bc54833c1d480b3c129d65f/element/f.89CEFFE823C31142EA3CFD6CAFD84276.d.0776C25FB1E96F8E148DF02D3215ACBA.e.7894/click - {}
RESULT: {}
COMMAND: GET /session/86a389c01bc54833c1d480b3c129d65f/screenshot - {}
RESULT: {}
COMMAND: POST /session/86a389c01bc54833c1d480b3c129d65f/element - {"using":"xpath","value":"//li[.//span[text()='equal to']]"}
RESULT: {"using":"xpath","value":"//li[.//span[text()='equal to']]"}
COMMAND: POST /session/86a389c01bc54833c1d480b3c129d65f/element/f.89CEFFE823C31142EA3CFD6CAFD84276.d.0776C25FB1E96F8E148DF02D3215ACBA.e.7895/click - {}
RESULT: {}
COMMAND: GET /session/86a389c01bc54833c1d480b3c129d65f/screenshot - {}
RESULT: {}
RESULT: undefined
COMMAND: POST /session/86a389c01bc54833c1d480b3c129d65f/execute/async - {"script":"<script> [776 bytes]","args":[{"enterText":"1006","selector":{"controlType":"sap.m.Input","viewName":"etm.portal.ui.managepartners.view.Master","viewId":"application-managepartners-display-component---masterPtm","properties":{"valueState":"None"},"searchOpenDialogs":true,"interaction":{"idSuffix":"inner"}},"clearTextFirst":true,"interactionType":"ENTER_TEXT"}]}
RESULT: {"script":"<script> [776 bytes]","args":[{"enterText":"1006","selector":{"controlType":"sap.m.Input","viewName":"etm.portal.ui.managepartners.view.Master","viewId":"application-managepartners-display-component---masterPtm","properties":{"valueState":"None"},"searchOpenDialogs":true,"interaction":{"idSuffix":"inner"}},"clearTextFirst":true,"interactionType":"ENTER_TEXT"}]}
COMMAND: POST /session/86a389c01bc54833c1d480b3c129d65f/actions - {"actions":[{"id":"action22","type":"key","parameters":{},"actions":[{"type":"keyDown","value":"î€‡"},{"type":"pause","duration":10},{"type":"keyUp","value":"î€‡"}]}]}
RESULT: {"actions":[{"id":"action22","type":"key","parameters":{},"actions":[{"type":"keyDown","value":"î€‡"},{"type":"pause","duration":10},{"type":"keyUp","value":"î€‡"}]}]}
COMMAND: GET /session/86a389c01bc54833c1d480b3c129d65f/screenshot - {}
RESULT: {}
COMMAND: POST /session/86a389c01bc54833c1d480b3c129d65f/element - {"using":"xpath","value":"(//bdi[contains(text(), \"OK\")])[1]"}
RESULT: {"using":"xpath","value":"(//bdi[contains(text(), \"OK\")])[1]"}
COMMAND: POST /session/86a389c01bc54833c1d480b3c129d65f/element/f.89CEFFE823C31142EA3CFD6CAFD84276.d.0776C25FB1E96F8E148DF02D3215ACBA.e.7896/click - {}
RESULT: {}
COMMAND: GET /session/86a389c01bc54833c1d480b3c129d65f/screenshot - {}
RESULT: {}
COMMAND: POST /session/86a389c01bc54833c1d480b3c129d65f/element - {"using":"xpath","value":"//span[@id=\"application-managepartners-display-component---masterPtm--smartTable-header-inner\"]"}
RESULT: {"using":"xpath","value":"//span[@id=\"application-managepartners-display-component---masterPtm--smartTable-header-inner\"]"}
COMMAND: POST /session/86a389c01bc54833c1d480b3c129d65f/elements - {"using":"xpath","value":"//span[@id=\"application-managepartners-display-component---masterPtm--smartTable-header-inner\"]"}
RESULT: {"using":"xpath","value":"//span[@id=\"application-managepartners-display-component---masterPtm--smartTable-header-inner\"]"}
COMMAND: POST /session/86a389c01bc54833c1d480b3c129d65f/execute/sync - {"script":"<script> [56 bytes]","args":[{"element-6066-11e4-a52e-4f735466cecf":"f.89CEFFE823C31142EA3CFD6CAFD84276.d.0776C25FB1E96F8E148DF02D3215ACBA.e.7734","ELEMENT":"f.89CEFFE823C31142EA3CFD6CAFD84276.d.0776C25FB1E96F8E148DF02D3215ACBA.e.7734"}]}
RESULT: {"script":"<script> [56 bytes]","args":[{"element-6066-11e4-a52e-4f735466cecf":"f.89CEFFE823C31142EA3CFD6CAFD84276.d.0776C25FB1E96F8E148DF02D3215ACBA.e.7734","ELEMENT":"f.89CEFFE823C31142EA3CFD6CAFD84276.d.0776C25FB1E96F8E148DF02D3215ACBA.e.7734"}]}
COMMAND: POST /session/86a389c01bc54833c1d480b3c129d65f/element - {"using":"xpath","value":"//span[contains(@title, \"Remove\")]"}
COMMAND: GET /session/86a389c01bc54833c1d480b3c129d65f/screenshot - {}
RESULT: {"using":"xpath","value":"//span[contains(@title, \"Remove\")]"}
COMMAND: POST /session/86a389c01bc54833c1d480b3c129d65f/element/f.89CEFFE823C31142EA3CFD6CAFD84276.d.0776C25FB1E96F8E148DF02D3215ACBA.e.7900/click - {}
RESULT: {}
RESULT: {}
COMMAND: GET /session/86a389c01bc54833c1d480b3c129d65f/screenshot - {}
RESULT: {}
RESULT: undefined
COMMAND: POST /session/86a389c01bc54833c1d480b3c129d65f/element - {"using":"xpath","value":"//*[@id=\"application-managepartners-display-component---masterPtm--smartFilterBar-filterItemControl_BASIC-YARD-vhi\"]"}
RESULT: {"using":"xpath","value":"//*[@id=\"application-managepartners-display-component---masterPtm--smartFilterBar-filterItemControl_BASIC-YARD-vhi\"]"}
COMMAND: POST /session/86a389c01bc54833c1d480b3c129d65f/element/f.89CEFFE823C31142EA3CFD6CAFD84276.d.0776C25FB1E96F8E148DF02D3215ACBA.e.8003/click - {}
RESULT: {}
COMMAND: GET /session/86a389c01bc54833c1d480b3c129d65f/screenshot - {}
RESULT: {}
RESULT: undefined
COMMAND: POST /session/86a389c01bc54833c1d480b3c129d65f/execute/async - {"script":"<script> [776 bytes]","args":[{"enterText":"Test","selector":{"id":"application-managepartners-display-component---masterPtm--smartFilterBar-filterItemControl_BASIC-YARD-valueHelpDialog-smartFilterBar-btnBasicSearch","searchOpenDialogs":true,"interaction":{"idSuffix":"I"}},"clearTextFirst":true,"interactionType":"ENTER_TEXT"}]}
RESULT: {"script":"<script> [776 bytes]","args":[{"enterText":"Test","selector":{"id":"application-managepartners-display-component---masterPtm--smartFilterBar-filterItemControl_BASIC-YARD-valueHelpDialog-smartFilterBar-btnBasicSearch","searchOpenDialogs":true,"interaction":{"idSuffix":"I"}},"clearTextFirst":true,"interactionType":"ENTER_TEXT"}]}
COMMAND: POST /session/86a389c01bc54833c1d480b3c129d65f/actions - {"actions":[{"id":"action23","type":"key","parameters":{},"actions":[{"type":"keyDown","value":"î€‡"},{"type":"pause","duration":10},{"type":"keyUp","value":"î€‡"}]}]}
RESULT: {"actions":[{"id":"action23","type":"key","parameters":{},"actions":[{"type":"keyDown","value":"î€‡"},{"type":"pause","duration":10},{"type":"keyUp","value":"î€‡"}]}]}
COMMAND: POST /session/86a389c01bc54833c1d480b3c129d65f/elements - {"using":"xpath","value":"//table[contains(@id, \"smartFilterBar-filterItemControl_BASIC-YARD-valueHelpDialog-table-table\")]/tbody/tr"}
COMMAND: GET /session/86a389c01bc54833c1d480b3c129d65f/screenshot - {}
RESULT: {"using":"xpath","value":"//table[contains(@id, \"smartFilterBar-filterItemControl_BASIC-YARD-valueHelpDialog-table-table\")]/tbody/tr"}
COMMAND: POST /session/86a389c01bc54833c1d480b3c129d65f/element - {"using":"xpath","value":"//table[contains(@id, \"smartFilterBar-filterItemControl_BASIC-YARD-valueHelpDialog-table-table\")]/tbody/tr[1]/td[1]/div/span"}
RESULT: {}
RESULT: {"using":"xpath","value":"//table[contains(@id, \"smartFilterBar-filterItemControl_BASIC-YARD-valueHelpDialog-table-table\")]/tbody/tr[1]/td[1]/div/span"}
COMMAND: POST /session/86a389c01bc54833c1d480b3c129d65f/elements - {"using":"xpath","value":"//table[contains(@id, \"smartFilterBar-filterItemControl_BASIC-YARD-valueHelpDialog-table-table\")]/tbody/tr[1]/td[1]/div/span"}
RESULT: {"using":"xpath","value":"//table[contains(@id, \"smartFilterBar-filterItemControl_BASIC-YARD-valueHelpDialog-table-table\")]/tbody/tr[1]/td[1]/div/span"}
COMMAND: POST /session/86a389c01bc54833c1d480b3c129d65f/execute/sync - {"script":"<script> [56 bytes]","args":[{"element-6066-11e4-a52e-4f735466cecf":"f.89CEFFE823C31142EA3CFD6CAFD84276.d.0776C25FB1E96F8E148DF02D3215ACBA.e.8023","ELEMENT":"f.89CEFFE823C31142EA3CFD6CAFD84276.d.0776C25FB1E96F8E148DF02D3215ACBA.e.8023"}]}
RESULT: {"script":"<script> [56 bytes]","args":[{"element-6066-11e4-a52e-4f735466cecf":"f.89CEFFE823C31142EA3CFD6CAFD84276.d.0776C25FB1E96F8E148DF02D3215ACBA.e.8023","ELEMENT":"f.89CEFFE823C31142EA3CFD6CAFD84276.d.0776C25FB1E96F8E148DF02D3215ACBA.e.8023"}]}
COMMAND: POST /session/86a389c01bc54833c1d480b3c129d65f/element - {"using":"xpath","value":"//table[contains(@id, \"smartFilterBar-filterItemControl_BASIC-YARD-valueHelpDialog-table-table\")]/tbody/tr[2]/td[1]/div/span"}
COMMAND: GET /session/86a389c01bc54833c1d480b3c129d65f/screenshot - {}
RESULT: {"using":"xpath","value":"//table[contains(@id, \"smartFilterBar-filterItemControl_BASIC-YARD-valueHelpDialog-table-table\")]/tbody/tr[2]/td[1]/div/span"}
COMMAND: POST /session/86a389c01bc54833c1d480b3c129d65f/elements - {"using":"xpath","value":"//table[contains(@id, \"smartFilterBar-filterItemControl_BASIC-YARD-valueHelpDialog-table-table\")]/tbody/tr[2]/td[1]/div/span"}
RESULT: {}
RESULT: {"using":"xpath","value":"//table[contains(@id, \"smartFilterBar-filterItemControl_BASIC-YARD-valueHelpDialog-table-table\")]/tbody/tr[2]/td[1]/div/span"}
COMMAND: POST /session/86a389c01bc54833c1d480b3c129d65f/execute/sync - {"script":"<script> [56 bytes]","args":[{"element-6066-11e4-a52e-4f735466cecf":"f.89CEFFE823C31142EA3CFD6CAFD84276.d.0776C25FB1E96F8E148DF02D3215ACBA.e.8024","ELEMENT":"f.89CEFFE823C31142EA3CFD6CAFD84276.d.0776C25FB1E96F8E148DF02D3215ACBA.e.8024"}]}
RESULT: {"script":"<script> [56 bytes]","args":[{"element-6066-11e4-a52e-4f735466cecf":"f.89CEFFE823C31142EA3CFD6CAFD84276.d.0776C25FB1E96F8E148DF02D3215ACBA.e.8024","ELEMENT":"f.89CEFFE823C31142EA3CFD6CAFD84276.d.0776C25FB1E96F8E148DF02D3215ACBA.e.8024"}]}
COMMAND: POST /session/86a389c01bc54833c1d480b3c129d65f/element - {"using":"xpath","value":"//table[contains(@id, \"smartFilterBar-filterItemControl_BASIC-YARD-valueHelpDialog-table-table\")]/tbody/tr[3]/td[1]/div/span"}
COMMAND: GET /session/86a389c01bc54833c1d480b3c129d65f/screenshot - {}
RESULT: {"using":"xpath","value":"//table[contains(@id, \"smartFilterBar-filterItemControl_BASIC-YARD-valueHelpDialog-table-table\")]/tbody/tr[3]/td[1]/div/span"}
COMMAND: POST /session/86a389c01bc54833c1d480b3c129d65f/elements - {"using":"xpath","value":"//table[contains(@id, \"smartFilterBar-filterItemControl_BASIC-YARD-valueHelpDialog-table-table\")]/tbody/tr[3]/td[1]/div/span"}
RESULT: {}
RESULT: {"using":"xpath","value":"//table[contains(@id, \"smartFilterBar-filterItemControl_BASIC-YARD-valueHelpDialog-table-table\")]/tbody/tr[3]/td[1]/div/span"}
COMMAND: POST /session/86a389c01bc54833c1d480b3c129d65f/execute/sync - {"script":"<script> [56 bytes]","args":[{"element-6066-11e4-a52e-4f735466cecf":"f.89CEFFE823C31142EA3CFD6CAFD84276.d.0776C25FB1E96F8E148DF02D3215ACBA.e.8025","ELEMENT":"f.89CEFFE823C31142EA3CFD6CAFD84276.d.0776C25FB1E96F8E148DF02D3215ACBA.e.8025"}]}
RESULT: {"script":"<script> [56 bytes]","args":[{"element-6066-11e4-a52e-4f735466cecf":"f.89CEFFE823C31142EA3CFD6CAFD84276.d.0776C25FB1E96F8E148DF02D3215ACBA.e.8025","ELEMENT":"f.89CEFFE823C31142EA3CFD6CAFD84276.d.0776C25FB1E96F8E148DF02D3215ACBA.e.8025"}]}
COMMAND: POST /session/86a389c01bc54833c1d480b3c129d65f/element - {"using":"xpath","value":"//div[contains(@id, \"filterItemControl_BASIC-YARD-valueHelpDialog-table-rowsel2\")]"}
COMMAND: GET /session/86a389c01bc54833c1d480b3c129d65f/screenshot - {}
RESULT: {"using":"xpath","value":"//div[contains(@id, \"filterItemControl_BASIC-YARD-valueHelpDialog-table-rowsel2\")]"}
COMMAND: POST /session/86a389c01bc54833c1d480b3c129d65f/element/f.89CEFFE823C31142EA3CFD6CAFD84276.d.0776C25FB1E96F8E148DF02D3215ACBA.e.8026/click - {}
RESULT: {}
RESULT: {}
COMMAND: GET /session/86a389c01bc54833c1d480b3c129d65f/screenshot - {}
RESULT: {}
COMMAND: POST /session/86a389c01bc54833c1d480b3c129d65f/element - {"using":"xpath","value":"(//bdi[contains(text(), \"OK\")])[1]"}
RESULT: {"using":"xpath","value":"(//bdi[contains(text(), \"OK\")])[1]"}
COMMAND: POST /session/86a389c01bc54833c1d480b3c129d65f/element/f.89CEFFE823C31142EA3CFD6CAFD84276.d.0776C25FB1E96F8E148DF02D3215ACBA.e.8028/click - {}
RESULT: {}
COMMAND: GET /session/86a389c01bc54833c1d480b3c129d65f/screenshot - {}
RESULT: {}
COMMAND: POST /session/86a389c01bc54833c1d480b3c129d65f/element - {"using":"xpath","value":"//span[@id=\"application-managepartners-display-component---masterPtm--smartTable-header-inner\"]"}
RESULT: {"using":"xpath","value":"//span[@id=\"application-managepartners-display-component---masterPtm--smartTable-header-inner\"]"}
COMMAND: POST /session/86a389c01bc54833c1d480b3c129d65f/elements - {"using":"xpath","value":"//span[@id=\"application-managepartners-display-component---masterPtm--smartTable-header-inner\"]"}
RESULT: {"using":"xpath","value":"//span[@id=\"application-managepartners-display-component---masterPtm--smartTable-header-inner\"]"}
COMMAND: POST /session/86a389c01bc54833c1d480b3c129d65f/execute/sync - {"script":"<script> [56 bytes]","args":[{"element-6066-11e4-a52e-4f735466cecf":"f.89CEFFE823C31142EA3CFD6CAFD84276.d.0776C25FB1E96F8E148DF02D3215ACBA.e.7734","ELEMENT":"f.89CEFFE823C31142EA3CFD6CAFD84276.d.0776C25FB1E96F8E148DF02D3215ACBA.e.7734"}]}
RESULT: {"script":"<script> [56 bytes]","args":[{"element-6066-11e4-a52e-4f735466cecf":"f.89CEFFE823C31142EA3CFD6CAFD84276.d.0776C25FB1E96F8E148DF02D3215ACBA.e.7734","ELEMENT":"f.89CEFFE823C31142EA3CFD6CAFD84276.d.0776C25FB1E96F8E148DF02D3215ACBA.e.7734"}]}
COMMAND: POST /session/86a389c01bc54833c1d480b3c129d65f/element - {"using":"xpath","value":"//span[contains(@title, \"Remove\")]"}
COMMAND: GET /session/86a389c01bc54833c1d480b3c129d65f/screenshot - {}
RESULT: {"using":"xpath","value":"//span[contains(@title, \"Remove\")]"}
COMMAND: POST /session/86a389c01bc54833c1d480b3c129d65f/element/f.89CEFFE823C31142EA3CFD6CAFD84276.d.0776C25FB1E96F8E148DF02D3215ACBA.e.8041/click - {}
RESULT: {}
RESULT: {}
COMMAND: GET /session/86a389c01bc54833c1d480b3c129d65f/screenshot - {}
RESULT: {}
RESULT: undefined
COMMAND: POST /session/86a389c01bc54833c1d480b3c129d65f/element - {"using":"xpath","value":"//*[@id=\"application-managepartners-display-component---masterPtm--smartFilterBar-filterItemControl_BASIC-MAIN_ADDRESS-vhi\"]"}
RESULT: {"using":"xpath","value":"//*[@id=\"application-managepartners-display-component---masterPtm--smartFilterBar-filterItemControl_BASIC-MAIN_ADDRESS-vhi\"]"}
COMMAND: POST /session/86a389c01bc54833c1d480b3c129d65f/element/f.89CEFFE823C31142EA3CFD6CAFD84276.d.0776C25FB1E96F8E148DF02D3215ACBA.e.8149/click - {}
RESULT: {}
COMMAND: GET /session/86a389c01bc54833c1d480b3c129d65f/screenshot - {}
RESULT: {}
RESULT: undefined
COMMAND: POST /session/86a389c01bc54833c1d480b3c129d65f/execute/async - {"script":"<script> [776 bytes]","args":[{"enterText":"Romania","selector":{"id":"application-managepartners-display-component---masterPtm--smartFilterBar-filterItemControl_BASIC-MAIN_ADDRESS-valueHelpDialog-smartFilterBar-btnBasicSearch","searchOpenDialogs":true,"interaction":{"idSuffix":"I"}},"clearTextFirst":true,"interactionType":"ENTER_TEXT"}]}
RESULT: {"script":"<script> [776 bytes]","args":[{"enterText":"Romania","selector":{"id":"application-managepartners-display-component---masterPtm--smartFilterBar-filterItemControl_BASIC-MAIN_ADDRESS-valueHelpDialog-smartFilterBar-btnBasicSearch","searchOpenDialogs":true,"interaction":{"idSuffix":"I"}},"clearTextFirst":true,"interactionType":"ENTER_TEXT"}]}
COMMAND: POST /session/86a389c01bc54833c1d480b3c129d65f/actions - {"actions":[{"id":"action24","type":"key","parameters":{},"actions":[{"type":"keyDown","value":"î€‡"},{"type":"pause","duration":10},{"type":"keyUp","value":"î€‡"}]}]}
RESULT: {"actions":[{"id":"action24","type":"key","parameters":{},"actions":[{"type":"keyDown","value":"î€‡"},{"type":"pause","duration":10},{"type":"keyUp","value":"î€‡"}]}]}
COMMAND: POST /session/86a389c01bc54833c1d480b3c129d65f/elements - {"using":"xpath","value":"//table[contains(@id, \"smartFilterBar-filterItemControl_BASIC-MAIN_ADDRESS-valueHelpDialog-table-table\")]/tbody/tr"}
COMMAND: GET /session/86a389c01bc54833c1d480b3c129d65f/screenshot - {}
RESULT: {"using":"xpath","value":"//table[contains(@id, \"smartFilterBar-filterItemControl_BASIC-MAIN_ADDRESS-valueHelpDialog-table-table\")]/tbody/tr"}
COMMAND: POST /session/86a389c01bc54833c1d480b3c129d65f/element - {"using":"xpath","value":"//table[contains(@id, \"smartFilterBar-filterItemControl_BASIC-MAIN_ADDRESS-valueHelpDialog-table-table\")]/tbody/tr[1]/td[1]/div/span"}
RESULT: {}
RESULT: {"using":"xpath","value":"//table[contains(@id, \"smartFilterBar-filterItemControl_BASIC-MAIN_ADDRESS-valueHelpDialog-table-table\")]/tbody/tr[1]/td[1]/div/span"}
COMMAND: POST /session/86a389c01bc54833c1d480b3c129d65f/elements - {"using":"xpath","value":"//table[contains(@id, \"smartFilterBar-filterItemControl_BASIC-MAIN_ADDRESS-valueHelpDialog-table-table\")]/tbody/tr[1]/td[1]/div/span"}
RESULT: {"using":"xpath","value":"//table[contains(@id, \"smartFilterBar-filterItemControl_BASIC-MAIN_ADDRESS-valueHelpDialog-table-table\")]/tbody/tr[1]/td[1]/div/span"}
COMMAND: POST /session/86a389c01bc54833c1d480b3c129d65f/execute/sync - {"script":"<script> [56 bytes]","args":[{"element-6066-11e4-a52e-4f735466cecf":"f.89CEFFE823C31142EA3CFD6CAFD84276.d.0776C25FB1E96F8E148DF02D3215ACBA.e.8170","ELEMENT":"f.89CEFFE823C31142EA3CFD6CAFD84276.d.0776C25FB1E96F8E148DF02D3215ACBA.e.8170"}]}
RESULT: {"script":"<script> [56 bytes]","args":[{"element-6066-11e4-a52e-4f735466cecf":"f.89CEFFE823C31142EA3CFD6CAFD84276.d.0776C25FB1E96F8E148DF02D3215ACBA.e.8170","ELEMENT":"f.89CEFFE823C31142EA3CFD6CAFD84276.d.0776C25FB1E96F8E148DF02D3215ACBA.e.8170"}]}
COMMAND: POST /session/86a389c01bc54833c1d480b3c129d65f/element - {"using":"xpath","value":"//div[contains(@id, \"filterItemControl_BASIC-MAIN_ADDRESS-valueHelpDialog-table-rowsel0\")]"}
COMMAND: GET /session/86a389c01bc54833c1d480b3c129d65f/screenshot - {}
RESULT: {"using":"xpath","value":"//div[contains(@id, \"filterItemControl_BASIC-MAIN_ADDRESS-valueHelpDialog-table-rowsel0\")]"}
COMMAND: POST /session/86a389c01bc54833c1d480b3c129d65f/element/f.89CEFFE823C31142EA3CFD6CAFD84276.d.0776C25FB1E96F8E148DF02D3215ACBA.e.8171/click - {}
RESULT: {}
RESULT: {}
COMMAND: GET /session/86a389c01bc54833c1d480b3c129d65f/screenshot - {}
RESULT: {}
COMMAND: POST /session/86a389c01bc54833c1d480b3c129d65f/element - {"using":"xpath","value":"(//bdi[contains(text(), \"OK\")])[1]"}
RESULT: {"using":"xpath","value":"(//bdi[contains(text(), \"OK\")])[1]"}
COMMAND: POST /session/86a389c01bc54833c1d480b3c129d65f/element/f.89CEFFE823C31142EA3CFD6CAFD84276.d.0776C25FB1E96F8E148DF02D3215ACBA.e.8173/click - {}
RESULT: {}
COMMAND: GET /session/86a389c01bc54833c1d480b3c129d65f/screenshot - {}
RESULT: {}
COMMAND: POST /session/86a389c01bc54833c1d480b3c129d65f/element - {"using":"xpath","value":"//span[@id=\"application-managepartners-display-component---masterPtm--smartTable-header-inner\"]"}
RESULT: {"using":"xpath","value":"//span[@id=\"application-managepartners-display-component---masterPtm--smartTable-header-inner\"]"}
COMMAND: POST /session/86a389c01bc54833c1d480b3c129d65f/elements - {"using":"xpath","value":"//span[@id=\"application-managepartners-display-component---masterPtm--smartTable-header-inner\"]"}
RESULT: {"using":"xpath","value":"//span[@id=\"application-managepartners-display-component---masterPtm--smartTable-header-inner\"]"}
COMMAND: POST /session/86a389c01bc54833c1d480b3c129d65f/execute/sync - {"script":"<script> [56 bytes]","args":[{"element-6066-11e4-a52e-4f735466cecf":"f.89CEFFE823C31142EA3CFD6CAFD84276.d.0776C25FB1E96F8E148DF02D3215ACBA.e.7734","ELEMENT":"f.89CEFFE823C31142EA3CFD6CAFD84276.d.0776C25FB1E96F8E148DF02D3215ACBA.e.7734"}]}
RESULT: {"script":"<script> [56 bytes]","args":[{"element-6066-11e4-a52e-4f735466cecf":"f.89CEFFE823C31142EA3CFD6CAFD84276.d.0776C25FB1E96F8E148DF02D3215ACBA.e.7734","ELEMENT":"f.89CEFFE823C31142EA3CFD6CAFD84276.d.0776C25FB1E96F8E148DF02D3215ACBA.e.7734"}]}
COMMAND: POST /session/86a389c01bc54833c1d480b3c129d65f/element - {"using":"xpath","value":"//span[contains(@title, \"Remove\")]"}
COMMAND: GET /session/86a389c01bc54833c1d480b3c129d65f/screenshot - {}
RESULT: {"using":"xpath","value":"//span[contains(@title, \"Remove\")]"}
COMMAND: POST /session/86a389c01bc54833c1d480b3c129d65f/element/f.89CEFFE823C31142EA3CFD6CAFD84276.d.0776C25FB1E96F8E148DF02D3215ACBA.e.8186/click - {}
RESULT: {}
RESULT: {}
COMMAND: GET /session/86a389c01bc54833c1d480b3c129d65f/screenshot - {}
COMMAND: POST /session/86a389c01bc54833c1d480b3c129d65f/execute/async - {"script":"<script> [1562 bytes]","args":[{"selector":{"id":"application-managepartners-display-component---masterPtm--catalogs-arrow"},"wdio_ui5_key":"applicationmanagepartners-display-component---masterPtm--catalogs-arrow"}]}
RESULT: {}
RESULT: {"script":"<script> [1562 bytes]","args":[{"selector":{"id":"application-managepartners-display-component---masterPtm--catalogs-arrow"},"wdio_ui5_key":"applicationmanagepartners-display-component---masterPtm--catalogs-arrow"}]}
RESULT: undefined
COMMAND: POST /session/86a389c01bc54833c1d480b3c129d65f/element - {"using":"xpath","value":"//*[@id=\"application-managepartners-display-component---masterPtm--catalogs-arrow\"]"}
RESULT: {"using":"xpath","value":"//*[@id=\"application-managepartners-display-component---masterPtm--catalogs-arrow\"]"}
COMMAND: POST /session/86a389c01bc54833c1d480b3c129d65f/element/f.89CEFFE823C31142EA3CFD6CAFD84276.d.0776C25FB1E96F8E148DF02D3215ACBA.e.8291/click - {}
RESULT: {}
COMMAND: GET /session/86a389c01bc54833c1d480b3c129d65f/screenshot - {}
RESULT: {}
COMMAND: POST /session/86a389c01bc54833c1d480b3c129d65f/element - {"using":"xpath","value":"//li[.//span[text()=\"Webshop Catalog\"]]//div[contains(@class,\"sapMCbBg\")]"}
RESULT: {"using":"xpath","value":"//li[.//span[text()=\"Webshop Catalog\"]]//div[contains(@class,\"sapMCbBg\")]"}
COMMAND: POST /session/86a389c01bc54833c1d480b3c129d65f/element/f.89CEFFE823C31142EA3CFD6CAFD84276.d.0776C25FB1E96F8E148DF02D3215ACBA.e.8305/click - {}
RESULT: {}
COMMAND: GET /session/86a389c01bc54833c1d480b3c129d65f/screenshot - {}
RESULT: {}
RESULT: undefined
COMMAND: POST /session/86a389c01bc54833c1d480b3c129d65f/element - {"using":"xpath","value":"//*[@id=\"application-managepartners-display-component---masterPtm--catalogs-arrow\"]"}
RESULT: {"using":"xpath","value":"//*[@id=\"application-managepartners-display-component---masterPtm--catalogs-arrow\"]"}
COMMAND: POST /session/86a389c01bc54833c1d480b3c129d65f/element/f.89CEFFE823C31142EA3CFD6CAFD84276.d.0776C25FB1E96F8E148DF02D3215ACBA.e.8291/click - {}
RESULT: {}
COMMAND: POST /session/86a389c01bc54833c1d480b3c129d65f/element - {"using":"xpath","value":"//span[@id=\"application-managepartners-display-component---masterPtm--smartTable-header-inner\"]"}
COMMAND: GET /session/86a389c01bc54833c1d480b3c129d65f/screenshot - {}
RESULT: {"using":"xpath","value":"//span[@id=\"application-managepartners-display-component---masterPtm--smartTable-header-inner\"]"}
COMMAND: POST /session/86a389c01bc54833c1d480b3c129d65f/elements - {"using":"xpath","value":"//span[@id=\"application-managepartners-display-component---masterPtm--smartTable-header-inner\"]"}
RESULT: {}
RESULT: {"using":"xpath","value":"//span[@id=\"application-managepartners-display-component---masterPtm--smartTable-header-inner\"]"}
COMMAND: POST /session/86a389c01bc54833c1d480b3c129d65f/execute/sync - {"script":"<script> [56 bytes]","args":[{"element-6066-11e4-a52e-4f735466cecf":"f.89CEFFE823C31142EA3CFD6CAFD84276.d.0776C25FB1E96F8E148DF02D3215ACBA.e.7734","ELEMENT":"f.89CEFFE823C31142EA3CFD6CAFD84276.d.0776C25FB1E96F8E148DF02D3215ACBA.e.7734"}]}
RESULT: {"script":"<script> [56 bytes]","args":[{"element-6066-11e4-a52e-4f735466cecf":"f.89CEFFE823C31142EA3CFD6CAFD84276.d.0776C25FB1E96F8E148DF02D3215ACBA.e.7734","ELEMENT":"f.89CEFFE823C31142EA3CFD6CAFD84276.d.0776C25FB1E96F8E148DF02D3215ACBA.e.7734"}]}
COMMAND: POST /session/86a389c01bc54833c1d480b3c129d65f/element - {"using":"xpath","value":"//span[contains(@title, \"Remove\")]"}
COMMAND: GET /session/86a389c01bc54833c1d480b3c129d65f/screenshot - {}
RESULT: {"using":"xpath","value":"//span[contains(@title, \"Remove\")]"}
COMMAND: POST /session/86a389c01bc54833c1d480b3c129d65f/element/f.89CEFFE823C31142EA3CFD6CAFD84276.d.0776C25FB1E96F8E148DF02D3215ACBA.e.8319/click - {}
RESULT: {}
RESULT: {}
COMMAND: GET /session/86a389c01bc54833c1d480b3c129d65f/screenshot - {}
RESULT: {}
COMMAND: POST /session/86a389c01bc54833c1d480b3c129d65f/execute/async - {"script":"<script> [1562 bytes]","args":[{"selector":{"id":"application-managepartners-display-component---masterPtm--currencies-arrow"},"wdio_ui5_key":"applicationmanagepartners-display-component---masterPtm--currencies-arrow"}]}
RESULT: {"script":"<script> [1562 bytes]","args":[{"selector":{"id":"application-managepartners-display-component---masterPtm--currencies-arrow"},"wdio_ui5_key":"applicationmanagepartners-display-component---masterPtm--currencies-arrow"}]}
RESULT: undefined
COMMAND: POST /session/86a389c01bc54833c1d480b3c129d65f/element - {"using":"xpath","value":"//*[@id=\"application-managepartners-display-component---masterPtm--currencies-arrow\"]"}
RESULT: {"using":"xpath","value":"//*[@id=\"application-managepartners-display-component---masterPtm--currencies-arrow\"]"}
COMMAND: POST /session/86a389c01bc54833c1d480b3c129d65f/element/f.89CEFFE823C31142EA3CFD6CAFD84276.d.0776C25FB1E96F8E148DF02D3215ACBA.e.8433/click - {}
RESULT: {}
COMMAND: GET /session/86a389c01bc54833c1d480b3c129d65f/screenshot - {}
RESULT: {}
COMMAND: POST /session/86a389c01bc54833c1d480b3c129d65f/element - {"using":"xpath","value":"//li[.//span[text()=\"US Dollar\"]]//div[contains(@class,\"sapMCbBg\")]"}
RESULT: {"using":"xpath","value":"//li[.//span[text()=\"US Dollar\"]]//div[contains(@class,\"sapMCbBg\")]"}
COMMAND: POST /session/86a389c01bc54833c1d480b3c129d65f/element/f.89CEFFE823C31142EA3CFD6CAFD84276.d.0776C25FB1E96F8E148DF02D3215ACBA.e.8436/click - {}
RESULT: {}
COMMAND: GET /session/86a389c01bc54833c1d480b3c129d65f/screenshot - {}
RESULT: {}
RESULT: undefined
COMMAND: POST /session/86a389c01bc54833c1d480b3c129d65f/element - {"using":"xpath","value":"//*[@id=\"application-managepartners-display-component---masterPtm--currencies-arrow\"]"}
RESULT: {"using":"xpath","value":"//*[@id=\"application-managepartners-display-component---masterPtm--currencies-arrow\"]"}
COMMAND: POST /session/86a389c01bc54833c1d480b3c129d65f/element/f.89CEFFE823C31142EA3CFD6CAFD84276.d.0776C25FB1E96F8E148DF02D3215ACBA.e.8433/click - {}
RESULT: {}
COMMAND: POST /session/86a389c01bc54833c1d480b3c129d65f/element - {"using":"xpath","value":"//span[@id=\"application-managepartners-display-component---masterPtm--smartTable-header-inner\"]"}
COMMAND: GET /session/86a389c01bc54833c1d480b3c129d65f/screenshot - {}
RESULT: {"using":"xpath","value":"//span[@id=\"application-managepartners-display-component---masterPtm--smartTable-header-inner\"]"}
COMMAND: POST /session/86a389c01bc54833c1d480b3c129d65f/elements - {"using":"xpath","value":"//span[@id=\"application-managepartners-display-component---masterPtm--smartTable-header-inner\"]"}
RESULT: {}
RESULT: {"using":"xpath","value":"//span[@id=\"application-managepartners-display-component---masterPtm--smartTable-header-inner\"]"}
COMMAND: POST /session/86a389c01bc54833c1d480b3c129d65f/execute/sync - {"script":"<script> [56 bytes]","args":[{"element-6066-11e4-a52e-4f735466cecf":"f.89CEFFE823C31142EA3CFD6CAFD84276.d.0776C25FB1E96F8E148DF02D3215ACBA.e.7734","ELEMENT":"f.89CEFFE823C31142EA3CFD6CAFD84276.d.0776C25FB1E96F8E148DF02D3215ACBA.e.7734"}]}
RESULT: {"script":"<script> [56 bytes]","args":[{"element-6066-11e4-a52e-4f735466cecf":"f.89CEFFE823C31142EA3CFD6CAFD84276.d.0776C25FB1E96F8E148DF02D3215ACBA.e.7734","ELEMENT":"f.89CEFFE823C31142EA3CFD6CAFD84276.d.0776C25FB1E96F8E148DF02D3215ACBA.e.7734"}]}
COMMAND: POST /session/86a389c01bc54833c1d480b3c129d65f/element - {"using":"xpath","value":"//span[contains(@title, \"Remove\")]"}
COMMAND: GET /session/86a389c01bc54833c1d480b3c129d65f/screenshot - {}
RESULT: {"using":"xpath","value":"//span[contains(@title, \"Remove\")]"}
COMMAND: POST /session/86a389c01bc54833c1d480b3c129d65f/element/f.89CEFFE823C31142EA3CFD6CAFD84276.d.0776C25FB1E96F8E148DF02D3215ACBA.e.8526/click - {}
RESULT: {}
RESULT: {}
COMMAND: GET /session/86a389c01bc54833c1d480b3c129d65f/screenshot - {}
RESULT: {}
COMMAND: POST /session/86a389c01bc54833c1d480b3c129d65f/execute/async - {"script":"<script> [1562 bytes]","args":[{"selector":{"id":"application-managepartners-display-component---masterPtm--languages-arrow"},"wdio_ui5_key":"applicationmanagepartners-display-component---masterPtm--languages-arrow"}]}
RESULT: {"script":"<script> [1562 bytes]","args":[{"selector":{"id":"application-managepartners-display-component---masterPtm--languages-arrow"},"wdio_ui5_key":"applicationmanagepartners-display-component---masterPtm--languages-arrow"}]}
RESULT: undefined
COMMAND: POST /session/86a389c01bc54833c1d480b3c129d65f/element - {"using":"xpath","value":"//*[@id=\"application-managepartners-display-component---masterPtm--languages-arrow\"]"}
RESULT: {"using":"xpath","value":"//*[@id=\"application-managepartners-display-component---masterPtm--languages-arrow\"]"}
COMMAND: POST /session/86a389c01bc54833c1d480b3c129d65f/element/f.89CEFFE823C31142EA3CFD6CAFD84276.d.0776C25FB1E96F8E148DF02D3215ACBA.e.8618/click - {}
RESULT: {}
COMMAND: GET /session/86a389c01bc54833c1d480b3c129d65f/screenshot - {}
RESULT: {}
COMMAND: POST /session/86a389c01bc54833c1d480b3c129d65f/element - {"using":"xpath","value":"//li[.//span[text()=\"German\"]]//div[contains(@class,\"sapMCbBg\")]"}
RESULT: {"using":"xpath","value":"//li[.//span[text()=\"German\"]]//div[contains(@class,\"sapMCbBg\")]"}
COMMAND: POST /session/86a389c01bc54833c1d480b3c129d65f/element/f.89CEFFE823C31142EA3CFD6CAFD84276.d.0776C25FB1E96F8E148DF02D3215ACBA.e.8662/click - {}
RESULT: {}
COMMAND: GET /session/86a389c01bc54833c1d480b3c129d65f/screenshot - {}
RESULT: {}
RESULT: undefined
COMMAND: POST /session/86a389c01bc54833c1d480b3c129d65f/element - {"using":"xpath","value":"//*[@id=\"application-managepartners-display-component---masterPtm--languages-arrow\"]"}
RESULT: {"using":"xpath","value":"//*[@id=\"application-managepartners-display-component---masterPtm--languages-arrow\"]"}
COMMAND: POST /session/86a389c01bc54833c1d480b3c129d65f/element/f.89CEFFE823C31142EA3CFD6CAFD84276.d.0776C25FB1E96F8E148DF02D3215ACBA.e.8618/click - {}
RESULT: {}
COMMAND: POST /session/86a389c01bc54833c1d480b3c129d65f/element - {"using":"xpath","value":"//span[@id=\"application-managepartners-display-component---masterPtm--smartTable-header-inner\"]"}
COMMAND: GET /session/86a389c01bc54833c1d480b3c129d65f/screenshot - {}
RESULT: {"using":"xpath","value":"//span[@id=\"application-managepartners-display-component---masterPtm--smartTable-header-inner\"]"}
COMMAND: POST /session/86a389c01bc54833c1d480b3c129d65f/elements - {"using":"xpath","value":"//span[@id=\"application-managepartners-display-component---masterPtm--smartTable-header-inner\"]"}
RESULT: {}
RESULT: {"using":"xpath","value":"//span[@id=\"application-managepartners-display-component---masterPtm--smartTable-header-inner\"]"}
COMMAND: POST /session/86a389c01bc54833c1d480b3c129d65f/execute/sync - {"script":"<script> [56 bytes]","args":[{"element-6066-11e4-a52e-4f735466cecf":"f.89CEFFE823C31142EA3CFD6CAFD84276.d.0776C25FB1E96F8E148DF02D3215ACBA.e.7734","ELEMENT":"f.89CEFFE823C31142EA3CFD6CAFD84276.d.0776C25FB1E96F8E148DF02D3215ACBA.e.7734"}]}
RESULT: {"script":"<script> [56 bytes]","args":[{"element-6066-11e4-a52e-4f735466cecf":"f.89CEFFE823C31142EA3CFD6CAFD84276.d.0776C25FB1E96F8E148DF02D3215ACBA.e.7734","ELEMENT":"f.89CEFFE823C31142EA3CFD6CAFD84276.d.0776C25FB1E96F8E148DF02D3215ACBA.e.7734"}]}
COMMAND: POST /session/86a389c01bc54833c1d480b3c129d65f/element - {"using":"css selector","value":"#shell-header-logo"}
COMMAND: GET /session/86a389c01bc54833c1d480b3c129d65f/screenshot - {}
RESULT: {"using":"css selector","value":"#shell-header-logo"}
COMMAND: POST /session/86a389c01bc54833c1d480b3c129d65f/element/f.89CEFFE823C31142EA3CFD6CAFD84276.d.0776C25FB1E96F8E148DF02D3215ACBA.e.7564/click - {}
RESULT: {}
RESULT: {}
COMMAND: GET /session/86a389c01bc54833c1d480b3c129d65f/screenshot - {}
RESULT: {}
COMMAND: DELETE /session/86a389c01bc54833c1d480b3c129d65f - {}
RESULT: {}
]]></system-out>
    </testcase>
  </testsuite>
</testsuites>