<?xml version="1.0" encoding="UTF-8"?>
<testsuites tests="15" failures="5" errors="5" skipped="0">
  <testsuite timestamp="2025-06-01T16:32:50" time="924.338" tests="9" failures="5" errors="5" skipped="0">
    <properties>
      <property name="specId" value="0"/>
      <property name="suiteName" value="Prerequisites &amp; test for yard mass return on Yard Overview US131057"/>
      <property name="capabilities" value="chrome.136_0_7103_93.windows"/>
      <property name="file" value="file:///D:/a/1/s/test/specs/HTR/yard-mass-return.spec.js"/>
    </properties>
    <testcase classname="chrome.136_0_7103_93.windows.Prerequisites_&amp;_test_for_yard_mass_return_on_Yard_Overview_US131057" name="Prereq Should create a new yard used for all following tests" time="135.957">
      <system-out><![CDATA[
COMMAND: POST /session/2dec2e3c010038984a3a166ea9fbc264/window/fullscreen - {}
RESULT: {}
COMMAND: POST /session/2dec2e3c010038984a3a166ea9fbc264/execute/async - {"script":"<script> [1562 bytes]","args":[{"selector":{"controlType":"sap.m.GenericTile","properties":{"header":"Manage Yards"}},"wdio_ui5_key":"sapm.GenericTile{\"header\":\"Manage Yards\"}"}]}
RESULT: {"script":"<script> [1562 bytes]","args":[{"selector":{"controlType":"sap.m.GenericTile","properties":{"header":"Manage Yards"}},"wdio_ui5_key":"sapm.GenericTile{\"header\":\"Manage Yards\"}"}]}
RESULT: undefined
COMMAND: POST /session/2dec2e3c010038984a3a166ea9fbc264/element - {"using":"xpath","value":"//*[@id=\"__tile41\"]"}
RESULT: {"using":"xpath","value":"//*[@id=\"__tile41\"]"}
COMMAND: POST /session/2dec2e3c010038984a3a166ea9fbc264/element/f.D0EFFAE4382B1008F4D483A8F066EB66.d.7A1CDA8566878B8E04A2B0613D1AE43C.e.158/click - {}
RESULT: {}
COMMAND: GET /session/2dec2e3c010038984a3a166ea9fbc264/screenshot - {}
RESULT: {}
COMMAND: POST /session/2dec2e3c010038984a3a166ea9fbc264/elements - {"using":"xpath","value":"//span[text()='Error']"}
RESULT: {"using":"xpath","value":"//span[text()='Error']"}
COMMAND: POST /session/2dec2e3c010038984a3a166ea9fbc264/element - {"using":"xpath","value":"//button[@data-kt=\"addNewYardOverflowToolbarButton\"]"}
RESULT: {"using":"xpath","value":"//button[@data-kt=\"addNewYardOverflowToolbarButton\"]"}
COMMAND: POST /session/2dec2e3c010038984a3a166ea9fbc264/elements - {"using":"xpath","value":"//button[@data-kt=\"addNewYardOverflowToolbarButton\"]"}
RESULT: {"using":"xpath","value":"//button[@data-kt=\"addNewYardOverflowToolbarButton\"]"}
COMMAND: POST /session/2dec2e3c010038984a3a166ea9fbc264/elements - {"using":"xpath","value":"//button[@data-kt=\"addNewYardOverflowToolbarButton\"]"}
RESULT: {"using":"xpath","value":"//button[@data-kt=\"addNewYardOverflowToolbarButton\"]"}
COMMAND: POST /session/2dec2e3c010038984a3a166ea9fbc264/elements - {"using":"xpath","value":"//button[@data-kt=\"addNewYardOverflowToolbarButton\"]"}
RESULT: {"using":"xpath","value":"//button[@data-kt=\"addNewYardOverflowToolbarButton\"]"}
COMMAND: POST /session/2dec2e3c010038984a3a166ea9fbc264/elements - {"using":"xpath","value":"//button[@data-kt=\"addNewYardOverflowToolbarButton\"]"}
RESULT: {"using":"xpath","value":"//button[@data-kt=\"addNewYardOverflowToolbarButton\"]"}
COMMAND: POST /session/2dec2e3c010038984a3a166ea9fbc264/elements - {"using":"xpath","value":"//button[@data-kt=\"addNewYardOverflowToolbarButton\"]"}
RESULT: {"using":"xpath","value":"//button[@data-kt=\"addNewYardOverflowToolbarButton\"]"}
COMMAND: POST /session/2dec2e3c010038984a3a166ea9fbc264/elements - {"using":"xpath","value":"//button[@data-kt=\"addNewYardOverflowToolbarButton\"]"}
RESULT: {"using":"xpath","value":"//button[@data-kt=\"addNewYardOverflowToolbarButton\"]"}
COMMAND: POST /session/2dec2e3c010038984a3a166ea9fbc264/elements - {"using":"xpath","value":"//button[@data-kt=\"addNewYardOverflowToolbarButton\"]"}
RESULT: {"using":"xpath","value":"//button[@data-kt=\"addNewYardOverflowToolbarButton\"]"}
COMMAND: POST /session/2dec2e3c010038984a3a166ea9fbc264/elements - {"using":"xpath","value":"//button[@data-kt=\"addNewYardOverflowToolbarButton\"]"}
RESULT: {"using":"xpath","value":"//button[@data-kt=\"addNewYardOverflowToolbarButton\"]"}
COMMAND: POST /session/2dec2e3c010038984a3a166ea9fbc264/elements - {"using":"xpath","value":"//button[@data-kt=\"addNewYardOverflowToolbarButton\"]"}
RESULT: {"using":"xpath","value":"//button[@data-kt=\"addNewYardOverflowToolbarButton\"]"}
COMMAND: POST /session/2dec2e3c010038984a3a166ea9fbc264/element - {"using":"xpath","value":"//button[@data-kt=\"addNewYardOverflowToolbarButton\"]"}
RESULT: {"using":"xpath","value":"//button[@data-kt=\"addNewYardOverflowToolbarButton\"]"}
COMMAND: POST /session/2dec2e3c010038984a3a166ea9fbc264/execute/sync - {"script":"<script> [8489 bytes]","args":[{"element-6066-11e4-a52e-4f735466cecf":"f.D0EFFAE4382B1008F4D483A8F066EB66.d.7A1CDA8566878B8E04A2B0613D1AE43C.e.295","ELEMENT":"f.D0EFFAE4382B1008F4D483A8F066EB66.d.7A1CDA8566878B8E04A2B0613D1AE43C.e.295"}]}
RESULT: {"script":"<script> [8489 bytes]","args":[{"element-6066-11e4-a52e-4f735466cecf":"f.D0EFFAE4382B1008F4D483A8F066EB66.d.7A1CDA8566878B8E04A2B0613D1AE43C.e.295","ELEMENT":"f.D0EFFAE4382B1008F4D483A8F066EB66.d.7A1CDA8566878B8E04A2B0613D1AE43C.e.295"}]}
COMMAND: GET /session/2dec2e3c010038984a3a166ea9fbc264/element/f.D0EFFAE4382B1008F4D483A8F066EB66.d.7A1CDA8566878B8E04A2B0613D1AE43C.e.295/enabled - {}
COMMAND: GET /session/2dec2e3c010038984a3a166ea9fbc264/screenshot - {}
RESULT: {}
COMMAND: POST /session/2dec2e3c010038984a3a166ea9fbc264/execute/sync - {"script":"<script> [8489 bytes]","args":[{"element-6066-11e4-a52e-4f735466cecf":"f.D0EFFAE4382B1008F4D483A8F066EB66.d.7A1CDA8566878B8E04A2B0613D1AE43C.e.295","ELEMENT":"f.D0EFFAE4382B1008F4D483A8F066EB66.d.7A1CDA8566878B8E04A2B0613D1AE43C.e.295"}]}
COMMAND: GET /session/2dec2e3c010038984a3a166ea9fbc264/screenshot - {}
RESULT: {}
RESULT: {"script":"<script> [8489 bytes]","args":[{"element-6066-11e4-a52e-4f735466cecf":"f.D0EFFAE4382B1008F4D483A8F066EB66.d.7A1CDA8566878B8E04A2B0613D1AE43C.e.295","ELEMENT":"f.D0EFFAE4382B1008F4D483A8F066EB66.d.7A1CDA8566878B8E04A2B0613D1AE43C.e.295"}]}
COMMAND: POST /session/2dec2e3c010038984a3a166ea9fbc264/execute/sync - {"script":"<script> [5351 bytes]","args":[{"element-6066-11e4-a52e-4f735466cecf":"f.D0EFFAE4382B1008F4D483A8F066EB66.d.7A1CDA8566878B8E04A2B0613D1AE43C.e.295","ELEMENT":"f.D0EFFAE4382B1008F4D483A8F066EB66.d.7A1CDA8566878B8E04A2B0613D1AE43C.e.295"}]}
COMMAND: GET /session/2dec2e3c010038984a3a166ea9fbc264/screenshot - {}
RESULT: {}
RESULT: {"script":"<script> [5351 bytes]","args":[{"element-6066-11e4-a52e-4f735466cecf":"f.D0EFFAE4382B1008F4D483A8F066EB66.d.7A1CDA8566878B8E04A2B0613D1AE43C.e.295","ELEMENT":"f.D0EFFAE4382B1008F4D483A8F066EB66.d.7A1CDA8566878B8E04A2B0613D1AE43C.e.295"}]}
COMMAND: POST /session/2dec2e3c010038984a3a166ea9fbc264/element/f.D0EFFAE4382B1008F4D483A8F066EB66.d.7A1CDA8566878B8E04A2B0613D1AE43C.e.295/click - {}
COMMAND: GET /session/2dec2e3c010038984a3a166ea9fbc264/screenshot - {}
RESULT: {}
RESULT: {}
COMMAND: GET /session/2dec2e3c010038984a3a166ea9fbc264/screenshot - {}
RESULT: {}
RESULT: {}
COMMAND: POST /session/2dec2e3c010038984a3a166ea9fbc264/element - {"using":"xpath","value":"//input[@id=\"application-manageyards-display-component---NewYard--yardId-inner\"]"}
RESULT: {"using":"xpath","value":"//input[@id=\"application-manageyards-display-component---NewYard--yardId-inner\"]"}
COMMAND: POST /session/2dec2e3c010038984a3a166ea9fbc264/element - {"using":"xpath","value":"//input[@id=\"application-manageyards-display-component---NewYard--yardId-inner\"]"}
RESULT: {"using":"xpath","value":"//input[@id=\"application-manageyards-display-component---NewYard--yardId-inner\"]"}
COMMAND: POST /session/2dec2e3c010038984a3a166ea9fbc264/execute/async - {"script":"<script> [1562 bytes]","args":[{"selector":{"id":"application-manageyards-display-component---NewYard--addressDetailDetailsName1","interaction":{"idSuffix":"inner"}},"wdio_ui5_key":"applicationmanageyards-display-component---NewYard--addressDetailDetailsName1"}]}
RESULT: {"script":"<script> [1562 bytes]","args":[{"selector":{"id":"application-manageyards-display-component---NewYard--addressDetailDetailsName1","interaction":{"idSuffix":"inner"}},"wdio_ui5_key":"applicationmanageyards-display-component---NewYard--addressDetailDetailsName1"}]}
RESULT: undefined
COMMAND: POST /session/2dec2e3c010038984a3a166ea9fbc264/execute/async - {"script":"<script> [776 bytes]","args":[{"enterText":"Other Yard WDIO","selector":{"id":"application-manageyards-display-component---NewYard--addressDetailDetailsName1","interaction":{"idSuffix":"inner"}},"clearTextFirst":true,"interactionType":"ENTER_TEXT"}]}
RESULT: {"script":"<script> [776 bytes]","args":[{"enterText":"Other Yard WDIO","selector":{"id":"application-manageyards-display-component---NewYard--addressDetailDetailsName1","interaction":{"idSuffix":"inner"}},"clearTextFirst":true,"interactionType":"ENTER_TEXT"}]}
COMMAND: POST /session/2dec2e3c010038984a3a166ea9fbc264/execute/async - {"script":"<script> [1562 bytes]","args":[{"selector":{"id":"application-manageyards-display-component---NewYard--addressDetailDetailsLanguage-arrow"},"wdio_ui5_key":"applicationmanageyards-display-component---NewYard--addressDetailDetailsLanguage-arrow"}]}
RESULT: {"script":"<script> [1562 bytes]","args":[{"selector":{"id":"application-manageyards-display-component---NewYard--addressDetailDetailsLanguage-arrow"},"wdio_ui5_key":"applicationmanageyards-display-component---NewYard--addressDetailDetailsLanguage-arrow"}]}
RESULT: undefined
COMMAND: POST /session/2dec2e3c010038984a3a166ea9fbc264/element - {"using":"xpath","value":"//*[@id=\"application-manageyards-display-component---NewYard--addressDetailDetailsLanguage-arrow\"]"}
RESULT: {"using":"xpath","value":"//*[@id=\"application-manageyards-display-component---NewYard--addressDetailDetailsLanguage-arrow\"]"}
COMMAND: POST /session/2dec2e3c010038984a3a166ea9fbc264/element/f.D0EFFAE4382B1008F4D483A8F066EB66.d.7A1CDA8566878B8E04A2B0613D1AE43C.e.733/click - {}
RESULT: {}
COMMAND: POST /session/2dec2e3c010038984a3a166ea9fbc264/element - {"using":"xpath","value":"//span[contains(text(), \"English\")]"}
COMMAND: GET /session/2dec2e3c010038984a3a166ea9fbc264/screenshot - {}
RESULT: {"using":"xpath","value":"//span[contains(text(), \"English\")]"}
COMMAND: POST /session/2dec2e3c010038984a3a166ea9fbc264/element/f.D0EFFAE4382B1008F4D483A8F066EB66.d.7A1CDA8566878B8E04A2B0613D1AE43C.e.734/click - {}
RESULT: {}
RESULT: {}
COMMAND: POST /session/2dec2e3c010038984a3a166ea9fbc264/execute/async - {"script":"<script> [1562 bytes]","args":[{"selector":{"id":"application-manageyards-display-component---NewYard--addressDetailDetailsCity1","interaction":{"idSuffix":"inner"}},"wdio_ui5_key":"applicationmanageyards-display-component---NewYard--addressDetailDetailsCity1"}]}
COMMAND: GET /session/2dec2e3c010038984a3a166ea9fbc264/screenshot - {}
RESULT: {"script":"<script> [1562 bytes]","args":[{"selector":{"id":"application-manageyards-display-component---NewYard--addressDetailDetailsCity1","interaction":{"idSuffix":"inner"}},"wdio_ui5_key":"applicationmanageyards-display-component---NewYard--addressDetailDetailsCity1"}]}
RESULT: undefined
COMMAND: POST /session/2dec2e3c010038984a3a166ea9fbc264/execute/async - {"script":"<script> [776 bytes]","args":[{"enterText":"Rosario","selector":{"id":"application-manageyards-display-component---NewYard--addressDetailDetailsCity1","interaction":{"idSuffix":"inner"}},"clearTextFirst":true,"interactionType":"ENTER_TEXT"}]}
RESULT: {}
RESULT: {"script":"<script> [776 bytes]","args":[{"enterText":"Rosario","selector":{"id":"application-manageyards-display-component---NewYard--addressDetailDetailsCity1","interaction":{"idSuffix":"inner"}},"clearTextFirst":true,"interactionType":"ENTER_TEXT"}]}
COMMAND: POST /session/2dec2e3c010038984a3a166ea9fbc264/execute/async - {"script":"<script> [1562 bytes]","args":[{"selector":{"id":"application-manageyards-display-component---NewYard--addressDetailDetailsCountry-arrow"},"wdio_ui5_key":"applicationmanageyards-display-component---NewYard--addressDetailDetailsCountry-arrow"}]}
RESULT: {"script":"<script> [1562 bytes]","args":[{"selector":{"id":"application-manageyards-display-component---NewYard--addressDetailDetailsCountry-arrow"},"wdio_ui5_key":"applicationmanageyards-display-component---NewYard--addressDetailDetailsCountry-arrow"}]}
RESULT: undefined
COMMAND: POST /session/2dec2e3c010038984a3a166ea9fbc264/element - {"using":"xpath","value":"//*[@id=\"application-manageyards-display-component---NewYard--addressDetailDetailsCountry-arrow\"]"}
RESULT: {"using":"xpath","value":"//*[@id=\"application-manageyards-display-component---NewYard--addressDetailDetailsCountry-arrow\"]"}
COMMAND: POST /session/2dec2e3c010038984a3a166ea9fbc264/element/f.D0EFFAE4382B1008F4D483A8F066EB66.d.7A1CDA8566878B8E04A2B0613D1AE43C.e.736/click - {}
RESULT: {}
COMMAND: POST /session/2dec2e3c010038984a3a166ea9fbc264/element - {"using":"xpath","value":"//span[contains(text(), \"Argentina\")]"}
COMMAND: GET /session/2dec2e3c010038984a3a166ea9fbc264/screenshot - {}
RESULT: {"using":"xpath","value":"//span[contains(text(), \"Argentina\")]"}
COMMAND: POST /session/2dec2e3c010038984a3a166ea9fbc264/element/f.D0EFFAE4382B1008F4D483A8F066EB66.d.7A1CDA8566878B8E04A2B0613D1AE43C.e.738/click - {}
RESULT: {}
RESULT: {}
COMMAND: POST /session/2dec2e3c010038984a3a166ea9fbc264/execute/async - {"script":"<script> [1562 bytes]","args":[{"selector":{"id":"application-manageyards-display-component---NewYard--addressEditDetailsCostObjectCstType-arrow"},"wdio_ui5_key":"applicationmanageyards-display-component---NewYard--addressEditDetailsCostObjectCstType-arrow"}]}
COMMAND: GET /session/2dec2e3c010038984a3a166ea9fbc264/screenshot - {}
RESULT: {"script":"<script> [1562 bytes]","args":[{"selector":{"id":"application-manageyards-display-component---NewYard--addressEditDetailsCostObjectCstType-arrow"},"wdio_ui5_key":"applicationmanageyards-display-component---NewYard--addressEditDetailsCostObjectCstType-arrow"}]}
RESULT: undefined
COMMAND: POST /session/2dec2e3c010038984a3a166ea9fbc264/element - {"using":"xpath","value":"//*[@id=\"application-manageyards-display-component---NewYard--addressEditDetailsCostObjectCstType-arrow\"]"}
RESULT: {}
RESULT: {"using":"xpath","value":"//*[@id=\"application-manageyards-display-component---NewYard--addressEditDetailsCostObjectCstType-arrow\"]"}
COMMAND: POST /session/2dec2e3c010038984a3a166ea9fbc264/element/f.D0EFFAE4382B1008F4D483A8F066EB66.d.7A1CDA8566878B8E04A2B0613D1AE43C.e.739/click - {}
RESULT: {}
COMMAND: POST /session/2dec2e3c010038984a3a166ea9fbc264/element - {"using":"xpath","value":"//span[contains(text(), \"Cost Center\")]"}
COMMAND: GET /session/2dec2e3c010038984a3a166ea9fbc264/screenshot - {}
RESULT: {"using":"xpath","value":"//span[contains(text(), \"Cost Center\")]"}
COMMAND: POST /session/2dec2e3c010038984a3a166ea9fbc264/element/f.D0EFFAE4382B1008F4D483A8F066EB66.d.7A1CDA8566878B8E04A2B0613D1AE43C.e.740/click - {}
RESULT: {}
RESULT: {}
COMMAND: GET /session/2dec2e3c010038984a3a166ea9fbc264/screenshot - {}
RESULT: {}
COMMAND: POST /session/2dec2e3c010038984a3a166ea9fbc264/element - {"using":"xpath","value":"//span[@id=\"application-manageyards-display-component---NewYard--addressNewCostObjectCstID-vhi\"]"}
RESULT: {"using":"xpath","value":"//span[@id=\"application-manageyards-display-component---NewYard--addressNewCostObjectCstID-vhi\"]"}
COMMAND: POST /session/2dec2e3c010038984a3a166ea9fbc264/execute/sync - {"script":"<script> [8489 bytes]","args":[{"element-6066-11e4-a52e-4f735466cecf":"f.D0EFFAE4382B1008F4D483A8F066EB66.d.7A1CDA8566878B8E04A2B0613D1AE43C.e.744","ELEMENT":"f.D0EFFAE4382B1008F4D483A8F066EB66.d.7A1CDA8566878B8E04A2B0613D1AE43C.e.744"}]}
RESULT: {"script":"<script> [8489 bytes]","args":[{"element-6066-11e4-a52e-4f735466cecf":"f.D0EFFAE4382B1008F4D483A8F066EB66.d.7A1CDA8566878B8E04A2B0613D1AE43C.e.744","ELEMENT":"f.D0EFFAE4382B1008F4D483A8F066EB66.d.7A1CDA8566878B8E04A2B0613D1AE43C.e.744"}]}
COMMAND: POST /session/2dec2e3c010038984a3a166ea9fbc264/execute/async - {"script":"<script> [1562 bytes]","args":[{"selector":{"id":"application-manageyards-display-component---NewYard--addressNewCostObjectCstID-vhi"},"wdio_ui5_key":"applicationmanageyards-display-component---NewYard--addressNewCostObjectCstID-vhi"}]}
COMMAND: GET /session/2dec2e3c010038984a3a166ea9fbc264/screenshot - {}
RESULT: {"script":"<script> [1562 bytes]","args":[{"selector":{"id":"application-manageyards-display-component---NewYard--addressNewCostObjectCstID-vhi"},"wdio_ui5_key":"applicationmanageyards-display-component---NewYard--addressNewCostObjectCstID-vhi"}]}
RESULT: undefined
COMMAND: POST /session/2dec2e3c010038984a3a166ea9fbc264/element - {"using":"xpath","value":"//*[@id=\"application-manageyards-display-component---NewYard--addressNewCostObjectCstID-vhi\"]"}
RESULT: {}
RESULT: {"using":"xpath","value":"//*[@id=\"application-manageyards-display-component---NewYard--addressNewCostObjectCstID-vhi\"]"}
COMMAND: POST /session/2dec2e3c010038984a3a166ea9fbc264/element/f.D0EFFAE4382B1008F4D483A8F066EB66.d.7A1CDA8566878B8E04A2B0613D1AE43C.e.744/click - {}
RESULT: {}
COMMAND: GET /session/2dec2e3c010038984a3a166ea9fbc264/screenshot - {}
RESULT: {}
COMMAND: POST /session/2dec2e3c010038984a3a166ea9fbc264/execute/async - {"script":"<script> [1562 bytes]","args":[{"selector":{"controlType":"sap.m.SearchField","properties":{"placeholder":"Search"},"searchOpenDialogs":true,"interaction":{"idSuffix":"I"}},"wdio_ui5_key":"sapm.SearchField{\"placeholder\":\"Search\"}"}]}
RESULT: {"script":"<script> [1562 bytes]","args":[{"selector":{"controlType":"sap.m.SearchField","properties":{"placeholder":"Search"},"searchOpenDialogs":true,"interaction":{"idSuffix":"I"}},"wdio_ui5_key":"sapm.SearchField{\"placeholder\":\"Search\"}"}]}
RESULT: undefined
COMMAND: POST /session/2dec2e3c010038984a3a166ea9fbc264/execute/async - {"script":"<script> [776 bytes]","args":[{"enterText":"bauh_b","selector":{"controlType":"sap.m.SearchField","properties":{"placeholder":"Search"},"searchOpenDialogs":true,"interaction":{"idSuffix":"I"}},"clearTextFirst":true,"interactionType":"ENTER_TEXT"}]}
RESULT: {"script":"<script> [776 bytes]","args":[{"enterText":"bauh_b","selector":{"controlType":"sap.m.SearchField","properties":{"placeholder":"Search"},"searchOpenDialogs":true,"interaction":{"idSuffix":"I"}},"clearTextFirst":true,"interactionType":"ENTER_TEXT"}]}
COMMAND: POST /session/2dec2e3c010038984a3a166ea9fbc264/actions - {"actions":[{"id":"action1","type":"key","parameters":{},"actions":[{"type":"keyDown","value":""},{"type":"pause","duration":10},{"type":"keyUp","value":""}]}]}
RESULT: {"actions":[{"id":"action1","type":"key","parameters":{},"actions":[{"type":"keyDown","value":""},{"type":"pause","duration":10},{"type":"keyUp","value":""}]}]}
COMMAND: GET /session/2dec2e3c010038984a3a166ea9fbc264/screenshot - {}
RESULT: {}
COMMAND: POST /session/2dec2e3c010038984a3a166ea9fbc264/element - {"using":"xpath","value":"//span[contains(text(), \"Demo Yard\")]"}
RESULT: {"using":"xpath","value":"//span[contains(text(), \"Demo Yard\")]"}
COMMAND: POST /session/2dec2e3c010038984a3a166ea9fbc264/element/f.D0EFFAE4382B1008F4D483A8F066EB66.d.7A1CDA8566878B8E04A2B0613D1AE43C.e.785/click - {}
RESULT: {}
COMMAND: GET /session/2dec2e3c010038984a3a166ea9fbc264/screenshot - {}
RESULT: {}
COMMAND: POST /session/2dec2e3c010038984a3a166ea9fbc264/element - {"using":"xpath","value":"//bdi[contains(text(), \"OK\")]"}
RESULT: {"using":"xpath","value":"//bdi[contains(text(), \"OK\")]"}
COMMAND: POST /session/2dec2e3c010038984a3a166ea9fbc264/element/f.D0EFFAE4382B1008F4D483A8F066EB66.d.7A1CDA8566878B8E04A2B0613D1AE43C.e.786/click - {}
RESULT: {}
COMMAND: GET /session/2dec2e3c010038984a3a166ea9fbc264/screenshot - {}
RESULT: {}
COMMAND: POST /session/2dec2e3c010038984a3a166ea9fbc264/execute/async - {"script":"<script> [1562 bytes]","args":[{"selector":{"id":"application-manageyards-display-component---NewYard--addressEditDetailsCurrency-arrow"},"wdio_ui5_key":"applicationmanageyards-display-component---NewYard--addressEditDetailsCurrency-arrow"}]}
RESULT: {"script":"<script> [1562 bytes]","args":[{"selector":{"id":"application-manageyards-display-component---NewYard--addressEditDetailsCurrency-arrow"},"wdio_ui5_key":"applicationmanageyards-display-component---NewYard--addressEditDetailsCurrency-arrow"}]}
RESULT: undefined
COMMAND: POST /session/2dec2e3c010038984a3a166ea9fbc264/element - {"using":"xpath","value":"//*[@id=\"application-manageyards-display-component---NewYard--addressEditDetailsCurrency-arrow\"]"}
RESULT: {"using":"xpath","value":"//*[@id=\"application-manageyards-display-component---NewYard--addressEditDetailsCurrency-arrow\"]"}
COMMAND: POST /session/2dec2e3c010038984a3a166ea9fbc264/element/f.D0EFFAE4382B1008F4D483A8F066EB66.d.7A1CDA8566878B8E04A2B0613D1AE43C.e.789/click - {}
RESULT: {}
COMMAND: POST /session/2dec2e3c010038984a3a166ea9fbc264/element - {"using":"xpath","value":"//span[contains(text(), \"Euro\")]"}
COMMAND: GET /session/2dec2e3c010038984a3a166ea9fbc264/screenshot - {}
RESULT: {"using":"xpath","value":"//span[contains(text(), \"Euro\")]"}
COMMAND: POST /session/2dec2e3c010038984a3a166ea9fbc264/element/f.D0EFFAE4382B1008F4D483A8F066EB66.d.7A1CDA8566878B8E04A2B0613D1AE43C.e.790/click - {}
RESULT: {}
RESULT: {}
COMMAND: POST /session/2dec2e3c010038984a3a166ea9fbc264/execute/async - {"script":"<script> [1562 bytes]","args":[{"selector":{"controlType":"sap.m.Input","viewName":"etm.portal.ui.manageyards.view.New","viewId":"application-manageyards-display-component---NewYard","bindingPath":{"path":"","propertyPath":"/CONTROLLING_AREA","modelName":"NewYardModel"},"interaction":{"idSuffix":"inner"}},"wdio_ui5_key":"etmportal.ui.manageyards.view.Newsap.m.Input{\"path\":\"\",\"propertyPath\":\"/CONTROLLING_AREA\",\"modelName\":\"NewYardModel\"}"}]}
COMMAND: GET /session/2dec2e3c010038984a3a166ea9fbc264/screenshot - {}
RESULT: {"script":"<script> [1562 bytes]","args":[{"selector":{"controlType":"sap.m.Input","viewName":"etm.portal.ui.manageyards.view.New","viewId":"application-manageyards-display-component---NewYard","bindingPath":{"path":"","propertyPath":"/CONTROLLING_AREA","modelName":"NewYardModel"},"interaction":{"idSuffix":"inner"}},"wdio_ui5_key":"etmportal.ui.manageyards.view.Newsap.m.Input{\"path\":\"\",\"propertyPath\":\"/CONTROLLING_AREA\",\"modelName\":\"NewYardModel\"}"}]}
RESULT: undefined
COMMAND: POST /session/2dec2e3c010038984a3a166ea9fbc264/execute/async - {"script":"<script> [776 bytes]","args":[{"enterText":"Z001","selector":{"controlType":"sap.m.Input","viewName":"etm.portal.ui.manageyards.view.New","viewId":"application-manageyards-display-component---NewYard","bindingPath":{"path":"","propertyPath":"/CONTROLLING_AREA","modelName":"NewYardModel"},"interaction":{"idSuffix":"inner"}},"clearTextFirst":true,"interactionType":"ENTER_TEXT"}]}
RESULT: {}
RESULT: {"script":"<script> [776 bytes]","args":[{"enterText":"Z001","selector":{"controlType":"sap.m.Input","viewName":"etm.portal.ui.manageyards.view.New","viewId":"application-manageyards-display-component---NewYard","bindingPath":{"path":"","propertyPath":"/CONTROLLING_AREA","modelName":"NewYardModel"},"interaction":{"idSuffix":"inner"}},"clearTextFirst":true,"interactionType":"ENTER_TEXT"}]}
COMMAND: POST /session/2dec2e3c010038984a3a166ea9fbc264/execute/async - {"script":"<script> [1562 bytes]","args":[{"selector":{"id":"application-manageyards-display-component---NewYard--companyCodeComboBox","interaction":{"idSuffix":"inner"}},"wdio_ui5_key":"applicationmanageyards-display-component---NewYard--companyCodeComboBox"}]}
RESULT: {"script":"<script> [1562 bytes]","args":[{"selector":{"id":"application-manageyards-display-component---NewYard--companyCodeComboBox","interaction":{"idSuffix":"inner"}},"wdio_ui5_key":"applicationmanageyards-display-component---NewYard--companyCodeComboBox"}]}
RESULT: undefined
COMMAND: POST /session/2dec2e3c010038984a3a166ea9fbc264/execute/async - {"script":"<script> [776 bytes]","args":[{"enterText":"1000","selector":{"id":"application-manageyards-display-component---NewYard--companyCodeComboBox","interaction":{"idSuffix":"inner"}},"clearTextFirst":true,"interactionType":"ENTER_TEXT"}]}
RESULT: {"script":"<script> [776 bytes]","args":[{"enterText":"1000","selector":{"id":"application-manageyards-display-component---NewYard--companyCodeComboBox","interaction":{"idSuffix":"inner"}},"clearTextFirst":true,"interactionType":"ENTER_TEXT"}]}
COMMAND: POST /session/2dec2e3c010038984a3a166ea9fbc264/execute/async - {"script":"<script> [1562 bytes]","args":[{"selector":{"controlType":"sap.m.Input","viewName":"etm.portal.ui.manageyards.view.New","viewId":"application-manageyards-display-component---NewYard","bindingPath":{"path":"","propertyPath":"/PLANT","modelName":"NewYardModel"},"interaction":{"idSuffix":"inner"}},"wdio_ui5_key":"etmportal.ui.manageyards.view.Newsap.m.Input{\"path\":\"\",\"propertyPath\":\"/PLANT\",\"modelName\":\"NewYardModel\"}"}]}
RESULT: {"script":"<script> [1562 bytes]","args":[{"selector":{"controlType":"sap.m.Input","viewName":"etm.portal.ui.manageyards.view.New","viewId":"application-manageyards-display-component---NewYard","bindingPath":{"path":"","propertyPath":"/PLANT","modelName":"NewYardModel"},"interaction":{"idSuffix":"inner"}},"wdio_ui5_key":"etmportal.ui.manageyards.view.Newsap.m.Input{\"path\":\"\",\"propertyPath\":\"/PLANT\",\"modelName\":\"NewYardModel\"}"}]}
RESULT: undefined
COMMAND: POST /session/2dec2e3c010038984a3a166ea9fbc264/execute/async - {"script":"<script> [776 bytes]","args":[{"enterText":"1001","selector":{"controlType":"sap.m.Input","viewName":"etm.portal.ui.manageyards.view.New","viewId":"application-manageyards-display-component---NewYard","bindingPath":{"path":"","propertyPath":"/PLANT","modelName":"NewYardModel"},"interaction":{"idSuffix":"inner"}},"clearTextFirst":true,"interactionType":"ENTER_TEXT"}]}
RESULT: {"script":"<script> [776 bytes]","args":[{"enterText":"1001","selector":{"controlType":"sap.m.Input","viewName":"etm.portal.ui.manageyards.view.New","viewId":"application-manageyards-display-component---NewYard","bindingPath":{"path":"","propertyPath":"/PLANT","modelName":"NewYardModel"},"interaction":{"idSuffix":"inner"}},"clearTextFirst":true,"interactionType":"ENTER_TEXT"}]}
COMMAND: POST /session/2dec2e3c010038984a3a166ea9fbc264/execute/async - {"script":"<script> [1562 bytes]","args":[{"selector":{"controlType":"sap.m.Input","viewName":"etm.portal.ui.manageyards.view.New","viewId":"application-manageyards-display-component---NewYard","bindingPath":{"path":"","propertyPath":"/SALES_AREA_VKORG","modelName":"NewYardModel"},"interaction":{"idSuffix":"inner"}},"wdio_ui5_key":"etmportal.ui.manageyards.view.Newsap.m.Input{\"path\":\"\",\"propertyPath\":\"/SALES_AREA_VKORG\",\"modelName\":\"NewYardModel\"}"}]}
RESULT: {"script":"<script> [1562 bytes]","args":[{"selector":{"controlType":"sap.m.Input","viewName":"etm.portal.ui.manageyards.view.New","viewId":"application-manageyards-display-component---NewYard","bindingPath":{"path":"","propertyPath":"/SALES_AREA_VKORG","modelName":"NewYardModel"},"interaction":{"idSuffix":"inner"}},"wdio_ui5_key":"etmportal.ui.manageyards.view.Newsap.m.Input{\"path\":\"\",\"propertyPath\":\"/SALES_AREA_VKORG\",\"modelName\":\"NewYardModel\"}"}]}
RESULT: undefined
COMMAND: POST /session/2dec2e3c010038984a3a166ea9fbc264/execute/async - {"script":"<script> [776 bytes]","args":[{"enterText":"C002","selector":{"controlType":"sap.m.Input","viewName":"etm.portal.ui.manageyards.view.New","viewId":"application-manageyards-display-component---NewYard","bindingPath":{"path":"","propertyPath":"/SALES_AREA_VKORG","modelName":"NewYardModel"},"interaction":{"idSuffix":"inner"}},"clearTextFirst":true,"interactionType":"ENTER_TEXT"}]}
RESULT: {"script":"<script> [776 bytes]","args":[{"enterText":"C002","selector":{"controlType":"sap.m.Input","viewName":"etm.portal.ui.manageyards.view.New","viewId":"application-manageyards-display-component---NewYard","bindingPath":{"path":"","propertyPath":"/SALES_AREA_VKORG","modelName":"NewYardModel"},"interaction":{"idSuffix":"inner"}},"clearTextFirst":true,"interactionType":"ENTER_TEXT"}]}
COMMAND: POST /session/2dec2e3c010038984a3a166ea9fbc264/execute/async - {"script":"<script> [1562 bytes]","args":[{"selector":{"controlType":"sap.m.Input","viewName":"etm.portal.ui.manageyards.view.New","viewId":"application-manageyards-display-component---NewYard","bindingPath":{"path":"","propertyPath":"/SALES_AREA_VTWEG","modelName":"NewYardModel"},"interaction":{"idSuffix":"inner"}},"wdio_ui5_key":"etmportal.ui.manageyards.view.Newsap.m.Input{\"path\":\"\",\"propertyPath\":\"/SALES_AREA_VTWEG\",\"modelName\":\"NewYardModel\"}"}]}
RESULT: {"script":"<script> [1562 bytes]","args":[{"selector":{"controlType":"sap.m.Input","viewName":"etm.portal.ui.manageyards.view.New","viewId":"application-manageyards-display-component---NewYard","bindingPath":{"path":"","propertyPath":"/SALES_AREA_VTWEG","modelName":"NewYardModel"},"interaction":{"idSuffix":"inner"}},"wdio_ui5_key":"etmportal.ui.manageyards.view.Newsap.m.Input{\"path\":\"\",\"propertyPath\":\"/SALES_AREA_VTWEG\",\"modelName\":\"NewYardModel\"}"}]}
RESULT: undefined
COMMAND: POST /session/2dec2e3c010038984a3a166ea9fbc264/execute/async - {"script":"<script> [776 bytes]","args":[{"enterText":"C2","selector":{"controlType":"sap.m.Input","viewName":"etm.portal.ui.manageyards.view.New","viewId":"application-manageyards-display-component---NewYard","bindingPath":{"path":"","propertyPath":"/SALES_AREA_VTWEG","modelName":"NewYardModel"},"interaction":{"idSuffix":"inner"}},"clearTextFirst":true,"interactionType":"ENTER_TEXT"}]}
RESULT: {"script":"<script> [776 bytes]","args":[{"enterText":"C2","selector":{"controlType":"sap.m.Input","viewName":"etm.portal.ui.manageyards.view.New","viewId":"application-manageyards-display-component---NewYard","bindingPath":{"path":"","propertyPath":"/SALES_AREA_VTWEG","modelName":"NewYardModel"},"interaction":{"idSuffix":"inner"}},"clearTextFirst":true,"interactionType":"ENTER_TEXT"}]}
COMMAND: POST /session/2dec2e3c010038984a3a166ea9fbc264/execute/async - {"script":"<script> [1562 bytes]","args":[{"selector":{"controlType":"sap.m.Input","viewName":"etm.portal.ui.manageyards.view.New","viewId":"application-manageyards-display-component---NewYard","bindingPath":{"path":"","propertyPath":"/SALES_AREA_SPART","modelName":"NewYardModel"},"interaction":{"idSuffix":"inner"}},"wdio_ui5_key":"etmportal.ui.manageyards.view.Newsap.m.Input{\"path\":\"\",\"propertyPath\":\"/SALES_AREA_SPART\",\"modelName\":\"NewYardModel\"}"}]}
RESULT: {"script":"<script> [1562 bytes]","args":[{"selector":{"controlType":"sap.m.Input","viewName":"etm.portal.ui.manageyards.view.New","viewId":"application-manageyards-display-component---NewYard","bindingPath":{"path":"","propertyPath":"/SALES_AREA_SPART","modelName":"NewYardModel"},"interaction":{"idSuffix":"inner"}},"wdio_ui5_key":"etmportal.ui.manageyards.view.Newsap.m.Input{\"path\":\"\",\"propertyPath\":\"/SALES_AREA_SPART\",\"modelName\":\"NewYardModel\"}"}]}
RESULT: undefined
COMMAND: POST /session/2dec2e3c010038984a3a166ea9fbc264/execute/async - {"script":"<script> [776 bytes]","args":[{"enterText":"C2","selector":{"controlType":"sap.m.Input","viewName":"etm.portal.ui.manageyards.view.New","viewId":"application-manageyards-display-component---NewYard","bindingPath":{"path":"","propertyPath":"/SALES_AREA_SPART","modelName":"NewYardModel"},"interaction":{"idSuffix":"inner"}},"clearTextFirst":true,"interactionType":"ENTER_TEXT"}]}
RESULT: {"script":"<script> [776 bytes]","args":[{"enterText":"C2","selector":{"controlType":"sap.m.Input","viewName":"etm.portal.ui.manageyards.view.New","viewId":"application-manageyards-display-component---NewYard","bindingPath":{"path":"","propertyPath":"/SALES_AREA_SPART","modelName":"NewYardModel"},"interaction":{"idSuffix":"inner"}},"clearTextFirst":true,"interactionType":"ENTER_TEXT"}]}
COMMAND: POST /session/2dec2e3c010038984a3a166ea9fbc264/execute/async - {"script":"<script> [1562 bytes]","args":[{"selector":{"controlType":"sap.m.Input","viewName":"etm.portal.ui.manageyards.view.New","viewId":"application-manageyards-display-component---NewYard","bindingPath":{"path":"","propertyPath":"/SHIP_POINT","modelName":"NewYardModel"},"interaction":{"idSuffix":"inner"}},"wdio_ui5_key":"etmportal.ui.manageyards.view.Newsap.m.Input{\"path\":\"\",\"propertyPath\":\"/SHIP_POINT\",\"modelName\":\"NewYardModel\"}"}]}
RESULT: {"script":"<script> [1562 bytes]","args":[{"selector":{"controlType":"sap.m.Input","viewName":"etm.portal.ui.manageyards.view.New","viewId":"application-manageyards-display-component---NewYard","bindingPath":{"path":"","propertyPath":"/SHIP_POINT","modelName":"NewYardModel"},"interaction":{"idSuffix":"inner"}},"wdio_ui5_key":"etmportal.ui.manageyards.view.Newsap.m.Input{\"path\":\"\",\"propertyPath\":\"/SHIP_POINT\",\"modelName\":\"NewYardModel\"}"}]}
RESULT: undefined
COMMAND: POST /session/2dec2e3c010038984a3a166ea9fbc264/execute/async - {"script":"<script> [776 bytes]","args":[{"enterText":"1710","selector":{"controlType":"sap.m.Input","viewName":"etm.portal.ui.manageyards.view.New","viewId":"application-manageyards-display-component---NewYard","bindingPath":{"path":"","propertyPath":"/SHIP_POINT","modelName":"NewYardModel"},"interaction":{"idSuffix":"inner"}},"clearTextFirst":true,"interactionType":"ENTER_TEXT"}]}
RESULT: {"script":"<script> [776 bytes]","args":[{"enterText":"1710","selector":{"controlType":"sap.m.Input","viewName":"etm.portal.ui.manageyards.view.New","viewId":"application-manageyards-display-component---NewYard","bindingPath":{"path":"","propertyPath":"/SHIP_POINT","modelName":"NewYardModel"},"interaction":{"idSuffix":"inner"}},"clearTextFirst":true,"interactionType":"ENTER_TEXT"}]}
COMMAND: POST /session/2dec2e3c010038984a3a166ea9fbc264/execute/async - {"script":"<script> [1562 bytes]","args":[{"selector":{"controlType":"sap.m.Input","viewName":"etm.portal.ui.manageyards.view.New","viewId":"application-manageyards-display-component---NewYard","bindingPath":{"path":"","propertyPath":"/DELIVERY_TYPE","modelName":"NewYardModel"},"interaction":{"idSuffix":"inner"}},"wdio_ui5_key":"etmportal.ui.manageyards.view.Newsap.m.Input{\"path\":\"\",\"propertyPath\":\"/DELIVERY_TYPE\",\"modelName\":\"NewYardModel\"}"}]}
RESULT: {"script":"<script> [1562 bytes]","args":[{"selector":{"controlType":"sap.m.Input","viewName":"etm.portal.ui.manageyards.view.New","viewId":"application-manageyards-display-component---NewYard","bindingPath":{"path":"","propertyPath":"/DELIVERY_TYPE","modelName":"NewYardModel"},"interaction":{"idSuffix":"inner"}},"wdio_ui5_key":"etmportal.ui.manageyards.view.Newsap.m.Input{\"path\":\"\",\"propertyPath\":\"/DELIVERY_TYPE\",\"modelName\":\"NewYardModel\"}"}]}
RESULT: undefined
COMMAND: POST /session/2dec2e3c010038984a3a166ea9fbc264/execute/async - {"script":"<script> [776 bytes]","args":[{"enterText":"ZL01","selector":{"controlType":"sap.m.Input","viewName":"etm.portal.ui.manageyards.view.New","viewId":"application-manageyards-display-component---NewYard","bindingPath":{"path":"","propertyPath":"/DELIVERY_TYPE","modelName":"NewYardModel"},"interaction":{"idSuffix":"inner"}},"clearTextFirst":true,"interactionType":"ENTER_TEXT"}]}
RESULT: {"script":"<script> [776 bytes]","args":[{"enterText":"ZL01","selector":{"controlType":"sap.m.Input","viewName":"etm.portal.ui.manageyards.view.New","viewId":"application-manageyards-display-component---NewYard","bindingPath":{"path":"","propertyPath":"/DELIVERY_TYPE","modelName":"NewYardModel"},"interaction":{"idSuffix":"inner"}},"clearTextFirst":true,"interactionType":"ENTER_TEXT"}]}
COMMAND: POST /session/2dec2e3c010038984a3a166ea9fbc264/execute/async - {"script":"<script> [1562 bytes]","args":[{"selector":{"controlType":"sap.m.Input","viewName":"etm.portal.ui.manageyards.view.New","viewId":"application-manageyards-display-component---NewYard","bindingPath":{"path":"","propertyPath":"/AUART","modelName":"NewYardModel"},"interaction":{"idSuffix":"inner"}},"wdio_ui5_key":"etmportal.ui.manageyards.view.Newsap.m.Input{\"path\":\"\",\"propertyPath\":\"/AUART\",\"modelName\":\"NewYardModel\"}"}]}
RESULT: {"script":"<script> [1562 bytes]","args":[{"selector":{"controlType":"sap.m.Input","viewName":"etm.portal.ui.manageyards.view.New","viewId":"application-manageyards-display-component---NewYard","bindingPath":{"path":"","propertyPath":"/AUART","modelName":"NewYardModel"},"interaction":{"idSuffix":"inner"}},"wdio_ui5_key":"etmportal.ui.manageyards.view.Newsap.m.Input{\"path\":\"\",\"propertyPath\":\"/AUART\",\"modelName\":\"NewYardModel\"}"}]}
RESULT: undefined
COMMAND: POST /session/2dec2e3c010038984a3a166ea9fbc264/execute/async - {"script":"<script> [776 bytes]","args":[{"enterText":"TA","selector":{"controlType":"sap.m.Input","viewName":"etm.portal.ui.manageyards.view.New","viewId":"application-manageyards-display-component---NewYard","bindingPath":{"path":"","propertyPath":"/AUART","modelName":"NewYardModel"},"interaction":{"idSuffix":"inner"}},"clearTextFirst":true,"interactionType":"ENTER_TEXT"}]}
RESULT: {"script":"<script> [776 bytes]","args":[{"enterText":"TA","selector":{"controlType":"sap.m.Input","viewName":"etm.portal.ui.manageyards.view.New","viewId":"application-manageyards-display-component---NewYard","bindingPath":{"path":"","propertyPath":"/AUART","modelName":"NewYardModel"},"interaction":{"idSuffix":"inner"}},"clearTextFirst":true,"interactionType":"ENTER_TEXT"}]}
COMMAND: POST /session/2dec2e3c010038984a3a166ea9fbc264/element - {"using":"xpath","value":"//button[@data-kt=\"newYardSaveButton\"]"}
RESULT: {"using":"xpath","value":"//button[@data-kt=\"newYardSaveButton\"]"}
COMMAND: POST /session/2dec2e3c010038984a3a166ea9fbc264/element/f.D0EFFAE4382B1008F4D483A8F066EB66.d.7A1CDA8566878B8E04A2B0613D1AE43C.e.701/click - {}
RESULT: {}
COMMAND: GET /session/2dec2e3c010038984a3a166ea9fbc264/screenshot - {}
RESULT: {}
COMMAND: POST /session/2dec2e3c010038984a3a166ea9fbc264/element - {"using":"xpath","value":"//header[contains(@id, 'ObjectPageLayout-headerTitle')]/div[1]/div[2]/div[1]/span[1]"}
RESULT: {"using":"xpath","value":"//header[contains(@id, 'ObjectPageLayout-headerTitle')]/div[1]/div[2]/div[1]/span[1]"}
COMMAND: POST /session/2dec2e3c010038984a3a166ea9fbc264/elements - {"using":"xpath","value":"//header[contains(@id, 'ObjectPageLayout-headerTitle')]/div[1]/div[2]/div[1]/span[1]"}
RESULT: {"using":"xpath","value":"//header[contains(@id, 'ObjectPageLayout-headerTitle')]/div[1]/div[2]/div[1]/span[1]"}
COMMAND: POST /session/2dec2e3c010038984a3a166ea9fbc264/execute/sync - {"script":"<script> [56 bytes]","args":[{"element-6066-11e4-a52e-4f735466cecf":"f.D0EFFAE4382B1008F4D483A8F066EB66.d.7A1CDA8566878B8E04A2B0613D1AE43C.e.1009","ELEMENT":"f.D0EFFAE4382B1008F4D483A8F066EB66.d.7A1CDA8566878B8E04A2B0613D1AE43C.e.1009"}]}
RESULT: {"script":"<script> [56 bytes]","args":[{"element-6066-11e4-a52e-4f735466cecf":"f.D0EFFAE4382B1008F4D483A8F066EB66.d.7A1CDA8566878B8E04A2B0613D1AE43C.e.1009","ELEMENT":"f.D0EFFAE4382B1008F4D483A8F066EB66.d.7A1CDA8566878B8E04A2B0613D1AE43C.e.1009"}]}
COMMAND: GET /session/2dec2e3c010038984a3a166ea9fbc264/screenshot - {}
RESULT: {}
COMMAND: POST /session/2dec2e3c010038984a3a166ea9fbc264/element - {"using":"css selector","value":"#shell-header-logo"}
RESULT: {"using":"css selector","value":"#shell-header-logo"}
COMMAND: POST /session/2dec2e3c010038984a3a166ea9fbc264/element/f.D0EFFAE4382B1008F4D483A8F066EB66.d.7A1CDA8566878B8E04A2B0613D1AE43C.e.264/click - {}
RESULT: {}
COMMAND: GET /session/2dec2e3c010038984a3a166ea9fbc264/screenshot - {}
RESULT: {}
COMMAND: POST /session/2dec2e3c010038984a3a166ea9fbc264/execute/sync - {"script":"<script> [299 bytes]","args":[["getModel","getResource"]]}
RESULT: {"script":"<script> [299 bytes]","args":[["getModel","getResource"]]}
]]></system-out>
    </testcase>
    <testcase classname="chrome.136_0_7103_93.windows.Prerequisites_&amp;_test_for_yard_mass_return_on_Yard_Overview_US131057" name="Prereq Should create a new partner" time="149.317">
      <system-out><![CDATA[
COMMAND: GET /session/2dec2e3c010038984a3a166ea9fbc264/screenshot - {}
COMMAND: POST /session/2dec2e3c010038984a3a166ea9fbc264/window/fullscreen - {}
RESULT: {}
COMMAND: POST /session/2dec2e3c010038984a3a166ea9fbc264/execute/async - {"script":"<script> [1562 bytes]","args":[{"selector":{"controlType":"sap.m.GenericTile","properties":{"header":"Manage Partners"}},"wdio_ui5_key":"sapm.GenericTile{\"header\":\"Manage Partners\"}"}]}
RESULT: {}
RESULT: {"script":"<script> [1562 bytes]","args":[{"selector":{"controlType":"sap.m.GenericTile","properties":{"header":"Manage Partners"}},"wdio_ui5_key":"sapm.GenericTile{\"header\":\"Manage Partners\"}"}]}
RESULT: undefined
COMMAND: POST /session/2dec2e3c010038984a3a166ea9fbc264/element - {"using":"xpath","value":"//*[@id=\"__tile38\"]"}
RESULT: {"using":"xpath","value":"//*[@id=\"__tile38\"]"}
COMMAND: POST /session/2dec2e3c010038984a3a166ea9fbc264/element/f.D0EFFAE4382B1008F4D483A8F066EB66.d.7A1CDA8566878B8E04A2B0613D1AE43C.e.149/click - {}
RESULT: {}
COMMAND: GET /session/2dec2e3c010038984a3a166ea9fbc264/screenshot - {}
RESULT: {}
COMMAND: POST /session/2dec2e3c010038984a3a166ea9fbc264/elements - {"using":"xpath","value":"//span[text()='Error']"}
RESULT: {"using":"xpath","value":"//span[text()='Error']"}
COMMAND: POST /session/2dec2e3c010038984a3a166ea9fbc264/element - {"using":"xpath","value":"//button[@data-kt=\"addButton\"]"}
RESULT: {"using":"xpath","value":"//button[@data-kt=\"addButton\"]"}
COMMAND: POST /session/2dec2e3c010038984a3a166ea9fbc264/elements - {"using":"xpath","value":"//button[@data-kt=\"addButton\"]"}
RESULT: {"using":"xpath","value":"//button[@data-kt=\"addButton\"]"}
COMMAND: POST /session/2dec2e3c010038984a3a166ea9fbc264/elements - {"using":"xpath","value":"//button[@data-kt=\"addButton\"]"}
RESULT: {"using":"xpath","value":"//button[@data-kt=\"addButton\"]"}
COMMAND: POST /session/2dec2e3c010038984a3a166ea9fbc264/elements - {"using":"xpath","value":"//button[@data-kt=\"addButton\"]"}
RESULT: {"using":"xpath","value":"//button[@data-kt=\"addButton\"]"}
COMMAND: POST /session/2dec2e3c010038984a3a166ea9fbc264/elements - {"using":"xpath","value":"//button[@data-kt=\"addButton\"]"}
RESULT: {"using":"xpath","value":"//button[@data-kt=\"addButton\"]"}
COMMAND: POST /session/2dec2e3c010038984a3a166ea9fbc264/elements - {"using":"xpath","value":"//button[@data-kt=\"addButton\"]"}
RESULT: {"using":"xpath","value":"//button[@data-kt=\"addButton\"]"}
COMMAND: POST /session/2dec2e3c010038984a3a166ea9fbc264/element - {"using":"xpath","value":"//button[@data-kt=\"addButton\"]"}
RESULT: {"using":"xpath","value":"//button[@data-kt=\"addButton\"]"}
COMMAND: POST /session/2dec2e3c010038984a3a166ea9fbc264/execute/sync - {"script":"<script> [8489 bytes]","args":[{"element-6066-11e4-a52e-4f735466cecf":"f.D0EFFAE4382B1008F4D483A8F066EB66.d.7A1CDA8566878B8E04A2B0613D1AE43C.e.1059","ELEMENT":"f.D0EFFAE4382B1008F4D483A8F066EB66.d.7A1CDA8566878B8E04A2B0613D1AE43C.e.1059"}]}
RESULT: {"script":"<script> [8489 bytes]","args":[{"element-6066-11e4-a52e-4f735466cecf":"f.D0EFFAE4382B1008F4D483A8F066EB66.d.7A1CDA8566878B8E04A2B0613D1AE43C.e.1059","ELEMENT":"f.D0EFFAE4382B1008F4D483A8F066EB66.d.7A1CDA8566878B8E04A2B0613D1AE43C.e.1059"}]}
COMMAND: GET /session/2dec2e3c010038984a3a166ea9fbc264/element/f.D0EFFAE4382B1008F4D483A8F066EB66.d.7A1CDA8566878B8E04A2B0613D1AE43C.e.1059/enabled - {}
COMMAND: GET /session/2dec2e3c010038984a3a166ea9fbc264/screenshot - {}
RESULT: {}
COMMAND: POST /session/2dec2e3c010038984a3a166ea9fbc264/execute/sync - {"script":"<script> [8489 bytes]","args":[{"element-6066-11e4-a52e-4f735466cecf":"f.D0EFFAE4382B1008F4D483A8F066EB66.d.7A1CDA8566878B8E04A2B0613D1AE43C.e.1059","ELEMENT":"f.D0EFFAE4382B1008F4D483A8F066EB66.d.7A1CDA8566878B8E04A2B0613D1AE43C.e.1059"}]}
COMMAND: GET /session/2dec2e3c010038984a3a166ea9fbc264/screenshot - {}
RESULT: {}
RESULT: {"script":"<script> [8489 bytes]","args":[{"element-6066-11e4-a52e-4f735466cecf":"f.D0EFFAE4382B1008F4D483A8F066EB66.d.7A1CDA8566878B8E04A2B0613D1AE43C.e.1059","ELEMENT":"f.D0EFFAE4382B1008F4D483A8F066EB66.d.7A1CDA8566878B8E04A2B0613D1AE43C.e.1059"}]}
COMMAND: POST /session/2dec2e3c010038984a3a166ea9fbc264/execute/sync - {"script":"<script> [5351 bytes]","args":[{"element-6066-11e4-a52e-4f735466cecf":"f.D0EFFAE4382B1008F4D483A8F066EB66.d.7A1CDA8566878B8E04A2B0613D1AE43C.e.1059","ELEMENT":"f.D0EFFAE4382B1008F4D483A8F066EB66.d.7A1CDA8566878B8E04A2B0613D1AE43C.e.1059"}]}
COMMAND: GET /session/2dec2e3c010038984a3a166ea9fbc264/screenshot - {}
RESULT: {}
RESULT: {"script":"<script> [5351 bytes]","args":[{"element-6066-11e4-a52e-4f735466cecf":"f.D0EFFAE4382B1008F4D483A8F066EB66.d.7A1CDA8566878B8E04A2B0613D1AE43C.e.1059","ELEMENT":"f.D0EFFAE4382B1008F4D483A8F066EB66.d.7A1CDA8566878B8E04A2B0613D1AE43C.e.1059"}]}
COMMAND: POST /session/2dec2e3c010038984a3a166ea9fbc264/element/f.D0EFFAE4382B1008F4D483A8F066EB66.d.7A1CDA8566878B8E04A2B0613D1AE43C.e.1059/click - {}
COMMAND: GET /session/2dec2e3c010038984a3a166ea9fbc264/screenshot - {}
RESULT: {}
RESULT: {}
COMMAND: GET /session/2dec2e3c010038984a3a166ea9fbc264/screenshot - {}
COMMAND: POST /session/2dec2e3c010038984a3a166ea9fbc264/execute/async - {"script":"<script> [1562 bytes]","args":[{"selector":{"id":"application-managepartners-display-component---NewPartner--addressDetailDetailsName1","interaction":{"idSuffix":"inner"}},"wdio_ui5_key":"applicationmanagepartners-display-component---NewPartner--addressDetailDetailsName1"}]}
RESULT: {}
RESULT: {}
RESULT: {"script":"<script> [1562 bytes]","args":[{"selector":{"id":"application-managepartners-display-component---NewPartner--addressDetailDetailsName1","interaction":{"idSuffix":"inner"}},"wdio_ui5_key":"applicationmanagepartners-display-component---NewPartner--addressDetailDetailsName1"}]}
RESULT: undefined
COMMAND: POST /session/2dec2e3c010038984a3a166ea9fbc264/execute/async - {"script":"<script> [776 bytes]","args":[{"enterText":"Intracompany Partner WDIO","selector":{"id":"application-managepartners-display-component---NewPartner--addressDetailDetailsName1","interaction":{"idSuffix":"inner"}},"clearTextFirst":true,"interactionType":"ENTER_TEXT"}]}
RESULT: {"script":"<script> [776 bytes]","args":[{"enterText":"Intracompany Partner WDIO","selector":{"id":"application-managepartners-display-component---NewPartner--addressDetailDetailsName1","interaction":{"idSuffix":"inner"}},"clearTextFirst":true,"interactionType":"ENTER_TEXT"}]}
COMMAND: POST /session/2dec2e3c010038984a3a166ea9fbc264/execute/async - {"script":"<script> [1562 bytes]","args":[{"selector":{"id":"application-managepartners-display-component---NewPartner--addressDetailDetailsLanguage-arrow"},"wdio_ui5_key":"applicationmanagepartners-display-component---NewPartner--addressDetailDetailsLanguage-arrow"}]}
RESULT: {"script":"<script> [1562 bytes]","args":[{"selector":{"id":"application-managepartners-display-component---NewPartner--addressDetailDetailsLanguage-arrow"},"wdio_ui5_key":"applicationmanagepartners-display-component---NewPartner--addressDetailDetailsLanguage-arrow"}]}
RESULT: undefined
COMMAND: POST /session/2dec2e3c010038984a3a166ea9fbc264/element - {"using":"xpath","value":"//*[@id=\"application-managepartners-display-component---NewPartner--addressDetailDetailsLanguage-arrow\"]"}
RESULT: {"using":"xpath","value":"//*[@id=\"application-managepartners-display-component---NewPartner--addressDetailDetailsLanguage-arrow\"]"}
COMMAND: POST /session/2dec2e3c010038984a3a166ea9fbc264/element/f.D0EFFAE4382B1008F4D483A8F066EB66.d.7A1CDA8566878B8E04A2B0613D1AE43C.e.1489/click - {}
RESULT: {}
COMMAND: POST /session/2dec2e3c010038984a3a166ea9fbc264/element - {"using":"xpath","value":"//span[contains(text(), \"English\")]"}
COMMAND: GET /session/2dec2e3c010038984a3a166ea9fbc264/screenshot - {}
RESULT: {"using":"xpath","value":"//span[contains(text(), \"English\")]"}
COMMAND: POST /session/2dec2e3c010038984a3a166ea9fbc264/element/f.D0EFFAE4382B1008F4D483A8F066EB66.d.7A1CDA8566878B8E04A2B0613D1AE43C.e.1490/click - {}
RESULT: {}
RESULT: {}
COMMAND: GET /session/2dec2e3c010038984a3a166ea9fbc264/screenshot - {}
RESULT: {}
COMMAND: POST /session/2dec2e3c010038984a3a166ea9fbc264/execute/async - {"script":"<script> [1562 bytes]","args":[{"selector":{"id":"application-managepartners-display-component---NewPartner--addressDetailDetailsCity1","interaction":{"idSuffix":"inner"}},"wdio_ui5_key":"applicationmanagepartners-display-component---NewPartner--addressDetailDetailsCity1"}]}
RESULT: {"script":"<script> [1562 bytes]","args":[{"selector":{"id":"application-managepartners-display-component---NewPartner--addressDetailDetailsCity1","interaction":{"idSuffix":"inner"}},"wdio_ui5_key":"applicationmanagepartners-display-component---NewPartner--addressDetailDetailsCity1"}]}
RESULT: undefined
COMMAND: POST /session/2dec2e3c010038984a3a166ea9fbc264/execute/async - {"script":"<script> [776 bytes]","args":[{"enterText":"Rosario","selector":{"id":"application-managepartners-display-component---NewPartner--addressDetailDetailsCity1","interaction":{"idSuffix":"inner"}},"clearTextFirst":true,"interactionType":"ENTER_TEXT"}]}
RESULT: {"script":"<script> [776 bytes]","args":[{"enterText":"Rosario","selector":{"id":"application-managepartners-display-component---NewPartner--addressDetailDetailsCity1","interaction":{"idSuffix":"inner"}},"clearTextFirst":true,"interactionType":"ENTER_TEXT"}]}
COMMAND: POST /session/2dec2e3c010038984a3a166ea9fbc264/execute/async - {"script":"<script> [1562 bytes]","args":[{"selector":{"id":"application-managepartners-display-component---NewPartner--addressDetailDetailsCountry-arrow"},"wdio_ui5_key":"applicationmanagepartners-display-component---NewPartner--addressDetailDetailsCountry-arrow"}]}
RESULT: {"script":"<script> [1562 bytes]","args":[{"selector":{"id":"application-managepartners-display-component---NewPartner--addressDetailDetailsCountry-arrow"},"wdio_ui5_key":"applicationmanagepartners-display-component---NewPartner--addressDetailDetailsCountry-arrow"}]}
RESULT: undefined
COMMAND: POST /session/2dec2e3c010038984a3a166ea9fbc264/element - {"using":"xpath","value":"//*[@id=\"application-managepartners-display-component---NewPartner--addressDetailDetailsCountry-arrow\"]"}
RESULT: {"using":"xpath","value":"//*[@id=\"application-managepartners-display-component---NewPartner--addressDetailDetailsCountry-arrow\"]"}
COMMAND: POST /session/2dec2e3c010038984a3a166ea9fbc264/element/f.D0EFFAE4382B1008F4D483A8F066EB66.d.7A1CDA8566878B8E04A2B0613D1AE43C.e.1465/click - {}
RESULT: {}
COMMAND: POST /session/2dec2e3c010038984a3a166ea9fbc264/element - {"using":"xpath","value":"//span[contains(text(), \"Argentina\")]"}
COMMAND: GET /session/2dec2e3c010038984a3a166ea9fbc264/screenshot - {}
RESULT: {"using":"xpath","value":"//span[contains(text(), \"Argentina\")]"}
COMMAND: POST /session/2dec2e3c010038984a3a166ea9fbc264/element/f.D0EFFAE4382B1008F4D483A8F066EB66.d.7A1CDA8566878B8E04A2B0613D1AE43C.e.1492/click - {}
RESULT: {}
RESULT: {}
COMMAND: GET /session/2dec2e3c010038984a3a166ea9fbc264/screenshot - {}
RESULT: {}
COMMAND: POST /session/2dec2e3c010038984a3a166ea9fbc264/element - {"using":"xpath","value":"//bdi[contains(text(), \"Commercial\")]"}
RESULT: {"using":"xpath","value":"//bdi[contains(text(), \"Commercial\")]"}
COMMAND: POST /session/2dec2e3c010038984a3a166ea9fbc264/element/f.D0EFFAE4382B1008F4D483A8F066EB66.d.7A1CDA8566878B8E04A2B0613D1AE43C.e.1493/click - {}
RESULT: {}
COMMAND: GET /session/2dec2e3c010038984a3a166ea9fbc264/screenshot - {}
RESULT: {}
COMMAND: POST /session/2dec2e3c010038984a3a166ea9fbc264/execute/async - {"script":"<script> [1562 bytes]","args":[{"selector":{"id":"application-managepartners-display-component---NewPartner--partnerDetailInternal-arrow"},"wdio_ui5_key":"applicationmanagepartners-display-component---NewPartner--partnerDetailInternal-arrow"}]}
RESULT: {"script":"<script> [1562 bytes]","args":[{"selector":{"id":"application-managepartners-display-component---NewPartner--partnerDetailInternal-arrow"},"wdio_ui5_key":"applicationmanagepartners-display-component---NewPartner--partnerDetailInternal-arrow"}]}
RESULT: undefined
COMMAND: POST /session/2dec2e3c010038984a3a166ea9fbc264/element - {"using":"xpath","value":"//*[@id=\"application-managepartners-display-component---NewPartner--partnerDetailInternal-arrow\"]"}
RESULT: {"using":"xpath","value":"//*[@id=\"application-managepartners-display-component---NewPartner--partnerDetailInternal-arrow\"]"}
COMMAND: POST /session/2dec2e3c010038984a3a166ea9fbc264/element/f.D0EFFAE4382B1008F4D483A8F066EB66.d.7A1CDA8566878B8E04A2B0613D1AE43C.e.1501/click - {}
RESULT: {}
COMMAND: POST /session/2dec2e3c010038984a3a166ea9fbc264/element - {"using":"xpath","value":"//span[contains(text(), \"Affiliated company\")]"}
COMMAND: GET /session/2dec2e3c010038984a3a166ea9fbc264/screenshot - {}
RESULT: {"using":"xpath","value":"//span[contains(text(), \"Affiliated company\")]"}
COMMAND: POST /session/2dec2e3c010038984a3a166ea9fbc264/element/f.D0EFFAE4382B1008F4D483A8F066EB66.d.7A1CDA8566878B8E04A2B0613D1AE43C.e.1502/click - {}
RESULT: {}
RESULT: {}
COMMAND: POST /session/2dec2e3c010038984a3a166ea9fbc264/execute/async - {"script":"<script> [1562 bytes]","args":[{"selector":{"id":"application-managepartners-display-component---NewPartner--partnerDetailsCurrency-arrow"},"wdio_ui5_key":"applicationmanagepartners-display-component---NewPartner--partnerDetailsCurrency-arrow"}]}
COMMAND: GET /session/2dec2e3c010038984a3a166ea9fbc264/screenshot - {}
RESULT: {"script":"<script> [1562 bytes]","args":[{"selector":{"id":"application-managepartners-display-component---NewPartner--partnerDetailsCurrency-arrow"},"wdio_ui5_key":"applicationmanagepartners-display-component---NewPartner--partnerDetailsCurrency-arrow"}]}
RESULT: undefined
COMMAND: POST /session/2dec2e3c010038984a3a166ea9fbc264/element - {"using":"xpath","value":"//*[@id=\"application-managepartners-display-component---NewPartner--partnerDetailsCurrency-arrow\"]"}
RESULT: {}
RESULT: {"using":"xpath","value":"//*[@id=\"application-managepartners-display-component---NewPartner--partnerDetailsCurrency-arrow\"]"}
COMMAND: POST /session/2dec2e3c010038984a3a166ea9fbc264/element/f.D0EFFAE4382B1008F4D483A8F066EB66.d.7A1CDA8566878B8E04A2B0613D1AE43C.e.1509/click - {}
RESULT: {}
COMMAND: POST /session/2dec2e3c010038984a3a166ea9fbc264/element - {"using":"xpath","value":"//span[contains(text(), \"Euro\")]"}
COMMAND: GET /session/2dec2e3c010038984a3a166ea9fbc264/screenshot - {}
RESULT: {"using":"xpath","value":"//span[contains(text(), \"Euro\")]"}
COMMAND: POST /session/2dec2e3c010038984a3a166ea9fbc264/element/f.D0EFFAE4382B1008F4D483A8F066EB66.d.7A1CDA8566878B8E04A2B0613D1AE43C.e.1510/click - {}
RESULT: {}
RESULT: {}
COMMAND: POST /session/2dec2e3c010038984a3a166ea9fbc264/execute/async - {"script":"<script> [1562 bytes]","args":[{"selector":{"id":"application-managepartners-display-component---NewPartner--addressEditDetailsCostObjectCstType-arrow"},"wdio_ui5_key":"applicationmanagepartners-display-component---NewPartner--addressEditDetailsCostObjectCstType-arrow"}]}
COMMAND: GET /session/2dec2e3c010038984a3a166ea9fbc264/screenshot - {}
RESULT: {"script":"<script> [1562 bytes]","args":[{"selector":{"id":"application-managepartners-display-component---NewPartner--addressEditDetailsCostObjectCstType-arrow"},"wdio_ui5_key":"applicationmanagepartners-display-component---NewPartner--addressEditDetailsCostObjectCstType-arrow"}]}
RESULT: undefined
COMMAND: POST /session/2dec2e3c010038984a3a166ea9fbc264/element - {"using":"xpath","value":"//*[@id=\"application-managepartners-display-component---NewPartner--addressEditDetailsCostObjectCstType-arrow\"]"}
RESULT: {}
RESULT: {"using":"xpath","value":"//*[@id=\"application-managepartners-display-component---NewPartner--addressEditDetailsCostObjectCstType-arrow\"]"}
COMMAND: POST /session/2dec2e3c010038984a3a166ea9fbc264/element/f.D0EFFAE4382B1008F4D483A8F066EB66.d.7A1CDA8566878B8E04A2B0613D1AE43C.e.1511/click - {}
RESULT: {}
COMMAND: POST /session/2dec2e3c010038984a3a166ea9fbc264/element - {"using":"xpath","value":"//span[contains(text(), \"Cost Center\")]"}
COMMAND: GET /session/2dec2e3c010038984a3a166ea9fbc264/screenshot - {}
RESULT: {"using":"xpath","value":"//span[contains(text(), \"Cost Center\")]"}
COMMAND: POST /session/2dec2e3c010038984a3a166ea9fbc264/element/f.D0EFFAE4382B1008F4D483A8F066EB66.d.7A1CDA8566878B8E04A2B0613D1AE43C.e.1512/click - {}
RESULT: {}
RESULT: {}
COMMAND: GET /session/2dec2e3c010038984a3a166ea9fbc264/screenshot - {}
RESULT: {}
COMMAND: POST /session/2dec2e3c010038984a3a166ea9fbc264/element - {"using":"xpath","value":"//span[@id=\"application-managepartners-display-component---NewPartner--addressNewCostObjectCstID-vhi\"]"}
RESULT: {"using":"xpath","value":"//span[@id=\"application-managepartners-display-component---NewPartner--addressNewCostObjectCstID-vhi\"]"}
COMMAND: POST /session/2dec2e3c010038984a3a166ea9fbc264/execute/sync - {"script":"<script> [8489 bytes]","args":[{"element-6066-11e4-a52e-4f735466cecf":"f.D0EFFAE4382B1008F4D483A8F066EB66.d.7A1CDA8566878B8E04A2B0613D1AE43C.e.1516","ELEMENT":"f.D0EFFAE4382B1008F4D483A8F066EB66.d.7A1CDA8566878B8E04A2B0613D1AE43C.e.1516"}]}
RESULT: {"script":"<script> [8489 bytes]","args":[{"element-6066-11e4-a52e-4f735466cecf":"f.D0EFFAE4382B1008F4D483A8F066EB66.d.7A1CDA8566878B8E04A2B0613D1AE43C.e.1516","ELEMENT":"f.D0EFFAE4382B1008F4D483A8F066EB66.d.7A1CDA8566878B8E04A2B0613D1AE43C.e.1516"}]}
COMMAND: POST /session/2dec2e3c010038984a3a166ea9fbc264/execute/async - {"script":"<script> [1562 bytes]","args":[{"selector":{"id":"application-managepartners-display-component---NewPartner--addressNewCostObjectCstID-vhi"},"wdio_ui5_key":"applicationmanagepartners-display-component---NewPartner--addressNewCostObjectCstID-vhi"}]}
COMMAND: GET /session/2dec2e3c010038984a3a166ea9fbc264/screenshot - {}
RESULT: {"script":"<script> [1562 bytes]","args":[{"selector":{"id":"application-managepartners-display-component---NewPartner--addressNewCostObjectCstID-vhi"},"wdio_ui5_key":"applicationmanagepartners-display-component---NewPartner--addressNewCostObjectCstID-vhi"}]}
RESULT: undefined
COMMAND: POST /session/2dec2e3c010038984a3a166ea9fbc264/element - {"using":"xpath","value":"//*[@id=\"application-managepartners-display-component---NewPartner--addressNewCostObjectCstID-vhi\"]"}
RESULT: {}
RESULT: {"using":"xpath","value":"//*[@id=\"application-managepartners-display-component---NewPartner--addressNewCostObjectCstID-vhi\"]"}
COMMAND: POST /session/2dec2e3c010038984a3a166ea9fbc264/element/f.D0EFFAE4382B1008F4D483A8F066EB66.d.7A1CDA8566878B8E04A2B0613D1AE43C.e.1516/click - {}
RESULT: {}
COMMAND: GET /session/2dec2e3c010038984a3a166ea9fbc264/screenshot - {}
RESULT: {}
RESULT: undefined
COMMAND: POST /session/2dec2e3c010038984a3a166ea9fbc264/execute/async - {"script":"<script> [776 bytes]","args":[{"enterText":"10001013","selector":{"controlType":"sap.m.SearchField","properties":{"placeholder":"Search"},"searchOpenDialogs":true,"interaction":{"idSuffix":"I"}},"clearTextFirst":true,"interactionType":"ENTER_TEXT"}]}
RESULT: {"script":"<script> [776 bytes]","args":[{"enterText":"10001013","selector":{"controlType":"sap.m.SearchField","properties":{"placeholder":"Search"},"searchOpenDialogs":true,"interaction":{"idSuffix":"I"}},"clearTextFirst":true,"interactionType":"ENTER_TEXT"}]}
COMMAND: POST /session/2dec2e3c010038984a3a166ea9fbc264/actions - {"actions":[{"id":"action2","type":"key","parameters":{},"actions":[{"type":"keyDown","value":""},{"type":"pause","duration":10},{"type":"keyUp","value":""}]}]}
RESULT: {"actions":[{"id":"action2","type":"key","parameters":{},"actions":[{"type":"keyDown","value":""},{"type":"pause","duration":10},{"type":"keyUp","value":""}]}]}
COMMAND: GET /session/2dec2e3c010038984a3a166ea9fbc264/screenshot - {}
RESULT: {}
COMMAND: POST /session/2dec2e3c010038984a3a166ea9fbc264/element - {"using":"xpath","value":"//span[contains(text(), \"General Management\")]"}
RESULT: {"using":"xpath","value":"//span[contains(text(), \"General Management\")]"}
COMMAND: POST /session/2dec2e3c010038984a3a166ea9fbc264/element/f.D0EFFAE4382B1008F4D483A8F066EB66.d.7A1CDA8566878B8E04A2B0613D1AE43C.e.1555/click - {}
RESULT: {}
COMMAND: GET /session/2dec2e3c010038984a3a166ea9fbc264/screenshot - {}
RESULT: {}
COMMAND: POST /session/2dec2e3c010038984a3a166ea9fbc264/element - {"using":"xpath","value":"//bdi[contains(text(), \"OK\")]"}
RESULT: {"using":"xpath","value":"//bdi[contains(text(), \"OK\")]"}
COMMAND: POST /session/2dec2e3c010038984a3a166ea9fbc264/element/f.D0EFFAE4382B1008F4D483A8F066EB66.d.7A1CDA8566878B8E04A2B0613D1AE43C.e.1556/click - {}
RESULT: {}
COMMAND: GET /session/2dec2e3c010038984a3a166ea9fbc264/screenshot - {}
RESULT: {}
COMMAND: POST /session/2dec2e3c010038984a3a166ea9fbc264/element - {"using":"xpath","value":"//input[@id=\"application-managepartners-display-component---NewPartner--companyCodeComboBox-inner\"]"}
RESULT: {"using":"xpath","value":"//input[@id=\"application-managepartners-display-component---NewPartner--companyCodeComboBox-inner\"]"}
COMMAND: POST /session/2dec2e3c010038984a3a166ea9fbc264/element/f.D0EFFAE4382B1008F4D483A8F066EB66.d.7A1CDA8566878B8E04A2B0613D1AE43C.e.1403/clear - {}
RESULT: {}
COMMAND: POST /session/2dec2e3c010038984a3a166ea9fbc264/element/f.D0EFFAE4382B1008F4D483A8F066EB66.d.7A1CDA8566878B8E04A2B0613D1AE43C.e.1403/value - {"text":"1000"}
COMMAND: GET /session/2dec2e3c010038984a3a166ea9fbc264/screenshot - {}
RESULT: {"text":"1000"}
COMMAND: GET /session/2dec2e3c010038984a3a166ea9fbc264/screenshot - {}
RESULT: {}
RESULT: {}
COMMAND: POST /session/2dec2e3c010038984a3a166ea9fbc264/element - {"using":"xpath","value":"//li[.//span[text()= \"1000\"]]"}
RESULT: {"using":"xpath","value":"//li[.//span[text()= \"1000\"]]"}
COMMAND: POST /session/2dec2e3c010038984a3a166ea9fbc264/element/f.D0EFFAE4382B1008F4D483A8F066EB66.d.7A1CDA8566878B8E04A2B0613D1AE43C.e.1562/click - {}
RESULT: {}
COMMAND: GET /session/2dec2e3c010038984a3a166ea9fbc264/screenshot - {}
RESULT: {}
COMMAND: POST /session/2dec2e3c010038984a3a166ea9fbc264/execute/async - {"script":"<script> [1562 bytes]","args":[{"selector":{"id":"application-managepartners-display-component---NewPartner--btnAddTableRow-img"},"wdio_ui5_key":"applicationmanagepartners-display-component---NewPartner--btnAddTableRow-img"}]}
RESULT: {"script":"<script> [1562 bytes]","args":[{"selector":{"id":"application-managepartners-display-component---NewPartner--btnAddTableRow-img"},"wdio_ui5_key":"applicationmanagepartners-display-component---NewPartner--btnAddTableRow-img"}]}
RESULT: undefined
COMMAND: POST /session/2dec2e3c010038984a3a166ea9fbc264/element - {"using":"xpath","value":"//*[@id=\"application-managepartners-display-component---NewPartner--btnAddTableRow-img\"]"}
RESULT: {"using":"xpath","value":"//*[@id=\"application-managepartners-display-component---NewPartner--btnAddTableRow-img\"]"}
COMMAND: POST /session/2dec2e3c010038984a3a166ea9fbc264/element/f.D0EFFAE4382B1008F4D483A8F066EB66.d.7A1CDA8566878B8E04A2B0613D1AE43C.e.1563/click - {}
RESULT: {}
COMMAND: GET /session/2dec2e3c010038984a3a166ea9fbc264/screenshot - {}
RESULT: {}
COMMAND: POST /session/2dec2e3c010038984a3a166ea9fbc264/element - {"using":"xpath","value":"//input[@id=\"application-managepartners-display-component---NewPartner--assignmentYard-application-managepartners-display-component---NewPartner--assignmentsTable-0-inner\"]"}
RESULT: {"using":"xpath","value":"//input[@id=\"application-managepartners-display-component---NewPartner--assignmentYard-application-managepartners-display-component---NewPartner--assignmentsTable-0-inner\"]"}
COMMAND: POST /session/2dec2e3c010038984a3a166ea9fbc264/element/f.D0EFFAE4382B1008F4D483A8F066EB66.d.7A1CDA8566878B8E04A2B0613D1AE43C.e.1566/clear - {}
RESULT: {}
COMMAND: POST /session/2dec2e3c010038984a3a166ea9fbc264/element/f.D0EFFAE4382B1008F4D483A8F066EB66.d.7A1CDA8566878B8E04A2B0613D1AE43C.e.1566/value - {"text":"550"}
COMMAND: GET /session/2dec2e3c010038984a3a166ea9fbc264/screenshot - {}
RESULT: {"text":"550"}
COMMAND: GET /session/2dec2e3c010038984a3a166ea9fbc264/screenshot - {}
RESULT: {}
RESULT: {}
COMMAND: POST /session/2dec2e3c010038984a3a166ea9fbc264/element - {"using":"xpath","value":"//li[.//span[text()='550']]"}
RESULT: {"using":"xpath","value":"//li[.//span[text()='550']]"}
COMMAND: POST /session/2dec2e3c010038984a3a166ea9fbc264/element/f.D0EFFAE4382B1008F4D483A8F066EB66.d.7A1CDA8566878B8E04A2B0613D1AE43C.e.1575/click - {}
RESULT: {}
COMMAND: GET /session/2dec2e3c010038984a3a166ea9fbc264/screenshot - {}
RESULT: {}
COMMAND: POST /session/2dec2e3c010038984a3a166ea9fbc264/actions - {"actions":[{"id":"action3","type":"key","parameters":{},"actions":[{"type":"keyDown","value":""},{"type":"pause","duration":10},{"type":"keyUp","value":""}]}]}
RESULT: {"actions":[{"id":"action3","type":"key","parameters":{},"actions":[{"type":"keyDown","value":""},{"type":"pause","duration":10},{"type":"keyUp","value":""}]}]}
COMMAND: POST /session/2dec2e3c010038984a3a166ea9fbc264/execute/async - {"script":"<script> [1562 bytes]","args":[{"selector":{"id":"application-managepartners-display-component---NewPartner--externalCustomerComboBox-application-managepartners-display-component---NewPartner--assignmentsTable-0-vhi"},"wdio_ui5_key":"applicationmanagepartners-display-component---NewPartner--externalCustomerComboBox-application-managepartners-display-component---NewPartner--assignmentsTable-0-vhi"}]}
COMMAND: GET /session/2dec2e3c010038984a3a166ea9fbc264/screenshot - {}
RESULT: {"script":"<script> [1562 bytes]","args":[{"selector":{"id":"application-managepartners-display-component---NewPartner--externalCustomerComboBox-application-managepartners-display-component---NewPartner--assignmentsTable-0-vhi"},"wdio_ui5_key":"applicationmanagepartners-display-component---NewPartner--externalCustomerComboBox-application-managepartners-display-component---NewPartner--assignmentsTable-0-vhi"}]}
RESULT: undefined
COMMAND: POST /session/2dec2e3c010038984a3a166ea9fbc264/element - {"using":"xpath","value":"//*[@id=\"application-managepartners-display-component---NewPartner--externalCustomerComboBox-application-managepartners-display-component---NewPartner--assignmentsTable-0-vhi\"]"}
RESULT: {}
RESULT: {"using":"xpath","value":"//*[@id=\"application-managepartners-display-component---NewPartner--externalCustomerComboBox-application-managepartners-display-component---NewPartner--assignmentsTable-0-vhi\"]"}
COMMAND: POST /session/2dec2e3c010038984a3a166ea9fbc264/element/f.D0EFFAE4382B1008F4D483A8F066EB66.d.7A1CDA8566878B8E04A2B0613D1AE43C.e.1579/click - {}
RESULT: {}
RESULT: undefined
COMMAND: POST /session/2dec2e3c010038984a3a166ea9fbc264/execute/async - {"script":"<script> [776 bytes]","args":[{"enterText":"300003","selector":{"controlType":"sap.m.SearchField","properties":{"placeholder":"Search"},"searchOpenDialogs":true,"interaction":{"idSuffix":"I"}},"clearTextFirst":true,"interactionType":"ENTER_TEXT"}]}
COMMAND: GET /session/2dec2e3c010038984a3a166ea9fbc264/screenshot - {}
RESULT: {}
RESULT: {"script":"<script> [776 bytes]","args":[{"enterText":"300003","selector":{"controlType":"sap.m.SearchField","properties":{"placeholder":"Search"},"searchOpenDialogs":true,"interaction":{"idSuffix":"I"}},"clearTextFirst":true,"interactionType":"ENTER_TEXT"}]}
COMMAND: POST /session/2dec2e3c010038984a3a166ea9fbc264/actions - {"actions":[{"id":"action4","type":"key","parameters":{},"actions":[{"type":"keyDown","value":""},{"type":"pause","duration":10},{"type":"keyUp","value":""}]}]}
RESULT: {"actions":[{"id":"action4","type":"key","parameters":{},"actions":[{"type":"keyDown","value":""},{"type":"pause","duration":10},{"type":"keyUp","value":""}]}]}
COMMAND: GET /session/2dec2e3c010038984a3a166ea9fbc264/screenshot - {}
RESULT: {}
COMMAND: POST /session/2dec2e3c010038984a3a166ea9fbc264/element - {"using":"xpath","value":"//span[contains(text(), \"300003\")]"}
RESULT: {"using":"xpath","value":"//span[contains(text(), \"300003\")]"}
COMMAND: POST /session/2dec2e3c010038984a3a166ea9fbc264/element/f.D0EFFAE4382B1008F4D483A8F066EB66.d.7A1CDA8566878B8E04A2B0613D1AE43C.e.1599/click - {}
RESULT: {}
COMMAND: GET /session/2dec2e3c010038984a3a166ea9fbc264/screenshot - {}
RESULT: {}
COMMAND: POST /session/2dec2e3c010038984a3a166ea9fbc264/element - {"using":"xpath","value":"//bdi[contains(text(), \"OK\")]"}
RESULT: {"using":"xpath","value":"//bdi[contains(text(), \"OK\")]"}
COMMAND: POST /session/2dec2e3c010038984a3a166ea9fbc264/element/f.D0EFFAE4382B1008F4D483A8F066EB66.d.7A1CDA8566878B8E04A2B0613D1AE43C.e.1601/click - {}
RESULT: {}
COMMAND: GET /session/2dec2e3c010038984a3a166ea9fbc264/screenshot - {}
RESULT: {}
COMMAND: POST /session/2dec2e3c010038984a3a166ea9fbc264/execute/async - {"script":"<script> [1562 bytes]","args":[{"selector":{"id":"application-managepartners-display-component---NewPartner--intercompVendorComboBox-application-managepartners-display-component---NewPartner--assignmentsTable-0-vhi"},"wdio_ui5_key":"applicationmanagepartners-display-component---NewPartner--intercompVendorComboBox-application-managepartners-display-component---NewPartner--assignmentsTable-0-vhi"}]}
RESULT: {"script":"<script> [1562 bytes]","args":[{"selector":{"id":"application-managepartners-display-component---NewPartner--intercompVendorComboBox-application-managepartners-display-component---NewPartner--assignmentsTable-0-vhi"},"wdio_ui5_key":"applicationmanagepartners-display-component---NewPartner--intercompVendorComboBox-application-managepartners-display-component---NewPartner--assignmentsTable-0-vhi"}]}
RESULT: undefined
COMMAND: POST /session/2dec2e3c010038984a3a166ea9fbc264/element - {"using":"xpath","value":"//*[@id=\"application-managepartners-display-component---NewPartner--intercompVendorComboBox-application-managepartners-display-component---NewPartner--assignmentsTable-0-vhi\"]"}
RESULT: {"using":"xpath","value":"//*[@id=\"application-managepartners-display-component---NewPartner--intercompVendorComboBox-application-managepartners-display-component---NewPartner--assignmentsTable-0-vhi\"]"}
COMMAND: POST /session/2dec2e3c010038984a3a166ea9fbc264/element/f.D0EFFAE4382B1008F4D483A8F066EB66.d.7A1CDA8566878B8E04A2B0613D1AE43C.e.1604/click - {}
RESULT: {}
RESULT: undefined
COMMAND: POST /session/2dec2e3c010038984a3a166ea9fbc264/execute/async - {"script":"<script> [776 bytes]","args":[{"enterText":"100005","selector":{"controlType":"sap.m.SearchField","properties":{"placeholder":"Search"},"searchOpenDialogs":true,"interaction":{"idSuffix":"I"}},"clearTextFirst":true,"interactionType":"ENTER_TEXT"}]}
COMMAND: GET /session/2dec2e3c010038984a3a166ea9fbc264/screenshot - {}
RESULT: {"script":"<script> [776 bytes]","args":[{"enterText":"100005","selector":{"controlType":"sap.m.SearchField","properties":{"placeholder":"Search"},"searchOpenDialogs":true,"interaction":{"idSuffix":"I"}},"clearTextFirst":true,"interactionType":"ENTER_TEXT"}]}
COMMAND: POST /session/2dec2e3c010038984a3a166ea9fbc264/actions - {"actions":[{"id":"action5","type":"key","parameters":{},"actions":[{"type":"keyDown","value":""},{"type":"pause","duration":10},{"type":"keyUp","value":""}]}]}
RESULT: {}
RESULT: {"actions":[{"id":"action5","type":"key","parameters":{},"actions":[{"type":"keyDown","value":""},{"type":"pause","duration":10},{"type":"keyUp","value":""}]}]}
COMMAND: GET /session/2dec2e3c010038984a3a166ea9fbc264/screenshot - {}
RESULT: {}
COMMAND: POST /session/2dec2e3c010038984a3a166ea9fbc264/element - {"using":"xpath","value":"//span[contains(text(), \"Penguins - Field/12345 Berlin\")]"}
RESULT: {"using":"xpath","value":"//span[contains(text(), \"Penguins - Field/12345 Berlin\")]"}
COMMAND: POST /session/2dec2e3c010038984a3a166ea9fbc264/element/f.D0EFFAE4382B1008F4D483A8F066EB66.d.7A1CDA8566878B8E04A2B0613D1AE43C.e.1622/click - {}
RESULT: {}
COMMAND: GET /session/2dec2e3c010038984a3a166ea9fbc264/screenshot - {}
RESULT: {}
COMMAND: POST /session/2dec2e3c010038984a3a166ea9fbc264/element - {"using":"xpath","value":"//bdi[contains(text(), \"OK\")]"}
RESULT: {"using":"xpath","value":"//bdi[contains(text(), \"OK\")]"}
COMMAND: POST /session/2dec2e3c010038984a3a166ea9fbc264/element/f.D0EFFAE4382B1008F4D483A8F066EB66.d.7A1CDA8566878B8E04A2B0613D1AE43C.e.1623/click - {}
RESULT: {}
COMMAND: GET /session/2dec2e3c010038984a3a166ea9fbc264/screenshot - {}
RESULT: {}
COMMAND: POST /session/2dec2e3c010038984a3a166ea9fbc264/element - {"using":"xpath","value":"//button[@data-kt=\"saveButton\"]"}
RESULT: {"using":"xpath","value":"//button[@data-kt=\"saveButton\"]"}
COMMAND: POST /session/2dec2e3c010038984a3a166ea9fbc264/element/f.D0EFFAE4382B1008F4D483A8F066EB66.d.7A1CDA8566878B8E04A2B0613D1AE43C.e.1467/click - {}
RESULT: {}
COMMAND: GET /session/2dec2e3c010038984a3a166ea9fbc264/screenshot - {}
RESULT: {}
COMMAND: POST /session/2dec2e3c010038984a3a166ea9fbc264/element - {"using":"xpath","value":"//header[contains(@id, 'ObjectPageLayout-headerTitle')]/div[1]/div[2]/div[2]/span[1]"}
RESULT: {"using":"xpath","value":"//header[contains(@id, 'ObjectPageLayout-headerTitle')]/div[1]/div[2]/div[2]/span[1]"}
COMMAND: POST /session/2dec2e3c010038984a3a166ea9fbc264/elements - {"using":"xpath","value":"//header[contains(@id, 'ObjectPageLayout-headerTitle')]/div[1]/div[2]/div[2]/span[1]"}
RESULT: {"using":"xpath","value":"//header[contains(@id, 'ObjectPageLayout-headerTitle')]/div[1]/div[2]/div[2]/span[1]"}
COMMAND: POST /session/2dec2e3c010038984a3a166ea9fbc264/execute/sync - {"script":"<script> [56 bytes]","args":[{"element-6066-11e4-a52e-4f735466cecf":"f.D0EFFAE4382B1008F4D483A8F066EB66.d.7A1CDA8566878B8E04A2B0613D1AE43C.e.1788","ELEMENT":"f.D0EFFAE4382B1008F4D483A8F066EB66.d.7A1CDA8566878B8E04A2B0613D1AE43C.e.1788"}]}
RESULT: {"script":"<script> [56 bytes]","args":[{"element-6066-11e4-a52e-4f735466cecf":"f.D0EFFAE4382B1008F4D483A8F066EB66.d.7A1CDA8566878B8E04A2B0613D1AE43C.e.1788","ELEMENT":"f.D0EFFAE4382B1008F4D483A8F066EB66.d.7A1CDA8566878B8E04A2B0613D1AE43C.e.1788"}]}
COMMAND: POST /session/2dec2e3c010038984a3a166ea9fbc264/element - {"using":"css selector","value":"#shell-header-logo"}
COMMAND: GET /session/2dec2e3c010038984a3a166ea9fbc264/screenshot - {}
RESULT: {"using":"css selector","value":"#shell-header-logo"}
COMMAND: POST /session/2dec2e3c010038984a3a166ea9fbc264/element/f.D0EFFAE4382B1008F4D483A8F066EB66.d.7A1CDA8566878B8E04A2B0613D1AE43C.e.1014/click - {}
RESULT: {}
RESULT: {}
COMMAND: GET /session/2dec2e3c010038984a3a166ea9fbc264/screenshot - {}
RESULT: {}
COMMAND: POST /session/2dec2e3c010038984a3a166ea9fbc264/execute/sync - {"script":"<script> [299 bytes]","args":[["getModel","getResource"]]}
RESULT: {"script":"<script> [299 bytes]","args":[["getModel","getResource"]]}
COMMAND: GET /session/2dec2e3c010038984a3a166ea9fbc264/screenshot - {}
]]></system-out>
    </testcase>
    <testcase classname="chrome.136_0_7103_93.windows.Prerequisites_&amp;_test_for_yard_mass_return_on_Yard_Overview_US131057" name="Prereq Should create a new site" time="104.717">
      <system-out><![CDATA[
COMMAND: POST /session/2dec2e3c010038984a3a166ea9fbc264/execute/async - {"script":"<script> [1562 bytes]","args":[{"selector":{"controlType":"sap.m.GenericTile","properties":{"header":"Manage Sites"}},"wdio_ui5_key":"sapm.GenericTile{\"header\":\"Manage Sites\"}"}]}
RESULT: {"script":"<script> [1562 bytes]","args":[{"selector":{"controlType":"sap.m.GenericTile","properties":{"header":"Manage Sites"}},"wdio_ui5_key":"sapm.GenericTile{\"header\":\"Manage Sites\"}"}]}
RESULT: undefined
COMMAND: POST /session/2dec2e3c010038984a3a166ea9fbc264/element - {"using":"xpath","value":"//*[@id=\"__tile40\"]"}
RESULT: {}
RESULT: {"using":"xpath","value":"//*[@id=\"__tile40\"]"}
COMMAND: POST /session/2dec2e3c010038984a3a166ea9fbc264/element/f.D0EFFAE4382B1008F4D483A8F066EB66.d.7A1CDA8566878B8E04A2B0613D1AE43C.e.155/click - {}
RESULT: {}
COMMAND: GET /session/2dec2e3c010038984a3a166ea9fbc264/screenshot - {}
RESULT: {}
COMMAND: POST /session/2dec2e3c010038984a3a166ea9fbc264/elements - {"using":"xpath","value":"//span[text()='Error']"}
RESULT: {"using":"xpath","value":"//span[text()='Error']"}
COMMAND: POST /session/2dec2e3c010038984a3a166ea9fbc264/element - {"using":"xpath","value":"//button[@data-kt=\"addOverflowToolbarButton\"]"}
RESULT: {"using":"xpath","value":"//button[@data-kt=\"addOverflowToolbarButton\"]"}
COMMAND: POST /session/2dec2e3c010038984a3a166ea9fbc264/elements - {"using":"xpath","value":"//button[@data-kt=\"addOverflowToolbarButton\"]"}
RESULT: {"using":"xpath","value":"//button[@data-kt=\"addOverflowToolbarButton\"]"}
COMMAND: POST /session/2dec2e3c010038984a3a166ea9fbc264/execute/sync - {"script":"<script> [8489 bytes]","args":[{"element-6066-11e4-a52e-4f735466cecf":"f.D0EFFAE4382B1008F4D483A8F066EB66.d.7A1CDA8566878B8E04A2B0613D1AE43C.e.1835","ELEMENT":"f.D0EFFAE4382B1008F4D483A8F066EB66.d.7A1CDA8566878B8E04A2B0613D1AE43C.e.1835"}]}
RESULT: {"script":"<script> [8489 bytes]","args":[{"element-6066-11e4-a52e-4f735466cecf":"f.D0EFFAE4382B1008F4D483A8F066EB66.d.7A1CDA8566878B8E04A2B0613D1AE43C.e.1835","ELEMENT":"f.D0EFFAE4382B1008F4D483A8F066EB66.d.7A1CDA8566878B8E04A2B0613D1AE43C.e.1835"}]}
COMMAND: GET /session/2dec2e3c010038984a3a166ea9fbc264/element/f.D0EFFAE4382B1008F4D483A8F066EB66.d.7A1CDA8566878B8E04A2B0613D1AE43C.e.1835/enabled - {}
COMMAND: GET /session/2dec2e3c010038984a3a166ea9fbc264/screenshot - {}
RESULT: {}
COMMAND: POST /session/2dec2e3c010038984a3a166ea9fbc264/execute/sync - {"script":"<script> [8489 bytes]","args":[{"element-6066-11e4-a52e-4f735466cecf":"f.D0EFFAE4382B1008F4D483A8F066EB66.d.7A1CDA8566878B8E04A2B0613D1AE43C.e.1835","ELEMENT":"f.D0EFFAE4382B1008F4D483A8F066EB66.d.7A1CDA8566878B8E04A2B0613D1AE43C.e.1835"}]}
COMMAND: GET /session/2dec2e3c010038984a3a166ea9fbc264/screenshot - {}
RESULT: {}
RESULT: {"script":"<script> [8489 bytes]","args":[{"element-6066-11e4-a52e-4f735466cecf":"f.D0EFFAE4382B1008F4D483A8F066EB66.d.7A1CDA8566878B8E04A2B0613D1AE43C.e.1835","ELEMENT":"f.D0EFFAE4382B1008F4D483A8F066EB66.d.7A1CDA8566878B8E04A2B0613D1AE43C.e.1835"}]}
COMMAND: POST /session/2dec2e3c010038984a3a166ea9fbc264/execute/sync - {"script":"<script> [5351 bytes]","args":[{"element-6066-11e4-a52e-4f735466cecf":"f.D0EFFAE4382B1008F4D483A8F066EB66.d.7A1CDA8566878B8E04A2B0613D1AE43C.e.1835","ELEMENT":"f.D0EFFAE4382B1008F4D483A8F066EB66.d.7A1CDA8566878B8E04A2B0613D1AE43C.e.1835"}]}
COMMAND: GET /session/2dec2e3c010038984a3a166ea9fbc264/screenshot - {}
RESULT: {}
RESULT: {"script":"<script> [5351 bytes]","args":[{"element-6066-11e4-a52e-4f735466cecf":"f.D0EFFAE4382B1008F4D483A8F066EB66.d.7A1CDA8566878B8E04A2B0613D1AE43C.e.1835","ELEMENT":"f.D0EFFAE4382B1008F4D483A8F066EB66.d.7A1CDA8566878B8E04A2B0613D1AE43C.e.1835"}]}
COMMAND: POST /session/2dec2e3c010038984a3a166ea9fbc264/element/f.D0EFFAE4382B1008F4D483A8F066EB66.d.7A1CDA8566878B8E04A2B0613D1AE43C.e.1835/click - {}
COMMAND: GET /session/2dec2e3c010038984a3a166ea9fbc264/screenshot - {}
RESULT: {}
RESULT: {}
COMMAND: GET /session/2dec2e3c010038984a3a166ea9fbc264/screenshot - {}
RESULT: {}
RESULT: {}
COMMAND: POST /session/2dec2e3c010038984a3a166ea9fbc264/element - {"using":"xpath","value":"//input[@id=\"application-managesites-display-component---NewSite--siteId-inner\"]"}
RESULT: {"using":"xpath","value":"//input[@id=\"application-managesites-display-component---NewSite--siteId-inner\"]"}
COMMAND: POST /session/2dec2e3c010038984a3a166ea9fbc264/element - {"using":"xpath","value":"//input[@id=\"application-managesites-display-component---NewSite--siteId-inner\"]"}
RESULT: {"using":"xpath","value":"//input[@id=\"application-managesites-display-component---NewSite--siteId-inner\"]"}
COMMAND: POST /session/2dec2e3c010038984a3a166ea9fbc264/execute/async - {"script":"<script> [1562 bytes]","args":[{"selector":{"id":"application-managesites-display-component---NewSite--addressDetailDetailsName1","interaction":{"idSuffix":"inner"}},"wdio_ui5_key":"applicationmanagesites-display-component---NewSite--addressDetailDetailsName1"}]}
RESULT: {"script":"<script> [1562 bytes]","args":[{"selector":{"id":"application-managesites-display-component---NewSite--addressDetailDetailsName1","interaction":{"idSuffix":"inner"}},"wdio_ui5_key":"applicationmanagesites-display-component---NewSite--addressDetailDetailsName1"}]}
RESULT: undefined
COMMAND: POST /session/2dec2e3c010038984a3a166ea9fbc264/execute/async - {"script":"<script> [776 bytes]","args":[{"enterText":"Intracompany Site wdIO","selector":{"id":"application-managesites-display-component---NewSite--addressDetailDetailsName1","interaction":{"idSuffix":"inner"}},"clearTextFirst":true,"interactionType":"ENTER_TEXT"}]}
RESULT: {"script":"<script> [776 bytes]","args":[{"enterText":"Intracompany Site wdIO","selector":{"id":"application-managesites-display-component---NewSite--addressDetailDetailsName1","interaction":{"idSuffix":"inner"}},"clearTextFirst":true,"interactionType":"ENTER_TEXT"}]}
COMMAND: POST /session/2dec2e3c010038984a3a166ea9fbc264/execute/async - {"script":"<script> [1562 bytes]","args":[{"selector":{"id":"application-managesites-display-component---NewSite--addressDetailDetailsLanguage-arrow"},"wdio_ui5_key":"applicationmanagesites-display-component---NewSite--addressDetailDetailsLanguage-arrow"}]}
RESULT: {"script":"<script> [1562 bytes]","args":[{"selector":{"id":"application-managesites-display-component---NewSite--addressDetailDetailsLanguage-arrow"},"wdio_ui5_key":"applicationmanagesites-display-component---NewSite--addressDetailDetailsLanguage-arrow"}]}
RESULT: undefined
COMMAND: POST /session/2dec2e3c010038984a3a166ea9fbc264/element - {"using":"xpath","value":"//*[@id=\"application-managesites-display-component---NewSite--addressDetailDetailsLanguage-arrow\"]"}
RESULT: {"using":"xpath","value":"//*[@id=\"application-managesites-display-component---NewSite--addressDetailDetailsLanguage-arrow\"]"}
COMMAND: POST /session/2dec2e3c010038984a3a166ea9fbc264/element/f.D0EFFAE4382B1008F4D483A8F066EB66.d.7A1CDA8566878B8E04A2B0613D1AE43C.e.2463/click - {}
RESULT: {}
COMMAND: POST /session/2dec2e3c010038984a3a166ea9fbc264/element - {"using":"xpath","value":"//span[contains(text(), \"English\")]"}
COMMAND: GET /session/2dec2e3c010038984a3a166ea9fbc264/screenshot - {}
RESULT: {"using":"xpath","value":"//span[contains(text(), \"English\")]"}
COMMAND: POST /session/2dec2e3c010038984a3a166ea9fbc264/element/f.D0EFFAE4382B1008F4D483A8F066EB66.d.7A1CDA8566878B8E04A2B0613D1AE43C.e.2464/click - {}
RESULT: {}
RESULT: {}
COMMAND: POST /session/2dec2e3c010038984a3a166ea9fbc264/execute/async - {"script":"<script> [1562 bytes]","args":[{"selector":{"id":"application-managesites-display-component---NewSite--addressDetailDetailsCity1","interaction":{"idSuffix":"inner"}},"wdio_ui5_key":"applicationmanagesites-display-component---NewSite--addressDetailDetailsCity1"}]}
COMMAND: GET /session/2dec2e3c010038984a3a166ea9fbc264/screenshot - {}
RESULT: {"script":"<script> [1562 bytes]","args":[{"selector":{"id":"application-managesites-display-component---NewSite--addressDetailDetailsCity1","interaction":{"idSuffix":"inner"}},"wdio_ui5_key":"applicationmanagesites-display-component---NewSite--addressDetailDetailsCity1"}]}
RESULT: undefined
COMMAND: POST /session/2dec2e3c010038984a3a166ea9fbc264/execute/async - {"script":"<script> [776 bytes]","args":[{"enterText":"Rosario","selector":{"id":"application-managesites-display-component---NewSite--addressDetailDetailsCity1","interaction":{"idSuffix":"inner"}},"clearTextFirst":true,"interactionType":"ENTER_TEXT"}]}
RESULT: {}
RESULT: {"script":"<script> [776 bytes]","args":[{"enterText":"Rosario","selector":{"id":"application-managesites-display-component---NewSite--addressDetailDetailsCity1","interaction":{"idSuffix":"inner"}},"clearTextFirst":true,"interactionType":"ENTER_TEXT"}]}
COMMAND: POST /session/2dec2e3c010038984a3a166ea9fbc264/execute/async - {"script":"<script> [1562 bytes]","args":[{"selector":{"id":"application-managesites-display-component---NewSite--addressDetailDetailsCountry-arrow"},"wdio_ui5_key":"applicationmanagesites-display-component---NewSite--addressDetailDetailsCountry-arrow"}]}
RESULT: {"script":"<script> [1562 bytes]","args":[{"selector":{"id":"application-managesites-display-component---NewSite--addressDetailDetailsCountry-arrow"},"wdio_ui5_key":"applicationmanagesites-display-component---NewSite--addressDetailDetailsCountry-arrow"}]}
RESULT: undefined
COMMAND: POST /session/2dec2e3c010038984a3a166ea9fbc264/element - {"using":"xpath","value":"//*[@id=\"application-managesites-display-component---NewSite--addressDetailDetailsCountry-arrow\"]"}
RESULT: {"using":"xpath","value":"//*[@id=\"application-managesites-display-component---NewSite--addressDetailDetailsCountry-arrow\"]"}
COMMAND: POST /session/2dec2e3c010038984a3a166ea9fbc264/element/f.D0EFFAE4382B1008F4D483A8F066EB66.d.7A1CDA8566878B8E04A2B0613D1AE43C.e.2466/click - {}
RESULT: {}
COMMAND: POST /session/2dec2e3c010038984a3a166ea9fbc264/element - {"using":"xpath","value":"//span[contains(text(), \"Argentina\")]"}
COMMAND: GET /session/2dec2e3c010038984a3a166ea9fbc264/screenshot - {}
RESULT: {"using":"xpath","value":"//span[contains(text(), \"Argentina\")]"}
COMMAND: POST /session/2dec2e3c010038984a3a166ea9fbc264/element/f.D0EFFAE4382B1008F4D483A8F066EB66.d.7A1CDA8566878B8E04A2B0613D1AE43C.e.2467/click - {}
RESULT: {}
RESULT: {}
COMMAND: GET /session/2dec2e3c010038984a3a166ea9fbc264/screenshot - {}
RESULT: {}
COMMAND: POST /session/2dec2e3c010038984a3a166ea9fbc264/execute/async - {"script":"<script> [1562 bytes]","args":[{"selector":{"id":"application-managesites-display-component---NewSite--addressEditDetailsCostObjectCstType-arrow"},"wdio_ui5_key":"applicationmanagesites-display-component---NewSite--addressEditDetailsCostObjectCstType-arrow"}]}
RESULT: {"script":"<script> [1562 bytes]","args":[{"selector":{"id":"application-managesites-display-component---NewSite--addressEditDetailsCostObjectCstType-arrow"},"wdio_ui5_key":"applicationmanagesites-display-component---NewSite--addressEditDetailsCostObjectCstType-arrow"}]}
RESULT: undefined
COMMAND: POST /session/2dec2e3c010038984a3a166ea9fbc264/element - {"using":"xpath","value":"//*[@id=\"application-managesites-display-component---NewSite--addressEditDetailsCostObjectCstType-arrow\"]"}
RESULT: {"using":"xpath","value":"//*[@id=\"application-managesites-display-component---NewSite--addressEditDetailsCostObjectCstType-arrow\"]"}
COMMAND: POST /session/2dec2e3c010038984a3a166ea9fbc264/element/f.D0EFFAE4382B1008F4D483A8F066EB66.d.7A1CDA8566878B8E04A2B0613D1AE43C.e.2469/click - {}
RESULT: {}
COMMAND: POST /session/2dec2e3c010038984a3a166ea9fbc264/element - {"using":"xpath","value":"//span[contains(text(), \"Cost Center\")]"}
COMMAND: GET /session/2dec2e3c010038984a3a166ea9fbc264/screenshot - {}
RESULT: {"using":"xpath","value":"//span[contains(text(), \"Cost Center\")]"}
COMMAND: POST /session/2dec2e3c010038984a3a166ea9fbc264/element/f.D0EFFAE4382B1008F4D483A8F066EB66.d.7A1CDA8566878B8E04A2B0613D1AE43C.e.2470/click - {}
RESULT: {}
RESULT: {}
COMMAND: GET /session/2dec2e3c010038984a3a166ea9fbc264/screenshot - {}
RESULT: {}
COMMAND: POST /session/2dec2e3c010038984a3a166ea9fbc264/element - {"using":"xpath","value":"//span[@id=\"application-managesites-display-component---NewSite--addressNewCostObjectCstID-vhi\"]"}
RESULT: {"using":"xpath","value":"//span[@id=\"application-managesites-display-component---NewSite--addressNewCostObjectCstID-vhi\"]"}
COMMAND: POST /session/2dec2e3c010038984a3a166ea9fbc264/execute/sync - {"script":"<script> [8489 bytes]","args":[{"element-6066-11e4-a52e-4f735466cecf":"f.D0EFFAE4382B1008F4D483A8F066EB66.d.7A1CDA8566878B8E04A2B0613D1AE43C.e.2474","ELEMENT":"f.D0EFFAE4382B1008F4D483A8F066EB66.d.7A1CDA8566878B8E04A2B0613D1AE43C.e.2474"}]}
RESULT: {"script":"<script> [8489 bytes]","args":[{"element-6066-11e4-a52e-4f735466cecf":"f.D0EFFAE4382B1008F4D483A8F066EB66.d.7A1CDA8566878B8E04A2B0613D1AE43C.e.2474","ELEMENT":"f.D0EFFAE4382B1008F4D483A8F066EB66.d.7A1CDA8566878B8E04A2B0613D1AE43C.e.2474"}]}
COMMAND: POST /session/2dec2e3c010038984a3a166ea9fbc264/execute/async - {"script":"<script> [1562 bytes]","args":[{"selector":{"id":"application-managesites-display-component---NewSite--addressNewCostObjectCstID-vhi"},"wdio_ui5_key":"applicationmanagesites-display-component---NewSite--addressNewCostObjectCstID-vhi"}]}
COMMAND: GET /session/2dec2e3c010038984a3a166ea9fbc264/screenshot - {}
RESULT: {"script":"<script> [1562 bytes]","args":[{"selector":{"id":"application-managesites-display-component---NewSite--addressNewCostObjectCstID-vhi"},"wdio_ui5_key":"applicationmanagesites-display-component---NewSite--addressNewCostObjectCstID-vhi"}]}
RESULT: undefined
COMMAND: POST /session/2dec2e3c010038984a3a166ea9fbc264/element - {"using":"xpath","value":"//*[@id=\"application-managesites-display-component---NewSite--addressNewCostObjectCstID-vhi\"]"}
RESULT: {}
RESULT: {"using":"xpath","value":"//*[@id=\"application-managesites-display-component---NewSite--addressNewCostObjectCstID-vhi\"]"}
COMMAND: POST /session/2dec2e3c010038984a3a166ea9fbc264/element/f.D0EFFAE4382B1008F4D483A8F066EB66.d.7A1CDA8566878B8E04A2B0613D1AE43C.e.2474/click - {}
RESULT: {}
COMMAND: GET /session/2dec2e3c010038984a3a166ea9fbc264/screenshot - {}
RESULT: {}
RESULT: undefined
COMMAND: POST /session/2dec2e3c010038984a3a166ea9fbc264/execute/async - {"script":"<script> [776 bytes]","args":[{"enterText":"10001013","selector":{"controlType":"sap.m.SearchField","properties":{"placeholder":"Search"},"searchOpenDialogs":true,"interaction":{"idSuffix":"I"}},"clearTextFirst":true,"interactionType":"ENTER_TEXT"}]}
RESULT: {"script":"<script> [776 bytes]","args":[{"enterText":"10001013","selector":{"controlType":"sap.m.SearchField","properties":{"placeholder":"Search"},"searchOpenDialogs":true,"interaction":{"idSuffix":"I"}},"clearTextFirst":true,"interactionType":"ENTER_TEXT"}]}
COMMAND: POST /session/2dec2e3c010038984a3a166ea9fbc264/actions - {"actions":[{"id":"action6","type":"key","parameters":{},"actions":[{"type":"keyDown","value":""},{"type":"pause","duration":10},{"type":"keyUp","value":""}]}]}
RESULT: {"actions":[{"id":"action6","type":"key","parameters":{},"actions":[{"type":"keyDown","value":""},{"type":"pause","duration":10},{"type":"keyUp","value":""}]}]}
COMMAND: GET /session/2dec2e3c010038984a3a166ea9fbc264/screenshot - {}
RESULT: {}
COMMAND: POST /session/2dec2e3c010038984a3a166ea9fbc264/element - {"using":"xpath","value":"//span[contains(text(), \"General Management\")]"}
RESULT: {"using":"xpath","value":"//span[contains(text(), \"General Management\")]"}
COMMAND: POST /session/2dec2e3c010038984a3a166ea9fbc264/element/f.D0EFFAE4382B1008F4D483A8F066EB66.d.7A1CDA8566878B8E04A2B0613D1AE43C.e.2512/click - {}
RESULT: {}
COMMAND: GET /session/2dec2e3c010038984a3a166ea9fbc264/screenshot - {}
RESULT: {}
COMMAND: POST /session/2dec2e3c010038984a3a166ea9fbc264/element - {"using":"xpath","value":"//bdi[contains(text(), \"OK\")]"}
RESULT: {"using":"xpath","value":"//bdi[contains(text(), \"OK\")]"}
COMMAND: POST /session/2dec2e3c010038984a3a166ea9fbc264/element/f.D0EFFAE4382B1008F4D483A8F066EB66.d.7A1CDA8566878B8E04A2B0613D1AE43C.e.2513/click - {}
RESULT: {}
COMMAND: GET /session/2dec2e3c010038984a3a166ea9fbc264/screenshot - {}
RESULT: {}
COMMAND: POST /session/2dec2e3c010038984a3a166ea9fbc264/element - {"using":"xpath","value":"//input[@id=\"application-managesites-display-component---NewSite--addressDetailDetailsCalendar-inner\"]"}
RESULT: {"using":"xpath","value":"//input[@id=\"application-managesites-display-component---NewSite--addressDetailDetailsCalendar-inner\"]"}
COMMAND: POST /session/2dec2e3c010038984a3a166ea9fbc264/element/f.D0EFFAE4382B1008F4D483A8F066EB66.d.7A1CDA8566878B8E04A2B0613D1AE43C.e.2264/clear - {}
RESULT: {}
COMMAND: POST /session/2dec2e3c010038984a3a166ea9fbc264/element/f.D0EFFAE4382B1008F4D483A8F066EB66.d.7A1CDA8566878B8E04A2B0613D1AE43C.e.2264/value - {"text":"Unit"}
COMMAND: GET /session/2dec2e3c010038984a3a166ea9fbc264/screenshot - {}
RESULT: {"text":"Unit"}
COMMAND: GET /session/2dec2e3c010038984a3a166ea9fbc264/screenshot - {}
RESULT: {}
RESULT: {}
COMMAND: POST /session/2dec2e3c010038984a3a166ea9fbc264/actions - {"actions":[{"id":"action7","type":"key","parameters":{},"actions":[{"type":"keyDown","value":""},{"type":"pause","duration":10},{"type":"keyUp","value":""}]}]}
RESULT: {"actions":[{"id":"action7","type":"key","parameters":{},"actions":[{"type":"keyDown","value":""},{"type":"pause","duration":10},{"type":"keyUp","value":""}]}]}
COMMAND: POST /session/2dec2e3c010038984a3a166ea9fbc264/element - {"using":"xpath","value":"//input[@id=\"application-managesites-display-component---NewSite--addressDetailDetailsYard-inner\"]"}
COMMAND: GET /session/2dec2e3c010038984a3a166ea9fbc264/screenshot - {}
RESULT: {"using":"xpath","value":"//input[@id=\"application-managesites-display-component---NewSite--addressDetailDetailsYard-inner\"]"}
COMMAND: POST /session/2dec2e3c010038984a3a166ea9fbc264/element/f.D0EFFAE4382B1008F4D483A8F066EB66.d.7A1CDA8566878B8E04A2B0613D1AE43C.e.2265/clear - {}
RESULT: {}
RESULT: {}
COMMAND: POST /session/2dec2e3c010038984a3a166ea9fbc264/element/f.D0EFFAE4382B1008F4D483A8F066EB66.d.7A1CDA8566878B8E04A2B0613D1AE43C.e.2265/value - {"text":"550"}
COMMAND: GET /session/2dec2e3c010038984a3a166ea9fbc264/screenshot - {}
RESULT: {"text":"550"}
COMMAND: GET /session/2dec2e3c010038984a3a166ea9fbc264/screenshot - {}
RESULT: {}
RESULT: {}
COMMAND: POST /session/2dec2e3c010038984a3a166ea9fbc264/element - {"using":"xpath","value":"//li[.//span[text()='550']]"}
RESULT: {"using":"xpath","value":"//li[.//span[text()='550']]"}
COMMAND: POST /session/2dec2e3c010038984a3a166ea9fbc264/element/f.D0EFFAE4382B1008F4D483A8F066EB66.d.7A1CDA8566878B8E04A2B0613D1AE43C.e.2521/click - {}
RESULT: {}
COMMAND: GET /session/2dec2e3c010038984a3a166ea9fbc264/screenshot - {}
RESULT: {}
COMMAND: POST /session/2dec2e3c010038984a3a166ea9fbc264/element - {"using":"xpath","value":"//input[@id=\"application-managesites-display-component---NewSite--addressDetailDetailsPartner-inner\"]"}
RESULT: {"using":"xpath","value":"//input[@id=\"application-managesites-display-component---NewSite--addressDetailDetailsPartner-inner\"]"}
COMMAND: POST /session/2dec2e3c010038984a3a166ea9fbc264/element - {"using":"xpath","value":"//input[@id=\"application-managesites-display-component---NewSite--addressDetailDetailsPartner-inner\"]"}
RESULT: {"using":"xpath","value":"//input[@id=\"application-managesites-display-component---NewSite--addressDetailDetailsPartner-inner\"]"}
COMMAND: POST /session/2dec2e3c010038984a3a166ea9fbc264/element - {"using":"xpath","value":"//button[@data-kt=\"saveButton\"]"}
RESULT: {"using":"xpath","value":"//button[@data-kt=\"saveButton\"]"}
COMMAND: POST /session/2dec2e3c010038984a3a166ea9fbc264/element/f.D0EFFAE4382B1008F4D483A8F066EB66.d.7A1CDA8566878B8E04A2B0613D1AE43C.e.2443/click - {}
RESULT: {}
COMMAND: GET /session/2dec2e3c010038984a3a166ea9fbc264/screenshot - {}
RESULT: {}
COMMAND: POST /session/2dec2e3c010038984a3a166ea9fbc264/element - {"using":"xpath","value":"//header[contains(@id, 'ObjectPageLayout-headerTitle')]/div[1]/div[2]/div[2]/span[1]"}
RESULT: {"using":"xpath","value":"//header[contains(@id, 'ObjectPageLayout-headerTitle')]/div[1]/div[2]/div[2]/span[1]"}
COMMAND: POST /session/2dec2e3c010038984a3a166ea9fbc264/elements - {"using":"xpath","value":"//header[contains(@id, 'ObjectPageLayout-headerTitle')]/div[1]/div[2]/div[2]/span[1]"}
RESULT: {"using":"xpath","value":"//header[contains(@id, 'ObjectPageLayout-headerTitle')]/div[1]/div[2]/div[2]/span[1]"}
COMMAND: POST /session/2dec2e3c010038984a3a166ea9fbc264/execute/sync - {"script":"<script> [56 bytes]","args":[{"element-6066-11e4-a52e-4f735466cecf":"f.D0EFFAE4382B1008F4D483A8F066EB66.d.7A1CDA8566878B8E04A2B0613D1AE43C.e.2722","ELEMENT":"f.D0EFFAE4382B1008F4D483A8F066EB66.d.7A1CDA8566878B8E04A2B0613D1AE43C.e.2722"}]}
RESULT: {"script":"<script> [56 bytes]","args":[{"element-6066-11e4-a52e-4f735466cecf":"f.D0EFFAE4382B1008F4D483A8F066EB66.d.7A1CDA8566878B8E04A2B0613D1AE43C.e.2722","ELEMENT":"f.D0EFFAE4382B1008F4D483A8F066EB66.d.7A1CDA8566878B8E04A2B0613D1AE43C.e.2722"}]}
COMMAND: POST /session/2dec2e3c010038984a3a166ea9fbc264/element - {"using":"css selector","value":"#shell-header-logo"}
COMMAND: GET /session/2dec2e3c010038984a3a166ea9fbc264/screenshot - {}
RESULT: {"using":"css selector","value":"#shell-header-logo"}
COMMAND: POST /session/2dec2e3c010038984a3a166ea9fbc264/element/f.D0EFFAE4382B1008F4D483A8F066EB66.d.7A1CDA8566878B8E04A2B0613D1AE43C.e.1793/click - {}
RESULT: {}
RESULT: {}
COMMAND: GET /session/2dec2e3c010038984a3a166ea9fbc264/screenshot - {}
RESULT: {}
COMMAND: POST /session/2dec2e3c010038984a3a166ea9fbc264/execute/sync - {"script":"<script> [299 bytes]","args":[["getModel","getResource"]]}
RESULT: {"script":"<script> [299 bytes]","args":[["getModel","getResource"]]}
]]></system-out>
    </testcase>
    <testcase classname="chrome.136_0_7103_93.windows.Prerequisites_&amp;_test_for_yard_mass_return_on_Yard_Overview_US131057" name="Prereq Should create a new material" time="130.6">
      <system-out><![CDATA[
COMMAND: POST /session/2dec2e3c010038984a3a166ea9fbc264/execute/async - {"script":"<script> [1562 bytes]","args":[{"selector":{"controlType":"sap.m.GenericTile","properties":{"header":"Manage Resources"}},"wdio_ui5_key":"sapm.GenericTile{\"header\":\"Manage Resources\"}"}]}
COMMAND: GET /session/2dec2e3c010038984a3a166ea9fbc264/screenshot - {}
RESULT: {"script":"<script> [1562 bytes]","args":[{"selector":{"controlType":"sap.m.GenericTile","properties":{"header":"Manage Resources"}},"wdio_ui5_key":"sapm.GenericTile{\"header\":\"Manage Resources\"}"}]}
RESULT: undefined
COMMAND: POST /session/2dec2e3c010038984a3a166ea9fbc264/element - {"using":"xpath","value":"//*[@id=\"__tile39\"]"}
RESULT: {}
RESULT: {"using":"xpath","value":"//*[@id=\"__tile39\"]"}
COMMAND: POST /session/2dec2e3c010038984a3a166ea9fbc264/element/f.D0EFFAE4382B1008F4D483A8F066EB66.d.7A1CDA8566878B8E04A2B0613D1AE43C.e.152/click - {}
RESULT: {}
COMMAND: GET /session/2dec2e3c010038984a3a166ea9fbc264/screenshot - {}
RESULT: {}
COMMAND: POST /session/2dec2e3c010038984a3a166ea9fbc264/elements - {"using":"xpath","value":"//span[text()='Error']"}
RESULT: {"using":"xpath","value":"//span[text()='Error']"}
COMMAND: POST /session/2dec2e3c010038984a3a166ea9fbc264/element - {"using":"xpath","value":"//button[@data-kt=\"addNewRUOverflowToolbarButton\"]"}
RESULT: {"using":"xpath","value":"//button[@data-kt=\"addNewRUOverflowToolbarButton\"]"}
COMMAND: POST /session/2dec2e3c010038984a3a166ea9fbc264/elements - {"using":"xpath","value":"//button[@data-kt=\"addNewRUOverflowToolbarButton\"]"}
RESULT: {"using":"xpath","value":"//button[@data-kt=\"addNewRUOverflowToolbarButton\"]"}
COMMAND: POST /session/2dec2e3c010038984a3a166ea9fbc264/elements - {"using":"xpath","value":"//button[@data-kt=\"addNewRUOverflowToolbarButton\"]"}
RESULT: {"using":"xpath","value":"//button[@data-kt=\"addNewRUOverflowToolbarButton\"]"}
COMMAND: POST /session/2dec2e3c010038984a3a166ea9fbc264/elements - {"using":"xpath","value":"//button[@data-kt=\"addNewRUOverflowToolbarButton\"]"}
RESULT: {"using":"xpath","value":"//button[@data-kt=\"addNewRUOverflowToolbarButton\"]"}
COMMAND: POST /session/2dec2e3c010038984a3a166ea9fbc264/elements - {"using":"xpath","value":"//button[@data-kt=\"addNewRUOverflowToolbarButton\"]"}
RESULT: {"using":"xpath","value":"//button[@data-kt=\"addNewRUOverflowToolbarButton\"]"}
COMMAND: POST /session/2dec2e3c010038984a3a166ea9fbc264/elements - {"using":"xpath","value":"//button[@data-kt=\"addNewRUOverflowToolbarButton\"]"}
RESULT: {"using":"xpath","value":"//button[@data-kt=\"addNewRUOverflowToolbarButton\"]"}
COMMAND: POST /session/2dec2e3c010038984a3a166ea9fbc264/elements - {"using":"xpath","value":"//button[@data-kt=\"addNewRUOverflowToolbarButton\"]"}
RESULT: {"using":"xpath","value":"//button[@data-kt=\"addNewRUOverflowToolbarButton\"]"}
COMMAND: POST /session/2dec2e3c010038984a3a166ea9fbc264/elements - {"using":"xpath","value":"//button[@data-kt=\"addNewRUOverflowToolbarButton\"]"}
RESULT: {"using":"xpath","value":"//button[@data-kt=\"addNewRUOverflowToolbarButton\"]"}
COMMAND: POST /session/2dec2e3c010038984a3a166ea9fbc264/element - {"using":"xpath","value":"//button[@data-kt=\"addNewRUOverflowToolbarButton\"]"}
RESULT: {"using":"xpath","value":"//button[@data-kt=\"addNewRUOverflowToolbarButton\"]"}
COMMAND: POST /session/2dec2e3c010038984a3a166ea9fbc264/execute/sync - {"script":"<script> [8489 bytes]","args":[{"element-6066-11e4-a52e-4f735466cecf":"f.D0EFFAE4382B1008F4D483A8F066EB66.d.7A1CDA8566878B8E04A2B0613D1AE43C.e.2753","ELEMENT":"f.D0EFFAE4382B1008F4D483A8F066EB66.d.7A1CDA8566878B8E04A2B0613D1AE43C.e.2753"}]}
RESULT: {"script":"<script> [8489 bytes]","args":[{"element-6066-11e4-a52e-4f735466cecf":"f.D0EFFAE4382B1008F4D483A8F066EB66.d.7A1CDA8566878B8E04A2B0613D1AE43C.e.2753","ELEMENT":"f.D0EFFAE4382B1008F4D483A8F066EB66.d.7A1CDA8566878B8E04A2B0613D1AE43C.e.2753"}]}
COMMAND: GET /session/2dec2e3c010038984a3a166ea9fbc264/element/f.D0EFFAE4382B1008F4D483A8F066EB66.d.7A1CDA8566878B8E04A2B0613D1AE43C.e.2753/enabled - {}
COMMAND: GET /session/2dec2e3c010038984a3a166ea9fbc264/screenshot - {}
RESULT: {}
COMMAND: POST /session/2dec2e3c010038984a3a166ea9fbc264/execute/sync - {"script":"<script> [8489 bytes]","args":[{"element-6066-11e4-a52e-4f735466cecf":"f.D0EFFAE4382B1008F4D483A8F066EB66.d.7A1CDA8566878B8E04A2B0613D1AE43C.e.2753","ELEMENT":"f.D0EFFAE4382B1008F4D483A8F066EB66.d.7A1CDA8566878B8E04A2B0613D1AE43C.e.2753"}]}
COMMAND: GET /session/2dec2e3c010038984a3a166ea9fbc264/screenshot - {}
RESULT: {}
RESULT: {"script":"<script> [8489 bytes]","args":[{"element-6066-11e4-a52e-4f735466cecf":"f.D0EFFAE4382B1008F4D483A8F066EB66.d.7A1CDA8566878B8E04A2B0613D1AE43C.e.2753","ELEMENT":"f.D0EFFAE4382B1008F4D483A8F066EB66.d.7A1CDA8566878B8E04A2B0613D1AE43C.e.2753"}]}
COMMAND: POST /session/2dec2e3c010038984a3a166ea9fbc264/execute/sync - {"script":"<script> [5351 bytes]","args":[{"element-6066-11e4-a52e-4f735466cecf":"f.D0EFFAE4382B1008F4D483A8F066EB66.d.7A1CDA8566878B8E04A2B0613D1AE43C.e.2753","ELEMENT":"f.D0EFFAE4382B1008F4D483A8F066EB66.d.7A1CDA8566878B8E04A2B0613D1AE43C.e.2753"}]}
COMMAND: GET /session/2dec2e3c010038984a3a166ea9fbc264/screenshot - {}
RESULT: {}
RESULT: {"script":"<script> [5351 bytes]","args":[{"element-6066-11e4-a52e-4f735466cecf":"f.D0EFFAE4382B1008F4D483A8F066EB66.d.7A1CDA8566878B8E04A2B0613D1AE43C.e.2753","ELEMENT":"f.D0EFFAE4382B1008F4D483A8F066EB66.d.7A1CDA8566878B8E04A2B0613D1AE43C.e.2753"}]}
COMMAND: POST /session/2dec2e3c010038984a3a166ea9fbc264/element/f.D0EFFAE4382B1008F4D483A8F066EB66.d.7A1CDA8566878B8E04A2B0613D1AE43C.e.2753/click - {}
COMMAND: GET /session/2dec2e3c010038984a3a166ea9fbc264/screenshot - {}
RESULT: {}
RESULT: {}
COMMAND: GET /session/2dec2e3c010038984a3a166ea9fbc264/screenshot - {}
RESULT: {}
RESULT: {}
COMMAND: POST /session/2dec2e3c010038984a3a166ea9fbc264/execute/async - {"script":"<script> [1562 bytes]","args":[{"selector":{"id":"application-manageresources-display-component---newResourceUnit--TYPE-arrow"},"wdio_ui5_key":"applicationmanageresources-display-component---newResourceUnit--TYPE-arrow"}]}
RESULT: {"script":"<script> [1562 bytes]","args":[{"selector":{"id":"application-manageresources-display-component---newResourceUnit--TYPE-arrow"},"wdio_ui5_key":"applicationmanageresources-display-component---newResourceUnit--TYPE-arrow"}]}
RESULT: undefined
COMMAND: POST /session/2dec2e3c010038984a3a166ea9fbc264/element - {"using":"xpath","value":"//*[@id=\"application-manageresources-display-component---newResourceUnit--TYPE-arrow\"]"}
RESULT: {"using":"xpath","value":"//*[@id=\"application-manageresources-display-component---newResourceUnit--TYPE-arrow\"]"}
COMMAND: POST /session/2dec2e3c010038984a3a166ea9fbc264/element/f.D0EFFAE4382B1008F4D483A8F066EB66.d.7A1CDA8566878B8E04A2B0613D1AE43C.e.3114/click - {}
RESULT: {}
COMMAND: POST /session/2dec2e3c010038984a3a166ea9fbc264/element - {"using":"xpath","value":"//input[@id=\"application-manageresources-display-component---newResourceUnit--TYPE-inner\"]"}
COMMAND: GET /session/2dec2e3c010038984a3a166ea9fbc264/screenshot - {}
RESULT: {"using":"xpath","value":"//input[@id=\"application-manageresources-display-component---newResourceUnit--TYPE-inner\"]"}
COMMAND: POST /session/2dec2e3c010038984a3a166ea9fbc264/element/f.D0EFFAE4382B1008F4D483A8F066EB66.d.7A1CDA8566878B8E04A2B0613D1AE43C.e.3105/clear - {}
RESULT: {}
RESULT: {}
COMMAND: POST /session/2dec2e3c010038984a3a166ea9fbc264/element/f.D0EFFAE4382B1008F4D483A8F066EB66.d.7A1CDA8566878B8E04A2B0613D1AE43C.e.3105/value - {"text":"Material"}
COMMAND: GET /session/2dec2e3c010038984a3a166ea9fbc264/screenshot - {}
RESULT: {"text":"Material"}
COMMAND: GET /session/2dec2e3c010038984a3a166ea9fbc264/screenshot - {}
RESULT: {}
RESULT: {}
COMMAND: POST /session/2dec2e3c010038984a3a166ea9fbc264/actions - {"actions":[{"id":"action8","type":"key","parameters":{},"actions":[{"type":"keyDown","value":""},{"type":"pause","duration":10},{"type":"keyUp","value":""}]}]}
RESULT: {"actions":[{"id":"action8","type":"key","parameters":{},"actions":[{"type":"keyDown","value":""},{"type":"pause","duration":10},{"type":"keyUp","value":""}]}]}
COMMAND: POST /session/2dec2e3c010038984a3a166ea9fbc264/execute/async - {"script":"<script> [1562 bytes]","args":[{"selector":{"id":"application-manageresources-display-component---newResourceUnit--SHORT_TEXT","interaction":{"idSuffix":"inner"}},"wdio_ui5_key":"applicationmanageresources-display-component---newResourceUnit--SHORT_TEXT"}]}
COMMAND: GET /session/2dec2e3c010038984a3a166ea9fbc264/screenshot - {}
RESULT: {"script":"<script> [1562 bytes]","args":[{"selector":{"id":"application-manageresources-display-component---newResourceUnit--SHORT_TEXT","interaction":{"idSuffix":"inner"}},"wdio_ui5_key":"applicationmanageresources-display-component---newResourceUnit--SHORT_TEXT"}]}
RESULT: undefined
COMMAND: POST /session/2dec2e3c010038984a3a166ea9fbc264/execute/async - {"script":"<script> [776 bytes]","args":[{"enterText":"Cement WDIO","selector":{"id":"application-manageresources-display-component---newResourceUnit--SHORT_TEXT","interaction":{"idSuffix":"inner"}},"clearTextFirst":true,"interactionType":"ENTER_TEXT"}]}
RESULT: {}
RESULT: {"script":"<script> [776 bytes]","args":[{"enterText":"Cement WDIO","selector":{"id":"application-manageresources-display-component---newResourceUnit--SHORT_TEXT","interaction":{"idSuffix":"inner"}},"clearTextFirst":true,"interactionType":"ENTER_TEXT"}]}
COMMAND: POST /session/2dec2e3c010038984a3a166ea9fbc264/execute/async - {"script":"<script> [1562 bytes]","args":[{"selector":{"id":"application-manageresources-display-component---newResourceUnit--BASE_UNIT_OF_MEASURE","interaction":{"idSuffix":"inner"}},"wdio_ui5_key":"applicationmanageresources-display-component---newResourceUnit--BASE_UNIT_OF_MEASURE"}]}
RESULT: {"script":"<script> [1562 bytes]","args":[{"selector":{"id":"application-manageresources-display-component---newResourceUnit--BASE_UNIT_OF_MEASURE","interaction":{"idSuffix":"inner"}},"wdio_ui5_key":"applicationmanageresources-display-component---newResourceUnit--BASE_UNIT_OF_MEASURE"}]}
RESULT: undefined
COMMAND: POST /session/2dec2e3c010038984a3a166ea9fbc264/execute/async - {"script":"<script> [776 bytes]","args":[{"enterText":"Piece","selector":{"id":"application-manageresources-display-component---newResourceUnit--BASE_UNIT_OF_MEASURE","interaction":{"idSuffix":"inner"}},"clearTextFirst":true,"interactionType":"ENTER_TEXT"}]}
RESULT: {"script":"<script> [776 bytes]","args":[{"enterText":"Piece","selector":{"id":"application-manageresources-display-component---newResourceUnit--BASE_UNIT_OF_MEASURE","interaction":{"idSuffix":"inner"}},"clearTextFirst":true,"interactionType":"ENTER_TEXT"}]}
COMMAND: POST /session/2dec2e3c010038984a3a166ea9fbc264/execute/async - {"script":"<script> [1562 bytes]","args":[{"selector":{"id":"application-manageresources-display-component---newResourceUnit--WEIGHT_UNIT","interaction":{"idSuffix":"inner"}},"wdio_ui5_key":"applicationmanageresources-display-component---newResourceUnit--WEIGHT_UNIT"}]}
RESULT: {"script":"<script> [1562 bytes]","args":[{"selector":{"id":"application-manageresources-display-component---newResourceUnit--WEIGHT_UNIT","interaction":{"idSuffix":"inner"}},"wdio_ui5_key":"applicationmanageresources-display-component---newResourceUnit--WEIGHT_UNIT"}]}
RESULT: undefined
COMMAND: POST /session/2dec2e3c010038984a3a166ea9fbc264/execute/async - {"script":"<script> [776 bytes]","args":[{"enterText":"Gram","selector":{"id":"application-manageresources-display-component---newResourceUnit--WEIGHT_UNIT","interaction":{"idSuffix":"inner"}},"clearTextFirst":true,"interactionType":"ENTER_TEXT"}]}
RESULT: {"script":"<script> [776 bytes]","args":[{"enterText":"Gram","selector":{"id":"application-manageresources-display-component---newResourceUnit--WEIGHT_UNIT","interaction":{"idSuffix":"inner"}},"clearTextFirst":true,"interactionType":"ENTER_TEXT"}]}
COMMAND: POST /session/2dec2e3c010038984a3a166ea9fbc264/execute/async - {"script":"<script> [1562 bytes]","args":[{"selector":{"id":"application-manageresources-display-component---newResourceUnit--DIMENSION_UNIT","interaction":{"idSuffix":"inner"}},"wdio_ui5_key":"applicationmanageresources-display-component---newResourceUnit--DIMENSION_UNIT"}]}
RESULT: {"script":"<script> [1562 bytes]","args":[{"selector":{"id":"application-manageresources-display-component---newResourceUnit--DIMENSION_UNIT","interaction":{"idSuffix":"inner"}},"wdio_ui5_key":"applicationmanageresources-display-component---newResourceUnit--DIMENSION_UNIT"}]}
RESULT: undefined
COMMAND: POST /session/2dec2e3c010038984a3a166ea9fbc264/execute/async - {"script":"<script> [776 bytes]","args":[{"enterText":"Meter","selector":{"id":"application-manageresources-display-component---newResourceUnit--DIMENSION_UNIT","interaction":{"idSuffix":"inner"}},"clearTextFirst":true,"interactionType":"ENTER_TEXT"}]}
RESULT: {"script":"<script> [776 bytes]","args":[{"enterText":"Meter","selector":{"id":"application-manageresources-display-component---newResourceUnit--DIMENSION_UNIT","interaction":{"idSuffix":"inner"}},"clearTextFirst":true,"interactionType":"ENTER_TEXT"}]}
COMMAND: POST /session/2dec2e3c010038984a3a166ea9fbc264/execute/async - {"script":"<script> [1562 bytes]","args":[{"selector":{"id":"application-manageresources-display-component---newResourceUnit--newRRUPage-anchBar-application-manageresources-display-component---newResourceUnit--control-anchor","interaction":{"idSuffix":"BDI-content"}},"wdio_ui5_key":"applicationmanageresources-display-component---newResourceUnit--newRRUPage-anchBar-application-manageresources-display-component---newResourceUnit--control-anchor"}]}
RESULT: {"script":"<script> [1562 bytes]","args":[{"selector":{"id":"application-manageresources-display-component---newResourceUnit--newRRUPage-anchBar-application-manageresources-display-component---newResourceUnit--control-anchor","interaction":{"idSuffix":"BDI-content"}},"wdio_ui5_key":"applicationmanageresources-display-component---newResourceUnit--newRRUPage-anchBar-application-manageresources-display-component---newResourceUnit--control-anchor"}]}
RESULT: undefined
COMMAND: POST /session/2dec2e3c010038984a3a166ea9fbc264/element - {"using":"xpath","value":"//*[@id=\"application-manageresources-display-component---newResourceUnit--newRRUPage-anchBar-application-manageresources-display-component---newResourceUnit--control-anchor\"]"}
RESULT: {"using":"xpath","value":"//*[@id=\"application-manageresources-display-component---newResourceUnit--newRRUPage-anchBar-application-manageresources-display-component---newResourceUnit--control-anchor\"]"}
COMMAND: POST /session/2dec2e3c010038984a3a166ea9fbc264/element/f.D0EFFAE4382B1008F4D483A8F066EB66.d.7A1CDA8566878B8E04A2B0613D1AE43C.e.3245/click - {}
RESULT: {}
COMMAND: POST /session/2dec2e3c010038984a3a166ea9fbc264/execute/async - {"script":"<script> [1562 bytes]","args":[{"selector":{"id":"application-manageresources-display-component---newResourceUnit--PLANNING_GROUP","interaction":{"idSuffix":"inner"}},"wdio_ui5_key":"applicationmanageresources-display-component---newResourceUnit--PLANNING_GROUP"}]}
COMMAND: GET /session/2dec2e3c010038984a3a166ea9fbc264/screenshot - {}
RESULT: {"script":"<script> [1562 bytes]","args":[{"selector":{"id":"application-manageresources-display-component---newResourceUnit--PLANNING_GROUP","interaction":{"idSuffix":"inner"}},"wdio_ui5_key":"applicationmanageresources-display-component---newResourceUnit--PLANNING_GROUP"}]}
RESULT: undefined
COMMAND: POST /session/2dec2e3c010038984a3a166ea9fbc264/execute/async - {"script":"<script> [776 bytes]","args":[{"enterText":"Material","selector":{"id":"application-manageresources-display-component---newResourceUnit--PLANNING_GROUP","interaction":{"idSuffix":"inner"}},"clearTextFirst":true,"interactionType":"ENTER_TEXT"}]}
RESULT: {}
RESULT: {"script":"<script> [776 bytes]","args":[{"enterText":"Material","selector":{"id":"application-manageresources-display-component---newResourceUnit--PLANNING_GROUP","interaction":{"idSuffix":"inner"}},"clearTextFirst":true,"interactionType":"ENTER_TEXT"}]}
COMMAND: POST /session/2dec2e3c010038984a3a166ea9fbc264/execute/async - {"script":"<script> [1562 bytes]","args":[{"selector":{"id":"application-manageresources-display-component---newResourceUnit--PLANNING_INDICATOR","interaction":{"idSuffix":"inner"}},"wdio_ui5_key":"applicationmanageresources-display-component---newResourceUnit--PLANNING_INDICATOR"}]}
RESULT: {"script":"<script> [1562 bytes]","args":[{"selector":{"id":"application-manageresources-display-component---newResourceUnit--PLANNING_INDICATOR","interaction":{"idSuffix":"inner"}},"wdio_ui5_key":"applicationmanageresources-display-component---newResourceUnit--PLANNING_INDICATOR"}]}
RESULT: undefined
COMMAND: POST /session/2dec2e3c010038984a3a166ea9fbc264/execute/async - {"script":"<script> [776 bytes]","args":[{"enterText":"10 - infinite","selector":{"id":"application-manageresources-display-component---newResourceUnit--PLANNING_INDICATOR","interaction":{"idSuffix":"inner"}},"clearTextFirst":true,"interactionType":"ENTER_TEXT"}]}
RESULT: {"script":"<script> [776 bytes]","args":[{"enterText":"10 - infinite","selector":{"id":"application-manageresources-display-component---newResourceUnit--PLANNING_INDICATOR","interaction":{"idSuffix":"inner"}},"clearTextFirst":true,"interactionType":"ENTER_TEXT"}]}
COMMAND: POST /session/2dec2e3c010038984a3a166ea9fbc264/element - {"using":"css selector","value":"#application-manageresources-display-component---newResourceUnit--btnAddTimeSegment"}
RESULT: {"using":"css selector","value":"#application-manageresources-display-component---newResourceUnit--btnAddTimeSegment"}
COMMAND: GET /session/2dec2e3c010038984a3a166ea9fbc264/element/f.D0EFFAE4382B1008F4D483A8F066EB66.d.7A1CDA8566878B8E04A2B0613D1AE43C.e.3255/rect - {}
RESULT: {}
COMMAND: GET /session/2dec2e3c010038984a3a166ea9fbc264/window/rect - {}
RESULT: {}
COMMAND: POST /session/2dec2e3c010038984a3a166ea9fbc264/execute/sync - {"script":"<script> [92 bytes]","args":[]}
RESULT: {"script":"<script> [92 bytes]","args":[]}
COMMAND: POST /session/2dec2e3c010038984a3a166ea9fbc264/actions - {"actions":[{"id":"action9","type":"wheel","parameters":{},"actions":[{"type":"scroll","x":-1888,"y":-32,"deltaX":0,"deltaY":0,"duration":0,"origin":{"element-6066-11e4-a52e-4f735466cecf":"f.D0EFFAE4382B1008F4D483A8F066EB66.d.7A1CDA8566878B8E04A2B0613D1AE43C.e.3255"}}]}]}
COMMAND: GET /session/2dec2e3c010038984a3a166ea9fbc264/screenshot - {}
RESULT: {}
COMMAND: POST /session/2dec2e3c010038984a3a166ea9fbc264/execute/sync - {"script":"<script> [79 bytes]","args":[{"element-6066-11e4-a52e-4f735466cecf":"f.D0EFFAE4382B1008F4D483A8F066EB66.d.7A1CDA8566878B8E04A2B0613D1AE43C.e.3255","ELEMENT":"f.D0EFFAE4382B1008F4D483A8F066EB66.d.7A1CDA8566878B8E04A2B0613D1AE43C.e.3255"},{"block":"start","inline":"nearest"}]}
RESULT: {"script":"<script> [79 bytes]","args":[{"element-6066-11e4-a52e-4f735466cecf":"f.D0EFFAE4382B1008F4D483A8F066EB66.d.7A1CDA8566878B8E04A2B0613D1AE43C.e.3255","ELEMENT":"f.D0EFFAE4382B1008F4D483A8F066EB66.d.7A1CDA8566878B8E04A2B0613D1AE43C.e.3255"},{"block":"start","inline":"nearest"}]}
COMMAND: POST /session/2dec2e3c010038984a3a166ea9fbc264/execute/async - {"script":"<script> [1562 bytes]","args":[{"selector":{"id":"application-manageresources-display-component---newResourceUnit--btnAddTimeSegment","interaction":{"idSuffix":"inner"}},"wdio_ui5_key":"applicationmanageresources-display-component---newResourceUnit--btnAddTimeSegment"}]}
COMMAND: GET /session/2dec2e3c010038984a3a166ea9fbc264/screenshot - {}
RESULT: {"script":"<script> [1562 bytes]","args":[{"selector":{"id":"application-manageresources-display-component---newResourceUnit--btnAddTimeSegment","interaction":{"idSuffix":"inner"}},"wdio_ui5_key":"applicationmanageresources-display-component---newResourceUnit--btnAddTimeSegment"}]}
RESULT: undefined
COMMAND: POST /session/2dec2e3c010038984a3a166ea9fbc264/element - {"using":"xpath","value":"//*[@id=\"application-manageresources-display-component---newResourceUnit--btnAddTimeSegment\"]"}
RESULT: {}
RESULT: {"using":"xpath","value":"//*[@id=\"application-manageresources-display-component---newResourceUnit--btnAddTimeSegment\"]"}
COMMAND: POST /session/2dec2e3c010038984a3a166ea9fbc264/element/f.D0EFFAE4382B1008F4D483A8F066EB66.d.7A1CDA8566878B8E04A2B0613D1AE43C.e.3255/click - {}
RESULT: {}
COMMAND: GET /session/2dec2e3c010038984a3a166ea9fbc264/screenshot - {}
RESULT: {}
COMMAND: POST /session/2dec2e3c010038984a3a166ea9fbc264/element - {"using":"xpath","value":"//input[@id=\"application-manageresources-display-component---newResourceUnit--idRuTSAdmin-application-manageresources-display-component---newResourceUnit--RUTimeSegment-0-inner\"]"}
RESULT: {"using":"xpath","value":"//input[@id=\"application-manageresources-display-component---newResourceUnit--idRuTSAdmin-application-manageresources-display-component---newResourceUnit--RUTimeSegment-0-inner\"]"}
COMMAND: POST /session/2dec2e3c010038984a3a166ea9fbc264/element/f.D0EFFAE4382B1008F4D483A8F066EB66.d.7A1CDA8566878B8E04A2B0613D1AE43C.e.3260/clear - {}
RESULT: {}
COMMAND: POST /session/2dec2e3c010038984a3a166ea9fbc264/element/f.D0EFFAE4382B1008F4D483A8F066EB66.d.7A1CDA8566878B8E04A2B0613D1AE43C.e.3260/value - {"text":"550"}
COMMAND: GET /session/2dec2e3c010038984a3a166ea9fbc264/screenshot - {}
RESULT: {"text":"550"}
COMMAND: GET /session/2dec2e3c010038984a3a166ea9fbc264/screenshot - {}
RESULT: {}
RESULT: {}
COMMAND: POST /session/2dec2e3c010038984a3a166ea9fbc264/element - {"using":"xpath","value":"//li[.//span[text()='550']]"}
RESULT: {"using":"xpath","value":"//li[.//span[text()='550']]"}
COMMAND: POST /session/2dec2e3c010038984a3a166ea9fbc264/element/f.D0EFFAE4382B1008F4D483A8F066EB66.d.7A1CDA8566878B8E04A2B0613D1AE43C.e.3269/click - {}
RESULT: {}
COMMAND: GET /session/2dec2e3c010038984a3a166ea9fbc264/screenshot - {}
RESULT: {}
COMMAND: POST /session/2dec2e3c010038984a3a166ea9fbc264/element - {"using":"xpath","value":"(//span[contains(@id, \"-application-manageresources-display-component---newResourceUnit--RUTimeSegment-0-arrow\")])[2]"}
RESULT: {"using":"xpath","value":"(//span[contains(@id, \"-application-manageresources-display-component---newResourceUnit--RUTimeSegment-0-arrow\")])[2]"}
COMMAND: POST /session/2dec2e3c010038984a3a166ea9fbc264/element/f.D0EFFAE4382B1008F4D483A8F066EB66.d.7A1CDA8566878B8E04A2B0613D1AE43C.e.3270/click - {}
RESULT: {}
COMMAND: POST /session/2dec2e3c010038984a3a166ea9fbc264/element - {"using":"xpath","value":"//span[contains(text(), \"PM Order\")]"}
COMMAND: GET /session/2dec2e3c010038984a3a166ea9fbc264/screenshot - {}
RESULT: {"using":"xpath","value":"//span[contains(text(), \"PM Order\")]"}
COMMAND: POST /session/2dec2e3c010038984a3a166ea9fbc264/element/f.D0EFFAE4382B1008F4D483A8F066EB66.d.7A1CDA8566878B8E04A2B0613D1AE43C.e.3271/click - {}
RESULT: {}
RESULT: {}
COMMAND: GET /session/2dec2e3c010038984a3a166ea9fbc264/screenshot - {}
RESULT: {}
COMMAND: POST /session/2dec2e3c010038984a3a166ea9fbc264/element - {"using":"xpath","value":"//td/div/div/div/span[contains(@id, \"newResourceUnit--RUTimeSegment-0-vhi\")][1]"}
RESULT: {"using":"xpath","value":"//td/div/div/div/span[contains(@id, \"newResourceUnit--RUTimeSegment-0-vhi\")][1]"}
COMMAND: GET /session/2dec2e3c010038984a3a166ea9fbc264/element/f.D0EFFAE4382B1008F4D483A8F066EB66.d.7A1CDA8566878B8E04A2B0613D1AE43C.e.3275/rect - {}
RESULT: {}
COMMAND: GET /session/2dec2e3c010038984a3a166ea9fbc264/window/rect - {}
RESULT: {}
COMMAND: POST /session/2dec2e3c010038984a3a166ea9fbc264/execute/sync - {"script":"<script> [92 bytes]","args":[]}
RESULT: {"script":"<script> [92 bytes]","args":[]}
COMMAND: POST /session/2dec2e3c010038984a3a166ea9fbc264/actions - {"actions":[{"id":"action10","type":"wheel","parameters":{},"actions":[{"type":"scroll","x":-1888,"y":-24,"deltaX":0,"deltaY":0,"duration":0,"origin":{"element-6066-11e4-a52e-4f735466cecf":"f.D0EFFAE4382B1008F4D483A8F066EB66.d.7A1CDA8566878B8E04A2B0613D1AE43C.e.3275"}}]}]}
COMMAND: GET /session/2dec2e3c010038984a3a166ea9fbc264/screenshot - {}
RESULT: {}
COMMAND: POST /session/2dec2e3c010038984a3a166ea9fbc264/execute/sync - {"script":"<script> [79 bytes]","args":[{"element-6066-11e4-a52e-4f735466cecf":"f.D0EFFAE4382B1008F4D483A8F066EB66.d.7A1CDA8566878B8E04A2B0613D1AE43C.e.3275","ELEMENT":"f.D0EFFAE4382B1008F4D483A8F066EB66.d.7A1CDA8566878B8E04A2B0613D1AE43C.e.3275"},{"block":"start","inline":"nearest"}]}
RESULT: {"script":"<script> [79 bytes]","args":[{"element-6066-11e4-a52e-4f735466cecf":"f.D0EFFAE4382B1008F4D483A8F066EB66.d.7A1CDA8566878B8E04A2B0613D1AE43C.e.3275","ELEMENT":"f.D0EFFAE4382B1008F4D483A8F066EB66.d.7A1CDA8566878B8E04A2B0613D1AE43C.e.3275"},{"block":"start","inline":"nearest"}]}
COMMAND: GET /session/2dec2e3c010038984a3a166ea9fbc264/screenshot - {}
RESULT: {}
COMMAND: POST /session/2dec2e3c010038984a3a166ea9fbc264/element/f.D0EFFAE4382B1008F4D483A8F066EB66.d.7A1CDA8566878B8E04A2B0613D1AE43C.e.3275/click - {}
RESULT: {}
COMMAND: GET /session/2dec2e3c010038984a3a166ea9fbc264/screenshot - {}
RESULT: {}
RESULT: undefined
COMMAND: POST /session/2dec2e3c010038984a3a166ea9fbc264/execute/async - {"script":"<script> [776 bytes]","args":[{"enterText":"4000360","selector":{"controlType":"sap.m.SearchField","properties":{"placeholder":"Search"},"searchOpenDialogs":true,"interaction":{"idSuffix":"I"}},"clearTextFirst":true,"interactionType":"ENTER_TEXT"}]}
RESULT: {"script":"<script> [776 bytes]","args":[{"enterText":"4000360","selector":{"controlType":"sap.m.SearchField","properties":{"placeholder":"Search"},"searchOpenDialogs":true,"interaction":{"idSuffix":"I"}},"clearTextFirst":true,"interactionType":"ENTER_TEXT"}]}
COMMAND: POST /session/2dec2e3c010038984a3a166ea9fbc264/actions - {"actions":[{"id":"action11","type":"key","parameters":{},"actions":[{"type":"keyDown","value":""},{"type":"pause","duration":10},{"type":"keyUp","value":""}]}]}
RESULT: {"actions":[{"id":"action11","type":"key","parameters":{},"actions":[{"type":"keyDown","value":""},{"type":"pause","duration":10},{"type":"keyUp","value":""}]}]}
COMMAND: GET /session/2dec2e3c010038984a3a166ea9fbc264/screenshot - {}
RESULT: {}
COMMAND: POST /session/2dec2e3c010038984a3a166ea9fbc264/element - {"using":"xpath","value":"//td/div/span[contains(text(), \"BGL Vehicles\")]"}
RESULT: {"using":"xpath","value":"//td/div/span[contains(text(), \"BGL Vehicles\")]"}
COMMAND: POST /session/2dec2e3c010038984a3a166ea9fbc264/element/f.D0EFFAE4382B1008F4D483A8F066EB66.d.7A1CDA8566878B8E04A2B0613D1AE43C.e.3296/click - {}
RESULT: {}
COMMAND: GET /session/2dec2e3c010038984a3a166ea9fbc264/screenshot - {}
RESULT: {}
COMMAND: POST /session/2dec2e3c010038984a3a166ea9fbc264/element - {"using":"xpath","value":"//bdi[contains(text(), \"OK\")]"}
RESULT: {"using":"xpath","value":"//bdi[contains(text(), \"OK\")]"}
COMMAND: POST /session/2dec2e3c010038984a3a166ea9fbc264/element/f.D0EFFAE4382B1008F4D483A8F066EB66.d.7A1CDA8566878B8E04A2B0613D1AE43C.e.3297/click - {}
RESULT: {}
COMMAND: GET /session/2dec2e3c010038984a3a166ea9fbc264/screenshot - {}
RESULT: {}
COMMAND: POST /session/2dec2e3c010038984a3a166ea9fbc264/element - {"using":"xpath","value":"//label[contains(@class, 'sapMLabelRequired') and .//bdi[contains(text(), 'Planned Retirement')]]"}
RESULT: {"using":"xpath","value":"//label[contains(@class, 'sapMLabelRequired') and .//bdi[contains(text(), 'Planned Retirement')]]"}
COMMAND: POST /session/2dec2e3c010038984a3a166ea9fbc264/elements - {"using":"xpath","value":"//label[contains(@class, 'sapMLabelRequired') and .//bdi[contains(text(), 'Planned Retirement')]]"}
RESULT: {"using":"xpath","value":"//label[contains(@class, 'sapMLabelRequired') and .//bdi[contains(text(), 'Planned Retirement')]]"}
COMMAND: POST /session/2dec2e3c010038984a3a166ea9fbc264/element - {"using":"xpath","value":"//button[@data-kt=\"resourceUnitSaveButton\"]"}
RESULT: {"using":"xpath","value":"//button[@data-kt=\"resourceUnitSaveButton\"]"}
COMMAND: POST /session/2dec2e3c010038984a3a166ea9fbc264/element/f.D0EFFAE4382B1008F4D483A8F066EB66.d.7A1CDA8566878B8E04A2B0613D1AE43C.e.3132/click - {}
RESULT: {}
COMMAND: GET /session/2dec2e3c010038984a3a166ea9fbc264/screenshot - {}
RESULT: {}
COMMAND: POST /session/2dec2e3c010038984a3a166ea9fbc264/element - {"using":"xpath","value":"//bdi[contains(text(), \"Close\")]"}
RESULT: {"using":"xpath","value":"//bdi[contains(text(), \"Close\")]"}
COMMAND: POST /session/2dec2e3c010038984a3a166ea9fbc264/element/f.D0EFFAE4382B1008F4D483A8F066EB66.d.7A1CDA8566878B8E04A2B0613D1AE43C.e.3303/click - {}
RESULT: {}
COMMAND: GET /session/2dec2e3c010038984a3a166ea9fbc264/screenshot - {}
RESULT: {}
COMMAND: POST /session/2dec2e3c010038984a3a166ea9fbc264/element - {"using":"xpath","value":"//header[contains(@id, 'detailRruPage-headerTitle')]/div[1]/div[2]/div[2]/span[1]"}
RESULT: {"using":"xpath","value":"//header[contains(@id, 'detailRruPage-headerTitle')]/div[1]/div[2]/div[2]/span[1]"}
COMMAND: POST /session/2dec2e3c010038984a3a166ea9fbc264/elements - {"using":"xpath","value":"//header[contains(@id, 'detailRruPage-headerTitle')]/div[1]/div[2]/div[2]/span[1]"}
RESULT: {"using":"xpath","value":"//header[contains(@id, 'detailRruPage-headerTitle')]/div[1]/div[2]/div[2]/span[1]"}
COMMAND: POST /session/2dec2e3c010038984a3a166ea9fbc264/execute/sync - {"script":"<script> [56 bytes]","args":[{"element-6066-11e4-a52e-4f735466cecf":"f.D0EFFAE4382B1008F4D483A8F066EB66.d.7A1CDA8566878B8E04A2B0613D1AE43C.e.3335","ELEMENT":"f.D0EFFAE4382B1008F4D483A8F066EB66.d.7A1CDA8566878B8E04A2B0613D1AE43C.e.3335"}]}
RESULT: {"script":"<script> [56 bytes]","args":[{"element-6066-11e4-a52e-4f735466cecf":"f.D0EFFAE4382B1008F4D483A8F066EB66.d.7A1CDA8566878B8E04A2B0613D1AE43C.e.3335","ELEMENT":"f.D0EFFAE4382B1008F4D483A8F066EB66.d.7A1CDA8566878B8E04A2B0613D1AE43C.e.3335"}]}
COMMAND: POST /session/2dec2e3c010038984a3a166ea9fbc264/element - {"using":"css selector","value":"#shell-header-logo"}
COMMAND: GET /session/2dec2e3c010038984a3a166ea9fbc264/screenshot - {}
RESULT: {"using":"css selector","value":"#shell-header-logo"}
COMMAND: POST /session/2dec2e3c010038984a3a166ea9fbc264/element/f.D0EFFAE4382B1008F4D483A8F066EB66.d.7A1CDA8566878B8E04A2B0613D1AE43C.e.2726/click - {}
RESULT: {}
RESULT: {}
COMMAND: GET /session/2dec2e3c010038984a3a166ea9fbc264/screenshot - {}
RESULT: {}
]]></system-out>
    </testcase>
    <testcase classname="chrome.136_0_7103_93.windows.Prerequisites_&amp;_test_for_yard_mass_return_on_Yard_Overview_US131057" name="Prereq Should do stock increase" time="101.272">
      <failure/>
      <error message="Can't call click on element with selector &quot;//li[.//span[contains(text(),'550 -')]]&quot; because element wasn't found"/>
      <system-out><![CDATA[
COMMAND: POST /session/2dec2e3c010038984a3a166ea9fbc264/execute/async - {"script":"<script> [1562 bytes]","args":[{"selector":{"controlType":"sap.m.GenericTile","properties":{"header":"Manage Handovers"}},"wdio_ui5_key":"sapm.GenericTile{\"header\":\"Manage Handovers\"}"}]}
RESULT: {"script":"<script> [1562 bytes]","args":[{"selector":{"controlType":"sap.m.GenericTile","properties":{"header":"Manage Handovers"}},"wdio_ui5_key":"sapm.GenericTile{\"header\":\"Manage Handovers\"}"}]}
RESULT: undefined
COMMAND: POST /session/2dec2e3c010038984a3a166ea9fbc264/element - {"using":"xpath","value":"//*[@id=\"__tile131\"]"}
RESULT: {"using":"xpath","value":"//*[@id=\"__tile131\"]"}
COMMAND: POST /session/2dec2e3c010038984a3a166ea9fbc264/element/f.D0EFFAE4382B1008F4D483A8F066EB66.d.7A1CDA8566878B8E04A2B0613D1AE43C.e.238/click - {}
RESULT: {}
COMMAND: GET /session/2dec2e3c010038984a3a166ea9fbc264/screenshot - {}
RESULT: {}
COMMAND: POST /session/2dec2e3c010038984a3a166ea9fbc264/elements - {"using":"xpath","value":"//span[text()='Error']"}
RESULT: {"using":"xpath","value":"//span[text()='Error']"}
COMMAND: POST /session/2dec2e3c010038984a3a166ea9fbc264/element - {"using":"xpath","value":"//button[@data-kt=\"masterHOAddButton\"]"}
RESULT: {"using":"xpath","value":"//button[@data-kt=\"masterHOAddButton\"]"}
COMMAND: POST /session/2dec2e3c010038984a3a166ea9fbc264/elements - {"using":"xpath","value":"//button[@data-kt=\"masterHOAddButton\"]"}
RESULT: {"using":"xpath","value":"//button[@data-kt=\"masterHOAddButton\"]"}
COMMAND: POST /session/2dec2e3c010038984a3a166ea9fbc264/elements - {"using":"xpath","value":"//button[@data-kt=\"masterHOAddButton\"]"}
RESULT: {"using":"xpath","value":"//button[@data-kt=\"masterHOAddButton\"]"}
COMMAND: POST /session/2dec2e3c010038984a3a166ea9fbc264/element - {"using":"xpath","value":"//button[@data-kt=\"masterHOAddButton\"]"}
RESULT: {"using":"xpath","value":"//button[@data-kt=\"masterHOAddButton\"]"}
COMMAND: POST /session/2dec2e3c010038984a3a166ea9fbc264/execute/sync - {"script":"<script> [8489 bytes]","args":[{"element-6066-11e4-a52e-4f735466cecf":"f.D0EFFAE4382B1008F4D483A8F066EB66.d.7A1CDA8566878B8E04A2B0613D1AE43C.e.3374","ELEMENT":"f.D0EFFAE4382B1008F4D483A8F066EB66.d.7A1CDA8566878B8E04A2B0613D1AE43C.e.3374"}]}
RESULT: {"script":"<script> [8489 bytes]","args":[{"element-6066-11e4-a52e-4f735466cecf":"f.D0EFFAE4382B1008F4D483A8F066EB66.d.7A1CDA8566878B8E04A2B0613D1AE43C.e.3374","ELEMENT":"f.D0EFFAE4382B1008F4D483A8F066EB66.d.7A1CDA8566878B8E04A2B0613D1AE43C.e.3374"}]}
COMMAND: GET /session/2dec2e3c010038984a3a166ea9fbc264/element/f.D0EFFAE4382B1008F4D483A8F066EB66.d.7A1CDA8566878B8E04A2B0613D1AE43C.e.3374/enabled - {}
COMMAND: GET /session/2dec2e3c010038984a3a166ea9fbc264/screenshot - {}
RESULT: {}
COMMAND: POST /session/2dec2e3c010038984a3a166ea9fbc264/execute/sync - {"script":"<script> [8489 bytes]","args":[{"element-6066-11e4-a52e-4f735466cecf":"f.D0EFFAE4382B1008F4D483A8F066EB66.d.7A1CDA8566878B8E04A2B0613D1AE43C.e.3374","ELEMENT":"f.D0EFFAE4382B1008F4D483A8F066EB66.d.7A1CDA8566878B8E04A2B0613D1AE43C.e.3374"}]}
COMMAND: GET /session/2dec2e3c010038984a3a166ea9fbc264/screenshot - {}
RESULT: {}
RESULT: {"script":"<script> [8489 bytes]","args":[{"element-6066-11e4-a52e-4f735466cecf":"f.D0EFFAE4382B1008F4D483A8F066EB66.d.7A1CDA8566878B8E04A2B0613D1AE43C.e.3374","ELEMENT":"f.D0EFFAE4382B1008F4D483A8F066EB66.d.7A1CDA8566878B8E04A2B0613D1AE43C.e.3374"}]}
COMMAND: POST /session/2dec2e3c010038984a3a166ea9fbc264/execute/sync - {"script":"<script> [5351 bytes]","args":[{"element-6066-11e4-a52e-4f735466cecf":"f.D0EFFAE4382B1008F4D483A8F066EB66.d.7A1CDA8566878B8E04A2B0613D1AE43C.e.3374","ELEMENT":"f.D0EFFAE4382B1008F4D483A8F066EB66.d.7A1CDA8566878B8E04A2B0613D1AE43C.e.3374"}]}
COMMAND: GET /session/2dec2e3c010038984a3a166ea9fbc264/screenshot - {}
RESULT: {}
RESULT: {"script":"<script> [5351 bytes]","args":[{"element-6066-11e4-a52e-4f735466cecf":"f.D0EFFAE4382B1008F4D483A8F066EB66.d.7A1CDA8566878B8E04A2B0613D1AE43C.e.3374","ELEMENT":"f.D0EFFAE4382B1008F4D483A8F066EB66.d.7A1CDA8566878B8E04A2B0613D1AE43C.e.3374"}]}
COMMAND: POST /session/2dec2e3c010038984a3a166ea9fbc264/element/f.D0EFFAE4382B1008F4D483A8F066EB66.d.7A1CDA8566878B8E04A2B0613D1AE43C.e.3374/click - {}
COMMAND: GET /session/2dec2e3c010038984a3a166ea9fbc264/screenshot - {}
RESULT: {}
RESULT: {}
COMMAND: GET /session/2dec2e3c010038984a3a166ea9fbc264/screenshot - {}
RESULT: {}
RESULT: {}
COMMAND: POST /session/2dec2e3c010038984a3a166ea9fbc264/element - {"using":"xpath","value":"//span[contains(@id ,\"AddNewHO--typeSelect-arrow\")]"}
RESULT: {"using":"xpath","value":"//span[contains(@id ,\"AddNewHO--typeSelect-arrow\")]"}
COMMAND: POST /session/2dec2e3c010038984a3a166ea9fbc264/element/f.D0EFFAE4382B1008F4D483A8F066EB66.d.7A1CDA8566878B8E04A2B0613D1AE43C.e.3729/click - {}
RESULT: {}
COMMAND: GET /session/2dec2e3c010038984a3a166ea9fbc264/screenshot - {}
RESULT: {}
COMMAND: POST /session/2dec2e3c010038984a3a166ea9fbc264/element - {"using":"xpath","value":"(//li[contains(text(), \"stock increase yard\")])[1]"}
RESULT: {"using":"xpath","value":"(//li[contains(text(), \"stock increase yard\")])[1]"}
COMMAND: POST /session/2dec2e3c010038984a3a166ea9fbc264/element/f.D0EFFAE4382B1008F4D483A8F066EB66.d.7A1CDA8566878B8E04A2B0613D1AE43C.e.3730/click - {}
RESULT: {}
COMMAND: GET /session/2dec2e3c010038984a3a166ea9fbc264/screenshot - {}
RESULT: {}
COMMAND: POST /session/2dec2e3c010038984a3a166ea9fbc264/execute/async - {"script":"<script> [1562 bytes]","args":[{"selector":{"id":"application-managehandovers-display-component---AddNewHO--dueDate","interaction":{"idSuffix":"inner"}},"wdio_ui5_key":"applicationmanagehandovers-display-component---AddNewHO--dueDate"}]}
RESULT: {"script":"<script> [1562 bytes]","args":[{"selector":{"id":"application-managehandovers-display-component---AddNewHO--dueDate","interaction":{"idSuffix":"inner"}},"wdio_ui5_key":"applicationmanagehandovers-display-component---AddNewHO--dueDate"}]}
RESULT: undefined
COMMAND: POST /session/2dec2e3c010038984a3a166ea9fbc264/execute/async - {"script":"<script> [6424 bytes]","args":[{"element-6066-11e4-a52e-4f735466cecf":"f.D0EFFAE4382B1008F4D483A8F066EB66.d.7A1CDA8566878B8E04A2B0613D1AE43C.e.3732"},"setValue",["6/1/25"]]}
RESULT: {"script":"<script> [6424 bytes]","args":[{"element-6066-11e4-a52e-4f735466cecf":"f.D0EFFAE4382B1008F4D483A8F066EB66.d.7A1CDA8566878B8E04A2B0613D1AE43C.e.3732"},"setValue",["6/1/25"]]}
COMMAND: POST /session/2dec2e3c010038984a3a166ea9fbc264/element - {"using":"xpath","value":"//input[@id=\"generalSectionFrg--receiveYard-inner\"]"}
RESULT: {"using":"xpath","value":"//input[@id=\"generalSectionFrg--receiveYard-inner\"]"}
COMMAND: POST /session/2dec2e3c010038984a3a166ea9fbc264/element/f.D0EFFAE4382B1008F4D483A8F066EB66.d.7A1CDA8566878B8E04A2B0613D1AE43C.e.3738/clear - {}
RESULT: {}
COMMAND: POST /session/2dec2e3c010038984a3a166ea9fbc264/element/f.D0EFFAE4382B1008F4D483A8F066EB66.d.7A1CDA8566878B8E04A2B0613D1AE43C.e.3738/value - {"text":"550"}
COMMAND: GET /session/2dec2e3c010038984a3a166ea9fbc264/screenshot - {}
RESULT: {"text":"550"}
COMMAND: GET /session/2dec2e3c010038984a3a166ea9fbc264/screenshot - {}
RESULT: {}
RESULT: {}
COMMAND: POST /session/2dec2e3c010038984a3a166ea9fbc264/element - {"using":"xpath","value":"//li[.//span[contains(text(),'550 -')]]"}
RESULT: {"using":"xpath","value":"//li[.//span[contains(text(),'550 -')]]"}
COMMAND: POST /session/2dec2e3c010038984a3a166ea9fbc264/elements - {"using":"xpath","value":"//li[.//span[contains(text(),'550 -')]]"}
RESULT: {"using":"xpath","value":"//li[.//span[contains(text(),'550 -')]]"}
COMMAND: POST /session/2dec2e3c010038984a3a166ea9fbc264/elements - {"using":"xpath","value":"//li[.//span[contains(text(),'550 -')]]"}
RESULT: {"using":"xpath","value":"//li[.//span[contains(text(),'550 -')]]"}
COMMAND: POST /session/2dec2e3c010038984a3a166ea9fbc264/elements - {"using":"xpath","value":"//li[.//span[contains(text(),'550 -')]]"}
RESULT: {"using":"xpath","value":"//li[.//span[contains(text(),'550 -')]]"}
COMMAND: POST /session/2dec2e3c010038984a3a166ea9fbc264/elements - {"using":"xpath","value":"//li[.//span[contains(text(),'550 -')]]"}
RESULT: {"using":"xpath","value":"//li[.//span[contains(text(),'550 -')]]"}
COMMAND: POST /session/2dec2e3c010038984a3a166ea9fbc264/elements - {"using":"xpath","value":"//li[.//span[contains(text(),'550 -')]]"}
RESULT: {"using":"xpath","value":"//li[.//span[contains(text(),'550 -')]]"}
COMMAND: POST /session/2dec2e3c010038984a3a166ea9fbc264/elements - {"using":"xpath","value":"//li[.//span[contains(text(),'550 -')]]"}
RESULT: {"using":"xpath","value":"//li[.//span[contains(text(),'550 -')]]"}
COMMAND: POST /session/2dec2e3c010038984a3a166ea9fbc264/elements - {"using":"xpath","value":"//li[.//span[contains(text(),'550 -')]]"}
RESULT: {"using":"xpath","value":"//li[.//span[contains(text(),'550 -')]]"}
COMMAND: POST /session/2dec2e3c010038984a3a166ea9fbc264/elements - {"using":"xpath","value":"//li[.//span[contains(text(),'550 -')]]"}
RESULT: {"using":"xpath","value":"//li[.//span[contains(text(),'550 -')]]"}
COMMAND: POST /session/2dec2e3c010038984a3a166ea9fbc264/elements - {"using":"xpath","value":"//li[.//span[contains(text(),'550 -')]]"}
RESULT: {"using":"xpath","value":"//li[.//span[contains(text(),'550 -')]]"}
COMMAND: POST /session/2dec2e3c010038984a3a166ea9fbc264/elements - {"using":"xpath","value":"//li[.//span[contains(text(),'550 -')]]"}
RESULT: {"using":"xpath","value":"//li[.//span[contains(text(),'550 -')]]"}
COMMAND: POST /session/2dec2e3c010038984a3a166ea9fbc264/elements - {"using":"xpath","value":"//li[.//span[contains(text(),'550 -')]]"}
RESULT: {"using":"xpath","value":"//li[.//span[contains(text(),'550 -')]]"}
COMMAND: POST /session/2dec2e3c010038984a3a166ea9fbc264/elements - {"using":"xpath","value":"//li[.//span[contains(text(),'550 -')]]"}
RESULT: {"using":"xpath","value":"//li[.//span[contains(text(),'550 -')]]"}
COMMAND: POST /session/2dec2e3c010038984a3a166ea9fbc264/elements - {"using":"xpath","value":"//li[.//span[contains(text(),'550 -')]]"}
RESULT: {"using":"xpath","value":"//li[.//span[contains(text(),'550 -')]]"}
COMMAND: POST /session/2dec2e3c010038984a3a166ea9fbc264/elements - {"using":"xpath","value":"//li[.//span[contains(text(),'550 -')]]"}
RESULT: {"using":"xpath","value":"//li[.//span[contains(text(),'550 -')]]"}
COMMAND: POST /session/2dec2e3c010038984a3a166ea9fbc264/elements - {"using":"xpath","value":"//li[.//span[contains(text(),'550 -')]]"}
RESULT: {"using":"xpath","value":"//li[.//span[contains(text(),'550 -')]]"}
COMMAND: POST /session/2dec2e3c010038984a3a166ea9fbc264/elements - {"using":"xpath","value":"//li[.//span[contains(text(),'550 -')]]"}
RESULT: {"using":"xpath","value":"//li[.//span[contains(text(),'550 -')]]"}
COMMAND: POST /session/2dec2e3c010038984a3a166ea9fbc264/elements - {"using":"xpath","value":"//li[.//span[contains(text(),'550 -')]]"}
RESULT: {"using":"xpath","value":"//li[.//span[contains(text(),'550 -')]]"}
COMMAND: POST /session/2dec2e3c010038984a3a166ea9fbc264/elements - {"using":"xpath","value":"//li[.//span[contains(text(),'550 -')]]"}
RESULT: {"using":"xpath","value":"//li[.//span[contains(text(),'550 -')]]"}
COMMAND: POST /session/2dec2e3c010038984a3a166ea9fbc264/elements - {"using":"xpath","value":"//li[.//span[contains(text(),'550 -')]]"}
RESULT: {"using":"xpath","value":"//li[.//span[contains(text(),'550 -')]]"}
COMMAND: POST /session/2dec2e3c010038984a3a166ea9fbc264/elements - {"using":"xpath","value":"//li[.//span[contains(text(),'550 -')]]"}
RESULT: {"using":"xpath","value":"//li[.//span[contains(text(),'550 -')]]"}
COMMAND: POST /session/2dec2e3c010038984a3a166ea9fbc264/elements - {"using":"xpath","value":"//li[.//span[contains(text(),'550 -')]]"}
RESULT: {"using":"xpath","value":"//li[.//span[contains(text(),'550 -')]]"}
COMMAND: POST /session/2dec2e3c010038984a3a166ea9fbc264/elements - {"using":"xpath","value":"//li[.//span[contains(text(),'550 -')]]"}
RESULT: {"using":"xpath","value":"//li[.//span[contains(text(),'550 -')]]"}
COMMAND: POST /session/2dec2e3c010038984a3a166ea9fbc264/elements - {"using":"xpath","value":"//li[.//span[contains(text(),'550 -')]]"}
RESULT: {"using":"xpath","value":"//li[.//span[contains(text(),'550 -')]]"}
COMMAND: POST /session/2dec2e3c010038984a3a166ea9fbc264/elements - {"using":"xpath","value":"//li[.//span[contains(text(),'550 -')]]"}
RESULT: {"using":"xpath","value":"//li[.//span[contains(text(),'550 -')]]"}
COMMAND: POST /session/2dec2e3c010038984a3a166ea9fbc264/elements - {"using":"xpath","value":"//li[.//span[contains(text(),'550 -')]]"}
RESULT: {"using":"xpath","value":"//li[.//span[contains(text(),'550 -')]]"}
COMMAND: POST /session/2dec2e3c010038984a3a166ea9fbc264/elements - {"using":"xpath","value":"//li[.//span[contains(text(),'550 -')]]"}
RESULT: {"using":"xpath","value":"//li[.//span[contains(text(),'550 -')]]"}
COMMAND: POST /session/2dec2e3c010038984a3a166ea9fbc264/elements - {"using":"xpath","value":"//li[.//span[contains(text(),'550 -')]]"}
RESULT: {"using":"xpath","value":"//li[.//span[contains(text(),'550 -')]]"}
COMMAND: POST /session/2dec2e3c010038984a3a166ea9fbc264/elements - {"using":"xpath","value":"//li[.//span[contains(text(),'550 -')]]"}
RESULT: {"using":"xpath","value":"//li[.//span[contains(text(),'550 -')]]"}
COMMAND: POST /session/2dec2e3c010038984a3a166ea9fbc264/elements - {"using":"xpath","value":"//li[.//span[contains(text(),'550 -')]]"}
RESULT: {"using":"xpath","value":"//li[.//span[contains(text(),'550 -')]]"}
COMMAND: POST /session/2dec2e3c010038984a3a166ea9fbc264/elements - {"using":"xpath","value":"//li[.//span[contains(text(),'550 -')]]"}
RESULT: {"using":"xpath","value":"//li[.//span[contains(text(),'550 -')]]"}
COMMAND: POST /session/2dec2e3c010038984a3a166ea9fbc264/elements - {"using":"xpath","value":"//li[.//span[contains(text(),'550 -')]]"}
RESULT: {"using":"xpath","value":"//li[.//span[contains(text(),'550 -')]]"}
COMMAND: POST /session/2dec2e3c010038984a3a166ea9fbc264/elements - {"using":"xpath","value":"//li[.//span[contains(text(),'550 -')]]"}
RESULT: {"using":"xpath","value":"//li[.//span[contains(text(),'550 -')]]"}
COMMAND: POST /session/2dec2e3c010038984a3a166ea9fbc264/elements - {"using":"xpath","value":"//li[.//span[contains(text(),'550 -')]]"}
RESULT: {"using":"xpath","value":"//li[.//span[contains(text(),'550 -')]]"}
COMMAND: POST /session/2dec2e3c010038984a3a166ea9fbc264/elements - {"using":"xpath","value":"//li[.//span[contains(text(),'550 -')]]"}
RESULT: {"using":"xpath","value":"//li[.//span[contains(text(),'550 -')]]"}
COMMAND: POST /session/2dec2e3c010038984a3a166ea9fbc264/elements - {"using":"xpath","value":"//li[.//span[contains(text(),'550 -')]]"}
RESULT: {"using":"xpath","value":"//li[.//span[contains(text(),'550 -')]]"}
COMMAND: POST /session/2dec2e3c010038984a3a166ea9fbc264/elements - {"using":"xpath","value":"//li[.//span[contains(text(),'550 -')]]"}
RESULT: {"using":"xpath","value":"//li[.//span[contains(text(),'550 -')]]"}
COMMAND: POST /session/2dec2e3c010038984a3a166ea9fbc264/elements - {"using":"xpath","value":"//li[.//span[contains(text(),'550 -')]]"}
RESULT: {"using":"xpath","value":"//li[.//span[contains(text(),'550 -')]]"}
COMMAND: POST /session/2dec2e3c010038984a3a166ea9fbc264/elements - {"using":"xpath","value":"//li[.//span[contains(text(),'550 -')]]"}
RESULT: {"using":"xpath","value":"//li[.//span[contains(text(),'550 -')]]"}
COMMAND: POST /session/2dec2e3c010038984a3a166ea9fbc264/elements - {"using":"xpath","value":"//li[.//span[contains(text(),'550 -')]]"}
RESULT: {"using":"xpath","value":"//li[.//span[contains(text(),'550 -')]]"}
COMMAND: POST /session/2dec2e3c010038984a3a166ea9fbc264/elements - {"using":"xpath","value":"//li[.//span[contains(text(),'550 -')]]"}
RESULT: {"using":"xpath","value":"//li[.//span[contains(text(),'550 -')]]"}
COMMAND: POST /session/2dec2e3c010038984a3a166ea9fbc264/elements - {"using":"xpath","value":"//li[.//span[contains(text(),'550 -')]]"}
RESULT: {"using":"xpath","value":"//li[.//span[contains(text(),'550 -')]]"}
COMMAND: POST /session/2dec2e3c010038984a3a166ea9fbc264/elements - {"using":"xpath","value":"//li[.//span[contains(text(),'550 -')]]"}
RESULT: {"using":"xpath","value":"//li[.//span[contains(text(),'550 -')]]"}
COMMAND: POST /session/2dec2e3c010038984a3a166ea9fbc264/elements - {"using":"xpath","value":"//li[.//span[contains(text(),'550 -')]]"}
RESULT: {"using":"xpath","value":"//li[.//span[contains(text(),'550 -')]]"}
COMMAND: POST /session/2dec2e3c010038984a3a166ea9fbc264/elements - {"using":"xpath","value":"//li[.//span[contains(text(),'550 -')]]"}
RESULT: {"using":"xpath","value":"//li[.//span[contains(text(),'550 -')]]"}
COMMAND: POST /session/2dec2e3c010038984a3a166ea9fbc264/elements - {"using":"xpath","value":"//li[.//span[contains(text(),'550 -')]]"}
RESULT: {"using":"xpath","value":"//li[.//span[contains(text(),'550 -')]]"}
COMMAND: POST /session/2dec2e3c010038984a3a166ea9fbc264/elements - {"using":"xpath","value":"//li[.//span[contains(text(),'550 -')]]"}
RESULT: {"using":"xpath","value":"//li[.//span[contains(text(),'550 -')]]"}
COMMAND: POST /session/2dec2e3c010038984a3a166ea9fbc264/elements - {"using":"xpath","value":"//li[.//span[contains(text(),'550 -')]]"}
RESULT: {"using":"xpath","value":"//li[.//span[contains(text(),'550 -')]]"}
COMMAND: POST /session/2dec2e3c010038984a3a166ea9fbc264/elements - {"using":"xpath","value":"//li[.//span[contains(text(),'550 -')]]"}
RESULT: {"using":"xpath","value":"//li[.//span[contains(text(),'550 -')]]"}
COMMAND: POST /session/2dec2e3c010038984a3a166ea9fbc264/elements - {"using":"xpath","value":"//li[.//span[contains(text(),'550 -')]]"}
RESULT: {"using":"xpath","value":"//li[.//span[contains(text(),'550 -')]]"}
COMMAND: POST /session/2dec2e3c010038984a3a166ea9fbc264/elements - {"using":"xpath","value":"//li[.//span[contains(text(),'550 -')]]"}
RESULT: {"using":"xpath","value":"//li[.//span[contains(text(),'550 -')]]"}
COMMAND: POST /session/2dec2e3c010038984a3a166ea9fbc264/elements - {"using":"xpath","value":"//li[.//span[contains(text(),'550 -')]]"}
RESULT: {"using":"xpath","value":"//li[.//span[contains(text(),'550 -')]]"}
COMMAND: POST /session/2dec2e3c010038984a3a166ea9fbc264/elements - {"using":"xpath","value":"//li[.//span[contains(text(),'550 -')]]"}
RESULT: {"using":"xpath","value":"//li[.//span[contains(text(),'550 -')]]"}
COMMAND: POST /session/2dec2e3c010038984a3a166ea9fbc264/elements - {"using":"xpath","value":"//li[.//span[contains(text(),'550 -')]]"}
RESULT: {"using":"xpath","value":"//li[.//span[contains(text(),'550 -')]]"}
COMMAND: POST /session/2dec2e3c010038984a3a166ea9fbc264/elements - {"using":"xpath","value":"//li[.//span[contains(text(),'550 -')]]"}
RESULT: {"using":"xpath","value":"//li[.//span[contains(text(),'550 -')]]"}
COMMAND: POST /session/2dec2e3c010038984a3a166ea9fbc264/elements - {"using":"xpath","value":"//li[.//span[contains(text(),'550 -')]]"}
RESULT: {"using":"xpath","value":"//li[.//span[contains(text(),'550 -')]]"}
COMMAND: POST /session/2dec2e3c010038984a3a166ea9fbc264/elements - {"using":"xpath","value":"//li[.//span[contains(text(),'550 -')]]"}
RESULT: {"using":"xpath","value":"//li[.//span[contains(text(),'550 -')]]"}
COMMAND: POST /session/2dec2e3c010038984a3a166ea9fbc264/elements - {"using":"xpath","value":"//li[.//span[contains(text(),'550 -')]]"}
RESULT: {"using":"xpath","value":"//li[.//span[contains(text(),'550 -')]]"}
COMMAND: POST /session/2dec2e3c010038984a3a166ea9fbc264/elements - {"using":"xpath","value":"//li[.//span[contains(text(),'550 -')]]"}
RESULT: {"using":"xpath","value":"//li[.//span[contains(text(),'550 -')]]"}
COMMAND: POST /session/2dec2e3c010038984a3a166ea9fbc264/elements - {"using":"xpath","value":"//li[.//span[contains(text(),'550 -')]]"}
RESULT: {"using":"xpath","value":"//li[.//span[contains(text(),'550 -')]]"}
COMMAND: POST /session/2dec2e3c010038984a3a166ea9fbc264/elements - {"using":"xpath","value":"//li[.//span[contains(text(),'550 -')]]"}
RESULT: {"using":"xpath","value":"//li[.//span[contains(text(),'550 -')]]"}
COMMAND: POST /session/2dec2e3c010038984a3a166ea9fbc264/elements - {"using":"xpath","value":"//li[.//span[contains(text(),'550 -')]]"}
RESULT: {"using":"xpath","value":"//li[.//span[contains(text(),'550 -')]]"}
COMMAND: POST /session/2dec2e3c010038984a3a166ea9fbc264/elements - {"using":"xpath","value":"//li[.//span[contains(text(),'550 -')]]"}
RESULT: {"using":"xpath","value":"//li[.//span[contains(text(),'550 -')]]"}
COMMAND: POST /session/2dec2e3c010038984a3a166ea9fbc264/elements - {"using":"xpath","value":"//li[.//span[contains(text(),'550 -')]]"}
RESULT: {"using":"xpath","value":"//li[.//span[contains(text(),'550 -')]]"}
COMMAND: POST /session/2dec2e3c010038984a3a166ea9fbc264/elements - {"using":"xpath","value":"//li[.//span[contains(text(),'550 -')]]"}
RESULT: {"using":"xpath","value":"//li[.//span[contains(text(),'550 -')]]"}
COMMAND: POST /session/2dec2e3c010038984a3a166ea9fbc264/elements - {"using":"xpath","value":"//li[.//span[contains(text(),'550 -')]]"}
RESULT: {"using":"xpath","value":"//li[.//span[contains(text(),'550 -')]]"}
COMMAND: POST /session/2dec2e3c010038984a3a166ea9fbc264/elements - {"using":"xpath","value":"//li[.//span[contains(text(),'550 -')]]"}
RESULT: {"using":"xpath","value":"//li[.//span[contains(text(),'550 -')]]"}
COMMAND: POST /session/2dec2e3c010038984a3a166ea9fbc264/elements - {"using":"xpath","value":"//li[.//span[contains(text(),'550 -')]]"}
RESULT: {"using":"xpath","value":"//li[.//span[contains(text(),'550 -')]]"}
COMMAND: POST /session/2dec2e3c010038984a3a166ea9fbc264/elements - {"using":"xpath","value":"//li[.//span[contains(text(),'550 -')]]"}
RESULT: {"using":"xpath","value":"//li[.//span[contains(text(),'550 -')]]"}
COMMAND: POST /session/2dec2e3c010038984a3a166ea9fbc264/elements - {"using":"xpath","value":"//li[.//span[contains(text(),'550 -')]]"}
RESULT: {"using":"xpath","value":"//li[.//span[contains(text(),'550 -')]]"}
COMMAND: POST /session/2dec2e3c010038984a3a166ea9fbc264/elements - {"using":"xpath","value":"//li[.//span[contains(text(),'550 -')]]"}
RESULT: {"using":"xpath","value":"//li[.//span[contains(text(),'550 -')]]"}
COMMAND: POST /session/2dec2e3c010038984a3a166ea9fbc264/elements - {"using":"xpath","value":"//li[.//span[contains(text(),'550 -')]]"}
RESULT: {"using":"xpath","value":"//li[.//span[contains(text(),'550 -')]]"}
COMMAND: POST /session/2dec2e3c010038984a3a166ea9fbc264/elements - {"using":"xpath","value":"//li[.//span[contains(text(),'550 -')]]"}
RESULT: {"using":"xpath","value":"//li[.//span[contains(text(),'550 -')]]"}
COMMAND: POST /session/2dec2e3c010038984a3a166ea9fbc264/elements - {"using":"xpath","value":"//li[.//span[contains(text(),'550 -')]]"}
RESULT: {"using":"xpath","value":"//li[.//span[contains(text(),'550 -')]]"}
COMMAND: POST /session/2dec2e3c010038984a3a166ea9fbc264/elements - {"using":"xpath","value":"//li[.//span[contains(text(),'550 -')]]"}
RESULT: {"using":"xpath","value":"//li[.//span[contains(text(),'550 -')]]"}
COMMAND: POST /session/2dec2e3c010038984a3a166ea9fbc264/elements - {"using":"xpath","value":"//li[.//span[contains(text(),'550 -')]]"}
RESULT: {"using":"xpath","value":"//li[.//span[contains(text(),'550 -')]]"}
COMMAND: POST /session/2dec2e3c010038984a3a166ea9fbc264/elements - {"using":"xpath","value":"//li[.//span[contains(text(),'550 -')]]"}
RESULT: {"using":"xpath","value":"//li[.//span[contains(text(),'550 -')]]"}
COMMAND: POST /session/2dec2e3c010038984a3a166ea9fbc264/elements - {"using":"xpath","value":"//li[.//span[contains(text(),'550 -')]]"}
RESULT: {"using":"xpath","value":"//li[.//span[contains(text(),'550 -')]]"}
COMMAND: POST /session/2dec2e3c010038984a3a166ea9fbc264/elements - {"using":"xpath","value":"//li[.//span[contains(text(),'550 -')]]"}
RESULT: {"using":"xpath","value":"//li[.//span[contains(text(),'550 -')]]"}
COMMAND: POST /session/2dec2e3c010038984a3a166ea9fbc264/elements - {"using":"xpath","value":"//li[.//span[contains(text(),'550 -')]]"}
RESULT: {"using":"xpath","value":"//li[.//span[contains(text(),'550 -')]]"}
COMMAND: POST /session/2dec2e3c010038984a3a166ea9fbc264/elements - {"using":"xpath","value":"//li[.//span[contains(text(),'550 -')]]"}
RESULT: {"using":"xpath","value":"//li[.//span[contains(text(),'550 -')]]"}
COMMAND: POST /session/2dec2e3c010038984a3a166ea9fbc264/elements - {"using":"xpath","value":"//li[.//span[contains(text(),'550 -')]]"}
RESULT: {"using":"xpath","value":"//li[.//span[contains(text(),'550 -')]]"}
COMMAND: POST /session/2dec2e3c010038984a3a166ea9fbc264/elements - {"using":"xpath","value":"//li[.//span[contains(text(),'550 -')]]"}
RESULT: {"using":"xpath","value":"//li[.//span[contains(text(),'550 -')]]"}
COMMAND: POST /session/2dec2e3c010038984a3a166ea9fbc264/elements - {"using":"xpath","value":"//li[.//span[contains(text(),'550 -')]]"}
RESULT: {"using":"xpath","value":"//li[.//span[contains(text(),'550 -')]]"}
COMMAND: POST /session/2dec2e3c010038984a3a166ea9fbc264/elements - {"using":"xpath","value":"//li[.//span[contains(text(),'550 -')]]"}
RESULT: {"using":"xpath","value":"//li[.//span[contains(text(),'550 -')]]"}
COMMAND: POST /session/2dec2e3c010038984a3a166ea9fbc264/elements - {"using":"xpath","value":"//li[.//span[contains(text(),'550 -')]]"}
RESULT: {"using":"xpath","value":"//li[.//span[contains(text(),'550 -')]]"}
COMMAND: POST /session/2dec2e3c010038984a3a166ea9fbc264/elements - {"using":"xpath","value":"//li[.//span[contains(text(),'550 -')]]"}
RESULT: {"using":"xpath","value":"//li[.//span[contains(text(),'550 -')]]"}
COMMAND: POST /session/2dec2e3c010038984a3a166ea9fbc264/elements - {"using":"xpath","value":"//li[.//span[contains(text(),'550 -')]]"}
RESULT: {"using":"xpath","value":"//li[.//span[contains(text(),'550 -')]]"}
COMMAND: POST /session/2dec2e3c010038984a3a166ea9fbc264/elements - {"using":"xpath","value":"//li[.//span[contains(text(),'550 -')]]"}
RESULT: {"using":"xpath","value":"//li[.//span[contains(text(),'550 -')]]"}
COMMAND: POST /session/2dec2e3c010038984a3a166ea9fbc264/elements - {"using":"xpath","value":"//li[.//span[contains(text(),'550 -')]]"}
RESULT: {"using":"xpath","value":"//li[.//span[contains(text(),'550 -')]]"}
COMMAND: POST /session/2dec2e3c010038984a3a166ea9fbc264/elements - {"using":"xpath","value":"//li[.//span[contains(text(),'550 -')]]"}
RESULT: {"using":"xpath","value":"//li[.//span[contains(text(),'550 -')]]"}
COMMAND: POST /session/2dec2e3c010038984a3a166ea9fbc264/elements - {"using":"xpath","value":"//li[.//span[contains(text(),'550 -')]]"}
RESULT: {"using":"xpath","value":"//li[.//span[contains(text(),'550 -')]]"}
COMMAND: POST /session/2dec2e3c010038984a3a166ea9fbc264/elements - {"using":"xpath","value":"//li[.//span[contains(text(),'550 -')]]"}
RESULT: {"using":"xpath","value":"//li[.//span[contains(text(),'550 -')]]"}
COMMAND: POST /session/2dec2e3c010038984a3a166ea9fbc264/elements - {"using":"xpath","value":"//li[.//span[contains(text(),'550 -')]]"}
RESULT: {"using":"xpath","value":"//li[.//span[contains(text(),'550 -')]]"}
COMMAND: POST /session/2dec2e3c010038984a3a166ea9fbc264/elements - {"using":"xpath","value":"//li[.//span[contains(text(),'550 -')]]"}
RESULT: {"using":"xpath","value":"//li[.//span[contains(text(),'550 -')]]"}
COMMAND: POST /session/2dec2e3c010038984a3a166ea9fbc264/elements - {"using":"xpath","value":"//li[.//span[contains(text(),'550 -')]]"}
RESULT: {"using":"xpath","value":"//li[.//span[contains(text(),'550 -')]]"}
COMMAND: POST /session/2dec2e3c010038984a3a166ea9fbc264/elements - {"using":"xpath","value":"//li[.//span[contains(text(),'550 -')]]"}
RESULT: {"using":"xpath","value":"//li[.//span[contains(text(),'550 -')]]"}
COMMAND: POST /session/2dec2e3c010038984a3a166ea9fbc264/elements - {"using":"xpath","value":"//li[.//span[contains(text(),'550 -')]]"}
RESULT: {"using":"xpath","value":"//li[.//span[contains(text(),'550 -')]]"}
COMMAND: POST /session/2dec2e3c010038984a3a166ea9fbc264/elements - {"using":"xpath","value":"//li[.//span[contains(text(),'550 -')]]"}
RESULT: {"using":"xpath","value":"//li[.//span[contains(text(),'550 -')]]"}
COMMAND: POST /session/2dec2e3c010038984a3a166ea9fbc264/elements - {"using":"xpath","value":"//li[.//span[contains(text(),'550 -')]]"}
RESULT: {"using":"xpath","value":"//li[.//span[contains(text(),'550 -')]]"}
COMMAND: POST /session/2dec2e3c010038984a3a166ea9fbc264/elements - {"using":"xpath","value":"//li[.//span[contains(text(),'550 -')]]"}
RESULT: {"using":"xpath","value":"//li[.//span[contains(text(),'550 -')]]"}
COMMAND: POST /session/2dec2e3c010038984a3a166ea9fbc264/elements - {"using":"xpath","value":"//li[.//span[contains(text(),'550 -')]]"}
RESULT: {"using":"xpath","value":"//li[.//span[contains(text(),'550 -')]]"}
COMMAND: POST /session/2dec2e3c010038984a3a166ea9fbc264/elements - {"using":"xpath","value":"//li[.//span[contains(text(),'550 -')]]"}
RESULT: {"using":"xpath","value":"//li[.//span[contains(text(),'550 -')]]"}
COMMAND: POST /session/2dec2e3c010038984a3a166ea9fbc264/elements - {"using":"xpath","value":"//li[.//span[contains(text(),'550 -')]]"}
RESULT: {"using":"xpath","value":"//li[.//span[contains(text(),'550 -')]]"}
COMMAND: POST /session/2dec2e3c010038984a3a166ea9fbc264/elements - {"using":"xpath","value":"//li[.//span[contains(text(),'550 -')]]"}
RESULT: {"using":"xpath","value":"//li[.//span[contains(text(),'550 -')]]"}
COMMAND: POST /session/2dec2e3c010038984a3a166ea9fbc264/elements - {"using":"xpath","value":"//li[.//span[contains(text(),'550 -')]]"}
RESULT: {"using":"xpath","value":"//li[.//span[contains(text(),'550 -')]]"}
COMMAND: POST /session/2dec2e3c010038984a3a166ea9fbc264/elements - {"using":"xpath","value":"//li[.//span[contains(text(),'550 -')]]"}
RESULT: {"using":"xpath","value":"//li[.//span[contains(text(),'550 -')]]"}
COMMAND: POST /session/2dec2e3c010038984a3a166ea9fbc264/elements - {"using":"xpath","value":"//li[.//span[contains(text(),'550 -')]]"}
RESULT: {"using":"xpath","value":"//li[.//span[contains(text(),'550 -')]]"}
COMMAND: POST /session/2dec2e3c010038984a3a166ea9fbc264/elements - {"using":"xpath","value":"//li[.//span[contains(text(),'550 -')]]"}
RESULT: {"using":"xpath","value":"//li[.//span[contains(text(),'550 -')]]"}
COMMAND: POST /session/2dec2e3c010038984a3a166ea9fbc264/elements - {"using":"xpath","value":"//li[.//span[contains(text(),'550 -')]]"}
RESULT: {"using":"xpath","value":"//li[.//span[contains(text(),'550 -')]]"}
COMMAND: POST /session/2dec2e3c010038984a3a166ea9fbc264/elements - {"using":"xpath","value":"//li[.//span[contains(text(),'550 -')]]"}
RESULT: {"using":"xpath","value":"//li[.//span[contains(text(),'550 -')]]"}
COMMAND: POST /session/2dec2e3c010038984a3a166ea9fbc264/elements - {"using":"xpath","value":"//li[.//span[contains(text(),'550 -')]]"}
RESULT: {"using":"xpath","value":"//li[.//span[contains(text(),'550 -')]]"}
COMMAND: POST /session/2dec2e3c010038984a3a166ea9fbc264/elements - {"using":"xpath","value":"//li[.//span[contains(text(),'550 -')]]"}
RESULT: {"using":"xpath","value":"//li[.//span[contains(text(),'550 -')]]"}
COMMAND: POST /session/2dec2e3c010038984a3a166ea9fbc264/elements - {"using":"xpath","value":"//li[.//span[contains(text(),'550 -')]]"}
RESULT: {"using":"xpath","value":"//li[.//span[contains(text(),'550 -')]]"}
COMMAND: POST /session/2dec2e3c010038984a3a166ea9fbc264/elements - {"using":"xpath","value":"//li[.//span[contains(text(),'550 -')]]"}
RESULT: {"using":"xpath","value":"//li[.//span[contains(text(),'550 -')]]"}
COMMAND: POST /session/2dec2e3c010038984a3a166ea9fbc264/elements - {"using":"xpath","value":"//li[.//span[contains(text(),'550 -')]]"}
RESULT: {"using":"xpath","value":"//li[.//span[contains(text(),'550 -')]]"}
COMMAND: POST /session/2dec2e3c010038984a3a166ea9fbc264/elements - {"using":"xpath","value":"//li[.//span[contains(text(),'550 -')]]"}
RESULT: {"using":"xpath","value":"//li[.//span[contains(text(),'550 -')]]"}
COMMAND: POST /session/2dec2e3c010038984a3a166ea9fbc264/elements - {"using":"xpath","value":"//li[.//span[contains(text(),'550 -')]]"}
RESULT: {"using":"xpath","value":"//li[.//span[contains(text(),'550 -')]]"}
COMMAND: POST /session/2dec2e3c010038984a3a166ea9fbc264/elements - {"using":"xpath","value":"//li[.//span[contains(text(),'550 -')]]"}
RESULT: {"using":"xpath","value":"//li[.//span[contains(text(),'550 -')]]"}
COMMAND: POST /session/2dec2e3c010038984a3a166ea9fbc264/elements - {"using":"xpath","value":"//li[.//span[contains(text(),'550 -')]]"}
RESULT: {"using":"xpath","value":"//li[.//span[contains(text(),'550 -')]]"}
COMMAND: POST /session/2dec2e3c010038984a3a166ea9fbc264/elements - {"using":"xpath","value":"//li[.//span[contains(text(),'550 -')]]"}
RESULT: {"using":"xpath","value":"//li[.//span[contains(text(),'550 -')]]"}
COMMAND: POST /session/2dec2e3c010038984a3a166ea9fbc264/elements - {"using":"xpath","value":"//li[.//span[contains(text(),'550 -')]]"}
COMMAND: GET /session/2dec2e3c010038984a3a166ea9fbc264/screenshot - {}
RESULT: {"using":"xpath","value":"//li[.//span[contains(text(),'550 -')]]"}
RESULT: {}
]]></system-out>
      <system-err><![CDATA[
Error: Can't call click on element with selector "//li[.//span[contains(text(),'550 -')]]" because element wasn't found
    at async UtilsPrerequisites.stockIncrease (D:\a\1\s\test\specs\BTS\prerequisites-and-utils-functions.js:1638:9)
    at async Context.<anonymous> (D:\a\1\s\test\specs\HTR\yard-mass-return.spec.js:57:9)
]]></system-err>
    </testcase>
    <testcase classname="chrome.136_0_7103_93.windows.Prerequisites_&amp;_test_for_yard_mass_return_on_Yard_Overview_US131057" name="Prereq Should create a new contract" time="60.387">
      <failure/>
      <error message="element (&quot;//button[@data-kt=&quot;addButton&quot;]&quot;) still not existing after 45000ms"/>
      <system-out><![CDATA[
COMMAND: POST /session/2dec2e3c010038984a3a166ea9fbc264/execute/async - {"script":"<script> [1562 bytes]","args":[{"selector":{"controlType":"sap.m.GenericTile","properties":{"header":"Manage Contracts"}},"wdio_ui5_key":"sapm.GenericTile{\"header\":\"Manage Contracts\"}"}]}
COMMAND: GET /session/2dec2e3c010038984a3a166ea9fbc264/screenshot - {}
RESULT: {"script":"<script> [1562 bytes]","args":[{"selector":{"controlType":"sap.m.GenericTile","properties":{"header":"Manage Contracts"}},"wdio_ui5_key":"sapm.GenericTile{\"header\":\"Manage Contracts\"}"}]}
RESULT: undefined
RESULT: {}
COMMAND: POST /session/2dec2e3c010038984a3a166ea9fbc264/elements - {"using":"xpath","value":"//span[text()='Error']"}
RESULT: {"using":"xpath","value":"//span[text()='Error']"}
COMMAND: POST /session/2dec2e3c010038984a3a166ea9fbc264/element - {"using":"xpath","value":"//button[@data-kt=\"addButton\"]"}
RESULT: {"using":"xpath","value":"//button[@data-kt=\"addButton\"]"}
COMMAND: POST /session/2dec2e3c010038984a3a166ea9fbc264/elements - {"using":"xpath","value":"//button[@data-kt=\"addButton\"]"}
RESULT: {"using":"xpath","value":"//button[@data-kt=\"addButton\"]"}
COMMAND: POST /session/2dec2e3c010038984a3a166ea9fbc264/elements - {"using":"xpath","value":"//button[@data-kt=\"addButton\"]"}
RESULT: {"using":"xpath","value":"//button[@data-kt=\"addButton\"]"}
COMMAND: POST /session/2dec2e3c010038984a3a166ea9fbc264/elements - {"using":"xpath","value":"//button[@data-kt=\"addButton\"]"}
RESULT: {"using":"xpath","value":"//button[@data-kt=\"addButton\"]"}
COMMAND: POST /session/2dec2e3c010038984a3a166ea9fbc264/elements - {"using":"xpath","value":"//button[@data-kt=\"addButton\"]"}
RESULT: {"using":"xpath","value":"//button[@data-kt=\"addButton\"]"}
COMMAND: POST /session/2dec2e3c010038984a3a166ea9fbc264/elements - {"using":"xpath","value":"//button[@data-kt=\"addButton\"]"}
RESULT: {"using":"xpath","value":"//button[@data-kt=\"addButton\"]"}
COMMAND: POST /session/2dec2e3c010038984a3a166ea9fbc264/elements - {"using":"xpath","value":"//button[@data-kt=\"addButton\"]"}
RESULT: {"using":"xpath","value":"//button[@data-kt=\"addButton\"]"}
COMMAND: POST /session/2dec2e3c010038984a3a166ea9fbc264/elements - {"using":"xpath","value":"//button[@data-kt=\"addButton\"]"}
RESULT: {"using":"xpath","value":"//button[@data-kt=\"addButton\"]"}
COMMAND: POST /session/2dec2e3c010038984a3a166ea9fbc264/elements - {"using":"xpath","value":"//button[@data-kt=\"addButton\"]"}
RESULT: {"using":"xpath","value":"//button[@data-kt=\"addButton\"]"}
COMMAND: POST /session/2dec2e3c010038984a3a166ea9fbc264/elements - {"using":"xpath","value":"//button[@data-kt=\"addButton\"]"}
RESULT: {"using":"xpath","value":"//button[@data-kt=\"addButton\"]"}
COMMAND: POST /session/2dec2e3c010038984a3a166ea9fbc264/elements - {"using":"xpath","value":"//button[@data-kt=\"addButton\"]"}
RESULT: {"using":"xpath","value":"//button[@data-kt=\"addButton\"]"}
COMMAND: POST /session/2dec2e3c010038984a3a166ea9fbc264/elements - {"using":"xpath","value":"//button[@data-kt=\"addButton\"]"}
RESULT: {"using":"xpath","value":"//button[@data-kt=\"addButton\"]"}
COMMAND: POST /session/2dec2e3c010038984a3a166ea9fbc264/elements - {"using":"xpath","value":"//button[@data-kt=\"addButton\"]"}
RESULT: {"using":"xpath","value":"//button[@data-kt=\"addButton\"]"}
COMMAND: POST /session/2dec2e3c010038984a3a166ea9fbc264/elements - {"using":"xpath","value":"//button[@data-kt=\"addButton\"]"}
RESULT: {"using":"xpath","value":"//button[@data-kt=\"addButton\"]"}
COMMAND: POST /session/2dec2e3c010038984a3a166ea9fbc264/elements - {"using":"xpath","value":"//button[@data-kt=\"addButton\"]"}
RESULT: {"using":"xpath","value":"//button[@data-kt=\"addButton\"]"}
COMMAND: POST /session/2dec2e3c010038984a3a166ea9fbc264/elements - {"using":"xpath","value":"//button[@data-kt=\"addButton\"]"}
RESULT: {"using":"xpath","value":"//button[@data-kt=\"addButton\"]"}
COMMAND: POST /session/2dec2e3c010038984a3a166ea9fbc264/elements - {"using":"xpath","value":"//button[@data-kt=\"addButton\"]"}
RESULT: {"using":"xpath","value":"//button[@data-kt=\"addButton\"]"}
COMMAND: POST /session/2dec2e3c010038984a3a166ea9fbc264/elements - {"using":"xpath","value":"//button[@data-kt=\"addButton\"]"}
RESULT: {"using":"xpath","value":"//button[@data-kt=\"addButton\"]"}
COMMAND: POST /session/2dec2e3c010038984a3a166ea9fbc264/elements - {"using":"xpath","value":"//button[@data-kt=\"addButton\"]"}
RESULT: {"using":"xpath","value":"//button[@data-kt=\"addButton\"]"}
COMMAND: POST /session/2dec2e3c010038984a3a166ea9fbc264/elements - {"using":"xpath","value":"//button[@data-kt=\"addButton\"]"}
RESULT: {"using":"xpath","value":"//button[@data-kt=\"addButton\"]"}
COMMAND: POST /session/2dec2e3c010038984a3a166ea9fbc264/elements - {"using":"xpath","value":"//button[@data-kt=\"addButton\"]"}
RESULT: {"using":"xpath","value":"//button[@data-kt=\"addButton\"]"}
COMMAND: POST /session/2dec2e3c010038984a3a166ea9fbc264/elements - {"using":"xpath","value":"//button[@data-kt=\"addButton\"]"}
RESULT: {"using":"xpath","value":"//button[@data-kt=\"addButton\"]"}
COMMAND: POST /session/2dec2e3c010038984a3a166ea9fbc264/elements - {"using":"xpath","value":"//button[@data-kt=\"addButton\"]"}
RESULT: {"using":"xpath","value":"//button[@data-kt=\"addButton\"]"}
COMMAND: POST /session/2dec2e3c010038984a3a166ea9fbc264/elements - {"using":"xpath","value":"//button[@data-kt=\"addButton\"]"}
RESULT: {"using":"xpath","value":"//button[@data-kt=\"addButton\"]"}
COMMAND: POST /session/2dec2e3c010038984a3a166ea9fbc264/elements - {"using":"xpath","value":"//button[@data-kt=\"addButton\"]"}
RESULT: {"using":"xpath","value":"//button[@data-kt=\"addButton\"]"}
COMMAND: POST /session/2dec2e3c010038984a3a166ea9fbc264/elements - {"using":"xpath","value":"//button[@data-kt=\"addButton\"]"}
RESULT: {"using":"xpath","value":"//button[@data-kt=\"addButton\"]"}
COMMAND: POST /session/2dec2e3c010038984a3a166ea9fbc264/elements - {"using":"xpath","value":"//button[@data-kt=\"addButton\"]"}
RESULT: {"using":"xpath","value":"//button[@data-kt=\"addButton\"]"}
COMMAND: POST /session/2dec2e3c010038984a3a166ea9fbc264/elements - {"using":"xpath","value":"//button[@data-kt=\"addButton\"]"}
RESULT: {"using":"xpath","value":"//button[@data-kt=\"addButton\"]"}
COMMAND: POST /session/2dec2e3c010038984a3a166ea9fbc264/elements - {"using":"xpath","value":"//button[@data-kt=\"addButton\"]"}
RESULT: {"using":"xpath","value":"//button[@data-kt=\"addButton\"]"}
COMMAND: POST /session/2dec2e3c010038984a3a166ea9fbc264/elements - {"using":"xpath","value":"//button[@data-kt=\"addButton\"]"}
RESULT: {"using":"xpath","value":"//button[@data-kt=\"addButton\"]"}
COMMAND: POST /session/2dec2e3c010038984a3a166ea9fbc264/elements - {"using":"xpath","value":"//button[@data-kt=\"addButton\"]"}
RESULT: {"using":"xpath","value":"//button[@data-kt=\"addButton\"]"}
COMMAND: POST /session/2dec2e3c010038984a3a166ea9fbc264/elements - {"using":"xpath","value":"//button[@data-kt=\"addButton\"]"}
RESULT: {"using":"xpath","value":"//button[@data-kt=\"addButton\"]"}
COMMAND: POST /session/2dec2e3c010038984a3a166ea9fbc264/elements - {"using":"xpath","value":"//button[@data-kt=\"addButton\"]"}
RESULT: {"using":"xpath","value":"//button[@data-kt=\"addButton\"]"}
COMMAND: POST /session/2dec2e3c010038984a3a166ea9fbc264/elements - {"using":"xpath","value":"//button[@data-kt=\"addButton\"]"}
RESULT: {"using":"xpath","value":"//button[@data-kt=\"addButton\"]"}
COMMAND: POST /session/2dec2e3c010038984a3a166ea9fbc264/elements - {"using":"xpath","value":"//button[@data-kt=\"addButton\"]"}
RESULT: {"using":"xpath","value":"//button[@data-kt=\"addButton\"]"}
COMMAND: POST /session/2dec2e3c010038984a3a166ea9fbc264/elements - {"using":"xpath","value":"//button[@data-kt=\"addButton\"]"}
RESULT: {"using":"xpath","value":"//button[@data-kt=\"addButton\"]"}
COMMAND: POST /session/2dec2e3c010038984a3a166ea9fbc264/elements - {"using":"xpath","value":"//button[@data-kt=\"addButton\"]"}
RESULT: {"using":"xpath","value":"//button[@data-kt=\"addButton\"]"}
COMMAND: POST /session/2dec2e3c010038984a3a166ea9fbc264/elements - {"using":"xpath","value":"//button[@data-kt=\"addButton\"]"}
RESULT: {"using":"xpath","value":"//button[@data-kt=\"addButton\"]"}
COMMAND: POST /session/2dec2e3c010038984a3a166ea9fbc264/elements - {"using":"xpath","value":"//button[@data-kt=\"addButton\"]"}
RESULT: {"using":"xpath","value":"//button[@data-kt=\"addButton\"]"}
COMMAND: POST /session/2dec2e3c010038984a3a166ea9fbc264/elements - {"using":"xpath","value":"//button[@data-kt=\"addButton\"]"}
RESULT: {"using":"xpath","value":"//button[@data-kt=\"addButton\"]"}
COMMAND: POST /session/2dec2e3c010038984a3a166ea9fbc264/elements - {"using":"xpath","value":"//button[@data-kt=\"addButton\"]"}
RESULT: {"using":"xpath","value":"//button[@data-kt=\"addButton\"]"}
COMMAND: POST /session/2dec2e3c010038984a3a166ea9fbc264/elements - {"using":"xpath","value":"//button[@data-kt=\"addButton\"]"}
RESULT: {"using":"xpath","value":"//button[@data-kt=\"addButton\"]"}
COMMAND: POST /session/2dec2e3c010038984a3a166ea9fbc264/elements - {"using":"xpath","value":"//button[@data-kt=\"addButton\"]"}
RESULT: {"using":"xpath","value":"//button[@data-kt=\"addButton\"]"}
COMMAND: POST /session/2dec2e3c010038984a3a166ea9fbc264/elements - {"using":"xpath","value":"//button[@data-kt=\"addButton\"]"}
RESULT: {"using":"xpath","value":"//button[@data-kt=\"addButton\"]"}
COMMAND: POST /session/2dec2e3c010038984a3a166ea9fbc264/elements - {"using":"xpath","value":"//button[@data-kt=\"addButton\"]"}
RESULT: {"using":"xpath","value":"//button[@data-kt=\"addButton\"]"}
COMMAND: POST /session/2dec2e3c010038984a3a166ea9fbc264/elements - {"using":"xpath","value":"//button[@data-kt=\"addButton\"]"}
RESULT: {"using":"xpath","value":"//button[@data-kt=\"addButton\"]"}
COMMAND: POST /session/2dec2e3c010038984a3a166ea9fbc264/elements - {"using":"xpath","value":"//button[@data-kt=\"addButton\"]"}
RESULT: {"using":"xpath","value":"//button[@data-kt=\"addButton\"]"}
COMMAND: POST /session/2dec2e3c010038984a3a166ea9fbc264/elements - {"using":"xpath","value":"//button[@data-kt=\"addButton\"]"}
RESULT: {"using":"xpath","value":"//button[@data-kt=\"addButton\"]"}
COMMAND: POST /session/2dec2e3c010038984a3a166ea9fbc264/elements - {"using":"xpath","value":"//button[@data-kt=\"addButton\"]"}
RESULT: {"using":"xpath","value":"//button[@data-kt=\"addButton\"]"}
COMMAND: POST /session/2dec2e3c010038984a3a166ea9fbc264/elements - {"using":"xpath","value":"//button[@data-kt=\"addButton\"]"}
RESULT: {"using":"xpath","value":"//button[@data-kt=\"addButton\"]"}
COMMAND: POST /session/2dec2e3c010038984a3a166ea9fbc264/elements - {"using":"xpath","value":"//button[@data-kt=\"addButton\"]"}
RESULT: {"using":"xpath","value":"//button[@data-kt=\"addButton\"]"}
COMMAND: POST /session/2dec2e3c010038984a3a166ea9fbc264/elements - {"using":"xpath","value":"//button[@data-kt=\"addButton\"]"}
RESULT: {"using":"xpath","value":"//button[@data-kt=\"addButton\"]"}
COMMAND: POST /session/2dec2e3c010038984a3a166ea9fbc264/elements - {"using":"xpath","value":"//button[@data-kt=\"addButton\"]"}
RESULT: {"using":"xpath","value":"//button[@data-kt=\"addButton\"]"}
COMMAND: POST /session/2dec2e3c010038984a3a166ea9fbc264/elements - {"using":"xpath","value":"//button[@data-kt=\"addButton\"]"}
RESULT: {"using":"xpath","value":"//button[@data-kt=\"addButton\"]"}
COMMAND: POST /session/2dec2e3c010038984a3a166ea9fbc264/elements - {"using":"xpath","value":"//button[@data-kt=\"addButton\"]"}
RESULT: {"using":"xpath","value":"//button[@data-kt=\"addButton\"]"}
COMMAND: POST /session/2dec2e3c010038984a3a166ea9fbc264/elements - {"using":"xpath","value":"//button[@data-kt=\"addButton\"]"}
RESULT: {"using":"xpath","value":"//button[@data-kt=\"addButton\"]"}
COMMAND: POST /session/2dec2e3c010038984a3a166ea9fbc264/elements - {"using":"xpath","value":"//button[@data-kt=\"addButton\"]"}
RESULT: {"using":"xpath","value":"//button[@data-kt=\"addButton\"]"}
COMMAND: POST /session/2dec2e3c010038984a3a166ea9fbc264/elements - {"using":"xpath","value":"//button[@data-kt=\"addButton\"]"}
RESULT: {"using":"xpath","value":"//button[@data-kt=\"addButton\"]"}
COMMAND: POST /session/2dec2e3c010038984a3a166ea9fbc264/elements - {"using":"xpath","value":"//button[@data-kt=\"addButton\"]"}
RESULT: {"using":"xpath","value":"//button[@data-kt=\"addButton\"]"}
COMMAND: POST /session/2dec2e3c010038984a3a166ea9fbc264/elements - {"using":"xpath","value":"//button[@data-kt=\"addButton\"]"}
RESULT: {"using":"xpath","value":"//button[@data-kt=\"addButton\"]"}
COMMAND: POST /session/2dec2e3c010038984a3a166ea9fbc264/elements - {"using":"xpath","value":"//button[@data-kt=\"addButton\"]"}
RESULT: {"using":"xpath","value":"//button[@data-kt=\"addButton\"]"}
COMMAND: POST /session/2dec2e3c010038984a3a166ea9fbc264/elements - {"using":"xpath","value":"//button[@data-kt=\"addButton\"]"}
RESULT: {"using":"xpath","value":"//button[@data-kt=\"addButton\"]"}
COMMAND: POST /session/2dec2e3c010038984a3a166ea9fbc264/elements - {"using":"xpath","value":"//button[@data-kt=\"addButton\"]"}
RESULT: {"using":"xpath","value":"//button[@data-kt=\"addButton\"]"}
COMMAND: POST /session/2dec2e3c010038984a3a166ea9fbc264/elements - {"using":"xpath","value":"//button[@data-kt=\"addButton\"]"}
RESULT: {"using":"xpath","value":"//button[@data-kt=\"addButton\"]"}
COMMAND: POST /session/2dec2e3c010038984a3a166ea9fbc264/elements - {"using":"xpath","value":"//button[@data-kt=\"addButton\"]"}
RESULT: {"using":"xpath","value":"//button[@data-kt=\"addButton\"]"}
COMMAND: POST /session/2dec2e3c010038984a3a166ea9fbc264/elements - {"using":"xpath","value":"//button[@data-kt=\"addButton\"]"}
RESULT: {"using":"xpath","value":"//button[@data-kt=\"addButton\"]"}
COMMAND: POST /session/2dec2e3c010038984a3a166ea9fbc264/elements - {"using":"xpath","value":"//button[@data-kt=\"addButton\"]"}
RESULT: {"using":"xpath","value":"//button[@data-kt=\"addButton\"]"}
COMMAND: POST /session/2dec2e3c010038984a3a166ea9fbc264/elements - {"using":"xpath","value":"//button[@data-kt=\"addButton\"]"}
RESULT: {"using":"xpath","value":"//button[@data-kt=\"addButton\"]"}
COMMAND: POST /session/2dec2e3c010038984a3a166ea9fbc264/elements - {"using":"xpath","value":"//button[@data-kt=\"addButton\"]"}
RESULT: {"using":"xpath","value":"//button[@data-kt=\"addButton\"]"}
COMMAND: POST /session/2dec2e3c010038984a3a166ea9fbc264/elements - {"using":"xpath","value":"//button[@data-kt=\"addButton\"]"}
RESULT: {"using":"xpath","value":"//button[@data-kt=\"addButton\"]"}
COMMAND: POST /session/2dec2e3c010038984a3a166ea9fbc264/elements - {"using":"xpath","value":"//button[@data-kt=\"addButton\"]"}
RESULT: {"using":"xpath","value":"//button[@data-kt=\"addButton\"]"}
COMMAND: POST /session/2dec2e3c010038984a3a166ea9fbc264/elements - {"using":"xpath","value":"//button[@data-kt=\"addButton\"]"}
RESULT: {"using":"xpath","value":"//button[@data-kt=\"addButton\"]"}
COMMAND: POST /session/2dec2e3c010038984a3a166ea9fbc264/elements - {"using":"xpath","value":"//button[@data-kt=\"addButton\"]"}
RESULT: {"using":"xpath","value":"//button[@data-kt=\"addButton\"]"}
COMMAND: POST /session/2dec2e3c010038984a3a166ea9fbc264/elements - {"using":"xpath","value":"//button[@data-kt=\"addButton\"]"}
RESULT: {"using":"xpath","value":"//button[@data-kt=\"addButton\"]"}
COMMAND: POST /session/2dec2e3c010038984a3a166ea9fbc264/elements - {"using":"xpath","value":"//button[@data-kt=\"addButton\"]"}
RESULT: {"using":"xpath","value":"//button[@data-kt=\"addButton\"]"}
COMMAND: POST /session/2dec2e3c010038984a3a166ea9fbc264/elements - {"using":"xpath","value":"//button[@data-kt=\"addButton\"]"}
RESULT: {"using":"xpath","value":"//button[@data-kt=\"addButton\"]"}
COMMAND: POST /session/2dec2e3c010038984a3a166ea9fbc264/elements - {"using":"xpath","value":"//button[@data-kt=\"addButton\"]"}
RESULT: {"using":"xpath","value":"//button[@data-kt=\"addButton\"]"}
COMMAND: POST /session/2dec2e3c010038984a3a166ea9fbc264/elements - {"using":"xpath","value":"//button[@data-kt=\"addButton\"]"}
RESULT: {"using":"xpath","value":"//button[@data-kt=\"addButton\"]"}
COMMAND: POST /session/2dec2e3c010038984a3a166ea9fbc264/elements - {"using":"xpath","value":"//button[@data-kt=\"addButton\"]"}
RESULT: {"using":"xpath","value":"//button[@data-kt=\"addButton\"]"}
COMMAND: POST /session/2dec2e3c010038984a3a166ea9fbc264/elements - {"using":"xpath","value":"//button[@data-kt=\"addButton\"]"}
RESULT: {"using":"xpath","value":"//button[@data-kt=\"addButton\"]"}
COMMAND: POST /session/2dec2e3c010038984a3a166ea9fbc264/elements - {"using":"xpath","value":"//button[@data-kt=\"addButton\"]"}
RESULT: {"using":"xpath","value":"//button[@data-kt=\"addButton\"]"}
COMMAND: POST /session/2dec2e3c010038984a3a166ea9fbc264/elements - {"using":"xpath","value":"//button[@data-kt=\"addButton\"]"}
RESULT: {"using":"xpath","value":"//button[@data-kt=\"addButton\"]"}
COMMAND: POST /session/2dec2e3c010038984a3a166ea9fbc264/elements - {"using":"xpath","value":"//button[@data-kt=\"addButton\"]"}
RESULT: {"using":"xpath","value":"//button[@data-kt=\"addButton\"]"}
COMMAND: POST /session/2dec2e3c010038984a3a166ea9fbc264/elements - {"using":"xpath","value":"//button[@data-kt=\"addButton\"]"}
RESULT: {"using":"xpath","value":"//button[@data-kt=\"addButton\"]"}
COMMAND: POST /session/2dec2e3c010038984a3a166ea9fbc264/elements - {"using":"xpath","value":"//button[@data-kt=\"addButton\"]"}
RESULT: {"using":"xpath","value":"//button[@data-kt=\"addButton\"]"}
COMMAND: POST /session/2dec2e3c010038984a3a166ea9fbc264/elements - {"using":"xpath","value":"//button[@data-kt=\"addButton\"]"}
RESULT: {"using":"xpath","value":"//button[@data-kt=\"addButton\"]"}
COMMAND: POST /session/2dec2e3c010038984a3a166ea9fbc264/elements - {"using":"xpath","value":"//button[@data-kt=\"addButton\"]"}
RESULT: {"using":"xpath","value":"//button[@data-kt=\"addButton\"]"}
COMMAND: POST /session/2dec2e3c010038984a3a166ea9fbc264/elements - {"using":"xpath","value":"//button[@data-kt=\"addButton\"]"}
RESULT: {"using":"xpath","value":"//button[@data-kt=\"addButton\"]"}
COMMAND: POST /session/2dec2e3c010038984a3a166ea9fbc264/elements - {"using":"xpath","value":"//button[@data-kt=\"addButton\"]"}
RESULT: {"using":"xpath","value":"//button[@data-kt=\"addButton\"]"}
COMMAND: POST /session/2dec2e3c010038984a3a166ea9fbc264/elements - {"using":"xpath","value":"//button[@data-kt=\"addButton\"]"}
RESULT: {"using":"xpath","value":"//button[@data-kt=\"addButton\"]"}
COMMAND: POST /session/2dec2e3c010038984a3a166ea9fbc264/elements - {"using":"xpath","value":"//button[@data-kt=\"addButton\"]"}
RESULT: {"using":"xpath","value":"//button[@data-kt=\"addButton\"]"}
COMMAND: POST /session/2dec2e3c010038984a3a166ea9fbc264/elements - {"using":"xpath","value":"//button[@data-kt=\"addButton\"]"}
COMMAND: GET /session/2dec2e3c010038984a3a166ea9fbc264/screenshot - {}
RESULT: {"using":"xpath","value":"//button[@data-kt=\"addButton\"]"}
RESULT: {}
]]></system-out>
      <system-err><![CDATA[
Error: element ("//button[@data-kt="addButton"]") still not existing after 45000ms
    at async UtilsPrerequisites.contractCreation (D:\a\1\s\test\specs\BTS\prerequisites-and-utils-functions.js:1741:9)
    at async Context.<anonymous> (D:\a\1\s\test\specs\HTR\yard-mass-return.spec.js:62:44)
]]></system-err>
    </testcase>
    <testcase classname="chrome.136_0_7103_93.windows.Prerequisites_&amp;_test_for_yard_mass_return_on_Yard_Overview_US131057" name="Prereq Should add created material to contract" time="60.542">
      <failure/>
      <error message="Can't call click on element with selector &quot;//button[@data-kt=&quot;contractDetailEditBtnButton&quot;]&quot; because element wasn't found"/>
      <system-out><![CDATA[
COMMAND: POST /session/2dec2e3c010038984a3a166ea9fbc264/element - {"using":"xpath","value":"//button[@data-kt=\"contractDetailEditBtnButton\"]"}
COMMAND: GET /session/2dec2e3c010038984a3a166ea9fbc264/screenshot - {}
RESULT: {"using":"xpath","value":"//button[@data-kt=\"contractDetailEditBtnButton\"]"}
COMMAND: POST /session/2dec2e3c010038984a3a166ea9fbc264/elements - {"using":"xpath","value":"//button[@data-kt=\"contractDetailEditBtnButton\"]"}
RESULT: {}
RESULT: {"using":"xpath","value":"//button[@data-kt=\"contractDetailEditBtnButton\"]"}
COMMAND: POST /session/2dec2e3c010038984a3a166ea9fbc264/elements - {"using":"xpath","value":"//button[@data-kt=\"contractDetailEditBtnButton\"]"}
RESULT: {"using":"xpath","value":"//button[@data-kt=\"contractDetailEditBtnButton\"]"}
COMMAND: POST /session/2dec2e3c010038984a3a166ea9fbc264/elements - {"using":"xpath","value":"//button[@data-kt=\"contractDetailEditBtnButton\"]"}
RESULT: {"using":"xpath","value":"//button[@data-kt=\"contractDetailEditBtnButton\"]"}
COMMAND: POST /session/2dec2e3c010038984a3a166ea9fbc264/elements - {"using":"xpath","value":"//button[@data-kt=\"contractDetailEditBtnButton\"]"}
RESULT: {"using":"xpath","value":"//button[@data-kt=\"contractDetailEditBtnButton\"]"}
COMMAND: POST /session/2dec2e3c010038984a3a166ea9fbc264/elements - {"using":"xpath","value":"//button[@data-kt=\"contractDetailEditBtnButton\"]"}
RESULT: {"using":"xpath","value":"//button[@data-kt=\"contractDetailEditBtnButton\"]"}
COMMAND: POST /session/2dec2e3c010038984a3a166ea9fbc264/elements - {"using":"xpath","value":"//button[@data-kt=\"contractDetailEditBtnButton\"]"}
RESULT: {"using":"xpath","value":"//button[@data-kt=\"contractDetailEditBtnButton\"]"}
COMMAND: POST /session/2dec2e3c010038984a3a166ea9fbc264/elements - {"using":"xpath","value":"//button[@data-kt=\"contractDetailEditBtnButton\"]"}
RESULT: {"using":"xpath","value":"//button[@data-kt=\"contractDetailEditBtnButton\"]"}
COMMAND: POST /session/2dec2e3c010038984a3a166ea9fbc264/elements - {"using":"xpath","value":"//button[@data-kt=\"contractDetailEditBtnButton\"]"}
RESULT: {"using":"xpath","value":"//button[@data-kt=\"contractDetailEditBtnButton\"]"}
COMMAND: POST /session/2dec2e3c010038984a3a166ea9fbc264/elements - {"using":"xpath","value":"//button[@data-kt=\"contractDetailEditBtnButton\"]"}
RESULT: {"using":"xpath","value":"//button[@data-kt=\"contractDetailEditBtnButton\"]"}
COMMAND: POST /session/2dec2e3c010038984a3a166ea9fbc264/elements - {"using":"xpath","value":"//button[@data-kt=\"contractDetailEditBtnButton\"]"}
RESULT: {"using":"xpath","value":"//button[@data-kt=\"contractDetailEditBtnButton\"]"}
COMMAND: POST /session/2dec2e3c010038984a3a166ea9fbc264/elements - {"using":"xpath","value":"//button[@data-kt=\"contractDetailEditBtnButton\"]"}
RESULT: {"using":"xpath","value":"//button[@data-kt=\"contractDetailEditBtnButton\"]"}
COMMAND: POST /session/2dec2e3c010038984a3a166ea9fbc264/elements - {"using":"xpath","value":"//button[@data-kt=\"contractDetailEditBtnButton\"]"}
RESULT: {"using":"xpath","value":"//button[@data-kt=\"contractDetailEditBtnButton\"]"}
COMMAND: POST /session/2dec2e3c010038984a3a166ea9fbc264/elements - {"using":"xpath","value":"//button[@data-kt=\"contractDetailEditBtnButton\"]"}
RESULT: {"using":"xpath","value":"//button[@data-kt=\"contractDetailEditBtnButton\"]"}
COMMAND: POST /session/2dec2e3c010038984a3a166ea9fbc264/elements - {"using":"xpath","value":"//button[@data-kt=\"contractDetailEditBtnButton\"]"}
RESULT: {"using":"xpath","value":"//button[@data-kt=\"contractDetailEditBtnButton\"]"}
COMMAND: POST /session/2dec2e3c010038984a3a166ea9fbc264/elements - {"using":"xpath","value":"//button[@data-kt=\"contractDetailEditBtnButton\"]"}
RESULT: {"using":"xpath","value":"//button[@data-kt=\"contractDetailEditBtnButton\"]"}
COMMAND: POST /session/2dec2e3c010038984a3a166ea9fbc264/elements - {"using":"xpath","value":"//button[@data-kt=\"contractDetailEditBtnButton\"]"}
RESULT: {"using":"xpath","value":"//button[@data-kt=\"contractDetailEditBtnButton\"]"}
COMMAND: POST /session/2dec2e3c010038984a3a166ea9fbc264/elements - {"using":"xpath","value":"//button[@data-kt=\"contractDetailEditBtnButton\"]"}
RESULT: {"using":"xpath","value":"//button[@data-kt=\"contractDetailEditBtnButton\"]"}
COMMAND: POST /session/2dec2e3c010038984a3a166ea9fbc264/elements - {"using":"xpath","value":"//button[@data-kt=\"contractDetailEditBtnButton\"]"}
RESULT: {"using":"xpath","value":"//button[@data-kt=\"contractDetailEditBtnButton\"]"}
COMMAND: POST /session/2dec2e3c010038984a3a166ea9fbc264/elements - {"using":"xpath","value":"//button[@data-kt=\"contractDetailEditBtnButton\"]"}
RESULT: {"using":"xpath","value":"//button[@data-kt=\"contractDetailEditBtnButton\"]"}
COMMAND: POST /session/2dec2e3c010038984a3a166ea9fbc264/elements - {"using":"xpath","value":"//button[@data-kt=\"contractDetailEditBtnButton\"]"}
RESULT: {"using":"xpath","value":"//button[@data-kt=\"contractDetailEditBtnButton\"]"}
COMMAND: POST /session/2dec2e3c010038984a3a166ea9fbc264/elements - {"using":"xpath","value":"//button[@data-kt=\"contractDetailEditBtnButton\"]"}
RESULT: {"using":"xpath","value":"//button[@data-kt=\"contractDetailEditBtnButton\"]"}
COMMAND: POST /session/2dec2e3c010038984a3a166ea9fbc264/elements - {"using":"xpath","value":"//button[@data-kt=\"contractDetailEditBtnButton\"]"}
RESULT: {"using":"xpath","value":"//button[@data-kt=\"contractDetailEditBtnButton\"]"}
COMMAND: POST /session/2dec2e3c010038984a3a166ea9fbc264/elements - {"using":"xpath","value":"//button[@data-kt=\"contractDetailEditBtnButton\"]"}
RESULT: {"using":"xpath","value":"//button[@data-kt=\"contractDetailEditBtnButton\"]"}
COMMAND: POST /session/2dec2e3c010038984a3a166ea9fbc264/elements - {"using":"xpath","value":"//button[@data-kt=\"contractDetailEditBtnButton\"]"}
RESULT: {"using":"xpath","value":"//button[@data-kt=\"contractDetailEditBtnButton\"]"}
COMMAND: POST /session/2dec2e3c010038984a3a166ea9fbc264/elements - {"using":"xpath","value":"//button[@data-kt=\"contractDetailEditBtnButton\"]"}
RESULT: {"using":"xpath","value":"//button[@data-kt=\"contractDetailEditBtnButton\"]"}
COMMAND: POST /session/2dec2e3c010038984a3a166ea9fbc264/elements - {"using":"xpath","value":"//button[@data-kt=\"contractDetailEditBtnButton\"]"}
RESULT: {"using":"xpath","value":"//button[@data-kt=\"contractDetailEditBtnButton\"]"}
COMMAND: POST /session/2dec2e3c010038984a3a166ea9fbc264/elements - {"using":"xpath","value":"//button[@data-kt=\"contractDetailEditBtnButton\"]"}
RESULT: {"using":"xpath","value":"//button[@data-kt=\"contractDetailEditBtnButton\"]"}
COMMAND: POST /session/2dec2e3c010038984a3a166ea9fbc264/elements - {"using":"xpath","value":"//button[@data-kt=\"contractDetailEditBtnButton\"]"}
RESULT: {"using":"xpath","value":"//button[@data-kt=\"contractDetailEditBtnButton\"]"}
COMMAND: POST /session/2dec2e3c010038984a3a166ea9fbc264/elements - {"using":"xpath","value":"//button[@data-kt=\"contractDetailEditBtnButton\"]"}
RESULT: {"using":"xpath","value":"//button[@data-kt=\"contractDetailEditBtnButton\"]"}
COMMAND: POST /session/2dec2e3c010038984a3a166ea9fbc264/elements - {"using":"xpath","value":"//button[@data-kt=\"contractDetailEditBtnButton\"]"}
RESULT: {"using":"xpath","value":"//button[@data-kt=\"contractDetailEditBtnButton\"]"}
COMMAND: POST /session/2dec2e3c010038984a3a166ea9fbc264/elements - {"using":"xpath","value":"//button[@data-kt=\"contractDetailEditBtnButton\"]"}
RESULT: {"using":"xpath","value":"//button[@data-kt=\"contractDetailEditBtnButton\"]"}
COMMAND: POST /session/2dec2e3c010038984a3a166ea9fbc264/elements - {"using":"xpath","value":"//button[@data-kt=\"contractDetailEditBtnButton\"]"}
RESULT: {"using":"xpath","value":"//button[@data-kt=\"contractDetailEditBtnButton\"]"}
COMMAND: POST /session/2dec2e3c010038984a3a166ea9fbc264/elements - {"using":"xpath","value":"//button[@data-kt=\"contractDetailEditBtnButton\"]"}
RESULT: {"using":"xpath","value":"//button[@data-kt=\"contractDetailEditBtnButton\"]"}
COMMAND: POST /session/2dec2e3c010038984a3a166ea9fbc264/elements - {"using":"xpath","value":"//button[@data-kt=\"contractDetailEditBtnButton\"]"}
RESULT: {"using":"xpath","value":"//button[@data-kt=\"contractDetailEditBtnButton\"]"}
COMMAND: POST /session/2dec2e3c010038984a3a166ea9fbc264/elements - {"using":"xpath","value":"//button[@data-kt=\"contractDetailEditBtnButton\"]"}
RESULT: {"using":"xpath","value":"//button[@data-kt=\"contractDetailEditBtnButton\"]"}
COMMAND: POST /session/2dec2e3c010038984a3a166ea9fbc264/elements - {"using":"xpath","value":"//button[@data-kt=\"contractDetailEditBtnButton\"]"}
RESULT: {"using":"xpath","value":"//button[@data-kt=\"contractDetailEditBtnButton\"]"}
COMMAND: POST /session/2dec2e3c010038984a3a166ea9fbc264/elements - {"using":"xpath","value":"//button[@data-kt=\"contractDetailEditBtnButton\"]"}
RESULT: {"using":"xpath","value":"//button[@data-kt=\"contractDetailEditBtnButton\"]"}
COMMAND: POST /session/2dec2e3c010038984a3a166ea9fbc264/elements - {"using":"xpath","value":"//button[@data-kt=\"contractDetailEditBtnButton\"]"}
RESULT: {"using":"xpath","value":"//button[@data-kt=\"contractDetailEditBtnButton\"]"}
COMMAND: POST /session/2dec2e3c010038984a3a166ea9fbc264/elements - {"using":"xpath","value":"//button[@data-kt=\"contractDetailEditBtnButton\"]"}
RESULT: {"using":"xpath","value":"//button[@data-kt=\"contractDetailEditBtnButton\"]"}
COMMAND: POST /session/2dec2e3c010038984a3a166ea9fbc264/elements - {"using":"xpath","value":"//button[@data-kt=\"contractDetailEditBtnButton\"]"}
RESULT: {"using":"xpath","value":"//button[@data-kt=\"contractDetailEditBtnButton\"]"}
COMMAND: POST /session/2dec2e3c010038984a3a166ea9fbc264/elements - {"using":"xpath","value":"//button[@data-kt=\"contractDetailEditBtnButton\"]"}
RESULT: {"using":"xpath","value":"//button[@data-kt=\"contractDetailEditBtnButton\"]"}
COMMAND: POST /session/2dec2e3c010038984a3a166ea9fbc264/elements - {"using":"xpath","value":"//button[@data-kt=\"contractDetailEditBtnButton\"]"}
RESULT: {"using":"xpath","value":"//button[@data-kt=\"contractDetailEditBtnButton\"]"}
COMMAND: POST /session/2dec2e3c010038984a3a166ea9fbc264/elements - {"using":"xpath","value":"//button[@data-kt=\"contractDetailEditBtnButton\"]"}
RESULT: {"using":"xpath","value":"//button[@data-kt=\"contractDetailEditBtnButton\"]"}
COMMAND: POST /session/2dec2e3c010038984a3a166ea9fbc264/elements - {"using":"xpath","value":"//button[@data-kt=\"contractDetailEditBtnButton\"]"}
RESULT: {"using":"xpath","value":"//button[@data-kt=\"contractDetailEditBtnButton\"]"}
COMMAND: POST /session/2dec2e3c010038984a3a166ea9fbc264/elements - {"using":"xpath","value":"//button[@data-kt=\"contractDetailEditBtnButton\"]"}
RESULT: {"using":"xpath","value":"//button[@data-kt=\"contractDetailEditBtnButton\"]"}
COMMAND: POST /session/2dec2e3c010038984a3a166ea9fbc264/elements - {"using":"xpath","value":"//button[@data-kt=\"contractDetailEditBtnButton\"]"}
RESULT: {"using":"xpath","value":"//button[@data-kt=\"contractDetailEditBtnButton\"]"}
COMMAND: POST /session/2dec2e3c010038984a3a166ea9fbc264/elements - {"using":"xpath","value":"//button[@data-kt=\"contractDetailEditBtnButton\"]"}
RESULT: {"using":"xpath","value":"//button[@data-kt=\"contractDetailEditBtnButton\"]"}
COMMAND: POST /session/2dec2e3c010038984a3a166ea9fbc264/elements - {"using":"xpath","value":"//button[@data-kt=\"contractDetailEditBtnButton\"]"}
RESULT: {"using":"xpath","value":"//button[@data-kt=\"contractDetailEditBtnButton\"]"}
COMMAND: POST /session/2dec2e3c010038984a3a166ea9fbc264/elements - {"using":"xpath","value":"//button[@data-kt=\"contractDetailEditBtnButton\"]"}
RESULT: {"using":"xpath","value":"//button[@data-kt=\"contractDetailEditBtnButton\"]"}
COMMAND: POST /session/2dec2e3c010038984a3a166ea9fbc264/elements - {"using":"xpath","value":"//button[@data-kt=\"contractDetailEditBtnButton\"]"}
RESULT: {"using":"xpath","value":"//button[@data-kt=\"contractDetailEditBtnButton\"]"}
COMMAND: POST /session/2dec2e3c010038984a3a166ea9fbc264/elements - {"using":"xpath","value":"//button[@data-kt=\"contractDetailEditBtnButton\"]"}
RESULT: {"using":"xpath","value":"//button[@data-kt=\"contractDetailEditBtnButton\"]"}
COMMAND: POST /session/2dec2e3c010038984a3a166ea9fbc264/elements - {"using":"xpath","value":"//button[@data-kt=\"contractDetailEditBtnButton\"]"}
RESULT: {"using":"xpath","value":"//button[@data-kt=\"contractDetailEditBtnButton\"]"}
COMMAND: POST /session/2dec2e3c010038984a3a166ea9fbc264/elements - {"using":"xpath","value":"//button[@data-kt=\"contractDetailEditBtnButton\"]"}
RESULT: {"using":"xpath","value":"//button[@data-kt=\"contractDetailEditBtnButton\"]"}
COMMAND: POST /session/2dec2e3c010038984a3a166ea9fbc264/elements - {"using":"xpath","value":"//button[@data-kt=\"contractDetailEditBtnButton\"]"}
RESULT: {"using":"xpath","value":"//button[@data-kt=\"contractDetailEditBtnButton\"]"}
COMMAND: POST /session/2dec2e3c010038984a3a166ea9fbc264/elements - {"using":"xpath","value":"//button[@data-kt=\"contractDetailEditBtnButton\"]"}
RESULT: {"using":"xpath","value":"//button[@data-kt=\"contractDetailEditBtnButton\"]"}
COMMAND: POST /session/2dec2e3c010038984a3a166ea9fbc264/elements - {"using":"xpath","value":"//button[@data-kt=\"contractDetailEditBtnButton\"]"}
RESULT: {"using":"xpath","value":"//button[@data-kt=\"contractDetailEditBtnButton\"]"}
COMMAND: POST /session/2dec2e3c010038984a3a166ea9fbc264/elements - {"using":"xpath","value":"//button[@data-kt=\"contractDetailEditBtnButton\"]"}
RESULT: {"using":"xpath","value":"//button[@data-kt=\"contractDetailEditBtnButton\"]"}
COMMAND: POST /session/2dec2e3c010038984a3a166ea9fbc264/elements - {"using":"xpath","value":"//button[@data-kt=\"contractDetailEditBtnButton\"]"}
RESULT: {"using":"xpath","value":"//button[@data-kt=\"contractDetailEditBtnButton\"]"}
COMMAND: POST /session/2dec2e3c010038984a3a166ea9fbc264/elements - {"using":"xpath","value":"//button[@data-kt=\"contractDetailEditBtnButton\"]"}
RESULT: {"using":"xpath","value":"//button[@data-kt=\"contractDetailEditBtnButton\"]"}
COMMAND: POST /session/2dec2e3c010038984a3a166ea9fbc264/elements - {"using":"xpath","value":"//button[@data-kt=\"contractDetailEditBtnButton\"]"}
RESULT: {"using":"xpath","value":"//button[@data-kt=\"contractDetailEditBtnButton\"]"}
COMMAND: POST /session/2dec2e3c010038984a3a166ea9fbc264/elements - {"using":"xpath","value":"//button[@data-kt=\"contractDetailEditBtnButton\"]"}
RESULT: {"using":"xpath","value":"//button[@data-kt=\"contractDetailEditBtnButton\"]"}
COMMAND: POST /session/2dec2e3c010038984a3a166ea9fbc264/elements - {"using":"xpath","value":"//button[@data-kt=\"contractDetailEditBtnButton\"]"}
RESULT: {"using":"xpath","value":"//button[@data-kt=\"contractDetailEditBtnButton\"]"}
COMMAND: POST /session/2dec2e3c010038984a3a166ea9fbc264/elements - {"using":"xpath","value":"//button[@data-kt=\"contractDetailEditBtnButton\"]"}
RESULT: {"using":"xpath","value":"//button[@data-kt=\"contractDetailEditBtnButton\"]"}
COMMAND: POST /session/2dec2e3c010038984a3a166ea9fbc264/elements - {"using":"xpath","value":"//button[@data-kt=\"contractDetailEditBtnButton\"]"}
RESULT: {"using":"xpath","value":"//button[@data-kt=\"contractDetailEditBtnButton\"]"}
COMMAND: POST /session/2dec2e3c010038984a3a166ea9fbc264/elements - {"using":"xpath","value":"//button[@data-kt=\"contractDetailEditBtnButton\"]"}
RESULT: {"using":"xpath","value":"//button[@data-kt=\"contractDetailEditBtnButton\"]"}
COMMAND: POST /session/2dec2e3c010038984a3a166ea9fbc264/elements - {"using":"xpath","value":"//button[@data-kt=\"contractDetailEditBtnButton\"]"}
RESULT: {"using":"xpath","value":"//button[@data-kt=\"contractDetailEditBtnButton\"]"}
COMMAND: POST /session/2dec2e3c010038984a3a166ea9fbc264/elements - {"using":"xpath","value":"//button[@data-kt=\"contractDetailEditBtnButton\"]"}
RESULT: {"using":"xpath","value":"//button[@data-kt=\"contractDetailEditBtnButton\"]"}
COMMAND: POST /session/2dec2e3c010038984a3a166ea9fbc264/elements - {"using":"xpath","value":"//button[@data-kt=\"contractDetailEditBtnButton\"]"}
RESULT: {"using":"xpath","value":"//button[@data-kt=\"contractDetailEditBtnButton\"]"}
COMMAND: POST /session/2dec2e3c010038984a3a166ea9fbc264/elements - {"using":"xpath","value":"//button[@data-kt=\"contractDetailEditBtnButton\"]"}
RESULT: {"using":"xpath","value":"//button[@data-kt=\"contractDetailEditBtnButton\"]"}
COMMAND: POST /session/2dec2e3c010038984a3a166ea9fbc264/elements - {"using":"xpath","value":"//button[@data-kt=\"contractDetailEditBtnButton\"]"}
RESULT: {"using":"xpath","value":"//button[@data-kt=\"contractDetailEditBtnButton\"]"}
COMMAND: POST /session/2dec2e3c010038984a3a166ea9fbc264/elements - {"using":"xpath","value":"//button[@data-kt=\"contractDetailEditBtnButton\"]"}
RESULT: {"using":"xpath","value":"//button[@data-kt=\"contractDetailEditBtnButton\"]"}
COMMAND: POST /session/2dec2e3c010038984a3a166ea9fbc264/elements - {"using":"xpath","value":"//button[@data-kt=\"contractDetailEditBtnButton\"]"}
RESULT: {"using":"xpath","value":"//button[@data-kt=\"contractDetailEditBtnButton\"]"}
COMMAND: POST /session/2dec2e3c010038984a3a166ea9fbc264/elements - {"using":"xpath","value":"//button[@data-kt=\"contractDetailEditBtnButton\"]"}
RESULT: {"using":"xpath","value":"//button[@data-kt=\"contractDetailEditBtnButton\"]"}
COMMAND: POST /session/2dec2e3c010038984a3a166ea9fbc264/elements - {"using":"xpath","value":"//button[@data-kt=\"contractDetailEditBtnButton\"]"}
RESULT: {"using":"xpath","value":"//button[@data-kt=\"contractDetailEditBtnButton\"]"}
COMMAND: POST /session/2dec2e3c010038984a3a166ea9fbc264/elements - {"using":"xpath","value":"//button[@data-kt=\"contractDetailEditBtnButton\"]"}
RESULT: {"using":"xpath","value":"//button[@data-kt=\"contractDetailEditBtnButton\"]"}
COMMAND: POST /session/2dec2e3c010038984a3a166ea9fbc264/elements - {"using":"xpath","value":"//button[@data-kt=\"contractDetailEditBtnButton\"]"}
RESULT: {"using":"xpath","value":"//button[@data-kt=\"contractDetailEditBtnButton\"]"}
COMMAND: POST /session/2dec2e3c010038984a3a166ea9fbc264/elements - {"using":"xpath","value":"//button[@data-kt=\"contractDetailEditBtnButton\"]"}
RESULT: {"using":"xpath","value":"//button[@data-kt=\"contractDetailEditBtnButton\"]"}
COMMAND: POST /session/2dec2e3c010038984a3a166ea9fbc264/elements - {"using":"xpath","value":"//button[@data-kt=\"contractDetailEditBtnButton\"]"}
RESULT: {"using":"xpath","value":"//button[@data-kt=\"contractDetailEditBtnButton\"]"}
COMMAND: POST /session/2dec2e3c010038984a3a166ea9fbc264/elements - {"using":"xpath","value":"//button[@data-kt=\"contractDetailEditBtnButton\"]"}
RESULT: {"using":"xpath","value":"//button[@data-kt=\"contractDetailEditBtnButton\"]"}
COMMAND: POST /session/2dec2e3c010038984a3a166ea9fbc264/elements - {"using":"xpath","value":"//button[@data-kt=\"contractDetailEditBtnButton\"]"}
RESULT: {"using":"xpath","value":"//button[@data-kt=\"contractDetailEditBtnButton\"]"}
COMMAND: POST /session/2dec2e3c010038984a3a166ea9fbc264/elements - {"using":"xpath","value":"//button[@data-kt=\"contractDetailEditBtnButton\"]"}
RESULT: {"using":"xpath","value":"//button[@data-kt=\"contractDetailEditBtnButton\"]"}
COMMAND: POST /session/2dec2e3c010038984a3a166ea9fbc264/elements - {"using":"xpath","value":"//button[@data-kt=\"contractDetailEditBtnButton\"]"}
RESULT: {"using":"xpath","value":"//button[@data-kt=\"contractDetailEditBtnButton\"]"}
COMMAND: POST /session/2dec2e3c010038984a3a166ea9fbc264/elements - {"using":"xpath","value":"//button[@data-kt=\"contractDetailEditBtnButton\"]"}
RESULT: {"using":"xpath","value":"//button[@data-kt=\"contractDetailEditBtnButton\"]"}
COMMAND: POST /session/2dec2e3c010038984a3a166ea9fbc264/elements - {"using":"xpath","value":"//button[@data-kt=\"contractDetailEditBtnButton\"]"}
RESULT: {"using":"xpath","value":"//button[@data-kt=\"contractDetailEditBtnButton\"]"}
COMMAND: POST /session/2dec2e3c010038984a3a166ea9fbc264/elements - {"using":"xpath","value":"//button[@data-kt=\"contractDetailEditBtnButton\"]"}
RESULT: {"using":"xpath","value":"//button[@data-kt=\"contractDetailEditBtnButton\"]"}
COMMAND: POST /session/2dec2e3c010038984a3a166ea9fbc264/elements - {"using":"xpath","value":"//button[@data-kt=\"contractDetailEditBtnButton\"]"}
RESULT: {"using":"xpath","value":"//button[@data-kt=\"contractDetailEditBtnButton\"]"}
COMMAND: POST /session/2dec2e3c010038984a3a166ea9fbc264/elements - {"using":"xpath","value":"//button[@data-kt=\"contractDetailEditBtnButton\"]"}
RESULT: {"using":"xpath","value":"//button[@data-kt=\"contractDetailEditBtnButton\"]"}
COMMAND: POST /session/2dec2e3c010038984a3a166ea9fbc264/elements - {"using":"xpath","value":"//button[@data-kt=\"contractDetailEditBtnButton\"]"}
RESULT: {"using":"xpath","value":"//button[@data-kt=\"contractDetailEditBtnButton\"]"}
COMMAND: POST /session/2dec2e3c010038984a3a166ea9fbc264/elements - {"using":"xpath","value":"//button[@data-kt=\"contractDetailEditBtnButton\"]"}
RESULT: {"using":"xpath","value":"//button[@data-kt=\"contractDetailEditBtnButton\"]"}
COMMAND: POST /session/2dec2e3c010038984a3a166ea9fbc264/elements - {"using":"xpath","value":"//button[@data-kt=\"contractDetailEditBtnButton\"]"}
RESULT: {"using":"xpath","value":"//button[@data-kt=\"contractDetailEditBtnButton\"]"}
COMMAND: POST /session/2dec2e3c010038984a3a166ea9fbc264/elements - {"using":"xpath","value":"//button[@data-kt=\"contractDetailEditBtnButton\"]"}
RESULT: {"using":"xpath","value":"//button[@data-kt=\"contractDetailEditBtnButton\"]"}
COMMAND: POST /session/2dec2e3c010038984a3a166ea9fbc264/elements - {"using":"xpath","value":"//button[@data-kt=\"contractDetailEditBtnButton\"]"}
RESULT: {"using":"xpath","value":"//button[@data-kt=\"contractDetailEditBtnButton\"]"}
COMMAND: POST /session/2dec2e3c010038984a3a166ea9fbc264/elements - {"using":"xpath","value":"//button[@data-kt=\"contractDetailEditBtnButton\"]"}
RESULT: {"using":"xpath","value":"//button[@data-kt=\"contractDetailEditBtnButton\"]"}
COMMAND: POST /session/2dec2e3c010038984a3a166ea9fbc264/elements - {"using":"xpath","value":"//button[@data-kt=\"contractDetailEditBtnButton\"]"}
RESULT: {"using":"xpath","value":"//button[@data-kt=\"contractDetailEditBtnButton\"]"}
COMMAND: POST /session/2dec2e3c010038984a3a166ea9fbc264/elements - {"using":"xpath","value":"//button[@data-kt=\"contractDetailEditBtnButton\"]"}
RESULT: {"using":"xpath","value":"//button[@data-kt=\"contractDetailEditBtnButton\"]"}
COMMAND: POST /session/2dec2e3c010038984a3a166ea9fbc264/elements - {"using":"xpath","value":"//button[@data-kt=\"contractDetailEditBtnButton\"]"}
RESULT: {"using":"xpath","value":"//button[@data-kt=\"contractDetailEditBtnButton\"]"}
COMMAND: POST /session/2dec2e3c010038984a3a166ea9fbc264/elements - {"using":"xpath","value":"//button[@data-kt=\"contractDetailEditBtnButton\"]"}
RESULT: {"using":"xpath","value":"//button[@data-kt=\"contractDetailEditBtnButton\"]"}
COMMAND: POST /session/2dec2e3c010038984a3a166ea9fbc264/elements - {"using":"xpath","value":"//button[@data-kt=\"contractDetailEditBtnButton\"]"}
RESULT: {"using":"xpath","value":"//button[@data-kt=\"contractDetailEditBtnButton\"]"}
COMMAND: POST /session/2dec2e3c010038984a3a166ea9fbc264/elements - {"using":"xpath","value":"//button[@data-kt=\"contractDetailEditBtnButton\"]"}
RESULT: {"using":"xpath","value":"//button[@data-kt=\"contractDetailEditBtnButton\"]"}
COMMAND: POST /session/2dec2e3c010038984a3a166ea9fbc264/elements - {"using":"xpath","value":"//button[@data-kt=\"contractDetailEditBtnButton\"]"}
RESULT: {"using":"xpath","value":"//button[@data-kt=\"contractDetailEditBtnButton\"]"}
COMMAND: POST /session/2dec2e3c010038984a3a166ea9fbc264/elements - {"using":"xpath","value":"//button[@data-kt=\"contractDetailEditBtnButton\"]"}
RESULT: {"using":"xpath","value":"//button[@data-kt=\"contractDetailEditBtnButton\"]"}
COMMAND: POST /session/2dec2e3c010038984a3a166ea9fbc264/elements - {"using":"xpath","value":"//button[@data-kt=\"contractDetailEditBtnButton\"]"}
RESULT: {"using":"xpath","value":"//button[@data-kt=\"contractDetailEditBtnButton\"]"}
COMMAND: POST /session/2dec2e3c010038984a3a166ea9fbc264/elements - {"using":"xpath","value":"//button[@data-kt=\"contractDetailEditBtnButton\"]"}
RESULT: {"using":"xpath","value":"//button[@data-kt=\"contractDetailEditBtnButton\"]"}
COMMAND: POST /session/2dec2e3c010038984a3a166ea9fbc264/elements - {"using":"xpath","value":"//button[@data-kt=\"contractDetailEditBtnButton\"]"}
RESULT: {"using":"xpath","value":"//button[@data-kt=\"contractDetailEditBtnButton\"]"}
COMMAND: POST /session/2dec2e3c010038984a3a166ea9fbc264/elements - {"using":"xpath","value":"//button[@data-kt=\"contractDetailEditBtnButton\"]"}
RESULT: {"using":"xpath","value":"//button[@data-kt=\"contractDetailEditBtnButton\"]"}
COMMAND: POST /session/2dec2e3c010038984a3a166ea9fbc264/elements - {"using":"xpath","value":"//button[@data-kt=\"contractDetailEditBtnButton\"]"}
RESULT: {"using":"xpath","value":"//button[@data-kt=\"contractDetailEditBtnButton\"]"}
COMMAND: POST /session/2dec2e3c010038984a3a166ea9fbc264/elements - {"using":"xpath","value":"//button[@data-kt=\"contractDetailEditBtnButton\"]"}
RESULT: {"using":"xpath","value":"//button[@data-kt=\"contractDetailEditBtnButton\"]"}
COMMAND: POST /session/2dec2e3c010038984a3a166ea9fbc264/elements - {"using":"xpath","value":"//button[@data-kt=\"contractDetailEditBtnButton\"]"}
RESULT: {"using":"xpath","value":"//button[@data-kt=\"contractDetailEditBtnButton\"]"}
COMMAND: POST /session/2dec2e3c010038984a3a166ea9fbc264/elements - {"using":"xpath","value":"//button[@data-kt=\"contractDetailEditBtnButton\"]"}
RESULT: {"using":"xpath","value":"//button[@data-kt=\"contractDetailEditBtnButton\"]"}
COMMAND: POST /session/2dec2e3c010038984a3a166ea9fbc264/elements - {"using":"xpath","value":"//button[@data-kt=\"contractDetailEditBtnButton\"]"}
RESULT: {"using":"xpath","value":"//button[@data-kt=\"contractDetailEditBtnButton\"]"}
COMMAND: POST /session/2dec2e3c010038984a3a166ea9fbc264/elements - {"using":"xpath","value":"//button[@data-kt=\"contractDetailEditBtnButton\"]"}
RESULT: {"using":"xpath","value":"//button[@data-kt=\"contractDetailEditBtnButton\"]"}
COMMAND: POST /session/2dec2e3c010038984a3a166ea9fbc264/elements - {"using":"xpath","value":"//button[@data-kt=\"contractDetailEditBtnButton\"]"}
RESULT: {"using":"xpath","value":"//button[@data-kt=\"contractDetailEditBtnButton\"]"}
COMMAND: POST /session/2dec2e3c010038984a3a166ea9fbc264/elements - {"using":"xpath","value":"//button[@data-kt=\"contractDetailEditBtnButton\"]"}
RESULT: {"using":"xpath","value":"//button[@data-kt=\"contractDetailEditBtnButton\"]"}
COMMAND: POST /session/2dec2e3c010038984a3a166ea9fbc264/elements - {"using":"xpath","value":"//button[@data-kt=\"contractDetailEditBtnButton\"]"}
RESULT: {"using":"xpath","value":"//button[@data-kt=\"contractDetailEditBtnButton\"]"}
COMMAND: POST /session/2dec2e3c010038984a3a166ea9fbc264/elements - {"using":"xpath","value":"//button[@data-kt=\"contractDetailEditBtnButton\"]"}
RESULT: {"using":"xpath","value":"//button[@data-kt=\"contractDetailEditBtnButton\"]"}
COMMAND: POST /session/2dec2e3c010038984a3a166ea9fbc264/elements - {"using":"xpath","value":"//button[@data-kt=\"contractDetailEditBtnButton\"]"}
RESULT: {"using":"xpath","value":"//button[@data-kt=\"contractDetailEditBtnButton\"]"}
COMMAND: POST /session/2dec2e3c010038984a3a166ea9fbc264/elements - {"using":"xpath","value":"//button[@data-kt=\"contractDetailEditBtnButton\"]"}
RESULT: {"using":"xpath","value":"//button[@data-kt=\"contractDetailEditBtnButton\"]"}
COMMAND: POST /session/2dec2e3c010038984a3a166ea9fbc264/elements - {"using":"xpath","value":"//button[@data-kt=\"contractDetailEditBtnButton\"]"}
RESULT: {"using":"xpath","value":"//button[@data-kt=\"contractDetailEditBtnButton\"]"}
COMMAND: POST /session/2dec2e3c010038984a3a166ea9fbc264/elements - {"using":"xpath","value":"//button[@data-kt=\"contractDetailEditBtnButton\"]"}
RESULT: {"using":"xpath","value":"//button[@data-kt=\"contractDetailEditBtnButton\"]"}
COMMAND: POST /session/2dec2e3c010038984a3a166ea9fbc264/elements - {"using":"xpath","value":"//button[@data-kt=\"contractDetailEditBtnButton\"]"}
RESULT: {"using":"xpath","value":"//button[@data-kt=\"contractDetailEditBtnButton\"]"}
COMMAND: GET /session/2dec2e3c010038984a3a166ea9fbc264/screenshot - {}
RESULT: {}
]]></system-out>
      <system-err><![CDATA[
Error: Can't call click on element with selector "//button[@data-kt="contractDetailEditBtnButton"]" because element wasn't found
    at async UtilsPrerequisites.addItemToContract (D:\a\1\s\test\specs\BTS\prerequisites-and-utils-functions.js:1852:9)
    at async Context.<anonymous> (D:\a\1\s\test\specs\HTR\yard-mass-return.spec.js:66:9)
]]></system-err>
    </testcase>
    <testcase classname="chrome.136_0_7103_93.windows.Prerequisites_&amp;_test_for_yard_mass_return_on_Yard_Overview_US131057" name="Prerq Should do a provide to site handover" time="60.474">
      <failure/>
      <error message="Can't call click on element with selector &quot;//button[@data-kt=&quot;provideButton&quot;]&quot; because element wasn't found"/>
      <system-out><![CDATA[
COMMAND: POST /session/2dec2e3c010038984a3a166ea9fbc264/element - {"using":"xpath","value":"//button[@data-kt=\"provideButton\"]"}
COMMAND: GET /session/2dec2e3c010038984a3a166ea9fbc264/screenshot - {}
RESULT: {"using":"xpath","value":"//button[@data-kt=\"provideButton\"]"}
COMMAND: POST /session/2dec2e3c010038984a3a166ea9fbc264/elements - {"using":"xpath","value":"//button[@data-kt=\"provideButton\"]"}
RESULT: {}
RESULT: {"using":"xpath","value":"//button[@data-kt=\"provideButton\"]"}
COMMAND: POST /session/2dec2e3c010038984a3a166ea9fbc264/elements - {"using":"xpath","value":"//button[@data-kt=\"provideButton\"]"}
RESULT: {"using":"xpath","value":"//button[@data-kt=\"provideButton\"]"}
COMMAND: POST /session/2dec2e3c010038984a3a166ea9fbc264/elements - {"using":"xpath","value":"//button[@data-kt=\"provideButton\"]"}
RESULT: {"using":"xpath","value":"//button[@data-kt=\"provideButton\"]"}
COMMAND: POST /session/2dec2e3c010038984a3a166ea9fbc264/elements - {"using":"xpath","value":"//button[@data-kt=\"provideButton\"]"}
RESULT: {"using":"xpath","value":"//button[@data-kt=\"provideButton\"]"}
COMMAND: POST /session/2dec2e3c010038984a3a166ea9fbc264/elements - {"using":"xpath","value":"//button[@data-kt=\"provideButton\"]"}
RESULT: {"using":"xpath","value":"//button[@data-kt=\"provideButton\"]"}
COMMAND: POST /session/2dec2e3c010038984a3a166ea9fbc264/elements - {"using":"xpath","value":"//button[@data-kt=\"provideButton\"]"}
RESULT: {"using":"xpath","value":"//button[@data-kt=\"provideButton\"]"}
COMMAND: POST /session/2dec2e3c010038984a3a166ea9fbc264/elements - {"using":"xpath","value":"//button[@data-kt=\"provideButton\"]"}
RESULT: {"using":"xpath","value":"//button[@data-kt=\"provideButton\"]"}
COMMAND: POST /session/2dec2e3c010038984a3a166ea9fbc264/elements - {"using":"xpath","value":"//button[@data-kt=\"provideButton\"]"}
RESULT: {"using":"xpath","value":"//button[@data-kt=\"provideButton\"]"}
COMMAND: POST /session/2dec2e3c010038984a3a166ea9fbc264/elements - {"using":"xpath","value":"//button[@data-kt=\"provideButton\"]"}
RESULT: {"using":"xpath","value":"//button[@data-kt=\"provideButton\"]"}
COMMAND: POST /session/2dec2e3c010038984a3a166ea9fbc264/elements - {"using":"xpath","value":"//button[@data-kt=\"provideButton\"]"}
RESULT: {"using":"xpath","value":"//button[@data-kt=\"provideButton\"]"}
COMMAND: POST /session/2dec2e3c010038984a3a166ea9fbc264/elements - {"using":"xpath","value":"//button[@data-kt=\"provideButton\"]"}
RESULT: {"using":"xpath","value":"//button[@data-kt=\"provideButton\"]"}
COMMAND: POST /session/2dec2e3c010038984a3a166ea9fbc264/elements - {"using":"xpath","value":"//button[@data-kt=\"provideButton\"]"}
RESULT: {"using":"xpath","value":"//button[@data-kt=\"provideButton\"]"}
COMMAND: POST /session/2dec2e3c010038984a3a166ea9fbc264/elements - {"using":"xpath","value":"//button[@data-kt=\"provideButton\"]"}
RESULT: {"using":"xpath","value":"//button[@data-kt=\"provideButton\"]"}
COMMAND: POST /session/2dec2e3c010038984a3a166ea9fbc264/elements - {"using":"xpath","value":"//button[@data-kt=\"provideButton\"]"}
RESULT: {"using":"xpath","value":"//button[@data-kt=\"provideButton\"]"}
COMMAND: POST /session/2dec2e3c010038984a3a166ea9fbc264/elements - {"using":"xpath","value":"//button[@data-kt=\"provideButton\"]"}
RESULT: {"using":"xpath","value":"//button[@data-kt=\"provideButton\"]"}
COMMAND: POST /session/2dec2e3c010038984a3a166ea9fbc264/elements - {"using":"xpath","value":"//button[@data-kt=\"provideButton\"]"}
RESULT: {"using":"xpath","value":"//button[@data-kt=\"provideButton\"]"}
COMMAND: POST /session/2dec2e3c010038984a3a166ea9fbc264/elements - {"using":"xpath","value":"//button[@data-kt=\"provideButton\"]"}
RESULT: {"using":"xpath","value":"//button[@data-kt=\"provideButton\"]"}
COMMAND: POST /session/2dec2e3c010038984a3a166ea9fbc264/elements - {"using":"xpath","value":"//button[@data-kt=\"provideButton\"]"}
RESULT: {"using":"xpath","value":"//button[@data-kt=\"provideButton\"]"}
COMMAND: POST /session/2dec2e3c010038984a3a166ea9fbc264/elements - {"using":"xpath","value":"//button[@data-kt=\"provideButton\"]"}
RESULT: {"using":"xpath","value":"//button[@data-kt=\"provideButton\"]"}
COMMAND: POST /session/2dec2e3c010038984a3a166ea9fbc264/elements - {"using":"xpath","value":"//button[@data-kt=\"provideButton\"]"}
RESULT: {"using":"xpath","value":"//button[@data-kt=\"provideButton\"]"}
COMMAND: POST /session/2dec2e3c010038984a3a166ea9fbc264/elements - {"using":"xpath","value":"//button[@data-kt=\"provideButton\"]"}
RESULT: {"using":"xpath","value":"//button[@data-kt=\"provideButton\"]"}
COMMAND: POST /session/2dec2e3c010038984a3a166ea9fbc264/elements - {"using":"xpath","value":"//button[@data-kt=\"provideButton\"]"}
RESULT: {"using":"xpath","value":"//button[@data-kt=\"provideButton\"]"}
COMMAND: POST /session/2dec2e3c010038984a3a166ea9fbc264/elements - {"using":"xpath","value":"//button[@data-kt=\"provideButton\"]"}
RESULT: {"using":"xpath","value":"//button[@data-kt=\"provideButton\"]"}
COMMAND: POST /session/2dec2e3c010038984a3a166ea9fbc264/elements - {"using":"xpath","value":"//button[@data-kt=\"provideButton\"]"}
RESULT: {"using":"xpath","value":"//button[@data-kt=\"provideButton\"]"}
COMMAND: POST /session/2dec2e3c010038984a3a166ea9fbc264/elements - {"using":"xpath","value":"//button[@data-kt=\"provideButton\"]"}
RESULT: {"using":"xpath","value":"//button[@data-kt=\"provideButton\"]"}
COMMAND: POST /session/2dec2e3c010038984a3a166ea9fbc264/elements - {"using":"xpath","value":"//button[@data-kt=\"provideButton\"]"}
RESULT: {"using":"xpath","value":"//button[@data-kt=\"provideButton\"]"}
COMMAND: POST /session/2dec2e3c010038984a3a166ea9fbc264/elements - {"using":"xpath","value":"//button[@data-kt=\"provideButton\"]"}
RESULT: {"using":"xpath","value":"//button[@data-kt=\"provideButton\"]"}
COMMAND: POST /session/2dec2e3c010038984a3a166ea9fbc264/elements - {"using":"xpath","value":"//button[@data-kt=\"provideButton\"]"}
RESULT: {"using":"xpath","value":"//button[@data-kt=\"provideButton\"]"}
COMMAND: POST /session/2dec2e3c010038984a3a166ea9fbc264/elements - {"using":"xpath","value":"//button[@data-kt=\"provideButton\"]"}
RESULT: {"using":"xpath","value":"//button[@data-kt=\"provideButton\"]"}
COMMAND: POST /session/2dec2e3c010038984a3a166ea9fbc264/elements - {"using":"xpath","value":"//button[@data-kt=\"provideButton\"]"}
RESULT: {"using":"xpath","value":"//button[@data-kt=\"provideButton\"]"}
COMMAND: POST /session/2dec2e3c010038984a3a166ea9fbc264/elements - {"using":"xpath","value":"//button[@data-kt=\"provideButton\"]"}
RESULT: {"using":"xpath","value":"//button[@data-kt=\"provideButton\"]"}
COMMAND: POST /session/2dec2e3c010038984a3a166ea9fbc264/elements - {"using":"xpath","value":"//button[@data-kt=\"provideButton\"]"}
RESULT: {"using":"xpath","value":"//button[@data-kt=\"provideButton\"]"}
COMMAND: POST /session/2dec2e3c010038984a3a166ea9fbc264/elements - {"using":"xpath","value":"//button[@data-kt=\"provideButton\"]"}
RESULT: {"using":"xpath","value":"//button[@data-kt=\"provideButton\"]"}
COMMAND: POST /session/2dec2e3c010038984a3a166ea9fbc264/elements - {"using":"xpath","value":"//button[@data-kt=\"provideButton\"]"}
RESULT: {"using":"xpath","value":"//button[@data-kt=\"provideButton\"]"}
COMMAND: POST /session/2dec2e3c010038984a3a166ea9fbc264/elements - {"using":"xpath","value":"//button[@data-kt=\"provideButton\"]"}
RESULT: {"using":"xpath","value":"//button[@data-kt=\"provideButton\"]"}
COMMAND: POST /session/2dec2e3c010038984a3a166ea9fbc264/elements - {"using":"xpath","value":"//button[@data-kt=\"provideButton\"]"}
RESULT: {"using":"xpath","value":"//button[@data-kt=\"provideButton\"]"}
COMMAND: POST /session/2dec2e3c010038984a3a166ea9fbc264/elements - {"using":"xpath","value":"//button[@data-kt=\"provideButton\"]"}
RESULT: {"using":"xpath","value":"//button[@data-kt=\"provideButton\"]"}
COMMAND: POST /session/2dec2e3c010038984a3a166ea9fbc264/elements - {"using":"xpath","value":"//button[@data-kt=\"provideButton\"]"}
RESULT: {"using":"xpath","value":"//button[@data-kt=\"provideButton\"]"}
COMMAND: POST /session/2dec2e3c010038984a3a166ea9fbc264/elements - {"using":"xpath","value":"//button[@data-kt=\"provideButton\"]"}
RESULT: {"using":"xpath","value":"//button[@data-kt=\"provideButton\"]"}
COMMAND: POST /session/2dec2e3c010038984a3a166ea9fbc264/elements - {"using":"xpath","value":"//button[@data-kt=\"provideButton\"]"}
RESULT: {"using":"xpath","value":"//button[@data-kt=\"provideButton\"]"}
COMMAND: POST /session/2dec2e3c010038984a3a166ea9fbc264/elements - {"using":"xpath","value":"//button[@data-kt=\"provideButton\"]"}
RESULT: {"using":"xpath","value":"//button[@data-kt=\"provideButton\"]"}
COMMAND: POST /session/2dec2e3c010038984a3a166ea9fbc264/elements - {"using":"xpath","value":"//button[@data-kt=\"provideButton\"]"}
RESULT: {"using":"xpath","value":"//button[@data-kt=\"provideButton\"]"}
COMMAND: POST /session/2dec2e3c010038984a3a166ea9fbc264/elements - {"using":"xpath","value":"//button[@data-kt=\"provideButton\"]"}
RESULT: {"using":"xpath","value":"//button[@data-kt=\"provideButton\"]"}
COMMAND: POST /session/2dec2e3c010038984a3a166ea9fbc264/elements - {"using":"xpath","value":"//button[@data-kt=\"provideButton\"]"}
RESULT: {"using":"xpath","value":"//button[@data-kt=\"provideButton\"]"}
COMMAND: POST /session/2dec2e3c010038984a3a166ea9fbc264/elements - {"using":"xpath","value":"//button[@data-kt=\"provideButton\"]"}
RESULT: {"using":"xpath","value":"//button[@data-kt=\"provideButton\"]"}
COMMAND: POST /session/2dec2e3c010038984a3a166ea9fbc264/elements - {"using":"xpath","value":"//button[@data-kt=\"provideButton\"]"}
RESULT: {"using":"xpath","value":"//button[@data-kt=\"provideButton\"]"}
COMMAND: POST /session/2dec2e3c010038984a3a166ea9fbc264/elements - {"using":"xpath","value":"//button[@data-kt=\"provideButton\"]"}
RESULT: {"using":"xpath","value":"//button[@data-kt=\"provideButton\"]"}
COMMAND: POST /session/2dec2e3c010038984a3a166ea9fbc264/elements - {"using":"xpath","value":"//button[@data-kt=\"provideButton\"]"}
RESULT: {"using":"xpath","value":"//button[@data-kt=\"provideButton\"]"}
COMMAND: POST /session/2dec2e3c010038984a3a166ea9fbc264/elements - {"using":"xpath","value":"//button[@data-kt=\"provideButton\"]"}
RESULT: {"using":"xpath","value":"//button[@data-kt=\"provideButton\"]"}
COMMAND: POST /session/2dec2e3c010038984a3a166ea9fbc264/elements - {"using":"xpath","value":"//button[@data-kt=\"provideButton\"]"}
RESULT: {"using":"xpath","value":"//button[@data-kt=\"provideButton\"]"}
COMMAND: POST /session/2dec2e3c010038984a3a166ea9fbc264/elements - {"using":"xpath","value":"//button[@data-kt=\"provideButton\"]"}
RESULT: {"using":"xpath","value":"//button[@data-kt=\"provideButton\"]"}
COMMAND: POST /session/2dec2e3c010038984a3a166ea9fbc264/elements - {"using":"xpath","value":"//button[@data-kt=\"provideButton\"]"}
RESULT: {"using":"xpath","value":"//button[@data-kt=\"provideButton\"]"}
COMMAND: POST /session/2dec2e3c010038984a3a166ea9fbc264/elements - {"using":"xpath","value":"//button[@data-kt=\"provideButton\"]"}
RESULT: {"using":"xpath","value":"//button[@data-kt=\"provideButton\"]"}
COMMAND: POST /session/2dec2e3c010038984a3a166ea9fbc264/elements - {"using":"xpath","value":"//button[@data-kt=\"provideButton\"]"}
RESULT: {"using":"xpath","value":"//button[@data-kt=\"provideButton\"]"}
COMMAND: POST /session/2dec2e3c010038984a3a166ea9fbc264/elements - {"using":"xpath","value":"//button[@data-kt=\"provideButton\"]"}
RESULT: {"using":"xpath","value":"//button[@data-kt=\"provideButton\"]"}
COMMAND: POST /session/2dec2e3c010038984a3a166ea9fbc264/elements - {"using":"xpath","value":"//button[@data-kt=\"provideButton\"]"}
RESULT: {"using":"xpath","value":"//button[@data-kt=\"provideButton\"]"}
COMMAND: POST /session/2dec2e3c010038984a3a166ea9fbc264/elements - {"using":"xpath","value":"//button[@data-kt=\"provideButton\"]"}
RESULT: {"using":"xpath","value":"//button[@data-kt=\"provideButton\"]"}
COMMAND: POST /session/2dec2e3c010038984a3a166ea9fbc264/elements - {"using":"xpath","value":"//button[@data-kt=\"provideButton\"]"}
RESULT: {"using":"xpath","value":"//button[@data-kt=\"provideButton\"]"}
COMMAND: POST /session/2dec2e3c010038984a3a166ea9fbc264/elements - {"using":"xpath","value":"//button[@data-kt=\"provideButton\"]"}
RESULT: {"using":"xpath","value":"//button[@data-kt=\"provideButton\"]"}
COMMAND: POST /session/2dec2e3c010038984a3a166ea9fbc264/elements - {"using":"xpath","value":"//button[@data-kt=\"provideButton\"]"}
RESULT: {"using":"xpath","value":"//button[@data-kt=\"provideButton\"]"}
COMMAND: POST /session/2dec2e3c010038984a3a166ea9fbc264/elements - {"using":"xpath","value":"//button[@data-kt=\"provideButton\"]"}
RESULT: {"using":"xpath","value":"//button[@data-kt=\"provideButton\"]"}
COMMAND: POST /session/2dec2e3c010038984a3a166ea9fbc264/elements - {"using":"xpath","value":"//button[@data-kt=\"provideButton\"]"}
RESULT: {"using":"xpath","value":"//button[@data-kt=\"provideButton\"]"}
COMMAND: POST /session/2dec2e3c010038984a3a166ea9fbc264/elements - {"using":"xpath","value":"//button[@data-kt=\"provideButton\"]"}
RESULT: {"using":"xpath","value":"//button[@data-kt=\"provideButton\"]"}
COMMAND: POST /session/2dec2e3c010038984a3a166ea9fbc264/elements - {"using":"xpath","value":"//button[@data-kt=\"provideButton\"]"}
RESULT: {"using":"xpath","value":"//button[@data-kt=\"provideButton\"]"}
COMMAND: POST /session/2dec2e3c010038984a3a166ea9fbc264/elements - {"using":"xpath","value":"//button[@data-kt=\"provideButton\"]"}
RESULT: {"using":"xpath","value":"//button[@data-kt=\"provideButton\"]"}
COMMAND: POST /session/2dec2e3c010038984a3a166ea9fbc264/elements - {"using":"xpath","value":"//button[@data-kt=\"provideButton\"]"}
RESULT: {"using":"xpath","value":"//button[@data-kt=\"provideButton\"]"}
COMMAND: POST /session/2dec2e3c010038984a3a166ea9fbc264/elements - {"using":"xpath","value":"//button[@data-kt=\"provideButton\"]"}
RESULT: {"using":"xpath","value":"//button[@data-kt=\"provideButton\"]"}
COMMAND: POST /session/2dec2e3c010038984a3a166ea9fbc264/elements - {"using":"xpath","value":"//button[@data-kt=\"provideButton\"]"}
RESULT: {"using":"xpath","value":"//button[@data-kt=\"provideButton\"]"}
COMMAND: POST /session/2dec2e3c010038984a3a166ea9fbc264/elements - {"using":"xpath","value":"//button[@data-kt=\"provideButton\"]"}
RESULT: {"using":"xpath","value":"//button[@data-kt=\"provideButton\"]"}
COMMAND: POST /session/2dec2e3c010038984a3a166ea9fbc264/elements - {"using":"xpath","value":"//button[@data-kt=\"provideButton\"]"}
RESULT: {"using":"xpath","value":"//button[@data-kt=\"provideButton\"]"}
COMMAND: POST /session/2dec2e3c010038984a3a166ea9fbc264/elements - {"using":"xpath","value":"//button[@data-kt=\"provideButton\"]"}
RESULT: {"using":"xpath","value":"//button[@data-kt=\"provideButton\"]"}
COMMAND: POST /session/2dec2e3c010038984a3a166ea9fbc264/elements - {"using":"xpath","value":"//button[@data-kt=\"provideButton\"]"}
RESULT: {"using":"xpath","value":"//button[@data-kt=\"provideButton\"]"}
COMMAND: POST /session/2dec2e3c010038984a3a166ea9fbc264/elements - {"using":"xpath","value":"//button[@data-kt=\"provideButton\"]"}
RESULT: {"using":"xpath","value":"//button[@data-kt=\"provideButton\"]"}
COMMAND: POST /session/2dec2e3c010038984a3a166ea9fbc264/elements - {"using":"xpath","value":"//button[@data-kt=\"provideButton\"]"}
RESULT: {"using":"xpath","value":"//button[@data-kt=\"provideButton\"]"}
COMMAND: POST /session/2dec2e3c010038984a3a166ea9fbc264/elements - {"using":"xpath","value":"//button[@data-kt=\"provideButton\"]"}
RESULT: {"using":"xpath","value":"//button[@data-kt=\"provideButton\"]"}
COMMAND: POST /session/2dec2e3c010038984a3a166ea9fbc264/elements - {"using":"xpath","value":"//button[@data-kt=\"provideButton\"]"}
RESULT: {"using":"xpath","value":"//button[@data-kt=\"provideButton\"]"}
COMMAND: POST /session/2dec2e3c010038984a3a166ea9fbc264/elements - {"using":"xpath","value":"//button[@data-kt=\"provideButton\"]"}
RESULT: {"using":"xpath","value":"//button[@data-kt=\"provideButton\"]"}
COMMAND: POST /session/2dec2e3c010038984a3a166ea9fbc264/elements - {"using":"xpath","value":"//button[@data-kt=\"provideButton\"]"}
RESULT: {"using":"xpath","value":"//button[@data-kt=\"provideButton\"]"}
COMMAND: POST /session/2dec2e3c010038984a3a166ea9fbc264/elements - {"using":"xpath","value":"//button[@data-kt=\"provideButton\"]"}
RESULT: {"using":"xpath","value":"//button[@data-kt=\"provideButton\"]"}
COMMAND: POST /session/2dec2e3c010038984a3a166ea9fbc264/elements - {"using":"xpath","value":"//button[@data-kt=\"provideButton\"]"}
RESULT: {"using":"xpath","value":"//button[@data-kt=\"provideButton\"]"}
COMMAND: POST /session/2dec2e3c010038984a3a166ea9fbc264/elements - {"using":"xpath","value":"//button[@data-kt=\"provideButton\"]"}
RESULT: {"using":"xpath","value":"//button[@data-kt=\"provideButton\"]"}
COMMAND: POST /session/2dec2e3c010038984a3a166ea9fbc264/elements - {"using":"xpath","value":"//button[@data-kt=\"provideButton\"]"}
RESULT: {"using":"xpath","value":"//button[@data-kt=\"provideButton\"]"}
COMMAND: POST /session/2dec2e3c010038984a3a166ea9fbc264/elements - {"using":"xpath","value":"//button[@data-kt=\"provideButton\"]"}
RESULT: {"using":"xpath","value":"//button[@data-kt=\"provideButton\"]"}
COMMAND: POST /session/2dec2e3c010038984a3a166ea9fbc264/elements - {"using":"xpath","value":"//button[@data-kt=\"provideButton\"]"}
RESULT: {"using":"xpath","value":"//button[@data-kt=\"provideButton\"]"}
COMMAND: POST /session/2dec2e3c010038984a3a166ea9fbc264/elements - {"using":"xpath","value":"//button[@data-kt=\"provideButton\"]"}
RESULT: {"using":"xpath","value":"//button[@data-kt=\"provideButton\"]"}
COMMAND: POST /session/2dec2e3c010038984a3a166ea9fbc264/elements - {"using":"xpath","value":"//button[@data-kt=\"provideButton\"]"}
RESULT: {"using":"xpath","value":"//button[@data-kt=\"provideButton\"]"}
COMMAND: POST /session/2dec2e3c010038984a3a166ea9fbc264/elements - {"using":"xpath","value":"//button[@data-kt=\"provideButton\"]"}
RESULT: {"using":"xpath","value":"//button[@data-kt=\"provideButton\"]"}
COMMAND: POST /session/2dec2e3c010038984a3a166ea9fbc264/elements - {"using":"xpath","value":"//button[@data-kt=\"provideButton\"]"}
RESULT: {"using":"xpath","value":"//button[@data-kt=\"provideButton\"]"}
COMMAND: POST /session/2dec2e3c010038984a3a166ea9fbc264/elements - {"using":"xpath","value":"//button[@data-kt=\"provideButton\"]"}
RESULT: {"using":"xpath","value":"//button[@data-kt=\"provideButton\"]"}
COMMAND: POST /session/2dec2e3c010038984a3a166ea9fbc264/elements - {"using":"xpath","value":"//button[@data-kt=\"provideButton\"]"}
RESULT: {"using":"xpath","value":"//button[@data-kt=\"provideButton\"]"}
COMMAND: POST /session/2dec2e3c010038984a3a166ea9fbc264/elements - {"using":"xpath","value":"//button[@data-kt=\"provideButton\"]"}
RESULT: {"using":"xpath","value":"//button[@data-kt=\"provideButton\"]"}
COMMAND: POST /session/2dec2e3c010038984a3a166ea9fbc264/elements - {"using":"xpath","value":"//button[@data-kt=\"provideButton\"]"}
RESULT: {"using":"xpath","value":"//button[@data-kt=\"provideButton\"]"}
COMMAND: POST /session/2dec2e3c010038984a3a166ea9fbc264/elements - {"using":"xpath","value":"//button[@data-kt=\"provideButton\"]"}
RESULT: {"using":"xpath","value":"//button[@data-kt=\"provideButton\"]"}
COMMAND: POST /session/2dec2e3c010038984a3a166ea9fbc264/elements - {"using":"xpath","value":"//button[@data-kt=\"provideButton\"]"}
RESULT: {"using":"xpath","value":"//button[@data-kt=\"provideButton\"]"}
COMMAND: POST /session/2dec2e3c010038984a3a166ea9fbc264/elements - {"using":"xpath","value":"//button[@data-kt=\"provideButton\"]"}
RESULT: {"using":"xpath","value":"//button[@data-kt=\"provideButton\"]"}
COMMAND: POST /session/2dec2e3c010038984a3a166ea9fbc264/elements - {"using":"xpath","value":"//button[@data-kt=\"provideButton\"]"}
RESULT: {"using":"xpath","value":"//button[@data-kt=\"provideButton\"]"}
COMMAND: POST /session/2dec2e3c010038984a3a166ea9fbc264/elements - {"using":"xpath","value":"//button[@data-kt=\"provideButton\"]"}
RESULT: {"using":"xpath","value":"//button[@data-kt=\"provideButton\"]"}
COMMAND: POST /session/2dec2e3c010038984a3a166ea9fbc264/elements - {"using":"xpath","value":"//button[@data-kt=\"provideButton\"]"}
RESULT: {"using":"xpath","value":"//button[@data-kt=\"provideButton\"]"}
COMMAND: POST /session/2dec2e3c010038984a3a166ea9fbc264/elements - {"using":"xpath","value":"//button[@data-kt=\"provideButton\"]"}
RESULT: {"using":"xpath","value":"//button[@data-kt=\"provideButton\"]"}
COMMAND: POST /session/2dec2e3c010038984a3a166ea9fbc264/elements - {"using":"xpath","value":"//button[@data-kt=\"provideButton\"]"}
RESULT: {"using":"xpath","value":"//button[@data-kt=\"provideButton\"]"}
COMMAND: POST /session/2dec2e3c010038984a3a166ea9fbc264/elements - {"using":"xpath","value":"//button[@data-kt=\"provideButton\"]"}
RESULT: {"using":"xpath","value":"//button[@data-kt=\"provideButton\"]"}
COMMAND: POST /session/2dec2e3c010038984a3a166ea9fbc264/elements - {"using":"xpath","value":"//button[@data-kt=\"provideButton\"]"}
RESULT: {"using":"xpath","value":"//button[@data-kt=\"provideButton\"]"}
COMMAND: POST /session/2dec2e3c010038984a3a166ea9fbc264/elements - {"using":"xpath","value":"//button[@data-kt=\"provideButton\"]"}
RESULT: {"using":"xpath","value":"//button[@data-kt=\"provideButton\"]"}
COMMAND: POST /session/2dec2e3c010038984a3a166ea9fbc264/elements - {"using":"xpath","value":"//button[@data-kt=\"provideButton\"]"}
RESULT: {"using":"xpath","value":"//button[@data-kt=\"provideButton\"]"}
COMMAND: POST /session/2dec2e3c010038984a3a166ea9fbc264/elements - {"using":"xpath","value":"//button[@data-kt=\"provideButton\"]"}
RESULT: {"using":"xpath","value":"//button[@data-kt=\"provideButton\"]"}
COMMAND: POST /session/2dec2e3c010038984a3a166ea9fbc264/elements - {"using":"xpath","value":"//button[@data-kt=\"provideButton\"]"}
RESULT: {"using":"xpath","value":"//button[@data-kt=\"provideButton\"]"}
COMMAND: POST /session/2dec2e3c010038984a3a166ea9fbc264/elements - {"using":"xpath","value":"//button[@data-kt=\"provideButton\"]"}
RESULT: {"using":"xpath","value":"//button[@data-kt=\"provideButton\"]"}
COMMAND: POST /session/2dec2e3c010038984a3a166ea9fbc264/elements - {"using":"xpath","value":"//button[@data-kt=\"provideButton\"]"}
RESULT: {"using":"xpath","value":"//button[@data-kt=\"provideButton\"]"}
COMMAND: POST /session/2dec2e3c010038984a3a166ea9fbc264/elements - {"using":"xpath","value":"//button[@data-kt=\"provideButton\"]"}
RESULT: {"using":"xpath","value":"//button[@data-kt=\"provideButton\"]"}
COMMAND: POST /session/2dec2e3c010038984a3a166ea9fbc264/elements - {"using":"xpath","value":"//button[@data-kt=\"provideButton\"]"}
RESULT: {"using":"xpath","value":"//button[@data-kt=\"provideButton\"]"}
COMMAND: POST /session/2dec2e3c010038984a3a166ea9fbc264/elements - {"using":"xpath","value":"//button[@data-kt=\"provideButton\"]"}
RESULT: {"using":"xpath","value":"//button[@data-kt=\"provideButton\"]"}
COMMAND: POST /session/2dec2e3c010038984a3a166ea9fbc264/elements - {"using":"xpath","value":"//button[@data-kt=\"provideButton\"]"}
RESULT: {"using":"xpath","value":"//button[@data-kt=\"provideButton\"]"}
COMMAND: POST /session/2dec2e3c010038984a3a166ea9fbc264/elements - {"using":"xpath","value":"//button[@data-kt=\"provideButton\"]"}
RESULT: {"using":"xpath","value":"//button[@data-kt=\"provideButton\"]"}
COMMAND: POST /session/2dec2e3c010038984a3a166ea9fbc264/elements - {"using":"xpath","value":"//button[@data-kt=\"provideButton\"]"}
RESULT: {"using":"xpath","value":"//button[@data-kt=\"provideButton\"]"}
COMMAND: POST /session/2dec2e3c010038984a3a166ea9fbc264/elements - {"using":"xpath","value":"//button[@data-kt=\"provideButton\"]"}
RESULT: {"using":"xpath","value":"//button[@data-kt=\"provideButton\"]"}
COMMAND: POST /session/2dec2e3c010038984a3a166ea9fbc264/elements - {"using":"xpath","value":"//button[@data-kt=\"provideButton\"]"}
RESULT: {"using":"xpath","value":"//button[@data-kt=\"provideButton\"]"}
COMMAND: POST /session/2dec2e3c010038984a3a166ea9fbc264/elements - {"using":"xpath","value":"//button[@data-kt=\"provideButton\"]"}
RESULT: {"using":"xpath","value":"//button[@data-kt=\"provideButton\"]"}
COMMAND: POST /session/2dec2e3c010038984a3a166ea9fbc264/elements - {"using":"xpath","value":"//button[@data-kt=\"provideButton\"]"}
RESULT: {"using":"xpath","value":"//button[@data-kt=\"provideButton\"]"}
COMMAND: POST /session/2dec2e3c010038984a3a166ea9fbc264/elements - {"using":"xpath","value":"//button[@data-kt=\"provideButton\"]"}
RESULT: {"using":"xpath","value":"//button[@data-kt=\"provideButton\"]"}
COMMAND: POST /session/2dec2e3c010038984a3a166ea9fbc264/elements - {"using":"xpath","value":"//button[@data-kt=\"provideButton\"]"}
RESULT: {"using":"xpath","value":"//button[@data-kt=\"provideButton\"]"}
COMMAND: POST /session/2dec2e3c010038984a3a166ea9fbc264/elements - {"using":"xpath","value":"//button[@data-kt=\"provideButton\"]"}
RESULT: {"using":"xpath","value":"//button[@data-kt=\"provideButton\"]"}
COMMAND: GET /session/2dec2e3c010038984a3a166ea9fbc264/screenshot - {}
RESULT: {}
]]></system-out>
      <system-err><![CDATA[
Error: Can't call click on element with selector "//button[@data-kt="provideButton"]" because element wasn't found
    at async UtilsPrerequisites.provideToSiteHandoverFromContractDetails (D:\a\1\s\test\specs\BTS\prerequisites-and-utils-functions.js:1949:9)
    at async Context.<anonymous> (D:\a\1\s\test\specs\HTR\yard-mass-return.spec.js:70:9)
]]></system-err>
    </testcase>
    <testcase classname="chrome.136_0_7103_93.windows.Prerequisites_&amp;_test_for_yard_mass_return_on_Yard_Overview_US131057" name="Should do mass return on Yard Overview US131057" time="61.764">
      <failure/>
      <error message="element (&quot;//input[contains(@id,&quot;application-yardoverview-display-component---masterYardInventory--smartFilterBar-btnBasicSearch-I&quot;)]&quot;) still not existing after 45000ms"/>
      <system-out><![CDATA[
COMMAND: POST /session/2dec2e3c010038984a3a166ea9fbc264/execute/async - {"script":"<script> [1562 bytes]","args":[{"selector":{"controlType":"sap.m.GenericTile","properties":{"header":"Yard Overview"}},"wdio_ui5_key":"sapm.GenericTile{\"header\":\"Yard Overview\"}"}]}
COMMAND: GET /session/2dec2e3c010038984a3a166ea9fbc264/screenshot - {}
RESULT: {"script":"<script> [1562 bytes]","args":[{"selector":{"controlType":"sap.m.GenericTile","properties":{"header":"Yard Overview"}},"wdio_ui5_key":"sapm.GenericTile{\"header\":\"Yard Overview\"}"}]}
RESULT: undefined
RESULT: {}
COMMAND: POST /session/2dec2e3c010038984a3a166ea9fbc264/elements - {"using":"xpath","value":"//span[text()='Error']"}
RESULT: {"using":"xpath","value":"//span[text()='Error']"}
COMMAND: POST /session/2dec2e3c010038984a3a166ea9fbc264/element - {"using":"xpath","value":"//input[contains(@id,\"application-yardoverview-display-component---masterYardInventory--smartFilterBar-btnBasicSearch-I\")]"}
RESULT: {"using":"xpath","value":"//input[contains(@id,\"application-yardoverview-display-component---masterYardInventory--smartFilterBar-btnBasicSearch-I\")]"}
COMMAND: POST /session/2dec2e3c010038984a3a166ea9fbc264/elements - {"using":"xpath","value":"//input[contains(@id,\"application-yardoverview-display-component---masterYardInventory--smartFilterBar-btnBasicSearch-I\")]"}
RESULT: {"using":"xpath","value":"//input[contains(@id,\"application-yardoverview-display-component---masterYardInventory--smartFilterBar-btnBasicSearch-I\")]"}
COMMAND: POST /session/2dec2e3c010038984a3a166ea9fbc264/elements - {"using":"xpath","value":"//input[contains(@id,\"application-yardoverview-display-component---masterYardInventory--smartFilterBar-btnBasicSearch-I\")]"}
RESULT: {"using":"xpath","value":"//input[contains(@id,\"application-yardoverview-display-component---masterYardInventory--smartFilterBar-btnBasicSearch-I\")]"}
COMMAND: POST /session/2dec2e3c010038984a3a166ea9fbc264/elements - {"using":"xpath","value":"//input[contains(@id,\"application-yardoverview-display-component---masterYardInventory--smartFilterBar-btnBasicSearch-I\")]"}
RESULT: {"using":"xpath","value":"//input[contains(@id,\"application-yardoverview-display-component---masterYardInventory--smartFilterBar-btnBasicSearch-I\")]"}
COMMAND: POST /session/2dec2e3c010038984a3a166ea9fbc264/elements - {"using":"xpath","value":"//input[contains(@id,\"application-yardoverview-display-component---masterYardInventory--smartFilterBar-btnBasicSearch-I\")]"}
RESULT: {"using":"xpath","value":"//input[contains(@id,\"application-yardoverview-display-component---masterYardInventory--smartFilterBar-btnBasicSearch-I\")]"}
COMMAND: POST /session/2dec2e3c010038984a3a166ea9fbc264/elements - {"using":"xpath","value":"//input[contains(@id,\"application-yardoverview-display-component---masterYardInventory--smartFilterBar-btnBasicSearch-I\")]"}
RESULT: {"using":"xpath","value":"//input[contains(@id,\"application-yardoverview-display-component---masterYardInventory--smartFilterBar-btnBasicSearch-I\")]"}
COMMAND: POST /session/2dec2e3c010038984a3a166ea9fbc264/elements - {"using":"xpath","value":"//input[contains(@id,\"application-yardoverview-display-component---masterYardInventory--smartFilterBar-btnBasicSearch-I\")]"}
RESULT: {"using":"xpath","value":"//input[contains(@id,\"application-yardoverview-display-component---masterYardInventory--smartFilterBar-btnBasicSearch-I\")]"}
COMMAND: POST /session/2dec2e3c010038984a3a166ea9fbc264/elements - {"using":"xpath","value":"//input[contains(@id,\"application-yardoverview-display-component---masterYardInventory--smartFilterBar-btnBasicSearch-I\")]"}
RESULT: {"using":"xpath","value":"//input[contains(@id,\"application-yardoverview-display-component---masterYardInventory--smartFilterBar-btnBasicSearch-I\")]"}
COMMAND: POST /session/2dec2e3c010038984a3a166ea9fbc264/elements - {"using":"xpath","value":"//input[contains(@id,\"application-yardoverview-display-component---masterYardInventory--smartFilterBar-btnBasicSearch-I\")]"}
RESULT: {"using":"xpath","value":"//input[contains(@id,\"application-yardoverview-display-component---masterYardInventory--smartFilterBar-btnBasicSearch-I\")]"}
COMMAND: POST /session/2dec2e3c010038984a3a166ea9fbc264/elements - {"using":"xpath","value":"//input[contains(@id,\"application-yardoverview-display-component---masterYardInventory--smartFilterBar-btnBasicSearch-I\")]"}
RESULT: {"using":"xpath","value":"//input[contains(@id,\"application-yardoverview-display-component---masterYardInventory--smartFilterBar-btnBasicSearch-I\")]"}
COMMAND: POST /session/2dec2e3c010038984a3a166ea9fbc264/elements - {"using":"xpath","value":"//input[contains(@id,\"application-yardoverview-display-component---masterYardInventory--smartFilterBar-btnBasicSearch-I\")]"}
RESULT: {"using":"xpath","value":"//input[contains(@id,\"application-yardoverview-display-component---masterYardInventory--smartFilterBar-btnBasicSearch-I\")]"}
COMMAND: POST /session/2dec2e3c010038984a3a166ea9fbc264/elements - {"using":"xpath","value":"//input[contains(@id,\"application-yardoverview-display-component---masterYardInventory--smartFilterBar-btnBasicSearch-I\")]"}
RESULT: {"using":"xpath","value":"//input[contains(@id,\"application-yardoverview-display-component---masterYardInventory--smartFilterBar-btnBasicSearch-I\")]"}
COMMAND: POST /session/2dec2e3c010038984a3a166ea9fbc264/elements - {"using":"xpath","value":"//input[contains(@id,\"application-yardoverview-display-component---masterYardInventory--smartFilterBar-btnBasicSearch-I\")]"}
RESULT: {"using":"xpath","value":"//input[contains(@id,\"application-yardoverview-display-component---masterYardInventory--smartFilterBar-btnBasicSearch-I\")]"}
COMMAND: POST /session/2dec2e3c010038984a3a166ea9fbc264/elements - {"using":"xpath","value":"//input[contains(@id,\"application-yardoverview-display-component---masterYardInventory--smartFilterBar-btnBasicSearch-I\")]"}
RESULT: {"using":"xpath","value":"//input[contains(@id,\"application-yardoverview-display-component---masterYardInventory--smartFilterBar-btnBasicSearch-I\")]"}
COMMAND: POST /session/2dec2e3c010038984a3a166ea9fbc264/elements - {"using":"xpath","value":"//input[contains(@id,\"application-yardoverview-display-component---masterYardInventory--smartFilterBar-btnBasicSearch-I\")]"}
RESULT: {"using":"xpath","value":"//input[contains(@id,\"application-yardoverview-display-component---masterYardInventory--smartFilterBar-btnBasicSearch-I\")]"}
COMMAND: POST /session/2dec2e3c010038984a3a166ea9fbc264/elements - {"using":"xpath","value":"//input[contains(@id,\"application-yardoverview-display-component---masterYardInventory--smartFilterBar-btnBasicSearch-I\")]"}
RESULT: {"using":"xpath","value":"//input[contains(@id,\"application-yardoverview-display-component---masterYardInventory--smartFilterBar-btnBasicSearch-I\")]"}
COMMAND: POST /session/2dec2e3c010038984a3a166ea9fbc264/elements - {"using":"xpath","value":"//input[contains(@id,\"application-yardoverview-display-component---masterYardInventory--smartFilterBar-btnBasicSearch-I\")]"}
RESULT: {"using":"xpath","value":"//input[contains(@id,\"application-yardoverview-display-component---masterYardInventory--smartFilterBar-btnBasicSearch-I\")]"}
COMMAND: POST /session/2dec2e3c010038984a3a166ea9fbc264/elements - {"using":"xpath","value":"//input[contains(@id,\"application-yardoverview-display-component---masterYardInventory--smartFilterBar-btnBasicSearch-I\")]"}
RESULT: {"using":"xpath","value":"//input[contains(@id,\"application-yardoverview-display-component---masterYardInventory--smartFilterBar-btnBasicSearch-I\")]"}
COMMAND: POST /session/2dec2e3c010038984a3a166ea9fbc264/elements - {"using":"xpath","value":"//input[contains(@id,\"application-yardoverview-display-component---masterYardInventory--smartFilterBar-btnBasicSearch-I\")]"}
RESULT: {"using":"xpath","value":"//input[contains(@id,\"application-yardoverview-display-component---masterYardInventory--smartFilterBar-btnBasicSearch-I\")]"}
COMMAND: POST /session/2dec2e3c010038984a3a166ea9fbc264/elements - {"using":"xpath","value":"//input[contains(@id,\"application-yardoverview-display-component---masterYardInventory--smartFilterBar-btnBasicSearch-I\")]"}
RESULT: {"using":"xpath","value":"//input[contains(@id,\"application-yardoverview-display-component---masterYardInventory--smartFilterBar-btnBasicSearch-I\")]"}
COMMAND: POST /session/2dec2e3c010038984a3a166ea9fbc264/elements - {"using":"xpath","value":"//input[contains(@id,\"application-yardoverview-display-component---masterYardInventory--smartFilterBar-btnBasicSearch-I\")]"}
RESULT: {"using":"xpath","value":"//input[contains(@id,\"application-yardoverview-display-component---masterYardInventory--smartFilterBar-btnBasicSearch-I\")]"}
COMMAND: POST /session/2dec2e3c010038984a3a166ea9fbc264/elements - {"using":"xpath","value":"//input[contains(@id,\"application-yardoverview-display-component---masterYardInventory--smartFilterBar-btnBasicSearch-I\")]"}
RESULT: {"using":"xpath","value":"//input[contains(@id,\"application-yardoverview-display-component---masterYardInventory--smartFilterBar-btnBasicSearch-I\")]"}
COMMAND: POST /session/2dec2e3c010038984a3a166ea9fbc264/elements - {"using":"xpath","value":"//input[contains(@id,\"application-yardoverview-display-component---masterYardInventory--smartFilterBar-btnBasicSearch-I\")]"}
RESULT: {"using":"xpath","value":"//input[contains(@id,\"application-yardoverview-display-component---masterYardInventory--smartFilterBar-btnBasicSearch-I\")]"}
COMMAND: POST /session/2dec2e3c010038984a3a166ea9fbc264/elements - {"using":"xpath","value":"//input[contains(@id,\"application-yardoverview-display-component---masterYardInventory--smartFilterBar-btnBasicSearch-I\")]"}
RESULT: {"using":"xpath","value":"//input[contains(@id,\"application-yardoverview-display-component---masterYardInventory--smartFilterBar-btnBasicSearch-I\")]"}
COMMAND: POST /session/2dec2e3c010038984a3a166ea9fbc264/elements - {"using":"xpath","value":"//input[contains(@id,\"application-yardoverview-display-component---masterYardInventory--smartFilterBar-btnBasicSearch-I\")]"}
RESULT: {"using":"xpath","value":"//input[contains(@id,\"application-yardoverview-display-component---masterYardInventory--smartFilterBar-btnBasicSearch-I\")]"}
COMMAND: POST /session/2dec2e3c010038984a3a166ea9fbc264/elements - {"using":"xpath","value":"//input[contains(@id,\"application-yardoverview-display-component---masterYardInventory--smartFilterBar-btnBasicSearch-I\")]"}
RESULT: {"using":"xpath","value":"//input[contains(@id,\"application-yardoverview-display-component---masterYardInventory--smartFilterBar-btnBasicSearch-I\")]"}
COMMAND: POST /session/2dec2e3c010038984a3a166ea9fbc264/elements - {"using":"xpath","value":"//input[contains(@id,\"application-yardoverview-display-component---masterYardInventory--smartFilterBar-btnBasicSearch-I\")]"}
RESULT: {"using":"xpath","value":"//input[contains(@id,\"application-yardoverview-display-component---masterYardInventory--smartFilterBar-btnBasicSearch-I\")]"}
COMMAND: POST /session/2dec2e3c010038984a3a166ea9fbc264/elements - {"using":"xpath","value":"//input[contains(@id,\"application-yardoverview-display-component---masterYardInventory--smartFilterBar-btnBasicSearch-I\")]"}
RESULT: {"using":"xpath","value":"//input[contains(@id,\"application-yardoverview-display-component---masterYardInventory--smartFilterBar-btnBasicSearch-I\")]"}
COMMAND: POST /session/2dec2e3c010038984a3a166ea9fbc264/elements - {"using":"xpath","value":"//input[contains(@id,\"application-yardoverview-display-component---masterYardInventory--smartFilterBar-btnBasicSearch-I\")]"}
RESULT: {"using":"xpath","value":"//input[contains(@id,\"application-yardoverview-display-component---masterYardInventory--smartFilterBar-btnBasicSearch-I\")]"}
COMMAND: POST /session/2dec2e3c010038984a3a166ea9fbc264/elements - {"using":"xpath","value":"//input[contains(@id,\"application-yardoverview-display-component---masterYardInventory--smartFilterBar-btnBasicSearch-I\")]"}
RESULT: {"using":"xpath","value":"//input[contains(@id,\"application-yardoverview-display-component---masterYardInventory--smartFilterBar-btnBasicSearch-I\")]"}
COMMAND: POST /session/2dec2e3c010038984a3a166ea9fbc264/elements - {"using":"xpath","value":"//input[contains(@id,\"application-yardoverview-display-component---masterYardInventory--smartFilterBar-btnBasicSearch-I\")]"}
RESULT: {"using":"xpath","value":"//input[contains(@id,\"application-yardoverview-display-component---masterYardInventory--smartFilterBar-btnBasicSearch-I\")]"}
COMMAND: POST /session/2dec2e3c010038984a3a166ea9fbc264/elements - {"using":"xpath","value":"//input[contains(@id,\"application-yardoverview-display-component---masterYardInventory--smartFilterBar-btnBasicSearch-I\")]"}
RESULT: {"using":"xpath","value":"//input[contains(@id,\"application-yardoverview-display-component---masterYardInventory--smartFilterBar-btnBasicSearch-I\")]"}
COMMAND: POST /session/2dec2e3c010038984a3a166ea9fbc264/elements - {"using":"xpath","value":"//input[contains(@id,\"application-yardoverview-display-component---masterYardInventory--smartFilterBar-btnBasicSearch-I\")]"}
RESULT: {"using":"xpath","value":"//input[contains(@id,\"application-yardoverview-display-component---masterYardInventory--smartFilterBar-btnBasicSearch-I\")]"}
COMMAND: POST /session/2dec2e3c010038984a3a166ea9fbc264/elements - {"using":"xpath","value":"//input[contains(@id,\"application-yardoverview-display-component---masterYardInventory--smartFilterBar-btnBasicSearch-I\")]"}
RESULT: {"using":"xpath","value":"//input[contains(@id,\"application-yardoverview-display-component---masterYardInventory--smartFilterBar-btnBasicSearch-I\")]"}
COMMAND: POST /session/2dec2e3c010038984a3a166ea9fbc264/elements - {"using":"xpath","value":"//input[contains(@id,\"application-yardoverview-display-component---masterYardInventory--smartFilterBar-btnBasicSearch-I\")]"}
RESULT: {"using":"xpath","value":"//input[contains(@id,\"application-yardoverview-display-component---masterYardInventory--smartFilterBar-btnBasicSearch-I\")]"}
COMMAND: POST /session/2dec2e3c010038984a3a166ea9fbc264/elements - {"using":"xpath","value":"//input[contains(@id,\"application-yardoverview-display-component---masterYardInventory--smartFilterBar-btnBasicSearch-I\")]"}
RESULT: {"using":"xpath","value":"//input[contains(@id,\"application-yardoverview-display-component---masterYardInventory--smartFilterBar-btnBasicSearch-I\")]"}
COMMAND: POST /session/2dec2e3c010038984a3a166ea9fbc264/elements - {"using":"xpath","value":"//input[contains(@id,\"application-yardoverview-display-component---masterYardInventory--smartFilterBar-btnBasicSearch-I\")]"}
RESULT: {"using":"xpath","value":"//input[contains(@id,\"application-yardoverview-display-component---masterYardInventory--smartFilterBar-btnBasicSearch-I\")]"}
COMMAND: POST /session/2dec2e3c010038984a3a166ea9fbc264/elements - {"using":"xpath","value":"//input[contains(@id,\"application-yardoverview-display-component---masterYardInventory--smartFilterBar-btnBasicSearch-I\")]"}
RESULT: {"using":"xpath","value":"//input[contains(@id,\"application-yardoverview-display-component---masterYardInventory--smartFilterBar-btnBasicSearch-I\")]"}
COMMAND: POST /session/2dec2e3c010038984a3a166ea9fbc264/elements - {"using":"xpath","value":"//input[contains(@id,\"application-yardoverview-display-component---masterYardInventory--smartFilterBar-btnBasicSearch-I\")]"}
RESULT: {"using":"xpath","value":"//input[contains(@id,\"application-yardoverview-display-component---masterYardInventory--smartFilterBar-btnBasicSearch-I\")]"}
COMMAND: POST /session/2dec2e3c010038984a3a166ea9fbc264/elements - {"using":"xpath","value":"//input[contains(@id,\"application-yardoverview-display-component---masterYardInventory--smartFilterBar-btnBasicSearch-I\")]"}
RESULT: {"using":"xpath","value":"//input[contains(@id,\"application-yardoverview-display-component---masterYardInventory--smartFilterBar-btnBasicSearch-I\")]"}
COMMAND: POST /session/2dec2e3c010038984a3a166ea9fbc264/elements - {"using":"xpath","value":"//input[contains(@id,\"application-yardoverview-display-component---masterYardInventory--smartFilterBar-btnBasicSearch-I\")]"}
RESULT: {"using":"xpath","value":"//input[contains(@id,\"application-yardoverview-display-component---masterYardInventory--smartFilterBar-btnBasicSearch-I\")]"}
COMMAND: POST /session/2dec2e3c010038984a3a166ea9fbc264/elements - {"using":"xpath","value":"//input[contains(@id,\"application-yardoverview-display-component---masterYardInventory--smartFilterBar-btnBasicSearch-I\")]"}
RESULT: {"using":"xpath","value":"//input[contains(@id,\"application-yardoverview-display-component---masterYardInventory--smartFilterBar-btnBasicSearch-I\")]"}
COMMAND: POST /session/2dec2e3c010038984a3a166ea9fbc264/elements - {"using":"xpath","value":"//input[contains(@id,\"application-yardoverview-display-component---masterYardInventory--smartFilterBar-btnBasicSearch-I\")]"}
RESULT: {"using":"xpath","value":"//input[contains(@id,\"application-yardoverview-display-component---masterYardInventory--smartFilterBar-btnBasicSearch-I\")]"}
COMMAND: POST /session/2dec2e3c010038984a3a166ea9fbc264/elements - {"using":"xpath","value":"//input[contains(@id,\"application-yardoverview-display-component---masterYardInventory--smartFilterBar-btnBasicSearch-I\")]"}
RESULT: {"using":"xpath","value":"//input[contains(@id,\"application-yardoverview-display-component---masterYardInventory--smartFilterBar-btnBasicSearch-I\")]"}
COMMAND: POST /session/2dec2e3c010038984a3a166ea9fbc264/elements - {"using":"xpath","value":"//input[contains(@id,\"application-yardoverview-display-component---masterYardInventory--smartFilterBar-btnBasicSearch-I\")]"}
RESULT: {"using":"xpath","value":"//input[contains(@id,\"application-yardoverview-display-component---masterYardInventory--smartFilterBar-btnBasicSearch-I\")]"}
COMMAND: POST /session/2dec2e3c010038984a3a166ea9fbc264/elements - {"using":"xpath","value":"//input[contains(@id,\"application-yardoverview-display-component---masterYardInventory--smartFilterBar-btnBasicSearch-I\")]"}
RESULT: {"using":"xpath","value":"//input[contains(@id,\"application-yardoverview-display-component---masterYardInventory--smartFilterBar-btnBasicSearch-I\")]"}
COMMAND: POST /session/2dec2e3c010038984a3a166ea9fbc264/elements - {"using":"xpath","value":"//input[contains(@id,\"application-yardoverview-display-component---masterYardInventory--smartFilterBar-btnBasicSearch-I\")]"}
RESULT: {"using":"xpath","value":"//input[contains(@id,\"application-yardoverview-display-component---masterYardInventory--smartFilterBar-btnBasicSearch-I\")]"}
COMMAND: POST /session/2dec2e3c010038984a3a166ea9fbc264/elements - {"using":"xpath","value":"//input[contains(@id,\"application-yardoverview-display-component---masterYardInventory--smartFilterBar-btnBasicSearch-I\")]"}
RESULT: {"using":"xpath","value":"//input[contains(@id,\"application-yardoverview-display-component---masterYardInventory--smartFilterBar-btnBasicSearch-I\")]"}
COMMAND: POST /session/2dec2e3c010038984a3a166ea9fbc264/elements - {"using":"xpath","value":"//input[contains(@id,\"application-yardoverview-display-component---masterYardInventory--smartFilterBar-btnBasicSearch-I\")]"}
RESULT: {"using":"xpath","value":"//input[contains(@id,\"application-yardoverview-display-component---masterYardInventory--smartFilterBar-btnBasicSearch-I\")]"}
COMMAND: POST /session/2dec2e3c010038984a3a166ea9fbc264/elements - {"using":"xpath","value":"//input[contains(@id,\"application-yardoverview-display-component---masterYardInventory--smartFilterBar-btnBasicSearch-I\")]"}
RESULT: {"using":"xpath","value":"//input[contains(@id,\"application-yardoverview-display-component---masterYardInventory--smartFilterBar-btnBasicSearch-I\")]"}
COMMAND: POST /session/2dec2e3c010038984a3a166ea9fbc264/elements - {"using":"xpath","value":"//input[contains(@id,\"application-yardoverview-display-component---masterYardInventory--smartFilterBar-btnBasicSearch-I\")]"}
RESULT: {"using":"xpath","value":"//input[contains(@id,\"application-yardoverview-display-component---masterYardInventory--smartFilterBar-btnBasicSearch-I\")]"}
COMMAND: POST /session/2dec2e3c010038984a3a166ea9fbc264/elements - {"using":"xpath","value":"//input[contains(@id,\"application-yardoverview-display-component---masterYardInventory--smartFilterBar-btnBasicSearch-I\")]"}
RESULT: {"using":"xpath","value":"//input[contains(@id,\"application-yardoverview-display-component---masterYardInventory--smartFilterBar-btnBasicSearch-I\")]"}
COMMAND: POST /session/2dec2e3c010038984a3a166ea9fbc264/elements - {"using":"xpath","value":"//input[contains(@id,\"application-yardoverview-display-component---masterYardInventory--smartFilterBar-btnBasicSearch-I\")]"}
RESULT: {"using":"xpath","value":"//input[contains(@id,\"application-yardoverview-display-component---masterYardInventory--smartFilterBar-btnBasicSearch-I\")]"}
COMMAND: POST /session/2dec2e3c010038984a3a166ea9fbc264/elements - {"using":"xpath","value":"//input[contains(@id,\"application-yardoverview-display-component---masterYardInventory--smartFilterBar-btnBasicSearch-I\")]"}
RESULT: {"using":"xpath","value":"//input[contains(@id,\"application-yardoverview-display-component---masterYardInventory--smartFilterBar-btnBasicSearch-I\")]"}
COMMAND: POST /session/2dec2e3c010038984a3a166ea9fbc264/elements - {"using":"xpath","value":"//input[contains(@id,\"application-yardoverview-display-component---masterYardInventory--smartFilterBar-btnBasicSearch-I\")]"}
RESULT: {"using":"xpath","value":"//input[contains(@id,\"application-yardoverview-display-component---masterYardInventory--smartFilterBar-btnBasicSearch-I\")]"}
COMMAND: POST /session/2dec2e3c010038984a3a166ea9fbc264/elements - {"using":"xpath","value":"//input[contains(@id,\"application-yardoverview-display-component---masterYardInventory--smartFilterBar-btnBasicSearch-I\")]"}
RESULT: {"using":"xpath","value":"//input[contains(@id,\"application-yardoverview-display-component---masterYardInventory--smartFilterBar-btnBasicSearch-I\")]"}
COMMAND: POST /session/2dec2e3c010038984a3a166ea9fbc264/elements - {"using":"xpath","value":"//input[contains(@id,\"application-yardoverview-display-component---masterYardInventory--smartFilterBar-btnBasicSearch-I\")]"}
RESULT: {"using":"xpath","value":"//input[contains(@id,\"application-yardoverview-display-component---masterYardInventory--smartFilterBar-btnBasicSearch-I\")]"}
COMMAND: POST /session/2dec2e3c010038984a3a166ea9fbc264/elements - {"using":"xpath","value":"//input[contains(@id,\"application-yardoverview-display-component---masterYardInventory--smartFilterBar-btnBasicSearch-I\")]"}
RESULT: {"using":"xpath","value":"//input[contains(@id,\"application-yardoverview-display-component---masterYardInventory--smartFilterBar-btnBasicSearch-I\")]"}
COMMAND: POST /session/2dec2e3c010038984a3a166ea9fbc264/elements - {"using":"xpath","value":"//input[contains(@id,\"application-yardoverview-display-component---masterYardInventory--smartFilterBar-btnBasicSearch-I\")]"}
RESULT: {"using":"xpath","value":"//input[contains(@id,\"application-yardoverview-display-component---masterYardInventory--smartFilterBar-btnBasicSearch-I\")]"}
COMMAND: POST /session/2dec2e3c010038984a3a166ea9fbc264/elements - {"using":"xpath","value":"//input[contains(@id,\"application-yardoverview-display-component---masterYardInventory--smartFilterBar-btnBasicSearch-I\")]"}
RESULT: {"using":"xpath","value":"//input[contains(@id,\"application-yardoverview-display-component---masterYardInventory--smartFilterBar-btnBasicSearch-I\")]"}
COMMAND: POST /session/2dec2e3c010038984a3a166ea9fbc264/elements - {"using":"xpath","value":"//input[contains(@id,\"application-yardoverview-display-component---masterYardInventory--smartFilterBar-btnBasicSearch-I\")]"}
RESULT: {"using":"xpath","value":"//input[contains(@id,\"application-yardoverview-display-component---masterYardInventory--smartFilterBar-btnBasicSearch-I\")]"}
COMMAND: POST /session/2dec2e3c010038984a3a166ea9fbc264/elements - {"using":"xpath","value":"//input[contains(@id,\"application-yardoverview-display-component---masterYardInventory--smartFilterBar-btnBasicSearch-I\")]"}
RESULT: {"using":"xpath","value":"//input[contains(@id,\"application-yardoverview-display-component---masterYardInventory--smartFilterBar-btnBasicSearch-I\")]"}
COMMAND: POST /session/2dec2e3c010038984a3a166ea9fbc264/elements - {"using":"xpath","value":"//input[contains(@id,\"application-yardoverview-display-component---masterYardInventory--smartFilterBar-btnBasicSearch-I\")]"}
RESULT: {"using":"xpath","value":"//input[contains(@id,\"application-yardoverview-display-component---masterYardInventory--smartFilterBar-btnBasicSearch-I\")]"}
COMMAND: POST /session/2dec2e3c010038984a3a166ea9fbc264/elements - {"using":"xpath","value":"//input[contains(@id,\"application-yardoverview-display-component---masterYardInventory--smartFilterBar-btnBasicSearch-I\")]"}
RESULT: {"using":"xpath","value":"//input[contains(@id,\"application-yardoverview-display-component---masterYardInventory--smartFilterBar-btnBasicSearch-I\")]"}
COMMAND: POST /session/2dec2e3c010038984a3a166ea9fbc264/elements - {"using":"xpath","value":"//input[contains(@id,\"application-yardoverview-display-component---masterYardInventory--smartFilterBar-btnBasicSearch-I\")]"}
RESULT: {"using":"xpath","value":"//input[contains(@id,\"application-yardoverview-display-component---masterYardInventory--smartFilterBar-btnBasicSearch-I\")]"}
COMMAND: POST /session/2dec2e3c010038984a3a166ea9fbc264/elements - {"using":"xpath","value":"//input[contains(@id,\"application-yardoverview-display-component---masterYardInventory--smartFilterBar-btnBasicSearch-I\")]"}
RESULT: {"using":"xpath","value":"//input[contains(@id,\"application-yardoverview-display-component---masterYardInventory--smartFilterBar-btnBasicSearch-I\")]"}
COMMAND: POST /session/2dec2e3c010038984a3a166ea9fbc264/elements - {"using":"xpath","value":"//input[contains(@id,\"application-yardoverview-display-component---masterYardInventory--smartFilterBar-btnBasicSearch-I\")]"}
RESULT: {"using":"xpath","value":"//input[contains(@id,\"application-yardoverview-display-component---masterYardInventory--smartFilterBar-btnBasicSearch-I\")]"}
COMMAND: POST /session/2dec2e3c010038984a3a166ea9fbc264/elements - {"using":"xpath","value":"//input[contains(@id,\"application-yardoverview-display-component---masterYardInventory--smartFilterBar-btnBasicSearch-I\")]"}
RESULT: {"using":"xpath","value":"//input[contains(@id,\"application-yardoverview-display-component---masterYardInventory--smartFilterBar-btnBasicSearch-I\")]"}
COMMAND: POST /session/2dec2e3c010038984a3a166ea9fbc264/elements - {"using":"xpath","value":"//input[contains(@id,\"application-yardoverview-display-component---masterYardInventory--smartFilterBar-btnBasicSearch-I\")]"}
RESULT: {"using":"xpath","value":"//input[contains(@id,\"application-yardoverview-display-component---masterYardInventory--smartFilterBar-btnBasicSearch-I\")]"}
COMMAND: POST /session/2dec2e3c010038984a3a166ea9fbc264/elements - {"using":"xpath","value":"//input[contains(@id,\"application-yardoverview-display-component---masterYardInventory--smartFilterBar-btnBasicSearch-I\")]"}
RESULT: {"using":"xpath","value":"//input[contains(@id,\"application-yardoverview-display-component---masterYardInventory--smartFilterBar-btnBasicSearch-I\")]"}
COMMAND: POST /session/2dec2e3c010038984a3a166ea9fbc264/elements - {"using":"xpath","value":"//input[contains(@id,\"application-yardoverview-display-component---masterYardInventory--smartFilterBar-btnBasicSearch-I\")]"}
RESULT: {"using":"xpath","value":"//input[contains(@id,\"application-yardoverview-display-component---masterYardInventory--smartFilterBar-btnBasicSearch-I\")]"}
COMMAND: POST /session/2dec2e3c010038984a3a166ea9fbc264/elements - {"using":"xpath","value":"//input[contains(@id,\"application-yardoverview-display-component---masterYardInventory--smartFilterBar-btnBasicSearch-I\")]"}
RESULT: {"using":"xpath","value":"//input[contains(@id,\"application-yardoverview-display-component---masterYardInventory--smartFilterBar-btnBasicSearch-I\")]"}
COMMAND: POST /session/2dec2e3c010038984a3a166ea9fbc264/elements - {"using":"xpath","value":"//input[contains(@id,\"application-yardoverview-display-component---masterYardInventory--smartFilterBar-btnBasicSearch-I\")]"}
RESULT: {"using":"xpath","value":"//input[contains(@id,\"application-yardoverview-display-component---masterYardInventory--smartFilterBar-btnBasicSearch-I\")]"}
COMMAND: POST /session/2dec2e3c010038984a3a166ea9fbc264/elements - {"using":"xpath","value":"//input[contains(@id,\"application-yardoverview-display-component---masterYardInventory--smartFilterBar-btnBasicSearch-I\")]"}
RESULT: {"using":"xpath","value":"//input[contains(@id,\"application-yardoverview-display-component---masterYardInventory--smartFilterBar-btnBasicSearch-I\")]"}
COMMAND: POST /session/2dec2e3c010038984a3a166ea9fbc264/elements - {"using":"xpath","value":"//input[contains(@id,\"application-yardoverview-display-component---masterYardInventory--smartFilterBar-btnBasicSearch-I\")]"}
RESULT: {"using":"xpath","value":"//input[contains(@id,\"application-yardoverview-display-component---masterYardInventory--smartFilterBar-btnBasicSearch-I\")]"}
COMMAND: POST /session/2dec2e3c010038984a3a166ea9fbc264/elements - {"using":"xpath","value":"//input[contains(@id,\"application-yardoverview-display-component---masterYardInventory--smartFilterBar-btnBasicSearch-I\")]"}
RESULT: {"using":"xpath","value":"//input[contains(@id,\"application-yardoverview-display-component---masterYardInventory--smartFilterBar-btnBasicSearch-I\")]"}
COMMAND: POST /session/2dec2e3c010038984a3a166ea9fbc264/elements - {"using":"xpath","value":"//input[contains(@id,\"application-yardoverview-display-component---masterYardInventory--smartFilterBar-btnBasicSearch-I\")]"}
RESULT: {"using":"xpath","value":"//input[contains(@id,\"application-yardoverview-display-component---masterYardInventory--smartFilterBar-btnBasicSearch-I\")]"}
COMMAND: POST /session/2dec2e3c010038984a3a166ea9fbc264/elements - {"using":"xpath","value":"//input[contains(@id,\"application-yardoverview-display-component---masterYardInventory--smartFilterBar-btnBasicSearch-I\")]"}
RESULT: {"using":"xpath","value":"//input[contains(@id,\"application-yardoverview-display-component---masterYardInventory--smartFilterBar-btnBasicSearch-I\")]"}
COMMAND: POST /session/2dec2e3c010038984a3a166ea9fbc264/elements - {"using":"xpath","value":"//input[contains(@id,\"application-yardoverview-display-component---masterYardInventory--smartFilterBar-btnBasicSearch-I\")]"}
RESULT: {"using":"xpath","value":"//input[contains(@id,\"application-yardoverview-display-component---masterYardInventory--smartFilterBar-btnBasicSearch-I\")]"}
COMMAND: POST /session/2dec2e3c010038984a3a166ea9fbc264/elements - {"using":"xpath","value":"//input[contains(@id,\"application-yardoverview-display-component---masterYardInventory--smartFilterBar-btnBasicSearch-I\")]"}
RESULT: {"using":"xpath","value":"//input[contains(@id,\"application-yardoverview-display-component---masterYardInventory--smartFilterBar-btnBasicSearch-I\")]"}
COMMAND: POST /session/2dec2e3c010038984a3a166ea9fbc264/elements - {"using":"xpath","value":"//input[contains(@id,\"application-yardoverview-display-component---masterYardInventory--smartFilterBar-btnBasicSearch-I\")]"}
RESULT: {"using":"xpath","value":"//input[contains(@id,\"application-yardoverview-display-component---masterYardInventory--smartFilterBar-btnBasicSearch-I\")]"}
COMMAND: POST /session/2dec2e3c010038984a3a166ea9fbc264/elements - {"using":"xpath","value":"//input[contains(@id,\"application-yardoverview-display-component---masterYardInventory--smartFilterBar-btnBasicSearch-I\")]"}
RESULT: {"using":"xpath","value":"//input[contains(@id,\"application-yardoverview-display-component---masterYardInventory--smartFilterBar-btnBasicSearch-I\")]"}
COMMAND: POST /session/2dec2e3c010038984a3a166ea9fbc264/elements - {"using":"xpath","value":"//input[contains(@id,\"application-yardoverview-display-component---masterYardInventory--smartFilterBar-btnBasicSearch-I\")]"}
RESULT: {"using":"xpath","value":"//input[contains(@id,\"application-yardoverview-display-component---masterYardInventory--smartFilterBar-btnBasicSearch-I\")]"}
COMMAND: POST /session/2dec2e3c010038984a3a166ea9fbc264/elements - {"using":"xpath","value":"//input[contains(@id,\"application-yardoverview-display-component---masterYardInventory--smartFilterBar-btnBasicSearch-I\")]"}
RESULT: {"using":"xpath","value":"//input[contains(@id,\"application-yardoverview-display-component---masterYardInventory--smartFilterBar-btnBasicSearch-I\")]"}
COMMAND: POST /session/2dec2e3c010038984a3a166ea9fbc264/elements - {"using":"xpath","value":"//input[contains(@id,\"application-yardoverview-display-component---masterYardInventory--smartFilterBar-btnBasicSearch-I\")]"}
RESULT: {"using":"xpath","value":"//input[contains(@id,\"application-yardoverview-display-component---masterYardInventory--smartFilterBar-btnBasicSearch-I\")]"}
COMMAND: POST /session/2dec2e3c010038984a3a166ea9fbc264/elements - {"using":"xpath","value":"//input[contains(@id,\"application-yardoverview-display-component---masterYardInventory--smartFilterBar-btnBasicSearch-I\")]"}
RESULT: {"using":"xpath","value":"//input[contains(@id,\"application-yardoverview-display-component---masterYardInventory--smartFilterBar-btnBasicSearch-I\")]"}
COMMAND: POST /session/2dec2e3c010038984a3a166ea9fbc264/elements - {"using":"xpath","value":"//input[contains(@id,\"application-yardoverview-display-component---masterYardInventory--smartFilterBar-btnBasicSearch-I\")]"}
RESULT: {"using":"xpath","value":"//input[contains(@id,\"application-yardoverview-display-component---masterYardInventory--smartFilterBar-btnBasicSearch-I\")]"}
COMMAND: POST /session/2dec2e3c010038984a3a166ea9fbc264/elements - {"using":"xpath","value":"//input[contains(@id,\"application-yardoverview-display-component---masterYardInventory--smartFilterBar-btnBasicSearch-I\")]"}
RESULT: {"using":"xpath","value":"//input[contains(@id,\"application-yardoverview-display-component---masterYardInventory--smartFilterBar-btnBasicSearch-I\")]"}
COMMAND: POST /session/2dec2e3c010038984a3a166ea9fbc264/elements - {"using":"xpath","value":"//input[contains(@id,\"application-yardoverview-display-component---masterYardInventory--smartFilterBar-btnBasicSearch-I\")]"}
RESULT: {"using":"xpath","value":"//input[contains(@id,\"application-yardoverview-display-component---masterYardInventory--smartFilterBar-btnBasicSearch-I\")]"}
COMMAND: POST /session/2dec2e3c010038984a3a166ea9fbc264/elements - {"using":"xpath","value":"//input[contains(@id,\"application-yardoverview-display-component---masterYardInventory--smartFilterBar-btnBasicSearch-I\")]"}
RESULT: {"using":"xpath","value":"//input[contains(@id,\"application-yardoverview-display-component---masterYardInventory--smartFilterBar-btnBasicSearch-I\")]"}
COMMAND: POST /session/2dec2e3c010038984a3a166ea9fbc264/elements - {"using":"xpath","value":"//input[contains(@id,\"application-yardoverview-display-component---masterYardInventory--smartFilterBar-btnBasicSearch-I\")]"}
RESULT: {"using":"xpath","value":"//input[contains(@id,\"application-yardoverview-display-component---masterYardInventory--smartFilterBar-btnBasicSearch-I\")]"}
COMMAND: POST /session/2dec2e3c010038984a3a166ea9fbc264/elements - {"using":"xpath","value":"//input[contains(@id,\"application-yardoverview-display-component---masterYardInventory--smartFilterBar-btnBasicSearch-I\")]"}
COMMAND: GET /session/2dec2e3c010038984a3a166ea9fbc264/screenshot - {}
RESULT: {"using":"xpath","value":"//input[contains(@id,\"application-yardoverview-display-component---masterYardInventory--smartFilterBar-btnBasicSearch-I\")]"}
RESULT: {}
COMMAND: GET /session/2dec2e3c010038984a3a166ea9fbc264/screenshot - {}
COMMAND: POST /session/2dec2e3c010038984a3a166ea9fbc264/element - {"using":"css selector","value":"#j_username"}
COMMAND: POST /session/2dec2e3c010038984a3a166ea9fbc264/url - {"url":"https://qa-testing-00-live-etm-ui.cfapps.eu10-004.hana.ondemand.com/"}
COMMAND: GET /session/2dec2e3c010038984a3a166ea9fbc264/screenshot - {}
RESULT: {}
RESULT: {}
RESULT: {"url":"https://qa-testing-00-live-etm-ui.cfapps.eu10-004.hana.ondemand.com/"}
RESULT: undefined
COMMAND: GET /session/2dec2e3c010038984a3a166ea9fbc264/screenshot - {}
RESULT: {"using":"css selector","value":"#j_username"}
COMMAND: POST /session/2dec2e3c010038984a3a166ea9fbc264/element - {"using":"css selector","value":"#j_username"}
RESULT: {}
RESULT: {"using":"css selector","value":"#j_username"}
COMMAND: POST /session/2dec2e3c010038984a3a166ea9fbc264/element - {"using":"css selector","value":"#shell-header-logo"}
RESULT: {"using":"css selector","value":"#shell-header-logo"}
COMMAND: POST /session/2dec2e3c010038984a3a166ea9fbc264/execute/sync - {"script":"<script> [8489 bytes]","args":[{"element-6066-11e4-a52e-4f735466cecf":"f.D0EFFAE4382B1008F4D483A8F066EB66.d.D2C5E1C8179020FE0F93A12D9DEA0C91.e.3848","ELEMENT":"f.D0EFFAE4382B1008F4D483A8F066EB66.d.D2C5E1C8179020FE0F93A12D9DEA0C91.e.3848"}]}
RESULT: {"script":"<script> [8489 bytes]","args":[{"element-6066-11e4-a52e-4f735466cecf":"f.D0EFFAE4382B1008F4D483A8F066EB66.d.D2C5E1C8179020FE0F93A12D9DEA0C91.e.3848","ELEMENT":"f.D0EFFAE4382B1008F4D483A8F066EB66.d.D2C5E1C8179020FE0F93A12D9DEA0C91.e.3848"}]}
COMMAND: POST /session/2dec2e3c010038984a3a166ea9fbc264/element - {"using":"css selector","value":"#shell-header-logo"}
COMMAND: GET /session/2dec2e3c010038984a3a166ea9fbc264/screenshot - {}
RESULT: {"using":"css selector","value":"#shell-header-logo"}
COMMAND: POST /session/2dec2e3c010038984a3a166ea9fbc264/execute/sync - {"script":"<script> [8489 bytes]","args":[{"element-6066-11e4-a52e-4f735466cecf":"f.D0EFFAE4382B1008F4D483A8F066EB66.d.D2C5E1C8179020FE0F93A12D9DEA0C91.e.3848","ELEMENT":"f.D0EFFAE4382B1008F4D483A8F066EB66.d.D2C5E1C8179020FE0F93A12D9DEA0C91.e.3848"}]}
RESULT: {}
RESULT: {"script":"<script> [8489 bytes]","args":[{"element-6066-11e4-a52e-4f735466cecf":"f.D0EFFAE4382B1008F4D483A8F066EB66.d.D2C5E1C8179020FE0F93A12D9DEA0C91.e.3848","ELEMENT":"f.D0EFFAE4382B1008F4D483A8F066EB66.d.D2C5E1C8179020FE0F93A12D9DEA0C91.e.3848"}]}
COMMAND: POST /session/2dec2e3c010038984a3a166ea9fbc264/execute/sync - {"script":"<script> [5351 bytes]","args":[{"element-6066-11e4-a52e-4f735466cecf":"f.D0EFFAE4382B1008F4D483A8F066EB66.d.D2C5E1C8179020FE0F93A12D9DEA0C91.e.3848","ELEMENT":"f.D0EFFAE4382B1008F4D483A8F066EB66.d.D2C5E1C8179020FE0F93A12D9DEA0C91.e.3848"}]}
COMMAND: GET /session/2dec2e3c010038984a3a166ea9fbc264/screenshot - {}
RESULT: {"script":"<script> [5351 bytes]","args":[{"element-6066-11e4-a52e-4f735466cecf":"f.D0EFFAE4382B1008F4D483A8F066EB66.d.D2C5E1C8179020FE0F93A12D9DEA0C91.e.3848","ELEMENT":"f.D0EFFAE4382B1008F4D483A8F066EB66.d.D2C5E1C8179020FE0F93A12D9DEA0C91.e.3848"}]}
COMMAND: POST /session/2dec2e3c010038984a3a166ea9fbc264/element - {"using":"css selector","value":"#shell-header-logo"}
COMMAND: GET /session/2dec2e3c010038984a3a166ea9fbc264/screenshot - {}
RESULT: {}
RESULT: {"using":"css selector","value":"#shell-header-logo"}
COMMAND: POST /session/2dec2e3c010038984a3a166ea9fbc264/element/f.D0EFFAE4382B1008F4D483A8F066EB66.d.D2C5E1C8179020FE0F93A12D9DEA0C91.e.3848/click - {}
RESULT: {}
RESULT: {}
COMMAND: GET /session/2dec2e3c010038984a3a166ea9fbc264/screenshot - {}
RESULT: {}
COMMAND: POST /session/2dec2e3c010038984a3a166ea9fbc264/execute/async - {"script":"<script> [189 bytes]","args":[]}
RESULT: {"script":"<script> [189 bytes]","args":[]}
COMMAND: POST /session/2dec2e3c010038984a3a166ea9fbc264/execute/async - {"script":"<script> [123 bytes]","args":[]}
RESULT: {"script":"<script> [123 bytes]","args":[]}
COMMAND: POST /session/2dec2e3c010038984a3a166ea9fbc264/timeouts - {"script":"<number>"}
RESULT: {"script":"<number>"}
COMMAND: GET /session/2dec2e3c010038984a3a166ea9fbc264/timeouts - {}
RESULT: {}
RESULT: undefined
COMMAND: POST /session/2dec2e3c010038984a3a166ea9fbc264/execute/async - {"script":"<script> [2676 bytes]","args":[]}
RESULT: {"script":"<script> [2676 bytes]","args":[]}
COMMAND: POST /session/2dec2e3c010038984a3a166ea9fbc264/execute/async - {"script":"<script> [2342 bytes]","args":[{"protocol":"http","hostname":"0.0.0.0","path":"/","capabilities":{"browserName":"chrome","goog:chromeOptions":{"binary":"C:\\Program Files\\Google\\Chrome\\Application\\chrome.exe","args":["--start-maximized"]}},"logLevel":"warn","connectionRetryTimeout":120000,"connectionRetryCount":3,"logLevels":{},"enableDirectConnect":true,"strictSSL":true,"_":"65 more keys: [\"cacheDir\",\"port\",\"requestedCapabilities\",\"automationProtocol\",\"baseUrl\",\"waitforInterval\",\"waitforTimeout\",\"onReload\",\"beforeCommand\",\"afterCommand\",\"rootDir\",\"specs\",\"suites\",\"exclude\",\"groupLogsByTestSpec\",\"excludeDriverLogs\",\"bail\",\"framework\",\"reporters\",\"services\",\"maxInstances\",\"maxInstancesPerCapability\",\"injectGlobals\",\"filesToWatch\",\"execArgv\",\"runnerEnv\",\"runner\",\"shard\",\"specFileRetries\",\"specFileRetriesDelay\",\"specFileRetriesDeferred\",\"reporterSyncInterval\",\"reporterSyncTimeout\",\"cucumberFeaturesWithLineNumbers\",\"autoCompileOpts\",\"mochaOpts\",\"jasmineOpts\",\"cucumberOpts\",\"onPrepare\",\"onWorkerStart\",\"onWorkerEnd\",\"before\",\"beforeSession\",\"beforeSuite\",\"beforeHook\",\"beforeTest\",\"afterTest\",\"afterHook\",\"afterSuite\",\"afterSession\",\"after\",\"onComplete\",\"beforeAssertion\",\"afterAssertion\",\"beforeFeature\",\"beforeScenario\",\"beforeStep\",\"afterStep\",\"afterScenario\",\"afterFeature\",\"_\",\"suite\",\"$0\",\"ignoredWorkerServices\",\"wdi5\"]"}]}
RESULT: {"script":"<script> [2342 bytes]","args":[{"protocol":"http","hostname":"0.0.0.0","path":"/","capabilities":{"browserName":"chrome","goog:chromeOptions":{"binary":"C:\\Program Files\\Google\\Chrome\\Application\\chrome.exe","args":["--start-maximized"]}},"logLevel":"warn","connectionRetryTimeout":120000,"connectionRetryCount":3,"logLevels":{},"enableDirectConnect":true,"strictSSL":true,"_":"65 more keys: [\"cacheDir\",\"port\",\"requestedCapabilities\",\"automationProtocol\",\"baseUrl\",\"waitforInterval\",\"waitforTimeout\",\"onReload\",\"beforeCommand\",\"afterCommand\",\"rootDir\",\"specs\",\"suites\",\"exclude\",\"groupLogsByTestSpec\",\"excludeDriverLogs\",\"bail\",\"framework\",\"reporters\",\"services\",\"maxInstances\",\"maxInstancesPerCapability\",\"injectGlobals\",\"filesToWatch\",\"execArgv\",\"runnerEnv\",\"runner\",\"shard\",\"specFileRetries\",\"specFileRetriesDelay\",\"specFileRetriesDeferred\",\"reporterSyncInterval\",\"reporterSyncTimeout\",\"cucumberFeaturesWithLineNumbers\",\"autoCompileOpts\",\"mochaOpts\",\"jasmineOpts\",\"cucumberOpts\",\"onPrepare\",\"onWorkerStart\",\"onWorkerEnd\",\"before\",\"beforeSession\",\"beforeSuite\",\"beforeHook\",\"beforeTest\",\"afterTest\",\"afterHook\",\"afterSuite\",\"afterSession\",\"after\",\"onComplete\",\"beforeAssertion\",\"afterAssertion\",\"beforeFeature\",\"beforeScenario\",\"beforeStep\",\"afterStep\",\"afterScenario\",\"afterFeature\",\"_\",\"suite\",\"$0\",\"ignoredWorkerServices\",\"wdi5\"]"}]}
COMMAND: POST /session/2dec2e3c010038984a3a166ea9fbc264/execute/async - {"script":"<script> [21126 bytes]","args":[35000]}
RESULT: {"script":"<script> [21126 bytes]","args":[35000]}
COMMAND: POST /session/2dec2e3c010038984a3a166ea9fbc264/window/maximize - {}
RESULT: {}
COMMAND: POST /session/2dec2e3c010038984a3a166ea9fbc264/execute/async - {"script":"<script> [1562 bytes]","args":[{"selector":{"id":"shell-header","interaction":{"idSuffix":"icon"}},"wdio_ui5_key":"shellheader"}]}
COMMAND: GET /session/2dec2e3c010038984a3a166ea9fbc264/screenshot - {}
RESULT: {"script":"<script> [1562 bytes]","args":[{"selector":{"id":"shell-header","interaction":{"idSuffix":"icon"}},"wdio_ui5_key":"shellheader"}]}
RESULT: undefined
COMMAND: POST /session/2dec2e3c010038984a3a166ea9fbc264/refresh - {}
RESULT: {}
RESULT: {}
COMMAND: GET /session/2dec2e3c010038984a3a166ea9fbc264/screenshot - {}
RESULT: {}
COMMAND: POST /session/2dec2e3c010038984a3a166ea9fbc264/refresh - {}
RESULT: {}
COMMAND: GET /session/2dec2e3c010038984a3a166ea9fbc264/screenshot - {}
RESULT: {}
COMMAND: POST /session/2dec2e3c010038984a3a166ea9fbc264/window/fullscreen - {}
RESULT: {}
COMMAND: POST /session/2dec2e3c010038984a3a166ea9fbc264/execute/async - {"script":"<script> [189 bytes]","args":[]}
RESULT: {"script":"<script> [189 bytes]","args":[]}
COMMAND: POST /session/2dec2e3c010038984a3a166ea9fbc264/execute/async - {"script":"<script> [123 bytes]","args":[]}
RESULT: {"script":"<script> [123 bytes]","args":[]}
COMMAND: POST /session/2dec2e3c010038984a3a166ea9fbc264/timeouts - {"script":"<number>"}
RESULT: {"script":"<number>"}
COMMAND: GET /session/2dec2e3c010038984a3a166ea9fbc264/timeouts - {}
RESULT: {}
RESULT: undefined
COMMAND: POST /session/2dec2e3c010038984a3a166ea9fbc264/execute/async - {"script":"<script> [2676 bytes]","args":[]}
RESULT: {"script":"<script> [2676 bytes]","args":[]}
COMMAND: POST /session/2dec2e3c010038984a3a166ea9fbc264/execute/async - {"script":"<script> [2342 bytes]","args":[{"protocol":"http","hostname":"0.0.0.0","path":"/","capabilities":{"browserName":"chrome","goog:chromeOptions":{"binary":"C:\\Program Files\\Google\\Chrome\\Application\\chrome.exe","args":["--start-maximized"]}},"logLevel":"warn","connectionRetryTimeout":120000,"connectionRetryCount":3,"logLevels":{},"enableDirectConnect":true,"strictSSL":true,"_":"65 more keys: [\"cacheDir\",\"port\",\"requestedCapabilities\",\"automationProtocol\",\"baseUrl\",\"waitforInterval\",\"waitforTimeout\",\"onReload\",\"beforeCommand\",\"afterCommand\",\"rootDir\",\"specs\",\"suites\",\"exclude\",\"groupLogsByTestSpec\",\"excludeDriverLogs\",\"bail\",\"framework\",\"reporters\",\"services\",\"maxInstances\",\"maxInstancesPerCapability\",\"injectGlobals\",\"filesToWatch\",\"execArgv\",\"runnerEnv\",\"runner\",\"shard\",\"specFileRetries\",\"specFileRetriesDelay\",\"specFileRetriesDeferred\",\"reporterSyncInterval\",\"reporterSyncTimeout\",\"cucumberFeaturesWithLineNumbers\",\"autoCompileOpts\",\"mochaOpts\",\"jasmineOpts\",\"cucumberOpts\",\"onPrepare\",\"onWorkerStart\",\"onWorkerEnd\",\"before\",\"beforeSession\",\"beforeSuite\",\"beforeHook\",\"beforeTest\",\"afterTest\",\"afterHook\",\"afterSuite\",\"afterSession\",\"after\",\"onComplete\",\"beforeAssertion\",\"afterAssertion\",\"beforeFeature\",\"beforeScenario\",\"beforeStep\",\"afterStep\",\"afterScenario\",\"afterFeature\",\"_\",\"suite\",\"$0\",\"ignoredWorkerServices\",\"wdi5\"]"}]}
RESULT: {"script":"<script> [2342 bytes]","args":[{"protocol":"http","hostname":"0.0.0.0","path":"/","capabilities":{"browserName":"chrome","goog:chromeOptions":{"binary":"C:\\Program Files\\Google\\Chrome\\Application\\chrome.exe","args":["--start-maximized"]}},"logLevel":"warn","connectionRetryTimeout":120000,"connectionRetryCount":3,"logLevels":{},"enableDirectConnect":true,"strictSSL":true,"_":"65 more keys: [\"cacheDir\",\"port\",\"requestedCapabilities\",\"automationProtocol\",\"baseUrl\",\"waitforInterval\",\"waitforTimeout\",\"onReload\",\"beforeCommand\",\"afterCommand\",\"rootDir\",\"specs\",\"suites\",\"exclude\",\"groupLogsByTestSpec\",\"excludeDriverLogs\",\"bail\",\"framework\",\"reporters\",\"services\",\"maxInstances\",\"maxInstancesPerCapability\",\"injectGlobals\",\"filesToWatch\",\"execArgv\",\"runnerEnv\",\"runner\",\"shard\",\"specFileRetries\",\"specFileRetriesDelay\",\"specFileRetriesDeferred\",\"reporterSyncInterval\",\"reporterSyncTimeout\",\"cucumberFeaturesWithLineNumbers\",\"autoCompileOpts\",\"mochaOpts\",\"jasmineOpts\",\"cucumberOpts\",\"onPrepare\",\"onWorkerStart\",\"onWorkerEnd\",\"before\",\"beforeSession\",\"beforeSuite\",\"beforeHook\",\"beforeTest\",\"afterTest\",\"afterHook\",\"afterSuite\",\"afterSession\",\"after\",\"onComplete\",\"beforeAssertion\",\"afterAssertion\",\"beforeFeature\",\"beforeScenario\",\"beforeStep\",\"afterStep\",\"afterScenario\",\"afterFeature\",\"_\",\"suite\",\"$0\",\"ignoredWorkerServices\",\"wdi5\"]"}]}
COMMAND: POST /session/2dec2e3c010038984a3a166ea9fbc264/execute/async - {"script":"<script> [21126 bytes]","args":[35000]}
RESULT: {"script":"<script> [21126 bytes]","args":[35000]}
COMMAND: POST /session/2dec2e3c010038984a3a166ea9fbc264/window/fullscreen - {}
RESULT: {}
]]></system-out>
      <system-err><![CDATA[
Error: element ("//input[contains(@id,"application-yardoverview-display-component---masterYardInventory--smartFilterBar-btnBasicSearch-I")]") still not existing after 45000ms
    at async Context.<anonymous> (D:\a\1\s\test\specs\HTR\yard-mass-return.spec.js:80:9)
]]></system-err>
    </testcase>
  </testsuite>
  <testsuite timestamp="2025-06-01T16:48:14" time="443.851" tests="6" failures="0" errors="0" skipped="0">
    <properties>
      <property name="specId" value="0"/>
      <property name="suiteName" value="Yard Overview Autoplanning US130989"/>
      <property name="capabilities" value="chrome.136_0_7103_93.windows"/>
      <property name="file" value="file:///D:/a/1/s/test/specs/HTR/yard-overview-autoplanning.spec.js"/>
    </properties>
    <testcase classname="chrome.136_0_7103_93.windows.Yard_Overview_Autoplanning_US130989" name="Prereq Should create a new yard used for all following tests" time="0.013">
      <system-out><![CDATA[
COMMAND: POST /session/2dec2e3c010038984a3a166ea9fbc264/window/fullscreen - {}
RESULT: {}
]]></system-out>
    </testcase>
    <testcase classname="chrome.136_0_7103_93.windows.Yard_Overview_Autoplanning_US130989" name="Prereq Should create a new partner" time="0.005"/>
    <testcase classname="chrome.136_0_7103_93.windows.Yard_Overview_Autoplanning_US130989" name="Prereq Should create a new site" time="0.004"/>
    <testcase classname="chrome.136_0_7103_93.windows.Yard_Overview_Autoplanning_US130989" name="Prereq Should create a new material with catalog selection" time="131.505">
      <system-out><![CDATA[
COMMAND: POST /session/2dec2e3c010038984a3a166ea9fbc264/execute/async - {"script":"<script> [1562 bytes]","args":[{"selector":{"controlType":"sap.m.GenericTile","properties":{"header":"Manage Resources"}},"wdio_ui5_key":"sapm.GenericTile{\"header\":\"Manage Resources\"}"}]}
RESULT: {"script":"<script> [1562 bytes]","args":[{"selector":{"controlType":"sap.m.GenericTile","properties":{"header":"Manage Resources"}},"wdio_ui5_key":"sapm.GenericTile{\"header\":\"Manage Resources\"}"}]}
RESULT: undefined
COMMAND: POST /session/2dec2e3c010038984a3a166ea9fbc264/element - {"using":"xpath","value":"//*[@id=\"__tile39\"]"}
RESULT: {"using":"xpath","value":"//*[@id=\"__tile39\"]"}
COMMAND: POST /session/2dec2e3c010038984a3a166ea9fbc264/element/f.D0EFFAE4382B1008F4D483A8F066EB66.d.55F49E464FAD0B4500F4B9C5000A60D5.e.3935/click - {}
RESULT: {}
COMMAND: GET /session/2dec2e3c010038984a3a166ea9fbc264/screenshot - {}
RESULT: {}
COMMAND: POST /session/2dec2e3c010038984a3a166ea9fbc264/elements - {"using":"xpath","value":"//span[text()='Error']"}
RESULT: {"using":"xpath","value":"//span[text()='Error']"}
COMMAND: POST /session/2dec2e3c010038984a3a166ea9fbc264/element - {"using":"xpath","value":"//button[@data-kt=\"addNewRUOverflowToolbarButton\"]"}
RESULT: {"using":"xpath","value":"//button[@data-kt=\"addNewRUOverflowToolbarButton\"]"}
COMMAND: POST /session/2dec2e3c010038984a3a166ea9fbc264/elements - {"using":"xpath","value":"//button[@data-kt=\"addNewRUOverflowToolbarButton\"]"}
RESULT: {"using":"xpath","value":"//button[@data-kt=\"addNewRUOverflowToolbarButton\"]"}
COMMAND: POST /session/2dec2e3c010038984a3a166ea9fbc264/elements - {"using":"xpath","value":"//button[@data-kt=\"addNewRUOverflowToolbarButton\"]"}
RESULT: {"using":"xpath","value":"//button[@data-kt=\"addNewRUOverflowToolbarButton\"]"}
COMMAND: POST /session/2dec2e3c010038984a3a166ea9fbc264/elements - {"using":"xpath","value":"//button[@data-kt=\"addNewRUOverflowToolbarButton\"]"}
RESULT: {"using":"xpath","value":"//button[@data-kt=\"addNewRUOverflowToolbarButton\"]"}
COMMAND: POST /session/2dec2e3c010038984a3a166ea9fbc264/elements - {"using":"xpath","value":"//button[@data-kt=\"addNewRUOverflowToolbarButton\"]"}
RESULT: {"using":"xpath","value":"//button[@data-kt=\"addNewRUOverflowToolbarButton\"]"}
COMMAND: POST /session/2dec2e3c010038984a3a166ea9fbc264/elements - {"using":"xpath","value":"//button[@data-kt=\"addNewRUOverflowToolbarButton\"]"}
RESULT: {"using":"xpath","value":"//button[@data-kt=\"addNewRUOverflowToolbarButton\"]"}
COMMAND: POST /session/2dec2e3c010038984a3a166ea9fbc264/elements - {"using":"xpath","value":"//button[@data-kt=\"addNewRUOverflowToolbarButton\"]"}
RESULT: {"using":"xpath","value":"//button[@data-kt=\"addNewRUOverflowToolbarButton\"]"}
COMMAND: POST /session/2dec2e3c010038984a3a166ea9fbc264/elements - {"using":"xpath","value":"//button[@data-kt=\"addNewRUOverflowToolbarButton\"]"}
RESULT: {"using":"xpath","value":"//button[@data-kt=\"addNewRUOverflowToolbarButton\"]"}
COMMAND: POST /session/2dec2e3c010038984a3a166ea9fbc264/elements - {"using":"xpath","value":"//button[@data-kt=\"addNewRUOverflowToolbarButton\"]"}
RESULT: {"using":"xpath","value":"//button[@data-kt=\"addNewRUOverflowToolbarButton\"]"}
COMMAND: POST /session/2dec2e3c010038984a3a166ea9fbc264/elements - {"using":"xpath","value":"//button[@data-kt=\"addNewRUOverflowToolbarButton\"]"}
RESULT: {"using":"xpath","value":"//button[@data-kt=\"addNewRUOverflowToolbarButton\"]"}
COMMAND: POST /session/2dec2e3c010038984a3a166ea9fbc264/elements - {"using":"xpath","value":"//button[@data-kt=\"addNewRUOverflowToolbarButton\"]"}
RESULT: {"using":"xpath","value":"//button[@data-kt=\"addNewRUOverflowToolbarButton\"]"}
COMMAND: POST /session/2dec2e3c010038984a3a166ea9fbc264/elements - {"using":"xpath","value":"//button[@data-kt=\"addNewRUOverflowToolbarButton\"]"}
RESULT: {"using":"xpath","value":"//button[@data-kt=\"addNewRUOverflowToolbarButton\"]"}
COMMAND: POST /session/2dec2e3c010038984a3a166ea9fbc264/elements - {"using":"xpath","value":"//button[@data-kt=\"addNewRUOverflowToolbarButton\"]"}
RESULT: {"using":"xpath","value":"//button[@data-kt=\"addNewRUOverflowToolbarButton\"]"}
COMMAND: POST /session/2dec2e3c010038984a3a166ea9fbc264/elements - {"using":"xpath","value":"//button[@data-kt=\"addNewRUOverflowToolbarButton\"]"}
RESULT: {"using":"xpath","value":"//button[@data-kt=\"addNewRUOverflowToolbarButton\"]"}
COMMAND: POST /session/2dec2e3c010038984a3a166ea9fbc264/elements - {"using":"xpath","value":"//button[@data-kt=\"addNewRUOverflowToolbarButton\"]"}
RESULT: {"using":"xpath","value":"//button[@data-kt=\"addNewRUOverflowToolbarButton\"]"}
COMMAND: POST /session/2dec2e3c010038984a3a166ea9fbc264/elements - {"using":"xpath","value":"//button[@data-kt=\"addNewRUOverflowToolbarButton\"]"}
RESULT: {"using":"xpath","value":"//button[@data-kt=\"addNewRUOverflowToolbarButton\"]"}
COMMAND: POST /session/2dec2e3c010038984a3a166ea9fbc264/elements - {"using":"xpath","value":"//button[@data-kt=\"addNewRUOverflowToolbarButton\"]"}
RESULT: {"using":"xpath","value":"//button[@data-kt=\"addNewRUOverflowToolbarButton\"]"}
COMMAND: POST /session/2dec2e3c010038984a3a166ea9fbc264/elements - {"using":"xpath","value":"//button[@data-kt=\"addNewRUOverflowToolbarButton\"]"}
RESULT: {"using":"xpath","value":"//button[@data-kt=\"addNewRUOverflowToolbarButton\"]"}
COMMAND: POST /session/2dec2e3c010038984a3a166ea9fbc264/elements - {"using":"xpath","value":"//button[@data-kt=\"addNewRUOverflowToolbarButton\"]"}
RESULT: {"using":"xpath","value":"//button[@data-kt=\"addNewRUOverflowToolbarButton\"]"}
COMMAND: POST /session/2dec2e3c010038984a3a166ea9fbc264/elements - {"using":"xpath","value":"//button[@data-kt=\"addNewRUOverflowToolbarButton\"]"}
RESULT: {"using":"xpath","value":"//button[@data-kt=\"addNewRUOverflowToolbarButton\"]"}
COMMAND: POST /session/2dec2e3c010038984a3a166ea9fbc264/elements - {"using":"xpath","value":"//button[@data-kt=\"addNewRUOverflowToolbarButton\"]"}
RESULT: {"using":"xpath","value":"//button[@data-kt=\"addNewRUOverflowToolbarButton\"]"}
COMMAND: POST /session/2dec2e3c010038984a3a166ea9fbc264/elements - {"using":"xpath","value":"//button[@data-kt=\"addNewRUOverflowToolbarButton\"]"}
RESULT: {"using":"xpath","value":"//button[@data-kt=\"addNewRUOverflowToolbarButton\"]"}
COMMAND: POST /session/2dec2e3c010038984a3a166ea9fbc264/elements - {"using":"xpath","value":"//button[@data-kt=\"addNewRUOverflowToolbarButton\"]"}
RESULT: {"using":"xpath","value":"//button[@data-kt=\"addNewRUOverflowToolbarButton\"]"}
COMMAND: POST /session/2dec2e3c010038984a3a166ea9fbc264/elements - {"using":"xpath","value":"//button[@data-kt=\"addNewRUOverflowToolbarButton\"]"}
RESULT: {"using":"xpath","value":"//button[@data-kt=\"addNewRUOverflowToolbarButton\"]"}
COMMAND: POST /session/2dec2e3c010038984a3a166ea9fbc264/elements - {"using":"xpath","value":"//button[@data-kt=\"addNewRUOverflowToolbarButton\"]"}
RESULT: {"using":"xpath","value":"//button[@data-kt=\"addNewRUOverflowToolbarButton\"]"}
COMMAND: POST /session/2dec2e3c010038984a3a166ea9fbc264/element - {"using":"xpath","value":"//button[@data-kt=\"addNewRUOverflowToolbarButton\"]"}
RESULT: {"using":"xpath","value":"//button[@data-kt=\"addNewRUOverflowToolbarButton\"]"}
COMMAND: POST /session/2dec2e3c010038984a3a166ea9fbc264/execute/sync - {"script":"<script> [8489 bytes]","args":[{"element-6066-11e4-a52e-4f735466cecf":"f.D0EFFAE4382B1008F4D483A8F066EB66.d.55F49E464FAD0B4500F4B9C5000A60D5.e.4063","ELEMENT":"f.D0EFFAE4382B1008F4D483A8F066EB66.d.55F49E464FAD0B4500F4B9C5000A60D5.e.4063"}]}
RESULT: {"script":"<script> [8489 bytes]","args":[{"element-6066-11e4-a52e-4f735466cecf":"f.D0EFFAE4382B1008F4D483A8F066EB66.d.55F49E464FAD0B4500F4B9C5000A60D5.e.4063","ELEMENT":"f.D0EFFAE4382B1008F4D483A8F066EB66.d.55F49E464FAD0B4500F4B9C5000A60D5.e.4063"}]}
COMMAND: GET /session/2dec2e3c010038984a3a166ea9fbc264/element/f.D0EFFAE4382B1008F4D483A8F066EB66.d.55F49E464FAD0B4500F4B9C5000A60D5.e.4063/enabled - {}
COMMAND: GET /session/2dec2e3c010038984a3a166ea9fbc264/screenshot - {}
RESULT: {}
COMMAND: POST /session/2dec2e3c010038984a3a166ea9fbc264/execute/sync - {"script":"<script> [8489 bytes]","args":[{"element-6066-11e4-a52e-4f735466cecf":"f.D0EFFAE4382B1008F4D483A8F066EB66.d.55F49E464FAD0B4500F4B9C5000A60D5.e.4063","ELEMENT":"f.D0EFFAE4382B1008F4D483A8F066EB66.d.55F49E464FAD0B4500F4B9C5000A60D5.e.4063"}]}
COMMAND: GET /session/2dec2e3c010038984a3a166ea9fbc264/screenshot - {}
RESULT: {}
RESULT: {"script":"<script> [8489 bytes]","args":[{"element-6066-11e4-a52e-4f735466cecf":"f.D0EFFAE4382B1008F4D483A8F066EB66.d.55F49E464FAD0B4500F4B9C5000A60D5.e.4063","ELEMENT":"f.D0EFFAE4382B1008F4D483A8F066EB66.d.55F49E464FAD0B4500F4B9C5000A60D5.e.4063"}]}
COMMAND: POST /session/2dec2e3c010038984a3a166ea9fbc264/execute/sync - {"script":"<script> [5351 bytes]","args":[{"element-6066-11e4-a52e-4f735466cecf":"f.D0EFFAE4382B1008F4D483A8F066EB66.d.55F49E464FAD0B4500F4B9C5000A60D5.e.4063","ELEMENT":"f.D0EFFAE4382B1008F4D483A8F066EB66.d.55F49E464FAD0B4500F4B9C5000A60D5.e.4063"}]}
COMMAND: GET /session/2dec2e3c010038984a3a166ea9fbc264/screenshot - {}
RESULT: {}
RESULT: {"script":"<script> [5351 bytes]","args":[{"element-6066-11e4-a52e-4f735466cecf":"f.D0EFFAE4382B1008F4D483A8F066EB66.d.55F49E464FAD0B4500F4B9C5000A60D5.e.4063","ELEMENT":"f.D0EFFAE4382B1008F4D483A8F066EB66.d.55F49E464FAD0B4500F4B9C5000A60D5.e.4063"}]}
COMMAND: POST /session/2dec2e3c010038984a3a166ea9fbc264/element/f.D0EFFAE4382B1008F4D483A8F066EB66.d.55F49E464FAD0B4500F4B9C5000A60D5.e.4063/click - {}
COMMAND: GET /session/2dec2e3c010038984a3a166ea9fbc264/screenshot - {}
RESULT: {}
RESULT: {}
COMMAND: GET /session/2dec2e3c010038984a3a166ea9fbc264/screenshot - {}
RESULT: {}
COMMAND: POST /session/2dec2e3c010038984a3a166ea9fbc264/execute/async - {"script":"<script> [1562 bytes]","args":[{"selector":{"id":"application-manageresources-display-component---newResourceUnit--TYPE-arrow"},"wdio_ui5_key":"applicationmanageresources-display-component---newResourceUnit--TYPE-arrow"}]}
RESULT: {}
RESULT: {"script":"<script> [1562 bytes]","args":[{"selector":{"id":"application-manageresources-display-component---newResourceUnit--TYPE-arrow"},"wdio_ui5_key":"applicationmanageresources-display-component---newResourceUnit--TYPE-arrow"}]}
RESULT: undefined
COMMAND: POST /session/2dec2e3c010038984a3a166ea9fbc264/element - {"using":"xpath","value":"//*[@id=\"application-manageresources-display-component---newResourceUnit--TYPE-arrow\"]"}
RESULT: {"using":"xpath","value":"//*[@id=\"application-manageresources-display-component---newResourceUnit--TYPE-arrow\"]"}
COMMAND: POST /session/2dec2e3c010038984a3a166ea9fbc264/element/f.D0EFFAE4382B1008F4D483A8F066EB66.d.55F49E464FAD0B4500F4B9C5000A60D5.e.4422/click - {}
RESULT: {}
COMMAND: POST /session/2dec2e3c010038984a3a166ea9fbc264/element - {"using":"xpath","value":"//input[@id=\"application-manageresources-display-component---newResourceUnit--TYPE-inner\"]"}
COMMAND: GET /session/2dec2e3c010038984a3a166ea9fbc264/screenshot - {}
RESULT: {"using":"xpath","value":"//input[@id=\"application-manageresources-display-component---newResourceUnit--TYPE-inner\"]"}
COMMAND: POST /session/2dec2e3c010038984a3a166ea9fbc264/element/f.D0EFFAE4382B1008F4D483A8F066EB66.d.55F49E464FAD0B4500F4B9C5000A60D5.e.4417/clear - {}
RESULT: {}
RESULT: {}
COMMAND: POST /session/2dec2e3c010038984a3a166ea9fbc264/element/f.D0EFFAE4382B1008F4D483A8F066EB66.d.55F49E464FAD0B4500F4B9C5000A60D5.e.4417/value - {"text":"Material"}
COMMAND: GET /session/2dec2e3c010038984a3a166ea9fbc264/screenshot - {}
RESULT: {"text":"Material"}
COMMAND: GET /session/2dec2e3c010038984a3a166ea9fbc264/screenshot - {}
RESULT: {}
RESULT: {}
COMMAND: POST /session/2dec2e3c010038984a3a166ea9fbc264/actions - {"actions":[{"id":"action12","type":"key","parameters":{},"actions":[{"type":"keyDown","value":""},{"type":"pause","duration":10},{"type":"keyUp","value":""}]}]}
RESULT: {"actions":[{"id":"action12","type":"key","parameters":{},"actions":[{"type":"keyDown","value":""},{"type":"pause","duration":10},{"type":"keyUp","value":""}]}]}
COMMAND: POST /session/2dec2e3c010038984a3a166ea9fbc264/execute/async - {"script":"<script> [1562 bytes]","args":[{"selector":{"id":"application-manageresources-display-component---newResourceUnit--SHORT_TEXT","interaction":{"idSuffix":"inner"}},"wdio_ui5_key":"applicationmanageresources-display-component---newResourceUnit--SHORT_TEXT"}]}
COMMAND: GET /session/2dec2e3c010038984a3a166ea9fbc264/screenshot - {}
RESULT: {"script":"<script> [1562 bytes]","args":[{"selector":{"id":"application-manageresources-display-component---newResourceUnit--SHORT_TEXT","interaction":{"idSuffix":"inner"}},"wdio_ui5_key":"applicationmanageresources-display-component---newResourceUnit--SHORT_TEXT"}]}
RESULT: undefined
COMMAND: POST /session/2dec2e3c010038984a3a166ea9fbc264/execute/async - {"script":"<script> [776 bytes]","args":[{"enterText":"Cement WDIO","selector":{"id":"application-manageresources-display-component---newResourceUnit--SHORT_TEXT","interaction":{"idSuffix":"inner"}},"clearTextFirst":true,"interactionType":"ENTER_TEXT"}]}
RESULT: {}
RESULT: {"script":"<script> [776 bytes]","args":[{"enterText":"Cement WDIO","selector":{"id":"application-manageresources-display-component---newResourceUnit--SHORT_TEXT","interaction":{"idSuffix":"inner"}},"clearTextFirst":true,"interactionType":"ENTER_TEXT"}]}
COMMAND: POST /session/2dec2e3c010038984a3a166ea9fbc264/execute/async - {"script":"<script> [1562 bytes]","args":[{"selector":{"id":"application-manageresources-display-component---newResourceUnit--BASE_UNIT_OF_MEASURE","interaction":{"idSuffix":"inner"}},"wdio_ui5_key":"applicationmanageresources-display-component---newResourceUnit--BASE_UNIT_OF_MEASURE"}]}
RESULT: {"script":"<script> [1562 bytes]","args":[{"selector":{"id":"application-manageresources-display-component---newResourceUnit--BASE_UNIT_OF_MEASURE","interaction":{"idSuffix":"inner"}},"wdio_ui5_key":"applicationmanageresources-display-component---newResourceUnit--BASE_UNIT_OF_MEASURE"}]}
RESULT: undefined
COMMAND: POST /session/2dec2e3c010038984a3a166ea9fbc264/execute/async - {"script":"<script> [776 bytes]","args":[{"enterText":"Piece","selector":{"id":"application-manageresources-display-component---newResourceUnit--BASE_UNIT_OF_MEASURE","interaction":{"idSuffix":"inner"}},"clearTextFirst":true,"interactionType":"ENTER_TEXT"}]}
RESULT: {"script":"<script> [776 bytes]","args":[{"enterText":"Piece","selector":{"id":"application-manageresources-display-component---newResourceUnit--BASE_UNIT_OF_MEASURE","interaction":{"idSuffix":"inner"}},"clearTextFirst":true,"interactionType":"ENTER_TEXT"}]}
COMMAND: POST /session/2dec2e3c010038984a3a166ea9fbc264/execute/async - {"script":"<script> [1562 bytes]","args":[{"selector":{"id":"application-manageresources-display-component---newResourceUnit--WEIGHT_UNIT","interaction":{"idSuffix":"inner"}},"wdio_ui5_key":"applicationmanageresources-display-component---newResourceUnit--WEIGHT_UNIT"}]}
RESULT: {"script":"<script> [1562 bytes]","args":[{"selector":{"id":"application-manageresources-display-component---newResourceUnit--WEIGHT_UNIT","interaction":{"idSuffix":"inner"}},"wdio_ui5_key":"applicationmanageresources-display-component---newResourceUnit--WEIGHT_UNIT"}]}
RESULT: undefined
COMMAND: POST /session/2dec2e3c010038984a3a166ea9fbc264/execute/async - {"script":"<script> [776 bytes]","args":[{"enterText":"Gram","selector":{"id":"application-manageresources-display-component---newResourceUnit--WEIGHT_UNIT","interaction":{"idSuffix":"inner"}},"clearTextFirst":true,"interactionType":"ENTER_TEXT"}]}
RESULT: {"script":"<script> [776 bytes]","args":[{"enterText":"Gram","selector":{"id":"application-manageresources-display-component---newResourceUnit--WEIGHT_UNIT","interaction":{"idSuffix":"inner"}},"clearTextFirst":true,"interactionType":"ENTER_TEXT"}]}
COMMAND: POST /session/2dec2e3c010038984a3a166ea9fbc264/execute/async - {"script":"<script> [1562 bytes]","args":[{"selector":{"id":"application-manageresources-display-component---newResourceUnit--DIMENSION_UNIT","interaction":{"idSuffix":"inner"}},"wdio_ui5_key":"applicationmanageresources-display-component---newResourceUnit--DIMENSION_UNIT"}]}
RESULT: {"script":"<script> [1562 bytes]","args":[{"selector":{"id":"application-manageresources-display-component---newResourceUnit--DIMENSION_UNIT","interaction":{"idSuffix":"inner"}},"wdio_ui5_key":"applicationmanageresources-display-component---newResourceUnit--DIMENSION_UNIT"}]}
RESULT: undefined
COMMAND: POST /session/2dec2e3c010038984a3a166ea9fbc264/execute/async - {"script":"<script> [776 bytes]","args":[{"enterText":"Meter","selector":{"id":"application-manageresources-display-component---newResourceUnit--DIMENSION_UNIT","interaction":{"idSuffix":"inner"}},"clearTextFirst":true,"interactionType":"ENTER_TEXT"}]}
RESULT: {"script":"<script> [776 bytes]","args":[{"enterText":"Meter","selector":{"id":"application-manageresources-display-component---newResourceUnit--DIMENSION_UNIT","interaction":{"idSuffix":"inner"}},"clearTextFirst":true,"interactionType":"ENTER_TEXT"}]}
COMMAND: POST /session/2dec2e3c010038984a3a166ea9fbc264/execute/async - {"script":"<script> [1562 bytes]","args":[{"selector":{"id":"application-manageresources-display-component---newResourceUnit--newRRUPage-anchBar-application-manageresources-display-component---newResourceUnit--control-anchor","interaction":{"idSuffix":"BDI-content"}},"wdio_ui5_key":"applicationmanageresources-display-component---newResourceUnit--newRRUPage-anchBar-application-manageresources-display-component---newResourceUnit--control-anchor"}]}
RESULT: {"script":"<script> [1562 bytes]","args":[{"selector":{"id":"application-manageresources-display-component---newResourceUnit--newRRUPage-anchBar-application-manageresources-display-component---newResourceUnit--control-anchor","interaction":{"idSuffix":"BDI-content"}},"wdio_ui5_key":"applicationmanageresources-display-component---newResourceUnit--newRRUPage-anchBar-application-manageresources-display-component---newResourceUnit--control-anchor"}]}
RESULT: undefined
COMMAND: POST /session/2dec2e3c010038984a3a166ea9fbc264/element - {"using":"xpath","value":"//*[@id=\"application-manageresources-display-component---newResourceUnit--newRRUPage-anchBar-application-manageresources-display-component---newResourceUnit--control-anchor\"]"}
RESULT: {"using":"xpath","value":"//*[@id=\"application-manageresources-display-component---newResourceUnit--newRRUPage-anchBar-application-manageresources-display-component---newResourceUnit--control-anchor\"]"}
COMMAND: POST /session/2dec2e3c010038984a3a166ea9fbc264/element/f.D0EFFAE4382B1008F4D483A8F066EB66.d.55F49E464FAD0B4500F4B9C5000A60D5.e.4554/click - {}
RESULT: {}
COMMAND: POST /session/2dec2e3c010038984a3a166ea9fbc264/execute/async - {"script":"<script> [1562 bytes]","args":[{"selector":{"id":"application-manageresources-display-component---newResourceUnit--PLANNING_GROUP","interaction":{"idSuffix":"inner"}},"wdio_ui5_key":"applicationmanageresources-display-component---newResourceUnit--PLANNING_GROUP"}]}
COMMAND: GET /session/2dec2e3c010038984a3a166ea9fbc264/screenshot - {}
RESULT: {"script":"<script> [1562 bytes]","args":[{"selector":{"id":"application-manageresources-display-component---newResourceUnit--PLANNING_GROUP","interaction":{"idSuffix":"inner"}},"wdio_ui5_key":"applicationmanageresources-display-component---newResourceUnit--PLANNING_GROUP"}]}
RESULT: undefined
COMMAND: POST /session/2dec2e3c010038984a3a166ea9fbc264/execute/async - {"script":"<script> [776 bytes]","args":[{"enterText":"Material","selector":{"id":"application-manageresources-display-component---newResourceUnit--PLANNING_GROUP","interaction":{"idSuffix":"inner"}},"clearTextFirst":true,"interactionType":"ENTER_TEXT"}]}
RESULT: {}
RESULT: {"script":"<script> [776 bytes]","args":[{"enterText":"Material","selector":{"id":"application-manageresources-display-component---newResourceUnit--PLANNING_GROUP","interaction":{"idSuffix":"inner"}},"clearTextFirst":true,"interactionType":"ENTER_TEXT"}]}
COMMAND: POST /session/2dec2e3c010038984a3a166ea9fbc264/execute/async - {"script":"<script> [1562 bytes]","args":[{"selector":{"id":"application-manageresources-display-component---newResourceUnit--PLANNING_INDICATOR","interaction":{"idSuffix":"inner"}},"wdio_ui5_key":"applicationmanageresources-display-component---newResourceUnit--PLANNING_INDICATOR"}]}
RESULT: {"script":"<script> [1562 bytes]","args":[{"selector":{"id":"application-manageresources-display-component---newResourceUnit--PLANNING_INDICATOR","interaction":{"idSuffix":"inner"}},"wdio_ui5_key":"applicationmanageresources-display-component---newResourceUnit--PLANNING_INDICATOR"}]}
RESULT: undefined
COMMAND: POST /session/2dec2e3c010038984a3a166ea9fbc264/execute/async - {"script":"<script> [776 bytes]","args":[{"enterText":"10 - infinite","selector":{"id":"application-manageresources-display-component---newResourceUnit--PLANNING_INDICATOR","interaction":{"idSuffix":"inner"}},"clearTextFirst":true,"interactionType":"ENTER_TEXT"}]}
RESULT: {"script":"<script> [776 bytes]","args":[{"enterText":"10 - infinite","selector":{"id":"application-manageresources-display-component---newResourceUnit--PLANNING_INDICATOR","interaction":{"idSuffix":"inner"}},"clearTextFirst":true,"interactionType":"ENTER_TEXT"}]}
COMMAND: POST /session/2dec2e3c010038984a3a166ea9fbc264/element - {"using":"css selector","value":"#application-manageresources-display-component---newResourceUnit--btnAddTimeSegment"}
RESULT: {"using":"css selector","value":"#application-manageresources-display-component---newResourceUnit--btnAddTimeSegment"}
COMMAND: GET /session/2dec2e3c010038984a3a166ea9fbc264/element/f.D0EFFAE4382B1008F4D483A8F066EB66.d.55F49E464FAD0B4500F4B9C5000A60D5.e.4564/rect - {}
RESULT: {}
COMMAND: GET /session/2dec2e3c010038984a3a166ea9fbc264/window/rect - {}
RESULT: {}
COMMAND: POST /session/2dec2e3c010038984a3a166ea9fbc264/execute/sync - {"script":"<script> [92 bytes]","args":[]}
RESULT: {"script":"<script> [92 bytes]","args":[]}
COMMAND: POST /session/2dec2e3c010038984a3a166ea9fbc264/actions - {"actions":[{"id":"action13","type":"wheel","parameters":{},"actions":[{"type":"scroll","x":-1888,"y":-32,"deltaX":0,"deltaY":0,"duration":0,"origin":{"element-6066-11e4-a52e-4f735466cecf":"f.D0EFFAE4382B1008F4D483A8F066EB66.d.55F49E464FAD0B4500F4B9C5000A60D5.e.4564"}}]}]}
COMMAND: GET /session/2dec2e3c010038984a3a166ea9fbc264/screenshot - {}
RESULT: {}
COMMAND: POST /session/2dec2e3c010038984a3a166ea9fbc264/execute/sync - {"script":"<script> [79 bytes]","args":[{"element-6066-11e4-a52e-4f735466cecf":"f.D0EFFAE4382B1008F4D483A8F066EB66.d.55F49E464FAD0B4500F4B9C5000A60D5.e.4564","ELEMENT":"f.D0EFFAE4382B1008F4D483A8F066EB66.d.55F49E464FAD0B4500F4B9C5000A60D5.e.4564"},{"block":"start","inline":"nearest"}]}
RESULT: {"script":"<script> [79 bytes]","args":[{"element-6066-11e4-a52e-4f735466cecf":"f.D0EFFAE4382B1008F4D483A8F066EB66.d.55F49E464FAD0B4500F4B9C5000A60D5.e.4564","ELEMENT":"f.D0EFFAE4382B1008F4D483A8F066EB66.d.55F49E464FAD0B4500F4B9C5000A60D5.e.4564"},{"block":"start","inline":"nearest"}]}
COMMAND: POST /session/2dec2e3c010038984a3a166ea9fbc264/execute/async - {"script":"<script> [1562 bytes]","args":[{"selector":{"id":"application-manageresources-display-component---newResourceUnit--btnAddTimeSegment","interaction":{"idSuffix":"inner"}},"wdio_ui5_key":"applicationmanageresources-display-component---newResourceUnit--btnAddTimeSegment"}]}
COMMAND: GET /session/2dec2e3c010038984a3a166ea9fbc264/screenshot - {}
RESULT: {"script":"<script> [1562 bytes]","args":[{"selector":{"id":"application-manageresources-display-component---newResourceUnit--btnAddTimeSegment","interaction":{"idSuffix":"inner"}},"wdio_ui5_key":"applicationmanageresources-display-component---newResourceUnit--btnAddTimeSegment"}]}
RESULT: undefined
COMMAND: POST /session/2dec2e3c010038984a3a166ea9fbc264/element - {"using":"xpath","value":"//*[@id=\"application-manageresources-display-component---newResourceUnit--btnAddTimeSegment\"]"}
RESULT: {}
RESULT: {"using":"xpath","value":"//*[@id=\"application-manageresources-display-component---newResourceUnit--btnAddTimeSegment\"]"}
COMMAND: POST /session/2dec2e3c010038984a3a166ea9fbc264/element/f.D0EFFAE4382B1008F4D483A8F066EB66.d.55F49E464FAD0B4500F4B9C5000A60D5.e.4564/click - {}
RESULT: {}
COMMAND: GET /session/2dec2e3c010038984a3a166ea9fbc264/screenshot - {}
RESULT: {}
COMMAND: POST /session/2dec2e3c010038984a3a166ea9fbc264/element - {"using":"xpath","value":"//input[@id=\"application-manageresources-display-component---newResourceUnit--idRuTSAdmin-application-manageresources-display-component---newResourceUnit--RUTimeSegment-0-inner\"]"}
RESULT: {"using":"xpath","value":"//input[@id=\"application-manageresources-display-component---newResourceUnit--idRuTSAdmin-application-manageresources-display-component---newResourceUnit--RUTimeSegment-0-inner\"]"}
COMMAND: POST /session/2dec2e3c010038984a3a166ea9fbc264/element/f.D0EFFAE4382B1008F4D483A8F066EB66.d.55F49E464FAD0B4500F4B9C5000A60D5.e.4569/clear - {}
RESULT: {}
COMMAND: POST /session/2dec2e3c010038984a3a166ea9fbc264/element/f.D0EFFAE4382B1008F4D483A8F066EB66.d.55F49E464FAD0B4500F4B9C5000A60D5.e.4569/value - {"text":"550"}
COMMAND: GET /session/2dec2e3c010038984a3a166ea9fbc264/screenshot - {}
RESULT: {"text":"550"}
COMMAND: GET /session/2dec2e3c010038984a3a166ea9fbc264/screenshot - {}
RESULT: {}
RESULT: {}
COMMAND: POST /session/2dec2e3c010038984a3a166ea9fbc264/element - {"using":"xpath","value":"//li[.//span[text()='550']]"}
RESULT: {"using":"xpath","value":"//li[.//span[text()='550']]"}
COMMAND: POST /session/2dec2e3c010038984a3a166ea9fbc264/element/f.D0EFFAE4382B1008F4D483A8F066EB66.d.55F49E464FAD0B4500F4B9C5000A60D5.e.4580/click - {}
RESULT: {}
COMMAND: GET /session/2dec2e3c010038984a3a166ea9fbc264/screenshot - {}
RESULT: {}
COMMAND: POST /session/2dec2e3c010038984a3a166ea9fbc264/element - {"using":"xpath","value":"//*[contains(text(), \"Catalogs\")][contains(@id ,\"application-manageresources-display-component---newResourceUnit--newRRUPage-anchBar\")]"}
RESULT: {"using":"xpath","value":"//*[contains(text(), \"Catalogs\")][contains(@id ,\"application-manageresources-display-component---newResourceUnit--newRRUPage-anchBar\")]"}
COMMAND: POST /session/2dec2e3c010038984a3a166ea9fbc264/element/f.D0EFFAE4382B1008F4D483A8F066EB66.d.55F49E464FAD0B4500F4B9C5000A60D5.e.4581/click - {}
RESULT: {}
COMMAND: GET /session/2dec2e3c010038984a3a166ea9fbc264/screenshot - {}
RESULT: {}
COMMAND: POST /session/2dec2e3c010038984a3a166ea9fbc264/element - {"using":"xpath","value":"//*[contains(text(), \"Assign\")][contains(@id ,\"button\")]"}
RESULT: {"using":"xpath","value":"//*[contains(text(), \"Assign\")][contains(@id ,\"button\")]"}
COMMAND: POST /session/2dec2e3c010038984a3a166ea9fbc264/element/f.D0EFFAE4382B1008F4D483A8F066EB66.d.55F49E464FAD0B4500F4B9C5000A60D5.e.4585/click - {}
RESULT: {}
COMMAND: GET /session/2dec2e3c010038984a3a166ea9fbc264/screenshot - {}
RESULT: {}
COMMAND: POST /session/2dec2e3c010038984a3a166ea9fbc264/element - {"using":"xpath","value":"//span[@id = \"application-manageresources-display-component---newResourceUnit--catalogSelect-arrow\"]"}
RESULT: {"using":"xpath","value":"//span[@id = \"application-manageresources-display-component---newResourceUnit--catalogSelect-arrow\"]"}
COMMAND: POST /session/2dec2e3c010038984a3a166ea9fbc264/element/f.D0EFFAE4382B1008F4D483A8F066EB66.d.55F49E464FAD0B4500F4B9C5000A60D5.e.4593/click - {}
RESULT: {}
COMMAND: GET /session/2dec2e3c010038984a3a166ea9fbc264/screenshot - {}
RESULT: {}
COMMAND: POST /session/2dec2e3c010038984a3a166ea9fbc264/element - {"using":"xpath","value":"//li[.//span[text()=\"Webshop Catalog\"]]"}
RESULT: {"using":"xpath","value":"//li[.//span[text()=\"Webshop Catalog\"]]"}
COMMAND: POST /session/2dec2e3c010038984a3a166ea9fbc264/element/f.D0EFFAE4382B1008F4D483A8F066EB66.d.55F49E464FAD0B4500F4B9C5000A60D5.e.4594/click - {}
RESULT: {}
COMMAND: GET /session/2dec2e3c010038984a3a166ea9fbc264/screenshot - {}
RESULT: {}
COMMAND: POST /session/2dec2e3c010038984a3a166ea9fbc264/element - {"using":"xpath","value":"//span[@id = \"application-manageresources-display-component---newResourceUnit--catalogItemSelect-arrow\"]"}
RESULT: {"using":"xpath","value":"//span[@id = \"application-manageresources-display-component---newResourceUnit--catalogItemSelect-arrow\"]"}
COMMAND: POST /session/2dec2e3c010038984a3a166ea9fbc264/element/f.D0EFFAE4382B1008F4D483A8F066EB66.d.55F49E464FAD0B4500F4B9C5000A60D5.e.4595/click - {}
RESULT: {}
COMMAND: GET /session/2dec2e3c010038984a3a166ea9fbc264/screenshot - {}
RESULT: {}
COMMAND: POST /session/2dec2e3c010038984a3a166ea9fbc264/element - {"using":"xpath","value":"//li[.//span[text()=\"Concert - Concert \"]]"}
RESULT: {"using":"xpath","value":"//li[.//span[text()=\"Concert - Concert \"]]"}
COMMAND: POST /session/2dec2e3c010038984a3a166ea9fbc264/element/f.D0EFFAE4382B1008F4D483A8F066EB66.d.55F49E464FAD0B4500F4B9C5000A60D5.e.4596/click - {}
RESULT: {}
COMMAND: GET /session/2dec2e3c010038984a3a166ea9fbc264/screenshot - {}
RESULT: {}
COMMAND: POST /session/2dec2e3c010038984a3a166ea9fbc264/execute/async - {"script":"<script> [1562 bytes]","args":[{"selector":{"id":"application-manageresources-display-component---newResourceUnit--RUAssignmentSaveButton","searchOpenDialogs":true,"interaction":{"idSuffix":"BDI-content"}},"wdio_ui5_key":"applicationmanageresources-display-component---newResourceUnit--RUAssignmentSaveButton"}]}
RESULT: {"script":"<script> [1562 bytes]","args":[{"selector":{"id":"application-manageresources-display-component---newResourceUnit--RUAssignmentSaveButton","searchOpenDialogs":true,"interaction":{"idSuffix":"BDI-content"}},"wdio_ui5_key":"applicationmanageresources-display-component---newResourceUnit--RUAssignmentSaveButton"}]}
RESULT: undefined
COMMAND: POST /session/2dec2e3c010038984a3a166ea9fbc264/element - {"using":"xpath","value":"//*[@id=\"application-manageresources-display-component---newResourceUnit--RUAssignmentSaveButton\"]"}
RESULT: {"using":"xpath","value":"//*[@id=\"application-manageresources-display-component---newResourceUnit--RUAssignmentSaveButton\"]"}
COMMAND: POST /session/2dec2e3c010038984a3a166ea9fbc264/element/f.D0EFFAE4382B1008F4D483A8F066EB66.d.55F49E464FAD0B4500F4B9C5000A60D5.e.4612/click - {}
RESULT: {}
COMMAND: GET /session/2dec2e3c010038984a3a166ea9fbc264/screenshot - {}
RESULT: {}
COMMAND: POST /session/2dec2e3c010038984a3a166ea9fbc264/element - {"using":"xpath","value":"//button[@data-kt=\"resourceUnitSaveButton\"]"}
RESULT: {"using":"xpath","value":"//button[@data-kt=\"resourceUnitSaveButton\"]"}
COMMAND: POST /session/2dec2e3c010038984a3a166ea9fbc264/element/f.D0EFFAE4382B1008F4D483A8F066EB66.d.55F49E464FAD0B4500F4B9C5000A60D5.e.4440/click - {}
RESULT: {}
COMMAND: GET /session/2dec2e3c010038984a3a166ea9fbc264/screenshot - {}
RESULT: {}
COMMAND: POST /session/2dec2e3c010038984a3a166ea9fbc264/element - {"using":"xpath","value":"//bdi[contains(text(), \"Close\")]"}
RESULT: {"using":"xpath","value":"//bdi[contains(text(), \"Close\")]"}
COMMAND: POST /session/2dec2e3c010038984a3a166ea9fbc264/element/f.D0EFFAE4382B1008F4D483A8F066EB66.d.55F49E464FAD0B4500F4B9C5000A60D5.e.4621/click - {}
RESULT: {}
COMMAND: GET /session/2dec2e3c010038984a3a166ea9fbc264/screenshot - {}
RESULT: {}
COMMAND: POST /session/2dec2e3c010038984a3a166ea9fbc264/element - {"using":"xpath","value":"//header[contains(@id, 'detailRruPage-headerTitle')]/div[1]/div[2]/div[2]/span[1]"}
RESULT: {"using":"xpath","value":"//header[contains(@id, 'detailRruPage-headerTitle')]/div[1]/div[2]/div[2]/span[1]"}
COMMAND: POST /session/2dec2e3c010038984a3a166ea9fbc264/elements - {"using":"xpath","value":"//header[contains(@id, 'detailRruPage-headerTitle')]/div[1]/div[2]/div[2]/span[1]"}
RESULT: {"using":"xpath","value":"//header[contains(@id, 'detailRruPage-headerTitle')]/div[1]/div[2]/div[2]/span[1]"}
COMMAND: POST /session/2dec2e3c010038984a3a166ea9fbc264/execute/sync - {"script":"<script> [56 bytes]","args":[{"element-6066-11e4-a52e-4f735466cecf":"f.D0EFFAE4382B1008F4D483A8F066EB66.d.55F49E464FAD0B4500F4B9C5000A60D5.e.4656","ELEMENT":"f.D0EFFAE4382B1008F4D483A8F066EB66.d.55F49E464FAD0B4500F4B9C5000A60D5.e.4656"}]}
RESULT: {"script":"<script> [56 bytes]","args":[{"element-6066-11e4-a52e-4f735466cecf":"f.D0EFFAE4382B1008F4D483A8F066EB66.d.55F49E464FAD0B4500F4B9C5000A60D5.e.4656","ELEMENT":"f.D0EFFAE4382B1008F4D483A8F066EB66.d.55F49E464FAD0B4500F4B9C5000A60D5.e.4656"}]}
COMMAND: POST /session/2dec2e3c010038984a3a166ea9fbc264/element - {"using":"css selector","value":"#shell-header-logo"}
COMMAND: GET /session/2dec2e3c010038984a3a166ea9fbc264/screenshot - {}
RESULT: {"using":"css selector","value":"#shell-header-logo"}
COMMAND: POST /session/2dec2e3c010038984a3a166ea9fbc264/element/f.D0EFFAE4382B1008F4D483A8F066EB66.d.55F49E464FAD0B4500F4B9C5000A60D5.e.4037/click - {}
RESULT: {}
RESULT: {}
COMMAND: GET /session/2dec2e3c010038984a3a166ea9fbc264/screenshot - {}
RESULT: {}
]]></system-out>
    </testcase>
    <testcase classname="chrome.136_0_7103_93.windows.Yard_Overview_Autoplanning_US130989" name="Should create a new request and add the material" time="94.967">
      <system-out><![CDATA[
COMMAND: POST /session/2dec2e3c010038984a3a166ea9fbc264/execute/async - {"script":"<script> [1562 bytes]","args":[{"selector":{"controlType":"sap.m.GenericTile","properties":{"header":"Manage Requests"}},"wdio_ui5_key":"sapm.GenericTile{\"header\":\"Manage Requests\"}"}]}
RESULT: {"script":"<script> [1562 bytes]","args":[{"selector":{"controlType":"sap.m.GenericTile","properties":{"header":"Manage Requests"}},"wdio_ui5_key":"sapm.GenericTile{\"header\":\"Manage Requests\"}"}]}
RESULT: undefined
COMMAND: POST /session/2dec2e3c010038984a3a166ea9fbc264/element - {"using":"xpath","value":"//*[@id=\"__tile47\"]"}
RESULT: {"using":"xpath","value":"//*[@id=\"__tile47\"]"}
COMMAND: POST /session/2dec2e3c010038984a3a166ea9fbc264/element/f.D0EFFAE4382B1008F4D483A8F066EB66.d.55F49E464FAD0B4500F4B9C5000A60D5.e.4020/click - {}
RESULT: {}
COMMAND: GET /session/2dec2e3c010038984a3a166ea9fbc264/screenshot - {}
RESULT: {}
COMMAND: POST /session/2dec2e3c010038984a3a166ea9fbc264/elements - {"using":"xpath","value":"//span[text()='Error']"}
RESULT: {"using":"xpath","value":"//span[text()='Error']"}
COMMAND: POST /session/2dec2e3c010038984a3a166ea9fbc264/execute/async - {"script":"<script> [1562 bytes]","args":[{"selector":{"id":"btnCreateNew","viewName":"etm.portal.ui.managerequests.view.Master","interaction":{"idSuffix":"inner"}},"wdio_ui5_key":"btnCreateNewetmportal.ui.managerequests.view.Master"}]}
RESULT: {"script":"<script> [1562 bytes]","args":[{"selector":{"id":"btnCreateNew","viewName":"etm.portal.ui.managerequests.view.Master","interaction":{"idSuffix":"inner"}},"wdio_ui5_key":"btnCreateNewetmportal.ui.managerequests.view.Master"}]}
RESULT: undefined
COMMAND: POST /session/2dec2e3c010038984a3a166ea9fbc264/element - {"using":"xpath","value":"//*[@id=\"__xmlview58--btnCreateNew\"]"}
RESULT: {"using":"xpath","value":"//*[@id=\"__xmlview58--btnCreateNew\"]"}
COMMAND: POST /session/2dec2e3c010038984a3a166ea9fbc264/element/f.D0EFFAE4382B1008F4D483A8F066EB66.d.55F49E464FAD0B4500F4B9C5000A60D5.e.4713/click - {}
RESULT: {}
COMMAND: GET /session/2dec2e3c010038984a3a166ea9fbc264/screenshot - {}
RESULT: {}
COMMAND: POST /session/2dec2e3c010038984a3a166ea9fbc264/execute/async - {"script":"<script> [1562 bytes]","args":[{"selector":{"controlType":"sap.ui.core.Icon","viewName":"etm.portal.ui.managerequests.view.NewRequest","properties":{"src":{"regex":{"source":"full\\-screen"}}}},"wdio_ui5_key":"etmportal.ui.managerequests.view.NewRequestsap.ui.core.Icon{\"src\":{\"regex\":{\"source\":\"full\\\\-screen\"}}}"}]}
RESULT: {"script":"<script> [1562 bytes]","args":[{"selector":{"controlType":"sap.ui.core.Icon","viewName":"etm.portal.ui.managerequests.view.NewRequest","properties":{"src":{"regex":{"source":"full\\-screen"}}}},"wdio_ui5_key":"etmportal.ui.managerequests.view.NewRequestsap.ui.core.Icon{\"src\":{\"regex\":{\"source\":\"full\\\\-screen\"}}}"}]}
RESULT: undefined
COMMAND: POST /session/2dec2e3c010038984a3a166ea9fbc264/element - {"using":"xpath","value":"//*[@id=\"__button83-img\"]"}
RESULT: {"using":"xpath","value":"//*[@id=\"__button83-img\"]"}
COMMAND: POST /session/2dec2e3c010038984a3a166ea9fbc264/element/f.D0EFFAE4382B1008F4D483A8F066EB66.d.55F49E464FAD0B4500F4B9C5000A60D5.e.5122/click - {}
RESULT: {}
COMMAND: GET /session/2dec2e3c010038984a3a166ea9fbc264/screenshot - {}
RESULT: {}
COMMAND: POST /session/2dec2e3c010038984a3a166ea9fbc264/element - {"using":"xpath","value":"//input[contains(@id ,\"yardId-inner\")]"}
RESULT: {"using":"xpath","value":"//input[contains(@id ,\"yardId-inner\")]"}
COMMAND: POST /session/2dec2e3c010038984a3a166ea9fbc264/element/f.D0EFFAE4382B1008F4D483A8F066EB66.d.55F49E464FAD0B4500F4B9C5000A60D5.e.4990/value - {"text":"550"}
RESULT: {"text":"550"}
COMMAND: GET /session/2dec2e3c010038984a3a166ea9fbc264/screenshot - {}
RESULT: {}
COMMAND: POST /session/2dec2e3c010038984a3a166ea9fbc264/element - {"using":"xpath","value":"//li[.//span[text()='550']]"}
RESULT: {"using":"xpath","value":"//li[.//span[text()='550']]"}
COMMAND: POST /session/2dec2e3c010038984a3a166ea9fbc264/element/f.D0EFFAE4382B1008F4D483A8F066EB66.d.55F49E464FAD0B4500F4B9C5000A60D5.e.5168/click - {}
RESULT: {}
COMMAND: GET /session/2dec2e3c010038984a3a166ea9fbc264/screenshot - {}
RESULT: {}
COMMAND: POST /session/2dec2e3c010038984a3a166ea9fbc264/element - {"using":"xpath","value":"//input[contains(@id ,\"customerNumber-inner\")]"}
RESULT: {"using":"xpath","value":"//input[contains(@id ,\"customerNumber-inner\")]"}
COMMAND: POST /session/2dec2e3c010038984a3a166ea9fbc264/element/f.D0EFFAE4382B1008F4D483A8F066EB66.d.55F49E464FAD0B4500F4B9C5000A60D5.e.4984/clear - {}
RESULT: {}
COMMAND: POST /session/2dec2e3c010038984a3a166ea9fbc264/element/f.D0EFFAE4382B1008F4D483A8F066EB66.d.55F49E464FAD0B4500F4B9C5000A60D5.e.4984/value - {"text":"1347"}
COMMAND: GET /session/2dec2e3c010038984a3a166ea9fbc264/screenshot - {}
RESULT: {"text":"1347"}
COMMAND: GET /session/2dec2e3c010038984a3a166ea9fbc264/screenshot - {}
RESULT: {}
RESULT: {}
COMMAND: POST /session/2dec2e3c010038984a3a166ea9fbc264/element - {"using":"xpath","value":"//li[.//span[text()='1347']]"}
RESULT: {"using":"xpath","value":"//li[.//span[text()='1347']]"}
COMMAND: POST /session/2dec2e3c010038984a3a166ea9fbc264/element/f.D0EFFAE4382B1008F4D483A8F066EB66.d.55F49E464FAD0B4500F4B9C5000A60D5.e.5170/click - {}
RESULT: {}
COMMAND: GET /session/2dec2e3c010038984a3a166ea9fbc264/screenshot - {}
RESULT: {}
COMMAND: POST /session/2dec2e3c010038984a3a166ea9fbc264/element - {"using":"xpath","value":"//button[contains(@id ,\"btnAddTableRow\")]"}
RESULT: {"using":"xpath","value":"//button[contains(@id ,\"btnAddTableRow\")]"}
COMMAND: POST /session/2dec2e3c010038984a3a166ea9fbc264/element/f.D0EFFAE4382B1008F4D483A8F066EB66.d.55F49E464FAD0B4500F4B9C5000A60D5.e.4962/click - {}
RESULT: {}
COMMAND: GET /session/2dec2e3c010038984a3a166ea9fbc264/screenshot - {}
RESULT: {}
COMMAND: POST /session/2dec2e3c010038984a3a166ea9fbc264/actions - {"actions":[{"id":"action14","type":"key","parameters":{},"actions":[{"type":"keyDown","value":""},{"type":"pause","duration":10},{"type":"keyUp","value":""}]}]}
RESULT: {"actions":[{"id":"action14","type":"key","parameters":{},"actions":[{"type":"keyDown","value":""},{"type":"pause","duration":10},{"type":"keyUp","value":""}]}]}
COMMAND: POST /session/2dec2e3c010038984a3a166ea9fbc264/actions - {"actions":[{"id":"action15","type":"key","parameters":{},"actions":[{"type":"keyDown","value":""},{"type":"pause","duration":10},{"type":"keyUp","value":""}]}]}
COMMAND: GET /session/2dec2e3c010038984a3a166ea9fbc264/screenshot - {}
RESULT: {"actions":[{"id":"action15","type":"key","parameters":{},"actions":[{"type":"keyDown","value":""},{"type":"pause","duration":10},{"type":"keyUp","value":""}]}]}
COMMAND: GET /session/2dec2e3c010038984a3a166ea9fbc264/screenshot - {}
RESULT: {}
RESULT: {}
COMMAND: POST /session/2dec2e3c010038984a3a166ea9fbc264/element - {"using":"xpath","value":"//table[contains(@id, \"requestItemsTable-listUl\")]//tbody/tr[1]/td[3]/div/div/input"}
RESULT: {"using":"xpath","value":"//table[contains(@id, \"requestItemsTable-listUl\")]//tbody/tr[1]/td[3]/div/div/input"}
COMMAND: POST /session/2dec2e3c010038984a3a166ea9fbc264/element/f.D0EFFAE4382B1008F4D483A8F066EB66.d.55F49E464FAD0B4500F4B9C5000A60D5.e.5174/clear - {}
RESULT: {}
COMMAND: POST /session/2dec2e3c010038984a3a166ea9fbc264/element/f.D0EFFAE4382B1008F4D483A8F066EB66.d.55F49E464FAD0B4500F4B9C5000A60D5.e.5174/value - {"text":"Concert"}
COMMAND: GET /session/2dec2e3c010038984a3a166ea9fbc264/screenshot - {}
RESULT: {"text":"Concert"}
COMMAND: GET /session/2dec2e3c010038984a3a166ea9fbc264/screenshot - {}
RESULT: {}
RESULT: {}
COMMAND: POST /session/2dec2e3c010038984a3a166ea9fbc264/element - {"using":"xpath","value":"//li[.//span[contains(text(), \"Concert\")]]"}
RESULT: {"using":"xpath","value":"//li[.//span[contains(text(), \"Concert\")]]"}
COMMAND: POST /session/2dec2e3c010038984a3a166ea9fbc264/element/f.D0EFFAE4382B1008F4D483A8F066EB66.d.55F49E464FAD0B4500F4B9C5000A60D5.e.5186/click - {}
RESULT: {}
COMMAND: GET /session/2dec2e3c010038984a3a166ea9fbc264/screenshot - {}
RESULT: {}
COMMAND: POST /session/2dec2e3c010038984a3a166ea9fbc264/execute/async - {"script":"<script> [1562 bytes]","args":[{"selector":{"controlType":"sap.ui.core.Icon","viewName":"etm.portal.ui.managerequests.view.NewRequest","properties":{"src":{"regex":{"source":"message\\-error"}}},"ancestor":{"controlType":"sap.m.ColumnListItem","viewName":"etm.portal.ui.managerequests.view.NewRequest","bindingPath":{"modelName":"newRequestItems","path":"/RequestItems/0"},"ancestor":{"id":"requestItemsTable","viewName":"etm.portal.ui.managerequests.view.NewRequest"}}},"wdio_ui5_key":"etmportal.ui.managerequests.view.NewRequestsap.ui.core.Icon{\"src\":{\"regex\":{\"source\":\"message\\\\-error\"}}}{\"controlType\":\"sap.m.ColumnListItem\",\"viewName\":\"etm.portal.ui.managerequests.view.NewRequest\",\"bindingPath\":{\"modelName\":\"newRequestItems\",\"path\":\"/RequestItems/0\"},\"ancestor\":{\"id\":\"requestItemsTable\",\"viewName\":\"etm.portal.ui.managerequests.view.NewRequest\"}}"}]}
RESULT: {"script":"<script> [1562 bytes]","args":[{"selector":{"controlType":"sap.ui.core.Icon","viewName":"etm.portal.ui.managerequests.view.NewRequest","properties":{"src":{"regex":{"source":"message\\-error"}}},"ancestor":{"controlType":"sap.m.ColumnListItem","viewName":"etm.portal.ui.managerequests.view.NewRequest","bindingPath":{"modelName":"newRequestItems","path":"/RequestItems/0"},"ancestor":{"id":"requestItemsTable","viewName":"etm.portal.ui.managerequests.view.NewRequest"}}},"wdio_ui5_key":"etmportal.ui.managerequests.view.NewRequestsap.ui.core.Icon{\"src\":{\"regex\":{\"source\":\"message\\\\-error\"}}}{\"controlType\":\"sap.m.ColumnListItem\",\"viewName\":\"etm.portal.ui.managerequests.view.NewRequest\",\"bindingPath\":{\"modelName\":\"newRequestItems\",\"path\":\"/RequestItems/0\"},\"ancestor\":{\"id\":\"requestItemsTable\",\"viewName\":\"etm.portal.ui.managerequests.view.NewRequest\"}}"}]}
RESULT: undefined
COMMAND: POST /session/2dec2e3c010038984a3a166ea9fbc264/element - {"using":"xpath","value":"//*[@id=\"__status10-__xmlview59--requestItemsTable-0-icon\"]"}
RESULT: {"using":"xpath","value":"//*[@id=\"__status10-__xmlview59--requestItemsTable-0-icon\"]"}
COMMAND: POST /session/2dec2e3c010038984a3a166ea9fbc264/element/f.D0EFFAE4382B1008F4D483A8F066EB66.d.55F49E464FAD0B4500F4B9C5000A60D5.e.5187/click - {}
RESULT: {}
COMMAND: POST /session/2dec2e3c010038984a3a166ea9fbc264/execute/async - {"script":"<script> [1562 bytes]","args":[{"selector":{"controlType":"sap.ui.core.Icon","viewName":"etm.portal.ui.managerequests.view.NewRequest","properties":{"src":{"regex":{"source":"slim\\-arrow\\-down"}}},"searchOpenDialogs":true,"ancestor":{"id":"costObjectAdminTypeComboBox","viewName":"etm.portal.ui.managerequests.view.NewRequest","searchOpenDialogs":true}},"wdio_ui5_key":"etmportal.ui.managerequests.view.NewRequestsap.ui.core.Icon{\"src\":{\"regex\":{\"source\":\"slim\\\\-arrow\\\\-down\"}}}{\"id\":\"costObjectAdminTypeComboBox\",\"viewName\":\"etm.portal.ui.managerequests.view.NewRequest\",\"searchOpenDialogs\":true}"}]}
COMMAND: GET /session/2dec2e3c010038984a3a166ea9fbc264/screenshot - {}
RESULT: {"script":"<script> [1562 bytes]","args":[{"selector":{"controlType":"sap.ui.core.Icon","viewName":"etm.portal.ui.managerequests.view.NewRequest","properties":{"src":{"regex":{"source":"slim\\-arrow\\-down"}}},"searchOpenDialogs":true,"ancestor":{"id":"costObjectAdminTypeComboBox","viewName":"etm.portal.ui.managerequests.view.NewRequest","searchOpenDialogs":true}},"wdio_ui5_key":"etmportal.ui.managerequests.view.NewRequestsap.ui.core.Icon{\"src\":{\"regex\":{\"source\":\"slim\\\\-arrow\\\\-down\"}}}{\"id\":\"costObjectAdminTypeComboBox\",\"viewName\":\"etm.portal.ui.managerequests.view.NewRequest\",\"searchOpenDialogs\":true}"}]}
RESULT: undefined
COMMAND: POST /session/2dec2e3c010038984a3a166ea9fbc264/element - {"using":"xpath","value":"//*[@id=\"__xmlview59--costObjectAdminTypeComboBox-arrow\"]"}
RESULT: {}
RESULT: {"using":"xpath","value":"//*[@id=\"__xmlview59--costObjectAdminTypeComboBox-arrow\"]"}
COMMAND: POST /session/2dec2e3c010038984a3a166ea9fbc264/element/f.D0EFFAE4382B1008F4D483A8F066EB66.d.55F49E464FAD0B4500F4B9C5000A60D5.e.5192/click - {}
RESULT: {}
COMMAND: GET /session/2dec2e3c010038984a3a166ea9fbc264/screenshot - {}
RESULT: {}
COMMAND: POST /session/2dec2e3c010038984a3a166ea9fbc264/execute/async - {"script":"<script> [1562 bytes]","args":[{"selector":{"controlType":"sap.m.StandardListItem","viewName":"etm.portal.ui.managerequests.view.NewRequest","properties":{"title":"Cost Center"},"searchOpenDialogs":true,"interaction":{"idSuffix":"content"}},"wdio_ui5_key":"etmportal.ui.managerequests.view.NewRequestsap.m.StandardListItem{\"title\":\"Cost Center\"}"}]}
RESULT: {"script":"<script> [1562 bytes]","args":[{"selector":{"controlType":"sap.m.StandardListItem","viewName":"etm.portal.ui.managerequests.view.NewRequest","properties":{"title":"Cost Center"},"searchOpenDialogs":true,"interaction":{"idSuffix":"content"}},"wdio_ui5_key":"etmportal.ui.managerequests.view.NewRequestsap.m.StandardListItem{\"title\":\"Cost Center\"}"}]}
RESULT: undefined
COMMAND: POST /session/2dec2e3c010038984a3a166ea9fbc264/element - {"using":"xpath","value":"//*[@id=\"__item1785\"]"}
RESULT: {"using":"xpath","value":"//*[@id=\"__item1785\"]"}
COMMAND: POST /session/2dec2e3c010038984a3a166ea9fbc264/element/f.D0EFFAE4382B1008F4D483A8F066EB66.d.55F49E464FAD0B4500F4B9C5000A60D5.e.5195/click - {}
RESULT: {}
COMMAND: GET /session/2dec2e3c010038984a3a166ea9fbc264/screenshot - {}
RESULT: {}
COMMAND: POST /session/2dec2e3c010038984a3a166ea9fbc264/execute/async - {"script":"<script> [1562 bytes]","args":[{"selector":{"controlType":"sap.m.Button","viewName":"etm.portal.ui.managerequests.view.NewRequest","i18NText":{"propertyName":"text","key":"save"},"searchOpenDialogs":true,"interaction":{"idSuffix":"inner"}},"wdio_ui5_key":"etmportal.ui.managerequests.view.NewRequestsap.m.Button{\"propertyName\":\"text\",\"key\":\"save\"}"}]}
RESULT: {"script":"<script> [1562 bytes]","args":[{"selector":{"controlType":"sap.m.Button","viewName":"etm.portal.ui.managerequests.view.NewRequest","i18NText":{"propertyName":"text","key":"save"},"searchOpenDialogs":true,"interaction":{"idSuffix":"inner"}},"wdio_ui5_key":"etmportal.ui.managerequests.view.NewRequestsap.m.Button{\"propertyName\":\"text\",\"key\":\"save\"}"}]}
RESULT: undefined
COMMAND: POST /session/2dec2e3c010038984a3a166ea9fbc264/element - {"using":"xpath","value":"//*[@id=\"__button101\"]"}
RESULT: {"using":"xpath","value":"//*[@id=\"__button101\"]"}
COMMAND: POST /session/2dec2e3c010038984a3a166ea9fbc264/element/f.D0EFFAE4382B1008F4D483A8F066EB66.d.55F49E464FAD0B4500F4B9C5000A60D5.e.5203/click - {}
RESULT: {}
COMMAND: GET /session/2dec2e3c010038984a3a166ea9fbc264/screenshot - {}
RESULT: {}
COMMAND: POST /session/2dec2e3c010038984a3a166ea9fbc264/execute/async - {"script":"<script> [1562 bytes]","args":[{"selector":{"controlType":"sap.m.Button","viewName":"etm.portal.ui.managerequests.view.NewRequest","i18NText":{"propertyName":"tooltip","key":"save"},"interaction":{"idSuffix":"BDI-content"}},"wdio_ui5_key":"etmportal.ui.managerequests.view.NewRequestsap.m.Button{\"propertyName\":\"tooltip\",\"key\":\"save\"}"}]}
RESULT: {"script":"<script> [1562 bytes]","args":[{"selector":{"controlType":"sap.m.Button","viewName":"etm.portal.ui.managerequests.view.NewRequest","i18NText":{"propertyName":"tooltip","key":"save"},"interaction":{"idSuffix":"BDI-content"}},"wdio_ui5_key":"etmportal.ui.managerequests.view.NewRequestsap.m.Button{\"propertyName\":\"tooltip\",\"key\":\"save\"}"}]}
RESULT: undefined
COMMAND: POST /session/2dec2e3c010038984a3a166ea9fbc264/element - {"using":"xpath","value":"//*[@id=\"__button90\"]"}
RESULT: {"using":"xpath","value":"//*[@id=\"__button90\"]"}
COMMAND: POST /session/2dec2e3c010038984a3a166ea9fbc264/element/f.D0EFFAE4382B1008F4D483A8F066EB66.d.55F49E464FAD0B4500F4B9C5000A60D5.e.5104/click - {}
RESULT: {}
COMMAND: POST /session/2dec2e3c010038984a3a166ea9fbc264/execute/async - {"script":"<script> [1562 bytes]","args":[{"selector":{"controlType":"sap.m.Button","properties":{"text":"Close"},"searchOpenDialogs":true,"interaction":{"idSuffix":"inner"}},"wdio_ui5_key":"sapm.Button{\"text\":\"Close\"}"}]}
COMMAND: GET /session/2dec2e3c010038984a3a166ea9fbc264/screenshot - {}
RESULT: {"script":"<script> [1562 bytes]","args":[{"selector":{"controlType":"sap.m.Button","properties":{"text":"Close"},"searchOpenDialogs":true,"interaction":{"idSuffix":"inner"}},"wdio_ui5_key":"sapm.Button{\"text\":\"Close\"}"}]}
RESULT: undefined
COMMAND: POST /session/2dec2e3c010038984a3a166ea9fbc264/element - {"using":"xpath","value":"//*[@id=\"__mbox-btn-1\"]"}
RESULT: {}
RESULT: {"using":"xpath","value":"//*[@id=\"__mbox-btn-1\"]"}
COMMAND: POST /session/2dec2e3c010038984a3a166ea9fbc264/element/f.D0EFFAE4382B1008F4D483A8F066EB66.d.55F49E464FAD0B4500F4B9C5000A60D5.e.5206/click - {}
RESULT: {}
COMMAND: GET /session/2dec2e3c010038984a3a166ea9fbc264/screenshot - {}
RESULT: {}
COMMAND: POST /session/2dec2e3c010038984a3a166ea9fbc264/execute/async - {"script":"<script> [1562 bytes]","args":[{"selector":{"controlType":"sap.m.Text","viewName":"etm.portal.ui.managerequests.view.Detail","bindingPath":{"propertyPath":"NO","modelName":"catalogModel"}},"wdio_ui5_key":"etmportal.ui.managerequests.view.Detailsap.m.Text{\"propertyPath\":\"NO\",\"modelName\":\"catalogModel\"}"}]}
RESULT: {"script":"<script> [1562 bytes]","args":[{"selector":{"controlType":"sap.m.Text","viewName":"etm.portal.ui.managerequests.view.Detail","bindingPath":{"propertyPath":"NO","modelName":"catalogModel"}},"wdio_ui5_key":"etmportal.ui.managerequests.view.Detailsap.m.Text{\"propertyPath\":\"NO\",\"modelName\":\"catalogModel\"}"}]}
RESULT: undefined
COMMAND: POST /session/2dec2e3c010038984a3a166ea9fbc264/execute/async - {"script":"<script> [6424 bytes]","args":[{"element-6066-11e4-a52e-4f735466cecf":"f.D0EFFAE4382B1008F4D483A8F066EB66.d.55F49E464FAD0B4500F4B9C5000A60D5.e.5376"},"getText",[]]}
RESULT: {"script":"<script> [6424 bytes]","args":[{"element-6066-11e4-a52e-4f735466cecf":"f.D0EFFAE4382B1008F4D483A8F066EB66.d.55F49E464FAD0B4500F4B9C5000A60D5.e.5376"},"getText",[]]}
COMMAND: POST /session/2dec2e3c010038984a3a166ea9fbc264/element - {"using":"css selector","value":"#shell-header-logo"}
RESULT: {"using":"css selector","value":"#shell-header-logo"}
COMMAND: POST /session/2dec2e3c010038984a3a166ea9fbc264/element/f.D0EFFAE4382B1008F4D483A8F066EB66.d.55F49E464FAD0B4500F4B9C5000A60D5.e.4659/click - {}
RESULT: {}
COMMAND: GET /session/2dec2e3c010038984a3a166ea9fbc264/screenshot - {}
RESULT: {}
]]></system-out>
    </testcase>
    <testcase classname="chrome.136_0_7103_93.windows.Yard_Overview_Autoplanning_US130989" name="Should navigate to Yard overview and plan the request" time="139.939">
      <system-out><![CDATA[
COMMAND: POST /session/2dec2e3c010038984a3a166ea9fbc264/execute/async - {"script":"<script> [1562 bytes]","args":[{"selector":{"controlType":"sap.m.GenericTile","properties":{"header":"Yard Overview"}},"wdio_ui5_key":"sapm.GenericTile{\"header\":\"Yard Overview\"}"}]}
RESULT: {"script":"<script> [1562 bytes]","args":[{"selector":{"controlType":"sap.m.GenericTile","properties":{"header":"Yard Overview"}},"wdio_ui5_key":"sapm.GenericTile{\"header\":\"Yard Overview\"}"}]}
RESULT: undefined
COMMAND: POST /session/2dec2e3c010038984a3a166ea9fbc264/element - {"using":"xpath","value":"//*[@id=\"__tile102\"]"}
RESULT: {"using":"xpath","value":"//*[@id=\"__tile102\"]"}
COMMAND: POST /session/2dec2e3c010038984a3a166ea9fbc264/element/f.D0EFFAE4382B1008F4D483A8F066EB66.d.55F49E464FAD0B4500F4B9C5000A60D5.e.5380/click - {}
RESULT: {}
COMMAND: GET /session/2dec2e3c010038984a3a166ea9fbc264/screenshot - {}
RESULT: {}
COMMAND: POST /session/2dec2e3c010038984a3a166ea9fbc264/elements - {"using":"xpath","value":"//span[text()='Error']"}
RESULT: {"using":"xpath","value":"//span[text()='Error']"}
COMMAND: POST /session/2dec2e3c010038984a3a166ea9fbc264/execute/async - {"script":"<script> [1562 bytes]","args":[{"selector":{"id":"application-yardoverview-display-component---masterYardInventory--smartFilterBar-btnBasicSearch","interaction":{"idSuffix":"I"}},"wdio_ui5_key":"applicationyardoverview-display-component---masterYardInventory--smartFilterBar-btnBasicSearch"}]}
RESULT: {"script":"<script> [1562 bytes]","args":[{"selector":{"id":"application-yardoverview-display-component---masterYardInventory--smartFilterBar-btnBasicSearch","interaction":{"idSuffix":"I"}},"wdio_ui5_key":"applicationyardoverview-display-component---masterYardInventory--smartFilterBar-btnBasicSearch"}]}
RESULT: undefined
COMMAND: POST /session/2dec2e3c010038984a3a166ea9fbc264/execute/async - {"script":"<script> [776 bytes]","args":[{"enterText":"550","selector":{"id":"application-yardoverview-display-component---masterYardInventory--smartFilterBar-btnBasicSearch","interaction":{"idSuffix":"I"}},"clearTextFirst":true,"interactionType":"ENTER_TEXT"}]}
RESULT: {"script":"<script> [776 bytes]","args":[{"enterText":"550","selector":{"id":"application-yardoverview-display-component---masterYardInventory--smartFilterBar-btnBasicSearch","interaction":{"idSuffix":"I"}},"clearTextFirst":true,"interactionType":"ENTER_TEXT"}]}
COMMAND: POST /session/2dec2e3c010038984a3a166ea9fbc264/actions - {"actions":[{"id":"action16","type":"key","parameters":{},"actions":[{"type":"keyDown","value":""},{"type":"pause","duration":10},{"type":"keyUp","value":""}]}]}
RESULT: {"actions":[{"id":"action16","type":"key","parameters":{},"actions":[{"type":"keyDown","value":""},{"type":"pause","duration":10},{"type":"keyUp","value":""}]}]}
COMMAND: GET /session/2dec2e3c010038984a3a166ea9fbc264/screenshot - {}
RESULT: {}
COMMAND: POST /session/2dec2e3c010038984a3a166ea9fbc264/execute/async - {"script":"<script> [1562 bytes]","args":[{"selector":{"controlType":"sap.m.Text","viewName":"etm.portal.ui.yardoverview.view.Master","viewId":"application-yardoverview-display-component---masterYardInventory","bindingPath":{"propertyPath":"ID"}},"wdio_ui5_key":"etmportal.ui.yardoverview.view.Mastersap.m.Text{\"propertyPath\":\"ID\"}"}]}
RESULT: {"script":"<script> [1562 bytes]","args":[{"selector":{"controlType":"sap.m.Text","viewName":"etm.portal.ui.yardoverview.view.Master","viewId":"application-yardoverview-display-component---masterYardInventory","bindingPath":{"propertyPath":"ID"}},"wdio_ui5_key":"etmportal.ui.yardoverview.view.Mastersap.m.Text{\"propertyPath\":\"ID\"}"}]}
RESULT: undefined
COMMAND: POST /session/2dec2e3c010038984a3a166ea9fbc264/element - {"using":"xpath","value":"//*[@id=\"__text982-__clone3452\"]"}
RESULT: {"using":"xpath","value":"//*[@id=\"__text982-__clone3452\"]"}
COMMAND: POST /session/2dec2e3c010038984a3a166ea9fbc264/element/f.D0EFFAE4382B1008F4D483A8F066EB66.d.55F49E464FAD0B4500F4B9C5000A60D5.e.5454/click - {}
RESULT: {}
COMMAND: GET /session/2dec2e3c010038984a3a166ea9fbc264/screenshot - {}
RESULT: {}
COMMAND: POST /session/2dec2e3c010038984a3a166ea9fbc264/execute/async - {"script":"<script> [1562 bytes]","args":[{"selector":{"id":"application-yardoverview-display-component---detailYardInventory--ObjectPageLayout-anchBar-application-yardoverview-display-component---detailYardInventory--openRequestsSection-anchor","interaction":{"idSuffix":"BDI-content"}},"wdio_ui5_key":"applicationyardoverview-display-component---detailYardInventory--ObjectPageLayout-anchBar-application-yardoverview-display-component---detailYardInventory--openRequestsSection-anchor"}]}
RESULT: {"script":"<script> [1562 bytes]","args":[{"selector":{"id":"application-yardoverview-display-component---detailYardInventory--ObjectPageLayout-anchBar-application-yardoverview-display-component---detailYardInventory--openRequestsSection-anchor","interaction":{"idSuffix":"BDI-content"}},"wdio_ui5_key":"applicationyardoverview-display-component---detailYardInventory--ObjectPageLayout-anchBar-application-yardoverview-display-component---detailYardInventory--openRequestsSection-anchor"}]}
RESULT: undefined
COMMAND: POST /session/2dec2e3c010038984a3a166ea9fbc264/element - {"using":"xpath","value":"//*[@id=\"application-yardoverview-display-component---detailYardInventory--ObjectPageLayout-anchBar-application-yardoverview-display-component---detailYardInventory--openRequestsSection-anchor\"]"}
RESULT: {"using":"xpath","value":"//*[@id=\"application-yardoverview-display-component---detailYardInventory--ObjectPageLayout-anchBar-application-yardoverview-display-component---detailYardInventory--openRequestsSection-anchor\"]"}
COMMAND: POST /session/2dec2e3c010038984a3a166ea9fbc264/element/f.D0EFFAE4382B1008F4D483A8F066EB66.d.55F49E464FAD0B4500F4B9C5000A60D5.e.5545/click - {}
RESULT: {}
COMMAND: GET /session/2dec2e3c010038984a3a166ea9fbc264/screenshot - {}
RESULT: {}
COMMAND: POST /session/2dec2e3c010038984a3a166ea9fbc264/element - {"using":"xpath","value":"//input[contains(@aria-labelledby ,\"INTERNAL_GROUP-request\")]"}
RESULT: {"using":"xpath","value":"//input[contains(@aria-labelledby ,\"INTERNAL_GROUP-request\")]"}
COMMAND: POST /session/2dec2e3c010038984a3a166ea9fbc264/element/f.D0EFFAE4382B1008F4D483A8F066EB66.d.55F49E464FAD0B4500F4B9C5000A60D5.e.5556/clear - {}
RESULT: {}
COMMAND: POST /session/2dec2e3c010038984a3a166ea9fbc264/element/f.D0EFFAE4382B1008F4D483A8F066EB66.d.55F49E464FAD0B4500F4B9C5000A60D5.e.5556/value - {"text":"20204"}
COMMAND: GET /session/2dec2e3c010038984a3a166ea9fbc264/screenshot - {}
RESULT: {"text":"20204"}
COMMAND: GET /session/2dec2e3c010038984a3a166ea9fbc264/screenshot - {}
RESULT: {}
RESULT: {}
COMMAND: POST /session/2dec2e3c010038984a3a166ea9fbc264/actions - {"actions":[{"id":"action17","type":"key","parameters":{},"actions":[{"type":"keyDown","value":""},{"type":"pause","duration":10},{"type":"keyUp","value":""}]}]}
RESULT: {"actions":[{"id":"action17","type":"key","parameters":{},"actions":[{"type":"keyDown","value":""},{"type":"pause","duration":10},{"type":"keyUp","value":""}]}]}
COMMAND: POST /session/2dec2e3c010038984a3a166ea9fbc264/element - {"using":"xpath","value":"//button[contains(@id,\"openRequests-triggerAction-autoplanBtn\")]"}
COMMAND: GET /session/2dec2e3c010038984a3a166ea9fbc264/screenshot - {}
RESULT: {"using":"xpath","value":"//button[contains(@id,\"openRequests-triggerAction-autoplanBtn\")]"}
COMMAND: POST /session/2dec2e3c010038984a3a166ea9fbc264/element/f.D0EFFAE4382B1008F4D483A8F066EB66.d.55F49E464FAD0B4500F4B9C5000A60D5.e.5576/click - {}
RESULT: {}
RESULT: {}
COMMAND: GET /session/2dec2e3c010038984a3a166ea9fbc264/screenshot - {}
RESULT: {}
COMMAND: POST /session/2dec2e3c010038984a3a166ea9fbc264/execute/async - {"script":"<script> [1562 bytes]","args":[{"selector":{"id":"application-yardoverview-display-component---detailYardInventory--customRequestsTable-sa","interaction":{"idSuffix":"CbBg"}},"wdio_ui5_key":"applicationyardoverview-display-component---detailYardInventory--customRequestsTable-sa"}]}
RESULT: {"script":"<script> [1562 bytes]","args":[{"selector":{"id":"application-yardoverview-display-component---detailYardInventory--customRequestsTable-sa","interaction":{"idSuffix":"CbBg"}},"wdio_ui5_key":"applicationyardoverview-display-component---detailYardInventory--customRequestsTable-sa"}]}
RESULT: undefined
COMMAND: POST /session/2dec2e3c010038984a3a166ea9fbc264/element - {"using":"xpath","value":"//*[@id=\"application-yardoverview-display-component---detailYardInventory--customRequestsTable-sa\"]"}
RESULT: {"using":"xpath","value":"//*[@id=\"application-yardoverview-display-component---detailYardInventory--customRequestsTable-sa\"]"}
COMMAND: POST /session/2dec2e3c010038984a3a166ea9fbc264/element/f.D0EFFAE4382B1008F4D483A8F066EB66.d.55F49E464FAD0B4500F4B9C5000A60D5.e.5599/click - {}
RESULT: {}
COMMAND: GET /session/2dec2e3c010038984a3a166ea9fbc264/screenshot - {}
RESULT: {}
COMMAND: POST /session/2dec2e3c010038984a3a166ea9fbc264/element - {"using":"xpath","value":"//button[contains(@id,\"openRequests-triggerAction-autoplanBtn\")]"}
RESULT: {"using":"xpath","value":"//button[contains(@id,\"openRequests-triggerAction-autoplanBtn\")]"}
COMMAND: POST /session/2dec2e3c010038984a3a166ea9fbc264/element/f.D0EFFAE4382B1008F4D483A8F066EB66.d.55F49E464FAD0B4500F4B9C5000A60D5.e.5576/click - {}
RESULT: {}
COMMAND: GET /session/2dec2e3c010038984a3a166ea9fbc264/screenshot - {}
RESULT: {}
COMMAND: POST /session/2dec2e3c010038984a3a166ea9fbc264/element - {"using":"xpath","value":"//button[.//bdi[contains(text(),\"OK\")]]"}
RESULT: {"using":"xpath","value":"//button[.//bdi[contains(text(),\"OK\")]]"}
COMMAND: POST /session/2dec2e3c010038984a3a166ea9fbc264/element/f.D0EFFAE4382B1008F4D483A8F066EB66.d.55F49E464FAD0B4500F4B9C5000A60D5.e.5600/click - {}
RESULT: {}
COMMAND: GET /session/2dec2e3c010038984a3a166ea9fbc264/screenshot - {}
RESULT: {}
COMMAND: POST /session/2dec2e3c010038984a3a166ea9fbc264/execute/async - {"script":"<script> [1562 bytes]","args":[{"selector":{"id":"application-yardoverview-display-component---detailYardInventory--refreshOpenRequests-img"},"wdio_ui5_key":"applicationyardoverview-display-component---detailYardInventory--refreshOpenRequests-img"}]}
RESULT: {"script":"<script> [1562 bytes]","args":[{"selector":{"id":"application-yardoverview-display-component---detailYardInventory--refreshOpenRequests-img"},"wdio_ui5_key":"applicationyardoverview-display-component---detailYardInventory--refreshOpenRequests-img"}]}
RESULT: undefined
COMMAND: POST /session/2dec2e3c010038984a3a166ea9fbc264/element - {"using":"xpath","value":"//*[@id=\"application-yardoverview-display-component---detailYardInventory--refreshOpenRequests-img\"]"}
RESULT: {"using":"xpath","value":"//*[@id=\"application-yardoverview-display-component---detailYardInventory--refreshOpenRequests-img\"]"}
COMMAND: POST /session/2dec2e3c010038984a3a166ea9fbc264/element/f.D0EFFAE4382B1008F4D483A8F066EB66.d.55F49E464FAD0B4500F4B9C5000A60D5.e.5602/click - {}
RESULT: {}
COMMAND: GET /session/2dec2e3c010038984a3a166ea9fbc264/screenshot - {}
RESULT: {}
COMMAND: POST /session/2dec2e3c010038984a3a166ea9fbc264/execute/async - {"script":"<script> [1562 bytes]","args":[{"selector":{"id":"application-yardoverview-display-component---detailYardInventory--ObjectPageLayout-anchBar-application-yardoverview-display-component---detailYardInventory--openProvidesSection-anchor","interaction":{"idSuffix":"BDI-content"}},"wdio_ui5_key":"applicationyardoverview-display-component---detailYardInventory--ObjectPageLayout-anchBar-application-yardoverview-display-component---detailYardInventory--openProvidesSection-anchor"}]}
RESULT: {"script":"<script> [1562 bytes]","args":[{"selector":{"id":"application-yardoverview-display-component---detailYardInventory--ObjectPageLayout-anchBar-application-yardoverview-display-component---detailYardInventory--openProvidesSection-anchor","interaction":{"idSuffix":"BDI-content"}},"wdio_ui5_key":"applicationyardoverview-display-component---detailYardInventory--ObjectPageLayout-anchBar-application-yardoverview-display-component---detailYardInventory--openProvidesSection-anchor"}]}
RESULT: undefined
COMMAND: POST /session/2dec2e3c010038984a3a166ea9fbc264/element - {"using":"xpath","value":"//*[@id=\"application-yardoverview-display-component---detailYardInventory--ObjectPageLayout-anchBar-application-yardoverview-display-component---detailYardInventory--openProvidesSection-anchor\"]"}
RESULT: {"using":"xpath","value":"//*[@id=\"application-yardoverview-display-component---detailYardInventory--ObjectPageLayout-anchBar-application-yardoverview-display-component---detailYardInventory--openProvidesSection-anchor\"]"}
COMMAND: POST /session/2dec2e3c010038984a3a166ea9fbc264/element/f.D0EFFAE4382B1008F4D483A8F066EB66.d.55F49E464FAD0B4500F4B9C5000A60D5.e.5606/click - {}
RESULT: {}
COMMAND: GET /session/2dec2e3c010038984a3a166ea9fbc264/screenshot - {}
RESULT: {}
COMMAND: POST /session/2dec2e3c010038984a3a166ea9fbc264/element - {"using":"css selector","value":"#shell-header-logo"}
RESULT: {"using":"css selector","value":"#shell-header-logo"}
COMMAND: POST /session/2dec2e3c010038984a3a166ea9fbc264/element/f.D0EFFAE4382B1008F4D483A8F066EB66.d.55F49E464FAD0B4500F4B9C5000A60D5.e.5383/click - {}
RESULT: {}
COMMAND: GET /session/2dec2e3c010038984a3a166ea9fbc264/screenshot - {}
RESULT: {}
RESULT: undefined
COMMAND: POST /session/2dec2e3c010038984a3a166ea9fbc264/element - {"using":"xpath","value":"//*[@id=\"__tile47\"]"}
RESULT: {"using":"xpath","value":"//*[@id=\"__tile47\"]"}
COMMAND: POST /session/2dec2e3c010038984a3a166ea9fbc264/element/f.D0EFFAE4382B1008F4D483A8F066EB66.d.55F49E464FAD0B4500F4B9C5000A60D5.e.4020/click - {}
RESULT: {}
COMMAND: GET /session/2dec2e3c010038984a3a166ea9fbc264/screenshot - {}
RESULT: {}
COMMAND: POST /session/2dec2e3c010038984a3a166ea9fbc264/elements - {"using":"xpath","value":"//span[text()='Error']"}
RESULT: {"using":"xpath","value":"//span[text()='Error']"}
COMMAND: POST /session/2dec2e3c010038984a3a166ea9fbc264/execute/async - {"script":"<script> [1562 bytes]","args":[{"selector":{"controlType":"sap.m.SearchField","viewName":"etm.portal.ui.managerequests.view.Master","bindingPath":{"path":"","propertyPath":"/_BASIC_SEARCH_FIELD","modelName":"fi1t3rM0d31"},"interaction":{"idSuffix":"I"}},"wdio_ui5_key":"etmportal.ui.managerequests.view.Mastersap.m.SearchField{\"path\":\"\",\"propertyPath\":\"/_BASIC_SEARCH_FIELD\",\"modelName\":\"fi1t3rM0d31\"}"}]}
RESULT: {"script":"<script> [1562 bytes]","args":[{"selector":{"controlType":"sap.m.SearchField","viewName":"etm.portal.ui.managerequests.view.Master","bindingPath":{"path":"","propertyPath":"/_BASIC_SEARCH_FIELD","modelName":"fi1t3rM0d31"},"interaction":{"idSuffix":"I"}},"wdio_ui5_key":"etmportal.ui.managerequests.view.Mastersap.m.SearchField{\"path\":\"\",\"propertyPath\":\"/_BASIC_SEARCH_FIELD\",\"modelName\":\"fi1t3rM0d31\"}"}]}
RESULT: undefined
COMMAND: POST /session/2dec2e3c010038984a3a166ea9fbc264/execute/async - {"script":"<script> [776 bytes]","args":[{"enterText":"20204","selector":{"controlType":"sap.m.SearchField","viewName":"etm.portal.ui.managerequests.view.Master","bindingPath":{"path":"","propertyPath":"/_BASIC_SEARCH_FIELD","modelName":"fi1t3rM0d31"},"interaction":{"idSuffix":"I"}},"clearTextFirst":true,"interactionType":"ENTER_TEXT"}]}
RESULT: {"script":"<script> [776 bytes]","args":[{"enterText":"20204","selector":{"controlType":"sap.m.SearchField","viewName":"etm.portal.ui.managerequests.view.Master","bindingPath":{"path":"","propertyPath":"/_BASIC_SEARCH_FIELD","modelName":"fi1t3rM0d31"},"interaction":{"idSuffix":"I"}},"clearTextFirst":true,"interactionType":"ENTER_TEXT"}]}
COMMAND: POST /session/2dec2e3c010038984a3a166ea9fbc264/actions - {"actions":[{"id":"action18","type":"key","parameters":{},"actions":[{"type":"keyDown","value":""},{"type":"pause","duration":10},{"type":"keyUp","value":""}]}]}
RESULT: {"actions":[{"id":"action18","type":"key","parameters":{},"actions":[{"type":"keyDown","value":""},{"type":"pause","duration":10},{"type":"keyUp","value":""}]}]}
COMMAND: GET /session/2dec2e3c010038984a3a166ea9fbc264/screenshot - {}
RESULT: {}
COMMAND: POST /session/2dec2e3c010038984a3a166ea9fbc264/execute/async - {"script":"<script> [1562 bytes]","args":[{"selector":{"controlType":"sap.m.ObjectNumber","viewName":"etm.portal.ui.managerequests.view.Master","bindingPath":{"propertyPath":"IN_USE_FOR"},"interaction":{"idSuffix":"number"}},"wdio_ui5_key":"etmportal.ui.managerequests.view.Mastersap.m.ObjectNumber{\"propertyPath\":\"IN_USE_FOR\"}"}]}
RESULT: {"script":"<script> [1562 bytes]","args":[{"selector":{"controlType":"sap.m.ObjectNumber","viewName":"etm.portal.ui.managerequests.view.Master","bindingPath":{"propertyPath":"IN_USE_FOR"},"interaction":{"idSuffix":"number"}},"wdio_ui5_key":"etmportal.ui.managerequests.view.Mastersap.m.ObjectNumber{\"propertyPath\":\"IN_USE_FOR\"}"}]}
RESULT: undefined
COMMAND: POST /session/2dec2e3c010038984a3a166ea9fbc264/element - {"using":"xpath","value":"//*[@id=\"__number8-__clone3593\"]"}
RESULT: {"using":"xpath","value":"//*[@id=\"__number8-__clone3593\"]"}
COMMAND: POST /session/2dec2e3c010038984a3a166ea9fbc264/element/f.D0EFFAE4382B1008F4D483A8F066EB66.d.55F49E464FAD0B4500F4B9C5000A60D5.e.5745/click - {}
RESULT: {}
COMMAND: POST /session/2dec2e3c010038984a3a166ea9fbc264/execute/async - {"script":"<script> [1562 bytes]","args":[{"selector":{"controlType":"sap.m.ObjectStatus","viewName":"etm.portal.ui.managerequests.view.Detail","bindingPath":{"propertyPath":"LINK_TO_STATUS/DESCRIPTION","modelName":"catalogModel"}},"wdio_ui5_key":"etmportal.ui.managerequests.view.Detailsap.m.ObjectStatus{\"propertyPath\":\"LINK_TO_STATUS/DESCRIPTION\",\"modelName\":\"catalogModel\"}"}]}
COMMAND: GET /session/2dec2e3c010038984a3a166ea9fbc264/screenshot - {}
RESULT: {"script":"<script> [1562 bytes]","args":[{"selector":{"controlType":"sap.m.ObjectStatus","viewName":"etm.portal.ui.managerequests.view.Detail","bindingPath":{"propertyPath":"LINK_TO_STATUS/DESCRIPTION","modelName":"catalogModel"}},"wdio_ui5_key":"etmportal.ui.managerequests.view.Detailsap.m.ObjectStatus{\"propertyPath\":\"LINK_TO_STATUS/DESCRIPTION\",\"modelName\":\"catalogModel\"}"}]}
RESULT: undefined
COMMAND: POST /session/2dec2e3c010038984a3a166ea9fbc264/execute/async - {"script":"<script> [6424 bytes]","args":[{"element-6066-11e4-a52e-4f735466cecf":"f.D0EFFAE4382B1008F4D483A8F066EB66.d.55F49E464FAD0B4500F4B9C5000A60D5.e.5945"},"getText",[]]}
RESULT: {}
RESULT: {"script":"<script> [6424 bytes]","args":[{"element-6066-11e4-a52e-4f735466cecf":"f.D0EFFAE4382B1008F4D483A8F066EB66.d.55F49E464FAD0B4500F4B9C5000A60D5.e.5945"},"getText",[]]}
COMMAND: POST /session/2dec2e3c010038984a3a166ea9fbc264/element - {"using":"css selector","value":"#shell-header-logo"}
RESULT: {"using":"css selector","value":"#shell-header-logo"}
COMMAND: POST /session/2dec2e3c010038984a3a166ea9fbc264/element/f.D0EFFAE4382B1008F4D483A8F066EB66.d.55F49E464FAD0B4500F4B9C5000A60D5.e.5624/click - {}
RESULT: {}
COMMAND: GET /session/2dec2e3c010038984a3a166ea9fbc264/screenshot - {}
RESULT: {}
COMMAND: DELETE /session/2dec2e3c010038984a3a166ea9fbc264 - {}
RESULT: {}
]]></system-out>
    </testcase>
  </testsuite>
</testsuites>