<?xml version="1.0" encoding="UTF-8"?>
<testsuites tests="82" failures="39" errors="39" skipped="0">
  <testsuite timestamp="2025-05-13T07:13:10" time="632.727" tests="8" failures="1" errors="1" skipped="0">
    <properties>
      <property name="specId" value="0" />
      <property name="suiteName" value="Stock increase - with WHM US125587" />
      <property name="capabilities" value="chrome.136_0_7103_49.windows" />
      <property name="file" value="file:///D:/a/1/s/test/specs/HTR/stock-increase.spec.js" />
    </properties>
    <testcase classname="chrome.136_0_7103_49.windows.Stock_increase_-_with_WHM_US125587" name="Should create a new WHM yard" time="101.809">
      <system-out><![CDATA[
COMMAND: POST /session/293c5cce68a4e627b0c1e3a644c6160b/window/fullscreen - {}
RESULT: {}
COMMAND: POST /session/293c5cce68a4e627b0c1e3a644c6160b/execute/async - {"script":"<script> [1562 bytes]","args":[{"selector":{"controlType":"sap.m.GenericTile","properties":{"header":"Manage Yards"}},"wdio_ui5_key":"sapm.GenericTile{\"header\":\"Manage Yards\"}"}]}
RESULT: {"script":"<script> [1562 bytes]","args":[{"selector":{"controlType":"sap.m.GenericTile","properties":{"header":"Manage Yards"}},"wdio_ui5_key":"sapm.GenericTile{\"header\":\"Manage Yards\"}"}]}
RESULT: undefined
COMMAND: POST /session/293c5cce68a4e627b0c1e3a644c6160b/element - {"using":"xpath","value":"//*[@id=\"__tile41\"]"}
RESULT: {"using":"xpath","value":"//*[@id=\"__tile41\"]"}
COMMAND: POST /session/293c5cce68a4e627b0c1e3a644c6160b/element/f.01782A26726534229B57CD9AA69B47B8.d.C40DEA3E9D044D8B30BE60E458BB1BF1.e.130/click - {}
RESULT: {}
COMMAND: POST /session/293c5cce68a4e627b0c1e3a644c6160b/element - {"using":"xpath","value":"//button[@data-kt=\"addNewYardOverflowToolbarButton\"]"}
COMMAND: GET /session/293c5cce68a4e627b0c1e3a644c6160b/screenshot - {}
RESULT: {"using":"xpath","value":"//button[@data-kt=\"addNewYardOverflowToolbarButton\"]"}
COMMAND: POST /session/293c5cce68a4e627b0c1e3a644c6160b/elements - {"using":"xpath","value":"//button[@data-kt=\"addNewYardOverflowToolbarButton\"]"}
RESULT: {}
RESULT: {"using":"xpath","value":"//button[@data-kt=\"addNewYardOverflowToolbarButton\"]"}
COMMAND: POST /session/293c5cce68a4e627b0c1e3a644c6160b/elements - {"using":"xpath","value":"//button[@data-kt=\"addNewYardOverflowToolbarButton\"]"}
RESULT: {"using":"xpath","value":"//button[@data-kt=\"addNewYardOverflowToolbarButton\"]"}
COMMAND: POST /session/293c5cce68a4e627b0c1e3a644c6160b/elements - {"using":"xpath","value":"//button[@data-kt=\"addNewYardOverflowToolbarButton\"]"}
RESULT: {"using":"xpath","value":"//button[@data-kt=\"addNewYardOverflowToolbarButton\"]"}
COMMAND: POST /session/293c5cce68a4e627b0c1e3a644c6160b/elements - {"using":"xpath","value":"//button[@data-kt=\"addNewYardOverflowToolbarButton\"]"}
RESULT: {"using":"xpath","value":"//button[@data-kt=\"addNewYardOverflowToolbarButton\"]"}
COMMAND: POST /session/293c5cce68a4e627b0c1e3a644c6160b/elements - {"using":"xpath","value":"//button[@data-kt=\"addNewYardOverflowToolbarButton\"]"}
RESULT: {"using":"xpath","value":"//button[@data-kt=\"addNewYardOverflowToolbarButton\"]"}
COMMAND: POST /session/293c5cce68a4e627b0c1e3a644c6160b/elements - {"using":"xpath","value":"//button[@data-kt=\"addNewYardOverflowToolbarButton\"]"}
RESULT: {"using":"xpath","value":"//button[@data-kt=\"addNewYardOverflowToolbarButton\"]"}
COMMAND: POST /session/293c5cce68a4e627b0c1e3a644c6160b/elements - {"using":"xpath","value":"//button[@data-kt=\"addNewYardOverflowToolbarButton\"]"}
RESULT: {"using":"xpath","value":"//button[@data-kt=\"addNewYardOverflowToolbarButton\"]"}
COMMAND: POST /session/293c5cce68a4e627b0c1e3a644c6160b/elements - {"using":"xpath","value":"//button[@data-kt=\"addNewYardOverflowToolbarButton\"]"}
RESULT: {"using":"xpath","value":"//button[@data-kt=\"addNewYardOverflowToolbarButton\"]"}
COMMAND: POST /session/293c5cce68a4e627b0c1e3a644c6160b/elements - {"using":"xpath","value":"//button[@data-kt=\"addNewYardOverflowToolbarButton\"]"}
RESULT: {"using":"xpath","value":"//button[@data-kt=\"addNewYardOverflowToolbarButton\"]"}
COMMAND: POST /session/293c5cce68a4e627b0c1e3a644c6160b/elements - {"using":"xpath","value":"//button[@data-kt=\"addNewYardOverflowToolbarButton\"]"}
RESULT: {"using":"xpath","value":"//button[@data-kt=\"addNewYardOverflowToolbarButton\"]"}
COMMAND: POST /session/293c5cce68a4e627b0c1e3a644c6160b/elements - {"using":"xpath","value":"//button[@data-kt=\"addNewYardOverflowToolbarButton\"]"}
RESULT: {"using":"xpath","value":"//button[@data-kt=\"addNewYardOverflowToolbarButton\"]"}
COMMAND: POST /session/293c5cce68a4e627b0c1e3a644c6160b/elements - {"using":"xpath","value":"//button[@data-kt=\"addNewYardOverflowToolbarButton\"]"}
RESULT: {"using":"xpath","value":"//button[@data-kt=\"addNewYardOverflowToolbarButton\"]"}
COMMAND: POST /session/293c5cce68a4e627b0c1e3a644c6160b/elements - {"using":"xpath","value":"//button[@data-kt=\"addNewYardOverflowToolbarButton\"]"}
RESULT: {"using":"xpath","value":"//button[@data-kt=\"addNewYardOverflowToolbarButton\"]"}
COMMAND: POST /session/293c5cce68a4e627b0c1e3a644c6160b/elements - {"using":"xpath","value":"//button[@data-kt=\"addNewYardOverflowToolbarButton\"]"}
RESULT: {"using":"xpath","value":"//button[@data-kt=\"addNewYardOverflowToolbarButton\"]"}
COMMAND: POST /session/293c5cce68a4e627b0c1e3a644c6160b/elements - {"using":"xpath","value":"//button[@data-kt=\"addNewYardOverflowToolbarButton\"]"}
RESULT: {"using":"xpath","value":"//button[@data-kt=\"addNewYardOverflowToolbarButton\"]"}
COMMAND: POST /session/293c5cce68a4e627b0c1e3a644c6160b/elements - {"using":"xpath","value":"//button[@data-kt=\"addNewYardOverflowToolbarButton\"]"}
RESULT: {"using":"xpath","value":"//button[@data-kt=\"addNewYardOverflowToolbarButton\"]"}
COMMAND: POST /session/293c5cce68a4e627b0c1e3a644c6160b/elements - {"using":"xpath","value":"//button[@data-kt=\"addNewYardOverflowToolbarButton\"]"}
RESULT: {"using":"xpath","value":"//button[@data-kt=\"addNewYardOverflowToolbarButton\"]"}
COMMAND: POST /session/293c5cce68a4e627b0c1e3a644c6160b/elements - {"using":"xpath","value":"//button[@data-kt=\"addNewYardOverflowToolbarButton\"]"}
RESULT: {"using":"xpath","value":"//button[@data-kt=\"addNewYardOverflowToolbarButton\"]"}
COMMAND: POST /session/293c5cce68a4e627b0c1e3a644c6160b/element - {"using":"xpath","value":"//button[@data-kt=\"addNewYardOverflowToolbarButton\"]"}
RESULT: {"using":"xpath","value":"//button[@data-kt=\"addNewYardOverflowToolbarButton\"]"}
COMMAND: POST /session/293c5cce68a4e627b0c1e3a644c6160b/execute/sync - {"script":"<script> [8489 bytes]","args":[{"element-6066-11e4-a52e-4f735466cecf":"f.01782A26726534229B57CD9AA69B47B8.d.C40DEA3E9D044D8B30BE60E458BB1BF1.e.267","ELEMENT":"f.01782A26726534229B57CD9AA69B47B8.d.C40DEA3E9D044D8B30BE60E458BB1BF1.e.267"}]}
RESULT: {"script":"<script> [8489 bytes]","args":[{"element-6066-11e4-a52e-4f735466cecf":"f.01782A26726534229B57CD9AA69B47B8.d.C40DEA3E9D044D8B30BE60E458BB1BF1.e.267","ELEMENT":"f.01782A26726534229B57CD9AA69B47B8.d.C40DEA3E9D044D8B30BE60E458BB1BF1.e.267"}]}
COMMAND: GET /session/293c5cce68a4e627b0c1e3a644c6160b/element/f.01782A26726534229B57CD9AA69B47B8.d.C40DEA3E9D044D8B30BE60E458BB1BF1.e.267/enabled - {}
COMMAND: GET /session/293c5cce68a4e627b0c1e3a644c6160b/screenshot - {}
RESULT: {}
COMMAND: POST /session/293c5cce68a4e627b0c1e3a644c6160b/execute/sync - {"script":"<script> [8489 bytes]","args":[{"element-6066-11e4-a52e-4f735466cecf":"f.01782A26726534229B57CD9AA69B47B8.d.C40DEA3E9D044D8B30BE60E458BB1BF1.e.267","ELEMENT":"f.01782A26726534229B57CD9AA69B47B8.d.C40DEA3E9D044D8B30BE60E458BB1BF1.e.267"}]}
COMMAND: GET /session/293c5cce68a4e627b0c1e3a644c6160b/screenshot - {}
RESULT: {}
RESULT: {"script":"<script> [8489 bytes]","args":[{"element-6066-11e4-a52e-4f735466cecf":"f.01782A26726534229B57CD9AA69B47B8.d.C40DEA3E9D044D8B30BE60E458BB1BF1.e.267","ELEMENT":"f.01782A26726534229B57CD9AA69B47B8.d.C40DEA3E9D044D8B30BE60E458BB1BF1.e.267"}]}
COMMAND: POST /session/293c5cce68a4e627b0c1e3a644c6160b/execute/sync - {"script":"<script> [5351 bytes]","args":[{"element-6066-11e4-a52e-4f735466cecf":"f.01782A26726534229B57CD9AA69B47B8.d.C40DEA3E9D044D8B30BE60E458BB1BF1.e.267","ELEMENT":"f.01782A26726534229B57CD9AA69B47B8.d.C40DEA3E9D044D8B30BE60E458BB1BF1.e.267"}]}
COMMAND: GET /session/293c5cce68a4e627b0c1e3a644c6160b/screenshot - {}
RESULT: {}
RESULT: {"script":"<script> [5351 bytes]","args":[{"element-6066-11e4-a52e-4f735466cecf":"f.01782A26726534229B57CD9AA69B47B8.d.C40DEA3E9D044D8B30BE60E458BB1BF1.e.267","ELEMENT":"f.01782A26726534229B57CD9AA69B47B8.d.C40DEA3E9D044D8B30BE60E458BB1BF1.e.267"}]}
COMMAND: POST /session/293c5cce68a4e627b0c1e3a644c6160b/element/f.01782A26726534229B57CD9AA69B47B8.d.C40DEA3E9D044D8B30BE60E458BB1BF1.e.267/click - {}
COMMAND: GET /session/293c5cce68a4e627b0c1e3a644c6160b/screenshot - {}
RESULT: {}
RESULT: {}
COMMAND: GET /session/293c5cce68a4e627b0c1e3a644c6160b/screenshot - {}
RESULT: {}
RESULT: {}
COMMAND: POST /session/293c5cce68a4e627b0c1e3a644c6160b/element - {"using":"xpath","value":"//input[@id=\"application-manageyards-display-component---NewYard--yardId-inner\"]"}
RESULT: {"using":"xpath","value":"//input[@id=\"application-manageyards-display-component---NewYard--yardId-inner\"]"}
COMMAND: POST /session/293c5cce68a4e627b0c1e3a644c6160b/element - {"using":"xpath","value":"//input[@id=\"application-manageyards-display-component---NewYard--yardId-inner\"]"}
RESULT: {"using":"xpath","value":"//input[@id=\"application-manageyards-display-component---NewYard--yardId-inner\"]"}
COMMAND: POST /session/293c5cce68a4e627b0c1e3a644c6160b/execute/async - {"script":"<script> [1562 bytes]","args":[{"selector":{"id":"application-manageyards-display-component---NewYard--addressDetailDetailsName1","interaction":{"idSuffix":"inner"}},"wdio_ui5_key":"applicationmanageyards-display-component---NewYard--addressDetailDetailsName1"}]}
RESULT: {"script":"<script> [1562 bytes]","args":[{"selector":{"id":"application-manageyards-display-component---NewYard--addressDetailDetailsName1","interaction":{"idSuffix":"inner"}},"wdio_ui5_key":"applicationmanageyards-display-component---NewYard--addressDetailDetailsName1"}]}
RESULT: undefined
COMMAND: POST /session/293c5cce68a4e627b0c1e3a644c6160b/execute/async - {"script":"<script> [776 bytes]","args":[{"enterText":"Warehouse Managed WDIO","selector":{"id":"application-manageyards-display-component---NewYard--addressDetailDetailsName1","interaction":{"idSuffix":"inner"}},"clearTextFirst":true,"interactionType":"ENTER_TEXT"}]}
RESULT: {"script":"<script> [776 bytes]","args":[{"enterText":"Warehouse Managed WDIO","selector":{"id":"application-manageyards-display-component---NewYard--addressDetailDetailsName1","interaction":{"idSuffix":"inner"}},"clearTextFirst":true,"interactionType":"ENTER_TEXT"}]}
COMMAND: POST /session/293c5cce68a4e627b0c1e3a644c6160b/execute/async - {"script":"<script> [1562 bytes]","args":[{"selector":{"id":"application-manageyards-display-component---NewYard--addressDetailDetailsLanguage-arrow"},"wdio_ui5_key":"applicationmanageyards-display-component---NewYard--addressDetailDetailsLanguage-arrow"}]}
RESULT: {"script":"<script> [1562 bytes]","args":[{"selector":{"id":"application-manageyards-display-component---NewYard--addressDetailDetailsLanguage-arrow"},"wdio_ui5_key":"applicationmanageyards-display-component---NewYard--addressDetailDetailsLanguage-arrow"}]}
RESULT: undefined
COMMAND: POST /session/293c5cce68a4e627b0c1e3a644c6160b/element - {"using":"xpath","value":"//*[@id=\"application-manageyards-display-component---NewYard--addressDetailDetailsLanguage-arrow\"]"}
RESULT: {"using":"xpath","value":"//*[@id=\"application-manageyards-display-component---NewYard--addressDetailDetailsLanguage-arrow\"]"}
COMMAND: POST /session/293c5cce68a4e627b0c1e3a644c6160b/element/f.01782A26726534229B57CD9AA69B47B8.d.C40DEA3E9D044D8B30BE60E458BB1BF1.e.681/click - {}
RESULT: {}
COMMAND: POST /session/293c5cce68a4e627b0c1e3a644c6160b/element - {"using":"xpath","value":"//span[contains(text(), \"English\")]"}
COMMAND: GET /session/293c5cce68a4e627b0c1e3a644c6160b/screenshot - {}
RESULT: {"using":"xpath","value":"//span[contains(text(), \"English\")]"}
COMMAND: POST /session/293c5cce68a4e627b0c1e3a644c6160b/element/f.01782A26726534229B57CD9AA69B47B8.d.C40DEA3E9D044D8B30BE60E458BB1BF1.e.682/click - {}
RESULT: {}
RESULT: {}
COMMAND: POST /session/293c5cce68a4e627b0c1e3a644c6160b/execute/async - {"script":"<script> [1562 bytes]","args":[{"selector":{"id":"application-manageyards-display-component---NewYard--addressDetailDetailsCity1","interaction":{"idSuffix":"inner"}},"wdio_ui5_key":"applicationmanageyards-display-component---NewYard--addressDetailDetailsCity1"}]}
COMMAND: GET /session/293c5cce68a4e627b0c1e3a644c6160b/screenshot - {}
RESULT: {"script":"<script> [1562 bytes]","args":[{"selector":{"id":"application-manageyards-display-component---NewYard--addressDetailDetailsCity1","interaction":{"idSuffix":"inner"}},"wdio_ui5_key":"applicationmanageyards-display-component---NewYard--addressDetailDetailsCity1"}]}
RESULT: undefined
COMMAND: POST /session/293c5cce68a4e627b0c1e3a644c6160b/execute/async - {"script":"<script> [776 bytes]","args":[{"enterText":"Rosario","selector":{"id":"application-manageyards-display-component---NewYard--addressDetailDetailsCity1","interaction":{"idSuffix":"inner"}},"clearTextFirst":true,"interactionType":"ENTER_TEXT"}]}
RESULT: {}
RESULT: {"script":"<script> [776 bytes]","args":[{"enterText":"Rosario","selector":{"id":"application-manageyards-display-component---NewYard--addressDetailDetailsCity1","interaction":{"idSuffix":"inner"}},"clearTextFirst":true,"interactionType":"ENTER_TEXT"}]}
COMMAND: POST /session/293c5cce68a4e627b0c1e3a644c6160b/execute/async - {"script":"<script> [1562 bytes]","args":[{"selector":{"id":"application-manageyards-display-component---NewYard--addressDetailDetailsCountry-arrow"},"wdio_ui5_key":"applicationmanageyards-display-component---NewYard--addressDetailDetailsCountry-arrow"}]}
RESULT: {"script":"<script> [1562 bytes]","args":[{"selector":{"id":"application-manageyards-display-component---NewYard--addressDetailDetailsCountry-arrow"},"wdio_ui5_key":"applicationmanageyards-display-component---NewYard--addressDetailDetailsCountry-arrow"}]}
RESULT: undefined
COMMAND: POST /session/293c5cce68a4e627b0c1e3a644c6160b/element - {"using":"xpath","value":"//*[@id=\"application-manageyards-display-component---NewYard--addressDetailDetailsCountry-arrow\"]"}
RESULT: {"using":"xpath","value":"//*[@id=\"application-manageyards-display-component---NewYard--addressDetailDetailsCountry-arrow\"]"}
COMMAND: POST /session/293c5cce68a4e627b0c1e3a644c6160b/element/f.01782A26726534229B57CD9AA69B47B8.d.C40DEA3E9D044D8B30BE60E458BB1BF1.e.684/click - {}
RESULT: {}
COMMAND: POST /session/293c5cce68a4e627b0c1e3a644c6160b/element - {"using":"xpath","value":"//span[contains(text(), \"Argentina\")]"}
COMMAND: GET /session/293c5cce68a4e627b0c1e3a644c6160b/screenshot - {}
RESULT: {"using":"xpath","value":"//span[contains(text(), \"Argentina\")]"}
COMMAND: POST /session/293c5cce68a4e627b0c1e3a644c6160b/element/f.01782A26726534229B57CD9AA69B47B8.d.C40DEA3E9D044D8B30BE60E458BB1BF1.e.685/click - {}
RESULT: {}
RESULT: {}
COMMAND: POST /session/293c5cce68a4e627b0c1e3a644c6160b/execute/async - {"script":"<script> [1562 bytes]","args":[{"selector":{"id":"application-manageyards-display-component---NewYard--addressEditDetailsCostObjectCstType-arrow"},"wdio_ui5_key":"applicationmanageyards-display-component---NewYard--addressEditDetailsCostObjectCstType-arrow"}]}
COMMAND: GET /session/293c5cce68a4e627b0c1e3a644c6160b/screenshot - {}
RESULT: {"script":"<script> [1562 bytes]","args":[{"selector":{"id":"application-manageyards-display-component---NewYard--addressEditDetailsCostObjectCstType-arrow"},"wdio_ui5_key":"applicationmanageyards-display-component---NewYard--addressEditDetailsCostObjectCstType-arrow"}]}
RESULT: undefined
COMMAND: POST /session/293c5cce68a4e627b0c1e3a644c6160b/element - {"using":"xpath","value":"//*[@id=\"application-manageyards-display-component---NewYard--addressEditDetailsCostObjectCstType-arrow\"]"}
RESULT: {}
RESULT: {"using":"xpath","value":"//*[@id=\"application-manageyards-display-component---NewYard--addressEditDetailsCostObjectCstType-arrow\"]"}
COMMAND: POST /session/293c5cce68a4e627b0c1e3a644c6160b/element/f.01782A26726534229B57CD9AA69B47B8.d.C40DEA3E9D044D8B30BE60E458BB1BF1.e.687/click - {}
RESULT: {}
COMMAND: POST /session/293c5cce68a4e627b0c1e3a644c6160b/element - {"using":"xpath","value":"//span[contains(text(), \"Cost Center\")]"}
COMMAND: GET /session/293c5cce68a4e627b0c1e3a644c6160b/screenshot - {}
RESULT: {"using":"xpath","value":"//span[contains(text(), \"Cost Center\")]"}
COMMAND: POST /session/293c5cce68a4e627b0c1e3a644c6160b/element/f.01782A26726534229B57CD9AA69B47B8.d.C40DEA3E9D044D8B30BE60E458BB1BF1.e.688/click - {}
RESULT: {}
RESULT: {}
COMMAND: GET /session/293c5cce68a4e627b0c1e3a644c6160b/screenshot - {}
RESULT: {}
COMMAND: POST /session/293c5cce68a4e627b0c1e3a644c6160b/element - {"using":"xpath","value":"//span[@id=\"application-manageyards-display-component---NewYard--addressNewCostObjectCstID-vhi\"]"}
RESULT: {"using":"xpath","value":"//span[@id=\"application-manageyards-display-component---NewYard--addressNewCostObjectCstID-vhi\"]"}
COMMAND: POST /session/293c5cce68a4e627b0c1e3a644c6160b/execute/sync - {"script":"<script> [8489 bytes]","args":[{"element-6066-11e4-a52e-4f735466cecf":"f.01782A26726534229B57CD9AA69B47B8.d.C40DEA3E9D044D8B30BE60E458BB1BF1.e.692","ELEMENT":"f.01782A26726534229B57CD9AA69B47B8.d.C40DEA3E9D044D8B30BE60E458BB1BF1.e.692"}]}
RESULT: {"script":"<script> [8489 bytes]","args":[{"element-6066-11e4-a52e-4f735466cecf":"f.01782A26726534229B57CD9AA69B47B8.d.C40DEA3E9D044D8B30BE60E458BB1BF1.e.692","ELEMENT":"f.01782A26726534229B57CD9AA69B47B8.d.C40DEA3E9D044D8B30BE60E458BB1BF1.e.692"}]}
COMMAND: POST /session/293c5cce68a4e627b0c1e3a644c6160b/execute/async - {"script":"<script> [1562 bytes]","args":[{"selector":{"id":"application-manageyards-display-component---NewYard--addressNewCostObjectCstID-vhi"},"wdio_ui5_key":"applicationmanageyards-display-component---NewYard--addressNewCostObjectCstID-vhi"}]}
COMMAND: GET /session/293c5cce68a4e627b0c1e3a644c6160b/screenshot - {}
RESULT: {"script":"<script> [1562 bytes]","args":[{"selector":{"id":"application-manageyards-display-component---NewYard--addressNewCostObjectCstID-vhi"},"wdio_ui5_key":"applicationmanageyards-display-component---NewYard--addressNewCostObjectCstID-vhi"}]}
RESULT: undefined
COMMAND: POST /session/293c5cce68a4e627b0c1e3a644c6160b/element - {"using":"xpath","value":"//*[@id=\"application-manageyards-display-component---NewYard--addressNewCostObjectCstID-vhi\"]"}
RESULT: {}
RESULT: {"using":"xpath","value":"//*[@id=\"application-manageyards-display-component---NewYard--addressNewCostObjectCstID-vhi\"]"}
COMMAND: POST /session/293c5cce68a4e627b0c1e3a644c6160b/element/f.01782A26726534229B57CD9AA69B47B8.d.C40DEA3E9D044D8B30BE60E458BB1BF1.e.692/click - {}
RESULT: {}
COMMAND: GET /session/293c5cce68a4e627b0c1e3a644c6160b/screenshot - {}
RESULT: {}
COMMAND: POST /session/293c5cce68a4e627b0c1e3a644c6160b/execute/async - {"script":"<script> [1562 bytes]","args":[{"selector":{"controlType":"sap.m.SearchField","properties":{"placeholder":"Search"},"searchOpenDialogs":true,"interaction":{"idSuffix":"I"}},"wdio_ui5_key":"sapm.SearchField{\"placeholder\":\"Search\"}"}]}
RESULT: {"script":"<script> [1562 bytes]","args":[{"selector":{"controlType":"sap.m.SearchField","properties":{"placeholder":"Search"},"searchOpenDialogs":true,"interaction":{"idSuffix":"I"}},"wdio_ui5_key":"sapm.SearchField{\"placeholder\":\"Search\"}"}]}
RESULT: undefined
COMMAND: POST /session/293c5cce68a4e627b0c1e3a644c6160b/execute/async - {"script":"<script> [776 bytes]","args":[{"enterText":"10001013","selector":{"controlType":"sap.m.SearchField","properties":{"placeholder":"Search"},"searchOpenDialogs":true,"interaction":{"idSuffix":"I"}},"clearTextFirst":true,"interactionType":"ENTER_TEXT"}]}
RESULT: {"script":"<script> [776 bytes]","args":[{"enterText":"10001013","selector":{"controlType":"sap.m.SearchField","properties":{"placeholder":"Search"},"searchOpenDialogs":true,"interaction":{"idSuffix":"I"}},"clearTextFirst":true,"interactionType":"ENTER_TEXT"}]}
COMMAND: POST /session/293c5cce68a4e627b0c1e3a644c6160b/actions - {"actions":[{"id":"action1","type":"key","parameters":{},"actions":[{"type":"keyDown","value":"î€‡"},{"type":"pause","duration":10},{"type":"keyUp","value":"î€‡"}]}]}
RESULT: {"actions":[{"id":"action1","type":"key","parameters":{},"actions":[{"type":"keyDown","value":"î€‡"},{"type":"pause","duration":10},{"type":"keyUp","value":"î€‡"}]}]}
COMMAND: GET /session/293c5cce68a4e627b0c1e3a644c6160b/screenshot - {}
RESULT: {}
COMMAND: POST /session/293c5cce68a4e627b0c1e3a644c6160b/element - {"using":"xpath","value":"//span[contains(text(), \"General Management\")]"}
RESULT: {"using":"xpath","value":"//span[contains(text(), \"General Management\")]"}
COMMAND: POST /session/293c5cce68a4e627b0c1e3a644c6160b/element/f.01782A26726534229B57CD9AA69B47B8.d.C40DEA3E9D044D8B30BE60E458BB1BF1.e.732/click - {}
RESULT: {}
COMMAND: GET /session/293c5cce68a4e627b0c1e3a644c6160b/screenshot - {}
RESULT: {}
COMMAND: POST /session/293c5cce68a4e627b0c1e3a644c6160b/element - {"using":"xpath","value":"//bdi[contains(text(), \"OK\")]"}
RESULT: {"using":"xpath","value":"//bdi[contains(text(), \"OK\")]"}
COMMAND: POST /session/293c5cce68a4e627b0c1e3a644c6160b/element/f.01782A26726534229B57CD9AA69B47B8.d.C40DEA3E9D044D8B30BE60E458BB1BF1.e.733/click - {}
RESULT: {}
COMMAND: GET /session/293c5cce68a4e627b0c1e3a644c6160b/screenshot - {}
RESULT: {}
COMMAND: POST /session/293c5cce68a4e627b0c1e3a644c6160b/execute/async - {"script":"<script> [1562 bytes]","args":[{"selector":{"id":"application-manageyards-display-component---NewYard--addressEditDetailsCurrency-arrow"},"wdio_ui5_key":"applicationmanageyards-display-component---NewYard--addressEditDetailsCurrency-arrow"}]}
RESULT: {"script":"<script> [1562 bytes]","args":[{"selector":{"id":"application-manageyards-display-component---NewYard--addressEditDetailsCurrency-arrow"},"wdio_ui5_key":"applicationmanageyards-display-component---NewYard--addressEditDetailsCurrency-arrow"}]}
RESULT: undefined
COMMAND: POST /session/293c5cce68a4e627b0c1e3a644c6160b/element - {"using":"xpath","value":"//*[@id=\"application-manageyards-display-component---NewYard--addressEditDetailsCurrency-arrow\"]"}
RESULT: {"using":"xpath","value":"//*[@id=\"application-manageyards-display-component---NewYard--addressEditDetailsCurrency-arrow\"]"}
COMMAND: POST /session/293c5cce68a4e627b0c1e3a644c6160b/element/f.01782A26726534229B57CD9AA69B47B8.d.C40DEA3E9D044D8B30BE60E458BB1BF1.e.736/click - {}
RESULT: {}
COMMAND: POST /session/293c5cce68a4e627b0c1e3a644c6160b/element - {"using":"xpath","value":"//span[contains(text(), \"Euro\")]"}
COMMAND: GET /session/293c5cce68a4e627b0c1e3a644c6160b/screenshot - {}
RESULT: {"using":"xpath","value":"//span[contains(text(), \"Euro\")]"}
COMMAND: POST /session/293c5cce68a4e627b0c1e3a644c6160b/element/f.01782A26726534229B57CD9AA69B47B8.d.C40DEA3E9D044D8B30BE60E458BB1BF1.e.737/click - {}
RESULT: {}
RESULT: {}
COMMAND: POST /session/293c5cce68a4e627b0c1e3a644c6160b/execute/async - {"script":"<script> [1562 bytes]","args":[{"selector":{"controlType":"sap.m.Input","viewName":"etm.portal.ui.manageyards.view.New","viewId":"application-manageyards-display-component---NewYard","bindingPath":{"path":"","propertyPath":"/CONTROLLING_AREA","modelName":"NewYardModel"},"interaction":{"idSuffix":"inner"}},"wdio_ui5_key":"etmportal.ui.manageyards.view.Newsap.m.Input{\"path\":\"\",\"propertyPath\":\"/CONTROLLING_AREA\",\"modelName\":\"NewYardModel\"}"}]}
COMMAND: GET /session/293c5cce68a4e627b0c1e3a644c6160b/screenshot - {}
RESULT: {"script":"<script> [1562 bytes]","args":[{"selector":{"controlType":"sap.m.Input","viewName":"etm.portal.ui.manageyards.view.New","viewId":"application-manageyards-display-component---NewYard","bindingPath":{"path":"","propertyPath":"/CONTROLLING_AREA","modelName":"NewYardModel"},"interaction":{"idSuffix":"inner"}},"wdio_ui5_key":"etmportal.ui.manageyards.view.Newsap.m.Input{\"path\":\"\",\"propertyPath\":\"/CONTROLLING_AREA\",\"modelName\":\"NewYardModel\"}"}]}
RESULT: undefined
COMMAND: POST /session/293c5cce68a4e627b0c1e3a644c6160b/execute/async - {"script":"<script> [776 bytes]","args":[{"enterText":"Z001","selector":{"controlType":"sap.m.Input","viewName":"etm.portal.ui.manageyards.view.New","viewId":"application-manageyards-display-component---NewYard","bindingPath":{"path":"","propertyPath":"/CONTROLLING_AREA","modelName":"NewYardModel"},"interaction":{"idSuffix":"inner"}},"clearTextFirst":true,"interactionType":"ENTER_TEXT"}]}
RESULT: {}
RESULT: {"script":"<script> [776 bytes]","args":[{"enterText":"Z001","selector":{"controlType":"sap.m.Input","viewName":"etm.portal.ui.manageyards.view.New","viewId":"application-manageyards-display-component---NewYard","bindingPath":{"path":"","propertyPath":"/CONTROLLING_AREA","modelName":"NewYardModel"},"interaction":{"idSuffix":"inner"}},"clearTextFirst":true,"interactionType":"ENTER_TEXT"}]}
COMMAND: POST /session/293c5cce68a4e627b0c1e3a644c6160b/execute/async - {"script":"<script> [1562 bytes]","args":[{"selector":{"id":"application-manageyards-display-component---NewYard--companyCodeComboBox","interaction":{"idSuffix":"inner"}},"wdio_ui5_key":"applicationmanageyards-display-component---NewYard--companyCodeComboBox"}]}
RESULT: {"script":"<script> [1562 bytes]","args":[{"selector":{"id":"application-manageyards-display-component---NewYard--companyCodeComboBox","interaction":{"idSuffix":"inner"}},"wdio_ui5_key":"applicationmanageyards-display-component---NewYard--companyCodeComboBox"}]}
RESULT: undefined
COMMAND: POST /session/293c5cce68a4e627b0c1e3a644c6160b/execute/async - {"script":"<script> [776 bytes]","args":[{"enterText":"1000","selector":{"id":"application-manageyards-display-component---NewYard--companyCodeComboBox","interaction":{"idSuffix":"inner"}},"clearTextFirst":true,"interactionType":"ENTER_TEXT"}]}
RESULT: {"script":"<script> [776 bytes]","args":[{"enterText":"1000","selector":{"id":"application-manageyards-display-component---NewYard--companyCodeComboBox","interaction":{"idSuffix":"inner"}},"clearTextFirst":true,"interactionType":"ENTER_TEXT"}]}
COMMAND: POST /session/293c5cce68a4e627b0c1e3a644c6160b/execute/async - {"script":"<script> [1562 bytes]","args":[{"selector":{"controlType":"sap.m.Input","viewName":"etm.portal.ui.manageyards.view.New","viewId":"application-manageyards-display-component---NewYard","bindingPath":{"path":"","propertyPath":"/PLANT","modelName":"NewYardModel"},"interaction":{"idSuffix":"inner"}},"wdio_ui5_key":"etmportal.ui.manageyards.view.Newsap.m.Input{\"path\":\"\",\"propertyPath\":\"/PLANT\",\"modelName\":\"NewYardModel\"}"}]}
RESULT: {"script":"<script> [1562 bytes]","args":[{"selector":{"controlType":"sap.m.Input","viewName":"etm.portal.ui.manageyards.view.New","viewId":"application-manageyards-display-component---NewYard","bindingPath":{"path":"","propertyPath":"/PLANT","modelName":"NewYardModel"},"interaction":{"idSuffix":"inner"}},"wdio_ui5_key":"etmportal.ui.manageyards.view.Newsap.m.Input{\"path\":\"\",\"propertyPath\":\"/PLANT\",\"modelName\":\"NewYardModel\"}"}]}
RESULT: undefined
COMMAND: POST /session/293c5cce68a4e627b0c1e3a644c6160b/execute/async - {"script":"<script> [776 bytes]","args":[{"enterText":"1001","selector":{"controlType":"sap.m.Input","viewName":"etm.portal.ui.manageyards.view.New","viewId":"application-manageyards-display-component---NewYard","bindingPath":{"path":"","propertyPath":"/PLANT","modelName":"NewYardModel"},"interaction":{"idSuffix":"inner"}},"clearTextFirst":true,"interactionType":"ENTER_TEXT"}]}
RESULT: {"script":"<script> [776 bytes]","args":[{"enterText":"1001","selector":{"controlType":"sap.m.Input","viewName":"etm.portal.ui.manageyards.view.New","viewId":"application-manageyards-display-component---NewYard","bindingPath":{"path":"","propertyPath":"/PLANT","modelName":"NewYardModel"},"interaction":{"idSuffix":"inner"}},"clearTextFirst":true,"interactionType":"ENTER_TEXT"}]}
COMMAND: POST /session/293c5cce68a4e627b0c1e3a644c6160b/execute/async - {"script":"<script> [1562 bytes]","args":[{"selector":{"controlType":"sap.m.Input","viewName":"etm.portal.ui.manageyards.view.New","viewId":"application-manageyards-display-component---NewYard","bindingPath":{"path":"","propertyPath":"/SALES_AREA_VKORG","modelName":"NewYardModel"},"interaction":{"idSuffix":"inner"}},"wdio_ui5_key":"etmportal.ui.manageyards.view.Newsap.m.Input{\"path\":\"\",\"propertyPath\":\"/SALES_AREA_VKORG\",\"modelName\":\"NewYardModel\"}"}]}
RESULT: {"script":"<script> [1562 bytes]","args":[{"selector":{"controlType":"sap.m.Input","viewName":"etm.portal.ui.manageyards.view.New","viewId":"application-manageyards-display-component---NewYard","bindingPath":{"path":"","propertyPath":"/SALES_AREA_VKORG","modelName":"NewYardModel"},"interaction":{"idSuffix":"inner"}},"wdio_ui5_key":"etmportal.ui.manageyards.view.Newsap.m.Input{\"path\":\"\",\"propertyPath\":\"/SALES_AREA_VKORG\",\"modelName\":\"NewYardModel\"}"}]}
RESULT: undefined
COMMAND: POST /session/293c5cce68a4e627b0c1e3a644c6160b/execute/async - {"script":"<script> [776 bytes]","args":[{"enterText":"C002","selector":{"controlType":"sap.m.Input","viewName":"etm.portal.ui.manageyards.view.New","viewId":"application-manageyards-display-component---NewYard","bindingPath":{"path":"","propertyPath":"/SALES_AREA_VKORG","modelName":"NewYardModel"},"interaction":{"idSuffix":"inner"}},"clearTextFirst":true,"interactionType":"ENTER_TEXT"}]}
RESULT: {"script":"<script> [776 bytes]","args":[{"enterText":"C002","selector":{"controlType":"sap.m.Input","viewName":"etm.portal.ui.manageyards.view.New","viewId":"application-manageyards-display-component---NewYard","bindingPath":{"path":"","propertyPath":"/SALES_AREA_VKORG","modelName":"NewYardModel"},"interaction":{"idSuffix":"inner"}},"clearTextFirst":true,"interactionType":"ENTER_TEXT"}]}
COMMAND: POST /session/293c5cce68a4e627b0c1e3a644c6160b/execute/async - {"script":"<script> [1562 bytes]","args":[{"selector":{"controlType":"sap.m.Input","viewName":"etm.portal.ui.manageyards.view.New","viewId":"application-manageyards-display-component---NewYard","bindingPath":{"path":"","propertyPath":"/SALES_AREA_VTWEG","modelName":"NewYardModel"},"interaction":{"idSuffix":"inner"}},"wdio_ui5_key":"etmportal.ui.manageyards.view.Newsap.m.Input{\"path\":\"\",\"propertyPath\":\"/SALES_AREA_VTWEG\",\"modelName\":\"NewYardModel\"}"}]}
RESULT: {"script":"<script> [1562 bytes]","args":[{"selector":{"controlType":"sap.m.Input","viewName":"etm.portal.ui.manageyards.view.New","viewId":"application-manageyards-display-component---NewYard","bindingPath":{"path":"","propertyPath":"/SALES_AREA_VTWEG","modelName":"NewYardModel"},"interaction":{"idSuffix":"inner"}},"wdio_ui5_key":"etmportal.ui.manageyards.view.Newsap.m.Input{\"path\":\"\",\"propertyPath\":\"/SALES_AREA_VTWEG\",\"modelName\":\"NewYardModel\"}"}]}
RESULT: undefined
COMMAND: POST /session/293c5cce68a4e627b0c1e3a644c6160b/execute/async - {"script":"<script> [776 bytes]","args":[{"enterText":"C2","selector":{"controlType":"sap.m.Input","viewName":"etm.portal.ui.manageyards.view.New","viewId":"application-manageyards-display-component---NewYard","bindingPath":{"path":"","propertyPath":"/SALES_AREA_VTWEG","modelName":"NewYardModel"},"interaction":{"idSuffix":"inner"}},"clearTextFirst":true,"interactionType":"ENTER_TEXT"}]}
RESULT: {"script":"<script> [776 bytes]","args":[{"enterText":"C2","selector":{"controlType":"sap.m.Input","viewName":"etm.portal.ui.manageyards.view.New","viewId":"application-manageyards-display-component---NewYard","bindingPath":{"path":"","propertyPath":"/SALES_AREA_VTWEG","modelName":"NewYardModel"},"interaction":{"idSuffix":"inner"}},"clearTextFirst":true,"interactionType":"ENTER_TEXT"}]}
COMMAND: POST /session/293c5cce68a4e627b0c1e3a644c6160b/execute/async - {"script":"<script> [1562 bytes]","args":[{"selector":{"controlType":"sap.m.Input","viewName":"etm.portal.ui.manageyards.view.New","viewId":"application-manageyards-display-component---NewYard","bindingPath":{"path":"","propertyPath":"/SALES_AREA_SPART","modelName":"NewYardModel"},"interaction":{"idSuffix":"inner"}},"wdio_ui5_key":"etmportal.ui.manageyards.view.Newsap.m.Input{\"path\":\"\",\"propertyPath\":\"/SALES_AREA_SPART\",\"modelName\":\"NewYardModel\"}"}]}
RESULT: {"script":"<script> [1562 bytes]","args":[{"selector":{"controlType":"sap.m.Input","viewName":"etm.portal.ui.manageyards.view.New","viewId":"application-manageyards-display-component---NewYard","bindingPath":{"path":"","propertyPath":"/SALES_AREA_SPART","modelName":"NewYardModel"},"interaction":{"idSuffix":"inner"}},"wdio_ui5_key":"etmportal.ui.manageyards.view.Newsap.m.Input{\"path\":\"\",\"propertyPath\":\"/SALES_AREA_SPART\",\"modelName\":\"NewYardModel\"}"}]}
RESULT: undefined
COMMAND: POST /session/293c5cce68a4e627b0c1e3a644c6160b/execute/async - {"script":"<script> [776 bytes]","args":[{"enterText":"C2","selector":{"controlType":"sap.m.Input","viewName":"etm.portal.ui.manageyards.view.New","viewId":"application-manageyards-display-component---NewYard","bindingPath":{"path":"","propertyPath":"/SALES_AREA_SPART","modelName":"NewYardModel"},"interaction":{"idSuffix":"inner"}},"clearTextFirst":true,"interactionType":"ENTER_TEXT"}]}
RESULT: {"script":"<script> [776 bytes]","args":[{"enterText":"C2","selector":{"controlType":"sap.m.Input","viewName":"etm.portal.ui.manageyards.view.New","viewId":"application-manageyards-display-component---NewYard","bindingPath":{"path":"","propertyPath":"/SALES_AREA_SPART","modelName":"NewYardModel"},"interaction":{"idSuffix":"inner"}},"clearTextFirst":true,"interactionType":"ENTER_TEXT"}]}
COMMAND: POST /session/293c5cce68a4e627b0c1e3a644c6160b/execute/async - {"script":"<script> [1562 bytes]","args":[{"selector":{"controlType":"sap.m.Input","viewName":"etm.portal.ui.manageyards.view.New","viewId":"application-manageyards-display-component---NewYard","bindingPath":{"path":"","propertyPath":"/SHIP_POINT","modelName":"NewYardModel"},"interaction":{"idSuffix":"inner"}},"wdio_ui5_key":"etmportal.ui.manageyards.view.Newsap.m.Input{\"path\":\"\",\"propertyPath\":\"/SHIP_POINT\",\"modelName\":\"NewYardModel\"}"}]}
RESULT: {"script":"<script> [1562 bytes]","args":[{"selector":{"controlType":"sap.m.Input","viewName":"etm.portal.ui.manageyards.view.New","viewId":"application-manageyards-display-component---NewYard","bindingPath":{"path":"","propertyPath":"/SHIP_POINT","modelName":"NewYardModel"},"interaction":{"idSuffix":"inner"}},"wdio_ui5_key":"etmportal.ui.manageyards.view.Newsap.m.Input{\"path\":\"\",\"propertyPath\":\"/SHIP_POINT\",\"modelName\":\"NewYardModel\"}"}]}
RESULT: undefined
COMMAND: POST /session/293c5cce68a4e627b0c1e3a644c6160b/execute/async - {"script":"<script> [776 bytes]","args":[{"enterText":"1710","selector":{"controlType":"sap.m.Input","viewName":"etm.portal.ui.manageyards.view.New","viewId":"application-manageyards-display-component---NewYard","bindingPath":{"path":"","propertyPath":"/SHIP_POINT","modelName":"NewYardModel"},"interaction":{"idSuffix":"inner"}},"clearTextFirst":true,"interactionType":"ENTER_TEXT"}]}
RESULT: {"script":"<script> [776 bytes]","args":[{"enterText":"1710","selector":{"controlType":"sap.m.Input","viewName":"etm.portal.ui.manageyards.view.New","viewId":"application-manageyards-display-component---NewYard","bindingPath":{"path":"","propertyPath":"/SHIP_POINT","modelName":"NewYardModel"},"interaction":{"idSuffix":"inner"}},"clearTextFirst":true,"interactionType":"ENTER_TEXT"}]}
COMMAND: POST /session/293c5cce68a4e627b0c1e3a644c6160b/execute/async - {"script":"<script> [1562 bytes]","args":[{"selector":{"controlType":"sap.m.Input","viewName":"etm.portal.ui.manageyards.view.New","viewId":"application-manageyards-display-component---NewYard","bindingPath":{"path":"","propertyPath":"/DELIVERY_TYPE","modelName":"NewYardModel"},"interaction":{"idSuffix":"inner"}},"wdio_ui5_key":"etmportal.ui.manageyards.view.Newsap.m.Input{\"path\":\"\",\"propertyPath\":\"/DELIVERY_TYPE\",\"modelName\":\"NewYardModel\"}"}]}
RESULT: {"script":"<script> [1562 bytes]","args":[{"selector":{"controlType":"sap.m.Input","viewName":"etm.portal.ui.manageyards.view.New","viewId":"application-manageyards-display-component---NewYard","bindingPath":{"path":"","propertyPath":"/DELIVERY_TYPE","modelName":"NewYardModel"},"interaction":{"idSuffix":"inner"}},"wdio_ui5_key":"etmportal.ui.manageyards.view.Newsap.m.Input{\"path\":\"\",\"propertyPath\":\"/DELIVERY_TYPE\",\"modelName\":\"NewYardModel\"}"}]}
RESULT: undefined
COMMAND: POST /session/293c5cce68a4e627b0c1e3a644c6160b/execute/async - {"script":"<script> [776 bytes]","args":[{"enterText":"ZL01","selector":{"controlType":"sap.m.Input","viewName":"etm.portal.ui.manageyards.view.New","viewId":"application-manageyards-display-component---NewYard","bindingPath":{"path":"","propertyPath":"/DELIVERY_TYPE","modelName":"NewYardModel"},"interaction":{"idSuffix":"inner"}},"clearTextFirst":true,"interactionType":"ENTER_TEXT"}]}
RESULT: {"script":"<script> [776 bytes]","args":[{"enterText":"ZL01","selector":{"controlType":"sap.m.Input","viewName":"etm.portal.ui.manageyards.view.New","viewId":"application-manageyards-display-component---NewYard","bindingPath":{"path":"","propertyPath":"/DELIVERY_TYPE","modelName":"NewYardModel"},"interaction":{"idSuffix":"inner"}},"clearTextFirst":true,"interactionType":"ENTER_TEXT"}]}
COMMAND: POST /session/293c5cce68a4e627b0c1e3a644c6160b/execute/async - {"script":"<script> [1562 bytes]","args":[{"selector":{"controlType":"sap.m.Input","viewName":"etm.portal.ui.manageyards.view.New","viewId":"application-manageyards-display-component---NewYard","bindingPath":{"path":"","propertyPath":"/AUART","modelName":"NewYardModel"},"interaction":{"idSuffix":"inner"}},"wdio_ui5_key":"etmportal.ui.manageyards.view.Newsap.m.Input{\"path\":\"\",\"propertyPath\":\"/AUART\",\"modelName\":\"NewYardModel\"}"}]}
RESULT: {"script":"<script> [1562 bytes]","args":[{"selector":{"controlType":"sap.m.Input","viewName":"etm.portal.ui.manageyards.view.New","viewId":"application-manageyards-display-component---NewYard","bindingPath":{"path":"","propertyPath":"/AUART","modelName":"NewYardModel"},"interaction":{"idSuffix":"inner"}},"wdio_ui5_key":"etmportal.ui.manageyards.view.Newsap.m.Input{\"path\":\"\",\"propertyPath\":\"/AUART\",\"modelName\":\"NewYardModel\"}"}]}
RESULT: undefined
COMMAND: POST /session/293c5cce68a4e627b0c1e3a644c6160b/execute/async - {"script":"<script> [776 bytes]","args":[{"enterText":"TA","selector":{"controlType":"sap.m.Input","viewName":"etm.portal.ui.manageyards.view.New","viewId":"application-manageyards-display-component---NewYard","bindingPath":{"path":"","propertyPath":"/AUART","modelName":"NewYardModel"},"interaction":{"idSuffix":"inner"}},"clearTextFirst":true,"interactionType":"ENTER_TEXT"}]}
RESULT: {"script":"<script> [776 bytes]","args":[{"enterText":"TA","selector":{"controlType":"sap.m.Input","viewName":"etm.portal.ui.manageyards.view.New","viewId":"application-manageyards-display-component---NewYard","bindingPath":{"path":"","propertyPath":"/AUART","modelName":"NewYardModel"},"interaction":{"idSuffix":"inner"}},"clearTextFirst":true,"interactionType":"ENTER_TEXT"}]}
COMMAND: POST /session/293c5cce68a4e627b0c1e3a644c6160b/execute/async - {"script":"<script> [1562 bytes]","args":[{"selector":{"id":"application-manageyards-display-component---NewYard--whmCheckBox","interaction":{"idSuffix":"CbBg"}},"wdio_ui5_key":"applicationmanageyards-display-component---NewYard--whmCheckBox"}]}
RESULT: {"script":"<script> [1562 bytes]","args":[{"selector":{"id":"application-manageyards-display-component---NewYard--whmCheckBox","interaction":{"idSuffix":"CbBg"}},"wdio_ui5_key":"applicationmanageyards-display-component---NewYard--whmCheckBox"}]}
RESULT: undefined
COMMAND: POST /session/293c5cce68a4e627b0c1e3a644c6160b/element - {"using":"xpath","value":"//*[@id=\"application-manageyards-display-component---NewYard--whmCheckBox\"]"}
RESULT: {"using":"xpath","value":"//*[@id=\"application-manageyards-display-component---NewYard--whmCheckBox\"]"}
COMMAND: POST /session/293c5cce68a4e627b0c1e3a644c6160b/element/f.01782A26726534229B57CD9AA69B47B8.d.C40DEA3E9D044D8B30BE60E458BB1BF1.e.757/click - {}
RESULT: {}
COMMAND: GET /session/293c5cce68a4e627b0c1e3a644c6160b/screenshot - {}
RESULT: {}
COMMAND: POST /session/293c5cce68a4e627b0c1e3a644c6160b/element - {"using":"xpath","value":"//button[@data-kt=\"newYardSaveButton\"]"}
RESULT: {"using":"xpath","value":"//button[@data-kt=\"newYardSaveButton\"]"}
COMMAND: POST /session/293c5cce68a4e627b0c1e3a644c6160b/element/f.01782A26726534229B57CD9AA69B47B8.d.C40DEA3E9D044D8B30BE60E458BB1BF1.e.641/click - {}
RESULT: {}
COMMAND: GET /session/293c5cce68a4e627b0c1e3a644c6160b/screenshot - {}
RESULT: {}
COMMAND: POST /session/293c5cce68a4e627b0c1e3a644c6160b/element - {"using":"xpath","value":"//header[contains(@id, 'ObjectPageLayout-headerTitle')]/div[1]/div[2]/div[1]/span[1]"}
RESULT: {"using":"xpath","value":"//header[contains(@id, 'ObjectPageLayout-headerTitle')]/div[1]/div[2]/div[1]/span[1]"}
COMMAND: POST /session/293c5cce68a4e627b0c1e3a644c6160b/elements - {"using":"xpath","value":"//header[contains(@id, 'ObjectPageLayout-headerTitle')]/div[1]/div[2]/div[1]/span[1]"}
RESULT: {"using":"xpath","value":"//header[contains(@id, 'ObjectPageLayout-headerTitle')]/div[1]/div[2]/div[1]/span[1]"}
COMMAND: POST /session/293c5cce68a4e627b0c1e3a644c6160b/execute/sync - {"script":"<script> [56 bytes]","args":[{"element-6066-11e4-a52e-4f735466cecf":"f.01782A26726534229B57CD9AA69B47B8.d.C40DEA3E9D044D8B30BE60E458BB1BF1.e.950","ELEMENT":"f.01782A26726534229B57CD9AA69B47B8.d.C40DEA3E9D044D8B30BE60E458BB1BF1.e.950"}]}
RESULT: {"script":"<script> [56 bytes]","args":[{"element-6066-11e4-a52e-4f735466cecf":"f.01782A26726534229B57CD9AA69B47B8.d.C40DEA3E9D044D8B30BE60E458BB1BF1.e.950","ELEMENT":"f.01782A26726534229B57CD9AA69B47B8.d.C40DEA3E9D044D8B30BE60E458BB1BF1.e.950"}]}
COMMAND: GET /session/293c5cce68a4e627b0c1e3a644c6160b/screenshot - {}
RESULT: {}
COMMAND: POST /session/293c5cce68a4e627b0c1e3a644c6160b/element - {"using":"css selector","value":"#shell-header-logo"}
RESULT: {"using":"css selector","value":"#shell-header-logo"}
COMMAND: POST /session/293c5cce68a4e627b0c1e3a644c6160b/element/f.01782A26726534229B57CD9AA69B47B8.d.C40DEA3E9D044D8B30BE60E458BB1BF1.e.236/click - {}
RESULT: {}
COMMAND: GET /session/293c5cce68a4e627b0c1e3a644c6160b/screenshot - {}
RESULT: {}
COMMAND: POST /session/293c5cce68a4e627b0c1e3a644c6160b/execute/sync - {"script":"<script> [299 bytes]","args":[["getModel","getResource"]]}
RESULT: {"script":"<script> [299 bytes]","args":[["getModel","getResource"]]}
]]></system-out>
    </testcase>
    <testcase classname="chrome.136_0_7103_49.windows.Stock_increase_-_with_WHM_US125587" name="Should create a new external WHM partner" time="80.403">
      <system-out><![CDATA[
COMMAND: POST /session/293c5cce68a4e627b0c1e3a644c6160b/window/fullscreen - {}
COMMAND: GET /session/293c5cce68a4e627b0c1e3a644c6160b/screenshot - {}
RESULT: {}
COMMAND: POST /session/293c5cce68a4e627b0c1e3a644c6160b/execute/async - {"script":"<script> [1562 bytes]","args":[{"selector":{"controlType":"sap.m.GenericTile","properties":{"header":"Manage Partners"}},"wdio_ui5_key":"sapm.GenericTile{\"header\":\"Manage Partners\"}"}]}
RESULT: {}
RESULT: {"script":"<script> [1562 bytes]","args":[{"selector":{"controlType":"sap.m.GenericTile","properties":{"header":"Manage Partners"}},"wdio_ui5_key":"sapm.GenericTile{\"header\":\"Manage Partners\"}"}]}
RESULT: undefined
COMMAND: POST /session/293c5cce68a4e627b0c1e3a644c6160b/element - {"using":"xpath","value":"//*[@id=\"__tile38\"]"}
RESULT: {"using":"xpath","value":"//*[@id=\"__tile38\"]"}
COMMAND: POST /session/293c5cce68a4e627b0c1e3a644c6160b/element/f.01782A26726534229B57CD9AA69B47B8.d.C40DEA3E9D044D8B30BE60E458BB1BF1.e.121/click - {}
RESULT: {}
COMMAND: POST /session/293c5cce68a4e627b0c1e3a644c6160b/element - {"using":"xpath","value":"//button[@data-kt=\"addButton\"]"}
COMMAND: GET /session/293c5cce68a4e627b0c1e3a644c6160b/screenshot - {}
RESULT: {"using":"xpath","value":"//button[@data-kt=\"addButton\"]"}
COMMAND: POST /session/293c5cce68a4e627b0c1e3a644c6160b/elements - {"using":"xpath","value":"//button[@data-kt=\"addButton\"]"}
RESULT: {}
RESULT: {"using":"xpath","value":"//button[@data-kt=\"addButton\"]"}
COMMAND: POST /session/293c5cce68a4e627b0c1e3a644c6160b/elements - {"using":"xpath","value":"//button[@data-kt=\"addButton\"]"}
RESULT: {"using":"xpath","value":"//button[@data-kt=\"addButton\"]"}
COMMAND: POST /session/293c5cce68a4e627b0c1e3a644c6160b/elements - {"using":"xpath","value":"//button[@data-kt=\"addButton\"]"}
RESULT: {"using":"xpath","value":"//button[@data-kt=\"addButton\"]"}
COMMAND: POST /session/293c5cce68a4e627b0c1e3a644c6160b/elements - {"using":"xpath","value":"//button[@data-kt=\"addButton\"]"}
RESULT: {"using":"xpath","value":"//button[@data-kt=\"addButton\"]"}
COMMAND: POST /session/293c5cce68a4e627b0c1e3a644c6160b/elements - {"using":"xpath","value":"//button[@data-kt=\"addButton\"]"}
RESULT: {"using":"xpath","value":"//button[@data-kt=\"addButton\"]"}
COMMAND: POST /session/293c5cce68a4e627b0c1e3a644c6160b/elements - {"using":"xpath","value":"//button[@data-kt=\"addButton\"]"}
RESULT: {"using":"xpath","value":"//button[@data-kt=\"addButton\"]"}
COMMAND: POST /session/293c5cce68a4e627b0c1e3a644c6160b/elements - {"using":"xpath","value":"//button[@data-kt=\"addButton\"]"}
RESULT: {"using":"xpath","value":"//button[@data-kt=\"addButton\"]"}
COMMAND: POST /session/293c5cce68a4e627b0c1e3a644c6160b/elements - {"using":"xpath","value":"//button[@data-kt=\"addButton\"]"}
RESULT: {"using":"xpath","value":"//button[@data-kt=\"addButton\"]"}
COMMAND: POST /session/293c5cce68a4e627b0c1e3a644c6160b/elements - {"using":"xpath","value":"//button[@data-kt=\"addButton\"]"}
RESULT: {"using":"xpath","value":"//button[@data-kt=\"addButton\"]"}
COMMAND: POST /session/293c5cce68a4e627b0c1e3a644c6160b/elements - {"using":"xpath","value":"//button[@data-kt=\"addButton\"]"}
RESULT: {"using":"xpath","value":"//button[@data-kt=\"addButton\"]"}
COMMAND: POST /session/293c5cce68a4e627b0c1e3a644c6160b/elements - {"using":"xpath","value":"//button[@data-kt=\"addButton\"]"}
RESULT: {"using":"xpath","value":"//button[@data-kt=\"addButton\"]"}
COMMAND: POST /session/293c5cce68a4e627b0c1e3a644c6160b/elements - {"using":"xpath","value":"//button[@data-kt=\"addButton\"]"}
RESULT: {"using":"xpath","value":"//button[@data-kt=\"addButton\"]"}
COMMAND: POST /session/293c5cce68a4e627b0c1e3a644c6160b/elements - {"using":"xpath","value":"//button[@data-kt=\"addButton\"]"}
RESULT: {"using":"xpath","value":"//button[@data-kt=\"addButton\"]"}
COMMAND: POST /session/293c5cce68a4e627b0c1e3a644c6160b/elements - {"using":"xpath","value":"//button[@data-kt=\"addButton\"]"}
RESULT: {"using":"xpath","value":"//button[@data-kt=\"addButton\"]"}
COMMAND: POST /session/293c5cce68a4e627b0c1e3a644c6160b/elements - {"using":"xpath","value":"//button[@data-kt=\"addButton\"]"}
RESULT: {"using":"xpath","value":"//button[@data-kt=\"addButton\"]"}
COMMAND: POST /session/293c5cce68a4e627b0c1e3a644c6160b/elements - {"using":"xpath","value":"//button[@data-kt=\"addButton\"]"}
RESULT: {"using":"xpath","value":"//button[@data-kt=\"addButton\"]"}
COMMAND: POST /session/293c5cce68a4e627b0c1e3a644c6160b/elements - {"using":"xpath","value":"//button[@data-kt=\"addButton\"]"}
RESULT: {"using":"xpath","value":"//button[@data-kt=\"addButton\"]"}
COMMAND: POST /session/293c5cce68a4e627b0c1e3a644c6160b/elements - {"using":"xpath","value":"//button[@data-kt=\"addButton\"]"}
RESULT: {"using":"xpath","value":"//button[@data-kt=\"addButton\"]"}
COMMAND: POST /session/293c5cce68a4e627b0c1e3a644c6160b/elements - {"using":"xpath","value":"//button[@data-kt=\"addButton\"]"}
RESULT: {"using":"xpath","value":"//button[@data-kt=\"addButton\"]"}
COMMAND: POST /session/293c5cce68a4e627b0c1e3a644c6160b/elements - {"using":"xpath","value":"//button[@data-kt=\"addButton\"]"}
RESULT: {"using":"xpath","value":"//button[@data-kt=\"addButton\"]"}
COMMAND: POST /session/293c5cce68a4e627b0c1e3a644c6160b/element - {"using":"xpath","value":"//button[@data-kt=\"addButton\"]"}
RESULT: {"using":"xpath","value":"//button[@data-kt=\"addButton\"]"}
COMMAND: POST /session/293c5cce68a4e627b0c1e3a644c6160b/execute/sync - {"script":"<script> [8489 bytes]","args":[{"element-6066-11e4-a52e-4f735466cecf":"f.01782A26726534229B57CD9AA69B47B8.d.C40DEA3E9D044D8B30BE60E458BB1BF1.e.988","ELEMENT":"f.01782A26726534229B57CD9AA69B47B8.d.C40DEA3E9D044D8B30BE60E458BB1BF1.e.988"}]}
RESULT: {"script":"<script> [8489 bytes]","args":[{"element-6066-11e4-a52e-4f735466cecf":"f.01782A26726534229B57CD9AA69B47B8.d.C40DEA3E9D044D8B30BE60E458BB1BF1.e.988","ELEMENT":"f.01782A26726534229B57CD9AA69B47B8.d.C40DEA3E9D044D8B30BE60E458BB1BF1.e.988"}]}
COMMAND: GET /session/293c5cce68a4e627b0c1e3a644c6160b/element/f.01782A26726534229B57CD9AA69B47B8.d.C40DEA3E9D044D8B30BE60E458BB1BF1.e.988/enabled - {}
COMMAND: GET /session/293c5cce68a4e627b0c1e3a644c6160b/screenshot - {}
RESULT: {}
COMMAND: POST /session/293c5cce68a4e627b0c1e3a644c6160b/execute/sync - {"script":"<script> [8489 bytes]","args":[{"element-6066-11e4-a52e-4f735466cecf":"f.01782A26726534229B57CD9AA69B47B8.d.C40DEA3E9D044D8B30BE60E458BB1BF1.e.988","ELEMENT":"f.01782A26726534229B57CD9AA69B47B8.d.C40DEA3E9D044D8B30BE60E458BB1BF1.e.988"}]}
COMMAND: GET /session/293c5cce68a4e627b0c1e3a644c6160b/screenshot - {}
RESULT: {}
RESULT: {}
RESULT: {"script":"<script> [8489 bytes]","args":[{"element-6066-11e4-a52e-4f735466cecf":"f.01782A26726534229B57CD9AA69B47B8.d.C40DEA3E9D044D8B30BE60E458BB1BF1.e.988","ELEMENT":"f.01782A26726534229B57CD9AA69B47B8.d.C40DEA3E9D044D8B30BE60E458BB1BF1.e.988"}]}
COMMAND: POST /session/293c5cce68a4e627b0c1e3a644c6160b/execute/sync - {"script":"<script> [5351 bytes]","args":[{"element-6066-11e4-a52e-4f735466cecf":"f.01782A26726534229B57CD9AA69B47B8.d.C40DEA3E9D044D8B30BE60E458BB1BF1.e.988","ELEMENT":"f.01782A26726534229B57CD9AA69B47B8.d.C40DEA3E9D044D8B30BE60E458BB1BF1.e.988"}]}
COMMAND: GET /session/293c5cce68a4e627b0c1e3a644c6160b/screenshot - {}
RESULT: {"script":"<script> [5351 bytes]","args":[{"element-6066-11e4-a52e-4f735466cecf":"f.01782A26726534229B57CD9AA69B47B8.d.C40DEA3E9D044D8B30BE60E458BB1BF1.e.988","ELEMENT":"f.01782A26726534229B57CD9AA69B47B8.d.C40DEA3E9D044D8B30BE60E458BB1BF1.e.988"}]}
COMMAND: POST /session/293c5cce68a4e627b0c1e3a644c6160b/element/f.01782A26726534229B57CD9AA69B47B8.d.C40DEA3E9D044D8B30BE60E458BB1BF1.e.988/click - {}
COMMAND: GET /session/293c5cce68a4e627b0c1e3a644c6160b/screenshot - {}
RESULT: {}
RESULT: {}
COMMAND: GET /session/293c5cce68a4e627b0c1e3a644c6160b/screenshot - {}
RESULT: {}
RESULT: {}
COMMAND: POST /session/293c5cce68a4e627b0c1e3a644c6160b/execute/async - {"script":"<script> [1562 bytes]","args":[{"selector":{"id":"application-managepartners-display-component---NewPartner--addressDetailDetailsName1","interaction":{"idSuffix":"inner"}},"wdio_ui5_key":"applicationmanagepartners-display-component---NewPartner--addressDetailDetailsName1"}]}
RESULT: {"script":"<script> [1562 bytes]","args":[{"selector":{"id":"application-managepartners-display-component---NewPartner--addressDetailDetailsName1","interaction":{"idSuffix":"inner"}},"wdio_ui5_key":"applicationmanagepartners-display-component---NewPartner--addressDetailDetailsName1"}]}
RESULT: undefined
COMMAND: POST /session/293c5cce68a4e627b0c1e3a644c6160b/execute/async - {"script":"<script> [776 bytes]","args":[{"enterText":"External Partner WDIO","selector":{"id":"application-managepartners-display-component---NewPartner--addressDetailDetailsName1","interaction":{"idSuffix":"inner"}},"clearTextFirst":true,"interactionType":"ENTER_TEXT"}]}
RESULT: {"script":"<script> [776 bytes]","args":[{"enterText":"External Partner WDIO","selector":{"id":"application-managepartners-display-component---NewPartner--addressDetailDetailsName1","interaction":{"idSuffix":"inner"}},"clearTextFirst":true,"interactionType":"ENTER_TEXT"}]}
COMMAND: POST /session/293c5cce68a4e627b0c1e3a644c6160b/execute/async - {"script":"<script> [1562 bytes]","args":[{"selector":{"id":"application-managepartners-display-component---NewPartner--addressDetailDetailsLanguage-arrow"},"wdio_ui5_key":"applicationmanagepartners-display-component---NewPartner--addressDetailDetailsLanguage-arrow"}]}
RESULT: {"script":"<script> [1562 bytes]","args":[{"selector":{"id":"application-managepartners-display-component---NewPartner--addressDetailDetailsLanguage-arrow"},"wdio_ui5_key":"applicationmanagepartners-display-component---NewPartner--addressDetailDetailsLanguage-arrow"}]}
RESULT: undefined
COMMAND: POST /session/293c5cce68a4e627b0c1e3a644c6160b/element - {"using":"xpath","value":"//*[@id=\"application-managepartners-display-component---NewPartner--addressDetailDetailsLanguage-arrow\"]"}
RESULT: {"using":"xpath","value":"//*[@id=\"application-managepartners-display-component---NewPartner--addressDetailDetailsLanguage-arrow\"]"}
COMMAND: POST /session/293c5cce68a4e627b0c1e3a644c6160b/element/f.01782A26726534229B57CD9AA69B47B8.d.C40DEA3E9D044D8B30BE60E458BB1BF1.e.1320/click - {}
RESULT: {}
COMMAND: POST /session/293c5cce68a4e627b0c1e3a644c6160b/element - {"using":"xpath","value":"//span[contains(text(), \"English\")]"}
COMMAND: GET /session/293c5cce68a4e627b0c1e3a644c6160b/screenshot - {}
RESULT: {"using":"xpath","value":"//span[contains(text(), \"English\")]"}
COMMAND: POST /session/293c5cce68a4e627b0c1e3a644c6160b/element/f.01782A26726534229B57CD9AA69B47B8.d.C40DEA3E9D044D8B30BE60E458BB1BF1.e.1321/click - {}
RESULT: {}
RESULT: {}
COMMAND: GET /session/293c5cce68a4e627b0c1e3a644c6160b/screenshot - {}
RESULT: {}
COMMAND: POST /session/293c5cce68a4e627b0c1e3a644c6160b/execute/async - {"script":"<script> [1562 bytes]","args":[{"selector":{"id":"application-managepartners-display-component---NewPartner--addressDetailDetailsCity1","interaction":{"idSuffix":"inner"}},"wdio_ui5_key":"applicationmanagepartners-display-component---NewPartner--addressDetailDetailsCity1"}]}
RESULT: {"script":"<script> [1562 bytes]","args":[{"selector":{"id":"application-managepartners-display-component---NewPartner--addressDetailDetailsCity1","interaction":{"idSuffix":"inner"}},"wdio_ui5_key":"applicationmanagepartners-display-component---NewPartner--addressDetailDetailsCity1"}]}
RESULT: undefined
COMMAND: POST /session/293c5cce68a4e627b0c1e3a644c6160b/execute/async - {"script":"<script> [776 bytes]","args":[{"enterText":"Rosario","selector":{"id":"application-managepartners-display-component---NewPartner--addressDetailDetailsCity1","interaction":{"idSuffix":"inner"}},"clearTextFirst":true,"interactionType":"ENTER_TEXT"}]}
RESULT: {"script":"<script> [776 bytes]","args":[{"enterText":"Rosario","selector":{"id":"application-managepartners-display-component---NewPartner--addressDetailDetailsCity1","interaction":{"idSuffix":"inner"}},"clearTextFirst":true,"interactionType":"ENTER_TEXT"}]}
COMMAND: POST /session/293c5cce68a4e627b0c1e3a644c6160b/execute/async - {"script":"<script> [1562 bytes]","args":[{"selector":{"id":"application-managepartners-display-component---NewPartner--addressDetailDetailsCountry-arrow"},"wdio_ui5_key":"applicationmanagepartners-display-component---NewPartner--addressDetailDetailsCountry-arrow"}]}
RESULT: {"script":"<script> [1562 bytes]","args":[{"selector":{"id":"application-managepartners-display-component---NewPartner--addressDetailDetailsCountry-arrow"},"wdio_ui5_key":"applicationmanagepartners-display-component---NewPartner--addressDetailDetailsCountry-arrow"}]}
RESULT: undefined
COMMAND: POST /session/293c5cce68a4e627b0c1e3a644c6160b/element - {"using":"xpath","value":"//*[@id=\"application-managepartners-display-component---NewPartner--addressDetailDetailsCountry-arrow\"]"}
RESULT: {"using":"xpath","value":"//*[@id=\"application-managepartners-display-component---NewPartner--addressDetailDetailsCountry-arrow\"]"}
COMMAND: POST /session/293c5cce68a4e627b0c1e3a644c6160b/element/f.01782A26726534229B57CD9AA69B47B8.d.C40DEA3E9D044D8B30BE60E458BB1BF1.e.1307/click - {}
RESULT: {}
COMMAND: POST /session/293c5cce68a4e627b0c1e3a644c6160b/element - {"using":"xpath","value":"//span[contains(text(), \"Argentina\")]"}
COMMAND: GET /session/293c5cce68a4e627b0c1e3a644c6160b/screenshot - {}
RESULT: {"using":"xpath","value":"//span[contains(text(), \"Argentina\")]"}
COMMAND: POST /session/293c5cce68a4e627b0c1e3a644c6160b/element/f.01782A26726534229B57CD9AA69B47B8.d.C40DEA3E9D044D8B30BE60E458BB1BF1.e.1323/click - {}
RESULT: {}
RESULT: {}
COMMAND: GET /session/293c5cce68a4e627b0c1e3a644c6160b/screenshot - {}
RESULT: {}
COMMAND: POST /session/293c5cce68a4e627b0c1e3a644c6160b/element - {"using":"xpath","value":"//bdi[contains(text(), \"Commercial\")]"}
RESULT: {"using":"xpath","value":"//bdi[contains(text(), \"Commercial\")]"}
COMMAND: POST /session/293c5cce68a4e627b0c1e3a644c6160b/element/f.01782A26726534229B57CD9AA69B47B8.d.C40DEA3E9D044D8B30BE60E458BB1BF1.e.1324/click - {}
RESULT: {}
COMMAND: GET /session/293c5cce68a4e627b0c1e3a644c6160b/screenshot - {}
RESULT: {}
COMMAND: POST /session/293c5cce68a4e627b0c1e3a644c6160b/execute/async - {"script":"<script> [1562 bytes]","args":[{"selector":{"id":"application-managepartners-display-component---NewPartner--partnerDetailInternal-arrow"},"wdio_ui5_key":"applicationmanagepartners-display-component---NewPartner--partnerDetailInternal-arrow"}]}
RESULT: {"script":"<script> [1562 bytes]","args":[{"selector":{"id":"application-managepartners-display-component---NewPartner--partnerDetailInternal-arrow"},"wdio_ui5_key":"applicationmanagepartners-display-component---NewPartner--partnerDetailInternal-arrow"}]}
RESULT: undefined
COMMAND: POST /session/293c5cce68a4e627b0c1e3a644c6160b/element - {"using":"xpath","value":"//*[@id=\"application-managepartners-display-component---NewPartner--partnerDetailInternal-arrow\"]"}
RESULT: {"using":"xpath","value":"//*[@id=\"application-managepartners-display-component---NewPartner--partnerDetailInternal-arrow\"]"}
COMMAND: POST /session/293c5cce68a4e627b0c1e3a644c6160b/element/f.01782A26726534229B57CD9AA69B47B8.d.C40DEA3E9D044D8B30BE60E458BB1BF1.e.1332/click - {}
RESULT: {}
COMMAND: POST /session/293c5cce68a4e627b0c1e3a644c6160b/element - {"using":"xpath","value":"//span[contains(text(), \"External partner\")]"}
COMMAND: GET /session/293c5cce68a4e627b0c1e3a644c6160b/screenshot - {}
RESULT: {"using":"xpath","value":"//span[contains(text(), \"External partner\")]"}
COMMAND: POST /session/293c5cce68a4e627b0c1e3a644c6160b/element/f.01782A26726534229B57CD9AA69B47B8.d.C40DEA3E9D044D8B30BE60E458BB1BF1.e.1333/click - {}
RESULT: {}
RESULT: {}
COMMAND: POST /session/293c5cce68a4e627b0c1e3a644c6160b/execute/async - {"script":"<script> [1562 bytes]","args":[{"selector":{"id":"application-managepartners-display-component---NewPartner--partnerDetailsCurrency-arrow"},"wdio_ui5_key":"applicationmanagepartners-display-component---NewPartner--partnerDetailsCurrency-arrow"}]}
COMMAND: GET /session/293c5cce68a4e627b0c1e3a644c6160b/screenshot - {}
RESULT: {"script":"<script> [1562 bytes]","args":[{"selector":{"id":"application-managepartners-display-component---NewPartner--partnerDetailsCurrency-arrow"},"wdio_ui5_key":"applicationmanagepartners-display-component---NewPartner--partnerDetailsCurrency-arrow"}]}
RESULT: undefined
COMMAND: POST /session/293c5cce68a4e627b0c1e3a644c6160b/element - {"using":"xpath","value":"//*[@id=\"application-managepartners-display-component---NewPartner--partnerDetailsCurrency-arrow\"]"}
RESULT: {}
RESULT: {"using":"xpath","value":"//*[@id=\"application-managepartners-display-component---NewPartner--partnerDetailsCurrency-arrow\"]"}
COMMAND: POST /session/293c5cce68a4e627b0c1e3a644c6160b/element/f.01782A26726534229B57CD9AA69B47B8.d.C40DEA3E9D044D8B30BE60E458BB1BF1.e.1338/click - {}
RESULT: {}
COMMAND: POST /session/293c5cce68a4e627b0c1e3a644c6160b/element - {"using":"xpath","value":"//span[contains(text(), \"US Dollar\")]"}
COMMAND: GET /session/293c5cce68a4e627b0c1e3a644c6160b/screenshot - {}
RESULT: {"using":"xpath","value":"//span[contains(text(), \"US Dollar\")]"}
COMMAND: POST /session/293c5cce68a4e627b0c1e3a644c6160b/element/f.01782A26726534229B57CD9AA69B47B8.d.C40DEA3E9D044D8B30BE60E458BB1BF1.e.1339/click - {}
RESULT: {}
RESULT: {}
COMMAND: GET /session/293c5cce68a4e627b0c1e3a644c6160b/screenshot - {}
RESULT: {}
COMMAND: POST /session/293c5cce68a4e627b0c1e3a644c6160b/element - {"using":"xpath","value":"//input[@id=\"application-managepartners-display-component---NewPartner--companyCodeComboBox-inner\"]"}
RESULT: {"using":"xpath","value":"//input[@id=\"application-managepartners-display-component---NewPartner--companyCodeComboBox-inner\"]"}
COMMAND: POST /session/293c5cce68a4e627b0c1e3a644c6160b/element/f.01782A26726534229B57CD9AA69B47B8.d.C40DEA3E9D044D8B30BE60E458BB1BF1.e.1190/clear - {}
RESULT: {}
COMMAND: POST /session/293c5cce68a4e627b0c1e3a644c6160b/element/f.01782A26726534229B57CD9AA69B47B8.d.C40DEA3E9D044D8B30BE60E458BB1BF1.e.1190/value - {"text":"C002"}
COMMAND: GET /session/293c5cce68a4e627b0c1e3a644c6160b/screenshot - {}
RESULT: {"text":"C002"}
COMMAND: GET /session/293c5cce68a4e627b0c1e3a644c6160b/screenshot - {}
RESULT: {}
RESULT: {}
COMMAND: POST /session/293c5cce68a4e627b0c1e3a644c6160b/element - {"using":"xpath","value":"//li[.//span[text()= \"C002\"]]"}
RESULT: {"using":"xpath","value":"//li[.//span[text()= \"C002\"]]"}
COMMAND: POST /session/293c5cce68a4e627b0c1e3a644c6160b/element/f.01782A26726534229B57CD9AA69B47B8.d.C40DEA3E9D044D8B30BE60E458BB1BF1.e.1343/click - {}
RESULT: {}
COMMAND: GET /session/293c5cce68a4e627b0c1e3a644c6160b/screenshot - {}
RESULT: {}
COMMAND: POST /session/293c5cce68a4e627b0c1e3a644c6160b/execute/async - {"script":"<script> [1562 bytes]","args":[{"selector":{"id":"application-managepartners-display-component---NewPartner--btnAddTableRow-img"},"wdio_ui5_key":"applicationmanagepartners-display-component---NewPartner--btnAddTableRow-img"}]}
RESULT: {"script":"<script> [1562 bytes]","args":[{"selector":{"id":"application-managepartners-display-component---NewPartner--btnAddTableRow-img"},"wdio_ui5_key":"applicationmanagepartners-display-component---NewPartner--btnAddTableRow-img"}]}
RESULT: undefined
COMMAND: POST /session/293c5cce68a4e627b0c1e3a644c6160b/element - {"using":"xpath","value":"//*[@id=\"application-managepartners-display-component---NewPartner--btnAddTableRow-img\"]"}
RESULT: {"using":"xpath","value":"//*[@id=\"application-managepartners-display-component---NewPartner--btnAddTableRow-img\"]"}
COMMAND: POST /session/293c5cce68a4e627b0c1e3a644c6160b/element/f.01782A26726534229B57CD9AA69B47B8.d.C40DEA3E9D044D8B30BE60E458BB1BF1.e.1344/click - {}
RESULT: {}
COMMAND: GET /session/293c5cce68a4e627b0c1e3a644c6160b/screenshot - {}
RESULT: {}
COMMAND: POST /session/293c5cce68a4e627b0c1e3a644c6160b/element - {"using":"xpath","value":"//input[@id=\"application-managepartners-display-component---NewPartner--assignmentYard-application-managepartners-display-component---NewPartner--assignmentsTable-0-inner\"]"}
RESULT: {"using":"xpath","value":"//input[@id=\"application-managepartners-display-component---NewPartner--assignmentYard-application-managepartners-display-component---NewPartner--assignmentsTable-0-inner\"]"}
COMMAND: POST /session/293c5cce68a4e627b0c1e3a644c6160b/element/f.01782A26726534229B57CD9AA69B47B8.d.C40DEA3E9D044D8B30BE60E458BB1BF1.e.1347/clear - {}
RESULT: {}
COMMAND: POST /session/293c5cce68a4e627b0c1e3a644c6160b/element/f.01782A26726534229B57CD9AA69B47B8.d.C40DEA3E9D044D8B30BE60E458BB1BF1.e.1347/value - {"text":"189"}
COMMAND: GET /session/293c5cce68a4e627b0c1e3a644c6160b/screenshot - {}
RESULT: {"text":"189"}
COMMAND: GET /session/293c5cce68a4e627b0c1e3a644c6160b/screenshot - {}
RESULT: {}
RESULT: {}
COMMAND: POST /session/293c5cce68a4e627b0c1e3a644c6160b/element - {"using":"xpath","value":"//li[.//span[text()='189']]"}
RESULT: {"using":"xpath","value":"//li[.//span[text()='189']]"}
COMMAND: POST /session/293c5cce68a4e627b0c1e3a644c6160b/element/f.01782A26726534229B57CD9AA69B47B8.d.C40DEA3E9D044D8B30BE60E458BB1BF1.e.1355/click - {}
RESULT: {}
COMMAND: GET /session/293c5cce68a4e627b0c1e3a644c6160b/screenshot - {}
RESULT: {}
COMMAND: POST /session/293c5cce68a4e627b0c1e3a644c6160b/actions - {"actions":[{"id":"action2","type":"key","parameters":{},"actions":[{"type":"keyDown","value":"î€‡"},{"type":"pause","duration":10},{"type":"keyUp","value":"î€‡"}]}]}
RESULT: {"actions":[{"id":"action2","type":"key","parameters":{},"actions":[{"type":"keyDown","value":"î€‡"},{"type":"pause","duration":10},{"type":"keyUp","value":"î€‡"}]}]}
COMMAND: POST /session/293c5cce68a4e627b0c1e3a644c6160b/element - {"using":"xpath","value":"//td[contains(@id, \"assignmentsTable-0-cell2\")]/div/div"}
COMMAND: GET /session/293c5cce68a4e627b0c1e3a644c6160b/screenshot - {}
RESULT: {"using":"xpath","value":"//td[contains(@id, \"assignmentsTable-0-cell2\")]/div/div"}
COMMAND: POST /session/293c5cce68a4e627b0c1e3a644c6160b/element/f.01782A26726534229B57CD9AA69B47B8.d.C40DEA3E9D044D8B30BE60E458BB1BF1.e.1358/click - {}
RESULT: {}
RESULT: {}
COMMAND: GET /session/293c5cce68a4e627b0c1e3a644c6160b/screenshot - {}
RESULT: {}
COMMAND: POST /session/293c5cce68a4e627b0c1e3a644c6160b/element - {"using":"xpath","value":"//button[@data-kt=\"saveButton\"]"}
RESULT: {"using":"xpath","value":"//button[@data-kt=\"saveButton\"]"}
COMMAND: POST /session/293c5cce68a4e627b0c1e3a644c6160b/element/f.01782A26726534229B57CD9AA69B47B8.d.C40DEA3E9D044D8B30BE60E458BB1BF1.e.1233/click - {}
RESULT: {}
COMMAND: GET /session/293c5cce68a4e627b0c1e3a644c6160b/screenshot - {}
RESULT: {}
COMMAND: POST /session/293c5cce68a4e627b0c1e3a644c6160b/element - {"using":"xpath","value":"//header[contains(@id, 'ObjectPageLayout-headerTitle')]/div[1]/div[2]/div[2]/span[1]"}
RESULT: {"using":"xpath","value":"//header[contains(@id, 'ObjectPageLayout-headerTitle')]/div[1]/div[2]/div[2]/span[1]"}
COMMAND: POST /session/293c5cce68a4e627b0c1e3a644c6160b/elements - {"using":"xpath","value":"//header[contains(@id, 'ObjectPageLayout-headerTitle')]/div[1]/div[2]/div[2]/span[1]"}
RESULT: {"using":"xpath","value":"//header[contains(@id, 'ObjectPageLayout-headerTitle')]/div[1]/div[2]/div[2]/span[1]"}
COMMAND: POST /session/293c5cce68a4e627b0c1e3a644c6160b/execute/sync - {"script":"<script> [56 bytes]","args":[{"element-6066-11e4-a52e-4f735466cecf":"f.01782A26726534229B57CD9AA69B47B8.d.C40DEA3E9D044D8B30BE60E458BB1BF1.e.1460","ELEMENT":"f.01782A26726534229B57CD9AA69B47B8.d.C40DEA3E9D044D8B30BE60E458BB1BF1.e.1460"}]}
RESULT: {"script":"<script> [56 bytes]","args":[{"element-6066-11e4-a52e-4f735466cecf":"f.01782A26726534229B57CD9AA69B47B8.d.C40DEA3E9D044D8B30BE60E458BB1BF1.e.1460","ELEMENT":"f.01782A26726534229B57CD9AA69B47B8.d.C40DEA3E9D044D8B30BE60E458BB1BF1.e.1460"}]}
COMMAND: POST /session/293c5cce68a4e627b0c1e3a644c6160b/element - {"using":"css selector","value":"#shell-header-logo"}
COMMAND: GET /session/293c5cce68a4e627b0c1e3a644c6160b/screenshot - {}
RESULT: {"using":"css selector","value":"#shell-header-logo"}
COMMAND: POST /session/293c5cce68a4e627b0c1e3a644c6160b/element/f.01782A26726534229B57CD9AA69B47B8.d.C40DEA3E9D044D8B30BE60E458BB1BF1.e.955/click - {}
RESULT: {}
RESULT: {}
COMMAND: GET /session/293c5cce68a4e627b0c1e3a644c6160b/screenshot - {}
RESULT: {}
COMMAND: POST /session/293c5cce68a4e627b0c1e3a644c6160b/execute/sync - {"script":"<script> [299 bytes]","args":[["getModel","getResource"]]}
RESULT: {"script":"<script> [299 bytes]","args":[["getModel","getResource"]]}
]]></system-out>
    </testcase>
    <testcase classname="chrome.136_0_7103_49.windows.Stock_increase_-_with_WHM_US125587" name="Should create a new WHM site" time="87.661">
      <system-out><![CDATA[
COMMAND: GET /session/293c5cce68a4e627b0c1e3a644c6160b/screenshot - {}
COMMAND: POST /session/293c5cce68a4e627b0c1e3a644c6160b/execute/async - {"script":"<script> [1562 bytes]","args":[{"selector":{"controlType":"sap.m.TileContent","bindingPath":{"path":"","propertyPath":"/properties/info"},"ancestor":{"controlType":"sap.m.GenericTile","properties":{"header":"Manage Sites"}}},"wdio_ui5_key":"sapm.TileContent{\"path\":\"\",\"propertyPath\":\"/properties/info\"}{\"controlType\":\"sap.m.GenericTile\",\"properties\":{\"header\":\"Manage Sites\"}}"}]}
RESULT: {}
RESULT: {"script":"<script> [1562 bytes]","args":[{"selector":{"controlType":"sap.m.TileContent","bindingPath":{"path":"","propertyPath":"/properties/info"},"ancestor":{"controlType":"sap.m.GenericTile","properties":{"header":"Manage Sites"}}},"wdio_ui5_key":"sapm.TileContent{\"path\":\"\",\"propertyPath\":\"/properties/info\"}{\"controlType\":\"sap.m.GenericTile\",\"properties\":{\"header\":\"Manage Sites\"}}"}]}
RESULT: undefined
COMMAND: POST /session/293c5cce68a4e627b0c1e3a644c6160b/element - {"using":"xpath","value":"//*[@id=\"__xmlview7--numericTileContent\"]"}
RESULT: {"using":"xpath","value":"//*[@id=\"__xmlview7--numericTileContent\"]"}
COMMAND: POST /session/293c5cce68a4e627b0c1e3a644c6160b/element/f.01782A26726534229B57CD9AA69B47B8.d.C40DEA3E9D044D8B30BE60E458BB1BF1.e.1462/click - {}
RESULT: {}
COMMAND: POST /session/293c5cce68a4e627b0c1e3a644c6160b/element - {"using":"xpath","value":"//button[@data-kt=\"addOverflowToolbarButton\"]"}
COMMAND: GET /session/293c5cce68a4e627b0c1e3a644c6160b/screenshot - {}
RESULT: {"using":"xpath","value":"//button[@data-kt=\"addOverflowToolbarButton\"]"}
COMMAND: POST /session/293c5cce68a4e627b0c1e3a644c6160b/elements - {"using":"xpath","value":"//button[@data-kt=\"addOverflowToolbarButton\"]"}
RESULT: {}
RESULT: {"using":"xpath","value":"//button[@data-kt=\"addOverflowToolbarButton\"]"}
COMMAND: POST /session/293c5cce68a4e627b0c1e3a644c6160b/elements - {"using":"xpath","value":"//button[@data-kt=\"addOverflowToolbarButton\"]"}
RESULT: {"using":"xpath","value":"//button[@data-kt=\"addOverflowToolbarButton\"]"}
COMMAND: POST /session/293c5cce68a4e627b0c1e3a644c6160b/elements - {"using":"xpath","value":"//button[@data-kt=\"addOverflowToolbarButton\"]"}
RESULT: {"using":"xpath","value":"//button[@data-kt=\"addOverflowToolbarButton\"]"}
COMMAND: POST /session/293c5cce68a4e627b0c1e3a644c6160b/elements - {"using":"xpath","value":"//button[@data-kt=\"addOverflowToolbarButton\"]"}
RESULT: {"using":"xpath","value":"//button[@data-kt=\"addOverflowToolbarButton\"]"}
COMMAND: POST /session/293c5cce68a4e627b0c1e3a644c6160b/elements - {"using":"xpath","value":"//button[@data-kt=\"addOverflowToolbarButton\"]"}
RESULT: {"using":"xpath","value":"//button[@data-kt=\"addOverflowToolbarButton\"]"}
COMMAND: POST /session/293c5cce68a4e627b0c1e3a644c6160b/elements - {"using":"xpath","value":"//button[@data-kt=\"addOverflowToolbarButton\"]"}
RESULT: {"using":"xpath","value":"//button[@data-kt=\"addOverflowToolbarButton\"]"}
COMMAND: POST /session/293c5cce68a4e627b0c1e3a644c6160b/element - {"using":"xpath","value":"//button[@data-kt=\"addOverflowToolbarButton\"]"}
RESULT: {"using":"xpath","value":"//button[@data-kt=\"addOverflowToolbarButton\"]"}
COMMAND: POST /session/293c5cce68a4e627b0c1e3a644c6160b/execute/sync - {"script":"<script> [8489 bytes]","args":[{"element-6066-11e4-a52e-4f735466cecf":"f.01782A26726534229B57CD9AA69B47B8.d.C40DEA3E9D044D8B30BE60E458BB1BF1.e.1509","ELEMENT":"f.01782A26726534229B57CD9AA69B47B8.d.C40DEA3E9D044D8B30BE60E458BB1BF1.e.1509"}]}
RESULT: {"script":"<script> [8489 bytes]","args":[{"element-6066-11e4-a52e-4f735466cecf":"f.01782A26726534229B57CD9AA69B47B8.d.C40DEA3E9D044D8B30BE60E458BB1BF1.e.1509","ELEMENT":"f.01782A26726534229B57CD9AA69B47B8.d.C40DEA3E9D044D8B30BE60E458BB1BF1.e.1509"}]}
COMMAND: GET /session/293c5cce68a4e627b0c1e3a644c6160b/element/f.01782A26726534229B57CD9AA69B47B8.d.C40DEA3E9D044D8B30BE60E458BB1BF1.e.1509/enabled - {}
COMMAND: GET /session/293c5cce68a4e627b0c1e3a644c6160b/screenshot - {}
RESULT: {}
COMMAND: POST /session/293c5cce68a4e627b0c1e3a644c6160b/execute/sync - {"script":"<script> [8489 bytes]","args":[{"element-6066-11e4-a52e-4f735466cecf":"f.01782A26726534229B57CD9AA69B47B8.d.C40DEA3E9D044D8B30BE60E458BB1BF1.e.1509","ELEMENT":"f.01782A26726534229B57CD9AA69B47B8.d.C40DEA3E9D044D8B30BE60E458BB1BF1.e.1509"}]}
COMMAND: GET /session/293c5cce68a4e627b0c1e3a644c6160b/screenshot - {}
RESULT: {}
RESULT: {"script":"<script> [8489 bytes]","args":[{"element-6066-11e4-a52e-4f735466cecf":"f.01782A26726534229B57CD9AA69B47B8.d.C40DEA3E9D044D8B30BE60E458BB1BF1.e.1509","ELEMENT":"f.01782A26726534229B57CD9AA69B47B8.d.C40DEA3E9D044D8B30BE60E458BB1BF1.e.1509"}]}
COMMAND: POST /session/293c5cce68a4e627b0c1e3a644c6160b/execute/sync - {"script":"<script> [5351 bytes]","args":[{"element-6066-11e4-a52e-4f735466cecf":"f.01782A26726534229B57CD9AA69B47B8.d.C40DEA3E9D044D8B30BE60E458BB1BF1.e.1509","ELEMENT":"f.01782A26726534229B57CD9AA69B47B8.d.C40DEA3E9D044D8B30BE60E458BB1BF1.e.1509"}]}
COMMAND: GET /session/293c5cce68a4e627b0c1e3a644c6160b/screenshot - {}
RESULT: {}
RESULT: {"script":"<script> [5351 bytes]","args":[{"element-6066-11e4-a52e-4f735466cecf":"f.01782A26726534229B57CD9AA69B47B8.d.C40DEA3E9D044D8B30BE60E458BB1BF1.e.1509","ELEMENT":"f.01782A26726534229B57CD9AA69B47B8.d.C40DEA3E9D044D8B30BE60E458BB1BF1.e.1509"}]}
COMMAND: POST /session/293c5cce68a4e627b0c1e3a644c6160b/element/f.01782A26726534229B57CD9AA69B47B8.d.C40DEA3E9D044D8B30BE60E458BB1BF1.e.1509/click - {}
COMMAND: GET /session/293c5cce68a4e627b0c1e3a644c6160b/screenshot - {}
RESULT: {}
RESULT: {}
COMMAND: GET /session/293c5cce68a4e627b0c1e3a644c6160b/screenshot - {}
RESULT: {}
RESULT: {}
COMMAND: POST /session/293c5cce68a4e627b0c1e3a644c6160b/element - {"using":"xpath","value":"//input[@id=\"application-managesites-display-component---NewSite--siteId-inner\"]"}
RESULT: {"using":"xpath","value":"//input[@id=\"application-managesites-display-component---NewSite--siteId-inner\"]"}
COMMAND: POST /session/293c5cce68a4e627b0c1e3a644c6160b/element - {"using":"xpath","value":"//input[@id=\"application-managesites-display-component---NewSite--siteId-inner\"]"}
RESULT: {"using":"xpath","value":"//input[@id=\"application-managesites-display-component---NewSite--siteId-inner\"]"}
COMMAND: POST /session/293c5cce68a4e627b0c1e3a644c6160b/execute/async - {"script":"<script> [1562 bytes]","args":[{"selector":{"id":"application-managesites-display-component---NewSite--addressDetailDetailsName1","interaction":{"idSuffix":"inner"}},"wdio_ui5_key":"applicationmanagesites-display-component---NewSite--addressDetailDetailsName1"}]}
RESULT: {"script":"<script> [1562 bytes]","args":[{"selector":{"id":"application-managesites-display-component---NewSite--addressDetailDetailsName1","interaction":{"idSuffix":"inner"}},"wdio_ui5_key":"applicationmanagesites-display-component---NewSite--addressDetailDetailsName1"}]}
RESULT: undefined
COMMAND: POST /session/293c5cce68a4e627b0c1e3a644c6160b/execute/async - {"script":"<script> [776 bytes]","args":[{"enterText":"Warehouse Managed Site WDIO","selector":{"id":"application-managesites-display-component---NewSite--addressDetailDetailsName1","interaction":{"idSuffix":"inner"}},"clearTextFirst":true,"interactionType":"ENTER_TEXT"}]}
RESULT: {"script":"<script> [776 bytes]","args":[{"enterText":"Warehouse Managed Site WDIO","selector":{"id":"application-managesites-display-component---NewSite--addressDetailDetailsName1","interaction":{"idSuffix":"inner"}},"clearTextFirst":true,"interactionType":"ENTER_TEXT"}]}
COMMAND: POST /session/293c5cce68a4e627b0c1e3a644c6160b/execute/async - {"script":"<script> [1562 bytes]","args":[{"selector":{"id":"application-managesites-display-component---NewSite--addressDetailDetailsLanguage-arrow"},"wdio_ui5_key":"applicationmanagesites-display-component---NewSite--addressDetailDetailsLanguage-arrow"}]}
RESULT: {"script":"<script> [1562 bytes]","args":[{"selector":{"id":"application-managesites-display-component---NewSite--addressDetailDetailsLanguage-arrow"},"wdio_ui5_key":"applicationmanagesites-display-component---NewSite--addressDetailDetailsLanguage-arrow"}]}
RESULT: undefined
COMMAND: POST /session/293c5cce68a4e627b0c1e3a644c6160b/element - {"using":"xpath","value":"//*[@id=\"application-managesites-display-component---NewSite--addressDetailDetailsLanguage-arrow\"]"}
RESULT: {"using":"xpath","value":"//*[@id=\"application-managesites-display-component---NewSite--addressDetailDetailsLanguage-arrow\"]"}
COMMAND: POST /session/293c5cce68a4e627b0c1e3a644c6160b/element/f.01782A26726534229B57CD9AA69B47B8.d.C40DEA3E9D044D8B30BE60E458BB1BF1.e.1809/click - {}
RESULT: {}
COMMAND: POST /session/293c5cce68a4e627b0c1e3a644c6160b/element - {"using":"xpath","value":"//span[contains(text(), \"English\")]"}
COMMAND: GET /session/293c5cce68a4e627b0c1e3a644c6160b/screenshot - {}
RESULT: {"using":"xpath","value":"//span[contains(text(), \"English\")]"}
COMMAND: POST /session/293c5cce68a4e627b0c1e3a644c6160b/element/f.01782A26726534229B57CD9AA69B47B8.d.C40DEA3E9D044D8B30BE60E458BB1BF1.e.1810/click - {}
RESULT: {}
RESULT: {}
COMMAND: POST /session/293c5cce68a4e627b0c1e3a644c6160b/execute/async - {"script":"<script> [1562 bytes]","args":[{"selector":{"id":"application-managesites-display-component---NewSite--addressDetailDetailsCity1","interaction":{"idSuffix":"inner"}},"wdio_ui5_key":"applicationmanagesites-display-component---NewSite--addressDetailDetailsCity1"}]}
COMMAND: GET /session/293c5cce68a4e627b0c1e3a644c6160b/screenshot - {}
RESULT: {"script":"<script> [1562 bytes]","args":[{"selector":{"id":"application-managesites-display-component---NewSite--addressDetailDetailsCity1","interaction":{"idSuffix":"inner"}},"wdio_ui5_key":"applicationmanagesites-display-component---NewSite--addressDetailDetailsCity1"}]}
RESULT: undefined
COMMAND: POST /session/293c5cce68a4e627b0c1e3a644c6160b/execute/async - {"script":"<script> [776 bytes]","args":[{"enterText":"Rosario","selector":{"id":"application-managesites-display-component---NewSite--addressDetailDetailsCity1","interaction":{"idSuffix":"inner"}},"clearTextFirst":true,"interactionType":"ENTER_TEXT"}]}
RESULT: {}
RESULT: {"script":"<script> [776 bytes]","args":[{"enterText":"Rosario","selector":{"id":"application-managesites-display-component---NewSite--addressDetailDetailsCity1","interaction":{"idSuffix":"inner"}},"clearTextFirst":true,"interactionType":"ENTER_TEXT"}]}
COMMAND: POST /session/293c5cce68a4e627b0c1e3a644c6160b/execute/async - {"script":"<script> [1562 bytes]","args":[{"selector":{"id":"application-managesites-display-component---NewSite--addressDetailDetailsCountry-arrow"},"wdio_ui5_key":"applicationmanagesites-display-component---NewSite--addressDetailDetailsCountry-arrow"}]}
RESULT: {"script":"<script> [1562 bytes]","args":[{"selector":{"id":"application-managesites-display-component---NewSite--addressDetailDetailsCountry-arrow"},"wdio_ui5_key":"applicationmanagesites-display-component---NewSite--addressDetailDetailsCountry-arrow"}]}
RESULT: undefined
COMMAND: POST /session/293c5cce68a4e627b0c1e3a644c6160b/element - {"using":"xpath","value":"//*[@id=\"application-managesites-display-component---NewSite--addressDetailDetailsCountry-arrow\"]"}
RESULT: {"using":"xpath","value":"//*[@id=\"application-managesites-display-component---NewSite--addressDetailDetailsCountry-arrow\"]"}
COMMAND: POST /session/293c5cce68a4e627b0c1e3a644c6160b/element/f.01782A26726534229B57CD9AA69B47B8.d.C40DEA3E9D044D8B30BE60E458BB1BF1.e.1812/click - {}
RESULT: {}
COMMAND: POST /session/293c5cce68a4e627b0c1e3a644c6160b/element - {"using":"xpath","value":"//span[contains(text(), \"Argentina\")]"}
COMMAND: GET /session/293c5cce68a4e627b0c1e3a644c6160b/screenshot - {}
RESULT: {"using":"xpath","value":"//span[contains(text(), \"Argentina\")]"}
COMMAND: POST /session/293c5cce68a4e627b0c1e3a644c6160b/element/f.01782A26726534229B57CD9AA69B47B8.d.C40DEA3E9D044D8B30BE60E458BB1BF1.e.1813/click - {}
RESULT: {}
RESULT: {}
COMMAND: GET /session/293c5cce68a4e627b0c1e3a644c6160b/screenshot - {}
RESULT: {}
COMMAND: POST /session/293c5cce68a4e627b0c1e3a644c6160b/execute/async - {"script":"<script> [1562 bytes]","args":[{"selector":{"id":"application-managesites-display-component---NewSite--addressEditDetailsCostObjectCstType-arrow"},"wdio_ui5_key":"applicationmanagesites-display-component---NewSite--addressEditDetailsCostObjectCstType-arrow"}]}
RESULT: {"script":"<script> [1562 bytes]","args":[{"selector":{"id":"application-managesites-display-component---NewSite--addressEditDetailsCostObjectCstType-arrow"},"wdio_ui5_key":"applicationmanagesites-display-component---NewSite--addressEditDetailsCostObjectCstType-arrow"}]}
RESULT: undefined
COMMAND: POST /session/293c5cce68a4e627b0c1e3a644c6160b/element - {"using":"xpath","value":"//*[@id=\"application-managesites-display-component---NewSite--addressEditDetailsCostObjectCstType-arrow\"]"}
RESULT: {"using":"xpath","value":"//*[@id=\"application-managesites-display-component---NewSite--addressEditDetailsCostObjectCstType-arrow\"]"}
COMMAND: POST /session/293c5cce68a4e627b0c1e3a644c6160b/element/f.01782A26726534229B57CD9AA69B47B8.d.C40DEA3E9D044D8B30BE60E458BB1BF1.e.1815/click - {}
RESULT: {}
COMMAND: POST /session/293c5cce68a4e627b0c1e3a644c6160b/element - {"using":"xpath","value":"//span[contains(text(), \"Cost Center\")]"}
COMMAND: GET /session/293c5cce68a4e627b0c1e3a644c6160b/screenshot - {}
RESULT: {"using":"xpath","value":"//span[contains(text(), \"Cost Center\")]"}
COMMAND: POST /session/293c5cce68a4e627b0c1e3a644c6160b/element/f.01782A26726534229B57CD9AA69B47B8.d.C40DEA3E9D044D8B30BE60E458BB1BF1.e.1816/click - {}
RESULT: {}
RESULT: {}
COMMAND: GET /session/293c5cce68a4e627b0c1e3a644c6160b/screenshot - {}
RESULT: {}
COMMAND: POST /session/293c5cce68a4e627b0c1e3a644c6160b/element - {"using":"xpath","value":"//span[@id=\"application-managesites-display-component---NewSite--addressNewCostObjectCstID-vhi\"]"}
RESULT: {"using":"xpath","value":"//span[@id=\"application-managesites-display-component---NewSite--addressNewCostObjectCstID-vhi\"]"}
COMMAND: POST /session/293c5cce68a4e627b0c1e3a644c6160b/execute/sync - {"script":"<script> [8489 bytes]","args":[{"element-6066-11e4-a52e-4f735466cecf":"f.01782A26726534229B57CD9AA69B47B8.d.C40DEA3E9D044D8B30BE60E458BB1BF1.e.1821","ELEMENT":"f.01782A26726534229B57CD9AA69B47B8.d.C40DEA3E9D044D8B30BE60E458BB1BF1.e.1821"}]}
RESULT: {"script":"<script> [8489 bytes]","args":[{"element-6066-11e4-a52e-4f735466cecf":"f.01782A26726534229B57CD9AA69B47B8.d.C40DEA3E9D044D8B30BE60E458BB1BF1.e.1821","ELEMENT":"f.01782A26726534229B57CD9AA69B47B8.d.C40DEA3E9D044D8B30BE60E458BB1BF1.e.1821"}]}
COMMAND: POST /session/293c5cce68a4e627b0c1e3a644c6160b/execute/async - {"script":"<script> [1562 bytes]","args":[{"selector":{"id":"application-managesites-display-component---NewSite--addressNewCostObjectCstID-vhi"},"wdio_ui5_key":"applicationmanagesites-display-component---NewSite--addressNewCostObjectCstID-vhi"}]}
COMMAND: GET /session/293c5cce68a4e627b0c1e3a644c6160b/screenshot - {}
RESULT: {"script":"<script> [1562 bytes]","args":[{"selector":{"id":"application-managesites-display-component---NewSite--addressNewCostObjectCstID-vhi"},"wdio_ui5_key":"applicationmanagesites-display-component---NewSite--addressNewCostObjectCstID-vhi"}]}
RESULT: undefined
COMMAND: POST /session/293c5cce68a4e627b0c1e3a644c6160b/element - {"using":"xpath","value":"//*[@id=\"application-managesites-display-component---NewSite--addressNewCostObjectCstID-vhi\"]"}
RESULT: {}
RESULT: {"using":"xpath","value":"//*[@id=\"application-managesites-display-component---NewSite--addressNewCostObjectCstID-vhi\"]"}
COMMAND: POST /session/293c5cce68a4e627b0c1e3a644c6160b/element/f.01782A26726534229B57CD9AA69B47B8.d.C40DEA3E9D044D8B30BE60E458BB1BF1.e.1821/click - {}
RESULT: {}
COMMAND: GET /session/293c5cce68a4e627b0c1e3a644c6160b/screenshot - {}
RESULT: {}
RESULT: undefined
COMMAND: POST /session/293c5cce68a4e627b0c1e3a644c6160b/execute/async - {"script":"<script> [776 bytes]","args":[{"enterText":"10001013","selector":{"controlType":"sap.m.SearchField","properties":{"placeholder":"Search"},"searchOpenDialogs":true,"interaction":{"idSuffix":"I"}},"clearTextFirst":true,"interactionType":"ENTER_TEXT"}]}
RESULT: {"script":"<script> [776 bytes]","args":[{"enterText":"10001013","selector":{"controlType":"sap.m.SearchField","properties":{"placeholder":"Search"},"searchOpenDialogs":true,"interaction":{"idSuffix":"I"}},"clearTextFirst":true,"interactionType":"ENTER_TEXT"}]}
COMMAND: POST /session/293c5cce68a4e627b0c1e3a644c6160b/actions - {"actions":[{"id":"action3","type":"key","parameters":{},"actions":[{"type":"keyDown","value":"î€‡"},{"type":"pause","duration":10},{"type":"keyUp","value":"î€‡"}]}]}
RESULT: {"actions":[{"id":"action3","type":"key","parameters":{},"actions":[{"type":"keyDown","value":"î€‡"},{"type":"pause","duration":10},{"type":"keyUp","value":"î€‡"}]}]}
COMMAND: GET /session/293c5cce68a4e627b0c1e3a644c6160b/screenshot - {}
RESULT: {}
COMMAND: POST /session/293c5cce68a4e627b0c1e3a644c6160b/element - {"using":"xpath","value":"//span[contains(text(), \"General Management\")]"}
RESULT: {"using":"xpath","value":"//span[contains(text(), \"General Management\")]"}
COMMAND: POST /session/293c5cce68a4e627b0c1e3a644c6160b/element/f.01782A26726534229B57CD9AA69B47B8.d.C40DEA3E9D044D8B30BE60E458BB1BF1.e.1861/click - {}
RESULT: {}
COMMAND: GET /session/293c5cce68a4e627b0c1e3a644c6160b/screenshot - {}
RESULT: {}
COMMAND: POST /session/293c5cce68a4e627b0c1e3a644c6160b/element - {"using":"xpath","value":"//bdi[contains(text(), \"OK\")]"}
RESULT: {"using":"xpath","value":"//bdi[contains(text(), \"OK\")]"}
COMMAND: POST /session/293c5cce68a4e627b0c1e3a644c6160b/element/f.01782A26726534229B57CD9AA69B47B8.d.C40DEA3E9D044D8B30BE60E458BB1BF1.e.1862/click - {}
RESULT: {}
COMMAND: GET /session/293c5cce68a4e627b0c1e3a644c6160b/screenshot - {}
RESULT: {}
COMMAND: POST /session/293c5cce68a4e627b0c1e3a644c6160b/element - {"using":"xpath","value":"//input[@id=\"application-managesites-display-component---NewSite--addressDetailDetailsCalendar-inner\"]"}
RESULT: {"using":"xpath","value":"//input[@id=\"application-managesites-display-component---NewSite--addressDetailDetailsCalendar-inner\"]"}
COMMAND: POST /session/293c5cce68a4e627b0c1e3a644c6160b/element/f.01782A26726534229B57CD9AA69B47B8.d.C40DEA3E9D044D8B30BE60E458BB1BF1.e.1622/clear - {}
RESULT: {}
COMMAND: POST /session/293c5cce68a4e627b0c1e3a644c6160b/element/f.01782A26726534229B57CD9AA69B47B8.d.C40DEA3E9D044D8B30BE60E458BB1BF1.e.1622/value - {"text":"Unit"}
COMMAND: GET /session/293c5cce68a4e627b0c1e3a644c6160b/screenshot - {}
RESULT: {"text":"Unit"}
COMMAND: GET /session/293c5cce68a4e627b0c1e3a644c6160b/screenshot - {}
RESULT: {}
RESULT: {}
COMMAND: POST /session/293c5cce68a4e627b0c1e3a644c6160b/actions - {"actions":[{"id":"action4","type":"key","parameters":{},"actions":[{"type":"keyDown","value":"î€‡"},{"type":"pause","duration":10},{"type":"keyUp","value":"î€‡"}]}]}
RESULT: {"actions":[{"id":"action4","type":"key","parameters":{},"actions":[{"type":"keyDown","value":"î€‡"},{"type":"pause","duration":10},{"type":"keyUp","value":"î€‡"}]}]}
COMMAND: POST /session/293c5cce68a4e627b0c1e3a644c6160b/element - {"using":"xpath","value":"//input[@id=\"application-managesites-display-component---NewSite--addressDetailDetailsYard-inner\"]"}
COMMAND: GET /session/293c5cce68a4e627b0c1e3a644c6160b/screenshot - {}
RESULT: {"using":"xpath","value":"//input[@id=\"application-managesites-display-component---NewSite--addressDetailDetailsYard-inner\"]"}
COMMAND: POST /session/293c5cce68a4e627b0c1e3a644c6160b/element/f.01782A26726534229B57CD9AA69B47B8.d.C40DEA3E9D044D8B30BE60E458BB1BF1.e.1623/clear - {}
RESULT: {}
RESULT: {}
COMMAND: POST /session/293c5cce68a4e627b0c1e3a644c6160b/element/f.01782A26726534229B57CD9AA69B47B8.d.C40DEA3E9D044D8B30BE60E458BB1BF1.e.1623/value - {"text":"189"}
COMMAND: GET /session/293c5cce68a4e627b0c1e3a644c6160b/screenshot - {}
RESULT: {"text":"189"}
COMMAND: GET /session/293c5cce68a4e627b0c1e3a644c6160b/screenshot - {}
RESULT: {}
RESULT: {}
COMMAND: POST /session/293c5cce68a4e627b0c1e3a644c6160b/element - {"using":"xpath","value":"//li[.//span[text()='189']]"}
RESULT: {"using":"xpath","value":"//li[.//span[text()='189']]"}
COMMAND: POST /session/293c5cce68a4e627b0c1e3a644c6160b/element/f.01782A26726534229B57CD9AA69B47B8.d.C40DEA3E9D044D8B30BE60E458BB1BF1.e.1870/click - {}
RESULT: {}
COMMAND: GET /session/293c5cce68a4e627b0c1e3a644c6160b/screenshot - {}
RESULT: {}
COMMAND: POST /session/293c5cce68a4e627b0c1e3a644c6160b/element - {"using":"xpath","value":"//input[@id=\"application-managesites-display-component---NewSite--addressDetailDetailsPartner-inner\"]"}
RESULT: {"using":"xpath","value":"//input[@id=\"application-managesites-display-component---NewSite--addressDetailDetailsPartner-inner\"]"}
COMMAND: POST /session/293c5cce68a4e627b0c1e3a644c6160b/element - {"using":"xpath","value":"//input[@id=\"application-managesites-display-component---NewSite--addressDetailDetailsPartner-inner\"]"}
RESULT: {"using":"xpath","value":"//input[@id=\"application-managesites-display-component---NewSite--addressDetailDetailsPartner-inner\"]"}
COMMAND: POST /session/293c5cce68a4e627b0c1e3a644c6160b/execute/async - {"script":"<script> [1562 bytes]","args":[{"selector":{"id":"application-managesites-display-component---NewSite--siteWhmCheckBox-label","interaction":{"idSuffix":"bdi"}},"wdio_ui5_key":"applicationmanagesites-display-component---NewSite--siteWhmCheckBox-label"}]}
RESULT: {"script":"<script> [1562 bytes]","args":[{"selector":{"id":"application-managesites-display-component---NewSite--siteWhmCheckBox-label","interaction":{"idSuffix":"bdi"}},"wdio_ui5_key":"applicationmanagesites-display-component---NewSite--siteWhmCheckBox-label"}]}
RESULT: undefined
COMMAND: POST /session/293c5cce68a4e627b0c1e3a644c6160b/element - {"using":"xpath","value":"//*[@id=\"application-managesites-display-component---NewSite--siteWhmCheckBox-label\"]"}
RESULT: {"using":"xpath","value":"//*[@id=\"application-managesites-display-component---NewSite--siteWhmCheckBox-label\"]"}
COMMAND: POST /session/293c5cce68a4e627b0c1e3a644c6160b/element/f.01782A26726534229B57CD9AA69B47B8.d.C40DEA3E9D044D8B30BE60E458BB1BF1.e.1872/click - {}
RESULT: {}
COMMAND: GET /session/293c5cce68a4e627b0c1e3a644c6160b/screenshot - {}
RESULT: {}
COMMAND: POST /session/293c5cce68a4e627b0c1e3a644c6160b/element - {"using":"xpath","value":"//button[@data-kt=\"saveButton\"]"}
RESULT: {"using":"xpath","value":"//button[@data-kt=\"saveButton\"]"}
COMMAND: POST /session/293c5cce68a4e627b0c1e3a644c6160b/element/f.01782A26726534229B57CD9AA69B47B8.d.C40DEA3E9D044D8B30BE60E458BB1BF1.e.1740/click - {}
RESULT: {}
COMMAND: GET /session/293c5cce68a4e627b0c1e3a644c6160b/screenshot - {}
RESULT: {}
COMMAND: POST /session/293c5cce68a4e627b0c1e3a644c6160b/element - {"using":"xpath","value":"//header[contains(@id, 'ObjectPageLayout-headerTitle')]/div[1]/div[2]/div[2]/span[1]"}
RESULT: {"using":"xpath","value":"//header[contains(@id, 'ObjectPageLayout-headerTitle')]/div[1]/div[2]/div[2]/span[1]"}
COMMAND: POST /session/293c5cce68a4e627b0c1e3a644c6160b/elements - {"using":"xpath","value":"//header[contains(@id, 'ObjectPageLayout-headerTitle')]/div[1]/div[2]/div[2]/span[1]"}
RESULT: {"using":"xpath","value":"//header[contains(@id, 'ObjectPageLayout-headerTitle')]/div[1]/div[2]/div[2]/span[1]"}
COMMAND: POST /session/293c5cce68a4e627b0c1e3a644c6160b/execute/sync - {"script":"<script> [56 bytes]","args":[{"element-6066-11e4-a52e-4f735466cecf":"f.01782A26726534229B57CD9AA69B47B8.d.C40DEA3E9D044D8B30BE60E458BB1BF1.e.2020","ELEMENT":"f.01782A26726534229B57CD9AA69B47B8.d.C40DEA3E9D044D8B30BE60E458BB1BF1.e.2020"}]}
RESULT: {"script":"<script> [56 bytes]","args":[{"element-6066-11e4-a52e-4f735466cecf":"f.01782A26726534229B57CD9AA69B47B8.d.C40DEA3E9D044D8B30BE60E458BB1BF1.e.2020","ELEMENT":"f.01782A26726534229B57CD9AA69B47B8.d.C40DEA3E9D044D8B30BE60E458BB1BF1.e.2020"}]}
COMMAND: POST /session/293c5cce68a4e627b0c1e3a644c6160b/element - {"using":"css selector","value":"#shell-header-logo"}
COMMAND: GET /session/293c5cce68a4e627b0c1e3a644c6160b/screenshot - {}
RESULT: {"using":"css selector","value":"#shell-header-logo"}
COMMAND: POST /session/293c5cce68a4e627b0c1e3a644c6160b/element/f.01782A26726534229B57CD9AA69B47B8.d.C40DEA3E9D044D8B30BE60E458BB1BF1.e.1467/click - {}
RESULT: {}
RESULT: {}
COMMAND: GET /session/293c5cce68a4e627b0c1e3a644c6160b/screenshot - {}
RESULT: {}
COMMAND: POST /session/293c5cce68a4e627b0c1e3a644c6160b/execute/sync - {"script":"<script> [299 bytes]","args":[["getModel","getResource"]]}
RESULT: {"script":"<script> [299 bytes]","args":[["getModel","getResource"]]}
]]></system-out>
    </testcase>
    <testcase classname="chrome.136_0_7103_49.windows.Stock_increase_-_with_WHM_US125587" name="Should create a new material" time="117.77">
      <system-out><![CDATA[
COMMAND: POST /session/293c5cce68a4e627b0c1e3a644c6160b/execute/async - {"script":"<script> [1562 bytes]","args":[{"selector":{"controlType":"sap.m.GenericTile","properties":{"header":"Manage Resources"}},"wdio_ui5_key":"sapm.GenericTile{\"header\":\"Manage Resources\"}"}]}
COMMAND: GET /session/293c5cce68a4e627b0c1e3a644c6160b/screenshot - {}
RESULT: {"script":"<script> [1562 bytes]","args":[{"selector":{"controlType":"sap.m.GenericTile","properties":{"header":"Manage Resources"}},"wdio_ui5_key":"sapm.GenericTile{\"header\":\"Manage Resources\"}"}]}
RESULT: undefined
COMMAND: POST /session/293c5cce68a4e627b0c1e3a644c6160b/element - {"using":"xpath","value":"//*[@id=\"__tile39\"]"}
RESULT: {}
RESULT: {"using":"xpath","value":"//*[@id=\"__tile39\"]"}
COMMAND: POST /session/293c5cce68a4e627b0c1e3a644c6160b/element/f.01782A26726534229B57CD9AA69B47B8.d.C40DEA3E9D044D8B30BE60E458BB1BF1.e.124/click - {}
RESULT: {}
COMMAND: POST /session/293c5cce68a4e627b0c1e3a644c6160b/element - {"using":"xpath","value":"//button[@data-kt=\"addNewRUOverflowToolbarButton\"]"}
COMMAND: GET /session/293c5cce68a4e627b0c1e3a644c6160b/screenshot - {}
RESULT: {"using":"xpath","value":"//button[@data-kt=\"addNewRUOverflowToolbarButton\"]"}
COMMAND: POST /session/293c5cce68a4e627b0c1e3a644c6160b/elements - {"using":"xpath","value":"//button[@data-kt=\"addNewRUOverflowToolbarButton\"]"}
RESULT: {}
RESULT: {"using":"xpath","value":"//button[@data-kt=\"addNewRUOverflowToolbarButton\"]"}
COMMAND: POST /session/293c5cce68a4e627b0c1e3a644c6160b/elements - {"using":"xpath","value":"//button[@data-kt=\"addNewRUOverflowToolbarButton\"]"}
RESULT: {"using":"xpath","value":"//button[@data-kt=\"addNewRUOverflowToolbarButton\"]"}
COMMAND: POST /session/293c5cce68a4e627b0c1e3a644c6160b/elements - {"using":"xpath","value":"//button[@data-kt=\"addNewRUOverflowToolbarButton\"]"}
RESULT: {"using":"xpath","value":"//button[@data-kt=\"addNewRUOverflowToolbarButton\"]"}
COMMAND: POST /session/293c5cce68a4e627b0c1e3a644c6160b/elements - {"using":"xpath","value":"//button[@data-kt=\"addNewRUOverflowToolbarButton\"]"}
RESULT: {"using":"xpath","value":"//button[@data-kt=\"addNewRUOverflowToolbarButton\"]"}
COMMAND: POST /session/293c5cce68a4e627b0c1e3a644c6160b/elements - {"using":"xpath","value":"//button[@data-kt=\"addNewRUOverflowToolbarButton\"]"}
RESULT: {"using":"xpath","value":"//button[@data-kt=\"addNewRUOverflowToolbarButton\"]"}
COMMAND: POST /session/293c5cce68a4e627b0c1e3a644c6160b/elements - {"using":"xpath","value":"//button[@data-kt=\"addNewRUOverflowToolbarButton\"]"}
RESULT: {"using":"xpath","value":"//button[@data-kt=\"addNewRUOverflowToolbarButton\"]"}
COMMAND: POST /session/293c5cce68a4e627b0c1e3a644c6160b/elements - {"using":"xpath","value":"//button[@data-kt=\"addNewRUOverflowToolbarButton\"]"}
RESULT: {"using":"xpath","value":"//button[@data-kt=\"addNewRUOverflowToolbarButton\"]"}
COMMAND: POST /session/293c5cce68a4e627b0c1e3a644c6160b/elements - {"using":"xpath","value":"//button[@data-kt=\"addNewRUOverflowToolbarButton\"]"}
RESULT: {"using":"xpath","value":"//button[@data-kt=\"addNewRUOverflowToolbarButton\"]"}
COMMAND: POST /session/293c5cce68a4e627b0c1e3a644c6160b/elements - {"using":"xpath","value":"//button[@data-kt=\"addNewRUOverflowToolbarButton\"]"}
RESULT: {"using":"xpath","value":"//button[@data-kt=\"addNewRUOverflowToolbarButton\"]"}
COMMAND: POST /session/293c5cce68a4e627b0c1e3a644c6160b/elements - {"using":"xpath","value":"//button[@data-kt=\"addNewRUOverflowToolbarButton\"]"}
RESULT: {"using":"xpath","value":"//button[@data-kt=\"addNewRUOverflowToolbarButton\"]"}
COMMAND: POST /session/293c5cce68a4e627b0c1e3a644c6160b/elements - {"using":"xpath","value":"//button[@data-kt=\"addNewRUOverflowToolbarButton\"]"}
RESULT: {"using":"xpath","value":"//button[@data-kt=\"addNewRUOverflowToolbarButton\"]"}
COMMAND: POST /session/293c5cce68a4e627b0c1e3a644c6160b/elements - {"using":"xpath","value":"//button[@data-kt=\"addNewRUOverflowToolbarButton\"]"}
RESULT: {"using":"xpath","value":"//button[@data-kt=\"addNewRUOverflowToolbarButton\"]"}
COMMAND: POST /session/293c5cce68a4e627b0c1e3a644c6160b/elements - {"using":"xpath","value":"//button[@data-kt=\"addNewRUOverflowToolbarButton\"]"}
RESULT: {"using":"xpath","value":"//button[@data-kt=\"addNewRUOverflowToolbarButton\"]"}
COMMAND: POST /session/293c5cce68a4e627b0c1e3a644c6160b/elements - {"using":"xpath","value":"//button[@data-kt=\"addNewRUOverflowToolbarButton\"]"}
RESULT: {"using":"xpath","value":"//button[@data-kt=\"addNewRUOverflowToolbarButton\"]"}
COMMAND: POST /session/293c5cce68a4e627b0c1e3a644c6160b/elements - {"using":"xpath","value":"//button[@data-kt=\"addNewRUOverflowToolbarButton\"]"}
RESULT: {"using":"xpath","value":"//button[@data-kt=\"addNewRUOverflowToolbarButton\"]"}
COMMAND: POST /session/293c5cce68a4e627b0c1e3a644c6160b/elements - {"using":"xpath","value":"//button[@data-kt=\"addNewRUOverflowToolbarButton\"]"}
RESULT: {"using":"xpath","value":"//button[@data-kt=\"addNewRUOverflowToolbarButton\"]"}
COMMAND: POST /session/293c5cce68a4e627b0c1e3a644c6160b/elements - {"using":"xpath","value":"//button[@data-kt=\"addNewRUOverflowToolbarButton\"]"}
RESULT: {"using":"xpath","value":"//button[@data-kt=\"addNewRUOverflowToolbarButton\"]"}
COMMAND: POST /session/293c5cce68a4e627b0c1e3a644c6160b/elements - {"using":"xpath","value":"//button[@data-kt=\"addNewRUOverflowToolbarButton\"]"}
RESULT: {"using":"xpath","value":"//button[@data-kt=\"addNewRUOverflowToolbarButton\"]"}
COMMAND: POST /session/293c5cce68a4e627b0c1e3a644c6160b/elements - {"using":"xpath","value":"//button[@data-kt=\"addNewRUOverflowToolbarButton\"]"}
RESULT: {"using":"xpath","value":"//button[@data-kt=\"addNewRUOverflowToolbarButton\"]"}
COMMAND: POST /session/293c5cce68a4e627b0c1e3a644c6160b/elements - {"using":"xpath","value":"//button[@data-kt=\"addNewRUOverflowToolbarButton\"]"}
RESULT: {"using":"xpath","value":"//button[@data-kt=\"addNewRUOverflowToolbarButton\"]"}
COMMAND: POST /session/293c5cce68a4e627b0c1e3a644c6160b/elements - {"using":"xpath","value":"//button[@data-kt=\"addNewRUOverflowToolbarButton\"]"}
RESULT: {"using":"xpath","value":"//button[@data-kt=\"addNewRUOverflowToolbarButton\"]"}
COMMAND: POST /session/293c5cce68a4e627b0c1e3a644c6160b/elements - {"using":"xpath","value":"//button[@data-kt=\"addNewRUOverflowToolbarButton\"]"}
RESULT: {"using":"xpath","value":"//button[@data-kt=\"addNewRUOverflowToolbarButton\"]"}
COMMAND: POST /session/293c5cce68a4e627b0c1e3a644c6160b/elements - {"using":"xpath","value":"//button[@data-kt=\"addNewRUOverflowToolbarButton\"]"}
RESULT: {"using":"xpath","value":"//button[@data-kt=\"addNewRUOverflowToolbarButton\"]"}
COMMAND: POST /session/293c5cce68a4e627b0c1e3a644c6160b/elements - {"using":"xpath","value":"//button[@data-kt=\"addNewRUOverflowToolbarButton\"]"}
RESULT: {"using":"xpath","value":"//button[@data-kt=\"addNewRUOverflowToolbarButton\"]"}
COMMAND: POST /session/293c5cce68a4e627b0c1e3a644c6160b/elements - {"using":"xpath","value":"//button[@data-kt=\"addNewRUOverflowToolbarButton\"]"}
RESULT: {"using":"xpath","value":"//button[@data-kt=\"addNewRUOverflowToolbarButton\"]"}
COMMAND: POST /session/293c5cce68a4e627b0c1e3a644c6160b/elements - {"using":"xpath","value":"//button[@data-kt=\"addNewRUOverflowToolbarButton\"]"}
RESULT: {"using":"xpath","value":"//button[@data-kt=\"addNewRUOverflowToolbarButton\"]"}
COMMAND: POST /session/293c5cce68a4e627b0c1e3a644c6160b/elements - {"using":"xpath","value":"//button[@data-kt=\"addNewRUOverflowToolbarButton\"]"}
RESULT: {"using":"xpath","value":"//button[@data-kt=\"addNewRUOverflowToolbarButton\"]"}
COMMAND: POST /session/293c5cce68a4e627b0c1e3a644c6160b/elements - {"using":"xpath","value":"//button[@data-kt=\"addNewRUOverflowToolbarButton\"]"}
RESULT: {"using":"xpath","value":"//button[@data-kt=\"addNewRUOverflowToolbarButton\"]"}
COMMAND: POST /session/293c5cce68a4e627b0c1e3a644c6160b/elements - {"using":"xpath","value":"//button[@data-kt=\"addNewRUOverflowToolbarButton\"]"}
RESULT: {"using":"xpath","value":"//button[@data-kt=\"addNewRUOverflowToolbarButton\"]"}
COMMAND: POST /session/293c5cce68a4e627b0c1e3a644c6160b/elements - {"using":"xpath","value":"//button[@data-kt=\"addNewRUOverflowToolbarButton\"]"}
RESULT: {"using":"xpath","value":"//button[@data-kt=\"addNewRUOverflowToolbarButton\"]"}
COMMAND: POST /session/293c5cce68a4e627b0c1e3a644c6160b/elements - {"using":"xpath","value":"//button[@data-kt=\"addNewRUOverflowToolbarButton\"]"}
RESULT: {"using":"xpath","value":"//button[@data-kt=\"addNewRUOverflowToolbarButton\"]"}
COMMAND: POST /session/293c5cce68a4e627b0c1e3a644c6160b/elements - {"using":"xpath","value":"//button[@data-kt=\"addNewRUOverflowToolbarButton\"]"}
RESULT: {"using":"xpath","value":"//button[@data-kt=\"addNewRUOverflowToolbarButton\"]"}
COMMAND: POST /session/293c5cce68a4e627b0c1e3a644c6160b/elements - {"using":"xpath","value":"//button[@data-kt=\"addNewRUOverflowToolbarButton\"]"}
RESULT: {"using":"xpath","value":"//button[@data-kt=\"addNewRUOverflowToolbarButton\"]"}
COMMAND: POST /session/293c5cce68a4e627b0c1e3a644c6160b/elements - {"using":"xpath","value":"//button[@data-kt=\"addNewRUOverflowToolbarButton\"]"}
RESULT: {"using":"xpath","value":"//button[@data-kt=\"addNewRUOverflowToolbarButton\"]"}
COMMAND: POST /session/293c5cce68a4e627b0c1e3a644c6160b/element - {"using":"xpath","value":"//button[@data-kt=\"addNewRUOverflowToolbarButton\"]"}
RESULT: {"using":"xpath","value":"//button[@data-kt=\"addNewRUOverflowToolbarButton\"]"}
COMMAND: POST /session/293c5cce68a4e627b0c1e3a644c6160b/execute/sync - {"script":"<script> [8489 bytes]","args":[{"element-6066-11e4-a52e-4f735466cecf":"f.01782A26726534229B57CD9AA69B47B8.d.C40DEA3E9D044D8B30BE60E458BB1BF1.e.2054","ELEMENT":"f.01782A26726534229B57CD9AA69B47B8.d.C40DEA3E9D044D8B30BE60E458BB1BF1.e.2054"}]}
RESULT: {"script":"<script> [8489 bytes]","args":[{"element-6066-11e4-a52e-4f735466cecf":"f.01782A26726534229B57CD9AA69B47B8.d.C40DEA3E9D044D8B30BE60E458BB1BF1.e.2054","ELEMENT":"f.01782A26726534229B57CD9AA69B47B8.d.C40DEA3E9D044D8B30BE60E458BB1BF1.e.2054"}]}
COMMAND: GET /session/293c5cce68a4e627b0c1e3a644c6160b/element/f.01782A26726534229B57CD9AA69B47B8.d.C40DEA3E9D044D8B30BE60E458BB1BF1.e.2054/enabled - {}
COMMAND: GET /session/293c5cce68a4e627b0c1e3a644c6160b/screenshot - {}
RESULT: {}
COMMAND: POST /session/293c5cce68a4e627b0c1e3a644c6160b/execute/sync - {"script":"<script> [8489 bytes]","args":[{"element-6066-11e4-a52e-4f735466cecf":"f.01782A26726534229B57CD9AA69B47B8.d.C40DEA3E9D044D8B30BE60E458BB1BF1.e.2054","ELEMENT":"f.01782A26726534229B57CD9AA69B47B8.d.C40DEA3E9D044D8B30BE60E458BB1BF1.e.2054"}]}
COMMAND: GET /session/293c5cce68a4e627b0c1e3a644c6160b/screenshot - {}
RESULT: {}
RESULT: {"script":"<script> [8489 bytes]","args":[{"element-6066-11e4-a52e-4f735466cecf":"f.01782A26726534229B57CD9AA69B47B8.d.C40DEA3E9D044D8B30BE60E458BB1BF1.e.2054","ELEMENT":"f.01782A26726534229B57CD9AA69B47B8.d.C40DEA3E9D044D8B30BE60E458BB1BF1.e.2054"}]}
COMMAND: POST /session/293c5cce68a4e627b0c1e3a644c6160b/execute/sync - {"script":"<script> [5351 bytes]","args":[{"element-6066-11e4-a52e-4f735466cecf":"f.01782A26726534229B57CD9AA69B47B8.d.C40DEA3E9D044D8B30BE60E458BB1BF1.e.2054","ELEMENT":"f.01782A26726534229B57CD9AA69B47B8.d.C40DEA3E9D044D8B30BE60E458BB1BF1.e.2054"}]}
RESULT: {}
COMMAND: GET /session/293c5cce68a4e627b0c1e3a644c6160b/screenshot - {}
RESULT: {"script":"<script> [5351 bytes]","args":[{"element-6066-11e4-a52e-4f735466cecf":"f.01782A26726534229B57CD9AA69B47B8.d.C40DEA3E9D044D8B30BE60E458BB1BF1.e.2054","ELEMENT":"f.01782A26726534229B57CD9AA69B47B8.d.C40DEA3E9D044D8B30BE60E458BB1BF1.e.2054"}]}
COMMAND: POST /session/293c5cce68a4e627b0c1e3a644c6160b/element/f.01782A26726534229B57CD9AA69B47B8.d.C40DEA3E9D044D8B30BE60E458BB1BF1.e.2054/click - {}
COMMAND: GET /session/293c5cce68a4e627b0c1e3a644c6160b/screenshot - {}
RESULT: {}
RESULT: {}
COMMAND: GET /session/293c5cce68a4e627b0c1e3a644c6160b/screenshot - {}
RESULT: {}
RESULT: {}
COMMAND: POST /session/293c5cce68a4e627b0c1e3a644c6160b/execute/async - {"script":"<script> [1562 bytes]","args":[{"selector":{"id":"application-manageresources-display-component---newResourceUnit--TYPE-arrow"},"wdio_ui5_key":"applicationmanageresources-display-component---newResourceUnit--TYPE-arrow"}]}
RESULT: {"script":"<script> [1562 bytes]","args":[{"selector":{"id":"application-manageresources-display-component---newResourceUnit--TYPE-arrow"},"wdio_ui5_key":"applicationmanageresources-display-component---newResourceUnit--TYPE-arrow"}]}
RESULT: undefined
COMMAND: POST /session/293c5cce68a4e627b0c1e3a644c6160b/element - {"using":"xpath","value":"//*[@id=\"application-manageresources-display-component---newResourceUnit--TYPE-arrow\"]"}
RESULT: {"using":"xpath","value":"//*[@id=\"application-manageresources-display-component---newResourceUnit--TYPE-arrow\"]"}
COMMAND: POST /session/293c5cce68a4e627b0c1e3a644c6160b/element/f.01782A26726534229B57CD9AA69B47B8.d.C40DEA3E9D044D8B30BE60E458BB1BF1.e.2418/click - {}
RESULT: {}
COMMAND: POST /session/293c5cce68a4e627b0c1e3a644c6160b/element - {"using":"xpath","value":"//input[@id=\"application-manageresources-display-component---newResourceUnit--TYPE-inner\"]"}
COMMAND: GET /session/293c5cce68a4e627b0c1e3a644c6160b/screenshot - {}
RESULT: {"using":"xpath","value":"//input[@id=\"application-manageresources-display-component---newResourceUnit--TYPE-inner\"]"}
COMMAND: POST /session/293c5cce68a4e627b0c1e3a644c6160b/element/f.01782A26726534229B57CD9AA69B47B8.d.C40DEA3E9D044D8B30BE60E458BB1BF1.e.2412/clear - {}
RESULT: {}
RESULT: {}
COMMAND: POST /session/293c5cce68a4e627b0c1e3a644c6160b/element/f.01782A26726534229B57CD9AA69B47B8.d.C40DEA3E9D044D8B30BE60E458BB1BF1.e.2412/value - {"text":"Material"}
COMMAND: GET /session/293c5cce68a4e627b0c1e3a644c6160b/screenshot - {}
RESULT: {"text":"Material"}
COMMAND: GET /session/293c5cce68a4e627b0c1e3a644c6160b/screenshot - {}
RESULT: {}
RESULT: {}
COMMAND: POST /session/293c5cce68a4e627b0c1e3a644c6160b/actions - {"actions":[{"id":"action5","type":"key","parameters":{},"actions":[{"type":"keyDown","value":"î€‡"},{"type":"pause","duration":10},{"type":"keyUp","value":"î€‡"}]}]}
RESULT: {"actions":[{"id":"action5","type":"key","parameters":{},"actions":[{"type":"keyDown","value":"î€‡"},{"type":"pause","duration":10},{"type":"keyUp","value":"î€‡"}]}]}
COMMAND: POST /session/293c5cce68a4e627b0c1e3a644c6160b/execute/async - {"script":"<script> [1562 bytes]","args":[{"selector":{"id":"application-manageresources-display-component---newResourceUnit--SHORT_TEXT","interaction":{"idSuffix":"inner"}},"wdio_ui5_key":"applicationmanageresources-display-component---newResourceUnit--SHORT_TEXT"}]}
COMMAND: GET /session/293c5cce68a4e627b0c1e3a644c6160b/screenshot - {}
RESULT: {"script":"<script> [1562 bytes]","args":[{"selector":{"id":"application-manageresources-display-component---newResourceUnit--SHORT_TEXT","interaction":{"idSuffix":"inner"}},"wdio_ui5_key":"applicationmanageresources-display-component---newResourceUnit--SHORT_TEXT"}]}
RESULT: undefined
COMMAND: POST /session/293c5cce68a4e627b0c1e3a644c6160b/execute/async - {"script":"<script> [776 bytes]","args":[{"enterText":"Cement WDIO","selector":{"id":"application-manageresources-display-component---newResourceUnit--SHORT_TEXT","interaction":{"idSuffix":"inner"}},"clearTextFirst":true,"interactionType":"ENTER_TEXT"}]}
RESULT: {}
RESULT: {"script":"<script> [776 bytes]","args":[{"enterText":"Cement WDIO","selector":{"id":"application-manageresources-display-component---newResourceUnit--SHORT_TEXT","interaction":{"idSuffix":"inner"}},"clearTextFirst":true,"interactionType":"ENTER_TEXT"}]}
COMMAND: POST /session/293c5cce68a4e627b0c1e3a644c6160b/execute/async - {"script":"<script> [1562 bytes]","args":[{"selector":{"id":"application-manageresources-display-component---newResourceUnit--BASE_UNIT_OF_MEASURE","interaction":{"idSuffix":"inner"}},"wdio_ui5_key":"applicationmanageresources-display-component---newResourceUnit--BASE_UNIT_OF_MEASURE"}]}
RESULT: {"script":"<script> [1562 bytes]","args":[{"selector":{"id":"application-manageresources-display-component---newResourceUnit--BASE_UNIT_OF_MEASURE","interaction":{"idSuffix":"inner"}},"wdio_ui5_key":"applicationmanageresources-display-component---newResourceUnit--BASE_UNIT_OF_MEASURE"}]}
RESULT: undefined
COMMAND: POST /session/293c5cce68a4e627b0c1e3a644c6160b/execute/async - {"script":"<script> [776 bytes]","args":[{"enterText":"Piece","selector":{"id":"application-manageresources-display-component---newResourceUnit--BASE_UNIT_OF_MEASURE","interaction":{"idSuffix":"inner"}},"clearTextFirst":true,"interactionType":"ENTER_TEXT"}]}
RESULT: {"script":"<script> [776 bytes]","args":[{"enterText":"Piece","selector":{"id":"application-manageresources-display-component---newResourceUnit--BASE_UNIT_OF_MEASURE","interaction":{"idSuffix":"inner"}},"clearTextFirst":true,"interactionType":"ENTER_TEXT"}]}
COMMAND: POST /session/293c5cce68a4e627b0c1e3a644c6160b/execute/async - {"script":"<script> [1562 bytes]","args":[{"selector":{"id":"application-manageresources-display-component---newResourceUnit--WEIGHT_UNIT","interaction":{"idSuffix":"inner"}},"wdio_ui5_key":"applicationmanageresources-display-component---newResourceUnit--WEIGHT_UNIT"}]}
RESULT: {"script":"<script> [1562 bytes]","args":[{"selector":{"id":"application-manageresources-display-component---newResourceUnit--WEIGHT_UNIT","interaction":{"idSuffix":"inner"}},"wdio_ui5_key":"applicationmanageresources-display-component---newResourceUnit--WEIGHT_UNIT"}]}
RESULT: undefined
COMMAND: POST /session/293c5cce68a4e627b0c1e3a644c6160b/execute/async - {"script":"<script> [776 bytes]","args":[{"enterText":"Gram","selector":{"id":"application-manageresources-display-component---newResourceUnit--WEIGHT_UNIT","interaction":{"idSuffix":"inner"}},"clearTextFirst":true,"interactionType":"ENTER_TEXT"}]}
RESULT: {"script":"<script> [776 bytes]","args":[{"enterText":"Gram","selector":{"id":"application-manageresources-display-component---newResourceUnit--WEIGHT_UNIT","interaction":{"idSuffix":"inner"}},"clearTextFirst":true,"interactionType":"ENTER_TEXT"}]}
COMMAND: POST /session/293c5cce68a4e627b0c1e3a644c6160b/execute/async - {"script":"<script> [1562 bytes]","args":[{"selector":{"id":"application-manageresources-display-component---newResourceUnit--DIMENSION_UNIT","interaction":{"idSuffix":"inner"}},"wdio_ui5_key":"applicationmanageresources-display-component---newResourceUnit--DIMENSION_UNIT"}]}
RESULT: {"script":"<script> [1562 bytes]","args":[{"selector":{"id":"application-manageresources-display-component---newResourceUnit--DIMENSION_UNIT","interaction":{"idSuffix":"inner"}},"wdio_ui5_key":"applicationmanageresources-display-component---newResourceUnit--DIMENSION_UNIT"}]}
RESULT: undefined
COMMAND: POST /session/293c5cce68a4e627b0c1e3a644c6160b/execute/async - {"script":"<script> [776 bytes]","args":[{"enterText":"Meter","selector":{"id":"application-manageresources-display-component---newResourceUnit--DIMENSION_UNIT","interaction":{"idSuffix":"inner"}},"clearTextFirst":true,"interactionType":"ENTER_TEXT"}]}
RESULT: {"script":"<script> [776 bytes]","args":[{"enterText":"Meter","selector":{"id":"application-manageresources-display-component---newResourceUnit--DIMENSION_UNIT","interaction":{"idSuffix":"inner"}},"clearTextFirst":true,"interactionType":"ENTER_TEXT"}]}
COMMAND: POST /session/293c5cce68a4e627b0c1e3a644c6160b/execute/async - {"script":"<script> [1562 bytes]","args":[{"selector":{"id":"application-manageresources-display-component---newResourceUnit--newRRUPage-anchBar-application-manageresources-display-component---newResourceUnit--control-anchor","interaction":{"idSuffix":"BDI-content"}},"wdio_ui5_key":"applicationmanageresources-display-component---newResourceUnit--newRRUPage-anchBar-application-manageresources-display-component---newResourceUnit--control-anchor"}]}
RESULT: {"script":"<script> [1562 bytes]","args":[{"selector":{"id":"application-manageresources-display-component---newResourceUnit--newRRUPage-anchBar-application-manageresources-display-component---newResourceUnit--control-anchor","interaction":{"idSuffix":"BDI-content"}},"wdio_ui5_key":"applicationmanageresources-display-component---newResourceUnit--newRRUPage-anchBar-application-manageresources-display-component---newResourceUnit--control-anchor"}]}
RESULT: undefined
COMMAND: POST /session/293c5cce68a4e627b0c1e3a644c6160b/element - {"using":"xpath","value":"//*[@id=\"application-manageresources-display-component---newResourceUnit--newRRUPage-anchBar-application-manageresources-display-component---newResourceUnit--control-anchor\"]"}
RESULT: {"using":"xpath","value":"//*[@id=\"application-manageresources-display-component---newResourceUnit--newRRUPage-anchBar-application-manageresources-display-component---newResourceUnit--control-anchor\"]"}
COMMAND: POST /session/293c5cce68a4e627b0c1e3a644c6160b/element/f.01782A26726534229B57CD9AA69B47B8.d.C40DEA3E9D044D8B30BE60E458BB1BF1.e.2481/click - {}
RESULT: {}
COMMAND: POST /session/293c5cce68a4e627b0c1e3a644c6160b/execute/async - {"script":"<script> [1562 bytes]","args":[{"selector":{"id":"application-manageresources-display-component---newResourceUnit--PLANNING_GROUP","interaction":{"idSuffix":"inner"}},"wdio_ui5_key":"applicationmanageresources-display-component---newResourceUnit--PLANNING_GROUP"}]}
COMMAND: GET /session/293c5cce68a4e627b0c1e3a644c6160b/screenshot - {}
RESULT: {"script":"<script> [1562 bytes]","args":[{"selector":{"id":"application-manageresources-display-component---newResourceUnit--PLANNING_GROUP","interaction":{"idSuffix":"inner"}},"wdio_ui5_key":"applicationmanageresources-display-component---newResourceUnit--PLANNING_GROUP"}]}
RESULT: undefined
COMMAND: POST /session/293c5cce68a4e627b0c1e3a644c6160b/execute/async - {"script":"<script> [776 bytes]","args":[{"enterText":"Material","selector":{"id":"application-manageresources-display-component---newResourceUnit--PLANNING_GROUP","interaction":{"idSuffix":"inner"}},"clearTextFirst":true,"interactionType":"ENTER_TEXT"}]}
RESULT: {}
RESULT: {"script":"<script> [776 bytes]","args":[{"enterText":"Material","selector":{"id":"application-manageresources-display-component---newResourceUnit--PLANNING_GROUP","interaction":{"idSuffix":"inner"}},"clearTextFirst":true,"interactionType":"ENTER_TEXT"}]}
COMMAND: POST /session/293c5cce68a4e627b0c1e3a644c6160b/execute/async - {"script":"<script> [1562 bytes]","args":[{"selector":{"id":"application-manageresources-display-component---newResourceUnit--PLANNING_INDICATOR","interaction":{"idSuffix":"inner"}},"wdio_ui5_key":"applicationmanageresources-display-component---newResourceUnit--PLANNING_INDICATOR"}]}
RESULT: {"script":"<script> [1562 bytes]","args":[{"selector":{"id":"application-manageresources-display-component---newResourceUnit--PLANNING_INDICATOR","interaction":{"idSuffix":"inner"}},"wdio_ui5_key":"applicationmanageresources-display-component---newResourceUnit--PLANNING_INDICATOR"}]}
RESULT: undefined
COMMAND: POST /session/293c5cce68a4e627b0c1e3a644c6160b/execute/async - {"script":"<script> [776 bytes]","args":[{"enterText":"10 - infinite","selector":{"id":"application-manageresources-display-component---newResourceUnit--PLANNING_INDICATOR","interaction":{"idSuffix":"inner"}},"clearTextFirst":true,"interactionType":"ENTER_TEXT"}]}
RESULT: {"script":"<script> [776 bytes]","args":[{"enterText":"10 - infinite","selector":{"id":"application-manageresources-display-component---newResourceUnit--PLANNING_INDICATOR","interaction":{"idSuffix":"inner"}},"clearTextFirst":true,"interactionType":"ENTER_TEXT"}]}
COMMAND: POST /session/293c5cce68a4e627b0c1e3a644c6160b/element - {"using":"css selector","value":"#application-manageresources-display-component---newResourceUnit--btnAddTimeSegment"}
RESULT: {"using":"css selector","value":"#application-manageresources-display-component---newResourceUnit--btnAddTimeSegment"}
COMMAND: GET /session/293c5cce68a4e627b0c1e3a644c6160b/element/f.01782A26726534229B57CD9AA69B47B8.d.C40DEA3E9D044D8B30BE60E458BB1BF1.e.2491/rect - {}
RESULT: {}
COMMAND: GET /session/293c5cce68a4e627b0c1e3a644c6160b/window/rect - {}
RESULT: {}
COMMAND: POST /session/293c5cce68a4e627b0c1e3a644c6160b/execute/sync - {"script":"<script> [92 bytes]","args":[]}
RESULT: {"script":"<script> [92 bytes]","args":[]}
COMMAND: POST /session/293c5cce68a4e627b0c1e3a644c6160b/actions - {"actions":[{"id":"action6","type":"wheel","parameters":{},"actions":[{"type":"scroll","x":-1888,"y":-32,"deltaX":0,"deltaY":0,"duration":0,"origin":{"element-6066-11e4-a52e-4f735466cecf":"f.01782A26726534229B57CD9AA69B47B8.d.C40DEA3E9D044D8B30BE60E458BB1BF1.e.2491"}}]}]}
COMMAND: GET /session/293c5cce68a4e627b0c1e3a644c6160b/screenshot - {}
RESULT: {}
COMMAND: POST /session/293c5cce68a4e627b0c1e3a644c6160b/execute/sync - {"script":"<script> [79 bytes]","args":[{"element-6066-11e4-a52e-4f735466cecf":"f.01782A26726534229B57CD9AA69B47B8.d.C40DEA3E9D044D8B30BE60E458BB1BF1.e.2491","ELEMENT":"f.01782A26726534229B57CD9AA69B47B8.d.C40DEA3E9D044D8B30BE60E458BB1BF1.e.2491"},{"block":"start","inline":"nearest"}]}
RESULT: {"script":"<script> [79 bytes]","args":[{"element-6066-11e4-a52e-4f735466cecf":"f.01782A26726534229B57CD9AA69B47B8.d.C40DEA3E9D044D8B30BE60E458BB1BF1.e.2491","ELEMENT":"f.01782A26726534229B57CD9AA69B47B8.d.C40DEA3E9D044D8B30BE60E458BB1BF1.e.2491"},{"block":"start","inline":"nearest"}]}
COMMAND: POST /session/293c5cce68a4e627b0c1e3a644c6160b/execute/async - {"script":"<script> [1562 bytes]","args":[{"selector":{"id":"application-manageresources-display-component---newResourceUnit--btnAddTimeSegment","interaction":{"idSuffix":"inner"}},"wdio_ui5_key":"applicationmanageresources-display-component---newResourceUnit--btnAddTimeSegment"}]}
COMMAND: GET /session/293c5cce68a4e627b0c1e3a644c6160b/screenshot - {}
RESULT: {"script":"<script> [1562 bytes]","args":[{"selector":{"id":"application-manageresources-display-component---newResourceUnit--btnAddTimeSegment","interaction":{"idSuffix":"inner"}},"wdio_ui5_key":"applicationmanageresources-display-component---newResourceUnit--btnAddTimeSegment"}]}
RESULT: undefined
COMMAND: POST /session/293c5cce68a4e627b0c1e3a644c6160b/element - {"using":"xpath","value":"//*[@id=\"application-manageresources-display-component---newResourceUnit--btnAddTimeSegment\"]"}
RESULT: {}
RESULT: {"using":"xpath","value":"//*[@id=\"application-manageresources-display-component---newResourceUnit--btnAddTimeSegment\"]"}
COMMAND: POST /session/293c5cce68a4e627b0c1e3a644c6160b/element/f.01782A26726534229B57CD9AA69B47B8.d.C40DEA3E9D044D8B30BE60E458BB1BF1.e.2491/click - {}
RESULT: {}
COMMAND: GET /session/293c5cce68a4e627b0c1e3a644c6160b/screenshot - {}
RESULT: {}
COMMAND: POST /session/293c5cce68a4e627b0c1e3a644c6160b/element - {"using":"xpath","value":"//input[@id=\"application-manageresources-display-component---newResourceUnit--idRuTSAdmin-application-manageresources-display-component---newResourceUnit--RUTimeSegment-0-inner\"]"}
RESULT: {"using":"xpath","value":"//input[@id=\"application-manageresources-display-component---newResourceUnit--idRuTSAdmin-application-manageresources-display-component---newResourceUnit--RUTimeSegment-0-inner\"]"}
COMMAND: POST /session/293c5cce68a4e627b0c1e3a644c6160b/element/f.01782A26726534229B57CD9AA69B47B8.d.C40DEA3E9D044D8B30BE60E458BB1BF1.e.2496/clear - {}
RESULT: {}
COMMAND: POST /session/293c5cce68a4e627b0c1e3a644c6160b/element/f.01782A26726534229B57CD9AA69B47B8.d.C40DEA3E9D044D8B30BE60E458BB1BF1.e.2496/value - {"text":"189"}
COMMAND: GET /session/293c5cce68a4e627b0c1e3a644c6160b/screenshot - {}
RESULT: {"text":"189"}
COMMAND: GET /session/293c5cce68a4e627b0c1e3a644c6160b/screenshot - {}
RESULT: {}
RESULT: {}
COMMAND: POST /session/293c5cce68a4e627b0c1e3a644c6160b/element - {"using":"xpath","value":"//li[.//span[text()='189']]"}
RESULT: {"using":"xpath","value":"//li[.//span[text()='189']]"}
COMMAND: POST /session/293c5cce68a4e627b0c1e3a644c6160b/element/f.01782A26726534229B57CD9AA69B47B8.d.C40DEA3E9D044D8B30BE60E458BB1BF1.e.2503/click - {}
RESULT: {}
COMMAND: GET /session/293c5cce68a4e627b0c1e3a644c6160b/screenshot - {}
RESULT: {}
COMMAND: POST /session/293c5cce68a4e627b0c1e3a644c6160b/element - {"using":"xpath","value":"(//span[contains(@id, \"-application-manageresources-display-component---newResourceUnit--RUTimeSegment-0-arrow\")])[2]"}
RESULT: {"using":"xpath","value":"(//span[contains(@id, \"-application-manageresources-display-component---newResourceUnit--RUTimeSegment-0-arrow\")])[2]"}
COMMAND: POST /session/293c5cce68a4e627b0c1e3a644c6160b/element/f.01782A26726534229B57CD9AA69B47B8.d.C40DEA3E9D044D8B30BE60E458BB1BF1.e.2504/click - {}
RESULT: {}
COMMAND: POST /session/293c5cce68a4e627b0c1e3a644c6160b/element - {"using":"xpath","value":"//span[contains(text(), \"PM Order\")]"}
COMMAND: GET /session/293c5cce68a4e627b0c1e3a644c6160b/screenshot - {}
RESULT: {"using":"xpath","value":"//span[contains(text(), \"PM Order\")]"}
COMMAND: POST /session/293c5cce68a4e627b0c1e3a644c6160b/element/f.01782A26726534229B57CD9AA69B47B8.d.C40DEA3E9D044D8B30BE60E458BB1BF1.e.2505/click - {}
RESULT: {}
RESULT: {}
COMMAND: GET /session/293c5cce68a4e627b0c1e3a644c6160b/screenshot - {}
RESULT: {}
COMMAND: POST /session/293c5cce68a4e627b0c1e3a644c6160b/element - {"using":"xpath","value":"//td/div/div/div/span[contains(@id, \"newResourceUnit--RUTimeSegment-0-vhi\")][1]"}
RESULT: {"using":"xpath","value":"//td/div/div/div/span[contains(@id, \"newResourceUnit--RUTimeSegment-0-vhi\")][1]"}
COMMAND: GET /session/293c5cce68a4e627b0c1e3a644c6160b/element/f.01782A26726534229B57CD9AA69B47B8.d.C40DEA3E9D044D8B30BE60E458BB1BF1.e.2509/rect - {}
RESULT: {}
COMMAND: GET /session/293c5cce68a4e627b0c1e3a644c6160b/window/rect - {}
RESULT: {}
COMMAND: POST /session/293c5cce68a4e627b0c1e3a644c6160b/execute/sync - {"script":"<script> [92 bytes]","args":[]}
RESULT: {"script":"<script> [92 bytes]","args":[]}
COMMAND: POST /session/293c5cce68a4e627b0c1e3a644c6160b/actions - {"actions":[{"id":"action7","type":"wheel","parameters":{},"actions":[{"type":"scroll","x":-1888,"y":-24,"deltaX":0,"deltaY":0,"duration":0,"origin":{"element-6066-11e4-a52e-4f735466cecf":"f.01782A26726534229B57CD9AA69B47B8.d.C40DEA3E9D044D8B30BE60E458BB1BF1.e.2509"}}]}]}
COMMAND: GET /session/293c5cce68a4e627b0c1e3a644c6160b/screenshot - {}
RESULT: {}
COMMAND: POST /session/293c5cce68a4e627b0c1e3a644c6160b/execute/sync - {"script":"<script> [79 bytes]","args":[{"element-6066-11e4-a52e-4f735466cecf":"f.01782A26726534229B57CD9AA69B47B8.d.C40DEA3E9D044D8B30BE60E458BB1BF1.e.2509","ELEMENT":"f.01782A26726534229B57CD9AA69B47B8.d.C40DEA3E9D044D8B30BE60E458BB1BF1.e.2509"},{"block":"start","inline":"nearest"}]}
RESULT: {"script":"<script> [79 bytes]","args":[{"element-6066-11e4-a52e-4f735466cecf":"f.01782A26726534229B57CD9AA69B47B8.d.C40DEA3E9D044D8B30BE60E458BB1BF1.e.2509","ELEMENT":"f.01782A26726534229B57CD9AA69B47B8.d.C40DEA3E9D044D8B30BE60E458BB1BF1.e.2509"},{"block":"start","inline":"nearest"}]}
COMMAND: GET /session/293c5cce68a4e627b0c1e3a644c6160b/screenshot - {}
RESULT: {}
COMMAND: POST /session/293c5cce68a4e627b0c1e3a644c6160b/element/f.01782A26726534229B57CD9AA69B47B8.d.C40DEA3E9D044D8B30BE60E458BB1BF1.e.2509/click - {}
RESULT: {}
COMMAND: GET /session/293c5cce68a4e627b0c1e3a644c6160b/screenshot - {}
RESULT: {}
RESULT: undefined
COMMAND: POST /session/293c5cce68a4e627b0c1e3a644c6160b/execute/async - {"script":"<script> [776 bytes]","args":[{"enterText":"4000360","selector":{"controlType":"sap.m.SearchField","properties":{"placeholder":"Search"},"searchOpenDialogs":true,"interaction":{"idSuffix":"I"}},"clearTextFirst":true,"interactionType":"ENTER_TEXT"}]}
RESULT: {"script":"<script> [776 bytes]","args":[{"enterText":"4000360","selector":{"controlType":"sap.m.SearchField","properties":{"placeholder":"Search"},"searchOpenDialogs":true,"interaction":{"idSuffix":"I"}},"clearTextFirst":true,"interactionType":"ENTER_TEXT"}]}
COMMAND: POST /session/293c5cce68a4e627b0c1e3a644c6160b/actions - {"actions":[{"id":"action8","type":"key","parameters":{},"actions":[{"type":"keyDown","value":"î€‡"},{"type":"pause","duration":10},{"type":"keyUp","value":"î€‡"}]}]}
RESULT: {"actions":[{"id":"action8","type":"key","parameters":{},"actions":[{"type":"keyDown","value":"î€‡"},{"type":"pause","duration":10},{"type":"keyUp","value":"î€‡"}]}]}
COMMAND: GET /session/293c5cce68a4e627b0c1e3a644c6160b/screenshot - {}
RESULT: {}
COMMAND: POST /session/293c5cce68a4e627b0c1e3a644c6160b/element - {"using":"xpath","value":"//td/div/span[contains(text(), \"BGL Vehicles\")]"}
RESULT: {"using":"xpath","value":"//td/div/span[contains(text(), \"BGL Vehicles\")]"}
COMMAND: POST /session/293c5cce68a4e627b0c1e3a644c6160b/element/f.01782A26726534229B57CD9AA69B47B8.d.C40DEA3E9D044D8B30BE60E458BB1BF1.e.2528/click - {}
RESULT: {}
COMMAND: GET /session/293c5cce68a4e627b0c1e3a644c6160b/screenshot - {}
RESULT: {}
COMMAND: POST /session/293c5cce68a4e627b0c1e3a644c6160b/element - {"using":"xpath","value":"//bdi[contains(text(), \"OK\")]"}
RESULT: {"using":"xpath","value":"//bdi[contains(text(), \"OK\")]"}
COMMAND: POST /session/293c5cce68a4e627b0c1e3a644c6160b/element/f.01782A26726534229B57CD9AA69B47B8.d.C40DEA3E9D044D8B30BE60E458BB1BF1.e.2529/click - {}
RESULT: {}
COMMAND: GET /session/293c5cce68a4e627b0c1e3a644c6160b/screenshot - {}
RESULT: {}
COMMAND: POST /session/293c5cce68a4e627b0c1e3a644c6160b/element - {"using":"xpath","value":"//label[contains(@class, 'sapMLabelRequired') and .//bdi[contains(text(), 'Planned Retirement')]]"}
RESULT: {"using":"xpath","value":"//label[contains(@class, 'sapMLabelRequired') and .//bdi[contains(text(), 'Planned Retirement')]]"}
COMMAND: POST /session/293c5cce68a4e627b0c1e3a644c6160b/elements - {"using":"xpath","value":"//label[contains(@class, 'sapMLabelRequired') and .//bdi[contains(text(), 'Planned Retirement')]]"}
RESULT: {"using":"xpath","value":"//label[contains(@class, 'sapMLabelRequired') and .//bdi[contains(text(), 'Planned Retirement')]]"}
COMMAND: POST /session/293c5cce68a4e627b0c1e3a644c6160b/element - {"using":"xpath","value":"//button[@data-kt=\"resourceUnitSaveButton\"]"}
RESULT: {"using":"xpath","value":"//button[@data-kt=\"resourceUnitSaveButton\"]"}
COMMAND: POST /session/293c5cce68a4e627b0c1e3a644c6160b/element/f.01782A26726534229B57CD9AA69B47B8.d.C40DEA3E9D044D8B30BE60E458BB1BF1.e.2434/click - {}
RESULT: {}
COMMAND: GET /session/293c5cce68a4e627b0c1e3a644c6160b/screenshot - {}
RESULT: {}
COMMAND: POST /session/293c5cce68a4e627b0c1e3a644c6160b/element - {"using":"xpath","value":"//bdi[contains(text(), \"Close\")]"}
RESULT: {"using":"xpath","value":"//bdi[contains(text(), \"Close\")]"}
COMMAND: POST /session/293c5cce68a4e627b0c1e3a644c6160b/element/f.01782A26726534229B57CD9AA69B47B8.d.C40DEA3E9D044D8B30BE60E458BB1BF1.e.2536/click - {}
RESULT: {}
COMMAND: GET /session/293c5cce68a4e627b0c1e3a644c6160b/screenshot - {}
RESULT: {}
COMMAND: POST /session/293c5cce68a4e627b0c1e3a644c6160b/element - {"using":"xpath","value":"//header[contains(@id, 'detailRruPage-headerTitle')]/div[1]/div[2]/div[2]/span[1]"}
RESULT: {"using":"xpath","value":"//header[contains(@id, 'detailRruPage-headerTitle')]/div[1]/div[2]/div[2]/span[1]"}
COMMAND: POST /session/293c5cce68a4e627b0c1e3a644c6160b/elements - {"using":"xpath","value":"//header[contains(@id, 'detailRruPage-headerTitle')]/div[1]/div[2]/div[2]/span[1]"}
RESULT: {"using":"xpath","value":"//header[contains(@id, 'detailRruPage-headerTitle')]/div[1]/div[2]/div[2]/span[1]"}
COMMAND: POST /session/293c5cce68a4e627b0c1e3a644c6160b/execute/sync - {"script":"<script> [56 bytes]","args":[{"element-6066-11e4-a52e-4f735466cecf":"f.01782A26726534229B57CD9AA69B47B8.d.C40DEA3E9D044D8B30BE60E458BB1BF1.e.2563","ELEMENT":"f.01782A26726534229B57CD9AA69B47B8.d.C40DEA3E9D044D8B30BE60E458BB1BF1.e.2563"}]}
RESULT: {"script":"<script> [56 bytes]","args":[{"element-6066-11e4-a52e-4f735466cecf":"f.01782A26726534229B57CD9AA69B47B8.d.C40DEA3E9D044D8B30BE60E458BB1BF1.e.2563","ELEMENT":"f.01782A26726534229B57CD9AA69B47B8.d.C40DEA3E9D044D8B30BE60E458BB1BF1.e.2563"}]}
COMMAND: POST /session/293c5cce68a4e627b0c1e3a644c6160b/element - {"using":"css selector","value":"#shell-header-logo"}
COMMAND: GET /session/293c5cce68a4e627b0c1e3a644c6160b/screenshot - {}
RESULT: {"using":"css selector","value":"#shell-header-logo"}
COMMAND: POST /session/293c5cce68a4e627b0c1e3a644c6160b/element/f.01782A26726534229B57CD9AA69B47B8.d.C40DEA3E9D044D8B30BE60E458BB1BF1.e.2023/click - {}
RESULT: {}
RESULT: {}
COMMAND: GET /session/293c5cce68a4e627b0c1e3a644c6160b/screenshot - {}
RESULT: {}
]]></system-out>
    </testcase>
    <testcase classname="chrome.136_0_7103_49.windows.Stock_increase_-_with_WHM_US125587" name="Bin Status Report Should Create New Organization yard" time="70.141">
      <system-out><![CDATA[
COMMAND: POST /session/293c5cce68a4e627b0c1e3a644c6160b/execute/async - {"script":"<script> [1562 bytes]","args":[{"selector":{"controlType":"sap.m.GenericTile","properties":{"header":"Bin Status Report"}},"wdio_ui5_key":"sapm.GenericTile{\"header\":\"Bin Status Report\"}"}]}
RESULT: {"script":"<script> [1562 bytes]","args":[{"selector":{"controlType":"sap.m.GenericTile","properties":{"header":"Bin Status Report"}},"wdio_ui5_key":"sapm.GenericTile{\"header\":\"Bin Status Report\"}"}]}
RESULT: undefined
COMMAND: POST /session/293c5cce68a4e627b0c1e3a644c6160b/element - {"using":"xpath","value":"//*[@id=\"__tile104\"]"}
RESULT: {"using":"xpath","value":"//*[@id=\"__tile104\"]"}
COMMAND: POST /session/293c5cce68a4e627b0c1e3a644c6160b/element/f.01782A26726534229B57CD9AA69B47B8.d.C40DEA3E9D044D8B30BE60E458BB1BF1.e.2567/click - {}
RESULT: {}
COMMAND: POST /session/293c5cce68a4e627b0c1e3a644c6160b/element - {"using":"xpath","value":"//button[@id=\"application-binstatusreport-display-component---warehousing--createOrgBtn\"]"}
COMMAND: GET /session/293c5cce68a4e627b0c1e3a644c6160b/screenshot - {}
RESULT: {}
RESULT: {"using":"xpath","value":"//button[@id=\"application-binstatusreport-display-component---warehousing--createOrgBtn\"]"}
COMMAND: POST /session/293c5cce68a4e627b0c1e3a644c6160b/elements - {"using":"xpath","value":"//button[@id=\"application-binstatusreport-display-component---warehousing--createOrgBtn\"]"}
RESULT: {"using":"xpath","value":"//button[@id=\"application-binstatusreport-display-component---warehousing--createOrgBtn\"]"}
COMMAND: POST /session/293c5cce68a4e627b0c1e3a644c6160b/elements - {"using":"xpath","value":"//button[@id=\"application-binstatusreport-display-component---warehousing--createOrgBtn\"]"}
RESULT: {"using":"xpath","value":"//button[@id=\"application-binstatusreport-display-component---warehousing--createOrgBtn\"]"}
COMMAND: POST /session/293c5cce68a4e627b0c1e3a644c6160b/elements - {"using":"xpath","value":"//button[@id=\"application-binstatusreport-display-component---warehousing--createOrgBtn\"]"}
RESULT: {"using":"xpath","value":"//button[@id=\"application-binstatusreport-display-component---warehousing--createOrgBtn\"]"}
COMMAND: POST /session/293c5cce68a4e627b0c1e3a644c6160b/element - {"using":"xpath","value":"//button[@id=\"application-binstatusreport-display-component---warehousing--createOrgBtn\"]"}
RESULT: {"using":"xpath","value":"//button[@id=\"application-binstatusreport-display-component---warehousing--createOrgBtn\"]"}
COMMAND: POST /session/293c5cce68a4e627b0c1e3a644c6160b/execute/sync - {"script":"<script> [8489 bytes]","args":[{"element-6066-11e4-a52e-4f735466cecf":"f.01782A26726534229B57CD9AA69B47B8.d.C40DEA3E9D044D8B30BE60E458BB1BF1.e.2627","ELEMENT":"f.01782A26726534229B57CD9AA69B47B8.d.C40DEA3E9D044D8B30BE60E458BB1BF1.e.2627"}]}
RESULT: {"script":"<script> [8489 bytes]","args":[{"element-6066-11e4-a52e-4f735466cecf":"f.01782A26726534229B57CD9AA69B47B8.d.C40DEA3E9D044D8B30BE60E458BB1BF1.e.2627","ELEMENT":"f.01782A26726534229B57CD9AA69B47B8.d.C40DEA3E9D044D8B30BE60E458BB1BF1.e.2627"}]}
COMMAND: GET /session/293c5cce68a4e627b0c1e3a644c6160b/element/f.01782A26726534229B57CD9AA69B47B8.d.C40DEA3E9D044D8B30BE60E458BB1BF1.e.2627/enabled - {}
COMMAND: GET /session/293c5cce68a4e627b0c1e3a644c6160b/screenshot - {}
RESULT: {}
COMMAND: POST /session/293c5cce68a4e627b0c1e3a644c6160b/execute/sync - {"script":"<script> [8489 bytes]","args":[{"element-6066-11e4-a52e-4f735466cecf":"f.01782A26726534229B57CD9AA69B47B8.d.C40DEA3E9D044D8B30BE60E458BB1BF1.e.2627","ELEMENT":"f.01782A26726534229B57CD9AA69B47B8.d.C40DEA3E9D044D8B30BE60E458BB1BF1.e.2627"}]}
COMMAND: GET /session/293c5cce68a4e627b0c1e3a644c6160b/screenshot - {}
RESULT: {}
RESULT: {"script":"<script> [8489 bytes]","args":[{"element-6066-11e4-a52e-4f735466cecf":"f.01782A26726534229B57CD9AA69B47B8.d.C40DEA3E9D044D8B30BE60E458BB1BF1.e.2627","ELEMENT":"f.01782A26726534229B57CD9AA69B47B8.d.C40DEA3E9D044D8B30BE60E458BB1BF1.e.2627"}]}
COMMAND: POST /session/293c5cce68a4e627b0c1e3a644c6160b/execute/sync - {"script":"<script> [5351 bytes]","args":[{"element-6066-11e4-a52e-4f735466cecf":"f.01782A26726534229B57CD9AA69B47B8.d.C40DEA3E9D044D8B30BE60E458BB1BF1.e.2627","ELEMENT":"f.01782A26726534229B57CD9AA69B47B8.d.C40DEA3E9D044D8B30BE60E458BB1BF1.e.2627"}]}
COMMAND: GET /session/293c5cce68a4e627b0c1e3a644c6160b/screenshot - {}
RESULT: {}
RESULT: {"script":"<script> [5351 bytes]","args":[{"element-6066-11e4-a52e-4f735466cecf":"f.01782A26726534229B57CD9AA69B47B8.d.C40DEA3E9D044D8B30BE60E458BB1BF1.e.2627","ELEMENT":"f.01782A26726534229B57CD9AA69B47B8.d.C40DEA3E9D044D8B30BE60E458BB1BF1.e.2627"}]}
COMMAND: GET /session/293c5cce68a4e627b0c1e3a644c6160b/screenshot - {}
RESULT: {}
RESULT: {}
COMMAND: POST /session/293c5cce68a4e627b0c1e3a644c6160b/element/f.01782A26726534229B57CD9AA69B47B8.d.C40DEA3E9D044D8B30BE60E458BB1BF1.e.2627/click - {}
RESULT: {}
COMMAND: GET /session/293c5cce68a4e627b0c1e3a644c6160b/screenshot - {}
RESULT: {}
COMMAND: POST /session/293c5cce68a4e627b0c1e3a644c6160b/execute/async - {"script":"<script> [1562 bytes]","args":[{"selector":{"id":"createOrganizationPop--sectionInput","searchOpenDialogs":true,"interaction":{"idSuffix":"inner"}},"wdio_ui5_key":"createOrganizationPopsectionInput"}]}
RESULT: {"script":"<script> [1562 bytes]","args":[{"selector":{"id":"createOrganizationPop--sectionInput","searchOpenDialogs":true,"interaction":{"idSuffix":"inner"}},"wdio_ui5_key":"createOrganizationPopsectionInput"}]}
RESULT: undefined
COMMAND: POST /session/293c5cce68a4e627b0c1e3a644c6160b/execute/async - {"script":"<script> [776 bytes]","args":[{"enterText":"WDIO-189","selector":{"id":"createOrganizationPop--sectionInput","searchOpenDialogs":true,"interaction":{"idSuffix":"inner"}},"clearTextFirst":true,"interactionType":"ENTER_TEXT"}]}
RESULT: {"script":"<script> [776 bytes]","args":[{"enterText":"WDIO-189","selector":{"id":"createOrganizationPop--sectionInput","searchOpenDialogs":true,"interaction":{"idSuffix":"inner"}},"clearTextFirst":true,"interactionType":"ENTER_TEXT"}]}
COMMAND: POST /session/293c5cce68a4e627b0c1e3a644c6160b/execute/async - {"script":"<script> [1562 bytes]","args":[{"selector":{"id":"createOrganizationPop--descriptionInput","searchOpenDialogs":true,"interaction":{"idSuffix":"inner"}},"wdio_ui5_key":"createOrganizationPopdescriptionInput"}]}
RESULT: {"script":"<script> [1562 bytes]","args":[{"selector":{"id":"createOrganizationPop--descriptionInput","searchOpenDialogs":true,"interaction":{"idSuffix":"inner"}},"wdio_ui5_key":"createOrganizationPopdescriptionInput"}]}
RESULT: undefined
COMMAND: POST /session/293c5cce68a4e627b0c1e3a644c6160b/execute/async - {"script":"<script> [776 bytes]","args":[{"enterText":"Shipping-189","selector":{"id":"createOrganizationPop--descriptionInput","searchOpenDialogs":true,"interaction":{"idSuffix":"inner"}},"clearTextFirst":true,"interactionType":"ENTER_TEXT"}]}
RESULT: {"script":"<script> [776 bytes]","args":[{"enterText":"Shipping-189","selector":{"id":"createOrganizationPop--descriptionInput","searchOpenDialogs":true,"interaction":{"idSuffix":"inner"}},"clearTextFirst":true,"interactionType":"ENTER_TEXT"}]}
COMMAND: POST /session/293c5cce68a4e627b0c1e3a644c6160b/element - {"using":"css selector","value":"#createOrganizationPop--yardOrg-inner"}
RESULT: {"using":"css selector","value":"#createOrganizationPop--yardOrg-inner"}
COMMAND: POST /session/293c5cce68a4e627b0c1e3a644c6160b/element/f.01782A26726534229B57CD9AA69B47B8.d.C40DEA3E9D044D8B30BE60E458BB1BF1.e.2941/clear - {}
RESULT: {}
COMMAND: POST /session/293c5cce68a4e627b0c1e3a644c6160b/element/f.01782A26726534229B57CD9AA69B47B8.d.C40DEA3E9D044D8B30BE60E458BB1BF1.e.2941/value - {"text":"189"}
COMMAND: GET /session/293c5cce68a4e627b0c1e3a644c6160b/screenshot - {}
RESULT: {"text":"189"}
COMMAND: GET /session/293c5cce68a4e627b0c1e3a644c6160b/screenshot - {}
RESULT: {}
RESULT: {}
COMMAND: POST /session/293c5cce68a4e627b0c1e3a644c6160b/actions - {"actions":[{"id":"action9","type":"key","parameters":{},"actions":[{"type":"keyDown","value":"î€‡"},{"type":"pause","duration":10},{"type":"keyUp","value":"î€‡"}]}]}
RESULT: {"actions":[{"id":"action9","type":"key","parameters":{},"actions":[{"type":"keyDown","value":"î€‡"},{"type":"pause","duration":10},{"type":"keyUp","value":"î€‡"}]}]}
COMMAND: POST /session/293c5cce68a4e627b0c1e3a644c6160b/execute/async - {"script":"<script> [1562 bytes]","args":[{"selector":{"id":"createOrganizationPop--grZone","searchOpenDialogs":true,"interaction":{"idSuffix":"CbBg"}},"wdio_ui5_key":"createOrganizationPopgrZone"}]}
COMMAND: GET /session/293c5cce68a4e627b0c1e3a644c6160b/screenshot - {}
RESULT: {"script":"<script> [1562 bytes]","args":[{"selector":{"id":"createOrganizationPop--grZone","searchOpenDialogs":true,"interaction":{"idSuffix":"CbBg"}},"wdio_ui5_key":"createOrganizationPopgrZone"}]}
RESULT: undefined
COMMAND: POST /session/293c5cce68a4e627b0c1e3a644c6160b/element - {"using":"xpath","value":"//*[@id=\"createOrganizationPop--grZone\"]"}
RESULT: {}
RESULT: {"using":"xpath","value":"//*[@id=\"createOrganizationPop--grZone\"]"}
COMMAND: POST /session/293c5cce68a4e627b0c1e3a644c6160b/element/f.01782A26726534229B57CD9AA69B47B8.d.C40DEA3E9D044D8B30BE60E458BB1BF1.e.2962/click - {}
RESULT: {}
COMMAND: GET /session/293c5cce68a4e627b0c1e3a644c6160b/screenshot - {}
RESULT: {}
COMMAND: POST /session/293c5cce68a4e627b0c1e3a644c6160b/execute/async - {"script":"<script> [1562 bytes]","args":[{"selector":{"id":"createOrganizationPop--giZone","searchOpenDialogs":true,"interaction":{"idSuffix":"CbBg"}},"wdio_ui5_key":"createOrganizationPopgiZone"}]}
RESULT: {"script":"<script> [1562 bytes]","args":[{"selector":{"id":"createOrganizationPop--giZone","searchOpenDialogs":true,"interaction":{"idSuffix":"CbBg"}},"wdio_ui5_key":"createOrganizationPopgiZone"}]}
RESULT: undefined
COMMAND: POST /session/293c5cce68a4e627b0c1e3a644c6160b/element - {"using":"xpath","value":"//*[@id=\"createOrganizationPop--giZone\"]"}
RESULT: {"using":"xpath","value":"//*[@id=\"createOrganizationPop--giZone\"]"}
COMMAND: POST /session/293c5cce68a4e627b0c1e3a644c6160b/element/f.01782A26726534229B57CD9AA69B47B8.d.C40DEA3E9D044D8B30BE60E458BB1BF1.e.2964/click - {}
RESULT: {}
COMMAND: GET /session/293c5cce68a4e627b0c1e3a644c6160b/screenshot - {}
RESULT: {}
COMMAND: POST /session/293c5cce68a4e627b0c1e3a644c6160b/execute/async - {"script":"<script> [1562 bytes]","args":[{"selector":{"id":"createOrganizationPop--binNoInput","searchOpenDialogs":true,"interaction":{"idSuffix":"inner"}},"wdio_ui5_key":"createOrganizationPopbinNoInput"}]}
RESULT: {"script":"<script> [1562 bytes]","args":[{"selector":{"id":"createOrganizationPop--binNoInput","searchOpenDialogs":true,"interaction":{"idSuffix":"inner"}},"wdio_ui5_key":"createOrganizationPopbinNoInput"}]}
RESULT: undefined
COMMAND: POST /session/293c5cce68a4e627b0c1e3a644c6160b/execute/async - {"script":"<script> [776 bytes]","args":[{"enterText":"Bin-Wd","selector":{"id":"createOrganizationPop--binNoInput","searchOpenDialogs":true,"interaction":{"idSuffix":"inner"}},"clearTextFirst":true,"interactionType":"ENTER_TEXT"}]}
RESULT: {"script":"<script> [776 bytes]","args":[{"enterText":"Bin-Wd","selector":{"id":"createOrganizationPop--binNoInput","searchOpenDialogs":true,"interaction":{"idSuffix":"inner"}},"clearTextFirst":true,"interactionType":"ENTER_TEXT"}]}
COMMAND: POST /session/293c5cce68a4e627b0c1e3a644c6160b/execute/async - {"script":"<script> [1562 bytes]","args":[{"selector":{"id":"createOrganizationPop--descriptionId","searchOpenDialogs":true,"interaction":{"idSuffix":"inner"}},"wdio_ui5_key":"createOrganizationPopdescriptionId"}]}
RESULT: {"script":"<script> [1562 bytes]","args":[{"selector":{"id":"createOrganizationPop--descriptionId","searchOpenDialogs":true,"interaction":{"idSuffix":"inner"}},"wdio_ui5_key":"createOrganizationPopdescriptionId"}]}
RESULT: undefined
COMMAND: POST /session/293c5cce68a4e627b0c1e3a644c6160b/execute/async - {"script":"<script> [776 bytes]","args":[{"enterText":"Shipping-Wd","selector":{"id":"createOrganizationPop--descriptionId","searchOpenDialogs":true,"interaction":{"idSuffix":"inner"}},"clearTextFirst":true,"interactionType":"ENTER_TEXT"}]}
RESULT: {"script":"<script> [776 bytes]","args":[{"enterText":"Shipping-Wd","selector":{"id":"createOrganizationPop--descriptionId","searchOpenDialogs":true,"interaction":{"idSuffix":"inner"}},"clearTextFirst":true,"interactionType":"ENTER_TEXT"}]}
COMMAND: POST /session/293c5cce68a4e627b0c1e3a644c6160b/execute/async - {"script":"<script> [1562 bytes]","args":[{"selector":{"controlType":"sap.m.CheckBox","viewName":"etm.portal.ui.binstatusreport.view.MasterWareBins","viewId":"application-binstatusreport-display-component---warehousing","bindingPath":{"path":"","propertyPath":"/ZONE","modelName":"newBin"},"searchOpenDialogs":true,"interaction":{"idSuffix":"CbBg"}},"wdio_ui5_key":"etmportal.ui.binstatusreport.view.MasterWareBinssap.m.CheckBox{\"path\":\"\",\"propertyPath\":\"/ZONE\",\"modelName\":\"newBin\"}"}]}
RESULT: {"script":"<script> [1562 bytes]","args":[{"selector":{"controlType":"sap.m.CheckBox","viewName":"etm.portal.ui.binstatusreport.view.MasterWareBins","viewId":"application-binstatusreport-display-component---warehousing","bindingPath":{"path":"","propertyPath":"/ZONE","modelName":"newBin"},"searchOpenDialogs":true,"interaction":{"idSuffix":"CbBg"}},"wdio_ui5_key":"etmportal.ui.binstatusreport.view.MasterWareBinssap.m.CheckBox{\"path\":\"\",\"propertyPath\":\"/ZONE\",\"modelName\":\"newBin\"}"}]}
RESULT: undefined
COMMAND: POST /session/293c5cce68a4e627b0c1e3a644c6160b/element - {"using":"xpath","value":"//*[@id=\"__box56\"]"}
RESULT: {"using":"xpath","value":"//*[@id=\"__box56\"]"}
COMMAND: POST /session/293c5cce68a4e627b0c1e3a644c6160b/element/f.01782A26726534229B57CD9AA69B47B8.d.C40DEA3E9D044D8B30BE60E458BB1BF1.e.2968/click - {}
RESULT: {}
COMMAND: GET /session/293c5cce68a4e627b0c1e3a644c6160b/screenshot - {}
RESULT: {}
COMMAND: POST /session/293c5cce68a4e627b0c1e3a644c6160b/execute/async - {"script":"<script> [1562 bytes]","args":[{"selector":{"id":"createOrganizationPop--binTypesCB","searchOpenDialogs":true,"interaction":{"idSuffix":"inner"}},"wdio_ui5_key":"createOrganizationPopbinTypesCB"}]}
RESULT: {"script":"<script> [1562 bytes]","args":[{"selector":{"id":"createOrganizationPop--binTypesCB","searchOpenDialogs":true,"interaction":{"idSuffix":"inner"}},"wdio_ui5_key":"createOrganizationPopbinTypesCB"}]}
RESULT: undefined
COMMAND: POST /session/293c5cce68a4e627b0c1e3a644c6160b/execute/async - {"script":"<script> [776 bytes]","args":[{"enterText":"1 - General / No capacity check","selector":{"id":"createOrganizationPop--binTypesCB","searchOpenDialogs":true,"interaction":{"idSuffix":"inner"}},"clearTextFirst":true,"interactionType":"ENTER_TEXT"}]}
RESULT: {"script":"<script> [776 bytes]","args":[{"enterText":"1 - General / No capacity check","selector":{"id":"createOrganizationPop--binTypesCB","searchOpenDialogs":true,"interaction":{"idSuffix":"inner"}},"clearTextFirst":true,"interactionType":"ENTER_TEXT"}]}
COMMAND: POST /session/293c5cce68a4e627b0c1e3a644c6160b/actions - {"actions":[{"id":"action10","type":"key","parameters":{},"actions":[{"type":"keyDown","value":"î€‡"},{"type":"pause","duration":10},{"type":"keyUp","value":"î€‡"}]}]}
RESULT: {"actions":[{"id":"action10","type":"key","parameters":{},"actions":[{"type":"keyDown","value":"î€‡"},{"type":"pause","duration":10},{"type":"keyUp","value":"î€‡"}]}]}
COMMAND: GET /session/293c5cce68a4e627b0c1e3a644c6160b/screenshot - {}
RESULT: {}
COMMAND: POST /session/293c5cce68a4e627b0c1e3a644c6160b/execute/async - {"script":"<script> [1562 bytes]","args":[{"selector":{"id":"createOrganizationPop--finishBtn","searchOpenDialogs":true,"interaction":{"idSuffix":"BDI-content"}},"wdio_ui5_key":"createOrganizationPopfinishBtn"}]}
RESULT: {"script":"<script> [1562 bytes]","args":[{"selector":{"id":"createOrganizationPop--finishBtn","searchOpenDialogs":true,"interaction":{"idSuffix":"BDI-content"}},"wdio_ui5_key":"createOrganizationPopfinishBtn"}]}
RESULT: undefined
COMMAND: POST /session/293c5cce68a4e627b0c1e3a644c6160b/element - {"using":"xpath","value":"//*[@id=\"createOrganizationPop--finishBtn\"]"}
RESULT: {"using":"xpath","value":"//*[@id=\"createOrganizationPop--finishBtn\"]"}
COMMAND: POST /session/293c5cce68a4e627b0c1e3a644c6160b/element/f.01782A26726534229B57CD9AA69B47B8.d.C40DEA3E9D044D8B30BE60E458BB1BF1.e.2971/click - {}
RESULT: {}
COMMAND: GET /session/293c5cce68a4e627b0c1e3a644c6160b/screenshot - {}
RESULT: {}
COMMAND: POST /session/293c5cce68a4e627b0c1e3a644c6160b/element - {"using":"css selector","value":"#shell-header-logo"}
RESULT: {"using":"css selector","value":"#shell-header-logo"}
COMMAND: POST /session/293c5cce68a4e627b0c1e3a644c6160b/element/f.01782A26726534229B57CD9AA69B47B8.d.C40DEA3E9D044D8B30BE60E458BB1BF1.e.2574/click - {}
RESULT: {}
COMMAND: GET /session/293c5cce68a4e627b0c1e3a644c6160b/screenshot - {}
RESULT: {}
]]></system-out>
    </testcase>
    <testcase classname="chrome.136_0_7103_49.windows.Stock_increase_-_with_WHM_US125587" name="Bin Status Report Should Create New Organization for Site" time="57.266">
      <system-out><![CDATA[
RESULT: undefined
COMMAND: POST /session/293c5cce68a4e627b0c1e3a644c6160b/element - {"using":"xpath","value":"//*[@id=\"__tile104\"]"}
RESULT: {"using":"xpath","value":"//*[@id=\"__tile104\"]"}
COMMAND: POST /session/293c5cce68a4e627b0c1e3a644c6160b/element/f.01782A26726534229B57CD9AA69B47B8.d.C40DEA3E9D044D8B30BE60E458BB1BF1.e.2567/click - {}
RESULT: {}
COMMAND: POST /session/293c5cce68a4e627b0c1e3a644c6160b/element - {"using":"xpath","value":"//button[@id=\"application-binstatusreport-display-component---warehousing--createOrgBtn\"]"}
COMMAND: GET /session/293c5cce68a4e627b0c1e3a644c6160b/screenshot - {}
RESULT: {"using":"xpath","value":"//button[@id=\"application-binstatusreport-display-component---warehousing--createOrgBtn\"]"}
COMMAND: POST /session/293c5cce68a4e627b0c1e3a644c6160b/elements - {"using":"xpath","value":"//button[@id=\"application-binstatusreport-display-component---warehousing--createOrgBtn\"]"}
RESULT: {}
RESULT: {"using":"xpath","value":"//button[@id=\"application-binstatusreport-display-component---warehousing--createOrgBtn\"]"}
COMMAND: POST /session/293c5cce68a4e627b0c1e3a644c6160b/element - {"using":"xpath","value":"//button[@id=\"application-binstatusreport-display-component---warehousing--createOrgBtn\"]"}
RESULT: {"using":"xpath","value":"//button[@id=\"application-binstatusreport-display-component---warehousing--createOrgBtn\"]"}
COMMAND: POST /session/293c5cce68a4e627b0c1e3a644c6160b/execute/sync - {"script":"<script> [8489 bytes]","args":[{"element-6066-11e4-a52e-4f735466cecf":"f.01782A26726534229B57CD9AA69B47B8.d.C40DEA3E9D044D8B30BE60E458BB1BF1.e.3013","ELEMENT":"f.01782A26726534229B57CD9AA69B47B8.d.C40DEA3E9D044D8B30BE60E458BB1BF1.e.3013"}]}
RESULT: {"script":"<script> [8489 bytes]","args":[{"element-6066-11e4-a52e-4f735466cecf":"f.01782A26726534229B57CD9AA69B47B8.d.C40DEA3E9D044D8B30BE60E458BB1BF1.e.3013","ELEMENT":"f.01782A26726534229B57CD9AA69B47B8.d.C40DEA3E9D044D8B30BE60E458BB1BF1.e.3013"}]}
COMMAND: GET /session/293c5cce68a4e627b0c1e3a644c6160b/element/f.01782A26726534229B57CD9AA69B47B8.d.C40DEA3E9D044D8B30BE60E458BB1BF1.e.3013/enabled - {}
COMMAND: GET /session/293c5cce68a4e627b0c1e3a644c6160b/screenshot - {}
RESULT: {}
COMMAND: POST /session/293c5cce68a4e627b0c1e3a644c6160b/execute/sync - {"script":"<script> [8489 bytes]","args":[{"element-6066-11e4-a52e-4f735466cecf":"f.01782A26726534229B57CD9AA69B47B8.d.C40DEA3E9D044D8B30BE60E458BB1BF1.e.3013","ELEMENT":"f.01782A26726534229B57CD9AA69B47B8.d.C40DEA3E9D044D8B30BE60E458BB1BF1.e.3013"}]}
COMMAND: GET /session/293c5cce68a4e627b0c1e3a644c6160b/screenshot - {}
RESULT: {}
RESULT: {"script":"<script> [8489 bytes]","args":[{"element-6066-11e4-a52e-4f735466cecf":"f.01782A26726534229B57CD9AA69B47B8.d.C40DEA3E9D044D8B30BE60E458BB1BF1.e.3013","ELEMENT":"f.01782A26726534229B57CD9AA69B47B8.d.C40DEA3E9D044D8B30BE60E458BB1BF1.e.3013"}]}
COMMAND: POST /session/293c5cce68a4e627b0c1e3a644c6160b/execute/sync - {"script":"<script> [5351 bytes]","args":[{"element-6066-11e4-a52e-4f735466cecf":"f.01782A26726534229B57CD9AA69B47B8.d.C40DEA3E9D044D8B30BE60E458BB1BF1.e.3013","ELEMENT":"f.01782A26726534229B57CD9AA69B47B8.d.C40DEA3E9D044D8B30BE60E458BB1BF1.e.3013"}]}
COMMAND: GET /session/293c5cce68a4e627b0c1e3a644c6160b/screenshot - {}
RESULT: {}
RESULT: {"script":"<script> [5351 bytes]","args":[{"element-6066-11e4-a52e-4f735466cecf":"f.01782A26726534229B57CD9AA69B47B8.d.C40DEA3E9D044D8B30BE60E458BB1BF1.e.3013","ELEMENT":"f.01782A26726534229B57CD9AA69B47B8.d.C40DEA3E9D044D8B30BE60E458BB1BF1.e.3013"}]}
COMMAND: GET /session/293c5cce68a4e627b0c1e3a644c6160b/screenshot - {}
RESULT: {}
RESULT: {}
COMMAND: POST /session/293c5cce68a4e627b0c1e3a644c6160b/element/f.01782A26726534229B57CD9AA69B47B8.d.C40DEA3E9D044D8B30BE60E458BB1BF1.e.3013/click - {}
RESULT: {}
COMMAND: GET /session/293c5cce68a4e627b0c1e3a644c6160b/screenshot - {}
RESULT: {}
RESULT: undefined
COMMAND: POST /session/293c5cce68a4e627b0c1e3a644c6160b/execute/async - {"script":"<script> [776 bytes]","args":[{"enterText":"2045","selector":{"id":"createOrganizationPop--sectionInput","searchOpenDialogs":true,"interaction":{"idSuffix":"inner"}},"clearTextFirst":true,"interactionType":"ENTER_TEXT"}]}
RESULT: {"script":"<script> [776 bytes]","args":[{"enterText":"2045","selector":{"id":"createOrganizationPop--sectionInput","searchOpenDialogs":true,"interaction":{"idSuffix":"inner"}},"clearTextFirst":true,"interactionType":"ENTER_TEXT"}]}
RESULT: undefined
COMMAND: POST /session/293c5cce68a4e627b0c1e3a644c6160b/execute/async - {"script":"<script> [776 bytes]","args":[{"enterText":"WDIO-2045","selector":{"id":"createOrganizationPop--descriptionInput","searchOpenDialogs":true,"interaction":{"idSuffix":"inner"}},"clearTextFirst":true,"interactionType":"ENTER_TEXT"}]}
RESULT: {"script":"<script> [776 bytes]","args":[{"enterText":"WDIO-2045","selector":{"id":"createOrganizationPop--descriptionInput","searchOpenDialogs":true,"interaction":{"idSuffix":"inner"}},"clearTextFirst":true,"interactionType":"ENTER_TEXT"}]}
COMMAND: POST /session/293c5cce68a4e627b0c1e3a644c6160b/element - {"using":"css selector","value":"#createOrganizationPop--siteOrg-inner"}
RESULT: {"using":"css selector","value":"#createOrganizationPop--siteOrg-inner"}
COMMAND: POST /session/293c5cce68a4e627b0c1e3a644c6160b/element/f.01782A26726534229B57CD9AA69B47B8.d.C40DEA3E9D044D8B30BE60E458BB1BF1.e.3068/clear - {}
RESULT: {}
COMMAND: POST /session/293c5cce68a4e627b0c1e3a644c6160b/element/f.01782A26726534229B57CD9AA69B47B8.d.C40DEA3E9D044D8B30BE60E458BB1BF1.e.3068/value - {"text":"2045"}
COMMAND: GET /session/293c5cce68a4e627b0c1e3a644c6160b/screenshot - {}
RESULT: {"text":"2045"}
COMMAND: GET /session/293c5cce68a4e627b0c1e3a644c6160b/screenshot - {}
RESULT: {}
RESULT: {}
COMMAND: POST /session/293c5cce68a4e627b0c1e3a644c6160b/actions - {"actions":[{"id":"action11","type":"key","parameters":{},"actions":[{"type":"keyDown","value":"î€‡"},{"type":"pause","duration":10},{"type":"keyUp","value":"î€‡"}]}]}
RESULT: {"actions":[{"id":"action11","type":"key","parameters":{},"actions":[{"type":"keyDown","value":"î€‡"},{"type":"pause","duration":10},{"type":"keyUp","value":"î€‡"}]}]}
RESULT: undefined
COMMAND: POST /session/293c5cce68a4e627b0c1e3a644c6160b/element - {"using":"xpath","value":"//*[@id=\"createOrganizationPop--giZone\"]"}
COMMAND: GET /session/293c5cce68a4e627b0c1e3a644c6160b/screenshot - {}
RESULT: {"using":"xpath","value":"//*[@id=\"createOrganizationPop--giZone\"]"}
COMMAND: POST /session/293c5cce68a4e627b0c1e3a644c6160b/element/f.01782A26726534229B57CD9AA69B47B8.d.C40DEA3E9D044D8B30BE60E458BB1BF1.e.3086/click - {}
RESULT: {}
RESULT: {}
COMMAND: GET /session/293c5cce68a4e627b0c1e3a644c6160b/screenshot - {}
RESULT: {}
RESULT: undefined
COMMAND: POST /session/293c5cce68a4e627b0c1e3a644c6160b/execute/async - {"script":"<script> [776 bytes]","args":[{"enterText":"WD-BIN","selector":{"id":"createOrganizationPop--binNoInput","searchOpenDialogs":true,"interaction":{"idSuffix":"inner"}},"clearTextFirst":true,"interactionType":"ENTER_TEXT"}]}
RESULT: {"script":"<script> [776 bytes]","args":[{"enterText":"WD-BIN","selector":{"id":"createOrganizationPop--binNoInput","searchOpenDialogs":true,"interaction":{"idSuffix":"inner"}},"clearTextFirst":true,"interactionType":"ENTER_TEXT"}]}
RESULT: undefined
COMMAND: POST /session/293c5cce68a4e627b0c1e3a644c6160b/execute/async - {"script":"<script> [776 bytes]","args":[{"enterText":"WD-BIN","selector":{"id":"createOrganizationPop--descriptionId","searchOpenDialogs":true,"interaction":{"idSuffix":"inner"}},"clearTextFirst":true,"interactionType":"ENTER_TEXT"}]}
RESULT: {"script":"<script> [776 bytes]","args":[{"enterText":"WD-BIN","selector":{"id":"createOrganizationPop--descriptionId","searchOpenDialogs":true,"interaction":{"idSuffix":"inner"}},"clearTextFirst":true,"interactionType":"ENTER_TEXT"}]}
COMMAND: POST /session/293c5cce68a4e627b0c1e3a644c6160b/execute/async - {"script":"<script> [1562 bytes]","args":[{"selector":{"controlType":"sap.m.CheckBox","viewName":"etm.portal.ui.binstatusreport.view.MasterWareBins","viewId":"application-binstatusreport-display-component---warehousing","bindingPath":{"propertyPath":"/ZONE","modelName":"newBin"},"searchOpenDialogs":true,"interaction":{"idSuffix":"CbBg"}},"wdio_ui5_key":"etmportal.ui.binstatusreport.view.MasterWareBinssap.m.CheckBox{\"propertyPath\":\"/ZONE\",\"modelName\":\"newBin\"}"}]}
RESULT: {"script":"<script> [1562 bytes]","args":[{"selector":{"controlType":"sap.m.CheckBox","viewName":"etm.portal.ui.binstatusreport.view.MasterWareBins","viewId":"application-binstatusreport-display-component---warehousing","bindingPath":{"propertyPath":"/ZONE","modelName":"newBin"},"searchOpenDialogs":true,"interaction":{"idSuffix":"CbBg"}},"wdio_ui5_key":"etmportal.ui.binstatusreport.view.MasterWareBinssap.m.CheckBox{\"propertyPath\":\"/ZONE\",\"modelName\":\"newBin\"}"}]}
RESULT: undefined
COMMAND: POST /session/293c5cce68a4e627b0c1e3a644c6160b/element - {"using":"xpath","value":"//*[@id=\"__box68\"]"}
RESULT: {"using":"xpath","value":"//*[@id=\"__box68\"]"}
COMMAND: POST /session/293c5cce68a4e627b0c1e3a644c6160b/element/f.01782A26726534229B57CD9AA69B47B8.d.C40DEA3E9D044D8B30BE60E458BB1BF1.e.3088/click - {}
RESULT: {}
COMMAND: GET /session/293c5cce68a4e627b0c1e3a644c6160b/screenshot - {}
RESULT: {}
RESULT: undefined
COMMAND: POST /session/293c5cce68a4e627b0c1e3a644c6160b/execute/async - {"script":"<script> [776 bytes]","args":[{"enterText":"1 - General / No capacity check","selector":{"id":"createOrganizationPop--binTypesCB","searchOpenDialogs":true,"interaction":{"idSuffix":"inner"}},"clearTextFirst":true,"interactionType":"ENTER_TEXT"}]}
RESULT: {"script":"<script> [776 bytes]","args":[{"enterText":"1 - General / No capacity check","selector":{"id":"createOrganizationPop--binTypesCB","searchOpenDialogs":true,"interaction":{"idSuffix":"inner"}},"clearTextFirst":true,"interactionType":"ENTER_TEXT"}]}
COMMAND: POST /session/293c5cce68a4e627b0c1e3a644c6160b/execute/async - {"script":"<script> [1562 bytes]","args":[{"selector":{"id":"createOrganizationPop--capacityId","searchOpenDialogs":true,"interaction":{"idSuffix":"inner"}},"wdio_ui5_key":"createOrganizationPopcapacityId"}]}
RESULT: {"script":"<script> [1562 bytes]","args":[{"selector":{"id":"createOrganizationPop--capacityId","searchOpenDialogs":true,"interaction":{"idSuffix":"inner"}},"wdio_ui5_key":"createOrganizationPopcapacityId"}]}
RESULT: undefined
COMMAND: POST /session/293c5cce68a4e627b0c1e3a644c6160b/actions - {"actions":[{"id":"action12","type":"key","parameters":{},"actions":[{"type":"keyDown","value":"î€‡"},{"type":"pause","duration":10},{"type":"keyUp","value":"î€‡"}]}]}
RESULT: {"actions":[{"id":"action12","type":"key","parameters":{},"actions":[{"type":"keyDown","value":"î€‡"},{"type":"pause","duration":10},{"type":"keyUp","value":"î€‡"}]}]}
COMMAND: GET /session/293c5cce68a4e627b0c1e3a644c6160b/screenshot - {}
RESULT: {}
RESULT: undefined
COMMAND: POST /session/293c5cce68a4e627b0c1e3a644c6160b/element - {"using":"xpath","value":"//*[@id=\"createOrganizationPop--finishBtn\"]"}
RESULT: {"using":"xpath","value":"//*[@id=\"createOrganizationPop--finishBtn\"]"}
COMMAND: POST /session/293c5cce68a4e627b0c1e3a644c6160b/element/f.01782A26726534229B57CD9AA69B47B8.d.C40DEA3E9D044D8B30BE60E458BB1BF1.e.3089/click - {}
RESULT: {}
COMMAND: GET /session/293c5cce68a4e627b0c1e3a644c6160b/screenshot - {}
RESULT: {}
COMMAND: POST /session/293c5cce68a4e627b0c1e3a644c6160b/element - {"using":"css selector","value":"#shell-header-logo"}
RESULT: {"using":"css selector","value":"#shell-header-logo"}
COMMAND: POST /session/293c5cce68a4e627b0c1e3a644c6160b/element/f.01782A26726534229B57CD9AA69B47B8.d.C40DEA3E9D044D8B30BE60E458BB1BF1.e.2980/click - {}
RESULT: {}
COMMAND: GET /session/293c5cce68a4e627b0c1e3a644c6160b/screenshot - {}
RESULT: {}
]]></system-out>
    </testcase>
    <testcase classname="chrome.136_0_7103_49.windows.Stock_increase_-_with_WHM_US125587" name="Create a Warehouse Movement for created yard" time="44.275">
      <system-out><![CDATA[
COMMAND: POST /session/293c5cce68a4e627b0c1e3a644c6160b/execute/async - {"script":"<script> [1562 bytes]","args":[{"selector":{"controlType":"sap.m.GenericTile","properties":{"header":"Manage Warehouse Movements"}},"wdio_ui5_key":"sapm.GenericTile{\"header\":\"Manage Warehouse Movements\"}"}]}
RESULT: {"script":"<script> [1562 bytes]","args":[{"selector":{"controlType":"sap.m.GenericTile","properties":{"header":"Manage Warehouse Movements"}},"wdio_ui5_key":"sapm.GenericTile{\"header\":\"Manage Warehouse Movements\"}"}]}
RESULT: undefined
COMMAND: POST /session/293c5cce68a4e627b0c1e3a644c6160b/element - {"using":"xpath","value":"//*[@id=\"__tile105\"]"}
RESULT: {"using":"xpath","value":"//*[@id=\"__tile105\"]"}
COMMAND: POST /session/293c5cce68a4e627b0c1e3a644c6160b/element/f.01782A26726534229B57CD9AA69B47B8.d.C40DEA3E9D044D8B30BE60E458BB1BF1.e.3123/click - {}
RESULT: {}
COMMAND: POST /session/293c5cce68a4e627b0c1e3a644c6160b/element - {"using":"xpath","value":"//input[@id='application-warehousemovements-display-component---warehouseMovements--smartFilterBar-filterItemControl_BASIC-YARD-inner']"}
COMMAND: GET /session/293c5cce68a4e627b0c1e3a644c6160b/screenshot - {}
RESULT: {"using":"xpath","value":"//input[@id='application-warehousemovements-display-component---warehouseMovements--smartFilterBar-filterItemControl_BASIC-YARD-inner']"}
COMMAND: POST /session/293c5cce68a4e627b0c1e3a644c6160b/elements - {"using":"xpath","value":"//input[@id='application-warehousemovements-display-component---warehouseMovements--smartFilterBar-filterItemControl_BASIC-YARD-inner']"}
RESULT: {}
RESULT: {"using":"xpath","value":"//input[@id='application-warehousemovements-display-component---warehouseMovements--smartFilterBar-filterItemControl_BASIC-YARD-inner']"}
COMMAND: POST /session/293c5cce68a4e627b0c1e3a644c6160b/elements - {"using":"xpath","value":"//input[@id='application-warehousemovements-display-component---warehouseMovements--smartFilterBar-filterItemControl_BASIC-YARD-inner']"}
RESULT: {"using":"xpath","value":"//input[@id='application-warehousemovements-display-component---warehouseMovements--smartFilterBar-filterItemControl_BASIC-YARD-inner']"}
COMMAND: POST /session/293c5cce68a4e627b0c1e3a644c6160b/elements - {"using":"xpath","value":"//input[@id='application-warehousemovements-display-component---warehouseMovements--smartFilterBar-filterItemControl_BASIC-YARD-inner']"}
RESULT: {"using":"xpath","value":"//input[@id='application-warehousemovements-display-component---warehouseMovements--smartFilterBar-filterItemControl_BASIC-YARD-inner']"}
COMMAND: POST /session/293c5cce68a4e627b0c1e3a644c6160b/elements - {"using":"xpath","value":"//input[@id='application-warehousemovements-display-component---warehouseMovements--smartFilterBar-filterItemControl_BASIC-YARD-inner']"}
RESULT: {"using":"xpath","value":"//input[@id='application-warehousemovements-display-component---warehouseMovements--smartFilterBar-filterItemControl_BASIC-YARD-inner']"}
COMMAND: POST /session/293c5cce68a4e627b0c1e3a644c6160b/elements - {"using":"xpath","value":"//input[@id='application-warehousemovements-display-component---warehouseMovements--smartFilterBar-filterItemControl_BASIC-YARD-inner']"}
RESULT: {"using":"xpath","value":"//input[@id='application-warehousemovements-display-component---warehouseMovements--smartFilterBar-filterItemControl_BASIC-YARD-inner']"}
COMMAND: POST /session/293c5cce68a4e627b0c1e3a644c6160b/elements - {"using":"xpath","value":"//input[@id='application-warehousemovements-display-component---warehouseMovements--smartFilterBar-filterItemControl_BASIC-YARD-inner']"}
RESULT: {"using":"xpath","value":"//input[@id='application-warehousemovements-display-component---warehouseMovements--smartFilterBar-filterItemControl_BASIC-YARD-inner']"}
COMMAND: POST /session/293c5cce68a4e627b0c1e3a644c6160b/elements - {"using":"xpath","value":"//input[@id='application-warehousemovements-display-component---warehouseMovements--smartFilterBar-filterItemControl_BASIC-YARD-inner']"}
RESULT: {"using":"xpath","value":"//input[@id='application-warehousemovements-display-component---warehouseMovements--smartFilterBar-filterItemControl_BASIC-YARD-inner']"}
COMMAND: POST /session/293c5cce68a4e627b0c1e3a644c6160b/elements - {"using":"xpath","value":"//input[@id='application-warehousemovements-display-component---warehouseMovements--smartFilterBar-filterItemControl_BASIC-YARD-inner']"}
RESULT: {"using":"xpath","value":"//input[@id='application-warehousemovements-display-component---warehouseMovements--smartFilterBar-filterItemControl_BASIC-YARD-inner']"}
COMMAND: POST /session/293c5cce68a4e627b0c1e3a644c6160b/element - {"using":"xpath","value":"//input[@id='application-warehousemovements-display-component---warehouseMovements--smartFilterBar-filterItemControl_BASIC-YARD-inner']"}
RESULT: {"using":"xpath","value":"//input[@id='application-warehousemovements-display-component---warehouseMovements--smartFilterBar-filterItemControl_BASIC-YARD-inner']"}
COMMAND: POST /session/293c5cce68a4e627b0c1e3a644c6160b/execute/sync - {"script":"<script> [8489 bytes]","args":[{"element-6066-11e4-a52e-4f735466cecf":"f.01782A26726534229B57CD9AA69B47B8.d.C40DEA3E9D044D8B30BE60E458BB1BF1.e.3131","ELEMENT":"f.01782A26726534229B57CD9AA69B47B8.d.C40DEA3E9D044D8B30BE60E458BB1BF1.e.3131"}]}
RESULT: {"script":"<script> [8489 bytes]","args":[{"element-6066-11e4-a52e-4f735466cecf":"f.01782A26726534229B57CD9AA69B47B8.d.C40DEA3E9D044D8B30BE60E458BB1BF1.e.3131","ELEMENT":"f.01782A26726534229B57CD9AA69B47B8.d.C40DEA3E9D044D8B30BE60E458BB1BF1.e.3131"}]}
COMMAND: GET /session/293c5cce68a4e627b0c1e3a644c6160b/element/f.01782A26726534229B57CD9AA69B47B8.d.C40DEA3E9D044D8B30BE60E458BB1BF1.e.3131/enabled - {}
COMMAND: GET /session/293c5cce68a4e627b0c1e3a644c6160b/screenshot - {}
RESULT: {}
COMMAND: POST /session/293c5cce68a4e627b0c1e3a644c6160b/execute/sync - {"script":"<script> [8489 bytes]","args":[{"element-6066-11e4-a52e-4f735466cecf":"f.01782A26726534229B57CD9AA69B47B8.d.C40DEA3E9D044D8B30BE60E458BB1BF1.e.3131","ELEMENT":"f.01782A26726534229B57CD9AA69B47B8.d.C40DEA3E9D044D8B30BE60E458BB1BF1.e.3131"}]}
COMMAND: GET /session/293c5cce68a4e627b0c1e3a644c6160b/screenshot - {}
RESULT: {}
RESULT: {"script":"<script> [8489 bytes]","args":[{"element-6066-11e4-a52e-4f735466cecf":"f.01782A26726534229B57CD9AA69B47B8.d.C40DEA3E9D044D8B30BE60E458BB1BF1.e.3131","ELEMENT":"f.01782A26726534229B57CD9AA69B47B8.d.C40DEA3E9D044D8B30BE60E458BB1BF1.e.3131"}]}
COMMAND: POST /session/293c5cce68a4e627b0c1e3a644c6160b/execute/sync - {"script":"<script> [5351 bytes]","args":[{"element-6066-11e4-a52e-4f735466cecf":"f.01782A26726534229B57CD9AA69B47B8.d.C40DEA3E9D044D8B30BE60E458BB1BF1.e.3131","ELEMENT":"f.01782A26726534229B57CD9AA69B47B8.d.C40DEA3E9D044D8B30BE60E458BB1BF1.e.3131"}]}
COMMAND: GET /session/293c5cce68a4e627b0c1e3a644c6160b/screenshot - {}
RESULT: {}
RESULT: {"script":"<script> [5351 bytes]","args":[{"element-6066-11e4-a52e-4f735466cecf":"f.01782A26726534229B57CD9AA69B47B8.d.C40DEA3E9D044D8B30BE60E458BB1BF1.e.3131","ELEMENT":"f.01782A26726534229B57CD9AA69B47B8.d.C40DEA3E9D044D8B30BE60E458BB1BF1.e.3131"}]}
COMMAND: GET /session/293c5cce68a4e627b0c1e3a644c6160b/screenshot - {}
RESULT: {}
RESULT: {}
COMMAND: POST /session/293c5cce68a4e627b0c1e3a644c6160b/element/f.01782A26726534229B57CD9AA69B47B8.d.C40DEA3E9D044D8B30BE60E458BB1BF1.e.3131/clear - {}
RESULT: {}
COMMAND: POST /session/293c5cce68a4e627b0c1e3a644c6160b/element/f.01782A26726534229B57CD9AA69B47B8.d.C40DEA3E9D044D8B30BE60E458BB1BF1.e.3131/value - {"text":"189"}
COMMAND: GET /session/293c5cce68a4e627b0c1e3a644c6160b/screenshot - {}
RESULT: {"text":"189"}
COMMAND: POST /session/293c5cce68a4e627b0c1e3a644c6160b/actions - {"actions":[{"id":"action13","type":"key","parameters":{},"actions":[{"type":"keyDown","value":"î€‡"},{"type":"pause","duration":10},{"type":"keyUp","value":"î€‡"}]}]}
COMMAND: GET /session/293c5cce68a4e627b0c1e3a644c6160b/screenshot - {}
RESULT: {}
RESULT: {}
RESULT: {"actions":[{"id":"action13","type":"key","parameters":{},"actions":[{"type":"keyDown","value":"î€‡"},{"type":"pause","duration":10},{"type":"keyUp","value":"î€‡"}]}]}
COMMAND: GET /session/293c5cce68a4e627b0c1e3a644c6160b/screenshot - {}
RESULT: {}
COMMAND: POST /session/293c5cce68a4e627b0c1e3a644c6160b/element - {"using":"xpath","value":"//button[contains(@data-kt, \"MasterMovementAddOverflowToolbarButton\")]"}
RESULT: {"using":"xpath","value":"//button[contains(@data-kt, \"MasterMovementAddOverflowToolbarButton\")]"}
COMMAND: POST /session/293c5cce68a4e627b0c1e3a644c6160b/element/f.01782A26726534229B57CD9AA69B47B8.d.C40DEA3E9D044D8B30BE60E458BB1BF1.e.3181/click - {}
RESULT: {}
COMMAND: GET /session/293c5cce68a4e627b0c1e3a644c6160b/screenshot - {}
RESULT: {}
COMMAND: POST /session/293c5cce68a4e627b0c1e3a644c6160b/element - {"using":"xpath","value":"//*[@id=\"application-warehousemovements-display-component---addMovement--sectionsList-arrow\"]"}
RESULT: {"using":"xpath","value":"//*[@id=\"application-warehousemovements-display-component---addMovement--sectionsList-arrow\"]"}
COMMAND: POST /session/293c5cce68a4e627b0c1e3a644c6160b/element/f.01782A26726534229B57CD9AA69B47B8.d.C40DEA3E9D044D8B30BE60E458BB1BF1.e.3301/click - {}
RESULT: {}
COMMAND: POST /session/293c5cce68a4e627b0c1e3a644c6160b/actions - {"actions":[{"id":"action14","type":"key","parameters":{},"actions":[{"type":"keyDown","value":"î€•"},{"type":"pause","duration":10},{"type":"keyUp","value":"î€•"}]}]}
COMMAND: GET /session/293c5cce68a4e627b0c1e3a644c6160b/screenshot - {}
RESULT: {"actions":[{"id":"action14","type":"key","parameters":{},"actions":[{"type":"keyDown","value":"î€•"},{"type":"pause","duration":10},{"type":"keyUp","value":"î€•"}]}]}
COMMAND: GET /session/293c5cce68a4e627b0c1e3a644c6160b/screenshot - {}
RESULT: {}
RESULT: {}
COMMAND: POST /session/293c5cce68a4e627b0c1e3a644c6160b/actions - {"actions":[{"id":"action15","type":"key","parameters":{},"actions":[{"type":"keyDown","value":"î€‡"},{"type":"pause","duration":10},{"type":"keyUp","value":"î€‡"}]}]}
RESULT: {"actions":[{"id":"action15","type":"key","parameters":{},"actions":[{"type":"keyDown","value":"î€‡"},{"type":"pause","duration":10},{"type":"keyUp","value":"î€‡"}]}]}
COMMAND: GET /session/293c5cce68a4e627b0c1e3a644c6160b/screenshot - {}
RESULT: {}
COMMAND: POST /session/293c5cce68a4e627b0c1e3a644c6160b/element - {"using":"xpath","value":"//*[@id=\"application-warehousemovements-display-component---addMovement--saveMovementBtn-BDI-content\" and text()=\"Save\"]"}
RESULT: {"using":"xpath","value":"//*[@id=\"application-warehousemovements-display-component---addMovement--saveMovementBtn-BDI-content\" and text()=\"Save\"]"}
COMMAND: POST /session/293c5cce68a4e627b0c1e3a644c6160b/element/f.01782A26726534229B57CD9AA69B47B8.d.C40DEA3E9D044D8B30BE60E458BB1BF1.e.3302/click - {}
RESULT: {}
COMMAND: GET /session/293c5cce68a4e627b0c1e3a644c6160b/screenshot - {}
RESULT: {}
COMMAND: POST /session/293c5cce68a4e627b0c1e3a644c6160b/element - {"using":"css selector","value":"#shell-header-logo"}
RESULT: {"using":"css selector","value":"#shell-header-logo"}
COMMAND: POST /session/293c5cce68a4e627b0c1e3a644c6160b/element/f.01782A26726534229B57CD9AA69B47B8.d.C40DEA3E9D044D8B30BE60E458BB1BF1.e.3126/click - {}
RESULT: {}
COMMAND: GET /session/293c5cce68a4e627b0c1e3a644c6160b/screenshot - {}
RESULT: {}
]]></system-out>
    </testcase>
  </testsuite>
  <testsuite timestamp="2025-05-13T07:23:43" time="126.017" tests="6" failures="0" errors="0" skipped="0">
    <properties>
      <property name="specId" value="0" />
      <property name="suiteName" value="Provide to Site w/ warehouse management w/ clarification US115878" />
      <property name="capabilities" value="chrome.136_0_7103_49.windows" />
      <property name="file" value="file:///D:/a/1/s/test/specs/HTR/provide-to-site-w-warehouse-w-clarification.spec.js" />
    </properties>
    <testcase classname="chrome.136_0_7103_49.windows.Provide_to_Site_w/_warehouse_management_w/_clarification_US115878" name="Should create a new WHM yard" time="0.014">
      <system-out><![CDATA[
COMMAND: POST /session/293c5cce68a4e627b0c1e3a644c6160b/window/fullscreen - {}
RESULT: {}
]]></system-out>
    </testcase>
    <testcase classname="chrome.136_0_7103_49.windows.Provide_to_Site_w/_warehouse_management_w/_clarification_US115878" name="Should create a new external WHM partner" time="0.004" />
    <testcase classname="chrome.136_0_7103_49.windows.Provide_to_Site_w/_warehouse_management_w/_clarification_US115878" name="Should create a new WHM site" time="0.005" />
    <testcase classname="chrome.136_0_7103_49.windows.Provide_to_Site_w/_warehouse_management_w/_clarification_US115878" name="Should create a new material" time="111.669">
      <system-out><![CDATA[
COMMAND: POST /session/293c5cce68a4e627b0c1e3a644c6160b/execute/async - {"script":"<script> [1562 bytes]","args":[{"selector":{"controlType":"sap.m.GenericTile","properties":{"header":"Manage Resources"}},"wdio_ui5_key":"sapm.GenericTile{\"header\":\"Manage Resources\"}"}]}
RESULT: {"script":"<script> [1562 bytes]","args":[{"selector":{"controlType":"sap.m.GenericTile","properties":{"header":"Manage Resources"}},"wdio_ui5_key":"sapm.GenericTile{\"header\":\"Manage Resources\"}"}]}
RESULT: undefined
COMMAND: POST /session/293c5cce68a4e627b0c1e3a644c6160b/element - {"using":"xpath","value":"//*[@id=\"__tile31\"]"}
RESULT: {"using":"xpath","value":"//*[@id=\"__tile31\"]"}
COMMAND: POST /session/293c5cce68a4e627b0c1e3a644c6160b/element/f.01782A26726534229B57CD9AA69B47B8.d.E052676852226B79249847A4C68D4BA6.e.3954/click - {}
RESULT: {}
COMMAND: POST /session/293c5cce68a4e627b0c1e3a644c6160b/element - {"using":"xpath","value":"//button[@data-kt=\"addNewRUOverflowToolbarButton\"]"}
COMMAND: GET /session/293c5cce68a4e627b0c1e3a644c6160b/screenshot - {}
RESULT: {"using":"xpath","value":"//button[@data-kt=\"addNewRUOverflowToolbarButton\"]"}
COMMAND: POST /session/293c5cce68a4e627b0c1e3a644c6160b/elements - {"using":"xpath","value":"//button[@data-kt=\"addNewRUOverflowToolbarButton\"]"}
RESULT: {}
RESULT: {"using":"xpath","value":"//button[@data-kt=\"addNewRUOverflowToolbarButton\"]"}
COMMAND: POST /session/293c5cce68a4e627b0c1e3a644c6160b/elements - {"using":"xpath","value":"//button[@data-kt=\"addNewRUOverflowToolbarButton\"]"}
RESULT: {"using":"xpath","value":"//button[@data-kt=\"addNewRUOverflowToolbarButton\"]"}
COMMAND: POST /session/293c5cce68a4e627b0c1e3a644c6160b/elements - {"using":"xpath","value":"//button[@data-kt=\"addNewRUOverflowToolbarButton\"]"}
RESULT: {"using":"xpath","value":"//button[@data-kt=\"addNewRUOverflowToolbarButton\"]"}
COMMAND: POST /session/293c5cce68a4e627b0c1e3a644c6160b/elements - {"using":"xpath","value":"//button[@data-kt=\"addNewRUOverflowToolbarButton\"]"}
RESULT: {"using":"xpath","value":"//button[@data-kt=\"addNewRUOverflowToolbarButton\"]"}
COMMAND: POST /session/293c5cce68a4e627b0c1e3a644c6160b/elements - {"using":"xpath","value":"//button[@data-kt=\"addNewRUOverflowToolbarButton\"]"}
RESULT: {"using":"xpath","value":"//button[@data-kt=\"addNewRUOverflowToolbarButton\"]"}
COMMAND: POST /session/293c5cce68a4e627b0c1e3a644c6160b/elements - {"using":"xpath","value":"//button[@data-kt=\"addNewRUOverflowToolbarButton\"]"}
RESULT: {"using":"xpath","value":"//button[@data-kt=\"addNewRUOverflowToolbarButton\"]"}
COMMAND: POST /session/293c5cce68a4e627b0c1e3a644c6160b/elements - {"using":"xpath","value":"//button[@data-kt=\"addNewRUOverflowToolbarButton\"]"}
RESULT: {"using":"xpath","value":"//button[@data-kt=\"addNewRUOverflowToolbarButton\"]"}
COMMAND: POST /session/293c5cce68a4e627b0c1e3a644c6160b/elements - {"using":"xpath","value":"//button[@data-kt=\"addNewRUOverflowToolbarButton\"]"}
RESULT: {"using":"xpath","value":"//button[@data-kt=\"addNewRUOverflowToolbarButton\"]"}
COMMAND: POST /session/293c5cce68a4e627b0c1e3a644c6160b/elements - {"using":"xpath","value":"//button[@data-kt=\"addNewRUOverflowToolbarButton\"]"}
RESULT: {"using":"xpath","value":"//button[@data-kt=\"addNewRUOverflowToolbarButton\"]"}
COMMAND: POST /session/293c5cce68a4e627b0c1e3a644c6160b/elements - {"using":"xpath","value":"//button[@data-kt=\"addNewRUOverflowToolbarButton\"]"}
RESULT: {"using":"xpath","value":"//button[@data-kt=\"addNewRUOverflowToolbarButton\"]"}
COMMAND: POST /session/293c5cce68a4e627b0c1e3a644c6160b/elements - {"using":"xpath","value":"//button[@data-kt=\"addNewRUOverflowToolbarButton\"]"}
RESULT: {"using":"xpath","value":"//button[@data-kt=\"addNewRUOverflowToolbarButton\"]"}
COMMAND: POST /session/293c5cce68a4e627b0c1e3a644c6160b/elements - {"using":"xpath","value":"//button[@data-kt=\"addNewRUOverflowToolbarButton\"]"}
RESULT: {"using":"xpath","value":"//button[@data-kt=\"addNewRUOverflowToolbarButton\"]"}
COMMAND: POST /session/293c5cce68a4e627b0c1e3a644c6160b/elements - {"using":"xpath","value":"//button[@data-kt=\"addNewRUOverflowToolbarButton\"]"}
RESULT: {"using":"xpath","value":"//button[@data-kt=\"addNewRUOverflowToolbarButton\"]"}
COMMAND: POST /session/293c5cce68a4e627b0c1e3a644c6160b/elements - {"using":"xpath","value":"//button[@data-kt=\"addNewRUOverflowToolbarButton\"]"}
RESULT: {"using":"xpath","value":"//button[@data-kt=\"addNewRUOverflowToolbarButton\"]"}
COMMAND: POST /session/293c5cce68a4e627b0c1e3a644c6160b/elements - {"using":"xpath","value":"//button[@data-kt=\"addNewRUOverflowToolbarButton\"]"}
RESULT: {"using":"xpath","value":"//button[@data-kt=\"addNewRUOverflowToolbarButton\"]"}
COMMAND: POST /session/293c5cce68a4e627b0c1e3a644c6160b/elements - {"using":"xpath","value":"//button[@data-kt=\"addNewRUOverflowToolbarButton\"]"}
RESULT: {"using":"xpath","value":"//button[@data-kt=\"addNewRUOverflowToolbarButton\"]"}
COMMAND: POST /session/293c5cce68a4e627b0c1e3a644c6160b/elements - {"using":"xpath","value":"//button[@data-kt=\"addNewRUOverflowToolbarButton\"]"}
RESULT: {"using":"xpath","value":"//button[@data-kt=\"addNewRUOverflowToolbarButton\"]"}
COMMAND: POST /session/293c5cce68a4e627b0c1e3a644c6160b/elements - {"using":"xpath","value":"//button[@data-kt=\"addNewRUOverflowToolbarButton\"]"}
RESULT: {"using":"xpath","value":"//button[@data-kt=\"addNewRUOverflowToolbarButton\"]"}
COMMAND: POST /session/293c5cce68a4e627b0c1e3a644c6160b/elements - {"using":"xpath","value":"//button[@data-kt=\"addNewRUOverflowToolbarButton\"]"}
RESULT: {"using":"xpath","value":"//button[@data-kt=\"addNewRUOverflowToolbarButton\"]"}
COMMAND: POST /session/293c5cce68a4e627b0c1e3a644c6160b/elements - {"using":"xpath","value":"//button[@data-kt=\"addNewRUOverflowToolbarButton\"]"}
RESULT: {"using":"xpath","value":"//button[@data-kt=\"addNewRUOverflowToolbarButton\"]"}
COMMAND: POST /session/293c5cce68a4e627b0c1e3a644c6160b/elements - {"using":"xpath","value":"//button[@data-kt=\"addNewRUOverflowToolbarButton\"]"}
RESULT: {"using":"xpath","value":"//button[@data-kt=\"addNewRUOverflowToolbarButton\"]"}
COMMAND: POST /session/293c5cce68a4e627b0c1e3a644c6160b/elements - {"using":"xpath","value":"//button[@data-kt=\"addNewRUOverflowToolbarButton\"]"}
RESULT: {"using":"xpath","value":"//button[@data-kt=\"addNewRUOverflowToolbarButton\"]"}
COMMAND: POST /session/293c5cce68a4e627b0c1e3a644c6160b/elements - {"using":"xpath","value":"//button[@data-kt=\"addNewRUOverflowToolbarButton\"]"}
RESULT: {"using":"xpath","value":"//button[@data-kt=\"addNewRUOverflowToolbarButton\"]"}
COMMAND: POST /session/293c5cce68a4e627b0c1e3a644c6160b/elements - {"using":"xpath","value":"//button[@data-kt=\"addNewRUOverflowToolbarButton\"]"}
RESULT: {"using":"xpath","value":"//button[@data-kt=\"addNewRUOverflowToolbarButton\"]"}
COMMAND: POST /session/293c5cce68a4e627b0c1e3a644c6160b/elements - {"using":"xpath","value":"//button[@data-kt=\"addNewRUOverflowToolbarButton\"]"}
RESULT: {"using":"xpath","value":"//button[@data-kt=\"addNewRUOverflowToolbarButton\"]"}
COMMAND: POST /session/293c5cce68a4e627b0c1e3a644c6160b/elements - {"using":"xpath","value":"//button[@data-kt=\"addNewRUOverflowToolbarButton\"]"}
RESULT: {"using":"xpath","value":"//button[@data-kt=\"addNewRUOverflowToolbarButton\"]"}
COMMAND: POST /session/293c5cce68a4e627b0c1e3a644c6160b/elements - {"using":"xpath","value":"//button[@data-kt=\"addNewRUOverflowToolbarButton\"]"}
RESULT: {"using":"xpath","value":"//button[@data-kt=\"addNewRUOverflowToolbarButton\"]"}
COMMAND: POST /session/293c5cce68a4e627b0c1e3a644c6160b/element - {"using":"xpath","value":"//button[@data-kt=\"addNewRUOverflowToolbarButton\"]"}
RESULT: {"using":"xpath","value":"//button[@data-kt=\"addNewRUOverflowToolbarButton\"]"}
COMMAND: POST /session/293c5cce68a4e627b0c1e3a644c6160b/execute/sync - {"script":"<script> [8489 bytes]","args":[{"element-6066-11e4-a52e-4f735466cecf":"f.01782A26726534229B57CD9AA69B47B8.d.E052676852226B79249847A4C68D4BA6.e.4082","ELEMENT":"f.01782A26726534229B57CD9AA69B47B8.d.E052676852226B79249847A4C68D4BA6.e.4082"}]}
RESULT: {"script":"<script> [8489 bytes]","args":[{"element-6066-11e4-a52e-4f735466cecf":"f.01782A26726534229B57CD9AA69B47B8.d.E052676852226B79249847A4C68D4BA6.e.4082","ELEMENT":"f.01782A26726534229B57CD9AA69B47B8.d.E052676852226B79249847A4C68D4BA6.e.4082"}]}
COMMAND: GET /session/293c5cce68a4e627b0c1e3a644c6160b/element/f.01782A26726534229B57CD9AA69B47B8.d.E052676852226B79249847A4C68D4BA6.e.4082/enabled - {}
COMMAND: GET /session/293c5cce68a4e627b0c1e3a644c6160b/screenshot - {}
RESULT: {}
COMMAND: POST /session/293c5cce68a4e627b0c1e3a644c6160b/execute/sync - {"script":"<script> [8489 bytes]","args":[{"element-6066-11e4-a52e-4f735466cecf":"f.01782A26726534229B57CD9AA69B47B8.d.E052676852226B79249847A4C68D4BA6.e.4082","ELEMENT":"f.01782A26726534229B57CD9AA69B47B8.d.E052676852226B79249847A4C68D4BA6.e.4082"}]}
COMMAND: GET /session/293c5cce68a4e627b0c1e3a644c6160b/screenshot - {}
RESULT: {}
RESULT: {"script":"<script> [8489 bytes]","args":[{"element-6066-11e4-a52e-4f735466cecf":"f.01782A26726534229B57CD9AA69B47B8.d.E052676852226B79249847A4C68D4BA6.e.4082","ELEMENT":"f.01782A26726534229B57CD9AA69B47B8.d.E052676852226B79249847A4C68D4BA6.e.4082"}]}
COMMAND: POST /session/293c5cce68a4e627b0c1e3a644c6160b/execute/sync - {"script":"<script> [5351 bytes]","args":[{"element-6066-11e4-a52e-4f735466cecf":"f.01782A26726534229B57CD9AA69B47B8.d.E052676852226B79249847A4C68D4BA6.e.4082","ELEMENT":"f.01782A26726534229B57CD9AA69B47B8.d.E052676852226B79249847A4C68D4BA6.e.4082"}]}
COMMAND: GET /session/293c5cce68a4e627b0c1e3a644c6160b/screenshot - {}
RESULT: {}
RESULT: {"script":"<script> [5351 bytes]","args":[{"element-6066-11e4-a52e-4f735466cecf":"f.01782A26726534229B57CD9AA69B47B8.d.E052676852226B79249847A4C68D4BA6.e.4082","ELEMENT":"f.01782A26726534229B57CD9AA69B47B8.d.E052676852226B79249847A4C68D4BA6.e.4082"}]}
COMMAND: POST /session/293c5cce68a4e627b0c1e3a644c6160b/element/f.01782A26726534229B57CD9AA69B47B8.d.E052676852226B79249847A4C68D4BA6.e.4082/click - {}
COMMAND: GET /session/293c5cce68a4e627b0c1e3a644c6160b/screenshot - {}
RESULT: {}
RESULT: {}
COMMAND: GET /session/293c5cce68a4e627b0c1e3a644c6160b/screenshot - {}
COMMAND: POST /session/293c5cce68a4e627b0c1e3a644c6160b/execute/async - {"script":"<script> [1562 bytes]","args":[{"selector":{"id":"application-manageresources-display-component---newResourceUnit--TYPE-arrow"},"wdio_ui5_key":"applicationmanageresources-display-component---newResourceUnit--TYPE-arrow"}]}
RESULT: {}
RESULT: {}
RESULT: {"script":"<script> [1562 bytes]","args":[{"selector":{"id":"application-manageresources-display-component---newResourceUnit--TYPE-arrow"},"wdio_ui5_key":"applicationmanageresources-display-component---newResourceUnit--TYPE-arrow"}]}
RESULT: undefined
COMMAND: POST /session/293c5cce68a4e627b0c1e3a644c6160b/element - {"using":"xpath","value":"//*[@id=\"application-manageresources-display-component---newResourceUnit--TYPE-arrow\"]"}
RESULT: {"using":"xpath","value":"//*[@id=\"application-manageresources-display-component---newResourceUnit--TYPE-arrow\"]"}
COMMAND: POST /session/293c5cce68a4e627b0c1e3a644c6160b/element/f.01782A26726534229B57CD9AA69B47B8.d.E052676852226B79249847A4C68D4BA6.e.4448/click - {}
RESULT: {}
COMMAND: POST /session/293c5cce68a4e627b0c1e3a644c6160b/element - {"using":"xpath","value":"//input[@id=\"application-manageresources-display-component---newResourceUnit--TYPE-inner\"]"}
COMMAND: GET /session/293c5cce68a4e627b0c1e3a644c6160b/screenshot - {}
RESULT: {"using":"xpath","value":"//input[@id=\"application-manageresources-display-component---newResourceUnit--TYPE-inner\"]"}
COMMAND: POST /session/293c5cce68a4e627b0c1e3a644c6160b/element/f.01782A26726534229B57CD9AA69B47B8.d.E052676852226B79249847A4C68D4BA6.e.4433/clear - {}
RESULT: {}
RESULT: {}
COMMAND: POST /session/293c5cce68a4e627b0c1e3a644c6160b/element/f.01782A26726534229B57CD9AA69B47B8.d.E052676852226B79249847A4C68D4BA6.e.4433/value - {"text":"Material"}
COMMAND: GET /session/293c5cce68a4e627b0c1e3a644c6160b/screenshot - {}
RESULT: {"text":"Material"}
COMMAND: GET /session/293c5cce68a4e627b0c1e3a644c6160b/screenshot - {}
RESULT: {}
RESULT: {}
COMMAND: POST /session/293c5cce68a4e627b0c1e3a644c6160b/actions - {"actions":[{"id":"action17","type":"key","parameters":{},"actions":[{"type":"keyDown","value":"î€‡"},{"type":"pause","duration":10},{"type":"keyUp","value":"î€‡"}]}]}
RESULT: {"actions":[{"id":"action17","type":"key","parameters":{},"actions":[{"type":"keyDown","value":"î€‡"},{"type":"pause","duration":10},{"type":"keyUp","value":"î€‡"}]}]}
COMMAND: POST /session/293c5cce68a4e627b0c1e3a644c6160b/execute/async - {"script":"<script> [1562 bytes]","args":[{"selector":{"id":"application-manageresources-display-component---newResourceUnit--SHORT_TEXT","interaction":{"idSuffix":"inner"}},"wdio_ui5_key":"applicationmanageresources-display-component---newResourceUnit--SHORT_TEXT"}]}
COMMAND: GET /session/293c5cce68a4e627b0c1e3a644c6160b/screenshot - {}
RESULT: {"script":"<script> [1562 bytes]","args":[{"selector":{"id":"application-manageresources-display-component---newResourceUnit--SHORT_TEXT","interaction":{"idSuffix":"inner"}},"wdio_ui5_key":"applicationmanageresources-display-component---newResourceUnit--SHORT_TEXT"}]}
RESULT: undefined
COMMAND: POST /session/293c5cce68a4e627b0c1e3a644c6160b/execute/async - {"script":"<script> [776 bytes]","args":[{"enterText":"Cement WDIO","selector":{"id":"application-manageresources-display-component---newResourceUnit--SHORT_TEXT","interaction":{"idSuffix":"inner"}},"clearTextFirst":true,"interactionType":"ENTER_TEXT"}]}
RESULT: {}
RESULT: {"script":"<script> [776 bytes]","args":[{"enterText":"Cement WDIO","selector":{"id":"application-manageresources-display-component---newResourceUnit--SHORT_TEXT","interaction":{"idSuffix":"inner"}},"clearTextFirst":true,"interactionType":"ENTER_TEXT"}]}
COMMAND: POST /session/293c5cce68a4e627b0c1e3a644c6160b/execute/async - {"script":"<script> [1562 bytes]","args":[{"selector":{"id":"application-manageresources-display-component---newResourceUnit--BASE_UNIT_OF_MEASURE","interaction":{"idSuffix":"inner"}},"wdio_ui5_key":"applicationmanageresources-display-component---newResourceUnit--BASE_UNIT_OF_MEASURE"}]}
RESULT: {"script":"<script> [1562 bytes]","args":[{"selector":{"id":"application-manageresources-display-component---newResourceUnit--BASE_UNIT_OF_MEASURE","interaction":{"idSuffix":"inner"}},"wdio_ui5_key":"applicationmanageresources-display-component---newResourceUnit--BASE_UNIT_OF_MEASURE"}]}
RESULT: undefined
COMMAND: POST /session/293c5cce68a4e627b0c1e3a644c6160b/execute/async - {"script":"<script> [776 bytes]","args":[{"enterText":"Piece","selector":{"id":"application-manageresources-display-component---newResourceUnit--BASE_UNIT_OF_MEASURE","interaction":{"idSuffix":"inner"}},"clearTextFirst":true,"interactionType":"ENTER_TEXT"}]}
RESULT: {"script":"<script> [776 bytes]","args":[{"enterText":"Piece","selector":{"id":"application-manageresources-display-component---newResourceUnit--BASE_UNIT_OF_MEASURE","interaction":{"idSuffix":"inner"}},"clearTextFirst":true,"interactionType":"ENTER_TEXT"}]}
COMMAND: POST /session/293c5cce68a4e627b0c1e3a644c6160b/execute/async - {"script":"<script> [1562 bytes]","args":[{"selector":{"id":"application-manageresources-display-component---newResourceUnit--WEIGHT_UNIT","interaction":{"idSuffix":"inner"}},"wdio_ui5_key":"applicationmanageresources-display-component---newResourceUnit--WEIGHT_UNIT"}]}
RESULT: {"script":"<script> [1562 bytes]","args":[{"selector":{"id":"application-manageresources-display-component---newResourceUnit--WEIGHT_UNIT","interaction":{"idSuffix":"inner"}},"wdio_ui5_key":"applicationmanageresources-display-component---newResourceUnit--WEIGHT_UNIT"}]}
RESULT: undefined
COMMAND: POST /session/293c5cce68a4e627b0c1e3a644c6160b/execute/async - {"script":"<script> [776 bytes]","args":[{"enterText":"Gram","selector":{"id":"application-manageresources-display-component---newResourceUnit--WEIGHT_UNIT","interaction":{"idSuffix":"inner"}},"clearTextFirst":true,"interactionType":"ENTER_TEXT"}]}
RESULT: {"script":"<script> [776 bytes]","args":[{"enterText":"Gram","selector":{"id":"application-manageresources-display-component---newResourceUnit--WEIGHT_UNIT","interaction":{"idSuffix":"inner"}},"clearTextFirst":true,"interactionType":"ENTER_TEXT"}]}
COMMAND: POST /session/293c5cce68a4e627b0c1e3a644c6160b/execute/async - {"script":"<script> [1562 bytes]","args":[{"selector":{"id":"application-manageresources-display-component---newResourceUnit--DIMENSION_UNIT","interaction":{"idSuffix":"inner"}},"wdio_ui5_key":"applicationmanageresources-display-component---newResourceUnit--DIMENSION_UNIT"}]}
RESULT: {"script":"<script> [1562 bytes]","args":[{"selector":{"id":"application-manageresources-display-component---newResourceUnit--DIMENSION_UNIT","interaction":{"idSuffix":"inner"}},"wdio_ui5_key":"applicationmanageresources-display-component---newResourceUnit--DIMENSION_UNIT"}]}
RESULT: undefined
COMMAND: POST /session/293c5cce68a4e627b0c1e3a644c6160b/execute/async - {"script":"<script> [776 bytes]","args":[{"enterText":"Meter","selector":{"id":"application-manageresources-display-component---newResourceUnit--DIMENSION_UNIT","interaction":{"idSuffix":"inner"}},"clearTextFirst":true,"interactionType":"ENTER_TEXT"}]}
RESULT: {"script":"<script> [776 bytes]","args":[{"enterText":"Meter","selector":{"id":"application-manageresources-display-component---newResourceUnit--DIMENSION_UNIT","interaction":{"idSuffix":"inner"}},"clearTextFirst":true,"interactionType":"ENTER_TEXT"}]}
COMMAND: POST /session/293c5cce68a4e627b0c1e3a644c6160b/execute/async - {"script":"<script> [1562 bytes]","args":[{"selector":{"id":"application-manageresources-display-component---newResourceUnit--newRRUPage-anchBar-application-manageresources-display-component---newResourceUnit--control-anchor","interaction":{"idSuffix":"BDI-content"}},"wdio_ui5_key":"applicationmanageresources-display-component---newResourceUnit--newRRUPage-anchBar-application-manageresources-display-component---newResourceUnit--control-anchor"}]}
RESULT: {"script":"<script> [1562 bytes]","args":[{"selector":{"id":"application-manageresources-display-component---newResourceUnit--newRRUPage-anchBar-application-manageresources-display-component---newResourceUnit--control-anchor","interaction":{"idSuffix":"BDI-content"}},"wdio_ui5_key":"applicationmanageresources-display-component---newResourceUnit--newRRUPage-anchBar-application-manageresources-display-component---newResourceUnit--control-anchor"}]}
RESULT: undefined
COMMAND: POST /session/293c5cce68a4e627b0c1e3a644c6160b/element - {"using":"xpath","value":"//*[@id=\"application-manageresources-display-component---newResourceUnit--newRRUPage-anchBar-application-manageresources-display-component---newResourceUnit--control-anchor\"]"}
RESULT: {"using":"xpath","value":"//*[@id=\"application-manageresources-display-component---newResourceUnit--newRRUPage-anchBar-application-manageresources-display-component---newResourceUnit--control-anchor\"]"}
COMMAND: POST /session/293c5cce68a4e627b0c1e3a644c6160b/element/f.01782A26726534229B57CD9AA69B47B8.d.E052676852226B79249847A4C68D4BA6.e.4514/click - {}
RESULT: {}
COMMAND: POST /session/293c5cce68a4e627b0c1e3a644c6160b/execute/async - {"script":"<script> [1562 bytes]","args":[{"selector":{"id":"application-manageresources-display-component---newResourceUnit--PLANNING_GROUP","interaction":{"idSuffix":"inner"}},"wdio_ui5_key":"applicationmanageresources-display-component---newResourceUnit--PLANNING_GROUP"}]}
COMMAND: GET /session/293c5cce68a4e627b0c1e3a644c6160b/screenshot - {}
RESULT: {"script":"<script> [1562 bytes]","args":[{"selector":{"id":"application-manageresources-display-component---newResourceUnit--PLANNING_GROUP","interaction":{"idSuffix":"inner"}},"wdio_ui5_key":"applicationmanageresources-display-component---newResourceUnit--PLANNING_GROUP"}]}
RESULT: undefined
COMMAND: POST /session/293c5cce68a4e627b0c1e3a644c6160b/execute/async - {"script":"<script> [776 bytes]","args":[{"enterText":"Material","selector":{"id":"application-manageresources-display-component---newResourceUnit--PLANNING_GROUP","interaction":{"idSuffix":"inner"}},"clearTextFirst":true,"interactionType":"ENTER_TEXT"}]}
RESULT: {}
RESULT: {"script":"<script> [776 bytes]","args":[{"enterText":"Material","selector":{"id":"application-manageresources-display-component---newResourceUnit--PLANNING_GROUP","interaction":{"idSuffix":"inner"}},"clearTextFirst":true,"interactionType":"ENTER_TEXT"}]}
COMMAND: POST /session/293c5cce68a4e627b0c1e3a644c6160b/execute/async - {"script":"<script> [1562 bytes]","args":[{"selector":{"id":"application-manageresources-display-component---newResourceUnit--PLANNING_INDICATOR","interaction":{"idSuffix":"inner"}},"wdio_ui5_key":"applicationmanageresources-display-component---newResourceUnit--PLANNING_INDICATOR"}]}
RESULT: {"script":"<script> [1562 bytes]","args":[{"selector":{"id":"application-manageresources-display-component---newResourceUnit--PLANNING_INDICATOR","interaction":{"idSuffix":"inner"}},"wdio_ui5_key":"applicationmanageresources-display-component---newResourceUnit--PLANNING_INDICATOR"}]}
RESULT: undefined
COMMAND: POST /session/293c5cce68a4e627b0c1e3a644c6160b/execute/async - {"script":"<script> [776 bytes]","args":[{"enterText":"10 - infinite","selector":{"id":"application-manageresources-display-component---newResourceUnit--PLANNING_INDICATOR","interaction":{"idSuffix":"inner"}},"clearTextFirst":true,"interactionType":"ENTER_TEXT"}]}
RESULT: {"script":"<script> [776 bytes]","args":[{"enterText":"10 - infinite","selector":{"id":"application-manageresources-display-component---newResourceUnit--PLANNING_INDICATOR","interaction":{"idSuffix":"inner"}},"clearTextFirst":true,"interactionType":"ENTER_TEXT"}]}
COMMAND: POST /session/293c5cce68a4e627b0c1e3a644c6160b/element - {"using":"css selector","value":"#application-manageresources-display-component---newResourceUnit--btnAddTimeSegment"}
RESULT: {"using":"css selector","value":"#application-manageresources-display-component---newResourceUnit--btnAddTimeSegment"}
COMMAND: GET /session/293c5cce68a4e627b0c1e3a644c6160b/element/f.01782A26726534229B57CD9AA69B47B8.d.E052676852226B79249847A4C68D4BA6.e.4522/rect - {}
RESULT: {}
COMMAND: GET /session/293c5cce68a4e627b0c1e3a644c6160b/window/rect - {}
RESULT: {}
COMMAND: POST /session/293c5cce68a4e627b0c1e3a644c6160b/execute/sync - {"script":"<script> [92 bytes]","args":[]}
RESULT: {"script":"<script> [92 bytes]","args":[]}
COMMAND: POST /session/293c5cce68a4e627b0c1e3a644c6160b/actions - {"actions":[{"id":"action18","type":"wheel","parameters":{},"actions":[{"type":"scroll","x":-1888,"y":-32,"deltaX":0,"deltaY":0,"duration":0,"origin":{"element-6066-11e4-a52e-4f735466cecf":"f.01782A26726534229B57CD9AA69B47B8.d.E052676852226B79249847A4C68D4BA6.e.4522"}}]}]}
COMMAND: GET /session/293c5cce68a4e627b0c1e3a644c6160b/screenshot - {}
RESULT: {}
COMMAND: POST /session/293c5cce68a4e627b0c1e3a644c6160b/execute/sync - {"script":"<script> [79 bytes]","args":[{"element-6066-11e4-a52e-4f735466cecf":"f.01782A26726534229B57CD9AA69B47B8.d.E052676852226B79249847A4C68D4BA6.e.4522","ELEMENT":"f.01782A26726534229B57CD9AA69B47B8.d.E052676852226B79249847A4C68D4BA6.e.4522"},{"block":"start","inline":"nearest"}]}
RESULT: {"script":"<script> [79 bytes]","args":[{"element-6066-11e4-a52e-4f735466cecf":"f.01782A26726534229B57CD9AA69B47B8.d.E052676852226B79249847A4C68D4BA6.e.4522","ELEMENT":"f.01782A26726534229B57CD9AA69B47B8.d.E052676852226B79249847A4C68D4BA6.e.4522"},{"block":"start","inline":"nearest"}]}
COMMAND: POST /session/293c5cce68a4e627b0c1e3a644c6160b/execute/async - {"script":"<script> [1562 bytes]","args":[{"selector":{"id":"application-manageresources-display-component---newResourceUnit--btnAddTimeSegment","interaction":{"idSuffix":"inner"}},"wdio_ui5_key":"applicationmanageresources-display-component---newResourceUnit--btnAddTimeSegment"}]}
COMMAND: GET /session/293c5cce68a4e627b0c1e3a644c6160b/screenshot - {}
RESULT: {"script":"<script> [1562 bytes]","args":[{"selector":{"id":"application-manageresources-display-component---newResourceUnit--btnAddTimeSegment","interaction":{"idSuffix":"inner"}},"wdio_ui5_key":"applicationmanageresources-display-component---newResourceUnit--btnAddTimeSegment"}]}
RESULT: undefined
COMMAND: POST /session/293c5cce68a4e627b0c1e3a644c6160b/element - {"using":"xpath","value":"//*[@id=\"application-manageresources-display-component---newResourceUnit--btnAddTimeSegment\"]"}
RESULT: {}
RESULT: {"using":"xpath","value":"//*[@id=\"application-manageresources-display-component---newResourceUnit--btnAddTimeSegment\"]"}
COMMAND: POST /session/293c5cce68a4e627b0c1e3a644c6160b/element/f.01782A26726534229B57CD9AA69B47B8.d.E052676852226B79249847A4C68D4BA6.e.4522/click - {}
RESULT: {}
COMMAND: GET /session/293c5cce68a4e627b0c1e3a644c6160b/screenshot - {}
RESULT: {}
COMMAND: POST /session/293c5cce68a4e627b0c1e3a644c6160b/element - {"using":"xpath","value":"//input[@id=\"application-manageresources-display-component---newResourceUnit--idRuTSAdmin-application-manageresources-display-component---newResourceUnit--RUTimeSegment-0-inner\"]"}
RESULT: {"using":"xpath","value":"//input[@id=\"application-manageresources-display-component---newResourceUnit--idRuTSAdmin-application-manageresources-display-component---newResourceUnit--RUTimeSegment-0-inner\"]"}
COMMAND: POST /session/293c5cce68a4e627b0c1e3a644c6160b/element/f.01782A26726534229B57CD9AA69B47B8.d.E052676852226B79249847A4C68D4BA6.e.4527/clear - {}
RESULT: {}
COMMAND: POST /session/293c5cce68a4e627b0c1e3a644c6160b/element/f.01782A26726534229B57CD9AA69B47B8.d.E052676852226B79249847A4C68D4BA6.e.4527/value - {"text":"189"}
COMMAND: GET /session/293c5cce68a4e627b0c1e3a644c6160b/screenshot - {}
RESULT: {"text":"189"}
COMMAND: GET /session/293c5cce68a4e627b0c1e3a644c6160b/screenshot - {}
RESULT: {}
RESULT: {}
COMMAND: POST /session/293c5cce68a4e627b0c1e3a644c6160b/element - {"using":"xpath","value":"//li[.//span[text()='189']]"}
RESULT: {"using":"xpath","value":"//li[.//span[text()='189']]"}
COMMAND: POST /session/293c5cce68a4e627b0c1e3a644c6160b/element/f.01782A26726534229B57CD9AA69B47B8.d.E052676852226B79249847A4C68D4BA6.e.4535/click - {}
RESULT: {}
COMMAND: GET /session/293c5cce68a4e627b0c1e3a644c6160b/screenshot - {}
RESULT: {}
COMMAND: POST /session/293c5cce68a4e627b0c1e3a644c6160b/element - {"using":"xpath","value":"(//span[contains(@id, \"-application-manageresources-display-component---newResourceUnit--RUTimeSegment-0-arrow\")])[2]"}
RESULT: {"using":"xpath","value":"(//span[contains(@id, \"-application-manageresources-display-component---newResourceUnit--RUTimeSegment-0-arrow\")])[2]"}
COMMAND: POST /session/293c5cce68a4e627b0c1e3a644c6160b/element/f.01782A26726534229B57CD9AA69B47B8.d.E052676852226B79249847A4C68D4BA6.e.4536/click - {}
RESULT: {}
COMMAND: POST /session/293c5cce68a4e627b0c1e3a644c6160b/element - {"using":"xpath","value":"//span[contains(text(), \"PM Order\")]"}
COMMAND: GET /session/293c5cce68a4e627b0c1e3a644c6160b/screenshot - {}
RESULT: {"using":"xpath","value":"//span[contains(text(), \"PM Order\")]"}
COMMAND: POST /session/293c5cce68a4e627b0c1e3a644c6160b/element/f.01782A26726534229B57CD9AA69B47B8.d.E052676852226B79249847A4C68D4BA6.e.4537/click - {}
RESULT: {}
RESULT: {}
COMMAND: GET /session/293c5cce68a4e627b0c1e3a644c6160b/screenshot - {}
RESULT: {}
COMMAND: POST /session/293c5cce68a4e627b0c1e3a644c6160b/element - {"using":"xpath","value":"//td/div/div/div/span[contains(@id, \"newResourceUnit--RUTimeSegment-0-vhi\")][1]"}
RESULT: {"using":"xpath","value":"//td/div/div/div/span[contains(@id, \"newResourceUnit--RUTimeSegment-0-vhi\")][1]"}
COMMAND: GET /session/293c5cce68a4e627b0c1e3a644c6160b/element/f.01782A26726534229B57CD9AA69B47B8.d.E052676852226B79249847A4C68D4BA6.e.4541/rect - {}
RESULT: {}
COMMAND: GET /session/293c5cce68a4e627b0c1e3a644c6160b/window/rect - {}
RESULT: {}
COMMAND: POST /session/293c5cce68a4e627b0c1e3a644c6160b/execute/sync - {"script":"<script> [92 bytes]","args":[]}
RESULT: {"script":"<script> [92 bytes]","args":[]}
COMMAND: POST /session/293c5cce68a4e627b0c1e3a644c6160b/actions - {"actions":[{"id":"action19","type":"wheel","parameters":{},"actions":[{"type":"scroll","x":-1888,"y":-24,"deltaX":0,"deltaY":0,"duration":0,"origin":{"element-6066-11e4-a52e-4f735466cecf":"f.01782A26726534229B57CD9AA69B47B8.d.E052676852226B79249847A4C68D4BA6.e.4541"}}]}]}
COMMAND: GET /session/293c5cce68a4e627b0c1e3a644c6160b/screenshot - {}
RESULT: {}
COMMAND: POST /session/293c5cce68a4e627b0c1e3a644c6160b/execute/sync - {"script":"<script> [79 bytes]","args":[{"element-6066-11e4-a52e-4f735466cecf":"f.01782A26726534229B57CD9AA69B47B8.d.E052676852226B79249847A4C68D4BA6.e.4541","ELEMENT":"f.01782A26726534229B57CD9AA69B47B8.d.E052676852226B79249847A4C68D4BA6.e.4541"},{"block":"start","inline":"nearest"}]}
RESULT: {"script":"<script> [79 bytes]","args":[{"element-6066-11e4-a52e-4f735466cecf":"f.01782A26726534229B57CD9AA69B47B8.d.E052676852226B79249847A4C68D4BA6.e.4541","ELEMENT":"f.01782A26726534229B57CD9AA69B47B8.d.E052676852226B79249847A4C68D4BA6.e.4541"},{"block":"start","inline":"nearest"}]}
COMMAND: GET /session/293c5cce68a4e627b0c1e3a644c6160b/screenshot - {}
RESULT: {}
COMMAND: POST /session/293c5cce68a4e627b0c1e3a644c6160b/element/f.01782A26726534229B57CD9AA69B47B8.d.E052676852226B79249847A4C68D4BA6.e.4541/click - {}
RESULT: {}
COMMAND: GET /session/293c5cce68a4e627b0c1e3a644c6160b/screenshot - {}
RESULT: {}
COMMAND: POST /session/293c5cce68a4e627b0c1e3a644c6160b/execute/async - {"script":"<script> [1562 bytes]","args":[{"selector":{"controlType":"sap.m.SearchField","properties":{"placeholder":"Search"},"searchOpenDialogs":true,"interaction":{"idSuffix":"I"}},"wdio_ui5_key":"sapm.SearchField{\"placeholder\":\"Search\"}"}]}
RESULT: {"script":"<script> [1562 bytes]","args":[{"selector":{"controlType":"sap.m.SearchField","properties":{"placeholder":"Search"},"searchOpenDialogs":true,"interaction":{"idSuffix":"I"}},"wdio_ui5_key":"sapm.SearchField{\"placeholder\":\"Search\"}"}]}
RESULT: undefined
COMMAND: POST /session/293c5cce68a4e627b0c1e3a644c6160b/execute/async - {"script":"<script> [776 bytes]","args":[{"enterText":"4000360","selector":{"controlType":"sap.m.SearchField","properties":{"placeholder":"Search"},"searchOpenDialogs":true,"interaction":{"idSuffix":"I"}},"clearTextFirst":true,"interactionType":"ENTER_TEXT"}]}
RESULT: {"script":"<script> [776 bytes]","args":[{"enterText":"4000360","selector":{"controlType":"sap.m.SearchField","properties":{"placeholder":"Search"},"searchOpenDialogs":true,"interaction":{"idSuffix":"I"}},"clearTextFirst":true,"interactionType":"ENTER_TEXT"}]}
COMMAND: POST /session/293c5cce68a4e627b0c1e3a644c6160b/actions - {"actions":[{"id":"action20","type":"key","parameters":{},"actions":[{"type":"keyDown","value":"î€‡"},{"type":"pause","duration":10},{"type":"keyUp","value":"î€‡"}]}]}
RESULT: {"actions":[{"id":"action20","type":"key","parameters":{},"actions":[{"type":"keyDown","value":"î€‡"},{"type":"pause","duration":10},{"type":"keyUp","value":"î€‡"}]}]}
COMMAND: GET /session/293c5cce68a4e627b0c1e3a644c6160b/screenshot - {}
RESULT: {}
COMMAND: POST /session/293c5cce68a4e627b0c1e3a644c6160b/element - {"using":"xpath","value":"//td/div/span[contains(text(), \"BGL Vehicles\")]"}
RESULT: {"using":"xpath","value":"//td/div/span[contains(text(), \"BGL Vehicles\")]"}
COMMAND: POST /session/293c5cce68a4e627b0c1e3a644c6160b/element/f.01782A26726534229B57CD9AA69B47B8.d.E052676852226B79249847A4C68D4BA6.e.4562/click - {}
RESULT: {}
COMMAND: GET /session/293c5cce68a4e627b0c1e3a644c6160b/screenshot - {}
RESULT: {}
COMMAND: POST /session/293c5cce68a4e627b0c1e3a644c6160b/element - {"using":"xpath","value":"//bdi[contains(text(), \"OK\")]"}
RESULT: {"using":"xpath","value":"//bdi[contains(text(), \"OK\")]"}
COMMAND: POST /session/293c5cce68a4e627b0c1e3a644c6160b/element/f.01782A26726534229B57CD9AA69B47B8.d.E052676852226B79249847A4C68D4BA6.e.4563/click - {}
RESULT: {}
COMMAND: GET /session/293c5cce68a4e627b0c1e3a644c6160b/screenshot - {}
RESULT: {}
COMMAND: POST /session/293c5cce68a4e627b0c1e3a644c6160b/element - {"using":"xpath","value":"//label[contains(@class, 'sapMLabelRequired') and .//bdi[contains(text(), 'Planned Retirement')]]"}
RESULT: {"using":"xpath","value":"//label[contains(@class, 'sapMLabelRequired') and .//bdi[contains(text(), 'Planned Retirement')]]"}
COMMAND: POST /session/293c5cce68a4e627b0c1e3a644c6160b/elements - {"using":"xpath","value":"//label[contains(@class, 'sapMLabelRequired') and .//bdi[contains(text(), 'Planned Retirement')]]"}
RESULT: {"using":"xpath","value":"//label[contains(@class, 'sapMLabelRequired') and .//bdi[contains(text(), 'Planned Retirement')]]"}
COMMAND: POST /session/293c5cce68a4e627b0c1e3a644c6160b/element - {"using":"xpath","value":"//button[@data-kt=\"resourceUnitSaveButton\"]"}
RESULT: {"using":"xpath","value":"//button[@data-kt=\"resourceUnitSaveButton\"]"}
COMMAND: POST /session/293c5cce68a4e627b0c1e3a644c6160b/element/f.01782A26726534229B57CD9AA69B47B8.d.E052676852226B79249847A4C68D4BA6.e.4467/click - {}
RESULT: {}
COMMAND: GET /session/293c5cce68a4e627b0c1e3a644c6160b/screenshot - {}
RESULT: {}
COMMAND: POST /session/293c5cce68a4e627b0c1e3a644c6160b/element - {"using":"xpath","value":"//bdi[contains(text(), \"Close\")]"}
RESULT: {"using":"xpath","value":"//bdi[contains(text(), \"Close\")]"}
COMMAND: POST /session/293c5cce68a4e627b0c1e3a644c6160b/element/f.01782A26726534229B57CD9AA69B47B8.d.E052676852226B79249847A4C68D4BA6.e.4569/click - {}
RESULT: {}
COMMAND: GET /session/293c5cce68a4e627b0c1e3a644c6160b/screenshot - {}
RESULT: {}
COMMAND: POST /session/293c5cce68a4e627b0c1e3a644c6160b/element - {"using":"xpath","value":"//header[contains(@id, 'detailRruPage-headerTitle')]/div[1]/div[2]/div[2]/span[1]"}
RESULT: {"using":"xpath","value":"//header[contains(@id, 'detailRruPage-headerTitle')]/div[1]/div[2]/div[2]/span[1]"}
COMMAND: POST /session/293c5cce68a4e627b0c1e3a644c6160b/elements - {"using":"xpath","value":"//header[contains(@id, 'detailRruPage-headerTitle')]/div[1]/div[2]/div[2]/span[1]"}
RESULT: {"using":"xpath","value":"//header[contains(@id, 'detailRruPage-headerTitle')]/div[1]/div[2]/div[2]/span[1]"}
COMMAND: POST /session/293c5cce68a4e627b0c1e3a644c6160b/execute/sync - {"script":"<script> [56 bytes]","args":[{"element-6066-11e4-a52e-4f735466cecf":"f.01782A26726534229B57CD9AA69B47B8.d.E052676852226B79249847A4C68D4BA6.e.4606","ELEMENT":"f.01782A26726534229B57CD9AA69B47B8.d.E052676852226B79249847A4C68D4BA6.e.4606"}]}
RESULT: {"script":"<script> [56 bytes]","args":[{"element-6066-11e4-a52e-4f735466cecf":"f.01782A26726534229B57CD9AA69B47B8.d.E052676852226B79249847A4C68D4BA6.e.4606","ELEMENT":"f.01782A26726534229B57CD9AA69B47B8.d.E052676852226B79249847A4C68D4BA6.e.4606"}]}
COMMAND: POST /session/293c5cce68a4e627b0c1e3a644c6160b/element - {"using":"css selector","value":"#shell-header-logo"}
COMMAND: GET /session/293c5cce68a4e627b0c1e3a644c6160b/screenshot - {}
RESULT: {"using":"css selector","value":"#shell-header-logo"}
COMMAND: POST /session/293c5cce68a4e627b0c1e3a644c6160b/element/f.01782A26726534229B57CD9AA69B47B8.d.E052676852226B79249847A4C68D4BA6.e.3930/click - {}
RESULT: {}
RESULT: {}
COMMAND: GET /session/293c5cce68a4e627b0c1e3a644c6160b/screenshot - {}
RESULT: {}
]]></system-out>
    </testcase>
    <testcase classname="chrome.136_0_7103_49.windows.Provide_to_Site_w/_warehouse_management_w/_clarification_US115878" name="Bin Status Report Should Create New Organization yard" time="0.006" />
    <testcase classname="chrome.136_0_7103_49.windows.Provide_to_Site_w/_warehouse_management_w/_clarification_US115878" name="Bin Status Report Should Create New Organization for Site" time="0.004" />
  </testsuite>
  <testsuite timestamp="2025-05-13T07:25:49" time="396.409" tests="6" failures="6" errors="6" skipped="0">
    <properties>
      <property name="specId" value="0" />
      <property name="suiteName" value="Provide to Site w/ warehouse management w clarification" />
      <property name="capabilities" value="chrome.136_0_7103_49.windows" />
      <property name="file" value="file:///D:/a/1/s/test/specs/HTR/provide-to-site-w-warehouse-w-clarification.spec.js" />
    </properties>
  </testsuite>
  <testsuite timestamp="2025-05-13T07:32:25" time="127.614" tests="6" failures="0" errors="0" skipped="0">
    <properties>
      <property name="specId" value="0" />
      <property name="suiteName" value="Provide to Site w/ warehouse management w/o clarification US113782 " />
      <property name="capabilities" value="chrome.136_0_7103_49.windows" />
      <property name="file" value="file:///D:/a/1/s/test/specs/HTR/provide-to-site-w-warehouse-wo-clarification.spec.js" />
    </properties>
    <testcase classname="chrome.136_0_7103_49.windows.Provide_to_Site_w/_warehouse_management_w/o_clarification_US113782_" name="Should create a new WHM yard" time="0.022">
      <system-out><![CDATA[
COMMAND: POST /session/293c5cce68a4e627b0c1e3a644c6160b/window/fullscreen - {}
RESULT: {}
]]></system-out>
    </testcase>
    <testcase classname="chrome.136_0_7103_49.windows.Provide_to_Site_w/_warehouse_management_w/o_clarification_US113782_" name="Should create a new external WHM partner" time="0.003" />
    <testcase classname="chrome.136_0_7103_49.windows.Provide_to_Site_w/_warehouse_management_w/o_clarification_US113782_" name="Should create a new WHM site" time="0.005" />
    <testcase classname="chrome.136_0_7103_49.windows.Provide_to_Site_w/_warehouse_management_w/o_clarification_US113782_" name="Should create a new material" time="113.617">
      <system-out><![CDATA[
COMMAND: POST /session/293c5cce68a4e627b0c1e3a644c6160b/execute/async - {"script":"<script> [1562 bytes]","args":[{"selector":{"controlType":"sap.m.GenericTile","properties":{"header":"Manage Resources"}},"wdio_ui5_key":"sapm.GenericTile{\"header\":\"Manage Resources\"}"}]}
RESULT: {"script":"<script> [1562 bytes]","args":[{"selector":{"controlType":"sap.m.GenericTile","properties":{"header":"Manage Resources"}},"wdio_ui5_key":"sapm.GenericTile{\"header\":\"Manage Resources\"}"}]}
RESULT: undefined
COMMAND: POST /session/293c5cce68a4e627b0c1e3a644c6160b/element - {"using":"xpath","value":"//*[@id=\"__tile31\"]"}
RESULT: {"using":"xpath","value":"//*[@id=\"__tile31\"]"}
COMMAND: POST /session/293c5cce68a4e627b0c1e3a644c6160b/element/f.01782A26726534229B57CD9AA69B47B8.d.7E259BB3C54BC7C8CE39ED7168220051.e.5224/click - {}
RESULT: {}
COMMAND: POST /session/293c5cce68a4e627b0c1e3a644c6160b/element - {"using":"xpath","value":"//button[@data-kt=\"addNewRUOverflowToolbarButton\"]"}
COMMAND: GET /session/293c5cce68a4e627b0c1e3a644c6160b/screenshot - {}
RESULT: {"using":"xpath","value":"//button[@data-kt=\"addNewRUOverflowToolbarButton\"]"}
COMMAND: POST /session/293c5cce68a4e627b0c1e3a644c6160b/elements - {"using":"xpath","value":"//button[@data-kt=\"addNewRUOverflowToolbarButton\"]"}
RESULT: {}
RESULT: {"using":"xpath","value":"//button[@data-kt=\"addNewRUOverflowToolbarButton\"]"}
COMMAND: POST /session/293c5cce68a4e627b0c1e3a644c6160b/elements - {"using":"xpath","value":"//button[@data-kt=\"addNewRUOverflowToolbarButton\"]"}
RESULT: {"using":"xpath","value":"//button[@data-kt=\"addNewRUOverflowToolbarButton\"]"}
COMMAND: POST /session/293c5cce68a4e627b0c1e3a644c6160b/elements - {"using":"xpath","value":"//button[@data-kt=\"addNewRUOverflowToolbarButton\"]"}
RESULT: {"using":"xpath","value":"//button[@data-kt=\"addNewRUOverflowToolbarButton\"]"}
COMMAND: POST /session/293c5cce68a4e627b0c1e3a644c6160b/elements - {"using":"xpath","value":"//button[@data-kt=\"addNewRUOverflowToolbarButton\"]"}
RESULT: {"using":"xpath","value":"//button[@data-kt=\"addNewRUOverflowToolbarButton\"]"}
COMMAND: POST /session/293c5cce68a4e627b0c1e3a644c6160b/elements - {"using":"xpath","value":"//button[@data-kt=\"addNewRUOverflowToolbarButton\"]"}
RESULT: {"using":"xpath","value":"//button[@data-kt=\"addNewRUOverflowToolbarButton\"]"}
COMMAND: POST /session/293c5cce68a4e627b0c1e3a644c6160b/elements - {"using":"xpath","value":"//button[@data-kt=\"addNewRUOverflowToolbarButton\"]"}
RESULT: {"using":"xpath","value":"//button[@data-kt=\"addNewRUOverflowToolbarButton\"]"}
COMMAND: POST /session/293c5cce68a4e627b0c1e3a644c6160b/elements - {"using":"xpath","value":"//button[@data-kt=\"addNewRUOverflowToolbarButton\"]"}
RESULT: {"using":"xpath","value":"//button[@data-kt=\"addNewRUOverflowToolbarButton\"]"}
COMMAND: POST /session/293c5cce68a4e627b0c1e3a644c6160b/elements - {"using":"xpath","value":"//button[@data-kt=\"addNewRUOverflowToolbarButton\"]"}
RESULT: {"using":"xpath","value":"//button[@data-kt=\"addNewRUOverflowToolbarButton\"]"}
COMMAND: POST /session/293c5cce68a4e627b0c1e3a644c6160b/elements - {"using":"xpath","value":"//button[@data-kt=\"addNewRUOverflowToolbarButton\"]"}
RESULT: {"using":"xpath","value":"//button[@data-kt=\"addNewRUOverflowToolbarButton\"]"}
COMMAND: POST /session/293c5cce68a4e627b0c1e3a644c6160b/elements - {"using":"xpath","value":"//button[@data-kt=\"addNewRUOverflowToolbarButton\"]"}
RESULT: {"using":"xpath","value":"//button[@data-kt=\"addNewRUOverflowToolbarButton\"]"}
COMMAND: POST /session/293c5cce68a4e627b0c1e3a644c6160b/elements - {"using":"xpath","value":"//button[@data-kt=\"addNewRUOverflowToolbarButton\"]"}
RESULT: {"using":"xpath","value":"//button[@data-kt=\"addNewRUOverflowToolbarButton\"]"}
COMMAND: POST /session/293c5cce68a4e627b0c1e3a644c6160b/elements - {"using":"xpath","value":"//button[@data-kt=\"addNewRUOverflowToolbarButton\"]"}
RESULT: {"using":"xpath","value":"//button[@data-kt=\"addNewRUOverflowToolbarButton\"]"}
COMMAND: POST /session/293c5cce68a4e627b0c1e3a644c6160b/elements - {"using":"xpath","value":"//button[@data-kt=\"addNewRUOverflowToolbarButton\"]"}
RESULT: {"using":"xpath","value":"//button[@data-kt=\"addNewRUOverflowToolbarButton\"]"}
COMMAND: POST /session/293c5cce68a4e627b0c1e3a644c6160b/elements - {"using":"xpath","value":"//button[@data-kt=\"addNewRUOverflowToolbarButton\"]"}
RESULT: {"using":"xpath","value":"//button[@data-kt=\"addNewRUOverflowToolbarButton\"]"}
COMMAND: POST /session/293c5cce68a4e627b0c1e3a644c6160b/element - {"using":"xpath","value":"//button[@data-kt=\"addNewRUOverflowToolbarButton\"]"}
RESULT: {"using":"xpath","value":"//button[@data-kt=\"addNewRUOverflowToolbarButton\"]"}
COMMAND: POST /session/293c5cce68a4e627b0c1e3a644c6160b/execute/sync - {"script":"<script> [8489 bytes]","args":[{"element-6066-11e4-a52e-4f735466cecf":"f.01782A26726534229B57CD9AA69B47B8.d.7E259BB3C54BC7C8CE39ED7168220051.e.5353","ELEMENT":"f.01782A26726534229B57CD9AA69B47B8.d.7E259BB3C54BC7C8CE39ED7168220051.e.5353"}]}
RESULT: {"script":"<script> [8489 bytes]","args":[{"element-6066-11e4-a52e-4f735466cecf":"f.01782A26726534229B57CD9AA69B47B8.d.7E259BB3C54BC7C8CE39ED7168220051.e.5353","ELEMENT":"f.01782A26726534229B57CD9AA69B47B8.d.7E259BB3C54BC7C8CE39ED7168220051.e.5353"}]}
COMMAND: GET /session/293c5cce68a4e627b0c1e3a644c6160b/element/f.01782A26726534229B57CD9AA69B47B8.d.7E259BB3C54BC7C8CE39ED7168220051.e.5353/enabled - {}
COMMAND: GET /session/293c5cce68a4e627b0c1e3a644c6160b/screenshot - {}
RESULT: {}
COMMAND: POST /session/293c5cce68a4e627b0c1e3a644c6160b/execute/sync - {"script":"<script> [8489 bytes]","args":[{"element-6066-11e4-a52e-4f735466cecf":"f.01782A26726534229B57CD9AA69B47B8.d.7E259BB3C54BC7C8CE39ED7168220051.e.5353","ELEMENT":"f.01782A26726534229B57CD9AA69B47B8.d.7E259BB3C54BC7C8CE39ED7168220051.e.5353"}]}
COMMAND: GET /session/293c5cce68a4e627b0c1e3a644c6160b/screenshot - {}
RESULT: {}
RESULT: {"script":"<script> [8489 bytes]","args":[{"element-6066-11e4-a52e-4f735466cecf":"f.01782A26726534229B57CD9AA69B47B8.d.7E259BB3C54BC7C8CE39ED7168220051.e.5353","ELEMENT":"f.01782A26726534229B57CD9AA69B47B8.d.7E259BB3C54BC7C8CE39ED7168220051.e.5353"}]}
COMMAND: POST /session/293c5cce68a4e627b0c1e3a644c6160b/execute/sync - {"script":"<script> [5351 bytes]","args":[{"element-6066-11e4-a52e-4f735466cecf":"f.01782A26726534229B57CD9AA69B47B8.d.7E259BB3C54BC7C8CE39ED7168220051.e.5353","ELEMENT":"f.01782A26726534229B57CD9AA69B47B8.d.7E259BB3C54BC7C8CE39ED7168220051.e.5353"}]}
COMMAND: GET /session/293c5cce68a4e627b0c1e3a644c6160b/screenshot - {}
RESULT: {}
RESULT: {"script":"<script> [5351 bytes]","args":[{"element-6066-11e4-a52e-4f735466cecf":"f.01782A26726534229B57CD9AA69B47B8.d.7E259BB3C54BC7C8CE39ED7168220051.e.5353","ELEMENT":"f.01782A26726534229B57CD9AA69B47B8.d.7E259BB3C54BC7C8CE39ED7168220051.e.5353"}]}
COMMAND: POST /session/293c5cce68a4e627b0c1e3a644c6160b/element/f.01782A26726534229B57CD9AA69B47B8.d.7E259BB3C54BC7C8CE39ED7168220051.e.5353/click - {}
COMMAND: GET /session/293c5cce68a4e627b0c1e3a644c6160b/screenshot - {}
RESULT: {}
RESULT: {}
COMMAND: GET /session/293c5cce68a4e627b0c1e3a644c6160b/screenshot - {}
RESULT: {}
RESULT: {}
COMMAND: POST /session/293c5cce68a4e627b0c1e3a644c6160b/execute/async - {"script":"<script> [1562 bytes]","args":[{"selector":{"id":"application-manageresources-display-component---newResourceUnit--TYPE-arrow"},"wdio_ui5_key":"applicationmanageresources-display-component---newResourceUnit--TYPE-arrow"}]}
RESULT: {"script":"<script> [1562 bytes]","args":[{"selector":{"id":"application-manageresources-display-component---newResourceUnit--TYPE-arrow"},"wdio_ui5_key":"applicationmanageresources-display-component---newResourceUnit--TYPE-arrow"}]}
RESULT: undefined
COMMAND: POST /session/293c5cce68a4e627b0c1e3a644c6160b/element - {"using":"xpath","value":"//*[@id=\"application-manageresources-display-component---newResourceUnit--TYPE-arrow\"]"}
RESULT: {"using":"xpath","value":"//*[@id=\"application-manageresources-display-component---newResourceUnit--TYPE-arrow\"]"}
COMMAND: POST /session/293c5cce68a4e627b0c1e3a644c6160b/element/f.01782A26726534229B57CD9AA69B47B8.d.7E259BB3C54BC7C8CE39ED7168220051.e.5523/click - {}
RESULT: {}
COMMAND: POST /session/293c5cce68a4e627b0c1e3a644c6160b/element - {"using":"xpath","value":"//input[@id=\"application-manageresources-display-component---newResourceUnit--TYPE-inner\"]"}
COMMAND: GET /session/293c5cce68a4e627b0c1e3a644c6160b/screenshot - {}
RESULT: {"using":"xpath","value":"//input[@id=\"application-manageresources-display-component---newResourceUnit--TYPE-inner\"]"}
COMMAND: POST /session/293c5cce68a4e627b0c1e3a644c6160b/element/f.01782A26726534229B57CD9AA69B47B8.d.7E259BB3C54BC7C8CE39ED7168220051.e.5391/clear - {}
RESULT: {}
RESULT: {}
COMMAND: POST /session/293c5cce68a4e627b0c1e3a644c6160b/element/f.01782A26726534229B57CD9AA69B47B8.d.7E259BB3C54BC7C8CE39ED7168220051.e.5391/value - {"text":"Material"}
COMMAND: GET /session/293c5cce68a4e627b0c1e3a644c6160b/screenshot - {}
RESULT: {"text":"Material"}
COMMAND: GET /session/293c5cce68a4e627b0c1e3a644c6160b/screenshot - {}
RESULT: {}
RESULT: {}
COMMAND: POST /session/293c5cce68a4e627b0c1e3a644c6160b/actions - {"actions":[{"id":"action23","type":"key","parameters":{},"actions":[{"type":"keyDown","value":"î€‡"},{"type":"pause","duration":10},{"type":"keyUp","value":"î€‡"}]}]}
RESULT: {"actions":[{"id":"action23","type":"key","parameters":{},"actions":[{"type":"keyDown","value":"î€‡"},{"type":"pause","duration":10},{"type":"keyUp","value":"î€‡"}]}]}
COMMAND: POST /session/293c5cce68a4e627b0c1e3a644c6160b/execute/async - {"script":"<script> [1562 bytes]","args":[{"selector":{"id":"application-manageresources-display-component---newResourceUnit--SHORT_TEXT","interaction":{"idSuffix":"inner"}},"wdio_ui5_key":"applicationmanageresources-display-component---newResourceUnit--SHORT_TEXT"}]}
COMMAND: GET /session/293c5cce68a4e627b0c1e3a644c6160b/screenshot - {}
RESULT: {"script":"<script> [1562 bytes]","args":[{"selector":{"id":"application-manageresources-display-component---newResourceUnit--SHORT_TEXT","interaction":{"idSuffix":"inner"}},"wdio_ui5_key":"applicationmanageresources-display-component---newResourceUnit--SHORT_TEXT"}]}
RESULT: undefined
COMMAND: POST /session/293c5cce68a4e627b0c1e3a644c6160b/execute/async - {"script":"<script> [776 bytes]","args":[{"enterText":"Cement WDIO","selector":{"id":"application-manageresources-display-component---newResourceUnit--SHORT_TEXT","interaction":{"idSuffix":"inner"}},"clearTextFirst":true,"interactionType":"ENTER_TEXT"}]}
RESULT: {}
RESULT: {"script":"<script> [776 bytes]","args":[{"enterText":"Cement WDIO","selector":{"id":"application-manageresources-display-component---newResourceUnit--SHORT_TEXT","interaction":{"idSuffix":"inner"}},"clearTextFirst":true,"interactionType":"ENTER_TEXT"}]}
COMMAND: POST /session/293c5cce68a4e627b0c1e3a644c6160b/execute/async - {"script":"<script> [1562 bytes]","args":[{"selector":{"id":"application-manageresources-display-component---newResourceUnit--BASE_UNIT_OF_MEASURE","interaction":{"idSuffix":"inner"}},"wdio_ui5_key":"applicationmanageresources-display-component---newResourceUnit--BASE_UNIT_OF_MEASURE"}]}
RESULT: {"script":"<script> [1562 bytes]","args":[{"selector":{"id":"application-manageresources-display-component---newResourceUnit--BASE_UNIT_OF_MEASURE","interaction":{"idSuffix":"inner"}},"wdio_ui5_key":"applicationmanageresources-display-component---newResourceUnit--BASE_UNIT_OF_MEASURE"}]}
RESULT: undefined
COMMAND: POST /session/293c5cce68a4e627b0c1e3a644c6160b/execute/async - {"script":"<script> [776 bytes]","args":[{"enterText":"Piece","selector":{"id":"application-manageresources-display-component---newResourceUnit--BASE_UNIT_OF_MEASURE","interaction":{"idSuffix":"inner"}},"clearTextFirst":true,"interactionType":"ENTER_TEXT"}]}
RESULT: {"script":"<script> [776 bytes]","args":[{"enterText":"Piece","selector":{"id":"application-manageresources-display-component---newResourceUnit--BASE_UNIT_OF_MEASURE","interaction":{"idSuffix":"inner"}},"clearTextFirst":true,"interactionType":"ENTER_TEXT"}]}
COMMAND: POST /session/293c5cce68a4e627b0c1e3a644c6160b/execute/async - {"script":"<script> [1562 bytes]","args":[{"selector":{"id":"application-manageresources-display-component---newResourceUnit--WEIGHT_UNIT","interaction":{"idSuffix":"inner"}},"wdio_ui5_key":"applicationmanageresources-display-component---newResourceUnit--WEIGHT_UNIT"}]}
RESULT: {"script":"<script> [1562 bytes]","args":[{"selector":{"id":"application-manageresources-display-component---newResourceUnit--WEIGHT_UNIT","interaction":{"idSuffix":"inner"}},"wdio_ui5_key":"applicationmanageresources-display-component---newResourceUnit--WEIGHT_UNIT"}]}
RESULT: undefined
COMMAND: POST /session/293c5cce68a4e627b0c1e3a644c6160b/execute/async - {"script":"<script> [776 bytes]","args":[{"enterText":"Gram","selector":{"id":"application-manageresources-display-component---newResourceUnit--WEIGHT_UNIT","interaction":{"idSuffix":"inner"}},"clearTextFirst":true,"interactionType":"ENTER_TEXT"}]}
RESULT: {"script":"<script> [776 bytes]","args":[{"enterText":"Gram","selector":{"id":"application-manageresources-display-component---newResourceUnit--WEIGHT_UNIT","interaction":{"idSuffix":"inner"}},"clearTextFirst":true,"interactionType":"ENTER_TEXT"}]}
COMMAND: POST /session/293c5cce68a4e627b0c1e3a644c6160b/execute/async - {"script":"<script> [1562 bytes]","args":[{"selector":{"id":"application-manageresources-display-component---newResourceUnit--DIMENSION_UNIT","interaction":{"idSuffix":"inner"}},"wdio_ui5_key":"applicationmanageresources-display-component---newResourceUnit--DIMENSION_UNIT"}]}
RESULT: {"script":"<script> [1562 bytes]","args":[{"selector":{"id":"application-manageresources-display-component---newResourceUnit--DIMENSION_UNIT","interaction":{"idSuffix":"inner"}},"wdio_ui5_key":"applicationmanageresources-display-component---newResourceUnit--DIMENSION_UNIT"}]}
RESULT: undefined
COMMAND: POST /session/293c5cce68a4e627b0c1e3a644c6160b/execute/async - {"script":"<script> [776 bytes]","args":[{"enterText":"Meter","selector":{"id":"application-manageresources-display-component---newResourceUnit--DIMENSION_UNIT","interaction":{"idSuffix":"inner"}},"clearTextFirst":true,"interactionType":"ENTER_TEXT"}]}
RESULT: {"script":"<script> [776 bytes]","args":[{"enterText":"Meter","selector":{"id":"application-manageresources-display-component---newResourceUnit--DIMENSION_UNIT","interaction":{"idSuffix":"inner"}},"clearTextFirst":true,"interactionType":"ENTER_TEXT"}]}
COMMAND: POST /session/293c5cce68a4e627b0c1e3a644c6160b/execute/async - {"script":"<script> [1562 bytes]","args":[{"selector":{"id":"application-manageresources-display-component---newResourceUnit--newRRUPage-anchBar-application-manageresources-display-component---newResourceUnit--control-anchor","interaction":{"idSuffix":"BDI-content"}},"wdio_ui5_key":"applicationmanageresources-display-component---newResourceUnit--newRRUPage-anchBar-application-manageresources-display-component---newResourceUnit--control-anchor"}]}
RESULT: {"script":"<script> [1562 bytes]","args":[{"selector":{"id":"application-manageresources-display-component---newResourceUnit--newRRUPage-anchBar-application-manageresources-display-component---newResourceUnit--control-anchor","interaction":{"idSuffix":"BDI-content"}},"wdio_ui5_key":"applicationmanageresources-display-component---newResourceUnit--newRRUPage-anchBar-application-manageresources-display-component---newResourceUnit--control-anchor"}]}
RESULT: undefined
COMMAND: POST /session/293c5cce68a4e627b0c1e3a644c6160b/element - {"using":"xpath","value":"//*[@id=\"application-manageresources-display-component---newResourceUnit--newRRUPage-anchBar-application-manageresources-display-component---newResourceUnit--control-anchor\"]"}
RESULT: {"using":"xpath","value":"//*[@id=\"application-manageresources-display-component---newResourceUnit--newRRUPage-anchBar-application-manageresources-display-component---newResourceUnit--control-anchor\"]"}
COMMAND: POST /session/293c5cce68a4e627b0c1e3a644c6160b/element/f.01782A26726534229B57CD9AA69B47B8.d.7E259BB3C54BC7C8CE39ED7168220051.e.5589/click - {}
RESULT: {}
COMMAND: POST /session/293c5cce68a4e627b0c1e3a644c6160b/execute/async - {"script":"<script> [1562 bytes]","args":[{"selector":{"id":"application-manageresources-display-component---newResourceUnit--PLANNING_GROUP","interaction":{"idSuffix":"inner"}},"wdio_ui5_key":"applicationmanageresources-display-component---newResourceUnit--PLANNING_GROUP"}]}
COMMAND: GET /session/293c5cce68a4e627b0c1e3a644c6160b/screenshot - {}
RESULT: {"script":"<script> [1562 bytes]","args":[{"selector":{"id":"application-manageresources-display-component---newResourceUnit--PLANNING_GROUP","interaction":{"idSuffix":"inner"}},"wdio_ui5_key":"applicationmanageresources-display-component---newResourceUnit--PLANNING_GROUP"}]}
RESULT: undefined
COMMAND: POST /session/293c5cce68a4e627b0c1e3a644c6160b/execute/async - {"script":"<script> [776 bytes]","args":[{"enterText":"Material","selector":{"id":"application-manageresources-display-component---newResourceUnit--PLANNING_GROUP","interaction":{"idSuffix":"inner"}},"clearTextFirst":true,"interactionType":"ENTER_TEXT"}]}
RESULT: {}
RESULT: {"script":"<script> [776 bytes]","args":[{"enterText":"Material","selector":{"id":"application-manageresources-display-component---newResourceUnit--PLANNING_GROUP","interaction":{"idSuffix":"inner"}},"clearTextFirst":true,"interactionType":"ENTER_TEXT"}]}
COMMAND: POST /session/293c5cce68a4e627b0c1e3a644c6160b/execute/async - {"script":"<script> [1562 bytes]","args":[{"selector":{"id":"application-manageresources-display-component---newResourceUnit--PLANNING_INDICATOR","interaction":{"idSuffix":"inner"}},"wdio_ui5_key":"applicationmanageresources-display-component---newResourceUnit--PLANNING_INDICATOR"}]}
RESULT: {"script":"<script> [1562 bytes]","args":[{"selector":{"id":"application-manageresources-display-component---newResourceUnit--PLANNING_INDICATOR","interaction":{"idSuffix":"inner"}},"wdio_ui5_key":"applicationmanageresources-display-component---newResourceUnit--PLANNING_INDICATOR"}]}
RESULT: undefined
COMMAND: POST /session/293c5cce68a4e627b0c1e3a644c6160b/execute/async - {"script":"<script> [776 bytes]","args":[{"enterText":"10 - infinite","selector":{"id":"application-manageresources-display-component---newResourceUnit--PLANNING_INDICATOR","interaction":{"idSuffix":"inner"}},"clearTextFirst":true,"interactionType":"ENTER_TEXT"}]}
RESULT: {"script":"<script> [776 bytes]","args":[{"enterText":"10 - infinite","selector":{"id":"application-manageresources-display-component---newResourceUnit--PLANNING_INDICATOR","interaction":{"idSuffix":"inner"}},"clearTextFirst":true,"interactionType":"ENTER_TEXT"}]}
COMMAND: POST /session/293c5cce68a4e627b0c1e3a644c6160b/element - {"using":"css selector","value":"#application-manageresources-display-component---newResourceUnit--btnAddTimeSegment"}
RESULT: {"using":"css selector","value":"#application-manageresources-display-component---newResourceUnit--btnAddTimeSegment"}
COMMAND: GET /session/293c5cce68a4e627b0c1e3a644c6160b/element/f.01782A26726534229B57CD9AA69B47B8.d.7E259BB3C54BC7C8CE39ED7168220051.e.5599/rect - {}
RESULT: {}
COMMAND: GET /session/293c5cce68a4e627b0c1e3a644c6160b/window/rect - {}
RESULT: {}
COMMAND: POST /session/293c5cce68a4e627b0c1e3a644c6160b/execute/sync - {"script":"<script> [92 bytes]","args":[]}
RESULT: {"script":"<script> [92 bytes]","args":[]}
COMMAND: POST /session/293c5cce68a4e627b0c1e3a644c6160b/actions - {"actions":[{"id":"action24","type":"wheel","parameters":{},"actions":[{"type":"scroll","x":-1888,"y":-32,"deltaX":0,"deltaY":0,"duration":0,"origin":{"element-6066-11e4-a52e-4f735466cecf":"f.01782A26726534229B57CD9AA69B47B8.d.7E259BB3C54BC7C8CE39ED7168220051.e.5599"}}]}]}
COMMAND: GET /session/293c5cce68a4e627b0c1e3a644c6160b/screenshot - {}
RESULT: {}
COMMAND: POST /session/293c5cce68a4e627b0c1e3a644c6160b/execute/sync - {"script":"<script> [79 bytes]","args":[{"element-6066-11e4-a52e-4f735466cecf":"f.01782A26726534229B57CD9AA69B47B8.d.7E259BB3C54BC7C8CE39ED7168220051.e.5599","ELEMENT":"f.01782A26726534229B57CD9AA69B47B8.d.7E259BB3C54BC7C8CE39ED7168220051.e.5599"},{"block":"start","inline":"nearest"}]}
RESULT: {"script":"<script> [79 bytes]","args":[{"element-6066-11e4-a52e-4f735466cecf":"f.01782A26726534229B57CD9AA69B47B8.d.7E259BB3C54BC7C8CE39ED7168220051.e.5599","ELEMENT":"f.01782A26726534229B57CD9AA69B47B8.d.7E259BB3C54BC7C8CE39ED7168220051.e.5599"},{"block":"start","inline":"nearest"}]}
COMMAND: POST /session/293c5cce68a4e627b0c1e3a644c6160b/execute/async - {"script":"<script> [1562 bytes]","args":[{"selector":{"id":"application-manageresources-display-component---newResourceUnit--btnAddTimeSegment","interaction":{"idSuffix":"inner"}},"wdio_ui5_key":"applicationmanageresources-display-component---newResourceUnit--btnAddTimeSegment"}]}
COMMAND: GET /session/293c5cce68a4e627b0c1e3a644c6160b/screenshot - {}
RESULT: {"script":"<script> [1562 bytes]","args":[{"selector":{"id":"application-manageresources-display-component---newResourceUnit--btnAddTimeSegment","interaction":{"idSuffix":"inner"}},"wdio_ui5_key":"applicationmanageresources-display-component---newResourceUnit--btnAddTimeSegment"}]}
RESULT: undefined
COMMAND: POST /session/293c5cce68a4e627b0c1e3a644c6160b/element - {"using":"xpath","value":"//*[@id=\"application-manageresources-display-component---newResourceUnit--btnAddTimeSegment\"]"}
RESULT: {}
RESULT: {"using":"xpath","value":"//*[@id=\"application-manageresources-display-component---newResourceUnit--btnAddTimeSegment\"]"}
COMMAND: POST /session/293c5cce68a4e627b0c1e3a644c6160b/element/f.01782A26726534229B57CD9AA69B47B8.d.7E259BB3C54BC7C8CE39ED7168220051.e.5599/click - {}
RESULT: {}
COMMAND: GET /session/293c5cce68a4e627b0c1e3a644c6160b/screenshot - {}
RESULT: {}
COMMAND: POST /session/293c5cce68a4e627b0c1e3a644c6160b/element - {"using":"xpath","value":"//input[@id=\"application-manageresources-display-component---newResourceUnit--idRuTSAdmin-application-manageresources-display-component---newResourceUnit--RUTimeSegment-0-inner\"]"}
RESULT: {"using":"xpath","value":"//input[@id=\"application-manageresources-display-component---newResourceUnit--idRuTSAdmin-application-manageresources-display-component---newResourceUnit--RUTimeSegment-0-inner\"]"}
COMMAND: POST /session/293c5cce68a4e627b0c1e3a644c6160b/element/f.01782A26726534229B57CD9AA69B47B8.d.7E259BB3C54BC7C8CE39ED7168220051.e.5604/clear - {}
RESULT: {}
COMMAND: POST /session/293c5cce68a4e627b0c1e3a644c6160b/element/f.01782A26726534229B57CD9AA69B47B8.d.7E259BB3C54BC7C8CE39ED7168220051.e.5604/value - {"text":"189"}
COMMAND: GET /session/293c5cce68a4e627b0c1e3a644c6160b/screenshot - {}
RESULT: {"text":"189"}
COMMAND: GET /session/293c5cce68a4e627b0c1e3a644c6160b/screenshot - {}
RESULT: {}
RESULT: {}
COMMAND: POST /session/293c5cce68a4e627b0c1e3a644c6160b/element - {"using":"xpath","value":"//li[.//span[text()='189']]"}
RESULT: {"using":"xpath","value":"//li[.//span[text()='189']]"}
COMMAND: POST /session/293c5cce68a4e627b0c1e3a644c6160b/element/f.01782A26726534229B57CD9AA69B47B8.d.7E259BB3C54BC7C8CE39ED7168220051.e.5612/click - {}
RESULT: {}
COMMAND: GET /session/293c5cce68a4e627b0c1e3a644c6160b/screenshot - {}
RESULT: {}
COMMAND: POST /session/293c5cce68a4e627b0c1e3a644c6160b/element - {"using":"xpath","value":"(//span[contains(@id, \"-application-manageresources-display-component---newResourceUnit--RUTimeSegment-0-arrow\")])[2]"}
RESULT: {"using":"xpath","value":"(//span[contains(@id, \"-application-manageresources-display-component---newResourceUnit--RUTimeSegment-0-arrow\")])[2]"}
COMMAND: POST /session/293c5cce68a4e627b0c1e3a644c6160b/element/f.01782A26726534229B57CD9AA69B47B8.d.7E259BB3C54BC7C8CE39ED7168220051.e.5613/click - {}
RESULT: {}
COMMAND: POST /session/293c5cce68a4e627b0c1e3a644c6160b/element - {"using":"xpath","value":"//span[contains(text(), \"PM Order\")]"}
COMMAND: GET /session/293c5cce68a4e627b0c1e3a644c6160b/screenshot - {}
RESULT: {"using":"xpath","value":"//span[contains(text(), \"PM Order\")]"}
COMMAND: POST /session/293c5cce68a4e627b0c1e3a644c6160b/element/f.01782A26726534229B57CD9AA69B47B8.d.7E259BB3C54BC7C8CE39ED7168220051.e.5614/click - {}
RESULT: {}
RESULT: {}
COMMAND: GET /session/293c5cce68a4e627b0c1e3a644c6160b/screenshot - {}
RESULT: {}
COMMAND: POST /session/293c5cce68a4e627b0c1e3a644c6160b/element - {"using":"xpath","value":"//td/div/div/div/span[contains(@id, \"newResourceUnit--RUTimeSegment-0-vhi\")][1]"}
RESULT: {"using":"xpath","value":"//td/div/div/div/span[contains(@id, \"newResourceUnit--RUTimeSegment-0-vhi\")][1]"}
COMMAND: GET /session/293c5cce68a4e627b0c1e3a644c6160b/element/f.01782A26726534229B57CD9AA69B47B8.d.7E259BB3C54BC7C8CE39ED7168220051.e.5618/rect - {}
RESULT: {}
COMMAND: GET /session/293c5cce68a4e627b0c1e3a644c6160b/window/rect - {}
RESULT: {}
COMMAND: POST /session/293c5cce68a4e627b0c1e3a644c6160b/execute/sync - {"script":"<script> [92 bytes]","args":[]}
RESULT: {"script":"<script> [92 bytes]","args":[]}
COMMAND: POST /session/293c5cce68a4e627b0c1e3a644c6160b/actions - {"actions":[{"id":"action25","type":"wheel","parameters":{},"actions":[{"type":"scroll","x":-1888,"y":-24,"deltaX":0,"deltaY":0,"duration":0,"origin":{"element-6066-11e4-a52e-4f735466cecf":"f.01782A26726534229B57CD9AA69B47B8.d.7E259BB3C54BC7C8CE39ED7168220051.e.5618"}}]}]}
COMMAND: GET /session/293c5cce68a4e627b0c1e3a644c6160b/screenshot - {}
RESULT: {}
COMMAND: POST /session/293c5cce68a4e627b0c1e3a644c6160b/execute/sync - {"script":"<script> [79 bytes]","args":[{"element-6066-11e4-a52e-4f735466cecf":"f.01782A26726534229B57CD9AA69B47B8.d.7E259BB3C54BC7C8CE39ED7168220051.e.5618","ELEMENT":"f.01782A26726534229B57CD9AA69B47B8.d.7E259BB3C54BC7C8CE39ED7168220051.e.5618"},{"block":"start","inline":"nearest"}]}
RESULT: {"script":"<script> [79 bytes]","args":[{"element-6066-11e4-a52e-4f735466cecf":"f.01782A26726534229B57CD9AA69B47B8.d.7E259BB3C54BC7C8CE39ED7168220051.e.5618","ELEMENT":"f.01782A26726534229B57CD9AA69B47B8.d.7E259BB3C54BC7C8CE39ED7168220051.e.5618"},{"block":"start","inline":"nearest"}]}
COMMAND: GET /session/293c5cce68a4e627b0c1e3a644c6160b/screenshot - {}
RESULT: {}
COMMAND: POST /session/293c5cce68a4e627b0c1e3a644c6160b/element/f.01782A26726534229B57CD9AA69B47B8.d.7E259BB3C54BC7C8CE39ED7168220051.e.5618/click - {}
RESULT: {}
COMMAND: GET /session/293c5cce68a4e627b0c1e3a644c6160b/screenshot - {}
RESULT: {}
COMMAND: POST /session/293c5cce68a4e627b0c1e3a644c6160b/execute/async - {"script":"<script> [1562 bytes]","args":[{"selector":{"controlType":"sap.m.SearchField","properties":{"placeholder":"Search"},"searchOpenDialogs":true,"interaction":{"idSuffix":"I"}},"wdio_ui5_key":"sapm.SearchField{\"placeholder\":\"Search\"}"}]}
RESULT: {"script":"<script> [1562 bytes]","args":[{"selector":{"controlType":"sap.m.SearchField","properties":{"placeholder":"Search"},"searchOpenDialogs":true,"interaction":{"idSuffix":"I"}},"wdio_ui5_key":"sapm.SearchField{\"placeholder\":\"Search\"}"}]}
RESULT: undefined
COMMAND: POST /session/293c5cce68a4e627b0c1e3a644c6160b/execute/async - {"script":"<script> [776 bytes]","args":[{"enterText":"4000360","selector":{"controlType":"sap.m.SearchField","properties":{"placeholder":"Search"},"searchOpenDialogs":true,"interaction":{"idSuffix":"I"}},"clearTextFirst":true,"interactionType":"ENTER_TEXT"}]}
RESULT: {"script":"<script> [776 bytes]","args":[{"enterText":"4000360","selector":{"controlType":"sap.m.SearchField","properties":{"placeholder":"Search"},"searchOpenDialogs":true,"interaction":{"idSuffix":"I"}},"clearTextFirst":true,"interactionType":"ENTER_TEXT"}]}
COMMAND: POST /session/293c5cce68a4e627b0c1e3a644c6160b/actions - {"actions":[{"id":"action26","type":"key","parameters":{},"actions":[{"type":"keyDown","value":"î€‡"},{"type":"pause","duration":10},{"type":"keyUp","value":"î€‡"}]}]}
RESULT: {"actions":[{"id":"action26","type":"key","parameters":{},"actions":[{"type":"keyDown","value":"î€‡"},{"type":"pause","duration":10},{"type":"keyUp","value":"î€‡"}]}]}
COMMAND: GET /session/293c5cce68a4e627b0c1e3a644c6160b/screenshot - {}
RESULT: {}
COMMAND: POST /session/293c5cce68a4e627b0c1e3a644c6160b/element - {"using":"xpath","value":"//td/div/span[contains(text(), \"BGL Vehicles\")]"}
RESULT: {"using":"xpath","value":"//td/div/span[contains(text(), \"BGL Vehicles\")]"}
COMMAND: POST /session/293c5cce68a4e627b0c1e3a644c6160b/element/f.01782A26726534229B57CD9AA69B47B8.d.7E259BB3C54BC7C8CE39ED7168220051.e.5639/click - {}
RESULT: {}
COMMAND: GET /session/293c5cce68a4e627b0c1e3a644c6160b/screenshot - {}
RESULT: {}
COMMAND: POST /session/293c5cce68a4e627b0c1e3a644c6160b/element - {"using":"xpath","value":"//bdi[contains(text(), \"OK\")]"}
RESULT: {"using":"xpath","value":"//bdi[contains(text(), \"OK\")]"}
COMMAND: POST /session/293c5cce68a4e627b0c1e3a644c6160b/element/f.01782A26726534229B57CD9AA69B47B8.d.7E259BB3C54BC7C8CE39ED7168220051.e.5640/click - {}
RESULT: {}
COMMAND: GET /session/293c5cce68a4e627b0c1e3a644c6160b/screenshot - {}
RESULT: {}
COMMAND: POST /session/293c5cce68a4e627b0c1e3a644c6160b/element - {"using":"xpath","value":"//label[contains(@class, 'sapMLabelRequired') and .//bdi[contains(text(), 'Planned Retirement')]]"}
RESULT: {"using":"xpath","value":"//label[contains(@class, 'sapMLabelRequired') and .//bdi[contains(text(), 'Planned Retirement')]]"}
COMMAND: POST /session/293c5cce68a4e627b0c1e3a644c6160b/elements - {"using":"xpath","value":"//label[contains(@class, 'sapMLabelRequired') and .//bdi[contains(text(), 'Planned Retirement')]]"}
RESULT: {"using":"xpath","value":"//label[contains(@class, 'sapMLabelRequired') and .//bdi[contains(text(), 'Planned Retirement')]]"}
COMMAND: POST /session/293c5cce68a4e627b0c1e3a644c6160b/element - {"using":"xpath","value":"//button[@data-kt=\"resourceUnitSaveButton\"]"}
RESULT: {"using":"xpath","value":"//button[@data-kt=\"resourceUnitSaveButton\"]"}
COMMAND: POST /session/293c5cce68a4e627b0c1e3a644c6160b/element/f.01782A26726534229B57CD9AA69B47B8.d.7E259BB3C54BC7C8CE39ED7168220051.e.5542/click - {}
RESULT: {}
COMMAND: GET /session/293c5cce68a4e627b0c1e3a644c6160b/screenshot - {}
RESULT: {}
COMMAND: POST /session/293c5cce68a4e627b0c1e3a644c6160b/element - {"using":"xpath","value":"//bdi[contains(text(), \"Close\")]"}
RESULT: {"using":"xpath","value":"//bdi[contains(text(), \"Close\")]"}
COMMAND: POST /session/293c5cce68a4e627b0c1e3a644c6160b/element/f.01782A26726534229B57CD9AA69B47B8.d.7E259BB3C54BC7C8CE39ED7168220051.e.5646/click - {}
RESULT: {}
COMMAND: GET /session/293c5cce68a4e627b0c1e3a644c6160b/screenshot - {}
RESULT: {}
COMMAND: POST /session/293c5cce68a4e627b0c1e3a644c6160b/element - {"using":"xpath","value":"//header[contains(@id, 'detailRruPage-headerTitle')]/div[1]/div[2]/div[2]/span[1]"}
RESULT: {"using":"xpath","value":"//header[contains(@id, 'detailRruPage-headerTitle')]/div[1]/div[2]/div[2]/span[1]"}
COMMAND: POST /session/293c5cce68a4e627b0c1e3a644c6160b/elements - {"using":"xpath","value":"//header[contains(@id, 'detailRruPage-headerTitle')]/div[1]/div[2]/div[2]/span[1]"}
RESULT: {"using":"xpath","value":"//header[contains(@id, 'detailRruPage-headerTitle')]/div[1]/div[2]/div[2]/span[1]"}
COMMAND: POST /session/293c5cce68a4e627b0c1e3a644c6160b/execute/sync - {"script":"<script> [56 bytes]","args":[{"element-6066-11e4-a52e-4f735466cecf":"f.01782A26726534229B57CD9AA69B47B8.d.7E259BB3C54BC7C8CE39ED7168220051.e.5676","ELEMENT":"f.01782A26726534229B57CD9AA69B47B8.d.7E259BB3C54BC7C8CE39ED7168220051.e.5676"}]}
RESULT: {"script":"<script> [56 bytes]","args":[{"element-6066-11e4-a52e-4f735466cecf":"f.01782A26726534229B57CD9AA69B47B8.d.7E259BB3C54BC7C8CE39ED7168220051.e.5676","ELEMENT":"f.01782A26726534229B57CD9AA69B47B8.d.7E259BB3C54BC7C8CE39ED7168220051.e.5676"}]}
COMMAND: POST /session/293c5cce68a4e627b0c1e3a644c6160b/element - {"using":"css selector","value":"#shell-header-logo"}
COMMAND: GET /session/293c5cce68a4e627b0c1e3a644c6160b/screenshot - {}
RESULT: {"using":"css selector","value":"#shell-header-logo"}
COMMAND: POST /session/293c5cce68a4e627b0c1e3a644c6160b/element/f.01782A26726534229B57CD9AA69B47B8.d.7E259BB3C54BC7C8CE39ED7168220051.e.5199/click - {}
RESULT: {}
RESULT: {}
COMMAND: GET /session/293c5cce68a4e627b0c1e3a644c6160b/screenshot - {}
RESULT: {}
]]></system-out>
    </testcase>
    <testcase classname="chrome.136_0_7103_49.windows.Provide_to_Site_w/_warehouse_management_w/o_clarification_US113782_" name="Bin Status Report Should Create New Organization yard" time="0.004" />
    <testcase classname="chrome.136_0_7103_49.windows.Provide_to_Site_w/_warehouse_management_w/o_clarification_US113782_" name="Bin Status Report Should Create New Organization for Site" time="0.005" />
  </testsuite>
  <testsuite timestamp="2025-05-13T07:34:33" time="259.573" tests="5" failures="5" errors="5" skipped="0">
    <properties>
      <property name="specId" value="0" />
      <property name="suiteName" value="Provide to Site w/ warehouse management wo clarification" />
      <property name="capabilities" value="chrome.136_0_7103_49.windows" />
      <property name="file" value="file:///D:/a/1/s/test/specs/HTR/provide-to-site-w-warehouse-wo-clarification.spec.js" />
    </properties>
  </testsuite>
  <testsuite timestamp="2025-05-13T07:38:52" time="387.92" tests="4" failures="0" errors="0" skipped="0">
    <properties>
      <property name="specId" value="0" />
      <property name="suiteName" value="Provide to Site w/o warehouse management w/ clarification US116605" />
      <property name="capabilities" value="chrome.136_0_7103_49.windows" />
      <property name="file" value="file:///D:/a/1/s/test/specs/HTR/provide-to-site-wo-warehouse-w-clarification.spec.js" />
    </properties>
    <testcase classname="chrome.136_0_7103_49.windows.Provide_to_Site_w/o_warehouse_management_w/_clarification_US116605" name="Should create a new yard" time="101.045">
      <system-out><![CDATA[
COMMAND: POST /session/293c5cce68a4e627b0c1e3a644c6160b/window/fullscreen - {}
RESULT: {}
COMMAND: POST /session/293c5cce68a4e627b0c1e3a644c6160b/execute/async - {"script":"<script> [1562 bytes]","args":[{"selector":{"controlType":"sap.m.GenericTile","properties":{"header":"Manage Yards"}},"wdio_ui5_key":"sapm.GenericTile{\"header\":\"Manage Yards\"}"}]}
RESULT: {"script":"<script> [1562 bytes]","args":[{"selector":{"controlType":"sap.m.GenericTile","properties":{"header":"Manage Yards"}},"wdio_ui5_key":"sapm.GenericTile{\"header\":\"Manage Yards\"}"}]}
RESULT: undefined
COMMAND: POST /session/293c5cce68a4e627b0c1e3a644c6160b/element - {"using":"xpath","value":"//*[@id=\"__tile33\"]"}
RESULT: {"using":"xpath","value":"//*[@id=\"__tile33\"]"}
COMMAND: POST /session/293c5cce68a4e627b0c1e3a644c6160b/element/f.01782A26726534229B57CD9AA69B47B8.d.DBC8E12D5B3EE852E059978A9F3E79A8.e.6292/click - {}
RESULT: {}
COMMAND: POST /session/293c5cce68a4e627b0c1e3a644c6160b/element - {"using":"xpath","value":"//button[@data-kt=\"addNewYardOverflowToolbarButton\"]"}
COMMAND: GET /session/293c5cce68a4e627b0c1e3a644c6160b/screenshot - {}
RESULT: {"using":"xpath","value":"//button[@data-kt=\"addNewYardOverflowToolbarButton\"]"}
COMMAND: POST /session/293c5cce68a4e627b0c1e3a644c6160b/elements - {"using":"xpath","value":"//button[@data-kt=\"addNewYardOverflowToolbarButton\"]"}
RESULT: {}
RESULT: {"using":"xpath","value":"//button[@data-kt=\"addNewYardOverflowToolbarButton\"]"}
COMMAND: POST /session/293c5cce68a4e627b0c1e3a644c6160b/elements - {"using":"xpath","value":"//button[@data-kt=\"addNewYardOverflowToolbarButton\"]"}
RESULT: {"using":"xpath","value":"//button[@data-kt=\"addNewYardOverflowToolbarButton\"]"}
COMMAND: POST /session/293c5cce68a4e627b0c1e3a644c6160b/elements - {"using":"xpath","value":"//button[@data-kt=\"addNewYardOverflowToolbarButton\"]"}
RESULT: {"using":"xpath","value":"//button[@data-kt=\"addNewYardOverflowToolbarButton\"]"}
COMMAND: POST /session/293c5cce68a4e627b0c1e3a644c6160b/elements - {"using":"xpath","value":"//button[@data-kt=\"addNewYardOverflowToolbarButton\"]"}
RESULT: {"using":"xpath","value":"//button[@data-kt=\"addNewYardOverflowToolbarButton\"]"}
COMMAND: POST /session/293c5cce68a4e627b0c1e3a644c6160b/elements - {"using":"xpath","value":"//button[@data-kt=\"addNewYardOverflowToolbarButton\"]"}
RESULT: {"using":"xpath","value":"//button[@data-kt=\"addNewYardOverflowToolbarButton\"]"}
COMMAND: POST /session/293c5cce68a4e627b0c1e3a644c6160b/elements - {"using":"xpath","value":"//button[@data-kt=\"addNewYardOverflowToolbarButton\"]"}
RESULT: {"using":"xpath","value":"//button[@data-kt=\"addNewYardOverflowToolbarButton\"]"}
COMMAND: POST /session/293c5cce68a4e627b0c1e3a644c6160b/elements - {"using":"xpath","value":"//button[@data-kt=\"addNewYardOverflowToolbarButton\"]"}
RESULT: {"using":"xpath","value":"//button[@data-kt=\"addNewYardOverflowToolbarButton\"]"}
COMMAND: POST /session/293c5cce68a4e627b0c1e3a644c6160b/elements - {"using":"xpath","value":"//button[@data-kt=\"addNewYardOverflowToolbarButton\"]"}
RESULT: {"using":"xpath","value":"//button[@data-kt=\"addNewYardOverflowToolbarButton\"]"}
COMMAND: POST /session/293c5cce68a4e627b0c1e3a644c6160b/elements - {"using":"xpath","value":"//button[@data-kt=\"addNewYardOverflowToolbarButton\"]"}
RESULT: {"using":"xpath","value":"//button[@data-kt=\"addNewYardOverflowToolbarButton\"]"}
COMMAND: POST /session/293c5cce68a4e627b0c1e3a644c6160b/elements - {"using":"xpath","value":"//button[@data-kt=\"addNewYardOverflowToolbarButton\"]"}
RESULT: {"using":"xpath","value":"//button[@data-kt=\"addNewYardOverflowToolbarButton\"]"}
COMMAND: POST /session/293c5cce68a4e627b0c1e3a644c6160b/elements - {"using":"xpath","value":"//button[@data-kt=\"addNewYardOverflowToolbarButton\"]"}
RESULT: {"using":"xpath","value":"//button[@data-kt=\"addNewYardOverflowToolbarButton\"]"}
COMMAND: POST /session/293c5cce68a4e627b0c1e3a644c6160b/elements - {"using":"xpath","value":"//button[@data-kt=\"addNewYardOverflowToolbarButton\"]"}
RESULT: {"using":"xpath","value":"//button[@data-kt=\"addNewYardOverflowToolbarButton\"]"}
COMMAND: POST /session/293c5cce68a4e627b0c1e3a644c6160b/elements - {"using":"xpath","value":"//button[@data-kt=\"addNewYardOverflowToolbarButton\"]"}
RESULT: {"using":"xpath","value":"//button[@data-kt=\"addNewYardOverflowToolbarButton\"]"}
COMMAND: POST /session/293c5cce68a4e627b0c1e3a644c6160b/elements - {"using":"xpath","value":"//button[@data-kt=\"addNewYardOverflowToolbarButton\"]"}
RESULT: {"using":"xpath","value":"//button[@data-kt=\"addNewYardOverflowToolbarButton\"]"}
COMMAND: POST /session/293c5cce68a4e627b0c1e3a644c6160b/elements - {"using":"xpath","value":"//button[@data-kt=\"addNewYardOverflowToolbarButton\"]"}
RESULT: {"using":"xpath","value":"//button[@data-kt=\"addNewYardOverflowToolbarButton\"]"}
COMMAND: POST /session/293c5cce68a4e627b0c1e3a644c6160b/elements - {"using":"xpath","value":"//button[@data-kt=\"addNewYardOverflowToolbarButton\"]"}
RESULT: {"using":"xpath","value":"//button[@data-kt=\"addNewYardOverflowToolbarButton\"]"}
COMMAND: POST /session/293c5cce68a4e627b0c1e3a644c6160b/elements - {"using":"xpath","value":"//button[@data-kt=\"addNewYardOverflowToolbarButton\"]"}
RESULT: {"using":"xpath","value":"//button[@data-kt=\"addNewYardOverflowToolbarButton\"]"}
COMMAND: POST /session/293c5cce68a4e627b0c1e3a644c6160b/elements - {"using":"xpath","value":"//button[@data-kt=\"addNewYardOverflowToolbarButton\"]"}
RESULT: {"using":"xpath","value":"//button[@data-kt=\"addNewYardOverflowToolbarButton\"]"}
COMMAND: POST /session/293c5cce68a4e627b0c1e3a644c6160b/elements - {"using":"xpath","value":"//button[@data-kt=\"addNewYardOverflowToolbarButton\"]"}
RESULT: {"using":"xpath","value":"//button[@data-kt=\"addNewYardOverflowToolbarButton\"]"}
COMMAND: POST /session/293c5cce68a4e627b0c1e3a644c6160b/elements - {"using":"xpath","value":"//button[@data-kt=\"addNewYardOverflowToolbarButton\"]"}
RESULT: {"using":"xpath","value":"//button[@data-kt=\"addNewYardOverflowToolbarButton\"]"}
COMMAND: POST /session/293c5cce68a4e627b0c1e3a644c6160b/elements - {"using":"xpath","value":"//button[@data-kt=\"addNewYardOverflowToolbarButton\"]"}
RESULT: {"using":"xpath","value":"//button[@data-kt=\"addNewYardOverflowToolbarButton\"]"}
COMMAND: POST /session/293c5cce68a4e627b0c1e3a644c6160b/elements - {"using":"xpath","value":"//button[@data-kt=\"addNewYardOverflowToolbarButton\"]"}
RESULT: {"using":"xpath","value":"//button[@data-kt=\"addNewYardOverflowToolbarButton\"]"}
COMMAND: POST /session/293c5cce68a4e627b0c1e3a644c6160b/elements - {"using":"xpath","value":"//button[@data-kt=\"addNewYardOverflowToolbarButton\"]"}
RESULT: {"using":"xpath","value":"//button[@data-kt=\"addNewYardOverflowToolbarButton\"]"}
COMMAND: POST /session/293c5cce68a4e627b0c1e3a644c6160b/elements - {"using":"xpath","value":"//button[@data-kt=\"addNewYardOverflowToolbarButton\"]"}
RESULT: {"using":"xpath","value":"//button[@data-kt=\"addNewYardOverflowToolbarButton\"]"}
COMMAND: POST /session/293c5cce68a4e627b0c1e3a644c6160b/element - {"using":"xpath","value":"//button[@data-kt=\"addNewYardOverflowToolbarButton\"]"}
RESULT: {"using":"xpath","value":"//button[@data-kt=\"addNewYardOverflowToolbarButton\"]"}
COMMAND: POST /session/293c5cce68a4e627b0c1e3a644c6160b/execute/sync - {"script":"<script> [8489 bytes]","args":[{"element-6066-11e4-a52e-4f735466cecf":"f.01782A26726534229B57CD9AA69B47B8.d.DBC8E12D5B3EE852E059978A9F3E79A8.e.6419","ELEMENT":"f.01782A26726534229B57CD9AA69B47B8.d.DBC8E12D5B3EE852E059978A9F3E79A8.e.6419"}]}
RESULT: {"script":"<script> [8489 bytes]","args":[{"element-6066-11e4-a52e-4f735466cecf":"f.01782A26726534229B57CD9AA69B47B8.d.DBC8E12D5B3EE852E059978A9F3E79A8.e.6419","ELEMENT":"f.01782A26726534229B57CD9AA69B47B8.d.DBC8E12D5B3EE852E059978A9F3E79A8.e.6419"}]}
COMMAND: GET /session/293c5cce68a4e627b0c1e3a644c6160b/element/f.01782A26726534229B57CD9AA69B47B8.d.DBC8E12D5B3EE852E059978A9F3E79A8.e.6419/enabled - {}
COMMAND: GET /session/293c5cce68a4e627b0c1e3a644c6160b/screenshot - {}
RESULT: {}
COMMAND: POST /session/293c5cce68a4e627b0c1e3a644c6160b/execute/sync - {"script":"<script> [8489 bytes]","args":[{"element-6066-11e4-a52e-4f735466cecf":"f.01782A26726534229B57CD9AA69B47B8.d.DBC8E12D5B3EE852E059978A9F3E79A8.e.6419","ELEMENT":"f.01782A26726534229B57CD9AA69B47B8.d.DBC8E12D5B3EE852E059978A9F3E79A8.e.6419"}]}
COMMAND: GET /session/293c5cce68a4e627b0c1e3a644c6160b/screenshot - {}
RESULT: {}
RESULT: {"script":"<script> [8489 bytes]","args":[{"element-6066-11e4-a52e-4f735466cecf":"f.01782A26726534229B57CD9AA69B47B8.d.DBC8E12D5B3EE852E059978A9F3E79A8.e.6419","ELEMENT":"f.01782A26726534229B57CD9AA69B47B8.d.DBC8E12D5B3EE852E059978A9F3E79A8.e.6419"}]}
COMMAND: POST /session/293c5cce68a4e627b0c1e3a644c6160b/execute/sync - {"script":"<script> [5351 bytes]","args":[{"element-6066-11e4-a52e-4f735466cecf":"f.01782A26726534229B57CD9AA69B47B8.d.DBC8E12D5B3EE852E059978A9F3E79A8.e.6419","ELEMENT":"f.01782A26726534229B57CD9AA69B47B8.d.DBC8E12D5B3EE852E059978A9F3E79A8.e.6419"}]}
COMMAND: GET /session/293c5cce68a4e627b0c1e3a644c6160b/screenshot - {}
RESULT: {}
RESULT: {"script":"<script> [5351 bytes]","args":[{"element-6066-11e4-a52e-4f735466cecf":"f.01782A26726534229B57CD9AA69B47B8.d.DBC8E12D5B3EE852E059978A9F3E79A8.e.6419","ELEMENT":"f.01782A26726534229B57CD9AA69B47B8.d.DBC8E12D5B3EE852E059978A9F3E79A8.e.6419"}]}
COMMAND: POST /session/293c5cce68a4e627b0c1e3a644c6160b/element/f.01782A26726534229B57CD9AA69B47B8.d.DBC8E12D5B3EE852E059978A9F3E79A8.e.6419/click - {}
COMMAND: GET /session/293c5cce68a4e627b0c1e3a644c6160b/screenshot - {}
RESULT: {}
RESULT: {}
COMMAND: GET /session/293c5cce68a4e627b0c1e3a644c6160b/screenshot - {}
COMMAND: POST /session/293c5cce68a4e627b0c1e3a644c6160b/element - {"using":"xpath","value":"//input[@id=\"application-manageyards-display-component---NewYard--yardId-inner\"]"}
RESULT: {}
RESULT: {}
RESULT: {"using":"xpath","value":"//input[@id=\"application-manageyards-display-component---NewYard--yardId-inner\"]"}
COMMAND: POST /session/293c5cce68a4e627b0c1e3a644c6160b/element - {"using":"xpath","value":"//input[@id=\"application-manageyards-display-component---NewYard--yardId-inner\"]"}
RESULT: {"using":"xpath","value":"//input[@id=\"application-manageyards-display-component---NewYard--yardId-inner\"]"}
COMMAND: POST /session/293c5cce68a4e627b0c1e3a644c6160b/execute/async - {"script":"<script> [1562 bytes]","args":[{"selector":{"id":"application-manageyards-display-component---NewYard--addressDetailDetailsName1","interaction":{"idSuffix":"inner"}},"wdio_ui5_key":"applicationmanageyards-display-component---NewYard--addressDetailDetailsName1"}]}
RESULT: {"script":"<script> [1562 bytes]","args":[{"selector":{"id":"application-manageyards-display-component---NewYard--addressDetailDetailsName1","interaction":{"idSuffix":"inner"}},"wdio_ui5_key":"applicationmanageyards-display-component---NewYard--addressDetailDetailsName1"}]}
RESULT: undefined
COMMAND: POST /session/293c5cce68a4e627b0c1e3a644c6160b/execute/async - {"script":"<script> [776 bytes]","args":[{"enterText":"Other Yard WDIO","selector":{"id":"application-manageyards-display-component---NewYard--addressDetailDetailsName1","interaction":{"idSuffix":"inner"}},"clearTextFirst":true,"interactionType":"ENTER_TEXT"}]}
RESULT: {"script":"<script> [776 bytes]","args":[{"enterText":"Other Yard WDIO","selector":{"id":"application-manageyards-display-component---NewYard--addressDetailDetailsName1","interaction":{"idSuffix":"inner"}},"clearTextFirst":true,"interactionType":"ENTER_TEXT"}]}
COMMAND: POST /session/293c5cce68a4e627b0c1e3a644c6160b/execute/async - {"script":"<script> [1562 bytes]","args":[{"selector":{"id":"application-manageyards-display-component---NewYard--addressDetailDetailsLanguage-arrow"},"wdio_ui5_key":"applicationmanageyards-display-component---NewYard--addressDetailDetailsLanguage-arrow"}]}
RESULT: {"script":"<script> [1562 bytes]","args":[{"selector":{"id":"application-manageyards-display-component---NewYard--addressDetailDetailsLanguage-arrow"},"wdio_ui5_key":"applicationmanageyards-display-component---NewYard--addressDetailDetailsLanguage-arrow"}]}
RESULT: undefined
COMMAND: POST /session/293c5cce68a4e627b0c1e3a644c6160b/element - {"using":"xpath","value":"//*[@id=\"application-manageyards-display-component---NewYard--addressDetailDetailsLanguage-arrow\"]"}
RESULT: {"using":"xpath","value":"//*[@id=\"application-manageyards-display-component---NewYard--addressDetailDetailsLanguage-arrow\"]"}
COMMAND: POST /session/293c5cce68a4e627b0c1e3a644c6160b/element/f.01782A26726534229B57CD9AA69B47B8.d.DBC8E12D5B3EE852E059978A9F3E79A8.e.6862/click - {}
RESULT: {}
COMMAND: POST /session/293c5cce68a4e627b0c1e3a644c6160b/element - {"using":"xpath","value":"//span[contains(text(), \"English\")]"}
COMMAND: GET /session/293c5cce68a4e627b0c1e3a644c6160b/screenshot - {}
RESULT: {"using":"xpath","value":"//span[contains(text(), \"English\")]"}
COMMAND: POST /session/293c5cce68a4e627b0c1e3a644c6160b/element/f.01782A26726534229B57CD9AA69B47B8.d.DBC8E12D5B3EE852E059978A9F3E79A8.e.6863/click - {}
RESULT: {}
RESULT: {}
COMMAND: POST /session/293c5cce68a4e627b0c1e3a644c6160b/execute/async - {"script":"<script> [1562 bytes]","args":[{"selector":{"id":"application-manageyards-display-component---NewYard--addressDetailDetailsCity1","interaction":{"idSuffix":"inner"}},"wdio_ui5_key":"applicationmanageyards-display-component---NewYard--addressDetailDetailsCity1"}]}
COMMAND: GET /session/293c5cce68a4e627b0c1e3a644c6160b/screenshot - {}
RESULT: {"script":"<script> [1562 bytes]","args":[{"selector":{"id":"application-manageyards-display-component---NewYard--addressDetailDetailsCity1","interaction":{"idSuffix":"inner"}},"wdio_ui5_key":"applicationmanageyards-display-component---NewYard--addressDetailDetailsCity1"}]}
RESULT: undefined
COMMAND: POST /session/293c5cce68a4e627b0c1e3a644c6160b/execute/async - {"script":"<script> [776 bytes]","args":[{"enterText":"Rosario","selector":{"id":"application-manageyards-display-component---NewYard--addressDetailDetailsCity1","interaction":{"idSuffix":"inner"}},"clearTextFirst":true,"interactionType":"ENTER_TEXT"}]}
RESULT: {}
RESULT: {"script":"<script> [776 bytes]","args":[{"enterText":"Rosario","selector":{"id":"application-manageyards-display-component---NewYard--addressDetailDetailsCity1","interaction":{"idSuffix":"inner"}},"clearTextFirst":true,"interactionType":"ENTER_TEXT"}]}
COMMAND: POST /session/293c5cce68a4e627b0c1e3a644c6160b/execute/async - {"script":"<script> [1562 bytes]","args":[{"selector":{"id":"application-manageyards-display-component---NewYard--addressDetailDetailsCountry-arrow"},"wdio_ui5_key":"applicationmanageyards-display-component---NewYard--addressDetailDetailsCountry-arrow"}]}
RESULT: {"script":"<script> [1562 bytes]","args":[{"selector":{"id":"application-manageyards-display-component---NewYard--addressDetailDetailsCountry-arrow"},"wdio_ui5_key":"applicationmanageyards-display-component---NewYard--addressDetailDetailsCountry-arrow"}]}
RESULT: undefined
COMMAND: POST /session/293c5cce68a4e627b0c1e3a644c6160b/element - {"using":"xpath","value":"//*[@id=\"application-manageyards-display-component---NewYard--addressDetailDetailsCountry-arrow\"]"}
RESULT: {"using":"xpath","value":"//*[@id=\"application-manageyards-display-component---NewYard--addressDetailDetailsCountry-arrow\"]"}
COMMAND: POST /session/293c5cce68a4e627b0c1e3a644c6160b/element/f.01782A26726534229B57CD9AA69B47B8.d.DBC8E12D5B3EE852E059978A9F3E79A8.e.6865/click - {}
RESULT: {}
COMMAND: POST /session/293c5cce68a4e627b0c1e3a644c6160b/element - {"using":"xpath","value":"//span[contains(text(), \"Argentina\")]"}
COMMAND: GET /session/293c5cce68a4e627b0c1e3a644c6160b/screenshot - {}
RESULT: {"using":"xpath","value":"//span[contains(text(), \"Argentina\")]"}
COMMAND: POST /session/293c5cce68a4e627b0c1e3a644c6160b/element/f.01782A26726534229B57CD9AA69B47B8.d.DBC8E12D5B3EE852E059978A9F3E79A8.e.6867/click - {}
RESULT: {}
RESULT: {}
COMMAND: POST /session/293c5cce68a4e627b0c1e3a644c6160b/execute/async - {"script":"<script> [1562 bytes]","args":[{"selector":{"id":"application-manageyards-display-component---NewYard--addressEditDetailsCostObjectCstType-arrow"},"wdio_ui5_key":"applicationmanageyards-display-component---NewYard--addressEditDetailsCostObjectCstType-arrow"}]}
COMMAND: GET /session/293c5cce68a4e627b0c1e3a644c6160b/screenshot - {}
RESULT: {"script":"<script> [1562 bytes]","args":[{"selector":{"id":"application-manageyards-display-component---NewYard--addressEditDetailsCostObjectCstType-arrow"},"wdio_ui5_key":"applicationmanageyards-display-component---NewYard--addressEditDetailsCostObjectCstType-arrow"}]}
RESULT: undefined
COMMAND: POST /session/293c5cce68a4e627b0c1e3a644c6160b/element - {"using":"xpath","value":"//*[@id=\"application-manageyards-display-component---NewYard--addressEditDetailsCostObjectCstType-arrow\"]"}
RESULT: {}
RESULT: {"using":"xpath","value":"//*[@id=\"application-manageyards-display-component---NewYard--addressEditDetailsCostObjectCstType-arrow\"]"}
COMMAND: POST /session/293c5cce68a4e627b0c1e3a644c6160b/element/f.01782A26726534229B57CD9AA69B47B8.d.DBC8E12D5B3EE852E059978A9F3E79A8.e.6868/click - {}
RESULT: {}
COMMAND: POST /session/293c5cce68a4e627b0c1e3a644c6160b/element - {"using":"xpath","value":"//span[contains(text(), \"Cost Center\")]"}
COMMAND: GET /session/293c5cce68a4e627b0c1e3a644c6160b/screenshot - {}
RESULT: {"using":"xpath","value":"//span[contains(text(), \"Cost Center\")]"}
COMMAND: POST /session/293c5cce68a4e627b0c1e3a644c6160b/element/f.01782A26726534229B57CD9AA69B47B8.d.DBC8E12D5B3EE852E059978A9F3E79A8.e.6869/click - {}
RESULT: {}
RESULT: {}
COMMAND: GET /session/293c5cce68a4e627b0c1e3a644c6160b/screenshot - {}
RESULT: {}
COMMAND: POST /session/293c5cce68a4e627b0c1e3a644c6160b/element - {"using":"xpath","value":"//span[@id=\"application-manageyards-display-component---NewYard--addressNewCostObjectCstID-vhi\"]"}
RESULT: {"using":"xpath","value":"//span[@id=\"application-manageyards-display-component---NewYard--addressNewCostObjectCstID-vhi\"]"}
COMMAND: POST /session/293c5cce68a4e627b0c1e3a644c6160b/execute/sync - {"script":"<script> [8489 bytes]","args":[{"element-6066-11e4-a52e-4f735466cecf":"f.01782A26726534229B57CD9AA69B47B8.d.DBC8E12D5B3EE852E059978A9F3E79A8.e.6873","ELEMENT":"f.01782A26726534229B57CD9AA69B47B8.d.DBC8E12D5B3EE852E059978A9F3E79A8.e.6873"}]}
RESULT: {"script":"<script> [8489 bytes]","args":[{"element-6066-11e4-a52e-4f735466cecf":"f.01782A26726534229B57CD9AA69B47B8.d.DBC8E12D5B3EE852E059978A9F3E79A8.e.6873","ELEMENT":"f.01782A26726534229B57CD9AA69B47B8.d.DBC8E12D5B3EE852E059978A9F3E79A8.e.6873"}]}
COMMAND: POST /session/293c5cce68a4e627b0c1e3a644c6160b/execute/async - {"script":"<script> [1562 bytes]","args":[{"selector":{"id":"application-manageyards-display-component---NewYard--addressNewCostObjectCstID-vhi"},"wdio_ui5_key":"applicationmanageyards-display-component---NewYard--addressNewCostObjectCstID-vhi"}]}
COMMAND: GET /session/293c5cce68a4e627b0c1e3a644c6160b/screenshot - {}
RESULT: {"script":"<script> [1562 bytes]","args":[{"selector":{"id":"application-manageyards-display-component---NewYard--addressNewCostObjectCstID-vhi"},"wdio_ui5_key":"applicationmanageyards-display-component---NewYard--addressNewCostObjectCstID-vhi"}]}
RESULT: undefined
COMMAND: POST /session/293c5cce68a4e627b0c1e3a644c6160b/element - {"using":"xpath","value":"//*[@id=\"application-manageyards-display-component---NewYard--addressNewCostObjectCstID-vhi\"]"}
RESULT: {}
RESULT: {"using":"xpath","value":"//*[@id=\"application-manageyards-display-component---NewYard--addressNewCostObjectCstID-vhi\"]"}
COMMAND: POST /session/293c5cce68a4e627b0c1e3a644c6160b/element/f.01782A26726534229B57CD9AA69B47B8.d.DBC8E12D5B3EE852E059978A9F3E79A8.e.6873/click - {}
RESULT: {}
COMMAND: GET /session/293c5cce68a4e627b0c1e3a644c6160b/screenshot - {}
RESULT: {}
COMMAND: POST /session/293c5cce68a4e627b0c1e3a644c6160b/execute/async - {"script":"<script> [1562 bytes]","args":[{"selector":{"controlType":"sap.m.SearchField","properties":{"placeholder":"Search"},"searchOpenDialogs":true,"interaction":{"idSuffix":"I"}},"wdio_ui5_key":"sapm.SearchField{\"placeholder\":\"Search\"}"}]}
RESULT: {"script":"<script> [1562 bytes]","args":[{"selector":{"controlType":"sap.m.SearchField","properties":{"placeholder":"Search"},"searchOpenDialogs":true,"interaction":{"idSuffix":"I"}},"wdio_ui5_key":"sapm.SearchField{\"placeholder\":\"Search\"}"}]}
RESULT: undefined
COMMAND: POST /session/293c5cce68a4e627b0c1e3a644c6160b/execute/async - {"script":"<script> [776 bytes]","args":[{"enterText":"10001013","selector":{"controlType":"sap.m.SearchField","properties":{"placeholder":"Search"},"searchOpenDialogs":true,"interaction":{"idSuffix":"I"}},"clearTextFirst":true,"interactionType":"ENTER_TEXT"}]}
RESULT: {"script":"<script> [776 bytes]","args":[{"enterText":"10001013","selector":{"controlType":"sap.m.SearchField","properties":{"placeholder":"Search"},"searchOpenDialogs":true,"interaction":{"idSuffix":"I"}},"clearTextFirst":true,"interactionType":"ENTER_TEXT"}]}
COMMAND: POST /session/293c5cce68a4e627b0c1e3a644c6160b/actions - {"actions":[{"id":"action28","type":"key","parameters":{},"actions":[{"type":"keyDown","value":"î€‡"},{"type":"pause","duration":10},{"type":"keyUp","value":"î€‡"}]}]}
RESULT: {"actions":[{"id":"action28","type":"key","parameters":{},"actions":[{"type":"keyDown","value":"î€‡"},{"type":"pause","duration":10},{"type":"keyUp","value":"î€‡"}]}]}
COMMAND: GET /session/293c5cce68a4e627b0c1e3a644c6160b/screenshot - {}
RESULT: {}
COMMAND: POST /session/293c5cce68a4e627b0c1e3a644c6160b/element - {"using":"xpath","value":"//span[contains(text(), \"General Management\")]"}
RESULT: {"using":"xpath","value":"//span[contains(text(), \"General Management\")]"}
COMMAND: POST /session/293c5cce68a4e627b0c1e3a644c6160b/element/f.01782A26726534229B57CD9AA69B47B8.d.DBC8E12D5B3EE852E059978A9F3E79A8.e.6914/click - {}
RESULT: {}
COMMAND: GET /session/293c5cce68a4e627b0c1e3a644c6160b/screenshot - {}
RESULT: {}
COMMAND: POST /session/293c5cce68a4e627b0c1e3a644c6160b/element - {"using":"xpath","value":"//bdi[contains(text(), \"OK\")]"}
RESULT: {"using":"xpath","value":"//bdi[contains(text(), \"OK\")]"}
COMMAND: POST /session/293c5cce68a4e627b0c1e3a644c6160b/element/f.01782A26726534229B57CD9AA69B47B8.d.DBC8E12D5B3EE852E059978A9F3E79A8.e.6915/click - {}
RESULT: {}
COMMAND: GET /session/293c5cce68a4e627b0c1e3a644c6160b/screenshot - {}
RESULT: {}
COMMAND: POST /session/293c5cce68a4e627b0c1e3a644c6160b/execute/async - {"script":"<script> [1562 bytes]","args":[{"selector":{"id":"application-manageyards-display-component---NewYard--addressEditDetailsCurrency-arrow"},"wdio_ui5_key":"applicationmanageyards-display-component---NewYard--addressEditDetailsCurrency-arrow"}]}
RESULT: {"script":"<script> [1562 bytes]","args":[{"selector":{"id":"application-manageyards-display-component---NewYard--addressEditDetailsCurrency-arrow"},"wdio_ui5_key":"applicationmanageyards-display-component---NewYard--addressEditDetailsCurrency-arrow"}]}
RESULT: undefined
COMMAND: POST /session/293c5cce68a4e627b0c1e3a644c6160b/element - {"using":"xpath","value":"//*[@id=\"application-manageyards-display-component---NewYard--addressEditDetailsCurrency-arrow\"]"}
RESULT: {"using":"xpath","value":"//*[@id=\"application-manageyards-display-component---NewYard--addressEditDetailsCurrency-arrow\"]"}
COMMAND: POST /session/293c5cce68a4e627b0c1e3a644c6160b/element/f.01782A26726534229B57CD9AA69B47B8.d.DBC8E12D5B3EE852E059978A9F3E79A8.e.6918/click - {}
RESULT: {}
COMMAND: POST /session/293c5cce68a4e627b0c1e3a644c6160b/element - {"using":"xpath","value":"//span[contains(text(), \"Euro\")]"}
COMMAND: GET /session/293c5cce68a4e627b0c1e3a644c6160b/screenshot - {}
RESULT: {"using":"xpath","value":"//span[contains(text(), \"Euro\")]"}
COMMAND: POST /session/293c5cce68a4e627b0c1e3a644c6160b/element/f.01782A26726534229B57CD9AA69B47B8.d.DBC8E12D5B3EE852E059978A9F3E79A8.e.6919/click - {}
RESULT: {}
RESULT: {}
COMMAND: POST /session/293c5cce68a4e627b0c1e3a644c6160b/execute/async - {"script":"<script> [1562 bytes]","args":[{"selector":{"controlType":"sap.m.Input","viewName":"etm.portal.ui.manageyards.view.New","viewId":"application-manageyards-display-component---NewYard","bindingPath":{"path":"","propertyPath":"/CONTROLLING_AREA","modelName":"NewYardModel"},"interaction":{"idSuffix":"inner"}},"wdio_ui5_key":"etmportal.ui.manageyards.view.Newsap.m.Input{\"path\":\"\",\"propertyPath\":\"/CONTROLLING_AREA\",\"modelName\":\"NewYardModel\"}"}]}
COMMAND: GET /session/293c5cce68a4e627b0c1e3a644c6160b/screenshot - {}
RESULT: {"script":"<script> [1562 bytes]","args":[{"selector":{"controlType":"sap.m.Input","viewName":"etm.portal.ui.manageyards.view.New","viewId":"application-manageyards-display-component---NewYard","bindingPath":{"path":"","propertyPath":"/CONTROLLING_AREA","modelName":"NewYardModel"},"interaction":{"idSuffix":"inner"}},"wdio_ui5_key":"etmportal.ui.manageyards.view.Newsap.m.Input{\"path\":\"\",\"propertyPath\":\"/CONTROLLING_AREA\",\"modelName\":\"NewYardModel\"}"}]}
RESULT: undefined
COMMAND: POST /session/293c5cce68a4e627b0c1e3a644c6160b/execute/async - {"script":"<script> [776 bytes]","args":[{"enterText":"Z001","selector":{"controlType":"sap.m.Input","viewName":"etm.portal.ui.manageyards.view.New","viewId":"application-manageyards-display-component---NewYard","bindingPath":{"path":"","propertyPath":"/CONTROLLING_AREA","modelName":"NewYardModel"},"interaction":{"idSuffix":"inner"}},"clearTextFirst":true,"interactionType":"ENTER_TEXT"}]}
RESULT: {}
RESULT: {"script":"<script> [776 bytes]","args":[{"enterText":"Z001","selector":{"controlType":"sap.m.Input","viewName":"etm.portal.ui.manageyards.view.New","viewId":"application-manageyards-display-component---NewYard","bindingPath":{"path":"","propertyPath":"/CONTROLLING_AREA","modelName":"NewYardModel"},"interaction":{"idSuffix":"inner"}},"clearTextFirst":true,"interactionType":"ENTER_TEXT"}]}
COMMAND: POST /session/293c5cce68a4e627b0c1e3a644c6160b/execute/async - {"script":"<script> [1562 bytes]","args":[{"selector":{"id":"application-manageyards-display-component---NewYard--companyCodeComboBox","interaction":{"idSuffix":"inner"}},"wdio_ui5_key":"applicationmanageyards-display-component---NewYard--companyCodeComboBox"}]}
RESULT: {"script":"<script> [1562 bytes]","args":[{"selector":{"id":"application-manageyards-display-component---NewYard--companyCodeComboBox","interaction":{"idSuffix":"inner"}},"wdio_ui5_key":"applicationmanageyards-display-component---NewYard--companyCodeComboBox"}]}
RESULT: undefined
COMMAND: POST /session/293c5cce68a4e627b0c1e3a644c6160b/execute/async - {"script":"<script> [776 bytes]","args":[{"enterText":"1000","selector":{"id":"application-manageyards-display-component---NewYard--companyCodeComboBox","interaction":{"idSuffix":"inner"}},"clearTextFirst":true,"interactionType":"ENTER_TEXT"}]}
RESULT: {"script":"<script> [776 bytes]","args":[{"enterText":"1000","selector":{"id":"application-manageyards-display-component---NewYard--companyCodeComboBox","interaction":{"idSuffix":"inner"}},"clearTextFirst":true,"interactionType":"ENTER_TEXT"}]}
COMMAND: POST /session/293c5cce68a4e627b0c1e3a644c6160b/execute/async - {"script":"<script> [1562 bytes]","args":[{"selector":{"controlType":"sap.m.Input","viewName":"etm.portal.ui.manageyards.view.New","viewId":"application-manageyards-display-component---NewYard","bindingPath":{"path":"","propertyPath":"/PLANT","modelName":"NewYardModel"},"interaction":{"idSuffix":"inner"}},"wdio_ui5_key":"etmportal.ui.manageyards.view.Newsap.m.Input{\"path\":\"\",\"propertyPath\":\"/PLANT\",\"modelName\":\"NewYardModel\"}"}]}
RESULT: {"script":"<script> [1562 bytes]","args":[{"selector":{"controlType":"sap.m.Input","viewName":"etm.portal.ui.manageyards.view.New","viewId":"application-manageyards-display-component---NewYard","bindingPath":{"path":"","propertyPath":"/PLANT","modelName":"NewYardModel"},"interaction":{"idSuffix":"inner"}},"wdio_ui5_key":"etmportal.ui.manageyards.view.Newsap.m.Input{\"path\":\"\",\"propertyPath\":\"/PLANT\",\"modelName\":\"NewYardModel\"}"}]}
RESULT: undefined
COMMAND: POST /session/293c5cce68a4e627b0c1e3a644c6160b/execute/async - {"script":"<script> [776 bytes]","args":[{"enterText":"1001","selector":{"controlType":"sap.m.Input","viewName":"etm.portal.ui.manageyards.view.New","viewId":"application-manageyards-display-component---NewYard","bindingPath":{"path":"","propertyPath":"/PLANT","modelName":"NewYardModel"},"interaction":{"idSuffix":"inner"}},"clearTextFirst":true,"interactionType":"ENTER_TEXT"}]}
RESULT: {"script":"<script> [776 bytes]","args":[{"enterText":"1001","selector":{"controlType":"sap.m.Input","viewName":"etm.portal.ui.manageyards.view.New","viewId":"application-manageyards-display-component---NewYard","bindingPath":{"path":"","propertyPath":"/PLANT","modelName":"NewYardModel"},"interaction":{"idSuffix":"inner"}},"clearTextFirst":true,"interactionType":"ENTER_TEXT"}]}
COMMAND: POST /session/293c5cce68a4e627b0c1e3a644c6160b/execute/async - {"script":"<script> [1562 bytes]","args":[{"selector":{"controlType":"sap.m.Input","viewName":"etm.portal.ui.manageyards.view.New","viewId":"application-manageyards-display-component---NewYard","bindingPath":{"path":"","propertyPath":"/SALES_AREA_VKORG","modelName":"NewYardModel"},"interaction":{"idSuffix":"inner"}},"wdio_ui5_key":"etmportal.ui.manageyards.view.Newsap.m.Input{\"path\":\"\",\"propertyPath\":\"/SALES_AREA_VKORG\",\"modelName\":\"NewYardModel\"}"}]}
RESULT: {"script":"<script> [1562 bytes]","args":[{"selector":{"controlType":"sap.m.Input","viewName":"etm.portal.ui.manageyards.view.New","viewId":"application-manageyards-display-component---NewYard","bindingPath":{"path":"","propertyPath":"/SALES_AREA_VKORG","modelName":"NewYardModel"},"interaction":{"idSuffix":"inner"}},"wdio_ui5_key":"etmportal.ui.manageyards.view.Newsap.m.Input{\"path\":\"\",\"propertyPath\":\"/SALES_AREA_VKORG\",\"modelName\":\"NewYardModel\"}"}]}
RESULT: undefined
COMMAND: POST /session/293c5cce68a4e627b0c1e3a644c6160b/execute/async - {"script":"<script> [776 bytes]","args":[{"enterText":"C002","selector":{"controlType":"sap.m.Input","viewName":"etm.portal.ui.manageyards.view.New","viewId":"application-manageyards-display-component---NewYard","bindingPath":{"path":"","propertyPath":"/SALES_AREA_VKORG","modelName":"NewYardModel"},"interaction":{"idSuffix":"inner"}},"clearTextFirst":true,"interactionType":"ENTER_TEXT"}]}
RESULT: {"script":"<script> [776 bytes]","args":[{"enterText":"C002","selector":{"controlType":"sap.m.Input","viewName":"etm.portal.ui.manageyards.view.New","viewId":"application-manageyards-display-component---NewYard","bindingPath":{"path":"","propertyPath":"/SALES_AREA_VKORG","modelName":"NewYardModel"},"interaction":{"idSuffix":"inner"}},"clearTextFirst":true,"interactionType":"ENTER_TEXT"}]}
COMMAND: POST /session/293c5cce68a4e627b0c1e3a644c6160b/execute/async - {"script":"<script> [1562 bytes]","args":[{"selector":{"controlType":"sap.m.Input","viewName":"etm.portal.ui.manageyards.view.New","viewId":"application-manageyards-display-component---NewYard","bindingPath":{"path":"","propertyPath":"/SALES_AREA_VTWEG","modelName":"NewYardModel"},"interaction":{"idSuffix":"inner"}},"wdio_ui5_key":"etmportal.ui.manageyards.view.Newsap.m.Input{\"path\":\"\",\"propertyPath\":\"/SALES_AREA_VTWEG\",\"modelName\":\"NewYardModel\"}"}]}
RESULT: {"script":"<script> [1562 bytes]","args":[{"selector":{"controlType":"sap.m.Input","viewName":"etm.portal.ui.manageyards.view.New","viewId":"application-manageyards-display-component---NewYard","bindingPath":{"path":"","propertyPath":"/SALES_AREA_VTWEG","modelName":"NewYardModel"},"interaction":{"idSuffix":"inner"}},"wdio_ui5_key":"etmportal.ui.manageyards.view.Newsap.m.Input{\"path\":\"\",\"propertyPath\":\"/SALES_AREA_VTWEG\",\"modelName\":\"NewYardModel\"}"}]}
RESULT: undefined
COMMAND: POST /session/293c5cce68a4e627b0c1e3a644c6160b/execute/async - {"script":"<script> [776 bytes]","args":[{"enterText":"C2","selector":{"controlType":"sap.m.Input","viewName":"etm.portal.ui.manageyards.view.New","viewId":"application-manageyards-display-component---NewYard","bindingPath":{"path":"","propertyPath":"/SALES_AREA_VTWEG","modelName":"NewYardModel"},"interaction":{"idSuffix":"inner"}},"clearTextFirst":true,"interactionType":"ENTER_TEXT"}]}
RESULT: {"script":"<script> [776 bytes]","args":[{"enterText":"C2","selector":{"controlType":"sap.m.Input","viewName":"etm.portal.ui.manageyards.view.New","viewId":"application-manageyards-display-component---NewYard","bindingPath":{"path":"","propertyPath":"/SALES_AREA_VTWEG","modelName":"NewYardModel"},"interaction":{"idSuffix":"inner"}},"clearTextFirst":true,"interactionType":"ENTER_TEXT"}]}
COMMAND: POST /session/293c5cce68a4e627b0c1e3a644c6160b/execute/async - {"script":"<script> [1562 bytes]","args":[{"selector":{"controlType":"sap.m.Input","viewName":"etm.portal.ui.manageyards.view.New","viewId":"application-manageyards-display-component---NewYard","bindingPath":{"path":"","propertyPath":"/SALES_AREA_SPART","modelName":"NewYardModel"},"interaction":{"idSuffix":"inner"}},"wdio_ui5_key":"etmportal.ui.manageyards.view.Newsap.m.Input{\"path\":\"\",\"propertyPath\":\"/SALES_AREA_SPART\",\"modelName\":\"NewYardModel\"}"}]}
RESULT: {"script":"<script> [1562 bytes]","args":[{"selector":{"controlType":"sap.m.Input","viewName":"etm.portal.ui.manageyards.view.New","viewId":"application-manageyards-display-component---NewYard","bindingPath":{"path":"","propertyPath":"/SALES_AREA_SPART","modelName":"NewYardModel"},"interaction":{"idSuffix":"inner"}},"wdio_ui5_key":"etmportal.ui.manageyards.view.Newsap.m.Input{\"path\":\"\",\"propertyPath\":\"/SALES_AREA_SPART\",\"modelName\":\"NewYardModel\"}"}]}
RESULT: undefined
COMMAND: POST /session/293c5cce68a4e627b0c1e3a644c6160b/execute/async - {"script":"<script> [776 bytes]","args":[{"enterText":"C2","selector":{"controlType":"sap.m.Input","viewName":"etm.portal.ui.manageyards.view.New","viewId":"application-manageyards-display-component---NewYard","bindingPath":{"path":"","propertyPath":"/SALES_AREA_SPART","modelName":"NewYardModel"},"interaction":{"idSuffix":"inner"}},"clearTextFirst":true,"interactionType":"ENTER_TEXT"}]}
RESULT: {"script":"<script> [776 bytes]","args":[{"enterText":"C2","selector":{"controlType":"sap.m.Input","viewName":"etm.portal.ui.manageyards.view.New","viewId":"application-manageyards-display-component---NewYard","bindingPath":{"path":"","propertyPath":"/SALES_AREA_SPART","modelName":"NewYardModel"},"interaction":{"idSuffix":"inner"}},"clearTextFirst":true,"interactionType":"ENTER_TEXT"}]}
COMMAND: POST /session/293c5cce68a4e627b0c1e3a644c6160b/execute/async - {"script":"<script> [1562 bytes]","args":[{"selector":{"controlType":"sap.m.Input","viewName":"etm.portal.ui.manageyards.view.New","viewId":"application-manageyards-display-component---NewYard","bindingPath":{"path":"","propertyPath":"/SHIP_POINT","modelName":"NewYardModel"},"interaction":{"idSuffix":"inner"}},"wdio_ui5_key":"etmportal.ui.manageyards.view.Newsap.m.Input{\"path\":\"\",\"propertyPath\":\"/SHIP_POINT\",\"modelName\":\"NewYardModel\"}"}]}
RESULT: {"script":"<script> [1562 bytes]","args":[{"selector":{"controlType":"sap.m.Input","viewName":"etm.portal.ui.manageyards.view.New","viewId":"application-manageyards-display-component---NewYard","bindingPath":{"path":"","propertyPath":"/SHIP_POINT","modelName":"NewYardModel"},"interaction":{"idSuffix":"inner"}},"wdio_ui5_key":"etmportal.ui.manageyards.view.Newsap.m.Input{\"path\":\"\",\"propertyPath\":\"/SHIP_POINT\",\"modelName\":\"NewYardModel\"}"}]}
RESULT: undefined
COMMAND: POST /session/293c5cce68a4e627b0c1e3a644c6160b/execute/async - {"script":"<script> [776 bytes]","args":[{"enterText":"1710","selector":{"controlType":"sap.m.Input","viewName":"etm.portal.ui.manageyards.view.New","viewId":"application-manageyards-display-component---NewYard","bindingPath":{"path":"","propertyPath":"/SHIP_POINT","modelName":"NewYardModel"},"interaction":{"idSuffix":"inner"}},"clearTextFirst":true,"interactionType":"ENTER_TEXT"}]}
RESULT: {"script":"<script> [776 bytes]","args":[{"enterText":"1710","selector":{"controlType":"sap.m.Input","viewName":"etm.portal.ui.manageyards.view.New","viewId":"application-manageyards-display-component---NewYard","bindingPath":{"path":"","propertyPath":"/SHIP_POINT","modelName":"NewYardModel"},"interaction":{"idSuffix":"inner"}},"clearTextFirst":true,"interactionType":"ENTER_TEXT"}]}
COMMAND: POST /session/293c5cce68a4e627b0c1e3a644c6160b/execute/async - {"script":"<script> [1562 bytes]","args":[{"selector":{"controlType":"sap.m.Input","viewName":"etm.portal.ui.manageyards.view.New","viewId":"application-manageyards-display-component---NewYard","bindingPath":{"path":"","propertyPath":"/DELIVERY_TYPE","modelName":"NewYardModel"},"interaction":{"idSuffix":"inner"}},"wdio_ui5_key":"etmportal.ui.manageyards.view.Newsap.m.Input{\"path\":\"\",\"propertyPath\":\"/DELIVERY_TYPE\",\"modelName\":\"NewYardModel\"}"}]}
RESULT: {"script":"<script> [1562 bytes]","args":[{"selector":{"controlType":"sap.m.Input","viewName":"etm.portal.ui.manageyards.view.New","viewId":"application-manageyards-display-component---NewYard","bindingPath":{"path":"","propertyPath":"/DELIVERY_TYPE","modelName":"NewYardModel"},"interaction":{"idSuffix":"inner"}},"wdio_ui5_key":"etmportal.ui.manageyards.view.Newsap.m.Input{\"path\":\"\",\"propertyPath\":\"/DELIVERY_TYPE\",\"modelName\":\"NewYardModel\"}"}]}
RESULT: undefined
COMMAND: POST /session/293c5cce68a4e627b0c1e3a644c6160b/execute/async - {"script":"<script> [776 bytes]","args":[{"enterText":"ZL01","selector":{"controlType":"sap.m.Input","viewName":"etm.portal.ui.manageyards.view.New","viewId":"application-manageyards-display-component---NewYard","bindingPath":{"path":"","propertyPath":"/DELIVERY_TYPE","modelName":"NewYardModel"},"interaction":{"idSuffix":"inner"}},"clearTextFirst":true,"interactionType":"ENTER_TEXT"}]}
RESULT: {"script":"<script> [776 bytes]","args":[{"enterText":"ZL01","selector":{"controlType":"sap.m.Input","viewName":"etm.portal.ui.manageyards.view.New","viewId":"application-manageyards-display-component---NewYard","bindingPath":{"path":"","propertyPath":"/DELIVERY_TYPE","modelName":"NewYardModel"},"interaction":{"idSuffix":"inner"}},"clearTextFirst":true,"interactionType":"ENTER_TEXT"}]}
COMMAND: POST /session/293c5cce68a4e627b0c1e3a644c6160b/execute/async - {"script":"<script> [1562 bytes]","args":[{"selector":{"controlType":"sap.m.Input","viewName":"etm.portal.ui.manageyards.view.New","viewId":"application-manageyards-display-component---NewYard","bindingPath":{"path":"","propertyPath":"/AUART","modelName":"NewYardModel"},"interaction":{"idSuffix":"inner"}},"wdio_ui5_key":"etmportal.ui.manageyards.view.Newsap.m.Input{\"path\":\"\",\"propertyPath\":\"/AUART\",\"modelName\":\"NewYardModel\"}"}]}
RESULT: {"script":"<script> [1562 bytes]","args":[{"selector":{"controlType":"sap.m.Input","viewName":"etm.portal.ui.manageyards.view.New","viewId":"application-manageyards-display-component---NewYard","bindingPath":{"path":"","propertyPath":"/AUART","modelName":"NewYardModel"},"interaction":{"idSuffix":"inner"}},"wdio_ui5_key":"etmportal.ui.manageyards.view.Newsap.m.Input{\"path\":\"\",\"propertyPath\":\"/AUART\",\"modelName\":\"NewYardModel\"}"}]}
RESULT: undefined
COMMAND: POST /session/293c5cce68a4e627b0c1e3a644c6160b/execute/async - {"script":"<script> [776 bytes]","args":[{"enterText":"TA","selector":{"controlType":"sap.m.Input","viewName":"etm.portal.ui.manageyards.view.New","viewId":"application-manageyards-display-component---NewYard","bindingPath":{"path":"","propertyPath":"/AUART","modelName":"NewYardModel"},"interaction":{"idSuffix":"inner"}},"clearTextFirst":true,"interactionType":"ENTER_TEXT"}]}
RESULT: {"script":"<script> [776 bytes]","args":[{"enterText":"TA","selector":{"controlType":"sap.m.Input","viewName":"etm.portal.ui.manageyards.view.New","viewId":"application-manageyards-display-component---NewYard","bindingPath":{"path":"","propertyPath":"/AUART","modelName":"NewYardModel"},"interaction":{"idSuffix":"inner"}},"clearTextFirst":true,"interactionType":"ENTER_TEXT"}]}
COMMAND: POST /session/293c5cce68a4e627b0c1e3a644c6160b/element - {"using":"xpath","value":"//button[@data-kt=\"newYardSaveButton\"]"}
RESULT: {"using":"xpath","value":"//button[@data-kt=\"newYardSaveButton\"]"}
COMMAND: POST /session/293c5cce68a4e627b0c1e3a644c6160b/element/f.01782A26726534229B57CD9AA69B47B8.d.DBC8E12D5B3EE852E059978A9F3E79A8.e.6806/click - {}
RESULT: {}
COMMAND: GET /session/293c5cce68a4e627b0c1e3a644c6160b/screenshot - {}
RESULT: {}
COMMAND: POST /session/293c5cce68a4e627b0c1e3a644c6160b/element - {"using":"xpath","value":"//header[contains(@id, 'ObjectPageLayout-headerTitle')]/div[1]/div[2]/div[1]/span[1]"}
RESULT: {"using":"xpath","value":"//header[contains(@id, 'ObjectPageLayout-headerTitle')]/div[1]/div[2]/div[1]/span[1]"}
COMMAND: POST /session/293c5cce68a4e627b0c1e3a644c6160b/elements - {"using":"xpath","value":"//header[contains(@id, 'ObjectPageLayout-headerTitle')]/div[1]/div[2]/div[1]/span[1]"}
RESULT: {"using":"xpath","value":"//header[contains(@id, 'ObjectPageLayout-headerTitle')]/div[1]/div[2]/div[1]/span[1]"}
COMMAND: POST /session/293c5cce68a4e627b0c1e3a644c6160b/execute/sync - {"script":"<script> [56 bytes]","args":[{"element-6066-11e4-a52e-4f735466cecf":"f.01782A26726534229B57CD9AA69B47B8.d.DBC8E12D5B3EE852E059978A9F3E79A8.e.7158","ELEMENT":"f.01782A26726534229B57CD9AA69B47B8.d.DBC8E12D5B3EE852E059978A9F3E79A8.e.7158"}]}
RESULT: {"script":"<script> [56 bytes]","args":[{"element-6066-11e4-a52e-4f735466cecf":"f.01782A26726534229B57CD9AA69B47B8.d.DBC8E12D5B3EE852E059978A9F3E79A8.e.7158","ELEMENT":"f.01782A26726534229B57CD9AA69B47B8.d.DBC8E12D5B3EE852E059978A9F3E79A8.e.7158"}]}
COMMAND: GET /session/293c5cce68a4e627b0c1e3a644c6160b/screenshot - {}
RESULT: {}
COMMAND: POST /session/293c5cce68a4e627b0c1e3a644c6160b/element - {"using":"css selector","value":"#shell-header-logo"}
RESULT: {"using":"css selector","value":"#shell-header-logo"}
COMMAND: POST /session/293c5cce68a4e627b0c1e3a644c6160b/element/f.01782A26726534229B57CD9AA69B47B8.d.DBC8E12D5B3EE852E059978A9F3E79A8.e.6267/click - {}
RESULT: {}
COMMAND: GET /session/293c5cce68a4e627b0c1e3a644c6160b/screenshot - {}
RESULT: {}
COMMAND: POST /session/293c5cce68a4e627b0c1e3a644c6160b/execute/sync - {"script":"<script> [299 bytes]","args":[["getModel","getResource"]]}
RESULT: {"script":"<script> [299 bytes]","args":[["getModel","getResource"]]}
]]></system-out>
    </testcase>
    <testcase classname="chrome.136_0_7103_49.windows.Provide_to_Site_w/o_warehouse_management_w/_clarification_US116605" name="Should create a new external partner" time="77.295">
      <system-out><![CDATA[
COMMAND: GET /session/293c5cce68a4e627b0c1e3a644c6160b/screenshot - {}
COMMAND: POST /session/293c5cce68a4e627b0c1e3a644c6160b/window/fullscreen - {}
RESULT: {}
RESULT: {}
COMMAND: POST /session/293c5cce68a4e627b0c1e3a644c6160b/execute/async - {"script":"<script> [1562 bytes]","args":[{"selector":{"controlType":"sap.m.GenericTile","properties":{"header":"Manage Partners"}},"wdio_ui5_key":"sapm.GenericTile{\"header\":\"Manage Partners\"}"}]}
RESULT: {"script":"<script> [1562 bytes]","args":[{"selector":{"controlType":"sap.m.GenericTile","properties":{"header":"Manage Partners"}},"wdio_ui5_key":"sapm.GenericTile{\"header\":\"Manage Partners\"}"}]}
RESULT: undefined
COMMAND: POST /session/293c5cce68a4e627b0c1e3a644c6160b/element - {"using":"xpath","value":"//*[@id=\"__tile30\"]"}
RESULT: {"using":"xpath","value":"//*[@id=\"__tile30\"]"}
COMMAND: POST /session/293c5cce68a4e627b0c1e3a644c6160b/element/f.01782A26726534229B57CD9AA69B47B8.d.DBC8E12D5B3EE852E059978A9F3E79A8.e.6283/click - {}
RESULT: {}
COMMAND: POST /session/293c5cce68a4e627b0c1e3a644c6160b/element - {"using":"xpath","value":"//button[@data-kt=\"addButton\"]"}
COMMAND: GET /session/293c5cce68a4e627b0c1e3a644c6160b/screenshot - {}
RESULT: {"using":"xpath","value":"//button[@data-kt=\"addButton\"]"}
COMMAND: POST /session/293c5cce68a4e627b0c1e3a644c6160b/elements - {"using":"xpath","value":"//button[@data-kt=\"addButton\"]"}
RESULT: {}
RESULT: {"using":"xpath","value":"//button[@data-kt=\"addButton\"]"}
COMMAND: POST /session/293c5cce68a4e627b0c1e3a644c6160b/elements - {"using":"xpath","value":"//button[@data-kt=\"addButton\"]"}
RESULT: {"using":"xpath","value":"//button[@data-kt=\"addButton\"]"}
COMMAND: POST /session/293c5cce68a4e627b0c1e3a644c6160b/elements - {"using":"xpath","value":"//button[@data-kt=\"addButton\"]"}
RESULT: {"using":"xpath","value":"//button[@data-kt=\"addButton\"]"}
COMMAND: POST /session/293c5cce68a4e627b0c1e3a644c6160b/elements - {"using":"xpath","value":"//button[@data-kt=\"addButton\"]"}
RESULT: {"using":"xpath","value":"//button[@data-kt=\"addButton\"]"}
COMMAND: POST /session/293c5cce68a4e627b0c1e3a644c6160b/elements - {"using":"xpath","value":"//button[@data-kt=\"addButton\"]"}
RESULT: {"using":"xpath","value":"//button[@data-kt=\"addButton\"]"}
COMMAND: POST /session/293c5cce68a4e627b0c1e3a644c6160b/elements - {"using":"xpath","value":"//button[@data-kt=\"addButton\"]"}
RESULT: {"using":"xpath","value":"//button[@data-kt=\"addButton\"]"}
COMMAND: POST /session/293c5cce68a4e627b0c1e3a644c6160b/elements - {"using":"xpath","value":"//button[@data-kt=\"addButton\"]"}
RESULT: {"using":"xpath","value":"//button[@data-kt=\"addButton\"]"}
COMMAND: POST /session/293c5cce68a4e627b0c1e3a644c6160b/elements - {"using":"xpath","value":"//button[@data-kt=\"addButton\"]"}
RESULT: {"using":"xpath","value":"//button[@data-kt=\"addButton\"]"}
COMMAND: POST /session/293c5cce68a4e627b0c1e3a644c6160b/elements - {"using":"xpath","value":"//button[@data-kt=\"addButton\"]"}
RESULT: {"using":"xpath","value":"//button[@data-kt=\"addButton\"]"}
COMMAND: POST /session/293c5cce68a4e627b0c1e3a644c6160b/elements - {"using":"xpath","value":"//button[@data-kt=\"addButton\"]"}
RESULT: {"using":"xpath","value":"//button[@data-kt=\"addButton\"]"}
COMMAND: POST /session/293c5cce68a4e627b0c1e3a644c6160b/elements - {"using":"xpath","value":"//button[@data-kt=\"addButton\"]"}
RESULT: {"using":"xpath","value":"//button[@data-kt=\"addButton\"]"}
COMMAND: POST /session/293c5cce68a4e627b0c1e3a644c6160b/elements - {"using":"xpath","value":"//button[@data-kt=\"addButton\"]"}
RESULT: {"using":"xpath","value":"//button[@data-kt=\"addButton\"]"}
COMMAND: POST /session/293c5cce68a4e627b0c1e3a644c6160b/elements - {"using":"xpath","value":"//button[@data-kt=\"addButton\"]"}
RESULT: {"using":"xpath","value":"//button[@data-kt=\"addButton\"]"}
COMMAND: POST /session/293c5cce68a4e627b0c1e3a644c6160b/elements - {"using":"xpath","value":"//button[@data-kt=\"addButton\"]"}
RESULT: {"using":"xpath","value":"//button[@data-kt=\"addButton\"]"}
COMMAND: POST /session/293c5cce68a4e627b0c1e3a644c6160b/element - {"using":"xpath","value":"//button[@data-kt=\"addButton\"]"}
RESULT: {"using":"xpath","value":"//button[@data-kt=\"addButton\"]"}
COMMAND: POST /session/293c5cce68a4e627b0c1e3a644c6160b/execute/sync - {"script":"<script> [8489 bytes]","args":[{"element-6066-11e4-a52e-4f735466cecf":"f.01782A26726534229B57CD9AA69B47B8.d.DBC8E12D5B3EE852E059978A9F3E79A8.e.7209","ELEMENT":"f.01782A26726534229B57CD9AA69B47B8.d.DBC8E12D5B3EE852E059978A9F3E79A8.e.7209"}]}
RESULT: {"script":"<script> [8489 bytes]","args":[{"element-6066-11e4-a52e-4f735466cecf":"f.01782A26726534229B57CD9AA69B47B8.d.DBC8E12D5B3EE852E059978A9F3E79A8.e.7209","ELEMENT":"f.01782A26726534229B57CD9AA69B47B8.d.DBC8E12D5B3EE852E059978A9F3E79A8.e.7209"}]}
COMMAND: GET /session/293c5cce68a4e627b0c1e3a644c6160b/element/f.01782A26726534229B57CD9AA69B47B8.d.DBC8E12D5B3EE852E059978A9F3E79A8.e.7209/enabled - {}
COMMAND: GET /session/293c5cce68a4e627b0c1e3a644c6160b/screenshot - {}
RESULT: {}
COMMAND: POST /session/293c5cce68a4e627b0c1e3a644c6160b/execute/sync - {"script":"<script> [8489 bytes]","args":[{"element-6066-11e4-a52e-4f735466cecf":"f.01782A26726534229B57CD9AA69B47B8.d.DBC8E12D5B3EE852E059978A9F3E79A8.e.7209","ELEMENT":"f.01782A26726534229B57CD9AA69B47B8.d.DBC8E12D5B3EE852E059978A9F3E79A8.e.7209"}]}
COMMAND: GET /session/293c5cce68a4e627b0c1e3a644c6160b/screenshot - {}
RESULT: {}
RESULT: {"script":"<script> [8489 bytes]","args":[{"element-6066-11e4-a52e-4f735466cecf":"f.01782A26726534229B57CD9AA69B47B8.d.DBC8E12D5B3EE852E059978A9F3E79A8.e.7209","ELEMENT":"f.01782A26726534229B57CD9AA69B47B8.d.DBC8E12D5B3EE852E059978A9F3E79A8.e.7209"}]}
COMMAND: POST /session/293c5cce68a4e627b0c1e3a644c6160b/execute/sync - {"script":"<script> [5351 bytes]","args":[{"element-6066-11e4-a52e-4f735466cecf":"f.01782A26726534229B57CD9AA69B47B8.d.DBC8E12D5B3EE852E059978A9F3E79A8.e.7209","ELEMENT":"f.01782A26726534229B57CD9AA69B47B8.d.DBC8E12D5B3EE852E059978A9F3E79A8.e.7209"}]}
COMMAND: GET /session/293c5cce68a4e627b0c1e3a644c6160b/screenshot - {}
RESULT: {}
RESULT: {"script":"<script> [5351 bytes]","args":[{"element-6066-11e4-a52e-4f735466cecf":"f.01782A26726534229B57CD9AA69B47B8.d.DBC8E12D5B3EE852E059978A9F3E79A8.e.7209","ELEMENT":"f.01782A26726534229B57CD9AA69B47B8.d.DBC8E12D5B3EE852E059978A9F3E79A8.e.7209"}]}
COMMAND: POST /session/293c5cce68a4e627b0c1e3a644c6160b/element/f.01782A26726534229B57CD9AA69B47B8.d.DBC8E12D5B3EE852E059978A9F3E79A8.e.7209/click - {}
COMMAND: GET /session/293c5cce68a4e627b0c1e3a644c6160b/screenshot - {}
RESULT: {}
RESULT: {}
COMMAND: GET /session/293c5cce68a4e627b0c1e3a644c6160b/screenshot - {}
RESULT: {}
COMMAND: POST /session/293c5cce68a4e627b0c1e3a644c6160b/execute/async - {"script":"<script> [1562 bytes]","args":[{"selector":{"id":"application-managepartners-display-component---NewPartner--addressDetailDetailsName1","interaction":{"idSuffix":"inner"}},"wdio_ui5_key":"applicationmanagepartners-display-component---NewPartner--addressDetailDetailsName1"}]}
RESULT: {}
RESULT: {"script":"<script> [1562 bytes]","args":[{"selector":{"id":"application-managepartners-display-component---NewPartner--addressDetailDetailsName1","interaction":{"idSuffix":"inner"}},"wdio_ui5_key":"applicationmanagepartners-display-component---NewPartner--addressDetailDetailsName1"}]}
RESULT: undefined
COMMAND: POST /session/293c5cce68a4e627b0c1e3a644c6160b/execute/async - {"script":"<script> [776 bytes]","args":[{"enterText":"External Partner WDIO","selector":{"id":"application-managepartners-display-component---NewPartner--addressDetailDetailsName1","interaction":{"idSuffix":"inner"}},"clearTextFirst":true,"interactionType":"ENTER_TEXT"}]}
RESULT: {"script":"<script> [776 bytes]","args":[{"enterText":"External Partner WDIO","selector":{"id":"application-managepartners-display-component---NewPartner--addressDetailDetailsName1","interaction":{"idSuffix":"inner"}},"clearTextFirst":true,"interactionType":"ENTER_TEXT"}]}
COMMAND: POST /session/293c5cce68a4e627b0c1e3a644c6160b/execute/async - {"script":"<script> [1562 bytes]","args":[{"selector":{"id":"application-managepartners-display-component---NewPartner--addressDetailDetailsLanguage-arrow"},"wdio_ui5_key":"applicationmanagepartners-display-component---NewPartner--addressDetailDetailsLanguage-arrow"}]}
RESULT: {"script":"<script> [1562 bytes]","args":[{"selector":{"id":"application-managepartners-display-component---NewPartner--addressDetailDetailsLanguage-arrow"},"wdio_ui5_key":"applicationmanagepartners-display-component---NewPartner--addressDetailDetailsLanguage-arrow"}]}
RESULT: undefined
COMMAND: POST /session/293c5cce68a4e627b0c1e3a644c6160b/element - {"using":"xpath","value":"//*[@id=\"application-managepartners-display-component---NewPartner--addressDetailDetailsLanguage-arrow\"]"}
RESULT: {"using":"xpath","value":"//*[@id=\"application-managepartners-display-component---NewPartner--addressDetailDetailsLanguage-arrow\"]"}
COMMAND: POST /session/293c5cce68a4e627b0c1e3a644c6160b/element/f.01782A26726534229B57CD9AA69B47B8.d.DBC8E12D5B3EE852E059978A9F3E79A8.e.7560/click - {}
RESULT: {}
COMMAND: POST /session/293c5cce68a4e627b0c1e3a644c6160b/element - {"using":"xpath","value":"//span[contains(text(), \"English\")]"}
COMMAND: GET /session/293c5cce68a4e627b0c1e3a644c6160b/screenshot - {}
RESULT: {"using":"xpath","value":"//span[contains(text(), \"English\")]"}
COMMAND: POST /session/293c5cce68a4e627b0c1e3a644c6160b/element/f.01782A26726534229B57CD9AA69B47B8.d.DBC8E12D5B3EE852E059978A9F3E79A8.e.7561/click - {}
RESULT: {}
RESULT: {}
COMMAND: GET /session/293c5cce68a4e627b0c1e3a644c6160b/screenshot - {}
RESULT: {}
COMMAND: POST /session/293c5cce68a4e627b0c1e3a644c6160b/execute/async - {"script":"<script> [1562 bytes]","args":[{"selector":{"id":"application-managepartners-display-component---NewPartner--addressDetailDetailsCity1","interaction":{"idSuffix":"inner"}},"wdio_ui5_key":"applicationmanagepartners-display-component---NewPartner--addressDetailDetailsCity1"}]}
RESULT: {"script":"<script> [1562 bytes]","args":[{"selector":{"id":"application-managepartners-display-component---NewPartner--addressDetailDetailsCity1","interaction":{"idSuffix":"inner"}},"wdio_ui5_key":"applicationmanagepartners-display-component---NewPartner--addressDetailDetailsCity1"}]}
RESULT: undefined
COMMAND: POST /session/293c5cce68a4e627b0c1e3a644c6160b/execute/async - {"script":"<script> [776 bytes]","args":[{"enterText":"Rosario","selector":{"id":"application-managepartners-display-component---NewPartner--addressDetailDetailsCity1","interaction":{"idSuffix":"inner"}},"clearTextFirst":true,"interactionType":"ENTER_TEXT"}]}
RESULT: {"script":"<script> [776 bytes]","args":[{"enterText":"Rosario","selector":{"id":"application-managepartners-display-component---NewPartner--addressDetailDetailsCity1","interaction":{"idSuffix":"inner"}},"clearTextFirst":true,"interactionType":"ENTER_TEXT"}]}
COMMAND: POST /session/293c5cce68a4e627b0c1e3a644c6160b/execute/async - {"script":"<script> [1562 bytes]","args":[{"selector":{"id":"application-managepartners-display-component---NewPartner--addressDetailDetailsCountry-arrow"},"wdio_ui5_key":"applicationmanagepartners-display-component---NewPartner--addressDetailDetailsCountry-arrow"}]}
RESULT: {"script":"<script> [1562 bytes]","args":[{"selector":{"id":"application-managepartners-display-component---NewPartner--addressDetailDetailsCountry-arrow"},"wdio_ui5_key":"applicationmanagepartners-display-component---NewPartner--addressDetailDetailsCountry-arrow"}]}
RESULT: undefined
COMMAND: POST /session/293c5cce68a4e627b0c1e3a644c6160b/element - {"using":"xpath","value":"//*[@id=\"application-managepartners-display-component---NewPartner--addressDetailDetailsCountry-arrow\"]"}
RESULT: {"using":"xpath","value":"//*[@id=\"application-managepartners-display-component---NewPartner--addressDetailDetailsCountry-arrow\"]"}
COMMAND: POST /session/293c5cce68a4e627b0c1e3a644c6160b/element/f.01782A26726534229B57CD9AA69B47B8.d.DBC8E12D5B3EE852E059978A9F3E79A8.e.7547/click - {}
RESULT: {}
COMMAND: POST /session/293c5cce68a4e627b0c1e3a644c6160b/element - {"using":"xpath","value":"//span[contains(text(), \"Argentina\")]"}
COMMAND: GET /session/293c5cce68a4e627b0c1e3a644c6160b/screenshot - {}
RESULT: {"using":"xpath","value":"//span[contains(text(), \"Argentina\")]"}
COMMAND: POST /session/293c5cce68a4e627b0c1e3a644c6160b/element/f.01782A26726534229B57CD9AA69B47B8.d.DBC8E12D5B3EE852E059978A9F3E79A8.e.7563/click - {}
RESULT: {}
RESULT: {}
COMMAND: GET /session/293c5cce68a4e627b0c1e3a644c6160b/screenshot - {}
RESULT: {}
COMMAND: POST /session/293c5cce68a4e627b0c1e3a644c6160b/element - {"using":"xpath","value":"//bdi[contains(text(), \"Commercial\")]"}
RESULT: {"using":"xpath","value":"//bdi[contains(text(), \"Commercial\")]"}
COMMAND: POST /session/293c5cce68a4e627b0c1e3a644c6160b/element/f.01782A26726534229B57CD9AA69B47B8.d.DBC8E12D5B3EE852E059978A9F3E79A8.e.7564/click - {}
RESULT: {}
COMMAND: GET /session/293c5cce68a4e627b0c1e3a644c6160b/screenshot - {}
RESULT: {}
COMMAND: POST /session/293c5cce68a4e627b0c1e3a644c6160b/execute/async - {"script":"<script> [1562 bytes]","args":[{"selector":{"id":"application-managepartners-display-component---NewPartner--partnerDetailInternal-arrow"},"wdio_ui5_key":"applicationmanagepartners-display-component---NewPartner--partnerDetailInternal-arrow"}]}
RESULT: {"script":"<script> [1562 bytes]","args":[{"selector":{"id":"application-managepartners-display-component---NewPartner--partnerDetailInternal-arrow"},"wdio_ui5_key":"applicationmanagepartners-display-component---NewPartner--partnerDetailInternal-arrow"}]}
RESULT: undefined
COMMAND: POST /session/293c5cce68a4e627b0c1e3a644c6160b/element - {"using":"xpath","value":"//*[@id=\"application-managepartners-display-component---NewPartner--partnerDetailInternal-arrow\"]"}
RESULT: {"using":"xpath","value":"//*[@id=\"application-managepartners-display-component---NewPartner--partnerDetailInternal-arrow\"]"}
COMMAND: POST /session/293c5cce68a4e627b0c1e3a644c6160b/element/f.01782A26726534229B57CD9AA69B47B8.d.DBC8E12D5B3EE852E059978A9F3E79A8.e.7570/click - {}
RESULT: {}
COMMAND: POST /session/293c5cce68a4e627b0c1e3a644c6160b/element - {"using":"xpath","value":"//span[contains(text(), \"External partner\")]"}
COMMAND: GET /session/293c5cce68a4e627b0c1e3a644c6160b/screenshot - {}
RESULT: {"using":"xpath","value":"//span[contains(text(), \"External partner\")]"}
COMMAND: POST /session/293c5cce68a4e627b0c1e3a644c6160b/element/f.01782A26726534229B57CD9AA69B47B8.d.DBC8E12D5B3EE852E059978A9F3E79A8.e.7573/click - {}
RESULT: {}
RESULT: {}
COMMAND: POST /session/293c5cce68a4e627b0c1e3a644c6160b/execute/async - {"script":"<script> [1562 bytes]","args":[{"selector":{"id":"application-managepartners-display-component---NewPartner--partnerDetailsCurrency-arrow"},"wdio_ui5_key":"applicationmanagepartners-display-component---NewPartner--partnerDetailsCurrency-arrow"}]}
COMMAND: GET /session/293c5cce68a4e627b0c1e3a644c6160b/screenshot - {}
RESULT: {"script":"<script> [1562 bytes]","args":[{"selector":{"id":"application-managepartners-display-component---NewPartner--partnerDetailsCurrency-arrow"},"wdio_ui5_key":"applicationmanagepartners-display-component---NewPartner--partnerDetailsCurrency-arrow"}]}
RESULT: undefined
COMMAND: POST /session/293c5cce68a4e627b0c1e3a644c6160b/element - {"using":"xpath","value":"//*[@id=\"application-managepartners-display-component---NewPartner--partnerDetailsCurrency-arrow\"]"}
RESULT: {}
RESULT: {"using":"xpath","value":"//*[@id=\"application-managepartners-display-component---NewPartner--partnerDetailsCurrency-arrow\"]"}
COMMAND: POST /session/293c5cce68a4e627b0c1e3a644c6160b/element/f.01782A26726534229B57CD9AA69B47B8.d.DBC8E12D5B3EE852E059978A9F3E79A8.e.7578/click - {}
RESULT: {}
COMMAND: POST /session/293c5cce68a4e627b0c1e3a644c6160b/element - {"using":"xpath","value":"//span[contains(text(), \"US Dollar\")]"}
COMMAND: GET /session/293c5cce68a4e627b0c1e3a644c6160b/screenshot - {}
RESULT: {"using":"xpath","value":"//span[contains(text(), \"US Dollar\")]"}
COMMAND: POST /session/293c5cce68a4e627b0c1e3a644c6160b/element/f.01782A26726534229B57CD9AA69B47B8.d.DBC8E12D5B3EE852E059978A9F3E79A8.e.7579/click - {}
RESULT: {}
RESULT: {}
COMMAND: GET /session/293c5cce68a4e627b0c1e3a644c6160b/screenshot - {}
RESULT: {}
COMMAND: POST /session/293c5cce68a4e627b0c1e3a644c6160b/element - {"using":"xpath","value":"//input[@id=\"application-managepartners-display-component---NewPartner--companyCodeComboBox-inner\"]"}
RESULT: {"using":"xpath","value":"//input[@id=\"application-managepartners-display-component---NewPartner--companyCodeComboBox-inner\"]"}
COMMAND: POST /session/293c5cce68a4e627b0c1e3a644c6160b/element/f.01782A26726534229B57CD9AA69B47B8.d.DBC8E12D5B3EE852E059978A9F3E79A8.e.7425/clear - {}
RESULT: {}
COMMAND: POST /session/293c5cce68a4e627b0c1e3a644c6160b/element/f.01782A26726534229B57CD9AA69B47B8.d.DBC8E12D5B3EE852E059978A9F3E79A8.e.7425/value - {"text":"C002"}
COMMAND: GET /session/293c5cce68a4e627b0c1e3a644c6160b/screenshot - {}
RESULT: {"text":"C002"}
COMMAND: GET /session/293c5cce68a4e627b0c1e3a644c6160b/screenshot - {}
RESULT: {}
RESULT: {}
COMMAND: POST /session/293c5cce68a4e627b0c1e3a644c6160b/element - {"using":"xpath","value":"//li[.//span[text()= \"C002\"]]"}
RESULT: {"using":"xpath","value":"//li[.//span[text()= \"C002\"]]"}
COMMAND: POST /session/293c5cce68a4e627b0c1e3a644c6160b/element/f.01782A26726534229B57CD9AA69B47B8.d.DBC8E12D5B3EE852E059978A9F3E79A8.e.7583/click - {}
RESULT: {}
COMMAND: GET /session/293c5cce68a4e627b0c1e3a644c6160b/screenshot - {}
RESULT: {}
COMMAND: POST /session/293c5cce68a4e627b0c1e3a644c6160b/execute/async - {"script":"<script> [1562 bytes]","args":[{"selector":{"id":"application-managepartners-display-component---NewPartner--btnAddTableRow-img"},"wdio_ui5_key":"applicationmanagepartners-display-component---NewPartner--btnAddTableRow-img"}]}
RESULT: {"script":"<script> [1562 bytes]","args":[{"selector":{"id":"application-managepartners-display-component---NewPartner--btnAddTableRow-img"},"wdio_ui5_key":"applicationmanagepartners-display-component---NewPartner--btnAddTableRow-img"}]}
RESULT: undefined
COMMAND: POST /session/293c5cce68a4e627b0c1e3a644c6160b/element - {"using":"xpath","value":"//*[@id=\"application-managepartners-display-component---NewPartner--btnAddTableRow-img\"]"}
RESULT: {"using":"xpath","value":"//*[@id=\"application-managepartners-display-component---NewPartner--btnAddTableRow-img\"]"}
COMMAND: POST /session/293c5cce68a4e627b0c1e3a644c6160b/element/f.01782A26726534229B57CD9AA69B47B8.d.DBC8E12D5B3EE852E059978A9F3E79A8.e.7584/click - {}
RESULT: {}
COMMAND: GET /session/293c5cce68a4e627b0c1e3a644c6160b/screenshot - {}
RESULT: {}
COMMAND: POST /session/293c5cce68a4e627b0c1e3a644c6160b/element - {"using":"xpath","value":"//input[@id=\"application-managepartners-display-component---NewPartner--assignmentYard-application-managepartners-display-component---NewPartner--assignmentsTable-0-inner\"]"}
RESULT: {"using":"xpath","value":"//input[@id=\"application-managepartners-display-component---NewPartner--assignmentYard-application-managepartners-display-component---NewPartner--assignmentsTable-0-inner\"]"}
COMMAND: POST /session/293c5cce68a4e627b0c1e3a644c6160b/element/f.01782A26726534229B57CD9AA69B47B8.d.DBC8E12D5B3EE852E059978A9F3E79A8.e.7587/clear - {}
RESULT: {}
COMMAND: POST /session/293c5cce68a4e627b0c1e3a644c6160b/element/f.01782A26726534229B57CD9AA69B47B8.d.DBC8E12D5B3EE852E059978A9F3E79A8.e.7587/value - {"text":"201"}
COMMAND: GET /session/293c5cce68a4e627b0c1e3a644c6160b/screenshot - {}
RESULT: {"text":"201"}
COMMAND: GET /session/293c5cce68a4e627b0c1e3a644c6160b/screenshot - {}
RESULT: {}
RESULT: {}
COMMAND: POST /session/293c5cce68a4e627b0c1e3a644c6160b/element - {"using":"xpath","value":"//li[.//span[text()='201']]"}
RESULT: {"using":"xpath","value":"//li[.//span[text()='201']]"}
COMMAND: POST /session/293c5cce68a4e627b0c1e3a644c6160b/element/f.01782A26726534229B57CD9AA69B47B8.d.DBC8E12D5B3EE852E059978A9F3E79A8.e.7595/click - {}
RESULT: {}
COMMAND: GET /session/293c5cce68a4e627b0c1e3a644c6160b/screenshot - {}
RESULT: {}
COMMAND: POST /session/293c5cce68a4e627b0c1e3a644c6160b/actions - {"actions":[{"id":"action29","type":"key","parameters":{},"actions":[{"type":"keyDown","value":"î€‡"},{"type":"pause","duration":10},{"type":"keyUp","value":"î€‡"}]}]}
RESULT: {"actions":[{"id":"action29","type":"key","parameters":{},"actions":[{"type":"keyDown","value":"î€‡"},{"type":"pause","duration":10},{"type":"keyUp","value":"î€‡"}]}]}
COMMAND: POST /session/293c5cce68a4e627b0c1e3a644c6160b/element - {"using":"xpath","value":"//td[contains(@id, \"assignmentsTable-0-cell2\")]/div/div"}
COMMAND: GET /session/293c5cce68a4e627b0c1e3a644c6160b/screenshot - {}
RESULT: {"using":"xpath","value":"//td[contains(@id, \"assignmentsTable-0-cell2\")]/div/div"}
COMMAND: POST /session/293c5cce68a4e627b0c1e3a644c6160b/element/f.01782A26726534229B57CD9AA69B47B8.d.DBC8E12D5B3EE852E059978A9F3E79A8.e.7598/click - {}
RESULT: {}
RESULT: {}
COMMAND: GET /session/293c5cce68a4e627b0c1e3a644c6160b/screenshot - {}
RESULT: {}
COMMAND: POST /session/293c5cce68a4e627b0c1e3a644c6160b/element - {"using":"xpath","value":"//button[@data-kt=\"saveButton\"]"}
RESULT: {"using":"xpath","value":"//button[@data-kt=\"saveButton\"]"}
COMMAND: POST /session/293c5cce68a4e627b0c1e3a644c6160b/element/f.01782A26726534229B57CD9AA69B47B8.d.DBC8E12D5B3EE852E059978A9F3E79A8.e.7451/click - {}
RESULT: {}
COMMAND: GET /session/293c5cce68a4e627b0c1e3a644c6160b/screenshot - {}
RESULT: {}
COMMAND: POST /session/293c5cce68a4e627b0c1e3a644c6160b/element - {"using":"xpath","value":"//header[contains(@id, 'ObjectPageLayout-headerTitle')]/div[1]/div[2]/div[2]/span[1]"}
RESULT: {"using":"xpath","value":"//header[contains(@id, 'ObjectPageLayout-headerTitle')]/div[1]/div[2]/div[2]/span[1]"}
COMMAND: POST /session/293c5cce68a4e627b0c1e3a644c6160b/elements - {"using":"xpath","value":"//header[contains(@id, 'ObjectPageLayout-headerTitle')]/div[1]/div[2]/div[2]/span[1]"}
RESULT: {"using":"xpath","value":"//header[contains(@id, 'ObjectPageLayout-headerTitle')]/div[1]/div[2]/div[2]/span[1]"}
COMMAND: POST /session/293c5cce68a4e627b0c1e3a644c6160b/execute/sync - {"script":"<script> [56 bytes]","args":[{"element-6066-11e4-a52e-4f735466cecf":"f.01782A26726534229B57CD9AA69B47B8.d.DBC8E12D5B3EE852E059978A9F3E79A8.e.7716","ELEMENT":"f.01782A26726534229B57CD9AA69B47B8.d.DBC8E12D5B3EE852E059978A9F3E79A8.e.7716"}]}
RESULT: {"script":"<script> [56 bytes]","args":[{"element-6066-11e4-a52e-4f735466cecf":"f.01782A26726534229B57CD9AA69B47B8.d.DBC8E12D5B3EE852E059978A9F3E79A8.e.7716","ELEMENT":"f.01782A26726534229B57CD9AA69B47B8.d.DBC8E12D5B3EE852E059978A9F3E79A8.e.7716"}]}
COMMAND: POST /session/293c5cce68a4e627b0c1e3a644c6160b/element - {"using":"css selector","value":"#shell-header-logo"}
COMMAND: GET /session/293c5cce68a4e627b0c1e3a644c6160b/screenshot - {}
RESULT: {"using":"css selector","value":"#shell-header-logo"}
COMMAND: POST /session/293c5cce68a4e627b0c1e3a644c6160b/element/f.01782A26726534229B57CD9AA69B47B8.d.DBC8E12D5B3EE852E059978A9F3E79A8.e.7164/click - {}
RESULT: {}
RESULT: {}
COMMAND: GET /session/293c5cce68a4e627b0c1e3a644c6160b/screenshot - {}
RESULT: {}
COMMAND: POST /session/293c5cce68a4e627b0c1e3a644c6160b/execute/sync - {"script":"<script> [299 bytes]","args":[["getModel","getResource"]]}
RESULT: {"script":"<script> [299 bytes]","args":[["getModel","getResource"]]}
]]></system-out>
    </testcase>
    <testcase classname="chrome.136_0_7103_49.windows.Provide_to_Site_w/o_warehouse_management_w/_clarification_US116605" name="Should create a new site" time="86.651">
      <system-out><![CDATA[
COMMAND: GET /session/293c5cce68a4e627b0c1e3a644c6160b/screenshot - {}
COMMAND: POST /session/293c5cce68a4e627b0c1e3a644c6160b/execute/async - {"script":"<script> [1562 bytes]","args":[{"selector":{"controlType":"sap.m.TileContent","bindingPath":{"path":"","propertyPath":"/properties/info"},"ancestor":{"controlType":"sap.m.GenericTile","properties":{"header":"Manage Sites"}}},"wdio_ui5_key":"sapm.TileContent{\"path\":\"\",\"propertyPath\":\"/properties/info\"}{\"controlType\":\"sap.m.GenericTile\",\"properties\":{\"header\":\"Manage Sites\"}}"}]}
RESULT: {}
RESULT: {"script":"<script> [1562 bytes]","args":[{"selector":{"controlType":"sap.m.TileContent","bindingPath":{"path":"","propertyPath":"/properties/info"},"ancestor":{"controlType":"sap.m.GenericTile","properties":{"header":"Manage Sites"}}},"wdio_ui5_key":"sapm.TileContent{\"path\":\"\",\"propertyPath\":\"/properties/info\"}{\"controlType\":\"sap.m.GenericTile\",\"properties\":{\"header\":\"Manage Sites\"}}"}]}
RESULT: undefined
COMMAND: POST /session/293c5cce68a4e627b0c1e3a644c6160b/element - {"using":"xpath","value":"//*[@id=\"__xmlview7--numericTileContent\"]"}
RESULT: {"using":"xpath","value":"//*[@id=\"__xmlview7--numericTileContent\"]"}
COMMAND: POST /session/293c5cce68a4e627b0c1e3a644c6160b/element/f.01782A26726534229B57CD9AA69B47B8.d.DBC8E12D5B3EE852E059978A9F3E79A8.e.7718/click - {}
RESULT: {}
COMMAND: POST /session/293c5cce68a4e627b0c1e3a644c6160b/element - {"using":"xpath","value":"//button[@data-kt=\"addOverflowToolbarButton\"]"}
COMMAND: GET /session/293c5cce68a4e627b0c1e3a644c6160b/screenshot - {}
RESULT: {"using":"xpath","value":"//button[@data-kt=\"addOverflowToolbarButton\"]"}
COMMAND: POST /session/293c5cce68a4e627b0c1e3a644c6160b/elements - {"using":"xpath","value":"//button[@data-kt=\"addOverflowToolbarButton\"]"}
RESULT: {}
RESULT: {"using":"xpath","value":"//button[@data-kt=\"addOverflowToolbarButton\"]"}
COMMAND: POST /session/293c5cce68a4e627b0c1e3a644c6160b/element - {"using":"xpath","value":"//button[@data-kt=\"addOverflowToolbarButton\"]"}
RESULT: {"using":"xpath","value":"//button[@data-kt=\"addOverflowToolbarButton\"]"}
COMMAND: POST /session/293c5cce68a4e627b0c1e3a644c6160b/execute/sync - {"script":"<script> [8489 bytes]","args":[{"element-6066-11e4-a52e-4f735466cecf":"f.01782A26726534229B57CD9AA69B47B8.d.DBC8E12D5B3EE852E059978A9F3E79A8.e.7764","ELEMENT":"f.01782A26726534229B57CD9AA69B47B8.d.DBC8E12D5B3EE852E059978A9F3E79A8.e.7764"}]}
RESULT: {"script":"<script> [8489 bytes]","args":[{"element-6066-11e4-a52e-4f735466cecf":"f.01782A26726534229B57CD9AA69B47B8.d.DBC8E12D5B3EE852E059978A9F3E79A8.e.7764","ELEMENT":"f.01782A26726534229B57CD9AA69B47B8.d.DBC8E12D5B3EE852E059978A9F3E79A8.e.7764"}]}
COMMAND: GET /session/293c5cce68a4e627b0c1e3a644c6160b/element/f.01782A26726534229B57CD9AA69B47B8.d.DBC8E12D5B3EE852E059978A9F3E79A8.e.7764/enabled - {}
COMMAND: GET /session/293c5cce68a4e627b0c1e3a644c6160b/screenshot - {}
RESULT: {}
COMMAND: POST /session/293c5cce68a4e627b0c1e3a644c6160b/execute/sync - {"script":"<script> [8489 bytes]","args":[{"element-6066-11e4-a52e-4f735466cecf":"f.01782A26726534229B57CD9AA69B47B8.d.DBC8E12D5B3EE852E059978A9F3E79A8.e.7764","ELEMENT":"f.01782A26726534229B57CD9AA69B47B8.d.DBC8E12D5B3EE852E059978A9F3E79A8.e.7764"}]}
COMMAND: GET /session/293c5cce68a4e627b0c1e3a644c6160b/screenshot - {}
RESULT: {}
RESULT: {"script":"<script> [8489 bytes]","args":[{"element-6066-11e4-a52e-4f735466cecf":"f.01782A26726534229B57CD9AA69B47B8.d.DBC8E12D5B3EE852E059978A9F3E79A8.e.7764","ELEMENT":"f.01782A26726534229B57CD9AA69B47B8.d.DBC8E12D5B3EE852E059978A9F3E79A8.e.7764"}]}
COMMAND: POST /session/293c5cce68a4e627b0c1e3a644c6160b/execute/sync - {"script":"<script> [5351 bytes]","args":[{"element-6066-11e4-a52e-4f735466cecf":"f.01782A26726534229B57CD9AA69B47B8.d.DBC8E12D5B3EE852E059978A9F3E79A8.e.7764","ELEMENT":"f.01782A26726534229B57CD9AA69B47B8.d.DBC8E12D5B3EE852E059978A9F3E79A8.e.7764"}]}
COMMAND: GET /session/293c5cce68a4e627b0c1e3a644c6160b/screenshot - {}
RESULT: {}
RESULT: {"script":"<script> [5351 bytes]","args":[{"element-6066-11e4-a52e-4f735466cecf":"f.01782A26726534229B57CD9AA69B47B8.d.DBC8E12D5B3EE852E059978A9F3E79A8.e.7764","ELEMENT":"f.01782A26726534229B57CD9AA69B47B8.d.DBC8E12D5B3EE852E059978A9F3E79A8.e.7764"}]}
COMMAND: POST /session/293c5cce68a4e627b0c1e3a644c6160b/element/f.01782A26726534229B57CD9AA69B47B8.d.DBC8E12D5B3EE852E059978A9F3E79A8.e.7764/click - {}
COMMAND: GET /session/293c5cce68a4e627b0c1e3a644c6160b/screenshot - {}
RESULT: {}
RESULT: {}
COMMAND: GET /session/293c5cce68a4e627b0c1e3a644c6160b/screenshot - {}
RESULT: {}
RESULT: {}
COMMAND: POST /session/293c5cce68a4e627b0c1e3a644c6160b/element - {"using":"xpath","value":"//input[@id=\"application-managesites-display-component---NewSite--siteId-inner\"]"}
RESULT: {"using":"xpath","value":"//input[@id=\"application-managesites-display-component---NewSite--siteId-inner\"]"}
COMMAND: POST /session/293c5cce68a4e627b0c1e3a644c6160b/element - {"using":"xpath","value":"//input[@id=\"application-managesites-display-component---NewSite--siteId-inner\"]"}
RESULT: {"using":"xpath","value":"//input[@id=\"application-managesites-display-component---NewSite--siteId-inner\"]"}
COMMAND: POST /session/293c5cce68a4e627b0c1e3a644c6160b/execute/async - {"script":"<script> [1562 bytes]","args":[{"selector":{"id":"application-managesites-display-component---NewSite--addressDetailDetailsName1","interaction":{"idSuffix":"inner"}},"wdio_ui5_key":"applicationmanagesites-display-component---NewSite--addressDetailDetailsName1"}]}
RESULT: {"script":"<script> [1562 bytes]","args":[{"selector":{"id":"application-managesites-display-component---NewSite--addressDetailDetailsName1","interaction":{"idSuffix":"inner"}},"wdio_ui5_key":"applicationmanagesites-display-component---NewSite--addressDetailDetailsName1"}]}
RESULT: undefined
COMMAND: POST /session/293c5cce68a4e627b0c1e3a644c6160b/execute/async - {"script":"<script> [776 bytes]","args":[{"enterText":"Other Type Site WDIO","selector":{"id":"application-managesites-display-component---NewSite--addressDetailDetailsName1","interaction":{"idSuffix":"inner"}},"clearTextFirst":true,"interactionType":"ENTER_TEXT"}]}
RESULT: {"script":"<script> [776 bytes]","args":[{"enterText":"Other Type Site WDIO","selector":{"id":"application-managesites-display-component---NewSite--addressDetailDetailsName1","interaction":{"idSuffix":"inner"}},"clearTextFirst":true,"interactionType":"ENTER_TEXT"}]}
COMMAND: POST /session/293c5cce68a4e627b0c1e3a644c6160b/execute/async - {"script":"<script> [1562 bytes]","args":[{"selector":{"id":"application-managesites-display-component---NewSite--addressDetailDetailsLanguage-arrow"},"wdio_ui5_key":"applicationmanagesites-display-component---NewSite--addressDetailDetailsLanguage-arrow"}]}
RESULT: {"script":"<script> [1562 bytes]","args":[{"selector":{"id":"application-managesites-display-component---NewSite--addressDetailDetailsLanguage-arrow"},"wdio_ui5_key":"applicationmanagesites-display-component---NewSite--addressDetailDetailsLanguage-arrow"}]}
RESULT: undefined
COMMAND: POST /session/293c5cce68a4e627b0c1e3a644c6160b/element - {"using":"xpath","value":"//*[@id=\"application-managesites-display-component---NewSite--addressDetailDetailsLanguage-arrow\"]"}
RESULT: {"using":"xpath","value":"//*[@id=\"application-managesites-display-component---NewSite--addressDetailDetailsLanguage-arrow\"]"}
COMMAND: POST /session/293c5cce68a4e627b0c1e3a644c6160b/element/f.01782A26726534229B57CD9AA69B47B8.d.DBC8E12D5B3EE852E059978A9F3E79A8.e.8144/click - {}
RESULT: {}
COMMAND: POST /session/293c5cce68a4e627b0c1e3a644c6160b/element - {"using":"xpath","value":"//span[contains(text(), \"English\")]"}
COMMAND: GET /session/293c5cce68a4e627b0c1e3a644c6160b/screenshot - {}
RESULT: {"using":"xpath","value":"//span[contains(text(), \"English\")]"}
COMMAND: POST /session/293c5cce68a4e627b0c1e3a644c6160b/element/f.01782A26726534229B57CD9AA69B47B8.d.DBC8E12D5B3EE852E059978A9F3E79A8.e.8145/click - {}
RESULT: {}
RESULT: {}
COMMAND: POST /session/293c5cce68a4e627b0c1e3a644c6160b/execute/async - {"script":"<script> [1562 bytes]","args":[{"selector":{"id":"application-managesites-display-component---NewSite--addressDetailDetailsCity1","interaction":{"idSuffix":"inner"}},"wdio_ui5_key":"applicationmanagesites-display-component---NewSite--addressDetailDetailsCity1"}]}
COMMAND: GET /session/293c5cce68a4e627b0c1e3a644c6160b/screenshot - {}
RESULT: {"script":"<script> [1562 bytes]","args":[{"selector":{"id":"application-managesites-display-component---NewSite--addressDetailDetailsCity1","interaction":{"idSuffix":"inner"}},"wdio_ui5_key":"applicationmanagesites-display-component---NewSite--addressDetailDetailsCity1"}]}
RESULT: undefined
COMMAND: POST /session/293c5cce68a4e627b0c1e3a644c6160b/execute/async - {"script":"<script> [776 bytes]","args":[{"enterText":"Rosario","selector":{"id":"application-managesites-display-component---NewSite--addressDetailDetailsCity1","interaction":{"idSuffix":"inner"}},"clearTextFirst":true,"interactionType":"ENTER_TEXT"}]}
RESULT: {}
RESULT: {"script":"<script> [776 bytes]","args":[{"enterText":"Rosario","selector":{"id":"application-managesites-display-component---NewSite--addressDetailDetailsCity1","interaction":{"idSuffix":"inner"}},"clearTextFirst":true,"interactionType":"ENTER_TEXT"}]}
COMMAND: POST /session/293c5cce68a4e627b0c1e3a644c6160b/execute/async - {"script":"<script> [1562 bytes]","args":[{"selector":{"id":"application-managesites-display-component---NewSite--addressDetailDetailsCountry-arrow"},"wdio_ui5_key":"applicationmanagesites-display-component---NewSite--addressDetailDetailsCountry-arrow"}]}
RESULT: {"script":"<script> [1562 bytes]","args":[{"selector":{"id":"application-managesites-display-component---NewSite--addressDetailDetailsCountry-arrow"},"wdio_ui5_key":"applicationmanagesites-display-component---NewSite--addressDetailDetailsCountry-arrow"}]}
RESULT: undefined
COMMAND: POST /session/293c5cce68a4e627b0c1e3a644c6160b/element - {"using":"xpath","value":"//*[@id=\"application-managesites-display-component---NewSite--addressDetailDetailsCountry-arrow\"]"}
RESULT: {"using":"xpath","value":"//*[@id=\"application-managesites-display-component---NewSite--addressDetailDetailsCountry-arrow\"]"}
COMMAND: POST /session/293c5cce68a4e627b0c1e3a644c6160b/element/f.01782A26726534229B57CD9AA69B47B8.d.DBC8E12D5B3EE852E059978A9F3E79A8.e.8147/click - {}
RESULT: {}
COMMAND: POST /session/293c5cce68a4e627b0c1e3a644c6160b/element - {"using":"xpath","value":"//span[contains(text(), \"Argentina\")]"}
COMMAND: GET /session/293c5cce68a4e627b0c1e3a644c6160b/screenshot - {}
RESULT: {"using":"xpath","value":"//span[contains(text(), \"Argentina\")]"}
COMMAND: POST /session/293c5cce68a4e627b0c1e3a644c6160b/element/f.01782A26726534229B57CD9AA69B47B8.d.DBC8E12D5B3EE852E059978A9F3E79A8.e.8148/click - {}
RESULT: {}
RESULT: {}
COMMAND: GET /session/293c5cce68a4e627b0c1e3a644c6160b/screenshot - {}
RESULT: {}
COMMAND: POST /session/293c5cce68a4e627b0c1e3a644c6160b/execute/async - {"script":"<script> [1562 bytes]","args":[{"selector":{"id":"application-managesites-display-component---NewSite--addressEditDetailsCostObjectCstType-arrow"},"wdio_ui5_key":"applicationmanagesites-display-component---NewSite--addressEditDetailsCostObjectCstType-arrow"}]}
RESULT: {"script":"<script> [1562 bytes]","args":[{"selector":{"id":"application-managesites-display-component---NewSite--addressEditDetailsCostObjectCstType-arrow"},"wdio_ui5_key":"applicationmanagesites-display-component---NewSite--addressEditDetailsCostObjectCstType-arrow"}]}
RESULT: undefined
COMMAND: POST /session/293c5cce68a4e627b0c1e3a644c6160b/element - {"using":"xpath","value":"//*[@id=\"application-managesites-display-component---NewSite--addressEditDetailsCostObjectCstType-arrow\"]"}
RESULT: {"using":"xpath","value":"//*[@id=\"application-managesites-display-component---NewSite--addressEditDetailsCostObjectCstType-arrow\"]"}
COMMAND: POST /session/293c5cce68a4e627b0c1e3a644c6160b/element/f.01782A26726534229B57CD9AA69B47B8.d.DBC8E12D5B3EE852E059978A9F3E79A8.e.8151/click - {}
RESULT: {}
COMMAND: POST /session/293c5cce68a4e627b0c1e3a644c6160b/element - {"using":"xpath","value":"//span[contains(text(), \"Cost Center\")]"}
COMMAND: GET /session/293c5cce68a4e627b0c1e3a644c6160b/screenshot - {}
RESULT: {"using":"xpath","value":"//span[contains(text(), \"Cost Center\")]"}
COMMAND: POST /session/293c5cce68a4e627b0c1e3a644c6160b/element/f.01782A26726534229B57CD9AA69B47B8.d.DBC8E12D5B3EE852E059978A9F3E79A8.e.8152/click - {}
RESULT: {}
RESULT: {}
COMMAND: GET /session/293c5cce68a4e627b0c1e3a644c6160b/screenshot - {}
RESULT: {}
COMMAND: POST /session/293c5cce68a4e627b0c1e3a644c6160b/element - {"using":"xpath","value":"//span[@id=\"application-managesites-display-component---NewSite--addressNewCostObjectCstID-vhi\"]"}
RESULT: {"using":"xpath","value":"//span[@id=\"application-managesites-display-component---NewSite--addressNewCostObjectCstID-vhi\"]"}
COMMAND: POST /session/293c5cce68a4e627b0c1e3a644c6160b/execute/sync - {"script":"<script> [8489 bytes]","args":[{"element-6066-11e4-a52e-4f735466cecf":"f.01782A26726534229B57CD9AA69B47B8.d.DBC8E12D5B3EE852E059978A9F3E79A8.e.8157","ELEMENT":"f.01782A26726534229B57CD9AA69B47B8.d.DBC8E12D5B3EE852E059978A9F3E79A8.e.8157"}]}
RESULT: {"script":"<script> [8489 bytes]","args":[{"element-6066-11e4-a52e-4f735466cecf":"f.01782A26726534229B57CD9AA69B47B8.d.DBC8E12D5B3EE852E059978A9F3E79A8.e.8157","ELEMENT":"f.01782A26726534229B57CD9AA69B47B8.d.DBC8E12D5B3EE852E059978A9F3E79A8.e.8157"}]}
COMMAND: POST /session/293c5cce68a4e627b0c1e3a644c6160b/execute/async - {"script":"<script> [1562 bytes]","args":[{"selector":{"id":"application-managesites-display-component---NewSite--addressNewCostObjectCstID-vhi"},"wdio_ui5_key":"applicationmanagesites-display-component---NewSite--addressNewCostObjectCstID-vhi"}]}
COMMAND: GET /session/293c5cce68a4e627b0c1e3a644c6160b/screenshot - {}
RESULT: {"script":"<script> [1562 bytes]","args":[{"selector":{"id":"application-managesites-display-component---NewSite--addressNewCostObjectCstID-vhi"},"wdio_ui5_key":"applicationmanagesites-display-component---NewSite--addressNewCostObjectCstID-vhi"}]}
RESULT: undefined
COMMAND: POST /session/293c5cce68a4e627b0c1e3a644c6160b/element - {"using":"xpath","value":"//*[@id=\"application-managesites-display-component---NewSite--addressNewCostObjectCstID-vhi\"]"}
RESULT: {}
RESULT: {"using":"xpath","value":"//*[@id=\"application-managesites-display-component---NewSite--addressNewCostObjectCstID-vhi\"]"}
COMMAND: POST /session/293c5cce68a4e627b0c1e3a644c6160b/element/f.01782A26726534229B57CD9AA69B47B8.d.DBC8E12D5B3EE852E059978A9F3E79A8.e.8157/click - {}
RESULT: {}
COMMAND: GET /session/293c5cce68a4e627b0c1e3a644c6160b/screenshot - {}
RESULT: {}
RESULT: undefined
COMMAND: POST /session/293c5cce68a4e627b0c1e3a644c6160b/execute/async - {"script":"<script> [776 bytes]","args":[{"enterText":"10001013","selector":{"controlType":"sap.m.SearchField","properties":{"placeholder":"Search"},"searchOpenDialogs":true,"interaction":{"idSuffix":"I"}},"clearTextFirst":true,"interactionType":"ENTER_TEXT"}]}
RESULT: {"script":"<script> [776 bytes]","args":[{"enterText":"10001013","selector":{"controlType":"sap.m.SearchField","properties":{"placeholder":"Search"},"searchOpenDialogs":true,"interaction":{"idSuffix":"I"}},"clearTextFirst":true,"interactionType":"ENTER_TEXT"}]}
COMMAND: POST /session/293c5cce68a4e627b0c1e3a644c6160b/actions - {"actions":[{"id":"action30","type":"key","parameters":{},"actions":[{"type":"keyDown","value":"î€‡"},{"type":"pause","duration":10},{"type":"keyUp","value":"î€‡"}]}]}
RESULT: {"actions":[{"id":"action30","type":"key","parameters":{},"actions":[{"type":"keyDown","value":"î€‡"},{"type":"pause","duration":10},{"type":"keyUp","value":"î€‡"}]}]}
COMMAND: GET /session/293c5cce68a4e627b0c1e3a644c6160b/screenshot - {}
RESULT: {}
COMMAND: POST /session/293c5cce68a4e627b0c1e3a644c6160b/element - {"using":"xpath","value":"//span[contains(text(), \"General Management\")]"}
RESULT: {"using":"xpath","value":"//span[contains(text(), \"General Management\")]"}
COMMAND: POST /session/293c5cce68a4e627b0c1e3a644c6160b/element/f.01782A26726534229B57CD9AA69B47B8.d.DBC8E12D5B3EE852E059978A9F3E79A8.e.8195/click - {}
RESULT: {}
COMMAND: GET /session/293c5cce68a4e627b0c1e3a644c6160b/screenshot - {}
RESULT: {}
COMMAND: POST /session/293c5cce68a4e627b0c1e3a644c6160b/element - {"using":"xpath","value":"//bdi[contains(text(), \"OK\")]"}
RESULT: {"using":"xpath","value":"//bdi[contains(text(), \"OK\")]"}
COMMAND: POST /session/293c5cce68a4e627b0c1e3a644c6160b/element/f.01782A26726534229B57CD9AA69B47B8.d.DBC8E12D5B3EE852E059978A9F3E79A8.e.8196/click - {}
RESULT: {}
COMMAND: GET /session/293c5cce68a4e627b0c1e3a644c6160b/screenshot - {}
RESULT: {}
COMMAND: POST /session/293c5cce68a4e627b0c1e3a644c6160b/element - {"using":"xpath","value":"//input[@id=\"application-managesites-display-component---NewSite--addressDetailDetailsCalendar-inner\"]"}
RESULT: {"using":"xpath","value":"//input[@id=\"application-managesites-display-component---NewSite--addressDetailDetailsCalendar-inner\"]"}
COMMAND: POST /session/293c5cce68a4e627b0c1e3a644c6160b/element/f.01782A26726534229B57CD9AA69B47B8.d.DBC8E12D5B3EE852E059978A9F3E79A8.e.7981/clear - {}
RESULT: {}
COMMAND: POST /session/293c5cce68a4e627b0c1e3a644c6160b/element/f.01782A26726534229B57CD9AA69B47B8.d.DBC8E12D5B3EE852E059978A9F3E79A8.e.7981/value - {"text":"Unit"}
COMMAND: GET /session/293c5cce68a4e627b0c1e3a644c6160b/screenshot - {}
RESULT: {"text":"Unit"}
COMMAND: GET /session/293c5cce68a4e627b0c1e3a644c6160b/screenshot - {}
RESULT: {}
RESULT: {}
COMMAND: POST /session/293c5cce68a4e627b0c1e3a644c6160b/actions - {"actions":[{"id":"action31","type":"key","parameters":{},"actions":[{"type":"keyDown","value":"î€‡"},{"type":"pause","duration":10},{"type":"keyUp","value":"î€‡"}]}]}
RESULT: {"actions":[{"id":"action31","type":"key","parameters":{},"actions":[{"type":"keyDown","value":"î€‡"},{"type":"pause","duration":10},{"type":"keyUp","value":"î€‡"}]}]}
COMMAND: POST /session/293c5cce68a4e627b0c1e3a644c6160b/element - {"using":"xpath","value":"//input[@id=\"application-managesites-display-component---NewSite--addressDetailDetailsYard-inner\"]"}
COMMAND: GET /session/293c5cce68a4e627b0c1e3a644c6160b/screenshot - {}
RESULT: {"using":"xpath","value":"//input[@id=\"application-managesites-display-component---NewSite--addressDetailDetailsYard-inner\"]"}
COMMAND: POST /session/293c5cce68a4e627b0c1e3a644c6160b/element/f.01782A26726534229B57CD9AA69B47B8.d.DBC8E12D5B3EE852E059978A9F3E79A8.e.7982/clear - {}
RESULT: {}
RESULT: {}
COMMAND: POST /session/293c5cce68a4e627b0c1e3a644c6160b/element/f.01782A26726534229B57CD9AA69B47B8.d.DBC8E12D5B3EE852E059978A9F3E79A8.e.7982/value - {"text":"201"}
COMMAND: GET /session/293c5cce68a4e627b0c1e3a644c6160b/screenshot - {}
RESULT: {"text":"201"}
COMMAND: GET /session/293c5cce68a4e627b0c1e3a644c6160b/screenshot - {}
RESULT: {}
RESULT: {}
COMMAND: POST /session/293c5cce68a4e627b0c1e3a644c6160b/element - {"using":"xpath","value":"//li[.//span[text()='201']]"}
RESULT: {"using":"xpath","value":"//li[.//span[text()='201']]"}
COMMAND: POST /session/293c5cce68a4e627b0c1e3a644c6160b/element/f.01782A26726534229B57CD9AA69B47B8.d.DBC8E12D5B3EE852E059978A9F3E79A8.e.8204/click - {}
RESULT: {}
COMMAND: GET /session/293c5cce68a4e627b0c1e3a644c6160b/screenshot - {}
RESULT: {}
COMMAND: POST /session/293c5cce68a4e627b0c1e3a644c6160b/element - {"using":"xpath","value":"//input[@id=\"application-managesites-display-component---NewSite--addressDetailDetailsPartner-inner\"]"}
RESULT: {"using":"xpath","value":"//input[@id=\"application-managesites-display-component---NewSite--addressDetailDetailsPartner-inner\"]"}
COMMAND: POST /session/293c5cce68a4e627b0c1e3a644c6160b/element - {"using":"xpath","value":"//input[@id=\"application-managesites-display-component---NewSite--addressDetailDetailsPartner-inner\"]"}
RESULT: {"using":"xpath","value":"//input[@id=\"application-managesites-display-component---NewSite--addressDetailDetailsPartner-inner\"]"}
COMMAND: POST /session/293c5cce68a4e627b0c1e3a644c6160b/element - {"using":"xpath","value":"//button[@data-kt=\"saveButton\"]"}
RESULT: {"using":"xpath","value":"//button[@data-kt=\"saveButton\"]"}
COMMAND: POST /session/293c5cce68a4e627b0c1e3a644c6160b/element/f.01782A26726534229B57CD9AA69B47B8.d.DBC8E12D5B3EE852E059978A9F3E79A8.e.8049/click - {}
RESULT: {}
COMMAND: GET /session/293c5cce68a4e627b0c1e3a644c6160b/screenshot - {}
RESULT: {}
COMMAND: POST /session/293c5cce68a4e627b0c1e3a644c6160b/element - {"using":"xpath","value":"//header[contains(@id, 'ObjectPageLayout-headerTitle')]/div[1]/div[2]/div[2]/span[1]"}
RESULT: {"using":"xpath","value":"//header[contains(@id, 'ObjectPageLayout-headerTitle')]/div[1]/div[2]/div[2]/span[1]"}
COMMAND: POST /session/293c5cce68a4e627b0c1e3a644c6160b/elements - {"using":"xpath","value":"//header[contains(@id, 'ObjectPageLayout-headerTitle')]/div[1]/div[2]/div[2]/span[1]"}
RESULT: {"using":"xpath","value":"//header[contains(@id, 'ObjectPageLayout-headerTitle')]/div[1]/div[2]/div[2]/span[1]"}
COMMAND: POST /session/293c5cce68a4e627b0c1e3a644c6160b/execute/sync - {"script":"<script> [56 bytes]","args":[{"element-6066-11e4-a52e-4f735466cecf":"f.01782A26726534229B57CD9AA69B47B8.d.DBC8E12D5B3EE852E059978A9F3E79A8.e.8366","ELEMENT":"f.01782A26726534229B57CD9AA69B47B8.d.DBC8E12D5B3EE852E059978A9F3E79A8.e.8366"}]}
RESULT: {"script":"<script> [56 bytes]","args":[{"element-6066-11e4-a52e-4f735466cecf":"f.01782A26726534229B57CD9AA69B47B8.d.DBC8E12D5B3EE852E059978A9F3E79A8.e.8366","ELEMENT":"f.01782A26726534229B57CD9AA69B47B8.d.DBC8E12D5B3EE852E059978A9F3E79A8.e.8366"}]}
COMMAND: POST /session/293c5cce68a4e627b0c1e3a644c6160b/element - {"using":"css selector","value":"#shell-header-logo"}
COMMAND: GET /session/293c5cce68a4e627b0c1e3a644c6160b/screenshot - {}
RESULT: {"using":"css selector","value":"#shell-header-logo"}
COMMAND: POST /session/293c5cce68a4e627b0c1e3a644c6160b/element/f.01782A26726534229B57CD9AA69B47B8.d.DBC8E12D5B3EE852E059978A9F3E79A8.e.7722/click - {}
RESULT: {}
RESULT: {}
COMMAND: GET /session/293c5cce68a4e627b0c1e3a644c6160b/screenshot - {}
RESULT: {}
COMMAND: POST /session/293c5cce68a4e627b0c1e3a644c6160b/execute/sync - {"script":"<script> [299 bytes]","args":[["getModel","getResource"]]}
RESULT: {"script":"<script> [299 bytes]","args":[["getModel","getResource"]]}
COMMAND: GET /session/293c5cce68a4e627b0c1e3a644c6160b/screenshot - {}
]]></system-out>
    </testcase>
    <testcase classname="chrome.136_0_7103_49.windows.Provide_to_Site_w/o_warehouse_management_w/_clarification_US116605" name="Should create a new material" time="106.681">
      <system-out><![CDATA[
COMMAND: POST /session/293c5cce68a4e627b0c1e3a644c6160b/execute/async - {"script":"<script> [1562 bytes]","args":[{"selector":{"controlType":"sap.m.GenericTile","properties":{"header":"Manage Resources"}},"wdio_ui5_key":"sapm.GenericTile{\"header\":\"Manage Resources\"}"}]}
RESULT: {}
RESULT: {"script":"<script> [1562 bytes]","args":[{"selector":{"controlType":"sap.m.GenericTile","properties":{"header":"Manage Resources"}},"wdio_ui5_key":"sapm.GenericTile{\"header\":\"Manage Resources\"}"}]}
RESULT: undefined
COMMAND: POST /session/293c5cce68a4e627b0c1e3a644c6160b/element - {"using":"xpath","value":"//*[@id=\"__tile31\"]"}
RESULT: {"using":"xpath","value":"//*[@id=\"__tile31\"]"}
COMMAND: POST /session/293c5cce68a4e627b0c1e3a644c6160b/element/f.01782A26726534229B57CD9AA69B47B8.d.DBC8E12D5B3EE852E059978A9F3E79A8.e.6286/click - {}
RESULT: {}
COMMAND: POST /session/293c5cce68a4e627b0c1e3a644c6160b/element - {"using":"xpath","value":"//button[@data-kt=\"addNewRUOverflowToolbarButton\"]"}
COMMAND: GET /session/293c5cce68a4e627b0c1e3a644c6160b/screenshot - {}
RESULT: {"using":"xpath","value":"//button[@data-kt=\"addNewRUOverflowToolbarButton\"]"}
COMMAND: POST /session/293c5cce68a4e627b0c1e3a644c6160b/elements - {"using":"xpath","value":"//button[@data-kt=\"addNewRUOverflowToolbarButton\"]"}
RESULT: {}
RESULT: {"using":"xpath","value":"//button[@data-kt=\"addNewRUOverflowToolbarButton\"]"}
COMMAND: POST /session/293c5cce68a4e627b0c1e3a644c6160b/elements - {"using":"xpath","value":"//button[@data-kt=\"addNewRUOverflowToolbarButton\"]"}
RESULT: {"using":"xpath","value":"//button[@data-kt=\"addNewRUOverflowToolbarButton\"]"}
COMMAND: POST /session/293c5cce68a4e627b0c1e3a644c6160b/elements - {"using":"xpath","value":"//button[@data-kt=\"addNewRUOverflowToolbarButton\"]"}
RESULT: {"using":"xpath","value":"//button[@data-kt=\"addNewRUOverflowToolbarButton\"]"}
COMMAND: POST /session/293c5cce68a4e627b0c1e3a644c6160b/elements - {"using":"xpath","value":"//button[@data-kt=\"addNewRUOverflowToolbarButton\"]"}
RESULT: {"using":"xpath","value":"//button[@data-kt=\"addNewRUOverflowToolbarButton\"]"}
COMMAND: POST /session/293c5cce68a4e627b0c1e3a644c6160b/elements - {"using":"xpath","value":"//button[@data-kt=\"addNewRUOverflowToolbarButton\"]"}
RESULT: {"using":"xpath","value":"//button[@data-kt=\"addNewRUOverflowToolbarButton\"]"}
COMMAND: POST /session/293c5cce68a4e627b0c1e3a644c6160b/elements - {"using":"xpath","value":"//button[@data-kt=\"addNewRUOverflowToolbarButton\"]"}
RESULT: {"using":"xpath","value":"//button[@data-kt=\"addNewRUOverflowToolbarButton\"]"}
COMMAND: POST /session/293c5cce68a4e627b0c1e3a644c6160b/elements - {"using":"xpath","value":"//button[@data-kt=\"addNewRUOverflowToolbarButton\"]"}
RESULT: {"using":"xpath","value":"//button[@data-kt=\"addNewRUOverflowToolbarButton\"]"}
COMMAND: POST /session/293c5cce68a4e627b0c1e3a644c6160b/elements - {"using":"xpath","value":"//button[@data-kt=\"addNewRUOverflowToolbarButton\"]"}
RESULT: {"using":"xpath","value":"//button[@data-kt=\"addNewRUOverflowToolbarButton\"]"}
COMMAND: POST /session/293c5cce68a4e627b0c1e3a644c6160b/elements - {"using":"xpath","value":"//button[@data-kt=\"addNewRUOverflowToolbarButton\"]"}
RESULT: {"using":"xpath","value":"//button[@data-kt=\"addNewRUOverflowToolbarButton\"]"}
COMMAND: POST /session/293c5cce68a4e627b0c1e3a644c6160b/elements - {"using":"xpath","value":"//button[@data-kt=\"addNewRUOverflowToolbarButton\"]"}
RESULT: {"using":"xpath","value":"//button[@data-kt=\"addNewRUOverflowToolbarButton\"]"}
COMMAND: POST /session/293c5cce68a4e627b0c1e3a644c6160b/elements - {"using":"xpath","value":"//button[@data-kt=\"addNewRUOverflowToolbarButton\"]"}
RESULT: {"using":"xpath","value":"//button[@data-kt=\"addNewRUOverflowToolbarButton\"]"}
COMMAND: POST /session/293c5cce68a4e627b0c1e3a644c6160b/elements - {"using":"xpath","value":"//button[@data-kt=\"addNewRUOverflowToolbarButton\"]"}
RESULT: {"using":"xpath","value":"//button[@data-kt=\"addNewRUOverflowToolbarButton\"]"}
COMMAND: POST /session/293c5cce68a4e627b0c1e3a644c6160b/elements - {"using":"xpath","value":"//button[@data-kt=\"addNewRUOverflowToolbarButton\"]"}
RESULT: {"using":"xpath","value":"//button[@data-kt=\"addNewRUOverflowToolbarButton\"]"}
COMMAND: POST /session/293c5cce68a4e627b0c1e3a644c6160b/elements - {"using":"xpath","value":"//button[@data-kt=\"addNewRUOverflowToolbarButton\"]"}
RESULT: {"using":"xpath","value":"//button[@data-kt=\"addNewRUOverflowToolbarButton\"]"}
COMMAND: POST /session/293c5cce68a4e627b0c1e3a644c6160b/elements - {"using":"xpath","value":"//button[@data-kt=\"addNewRUOverflowToolbarButton\"]"}
RESULT: {"using":"xpath","value":"//button[@data-kt=\"addNewRUOverflowToolbarButton\"]"}
COMMAND: POST /session/293c5cce68a4e627b0c1e3a644c6160b/elements - {"using":"xpath","value":"//button[@data-kt=\"addNewRUOverflowToolbarButton\"]"}
RESULT: {"using":"xpath","value":"//button[@data-kt=\"addNewRUOverflowToolbarButton\"]"}
COMMAND: POST /session/293c5cce68a4e627b0c1e3a644c6160b/elements - {"using":"xpath","value":"//button[@data-kt=\"addNewRUOverflowToolbarButton\"]"}
RESULT: {"using":"xpath","value":"//button[@data-kt=\"addNewRUOverflowToolbarButton\"]"}
COMMAND: POST /session/293c5cce68a4e627b0c1e3a644c6160b/elements - {"using":"xpath","value":"//button[@data-kt=\"addNewRUOverflowToolbarButton\"]"}
RESULT: {"using":"xpath","value":"//button[@data-kt=\"addNewRUOverflowToolbarButton\"]"}
COMMAND: POST /session/293c5cce68a4e627b0c1e3a644c6160b/element - {"using":"xpath","value":"//button[@data-kt=\"addNewRUOverflowToolbarButton\"]"}
RESULT: {"using":"xpath","value":"//button[@data-kt=\"addNewRUOverflowToolbarButton\"]"}
COMMAND: POST /session/293c5cce68a4e627b0c1e3a644c6160b/execute/sync - {"script":"<script> [8489 bytes]","args":[{"element-6066-11e4-a52e-4f735466cecf":"f.01782A26726534229B57CD9AA69B47B8.d.DBC8E12D5B3EE852E059978A9F3E79A8.e.8398","ELEMENT":"f.01782A26726534229B57CD9AA69B47B8.d.DBC8E12D5B3EE852E059978A9F3E79A8.e.8398"}]}
RESULT: {"script":"<script> [8489 bytes]","args":[{"element-6066-11e4-a52e-4f735466cecf":"f.01782A26726534229B57CD9AA69B47B8.d.DBC8E12D5B3EE852E059978A9F3E79A8.e.8398","ELEMENT":"f.01782A26726534229B57CD9AA69B47B8.d.DBC8E12D5B3EE852E059978A9F3E79A8.e.8398"}]}
COMMAND: GET /session/293c5cce68a4e627b0c1e3a644c6160b/element/f.01782A26726534229B57CD9AA69B47B8.d.DBC8E12D5B3EE852E059978A9F3E79A8.e.8398/enabled - {}
COMMAND: GET /session/293c5cce68a4e627b0c1e3a644c6160b/screenshot - {}
RESULT: {}
COMMAND: POST /session/293c5cce68a4e627b0c1e3a644c6160b/execute/sync - {"script":"<script> [8489 bytes]","args":[{"element-6066-11e4-a52e-4f735466cecf":"f.01782A26726534229B57CD9AA69B47B8.d.DBC8E12D5B3EE852E059978A9F3E79A8.e.8398","ELEMENT":"f.01782A26726534229B57CD9AA69B47B8.d.DBC8E12D5B3EE852E059978A9F3E79A8.e.8398"}]}
COMMAND: GET /session/293c5cce68a4e627b0c1e3a644c6160b/screenshot - {}
RESULT: {}
RESULT: {"script":"<script> [8489 bytes]","args":[{"element-6066-11e4-a52e-4f735466cecf":"f.01782A26726534229B57CD9AA69B47B8.d.DBC8E12D5B3EE852E059978A9F3E79A8.e.8398","ELEMENT":"f.01782A26726534229B57CD9AA69B47B8.d.DBC8E12D5B3EE852E059978A9F3E79A8.e.8398"}]}
COMMAND: POST /session/293c5cce68a4e627b0c1e3a644c6160b/execute/sync - {"script":"<script> [5351 bytes]","args":[{"element-6066-11e4-a52e-4f735466cecf":"f.01782A26726534229B57CD9AA69B47B8.d.DBC8E12D5B3EE852E059978A9F3E79A8.e.8398","ELEMENT":"f.01782A26726534229B57CD9AA69B47B8.d.DBC8E12D5B3EE852E059978A9F3E79A8.e.8398"}]}
COMMAND: GET /session/293c5cce68a4e627b0c1e3a644c6160b/screenshot - {}
RESULT: {}
RESULT: {"script":"<script> [5351 bytes]","args":[{"element-6066-11e4-a52e-4f735466cecf":"f.01782A26726534229B57CD9AA69B47B8.d.DBC8E12D5B3EE852E059978A9F3E79A8.e.8398","ELEMENT":"f.01782A26726534229B57CD9AA69B47B8.d.DBC8E12D5B3EE852E059978A9F3E79A8.e.8398"}]}
COMMAND: POST /session/293c5cce68a4e627b0c1e3a644c6160b/element/f.01782A26726534229B57CD9AA69B47B8.d.DBC8E12D5B3EE852E059978A9F3E79A8.e.8398/click - {}
COMMAND: GET /session/293c5cce68a4e627b0c1e3a644c6160b/screenshot - {}
RESULT: {}
RESULT: {}
COMMAND: GET /session/293c5cce68a4e627b0c1e3a644c6160b/screenshot - {}
RESULT: {}
RESULT: {}
COMMAND: POST /session/293c5cce68a4e627b0c1e3a644c6160b/execute/async - {"script":"<script> [1562 bytes]","args":[{"selector":{"id":"application-manageresources-display-component---newResourceUnit--TYPE-arrow"},"wdio_ui5_key":"applicationmanageresources-display-component---newResourceUnit--TYPE-arrow"}]}
RESULT: {"script":"<script> [1562 bytes]","args":[{"selector":{"id":"application-manageresources-display-component---newResourceUnit--TYPE-arrow"},"wdio_ui5_key":"applicationmanageresources-display-component---newResourceUnit--TYPE-arrow"}]}
RESULT: undefined
COMMAND: POST /session/293c5cce68a4e627b0c1e3a644c6160b/element - {"using":"xpath","value":"//*[@id=\"application-manageresources-display-component---newResourceUnit--TYPE-arrow\"]"}
RESULT: {"using":"xpath","value":"//*[@id=\"application-manageresources-display-component---newResourceUnit--TYPE-arrow\"]"}
COMMAND: POST /session/293c5cce68a4e627b0c1e3a644c6160b/element/f.01782A26726534229B57CD9AA69B47B8.d.DBC8E12D5B3EE852E059978A9F3E79A8.e.8762/click - {}
RESULT: {}
COMMAND: POST /session/293c5cce68a4e627b0c1e3a644c6160b/element - {"using":"xpath","value":"//input[@id=\"application-manageresources-display-component---newResourceUnit--TYPE-inner\"]"}
COMMAND: GET /session/293c5cce68a4e627b0c1e3a644c6160b/screenshot - {}
RESULT: {"using":"xpath","value":"//input[@id=\"application-manageresources-display-component---newResourceUnit--TYPE-inner\"]"}
COMMAND: POST /session/293c5cce68a4e627b0c1e3a644c6160b/element/f.01782A26726534229B57CD9AA69B47B8.d.DBC8E12D5B3EE852E059978A9F3E79A8.e.8746/clear - {}
RESULT: {}
RESULT: {}
COMMAND: POST /session/293c5cce68a4e627b0c1e3a644c6160b/element/f.01782A26726534229B57CD9AA69B47B8.d.DBC8E12D5B3EE852E059978A9F3E79A8.e.8746/value - {"text":"Material"}
COMMAND: GET /session/293c5cce68a4e627b0c1e3a644c6160b/screenshot - {}
RESULT: {"text":"Material"}
COMMAND: GET /session/293c5cce68a4e627b0c1e3a644c6160b/screenshot - {}
RESULT: {}
RESULT: {}
COMMAND: POST /session/293c5cce68a4e627b0c1e3a644c6160b/actions - {"actions":[{"id":"action32","type":"key","parameters":{},"actions":[{"type":"keyDown","value":"î€‡"},{"type":"pause","duration":10},{"type":"keyUp","value":"î€‡"}]}]}
RESULT: {"actions":[{"id":"action32","type":"key","parameters":{},"actions":[{"type":"keyDown","value":"î€‡"},{"type":"pause","duration":10},{"type":"keyUp","value":"î€‡"}]}]}
COMMAND: POST /session/293c5cce68a4e627b0c1e3a644c6160b/execute/async - {"script":"<script> [1562 bytes]","args":[{"selector":{"id":"application-manageresources-display-component---newResourceUnit--SHORT_TEXT","interaction":{"idSuffix":"inner"}},"wdio_ui5_key":"applicationmanageresources-display-component---newResourceUnit--SHORT_TEXT"}]}
COMMAND: GET /session/293c5cce68a4e627b0c1e3a644c6160b/screenshot - {}
RESULT: {"script":"<script> [1562 bytes]","args":[{"selector":{"id":"application-manageresources-display-component---newResourceUnit--SHORT_TEXT","interaction":{"idSuffix":"inner"}},"wdio_ui5_key":"applicationmanageresources-display-component---newResourceUnit--SHORT_TEXT"}]}
RESULT: undefined
COMMAND: POST /session/293c5cce68a4e627b0c1e3a644c6160b/execute/async - {"script":"<script> [776 bytes]","args":[{"enterText":"Cement WDIO","selector":{"id":"application-manageresources-display-component---newResourceUnit--SHORT_TEXT","interaction":{"idSuffix":"inner"}},"clearTextFirst":true,"interactionType":"ENTER_TEXT"}]}
RESULT: {}
RESULT: {"script":"<script> [776 bytes]","args":[{"enterText":"Cement WDIO","selector":{"id":"application-manageresources-display-component---newResourceUnit--SHORT_TEXT","interaction":{"idSuffix":"inner"}},"clearTextFirst":true,"interactionType":"ENTER_TEXT"}]}
COMMAND: POST /session/293c5cce68a4e627b0c1e3a644c6160b/execute/async - {"script":"<script> [1562 bytes]","args":[{"selector":{"id":"application-manageresources-display-component---newResourceUnit--BASE_UNIT_OF_MEASURE","interaction":{"idSuffix":"inner"}},"wdio_ui5_key":"applicationmanageresources-display-component---newResourceUnit--BASE_UNIT_OF_MEASURE"}]}
RESULT: {"script":"<script> [1562 bytes]","args":[{"selector":{"id":"application-manageresources-display-component---newResourceUnit--BASE_UNIT_OF_MEASURE","interaction":{"idSuffix":"inner"}},"wdio_ui5_key":"applicationmanageresources-display-component---newResourceUnit--BASE_UNIT_OF_MEASURE"}]}
RESULT: undefined
COMMAND: POST /session/293c5cce68a4e627b0c1e3a644c6160b/execute/async - {"script":"<script> [776 bytes]","args":[{"enterText":"Piece","selector":{"id":"application-manageresources-display-component---newResourceUnit--BASE_UNIT_OF_MEASURE","interaction":{"idSuffix":"inner"}},"clearTextFirst":true,"interactionType":"ENTER_TEXT"}]}
RESULT: {"script":"<script> [776 bytes]","args":[{"enterText":"Piece","selector":{"id":"application-manageresources-display-component---newResourceUnit--BASE_UNIT_OF_MEASURE","interaction":{"idSuffix":"inner"}},"clearTextFirst":true,"interactionType":"ENTER_TEXT"}]}
COMMAND: POST /session/293c5cce68a4e627b0c1e3a644c6160b/execute/async - {"script":"<script> [1562 bytes]","args":[{"selector":{"id":"application-manageresources-display-component---newResourceUnit--WEIGHT_UNIT","interaction":{"idSuffix":"inner"}},"wdio_ui5_key":"applicationmanageresources-display-component---newResourceUnit--WEIGHT_UNIT"}]}
RESULT: {"script":"<script> [1562 bytes]","args":[{"selector":{"id":"application-manageresources-display-component---newResourceUnit--WEIGHT_UNIT","interaction":{"idSuffix":"inner"}},"wdio_ui5_key":"applicationmanageresources-display-component---newResourceUnit--WEIGHT_UNIT"}]}
RESULT: undefined
COMMAND: POST /session/293c5cce68a4e627b0c1e3a644c6160b/execute/async - {"script":"<script> [776 bytes]","args":[{"enterText":"Gram","selector":{"id":"application-manageresources-display-component---newResourceUnit--WEIGHT_UNIT","interaction":{"idSuffix":"inner"}},"clearTextFirst":true,"interactionType":"ENTER_TEXT"}]}
RESULT: {"script":"<script> [776 bytes]","args":[{"enterText":"Gram","selector":{"id":"application-manageresources-display-component---newResourceUnit--WEIGHT_UNIT","interaction":{"idSuffix":"inner"}},"clearTextFirst":true,"interactionType":"ENTER_TEXT"}]}
COMMAND: POST /session/293c5cce68a4e627b0c1e3a644c6160b/execute/async - {"script":"<script> [1562 bytes]","args":[{"selector":{"id":"application-manageresources-display-component---newResourceUnit--DIMENSION_UNIT","interaction":{"idSuffix":"inner"}},"wdio_ui5_key":"applicationmanageresources-display-component---newResourceUnit--DIMENSION_UNIT"}]}
RESULT: {"script":"<script> [1562 bytes]","args":[{"selector":{"id":"application-manageresources-display-component---newResourceUnit--DIMENSION_UNIT","interaction":{"idSuffix":"inner"}},"wdio_ui5_key":"applicationmanageresources-display-component---newResourceUnit--DIMENSION_UNIT"}]}
RESULT: undefined
COMMAND: POST /session/293c5cce68a4e627b0c1e3a644c6160b/execute/async - {"script":"<script> [776 bytes]","args":[{"enterText":"Meter","selector":{"id":"application-manageresources-display-component---newResourceUnit--DIMENSION_UNIT","interaction":{"idSuffix":"inner"}},"clearTextFirst":true,"interactionType":"ENTER_TEXT"}]}
RESULT: {"script":"<script> [776 bytes]","args":[{"enterText":"Meter","selector":{"id":"application-manageresources-display-component---newResourceUnit--DIMENSION_UNIT","interaction":{"idSuffix":"inner"}},"clearTextFirst":true,"interactionType":"ENTER_TEXT"}]}
COMMAND: POST /session/293c5cce68a4e627b0c1e3a644c6160b/execute/async - {"script":"<script> [1562 bytes]","args":[{"selector":{"id":"application-manageresources-display-component---newResourceUnit--newRRUPage-anchBar-application-manageresources-display-component---newResourceUnit--control-anchor","interaction":{"idSuffix":"BDI-content"}},"wdio_ui5_key":"applicationmanageresources-display-component---newResourceUnit--newRRUPage-anchBar-application-manageresources-display-component---newResourceUnit--control-anchor"}]}
RESULT: {"script":"<script> [1562 bytes]","args":[{"selector":{"id":"application-manageresources-display-component---newResourceUnit--newRRUPage-anchBar-application-manageresources-display-component---newResourceUnit--control-anchor","interaction":{"idSuffix":"BDI-content"}},"wdio_ui5_key":"applicationmanageresources-display-component---newResourceUnit--newRRUPage-anchBar-application-manageresources-display-component---newResourceUnit--control-anchor"}]}
RESULT: undefined
COMMAND: POST /session/293c5cce68a4e627b0c1e3a644c6160b/element - {"using":"xpath","value":"//*[@id=\"application-manageresources-display-component---newResourceUnit--newRRUPage-anchBar-application-manageresources-display-component---newResourceUnit--control-anchor\"]"}
RESULT: {"using":"xpath","value":"//*[@id=\"application-manageresources-display-component---newResourceUnit--newRRUPage-anchBar-application-manageresources-display-component---newResourceUnit--control-anchor\"]"}
COMMAND: POST /session/293c5cce68a4e627b0c1e3a644c6160b/element/f.01782A26726534229B57CD9AA69B47B8.d.DBC8E12D5B3EE852E059978A9F3E79A8.e.8826/click - {}
RESULT: {}
COMMAND: POST /session/293c5cce68a4e627b0c1e3a644c6160b/execute/async - {"script":"<script> [1562 bytes]","args":[{"selector":{"id":"application-manageresources-display-component---newResourceUnit--PLANNING_GROUP","interaction":{"idSuffix":"inner"}},"wdio_ui5_key":"applicationmanageresources-display-component---newResourceUnit--PLANNING_GROUP"}]}
COMMAND: GET /session/293c5cce68a4e627b0c1e3a644c6160b/screenshot - {}
RESULT: {"script":"<script> [1562 bytes]","args":[{"selector":{"id":"application-manageresources-display-component---newResourceUnit--PLANNING_GROUP","interaction":{"idSuffix":"inner"}},"wdio_ui5_key":"applicationmanageresources-display-component---newResourceUnit--PLANNING_GROUP"}]}
RESULT: undefined
COMMAND: POST /session/293c5cce68a4e627b0c1e3a644c6160b/execute/async - {"script":"<script> [776 bytes]","args":[{"enterText":"Material","selector":{"id":"application-manageresources-display-component---newResourceUnit--PLANNING_GROUP","interaction":{"idSuffix":"inner"}},"clearTextFirst":true,"interactionType":"ENTER_TEXT"}]}
RESULT: {}
RESULT: {"script":"<script> [776 bytes]","args":[{"enterText":"Material","selector":{"id":"application-manageresources-display-component---newResourceUnit--PLANNING_GROUP","interaction":{"idSuffix":"inner"}},"clearTextFirst":true,"interactionType":"ENTER_TEXT"}]}
COMMAND: POST /session/293c5cce68a4e627b0c1e3a644c6160b/execute/async - {"script":"<script> [1562 bytes]","args":[{"selector":{"id":"application-manageresources-display-component---newResourceUnit--PLANNING_INDICATOR","interaction":{"idSuffix":"inner"}},"wdio_ui5_key":"applicationmanageresources-display-component---newResourceUnit--PLANNING_INDICATOR"}]}
RESULT: {"script":"<script> [1562 bytes]","args":[{"selector":{"id":"application-manageresources-display-component---newResourceUnit--PLANNING_INDICATOR","interaction":{"idSuffix":"inner"}},"wdio_ui5_key":"applicationmanageresources-display-component---newResourceUnit--PLANNING_INDICATOR"}]}
RESULT: undefined
COMMAND: POST /session/293c5cce68a4e627b0c1e3a644c6160b/execute/async - {"script":"<script> [776 bytes]","args":[{"enterText":"10 - infinite","selector":{"id":"application-manageresources-display-component---newResourceUnit--PLANNING_INDICATOR","interaction":{"idSuffix":"inner"}},"clearTextFirst":true,"interactionType":"ENTER_TEXT"}]}
RESULT: {"script":"<script> [776 bytes]","args":[{"enterText":"10 - infinite","selector":{"id":"application-manageresources-display-component---newResourceUnit--PLANNING_INDICATOR","interaction":{"idSuffix":"inner"}},"clearTextFirst":true,"interactionType":"ENTER_TEXT"}]}
COMMAND: POST /session/293c5cce68a4e627b0c1e3a644c6160b/element - {"using":"css selector","value":"#application-manageresources-display-component---newResourceUnit--btnAddTimeSegment"}
RESULT: {"using":"css selector","value":"#application-manageresources-display-component---newResourceUnit--btnAddTimeSegment"}
COMMAND: GET /session/293c5cce68a4e627b0c1e3a644c6160b/element/f.01782A26726534229B57CD9AA69B47B8.d.DBC8E12D5B3EE852E059978A9F3E79A8.e.8834/rect - {}
RESULT: {}
COMMAND: GET /session/293c5cce68a4e627b0c1e3a644c6160b/window/rect - {}
RESULT: {}
COMMAND: POST /session/293c5cce68a4e627b0c1e3a644c6160b/execute/sync - {"script":"<script> [92 bytes]","args":[]}
RESULT: {"script":"<script> [92 bytes]","args":[]}
COMMAND: POST /session/293c5cce68a4e627b0c1e3a644c6160b/actions - {"actions":[{"id":"action33","type":"wheel","parameters":{},"actions":[{"type":"scroll","x":-1888,"y":-32,"deltaX":0,"deltaY":0,"duration":0,"origin":{"element-6066-11e4-a52e-4f735466cecf":"f.01782A26726534229B57CD9AA69B47B8.d.DBC8E12D5B3EE852E059978A9F3E79A8.e.8834"}}]}]}
COMMAND: GET /session/293c5cce68a4e627b0c1e3a644c6160b/screenshot - {}
RESULT: {}
COMMAND: POST /session/293c5cce68a4e627b0c1e3a644c6160b/execute/sync - {"script":"<script> [79 bytes]","args":[{"element-6066-11e4-a52e-4f735466cecf":"f.01782A26726534229B57CD9AA69B47B8.d.DBC8E12D5B3EE852E059978A9F3E79A8.e.8834","ELEMENT":"f.01782A26726534229B57CD9AA69B47B8.d.DBC8E12D5B3EE852E059978A9F3E79A8.e.8834"},{"block":"start","inline":"nearest"}]}
RESULT: {"script":"<script> [79 bytes]","args":[{"element-6066-11e4-a52e-4f735466cecf":"f.01782A26726534229B57CD9AA69B47B8.d.DBC8E12D5B3EE852E059978A9F3E79A8.e.8834","ELEMENT":"f.01782A26726534229B57CD9AA69B47B8.d.DBC8E12D5B3EE852E059978A9F3E79A8.e.8834"},{"block":"start","inline":"nearest"}]}
COMMAND: POST /session/293c5cce68a4e627b0c1e3a644c6160b/execute/async - {"script":"<script> [1562 bytes]","args":[{"selector":{"id":"application-manageresources-display-component---newResourceUnit--btnAddTimeSegment","interaction":{"idSuffix":"inner"}},"wdio_ui5_key":"applicationmanageresources-display-component---newResourceUnit--btnAddTimeSegment"}]}
COMMAND: GET /session/293c5cce68a4e627b0c1e3a644c6160b/screenshot - {}
RESULT: {"script":"<script> [1562 bytes]","args":[{"selector":{"id":"application-manageresources-display-component---newResourceUnit--btnAddTimeSegment","interaction":{"idSuffix":"inner"}},"wdio_ui5_key":"applicationmanageresources-display-component---newResourceUnit--btnAddTimeSegment"}]}
RESULT: undefined
COMMAND: POST /session/293c5cce68a4e627b0c1e3a644c6160b/element - {"using":"xpath","value":"//*[@id=\"application-manageresources-display-component---newResourceUnit--btnAddTimeSegment\"]"}
RESULT: {}
RESULT: {"using":"xpath","value":"//*[@id=\"application-manageresources-display-component---newResourceUnit--btnAddTimeSegment\"]"}
COMMAND: POST /session/293c5cce68a4e627b0c1e3a644c6160b/element/f.01782A26726534229B57CD9AA69B47B8.d.DBC8E12D5B3EE852E059978A9F3E79A8.e.8834/click - {}
RESULT: {}
COMMAND: GET /session/293c5cce68a4e627b0c1e3a644c6160b/screenshot - {}
RESULT: {}
COMMAND: POST /session/293c5cce68a4e627b0c1e3a644c6160b/element - {"using":"xpath","value":"//input[@id=\"application-manageresources-display-component---newResourceUnit--idRuTSAdmin-application-manageresources-display-component---newResourceUnit--RUTimeSegment-0-inner\"]"}
RESULT: {"using":"xpath","value":"//input[@id=\"application-manageresources-display-component---newResourceUnit--idRuTSAdmin-application-manageresources-display-component---newResourceUnit--RUTimeSegment-0-inner\"]"}
COMMAND: POST /session/293c5cce68a4e627b0c1e3a644c6160b/element/f.01782A26726534229B57CD9AA69B47B8.d.DBC8E12D5B3EE852E059978A9F3E79A8.e.8839/clear - {}
RESULT: {}
COMMAND: POST /session/293c5cce68a4e627b0c1e3a644c6160b/element/f.01782A26726534229B57CD9AA69B47B8.d.DBC8E12D5B3EE852E059978A9F3E79A8.e.8839/value - {"text":"201"}
COMMAND: GET /session/293c5cce68a4e627b0c1e3a644c6160b/screenshot - {}
RESULT: {"text":"201"}
COMMAND: GET /session/293c5cce68a4e627b0c1e3a644c6160b/screenshot - {}
RESULT: {}
RESULT: {}
COMMAND: POST /session/293c5cce68a4e627b0c1e3a644c6160b/element - {"using":"xpath","value":"//li[.//span[text()='201']]"}
RESULT: {"using":"xpath","value":"//li[.//span[text()='201']]"}
COMMAND: POST /session/293c5cce68a4e627b0c1e3a644c6160b/element/f.01782A26726534229B57CD9AA69B47B8.d.DBC8E12D5B3EE852E059978A9F3E79A8.e.8848/click - {}
RESULT: {}
COMMAND: GET /session/293c5cce68a4e627b0c1e3a644c6160b/screenshot - {}
RESULT: {}
COMMAND: POST /session/293c5cce68a4e627b0c1e3a644c6160b/element - {"using":"xpath","value":"(//span[contains(@id, \"-application-manageresources-display-component---newResourceUnit--RUTimeSegment-0-arrow\")])[2]"}
RESULT: {"using":"xpath","value":"(//span[contains(@id, \"-application-manageresources-display-component---newResourceUnit--RUTimeSegment-0-arrow\")])[2]"}
COMMAND: POST /session/293c5cce68a4e627b0c1e3a644c6160b/element/f.01782A26726534229B57CD9AA69B47B8.d.DBC8E12D5B3EE852E059978A9F3E79A8.e.8849/click - {}
RESULT: {}
COMMAND: POST /session/293c5cce68a4e627b0c1e3a644c6160b/element - {"using":"xpath","value":"//span[contains(text(), \"PM Order\")]"}
COMMAND: GET /session/293c5cce68a4e627b0c1e3a644c6160b/screenshot - {}
RESULT: {"using":"xpath","value":"//span[contains(text(), \"PM Order\")]"}
COMMAND: POST /session/293c5cce68a4e627b0c1e3a644c6160b/element/f.01782A26726534229B57CD9AA69B47B8.d.DBC8E12D5B3EE852E059978A9F3E79A8.e.8850/click - {}
RESULT: {}
RESULT: {}
COMMAND: GET /session/293c5cce68a4e627b0c1e3a644c6160b/screenshot - {}
RESULT: {}
COMMAND: POST /session/293c5cce68a4e627b0c1e3a644c6160b/element - {"using":"xpath","value":"//td/div/div/div/span[contains(@id, \"newResourceUnit--RUTimeSegment-0-vhi\")][1]"}
RESULT: {"using":"xpath","value":"//td/div/div/div/span[contains(@id, \"newResourceUnit--RUTimeSegment-0-vhi\")][1]"}
COMMAND: GET /session/293c5cce68a4e627b0c1e3a644c6160b/element/f.01782A26726534229B57CD9AA69B47B8.d.DBC8E12D5B3EE852E059978A9F3E79A8.e.8854/rect - {}
RESULT: {}
COMMAND: GET /session/293c5cce68a4e627b0c1e3a644c6160b/window/rect - {}
RESULT: {}
COMMAND: POST /session/293c5cce68a4e627b0c1e3a644c6160b/execute/sync - {"script":"<script> [92 bytes]","args":[]}
RESULT: {"script":"<script> [92 bytes]","args":[]}
COMMAND: POST /session/293c5cce68a4e627b0c1e3a644c6160b/actions - {"actions":[{"id":"action34","type":"wheel","parameters":{},"actions":[{"type":"scroll","x":-1888,"y":-24,"deltaX":0,"deltaY":0,"duration":0,"origin":{"element-6066-11e4-a52e-4f735466cecf":"f.01782A26726534229B57CD9AA69B47B8.d.DBC8E12D5B3EE852E059978A9F3E79A8.e.8854"}}]}]}
COMMAND: GET /session/293c5cce68a4e627b0c1e3a644c6160b/screenshot - {}
RESULT: {}
COMMAND: POST /session/293c5cce68a4e627b0c1e3a644c6160b/execute/sync - {"script":"<script> [79 bytes]","args":[{"element-6066-11e4-a52e-4f735466cecf":"f.01782A26726534229B57CD9AA69B47B8.d.DBC8E12D5B3EE852E059978A9F3E79A8.e.8854","ELEMENT":"f.01782A26726534229B57CD9AA69B47B8.d.DBC8E12D5B3EE852E059978A9F3E79A8.e.8854"},{"block":"start","inline":"nearest"}]}
RESULT: {"script":"<script> [79 bytes]","args":[{"element-6066-11e4-a52e-4f735466cecf":"f.01782A26726534229B57CD9AA69B47B8.d.DBC8E12D5B3EE852E059978A9F3E79A8.e.8854","ELEMENT":"f.01782A26726534229B57CD9AA69B47B8.d.DBC8E12D5B3EE852E059978A9F3E79A8.e.8854"},{"block":"start","inline":"nearest"}]}
COMMAND: GET /session/293c5cce68a4e627b0c1e3a644c6160b/screenshot - {}
RESULT: {}
COMMAND: POST /session/293c5cce68a4e627b0c1e3a644c6160b/element/f.01782A26726534229B57CD9AA69B47B8.d.DBC8E12D5B3EE852E059978A9F3E79A8.e.8854/click - {}
RESULT: {}
COMMAND: GET /session/293c5cce68a4e627b0c1e3a644c6160b/screenshot - {}
RESULT: {}
RESULT: undefined
COMMAND: POST /session/293c5cce68a4e627b0c1e3a644c6160b/execute/async - {"script":"<script> [776 bytes]","args":[{"enterText":"4000360","selector":{"controlType":"sap.m.SearchField","properties":{"placeholder":"Search"},"searchOpenDialogs":true,"interaction":{"idSuffix":"I"}},"clearTextFirst":true,"interactionType":"ENTER_TEXT"}]}
RESULT: {"script":"<script> [776 bytes]","args":[{"enterText":"4000360","selector":{"controlType":"sap.m.SearchField","properties":{"placeholder":"Search"},"searchOpenDialogs":true,"interaction":{"idSuffix":"I"}},"clearTextFirst":true,"interactionType":"ENTER_TEXT"}]}
COMMAND: POST /session/293c5cce68a4e627b0c1e3a644c6160b/actions - {"actions":[{"id":"action35","type":"key","parameters":{},"actions":[{"type":"keyDown","value":"î€‡"},{"type":"pause","duration":10},{"type":"keyUp","value":"î€‡"}]}]}
RESULT: {"actions":[{"id":"action35","type":"key","parameters":{},"actions":[{"type":"keyDown","value":"î€‡"},{"type":"pause","duration":10},{"type":"keyUp","value":"î€‡"}]}]}
COMMAND: GET /session/293c5cce68a4e627b0c1e3a644c6160b/screenshot - {}
RESULT: {}
COMMAND: POST /session/293c5cce68a4e627b0c1e3a644c6160b/element - {"using":"xpath","value":"//td/div/span[contains(text(), \"BGL Vehicles\")]"}
RESULT: {"using":"xpath","value":"//td/div/span[contains(text(), \"BGL Vehicles\")]"}
COMMAND: POST /session/293c5cce68a4e627b0c1e3a644c6160b/element/f.01782A26726534229B57CD9AA69B47B8.d.DBC8E12D5B3EE852E059978A9F3E79A8.e.8874/click - {}
RESULT: {}
COMMAND: GET /session/293c5cce68a4e627b0c1e3a644c6160b/screenshot - {}
RESULT: {}
COMMAND: POST /session/293c5cce68a4e627b0c1e3a644c6160b/element - {"using":"xpath","value":"//bdi[contains(text(), \"OK\")]"}
RESULT: {"using":"xpath","value":"//bdi[contains(text(), \"OK\")]"}
COMMAND: POST /session/293c5cce68a4e627b0c1e3a644c6160b/element/f.01782A26726534229B57CD9AA69B47B8.d.DBC8E12D5B3EE852E059978A9F3E79A8.e.8875/click - {}
RESULT: {}
COMMAND: GET /session/293c5cce68a4e627b0c1e3a644c6160b/screenshot - {}
RESULT: {}
COMMAND: POST /session/293c5cce68a4e627b0c1e3a644c6160b/element - {"using":"xpath","value":"//label[contains(@class, 'sapMLabelRequired') and .//bdi[contains(text(), 'Planned Retirement')]]"}
RESULT: {"using":"xpath","value":"//label[contains(@class, 'sapMLabelRequired') and .//bdi[contains(text(), 'Planned Retirement')]]"}
COMMAND: POST /session/293c5cce68a4e627b0c1e3a644c6160b/elements - {"using":"xpath","value":"//label[contains(@class, 'sapMLabelRequired') and .//bdi[contains(text(), 'Planned Retirement')]]"}
RESULT: {"using":"xpath","value":"//label[contains(@class, 'sapMLabelRequired') and .//bdi[contains(text(), 'Planned Retirement')]]"}
COMMAND: POST /session/293c5cce68a4e627b0c1e3a644c6160b/element - {"using":"xpath","value":"//button[@data-kt=\"resourceUnitSaveButton\"]"}
RESULT: {"using":"xpath","value":"//button[@data-kt=\"resourceUnitSaveButton\"]"}
COMMAND: POST /session/293c5cce68a4e627b0c1e3a644c6160b/element/f.01782A26726534229B57CD9AA69B47B8.d.DBC8E12D5B3EE852E059978A9F3E79A8.e.8779/click - {}
RESULT: {}
COMMAND: GET /session/293c5cce68a4e627b0c1e3a644c6160b/screenshot - {}
RESULT: {}
COMMAND: POST /session/293c5cce68a4e627b0c1e3a644c6160b/element - {"using":"xpath","value":"//bdi[contains(text(), \"Close\")]"}
RESULT: {"using":"xpath","value":"//bdi[contains(text(), \"Close\")]"}
COMMAND: POST /session/293c5cce68a4e627b0c1e3a644c6160b/element/f.01782A26726534229B57CD9AA69B47B8.d.DBC8E12D5B3EE852E059978A9F3E79A8.e.8881/click - {}
RESULT: {}
COMMAND: GET /session/293c5cce68a4e627b0c1e3a644c6160b/screenshot - {}
RESULT: {}
COMMAND: POST /session/293c5cce68a4e627b0c1e3a644c6160b/element - {"using":"xpath","value":"//header[contains(@id, 'detailRruPage-headerTitle')]/div[1]/div[2]/div[2]/span[1]"}
RESULT: {"using":"xpath","value":"//header[contains(@id, 'detailRruPage-headerTitle')]/div[1]/div[2]/div[2]/span[1]"}
COMMAND: POST /session/293c5cce68a4e627b0c1e3a644c6160b/elements - {"using":"xpath","value":"//header[contains(@id, 'detailRruPage-headerTitle')]/div[1]/div[2]/div[2]/span[1]"}
RESULT: {"using":"xpath","value":"//header[contains(@id, 'detailRruPage-headerTitle')]/div[1]/div[2]/div[2]/span[1]"}
COMMAND: POST /session/293c5cce68a4e627b0c1e3a644c6160b/execute/sync - {"script":"<script> [56 bytes]","args":[{"element-6066-11e4-a52e-4f735466cecf":"f.01782A26726534229B57CD9AA69B47B8.d.DBC8E12D5B3EE852E059978A9F3E79A8.e.8912","ELEMENT":"f.01782A26726534229B57CD9AA69B47B8.d.DBC8E12D5B3EE852E059978A9F3E79A8.e.8912"}]}
RESULT: {"script":"<script> [56 bytes]","args":[{"element-6066-11e4-a52e-4f735466cecf":"f.01782A26726534229B57CD9AA69B47B8.d.DBC8E12D5B3EE852E059978A9F3E79A8.e.8912","ELEMENT":"f.01782A26726534229B57CD9AA69B47B8.d.DBC8E12D5B3EE852E059978A9F3E79A8.e.8912"}]}
COMMAND: POST /session/293c5cce68a4e627b0c1e3a644c6160b/element - {"using":"css selector","value":"#shell-header-logo"}
COMMAND: GET /session/293c5cce68a4e627b0c1e3a644c6160b/screenshot - {}
RESULT: {"using":"css selector","value":"#shell-header-logo"}
COMMAND: POST /session/293c5cce68a4e627b0c1e3a644c6160b/element/f.01782A26726534229B57CD9AA69B47B8.d.DBC8E12D5B3EE852E059978A9F3E79A8.e.8370/click - {}
RESULT: {}
RESULT: {}
COMMAND: GET /session/293c5cce68a4e627b0c1e3a644c6160b/screenshot - {}
RESULT: {}
]]></system-out>
    </testcase>
  </testsuite>
  <testsuite timestamp="2025-05-13T07:45:20" time="232.279" tests="6" failures="5" errors="5" skipped="0">
    <properties>
      <property name="specId" value="0" />
      <property name="suiteName" value="Provide to Site w/o warehouse management w clarification" />
      <property name="capabilities" value="chrome.136_0_7103_49.windows" />
      <property name="file" value="file:///D:/a/1/s/test/specs/HTR/provide-to-site-wo-warehouse-w-clarification.spec.js" />
    </properties>
    <testcase classname="chrome.136_0_7103_49.windows.Provide_to_Site_w/o_warehouse_management_w_clarification" name="Should test for Clarification" time="0.003">
      <system-out><![CDATA[
COMMAND: POST /session/293c5cce68a4e627b0c1e3a644c6160b/element - {"using":"css selector","value":"#j_username"}
COMMAND: POST /session/293c5cce68a4e627b0c1e3a644c6160b/url - {"url":"https://qa-testing-00-live-etm-ui.cfapps.eu10-004.hana.ondemand.com/"}
COMMAND: GET /session/293c5cce68a4e627b0c1e3a644c6160b/screenshot - {}
COMMAND: GET /session/293c5cce68a4e627b0c1e3a644c6160b/screenshot - {}
RESULT: {"url":"https://qa-testing-00-live-etm-ui.cfapps.eu10-004.hana.ondemand.com/"}
RESULT: undefined
COMMAND: GET /session/293c5cce68a4e627b0c1e3a644c6160b/screenshot - {}
RESULT: {"using":"css selector","value":"#j_username"}
COMMAND: POST /session/293c5cce68a4e627b0c1e3a644c6160b/element - {"using":"css selector","value":"#j_username"}
RESULT: {}
RESULT: {}
RESULT: {}
RESULT: {"using":"css selector","value":"#j_username"}
COMMAND: POST /session/293c5cce68a4e627b0c1e3a644c6160b/element - {"using":"css selector","value":"#shell-header-logo"}
RESULT: {"using":"css selector","value":"#shell-header-logo"}
COMMAND: POST /session/293c5cce68a4e627b0c1e3a644c6160b/execute/sync - {"script":"<script> [8489 bytes]","args":[{"element-6066-11e4-a52e-4f735466cecf":"f.01782A26726534229B57CD9AA69B47B8.d.CD61DFF22DEB5A4D39E226A2ACE145CE.e.9496","ELEMENT":"f.01782A26726534229B57CD9AA69B47B8.d.CD61DFF22DEB5A4D39E226A2ACE145CE.e.9496"}]}
RESULT: {"script":"<script> [8489 bytes]","args":[{"element-6066-11e4-a52e-4f735466cecf":"f.01782A26726534229B57CD9AA69B47B8.d.CD61DFF22DEB5A4D39E226A2ACE145CE.e.9496","ELEMENT":"f.01782A26726534229B57CD9AA69B47B8.d.CD61DFF22DEB5A4D39E226A2ACE145CE.e.9496"}]}
COMMAND: POST /session/293c5cce68a4e627b0c1e3a644c6160b/element - {"using":"css selector","value":"#shell-header-logo"}
COMMAND: GET /session/293c5cce68a4e627b0c1e3a644c6160b/screenshot - {}
RESULT: {"using":"css selector","value":"#shell-header-logo"}
COMMAND: POST /session/293c5cce68a4e627b0c1e3a644c6160b/execute/sync - {"script":"<script> [8489 bytes]","args":[{"element-6066-11e4-a52e-4f735466cecf":"f.01782A26726534229B57CD9AA69B47B8.d.CD61DFF22DEB5A4D39E226A2ACE145CE.e.9496","ELEMENT":"f.01782A26726534229B57CD9AA69B47B8.d.CD61DFF22DEB5A4D39E226A2ACE145CE.e.9496"}]}
RESULT: {}
RESULT: {"script":"<script> [8489 bytes]","args":[{"element-6066-11e4-a52e-4f735466cecf":"f.01782A26726534229B57CD9AA69B47B8.d.CD61DFF22DEB5A4D39E226A2ACE145CE.e.9496","ELEMENT":"f.01782A26726534229B57CD9AA69B47B8.d.CD61DFF22DEB5A4D39E226A2ACE145CE.e.9496"}]}
COMMAND: POST /session/293c5cce68a4e627b0c1e3a644c6160b/execute/sync - {"script":"<script> [5351 bytes]","args":[{"element-6066-11e4-a52e-4f735466cecf":"f.01782A26726534229B57CD9AA69B47B8.d.CD61DFF22DEB5A4D39E226A2ACE145CE.e.9496","ELEMENT":"f.01782A26726534229B57CD9AA69B47B8.d.CD61DFF22DEB5A4D39E226A2ACE145CE.e.9496"}]}
COMMAND: GET /session/293c5cce68a4e627b0c1e3a644c6160b/screenshot - {}
RESULT: {"script":"<script> [5351 bytes]","args":[{"element-6066-11e4-a52e-4f735466cecf":"f.01782A26726534229B57CD9AA69B47B8.d.CD61DFF22DEB5A4D39E226A2ACE145CE.e.9496","ELEMENT":"f.01782A26726534229B57CD9AA69B47B8.d.CD61DFF22DEB5A4D39E226A2ACE145CE.e.9496"}]}
COMMAND: POST /session/293c5cce68a4e627b0c1e3a644c6160b/element - {"using":"css selector","value":"#shell-header-logo"}
COMMAND: GET /session/293c5cce68a4e627b0c1e3a644c6160b/screenshot - {}
RESULT: {}
RESULT: {"using":"css selector","value":"#shell-header-logo"}
COMMAND: POST /session/293c5cce68a4e627b0c1e3a644c6160b/element/f.01782A26726534229B57CD9AA69B47B8.d.CD61DFF22DEB5A4D39E226A2ACE145CE.e.9496/click - {}
RESULT: {}
RESULT: {}
COMMAND: GET /session/293c5cce68a4e627b0c1e3a644c6160b/screenshot - {}
RESULT: {}
COMMAND: POST /session/293c5cce68a4e627b0c1e3a644c6160b/execute/async - {"script":"<script> [189 bytes]","args":[]}
RESULT: {"script":"<script> [189 bytes]","args":[]}
COMMAND: POST /session/293c5cce68a4e627b0c1e3a644c6160b/execute/async - {"script":"<script> [123 bytes]","args":[]}
RESULT: {"script":"<script> [123 bytes]","args":[]}
COMMAND: POST /session/293c5cce68a4e627b0c1e3a644c6160b/timeouts - {"script":"<number>"}
RESULT: {"script":"<number>"}
COMMAND: GET /session/293c5cce68a4e627b0c1e3a644c6160b/timeouts - {}
RESULT: {}
RESULT: undefined
COMMAND: POST /session/293c5cce68a4e627b0c1e3a644c6160b/execute/async - {"script":"<script> [2676 bytes]","args":[]}
RESULT: {"script":"<script> [2676 bytes]","args":[]}
COMMAND: POST /session/293c5cce68a4e627b0c1e3a644c6160b/execute/async - {"script":"<script> [2342 bytes]","args":[{"protocol":"http","hostname":"0.0.0.0","path":"/","capabilities":{"browserName":"chrome","goog:chromeOptions":{"binary":"C:\\Program Files\\Google\\Chrome\\Application\\chrome.exe","args":["--start-maximized"]}},"logLevel":"warn","connectionRetryTimeout":120000,"connectionRetryCount":3,"logLevels":{},"enableDirectConnect":true,"strictSSL":true,"_":"65 more keys: [\"cacheDir\",\"port\",\"requestedCapabilities\",\"automationProtocol\",\"baseUrl\",\"waitforInterval\",\"waitforTimeout\",\"onReload\",\"beforeCommand\",\"afterCommand\",\"rootDir\",\"specs\",\"suites\",\"exclude\",\"groupLogsByTestSpec\",\"excludeDriverLogs\",\"bail\",\"framework\",\"reporters\",\"services\",\"maxInstances\",\"maxInstancesPerCapability\",\"injectGlobals\",\"filesToWatch\",\"execArgv\",\"runnerEnv\",\"runner\",\"shard\",\"specFileRetries\",\"specFileRetriesDelay\",\"specFileRetriesDeferred\",\"reporterSyncInterval\",\"reporterSyncTimeout\",\"cucumberFeaturesWithLineNumbers\",\"autoCompileOpts\",\"mochaOpts\",\"jasmineOpts\",\"cucumberOpts\",\"onPrepare\",\"onWorkerStart\",\"onWorkerEnd\",\"before\",\"beforeSession\",\"beforeSuite\",\"beforeHook\",\"beforeTest\",\"afterTest\",\"afterHook\",\"afterSuite\",\"afterSession\",\"after\",\"onComplete\",\"beforeAssertion\",\"afterAssertion\",\"beforeFeature\",\"beforeScenario\",\"beforeStep\",\"afterStep\",\"afterScenario\",\"afterFeature\",\"_\",\"suite\",\"$0\",\"ignoredWorkerServices\",\"wdi5\"]"}]}
RESULT: {"script":"<script> [2342 bytes]","args":[{"protocol":"http","hostname":"0.0.0.0","path":"/","capabilities":{"browserName":"chrome","goog:chromeOptions":{"binary":"C:\\Program Files\\Google\\Chrome\\Application\\chrome.exe","args":["--start-maximized"]}},"logLevel":"warn","connectionRetryTimeout":120000,"connectionRetryCount":3,"logLevels":{},"enableDirectConnect":true,"strictSSL":true,"_":"65 more keys: [\"cacheDir\",\"port\",\"requestedCapabilities\",\"automationProtocol\",\"baseUrl\",\"waitforInterval\",\"waitforTimeout\",\"onReload\",\"beforeCommand\",\"afterCommand\",\"rootDir\",\"specs\",\"suites\",\"exclude\",\"groupLogsByTestSpec\",\"excludeDriverLogs\",\"bail\",\"framework\",\"reporters\",\"services\",\"maxInstances\",\"maxInstancesPerCapability\",\"injectGlobals\",\"filesToWatch\",\"execArgv\",\"runnerEnv\",\"runner\",\"shard\",\"specFileRetries\",\"specFileRetriesDelay\",\"specFileRetriesDeferred\",\"reporterSyncInterval\",\"reporterSyncTimeout\",\"cucumberFeaturesWithLineNumbers\",\"autoCompileOpts\",\"mochaOpts\",\"jasmineOpts\",\"cucumberOpts\",\"onPrepare\",\"onWorkerStart\",\"onWorkerEnd\",\"before\",\"beforeSession\",\"beforeSuite\",\"beforeHook\",\"beforeTest\",\"afterTest\",\"afterHook\",\"afterSuite\",\"afterSession\",\"after\",\"onComplete\",\"beforeAssertion\",\"afterAssertion\",\"beforeFeature\",\"beforeScenario\",\"beforeStep\",\"afterStep\",\"afterScenario\",\"afterFeature\",\"_\",\"suite\",\"$0\",\"ignoredWorkerServices\",\"wdi5\"]"}]}
COMMAND: POST /session/293c5cce68a4e627b0c1e3a644c6160b/execute/async - {"script":"<script> [21126 bytes]","args":[35000]}
RESULT: {"script":"<script> [21126 bytes]","args":[35000]}
COMMAND: POST /session/293c5cce68a4e627b0c1e3a644c6160b/window/maximize - {}
RESULT: {}
COMMAND: POST /session/293c5cce68a4e627b0c1e3a644c6160b/execute/async - {"script":"<script> [1562 bytes]","args":[{"selector":{"id":"shell-header","interaction":{"idSuffix":"icon"}},"wdio_ui5_key":"shellheader"}]}
COMMAND: GET /session/293c5cce68a4e627b0c1e3a644c6160b/screenshot - {}
RESULT: {"script":"<script> [1562 bytes]","args":[{"selector":{"id":"shell-header","interaction":{"idSuffix":"icon"}},"wdio_ui5_key":"shellheader"}]}
RESULT: undefined
COMMAND: POST /session/293c5cce68a4e627b0c1e3a644c6160b/window/fullscreen - {}
RESULT: {}
RESULT: {}
]]></system-out>
    </testcase>
  </testsuite>
  <testsuite timestamp="2025-05-13T07:49:13" time="125.519" tests="4" failures="0" errors="0" skipped="0">
    <properties>
      <property name="specId" value="0" />
      <property name="suiteName" value="Provide to Site w/o warehouse management w/o clarification US116612" />
      <property name="capabilities" value="chrome.136_0_7103_49.windows" />
      <property name="file" value="file:///D:/a/1/s/test/specs/HTR/provide-to-site-wo-warehouse-wo-clarification.spec.js" />
    </properties>
    <testcase classname="chrome.136_0_7103_49.windows.Provide_to_Site_w/o_warehouse_management_w/o_clarification_US116612" name="Should create a new yard" time="0.009">
      <system-out><![CDATA[
COMMAND: POST /session/293c5cce68a4e627b0c1e3a644c6160b/window/fullscreen - {}
RESULT: {}
]]></system-out>
    </testcase>
    <testcase classname="chrome.136_0_7103_49.windows.Provide_to_Site_w/o_warehouse_management_w/o_clarification_US116612" name="Should create a new external partner" time="0.005" />
    <testcase classname="chrome.136_0_7103_49.windows.Provide_to_Site_w/o_warehouse_management_w/o_clarification_US116612" name="Should create a new site" time="0.003" />
    <testcase classname="chrome.136_0_7103_49.windows.Provide_to_Site_w/o_warehouse_management_w/o_clarification_US116612" name="Should create a new material" time="108.697">
      <system-out><![CDATA[
COMMAND: POST /session/293c5cce68a4e627b0c1e3a644c6160b/execute/async - {"script":"<script> [1562 bytes]","args":[{"selector":{"controlType":"sap.m.GenericTile","properties":{"header":"Manage Resources"}},"wdio_ui5_key":"sapm.GenericTile{\"header\":\"Manage Resources\"}"}]}
RESULT: {"script":"<script> [1562 bytes]","args":[{"selector":{"controlType":"sap.m.GenericTile","properties":{"header":"Manage Resources"}},"wdio_ui5_key":"sapm.GenericTile{\"header\":\"Manage Resources\"}"}]}
RESULT: undefined
COMMAND: POST /session/293c5cce68a4e627b0c1e3a644c6160b/element - {"using":"xpath","value":"//*[@id=\"__tile31\"]"}
RESULT: {"using":"xpath","value":"//*[@id=\"__tile31\"]"}
COMMAND: POST /session/293c5cce68a4e627b0c1e3a644c6160b/element/f.01782A26726534229B57CD9AA69B47B8.d.CD61DFF22DEB5A4D39E226A2ACE145CE.e.9512/click - {}
RESULT: {}
COMMAND: POST /session/293c5cce68a4e627b0c1e3a644c6160b/element - {"using":"xpath","value":"//button[@data-kt=\"addNewRUOverflowToolbarButton\"]"}
COMMAND: GET /session/293c5cce68a4e627b0c1e3a644c6160b/screenshot - {}
RESULT: {"using":"xpath","value":"//button[@data-kt=\"addNewRUOverflowToolbarButton\"]"}
COMMAND: POST /session/293c5cce68a4e627b0c1e3a644c6160b/elements - {"using":"xpath","value":"//button[@data-kt=\"addNewRUOverflowToolbarButton\"]"}
RESULT: {}
RESULT: {"using":"xpath","value":"//button[@data-kt=\"addNewRUOverflowToolbarButton\"]"}
COMMAND: POST /session/293c5cce68a4e627b0c1e3a644c6160b/elements - {"using":"xpath","value":"//button[@data-kt=\"addNewRUOverflowToolbarButton\"]"}
RESULT: {"using":"xpath","value":"//button[@data-kt=\"addNewRUOverflowToolbarButton\"]"}
COMMAND: POST /session/293c5cce68a4e627b0c1e3a644c6160b/elements - {"using":"xpath","value":"//button[@data-kt=\"addNewRUOverflowToolbarButton\"]"}
RESULT: {"using":"xpath","value":"//button[@data-kt=\"addNewRUOverflowToolbarButton\"]"}
COMMAND: POST /session/293c5cce68a4e627b0c1e3a644c6160b/elements - {"using":"xpath","value":"//button[@data-kt=\"addNewRUOverflowToolbarButton\"]"}
RESULT: {"using":"xpath","value":"//button[@data-kt=\"addNewRUOverflowToolbarButton\"]"}
COMMAND: POST /session/293c5cce68a4e627b0c1e3a644c6160b/elements - {"using":"xpath","value":"//button[@data-kt=\"addNewRUOverflowToolbarButton\"]"}
RESULT: {"using":"xpath","value":"//button[@data-kt=\"addNewRUOverflowToolbarButton\"]"}
COMMAND: POST /session/293c5cce68a4e627b0c1e3a644c6160b/elements - {"using":"xpath","value":"//button[@data-kt=\"addNewRUOverflowToolbarButton\"]"}
RESULT: {"using":"xpath","value":"//button[@data-kt=\"addNewRUOverflowToolbarButton\"]"}
COMMAND: POST /session/293c5cce68a4e627b0c1e3a644c6160b/elements - {"using":"xpath","value":"//button[@data-kt=\"addNewRUOverflowToolbarButton\"]"}
RESULT: {"using":"xpath","value":"//button[@data-kt=\"addNewRUOverflowToolbarButton\"]"}
COMMAND: POST /session/293c5cce68a4e627b0c1e3a644c6160b/elements - {"using":"xpath","value":"//button[@data-kt=\"addNewRUOverflowToolbarButton\"]"}
RESULT: {"using":"xpath","value":"//button[@data-kt=\"addNewRUOverflowToolbarButton\"]"}
COMMAND: POST /session/293c5cce68a4e627b0c1e3a644c6160b/elements - {"using":"xpath","value":"//button[@data-kt=\"addNewRUOverflowToolbarButton\"]"}
RESULT: {"using":"xpath","value":"//button[@data-kt=\"addNewRUOverflowToolbarButton\"]"}
COMMAND: POST /session/293c5cce68a4e627b0c1e3a644c6160b/elements - {"using":"xpath","value":"//button[@data-kt=\"addNewRUOverflowToolbarButton\"]"}
RESULT: {"using":"xpath","value":"//button[@data-kt=\"addNewRUOverflowToolbarButton\"]"}
COMMAND: POST /session/293c5cce68a4e627b0c1e3a644c6160b/elements - {"using":"xpath","value":"//button[@data-kt=\"addNewRUOverflowToolbarButton\"]"}
RESULT: {"using":"xpath","value":"//button[@data-kt=\"addNewRUOverflowToolbarButton\"]"}
COMMAND: POST /session/293c5cce68a4e627b0c1e3a644c6160b/elements - {"using":"xpath","value":"//button[@data-kt=\"addNewRUOverflowToolbarButton\"]"}
RESULT: {"using":"xpath","value":"//button[@data-kt=\"addNewRUOverflowToolbarButton\"]"}
COMMAND: POST /session/293c5cce68a4e627b0c1e3a644c6160b/elements - {"using":"xpath","value":"//button[@data-kt=\"addNewRUOverflowToolbarButton\"]"}
RESULT: {"using":"xpath","value":"//button[@data-kt=\"addNewRUOverflowToolbarButton\"]"}
COMMAND: POST /session/293c5cce68a4e627b0c1e3a644c6160b/elements - {"using":"xpath","value":"//button[@data-kt=\"addNewRUOverflowToolbarButton\"]"}
RESULT: {"using":"xpath","value":"//button[@data-kt=\"addNewRUOverflowToolbarButton\"]"}
COMMAND: POST /session/293c5cce68a4e627b0c1e3a644c6160b/elements - {"using":"xpath","value":"//button[@data-kt=\"addNewRUOverflowToolbarButton\"]"}
RESULT: {"using":"xpath","value":"//button[@data-kt=\"addNewRUOverflowToolbarButton\"]"}
COMMAND: POST /session/293c5cce68a4e627b0c1e3a644c6160b/elements - {"using":"xpath","value":"//button[@data-kt=\"addNewRUOverflowToolbarButton\"]"}
RESULT: {"using":"xpath","value":"//button[@data-kt=\"addNewRUOverflowToolbarButton\"]"}
COMMAND: POST /session/293c5cce68a4e627b0c1e3a644c6160b/elements - {"using":"xpath","value":"//button[@data-kt=\"addNewRUOverflowToolbarButton\"]"}
RESULT: {"using":"xpath","value":"//button[@data-kt=\"addNewRUOverflowToolbarButton\"]"}
COMMAND: POST /session/293c5cce68a4e627b0c1e3a644c6160b/elements - {"using":"xpath","value":"//button[@data-kt=\"addNewRUOverflowToolbarButton\"]"}
RESULT: {"using":"xpath","value":"//button[@data-kt=\"addNewRUOverflowToolbarButton\"]"}
COMMAND: POST /session/293c5cce68a4e627b0c1e3a644c6160b/elements - {"using":"xpath","value":"//button[@data-kt=\"addNewRUOverflowToolbarButton\"]"}
RESULT: {"using":"xpath","value":"//button[@data-kt=\"addNewRUOverflowToolbarButton\"]"}
COMMAND: POST /session/293c5cce68a4e627b0c1e3a644c6160b/elements - {"using":"xpath","value":"//button[@data-kt=\"addNewRUOverflowToolbarButton\"]"}
RESULT: {"using":"xpath","value":"//button[@data-kt=\"addNewRUOverflowToolbarButton\"]"}
COMMAND: POST /session/293c5cce68a4e627b0c1e3a644c6160b/elements - {"using":"xpath","value":"//button[@data-kt=\"addNewRUOverflowToolbarButton\"]"}
RESULT: {"using":"xpath","value":"//button[@data-kt=\"addNewRUOverflowToolbarButton\"]"}
COMMAND: POST /session/293c5cce68a4e627b0c1e3a644c6160b/element - {"using":"xpath","value":"//button[@data-kt=\"addNewRUOverflowToolbarButton\"]"}
RESULT: {"using":"xpath","value":"//button[@data-kt=\"addNewRUOverflowToolbarButton\"]"}
COMMAND: POST /session/293c5cce68a4e627b0c1e3a644c6160b/execute/sync - {"script":"<script> [8489 bytes]","args":[{"element-6066-11e4-a52e-4f735466cecf":"f.01782A26726534229B57CD9AA69B47B8.d.CD61DFF22DEB5A4D39E226A2ACE145CE.e.9640","ELEMENT":"f.01782A26726534229B57CD9AA69B47B8.d.CD61DFF22DEB5A4D39E226A2ACE145CE.e.9640"}]}
RESULT: {"script":"<script> [8489 bytes]","args":[{"element-6066-11e4-a52e-4f735466cecf":"f.01782A26726534229B57CD9AA69B47B8.d.CD61DFF22DEB5A4D39E226A2ACE145CE.e.9640","ELEMENT":"f.01782A26726534229B57CD9AA69B47B8.d.CD61DFF22DEB5A4D39E226A2ACE145CE.e.9640"}]}
COMMAND: GET /session/293c5cce68a4e627b0c1e3a644c6160b/element/f.01782A26726534229B57CD9AA69B47B8.d.CD61DFF22DEB5A4D39E226A2ACE145CE.e.9640/enabled - {}
COMMAND: GET /session/293c5cce68a4e627b0c1e3a644c6160b/screenshot - {}
RESULT: {}
COMMAND: POST /session/293c5cce68a4e627b0c1e3a644c6160b/execute/sync - {"script":"<script> [8489 bytes]","args":[{"element-6066-11e4-a52e-4f735466cecf":"f.01782A26726534229B57CD9AA69B47B8.d.CD61DFF22DEB5A4D39E226A2ACE145CE.e.9640","ELEMENT":"f.01782A26726534229B57CD9AA69B47B8.d.CD61DFF22DEB5A4D39E226A2ACE145CE.e.9640"}]}
COMMAND: GET /session/293c5cce68a4e627b0c1e3a644c6160b/screenshot - {}
RESULT: {}
RESULT: {"script":"<script> [8489 bytes]","args":[{"element-6066-11e4-a52e-4f735466cecf":"f.01782A26726534229B57CD9AA69B47B8.d.CD61DFF22DEB5A4D39E226A2ACE145CE.e.9640","ELEMENT":"f.01782A26726534229B57CD9AA69B47B8.d.CD61DFF22DEB5A4D39E226A2ACE145CE.e.9640"}]}
COMMAND: POST /session/293c5cce68a4e627b0c1e3a644c6160b/execute/sync - {"script":"<script> [5351 bytes]","args":[{"element-6066-11e4-a52e-4f735466cecf":"f.01782A26726534229B57CD9AA69B47B8.d.CD61DFF22DEB5A4D39E226A2ACE145CE.e.9640","ELEMENT":"f.01782A26726534229B57CD9AA69B47B8.d.CD61DFF22DEB5A4D39E226A2ACE145CE.e.9640"}]}
COMMAND: GET /session/293c5cce68a4e627b0c1e3a644c6160b/screenshot - {}
RESULT: {}
RESULT: {"script":"<script> [5351 bytes]","args":[{"element-6066-11e4-a52e-4f735466cecf":"f.01782A26726534229B57CD9AA69B47B8.d.CD61DFF22DEB5A4D39E226A2ACE145CE.e.9640","ELEMENT":"f.01782A26726534229B57CD9AA69B47B8.d.CD61DFF22DEB5A4D39E226A2ACE145CE.e.9640"}]}
COMMAND: POST /session/293c5cce68a4e627b0c1e3a644c6160b/element/f.01782A26726534229B57CD9AA69B47B8.d.CD61DFF22DEB5A4D39E226A2ACE145CE.e.9640/click - {}
COMMAND: GET /session/293c5cce68a4e627b0c1e3a644c6160b/screenshot - {}
RESULT: {}
RESULT: {}
COMMAND: GET /session/293c5cce68a4e627b0c1e3a644c6160b/screenshot - {}
RESULT: {}
RESULT: {}
COMMAND: POST /session/293c5cce68a4e627b0c1e3a644c6160b/execute/async - {"script":"<script> [1562 bytes]","args":[{"selector":{"id":"application-manageresources-display-component---newResourceUnit--TYPE-arrow"},"wdio_ui5_key":"applicationmanageresources-display-component---newResourceUnit--TYPE-arrow"}]}
RESULT: {"script":"<script> [1562 bytes]","args":[{"selector":{"id":"application-manageresources-display-component---newResourceUnit--TYPE-arrow"},"wdio_ui5_key":"applicationmanageresources-display-component---newResourceUnit--TYPE-arrow"}]}
RESULT: undefined
COMMAND: POST /session/293c5cce68a4e627b0c1e3a644c6160b/element - {"using":"xpath","value":"//*[@id=\"application-manageresources-display-component---newResourceUnit--TYPE-arrow\"]"}
RESULT: {"using":"xpath","value":"//*[@id=\"application-manageresources-display-component---newResourceUnit--TYPE-arrow\"]"}
COMMAND: POST /session/293c5cce68a4e627b0c1e3a644c6160b/element/f.01782A26726534229B57CD9AA69B47B8.d.CD61DFF22DEB5A4D39E226A2ACE145CE.e.9998/click - {}
RESULT: {}
COMMAND: POST /session/293c5cce68a4e627b0c1e3a644c6160b/element - {"using":"xpath","value":"//input[@id=\"application-manageresources-display-component---newResourceUnit--TYPE-inner\"]"}
COMMAND: GET /session/293c5cce68a4e627b0c1e3a644c6160b/screenshot - {}
RESULT: {"using":"xpath","value":"//input[@id=\"application-manageresources-display-component---newResourceUnit--TYPE-inner\"]"}
COMMAND: POST /session/293c5cce68a4e627b0c1e3a644c6160b/element/f.01782A26726534229B57CD9AA69B47B8.d.CD61DFF22DEB5A4D39E226A2ACE145CE.e.9992/clear - {}
RESULT: {}
RESULT: {}
COMMAND: POST /session/293c5cce68a4e627b0c1e3a644c6160b/element/f.01782A26726534229B57CD9AA69B47B8.d.CD61DFF22DEB5A4D39E226A2ACE145CE.e.9992/value - {"text":"Material"}
COMMAND: GET /session/293c5cce68a4e627b0c1e3a644c6160b/screenshot - {}
RESULT: {"text":"Material"}
COMMAND: GET /session/293c5cce68a4e627b0c1e3a644c6160b/screenshot - {}
RESULT: {}
RESULT: {}
COMMAND: POST /session/293c5cce68a4e627b0c1e3a644c6160b/actions - {"actions":[{"id":"action37","type":"key","parameters":{},"actions":[{"type":"keyDown","value":"î€‡"},{"type":"pause","duration":10},{"type":"keyUp","value":"î€‡"}]}]}
RESULT: {"actions":[{"id":"action37","type":"key","parameters":{},"actions":[{"type":"keyDown","value":"î€‡"},{"type":"pause","duration":10},{"type":"keyUp","value":"î€‡"}]}]}
COMMAND: POST /session/293c5cce68a4e627b0c1e3a644c6160b/execute/async - {"script":"<script> [1562 bytes]","args":[{"selector":{"id":"application-manageresources-display-component---newResourceUnit--SHORT_TEXT","interaction":{"idSuffix":"inner"}},"wdio_ui5_key":"applicationmanageresources-display-component---newResourceUnit--SHORT_TEXT"}]}
COMMAND: GET /session/293c5cce68a4e627b0c1e3a644c6160b/screenshot - {}
RESULT: {"script":"<script> [1562 bytes]","args":[{"selector":{"id":"application-manageresources-display-component---newResourceUnit--SHORT_TEXT","interaction":{"idSuffix":"inner"}},"wdio_ui5_key":"applicationmanageresources-display-component---newResourceUnit--SHORT_TEXT"}]}
RESULT: undefined
COMMAND: POST /session/293c5cce68a4e627b0c1e3a644c6160b/execute/async - {"script":"<script> [776 bytes]","args":[{"enterText":"Cement WDIO","selector":{"id":"application-manageresources-display-component---newResourceUnit--SHORT_TEXT","interaction":{"idSuffix":"inner"}},"clearTextFirst":true,"interactionType":"ENTER_TEXT"}]}
RESULT: {}
RESULT: {"script":"<script> [776 bytes]","args":[{"enterText":"Cement WDIO","selector":{"id":"application-manageresources-display-component---newResourceUnit--SHORT_TEXT","interaction":{"idSuffix":"inner"}},"clearTextFirst":true,"interactionType":"ENTER_TEXT"}]}
COMMAND: POST /session/293c5cce68a4e627b0c1e3a644c6160b/execute/async - {"script":"<script> [1562 bytes]","args":[{"selector":{"id":"application-manageresources-display-component---newResourceUnit--BASE_UNIT_OF_MEASURE","interaction":{"idSuffix":"inner"}},"wdio_ui5_key":"applicationmanageresources-display-component---newResourceUnit--BASE_UNIT_OF_MEASURE"}]}
RESULT: {"script":"<script> [1562 bytes]","args":[{"selector":{"id":"application-manageresources-display-component---newResourceUnit--BASE_UNIT_OF_MEASURE","interaction":{"idSuffix":"inner"}},"wdio_ui5_key":"applicationmanageresources-display-component---newResourceUnit--BASE_UNIT_OF_MEASURE"}]}
RESULT: undefined
COMMAND: POST /session/293c5cce68a4e627b0c1e3a644c6160b/execute/async - {"script":"<script> [776 bytes]","args":[{"enterText":"Piece","selector":{"id":"application-manageresources-display-component---newResourceUnit--BASE_UNIT_OF_MEASURE","interaction":{"idSuffix":"inner"}},"clearTextFirst":true,"interactionType":"ENTER_TEXT"}]}
RESULT: {"script":"<script> [776 bytes]","args":[{"enterText":"Piece","selector":{"id":"application-manageresources-display-component---newResourceUnit--BASE_UNIT_OF_MEASURE","interaction":{"idSuffix":"inner"}},"clearTextFirst":true,"interactionType":"ENTER_TEXT"}]}
COMMAND: POST /session/293c5cce68a4e627b0c1e3a644c6160b/execute/async - {"script":"<script> [1562 bytes]","args":[{"selector":{"id":"application-manageresources-display-component---newResourceUnit--WEIGHT_UNIT","interaction":{"idSuffix":"inner"}},"wdio_ui5_key":"applicationmanageresources-display-component---newResourceUnit--WEIGHT_UNIT"}]}
RESULT: {"script":"<script> [1562 bytes]","args":[{"selector":{"id":"application-manageresources-display-component---newResourceUnit--WEIGHT_UNIT","interaction":{"idSuffix":"inner"}},"wdio_ui5_key":"applicationmanageresources-display-component---newResourceUnit--WEIGHT_UNIT"}]}
RESULT: undefined
COMMAND: POST /session/293c5cce68a4e627b0c1e3a644c6160b/execute/async - {"script":"<script> [776 bytes]","args":[{"enterText":"Gram","selector":{"id":"application-manageresources-display-component---newResourceUnit--WEIGHT_UNIT","interaction":{"idSuffix":"inner"}},"clearTextFirst":true,"interactionType":"ENTER_TEXT"}]}
RESULT: {"script":"<script> [776 bytes]","args":[{"enterText":"Gram","selector":{"id":"application-manageresources-display-component---newResourceUnit--WEIGHT_UNIT","interaction":{"idSuffix":"inner"}},"clearTextFirst":true,"interactionType":"ENTER_TEXT"}]}
COMMAND: POST /session/293c5cce68a4e627b0c1e3a644c6160b/execute/async - {"script":"<script> [1562 bytes]","args":[{"selector":{"id":"application-manageresources-display-component---newResourceUnit--DIMENSION_UNIT","interaction":{"idSuffix":"inner"}},"wdio_ui5_key":"applicationmanageresources-display-component---newResourceUnit--DIMENSION_UNIT"}]}
RESULT: {"script":"<script> [1562 bytes]","args":[{"selector":{"id":"application-manageresources-display-component---newResourceUnit--DIMENSION_UNIT","interaction":{"idSuffix":"inner"}},"wdio_ui5_key":"applicationmanageresources-display-component---newResourceUnit--DIMENSION_UNIT"}]}
RESULT: undefined
COMMAND: POST /session/293c5cce68a4e627b0c1e3a644c6160b/execute/async - {"script":"<script> [776 bytes]","args":[{"enterText":"Meter","selector":{"id":"application-manageresources-display-component---newResourceUnit--DIMENSION_UNIT","interaction":{"idSuffix":"inner"}},"clearTextFirst":true,"interactionType":"ENTER_TEXT"}]}
RESULT: {"script":"<script> [776 bytes]","args":[{"enterText":"Meter","selector":{"id":"application-manageresources-display-component---newResourceUnit--DIMENSION_UNIT","interaction":{"idSuffix":"inner"}},"clearTextFirst":true,"interactionType":"ENTER_TEXT"}]}
COMMAND: POST /session/293c5cce68a4e627b0c1e3a644c6160b/execute/async - {"script":"<script> [1562 bytes]","args":[{"selector":{"id":"application-manageresources-display-component---newResourceUnit--newRRUPage-anchBar-application-manageresources-display-component---newResourceUnit--control-anchor","interaction":{"idSuffix":"BDI-content"}},"wdio_ui5_key":"applicationmanageresources-display-component---newResourceUnit--newRRUPage-anchBar-application-manageresources-display-component---newResourceUnit--control-anchor"}]}
RESULT: {"script":"<script> [1562 bytes]","args":[{"selector":{"id":"application-manageresources-display-component---newResourceUnit--newRRUPage-anchBar-application-manageresources-display-component---newResourceUnit--control-anchor","interaction":{"idSuffix":"BDI-content"}},"wdio_ui5_key":"applicationmanageresources-display-component---newResourceUnit--newRRUPage-anchBar-application-manageresources-display-component---newResourceUnit--control-anchor"}]}
RESULT: undefined
COMMAND: POST /session/293c5cce68a4e627b0c1e3a644c6160b/element - {"using":"xpath","value":"//*[@id=\"application-manageresources-display-component---newResourceUnit--newRRUPage-anchBar-application-manageresources-display-component---newResourceUnit--control-anchor\"]"}
RESULT: {"using":"xpath","value":"//*[@id=\"application-manageresources-display-component---newResourceUnit--newRRUPage-anchBar-application-manageresources-display-component---newResourceUnit--control-anchor\"]"}
COMMAND: POST /session/293c5cce68a4e627b0c1e3a644c6160b/element/f.01782A26726534229B57CD9AA69B47B8.d.CD61DFF22DEB5A4D39E226A2ACE145CE.e.10065/click - {}
RESULT: {}
COMMAND: POST /session/293c5cce68a4e627b0c1e3a644c6160b/execute/async - {"script":"<script> [1562 bytes]","args":[{"selector":{"id":"application-manageresources-display-component---newResourceUnit--PLANNING_GROUP","interaction":{"idSuffix":"inner"}},"wdio_ui5_key":"applicationmanageresources-display-component---newResourceUnit--PLANNING_GROUP"}]}
COMMAND: GET /session/293c5cce68a4e627b0c1e3a644c6160b/screenshot - {}
RESULT: {"script":"<script> [1562 bytes]","args":[{"selector":{"id":"application-manageresources-display-component---newResourceUnit--PLANNING_GROUP","interaction":{"idSuffix":"inner"}},"wdio_ui5_key":"applicationmanageresources-display-component---newResourceUnit--PLANNING_GROUP"}]}
RESULT: undefined
COMMAND: POST /session/293c5cce68a4e627b0c1e3a644c6160b/execute/async - {"script":"<script> [776 bytes]","args":[{"enterText":"Material","selector":{"id":"application-manageresources-display-component---newResourceUnit--PLANNING_GROUP","interaction":{"idSuffix":"inner"}},"clearTextFirst":true,"interactionType":"ENTER_TEXT"}]}
RESULT: {}
RESULT: {"script":"<script> [776 bytes]","args":[{"enterText":"Material","selector":{"id":"application-manageresources-display-component---newResourceUnit--PLANNING_GROUP","interaction":{"idSuffix":"inner"}},"clearTextFirst":true,"interactionType":"ENTER_TEXT"}]}
COMMAND: POST /session/293c5cce68a4e627b0c1e3a644c6160b/execute/async - {"script":"<script> [1562 bytes]","args":[{"selector":{"id":"application-manageresources-display-component---newResourceUnit--PLANNING_INDICATOR","interaction":{"idSuffix":"inner"}},"wdio_ui5_key":"applicationmanageresources-display-component---newResourceUnit--PLANNING_INDICATOR"}]}
RESULT: {"script":"<script> [1562 bytes]","args":[{"selector":{"id":"application-manageresources-display-component---newResourceUnit--PLANNING_INDICATOR","interaction":{"idSuffix":"inner"}},"wdio_ui5_key":"applicationmanageresources-display-component---newResourceUnit--PLANNING_INDICATOR"}]}
RESULT: undefined
COMMAND: POST /session/293c5cce68a4e627b0c1e3a644c6160b/execute/async - {"script":"<script> [776 bytes]","args":[{"enterText":"10 - infinite","selector":{"id":"application-manageresources-display-component---newResourceUnit--PLANNING_INDICATOR","interaction":{"idSuffix":"inner"}},"clearTextFirst":true,"interactionType":"ENTER_TEXT"}]}
RESULT: {"script":"<script> [776 bytes]","args":[{"enterText":"10 - infinite","selector":{"id":"application-manageresources-display-component---newResourceUnit--PLANNING_INDICATOR","interaction":{"idSuffix":"inner"}},"clearTextFirst":true,"interactionType":"ENTER_TEXT"}]}
COMMAND: POST /session/293c5cce68a4e627b0c1e3a644c6160b/element - {"using":"css selector","value":"#application-manageresources-display-component---newResourceUnit--btnAddTimeSegment"}
RESULT: {"using":"css selector","value":"#application-manageresources-display-component---newResourceUnit--btnAddTimeSegment"}
COMMAND: GET /session/293c5cce68a4e627b0c1e3a644c6160b/element/f.01782A26726534229B57CD9AA69B47B8.d.CD61DFF22DEB5A4D39E226A2ACE145CE.e.10075/rect - {}
RESULT: {}
COMMAND: GET /session/293c5cce68a4e627b0c1e3a644c6160b/window/rect - {}
RESULT: {}
COMMAND: POST /session/293c5cce68a4e627b0c1e3a644c6160b/execute/sync - {"script":"<script> [92 bytes]","args":[]}
RESULT: {"script":"<script> [92 bytes]","args":[]}
COMMAND: POST /session/293c5cce68a4e627b0c1e3a644c6160b/actions - {"actions":[{"id":"action38","type":"wheel","parameters":{},"actions":[{"type":"scroll","x":-1888,"y":-32,"deltaX":0,"deltaY":0,"duration":0,"origin":{"element-6066-11e4-a52e-4f735466cecf":"f.01782A26726534229B57CD9AA69B47B8.d.CD61DFF22DEB5A4D39E226A2ACE145CE.e.10075"}}]}]}
COMMAND: GET /session/293c5cce68a4e627b0c1e3a644c6160b/screenshot - {}
RESULT: {}
COMMAND: POST /session/293c5cce68a4e627b0c1e3a644c6160b/execute/sync - {"script":"<script> [79 bytes]","args":[{"element-6066-11e4-a52e-4f735466cecf":"f.01782A26726534229B57CD9AA69B47B8.d.CD61DFF22DEB5A4D39E226A2ACE145CE.e.10075","ELEMENT":"f.01782A26726534229B57CD9AA69B47B8.d.CD61DFF22DEB5A4D39E226A2ACE145CE.e.10075"},{"block":"start","inline":"nearest"}]}
RESULT: {"script":"<script> [79 bytes]","args":[{"element-6066-11e4-a52e-4f735466cecf":"f.01782A26726534229B57CD9AA69B47B8.d.CD61DFF22DEB5A4D39E226A2ACE145CE.e.10075","ELEMENT":"f.01782A26726534229B57CD9AA69B47B8.d.CD61DFF22DEB5A4D39E226A2ACE145CE.e.10075"},{"block":"start","inline":"nearest"}]}
COMMAND: POST /session/293c5cce68a4e627b0c1e3a644c6160b/execute/async - {"script":"<script> [1562 bytes]","args":[{"selector":{"id":"application-manageresources-display-component---newResourceUnit--btnAddTimeSegment","interaction":{"idSuffix":"inner"}},"wdio_ui5_key":"applicationmanageresources-display-component---newResourceUnit--btnAddTimeSegment"}]}
COMMAND: GET /session/293c5cce68a4e627b0c1e3a644c6160b/screenshot - {}
RESULT: {}
RESULT: {"script":"<script> [1562 bytes]","args":[{"selector":{"id":"application-manageresources-display-component---newResourceUnit--btnAddTimeSegment","interaction":{"idSuffix":"inner"}},"wdio_ui5_key":"applicationmanageresources-display-component---newResourceUnit--btnAddTimeSegment"}]}
RESULT: undefined
COMMAND: POST /session/293c5cce68a4e627b0c1e3a644c6160b/element - {"using":"xpath","value":"//*[@id=\"application-manageresources-display-component---newResourceUnit--btnAddTimeSegment\"]"}
RESULT: {"using":"xpath","value":"//*[@id=\"application-manageresources-display-component---newResourceUnit--btnAddTimeSegment\"]"}
COMMAND: POST /session/293c5cce68a4e627b0c1e3a644c6160b/element/f.01782A26726534229B57CD9AA69B47B8.d.CD61DFF22DEB5A4D39E226A2ACE145CE.e.10075/click - {}
RESULT: {}
COMMAND: GET /session/293c5cce68a4e627b0c1e3a644c6160b/screenshot - {}
RESULT: {}
COMMAND: POST /session/293c5cce68a4e627b0c1e3a644c6160b/element - {"using":"xpath","value":"//input[@id=\"application-manageresources-display-component---newResourceUnit--idRuTSAdmin-application-manageresources-display-component---newResourceUnit--RUTimeSegment-0-inner\"]"}
RESULT: {"using":"xpath","value":"//input[@id=\"application-manageresources-display-component---newResourceUnit--idRuTSAdmin-application-manageresources-display-component---newResourceUnit--RUTimeSegment-0-inner\"]"}
COMMAND: POST /session/293c5cce68a4e627b0c1e3a644c6160b/element/f.01782A26726534229B57CD9AA69B47B8.d.CD61DFF22DEB5A4D39E226A2ACE145CE.e.10080/clear - {}
RESULT: {}
COMMAND: POST /session/293c5cce68a4e627b0c1e3a644c6160b/element/f.01782A26726534229B57CD9AA69B47B8.d.CD61DFF22DEB5A4D39E226A2ACE145CE.e.10080/value - {"text":"201"}
COMMAND: GET /session/293c5cce68a4e627b0c1e3a644c6160b/screenshot - {}
RESULT: {"text":"201"}
COMMAND: GET /session/293c5cce68a4e627b0c1e3a644c6160b/screenshot - {}
RESULT: {}
RESULT: {}
COMMAND: POST /session/293c5cce68a4e627b0c1e3a644c6160b/element - {"using":"xpath","value":"//li[.//span[text()='201']]"}
RESULT: {"using":"xpath","value":"//li[.//span[text()='201']]"}
COMMAND: POST /session/293c5cce68a4e627b0c1e3a644c6160b/element/f.01782A26726534229B57CD9AA69B47B8.d.CD61DFF22DEB5A4D39E226A2ACE145CE.e.10088/click - {}
RESULT: {}
COMMAND: GET /session/293c5cce68a4e627b0c1e3a644c6160b/screenshot - {}
RESULT: {}
COMMAND: POST /session/293c5cce68a4e627b0c1e3a644c6160b/element - {"using":"xpath","value":"(//span[contains(@id, \"-application-manageresources-display-component---newResourceUnit--RUTimeSegment-0-arrow\")])[2]"}
RESULT: {"using":"xpath","value":"(//span[contains(@id, \"-application-manageresources-display-component---newResourceUnit--RUTimeSegment-0-arrow\")])[2]"}
COMMAND: POST /session/293c5cce68a4e627b0c1e3a644c6160b/element/f.01782A26726534229B57CD9AA69B47B8.d.CD61DFF22DEB5A4D39E226A2ACE145CE.e.10089/click - {}
RESULT: {}
COMMAND: POST /session/293c5cce68a4e627b0c1e3a644c6160b/element - {"using":"xpath","value":"//span[contains(text(), \"PM Order\")]"}
COMMAND: GET /session/293c5cce68a4e627b0c1e3a644c6160b/screenshot - {}
RESULT: {"using":"xpath","value":"//span[contains(text(), \"PM Order\")]"}
COMMAND: POST /session/293c5cce68a4e627b0c1e3a644c6160b/element/f.01782A26726534229B57CD9AA69B47B8.d.CD61DFF22DEB5A4D39E226A2ACE145CE.e.10090/click - {}
RESULT: {}
RESULT: {}
COMMAND: GET /session/293c5cce68a4e627b0c1e3a644c6160b/screenshot - {}
RESULT: {}
COMMAND: POST /session/293c5cce68a4e627b0c1e3a644c6160b/element - {"using":"xpath","value":"//td/div/div/div/span[contains(@id, \"newResourceUnit--RUTimeSegment-0-vhi\")][1]"}
RESULT: {"using":"xpath","value":"//td/div/div/div/span[contains(@id, \"newResourceUnit--RUTimeSegment-0-vhi\")][1]"}
COMMAND: GET /session/293c5cce68a4e627b0c1e3a644c6160b/element/f.01782A26726534229B57CD9AA69B47B8.d.CD61DFF22DEB5A4D39E226A2ACE145CE.e.10094/rect - {}
RESULT: {}
COMMAND: GET /session/293c5cce68a4e627b0c1e3a644c6160b/window/rect - {}
RESULT: {}
COMMAND: POST /session/293c5cce68a4e627b0c1e3a644c6160b/execute/sync - {"script":"<script> [92 bytes]","args":[]}
RESULT: {"script":"<script> [92 bytes]","args":[]}
COMMAND: POST /session/293c5cce68a4e627b0c1e3a644c6160b/actions - {"actions":[{"id":"action39","type":"wheel","parameters":{},"actions":[{"type":"scroll","x":-1888,"y":-24,"deltaX":0,"deltaY":0,"duration":0,"origin":{"element-6066-11e4-a52e-4f735466cecf":"f.01782A26726534229B57CD9AA69B47B8.d.CD61DFF22DEB5A4D39E226A2ACE145CE.e.10094"}}]}]}
COMMAND: GET /session/293c5cce68a4e627b0c1e3a644c6160b/screenshot - {}
RESULT: {}
COMMAND: POST /session/293c5cce68a4e627b0c1e3a644c6160b/execute/sync - {"script":"<script> [79 bytes]","args":[{"element-6066-11e4-a52e-4f735466cecf":"f.01782A26726534229B57CD9AA69B47B8.d.CD61DFF22DEB5A4D39E226A2ACE145CE.e.10094","ELEMENT":"f.01782A26726534229B57CD9AA69B47B8.d.CD61DFF22DEB5A4D39E226A2ACE145CE.e.10094"},{"block":"start","inline":"nearest"}]}
RESULT: {"script":"<script> [79 bytes]","args":[{"element-6066-11e4-a52e-4f735466cecf":"f.01782A26726534229B57CD9AA69B47B8.d.CD61DFF22DEB5A4D39E226A2ACE145CE.e.10094","ELEMENT":"f.01782A26726534229B57CD9AA69B47B8.d.CD61DFF22DEB5A4D39E226A2ACE145CE.e.10094"},{"block":"start","inline":"nearest"}]}
COMMAND: GET /session/293c5cce68a4e627b0c1e3a644c6160b/screenshot - {}
RESULT: {}
COMMAND: POST /session/293c5cce68a4e627b0c1e3a644c6160b/element/f.01782A26726534229B57CD9AA69B47B8.d.CD61DFF22DEB5A4D39E226A2ACE145CE.e.10094/click - {}
RESULT: {}
COMMAND: GET /session/293c5cce68a4e627b0c1e3a644c6160b/screenshot - {}
RESULT: {}
COMMAND: POST /session/293c5cce68a4e627b0c1e3a644c6160b/execute/async - {"script":"<script> [1562 bytes]","args":[{"selector":{"controlType":"sap.m.SearchField","properties":{"placeholder":"Search"},"searchOpenDialogs":true,"interaction":{"idSuffix":"I"}},"wdio_ui5_key":"sapm.SearchField{\"placeholder\":\"Search\"}"}]}
RESULT: {"script":"<script> [1562 bytes]","args":[{"selector":{"controlType":"sap.m.SearchField","properties":{"placeholder":"Search"},"searchOpenDialogs":true,"interaction":{"idSuffix":"I"}},"wdio_ui5_key":"sapm.SearchField{\"placeholder\":\"Search\"}"}]}
RESULT: undefined
COMMAND: POST /session/293c5cce68a4e627b0c1e3a644c6160b/execute/async - {"script":"<script> [776 bytes]","args":[{"enterText":"4000360","selector":{"controlType":"sap.m.SearchField","properties":{"placeholder":"Search"},"searchOpenDialogs":true,"interaction":{"idSuffix":"I"}},"clearTextFirst":true,"interactionType":"ENTER_TEXT"}]}
RESULT: {"script":"<script> [776 bytes]","args":[{"enterText":"4000360","selector":{"controlType":"sap.m.SearchField","properties":{"placeholder":"Search"},"searchOpenDialogs":true,"interaction":{"idSuffix":"I"}},"clearTextFirst":true,"interactionType":"ENTER_TEXT"}]}
COMMAND: POST /session/293c5cce68a4e627b0c1e3a644c6160b/actions - {"actions":[{"id":"action40","type":"key","parameters":{},"actions":[{"type":"keyDown","value":"î€‡"},{"type":"pause","duration":10},{"type":"keyUp","value":"î€‡"}]}]}
RESULT: {"actions":[{"id":"action40","type":"key","parameters":{},"actions":[{"type":"keyDown","value":"î€‡"},{"type":"pause","duration":10},{"type":"keyUp","value":"î€‡"}]}]}
COMMAND: GET /session/293c5cce68a4e627b0c1e3a644c6160b/screenshot - {}
RESULT: {}
COMMAND: POST /session/293c5cce68a4e627b0c1e3a644c6160b/element - {"using":"xpath","value":"//td/div/span[contains(text(), \"BGL Vehicles\")]"}
RESULT: {"using":"xpath","value":"//td/div/span[contains(text(), \"BGL Vehicles\")]"}
COMMAND: POST /session/293c5cce68a4e627b0c1e3a644c6160b/element/f.01782A26726534229B57CD9AA69B47B8.d.CD61DFF22DEB5A4D39E226A2ACE145CE.e.10116/click - {}
RESULT: {}
COMMAND: GET /session/293c5cce68a4e627b0c1e3a644c6160b/screenshot - {}
RESULT: {}
COMMAND: POST /session/293c5cce68a4e627b0c1e3a644c6160b/element - {"using":"xpath","value":"//bdi[contains(text(), \"OK\")]"}
RESULT: {"using":"xpath","value":"//bdi[contains(text(), \"OK\")]"}
COMMAND: POST /session/293c5cce68a4e627b0c1e3a644c6160b/element/f.01782A26726534229B57CD9AA69B47B8.d.CD61DFF22DEB5A4D39E226A2ACE145CE.e.10117/click - {}
RESULT: {}
COMMAND: GET /session/293c5cce68a4e627b0c1e3a644c6160b/screenshot - {}
RESULT: {}
COMMAND: POST /session/293c5cce68a4e627b0c1e3a644c6160b/element - {"using":"xpath","value":"//label[contains(@class, 'sapMLabelRequired') and .//bdi[contains(text(), 'Planned Retirement')]]"}
RESULT: {"using":"xpath","value":"//label[contains(@class, 'sapMLabelRequired') and .//bdi[contains(text(), 'Planned Retirement')]]"}
COMMAND: POST /session/293c5cce68a4e627b0c1e3a644c6160b/elements - {"using":"xpath","value":"//label[contains(@class, 'sapMLabelRequired') and .//bdi[contains(text(), 'Planned Retirement')]]"}
RESULT: {"using":"xpath","value":"//label[contains(@class, 'sapMLabelRequired') and .//bdi[contains(text(), 'Planned Retirement')]]"}
COMMAND: POST /session/293c5cce68a4e627b0c1e3a644c6160b/element - {"using":"xpath","value":"//button[@data-kt=\"resourceUnitSaveButton\"]"}
RESULT: {"using":"xpath","value":"//button[@data-kt=\"resourceUnitSaveButton\"]"}
COMMAND: POST /session/293c5cce68a4e627b0c1e3a644c6160b/element/f.01782A26726534229B57CD9AA69B47B8.d.CD61DFF22DEB5A4D39E226A2ACE145CE.e.10018/click - {}
RESULT: {}
COMMAND: GET /session/293c5cce68a4e627b0c1e3a644c6160b/screenshot - {}
RESULT: {}
COMMAND: POST /session/293c5cce68a4e627b0c1e3a644c6160b/element - {"using":"xpath","value":"//bdi[contains(text(), \"Close\")]"}
RESULT: {"using":"xpath","value":"//bdi[contains(text(), \"Close\")]"}
COMMAND: POST /session/293c5cce68a4e627b0c1e3a644c6160b/element/f.01782A26726534229B57CD9AA69B47B8.d.CD61DFF22DEB5A4D39E226A2ACE145CE.e.10124/click - {}
RESULT: {}
COMMAND: GET /session/293c5cce68a4e627b0c1e3a644c6160b/screenshot - {}
RESULT: {}
COMMAND: POST /session/293c5cce68a4e627b0c1e3a644c6160b/element - {"using":"xpath","value":"//header[contains(@id, 'detailRruPage-headerTitle')]/div[1]/div[2]/div[2]/span[1]"}
RESULT: {"using":"xpath","value":"//header[contains(@id, 'detailRruPage-headerTitle')]/div[1]/div[2]/div[2]/span[1]"}
COMMAND: POST /session/293c5cce68a4e627b0c1e3a644c6160b/elements - {"using":"xpath","value":"//header[contains(@id, 'detailRruPage-headerTitle')]/div[1]/div[2]/div[2]/span[1]"}
RESULT: {"using":"xpath","value":"//header[contains(@id, 'detailRruPage-headerTitle')]/div[1]/div[2]/div[2]/span[1]"}
COMMAND: POST /session/293c5cce68a4e627b0c1e3a644c6160b/execute/sync - {"script":"<script> [56 bytes]","args":[{"element-6066-11e4-a52e-4f735466cecf":"f.01782A26726534229B57CD9AA69B47B8.d.CD61DFF22DEB5A4D39E226A2ACE145CE.e.10150","ELEMENT":"f.01782A26726534229B57CD9AA69B47B8.d.CD61DFF22DEB5A4D39E226A2ACE145CE.e.10150"}]}
RESULT: {"script":"<script> [56 bytes]","args":[{"element-6066-11e4-a52e-4f735466cecf":"f.01782A26726534229B57CD9AA69B47B8.d.CD61DFF22DEB5A4D39E226A2ACE145CE.e.10150","ELEMENT":"f.01782A26726534229B57CD9AA69B47B8.d.CD61DFF22DEB5A4D39E226A2ACE145CE.e.10150"}]}
COMMAND: POST /session/293c5cce68a4e627b0c1e3a644c6160b/element - {"using":"css selector","value":"#shell-header-logo"}
COMMAND: GET /session/293c5cce68a4e627b0c1e3a644c6160b/screenshot - {}
RESULT: {"using":"css selector","value":"#shell-header-logo"}
COMMAND: POST /session/293c5cce68a4e627b0c1e3a644c6160b/element/f.01782A26726534229B57CD9AA69B47B8.d.CD61DFF22DEB5A4D39E226A2ACE145CE.e.9496/click - {}
RESULT: {}
RESULT: {}
COMMAND: GET /session/293c5cce68a4e627b0c1e3a644c6160b/screenshot - {}
RESULT: {}
]]></system-out>
    </testcase>
  </testsuite>
  <testsuite timestamp="2025-05-13T07:51:18" time="231.372" tests="6" failures="5" errors="5" skipped="0">
    <properties>
      <property name="specId" value="0" />
      <property name="suiteName" value="Provide to Site w/o warehouse management w/o clarification" />
      <property name="capabilities" value="chrome.136_0_7103_49.windows" />
      <property name="file" value="file:///D:/a/1/s/test/specs/HTR/provide-to-site-wo-warehouse-wo-clarification.spec.js" />
    </properties>
    <testcase classname="chrome.136_0_7103_49.windows.Provide_to_Site_w/o_warehouse_management_w/o_clarification" name="Should test for Clarification" time="0.004">
      <system-out><![CDATA[
COMMAND: POST /session/293c5cce68a4e627b0c1e3a644c6160b/element - {"using":"css selector","value":"#j_username"}
COMMAND: POST /session/293c5cce68a4e627b0c1e3a644c6160b/url - {"url":"https://qa-testing-00-live-etm-ui.cfapps.eu10-004.hana.ondemand.com/"}
COMMAND: GET /session/293c5cce68a4e627b0c1e3a644c6160b/screenshot - {}
RESULT: {}
RESULT: {"using":"css selector","value":"#j_username"}
COMMAND: POST /session/293c5cce68a4e627b0c1e3a644c6160b/element - {"using":"css selector","value":"#j_username"}
RESULT: {"url":"https://qa-testing-00-live-etm-ui.cfapps.eu10-004.hana.ondemand.com/"}
RESULT: undefined
COMMAND: GET /session/293c5cce68a4e627b0c1e3a644c6160b/screenshot - {}
RESULT: {}
RESULT: {"using":"css selector","value":"#j_username"}
COMMAND: POST /session/293c5cce68a4e627b0c1e3a644c6160b/element - {"using":"css selector","value":"#shell-header-logo"}
RESULT: {}
RESULT: {"using":"css selector","value":"#shell-header-logo"}
COMMAND: POST /session/293c5cce68a4e627b0c1e3a644c6160b/execute/sync - {"script":"<script> [8489 bytes]","args":[{"element-6066-11e4-a52e-4f735466cecf":"f.01782A26726534229B57CD9AA69B47B8.d.0000407DB7637627BC2668D11449797F.e.10732","ELEMENT":"f.01782A26726534229B57CD9AA69B47B8.d.0000407DB7637627BC2668D11449797F.e.10732"}]}
RESULT: {"script":"<script> [8489 bytes]","args":[{"element-6066-11e4-a52e-4f735466cecf":"f.01782A26726534229B57CD9AA69B47B8.d.0000407DB7637627BC2668D11449797F.e.10732","ELEMENT":"f.01782A26726534229B57CD9AA69B47B8.d.0000407DB7637627BC2668D11449797F.e.10732"}]}
COMMAND: POST /session/293c5cce68a4e627b0c1e3a644c6160b/element - {"using":"css selector","value":"#shell-header-logo"}
COMMAND: GET /session/293c5cce68a4e627b0c1e3a644c6160b/screenshot - {}
RESULT: {"using":"css selector","value":"#shell-header-logo"}
COMMAND: POST /session/293c5cce68a4e627b0c1e3a644c6160b/execute/sync - {"script":"<script> [8489 bytes]","args":[{"element-6066-11e4-a52e-4f735466cecf":"f.01782A26726534229B57CD9AA69B47B8.d.0000407DB7637627BC2668D11449797F.e.10732","ELEMENT":"f.01782A26726534229B57CD9AA69B47B8.d.0000407DB7637627BC2668D11449797F.e.10732"}]}
RESULT: {}
RESULT: {"script":"<script> [8489 bytes]","args":[{"element-6066-11e4-a52e-4f735466cecf":"f.01782A26726534229B57CD9AA69B47B8.d.0000407DB7637627BC2668D11449797F.e.10732","ELEMENT":"f.01782A26726534229B57CD9AA69B47B8.d.0000407DB7637627BC2668D11449797F.e.10732"}]}
COMMAND: POST /session/293c5cce68a4e627b0c1e3a644c6160b/execute/sync - {"script":"<script> [5351 bytes]","args":[{"element-6066-11e4-a52e-4f735466cecf":"f.01782A26726534229B57CD9AA69B47B8.d.0000407DB7637627BC2668D11449797F.e.10732","ELEMENT":"f.01782A26726534229B57CD9AA69B47B8.d.0000407DB7637627BC2668D11449797F.e.10732"}]}
COMMAND: GET /session/293c5cce68a4e627b0c1e3a644c6160b/screenshot - {}
RESULT: {"script":"<script> [5351 bytes]","args":[{"element-6066-11e4-a52e-4f735466cecf":"f.01782A26726534229B57CD9AA69B47B8.d.0000407DB7637627BC2668D11449797F.e.10732","ELEMENT":"f.01782A26726534229B57CD9AA69B47B8.d.0000407DB7637627BC2668D11449797F.e.10732"}]}
COMMAND: POST /session/293c5cce68a4e627b0c1e3a644c6160b/element - {"using":"css selector","value":"#shell-header-logo"}
COMMAND: GET /session/293c5cce68a4e627b0c1e3a644c6160b/screenshot - {}
RESULT: {}
RESULT: {"using":"css selector","value":"#shell-header-logo"}
COMMAND: POST /session/293c5cce68a4e627b0c1e3a644c6160b/element/f.01782A26726534229B57CD9AA69B47B8.d.0000407DB7637627BC2668D11449797F.e.10732/click - {}
RESULT: {}
RESULT: {}
COMMAND: GET /session/293c5cce68a4e627b0c1e3a644c6160b/screenshot - {}
RESULT: {}
COMMAND: POST /session/293c5cce68a4e627b0c1e3a644c6160b/execute/async - {"script":"<script> [189 bytes]","args":[]}
RESULT: {"script":"<script> [189 bytes]","args":[]}
COMMAND: POST /session/293c5cce68a4e627b0c1e3a644c6160b/execute/async - {"script":"<script> [123 bytes]","args":[]}
RESULT: {"script":"<script> [123 bytes]","args":[]}
COMMAND: POST /session/293c5cce68a4e627b0c1e3a644c6160b/timeouts - {"script":"<number>"}
RESULT: {"script":"<number>"}
COMMAND: GET /session/293c5cce68a4e627b0c1e3a644c6160b/timeouts - {}
RESULT: {}
RESULT: undefined
COMMAND: POST /session/293c5cce68a4e627b0c1e3a644c6160b/execute/async - {"script":"<script> [2676 bytes]","args":[]}
RESULT: {"script":"<script> [2676 bytes]","args":[]}
COMMAND: POST /session/293c5cce68a4e627b0c1e3a644c6160b/execute/async - {"script":"<script> [2342 bytes]","args":[{"protocol":"http","hostname":"0.0.0.0","path":"/","capabilities":{"browserName":"chrome","goog:chromeOptions":{"binary":"C:\\Program Files\\Google\\Chrome\\Application\\chrome.exe","args":["--start-maximized"]}},"logLevel":"warn","connectionRetryTimeout":120000,"connectionRetryCount":3,"logLevels":{},"enableDirectConnect":true,"strictSSL":true,"_":"65 more keys: [\"cacheDir\",\"port\",\"requestedCapabilities\",\"automationProtocol\",\"baseUrl\",\"waitforInterval\",\"waitforTimeout\",\"onReload\",\"beforeCommand\",\"afterCommand\",\"rootDir\",\"specs\",\"suites\",\"exclude\",\"groupLogsByTestSpec\",\"excludeDriverLogs\",\"bail\",\"framework\",\"reporters\",\"services\",\"maxInstances\",\"maxInstancesPerCapability\",\"injectGlobals\",\"filesToWatch\",\"execArgv\",\"runnerEnv\",\"runner\",\"shard\",\"specFileRetries\",\"specFileRetriesDelay\",\"specFileRetriesDeferred\",\"reporterSyncInterval\",\"reporterSyncTimeout\",\"cucumberFeaturesWithLineNumbers\",\"autoCompileOpts\",\"mochaOpts\",\"jasmineOpts\",\"cucumberOpts\",\"onPrepare\",\"onWorkerStart\",\"onWorkerEnd\",\"before\",\"beforeSession\",\"beforeSuite\",\"beforeHook\",\"beforeTest\",\"afterTest\",\"afterHook\",\"afterSuite\",\"afterSession\",\"after\",\"onComplete\",\"beforeAssertion\",\"afterAssertion\",\"beforeFeature\",\"beforeScenario\",\"beforeStep\",\"afterStep\",\"afterScenario\",\"afterFeature\",\"_\",\"suite\",\"$0\",\"ignoredWorkerServices\",\"wdi5\"]"}]}
RESULT: {"script":"<script> [2342 bytes]","args":[{"protocol":"http","hostname":"0.0.0.0","path":"/","capabilities":{"browserName":"chrome","goog:chromeOptions":{"binary":"C:\\Program Files\\Google\\Chrome\\Application\\chrome.exe","args":["--start-maximized"]}},"logLevel":"warn","connectionRetryTimeout":120000,"connectionRetryCount":3,"logLevels":{},"enableDirectConnect":true,"strictSSL":true,"_":"65 more keys: [\"cacheDir\",\"port\",\"requestedCapabilities\",\"automationProtocol\",\"baseUrl\",\"waitforInterval\",\"waitforTimeout\",\"onReload\",\"beforeCommand\",\"afterCommand\",\"rootDir\",\"specs\",\"suites\",\"exclude\",\"groupLogsByTestSpec\",\"excludeDriverLogs\",\"bail\",\"framework\",\"reporters\",\"services\",\"maxInstances\",\"maxInstancesPerCapability\",\"injectGlobals\",\"filesToWatch\",\"execArgv\",\"runnerEnv\",\"runner\",\"shard\",\"specFileRetries\",\"specFileRetriesDelay\",\"specFileRetriesDeferred\",\"reporterSyncInterval\",\"reporterSyncTimeout\",\"cucumberFeaturesWithLineNumbers\",\"autoCompileOpts\",\"mochaOpts\",\"jasmineOpts\",\"cucumberOpts\",\"onPrepare\",\"onWorkerStart\",\"onWorkerEnd\",\"before\",\"beforeSession\",\"beforeSuite\",\"beforeHook\",\"beforeTest\",\"afterTest\",\"afterHook\",\"afterSuite\",\"afterSession\",\"after\",\"onComplete\",\"beforeAssertion\",\"afterAssertion\",\"beforeFeature\",\"beforeScenario\",\"beforeStep\",\"afterStep\",\"afterScenario\",\"afterFeature\",\"_\",\"suite\",\"$0\",\"ignoredWorkerServices\",\"wdi5\"]"}]}
COMMAND: POST /session/293c5cce68a4e627b0c1e3a644c6160b/execute/async - {"script":"<script> [21126 bytes]","args":[35000]}
RESULT: {"script":"<script> [21126 bytes]","args":[35000]}
COMMAND: POST /session/293c5cce68a4e627b0c1e3a644c6160b/window/maximize - {}
RESULT: {}
COMMAND: POST /session/293c5cce68a4e627b0c1e3a644c6160b/execute/async - {"script":"<script> [1562 bytes]","args":[{"selector":{"id":"shell-header","interaction":{"idSuffix":"icon"}},"wdio_ui5_key":"shellheader"}]}
COMMAND: GET /session/293c5cce68a4e627b0c1e3a644c6160b/screenshot - {}
RESULT: {"script":"<script> [1562 bytes]","args":[{"selector":{"id":"shell-header","interaction":{"idSuffix":"icon"}},"wdio_ui5_key":"shellheader"}]}
RESULT: undefined
COMMAND: POST /session/293c5cce68a4e627b0c1e3a644c6160b/refresh - {}
RESULT: {}
RESULT: {}
COMMAND: GET /session/293c5cce68a4e627b0c1e3a644c6160b/screenshot - {}
RESULT: {}
COMMAND: POST /session/293c5cce68a4e627b0c1e3a644c6160b/refresh - {}
RESULT: {}
COMMAND: GET /session/293c5cce68a4e627b0c1e3a644c6160b/screenshot - {}
RESULT: {}
COMMAND: POST /session/293c5cce68a4e627b0c1e3a644c6160b/window/fullscreen - {}
RESULT: {}
COMMAND: POST /session/293c5cce68a4e627b0c1e3a644c6160b/execute/async - {"script":"<script> [189 bytes]","args":[]}
RESULT: {"script":"<script> [189 bytes]","args":[]}
COMMAND: POST /session/293c5cce68a4e627b0c1e3a644c6160b/execute/async - {"script":"<script> [123 bytes]","args":[]}
RESULT: {"script":"<script> [123 bytes]","args":[]}
COMMAND: POST /session/293c5cce68a4e627b0c1e3a644c6160b/timeouts - {"script":"<number>"}
RESULT: {"script":"<number>"}
COMMAND: GET /session/293c5cce68a4e627b0c1e3a644c6160b/timeouts - {}
RESULT: {}
RESULT: undefined
COMMAND: POST /session/293c5cce68a4e627b0c1e3a644c6160b/execute/async - {"script":"<script> [2676 bytes]","args":[]}
RESULT: {"script":"<script> [2676 bytes]","args":[]}
COMMAND: POST /session/293c5cce68a4e627b0c1e3a644c6160b/execute/async - {"script":"<script> [2342 bytes]","args":[{"protocol":"http","hostname":"0.0.0.0","path":"/","capabilities":{"browserName":"chrome","goog:chromeOptions":{"binary":"C:\\Program Files\\Google\\Chrome\\Application\\chrome.exe","args":["--start-maximized"]}},"logLevel":"warn","connectionRetryTimeout":120000,"connectionRetryCount":3,"logLevels":{},"enableDirectConnect":true,"strictSSL":true,"_":"65 more keys: [\"cacheDir\",\"port\",\"requestedCapabilities\",\"automationProtocol\",\"baseUrl\",\"waitforInterval\",\"waitforTimeout\",\"onReload\",\"beforeCommand\",\"afterCommand\",\"rootDir\",\"specs\",\"suites\",\"exclude\",\"groupLogsByTestSpec\",\"excludeDriverLogs\",\"bail\",\"framework\",\"reporters\",\"services\",\"maxInstances\",\"maxInstancesPerCapability\",\"injectGlobals\",\"filesToWatch\",\"execArgv\",\"runnerEnv\",\"runner\",\"shard\",\"specFileRetries\",\"specFileRetriesDelay\",\"specFileRetriesDeferred\",\"reporterSyncInterval\",\"reporterSyncTimeout\",\"cucumberFeaturesWithLineNumbers\",\"autoCompileOpts\",\"mochaOpts\",\"jasmineOpts\",\"cucumberOpts\",\"onPrepare\",\"onWorkerStart\",\"onWorkerEnd\",\"before\",\"beforeSession\",\"beforeSuite\",\"beforeHook\",\"beforeTest\",\"afterTest\",\"afterHook\",\"afterSuite\",\"afterSession\",\"after\",\"onComplete\",\"beforeAssertion\",\"afterAssertion\",\"beforeFeature\",\"beforeScenario\",\"beforeStep\",\"afterStep\",\"afterScenario\",\"afterFeature\",\"_\",\"suite\",\"$0\",\"ignoredWorkerServices\",\"wdi5\"]"}]}
RESULT: {"script":"<script> [2342 bytes]","args":[{"protocol":"http","hostname":"0.0.0.0","path":"/","capabilities":{"browserName":"chrome","goog:chromeOptions":{"binary":"C:\\Program Files\\Google\\Chrome\\Application\\chrome.exe","args":["--start-maximized"]}},"logLevel":"warn","connectionRetryTimeout":120000,"connectionRetryCount":3,"logLevels":{},"enableDirectConnect":true,"strictSSL":true,"_":"65 more keys: [\"cacheDir\",\"port\",\"requestedCapabilities\",\"automationProtocol\",\"baseUrl\",\"waitforInterval\",\"waitforTimeout\",\"onReload\",\"beforeCommand\",\"afterCommand\",\"rootDir\",\"specs\",\"suites\",\"exclude\",\"groupLogsByTestSpec\",\"excludeDriverLogs\",\"bail\",\"framework\",\"reporters\",\"services\",\"maxInstances\",\"maxInstancesPerCapability\",\"injectGlobals\",\"filesToWatch\",\"execArgv\",\"runnerEnv\",\"runner\",\"shard\",\"specFileRetries\",\"specFileRetriesDelay\",\"specFileRetriesDeferred\",\"reporterSyncInterval\",\"reporterSyncTimeout\",\"cucumberFeaturesWithLineNumbers\",\"autoCompileOpts\",\"mochaOpts\",\"jasmineOpts\",\"cucumberOpts\",\"onPrepare\",\"onWorkerStart\",\"onWorkerEnd\",\"before\",\"beforeSession\",\"beforeSuite\",\"beforeHook\",\"beforeTest\",\"afterTest\",\"afterHook\",\"afterSuite\",\"afterSession\",\"after\",\"onComplete\",\"beforeAssertion\",\"afterAssertion\",\"beforeFeature\",\"beforeScenario\",\"beforeStep\",\"afterStep\",\"afterScenario\",\"afterFeature\",\"_\",\"suite\",\"$0\",\"ignoredWorkerServices\",\"wdi5\"]"}]}
COMMAND: POST /session/293c5cce68a4e627b0c1e3a644c6160b/execute/async - {"script":"<script> [21126 bytes]","args":[35000]}
RESULT: {"script":"<script> [21126 bytes]","args":[35000]}
]]></system-out>
    </testcase>
  </testsuite>
  <testsuite timestamp="2025-05-13T07:55:10" time="412.452" tests="8" failures="5" errors="5" skipped="0">
    <properties>
      <property name="specId" value="0" />
      <property name="suiteName" value="Return from Site w/ warehouse management w/ clarification US125588" />
      <property name="capabilities" value="chrome.136_0_7103_49.windows" />
      <property name="file" value="file:///D:/a/1/s/test/specs/HTR/return-from-site-w-warehouse-management-w-clarification.spec.js" />
    </properties>
    <testcase classname="chrome.136_0_7103_49.windows.Return_from_Site_w/_warehouse_management_w/_clarification_US125588" name="Should create a new WHM yard" time="0.01">
      <system-out><![CDATA[
COMMAND: POST /session/293c5cce68a4e627b0c1e3a644c6160b/window/fullscreen - {}
RESULT: {}
]]></system-out>
    </testcase>
    <testcase classname="chrome.136_0_7103_49.windows.Return_from_Site_w/_warehouse_management_w/_clarification_US125588" name="Should create a new external WHM partner" time="0.004" />
    <testcase classname="chrome.136_0_7103_49.windows.Return_from_Site_w/_warehouse_management_w/_clarification_US125588" name="Should create a new WHM site" time="0.003" />
  </testsuite>
  <testsuite timestamp="2025-05-13T08:02:02" time="444.869" tests="7" failures="7" errors="7" skipped="0">
    <properties>
      <property name="specId" value="0" />
      <property name="suiteName" value="Provide to Site w/ warehouse management w clarification" />
      <property name="capabilities" value="chrome.136_0_7103_49.windows" />
      <property name="file" value="file:///D:/a/1/s/test/specs/HTR/return-from-site-w-warehouse-management-w-clarification.spec.js" />
    </properties>
  </testsuite>
  <testsuite timestamp="2025-05-13T08:09:27" time="245.512" tests="9" failures="2" errors="2" skipped="0">
    <properties>
      <property name="specId" value="0" />
      <property name="suiteName" value="Create masterdata for Yard Overview - trigger provide US130988" />
      <property name="capabilities" value="chrome.136_0_7103_49.windows" />
      <property name="file" value="file:///D:/a/1/s/test/specs/HTR/stock-decrease.spec.js" />
    </properties>
    <testcase classname="chrome.136_0_7103_49.windows.Create_masterdata_for_Yard_Overview_-_trigger_provide_US130988" name="Should create a new WHM yard" time="0.01">
      <system-out><![CDATA[
COMMAND: POST /session/293c5cce68a4e627b0c1e3a644c6160b/window/fullscreen - {}
RESULT: {}
]]></system-out>
    </testcase>
    <testcase classname="chrome.136_0_7103_49.windows.Create_masterdata_for_Yard_Overview_-_trigger_provide_US130988" name="Should create a new partner" time="0.003" />
    <testcase classname="chrome.136_0_7103_49.windows.Create_masterdata_for_Yard_Overview_-_trigger_provide_US130988" name="Should create a new site" time="0.003" />
    <testcase classname="chrome.136_0_7103_49.windows.Create_masterdata_for_Yard_Overview_-_trigger_provide_US130988" name="Should create a new material" time="102.785">
      <system-out><![CDATA[
COMMAND: POST /session/293c5cce68a4e627b0c1e3a644c6160b/execute/async - {"script":"<script> [1562 bytes]","args":[{"selector":{"controlType":"sap.m.GenericTile","properties":{"header":"Manage Resources"}},"wdio_ui5_key":"sapm.GenericTile{\"header\":\"Manage Resources\"}"}]}
RESULT: {"script":"<script> [1562 bytes]","args":[{"selector":{"controlType":"sap.m.GenericTile","properties":{"header":"Manage Resources"}},"wdio_ui5_key":"sapm.GenericTile{\"header\":\"Manage Resources\"}"}]}
RESULT: undefined
COMMAND: POST /session/293c5cce68a4e627b0c1e3a644c6160b/element - {"using":"xpath","value":"//*[@id=\"__tile31\"]"}
RESULT: {"using":"xpath","value":"//*[@id=\"__tile31\"]"}
COMMAND: POST /session/293c5cce68a4e627b0c1e3a644c6160b/element/f.01782A26726534229B57CD9AA69B47B8.d.ADB49703B077B96417C6E05A9FCC3EB0.e.11583/click - {}
RESULT: {}
COMMAND: POST /session/293c5cce68a4e627b0c1e3a644c6160b/element - {"using":"xpath","value":"//button[@data-kt=\"addNewRUOverflowToolbarButton\"]"}
COMMAND: GET /session/293c5cce68a4e627b0c1e3a644c6160b/screenshot - {}
RESULT: {"using":"xpath","value":"//button[@data-kt=\"addNewRUOverflowToolbarButton\"]"}
COMMAND: POST /session/293c5cce68a4e627b0c1e3a644c6160b/elements - {"using":"xpath","value":"//button[@data-kt=\"addNewRUOverflowToolbarButton\"]"}
RESULT: {}
RESULT: {"using":"xpath","value":"//button[@data-kt=\"addNewRUOverflowToolbarButton\"]"}
COMMAND: POST /session/293c5cce68a4e627b0c1e3a644c6160b/elements - {"using":"xpath","value":"//button[@data-kt=\"addNewRUOverflowToolbarButton\"]"}
RESULT: {"using":"xpath","value":"//button[@data-kt=\"addNewRUOverflowToolbarButton\"]"}
COMMAND: POST /session/293c5cce68a4e627b0c1e3a644c6160b/elements - {"using":"xpath","value":"//button[@data-kt=\"addNewRUOverflowToolbarButton\"]"}
RESULT: {"using":"xpath","value":"//button[@data-kt=\"addNewRUOverflowToolbarButton\"]"}
COMMAND: POST /session/293c5cce68a4e627b0c1e3a644c6160b/elements - {"using":"xpath","value":"//button[@data-kt=\"addNewRUOverflowToolbarButton\"]"}
RESULT: {"using":"xpath","value":"//button[@data-kt=\"addNewRUOverflowToolbarButton\"]"}
COMMAND: POST /session/293c5cce68a4e627b0c1e3a644c6160b/elements - {"using":"xpath","value":"//button[@data-kt=\"addNewRUOverflowToolbarButton\"]"}
RESULT: {"using":"xpath","value":"//button[@data-kt=\"addNewRUOverflowToolbarButton\"]"}
COMMAND: POST /session/293c5cce68a4e627b0c1e3a644c6160b/element - {"using":"xpath","value":"//button[@data-kt=\"addNewRUOverflowToolbarButton\"]"}
RESULT: {"using":"xpath","value":"//button[@data-kt=\"addNewRUOverflowToolbarButton\"]"}
COMMAND: POST /session/293c5cce68a4e627b0c1e3a644c6160b/execute/sync - {"script":"<script> [8489 bytes]","args":[{"element-6066-11e4-a52e-4f735466cecf":"f.01782A26726534229B57CD9AA69B47B8.d.ADB49703B077B96417C6E05A9FCC3EB0.e.11724","ELEMENT":"f.01782A26726534229B57CD9AA69B47B8.d.ADB49703B077B96417C6E05A9FCC3EB0.e.11724"}]}
RESULT: {"script":"<script> [8489 bytes]","args":[{"element-6066-11e4-a52e-4f735466cecf":"f.01782A26726534229B57CD9AA69B47B8.d.ADB49703B077B96417C6E05A9FCC3EB0.e.11724","ELEMENT":"f.01782A26726534229B57CD9AA69B47B8.d.ADB49703B077B96417C6E05A9FCC3EB0.e.11724"}]}
COMMAND: GET /session/293c5cce68a4e627b0c1e3a644c6160b/element/f.01782A26726534229B57CD9AA69B47B8.d.ADB49703B077B96417C6E05A9FCC3EB0.e.11724/enabled - {}
COMMAND: GET /session/293c5cce68a4e627b0c1e3a644c6160b/screenshot - {}
RESULT: {}
COMMAND: POST /session/293c5cce68a4e627b0c1e3a644c6160b/execute/sync - {"script":"<script> [8489 bytes]","args":[{"element-6066-11e4-a52e-4f735466cecf":"f.01782A26726534229B57CD9AA69B47B8.d.ADB49703B077B96417C6E05A9FCC3EB0.e.11724","ELEMENT":"f.01782A26726534229B57CD9AA69B47B8.d.ADB49703B077B96417C6E05A9FCC3EB0.e.11724"}]}
COMMAND: GET /session/293c5cce68a4e627b0c1e3a644c6160b/screenshot - {}
RESULT: {}
RESULT: {"script":"<script> [8489 bytes]","args":[{"element-6066-11e4-a52e-4f735466cecf":"f.01782A26726534229B57CD9AA69B47B8.d.ADB49703B077B96417C6E05A9FCC3EB0.e.11724","ELEMENT":"f.01782A26726534229B57CD9AA69B47B8.d.ADB49703B077B96417C6E05A9FCC3EB0.e.11724"}]}
COMMAND: POST /session/293c5cce68a4e627b0c1e3a644c6160b/execute/sync - {"script":"<script> [5351 bytes]","args":[{"element-6066-11e4-a52e-4f735466cecf":"f.01782A26726534229B57CD9AA69B47B8.d.ADB49703B077B96417C6E05A9FCC3EB0.e.11724","ELEMENT":"f.01782A26726534229B57CD9AA69B47B8.d.ADB49703B077B96417C6E05A9FCC3EB0.e.11724"}]}
COMMAND: GET /session/293c5cce68a4e627b0c1e3a644c6160b/screenshot - {}
RESULT: {}
RESULT: {"script":"<script> [5351 bytes]","args":[{"element-6066-11e4-a52e-4f735466cecf":"f.01782A26726534229B57CD9AA69B47B8.d.ADB49703B077B96417C6E05A9FCC3EB0.e.11724","ELEMENT":"f.01782A26726534229B57CD9AA69B47B8.d.ADB49703B077B96417C6E05A9FCC3EB0.e.11724"}]}
COMMAND: POST /session/293c5cce68a4e627b0c1e3a644c6160b/element/f.01782A26726534229B57CD9AA69B47B8.d.ADB49703B077B96417C6E05A9FCC3EB0.e.11724/click - {}
COMMAND: GET /session/293c5cce68a4e627b0c1e3a644c6160b/screenshot - {}
RESULT: {}
RESULT: {}
COMMAND: GET /session/293c5cce68a4e627b0c1e3a644c6160b/screenshot - {}
COMMAND: POST /session/293c5cce68a4e627b0c1e3a644c6160b/execute/async - {"script":"<script> [1562 bytes]","args":[{"selector":{"id":"application-manageresources-display-component---newResourceUnit--TYPE-arrow"},"wdio_ui5_key":"applicationmanageresources-display-component---newResourceUnit--TYPE-arrow"}]}
RESULT: {}
RESULT: {}
RESULT: {"script":"<script> [1562 bytes]","args":[{"selector":{"id":"application-manageresources-display-component---newResourceUnit--TYPE-arrow"},"wdio_ui5_key":"applicationmanageresources-display-component---newResourceUnit--TYPE-arrow"}]}
RESULT: undefined
COMMAND: POST /session/293c5cce68a4e627b0c1e3a644c6160b/element - {"using":"xpath","value":"//*[@id=\"application-manageresources-display-component---newResourceUnit--TYPE-arrow\"]"}
RESULT: {"using":"xpath","value":"//*[@id=\"application-manageresources-display-component---newResourceUnit--TYPE-arrow\"]"}
COMMAND: POST /session/293c5cce68a4e627b0c1e3a644c6160b/element/f.01782A26726534229B57CD9AA69B47B8.d.ADB49703B077B96417C6E05A9FCC3EB0.e.12071/click - {}
RESULT: {}
COMMAND: POST /session/293c5cce68a4e627b0c1e3a644c6160b/element - {"using":"xpath","value":"//input[@id=\"application-manageresources-display-component---newResourceUnit--TYPE-inner\"]"}
COMMAND: GET /session/293c5cce68a4e627b0c1e3a644c6160b/screenshot - {}
RESULT: {"using":"xpath","value":"//input[@id=\"application-manageresources-display-component---newResourceUnit--TYPE-inner\"]"}
COMMAND: POST /session/293c5cce68a4e627b0c1e3a644c6160b/element/f.01782A26726534229B57CD9AA69B47B8.d.ADB49703B077B96417C6E05A9FCC3EB0.e.12063/clear - {}
RESULT: {}
RESULT: {}
COMMAND: POST /session/293c5cce68a4e627b0c1e3a644c6160b/element/f.01782A26726534229B57CD9AA69B47B8.d.ADB49703B077B96417C6E05A9FCC3EB0.e.12063/value - {"text":"Material"}
COMMAND: GET /session/293c5cce68a4e627b0c1e3a644c6160b/screenshot - {}
RESULT: {"text":"Material"}
COMMAND: GET /session/293c5cce68a4e627b0c1e3a644c6160b/screenshot - {}
RESULT: {}
RESULT: {}
COMMAND: POST /session/293c5cce68a4e627b0c1e3a644c6160b/actions - {"actions":[{"id":"action44","type":"key","parameters":{},"actions":[{"type":"keyDown","value":"î€‡"},{"type":"pause","duration":10},{"type":"keyUp","value":"î€‡"}]}]}
RESULT: {"actions":[{"id":"action44","type":"key","parameters":{},"actions":[{"type":"keyDown","value":"î€‡"},{"type":"pause","duration":10},{"type":"keyUp","value":"î€‡"}]}]}
COMMAND: POST /session/293c5cce68a4e627b0c1e3a644c6160b/execute/async - {"script":"<script> [1562 bytes]","args":[{"selector":{"id":"application-manageresources-display-component---newResourceUnit--SHORT_TEXT","interaction":{"idSuffix":"inner"}},"wdio_ui5_key":"applicationmanageresources-display-component---newResourceUnit--SHORT_TEXT"}]}
COMMAND: GET /session/293c5cce68a4e627b0c1e3a644c6160b/screenshot - {}
RESULT: {"script":"<script> [1562 bytes]","args":[{"selector":{"id":"application-manageresources-display-component---newResourceUnit--SHORT_TEXT","interaction":{"idSuffix":"inner"}},"wdio_ui5_key":"applicationmanageresources-display-component---newResourceUnit--SHORT_TEXT"}]}
RESULT: undefined
COMMAND: POST /session/293c5cce68a4e627b0c1e3a644c6160b/execute/async - {"script":"<script> [776 bytes]","args":[{"enterText":"Cement WDIO","selector":{"id":"application-manageresources-display-component---newResourceUnit--SHORT_TEXT","interaction":{"idSuffix":"inner"}},"clearTextFirst":true,"interactionType":"ENTER_TEXT"}]}
RESULT: {}
RESULT: {"script":"<script> [776 bytes]","args":[{"enterText":"Cement WDIO","selector":{"id":"application-manageresources-display-component---newResourceUnit--SHORT_TEXT","interaction":{"idSuffix":"inner"}},"clearTextFirst":true,"interactionType":"ENTER_TEXT"}]}
COMMAND: POST /session/293c5cce68a4e627b0c1e3a644c6160b/execute/async - {"script":"<script> [1562 bytes]","args":[{"selector":{"id":"application-manageresources-display-component---newResourceUnit--BASE_UNIT_OF_MEASURE","interaction":{"idSuffix":"inner"}},"wdio_ui5_key":"applicationmanageresources-display-component---newResourceUnit--BASE_UNIT_OF_MEASURE"}]}
RESULT: {"script":"<script> [1562 bytes]","args":[{"selector":{"id":"application-manageresources-display-component---newResourceUnit--BASE_UNIT_OF_MEASURE","interaction":{"idSuffix":"inner"}},"wdio_ui5_key":"applicationmanageresources-display-component---newResourceUnit--BASE_UNIT_OF_MEASURE"}]}
RESULT: undefined
COMMAND: POST /session/293c5cce68a4e627b0c1e3a644c6160b/execute/async - {"script":"<script> [776 bytes]","args":[{"enterText":"Piece","selector":{"id":"application-manageresources-display-component---newResourceUnit--BASE_UNIT_OF_MEASURE","interaction":{"idSuffix":"inner"}},"clearTextFirst":true,"interactionType":"ENTER_TEXT"}]}
RESULT: {"script":"<script> [776 bytes]","args":[{"enterText":"Piece","selector":{"id":"application-manageresources-display-component---newResourceUnit--BASE_UNIT_OF_MEASURE","interaction":{"idSuffix":"inner"}},"clearTextFirst":true,"interactionType":"ENTER_TEXT"}]}
COMMAND: POST /session/293c5cce68a4e627b0c1e3a644c6160b/execute/async - {"script":"<script> [1562 bytes]","args":[{"selector":{"id":"application-manageresources-display-component---newResourceUnit--WEIGHT_UNIT","interaction":{"idSuffix":"inner"}},"wdio_ui5_key":"applicationmanageresources-display-component---newResourceUnit--WEIGHT_UNIT"}]}
RESULT: {"script":"<script> [1562 bytes]","args":[{"selector":{"id":"application-manageresources-display-component---newResourceUnit--WEIGHT_UNIT","interaction":{"idSuffix":"inner"}},"wdio_ui5_key":"applicationmanageresources-display-component---newResourceUnit--WEIGHT_UNIT"}]}
RESULT: undefined
COMMAND: POST /session/293c5cce68a4e627b0c1e3a644c6160b/execute/async - {"script":"<script> [776 bytes]","args":[{"enterText":"Gram","selector":{"id":"application-manageresources-display-component---newResourceUnit--WEIGHT_UNIT","interaction":{"idSuffix":"inner"}},"clearTextFirst":true,"interactionType":"ENTER_TEXT"}]}
RESULT: {"script":"<script> [776 bytes]","args":[{"enterText":"Gram","selector":{"id":"application-manageresources-display-component---newResourceUnit--WEIGHT_UNIT","interaction":{"idSuffix":"inner"}},"clearTextFirst":true,"interactionType":"ENTER_TEXT"}]}
COMMAND: POST /session/293c5cce68a4e627b0c1e3a644c6160b/execute/async - {"script":"<script> [1562 bytes]","args":[{"selector":{"id":"application-manageresources-display-component---newResourceUnit--DIMENSION_UNIT","interaction":{"idSuffix":"inner"}},"wdio_ui5_key":"applicationmanageresources-display-component---newResourceUnit--DIMENSION_UNIT"}]}
RESULT: {"script":"<script> [1562 bytes]","args":[{"selector":{"id":"application-manageresources-display-component---newResourceUnit--DIMENSION_UNIT","interaction":{"idSuffix":"inner"}},"wdio_ui5_key":"applicationmanageresources-display-component---newResourceUnit--DIMENSION_UNIT"}]}
RESULT: undefined
COMMAND: POST /session/293c5cce68a4e627b0c1e3a644c6160b/execute/async - {"script":"<script> [776 bytes]","args":[{"enterText":"Meter","selector":{"id":"application-manageresources-display-component---newResourceUnit--DIMENSION_UNIT","interaction":{"idSuffix":"inner"}},"clearTextFirst":true,"interactionType":"ENTER_TEXT"}]}
RESULT: {"script":"<script> [776 bytes]","args":[{"enterText":"Meter","selector":{"id":"application-manageresources-display-component---newResourceUnit--DIMENSION_UNIT","interaction":{"idSuffix":"inner"}},"clearTextFirst":true,"interactionType":"ENTER_TEXT"}]}
COMMAND: POST /session/293c5cce68a4e627b0c1e3a644c6160b/execute/async - {"script":"<script> [1562 bytes]","args":[{"selector":{"id":"application-manageresources-display-component---newResourceUnit--newRRUPage-anchBar-application-manageresources-display-component---newResourceUnit--control-anchor","interaction":{"idSuffix":"BDI-content"}},"wdio_ui5_key":"applicationmanageresources-display-component---newResourceUnit--newRRUPage-anchBar-application-manageresources-display-component---newResourceUnit--control-anchor"}]}
RESULT: {"script":"<script> [1562 bytes]","args":[{"selector":{"id":"application-manageresources-display-component---newResourceUnit--newRRUPage-anchBar-application-manageresources-display-component---newResourceUnit--control-anchor","interaction":{"idSuffix":"BDI-content"}},"wdio_ui5_key":"applicationmanageresources-display-component---newResourceUnit--newRRUPage-anchBar-application-manageresources-display-component---newResourceUnit--control-anchor"}]}
RESULT: undefined
COMMAND: POST /session/293c5cce68a4e627b0c1e3a644c6160b/element - {"using":"xpath","value":"//*[@id=\"application-manageresources-display-component---newResourceUnit--newRRUPage-anchBar-application-manageresources-display-component---newResourceUnit--control-anchor\"]"}
RESULT: {"using":"xpath","value":"//*[@id=\"application-manageresources-display-component---newResourceUnit--newRRUPage-anchBar-application-manageresources-display-component---newResourceUnit--control-anchor\"]"}
COMMAND: POST /session/293c5cce68a4e627b0c1e3a644c6160b/element/f.01782A26726534229B57CD9AA69B47B8.d.ADB49703B077B96417C6E05A9FCC3EB0.e.12138/click - {}
RESULT: {}
COMMAND: POST /session/293c5cce68a4e627b0c1e3a644c6160b/execute/async - {"script":"<script> [1562 bytes]","args":[{"selector":{"id":"application-manageresources-display-component---newResourceUnit--PLANNING_GROUP","interaction":{"idSuffix":"inner"}},"wdio_ui5_key":"applicationmanageresources-display-component---newResourceUnit--PLANNING_GROUP"}]}
COMMAND: GET /session/293c5cce68a4e627b0c1e3a644c6160b/screenshot - {}
RESULT: {"script":"<script> [1562 bytes]","args":[{"selector":{"id":"application-manageresources-display-component---newResourceUnit--PLANNING_GROUP","interaction":{"idSuffix":"inner"}},"wdio_ui5_key":"applicationmanageresources-display-component---newResourceUnit--PLANNING_GROUP"}]}
RESULT: undefined
COMMAND: POST /session/293c5cce68a4e627b0c1e3a644c6160b/execute/async - {"script":"<script> [776 bytes]","args":[{"enterText":"Material","selector":{"id":"application-manageresources-display-component---newResourceUnit--PLANNING_GROUP","interaction":{"idSuffix":"inner"}},"clearTextFirst":true,"interactionType":"ENTER_TEXT"}]}
RESULT: {}
RESULT: {"script":"<script> [776 bytes]","args":[{"enterText":"Material","selector":{"id":"application-manageresources-display-component---newResourceUnit--PLANNING_GROUP","interaction":{"idSuffix":"inner"}},"clearTextFirst":true,"interactionType":"ENTER_TEXT"}]}
COMMAND: POST /session/293c5cce68a4e627b0c1e3a644c6160b/execute/async - {"script":"<script> [1562 bytes]","args":[{"selector":{"id":"application-manageresources-display-component---newResourceUnit--PLANNING_INDICATOR","interaction":{"idSuffix":"inner"}},"wdio_ui5_key":"applicationmanageresources-display-component---newResourceUnit--PLANNING_INDICATOR"}]}
RESULT: {"script":"<script> [1562 bytes]","args":[{"selector":{"id":"application-manageresources-display-component---newResourceUnit--PLANNING_INDICATOR","interaction":{"idSuffix":"inner"}},"wdio_ui5_key":"applicationmanageresources-display-component---newResourceUnit--PLANNING_INDICATOR"}]}
RESULT: undefined
COMMAND: POST /session/293c5cce68a4e627b0c1e3a644c6160b/execute/async - {"script":"<script> [776 bytes]","args":[{"enterText":"10 - infinite","selector":{"id":"application-manageresources-display-component---newResourceUnit--PLANNING_INDICATOR","interaction":{"idSuffix":"inner"}},"clearTextFirst":true,"interactionType":"ENTER_TEXT"}]}
RESULT: {"script":"<script> [776 bytes]","args":[{"enterText":"10 - infinite","selector":{"id":"application-manageresources-display-component---newResourceUnit--PLANNING_INDICATOR","interaction":{"idSuffix":"inner"}},"clearTextFirst":true,"interactionType":"ENTER_TEXT"}]}
COMMAND: POST /session/293c5cce68a4e627b0c1e3a644c6160b/element - {"using":"css selector","value":"#application-manageresources-display-component---newResourceUnit--btnAddTimeSegment"}
RESULT: {"using":"css selector","value":"#application-manageresources-display-component---newResourceUnit--btnAddTimeSegment"}
COMMAND: GET /session/293c5cce68a4e627b0c1e3a644c6160b/element/f.01782A26726534229B57CD9AA69B47B8.d.ADB49703B077B96417C6E05A9FCC3EB0.e.12147/rect - {}
RESULT: {}
COMMAND: GET /session/293c5cce68a4e627b0c1e3a644c6160b/window/rect - {}
RESULT: {}
COMMAND: POST /session/293c5cce68a4e627b0c1e3a644c6160b/execute/sync - {"script":"<script> [92 bytes]","args":[]}
RESULT: {"script":"<script> [92 bytes]","args":[]}
COMMAND: POST /session/293c5cce68a4e627b0c1e3a644c6160b/actions - {"actions":[{"id":"action45","type":"wheel","parameters":{},"actions":[{"type":"scroll","x":-1888,"y":-32,"deltaX":0,"deltaY":0,"duration":0,"origin":{"element-6066-11e4-a52e-4f735466cecf":"f.01782A26726534229B57CD9AA69B47B8.d.ADB49703B077B96417C6E05A9FCC3EB0.e.12147"}}]}]}
COMMAND: GET /session/293c5cce68a4e627b0c1e3a644c6160b/screenshot - {}
RESULT: {}
COMMAND: POST /session/293c5cce68a4e627b0c1e3a644c6160b/execute/sync - {"script":"<script> [79 bytes]","args":[{"element-6066-11e4-a52e-4f735466cecf":"f.01782A26726534229B57CD9AA69B47B8.d.ADB49703B077B96417C6E05A9FCC3EB0.e.12147","ELEMENT":"f.01782A26726534229B57CD9AA69B47B8.d.ADB49703B077B96417C6E05A9FCC3EB0.e.12147"},{"block":"start","inline":"nearest"}]}
RESULT: {"script":"<script> [79 bytes]","args":[{"element-6066-11e4-a52e-4f735466cecf":"f.01782A26726534229B57CD9AA69B47B8.d.ADB49703B077B96417C6E05A9FCC3EB0.e.12147","ELEMENT":"f.01782A26726534229B57CD9AA69B47B8.d.ADB49703B077B96417C6E05A9FCC3EB0.e.12147"},{"block":"start","inline":"nearest"}]}
COMMAND: POST /session/293c5cce68a4e627b0c1e3a644c6160b/execute/async - {"script":"<script> [1562 bytes]","args":[{"selector":{"id":"application-manageresources-display-component---newResourceUnit--btnAddTimeSegment","interaction":{"idSuffix":"inner"}},"wdio_ui5_key":"applicationmanageresources-display-component---newResourceUnit--btnAddTimeSegment"}]}
COMMAND: GET /session/293c5cce68a4e627b0c1e3a644c6160b/screenshot - {}
RESULT: {"script":"<script> [1562 bytes]","args":[{"selector":{"id":"application-manageresources-display-component---newResourceUnit--btnAddTimeSegment","interaction":{"idSuffix":"inner"}},"wdio_ui5_key":"applicationmanageresources-display-component---newResourceUnit--btnAddTimeSegment"}]}
RESULT: undefined
COMMAND: POST /session/293c5cce68a4e627b0c1e3a644c6160b/element - {"using":"xpath","value":"//*[@id=\"application-manageresources-display-component---newResourceUnit--btnAddTimeSegment\"]"}
RESULT: {}
RESULT: {"using":"xpath","value":"//*[@id=\"application-manageresources-display-component---newResourceUnit--btnAddTimeSegment\"]"}
COMMAND: POST /session/293c5cce68a4e627b0c1e3a644c6160b/element/f.01782A26726534229B57CD9AA69B47B8.d.ADB49703B077B96417C6E05A9FCC3EB0.e.12147/click - {}
RESULT: {}
COMMAND: GET /session/293c5cce68a4e627b0c1e3a644c6160b/screenshot - {}
RESULT: {}
COMMAND: POST /session/293c5cce68a4e627b0c1e3a644c6160b/element - {"using":"xpath","value":"//input[@id=\"application-manageresources-display-component---newResourceUnit--idRuTSAdmin-application-manageresources-display-component---newResourceUnit--RUTimeSegment-0-inner\"]"}
RESULT: {"using":"xpath","value":"//input[@id=\"application-manageresources-display-component---newResourceUnit--idRuTSAdmin-application-manageresources-display-component---newResourceUnit--RUTimeSegment-0-inner\"]"}
COMMAND: POST /session/293c5cce68a4e627b0c1e3a644c6160b/element/f.01782A26726534229B57CD9AA69B47B8.d.ADB49703B077B96417C6E05A9FCC3EB0.e.12152/clear - {}
RESULT: {}
COMMAND: POST /session/293c5cce68a4e627b0c1e3a644c6160b/element/f.01782A26726534229B57CD9AA69B47B8.d.ADB49703B077B96417C6E05A9FCC3EB0.e.12152/value - {"text":"189"}
COMMAND: GET /session/293c5cce68a4e627b0c1e3a644c6160b/screenshot - {}
RESULT: {"text":"189"}
COMMAND: GET /session/293c5cce68a4e627b0c1e3a644c6160b/screenshot - {}
RESULT: {}
RESULT: {}
COMMAND: POST /session/293c5cce68a4e627b0c1e3a644c6160b/element - {"using":"xpath","value":"//li[.//span[text()='189']]"}
RESULT: {"using":"xpath","value":"//li[.//span[text()='189']]"}
COMMAND: POST /session/293c5cce68a4e627b0c1e3a644c6160b/element/f.01782A26726534229B57CD9AA69B47B8.d.ADB49703B077B96417C6E05A9FCC3EB0.e.12161/click - {}
RESULT: {}
COMMAND: GET /session/293c5cce68a4e627b0c1e3a644c6160b/screenshot - {}
RESULT: {}
COMMAND: POST /session/293c5cce68a4e627b0c1e3a644c6160b/element - {"using":"xpath","value":"(//span[contains(@id, \"-application-manageresources-display-component---newResourceUnit--RUTimeSegment-0-arrow\")])[2]"}
RESULT: {"using":"xpath","value":"(//span[contains(@id, \"-application-manageresources-display-component---newResourceUnit--RUTimeSegment-0-arrow\")])[2]"}
COMMAND: POST /session/293c5cce68a4e627b0c1e3a644c6160b/element/f.01782A26726534229B57CD9AA69B47B8.d.ADB49703B077B96417C6E05A9FCC3EB0.e.12162/click - {}
RESULT: {}
COMMAND: POST /session/293c5cce68a4e627b0c1e3a644c6160b/element - {"using":"xpath","value":"//span[contains(text(), \"PM Order\")]"}
COMMAND: GET /session/293c5cce68a4e627b0c1e3a644c6160b/screenshot - {}
RESULT: {"using":"xpath","value":"//span[contains(text(), \"PM Order\")]"}
COMMAND: POST /session/293c5cce68a4e627b0c1e3a644c6160b/element/f.01782A26726534229B57CD9AA69B47B8.d.ADB49703B077B96417C6E05A9FCC3EB0.e.12163/click - {}
RESULT: {}
RESULT: {}
COMMAND: GET /session/293c5cce68a4e627b0c1e3a644c6160b/screenshot - {}
RESULT: {}
COMMAND: POST /session/293c5cce68a4e627b0c1e3a644c6160b/element - {"using":"xpath","value":"//td/div/div/div/span[contains(@id, \"newResourceUnit--RUTimeSegment-0-vhi\")][1]"}
RESULT: {"using":"xpath","value":"//td/div/div/div/span[contains(@id, \"newResourceUnit--RUTimeSegment-0-vhi\")][1]"}
COMMAND: GET /session/293c5cce68a4e627b0c1e3a644c6160b/element/f.01782A26726534229B57CD9AA69B47B8.d.ADB49703B077B96417C6E05A9FCC3EB0.e.12167/rect - {}
RESULT: {}
COMMAND: GET /session/293c5cce68a4e627b0c1e3a644c6160b/window/rect - {}
RESULT: {}
COMMAND: POST /session/293c5cce68a4e627b0c1e3a644c6160b/execute/sync - {"script":"<script> [92 bytes]","args":[]}
RESULT: {"script":"<script> [92 bytes]","args":[]}
COMMAND: POST /session/293c5cce68a4e627b0c1e3a644c6160b/actions - {"actions":[{"id":"action46","type":"wheel","parameters":{},"actions":[{"type":"scroll","x":-1888,"y":-24,"deltaX":0,"deltaY":0,"duration":0,"origin":{"element-6066-11e4-a52e-4f735466cecf":"f.01782A26726534229B57CD9AA69B47B8.d.ADB49703B077B96417C6E05A9FCC3EB0.e.12167"}}]}]}
COMMAND: GET /session/293c5cce68a4e627b0c1e3a644c6160b/screenshot - {}
RESULT: {}
COMMAND: POST /session/293c5cce68a4e627b0c1e3a644c6160b/execute/sync - {"script":"<script> [79 bytes]","args":[{"element-6066-11e4-a52e-4f735466cecf":"f.01782A26726534229B57CD9AA69B47B8.d.ADB49703B077B96417C6E05A9FCC3EB0.e.12167","ELEMENT":"f.01782A26726534229B57CD9AA69B47B8.d.ADB49703B077B96417C6E05A9FCC3EB0.e.12167"},{"block":"start","inline":"nearest"}]}
RESULT: {"script":"<script> [79 bytes]","args":[{"element-6066-11e4-a52e-4f735466cecf":"f.01782A26726534229B57CD9AA69B47B8.d.ADB49703B077B96417C6E05A9FCC3EB0.e.12167","ELEMENT":"f.01782A26726534229B57CD9AA69B47B8.d.ADB49703B077B96417C6E05A9FCC3EB0.e.12167"},{"block":"start","inline":"nearest"}]}
COMMAND: GET /session/293c5cce68a4e627b0c1e3a644c6160b/screenshot - {}
RESULT: {}
COMMAND: POST /session/293c5cce68a4e627b0c1e3a644c6160b/element/f.01782A26726534229B57CD9AA69B47B8.d.ADB49703B077B96417C6E05A9FCC3EB0.e.12167/click - {}
RESULT: {}
COMMAND: GET /session/293c5cce68a4e627b0c1e3a644c6160b/screenshot - {}
RESULT: {}
COMMAND: POST /session/293c5cce68a4e627b0c1e3a644c6160b/execute/async - {"script":"<script> [1562 bytes]","args":[{"selector":{"controlType":"sap.m.SearchField","properties":{"placeholder":"Search"},"searchOpenDialogs":true,"interaction":{"idSuffix":"I"}},"wdio_ui5_key":"sapm.SearchField{\"placeholder\":\"Search\"}"}]}
RESULT: {"script":"<script> [1562 bytes]","args":[{"selector":{"controlType":"sap.m.SearchField","properties":{"placeholder":"Search"},"searchOpenDialogs":true,"interaction":{"idSuffix":"I"}},"wdio_ui5_key":"sapm.SearchField{\"placeholder\":\"Search\"}"}]}
RESULT: undefined
COMMAND: POST /session/293c5cce68a4e627b0c1e3a644c6160b/execute/async - {"script":"<script> [776 bytes]","args":[{"enterText":"4000360","selector":{"controlType":"sap.m.SearchField","properties":{"placeholder":"Search"},"searchOpenDialogs":true,"interaction":{"idSuffix":"I"}},"clearTextFirst":true,"interactionType":"ENTER_TEXT"}]}
RESULT: {"script":"<script> [776 bytes]","args":[{"enterText":"4000360","selector":{"controlType":"sap.m.SearchField","properties":{"placeholder":"Search"},"searchOpenDialogs":true,"interaction":{"idSuffix":"I"}},"clearTextFirst":true,"interactionType":"ENTER_TEXT"}]}
COMMAND: POST /session/293c5cce68a4e627b0c1e3a644c6160b/actions - {"actions":[{"id":"action47","type":"key","parameters":{},"actions":[{"type":"keyDown","value":"î€‡"},{"type":"pause","duration":10},{"type":"keyUp","value":"î€‡"}]}]}
RESULT: {"actions":[{"id":"action47","type":"key","parameters":{},"actions":[{"type":"keyDown","value":"î€‡"},{"type":"pause","duration":10},{"type":"keyUp","value":"î€‡"}]}]}
COMMAND: GET /session/293c5cce68a4e627b0c1e3a644c6160b/screenshot - {}
RESULT: {}
COMMAND: POST /session/293c5cce68a4e627b0c1e3a644c6160b/element - {"using":"xpath","value":"//td/div/span[contains(text(), \"BGL Vehicles\")]"}
RESULT: {"using":"xpath","value":"//td/div/span[contains(text(), \"BGL Vehicles\")]"}
COMMAND: POST /session/293c5cce68a4e627b0c1e3a644c6160b/element/f.01782A26726534229B57CD9AA69B47B8.d.ADB49703B077B96417C6E05A9FCC3EB0.e.12188/click - {}
RESULT: {}
COMMAND: GET /session/293c5cce68a4e627b0c1e3a644c6160b/screenshot - {}
RESULT: {}
COMMAND: POST /session/293c5cce68a4e627b0c1e3a644c6160b/element - {"using":"xpath","value":"//bdi[contains(text(), \"OK\")]"}
RESULT: {"using":"xpath","value":"//bdi[contains(text(), \"OK\")]"}
COMMAND: POST /session/293c5cce68a4e627b0c1e3a644c6160b/element/f.01782A26726534229B57CD9AA69B47B8.d.ADB49703B077B96417C6E05A9FCC3EB0.e.12189/click - {}
RESULT: {}
COMMAND: GET /session/293c5cce68a4e627b0c1e3a644c6160b/screenshot - {}
RESULT: {}
COMMAND: POST /session/293c5cce68a4e627b0c1e3a644c6160b/element - {"using":"xpath","value":"//label[contains(@class, 'sapMLabelRequired') and .//bdi[contains(text(), 'Planned Retirement')]]"}
RESULT: {"using":"xpath","value":"//label[contains(@class, 'sapMLabelRequired') and .//bdi[contains(text(), 'Planned Retirement')]]"}
COMMAND: POST /session/293c5cce68a4e627b0c1e3a644c6160b/elements - {"using":"xpath","value":"//label[contains(@class, 'sapMLabelRequired') and .//bdi[contains(text(), 'Planned Retirement')]]"}
RESULT: {"using":"xpath","value":"//label[contains(@class, 'sapMLabelRequired') and .//bdi[contains(text(), 'Planned Retirement')]]"}
COMMAND: POST /session/293c5cce68a4e627b0c1e3a644c6160b/element - {"using":"xpath","value":"//button[@data-kt=\"resourceUnitSaveButton\"]"}
RESULT: {"using":"xpath","value":"//button[@data-kt=\"resourceUnitSaveButton\"]"}
COMMAND: POST /session/293c5cce68a4e627b0c1e3a644c6160b/element/f.01782A26726534229B57CD9AA69B47B8.d.ADB49703B077B96417C6E05A9FCC3EB0.e.12090/click - {}
RESULT: {}
COMMAND: GET /session/293c5cce68a4e627b0c1e3a644c6160b/screenshot - {}
RESULT: {}
COMMAND: POST /session/293c5cce68a4e627b0c1e3a644c6160b/element - {"using":"xpath","value":"//bdi[contains(text(), \"Close\")]"}
RESULT: {"using":"xpath","value":"//bdi[contains(text(), \"Close\")]"}
COMMAND: POST /session/293c5cce68a4e627b0c1e3a644c6160b/element/f.01782A26726534229B57CD9AA69B47B8.d.ADB49703B077B96417C6E05A9FCC3EB0.e.12195/click - {}
RESULT: {}
COMMAND: GET /session/293c5cce68a4e627b0c1e3a644c6160b/screenshot - {}
RESULT: {}
COMMAND: POST /session/293c5cce68a4e627b0c1e3a644c6160b/element - {"using":"xpath","value":"//header[contains(@id, 'detailRruPage-headerTitle')]/div[1]/div[2]/div[2]/span[1]"}
RESULT: {"using":"xpath","value":"//header[contains(@id, 'detailRruPage-headerTitle')]/div[1]/div[2]/div[2]/span[1]"}
COMMAND: POST /session/293c5cce68a4e627b0c1e3a644c6160b/elements - {"using":"xpath","value":"//header[contains(@id, 'detailRruPage-headerTitle')]/div[1]/div[2]/div[2]/span[1]"}
RESULT: {"using":"xpath","value":"//header[contains(@id, 'detailRruPage-headerTitle')]/div[1]/div[2]/div[2]/span[1]"}
COMMAND: POST /session/293c5cce68a4e627b0c1e3a644c6160b/execute/sync - {"script":"<script> [56 bytes]","args":[{"element-6066-11e4-a52e-4f735466cecf":"f.01782A26726534229B57CD9AA69B47B8.d.ADB49703B077B96417C6E05A9FCC3EB0.e.12229","ELEMENT":"f.01782A26726534229B57CD9AA69B47B8.d.ADB49703B077B96417C6E05A9FCC3EB0.e.12229"}]}
RESULT: {"script":"<script> [56 bytes]","args":[{"element-6066-11e4-a52e-4f735466cecf":"f.01782A26726534229B57CD9AA69B47B8.d.ADB49703B077B96417C6E05A9FCC3EB0.e.12229","ELEMENT":"f.01782A26726534229B57CD9AA69B47B8.d.ADB49703B077B96417C6E05A9FCC3EB0.e.12229"}]}
COMMAND: POST /session/293c5cce68a4e627b0c1e3a644c6160b/element - {"using":"css selector","value":"#shell-header-logo"}
COMMAND: GET /session/293c5cce68a4e627b0c1e3a644c6160b/screenshot - {}
RESULT: {"using":"css selector","value":"#shell-header-logo"}
COMMAND: POST /session/293c5cce68a4e627b0c1e3a644c6160b/element/f.01782A26726534229B57CD9AA69B47B8.d.ADB49703B077B96417C6E05A9FCC3EB0.e.11559/click - {}
RESULT: {}
RESULT: {}
COMMAND: GET /session/293c5cce68a4e627b0c1e3a644c6160b/screenshot - {}
RESULT: {}
]]></system-out>
    </testcase>
    <testcase classname="chrome.136_0_7103_49.windows.Create_masterdata_for_Yard_Overview_-_trigger_provide_US130988" name="Bin Status Report Should Create New Organization yard" time="0.004" />
    <testcase classname="chrome.136_0_7103_49.windows.Create_masterdata_for_Yard_Overview_-_trigger_provide_US130988" name="Create a Warehouse Movement for created yard" time="41.652">
      <system-out><![CDATA[
COMMAND: POST /session/293c5cce68a4e627b0c1e3a644c6160b/execute/async - {"script":"<script> [1562 bytes]","args":[{"selector":{"controlType":"sap.m.GenericTile","properties":{"header":"Manage Warehouse Movements"}},"wdio_ui5_key":"sapm.GenericTile{\"header\":\"Manage Warehouse Movements\"}"}]}
RESULT: {"script":"<script> [1562 bytes]","args":[{"selector":{"controlType":"sap.m.GenericTile","properties":{"header":"Manage Warehouse Movements"}},"wdio_ui5_key":"sapm.GenericTile{\"header\":\"Manage Warehouse Movements\"}"}]}
RESULT: undefined
COMMAND: POST /session/293c5cce68a4e627b0c1e3a644c6160b/element - {"using":"xpath","value":"//*[@id=\"__tile105\"]"}
RESULT: {"using":"xpath","value":"//*[@id=\"__tile105\"]"}
COMMAND: POST /session/293c5cce68a4e627b0c1e3a644c6160b/element/f.01782A26726534229B57CD9AA69B47B8.d.ADB49703B077B96417C6E05A9FCC3EB0.e.12233/click - {}
RESULT: {}
COMMAND: POST /session/293c5cce68a4e627b0c1e3a644c6160b/element - {"using":"xpath","value":"//input[@id='application-warehousemovements-display-component---warehouseMovements--smartFilterBar-filterItemControl_BASIC-YARD-inner']"}
COMMAND: GET /session/293c5cce68a4e627b0c1e3a644c6160b/screenshot - {}
RESULT: {"using":"xpath","value":"//input[@id='application-warehousemovements-display-component---warehouseMovements--smartFilterBar-filterItemControl_BASIC-YARD-inner']"}
COMMAND: POST /session/293c5cce68a4e627b0c1e3a644c6160b/elements - {"using":"xpath","value":"//input[@id='application-warehousemovements-display-component---warehouseMovements--smartFilterBar-filterItemControl_BASIC-YARD-inner']"}
RESULT: {}
RESULT: {"using":"xpath","value":"//input[@id='application-warehousemovements-display-component---warehouseMovements--smartFilterBar-filterItemControl_BASIC-YARD-inner']"}
COMMAND: POST /session/293c5cce68a4e627b0c1e3a644c6160b/element - {"using":"xpath","value":"//input[@id='application-warehousemovements-display-component---warehouseMovements--smartFilterBar-filterItemControl_BASIC-YARD-inner']"}
RESULT: {"using":"xpath","value":"//input[@id='application-warehousemovements-display-component---warehouseMovements--smartFilterBar-filterItemControl_BASIC-YARD-inner']"}
COMMAND: POST /session/293c5cce68a4e627b0c1e3a644c6160b/execute/sync - {"script":"<script> [8489 bytes]","args":[{"element-6066-11e4-a52e-4f735466cecf":"f.01782A26726534229B57CD9AA69B47B8.d.ADB49703B077B96417C6E05A9FCC3EB0.e.12257","ELEMENT":"f.01782A26726534229B57CD9AA69B47B8.d.ADB49703B077B96417C6E05A9FCC3EB0.e.12257"}]}
RESULT: {"script":"<script> [8489 bytes]","args":[{"element-6066-11e4-a52e-4f735466cecf":"f.01782A26726534229B57CD9AA69B47B8.d.ADB49703B077B96417C6E05A9FCC3EB0.e.12257","ELEMENT":"f.01782A26726534229B57CD9AA69B47B8.d.ADB49703B077B96417C6E05A9FCC3EB0.e.12257"}]}
COMMAND: GET /session/293c5cce68a4e627b0c1e3a644c6160b/element/f.01782A26726534229B57CD9AA69B47B8.d.ADB49703B077B96417C6E05A9FCC3EB0.e.12257/enabled - {}
COMMAND: GET /session/293c5cce68a4e627b0c1e3a644c6160b/screenshot - {}
RESULT: {}
COMMAND: POST /session/293c5cce68a4e627b0c1e3a644c6160b/execute/sync - {"script":"<script> [8489 bytes]","args":[{"element-6066-11e4-a52e-4f735466cecf":"f.01782A26726534229B57CD9AA69B47B8.d.ADB49703B077B96417C6E05A9FCC3EB0.e.12257","ELEMENT":"f.01782A26726534229B57CD9AA69B47B8.d.ADB49703B077B96417C6E05A9FCC3EB0.e.12257"}]}
COMMAND: GET /session/293c5cce68a4e627b0c1e3a644c6160b/screenshot - {}
RESULT: {}
RESULT: {"script":"<script> [8489 bytes]","args":[{"element-6066-11e4-a52e-4f735466cecf":"f.01782A26726534229B57CD9AA69B47B8.d.ADB49703B077B96417C6E05A9FCC3EB0.e.12257","ELEMENT":"f.01782A26726534229B57CD9AA69B47B8.d.ADB49703B077B96417C6E05A9FCC3EB0.e.12257"}]}
COMMAND: POST /session/293c5cce68a4e627b0c1e3a644c6160b/execute/sync - {"script":"<script> [5351 bytes]","args":[{"element-6066-11e4-a52e-4f735466cecf":"f.01782A26726534229B57CD9AA69B47B8.d.ADB49703B077B96417C6E05A9FCC3EB0.e.12257","ELEMENT":"f.01782A26726534229B57CD9AA69B47B8.d.ADB49703B077B96417C6E05A9FCC3EB0.e.12257"}]}
COMMAND: GET /session/293c5cce68a4e627b0c1e3a644c6160b/screenshot - {}
RESULT: {}
RESULT: {"script":"<script> [5351 bytes]","args":[{"element-6066-11e4-a52e-4f735466cecf":"f.01782A26726534229B57CD9AA69B47B8.d.ADB49703B077B96417C6E05A9FCC3EB0.e.12257","ELEMENT":"f.01782A26726534229B57CD9AA69B47B8.d.ADB49703B077B96417C6E05A9FCC3EB0.e.12257"}]}
COMMAND: GET /session/293c5cce68a4e627b0c1e3a644c6160b/screenshot - {}
RESULT: {}
RESULT: {}
COMMAND: POST /session/293c5cce68a4e627b0c1e3a644c6160b/element/f.01782A26726534229B57CD9AA69B47B8.d.ADB49703B077B96417C6E05A9FCC3EB0.e.12257/clear - {}
RESULT: {}
COMMAND: POST /session/293c5cce68a4e627b0c1e3a644c6160b/element/f.01782A26726534229B57CD9AA69B47B8.d.ADB49703B077B96417C6E05A9FCC3EB0.e.12257/value - {"text":"189"}
COMMAND: GET /session/293c5cce68a4e627b0c1e3a644c6160b/screenshot - {}
RESULT: {"text":"189"}
COMMAND: POST /session/293c5cce68a4e627b0c1e3a644c6160b/actions - {"actions":[{"id":"action48","type":"key","parameters":{},"actions":[{"type":"keyDown","value":"î€‡"},{"type":"pause","duration":10},{"type":"keyUp","value":"î€‡"}]}]}
COMMAND: GET /session/293c5cce68a4e627b0c1e3a644c6160b/screenshot - {}
RESULT: {}
RESULT: {"actions":[{"id":"action48","type":"key","parameters":{},"actions":[{"type":"keyDown","value":"î€‡"},{"type":"pause","duration":10},{"type":"keyUp","value":"î€‡"}]}]}
COMMAND: GET /session/293c5cce68a4e627b0c1e3a644c6160b/screenshot - {}
RESULT: {}
RESULT: {}
COMMAND: POST /session/293c5cce68a4e627b0c1e3a644c6160b/element - {"using":"xpath","value":"//button[contains(@data-kt, \"MasterMovementAddOverflowToolbarButton\")]"}
RESULT: {"using":"xpath","value":"//button[contains(@data-kt, \"MasterMovementAddOverflowToolbarButton\")]"}
COMMAND: POST /session/293c5cce68a4e627b0c1e3a644c6160b/element/f.01782A26726534229B57CD9AA69B47B8.d.ADB49703B077B96417C6E05A9FCC3EB0.e.12267/click - {}
RESULT: {}
COMMAND: GET /session/293c5cce68a4e627b0c1e3a644c6160b/screenshot - {}
RESULT: {}
COMMAND: POST /session/293c5cce68a4e627b0c1e3a644c6160b/element - {"using":"xpath","value":"//*[@id=\"application-warehousemovements-display-component---addMovement--sectionsList-arrow\"]"}
RESULT: {"using":"xpath","value":"//*[@id=\"application-warehousemovements-display-component---addMovement--sectionsList-arrow\"]"}
COMMAND: POST /session/293c5cce68a4e627b0c1e3a644c6160b/element/f.01782A26726534229B57CD9AA69B47B8.d.ADB49703B077B96417C6E05A9FCC3EB0.e.12445/click - {}
RESULT: {}
COMMAND: POST /session/293c5cce68a4e627b0c1e3a644c6160b/actions - {"actions":[{"id":"action49","type":"key","parameters":{},"actions":[{"type":"keyDown","value":"î€•"},{"type":"pause","duration":10},{"type":"keyUp","value":"î€•"}]}]}
COMMAND: GET /session/293c5cce68a4e627b0c1e3a644c6160b/screenshot - {}
RESULT: {"actions":[{"id":"action49","type":"key","parameters":{},"actions":[{"type":"keyDown","value":"î€•"},{"type":"pause","duration":10},{"type":"keyUp","value":"î€•"}]}]}
COMMAND: GET /session/293c5cce68a4e627b0c1e3a644c6160b/screenshot - {}
RESULT: {}
RESULT: {}
COMMAND: POST /session/293c5cce68a4e627b0c1e3a644c6160b/actions - {"actions":[{"id":"action50","type":"key","parameters":{},"actions":[{"type":"keyDown","value":"î€‡"},{"type":"pause","duration":10},{"type":"keyUp","value":"î€‡"}]}]}
RESULT: {"actions":[{"id":"action50","type":"key","parameters":{},"actions":[{"type":"keyDown","value":"î€‡"},{"type":"pause","duration":10},{"type":"keyUp","value":"î€‡"}]}]}
COMMAND: GET /session/293c5cce68a4e627b0c1e3a644c6160b/screenshot - {}
RESULT: {}
COMMAND: POST /session/293c5cce68a4e627b0c1e3a644c6160b/element - {"using":"xpath","value":"//*[@id=\"application-warehousemovements-display-component---addMovement--saveMovementBtn-BDI-content\" and text()=\"Save\"]"}
RESULT: {"using":"xpath","value":"//*[@id=\"application-warehousemovements-display-component---addMovement--saveMovementBtn-BDI-content\" and text()=\"Save\"]"}
COMMAND: POST /session/293c5cce68a4e627b0c1e3a644c6160b/element/f.01782A26726534229B57CD9AA69B47B8.d.ADB49703B077B96417C6E05A9FCC3EB0.e.12446/click - {}
RESULT: {}
COMMAND: GET /session/293c5cce68a4e627b0c1e3a644c6160b/screenshot - {}
RESULT: {}
COMMAND: POST /session/293c5cce68a4e627b0c1e3a644c6160b/element - {"using":"css selector","value":"#shell-header-logo"}
RESULT: {"using":"css selector","value":"#shell-header-logo"}
COMMAND: POST /session/293c5cce68a4e627b0c1e3a644c6160b/element/f.01782A26726534229B57CD9AA69B47B8.d.ADB49703B077B96417C6E05A9FCC3EB0.e.12237/click - {}
RESULT: {}
COMMAND: GET /session/293c5cce68a4e627b0c1e3a644c6160b/screenshot - {}
RESULT: {}
]]></system-out>
    </testcase>
    <testcase classname="chrome.136_0_7103_49.windows.Create_masterdata_for_Yard_Overview_-_trigger_provide_US130988" name="Set status to defect" time="33.252">
      <system-out><![CDATA[
COMMAND: GET /session/293c5cce68a4e627b0c1e3a644c6160b/screenshot - {}
COMMAND: POST /session/293c5cce68a4e627b0c1e3a644c6160b/execute/async - {"script":"<script> [1562 bytes]","args":[{"selector":{"controlType":"sap.ushell.ui.launchpad.AnchorItem","bindingPath":{"path":"/groups/3","propertyPath":"index"},"interaction":{"idSuffix":"inner"}},"wdio_ui5_key":"sapushell.ui.launchpad.AnchorItem{\"path\":\"/groups/3\",\"propertyPath\":\"index\"}"}]}
RESULT: {}
RESULT: {"script":"<script> [1562 bytes]","args":[{"selector":{"controlType":"sap.ushell.ui.launchpad.AnchorItem","bindingPath":{"path":"/groups/3","propertyPath":"index"},"interaction":{"idSuffix":"inner"}},"wdio_ui5_key":"sapushell.ui.launchpad.AnchorItem{\"path\":\"/groups/3\",\"propertyPath\":\"index\"}"}]}
RESULT: undefined
COMMAND: POST /session/293c5cce68a4e627b0c1e3a644c6160b/execute/async - {"script":"<script> [1562 bytes]","args":[{"selector":{"controlType":"sap.m.GenericTile","properties":{"header":"Manage States & Performance"}},"wdio_ui5_key":"sapm.GenericTile{\"header\":\"Manage States & Performance\"}"}]}
RESULT: {"script":"<script> [1562 bytes]","args":[{"selector":{"controlType":"sap.m.GenericTile","properties":{"header":"Manage States & Performance"}},"wdio_ui5_key":"sapm.GenericTile{\"header\":\"Manage States & Performance\"}"}]}
RESULT: undefined
COMMAND: POST /session/293c5cce68a4e627b0c1e3a644c6160b/elements - {"using":"xpath","value":"//span[text()='Error']"}
RESULT: {"using":"xpath","value":"//span[text()='Error']"}
COMMAND: POST /session/293c5cce68a4e627b0c1e3a644c6160b/execute/async - {"script":"<script> [1562 bytes]","args":[{"selector":{"controlType":"sap.ui.core.Icon","viewName":"etm.portal.ui.managestatesandperformance.view.Master","viewId":"application-managestatesandperformance-display-component---stateAndPerform","properties":{"src":{"regex":{"source":"inventory"}}}},"wdio_ui5_key":"etmportal.ui.managestatesandperformance.view.Mastersap.ui.core.Icon{\"src\":{\"regex\":{\"source\":\"inventory\"}}}"}]}
RESULT: {"script":"<script> [1562 bytes]","args":[{"selector":{"controlType":"sap.ui.core.Icon","viewName":"etm.portal.ui.managestatesandperformance.view.Master","viewId":"application-managestatesandperformance-display-component---stateAndPerform","properties":{"src":{"regex":{"source":"inventory"}}}},"wdio_ui5_key":"etmportal.ui.managestatesandperformance.view.Mastersap.ui.core.Icon{\"src\":{\"regex\":{\"source\":\"inventory\"}}}"}]}
RESULT: undefined
COMMAND: POST /session/293c5cce68a4e627b0c1e3a644c6160b/execute/async - {"script":"<script> [1562 bytes]","args":[{"selector":{"id":"application-managestatesandperformance-display-component---stateAndPerform--smartFilterBarYard-btnBasicSearch","interaction":{"idSuffix":"I"}},"wdio_ui5_key":"applicationmanagestatesandperformance-display-component---stateAndPerform--smartFilterBarYard-btnBasicSearch"}]}
RESULT: {"script":"<script> [1562 bytes]","args":[{"selector":{"id":"application-managestatesandperformance-display-component---stateAndPerform--smartFilterBarYard-btnBasicSearch","interaction":{"idSuffix":"I"}},"wdio_ui5_key":"applicationmanagestatesandperformance-display-component---stateAndPerform--smartFilterBarYard-btnBasicSearch"}]}
RESULT: undefined
COMMAND: POST /session/293c5cce68a4e627b0c1e3a644c6160b/execute/async - {"script":"<script> [1562 bytes]","args":[{"selector":{"controlType":"sap.m.ColumnListItem","viewName":"etm.portal.ui.managestatesandperformance.view.Master","viewId":"application-managestatesandperformance-display-component---stateAndPerform","properties":{"type":"Navigation"},"interaction":{"idSuffix":"cell0"}},"wdio_ui5_key":"etmportal.ui.managestatesandperformance.view.Mastersap.m.ColumnListItem{\"type\":\"Navigation\"}"}]}
RESULT: {"script":"<script> [1562 bytes]","args":[{"selector":{"controlType":"sap.m.ColumnListItem","viewName":"etm.portal.ui.managestatesandperformance.view.Master","viewId":"application-managestatesandperformance-display-component---stateAndPerform","properties":{"type":"Navigation"},"interaction":{"idSuffix":"cell0"}},"wdio_ui5_key":"etmportal.ui.managestatesandperformance.view.Mastersap.m.ColumnListItem{\"type\":\"Navigation\"}"}]}
RESULT: undefined
COMMAND: POST /session/293c5cce68a4e627b0c1e3a644c6160b/execute/async - {"script":"<script> [1562 bytes]","args":[{"selector":{"controlType":"sap.m.Button","viewName":"etm.portal.ui.managestatesandperformance.view.Detail","viewId":"application-managestatesandperformance-display-component---detailStateAndPerform","i18NText":{"propertyName":"text","key":"createStateChange"},"interaction":{"idSuffix":"content"}},"wdio_ui5_key":"etmportal.ui.managestatesandperformance.view.Detailsap.m.Button{\"propertyName\":\"text\",\"key\":\"createStateChange\"}"}]}
RESULT: {"script":"<script> [1562 bytes]","args":[{"selector":{"controlType":"sap.m.Button","viewName":"etm.portal.ui.managestatesandperformance.view.Detail","viewId":"application-managestatesandperformance-display-component---detailStateAndPerform","i18NText":{"propertyName":"text","key":"createStateChange"},"interaction":{"idSuffix":"content"}},"wdio_ui5_key":"etmportal.ui.managestatesandperformance.view.Detailsap.m.Button{\"propertyName\":\"text\",\"key\":\"createStateChange\"}"}]}
RESULT: undefined
COMMAND: POST /session/293c5cce68a4e627b0c1e3a644c6160b/execute/async - {"script":"<script> [1562 bytes]","args":[{"selector":{"id":"addStateDialog--stateSelect","searchOpenDialogs":true,"interaction":{"idSuffix":"arrow"}},"wdio_ui5_key":"addStateDialogstateSelect"}]}
RESULT: {"script":"<script> [1562 bytes]","args":[{"selector":{"id":"addStateDialog--stateSelect","searchOpenDialogs":true,"interaction":{"idSuffix":"arrow"}},"wdio_ui5_key":"addStateDialogstateSelect"}]}
RESULT: undefined
COMMAND: POST /session/293c5cce68a4e627b0c1e3a644c6160b/execute/async - {"script":"<script> [1562 bytes]","args":[{"selector":{"controlType":"sap.ui.core.Item","viewName":"etm.portal.ui.managestatesandperformance.view.Detail","viewId":"application-managestatesandperformance-display-component---detailStateAndPerform","bindingPath":{"path":"/StateTypes(70)","propertyPath":"STATE","modelName":"catalogModel"},"searchOpenDialogs":true},"wdio_ui5_key":"etmportal.ui.managestatesandperformance.view.Detailsap.ui.core.Item{\"path\":\"/StateTypes(70)\",\"propertyPath\":\"STATE\",\"modelName\":\"catalogModel\"}"}]}
RESULT: {"script":"<script> [1562 bytes]","args":[{"selector":{"controlType":"sap.ui.core.Item","viewName":"etm.portal.ui.managestatesandperformance.view.Detail","viewId":"application-managestatesandperformance-display-component---detailStateAndPerform","bindingPath":{"path":"/StateTypes(70)","propertyPath":"STATE","modelName":"catalogModel"},"searchOpenDialogs":true},"wdio_ui5_key":"etmportal.ui.managestatesandperformance.view.Detailsap.ui.core.Item{\"path\":\"/StateTypes(70)\",\"propertyPath\":\"STATE\",\"modelName\":\"catalogModel\"}"}]}
RESULT: undefined
COMMAND: POST /session/293c5cce68a4e627b0c1e3a644c6160b/execute/async - {"script":"<script> [1562 bytes]","args":[{"selector":{"controlType":"sap.m.NumericInput","viewName":"etm.portal.ui.managestatesandperformance.view.Detail","viewId":"application-managestatesandperformance-display-component---detailStateAndPerform","properties":{"value":"0"},"searchOpenDialogs":true,"interaction":{"idSuffix":"inner"}},"wdio_ui5_key":"etmportal.ui.managestatesandperformance.view.Detailsap.m.NumericInput{\"value\":\"0\"}"}]}
RESULT: {"script":"<script> [1562 bytes]","args":[{"selector":{"controlType":"sap.m.NumericInput","viewName":"etm.portal.ui.managestatesandperformance.view.Detail","viewId":"application-managestatesandperformance-display-component---detailStateAndPerform","properties":{"value":"0"},"searchOpenDialogs":true,"interaction":{"idSuffix":"inner"}},"wdio_ui5_key":"etmportal.ui.managestatesandperformance.view.Detailsap.m.NumericInput{\"value\":\"0\"}"}]}
RESULT: undefined
COMMAND: POST /session/293c5cce68a4e627b0c1e3a644c6160b/execute/async - {"script":"<script> [1562 bytes]","args":[{"selector":{"controlType":"sap.m.Button","viewName":"etm.portal.ui.managestatesandperformance.view.Detail","viewId":"application-managestatesandperformance-display-component---detailStateAndPerform","i18NText":{"propertyName":"text","key":"save"},"searchOpenDialogs":true,"interaction":{"idSuffix":"BDI-content"}},"wdio_ui5_key":"etmportal.ui.managestatesandperformance.view.Detailsap.m.Button{\"propertyName\":\"text\",\"key\":\"save\"}"}]}
RESULT: {"script":"<script> [1562 bytes]","args":[{"selector":{"controlType":"sap.m.Button","viewName":"etm.portal.ui.managestatesandperformance.view.Detail","viewId":"application-managestatesandperformance-display-component---detailStateAndPerform","i18NText":{"propertyName":"text","key":"save"},"searchOpenDialogs":true,"interaction":{"idSuffix":"BDI-content"}},"wdio_ui5_key":"etmportal.ui.managestatesandperformance.view.Detailsap.m.Button{\"propertyName\":\"text\",\"key\":\"save\"}"}]}
RESULT: undefined
COMMAND: POST /session/293c5cce68a4e627b0c1e3a644c6160b/element - {"using":"css selector","value":"#shell-header-logo"}
RESULT: {"using":"css selector","value":"#shell-header-logo"}
COMMAND: POST /session/293c5cce68a4e627b0c1e3a644c6160b/element/f.01782A26726534229B57CD9AA69B47B8.d.ADB49703B077B96417C6E05A9FCC3EB0.e.12512/click - {}
RESULT: {}
COMMAND: GET /session/293c5cce68a4e627b0c1e3a644c6160b/screenshot - {}
RESULT: {}
]]></system-out>
    </testcase>
  </testsuite>
  <testsuite timestamp="2025-05-13T08:13:32" time="495.918" tests="7" failures="3" errors="3" skipped="0">
    <properties>
      <property name="specId" value="0" />
      <property name="suiteName" value="Transfer Yard to Yard US131076" />
      <property name="capabilities" value="chrome.136_0_7103_49.windows" />
      <property name="file" value="file:///D:/a/1/s/test/specs/HTR/transfer-yard-to-yard.spec.js" />
    </properties>
    <testcase classname="chrome.136_0_7103_49.windows.Transfer_Yard_to_Yard_US131076" name="Should create a new yard" time="0.011">
      <system-out><![CDATA[
COMMAND: POST /session/293c5cce68a4e627b0c1e3a644c6160b/window/fullscreen - {}
RESULT: {}
]]></system-out>
    </testcase>
    <testcase classname="chrome.136_0_7103_49.windows.Transfer_Yard_to_Yard_US131076" name="Should create a new 2nd yard" time="103.353">
      <system-out><![CDATA[
COMMAND: POST /session/293c5cce68a4e627b0c1e3a644c6160b/window/fullscreen - {}
RESULT: {}
COMMAND: POST /session/293c5cce68a4e627b0c1e3a644c6160b/execute/async - {"script":"<script> [1562 bytes]","args":[{"selector":{"controlType":"sap.m.GenericTile","properties":{"header":"Manage Yards"}},"wdio_ui5_key":"sapm.GenericTile{\"header\":\"Manage Yards\"}"}]}
RESULT: {"script":"<script> [1562 bytes]","args":[{"selector":{"controlType":"sap.m.GenericTile","properties":{"header":"Manage Yards"}},"wdio_ui5_key":"sapm.GenericTile{\"header\":\"Manage Yards\"}"}]}
RESULT: undefined
COMMAND: POST /session/293c5cce68a4e627b0c1e3a644c6160b/element - {"using":"xpath","value":"//*[@id=\"__tile33\"]"}
RESULT: {"using":"xpath","value":"//*[@id=\"__tile33\"]"}
COMMAND: POST /session/293c5cce68a4e627b0c1e3a644c6160b/element/f.01782A26726534229B57CD9AA69B47B8.d.75F17DFDFAE0117D0C04C075A1DFE6B9.e.13475/click - {}
RESULT: {}
COMMAND: POST /session/293c5cce68a4e627b0c1e3a644c6160b/element - {"using":"xpath","value":"//button[@data-kt=\"addNewYardOverflowToolbarButton\"]"}
COMMAND: GET /session/293c5cce68a4e627b0c1e3a644c6160b/screenshot - {}
RESULT: {"using":"xpath","value":"//button[@data-kt=\"addNewYardOverflowToolbarButton\"]"}
COMMAND: POST /session/293c5cce68a4e627b0c1e3a644c6160b/elements - {"using":"xpath","value":"//button[@data-kt=\"addNewYardOverflowToolbarButton\"]"}
RESULT: {}
RESULT: {"using":"xpath","value":"//button[@data-kt=\"addNewYardOverflowToolbarButton\"]"}
COMMAND: POST /session/293c5cce68a4e627b0c1e3a644c6160b/elements - {"using":"xpath","value":"//button[@data-kt=\"addNewYardOverflowToolbarButton\"]"}
RESULT: {"using":"xpath","value":"//button[@data-kt=\"addNewYardOverflowToolbarButton\"]"}
COMMAND: POST /session/293c5cce68a4e627b0c1e3a644c6160b/elements - {"using":"xpath","value":"//button[@data-kt=\"addNewYardOverflowToolbarButton\"]"}
RESULT: {"using":"xpath","value":"//button[@data-kt=\"addNewYardOverflowToolbarButton\"]"}
COMMAND: POST /session/293c5cce68a4e627b0c1e3a644c6160b/elements - {"using":"xpath","value":"//button[@data-kt=\"addNewYardOverflowToolbarButton\"]"}
RESULT: {"using":"xpath","value":"//button[@data-kt=\"addNewYardOverflowToolbarButton\"]"}
COMMAND: POST /session/293c5cce68a4e627b0c1e3a644c6160b/elements - {"using":"xpath","value":"//button[@data-kt=\"addNewYardOverflowToolbarButton\"]"}
RESULT: {"using":"xpath","value":"//button[@data-kt=\"addNewYardOverflowToolbarButton\"]"}
COMMAND: POST /session/293c5cce68a4e627b0c1e3a644c6160b/elements - {"using":"xpath","value":"//button[@data-kt=\"addNewYardOverflowToolbarButton\"]"}
RESULT: {"using":"xpath","value":"//button[@data-kt=\"addNewYardOverflowToolbarButton\"]"}
COMMAND: POST /session/293c5cce68a4e627b0c1e3a644c6160b/elements - {"using":"xpath","value":"//button[@data-kt=\"addNewYardOverflowToolbarButton\"]"}
RESULT: {"using":"xpath","value":"//button[@data-kt=\"addNewYardOverflowToolbarButton\"]"}
COMMAND: POST /session/293c5cce68a4e627b0c1e3a644c6160b/elements - {"using":"xpath","value":"//button[@data-kt=\"addNewYardOverflowToolbarButton\"]"}
RESULT: {"using":"xpath","value":"//button[@data-kt=\"addNewYardOverflowToolbarButton\"]"}
COMMAND: POST /session/293c5cce68a4e627b0c1e3a644c6160b/elements - {"using":"xpath","value":"//button[@data-kt=\"addNewYardOverflowToolbarButton\"]"}
RESULT: {"using":"xpath","value":"//button[@data-kt=\"addNewYardOverflowToolbarButton\"]"}
COMMAND: POST /session/293c5cce68a4e627b0c1e3a644c6160b/elements - {"using":"xpath","value":"//button[@data-kt=\"addNewYardOverflowToolbarButton\"]"}
RESULT: {"using":"xpath","value":"//button[@data-kt=\"addNewYardOverflowToolbarButton\"]"}
COMMAND: POST /session/293c5cce68a4e627b0c1e3a644c6160b/elements - {"using":"xpath","value":"//button[@data-kt=\"addNewYardOverflowToolbarButton\"]"}
RESULT: {"using":"xpath","value":"//button[@data-kt=\"addNewYardOverflowToolbarButton\"]"}
COMMAND: POST /session/293c5cce68a4e627b0c1e3a644c6160b/elements - {"using":"xpath","value":"//button[@data-kt=\"addNewYardOverflowToolbarButton\"]"}
RESULT: {"using":"xpath","value":"//button[@data-kt=\"addNewYardOverflowToolbarButton\"]"}
COMMAND: POST /session/293c5cce68a4e627b0c1e3a644c6160b/element - {"using":"xpath","value":"//button[@data-kt=\"addNewYardOverflowToolbarButton\"]"}
RESULT: {"using":"xpath","value":"//button[@data-kt=\"addNewYardOverflowToolbarButton\"]"}
COMMAND: POST /session/293c5cce68a4e627b0c1e3a644c6160b/execute/sync - {"script":"<script> [8489 bytes]","args":[{"element-6066-11e4-a52e-4f735466cecf":"f.01782A26726534229B57CD9AA69B47B8.d.75F17DFDFAE0117D0C04C075A1DFE6B9.e.13601","ELEMENT":"f.01782A26726534229B57CD9AA69B47B8.d.75F17DFDFAE0117D0C04C075A1DFE6B9.e.13601"}]}
RESULT: {"script":"<script> [8489 bytes]","args":[{"element-6066-11e4-a52e-4f735466cecf":"f.01782A26726534229B57CD9AA69B47B8.d.75F17DFDFAE0117D0C04C075A1DFE6B9.e.13601","ELEMENT":"f.01782A26726534229B57CD9AA69B47B8.d.75F17DFDFAE0117D0C04C075A1DFE6B9.e.13601"}]}
COMMAND: GET /session/293c5cce68a4e627b0c1e3a644c6160b/element/f.01782A26726534229B57CD9AA69B47B8.d.75F17DFDFAE0117D0C04C075A1DFE6B9.e.13601/enabled - {}
COMMAND: GET /session/293c5cce68a4e627b0c1e3a644c6160b/screenshot - {}
RESULT: {}
COMMAND: POST /session/293c5cce68a4e627b0c1e3a644c6160b/execute/sync - {"script":"<script> [8489 bytes]","args":[{"element-6066-11e4-a52e-4f735466cecf":"f.01782A26726534229B57CD9AA69B47B8.d.75F17DFDFAE0117D0C04C075A1DFE6B9.e.13601","ELEMENT":"f.01782A26726534229B57CD9AA69B47B8.d.75F17DFDFAE0117D0C04C075A1DFE6B9.e.13601"}]}
COMMAND: GET /session/293c5cce68a4e627b0c1e3a644c6160b/screenshot - {}
RESULT: {}
RESULT: {"script":"<script> [8489 bytes]","args":[{"element-6066-11e4-a52e-4f735466cecf":"f.01782A26726534229B57CD9AA69B47B8.d.75F17DFDFAE0117D0C04C075A1DFE6B9.e.13601","ELEMENT":"f.01782A26726534229B57CD9AA69B47B8.d.75F17DFDFAE0117D0C04C075A1DFE6B9.e.13601"}]}
COMMAND: POST /session/293c5cce68a4e627b0c1e3a644c6160b/execute/sync - {"script":"<script> [5351 bytes]","args":[{"element-6066-11e4-a52e-4f735466cecf":"f.01782A26726534229B57CD9AA69B47B8.d.75F17DFDFAE0117D0C04C075A1DFE6B9.e.13601","ELEMENT":"f.01782A26726534229B57CD9AA69B47B8.d.75F17DFDFAE0117D0C04C075A1DFE6B9.e.13601"}]}
COMMAND: GET /session/293c5cce68a4e627b0c1e3a644c6160b/screenshot - {}
RESULT: {}
RESULT: {"script":"<script> [5351 bytes]","args":[{"element-6066-11e4-a52e-4f735466cecf":"f.01782A26726534229B57CD9AA69B47B8.d.75F17DFDFAE0117D0C04C075A1DFE6B9.e.13601","ELEMENT":"f.01782A26726534229B57CD9AA69B47B8.d.75F17DFDFAE0117D0C04C075A1DFE6B9.e.13601"}]}
COMMAND: POST /session/293c5cce68a4e627b0c1e3a644c6160b/element/f.01782A26726534229B57CD9AA69B47B8.d.75F17DFDFAE0117D0C04C075A1DFE6B9.e.13601/click - {}
COMMAND: GET /session/293c5cce68a4e627b0c1e3a644c6160b/screenshot - {}
RESULT: {}
RESULT: {}
COMMAND: GET /session/293c5cce68a4e627b0c1e3a644c6160b/screenshot - {}
RESULT: {}
COMMAND: POST /session/293c5cce68a4e627b0c1e3a644c6160b/element - {"using":"xpath","value":"//input[@id=\"application-manageyards-display-component---NewYard--yardId-inner\"]"}
RESULT: {}
RESULT: {"using":"xpath","value":"//input[@id=\"application-manageyards-display-component---NewYard--yardId-inner\"]"}
COMMAND: POST /session/293c5cce68a4e627b0c1e3a644c6160b/element - {"using":"xpath","value":"//input[@id=\"application-manageyards-display-component---NewYard--yardId-inner\"]"}
RESULT: {"using":"xpath","value":"//input[@id=\"application-manageyards-display-component---NewYard--yardId-inner\"]"}
COMMAND: POST /session/293c5cce68a4e627b0c1e3a644c6160b/execute/async - {"script":"<script> [1562 bytes]","args":[{"selector":{"id":"application-manageyards-display-component---NewYard--addressDetailDetailsName1","interaction":{"idSuffix":"inner"}},"wdio_ui5_key":"applicationmanageyards-display-component---NewYard--addressDetailDetailsName1"}]}
RESULT: {"script":"<script> [1562 bytes]","args":[{"selector":{"id":"application-manageyards-display-component---NewYard--addressDetailDetailsName1","interaction":{"idSuffix":"inner"}},"wdio_ui5_key":"applicationmanageyards-display-component---NewYard--addressDetailDetailsName1"}]}
RESULT: undefined
COMMAND: POST /session/293c5cce68a4e627b0c1e3a644c6160b/execute/async - {"script":"<script> [776 bytes]","args":[{"enterText":"Intracompany Yard wdIO","selector":{"id":"application-manageyards-display-component---NewYard--addressDetailDetailsName1","interaction":{"idSuffix":"inner"}},"clearTextFirst":true,"interactionType":"ENTER_TEXT"}]}
RESULT: {"script":"<script> [776 bytes]","args":[{"enterText":"Intracompany Yard wdIO","selector":{"id":"application-manageyards-display-component---NewYard--addressDetailDetailsName1","interaction":{"idSuffix":"inner"}},"clearTextFirst":true,"interactionType":"ENTER_TEXT"}]}
COMMAND: POST /session/293c5cce68a4e627b0c1e3a644c6160b/execute/async - {"script":"<script> [1562 bytes]","args":[{"selector":{"id":"application-manageyards-display-component---NewYard--addressDetailDetailsLanguage-arrow"},"wdio_ui5_key":"applicationmanageyards-display-component---NewYard--addressDetailDetailsLanguage-arrow"}]}
RESULT: {"script":"<script> [1562 bytes]","args":[{"selector":{"id":"application-manageyards-display-component---NewYard--addressDetailDetailsLanguage-arrow"},"wdio_ui5_key":"applicationmanageyards-display-component---NewYard--addressDetailDetailsLanguage-arrow"}]}
RESULT: undefined
COMMAND: POST /session/293c5cce68a4e627b0c1e3a644c6160b/element - {"using":"xpath","value":"//*[@id=\"application-manageyards-display-component---NewYard--addressDetailDetailsLanguage-arrow\"]"}
RESULT: {"using":"xpath","value":"//*[@id=\"application-manageyards-display-component---NewYard--addressDetailDetailsLanguage-arrow\"]"}
COMMAND: POST /session/293c5cce68a4e627b0c1e3a644c6160b/element/f.01782A26726534229B57CD9AA69B47B8.d.75F17DFDFAE0117D0C04C075A1DFE6B9.e.14035/click - {}
RESULT: {}
COMMAND: POST /session/293c5cce68a4e627b0c1e3a644c6160b/element - {"using":"xpath","value":"//span[contains(text(), \"English\")]"}
COMMAND: GET /session/293c5cce68a4e627b0c1e3a644c6160b/screenshot - {}
RESULT: {"using":"xpath","value":"//span[contains(text(), \"English\")]"}
COMMAND: POST /session/293c5cce68a4e627b0c1e3a644c6160b/element/f.01782A26726534229B57CD9AA69B47B8.d.75F17DFDFAE0117D0C04C075A1DFE6B9.e.14036/click - {}
RESULT: {}
RESULT: {}
COMMAND: POST /session/293c5cce68a4e627b0c1e3a644c6160b/execute/async - {"script":"<script> [1562 bytes]","args":[{"selector":{"id":"application-manageyards-display-component---NewYard--addressDetailDetailsCity1","interaction":{"idSuffix":"inner"}},"wdio_ui5_key":"applicationmanageyards-display-component---NewYard--addressDetailDetailsCity1"}]}
COMMAND: GET /session/293c5cce68a4e627b0c1e3a644c6160b/screenshot - {}
RESULT: {"script":"<script> [1562 bytes]","args":[{"selector":{"id":"application-manageyards-display-component---NewYard--addressDetailDetailsCity1","interaction":{"idSuffix":"inner"}},"wdio_ui5_key":"applicationmanageyards-display-component---NewYard--addressDetailDetailsCity1"}]}
RESULT: undefined
COMMAND: POST /session/293c5cce68a4e627b0c1e3a644c6160b/execute/async - {"script":"<script> [776 bytes]","args":[{"enterText":"Rosario","selector":{"id":"application-manageyards-display-component---NewYard--addressDetailDetailsCity1","interaction":{"idSuffix":"inner"}},"clearTextFirst":true,"interactionType":"ENTER_TEXT"}]}
RESULT: {}
RESULT: {"script":"<script> [776 bytes]","args":[{"enterText":"Rosario","selector":{"id":"application-manageyards-display-component---NewYard--addressDetailDetailsCity1","interaction":{"idSuffix":"inner"}},"clearTextFirst":true,"interactionType":"ENTER_TEXT"}]}
COMMAND: POST /session/293c5cce68a4e627b0c1e3a644c6160b/execute/async - {"script":"<script> [1562 bytes]","args":[{"selector":{"id":"application-manageyards-display-component---NewYard--addressDetailDetailsCountry-arrow"},"wdio_ui5_key":"applicationmanageyards-display-component---NewYard--addressDetailDetailsCountry-arrow"}]}
RESULT: {"script":"<script> [1562 bytes]","args":[{"selector":{"id":"application-manageyards-display-component---NewYard--addressDetailDetailsCountry-arrow"},"wdio_ui5_key":"applicationmanageyards-display-component---NewYard--addressDetailDetailsCountry-arrow"}]}
RESULT: undefined
COMMAND: POST /session/293c5cce68a4e627b0c1e3a644c6160b/element - {"using":"xpath","value":"//*[@id=\"application-manageyards-display-component---NewYard--addressDetailDetailsCountry-arrow\"]"}
RESULT: {"using":"xpath","value":"//*[@id=\"application-manageyards-display-component---NewYard--addressDetailDetailsCountry-arrow\"]"}
COMMAND: POST /session/293c5cce68a4e627b0c1e3a644c6160b/element/f.01782A26726534229B57CD9AA69B47B8.d.75F17DFDFAE0117D0C04C075A1DFE6B9.e.14038/click - {}
RESULT: {}
COMMAND: POST /session/293c5cce68a4e627b0c1e3a644c6160b/element - {"using":"xpath","value":"//span[contains(text(), \"Argentina\")]"}
COMMAND: GET /session/293c5cce68a4e627b0c1e3a644c6160b/screenshot - {}
RESULT: {"using":"xpath","value":"//span[contains(text(), \"Argentina\")]"}
COMMAND: POST /session/293c5cce68a4e627b0c1e3a644c6160b/element/f.01782A26726534229B57CD9AA69B47B8.d.75F17DFDFAE0117D0C04C075A1DFE6B9.e.14039/click - {}
RESULT: {}
RESULT: {}
COMMAND: POST /session/293c5cce68a4e627b0c1e3a644c6160b/execute/async - {"script":"<script> [1562 bytes]","args":[{"selector":{"id":"application-manageyards-display-component---NewYard--addressEditDetailsCostObjectCstType-arrow"},"wdio_ui5_key":"applicationmanageyards-display-component---NewYard--addressEditDetailsCostObjectCstType-arrow"}]}
COMMAND: GET /session/293c5cce68a4e627b0c1e3a644c6160b/screenshot - {}
RESULT: {"script":"<script> [1562 bytes]","args":[{"selector":{"id":"application-manageyards-display-component---NewYard--addressEditDetailsCostObjectCstType-arrow"},"wdio_ui5_key":"applicationmanageyards-display-component---NewYard--addressEditDetailsCostObjectCstType-arrow"}]}
RESULT: undefined
COMMAND: POST /session/293c5cce68a4e627b0c1e3a644c6160b/element - {"using":"xpath","value":"//*[@id=\"application-manageyards-display-component---NewYard--addressEditDetailsCostObjectCstType-arrow\"]"}
RESULT: {}
RESULT: {"using":"xpath","value":"//*[@id=\"application-manageyards-display-component---NewYard--addressEditDetailsCostObjectCstType-arrow\"]"}
COMMAND: POST /session/293c5cce68a4e627b0c1e3a644c6160b/element/f.01782A26726534229B57CD9AA69B47B8.d.75F17DFDFAE0117D0C04C075A1DFE6B9.e.14040/click - {}
RESULT: {}
COMMAND: POST /session/293c5cce68a4e627b0c1e3a644c6160b/element - {"using":"xpath","value":"//span[contains(text(), \"Cost Center\")]"}
COMMAND: GET /session/293c5cce68a4e627b0c1e3a644c6160b/screenshot - {}
RESULT: {"using":"xpath","value":"//span[contains(text(), \"Cost Center\")]"}
COMMAND: POST /session/293c5cce68a4e627b0c1e3a644c6160b/element/f.01782A26726534229B57CD9AA69B47B8.d.75F17DFDFAE0117D0C04C075A1DFE6B9.e.14041/click - {}
RESULT: {}
RESULT: {}
COMMAND: GET /session/293c5cce68a4e627b0c1e3a644c6160b/screenshot - {}
RESULT: {}
COMMAND: POST /session/293c5cce68a4e627b0c1e3a644c6160b/element - {"using":"xpath","value":"//span[@id=\"application-manageyards-display-component---NewYard--addressNewCostObjectCstID-vhi\"]"}
RESULT: {"using":"xpath","value":"//span[@id=\"application-manageyards-display-component---NewYard--addressNewCostObjectCstID-vhi\"]"}
COMMAND: POST /session/293c5cce68a4e627b0c1e3a644c6160b/execute/sync - {"script":"<script> [8489 bytes]","args":[{"element-6066-11e4-a52e-4f735466cecf":"f.01782A26726534229B57CD9AA69B47B8.d.75F17DFDFAE0117D0C04C075A1DFE6B9.e.14045","ELEMENT":"f.01782A26726534229B57CD9AA69B47B8.d.75F17DFDFAE0117D0C04C075A1DFE6B9.e.14045"}]}
RESULT: {"script":"<script> [8489 bytes]","args":[{"element-6066-11e4-a52e-4f735466cecf":"f.01782A26726534229B57CD9AA69B47B8.d.75F17DFDFAE0117D0C04C075A1DFE6B9.e.14045","ELEMENT":"f.01782A26726534229B57CD9AA69B47B8.d.75F17DFDFAE0117D0C04C075A1DFE6B9.e.14045"}]}
COMMAND: POST /session/293c5cce68a4e627b0c1e3a644c6160b/execute/async - {"script":"<script> [1562 bytes]","args":[{"selector":{"id":"application-manageyards-display-component---NewYard--addressNewCostObjectCstID-vhi"},"wdio_ui5_key":"applicationmanageyards-display-component---NewYard--addressNewCostObjectCstID-vhi"}]}
COMMAND: GET /session/293c5cce68a4e627b0c1e3a644c6160b/screenshot - {}
RESULT: {"script":"<script> [1562 bytes]","args":[{"selector":{"id":"application-manageyards-display-component---NewYard--addressNewCostObjectCstID-vhi"},"wdio_ui5_key":"applicationmanageyards-display-component---NewYard--addressNewCostObjectCstID-vhi"}]}
RESULT: undefined
COMMAND: POST /session/293c5cce68a4e627b0c1e3a644c6160b/element - {"using":"xpath","value":"//*[@id=\"application-manageyards-display-component---NewYard--addressNewCostObjectCstID-vhi\"]"}
RESULT: {}
RESULT: {"using":"xpath","value":"//*[@id=\"application-manageyards-display-component---NewYard--addressNewCostObjectCstID-vhi\"]"}
COMMAND: POST /session/293c5cce68a4e627b0c1e3a644c6160b/element/f.01782A26726534229B57CD9AA69B47B8.d.75F17DFDFAE0117D0C04C075A1DFE6B9.e.14045/click - {}
RESULT: {}
COMMAND: GET /session/293c5cce68a4e627b0c1e3a644c6160b/screenshot - {}
RESULT: {}
COMMAND: POST /session/293c5cce68a4e627b0c1e3a644c6160b/execute/async - {"script":"<script> [1562 bytes]","args":[{"selector":{"controlType":"sap.m.SearchField","properties":{"placeholder":"Search"},"searchOpenDialogs":true,"interaction":{"idSuffix":"I"}},"wdio_ui5_key":"sapm.SearchField{\"placeholder\":\"Search\"}"}]}
RESULT: {"script":"<script> [1562 bytes]","args":[{"selector":{"controlType":"sap.m.SearchField","properties":{"placeholder":"Search"},"searchOpenDialogs":true,"interaction":{"idSuffix":"I"}},"wdio_ui5_key":"sapm.SearchField{\"placeholder\":\"Search\"}"}]}
RESULT: undefined
COMMAND: POST /session/293c5cce68a4e627b0c1e3a644c6160b/execute/async - {"script":"<script> [776 bytes]","args":[{"enterText":"10001013","selector":{"controlType":"sap.m.SearchField","properties":{"placeholder":"Search"},"searchOpenDialogs":true,"interaction":{"idSuffix":"I"}},"clearTextFirst":true,"interactionType":"ENTER_TEXT"}]}
RESULT: {"script":"<script> [776 bytes]","args":[{"enterText":"10001013","selector":{"controlType":"sap.m.SearchField","properties":{"placeholder":"Search"},"searchOpenDialogs":true,"interaction":{"idSuffix":"I"}},"clearTextFirst":true,"interactionType":"ENTER_TEXT"}]}
COMMAND: POST /session/293c5cce68a4e627b0c1e3a644c6160b/actions - {"actions":[{"id":"action51","type":"key","parameters":{},"actions":[{"type":"keyDown","value":"î€‡"},{"type":"pause","duration":10},{"type":"keyUp","value":"î€‡"}]}]}
RESULT: {"actions":[{"id":"action51","type":"key","parameters":{},"actions":[{"type":"keyDown","value":"î€‡"},{"type":"pause","duration":10},{"type":"keyUp","value":"î€‡"}]}]}
COMMAND: GET /session/293c5cce68a4e627b0c1e3a644c6160b/screenshot - {}
RESULT: {}
COMMAND: POST /session/293c5cce68a4e627b0c1e3a644c6160b/element - {"using":"xpath","value":"//span[contains(text(), \"General Management\")]"}
RESULT: {"using":"xpath","value":"//span[contains(text(), \"General Management\")]"}
COMMAND: POST /session/293c5cce68a4e627b0c1e3a644c6160b/element/f.01782A26726534229B57CD9AA69B47B8.d.75F17DFDFAE0117D0C04C075A1DFE6B9.e.14085/click - {}
RESULT: {}
COMMAND: GET /session/293c5cce68a4e627b0c1e3a644c6160b/screenshot - {}
RESULT: {}
COMMAND: POST /session/293c5cce68a4e627b0c1e3a644c6160b/element - {"using":"xpath","value":"//bdi[contains(text(), \"OK\")]"}
RESULT: {"using":"xpath","value":"//bdi[contains(text(), \"OK\")]"}
COMMAND: POST /session/293c5cce68a4e627b0c1e3a644c6160b/element/f.01782A26726534229B57CD9AA69B47B8.d.75F17DFDFAE0117D0C04C075A1DFE6B9.e.14086/click - {}
RESULT: {}
COMMAND: GET /session/293c5cce68a4e627b0c1e3a644c6160b/screenshot - {}
RESULT: {}
COMMAND: POST /session/293c5cce68a4e627b0c1e3a644c6160b/execute/async - {"script":"<script> [1562 bytes]","args":[{"selector":{"id":"application-manageyards-display-component---NewYard--addressEditDetailsCurrency-arrow"},"wdio_ui5_key":"applicationmanageyards-display-component---NewYard--addressEditDetailsCurrency-arrow"}]}
RESULT: {"script":"<script> [1562 bytes]","args":[{"selector":{"id":"application-manageyards-display-component---NewYard--addressEditDetailsCurrency-arrow"},"wdio_ui5_key":"applicationmanageyards-display-component---NewYard--addressEditDetailsCurrency-arrow"}]}
RESULT: undefined
COMMAND: POST /session/293c5cce68a4e627b0c1e3a644c6160b/element - {"using":"xpath","value":"//*[@id=\"application-manageyards-display-component---NewYard--addressEditDetailsCurrency-arrow\"]"}
RESULT: {"using":"xpath","value":"//*[@id=\"application-manageyards-display-component---NewYard--addressEditDetailsCurrency-arrow\"]"}
COMMAND: POST /session/293c5cce68a4e627b0c1e3a644c6160b/element/f.01782A26726534229B57CD9AA69B47B8.d.75F17DFDFAE0117D0C04C075A1DFE6B9.e.14089/click - {}
RESULT: {}
COMMAND: POST /session/293c5cce68a4e627b0c1e3a644c6160b/element - {"using":"xpath","value":"//span[contains(text(), \"Euro\")]"}
COMMAND: GET /session/293c5cce68a4e627b0c1e3a644c6160b/screenshot - {}
RESULT: {"using":"xpath","value":"//span[contains(text(), \"Euro\")]"}
COMMAND: POST /session/293c5cce68a4e627b0c1e3a644c6160b/element/f.01782A26726534229B57CD9AA69B47B8.d.75F17DFDFAE0117D0C04C075A1DFE6B9.e.14090/click - {}
RESULT: {}
RESULT: {}
COMMAND: POST /session/293c5cce68a4e627b0c1e3a644c6160b/execute/async - {"script":"<script> [1562 bytes]","args":[{"selector":{"controlType":"sap.m.Input","viewName":"etm.portal.ui.manageyards.view.New","viewId":"application-manageyards-display-component---NewYard","bindingPath":{"path":"","propertyPath":"/CONTROLLING_AREA","modelName":"NewYardModel"},"interaction":{"idSuffix":"inner"}},"wdio_ui5_key":"etmportal.ui.manageyards.view.Newsap.m.Input{\"path\":\"\",\"propertyPath\":\"/CONTROLLING_AREA\",\"modelName\":\"NewYardModel\"}"}]}
COMMAND: GET /session/293c5cce68a4e627b0c1e3a644c6160b/screenshot - {}
RESULT: {"script":"<script> [1562 bytes]","args":[{"selector":{"controlType":"sap.m.Input","viewName":"etm.portal.ui.manageyards.view.New","viewId":"application-manageyards-display-component---NewYard","bindingPath":{"path":"","propertyPath":"/CONTROLLING_AREA","modelName":"NewYardModel"},"interaction":{"idSuffix":"inner"}},"wdio_ui5_key":"etmportal.ui.manageyards.view.Newsap.m.Input{\"path\":\"\",\"propertyPath\":\"/CONTROLLING_AREA\",\"modelName\":\"NewYardModel\"}"}]}
RESULT: undefined
COMMAND: POST /session/293c5cce68a4e627b0c1e3a644c6160b/execute/async - {"script":"<script> [776 bytes]","args":[{"enterText":"Z001","selector":{"controlType":"sap.m.Input","viewName":"etm.portal.ui.manageyards.view.New","viewId":"application-manageyards-display-component---NewYard","bindingPath":{"path":"","propertyPath":"/CONTROLLING_AREA","modelName":"NewYardModel"},"interaction":{"idSuffix":"inner"}},"clearTextFirst":true,"interactionType":"ENTER_TEXT"}]}
RESULT: {}
RESULT: {"script":"<script> [776 bytes]","args":[{"enterText":"Z001","selector":{"controlType":"sap.m.Input","viewName":"etm.portal.ui.manageyards.view.New","viewId":"application-manageyards-display-component---NewYard","bindingPath":{"path":"","propertyPath":"/CONTROLLING_AREA","modelName":"NewYardModel"},"interaction":{"idSuffix":"inner"}},"clearTextFirst":true,"interactionType":"ENTER_TEXT"}]}
COMMAND: POST /session/293c5cce68a4e627b0c1e3a644c6160b/execute/async - {"script":"<script> [1562 bytes]","args":[{"selector":{"id":"application-manageyards-display-component---NewYard--companyCodeComboBox","interaction":{"idSuffix":"inner"}},"wdio_ui5_key":"applicationmanageyards-display-component---NewYard--companyCodeComboBox"}]}
RESULT: {"script":"<script> [1562 bytes]","args":[{"selector":{"id":"application-manageyards-display-component---NewYard--companyCodeComboBox","interaction":{"idSuffix":"inner"}},"wdio_ui5_key":"applicationmanageyards-display-component---NewYard--companyCodeComboBox"}]}
RESULT: undefined
COMMAND: POST /session/293c5cce68a4e627b0c1e3a644c6160b/execute/async - {"script":"<script> [776 bytes]","args":[{"enterText":"1000","selector":{"id":"application-manageyards-display-component---NewYard--companyCodeComboBox","interaction":{"idSuffix":"inner"}},"clearTextFirst":true,"interactionType":"ENTER_TEXT"}]}
RESULT: {"script":"<script> [776 bytes]","args":[{"enterText":"1000","selector":{"id":"application-manageyards-display-component---NewYard--companyCodeComboBox","interaction":{"idSuffix":"inner"}},"clearTextFirst":true,"interactionType":"ENTER_TEXT"}]}
COMMAND: POST /session/293c5cce68a4e627b0c1e3a644c6160b/execute/async - {"script":"<script> [1562 bytes]","args":[{"selector":{"controlType":"sap.m.Input","viewName":"etm.portal.ui.manageyards.view.New","viewId":"application-manageyards-display-component---NewYard","bindingPath":{"path":"","propertyPath":"/PLANT","modelName":"NewYardModel"},"interaction":{"idSuffix":"inner"}},"wdio_ui5_key":"etmportal.ui.manageyards.view.Newsap.m.Input{\"path\":\"\",\"propertyPath\":\"/PLANT\",\"modelName\":\"NewYardModel\"}"}]}
RESULT: {"script":"<script> [1562 bytes]","args":[{"selector":{"controlType":"sap.m.Input","viewName":"etm.portal.ui.manageyards.view.New","viewId":"application-manageyards-display-component---NewYard","bindingPath":{"path":"","propertyPath":"/PLANT","modelName":"NewYardModel"},"interaction":{"idSuffix":"inner"}},"wdio_ui5_key":"etmportal.ui.manageyards.view.Newsap.m.Input{\"path\":\"\",\"propertyPath\":\"/PLANT\",\"modelName\":\"NewYardModel\"}"}]}
RESULT: undefined
COMMAND: POST /session/293c5cce68a4e627b0c1e3a644c6160b/execute/async - {"script":"<script> [776 bytes]","args":[{"enterText":"1001","selector":{"controlType":"sap.m.Input","viewName":"etm.portal.ui.manageyards.view.New","viewId":"application-manageyards-display-component---NewYard","bindingPath":{"path":"","propertyPath":"/PLANT","modelName":"NewYardModel"},"interaction":{"idSuffix":"inner"}},"clearTextFirst":true,"interactionType":"ENTER_TEXT"}]}
RESULT: {"script":"<script> [776 bytes]","args":[{"enterText":"1001","selector":{"controlType":"sap.m.Input","viewName":"etm.portal.ui.manageyards.view.New","viewId":"application-manageyards-display-component---NewYard","bindingPath":{"path":"","propertyPath":"/PLANT","modelName":"NewYardModel"},"interaction":{"idSuffix":"inner"}},"clearTextFirst":true,"interactionType":"ENTER_TEXT"}]}
COMMAND: POST /session/293c5cce68a4e627b0c1e3a644c6160b/execute/async - {"script":"<script> [1562 bytes]","args":[{"selector":{"controlType":"sap.m.Input","viewName":"etm.portal.ui.manageyards.view.New","viewId":"application-manageyards-display-component---NewYard","bindingPath":{"path":"","propertyPath":"/SALES_AREA_VKORG","modelName":"NewYardModel"},"interaction":{"idSuffix":"inner"}},"wdio_ui5_key":"etmportal.ui.manageyards.view.Newsap.m.Input{\"path\":\"\",\"propertyPath\":\"/SALES_AREA_VKORG\",\"modelName\":\"NewYardModel\"}"}]}
RESULT: {"script":"<script> [1562 bytes]","args":[{"selector":{"controlType":"sap.m.Input","viewName":"etm.portal.ui.manageyards.view.New","viewId":"application-manageyards-display-component---NewYard","bindingPath":{"path":"","propertyPath":"/SALES_AREA_VKORG","modelName":"NewYardModel"},"interaction":{"idSuffix":"inner"}},"wdio_ui5_key":"etmportal.ui.manageyards.view.Newsap.m.Input{\"path\":\"\",\"propertyPath\":\"/SALES_AREA_VKORG\",\"modelName\":\"NewYardModel\"}"}]}
RESULT: undefined
COMMAND: POST /session/293c5cce68a4e627b0c1e3a644c6160b/execute/async - {"script":"<script> [776 bytes]","args":[{"enterText":"C002","selector":{"controlType":"sap.m.Input","viewName":"etm.portal.ui.manageyards.view.New","viewId":"application-manageyards-display-component---NewYard","bindingPath":{"path":"","propertyPath":"/SALES_AREA_VKORG","modelName":"NewYardModel"},"interaction":{"idSuffix":"inner"}},"clearTextFirst":true,"interactionType":"ENTER_TEXT"}]}
RESULT: {"script":"<script> [776 bytes]","args":[{"enterText":"C002","selector":{"controlType":"sap.m.Input","viewName":"etm.portal.ui.manageyards.view.New","viewId":"application-manageyards-display-component---NewYard","bindingPath":{"path":"","propertyPath":"/SALES_AREA_VKORG","modelName":"NewYardModel"},"interaction":{"idSuffix":"inner"}},"clearTextFirst":true,"interactionType":"ENTER_TEXT"}]}
COMMAND: POST /session/293c5cce68a4e627b0c1e3a644c6160b/execute/async - {"script":"<script> [1562 bytes]","args":[{"selector":{"controlType":"sap.m.Input","viewName":"etm.portal.ui.manageyards.view.New","viewId":"application-manageyards-display-component---NewYard","bindingPath":{"path":"","propertyPath":"/SALES_AREA_VTWEG","modelName":"NewYardModel"},"interaction":{"idSuffix":"inner"}},"wdio_ui5_key":"etmportal.ui.manageyards.view.Newsap.m.Input{\"path\":\"\",\"propertyPath\":\"/SALES_AREA_VTWEG\",\"modelName\":\"NewYardModel\"}"}]}
RESULT: {"script":"<script> [1562 bytes]","args":[{"selector":{"controlType":"sap.m.Input","viewName":"etm.portal.ui.manageyards.view.New","viewId":"application-manageyards-display-component---NewYard","bindingPath":{"path":"","propertyPath":"/SALES_AREA_VTWEG","modelName":"NewYardModel"},"interaction":{"idSuffix":"inner"}},"wdio_ui5_key":"etmportal.ui.manageyards.view.Newsap.m.Input{\"path\":\"\",\"propertyPath\":\"/SALES_AREA_VTWEG\",\"modelName\":\"NewYardModel\"}"}]}
RESULT: undefined
COMMAND: POST /session/293c5cce68a4e627b0c1e3a644c6160b/execute/async - {"script":"<script> [776 bytes]","args":[{"enterText":"C2","selector":{"controlType":"sap.m.Input","viewName":"etm.portal.ui.manageyards.view.New","viewId":"application-manageyards-display-component---NewYard","bindingPath":{"path":"","propertyPath":"/SALES_AREA_VTWEG","modelName":"NewYardModel"},"interaction":{"idSuffix":"inner"}},"clearTextFirst":true,"interactionType":"ENTER_TEXT"}]}
RESULT: {"script":"<script> [776 bytes]","args":[{"enterText":"C2","selector":{"controlType":"sap.m.Input","viewName":"etm.portal.ui.manageyards.view.New","viewId":"application-manageyards-display-component---NewYard","bindingPath":{"path":"","propertyPath":"/SALES_AREA_VTWEG","modelName":"NewYardModel"},"interaction":{"idSuffix":"inner"}},"clearTextFirst":true,"interactionType":"ENTER_TEXT"}]}
COMMAND: POST /session/293c5cce68a4e627b0c1e3a644c6160b/execute/async - {"script":"<script> [1562 bytes]","args":[{"selector":{"controlType":"sap.m.Input","viewName":"etm.portal.ui.manageyards.view.New","viewId":"application-manageyards-display-component---NewYard","bindingPath":{"path":"","propertyPath":"/SALES_AREA_SPART","modelName":"NewYardModel"},"interaction":{"idSuffix":"inner"}},"wdio_ui5_key":"etmportal.ui.manageyards.view.Newsap.m.Input{\"path\":\"\",\"propertyPath\":\"/SALES_AREA_SPART\",\"modelName\":\"NewYardModel\"}"}]}
RESULT: {"script":"<script> [1562 bytes]","args":[{"selector":{"controlType":"sap.m.Input","viewName":"etm.portal.ui.manageyards.view.New","viewId":"application-manageyards-display-component---NewYard","bindingPath":{"path":"","propertyPath":"/SALES_AREA_SPART","modelName":"NewYardModel"},"interaction":{"idSuffix":"inner"}},"wdio_ui5_key":"etmportal.ui.manageyards.view.Newsap.m.Input{\"path\":\"\",\"propertyPath\":\"/SALES_AREA_SPART\",\"modelName\":\"NewYardModel\"}"}]}
RESULT: undefined
COMMAND: POST /session/293c5cce68a4e627b0c1e3a644c6160b/execute/async - {"script":"<script> [776 bytes]","args":[{"enterText":"C2","selector":{"controlType":"sap.m.Input","viewName":"etm.portal.ui.manageyards.view.New","viewId":"application-manageyards-display-component---NewYard","bindingPath":{"path":"","propertyPath":"/SALES_AREA_SPART","modelName":"NewYardModel"},"interaction":{"idSuffix":"inner"}},"clearTextFirst":true,"interactionType":"ENTER_TEXT"}]}
RESULT: {"script":"<script> [776 bytes]","args":[{"enterText":"C2","selector":{"controlType":"sap.m.Input","viewName":"etm.portal.ui.manageyards.view.New","viewId":"application-manageyards-display-component---NewYard","bindingPath":{"path":"","propertyPath":"/SALES_AREA_SPART","modelName":"NewYardModel"},"interaction":{"idSuffix":"inner"}},"clearTextFirst":true,"interactionType":"ENTER_TEXT"}]}
COMMAND: POST /session/293c5cce68a4e627b0c1e3a644c6160b/execute/async - {"script":"<script> [1562 bytes]","args":[{"selector":{"controlType":"sap.m.Input","viewName":"etm.portal.ui.manageyards.view.New","viewId":"application-manageyards-display-component---NewYard","bindingPath":{"path":"","propertyPath":"/SHIP_POINT","modelName":"NewYardModel"},"interaction":{"idSuffix":"inner"}},"wdio_ui5_key":"etmportal.ui.manageyards.view.Newsap.m.Input{\"path\":\"\",\"propertyPath\":\"/SHIP_POINT\",\"modelName\":\"NewYardModel\"}"}]}
RESULT: {"script":"<script> [1562 bytes]","args":[{"selector":{"controlType":"sap.m.Input","viewName":"etm.portal.ui.manageyards.view.New","viewId":"application-manageyards-display-component---NewYard","bindingPath":{"path":"","propertyPath":"/SHIP_POINT","modelName":"NewYardModel"},"interaction":{"idSuffix":"inner"}},"wdio_ui5_key":"etmportal.ui.manageyards.view.Newsap.m.Input{\"path\":\"\",\"propertyPath\":\"/SHIP_POINT\",\"modelName\":\"NewYardModel\"}"}]}
RESULT: undefined
COMMAND: POST /session/293c5cce68a4e627b0c1e3a644c6160b/execute/async - {"script":"<script> [776 bytes]","args":[{"enterText":"1710","selector":{"controlType":"sap.m.Input","viewName":"etm.portal.ui.manageyards.view.New","viewId":"application-manageyards-display-component---NewYard","bindingPath":{"path":"","propertyPath":"/SHIP_POINT","modelName":"NewYardModel"},"interaction":{"idSuffix":"inner"}},"clearTextFirst":true,"interactionType":"ENTER_TEXT"}]}
RESULT: {"script":"<script> [776 bytes]","args":[{"enterText":"1710","selector":{"controlType":"sap.m.Input","viewName":"etm.portal.ui.manageyards.view.New","viewId":"application-manageyards-display-component---NewYard","bindingPath":{"path":"","propertyPath":"/SHIP_POINT","modelName":"NewYardModel"},"interaction":{"idSuffix":"inner"}},"clearTextFirst":true,"interactionType":"ENTER_TEXT"}]}
COMMAND: POST /session/293c5cce68a4e627b0c1e3a644c6160b/execute/async - {"script":"<script> [1562 bytes]","args":[{"selector":{"controlType":"sap.m.Input","viewName":"etm.portal.ui.manageyards.view.New","viewId":"application-manageyards-display-component---NewYard","bindingPath":{"path":"","propertyPath":"/DELIVERY_TYPE","modelName":"NewYardModel"},"interaction":{"idSuffix":"inner"}},"wdio_ui5_key":"etmportal.ui.manageyards.view.Newsap.m.Input{\"path\":\"\",\"propertyPath\":\"/DELIVERY_TYPE\",\"modelName\":\"NewYardModel\"}"}]}
RESULT: {"script":"<script> [1562 bytes]","args":[{"selector":{"controlType":"sap.m.Input","viewName":"etm.portal.ui.manageyards.view.New","viewId":"application-manageyards-display-component---NewYard","bindingPath":{"path":"","propertyPath":"/DELIVERY_TYPE","modelName":"NewYardModel"},"interaction":{"idSuffix":"inner"}},"wdio_ui5_key":"etmportal.ui.manageyards.view.Newsap.m.Input{\"path\":\"\",\"propertyPath\":\"/DELIVERY_TYPE\",\"modelName\":\"NewYardModel\"}"}]}
RESULT: undefined
COMMAND: POST /session/293c5cce68a4e627b0c1e3a644c6160b/execute/async - {"script":"<script> [776 bytes]","args":[{"enterText":"ZL01","selector":{"controlType":"sap.m.Input","viewName":"etm.portal.ui.manageyards.view.New","viewId":"application-manageyards-display-component---NewYard","bindingPath":{"path":"","propertyPath":"/DELIVERY_TYPE","modelName":"NewYardModel"},"interaction":{"idSuffix":"inner"}},"clearTextFirst":true,"interactionType":"ENTER_TEXT"}]}
RESULT: {"script":"<script> [776 bytes]","args":[{"enterText":"ZL01","selector":{"controlType":"sap.m.Input","viewName":"etm.portal.ui.manageyards.view.New","viewId":"application-manageyards-display-component---NewYard","bindingPath":{"path":"","propertyPath":"/DELIVERY_TYPE","modelName":"NewYardModel"},"interaction":{"idSuffix":"inner"}},"clearTextFirst":true,"interactionType":"ENTER_TEXT"}]}
COMMAND: POST /session/293c5cce68a4e627b0c1e3a644c6160b/execute/async - {"script":"<script> [1562 bytes]","args":[{"selector":{"controlType":"sap.m.Input","viewName":"etm.portal.ui.manageyards.view.New","viewId":"application-manageyards-display-component---NewYard","bindingPath":{"path":"","propertyPath":"/AUART","modelName":"NewYardModel"},"interaction":{"idSuffix":"inner"}},"wdio_ui5_key":"etmportal.ui.manageyards.view.Newsap.m.Input{\"path\":\"\",\"propertyPath\":\"/AUART\",\"modelName\":\"NewYardModel\"}"}]}
RESULT: {"script":"<script> [1562 bytes]","args":[{"selector":{"controlType":"sap.m.Input","viewName":"etm.portal.ui.manageyards.view.New","viewId":"application-manageyards-display-component---NewYard","bindingPath":{"path":"","propertyPath":"/AUART","modelName":"NewYardModel"},"interaction":{"idSuffix":"inner"}},"wdio_ui5_key":"etmportal.ui.manageyards.view.Newsap.m.Input{\"path\":\"\",\"propertyPath\":\"/AUART\",\"modelName\":\"NewYardModel\"}"}]}
RESULT: undefined
COMMAND: POST /session/293c5cce68a4e627b0c1e3a644c6160b/execute/async - {"script":"<script> [776 bytes]","args":[{"enterText":"TA","selector":{"controlType":"sap.m.Input","viewName":"etm.portal.ui.manageyards.view.New","viewId":"application-manageyards-display-component---NewYard","bindingPath":{"path":"","propertyPath":"/AUART","modelName":"NewYardModel"},"interaction":{"idSuffix":"inner"}},"clearTextFirst":true,"interactionType":"ENTER_TEXT"}]}
RESULT: {"script":"<script> [776 bytes]","args":[{"enterText":"TA","selector":{"controlType":"sap.m.Input","viewName":"etm.portal.ui.manageyards.view.New","viewId":"application-manageyards-display-component---NewYard","bindingPath":{"path":"","propertyPath":"/AUART","modelName":"NewYardModel"},"interaction":{"idSuffix":"inner"}},"clearTextFirst":true,"interactionType":"ENTER_TEXT"}]}
COMMAND: POST /session/293c5cce68a4e627b0c1e3a644c6160b/element - {"using":"xpath","value":"//button[@data-kt=\"newYardSaveButton\"]"}
RESULT: {"using":"xpath","value":"//button[@data-kt=\"newYardSaveButton\"]"}
COMMAND: POST /session/293c5cce68a4e627b0c1e3a644c6160b/element/f.01782A26726534229B57CD9AA69B47B8.d.75F17DFDFAE0117D0C04C075A1DFE6B9.e.13992/click - {}
RESULT: {}
COMMAND: GET /session/293c5cce68a4e627b0c1e3a644c6160b/screenshot - {}
RESULT: {}
COMMAND: POST /session/293c5cce68a4e627b0c1e3a644c6160b/element - {"using":"xpath","value":"//header[contains(@id, 'ObjectPageLayout-headerTitle')]/div[1]/div[2]/div[1]/span[1]"}
RESULT: {"using":"xpath","value":"//header[contains(@id, 'ObjectPageLayout-headerTitle')]/div[1]/div[2]/div[1]/span[1]"}
COMMAND: POST /session/293c5cce68a4e627b0c1e3a644c6160b/elements - {"using":"xpath","value":"//header[contains(@id, 'ObjectPageLayout-headerTitle')]/div[1]/div[2]/div[1]/span[1]"}
RESULT: {"using":"xpath","value":"//header[contains(@id, 'ObjectPageLayout-headerTitle')]/div[1]/div[2]/div[1]/span[1]"}
COMMAND: POST /session/293c5cce68a4e627b0c1e3a644c6160b/execute/sync - {"script":"<script> [56 bytes]","args":[{"element-6066-11e4-a52e-4f735466cecf":"f.01782A26726534229B57CD9AA69B47B8.d.75F17DFDFAE0117D0C04C075A1DFE6B9.e.14315","ELEMENT":"f.01782A26726534229B57CD9AA69B47B8.d.75F17DFDFAE0117D0C04C075A1DFE6B9.e.14315"}]}
RESULT: {"script":"<script> [56 bytes]","args":[{"element-6066-11e4-a52e-4f735466cecf":"f.01782A26726534229B57CD9AA69B47B8.d.75F17DFDFAE0117D0C04C075A1DFE6B9.e.14315","ELEMENT":"f.01782A26726534229B57CD9AA69B47B8.d.75F17DFDFAE0117D0C04C075A1DFE6B9.e.14315"}]}
COMMAND: GET /session/293c5cce68a4e627b0c1e3a644c6160b/screenshot - {}
RESULT: {}
COMMAND: POST /session/293c5cce68a4e627b0c1e3a644c6160b/element - {"using":"css selector","value":"#shell-header-logo"}
RESULT: {"using":"css selector","value":"#shell-header-logo"}
COMMAND: POST /session/293c5cce68a4e627b0c1e3a644c6160b/element/f.01782A26726534229B57CD9AA69B47B8.d.75F17DFDFAE0117D0C04C075A1DFE6B9.e.13445/click - {}
RESULT: {}
COMMAND: GET /session/293c5cce68a4e627b0c1e3a644c6160b/screenshot - {}
RESULT: {}
COMMAND: POST /session/293c5cce68a4e627b0c1e3a644c6160b/execute/sync - {"script":"<script> [299 bytes]","args":[["getModel","getResource"]]}
RESULT: {"script":"<script> [299 bytes]","args":[["getModel","getResource"]]}
]]></system-out>
    </testcase>
    <testcase classname="chrome.136_0_7103_49.windows.Transfer_Yard_to_Yard_US131076" name="Should create the equipment" time="125.681">
      <system-out><![CDATA[
COMMAND: POST /session/293c5cce68a4e627b0c1e3a644c6160b/execute/async - {"script":"<script> [1562 bytes]","args":[{"selector":{"controlType":"sap.m.GenericTile","properties":{"header":"Manage Resources"}},"wdio_ui5_key":"sapm.GenericTile{\"header\":\"Manage Resources\"}"}]}
COMMAND: GET /session/293c5cce68a4e627b0c1e3a644c6160b/screenshot - {}
RESULT: {"script":"<script> [1562 bytes]","args":[{"selector":{"controlType":"sap.m.GenericTile","properties":{"header":"Manage Resources"}},"wdio_ui5_key":"sapm.GenericTile{\"header\":\"Manage Resources\"}"}]}
RESULT: undefined
COMMAND: POST /session/293c5cce68a4e627b0c1e3a644c6160b/element - {"using":"xpath","value":"//*[@id=\"__tile31\"]"}
RESULT: {}
RESULT: {"using":"xpath","value":"//*[@id=\"__tile31\"]"}
COMMAND: POST /session/293c5cce68a4e627b0c1e3a644c6160b/element/f.01782A26726534229B57CD9AA69B47B8.d.75F17DFDFAE0117D0C04C075A1DFE6B9.e.13469/click - {}
RESULT: {}
COMMAND: POST /session/293c5cce68a4e627b0c1e3a644c6160b/element - {"using":"xpath","value":"//button[@data-kt=\"addNewRUOverflowToolbarButton\"]"}
COMMAND: GET /session/293c5cce68a4e627b0c1e3a644c6160b/screenshot - {}
RESULT: {"using":"xpath","value":"//button[@data-kt=\"addNewRUOverflowToolbarButton\"]"}
COMMAND: POST /session/293c5cce68a4e627b0c1e3a644c6160b/elements - {"using":"xpath","value":"//button[@data-kt=\"addNewRUOverflowToolbarButton\"]"}
RESULT: {}
RESULT: {"using":"xpath","value":"//button[@data-kt=\"addNewRUOverflowToolbarButton\"]"}
COMMAND: POST /session/293c5cce68a4e627b0c1e3a644c6160b/elements - {"using":"xpath","value":"//button[@data-kt=\"addNewRUOverflowToolbarButton\"]"}
RESULT: {"using":"xpath","value":"//button[@data-kt=\"addNewRUOverflowToolbarButton\"]"}
COMMAND: POST /session/293c5cce68a4e627b0c1e3a644c6160b/elements - {"using":"xpath","value":"//button[@data-kt=\"addNewRUOverflowToolbarButton\"]"}
RESULT: {"using":"xpath","value":"//button[@data-kt=\"addNewRUOverflowToolbarButton\"]"}
COMMAND: POST /session/293c5cce68a4e627b0c1e3a644c6160b/elements - {"using":"xpath","value":"//button[@data-kt=\"addNewRUOverflowToolbarButton\"]"}
RESULT: {"using":"xpath","value":"//button[@data-kt=\"addNewRUOverflowToolbarButton\"]"}
COMMAND: POST /session/293c5cce68a4e627b0c1e3a644c6160b/elements - {"using":"xpath","value":"//button[@data-kt=\"addNewRUOverflowToolbarButton\"]"}
RESULT: {"using":"xpath","value":"//button[@data-kt=\"addNewRUOverflowToolbarButton\"]"}
COMMAND: POST /session/293c5cce68a4e627b0c1e3a644c6160b/elements - {"using":"xpath","value":"//button[@data-kt=\"addNewRUOverflowToolbarButton\"]"}
RESULT: {"using":"xpath","value":"//button[@data-kt=\"addNewRUOverflowToolbarButton\"]"}
COMMAND: POST /session/293c5cce68a4e627b0c1e3a644c6160b/elements - {"using":"xpath","value":"//button[@data-kt=\"addNewRUOverflowToolbarButton\"]"}
RESULT: {"using":"xpath","value":"//button[@data-kt=\"addNewRUOverflowToolbarButton\"]"}
COMMAND: POST /session/293c5cce68a4e627b0c1e3a644c6160b/elements - {"using":"xpath","value":"//button[@data-kt=\"addNewRUOverflowToolbarButton\"]"}
RESULT: {"using":"xpath","value":"//button[@data-kt=\"addNewRUOverflowToolbarButton\"]"}
COMMAND: POST /session/293c5cce68a4e627b0c1e3a644c6160b/elements - {"using":"xpath","value":"//button[@data-kt=\"addNewRUOverflowToolbarButton\"]"}
RESULT: {"using":"xpath","value":"//button[@data-kt=\"addNewRUOverflowToolbarButton\"]"}
COMMAND: POST /session/293c5cce68a4e627b0c1e3a644c6160b/elements - {"using":"xpath","value":"//button[@data-kt=\"addNewRUOverflowToolbarButton\"]"}
RESULT: {"using":"xpath","value":"//button[@data-kt=\"addNewRUOverflowToolbarButton\"]"}
COMMAND: POST /session/293c5cce68a4e627b0c1e3a644c6160b/elements - {"using":"xpath","value":"//button[@data-kt=\"addNewRUOverflowToolbarButton\"]"}
RESULT: {"using":"xpath","value":"//button[@data-kt=\"addNewRUOverflowToolbarButton\"]"}
COMMAND: POST /session/293c5cce68a4e627b0c1e3a644c6160b/elements - {"using":"xpath","value":"//button[@data-kt=\"addNewRUOverflowToolbarButton\"]"}
RESULT: {"using":"xpath","value":"//button[@data-kt=\"addNewRUOverflowToolbarButton\"]"}
COMMAND: POST /session/293c5cce68a4e627b0c1e3a644c6160b/elements - {"using":"xpath","value":"//button[@data-kt=\"addNewRUOverflowToolbarButton\"]"}
RESULT: {"using":"xpath","value":"//button[@data-kt=\"addNewRUOverflowToolbarButton\"]"}
COMMAND: POST /session/293c5cce68a4e627b0c1e3a644c6160b/elements - {"using":"xpath","value":"//button[@data-kt=\"addNewRUOverflowToolbarButton\"]"}
RESULT: {"using":"xpath","value":"//button[@data-kt=\"addNewRUOverflowToolbarButton\"]"}
COMMAND: POST /session/293c5cce68a4e627b0c1e3a644c6160b/elements - {"using":"xpath","value":"//button[@data-kt=\"addNewRUOverflowToolbarButton\"]"}
RESULT: {"using":"xpath","value":"//button[@data-kt=\"addNewRUOverflowToolbarButton\"]"}
COMMAND: POST /session/293c5cce68a4e627b0c1e3a644c6160b/elements - {"using":"xpath","value":"//button[@data-kt=\"addNewRUOverflowToolbarButton\"]"}
RESULT: {"using":"xpath","value":"//button[@data-kt=\"addNewRUOverflowToolbarButton\"]"}
COMMAND: POST /session/293c5cce68a4e627b0c1e3a644c6160b/elements - {"using":"xpath","value":"//button[@data-kt=\"addNewRUOverflowToolbarButton\"]"}
RESULT: {"using":"xpath","value":"//button[@data-kt=\"addNewRUOverflowToolbarButton\"]"}
COMMAND: POST /session/293c5cce68a4e627b0c1e3a644c6160b/elements - {"using":"xpath","value":"//button[@data-kt=\"addNewRUOverflowToolbarButton\"]"}
RESULT: {"using":"xpath","value":"//button[@data-kt=\"addNewRUOverflowToolbarButton\"]"}
COMMAND: POST /session/293c5cce68a4e627b0c1e3a644c6160b/elements - {"using":"xpath","value":"//button[@data-kt=\"addNewRUOverflowToolbarButton\"]"}
RESULT: {"using":"xpath","value":"//button[@data-kt=\"addNewRUOverflowToolbarButton\"]"}
COMMAND: POST /session/293c5cce68a4e627b0c1e3a644c6160b/element - {"using":"xpath","value":"//button[@data-kt=\"addNewRUOverflowToolbarButton\"]"}
RESULT: {"using":"xpath","value":"//button[@data-kt=\"addNewRUOverflowToolbarButton\"]"}
COMMAND: POST /session/293c5cce68a4e627b0c1e3a644c6160b/execute/sync - {"script":"<script> [8489 bytes]","args":[{"element-6066-11e4-a52e-4f735466cecf":"f.01782A26726534229B57CD9AA69B47B8.d.75F17DFDFAE0117D0C04C075A1DFE6B9.e.14360","ELEMENT":"f.01782A26726534229B57CD9AA69B47B8.d.75F17DFDFAE0117D0C04C075A1DFE6B9.e.14360"}]}
RESULT: {"script":"<script> [8489 bytes]","args":[{"element-6066-11e4-a52e-4f735466cecf":"f.01782A26726534229B57CD9AA69B47B8.d.75F17DFDFAE0117D0C04C075A1DFE6B9.e.14360","ELEMENT":"f.01782A26726534229B57CD9AA69B47B8.d.75F17DFDFAE0117D0C04C075A1DFE6B9.e.14360"}]}
COMMAND: GET /session/293c5cce68a4e627b0c1e3a644c6160b/element/f.01782A26726534229B57CD9AA69B47B8.d.75F17DFDFAE0117D0C04C075A1DFE6B9.e.14360/enabled - {}
COMMAND: GET /session/293c5cce68a4e627b0c1e3a644c6160b/screenshot - {}
RESULT: {}
COMMAND: POST /session/293c5cce68a4e627b0c1e3a644c6160b/execute/sync - {"script":"<script> [8489 bytes]","args":[{"element-6066-11e4-a52e-4f735466cecf":"f.01782A26726534229B57CD9AA69B47B8.d.75F17DFDFAE0117D0C04C075A1DFE6B9.e.14360","ELEMENT":"f.01782A26726534229B57CD9AA69B47B8.d.75F17DFDFAE0117D0C04C075A1DFE6B9.e.14360"}]}
COMMAND: GET /session/293c5cce68a4e627b0c1e3a644c6160b/screenshot - {}
RESULT: {}
RESULT: {"script":"<script> [8489 bytes]","args":[{"element-6066-11e4-a52e-4f735466cecf":"f.01782A26726534229B57CD9AA69B47B8.d.75F17DFDFAE0117D0C04C075A1DFE6B9.e.14360","ELEMENT":"f.01782A26726534229B57CD9AA69B47B8.d.75F17DFDFAE0117D0C04C075A1DFE6B9.e.14360"}]}
COMMAND: POST /session/293c5cce68a4e627b0c1e3a644c6160b/execute/sync - {"script":"<script> [5351 bytes]","args":[{"element-6066-11e4-a52e-4f735466cecf":"f.01782A26726534229B57CD9AA69B47B8.d.75F17DFDFAE0117D0C04C075A1DFE6B9.e.14360","ELEMENT":"f.01782A26726534229B57CD9AA69B47B8.d.75F17DFDFAE0117D0C04C075A1DFE6B9.e.14360"}]}
COMMAND: GET /session/293c5cce68a4e627b0c1e3a644c6160b/screenshot - {}
RESULT: {}
RESULT: {"script":"<script> [5351 bytes]","args":[{"element-6066-11e4-a52e-4f735466cecf":"f.01782A26726534229B57CD9AA69B47B8.d.75F17DFDFAE0117D0C04C075A1DFE6B9.e.14360","ELEMENT":"f.01782A26726534229B57CD9AA69B47B8.d.75F17DFDFAE0117D0C04C075A1DFE6B9.e.14360"}]}
COMMAND: POST /session/293c5cce68a4e627b0c1e3a644c6160b/element/f.01782A26726534229B57CD9AA69B47B8.d.75F17DFDFAE0117D0C04C075A1DFE6B9.e.14360/click - {}
COMMAND: GET /session/293c5cce68a4e627b0c1e3a644c6160b/screenshot - {}
RESULT: {}
RESULT: {}
COMMAND: GET /session/293c5cce68a4e627b0c1e3a644c6160b/screenshot - {}
RESULT: {}
RESULT: {}
COMMAND: POST /session/293c5cce68a4e627b0c1e3a644c6160b/execute/async - {"script":"<script> [1562 bytes]","args":[{"selector":{"id":"application-manageresources-display-component---newResourceUnit--TYPE-arrow"},"wdio_ui5_key":"applicationmanageresources-display-component---newResourceUnit--TYPE-arrow"}]}
RESULT: {"script":"<script> [1562 bytes]","args":[{"selector":{"id":"application-manageresources-display-component---newResourceUnit--TYPE-arrow"},"wdio_ui5_key":"applicationmanageresources-display-component---newResourceUnit--TYPE-arrow"}]}
RESULT: undefined
COMMAND: POST /session/293c5cce68a4e627b0c1e3a644c6160b/element - {"using":"xpath","value":"//*[@id=\"application-manageresources-display-component---newResourceUnit--TYPE-arrow\"]"}
RESULT: {"using":"xpath","value":"//*[@id=\"application-manageresources-display-component---newResourceUnit--TYPE-arrow\"]"}
COMMAND: POST /session/293c5cce68a4e627b0c1e3a644c6160b/element/f.01782A26726534229B57CD9AA69B47B8.d.75F17DFDFAE0117D0C04C075A1DFE6B9.e.14710/click - {}
RESULT: {}
COMMAND: POST /session/293c5cce68a4e627b0c1e3a644c6160b/element - {"using":"xpath","value":"//input[@id=\"application-manageresources-display-component---newResourceUnit--TYPE-inner\"]"}
COMMAND: GET /session/293c5cce68a4e627b0c1e3a644c6160b/screenshot - {}
RESULT: {"using":"xpath","value":"//input[@id=\"application-manageresources-display-component---newResourceUnit--TYPE-inner\"]"}
COMMAND: POST /session/293c5cce68a4e627b0c1e3a644c6160b/element/f.01782A26726534229B57CD9AA69B47B8.d.75F17DFDFAE0117D0C04C075A1DFE6B9.e.14701/clear - {}
RESULT: {}
RESULT: {}
COMMAND: POST /session/293c5cce68a4e627b0c1e3a644c6160b/element/f.01782A26726534229B57CD9AA69B47B8.d.75F17DFDFAE0117D0C04C075A1DFE6B9.e.14701/value - {"text":"Equipment"}
COMMAND: GET /session/293c5cce68a4e627b0c1e3a644c6160b/screenshot - {}
RESULT: {"text":"Equipment"}
COMMAND: GET /session/293c5cce68a4e627b0c1e3a644c6160b/screenshot - {}
RESULT: {}
RESULT: {}
COMMAND: POST /session/293c5cce68a4e627b0c1e3a644c6160b/actions - {"actions":[{"id":"action52","type":"key","parameters":{},"actions":[{"type":"keyDown","value":"î€‡"},{"type":"pause","duration":10},{"type":"keyUp","value":"î€‡"}]}]}
RESULT: {"actions":[{"id":"action52","type":"key","parameters":{},"actions":[{"type":"keyDown","value":"î€‡"},{"type":"pause","duration":10},{"type":"keyUp","value":"î€‡"}]}]}
COMMAND: POST /session/293c5cce68a4e627b0c1e3a644c6160b/execute/async - {"script":"<script> [1562 bytes]","args":[{"selector":{"id":"application-manageresources-display-component---newResourceUnit--resourceId","interaction":{"idSuffix":"inner"}},"wdio_ui5_key":"applicationmanageresources-display-component---newResourceUnit--resourceId"}]}
COMMAND: GET /session/293c5cce68a4e627b0c1e3a644c6160b/screenshot - {}
RESULT: {"script":"<script> [1562 bytes]","args":[{"selector":{"id":"application-manageresources-display-component---newResourceUnit--resourceId","interaction":{"idSuffix":"inner"}},"wdio_ui5_key":"applicationmanageresources-display-component---newResourceUnit--resourceId"}]}
RESULT: undefined
COMMAND: POST /session/293c5cce68a4e627b0c1e3a644c6160b/execute/async - {"script":"<script> [776 bytes]","args":[{"enterText":"8FIgnr4NXU","selector":{"id":"application-manageresources-display-component---newResourceUnit--resourceId","interaction":{"idSuffix":"inner"}},"clearTextFirst":true,"interactionType":"ENTER_TEXT"}]}
RESULT: {}
RESULT: {"script":"<script> [776 bytes]","args":[{"enterText":"8FIgnr4NXU","selector":{"id":"application-manageresources-display-component---newResourceUnit--resourceId","interaction":{"idSuffix":"inner"}},"clearTextFirst":true,"interactionType":"ENTER_TEXT"}]}
COMMAND: POST /session/293c5cce68a4e627b0c1e3a644c6160b/execute/async - {"script":"<script> [1562 bytes]","args":[{"selector":{"id":"application-manageresources-display-component---newResourceUnit--SHORT_TEXT","interaction":{"idSuffix":"inner"}},"wdio_ui5_key":"applicationmanageresources-display-component---newResourceUnit--SHORT_TEXT"}]}
RESULT: {"script":"<script> [1562 bytes]","args":[{"selector":{"id":"application-manageresources-display-component---newResourceUnit--SHORT_TEXT","interaction":{"idSuffix":"inner"}},"wdio_ui5_key":"applicationmanageresources-display-component---newResourceUnit--SHORT_TEXT"}]}
RESULT: undefined
COMMAND: POST /session/293c5cce68a4e627b0c1e3a644c6160b/execute/async - {"script":"<script> [776 bytes]","args":[{"enterText":"Intercompany Equipment WDIO","selector":{"id":"application-manageresources-display-component---newResourceUnit--SHORT_TEXT","interaction":{"idSuffix":"inner"}},"clearTextFirst":true,"interactionType":"ENTER_TEXT"}]}
RESULT: {"script":"<script> [776 bytes]","args":[{"enterText":"Intercompany Equipment WDIO","selector":{"id":"application-manageresources-display-component---newResourceUnit--SHORT_TEXT","interaction":{"idSuffix":"inner"}},"clearTextFirst":true,"interactionType":"ENTER_TEXT"}]}
COMMAND: POST /session/293c5cce68a4e627b0c1e3a644c6160b/execute/async - {"script":"<script> [1562 bytes]","args":[{"selector":{"id":"application-manageresources-display-component---newResourceUnit--BASE_UNIT_OF_MEASURE","interaction":{"idSuffix":"inner"}},"wdio_ui5_key":"applicationmanageresources-display-component---newResourceUnit--BASE_UNIT_OF_MEASURE"}]}
RESULT: {"script":"<script> [1562 bytes]","args":[{"selector":{"id":"application-manageresources-display-component---newResourceUnit--BASE_UNIT_OF_MEASURE","interaction":{"idSuffix":"inner"}},"wdio_ui5_key":"applicationmanageresources-display-component---newResourceUnit--BASE_UNIT_OF_MEASURE"}]}
RESULT: undefined
COMMAND: POST /session/293c5cce68a4e627b0c1e3a644c6160b/execute/async - {"script":"<script> [776 bytes]","args":[{"enterText":"Piece","selector":{"id":"application-manageresources-display-component---newResourceUnit--BASE_UNIT_OF_MEASURE","interaction":{"idSuffix":"inner"}},"clearTextFirst":true,"interactionType":"ENTER_TEXT"}]}
RESULT: {"script":"<script> [776 bytes]","args":[{"enterText":"Piece","selector":{"id":"application-manageresources-display-component---newResourceUnit--BASE_UNIT_OF_MEASURE","interaction":{"idSuffix":"inner"}},"clearTextFirst":true,"interactionType":"ENTER_TEXT"}]}
COMMAND: POST /session/293c5cce68a4e627b0c1e3a644c6160b/execute/async - {"script":"<script> [1562 bytes]","args":[{"selector":{"id":"application-manageresources-display-component---newResourceUnit--WEIGHT_UNIT","interaction":{"idSuffix":"inner"}},"wdio_ui5_key":"applicationmanageresources-display-component---newResourceUnit--WEIGHT_UNIT"}]}
RESULT: {"script":"<script> [1562 bytes]","args":[{"selector":{"id":"application-manageresources-display-component---newResourceUnit--WEIGHT_UNIT","interaction":{"idSuffix":"inner"}},"wdio_ui5_key":"applicationmanageresources-display-component---newResourceUnit--WEIGHT_UNIT"}]}
RESULT: undefined
COMMAND: POST /session/293c5cce68a4e627b0c1e3a644c6160b/execute/async - {"script":"<script> [776 bytes]","args":[{"enterText":"Gram","selector":{"id":"application-manageresources-display-component---newResourceUnit--WEIGHT_UNIT","interaction":{"idSuffix":"inner"}},"clearTextFirst":true,"interactionType":"ENTER_TEXT"}]}
RESULT: {"script":"<script> [776 bytes]","args":[{"enterText":"Gram","selector":{"id":"application-manageresources-display-component---newResourceUnit--WEIGHT_UNIT","interaction":{"idSuffix":"inner"}},"clearTextFirst":true,"interactionType":"ENTER_TEXT"}]}
COMMAND: POST /session/293c5cce68a4e627b0c1e3a644c6160b/execute/async - {"script":"<script> [1562 bytes]","args":[{"selector":{"id":"application-manageresources-display-component---newResourceUnit--DIMENSION_UNIT","interaction":{"idSuffix":"inner"}},"wdio_ui5_key":"applicationmanageresources-display-component---newResourceUnit--DIMENSION_UNIT"}]}
RESULT: {"script":"<script> [1562 bytes]","args":[{"selector":{"id":"application-manageresources-display-component---newResourceUnit--DIMENSION_UNIT","interaction":{"idSuffix":"inner"}},"wdio_ui5_key":"applicationmanageresources-display-component---newResourceUnit--DIMENSION_UNIT"}]}
RESULT: undefined
COMMAND: POST /session/293c5cce68a4e627b0c1e3a644c6160b/execute/async - {"script":"<script> [776 bytes]","args":[{"enterText":"Meter","selector":{"id":"application-manageresources-display-component---newResourceUnit--DIMENSION_UNIT","interaction":{"idSuffix":"inner"}},"clearTextFirst":true,"interactionType":"ENTER_TEXT"}]}
RESULT: {"script":"<script> [776 bytes]","args":[{"enterText":"Meter","selector":{"id":"application-manageresources-display-component---newResourceUnit--DIMENSION_UNIT","interaction":{"idSuffix":"inner"}},"clearTextFirst":true,"interactionType":"ENTER_TEXT"}]}
COMMAND: POST /session/293c5cce68a4e627b0c1e3a644c6160b/execute/async - {"script":"<script> [1562 bytes]","args":[{"selector":{"id":"application-manageresources-display-component---newResourceUnit--newRRUPage-anchBar-application-manageresources-display-component---newResourceUnit--control-anchor","interaction":{"idSuffix":"BDI-content"}},"wdio_ui5_key":"applicationmanageresources-display-component---newResourceUnit--newRRUPage-anchBar-application-manageresources-display-component---newResourceUnit--control-anchor"}]}
RESULT: {"script":"<script> [1562 bytes]","args":[{"selector":{"id":"application-manageresources-display-component---newResourceUnit--newRRUPage-anchBar-application-manageresources-display-component---newResourceUnit--control-anchor","interaction":{"idSuffix":"BDI-content"}},"wdio_ui5_key":"applicationmanageresources-display-component---newResourceUnit--newRRUPage-anchBar-application-manageresources-display-component---newResourceUnit--control-anchor"}]}
RESULT: undefined
COMMAND: POST /session/293c5cce68a4e627b0c1e3a644c6160b/element - {"using":"xpath","value":"//*[@id=\"application-manageresources-display-component---newResourceUnit--newRRUPage-anchBar-application-manageresources-display-component---newResourceUnit--control-anchor\"]"}
RESULT: {"using":"xpath","value":"//*[@id=\"application-manageresources-display-component---newResourceUnit--newRRUPage-anchBar-application-manageresources-display-component---newResourceUnit--control-anchor\"]"}
COMMAND: POST /session/293c5cce68a4e627b0c1e3a644c6160b/element/f.01782A26726534229B57CD9AA69B47B8.d.75F17DFDFAE0117D0C04C075A1DFE6B9.e.14840/click - {}
RESULT: {}
COMMAND: POST /session/293c5cce68a4e627b0c1e3a644c6160b/execute/async - {"script":"<script> [1562 bytes]","args":[{"selector":{"id":"application-manageresources-display-component---newResourceUnit--PLANNING_GROUP","interaction":{"idSuffix":"inner"}},"wdio_ui5_key":"applicationmanageresources-display-component---newResourceUnit--PLANNING_GROUP"}]}
COMMAND: GET /session/293c5cce68a4e627b0c1e3a644c6160b/screenshot - {}
RESULT: {"script":"<script> [1562 bytes]","args":[{"selector":{"id":"application-manageresources-display-component---newResourceUnit--PLANNING_GROUP","interaction":{"idSuffix":"inner"}},"wdio_ui5_key":"applicationmanageresources-display-component---newResourceUnit--PLANNING_GROUP"}]}
RESULT: undefined
COMMAND: POST /session/293c5cce68a4e627b0c1e3a644c6160b/execute/async - {"script":"<script> [776 bytes]","args":[{"enterText":"Heavy Equi","selector":{"id":"application-manageresources-display-component---newResourceUnit--PLANNING_GROUP","interaction":{"idSuffix":"inner"}},"clearTextFirst":true,"interactionType":"ENTER_TEXT"}]}
RESULT: {}
RESULT: {"script":"<script> [776 bytes]","args":[{"enterText":"Heavy Equi","selector":{"id":"application-manageresources-display-component---newResourceUnit--PLANNING_GROUP","interaction":{"idSuffix":"inner"}},"clearTextFirst":true,"interactionType":"ENTER_TEXT"}]}
COMMAND: POST /session/293c5cce68a4e627b0c1e3a644c6160b/execute/async - {"script":"<script> [1562 bytes]","args":[{"selector":{"id":"application-manageresources-display-component---newResourceUnit--ITEM_TYPE-arrow"},"wdio_ui5_key":"applicationmanageresources-display-component---newResourceUnit--ITEM_TYPE-arrow"}]}
RESULT: {"script":"<script> [1562 bytes]","args":[{"selector":{"id":"application-manageresources-display-component---newResourceUnit--ITEM_TYPE-arrow"},"wdio_ui5_key":"applicationmanageresources-display-component---newResourceUnit--ITEM_TYPE-arrow"}]}
RESULT: undefined
COMMAND: POST /session/293c5cce68a4e627b0c1e3a644c6160b/element - {"using":"xpath","value":"//*[@id=\"application-manageresources-display-component---newResourceUnit--ITEM_TYPE-arrow\"]"}
RESULT: {"using":"xpath","value":"//*[@id=\"application-manageresources-display-component---newResourceUnit--ITEM_TYPE-arrow\"]"}
COMMAND: POST /session/293c5cce68a4e627b0c1e3a644c6160b/element/f.01782A26726534229B57CD9AA69B47B8.d.75F17DFDFAE0117D0C04C075A1DFE6B9.e.14847/click - {}
RESULT: {}
COMMAND: POST /session/293c5cce68a4e627b0c1e3a644c6160b/element - {"using":"xpath","value":"(//span[contains(text(), \"Resource Unit\")])[2]"}
COMMAND: GET /session/293c5cce68a4e627b0c1e3a644c6160b/screenshot - {}
RESULT: {"using":"xpath","value":"(//span[contains(text(), \"Resource Unit\")])[2]"}
COMMAND: POST /session/293c5cce68a4e627b0c1e3a644c6160b/element/f.01782A26726534229B57CD9AA69B47B8.d.75F17DFDFAE0117D0C04C075A1DFE6B9.e.14848/click - {}
RESULT: {}
RESULT: {}
COMMAND: GET /session/293c5cce68a4e627b0c1e3a644c6160b/screenshot - {}
RESULT: {}
COMMAND: POST /session/293c5cce68a4e627b0c1e3a644c6160b/element - {"using":"css selector","value":"#application-manageresources-display-component---newResourceUnit--btnAddTimeSegment"}
RESULT: {"using":"css selector","value":"#application-manageresources-display-component---newResourceUnit--btnAddTimeSegment"}
COMMAND: GET /session/293c5cce68a4e627b0c1e3a644c6160b/element/f.01782A26726534229B57CD9AA69B47B8.d.75F17DFDFAE0117D0C04C075A1DFE6B9.e.14849/rect - {}
RESULT: {}
COMMAND: GET /session/293c5cce68a4e627b0c1e3a644c6160b/window/rect - {}
RESULT: {}
COMMAND: POST /session/293c5cce68a4e627b0c1e3a644c6160b/execute/sync - {"script":"<script> [92 bytes]","args":[]}
RESULT: {"script":"<script> [92 bytes]","args":[]}
COMMAND: POST /session/293c5cce68a4e627b0c1e3a644c6160b/actions - {"actions":[{"id":"action53","type":"wheel","parameters":{},"actions":[{"type":"scroll","x":-1888,"y":-32,"deltaX":0,"deltaY":0,"duration":0,"origin":{"element-6066-11e4-a52e-4f735466cecf":"f.01782A26726534229B57CD9AA69B47B8.d.75F17DFDFAE0117D0C04C075A1DFE6B9.e.14849"}}]}]}
COMMAND: GET /session/293c5cce68a4e627b0c1e3a644c6160b/screenshot - {}
RESULT: {}
COMMAND: POST /session/293c5cce68a4e627b0c1e3a644c6160b/execute/sync - {"script":"<script> [79 bytes]","args":[{"element-6066-11e4-a52e-4f735466cecf":"f.01782A26726534229B57CD9AA69B47B8.d.75F17DFDFAE0117D0C04C075A1DFE6B9.e.14849","ELEMENT":"f.01782A26726534229B57CD9AA69B47B8.d.75F17DFDFAE0117D0C04C075A1DFE6B9.e.14849"},{"block":"start","inline":"nearest"}]}
RESULT: {"script":"<script> [79 bytes]","args":[{"element-6066-11e4-a52e-4f735466cecf":"f.01782A26726534229B57CD9AA69B47B8.d.75F17DFDFAE0117D0C04C075A1DFE6B9.e.14849","ELEMENT":"f.01782A26726534229B57CD9AA69B47B8.d.75F17DFDFAE0117D0C04C075A1DFE6B9.e.14849"},{"block":"start","inline":"nearest"}]}
COMMAND: POST /session/293c5cce68a4e627b0c1e3a644c6160b/execute/async - {"script":"<script> [1562 bytes]","args":[{"selector":{"id":"application-manageresources-display-component---newResourceUnit--btnAddTimeSegment","interaction":{"idSuffix":"inner"}},"wdio_ui5_key":"applicationmanageresources-display-component---newResourceUnit--btnAddTimeSegment"}]}
COMMAND: GET /session/293c5cce68a4e627b0c1e3a644c6160b/screenshot - {}
RESULT: {"script":"<script> [1562 bytes]","args":[{"selector":{"id":"application-manageresources-display-component---newResourceUnit--btnAddTimeSegment","interaction":{"idSuffix":"inner"}},"wdio_ui5_key":"applicationmanageresources-display-component---newResourceUnit--btnAddTimeSegment"}]}
RESULT: undefined
COMMAND: POST /session/293c5cce68a4e627b0c1e3a644c6160b/element - {"using":"xpath","value":"//*[@id=\"application-manageresources-display-component---newResourceUnit--btnAddTimeSegment\"]"}
RESULT: {}
RESULT: {"using":"xpath","value":"//*[@id=\"application-manageresources-display-component---newResourceUnit--btnAddTimeSegment\"]"}
COMMAND: POST /session/293c5cce68a4e627b0c1e3a644c6160b/element/f.01782A26726534229B57CD9AA69B47B8.d.75F17DFDFAE0117D0C04C075A1DFE6B9.e.14849/click - {}
RESULT: {}
COMMAND: GET /session/293c5cce68a4e627b0c1e3a644c6160b/screenshot - {}
RESULT: {}
COMMAND: POST /session/293c5cce68a4e627b0c1e3a644c6160b/element - {"using":"xpath","value":"//input[@id=\"application-manageresources-display-component---newResourceUnit--idRuTSAdmin-application-manageresources-display-component---newResourceUnit--RUTimeSegment-0-inner\"]"}
RESULT: {"using":"xpath","value":"//input[@id=\"application-manageresources-display-component---newResourceUnit--idRuTSAdmin-application-manageresources-display-component---newResourceUnit--RUTimeSegment-0-inner\"]"}
COMMAND: POST /session/293c5cce68a4e627b0c1e3a644c6160b/element/f.01782A26726534229B57CD9AA69B47B8.d.75F17DFDFAE0117D0C04C075A1DFE6B9.e.14855/clear - {}
RESULT: {}
COMMAND: POST /session/293c5cce68a4e627b0c1e3a644c6160b/element/f.01782A26726534229B57CD9AA69B47B8.d.75F17DFDFAE0117D0C04C075A1DFE6B9.e.14855/value - {"text":"201"}
COMMAND: GET /session/293c5cce68a4e627b0c1e3a644c6160b/screenshot - {}
RESULT: {"text":"201"}
COMMAND: GET /session/293c5cce68a4e627b0c1e3a644c6160b/screenshot - {}
RESULT: {}
RESULT: {}
COMMAND: POST /session/293c5cce68a4e627b0c1e3a644c6160b/element - {"using":"xpath","value":"//li[.//span[text()='201']]"}
RESULT: {"using":"xpath","value":"//li[.//span[text()='201']]"}
COMMAND: POST /session/293c5cce68a4e627b0c1e3a644c6160b/element/f.01782A26726534229B57CD9AA69B47B8.d.75F17DFDFAE0117D0C04C075A1DFE6B9.e.14867/click - {}
RESULT: {}
COMMAND: GET /session/293c5cce68a4e627b0c1e3a644c6160b/screenshot - {}
RESULT: {}
COMMAND: POST /session/293c5cce68a4e627b0c1e3a644c6160b/element - {"using":"xpath","value":"(//span[contains(@id, \"-application-manageresources-display-component---newResourceUnit--RUTimeSegment-0-arrow\")])[6]"}
RESULT: {"using":"xpath","value":"(//span[contains(@id, \"-application-manageresources-display-component---newResourceUnit--RUTimeSegment-0-arrow\")])[6]"}
COMMAND: POST /session/293c5cce68a4e627b0c1e3a644c6160b/element/f.01782A26726534229B57CD9AA69B47B8.d.75F17DFDFAE0117D0C04C075A1DFE6B9.e.14868/click - {}
RESULT: {}
COMMAND: GET /session/293c5cce68a4e627b0c1e3a644c6160b/screenshot - {}
RESULT: {}
COMMAND: POST /session/293c5cce68a4e627b0c1e3a644c6160b/element - {"using":"xpath","value":"//span[contains(text(), \"PM Order\")]"}
RESULT: {"using":"xpath","value":"//span[contains(text(), \"PM Order\")]"}
COMMAND: POST /session/293c5cce68a4e627b0c1e3a644c6160b/element/f.01782A26726534229B57CD9AA69B47B8.d.75F17DFDFAE0117D0C04C075A1DFE6B9.e.14871/click - {}
RESULT: {}
COMMAND: GET /session/293c5cce68a4e627b0c1e3a644c6160b/screenshot - {}
RESULT: {}
COMMAND: POST /session/293c5cce68a4e627b0c1e3a644c6160b/element - {"using":"xpath","value":"(//span[contains(@id ,\"manageresources-display-component---newResourceUnit--RUTimeSegment-0-vhi\")])[1]"}
RESULT: {"using":"xpath","value":"(//span[contains(@id ,\"manageresources-display-component---newResourceUnit--RUTimeSegment-0-vhi\")])[1]"}
COMMAND: GET /session/293c5cce68a4e627b0c1e3a644c6160b/element/f.01782A26726534229B57CD9AA69B47B8.d.75F17DFDFAE0117D0C04C075A1DFE6B9.e.14875/rect - {}
RESULT: {}
COMMAND: GET /session/293c5cce68a4e627b0c1e3a644c6160b/window/rect - {}
RESULT: {}
COMMAND: POST /session/293c5cce68a4e627b0c1e3a644c6160b/execute/sync - {"script":"<script> [92 bytes]","args":[]}
RESULT: {"script":"<script> [92 bytes]","args":[]}
COMMAND: POST /session/293c5cce68a4e627b0c1e3a644c6160b/actions - {"actions":[{"id":"action54","type":"wheel","parameters":{},"actions":[{"type":"scroll","x":-869,"y":-24,"deltaX":0,"deltaY":0,"duration":0,"origin":{"element-6066-11e4-a52e-4f735466cecf":"f.01782A26726534229B57CD9AA69B47B8.d.75F17DFDFAE0117D0C04C075A1DFE6B9.e.14875"}}]}]}
COMMAND: GET /session/293c5cce68a4e627b0c1e3a644c6160b/screenshot - {}
RESULT: {"actions":[{"id":"action54","type":"wheel","parameters":{},"actions":[{"type":"scroll","x":-869,"y":-24,"deltaX":0,"deltaY":0,"duration":0,"origin":{"element-6066-11e4-a52e-4f735466cecf":"f.01782A26726534229B57CD9AA69B47B8.d.75F17DFDFAE0117D0C04C075A1DFE6B9.e.14875"}}]}]}
COMMAND: DELETE /session/293c5cce68a4e627b0c1e3a644c6160b/actions - {}
COMMAND: GET /session/293c5cce68a4e627b0c1e3a644c6160b/screenshot - {}
RESULT: {}
RESULT: {}
COMMAND: GET /session/293c5cce68a4e627b0c1e3a644c6160b/screenshot - {}
RESULT: {}
RESULT: {}
COMMAND: POST /session/293c5cce68a4e627b0c1e3a644c6160b/element/f.01782A26726534229B57CD9AA69B47B8.d.75F17DFDFAE0117D0C04C075A1DFE6B9.e.14875/click - {}
RESULT: {}
COMMAND: GET /session/293c5cce68a4e627b0c1e3a644c6160b/screenshot - {}
RESULT: {}
RESULT: undefined
COMMAND: POST /session/293c5cce68a4e627b0c1e3a644c6160b/execute/async - {"script":"<script> [776 bytes]","args":[{"enterText":"4000360","selector":{"controlType":"sap.m.SearchField","properties":{"placeholder":"Search"},"searchOpenDialogs":true,"interaction":{"idSuffix":"I"}},"clearTextFirst":true,"interactionType":"ENTER_TEXT"}]}
RESULT: {"script":"<script> [776 bytes]","args":[{"enterText":"4000360","selector":{"controlType":"sap.m.SearchField","properties":{"placeholder":"Search"},"searchOpenDialogs":true,"interaction":{"idSuffix":"I"}},"clearTextFirst":true,"interactionType":"ENTER_TEXT"}]}
COMMAND: POST /session/293c5cce68a4e627b0c1e3a644c6160b/actions - {"actions":[{"id":"action55","type":"key","parameters":{},"actions":[{"type":"keyDown","value":"î€‡"},{"type":"pause","duration":10},{"type":"keyUp","value":"î€‡"}]}]}
RESULT: {"actions":[{"id":"action55","type":"key","parameters":{},"actions":[{"type":"keyDown","value":"î€‡"},{"type":"pause","duration":10},{"type":"keyUp","value":"î€‡"}]}]}
COMMAND: GET /session/293c5cce68a4e627b0c1e3a644c6160b/screenshot - {}
RESULT: {}
COMMAND: POST /session/293c5cce68a4e627b0c1e3a644c6160b/element - {"using":"xpath","value":"//td/div/span[contains(text(), \"BGL Vehicles\")]"}
RESULT: {"using":"xpath","value":"//td/div/span[contains(text(), \"BGL Vehicles\")]"}
COMMAND: POST /session/293c5cce68a4e627b0c1e3a644c6160b/element/f.01782A26726534229B57CD9AA69B47B8.d.75F17DFDFAE0117D0C04C075A1DFE6B9.e.14895/click - {}
RESULT: {}
COMMAND: GET /session/293c5cce68a4e627b0c1e3a644c6160b/screenshot - {}
RESULT: {}
COMMAND: POST /session/293c5cce68a4e627b0c1e3a644c6160b/element - {"using":"xpath","value":"//bdi[contains(text(), \"OK\")]"}
RESULT: {"using":"xpath","value":"//bdi[contains(text(), \"OK\")]"}
COMMAND: POST /session/293c5cce68a4e627b0c1e3a644c6160b/element/f.01782A26726534229B57CD9AA69B47B8.d.75F17DFDFAE0117D0C04C075A1DFE6B9.e.14896/click - {}
RESULT: {}
COMMAND: GET /session/293c5cce68a4e627b0c1e3a644c6160b/screenshot - {}
RESULT: {}
COMMAND: POST /session/293c5cce68a4e627b0c1e3a644c6160b/execute/async - {"script":"<script> [1562 bytes]","args":[{"selector":{"id":"application-manageresources-display-component---newResourceUnit--newRRUPage-anchBar-application-manageresources-display-component---newResourceUnit--resource-anchor","interaction":{"idSuffix":"BDI-content"}},"wdio_ui5_key":"applicationmanageresources-display-component---newResourceUnit--newRRUPage-anchBar-application-manageresources-display-component---newResourceUnit--resource-anchor"}]}
RESULT: {"script":"<script> [1562 bytes]","args":[{"selector":{"id":"application-manageresources-display-component---newResourceUnit--newRRUPage-anchBar-application-manageresources-display-component---newResourceUnit--resource-anchor","interaction":{"idSuffix":"BDI-content"}},"wdio_ui5_key":"applicationmanageresources-display-component---newResourceUnit--newRRUPage-anchBar-application-manageresources-display-component---newResourceUnit--resource-anchor"}]}
RESULT: undefined
COMMAND: POST /session/293c5cce68a4e627b0c1e3a644c6160b/element - {"using":"xpath","value":"//*[@id=\"application-manageresources-display-component---newResourceUnit--newRRUPage-anchBar-application-manageresources-display-component---newResourceUnit--resource-anchor\"]"}
RESULT: {"using":"xpath","value":"//*[@id=\"application-manageresources-display-component---newResourceUnit--newRRUPage-anchBar-application-manageresources-display-component---newResourceUnit--resource-anchor\"]"}
COMMAND: POST /session/293c5cce68a4e627b0c1e3a644c6160b/element/f.01782A26726534229B57CD9AA69B47B8.d.75F17DFDFAE0117D0C04C075A1DFE6B9.e.14900/click - {}
RESULT: {}
COMMAND: POST /session/293c5cce68a4e627b0c1e3a644c6160b/execute/async - {"script":"<script> [1562 bytes]","args":[{"selector":{"id":"application-manageresources-display-component---newResourceUnit--PLANNED_DELIVERY_DATE","interaction":{"idSuffix":"inner"}},"wdio_ui5_key":"applicationmanageresources-display-component---newResourceUnit--PLANNED_DELIVERY_DATE"}]}
COMMAND: GET /session/293c5cce68a4e627b0c1e3a644c6160b/screenshot - {}
RESULT: {"script":"<script> [1562 bytes]","args":[{"selector":{"id":"application-manageresources-display-component---newResourceUnit--PLANNED_DELIVERY_DATE","interaction":{"idSuffix":"inner"}},"wdio_ui5_key":"applicationmanageresources-display-component---newResourceUnit--PLANNED_DELIVERY_DATE"}]}
RESULT: undefined
COMMAND: POST /session/293c5cce68a4e627b0c1e3a644c6160b/execute/async - {"script":"<script> [6424 bytes]","args":[{"element-6066-11e4-a52e-4f735466cecf":"f.01782A26726534229B57CD9AA69B47B8.d.75F17DFDFAE0117D0C04C075A1DFE6B9.e.14765"},"setValue",["5/13/25"]]}
RESULT: {}
RESULT: {"script":"<script> [6424 bytes]","args":[{"element-6066-11e4-a52e-4f735466cecf":"f.01782A26726534229B57CD9AA69B47B8.d.75F17DFDFAE0117D0C04C075A1DFE6B9.e.14765"},"setValue",["5/13/25"]]}
COMMAND: POST /session/293c5cce68a4e627b0c1e3a644c6160b/element - {"using":"xpath","value":"//label[contains(@class, 'sapMLabelRequired') and .//bdi[contains(text(), 'Planned Retirement')]]"}
RESULT: {"using":"xpath","value":"//label[contains(@class, 'sapMLabelRequired') and .//bdi[contains(text(), 'Planned Retirement')]]"}
COMMAND: POST /session/293c5cce68a4e627b0c1e3a644c6160b/elements - {"using":"xpath","value":"//label[contains(@class, 'sapMLabelRequired') and .//bdi[contains(text(), 'Planned Retirement')]]"}
RESULT: {"using":"xpath","value":"//label[contains(@class, 'sapMLabelRequired') and .//bdi[contains(text(), 'Planned Retirement')]]"}
COMMAND: POST /session/293c5cce68a4e627b0c1e3a644c6160b/element - {"using":"xpath","value":"//button[@data-kt=\"resourceUnitSaveButton\"]"}
RESULT: {"using":"xpath","value":"//button[@data-kt=\"resourceUnitSaveButton\"]"}
COMMAND: POST /session/293c5cce68a4e627b0c1e3a644c6160b/element/f.01782A26726534229B57CD9AA69B47B8.d.75F17DFDFAE0117D0C04C075A1DFE6B9.e.14726/click - {}
RESULT: {}
COMMAND: GET /session/293c5cce68a4e627b0c1e3a644c6160b/screenshot - {}
RESULT: {}
COMMAND: POST /session/293c5cce68a4e627b0c1e3a644c6160b/element - {"using":"xpath","value":"//bdi[contains(text(), \"Close\")]"}
RESULT: {"using":"xpath","value":"//bdi[contains(text(), \"Close\")]"}
COMMAND: POST /session/293c5cce68a4e627b0c1e3a644c6160b/element/f.01782A26726534229B57CD9AA69B47B8.d.75F17DFDFAE0117D0C04C075A1DFE6B9.e.14908/click - {}
RESULT: {}
COMMAND: GET /session/293c5cce68a4e627b0c1e3a644c6160b/screenshot - {}
RESULT: {}
COMMAND: POST /session/293c5cce68a4e627b0c1e3a644c6160b/element - {"using":"xpath","value":"(//button[contains(@id ,\"actionsToolbar-overflowButton\")])[1]"}
RESULT: {"using":"xpath","value":"(//button[contains(@id ,\"actionsToolbar-overflowButton\")])[1]"}
COMMAND: POST /session/293c5cce68a4e627b0c1e3a644c6160b/element/f.01782A26726534229B57CD9AA69B47B8.d.75F17DFDFAE0117D0C04C075A1DFE6B9.e.14963/click - {}
RESULT: {}
COMMAND: GET /session/293c5cce68a4e627b0c1e3a644c6160b/screenshot - {}
RESULT: {}
COMMAND: POST /session/293c5cce68a4e627b0c1e3a644c6160b/element - {"using":"xpath","value":"//button[@data-kt=\"priceInfoButton\"]"}
RESULT: {"using":"xpath","value":"//button[@data-kt=\"priceInfoButton\"]"}
COMMAND: POST /session/293c5cce68a4e627b0c1e3a644c6160b/element/f.01782A26726534229B57CD9AA69B47B8.d.75F17DFDFAE0117D0C04C075A1DFE6B9.e.14965/click - {}
RESULT: {}
COMMAND: GET /session/293c5cce68a4e627b0c1e3a644c6160b/screenshot - {}
RESULT: {}
COMMAND: POST /session/293c5cce68a4e627b0c1e3a644c6160b/element - {"using":"css selector","value":"#shell-header-logo"}
RESULT: {"using":"css selector","value":"#shell-header-logo"}
COMMAND: POST /session/293c5cce68a4e627b0c1e3a644c6160b/element/f.01782A26726534229B57CD9AA69B47B8.d.75F17DFDFAE0117D0C04C075A1DFE6B9.e.14321/click - {}
RESULT: {}
COMMAND: GET /session/293c5cce68a4e627b0c1e3a644c6160b/screenshot - {}
RESULT: {}
]]></system-out>
    </testcase>
    <testcase classname="chrome.136_0_7103_49.windows.Transfer_Yard_to_Yard_US131076" name="Prereq Should create a new equipment multipart" time="107.153">
      <system-out><![CDATA[
RESULT: undefined
COMMAND: POST /session/293c5cce68a4e627b0c1e3a644c6160b/element - {"using":"xpath","value":"//*[@id=\"__tile31\"]"}
RESULT: {"using":"xpath","value":"//*[@id=\"__tile31\"]"}
COMMAND: POST /session/293c5cce68a4e627b0c1e3a644c6160b/element/f.01782A26726534229B57CD9AA69B47B8.d.75F17DFDFAE0117D0C04C075A1DFE6B9.e.13469/click - {}
RESULT: {}
COMMAND: POST /session/293c5cce68a4e627b0c1e3a644c6160b/element - {"using":"xpath","value":"//button[@data-kt=\"addNewRUOverflowToolbarButton\"]"}
COMMAND: GET /session/293c5cce68a4e627b0c1e3a644c6160b/screenshot - {}
RESULT: {"using":"xpath","value":"//button[@data-kt=\"addNewRUOverflowToolbarButton\"]"}
COMMAND: POST /session/293c5cce68a4e627b0c1e3a644c6160b/elements - {"using":"xpath","value":"//button[@data-kt=\"addNewRUOverflowToolbarButton\"]"}
RESULT: {}
RESULT: {"using":"xpath","value":"//button[@data-kt=\"addNewRUOverflowToolbarButton\"]"}
COMMAND: POST /session/293c5cce68a4e627b0c1e3a644c6160b/elements - {"using":"xpath","value":"//button[@data-kt=\"addNewRUOverflowToolbarButton\"]"}
RESULT: {"using":"xpath","value":"//button[@data-kt=\"addNewRUOverflowToolbarButton\"]"}
COMMAND: POST /session/293c5cce68a4e627b0c1e3a644c6160b/elements - {"using":"xpath","value":"//button[@data-kt=\"addNewRUOverflowToolbarButton\"]"}
RESULT: {"using":"xpath","value":"//button[@data-kt=\"addNewRUOverflowToolbarButton\"]"}
COMMAND: POST /session/293c5cce68a4e627b0c1e3a644c6160b/element - {"using":"xpath","value":"//button[@data-kt=\"addNewRUOverflowToolbarButton\"]"}
RESULT: {"using":"xpath","value":"//button[@data-kt=\"addNewRUOverflowToolbarButton\"]"}
COMMAND: POST /session/293c5cce68a4e627b0c1e3a644c6160b/execute/sync - {"script":"<script> [8489 bytes]","args":[{"element-6066-11e4-a52e-4f735466cecf":"f.01782A26726534229B57CD9AA69B47B8.d.75F17DFDFAE0117D0C04C075A1DFE6B9.e.15008","ELEMENT":"f.01782A26726534229B57CD9AA69B47B8.d.75F17DFDFAE0117D0C04C075A1DFE6B9.e.15008"}]}
RESULT: {"script":"<script> [8489 bytes]","args":[{"element-6066-11e4-a52e-4f735466cecf":"f.01782A26726534229B57CD9AA69B47B8.d.75F17DFDFAE0117D0C04C075A1DFE6B9.e.15008","ELEMENT":"f.01782A26726534229B57CD9AA69B47B8.d.75F17DFDFAE0117D0C04C075A1DFE6B9.e.15008"}]}
COMMAND: GET /session/293c5cce68a4e627b0c1e3a644c6160b/element/f.01782A26726534229B57CD9AA69B47B8.d.75F17DFDFAE0117D0C04C075A1DFE6B9.e.15008/enabled - {}
COMMAND: GET /session/293c5cce68a4e627b0c1e3a644c6160b/screenshot - {}
RESULT: {}
COMMAND: POST /session/293c5cce68a4e627b0c1e3a644c6160b/execute/sync - {"script":"<script> [8489 bytes]","args":[{"element-6066-11e4-a52e-4f735466cecf":"f.01782A26726534229B57CD9AA69B47B8.d.75F17DFDFAE0117D0C04C075A1DFE6B9.e.15008","ELEMENT":"f.01782A26726534229B57CD9AA69B47B8.d.75F17DFDFAE0117D0C04C075A1DFE6B9.e.15008"}]}
COMMAND: GET /session/293c5cce68a4e627b0c1e3a644c6160b/screenshot - {}
RESULT: {}
RESULT: {"script":"<script> [8489 bytes]","args":[{"element-6066-11e4-a52e-4f735466cecf":"f.01782A26726534229B57CD9AA69B47B8.d.75F17DFDFAE0117D0C04C075A1DFE6B9.e.15008","ELEMENT":"f.01782A26726534229B57CD9AA69B47B8.d.75F17DFDFAE0117D0C04C075A1DFE6B9.e.15008"}]}
COMMAND: POST /session/293c5cce68a4e627b0c1e3a644c6160b/execute/sync - {"script":"<script> [5351 bytes]","args":[{"element-6066-11e4-a52e-4f735466cecf":"f.01782A26726534229B57CD9AA69B47B8.d.75F17DFDFAE0117D0C04C075A1DFE6B9.e.15008","ELEMENT":"f.01782A26726534229B57CD9AA69B47B8.d.75F17DFDFAE0117D0C04C075A1DFE6B9.e.15008"}]}
COMMAND: GET /session/293c5cce68a4e627b0c1e3a644c6160b/screenshot - {}
RESULT: {}
RESULT: {"script":"<script> [5351 bytes]","args":[{"element-6066-11e4-a52e-4f735466cecf":"f.01782A26726534229B57CD9AA69B47B8.d.75F17DFDFAE0117D0C04C075A1DFE6B9.e.15008","ELEMENT":"f.01782A26726534229B57CD9AA69B47B8.d.75F17DFDFAE0117D0C04C075A1DFE6B9.e.15008"}]}
COMMAND: POST /session/293c5cce68a4e627b0c1e3a644c6160b/element/f.01782A26726534229B57CD9AA69B47B8.d.75F17DFDFAE0117D0C04C075A1DFE6B9.e.15008/click - {}
COMMAND: GET /session/293c5cce68a4e627b0c1e3a644c6160b/screenshot - {}
RESULT: {}
RESULT: {}
COMMAND: GET /session/293c5cce68a4e627b0c1e3a644c6160b/screenshot - {}
RESULT: {}
RESULT: {}
RESULT: undefined
COMMAND: POST /session/293c5cce68a4e627b0c1e3a644c6160b/element - {"using":"xpath","value":"//*[@id=\"application-manageresources-display-component---newResourceUnit--TYPE-arrow\"]"}
RESULT: {"using":"xpath","value":"//*[@id=\"application-manageresources-display-component---newResourceUnit--TYPE-arrow\"]"}
COMMAND: POST /session/293c5cce68a4e627b0c1e3a644c6160b/element/f.01782A26726534229B57CD9AA69B47B8.d.75F17DFDFAE0117D0C04C075A1DFE6B9.e.15365/click - {}
RESULT: {}
COMMAND: POST /session/293c5cce68a4e627b0c1e3a644c6160b/element - {"using":"xpath","value":"//input[@id=\"application-manageresources-display-component---newResourceUnit--TYPE-inner\"]"}
COMMAND: GET /session/293c5cce68a4e627b0c1e3a644c6160b/screenshot - {}
RESULT: {"using":"xpath","value":"//input[@id=\"application-manageresources-display-component---newResourceUnit--TYPE-inner\"]"}
COMMAND: POST /session/293c5cce68a4e627b0c1e3a644c6160b/element/f.01782A26726534229B57CD9AA69B47B8.d.75F17DFDFAE0117D0C04C075A1DFE6B9.e.15350/clear - {}
RESULT: {}
RESULT: {}
COMMAND: POST /session/293c5cce68a4e627b0c1e3a644c6160b/element/f.01782A26726534229B57CD9AA69B47B8.d.75F17DFDFAE0117D0C04C075A1DFE6B9.e.15350/value - {"text":"Equi Multipart"}
COMMAND: GET /session/293c5cce68a4e627b0c1e3a644c6160b/screenshot - {}
RESULT: {"text":"Equi Multipart"}
COMMAND: GET /session/293c5cce68a4e627b0c1e3a644c6160b/screenshot - {}
RESULT: {}
RESULT: {}
COMMAND: POST /session/293c5cce68a4e627b0c1e3a644c6160b/actions - {"actions":[{"id":"action56","type":"key","parameters":{},"actions":[{"type":"keyDown","value":"î€‡"},{"type":"pause","duration":10},{"type":"keyUp","value":"î€‡"}]}]}
RESULT: {"actions":[{"id":"action56","type":"key","parameters":{},"actions":[{"type":"keyDown","value":"î€‡"},{"type":"pause","duration":10},{"type":"keyUp","value":"î€‡"}]}]}
RESULT: undefined
COMMAND: POST /session/293c5cce68a4e627b0c1e3a644c6160b/execute/async - {"script":"<script> [776 bytes]","args":[{"enterText":"Equipment Multipart WDIO","selector":{"id":"application-manageresources-display-component---newResourceUnit--SHORT_TEXT","interaction":{"idSuffix":"inner"}},"clearTextFirst":true,"interactionType":"ENTER_TEXT"}]}
COMMAND: GET /session/293c5cce68a4e627b0c1e3a644c6160b/screenshot - {}
RESULT: {"script":"<script> [776 bytes]","args":[{"enterText":"Equipment Multipart WDIO","selector":{"id":"application-manageresources-display-component---newResourceUnit--SHORT_TEXT","interaction":{"idSuffix":"inner"}},"clearTextFirst":true,"interactionType":"ENTER_TEXT"}]}
RESULT: undefined
COMMAND: POST /session/293c5cce68a4e627b0c1e3a644c6160b/execute/async - {"script":"<script> [776 bytes]","args":[{"enterText":"Piece","selector":{"id":"application-manageresources-display-component---newResourceUnit--BASE_UNIT_OF_MEASURE","interaction":{"idSuffix":"inner"}},"clearTextFirst":true,"interactionType":"ENTER_TEXT"}]}
RESULT: {}
RESULT: {"script":"<script> [776 bytes]","args":[{"enterText":"Piece","selector":{"id":"application-manageresources-display-component---newResourceUnit--BASE_UNIT_OF_MEASURE","interaction":{"idSuffix":"inner"}},"clearTextFirst":true,"interactionType":"ENTER_TEXT"}]}
RESULT: undefined
COMMAND: POST /session/293c5cce68a4e627b0c1e3a644c6160b/execute/async - {"script":"<script> [776 bytes]","args":[{"enterText":"Gram","selector":{"id":"application-manageresources-display-component---newResourceUnit--WEIGHT_UNIT","interaction":{"idSuffix":"inner"}},"clearTextFirst":true,"interactionType":"ENTER_TEXT"}]}
RESULT: {"script":"<script> [776 bytes]","args":[{"enterText":"Gram","selector":{"id":"application-manageresources-display-component---newResourceUnit--WEIGHT_UNIT","interaction":{"idSuffix":"inner"}},"clearTextFirst":true,"interactionType":"ENTER_TEXT"}]}
RESULT: undefined
COMMAND: POST /session/293c5cce68a4e627b0c1e3a644c6160b/execute/async - {"script":"<script> [776 bytes]","args":[{"enterText":"Meter","selector":{"id":"application-manageresources-display-component---newResourceUnit--DIMENSION_UNIT","interaction":{"idSuffix":"inner"}},"clearTextFirst":true,"interactionType":"ENTER_TEXT"}]}
RESULT: {"script":"<script> [776 bytes]","args":[{"enterText":"Meter","selector":{"id":"application-manageresources-display-component---newResourceUnit--DIMENSION_UNIT","interaction":{"idSuffix":"inner"}},"clearTextFirst":true,"interactionType":"ENTER_TEXT"}]}
RESULT: undefined
COMMAND: POST /session/293c5cce68a4e627b0c1e3a644c6160b/element - {"using":"xpath","value":"//*[@id=\"application-manageresources-display-component---newResourceUnit--newRRUPage-anchBar-application-manageresources-display-component---newResourceUnit--control-anchor\"]"}
RESULT: {"using":"xpath","value":"//*[@id=\"application-manageresources-display-component---newResourceUnit--newRRUPage-anchBar-application-manageresources-display-component---newResourceUnit--control-anchor\"]"}
COMMAND: POST /session/293c5cce68a4e627b0c1e3a644c6160b/element/f.01782A26726534229B57CD9AA69B47B8.d.75F17DFDFAE0117D0C04C075A1DFE6B9.e.15430/click - {}
RESULT: {}
RESULT: undefined
COMMAND: POST /session/293c5cce68a4e627b0c1e3a644c6160b/execute/async - {"script":"<script> [776 bytes]","args":[{"enterText":"Heavy Equi","selector":{"id":"application-manageresources-display-component---newResourceUnit--PLANNING_GROUP","interaction":{"idSuffix":"inner"}},"clearTextFirst":true,"interactionType":"ENTER_TEXT"}]}
COMMAND: GET /session/293c5cce68a4e627b0c1e3a644c6160b/screenshot - {}
RESULT: {"script":"<script> [776 bytes]","args":[{"enterText":"Heavy Equi","selector":{"id":"application-manageresources-display-component---newResourceUnit--PLANNING_GROUP","interaction":{"idSuffix":"inner"}},"clearTextFirst":true,"interactionType":"ENTER_TEXT"}]}
RESULT: {}
COMMAND: POST /session/293c5cce68a4e627b0c1e3a644c6160b/execute/async - {"script":"<script> [1562 bytes]","args":[{"selector":{"id":"application-manageresources-display-component---newResourceUnit--PLANNING_INDICATOR","interaction":{"idSuffix":"inner"}},"wdio_ui5_key":"applicationmanageresources-display-component---newResourceUnit--PLANNING_INDICATOR"}]}
RESULT: {"script":"<script> [1562 bytes]","args":[{"selector":{"id":"application-manageresources-display-component---newResourceUnit--PLANNING_INDICATOR","interaction":{"idSuffix":"inner"}},"wdio_ui5_key":"applicationmanageresources-display-component---newResourceUnit--PLANNING_INDICATOR"}]}
RESULT: undefined
COMMAND: POST /session/293c5cce68a4e627b0c1e3a644c6160b/execute/async - {"script":"<script> [776 bytes]","args":[{"enterText":"10 - infinite","selector":{"id":"application-manageresources-display-component---newResourceUnit--PLANNING_INDICATOR","interaction":{"idSuffix":"inner"}},"clearTextFirst":true,"interactionType":"ENTER_TEXT"}]}
RESULT: {"script":"<script> [776 bytes]","args":[{"enterText":"10 - infinite","selector":{"id":"application-manageresources-display-component---newResourceUnit--PLANNING_INDICATOR","interaction":{"idSuffix":"inner"}},"clearTextFirst":true,"interactionType":"ENTER_TEXT"}]}
RESULT: undefined
COMMAND: POST /session/293c5cce68a4e627b0c1e3a644c6160b/element - {"using":"xpath","value":"//*[@id=\"application-manageresources-display-component---newResourceUnit--ITEM_TYPE-arrow\"]"}
RESULT: {"using":"xpath","value":"//*[@id=\"application-manageresources-display-component---newResourceUnit--ITEM_TYPE-arrow\"]"}
COMMAND: POST /session/293c5cce68a4e627b0c1e3a644c6160b/element/f.01782A26726534229B57CD9AA69B47B8.d.75F17DFDFAE0117D0C04C075A1DFE6B9.e.15437/click - {}
RESULT: {}
COMMAND: GET /session/293c5cce68a4e627b0c1e3a644c6160b/screenshot - {}
RESULT: {}
COMMAND: POST /session/293c5cce68a4e627b0c1e3a644c6160b/execute/async - {"script":"<script> [1562 bytes]","args":[{"selector":{"controlType":"sap.m.StandardListItem","viewName":"reusables.view.manageresources.NewResourceUnit","viewId":"application-manageresources-display-component---newResourceUnit","properties":{"title":"Pool Equipment"},"searchOpenDialogs":true,"interaction":{"idSuffix":"content"}},"wdio_ui5_key":"reusablesview.manageresources.NewResourceUnitsap.m.StandardListItem{\"title\":\"Pool Equipment\"}"}]}
RESULT: {"script":"<script> [1562 bytes]","args":[{"selector":{"controlType":"sap.m.StandardListItem","viewName":"reusables.view.manageresources.NewResourceUnit","viewId":"application-manageresources-display-component---newResourceUnit","properties":{"title":"Pool Equipment"},"searchOpenDialogs":true,"interaction":{"idSuffix":"content"}},"wdio_ui5_key":"reusablesview.manageresources.NewResourceUnitsap.m.StandardListItem{\"title\":\"Pool Equipment\"}"}]}
RESULT: undefined
COMMAND: POST /session/293c5cce68a4e627b0c1e3a644c6160b/element - {"using":"xpath","value":"//*[@id=\"__item930\"]"}
RESULT: {"using":"xpath","value":"//*[@id=\"__item930\"]"}
COMMAND: POST /session/293c5cce68a4e627b0c1e3a644c6160b/element/f.01782A26726534229B57CD9AA69B47B8.d.75F17DFDFAE0117D0C04C075A1DFE6B9.e.15439/click - {}
RESULT: {}
COMMAND: GET /session/293c5cce68a4e627b0c1e3a644c6160b/screenshot - {}
RESULT: {}
COMMAND: POST /session/293c5cce68a4e627b0c1e3a644c6160b/element - {"using":"css selector","value":"#application-manageresources-display-component---newResourceUnit--btnAddTimeSegment"}
RESULT: {"using":"css selector","value":"#application-manageresources-display-component---newResourceUnit--btnAddTimeSegment"}
COMMAND: GET /session/293c5cce68a4e627b0c1e3a644c6160b/element/f.01782A26726534229B57CD9AA69B47B8.d.75F17DFDFAE0117D0C04C075A1DFE6B9.e.15440/rect - {}
RESULT: {}
COMMAND: GET /session/293c5cce68a4e627b0c1e3a644c6160b/window/rect - {}
RESULT: {}
COMMAND: POST /session/293c5cce68a4e627b0c1e3a644c6160b/execute/sync - {"script":"<script> [92 bytes]","args":[]}
RESULT: {"script":"<script> [92 bytes]","args":[]}
COMMAND: POST /session/293c5cce68a4e627b0c1e3a644c6160b/actions - {"actions":[{"id":"action57","type":"wheel","parameters":{},"actions":[{"type":"scroll","x":-1888,"y":-32,"deltaX":0,"deltaY":0,"duration":0,"origin":{"element-6066-11e4-a52e-4f735466cecf":"f.01782A26726534229B57CD9AA69B47B8.d.75F17DFDFAE0117D0C04C075A1DFE6B9.e.15440"}}]}]}
COMMAND: GET /session/293c5cce68a4e627b0c1e3a644c6160b/screenshot - {}
RESULT: {}
COMMAND: POST /session/293c5cce68a4e627b0c1e3a644c6160b/execute/sync - {"script":"<script> [79 bytes]","args":[{"element-6066-11e4-a52e-4f735466cecf":"f.01782A26726534229B57CD9AA69B47B8.d.75F17DFDFAE0117D0C04C075A1DFE6B9.e.15440","ELEMENT":"f.01782A26726534229B57CD9AA69B47B8.d.75F17DFDFAE0117D0C04C075A1DFE6B9.e.15440"},{"block":"start","inline":"nearest"}]}
RESULT: {"script":"<script> [79 bytes]","args":[{"element-6066-11e4-a52e-4f735466cecf":"f.01782A26726534229B57CD9AA69B47B8.d.75F17DFDFAE0117D0C04C075A1DFE6B9.e.15440","ELEMENT":"f.01782A26726534229B57CD9AA69B47B8.d.75F17DFDFAE0117D0C04C075A1DFE6B9.e.15440"},{"block":"start","inline":"nearest"}]}
RESULT: undefined
COMMAND: POST /session/293c5cce68a4e627b0c1e3a644c6160b/element - {"using":"xpath","value":"//*[@id=\"application-manageresources-display-component---newResourceUnit--btnAddTimeSegment\"]"}
COMMAND: GET /session/293c5cce68a4e627b0c1e3a644c6160b/screenshot - {}
RESULT: {"using":"xpath","value":"//*[@id=\"application-manageresources-display-component---newResourceUnit--btnAddTimeSegment\"]"}
COMMAND: POST /session/293c5cce68a4e627b0c1e3a644c6160b/element/f.01782A26726534229B57CD9AA69B47B8.d.75F17DFDFAE0117D0C04C075A1DFE6B9.e.15440/click - {}
RESULT: {}
RESULT: {}
COMMAND: GET /session/293c5cce68a4e627b0c1e3a644c6160b/screenshot - {}
RESULT: {}
COMMAND: POST /session/293c5cce68a4e627b0c1e3a644c6160b/element - {"using":"xpath","value":"//input[@id=\"application-manageresources-display-component---newResourceUnit--idRuTSAdmin-application-manageresources-display-component---newResourceUnit--RUTimeSegment-0-inner\"]"}
RESULT: {"using":"xpath","value":"//input[@id=\"application-manageresources-display-component---newResourceUnit--idRuTSAdmin-application-manageresources-display-component---newResourceUnit--RUTimeSegment-0-inner\"]"}
COMMAND: POST /session/293c5cce68a4e627b0c1e3a644c6160b/element/f.01782A26726534229B57CD9AA69B47B8.d.75F17DFDFAE0117D0C04C075A1DFE6B9.e.15445/clear - {}
RESULT: {}
COMMAND: POST /session/293c5cce68a4e627b0c1e3a644c6160b/element/f.01782A26726534229B57CD9AA69B47B8.d.75F17DFDFAE0117D0C04C075A1DFE6B9.e.15445/value - {"text":"201"}
COMMAND: GET /session/293c5cce68a4e627b0c1e3a644c6160b/screenshot - {}
RESULT: {"text":"201"}
COMMAND: GET /session/293c5cce68a4e627b0c1e3a644c6160b/screenshot - {}
RESULT: {}
RESULT: {}
COMMAND: POST /session/293c5cce68a4e627b0c1e3a644c6160b/element - {"using":"xpath","value":"//li[.//span[text()='201']]"}
RESULT: {"using":"xpath","value":"//li[.//span[text()='201']]"}
COMMAND: POST /session/293c5cce68a4e627b0c1e3a644c6160b/element/f.01782A26726534229B57CD9AA69B47B8.d.75F17DFDFAE0117D0C04C075A1DFE6B9.e.15457/click - {}
RESULT: {}
COMMAND: GET /session/293c5cce68a4e627b0c1e3a644c6160b/screenshot - {}
RESULT: {}
COMMAND: POST /session/293c5cce68a4e627b0c1e3a644c6160b/element - {"using":"xpath","value":"(//span[contains(@id, \"-application-manageresources-display-component---newResourceUnit--RUTimeSegment-0-arrow\")])[5]"}
RESULT: {"using":"xpath","value":"(//span[contains(@id, \"-application-manageresources-display-component---newResourceUnit--RUTimeSegment-0-arrow\")])[5]"}
COMMAND: POST /session/293c5cce68a4e627b0c1e3a644c6160b/element/f.01782A26726534229B57CD9AA69B47B8.d.75F17DFDFAE0117D0C04C075A1DFE6B9.e.15458/click - {}
RESULT: {}
COMMAND: GET /session/293c5cce68a4e627b0c1e3a644c6160b/screenshot - {}
RESULT: {}
COMMAND: POST /session/293c5cce68a4e627b0c1e3a644c6160b/element - {"using":"xpath","value":"//span[contains(text(), \"PM Order\")]"}
RESULT: {"using":"xpath","value":"//span[contains(text(), \"PM Order\")]"}
COMMAND: POST /session/293c5cce68a4e627b0c1e3a644c6160b/element/f.01782A26726534229B57CD9AA69B47B8.d.75F17DFDFAE0117D0C04C075A1DFE6B9.e.15459/click - {}
RESULT: {}
COMMAND: GET /session/293c5cce68a4e627b0c1e3a644c6160b/screenshot - {}
RESULT: {}
COMMAND: POST /session/293c5cce68a4e627b0c1e3a644c6160b/element - {"using":"xpath","value":"(//span[contains(@id ,\"manageresources-display-component---newResourceUnit--RUTimeSegment-0-vhi\")])[1]"}
RESULT: {"using":"xpath","value":"(//span[contains(@id ,\"manageresources-display-component---newResourceUnit--RUTimeSegment-0-vhi\")])[1]"}
COMMAND: GET /session/293c5cce68a4e627b0c1e3a644c6160b/element/f.01782A26726534229B57CD9AA69B47B8.d.75F17DFDFAE0117D0C04C075A1DFE6B9.e.15463/rect - {}
RESULT: {}
COMMAND: GET /session/293c5cce68a4e627b0c1e3a644c6160b/window/rect - {}
RESULT: {}
COMMAND: POST /session/293c5cce68a4e627b0c1e3a644c6160b/execute/sync - {"script":"<script> [92 bytes]","args":[]}
RESULT: {"script":"<script> [92 bytes]","args":[]}
COMMAND: POST /session/293c5cce68a4e627b0c1e3a644c6160b/actions - {"actions":[{"id":"action58","type":"wheel","parameters":{},"actions":[{"type":"scroll","x":-1888,"y":-24,"deltaX":0,"deltaY":0,"duration":0,"origin":{"element-6066-11e4-a52e-4f735466cecf":"f.01782A26726534229B57CD9AA69B47B8.d.75F17DFDFAE0117D0C04C075A1DFE6B9.e.15463"}}]}]}
COMMAND: GET /session/293c5cce68a4e627b0c1e3a644c6160b/screenshot - {}
RESULT: {}
COMMAND: POST /session/293c5cce68a4e627b0c1e3a644c6160b/execute/sync - {"script":"<script> [79 bytes]","args":[{"element-6066-11e4-a52e-4f735466cecf":"f.01782A26726534229B57CD9AA69B47B8.d.75F17DFDFAE0117D0C04C075A1DFE6B9.e.15463","ELEMENT":"f.01782A26726534229B57CD9AA69B47B8.d.75F17DFDFAE0117D0C04C075A1DFE6B9.e.15463"},{"block":"start","inline":"nearest"}]}
RESULT: {"script":"<script> [79 bytes]","args":[{"element-6066-11e4-a52e-4f735466cecf":"f.01782A26726534229B57CD9AA69B47B8.d.75F17DFDFAE0117D0C04C075A1DFE6B9.e.15463","ELEMENT":"f.01782A26726534229B57CD9AA69B47B8.d.75F17DFDFAE0117D0C04C075A1DFE6B9.e.15463"},{"block":"start","inline":"nearest"}]}
COMMAND: GET /session/293c5cce68a4e627b0c1e3a644c6160b/screenshot - {}
RESULT: {}
COMMAND: POST /session/293c5cce68a4e627b0c1e3a644c6160b/element/f.01782A26726534229B57CD9AA69B47B8.d.75F17DFDFAE0117D0C04C075A1DFE6B9.e.15463/click - {}
RESULT: {}
COMMAND: GET /session/293c5cce68a4e627b0c1e3a644c6160b/screenshot - {}
RESULT: {}
RESULT: undefined
COMMAND: POST /session/293c5cce68a4e627b0c1e3a644c6160b/execute/async - {"script":"<script> [776 bytes]","args":[{"enterText":"4000360","selector":{"controlType":"sap.m.SearchField","properties":{"placeholder":"Search"},"searchOpenDialogs":true,"interaction":{"idSuffix":"I"}},"clearTextFirst":true,"interactionType":"ENTER_TEXT"}]}
RESULT: {"script":"<script> [776 bytes]","args":[{"enterText":"4000360","selector":{"controlType":"sap.m.SearchField","properties":{"placeholder":"Search"},"searchOpenDialogs":true,"interaction":{"idSuffix":"I"}},"clearTextFirst":true,"interactionType":"ENTER_TEXT"}]}
COMMAND: POST /session/293c5cce68a4e627b0c1e3a644c6160b/actions - {"actions":[{"id":"action59","type":"key","parameters":{},"actions":[{"type":"keyDown","value":"î€‡"},{"type":"pause","duration":10},{"type":"keyUp","value":"î€‡"}]}]}
RESULT: {"actions":[{"id":"action59","type":"key","parameters":{},"actions":[{"type":"keyDown","value":"î€‡"},{"type":"pause","duration":10},{"type":"keyUp","value":"î€‡"}]}]}
COMMAND: GET /session/293c5cce68a4e627b0c1e3a644c6160b/screenshot - {}
RESULT: {}
COMMAND: POST /session/293c5cce68a4e627b0c1e3a644c6160b/element - {"using":"xpath","value":"//td/div/span[contains(text(), \"BGL Vehicles\")]"}
RESULT: {"using":"xpath","value":"//td/div/span[contains(text(), \"BGL Vehicles\")]"}
COMMAND: POST /session/293c5cce68a4e627b0c1e3a644c6160b/element/f.01782A26726534229B57CD9AA69B47B8.d.75F17DFDFAE0117D0C04C075A1DFE6B9.e.15483/click - {}
RESULT: {}
COMMAND: GET /session/293c5cce68a4e627b0c1e3a644c6160b/screenshot - {}
RESULT: {}
COMMAND: POST /session/293c5cce68a4e627b0c1e3a644c6160b/element - {"using":"xpath","value":"//bdi[contains(text(), \"OK\")]"}
RESULT: {"using":"xpath","value":"//bdi[contains(text(), \"OK\")]"}
COMMAND: POST /session/293c5cce68a4e627b0c1e3a644c6160b/element/f.01782A26726534229B57CD9AA69B47B8.d.75F17DFDFAE0117D0C04C075A1DFE6B9.e.15484/click - {}
RESULT: {}
COMMAND: GET /session/293c5cce68a4e627b0c1e3a644c6160b/screenshot - {}
RESULT: {}
COMMAND: POST /session/293c5cce68a4e627b0c1e3a644c6160b/element - {"using":"xpath","value":"//label[contains(@class, 'sapMLabelRequired') and .//bdi[contains(text(), 'Planned Retirement')]]"}
RESULT: {"using":"xpath","value":"//label[contains(@class, 'sapMLabelRequired') and .//bdi[contains(text(), 'Planned Retirement')]]"}
COMMAND: POST /session/293c5cce68a4e627b0c1e3a644c6160b/elements - {"using":"xpath","value":"//label[contains(@class, 'sapMLabelRequired') and .//bdi[contains(text(), 'Planned Retirement')]]"}
RESULT: {"using":"xpath","value":"//label[contains(@class, 'sapMLabelRequired') and .//bdi[contains(text(), 'Planned Retirement')]]"}
COMMAND: POST /session/293c5cce68a4e627b0c1e3a644c6160b/element - {"using":"xpath","value":"//button[@data-kt=\"resourceUnitSaveButton\"]"}
RESULT: {"using":"xpath","value":"//button[@data-kt=\"resourceUnitSaveButton\"]"}
COMMAND: POST /session/293c5cce68a4e627b0c1e3a644c6160b/element/f.01782A26726534229B57CD9AA69B47B8.d.75F17DFDFAE0117D0C04C075A1DFE6B9.e.15384/click - {}
RESULT: {}
COMMAND: GET /session/293c5cce68a4e627b0c1e3a644c6160b/screenshot - {}
RESULT: {}
COMMAND: POST /session/293c5cce68a4e627b0c1e3a644c6160b/element - {"using":"xpath","value":"//bdi[contains(text(), \"Close\")]"}
RESULT: {"using":"xpath","value":"//bdi[contains(text(), \"Close\")]"}
COMMAND: POST /session/293c5cce68a4e627b0c1e3a644c6160b/element/f.01782A26726534229B57CD9AA69B47B8.d.75F17DFDFAE0117D0C04C075A1DFE6B9.e.15490/click - {}
RESULT: {}
COMMAND: GET /session/293c5cce68a4e627b0c1e3a644c6160b/screenshot - {}
RESULT: {}
COMMAND: POST /session/293c5cce68a4e627b0c1e3a644c6160b/element - {"using":"xpath","value":"//header[contains(@id, 'detailRruPage-headerTitle')]/div[1]/div[2]/div[2]/span[1]"}
RESULT: {"using":"xpath","value":"//header[contains(@id, 'detailRruPage-headerTitle')]/div[1]/div[2]/div[2]/span[1]"}
COMMAND: POST /session/293c5cce68a4e627b0c1e3a644c6160b/elements - {"using":"xpath","value":"//header[contains(@id, 'detailRruPage-headerTitle')]/div[1]/div[2]/div[2]/span[1]"}
RESULT: {"using":"xpath","value":"//header[contains(@id, 'detailRruPage-headerTitle')]/div[1]/div[2]/div[2]/span[1]"}
COMMAND: POST /session/293c5cce68a4e627b0c1e3a644c6160b/execute/sync - {"script":"<script> [56 bytes]","args":[{"element-6066-11e4-a52e-4f735466cecf":"f.01782A26726534229B57CD9AA69B47B8.d.75F17DFDFAE0117D0C04C075A1DFE6B9.e.15526","ELEMENT":"f.01782A26726534229B57CD9AA69B47B8.d.75F17DFDFAE0117D0C04C075A1DFE6B9.e.15526"}]}
RESULT: {"script":"<script> [56 bytes]","args":[{"element-6066-11e4-a52e-4f735466cecf":"f.01782A26726534229B57CD9AA69B47B8.d.75F17DFDFAE0117D0C04C075A1DFE6B9.e.15526","ELEMENT":"f.01782A26726534229B57CD9AA69B47B8.d.75F17DFDFAE0117D0C04C075A1DFE6B9.e.15526"}]}
COMMAND: POST /session/293c5cce68a4e627b0c1e3a644c6160b/element - {"using":"css selector","value":"#shell-header-logo"}
COMMAND: GET /session/293c5cce68a4e627b0c1e3a644c6160b/screenshot - {}
RESULT: {"using":"css selector","value":"#shell-header-logo"}
COMMAND: POST /session/293c5cce68a4e627b0c1e3a644c6160b/element/f.01782A26726534229B57CD9AA69B47B8.d.75F17DFDFAE0117D0C04C075A1DFE6B9.e.14970/click - {}
RESULT: {}
RESULT: {}
COMMAND: GET /session/293c5cce68a4e627b0c1e3a644c6160b/screenshot - {}
RESULT: {}
]]></system-out>
    </testcase>
  </testsuite>
</testsuites>