<?xml version="1.0" encoding="UTF-8"?>
<testsuites tests="3" failures="0" errors="0" skipped="0">
  <testsuite timestamp="2025-04-20T18:02:38" time="223.732" tests="3" failures="0" errors="0" skipped="0">
    <properties>
      <property name="specId" value="0"/>
      <property name="suiteName" value="Address Management Tests US151165 US151160"/>
      <property name="capabilities" value="chrome.135_0_7049_42.windows"/>
      <property name="file" value="file:///D:/a/1/s/test/specs/BTS/address-management.spec.js"/>
    </properties>
    <testcase classname="chrome.135_0_7049_42.windows.Address_Management_Tests_US151165_US151160" name="Step 1 Will check existence of address created with generated name if none then we create" time="66.489">
      <system-out><![CDATA[
COMMAND: POST /session/e5e33910e46b68016913c7307afa14ef/execute/async - {"script":"<script> [1562 bytes]","args":[{"selector":{"controlType":"sap.m.GenericTile","properties":{"header":"Address Management"}},"wdio_ui5_key":"sapm.GenericTile{\"header\":\"Address Management\"}"}]}
RESULT: {"script":"<script> [1562 bytes]","args":[{"selector":{"controlType":"sap.m.GenericTile","properties":{"header":"Address Management"}},"wdio_ui5_key":"sapm.GenericTile{\"header\":\"Address Management\"}"}]}
RESULT: undefined
COMMAND: POST /session/e5e33910e46b68016913c7307afa14ef/element - {"using":"xpath","value":"//*[@id=\"__tile33\"]"}
RESULT: {"using":"xpath","value":"//*[@id=\"__tile33\"]"}
COMMAND: POST /session/e5e33910e46b68016913c7307afa14ef/element/f.969E4A27F380C93340FCBB09FE21D507.d.694EBBB5A9D4D5A7E03D88120315299A.e.214/click - {}
RESULT: {}
COMMAND: POST /session/e5e33910e46b68016913c7307afa14ef/element - {"using":"xpath","value":"//button[@data-kt=\"addButton\"]"}
COMMAND: GET /session/e5e33910e46b68016913c7307afa14ef/screenshot - {}
RESULT: {"using":"xpath","value":"//button[@data-kt=\"addButton\"]"}
COMMAND: POST /session/e5e33910e46b68016913c7307afa14ef/elements - {"using":"xpath","value":"//button[@data-kt=\"addButton\"]"}
RESULT: {}
RESULT: {"using":"xpath","value":"//button[@data-kt=\"addButton\"]"}
COMMAND: POST /session/e5e33910e46b68016913c7307afa14ef/elements - {"using":"xpath","value":"//button[@data-kt=\"addButton\"]"}
RESULT: {"using":"xpath","value":"//button[@data-kt=\"addButton\"]"}
COMMAND: POST /session/e5e33910e46b68016913c7307afa14ef/elements - {"using":"xpath","value":"//button[@data-kt=\"addButton\"]"}
RESULT: {"using":"xpath","value":"//button[@data-kt=\"addButton\"]"}
COMMAND: POST /session/e5e33910e46b68016913c7307afa14ef/elements - {"using":"xpath","value":"//button[@data-kt=\"addButton\"]"}
RESULT: {"using":"xpath","value":"//button[@data-kt=\"addButton\"]"}
COMMAND: POST /session/e5e33910e46b68016913c7307afa14ef/elements - {"using":"xpath","value":"//button[@data-kt=\"addButton\"]"}
RESULT: {"using":"xpath","value":"//button[@data-kt=\"addButton\"]"}
COMMAND: POST /session/e5e33910e46b68016913c7307afa14ef/elements - {"using":"xpath","value":"//button[@data-kt=\"addButton\"]"}
RESULT: {"using":"xpath","value":"//button[@data-kt=\"addButton\"]"}
COMMAND: POST /session/e5e33910e46b68016913c7307afa14ef/elements - {"using":"xpath","value":"//button[@data-kt=\"addButton\"]"}
RESULT: {"using":"xpath","value":"//button[@data-kt=\"addButton\"]"}
COMMAND: POST /session/e5e33910e46b68016913c7307afa14ef/elements - {"using":"xpath","value":"//button[@data-kt=\"addButton\"]"}
RESULT: {"using":"xpath","value":"//button[@data-kt=\"addButton\"]"}
COMMAND: POST /session/e5e33910e46b68016913c7307afa14ef/elements - {"using":"xpath","value":"//button[@data-kt=\"addButton\"]"}
RESULT: {"using":"xpath","value":"//button[@data-kt=\"addButton\"]"}
COMMAND: POST /session/e5e33910e46b68016913c7307afa14ef/elements - {"using":"xpath","value":"//button[@data-kt=\"addButton\"]"}
RESULT: {"using":"xpath","value":"//button[@data-kt=\"addButton\"]"}
COMMAND: POST /session/e5e33910e46b68016913c7307afa14ef/elements - {"using":"xpath","value":"//button[@data-kt=\"addButton\"]"}
RESULT: {"using":"xpath","value":"//button[@data-kt=\"addButton\"]"}
COMMAND: POST /session/e5e33910e46b68016913c7307afa14ef/elements - {"using":"xpath","value":"//button[@data-kt=\"addButton\"]"}
RESULT: {"using":"xpath","value":"//button[@data-kt=\"addButton\"]"}
COMMAND: POST /session/e5e33910e46b68016913c7307afa14ef/elements - {"using":"xpath","value":"//button[@data-kt=\"addButton\"]"}
RESULT: {"using":"xpath","value":"//button[@data-kt=\"addButton\"]"}
COMMAND: POST /session/e5e33910e46b68016913c7307afa14ef/elements - {"using":"xpath","value":"//button[@data-kt=\"addButton\"]"}
RESULT: {"using":"xpath","value":"//button[@data-kt=\"addButton\"]"}
COMMAND: POST /session/e5e33910e46b68016913c7307afa14ef/elements - {"using":"xpath","value":"//button[@data-kt=\"addButton\"]"}
RESULT: {"using":"xpath","value":"//button[@data-kt=\"addButton\"]"}
COMMAND: POST /session/e5e33910e46b68016913c7307afa14ef/elements - {"using":"xpath","value":"//button[@data-kt=\"addButton\"]"}
RESULT: {"using":"xpath","value":"//button[@data-kt=\"addButton\"]"}
COMMAND: POST /session/e5e33910e46b68016913c7307afa14ef/elements - {"using":"xpath","value":"//button[@data-kt=\"addButton\"]"}
RESULT: {"using":"xpath","value":"//button[@data-kt=\"addButton\"]"}
COMMAND: POST /session/e5e33910e46b68016913c7307afa14ef/elements - {"using":"xpath","value":"//button[@data-kt=\"addButton\"]"}
RESULT: {"using":"xpath","value":"//button[@data-kt=\"addButton\"]"}
COMMAND: POST /session/e5e33910e46b68016913c7307afa14ef/elements - {"using":"xpath","value":"//button[@data-kt=\"addButton\"]"}
RESULT: {"using":"xpath","value":"//button[@data-kt=\"addButton\"]"}
COMMAND: POST /session/e5e33910e46b68016913c7307afa14ef/elements - {"using":"xpath","value":"//button[@data-kt=\"addButton\"]"}
RESULT: {"using":"xpath","value":"//button[@data-kt=\"addButton\"]"}
COMMAND: POST /session/e5e33910e46b68016913c7307afa14ef/elements - {"using":"xpath","value":"//button[@data-kt=\"addButton\"]"}
RESULT: {"using":"xpath","value":"//button[@data-kt=\"addButton\"]"}
COMMAND: POST /session/e5e33910e46b68016913c7307afa14ef/elements - {"using":"xpath","value":"//button[@data-kt=\"addButton\"]"}
RESULT: {"using":"xpath","value":"//button[@data-kt=\"addButton\"]"}
COMMAND: POST /session/e5e33910e46b68016913c7307afa14ef/elements - {"using":"xpath","value":"//button[@data-kt=\"addButton\"]"}
RESULT: {"using":"xpath","value":"//button[@data-kt=\"addButton\"]"}
COMMAND: POST /session/e5e33910e46b68016913c7307afa14ef/elements - {"using":"xpath","value":"//button[@data-kt=\"addButton\"]"}
RESULT: {"using":"xpath","value":"//button[@data-kt=\"addButton\"]"}
COMMAND: POST /session/e5e33910e46b68016913c7307afa14ef/elements - {"using":"xpath","value":"//button[@data-kt=\"addButton\"]"}
RESULT: {"using":"xpath","value":"//button[@data-kt=\"addButton\"]"}
COMMAND: POST /session/e5e33910e46b68016913c7307afa14ef/elements - {"using":"xpath","value":"//button[@data-kt=\"addButton\"]"}
RESULT: {"using":"xpath","value":"//button[@data-kt=\"addButton\"]"}
COMMAND: POST /session/e5e33910e46b68016913c7307afa14ef/elements - {"using":"xpath","value":"//button[@data-kt=\"addButton\"]"}
RESULT: {"using":"xpath","value":"//button[@data-kt=\"addButton\"]"}
COMMAND: POST /session/e5e33910e46b68016913c7307afa14ef/elements - {"using":"xpath","value":"//button[@data-kt=\"addButton\"]"}
RESULT: {"using":"xpath","value":"//button[@data-kt=\"addButton\"]"}
COMMAND: POST /session/e5e33910e46b68016913c7307afa14ef/element - {"using":"xpath","value":"//button[@data-kt=\"addButton\"]"}
RESULT: {"using":"xpath","value":"//button[@data-kt=\"addButton\"]"}
COMMAND: POST /session/e5e33910e46b68016913c7307afa14ef/execute/sync - {"script":"<script> [8489 bytes]","args":[{"element-6066-11e4-a52e-4f735466cecf":"f.969E4A27F380C93340FCBB09FE21D507.d.694EBBB5A9D4D5A7E03D88120315299A.e.302","ELEMENT":"f.969E4A27F380C93340FCBB09FE21D507.d.694EBBB5A9D4D5A7E03D88120315299A.e.302"}]}
RESULT: {"script":"<script> [8489 bytes]","args":[{"element-6066-11e4-a52e-4f735466cecf":"f.969E4A27F380C93340FCBB09FE21D507.d.694EBBB5A9D4D5A7E03D88120315299A.e.302","ELEMENT":"f.969E4A27F380C93340FCBB09FE21D507.d.694EBBB5A9D4D5A7E03D88120315299A.e.302"}]}
COMMAND: GET /session/e5e33910e46b68016913c7307afa14ef/element/f.969E4A27F380C93340FCBB09FE21D507.d.694EBBB5A9D4D5A7E03D88120315299A.e.302/enabled - {}
COMMAND: GET /session/e5e33910e46b68016913c7307afa14ef/screenshot - {}
RESULT: {}
COMMAND: POST /session/e5e33910e46b68016913c7307afa14ef/execute/sync - {"script":"<script> [8489 bytes]","args":[{"element-6066-11e4-a52e-4f735466cecf":"f.969E4A27F380C93340FCBB09FE21D507.d.694EBBB5A9D4D5A7E03D88120315299A.e.302","ELEMENT":"f.969E4A27F380C93340FCBB09FE21D507.d.694EBBB5A9D4D5A7E03D88120315299A.e.302"}]}
COMMAND: GET /session/e5e33910e46b68016913c7307afa14ef/screenshot - {}
RESULT: {}
RESULT: {"script":"<script> [8489 bytes]","args":[{"element-6066-11e4-a52e-4f735466cecf":"f.969E4A27F380C93340FCBB09FE21D507.d.694EBBB5A9D4D5A7E03D88120315299A.e.302","ELEMENT":"f.969E4A27F380C93340FCBB09FE21D507.d.694EBBB5A9D4D5A7E03D88120315299A.e.302"}]}
COMMAND: POST /session/e5e33910e46b68016913c7307afa14ef/execute/sync - {"script":"<script> [5351 bytes]","args":[{"element-6066-11e4-a52e-4f735466cecf":"f.969E4A27F380C93340FCBB09FE21D507.d.694EBBB5A9D4D5A7E03D88120315299A.e.302","ELEMENT":"f.969E4A27F380C93340FCBB09FE21D507.d.694EBBB5A9D4D5A7E03D88120315299A.e.302"}]}
COMMAND: GET /session/e5e33910e46b68016913c7307afa14ef/screenshot - {}
RESULT: {}
RESULT: {"script":"<script> [5351 bytes]","args":[{"element-6066-11e4-a52e-4f735466cecf":"f.969E4A27F380C93340FCBB09FE21D507.d.694EBBB5A9D4D5A7E03D88120315299A.e.302","ELEMENT":"f.969E4A27F380C93340FCBB09FE21D507.d.694EBBB5A9D4D5A7E03D88120315299A.e.302"}]}
COMMAND: GET /session/e5e33910e46b68016913c7307afa14ef/screenshot - {}
RESULT: {}
RESULT: {}
COMMAND: POST /session/e5e33910e46b68016913c7307afa14ef/execute/async - {"script":"<script> [1562 bytes]","args":[{"selector":{"id":"application-addressmanagement-display-component---masterAdm--smartFilterBar-btnBasicSearch","interaction":{"idSuffix":"I"}},"wdio_ui5_key":"applicationaddressmanagement-display-component---masterAdm--smartFilterBar-btnBasicSearch"}]}
RESULT: {"script":"<script> [1562 bytes]","args":[{"selector":{"id":"application-addressmanagement-display-component---masterAdm--smartFilterBar-btnBasicSearch","interaction":{"idSuffix":"I"}},"wdio_ui5_key":"applicationaddressmanagement-display-component---masterAdm--smartFilterBar-btnBasicSearch"}]}
RESULT: undefined
COMMAND: POST /session/e5e33910e46b68016913c7307afa14ef/execute/async - {"script":"<script> [776 bytes]","args":[{"enterText":"sdmhaFvRND","selector":{"id":"application-addressmanagement-display-component---masterAdm--smartFilterBar-btnBasicSearch","interaction":{"idSuffix":"I"}},"clearTextFirst":true,"interactionType":"ENTER_TEXT"}]}
RESULT: {"script":"<script> [776 bytes]","args":[{"enterText":"sdmhaFvRND","selector":{"id":"application-addressmanagement-display-component---masterAdm--smartFilterBar-btnBasicSearch","interaction":{"idSuffix":"I"}},"clearTextFirst":true,"interactionType":"ENTER_TEXT"}]}
COMMAND: POST /session/e5e33910e46b68016913c7307afa14ef/actions - {"actions":[{"id":"action1","type":"key","parameters":{},"actions":[{"type":"keyDown","value":""},{"type":"pause","duration":10},{"type":"keyUp","value":""}]}]}
RESULT: {"actions":[{"id":"action1","type":"key","parameters":{},"actions":[{"type":"keyDown","value":""},{"type":"pause","duration":10},{"type":"keyUp","value":""}]}]}
COMMAND: GET /session/e5e33910e46b68016913c7307afa14ef/screenshot - {}
RESULT: {}
COMMAND: POST /session/e5e33910e46b68016913c7307afa14ef/elements - {"using":"xpath","value":"//table[contains(@id, \"customPersonsAddressesTable-listUl\")]/tbody/tr"}
RESULT: {"using":"xpath","value":"//table[contains(@id, \"customPersonsAddressesTable-listUl\")]/tbody/tr"}
COMMAND: POST /session/e5e33910e46b68016913c7307afa14ef/element - {"using":"xpath","value":"//table[contains(@id, \"customPersonsAddressesTable-listUl\")]/tbody/tr[1]/td[5]/span/span"}
RESULT: {"using":"xpath","value":"//table[contains(@id, \"customPersonsAddressesTable-listUl\")]/tbody/tr[1]/td[5]/span/span"}
COMMAND: POST /session/e5e33910e46b68016913c7307afa14ef/element - {"using":"xpath","value":"//table[contains(@id, \"customPersonsAddressesTable-listUl\")]/tbody/tr[1]/td[3]/span"}
RESULT: {"using":"xpath","value":"//table[contains(@id, \"customPersonsAddressesTable-listUl\")]/tbody/tr[1]/td[3]/span"}
COMMAND: POST /session/e5e33910e46b68016913c7307afa14ef/elements - {"using":"xpath","value":"//table[contains(@id, \"customPersonsAddressesTable-listUl\")]/tbody/tr[1]/td[5]/span/span"}
RESULT: {"using":"xpath","value":"//table[contains(@id, \"customPersonsAddressesTable-listUl\")]/tbody/tr[1]/td[5]/span/span"}
COMMAND: POST /session/e5e33910e46b68016913c7307afa14ef/element - {"using":"xpath","value":"//span[@id=\"application-addressmanagement-display-component---masterAdm--smartTable-header-inner\"]"}
RESULT: {"using":"xpath","value":"//span[@id=\"application-addressmanagement-display-component---masterAdm--smartTable-header-inner\"]"}
COMMAND: POST /session/e5e33910e46b68016913c7307afa14ef/elements - {"using":"xpath","value":"//span[@id=\"application-addressmanagement-display-component---masterAdm--smartTable-header-inner\"]"}
RESULT: {"using":"xpath","value":"//span[@id=\"application-addressmanagement-display-component---masterAdm--smartTable-header-inner\"]"}
COMMAND: POST /session/e5e33910e46b68016913c7307afa14ef/execute/sync - {"script":"<script> [56 bytes]","args":[{"element-6066-11e4-a52e-4f735466cecf":"f.969E4A27F380C93340FCBB09FE21D507.d.694EBBB5A9D4D5A7E03D88120315299A.e.444","ELEMENT":"f.969E4A27F380C93340FCBB09FE21D507.d.694EBBB5A9D4D5A7E03D88120315299A.e.444"}]}
RESULT: {"script":"<script> [56 bytes]","args":[{"element-6066-11e4-a52e-4f735466cecf":"f.969E4A27F380C93340FCBB09FE21D507.d.694EBBB5A9D4D5A7E03D88120315299A.e.444","ELEMENT":"f.969E4A27F380C93340FCBB09FE21D507.d.694EBBB5A9D4D5A7E03D88120315299A.e.444"}]}
COMMAND: POST /session/e5e33910e46b68016913c7307afa14ef/element - {"using":"xpath","value":"//button[@data-kt=\"addButton\"]"}
COMMAND: GET /session/e5e33910e46b68016913c7307afa14ef/screenshot - {}
RESULT: {"using":"xpath","value":"//button[@data-kt=\"addButton\"]"}
COMMAND: POST /session/e5e33910e46b68016913c7307afa14ef/element/f.969E4A27F380C93340FCBB09FE21D507.d.694EBBB5A9D4D5A7E03D88120315299A.e.302/click - {}
RESULT: {}
RESULT: {}
COMMAND: GET /session/e5e33910e46b68016913c7307afa14ef/screenshot - {}
RESULT: {}
COMMAND: POST /session/e5e33910e46b68016913c7307afa14ef/execute/async - {"script":"<script> [1562 bytes]","args":[{"selector":{"controlType":"sap.ui.core.Icon","viewName":"etm.portal.ui.addressmanagement.view.NewAddress","properties":{"src":{"regex":{"source":"slim\\-arrow\\-down"}}},"ancestor":{"id":"addressTitle","viewName":"etm.portal.ui.addressmanagement.view.NewAddress"}},"wdio_ui5_key":"etmportal.ui.addressmanagement.view.NewAddresssap.ui.core.Icon{\"src\":{\"regex\":{\"source\":\"slim\\\\-arrow\\\\-down\"}}}{\"id\":\"addressTitle\",\"viewName\":\"etm.portal.ui.addressmanagement.view.NewAddress\"}"}]}
RESULT: {"script":"<script> [1562 bytes]","args":[{"selector":{"controlType":"sap.ui.core.Icon","viewName":"etm.portal.ui.addressmanagement.view.NewAddress","properties":{"src":{"regex":{"source":"slim\\-arrow\\-down"}}},"ancestor":{"id":"addressTitle","viewName":"etm.portal.ui.addressmanagement.view.NewAddress"}},"wdio_ui5_key":"etmportal.ui.addressmanagement.view.NewAddresssap.ui.core.Icon{\"src\":{\"regex\":{\"source\":\"slim\\\\-arrow\\\\-down\"}}}{\"id\":\"addressTitle\",\"viewName\":\"etm.portal.ui.addressmanagement.view.NewAddress\"}"}]}
RESULT: undefined
COMMAND: POST /session/e5e33910e46b68016913c7307afa14ef/element - {"using":"xpath","value":"//*[@id=\"__xmlview58--addressTitle-arrow\"]"}
RESULT: {"using":"xpath","value":"//*[@id=\"__xmlview58--addressTitle-arrow\"]"}
COMMAND: POST /session/e5e33910e46b68016913c7307afa14ef/element/f.969E4A27F380C93340FCBB09FE21D507.d.694EBBB5A9D4D5A7E03D88120315299A.e.475/click - {}
RESULT: {}
COMMAND: GET /session/e5e33910e46b68016913c7307afa14ef/screenshot - {}
RESULT: {}
COMMAND: POST /session/e5e33910e46b68016913c7307afa14ef/element - {"using":"xpath","value":"//li[.//span[text()=\"Dr.\"]]"}
RESULT: {"using":"xpath","value":"//li[.//span[text()=\"Dr.\"]]"}
COMMAND: POST /session/e5e33910e46b68016913c7307afa14ef/element/f.969E4A27F380C93340FCBB09FE21D507.d.694EBBB5A9D4D5A7E03D88120315299A.e.585/click - {}
RESULT: {}
COMMAND: POST /session/e5e33910e46b68016913c7307afa14ef/execute/async - {"script":"<script> [1562 bytes]","args":[{"selector":{"controlType":"sap.ui.core.Icon","viewName":"etm.portal.ui.addressmanagement.view.NewAddress","properties":{"src":{"regex":{"source":"slim\\-arrow\\-down"}}},"ancestor":{"id":"addressDetailDetailsLanguage","viewName":"etm.portal.ui.addressmanagement.view.NewAddress"}},"wdio_ui5_key":"etmportal.ui.addressmanagement.view.NewAddresssap.ui.core.Icon{\"src\":{\"regex\":{\"source\":\"slim\\\\-arrow\\\\-down\"}}}{\"id\":\"addressDetailDetailsLanguage\",\"viewName\":\"etm.portal.ui.addressmanagement.view.NewAddress\"}"}]}
COMMAND: GET /session/e5e33910e46b68016913c7307afa14ef/screenshot - {}
RESULT: {"script":"<script> [1562 bytes]","args":[{"selector":{"controlType":"sap.ui.core.Icon","viewName":"etm.portal.ui.addressmanagement.view.NewAddress","properties":{"src":{"regex":{"source":"slim\\-arrow\\-down"}}},"ancestor":{"id":"addressDetailDetailsLanguage","viewName":"etm.portal.ui.addressmanagement.view.NewAddress"}},"wdio_ui5_key":"etmportal.ui.addressmanagement.view.NewAddresssap.ui.core.Icon{\"src\":{\"regex\":{\"source\":\"slim\\\\-arrow\\\\-down\"}}}{\"id\":\"addressDetailDetailsLanguage\",\"viewName\":\"etm.portal.ui.addressmanagement.view.NewAddress\"}"}]}
RESULT: undefined
COMMAND: POST /session/e5e33910e46b68016913c7307afa14ef/element - {"using":"xpath","value":"//*[@id=\"__xmlview58--addressDetailDetailsLanguage-arrow\"]"}
RESULT: {}
RESULT: {"using":"xpath","value":"//*[@id=\"__xmlview58--addressDetailDetailsLanguage-arrow\"]"}
COMMAND: POST /session/e5e33910e46b68016913c7307afa14ef/element/f.969E4A27F380C93340FCBB09FE21D507.d.694EBBB5A9D4D5A7E03D88120315299A.e.488/click - {}
RESULT: {}
COMMAND: GET /session/e5e33910e46b68016913c7307afa14ef/screenshot - {}
RESULT: {}
COMMAND: POST /session/e5e33910e46b68016913c7307afa14ef/element - {"using":"xpath","value":"//span[contains(text(), \"English\")]"}
RESULT: {"using":"xpath","value":"//span[contains(text(), \"English\")]"}
COMMAND: POST /session/e5e33910e46b68016913c7307afa14ef/element/f.969E4A27F380C93340FCBB09FE21D507.d.694EBBB5A9D4D5A7E03D88120315299A.e.586/click - {}
RESULT: {}
COMMAND: POST /session/e5e33910e46b68016913c7307afa14ef/execute/async - {"script":"<script> [1562 bytes]","args":[{"selector":{"controlType":"sap.m.Input","viewName":"etm.portal.ui.addressmanagement.view.NewAddress","labelFor":{"text":"Name"},"interaction":{"idSuffix":"inner"}},"wdio_ui5_key":"etmportal.ui.addressmanagement.view.NewAddresssap.m.Input{\"text\":\"Name\"}"}]}
COMMAND: GET /session/e5e33910e46b68016913c7307afa14ef/screenshot - {}
RESULT: {"script":"<script> [1562 bytes]","args":[{"selector":{"controlType":"sap.m.Input","viewName":"etm.portal.ui.addressmanagement.view.NewAddress","labelFor":{"text":"Name"},"interaction":{"idSuffix":"inner"}},"wdio_ui5_key":"etmportal.ui.addressmanagement.view.NewAddresssap.m.Input{\"text\":\"Name\"}"}]}
RESULT: undefined
COMMAND: POST /session/e5e33910e46b68016913c7307afa14ef/execute/async - {"script":"<script> [776 bytes]","args":[{"enterText":"sdmhaFvRND","selector":{"controlType":"sap.m.Input","viewName":"etm.portal.ui.addressmanagement.view.NewAddress","labelFor":{"text":"Name"},"interaction":{"idSuffix":"inner"}},"clearTextFirst":true,"interactionType":"ENTER_TEXT"}]}
RESULT: {}
RESULT: {"script":"<script> [776 bytes]","args":[{"enterText":"sdmhaFvRND","selector":{"controlType":"sap.m.Input","viewName":"etm.portal.ui.addressmanagement.view.NewAddress","labelFor":{"text":"Name"},"interaction":{"idSuffix":"inner"}},"clearTextFirst":true,"interactionType":"ENTER_TEXT"}]}
COMMAND: POST /session/e5e33910e46b68016913c7307afa14ef/element - {"using":"xpath","value":"//button[@title=\"Save\"]"}
RESULT: {"using":"xpath","value":"//button[@title=\"Save\"]"}
COMMAND: POST /session/e5e33910e46b68016913c7307afa14ef/element/f.969E4A27F380C93340FCBB09FE21D507.d.694EBBB5A9D4D5A7E03D88120315299A.e.574/click - {}
RESULT: {}
COMMAND: GET /session/e5e33910e46b68016913c7307afa14ef/screenshot - {}
RESULT: {}
COMMAND: POST /session/e5e33910e46b68016913c7307afa14ef/element - {"using":"xpath","value":"//header[contains(@id, \"application-addressmanagement-display-component---detailAdm--ObjectPageLayout-headerTitle\")]/div[1]/div[3]/div[2]/span"}
RESULT: {"using":"xpath","value":"//header[contains(@id, \"application-addressmanagement-display-component---detailAdm--ObjectPageLayout-headerTitle\")]/div[1]/div[3]/div[2]/span"}
COMMAND: POST /session/e5e33910e46b68016913c7307afa14ef/elements - {"using":"xpath","value":"//header[contains(@id, \"application-addressmanagement-display-component---detailAdm--ObjectPageLayout-headerTitle\")]/div[1]/div[3]/div[2]/span"}
RESULT: {"using":"xpath","value":"//header[contains(@id, \"application-addressmanagement-display-component---detailAdm--ObjectPageLayout-headerTitle\")]/div[1]/div[3]/div[2]/span"}
COMMAND: POST /session/e5e33910e46b68016913c7307afa14ef/execute/sync - {"script":"<script> [56 bytes]","args":[{"element-6066-11e4-a52e-4f735466cecf":"f.969E4A27F380C93340FCBB09FE21D507.d.694EBBB5A9D4D5A7E03D88120315299A.e.611","ELEMENT":"f.969E4A27F380C93340FCBB09FE21D507.d.694EBBB5A9D4D5A7E03D88120315299A.e.611"}]}
RESULT: {"script":"<script> [56 bytes]","args":[{"element-6066-11e4-a52e-4f735466cecf":"f.969E4A27F380C93340FCBB09FE21D507.d.694EBBB5A9D4D5A7E03D88120315299A.e.611","ELEMENT":"f.969E4A27F380C93340FCBB09FE21D507.d.694EBBB5A9D4D5A7E03D88120315299A.e.611"}]}
COMMAND: GET /session/e5e33910e46b68016913c7307afa14ef/screenshot - {}
RESULT: {}
COMMAND: POST /session/e5e33910e46b68016913c7307afa14ef/element - {"using":"css selector","value":"#shell-header-logo"}
RESULT: {"using":"css selector","value":"#shell-header-logo"}
COMMAND: POST /session/e5e33910e46b68016913c7307afa14ef/element/f.969E4A27F380C93340FCBB09FE21D507.d.694EBBB5A9D4D5A7E03D88120315299A.e.266/click - {}
RESULT: {}
COMMAND: GET /session/e5e33910e46b68016913c7307afa14ef/screenshot - {}
]]></system-out>
    </testcase>
    <testcase classname="chrome.135_0_7049_42.windows.Address_Management_Tests_US151165_US151160" name="Step 2 Should deactivate the created address in earlier step US151165" time="49.803">
      <system-out><![CDATA[
RESULT: undefined
COMMAND: POST /session/e5e33910e46b68016913c7307afa14ef/element - {"using":"xpath","value":"//*[@id=\"__tile33\"]"}
RESULT: {}
RESULT: {"using":"xpath","value":"//*[@id=\"__tile33\"]"}
COMMAND: POST /session/e5e33910e46b68016913c7307afa14ef/element/f.969E4A27F380C93340FCBB09FE21D507.d.694EBBB5A9D4D5A7E03D88120315299A.e.214/click - {}
RESULT: {}
COMMAND: POST /session/e5e33910e46b68016913c7307afa14ef/element - {"using":"xpath","value":"//button[@data-kt=\"addButton\"]"}
COMMAND: GET /session/e5e33910e46b68016913c7307afa14ef/screenshot - {}
RESULT: {"using":"xpath","value":"//button[@data-kt=\"addButton\"]"}
COMMAND: POST /session/e5e33910e46b68016913c7307afa14ef/elements - {"using":"xpath","value":"//button[@data-kt=\"addButton\"]"}
RESULT: {}
RESULT: {"using":"xpath","value":"//button[@data-kt=\"addButton\"]"}
COMMAND: POST /session/e5e33910e46b68016913c7307afa14ef/execute/sync - {"script":"<script> [8489 bytes]","args":[{"element-6066-11e4-a52e-4f735466cecf":"f.969E4A27F380C93340FCBB09FE21D507.d.694EBBB5A9D4D5A7E03D88120315299A.e.658","ELEMENT":"f.969E4A27F380C93340FCBB09FE21D507.d.694EBBB5A9D4D5A7E03D88120315299A.e.658"}]}
RESULT: {"script":"<script> [8489 bytes]","args":[{"element-6066-11e4-a52e-4f735466cecf":"f.969E4A27F380C93340FCBB09FE21D507.d.694EBBB5A9D4D5A7E03D88120315299A.e.658","ELEMENT":"f.969E4A27F380C93340FCBB09FE21D507.d.694EBBB5A9D4D5A7E03D88120315299A.e.658"}]}
COMMAND: GET /session/e5e33910e46b68016913c7307afa14ef/element/f.969E4A27F380C93340FCBB09FE21D507.d.694EBBB5A9D4D5A7E03D88120315299A.e.658/enabled - {}
COMMAND: GET /session/e5e33910e46b68016913c7307afa14ef/screenshot - {}
RESULT: {}
COMMAND: POST /session/e5e33910e46b68016913c7307afa14ef/execute/sync - {"script":"<script> [8489 bytes]","args":[{"element-6066-11e4-a52e-4f735466cecf":"f.969E4A27F380C93340FCBB09FE21D507.d.694EBBB5A9D4D5A7E03D88120315299A.e.658","ELEMENT":"f.969E4A27F380C93340FCBB09FE21D507.d.694EBBB5A9D4D5A7E03D88120315299A.e.658"}]}
COMMAND: GET /session/e5e33910e46b68016913c7307afa14ef/screenshot - {}
RESULT: {}
RESULT: {"script":"<script> [8489 bytes]","args":[{"element-6066-11e4-a52e-4f735466cecf":"f.969E4A27F380C93340FCBB09FE21D507.d.694EBBB5A9D4D5A7E03D88120315299A.e.658","ELEMENT":"f.969E4A27F380C93340FCBB09FE21D507.d.694EBBB5A9D4D5A7E03D88120315299A.e.658"}]}
COMMAND: POST /session/e5e33910e46b68016913c7307afa14ef/execute/sync - {"script":"<script> [5351 bytes]","args":[{"element-6066-11e4-a52e-4f735466cecf":"f.969E4A27F380C93340FCBB09FE21D507.d.694EBBB5A9D4D5A7E03D88120315299A.e.658","ELEMENT":"f.969E4A27F380C93340FCBB09FE21D507.d.694EBBB5A9D4D5A7E03D88120315299A.e.658"}]}
COMMAND: GET /session/e5e33910e46b68016913c7307afa14ef/screenshot - {}
RESULT: {}
RESULT: {"script":"<script> [5351 bytes]","args":[{"element-6066-11e4-a52e-4f735466cecf":"f.969E4A27F380C93340FCBB09FE21D507.d.694EBBB5A9D4D5A7E03D88120315299A.e.658","ELEMENT":"f.969E4A27F380C93340FCBB09FE21D507.d.694EBBB5A9D4D5A7E03D88120315299A.e.658"}]}
COMMAND: GET /session/e5e33910e46b68016913c7307afa14ef/screenshot - {}
RESULT: {}
RESULT: {}
RESULT: undefined
COMMAND: POST /session/e5e33910e46b68016913c7307afa14ef/execute/async - {"script":"<script> [776 bytes]","args":[{"enterText":"sdmhaFvRND","selector":{"id":"application-addressmanagement-display-component---masterAdm--smartFilterBar-btnBasicSearch","interaction":{"idSuffix":"I"}},"clearTextFirst":true,"interactionType":"ENTER_TEXT"}]}
RESULT: {"script":"<script> [776 bytes]","args":[{"enterText":"sdmhaFvRND","selector":{"id":"application-addressmanagement-display-component---masterAdm--smartFilterBar-btnBasicSearch","interaction":{"idSuffix":"I"}},"clearTextFirst":true,"interactionType":"ENTER_TEXT"}]}
COMMAND: POST /session/e5e33910e46b68016913c7307afa14ef/actions - {"actions":[{"id":"action2","type":"key","parameters":{},"actions":[{"type":"keyDown","value":""},{"type":"pause","duration":10},{"type":"keyUp","value":""}]}]}
RESULT: {"actions":[{"id":"action2","type":"key","parameters":{},"actions":[{"type":"keyDown","value":""},{"type":"pause","duration":10},{"type":"keyUp","value":""}]}]}
COMMAND: GET /session/e5e33910e46b68016913c7307afa14ef/screenshot - {}
RESULT: {}
COMMAND: POST /session/e5e33910e46b68016913c7307afa14ef/elements - {"using":"xpath","value":"//table[contains(@id, \"customPersonsAddressesTable-listUl\")]/tbody/tr"}
RESULT: {"using":"xpath","value":"//table[contains(@id, \"customPersonsAddressesTable-listUl\")]/tbody/tr"}
COMMAND: POST /session/e5e33910e46b68016913c7307afa14ef/element - {"using":"xpath","value":"//table[contains(@id, \"customPersonsAddressesTable-listUl\")]/tbody/tr[1]/td[5]/span/span"}
RESULT: {"using":"xpath","value":"//table[contains(@id, \"customPersonsAddressesTable-listUl\")]/tbody/tr[1]/td[5]/span/span"}
COMMAND: POST /session/e5e33910e46b68016913c7307afa14ef/element - {"using":"xpath","value":"//table[contains(@id, \"customPersonsAddressesTable-listUl\")]/tbody/tr[1]/td[3]/span"}
RESULT: {"using":"xpath","value":"//table[contains(@id, \"customPersonsAddressesTable-listUl\")]/tbody/tr[1]/td[3]/span"}
COMMAND: POST /session/e5e33910e46b68016913c7307afa14ef/elements - {"using":"xpath","value":"//table[contains(@id, \"customPersonsAddressesTable-listUl\")]/tbody/tr[1]/td[5]/span/span"}
RESULT: {"using":"xpath","value":"//table[contains(@id, \"customPersonsAddressesTable-listUl\")]/tbody/tr[1]/td[5]/span/span"}
COMMAND: POST /session/e5e33910e46b68016913c7307afa14ef/execute/sync - {"script":"<script> [56 bytes]","args":[{"element-6066-11e4-a52e-4f735466cecf":"f.969E4A27F380C93340FCBB09FE21D507.d.694EBBB5A9D4D5A7E03D88120315299A.e.804","ELEMENT":"f.969E4A27F380C93340FCBB09FE21D507.d.694EBBB5A9D4D5A7E03D88120315299A.e.804"}]}
RESULT: {"script":"<script> [56 bytes]","args":[{"element-6066-11e4-a52e-4f735466cecf":"f.969E4A27F380C93340FCBB09FE21D507.d.694EBBB5A9D4D5A7E03D88120315299A.e.804","ELEMENT":"f.969E4A27F380C93340FCBB09FE21D507.d.694EBBB5A9D4D5A7E03D88120315299A.e.804"}]}
COMMAND: POST /session/e5e33910e46b68016913c7307afa14ef/execute/sync - {"script":"<script> [56 bytes]","args":[{"element-6066-11e4-a52e-4f735466cecf":"f.969E4A27F380C93340FCBB09FE21D507.d.694EBBB5A9D4D5A7E03D88120315299A.e.805","ELEMENT":"f.969E4A27F380C93340FCBB09FE21D507.d.694EBBB5A9D4D5A7E03D88120315299A.e.805"}]}
COMMAND: GET /session/e5e33910e46b68016913c7307afa14ef/screenshot - {}
RESULT: {"script":"<script> [56 bytes]","args":[{"element-6066-11e4-a52e-4f735466cecf":"f.969E4A27F380C93340FCBB09FE21D507.d.694EBBB5A9D4D5A7E03D88120315299A.e.805","ELEMENT":"f.969E4A27F380C93340FCBB09FE21D507.d.694EBBB5A9D4D5A7E03D88120315299A.e.805"}]}
COMMAND: POST /session/e5e33910e46b68016913c7307afa14ef/element - {"using":"xpath","value":"//table[contains(@id, \"customPersonsAddressesTable-listUl\")]/tbody/tr[1]/td[10]/div/span"}
COMMAND: GET /session/e5e33910e46b68016913c7307afa14ef/screenshot - {}
RESULT: {}
RESULT: {"using":"xpath","value":"//table[contains(@id, \"customPersonsAddressesTable-listUl\")]/tbody/tr[1]/td[10]/div/span"}
COMMAND: POST /session/e5e33910e46b68016913c7307afa14ef/execute/sync - {"script":"<script> [56 bytes]","args":[{"element-6066-11e4-a52e-4f735466cecf":"f.969E4A27F380C93340FCBB09FE21D507.d.694EBBB5A9D4D5A7E03D88120315299A.e.806","ELEMENT":"f.969E4A27F380C93340FCBB09FE21D507.d.694EBBB5A9D4D5A7E03D88120315299A.e.806"}]}
RESULT: {}
RESULT: {"script":"<script> [56 bytes]","args":[{"element-6066-11e4-a52e-4f735466cecf":"f.969E4A27F380C93340FCBB09FE21D507.d.694EBBB5A9D4D5A7E03D88120315299A.e.806","ELEMENT":"f.969E4A27F380C93340FCBB09FE21D507.d.694EBBB5A9D4D5A7E03D88120315299A.e.806"}]}
COMMAND: POST /session/e5e33910e46b68016913c7307afa14ef/element - {"using":"xpath","value":"//table[contains(@id, \"customPersonsAddressesTable-listUl\")]/tbody/tr[1]/td[2]/div/div"}
COMMAND: GET /session/e5e33910e46b68016913c7307afa14ef/screenshot - {}
RESULT: {"using":"xpath","value":"//table[contains(@id, \"customPersonsAddressesTable-listUl\")]/tbody/tr[1]/td[2]/div/div"}
COMMAND: POST /session/e5e33910e46b68016913c7307afa14ef/element/f.969E4A27F380C93340FCBB09FE21D507.d.694EBBB5A9D4D5A7E03D88120315299A.e.807/click - {}
RESULT: {}
RESULT: {}
COMMAND: GET /session/e5e33910e46b68016913c7307afa14ef/screenshot - {}
RESULT: {}
COMMAND: POST /session/e5e33910e46b68016913c7307afa14ef/element - {"using":"xpath","value":"//bdi[contains(text(), \"Deactivate\")]"}
RESULT: {"using":"xpath","value":"//bdi[contains(text(), \"Deactivate\")]"}
COMMAND: POST /session/e5e33910e46b68016913c7307afa14ef/element/f.969E4A27F380C93340FCBB09FE21D507.d.694EBBB5A9D4D5A7E03D88120315299A.e.808/click - {}
RESULT: {}
COMMAND: GET /session/e5e33910e46b68016913c7307afa14ef/screenshot - {}
RESULT: {}
COMMAND: POST /session/e5e33910e46b68016913c7307afa14ef/element - {"using":"xpath","value":"//bdi[contains(text(), \"Yes\")]"}
RESULT: {"using":"xpath","value":"//bdi[contains(text(), \"Yes\")]"}
COMMAND: POST /session/e5e33910e46b68016913c7307afa14ef/element/f.969E4A27F380C93340FCBB09FE21D507.d.694EBBB5A9D4D5A7E03D88120315299A.e.810/click - {}
RESULT: {}
COMMAND: GET /session/e5e33910e46b68016913c7307afa14ef/screenshot - {}
RESULT: {}
COMMAND: POST /session/e5e33910e46b68016913c7307afa14ef/element - {"using":"xpath","value":"//table[contains(@id, \"customPersonsAddressesTable-listUl\")]/tbody/tr[1]/td[10]/div/span"}
RESULT: {"using":"xpath","value":"//table[contains(@id, \"customPersonsAddressesTable-listUl\")]/tbody/tr[1]/td[10]/div/span"}
COMMAND: POST /session/e5e33910e46b68016913c7307afa14ef/execute/sync - {"script":"<script> [56 bytes]","args":[{"element-6066-11e4-a52e-4f735466cecf":"f.969E4A27F380C93340FCBB09FE21D507.d.694EBBB5A9D4D5A7E03D88120315299A.e.806","ELEMENT":"f.969E4A27F380C93340FCBB09FE21D507.d.694EBBB5A9D4D5A7E03D88120315299A.e.806"}]}
RESULT: {"script":"<script> [56 bytes]","args":[{"element-6066-11e4-a52e-4f735466cecf":"f.969E4A27F380C93340FCBB09FE21D507.d.694EBBB5A9D4D5A7E03D88120315299A.e.806","ELEMENT":"f.969E4A27F380C93340FCBB09FE21D507.d.694EBBB5A9D4D5A7E03D88120315299A.e.806"}]}
COMMAND: GET /session/e5e33910e46b68016913c7307afa14ef/screenshot - {}
RESULT: {}
COMMAND: POST /session/e5e33910e46b68016913c7307afa14ef/element - {"using":"css selector","value":"#shell-header-logo"}
RESULT: {"using":"css selector","value":"#shell-header-logo"}
COMMAND: POST /session/e5e33910e46b68016913c7307afa14ef/element/f.969E4A27F380C93340FCBB09FE21D507.d.694EBBB5A9D4D5A7E03D88120315299A.e.616/click - {}
RESULT: {}
COMMAND: GET /session/e5e33910e46b68016913c7307afa14ef/screenshot - {}
RESULT: {}
]]></system-out>
    </testcase>
    <testcase classname="chrome.135_0_7049_42.windows.Address_Management_Tests_US151165_US151160" name="Step 3 Should activate the created address back again US151160" time="43.617">
      <system-out><![CDATA[
RESULT: undefined
COMMAND: POST /session/e5e33910e46b68016913c7307afa14ef/element - {"using":"xpath","value":"//*[@id=\"__tile33\"]"}
RESULT: {"using":"xpath","value":"//*[@id=\"__tile33\"]"}
COMMAND: POST /session/e5e33910e46b68016913c7307afa14ef/element/f.969E4A27F380C93340FCBB09FE21D507.d.694EBBB5A9D4D5A7E03D88120315299A.e.214/click - {}
RESULT: {}
COMMAND: POST /session/e5e33910e46b68016913c7307afa14ef/element - {"using":"xpath","value":"//button[@data-kt=\"addButton\"]"}
COMMAND: GET /session/e5e33910e46b68016913c7307afa14ef/screenshot - {}
RESULT: {"using":"xpath","value":"//button[@data-kt=\"addButton\"]"}
COMMAND: POST /session/e5e33910e46b68016913c7307afa14ef/elements - {"using":"xpath","value":"//button[@data-kt=\"addButton\"]"}
RESULT: {}
RESULT: {"using":"xpath","value":"//button[@data-kt=\"addButton\"]"}
COMMAND: POST /session/e5e33910e46b68016913c7307afa14ef/execute/sync - {"script":"<script> [8489 bytes]","args":[{"element-6066-11e4-a52e-4f735466cecf":"f.969E4A27F380C93340FCBB09FE21D507.d.694EBBB5A9D4D5A7E03D88120315299A.e.849","ELEMENT":"f.969E4A27F380C93340FCBB09FE21D507.d.694EBBB5A9D4D5A7E03D88120315299A.e.849"}]}
RESULT: {"script":"<script> [8489 bytes]","args":[{"element-6066-11e4-a52e-4f735466cecf":"f.969E4A27F380C93340FCBB09FE21D507.d.694EBBB5A9D4D5A7E03D88120315299A.e.849","ELEMENT":"f.969E4A27F380C93340FCBB09FE21D507.d.694EBBB5A9D4D5A7E03D88120315299A.e.849"}]}
COMMAND: GET /session/e5e33910e46b68016913c7307afa14ef/element/f.969E4A27F380C93340FCBB09FE21D507.d.694EBBB5A9D4D5A7E03D88120315299A.e.849/enabled - {}
COMMAND: GET /session/e5e33910e46b68016913c7307afa14ef/screenshot - {}
RESULT: {}
COMMAND: POST /session/e5e33910e46b68016913c7307afa14ef/execute/sync - {"script":"<script> [8489 bytes]","args":[{"element-6066-11e4-a52e-4f735466cecf":"f.969E4A27F380C93340FCBB09FE21D507.d.694EBBB5A9D4D5A7E03D88120315299A.e.849","ELEMENT":"f.969E4A27F380C93340FCBB09FE21D507.d.694EBBB5A9D4D5A7E03D88120315299A.e.849"}]}
COMMAND: GET /session/e5e33910e46b68016913c7307afa14ef/screenshot - {}
RESULT: {}
RESULT: {"script":"<script> [8489 bytes]","args":[{"element-6066-11e4-a52e-4f735466cecf":"f.969E4A27F380C93340FCBB09FE21D507.d.694EBBB5A9D4D5A7E03D88120315299A.e.849","ELEMENT":"f.969E4A27F380C93340FCBB09FE21D507.d.694EBBB5A9D4D5A7E03D88120315299A.e.849"}]}
COMMAND: POST /session/e5e33910e46b68016913c7307afa14ef/execute/sync - {"script":"<script> [5351 bytes]","args":[{"element-6066-11e4-a52e-4f735466cecf":"f.969E4A27F380C93340FCBB09FE21D507.d.694EBBB5A9D4D5A7E03D88120315299A.e.849","ELEMENT":"f.969E4A27F380C93340FCBB09FE21D507.d.694EBBB5A9D4D5A7E03D88120315299A.e.849"}]}
COMMAND: GET /session/e5e33910e46b68016913c7307afa14ef/screenshot - {}
RESULT: {}
RESULT: {"script":"<script> [5351 bytes]","args":[{"element-6066-11e4-a52e-4f735466cecf":"f.969E4A27F380C93340FCBB09FE21D507.d.694EBBB5A9D4D5A7E03D88120315299A.e.849","ELEMENT":"f.969E4A27F380C93340FCBB09FE21D507.d.694EBBB5A9D4D5A7E03D88120315299A.e.849"}]}
COMMAND: GET /session/e5e33910e46b68016913c7307afa14ef/screenshot - {}
RESULT: {}
RESULT: {}
RESULT: undefined
COMMAND: POST /session/e5e33910e46b68016913c7307afa14ef/execute/async - {"script":"<script> [776 bytes]","args":[{"enterText":"sdmhaFvRND","selector":{"id":"application-addressmanagement-display-component---masterAdm--smartFilterBar-btnBasicSearch","interaction":{"idSuffix":"I"}},"clearTextFirst":true,"interactionType":"ENTER_TEXT"}]}
RESULT: {"script":"<script> [776 bytes]","args":[{"enterText":"sdmhaFvRND","selector":{"id":"application-addressmanagement-display-component---masterAdm--smartFilterBar-btnBasicSearch","interaction":{"idSuffix":"I"}},"clearTextFirst":true,"interactionType":"ENTER_TEXT"}]}
COMMAND: POST /session/e5e33910e46b68016913c7307afa14ef/actions - {"actions":[{"id":"action3","type":"key","parameters":{},"actions":[{"type":"keyDown","value":""},{"type":"pause","duration":10},{"type":"keyUp","value":""}]}]}
RESULT: {"actions":[{"id":"action3","type":"key","parameters":{},"actions":[{"type":"keyDown","value":""},{"type":"pause","duration":10},{"type":"keyUp","value":""}]}]}
COMMAND: GET /session/e5e33910e46b68016913c7307afa14ef/screenshot - {}
RESULT: {}
COMMAND: POST /session/e5e33910e46b68016913c7307afa14ef/elements - {"using":"xpath","value":"//table[contains(@id, \"customPersonsAddressesTable-listUl\")]/tbody/tr"}
RESULT: {"using":"xpath","value":"//table[contains(@id, \"customPersonsAddressesTable-listUl\")]/tbody/tr"}
COMMAND: POST /session/e5e33910e46b68016913c7307afa14ef/element - {"using":"xpath","value":"//table[contains(@id, \"customPersonsAddressesTable-listUl\")]/tbody/tr[1]/td[5]/span/span"}
RESULT: {"using":"xpath","value":"//table[contains(@id, \"customPersonsAddressesTable-listUl\")]/tbody/tr[1]/td[5]/span/span"}
COMMAND: POST /session/e5e33910e46b68016913c7307afa14ef/element - {"using":"xpath","value":"//table[contains(@id, \"customPersonsAddressesTable-listUl\")]/tbody/tr[1]/td[3]/span"}
RESULT: {"using":"xpath","value":"//table[contains(@id, \"customPersonsAddressesTable-listUl\")]/tbody/tr[1]/td[3]/span"}
COMMAND: POST /session/e5e33910e46b68016913c7307afa14ef/elements - {"using":"xpath","value":"//table[contains(@id, \"customPersonsAddressesTable-listUl\")]/tbody/tr[1]/td[5]/span/span"}
RESULT: {"using":"xpath","value":"//table[contains(@id, \"customPersonsAddressesTable-listUl\")]/tbody/tr[1]/td[5]/span/span"}
COMMAND: POST /session/e5e33910e46b68016913c7307afa14ef/execute/sync - {"script":"<script> [56 bytes]","args":[{"element-6066-11e4-a52e-4f735466cecf":"f.969E4A27F380C93340FCBB09FE21D507.d.694EBBB5A9D4D5A7E03D88120315299A.e.1005","ELEMENT":"f.969E4A27F380C93340FCBB09FE21D507.d.694EBBB5A9D4D5A7E03D88120315299A.e.1005"}]}
RESULT: {"script":"<script> [56 bytes]","args":[{"element-6066-11e4-a52e-4f735466cecf":"f.969E4A27F380C93340FCBB09FE21D507.d.694EBBB5A9D4D5A7E03D88120315299A.e.1005","ELEMENT":"f.969E4A27F380C93340FCBB09FE21D507.d.694EBBB5A9D4D5A7E03D88120315299A.e.1005"}]}
COMMAND: POST /session/e5e33910e46b68016913c7307afa14ef/execute/sync - {"script":"<script> [56 bytes]","args":[{"element-6066-11e4-a52e-4f735466cecf":"f.969E4A27F380C93340FCBB09FE21D507.d.694EBBB5A9D4D5A7E03D88120315299A.e.1006","ELEMENT":"f.969E4A27F380C93340FCBB09FE21D507.d.694EBBB5A9D4D5A7E03D88120315299A.e.1006"}]}
COMMAND: GET /session/e5e33910e46b68016913c7307afa14ef/screenshot - {}
RESULT: {}
RESULT: {"script":"<script> [56 bytes]","args":[{"element-6066-11e4-a52e-4f735466cecf":"f.969E4A27F380C93340FCBB09FE21D507.d.694EBBB5A9D4D5A7E03D88120315299A.e.1006","ELEMENT":"f.969E4A27F380C93340FCBB09FE21D507.d.694EBBB5A9D4D5A7E03D88120315299A.e.1006"}]}
COMMAND: POST /session/e5e33910e46b68016913c7307afa14ef/element - {"using":"xpath","value":"//table[contains(@id, \"customPersonsAddressesTable-listUl\")]/tbody/tr[1]/td[10]/div/span"}
COMMAND: GET /session/e5e33910e46b68016913c7307afa14ef/screenshot - {}
RESULT: {"using":"xpath","value":"//table[contains(@id, \"customPersonsAddressesTable-listUl\")]/tbody/tr[1]/td[10]/div/span"}
COMMAND: POST /session/e5e33910e46b68016913c7307afa14ef/execute/sync - {"script":"<script> [56 bytes]","args":[{"element-6066-11e4-a52e-4f735466cecf":"f.969E4A27F380C93340FCBB09FE21D507.d.694EBBB5A9D4D5A7E03D88120315299A.e.1007","ELEMENT":"f.969E4A27F380C93340FCBB09FE21D507.d.694EBBB5A9D4D5A7E03D88120315299A.e.1007"}]}
RESULT: {}
RESULT: {"script":"<script> [56 bytes]","args":[{"element-6066-11e4-a52e-4f735466cecf":"f.969E4A27F380C93340FCBB09FE21D507.d.694EBBB5A9D4D5A7E03D88120315299A.e.1007","ELEMENT":"f.969E4A27F380C93340FCBB09FE21D507.d.694EBBB5A9D4D5A7E03D88120315299A.e.1007"}]}
COMMAND: POST /session/e5e33910e46b68016913c7307afa14ef/element - {"using":"xpath","value":"//table[contains(@id, \"customPersonsAddressesTable-listUl\")]/tbody/tr[1]/td[2]/div/div"}
COMMAND: GET /session/e5e33910e46b68016913c7307afa14ef/screenshot - {}
RESULT: {"using":"xpath","value":"//table[contains(@id, \"customPersonsAddressesTable-listUl\")]/tbody/tr[1]/td[2]/div/div"}
COMMAND: POST /session/e5e33910e46b68016913c7307afa14ef/element/f.969E4A27F380C93340FCBB09FE21D507.d.694EBBB5A9D4D5A7E03D88120315299A.e.1008/click - {}
RESULT: {}
RESULT: {}
COMMAND: GET /session/e5e33910e46b68016913c7307afa14ef/screenshot - {}
RESULT: {}
COMMAND: POST /session/e5e33910e46b68016913c7307afa14ef/element - {"using":"xpath","value":"//bdi[contains(text(), \"Activate\")]"}
RESULT: {"using":"xpath","value":"//bdi[contains(text(), \"Activate\")]"}
COMMAND: POST /session/e5e33910e46b68016913c7307afa14ef/element/f.969E4A27F380C93340FCBB09FE21D507.d.694EBBB5A9D4D5A7E03D88120315299A.e.1009/click - {}
RESULT: {}
COMMAND: GET /session/e5e33910e46b68016913c7307afa14ef/screenshot - {}
RESULT: {}
COMMAND: POST /session/e5e33910e46b68016913c7307afa14ef/element - {"using":"xpath","value":"//bdi[contains(text(), \"Yes\")]"}
RESULT: {"using":"xpath","value":"//bdi[contains(text(), \"Yes\")]"}
COMMAND: POST /session/e5e33910e46b68016913c7307afa14ef/element/f.969E4A27F380C93340FCBB09FE21D507.d.694EBBB5A9D4D5A7E03D88120315299A.e.1011/click - {}
RESULT: {}
COMMAND: GET /session/e5e33910e46b68016913c7307afa14ef/screenshot - {}
RESULT: {}
COMMAND: POST /session/e5e33910e46b68016913c7307afa14ef/element - {"using":"xpath","value":"//table[contains(@id, \"customPersonsAddressesTable-listUl\")]/tbody/tr[1]/td[10]/div/span"}
RESULT: {"using":"xpath","value":"//table[contains(@id, \"customPersonsAddressesTable-listUl\")]/tbody/tr[1]/td[10]/div/span"}
COMMAND: POST /session/e5e33910e46b68016913c7307afa14ef/execute/sync - {"script":"<script> [56 bytes]","args":[{"element-6066-11e4-a52e-4f735466cecf":"f.969E4A27F380C93340FCBB09FE21D507.d.694EBBB5A9D4D5A7E03D88120315299A.e.1007","ELEMENT":"f.969E4A27F380C93340FCBB09FE21D507.d.694EBBB5A9D4D5A7E03D88120315299A.e.1007"}]}
RESULT: {"script":"<script> [56 bytes]","args":[{"element-6066-11e4-a52e-4f735466cecf":"f.969E4A27F380C93340FCBB09FE21D507.d.694EBBB5A9D4D5A7E03D88120315299A.e.1007","ELEMENT":"f.969E4A27F380C93340FCBB09FE21D507.d.694EBBB5A9D4D5A7E03D88120315299A.e.1007"}]}
COMMAND: GET /session/e5e33910e46b68016913c7307afa14ef/screenshot - {}
RESULT: {}
COMMAND: POST /session/e5e33910e46b68016913c7307afa14ef/element - {"using":"css selector","value":"#shell-header-logo"}
RESULT: {"using":"css selector","value":"#shell-header-logo"}
COMMAND: POST /session/e5e33910e46b68016913c7307afa14ef/element/f.969E4A27F380C93340FCBB09FE21D507.d.694EBBB5A9D4D5A7E03D88120315299A.e.818/click - {}
RESULT: {}
COMMAND: GET /session/e5e33910e46b68016913c7307afa14ef/screenshot - {}
RESULT: {}
COMMAND: DELETE /session/e5e33910e46b68016913c7307afa14ef - {}
RESULT: {}
]]></system-out>
    </testcase>
  </testsuite>
</testsuites>