<?xml version="1.0" encoding="UTF-8"?>
<testsuites tests="20" failures="0" errors="0" skipped="0">
  <testsuite timestamp="2025-04-16T15:28:42" time="1295.951" tests="7" failures="0" errors="0" skipped="0">
    <properties>
      <property name="specId" value="0"/>
      <property name="suiteName" value="E2E - Logistical and commercial statuses"/>
      <property name="capabilities" value="chrome.135_0_7049_42.windows"/>
      <property name="file" value="file:///D:/a/1/s/test/specs/R2C/E2E-Logistical-and-commercial-status.spec.js"/>
    </properties>
    <testcase classname="chrome.135_0_7049_42.windows.E2E_-_Logistical_and_commercial_statuses" name="Should create prerequisites yard partner and site" time="321.755">
      <system-out><![CDATA[
COMMAND: POST /session/97f842ea50bbcd53f5e58b39b44e661d/execute/async - {"script":"<script> [1562 bytes]","args":[{"selector":{"controlType":"sap.m.GenericTile","properties":{"header":"Manage Yards"}},"wdio_ui5_key":"sapm.GenericTile{\"header\":\"Manage Yards\"}"}]}
RESULT: {"script":"<script> [1562 bytes]","args":[{"selector":{"controlType":"sap.m.GenericTile","properties":{"header":"Manage Yards"}},"wdio_ui5_key":"sapm.GenericTile{\"header\":\"Manage Yards\"}"}]}
RESULT: undefined
COMMAND: POST /session/97f842ea50bbcd53f5e58b39b44e661d/element - {"using":"xpath","value":"//*[@id=\"__tile41\"]"}
RESULT: {"using":"xpath","value":"//*[@id=\"__tile41\"]"}
COMMAND: POST /session/97f842ea50bbcd53f5e58b39b44e661d/element/f.4C3BA0BF09B228EDDC79F91E8A810388.d.7E31E8BC1759ED22C7911A999DC0433F.e.124/click - {}
RESULT: {}
COMMAND: GET /session/97f842ea50bbcd53f5e58b39b44e661d/screenshot - {}
RESULT: {}
COMMAND: POST /session/97f842ea50bbcd53f5e58b39b44e661d/execute/async - {"script":"<script> [1562 bytes]","args":[{"selector":{"controlType":"sap.ui.core.Icon","viewName":"etm.portal.ui.manageyards.view.Master","viewId":"application-manageyards-display-component---masterYard","properties":{"src":{"regex":{"source":"add"}}}},"wdio_ui5_key":"etmportal.ui.manageyards.view.Mastersap.ui.core.Icon{\"src\":{\"regex\":{\"source\":\"add\"}}}"}]}
RESULT: {"script":"<script> [1562 bytes]","args":[{"selector":{"controlType":"sap.ui.core.Icon","viewName":"etm.portal.ui.manageyards.view.Master","viewId":"application-manageyards-display-component---masterYard","properties":{"src":{"regex":{"source":"add"}}}},"wdio_ui5_key":"etmportal.ui.manageyards.view.Mastersap.ui.core.Icon{\"src\":{\"regex\":{\"source\":\"add\"}}}"}]}
RESULT: undefined
COMMAND: POST /session/97f842ea50bbcd53f5e58b39b44e661d/element - {"using":"xpath","value":"//*[@id=\"__button4-img\"]"}
RESULT: {"using":"xpath","value":"//*[@id=\"__button4-img\"]"}
COMMAND: POST /session/97f842ea50bbcd53f5e58b39b44e661d/element/f.4C3BA0BF09B228EDDC79F91E8A810388.d.7E31E8BC1759ED22C7911A999DC0433F.e.170/click - {}
RESULT: {}
COMMAND: GET /session/97f842ea50bbcd53f5e58b39b44e661d/screenshot - {}
RESULT: {}
COMMAND: POST /session/97f842ea50bbcd53f5e58b39b44e661d/execute/async - {"script":"<script> [1562 bytes]","args":[{"selector":{"id":"application-manageyards-display-component---NewYard--yardId","interaction":{"idSuffix":"inner"}},"wdio_ui5_key":"applicationmanageyards-display-component---NewYard--yardId"}]}
RESULT: {"script":"<script> [1562 bytes]","args":[{"selector":{"id":"application-manageyards-display-component---NewYard--yardId","interaction":{"idSuffix":"inner"}},"wdio_ui5_key":"applicationmanageyards-display-component---NewYard--yardId"}]}
RESULT: undefined
COMMAND: POST /session/97f842ea50bbcd53f5e58b39b44e661d/element - {"using":"xpath","value":"//*[@id=\"application-manageyards-display-component---NewYard--addressDetailDetailsName1-inner\"]"}
RESULT: {"using":"xpath","value":"//*[@id=\"application-manageyards-display-component---NewYard--addressDetailDetailsName1-inner\"]"}
COMMAND: POST /session/97f842ea50bbcd53f5e58b39b44e661d/element/f.4C3BA0BF09B228EDDC79F91E8A810388.d.7E31E8BC1759ED22C7911A999DC0433F.e.389/clear - {}
RESULT: {}
COMMAND: POST /session/97f842ea50bbcd53f5e58b39b44e661d/element/f.4C3BA0BF09B228EDDC79F91E8A810388.d.7E31E8BC1759ED22C7911A999DC0433F.e.389/value - {"text":"WebdriverYardabv9xf"}
COMMAND: GET /session/97f842ea50bbcd53f5e58b39b44e661d/screenshot - {}
RESULT: {"text":"WebdriverYardabv9xf"}
COMMAND: POST /session/97f842ea50bbcd53f5e58b39b44e661d/element - {"using":"xpath","value":"//*[@id=\"application-manageyards-display-component---NewYard--addressDetailDetailsLanguage-inner\"]"}
COMMAND: GET /session/97f842ea50bbcd53f5e58b39b44e661d/screenshot - {}
RESULT: {}
RESULT: {"using":"xpath","value":"//*[@id=\"application-manageyards-display-component---NewYard--addressDetailDetailsLanguage-inner\"]"}
COMMAND: POST /session/97f842ea50bbcd53f5e58b39b44e661d/element/f.4C3BA0BF09B228EDDC79F91E8A810388.d.7E31E8BC1759ED22C7911A999DC0433F.e.390/clear - {}
RESULT: {}
RESULT: {}
COMMAND: POST /session/97f842ea50bbcd53f5e58b39b44e661d/element/f.4C3BA0BF09B228EDDC79F91E8A810388.d.7E31E8BC1759ED22C7911A999DC0433F.e.390/value - {"text":"Romanian"}
COMMAND: GET /session/97f842ea50bbcd53f5e58b39b44e661d/screenshot - {}
RESULT: {"text":"Romanian"}
COMMAND: POST /session/97f842ea50bbcd53f5e58b39b44e661d/element - {"using":"xpath","value":"//input[contains(@id ,\"application-manageyards-display-component---NewYard--addressDetailDetailsName1-inner\")]"}
COMMAND: GET /session/97f842ea50bbcd53f5e58b39b44e661d/screenshot - {}
RESULT: {}
RESULT: {"using":"xpath","value":"//input[contains(@id ,\"application-manageyards-display-component---NewYard--addressDetailDetailsName1-inner\")]"}
COMMAND: GET /session/97f842ea50bbcd53f5e58b39b44e661d/element/f.4C3BA0BF09B228EDDC79F91E8A810388.d.7E31E8BC1759ED22C7911A999DC0433F.e.389/property/value - {}
RESULT: {}
RESULT: {}
COMMAND: GET /session/97f842ea50bbcd53f5e58b39b44e661d/screenshot - {}
RESULT: {}
COMMAND: POST /session/97f842ea50bbcd53f5e58b39b44e661d/element - {"using":"xpath","value":"//*[@id=\"application-manageyards-display-component---NewYard--addressDetailDetailsCity1-inner\"]"}
RESULT: {"using":"xpath","value":"//*[@id=\"application-manageyards-display-component---NewYard--addressDetailDetailsCity1-inner\"]"}
COMMAND: POST /session/97f842ea50bbcd53f5e58b39b44e661d/element/f.4C3BA0BF09B228EDDC79F91E8A810388.d.7E31E8BC1759ED22C7911A999DC0433F.e.392/clear - {}
RESULT: {}
COMMAND: POST /session/97f842ea50bbcd53f5e58b39b44e661d/element/f.4C3BA0BF09B228EDDC79F91E8A810388.d.7E31E8BC1759ED22C7911A999DC0433F.e.392/value - {"text":"Bucuresti"}
COMMAND: GET /session/97f842ea50bbcd53f5e58b39b44e661d/screenshot - {}
RESULT: {"text":"Bucuresti"}
COMMAND: GET /session/97f842ea50bbcd53f5e58b39b44e661d/screenshot - {}
RESULT: {}
RESULT: {}
COMMAND: POST /session/97f842ea50bbcd53f5e58b39b44e661d/element - {"using":"xpath","value":"//*[@id=\"application-manageyards-display-component---NewYard--addressDetailDetailsCountry-inner\"]"}
RESULT: {"using":"xpath","value":"//*[@id=\"application-manageyards-display-component---NewYard--addressDetailDetailsCountry-inner\"]"}
COMMAND: POST /session/97f842ea50bbcd53f5e58b39b44e661d/element/f.4C3BA0BF09B228EDDC79F91E8A810388.d.7E31E8BC1759ED22C7911A999DC0433F.e.396/clear - {}
RESULT: {}
COMMAND: POST /session/97f842ea50bbcd53f5e58b39b44e661d/element/f.4C3BA0BF09B228EDDC79F91E8A810388.d.7E31E8BC1759ED22C7911A999DC0433F.e.396/value - {"text":"Romania"}
COMMAND: GET /session/97f842ea50bbcd53f5e58b39b44e661d/screenshot - {}
RESULT: {"text":"Romania"}
COMMAND: GET /session/97f842ea50bbcd53f5e58b39b44e661d/screenshot - {}
RESULT: {}
RESULT: {}
COMMAND: POST /session/97f842ea50bbcd53f5e58b39b44e661d/element - {"using":"xpath","value":"//div[contains(text(), \"Commercial\")]"}
RESULT: {"using":"xpath","value":"//div[contains(text(), \"Commercial\")]"}
COMMAND: GET /session/97f842ea50bbcd53f5e58b39b44e661d/element/f.4C3BA0BF09B228EDDC79F91E8A810388.d.7E31E8BC1759ED22C7911A999DC0433F.e.587/rect - {}
RESULT: {}
COMMAND: GET /session/97f842ea50bbcd53f5e58b39b44e661d/window/rect - {}
RESULT: {}
COMMAND: POST /session/97f842ea50bbcd53f5e58b39b44e661d/execute/sync - {"script":"<script> [92 bytes]","args":[]}
RESULT: {"script":"<script> [92 bytes]","args":[]}
COMMAND: POST /session/97f842ea50bbcd53f5e58b39b44e661d/actions - {"actions":[{"id":"action1","type":"wheel","parameters":{},"actions":[{"type":"scroll","x":-1841,"y":-44,"deltaX":0,"deltaY":0,"duration":0,"origin":{"element-6066-11e4-a52e-4f735466cecf":"f.4C3BA0BF09B228EDDC79F91E8A810388.d.7E31E8BC1759ED22C7911A999DC0433F.e.587"}}]}]}
COMMAND: GET /session/97f842ea50bbcd53f5e58b39b44e661d/screenshot - {}
RESULT: {}
COMMAND: POST /session/97f842ea50bbcd53f5e58b39b44e661d/execute/sync - {"script":"<script> [79 bytes]","args":[{"element-6066-11e4-a52e-4f735466cecf":"f.4C3BA0BF09B228EDDC79F91E8A810388.d.7E31E8BC1759ED22C7911A999DC0433F.e.587","ELEMENT":"f.4C3BA0BF09B228EDDC79F91E8A810388.d.7E31E8BC1759ED22C7911A999DC0433F.e.587"},{"block":"start","inline":"nearest"}]}
RESULT: {"script":"<script> [79 bytes]","args":[{"element-6066-11e4-a52e-4f735466cecf":"f.4C3BA0BF09B228EDDC79F91E8A810388.d.7E31E8BC1759ED22C7911A999DC0433F.e.587","ELEMENT":"f.4C3BA0BF09B228EDDC79F91E8A810388.d.7E31E8BC1759ED22C7911A999DC0433F.e.587"},{"block":"start","inline":"nearest"}]}
COMMAND: GET /session/97f842ea50bbcd53f5e58b39b44e661d/screenshot - {}
RESULT: {}
COMMAND: POST /session/97f842ea50bbcd53f5e58b39b44e661d/execute/async - {"script":"<script> [1562 bytes]","args":[{"selector":{"id":"application-manageyards-display-component---NewYard--addressEditDetailsCostObjectCstType-arrow"},"wdio_ui5_key":"applicationmanageyards-display-component---NewYard--addressEditDetailsCostObjectCstType-arrow"}]}
RESULT: {"script":"<script> [1562 bytes]","args":[{"selector":{"id":"application-manageyards-display-component---NewYard--addressEditDetailsCostObjectCstType-arrow"},"wdio_ui5_key":"applicationmanageyards-display-component---NewYard--addressEditDetailsCostObjectCstType-arrow"}]}
RESULT: undefined
COMMAND: POST /session/97f842ea50bbcd53f5e58b39b44e661d/element - {"using":"xpath","value":"//*[@id=\"application-manageyards-display-component---NewYard--addressEditDetailsCostObjectCstType-arrow\"]"}
RESULT: {"using":"xpath","value":"//*[@id=\"application-manageyards-display-component---NewYard--addressEditDetailsCostObjectCstType-arrow\"]"}
COMMAND: POST /session/97f842ea50bbcd53f5e58b39b44e661d/element/f.4C3BA0BF09B228EDDC79F91E8A810388.d.7E31E8BC1759ED22C7911A999DC0433F.e.595/click - {}
RESULT: {}
COMMAND: POST /session/97f842ea50bbcd53f5e58b39b44e661d/element - {"using":"xpath","value":"//span[contains(text(), \"Cost Center\")]"}
COMMAND: GET /session/97f842ea50bbcd53f5e58b39b44e661d/screenshot - {}
RESULT: {"using":"xpath","value":"//span[contains(text(), \"Cost Center\")]"}
COMMAND: POST /session/97f842ea50bbcd53f5e58b39b44e661d/element/f.4C3BA0BF09B228EDDC79F91E8A810388.d.7E31E8BC1759ED22C7911A999DC0433F.e.596/click - {}
RESULT: {}
RESULT: {}
COMMAND: GET /session/97f842ea50bbcd53f5e58b39b44e661d/screenshot - {}
RESULT: {}
COMMAND: POST /session/97f842ea50bbcd53f5e58b39b44e661d/execute/async - {"script":"<script> [1562 bytes]","args":[{"selector":{"id":"application-manageyards-display-component---NewYard--addressNewCostObjectCstID-vhi"},"wdio_ui5_key":"applicationmanageyards-display-component---NewYard--addressNewCostObjectCstID-vhi"}]}
RESULT: {"script":"<script> [1562 bytes]","args":[{"selector":{"id":"application-manageyards-display-component---NewYard--addressNewCostObjectCstID-vhi"},"wdio_ui5_key":"applicationmanageyards-display-component---NewYard--addressNewCostObjectCstID-vhi"}]}
RESULT: undefined
COMMAND: POST /session/97f842ea50bbcd53f5e58b39b44e661d/element - {"using":"xpath","value":"//*[@id=\"application-manageyards-display-component---NewYard--addressNewCostObjectCstID-vhi\"]"}
RESULT: {"using":"xpath","value":"//*[@id=\"application-manageyards-display-component---NewYard--addressNewCostObjectCstID-vhi\"]"}
COMMAND: POST /session/97f842ea50bbcd53f5e58b39b44e661d/element/f.4C3BA0BF09B228EDDC79F91E8A810388.d.7E31E8BC1759ED22C7911A999DC0433F.e.599/click - {}
RESULT: {}
COMMAND: GET /session/97f842ea50bbcd53f5e58b39b44e661d/screenshot - {}
RESULT: {}
COMMAND: POST /session/97f842ea50bbcd53f5e58b39b44e661d/execute/async - {"script":"<script> [1562 bytes]","args":[{"selector":{"controlType":"sap.m.SearchField","properties":{"placeholder":"Search"},"searchOpenDialogs":true,"interaction":{"idSuffix":"I"}},"wdio_ui5_key":"sapm.SearchField{\"placeholder\":\"Search\"}"}]}
RESULT: {"script":"<script> [1562 bytes]","args":[{"selector":{"controlType":"sap.m.SearchField","properties":{"placeholder":"Search"},"searchOpenDialogs":true,"interaction":{"idSuffix":"I"}},"wdio_ui5_key":"sapm.SearchField{\"placeholder\":\"Search\"}"}]}
RESULT: undefined
COMMAND: POST /session/97f842ea50bbcd53f5e58b39b44e661d/execute/async - {"script":"<script> [776 bytes]","args":[{"enterText":"10001013","selector":{"controlType":"sap.m.SearchField","properties":{"placeholder":"Search"},"searchOpenDialogs":true,"interaction":{"idSuffix":"I"}},"clearTextFirst":true,"interactionType":"ENTER_TEXT"}]}
RESULT: {"script":"<script> [776 bytes]","args":[{"enterText":"10001013","selector":{"controlType":"sap.m.SearchField","properties":{"placeholder":"Search"},"searchOpenDialogs":true,"interaction":{"idSuffix":"I"}},"clearTextFirst":true,"interactionType":"ENTER_TEXT"}]}
COMMAND: POST /session/97f842ea50bbcd53f5e58b39b44e661d/actions - {"actions":[{"id":"action2","type":"key","parameters":{},"actions":[{"type":"keyDown","value":""},{"type":"pause","duration":10},{"type":"keyUp","value":""}]}]}
RESULT: {"actions":[{"id":"action2","type":"key","parameters":{},"actions":[{"type":"keyDown","value":""},{"type":"pause","duration":10},{"type":"keyUp","value":""}]}]}
COMMAND: GET /session/97f842ea50bbcd53f5e58b39b44e661d/screenshot - {}
RESULT: {}
COMMAND: POST /session/97f842ea50bbcd53f5e58b39b44e661d/element - {"using":"xpath","value":"//span[contains(text(), \"General Management\")]"}
RESULT: {"using":"xpath","value":"//span[contains(text(), \"General Management\")]"}
COMMAND: POST /session/97f842ea50bbcd53f5e58b39b44e661d/element/f.4C3BA0BF09B228EDDC79F91E8A810388.d.7E31E8BC1759ED22C7911A999DC0433F.e.639/click - {}
RESULT: {}
COMMAND: GET /session/97f842ea50bbcd53f5e58b39b44e661d/screenshot - {}
RESULT: {}
COMMAND: POST /session/97f842ea50bbcd53f5e58b39b44e661d/element - {"using":"xpath","value":"//bdi[contains(text(), \"OK\")]"}
RESULT: {"using":"xpath","value":"//bdi[contains(text(), \"OK\")]"}
COMMAND: POST /session/97f842ea50bbcd53f5e58b39b44e661d/element/f.4C3BA0BF09B228EDDC79F91E8A810388.d.7E31E8BC1759ED22C7911A999DC0433F.e.640/click - {}
RESULT: {}
COMMAND: GET /session/97f842ea50bbcd53f5e58b39b44e661d/screenshot - {}
RESULT: {}
COMMAND: POST /session/97f842ea50bbcd53f5e58b39b44e661d/execute/async - {"script":"<script> [1562 bytes]","args":[{"selector":{"controlType":"sap.m.Button","viewName":"etm.portal.ui.manageyards.view.New","viewId":"application-manageyards-display-component---NewYard","i18NText":{"propertyName":"text","key":"save"},"interaction":{"idSuffix":"inner"}},"wdio_ui5_key":"etmportal.ui.manageyards.view.Newsap.m.Button{\"propertyName\":\"text\",\"key\":\"save\"}"}]}
RESULT: {"script":"<script> [1562 bytes]","args":[{"selector":{"controlType":"sap.m.Button","viewName":"etm.portal.ui.manageyards.view.New","viewId":"application-manageyards-display-component---NewYard","i18NText":{"propertyName":"text","key":"save"},"interaction":{"idSuffix":"inner"}},"wdio_ui5_key":"etmportal.ui.manageyards.view.Newsap.m.Button{\"propertyName\":\"text\",\"key\":\"save\"}"}]}
RESULT: undefined
COMMAND: POST /session/97f842ea50bbcd53f5e58b39b44e661d/element - {"using":"xpath","value":"//*[@id=\"__button18\"]"}
RESULT: {"using":"xpath","value":"//*[@id=\"__button18\"]"}
COMMAND: POST /session/97f842ea50bbcd53f5e58b39b44e661d/element/f.4C3BA0BF09B228EDDC79F91E8A810388.d.7E31E8BC1759ED22C7911A999DC0433F.e.565/click - {}
RESULT: {}
COMMAND: GET /session/97f842ea50bbcd53f5e58b39b44e661d/screenshot - {}
RESULT: {}
COMMAND: POST /session/97f842ea50bbcd53f5e58b39b44e661d/element - {"using":"xpath","value":"//header/div/div[2]/div[2]/span"}
RESULT: {"using":"xpath","value":"//header/div/div[2]/div[2]/span"}
COMMAND: GET /session/97f842ea50bbcd53f5e58b39b44e661d/element/f.4C3BA0BF09B228EDDC79F91E8A810388.d.7E31E8BC1759ED22C7911A999DC0433F.e.838/text - {}
RESULT: {}
COMMAND: POST /session/97f842ea50bbcd53f5e58b39b44e661d/execute/async - {"script":"<script> [1562 bytes]","args":[{"selector":{"controlType":"sap.m.OverflowToolbarButton","viewName":"etm.portal.ui.manageyards.view.Detail","viewId":"application-manageyards-display-component---detailYard","i18NText":{"propertyName":"tooltip","key":"closeColumn"},"interaction":{"idSuffix":"inner"}},"wdio_ui5_key":"etmportal.ui.manageyards.view.Detailsap.m.OverflowToolbarButton{\"propertyName\":\"tooltip\",\"key\":\"closeColumn\"}"}]}
RESULT: {"script":"<script> [1562 bytes]","args":[{"selector":{"controlType":"sap.m.OverflowToolbarButton","viewName":"etm.portal.ui.manageyards.view.Detail","viewId":"application-manageyards-display-component---detailYard","i18NText":{"propertyName":"tooltip","key":"closeColumn"},"interaction":{"idSuffix":"inner"}},"wdio_ui5_key":"etmportal.ui.manageyards.view.Detailsap.m.OverflowToolbarButton{\"propertyName\":\"tooltip\",\"key\":\"closeColumn\"}"}]}
RESULT: undefined
COMMAND: POST /session/97f842ea50bbcd53f5e58b39b44e661d/element - {"using":"xpath","value":"//*[@id=\"__button42\"]"}
RESULT: {"using":"xpath","value":"//*[@id=\"__button42\"]"}
COMMAND: POST /session/97f842ea50bbcd53f5e58b39b44e661d/element/f.4C3BA0BF09B228EDDC79F91E8A810388.d.7E31E8BC1759ED22C7911A999DC0433F.e.840/click - {}
RESULT: {}
COMMAND: GET /session/97f842ea50bbcd53f5e58b39b44e661d/screenshot - {}
RESULT: {}
COMMAND: POST /session/97f842ea50bbcd53f5e58b39b44e661d/element - {"using":"css selector","value":"#shell-header-logo"}
RESULT: {"using":"css selector","value":"#shell-header-logo"}
COMMAND: POST /session/97f842ea50bbcd53f5e58b39b44e661d/element/f.4C3BA0BF09B228EDDC79F91E8A810388.d.7E31E8BC1759ED22C7911A999DC0433F.e.126/click - {}
RESULT: {}
COMMAND: GET /session/97f842ea50bbcd53f5e58b39b44e661d/screenshot - {}
RESULT: {}
COMMAND: POST /session/97f842ea50bbcd53f5e58b39b44e661d/refresh - {}
RESULT: {}
COMMAND: GET /session/97f842ea50bbcd53f5e58b39b44e661d/screenshot - {}
RESULT: {}
COMMAND: POST /session/97f842ea50bbcd53f5e58b39b44e661d/refresh - {}
RESULT: {}
COMMAND: GET /session/97f842ea50bbcd53f5e58b39b44e661d/screenshot - {}
RESULT: {}
COMMAND: POST /session/97f842ea50bbcd53f5e58b39b44e661d/execute/async - {"script":"<script> [189 bytes]","args":[]}
RESULT: {"script":"<script> [189 bytes]","args":[]}
COMMAND: POST /session/97f842ea50bbcd53f5e58b39b44e661d/execute/async - {"script":"<script> [123 bytes]","args":[]}
RESULT: {"script":"<script> [123 bytes]","args":[]}
COMMAND: POST /session/97f842ea50bbcd53f5e58b39b44e661d/timeouts - {"script":"<number>"}
RESULT: {"script":"<number>"}
COMMAND: GET /session/97f842ea50bbcd53f5e58b39b44e661d/timeouts - {}
RESULT: {}
RESULT: undefined
COMMAND: POST /session/97f842ea50bbcd53f5e58b39b44e661d/execute/async - {"script":"<script> [2676 bytes]","args":[]}
RESULT: {"script":"<script> [2676 bytes]","args":[]}
COMMAND: POST /session/97f842ea50bbcd53f5e58b39b44e661d/execute/async - {"script":"<script> [2342 bytes]","args":[{"protocol":"http","hostname":"0.0.0.0","path":"/","capabilities":{"browserName":"chrome","goog:chromeOptions":{"binary":"C:\\Program Files\\Google\\Chrome\\Application\\chrome.exe","args":["--start-maximized"]}},"logLevel":"warn","connectionRetryTimeout":120000,"connectionRetryCount":3,"logLevels":{},"enableDirectConnect":true,"strictSSL":true,"_":"65 more keys: [\"cacheDir\",\"port\",\"requestedCapabilities\",\"automationProtocol\",\"baseUrl\",\"waitforInterval\",\"waitforTimeout\",\"onReload\",\"beforeCommand\",\"afterCommand\",\"rootDir\",\"specs\",\"suites\",\"exclude\",\"groupLogsByTestSpec\",\"excludeDriverLogs\",\"bail\",\"framework\",\"reporters\",\"services\",\"maxInstances\",\"maxInstancesPerCapability\",\"injectGlobals\",\"filesToWatch\",\"execArgv\",\"runnerEnv\",\"runner\",\"shard\",\"specFileRetries\",\"specFileRetriesDelay\",\"specFileRetriesDeferred\",\"reporterSyncInterval\",\"reporterSyncTimeout\",\"cucumberFeaturesWithLineNumbers\",\"autoCompileOpts\",\"mochaOpts\",\"jasmineOpts\",\"cucumberOpts\",\"onPrepare\",\"onWorkerStart\",\"onWorkerEnd\",\"before\",\"beforeSession\",\"beforeSuite\",\"beforeHook\",\"beforeTest\",\"afterTest\",\"afterHook\",\"afterSuite\",\"afterSession\",\"after\",\"onComplete\",\"beforeAssertion\",\"afterAssertion\",\"beforeFeature\",\"beforeScenario\",\"beforeStep\",\"afterStep\",\"afterScenario\",\"afterFeature\",\"_\",\"suite\",\"$0\",\"ignoredWorkerServices\",\"wdi5\"]"}]}
RESULT: {"script":"<script> [2342 bytes]","args":[{"protocol":"http","hostname":"0.0.0.0","path":"/","capabilities":{"browserName":"chrome","goog:chromeOptions":{"binary":"C:\\Program Files\\Google\\Chrome\\Application\\chrome.exe","args":["--start-maximized"]}},"logLevel":"warn","connectionRetryTimeout":120000,"connectionRetryCount":3,"logLevels":{},"enableDirectConnect":true,"strictSSL":true,"_":"65 more keys: [\"cacheDir\",\"port\",\"requestedCapabilities\",\"automationProtocol\",\"baseUrl\",\"waitforInterval\",\"waitforTimeout\",\"onReload\",\"beforeCommand\",\"afterCommand\",\"rootDir\",\"specs\",\"suites\",\"exclude\",\"groupLogsByTestSpec\",\"excludeDriverLogs\",\"bail\",\"framework\",\"reporters\",\"services\",\"maxInstances\",\"maxInstancesPerCapability\",\"injectGlobals\",\"filesToWatch\",\"execArgv\",\"runnerEnv\",\"runner\",\"shard\",\"specFileRetries\",\"specFileRetriesDelay\",\"specFileRetriesDeferred\",\"reporterSyncInterval\",\"reporterSyncTimeout\",\"cucumberFeaturesWithLineNumbers\",\"autoCompileOpts\",\"mochaOpts\",\"jasmineOpts\",\"cucumberOpts\",\"onPrepare\",\"onWorkerStart\",\"onWorkerEnd\",\"before\",\"beforeSession\",\"beforeSuite\",\"beforeHook\",\"beforeTest\",\"afterTest\",\"afterHook\",\"afterSuite\",\"afterSession\",\"after\",\"onComplete\",\"beforeAssertion\",\"afterAssertion\",\"beforeFeature\",\"beforeScenario\",\"beforeStep\",\"afterStep\",\"afterScenario\",\"afterFeature\",\"_\",\"suite\",\"$0\",\"ignoredWorkerServices\",\"wdi5\"]"}]}
COMMAND: POST /session/97f842ea50bbcd53f5e58b39b44e661d/execute/async - {"script":"<script> [21126 bytes]","args":[35000]}
RESULT: {"script":"<script> [21126 bytes]","args":[35000]}
COMMAND: POST /session/97f842ea50bbcd53f5e58b39b44e661d/execute/async - {"script":"<script> [1562 bytes]","args":[{"selector":{"controlType":"sap.m.GenericTile","properties":{"header":"Manage Partners"}},"wdio_ui5_key":"sapm.GenericTile{\"header\":\"Manage Partners\"}"}]}
RESULT: {"script":"<script> [1562 bytes]","args":[{"selector":{"controlType":"sap.m.GenericTile","properties":{"header":"Manage Partners"}},"wdio_ui5_key":"sapm.GenericTile{\"header\":\"Manage Partners\"}"}]}
RESULT: undefined
COMMAND: POST /session/97f842ea50bbcd53f5e58b39b44e661d/element - {"using":"xpath","value":"//*[@id=\"__tile38\"]"}
RESULT: {"using":"xpath","value":"//*[@id=\"__tile38\"]"}
COMMAND: POST /session/97f842ea50bbcd53f5e58b39b44e661d/element/f.4C3BA0BF09B228EDDC79F91E8A810388.d.18B45EC9A81D9EF9F88B018EC1DAC952.e.1209/click - {}
RESULT: {}
COMMAND: GET /session/97f842ea50bbcd53f5e58b39b44e661d/screenshot - {}
RESULT: {}
COMMAND: POST /session/97f842ea50bbcd53f5e58b39b44e661d/execute/async - {"script":"<script> [1562 bytes]","args":[{"selector":{"controlType":"sap.ui.core.Icon","viewName":"etm.portal.ui.managepartners.view.Master","viewId":"application-managepartners-display-component---masterPtm","properties":{"src":{"regex":{"source":"add"}}}},"wdio_ui5_key":"etmportal.ui.managepartners.view.Mastersap.ui.core.Icon{\"src\":{\"regex\":{\"source\":\"add\"}}}"}]}
RESULT: {"script":"<script> [1562 bytes]","args":[{"selector":{"controlType":"sap.ui.core.Icon","viewName":"etm.portal.ui.managepartners.view.Master","viewId":"application-managepartners-display-component---masterPtm","properties":{"src":{"regex":{"source":"add"}}}},"wdio_ui5_key":"etmportal.ui.managepartners.view.Mastersap.ui.core.Icon{\"src\":{\"regex\":{\"source\":\"add\"}}}"}]}
RESULT: undefined
COMMAND: POST /session/97f842ea50bbcd53f5e58b39b44e661d/element - {"using":"xpath","value":"//*[@id=\"__button4-img\"]"}
RESULT: {"using":"xpath","value":"//*[@id=\"__button4-img\"]"}
COMMAND: POST /session/97f842ea50bbcd53f5e58b39b44e661d/element/f.4C3BA0BF09B228EDDC79F91E8A810388.d.18B45EC9A81D9EF9F88B018EC1DAC952.e.1260/click - {}
RESULT: {}
COMMAND: GET /session/97f842ea50bbcd53f5e58b39b44e661d/screenshot - {}
RESULT: {}
COMMAND: POST /session/97f842ea50bbcd53f5e58b39b44e661d/execute/async - {"script":"<script> [1562 bytes]","args":[{"selector":{"id":"application-managepartners-display-component---NewPartner--partnerId","interaction":{"idSuffix":"inner"}},"wdio_ui5_key":"applicationmanagepartners-display-component---NewPartner--partnerId"}]}
RESULT: {"script":"<script> [1562 bytes]","args":[{"selector":{"id":"application-managepartners-display-component---NewPartner--partnerId","interaction":{"idSuffix":"inner"}},"wdio_ui5_key":"applicationmanagepartners-display-component---NewPartner--partnerId"}]}
RESULT: undefined
COMMAND: POST /session/97f842ea50bbcd53f5e58b39b44e661d/execute/async - {"script":"<script> [1562 bytes]","args":[{"selector":{"id":"application-managepartners-display-component---NewPartner--addressDetailDetailsName1","interaction":{"idSuffix":"inner"}},"wdio_ui5_key":"applicationmanagepartners-display-component---NewPartner--addressDetailDetailsName1"}]}
RESULT: {"script":"<script> [1562 bytes]","args":[{"selector":{"id":"application-managepartners-display-component---NewPartner--addressDetailDetailsName1","interaction":{"idSuffix":"inner"}},"wdio_ui5_key":"applicationmanagepartners-display-component---NewPartner--addressDetailDetailsName1"}]}
RESULT: undefined
COMMAND: POST /session/97f842ea50bbcd53f5e58b39b44e661d/execute/async - {"script":"<script> [776 bytes]","args":[{"enterText":"WebdriverPartnerkry1zg","selector":{"id":"application-managepartners-display-component---NewPartner--addressDetailDetailsName1","interaction":{"idSuffix":"inner"}},"clearTextFirst":true,"interactionType":"ENTER_TEXT"}]}
RESULT: {"script":"<script> [776 bytes]","args":[{"enterText":"WebdriverPartnerkry1zg","selector":{"id":"application-managepartners-display-component---NewPartner--addressDetailDetailsName1","interaction":{"idSuffix":"inner"}},"clearTextFirst":true,"interactionType":"ENTER_TEXT"}]}
COMMAND: POST /session/97f842ea50bbcd53f5e58b39b44e661d/execute/async - {"script":"<script> [1562 bytes]","args":[{"selector":{"id":"application-managepartners-display-component---NewPartner--addressDetailDetailsLanguage","interaction":{"idSuffix":"inner"}},"wdio_ui5_key":"applicationmanagepartners-display-component---NewPartner--addressDetailDetailsLanguage"}]}
RESULT: {"script":"<script> [1562 bytes]","args":[{"selector":{"id":"application-managepartners-display-component---NewPartner--addressDetailDetailsLanguage","interaction":{"idSuffix":"inner"}},"wdio_ui5_key":"applicationmanagepartners-display-component---NewPartner--addressDetailDetailsLanguage"}]}
RESULT: undefined
COMMAND: POST /session/97f842ea50bbcd53f5e58b39b44e661d/execute/async - {"script":"<script> [776 bytes]","args":[{"enterText":"Romanian","selector":{"id":"application-managepartners-display-component---NewPartner--addressDetailDetailsLanguage","interaction":{"idSuffix":"inner"}},"clearTextFirst":true,"interactionType":"ENTER_TEXT"}]}
RESULT: {"script":"<script> [776 bytes]","args":[{"enterText":"Romanian","selector":{"id":"application-managepartners-display-component---NewPartner--addressDetailDetailsLanguage","interaction":{"idSuffix":"inner"}},"clearTextFirst":true,"interactionType":"ENTER_TEXT"}]}
COMMAND: POST /session/97f842ea50bbcd53f5e58b39b44e661d/element - {"using":"xpath","value":"//input[contains(@id ,\"application-managepartners-display-component---NewPartner--addressDetailDetailsName1-inner\")]"}
RESULT: {"using":"xpath","value":"//input[contains(@id ,\"application-managepartners-display-component---NewPartner--addressDetailDetailsName1-inner\")]"}
COMMAND: GET /session/97f842ea50bbcd53f5e58b39b44e661d/element/f.4C3BA0BF09B228EDDC79F91E8A810388.d.18B45EC9A81D9EF9F88B018EC1DAC952.e.1435/property/value - {}
RESULT: {}
COMMAND: POST /session/97f842ea50bbcd53f5e58b39b44e661d/execute/async - {"script":"<script> [1562 bytes]","args":[{"selector":{"id":"application-managepartners-display-component---NewPartner--addressDetailDetailsCity1","interaction":{"idSuffix":"inner"}},"wdio_ui5_key":"applicationmanagepartners-display-component---NewPartner--addressDetailDetailsCity1"}]}
COMMAND: GET /session/97f842ea50bbcd53f5e58b39b44e661d/screenshot - {}
RESULT: {"script":"<script> [1562 bytes]","args":[{"selector":{"id":"application-managepartners-display-component---NewPartner--addressDetailDetailsCity1","interaction":{"idSuffix":"inner"}},"wdio_ui5_key":"applicationmanagepartners-display-component---NewPartner--addressDetailDetailsCity1"}]}
RESULT: undefined
COMMAND: POST /session/97f842ea50bbcd53f5e58b39b44e661d/execute/async - {"script":"<script> [776 bytes]","args":[{"enterText":"Bucharest","selector":{"id":"application-managepartners-display-component---NewPartner--addressDetailDetailsCity1","interaction":{"idSuffix":"inner"}},"clearTextFirst":true,"interactionType":"ENTER_TEXT"}]}
RESULT: {}
RESULT: {"script":"<script> [776 bytes]","args":[{"enterText":"Bucharest","selector":{"id":"application-managepartners-display-component---NewPartner--addressDetailDetailsCity1","interaction":{"idSuffix":"inner"}},"clearTextFirst":true,"interactionType":"ENTER_TEXT"}]}
COMMAND: POST /session/97f842ea50bbcd53f5e58b39b44e661d/execute/async - {"script":"<script> [1562 bytes]","args":[{"selector":{"id":"application-managepartners-display-component---NewPartner--addressDetailDetailsCountry","interaction":{"idSuffix":"inner"}},"wdio_ui5_key":"applicationmanagepartners-display-component---NewPartner--addressDetailDetailsCountry"}]}
RESULT: {"script":"<script> [1562 bytes]","args":[{"selector":{"id":"application-managepartners-display-component---NewPartner--addressDetailDetailsCountry","interaction":{"idSuffix":"inner"}},"wdio_ui5_key":"applicationmanagepartners-display-component---NewPartner--addressDetailDetailsCountry"}]}
RESULT: undefined
COMMAND: POST /session/97f842ea50bbcd53f5e58b39b44e661d/execute/async - {"script":"<script> [6424 bytes]","args":[{"element-6066-11e4-a52e-4f735466cecf":"f.4C3BA0BF09B228EDDC79F91E8A810388.d.18B45EC9A81D9EF9F88B018EC1DAC952.e.1442"},"setValue",["Romania"]]}
RESULT: {"script":"<script> [6424 bytes]","args":[{"element-6066-11e4-a52e-4f735466cecf":"f.4C3BA0BF09B228EDDC79F91E8A810388.d.18B45EC9A81D9EF9F88B018EC1DAC952.e.1442"},"setValue",["Romania"]]}
COMMAND: POST /session/97f842ea50bbcd53f5e58b39b44e661d/execute/async - {"script":"<script> [1562 bytes]","args":[{"selector":{"id":"application-managepartners-display-component---NewPartner--partnerDetailInternal","interaction":{"idSuffix":"inner"}},"wdio_ui5_key":"applicationmanagepartners-display-component---NewPartner--partnerDetailInternal"}]}
RESULT: {"script":"<script> [1562 bytes]","args":[{"selector":{"id":"application-managepartners-display-component---NewPartner--partnerDetailInternal","interaction":{"idSuffix":"inner"}},"wdio_ui5_key":"applicationmanagepartners-display-component---NewPartner--partnerDetailInternal"}]}
RESULT: undefined
COMMAND: POST /session/97f842ea50bbcd53f5e58b39b44e661d/execute/async - {"script":"<script> [776 bytes]","args":[{"enterText":"External partner","selector":{"id":"application-managepartners-display-component---NewPartner--partnerDetailInternal","interaction":{"idSuffix":"inner"}},"clearTextFirst":true,"interactionType":"ENTER_TEXT"}]}
RESULT: {"script":"<script> [776 bytes]","args":[{"enterText":"External partner","selector":{"id":"application-managepartners-display-component---NewPartner--partnerDetailInternal","interaction":{"idSuffix":"inner"}},"clearTextFirst":true,"interactionType":"ENTER_TEXT"}]}
COMMAND: POST /session/97f842ea50bbcd53f5e58b39b44e661d/execute/async - {"script":"<script> [1562 bytes]","args":[{"selector":{"id":"application-managepartners-display-component---NewPartner--partnerDetailsCurrency","interaction":{"idSuffix":"inner"}},"wdio_ui5_key":"applicationmanagepartners-display-component---NewPartner--partnerDetailsCurrency"}]}
RESULT: {"script":"<script> [1562 bytes]","args":[{"selector":{"id":"application-managepartners-display-component---NewPartner--partnerDetailsCurrency","interaction":{"idSuffix":"inner"}},"wdio_ui5_key":"applicationmanagepartners-display-component---NewPartner--partnerDetailsCurrency"}]}
RESULT: undefined
COMMAND: POST /session/97f842ea50bbcd53f5e58b39b44e661d/execute/async - {"script":"<script> [776 bytes]","args":[{"enterText":"Euro","selector":{"id":"application-managepartners-display-component---NewPartner--partnerDetailsCurrency","interaction":{"idSuffix":"inner"}},"clearTextFirst":true,"interactionType":"ENTER_TEXT"}]}
RESULT: {"script":"<script> [776 bytes]","args":[{"enterText":"Euro","selector":{"id":"application-managepartners-display-component---NewPartner--partnerDetailsCurrency","interaction":{"idSuffix":"inner"}},"clearTextFirst":true,"interactionType":"ENTER_TEXT"}]}
COMMAND: POST /session/97f842ea50bbcd53f5e58b39b44e661d/execute/async - {"script":"<script> [1562 bytes]","args":[{"selector":{"controlType":"sap.m.Button","viewName":"etm.portal.ui.managepartners.view.NewPartner","viewId":"application-managepartners-display-component---NewPartner","properties":{"text":"Commercial"},"interaction":{"idSuffix":"BDI-content"}},"wdio_ui5_key":"etmportal.ui.managepartners.view.NewPartnersap.m.Button{\"text\":\"Commercial\"}"}]}
RESULT: {"script":"<script> [1562 bytes]","args":[{"selector":{"controlType":"sap.m.Button","viewName":"etm.portal.ui.managepartners.view.NewPartner","viewId":"application-managepartners-display-component---NewPartner","properties":{"text":"Commercial"},"interaction":{"idSuffix":"BDI-content"}},"wdio_ui5_key":"etmportal.ui.managepartners.view.NewPartnersap.m.Button{\"text\":\"Commercial\"}"}]}
RESULT: undefined
COMMAND: POST /session/97f842ea50bbcd53f5e58b39b44e661d/element - {"using":"xpath","value":"//*[@id=\"application-managepartners-display-component---NewPartner--ObjectPageLayout-anchBar-__section5-anchor\"]"}
RESULT: {"using":"xpath","value":"//*[@id=\"application-managepartners-display-component---NewPartner--ObjectPageLayout-anchBar-__section5-anchor\"]"}
COMMAND: POST /session/97f842ea50bbcd53f5e58b39b44e661d/element/f.4C3BA0BF09B228EDDC79F91E8A810388.d.18B45EC9A81D9EF9F88B018EC1DAC952.e.1682/click - {}
RESULT: {}
COMMAND: GET /session/97f842ea50bbcd53f5e58b39b44e661d/screenshot - {}
RESULT: {}
COMMAND: POST /session/97f842ea50bbcd53f5e58b39b44e661d/execute/async - {"script":"<script> [1562 bytes]","args":[{"selector":{"id":"application-managepartners-display-component---NewPartner--btnAddTableRow-img"},"wdio_ui5_key":"applicationmanagepartners-display-component---NewPartner--btnAddTableRow-img"}]}
RESULT: {"script":"<script> [1562 bytes]","args":[{"selector":{"id":"application-managepartners-display-component---NewPartner--btnAddTableRow-img"},"wdio_ui5_key":"applicationmanagepartners-display-component---NewPartner--btnAddTableRow-img"}]}
RESULT: undefined
COMMAND: POST /session/97f842ea50bbcd53f5e58b39b44e661d/element - {"using":"xpath","value":"//*[@id=\"application-managepartners-display-component---NewPartner--btnAddTableRow-img\"]"}
RESULT: {"using":"xpath","value":"//*[@id=\"application-managepartners-display-component---NewPartner--btnAddTableRow-img\"]"}
COMMAND: POST /session/97f842ea50bbcd53f5e58b39b44e661d/element/f.4C3BA0BF09B228EDDC79F91E8A810388.d.18B45EC9A81D9EF9F88B018EC1DAC952.e.1688/click - {}
RESULT: {}
COMMAND: POST /session/97f842ea50bbcd53f5e58b39b44e661d/element - {"using":"xpath","value":"//input[contains(@id ,\"application-managepartners-display-component---NewPartner--assignmentYard-application-managepartners-display-component---NewPartner\")]"}
COMMAND: GET /session/97f842ea50bbcd53f5e58b39b44e661d/screenshot - {}
RESULT: {"using":"xpath","value":"//input[contains(@id ,\"application-managepartners-display-component---NewPartner--assignmentYard-application-managepartners-display-component---NewPartner\")]"}
COMMAND: POST /session/97f842ea50bbcd53f5e58b39b44e661d/element/f.4C3BA0BF09B228EDDC79F91E8A810388.d.18B45EC9A81D9EF9F88B018EC1DAC952.e.1693/clear - {}
RESULT: {}
RESULT: {}
COMMAND: POST /session/97f842ea50bbcd53f5e58b39b44e661d/element/f.4C3BA0BF09B228EDDC79F91E8A810388.d.18B45EC9A81D9EF9F88B018EC1DAC952.e.1693/value - {"text":"437"}
COMMAND: GET /session/97f842ea50bbcd53f5e58b39b44e661d/screenshot - {}
RESULT: {"text":"437"}
COMMAND: POST /session/97f842ea50bbcd53f5e58b39b44e661d/execute/async - {"script":"<script> [1562 bytes]","args":[{"selector":{"controlType":"sap.m.Button","viewName":"etm.portal.ui.managepartners.view.NewPartner","viewId":"application-managepartners-display-component---NewPartner","i18NText":{"propertyName":"text","key":"save"},"interaction":{"idSuffix":"BDI-content"}},"wdio_ui5_key":"etmportal.ui.managepartners.view.NewPartnersap.m.Button{\"propertyName\":\"text\",\"key\":\"save\"}"}]}
COMMAND: GET /session/97f842ea50bbcd53f5e58b39b44e661d/screenshot - {}
RESULT: {}
RESULT: {"script":"<script> [1562 bytes]","args":[{"selector":{"controlType":"sap.m.Button","viewName":"etm.portal.ui.managepartners.view.NewPartner","viewId":"application-managepartners-display-component---NewPartner","i18NText":{"propertyName":"text","key":"save"},"interaction":{"idSuffix":"BDI-content"}},"wdio_ui5_key":"etmportal.ui.managepartners.view.NewPartnersap.m.Button{\"propertyName\":\"text\",\"key\":\"save\"}"}]}
RESULT: undefined
COMMAND: POST /session/97f842ea50bbcd53f5e58b39b44e661d/element - {"using":"xpath","value":"//*[@id=\"__button12\"]"}
RESULT: {}
RESULT: {"using":"xpath","value":"//*[@id=\"__button12\"]"}
COMMAND: POST /session/97f842ea50bbcd53f5e58b39b44e661d/element/f.4C3BA0BF09B228EDDC79F91E8A810388.d.18B45EC9A81D9EF9F88B018EC1DAC952.e.1658/click - {}
RESULT: {}
COMMAND: GET /session/97f842ea50bbcd53f5e58b39b44e661d/screenshot - {}
RESULT: {}
COMMAND: POST /session/97f842ea50bbcd53f5e58b39b44e661d/element - {"using":"xpath","value":"//header/div/div[2]/div[2]/span"}
RESULT: {"using":"xpath","value":"//header/div/div[2]/div[2]/span"}
COMMAND: GET /session/97f842ea50bbcd53f5e58b39b44e661d/element/f.4C3BA0BF09B228EDDC79F91E8A810388.d.18B45EC9A81D9EF9F88B018EC1DAC952.e.1864/text - {}
RESULT: {}
COMMAND: POST /session/97f842ea50bbcd53f5e58b39b44e661d/element - {"using":"xpath","value":"//header/div/div/div/div/div/div[2]/div/span"}
RESULT: {"using":"xpath","value":"//header/div/div/div/div/div/div[2]/div/span"}
COMMAND: GET /session/97f842ea50bbcd53f5e58b39b44e661d/element/f.4C3BA0BF09B228EDDC79F91E8A810388.d.18B45EC9A81D9EF9F88B018EC1DAC952.e.1865/text - {}
RESULT: {}
COMMAND: POST /session/97f842ea50bbcd53f5e58b39b44e661d/execute/async - {"script":"<script> [1562 bytes]","args":[{"selector":{"id":"application-managepartners-display-component---detailPtm--partnerType"},"wdio_ui5_key":"applicationmanagepartners-display-component---detailPtm--partnerType"}]}
RESULT: {"script":"<script> [1562 bytes]","args":[{"selector":{"id":"application-managepartners-display-component---detailPtm--partnerType"},"wdio_ui5_key":"applicationmanagepartners-display-component---detailPtm--partnerType"}]}
RESULT: undefined
COMMAND: POST /session/97f842ea50bbcd53f5e58b39b44e661d/execute/async - {"script":"<script> [6424 bytes]","args":[{"element-6066-11e4-a52e-4f735466cecf":"f.4C3BA0BF09B228EDDC79F91E8A810388.d.18B45EC9A81D9EF9F88B018EC1DAC952.e.1866"},"getText",[]]}
RESULT: {"script":"<script> [6424 bytes]","args":[{"element-6066-11e4-a52e-4f735466cecf":"f.4C3BA0BF09B228EDDC79F91E8A810388.d.18B45EC9A81D9EF9F88B018EC1DAC952.e.1866"},"getText",[]]}
COMMAND: POST /session/97f842ea50bbcd53f5e58b39b44e661d/element - {"using":"css selector","value":"#shell-header-logo"}
RESULT: {"using":"css selector","value":"#shell-header-logo"}
COMMAND: POST /session/97f842ea50bbcd53f5e58b39b44e661d/element/f.4C3BA0BF09B228EDDC79F91E8A810388.d.18B45EC9A81D9EF9F88B018EC1DAC952.e.1211/click - {}
RESULT: {}
COMMAND: GET /session/97f842ea50bbcd53f5e58b39b44e661d/screenshot - {}
RESULT: {}
COMMAND: POST /session/97f842ea50bbcd53f5e58b39b44e661d/execute/async - {"script":"<script> [1562 bytes]","args":[{"selector":{"controlType":"sap.m.GenericTile","properties":{"header":"Manage Sites"}},"wdio_ui5_key":"sapm.GenericTile{\"header\":\"Manage Sites\"}"}]}
RESULT: {"script":"<script> [1562 bytes]","args":[{"selector":{"controlType":"sap.m.GenericTile","properties":{"header":"Manage Sites"}},"wdio_ui5_key":"sapm.GenericTile{\"header\":\"Manage Sites\"}"}]}
RESULT: undefined
COMMAND: POST /session/97f842ea50bbcd53f5e58b39b44e661d/element - {"using":"xpath","value":"//*[@id=\"__tile40\"]"}
RESULT: {"using":"xpath","value":"//*[@id=\"__tile40\"]"}
COMMAND: POST /session/97f842ea50bbcd53f5e58b39b44e661d/element/f.4C3BA0BF09B228EDDC79F91E8A810388.d.18B45EC9A81D9EF9F88B018EC1DAC952.e.1868/click - {}
RESULT: {}
COMMAND: GET /session/97f842ea50bbcd53f5e58b39b44e661d/screenshot - {}
RESULT: {}
COMMAND: POST /session/97f842ea50bbcd53f5e58b39b44e661d/execute/async - {"script":"<script> [1562 bytes]","args":[{"selector":{"controlType":"sap.ui.core.Icon","viewName":"etm.portal.ui.managesites.view.Master","viewId":"application-managesites-display-component---masterSite","properties":{"src":{"regex":{"source":"add"}}}},"wdio_ui5_key":"etmportal.ui.managesites.view.Mastersap.ui.core.Icon{\"src\":{\"regex\":{\"source\":\"add\"}}}"}]}
RESULT: {"script":"<script> [1562 bytes]","args":[{"selector":{"controlType":"sap.ui.core.Icon","viewName":"etm.portal.ui.managesites.view.Master","viewId":"application-managesites-display-component---masterSite","properties":{"src":{"regex":{"source":"add"}}}},"wdio_ui5_key":"etmportal.ui.managesites.view.Mastersap.ui.core.Icon{\"src\":{\"regex\":{\"source\":\"add\"}}}"}]}
RESULT: undefined
COMMAND: POST /session/97f842ea50bbcd53f5e58b39b44e661d/element - {"using":"xpath","value":"//*[@id=\"__button52-img\"]"}
RESULT: {"using":"xpath","value":"//*[@id=\"__button52-img\"]"}
COMMAND: POST /session/97f842ea50bbcd53f5e58b39b44e661d/element/f.4C3BA0BF09B228EDDC79F91E8A810388.d.18B45EC9A81D9EF9F88B018EC1DAC952.e.1915/click - {}
RESULT: {}
COMMAND: POST /session/97f842ea50bbcd53f5e58b39b44e661d/execute/async - {"script":"<script> [1562 bytes]","args":[{"selector":{"id":"application-managesites-display-component---NewSite--siteId","interaction":{"idSuffix":"inner"}},"wdio_ui5_key":"applicationmanagesites-display-component---NewSite--siteId"}]}
COMMAND: GET /session/97f842ea50bbcd53f5e58b39b44e661d/screenshot - {}
RESULT: {"script":"<script> [1562 bytes]","args":[{"selector":{"id":"application-managesites-display-component---NewSite--siteId","interaction":{"idSuffix":"inner"}},"wdio_ui5_key":"applicationmanagesites-display-component---NewSite--siteId"}]}
RESULT: undefined
COMMAND: POST /session/97f842ea50bbcd53f5e58b39b44e661d/execute/async - {"script":"<script> [1562 bytes]","args":[{"selector":{"id":"application-managesites-display-component---NewSite--addressDetailDetailsName1","interaction":{"idSuffix":"inner"}},"wdio_ui5_key":"applicationmanagesites-display-component---NewSite--addressDetailDetailsName1"}]}
RESULT: {}
RESULT: {"script":"<script> [1562 bytes]","args":[{"selector":{"id":"application-managesites-display-component---NewSite--addressDetailDetailsName1","interaction":{"idSuffix":"inner"}},"wdio_ui5_key":"applicationmanagesites-display-component---NewSite--addressDetailDetailsName1"}]}
RESULT: undefined
COMMAND: POST /session/97f842ea50bbcd53f5e58b39b44e661d/execute/async - {"script":"<script> [776 bytes]","args":[{"enterText":"WebdriverSitefc0nkf","selector":{"id":"application-managesites-display-component---NewSite--addressDetailDetailsName1","interaction":{"idSuffix":"inner"}},"clearTextFirst":true,"interactionType":"ENTER_TEXT"}]}
RESULT: {"script":"<script> [776 bytes]","args":[{"enterText":"WebdriverSitefc0nkf","selector":{"id":"application-managesites-display-component---NewSite--addressDetailDetailsName1","interaction":{"idSuffix":"inner"}},"clearTextFirst":true,"interactionType":"ENTER_TEXT"}]}
COMMAND: POST /session/97f842ea50bbcd53f5e58b39b44e661d/execute/async - {"script":"<script> [1562 bytes]","args":[{"selector":{"id":"application-managesites-display-component---NewSite--addressDetailDetailsLanguage","interaction":{"idSuffix":"inner"}},"wdio_ui5_key":"applicationmanagesites-display-component---NewSite--addressDetailDetailsLanguage"}]}
RESULT: {"script":"<script> [1562 bytes]","args":[{"selector":{"id":"application-managesites-display-component---NewSite--addressDetailDetailsLanguage","interaction":{"idSuffix":"inner"}},"wdio_ui5_key":"applicationmanagesites-display-component---NewSite--addressDetailDetailsLanguage"}]}
RESULT: undefined
COMMAND: POST /session/97f842ea50bbcd53f5e58b39b44e661d/execute/async - {"script":"<script> [776 bytes]","args":[{"enterText":"Romanian","selector":{"id":"application-managesites-display-component---NewSite--addressDetailDetailsLanguage","interaction":{"idSuffix":"inner"}},"clearTextFirst":true,"interactionType":"ENTER_TEXT"}]}
RESULT: {"script":"<script> [776 bytes]","args":[{"enterText":"Romanian","selector":{"id":"application-managesites-display-component---NewSite--addressDetailDetailsLanguage","interaction":{"idSuffix":"inner"}},"clearTextFirst":true,"interactionType":"ENTER_TEXT"}]}
COMMAND: POST /session/97f842ea50bbcd53f5e58b39b44e661d/execute/async - {"script":"<script> [1562 bytes]","args":[{"selector":{"id":"application-managesites-display-component---NewSite--addressDetailDetailsCity1","interaction":{"idSuffix":"inner"}},"wdio_ui5_key":"applicationmanagesites-display-component---NewSite--addressDetailDetailsCity1"}]}
RESULT: {"script":"<script> [1562 bytes]","args":[{"selector":{"id":"application-managesites-display-component---NewSite--addressDetailDetailsCity1","interaction":{"idSuffix":"inner"}},"wdio_ui5_key":"applicationmanagesites-display-component---NewSite--addressDetailDetailsCity1"}]}
RESULT: undefined
COMMAND: POST /session/97f842ea50bbcd53f5e58b39b44e661d/execute/async - {"script":"<script> [776 bytes]","args":[{"enterText":"Bucharest","selector":{"id":"application-managesites-display-component---NewSite--addressDetailDetailsCity1","interaction":{"idSuffix":"inner"}},"clearTextFirst":true,"interactionType":"ENTER_TEXT"}]}
RESULT: {"script":"<script> [776 bytes]","args":[{"enterText":"Bucharest","selector":{"id":"application-managesites-display-component---NewSite--addressDetailDetailsCity1","interaction":{"idSuffix":"inner"}},"clearTextFirst":true,"interactionType":"ENTER_TEXT"}]}
COMMAND: POST /session/97f842ea50bbcd53f5e58b39b44e661d/execute/async - {"script":"<script> [1562 bytes]","args":[{"selector":{"id":"application-managesites-display-component---NewSite--addressDetailDetailsCountry","interaction":{"idSuffix":"inner"}},"wdio_ui5_key":"applicationmanagesites-display-component---NewSite--addressDetailDetailsCountry"}]}
RESULT: {"script":"<script> [1562 bytes]","args":[{"selector":{"id":"application-managesites-display-component---NewSite--addressDetailDetailsCountry","interaction":{"idSuffix":"inner"}},"wdio_ui5_key":"applicationmanagesites-display-component---NewSite--addressDetailDetailsCountry"}]}
RESULT: undefined
COMMAND: POST /session/97f842ea50bbcd53f5e58b39b44e661d/execute/async - {"script":"<script> [776 bytes]","args":[{"enterText":"Romania","selector":{"id":"application-managesites-display-component---NewSite--addressDetailDetailsCountry","interaction":{"idSuffix":"inner"}},"clearTextFirst":true,"interactionType":"ENTER_TEXT"}]}
RESULT: {"script":"<script> [776 bytes]","args":[{"enterText":"Romania","selector":{"id":"application-managesites-display-component---NewSite--addressDetailDetailsCountry","interaction":{"idSuffix":"inner"}},"clearTextFirst":true,"interactionType":"ENTER_TEXT"}]}
COMMAND: POST /session/97f842ea50bbcd53f5e58b39b44e661d/element - {"using":"css selector","value":"#application-managesites-display-component---NewSite--addressDetailDetailsCalendar-inner"}
RESULT: {"using":"css selector","value":"#application-managesites-display-component---NewSite--addressDetailDetailsCalendar-inner"}
COMMAND: POST /session/97f842ea50bbcd53f5e58b39b44e661d/element/f.4C3BA0BF09B228EDDC79F91E8A810388.d.18B45EC9A81D9EF9F88B018EC1DAC952.e.2296/clear - {}
RESULT: {}
COMMAND: POST /session/97f842ea50bbcd53f5e58b39b44e661d/element/f.4C3BA0BF09B228EDDC79F91E8A810388.d.18B45EC9A81D9EF9F88B018EC1DAC952.e.2296/value - {"text":"Germany"}
COMMAND: GET /session/97f842ea50bbcd53f5e58b39b44e661d/screenshot - {}
RESULT: {"text":"Germany"}
COMMAND: POST /session/97f842ea50bbcd53f5e58b39b44e661d/execute/async - {"script":"<script> [1562 bytes]","args":[{"selector":{"id":"application-managesites-display-component---NewSite--addressEditDetailsCostObjectCstType-arrow"},"wdio_ui5_key":"applicationmanagesites-display-component---NewSite--addressEditDetailsCostObjectCstType-arrow"}]}
COMMAND: GET /session/97f842ea50bbcd53f5e58b39b44e661d/screenshot - {}
RESULT: {}
RESULT: {"script":"<script> [1562 bytes]","args":[{"selector":{"id":"application-managesites-display-component---NewSite--addressEditDetailsCostObjectCstType-arrow"},"wdio_ui5_key":"applicationmanagesites-display-component---NewSite--addressEditDetailsCostObjectCstType-arrow"}]}
RESULT: undefined
COMMAND: POST /session/97f842ea50bbcd53f5e58b39b44e661d/element - {"using":"xpath","value":"//*[@id=\"application-managesites-display-component---NewSite--addressEditDetailsCostObjectCstType-arrow\"]"}
RESULT: {}
RESULT: {"using":"xpath","value":"//*[@id=\"application-managesites-display-component---NewSite--addressEditDetailsCostObjectCstType-arrow\"]"}
COMMAND: POST /session/97f842ea50bbcd53f5e58b39b44e661d/element/f.4C3BA0BF09B228EDDC79F91E8A810388.d.18B45EC9A81D9EF9F88B018EC1DAC952.e.2495/click - {}
RESULT: {}
COMMAND: POST /session/97f842ea50bbcd53f5e58b39b44e661d/element - {"using":"xpath","value":"//span[contains(text(), \"Work Breakdown Structure\")]"}
COMMAND: GET /session/97f842ea50bbcd53f5e58b39b44e661d/screenshot - {}
RESULT: {"using":"xpath","value":"//span[contains(text(), \"Work Breakdown Structure\")]"}
COMMAND: POST /session/97f842ea50bbcd53f5e58b39b44e661d/element/f.4C3BA0BF09B228EDDC79F91E8A810388.d.18B45EC9A81D9EF9F88B018EC1DAC952.e.2497/click - {}
RESULT: {}
RESULT: {}
COMMAND: GET /session/97f842ea50bbcd53f5e58b39b44e661d/screenshot - {}
RESULT: {}
COMMAND: POST /session/97f842ea50bbcd53f5e58b39b44e661d/execute/async - {"script":"<script> [1562 bytes]","args":[{"selector":{"id":"application-managesites-display-component---NewSite--addressNewCostObjectCstID-vhi"},"wdio_ui5_key":"applicationmanagesites-display-component---NewSite--addressNewCostObjectCstID-vhi"}]}
RESULT: {"script":"<script> [1562 bytes]","args":[{"selector":{"id":"application-managesites-display-component---NewSite--addressNewCostObjectCstID-vhi"},"wdio_ui5_key":"applicationmanagesites-display-component---NewSite--addressNewCostObjectCstID-vhi"}]}
RESULT: undefined
COMMAND: POST /session/97f842ea50bbcd53f5e58b39b44e661d/element - {"using":"xpath","value":"//*[@id=\"application-managesites-display-component---NewSite--addressNewCostObjectCstID-vhi\"]"}
RESULT: {"using":"xpath","value":"//*[@id=\"application-managesites-display-component---NewSite--addressNewCostObjectCstID-vhi\"]"}
COMMAND: POST /session/97f842ea50bbcd53f5e58b39b44e661d/element/f.4C3BA0BF09B228EDDC79F91E8A810388.d.18B45EC9A81D9EF9F88B018EC1DAC952.e.2500/click - {}
RESULT: {}
COMMAND: GET /session/97f842ea50bbcd53f5e58b39b44e661d/screenshot - {}
RESULT: {}
COMMAND: POST /session/97f842ea50bbcd53f5e58b39b44e661d/execute/async - {"script":"<script> [1562 bytes]","args":[{"selector":{"controlType":"sap.m.SearchField","properties":{"placeholder":"Search"},"searchOpenDialogs":true,"interaction":{"idSuffix":"I"}},"wdio_ui5_key":"sapm.SearchField{\"placeholder\":\"Search\"}"}]}
RESULT: {"script":"<script> [1562 bytes]","args":[{"selector":{"controlType":"sap.m.SearchField","properties":{"placeholder":"Search"},"searchOpenDialogs":true,"interaction":{"idSuffix":"I"}},"wdio_ui5_key":"sapm.SearchField{\"placeholder\":\"Search\"}"}]}
RESULT: undefined
COMMAND: POST /session/97f842ea50bbcd53f5e58b39b44e661d/execute/async - {"script":"<script> [776 bytes]","args":[{"enterText":"A1-000100-01","selector":{"controlType":"sap.m.SearchField","properties":{"placeholder":"Search"},"searchOpenDialogs":true,"interaction":{"idSuffix":"I"}},"clearTextFirst":true,"interactionType":"ENTER_TEXT"}]}
RESULT: {"script":"<script> [776 bytes]","args":[{"enterText":"A1-000100-01","selector":{"controlType":"sap.m.SearchField","properties":{"placeholder":"Search"},"searchOpenDialogs":true,"interaction":{"idSuffix":"I"}},"clearTextFirst":true,"interactionType":"ENTER_TEXT"}]}
COMMAND: POST /session/97f842ea50bbcd53f5e58b39b44e661d/actions - {"actions":[{"id":"action3","type":"key","parameters":{},"actions":[{"type":"keyDown","value":""},{"type":"pause","duration":10},{"type":"keyUp","value":""}]}]}
RESULT: {"actions":[{"id":"action3","type":"key","parameters":{},"actions":[{"type":"keyDown","value":""},{"type":"pause","duration":10},{"type":"keyUp","value":""}]}]}
COMMAND: GET /session/97f842ea50bbcd53f5e58b39b44e661d/screenshot - {}
RESULT: {}
COMMAND: POST /session/97f842ea50bbcd53f5e58b39b44e661d/element - {"using":"xpath","value":"//span[contains(text(), \"Template for ETO-Process\")]"}
RESULT: {"using":"xpath","value":"//span[contains(text(), \"Template for ETO-Process\")]"}
COMMAND: POST /session/97f842ea50bbcd53f5e58b39b44e661d/element/f.4C3BA0BF09B228EDDC79F91E8A810388.d.18B45EC9A81D9EF9F88B018EC1DAC952.e.2521/click - {}
RESULT: {}
COMMAND: GET /session/97f842ea50bbcd53f5e58b39b44e661d/screenshot - {}
RESULT: {}
COMMAND: POST /session/97f842ea50bbcd53f5e58b39b44e661d/element - {"using":"xpath","value":"//bdi[contains(text(), \"OK\")]"}
RESULT: {"using":"xpath","value":"//bdi[contains(text(), \"OK\")]"}
COMMAND: POST /session/97f842ea50bbcd53f5e58b39b44e661d/element/f.4C3BA0BF09B228EDDC79F91E8A810388.d.18B45EC9A81D9EF9F88B018EC1DAC952.e.2522/click - {}
RESULT: {}
COMMAND: GET /session/97f842ea50bbcd53f5e58b39b44e661d/screenshot - {}
RESULT: {}
COMMAND: POST /session/97f842ea50bbcd53f5e58b39b44e661d/element - {"using":"xpath","value":"//input[@id=\"application-managesites-display-component---NewSite--addressDetailDetailsYard-inner\"]"}
RESULT: {"using":"xpath","value":"//input[@id=\"application-managesites-display-component---NewSite--addressDetailDetailsYard-inner\"]"}
COMMAND: POST /session/97f842ea50bbcd53f5e58b39b44e661d/element/f.4C3BA0BF09B228EDDC79F91E8A810388.d.18B45EC9A81D9EF9F88B018EC1DAC952.e.2297/value - {"text":"437"}
RESULT: {"text":"437"}
COMMAND: GET /session/97f842ea50bbcd53f5e58b39b44e661d/screenshot - {}
RESULT: {}
COMMAND: POST /session/97f842ea50bbcd53f5e58b39b44e661d/actions - {"actions":[{"id":"action4","type":"key","parameters":{},"actions":[{"type":"keyDown","value":""},{"type":"pause","duration":10},{"type":"keyUp","value":""}]}]}
RESULT: {"actions":[{"id":"action4","type":"key","parameters":{},"actions":[{"type":"keyDown","value":""},{"type":"pause","duration":10},{"type":"keyUp","value":""}]}]}
COMMAND: GET /session/97f842ea50bbcd53f5e58b39b44e661d/screenshot - {}
RESULT: {}
COMMAND: POST /session/97f842ea50bbcd53f5e58b39b44e661d/element - {"using":"xpath","value":"//input[@id=\"application-managesites-display-component---NewSite--addressDetailDetailsPartner-inner\"]"}
RESULT: {"using":"xpath","value":"//input[@id=\"application-managesites-display-component---NewSite--addressDetailDetailsPartner-inner\"]"}
COMMAND: POST /session/97f842ea50bbcd53f5e58b39b44e661d/elements - {"using":"xpath","value":"//input[@id=\"application-managesites-display-component---NewSite--addressDetailDetailsPartner-inner\"]"}
RESULT: {"using":"xpath","value":"//input[@id=\"application-managesites-display-component---NewSite--addressDetailDetailsPartner-inner\"]"}
COMMAND: POST /session/97f842ea50bbcd53f5e58b39b44e661d/execute/async - {"script":"<script> [1562 bytes]","args":[{"selector":{"controlType":"sap.m.Button","viewName":"etm.portal.ui.managesites.view.NewSmartSite","viewId":"application-managesites-display-component---NewSite","properties":{"text":"Commercial"},"interaction":{"idSuffix":"BDI-content"}},"wdio_ui5_key":"etmportal.ui.managesites.view.NewSmartSitesap.m.Button{\"text\":\"Commercial\"}"}]}
RESULT: {"script":"<script> [1562 bytes]","args":[{"selector":{"controlType":"sap.m.Button","viewName":"etm.portal.ui.managesites.view.NewSmartSite","viewId":"application-managesites-display-component---NewSite","properties":{"text":"Commercial"},"interaction":{"idSuffix":"BDI-content"}},"wdio_ui5_key":"etmportal.ui.managesites.view.NewSmartSitesap.m.Button{\"text\":\"Commercial\"}"}]}
RESULT: undefined
COMMAND: POST /session/97f842ea50bbcd53f5e58b39b44e661d/element - {"using":"xpath","value":"//*[@id=\"application-managesites-display-component---NewSite--ObjectPageLayout-anchBar-__section31-anchor\"]"}
RESULT: {"using":"xpath","value":"//*[@id=\"application-managesites-display-component---NewSite--ObjectPageLayout-anchBar-__section31-anchor\"]"}
COMMAND: POST /session/97f842ea50bbcd53f5e58b39b44e661d/element/f.4C3BA0BF09B228EDDC79F91E8A810388.d.18B45EC9A81D9EF9F88B018EC1DAC952.e.2529/click - {}
RESULT: {}
COMMAND: POST /session/97f842ea50bbcd53f5e58b39b44e661d/execute/async - {"script":"<script> [1562 bytes]","args":[{"selector":{"controlType":"sap.m.Button","viewName":"etm.portal.ui.managesites.view.NewSmartSite","viewId":"application-managesites-display-component---NewSite","i18NText":{"propertyName":"text","key":"save"},"interaction":{"idSuffix":"BDI-content"}},"wdio_ui5_key":"etmportal.ui.managesites.view.NewSmartSitesap.m.Button{\"propertyName\":\"text\",\"key\":\"save\"}"}]}
COMMAND: GET /session/97f842ea50bbcd53f5e58b39b44e661d/screenshot - {}
RESULT: {"script":"<script> [1562 bytes]","args":[{"selector":{"controlType":"sap.m.Button","viewName":"etm.portal.ui.managesites.view.NewSmartSite","viewId":"application-managesites-display-component---NewSite","i18NText":{"propertyName":"text","key":"save"},"interaction":{"idSuffix":"BDI-content"}},"wdio_ui5_key":"etmportal.ui.managesites.view.NewSmartSitesap.m.Button{\"propertyName\":\"text\",\"key\":\"save\"}"}]}
RESULT: undefined
COMMAND: POST /session/97f842ea50bbcd53f5e58b39b44e661d/element - {"using":"xpath","value":"//*[@id=\"__button64\"]"}
RESULT: {}
RESULT: {"using":"xpath","value":"//*[@id=\"__button64\"]"}
COMMAND: POST /session/97f842ea50bbcd53f5e58b39b44e661d/element/f.4C3BA0BF09B228EDDC79F91E8A810388.d.18B45EC9A81D9EF9F88B018EC1DAC952.e.2471/click - {}
RESULT: {}
COMMAND: GET /session/97f842ea50bbcd53f5e58b39b44e661d/screenshot - {}
RESULT: {}
COMMAND: POST /session/97f842ea50bbcd53f5e58b39b44e661d/execute/async - {"script":"<script> [1562 bytes]","args":[{"selector":{"id":"application-managesites-display-component---detailSite--addressDetailDetailsYardText"},"wdio_ui5_key":"applicationmanagesites-display-component---detailSite--addressDetailDetailsYardText"}]}
RESULT: {"script":"<script> [1562 bytes]","args":[{"selector":{"id":"application-managesites-display-component---detailSite--addressDetailDetailsYardText"},"wdio_ui5_key":"applicationmanagesites-display-component---detailSite--addressDetailDetailsYardText"}]}
RESULT: undefined
COMMAND: POST /session/97f842ea50bbcd53f5e58b39b44e661d/element - {"using":"xpath","value":"//header/div/div[2]/div[2]/span"}
RESULT: {"using":"xpath","value":"//header/div/div[2]/div[2]/span"}
COMMAND: GET /session/97f842ea50bbcd53f5e58b39b44e661d/element/f.4C3BA0BF09B228EDDC79F91E8A810388.d.18B45EC9A81D9EF9F88B018EC1DAC952.e.2743/text - {}
RESULT: {}
COMMAND: POST /session/97f842ea50bbcd53f5e58b39b44e661d/element - {"using":"xpath","value":"//header/div/div/div/div/div/div[2]/div/span"}
RESULT: {"using":"xpath","value":"//header/div/div/div/div/div/div[2]/div/span"}
COMMAND: GET /session/97f842ea50bbcd53f5e58b39b44e661d/element/f.4C3BA0BF09B228EDDC79F91E8A810388.d.18B45EC9A81D9EF9F88B018EC1DAC952.e.2744/text - {}
RESULT: {}
COMMAND: POST /session/97f842ea50bbcd53f5e58b39b44e661d/element - {"using":"css selector","value":"#shell-header-logo"}
RESULT: {"using":"css selector","value":"#shell-header-logo"}
COMMAND: POST /session/97f842ea50bbcd53f5e58b39b44e661d/element/f.4C3BA0BF09B228EDDC79F91E8A810388.d.18B45EC9A81D9EF9F88B018EC1DAC952.e.1871/click - {}
RESULT: {}
COMMAND: GET /session/97f842ea50bbcd53f5e58b39b44e661d/screenshot - {}
RESULT: {}
]]></system-out>
    </testcase>
    <testcase classname="chrome.135_0_7049_42.windows.E2E_-_Logistical_and_commercial_statuses" name="It should stock increase the resource" time="213.839">
      <system-out><![CDATA[
COMMAND: POST /session/97f842ea50bbcd53f5e58b39b44e661d/execute/async - {"script":"<script> [1562 bytes]","args":[{"selector":{"controlType":"sap.m.GenericTile","properties":{"header":"Manage Resources"}},"wdio_ui5_key":"sapm.GenericTile{\"header\":\"Manage Resources\"}"}]}
RESULT: {"script":"<script> [1562 bytes]","args":[{"selector":{"controlType":"sap.m.GenericTile","properties":{"header":"Manage Resources"}},"wdio_ui5_key":"sapm.GenericTile{\"header\":\"Manage Resources\"}"}]}
RESULT: undefined
COMMAND: POST /session/97f842ea50bbcd53f5e58b39b44e661d/element - {"using":"xpath","value":"//*[@id=\"__tile39\"]"}
RESULT: {"using":"xpath","value":"//*[@id=\"__tile39\"]"}
COMMAND: POST /session/97f842ea50bbcd53f5e58b39b44e661d/element/f.4C3BA0BF09B228EDDC79F91E8A810388.d.18B45EC9A81D9EF9F88B018EC1DAC952.e.2746/click - {}
RESULT: {}
COMMAND: GET /session/97f842ea50bbcd53f5e58b39b44e661d/screenshot - {}
RESULT: {}
RESULT: undefined
RESULT: undefined
COMMAND: POST /session/97f842ea50bbcd53f5e58b39b44e661d/element - {"using":"xpath","value":"//button[@data-kt=\"addNewRUOverflowToolbarButton\"]"}
RESULT: {"using":"xpath","value":"//button[@data-kt=\"addNewRUOverflowToolbarButton\"]"}
COMMAND: POST /session/97f842ea50bbcd53f5e58b39b44e661d/execute/sync - {"script":"<script> [8489 bytes]","args":[{"element-6066-11e4-a52e-4f735466cecf":"f.4C3BA0BF09B228EDDC79F91E8A810388.d.18B45EC9A81D9EF9F88B018EC1DAC952.e.2788","ELEMENT":"f.4C3BA0BF09B228EDDC79F91E8A810388.d.18B45EC9A81D9EF9F88B018EC1DAC952.e.2788"}]}
RESULT: {"script":"<script> [8489 bytes]","args":[{"element-6066-11e4-a52e-4f735466cecf":"f.4C3BA0BF09B228EDDC79F91E8A810388.d.18B45EC9A81D9EF9F88B018EC1DAC952.e.2788","ELEMENT":"f.4C3BA0BF09B228EDDC79F91E8A810388.d.18B45EC9A81D9EF9F88B018EC1DAC952.e.2788"}]}
COMMAND: POST /session/97f842ea50bbcd53f5e58b39b44e661d/element/f.4C3BA0BF09B228EDDC79F91E8A810388.d.18B45EC9A81D9EF9F88B018EC1DAC952.e.2788/click - {}
COMMAND: GET /session/97f842ea50bbcd53f5e58b39b44e661d/screenshot - {}
RESULT: {}
COMMAND: POST /session/97f842ea50bbcd53f5e58b39b44e661d/execute/async - {"script":"<script> [1562 bytes]","args":[{"selector":{"id":"application-manageresources-display-component---newResourceUnit--TYPE-arrow"},"wdio_ui5_key":"applicationmanageresources-display-component---newResourceUnit--TYPE-arrow"}]}
COMMAND: GET /session/97f842ea50bbcd53f5e58b39b44e661d/screenshot - {}
RESULT: {}
RESULT: {"script":"<script> [1562 bytes]","args":[{"selector":{"id":"application-manageresources-display-component---newResourceUnit--TYPE-arrow"},"wdio_ui5_key":"applicationmanageresources-display-component---newResourceUnit--TYPE-arrow"}]}
RESULT: undefined
COMMAND: POST /session/97f842ea50bbcd53f5e58b39b44e661d/element - {"using":"xpath","value":"//*[@id=\"application-manageresources-display-component---newResourceUnit--TYPE-arrow\"]"}
RESULT: {}
RESULT: {"using":"xpath","value":"//*[@id=\"application-manageresources-display-component---newResourceUnit--TYPE-arrow\"]"}
COMMAND: POST /session/97f842ea50bbcd53f5e58b39b44e661d/element/f.4C3BA0BF09B228EDDC79F91E8A810388.d.18B45EC9A81D9EF9F88B018EC1DAC952.e.3198/click - {}
RESULT: {}
COMMAND: POST /session/97f842ea50bbcd53f5e58b39b44e661d/execute/async - {"script":"<script> [1562 bytes]","args":[{"selector":{"controlType":"sap.m.StandardListItem","viewName":"reusables.view.manageresources.NewResourceUnit","viewId":"application-manageresources-display-component---newResourceUnit","properties":{"title":"Material"},"searchOpenDialogs":true,"interaction":{"idSuffix":"titleText"}},"wdio_ui5_key":"reusablesview.manageresources.NewResourceUnitsap.m.StandardListItem{\"title\":\"Material\"}"}]}
COMMAND: GET /session/97f842ea50bbcd53f5e58b39b44e661d/screenshot - {}
RESULT: {"script":"<script> [1562 bytes]","args":[{"selector":{"controlType":"sap.m.StandardListItem","viewName":"reusables.view.manageresources.NewResourceUnit","viewId":"application-manageresources-display-component---newResourceUnit","properties":{"title":"Material"},"searchOpenDialogs":true,"interaction":{"idSuffix":"titleText"}},"wdio_ui5_key":"reusablesview.manageresources.NewResourceUnitsap.m.StandardListItem{\"title\":\"Material\"}"}]}
RESULT: undefined
COMMAND: POST /session/97f842ea50bbcd53f5e58b39b44e661d/element - {"using":"xpath","value":"//*[@id=\"__item1036\"]"}
RESULT: {}
RESULT: {"using":"xpath","value":"//*[@id=\"__item1036\"]"}
COMMAND: POST /session/97f842ea50bbcd53f5e58b39b44e661d/element/f.4C3BA0BF09B228EDDC79F91E8A810388.d.18B45EC9A81D9EF9F88B018EC1DAC952.e.3201/click - {}
RESULT: {}
COMMAND: POST /session/97f842ea50bbcd53f5e58b39b44e661d/execute/async - {"script":"<script> [1562 bytes]","args":[{"selector":{"id":"application-manageresources-display-component---newResourceUnit--SHORT_TEXT","interaction":{"idSuffix":"inner"}},"wdio_ui5_key":"applicationmanageresources-display-component---newResourceUnit--SHORT_TEXT"}]}
COMMAND: GET /session/97f842ea50bbcd53f5e58b39b44e661d/screenshot - {}
RESULT: {"script":"<script> [1562 bytes]","args":[{"selector":{"id":"application-manageresources-display-component---newResourceUnit--SHORT_TEXT","interaction":{"idSuffix":"inner"}},"wdio_ui5_key":"applicationmanageresources-display-component---newResourceUnit--SHORT_TEXT"}]}
RESULT: undefined
COMMAND: POST /session/97f842ea50bbcd53f5e58b39b44e661d/execute/async - {"script":"<script> [776 bytes]","args":[{"enterText":"WebdriverRUR2Cy3ku4","selector":{"id":"application-manageresources-display-component---newResourceUnit--SHORT_TEXT","interaction":{"idSuffix":"inner"}},"clearTextFirst":true,"interactionType":"ENTER_TEXT"}]}
RESULT: {}
RESULT: {"script":"<script> [776 bytes]","args":[{"enterText":"WebdriverRUR2Cy3ku4","selector":{"id":"application-manageresources-display-component---newResourceUnit--SHORT_TEXT","interaction":{"idSuffix":"inner"}},"clearTextFirst":true,"interactionType":"ENTER_TEXT"}]}
COMMAND: POST /session/97f842ea50bbcd53f5e58b39b44e661d/execute/async - {"script":"<script> [1562 bytes]","args":[{"selector":{"id":"application-manageresources-display-component---newResourceUnit--BASE_UNIT_OF_MEASURE-arrow"},"wdio_ui5_key":"applicationmanageresources-display-component---newResourceUnit--BASE_UNIT_OF_MEASURE-arrow"}]}
RESULT: {"script":"<script> [1562 bytes]","args":[{"selector":{"id":"application-manageresources-display-component---newResourceUnit--BASE_UNIT_OF_MEASURE-arrow"},"wdio_ui5_key":"applicationmanageresources-display-component---newResourceUnit--BASE_UNIT_OF_MEASURE-arrow"}]}
RESULT: undefined
COMMAND: POST /session/97f842ea50bbcd53f5e58b39b44e661d/element - {"using":"xpath","value":"//*[@id=\"application-manageresources-display-component---newResourceUnit--BASE_UNIT_OF_MEASURE-arrow\"]"}
RESULT: {"using":"xpath","value":"//*[@id=\"application-manageresources-display-component---newResourceUnit--BASE_UNIT_OF_MEASURE-arrow\"]"}
COMMAND: POST /session/97f842ea50bbcd53f5e58b39b44e661d/element/f.4C3BA0BF09B228EDDC79F91E8A810388.d.18B45EC9A81D9EF9F88B018EC1DAC952.e.3257/click - {}
RESULT: {}
COMMAND: POST /session/97f842ea50bbcd53f5e58b39b44e661d/execute/async - {"script":"<script> [1562 bytes]","args":[{"selector":{"controlType":"sap.m.StandardListItem","viewName":"reusables.view.manageresources.NewResourceUnit","viewId":"application-manageresources-display-component---newResourceUnit","properties":{"title":"Piece"},"searchOpenDialogs":true,"interaction":{"idSuffix":"titleText"}},"wdio_ui5_key":"reusablesview.manageresources.NewResourceUnitsap.m.StandardListItem{\"title\":\"Piece\"}"}]}
COMMAND: GET /session/97f842ea50bbcd53f5e58b39b44e661d/screenshot - {}
RESULT: {"script":"<script> [1562 bytes]","args":[{"selector":{"controlType":"sap.m.StandardListItem","viewName":"reusables.view.manageresources.NewResourceUnit","viewId":"application-manageresources-display-component---newResourceUnit","properties":{"title":"Piece"},"searchOpenDialogs":true,"interaction":{"idSuffix":"titleText"}},"wdio_ui5_key":"reusablesview.manageresources.NewResourceUnitsap.m.StandardListItem{\"title\":\"Piece\"}"}]}
RESULT: undefined
COMMAND: POST /session/97f842ea50bbcd53f5e58b39b44e661d/element - {"using":"xpath","value":"//*[@id=\"__item1080\"]"}
RESULT: {}
RESULT: {"using":"xpath","value":"//*[@id=\"__item1080\"]"}
COMMAND: POST /session/97f842ea50bbcd53f5e58b39b44e661d/element/f.4C3BA0BF09B228EDDC79F91E8A810388.d.18B45EC9A81D9EF9F88B018EC1DAC952.e.3259/click - {}
RESULT: {}
COMMAND: POST /session/97f842ea50bbcd53f5e58b39b44e661d/element - {"using":"xpath","value":"//input[contains(@id ,\"application-manageresources-display-component---newResourceUnit--SHORT_TEXT-inner\")]"}
COMMAND: GET /session/97f842ea50bbcd53f5e58b39b44e661d/screenshot - {}
RESULT: {"using":"xpath","value":"//input[contains(@id ,\"application-manageresources-display-component---newResourceUnit--SHORT_TEXT-inner\")]"}
COMMAND: GET /session/97f842ea50bbcd53f5e58b39b44e661d/element/f.4C3BA0BF09B228EDDC79F91E8A810388.d.18B45EC9A81D9EF9F88B018EC1DAC952.e.3218/property/value - {}
RESULT: {}
RESULT: {}
COMMAND: POST /session/97f842ea50bbcd53f5e58b39b44e661d/execute/async - {"script":"<script> [1562 bytes]","args":[{"selector":{"id":"application-manageresources-display-component---newResourceUnit--WEIGHT_UNIT-arrow"},"wdio_ui5_key":"applicationmanageresources-display-component---newResourceUnit--WEIGHT_UNIT-arrow"}]}
COMMAND: GET /session/97f842ea50bbcd53f5e58b39b44e661d/screenshot - {}
RESULT: {"script":"<script> [1562 bytes]","args":[{"selector":{"id":"application-manageresources-display-component---newResourceUnit--WEIGHT_UNIT-arrow"},"wdio_ui5_key":"applicationmanageresources-display-component---newResourceUnit--WEIGHT_UNIT-arrow"}]}
RESULT: undefined
COMMAND: POST /session/97f842ea50bbcd53f5e58b39b44e661d/element - {"using":"xpath","value":"//*[@id=\"application-manageresources-display-component---newResourceUnit--WEIGHT_UNIT-arrow\"]"}
RESULT: {}
RESULT: {"using":"xpath","value":"//*[@id=\"application-manageresources-display-component---newResourceUnit--WEIGHT_UNIT-arrow\"]"}
COMMAND: POST /session/97f842ea50bbcd53f5e58b39b44e661d/element/f.4C3BA0BF09B228EDDC79F91E8A810388.d.18B45EC9A81D9EF9F88B018EC1DAC952.e.3260/click - {}
RESULT: {}
COMMAND: POST /session/97f842ea50bbcd53f5e58b39b44e661d/execute/async - {"script":"<script> [1562 bytes]","args":[{"selector":{"controlType":"sap.m.StandardListItem","viewName":"reusables.view.manageresources.NewResourceUnit","viewId":"application-manageresources-display-component---newResourceUnit","properties":{"title":"Gram"},"searchOpenDialogs":true,"interaction":{"idSuffix":"content"}},"wdio_ui5_key":"reusablesview.manageresources.NewResourceUnitsap.m.StandardListItem{\"title\":\"Gram\"}"}]}
COMMAND: GET /session/97f842ea50bbcd53f5e58b39b44e661d/screenshot - {}
RESULT: {"script":"<script> [1562 bytes]","args":[{"selector":{"controlType":"sap.m.StandardListItem","viewName":"reusables.view.manageresources.NewResourceUnit","viewId":"application-manageresources-display-component---newResourceUnit","properties":{"title":"Gram"},"searchOpenDialogs":true,"interaction":{"idSuffix":"content"}},"wdio_ui5_key":"reusablesview.manageresources.NewResourceUnitsap.m.StandardListItem{\"title\":\"Gram\"}"}]}
RESULT: undefined
COMMAND: POST /session/97f842ea50bbcd53f5e58b39b44e661d/element - {"using":"xpath","value":"//*[@id=\"__item1145\"]"}
RESULT: {}
RESULT: {"using":"xpath","value":"//*[@id=\"__item1145\"]"}
COMMAND: POST /session/97f842ea50bbcd53f5e58b39b44e661d/element/f.4C3BA0BF09B228EDDC79F91E8A810388.d.18B45EC9A81D9EF9F88B018EC1DAC952.e.3262/click - {}
RESULT: {}
COMMAND: POST /session/97f842ea50bbcd53f5e58b39b44e661d/execute/async - {"script":"<script> [1562 bytes]","args":[{"selector":{"id":"application-manageresources-display-component---newResourceUnit--newRRUPage-OPHeaderContent-collapseBtn-img"},"wdio_ui5_key":"applicationmanageresources-display-component---newResourceUnit--newRRUPage-OPHeaderContent-collapseBtn-img"}]}
COMMAND: GET /session/97f842ea50bbcd53f5e58b39b44e661d/screenshot - {}
RESULT: {"script":"<script> [1562 bytes]","args":[{"selector":{"id":"application-manageresources-display-component---newResourceUnit--newRRUPage-OPHeaderContent-collapseBtn-img"},"wdio_ui5_key":"applicationmanageresources-display-component---newResourceUnit--newRRUPage-OPHeaderContent-collapseBtn-img"}]}
RESULT: undefined
COMMAND: POST /session/97f842ea50bbcd53f5e58b39b44e661d/element - {"using":"xpath","value":"//*[@id=\"application-manageresources-display-component---newResourceUnit--newRRUPage-OPHeaderContent-collapseBtn-img\"]"}
RESULT: {}
RESULT: {"using":"xpath","value":"//*[@id=\"application-manageresources-display-component---newResourceUnit--newRRUPage-OPHeaderContent-collapseBtn-img\"]"}
COMMAND: POST /session/97f842ea50bbcd53f5e58b39b44e661d/element/f.4C3BA0BF09B228EDDC79F91E8A810388.d.18B45EC9A81D9EF9F88B018EC1DAC952.e.3208/click - {}
RESULT: {}
COMMAND: GET /session/97f842ea50bbcd53f5e58b39b44e661d/screenshot - {}
RESULT: {}
COMMAND: POST /session/97f842ea50bbcd53f5e58b39b44e661d/element - {"using":"xpath","value":"(//span[contains(@id ,\"application-manageresources-display-component---newResourceUnit--DIMENSION_UNIT-arrow\")])[1]"}
RESULT: {"using":"xpath","value":"(//span[contains(@id ,\"application-manageresources-display-component---newResourceUnit--DIMENSION_UNIT-arrow\")])[1]"}
COMMAND: POST /session/97f842ea50bbcd53f5e58b39b44e661d/element/f.4C3BA0BF09B228EDDC79F91E8A810388.d.18B45EC9A81D9EF9F88B018EC1DAC952.e.3268/click - {}
RESULT: {}
COMMAND: GET /session/97f842ea50bbcd53f5e58b39b44e661d/screenshot - {}
RESULT: {}
COMMAND: POST /session/97f842ea50bbcd53f5e58b39b44e661d/execute/async - {"script":"<script> [1562 bytes]","args":[{"selector":{"controlType":"sap.m.StandardListItem","viewName":"reusables.view.manageresources.NewResourceUnit","viewId":"application-manageresources-display-component---newResourceUnit","properties":{"title":"Centimeter"},"searchOpenDialogs":true,"interaction":{"idSuffix":"titleText"}},"wdio_ui5_key":"reusablesview.manageresources.NewResourceUnitsap.m.StandardListItem{\"title\":\"Centimeter\"}"}]}
RESULT: {"script":"<script> [1562 bytes]","args":[{"selector":{"controlType":"sap.m.StandardListItem","viewName":"reusables.view.manageresources.NewResourceUnit","viewId":"application-manageresources-display-component---newResourceUnit","properties":{"title":"Centimeter"},"searchOpenDialogs":true,"interaction":{"idSuffix":"titleText"}},"wdio_ui5_key":"reusablesview.manageresources.NewResourceUnitsap.m.StandardListItem{\"title\":\"Centimeter\"}"}]}
RESULT: undefined
COMMAND: POST /session/97f842ea50bbcd53f5e58b39b44e661d/element - {"using":"xpath","value":"//*[@id=\"__item1148\"]"}
RESULT: {"using":"xpath","value":"//*[@id=\"__item1148\"]"}
COMMAND: POST /session/97f842ea50bbcd53f5e58b39b44e661d/element/f.4C3BA0BF09B228EDDC79F91E8A810388.d.18B45EC9A81D9EF9F88B018EC1DAC952.e.3270/click - {}
RESULT: {}
COMMAND: POST /session/97f842ea50bbcd53f5e58b39b44e661d/execute/async - {"script":"<script> [1562 bytes]","args":[{"selector":{"id":"application-manageresources-display-component---newResourceUnit--newRRUPage-anchBar-application-manageresources-display-component---newResourceUnit--reference-anchor","interaction":{"idSuffix":"BDI-content"}},"wdio_ui5_key":"applicationmanageresources-display-component---newResourceUnit--newRRUPage-anchBar-application-manageresources-display-component---newResourceUnit--reference-anchor"}]}
COMMAND: GET /session/97f842ea50bbcd53f5e58b39b44e661d/screenshot - {}
RESULT: {"script":"<script> [1562 bytes]","args":[{"selector":{"id":"application-manageresources-display-component---newResourceUnit--newRRUPage-anchBar-application-manageresources-display-component---newResourceUnit--reference-anchor","interaction":{"idSuffix":"BDI-content"}},"wdio_ui5_key":"applicationmanageresources-display-component---newResourceUnit--newRRUPage-anchBar-application-manageresources-display-component---newResourceUnit--reference-anchor"}]}
RESULT: undefined
COMMAND: POST /session/97f842ea50bbcd53f5e58b39b44e661d/element - {"using":"xpath","value":"//*[@id=\"application-manageresources-display-component---newResourceUnit--newRRUPage-anchBar-application-manageresources-display-component---newResourceUnit--reference-anchor\"]"}
RESULT: {}
RESULT: {"using":"xpath","value":"//*[@id=\"application-manageresources-display-component---newResourceUnit--newRRUPage-anchBar-application-manageresources-display-component---newResourceUnit--reference-anchor\"]"}
COMMAND: POST /session/97f842ea50bbcd53f5e58b39b44e661d/element/f.4C3BA0BF09B228EDDC79F91E8A810388.d.18B45EC9A81D9EF9F88B018EC1DAC952.e.3272/click - {}
RESULT: {}
COMMAND: POST /session/97f842ea50bbcd53f5e58b39b44e661d/execute/async - {"script":"<script> [1562 bytes]","args":[{"selector":{"id":"application-manageresources-display-component---newResourceUnit--PLANNING_GROUP-arrow"},"wdio_ui5_key":"applicationmanageresources-display-component---newResourceUnit--PLANNING_GROUP-arrow"}]}
COMMAND: GET /session/97f842ea50bbcd53f5e58b39b44e661d/screenshot - {}
RESULT: {"script":"<script> [1562 bytes]","args":[{"selector":{"id":"application-manageresources-display-component---newResourceUnit--PLANNING_GROUP-arrow"},"wdio_ui5_key":"applicationmanageresources-display-component---newResourceUnit--PLANNING_GROUP-arrow"}]}
RESULT: undefined
COMMAND: POST /session/97f842ea50bbcd53f5e58b39b44e661d/element - {"using":"xpath","value":"//*[@id=\"application-manageresources-display-component---newResourceUnit--PLANNING_GROUP-arrow\"]"}
RESULT: {}
RESULT: {"using":"xpath","value":"//*[@id=\"application-manageresources-display-component---newResourceUnit--PLANNING_GROUP-arrow\"]"}
COMMAND: POST /session/97f842ea50bbcd53f5e58b39b44e661d/element/f.4C3BA0BF09B228EDDC79F91E8A810388.d.18B45EC9A81D9EF9F88B018EC1DAC952.e.3278/click - {}
RESULT: {}
COMMAND: POST /session/97f842ea50bbcd53f5e58b39b44e661d/execute/async - {"script":"<script> [1562 bytes]","args":[{"selector":{"controlType":"sap.m.StandardListItem","viewName":"reusables.view.manageresources.NewResourceUnit","viewId":"application-manageresources-display-component---newResourceUnit","properties":{"title":"Heavy Equi"},"searchOpenDialogs":true,"interaction":{"idSuffix":"content"}},"wdio_ui5_key":"reusablesview.manageresources.NewResourceUnitsap.m.StandardListItem{\"title\":\"Heavy Equi\"}"}]}
COMMAND: GET /session/97f842ea50bbcd53f5e58b39b44e661d/screenshot - {}
RESULT: {"script":"<script> [1562 bytes]","args":[{"selector":{"controlType":"sap.m.StandardListItem","viewName":"reusables.view.manageresources.NewResourceUnit","viewId":"application-manageresources-display-component---newResourceUnit","properties":{"title":"Heavy Equi"},"searchOpenDialogs":true,"interaction":{"idSuffix":"content"}},"wdio_ui5_key":"reusablesview.manageresources.NewResourceUnitsap.m.StandardListItem{\"title\":\"Heavy Equi\"}"}]}
RESULT: undefined
COMMAND: POST /session/97f842ea50bbcd53f5e58b39b44e661d/element - {"using":"xpath","value":"//*[@id=\"__item1156\"]"}
RESULT: {}
RESULT: {"using":"xpath","value":"//*[@id=\"__item1156\"]"}
COMMAND: POST /session/97f842ea50bbcd53f5e58b39b44e661d/element/f.4C3BA0BF09B228EDDC79F91E8A810388.d.18B45EC9A81D9EF9F88B018EC1DAC952.e.3280/click - {}
RESULT: {}
COMMAND: GET /session/97f842ea50bbcd53f5e58b39b44e661d/screenshot - {}
RESULT: {}
COMMAND: POST /session/97f842ea50bbcd53f5e58b39b44e661d/execute/async - {"script":"<script> [1562 bytes]","args":[{"selector":{"id":"application-manageresources-display-component---newResourceUnit--PLANNING_INDICATOR-arrow"},"wdio_ui5_key":"applicationmanageresources-display-component---newResourceUnit--PLANNING_INDICATOR-arrow"}]}
RESULT: {"script":"<script> [1562 bytes]","args":[{"selector":{"id":"application-manageresources-display-component---newResourceUnit--PLANNING_INDICATOR-arrow"},"wdio_ui5_key":"applicationmanageresources-display-component---newResourceUnit--PLANNING_INDICATOR-arrow"}]}
RESULT: undefined
COMMAND: POST /session/97f842ea50bbcd53f5e58b39b44e661d/element - {"using":"xpath","value":"//*[@id=\"application-manageresources-display-component---newResourceUnit--PLANNING_INDICATOR-arrow\"]"}
RESULT: {"using":"xpath","value":"//*[@id=\"application-manageresources-display-component---newResourceUnit--PLANNING_INDICATOR-arrow\"]"}
COMMAND: POST /session/97f842ea50bbcd53f5e58b39b44e661d/element/f.4C3BA0BF09B228EDDC79F91E8A810388.d.18B45EC9A81D9EF9F88B018EC1DAC952.e.3281/click - {}
RESULT: {}
COMMAND: POST /session/97f842ea50bbcd53f5e58b39b44e661d/execute/async - {"script":"<script> [1562 bytes]","args":[{"selector":{"controlType":"sap.m.StandardListItem","viewName":"reusables.view.manageresources.NewResourceUnit","viewId":"application-manageresources-display-component---newResourceUnit","properties":{"title":"10 - infinite"},"searchOpenDialogs":true,"interaction":{"idSuffix":"content"}},"wdio_ui5_key":"reusablesview.manageresources.NewResourceUnitsap.m.StandardListItem{\"title\":\"10 - infinite\"}"}]}
COMMAND: GET /session/97f842ea50bbcd53f5e58b39b44e661d/screenshot - {}
RESULT: {"script":"<script> [1562 bytes]","args":[{"selector":{"controlType":"sap.m.StandardListItem","viewName":"reusables.view.manageresources.NewResourceUnit","viewId":"application-manageresources-display-component---newResourceUnit","properties":{"title":"10 - infinite"},"searchOpenDialogs":true,"interaction":{"idSuffix":"content"}},"wdio_ui5_key":"reusablesview.manageresources.NewResourceUnitsap.m.StandardListItem{\"title\":\"10 - infinite\"}"}]}
RESULT: undefined
COMMAND: POST /session/97f842ea50bbcd53f5e58b39b44e661d/element - {"using":"xpath","value":"//*[@id=\"__item1166\"]"}
RESULT: {}
RESULT: {"using":"xpath","value":"//*[@id=\"__item1166\"]"}
COMMAND: POST /session/97f842ea50bbcd53f5e58b39b44e661d/element/f.4C3BA0BF09B228EDDC79F91E8A810388.d.18B45EC9A81D9EF9F88B018EC1DAC952.e.3283/click - {}
RESULT: {}
COMMAND: GET /session/97f842ea50bbcd53f5e58b39b44e661d/screenshot - {}
RESULT: {}
COMMAND: POST /session/97f842ea50bbcd53f5e58b39b44e661d/element - {"using":"xpath","value":"//bdi[contains(text(), \"Time Segment\")]"}
RESULT: {"using":"xpath","value":"//bdi[contains(text(), \"Time Segment\")]"}
COMMAND: GET /session/97f842ea50bbcd53f5e58b39b44e661d/element/f.4C3BA0BF09B228EDDC79F91E8A810388.d.18B45EC9A81D9EF9F88B018EC1DAC952.e.3284/rect - {}
RESULT: {}
COMMAND: GET /session/97f842ea50bbcd53f5e58b39b44e661d/window/rect - {}
RESULT: {}
COMMAND: POST /session/97f842ea50bbcd53f5e58b39b44e661d/execute/sync - {"script":"<script> [92 bytes]","args":[]}
RESULT: {"script":"<script> [92 bytes]","args":[]}
COMMAND: POST /session/97f842ea50bbcd53f5e58b39b44e661d/actions - {"actions":[{"id":"action5","type":"wheel","parameters":{},"actions":[{"type":"scroll","x":-1820,"y":-21,"deltaX":0,"deltaY":0,"duration":0,"origin":{"element-6066-11e4-a52e-4f735466cecf":"f.4C3BA0BF09B228EDDC79F91E8A810388.d.18B45EC9A81D9EF9F88B018EC1DAC952.e.3284"}}]}]}
COMMAND: GET /session/97f842ea50bbcd53f5e58b39b44e661d/screenshot - {}
RESULT: {}
COMMAND: POST /session/97f842ea50bbcd53f5e58b39b44e661d/execute/sync - {"script":"<script> [79 bytes]","args":[{"element-6066-11e4-a52e-4f735466cecf":"f.4C3BA0BF09B228EDDC79F91E8A810388.d.18B45EC9A81D9EF9F88B018EC1DAC952.e.3284","ELEMENT":"f.4C3BA0BF09B228EDDC79F91E8A810388.d.18B45EC9A81D9EF9F88B018EC1DAC952.e.3284"},{"block":"start","inline":"nearest"}]}
RESULT: {"script":"<script> [79 bytes]","args":[{"element-6066-11e4-a52e-4f735466cecf":"f.4C3BA0BF09B228EDDC79F91E8A810388.d.18B45EC9A81D9EF9F88B018EC1DAC952.e.3284","ELEMENT":"f.4C3BA0BF09B228EDDC79F91E8A810388.d.18B45EC9A81D9EF9F88B018EC1DAC952.e.3284"},{"block":"start","inline":"nearest"}]}
COMMAND: GET /session/97f842ea50bbcd53f5e58b39b44e661d/screenshot - {}
RESULT: {}
COMMAND: POST /session/97f842ea50bbcd53f5e58b39b44e661d/element - {"using":"xpath","value":"//span[@id=\"application-manageresources-display-component---newResourceUnit--btnAddTimeSegment-img\"]"}
RESULT: {"using":"xpath","value":"//span[@id=\"application-manageresources-display-component---newResourceUnit--btnAddTimeSegment-img\"]"}
COMMAND: POST /session/97f842ea50bbcd53f5e58b39b44e661d/execute/sync - {"script":"<script> [8489 bytes]","args":[{"element-6066-11e4-a52e-4f735466cecf":"f.4C3BA0BF09B228EDDC79F91E8A810388.d.18B45EC9A81D9EF9F88B018EC1DAC952.e.3287","ELEMENT":"f.4C3BA0BF09B228EDDC79F91E8A810388.d.18B45EC9A81D9EF9F88B018EC1DAC952.e.3287"}]}
RESULT: {"script":"<script> [8489 bytes]","args":[{"element-6066-11e4-a52e-4f735466cecf":"f.4C3BA0BF09B228EDDC79F91E8A810388.d.18B45EC9A81D9EF9F88B018EC1DAC952.e.3287","ELEMENT":"f.4C3BA0BF09B228EDDC79F91E8A810388.d.18B45EC9A81D9EF9F88B018EC1DAC952.e.3287"}]}
COMMAND: POST /session/97f842ea50bbcd53f5e58b39b44e661d/element/f.4C3BA0BF09B228EDDC79F91E8A810388.d.18B45EC9A81D9EF9F88B018EC1DAC952.e.3287/click - {}
COMMAND: GET /session/97f842ea50bbcd53f5e58b39b44e661d/screenshot - {}
RESULT: {}
COMMAND: GET /session/97f842ea50bbcd53f5e58b39b44e661d/screenshot - {}
RESULT: {}
RESULT: {}
COMMAND: POST /session/97f842ea50bbcd53f5e58b39b44e661d/element - {"using":"xpath","value":"//input[@id=\"application-manageresources-display-component---newResourceUnit--idRuTSAdmin-application-manageresources-display-component---newResourceUnit--RUTimeSegment-0-inner\"]"}
RESULT: {"using":"xpath","value":"//input[@id=\"application-manageresources-display-component---newResourceUnit--idRuTSAdmin-application-manageresources-display-component---newResourceUnit--RUTimeSegment-0-inner\"]"}
COMMAND: POST /session/97f842ea50bbcd53f5e58b39b44e661d/element/f.4C3BA0BF09B228EDDC79F91E8A810388.d.18B45EC9A81D9EF9F88B018EC1DAC952.e.3290/clear - {}
RESULT: {}
COMMAND: POST /session/97f842ea50bbcd53f5e58b39b44e661d/element/f.4C3BA0BF09B228EDDC79F91E8A810388.d.18B45EC9A81D9EF9F88B018EC1DAC952.e.3290/value - {"text":"WebdriverYardabv9xf"}
COMMAND: GET /session/97f842ea50bbcd53f5e58b39b44e661d/screenshot - {}
RESULT: {"text":"WebdriverYardabv9xf"}
COMMAND: GET /session/97f842ea50bbcd53f5e58b39b44e661d/screenshot - {}
RESULT: {}
RESULT: {}
COMMAND: POST /session/97f842ea50bbcd53f5e58b39b44e661d/actions - {"actions":[{"id":"action6","type":"key","parameters":{},"actions":[{"type":"keyDown","value":""},{"type":"pause","duration":10},{"type":"keyUp","value":""}]}]}
RESULT: {"actions":[{"id":"action6","type":"key","parameters":{},"actions":[{"type":"keyDown","value":""},{"type":"pause","duration":10},{"type":"keyUp","value":""}]}]}
COMMAND: GET /session/97f842ea50bbcd53f5e58b39b44e661d/screenshot - {}
RESULT: {}
COMMAND: POST /session/97f842ea50bbcd53f5e58b39b44e661d/execute/async - {"script":"<script> [1562 bytes]","args":[{"selector":{"controlType":"sap.m.Button","viewName":"reusables.view.manageresources.NewResourceUnit","viewId":"application-manageresources-display-component---newResourceUnit","i18NText":{"propertyName":"tooltip","key":"save"},"interaction":{"idSuffix":"BDI-content"}},"wdio_ui5_key":"reusablesview.manageresources.NewResourceUnitsap.m.Button{\"propertyName\":\"tooltip\",\"key\":\"save\"}"}]}
RESULT: {"script":"<script> [1562 bytes]","args":[{"selector":{"controlType":"sap.m.Button","viewName":"reusables.view.manageresources.NewResourceUnit","viewId":"application-manageresources-display-component---newResourceUnit","i18NText":{"propertyName":"tooltip","key":"save"},"interaction":{"idSuffix":"BDI-content"}},"wdio_ui5_key":"reusablesview.manageresources.NewResourceUnitsap.m.Button{\"propertyName\":\"tooltip\",\"key\":\"save\"}"}]}
RESULT: undefined
COMMAND: POST /session/97f842ea50bbcd53f5e58b39b44e661d/element - {"using":"xpath","value":"//*[@id=\"application-manageresources-display-component---newResourceUnit--createRuButton\"]"}
RESULT: {"using":"xpath","value":"//*[@id=\"application-manageresources-display-component---newResourceUnit--createRuButton\"]"}
COMMAND: POST /session/97f842ea50bbcd53f5e58b39b44e661d/element/f.4C3BA0BF09B228EDDC79F91E8A810388.d.18B45EC9A81D9EF9F88B018EC1DAC952.e.3214/click - {}
RESULT: {}
COMMAND: GET /session/97f842ea50bbcd53f5e58b39b44e661d/screenshot - {}
RESULT: {}
COMMAND: POST /session/97f842ea50bbcd53f5e58b39b44e661d/execute/async - {"script":"<script> [1562 bytes]","args":[{"selector":{"controlType":"sap.m.Title","properties":{"text":"Success"},"searchOpenDialogs":true},"wdio_ui5_key":"sapm.Title{\"text\":\"Success\"}"}]}
RESULT: {"script":"<script> [1562 bytes]","args":[{"selector":{"controlType":"sap.m.Title","properties":{"text":"Success"},"searchOpenDialogs":true},"wdio_ui5_key":"sapm.Title{\"text\":\"Success\"}"}]}
RESULT: undefined
COMMAND: POST /session/97f842ea50bbcd53f5e58b39b44e661d/execute/async - {"script":"<script> [6424 bytes]","args":[{"element-6066-11e4-a52e-4f735466cecf":"f.4C3BA0BF09B228EDDC79F91E8A810388.d.18B45EC9A81D9EF9F88B018EC1DAC952.e.3304"},"getText",[]]}
RESULT: {"script":"<script> [6424 bytes]","args":[{"element-6066-11e4-a52e-4f735466cecf":"f.4C3BA0BF09B228EDDC79F91E8A810388.d.18B45EC9A81D9EF9F88B018EC1DAC952.e.3304"},"getText",[]]}
COMMAND: POST /session/97f842ea50bbcd53f5e58b39b44e661d/element - {"using":"xpath","value":"//*[contains(@id, '__text') and (contains(text(), 'successfully created') or contains(., 'successfully created'))]"}
RESULT: {"using":"xpath","value":"//*[contains(@id, '__text') and (contains(text(), 'successfully created') or contains(., 'successfully created'))]"}
COMMAND: GET /session/97f842ea50bbcd53f5e58b39b44e661d/element/f.4C3BA0BF09B228EDDC79F91E8A810388.d.18B45EC9A81D9EF9F88B018EC1DAC952.e.3303/text - {}
RESULT: {}
COMMAND: POST /session/97f842ea50bbcd53f5e58b39b44e661d/execute/async - {"script":"<script> [1562 bytes]","args":[{"selector":{"controlType":"sap.m.Button","properties":{"text":"Close"},"searchOpenDialogs":true,"interaction":{"idSuffix":"BDI-content"}},"wdio_ui5_key":"sapm.Button{\"text\":\"Close\"}"}]}
RESULT: {"script":"<script> [1562 bytes]","args":[{"selector":{"controlType":"sap.m.Button","properties":{"text":"Close"},"searchOpenDialogs":true,"interaction":{"idSuffix":"BDI-content"}},"wdio_ui5_key":"sapm.Button{\"text\":\"Close\"}"}]}
RESULT: undefined
COMMAND: POST /session/97f842ea50bbcd53f5e58b39b44e661d/element - {"using":"xpath","value":"//*[@id=\"__mbox-btn-0\"]"}
RESULT: {"using":"xpath","value":"//*[@id=\"__mbox-btn-0\"]"}
COMMAND: POST /session/97f842ea50bbcd53f5e58b39b44e661d/element/f.4C3BA0BF09B228EDDC79F91E8A810388.d.18B45EC9A81D9EF9F88B018EC1DAC952.e.3301/click - {}
RESULT: {}
COMMAND: GET /session/97f842ea50bbcd53f5e58b39b44e661d/screenshot - {}
RESULT: {}
COMMAND: POST /session/97f842ea50bbcd53f5e58b39b44e661d/execute/async - {"script":"<script> [1562 bytes]","args":[{"selector":{"controlType":"sap.ui.core.Icon","viewName":"etm.portal.ui.manageresources.view.Detail","viewId":"application-manageresources-display-component---detailRU","properties":{"src":{"regex":{"source":"overflow"}}}},"wdio_ui5_key":"etmportal.ui.manageresources.view.Detailsap.ui.core.Icon{\"src\":{\"regex\":{\"source\":\"overflow\"}}}"}]}
RESULT: {"script":"<script> [1562 bytes]","args":[{"selector":{"controlType":"sap.ui.core.Icon","viewName":"etm.portal.ui.manageresources.view.Detail","viewId":"application-manageresources-display-component---detailRU","properties":{"src":{"regex":{"source":"overflow"}}}},"wdio_ui5_key":"etmportal.ui.manageresources.view.Detailsap.ui.core.Icon{\"src\":{\"regex\":{\"source\":\"overflow\"}}}"}]}
RESULT: undefined
COMMAND: POST /session/97f842ea50bbcd53f5e58b39b44e661d/element - {"using":"xpath","value":"//*[@id=\"__title36-_actionsToolbar-overflowButton-img\"]"}
RESULT: {"using":"xpath","value":"//*[@id=\"__title36-_actionsToolbar-overflowButton-img\"]"}
COMMAND: POST /session/97f842ea50bbcd53f5e58b39b44e661d/element/f.4C3BA0BF09B228EDDC79F91E8A810388.d.18B45EC9A81D9EF9F88B018EC1DAC952.e.3333/click - {}
RESULT: {}
COMMAND: POST /session/97f842ea50bbcd53f5e58b39b44e661d/execute/async - {"script":"<script> [1562 bytes]","args":[{"selector":{"controlType":"sap.m.Button","viewName":"etm.portal.ui.manageresources.view.Detail","viewId":"application-manageresources-display-component---detailRU","i18NText":{"propertyName":"tooltip","key":"closeColumn"},"searchOpenDialogs":true,"interaction":{"idSuffix":"inner"}},"wdio_ui5_key":"etmportal.ui.manageresources.view.Detailsap.m.Button{\"propertyName\":\"tooltip\",\"key\":\"closeColumn\"}"}]}
COMMAND: GET /session/97f842ea50bbcd53f5e58b39b44e661d/screenshot - {}
RESULT: {"script":"<script> [1562 bytes]","args":[{"selector":{"controlType":"sap.m.Button","viewName":"etm.portal.ui.manageresources.view.Detail","viewId":"application-manageresources-display-component---detailRU","i18NText":{"propertyName":"tooltip","key":"closeColumn"},"searchOpenDialogs":true,"interaction":{"idSuffix":"inner"}},"wdio_ui5_key":"etmportal.ui.manageresources.view.Detailsap.m.Button{\"propertyName\":\"tooltip\",\"key\":\"closeColumn\"}"}]}
RESULT: undefined
COMMAND: POST /session/97f842ea50bbcd53f5e58b39b44e661d/element - {"using":"xpath","value":"//*[@id=\"__button147\"]"}
RESULT: {}
RESULT: {"using":"xpath","value":"//*[@id=\"__button147\"]"}
COMMAND: POST /session/97f842ea50bbcd53f5e58b39b44e661d/element/f.4C3BA0BF09B228EDDC79F91E8A810388.d.18B45EC9A81D9EF9F88B018EC1DAC952.e.3335/click - {}
RESULT: {}
COMMAND: GET /session/97f842ea50bbcd53f5e58b39b44e661d/screenshot - {}
RESULT: {}
COMMAND: POST /session/97f842ea50bbcd53f5e58b39b44e661d/refresh - {}
RESULT: {}
COMMAND: GET /session/97f842ea50bbcd53f5e58b39b44e661d/screenshot - {}
RESULT: {}
RESULT: undefined
COMMAND: POST /session/97f842ea50bbcd53f5e58b39b44e661d/refresh - {}
RESULT: {}
COMMAND: GET /session/97f842ea50bbcd53f5e58b39b44e661d/screenshot - {}
RESULT: {}
COMMAND: POST /session/97f842ea50bbcd53f5e58b39b44e661d/execute/async - {"script":"<script> [189 bytes]","args":[]}
RESULT: undefined
RESULT: undefined
RESULT: {"script":"<script> [189 bytes]","args":[]}
COMMAND: POST /session/97f842ea50bbcd53f5e58b39b44e661d/execute/async - {"script":"<script> [123 bytes]","args":[]}
RESULT: {"script":"<script> [123 bytes]","args":[]}
COMMAND: POST /session/97f842ea50bbcd53f5e58b39b44e661d/timeouts - {"script":"<number>"}
RESULT: {"script":"<number>"}
COMMAND: GET /session/97f842ea50bbcd53f5e58b39b44e661d/timeouts - {}
RESULT: {}
RESULT: undefined
COMMAND: POST /session/97f842ea50bbcd53f5e58b39b44e661d/execute/async - {"script":"<script> [2676 bytes]","args":[]}
RESULT: {"script":"<script> [2676 bytes]","args":[]}
COMMAND: POST /session/97f842ea50bbcd53f5e58b39b44e661d/execute/async - {"script":"<script> [2342 bytes]","args":[{"protocol":"http","hostname":"0.0.0.0","path":"/","capabilities":{"browserName":"chrome","goog:chromeOptions":{"binary":"C:\\Program Files\\Google\\Chrome\\Application\\chrome.exe","args":["--start-maximized"]}},"logLevel":"warn","connectionRetryTimeout":120000,"connectionRetryCount":3,"logLevels":{},"enableDirectConnect":true,"strictSSL":true,"_":"65 more keys: [\"cacheDir\",\"port\",\"requestedCapabilities\",\"automationProtocol\",\"baseUrl\",\"waitforInterval\",\"waitforTimeout\",\"onReload\",\"beforeCommand\",\"afterCommand\",\"rootDir\",\"specs\",\"suites\",\"exclude\",\"groupLogsByTestSpec\",\"excludeDriverLogs\",\"bail\",\"framework\",\"reporters\",\"services\",\"maxInstances\",\"maxInstancesPerCapability\",\"injectGlobals\",\"filesToWatch\",\"execArgv\",\"runnerEnv\",\"runner\",\"shard\",\"specFileRetries\",\"specFileRetriesDelay\",\"specFileRetriesDeferred\",\"reporterSyncInterval\",\"reporterSyncTimeout\",\"cucumberFeaturesWithLineNumbers\",\"autoCompileOpts\",\"mochaOpts\",\"jasmineOpts\",\"cucumberOpts\",\"onPrepare\",\"onWorkerStart\",\"onWorkerEnd\",\"before\",\"beforeSession\",\"beforeSuite\",\"beforeHook\",\"beforeTest\",\"afterTest\",\"afterHook\",\"afterSuite\",\"afterSession\",\"after\",\"onComplete\",\"beforeAssertion\",\"afterAssertion\",\"beforeFeature\",\"beforeScenario\",\"beforeStep\",\"afterStep\",\"afterScenario\",\"afterFeature\",\"_\",\"suite\",\"$0\",\"ignoredWorkerServices\",\"wdi5\"]"}]}
RESULT: {"script":"<script> [2342 bytes]","args":[{"protocol":"http","hostname":"0.0.0.0","path":"/","capabilities":{"browserName":"chrome","goog:chromeOptions":{"binary":"C:\\Program Files\\Google\\Chrome\\Application\\chrome.exe","args":["--start-maximized"]}},"logLevel":"warn","connectionRetryTimeout":120000,"connectionRetryCount":3,"logLevels":{},"enableDirectConnect":true,"strictSSL":true,"_":"65 more keys: [\"cacheDir\",\"port\",\"requestedCapabilities\",\"automationProtocol\",\"baseUrl\",\"waitforInterval\",\"waitforTimeout\",\"onReload\",\"beforeCommand\",\"afterCommand\",\"rootDir\",\"specs\",\"suites\",\"exclude\",\"groupLogsByTestSpec\",\"excludeDriverLogs\",\"bail\",\"framework\",\"reporters\",\"services\",\"maxInstances\",\"maxInstancesPerCapability\",\"injectGlobals\",\"filesToWatch\",\"execArgv\",\"runnerEnv\",\"runner\",\"shard\",\"specFileRetries\",\"specFileRetriesDelay\",\"specFileRetriesDeferred\",\"reporterSyncInterval\",\"reporterSyncTimeout\",\"cucumberFeaturesWithLineNumbers\",\"autoCompileOpts\",\"mochaOpts\",\"jasmineOpts\",\"cucumberOpts\",\"onPrepare\",\"onWorkerStart\",\"onWorkerEnd\",\"before\",\"beforeSession\",\"beforeSuite\",\"beforeHook\",\"beforeTest\",\"afterTest\",\"afterHook\",\"afterSuite\",\"afterSession\",\"after\",\"onComplete\",\"beforeAssertion\",\"afterAssertion\",\"beforeFeature\",\"beforeScenario\",\"beforeStep\",\"afterStep\",\"afterScenario\",\"afterFeature\",\"_\",\"suite\",\"$0\",\"ignoredWorkerServices\",\"wdi5\"]"}]}
COMMAND: POST /session/97f842ea50bbcd53f5e58b39b44e661d/execute/async - {"script":"<script> [21126 bytes]","args":[35000]}
RESULT: {"script":"<script> [21126 bytes]","args":[35000]}
COMMAND: POST /session/97f842ea50bbcd53f5e58b39b44e661d/element - {"using":"css selector","value":"#shell-header-logo"}
RESULT: {"using":"css selector","value":"#shell-header-logo"}
COMMAND: POST /session/97f842ea50bbcd53f5e58b39b44e661d/element/f.4C3BA0BF09B228EDDC79F91E8A810388.d.A2FBE4280261A0AEA0FE43137C002170.e.3397/click - {}
RESULT: {}
COMMAND: GET /session/97f842ea50bbcd53f5e58b39b44e661d/screenshot - {}
COMMAND: POST /session/97f842ea50bbcd53f5e58b39b44e661d/execute/async - {"script":"<script> [1562 bytes]","args":[{"selector":{"controlType":"sap.m.Text","viewName":"etm.portal.ui.managehandoverstile.view.Master","properties":{"text":"Manage Handovers"},"interaction":{"idSuffix":"inner"}},"wdio_ui5_key":"etmportal.ui.managehandoverstile.view.Mastersap.m.Text{\"text\":\"Manage Handovers\"}"}]}
RESULT: {}
RESULT: {"script":"<script> [1562 bytes]","args":[{"selector":{"controlType":"sap.m.Text","viewName":"etm.portal.ui.managehandoverstile.view.Master","properties":{"text":"Manage Handovers"},"interaction":{"idSuffix":"inner"}},"wdio_ui5_key":"etmportal.ui.managehandoverstile.view.Mastersap.m.Text{\"text\":\"Manage Handovers\"}"}]}
RESULT: undefined
COMMAND: POST /session/97f842ea50bbcd53f5e58b39b44e661d/element - {"using":"xpath","value":"//*[@id=\"__tile133-title\"]"}
RESULT: {"using":"xpath","value":"//*[@id=\"__tile133-title\"]"}
COMMAND: POST /session/97f842ea50bbcd53f5e58b39b44e661d/element/f.4C3BA0BF09B228EDDC79F91E8A810388.d.A2FBE4280261A0AEA0FE43137C002170.e.3585/click - {}
RESULT: {}
COMMAND: GET /session/97f842ea50bbcd53f5e58b39b44e661d/screenshot - {}
RESULT: {}
COMMAND: POST /session/97f842ea50bbcd53f5e58b39b44e661d/element - {"using":"xpath","value":"//button[@data-kt=\"masterHOAddButton\"]"}
RESULT: {"using":"xpath","value":"//button[@data-kt=\"masterHOAddButton\"]"}
COMMAND: POST /session/97f842ea50bbcd53f5e58b39b44e661d/execute/sync - {"script":"<script> [8489 bytes]","args":[{"element-6066-11e4-a52e-4f735466cecf":"f.4C3BA0BF09B228EDDC79F91E8A810388.d.A2FBE4280261A0AEA0FE43137C002170.e.3628","ELEMENT":"f.4C3BA0BF09B228EDDC79F91E8A810388.d.A2FBE4280261A0AEA0FE43137C002170.e.3628"}]}
RESULT: {"script":"<script> [8489 bytes]","args":[{"element-6066-11e4-a52e-4f735466cecf":"f.4C3BA0BF09B228EDDC79F91E8A810388.d.A2FBE4280261A0AEA0FE43137C002170.e.3628","ELEMENT":"f.4C3BA0BF09B228EDDC79F91E8A810388.d.A2FBE4280261A0AEA0FE43137C002170.e.3628"}]}
COMMAND: POST /session/97f842ea50bbcd53f5e58b39b44e661d/element/f.4C3BA0BF09B228EDDC79F91E8A810388.d.A2FBE4280261A0AEA0FE43137C002170.e.3628/click - {}
COMMAND: GET /session/97f842ea50bbcd53f5e58b39b44e661d/screenshot - {}
RESULT: {}
COMMAND: GET /session/97f842ea50bbcd53f5e58b39b44e661d/screenshot - {}
COMMAND: POST /session/97f842ea50bbcd53f5e58b39b44e661d/element - {"using":"xpath","value":"//span[contains(@id ,\"AddNewHO--typeSelect-arrow\")]"}
RESULT: {}
RESULT: {}
RESULT: {"using":"xpath","value":"//span[contains(@id ,\"AddNewHO--typeSelect-arrow\")]"}
COMMAND: POST /session/97f842ea50bbcd53f5e58b39b44e661d/element/f.4C3BA0BF09B228EDDC79F91E8A810388.d.A2FBE4280261A0AEA0FE43137C002170.e.3918/click - {}
RESULT: {}
COMMAND: GET /session/97f842ea50bbcd53f5e58b39b44e661d/screenshot - {}
RESULT: {}
COMMAND: POST /session/97f842ea50bbcd53f5e58b39b44e661d/element - {"using":"xpath","value":"(//li[contains(text(), \"stock increase yard\")])[1]"}
RESULT: {"using":"xpath","value":"(//li[contains(text(), \"stock increase yard\")])[1]"}
COMMAND: POST /session/97f842ea50bbcd53f5e58b39b44e661d/element/f.4C3BA0BF09B228EDDC79F91E8A810388.d.A2FBE4280261A0AEA0FE43137C002170.e.3919/click - {}
RESULT: {}
COMMAND: GET /session/97f842ea50bbcd53f5e58b39b44e661d/screenshot - {}
RESULT: {}
COMMAND: POST /session/97f842ea50bbcd53f5e58b39b44e661d/execute/async - {"script":"<script> [1562 bytes]","args":[{"selector":{"id":"application-managehandovers-display-component---AddNewHO--dueDate","interaction":{"idSuffix":"inner"}},"wdio_ui5_key":"applicationmanagehandovers-display-component---AddNewHO--dueDate"}]}
RESULT: {"script":"<script> [1562 bytes]","args":[{"selector":{"id":"application-managehandovers-display-component---AddNewHO--dueDate","interaction":{"idSuffix":"inner"}},"wdio_ui5_key":"applicationmanagehandovers-display-component---AddNewHO--dueDate"}]}
RESULT: undefined
COMMAND: POST /session/97f842ea50bbcd53f5e58b39b44e661d/execute/async - {"script":"<script> [6424 bytes]","args":[{"element-6066-11e4-a52e-4f735466cecf":"f.4C3BA0BF09B228EDDC79F91E8A810388.d.A2FBE4280261A0AEA0FE43137C002170.e.3921"},"setValue",["04/16/2025"]]}
RESULT: {"script":"<script> [6424 bytes]","args":[{"element-6066-11e4-a52e-4f735466cecf":"f.4C3BA0BF09B228EDDC79F91E8A810388.d.A2FBE4280261A0AEA0FE43137C002170.e.3921"},"setValue",["04/16/2025"]]}
COMMAND: POST /session/97f842ea50bbcd53f5e58b39b44e661d/element - {"using":"xpath","value":"//input[@id=\"generalSectionFrg--receiveYard-inner\"]"}
RESULT: {"using":"xpath","value":"//input[@id=\"generalSectionFrg--receiveYard-inner\"]"}
COMMAND: POST /session/97f842ea50bbcd53f5e58b39b44e661d/element/f.4C3BA0BF09B228EDDC79F91E8A810388.d.A2FBE4280261A0AEA0FE43137C002170.e.3927/clear - {}
RESULT: {}
COMMAND: POST /session/97f842ea50bbcd53f5e58b39b44e661d/element/f.4C3BA0BF09B228EDDC79F91E8A810388.d.A2FBE4280261A0AEA0FE43137C002170.e.3927/value - {"text":"WebdriverYardabv9xf"}
COMMAND: GET /session/97f842ea50bbcd53f5e58b39b44e661d/screenshot - {}
RESULT: {"text":"WebdriverYardabv9xf"}
COMMAND: GET /session/97f842ea50bbcd53f5e58b39b44e661d/screenshot - {}
RESULT: {}
RESULT: {}
COMMAND: POST /session/97f842ea50bbcd53f5e58b39b44e661d/execute/async - {"script":"<script> [1562 bytes]","args":[{"selector":{"id":"application-managehandovers-display-component---AddNewHO--ObjectPageLayout-anchBar-application-managehandovers-display-component---AddNewHO--section4-anchor","interaction":{"idSuffix":"BDI-content"}},"wdio_ui5_key":"applicationmanagehandovers-display-component---AddNewHO--ObjectPageLayout-anchBar-application-managehandovers-display-component---AddNewHO--section4-anchor"}]}
RESULT: {"script":"<script> [1562 bytes]","args":[{"selector":{"id":"application-managehandovers-display-component---AddNewHO--ObjectPageLayout-anchBar-application-managehandovers-display-component---AddNewHO--section4-anchor","interaction":{"idSuffix":"BDI-content"}},"wdio_ui5_key":"applicationmanagehandovers-display-component---AddNewHO--ObjectPageLayout-anchBar-application-managehandovers-display-component---AddNewHO--section4-anchor"}]}
RESULT: undefined
COMMAND: POST /session/97f842ea50bbcd53f5e58b39b44e661d/element - {"using":"xpath","value":"//*[@id=\"application-managehandovers-display-component---AddNewHO--ObjectPageLayout-anchBar-application-managehandovers-display-component---AddNewHO--section4-anchor\"]"}
RESULT: {"using":"xpath","value":"//*[@id=\"application-managehandovers-display-component---AddNewHO--ObjectPageLayout-anchBar-application-managehandovers-display-component---AddNewHO--section4-anchor\"]"}
COMMAND: POST /session/97f842ea50bbcd53f5e58b39b44e661d/element/f.4C3BA0BF09B228EDDC79F91E8A810388.d.A2FBE4280261A0AEA0FE43137C002170.e.3946/click - {}
RESULT: {}
COMMAND: GET /session/97f842ea50bbcd53f5e58b39b44e661d/screenshot - {}
RESULT: {}
COMMAND: POST /session/97f842ea50bbcd53f5e58b39b44e661d/element - {"using":"xpath","value":"//button[@aria-label=\"Add\"]"}
RESULT: {"using":"xpath","value":"//button[@aria-label=\"Add\"]"}
COMMAND: POST /session/97f842ea50bbcd53f5e58b39b44e661d/element/f.4C3BA0BF09B228EDDC79F91E8A810388.d.A2FBE4280261A0AEA0FE43137C002170.e.3950/click - {}
RESULT: {}
COMMAND: GET /session/97f842ea50bbcd53f5e58b39b44e661d/screenshot - {}
RESULT: {}
COMMAND: POST /session/97f842ea50bbcd53f5e58b39b44e661d/execute/async - {"script":"<script> [1562 bytes]","args":[{"selector":{"id":"application-managehandovers-display-component---AddNewHO--smartFilterBar-btnBasicSearch","searchOpenDialogs":true,"interaction":{"idSuffix":"I"}},"wdio_ui5_key":"applicationmanagehandovers-display-component---AddNewHO--smartFilterBar-btnBasicSearch"}]}
RESULT: {"script":"<script> [1562 bytes]","args":[{"selector":{"id":"application-managehandovers-display-component---AddNewHO--smartFilterBar-btnBasicSearch","searchOpenDialogs":true,"interaction":{"idSuffix":"I"}},"wdio_ui5_key":"applicationmanagehandovers-display-component---AddNewHO--smartFilterBar-btnBasicSearch"}]}
RESULT: undefined
COMMAND: POST /session/97f842ea50bbcd53f5e58b39b44e661d/execute/async - {"script":"<script> [776 bytes]","args":[{"enterText":"WebdriverRUR2Cy3ku4","selector":{"id":"application-managehandovers-display-component---AddNewHO--smartFilterBar-btnBasicSearch","searchOpenDialogs":true,"interaction":{"idSuffix":"I"}},"clearTextFirst":true,"interactionType":"ENTER_TEXT"}]}
RESULT: {"script":"<script> [776 bytes]","args":[{"enterText":"WebdriverRUR2Cy3ku4","selector":{"id":"application-managehandovers-display-component---AddNewHO--smartFilterBar-btnBasicSearch","searchOpenDialogs":true,"interaction":{"idSuffix":"I"}},"clearTextFirst":true,"interactionType":"ENTER_TEXT"}]}
COMMAND: POST /session/97f842ea50bbcd53f5e58b39b44e661d/actions - {"actions":[{"id":"action7","type":"key","parameters":{},"actions":[{"type":"keyDown","value":""},{"type":"pause","duration":10},{"type":"keyUp","value":""}]}]}
RESULT: {"actions":[{"id":"action7","type":"key","parameters":{},"actions":[{"type":"keyDown","value":""},{"type":"pause","duration":10},{"type":"keyUp","value":""}]}]}
COMMAND: POST /session/97f842ea50bbcd53f5e58b39b44e661d/execute/async - {"script":"<script> [1562 bytes]","args":[{"selector":{"id":"application-managehandovers-display-component---AddNewHO--popup-sa","searchOpenDialogs":true,"interaction":{"idSuffix":"CbBg"}},"wdio_ui5_key":"applicationmanagehandovers-display-component---AddNewHO--popup-sa"}]}
COMMAND: GET /session/97f842ea50bbcd53f5e58b39b44e661d/screenshot - {}
RESULT: {"script":"<script> [1562 bytes]","args":[{"selector":{"id":"application-managehandovers-display-component---AddNewHO--popup-sa","searchOpenDialogs":true,"interaction":{"idSuffix":"CbBg"}},"wdio_ui5_key":"applicationmanagehandovers-display-component---AddNewHO--popup-sa"}]}
RESULT: undefined
COMMAND: POST /session/97f842ea50bbcd53f5e58b39b44e661d/element - {"using":"xpath","value":"//*[@id=\"application-managehandovers-display-component---AddNewHO--popup-sa\"]"}
RESULT: {}
RESULT: {"using":"xpath","value":"//*[@id=\"application-managehandovers-display-component---AddNewHO--popup-sa\"]"}
COMMAND: POST /session/97f842ea50bbcd53f5e58b39b44e661d/element/f.4C3BA0BF09B228EDDC79F91E8A810388.d.A2FBE4280261A0AEA0FE43137C002170.e.4069/click - {}
RESULT: {}
COMMAND: GET /session/97f842ea50bbcd53f5e58b39b44e661d/screenshot - {}
RESULT: {}
COMMAND: POST /session/97f842ea50bbcd53f5e58b39b44e661d/element - {"using":"xpath","value":"//bdi[contains(text(), \"Select\")]"}
RESULT: {"using":"xpath","value":"//bdi[contains(text(), \"Select\")]"}
COMMAND: POST /session/97f842ea50bbcd53f5e58b39b44e661d/element/f.4C3BA0BF09B228EDDC79F91E8A810388.d.A2FBE4280261A0AEA0FE43137C002170.e.4070/click - {}
RESULT: {}
COMMAND: GET /session/97f842ea50bbcd53f5e58b39b44e661d/screenshot - {}
RESULT: {}
COMMAND: POST /session/97f842ea50bbcd53f5e58b39b44e661d/execute/async - {"script":"<script> [1562 bytes]","args":[{"selector":{"controlType":"sap.m.Input","viewName":"etm.portal.ui.managehandovers.view.AddNewHO","viewId":"application-managehandovers-display-component---AddNewHO","bindingPath":{"path":"/items/0","propertyPath":"TYPE","modelName":"hoItemsModel"},"interaction":{"idSuffix":"inner"}},"wdio_ui5_key":"etmportal.ui.managehandovers.view.AddNewHOsap.m.Input{\"path\":\"/items/0\",\"propertyPath\":\"TYPE\",\"modelName\":\"hoItemsModel\"}"}]}
RESULT: {"script":"<script> [1562 bytes]","args":[{"selector":{"controlType":"sap.m.Input","viewName":"etm.portal.ui.managehandovers.view.AddNewHO","viewId":"application-managehandovers-display-component---AddNewHO","bindingPath":{"path":"/items/0","propertyPath":"TYPE","modelName":"hoItemsModel"},"interaction":{"idSuffix":"inner"}},"wdio_ui5_key":"etmportal.ui.managehandovers.view.AddNewHOsap.m.Input{\"path\":\"/items/0\",\"propertyPath\":\"TYPE\",\"modelName\":\"hoItemsModel\"}"}]}
RESULT: undefined
COMMAND: POST /session/97f842ea50bbcd53f5e58b39b44e661d/execute/async - {"script":"<script> [776 bytes]","args":[{"enterText":"100","selector":{"controlType":"sap.m.Input","viewName":"etm.portal.ui.managehandovers.view.AddNewHO","viewId":"application-managehandovers-display-component---AddNewHO","bindingPath":{"path":"/items/0","propertyPath":"TYPE","modelName":"hoItemsModel"},"interaction":{"idSuffix":"inner"}},"clearTextFirst":true,"interactionType":"ENTER_TEXT"}]}
RESULT: {"script":"<script> [776 bytes]","args":[{"enterText":"100","selector":{"controlType":"sap.m.Input","viewName":"etm.portal.ui.managehandovers.view.AddNewHO","viewId":"application-managehandovers-display-component---AddNewHO","bindingPath":{"path":"/items/0","propertyPath":"TYPE","modelName":"hoItemsModel"},"interaction":{"idSuffix":"inner"}},"clearTextFirst":true,"interactionType":"ENTER_TEXT"}]}
COMMAND: POST /session/97f842ea50bbcd53f5e58b39b44e661d/element - {"using":"xpath","value":"//button[@data-kt=\"AddNewHOSaveButton\"]"}
RESULT: {"using":"xpath","value":"//button[@data-kt=\"AddNewHOSaveButton\"]"}
COMMAND: POST /session/97f842ea50bbcd53f5e58b39b44e661d/element/f.4C3BA0BF09B228EDDC79F91E8A810388.d.A2FBE4280261A0AEA0FE43137C002170.e.4075/click - {}
RESULT: {}
COMMAND: GET /session/97f842ea50bbcd53f5e58b39b44e661d/screenshot - {}
RESULT: {}
COMMAND: POST /session/97f842ea50bbcd53f5e58b39b44e661d/execute/async - {"script":"<script> [1562 bytes]","args":[{"selector":{"id":"receiptDatePicker","viewName":"etm.portal.ui.managehandovers.view.DetailExecuteHO","interaction":{"idSuffix":"inner"}},"wdio_ui5_key":"receiptDatePickeretmportal.ui.managehandovers.view.DetailExecuteHO"}]}
RESULT: {"script":"<script> [1562 bytes]","args":[{"selector":{"id":"receiptDatePicker","viewName":"etm.portal.ui.managehandovers.view.DetailExecuteHO","interaction":{"idSuffix":"inner"}},"wdio_ui5_key":"receiptDatePickeretmportal.ui.managehandovers.view.DetailExecuteHO"}]}
RESULT: undefined
COMMAND: POST /session/97f842ea50bbcd53f5e58b39b44e661d/execute/async - {"script":"<script> [6424 bytes]","args":[{"element-6066-11e4-a52e-4f735466cecf":"f.4C3BA0BF09B228EDDC79F91E8A810388.d.A2FBE4280261A0AEA0FE43137C002170.e.4102"},"setValue",["04/16/2025"]]}
RESULT: {"script":"<script> [6424 bytes]","args":[{"element-6066-11e4-a52e-4f735466cecf":"f.4C3BA0BF09B228EDDC79F91E8A810388.d.A2FBE4280261A0AEA0FE43137C002170.e.4102"},"setValue",["04/16/2025"]]}
COMMAND: POST /session/97f842ea50bbcd53f5e58b39b44e661d/element - {"using":"xpath","value":"//button[@data-kt=\"PickingTableConfirmAllButton\"]"}
RESULT: {"using":"xpath","value":"//button[@data-kt=\"PickingTableConfirmAllButton\"]"}
COMMAND: POST /session/97f842ea50bbcd53f5e58b39b44e661d/element/f.4C3BA0BF09B228EDDC79F91E8A810388.d.A2FBE4280261A0AEA0FE43137C002170.e.4118/click - {}
RESULT: {}
COMMAND: GET /session/97f842ea50bbcd53f5e58b39b44e661d/screenshot - {}
RESULT: {}
COMMAND: POST /session/97f842ea50bbcd53f5e58b39b44e661d/element - {"using":"xpath","value":"//bdi[contains(text(), \"OK\")]"}
RESULT: {"using":"xpath","value":"//bdi[contains(text(), \"OK\")]"}
COMMAND: POST /session/97f842ea50bbcd53f5e58b39b44e661d/element/f.4C3BA0BF09B228EDDC79F91E8A810388.d.A2FBE4280261A0AEA0FE43137C002170.e.4120/click - {}
RESULT: {}
COMMAND: GET /session/97f842ea50bbcd53f5e58b39b44e661d/screenshot - {}
RESULT: {}
COMMAND: POST /session/97f842ea50bbcd53f5e58b39b44e661d/element - {"using":"xpath","value":"(//bdi[contains(text(), \"Receive\")])[2]"}
RESULT: {"using":"xpath","value":"(//bdi[contains(text(), \"Receive\")])[2]"}
COMMAND: POST /session/97f842ea50bbcd53f5e58b39b44e661d/element/f.4C3BA0BF09B228EDDC79F91E8A810388.d.A2FBE4280261A0AEA0FE43137C002170.e.4122/click - {}
RESULT: {}
COMMAND: GET /session/97f842ea50bbcd53f5e58b39b44e661d/screenshot - {}
RESULT: {}
COMMAND: POST /session/97f842ea50bbcd53f5e58b39b44e661d/element - {"using":"css selector","value":"#shell-header-logo"}
RESULT: {"using":"css selector","value":"#shell-header-logo"}
COMMAND: POST /session/97f842ea50bbcd53f5e58b39b44e661d/element/f.4C3BA0BF09B228EDDC79F91E8A810388.d.A2FBE4280261A0AEA0FE43137C002170.e.3588/click - {}
RESULT: {}
]]></system-out>
    </testcase>
    <testcase classname="chrome.135_0_7049_42.windows.E2E_-_Logistical_and_commercial_statuses" name="Should add a pricing rule and a condition to the RU" time="94.247">
      <system-out><![CDATA[
COMMAND: POST /session/97f842ea50bbcd53f5e58b39b44e661d/execute/async - {"script":"<script> [1562 bytes]","args":[{"selector":{"controlType":"sap.m.GenericTile","properties":{"header":"Manage Pricing Rules"}},"wdio_ui5_key":"sapm.GenericTile{\"header\":\"Manage Pricing Rules\"}"}]}
COMMAND: GET /session/97f842ea50bbcd53f5e58b39b44e661d/screenshot - {}
RESULT: {"script":"<script> [1562 bytes]","args":[{"selector":{"controlType":"sap.m.GenericTile","properties":{"header":"Manage Pricing Rules"}},"wdio_ui5_key":"sapm.GenericTile{\"header\":\"Manage Pricing Rules\"}"}]}
RESULT: undefined
COMMAND: POST /session/97f842ea50bbcd53f5e58b39b44e661d/element - {"using":"xpath","value":"//*[@id=\"__tile55\"]"}
RESULT: {}
RESULT: {"using":"xpath","value":"//*[@id=\"__tile55\"]"}
COMMAND: POST /session/97f842ea50bbcd53f5e58b39b44e661d/element/f.4C3BA0BF09B228EDDC79F91E8A810388.d.A2FBE4280261A0AEA0FE43137C002170.e.4273/click - {}
RESULT: {}
COMMAND: GET /session/97f842ea50bbcd53f5e58b39b44e661d/screenshot - {}
RESULT: {}
COMMAND: POST /session/97f842ea50bbcd53f5e58b39b44e661d/execute/async - {"script":"<script> [1562 bytes]","args":[{"selector":{"controlType":"sap.ui.core.Icon","viewName":"etm.portal.ui.managepricingrules.view.MasterHeader","viewId":"application-managepricingrules-display-component---priceInfoHeader","properties":{"src":{"regex":{"source":"activity\\-items"}}}},"wdio_ui5_key":"etmportal.ui.managepricingrules.view.MasterHeadersap.ui.core.Icon{\"src\":{\"regex\":{\"source\":\"activity\\\\-items\"}}}"}]}
RESULT: {"script":"<script> [1562 bytes]","args":[{"selector":{"controlType":"sap.ui.core.Icon","viewName":"etm.portal.ui.managepricingrules.view.MasterHeader","viewId":"application-managepricingrules-display-component---priceInfoHeader","properties":{"src":{"regex":{"source":"activity\\-items"}}}},"wdio_ui5_key":"etmportal.ui.managepricingrules.view.MasterHeadersap.ui.core.Icon{\"src\":{\"regex\":{\"source\":\"activity\\\\-items\"}}}"}]}
RESULT: undefined
COMMAND: POST /session/97f842ea50bbcd53f5e58b39b44e661d/element - {"using":"xpath","value":"//*[@id=\"__filter22-icon\"]"}
RESULT: {"using":"xpath","value":"//*[@id=\"__filter22-icon\"]"}
COMMAND: POST /session/97f842ea50bbcd53f5e58b39b44e661d/element/f.4C3BA0BF09B228EDDC79F91E8A810388.d.A2FBE4280261A0AEA0FE43137C002170.e.4356/click - {}
RESULT: {}
COMMAND: GET /session/97f842ea50bbcd53f5e58b39b44e661d/screenshot - {}
RESULT: {}
COMMAND: POST /session/97f842ea50bbcd53f5e58b39b44e661d/execute/async - {"script":"<script> [1562 bytes]","args":[{"selector":{"controlType":"sap.ui.core.Icon","viewName":"etm.portal.ui.managepricingrules.view.MasterItem","viewId":"application-managepricingrules-display-component---priceInfoItem","properties":{"src":{"regex":{"source":"add"}}}},"wdio_ui5_key":"etmportal.ui.managepricingrules.view.MasterItemsap.ui.core.Icon{\"src\":{\"regex\":{\"source\":\"add\"}}}"}]}
RESULT: {"script":"<script> [1562 bytes]","args":[{"selector":{"controlType":"sap.ui.core.Icon","viewName":"etm.portal.ui.managepricingrules.view.MasterItem","viewId":"application-managepricingrules-display-component---priceInfoItem","properties":{"src":{"regex":{"source":"add"}}}},"wdio_ui5_key":"etmportal.ui.managepricingrules.view.MasterItemsap.ui.core.Icon{\"src\":{\"regex\":{\"source\":\"add\"}}}"}]}
RESULT: undefined
COMMAND: POST /session/97f842ea50bbcd53f5e58b39b44e661d/element - {"using":"xpath","value":"//*[@id=\"__button76-img\"]"}
RESULT: {"using":"xpath","value":"//*[@id=\"__button76-img\"]"}
COMMAND: POST /session/97f842ea50bbcd53f5e58b39b44e661d/element/f.4C3BA0BF09B228EDDC79F91E8A810388.d.A2FBE4280261A0AEA0FE43137C002170.e.4402/click - {}
RESULT: {}
COMMAND: GET /session/97f842ea50bbcd53f5e58b39b44e661d/screenshot - {}
RESULT: {}
COMMAND: POST /session/97f842ea50bbcd53f5e58b39b44e661d/element - {"using":"xpath","value":"//input[@id=\"application-managepricingrules-display-component---newInfoPriceItem--condRU-inner\"]"}
RESULT: {"using":"xpath","value":"//input[@id=\"application-managepricingrules-display-component---newInfoPriceItem--condRU-inner\"]"}
COMMAND: POST /session/97f842ea50bbcd53f5e58b39b44e661d/element/f.4C3BA0BF09B228EDDC79F91E8A810388.d.A2FBE4280261A0AEA0FE43137C002170.e.4614/clear - {}
RESULT: {}
COMMAND: POST /session/97f842ea50bbcd53f5e58b39b44e661d/element/f.4C3BA0BF09B228EDDC79F91E8A810388.d.A2FBE4280261A0AEA0FE43137C002170.e.4614/value - {"text":"WebdriverRUR2Cy3ku4"}
COMMAND: GET /session/97f842ea50bbcd53f5e58b39b44e661d/screenshot - {}
RESULT: {"text":"WebdriverRUR2Cy3ku4"}
COMMAND: POST /session/97f842ea50bbcd53f5e58b39b44e661d/execute/async - {"script":"<script> [1562 bytes]","args":[{"selector":{"id":"application-managepricingrules-display-component---newInfoPriceItem--condValidTo","interaction":{"idSuffix":"inner"}},"wdio_ui5_key":"applicationmanagepricingrules-display-component---newInfoPriceItem--condValidTo"}]}
COMMAND: GET /session/97f842ea50bbcd53f5e58b39b44e661d/screenshot - {}
RESULT: {}
RESULT: {"script":"<script> [1562 bytes]","args":[{"selector":{"id":"application-managepricingrules-display-component---newInfoPriceItem--condValidTo","interaction":{"idSuffix":"inner"}},"wdio_ui5_key":"applicationmanagepricingrules-display-component---newInfoPriceItem--condValidTo"}]}
RESULT: undefined
COMMAND: POST /session/97f842ea50bbcd53f5e58b39b44e661d/execute/async - {"script":"<script> [776 bytes]","args":[{"enterText":"5/18/33","selector":{"id":"application-managepricingrules-display-component---newInfoPriceItem--condValidTo","interaction":{"idSuffix":"inner"}},"clearTextFirst":true,"interactionType":"ENTER_TEXT"}]}
RESULT: {}
RESULT: {"script":"<script> [776 bytes]","args":[{"enterText":"5/18/33","selector":{"id":"application-managepricingrules-display-component---newInfoPriceItem--condValidTo","interaction":{"idSuffix":"inner"}},"clearTextFirst":true,"interactionType":"ENTER_TEXT"}]}
COMMAND: POST /session/97f842ea50bbcd53f5e58b39b44e661d/execute/async - {"script":"<script> [1562 bytes]","args":[{"selector":{"id":"application-managepricingrules-display-component---newInfoPriceItem--billType-arrow"},"wdio_ui5_key":"applicationmanagepricingrules-display-component---newInfoPriceItem--billType-arrow"}]}
RESULT: {"script":"<script> [1562 bytes]","args":[{"selector":{"id":"application-managepricingrules-display-component---newInfoPriceItem--billType-arrow"},"wdio_ui5_key":"applicationmanagepricingrules-display-component---newInfoPriceItem--billType-arrow"}]}
RESULT: undefined
COMMAND: POST /session/97f842ea50bbcd53f5e58b39b44e661d/element - {"using":"xpath","value":"//*[@id=\"application-managepricingrules-display-component---newInfoPriceItem--billType-arrow\"]"}
RESULT: {"using":"xpath","value":"//*[@id=\"application-managepricingrules-display-component---newInfoPriceItem--billType-arrow\"]"}
COMMAND: POST /session/97f842ea50bbcd53f5e58b39b44e661d/element/f.4C3BA0BF09B228EDDC79F91E8A810388.d.A2FBE4280261A0AEA0FE43137C002170.e.4712/click - {}
RESULT: {}
COMMAND: POST /session/97f842ea50bbcd53f5e58b39b44e661d/element - {"using":"xpath","value":"//span[contains(text(), \"TB - Time based\")]"}
COMMAND: GET /session/97f842ea50bbcd53f5e58b39b44e661d/screenshot - {}
RESULT: {"using":"xpath","value":"//span[contains(text(), \"TB - Time based\")]"}
COMMAND: POST /session/97f842ea50bbcd53f5e58b39b44e661d/element/f.4C3BA0BF09B228EDDC79F91E8A810388.d.A2FBE4280261A0AEA0FE43137C002170.e.4753/click - {}
RESULT: {}
RESULT: {}
COMMAND: POST /session/97f842ea50bbcd53f5e58b39b44e661d/execute/async - {"script":"<script> [1562 bytes]","args":[{"selector":{"id":"application-managepricingrules-display-component---newInfoPriceItem--priceProc-arrow"},"wdio_ui5_key":"applicationmanagepricingrules-display-component---newInfoPriceItem--priceProc-arrow"}]}
COMMAND: GET /session/97f842ea50bbcd53f5e58b39b44e661d/screenshot - {}
RESULT: {"script":"<script> [1562 bytes]","args":[{"selector":{"id":"application-managepricingrules-display-component---newInfoPriceItem--priceProc-arrow"},"wdio_ui5_key":"applicationmanagepricingrules-display-component---newInfoPriceItem--priceProc-arrow"}]}
RESULT: undefined
COMMAND: POST /session/97f842ea50bbcd53f5e58b39b44e661d/element - {"using":"xpath","value":"//*[@id=\"application-managepricingrules-display-component---newInfoPriceItem--priceProc-arrow\"]"}
RESULT: {}
RESULT: {"using":"xpath","value":"//*[@id=\"application-managepricingrules-display-component---newInfoPriceItem--priceProc-arrow\"]"}
COMMAND: POST /session/97f842ea50bbcd53f5e58b39b44e661d/element/f.4C3BA0BF09B228EDDC79F91E8A810388.d.A2FBE4280261A0AEA0FE43137C002170.e.4719/click - {}
RESULT: {}
COMMAND: POST /session/97f842ea50bbcd53f5e58b39b44e661d/element - {"using":"xpath","value":"//span[contains(text(), \"TBS - Time based standard\")]"}
COMMAND: GET /session/97f842ea50bbcd53f5e58b39b44e661d/screenshot - {}
RESULT: {"using":"xpath","value":"//span[contains(text(), \"TBS - Time based standard\")]"}
COMMAND: POST /session/97f842ea50bbcd53f5e58b39b44e661d/element/f.4C3BA0BF09B228EDDC79F91E8A810388.d.A2FBE4280261A0AEA0FE43137C002170.e.4754/click - {}
RESULT: {}
RESULT: {}
COMMAND: POST /session/97f842ea50bbcd53f5e58b39b44e661d/execute/async - {"script":"<script> [1562 bytes]","args":[{"selector":{"id":"application-managepricingrules-display-component---newInfoPriceItem--calcBase-arrow"},"wdio_ui5_key":"applicationmanagepricingrules-display-component---newInfoPriceItem--calcBase-arrow"}]}
COMMAND: GET /session/97f842ea50bbcd53f5e58b39b44e661d/screenshot - {}
RESULT: {"script":"<script> [1562 bytes]","args":[{"selector":{"id":"application-managepricingrules-display-component---newInfoPriceItem--calcBase-arrow"},"wdio_ui5_key":"applicationmanagepricingrules-display-component---newInfoPriceItem--calcBase-arrow"}]}
RESULT: undefined
COMMAND: POST /session/97f842ea50bbcd53f5e58b39b44e661d/element - {"using":"xpath","value":"//*[@id=\"application-managepricingrules-display-component---newInfoPriceItem--calcBase-arrow\"]"}
RESULT: {}
RESULT: {"using":"xpath","value":"//*[@id=\"application-managepricingrules-display-component---newInfoPriceItem--calcBase-arrow\"]"}
COMMAND: POST /session/97f842ea50bbcd53f5e58b39b44e661d/element/f.4C3BA0BF09B228EDDC79F91E8A810388.d.A2FBE4280261A0AEA0FE43137C002170.e.4726/click - {}
RESULT: {}
COMMAND: GET /session/97f842ea50bbcd53f5e58b39b44e661d/screenshot - {}
RESULT: {}
COMMAND: POST /session/97f842ea50bbcd53f5e58b39b44e661d/element - {"using":"xpath","value":"//span[contains(text(), \"0006 - TB(calendar days)\")]"}
RESULT: {"using":"xpath","value":"//span[contains(text(), \"0006 - TB(calendar days)\")]"}
COMMAND: POST /session/97f842ea50bbcd53f5e58b39b44e661d/element/f.4C3BA0BF09B228EDDC79F91E8A810388.d.A2FBE4280261A0AEA0FE43137C002170.e.4755/click - {}
RESULT: {}
COMMAND: POST /session/97f842ea50bbcd53f5e58b39b44e661d/execute/async - {"script":"<script> [1562 bytes]","args":[{"selector":{"id":"application-managepricingrules-display-component---newInfoPriceItem--daysMonth","interaction":{"idSuffix":"inner"}},"wdio_ui5_key":"applicationmanagepricingrules-display-component---newInfoPriceItem--daysMonth"}]}
COMMAND: GET /session/97f842ea50bbcd53f5e58b39b44e661d/screenshot - {}
RESULT: {"script":"<script> [1562 bytes]","args":[{"selector":{"id":"application-managepricingrules-display-component---newInfoPriceItem--daysMonth","interaction":{"idSuffix":"inner"}},"wdio_ui5_key":"applicationmanagepricingrules-display-component---newInfoPriceItem--daysMonth"}]}
RESULT: undefined
COMMAND: POST /session/97f842ea50bbcd53f5e58b39b44e661d/execute/async - {"script":"<script> [776 bytes]","args":[{"enterText":"30","selector":{"id":"application-managepricingrules-display-component---newInfoPriceItem--daysMonth","interaction":{"idSuffix":"inner"}},"clearTextFirst":true,"interactionType":"ENTER_TEXT"}]}
RESULT: {}
RESULT: {"script":"<script> [776 bytes]","args":[{"enterText":"30","selector":{"id":"application-managepricingrules-display-component---newInfoPriceItem--daysMonth","interaction":{"idSuffix":"inner"}},"clearTextFirst":true,"interactionType":"ENTER_TEXT"}]}
COMMAND: POST /session/97f842ea50bbcd53f5e58b39b44e661d/element - {"using":"xpath","value":"//button[@data-kt=\"saveNewRuleButton\"]"}
RESULT: {"using":"xpath","value":"//button[@data-kt=\"saveNewRuleButton\"]"}
COMMAND: POST /session/97f842ea50bbcd53f5e58b39b44e661d/element/f.4C3BA0BF09B228EDDC79F91E8A810388.d.A2FBE4280261A0AEA0FE43137C002170.e.4746/click - {}
RESULT: {}
COMMAND: GET /session/97f842ea50bbcd53f5e58b39b44e661d/screenshot - {}
RESULT: {}
COMMAND: POST /session/97f842ea50bbcd53f5e58b39b44e661d/element - {"using":"css selector","value":"#shell-header-logo"}
RESULT: {"using":"css selector","value":"#shell-header-logo"}
COMMAND: POST /session/97f842ea50bbcd53f5e58b39b44e661d/element/f.4C3BA0BF09B228EDDC79F91E8A810388.d.A2FBE4280261A0AEA0FE43137C002170.e.4275/click - {}
RESULT: {}
COMMAND: GET /session/97f842ea50bbcd53f5e58b39b44e661d/screenshot - {}
RESULT: {}
COMMAND: POST /session/97f842ea50bbcd53f5e58b39b44e661d/execute/async - {"script":"<script> [1562 bytes]","args":[{"selector":{"controlType":"sap.m.Text","properties":{"text":"Manage Conditions & Prices"},"interaction":{"idSuffix":"inner"}},"wdio_ui5_key":"sapm.Text{\"text\":\"Manage Conditions & Prices\"}"}]}
RESULT: {"script":"<script> [1562 bytes]","args":[{"selector":{"controlType":"sap.m.Text","properties":{"text":"Manage Conditions & Prices"},"interaction":{"idSuffix":"inner"}},"wdio_ui5_key":"sapm.Text{\"text\":\"Manage Conditions & Prices\"}"}]}
RESULT: undefined
COMMAND: POST /session/97f842ea50bbcd53f5e58b39b44e661d/element - {"using":"xpath","value":"//*[@id=\"__tile53-title\"]"}
RESULT: {"using":"xpath","value":"//*[@id=\"__tile53-title\"]"}
COMMAND: POST /session/97f842ea50bbcd53f5e58b39b44e661d/element/f.4C3BA0BF09B228EDDC79F91E8A810388.d.A2FBE4280261A0AEA0FE43137C002170.e.4774/click - {}
RESULT: {}
COMMAND: GET /session/97f842ea50bbcd53f5e58b39b44e661d/screenshot - {}
RESULT: {}
COMMAND: POST /session/97f842ea50bbcd53f5e58b39b44e661d/element - {"using":"xpath","value":"//button[@aria-label=\"Create\"]"}
RESULT: {"using":"xpath","value":"//button[@aria-label=\"Create\"]"}
COMMAND: POST /session/97f842ea50bbcd53f5e58b39b44e661d/element/f.4C3BA0BF09B228EDDC79F91E8A810388.d.A2FBE4280261A0AEA0FE43137C002170.e.4814/click - {}
RESULT: {}
COMMAND: POST /session/97f842ea50bbcd53f5e58b39b44e661d/actions - {"actions":[{"id":"action8","type":"key","parameters":{},"actions":[{"type":"keyDown","value":""},{"type":"pause","duration":10},{"type":"keyUp","value":""}]}]}
COMMAND: GET /session/97f842ea50bbcd53f5e58b39b44e661d/screenshot - {}
RESULT: {"actions":[{"id":"action8","type":"key","parameters":{},"actions":[{"type":"keyDown","value":""},{"type":"pause","duration":10},{"type":"keyUp","value":""}]}]}
COMMAND: GET /session/97f842ea50bbcd53f5e58b39b44e661d/screenshot - {}
COMMAND: POST /session/97f842ea50bbcd53f5e58b39b44e661d/execute/async - {"script":"<script> [1562 bytes]","args":[{"selector":{"id":"application-manageconditionprice-display-component---newCondition--condBillCond-arrow"},"wdio_ui5_key":"applicationmanageconditionprice-display-component---newCondition--condBillCond-arrow"}]}
RESULT: {}
RESULT: {}
RESULT: {"script":"<script> [1562 bytes]","args":[{"selector":{"id":"application-manageconditionprice-display-component---newCondition--condBillCond-arrow"},"wdio_ui5_key":"applicationmanageconditionprice-display-component---newCondition--condBillCond-arrow"}]}
RESULT: undefined
COMMAND: POST /session/97f842ea50bbcd53f5e58b39b44e661d/element - {"using":"xpath","value":"//*[@id=\"application-manageconditionprice-display-component---newCondition--condBillCond-arrow\"]"}
RESULT: {"using":"xpath","value":"//*[@id=\"application-manageconditionprice-display-component---newCondition--condBillCond-arrow\"]"}
COMMAND: POST /session/97f842ea50bbcd53f5e58b39b44e661d/element/f.4C3BA0BF09B228EDDC79F91E8A810388.d.A2FBE4280261A0AEA0FE43137C002170.e.5282/click - {}
RESULT: {}
COMMAND: POST /session/97f842ea50bbcd53f5e58b39b44e661d/element - {"using":"xpath","value":"//span[contains(text(), \"DISP - D&I special price\")]"}
COMMAND: GET /session/97f842ea50bbcd53f5e58b39b44e661d/screenshot - {}
RESULT: {"using":"xpath","value":"//span[contains(text(), \"DISP - D&I special price\")]"}
COMMAND: POST /session/97f842ea50bbcd53f5e58b39b44e661d/element/f.4C3BA0BF09B228EDDC79F91E8A810388.d.A2FBE4280261A0AEA0FE43137C002170.e.5283/click - {}
RESULT: {}
RESULT: {}
COMMAND: POST /session/97f842ea50bbcd53f5e58b39b44e661d/execute/async - {"script":"<script> [1562 bytes]","args":[{"selector":{"id":"application-manageconditionprice-display-component---newCondition--condValidTo","interaction":{"idSuffix":"inner"}},"wdio_ui5_key":"applicationmanageconditionprice-display-component---newCondition--condValidTo"}]}
COMMAND: GET /session/97f842ea50bbcd53f5e58b39b44e661d/screenshot - {}
RESULT: {"script":"<script> [1562 bytes]","args":[{"selector":{"id":"application-manageconditionprice-display-component---newCondition--condValidTo","interaction":{"idSuffix":"inner"}},"wdio_ui5_key":"applicationmanageconditionprice-display-component---newCondition--condValidTo"}]}
RESULT: undefined
COMMAND: POST /session/97f842ea50bbcd53f5e58b39b44e661d/execute/async - {"script":"<script> [776 bytes]","args":[{"enterText":"5/11/33","selector":{"id":"application-manageconditionprice-display-component---newCondition--condValidTo","interaction":{"idSuffix":"inner"}},"clearTextFirst":true,"interactionType":"ENTER_TEXT"}]}
RESULT: {}
RESULT: {"script":"<script> [776 bytes]","args":[{"enterText":"5/11/33","selector":{"id":"application-manageconditionprice-display-component---newCondition--condValidTo","interaction":{"idSuffix":"inner"}},"clearTextFirst":true,"interactionType":"ENTER_TEXT"}]}
COMMAND: POST /session/97f842ea50bbcd53f5e58b39b44e661d/element - {"using":"xpath","value":"//input[@id=\"application-manageconditionprice-display-component---newCondition--condRU-inner\"]"}
RESULT: {"using":"xpath","value":"//input[@id=\"application-manageconditionprice-display-component---newCondition--condRU-inner\"]"}
COMMAND: POST /session/97f842ea50bbcd53f5e58b39b44e661d/element/f.4C3BA0BF09B228EDDC79F91E8A810388.d.A2FBE4280261A0AEA0FE43137C002170.e.4976/clear - {}
RESULT: {}
COMMAND: POST /session/97f842ea50bbcd53f5e58b39b44e661d/element/f.4C3BA0BF09B228EDDC79F91E8A810388.d.A2FBE4280261A0AEA0FE43137C002170.e.4976/value - {"text":"WebdriverRUR2Cy3ku4"}
COMMAND: GET /session/97f842ea50bbcd53f5e58b39b44e661d/screenshot - {}
RESULT: {"text":"WebdriverRUR2Cy3ku4"}
COMMAND: GET /session/97f842ea50bbcd53f5e58b39b44e661d/screenshot - {}
RESULT: {}
RESULT: {}
COMMAND: POST /session/97f842ea50bbcd53f5e58b39b44e661d/actions - {"actions":[{"id":"action9","type":"key","parameters":{},"actions":[{"type":"keyDown","value":""},{"type":"pause","duration":10},{"type":"keyUp","value":""}]}]}
RESULT: {"actions":[{"id":"action9","type":"key","parameters":{},"actions":[{"type":"keyDown","value":""},{"type":"pause","duration":10},{"type":"keyUp","value":""}]}]}
COMMAND: POST /session/97f842ea50bbcd53f5e58b39b44e661d/execute/async - {"script":"<script> [1562 bytes]","args":[{"selector":{"id":"application-manageconditionprice-display-component---newCondition--condBaseQty","interaction":{"idSuffix":"inner"}},"wdio_ui5_key":"applicationmanageconditionprice-display-component---newCondition--condBaseQty"}]}
COMMAND: GET /session/97f842ea50bbcd53f5e58b39b44e661d/screenshot - {}
RESULT: {"script":"<script> [1562 bytes]","args":[{"selector":{"id":"application-manageconditionprice-display-component---newCondition--condBaseQty","interaction":{"idSuffix":"inner"}},"wdio_ui5_key":"applicationmanageconditionprice-display-component---newCondition--condBaseQty"}]}
RESULT: undefined
COMMAND: POST /session/97f842ea50bbcd53f5e58b39b44e661d/execute/async - {"script":"<script> [776 bytes]","args":[{"enterText":"1","selector":{"id":"application-manageconditionprice-display-component---newCondition--condBaseQty","interaction":{"idSuffix":"inner"}},"clearTextFirst":true,"interactionType":"ENTER_TEXT"}]}
RESULT: {}
RESULT: {"script":"<script> [776 bytes]","args":[{"enterText":"1","selector":{"id":"application-manageconditionprice-display-component---newCondition--condBaseQty","interaction":{"idSuffix":"inner"}},"clearTextFirst":true,"interactionType":"ENTER_TEXT"}]}
COMMAND: POST /session/97f842ea50bbcd53f5e58b39b44e661d/execute/async - {"script":"<script> [1562 bytes]","args":[{"selector":{"id":"application-manageconditionprice-display-component---newCondition--condValue","interaction":{"idSuffix":"inner"}},"wdio_ui5_key":"applicationmanageconditionprice-display-component---newCondition--condValue"}]}
RESULT: {"script":"<script> [1562 bytes]","args":[{"selector":{"id":"application-manageconditionprice-display-component---newCondition--condValue","interaction":{"idSuffix":"inner"}},"wdio_ui5_key":"applicationmanageconditionprice-display-component---newCondition--condValue"}]}
RESULT: undefined
COMMAND: POST /session/97f842ea50bbcd53f5e58b39b44e661d/execute/async - {"script":"<script> [776 bytes]","args":[{"enterText":"100","selector":{"id":"application-manageconditionprice-display-component---newCondition--condValue","interaction":{"idSuffix":"inner"}},"clearTextFirst":true,"interactionType":"ENTER_TEXT"}]}
RESULT: {"script":"<script> [776 bytes]","args":[{"enterText":"100","selector":{"id":"application-manageconditionprice-display-component---newCondition--condValue","interaction":{"idSuffix":"inner"}},"clearTextFirst":true,"interactionType":"ENTER_TEXT"}]}
COMMAND: POST /session/97f842ea50bbcd53f5e58b39b44e661d/execute/async - {"script":"<script> [1562 bytes]","args":[{"selector":{"id":"application-manageconditionprice-display-component---newCondition--condCurr-arrow"},"wdio_ui5_key":"applicationmanageconditionprice-display-component---newCondition--condCurr-arrow"}]}
RESULT: {"script":"<script> [1562 bytes]","args":[{"selector":{"id":"application-manageconditionprice-display-component---newCondition--condCurr-arrow"},"wdio_ui5_key":"applicationmanageconditionprice-display-component---newCondition--condCurr-arrow"}]}
RESULT: undefined
COMMAND: POST /session/97f842ea50bbcd53f5e58b39b44e661d/element - {"using":"xpath","value":"//*[@id=\"application-manageconditionprice-display-component---newCondition--condCurr-arrow\"]"}
RESULT: {"using":"xpath","value":"//*[@id=\"application-manageconditionprice-display-component---newCondition--condCurr-arrow\"]"}
COMMAND: POST /session/97f842ea50bbcd53f5e58b39b44e661d/element/f.4C3BA0BF09B228EDDC79F91E8A810388.d.A2FBE4280261A0AEA0FE43137C002170.e.5231/click - {}
RESULT: {}
COMMAND: POST /session/97f842ea50bbcd53f5e58b39b44e661d/element - {"using":"xpath","value":"//span[contains(text(), \"Euro\")]"}
COMMAND: GET /session/97f842ea50bbcd53f5e58b39b44e661d/screenshot - {}
RESULT: {"using":"xpath","value":"//span[contains(text(), \"Euro\")]"}
COMMAND: POST /session/97f842ea50bbcd53f5e58b39b44e661d/element/f.4C3BA0BF09B228EDDC79F91E8A810388.d.A2FBE4280261A0AEA0FE43137C002170.e.5317/click - {}
RESULT: {}
RESULT: {}
COMMAND: POST /session/97f842ea50bbcd53f5e58b39b44e661d/element - {"using":"xpath","value":"//button[@data-kt=\"saveButton\"]"}
COMMAND: GET /session/97f842ea50bbcd53f5e58b39b44e661d/screenshot - {}
RESULT: {"using":"xpath","value":"//button[@data-kt=\"saveButton\"]"}
COMMAND: POST /session/97f842ea50bbcd53f5e58b39b44e661d/element/f.4C3BA0BF09B228EDDC79F91E8A810388.d.A2FBE4280261A0AEA0FE43137C002170.e.5232/click - {}
RESULT: {}
RESULT: {}
COMMAND: GET /session/97f842ea50bbcd53f5e58b39b44e661d/screenshot - {}
RESULT: {}
COMMAND: POST /session/97f842ea50bbcd53f5e58b39b44e661d/element - {"using":"css selector","value":"#shell-header-logo"}
RESULT: {"using":"css selector","value":"#shell-header-logo"}
COMMAND: POST /session/97f842ea50bbcd53f5e58b39b44e661d/element/f.4C3BA0BF09B228EDDC79F91E8A810388.d.A2FBE4280261A0AEA0FE43137C002170.e.4777/click - {}
RESULT: {}
COMMAND: GET /session/97f842ea50bbcd53f5e58b39b44e661d/screenshot - {}
RESULT: {}
]]></system-out>
    </testcase>
    <testcase classname="chrome.135_0_7049_42.windows.E2E_-_Logistical_and_commercial_statuses" name="Should create a new contract" time="56.219">
      <system-out><![CDATA[
COMMAND: POST /session/97f842ea50bbcd53f5e58b39b44e661d/execute/async - {"script":"<script> [1562 bytes]","args":[{"selector":{"controlType":"sap.m.GenericTile","viewName":"etm.portal.ui.managecontractstile.view.Master","i18NText":{"propertyName":"header","key":"manageContractsTileTitle"}},"wdio_ui5_key":"etmportal.ui.managecontractstile.view.Mastersap.m.GenericTile{\"propertyName\":\"header\",\"key\":\"manageContractsTileTitle\"}"}]}
RESULT: {"script":"<script> [1562 bytes]","args":[{"selector":{"controlType":"sap.m.GenericTile","viewName":"etm.portal.ui.managecontractstile.view.Master","i18NText":{"propertyName":"header","key":"manageContractsTileTitle"}},"wdio_ui5_key":"etmportal.ui.managecontractstile.view.Mastersap.m.GenericTile{\"propertyName\":\"header\",\"key\":\"manageContractsTileTitle\"}"}]}
RESULT: undefined
COMMAND: POST /session/97f842ea50bbcd53f5e58b39b44e661d/element - {"using":"xpath","value":"//*[@id=\"__tile130\"]"}
RESULT: {"using":"xpath","value":"//*[@id=\"__tile130\"]"}
COMMAND: POST /session/97f842ea50bbcd53f5e58b39b44e661d/element/f.4C3BA0BF09B228EDDC79F91E8A810388.d.A2FBE4280261A0AEA0FE43137C002170.e.5469/click - {}
RESULT: {}
COMMAND: GET /session/97f842ea50bbcd53f5e58b39b44e661d/screenshot - {}
RESULT: {}
RESULT: undefined
RESULT: undefined
COMMAND: POST /session/97f842ea50bbcd53f5e58b39b44e661d/element - {"using":"xpath","value":"//button[@data-kt=\"addButton\"]"}
RESULT: {"using":"xpath","value":"//button[@data-kt=\"addButton\"]"}
COMMAND: POST /session/97f842ea50bbcd53f5e58b39b44e661d/element/f.4C3BA0BF09B228EDDC79F91E8A810388.d.A2FBE4280261A0AEA0FE43137C002170.e.5541/click - {}
RESULT: {}
COMMAND: GET /session/97f842ea50bbcd53f5e58b39b44e661d/screenshot - {}
COMMAND: POST /session/97f842ea50bbcd53f5e58b39b44e661d/execute/async - {"script":"<script> [1562 bytes]","args":[{"selector":{"id":"application-managecontracts-display-component---AddNewContract--projectDescription","interaction":{"idSuffix":"inner"}},"wdio_ui5_key":"applicationmanagecontracts-display-component---AddNewContract--projectDescription"}]}
RESULT: {}
RESULT: {"script":"<script> [1562 bytes]","args":[{"selector":{"id":"application-managecontracts-display-component---AddNewContract--projectDescription","interaction":{"idSuffix":"inner"}},"wdio_ui5_key":"applicationmanagecontracts-display-component---AddNewContract--projectDescription"}]}
RESULT: undefined
COMMAND: POST /session/97f842ea50bbcd53f5e58b39b44e661d/execute/async - {"script":"<script> [776 bytes]","args":[{"enterText":"WdIOR2csrxxt","selector":{"id":"application-managecontracts-display-component---AddNewContract--projectDescription","interaction":{"idSuffix":"inner"}},"clearTextFirst":true,"interactionType":"ENTER_TEXT"}]}
RESULT: {"script":"<script> [776 bytes]","args":[{"enterText":"WdIOR2csrxxt","selector":{"id":"application-managecontracts-display-component---AddNewContract--projectDescription","interaction":{"idSuffix":"inner"}},"clearTextFirst":true,"interactionType":"ENTER_TEXT"}]}
COMMAND: POST /session/97f842ea50bbcd53f5e58b39b44e661d/element - {"using":"xpath","value":"//input[@id=\"application-managecontracts-display-component---AddNewContract--yardId-inner\"]"}
RESULT: {"using":"xpath","value":"//input[@id=\"application-managecontracts-display-component---AddNewContract--yardId-inner\"]"}
COMMAND: POST /session/97f842ea50bbcd53f5e58b39b44e661d/element/f.4C3BA0BF09B228EDDC79F91E8A810388.d.A2FBE4280261A0AEA0FE43137C002170.e.5722/clear - {}
RESULT: {}
COMMAND: POST /session/97f842ea50bbcd53f5e58b39b44e661d/element/f.4C3BA0BF09B228EDDC79F91E8A810388.d.A2FBE4280261A0AEA0FE43137C002170.e.5722/value - {"text":"WebdriverYardabv9xf"}
COMMAND: GET /session/97f842ea50bbcd53f5e58b39b44e661d/screenshot - {}
RESULT: {"text":"WebdriverYardabv9xf"}
COMMAND: GET /session/97f842ea50bbcd53f5e58b39b44e661d/screenshot - {}
RESULT: {}
RESULT: {}
COMMAND: POST /session/97f842ea50bbcd53f5e58b39b44e661d/actions - {"actions":[{"id":"action10","type":"key","parameters":{},"actions":[{"type":"keyDown","value":""},{"type":"pause","duration":10},{"type":"keyUp","value":""}]}]}
RESULT: {"actions":[{"id":"action10","type":"key","parameters":{},"actions":[{"type":"keyDown","value":""},{"type":"pause","duration":10},{"type":"keyUp","value":""}]}]}
COMMAND: GET /session/97f842ea50bbcd53f5e58b39b44e661d/screenshot - {}
RESULT: {}
COMMAND: POST /session/97f842ea50bbcd53f5e58b39b44e661d/element - {"using":"xpath","value":"//input[@id=\"application-managecontracts-display-component---AddNewContract--customerSelect-inner\"]"}
RESULT: {"using":"xpath","value":"//input[@id=\"application-managecontracts-display-component---AddNewContract--customerSelect-inner\"]"}
COMMAND: POST /session/97f842ea50bbcd53f5e58b39b44e661d/element/f.4C3BA0BF09B228EDDC79F91E8A810388.d.A2FBE4280261A0AEA0FE43137C002170.e.5720/clear - {}
RESULT: {}
COMMAND: POST /session/97f842ea50bbcd53f5e58b39b44e661d/element/f.4C3BA0BF09B228EDDC79F91E8A810388.d.A2FBE4280261A0AEA0FE43137C002170.e.5720/value - {"text":"WebdriverPartnerkry1zg"}
COMMAND: GET /session/97f842ea50bbcd53f5e58b39b44e661d/screenshot - {}
RESULT: {"text":"WebdriverPartnerkry1zg"}
COMMAND: GET /session/97f842ea50bbcd53f5e58b39b44e661d/screenshot - {}
RESULT: {}
RESULT: {}
COMMAND: POST /session/97f842ea50bbcd53f5e58b39b44e661d/actions - {"actions":[{"id":"action11","type":"key","parameters":{},"actions":[{"type":"keyDown","value":""},{"type":"pause","duration":10},{"type":"keyUp","value":""}]}]}
RESULT: {"actions":[{"id":"action11","type":"key","parameters":{},"actions":[{"type":"keyDown","value":""},{"type":"pause","duration":10},{"type":"keyUp","value":""}]}]}
COMMAND: GET /session/97f842ea50bbcd53f5e58b39b44e661d/screenshot - {}
RESULT: {}
COMMAND: POST /session/97f842ea50bbcd53f5e58b39b44e661d/element - {"using":"xpath","value":"//input[@id=\"application-managecontracts-display-component---AddNewContract--site-inner\"]"}
RESULT: {"using":"xpath","value":"//input[@id=\"application-managecontracts-display-component---AddNewContract--site-inner\"]"}
COMMAND: POST /session/97f842ea50bbcd53f5e58b39b44e661d/element/f.4C3BA0BF09B228EDDC79F91E8A810388.d.A2FBE4280261A0AEA0FE43137C002170.e.5721/clear - {}
RESULT: {}
COMMAND: POST /session/97f842ea50bbcd53f5e58b39b44e661d/element/f.4C3BA0BF09B228EDDC79F91E8A810388.d.A2FBE4280261A0AEA0FE43137C002170.e.5721/value - {"text":"WebdriverSitefc0nkf"}
COMMAND: GET /session/97f842ea50bbcd53f5e58b39b44e661d/screenshot - {}
RESULT: {"text":"WebdriverSitefc0nkf"}
COMMAND: GET /session/97f842ea50bbcd53f5e58b39b44e661d/screenshot - {}
RESULT: {}
RESULT: {}
COMMAND: POST /session/97f842ea50bbcd53f5e58b39b44e661d/actions - {"actions":[{"id":"action12","type":"key","parameters":{},"actions":[{"type":"keyDown","value":""},{"type":"pause","duration":10},{"type":"keyUp","value":""}]}]}
RESULT: {"actions":[{"id":"action12","type":"key","parameters":{},"actions":[{"type":"keyDown","value":""},{"type":"pause","duration":10},{"type":"keyUp","value":""}]}]}
COMMAND: POST /session/97f842ea50bbcd53f5e58b39b44e661d/element - {"using":"xpath","value":"//button[@data-kt=\"saveButton\"]"}
COMMAND: GET /session/97f842ea50bbcd53f5e58b39b44e661d/screenshot - {}
RESULT: {"using":"xpath","value":"//button[@data-kt=\"saveButton\"]"}
COMMAND: POST /session/97f842ea50bbcd53f5e58b39b44e661d/element/f.4C3BA0BF09B228EDDC79F91E8A810388.d.A2FBE4280261A0AEA0FE43137C002170.e.5809/click - {}
RESULT: {}
RESULT: {}
COMMAND: GET /session/97f842ea50bbcd53f5e58b39b44e661d/screenshot - {}
RESULT: {}
COMMAND: POST /session/97f842ea50bbcd53f5e58b39b44e661d/execute/async - {"script":"<script> [1562 bytes]","args":[{"selector":{"id":"contractDetailTitleNoExpanded","viewName":"etm.portal.ui.managecontracts.view.Detail"},"wdio_ui5_key":"contractDetailTitleNoExpandedetmportal.ui.managecontracts.view.Detail"}]}
RESULT: {"script":"<script> [1562 bytes]","args":[{"selector":{"id":"contractDetailTitleNoExpanded","viewName":"etm.portal.ui.managecontracts.view.Detail"},"wdio_ui5_key":"contractDetailTitleNoExpandedetmportal.ui.managecontracts.view.Detail"}]}
RESULT: undefined
COMMAND: POST /session/97f842ea50bbcd53f5e58b39b44e661d/execute/async - {"script":"<script> [6424 bytes]","args":[{"element-6066-11e4-a52e-4f735466cecf":"f.4C3BA0BF09B228EDDC79F91E8A810388.d.A2FBE4280261A0AEA0FE43137C002170.e.5892"},"getText",[]]}
RESULT: {"script":"<script> [6424 bytes]","args":[{"element-6066-11e4-a52e-4f735466cecf":"f.4C3BA0BF09B228EDDC79F91E8A810388.d.A2FBE4280261A0AEA0FE43137C002170.e.5892"},"getText",[]]}
]]></system-out>
    </testcase>
    <testcase classname="chrome.135_0_7049_42.windows.E2E_-_Logistical_and_commercial_statuses" name="Should add materialID to the contract" time="45.322">
      <system-out><![CDATA[
COMMAND: POST /session/97f842ea50bbcd53f5e58b39b44e661d/element - {"using":"xpath","value":"//button[@data-kt=\"contractDetailEditBtnButton\"]"}
RESULT: {"using":"xpath","value":"//button[@data-kt=\"contractDetailEditBtnButton\"]"}
COMMAND: POST /session/97f842ea50bbcd53f5e58b39b44e661d/element/f.4C3BA0BF09B228EDDC79F91E8A810388.d.A2FBE4280261A0AEA0FE43137C002170.e.5893/click - {}
RESULT: {}
COMMAND: GET /session/97f842ea50bbcd53f5e58b39b44e661d/screenshot - {}
RESULT: {}
COMMAND: POST /session/97f842ea50bbcd53f5e58b39b44e661d/element - {"using":"xpath","value":"(//span[contains(text(), \"Additional Addresses\")])[2]"}
RESULT: {"using":"xpath","value":"(//span[contains(text(), \"Additional Addresses\")])[2]"}
COMMAND: POST /session/97f842ea50bbcd53f5e58b39b44e661d/element/f.4C3BA0BF09B228EDDC79F91E8A810388.d.A2FBE4280261A0AEA0FE43137C002170.e.5950/click - {}
RESULT: {}
COMMAND: GET /session/97f842ea50bbcd53f5e58b39b44e661d/screenshot - {}
RESULT: {}
COMMAND: POST /session/97f842ea50bbcd53f5e58b39b44e661d/element - {"using":"xpath","value":"//button[@data-kt=\"btnAddTableRowOverflowToolbarButton\"]"}
RESULT: {"using":"xpath","value":"//button[@data-kt=\"btnAddTableRowOverflowToolbarButton\"]"}
COMMAND: POST /session/97f842ea50bbcd53f5e58b39b44e661d/element/f.4C3BA0BF09B228EDDC79F91E8A810388.d.A2FBE4280261A0AEA0FE43137C002170.e.5954/click - {}
RESULT: {}
COMMAND: GET /session/97f842ea50bbcd53f5e58b39b44e661d/screenshot - {}
RESULT: {}
COMMAND: POST /session/97f842ea50bbcd53f5e58b39b44e661d/element - {"using":"xpath","value":"//div[(text() = 'Standard Entry' or . = 'Standard Entry')]"}
RESULT: {"using":"xpath","value":"//div[(text() = 'Standard Entry' or . = 'Standard Entry')]"}
COMMAND: POST /session/97f842ea50bbcd53f5e58b39b44e661d/element/f.4C3BA0BF09B228EDDC79F91E8A810388.d.A2FBE4280261A0AEA0FE43137C002170.e.5956/click - {}
RESULT: {}
COMMAND: POST /session/97f842ea50bbcd53f5e58b39b44e661d/element - {"using":"xpath","value":"//td[6]/div/div/input[1]"}
COMMAND: GET /session/97f842ea50bbcd53f5e58b39b44e661d/screenshot - {}
RESULT: {"using":"xpath","value":"//td[6]/div/div/input[1]"}
COMMAND: POST /session/97f842ea50bbcd53f5e58b39b44e661d/element/f.4C3BA0BF09B228EDDC79F91E8A810388.d.A2FBE4280261A0AEA0FE43137C002170.e.5958/click - {}
RESULT: {}
RESULT: {}
COMMAND: POST /session/97f842ea50bbcd53f5e58b39b44e661d/actions - {"actions":[{"id":"action13","type":"key","parameters":{},"actions":[{"type":"keyDown","value":""},{"type":"pause","duration":10},{"type":"keyUp","value":""}]}]}
COMMAND: GET /session/97f842ea50bbcd53f5e58b39b44e661d/screenshot - {}
RESULT: {"actions":[{"id":"action13","type":"key","parameters":{},"actions":[{"type":"keyDown","value":""},{"type":"pause","duration":10},{"type":"keyUp","value":""}]}]}
COMMAND: POST /session/97f842ea50bbcd53f5e58b39b44e661d/element - {"using":"xpath","value":"//td[6]/div/div/input[1]"}
COMMAND: GET /session/97f842ea50bbcd53f5e58b39b44e661d/screenshot - {}
RESULT: {}
RESULT: {}
RESULT: {"using":"xpath","value":"//td[6]/div/div/input[1]"}
COMMAND: POST /session/97f842ea50bbcd53f5e58b39b44e661d/element/f.4C3BA0BF09B228EDDC79F91E8A810388.d.A2FBE4280261A0AEA0FE43137C002170.e.5958/clear - {}
RESULT: {}
COMMAND: POST /session/97f842ea50bbcd53f5e58b39b44e661d/element/f.4C3BA0BF09B228EDDC79F91E8A810388.d.A2FBE4280261A0AEA0FE43137C002170.e.5958/value - {"text":"Material"}
COMMAND: GET /session/97f842ea50bbcd53f5e58b39b44e661d/screenshot - {}
RESULT: {"text":"Material"}
COMMAND: GET /session/97f842ea50bbcd53f5e58b39b44e661d/screenshot - {}
RESULT: {}
RESULT: {}
COMMAND: POST /session/97f842ea50bbcd53f5e58b39b44e661d/actions - {"actions":[{"id":"action14","type":"key","parameters":{},"actions":[{"type":"keyDown","value":""},{"type":"pause","duration":10},{"type":"keyUp","value":""}]}]}
RESULT: {"actions":[{"id":"action14","type":"key","parameters":{},"actions":[{"type":"keyDown","value":""},{"type":"pause","duration":10},{"type":"keyUp","value":""}]}]}
COMMAND: GET /session/97f842ea50bbcd53f5e58b39b44e661d/screenshot - {}
COMMAND: POST /session/97f842ea50bbcd53f5e58b39b44e661d/actions - {"actions":[{"id":"action15","type":"key","parameters":{},"actions":[{"type":"keyDown","value":""},{"type":"pause","duration":10},{"type":"keyUp","value":""}]}]}
RESULT: {}
RESULT: {"actions":[{"id":"action15","type":"key","parameters":{},"actions":[{"type":"keyDown","value":""},{"type":"pause","duration":10},{"type":"keyUp","value":""}]}]}
COMMAND: POST /session/97f842ea50bbcd53f5e58b39b44e661d/element - {"using":"xpath","value":"//td[7]/div/div/input"}
COMMAND: GET /session/97f842ea50bbcd53f5e58b39b44e661d/screenshot - {}
RESULT: {"using":"xpath","value":"//td[7]/div/div/input"}
COMMAND: POST /session/97f842ea50bbcd53f5e58b39b44e661d/element/f.4C3BA0BF09B228EDDC79F91E8A810388.d.A2FBE4280261A0AEA0FE43137C002170.e.5971/clear - {}
RESULT: {}
RESULT: {}
COMMAND: POST /session/97f842ea50bbcd53f5e58b39b44e661d/element/f.4C3BA0BF09B228EDDC79F91E8A810388.d.A2FBE4280261A0AEA0FE43137C002170.e.5971/value - {"text":"WebdriverRUR2Cy3ku4"}
COMMAND: GET /session/97f842ea50bbcd53f5e58b39b44e661d/screenshot - {}
RESULT: {"text":"WebdriverRUR2Cy3ku4"}
COMMAND: GET /session/97f842ea50bbcd53f5e58b39b44e661d/screenshot - {}
RESULT: {}
RESULT: {}
COMMAND: POST /session/97f842ea50bbcd53f5e58b39b44e661d/actions - {"actions":[{"id":"action16","type":"key","parameters":{},"actions":[{"type":"keyDown","value":""},{"type":"pause","duration":10},{"type":"keyUp","value":""}]}]}
RESULT: {"actions":[{"id":"action16","type":"key","parameters":{},"actions":[{"type":"keyDown","value":""},{"type":"pause","duration":10},{"type":"keyUp","value":""}]}]}
COMMAND: GET /session/97f842ea50bbcd53f5e58b39b44e661d/screenshot - {}
RESULT: {}
COMMAND: POST /session/97f842ea50bbcd53f5e58b39b44e661d/actions - {"actions":[{"id":"action17","type":"key","parameters":{},"actions":[{"type":"keyDown","value":""},{"type":"pause","duration":10},{"type":"keyUp","value":""}]}]}
RESULT: {"actions":[{"id":"action17","type":"key","parameters":{},"actions":[{"type":"keyDown","value":""},{"type":"pause","duration":10},{"type":"keyUp","value":""}]}]}
COMMAND: GET /session/97f842ea50bbcd53f5e58b39b44e661d/screenshot - {}
RESULT: {}
COMMAND: POST /session/97f842ea50bbcd53f5e58b39b44e661d/element - {"using":"xpath","value":"(//button[@data-kt=\"saveButton\"])[2]"}
RESULT: {"using":"xpath","value":"(//button[@data-kt=\"saveButton\"])[2]"}
COMMAND: POST /session/97f842ea50bbcd53f5e58b39b44e661d/element/f.4C3BA0BF09B228EDDC79F91E8A810388.d.A2FBE4280261A0AEA0FE43137C002170.e.5994/click - {}
RESULT: {}
COMMAND: GET /session/97f842ea50bbcd53f5e58b39b44e661d/screenshot - {}
RESULT: {}
]]></system-out>
    </testcase>
    <testcase classname="chrome.135_0_7049_42.windows.E2E_-_Logistical_and_commercial_statuses" name="It should follow the handover steps to the status fully provided" time="317.197">
      <system-out><![CDATA[
COMMAND: POST /session/97f842ea50bbcd53f5e58b39b44e661d/execute/async - {"script":"<script> [1562 bytes]","args":[{"selector":{"id":"contractDetailProvideButton","viewName":"etm.portal.ui.managecontracts.view.Detail","interaction":{"idSuffix":"BDI-content"}},"wdio_ui5_key":"contractDetailProvideButtonetmportal.ui.managecontracts.view.Detail"}]}
RESULT: {"script":"<script> [1562 bytes]","args":[{"selector":{"id":"contractDetailProvideButton","viewName":"etm.portal.ui.managecontracts.view.Detail","interaction":{"idSuffix":"BDI-content"}},"wdio_ui5_key":"contractDetailProvideButtonetmportal.ui.managecontracts.view.Detail"}]}
RESULT: undefined
COMMAND: POST /session/97f842ea50bbcd53f5e58b39b44e661d/element - {"using":"xpath","value":"//*[@id=\"__xmlview61--contractDetailProvideButton\"]"}
RESULT: {"using":"xpath","value":"//*[@id=\"__xmlview61--contractDetailProvideButton\"]"}
COMMAND: POST /session/97f842ea50bbcd53f5e58b39b44e661d/element/f.4C3BA0BF09B228EDDC79F91E8A810388.d.A2FBE4280261A0AEA0FE43137C002170.e.5998/click - {}
RESULT: {}
COMMAND: GET /session/97f842ea50bbcd53f5e58b39b44e661d/screenshot - {}
RESULT: {}
COMMAND: POST /session/97f842ea50bbcd53f5e58b39b44e661d/execute/async - {"script":"<script> [1562 bytes]","args":[{"selector":{"id":"application-managehandovers-display-component---AddNewHO--oneStep","interaction":{"idSuffix":"CbBg"}},"wdio_ui5_key":"applicationmanagehandovers-display-component---AddNewHO--oneStep"}]}
RESULT: {"script":"<script> [1562 bytes]","args":[{"selector":{"id":"application-managehandovers-display-component---AddNewHO--oneStep","interaction":{"idSuffix":"CbBg"}},"wdio_ui5_key":"applicationmanagehandovers-display-component---AddNewHO--oneStep"}]}
RESULT: undefined
COMMAND: POST /session/97f842ea50bbcd53f5e58b39b44e661d/element - {"using":"xpath","value":"//*[@id=\"application-managehandovers-display-component---AddNewHO--oneStep\"]"}
RESULT: {"using":"xpath","value":"//*[@id=\"application-managehandovers-display-component---AddNewHO--oneStep\"]"}
COMMAND: POST /session/97f842ea50bbcd53f5e58b39b44e661d/element/f.4C3BA0BF09B228EDDC79F91E8A810388.d.A2FBE4280261A0AEA0FE43137C002170.e.6164/click - {}
RESULT: {}
RESULT: undefined
COMMAND: POST /session/97f842ea50bbcd53f5e58b39b44e661d/execute/async - {"script":"<script> [776 bytes]","args":[{"enterText":"04/16/25","selector":{"id":"application-managehandovers-display-component---AddNewHO--dueDate","interaction":{"idSuffix":"inner"}},"clearTextFirst":true,"interactionType":"ENTER_TEXT"}]}
COMMAND: GET /session/97f842ea50bbcd53f5e58b39b44e661d/screenshot - {}
RESULT: {"script":"<script> [776 bytes]","args":[{"enterText":"04/16/25","selector":{"id":"application-managehandovers-display-component---AddNewHO--dueDate","interaction":{"idSuffix":"inner"}},"clearTextFirst":true,"interactionType":"ENTER_TEXT"}]}
RESULT: undefined
COMMAND: POST /session/97f842ea50bbcd53f5e58b39b44e661d/element - {"using":"xpath","value":"//*[@id=\"application-managehandovers-display-component---AddNewHO--ObjectPageLayout-anchBar-application-managehandovers-display-component---AddNewHO--section4-anchor\"]"}
RESULT: {}
RESULT: {"using":"xpath","value":"//*[@id=\"application-managehandovers-display-component---AddNewHO--ObjectPageLayout-anchBar-application-managehandovers-display-component---AddNewHO--section4-anchor\"]"}
COMMAND: POST /session/97f842ea50bbcd53f5e58b39b44e661d/element/f.4C3BA0BF09B228EDDC79F91E8A810388.d.A2FBE4280261A0AEA0FE43137C002170.e.6167/click - {}
RESULT: {}
COMMAND: POST /session/97f842ea50bbcd53f5e58b39b44e661d/execute/async - {"script":"<script> [1562 bytes]","args":[{"selector":{"controlType":"sap.ui.core.Icon","viewName":"etm.portal.ui.managehandovers.view.AddNewHO","viewId":"application-managehandovers-display-component---AddNewHO","properties":{"src":{"regex":{"source":"add"}}}},"wdio_ui5_key":"etmportal.ui.managehandovers.view.AddNewHOsap.ui.core.Icon{\"src\":{\"regex\":{\"source\":\"add\"}}}"}]}
COMMAND: GET /session/97f842ea50bbcd53f5e58b39b44e661d/screenshot - {}
RESULT: {"script":"<script> [1562 bytes]","args":[{"selector":{"controlType":"sap.ui.core.Icon","viewName":"etm.portal.ui.managehandovers.view.AddNewHO","viewId":"application-managehandovers-display-component---AddNewHO","properties":{"src":{"regex":{"source":"add"}}}},"wdio_ui5_key":"etmportal.ui.managehandovers.view.AddNewHOsap.ui.core.Icon{\"src\":{\"regex\":{\"source\":\"add\"}}}"}]}
RESULT: undefined
COMMAND: POST /session/97f842ea50bbcd53f5e58b39b44e661d/element - {"using":"xpath","value":"//*[@id=\"__button172-img\"]"}
RESULT: {}
RESULT: {"using":"xpath","value":"//*[@id=\"__button172-img\"]"}
COMMAND: POST /session/97f842ea50bbcd53f5e58b39b44e661d/element/f.4C3BA0BF09B228EDDC79F91E8A810388.d.A2FBE4280261A0AEA0FE43137C002170.e.6172/click - {}
RESULT: {}
COMMAND: GET /session/97f842ea50bbcd53f5e58b39b44e661d/screenshot - {}
RESULT: {}
RESULT: undefined
COMMAND: POST /session/97f842ea50bbcd53f5e58b39b44e661d/element - {"using":"xpath","value":"//*[@id=\"application-managehandovers-display-component---AddNewHO--popup-sa\"]"}
RESULT: {"using":"xpath","value":"//*[@id=\"application-managehandovers-display-component---AddNewHO--popup-sa\"]"}
COMMAND: POST /session/97f842ea50bbcd53f5e58b39b44e661d/element/f.4C3BA0BF09B228EDDC79F91E8A810388.d.A2FBE4280261A0AEA0FE43137C002170.e.6183/click - {}
RESULT: {}
COMMAND: POST /session/97f842ea50bbcd53f5e58b39b44e661d/execute/async - {"script":"<script> [1562 bytes]","args":[{"selector":{"controlType":"sap.m.Button","viewName":"etm.portal.ui.managehandovers.view.AddNewHO","viewId":"application-managehandovers-display-component---AddNewHO","i18NText":{"propertyName":"text","key":"select"},"searchOpenDialogs":true,"interaction":{"idSuffix":"inner"}},"wdio_ui5_key":"etmportal.ui.managehandovers.view.AddNewHOsap.m.Button{\"propertyName\":\"text\",\"key\":\"select\"}"}]}
COMMAND: GET /session/97f842ea50bbcd53f5e58b39b44e661d/screenshot - {}
RESULT: {"script":"<script> [1562 bytes]","args":[{"selector":{"controlType":"sap.m.Button","viewName":"etm.portal.ui.managehandovers.view.AddNewHO","viewId":"application-managehandovers-display-component---AddNewHO","i18NText":{"propertyName":"text","key":"select"},"searchOpenDialogs":true,"interaction":{"idSuffix":"inner"}},"wdio_ui5_key":"etmportal.ui.managehandovers.view.AddNewHOsap.m.Button{\"propertyName\":\"text\",\"key\":\"select\"}"}]}
RESULT: undefined
COMMAND: POST /session/97f842ea50bbcd53f5e58b39b44e661d/element - {"using":"xpath","value":"//*[@id=\"__button176\"]"}
RESULT: {}
RESULT: {"using":"xpath","value":"//*[@id=\"__button176\"]"}
COMMAND: POST /session/97f842ea50bbcd53f5e58b39b44e661d/element/f.4C3BA0BF09B228EDDC79F91E8A810388.d.A2FBE4280261A0AEA0FE43137C002170.e.6186/click - {}
RESULT: {}
COMMAND: POST /session/97f842ea50bbcd53f5e58b39b44e661d/execute/async - {"script":"<script> [1562 bytes]","args":[{"selector":{"id":"application-managehandovers-display-component---AddNewHO--confirmCreationButton","interaction":{"idSuffix":"BDI-content"}},"wdio_ui5_key":"applicationmanagehandovers-display-component---AddNewHO--confirmCreationButton"}]}
COMMAND: GET /session/97f842ea50bbcd53f5e58b39b44e661d/screenshot - {}
RESULT: {"script":"<script> [1562 bytes]","args":[{"selector":{"id":"application-managehandovers-display-component---AddNewHO--confirmCreationButton","interaction":{"idSuffix":"BDI-content"}},"wdio_ui5_key":"applicationmanagehandovers-display-component---AddNewHO--confirmCreationButton"}]}
RESULT: undefined
COMMAND: POST /session/97f842ea50bbcd53f5e58b39b44e661d/element - {"using":"xpath","value":"//*[@id=\"application-managehandovers-display-component---AddNewHO--confirmCreationButton\"]"}
RESULT: {}
RESULT: {"using":"xpath","value":"//*[@id=\"application-managehandovers-display-component---AddNewHO--confirmCreationButton\"]"}
COMMAND: POST /session/97f842ea50bbcd53f5e58b39b44e661d/element/f.4C3BA0BF09B228EDDC79F91E8A810388.d.A2FBE4280261A0AEA0FE43137C002170.e.6129/click - {}
RESULT: {}
COMMAND: GET /session/97f842ea50bbcd53f5e58b39b44e661d/screenshot - {}
RESULT: {}
COMMAND: POST /session/97f842ea50bbcd53f5e58b39b44e661d/element - {"using":"xpath","value":"//a[contains(@data-kt ,\"GeneralSectionReceiveContracttLink\")]"}
RESULT: {"using":"xpath","value":"//a[contains(@data-kt ,\"GeneralSectionReceiveContracttLink\")]"}
COMMAND: POST /session/97f842ea50bbcd53f5e58b39b44e661d/element/f.4C3BA0BF09B228EDDC79F91E8A810388.d.A2FBE4280261A0AEA0FE43137C002170.e.6237/click - {}
RESULT: {}
COMMAND: GET /session/97f842ea50bbcd53f5e58b39b44e661d/screenshot - {}
RESULT: {}
COMMAND: POST /session/97f842ea50bbcd53f5e58b39b44e661d/element - {"using":"xpath","value":"//a[contains(@data-kt ,\"ContextMenuId2Link\")]"}
RESULT: {"using":"xpath","value":"//a[contains(@data-kt ,\"ContextMenuId2Link\")]"}
COMMAND: POST /session/97f842ea50bbcd53f5e58b39b44e661d/element/f.4C3BA0BF09B228EDDC79F91E8A810388.d.A2FBE4280261A0AEA0FE43137C002170.e.6242/click - {}
RESULT: undefined
RESULT: undefined
RESULT: {}
COMMAND: GET /session/97f842ea50bbcd53f5e58b39b44e661d/screenshot - {}
RESULT: {}
COMMAND: POST /session/97f842ea50bbcd53f5e58b39b44e661d/execute/async - {"script":"<script> [1562 bytes]","args":[{"selector":{"controlType":"sap.m.ObjectStatus","viewName":"etm.portal.ui.managecontracts.view.Detail","bindingPath":{"propertyPath":"LINK_TO_LOGISTICAL_STATUS/DESCRIPTION","modelName":"catalogModel"}},"wdio_ui5_key":"etmportal.ui.managecontracts.view.Detailsap.m.ObjectStatus{\"propertyPath\":\"LINK_TO_LOGISTICAL_STATUS/DESCRIPTION\",\"modelName\":\"catalogModel\"}"}]}
RESULT: {"script":"<script> [1562 bytes]","args":[{"selector":{"controlType":"sap.m.ObjectStatus","viewName":"etm.portal.ui.managecontracts.view.Detail","bindingPath":{"propertyPath":"LINK_TO_LOGISTICAL_STATUS/DESCRIPTION","modelName":"catalogModel"}},"wdio_ui5_key":"etmportal.ui.managecontracts.view.Detailsap.m.ObjectStatus{\"propertyPath\":\"LINK_TO_LOGISTICAL_STATUS/DESCRIPTION\",\"modelName\":\"catalogModel\"}"}]}
RESULT: undefined
COMMAND: POST /session/97f842ea50bbcd53f5e58b39b44e661d/execute/async - {"script":"<script> [6424 bytes]","args":[{"element-6066-11e4-a52e-4f735466cecf":"f.4C3BA0BF09B228EDDC79F91E8A810388.d.A2FBE4280261A0AEA0FE43137C002170.e.6379"},"getText",[]]}
RESULT: {"script":"<script> [6424 bytes]","args":[{"element-6066-11e4-a52e-4f735466cecf":"f.4C3BA0BF09B228EDDC79F91E8A810388.d.A2FBE4280261A0AEA0FE43137C002170.e.6379"},"getText",[]]}
COMMAND: POST /session/97f842ea50bbcd53f5e58b39b44e661d/execute/async - {"script":"<script> [1562 bytes]","args":[{"selector":{"controlType":"sap.m.ObjectStatus","viewName":"etm.portal.ui.managecontracts.view.Detail","bindingPath":{"propertyPath":"LINK_TO_COMMERCIAL_STATUS/DESCRIPTION","modelName":"catalogModel"}},"wdio_ui5_key":"etmportal.ui.managecontracts.view.Detailsap.m.ObjectStatus{\"propertyPath\":\"LINK_TO_COMMERCIAL_STATUS/DESCRIPTION\",\"modelName\":\"catalogModel\"}"}]}
RESULT: {"script":"<script> [1562 bytes]","args":[{"selector":{"controlType":"sap.m.ObjectStatus","viewName":"etm.portal.ui.managecontracts.view.Detail","bindingPath":{"propertyPath":"LINK_TO_COMMERCIAL_STATUS/DESCRIPTION","modelName":"catalogModel"}},"wdio_ui5_key":"etmportal.ui.managecontracts.view.Detailsap.m.ObjectStatus{\"propertyPath\":\"LINK_TO_COMMERCIAL_STATUS/DESCRIPTION\",\"modelName\":\"catalogModel\"}"}]}
RESULT: undefined
COMMAND: POST /session/97f842ea50bbcd53f5e58b39b44e661d/execute/async - {"script":"<script> [6424 bytes]","args":[{"element-6066-11e4-a52e-4f735466cecf":"f.4C3BA0BF09B228EDDC79F91E8A810388.d.A2FBE4280261A0AEA0FE43137C002170.e.6380"},"getText",[]]}
RESULT: {"script":"<script> [6424 bytes]","args":[{"element-6066-11e4-a52e-4f735466cecf":"f.4C3BA0BF09B228EDDC79F91E8A810388.d.A2FBE4280261A0AEA0FE43137C002170.e.6380"},"getText",[]]}
COMMAND: POST /session/97f842ea50bbcd53f5e58b39b44e661d/execute/async - {"script":"<script> [1562 bytes]","args":[{"selector":{"id":"backBtn"},"wdio_ui5_key":"backBtn"}]}
RESULT: {"script":"<script> [1562 bytes]","args":[{"selector":{"id":"backBtn"},"wdio_ui5_key":"backBtn"}]}
RESULT: undefined
COMMAND: POST /session/97f842ea50bbcd53f5e58b39b44e661d/element - {"using":"xpath","value":"//*[@id=\"backBtn\"]"}
RESULT: {"using":"xpath","value":"//*[@id=\"backBtn\"]"}
COMMAND: POST /session/97f842ea50bbcd53f5e58b39b44e661d/element/f.4C3BA0BF09B228EDDC79F91E8A810388.d.A2FBE4280261A0AEA0FE43137C002170.e.6381/click - {}
RESULT: {}
COMMAND: GET /session/97f842ea50bbcd53f5e58b39b44e661d/screenshot - {}
RESULT: {}
COMMAND: POST /session/97f842ea50bbcd53f5e58b39b44e661d/execute/async - {"script":"<script> [1562 bytes]","args":[{"selector":{"controlType":"sap.m.Text","viewName":"etm.portal.ui.managehandovers.view.DetailExecuteHO","bindingPath":{"propertyPath":"NO","modelName":"catalogModel"}},"wdio_ui5_key":"etmportal.ui.managehandovers.view.DetailExecuteHOsap.m.Text{\"propertyPath\":\"NO\",\"modelName\":\"catalogModel\"}"}]}
RESULT: {"script":"<script> [1562 bytes]","args":[{"selector":{"controlType":"sap.m.Text","viewName":"etm.portal.ui.managehandovers.view.DetailExecuteHO","bindingPath":{"propertyPath":"NO","modelName":"catalogModel"}},"wdio_ui5_key":"etmportal.ui.managehandovers.view.DetailExecuteHOsap.m.Text{\"propertyPath\":\"NO\",\"modelName\":\"catalogModel\"}"}]}
RESULT: undefined
COMMAND: POST /session/97f842ea50bbcd53f5e58b39b44e661d/execute/async - {"script":"<script> [6424 bytes]","args":[{"element-6066-11e4-a52e-4f735466cecf":"f.4C3BA0BF09B228EDDC79F91E8A810388.d.A2FBE4280261A0AEA0FE43137C002170.e.6543"},"getText",[]]}
RESULT: {"script":"<script> [6424 bytes]","args":[{"element-6066-11e4-a52e-4f735466cecf":"f.4C3BA0BF09B228EDDC79F91E8A810388.d.A2FBE4280261A0AEA0FE43137C002170.e.6543"},"getText",[]]}
COMMAND: POST /session/97f842ea50bbcd53f5e58b39b44e661d/execute/async - {"script":"<script> [1562 bytes]","args":[{"selector":{"controlType":"sap.m.Button","viewName":"etm.portal.ui.managehandovers.view.DetailExecuteHO","i18NText":{"propertyName":"text","key":"confirmAll"},"interaction":{"idSuffix":"inner"}},"wdio_ui5_key":"etmportal.ui.managehandovers.view.DetailExecuteHOsap.m.Button{\"propertyName\":\"text\",\"key\":\"confirmAll\"}"}]}
RESULT: {"script":"<script> [1562 bytes]","args":[{"selector":{"controlType":"sap.m.Button","viewName":"etm.portal.ui.managehandovers.view.DetailExecuteHO","i18NText":{"propertyName":"text","key":"confirmAll"},"interaction":{"idSuffix":"inner"}},"wdio_ui5_key":"etmportal.ui.managehandovers.view.DetailExecuteHOsap.m.Button{\"propertyName\":\"text\",\"key\":\"confirmAll\"}"}]}
RESULT: undefined
COMMAND: POST /session/97f842ea50bbcd53f5e58b39b44e661d/element - {"using":"xpath","value":"//*[@id=\"__button259\"]"}
RESULT: {"using":"xpath","value":"//*[@id=\"__button259\"]"}
COMMAND: POST /session/97f842ea50bbcd53f5e58b39b44e661d/element/f.4C3BA0BF09B228EDDC79F91E8A810388.d.A2FBE4280261A0AEA0FE43137C002170.e.6545/click - {}
RESULT: {}
COMMAND: GET /session/97f842ea50bbcd53f5e58b39b44e661d/screenshot - {}
RESULT: {}
COMMAND: POST /session/97f842ea50bbcd53f5e58b39b44e661d/execute/async - {"script":"<script> [1562 bytes]","args":[{"selector":{"controlType":"sap.m.Button","properties":{"text":"OK"},"searchOpenDialogs":true,"interaction":{"idSuffix":"content"}},"wdio_ui5_key":"sapm.Button{\"text\":\"OK\"}"}]}
RESULT: {"script":"<script> [1562 bytes]","args":[{"selector":{"controlType":"sap.m.Button","properties":{"text":"OK"},"searchOpenDialogs":true,"interaction":{"idSuffix":"content"}},"wdio_ui5_key":"sapm.Button{\"text\":\"OK\"}"}]}
RESULT: undefined
COMMAND: POST /session/97f842ea50bbcd53f5e58b39b44e661d/element - {"using":"xpath","value":"//*[@id=\"__mbox-btn-2\"]"}
RESULT: {"using":"xpath","value":"//*[@id=\"__mbox-btn-2\"]"}
COMMAND: POST /session/97f842ea50bbcd53f5e58b39b44e661d/element/f.4C3BA0BF09B228EDDC79F91E8A810388.d.A2FBE4280261A0AEA0FE43137C002170.e.6546/click - {}
RESULT: {}
COMMAND: GET /session/97f842ea50bbcd53f5e58b39b44e661d/screenshot - {}
RESULT: {}
COMMAND: POST /session/97f842ea50bbcd53f5e58b39b44e661d/element - {"using":"xpath","value":"//button[contains(@data-kt ,\"execHoPickFooterButton\")]"}
RESULT: {"using":"xpath","value":"//button[contains(@data-kt ,\"execHoPickFooterButton\")]"}
COMMAND: POST /session/97f842ea50bbcd53f5e58b39b44e661d/element/f.4C3BA0BF09B228EDDC79F91E8A810388.d.A2FBE4280261A0AEA0FE43137C002170.e.6549/click - {}
RESULT: {}
COMMAND: GET /session/97f842ea50bbcd53f5e58b39b44e661d/screenshot - {}
RESULT: {}
COMMAND: POST /session/97f842ea50bbcd53f5e58b39b44e661d/refresh - {}
RESULT: {}
COMMAND: GET /session/97f842ea50bbcd53f5e58b39b44e661d/screenshot - {}
RESULT: {}
COMMAND: POST /session/97f842ea50bbcd53f5e58b39b44e661d/refresh - {}
RESULT: {}
COMMAND: GET /session/97f842ea50bbcd53f5e58b39b44e661d/screenshot - {}
RESULT: {}
COMMAND: POST /session/97f842ea50bbcd53f5e58b39b44e661d/execute/async - {"script":"<script> [189 bytes]","args":[]}
RESULT: {"script":"<script> [189 bytes]","args":[]}
COMMAND: POST /session/97f842ea50bbcd53f5e58b39b44e661d/execute/async - {"script":"<script> [123 bytes]","args":[]}
RESULT: {"script":"<script> [123 bytes]","args":[]}
COMMAND: POST /session/97f842ea50bbcd53f5e58b39b44e661d/timeouts - {"script":"<number>"}
RESULT: {"script":"<number>"}
COMMAND: GET /session/97f842ea50bbcd53f5e58b39b44e661d/timeouts - {}
RESULT: {}
RESULT: undefined
COMMAND: POST /session/97f842ea50bbcd53f5e58b39b44e661d/execute/async - {"script":"<script> [2676 bytes]","args":[]}
RESULT: {"script":"<script> [2676 bytes]","args":[]}
COMMAND: POST /session/97f842ea50bbcd53f5e58b39b44e661d/execute/async - {"script":"<script> [2342 bytes]","args":[{"protocol":"http","hostname":"0.0.0.0","path":"/","capabilities":{"browserName":"chrome","goog:chromeOptions":{"binary":"C:\\Program Files\\Google\\Chrome\\Application\\chrome.exe","args":["--start-maximized"]}},"logLevel":"warn","connectionRetryTimeout":120000,"connectionRetryCount":3,"logLevels":{},"enableDirectConnect":true,"strictSSL":true,"_":"65 more keys: [\"cacheDir\",\"port\",\"requestedCapabilities\",\"automationProtocol\",\"baseUrl\",\"waitforInterval\",\"waitforTimeout\",\"onReload\",\"beforeCommand\",\"afterCommand\",\"rootDir\",\"specs\",\"suites\",\"exclude\",\"groupLogsByTestSpec\",\"excludeDriverLogs\",\"bail\",\"framework\",\"reporters\",\"services\",\"maxInstances\",\"maxInstancesPerCapability\",\"injectGlobals\",\"filesToWatch\",\"execArgv\",\"runnerEnv\",\"runner\",\"shard\",\"specFileRetries\",\"specFileRetriesDelay\",\"specFileRetriesDeferred\",\"reporterSyncInterval\",\"reporterSyncTimeout\",\"cucumberFeaturesWithLineNumbers\",\"autoCompileOpts\",\"mochaOpts\",\"jasmineOpts\",\"cucumberOpts\",\"onPrepare\",\"onWorkerStart\",\"onWorkerEnd\",\"before\",\"beforeSession\",\"beforeSuite\",\"beforeHook\",\"beforeTest\",\"afterTest\",\"afterHook\",\"afterSuite\",\"afterSession\",\"after\",\"onComplete\",\"beforeAssertion\",\"afterAssertion\",\"beforeFeature\",\"beforeScenario\",\"beforeStep\",\"afterStep\",\"afterScenario\",\"afterFeature\",\"_\",\"suite\",\"$0\",\"ignoredWorkerServices\",\"wdi5\"]"}]}
RESULT: {"script":"<script> [2342 bytes]","args":[{"protocol":"http","hostname":"0.0.0.0","path":"/","capabilities":{"browserName":"chrome","goog:chromeOptions":{"binary":"C:\\Program Files\\Google\\Chrome\\Application\\chrome.exe","args":["--start-maximized"]}},"logLevel":"warn","connectionRetryTimeout":120000,"connectionRetryCount":3,"logLevels":{},"enableDirectConnect":true,"strictSSL":true,"_":"65 more keys: [\"cacheDir\",\"port\",\"requestedCapabilities\",\"automationProtocol\",\"baseUrl\",\"waitforInterval\",\"waitforTimeout\",\"onReload\",\"beforeCommand\",\"afterCommand\",\"rootDir\",\"specs\",\"suites\",\"exclude\",\"groupLogsByTestSpec\",\"excludeDriverLogs\",\"bail\",\"framework\",\"reporters\",\"services\",\"maxInstances\",\"maxInstancesPerCapability\",\"injectGlobals\",\"filesToWatch\",\"execArgv\",\"runnerEnv\",\"runner\",\"shard\",\"specFileRetries\",\"specFileRetriesDelay\",\"specFileRetriesDeferred\",\"reporterSyncInterval\",\"reporterSyncTimeout\",\"cucumberFeaturesWithLineNumbers\",\"autoCompileOpts\",\"mochaOpts\",\"jasmineOpts\",\"cucumberOpts\",\"onPrepare\",\"onWorkerStart\",\"onWorkerEnd\",\"before\",\"beforeSession\",\"beforeSuite\",\"beforeHook\",\"beforeTest\",\"afterTest\",\"afterHook\",\"afterSuite\",\"afterSession\",\"after\",\"onComplete\",\"beforeAssertion\",\"afterAssertion\",\"beforeFeature\",\"beforeScenario\",\"beforeStep\",\"afterStep\",\"afterScenario\",\"afterFeature\",\"_\",\"suite\",\"$0\",\"ignoredWorkerServices\",\"wdi5\"]"}]}
COMMAND: POST /session/97f842ea50bbcd53f5e58b39b44e661d/execute/async - {"script":"<script> [21126 bytes]","args":[35000]}
RESULT: {"script":"<script> [21126 bytes]","args":[35000]}
COMMAND: POST /session/97f842ea50bbcd53f5e58b39b44e661d/execute/async - {"script":"<script> [1562 bytes]","args":[{"selector":{"controlType":"sap.m.SearchField","viewName":"etm.portal.ui.managehandovers.view.MasterHO","bindingPath":{"path":"","propertyPath":"/_BASIC_SEARCH_FIELD","modelName":"fi1t3rM0d31"},"interaction":{"idSuffix":"I"}},"wdio_ui5_key":"etmportal.ui.managehandovers.view.MasterHOsap.m.SearchField{\"path\":\"\",\"propertyPath\":\"/_BASIC_SEARCH_FIELD\",\"modelName\":\"fi1t3rM0d31\"}"}]}
RESULT: {"script":"<script> [1562 bytes]","args":[{"selector":{"controlType":"sap.m.SearchField","viewName":"etm.portal.ui.managehandovers.view.MasterHO","bindingPath":{"path":"","propertyPath":"/_BASIC_SEARCH_FIELD","modelName":"fi1t3rM0d31"},"interaction":{"idSuffix":"I"}},"wdio_ui5_key":"etmportal.ui.managehandovers.view.MasterHOsap.m.SearchField{\"path\":\"\",\"propertyPath\":\"/_BASIC_SEARCH_FIELD\",\"modelName\":\"fi1t3rM0d31\"}"}]}
RESULT: undefined
COMMAND: POST /session/97f842ea50bbcd53f5e58b39b44e661d/execute/async - {"script":"<script> [776 bytes]","args":[{"enterText":"30627","selector":{"controlType":"sap.m.SearchField","viewName":"etm.portal.ui.managehandovers.view.MasterHO","bindingPath":{"path":"","propertyPath":"/_BASIC_SEARCH_FIELD","modelName":"fi1t3rM0d31"},"interaction":{"idSuffix":"I"}},"clearTextFirst":true,"interactionType":"ENTER_TEXT"}]}
RESULT: {"script":"<script> [776 bytes]","args":[{"enterText":"30627","selector":{"controlType":"sap.m.SearchField","viewName":"etm.portal.ui.managehandovers.view.MasterHO","bindingPath":{"path":"","propertyPath":"/_BASIC_SEARCH_FIELD","modelName":"fi1t3rM0d31"},"interaction":{"idSuffix":"I"}},"clearTextFirst":true,"interactionType":"ENTER_TEXT"}]}
COMMAND: POST /session/97f842ea50bbcd53f5e58b39b44e661d/actions - {"actions":[{"id":"action18","type":"key","parameters":{},"actions":[{"type":"keyDown","value":""},{"type":"pause","duration":10},{"type":"keyUp","value":""}]}]}
RESULT: {"actions":[{"id":"action18","type":"key","parameters":{},"actions":[{"type":"keyDown","value":""},{"type":"pause","duration":10},{"type":"keyUp","value":""}]}]}
COMMAND: GET /session/97f842ea50bbcd53f5e58b39b44e661d/screenshot - {}
RESULT: {}
COMMAND: POST /session/97f842ea50bbcd53f5e58b39b44e661d/execute/async - {"script":"<script> [1562 bytes]","args":[{"selector":{"controlType":"sap.m.Title","viewName":"etm.portal.ui.managehandovers.view.MasterHO","properties":{"text":"Records (1)"}},"wdio_ui5_key":"etmportal.ui.managehandovers.view.MasterHOsap.m.Title{\"text\":\"Records (1)\"}"}]}
RESULT: {"script":"<script> [1562 bytes]","args":[{"selector":{"controlType":"sap.m.Title","viewName":"etm.portal.ui.managehandovers.view.MasterHO","properties":{"text":"Records (1)"}},"wdio_ui5_key":"etmportal.ui.managehandovers.view.MasterHOsap.m.Title{\"text\":\"Records (1)\"}"}]}
RESULT: undefined
COMMAND: POST /session/97f842ea50bbcd53f5e58b39b44e661d/execute/async - {"script":"<script> [6424 bytes]","args":[{"element-6066-11e4-a52e-4f735466cecf":"f.4C3BA0BF09B228EDDC79F91E8A810388.d.2DBD5C56A9A3CD174A4DECCA010364B7.e.6809"},"getText",[]]}
RESULT: {"script":"<script> [6424 bytes]","args":[{"element-6066-11e4-a52e-4f735466cecf":"f.4C3BA0BF09B228EDDC79F91E8A810388.d.2DBD5C56A9A3CD174A4DECCA010364B7.e.6809"},"getText",[]]}
COMMAND: POST /session/97f842ea50bbcd53f5e58b39b44e661d/execute/async - {"script":"<script> [1562 bytes]","args":[{"selector":{"controlType":"sap.ui.core.Icon","viewName":"etm.portal.ui.managehandovers.view.MasterHO","properties":{"src":{"regex":{"source":"slim\\-arrow\\-right"}}}},"wdio_ui5_key":"etmportal.ui.managehandovers.view.MasterHOsap.ui.core.Icon{\"src\":{\"regex\":{\"source\":\"slim\\\\-arrow\\\\-right\"}}}"}]}
RESULT: {"script":"<script> [1562 bytes]","args":[{"selector":{"controlType":"sap.ui.core.Icon","viewName":"etm.portal.ui.managehandovers.view.MasterHO","properties":{"src":{"regex":{"source":"slim\\-arrow\\-right"}}}},"wdio_ui5_key":"etmportal.ui.managehandovers.view.MasterHOsap.ui.core.Icon{\"src\":{\"regex\":{\"source\":\"slim\\\\-arrow\\\\-right\"}}}"}]}
RESULT: undefined
COMMAND: POST /session/97f842ea50bbcd53f5e58b39b44e661d/element - {"using":"xpath","value":"//*[@id=\"__item30-__clone16-imgNav\"]"}
RESULT: {"using":"xpath","value":"//*[@id=\"__item30-__clone16-imgNav\"]"}
COMMAND: POST /session/97f842ea50bbcd53f5e58b39b44e661d/element/f.4C3BA0BF09B228EDDC79F91E8A810388.d.2DBD5C56A9A3CD174A4DECCA010364B7.e.6808/click - {}
RESULT: {}
COMMAND: GET /session/97f842ea50bbcd53f5e58b39b44e661d/screenshot - {}
RESULT: {}
COMMAND: POST /session/97f842ea50bbcd53f5e58b39b44e661d/element - {"using":"xpath","value":"//a[contains(@data-kt ,\"GeneralSectionReceiveContracttLink\")]"}
RESULT: {"using":"xpath","value":"//a[contains(@data-kt ,\"GeneralSectionReceiveContracttLink\")]"}
COMMAND: POST /session/97f842ea50bbcd53f5e58b39b44e661d/element/f.4C3BA0BF09B228EDDC79F91E8A810388.d.2DBD5C56A9A3CD174A4DECCA010364B7.e.6908/click - {}
RESULT: {}
COMMAND: GET /session/97f842ea50bbcd53f5e58b39b44e661d/screenshot - {}
RESULT: {}
COMMAND: POST /session/97f842ea50bbcd53f5e58b39b44e661d/element - {"using":"xpath","value":"//a[contains(@data-kt ,\"ContextMenuId2Link\")]"}
RESULT: {"using":"xpath","value":"//a[contains(@data-kt ,\"ContextMenuId2Link\")]"}
COMMAND: POST /session/97f842ea50bbcd53f5e58b39b44e661d/element/f.4C3BA0BF09B228EDDC79F91E8A810388.d.2DBD5C56A9A3CD174A4DECCA010364B7.e.6911/click - {}
RESULT: {}
COMMAND: GET /session/97f842ea50bbcd53f5e58b39b44e661d/screenshot - {}
RESULT: {}
RESULT: undefined
COMMAND: POST /session/97f842ea50bbcd53f5e58b39b44e661d/execute/async - {"script":"<script> [1562 bytes]","args":[{"selector":{"controlType":"sap.m.ObjectStatus","viewName":"etm.portal.ui.managecontracts.view.Detail","bindingPath":{"propertyPath":"LINK_TO_LOGISTICAL_STATUS/DESCRIPTION","modelName":"catalogModel"}},"wdio_ui5_key":"etmportal.ui.managecontracts.view.Detailsap.m.ObjectStatus{\"propertyPath\":\"LINK_TO_LOGISTICAL_STATUS/DESCRIPTION\",\"modelName\":\"catalogModel\"}"}]}
RESULT: {"script":"<script> [1562 bytes]","args":[{"selector":{"controlType":"sap.m.ObjectStatus","viewName":"etm.portal.ui.managecontracts.view.Detail","bindingPath":{"propertyPath":"LINK_TO_LOGISTICAL_STATUS/DESCRIPTION","modelName":"catalogModel"}},"wdio_ui5_key":"etmportal.ui.managecontracts.view.Detailsap.m.ObjectStatus{\"propertyPath\":\"LINK_TO_LOGISTICAL_STATUS/DESCRIPTION\",\"modelName\":\"catalogModel\"}"}]}
RESULT: undefined
COMMAND: POST /session/97f842ea50bbcd53f5e58b39b44e661d/execute/async - {"script":"<script> [6424 bytes]","args":[{"element-6066-11e4-a52e-4f735466cecf":"f.4C3BA0BF09B228EDDC79F91E8A810388.d.2DBD5C56A9A3CD174A4DECCA010364B7.e.7136"},"getText",[]]}
RESULT: {"script":"<script> [6424 bytes]","args":[{"element-6066-11e4-a52e-4f735466cecf":"f.4C3BA0BF09B228EDDC79F91E8A810388.d.2DBD5C56A9A3CD174A4DECCA010364B7.e.7136"},"getText",[]]}
COMMAND: POST /session/97f842ea50bbcd53f5e58b39b44e661d/execute/async - {"script":"<script> [1562 bytes]","args":[{"selector":{"controlType":"sap.m.ObjectStatus","viewName":"etm.portal.ui.managecontracts.view.Detail","bindingPath":{"propertyPath":"LINK_TO_COMMERCIAL_STATUS/DESCRIPTION","modelName":"catalogModel"}},"wdio_ui5_key":"etmportal.ui.managecontracts.view.Detailsap.m.ObjectStatus{\"propertyPath\":\"LINK_TO_COMMERCIAL_STATUS/DESCRIPTION\",\"modelName\":\"catalogModel\"}"}]}
RESULT: {"script":"<script> [1562 bytes]","args":[{"selector":{"controlType":"sap.m.ObjectStatus","viewName":"etm.portal.ui.managecontracts.view.Detail","bindingPath":{"propertyPath":"LINK_TO_COMMERCIAL_STATUS/DESCRIPTION","modelName":"catalogModel"}},"wdio_ui5_key":"etmportal.ui.managecontracts.view.Detailsap.m.ObjectStatus{\"propertyPath\":\"LINK_TO_COMMERCIAL_STATUS/DESCRIPTION\",\"modelName\":\"catalogModel\"}"}]}
RESULT: undefined
COMMAND: POST /session/97f842ea50bbcd53f5e58b39b44e661d/execute/async - {"script":"<script> [6424 bytes]","args":[{"element-6066-11e4-a52e-4f735466cecf":"f.4C3BA0BF09B228EDDC79F91E8A810388.d.2DBD5C56A9A3CD174A4DECCA010364B7.e.7137"},"getText",[]]}
RESULT: {"script":"<script> [6424 bytes]","args":[{"element-6066-11e4-a52e-4f735466cecf":"f.4C3BA0BF09B228EDDC79F91E8A810388.d.2DBD5C56A9A3CD174A4DECCA010364B7.e.7137"},"getText",[]]}
COMMAND: POST /session/97f842ea50bbcd53f5e58b39b44e661d/execute/async - {"script":"<script> [1562 bytes]","args":[{"selector":{"id":"backBtn"},"wdio_ui5_key":"backBtn"}]}
RESULT: {"script":"<script> [1562 bytes]","args":[{"selector":{"id":"backBtn"},"wdio_ui5_key":"backBtn"}]}
RESULT: undefined
COMMAND: POST /session/97f842ea50bbcd53f5e58b39b44e661d/element - {"using":"xpath","value":"//*[@id=\"backBtn\"]"}
RESULT: {"using":"xpath","value":"//*[@id=\"backBtn\"]"}
COMMAND: POST /session/97f842ea50bbcd53f5e58b39b44e661d/element/f.4C3BA0BF09B228EDDC79F91E8A810388.d.2DBD5C56A9A3CD174A4DECCA010364B7.e.7138/click - {}
RESULT: {}
COMMAND: GET /session/97f842ea50bbcd53f5e58b39b44e661d/screenshot - {}
COMMAND: POST /session/97f842ea50bbcd53f5e58b39b44e661d/execute/async - {"script":"<script> [1562 bytes]","args":[{"selector":{"controlType":"sap.m.Button","viewName":"etm.portal.ui.managehandovers.view.DetailExecuteHO","i18NText":{"propertyName":"text","key":"confirmAll"},"interaction":{"idSuffix":"BDI-content"}},"wdio_ui5_key":"etmportal.ui.managehandovers.view.DetailExecuteHOsap.m.Button{\"propertyName\":\"text\",\"key\":\"confirmAll\"}"}]}
RESULT: {}
RESULT: {"script":"<script> [1562 bytes]","args":[{"selector":{"controlType":"sap.m.Button","viewName":"etm.portal.ui.managehandovers.view.DetailExecuteHO","i18NText":{"propertyName":"text","key":"confirmAll"},"interaction":{"idSuffix":"BDI-content"}},"wdio_ui5_key":"etmportal.ui.managehandovers.view.DetailExecuteHOsap.m.Button{\"propertyName\":\"text\",\"key\":\"confirmAll\"}"}]}
RESULT: undefined
COMMAND: POST /session/97f842ea50bbcd53f5e58b39b44e661d/element - {"using":"xpath","value":"//*[@id=\"__button84\"]"}
RESULT: {"using":"xpath","value":"//*[@id=\"__button84\"]"}
COMMAND: POST /session/97f842ea50bbcd53f5e58b39b44e661d/element/f.4C3BA0BF09B228EDDC79F91E8A810388.d.2DBD5C56A9A3CD174A4DECCA010364B7.e.7280/click - {}
RESULT: {}
COMMAND: GET /session/97f842ea50bbcd53f5e58b39b44e661d/screenshot - {}
RESULT: {}
COMMAND: POST /session/97f842ea50bbcd53f5e58b39b44e661d/execute/async - {"script":"<script> [1562 bytes]","args":[{"selector":{"controlType":"sap.m.Button","properties":{"text":"OK"},"searchOpenDialogs":true,"interaction":{"idSuffix":"inner"}},"wdio_ui5_key":"sapm.Button{\"text\":\"OK\"}"}]}
RESULT: {"script":"<script> [1562 bytes]","args":[{"selector":{"controlType":"sap.m.Button","properties":{"text":"OK"},"searchOpenDialogs":true,"interaction":{"idSuffix":"inner"}},"wdio_ui5_key":"sapm.Button{\"text\":\"OK\"}"}]}
RESULT: undefined
COMMAND: POST /session/97f842ea50bbcd53f5e58b39b44e661d/element - {"using":"xpath","value":"//*[@id=\"__mbox-btn-0\"]"}
RESULT: {"using":"xpath","value":"//*[@id=\"__mbox-btn-0\"]"}
COMMAND: POST /session/97f842ea50bbcd53f5e58b39b44e661d/element/f.4C3BA0BF09B228EDDC79F91E8A810388.d.2DBD5C56A9A3CD174A4DECCA010364B7.e.7286/click - {}
RESULT: {}
COMMAND: GET /session/97f842ea50bbcd53f5e58b39b44e661d/screenshot - {}
RESULT: {}
COMMAND: POST /session/97f842ea50bbcd53f5e58b39b44e661d/element - {"using":"xpath","value":"//button[contains(@data-kt ,\"execHoIssueFooterButton\")]"}
RESULT: {"using":"xpath","value":"//button[contains(@data-kt ,\"execHoIssueFooterButton\")]"}
COMMAND: POST /session/97f842ea50bbcd53f5e58b39b44e661d/element/f.4C3BA0BF09B228EDDC79F91E8A810388.d.2DBD5C56A9A3CD174A4DECCA010364B7.e.7289/click - {}
RESULT: {}
COMMAND: GET /session/97f842ea50bbcd53f5e58b39b44e661d/screenshot - {}
RESULT: {}
COMMAND: POST /session/97f842ea50bbcd53f5e58b39b44e661d/refresh - {}
RESULT: {}
COMMAND: GET /session/97f842ea50bbcd53f5e58b39b44e661d/screenshot - {}
RESULT: {}
COMMAND: POST /session/97f842ea50bbcd53f5e58b39b44e661d/refresh - {}
RESULT: {}
COMMAND: GET /session/97f842ea50bbcd53f5e58b39b44e661d/screenshot - {}
RESULT: {}
COMMAND: POST /session/97f842ea50bbcd53f5e58b39b44e661d/execute/async - {"script":"<script> [189 bytes]","args":[]}
RESULT: {"script":"<script> [189 bytes]","args":[]}
COMMAND: POST /session/97f842ea50bbcd53f5e58b39b44e661d/execute/async - {"script":"<script> [123 bytes]","args":[]}
RESULT: {"script":"<script> [123 bytes]","args":[]}
COMMAND: POST /session/97f842ea50bbcd53f5e58b39b44e661d/timeouts - {"script":"<number>"}
RESULT: {"script":"<number>"}
COMMAND: GET /session/97f842ea50bbcd53f5e58b39b44e661d/timeouts - {}
RESULT: {}
RESULT: undefined
COMMAND: POST /session/97f842ea50bbcd53f5e58b39b44e661d/execute/async - {"script":"<script> [2676 bytes]","args":[]}
RESULT: {"script":"<script> [2676 bytes]","args":[]}
COMMAND: POST /session/97f842ea50bbcd53f5e58b39b44e661d/execute/async - {"script":"<script> [2342 bytes]","args":[{"protocol":"http","hostname":"0.0.0.0","path":"/","capabilities":{"browserName":"chrome","goog:chromeOptions":{"binary":"C:\\Program Files\\Google\\Chrome\\Application\\chrome.exe","args":["--start-maximized"]}},"logLevel":"warn","connectionRetryTimeout":120000,"connectionRetryCount":3,"logLevels":{},"enableDirectConnect":true,"strictSSL":true,"_":"65 more keys: [\"cacheDir\",\"port\",\"requestedCapabilities\",\"automationProtocol\",\"baseUrl\",\"waitforInterval\",\"waitforTimeout\",\"onReload\",\"beforeCommand\",\"afterCommand\",\"rootDir\",\"specs\",\"suites\",\"exclude\",\"groupLogsByTestSpec\",\"excludeDriverLogs\",\"bail\",\"framework\",\"reporters\",\"services\",\"maxInstances\",\"maxInstancesPerCapability\",\"injectGlobals\",\"filesToWatch\",\"execArgv\",\"runnerEnv\",\"runner\",\"shard\",\"specFileRetries\",\"specFileRetriesDelay\",\"specFileRetriesDeferred\",\"reporterSyncInterval\",\"reporterSyncTimeout\",\"cucumberFeaturesWithLineNumbers\",\"autoCompileOpts\",\"mochaOpts\",\"jasmineOpts\",\"cucumberOpts\",\"onPrepare\",\"onWorkerStart\",\"onWorkerEnd\",\"before\",\"beforeSession\",\"beforeSuite\",\"beforeHook\",\"beforeTest\",\"afterTest\",\"afterHook\",\"afterSuite\",\"afterSession\",\"after\",\"onComplete\",\"beforeAssertion\",\"afterAssertion\",\"beforeFeature\",\"beforeScenario\",\"beforeStep\",\"afterStep\",\"afterScenario\",\"afterFeature\",\"_\",\"suite\",\"$0\",\"ignoredWorkerServices\",\"wdi5\"]"}]}
RESULT: {"script":"<script> [2342 bytes]","args":[{"protocol":"http","hostname":"0.0.0.0","path":"/","capabilities":{"browserName":"chrome","goog:chromeOptions":{"binary":"C:\\Program Files\\Google\\Chrome\\Application\\chrome.exe","args":["--start-maximized"]}},"logLevel":"warn","connectionRetryTimeout":120000,"connectionRetryCount":3,"logLevels":{},"enableDirectConnect":true,"strictSSL":true,"_":"65 more keys: [\"cacheDir\",\"port\",\"requestedCapabilities\",\"automationProtocol\",\"baseUrl\",\"waitforInterval\",\"waitforTimeout\",\"onReload\",\"beforeCommand\",\"afterCommand\",\"rootDir\",\"specs\",\"suites\",\"exclude\",\"groupLogsByTestSpec\",\"excludeDriverLogs\",\"bail\",\"framework\",\"reporters\",\"services\",\"maxInstances\",\"maxInstancesPerCapability\",\"injectGlobals\",\"filesToWatch\",\"execArgv\",\"runnerEnv\",\"runner\",\"shard\",\"specFileRetries\",\"specFileRetriesDelay\",\"specFileRetriesDeferred\",\"reporterSyncInterval\",\"reporterSyncTimeout\",\"cucumberFeaturesWithLineNumbers\",\"autoCompileOpts\",\"mochaOpts\",\"jasmineOpts\",\"cucumberOpts\",\"onPrepare\",\"onWorkerStart\",\"onWorkerEnd\",\"before\",\"beforeSession\",\"beforeSuite\",\"beforeHook\",\"beforeTest\",\"afterTest\",\"afterHook\",\"afterSuite\",\"afterSession\",\"after\",\"onComplete\",\"beforeAssertion\",\"afterAssertion\",\"beforeFeature\",\"beforeScenario\",\"beforeStep\",\"afterStep\",\"afterScenario\",\"afterFeature\",\"_\",\"suite\",\"$0\",\"ignoredWorkerServices\",\"wdi5\"]"}]}
COMMAND: POST /session/97f842ea50bbcd53f5e58b39b44e661d/execute/async - {"script":"<script> [21126 bytes]","args":[35000]}
RESULT: {"script":"<script> [21126 bytes]","args":[35000]}
COMMAND: POST /session/97f842ea50bbcd53f5e58b39b44e661d/execute/async - {"script":"<script> [1562 bytes]","args":[{"selector":{"controlType":"sap.m.SearchField","viewName":"etm.portal.ui.managehandovers.view.MasterHO","bindingPath":{"path":"","propertyPath":"/_BASIC_SEARCH_FIELD","modelName":"fi1t3rM0d31"},"interaction":{"idSuffix":"I"}},"wdio_ui5_key":"etmportal.ui.managehandovers.view.MasterHOsap.m.SearchField{\"path\":\"\",\"propertyPath\":\"/_BASIC_SEARCH_FIELD\",\"modelName\":\"fi1t3rM0d31\"}"}]}
RESULT: {"script":"<script> [1562 bytes]","args":[{"selector":{"controlType":"sap.m.SearchField","viewName":"etm.portal.ui.managehandovers.view.MasterHO","bindingPath":{"path":"","propertyPath":"/_BASIC_SEARCH_FIELD","modelName":"fi1t3rM0d31"},"interaction":{"idSuffix":"I"}},"wdio_ui5_key":"etmportal.ui.managehandovers.view.MasterHOsap.m.SearchField{\"path\":\"\",\"propertyPath\":\"/_BASIC_SEARCH_FIELD\",\"modelName\":\"fi1t3rM0d31\"}"}]}
RESULT: undefined
COMMAND: POST /session/97f842ea50bbcd53f5e58b39b44e661d/execute/async - {"script":"<script> [776 bytes]","args":[{"enterText":"30627","selector":{"controlType":"sap.m.SearchField","viewName":"etm.portal.ui.managehandovers.view.MasterHO","bindingPath":{"path":"","propertyPath":"/_BASIC_SEARCH_FIELD","modelName":"fi1t3rM0d31"},"interaction":{"idSuffix":"I"}},"clearTextFirst":true,"interactionType":"ENTER_TEXT"}]}
RESULT: {"script":"<script> [776 bytes]","args":[{"enterText":"30627","selector":{"controlType":"sap.m.SearchField","viewName":"etm.portal.ui.managehandovers.view.MasterHO","bindingPath":{"path":"","propertyPath":"/_BASIC_SEARCH_FIELD","modelName":"fi1t3rM0d31"},"interaction":{"idSuffix":"I"}},"clearTextFirst":true,"interactionType":"ENTER_TEXT"}]}
COMMAND: POST /session/97f842ea50bbcd53f5e58b39b44e661d/actions - {"actions":[{"id":"action19","type":"key","parameters":{},"actions":[{"type":"keyDown","value":""},{"type":"pause","duration":10},{"type":"keyUp","value":""}]}]}
RESULT: {"actions":[{"id":"action19","type":"key","parameters":{},"actions":[{"type":"keyDown","value":""},{"type":"pause","duration":10},{"type":"keyUp","value":""}]}]}
COMMAND: GET /session/97f842ea50bbcd53f5e58b39b44e661d/screenshot - {}
RESULT: {}
COMMAND: POST /session/97f842ea50bbcd53f5e58b39b44e661d/execute/async - {"script":"<script> [1562 bytes]","args":[{"selector":{"controlType":"sap.m.Title","viewName":"etm.portal.ui.managehandovers.view.MasterHO","properties":{"text":"Records (1)"}},"wdio_ui5_key":"etmportal.ui.managehandovers.view.MasterHOsap.m.Title{\"text\":\"Records (1)\"}"}]}
RESULT: {"script":"<script> [1562 bytes]","args":[{"selector":{"controlType":"sap.m.Title","viewName":"etm.portal.ui.managehandovers.view.MasterHO","properties":{"text":"Records (1)"}},"wdio_ui5_key":"etmportal.ui.managehandovers.view.MasterHOsap.m.Title{\"text\":\"Records (1)\"}"}]}
RESULT: undefined
COMMAND: POST /session/97f842ea50bbcd53f5e58b39b44e661d/execute/async - {"script":"<script> [6424 bytes]","args":[{"element-6066-11e4-a52e-4f735466cecf":"f.4C3BA0BF09B228EDDC79F91E8A810388.d.F962F3B5FB4DFC826FA0257D7D631400.e.7561"},"getText",[]]}
RESULT: {"script":"<script> [6424 bytes]","args":[{"element-6066-11e4-a52e-4f735466cecf":"f.4C3BA0BF09B228EDDC79F91E8A810388.d.F962F3B5FB4DFC826FA0257D7D631400.e.7561"},"getText",[]]}
COMMAND: POST /session/97f842ea50bbcd53f5e58b39b44e661d/execute/async - {"script":"<script> [1562 bytes]","args":[{"selector":{"controlType":"sap.ui.core.Icon","viewName":"etm.portal.ui.managehandovers.view.MasterHO","properties":{"src":{"regex":{"source":"slim\\-arrow\\-right"}}}},"wdio_ui5_key":"etmportal.ui.managehandovers.view.MasterHOsap.ui.core.Icon{\"src\":{\"regex\":{\"source\":\"slim\\\\-arrow\\\\-right\"}}}"}]}
RESULT: {"script":"<script> [1562 bytes]","args":[{"selector":{"controlType":"sap.ui.core.Icon","viewName":"etm.portal.ui.managehandovers.view.MasterHO","properties":{"src":{"regex":{"source":"slim\\-arrow\\-right"}}}},"wdio_ui5_key":"etmportal.ui.managehandovers.view.MasterHOsap.ui.core.Icon{\"src\":{\"regex\":{\"source\":\"slim\\\\-arrow\\\\-right\"}}}"}]}
RESULT: undefined
COMMAND: POST /session/97f842ea50bbcd53f5e58b39b44e661d/element - {"using":"xpath","value":"//*[@id=\"__item30-__clone16-imgNav\"]"}
RESULT: {"using":"xpath","value":"//*[@id=\"__item30-__clone16-imgNav\"]"}
COMMAND: POST /session/97f842ea50bbcd53f5e58b39b44e661d/element/f.4C3BA0BF09B228EDDC79F91E8A810388.d.F962F3B5FB4DFC826FA0257D7D631400.e.7560/click - {}
RESULT: {}
COMMAND: GET /session/97f842ea50bbcd53f5e58b39b44e661d/screenshot - {}
RESULT: {}
COMMAND: POST /session/97f842ea50bbcd53f5e58b39b44e661d/execute/async - {"script":"<script> [1562 bytes]","args":[{"selector":{"controlType":"sap.m.ObjectStatus","viewName":"etm.portal.ui.managehandovers.view.DetailExecuteHO","labelFor":{"text":"Status"}},"wdio_ui5_key":"etmportal.ui.managehandovers.view.DetailExecuteHOsap.m.ObjectStatus{\"text\":\"Status\"}"}]}
RESULT: {"script":"<script> [1562 bytes]","args":[{"selector":{"controlType":"sap.m.ObjectStatus","viewName":"etm.portal.ui.managehandovers.view.DetailExecuteHO","labelFor":{"text":"Status"}},"wdio_ui5_key":"etmportal.ui.managehandovers.view.DetailExecuteHOsap.m.ObjectStatus{\"text\":\"Status\"}"}]}
RESULT: undefined
COMMAND: POST /session/97f842ea50bbcd53f5e58b39b44e661d/execute/async - {"script":"<script> [6424 bytes]","args":[{"element-6066-11e4-a52e-4f735466cecf":"f.4C3BA0BF09B228EDDC79F91E8A810388.d.F962F3B5FB4DFC826FA0257D7D631400.e.7654"},"getText",[]]}
RESULT: {"script":"<script> [6424 bytes]","args":[{"element-6066-11e4-a52e-4f735466cecf":"f.4C3BA0BF09B228EDDC79F91E8A810388.d.F962F3B5FB4DFC826FA0257D7D631400.e.7654"},"getText",[]]}
COMMAND: POST /session/97f842ea50bbcd53f5e58b39b44e661d/execute/async - {"script":"<script> [1562 bytes]","args":[{"selector":{"controlType":"sap.m.Button","viewName":"etm.portal.ui.managehandovers.view.DetailExecuteHO","i18NText":{"propertyName":"text","key":"confirmAll"},"interaction":{"idSuffix":"BDI-content"}},"wdio_ui5_key":"etmportal.ui.managehandovers.view.DetailExecuteHOsap.m.Button{\"propertyName\":\"text\",\"key\":\"confirmAll\"}"}]}
RESULT: {"script":"<script> [1562 bytes]","args":[{"selector":{"controlType":"sap.m.Button","viewName":"etm.portal.ui.managehandovers.view.DetailExecuteHO","i18NText":{"propertyName":"text","key":"confirmAll"},"interaction":{"idSuffix":"BDI-content"}},"wdio_ui5_key":"etmportal.ui.managehandovers.view.DetailExecuteHOsap.m.Button{\"propertyName\":\"text\",\"key\":\"confirmAll\"}"}]}
RESULT: undefined
COMMAND: POST /session/97f842ea50bbcd53f5e58b39b44e661d/element - {"using":"xpath","value":"//*[@id=\"__button30\"]"}
RESULT: {"using":"xpath","value":"//*[@id=\"__button30\"]"}
COMMAND: POST /session/97f842ea50bbcd53f5e58b39b44e661d/element/f.4C3BA0BF09B228EDDC79F91E8A810388.d.F962F3B5FB4DFC826FA0257D7D631400.e.7658/click - {}
RESULT: {}
COMMAND: GET /session/97f842ea50bbcd53f5e58b39b44e661d/screenshot - {}
RESULT: {}
COMMAND: POST /session/97f842ea50bbcd53f5e58b39b44e661d/execute/async - {"script":"<script> [1562 bytes]","args":[{"selector":{"controlType":"sap.m.Button","properties":{"text":"OK"},"searchOpenDialogs":true,"interaction":{"idSuffix":"BDI-content"}},"wdio_ui5_key":"sapm.Button{\"text\":\"OK\"}"}]}
RESULT: {"script":"<script> [1562 bytes]","args":[{"selector":{"controlType":"sap.m.Button","properties":{"text":"OK"},"searchOpenDialogs":true,"interaction":{"idSuffix":"BDI-content"}},"wdio_ui5_key":"sapm.Button{\"text\":\"OK\"}"}]}
RESULT: undefined
COMMAND: POST /session/97f842ea50bbcd53f5e58b39b44e661d/element - {"using":"xpath","value":"//*[@id=\"__mbox-btn-0\"]"}
RESULT: {"using":"xpath","value":"//*[@id=\"__mbox-btn-0\"]"}
COMMAND: POST /session/97f842ea50bbcd53f5e58b39b44e661d/element/f.4C3BA0BF09B228EDDC79F91E8A810388.d.F962F3B5FB4DFC826FA0257D7D631400.e.7659/click - {}
RESULT: {}
COMMAND: GET /session/97f842ea50bbcd53f5e58b39b44e661d/screenshot - {}
RESULT: {}
COMMAND: POST /session/97f842ea50bbcd53f5e58b39b44e661d/element - {"using":"xpath","value":"//button[contains(@data-kt ,\"execHoReceiveFooterButton\")]"}
RESULT: {"using":"xpath","value":"//button[contains(@data-kt ,\"execHoReceiveFooterButton\")]"}
COMMAND: POST /session/97f842ea50bbcd53f5e58b39b44e661d/element/f.4C3BA0BF09B228EDDC79F91E8A810388.d.F962F3B5FB4DFC826FA0257D7D631400.e.7618/click - {}
RESULT: {}
COMMAND: GET /session/97f842ea50bbcd53f5e58b39b44e661d/screenshot - {}
RESULT: {}
COMMAND: POST /session/97f842ea50bbcd53f5e58b39b44e661d/refresh - {}
RESULT: {}
COMMAND: GET /session/97f842ea50bbcd53f5e58b39b44e661d/screenshot - {}
RESULT: {}
COMMAND: POST /session/97f842ea50bbcd53f5e58b39b44e661d/refresh - {}
RESULT: {}
COMMAND: GET /session/97f842ea50bbcd53f5e58b39b44e661d/screenshot - {}
RESULT: {}
COMMAND: POST /session/97f842ea50bbcd53f5e58b39b44e661d/execute/async - {"script":"<script> [189 bytes]","args":[]}
RESULT: {"script":"<script> [189 bytes]","args":[]}
COMMAND: POST /session/97f842ea50bbcd53f5e58b39b44e661d/execute/async - {"script":"<script> [123 bytes]","args":[]}
RESULT: {"script":"<script> [123 bytes]","args":[]}
COMMAND: POST /session/97f842ea50bbcd53f5e58b39b44e661d/timeouts - {"script":"<number>"}
RESULT: {"script":"<number>"}
COMMAND: GET /session/97f842ea50bbcd53f5e58b39b44e661d/timeouts - {}
RESULT: {}
RESULT: undefined
COMMAND: POST /session/97f842ea50bbcd53f5e58b39b44e661d/execute/async - {"script":"<script> [2676 bytes]","args":[]}
RESULT: {"script":"<script> [2676 bytes]","args":[]}
COMMAND: POST /session/97f842ea50bbcd53f5e58b39b44e661d/execute/async - {"script":"<script> [2342 bytes]","args":[{"protocol":"http","hostname":"0.0.0.0","path":"/","capabilities":{"browserName":"chrome","goog:chromeOptions":{"binary":"C:\\Program Files\\Google\\Chrome\\Application\\chrome.exe","args":["--start-maximized"]}},"logLevel":"warn","connectionRetryTimeout":120000,"connectionRetryCount":3,"logLevels":{},"enableDirectConnect":true,"strictSSL":true,"_":"65 more keys: [\"cacheDir\",\"port\",\"requestedCapabilities\",\"automationProtocol\",\"baseUrl\",\"waitforInterval\",\"waitforTimeout\",\"onReload\",\"beforeCommand\",\"afterCommand\",\"rootDir\",\"specs\",\"suites\",\"exclude\",\"groupLogsByTestSpec\",\"excludeDriverLogs\",\"bail\",\"framework\",\"reporters\",\"services\",\"maxInstances\",\"maxInstancesPerCapability\",\"injectGlobals\",\"filesToWatch\",\"execArgv\",\"runnerEnv\",\"runner\",\"shard\",\"specFileRetries\",\"specFileRetriesDelay\",\"specFileRetriesDeferred\",\"reporterSyncInterval\",\"reporterSyncTimeout\",\"cucumberFeaturesWithLineNumbers\",\"autoCompileOpts\",\"mochaOpts\",\"jasmineOpts\",\"cucumberOpts\",\"onPrepare\",\"onWorkerStart\",\"onWorkerEnd\",\"before\",\"beforeSession\",\"beforeSuite\",\"beforeHook\",\"beforeTest\",\"afterTest\",\"afterHook\",\"afterSuite\",\"afterSession\",\"after\",\"onComplete\",\"beforeAssertion\",\"afterAssertion\",\"beforeFeature\",\"beforeScenario\",\"beforeStep\",\"afterStep\",\"afterScenario\",\"afterFeature\",\"_\",\"suite\",\"$0\",\"ignoredWorkerServices\",\"wdi5\"]"}]}
RESULT: {"script":"<script> [2342 bytes]","args":[{"protocol":"http","hostname":"0.0.0.0","path":"/","capabilities":{"browserName":"chrome","goog:chromeOptions":{"binary":"C:\\Program Files\\Google\\Chrome\\Application\\chrome.exe","args":["--start-maximized"]}},"logLevel":"warn","connectionRetryTimeout":120000,"connectionRetryCount":3,"logLevels":{},"enableDirectConnect":true,"strictSSL":true,"_":"65 more keys: [\"cacheDir\",\"port\",\"requestedCapabilities\",\"automationProtocol\",\"baseUrl\",\"waitforInterval\",\"waitforTimeout\",\"onReload\",\"beforeCommand\",\"afterCommand\",\"rootDir\",\"specs\",\"suites\",\"exclude\",\"groupLogsByTestSpec\",\"excludeDriverLogs\",\"bail\",\"framework\",\"reporters\",\"services\",\"maxInstances\",\"maxInstancesPerCapability\",\"injectGlobals\",\"filesToWatch\",\"execArgv\",\"runnerEnv\",\"runner\",\"shard\",\"specFileRetries\",\"specFileRetriesDelay\",\"specFileRetriesDeferred\",\"reporterSyncInterval\",\"reporterSyncTimeout\",\"cucumberFeaturesWithLineNumbers\",\"autoCompileOpts\",\"mochaOpts\",\"jasmineOpts\",\"cucumberOpts\",\"onPrepare\",\"onWorkerStart\",\"onWorkerEnd\",\"before\",\"beforeSession\",\"beforeSuite\",\"beforeHook\",\"beforeTest\",\"afterTest\",\"afterHook\",\"afterSuite\",\"afterSession\",\"after\",\"onComplete\",\"beforeAssertion\",\"afterAssertion\",\"beforeFeature\",\"beforeScenario\",\"beforeStep\",\"afterStep\",\"afterScenario\",\"afterFeature\",\"_\",\"suite\",\"$0\",\"ignoredWorkerServices\",\"wdi5\"]"}]}
COMMAND: POST /session/97f842ea50bbcd53f5e58b39b44e661d/execute/async - {"script":"<script> [21126 bytes]","args":[35000]}
RESULT: {"script":"<script> [21126 bytes]","args":[35000]}
COMMAND: POST /session/97f842ea50bbcd53f5e58b39b44e661d/execute/async - {"script":"<script> [1562 bytes]","args":[{"selector":{"controlType":"sap.m.SearchField","viewName":"etm.portal.ui.managehandovers.view.MasterHO","bindingPath":{"path":"","propertyPath":"/_BASIC_SEARCH_FIELD","modelName":"fi1t3rM0d31"},"interaction":{"idSuffix":"I"}},"wdio_ui5_key":"etmportal.ui.managehandovers.view.MasterHOsap.m.SearchField{\"path\":\"\",\"propertyPath\":\"/_BASIC_SEARCH_FIELD\",\"modelName\":\"fi1t3rM0d31\"}"}]}
RESULT: {"script":"<script> [1562 bytes]","args":[{"selector":{"controlType":"sap.m.SearchField","viewName":"etm.portal.ui.managehandovers.view.MasterHO","bindingPath":{"path":"","propertyPath":"/_BASIC_SEARCH_FIELD","modelName":"fi1t3rM0d31"},"interaction":{"idSuffix":"I"}},"wdio_ui5_key":"etmportal.ui.managehandovers.view.MasterHOsap.m.SearchField{\"path\":\"\",\"propertyPath\":\"/_BASIC_SEARCH_FIELD\",\"modelName\":\"fi1t3rM0d31\"}"}]}
RESULT: undefined
COMMAND: POST /session/97f842ea50bbcd53f5e58b39b44e661d/execute/async - {"script":"<script> [776 bytes]","args":[{"enterText":"30627","selector":{"controlType":"sap.m.SearchField","viewName":"etm.portal.ui.managehandovers.view.MasterHO","bindingPath":{"path":"","propertyPath":"/_BASIC_SEARCH_FIELD","modelName":"fi1t3rM0d31"},"interaction":{"idSuffix":"I"}},"clearTextFirst":true,"interactionType":"ENTER_TEXT"}]}
RESULT: {"script":"<script> [776 bytes]","args":[{"enterText":"30627","selector":{"controlType":"sap.m.SearchField","viewName":"etm.portal.ui.managehandovers.view.MasterHO","bindingPath":{"path":"","propertyPath":"/_BASIC_SEARCH_FIELD","modelName":"fi1t3rM0d31"},"interaction":{"idSuffix":"I"}},"clearTextFirst":true,"interactionType":"ENTER_TEXT"}]}
COMMAND: POST /session/97f842ea50bbcd53f5e58b39b44e661d/actions - {"actions":[{"id":"action20","type":"key","parameters":{},"actions":[{"type":"keyDown","value":""},{"type":"pause","duration":10},{"type":"keyUp","value":""}]}]}
RESULT: {"actions":[{"id":"action20","type":"key","parameters":{},"actions":[{"type":"keyDown","value":""},{"type":"pause","duration":10},{"type":"keyUp","value":""}]}]}
COMMAND: GET /session/97f842ea50bbcd53f5e58b39b44e661d/screenshot - {}
RESULT: {}
COMMAND: POST /session/97f842ea50bbcd53f5e58b39b44e661d/execute/async - {"script":"<script> [1562 bytes]","args":[{"selector":{"controlType":"sap.m.Title","viewName":"etm.portal.ui.managehandovers.view.MasterHO","properties":{"text":"Records (1)"}},"wdio_ui5_key":"etmportal.ui.managehandovers.view.MasterHOsap.m.Title{\"text\":\"Records (1)\"}"}]}
RESULT: {"script":"<script> [1562 bytes]","args":[{"selector":{"controlType":"sap.m.Title","viewName":"etm.portal.ui.managehandovers.view.MasterHO","properties":{"text":"Records (1)"}},"wdio_ui5_key":"etmportal.ui.managehandovers.view.MasterHOsap.m.Title{\"text\":\"Records (1)\"}"}]}
RESULT: undefined
COMMAND: POST /session/97f842ea50bbcd53f5e58b39b44e661d/execute/async - {"script":"<script> [6424 bytes]","args":[{"element-6066-11e4-a52e-4f735466cecf":"f.4C3BA0BF09B228EDDC79F91E8A810388.d.A37A2B563E6F0630CD1C41D95663FE1E.e.7830"},"getText",[]]}
RESULT: {"script":"<script> [6424 bytes]","args":[{"element-6066-11e4-a52e-4f735466cecf":"f.4C3BA0BF09B228EDDC79F91E8A810388.d.A37A2B563E6F0630CD1C41D95663FE1E.e.7830"},"getText",[]]}
COMMAND: POST /session/97f842ea50bbcd53f5e58b39b44e661d/execute/async - {"script":"<script> [1562 bytes]","args":[{"selector":{"controlType":"sap.ui.core.Icon","viewName":"etm.portal.ui.managehandovers.view.MasterHO","properties":{"src":{"regex":{"source":"slim\\-arrow\\-right"}}}},"wdio_ui5_key":"etmportal.ui.managehandovers.view.MasterHOsap.ui.core.Icon{\"src\":{\"regex\":{\"source\":\"slim\\\\-arrow\\\\-right\"}}}"}]}
RESULT: {"script":"<script> [1562 bytes]","args":[{"selector":{"controlType":"sap.ui.core.Icon","viewName":"etm.portal.ui.managehandovers.view.MasterHO","properties":{"src":{"regex":{"source":"slim\\-arrow\\-right"}}}},"wdio_ui5_key":"etmportal.ui.managehandovers.view.MasterHOsap.ui.core.Icon{\"src\":{\"regex\":{\"source\":\"slim\\\\-arrow\\\\-right\"}}}"}]}
RESULT: undefined
COMMAND: POST /session/97f842ea50bbcd53f5e58b39b44e661d/element - {"using":"xpath","value":"//*[@id=\"__item32-__clone16-imgNav\"]"}
RESULT: {"using":"xpath","value":"//*[@id=\"__item32-__clone16-imgNav\"]"}
COMMAND: POST /session/97f842ea50bbcd53f5e58b39b44e661d/element/f.4C3BA0BF09B228EDDC79F91E8A810388.d.A37A2B563E6F0630CD1C41D95663FE1E.e.7829/click - {}
RESULT: {}
COMMAND: GET /session/97f842ea50bbcd53f5e58b39b44e661d/screenshot - {}
RESULT: {}
COMMAND: POST /session/97f842ea50bbcd53f5e58b39b44e661d/execute/async - {"script":"<script> [1562 bytes]","args":[{"selector":{"controlType":"sap.m.ObjectStatus","viewName":"etm.portal.ui.managehandovers.view.DetailManageHO","viewId":"application-managehandovers-display-component---detailManageHO","labelFor":{"text":"Status"}},"wdio_ui5_key":"etmportal.ui.managehandovers.view.DetailManageHOsap.m.ObjectStatus{\"text\":\"Status\"}"}]}
RESULT: {"script":"<script> [1562 bytes]","args":[{"selector":{"controlType":"sap.m.ObjectStatus","viewName":"etm.portal.ui.managehandovers.view.DetailManageHO","viewId":"application-managehandovers-display-component---detailManageHO","labelFor":{"text":"Status"}},"wdio_ui5_key":"etmportal.ui.managehandovers.view.DetailManageHOsap.m.ObjectStatus{\"text\":\"Status\"}"}]}
RESULT: undefined
COMMAND: POST /session/97f842ea50bbcd53f5e58b39b44e661d/execute/async - {"script":"<script> [6424 bytes]","args":[{"element-6066-11e4-a52e-4f735466cecf":"f.4C3BA0BF09B228EDDC79F91E8A810388.d.A37A2B563E6F0630CD1C41D95663FE1E.e.7916"},"getText",[]]}
RESULT: {"script":"<script> [6424 bytes]","args":[{"element-6066-11e4-a52e-4f735466cecf":"f.4C3BA0BF09B228EDDC79F91E8A810388.d.A37A2B563E6F0630CD1C41D95663FE1E.e.7916"},"getText",[]]}
COMMAND: POST /session/97f842ea50bbcd53f5e58b39b44e661d/element - {"using":"xpath","value":"//a[contains(@data-kt ,\"GeneralSectionReceiveContracttLink\")]"}
RESULT: {"using":"xpath","value":"//a[contains(@data-kt ,\"GeneralSectionReceiveContracttLink\")]"}
COMMAND: POST /session/97f842ea50bbcd53f5e58b39b44e661d/element/f.4C3BA0BF09B228EDDC79F91E8A810388.d.A37A2B563E6F0630CD1C41D95663FE1E.e.7917/click - {}
RESULT: {}
COMMAND: GET /session/97f842ea50bbcd53f5e58b39b44e661d/screenshot - {}
RESULT: {}
COMMAND: POST /session/97f842ea50bbcd53f5e58b39b44e661d/element - {"using":"xpath","value":"//a[contains(@data-kt ,\"ContextMenuId2Link\")]"}
RESULT: {"using":"xpath","value":"//a[contains(@data-kt ,\"ContextMenuId2Link\")]"}
COMMAND: POST /session/97f842ea50bbcd53f5e58b39b44e661d/element/f.4C3BA0BF09B228EDDC79F91E8A810388.d.A37A2B563E6F0630CD1C41D95663FE1E.e.7921/click - {}
RESULT: {}
COMMAND: GET /session/97f842ea50bbcd53f5e58b39b44e661d/screenshot - {}
RESULT: {}
RESULT: undefined
RESULT: undefined
COMMAND: POST /session/97f842ea50bbcd53f5e58b39b44e661d/execute/async - {"script":"<script> [1562 bytes]","args":[{"selector":{"controlType":"sap.m.ObjectStatus","viewName":"etm.portal.ui.managecontracts.view.Detail","bindingPath":{"propertyPath":"LINK_TO_LOGISTICAL_STATUS/DESCRIPTION","modelName":"catalogModel"}},"wdio_ui5_key":"etmportal.ui.managecontracts.view.Detailsap.m.ObjectStatus{\"propertyPath\":\"LINK_TO_LOGISTICAL_STATUS/DESCRIPTION\",\"modelName\":\"catalogModel\"}"}]}
RESULT: {"script":"<script> [1562 bytes]","args":[{"selector":{"controlType":"sap.m.ObjectStatus","viewName":"etm.portal.ui.managecontracts.view.Detail","bindingPath":{"propertyPath":"LINK_TO_LOGISTICAL_STATUS/DESCRIPTION","modelName":"catalogModel"}},"wdio_ui5_key":"etmportal.ui.managecontracts.view.Detailsap.m.ObjectStatus{\"propertyPath\":\"LINK_TO_LOGISTICAL_STATUS/DESCRIPTION\",\"modelName\":\"catalogModel\"}"}]}
RESULT: undefined
COMMAND: POST /session/97f842ea50bbcd53f5e58b39b44e661d/execute/async - {"script":"<script> [6424 bytes]","args":[{"element-6066-11e4-a52e-4f735466cecf":"f.4C3BA0BF09B228EDDC79F91E8A810388.d.A37A2B563E6F0630CD1C41D95663FE1E.e.8141"},"getText",[]]}
RESULT: {"script":"<script> [6424 bytes]","args":[{"element-6066-11e4-a52e-4f735466cecf":"f.4C3BA0BF09B228EDDC79F91E8A810388.d.A37A2B563E6F0630CD1C41D95663FE1E.e.8141"},"getText",[]]}
COMMAND: POST /session/97f842ea50bbcd53f5e58b39b44e661d/execute/async - {"script":"<script> [1562 bytes]","args":[{"selector":{"controlType":"sap.m.ObjectStatus","viewName":"etm.portal.ui.managecontracts.view.Detail","bindingPath":{"propertyPath":"LINK_TO_COMMERCIAL_STATUS/DESCRIPTION","modelName":"catalogModel"}},"wdio_ui5_key":"etmportal.ui.managecontracts.view.Detailsap.m.ObjectStatus{\"propertyPath\":\"LINK_TO_COMMERCIAL_STATUS/DESCRIPTION\",\"modelName\":\"catalogModel\"}"}]}
RESULT: {"script":"<script> [1562 bytes]","args":[{"selector":{"controlType":"sap.m.ObjectStatus","viewName":"etm.portal.ui.managecontracts.view.Detail","bindingPath":{"propertyPath":"LINK_TO_COMMERCIAL_STATUS/DESCRIPTION","modelName":"catalogModel"}},"wdio_ui5_key":"etmportal.ui.managecontracts.view.Detailsap.m.ObjectStatus{\"propertyPath\":\"LINK_TO_COMMERCIAL_STATUS/DESCRIPTION\",\"modelName\":\"catalogModel\"}"}]}
RESULT: undefined
COMMAND: POST /session/97f842ea50bbcd53f5e58b39b44e661d/execute/async - {"script":"<script> [6424 bytes]","args":[{"element-6066-11e4-a52e-4f735466cecf":"f.4C3BA0BF09B228EDDC79F91E8A810388.d.A37A2B563E6F0630CD1C41D95663FE1E.e.8142"},"getText",[]]}
RESULT: {"script":"<script> [6424 bytes]","args":[{"element-6066-11e4-a52e-4f735466cecf":"f.4C3BA0BF09B228EDDC79F91E8A810388.d.A37A2B563E6F0630CD1C41D95663FE1E.e.8142"},"getText",[]]}
]]></system-out>
    </testcase>
    <testcase classname="chrome.135_0_7049_42.windows.E2E_-_Logistical_and_commercial_statuses" name="It should follow the handover steps to the status fully returned" time="209.837">
      <system-out><![CDATA[
COMMAND: POST /session/97f842ea50bbcd53f5e58b39b44e661d/execute/async - {"script":"<script> [1562 bytes]","args":[{"selector":{"id":"contractDetailReturnButton","viewName":"etm.portal.ui.managecontracts.view.Detail","interaction":{"idSuffix":"BDI-content"}},"wdio_ui5_key":"contractDetailReturnButtonetmportal.ui.managecontracts.view.Detail"}]}
RESULT: {"script":"<script> [1562 bytes]","args":[{"selector":{"id":"contractDetailReturnButton","viewName":"etm.portal.ui.managecontracts.view.Detail","interaction":{"idSuffix":"BDI-content"}},"wdio_ui5_key":"contractDetailReturnButtonetmportal.ui.managecontracts.view.Detail"}]}
RESULT: undefined
COMMAND: POST /session/97f842ea50bbcd53f5e58b39b44e661d/element - {"using":"xpath","value":"//*[@id=\"__xmlview2--contractDetailReturnButton\"]"}
RESULT: {"using":"xpath","value":"//*[@id=\"__xmlview2--contractDetailReturnButton\"]"}
COMMAND: POST /session/97f842ea50bbcd53f5e58b39b44e661d/element/f.4C3BA0BF09B228EDDC79F91E8A810388.d.A37A2B563E6F0630CD1C41D95663FE1E.e.8024/click - {}
RESULT: {}
COMMAND: POST /session/97f842ea50bbcd53f5e58b39b44e661d/execute/async - {"script":"<script> [1562 bytes]","args":[{"selector":{"id":"application-managehandovers-display-component---AddNewHO--dueDate","interaction":{"idSuffix":"inner"}},"wdio_ui5_key":"applicationmanagehandovers-display-component---AddNewHO--dueDate"}]}
COMMAND: GET /session/97f842ea50bbcd53f5e58b39b44e661d/screenshot - {}
RESULT: {"script":"<script> [1562 bytes]","args":[{"selector":{"id":"application-managehandovers-display-component---AddNewHO--dueDate","interaction":{"idSuffix":"inner"}},"wdio_ui5_key":"applicationmanagehandovers-display-component---AddNewHO--dueDate"}]}
RESULT: undefined
COMMAND: POST /session/97f842ea50bbcd53f5e58b39b44e661d/execute/async - {"script":"<script> [776 bytes]","args":[{"enterText":"04/16/25","selector":{"id":"application-managehandovers-display-component---AddNewHO--dueDate","interaction":{"idSuffix":"inner"}},"clearTextFirst":true,"interactionType":"ENTER_TEXT"}]}
RESULT: {}
RESULT: {"script":"<script> [776 bytes]","args":[{"enterText":"04/16/25","selector":{"id":"application-managehandovers-display-component---AddNewHO--dueDate","interaction":{"idSuffix":"inner"}},"clearTextFirst":true,"interactionType":"ENTER_TEXT"}]}
COMMAND: POST /session/97f842ea50bbcd53f5e58b39b44e661d/element - {"using":"xpath","value":"//bdi[contains(@id ,\"application-managehandovers-display-component---AddNewHO--ObjectPageLayout-anchBar-application-managehandovers-display-component---AddNewHO--section4-anchor-BDI-content\")]"}
RESULT: {"using":"xpath","value":"//bdi[contains(@id ,\"application-managehandovers-display-component---AddNewHO--ObjectPageLayout-anchBar-application-managehandovers-display-component---AddNewHO--section4-anchor-BDI-content\")]"}
COMMAND: POST /session/97f842ea50bbcd53f5e58b39b44e661d/element/f.4C3BA0BF09B228EDDC79F91E8A810388.d.A37A2B563E6F0630CD1C41D95663FE1E.e.8304/click - {}
RESULT: {}
COMMAND: GET /session/97f842ea50bbcd53f5e58b39b44e661d/screenshot - {}
RESULT: {}
COMMAND: POST /session/97f842ea50bbcd53f5e58b39b44e661d/element - {"using":"xpath","value":"//button[contains(@data-kt ,\"AddNewHOProvideAddItemsButton\")]"}
RESULT: {"using":"xpath","value":"//button[contains(@data-kt ,\"AddNewHOProvideAddItemsButton\")]"}
COMMAND: POST /session/97f842ea50bbcd53f5e58b39b44e661d/element/f.4C3BA0BF09B228EDDC79F91E8A810388.d.A37A2B563E6F0630CD1C41D95663FE1E.e.8307/click - {}
RESULT: {}
COMMAND: GET /session/97f842ea50bbcd53f5e58b39b44e661d/screenshot - {}
RESULT: {}
COMMAND: POST /session/97f842ea50bbcd53f5e58b39b44e661d/execute/async - {"script":"<script> [1562 bytes]","args":[{"selector":{"id":"application-managehandovers-display-component---AddNewHO--popup-sa","searchOpenDialogs":true,"interaction":{"idSuffix":"CbBg"}},"wdio_ui5_key":"applicationmanagehandovers-display-component---AddNewHO--popup-sa"}]}
RESULT: {"script":"<script> [1562 bytes]","args":[{"selector":{"id":"application-managehandovers-display-component---AddNewHO--popup-sa","searchOpenDialogs":true,"interaction":{"idSuffix":"CbBg"}},"wdio_ui5_key":"applicationmanagehandovers-display-component---AddNewHO--popup-sa"}]}
RESULT: undefined
COMMAND: POST /session/97f842ea50bbcd53f5e58b39b44e661d/element - {"using":"xpath","value":"//*[@id=\"application-managehandovers-display-component---AddNewHO--popup-sa\"]"}
RESULT: {"using":"xpath","value":"//*[@id=\"application-managehandovers-display-component---AddNewHO--popup-sa\"]"}
COMMAND: POST /session/97f842ea50bbcd53f5e58b39b44e661d/element/f.4C3BA0BF09B228EDDC79F91E8A810388.d.A37A2B563E6F0630CD1C41D95663FE1E.e.8315/click - {}
RESULT: {}
COMMAND: POST /session/97f842ea50bbcd53f5e58b39b44e661d/execute/async - {"script":"<script> [1562 bytes]","args":[{"selector":{"controlType":"sap.m.Button","viewName":"etm.portal.ui.managehandovers.view.AddNewHO","viewId":"application-managehandovers-display-component---AddNewHO","i18NText":{"propertyName":"text","key":"select"},"searchOpenDialogs":true,"interaction":{"idSuffix":"BDI-content"}},"wdio_ui5_key":"etmportal.ui.managehandovers.view.AddNewHOsap.m.Button{\"propertyName\":\"text\",\"key\":\"select\"}"}]}
COMMAND: GET /session/97f842ea50bbcd53f5e58b39b44e661d/screenshot - {}
RESULT: {"script":"<script> [1562 bytes]","args":[{"selector":{"controlType":"sap.m.Button","viewName":"etm.portal.ui.managehandovers.view.AddNewHO","viewId":"application-managehandovers-display-component---AddNewHO","i18NText":{"propertyName":"text","key":"select"},"searchOpenDialogs":true,"interaction":{"idSuffix":"BDI-content"}},"wdio_ui5_key":"etmportal.ui.managehandovers.view.AddNewHOsap.m.Button{\"propertyName\":\"text\",\"key\":\"select\"}"}]}
RESULT: undefined
COMMAND: POST /session/97f842ea50bbcd53f5e58b39b44e661d/element - {"using":"xpath","value":"//*[@id=\"__button60\"]"}
RESULT: {}
RESULT: {"using":"xpath","value":"//*[@id=\"__button60\"]"}
COMMAND: POST /session/97f842ea50bbcd53f5e58b39b44e661d/element/f.4C3BA0BF09B228EDDC79F91E8A810388.d.A37A2B563E6F0630CD1C41D95663FE1E.e.8318/click - {}
RESULT: {}
COMMAND: GET /session/97f842ea50bbcd53f5e58b39b44e661d/screenshot - {}
RESULT: {}
COMMAND: POST /session/97f842ea50bbcd53f5e58b39b44e661d/execute/async - {"script":"<script> [1562 bytes]","args":[{"selector":{"id":"application-managehandovers-display-component---AddNewHO--confirmCreationButton","interaction":{"idSuffix":"BDI-content"}},"wdio_ui5_key":"applicationmanagehandovers-display-component---AddNewHO--confirmCreationButton"}]}
RESULT: {"script":"<script> [1562 bytes]","args":[{"selector":{"id":"application-managehandovers-display-component---AddNewHO--confirmCreationButton","interaction":{"idSuffix":"BDI-content"}},"wdio_ui5_key":"applicationmanagehandovers-display-component---AddNewHO--confirmCreationButton"}]}
RESULT: undefined
COMMAND: POST /session/97f842ea50bbcd53f5e58b39b44e661d/element - {"using":"xpath","value":"//*[@id=\"application-managehandovers-display-component---AddNewHO--confirmCreationButton\"]"}
RESULT: {"using":"xpath","value":"//*[@id=\"application-managehandovers-display-component---AddNewHO--confirmCreationButton\"]"}
COMMAND: POST /session/97f842ea50bbcd53f5e58b39b44e661d/element/f.4C3BA0BF09B228EDDC79F91E8A810388.d.A37A2B563E6F0630CD1C41D95663FE1E.e.8268/click - {}
RESULT: {}
COMMAND: GET /session/97f842ea50bbcd53f5e58b39b44e661d/screenshot - {}
RESULT: {}
COMMAND: POST /session/97f842ea50bbcd53f5e58b39b44e661d/execute/async - {"script":"<script> [1562 bytes]","args":[{"selector":{"controlType":"sap.m.Text","viewName":"etm.portal.ui.managehandovers.view.DetailExecuteHO","bindingPath":{"propertyPath":"NO","modelName":"catalogModel"}},"wdio_ui5_key":"etmportal.ui.managehandovers.view.DetailExecuteHOsap.m.Text{\"propertyPath\":\"NO\",\"modelName\":\"catalogModel\"}"}]}
RESULT: {"script":"<script> [1562 bytes]","args":[{"selector":{"controlType":"sap.m.Text","viewName":"etm.portal.ui.managehandovers.view.DetailExecuteHO","bindingPath":{"propertyPath":"NO","modelName":"catalogModel"}},"wdio_ui5_key":"etmportal.ui.managehandovers.view.DetailExecuteHOsap.m.Text{\"propertyPath\":\"NO\",\"modelName\":\"catalogModel\"}"}]}
RESULT: undefined
COMMAND: POST /session/97f842ea50bbcd53f5e58b39b44e661d/execute/async - {"script":"<script> [6424 bytes]","args":[{"element-6066-11e4-a52e-4f735466cecf":"f.4C3BA0BF09B228EDDC79F91E8A810388.d.A37A2B563E6F0630CD1C41D95663FE1E.e.8369"},"getText",[]]}
RESULT: {"script":"<script> [6424 bytes]","args":[{"element-6066-11e4-a52e-4f735466cecf":"f.4C3BA0BF09B228EDDC79F91E8A810388.d.A37A2B563E6F0630CD1C41D95663FE1E.e.8369"},"getText",[]]}
COMMAND: POST /session/97f842ea50bbcd53f5e58b39b44e661d/element - {"using":"xpath","value":"//a[contains(@data-kt ,\"GeneralSectionSendContractLink\")]"}
RESULT: {"using":"xpath","value":"//a[contains(@data-kt ,\"GeneralSectionSendContractLink\")]"}
COMMAND: POST /session/97f842ea50bbcd53f5e58b39b44e661d/element/f.4C3BA0BF09B228EDDC79F91E8A810388.d.A37A2B563E6F0630CD1C41D95663FE1E.e.8370/click - {}
RESULT: {}
COMMAND: GET /session/97f842ea50bbcd53f5e58b39b44e661d/screenshot - {}
RESULT: {}
COMMAND: POST /session/97f842ea50bbcd53f5e58b39b44e661d/element - {"using":"xpath","value":"//a[contains(@data-kt ,\"ContextMenuId2Link\")]"}
RESULT: {"using":"xpath","value":"//a[contains(@data-kt ,\"ContextMenuId2Link\")]"}
COMMAND: POST /session/97f842ea50bbcd53f5e58b39b44e661d/elements - {"using":"xpath","value":"//a[contains(@data-kt ,\"ContextMenuId2Link\")]"}
RESULT: {"using":"xpath","value":"//a[contains(@data-kt ,\"ContextMenuId2Link\")]"}
COMMAND: POST /session/97f842ea50bbcd53f5e58b39b44e661d/element/f.4C3BA0BF09B228EDDC79F91E8A810388.d.A37A2B563E6F0630CD1C41D95663FE1E.e.8374/click - {}
RESULT: undefined
RESULT: undefined
RESULT: {}
COMMAND: GET /session/97f842ea50bbcd53f5e58b39b44e661d/screenshot - {}
RESULT: {}
COMMAND: POST /session/97f842ea50bbcd53f5e58b39b44e661d/execute/async - {"script":"<script> [1562 bytes]","args":[{"selector":{"controlType":"sap.m.Link","viewName":"etm.portal.ui.managehandovers.view.DetailExecuteHO","properties":{"text":"Contract Overview"},"searchOpenDialogs":true},"wdio_ui5_key":"etmportal.ui.managehandovers.view.DetailExecuteHOsap.m.Link{\"text\":\"Contract Overview\"}"}]}
RESULT: {"script":"<script> [1562 bytes]","args":[{"selector":{"controlType":"sap.m.Link","viewName":"etm.portal.ui.managehandovers.view.DetailExecuteHO","properties":{"text":"Contract Overview"},"searchOpenDialogs":true},"wdio_ui5_key":"etmportal.ui.managehandovers.view.DetailExecuteHOsap.m.Link{\"text\":\"Contract Overview\"}"}]}
RESULT: undefined
RESULT: undefined
COMMAND: POST /session/97f842ea50bbcd53f5e58b39b44e661d/execute/async - {"script":"<script> [6424 bytes]","args":[{"element-6066-11e4-a52e-4f735466cecf":"f.4C3BA0BF09B228EDDC79F91E8A810388.d.A37A2B563E6F0630CD1C41D95663FE1E.e.8141"},"getText",[]]}
COMMAND: POST /session/97f842ea50bbcd53f5e58b39b44e661d/execute/async - {"script":"<script> [1562 bytes]","args":[{"selector":{"controlType":"sap.m.ObjectStatus","viewName":"etm.portal.ui.managecontracts.view.Detail","bindingPath":{"propertyPath":"LINK_TO_LOGISTICAL_STATUS/DESCRIPTION","modelName":"catalogModel"}},"wdio_ui5_key":"etmportal.ui.managecontracts.view.Detailsap.m.ObjectStatus{\"propertyPath\":\"LINK_TO_LOGISTICAL_STATUS/DESCRIPTION\",\"modelName\":\"catalogModel\"}"}]}
RESULT: {"script":"<script> [1562 bytes]","args":[{"selector":{"controlType":"sap.m.ObjectStatus","viewName":"etm.portal.ui.managecontracts.view.Detail","bindingPath":{"propertyPath":"LINK_TO_LOGISTICAL_STATUS/DESCRIPTION","modelName":"catalogModel"}},"wdio_ui5_key":"etmportal.ui.managecontracts.view.Detailsap.m.ObjectStatus{\"propertyPath\":\"LINK_TO_LOGISTICAL_STATUS/DESCRIPTION\",\"modelName\":\"catalogModel\"}"}]}
COMMAND: POST /session/97f842ea50bbcd53f5e58b39b44e661d/execute/async - {"script":"<script> [6424 bytes]","args":[{"element-6066-11e4-a52e-4f735466cecf":"f.4C3BA0BF09B228EDDC79F91E8A810388.d.A37A2B563E6F0630CD1C41D95663FE1E.e.8567"},"getText",[]]}
RESULT: {"script":"<script> [6424 bytes]","args":[{"element-6066-11e4-a52e-4f735466cecf":"f.4C3BA0BF09B228EDDC79F91E8A810388.d.A37A2B563E6F0630CD1C41D95663FE1E.e.8567"},"getText",[]]}
RESULT: undefined
COMMAND: POST /session/97f842ea50bbcd53f5e58b39b44e661d/execute/async - {"script":"<script> [6424 bytes]","args":[{"element-6066-11e4-a52e-4f735466cecf":"f.4C3BA0BF09B228EDDC79F91E8A810388.d.A37A2B563E6F0630CD1C41D95663FE1E.e.8142"},"getText",[]]}
COMMAND: POST /session/97f842ea50bbcd53f5e58b39b44e661d/execute/async - {"script":"<script> [1562 bytes]","args":[{"selector":{"controlType":"sap.m.ObjectStatus","viewName":"etm.portal.ui.managecontracts.view.Detail","bindingPath":{"propertyPath":"LINK_TO_COMMERCIAL_STATUS/DESCRIPTION","modelName":"catalogModel"}},"wdio_ui5_key":"etmportal.ui.managecontracts.view.Detailsap.m.ObjectStatus{\"propertyPath\":\"LINK_TO_COMMERCIAL_STATUS/DESCRIPTION\",\"modelName\":\"catalogModel\"}"}]}
RESULT: {"script":"<script> [1562 bytes]","args":[{"selector":{"controlType":"sap.m.ObjectStatus","viewName":"etm.portal.ui.managecontracts.view.Detail","bindingPath":{"propertyPath":"LINK_TO_COMMERCIAL_STATUS/DESCRIPTION","modelName":"catalogModel"}},"wdio_ui5_key":"etmportal.ui.managecontracts.view.Detailsap.m.ObjectStatus{\"propertyPath\":\"LINK_TO_COMMERCIAL_STATUS/DESCRIPTION\",\"modelName\":\"catalogModel\"}"}]}
COMMAND: POST /session/97f842ea50bbcd53f5e58b39b44e661d/execute/async - {"script":"<script> [6424 bytes]","args":[{"element-6066-11e4-a52e-4f735466cecf":"f.4C3BA0BF09B228EDDC79F91E8A810388.d.A37A2B563E6F0630CD1C41D95663FE1E.e.8568"},"getText",[]]}
RESULT: {"script":"<script> [6424 bytes]","args":[{"element-6066-11e4-a52e-4f735466cecf":"f.4C3BA0BF09B228EDDC79F91E8A810388.d.A37A2B563E6F0630CD1C41D95663FE1E.e.8568"},"getText",[]]}
COMMAND: POST /session/97f842ea50bbcd53f5e58b39b44e661d/execute/async - {"script":"<script> [1562 bytes]","args":[{"selector":{"id":"backBtn"},"wdio_ui5_key":"backBtn"}]}
RESULT: {"script":"<script> [1562 bytes]","args":[{"selector":{"id":"backBtn"},"wdio_ui5_key":"backBtn"}]}
RESULT: undefined
COMMAND: POST /session/97f842ea50bbcd53f5e58b39b44e661d/element - {"using":"xpath","value":"//*[@id=\"backBtn\"]"}
RESULT: {"using":"xpath","value":"//*[@id=\"backBtn\"]"}
COMMAND: POST /session/97f842ea50bbcd53f5e58b39b44e661d/element/f.4C3BA0BF09B228EDDC79F91E8A810388.d.A37A2B563E6F0630CD1C41D95663FE1E.e.8569/click - {}
RESULT: {}
COMMAND: GET /session/97f842ea50bbcd53f5e58b39b44e661d/screenshot - {}
RESULT: {}
COMMAND: POST /session/97f842ea50bbcd53f5e58b39b44e661d/execute/async - {"script":"<script> [1562 bytes]","args":[{"selector":{"controlType":"sap.m.Button","viewName":"etm.portal.ui.managehandovers.view.DetailExecuteHO","i18NText":{"propertyName":"text","key":"confirmAll"},"interaction":{"idSuffix":"BDI-content"}},"wdio_ui5_key":"etmportal.ui.managehandovers.view.DetailExecuteHOsap.m.Button{\"propertyName\":\"text\",\"key\":\"confirmAll\"}"}]}
RESULT: {"script":"<script> [1562 bytes]","args":[{"selector":{"controlType":"sap.m.Button","viewName":"etm.portal.ui.managehandovers.view.DetailExecuteHO","i18NText":{"propertyName":"text","key":"confirmAll"},"interaction":{"idSuffix":"BDI-content"}},"wdio_ui5_key":"etmportal.ui.managehandovers.view.DetailExecuteHOsap.m.Button{\"propertyName\":\"text\",\"key\":\"confirmAll\"}"}]}
RESULT: undefined
COMMAND: POST /session/97f842ea50bbcd53f5e58b39b44e661d/element - {"using":"xpath","value":"//*[@id=\"__button143\"]"}
RESULT: {"using":"xpath","value":"//*[@id=\"__button143\"]"}
COMMAND: POST /session/97f842ea50bbcd53f5e58b39b44e661d/element/f.4C3BA0BF09B228EDDC79F91E8A810388.d.A37A2B563E6F0630CD1C41D95663FE1E.e.8733/click - {}
RESULT: {}
COMMAND: POST /session/97f842ea50bbcd53f5e58b39b44e661d/execute/async - {"script":"<script> [1562 bytes]","args":[{"selector":{"controlType":"sap.m.Button","properties":{"text":"OK"},"searchOpenDialogs":true,"interaction":{"idSuffix":"BDI-content"}},"wdio_ui5_key":"sapm.Button{\"text\":\"OK\"}"}]}
COMMAND: GET /session/97f842ea50bbcd53f5e58b39b44e661d/screenshot - {}
RESULT: {"script":"<script> [1562 bytes]","args":[{"selector":{"controlType":"sap.m.Button","properties":{"text":"OK"},"searchOpenDialogs":true,"interaction":{"idSuffix":"BDI-content"}},"wdio_ui5_key":"sapm.Button{\"text\":\"OK\"}"}]}
RESULT: undefined
COMMAND: POST /session/97f842ea50bbcd53f5e58b39b44e661d/element - {"using":"xpath","value":"//*[@id=\"__mbox-btn-0\"]"}
RESULT: {}
RESULT: {"using":"xpath","value":"//*[@id=\"__mbox-btn-0\"]"}
COMMAND: POST /session/97f842ea50bbcd53f5e58b39b44e661d/element/f.4C3BA0BF09B228EDDC79F91E8A810388.d.A37A2B563E6F0630CD1C41D95663FE1E.e.8736/click - {}
RESULT: {}
COMMAND: GET /session/97f842ea50bbcd53f5e58b39b44e661d/screenshot - {}
RESULT: {}
COMMAND: POST /session/97f842ea50bbcd53f5e58b39b44e661d/element - {"using":"xpath","value":"//button[contains(@data-kt ,\"execHoIssueFooterButton\")]"}
RESULT: {"using":"xpath","value":"//button[contains(@data-kt ,\"execHoIssueFooterButton\")]"}
COMMAND: POST /session/97f842ea50bbcd53f5e58b39b44e661d/element/f.4C3BA0BF09B228EDDC79F91E8A810388.d.A37A2B563E6F0630CD1C41D95663FE1E.e.8740/click - {}
RESULT: {}
COMMAND: GET /session/97f842ea50bbcd53f5e58b39b44e661d/screenshot - {}
RESULT: {}
COMMAND: POST /session/97f842ea50bbcd53f5e58b39b44e661d/refresh - {}
RESULT: {}
COMMAND: GET /session/97f842ea50bbcd53f5e58b39b44e661d/screenshot - {}
RESULT: {}
COMMAND: POST /session/97f842ea50bbcd53f5e58b39b44e661d/refresh - {}
RESULT: {}
COMMAND: GET /session/97f842ea50bbcd53f5e58b39b44e661d/screenshot - {}
RESULT: {}
COMMAND: POST /session/97f842ea50bbcd53f5e58b39b44e661d/execute/async - {"script":"<script> [189 bytes]","args":[]}
RESULT: {"script":"<script> [189 bytes]","args":[]}
COMMAND: POST /session/97f842ea50bbcd53f5e58b39b44e661d/execute/async - {"script":"<script> [123 bytes]","args":[]}
RESULT: {"script":"<script> [123 bytes]","args":[]}
COMMAND: POST /session/97f842ea50bbcd53f5e58b39b44e661d/timeouts - {"script":"<number>"}
RESULT: {"script":"<number>"}
COMMAND: GET /session/97f842ea50bbcd53f5e58b39b44e661d/timeouts - {}
RESULT: {}
RESULT: undefined
COMMAND: POST /session/97f842ea50bbcd53f5e58b39b44e661d/execute/async - {"script":"<script> [2676 bytes]","args":[]}
RESULT: {"script":"<script> [2676 bytes]","args":[]}
COMMAND: POST /session/97f842ea50bbcd53f5e58b39b44e661d/execute/async - {"script":"<script> [2342 bytes]","args":[{"protocol":"http","hostname":"0.0.0.0","path":"/","capabilities":{"browserName":"chrome","goog:chromeOptions":{"binary":"C:\\Program Files\\Google\\Chrome\\Application\\chrome.exe","args":["--start-maximized"]}},"logLevel":"warn","connectionRetryTimeout":120000,"connectionRetryCount":3,"logLevels":{},"enableDirectConnect":true,"strictSSL":true,"_":"65 more keys: [\"cacheDir\",\"port\",\"requestedCapabilities\",\"automationProtocol\",\"baseUrl\",\"waitforInterval\",\"waitforTimeout\",\"onReload\",\"beforeCommand\",\"afterCommand\",\"rootDir\",\"specs\",\"suites\",\"exclude\",\"groupLogsByTestSpec\",\"excludeDriverLogs\",\"bail\",\"framework\",\"reporters\",\"services\",\"maxInstances\",\"maxInstancesPerCapability\",\"injectGlobals\",\"filesToWatch\",\"execArgv\",\"runnerEnv\",\"runner\",\"shard\",\"specFileRetries\",\"specFileRetriesDelay\",\"specFileRetriesDeferred\",\"reporterSyncInterval\",\"reporterSyncTimeout\",\"cucumberFeaturesWithLineNumbers\",\"autoCompileOpts\",\"mochaOpts\",\"jasmineOpts\",\"cucumberOpts\",\"onPrepare\",\"onWorkerStart\",\"onWorkerEnd\",\"before\",\"beforeSession\",\"beforeSuite\",\"beforeHook\",\"beforeTest\",\"afterTest\",\"afterHook\",\"afterSuite\",\"afterSession\",\"after\",\"onComplete\",\"beforeAssertion\",\"afterAssertion\",\"beforeFeature\",\"beforeScenario\",\"beforeStep\",\"afterStep\",\"afterScenario\",\"afterFeature\",\"_\",\"suite\",\"$0\",\"ignoredWorkerServices\",\"wdi5\"]"}]}
RESULT: {"script":"<script> [2342 bytes]","args":[{"protocol":"http","hostname":"0.0.0.0","path":"/","capabilities":{"browserName":"chrome","goog:chromeOptions":{"binary":"C:\\Program Files\\Google\\Chrome\\Application\\chrome.exe","args":["--start-maximized"]}},"logLevel":"warn","connectionRetryTimeout":120000,"connectionRetryCount":3,"logLevels":{},"enableDirectConnect":true,"strictSSL":true,"_":"65 more keys: [\"cacheDir\",\"port\",\"requestedCapabilities\",\"automationProtocol\",\"baseUrl\",\"waitforInterval\",\"waitforTimeout\",\"onReload\",\"beforeCommand\",\"afterCommand\",\"rootDir\",\"specs\",\"suites\",\"exclude\",\"groupLogsByTestSpec\",\"excludeDriverLogs\",\"bail\",\"framework\",\"reporters\",\"services\",\"maxInstances\",\"maxInstancesPerCapability\",\"injectGlobals\",\"filesToWatch\",\"execArgv\",\"runnerEnv\",\"runner\",\"shard\",\"specFileRetries\",\"specFileRetriesDelay\",\"specFileRetriesDeferred\",\"reporterSyncInterval\",\"reporterSyncTimeout\",\"cucumberFeaturesWithLineNumbers\",\"autoCompileOpts\",\"mochaOpts\",\"jasmineOpts\",\"cucumberOpts\",\"onPrepare\",\"onWorkerStart\",\"onWorkerEnd\",\"before\",\"beforeSession\",\"beforeSuite\",\"beforeHook\",\"beforeTest\",\"afterTest\",\"afterHook\",\"afterSuite\",\"afterSession\",\"after\",\"onComplete\",\"beforeAssertion\",\"afterAssertion\",\"beforeFeature\",\"beforeScenario\",\"beforeStep\",\"afterStep\",\"afterScenario\",\"afterFeature\",\"_\",\"suite\",\"$0\",\"ignoredWorkerServices\",\"wdi5\"]"}]}
COMMAND: POST /session/97f842ea50bbcd53f5e58b39b44e661d/execute/async - {"script":"<script> [21126 bytes]","args":[35000]}
RESULT: {"script":"<script> [21126 bytes]","args":[35000]}
COMMAND: POST /session/97f842ea50bbcd53f5e58b39b44e661d/execute/async - {"script":"<script> [1562 bytes]","args":[{"selector":{"controlType":"sap.m.SearchField","viewName":"etm.portal.ui.managehandovers.view.MasterHO","bindingPath":{"path":"","propertyPath":"/_BASIC_SEARCH_FIELD","modelName":"fi1t3rM0d31"},"interaction":{"idSuffix":"I"}},"wdio_ui5_key":"etmportal.ui.managehandovers.view.MasterHOsap.m.SearchField{\"path\":\"\",\"propertyPath\":\"/_BASIC_SEARCH_FIELD\",\"modelName\":\"fi1t3rM0d31\"}"}]}
RESULT: {"script":"<script> [1562 bytes]","args":[{"selector":{"controlType":"sap.m.SearchField","viewName":"etm.portal.ui.managehandovers.view.MasterHO","bindingPath":{"path":"","propertyPath":"/_BASIC_SEARCH_FIELD","modelName":"fi1t3rM0d31"},"interaction":{"idSuffix":"I"}},"wdio_ui5_key":"etmportal.ui.managehandovers.view.MasterHOsap.m.SearchField{\"path\":\"\",\"propertyPath\":\"/_BASIC_SEARCH_FIELD\",\"modelName\":\"fi1t3rM0d31\"}"}]}
RESULT: undefined
COMMAND: POST /session/97f842ea50bbcd53f5e58b39b44e661d/execute/async - {"script":"<script> [776 bytes]","args":[{"enterText":"30628","selector":{"controlType":"sap.m.SearchField","viewName":"etm.portal.ui.managehandovers.view.MasterHO","bindingPath":{"path":"","propertyPath":"/_BASIC_SEARCH_FIELD","modelName":"fi1t3rM0d31"},"interaction":{"idSuffix":"I"}},"clearTextFirst":true,"interactionType":"ENTER_TEXT"}]}
RESULT: {"script":"<script> [776 bytes]","args":[{"enterText":"30628","selector":{"controlType":"sap.m.SearchField","viewName":"etm.portal.ui.managehandovers.view.MasterHO","bindingPath":{"path":"","propertyPath":"/_BASIC_SEARCH_FIELD","modelName":"fi1t3rM0d31"},"interaction":{"idSuffix":"I"}},"clearTextFirst":true,"interactionType":"ENTER_TEXT"}]}
COMMAND: POST /session/97f842ea50bbcd53f5e58b39b44e661d/actions - {"actions":[{"id":"action21","type":"key","parameters":{},"actions":[{"type":"keyDown","value":""},{"type":"pause","duration":10},{"type":"keyUp","value":""}]}]}
RESULT: {"actions":[{"id":"action21","type":"key","parameters":{},"actions":[{"type":"keyDown","value":""},{"type":"pause","duration":10},{"type":"keyUp","value":""}]}]}
COMMAND: GET /session/97f842ea50bbcd53f5e58b39b44e661d/screenshot - {}
RESULT: {}
COMMAND: POST /session/97f842ea50bbcd53f5e58b39b44e661d/execute/async - {"script":"<script> [1562 bytes]","args":[{"selector":{"controlType":"sap.m.Title","viewName":"etm.portal.ui.managehandovers.view.MasterHO","properties":{"text":"Records (1)"}},"wdio_ui5_key":"etmportal.ui.managehandovers.view.MasterHOsap.m.Title{\"text\":\"Records (1)\"}"}]}
RESULT: {"script":"<script> [1562 bytes]","args":[{"selector":{"controlType":"sap.m.Title","viewName":"etm.portal.ui.managehandovers.view.MasterHO","properties":{"text":"Records (1)"}},"wdio_ui5_key":"etmportal.ui.managehandovers.view.MasterHOsap.m.Title{\"text\":\"Records (1)\"}"}]}
RESULT: undefined
COMMAND: POST /session/97f842ea50bbcd53f5e58b39b44e661d/execute/async - {"script":"<script> [6424 bytes]","args":[{"element-6066-11e4-a52e-4f735466cecf":"f.4C3BA0BF09B228EDDC79F91E8A810388.d.C3B32C65AC805774F5BD2223814FA870.e.9081"},"getText",[]]}
RESULT: {"script":"<script> [6424 bytes]","args":[{"element-6066-11e4-a52e-4f735466cecf":"f.4C3BA0BF09B228EDDC79F91E8A810388.d.C3B32C65AC805774F5BD2223814FA870.e.9081"},"getText",[]]}
COMMAND: POST /session/97f842ea50bbcd53f5e58b39b44e661d/execute/async - {"script":"<script> [1562 bytes]","args":[{"selector":{"controlType":"sap.ui.core.Icon","viewName":"etm.portal.ui.managehandovers.view.MasterHO","properties":{"src":{"regex":{"source":"slim\\-arrow\\-right"}}}},"wdio_ui5_key":"etmportal.ui.managehandovers.view.MasterHOsap.ui.core.Icon{\"src\":{\"regex\":{\"source\":\"slim\\\\-arrow\\\\-right\"}}}"}]}
RESULT: {"script":"<script> [1562 bytes]","args":[{"selector":{"controlType":"sap.ui.core.Icon","viewName":"etm.portal.ui.managehandovers.view.MasterHO","properties":{"src":{"regex":{"source":"slim\\-arrow\\-right"}}}},"wdio_ui5_key":"etmportal.ui.managehandovers.view.MasterHOsap.ui.core.Icon{\"src\":{\"regex\":{\"source\":\"slim\\\\-arrow\\\\-right\"}}}"}]}
RESULT: undefined
COMMAND: POST /session/97f842ea50bbcd53f5e58b39b44e661d/element - {"using":"xpath","value":"//*[@id=\"__item30-__clone16-imgNav\"]"}
RESULT: {"using":"xpath","value":"//*[@id=\"__item30-__clone16-imgNav\"]"}
COMMAND: POST /session/97f842ea50bbcd53f5e58b39b44e661d/element/f.4C3BA0BF09B228EDDC79F91E8A810388.d.C3B32C65AC805774F5BD2223814FA870.e.9080/click - {}
RESULT: {}
COMMAND: GET /session/97f842ea50bbcd53f5e58b39b44e661d/screenshot - {}
RESULT: {}
COMMAND: POST /session/97f842ea50bbcd53f5e58b39b44e661d/execute/async - {"script":"<script> [1562 bytes]","args":[{"selector":{"controlType":"sap.m.ObjectStatus","viewName":"etm.portal.ui.managehandovers.view.DetailManageHO","viewId":"application-managehandovers-display-component---detailManageHO","labelFor":{"text":"Status"}},"wdio_ui5_key":"etmportal.ui.managehandovers.view.DetailManageHOsap.m.ObjectStatus{\"text\":\"Status\"}"}]}
RESULT: {"script":"<script> [1562 bytes]","args":[{"selector":{"controlType":"sap.m.ObjectStatus","viewName":"etm.portal.ui.managehandovers.view.DetailManageHO","viewId":"application-managehandovers-display-component---detailManageHO","labelFor":{"text":"Status"}},"wdio_ui5_key":"etmportal.ui.managehandovers.view.DetailManageHOsap.m.ObjectStatus{\"text\":\"Status\"}"}]}
RESULT: undefined
COMMAND: POST /session/97f842ea50bbcd53f5e58b39b44e661d/execute/async - {"script":"<script> [6424 bytes]","args":[{"element-6066-11e4-a52e-4f735466cecf":"f.4C3BA0BF09B228EDDC79F91E8A810388.d.C3B32C65AC805774F5BD2223814FA870.e.9169"},"getText",[]]}
RESULT: {"script":"<script> [6424 bytes]","args":[{"element-6066-11e4-a52e-4f735466cecf":"f.4C3BA0BF09B228EDDC79F91E8A810388.d.C3B32C65AC805774F5BD2223814FA870.e.9169"},"getText",[]]}
COMMAND: POST /session/97f842ea50bbcd53f5e58b39b44e661d/element - {"using":"xpath","value":"//a[contains(@data-kt ,\"GeneralSectionSendContractLink\")]"}
RESULT: {"using":"xpath","value":"//a[contains(@data-kt ,\"GeneralSectionSendContractLink\")]"}
COMMAND: POST /session/97f842ea50bbcd53f5e58b39b44e661d/element/f.4C3BA0BF09B228EDDC79F91E8A810388.d.C3B32C65AC805774F5BD2223814FA870.e.9170/click - {}
RESULT: {}
COMMAND: GET /session/97f842ea50bbcd53f5e58b39b44e661d/screenshot - {}
RESULT: {}
COMMAND: POST /session/97f842ea50bbcd53f5e58b39b44e661d/elements - {"using":"xpath","value":"//a[contains(@data-kt ,\"ContextMenuId2Link\")]"}
RESULT: {"using":"xpath","value":"//a[contains(@data-kt ,\"ContextMenuId2Link\")]"}
COMMAND: POST /session/97f842ea50bbcd53f5e58b39b44e661d/element/f.4C3BA0BF09B228EDDC79F91E8A810388.d.A37A2B563E6F0630CD1C41D95663FE1E.e.8374/click - {}
COMMAND: POST /session/97f842ea50bbcd53f5e58b39b44e661d/element - {"using":"xpath","value":"//a[contains(@data-kt ,\"ContextMenuId2Link\")]"}
RESULT: {"using":"xpath","value":"//a[contains(@data-kt ,\"ContextMenuId2Link\")]"}
COMMAND: POST /session/97f842ea50bbcd53f5e58b39b44e661d/element/f.4C3BA0BF09B228EDDC79F91E8A810388.d.A37A2B563E6F0630CD1C41D95663FE1E.e.8374/click - {}
COMMAND: POST /session/97f842ea50bbcd53f5e58b39b44e661d/element - {"using":"xpath","value":"//a[contains(@data-kt ,\"ContextMenuId2Link\")]"}
RESULT: {"using":"xpath","value":"//a[contains(@data-kt ,\"ContextMenuId2Link\")]"}
COMMAND: POST /session/97f842ea50bbcd53f5e58b39b44e661d/element/f.4C3BA0BF09B228EDDC79F91E8A810388.d.C3B32C65AC805774F5BD2223814FA870.e.9173/click - {}
RESULT: {}
COMMAND: GET /session/97f842ea50bbcd53f5e58b39b44e661d/screenshot - {}
RESULT: {}
RESULT: undefined
COMMAND: POST /session/97f842ea50bbcd53f5e58b39b44e661d/execute/async - {"script":"<script> [1562 bytes]","args":[{"selector":{"controlType":"sap.m.ObjectStatus","viewName":"etm.portal.ui.managecontracts.view.Detail","bindingPath":{"propertyPath":"LINK_TO_COMMERCIAL_STATUS/DESCRIPTION","modelName":"catalogModel"}},"wdio_ui5_key":"etmportal.ui.managecontracts.view.Detailsap.m.ObjectStatus{\"propertyPath\":\"LINK_TO_COMMERCIAL_STATUS/DESCRIPTION\",\"modelName\":\"catalogModel\"}"}]}
RESULT: {"script":"<script> [1562 bytes]","args":[{"selector":{"controlType":"sap.m.ObjectStatus","viewName":"etm.portal.ui.managecontracts.view.Detail","bindingPath":{"propertyPath":"LINK_TO_COMMERCIAL_STATUS/DESCRIPTION","modelName":"catalogModel"}},"wdio_ui5_key":"etmportal.ui.managecontracts.view.Detailsap.m.ObjectStatus{\"propertyPath\":\"LINK_TO_COMMERCIAL_STATUS/DESCRIPTION\",\"modelName\":\"catalogModel\"}"}]}
RESULT: undefined
COMMAND: POST /session/97f842ea50bbcd53f5e58b39b44e661d/execute/async - {"script":"<script> [6424 bytes]","args":[{"element-6066-11e4-a52e-4f735466cecf":"f.4C3BA0BF09B228EDDC79F91E8A810388.d.C3B32C65AC805774F5BD2223814FA870.e.9397"},"getText",[]]}
RESULT: {"script":"<script> [6424 bytes]","args":[{"element-6066-11e4-a52e-4f735466cecf":"f.4C3BA0BF09B228EDDC79F91E8A810388.d.C3B32C65AC805774F5BD2223814FA870.e.9397"},"getText",[]]}
COMMAND: POST /session/97f842ea50bbcd53f5e58b39b44e661d/execute/async - {"script":"<script> [1562 bytes]","args":[{"selector":{"controlType":"sap.m.ObjectStatus","viewName":"etm.portal.ui.managecontracts.view.Detail","bindingPath":{"propertyPath":"LINK_TO_LOGISTICAL_STATUS/DESCRIPTION","modelName":"catalogModel"}},"wdio_ui5_key":"etmportal.ui.managecontracts.view.Detailsap.m.ObjectStatus{\"propertyPath\":\"LINK_TO_LOGISTICAL_STATUS/DESCRIPTION\",\"modelName\":\"catalogModel\"}"}]}
RESULT: {"script":"<script> [1562 bytes]","args":[{"selector":{"controlType":"sap.m.ObjectStatus","viewName":"etm.portal.ui.managecontracts.view.Detail","bindingPath":{"propertyPath":"LINK_TO_LOGISTICAL_STATUS/DESCRIPTION","modelName":"catalogModel"}},"wdio_ui5_key":"etmportal.ui.managecontracts.view.Detailsap.m.ObjectStatus{\"propertyPath\":\"LINK_TO_LOGISTICAL_STATUS/DESCRIPTION\",\"modelName\":\"catalogModel\"}"}]}
RESULT: undefined
COMMAND: POST /session/97f842ea50bbcd53f5e58b39b44e661d/execute/async - {"script":"<script> [6424 bytes]","args":[{"element-6066-11e4-a52e-4f735466cecf":"f.4C3BA0BF09B228EDDC79F91E8A810388.d.C3B32C65AC805774F5BD2223814FA870.e.9398"},"getText",[]]}
RESULT: {"script":"<script> [6424 bytes]","args":[{"element-6066-11e4-a52e-4f735466cecf":"f.4C3BA0BF09B228EDDC79F91E8A810388.d.C3B32C65AC805774F5BD2223814FA870.e.9398"},"getText",[]]}
COMMAND: POST /session/97f842ea50bbcd53f5e58b39b44e661d/element - {"using":"xpath","value":"//button[@data-kt=\"contractDetailEditBtnButton\"]"}
RESULT: {"using":"xpath","value":"//button[@data-kt=\"contractDetailEditBtnButton\"]"}
COMMAND: POST /session/97f842ea50bbcd53f5e58b39b44e661d/element/f.4C3BA0BF09B228EDDC79F91E8A810388.d.C3B32C65AC805774F5BD2223814FA870.e.9233/click - {}
RESULT: {}
COMMAND: GET /session/97f842ea50bbcd53f5e58b39b44e661d/screenshot - {}
RESULT: {}
COMMAND: POST /session/97f842ea50bbcd53f5e58b39b44e661d/element - {"using":"xpath","value":"(//span[contains(text(), \"Additional Addresses\")])[2]"}
RESULT: {"using":"xpath","value":"(//span[contains(text(), \"Additional Addresses\")])[2]"}
COMMAND: POST /session/97f842ea50bbcd53f5e58b39b44e661d/element/f.4C3BA0BF09B228EDDC79F91E8A810388.d.C3B32C65AC805774F5BD2223814FA870.e.9457/click - {}
RESULT: {}
COMMAND: GET /session/97f842ea50bbcd53f5e58b39b44e661d/screenshot - {}
RESULT: {}
COMMAND: POST /session/97f842ea50bbcd53f5e58b39b44e661d/element - {"using":"xpath","value":"//button[@data-kt=\"btnAddTableRowOverflowToolbarButton\"]"}
RESULT: {"using":"xpath","value":"//button[@data-kt=\"btnAddTableRowOverflowToolbarButton\"]"}
COMMAND: POST /session/97f842ea50bbcd53f5e58b39b44e661d/element/f.4C3BA0BF09B228EDDC79F91E8A810388.d.C3B32C65AC805774F5BD2223814FA870.e.9461/click - {}
RESULT: {}
COMMAND: GET /session/97f842ea50bbcd53f5e58b39b44e661d/screenshot - {}
RESULT: {}
COMMAND: POST /session/97f842ea50bbcd53f5e58b39b44e661d/element - {"using":"xpath","value":"//div[(text() = 'Standard Entry' or . = 'Standard Entry')]"}
RESULT: {"using":"xpath","value":"//div[(text() = 'Standard Entry' or . = 'Standard Entry')]"}
COMMAND: POST /session/97f842ea50bbcd53f5e58b39b44e661d/element/f.4C3BA0BF09B228EDDC79F91E8A810388.d.C3B32C65AC805774F5BD2223814FA870.e.9463/click - {}
RESULT: {}
COMMAND: POST /session/97f842ea50bbcd53f5e58b39b44e661d/execute/async - {"script":"<script> [1562 bytes]","args":[{"selector":{"controlType":"sap.ui.core.Icon","viewName":"etm.portal.ui.managecontracts.view.EditContract","properties":{"src":{"regex":{"source":"slim\\-arrow\\-down"}}},"ancestor":{"controlType":"sap.m.ComboBox","viewName":"etm.portal.ui.managecontracts.view.EditContract","bindingPath":{"propertyPath":"RU_TYPE","modelName":"catalogModel"}}},"wdio_ui5_key":"etmportal.ui.managecontracts.view.EditContractsap.ui.core.Icon{\"src\":{\"regex\":{\"source\":\"slim\\\\-arrow\\\\-down\"}}}{\"controlType\":\"sap.m.ComboBox\",\"viewName\":\"etm.portal.ui.managecontracts.view.EditContract\",\"bindingPath\":{\"propertyPath\":\"RU_TYPE\",\"modelName\":\"catalogModel\"}}"}]}
COMMAND: GET /session/97f842ea50bbcd53f5e58b39b44e661d/screenshot - {}
RESULT: {"script":"<script> [1562 bytes]","args":[{"selector":{"controlType":"sap.ui.core.Icon","viewName":"etm.portal.ui.managecontracts.view.EditContract","properties":{"src":{"regex":{"source":"slim\\-arrow\\-down"}}},"ancestor":{"controlType":"sap.m.ComboBox","viewName":"etm.portal.ui.managecontracts.view.EditContract","bindingPath":{"propertyPath":"RU_TYPE","modelName":"catalogModel"}}},"wdio_ui5_key":"etmportal.ui.managecontracts.view.EditContractsap.ui.core.Icon{\"src\":{\"regex\":{\"source\":\"slim\\\\-arrow\\\\-down\"}}}{\"controlType\":\"sap.m.ComboBox\",\"viewName\":\"etm.portal.ui.managecontracts.view.EditContract\",\"bindingPath\":{\"propertyPath\":\"RU_TYPE\",\"modelName\":\"catalogModel\"}}"}]}
RESULT: undefined
COMMAND: POST /session/97f842ea50bbcd53f5e58b39b44e661d/element - {"using":"xpath","value":"//*[@id=\"__box20-arrow\"]"}
RESULT: {}
RESULT: {"using":"xpath","value":"//*[@id=\"__box20-arrow\"]"}
COMMAND: POST /session/97f842ea50bbcd53f5e58b39b44e661d/element/f.4C3BA0BF09B228EDDC79F91E8A810388.d.C3B32C65AC805774F5BD2223814FA870.e.9478/click - {}
RESULT: {}
COMMAND: POST /session/97f842ea50bbcd53f5e58b39b44e661d/execute/async - {"script":"<script> [1562 bytes]","args":[{"selector":{"controlType":"sap.m.StandardListItem","viewName":"etm.portal.ui.managecontracts.view.EditContract","properties":{"title":"Material"},"searchOpenDialogs":true,"interaction":{"idSuffix":"content"}},"wdio_ui5_key":"etmportal.ui.managecontracts.view.EditContractsap.m.StandardListItem{\"title\":\"Material\"}"}]}
COMMAND: GET /session/97f842ea50bbcd53f5e58b39b44e661d/screenshot - {}
RESULT: {"script":"<script> [1562 bytes]","args":[{"selector":{"controlType":"sap.m.StandardListItem","viewName":"etm.portal.ui.managecontracts.view.EditContract","properties":{"title":"Material"},"searchOpenDialogs":true,"interaction":{"idSuffix":"content"}},"wdio_ui5_key":"etmportal.ui.managecontracts.view.EditContractsap.m.StandardListItem{\"title\":\"Material\"}"}]}
RESULT: undefined
COMMAND: POST /session/97f842ea50bbcd53f5e58b39b44e661d/element - {"using":"xpath","value":"//*[@id=\"__item96\"]"}
RESULT: {}
RESULT: {"using":"xpath","value":"//*[@id=\"__item96\"]"}
COMMAND: POST /session/97f842ea50bbcd53f5e58b39b44e661d/element/f.4C3BA0BF09B228EDDC79F91E8A810388.d.C3B32C65AC805774F5BD2223814FA870.e.9481/click - {}
RESULT: {}
COMMAND: POST /session/97f842ea50bbcd53f5e58b39b44e661d/element - {"using":"xpath","value":"//td[7]/div/div/input"}
COMMAND: GET /session/97f842ea50bbcd53f5e58b39b44e661d/screenshot - {}
RESULT: {"using":"xpath","value":"//td[7]/div/div/input"}
COMMAND: POST /session/97f842ea50bbcd53f5e58b39b44e661d/element/f.4C3BA0BF09B228EDDC79F91E8A810388.d.C3B32C65AC805774F5BD2223814FA870.e.9484/clear - {}
RESULT: {}
RESULT: {}
COMMAND: POST /session/97f842ea50bbcd53f5e58b39b44e661d/element/f.4C3BA0BF09B228EDDC79F91E8A810388.d.C3B32C65AC805774F5BD2223814FA870.e.9484/value - {"text":"WebdriverRUR2Cy3ku4"}
COMMAND: GET /session/97f842ea50bbcd53f5e58b39b44e661d/screenshot - {}
RESULT: {"text":"WebdriverRUR2Cy3ku4"}
COMMAND: GET /session/97f842ea50bbcd53f5e58b39b44e661d/screenshot - {}
RESULT: {}
RESULT: {}
COMMAND: POST /session/97f842ea50bbcd53f5e58b39b44e661d/actions - {"actions":[{"id":"action22","type":"key","parameters":{},"actions":[{"type":"keyDown","value":""},{"type":"pause","duration":10},{"type":"keyUp","value":""}]}]}
RESULT: {"actions":[{"id":"action22","type":"key","parameters":{},"actions":[{"type":"keyDown","value":""},{"type":"pause","duration":10},{"type":"keyUp","value":""}]}]}
COMMAND: GET /session/97f842ea50bbcd53f5e58b39b44e661d/screenshot - {}
RESULT: {}
COMMAND: POST /session/97f842ea50bbcd53f5e58b39b44e661d/element - {"using":"xpath","value":"//button[@data-kt=\"saveButton\"]"}
RESULT: {"using":"xpath","value":"//button[@data-kt=\"saveButton\"]"}
COMMAND: POST /session/97f842ea50bbcd53f5e58b39b44e661d/element/f.4C3BA0BF09B228EDDC79F91E8A810388.d.C3B32C65AC805774F5BD2223814FA870.e.9507/click - {}
RESULT: {}
COMMAND: GET /session/97f842ea50bbcd53f5e58b39b44e661d/screenshot - {}
RESULT: {}
RESULT: undefined
COMMAND: POST /session/97f842ea50bbcd53f5e58b39b44e661d/execute/async - {"script":"<script> [6424 bytes]","args":[{"element-6066-11e4-a52e-4f735466cecf":"f.4C3BA0BF09B228EDDC79F91E8A810388.d.C3B32C65AC805774F5BD2223814FA870.e.9398"},"getText",[]]}
RESULT: {"script":"<script> [6424 bytes]","args":[{"element-6066-11e4-a52e-4f735466cecf":"f.4C3BA0BF09B228EDDC79F91E8A810388.d.C3B32C65AC805774F5BD2223814FA870.e.9398"},"getText",[]]}
COMMAND: POST /session/97f842ea50bbcd53f5e58b39b44e661d/element - {"using":"css selector","value":"#j_username"}
COMMAND: POST /session/97f842ea50bbcd53f5e58b39b44e661d/url - {"url":"https://qa-testing-00-live-etm-ui.cfapps.eu10-004.hana.ondemand.com/"}
RESULT: {"using":"css selector","value":"#j_username"}
COMMAND: POST /session/97f842ea50bbcd53f5e58b39b44e661d/element - {"using":"css selector","value":"#j_username"}
RESULT: {"url":"https://qa-testing-00-live-etm-ui.cfapps.eu10-004.hana.ondemand.com/"}
RESULT: undefined
COMMAND: GET /session/97f842ea50bbcd53f5e58b39b44e661d/screenshot - {}
RESULT: {"using":"css selector","value":"#j_username"}
COMMAND: POST /session/97f842ea50bbcd53f5e58b39b44e661d/element - {"using":"css selector","value":"#shell-header-logo"}
RESULT: {}
RESULT: {"using":"css selector","value":"#shell-header-logo"}
COMMAND: POST /session/97f842ea50bbcd53f5e58b39b44e661d/execute/sync - {"script":"<script> [8489 bytes]","args":[{"element-6066-11e4-a52e-4f735466cecf":"f.4C3BA0BF09B228EDDC79F91E8A810388.d.E00A6FDDB04FBC4E138787E61EC1FF12.e.9518","ELEMENT":"f.4C3BA0BF09B228EDDC79F91E8A810388.d.E00A6FDDB04FBC4E138787E61EC1FF12.e.9518"}]}
RESULT: {"script":"<script> [8489 bytes]","args":[{"element-6066-11e4-a52e-4f735466cecf":"f.4C3BA0BF09B228EDDC79F91E8A810388.d.E00A6FDDB04FBC4E138787E61EC1FF12.e.9518","ELEMENT":"f.4C3BA0BF09B228EDDC79F91E8A810388.d.E00A6FDDB04FBC4E138787E61EC1FF12.e.9518"}]}
COMMAND: POST /session/97f842ea50bbcd53f5e58b39b44e661d/element - {"using":"css selector","value":"#shell-header-logo"}
COMMAND: GET /session/97f842ea50bbcd53f5e58b39b44e661d/screenshot - {}
RESULT: {"using":"css selector","value":"#shell-header-logo"}
COMMAND: POST /session/97f842ea50bbcd53f5e58b39b44e661d/execute/sync - {"script":"<script> [8489 bytes]","args":[{"element-6066-11e4-a52e-4f735466cecf":"f.4C3BA0BF09B228EDDC79F91E8A810388.d.E00A6FDDB04FBC4E138787E61EC1FF12.e.9518","ELEMENT":"f.4C3BA0BF09B228EDDC79F91E8A810388.d.E00A6FDDB04FBC4E138787E61EC1FF12.e.9518"}]}
RESULT: {}
RESULT: {"script":"<script> [8489 bytes]","args":[{"element-6066-11e4-a52e-4f735466cecf":"f.4C3BA0BF09B228EDDC79F91E8A810388.d.E00A6FDDB04FBC4E138787E61EC1FF12.e.9518","ELEMENT":"f.4C3BA0BF09B228EDDC79F91E8A810388.d.E00A6FDDB04FBC4E138787E61EC1FF12.e.9518"}]}
COMMAND: POST /session/97f842ea50bbcd53f5e58b39b44e661d/execute/sync - {"script":"<script> [5351 bytes]","args":[{"element-6066-11e4-a52e-4f735466cecf":"f.4C3BA0BF09B228EDDC79F91E8A810388.d.E00A6FDDB04FBC4E138787E61EC1FF12.e.9518","ELEMENT":"f.4C3BA0BF09B228EDDC79F91E8A810388.d.E00A6FDDB04FBC4E138787E61EC1FF12.e.9518"}]}
COMMAND: GET /session/97f842ea50bbcd53f5e58b39b44e661d/screenshot - {}
RESULT: {"script":"<script> [5351 bytes]","args":[{"element-6066-11e4-a52e-4f735466cecf":"f.4C3BA0BF09B228EDDC79F91E8A810388.d.E00A6FDDB04FBC4E138787E61EC1FF12.e.9518","ELEMENT":"f.4C3BA0BF09B228EDDC79F91E8A810388.d.E00A6FDDB04FBC4E138787E61EC1FF12.e.9518"}]}
COMMAND: POST /session/97f842ea50bbcd53f5e58b39b44e661d/element - {"using":"css selector","value":"#shell-header-logo"}
COMMAND: GET /session/97f842ea50bbcd53f5e58b39b44e661d/screenshot - {}
RESULT: {}
RESULT: {"using":"css selector","value":"#shell-header-logo"}
COMMAND: POST /session/97f842ea50bbcd53f5e58b39b44e661d/element/f.4C3BA0BF09B228EDDC79F91E8A810388.d.E00A6FDDB04FBC4E138787E61EC1FF12.e.9518/click - {}
RESULT: {}
RESULT: {}
COMMAND: GET /session/97f842ea50bbcd53f5e58b39b44e661d/screenshot - {}
RESULT: {}
COMMAND: POST /session/97f842ea50bbcd53f5e58b39b44e661d/execute/async - {"script":"<script> [189 bytes]","args":[]}
RESULT: {"script":"<script> [189 bytes]","args":[]}
COMMAND: POST /session/97f842ea50bbcd53f5e58b39b44e661d/execute/async - {"script":"<script> [123 bytes]","args":[]}
RESULT: {"script":"<script> [123 bytes]","args":[]}
COMMAND: POST /session/97f842ea50bbcd53f5e58b39b44e661d/timeouts - {"script":"<number>"}
RESULT: {"script":"<number>"}
COMMAND: GET /session/97f842ea50bbcd53f5e58b39b44e661d/timeouts - {}
RESULT: {}
RESULT: undefined
COMMAND: POST /session/97f842ea50bbcd53f5e58b39b44e661d/execute/async - {"script":"<script> [2676 bytes]","args":[]}
RESULT: {"script":"<script> [2676 bytes]","args":[]}
COMMAND: POST /session/97f842ea50bbcd53f5e58b39b44e661d/execute/async - {"script":"<script> [2342 bytes]","args":[{"protocol":"http","hostname":"0.0.0.0","path":"/","capabilities":{"browserName":"chrome","goog:chromeOptions":{"binary":"C:\\Program Files\\Google\\Chrome\\Application\\chrome.exe","args":["--start-maximized"]}},"logLevel":"warn","connectionRetryTimeout":120000,"connectionRetryCount":3,"logLevels":{},"enableDirectConnect":true,"strictSSL":true,"_":"65 more keys: [\"cacheDir\",\"port\",\"requestedCapabilities\",\"automationProtocol\",\"baseUrl\",\"waitforInterval\",\"waitforTimeout\",\"onReload\",\"beforeCommand\",\"afterCommand\",\"rootDir\",\"specs\",\"suites\",\"exclude\",\"groupLogsByTestSpec\",\"excludeDriverLogs\",\"bail\",\"framework\",\"reporters\",\"services\",\"maxInstances\",\"maxInstancesPerCapability\",\"injectGlobals\",\"filesToWatch\",\"execArgv\",\"runnerEnv\",\"runner\",\"shard\",\"specFileRetries\",\"specFileRetriesDelay\",\"specFileRetriesDeferred\",\"reporterSyncInterval\",\"reporterSyncTimeout\",\"cucumberFeaturesWithLineNumbers\",\"autoCompileOpts\",\"mochaOpts\",\"jasmineOpts\",\"cucumberOpts\",\"onPrepare\",\"onWorkerStart\",\"onWorkerEnd\",\"before\",\"beforeSession\",\"beforeSuite\",\"beforeHook\",\"beforeTest\",\"afterTest\",\"afterHook\",\"afterSuite\",\"afterSession\",\"after\",\"onComplete\",\"beforeAssertion\",\"afterAssertion\",\"beforeFeature\",\"beforeScenario\",\"beforeStep\",\"afterStep\",\"afterScenario\",\"afterFeature\",\"_\",\"suite\",\"$0\",\"ignoredWorkerServices\",\"wdi5\"]"}]}
RESULT: {"script":"<script> [2342 bytes]","args":[{"protocol":"http","hostname":"0.0.0.0","path":"/","capabilities":{"browserName":"chrome","goog:chromeOptions":{"binary":"C:\\Program Files\\Google\\Chrome\\Application\\chrome.exe","args":["--start-maximized"]}},"logLevel":"warn","connectionRetryTimeout":120000,"connectionRetryCount":3,"logLevels":{},"enableDirectConnect":true,"strictSSL":true,"_":"65 more keys: [\"cacheDir\",\"port\",\"requestedCapabilities\",\"automationProtocol\",\"baseUrl\",\"waitforInterval\",\"waitforTimeout\",\"onReload\",\"beforeCommand\",\"afterCommand\",\"rootDir\",\"specs\",\"suites\",\"exclude\",\"groupLogsByTestSpec\",\"excludeDriverLogs\",\"bail\",\"framework\",\"reporters\",\"services\",\"maxInstances\",\"maxInstancesPerCapability\",\"injectGlobals\",\"filesToWatch\",\"execArgv\",\"runnerEnv\",\"runner\",\"shard\",\"specFileRetries\",\"specFileRetriesDelay\",\"specFileRetriesDeferred\",\"reporterSyncInterval\",\"reporterSyncTimeout\",\"cucumberFeaturesWithLineNumbers\",\"autoCompileOpts\",\"mochaOpts\",\"jasmineOpts\",\"cucumberOpts\",\"onPrepare\",\"onWorkerStart\",\"onWorkerEnd\",\"before\",\"beforeSession\",\"beforeSuite\",\"beforeHook\",\"beforeTest\",\"afterTest\",\"afterHook\",\"afterSuite\",\"afterSession\",\"after\",\"onComplete\",\"beforeAssertion\",\"afterAssertion\",\"beforeFeature\",\"beforeScenario\",\"beforeStep\",\"afterStep\",\"afterScenario\",\"afterFeature\",\"_\",\"suite\",\"$0\",\"ignoredWorkerServices\",\"wdi5\"]"}]}
COMMAND: POST /session/97f842ea50bbcd53f5e58b39b44e661d/execute/async - {"script":"<script> [21126 bytes]","args":[35000]}
RESULT: {"script":"<script> [21126 bytes]","args":[35000]}
COMMAND: POST /session/97f842ea50bbcd53f5e58b39b44e661d/window/maximize - {}
RESULT: {}
COMMAND: POST /session/97f842ea50bbcd53f5e58b39b44e661d/execute/async - {"script":"<script> [1562 bytes]","args":[{"selector":{"id":"shell-header","interaction":{"idSuffix":"icon"}},"wdio_ui5_key":"shellheader"}]}
COMMAND: GET /session/97f842ea50bbcd53f5e58b39b44e661d/screenshot - {}
RESULT: {"script":"<script> [1562 bytes]","args":[{"selector":{"id":"shell-header","interaction":{"idSuffix":"icon"}},"wdio_ui5_key":"shellheader"}]}
RESULT: undefined
RESULT: {}
COMMAND: POST /session/97f842ea50bbcd53f5e58b39b44e661d/execute/async - {"script":"<script> [1562 bytes]","args":[{"selector":{"controlType":"sap.m.GenericTile","properties":{"header":"Manage Sites"}},"wdio_ui5_key":"sapm.GenericTile{\"header\":\"Manage Sites\"}"}]}
RESULT: {"script":"<script> [1562 bytes]","args":[{"selector":{"controlType":"sap.m.GenericTile","properties":{"header":"Manage Sites"}},"wdio_ui5_key":"sapm.GenericTile{\"header\":\"Manage Sites\"}"}]}
RESULT: undefined
COMMAND: POST /session/97f842ea50bbcd53f5e58b39b44e661d/element - {"using":"xpath","value":"//*[@id=\"__tile40\"]"}
RESULT: {"using":"xpath","value":"//*[@id=\"__tile40\"]"}
COMMAND: POST /session/97f842ea50bbcd53f5e58b39b44e661d/element/f.4C3BA0BF09B228EDDC79F91E8A810388.d.E00A6FDDB04FBC4E138787E61EC1FF12.e.9528/click - {}
RESULT: {}
COMMAND: GET /session/97f842ea50bbcd53f5e58b39b44e661d/screenshot - {}
RESULT: {}
]]></system-out>
    </testcase>
  </testsuite>
  <testsuite timestamp="2025-04-16T15:50:18" time="125.662" tests="2" failures="0" errors="0" skipped="0">
    <properties>
      <property name="specId" value="0"/>
      <property name="suiteName" value="Dynamic site option US120073"/>
      <property name="capabilities" value="chrome.135_0_7049_42.windows"/>
      <property name="file" value="file:///D:/a/1/s/test/specs/R2C/dynamic-site-option.spec.js"/>
    </properties>
    <testcase classname="chrome.135_0_7049_42.windows.Dynamic_site_option_US120073" name="Should create new site" time="79.347">
      <system-out><![CDATA[
COMMAND: POST /session/97f842ea50bbcd53f5e58b39b44e661d/execute/async - {"script":"<script> [1562 bytes]","args":[{"selector":{"controlType":"sap.ui.core.Icon","viewName":"etm.portal.ui.managesites.view.Master","viewId":"application-managesites-display-component---masterSite","properties":{"src":{"regex":{"source":"add"}}}},"wdio_ui5_key":"etmportal.ui.managesites.view.Mastersap.ui.core.Icon{\"src\":{\"regex\":{\"source\":\"add\"}}}"}]}
RESULT: {"script":"<script> [1562 bytes]","args":[{"selector":{"controlType":"sap.ui.core.Icon","viewName":"etm.portal.ui.managesites.view.Master","viewId":"application-managesites-display-component---masterSite","properties":{"src":{"regex":{"source":"add"}}}},"wdio_ui5_key":"etmportal.ui.managesites.view.Mastersap.ui.core.Icon{\"src\":{\"regex\":{\"source\":\"add\"}}}"}]}
RESULT: undefined
COMMAND: POST /session/97f842ea50bbcd53f5e58b39b44e661d/element - {"using":"xpath","value":"//*[@id=\"__button4-img\"]"}
RESULT: {"using":"xpath","value":"//*[@id=\"__button4-img\"]"}
COMMAND: POST /session/97f842ea50bbcd53f5e58b39b44e661d/element/f.4C3BA0BF09B228EDDC79F91E8A810388.d.E00A6FDDB04FBC4E138787E61EC1FF12.e.9576/click - {}
RESULT: {}
COMMAND: POST /session/97f842ea50bbcd53f5e58b39b44e661d/execute/async - {"script":"<script> [1562 bytes]","args":[{"selector":{"id":"application-managesites-display-component---NewSite--siteId","interaction":{"idSuffix":"inner"}},"wdio_ui5_key":"applicationmanagesites-display-component---NewSite--siteId"}]}
COMMAND: GET /session/97f842ea50bbcd53f5e58b39b44e661d/screenshot - {}
RESULT: {"script":"<script> [1562 bytes]","args":[{"selector":{"id":"application-managesites-display-component---NewSite--siteId","interaction":{"idSuffix":"inner"}},"wdio_ui5_key":"applicationmanagesites-display-component---NewSite--siteId"}]}
RESULT: undefined
COMMAND: POST /session/97f842ea50bbcd53f5e58b39b44e661d/execute/async - {"script":"<script> [1562 bytes]","args":[{"selector":{"id":"application-managesites-display-component---NewSite--addressDetailDetailsName1","interaction":{"idSuffix":"inner"}},"wdio_ui5_key":"applicationmanagesites-display-component---NewSite--addressDetailDetailsName1"}]}
RESULT: {}
RESULT: {"script":"<script> [1562 bytes]","args":[{"selector":{"id":"application-managesites-display-component---NewSite--addressDetailDetailsName1","interaction":{"idSuffix":"inner"}},"wdio_ui5_key":"applicationmanagesites-display-component---NewSite--addressDetailDetailsName1"}]}
RESULT: undefined
COMMAND: POST /session/97f842ea50bbcd53f5e58b39b44e661d/execute/async - {"script":"<script> [776 bytes]","args":[{"enterText":"Webdriver Site shalu","selector":{"id":"application-managesites-display-component---NewSite--addressDetailDetailsName1","interaction":{"idSuffix":"inner"}},"clearTextFirst":true,"interactionType":"ENTER_TEXT"}]}
RESULT: {"script":"<script> [776 bytes]","args":[{"enterText":"Webdriver Site shalu","selector":{"id":"application-managesites-display-component---NewSite--addressDetailDetailsName1","interaction":{"idSuffix":"inner"}},"clearTextFirst":true,"interactionType":"ENTER_TEXT"}]}
COMMAND: POST /session/97f842ea50bbcd53f5e58b39b44e661d/execute/async - {"script":"<script> [1562 bytes]","args":[{"selector":{"id":"application-managesites-display-component---NewSite--addressDetailDetailsLanguage","interaction":{"idSuffix":"inner"}},"wdio_ui5_key":"applicationmanagesites-display-component---NewSite--addressDetailDetailsLanguage"}]}
RESULT: {"script":"<script> [1562 bytes]","args":[{"selector":{"id":"application-managesites-display-component---NewSite--addressDetailDetailsLanguage","interaction":{"idSuffix":"inner"}},"wdio_ui5_key":"applicationmanagesites-display-component---NewSite--addressDetailDetailsLanguage"}]}
RESULT: undefined
COMMAND: POST /session/97f842ea50bbcd53f5e58b39b44e661d/execute/async - {"script":"<script> [776 bytes]","args":[{"enterText":"Romanian","selector":{"id":"application-managesites-display-component---NewSite--addressDetailDetailsLanguage","interaction":{"idSuffix":"inner"}},"clearTextFirst":true,"interactionType":"ENTER_TEXT"}]}
RESULT: {"script":"<script> [776 bytes]","args":[{"enterText":"Romanian","selector":{"id":"application-managesites-display-component---NewSite--addressDetailDetailsLanguage","interaction":{"idSuffix":"inner"}},"clearTextFirst":true,"interactionType":"ENTER_TEXT"}]}
COMMAND: POST /session/97f842ea50bbcd53f5e58b39b44e661d/execute/async - {"script":"<script> [1562 bytes]","args":[{"selector":{"id":"application-managesites-display-component---NewSite--addressDetailDetailsCity1","interaction":{"idSuffix":"inner"}},"wdio_ui5_key":"applicationmanagesites-display-component---NewSite--addressDetailDetailsCity1"}]}
RESULT: {"script":"<script> [1562 bytes]","args":[{"selector":{"id":"application-managesites-display-component---NewSite--addressDetailDetailsCity1","interaction":{"idSuffix":"inner"}},"wdio_ui5_key":"applicationmanagesites-display-component---NewSite--addressDetailDetailsCity1"}]}
RESULT: undefined
COMMAND: POST /session/97f842ea50bbcd53f5e58b39b44e661d/execute/async - {"script":"<script> [776 bytes]","args":[{"enterText":"Bucharest","selector":{"id":"application-managesites-display-component---NewSite--addressDetailDetailsCity1","interaction":{"idSuffix":"inner"}},"clearTextFirst":true,"interactionType":"ENTER_TEXT"}]}
RESULT: {"script":"<script> [776 bytes]","args":[{"enterText":"Bucharest","selector":{"id":"application-managesites-display-component---NewSite--addressDetailDetailsCity1","interaction":{"idSuffix":"inner"}},"clearTextFirst":true,"interactionType":"ENTER_TEXT"}]}
COMMAND: POST /session/97f842ea50bbcd53f5e58b39b44e661d/execute/async - {"script":"<script> [1562 bytes]","args":[{"selector":{"id":"application-managesites-display-component---NewSite--addressDetailDetailsCountry","interaction":{"idSuffix":"inner"}},"wdio_ui5_key":"applicationmanagesites-display-component---NewSite--addressDetailDetailsCountry"}]}
RESULT: {"script":"<script> [1562 bytes]","args":[{"selector":{"id":"application-managesites-display-component---NewSite--addressDetailDetailsCountry","interaction":{"idSuffix":"inner"}},"wdio_ui5_key":"applicationmanagesites-display-component---NewSite--addressDetailDetailsCountry"}]}
RESULT: undefined
COMMAND: POST /session/97f842ea50bbcd53f5e58b39b44e661d/execute/async - {"script":"<script> [776 bytes]","args":[{"enterText":"Romania","selector":{"id":"application-managesites-display-component---NewSite--addressDetailDetailsCountry","interaction":{"idSuffix":"inner"}},"clearTextFirst":true,"interactionType":"ENTER_TEXT"}]}
RESULT: {"script":"<script> [776 bytes]","args":[{"enterText":"Romania","selector":{"id":"application-managesites-display-component---NewSite--addressDetailDetailsCountry","interaction":{"idSuffix":"inner"}},"clearTextFirst":true,"interactionType":"ENTER_TEXT"}]}
COMMAND: POST /session/97f842ea50bbcd53f5e58b39b44e661d/execute/async - {"script":"<script> [1562 bytes]","args":[{"selector":{"id":"application-managesites-display-component---NewSite--addressDetailDetailsCalendar","interaction":{"idSuffix":"inner"}},"wdio_ui5_key":"applicationmanagesites-display-component---NewSite--addressDetailDetailsCalendar"}]}
RESULT: {"script":"<script> [1562 bytes]","args":[{"selector":{"id":"application-managesites-display-component---NewSite--addressDetailDetailsCalendar","interaction":{"idSuffix":"inner"}},"wdio_ui5_key":"applicationmanagesites-display-component---NewSite--addressDetailDetailsCalendar"}]}
RESULT: undefined
COMMAND: POST /session/97f842ea50bbcd53f5e58b39b44e661d/execute/async - {"script":"<script> [776 bytes]","args":[{"enterText":"Germany","selector":{"id":"application-managesites-display-component---NewSite--addressDetailDetailsCalendar","interaction":{"idSuffix":"inner"}},"clearTextFirst":true,"interactionType":"ENTER_TEXT"}]}
RESULT: {"script":"<script> [776 bytes]","args":[{"enterText":"Germany","selector":{"id":"application-managesites-display-component---NewSite--addressDetailDetailsCalendar","interaction":{"idSuffix":"inner"}},"clearTextFirst":true,"interactionType":"ENTER_TEXT"}]}
COMMAND: POST /session/97f842ea50bbcd53f5e58b39b44e661d/execute/async - {"script":"<script> [1562 bytes]","args":[{"selector":{"id":"application-managesites-display-component---NewSite--addressEditDetailsCostObjectCstType-arrow"},"wdio_ui5_key":"applicationmanagesites-display-component---NewSite--addressEditDetailsCostObjectCstType-arrow"}]}
RESULT: {"script":"<script> [1562 bytes]","args":[{"selector":{"id":"application-managesites-display-component---NewSite--addressEditDetailsCostObjectCstType-arrow"},"wdio_ui5_key":"applicationmanagesites-display-component---NewSite--addressEditDetailsCostObjectCstType-arrow"}]}
RESULT: undefined
COMMAND: POST /session/97f842ea50bbcd53f5e58b39b44e661d/element - {"using":"xpath","value":"//*[@id=\"application-managesites-display-component---NewSite--addressEditDetailsCostObjectCstType-arrow\"]"}
RESULT: {"using":"xpath","value":"//*[@id=\"application-managesites-display-component---NewSite--addressEditDetailsCostObjectCstType-arrow\"]"}
COMMAND: POST /session/97f842ea50bbcd53f5e58b39b44e661d/element/f.4C3BA0BF09B228EDDC79F91E8A810388.d.E00A6FDDB04FBC4E138787E61EC1FF12.e.9957/click - {}
RESULT: {}
COMMAND: POST /session/97f842ea50bbcd53f5e58b39b44e661d/element - {"using":"xpath","value":"//span[contains(text(), \"Work Breakdown Structure\")]"}
COMMAND: GET /session/97f842ea50bbcd53f5e58b39b44e661d/screenshot - {}
RESULT: {"using":"xpath","value":"//span[contains(text(), \"Work Breakdown Structure\")]"}
COMMAND: POST /session/97f842ea50bbcd53f5e58b39b44e661d/element/f.4C3BA0BF09B228EDDC79F91E8A810388.d.E00A6FDDB04FBC4E138787E61EC1FF12.e.9958/click - {}
RESULT: {}
RESULT: {}
COMMAND: GET /session/97f842ea50bbcd53f5e58b39b44e661d/screenshot - {}
RESULT: {}
COMMAND: POST /session/97f842ea50bbcd53f5e58b39b44e661d/execute/async - {"script":"<script> [1562 bytes]","args":[{"selector":{"id":"application-managesites-display-component---NewSite--addressNewCostObjectCstID-vhi"},"wdio_ui5_key":"applicationmanagesites-display-component---NewSite--addressNewCostObjectCstID-vhi"}]}
RESULT: {"script":"<script> [1562 bytes]","args":[{"selector":{"id":"application-managesites-display-component---NewSite--addressNewCostObjectCstID-vhi"},"wdio_ui5_key":"applicationmanagesites-display-component---NewSite--addressNewCostObjectCstID-vhi"}]}
RESULT: undefined
COMMAND: POST /session/97f842ea50bbcd53f5e58b39b44e661d/element - {"using":"xpath","value":"//*[@id=\"application-managesites-display-component---NewSite--addressNewCostObjectCstID-vhi\"]"}
RESULT: {"using":"xpath","value":"//*[@id=\"application-managesites-display-component---NewSite--addressNewCostObjectCstID-vhi\"]"}
COMMAND: POST /session/97f842ea50bbcd53f5e58b39b44e661d/element/f.4C3BA0BF09B228EDDC79F91E8A810388.d.E00A6FDDB04FBC4E138787E61EC1FF12.e.9962/click - {}
RESULT: {}
COMMAND: GET /session/97f842ea50bbcd53f5e58b39b44e661d/screenshot - {}
RESULT: {}
COMMAND: POST /session/97f842ea50bbcd53f5e58b39b44e661d/execute/async - {"script":"<script> [1562 bytes]","args":[{"selector":{"controlType":"sap.m.SearchField","properties":{"placeholder":"Search"},"searchOpenDialogs":true,"interaction":{"idSuffix":"I"}},"wdio_ui5_key":"sapm.SearchField{\"placeholder\":\"Search\"}"}]}
RESULT: {"script":"<script> [1562 bytes]","args":[{"selector":{"controlType":"sap.m.SearchField","properties":{"placeholder":"Search"},"searchOpenDialogs":true,"interaction":{"idSuffix":"I"}},"wdio_ui5_key":"sapm.SearchField{\"placeholder\":\"Search\"}"}]}
RESULT: undefined
COMMAND: POST /session/97f842ea50bbcd53f5e58b39b44e661d/execute/async - {"script":"<script> [776 bytes]","args":[{"enterText":"A1-000100-01","selector":{"controlType":"sap.m.SearchField","properties":{"placeholder":"Search"},"searchOpenDialogs":true,"interaction":{"idSuffix":"I"}},"clearTextFirst":true,"interactionType":"ENTER_TEXT"}]}
RESULT: {"script":"<script> [776 bytes]","args":[{"enterText":"A1-000100-01","selector":{"controlType":"sap.m.SearchField","properties":{"placeholder":"Search"},"searchOpenDialogs":true,"interaction":{"idSuffix":"I"}},"clearTextFirst":true,"interactionType":"ENTER_TEXT"}]}
COMMAND: POST /session/97f842ea50bbcd53f5e58b39b44e661d/actions - {"actions":[{"id":"action23","type":"key","parameters":{},"actions":[{"type":"keyDown","value":""},{"type":"pause","duration":10},{"type":"keyUp","value":""}]}]}
RESULT: {"actions":[{"id":"action23","type":"key","parameters":{},"actions":[{"type":"keyDown","value":""},{"type":"pause","duration":10},{"type":"keyUp","value":""}]}]}
COMMAND: GET /session/97f842ea50bbcd53f5e58b39b44e661d/screenshot - {}
RESULT: {}
COMMAND: POST /session/97f842ea50bbcd53f5e58b39b44e661d/element - {"using":"xpath","value":"//span[contains(text(), \"Template for ETO-Process\")]"}
RESULT: {"using":"xpath","value":"//span[contains(text(), \"Template for ETO-Process\")]"}
COMMAND: POST /session/97f842ea50bbcd53f5e58b39b44e661d/element/f.4C3BA0BF09B228EDDC79F91E8A810388.d.E00A6FDDB04FBC4E138787E61EC1FF12.e.9983/click - {}
RESULT: {}
COMMAND: GET /session/97f842ea50bbcd53f5e58b39b44e661d/screenshot - {}
RESULT: {}
COMMAND: POST /session/97f842ea50bbcd53f5e58b39b44e661d/element - {"using":"xpath","value":"//bdi[contains(text(), \"OK\")]"}
RESULT: {"using":"xpath","value":"//bdi[contains(text(), \"OK\")]"}
COMMAND: POST /session/97f842ea50bbcd53f5e58b39b44e661d/element/f.4C3BA0BF09B228EDDC79F91E8A810388.d.E00A6FDDB04FBC4E138787E61EC1FF12.e.9984/click - {}
RESULT: {}
COMMAND: GET /session/97f842ea50bbcd53f5e58b39b44e661d/screenshot - {}
RESULT: {}
COMMAND: POST /session/97f842ea50bbcd53f5e58b39b44e661d/element - {"using":"xpath","value":"//input[@id=\"application-managesites-display-component---NewSite--addressDetailDetailsYard-inner\"]"}
RESULT: {"using":"xpath","value":"//input[@id=\"application-managesites-display-component---NewSite--addressDetailDetailsYard-inner\"]"}
COMMAND: POST /session/97f842ea50bbcd53f5e58b39b44e661d/element/f.4C3BA0BF09B228EDDC79F91E8A810388.d.E00A6FDDB04FBC4E138787E61EC1FF12.e.9758/value - {"text":"webdriver"}
RESULT: {"text":"webdriver"}
COMMAND: GET /session/97f842ea50bbcd53f5e58b39b44e661d/screenshot - {}
RESULT: {}
COMMAND: POST /session/97f842ea50bbcd53f5e58b39b44e661d/actions - {"actions":[{"id":"action24","type":"key","parameters":{},"actions":[{"type":"keyDown","value":""},{"type":"pause","duration":10},{"type":"keyUp","value":""}]}]}
RESULT: {"actions":[{"id":"action24","type":"key","parameters":{},"actions":[{"type":"keyDown","value":""},{"type":"pause","duration":10},{"type":"keyUp","value":""}]}]}
COMMAND: GET /session/97f842ea50bbcd53f5e58b39b44e661d/screenshot - {}
RESULT: {}
COMMAND: POST /session/97f842ea50bbcd53f5e58b39b44e661d/element - {"using":"xpath","value":"//input[@id=\"application-managesites-display-component---NewSite--addressDetailDetailsPartner-inner\"]"}
RESULT: {"using":"xpath","value":"//input[@id=\"application-managesites-display-component---NewSite--addressDetailDetailsPartner-inner\"]"}
COMMAND: POST /session/97f842ea50bbcd53f5e58b39b44e661d/elements - {"using":"xpath","value":"//input[@id=\"application-managesites-display-component---NewSite--addressDetailDetailsPartner-inner\"]"}
RESULT: {"using":"xpath","value":"//input[@id=\"application-managesites-display-component---NewSite--addressDetailDetailsPartner-inner\"]"}
COMMAND: POST /session/97f842ea50bbcd53f5e58b39b44e661d/execute/async - {"script":"<script> [1562 bytes]","args":[{"selector":{"controlType":"sap.m.Button","viewName":"etm.portal.ui.managesites.view.NewSmartSite","viewId":"application-managesites-display-component---NewSite","properties":{"text":"Commercial"},"interaction":{"idSuffix":"BDI-content"}},"wdio_ui5_key":"etmportal.ui.managesites.view.NewSmartSitesap.m.Button{\"text\":\"Commercial\"}"}]}
RESULT: {"script":"<script> [1562 bytes]","args":[{"selector":{"controlType":"sap.m.Button","viewName":"etm.portal.ui.managesites.view.NewSmartSite","viewId":"application-managesites-display-component---NewSite","properties":{"text":"Commercial"},"interaction":{"idSuffix":"BDI-content"}},"wdio_ui5_key":"etmportal.ui.managesites.view.NewSmartSitesap.m.Button{\"text\":\"Commercial\"}"}]}
RESULT: undefined
COMMAND: POST /session/97f842ea50bbcd53f5e58b39b44e661d/element - {"using":"xpath","value":"//*[@id=\"application-managesites-display-component---NewSite--ObjectPageLayout-anchBar-__section5-anchor\"]"}
RESULT: {"using":"xpath","value":"//*[@id=\"application-managesites-display-component---NewSite--ObjectPageLayout-anchBar-__section5-anchor\"]"}
COMMAND: POST /session/97f842ea50bbcd53f5e58b39b44e661d/element/f.4C3BA0BF09B228EDDC79F91E8A810388.d.E00A6FDDB04FBC4E138787E61EC1FF12.e.9991/click - {}
RESULT: {}
COMMAND: POST /session/97f842ea50bbcd53f5e58b39b44e661d/execute/async - {"script":"<script> [1562 bytes]","args":[{"selector":{"controlType":"sap.m.Button","viewName":"etm.portal.ui.managesites.view.NewSmartSite","viewId":"application-managesites-display-component---NewSite","i18NText":{"propertyName":"text","key":"save"},"interaction":{"idSuffix":"BDI-content"}},"wdio_ui5_key":"etmportal.ui.managesites.view.NewSmartSitesap.m.Button{\"propertyName\":\"text\",\"key\":\"save\"}"}]}
COMMAND: GET /session/97f842ea50bbcd53f5e58b39b44e661d/screenshot - {}
RESULT: {"script":"<script> [1562 bytes]","args":[{"selector":{"controlType":"sap.m.Button","viewName":"etm.portal.ui.managesites.view.NewSmartSite","viewId":"application-managesites-display-component---NewSite","i18NText":{"propertyName":"text","key":"save"},"interaction":{"idSuffix":"BDI-content"}},"wdio_ui5_key":"etmportal.ui.managesites.view.NewSmartSitesap.m.Button{\"propertyName\":\"text\",\"key\":\"save\"}"}]}
RESULT: undefined
COMMAND: POST /session/97f842ea50bbcd53f5e58b39b44e661d/element - {"using":"xpath","value":"//*[@id=\"__button16\"]"}
RESULT: {}
RESULT: {"using":"xpath","value":"//*[@id=\"__button16\"]"}
COMMAND: POST /session/97f842ea50bbcd53f5e58b39b44e661d/element/f.4C3BA0BF09B228EDDC79F91E8A810388.d.E00A6FDDB04FBC4E138787E61EC1FF12.e.9928/click - {}
RESULT: {}
COMMAND: GET /session/97f842ea50bbcd53f5e58b39b44e661d/screenshot - {}
RESULT: {}
COMMAND: POST /session/97f842ea50bbcd53f5e58b39b44e661d/execute/async - {"script":"<script> [1562 bytes]","args":[{"selector":{"id":"application-managesites-display-component---detailSite--addressDetailDetailsYardText"},"wdio_ui5_key":"applicationmanagesites-display-component---detailSite--addressDetailDetailsYardText"}]}
RESULT: {"script":"<script> [1562 bytes]","args":[{"selector":{"id":"application-managesites-display-component---detailSite--addressDetailDetailsYardText"},"wdio_ui5_key":"applicationmanagesites-display-component---detailSite--addressDetailDetailsYardText"}]}
RESULT: undefined
COMMAND: POST /session/97f842ea50bbcd53f5e58b39b44e661d/execute/async - {"script":"<script> [1562 bytes]","args":[{"selector":{"controlType":"sap.m.Label","viewName":"etm.portal.ui.managesites.view.Detail","viewId":"application-managesites-display-component---detailSite","i18NText":{"propertyName":"text","key":"status"}},"wdio_ui5_key":"etmportal.ui.managesites.view.Detailsap.m.Label{\"propertyName\":\"text\",\"key\":\"status\"}"}]}
RESULT: {"script":"<script> [1562 bytes]","args":[{"selector":{"controlType":"sap.m.Label","viewName":"etm.portal.ui.managesites.view.Detail","viewId":"application-managesites-display-component---detailSite","i18NText":{"propertyName":"text","key":"status"}},"wdio_ui5_key":"etmportal.ui.managesites.view.Detailsap.m.Label{\"propertyName\":\"text\",\"key\":\"status\"}"}]}
RESULT: undefined
COMMAND: POST /session/97f842ea50bbcd53f5e58b39b44e661d/execute/async - {"script":"<script> [6424 bytes]","args":[{"element-6066-11e4-a52e-4f735466cecf":"f.4C3BA0BF09B228EDDC79F91E8A810388.d.E00A6FDDB04FBC4E138787E61EC1FF12.e.10181"},"getText",[]]}
RESULT: {"script":"<script> [6424 bytes]","args":[{"element-6066-11e4-a52e-4f735466cecf":"f.4C3BA0BF09B228EDDC79F91E8A810388.d.E00A6FDDB04FBC4E138787E61EC1FF12.e.10181"},"getText",[]]}
]]></system-out>
    </testcase>
    <testcase classname="chrome.135_0_7049_42.windows.Dynamic_site_option_US120073" name="Should edit partner field" time="17.24">
      <system-out><![CDATA[
COMMAND: POST /session/97f842ea50bbcd53f5e58b39b44e661d/execute/async - {"script":"<script> [1562 bytes]","args":[{"selector":{"controlType":"sap.m.Button","viewName":"etm.portal.ui.managesites.view.Detail","viewId":"application-managesites-display-component---detailSite","i18NText":{"propertyName":"text","key":"edit"},"interaction":{"idSuffix":"content"}},"wdio_ui5_key":"etmportal.ui.managesites.view.Detailsap.m.Button{\"propertyName\":\"text\",\"key\":\"edit\"}"}]}
RESULT: {"script":"<script> [1562 bytes]","args":[{"selector":{"controlType":"sap.m.Button","viewName":"etm.portal.ui.managesites.view.Detail","viewId":"application-managesites-display-component---detailSite","i18NText":{"propertyName":"text","key":"edit"},"interaction":{"idSuffix":"content"}},"wdio_ui5_key":"etmportal.ui.managesites.view.Detailsap.m.Button{\"propertyName\":\"text\",\"key\":\"edit\"}"}]}
RESULT: undefined
COMMAND: POST /session/97f842ea50bbcd53f5e58b39b44e661d/element - {"using":"xpath","value":"//*[@id=\"__button35\"]"}
RESULT: {"using":"xpath","value":"//*[@id=\"__button35\"]"}
COMMAND: POST /session/97f842ea50bbcd53f5e58b39b44e661d/element/f.4C3BA0BF09B228EDDC79F91E8A810388.d.E00A6FDDB04FBC4E138787E61EC1FF12.e.10194/click - {}
RESULT: {}
COMMAND: GET /session/97f842ea50bbcd53f5e58b39b44e661d/screenshot - {}
RESULT: {}
COMMAND: POST /session/97f842ea50bbcd53f5e58b39b44e661d/element - {"using":"xpath","value":"//bdi[contains(text(), \"Commercial\")]"}
RESULT: {"using":"xpath","value":"//bdi[contains(text(), \"Commercial\")]"}
COMMAND: POST /session/97f842ea50bbcd53f5e58b39b44e661d/element/f.4C3BA0BF09B228EDDC79F91E8A810388.d.E00A6FDDB04FBC4E138787E61EC1FF12.e.10383/click - {}
RESULT: {}
COMMAND: POST /session/97f842ea50bbcd53f5e58b39b44e661d/element - {"using":"xpath","value":"//input[@id=\"application-managesites-display-component---NewSite--addressDetailDetailsPartner-inner\"]"}
COMMAND: GET /session/97f842ea50bbcd53f5e58b39b44e661d/screenshot - {}
RESULT: {"using":"xpath","value":"//input[@id=\"application-managesites-display-component---NewSite--addressDetailDetailsPartner-inner\"]"}
COMMAND: POST /session/97f842ea50bbcd53f5e58b39b44e661d/elements - {"using":"xpath","value":"//input[@id=\"application-managesites-display-component---NewSite--addressDetailDetailsPartner-inner\"]"}
RESULT: {}
RESULT: {"using":"xpath","value":"//input[@id=\"application-managesites-display-component---NewSite--addressDetailDetailsPartner-inner\"]"}
COMMAND: POST /session/97f842ea50bbcd53f5e58b39b44e661d/element - {"using":"xpath","value":"//bdi[contains(text(), \"Save\")]"}
RESULT: {"using":"xpath","value":"//bdi[contains(text(), \"Save\")]"}
COMMAND: POST /session/97f842ea50bbcd53f5e58b39b44e661d/element - {"using":"css selector","value":"#j_username"}
COMMAND: POST /session/97f842ea50bbcd53f5e58b39b44e661d/url - {"url":"https://qa-testing-00-live-etm-ui.cfapps.eu10-004.hana.ondemand.com/"}
RESULT: {"using":"css selector","value":"#j_username"}
COMMAND: POST /session/97f842ea50bbcd53f5e58b39b44e661d/element - {"using":"css selector","value":"#j_username"}
RESULT: {"url":"https://qa-testing-00-live-etm-ui.cfapps.eu10-004.hana.ondemand.com/"}
RESULT: undefined
COMMAND: GET /session/97f842ea50bbcd53f5e58b39b44e661d/screenshot - {}
RESULT: {"using":"css selector","value":"#j_username"}
COMMAND: POST /session/97f842ea50bbcd53f5e58b39b44e661d/element - {"using":"css selector","value":"#shell-header-logo"}
RESULT: {}
RESULT: {"using":"css selector","value":"#shell-header-logo"}
COMMAND: POST /session/97f842ea50bbcd53f5e58b39b44e661d/execute/sync - {"script":"<script> [8489 bytes]","args":[{"element-6066-11e4-a52e-4f735466cecf":"f.4C3BA0BF09B228EDDC79F91E8A810388.d.C4FD2B462947C8D133C8F5557DEA5C2F.e.10412","ELEMENT":"f.4C3BA0BF09B228EDDC79F91E8A810388.d.C4FD2B462947C8D133C8F5557DEA5C2F.e.10412"}]}
RESULT: {"script":"<script> [8489 bytes]","args":[{"element-6066-11e4-a52e-4f735466cecf":"f.4C3BA0BF09B228EDDC79F91E8A810388.d.C4FD2B462947C8D133C8F5557DEA5C2F.e.10412","ELEMENT":"f.4C3BA0BF09B228EDDC79F91E8A810388.d.C4FD2B462947C8D133C8F5557DEA5C2F.e.10412"}]}
COMMAND: POST /session/97f842ea50bbcd53f5e58b39b44e661d/element - {"using":"css selector","value":"#shell-header-logo"}
COMMAND: GET /session/97f842ea50bbcd53f5e58b39b44e661d/screenshot - {}
RESULT: {"using":"css selector","value":"#shell-header-logo"}
COMMAND: POST /session/97f842ea50bbcd53f5e58b39b44e661d/execute/sync - {"script":"<script> [8489 bytes]","args":[{"element-6066-11e4-a52e-4f735466cecf":"f.4C3BA0BF09B228EDDC79F91E8A810388.d.C4FD2B462947C8D133C8F5557DEA5C2F.e.10412","ELEMENT":"f.4C3BA0BF09B228EDDC79F91E8A810388.d.C4FD2B462947C8D133C8F5557DEA5C2F.e.10412"}]}
RESULT: {}
RESULT: {"script":"<script> [8489 bytes]","args":[{"element-6066-11e4-a52e-4f735466cecf":"f.4C3BA0BF09B228EDDC79F91E8A810388.d.C4FD2B462947C8D133C8F5557DEA5C2F.e.10412","ELEMENT":"f.4C3BA0BF09B228EDDC79F91E8A810388.d.C4FD2B462947C8D133C8F5557DEA5C2F.e.10412"}]}
COMMAND: POST /session/97f842ea50bbcd53f5e58b39b44e661d/execute/sync - {"script":"<script> [5351 bytes]","args":[{"element-6066-11e4-a52e-4f735466cecf":"f.4C3BA0BF09B228EDDC79F91E8A810388.d.C4FD2B462947C8D133C8F5557DEA5C2F.e.10412","ELEMENT":"f.4C3BA0BF09B228EDDC79F91E8A810388.d.C4FD2B462947C8D133C8F5557DEA5C2F.e.10412"}]}
COMMAND: GET /session/97f842ea50bbcd53f5e58b39b44e661d/screenshot - {}
RESULT: {"script":"<script> [5351 bytes]","args":[{"element-6066-11e4-a52e-4f735466cecf":"f.4C3BA0BF09B228EDDC79F91E8A810388.d.C4FD2B462947C8D133C8F5557DEA5C2F.e.10412","ELEMENT":"f.4C3BA0BF09B228EDDC79F91E8A810388.d.C4FD2B462947C8D133C8F5557DEA5C2F.e.10412"}]}
COMMAND: POST /session/97f842ea50bbcd53f5e58b39b44e661d/element - {"using":"css selector","value":"#shell-header-logo"}
COMMAND: GET /session/97f842ea50bbcd53f5e58b39b44e661d/screenshot - {}
RESULT: {}
RESULT: {"using":"css selector","value":"#shell-header-logo"}
COMMAND: POST /session/97f842ea50bbcd53f5e58b39b44e661d/element/f.4C3BA0BF09B228EDDC79F91E8A810388.d.C4FD2B462947C8D133C8F5557DEA5C2F.e.10412/click - {}
RESULT: {}
RESULT: {}
COMMAND: GET /session/97f842ea50bbcd53f5e58b39b44e661d/screenshot - {}
RESULT: {}
COMMAND: POST /session/97f842ea50bbcd53f5e58b39b44e661d/execute/async - {"script":"<script> [189 bytes]","args":[]}
RESULT: {"script":"<script> [189 bytes]","args":[]}
COMMAND: POST /session/97f842ea50bbcd53f5e58b39b44e661d/execute/async - {"script":"<script> [123 bytes]","args":[]}
RESULT: {"script":"<script> [123 bytes]","args":[]}
COMMAND: POST /session/97f842ea50bbcd53f5e58b39b44e661d/timeouts - {"script":"<number>"}
RESULT: {"script":"<number>"}
COMMAND: GET /session/97f842ea50bbcd53f5e58b39b44e661d/timeouts - {}
RESULT: {}
RESULT: undefined
COMMAND: POST /session/97f842ea50bbcd53f5e58b39b44e661d/execute/async - {"script":"<script> [2676 bytes]","args":[]}
RESULT: {"script":"<script> [2676 bytes]","args":[]}
COMMAND: POST /session/97f842ea50bbcd53f5e58b39b44e661d/execute/async - {"script":"<script> [2342 bytes]","args":[{"protocol":"http","hostname":"0.0.0.0","path":"/","capabilities":{"browserName":"chrome","goog:chromeOptions":{"binary":"C:\\Program Files\\Google\\Chrome\\Application\\chrome.exe","args":["--start-maximized"]}},"logLevel":"warn","connectionRetryTimeout":120000,"connectionRetryCount":3,"logLevels":{},"enableDirectConnect":true,"strictSSL":true,"_":"65 more keys: [\"cacheDir\",\"port\",\"requestedCapabilities\",\"automationProtocol\",\"baseUrl\",\"waitforInterval\",\"waitforTimeout\",\"onReload\",\"beforeCommand\",\"afterCommand\",\"rootDir\",\"specs\",\"suites\",\"exclude\",\"groupLogsByTestSpec\",\"excludeDriverLogs\",\"bail\",\"framework\",\"reporters\",\"services\",\"maxInstances\",\"maxInstancesPerCapability\",\"injectGlobals\",\"filesToWatch\",\"execArgv\",\"runnerEnv\",\"runner\",\"shard\",\"specFileRetries\",\"specFileRetriesDelay\",\"specFileRetriesDeferred\",\"reporterSyncInterval\",\"reporterSyncTimeout\",\"cucumberFeaturesWithLineNumbers\",\"autoCompileOpts\",\"mochaOpts\",\"jasmineOpts\",\"cucumberOpts\",\"onPrepare\",\"onWorkerStart\",\"onWorkerEnd\",\"before\",\"beforeSession\",\"beforeSuite\",\"beforeHook\",\"beforeTest\",\"afterTest\",\"afterHook\",\"afterSuite\",\"afterSession\",\"after\",\"onComplete\",\"beforeAssertion\",\"afterAssertion\",\"beforeFeature\",\"beforeScenario\",\"beforeStep\",\"afterStep\",\"afterScenario\",\"afterFeature\",\"_\",\"suite\",\"$0\",\"ignoredWorkerServices\",\"wdi5\"]"}]}
RESULT: {"script":"<script> [2342 bytes]","args":[{"protocol":"http","hostname":"0.0.0.0","path":"/","capabilities":{"browserName":"chrome","goog:chromeOptions":{"binary":"C:\\Program Files\\Google\\Chrome\\Application\\chrome.exe","args":["--start-maximized"]}},"logLevel":"warn","connectionRetryTimeout":120000,"connectionRetryCount":3,"logLevels":{},"enableDirectConnect":true,"strictSSL":true,"_":"65 more keys: [\"cacheDir\",\"port\",\"requestedCapabilities\",\"automationProtocol\",\"baseUrl\",\"waitforInterval\",\"waitforTimeout\",\"onReload\",\"beforeCommand\",\"afterCommand\",\"rootDir\",\"specs\",\"suites\",\"exclude\",\"groupLogsByTestSpec\",\"excludeDriverLogs\",\"bail\",\"framework\",\"reporters\",\"services\",\"maxInstances\",\"maxInstancesPerCapability\",\"injectGlobals\",\"filesToWatch\",\"execArgv\",\"runnerEnv\",\"runner\",\"shard\",\"specFileRetries\",\"specFileRetriesDelay\",\"specFileRetriesDeferred\",\"reporterSyncInterval\",\"reporterSyncTimeout\",\"cucumberFeaturesWithLineNumbers\",\"autoCompileOpts\",\"mochaOpts\",\"jasmineOpts\",\"cucumberOpts\",\"onPrepare\",\"onWorkerStart\",\"onWorkerEnd\",\"before\",\"beforeSession\",\"beforeSuite\",\"beforeHook\",\"beforeTest\",\"afterTest\",\"afterHook\",\"afterSuite\",\"afterSession\",\"after\",\"onComplete\",\"beforeAssertion\",\"afterAssertion\",\"beforeFeature\",\"beforeScenario\",\"beforeStep\",\"afterStep\",\"afterScenario\",\"afterFeature\",\"_\",\"suite\",\"$0\",\"ignoredWorkerServices\",\"wdi5\"]"}]}
COMMAND: POST /session/97f842ea50bbcd53f5e58b39b44e661d/execute/async - {"script":"<script> [21126 bytes]","args":[35000]}
RESULT: {"script":"<script> [21126 bytes]","args":[35000]}
COMMAND: POST /session/97f842ea50bbcd53f5e58b39b44e661d/window/maximize - {}
RESULT: {}
COMMAND: POST /session/97f842ea50bbcd53f5e58b39b44e661d/execute/async - {"script":"<script> [1562 bytes]","args":[{"selector":{"id":"shell-header","interaction":{"idSuffix":"icon"}},"wdio_ui5_key":"shellheader"}]}
COMMAND: GET /session/97f842ea50bbcd53f5e58b39b44e661d/screenshot - {}
RESULT: {"script":"<script> [1562 bytes]","args":[{"selector":{"id":"shell-header","interaction":{"idSuffix":"icon"}},"wdio_ui5_key":"shellheader"}]}
RESULT: undefined
RESULT: {}
]]></system-out>
    </testcase>
  </testsuite>
  <testsuite timestamp="2025-04-16T15:52:24" time="489.286" tests="5" failures="0" errors="0" skipped="0">
    <properties>
      <property name="specId" value="0"/>
      <property name="suiteName" value="Warehouse movements inventory test"/>
      <property name="capabilities" value="chrome.135_0_7049_42.windows"/>
      <property name="file" value="file:///D:/a/1/s/test/specs/R2C/create-resource.spec.js"/>
    </properties>
    <testcase classname="chrome.135_0_7049_42.windows.Warehouse_movements_inventory_test" name="Should create a new WHM yard" time="141.17">
      <system-out><![CDATA[
COMMAND: POST /session/97f842ea50bbcd53f5e58b39b44e661d/execute/async - {"script":"<script> [1562 bytes]","args":[{"selector":{"controlType":"sap.m.GenericTile","properties":{"header":"Manage Yards"}},"wdio_ui5_key":"sapm.GenericTile{\"header\":\"Manage Yards\"}"}]}
RESULT: {"script":"<script> [1562 bytes]","args":[{"selector":{"controlType":"sap.m.GenericTile","properties":{"header":"Manage Yards"}},"wdio_ui5_key":"sapm.GenericTile{\"header\":\"Manage Yards\"}"}]}
RESULT: undefined
COMMAND: POST /session/97f842ea50bbcd53f5e58b39b44e661d/element - {"using":"xpath","value":"//*[@id=\"__tile41\"]"}
RESULT: {"using":"xpath","value":"//*[@id=\"__tile41\"]"}
COMMAND: POST /session/97f842ea50bbcd53f5e58b39b44e661d/element/f.4C3BA0BF09B228EDDC79F91E8A810388.d.C4FD2B462947C8D133C8F5557DEA5C2F.e.10419/click - {}
RESULT: {}
COMMAND: GET /session/97f842ea50bbcd53f5e58b39b44e661d/screenshot - {}
RESULT: {}
COMMAND: POST /session/97f842ea50bbcd53f5e58b39b44e661d/execute/async - {"script":"<script> [1562 bytes]","args":[{"selector":{"controlType":"sap.ui.core.Icon","viewName":"etm.portal.ui.manageyards.view.Master","viewId":"application-manageyards-display-component---masterYard","properties":{"src":{"regex":{"source":"add"}}}},"wdio_ui5_key":"etmportal.ui.manageyards.view.Mastersap.ui.core.Icon{\"src\":{\"regex\":{\"source\":\"add\"}}}"}]}
RESULT: {"script":"<script> [1562 bytes]","args":[{"selector":{"controlType":"sap.ui.core.Icon","viewName":"etm.portal.ui.manageyards.view.Master","viewId":"application-manageyards-display-component---masterYard","properties":{"src":{"regex":{"source":"add"}}}},"wdio_ui5_key":"etmportal.ui.manageyards.view.Mastersap.ui.core.Icon{\"src\":{\"regex\":{\"source\":\"add\"}}}"}]}
RESULT: undefined
COMMAND: POST /session/97f842ea50bbcd53f5e58b39b44e661d/element - {"using":"xpath","value":"//*[@id=\"__button4-img\"]"}
RESULT: {"using":"xpath","value":"//*[@id=\"__button4-img\"]"}
COMMAND: POST /session/97f842ea50bbcd53f5e58b39b44e661d/element/f.4C3BA0BF09B228EDDC79F91E8A810388.d.C4FD2B462947C8D133C8F5557DEA5C2F.e.10463/click - {}
RESULT: {}
COMMAND: GET /session/97f842ea50bbcd53f5e58b39b44e661d/screenshot - {}
RESULT: {}
COMMAND: POST /session/97f842ea50bbcd53f5e58b39b44e661d/execute/async - {"script":"<script> [1562 bytes]","args":[{"selector":{"id":"application-manageyards-display-component---NewYard--yardId","interaction":{"idSuffix":"inner"}},"wdio_ui5_key":"applicationmanageyards-display-component---NewYard--yardId"}]}
RESULT: {"script":"<script> [1562 bytes]","args":[{"selector":{"id":"application-manageyards-display-component---NewYard--yardId","interaction":{"idSuffix":"inner"}},"wdio_ui5_key":"applicationmanageyards-display-component---NewYard--yardId"}]}
RESULT: undefined
COMMAND: POST /session/97f842ea50bbcd53f5e58b39b44e661d/element - {"using":"xpath","value":"//*[@id=\"application-manageyards-display-component---NewYard--addressDetailDetailsName1-inner\"]"}
RESULT: {"using":"xpath","value":"//*[@id=\"application-manageyards-display-component---NewYard--addressDetailDetailsName1-inner\"]"}
COMMAND: POST /session/97f842ea50bbcd53f5e58b39b44e661d/element/f.4C3BA0BF09B228EDDC79F91E8A810388.d.C4FD2B462947C8D133C8F5557DEA5C2F.e.10680/clear - {}
RESULT: {}
COMMAND: POST /session/97f842ea50bbcd53f5e58b39b44e661d/element/f.4C3BA0BF09B228EDDC79F91E8A810388.d.C4FD2B462947C8D133C8F5557DEA5C2F.e.10680/value - {"text":"WebdriverWHMYardyvy9e"}
COMMAND: GET /session/97f842ea50bbcd53f5e58b39b44e661d/screenshot - {}
RESULT: {"text":"WebdriverWHMYardyvy9e"}
COMMAND: POST /session/97f842ea50bbcd53f5e58b39b44e661d/element - {"using":"xpath","value":"//*[@id=\"application-manageyards-display-component---NewYard--addressDetailDetailsLanguage-inner\"]"}
COMMAND: GET /session/97f842ea50bbcd53f5e58b39b44e661d/screenshot - {}
RESULT: {}
RESULT: {"using":"xpath","value":"//*[@id=\"application-manageyards-display-component---NewYard--addressDetailDetailsLanguage-inner\"]"}
COMMAND: POST /session/97f842ea50bbcd53f5e58b39b44e661d/element/f.4C3BA0BF09B228EDDC79F91E8A810388.d.C4FD2B462947C8D133C8F5557DEA5C2F.e.10681/clear - {}
RESULT: {}
RESULT: {}
COMMAND: POST /session/97f842ea50bbcd53f5e58b39b44e661d/element/f.4C3BA0BF09B228EDDC79F91E8A810388.d.C4FD2B462947C8D133C8F5557DEA5C2F.e.10681/value - {"text":"Romanian"}
COMMAND: GET /session/97f842ea50bbcd53f5e58b39b44e661d/screenshot - {}
RESULT: {"text":"Romanian"}
COMMAND: POST /session/97f842ea50bbcd53f5e58b39b44e661d/element - {"using":"xpath","value":"//input[contains(@id ,\"application-manageyards-display-component---NewYard--addressDetailDetailsName1-inner\")]"}
COMMAND: GET /session/97f842ea50bbcd53f5e58b39b44e661d/screenshot - {}
RESULT: {}
RESULT: {"using":"xpath","value":"//input[contains(@id ,\"application-manageyards-display-component---NewYard--addressDetailDetailsName1-inner\")]"}
COMMAND: GET /session/97f842ea50bbcd53f5e58b39b44e661d/element/f.4C3BA0BF09B228EDDC79F91E8A810388.d.C4FD2B462947C8D133C8F5557DEA5C2F.e.10680/property/value - {}
RESULT: {}
RESULT: {}
COMMAND: GET /session/97f842ea50bbcd53f5e58b39b44e661d/screenshot - {}
RESULT: {}
COMMAND: POST /session/97f842ea50bbcd53f5e58b39b44e661d/element - {"using":"xpath","value":"//*[@id=\"application-manageyards-display-component---NewYard--addressDetailDetailsCity1-inner\"]"}
RESULT: {"using":"xpath","value":"//*[@id=\"application-manageyards-display-component---NewYard--addressDetailDetailsCity1-inner\"]"}
COMMAND: POST /session/97f842ea50bbcd53f5e58b39b44e661d/element/f.4C3BA0BF09B228EDDC79F91E8A810388.d.C4FD2B462947C8D133C8F5557DEA5C2F.e.10683/clear - {}
RESULT: {}
COMMAND: POST /session/97f842ea50bbcd53f5e58b39b44e661d/element/f.4C3BA0BF09B228EDDC79F91E8A810388.d.C4FD2B462947C8D133C8F5557DEA5C2F.e.10683/value - {"text":"Bucuresti"}
COMMAND: GET /session/97f842ea50bbcd53f5e58b39b44e661d/screenshot - {}
RESULT: {"text":"Bucuresti"}
COMMAND: GET /session/97f842ea50bbcd53f5e58b39b44e661d/screenshot - {}
RESULT: {}
RESULT: {}
COMMAND: POST /session/97f842ea50bbcd53f5e58b39b44e661d/element - {"using":"xpath","value":"//*[@id=\"application-manageyards-display-component---NewYard--addressDetailDetailsCountry-inner\"]"}
RESULT: {"using":"xpath","value":"//*[@id=\"application-manageyards-display-component---NewYard--addressDetailDetailsCountry-inner\"]"}
COMMAND: POST /session/97f842ea50bbcd53f5e58b39b44e661d/element/f.4C3BA0BF09B228EDDC79F91E8A810388.d.C4FD2B462947C8D133C8F5557DEA5C2F.e.10687/clear - {}
RESULT: {}
COMMAND: POST /session/97f842ea50bbcd53f5e58b39b44e661d/element/f.4C3BA0BF09B228EDDC79F91E8A810388.d.C4FD2B462947C8D133C8F5557DEA5C2F.e.10687/value - {"text":"Romania"}
COMMAND: GET /session/97f842ea50bbcd53f5e58b39b44e661d/screenshot - {}
RESULT: {"text":"Romania"}
COMMAND: GET /session/97f842ea50bbcd53f5e58b39b44e661d/screenshot - {}
RESULT: {}
COMMAND: POST /session/97f842ea50bbcd53f5e58b39b44e661d/execute/async - {"script":"<script> [1562 bytes]","args":[{"selector":{"controlType":"sap.m.Button","viewName":"etm.portal.ui.manageyards.view.New","viewId":"application-manageyards-display-component---NewYard","properties":{"text":"Commercial"},"interaction":{"idSuffix":"BDI-content"}},"wdio_ui5_key":"etmportal.ui.manageyards.view.Newsap.m.Button{\"text\":\"Commercial\"}"}]}
RESULT: {}
RESULT: {"script":"<script> [1562 bytes]","args":[{"selector":{"controlType":"sap.m.Button","viewName":"etm.portal.ui.manageyards.view.New","viewId":"application-manageyards-display-component---NewYard","properties":{"text":"Commercial"},"interaction":{"idSuffix":"BDI-content"}},"wdio_ui5_key":"etmportal.ui.manageyards.view.Newsap.m.Button{\"text\":\"Commercial\"}"}]}
RESULT: undefined
COMMAND: POST /session/97f842ea50bbcd53f5e58b39b44e661d/element - {"using":"xpath","value":"//*[@id=\"application-manageyards-display-component---NewYard--ObjectPageLayout-anchBar-__section5-anchor\"]"}
RESULT: {"using":"xpath","value":"//*[@id=\"application-manageyards-display-component---NewYard--ObjectPageLayout-anchBar-__section5-anchor\"]"}
COMMAND: POST /session/97f842ea50bbcd53f5e58b39b44e661d/element/f.4C3BA0BF09B228EDDC79F91E8A810388.d.C4FD2B462947C8D133C8F5557DEA5C2F.e.10886/click - {}
RESULT: {}
COMMAND: GET /session/97f842ea50bbcd53f5e58b39b44e661d/screenshot - {}
RESULT: {}
COMMAND: POST /session/97f842ea50bbcd53f5e58b39b44e661d/element - {"using":"xpath","value":"//div[contains(text(), \"Commercial\")]"}
RESULT: {"using":"xpath","value":"//div[contains(text(), \"Commercial\")]"}
COMMAND: GET /session/97f842ea50bbcd53f5e58b39b44e661d/element/f.4C3BA0BF09B228EDDC79F91E8A810388.d.C4FD2B462947C8D133C8F5557DEA5C2F.e.10895/rect - {}
RESULT: {}
COMMAND: GET /session/97f842ea50bbcd53f5e58b39b44e661d/window/rect - {}
RESULT: {}
COMMAND: POST /session/97f842ea50bbcd53f5e58b39b44e661d/execute/sync - {"script":"<script> [92 bytes]","args":[]}
RESULT: {"script":"<script> [92 bytes]","args":[]}
COMMAND: POST /session/97f842ea50bbcd53f5e58b39b44e661d/actions - {"actions":[{"id":"action25","type":"wheel","parameters":{},"actions":[{"type":"scroll","x":-1841,"y":-44,"deltaX":0,"deltaY":0,"duration":0,"origin":{"element-6066-11e4-a52e-4f735466cecf":"f.4C3BA0BF09B228EDDC79F91E8A810388.d.C4FD2B462947C8D133C8F5557DEA5C2F.e.10895"}}]}]}
COMMAND: GET /session/97f842ea50bbcd53f5e58b39b44e661d/screenshot - {}
RESULT: {}
COMMAND: POST /session/97f842ea50bbcd53f5e58b39b44e661d/execute/sync - {"script":"<script> [79 bytes]","args":[{"element-6066-11e4-a52e-4f735466cecf":"f.4C3BA0BF09B228EDDC79F91E8A810388.d.C4FD2B462947C8D133C8F5557DEA5C2F.e.10895","ELEMENT":"f.4C3BA0BF09B228EDDC79F91E8A810388.d.C4FD2B462947C8D133C8F5557DEA5C2F.e.10895"},{"block":"start","inline":"nearest"}]}
RESULT: {"script":"<script> [79 bytes]","args":[{"element-6066-11e4-a52e-4f735466cecf":"f.4C3BA0BF09B228EDDC79F91E8A810388.d.C4FD2B462947C8D133C8F5557DEA5C2F.e.10895","ELEMENT":"f.4C3BA0BF09B228EDDC79F91E8A810388.d.C4FD2B462947C8D133C8F5557DEA5C2F.e.10895"},{"block":"start","inline":"nearest"}]}
COMMAND: GET /session/97f842ea50bbcd53f5e58b39b44e661d/screenshot - {}
RESULT: {}
COMMAND: POST /session/97f842ea50bbcd53f5e58b39b44e661d/execute/async - {"script":"<script> [1562 bytes]","args":[{"selector":{"id":"application-manageyards-display-component---NewYard--addressEditDetailsCostObjectCstType-arrow"},"wdio_ui5_key":"applicationmanageyards-display-component---NewYard--addressEditDetailsCostObjectCstType-arrow"}]}
RESULT: {"script":"<script> [1562 bytes]","args":[{"selector":{"id":"application-manageyards-display-component---NewYard--addressEditDetailsCostObjectCstType-arrow"},"wdio_ui5_key":"applicationmanageyards-display-component---NewYard--addressEditDetailsCostObjectCstType-arrow"}]}
RESULT: undefined
COMMAND: POST /session/97f842ea50bbcd53f5e58b39b44e661d/element - {"using":"xpath","value":"//*[@id=\"application-manageyards-display-component---NewYard--addressEditDetailsCostObjectCstType-arrow\"]"}
RESULT: {"using":"xpath","value":"//*[@id=\"application-manageyards-display-component---NewYard--addressEditDetailsCostObjectCstType-arrow\"]"}
COMMAND: POST /session/97f842ea50bbcd53f5e58b39b44e661d/element/f.4C3BA0BF09B228EDDC79F91E8A810388.d.C4FD2B462947C8D133C8F5557DEA5C2F.e.10896/click - {}
RESULT: {}
COMMAND: POST /session/97f842ea50bbcd53f5e58b39b44e661d/element - {"using":"xpath","value":"//span[contains(text(), \"Cost Center\")]"}
COMMAND: GET /session/97f842ea50bbcd53f5e58b39b44e661d/screenshot - {}
RESULT: {"using":"xpath","value":"//span[contains(text(), \"Cost Center\")]"}
COMMAND: POST /session/97f842ea50bbcd53f5e58b39b44e661d/element/f.4C3BA0BF09B228EDDC79F91E8A810388.d.C4FD2B462947C8D133C8F5557DEA5C2F.e.10897/click - {}
RESULT: {}
RESULT: {}
COMMAND: GET /session/97f842ea50bbcd53f5e58b39b44e661d/screenshot - {}
RESULT: {}
COMMAND: POST /session/97f842ea50bbcd53f5e58b39b44e661d/execute/async - {"script":"<script> [1562 bytes]","args":[{"selector":{"id":"application-manageyards-display-component---NewYard--addressNewCostObjectCstID-vhi"},"wdio_ui5_key":"applicationmanageyards-display-component---NewYard--addressNewCostObjectCstID-vhi"}]}
RESULT: {"script":"<script> [1562 bytes]","args":[{"selector":{"id":"application-manageyards-display-component---NewYard--addressNewCostObjectCstID-vhi"},"wdio_ui5_key":"applicationmanageyards-display-component---NewYard--addressNewCostObjectCstID-vhi"}]}
RESULT: undefined
COMMAND: POST /session/97f842ea50bbcd53f5e58b39b44e661d/element - {"using":"xpath","value":"//*[@id=\"application-manageyards-display-component---NewYard--addressNewCostObjectCstID-vhi\"]"}
RESULT: {"using":"xpath","value":"//*[@id=\"application-manageyards-display-component---NewYard--addressNewCostObjectCstID-vhi\"]"}
COMMAND: POST /session/97f842ea50bbcd53f5e58b39b44e661d/element/f.4C3BA0BF09B228EDDC79F91E8A810388.d.C4FD2B462947C8D133C8F5557DEA5C2F.e.10900/click - {}
RESULT: {}
COMMAND: GET /session/97f842ea50bbcd53f5e58b39b44e661d/screenshot - {}
RESULT: {}
COMMAND: POST /session/97f842ea50bbcd53f5e58b39b44e661d/execute/async - {"script":"<script> [1562 bytes]","args":[{"selector":{"controlType":"sap.m.SearchField","properties":{"placeholder":"Search"},"searchOpenDialogs":true,"interaction":{"idSuffix":"I"}},"wdio_ui5_key":"sapm.SearchField{\"placeholder\":\"Search\"}"}]}
RESULT: {"script":"<script> [1562 bytes]","args":[{"selector":{"controlType":"sap.m.SearchField","properties":{"placeholder":"Search"},"searchOpenDialogs":true,"interaction":{"idSuffix":"I"}},"wdio_ui5_key":"sapm.SearchField{\"placeholder\":\"Search\"}"}]}
RESULT: undefined
COMMAND: POST /session/97f842ea50bbcd53f5e58b39b44e661d/execute/async - {"script":"<script> [776 bytes]","args":[{"enterText":"10001013","selector":{"controlType":"sap.m.SearchField","properties":{"placeholder":"Search"},"searchOpenDialogs":true,"interaction":{"idSuffix":"I"}},"clearTextFirst":true,"interactionType":"ENTER_TEXT"}]}
RESULT: {"script":"<script> [776 bytes]","args":[{"enterText":"10001013","selector":{"controlType":"sap.m.SearchField","properties":{"placeholder":"Search"},"searchOpenDialogs":true,"interaction":{"idSuffix":"I"}},"clearTextFirst":true,"interactionType":"ENTER_TEXT"}]}
COMMAND: POST /session/97f842ea50bbcd53f5e58b39b44e661d/actions - {"actions":[{"id":"action26","type":"key","parameters":{},"actions":[{"type":"keyDown","value":""},{"type":"pause","duration":10},{"type":"keyUp","value":""}]}]}
RESULT: {"actions":[{"id":"action26","type":"key","parameters":{},"actions":[{"type":"keyDown","value":""},{"type":"pause","duration":10},{"type":"keyUp","value":""}]}]}
COMMAND: GET /session/97f842ea50bbcd53f5e58b39b44e661d/screenshot - {}
RESULT: {}
COMMAND: POST /session/97f842ea50bbcd53f5e58b39b44e661d/element - {"using":"xpath","value":"//span[contains(text(), \"General Management\")]"}
RESULT: {"using":"xpath","value":"//span[contains(text(), \"General Management\")]"}
COMMAND: POST /session/97f842ea50bbcd53f5e58b39b44e661d/element/f.4C3BA0BF09B228EDDC79F91E8A810388.d.C4FD2B462947C8D133C8F5557DEA5C2F.e.10940/click - {}
RESULT: {}
COMMAND: GET /session/97f842ea50bbcd53f5e58b39b44e661d/screenshot - {}
RESULT: {}
COMMAND: POST /session/97f842ea50bbcd53f5e58b39b44e661d/element - {"using":"xpath","value":"//bdi[contains(text(), \"OK\")]"}
RESULT: {"using":"xpath","value":"//bdi[contains(text(), \"OK\")]"}
COMMAND: POST /session/97f842ea50bbcd53f5e58b39b44e661d/element/f.4C3BA0BF09B228EDDC79F91E8A810388.d.C4FD2B462947C8D133C8F5557DEA5C2F.e.10941/click - {}
RESULT: {}
COMMAND: GET /session/97f842ea50bbcd53f5e58b39b44e661d/screenshot - {}
RESULT: {}
COMMAND: POST /session/97f842ea50bbcd53f5e58b39b44e661d/execute/async - {"script":"<script> [1562 bytes]","args":[{"selector":{"id":"application-manageyards-display-component---NewYard--addressEditDetailsCurrency","interaction":{"idSuffix":"inner"}},"wdio_ui5_key":"applicationmanageyards-display-component---NewYard--addressEditDetailsCurrency"}]}
RESULT: {"script":"<script> [1562 bytes]","args":[{"selector":{"id":"application-manageyards-display-component---NewYard--addressEditDetailsCurrency","interaction":{"idSuffix":"inner"}},"wdio_ui5_key":"applicationmanageyards-display-component---NewYard--addressEditDetailsCurrency"}]}
RESULT: undefined
COMMAND: POST /session/97f842ea50bbcd53f5e58b39b44e661d/execute/async - {"script":"<script> [776 bytes]","args":[{"enterText":"Euro","selector":{"id":"application-manageyards-display-component---NewYard--addressEditDetailsCurrency","interaction":{"idSuffix":"inner"}},"clearTextFirst":true,"interactionType":"ENTER_TEXT"}]}
RESULT: {"script":"<script> [776 bytes]","args":[{"enterText":"Euro","selector":{"id":"application-manageyards-display-component---NewYard--addressEditDetailsCurrency","interaction":{"idSuffix":"inner"}},"clearTextFirst":true,"interactionType":"ENTER_TEXT"}]}
COMMAND: POST /session/97f842ea50bbcd53f5e58b39b44e661d/execute/async - {"script":"<script> [1562 bytes]","args":[{"selector":{"controlType":"sap.m.Input","viewName":"etm.portal.ui.manageyards.view.New","viewId":"application-manageyards-display-component---NewYard","bindingPath":{"path":"","propertyPath":"/CONTROLLING_AREA","modelName":"NewYardModel"},"interaction":{"idSuffix":"inner"}},"wdio_ui5_key":"etmportal.ui.manageyards.view.Newsap.m.Input{\"path\":\"\",\"propertyPath\":\"/CONTROLLING_AREA\",\"modelName\":\"NewYardModel\"}"}]}
RESULT: {"script":"<script> [1562 bytes]","args":[{"selector":{"controlType":"sap.m.Input","viewName":"etm.portal.ui.manageyards.view.New","viewId":"application-manageyards-display-component---NewYard","bindingPath":{"path":"","propertyPath":"/CONTROLLING_AREA","modelName":"NewYardModel"},"interaction":{"idSuffix":"inner"}},"wdio_ui5_key":"etmportal.ui.manageyards.view.Newsap.m.Input{\"path\":\"\",\"propertyPath\":\"/CONTROLLING_AREA\",\"modelName\":\"NewYardModel\"}"}]}
RESULT: undefined
COMMAND: POST /session/97f842ea50bbcd53f5e58b39b44e661d/execute/async - {"script":"<script> [776 bytes]","args":[{"enterText":"Z001","selector":{"controlType":"sap.m.Input","viewName":"etm.portal.ui.manageyards.view.New","viewId":"application-manageyards-display-component---NewYard","bindingPath":{"path":"","propertyPath":"/CONTROLLING_AREA","modelName":"NewYardModel"},"interaction":{"idSuffix":"inner"}},"clearTextFirst":true,"interactionType":"ENTER_TEXT"}]}
RESULT: {"script":"<script> [776 bytes]","args":[{"enterText":"Z001","selector":{"controlType":"sap.m.Input","viewName":"etm.portal.ui.manageyards.view.New","viewId":"application-manageyards-display-component---NewYard","bindingPath":{"path":"","propertyPath":"/CONTROLLING_AREA","modelName":"NewYardModel"},"interaction":{"idSuffix":"inner"}},"clearTextFirst":true,"interactionType":"ENTER_TEXT"}]}
COMMAND: POST /session/97f842ea50bbcd53f5e58b39b44e661d/execute/async - {"script":"<script> [1562 bytes]","args":[{"selector":{"id":"application-manageyards-display-component---NewYard--companyCodeComboBox","interaction":{"idSuffix":"inner"}},"wdio_ui5_key":"applicationmanageyards-display-component---NewYard--companyCodeComboBox"}]}
RESULT: {"script":"<script> [1562 bytes]","args":[{"selector":{"id":"application-manageyards-display-component---NewYard--companyCodeComboBox","interaction":{"idSuffix":"inner"}},"wdio_ui5_key":"applicationmanageyards-display-component---NewYard--companyCodeComboBox"}]}
RESULT: undefined
COMMAND: POST /session/97f842ea50bbcd53f5e58b39b44e661d/execute/async - {"script":"<script> [776 bytes]","args":[{"enterText":"1000","selector":{"id":"application-manageyards-display-component---NewYard--companyCodeComboBox","interaction":{"idSuffix":"inner"}},"clearTextFirst":true,"interactionType":"ENTER_TEXT"}]}
RESULT: {"script":"<script> [776 bytes]","args":[{"enterText":"1000","selector":{"id":"application-manageyards-display-component---NewYard--companyCodeComboBox","interaction":{"idSuffix":"inner"}},"clearTextFirst":true,"interactionType":"ENTER_TEXT"}]}
COMMAND: POST /session/97f842ea50bbcd53f5e58b39b44e661d/actions - {"actions":[{"id":"action27","type":"key","parameters":{},"actions":[{"type":"keyDown","value":""},{"type":"pause","duration":10},{"type":"keyUp","value":""}]}]}
RESULT: {"actions":[{"id":"action27","type":"key","parameters":{},"actions":[{"type":"keyDown","value":""},{"type":"pause","duration":10},{"type":"keyUp","value":""}]}]}
COMMAND: POST /session/97f842ea50bbcd53f5e58b39b44e661d/execute/async - {"script":"<script> [1562 bytes]","args":[{"selector":{"controlType":"sap.m.Input","viewName":"etm.portal.ui.manageyards.view.New","viewId":"application-manageyards-display-component---NewYard","bindingPath":{"path":"","propertyPath":"/PLANT","modelName":"NewYardModel"},"interaction":{"idSuffix":"inner"}},"wdio_ui5_key":"etmportal.ui.manageyards.view.Newsap.m.Input{\"path\":\"\",\"propertyPath\":\"/PLANT\",\"modelName\":\"NewYardModel\"}"}]}
COMMAND: GET /session/97f842ea50bbcd53f5e58b39b44e661d/screenshot - {}
RESULT: {"script":"<script> [1562 bytes]","args":[{"selector":{"controlType":"sap.m.Input","viewName":"etm.portal.ui.manageyards.view.New","viewId":"application-manageyards-display-component---NewYard","bindingPath":{"path":"","propertyPath":"/PLANT","modelName":"NewYardModel"},"interaction":{"idSuffix":"inner"}},"wdio_ui5_key":"etmportal.ui.manageyards.view.Newsap.m.Input{\"path\":\"\",\"propertyPath\":\"/PLANT\",\"modelName\":\"NewYardModel\"}"}]}
RESULT: undefined
COMMAND: POST /session/97f842ea50bbcd53f5e58b39b44e661d/execute/async - {"script":"<script> [776 bytes]","args":[{"enterText":"1001","selector":{"controlType":"sap.m.Input","viewName":"etm.portal.ui.manageyards.view.New","viewId":"application-manageyards-display-component---NewYard","bindingPath":{"path":"","propertyPath":"/PLANT","modelName":"NewYardModel"},"interaction":{"idSuffix":"inner"}},"clearTextFirst":true,"interactionType":"ENTER_TEXT"}]}
RESULT: {}
RESULT: {"script":"<script> [776 bytes]","args":[{"enterText":"1001","selector":{"controlType":"sap.m.Input","viewName":"etm.portal.ui.manageyards.view.New","viewId":"application-manageyards-display-component---NewYard","bindingPath":{"path":"","propertyPath":"/PLANT","modelName":"NewYardModel"},"interaction":{"idSuffix":"inner"}},"clearTextFirst":true,"interactionType":"ENTER_TEXT"}]}
COMMAND: POST /session/97f842ea50bbcd53f5e58b39b44e661d/execute/async - {"script":"<script> [1562 bytes]","args":[{"selector":{"controlType":"sap.m.Input","viewName":"etm.portal.ui.manageyards.view.New","viewId":"application-manageyards-display-component---NewYard","bindingPath":{"path":"","propertyPath":"/SALES_AREA_VKORG","modelName":"NewYardModel"},"interaction":{"idSuffix":"inner"}},"wdio_ui5_key":"etmportal.ui.manageyards.view.Newsap.m.Input{\"path\":\"\",\"propertyPath\":\"/SALES_AREA_VKORG\",\"modelName\":\"NewYardModel\"}"}]}
RESULT: {"script":"<script> [1562 bytes]","args":[{"selector":{"controlType":"sap.m.Input","viewName":"etm.portal.ui.manageyards.view.New","viewId":"application-manageyards-display-component---NewYard","bindingPath":{"path":"","propertyPath":"/SALES_AREA_VKORG","modelName":"NewYardModel"},"interaction":{"idSuffix":"inner"}},"wdio_ui5_key":"etmportal.ui.manageyards.view.Newsap.m.Input{\"path\":\"\",\"propertyPath\":\"/SALES_AREA_VKORG\",\"modelName\":\"NewYardModel\"}"}]}
RESULT: undefined
COMMAND: POST /session/97f842ea50bbcd53f5e58b39b44e661d/execute/async - {"script":"<script> [776 bytes]","args":[{"enterText":"C002","selector":{"controlType":"sap.m.Input","viewName":"etm.portal.ui.manageyards.view.New","viewId":"application-manageyards-display-component---NewYard","bindingPath":{"path":"","propertyPath":"/SALES_AREA_VKORG","modelName":"NewYardModel"},"interaction":{"idSuffix":"inner"}},"clearTextFirst":true,"interactionType":"ENTER_TEXT"}]}
RESULT: {"script":"<script> [776 bytes]","args":[{"enterText":"C002","selector":{"controlType":"sap.m.Input","viewName":"etm.portal.ui.manageyards.view.New","viewId":"application-manageyards-display-component---NewYard","bindingPath":{"path":"","propertyPath":"/SALES_AREA_VKORG","modelName":"NewYardModel"},"interaction":{"idSuffix":"inner"}},"clearTextFirst":true,"interactionType":"ENTER_TEXT"}]}
COMMAND: POST /session/97f842ea50bbcd53f5e58b39b44e661d/execute/async - {"script":"<script> [1562 bytes]","args":[{"selector":{"controlType":"sap.m.Input","viewName":"etm.portal.ui.manageyards.view.New","viewId":"application-manageyards-display-component---NewYard","bindingPath":{"path":"","propertyPath":"/SALES_AREA_VTWEG","modelName":"NewYardModel"},"interaction":{"idSuffix":"inner"}},"wdio_ui5_key":"etmportal.ui.manageyards.view.Newsap.m.Input{\"path\":\"\",\"propertyPath\":\"/SALES_AREA_VTWEG\",\"modelName\":\"NewYardModel\"}"}]}
RESULT: {"script":"<script> [1562 bytes]","args":[{"selector":{"controlType":"sap.m.Input","viewName":"etm.portal.ui.manageyards.view.New","viewId":"application-manageyards-display-component---NewYard","bindingPath":{"path":"","propertyPath":"/SALES_AREA_VTWEG","modelName":"NewYardModel"},"interaction":{"idSuffix":"inner"}},"wdio_ui5_key":"etmportal.ui.manageyards.view.Newsap.m.Input{\"path\":\"\",\"propertyPath\":\"/SALES_AREA_VTWEG\",\"modelName\":\"NewYardModel\"}"}]}
RESULT: undefined
COMMAND: POST /session/97f842ea50bbcd53f5e58b39b44e661d/execute/async - {"script":"<script> [776 bytes]","args":[{"enterText":"C2","selector":{"controlType":"sap.m.Input","viewName":"etm.portal.ui.manageyards.view.New","viewId":"application-manageyards-display-component---NewYard","bindingPath":{"path":"","propertyPath":"/SALES_AREA_VTWEG","modelName":"NewYardModel"},"interaction":{"idSuffix":"inner"}},"clearTextFirst":true,"interactionType":"ENTER_TEXT"}]}
RESULT: {"script":"<script> [776 bytes]","args":[{"enterText":"C2","selector":{"controlType":"sap.m.Input","viewName":"etm.portal.ui.manageyards.view.New","viewId":"application-manageyards-display-component---NewYard","bindingPath":{"path":"","propertyPath":"/SALES_AREA_VTWEG","modelName":"NewYardModel"},"interaction":{"idSuffix":"inner"}},"clearTextFirst":true,"interactionType":"ENTER_TEXT"}]}
COMMAND: POST /session/97f842ea50bbcd53f5e58b39b44e661d/execute/async - {"script":"<script> [1562 bytes]","args":[{"selector":{"controlType":"sap.m.Input","viewName":"etm.portal.ui.manageyards.view.New","viewId":"application-manageyards-display-component---NewYard","bindingPath":{"path":"","propertyPath":"/SALES_AREA_SPART","modelName":"NewYardModel"},"interaction":{"idSuffix":"inner"}},"wdio_ui5_key":"etmportal.ui.manageyards.view.Newsap.m.Input{\"path\":\"\",\"propertyPath\":\"/SALES_AREA_SPART\",\"modelName\":\"NewYardModel\"}"}]}
RESULT: {"script":"<script> [1562 bytes]","args":[{"selector":{"controlType":"sap.m.Input","viewName":"etm.portal.ui.manageyards.view.New","viewId":"application-manageyards-display-component---NewYard","bindingPath":{"path":"","propertyPath":"/SALES_AREA_SPART","modelName":"NewYardModel"},"interaction":{"idSuffix":"inner"}},"wdio_ui5_key":"etmportal.ui.manageyards.view.Newsap.m.Input{\"path\":\"\",\"propertyPath\":\"/SALES_AREA_SPART\",\"modelName\":\"NewYardModel\"}"}]}
RESULT: undefined
COMMAND: POST /session/97f842ea50bbcd53f5e58b39b44e661d/execute/async - {"script":"<script> [776 bytes]","args":[{"enterText":"C2","selector":{"controlType":"sap.m.Input","viewName":"etm.portal.ui.manageyards.view.New","viewId":"application-manageyards-display-component---NewYard","bindingPath":{"path":"","propertyPath":"/SALES_AREA_SPART","modelName":"NewYardModel"},"interaction":{"idSuffix":"inner"}},"clearTextFirst":true,"interactionType":"ENTER_TEXT"}]}
RESULT: {"script":"<script> [776 bytes]","args":[{"enterText":"C2","selector":{"controlType":"sap.m.Input","viewName":"etm.portal.ui.manageyards.view.New","viewId":"application-manageyards-display-component---NewYard","bindingPath":{"path":"","propertyPath":"/SALES_AREA_SPART","modelName":"NewYardModel"},"interaction":{"idSuffix":"inner"}},"clearTextFirst":true,"interactionType":"ENTER_TEXT"}]}
COMMAND: POST /session/97f842ea50bbcd53f5e58b39b44e661d/execute/async - {"script":"<script> [1562 bytes]","args":[{"selector":{"id":"application-manageyards-display-component---NewYard--whmCheckBox","interaction":{"idSuffix":"CbBg"}},"wdio_ui5_key":"applicationmanageyards-display-component---NewYard--whmCheckBox"}]}
RESULT: {"script":"<script> [1562 bytes]","args":[{"selector":{"id":"application-manageyards-display-component---NewYard--whmCheckBox","interaction":{"idSuffix":"CbBg"}},"wdio_ui5_key":"applicationmanageyards-display-component---NewYard--whmCheckBox"}]}
RESULT: undefined
COMMAND: POST /session/97f842ea50bbcd53f5e58b39b44e661d/element - {"using":"xpath","value":"//*[@id=\"application-manageyards-display-component---NewYard--whmCheckBox\"]"}
RESULT: {"using":"xpath","value":"//*[@id=\"application-manageyards-display-component---NewYard--whmCheckBox\"]"}
COMMAND: POST /session/97f842ea50bbcd53f5e58b39b44e661d/element/f.4C3BA0BF09B228EDDC79F91E8A810388.d.C4FD2B462947C8D133C8F5557DEA5C2F.e.10952/click - {}
RESULT: {}
COMMAND: POST /session/97f842ea50bbcd53f5e58b39b44e661d/execute/async - {"script":"<script> [1562 bytes]","args":[{"selector":{"controlType":"sap.m.Button","viewName":"etm.portal.ui.manageyards.view.New","viewId":"application-manageyards-display-component---NewYard","i18NText":{"propertyName":"text","key":"save"},"interaction":{"idSuffix":"inner"}},"wdio_ui5_key":"etmportal.ui.manageyards.view.Newsap.m.Button{\"propertyName\":\"text\",\"key\":\"save\"}"}]}
COMMAND: GET /session/97f842ea50bbcd53f5e58b39b44e661d/screenshot - {}
RESULT: {"script":"<script> [1562 bytes]","args":[{"selector":{"controlType":"sap.m.Button","viewName":"etm.portal.ui.manageyards.view.New","viewId":"application-manageyards-display-component---NewYard","i18NText":{"propertyName":"text","key":"save"},"interaction":{"idSuffix":"inner"}},"wdio_ui5_key":"etmportal.ui.manageyards.view.Newsap.m.Button{\"propertyName\":\"text\",\"key\":\"save\"}"}]}
RESULT: undefined
COMMAND: POST /session/97f842ea50bbcd53f5e58b39b44e661d/element - {"using":"xpath","value":"//*[@id=\"__button18\"]"}
RESULT: {}
RESULT: {"using":"xpath","value":"//*[@id=\"__button18\"]"}
COMMAND: POST /session/97f842ea50bbcd53f5e58b39b44e661d/element/f.4C3BA0BF09B228EDDC79F91E8A810388.d.C4FD2B462947C8D133C8F5557DEA5C2F.e.10861/click - {}
RESULT: {}
COMMAND: GET /session/97f842ea50bbcd53f5e58b39b44e661d/screenshot - {}
RESULT: {}
COMMAND: POST /session/97f842ea50bbcd53f5e58b39b44e661d/element - {"using":"css selector","value":"#shell-header-logo"}
RESULT: {"using":"css selector","value":"#shell-header-logo"}
COMMAND: POST /session/97f842ea50bbcd53f5e58b39b44e661d/element/f.4C3BA0BF09B228EDDC79F91E8A810388.d.C4FD2B462947C8D133C8F5557DEA5C2F.e.10412/click - {}
RESULT: {}
COMMAND: GET /session/97f842ea50bbcd53f5e58b39b44e661d/screenshot - {}
RESULT: {}
COMMAND: POST /session/97f842ea50bbcd53f5e58b39b44e661d/refresh - {}
RESULT: {}
COMMAND: GET /session/97f842ea50bbcd53f5e58b39b44e661d/screenshot - {}
RESULT: {}
COMMAND: POST /session/97f842ea50bbcd53f5e58b39b44e661d/refresh - {}
RESULT: {}
COMMAND: GET /session/97f842ea50bbcd53f5e58b39b44e661d/screenshot - {}
RESULT: {}
COMMAND: POST /session/97f842ea50bbcd53f5e58b39b44e661d/execute/async - {"script":"<script> [189 bytes]","args":[]}
RESULT: {"script":"<script> [189 bytes]","args":[]}
COMMAND: POST /session/97f842ea50bbcd53f5e58b39b44e661d/execute/async - {"script":"<script> [123 bytes]","args":[]}
RESULT: {"script":"<script> [123 bytes]","args":[]}
COMMAND: POST /session/97f842ea50bbcd53f5e58b39b44e661d/timeouts - {"script":"<number>"}
RESULT: {"script":"<number>"}
COMMAND: GET /session/97f842ea50bbcd53f5e58b39b44e661d/timeouts - {}
RESULT: {}
RESULT: undefined
COMMAND: POST /session/97f842ea50bbcd53f5e58b39b44e661d/execute/async - {"script":"<script> [2676 bytes]","args":[]}
RESULT: {"script":"<script> [2676 bytes]","args":[]}
COMMAND: POST /session/97f842ea50bbcd53f5e58b39b44e661d/execute/async - {"script":"<script> [2342 bytes]","args":[{"protocol":"http","hostname":"0.0.0.0","path":"/","capabilities":{"browserName":"chrome","goog:chromeOptions":{"binary":"C:\\Program Files\\Google\\Chrome\\Application\\chrome.exe","args":["--start-maximized"]}},"logLevel":"warn","connectionRetryTimeout":120000,"connectionRetryCount":3,"logLevels":{},"enableDirectConnect":true,"strictSSL":true,"_":"65 more keys: [\"cacheDir\",\"port\",\"requestedCapabilities\",\"automationProtocol\",\"baseUrl\",\"waitforInterval\",\"waitforTimeout\",\"onReload\",\"beforeCommand\",\"afterCommand\",\"rootDir\",\"specs\",\"suites\",\"exclude\",\"groupLogsByTestSpec\",\"excludeDriverLogs\",\"bail\",\"framework\",\"reporters\",\"services\",\"maxInstances\",\"maxInstancesPerCapability\",\"injectGlobals\",\"filesToWatch\",\"execArgv\",\"runnerEnv\",\"runner\",\"shard\",\"specFileRetries\",\"specFileRetriesDelay\",\"specFileRetriesDeferred\",\"reporterSyncInterval\",\"reporterSyncTimeout\",\"cucumberFeaturesWithLineNumbers\",\"autoCompileOpts\",\"mochaOpts\",\"jasmineOpts\",\"cucumberOpts\",\"onPrepare\",\"onWorkerStart\",\"onWorkerEnd\",\"before\",\"beforeSession\",\"beforeSuite\",\"beforeHook\",\"beforeTest\",\"afterTest\",\"afterHook\",\"afterSuite\",\"afterSession\",\"after\",\"onComplete\",\"beforeAssertion\",\"afterAssertion\",\"beforeFeature\",\"beforeScenario\",\"beforeStep\",\"afterStep\",\"afterScenario\",\"afterFeature\",\"_\",\"suite\",\"$0\",\"ignoredWorkerServices\",\"wdi5\"]"}]}
RESULT: {"script":"<script> [2342 bytes]","args":[{"protocol":"http","hostname":"0.0.0.0","path":"/","capabilities":{"browserName":"chrome","goog:chromeOptions":{"binary":"C:\\Program Files\\Google\\Chrome\\Application\\chrome.exe","args":["--start-maximized"]}},"logLevel":"warn","connectionRetryTimeout":120000,"connectionRetryCount":3,"logLevels":{},"enableDirectConnect":true,"strictSSL":true,"_":"65 more keys: [\"cacheDir\",\"port\",\"requestedCapabilities\",\"automationProtocol\",\"baseUrl\",\"waitforInterval\",\"waitforTimeout\",\"onReload\",\"beforeCommand\",\"afterCommand\",\"rootDir\",\"specs\",\"suites\",\"exclude\",\"groupLogsByTestSpec\",\"excludeDriverLogs\",\"bail\",\"framework\",\"reporters\",\"services\",\"maxInstances\",\"maxInstancesPerCapability\",\"injectGlobals\",\"filesToWatch\",\"execArgv\",\"runnerEnv\",\"runner\",\"shard\",\"specFileRetries\",\"specFileRetriesDelay\",\"specFileRetriesDeferred\",\"reporterSyncInterval\",\"reporterSyncTimeout\",\"cucumberFeaturesWithLineNumbers\",\"autoCompileOpts\",\"mochaOpts\",\"jasmineOpts\",\"cucumberOpts\",\"onPrepare\",\"onWorkerStart\",\"onWorkerEnd\",\"before\",\"beforeSession\",\"beforeSuite\",\"beforeHook\",\"beforeTest\",\"afterTest\",\"afterHook\",\"afterSuite\",\"afterSession\",\"after\",\"onComplete\",\"beforeAssertion\",\"afterAssertion\",\"beforeFeature\",\"beforeScenario\",\"beforeStep\",\"afterStep\",\"afterScenario\",\"afterFeature\",\"_\",\"suite\",\"$0\",\"ignoredWorkerServices\",\"wdi5\"]"}]}
COMMAND: POST /session/97f842ea50bbcd53f5e58b39b44e661d/execute/async - {"script":"<script> [21126 bytes]","args":[35000]}
RESULT: {"script":"<script> [21126 bytes]","args":[35000]}
]]></system-out>
    </testcase>
    <testcase classname="chrome.135_0_7049_42.windows.Warehouse_movements_inventory_test" name="Should create a new warehouse organization" time="65.495">
      <system-out><![CDATA[
COMMAND: POST /session/97f842ea50bbcd53f5e58b39b44e661d/execute/async - {"script":"<script> [1562 bytes]","args":[{"selector":{"controlType":"sap.m.GenericTile","properties":{"header":"Bin Status Report"}},"wdio_ui5_key":"sapm.GenericTile{\"header\":\"Bin Status Report\"}"}]}
RESULT: {"script":"<script> [1562 bytes]","args":[{"selector":{"controlType":"sap.m.GenericTile","properties":{"header":"Bin Status Report"}},"wdio_ui5_key":"sapm.GenericTile{\"header\":\"Bin Status Report\"}"}]}
RESULT: undefined
COMMAND: POST /session/97f842ea50bbcd53f5e58b39b44e661d/element - {"using":"xpath","value":"//*[@id=\"__tile104\"]"}
RESULT: {"using":"xpath","value":"//*[@id=\"__tile104\"]"}
COMMAND: POST /session/97f842ea50bbcd53f5e58b39b44e661d/element/f.4C3BA0BF09B228EDDC79F91E8A810388.d.0AF0BE6FEB2C3D261037F72947AF7DCC.e.11176/click - {}
RESULT: {}
COMMAND: GET /session/97f842ea50bbcd53f5e58b39b44e661d/screenshot - {}
RESULT: {}
COMMAND: POST /session/97f842ea50bbcd53f5e58b39b44e661d/execute/async - {"script":"<script> [1562 bytes]","args":[{"selector":{"id":"application-binstatusreport-display-component---warehousing--createOrgBtn","interaction":{"idSuffix":"BDI-content"}},"wdio_ui5_key":"applicationbinstatusreport-display-component---warehousing--createOrgBtn"}]}
RESULT: {"script":"<script> [1562 bytes]","args":[{"selector":{"id":"application-binstatusreport-display-component---warehousing--createOrgBtn","interaction":{"idSuffix":"BDI-content"}},"wdio_ui5_key":"applicationbinstatusreport-display-component---warehousing--createOrgBtn"}]}
RESULT: undefined
COMMAND: POST /session/97f842ea50bbcd53f5e58b39b44e661d/element - {"using":"xpath","value":"//*[@id=\"application-binstatusreport-display-component---warehousing--createOrgBtn\"]"}
RESULT: {"using":"xpath","value":"//*[@id=\"application-binstatusreport-display-component---warehousing--createOrgBtn\"]"}
COMMAND: POST /session/97f842ea50bbcd53f5e58b39b44e661d/element/f.4C3BA0BF09B228EDDC79F91E8A810388.d.0AF0BE6FEB2C3D261037F72947AF7DCC.e.11222/click - {}
RESULT: {}
COMMAND: GET /session/97f842ea50bbcd53f5e58b39b44e661d/screenshot - {}
RESULT: {}
COMMAND: POST /session/97f842ea50bbcd53f5e58b39b44e661d/execute/async - {"script":"<script> [1562 bytes]","args":[{"selector":{"id":"createOrganizationPop--sectionInput","searchOpenDialogs":true,"interaction":{"idSuffix":"inner"}},"wdio_ui5_key":"createOrganizationPopsectionInput"}]}
RESULT: {"script":"<script> [1562 bytes]","args":[{"selector":{"id":"createOrganizationPop--sectionInput","searchOpenDialogs":true,"interaction":{"idSuffix":"inner"}},"wdio_ui5_key":"createOrganizationPopsectionInput"}]}
RESULT: undefined
COMMAND: POST /session/97f842ea50bbcd53f5e58b39b44e661d/execute/async - {"script":"<script> [776 bytes]","args":[{"enterText":"Secl739vh","selector":{"id":"createOrganizationPop--sectionInput","searchOpenDialogs":true,"interaction":{"idSuffix":"inner"}},"clearTextFirst":true,"interactionType":"ENTER_TEXT"}]}
RESULT: {"script":"<script> [776 bytes]","args":[{"enterText":"Secl739vh","selector":{"id":"createOrganizationPop--sectionInput","searchOpenDialogs":true,"interaction":{"idSuffix":"inner"}},"clearTextFirst":true,"interactionType":"ENTER_TEXT"}]}
COMMAND: POST /session/97f842ea50bbcd53f5e58b39b44e661d/execute/async - {"script":"<script> [1562 bytes]","args":[{"selector":{"id":"createOrganizationPop--descriptionInput","searchOpenDialogs":true,"interaction":{"idSuffix":"inner"}},"wdio_ui5_key":"createOrganizationPopdescriptionInput"}]}
RESULT: {"script":"<script> [1562 bytes]","args":[{"selector":{"id":"createOrganizationPop--descriptionInput","searchOpenDialogs":true,"interaction":{"idSuffix":"inner"}},"wdio_ui5_key":"createOrganizationPopdescriptionInput"}]}
RESULT: undefined
COMMAND: POST /session/97f842ea50bbcd53f5e58b39b44e661d/execute/async - {"script":"<script> [776 bytes]","args":[{"enterText":"OrgNameym35c","selector":{"id":"createOrganizationPop--descriptionInput","searchOpenDialogs":true,"interaction":{"idSuffix":"inner"}},"clearTextFirst":true,"interactionType":"ENTER_TEXT"}]}
RESULT: {"script":"<script> [776 bytes]","args":[{"enterText":"OrgNameym35c","selector":{"id":"createOrganizationPop--descriptionInput","searchOpenDialogs":true,"interaction":{"idSuffix":"inner"}},"clearTextFirst":true,"interactionType":"ENTER_TEXT"}]}
COMMAND: POST /session/97f842ea50bbcd53f5e58b39b44e661d/element - {"using":"xpath","value":"//input[contains(@id ,\"createOrganizationPop--yardOrg-inner\")]"}
RESULT: {"using":"xpath","value":"//input[contains(@id ,\"createOrganizationPop--yardOrg-inner\")]"}
COMMAND: POST /session/97f842ea50bbcd53f5e58b39b44e661d/element/f.4C3BA0BF09B228EDDC79F91E8A810388.d.0AF0BE6FEB2C3D261037F72947AF7DCC.e.11259/clear - {}
RESULT: {}
COMMAND: POST /session/97f842ea50bbcd53f5e58b39b44e661d/element/f.4C3BA0BF09B228EDDC79F91E8A810388.d.0AF0BE6FEB2C3D261037F72947AF7DCC.e.11259/value - {"text":"WebdriverWHMYardyvy9e"}
COMMAND: GET /session/97f842ea50bbcd53f5e58b39b44e661d/screenshot - {}
RESULT: {"text":"WebdriverWHMYardyvy9e"}
COMMAND: GET /session/97f842ea50bbcd53f5e58b39b44e661d/screenshot - {}
RESULT: {}
RESULT: {}
COMMAND: POST /session/97f842ea50bbcd53f5e58b39b44e661d/actions - {"actions":[{"id":"action28","type":"key","parameters":{},"actions":[{"type":"keyDown","value":""},{"type":"pause","duration":10},{"type":"keyUp","value":""}]}]}
RESULT: {"actions":[{"id":"action28","type":"key","parameters":{},"actions":[{"type":"keyDown","value":""},{"type":"pause","duration":10},{"type":"keyUp","value":""}]}]}
COMMAND: GET /session/97f842ea50bbcd53f5e58b39b44e661d/screenshot - {}
RESULT: {}
COMMAND: POST /session/97f842ea50bbcd53f5e58b39b44e661d/execute/async - {"script":"<script> [1562 bytes]","args":[{"selector":{"id":"createOrganizationPop--grZone","searchOpenDialogs":true,"interaction":{"idSuffix":"CbBg"}},"wdio_ui5_key":"createOrganizationPopgrZone"}]}
RESULT: {"script":"<script> [1562 bytes]","args":[{"selector":{"id":"createOrganizationPop--grZone","searchOpenDialogs":true,"interaction":{"idSuffix":"CbBg"}},"wdio_ui5_key":"createOrganizationPopgrZone"}]}
RESULT: undefined
COMMAND: POST /session/97f842ea50bbcd53f5e58b39b44e661d/element - {"using":"xpath","value":"//*[@id=\"createOrganizationPop--grZone\"]"}
RESULT: {"using":"xpath","value":"//*[@id=\"createOrganizationPop--grZone\"]"}
COMMAND: POST /session/97f842ea50bbcd53f5e58b39b44e661d/element/f.4C3BA0BF09B228EDDC79F91E8A810388.d.0AF0BE6FEB2C3D261037F72947AF7DCC.e.11279/click - {}
RESULT: {}
COMMAND: POST /session/97f842ea50bbcd53f5e58b39b44e661d/execute/async - {"script":"<script> [1562 bytes]","args":[{"selector":{"id":"createOrganizationPop--giZone","searchOpenDialogs":true,"interaction":{"idSuffix":"CbBg"}},"wdio_ui5_key":"createOrganizationPopgiZone"}]}
COMMAND: GET /session/97f842ea50bbcd53f5e58b39b44e661d/screenshot - {}
RESULT: {"script":"<script> [1562 bytes]","args":[{"selector":{"id":"createOrganizationPop--giZone","searchOpenDialogs":true,"interaction":{"idSuffix":"CbBg"}},"wdio_ui5_key":"createOrganizationPopgiZone"}]}
RESULT: undefined
COMMAND: POST /session/97f842ea50bbcd53f5e58b39b44e661d/element - {"using":"xpath","value":"//*[@id=\"createOrganizationPop--giZone\"]"}
RESULT: {}
RESULT: {"using":"xpath","value":"//*[@id=\"createOrganizationPop--giZone\"]"}
COMMAND: POST /session/97f842ea50bbcd53f5e58b39b44e661d/element/f.4C3BA0BF09B228EDDC79F91E8A810388.d.0AF0BE6FEB2C3D261037F72947AF7DCC.e.11281/click - {}
RESULT: {}
COMMAND: POST /session/97f842ea50bbcd53f5e58b39b44e661d/execute/async - {"script":"<script> [1562 bytes]","args":[{"selector":{"id":"createOrganizationPop--binNoInput","searchOpenDialogs":true,"interaction":{"idSuffix":"inner"}},"wdio_ui5_key":"createOrganizationPopbinNoInput"}]}
COMMAND: GET /session/97f842ea50bbcd53f5e58b39b44e661d/screenshot - {}
RESULT: {"script":"<script> [1562 bytes]","args":[{"selector":{"id":"createOrganizationPop--binNoInput","searchOpenDialogs":true,"interaction":{"idSuffix":"inner"}},"wdio_ui5_key":"createOrganizationPopbinNoInput"}]}
RESULT: undefined
COMMAND: POST /session/97f842ea50bbcd53f5e58b39b44e661d/execute/async - {"script":"<script> [776 bytes]","args":[{"enterText":"Bin0i5jsj","selector":{"id":"createOrganizationPop--binNoInput","searchOpenDialogs":true,"interaction":{"idSuffix":"inner"}},"clearTextFirst":true,"interactionType":"ENTER_TEXT"}]}
RESULT: {}
RESULT: {"script":"<script> [776 bytes]","args":[{"enterText":"Bin0i5jsj","selector":{"id":"createOrganizationPop--binNoInput","searchOpenDialogs":true,"interaction":{"idSuffix":"inner"}},"clearTextFirst":true,"interactionType":"ENTER_TEXT"}]}
COMMAND: POST /session/97f842ea50bbcd53f5e58b39b44e661d/execute/async - {"script":"<script> [1562 bytes]","args":[{"selector":{"id":"createOrganizationPop--descriptionId","searchOpenDialogs":true,"interaction":{"idSuffix":"inner"}},"wdio_ui5_key":"createOrganizationPopdescriptionId"}]}
RESULT: {"script":"<script> [1562 bytes]","args":[{"selector":{"id":"createOrganizationPop--descriptionId","searchOpenDialogs":true,"interaction":{"idSuffix":"inner"}},"wdio_ui5_key":"createOrganizationPopdescriptionId"}]}
RESULT: undefined
COMMAND: POST /session/97f842ea50bbcd53f5e58b39b44e661d/execute/async - {"script":"<script> [776 bytes]","args":[{"enterText":"Bingege3","selector":{"id":"createOrganizationPop--descriptionId","searchOpenDialogs":true,"interaction":{"idSuffix":"inner"}},"clearTextFirst":true,"interactionType":"ENTER_TEXT"}]}
RESULT: {"script":"<script> [776 bytes]","args":[{"enterText":"Bingege3","selector":{"id":"createOrganizationPop--descriptionId","searchOpenDialogs":true,"interaction":{"idSuffix":"inner"}},"clearTextFirst":true,"interactionType":"ENTER_TEXT"}]}
COMMAND: POST /session/97f842ea50bbcd53f5e58b39b44e661d/execute/async - {"script":"<script> [1562 bytes]","args":[{"selector":{"controlType":"sap.m.CheckBox","viewName":"etm.portal.ui.binstatusreport.view.MasterWareBins","viewId":"application-binstatusreport-display-component---warehousing","bindingPath":{"path":"","propertyPath":"/ZONE","modelName":"newBin"},"searchOpenDialogs":true,"interaction":{"idSuffix":"CbBg"}},"wdio_ui5_key":"etmportal.ui.binstatusreport.view.MasterWareBinssap.m.CheckBox{\"path\":\"\",\"propertyPath\":\"/ZONE\",\"modelName\":\"newBin\"}"}]}
RESULT: {"script":"<script> [1562 bytes]","args":[{"selector":{"controlType":"sap.m.CheckBox","viewName":"etm.portal.ui.binstatusreport.view.MasterWareBins","viewId":"application-binstatusreport-display-component---warehousing","bindingPath":{"path":"","propertyPath":"/ZONE","modelName":"newBin"},"searchOpenDialogs":true,"interaction":{"idSuffix":"CbBg"}},"wdio_ui5_key":"etmportal.ui.binstatusreport.view.MasterWareBinssap.m.CheckBox{\"path\":\"\",\"propertyPath\":\"/ZONE\",\"modelName\":\"newBin\"}"}]}
RESULT: undefined
COMMAND: POST /session/97f842ea50bbcd53f5e58b39b44e661d/element - {"using":"xpath","value":"//*[@id=\"__box12\"]"}
RESULT: {"using":"xpath","value":"//*[@id=\"__box12\"]"}
COMMAND: POST /session/97f842ea50bbcd53f5e58b39b44e661d/element/f.4C3BA0BF09B228EDDC79F91E8A810388.d.0AF0BE6FEB2C3D261037F72947AF7DCC.e.11285/click - {}
RESULT: {}
COMMAND: POST /session/97f842ea50bbcd53f5e58b39b44e661d/execute/async - {"script":"<script> [1562 bytes]","args":[{"selector":{"id":"createOrganizationPop--binTypesCB-arrow","searchOpenDialogs":true},"wdio_ui5_key":"createOrganizationPopbinTypesCB-arrow"}]}
COMMAND: GET /session/97f842ea50bbcd53f5e58b39b44e661d/screenshot - {}
RESULT: {"script":"<script> [1562 bytes]","args":[{"selector":{"id":"createOrganizationPop--binTypesCB-arrow","searchOpenDialogs":true},"wdio_ui5_key":"createOrganizationPopbinTypesCB-arrow"}]}
RESULT: undefined
COMMAND: POST /session/97f842ea50bbcd53f5e58b39b44e661d/element - {"using":"xpath","value":"//*[@id=\"createOrganizationPop--binTypesCB-arrow\"]"}
RESULT: {}
RESULT: {"using":"xpath","value":"//*[@id=\"createOrganizationPop--binTypesCB-arrow\"]"}
COMMAND: POST /session/97f842ea50bbcd53f5e58b39b44e661d/element/f.4C3BA0BF09B228EDDC79F91E8A810388.d.0AF0BE6FEB2C3D261037F72947AF7DCC.e.11286/click - {}
RESULT: {}
COMMAND: POST /session/97f842ea50bbcd53f5e58b39b44e661d/execute/async - {"script":"<script> [1562 bytes]","args":[{"selector":{"controlType":"sap.m.StandardListItem","viewName":"etm.portal.ui.binstatusreport.view.MasterWareBins","viewId":"application-binstatusreport-display-component---warehousing","properties":{"title":"1 - General / No capacity check"},"searchOpenDialogs":true,"interaction":{"idSuffix":"content"}},"wdio_ui5_key":"etmportal.ui.binstatusreport.view.MasterWareBinssap.m.StandardListItem{\"title\":\"1 - General / No capacity check\"}"}]}
COMMAND: GET /session/97f842ea50bbcd53f5e58b39b44e661d/screenshot - {}
RESULT: {"script":"<script> [1562 bytes]","args":[{"selector":{"controlType":"sap.m.StandardListItem","viewName":"etm.portal.ui.binstatusreport.view.MasterWareBins","viewId":"application-binstatusreport-display-component---warehousing","properties":{"title":"1 - General / No capacity check"},"searchOpenDialogs":true,"interaction":{"idSuffix":"content"}},"wdio_ui5_key":"etmportal.ui.binstatusreport.view.MasterWareBinssap.m.StandardListItem{\"title\":\"1 - General / No capacity check\"}"}]}
RESULT: undefined
COMMAND: POST /session/97f842ea50bbcd53f5e58b39b44e661d/element - {"using":"xpath","value":"//*[@id=\"__item148\"]"}
RESULT: {}
RESULT: {"using":"xpath","value":"//*[@id=\"__item148\"]"}
COMMAND: POST /session/97f842ea50bbcd53f5e58b39b44e661d/element/f.4C3BA0BF09B228EDDC79F91E8A810388.d.0AF0BE6FEB2C3D261037F72947AF7DCC.e.11288/click - {}
RESULT: {}
COMMAND: POST /session/97f842ea50bbcd53f5e58b39b44e661d/execute/async - {"script":"<script> [1562 bytes]","args":[{"selector":{"id":"createOrganizationPop--finishBtn","searchOpenDialogs":true,"interaction":{"idSuffix":"BDI-content"}},"wdio_ui5_key":"createOrganizationPopfinishBtn"}]}
COMMAND: GET /session/97f842ea50bbcd53f5e58b39b44e661d/screenshot - {}
RESULT: {"script":"<script> [1562 bytes]","args":[{"selector":{"id":"createOrganizationPop--finishBtn","searchOpenDialogs":true,"interaction":{"idSuffix":"BDI-content"}},"wdio_ui5_key":"createOrganizationPopfinishBtn"}]}
RESULT: undefined
COMMAND: POST /session/97f842ea50bbcd53f5e58b39b44e661d/element - {"using":"xpath","value":"//*[@id=\"createOrganizationPop--finishBtn\"]"}
RESULT: {}
RESULT: {"using":"xpath","value":"//*[@id=\"createOrganizationPop--finishBtn\"]"}
COMMAND: POST /session/97f842ea50bbcd53f5e58b39b44e661d/element/f.4C3BA0BF09B228EDDC79F91E8A810388.d.0AF0BE6FEB2C3D261037F72947AF7DCC.e.11290/click - {}
RESULT: {}
COMMAND: GET /session/97f842ea50bbcd53f5e58b39b44e661d/screenshot - {}
RESULT: {}
COMMAND: POST /session/97f842ea50bbcd53f5e58b39b44e661d/element - {"using":"css selector","value":"#shell-header-logo"}
RESULT: {"using":"css selector","value":"#shell-header-logo"}
COMMAND: POST /session/97f842ea50bbcd53f5e58b39b44e661d/element/f.4C3BA0BF09B228EDDC79F91E8A810388.d.0AF0BE6FEB2C3D261037F72947AF7DCC.e.11181/click - {}
RESULT: {}
COMMAND: GET /session/97f842ea50bbcd53f5e58b39b44e661d/screenshot - {}
RESULT: {}
]]></system-out>
    </testcase>
    <testcase classname="chrome.135_0_7049_42.windows.Warehouse_movements_inventory_test" name="Should Create new material for WHM yard" time="148.976">
      <system-out><![CDATA[
COMMAND: POST /session/97f842ea50bbcd53f5e58b39b44e661d/execute/async - {"script":"<script> [1562 bytes]","args":[{"selector":{"controlType":"sap.m.GenericTile","properties":{"header":"Manage Resources"}},"wdio_ui5_key":"sapm.GenericTile{\"header\":\"Manage Resources\"}"}]}
RESULT: {"script":"<script> [1562 bytes]","args":[{"selector":{"controlType":"sap.m.GenericTile","properties":{"header":"Manage Resources"}},"wdio_ui5_key":"sapm.GenericTile{\"header\":\"Manage Resources\"}"}]}
RESULT: undefined
COMMAND: POST /session/97f842ea50bbcd53f5e58b39b44e661d/element - {"using":"xpath","value":"//*[@id=\"__tile39\"]"}
RESULT: {"using":"xpath","value":"//*[@id=\"__tile39\"]"}
COMMAND: POST /session/97f842ea50bbcd53f5e58b39b44e661d/element/f.4C3BA0BF09B228EDDC79F91E8A810388.d.0AF0BE6FEB2C3D261037F72947AF7DCC.e.11298/click - {}
RESULT: {}
COMMAND: GET /session/97f842ea50bbcd53f5e58b39b44e661d/screenshot - {}
RESULT: {}
RESULT: undefined
RESULT: undefined
COMMAND: POST /session/97f842ea50bbcd53f5e58b39b44e661d/element - {"using":"xpath","value":"//button[@data-kt=\"addNewRUOverflowToolbarButton\"]"}
RESULT: {"using":"xpath","value":"//button[@data-kt=\"addNewRUOverflowToolbarButton\"]"}
COMMAND: POST /session/97f842ea50bbcd53f5e58b39b44e661d/execute/sync - {"script":"<script> [8489 bytes]","args":[{"element-6066-11e4-a52e-4f735466cecf":"f.4C3BA0BF09B228EDDC79F91E8A810388.d.0AF0BE6FEB2C3D261037F72947AF7DCC.e.11339","ELEMENT":"f.4C3BA0BF09B228EDDC79F91E8A810388.d.0AF0BE6FEB2C3D261037F72947AF7DCC.e.11339"}]}
RESULT: {"script":"<script> [8489 bytes]","args":[{"element-6066-11e4-a52e-4f735466cecf":"f.4C3BA0BF09B228EDDC79F91E8A810388.d.0AF0BE6FEB2C3D261037F72947AF7DCC.e.11339","ELEMENT":"f.4C3BA0BF09B228EDDC79F91E8A810388.d.0AF0BE6FEB2C3D261037F72947AF7DCC.e.11339"}]}
COMMAND: POST /session/97f842ea50bbcd53f5e58b39b44e661d/element/f.4C3BA0BF09B228EDDC79F91E8A810388.d.0AF0BE6FEB2C3D261037F72947AF7DCC.e.11339/click - {}
COMMAND: GET /session/97f842ea50bbcd53f5e58b39b44e661d/screenshot - {}
RESULT: {}
COMMAND: POST /session/97f842ea50bbcd53f5e58b39b44e661d/execute/async - {"script":"<script> [1562 bytes]","args":[{"selector":{"id":"application-manageresources-display-component---newResourceUnit--TYPE-arrow"},"wdio_ui5_key":"applicationmanageresources-display-component---newResourceUnit--TYPE-arrow"}]}
COMMAND: GET /session/97f842ea50bbcd53f5e58b39b44e661d/screenshot - {}
RESULT: {}
RESULT: {"script":"<script> [1562 bytes]","args":[{"selector":{"id":"application-manageresources-display-component---newResourceUnit--TYPE-arrow"},"wdio_ui5_key":"applicationmanageresources-display-component---newResourceUnit--TYPE-arrow"}]}
RESULT: undefined
COMMAND: POST /session/97f842ea50bbcd53f5e58b39b44e661d/element - {"using":"xpath","value":"//*[@id=\"application-manageresources-display-component---newResourceUnit--TYPE-arrow\"]"}
RESULT: {}
RESULT: {"using":"xpath","value":"//*[@id=\"application-manageresources-display-component---newResourceUnit--TYPE-arrow\"]"}
COMMAND: POST /session/97f842ea50bbcd53f5e58b39b44e661d/element/f.4C3BA0BF09B228EDDC79F91E8A810388.d.0AF0BE6FEB2C3D261037F72947AF7DCC.e.11658/click - {}
RESULT: {}
COMMAND: POST /session/97f842ea50bbcd53f5e58b39b44e661d/execute/async - {"script":"<script> [1562 bytes]","args":[{"selector":{"controlType":"sap.m.StandardListItem","viewName":"reusables.view.manageresources.NewResourceUnit","viewId":"application-manageresources-display-component---newResourceUnit","properties":{"title":"Material"},"searchOpenDialogs":true,"interaction":{"idSuffix":"titleText"}},"wdio_ui5_key":"reusablesview.manageresources.NewResourceUnitsap.m.StandardListItem{\"title\":\"Material\"}"}]}
COMMAND: GET /session/97f842ea50bbcd53f5e58b39b44e661d/screenshot - {}
RESULT: {"script":"<script> [1562 bytes]","args":[{"selector":{"controlType":"sap.m.StandardListItem","viewName":"reusables.view.manageresources.NewResourceUnit","viewId":"application-manageresources-display-component---newResourceUnit","properties":{"title":"Material"},"searchOpenDialogs":true,"interaction":{"idSuffix":"titleText"}},"wdio_ui5_key":"reusablesview.manageresources.NewResourceUnitsap.m.StandardListItem{\"title\":\"Material\"}"}]}
RESULT: undefined
COMMAND: POST /session/97f842ea50bbcd53f5e58b39b44e661d/element - {"using":"xpath","value":"//*[@id=\"__item278\"]"}
RESULT: {}
RESULT: {"using":"xpath","value":"//*[@id=\"__item278\"]"}
COMMAND: POST /session/97f842ea50bbcd53f5e58b39b44e661d/element/f.4C3BA0BF09B228EDDC79F91E8A810388.d.0AF0BE6FEB2C3D261037F72947AF7DCC.e.11661/click - {}
RESULT: {}
COMMAND: POST /session/97f842ea50bbcd53f5e58b39b44e661d/execute/async - {"script":"<script> [1562 bytes]","args":[{"selector":{"id":"application-manageresources-display-component---newResourceUnit--SHORT_TEXT","interaction":{"idSuffix":"inner"}},"wdio_ui5_key":"applicationmanageresources-display-component---newResourceUnit--SHORT_TEXT"}]}
COMMAND: GET /session/97f842ea50bbcd53f5e58b39b44e661d/screenshot - {}
RESULT: {"script":"<script> [1562 bytes]","args":[{"selector":{"id":"application-manageresources-display-component---newResourceUnit--SHORT_TEXT","interaction":{"idSuffix":"inner"}},"wdio_ui5_key":"applicationmanageresources-display-component---newResourceUnit--SHORT_TEXT"}]}
RESULT: undefined
COMMAND: POST /session/97f842ea50bbcd53f5e58b39b44e661d/execute/async - {"script":"<script> [776 bytes]","args":[{"enterText":"WebdriverRUR2C0ecyv","selector":{"id":"application-manageresources-display-component---newResourceUnit--SHORT_TEXT","interaction":{"idSuffix":"inner"}},"clearTextFirst":true,"interactionType":"ENTER_TEXT"}]}
RESULT: {}
RESULT: {"script":"<script> [776 bytes]","args":[{"enterText":"WebdriverRUR2C0ecyv","selector":{"id":"application-manageresources-display-component---newResourceUnit--SHORT_TEXT","interaction":{"idSuffix":"inner"}},"clearTextFirst":true,"interactionType":"ENTER_TEXT"}]}
COMMAND: POST /session/97f842ea50bbcd53f5e58b39b44e661d/execute/async - {"script":"<script> [1562 bytes]","args":[{"selector":{"id":"application-manageresources-display-component---newResourceUnit--BASE_UNIT_OF_MEASURE-arrow"},"wdio_ui5_key":"applicationmanageresources-display-component---newResourceUnit--BASE_UNIT_OF_MEASURE-arrow"}]}
RESULT: {"script":"<script> [1562 bytes]","args":[{"selector":{"id":"application-manageresources-display-component---newResourceUnit--BASE_UNIT_OF_MEASURE-arrow"},"wdio_ui5_key":"applicationmanageresources-display-component---newResourceUnit--BASE_UNIT_OF_MEASURE-arrow"}]}
RESULT: undefined
COMMAND: POST /session/97f842ea50bbcd53f5e58b39b44e661d/element - {"using":"xpath","value":"//*[@id=\"application-manageresources-display-component---newResourceUnit--BASE_UNIT_OF_MEASURE-arrow\"]"}
RESULT: {"using":"xpath","value":"//*[@id=\"application-manageresources-display-component---newResourceUnit--BASE_UNIT_OF_MEASURE-arrow\"]"}
COMMAND: POST /session/97f842ea50bbcd53f5e58b39b44e661d/element/f.4C3BA0BF09B228EDDC79F91E8A810388.d.0AF0BE6FEB2C3D261037F72947AF7DCC.e.11717/click - {}
RESULT: {}
COMMAND: POST /session/97f842ea50bbcd53f5e58b39b44e661d/execute/async - {"script":"<script> [1562 bytes]","args":[{"selector":{"controlType":"sap.m.StandardListItem","viewName":"reusables.view.manageresources.NewResourceUnit","viewId":"application-manageresources-display-component---newResourceUnit","properties":{"title":"Piece"},"searchOpenDialogs":true,"interaction":{"idSuffix":"titleText"}},"wdio_ui5_key":"reusablesview.manageresources.NewResourceUnitsap.m.StandardListItem{\"title\":\"Piece\"}"}]}
COMMAND: GET /session/97f842ea50bbcd53f5e58b39b44e661d/screenshot - {}
RESULT: {"script":"<script> [1562 bytes]","args":[{"selector":{"controlType":"sap.m.StandardListItem","viewName":"reusables.view.manageresources.NewResourceUnit","viewId":"application-manageresources-display-component---newResourceUnit","properties":{"title":"Piece"},"searchOpenDialogs":true,"interaction":{"idSuffix":"titleText"}},"wdio_ui5_key":"reusablesview.manageresources.NewResourceUnitsap.m.StandardListItem{\"title\":\"Piece\"}"}]}
RESULT: undefined
COMMAND: POST /session/97f842ea50bbcd53f5e58b39b44e661d/element - {"using":"xpath","value":"//*[@id=\"__item322\"]"}
RESULT: {}
RESULT: {"using":"xpath","value":"//*[@id=\"__item322\"]"}
COMMAND: POST /session/97f842ea50bbcd53f5e58b39b44e661d/element/f.4C3BA0BF09B228EDDC79F91E8A810388.d.0AF0BE6FEB2C3D261037F72947AF7DCC.e.11719/click - {}
RESULT: {}
COMMAND: POST /session/97f842ea50bbcd53f5e58b39b44e661d/element - {"using":"xpath","value":"//input[contains(@id ,\"application-manageresources-display-component---newResourceUnit--SHORT_TEXT-inner\")]"}
COMMAND: GET /session/97f842ea50bbcd53f5e58b39b44e661d/screenshot - {}
RESULT: {"using":"xpath","value":"//input[contains(@id ,\"application-manageresources-display-component---newResourceUnit--SHORT_TEXT-inner\")]"}
COMMAND: GET /session/97f842ea50bbcd53f5e58b39b44e661d/element/f.4C3BA0BF09B228EDDC79F91E8A810388.d.0AF0BE6FEB2C3D261037F72947AF7DCC.e.11678/property/value - {}
RESULT: {}
RESULT: {}
COMMAND: POST /session/97f842ea50bbcd53f5e58b39b44e661d/execute/async - {"script":"<script> [1562 bytes]","args":[{"selector":{"id":"application-manageresources-display-component---newResourceUnit--WEIGHT_UNIT-arrow"},"wdio_ui5_key":"applicationmanageresources-display-component---newResourceUnit--WEIGHT_UNIT-arrow"}]}
COMMAND: GET /session/97f842ea50bbcd53f5e58b39b44e661d/screenshot - {}
RESULT: {"script":"<script> [1562 bytes]","args":[{"selector":{"id":"application-manageresources-display-component---newResourceUnit--WEIGHT_UNIT-arrow"},"wdio_ui5_key":"applicationmanageresources-display-component---newResourceUnit--WEIGHT_UNIT-arrow"}]}
RESULT: undefined
COMMAND: POST /session/97f842ea50bbcd53f5e58b39b44e661d/element - {"using":"xpath","value":"//*[@id=\"application-manageresources-display-component---newResourceUnit--WEIGHT_UNIT-arrow\"]"}
RESULT: {}
RESULT: {"using":"xpath","value":"//*[@id=\"application-manageresources-display-component---newResourceUnit--WEIGHT_UNIT-arrow\"]"}
COMMAND: POST /session/97f842ea50bbcd53f5e58b39b44e661d/element/f.4C3BA0BF09B228EDDC79F91E8A810388.d.0AF0BE6FEB2C3D261037F72947AF7DCC.e.11720/click - {}
RESULT: {}
COMMAND: POST /session/97f842ea50bbcd53f5e58b39b44e661d/execute/async - {"script":"<script> [1562 bytes]","args":[{"selector":{"controlType":"sap.m.StandardListItem","viewName":"reusables.view.manageresources.NewResourceUnit","viewId":"application-manageresources-display-component---newResourceUnit","properties":{"title":"Gram"},"searchOpenDialogs":true,"interaction":{"idSuffix":"content"}},"wdio_ui5_key":"reusablesview.manageresources.NewResourceUnitsap.m.StandardListItem{\"title\":\"Gram\"}"}]}
COMMAND: GET /session/97f842ea50bbcd53f5e58b39b44e661d/screenshot - {}
RESULT: {"script":"<script> [1562 bytes]","args":[{"selector":{"controlType":"sap.m.StandardListItem","viewName":"reusables.view.manageresources.NewResourceUnit","viewId":"application-manageresources-display-component---newResourceUnit","properties":{"title":"Gram"},"searchOpenDialogs":true,"interaction":{"idSuffix":"content"}},"wdio_ui5_key":"reusablesview.manageresources.NewResourceUnitsap.m.StandardListItem{\"title\":\"Gram\"}"}]}
RESULT: undefined
COMMAND: POST /session/97f842ea50bbcd53f5e58b39b44e661d/element - {"using":"xpath","value":"//*[@id=\"__item387\"]"}
RESULT: {}
RESULT: {"using":"xpath","value":"//*[@id=\"__item387\"]"}
COMMAND: POST /session/97f842ea50bbcd53f5e58b39b44e661d/element/f.4C3BA0BF09B228EDDC79F91E8A810388.d.0AF0BE6FEB2C3D261037F72947AF7DCC.e.11722/click - {}
RESULT: {}
COMMAND: POST /session/97f842ea50bbcd53f5e58b39b44e661d/execute/async - {"script":"<script> [1562 bytes]","args":[{"selector":{"id":"application-manageresources-display-component---newResourceUnit--newRRUPage-OPHeaderContent-collapseBtn-img"},"wdio_ui5_key":"applicationmanageresources-display-component---newResourceUnit--newRRUPage-OPHeaderContent-collapseBtn-img"}]}
COMMAND: GET /session/97f842ea50bbcd53f5e58b39b44e661d/screenshot - {}
RESULT: {"script":"<script> [1562 bytes]","args":[{"selector":{"id":"application-manageresources-display-component---newResourceUnit--newRRUPage-OPHeaderContent-collapseBtn-img"},"wdio_ui5_key":"applicationmanageresources-display-component---newResourceUnit--newRRUPage-OPHeaderContent-collapseBtn-img"}]}
RESULT: undefined
COMMAND: POST /session/97f842ea50bbcd53f5e58b39b44e661d/element - {"using":"xpath","value":"//*[@id=\"application-manageresources-display-component---newResourceUnit--newRRUPage-OPHeaderContent-collapseBtn-img\"]"}
RESULT: {}
RESULT: {"using":"xpath","value":"//*[@id=\"application-manageresources-display-component---newResourceUnit--newRRUPage-OPHeaderContent-collapseBtn-img\"]"}
COMMAND: POST /session/97f842ea50bbcd53f5e58b39b44e661d/element/f.4C3BA0BF09B228EDDC79F91E8A810388.d.0AF0BE6FEB2C3D261037F72947AF7DCC.e.11668/click - {}
RESULT: {}
COMMAND: GET /session/97f842ea50bbcd53f5e58b39b44e661d/screenshot - {}
RESULT: {}
COMMAND: POST /session/97f842ea50bbcd53f5e58b39b44e661d/element - {"using":"xpath","value":"(//span[contains(@id ,\"application-manageresources-display-component---newResourceUnit--DIMENSION_UNIT-arrow\")])[1]"}
RESULT: {"using":"xpath","value":"(//span[contains(@id ,\"application-manageresources-display-component---newResourceUnit--DIMENSION_UNIT-arrow\")])[1]"}
COMMAND: POST /session/97f842ea50bbcd53f5e58b39b44e661d/element/f.4C3BA0BF09B228EDDC79F91E8A810388.d.0AF0BE6FEB2C3D261037F72947AF7DCC.e.11728/click - {}
RESULT: {}
COMMAND: GET /session/97f842ea50bbcd53f5e58b39b44e661d/screenshot - {}
RESULT: {}
COMMAND: POST /session/97f842ea50bbcd53f5e58b39b44e661d/execute/async - {"script":"<script> [1562 bytes]","args":[{"selector":{"controlType":"sap.m.StandardListItem","viewName":"reusables.view.manageresources.NewResourceUnit","viewId":"application-manageresources-display-component---newResourceUnit","properties":{"title":"Centimeter"},"searchOpenDialogs":true,"interaction":{"idSuffix":"titleText"}},"wdio_ui5_key":"reusablesview.manageresources.NewResourceUnitsap.m.StandardListItem{\"title\":\"Centimeter\"}"}]}
RESULT: {"script":"<script> [1562 bytes]","args":[{"selector":{"controlType":"sap.m.StandardListItem","viewName":"reusables.view.manageresources.NewResourceUnit","viewId":"application-manageresources-display-component---newResourceUnit","properties":{"title":"Centimeter"},"searchOpenDialogs":true,"interaction":{"idSuffix":"titleText"}},"wdio_ui5_key":"reusablesview.manageresources.NewResourceUnitsap.m.StandardListItem{\"title\":\"Centimeter\"}"}]}
RESULT: undefined
COMMAND: POST /session/97f842ea50bbcd53f5e58b39b44e661d/element - {"using":"xpath","value":"//*[@id=\"__item390\"]"}
RESULT: {"using":"xpath","value":"//*[@id=\"__item390\"]"}
COMMAND: POST /session/97f842ea50bbcd53f5e58b39b44e661d/element/f.4C3BA0BF09B228EDDC79F91E8A810388.d.0AF0BE6FEB2C3D261037F72947AF7DCC.e.11730/click - {}
RESULT: {}
COMMAND: POST /session/97f842ea50bbcd53f5e58b39b44e661d/execute/async - {"script":"<script> [1562 bytes]","args":[{"selector":{"id":"application-manageresources-display-component---newResourceUnit--newRRUPage-anchBar-application-manageresources-display-component---newResourceUnit--reference-anchor","interaction":{"idSuffix":"BDI-content"}},"wdio_ui5_key":"applicationmanageresources-display-component---newResourceUnit--newRRUPage-anchBar-application-manageresources-display-component---newResourceUnit--reference-anchor"}]}
COMMAND: GET /session/97f842ea50bbcd53f5e58b39b44e661d/screenshot - {}
RESULT: {}
RESULT: {"script":"<script> [1562 bytes]","args":[{"selector":{"id":"application-manageresources-display-component---newResourceUnit--newRRUPage-anchBar-application-manageresources-display-component---newResourceUnit--reference-anchor","interaction":{"idSuffix":"BDI-content"}},"wdio_ui5_key":"applicationmanageresources-display-component---newResourceUnit--newRRUPage-anchBar-application-manageresources-display-component---newResourceUnit--reference-anchor"}]}
RESULT: undefined
COMMAND: POST /session/97f842ea50bbcd53f5e58b39b44e661d/element - {"using":"xpath","value":"//*[@id=\"application-manageresources-display-component---newResourceUnit--newRRUPage-anchBar-application-manageresources-display-component---newResourceUnit--reference-anchor\"]"}
RESULT: {"using":"xpath","value":"//*[@id=\"application-manageresources-display-component---newResourceUnit--newRRUPage-anchBar-application-manageresources-display-component---newResourceUnit--reference-anchor\"]"}
COMMAND: POST /session/97f842ea50bbcd53f5e58b39b44e661d/element/f.4C3BA0BF09B228EDDC79F91E8A810388.d.0AF0BE6FEB2C3D261037F72947AF7DCC.e.11732/click - {}
RESULT: {}
COMMAND: POST /session/97f842ea50bbcd53f5e58b39b44e661d/execute/async - {"script":"<script> [1562 bytes]","args":[{"selector":{"id":"application-manageresources-display-component---newResourceUnit--PLANNING_GROUP-arrow"},"wdio_ui5_key":"applicationmanageresources-display-component---newResourceUnit--PLANNING_GROUP-arrow"}]}
COMMAND: GET /session/97f842ea50bbcd53f5e58b39b44e661d/screenshot - {}
RESULT: {"script":"<script> [1562 bytes]","args":[{"selector":{"id":"application-manageresources-display-component---newResourceUnit--PLANNING_GROUP-arrow"},"wdio_ui5_key":"applicationmanageresources-display-component---newResourceUnit--PLANNING_GROUP-arrow"}]}
RESULT: undefined
COMMAND: POST /session/97f842ea50bbcd53f5e58b39b44e661d/element - {"using":"xpath","value":"//*[@id=\"application-manageresources-display-component---newResourceUnit--PLANNING_GROUP-arrow\"]"}
RESULT: {}
RESULT: {"using":"xpath","value":"//*[@id=\"application-manageresources-display-component---newResourceUnit--PLANNING_GROUP-arrow\"]"}
COMMAND: POST /session/97f842ea50bbcd53f5e58b39b44e661d/element/f.4C3BA0BF09B228EDDC79F91E8A810388.d.0AF0BE6FEB2C3D261037F72947AF7DCC.e.11736/click - {}
RESULT: {}
COMMAND: POST /session/97f842ea50bbcd53f5e58b39b44e661d/execute/async - {"script":"<script> [1562 bytes]","args":[{"selector":{"controlType":"sap.m.StandardListItem","viewName":"reusables.view.manageresources.NewResourceUnit","viewId":"application-manageresources-display-component---newResourceUnit","properties":{"title":"Heavy Equi"},"searchOpenDialogs":true,"interaction":{"idSuffix":"content"}},"wdio_ui5_key":"reusablesview.manageresources.NewResourceUnitsap.m.StandardListItem{\"title\":\"Heavy Equi\"}"}]}
COMMAND: GET /session/97f842ea50bbcd53f5e58b39b44e661d/screenshot - {}
RESULT: {"script":"<script> [1562 bytes]","args":[{"selector":{"controlType":"sap.m.StandardListItem","viewName":"reusables.view.manageresources.NewResourceUnit","viewId":"application-manageresources-display-component---newResourceUnit","properties":{"title":"Heavy Equi"},"searchOpenDialogs":true,"interaction":{"idSuffix":"content"}},"wdio_ui5_key":"reusablesview.manageresources.NewResourceUnitsap.m.StandardListItem{\"title\":\"Heavy Equi\"}"}]}
RESULT: undefined
COMMAND: POST /session/97f842ea50bbcd53f5e58b39b44e661d/element - {"using":"xpath","value":"//*[@id=\"__item398\"]"}
RESULT: {}
RESULT: {"using":"xpath","value":"//*[@id=\"__item398\"]"}
COMMAND: POST /session/97f842ea50bbcd53f5e58b39b44e661d/element/f.4C3BA0BF09B228EDDC79F91E8A810388.d.0AF0BE6FEB2C3D261037F72947AF7DCC.e.11738/click - {}
RESULT: {}
COMMAND: GET /session/97f842ea50bbcd53f5e58b39b44e661d/screenshot - {}
RESULT: {}
COMMAND: POST /session/97f842ea50bbcd53f5e58b39b44e661d/execute/async - {"script":"<script> [1562 bytes]","args":[{"selector":{"id":"application-manageresources-display-component---newResourceUnit--PLANNING_INDICATOR-arrow"},"wdio_ui5_key":"applicationmanageresources-display-component---newResourceUnit--PLANNING_INDICATOR-arrow"}]}
RESULT: {"script":"<script> [1562 bytes]","args":[{"selector":{"id":"application-manageresources-display-component---newResourceUnit--PLANNING_INDICATOR-arrow"},"wdio_ui5_key":"applicationmanageresources-display-component---newResourceUnit--PLANNING_INDICATOR-arrow"}]}
RESULT: undefined
COMMAND: POST /session/97f842ea50bbcd53f5e58b39b44e661d/element - {"using":"xpath","value":"//*[@id=\"application-manageresources-display-component---newResourceUnit--PLANNING_INDICATOR-arrow\"]"}
RESULT: {"using":"xpath","value":"//*[@id=\"application-manageresources-display-component---newResourceUnit--PLANNING_INDICATOR-arrow\"]"}
COMMAND: POST /session/97f842ea50bbcd53f5e58b39b44e661d/element/f.4C3BA0BF09B228EDDC79F91E8A810388.d.0AF0BE6FEB2C3D261037F72947AF7DCC.e.11739/click - {}
RESULT: {}
COMMAND: POST /session/97f842ea50bbcd53f5e58b39b44e661d/execute/async - {"script":"<script> [1562 bytes]","args":[{"selector":{"controlType":"sap.m.StandardListItem","viewName":"reusables.view.manageresources.NewResourceUnit","viewId":"application-manageresources-display-component---newResourceUnit","properties":{"title":"10 - infinite"},"searchOpenDialogs":true,"interaction":{"idSuffix":"content"}},"wdio_ui5_key":"reusablesview.manageresources.NewResourceUnitsap.m.StandardListItem{\"title\":\"10 - infinite\"}"}]}
COMMAND: GET /session/97f842ea50bbcd53f5e58b39b44e661d/screenshot - {}
RESULT: {"script":"<script> [1562 bytes]","args":[{"selector":{"controlType":"sap.m.StandardListItem","viewName":"reusables.view.manageresources.NewResourceUnit","viewId":"application-manageresources-display-component---newResourceUnit","properties":{"title":"10 - infinite"},"searchOpenDialogs":true,"interaction":{"idSuffix":"content"}},"wdio_ui5_key":"reusablesview.manageresources.NewResourceUnitsap.m.StandardListItem{\"title\":\"10 - infinite\"}"}]}
RESULT: undefined
COMMAND: POST /session/97f842ea50bbcd53f5e58b39b44e661d/element - {"using":"xpath","value":"//*[@id=\"__item408\"]"}
RESULT: {}
RESULT: {"using":"xpath","value":"//*[@id=\"__item408\"]"}
COMMAND: POST /session/97f842ea50bbcd53f5e58b39b44e661d/element/f.4C3BA0BF09B228EDDC79F91E8A810388.d.0AF0BE6FEB2C3D261037F72947AF7DCC.e.11741/click - {}
RESULT: {}
COMMAND: GET /session/97f842ea50bbcd53f5e58b39b44e661d/screenshot - {}
RESULT: {}
COMMAND: POST /session/97f842ea50bbcd53f5e58b39b44e661d/element - {"using":"xpath","value":"//bdi[contains(text(), \"Time Segment\")]"}
RESULT: {"using":"xpath","value":"//bdi[contains(text(), \"Time Segment\")]"}
COMMAND: GET /session/97f842ea50bbcd53f5e58b39b44e661d/element/f.4C3BA0BF09B228EDDC79F91E8A810388.d.0AF0BE6FEB2C3D261037F72947AF7DCC.e.11742/rect - {}
RESULT: {}
COMMAND: GET /session/97f842ea50bbcd53f5e58b39b44e661d/window/rect - {}
RESULT: {}
COMMAND: POST /session/97f842ea50bbcd53f5e58b39b44e661d/execute/sync - {"script":"<script> [92 bytes]","args":[]}
RESULT: {"script":"<script> [92 bytes]","args":[]}
COMMAND: POST /session/97f842ea50bbcd53f5e58b39b44e661d/actions - {"actions":[{"id":"action29","type":"wheel","parameters":{},"actions":[{"type":"scroll","x":-1820,"y":-21,"deltaX":0,"deltaY":0,"duration":0,"origin":{"element-6066-11e4-a52e-4f735466cecf":"f.4C3BA0BF09B228EDDC79F91E8A810388.d.0AF0BE6FEB2C3D261037F72947AF7DCC.e.11742"}}]}]}
COMMAND: GET /session/97f842ea50bbcd53f5e58b39b44e661d/screenshot - {}
RESULT: {}
COMMAND: POST /session/97f842ea50bbcd53f5e58b39b44e661d/execute/sync - {"script":"<script> [79 bytes]","args":[{"element-6066-11e4-a52e-4f735466cecf":"f.4C3BA0BF09B228EDDC79F91E8A810388.d.0AF0BE6FEB2C3D261037F72947AF7DCC.e.11742","ELEMENT":"f.4C3BA0BF09B228EDDC79F91E8A810388.d.0AF0BE6FEB2C3D261037F72947AF7DCC.e.11742"},{"block":"start","inline":"nearest"}]}
RESULT: {"script":"<script> [79 bytes]","args":[{"element-6066-11e4-a52e-4f735466cecf":"f.4C3BA0BF09B228EDDC79F91E8A810388.d.0AF0BE6FEB2C3D261037F72947AF7DCC.e.11742","ELEMENT":"f.4C3BA0BF09B228EDDC79F91E8A810388.d.0AF0BE6FEB2C3D261037F72947AF7DCC.e.11742"},{"block":"start","inline":"nearest"}]}
COMMAND: GET /session/97f842ea50bbcd53f5e58b39b44e661d/screenshot - {}
RESULT: {}
COMMAND: POST /session/97f842ea50bbcd53f5e58b39b44e661d/element - {"using":"xpath","value":"//span[@id=\"application-manageresources-display-component---newResourceUnit--btnAddTimeSegment-img\"]"}
RESULT: {"using":"xpath","value":"//span[@id=\"application-manageresources-display-component---newResourceUnit--btnAddTimeSegment-img\"]"}
COMMAND: POST /session/97f842ea50bbcd53f5e58b39b44e661d/execute/sync - {"script":"<script> [8489 bytes]","args":[{"element-6066-11e4-a52e-4f735466cecf":"f.4C3BA0BF09B228EDDC79F91E8A810388.d.0AF0BE6FEB2C3D261037F72947AF7DCC.e.11745","ELEMENT":"f.4C3BA0BF09B228EDDC79F91E8A810388.d.0AF0BE6FEB2C3D261037F72947AF7DCC.e.11745"}]}
RESULT: {"script":"<script> [8489 bytes]","args":[{"element-6066-11e4-a52e-4f735466cecf":"f.4C3BA0BF09B228EDDC79F91E8A810388.d.0AF0BE6FEB2C3D261037F72947AF7DCC.e.11745","ELEMENT":"f.4C3BA0BF09B228EDDC79F91E8A810388.d.0AF0BE6FEB2C3D261037F72947AF7DCC.e.11745"}]}
COMMAND: POST /session/97f842ea50bbcd53f5e58b39b44e661d/element/f.4C3BA0BF09B228EDDC79F91E8A810388.d.0AF0BE6FEB2C3D261037F72947AF7DCC.e.11745/click - {}
COMMAND: GET /session/97f842ea50bbcd53f5e58b39b44e661d/screenshot - {}
RESULT: {}
COMMAND: GET /session/97f842ea50bbcd53f5e58b39b44e661d/screenshot - {}
COMMAND: POST /session/97f842ea50bbcd53f5e58b39b44e661d/element - {"using":"xpath","value":"//input[@id=\"application-manageresources-display-component---newResourceUnit--idRuTSAdmin-application-manageresources-display-component---newResourceUnit--RUTimeSegment-0-inner\"]"}
RESULT: {}
RESULT: {}
RESULT: {"using":"xpath","value":"//input[@id=\"application-manageresources-display-component---newResourceUnit--idRuTSAdmin-application-manageresources-display-component---newResourceUnit--RUTimeSegment-0-inner\"]"}
COMMAND: POST /session/97f842ea50bbcd53f5e58b39b44e661d/element/f.4C3BA0BF09B228EDDC79F91E8A810388.d.0AF0BE6FEB2C3D261037F72947AF7DCC.e.11748/clear - {}
RESULT: {}
COMMAND: POST /session/97f842ea50bbcd53f5e58b39b44e661d/element/f.4C3BA0BF09B228EDDC79F91E8A810388.d.0AF0BE6FEB2C3D261037F72947AF7DCC.e.11748/value - {"text":"WebdriverWHMYardyvy9e"}
COMMAND: GET /session/97f842ea50bbcd53f5e58b39b44e661d/screenshot - {}
RESULT: {"text":"WebdriverWHMYardyvy9e"}
COMMAND: GET /session/97f842ea50bbcd53f5e58b39b44e661d/screenshot - {}
RESULT: {}
RESULT: {}
COMMAND: POST /session/97f842ea50bbcd53f5e58b39b44e661d/actions - {"actions":[{"id":"action30","type":"key","parameters":{},"actions":[{"type":"keyDown","value":""},{"type":"pause","duration":10},{"type":"keyUp","value":""}]}]}
RESULT: {"actions":[{"id":"action30","type":"key","parameters":{},"actions":[{"type":"keyDown","value":""},{"type":"pause","duration":10},{"type":"keyUp","value":""}]}]}
COMMAND: GET /session/97f842ea50bbcd53f5e58b39b44e661d/screenshot - {}
RESULT: {}
COMMAND: POST /session/97f842ea50bbcd53f5e58b39b44e661d/execute/async - {"script":"<script> [1562 bytes]","args":[{"selector":{"controlType":"sap.m.Button","viewName":"reusables.view.manageresources.NewResourceUnit","viewId":"application-manageresources-display-component---newResourceUnit","i18NText":{"propertyName":"tooltip","key":"save"},"interaction":{"idSuffix":"BDI-content"}},"wdio_ui5_key":"reusablesview.manageresources.NewResourceUnitsap.m.Button{\"propertyName\":\"tooltip\",\"key\":\"save\"}"}]}
RESULT: {"script":"<script> [1562 bytes]","args":[{"selector":{"controlType":"sap.m.Button","viewName":"reusables.view.manageresources.NewResourceUnit","viewId":"application-manageresources-display-component---newResourceUnit","i18NText":{"propertyName":"tooltip","key":"save"},"interaction":{"idSuffix":"BDI-content"}},"wdio_ui5_key":"reusablesview.manageresources.NewResourceUnitsap.m.Button{\"propertyName\":\"tooltip\",\"key\":\"save\"}"}]}
RESULT: undefined
COMMAND: POST /session/97f842ea50bbcd53f5e58b39b44e661d/element - {"using":"xpath","value":"//*[@id=\"application-manageresources-display-component---newResourceUnit--createRuButton\"]"}
RESULT: {"using":"xpath","value":"//*[@id=\"application-manageresources-display-component---newResourceUnit--createRuButton\"]"}
COMMAND: POST /session/97f842ea50bbcd53f5e58b39b44e661d/element/f.4C3BA0BF09B228EDDC79F91E8A810388.d.0AF0BE6FEB2C3D261037F72947AF7DCC.e.11674/click - {}
RESULT: {}
COMMAND: GET /session/97f842ea50bbcd53f5e58b39b44e661d/screenshot - {}
RESULT: {}
COMMAND: POST /session/97f842ea50bbcd53f5e58b39b44e661d/execute/async - {"script":"<script> [1562 bytes]","args":[{"selector":{"controlType":"sap.m.Title","properties":{"text":"Success"},"searchOpenDialogs":true},"wdio_ui5_key":"sapm.Title{\"text\":\"Success\"}"}]}
RESULT: {"script":"<script> [1562 bytes]","args":[{"selector":{"controlType":"sap.m.Title","properties":{"text":"Success"},"searchOpenDialogs":true},"wdio_ui5_key":"sapm.Title{\"text\":\"Success\"}"}]}
RESULT: undefined
COMMAND: POST /session/97f842ea50bbcd53f5e58b39b44e661d/execute/async - {"script":"<script> [6424 bytes]","args":[{"element-6066-11e4-a52e-4f735466cecf":"f.4C3BA0BF09B228EDDC79F91E8A810388.d.0AF0BE6FEB2C3D261037F72947AF7DCC.e.11762"},"getText",[]]}
RESULT: {"script":"<script> [6424 bytes]","args":[{"element-6066-11e4-a52e-4f735466cecf":"f.4C3BA0BF09B228EDDC79F91E8A810388.d.0AF0BE6FEB2C3D261037F72947AF7DCC.e.11762"},"getText",[]]}
COMMAND: POST /session/97f842ea50bbcd53f5e58b39b44e661d/element - {"using":"xpath","value":"//*[contains(@id, '__text') and (contains(text(), 'successfully created') or contains(., 'successfully created'))]"}
RESULT: {"using":"xpath","value":"//*[contains(@id, '__text') and (contains(text(), 'successfully created') or contains(., 'successfully created'))]"}
COMMAND: GET /session/97f842ea50bbcd53f5e58b39b44e661d/element/f.4C3BA0BF09B228EDDC79F91E8A810388.d.0AF0BE6FEB2C3D261037F72947AF7DCC.e.11760/text - {}
RESULT: {}
COMMAND: POST /session/97f842ea50bbcd53f5e58b39b44e661d/execute/async - {"script":"<script> [1562 bytes]","args":[{"selector":{"controlType":"sap.m.Button","properties":{"text":"Close"},"searchOpenDialogs":true,"interaction":{"idSuffix":"BDI-content"}},"wdio_ui5_key":"sapm.Button{\"text\":\"Close\"}"}]}
RESULT: {"script":"<script> [1562 bytes]","args":[{"selector":{"controlType":"sap.m.Button","properties":{"text":"Close"},"searchOpenDialogs":true,"interaction":{"idSuffix":"BDI-content"}},"wdio_ui5_key":"sapm.Button{\"text\":\"Close\"}"}]}
RESULT: undefined
COMMAND: POST /session/97f842ea50bbcd53f5e58b39b44e661d/element - {"using":"xpath","value":"//*[@id=\"__mbox-btn-0\"]"}
RESULT: {"using":"xpath","value":"//*[@id=\"__mbox-btn-0\"]"}
COMMAND: POST /session/97f842ea50bbcd53f5e58b39b44e661d/element/f.4C3BA0BF09B228EDDC79F91E8A810388.d.0AF0BE6FEB2C3D261037F72947AF7DCC.e.11758/click - {}
RESULT: {}
COMMAND: GET /session/97f842ea50bbcd53f5e58b39b44e661d/screenshot - {}
RESULT: {}
COMMAND: POST /session/97f842ea50bbcd53f5e58b39b44e661d/execute/async - {"script":"<script> [1562 bytes]","args":[{"selector":{"controlType":"sap.ui.core.Icon","viewName":"etm.portal.ui.manageresources.view.Detail","viewId":"application-manageresources-display-component---detailRU","properties":{"src":{"regex":{"source":"overflow"}}}},"wdio_ui5_key":"etmportal.ui.manageresources.view.Detailsap.ui.core.Icon{\"src\":{\"regex\":{\"source\":\"overflow\"}}}"}]}
RESULT: {"script":"<script> [1562 bytes]","args":[{"selector":{"controlType":"sap.ui.core.Icon","viewName":"etm.portal.ui.manageresources.view.Detail","viewId":"application-manageresources-display-component---detailRU","properties":{"src":{"regex":{"source":"overflow"}}}},"wdio_ui5_key":"etmportal.ui.manageresources.view.Detailsap.ui.core.Icon{\"src\":{\"regex\":{\"source\":\"overflow\"}}}"}]}
RESULT: undefined
COMMAND: POST /session/97f842ea50bbcd53f5e58b39b44e661d/element - {"using":"xpath","value":"//*[@id=\"__title18-_actionsToolbar-overflowButton-img\"]"}
RESULT: {"using":"xpath","value":"//*[@id=\"__title18-_actionsToolbar-overflowButton-img\"]"}
COMMAND: POST /session/97f842ea50bbcd53f5e58b39b44e661d/element/f.4C3BA0BF09B228EDDC79F91E8A810388.d.0AF0BE6FEB2C3D261037F72947AF7DCC.e.11793/click - {}
RESULT: {}
COMMAND: POST /session/97f842ea50bbcd53f5e58b39b44e661d/execute/async - {"script":"<script> [1562 bytes]","args":[{"selector":{"controlType":"sap.m.Button","viewName":"etm.portal.ui.manageresources.view.Detail","viewId":"application-manageresources-display-component---detailRU","i18NText":{"propertyName":"tooltip","key":"closeColumn"},"searchOpenDialogs":true,"interaction":{"idSuffix":"inner"}},"wdio_ui5_key":"etmportal.ui.manageresources.view.Detailsap.m.Button{\"propertyName\":\"tooltip\",\"key\":\"closeColumn\"}"}]}
COMMAND: GET /session/97f842ea50bbcd53f5e58b39b44e661d/screenshot - {}
RESULT: {"script":"<script> [1562 bytes]","args":[{"selector":{"controlType":"sap.m.Button","viewName":"etm.portal.ui.manageresources.view.Detail","viewId":"application-manageresources-display-component---detailRU","i18NText":{"propertyName":"tooltip","key":"closeColumn"},"searchOpenDialogs":true,"interaction":{"idSuffix":"inner"}},"wdio_ui5_key":"etmportal.ui.manageresources.view.Detailsap.m.Button{\"propertyName\":\"tooltip\",\"key\":\"closeColumn\"}"}]}
RESULT: undefined
COMMAND: POST /session/97f842ea50bbcd53f5e58b39b44e661d/element - {"using":"xpath","value":"//*[@id=\"__button47\"]"}
RESULT: {}
RESULT: {"using":"xpath","value":"//*[@id=\"__button47\"]"}
COMMAND: POST /session/97f842ea50bbcd53f5e58b39b44e661d/element/f.4C3BA0BF09B228EDDC79F91E8A810388.d.0AF0BE6FEB2C3D261037F72947AF7DCC.e.11797/click - {}
RESULT: {}
COMMAND: GET /session/97f842ea50bbcd53f5e58b39b44e661d/screenshot - {}
RESULT: {}
COMMAND: POST /session/97f842ea50bbcd53f5e58b39b44e661d/refresh - {}
RESULT: {}
COMMAND: GET /session/97f842ea50bbcd53f5e58b39b44e661d/screenshot - {}
RESULT: {}
RESULT: undefined
RESULT: undefined
COMMAND: POST /session/97f842ea50bbcd53f5e58b39b44e661d/refresh - {}
RESULT: {}
COMMAND: GET /session/97f842ea50bbcd53f5e58b39b44e661d/screenshot - {}
RESULT: {}
RESULT: undefined
COMMAND: POST /session/97f842ea50bbcd53f5e58b39b44e661d/execute/async - {"script":"<script> [189 bytes]","args":[]}
RESULT: {"script":"<script> [189 bytes]","args":[]}
COMMAND: POST /session/97f842ea50bbcd53f5e58b39b44e661d/execute/async - {"script":"<script> [123 bytes]","args":[]}
RESULT: {"script":"<script> [123 bytes]","args":[]}
COMMAND: POST /session/97f842ea50bbcd53f5e58b39b44e661d/timeouts - {"script":"<number>"}
RESULT: {"script":"<number>"}
COMMAND: GET /session/97f842ea50bbcd53f5e58b39b44e661d/timeouts - {}
RESULT: {}
RESULT: undefined
COMMAND: POST /session/97f842ea50bbcd53f5e58b39b44e661d/execute/async - {"script":"<script> [2676 bytes]","args":[]}
RESULT: {"script":"<script> [2676 bytes]","args":[]}
COMMAND: POST /session/97f842ea50bbcd53f5e58b39b44e661d/execute/async - {"script":"<script> [2342 bytes]","args":[{"protocol":"http","hostname":"0.0.0.0","path":"/","capabilities":{"browserName":"chrome","goog:chromeOptions":{"binary":"C:\\Program Files\\Google\\Chrome\\Application\\chrome.exe","args":["--start-maximized"]}},"logLevel":"warn","connectionRetryTimeout":120000,"connectionRetryCount":3,"logLevels":{},"enableDirectConnect":true,"strictSSL":true,"_":"65 more keys: [\"cacheDir\",\"port\",\"requestedCapabilities\",\"automationProtocol\",\"baseUrl\",\"waitforInterval\",\"waitforTimeout\",\"onReload\",\"beforeCommand\",\"afterCommand\",\"rootDir\",\"specs\",\"suites\",\"exclude\",\"groupLogsByTestSpec\",\"excludeDriverLogs\",\"bail\",\"framework\",\"reporters\",\"services\",\"maxInstances\",\"maxInstancesPerCapability\",\"injectGlobals\",\"filesToWatch\",\"execArgv\",\"runnerEnv\",\"runner\",\"shard\",\"specFileRetries\",\"specFileRetriesDelay\",\"specFileRetriesDeferred\",\"reporterSyncInterval\",\"reporterSyncTimeout\",\"cucumberFeaturesWithLineNumbers\",\"autoCompileOpts\",\"mochaOpts\",\"jasmineOpts\",\"cucumberOpts\",\"onPrepare\",\"onWorkerStart\",\"onWorkerEnd\",\"before\",\"beforeSession\",\"beforeSuite\",\"beforeHook\",\"beforeTest\",\"afterTest\",\"afterHook\",\"afterSuite\",\"afterSession\",\"after\",\"onComplete\",\"beforeAssertion\",\"afterAssertion\",\"beforeFeature\",\"beforeScenario\",\"beforeStep\",\"afterStep\",\"afterScenario\",\"afterFeature\",\"_\",\"suite\",\"$0\",\"ignoredWorkerServices\",\"wdi5\"]"}]}
RESULT: {"script":"<script> [2342 bytes]","args":[{"protocol":"http","hostname":"0.0.0.0","path":"/","capabilities":{"browserName":"chrome","goog:chromeOptions":{"binary":"C:\\Program Files\\Google\\Chrome\\Application\\chrome.exe","args":["--start-maximized"]}},"logLevel":"warn","connectionRetryTimeout":120000,"connectionRetryCount":3,"logLevels":{},"enableDirectConnect":true,"strictSSL":true,"_":"65 more keys: [\"cacheDir\",\"port\",\"requestedCapabilities\",\"automationProtocol\",\"baseUrl\",\"waitforInterval\",\"waitforTimeout\",\"onReload\",\"beforeCommand\",\"afterCommand\",\"rootDir\",\"specs\",\"suites\",\"exclude\",\"groupLogsByTestSpec\",\"excludeDriverLogs\",\"bail\",\"framework\",\"reporters\",\"services\",\"maxInstances\",\"maxInstancesPerCapability\",\"injectGlobals\",\"filesToWatch\",\"execArgv\",\"runnerEnv\",\"runner\",\"shard\",\"specFileRetries\",\"specFileRetriesDelay\",\"specFileRetriesDeferred\",\"reporterSyncInterval\",\"reporterSyncTimeout\",\"cucumberFeaturesWithLineNumbers\",\"autoCompileOpts\",\"mochaOpts\",\"jasmineOpts\",\"cucumberOpts\",\"onPrepare\",\"onWorkerStart\",\"onWorkerEnd\",\"before\",\"beforeSession\",\"beforeSuite\",\"beforeHook\",\"beforeTest\",\"afterTest\",\"afterHook\",\"afterSuite\",\"afterSession\",\"after\",\"onComplete\",\"beforeAssertion\",\"afterAssertion\",\"beforeFeature\",\"beforeScenario\",\"beforeStep\",\"afterStep\",\"afterScenario\",\"afterFeature\",\"_\",\"suite\",\"$0\",\"ignoredWorkerServices\",\"wdi5\"]"}]}
COMMAND: POST /session/97f842ea50bbcd53f5e58b39b44e661d/execute/async - {"script":"<script> [21126 bytes]","args":[35000]}
RESULT: {"script":"<script> [21126 bytes]","args":[35000]}
COMMAND: POST /session/97f842ea50bbcd53f5e58b39b44e661d/element - {"using":"css selector","value":"#shell-header-logo"}
RESULT: {"using":"css selector","value":"#shell-header-logo"}
COMMAND: POST /session/97f842ea50bbcd53f5e58b39b44e661d/element/f.4C3BA0BF09B228EDDC79F91E8A810388.d.18ABF1C29E83655CEF30B790FB8AED03.e.12004/click - {}
RESULT: {}
COMMAND: GET /session/97f842ea50bbcd53f5e58b39b44e661d/screenshot - {}
RESULT: {}
COMMAND: POST /session/97f842ea50bbcd53f5e58b39b44e661d/element - {"using":"css selector","value":"#shell-header-logo"}
RESULT: {"using":"css selector","value":"#shell-header-logo"}
COMMAND: POST /session/97f842ea50bbcd53f5e58b39b44e661d/element/f.4C3BA0BF09B228EDDC79F91E8A810388.d.18ABF1C29E83655CEF30B790FB8AED03.e.12159/click - {}
RESULT: {}
COMMAND: GET /session/97f842ea50bbcd53f5e58b39b44e661d/screenshot - {}
RESULT: {}
]]></system-out>
    </testcase>
    <testcase classname="chrome.135_0_7049_42.windows.Warehouse_movements_inventory_test" name="Should do a stock increase handover" time="69.891">
      <system-out><![CDATA[
COMMAND: POST /session/97f842ea50bbcd53f5e58b39b44e661d/execute/async - {"script":"<script> [1562 bytes]","args":[{"selector":{"controlType":"sap.m.GenericTile","properties":{"header":"Manage Handovers"}},"wdio_ui5_key":"sapm.GenericTile{\"header\":\"Manage Handovers\"}"}]}
RESULT: {"script":"<script> [1562 bytes]","args":[{"selector":{"controlType":"sap.m.GenericTile","properties":{"header":"Manage Handovers"}},"wdio_ui5_key":"sapm.GenericTile{\"header\":\"Manage Handovers\"}"}]}
RESULT: undefined
COMMAND: POST /session/97f842ea50bbcd53f5e58b39b44e661d/element - {"using":"xpath","value":"//*[@id=\"__tile132\"]"}
RESULT: {"using":"xpath","value":"//*[@id=\"__tile132\"]"}
COMMAND: POST /session/97f842ea50bbcd53f5e58b39b44e661d/element/f.4C3BA0BF09B228EDDC79F91E8A810388.d.18ABF1C29E83655CEF30B790FB8AED03.e.12168/click - {}
RESULT: {}
COMMAND: GET /session/97f842ea50bbcd53f5e58b39b44e661d/screenshot - {}
RESULT: {}
COMMAND: POST /session/97f842ea50bbcd53f5e58b39b44e661d/element - {"using":"xpath","value":"//button[(@data-kt = 'masterHOAddButton')]"}
RESULT: {"using":"xpath","value":"//button[(@data-kt = 'masterHOAddButton')]"}
COMMAND: POST /session/97f842ea50bbcd53f5e58b39b44e661d/element/f.4C3BA0BF09B228EDDC79F91E8A810388.d.18ABF1C29E83655CEF30B790FB8AED03.e.12206/click - {}
RESULT: {}
COMMAND: GET /session/97f842ea50bbcd53f5e58b39b44e661d/screenshot - {}
RESULT: {}
COMMAND: POST /session/97f842ea50bbcd53f5e58b39b44e661d/element - {"using":"xpath","value":"//span[contains(@id ,\"AddNewHO--typeSelect-arrow\")]"}
RESULT: {"using":"xpath","value":"//span[contains(@id ,\"AddNewHO--typeSelect-arrow\")]"}
COMMAND: POST /session/97f842ea50bbcd53f5e58b39b44e661d/element/f.4C3BA0BF09B228EDDC79F91E8A810388.d.18ABF1C29E83655CEF30B790FB8AED03.e.12498/click - {}
RESULT: {}
COMMAND: POST /session/97f842ea50bbcd53f5e58b39b44e661d/element - {"using":"xpath","value":"(//li[contains(text(), \"stock increase yard\")])[1]"}
COMMAND: GET /session/97f842ea50bbcd53f5e58b39b44e661d/screenshot - {}
RESULT: {"using":"xpath","value":"(//li[contains(text(), \"stock increase yard\")])[1]"}
COMMAND: POST /session/97f842ea50bbcd53f5e58b39b44e661d/element/f.4C3BA0BF09B228EDDC79F91E8A810388.d.18ABF1C29E83655CEF30B790FB8AED03.e.12499/click - {}
RESULT: {}
RESULT: {}
COMMAND: GET /session/97f842ea50bbcd53f5e58b39b44e661d/screenshot - {}
RESULT: {}
COMMAND: POST /session/97f842ea50bbcd53f5e58b39b44e661d/execute/async - {"script":"<script> [1562 bytes]","args":[{"selector":{"id":"application-managehandovers-display-component---AddNewHO--dueDate","interaction":{"idSuffix":"inner"}},"wdio_ui5_key":"applicationmanagehandovers-display-component---AddNewHO--dueDate"}]}
RESULT: {"script":"<script> [1562 bytes]","args":[{"selector":{"id":"application-managehandovers-display-component---AddNewHO--dueDate","interaction":{"idSuffix":"inner"}},"wdio_ui5_key":"applicationmanagehandovers-display-component---AddNewHO--dueDate"}]}
RESULT: undefined
COMMAND: POST /session/97f842ea50bbcd53f5e58b39b44e661d/execute/async - {"script":"<script> [6424 bytes]","args":[{"element-6066-11e4-a52e-4f735466cecf":"f.4C3BA0BF09B228EDDC79F91E8A810388.d.18ABF1C29E83655CEF30B790FB8AED03.e.12503"},"setValue",["04/16/2025"]]}
RESULT: {"script":"<script> [6424 bytes]","args":[{"element-6066-11e4-a52e-4f735466cecf":"f.4C3BA0BF09B228EDDC79F91E8A810388.d.18ABF1C29E83655CEF30B790FB8AED03.e.12503"},"setValue",["04/16/2025"]]}
COMMAND: POST /session/97f842ea50bbcd53f5e58b39b44e661d/element - {"using":"xpath","value":"//input[@id=\"generalSectionFrg--receiveYard-inner\"]"}
RESULT: {"using":"xpath","value":"//input[@id=\"generalSectionFrg--receiveYard-inner\"]"}
COMMAND: POST /session/97f842ea50bbcd53f5e58b39b44e661d/element/f.4C3BA0BF09B228EDDC79F91E8A810388.d.18ABF1C29E83655CEF30B790FB8AED03.e.12509/clear - {}
RESULT: {}
COMMAND: POST /session/97f842ea50bbcd53f5e58b39b44e661d/element/f.4C3BA0BF09B228EDDC79F91E8A810388.d.18ABF1C29E83655CEF30B790FB8AED03.e.12509/value - {"text":"WebdriverWHMYardyvy9e"}
COMMAND: GET /session/97f842ea50bbcd53f5e58b39b44e661d/screenshot - {}
RESULT: {"text":"WebdriverWHMYardyvy9e"}
COMMAND: GET /session/97f842ea50bbcd53f5e58b39b44e661d/screenshot - {}
RESULT: {}
RESULT: {}
COMMAND: POST /session/97f842ea50bbcd53f5e58b39b44e661d/execute/async - {"script":"<script> [1562 bytes]","args":[{"selector":{"id":"application-managehandovers-display-component---AddNewHO--ObjectPageLayout-anchBar-application-managehandovers-display-component---AddNewHO--section4-anchor","interaction":{"idSuffix":"BDI-content"}},"wdio_ui5_key":"applicationmanagehandovers-display-component---AddNewHO--ObjectPageLayout-anchBar-application-managehandovers-display-component---AddNewHO--section4-anchor"}]}
RESULT: {"script":"<script> [1562 bytes]","args":[{"selector":{"id":"application-managehandovers-display-component---AddNewHO--ObjectPageLayout-anchBar-application-managehandovers-display-component---AddNewHO--section4-anchor","interaction":{"idSuffix":"BDI-content"}},"wdio_ui5_key":"applicationmanagehandovers-display-component---AddNewHO--ObjectPageLayout-anchBar-application-managehandovers-display-component---AddNewHO--section4-anchor"}]}
RESULT: undefined
COMMAND: POST /session/97f842ea50bbcd53f5e58b39b44e661d/element - {"using":"xpath","value":"//*[@id=\"application-managehandovers-display-component---AddNewHO--ObjectPageLayout-anchBar-application-managehandovers-display-component---AddNewHO--section4-anchor\"]"}
RESULT: {"using":"xpath","value":"//*[@id=\"application-managehandovers-display-component---AddNewHO--ObjectPageLayout-anchBar-application-managehandovers-display-component---AddNewHO--section4-anchor\"]"}
COMMAND: POST /session/97f842ea50bbcd53f5e58b39b44e661d/element/f.4C3BA0BF09B228EDDC79F91E8A810388.d.18ABF1C29E83655CEF30B790FB8AED03.e.12524/click - {}
RESULT: {}
COMMAND: GET /session/97f842ea50bbcd53f5e58b39b44e661d/screenshot - {}
RESULT: {}
COMMAND: POST /session/97f842ea50bbcd53f5e58b39b44e661d/element - {"using":"xpath","value":"//button[@aria-label=\"Add\"]"}
RESULT: {"using":"xpath","value":"//button[@aria-label=\"Add\"]"}
COMMAND: POST /session/97f842ea50bbcd53f5e58b39b44e661d/element/f.4C3BA0BF09B228EDDC79F91E8A810388.d.18ABF1C29E83655CEF30B790FB8AED03.e.12528/click - {}
RESULT: {}
COMMAND: GET /session/97f842ea50bbcd53f5e58b39b44e661d/screenshot - {}
RESULT: {}
COMMAND: POST /session/97f842ea50bbcd53f5e58b39b44e661d/execute/async - {"script":"<script> [1562 bytes]","args":[{"selector":{"id":"application-managehandovers-display-component---AddNewHO--smartFilterBar-btnBasicSearch","searchOpenDialogs":true,"interaction":{"idSuffix":"I"}},"wdio_ui5_key":"applicationmanagehandovers-display-component---AddNewHO--smartFilterBar-btnBasicSearch"}]}
RESULT: {"script":"<script> [1562 bytes]","args":[{"selector":{"id":"application-managehandovers-display-component---AddNewHO--smartFilterBar-btnBasicSearch","searchOpenDialogs":true,"interaction":{"idSuffix":"I"}},"wdio_ui5_key":"applicationmanagehandovers-display-component---AddNewHO--smartFilterBar-btnBasicSearch"}]}
RESULT: undefined
COMMAND: POST /session/97f842ea50bbcd53f5e58b39b44e661d/execute/async - {"script":"<script> [776 bytes]","args":[{"enterText":"WebdriverRUR2C0ecyv","selector":{"id":"application-managehandovers-display-component---AddNewHO--smartFilterBar-btnBasicSearch","searchOpenDialogs":true,"interaction":{"idSuffix":"I"}},"clearTextFirst":true,"interactionType":"ENTER_TEXT"}]}
RESULT: {"script":"<script> [776 bytes]","args":[{"enterText":"WebdriverRUR2C0ecyv","selector":{"id":"application-managehandovers-display-component---AddNewHO--smartFilterBar-btnBasicSearch","searchOpenDialogs":true,"interaction":{"idSuffix":"I"}},"clearTextFirst":true,"interactionType":"ENTER_TEXT"}]}
COMMAND: POST /session/97f842ea50bbcd53f5e58b39b44e661d/actions - {"actions":[{"id":"action31","type":"key","parameters":{},"actions":[{"type":"keyDown","value":""},{"type":"pause","duration":10},{"type":"keyUp","value":""}]}]}
RESULT: {"actions":[{"id":"action31","type":"key","parameters":{},"actions":[{"type":"keyDown","value":""},{"type":"pause","duration":10},{"type":"keyUp","value":""}]}]}
COMMAND: POST /session/97f842ea50bbcd53f5e58b39b44e661d/execute/async - {"script":"<script> [1562 bytes]","args":[{"selector":{"id":"application-managehandovers-display-component---AddNewHO--popup-sa","searchOpenDialogs":true,"interaction":{"idSuffix":"CbBg"}},"wdio_ui5_key":"applicationmanagehandovers-display-component---AddNewHO--popup-sa"}]}
COMMAND: GET /session/97f842ea50bbcd53f5e58b39b44e661d/screenshot - {}
RESULT: {"script":"<script> [1562 bytes]","args":[{"selector":{"id":"application-managehandovers-display-component---AddNewHO--popup-sa","searchOpenDialogs":true,"interaction":{"idSuffix":"CbBg"}},"wdio_ui5_key":"applicationmanagehandovers-display-component---AddNewHO--popup-sa"}]}
RESULT: undefined
COMMAND: POST /session/97f842ea50bbcd53f5e58b39b44e661d/element - {"using":"xpath","value":"//*[@id=\"application-managehandovers-display-component---AddNewHO--popup-sa\"]"}
RESULT: {}
RESULT: {"using":"xpath","value":"//*[@id=\"application-managehandovers-display-component---AddNewHO--popup-sa\"]"}
COMMAND: POST /session/97f842ea50bbcd53f5e58b39b44e661d/element/f.4C3BA0BF09B228EDDC79F91E8A810388.d.18ABF1C29E83655CEF30B790FB8AED03.e.12682/click - {}
RESULT: {}
COMMAND: GET /session/97f842ea50bbcd53f5e58b39b44e661d/screenshot - {}
RESULT: {}
COMMAND: POST /session/97f842ea50bbcd53f5e58b39b44e661d/element - {"using":"xpath","value":"//bdi[contains(text(), \"Select\")]"}
RESULT: {"using":"xpath","value":"//bdi[contains(text(), \"Select\")]"}
COMMAND: POST /session/97f842ea50bbcd53f5e58b39b44e661d/element/f.4C3BA0BF09B228EDDC79F91E8A810388.d.18ABF1C29E83655CEF30B790FB8AED03.e.12683/click - {}
RESULT: {}
COMMAND: GET /session/97f842ea50bbcd53f5e58b39b44e661d/screenshot - {}
RESULT: {}
COMMAND: POST /session/97f842ea50bbcd53f5e58b39b44e661d/element - {"using":"xpath","value":"//button[@data-kt=\"AddNewHOSaveButton\"]"}
RESULT: {"using":"xpath","value":"//button[@data-kt=\"AddNewHOSaveButton\"]"}
COMMAND: POST /session/97f842ea50bbcd53f5e58b39b44e661d/element/f.4C3BA0BF09B228EDDC79F91E8A810388.d.18ABF1C29E83655CEF30B790FB8AED03.e.12687/click - {}
RESULT: {}
COMMAND: GET /session/97f842ea50bbcd53f5e58b39b44e661d/screenshot - {}
RESULT: {}
COMMAND: POST /session/97f842ea50bbcd53f5e58b39b44e661d/execute/async - {"script":"<script> [1562 bytes]","args":[{"selector":{"id":"receiptDatePicker","viewName":"etm.portal.ui.managehandovers.view.DetailExecuteHO","interaction":{"idSuffix":"inner"}},"wdio_ui5_key":"receiptDatePickeretmportal.ui.managehandovers.view.DetailExecuteHO"}]}
RESULT: {"script":"<script> [1562 bytes]","args":[{"selector":{"id":"receiptDatePicker","viewName":"etm.portal.ui.managehandovers.view.DetailExecuteHO","interaction":{"idSuffix":"inner"}},"wdio_ui5_key":"receiptDatePickeretmportal.ui.managehandovers.view.DetailExecuteHO"}]}
RESULT: undefined
COMMAND: POST /session/97f842ea50bbcd53f5e58b39b44e661d/execute/async - {"script":"<script> [6424 bytes]","args":[{"element-6066-11e4-a52e-4f735466cecf":"f.4C3BA0BF09B228EDDC79F91E8A810388.d.18ABF1C29E83655CEF30B790FB8AED03.e.12712"},"setValue",["04/16/2025"]]}
RESULT: {"script":"<script> [6424 bytes]","args":[{"element-6066-11e4-a52e-4f735466cecf":"f.4C3BA0BF09B228EDDC79F91E8A810388.d.18ABF1C29E83655CEF30B790FB8AED03.e.12712"},"setValue",["04/16/2025"]]}
COMMAND: POST /session/97f842ea50bbcd53f5e58b39b44e661d/element - {"using":"xpath","value":"//button[@data-kt=\"PickingTableConfirmAllButton\"]"}
RESULT: {"using":"xpath","value":"//button[@data-kt=\"PickingTableConfirmAllButton\"]"}
COMMAND: POST /session/97f842ea50bbcd53f5e58b39b44e661d/element/f.4C3BA0BF09B228EDDC79F91E8A810388.d.18ABF1C29E83655CEF30B790FB8AED03.e.12730/click - {}
RESULT: {}
COMMAND: GET /session/97f842ea50bbcd53f5e58b39b44e661d/screenshot - {}
RESULT: {}
COMMAND: POST /session/97f842ea50bbcd53f5e58b39b44e661d/element - {"using":"xpath","value":"//bdi[contains(text(), \"OK\")]"}
RESULT: {"using":"xpath","value":"//bdi[contains(text(), \"OK\")]"}
COMMAND: POST /session/97f842ea50bbcd53f5e58b39b44e661d/element/f.4C3BA0BF09B228EDDC79F91E8A810388.d.18ABF1C29E83655CEF30B790FB8AED03.e.12732/click - {}
RESULT: {}
COMMAND: GET /session/97f842ea50bbcd53f5e58b39b44e661d/screenshot - {}
RESULT: {}
COMMAND: POST /session/97f842ea50bbcd53f5e58b39b44e661d/element - {"using":"xpath","value":"(//bdi[contains(text(), \"Receive\")])[2]"}
RESULT: {"using":"xpath","value":"(//bdi[contains(text(), \"Receive\")])[2]"}
COMMAND: POST /session/97f842ea50bbcd53f5e58b39b44e661d/element/f.4C3BA0BF09B228EDDC79F91E8A810388.d.18ABF1C29E83655CEF30B790FB8AED03.e.12734/click - {}
RESULT: {}
COMMAND: GET /session/97f842ea50bbcd53f5e58b39b44e661d/screenshot - {}
RESULT: {}
COMMAND: POST /session/97f842ea50bbcd53f5e58b39b44e661d/element - {"using":"css selector","value":"#shell-header-logo"}
RESULT: {"using":"css selector","value":"#shell-header-logo"}
COMMAND: POST /session/97f842ea50bbcd53f5e58b39b44e661d/element/f.4C3BA0BF09B228EDDC79F91E8A810388.d.18ABF1C29E83655CEF30B790FB8AED03.e.12159/click - {}
RESULT: {}
COMMAND: GET /session/97f842ea50bbcd53f5e58b39b44e661d/screenshot - {}
RESULT: {}
]]></system-out>
    </testcase>
    <testcase classname="chrome.135_0_7049_42.windows.Warehouse_movements_inventory_test" name="Verify the warehouse movement" time="41.338">
      <system-out><![CDATA[
COMMAND: POST /session/97f842ea50bbcd53f5e58b39b44e661d/execute/async - {"script":"<script> [1562 bytes]","args":[{"selector":{"controlType":"sap.m.GenericTile","properties":{"header":"Manage Warehouse Movements"}},"wdio_ui5_key":"sapm.GenericTile{\"header\":\"Manage Warehouse Movements\"}"}]}
RESULT: {"script":"<script> [1562 bytes]","args":[{"selector":{"controlType":"sap.m.GenericTile","properties":{"header":"Manage Warehouse Movements"}},"wdio_ui5_key":"sapm.GenericTile{\"header\":\"Manage Warehouse Movements\"}"}]}
RESULT: undefined
COMMAND: POST /session/97f842ea50bbcd53f5e58b39b44e661d/element - {"using":"xpath","value":"//*[@id=\"__tile105\"]"}
RESULT: {"using":"xpath","value":"//*[@id=\"__tile105\"]"}
COMMAND: POST /session/97f842ea50bbcd53f5e58b39b44e661d/element/f.4C3BA0BF09B228EDDC79F91E8A810388.d.18ABF1C29E83655CEF30B790FB8AED03.e.12967/click - {}
RESULT: {}
COMMAND: GET /session/97f842ea50bbcd53f5e58b39b44e661d/screenshot - {}
RESULT: {}
COMMAND: POST /session/97f842ea50bbcd53f5e58b39b44e661d/execute/async - {"script":"<script> [1562 bytes]","args":[{"selector":{"id":"application-warehousemovements-display-component---warehouseMovements--smartFilterBar-filterItemControl_BASIC-YARD-vhi"},"wdio_ui5_key":"applicationwarehousemovements-display-component---warehouseMovements--smartFilterBar-filterItemControl_BASIC-YARD-vhi"}]}
RESULT: {"script":"<script> [1562 bytes]","args":[{"selector":{"id":"application-warehousemovements-display-component---warehouseMovements--smartFilterBar-filterItemControl_BASIC-YARD-vhi"},"wdio_ui5_key":"applicationwarehousemovements-display-component---warehouseMovements--smartFilterBar-filterItemControl_BASIC-YARD-vhi"}]}
RESULT: undefined
COMMAND: POST /session/97f842ea50bbcd53f5e58b39b44e661d/element - {"using":"xpath","value":"//*[@id=\"application-warehousemovements-display-component---warehouseMovements--smartFilterBar-filterItemControl_BASIC-YARD-vhi\"]"}
RESULT: {"using":"xpath","value":"//*[@id=\"application-warehousemovements-display-component---warehouseMovements--smartFilterBar-filterItemControl_BASIC-YARD-vhi\"]"}
COMMAND: POST /session/97f842ea50bbcd53f5e58b39b44e661d/element/f.4C3BA0BF09B228EDDC79F91E8A810388.d.18ABF1C29E83655CEF30B790FB8AED03.e.13068/click - {}
RESULT: {}
COMMAND: GET /session/97f842ea50bbcd53f5e58b39b44e661d/screenshot - {}
RESULT: {}
COMMAND: POST /session/97f842ea50bbcd53f5e58b39b44e661d/execute/async - {"script":"<script> [1562 bytes]","args":[{"selector":{"id":"application-warehousemovements-display-component---warehouseMovements--smartFilterBar-filterItemControl_BASIC-YARD-valueHelpDialog-smartFilterBar-btnBasicSearch","searchOpenDialogs":true,"interaction":{"idSuffix":"I"}},"wdio_ui5_key":"applicationwarehousemovements-display-component---warehouseMovements--smartFilterBar-filterItemControl_BASIC-YARD-valueHelpDialog-smartFilterBar-btnBasicSearch"}]}
RESULT: {"script":"<script> [1562 bytes]","args":[{"selector":{"id":"application-warehousemovements-display-component---warehouseMovements--smartFilterBar-filterItemControl_BASIC-YARD-valueHelpDialog-smartFilterBar-btnBasicSearch","searchOpenDialogs":true,"interaction":{"idSuffix":"I"}},"wdio_ui5_key":"applicationwarehousemovements-display-component---warehouseMovements--smartFilterBar-filterItemControl_BASIC-YARD-valueHelpDialog-smartFilterBar-btnBasicSearch"}]}
RESULT: undefined
COMMAND: POST /session/97f842ea50bbcd53f5e58b39b44e661d/execute/async - {"script":"<script> [776 bytes]","args":[{"enterText":"WebdriverWHMYardyvy9e","selector":{"id":"application-warehousemovements-display-component---warehouseMovements--smartFilterBar-filterItemControl_BASIC-YARD-valueHelpDialog-smartFilterBar-btnBasicSearch","searchOpenDialogs":true,"interaction":{"idSuffix":"I"}},"clearTextFirst":true,"interactionType":"ENTER_TEXT"}]}
RESULT: {"script":"<script> [776 bytes]","args":[{"enterText":"WebdriverWHMYardyvy9e","selector":{"id":"application-warehousemovements-display-component---warehouseMovements--smartFilterBar-filterItemControl_BASIC-YARD-valueHelpDialog-smartFilterBar-btnBasicSearch","searchOpenDialogs":true,"interaction":{"idSuffix":"I"}},"clearTextFirst":true,"interactionType":"ENTER_TEXT"}]}
COMMAND: POST /session/97f842ea50bbcd53f5e58b39b44e661d/actions - {"actions":[{"id":"action32","type":"key","parameters":{},"actions":[{"type":"keyDown","value":""},{"type":"pause","duration":10},{"type":"keyUp","value":""}]}]}
RESULT: {"actions":[{"id":"action32","type":"key","parameters":{},"actions":[{"type":"keyDown","value":""},{"type":"pause","duration":10},{"type":"keyUp","value":""}]}]}
COMMAND: GET /session/97f842ea50bbcd53f5e58b39b44e661d/screenshot - {}
RESULT: {}
COMMAND: POST /session/97f842ea50bbcd53f5e58b39b44e661d/element - {"using":"xpath","value":"//div[@id='application-warehousemovements-display-component---warehouseMovements--smartFilterBar-filterItemControl_BASIC-YARD-valueHelpDialog-table-rowsel0']"}
RESULT: {"using":"xpath","value":"//div[@id='application-warehousemovements-display-component---warehouseMovements--smartFilterBar-filterItemControl_BASIC-YARD-valueHelpDialog-table-rowsel0']"}
COMMAND: POST /session/97f842ea50bbcd53f5e58b39b44e661d/element/f.4C3BA0BF09B228EDDC79F91E8A810388.d.18ABF1C29E83655CEF30B790FB8AED03.e.13077/click - {}
RESULT: {}
COMMAND: POST /session/97f842ea50bbcd53f5e58b39b44e661d/execute/async - {"script":"<script> [1562 bytes]","args":[{"selector":{"id":"application-warehousemovements-display-component---warehouseMovements--smartFilterBar-filterItemControl_BASIC-YARD-valueHelpDialog-ok","searchOpenDialogs":true,"interaction":{"idSuffix":"BDI-content"}},"wdio_ui5_key":"applicationwarehousemovements-display-component---warehouseMovements--smartFilterBar-filterItemControl_BASIC-YARD-valueHelpDialog-ok"}]}
COMMAND: GET /session/97f842ea50bbcd53f5e58b39b44e661d/screenshot - {}
RESULT: {"script":"<script> [1562 bytes]","args":[{"selector":{"id":"application-warehousemovements-display-component---warehouseMovements--smartFilterBar-filterItemControl_BASIC-YARD-valueHelpDialog-ok","searchOpenDialogs":true,"interaction":{"idSuffix":"BDI-content"}},"wdio_ui5_key":"applicationwarehousemovements-display-component---warehouseMovements--smartFilterBar-filterItemControl_BASIC-YARD-valueHelpDialog-ok"}]}
RESULT: undefined
COMMAND: POST /session/97f842ea50bbcd53f5e58b39b44e661d/element - {"using":"xpath","value":"//*[@id=\"application-warehousemovements-display-component---warehouseMovements--smartFilterBar-filterItemControl_BASIC-YARD-valueHelpDialog-ok\"]"}
RESULT: {}
RESULT: {"using":"xpath","value":"//*[@id=\"application-warehousemovements-display-component---warehouseMovements--smartFilterBar-filterItemControl_BASIC-YARD-valueHelpDialog-ok\"]"}
COMMAND: POST /session/97f842ea50bbcd53f5e58b39b44e661d/element/f.4C3BA0BF09B228EDDC79F91E8A810388.d.18ABF1C29E83655CEF30B790FB8AED03.e.13080/click - {}
RESULT: {}
COMMAND: POST /session/97f842ea50bbcd53f5e58b39b44e661d/execute/async - {"script":"<script> [1562 bytes]","args":[{"selector":{"controlType":"sap.ui.core.Icon","viewName":"etm.portal.ui.warehousemovements.view.MasterMovement","viewId":"application-warehousemovements-display-component---warehouseMovements","properties":{"src":{"regex":{"source":"add"}}}},"wdio_ui5_key":"etmportal.ui.warehousemovements.view.MasterMovementsap.ui.core.Icon{\"src\":{\"regex\":{\"source\":\"add\"}}}"}]}
COMMAND: GET /session/97f842ea50bbcd53f5e58b39b44e661d/screenshot - {}
RESULT: {"script":"<script> [1562 bytes]","args":[{"selector":{"controlType":"sap.ui.core.Icon","viewName":"etm.portal.ui.warehousemovements.view.MasterMovement","viewId":"application-warehousemovements-display-component---warehouseMovements","properties":{"src":{"regex":{"source":"add"}}}},"wdio_ui5_key":"etmportal.ui.warehousemovements.view.MasterMovementsap.ui.core.Icon{\"src\":{\"regex\":{\"source\":\"add\"}}}"}]}
RESULT: undefined
COMMAND: POST /session/97f842ea50bbcd53f5e58b39b44e661d/element - {"using":"xpath","value":"//*[@id=\"__button73-img\"]"}
RESULT: {}
RESULT: {"using":"xpath","value":"//*[@id=\"__button73-img\"]"}
COMMAND: POST /session/97f842ea50bbcd53f5e58b39b44e661d/element/f.4C3BA0BF09B228EDDC79F91E8A810388.d.18ABF1C29E83655CEF30B790FB8AED03.e.13036/click - {}
RESULT: {}
COMMAND: POST /session/97f842ea50bbcd53f5e58b39b44e661d/element - {"using":"xpath","value":"//input[contains(@id ,\"application-warehousemovements-display-component---addMovement--sectionsList-inner\")]"}
COMMAND: GET /session/97f842ea50bbcd53f5e58b39b44e661d/screenshot - {}
RESULT: {"using":"xpath","value":"//input[contains(@id ,\"application-warehousemovements-display-component---addMovement--sectionsList-inner\")]"}
COMMAND: POST /session/97f842ea50bbcd53f5e58b39b44e661d/elements - {"using":"xpath","value":"//input[contains(@id ,\"application-warehousemovements-display-component---addMovement--sectionsList-inner\")]"}
RESULT: {}
RESULT: {"using":"xpath","value":"//input[contains(@id ,\"application-warehousemovements-display-component---addMovement--sectionsList-inner\")]"}
COMMAND: POST /session/97f842ea50bbcd53f5e58b39b44e661d/element - {"using":"xpath","value":"//input[contains(@id ,\"application-warehousemovements-display-component---addMovement--sectionsList-inner\")]"}
RESULT: {"using":"xpath","value":"//input[contains(@id ,\"application-warehousemovements-display-component---addMovement--sectionsList-inner\")]"}
COMMAND: POST /session/97f842ea50bbcd53f5e58b39b44e661d/element/f.4C3BA0BF09B228EDDC79F91E8A810388.d.18ABF1C29E83655CEF30B790FB8AED03.e.13144/clear - {}
RESULT: {}
COMMAND: POST /session/97f842ea50bbcd53f5e58b39b44e661d/element/f.4C3BA0BF09B228EDDC79F91E8A810388.d.18ABF1C29E83655CEF30B790FB8AED03.e.13144/value - {"text":"Secl739vh"}
COMMAND: GET /session/97f842ea50bbcd53f5e58b39b44e661d/screenshot - {}
RESULT: {"text":"Secl739vh"}
COMMAND: GET /session/97f842ea50bbcd53f5e58b39b44e661d/screenshot - {}
RESULT: {}
RESULT: {}
COMMAND: POST /session/97f842ea50bbcd53f5e58b39b44e661d/actions - {"actions":[{"id":"action33","type":"key","parameters":{},"actions":[{"type":"keyDown","value":""},{"type":"pause","duration":10},{"type":"keyUp","value":""}]}]}
RESULT: {"actions":[{"id":"action33","type":"key","parameters":{},"actions":[{"type":"keyDown","value":""},{"type":"pause","duration":10},{"type":"keyUp","value":""}]}]}
COMMAND: GET /session/97f842ea50bbcd53f5e58b39b44e661d/screenshot - {}
RESULT: {}
COMMAND: POST /session/97f842ea50bbcd53f5e58b39b44e661d/execute/async - {"script":"<script> [1562 bytes]","args":[{"selector":{"id":"application-warehousemovements-display-component---addMovement--addItem-img"},"wdio_ui5_key":"applicationwarehousemovements-display-component---addMovement--addItem-img"}]}
RESULT: {"script":"<script> [1562 bytes]","args":[{"selector":{"id":"application-warehousemovements-display-component---addMovement--addItem-img"},"wdio_ui5_key":"applicationwarehousemovements-display-component---addMovement--addItem-img"}]}
RESULT: undefined
COMMAND: POST /session/97f842ea50bbcd53f5e58b39b44e661d/element - {"using":"xpath","value":"//*[@id=\"application-warehousemovements-display-component---addMovement--addItem-img\"]"}
RESULT: {"using":"xpath","value":"//*[@id=\"application-warehousemovements-display-component---addMovement--addItem-img\"]"}
COMMAND: POST /session/97f842ea50bbcd53f5e58b39b44e661d/element/f.4C3BA0BF09B228EDDC79F91E8A810388.d.18ABF1C29E83655CEF30B790FB8AED03.e.13126/click - {}
RESULT: {}
COMMAND: POST /session/97f842ea50bbcd53f5e58b39b44e661d/execute/async - {"script":"<script> [1562 bytes]","args":[{"selector":{"id":"movementItemsPopUp--invSearch","searchOpenDialogs":true,"interaction":{"idSuffix":"I"}},"wdio_ui5_key":"movementItemsPopUpinvSearch"}]}
COMMAND: GET /session/97f842ea50bbcd53f5e58b39b44e661d/screenshot - {}
RESULT: {"script":"<script> [1562 bytes]","args":[{"selector":{"id":"movementItemsPopUp--invSearch","searchOpenDialogs":true,"interaction":{"idSuffix":"I"}},"wdio_ui5_key":"movementItemsPopUpinvSearch"}]}
RESULT: undefined
COMMAND: POST /session/97f842ea50bbcd53f5e58b39b44e661d/execute/async - {"script":"<script> [776 bytes]","args":[{"enterText":"WebdriverRUR2C0ecyv","selector":{"id":"movementItemsPopUp--invSearch","searchOpenDialogs":true,"interaction":{"idSuffix":"I"}},"clearTextFirst":true,"interactionType":"ENTER_TEXT"}]}
RESULT: {}
RESULT: {"script":"<script> [776 bytes]","args":[{"enterText":"WebdriverRUR2C0ecyv","selector":{"id":"movementItemsPopUp--invSearch","searchOpenDialogs":true,"interaction":{"idSuffix":"I"}},"clearTextFirst":true,"interactionType":"ENTER_TEXT"}]}
COMMAND: POST /session/97f842ea50bbcd53f5e58b39b44e661d/execute/async - {"script":"<script> [1562 bytes]","args":[{"selector":{"id":"movementItemsPopUp--movementItemsTable-sa","searchOpenDialogs":true,"interaction":{"idSuffix":"CbBg"}},"wdio_ui5_key":"movementItemsPopUpmovementItemsTable-sa"}]}
RESULT: {"script":"<script> [1562 bytes]","args":[{"selector":{"id":"movementItemsPopUp--movementItemsTable-sa","searchOpenDialogs":true,"interaction":{"idSuffix":"CbBg"}},"wdio_ui5_key":"movementItemsPopUpmovementItemsTable-sa"}]}
RESULT: undefined
COMMAND: POST /session/97f842ea50bbcd53f5e58b39b44e661d/element - {"using":"xpath","value":"//*[@id=\"movementItemsPopUp--movementItemsTable-sa\"]"}
RESULT: {"using":"xpath","value":"//*[@id=\"movementItemsPopUp--movementItemsTable-sa\"]"}
COMMAND: POST /session/97f842ea50bbcd53f5e58b39b44e661d/element/f.4C3BA0BF09B228EDDC79F91E8A810388.d.18ABF1C29E83655CEF30B790FB8AED03.e.13224/click - {}
RESULT: {}
COMMAND: POST /session/97f842ea50bbcd53f5e58b39b44e661d/execute/async - {"script":"<script> [1562 bytes]","args":[{"selector":{"id":"movementItemsPopUp--createBtn","searchOpenDialogs":true,"interaction":{"idSuffix":"BDI-content"}},"wdio_ui5_key":"movementItemsPopUpcreateBtn"}]}
COMMAND: GET /session/97f842ea50bbcd53f5e58b39b44e661d/screenshot - {}
RESULT: {"script":"<script> [1562 bytes]","args":[{"selector":{"id":"movementItemsPopUp--createBtn","searchOpenDialogs":true,"interaction":{"idSuffix":"BDI-content"}},"wdio_ui5_key":"movementItemsPopUpcreateBtn"}]}
RESULT: undefined
COMMAND: POST /session/97f842ea50bbcd53f5e58b39b44e661d/element - {"using":"xpath","value":"//*[@id=\"movementItemsPopUp--createBtn\"]"}
RESULT: {}
RESULT: {"using":"xpath","value":"//*[@id=\"movementItemsPopUp--createBtn\"]"}
COMMAND: POST /session/97f842ea50bbcd53f5e58b39b44e661d/element/f.4C3BA0BF09B228EDDC79F91E8A810388.d.18ABF1C29E83655CEF30B790FB8AED03.e.13226/click - {}
RESULT: {}
COMMAND: GET /session/97f842ea50bbcd53f5e58b39b44e661d/screenshot - {}
RESULT: {}
COMMAND: POST /session/97f842ea50bbcd53f5e58b39b44e661d/element - {"using":"css selector","value":"#j_username"}
COMMAND: POST /session/97f842ea50bbcd53f5e58b39b44e661d/url - {"url":"https://qa-testing-00-live-etm-ui.cfapps.eu10-004.hana.ondemand.com/"}
RESULT: {"using":"css selector","value":"#j_username"}
COMMAND: POST /session/97f842ea50bbcd53f5e58b39b44e661d/element - {"using":"css selector","value":"#j_username"}
RESULT: {"url":"https://qa-testing-00-live-etm-ui.cfapps.eu10-004.hana.ondemand.com/"}
RESULT: undefined
COMMAND: GET /session/97f842ea50bbcd53f5e58b39b44e661d/screenshot - {}
RESULT: {"using":"css selector","value":"#j_username"}
COMMAND: POST /session/97f842ea50bbcd53f5e58b39b44e661d/element - {"using":"css selector","value":"#shell-header-logo"}
RESULT: {}
RESULT: {"using":"css selector","value":"#shell-header-logo"}
COMMAND: POST /session/97f842ea50bbcd53f5e58b39b44e661d/execute/sync - {"script":"<script> [8489 bytes]","args":[{"element-6066-11e4-a52e-4f735466cecf":"f.4C3BA0BF09B228EDDC79F91E8A810388.d.E856B79696660C4F04F6975B3B7058BE.e.13239","ELEMENT":"f.4C3BA0BF09B228EDDC79F91E8A810388.d.E856B79696660C4F04F6975B3B7058BE.e.13239"}]}
RESULT: {"script":"<script> [8489 bytes]","args":[{"element-6066-11e4-a52e-4f735466cecf":"f.4C3BA0BF09B228EDDC79F91E8A810388.d.E856B79696660C4F04F6975B3B7058BE.e.13239","ELEMENT":"f.4C3BA0BF09B228EDDC79F91E8A810388.d.E856B79696660C4F04F6975B3B7058BE.e.13239"}]}
COMMAND: POST /session/97f842ea50bbcd53f5e58b39b44e661d/element - {"using":"css selector","value":"#shell-header-logo"}
COMMAND: GET /session/97f842ea50bbcd53f5e58b39b44e661d/screenshot - {}
RESULT: {"using":"css selector","value":"#shell-header-logo"}
COMMAND: POST /session/97f842ea50bbcd53f5e58b39b44e661d/execute/sync - {"script":"<script> [8489 bytes]","args":[{"element-6066-11e4-a52e-4f735466cecf":"f.4C3BA0BF09B228EDDC79F91E8A810388.d.E856B79696660C4F04F6975B3B7058BE.e.13239","ELEMENT":"f.4C3BA0BF09B228EDDC79F91E8A810388.d.E856B79696660C4F04F6975B3B7058BE.e.13239"}]}
RESULT: {}
RESULT: {"script":"<script> [8489 bytes]","args":[{"element-6066-11e4-a52e-4f735466cecf":"f.4C3BA0BF09B228EDDC79F91E8A810388.d.E856B79696660C4F04F6975B3B7058BE.e.13239","ELEMENT":"f.4C3BA0BF09B228EDDC79F91E8A810388.d.E856B79696660C4F04F6975B3B7058BE.e.13239"}]}
COMMAND: POST /session/97f842ea50bbcd53f5e58b39b44e661d/execute/sync - {"script":"<script> [5351 bytes]","args":[{"element-6066-11e4-a52e-4f735466cecf":"f.4C3BA0BF09B228EDDC79F91E8A810388.d.E856B79696660C4F04F6975B3B7058BE.e.13239","ELEMENT":"f.4C3BA0BF09B228EDDC79F91E8A810388.d.E856B79696660C4F04F6975B3B7058BE.e.13239"}]}
COMMAND: GET /session/97f842ea50bbcd53f5e58b39b44e661d/screenshot - {}
RESULT: {"script":"<script> [5351 bytes]","args":[{"element-6066-11e4-a52e-4f735466cecf":"f.4C3BA0BF09B228EDDC79F91E8A810388.d.E856B79696660C4F04F6975B3B7058BE.e.13239","ELEMENT":"f.4C3BA0BF09B228EDDC79F91E8A810388.d.E856B79696660C4F04F6975B3B7058BE.e.13239"}]}
COMMAND: POST /session/97f842ea50bbcd53f5e58b39b44e661d/element - {"using":"css selector","value":"#shell-header-logo"}
COMMAND: GET /session/97f842ea50bbcd53f5e58b39b44e661d/screenshot - {}
RESULT: {}
RESULT: {"using":"css selector","value":"#shell-header-logo"}
COMMAND: POST /session/97f842ea50bbcd53f5e58b39b44e661d/element/f.4C3BA0BF09B228EDDC79F91E8A810388.d.E856B79696660C4F04F6975B3B7058BE.e.13239/click - {}
RESULT: {}
RESULT: {}
COMMAND: GET /session/97f842ea50bbcd53f5e58b39b44e661d/screenshot - {}
RESULT: {}
COMMAND: POST /session/97f842ea50bbcd53f5e58b39b44e661d/execute/async - {"script":"<script> [189 bytes]","args":[]}
RESULT: {"script":"<script> [189 bytes]","args":[]}
COMMAND: POST /session/97f842ea50bbcd53f5e58b39b44e661d/execute/async - {"script":"<script> [123 bytes]","args":[]}
RESULT: {"script":"<script> [123 bytes]","args":[]}
COMMAND: POST /session/97f842ea50bbcd53f5e58b39b44e661d/timeouts - {"script":"<number>"}
RESULT: {"script":"<number>"}
COMMAND: GET /session/97f842ea50bbcd53f5e58b39b44e661d/timeouts - {}
RESULT: {}
RESULT: undefined
COMMAND: POST /session/97f842ea50bbcd53f5e58b39b44e661d/execute/async - {"script":"<script> [2676 bytes]","args":[]}
RESULT: {"script":"<script> [2676 bytes]","args":[]}
COMMAND: POST /session/97f842ea50bbcd53f5e58b39b44e661d/execute/async - {"script":"<script> [2342 bytes]","args":[{"protocol":"http","hostname":"0.0.0.0","path":"/","capabilities":{"browserName":"chrome","goog:chromeOptions":{"binary":"C:\\Program Files\\Google\\Chrome\\Application\\chrome.exe","args":["--start-maximized"]}},"logLevel":"warn","connectionRetryTimeout":120000,"connectionRetryCount":3,"logLevels":{},"enableDirectConnect":true,"strictSSL":true,"_":"65 more keys: [\"cacheDir\",\"port\",\"requestedCapabilities\",\"automationProtocol\",\"baseUrl\",\"waitforInterval\",\"waitforTimeout\",\"onReload\",\"beforeCommand\",\"afterCommand\",\"rootDir\",\"specs\",\"suites\",\"exclude\",\"groupLogsByTestSpec\",\"excludeDriverLogs\",\"bail\",\"framework\",\"reporters\",\"services\",\"maxInstances\",\"maxInstancesPerCapability\",\"injectGlobals\",\"filesToWatch\",\"execArgv\",\"runnerEnv\",\"runner\",\"shard\",\"specFileRetries\",\"specFileRetriesDelay\",\"specFileRetriesDeferred\",\"reporterSyncInterval\",\"reporterSyncTimeout\",\"cucumberFeaturesWithLineNumbers\",\"autoCompileOpts\",\"mochaOpts\",\"jasmineOpts\",\"cucumberOpts\",\"onPrepare\",\"onWorkerStart\",\"onWorkerEnd\",\"before\",\"beforeSession\",\"beforeSuite\",\"beforeHook\",\"beforeTest\",\"afterTest\",\"afterHook\",\"afterSuite\",\"afterSession\",\"after\",\"onComplete\",\"beforeAssertion\",\"afterAssertion\",\"beforeFeature\",\"beforeScenario\",\"beforeStep\",\"afterStep\",\"afterScenario\",\"afterFeature\",\"_\",\"suite\",\"$0\",\"ignoredWorkerServices\",\"wdi5\"]"}]}
RESULT: {"script":"<script> [2342 bytes]","args":[{"protocol":"http","hostname":"0.0.0.0","path":"/","capabilities":{"browserName":"chrome","goog:chromeOptions":{"binary":"C:\\Program Files\\Google\\Chrome\\Application\\chrome.exe","args":["--start-maximized"]}},"logLevel":"warn","connectionRetryTimeout":120000,"connectionRetryCount":3,"logLevels":{},"enableDirectConnect":true,"strictSSL":true,"_":"65 more keys: [\"cacheDir\",\"port\",\"requestedCapabilities\",\"automationProtocol\",\"baseUrl\",\"waitforInterval\",\"waitforTimeout\",\"onReload\",\"beforeCommand\",\"afterCommand\",\"rootDir\",\"specs\",\"suites\",\"exclude\",\"groupLogsByTestSpec\",\"excludeDriverLogs\",\"bail\",\"framework\",\"reporters\",\"services\",\"maxInstances\",\"maxInstancesPerCapability\",\"injectGlobals\",\"filesToWatch\",\"execArgv\",\"runnerEnv\",\"runner\",\"shard\",\"specFileRetries\",\"specFileRetriesDelay\",\"specFileRetriesDeferred\",\"reporterSyncInterval\",\"reporterSyncTimeout\",\"cucumberFeaturesWithLineNumbers\",\"autoCompileOpts\",\"mochaOpts\",\"jasmineOpts\",\"cucumberOpts\",\"onPrepare\",\"onWorkerStart\",\"onWorkerEnd\",\"before\",\"beforeSession\",\"beforeSuite\",\"beforeHook\",\"beforeTest\",\"afterTest\",\"afterHook\",\"afterSuite\",\"afterSession\",\"after\",\"onComplete\",\"beforeAssertion\",\"afterAssertion\",\"beforeFeature\",\"beforeScenario\",\"beforeStep\",\"afterStep\",\"afterScenario\",\"afterFeature\",\"_\",\"suite\",\"$0\",\"ignoredWorkerServices\",\"wdi5\"]"}]}
COMMAND: POST /session/97f842ea50bbcd53f5e58b39b44e661d/execute/async - {"script":"<script> [21126 bytes]","args":[35000]}
RESULT: {"script":"<script> [21126 bytes]","args":[35000]}
COMMAND: POST /session/97f842ea50bbcd53f5e58b39b44e661d/window/maximize - {}
RESULT: {}
COMMAND: POST /session/97f842ea50bbcd53f5e58b39b44e661d/execute/async - {"script":"<script> [1562 bytes]","args":[{"selector":{"id":"shell-header","interaction":{"idSuffix":"icon"}},"wdio_ui5_key":"shellheader"}]}
COMMAND: GET /session/97f842ea50bbcd53f5e58b39b44e661d/screenshot - {}
RESULT: {"script":"<script> [1562 bytes]","args":[{"selector":{"id":"shell-header","interaction":{"idSuffix":"icon"}},"wdio_ui5_key":"shellheader"}]}
RESULT: undefined
RESULT: {}
]]></system-out>
    </testcase>
  </testsuite>
  <testsuite timestamp="2025-04-16T16:00:33" time="739.956" tests="5" failures="0" errors="0" skipped="0">
    <properties>
      <property name="specId" value="0"/>
      <property name="suiteName" value="Create masterdata for Yard Overview - trigger provide US130988"/>
      <property name="capabilities" value="chrome.135_0_7049_42.windows"/>
      <property name="file" value="file:///D:/a/1/s/test/specs/R2C/yard-overview-trigger.spec.js"/>
    </properties>
    <testcase classname="chrome.135_0_7049_42.windows.Create_masterdata_for_Yard_Overview_-_trigger_provide_US130988" name="Should create prerequisites yard partner site material" time="432.751">
      <system-out><![CDATA[
COMMAND: POST /session/97f842ea50bbcd53f5e58b39b44e661d/execute/async - {"script":"<script> [1562 bytes]","args":[{"selector":{"controlType":"sap.m.GenericTile","properties":{"header":"Manage Yards"}},"wdio_ui5_key":"sapm.GenericTile{\"header\":\"Manage Yards\"}"}]}
RESULT: {"script":"<script> [1562 bytes]","args":[{"selector":{"controlType":"sap.m.GenericTile","properties":{"header":"Manage Yards"}},"wdio_ui5_key":"sapm.GenericTile{\"header\":\"Manage Yards\"}"}]}
RESULT: undefined
COMMAND: POST /session/97f842ea50bbcd53f5e58b39b44e661d/element - {"using":"xpath","value":"//*[@id=\"__tile41\"]"}
RESULT: {"using":"xpath","value":"//*[@id=\"__tile41\"]"}
COMMAND: POST /session/97f842ea50bbcd53f5e58b39b44e661d/element/f.4C3BA0BF09B228EDDC79F91E8A810388.d.E856B79696660C4F04F6975B3B7058BE.e.13249/click - {}
RESULT: {}
COMMAND: GET /session/97f842ea50bbcd53f5e58b39b44e661d/screenshot - {}
RESULT: {}
COMMAND: POST /session/97f842ea50bbcd53f5e58b39b44e661d/execute/async - {"script":"<script> [1562 bytes]","args":[{"selector":{"controlType":"sap.ui.core.Icon","viewName":"etm.portal.ui.manageyards.view.Master","viewId":"application-manageyards-display-component---masterYard","properties":{"src":{"regex":{"source":"add"}}}},"wdio_ui5_key":"etmportal.ui.manageyards.view.Mastersap.ui.core.Icon{\"src\":{\"regex\":{\"source\":\"add\"}}}"}]}
RESULT: {"script":"<script> [1562 bytes]","args":[{"selector":{"controlType":"sap.ui.core.Icon","viewName":"etm.portal.ui.manageyards.view.Master","viewId":"application-manageyards-display-component---masterYard","properties":{"src":{"regex":{"source":"add"}}}},"wdio_ui5_key":"etmportal.ui.manageyards.view.Mastersap.ui.core.Icon{\"src\":{\"regex\":{\"source\":\"add\"}}}"}]}
RESULT: undefined
COMMAND: POST /session/97f842ea50bbcd53f5e58b39b44e661d/element - {"using":"xpath","value":"//*[@id=\"__button4-img\"]"}
RESULT: {"using":"xpath","value":"//*[@id=\"__button4-img\"]"}
COMMAND: POST /session/97f842ea50bbcd53f5e58b39b44e661d/element/f.4C3BA0BF09B228EDDC79F91E8A810388.d.E856B79696660C4F04F6975B3B7058BE.e.13293/click - {}
RESULT: {}
COMMAND: GET /session/97f842ea50bbcd53f5e58b39b44e661d/screenshot - {}
RESULT: {}
COMMAND: POST /session/97f842ea50bbcd53f5e58b39b44e661d/execute/async - {"script":"<script> [1562 bytes]","args":[{"selector":{"id":"application-manageyards-display-component---NewYard--yardId","interaction":{"idSuffix":"inner"}},"wdio_ui5_key":"applicationmanageyards-display-component---NewYard--yardId"}]}
RESULT: {"script":"<script> [1562 bytes]","args":[{"selector":{"id":"application-manageyards-display-component---NewYard--yardId","interaction":{"idSuffix":"inner"}},"wdio_ui5_key":"applicationmanageyards-display-component---NewYard--yardId"}]}
RESULT: undefined
COMMAND: POST /session/97f842ea50bbcd53f5e58b39b44e661d/element - {"using":"xpath","value":"//*[@id=\"application-manageyards-display-component---NewYard--addressDetailDetailsName1-inner\"]"}
RESULT: {"using":"xpath","value":"//*[@id=\"application-manageyards-display-component---NewYard--addressDetailDetailsName1-inner\"]"}
COMMAND: POST /session/97f842ea50bbcd53f5e58b39b44e661d/element/f.4C3BA0BF09B228EDDC79F91E8A810388.d.E856B79696660C4F04F6975B3B7058BE.e.13508/clear - {}
RESULT: {}
COMMAND: POST /session/97f842ea50bbcd53f5e58b39b44e661d/element/f.4C3BA0BF09B228EDDC79F91E8A810388.d.E856B79696660C4F04F6975B3B7058BE.e.13508/value - {"text":"WebdriverYard9rtaf"}
COMMAND: GET /session/97f842ea50bbcd53f5e58b39b44e661d/screenshot - {}
RESULT: {"text":"WebdriverYard9rtaf"}
COMMAND: POST /session/97f842ea50bbcd53f5e58b39b44e661d/element - {"using":"xpath","value":"//*[@id=\"application-manageyards-display-component---NewYard--addressDetailDetailsLanguage-inner\"]"}
COMMAND: GET /session/97f842ea50bbcd53f5e58b39b44e661d/screenshot - {}
RESULT: {}
RESULT: {"using":"xpath","value":"//*[@id=\"application-manageyards-display-component---NewYard--addressDetailDetailsLanguage-inner\"]"}
COMMAND: POST /session/97f842ea50bbcd53f5e58b39b44e661d/element/f.4C3BA0BF09B228EDDC79F91E8A810388.d.E856B79696660C4F04F6975B3B7058BE.e.13509/clear - {}
RESULT: {}
RESULT: {}
COMMAND: POST /session/97f842ea50bbcd53f5e58b39b44e661d/element/f.4C3BA0BF09B228EDDC79F91E8A810388.d.E856B79696660C4F04F6975B3B7058BE.e.13509/value - {"text":"Romanian"}
COMMAND: GET /session/97f842ea50bbcd53f5e58b39b44e661d/screenshot - {}
RESULT: {"text":"Romanian"}
COMMAND: POST /session/97f842ea50bbcd53f5e58b39b44e661d/element - {"using":"xpath","value":"//input[contains(@id ,\"application-manageyards-display-component---NewYard--addressDetailDetailsName1-inner\")]"}
COMMAND: GET /session/97f842ea50bbcd53f5e58b39b44e661d/screenshot - {}
RESULT: {}
RESULT: {"using":"xpath","value":"//input[contains(@id ,\"application-manageyards-display-component---NewYard--addressDetailDetailsName1-inner\")]"}
COMMAND: GET /session/97f842ea50bbcd53f5e58b39b44e661d/element/f.4C3BA0BF09B228EDDC79F91E8A810388.d.E856B79696660C4F04F6975B3B7058BE.e.13508/property/value - {}
RESULT: {}
RESULT: {}
COMMAND: GET /session/97f842ea50bbcd53f5e58b39b44e661d/screenshot - {}
RESULT: {}
COMMAND: POST /session/97f842ea50bbcd53f5e58b39b44e661d/element - {"using":"xpath","value":"//*[@id=\"application-manageyards-display-component---NewYard--addressDetailDetailsCity1-inner\"]"}
RESULT: {"using":"xpath","value":"//*[@id=\"application-manageyards-display-component---NewYard--addressDetailDetailsCity1-inner\"]"}
COMMAND: POST /session/97f842ea50bbcd53f5e58b39b44e661d/element/f.4C3BA0BF09B228EDDC79F91E8A810388.d.E856B79696660C4F04F6975B3B7058BE.e.13511/clear - {}
RESULT: {}
COMMAND: POST /session/97f842ea50bbcd53f5e58b39b44e661d/element/f.4C3BA0BF09B228EDDC79F91E8A810388.d.E856B79696660C4F04F6975B3B7058BE.e.13511/value - {"text":"Bucuresti"}
COMMAND: GET /session/97f842ea50bbcd53f5e58b39b44e661d/screenshot - {}
RESULT: {"text":"Bucuresti"}
COMMAND: GET /session/97f842ea50bbcd53f5e58b39b44e661d/screenshot - {}
RESULT: {}
RESULT: {}
COMMAND: POST /session/97f842ea50bbcd53f5e58b39b44e661d/element - {"using":"xpath","value":"//*[@id=\"application-manageyards-display-component---NewYard--addressDetailDetailsCountry-inner\"]"}
RESULT: {"using":"xpath","value":"//*[@id=\"application-manageyards-display-component---NewYard--addressDetailDetailsCountry-inner\"]"}
COMMAND: POST /session/97f842ea50bbcd53f5e58b39b44e661d/element/f.4C3BA0BF09B228EDDC79F91E8A810388.d.E856B79696660C4F04F6975B3B7058BE.e.13515/clear - {}
RESULT: {}
COMMAND: POST /session/97f842ea50bbcd53f5e58b39b44e661d/element/f.4C3BA0BF09B228EDDC79F91E8A810388.d.E856B79696660C4F04F6975B3B7058BE.e.13515/value - {"text":"Romania"}
COMMAND: GET /session/97f842ea50bbcd53f5e58b39b44e661d/screenshot - {}
RESULT: {"text":"Romania"}
COMMAND: GET /session/97f842ea50bbcd53f5e58b39b44e661d/screenshot - {}
RESULT: {}
RESULT: {}
COMMAND: POST /session/97f842ea50bbcd53f5e58b39b44e661d/element - {"using":"xpath","value":"//div[contains(text(), \"Commercial\")]"}
RESULT: {"using":"xpath","value":"//div[contains(text(), \"Commercial\")]"}
COMMAND: GET /session/97f842ea50bbcd53f5e58b39b44e661d/element/f.4C3BA0BF09B228EDDC79F91E8A810388.d.E856B79696660C4F04F6975B3B7058BE.e.13708/rect - {}
RESULT: {}
COMMAND: GET /session/97f842ea50bbcd53f5e58b39b44e661d/window/rect - {}
RESULT: {}
COMMAND: POST /session/97f842ea50bbcd53f5e58b39b44e661d/execute/sync - {"script":"<script> [92 bytes]","args":[]}
RESULT: {"script":"<script> [92 bytes]","args":[]}
COMMAND: POST /session/97f842ea50bbcd53f5e58b39b44e661d/actions - {"actions":[{"id":"action34","type":"wheel","parameters":{},"actions":[{"type":"scroll","x":-1841,"y":-44,"deltaX":0,"deltaY":0,"duration":0,"origin":{"element-6066-11e4-a52e-4f735466cecf":"f.4C3BA0BF09B228EDDC79F91E8A810388.d.E856B79696660C4F04F6975B3B7058BE.e.13708"}}]}]}
COMMAND: GET /session/97f842ea50bbcd53f5e58b39b44e661d/screenshot - {}
RESULT: {}
COMMAND: POST /session/97f842ea50bbcd53f5e58b39b44e661d/execute/sync - {"script":"<script> [79 bytes]","args":[{"element-6066-11e4-a52e-4f735466cecf":"f.4C3BA0BF09B228EDDC79F91E8A810388.d.E856B79696660C4F04F6975B3B7058BE.e.13708","ELEMENT":"f.4C3BA0BF09B228EDDC79F91E8A810388.d.E856B79696660C4F04F6975B3B7058BE.e.13708"},{"block":"start","inline":"nearest"}]}
RESULT: {"script":"<script> [79 bytes]","args":[{"element-6066-11e4-a52e-4f735466cecf":"f.4C3BA0BF09B228EDDC79F91E8A810388.d.E856B79696660C4F04F6975B3B7058BE.e.13708","ELEMENT":"f.4C3BA0BF09B228EDDC79F91E8A810388.d.E856B79696660C4F04F6975B3B7058BE.e.13708"},{"block":"start","inline":"nearest"}]}
COMMAND: GET /session/97f842ea50bbcd53f5e58b39b44e661d/screenshot - {}
RESULT: {}
COMMAND: POST /session/97f842ea50bbcd53f5e58b39b44e661d/execute/async - {"script":"<script> [1562 bytes]","args":[{"selector":{"id":"application-manageyards-display-component---NewYard--addressEditDetailsCostObjectCstType-arrow"},"wdio_ui5_key":"applicationmanageyards-display-component---NewYard--addressEditDetailsCostObjectCstType-arrow"}]}
RESULT: {"script":"<script> [1562 bytes]","args":[{"selector":{"id":"application-manageyards-display-component---NewYard--addressEditDetailsCostObjectCstType-arrow"},"wdio_ui5_key":"applicationmanageyards-display-component---NewYard--addressEditDetailsCostObjectCstType-arrow"}]}
RESULT: undefined
COMMAND: POST /session/97f842ea50bbcd53f5e58b39b44e661d/element - {"using":"xpath","value":"//*[@id=\"application-manageyards-display-component---NewYard--addressEditDetailsCostObjectCstType-arrow\"]"}
RESULT: {"using":"xpath","value":"//*[@id=\"application-manageyards-display-component---NewYard--addressEditDetailsCostObjectCstType-arrow\"]"}
COMMAND: POST /session/97f842ea50bbcd53f5e58b39b44e661d/element/f.4C3BA0BF09B228EDDC79F91E8A810388.d.E856B79696660C4F04F6975B3B7058BE.e.13716/click - {}
RESULT: {}
COMMAND: POST /session/97f842ea50bbcd53f5e58b39b44e661d/element - {"using":"xpath","value":"//span[contains(text(), \"Cost Center\")]"}
COMMAND: GET /session/97f842ea50bbcd53f5e58b39b44e661d/screenshot - {}
RESULT: {"using":"xpath","value":"//span[contains(text(), \"Cost Center\")]"}
COMMAND: POST /session/97f842ea50bbcd53f5e58b39b44e661d/element/f.4C3BA0BF09B228EDDC79F91E8A810388.d.E856B79696660C4F04F6975B3B7058BE.e.13717/click - {}
RESULT: {}
RESULT: {}
COMMAND: GET /session/97f842ea50bbcd53f5e58b39b44e661d/screenshot - {}
RESULT: {}
COMMAND: POST /session/97f842ea50bbcd53f5e58b39b44e661d/execute/async - {"script":"<script> [1562 bytes]","args":[{"selector":{"id":"application-manageyards-display-component---NewYard--addressNewCostObjectCstID-vhi"},"wdio_ui5_key":"applicationmanageyards-display-component---NewYard--addressNewCostObjectCstID-vhi"}]}
RESULT: {"script":"<script> [1562 bytes]","args":[{"selector":{"id":"application-manageyards-display-component---NewYard--addressNewCostObjectCstID-vhi"},"wdio_ui5_key":"applicationmanageyards-display-component---NewYard--addressNewCostObjectCstID-vhi"}]}
RESULT: undefined
COMMAND: POST /session/97f842ea50bbcd53f5e58b39b44e661d/element - {"using":"xpath","value":"//*[@id=\"application-manageyards-display-component---NewYard--addressNewCostObjectCstID-vhi\"]"}
RESULT: {"using":"xpath","value":"//*[@id=\"application-manageyards-display-component---NewYard--addressNewCostObjectCstID-vhi\"]"}
COMMAND: POST /session/97f842ea50bbcd53f5e58b39b44e661d/element/f.4C3BA0BF09B228EDDC79F91E8A810388.d.E856B79696660C4F04F6975B3B7058BE.e.13720/click - {}
RESULT: {}
COMMAND: GET /session/97f842ea50bbcd53f5e58b39b44e661d/screenshot - {}
RESULT: {}
COMMAND: POST /session/97f842ea50bbcd53f5e58b39b44e661d/execute/async - {"script":"<script> [1562 bytes]","args":[{"selector":{"controlType":"sap.m.SearchField","properties":{"placeholder":"Search"},"searchOpenDialogs":true,"interaction":{"idSuffix":"I"}},"wdio_ui5_key":"sapm.SearchField{\"placeholder\":\"Search\"}"}]}
RESULT: {"script":"<script> [1562 bytes]","args":[{"selector":{"controlType":"sap.m.SearchField","properties":{"placeholder":"Search"},"searchOpenDialogs":true,"interaction":{"idSuffix":"I"}},"wdio_ui5_key":"sapm.SearchField{\"placeholder\":\"Search\"}"}]}
RESULT: undefined
COMMAND: POST /session/97f842ea50bbcd53f5e58b39b44e661d/execute/async - {"script":"<script> [776 bytes]","args":[{"enterText":"10001013","selector":{"controlType":"sap.m.SearchField","properties":{"placeholder":"Search"},"searchOpenDialogs":true,"interaction":{"idSuffix":"I"}},"clearTextFirst":true,"interactionType":"ENTER_TEXT"}]}
RESULT: {"script":"<script> [776 bytes]","args":[{"enterText":"10001013","selector":{"controlType":"sap.m.SearchField","properties":{"placeholder":"Search"},"searchOpenDialogs":true,"interaction":{"idSuffix":"I"}},"clearTextFirst":true,"interactionType":"ENTER_TEXT"}]}
COMMAND: POST /session/97f842ea50bbcd53f5e58b39b44e661d/actions - {"actions":[{"id":"action35","type":"key","parameters":{},"actions":[{"type":"keyDown","value":""},{"type":"pause","duration":10},{"type":"keyUp","value":""}]}]}
RESULT: {"actions":[{"id":"action35","type":"key","parameters":{},"actions":[{"type":"keyDown","value":""},{"type":"pause","duration":10},{"type":"keyUp","value":""}]}]}
COMMAND: GET /session/97f842ea50bbcd53f5e58b39b44e661d/screenshot - {}
RESULT: {}
COMMAND: POST /session/97f842ea50bbcd53f5e58b39b44e661d/element - {"using":"xpath","value":"//span[contains(text(), \"General Management\")]"}
RESULT: {"using":"xpath","value":"//span[contains(text(), \"General Management\")]"}
COMMAND: POST /session/97f842ea50bbcd53f5e58b39b44e661d/element/f.4C3BA0BF09B228EDDC79F91E8A810388.d.E856B79696660C4F04F6975B3B7058BE.e.13760/click - {}
RESULT: {}
COMMAND: GET /session/97f842ea50bbcd53f5e58b39b44e661d/screenshot - {}
RESULT: {}
COMMAND: POST /session/97f842ea50bbcd53f5e58b39b44e661d/element - {"using":"xpath","value":"//bdi[contains(text(), \"OK\")]"}
RESULT: {"using":"xpath","value":"//bdi[contains(text(), \"OK\")]"}
COMMAND: POST /session/97f842ea50bbcd53f5e58b39b44e661d/element/f.4C3BA0BF09B228EDDC79F91E8A810388.d.E856B79696660C4F04F6975B3B7058BE.e.13761/click - {}
RESULT: {}
COMMAND: GET /session/97f842ea50bbcd53f5e58b39b44e661d/screenshot - {}
RESULT: {}
COMMAND: POST /session/97f842ea50bbcd53f5e58b39b44e661d/execute/async - {"script":"<script> [1562 bytes]","args":[{"selector":{"controlType":"sap.m.Button","viewName":"etm.portal.ui.manageyards.view.New","viewId":"application-manageyards-display-component---NewYard","i18NText":{"propertyName":"text","key":"save"},"interaction":{"idSuffix":"inner"}},"wdio_ui5_key":"etmportal.ui.manageyards.view.Newsap.m.Button{\"propertyName\":\"text\",\"key\":\"save\"}"}]}
RESULT: {"script":"<script> [1562 bytes]","args":[{"selector":{"controlType":"sap.m.Button","viewName":"etm.portal.ui.manageyards.view.New","viewId":"application-manageyards-display-component---NewYard","i18NText":{"propertyName":"text","key":"save"},"interaction":{"idSuffix":"inner"}},"wdio_ui5_key":"etmportal.ui.manageyards.view.Newsap.m.Button{\"propertyName\":\"text\",\"key\":\"save\"}"}]}
RESULT: undefined
COMMAND: POST /session/97f842ea50bbcd53f5e58b39b44e661d/element - {"using":"xpath","value":"//*[@id=\"__button18\"]"}
RESULT: {"using":"xpath","value":"//*[@id=\"__button18\"]"}
COMMAND: POST /session/97f842ea50bbcd53f5e58b39b44e661d/element/f.4C3BA0BF09B228EDDC79F91E8A810388.d.E856B79696660C4F04F6975B3B7058BE.e.13682/click - {}
RESULT: {}
COMMAND: GET /session/97f842ea50bbcd53f5e58b39b44e661d/screenshot - {}
RESULT: {}
COMMAND: POST /session/97f842ea50bbcd53f5e58b39b44e661d/element - {"using":"xpath","value":"//header/div/div[2]/div[2]/span"}
RESULT: {"using":"xpath","value":"//header/div/div[2]/div[2]/span"}
COMMAND: GET /session/97f842ea50bbcd53f5e58b39b44e661d/element/f.4C3BA0BF09B228EDDC79F91E8A810388.d.E856B79696660C4F04F6975B3B7058BE.e.13957/text - {}
RESULT: {}
COMMAND: POST /session/97f842ea50bbcd53f5e58b39b44e661d/execute/async - {"script":"<script> [1562 bytes]","args":[{"selector":{"controlType":"sap.m.OverflowToolbarButton","viewName":"etm.portal.ui.manageyards.view.Detail","viewId":"application-manageyards-display-component---detailYard","i18NText":{"propertyName":"tooltip","key":"closeColumn"},"interaction":{"idSuffix":"inner"}},"wdio_ui5_key":"etmportal.ui.manageyards.view.Detailsap.m.OverflowToolbarButton{\"propertyName\":\"tooltip\",\"key\":\"closeColumn\"}"}]}
RESULT: {"script":"<script> [1562 bytes]","args":[{"selector":{"controlType":"sap.m.OverflowToolbarButton","viewName":"etm.portal.ui.manageyards.view.Detail","viewId":"application-manageyards-display-component---detailYard","i18NText":{"propertyName":"tooltip","key":"closeColumn"},"interaction":{"idSuffix":"inner"}},"wdio_ui5_key":"etmportal.ui.manageyards.view.Detailsap.m.OverflowToolbarButton{\"propertyName\":\"tooltip\",\"key\":\"closeColumn\"}"}]}
RESULT: undefined
COMMAND: POST /session/97f842ea50bbcd53f5e58b39b44e661d/element - {"using":"xpath","value":"//*[@id=\"__button42\"]"}
RESULT: {"using":"xpath","value":"//*[@id=\"__button42\"]"}
COMMAND: POST /session/97f842ea50bbcd53f5e58b39b44e661d/element/f.4C3BA0BF09B228EDDC79F91E8A810388.d.E856B79696660C4F04F6975B3B7058BE.e.13959/click - {}
RESULT: {}
COMMAND: GET /session/97f842ea50bbcd53f5e58b39b44e661d/screenshot - {}
RESULT: {}
COMMAND: POST /session/97f842ea50bbcd53f5e58b39b44e661d/element - {"using":"css selector","value":"#shell-header-logo"}
RESULT: {"using":"css selector","value":"#shell-header-logo"}
COMMAND: POST /session/97f842ea50bbcd53f5e58b39b44e661d/element/f.4C3BA0BF09B228EDDC79F91E8A810388.d.E856B79696660C4F04F6975B3B7058BE.e.13239/click - {}
RESULT: {}
COMMAND: GET /session/97f842ea50bbcd53f5e58b39b44e661d/screenshot - {}
RESULT: {}
COMMAND: POST /session/97f842ea50bbcd53f5e58b39b44e661d/refresh - {}
RESULT: {}
COMMAND: GET /session/97f842ea50bbcd53f5e58b39b44e661d/screenshot - {}
RESULT: {}
COMMAND: POST /session/97f842ea50bbcd53f5e58b39b44e661d/refresh - {}
RESULT: {}
COMMAND: GET /session/97f842ea50bbcd53f5e58b39b44e661d/screenshot - {}
RESULT: {}
COMMAND: POST /session/97f842ea50bbcd53f5e58b39b44e661d/execute/async - {"script":"<script> [189 bytes]","args":[]}
RESULT: {"script":"<script> [189 bytes]","args":[]}
COMMAND: POST /session/97f842ea50bbcd53f5e58b39b44e661d/execute/async - {"script":"<script> [123 bytes]","args":[]}
RESULT: {"script":"<script> [123 bytes]","args":[]}
COMMAND: POST /session/97f842ea50bbcd53f5e58b39b44e661d/timeouts - {"script":"<number>"}
RESULT: {"script":"<number>"}
COMMAND: GET /session/97f842ea50bbcd53f5e58b39b44e661d/timeouts - {}
RESULT: {}
RESULT: undefined
COMMAND: POST /session/97f842ea50bbcd53f5e58b39b44e661d/execute/async - {"script":"<script> [2676 bytes]","args":[]}
RESULT: {"script":"<script> [2676 bytes]","args":[]}
COMMAND: POST /session/97f842ea50bbcd53f5e58b39b44e661d/execute/async - {"script":"<script> [2342 bytes]","args":[{"protocol":"http","hostname":"0.0.0.0","path":"/","capabilities":{"browserName":"chrome","goog:chromeOptions":{"binary":"C:\\Program Files\\Google\\Chrome\\Application\\chrome.exe","args":["--start-maximized"]}},"logLevel":"warn","connectionRetryTimeout":120000,"connectionRetryCount":3,"logLevels":{},"enableDirectConnect":true,"strictSSL":true,"_":"65 more keys: [\"cacheDir\",\"port\",\"requestedCapabilities\",\"automationProtocol\",\"baseUrl\",\"waitforInterval\",\"waitforTimeout\",\"onReload\",\"beforeCommand\",\"afterCommand\",\"rootDir\",\"specs\",\"suites\",\"exclude\",\"groupLogsByTestSpec\",\"excludeDriverLogs\",\"bail\",\"framework\",\"reporters\",\"services\",\"maxInstances\",\"maxInstancesPerCapability\",\"injectGlobals\",\"filesToWatch\",\"execArgv\",\"runnerEnv\",\"runner\",\"shard\",\"specFileRetries\",\"specFileRetriesDelay\",\"specFileRetriesDeferred\",\"reporterSyncInterval\",\"reporterSyncTimeout\",\"cucumberFeaturesWithLineNumbers\",\"autoCompileOpts\",\"mochaOpts\",\"jasmineOpts\",\"cucumberOpts\",\"onPrepare\",\"onWorkerStart\",\"onWorkerEnd\",\"before\",\"beforeSession\",\"beforeSuite\",\"beforeHook\",\"beforeTest\",\"afterTest\",\"afterHook\",\"afterSuite\",\"afterSession\",\"after\",\"onComplete\",\"beforeAssertion\",\"afterAssertion\",\"beforeFeature\",\"beforeScenario\",\"beforeStep\",\"afterStep\",\"afterScenario\",\"afterFeature\",\"_\",\"suite\",\"$0\",\"ignoredWorkerServices\",\"wdi5\"]"}]}
RESULT: {"script":"<script> [2342 bytes]","args":[{"protocol":"http","hostname":"0.0.0.0","path":"/","capabilities":{"browserName":"chrome","goog:chromeOptions":{"binary":"C:\\Program Files\\Google\\Chrome\\Application\\chrome.exe","args":["--start-maximized"]}},"logLevel":"warn","connectionRetryTimeout":120000,"connectionRetryCount":3,"logLevels":{},"enableDirectConnect":true,"strictSSL":true,"_":"65 more keys: [\"cacheDir\",\"port\",\"requestedCapabilities\",\"automationProtocol\",\"baseUrl\",\"waitforInterval\",\"waitforTimeout\",\"onReload\",\"beforeCommand\",\"afterCommand\",\"rootDir\",\"specs\",\"suites\",\"exclude\",\"groupLogsByTestSpec\",\"excludeDriverLogs\",\"bail\",\"framework\",\"reporters\",\"services\",\"maxInstances\",\"maxInstancesPerCapability\",\"injectGlobals\",\"filesToWatch\",\"execArgv\",\"runnerEnv\",\"runner\",\"shard\",\"specFileRetries\",\"specFileRetriesDelay\",\"specFileRetriesDeferred\",\"reporterSyncInterval\",\"reporterSyncTimeout\",\"cucumberFeaturesWithLineNumbers\",\"autoCompileOpts\",\"mochaOpts\",\"jasmineOpts\",\"cucumberOpts\",\"onPrepare\",\"onWorkerStart\",\"onWorkerEnd\",\"before\",\"beforeSession\",\"beforeSuite\",\"beforeHook\",\"beforeTest\",\"afterTest\",\"afterHook\",\"afterSuite\",\"afterSession\",\"after\",\"onComplete\",\"beforeAssertion\",\"afterAssertion\",\"beforeFeature\",\"beforeScenario\",\"beforeStep\",\"afterStep\",\"afterScenario\",\"afterFeature\",\"_\",\"suite\",\"$0\",\"ignoredWorkerServices\",\"wdi5\"]"}]}
COMMAND: POST /session/97f842ea50bbcd53f5e58b39b44e661d/execute/async - {"script":"<script> [21126 bytes]","args":[35000]}
RESULT: {"script":"<script> [21126 bytes]","args":[35000]}
COMMAND: POST /session/97f842ea50bbcd53f5e58b39b44e661d/execute/async - {"script":"<script> [1562 bytes]","args":[{"selector":{"controlType":"sap.m.GenericTile","properties":{"header":"Manage Partners"}},"wdio_ui5_key":"sapm.GenericTile{\"header\":\"Manage Partners\"}"}]}
RESULT: {"script":"<script> [1562 bytes]","args":[{"selector":{"controlType":"sap.m.GenericTile","properties":{"header":"Manage Partners"}},"wdio_ui5_key":"sapm.GenericTile{\"header\":\"Manage Partners\"}"}]}
RESULT: undefined
COMMAND: POST /session/97f842ea50bbcd53f5e58b39b44e661d/element - {"using":"xpath","value":"//*[@id=\"__tile38\"]"}
RESULT: {"using":"xpath","value":"//*[@id=\"__tile38\"]"}
COMMAND: POST /session/97f842ea50bbcd53f5e58b39b44e661d/element/f.4C3BA0BF09B228EDDC79F91E8A810388.d.8847E41C19F63F28779FED21D5035F26.e.14335/click - {}
RESULT: {}
COMMAND: GET /session/97f842ea50bbcd53f5e58b39b44e661d/screenshot - {}
RESULT: {}
COMMAND: POST /session/97f842ea50bbcd53f5e58b39b44e661d/execute/async - {"script":"<script> [1562 bytes]","args":[{"selector":{"controlType":"sap.ui.core.Icon","viewName":"etm.portal.ui.managepartners.view.Master","viewId":"application-managepartners-display-component---masterPtm","properties":{"src":{"regex":{"source":"add"}}}},"wdio_ui5_key":"etmportal.ui.managepartners.view.Mastersap.ui.core.Icon{\"src\":{\"regex\":{\"source\":\"add\"}}}"}]}
RESULT: {"script":"<script> [1562 bytes]","args":[{"selector":{"controlType":"sap.ui.core.Icon","viewName":"etm.portal.ui.managepartners.view.Master","viewId":"application-managepartners-display-component---masterPtm","properties":{"src":{"regex":{"source":"add"}}}},"wdio_ui5_key":"etmportal.ui.managepartners.view.Mastersap.ui.core.Icon{\"src\":{\"regex\":{\"source\":\"add\"}}}"}]}
RESULT: undefined
COMMAND: POST /session/97f842ea50bbcd53f5e58b39b44e661d/element - {"using":"xpath","value":"//*[@id=\"__button4-img\"]"}
RESULT: {"using":"xpath","value":"//*[@id=\"__button4-img\"]"}
COMMAND: POST /session/97f842ea50bbcd53f5e58b39b44e661d/element/f.4C3BA0BF09B228EDDC79F91E8A810388.d.8847E41C19F63F28779FED21D5035F26.e.14386/click - {}
RESULT: {}
COMMAND: GET /session/97f842ea50bbcd53f5e58b39b44e661d/screenshot - {}
RESULT: {}
COMMAND: POST /session/97f842ea50bbcd53f5e58b39b44e661d/execute/async - {"script":"<script> [1562 bytes]","args":[{"selector":{"id":"application-managepartners-display-component---NewPartner--partnerId","interaction":{"idSuffix":"inner"}},"wdio_ui5_key":"applicationmanagepartners-display-component---NewPartner--partnerId"}]}
RESULT: {"script":"<script> [1562 bytes]","args":[{"selector":{"id":"application-managepartners-display-component---NewPartner--partnerId","interaction":{"idSuffix":"inner"}},"wdio_ui5_key":"applicationmanagepartners-display-component---NewPartner--partnerId"}]}
RESULT: undefined
COMMAND: POST /session/97f842ea50bbcd53f5e58b39b44e661d/execute/async - {"script":"<script> [1562 bytes]","args":[{"selector":{"id":"application-managepartners-display-component---NewPartner--addressDetailDetailsName1","interaction":{"idSuffix":"inner"}},"wdio_ui5_key":"applicationmanagepartners-display-component---NewPartner--addressDetailDetailsName1"}]}
RESULT: {"script":"<script> [1562 bytes]","args":[{"selector":{"id":"application-managepartners-display-component---NewPartner--addressDetailDetailsName1","interaction":{"idSuffix":"inner"}},"wdio_ui5_key":"applicationmanagepartners-display-component---NewPartner--addressDetailDetailsName1"}]}
RESULT: undefined
COMMAND: POST /session/97f842ea50bbcd53f5e58b39b44e661d/execute/async - {"script":"<script> [776 bytes]","args":[{"enterText":"WebdriverPartneri12zb","selector":{"id":"application-managepartners-display-component---NewPartner--addressDetailDetailsName1","interaction":{"idSuffix":"inner"}},"clearTextFirst":true,"interactionType":"ENTER_TEXT"}]}
RESULT: {"script":"<script> [776 bytes]","args":[{"enterText":"WebdriverPartneri12zb","selector":{"id":"application-managepartners-display-component---NewPartner--addressDetailDetailsName1","interaction":{"idSuffix":"inner"}},"clearTextFirst":true,"interactionType":"ENTER_TEXT"}]}
COMMAND: POST /session/97f842ea50bbcd53f5e58b39b44e661d/execute/async - {"script":"<script> [1562 bytes]","args":[{"selector":{"id":"application-managepartners-display-component---NewPartner--addressDetailDetailsLanguage","interaction":{"idSuffix":"inner"}},"wdio_ui5_key":"applicationmanagepartners-display-component---NewPartner--addressDetailDetailsLanguage"}]}
RESULT: {"script":"<script> [1562 bytes]","args":[{"selector":{"id":"application-managepartners-display-component---NewPartner--addressDetailDetailsLanguage","interaction":{"idSuffix":"inner"}},"wdio_ui5_key":"applicationmanagepartners-display-component---NewPartner--addressDetailDetailsLanguage"}]}
RESULT: undefined
COMMAND: POST /session/97f842ea50bbcd53f5e58b39b44e661d/execute/async - {"script":"<script> [776 bytes]","args":[{"enterText":"Romanian","selector":{"id":"application-managepartners-display-component---NewPartner--addressDetailDetailsLanguage","interaction":{"idSuffix":"inner"}},"clearTextFirst":true,"interactionType":"ENTER_TEXT"}]}
RESULT: {"script":"<script> [776 bytes]","args":[{"enterText":"Romanian","selector":{"id":"application-managepartners-display-component---NewPartner--addressDetailDetailsLanguage","interaction":{"idSuffix":"inner"}},"clearTextFirst":true,"interactionType":"ENTER_TEXT"}]}
COMMAND: POST /session/97f842ea50bbcd53f5e58b39b44e661d/element - {"using":"xpath","value":"//input[contains(@id ,\"application-managepartners-display-component---NewPartner--addressDetailDetailsName1-inner\")]"}
RESULT: {"using":"xpath","value":"//input[contains(@id ,\"application-managepartners-display-component---NewPartner--addressDetailDetailsName1-inner\")]"}
COMMAND: GET /session/97f842ea50bbcd53f5e58b39b44e661d/element/f.4C3BA0BF09B228EDDC79F91E8A810388.d.8847E41C19F63F28779FED21D5035F26.e.14559/property/value - {}
RESULT: {}
COMMAND: POST /session/97f842ea50bbcd53f5e58b39b44e661d/execute/async - {"script":"<script> [1562 bytes]","args":[{"selector":{"id":"application-managepartners-display-component---NewPartner--addressDetailDetailsCity1","interaction":{"idSuffix":"inner"}},"wdio_ui5_key":"applicationmanagepartners-display-component---NewPartner--addressDetailDetailsCity1"}]}
COMMAND: GET /session/97f842ea50bbcd53f5e58b39b44e661d/screenshot - {}
RESULT: {"script":"<script> [1562 bytes]","args":[{"selector":{"id":"application-managepartners-display-component---NewPartner--addressDetailDetailsCity1","interaction":{"idSuffix":"inner"}},"wdio_ui5_key":"applicationmanagepartners-display-component---NewPartner--addressDetailDetailsCity1"}]}
RESULT: undefined
COMMAND: POST /session/97f842ea50bbcd53f5e58b39b44e661d/execute/async - {"script":"<script> [776 bytes]","args":[{"enterText":"Bucharest","selector":{"id":"application-managepartners-display-component---NewPartner--addressDetailDetailsCity1","interaction":{"idSuffix":"inner"}},"clearTextFirst":true,"interactionType":"ENTER_TEXT"}]}
RESULT: {}
RESULT: {"script":"<script> [776 bytes]","args":[{"enterText":"Bucharest","selector":{"id":"application-managepartners-display-component---NewPartner--addressDetailDetailsCity1","interaction":{"idSuffix":"inner"}},"clearTextFirst":true,"interactionType":"ENTER_TEXT"}]}
COMMAND: POST /session/97f842ea50bbcd53f5e58b39b44e661d/execute/async - {"script":"<script> [1562 bytes]","args":[{"selector":{"id":"application-managepartners-display-component---NewPartner--addressDetailDetailsCountry","interaction":{"idSuffix":"inner"}},"wdio_ui5_key":"applicationmanagepartners-display-component---NewPartner--addressDetailDetailsCountry"}]}
RESULT: {"script":"<script> [1562 bytes]","args":[{"selector":{"id":"application-managepartners-display-component---NewPartner--addressDetailDetailsCountry","interaction":{"idSuffix":"inner"}},"wdio_ui5_key":"applicationmanagepartners-display-component---NewPartner--addressDetailDetailsCountry"}]}
RESULT: undefined
COMMAND: POST /session/97f842ea50bbcd53f5e58b39b44e661d/execute/async - {"script":"<script> [6424 bytes]","args":[{"element-6066-11e4-a52e-4f735466cecf":"f.4C3BA0BF09B228EDDC79F91E8A810388.d.8847E41C19F63F28779FED21D5035F26.e.14566"},"setValue",["Romania"]]}
RESULT: {"script":"<script> [6424 bytes]","args":[{"element-6066-11e4-a52e-4f735466cecf":"f.4C3BA0BF09B228EDDC79F91E8A810388.d.8847E41C19F63F28779FED21D5035F26.e.14566"},"setValue",["Romania"]]}
COMMAND: POST /session/97f842ea50bbcd53f5e58b39b44e661d/execute/async - {"script":"<script> [1562 bytes]","args":[{"selector":{"id":"application-managepartners-display-component---NewPartner--partnerDetailInternal","interaction":{"idSuffix":"inner"}},"wdio_ui5_key":"applicationmanagepartners-display-component---NewPartner--partnerDetailInternal"}]}
RESULT: {"script":"<script> [1562 bytes]","args":[{"selector":{"id":"application-managepartners-display-component---NewPartner--partnerDetailInternal","interaction":{"idSuffix":"inner"}},"wdio_ui5_key":"applicationmanagepartners-display-component---NewPartner--partnerDetailInternal"}]}
RESULT: undefined
COMMAND: POST /session/97f842ea50bbcd53f5e58b39b44e661d/execute/async - {"script":"<script> [776 bytes]","args":[{"enterText":"External partner","selector":{"id":"application-managepartners-display-component---NewPartner--partnerDetailInternal","interaction":{"idSuffix":"inner"}},"clearTextFirst":true,"interactionType":"ENTER_TEXT"}]}
RESULT: {"script":"<script> [776 bytes]","args":[{"enterText":"External partner","selector":{"id":"application-managepartners-display-component---NewPartner--partnerDetailInternal","interaction":{"idSuffix":"inner"}},"clearTextFirst":true,"interactionType":"ENTER_TEXT"}]}
COMMAND: POST /session/97f842ea50bbcd53f5e58b39b44e661d/execute/async - {"script":"<script> [1562 bytes]","args":[{"selector":{"id":"application-managepartners-display-component---NewPartner--partnerDetailsCurrency","interaction":{"idSuffix":"inner"}},"wdio_ui5_key":"applicationmanagepartners-display-component---NewPartner--partnerDetailsCurrency"}]}
RESULT: {"script":"<script> [1562 bytes]","args":[{"selector":{"id":"application-managepartners-display-component---NewPartner--partnerDetailsCurrency","interaction":{"idSuffix":"inner"}},"wdio_ui5_key":"applicationmanagepartners-display-component---NewPartner--partnerDetailsCurrency"}]}
RESULT: undefined
COMMAND: POST /session/97f842ea50bbcd53f5e58b39b44e661d/execute/async - {"script":"<script> [776 bytes]","args":[{"enterText":"Euro","selector":{"id":"application-managepartners-display-component---NewPartner--partnerDetailsCurrency","interaction":{"idSuffix":"inner"}},"clearTextFirst":true,"interactionType":"ENTER_TEXT"}]}
RESULT: {"script":"<script> [776 bytes]","args":[{"enterText":"Euro","selector":{"id":"application-managepartners-display-component---NewPartner--partnerDetailsCurrency","interaction":{"idSuffix":"inner"}},"clearTextFirst":true,"interactionType":"ENTER_TEXT"}]}
COMMAND: POST /session/97f842ea50bbcd53f5e58b39b44e661d/execute/async - {"script":"<script> [1562 bytes]","args":[{"selector":{"controlType":"sap.m.Button","viewName":"etm.portal.ui.managepartners.view.NewPartner","viewId":"application-managepartners-display-component---NewPartner","properties":{"text":"Commercial"},"interaction":{"idSuffix":"BDI-content"}},"wdio_ui5_key":"etmportal.ui.managepartners.view.NewPartnersap.m.Button{\"text\":\"Commercial\"}"}]}
RESULT: {"script":"<script> [1562 bytes]","args":[{"selector":{"controlType":"sap.m.Button","viewName":"etm.portal.ui.managepartners.view.NewPartner","viewId":"application-managepartners-display-component---NewPartner","properties":{"text":"Commercial"},"interaction":{"idSuffix":"BDI-content"}},"wdio_ui5_key":"etmportal.ui.managepartners.view.NewPartnersap.m.Button{\"text\":\"Commercial\"}"}]}
RESULT: undefined
COMMAND: POST /session/97f842ea50bbcd53f5e58b39b44e661d/element - {"using":"xpath","value":"//*[@id=\"application-managepartners-display-component---NewPartner--ObjectPageLayout-anchBar-__section5-anchor\"]"}
RESULT: {"using":"xpath","value":"//*[@id=\"application-managepartners-display-component---NewPartner--ObjectPageLayout-anchBar-__section5-anchor\"]"}
COMMAND: POST /session/97f842ea50bbcd53f5e58b39b44e661d/element/f.4C3BA0BF09B228EDDC79F91E8A810388.d.8847E41C19F63F28779FED21D5035F26.e.14810/click - {}
RESULT: {}
COMMAND: GET /session/97f842ea50bbcd53f5e58b39b44e661d/screenshot - {}
RESULT: {}
COMMAND: POST /session/97f842ea50bbcd53f5e58b39b44e661d/execute/async - {"script":"<script> [1562 bytes]","args":[{"selector":{"id":"application-managepartners-display-component---NewPartner--btnAddTableRow-img"},"wdio_ui5_key":"applicationmanagepartners-display-component---NewPartner--btnAddTableRow-img"}]}
RESULT: {"script":"<script> [1562 bytes]","args":[{"selector":{"id":"application-managepartners-display-component---NewPartner--btnAddTableRow-img"},"wdio_ui5_key":"applicationmanagepartners-display-component---NewPartner--btnAddTableRow-img"}]}
RESULT: undefined
COMMAND: POST /session/97f842ea50bbcd53f5e58b39b44e661d/element - {"using":"xpath","value":"//*[@id=\"application-managepartners-display-component---NewPartner--btnAddTableRow-img\"]"}
RESULT: {"using":"xpath","value":"//*[@id=\"application-managepartners-display-component---NewPartner--btnAddTableRow-img\"]"}
COMMAND: POST /session/97f842ea50bbcd53f5e58b39b44e661d/element/f.4C3BA0BF09B228EDDC79F91E8A810388.d.8847E41C19F63F28779FED21D5035F26.e.14816/click - {}
RESULT: {}
COMMAND: POST /session/97f842ea50bbcd53f5e58b39b44e661d/element - {"using":"xpath","value":"//input[contains(@id ,\"application-managepartners-display-component---NewPartner--assignmentYard-application-managepartners-display-component---NewPartner\")]"}
COMMAND: GET /session/97f842ea50bbcd53f5e58b39b44e661d/screenshot - {}
RESULT: {"using":"xpath","value":"//input[contains(@id ,\"application-managepartners-display-component---NewPartner--assignmentYard-application-managepartners-display-component---NewPartner\")]"}
COMMAND: POST /session/97f842ea50bbcd53f5e58b39b44e661d/element/f.4C3BA0BF09B228EDDC79F91E8A810388.d.8847E41C19F63F28779FED21D5035F26.e.14819/clear - {}
RESULT: {}
RESULT: {}
COMMAND: POST /session/97f842ea50bbcd53f5e58b39b44e661d/element/f.4C3BA0BF09B228EDDC79F91E8A810388.d.8847E41C19F63F28779FED21D5035F26.e.14819/value - {"text":"440"}
COMMAND: GET /session/97f842ea50bbcd53f5e58b39b44e661d/screenshot - {}
RESULT: {"text":"440"}
COMMAND: POST /session/97f842ea50bbcd53f5e58b39b44e661d/execute/async - {"script":"<script> [1562 bytes]","args":[{"selector":{"controlType":"sap.m.Button","viewName":"etm.portal.ui.managepartners.view.NewPartner","viewId":"application-managepartners-display-component---NewPartner","i18NText":{"propertyName":"text","key":"save"},"interaction":{"idSuffix":"BDI-content"}},"wdio_ui5_key":"etmportal.ui.managepartners.view.NewPartnersap.m.Button{\"propertyName\":\"text\",\"key\":\"save\"}"}]}
COMMAND: GET /session/97f842ea50bbcd53f5e58b39b44e661d/screenshot - {}
RESULT: {}
RESULT: {"script":"<script> [1562 bytes]","args":[{"selector":{"controlType":"sap.m.Button","viewName":"etm.portal.ui.managepartners.view.NewPartner","viewId":"application-managepartners-display-component---NewPartner","i18NText":{"propertyName":"text","key":"save"},"interaction":{"idSuffix":"BDI-content"}},"wdio_ui5_key":"etmportal.ui.managepartners.view.NewPartnersap.m.Button{\"propertyName\":\"text\",\"key\":\"save\"}"}]}
RESULT: undefined
COMMAND: POST /session/97f842ea50bbcd53f5e58b39b44e661d/element - {"using":"xpath","value":"//*[@id=\"__button12\"]"}
RESULT: {}
RESULT: {"using":"xpath","value":"//*[@id=\"__button12\"]"}
COMMAND: POST /session/97f842ea50bbcd53f5e58b39b44e661d/element/f.4C3BA0BF09B228EDDC79F91E8A810388.d.8847E41C19F63F28779FED21D5035F26.e.14788/click - {}
RESULT: {}
COMMAND: GET /session/97f842ea50bbcd53f5e58b39b44e661d/screenshot - {}
RESULT: {}
COMMAND: POST /session/97f842ea50bbcd53f5e58b39b44e661d/element - {"using":"xpath","value":"//header/div/div[2]/div[2]/span"}
RESULT: {"using":"xpath","value":"//header/div/div[2]/div[2]/span"}
COMMAND: GET /session/97f842ea50bbcd53f5e58b39b44e661d/element/f.4C3BA0BF09B228EDDC79F91E8A810388.d.8847E41C19F63F28779FED21D5035F26.e.14991/text - {}
RESULT: {}
COMMAND: POST /session/97f842ea50bbcd53f5e58b39b44e661d/element - {"using":"xpath","value":"//header/div/div/div/div/div/div[2]/div/span"}
RESULT: {"using":"xpath","value":"//header/div/div/div/div/div/div[2]/div/span"}
COMMAND: GET /session/97f842ea50bbcd53f5e58b39b44e661d/element/f.4C3BA0BF09B228EDDC79F91E8A810388.d.8847E41C19F63F28779FED21D5035F26.e.14992/text - {}
RESULT: {}
COMMAND: POST /session/97f842ea50bbcd53f5e58b39b44e661d/execute/async - {"script":"<script> [1562 bytes]","args":[{"selector":{"id":"application-managepartners-display-component---detailPtm--partnerType"},"wdio_ui5_key":"applicationmanagepartners-display-component---detailPtm--partnerType"}]}
RESULT: {"script":"<script> [1562 bytes]","args":[{"selector":{"id":"application-managepartners-display-component---detailPtm--partnerType"},"wdio_ui5_key":"applicationmanagepartners-display-component---detailPtm--partnerType"}]}
RESULT: undefined
COMMAND: POST /session/97f842ea50bbcd53f5e58b39b44e661d/execute/async - {"script":"<script> [6424 bytes]","args":[{"element-6066-11e4-a52e-4f735466cecf":"f.4C3BA0BF09B228EDDC79F91E8A810388.d.8847E41C19F63F28779FED21D5035F26.e.14993"},"getText",[]]}
RESULT: {"script":"<script> [6424 bytes]","args":[{"element-6066-11e4-a52e-4f735466cecf":"f.4C3BA0BF09B228EDDC79F91E8A810388.d.8847E41C19F63F28779FED21D5035F26.e.14993"},"getText",[]]}
COMMAND: POST /session/97f842ea50bbcd53f5e58b39b44e661d/element - {"using":"css selector","value":"#shell-header-logo"}
RESULT: {"using":"css selector","value":"#shell-header-logo"}
COMMAND: POST /session/97f842ea50bbcd53f5e58b39b44e661d/element/f.4C3BA0BF09B228EDDC79F91E8A810388.d.8847E41C19F63F28779FED21D5035F26.e.14336/click - {}
RESULT: {}
COMMAND: GET /session/97f842ea50bbcd53f5e58b39b44e661d/screenshot - {}
RESULT: {}
COMMAND: POST /session/97f842ea50bbcd53f5e58b39b44e661d/execute/async - {"script":"<script> [1562 bytes]","args":[{"selector":{"controlType":"sap.m.GenericTile","properties":{"header":"Manage Sites"}},"wdio_ui5_key":"sapm.GenericTile{\"header\":\"Manage Sites\"}"}]}
RESULT: {"script":"<script> [1562 bytes]","args":[{"selector":{"controlType":"sap.m.GenericTile","properties":{"header":"Manage Sites"}},"wdio_ui5_key":"sapm.GenericTile{\"header\":\"Manage Sites\"}"}]}
RESULT: undefined
COMMAND: POST /session/97f842ea50bbcd53f5e58b39b44e661d/element - {"using":"xpath","value":"//*[@id=\"__tile40\"]"}
RESULT: {"using":"xpath","value":"//*[@id=\"__tile40\"]"}
COMMAND: POST /session/97f842ea50bbcd53f5e58b39b44e661d/element/f.4C3BA0BF09B228EDDC79F91E8A810388.d.8847E41C19F63F28779FED21D5035F26.e.14995/click - {}
RESULT: {}
COMMAND: GET /session/97f842ea50bbcd53f5e58b39b44e661d/screenshot - {}
RESULT: {}
COMMAND: POST /session/97f842ea50bbcd53f5e58b39b44e661d/execute/async - {"script":"<script> [1562 bytes]","args":[{"selector":{"controlType":"sap.ui.core.Icon","viewName":"etm.portal.ui.managesites.view.Master","viewId":"application-managesites-display-component---masterSite","properties":{"src":{"regex":{"source":"add"}}}},"wdio_ui5_key":"etmportal.ui.managesites.view.Mastersap.ui.core.Icon{\"src\":{\"regex\":{\"source\":\"add\"}}}"}]}
RESULT: {"script":"<script> [1562 bytes]","args":[{"selector":{"controlType":"sap.ui.core.Icon","viewName":"etm.portal.ui.managesites.view.Master","viewId":"application-managesites-display-component---masterSite","properties":{"src":{"regex":{"source":"add"}}}},"wdio_ui5_key":"etmportal.ui.managesites.view.Mastersap.ui.core.Icon{\"src\":{\"regex\":{\"source\":\"add\"}}}"}]}
RESULT: undefined
COMMAND: POST /session/97f842ea50bbcd53f5e58b39b44e661d/element - {"using":"xpath","value":"//*[@id=\"__button52-img\"]"}
RESULT: {"using":"xpath","value":"//*[@id=\"__button52-img\"]"}
COMMAND: POST /session/97f842ea50bbcd53f5e58b39b44e661d/element/f.4C3BA0BF09B228EDDC79F91E8A810388.d.8847E41C19F63F28779FED21D5035F26.e.15044/click - {}
RESULT: {}
COMMAND: POST /session/97f842ea50bbcd53f5e58b39b44e661d/execute/async - {"script":"<script> [1562 bytes]","args":[{"selector":{"id":"application-managesites-display-component---NewSite--siteId","interaction":{"idSuffix":"inner"}},"wdio_ui5_key":"applicationmanagesites-display-component---NewSite--siteId"}]}
COMMAND: GET /session/97f842ea50bbcd53f5e58b39b44e661d/screenshot - {}
RESULT: {"script":"<script> [1562 bytes]","args":[{"selector":{"id":"application-managesites-display-component---NewSite--siteId","interaction":{"idSuffix":"inner"}},"wdio_ui5_key":"applicationmanagesites-display-component---NewSite--siteId"}]}
RESULT: undefined
COMMAND: POST /session/97f842ea50bbcd53f5e58b39b44e661d/execute/async - {"script":"<script> [1562 bytes]","args":[{"selector":{"id":"application-managesites-display-component---NewSite--addressDetailDetailsName1","interaction":{"idSuffix":"inner"}},"wdio_ui5_key":"applicationmanagesites-display-component---NewSite--addressDetailDetailsName1"}]}
RESULT: {}
RESULT: {"script":"<script> [1562 bytes]","args":[{"selector":{"id":"application-managesites-display-component---NewSite--addressDetailDetailsName1","interaction":{"idSuffix":"inner"}},"wdio_ui5_key":"applicationmanagesites-display-component---NewSite--addressDetailDetailsName1"}]}
RESULT: undefined
COMMAND: POST /session/97f842ea50bbcd53f5e58b39b44e661d/execute/async - {"script":"<script> [776 bytes]","args":[{"enterText":"WebdriverSiteiwa9","selector":{"id":"application-managesites-display-component---NewSite--addressDetailDetailsName1","interaction":{"idSuffix":"inner"}},"clearTextFirst":true,"interactionType":"ENTER_TEXT"}]}
RESULT: {"script":"<script> [776 bytes]","args":[{"enterText":"WebdriverSiteiwa9","selector":{"id":"application-managesites-display-component---NewSite--addressDetailDetailsName1","interaction":{"idSuffix":"inner"}},"clearTextFirst":true,"interactionType":"ENTER_TEXT"}]}
COMMAND: POST /session/97f842ea50bbcd53f5e58b39b44e661d/execute/async - {"script":"<script> [1562 bytes]","args":[{"selector":{"id":"application-managesites-display-component---NewSite--addressDetailDetailsLanguage","interaction":{"idSuffix":"inner"}},"wdio_ui5_key":"applicationmanagesites-display-component---NewSite--addressDetailDetailsLanguage"}]}
RESULT: {"script":"<script> [1562 bytes]","args":[{"selector":{"id":"application-managesites-display-component---NewSite--addressDetailDetailsLanguage","interaction":{"idSuffix":"inner"}},"wdio_ui5_key":"applicationmanagesites-display-component---NewSite--addressDetailDetailsLanguage"}]}
RESULT: undefined
COMMAND: POST /session/97f842ea50bbcd53f5e58b39b44e661d/execute/async - {"script":"<script> [776 bytes]","args":[{"enterText":"Romanian","selector":{"id":"application-managesites-display-component---NewSite--addressDetailDetailsLanguage","interaction":{"idSuffix":"inner"}},"clearTextFirst":true,"interactionType":"ENTER_TEXT"}]}
RESULT: {"script":"<script> [776 bytes]","args":[{"enterText":"Romanian","selector":{"id":"application-managesites-display-component---NewSite--addressDetailDetailsLanguage","interaction":{"idSuffix":"inner"}},"clearTextFirst":true,"interactionType":"ENTER_TEXT"}]}
COMMAND: POST /session/97f842ea50bbcd53f5e58b39b44e661d/execute/async - {"script":"<script> [1562 bytes]","args":[{"selector":{"id":"application-managesites-display-component---NewSite--addressDetailDetailsCity1","interaction":{"idSuffix":"inner"}},"wdio_ui5_key":"applicationmanagesites-display-component---NewSite--addressDetailDetailsCity1"}]}
RESULT: {"script":"<script> [1562 bytes]","args":[{"selector":{"id":"application-managesites-display-component---NewSite--addressDetailDetailsCity1","interaction":{"idSuffix":"inner"}},"wdio_ui5_key":"applicationmanagesites-display-component---NewSite--addressDetailDetailsCity1"}]}
RESULT: undefined
COMMAND: POST /session/97f842ea50bbcd53f5e58b39b44e661d/execute/async - {"script":"<script> [776 bytes]","args":[{"enterText":"Bucharest","selector":{"id":"application-managesites-display-component---NewSite--addressDetailDetailsCity1","interaction":{"idSuffix":"inner"}},"clearTextFirst":true,"interactionType":"ENTER_TEXT"}]}
RESULT: {"script":"<script> [776 bytes]","args":[{"enterText":"Bucharest","selector":{"id":"application-managesites-display-component---NewSite--addressDetailDetailsCity1","interaction":{"idSuffix":"inner"}},"clearTextFirst":true,"interactionType":"ENTER_TEXT"}]}
COMMAND: POST /session/97f842ea50bbcd53f5e58b39b44e661d/execute/async - {"script":"<script> [1562 bytes]","args":[{"selector":{"id":"application-managesites-display-component---NewSite--addressDetailDetailsCountry","interaction":{"idSuffix":"inner"}},"wdio_ui5_key":"applicationmanagesites-display-component---NewSite--addressDetailDetailsCountry"}]}
RESULT: {"script":"<script> [1562 bytes]","args":[{"selector":{"id":"application-managesites-display-component---NewSite--addressDetailDetailsCountry","interaction":{"idSuffix":"inner"}},"wdio_ui5_key":"applicationmanagesites-display-component---NewSite--addressDetailDetailsCountry"}]}
RESULT: undefined
COMMAND: POST /session/97f842ea50bbcd53f5e58b39b44e661d/execute/async - {"script":"<script> [776 bytes]","args":[{"enterText":"Romania","selector":{"id":"application-managesites-display-component---NewSite--addressDetailDetailsCountry","interaction":{"idSuffix":"inner"}},"clearTextFirst":true,"interactionType":"ENTER_TEXT"}]}
RESULT: {"script":"<script> [776 bytes]","args":[{"enterText":"Romania","selector":{"id":"application-managesites-display-component---NewSite--addressDetailDetailsCountry","interaction":{"idSuffix":"inner"}},"clearTextFirst":true,"interactionType":"ENTER_TEXT"}]}
COMMAND: POST /session/97f842ea50bbcd53f5e58b39b44e661d/element - {"using":"css selector","value":"#application-managesites-display-component---NewSite--addressDetailDetailsCalendar-inner"}
RESULT: {"using":"css selector","value":"#application-managesites-display-component---NewSite--addressDetailDetailsCalendar-inner"}
COMMAND: POST /session/97f842ea50bbcd53f5e58b39b44e661d/element/f.4C3BA0BF09B228EDDC79F91E8A810388.d.8847E41C19F63F28779FED21D5035F26.e.15238/clear - {}
RESULT: {}
COMMAND: POST /session/97f842ea50bbcd53f5e58b39b44e661d/element/f.4C3BA0BF09B228EDDC79F91E8A810388.d.8847E41C19F63F28779FED21D5035F26.e.15238/value - {"text":"Germany"}
COMMAND: GET /session/97f842ea50bbcd53f5e58b39b44e661d/screenshot - {}
RESULT: {"text":"Germany"}
COMMAND: POST /session/97f842ea50bbcd53f5e58b39b44e661d/execute/async - {"script":"<script> [1562 bytes]","args":[{"selector":{"id":"application-managesites-display-component---NewSite--addressEditDetailsCostObjectCstType-arrow"},"wdio_ui5_key":"applicationmanagesites-display-component---NewSite--addressEditDetailsCostObjectCstType-arrow"}]}
COMMAND: GET /session/97f842ea50bbcd53f5e58b39b44e661d/screenshot - {}
RESULT: {}
RESULT: {"script":"<script> [1562 bytes]","args":[{"selector":{"id":"application-managesites-display-component---NewSite--addressEditDetailsCostObjectCstType-arrow"},"wdio_ui5_key":"applicationmanagesites-display-component---NewSite--addressEditDetailsCostObjectCstType-arrow"}]}
RESULT: undefined
COMMAND: POST /session/97f842ea50bbcd53f5e58b39b44e661d/element - {"using":"xpath","value":"//*[@id=\"application-managesites-display-component---NewSite--addressEditDetailsCostObjectCstType-arrow\"]"}
RESULT: {}
RESULT: {"using":"xpath","value":"//*[@id=\"application-managesites-display-component---NewSite--addressEditDetailsCostObjectCstType-arrow\"]"}
COMMAND: POST /session/97f842ea50bbcd53f5e58b39b44e661d/element/f.4C3BA0BF09B228EDDC79F91E8A810388.d.8847E41C19F63F28779FED21D5035F26.e.15443/click - {}
RESULT: {}
COMMAND: POST /session/97f842ea50bbcd53f5e58b39b44e661d/element - {"using":"xpath","value":"//span[contains(text(), \"Work Breakdown Structure\")]"}
COMMAND: GET /session/97f842ea50bbcd53f5e58b39b44e661d/screenshot - {}
RESULT: {"using":"xpath","value":"//span[contains(text(), \"Work Breakdown Structure\")]"}
COMMAND: POST /session/97f842ea50bbcd53f5e58b39b44e661d/element/f.4C3BA0BF09B228EDDC79F91E8A810388.d.8847E41C19F63F28779FED21D5035F26.e.15444/click - {}
RESULT: {}
RESULT: {}
COMMAND: GET /session/97f842ea50bbcd53f5e58b39b44e661d/screenshot - {}
RESULT: {}
COMMAND: POST /session/97f842ea50bbcd53f5e58b39b44e661d/execute/async - {"script":"<script> [1562 bytes]","args":[{"selector":{"id":"application-managesites-display-component---NewSite--addressNewCostObjectCstID-vhi"},"wdio_ui5_key":"applicationmanagesites-display-component---NewSite--addressNewCostObjectCstID-vhi"}]}
RESULT: {"script":"<script> [1562 bytes]","args":[{"selector":{"id":"application-managesites-display-component---NewSite--addressNewCostObjectCstID-vhi"},"wdio_ui5_key":"applicationmanagesites-display-component---NewSite--addressNewCostObjectCstID-vhi"}]}
RESULT: undefined
COMMAND: POST /session/97f842ea50bbcd53f5e58b39b44e661d/element - {"using":"xpath","value":"//*[@id=\"application-managesites-display-component---NewSite--addressNewCostObjectCstID-vhi\"]"}
RESULT: {"using":"xpath","value":"//*[@id=\"application-managesites-display-component---NewSite--addressNewCostObjectCstID-vhi\"]"}
COMMAND: POST /session/97f842ea50bbcd53f5e58b39b44e661d/element/f.4C3BA0BF09B228EDDC79F91E8A810388.d.8847E41C19F63F28779FED21D5035F26.e.15447/click - {}
RESULT: {}
COMMAND: GET /session/97f842ea50bbcd53f5e58b39b44e661d/screenshot - {}
RESULT: {}
COMMAND: POST /session/97f842ea50bbcd53f5e58b39b44e661d/execute/async - {"script":"<script> [1562 bytes]","args":[{"selector":{"controlType":"sap.m.SearchField","properties":{"placeholder":"Search"},"searchOpenDialogs":true,"interaction":{"idSuffix":"I"}},"wdio_ui5_key":"sapm.SearchField{\"placeholder\":\"Search\"}"}]}
RESULT: {"script":"<script> [1562 bytes]","args":[{"selector":{"controlType":"sap.m.SearchField","properties":{"placeholder":"Search"},"searchOpenDialogs":true,"interaction":{"idSuffix":"I"}},"wdio_ui5_key":"sapm.SearchField{\"placeholder\":\"Search\"}"}]}
RESULT: undefined
COMMAND: POST /session/97f842ea50bbcd53f5e58b39b44e661d/execute/async - {"script":"<script> [776 bytes]","args":[{"enterText":"A1-000100-01","selector":{"controlType":"sap.m.SearchField","properties":{"placeholder":"Search"},"searchOpenDialogs":true,"interaction":{"idSuffix":"I"}},"clearTextFirst":true,"interactionType":"ENTER_TEXT"}]}
RESULT: {"script":"<script> [776 bytes]","args":[{"enterText":"A1-000100-01","selector":{"controlType":"sap.m.SearchField","properties":{"placeholder":"Search"},"searchOpenDialogs":true,"interaction":{"idSuffix":"I"}},"clearTextFirst":true,"interactionType":"ENTER_TEXT"}]}
COMMAND: POST /session/97f842ea50bbcd53f5e58b39b44e661d/actions - {"actions":[{"id":"action36","type":"key","parameters":{},"actions":[{"type":"keyDown","value":""},{"type":"pause","duration":10},{"type":"keyUp","value":""}]}]}
RESULT: {"actions":[{"id":"action36","type":"key","parameters":{},"actions":[{"type":"keyDown","value":""},{"type":"pause","duration":10},{"type":"keyUp","value":""}]}]}
COMMAND: GET /session/97f842ea50bbcd53f5e58b39b44e661d/screenshot - {}
RESULT: {}
COMMAND: POST /session/97f842ea50bbcd53f5e58b39b44e661d/element - {"using":"xpath","value":"//span[contains(text(), \"Template for ETO-Process\")]"}
RESULT: {"using":"xpath","value":"//span[contains(text(), \"Template for ETO-Process\")]"}
COMMAND: POST /session/97f842ea50bbcd53f5e58b39b44e661d/element/f.4C3BA0BF09B228EDDC79F91E8A810388.d.8847E41C19F63F28779FED21D5035F26.e.15466/click - {}
RESULT: {}
COMMAND: GET /session/97f842ea50bbcd53f5e58b39b44e661d/screenshot - {}
RESULT: {}
COMMAND: POST /session/97f842ea50bbcd53f5e58b39b44e661d/element - {"using":"xpath","value":"//bdi[contains(text(), \"OK\")]"}
RESULT: {"using":"xpath","value":"//bdi[contains(text(), \"OK\")]"}
COMMAND: POST /session/97f842ea50bbcd53f5e58b39b44e661d/element/f.4C3BA0BF09B228EDDC79F91E8A810388.d.8847E41C19F63F28779FED21D5035F26.e.15467/click - {}
RESULT: {}
COMMAND: GET /session/97f842ea50bbcd53f5e58b39b44e661d/screenshot - {}
RESULT: {}
COMMAND: POST /session/97f842ea50bbcd53f5e58b39b44e661d/element - {"using":"xpath","value":"//input[@id=\"application-managesites-display-component---NewSite--addressDetailDetailsYard-inner\"]"}
RESULT: {"using":"xpath","value":"//input[@id=\"application-managesites-display-component---NewSite--addressDetailDetailsYard-inner\"]"}
COMMAND: POST /session/97f842ea50bbcd53f5e58b39b44e661d/element/f.4C3BA0BF09B228EDDC79F91E8A810388.d.8847E41C19F63F28779FED21D5035F26.e.15239/value - {"text":"440"}
RESULT: {"text":"440"}
COMMAND: GET /session/97f842ea50bbcd53f5e58b39b44e661d/screenshot - {}
RESULT: {}
COMMAND: POST /session/97f842ea50bbcd53f5e58b39b44e661d/actions - {"actions":[{"id":"action37","type":"key","parameters":{},"actions":[{"type":"keyDown","value":""},{"type":"pause","duration":10},{"type":"keyUp","value":""}]}]}
RESULT: {"actions":[{"id":"action37","type":"key","parameters":{},"actions":[{"type":"keyDown","value":""},{"type":"pause","duration":10},{"type":"keyUp","value":""}]}]}
COMMAND: GET /session/97f842ea50bbcd53f5e58b39b44e661d/screenshot - {}
RESULT: {}
COMMAND: POST /session/97f842ea50bbcd53f5e58b39b44e661d/element - {"using":"xpath","value":"//input[@id=\"application-managesites-display-component---NewSite--addressDetailDetailsPartner-inner\"]"}
RESULT: {"using":"xpath","value":"//input[@id=\"application-managesites-display-component---NewSite--addressDetailDetailsPartner-inner\"]"}
COMMAND: POST /session/97f842ea50bbcd53f5e58b39b44e661d/elements - {"using":"xpath","value":"//input[@id=\"application-managesites-display-component---NewSite--addressDetailDetailsPartner-inner\"]"}
RESULT: {"using":"xpath","value":"//input[@id=\"application-managesites-display-component---NewSite--addressDetailDetailsPartner-inner\"]"}
COMMAND: POST /session/97f842ea50bbcd53f5e58b39b44e661d/execute/async - {"script":"<script> [1562 bytes]","args":[{"selector":{"controlType":"sap.m.Button","viewName":"etm.portal.ui.managesites.view.NewSmartSite","viewId":"application-managesites-display-component---NewSite","properties":{"text":"Commercial"},"interaction":{"idSuffix":"BDI-content"}},"wdio_ui5_key":"etmportal.ui.managesites.view.NewSmartSitesap.m.Button{\"text\":\"Commercial\"}"}]}
RESULT: {"script":"<script> [1562 bytes]","args":[{"selector":{"controlType":"sap.m.Button","viewName":"etm.portal.ui.managesites.view.NewSmartSite","viewId":"application-managesites-display-component---NewSite","properties":{"text":"Commercial"},"interaction":{"idSuffix":"BDI-content"}},"wdio_ui5_key":"etmportal.ui.managesites.view.NewSmartSitesap.m.Button{\"text\":\"Commercial\"}"}]}
RESULT: undefined
COMMAND: POST /session/97f842ea50bbcd53f5e58b39b44e661d/element - {"using":"xpath","value":"//*[@id=\"application-managesites-display-component---NewSite--ObjectPageLayout-anchBar-__section31-anchor\"]"}
RESULT: {"using":"xpath","value":"//*[@id=\"application-managesites-display-component---NewSite--ObjectPageLayout-anchBar-__section31-anchor\"]"}
COMMAND: POST /session/97f842ea50bbcd53f5e58b39b44e661d/element/f.4C3BA0BF09B228EDDC79F91E8A810388.d.8847E41C19F63F28779FED21D5035F26.e.15474/click - {}
RESULT: {}
COMMAND: POST /session/97f842ea50bbcd53f5e58b39b44e661d/execute/async - {"script":"<script> [1562 bytes]","args":[{"selector":{"controlType":"sap.m.Button","viewName":"etm.portal.ui.managesites.view.NewSmartSite","viewId":"application-managesites-display-component---NewSite","i18NText":{"propertyName":"text","key":"save"},"interaction":{"idSuffix":"BDI-content"}},"wdio_ui5_key":"etmportal.ui.managesites.view.NewSmartSitesap.m.Button{\"propertyName\":\"text\",\"key\":\"save\"}"}]}
COMMAND: GET /session/97f842ea50bbcd53f5e58b39b44e661d/screenshot - {}
RESULT: {"script":"<script> [1562 bytes]","args":[{"selector":{"controlType":"sap.m.Button","viewName":"etm.portal.ui.managesites.view.NewSmartSite","viewId":"application-managesites-display-component---NewSite","i18NText":{"propertyName":"text","key":"save"},"interaction":{"idSuffix":"BDI-content"}},"wdio_ui5_key":"etmportal.ui.managesites.view.NewSmartSitesap.m.Button{\"propertyName\":\"text\",\"key\":\"save\"}"}]}
RESULT: undefined
COMMAND: POST /session/97f842ea50bbcd53f5e58b39b44e661d/element - {"using":"xpath","value":"//*[@id=\"__button64\"]"}
RESULT: {}
RESULT: {"using":"xpath","value":"//*[@id=\"__button64\"]"}
COMMAND: POST /session/97f842ea50bbcd53f5e58b39b44e661d/element/f.4C3BA0BF09B228EDDC79F91E8A810388.d.8847E41C19F63F28779FED21D5035F26.e.15421/click - {}
RESULT: {}
COMMAND: GET /session/97f842ea50bbcd53f5e58b39b44e661d/screenshot - {}
RESULT: {}
COMMAND: POST /session/97f842ea50bbcd53f5e58b39b44e661d/execute/async - {"script":"<script> [1562 bytes]","args":[{"selector":{"id":"application-managesites-display-component---detailSite--addressDetailDetailsYardText"},"wdio_ui5_key":"applicationmanagesites-display-component---detailSite--addressDetailDetailsYardText"}]}
RESULT: {"script":"<script> [1562 bytes]","args":[{"selector":{"id":"application-managesites-display-component---detailSite--addressDetailDetailsYardText"},"wdio_ui5_key":"applicationmanagesites-display-component---detailSite--addressDetailDetailsYardText"}]}
RESULT: undefined
COMMAND: POST /session/97f842ea50bbcd53f5e58b39b44e661d/element - {"using":"xpath","value":"//header/div/div[2]/div[2]/span"}
RESULT: {"using":"xpath","value":"//header/div/div[2]/div[2]/span"}
COMMAND: GET /session/97f842ea50bbcd53f5e58b39b44e661d/element/f.4C3BA0BF09B228EDDC79F91E8A810388.d.8847E41C19F63F28779FED21D5035F26.e.15678/text - {}
RESULT: {}
COMMAND: POST /session/97f842ea50bbcd53f5e58b39b44e661d/element - {"using":"xpath","value":"//header/div/div/div/div/div/div[2]/div/span"}
RESULT: {"using":"xpath","value":"//header/div/div/div/div/div/div[2]/div/span"}
COMMAND: GET /session/97f842ea50bbcd53f5e58b39b44e661d/element/f.4C3BA0BF09B228EDDC79F91E8A810388.d.8847E41C19F63F28779FED21D5035F26.e.15679/text - {}
RESULT: {}
COMMAND: POST /session/97f842ea50bbcd53f5e58b39b44e661d/element - {"using":"css selector","value":"#shell-header-logo"}
RESULT: {"using":"css selector","value":"#shell-header-logo"}
COMMAND: POST /session/97f842ea50bbcd53f5e58b39b44e661d/element/f.4C3BA0BF09B228EDDC79F91E8A810388.d.8847E41C19F63F28779FED21D5035F26.e.15000/click - {}
RESULT: {}
COMMAND: GET /session/97f842ea50bbcd53f5e58b39b44e661d/screenshot - {}
RESULT: {}
COMMAND: POST /session/97f842ea50bbcd53f5e58b39b44e661d/execute/async - {"script":"<script> [1562 bytes]","args":[{"selector":{"controlType":"sap.m.GenericTile","properties":{"header":"Manage Resources"}},"wdio_ui5_key":"sapm.GenericTile{\"header\":\"Manage Resources\"}"}]}
RESULT: {"script":"<script> [1562 bytes]","args":[{"selector":{"controlType":"sap.m.GenericTile","properties":{"header":"Manage Resources"}},"wdio_ui5_key":"sapm.GenericTile{\"header\":\"Manage Resources\"}"}]}
RESULT: undefined
COMMAND: POST /session/97f842ea50bbcd53f5e58b39b44e661d/element - {"using":"xpath","value":"//*[@id=\"__tile39\"]"}
RESULT: {"using":"xpath","value":"//*[@id=\"__tile39\"]"}
COMMAND: POST /session/97f842ea50bbcd53f5e58b39b44e661d/element/f.4C3BA0BF09B228EDDC79F91E8A810388.d.8847E41C19F63F28779FED21D5035F26.e.15681/click - {}
RESULT: {}
COMMAND: GET /session/97f842ea50bbcd53f5e58b39b44e661d/screenshot - {}
RESULT: {}
RESULT: undefined
COMMAND: POST /session/97f842ea50bbcd53f5e58b39b44e661d/element - {"using":"xpath","value":"//button[@data-kt=\"addNewRUOverflowToolbarButton\"]"}
RESULT: {"using":"xpath","value":"//button[@data-kt=\"addNewRUOverflowToolbarButton\"]"}
COMMAND: POST /session/97f842ea50bbcd53f5e58b39b44e661d/execute/sync - {"script":"<script> [8489 bytes]","args":[{"element-6066-11e4-a52e-4f735466cecf":"f.4C3BA0BF09B228EDDC79F91E8A810388.d.8847E41C19F63F28779FED21D5035F26.e.15722","ELEMENT":"f.4C3BA0BF09B228EDDC79F91E8A810388.d.8847E41C19F63F28779FED21D5035F26.e.15722"}]}
RESULT: {"script":"<script> [8489 bytes]","args":[{"element-6066-11e4-a52e-4f735466cecf":"f.4C3BA0BF09B228EDDC79F91E8A810388.d.8847E41C19F63F28779FED21D5035F26.e.15722","ELEMENT":"f.4C3BA0BF09B228EDDC79F91E8A810388.d.8847E41C19F63F28779FED21D5035F26.e.15722"}]}
COMMAND: POST /session/97f842ea50bbcd53f5e58b39b44e661d/element/f.4C3BA0BF09B228EDDC79F91E8A810388.d.8847E41C19F63F28779FED21D5035F26.e.15722/click - {}
COMMAND: GET /session/97f842ea50bbcd53f5e58b39b44e661d/screenshot - {}
RESULT: {}
COMMAND: POST /session/97f842ea50bbcd53f5e58b39b44e661d/execute/async - {"script":"<script> [1562 bytes]","args":[{"selector":{"id":"application-manageresources-display-component---newResourceUnit--TYPE-arrow"},"wdio_ui5_key":"applicationmanageresources-display-component---newResourceUnit--TYPE-arrow"}]}
COMMAND: GET /session/97f842ea50bbcd53f5e58b39b44e661d/screenshot - {}
RESULT: {}
RESULT: {"script":"<script> [1562 bytes]","args":[{"selector":{"id":"application-manageresources-display-component---newResourceUnit--TYPE-arrow"},"wdio_ui5_key":"applicationmanageresources-display-component---newResourceUnit--TYPE-arrow"}]}
RESULT: undefined
COMMAND: POST /session/97f842ea50bbcd53f5e58b39b44e661d/element - {"using":"xpath","value":"//*[@id=\"application-manageresources-display-component---newResourceUnit--TYPE-arrow\"]"}
RESULT: {}
RESULT: {"using":"xpath","value":"//*[@id=\"application-manageresources-display-component---newResourceUnit--TYPE-arrow\"]"}
COMMAND: POST /session/97f842ea50bbcd53f5e58b39b44e661d/element/f.4C3BA0BF09B228EDDC79F91E8A810388.d.8847E41C19F63F28779FED21D5035F26.e.16040/click - {}
RESULT: {}
COMMAND: POST /session/97f842ea50bbcd53f5e58b39b44e661d/execute/async - {"script":"<script> [1562 bytes]","args":[{"selector":{"controlType":"sap.m.StandardListItem","viewName":"reusables.view.manageresources.NewResourceUnit","viewId":"application-manageresources-display-component---newResourceUnit","properties":{"title":"Material"},"searchOpenDialogs":true,"interaction":{"idSuffix":"titleText"}},"wdio_ui5_key":"reusablesview.manageresources.NewResourceUnitsap.m.StandardListItem{\"title\":\"Material\"}"}]}
COMMAND: GET /session/97f842ea50bbcd53f5e58b39b44e661d/screenshot - {}
RESULT: {"script":"<script> [1562 bytes]","args":[{"selector":{"controlType":"sap.m.StandardListItem","viewName":"reusables.view.manageresources.NewResourceUnit","viewId":"application-manageresources-display-component---newResourceUnit","properties":{"title":"Material"},"searchOpenDialogs":true,"interaction":{"idSuffix":"titleText"}},"wdio_ui5_key":"reusablesview.manageresources.NewResourceUnitsap.m.StandardListItem{\"title\":\"Material\"}"}]}
RESULT: undefined
COMMAND: POST /session/97f842ea50bbcd53f5e58b39b44e661d/element - {"using":"xpath","value":"//*[@id=\"__item1039\"]"}
RESULT: {}
RESULT: {"using":"xpath","value":"//*[@id=\"__item1039\"]"}
COMMAND: POST /session/97f842ea50bbcd53f5e58b39b44e661d/element/f.4C3BA0BF09B228EDDC79F91E8A810388.d.8847E41C19F63F28779FED21D5035F26.e.16043/click - {}
RESULT: {}
COMMAND: POST /session/97f842ea50bbcd53f5e58b39b44e661d/execute/async - {"script":"<script> [1562 bytes]","args":[{"selector":{"id":"application-manageresources-display-component---newResourceUnit--SHORT_TEXT","interaction":{"idSuffix":"inner"}},"wdio_ui5_key":"applicationmanageresources-display-component---newResourceUnit--SHORT_TEXT"}]}
COMMAND: GET /session/97f842ea50bbcd53f5e58b39b44e661d/screenshot - {}
RESULT: {"script":"<script> [1562 bytes]","args":[{"selector":{"id":"application-manageresources-display-component---newResourceUnit--SHORT_TEXT","interaction":{"idSuffix":"inner"}},"wdio_ui5_key":"applicationmanageresources-display-component---newResourceUnit--SHORT_TEXT"}]}
RESULT: undefined
COMMAND: POST /session/97f842ea50bbcd53f5e58b39b44e661d/execute/async - {"script":"<script> [776 bytes]","args":[{"enterText":"WebdriverRUR2C12wnk","selector":{"id":"application-manageresources-display-component---newResourceUnit--SHORT_TEXT","interaction":{"idSuffix":"inner"}},"clearTextFirst":true,"interactionType":"ENTER_TEXT"}]}
RESULT: {}
RESULT: {"script":"<script> [776 bytes]","args":[{"enterText":"WebdriverRUR2C12wnk","selector":{"id":"application-manageresources-display-component---newResourceUnit--SHORT_TEXT","interaction":{"idSuffix":"inner"}},"clearTextFirst":true,"interactionType":"ENTER_TEXT"}]}
COMMAND: POST /session/97f842ea50bbcd53f5e58b39b44e661d/execute/async - {"script":"<script> [1562 bytes]","args":[{"selector":{"id":"application-manageresources-display-component---newResourceUnit--BASE_UNIT_OF_MEASURE-arrow"},"wdio_ui5_key":"applicationmanageresources-display-component---newResourceUnit--BASE_UNIT_OF_MEASURE-arrow"}]}
RESULT: {"script":"<script> [1562 bytes]","args":[{"selector":{"id":"application-manageresources-display-component---newResourceUnit--BASE_UNIT_OF_MEASURE-arrow"},"wdio_ui5_key":"applicationmanageresources-display-component---newResourceUnit--BASE_UNIT_OF_MEASURE-arrow"}]}
RESULT: undefined
COMMAND: POST /session/97f842ea50bbcd53f5e58b39b44e661d/element - {"using":"xpath","value":"//*[@id=\"application-manageresources-display-component---newResourceUnit--BASE_UNIT_OF_MEASURE-arrow\"]"}
RESULT: {"using":"xpath","value":"//*[@id=\"application-manageresources-display-component---newResourceUnit--BASE_UNIT_OF_MEASURE-arrow\"]"}
COMMAND: POST /session/97f842ea50bbcd53f5e58b39b44e661d/element/f.4C3BA0BF09B228EDDC79F91E8A810388.d.8847E41C19F63F28779FED21D5035F26.e.16099/click - {}
RESULT: {}
COMMAND: POST /session/97f842ea50bbcd53f5e58b39b44e661d/execute/async - {"script":"<script> [1562 bytes]","args":[{"selector":{"controlType":"sap.m.StandardListItem","viewName":"reusables.view.manageresources.NewResourceUnit","viewId":"application-manageresources-display-component---newResourceUnit","properties":{"title":"Piece"},"searchOpenDialogs":true,"interaction":{"idSuffix":"titleText"}},"wdio_ui5_key":"reusablesview.manageresources.NewResourceUnitsap.m.StandardListItem{\"title\":\"Piece\"}"}]}
COMMAND: GET /session/97f842ea50bbcd53f5e58b39b44e661d/screenshot - {}
RESULT: {"script":"<script> [1562 bytes]","args":[{"selector":{"controlType":"sap.m.StandardListItem","viewName":"reusables.view.manageresources.NewResourceUnit","viewId":"application-manageresources-display-component---newResourceUnit","properties":{"title":"Piece"},"searchOpenDialogs":true,"interaction":{"idSuffix":"titleText"}},"wdio_ui5_key":"reusablesview.manageresources.NewResourceUnitsap.m.StandardListItem{\"title\":\"Piece\"}"}]}
RESULT: undefined
COMMAND: POST /session/97f842ea50bbcd53f5e58b39b44e661d/element - {"using":"xpath","value":"//*[@id=\"__item1083\"]"}
RESULT: {}
RESULT: {"using":"xpath","value":"//*[@id=\"__item1083\"]"}
COMMAND: POST /session/97f842ea50bbcd53f5e58b39b44e661d/element/f.4C3BA0BF09B228EDDC79F91E8A810388.d.8847E41C19F63F28779FED21D5035F26.e.16101/click - {}
RESULT: {}
COMMAND: POST /session/97f842ea50bbcd53f5e58b39b44e661d/element - {"using":"xpath","value":"//input[contains(@id ,\"application-manageresources-display-component---newResourceUnit--SHORT_TEXT-inner\")]"}
COMMAND: GET /session/97f842ea50bbcd53f5e58b39b44e661d/screenshot - {}
RESULT: {"using":"xpath","value":"//input[contains(@id ,\"application-manageresources-display-component---newResourceUnit--SHORT_TEXT-inner\")]"}
COMMAND: GET /session/97f842ea50bbcd53f5e58b39b44e661d/element/f.4C3BA0BF09B228EDDC79F91E8A810388.d.8847E41C19F63F28779FED21D5035F26.e.16060/property/value - {}
RESULT: {}
RESULT: {}
COMMAND: POST /session/97f842ea50bbcd53f5e58b39b44e661d/execute/async - {"script":"<script> [1562 bytes]","args":[{"selector":{"id":"application-manageresources-display-component---newResourceUnit--WEIGHT_UNIT-arrow"},"wdio_ui5_key":"applicationmanageresources-display-component---newResourceUnit--WEIGHT_UNIT-arrow"}]}
COMMAND: GET /session/97f842ea50bbcd53f5e58b39b44e661d/screenshot - {}
RESULT: {"script":"<script> [1562 bytes]","args":[{"selector":{"id":"application-manageresources-display-component---newResourceUnit--WEIGHT_UNIT-arrow"},"wdio_ui5_key":"applicationmanageresources-display-component---newResourceUnit--WEIGHT_UNIT-arrow"}]}
RESULT: undefined
COMMAND: POST /session/97f842ea50bbcd53f5e58b39b44e661d/element - {"using":"xpath","value":"//*[@id=\"application-manageresources-display-component---newResourceUnit--WEIGHT_UNIT-arrow\"]"}
RESULT: {}
RESULT: {"using":"xpath","value":"//*[@id=\"application-manageresources-display-component---newResourceUnit--WEIGHT_UNIT-arrow\"]"}
COMMAND: POST /session/97f842ea50bbcd53f5e58b39b44e661d/element/f.4C3BA0BF09B228EDDC79F91E8A810388.d.8847E41C19F63F28779FED21D5035F26.e.16102/click - {}
RESULT: {}
COMMAND: POST /session/97f842ea50bbcd53f5e58b39b44e661d/execute/async - {"script":"<script> [1562 bytes]","args":[{"selector":{"controlType":"sap.m.StandardListItem","viewName":"reusables.view.manageresources.NewResourceUnit","viewId":"application-manageresources-display-component---newResourceUnit","properties":{"title":"Gram"},"searchOpenDialogs":true,"interaction":{"idSuffix":"content"}},"wdio_ui5_key":"reusablesview.manageresources.NewResourceUnitsap.m.StandardListItem{\"title\":\"Gram\"}"}]}
COMMAND: GET /session/97f842ea50bbcd53f5e58b39b44e661d/screenshot - {}
RESULT: {"script":"<script> [1562 bytes]","args":[{"selector":{"controlType":"sap.m.StandardListItem","viewName":"reusables.view.manageresources.NewResourceUnit","viewId":"application-manageresources-display-component---newResourceUnit","properties":{"title":"Gram"},"searchOpenDialogs":true,"interaction":{"idSuffix":"content"}},"wdio_ui5_key":"reusablesview.manageresources.NewResourceUnitsap.m.StandardListItem{\"title\":\"Gram\"}"}]}
RESULT: undefined
COMMAND: POST /session/97f842ea50bbcd53f5e58b39b44e661d/element - {"using":"xpath","value":"//*[@id=\"__item1148\"]"}
RESULT: {}
RESULT: {"using":"xpath","value":"//*[@id=\"__item1148\"]"}
COMMAND: POST /session/97f842ea50bbcd53f5e58b39b44e661d/element/f.4C3BA0BF09B228EDDC79F91E8A810388.d.8847E41C19F63F28779FED21D5035F26.e.16104/click - {}
RESULT: {}
COMMAND: POST /session/97f842ea50bbcd53f5e58b39b44e661d/execute/async - {"script":"<script> [1562 bytes]","args":[{"selector":{"id":"application-manageresources-display-component---newResourceUnit--newRRUPage-OPHeaderContent-collapseBtn-img"},"wdio_ui5_key":"applicationmanageresources-display-component---newResourceUnit--newRRUPage-OPHeaderContent-collapseBtn-img"}]}
COMMAND: GET /session/97f842ea50bbcd53f5e58b39b44e661d/screenshot - {}
RESULT: {"script":"<script> [1562 bytes]","args":[{"selector":{"id":"application-manageresources-display-component---newResourceUnit--newRRUPage-OPHeaderContent-collapseBtn-img"},"wdio_ui5_key":"applicationmanageresources-display-component---newResourceUnit--newRRUPage-OPHeaderContent-collapseBtn-img"}]}
RESULT: undefined
COMMAND: POST /session/97f842ea50bbcd53f5e58b39b44e661d/element - {"using":"xpath","value":"//*[@id=\"application-manageresources-display-component---newResourceUnit--newRRUPage-OPHeaderContent-collapseBtn-img\"]"}
RESULT: {}
RESULT: {"using":"xpath","value":"//*[@id=\"application-manageresources-display-component---newResourceUnit--newRRUPage-OPHeaderContent-collapseBtn-img\"]"}
COMMAND: POST /session/97f842ea50bbcd53f5e58b39b44e661d/element/f.4C3BA0BF09B228EDDC79F91E8A810388.d.8847E41C19F63F28779FED21D5035F26.e.16050/click - {}
RESULT: {}
COMMAND: GET /session/97f842ea50bbcd53f5e58b39b44e661d/screenshot - {}
RESULT: {}
COMMAND: POST /session/97f842ea50bbcd53f5e58b39b44e661d/element - {"using":"xpath","value":"(//span[contains(@id ,\"application-manageresources-display-component---newResourceUnit--DIMENSION_UNIT-arrow\")])[1]"}
RESULT: {"using":"xpath","value":"(//span[contains(@id ,\"application-manageresources-display-component---newResourceUnit--DIMENSION_UNIT-arrow\")])[1]"}
COMMAND: POST /session/97f842ea50bbcd53f5e58b39b44e661d/element/f.4C3BA0BF09B228EDDC79F91E8A810388.d.8847E41C19F63F28779FED21D5035F26.e.16110/click - {}
RESULT: {}
COMMAND: GET /session/97f842ea50bbcd53f5e58b39b44e661d/screenshot - {}
RESULT: {}
COMMAND: POST /session/97f842ea50bbcd53f5e58b39b44e661d/execute/async - {"script":"<script> [1562 bytes]","args":[{"selector":{"controlType":"sap.m.StandardListItem","viewName":"reusables.view.manageresources.NewResourceUnit","viewId":"application-manageresources-display-component---newResourceUnit","properties":{"title":"Centimeter"},"searchOpenDialogs":true,"interaction":{"idSuffix":"titleText"}},"wdio_ui5_key":"reusablesview.manageresources.NewResourceUnitsap.m.StandardListItem{\"title\":\"Centimeter\"}"}]}
RESULT: {"script":"<script> [1562 bytes]","args":[{"selector":{"controlType":"sap.m.StandardListItem","viewName":"reusables.view.manageresources.NewResourceUnit","viewId":"application-manageresources-display-component---newResourceUnit","properties":{"title":"Centimeter"},"searchOpenDialogs":true,"interaction":{"idSuffix":"titleText"}},"wdio_ui5_key":"reusablesview.manageresources.NewResourceUnitsap.m.StandardListItem{\"title\":\"Centimeter\"}"}]}
RESULT: undefined
COMMAND: POST /session/97f842ea50bbcd53f5e58b39b44e661d/element - {"using":"xpath","value":"//*[@id=\"__item1151\"]"}
RESULT: {"using":"xpath","value":"//*[@id=\"__item1151\"]"}
COMMAND: POST /session/97f842ea50bbcd53f5e58b39b44e661d/element/f.4C3BA0BF09B228EDDC79F91E8A810388.d.8847E41C19F63F28779FED21D5035F26.e.16112/click - {}
RESULT: {}
COMMAND: POST /session/97f842ea50bbcd53f5e58b39b44e661d/execute/async - {"script":"<script> [1562 bytes]","args":[{"selector":{"id":"application-manageresources-display-component---newResourceUnit--newRRUPage-anchBar-application-manageresources-display-component---newResourceUnit--reference-anchor","interaction":{"idSuffix":"BDI-content"}},"wdio_ui5_key":"applicationmanageresources-display-component---newResourceUnit--newRRUPage-anchBar-application-manageresources-display-component---newResourceUnit--reference-anchor"}]}
COMMAND: GET /session/97f842ea50bbcd53f5e58b39b44e661d/screenshot - {}
RESULT: {"script":"<script> [1562 bytes]","args":[{"selector":{"id":"application-manageresources-display-component---newResourceUnit--newRRUPage-anchBar-application-manageresources-display-component---newResourceUnit--reference-anchor","interaction":{"idSuffix":"BDI-content"}},"wdio_ui5_key":"applicationmanageresources-display-component---newResourceUnit--newRRUPage-anchBar-application-manageresources-display-component---newResourceUnit--reference-anchor"}]}
RESULT: undefined
COMMAND: POST /session/97f842ea50bbcd53f5e58b39b44e661d/element - {"using":"xpath","value":"//*[@id=\"application-manageresources-display-component---newResourceUnit--newRRUPage-anchBar-application-manageresources-display-component---newResourceUnit--reference-anchor\"]"}
RESULT: {}
RESULT: {"using":"xpath","value":"//*[@id=\"application-manageresources-display-component---newResourceUnit--newRRUPage-anchBar-application-manageresources-display-component---newResourceUnit--reference-anchor\"]"}
COMMAND: POST /session/97f842ea50bbcd53f5e58b39b44e661d/element/f.4C3BA0BF09B228EDDC79F91E8A810388.d.8847E41C19F63F28779FED21D5035F26.e.16114/click - {}
RESULT: {}
COMMAND: POST /session/97f842ea50bbcd53f5e58b39b44e661d/execute/async - {"script":"<script> [1562 bytes]","args":[{"selector":{"id":"application-manageresources-display-component---newResourceUnit--PLANNING_GROUP-arrow"},"wdio_ui5_key":"applicationmanageresources-display-component---newResourceUnit--PLANNING_GROUP-arrow"}]}
COMMAND: GET /session/97f842ea50bbcd53f5e58b39b44e661d/screenshot - {}
RESULT: {"script":"<script> [1562 bytes]","args":[{"selector":{"id":"application-manageresources-display-component---newResourceUnit--PLANNING_GROUP-arrow"},"wdio_ui5_key":"applicationmanageresources-display-component---newResourceUnit--PLANNING_GROUP-arrow"}]}
RESULT: undefined
COMMAND: POST /session/97f842ea50bbcd53f5e58b39b44e661d/element - {"using":"xpath","value":"//*[@id=\"application-manageresources-display-component---newResourceUnit--PLANNING_GROUP-arrow\"]"}
RESULT: {}
RESULT: {"using":"xpath","value":"//*[@id=\"application-manageresources-display-component---newResourceUnit--PLANNING_GROUP-arrow\"]"}
COMMAND: POST /session/97f842ea50bbcd53f5e58b39b44e661d/element/f.4C3BA0BF09B228EDDC79F91E8A810388.d.8847E41C19F63F28779FED21D5035F26.e.16118/click - {}
RESULT: {}
COMMAND: POST /session/97f842ea50bbcd53f5e58b39b44e661d/execute/async - {"script":"<script> [1562 bytes]","args":[{"selector":{"controlType":"sap.m.StandardListItem","viewName":"reusables.view.manageresources.NewResourceUnit","viewId":"application-manageresources-display-component---newResourceUnit","properties":{"title":"Heavy Equi"},"searchOpenDialogs":true,"interaction":{"idSuffix":"content"}},"wdio_ui5_key":"reusablesview.manageresources.NewResourceUnitsap.m.StandardListItem{\"title\":\"Heavy Equi\"}"}]}
COMMAND: GET /session/97f842ea50bbcd53f5e58b39b44e661d/screenshot - {}
RESULT: {"script":"<script> [1562 bytes]","args":[{"selector":{"controlType":"sap.m.StandardListItem","viewName":"reusables.view.manageresources.NewResourceUnit","viewId":"application-manageresources-display-component---newResourceUnit","properties":{"title":"Heavy Equi"},"searchOpenDialogs":true,"interaction":{"idSuffix":"content"}},"wdio_ui5_key":"reusablesview.manageresources.NewResourceUnitsap.m.StandardListItem{\"title\":\"Heavy Equi\"}"}]}
RESULT: undefined
COMMAND: POST /session/97f842ea50bbcd53f5e58b39b44e661d/element - {"using":"xpath","value":"//*[@id=\"__item1159\"]"}
RESULT: {}
RESULT: {"using":"xpath","value":"//*[@id=\"__item1159\"]"}
COMMAND: POST /session/97f842ea50bbcd53f5e58b39b44e661d/element/f.4C3BA0BF09B228EDDC79F91E8A810388.d.8847E41C19F63F28779FED21D5035F26.e.16120/click - {}
RESULT: {}
COMMAND: GET /session/97f842ea50bbcd53f5e58b39b44e661d/screenshot - {}
RESULT: {}
COMMAND: POST /session/97f842ea50bbcd53f5e58b39b44e661d/execute/async - {"script":"<script> [1562 bytes]","args":[{"selector":{"id":"application-manageresources-display-component---newResourceUnit--PLANNING_INDICATOR-arrow"},"wdio_ui5_key":"applicationmanageresources-display-component---newResourceUnit--PLANNING_INDICATOR-arrow"}]}
RESULT: {"script":"<script> [1562 bytes]","args":[{"selector":{"id":"application-manageresources-display-component---newResourceUnit--PLANNING_INDICATOR-arrow"},"wdio_ui5_key":"applicationmanageresources-display-component---newResourceUnit--PLANNING_INDICATOR-arrow"}]}
RESULT: undefined
COMMAND: POST /session/97f842ea50bbcd53f5e58b39b44e661d/element - {"using":"xpath","value":"//*[@id=\"application-manageresources-display-component---newResourceUnit--PLANNING_INDICATOR-arrow\"]"}
RESULT: {"using":"xpath","value":"//*[@id=\"application-manageresources-display-component---newResourceUnit--PLANNING_INDICATOR-arrow\"]"}
COMMAND: POST /session/97f842ea50bbcd53f5e58b39b44e661d/element/f.4C3BA0BF09B228EDDC79F91E8A810388.d.8847E41C19F63F28779FED21D5035F26.e.16121/click - {}
RESULT: {}
COMMAND: POST /session/97f842ea50bbcd53f5e58b39b44e661d/execute/async - {"script":"<script> [1562 bytes]","args":[{"selector":{"controlType":"sap.m.StandardListItem","viewName":"reusables.view.manageresources.NewResourceUnit","viewId":"application-manageresources-display-component---newResourceUnit","properties":{"title":"10 - infinite"},"searchOpenDialogs":true,"interaction":{"idSuffix":"content"}},"wdio_ui5_key":"reusablesview.manageresources.NewResourceUnitsap.m.StandardListItem{\"title\":\"10 - infinite\"}"}]}
COMMAND: GET /session/97f842ea50bbcd53f5e58b39b44e661d/screenshot - {}
RESULT: {"script":"<script> [1562 bytes]","args":[{"selector":{"controlType":"sap.m.StandardListItem","viewName":"reusables.view.manageresources.NewResourceUnit","viewId":"application-manageresources-display-component---newResourceUnit","properties":{"title":"10 - infinite"},"searchOpenDialogs":true,"interaction":{"idSuffix":"content"}},"wdio_ui5_key":"reusablesview.manageresources.NewResourceUnitsap.m.StandardListItem{\"title\":\"10 - infinite\"}"}]}
RESULT: undefined
COMMAND: POST /session/97f842ea50bbcd53f5e58b39b44e661d/element - {"using":"xpath","value":"//*[@id=\"__item1169\"]"}
RESULT: {}
RESULT: {"using":"xpath","value":"//*[@id=\"__item1169\"]"}
COMMAND: POST /session/97f842ea50bbcd53f5e58b39b44e661d/element/f.4C3BA0BF09B228EDDC79F91E8A810388.d.8847E41C19F63F28779FED21D5035F26.e.16123/click - {}
RESULT: {}
COMMAND: GET /session/97f842ea50bbcd53f5e58b39b44e661d/screenshot - {}
RESULT: {}
COMMAND: POST /session/97f842ea50bbcd53f5e58b39b44e661d/element - {"using":"xpath","value":"//bdi[contains(text(), \"Time Segment\")]"}
RESULT: {"using":"xpath","value":"//bdi[contains(text(), \"Time Segment\")]"}
COMMAND: GET /session/97f842ea50bbcd53f5e58b39b44e661d/element/f.4C3BA0BF09B228EDDC79F91E8A810388.d.8847E41C19F63F28779FED21D5035F26.e.16124/rect - {}
RESULT: {}
COMMAND: GET /session/97f842ea50bbcd53f5e58b39b44e661d/window/rect - {}
RESULT: {}
COMMAND: POST /session/97f842ea50bbcd53f5e58b39b44e661d/execute/sync - {"script":"<script> [92 bytes]","args":[]}
RESULT: {"script":"<script> [92 bytes]","args":[]}
COMMAND: POST /session/97f842ea50bbcd53f5e58b39b44e661d/actions - {"actions":[{"id":"action38","type":"wheel","parameters":{},"actions":[{"type":"scroll","x":-1820,"y":-21,"deltaX":0,"deltaY":0,"duration":0,"origin":{"element-6066-11e4-a52e-4f735466cecf":"f.4C3BA0BF09B228EDDC79F91E8A810388.d.8847E41C19F63F28779FED21D5035F26.e.16124"}}]}]}
COMMAND: GET /session/97f842ea50bbcd53f5e58b39b44e661d/screenshot - {}
RESULT: {}
COMMAND: POST /session/97f842ea50bbcd53f5e58b39b44e661d/execute/sync - {"script":"<script> [79 bytes]","args":[{"element-6066-11e4-a52e-4f735466cecf":"f.4C3BA0BF09B228EDDC79F91E8A810388.d.8847E41C19F63F28779FED21D5035F26.e.16124","ELEMENT":"f.4C3BA0BF09B228EDDC79F91E8A810388.d.8847E41C19F63F28779FED21D5035F26.e.16124"},{"block":"start","inline":"nearest"}]}
RESULT: {"script":"<script> [79 bytes]","args":[{"element-6066-11e4-a52e-4f735466cecf":"f.4C3BA0BF09B228EDDC79F91E8A810388.d.8847E41C19F63F28779FED21D5035F26.e.16124","ELEMENT":"f.4C3BA0BF09B228EDDC79F91E8A810388.d.8847E41C19F63F28779FED21D5035F26.e.16124"},{"block":"start","inline":"nearest"}]}
COMMAND: GET /session/97f842ea50bbcd53f5e58b39b44e661d/screenshot - {}
RESULT: {}
COMMAND: POST /session/97f842ea50bbcd53f5e58b39b44e661d/element - {"using":"xpath","value":"//span[@id=\"application-manageresources-display-component---newResourceUnit--btnAddTimeSegment-img\"]"}
RESULT: {"using":"xpath","value":"//span[@id=\"application-manageresources-display-component---newResourceUnit--btnAddTimeSegment-img\"]"}
COMMAND: POST /session/97f842ea50bbcd53f5e58b39b44e661d/execute/sync - {"script":"<script> [8489 bytes]","args":[{"element-6066-11e4-a52e-4f735466cecf":"f.4C3BA0BF09B228EDDC79F91E8A810388.d.8847E41C19F63F28779FED21D5035F26.e.16127","ELEMENT":"f.4C3BA0BF09B228EDDC79F91E8A810388.d.8847E41C19F63F28779FED21D5035F26.e.16127"}]}
RESULT: {"script":"<script> [8489 bytes]","args":[{"element-6066-11e4-a52e-4f735466cecf":"f.4C3BA0BF09B228EDDC79F91E8A810388.d.8847E41C19F63F28779FED21D5035F26.e.16127","ELEMENT":"f.4C3BA0BF09B228EDDC79F91E8A810388.d.8847E41C19F63F28779FED21D5035F26.e.16127"}]}
COMMAND: POST /session/97f842ea50bbcd53f5e58b39b44e661d/element/f.4C3BA0BF09B228EDDC79F91E8A810388.d.8847E41C19F63F28779FED21D5035F26.e.16127/click - {}
COMMAND: GET /session/97f842ea50bbcd53f5e58b39b44e661d/screenshot - {}
RESULT: {}
COMMAND: GET /session/97f842ea50bbcd53f5e58b39b44e661d/screenshot - {}
COMMAND: POST /session/97f842ea50bbcd53f5e58b39b44e661d/element - {"using":"xpath","value":"//input[@id=\"application-manageresources-display-component---newResourceUnit--idRuTSAdmin-application-manageresources-display-component---newResourceUnit--RUTimeSegment-0-inner\"]"}
RESULT: {}
RESULT: {}
RESULT: {"using":"xpath","value":"//input[@id=\"application-manageresources-display-component---newResourceUnit--idRuTSAdmin-application-manageresources-display-component---newResourceUnit--RUTimeSegment-0-inner\"]"}
COMMAND: POST /session/97f842ea50bbcd53f5e58b39b44e661d/element/f.4C3BA0BF09B228EDDC79F91E8A810388.d.8847E41C19F63F28779FED21D5035F26.e.16130/clear - {}
RESULT: {}
COMMAND: POST /session/97f842ea50bbcd53f5e58b39b44e661d/element/f.4C3BA0BF09B228EDDC79F91E8A810388.d.8847E41C19F63F28779FED21D5035F26.e.16130/value - {"text":"WebdriverYard9rtaf"}
COMMAND: GET /session/97f842ea50bbcd53f5e58b39b44e661d/screenshot - {}
RESULT: {"text":"WebdriverYard9rtaf"}
COMMAND: GET /session/97f842ea50bbcd53f5e58b39b44e661d/screenshot - {}
RESULT: {}
RESULT: {}
COMMAND: POST /session/97f842ea50bbcd53f5e58b39b44e661d/actions - {"actions":[{"id":"action39","type":"key","parameters":{},"actions":[{"type":"keyDown","value":""},{"type":"pause","duration":10},{"type":"keyUp","value":""}]}]}
RESULT: {"actions":[{"id":"action39","type":"key","parameters":{},"actions":[{"type":"keyDown","value":""},{"type":"pause","duration":10},{"type":"keyUp","value":""}]}]}
COMMAND: GET /session/97f842ea50bbcd53f5e58b39b44e661d/screenshot - {}
RESULT: {}
COMMAND: POST /session/97f842ea50bbcd53f5e58b39b44e661d/execute/async - {"script":"<script> [1562 bytes]","args":[{"selector":{"controlType":"sap.m.Button","viewName":"reusables.view.manageresources.NewResourceUnit","viewId":"application-manageresources-display-component---newResourceUnit","i18NText":{"propertyName":"tooltip","key":"save"},"interaction":{"idSuffix":"BDI-content"}},"wdio_ui5_key":"reusablesview.manageresources.NewResourceUnitsap.m.Button{\"propertyName\":\"tooltip\",\"key\":\"save\"}"}]}
RESULT: {"script":"<script> [1562 bytes]","args":[{"selector":{"controlType":"sap.m.Button","viewName":"reusables.view.manageresources.NewResourceUnit","viewId":"application-manageresources-display-component---newResourceUnit","i18NText":{"propertyName":"tooltip","key":"save"},"interaction":{"idSuffix":"BDI-content"}},"wdio_ui5_key":"reusablesview.manageresources.NewResourceUnitsap.m.Button{\"propertyName\":\"tooltip\",\"key\":\"save\"}"}]}
RESULT: undefined
COMMAND: POST /session/97f842ea50bbcd53f5e58b39b44e661d/element - {"using":"xpath","value":"//*[@id=\"application-manageresources-display-component---newResourceUnit--createRuButton\"]"}
RESULT: {"using":"xpath","value":"//*[@id=\"application-manageresources-display-component---newResourceUnit--createRuButton\"]"}
COMMAND: POST /session/97f842ea50bbcd53f5e58b39b44e661d/element/f.4C3BA0BF09B228EDDC79F91E8A810388.d.8847E41C19F63F28779FED21D5035F26.e.16056/click - {}
RESULT: {}
COMMAND: GET /session/97f842ea50bbcd53f5e58b39b44e661d/screenshot - {}
RESULT: {}
COMMAND: POST /session/97f842ea50bbcd53f5e58b39b44e661d/execute/async - {"script":"<script> [1562 bytes]","args":[{"selector":{"controlType":"sap.m.Title","properties":{"text":"Success"},"searchOpenDialogs":true},"wdio_ui5_key":"sapm.Title{\"text\":\"Success\"}"}]}
RESULT: {"script":"<script> [1562 bytes]","args":[{"selector":{"controlType":"sap.m.Title","properties":{"text":"Success"},"searchOpenDialogs":true},"wdio_ui5_key":"sapm.Title{\"text\":\"Success\"}"}]}
RESULT: undefined
COMMAND: POST /session/97f842ea50bbcd53f5e58b39b44e661d/execute/async - {"script":"<script> [6424 bytes]","args":[{"element-6066-11e4-a52e-4f735466cecf":"f.4C3BA0BF09B228EDDC79F91E8A810388.d.8847E41C19F63F28779FED21D5035F26.e.16145"},"getText",[]]}
RESULT: {"script":"<script> [6424 bytes]","args":[{"element-6066-11e4-a52e-4f735466cecf":"f.4C3BA0BF09B228EDDC79F91E8A810388.d.8847E41C19F63F28779FED21D5035F26.e.16145"},"getText",[]]}
COMMAND: POST /session/97f842ea50bbcd53f5e58b39b44e661d/element - {"using":"xpath","value":"//*[contains(@id, '__text') and (contains(text(), 'successfully created') or contains(., 'successfully created'))]"}
RESULT: {"using":"xpath","value":"//*[contains(@id, '__text') and (contains(text(), 'successfully created') or contains(., 'successfully created'))]"}
COMMAND: GET /session/97f842ea50bbcd53f5e58b39b44e661d/element/f.4C3BA0BF09B228EDDC79F91E8A810388.d.8847E41C19F63F28779FED21D5035F26.e.16144/text - {}
RESULT: {}
COMMAND: POST /session/97f842ea50bbcd53f5e58b39b44e661d/execute/async - {"script":"<script> [1562 bytes]","args":[{"selector":{"controlType":"sap.m.Button","properties":{"text":"Close"},"searchOpenDialogs":true,"interaction":{"idSuffix":"BDI-content"}},"wdio_ui5_key":"sapm.Button{\"text\":\"Close\"}"}]}
RESULT: {"script":"<script> [1562 bytes]","args":[{"selector":{"controlType":"sap.m.Button","properties":{"text":"Close"},"searchOpenDialogs":true,"interaction":{"idSuffix":"BDI-content"}},"wdio_ui5_key":"sapm.Button{\"text\":\"Close\"}"}]}
RESULT: undefined
COMMAND: POST /session/97f842ea50bbcd53f5e58b39b44e661d/element - {"using":"xpath","value":"//*[@id=\"__mbox-btn-0\"]"}
RESULT: {"using":"xpath","value":"//*[@id=\"__mbox-btn-0\"]"}
COMMAND: POST /session/97f842ea50bbcd53f5e58b39b44e661d/element/f.4C3BA0BF09B228EDDC79F91E8A810388.d.8847E41C19F63F28779FED21D5035F26.e.16142/click - {}
RESULT: {}
COMMAND: GET /session/97f842ea50bbcd53f5e58b39b44e661d/screenshot - {}
RESULT: {}
COMMAND: POST /session/97f842ea50bbcd53f5e58b39b44e661d/execute/async - {"script":"<script> [1562 bytes]","args":[{"selector":{"controlType":"sap.ui.core.Icon","viewName":"etm.portal.ui.manageresources.view.Detail","viewId":"application-manageresources-display-component---detailRU","properties":{"src":{"regex":{"source":"overflow"}}}},"wdio_ui5_key":"etmportal.ui.manageresources.view.Detailsap.ui.core.Icon{\"src\":{\"regex\":{\"source\":\"overflow\"}}}"}]}
RESULT: {"script":"<script> [1562 bytes]","args":[{"selector":{"controlType":"sap.ui.core.Icon","viewName":"etm.portal.ui.manageresources.view.Detail","viewId":"application-manageresources-display-component---detailRU","properties":{"src":{"regex":{"source":"overflow"}}}},"wdio_ui5_key":"etmportal.ui.manageresources.view.Detailsap.ui.core.Icon{\"src\":{\"regex\":{\"source\":\"overflow\"}}}"}]}
RESULT: undefined
COMMAND: POST /session/97f842ea50bbcd53f5e58b39b44e661d/element - {"using":"xpath","value":"//*[@id=\"__title36-_actionsToolbar-overflowButton-img\"]"}
RESULT: {"using":"xpath","value":"//*[@id=\"__title36-_actionsToolbar-overflowButton-img\"]"}
COMMAND: POST /session/97f842ea50bbcd53f5e58b39b44e661d/element/f.4C3BA0BF09B228EDDC79F91E8A810388.d.8847E41C19F63F28779FED21D5035F26.e.16175/click - {}
RESULT: {}
COMMAND: POST /session/97f842ea50bbcd53f5e58b39b44e661d/execute/async - {"script":"<script> [1562 bytes]","args":[{"selector":{"controlType":"sap.m.Button","viewName":"etm.portal.ui.manageresources.view.Detail","viewId":"application-manageresources-display-component---detailRU","i18NText":{"propertyName":"tooltip","key":"closeColumn"},"searchOpenDialogs":true,"interaction":{"idSuffix":"inner"}},"wdio_ui5_key":"etmportal.ui.manageresources.view.Detailsap.m.Button{\"propertyName\":\"tooltip\",\"key\":\"closeColumn\"}"}]}
COMMAND: GET /session/97f842ea50bbcd53f5e58b39b44e661d/screenshot - {}
RESULT: {"script":"<script> [1562 bytes]","args":[{"selector":{"controlType":"sap.m.Button","viewName":"etm.portal.ui.manageresources.view.Detail","viewId":"application-manageresources-display-component---detailRU","i18NText":{"propertyName":"tooltip","key":"closeColumn"},"searchOpenDialogs":true,"interaction":{"idSuffix":"inner"}},"wdio_ui5_key":"etmportal.ui.manageresources.view.Detailsap.m.Button{\"propertyName\":\"tooltip\",\"key\":\"closeColumn\"}"}]}
RESULT: undefined
COMMAND: POST /session/97f842ea50bbcd53f5e58b39b44e661d/element - {"using":"xpath","value":"//*[@id=\"__button147\"]"}
RESULT: {}
RESULT: {"using":"xpath","value":"//*[@id=\"__button147\"]"}
COMMAND: POST /session/97f842ea50bbcd53f5e58b39b44e661d/element/f.4C3BA0BF09B228EDDC79F91E8A810388.d.8847E41C19F63F28779FED21D5035F26.e.16179/click - {}
RESULT: {}
COMMAND: GET /session/97f842ea50bbcd53f5e58b39b44e661d/screenshot - {}
RESULT: {}
COMMAND: POST /session/97f842ea50bbcd53f5e58b39b44e661d/refresh - {}
RESULT: {}
COMMAND: GET /session/97f842ea50bbcd53f5e58b39b44e661d/screenshot - {}
RESULT: {}
COMMAND: POST /session/97f842ea50bbcd53f5e58b39b44e661d/refresh - {}
RESULT: {}
COMMAND: GET /session/97f842ea50bbcd53f5e58b39b44e661d/screenshot - {}
RESULT: {}
RESULT: undefined
COMMAND: POST /session/97f842ea50bbcd53f5e58b39b44e661d/execute/async - {"script":"<script> [189 bytes]","args":[]}
RESULT: {"script":"<script> [189 bytes]","args":[]}
COMMAND: POST /session/97f842ea50bbcd53f5e58b39b44e661d/execute/async - {"script":"<script> [123 bytes]","args":[]}
RESULT: {"script":"<script> [123 bytes]","args":[]}
COMMAND: POST /session/97f842ea50bbcd53f5e58b39b44e661d/timeouts - {"script":"<number>"}
RESULT: {"script":"<number>"}
COMMAND: GET /session/97f842ea50bbcd53f5e58b39b44e661d/timeouts - {}
RESULT: {}
RESULT: undefined
COMMAND: POST /session/97f842ea50bbcd53f5e58b39b44e661d/execute/async - {"script":"<script> [2676 bytes]","args":[]}
RESULT: {"script":"<script> [2676 bytes]","args":[]}
COMMAND: POST /session/97f842ea50bbcd53f5e58b39b44e661d/execute/async - {"script":"<script> [2342 bytes]","args":[{"protocol":"http","hostname":"0.0.0.0","path":"/","capabilities":{"browserName":"chrome","goog:chromeOptions":{"binary":"C:\\Program Files\\Google\\Chrome\\Application\\chrome.exe","args":["--start-maximized"]}},"logLevel":"warn","connectionRetryTimeout":120000,"connectionRetryCount":3,"logLevels":{},"enableDirectConnect":true,"strictSSL":true,"_":"65 more keys: [\"cacheDir\",\"port\",\"requestedCapabilities\",\"automationProtocol\",\"baseUrl\",\"waitforInterval\",\"waitforTimeout\",\"onReload\",\"beforeCommand\",\"afterCommand\",\"rootDir\",\"specs\",\"suites\",\"exclude\",\"groupLogsByTestSpec\",\"excludeDriverLogs\",\"bail\",\"framework\",\"reporters\",\"services\",\"maxInstances\",\"maxInstancesPerCapability\",\"injectGlobals\",\"filesToWatch\",\"execArgv\",\"runnerEnv\",\"runner\",\"shard\",\"specFileRetries\",\"specFileRetriesDelay\",\"specFileRetriesDeferred\",\"reporterSyncInterval\",\"reporterSyncTimeout\",\"cucumberFeaturesWithLineNumbers\",\"autoCompileOpts\",\"mochaOpts\",\"jasmineOpts\",\"cucumberOpts\",\"onPrepare\",\"onWorkerStart\",\"onWorkerEnd\",\"before\",\"beforeSession\",\"beforeSuite\",\"beforeHook\",\"beforeTest\",\"afterTest\",\"afterHook\",\"afterSuite\",\"afterSession\",\"after\",\"onComplete\",\"beforeAssertion\",\"afterAssertion\",\"beforeFeature\",\"beforeScenario\",\"beforeStep\",\"afterStep\",\"afterScenario\",\"afterFeature\",\"_\",\"suite\",\"$0\",\"ignoredWorkerServices\",\"wdi5\"]"}]}
RESULT: {"script":"<script> [2342 bytes]","args":[{"protocol":"http","hostname":"0.0.0.0","path":"/","capabilities":{"browserName":"chrome","goog:chromeOptions":{"binary":"C:\\Program Files\\Google\\Chrome\\Application\\chrome.exe","args":["--start-maximized"]}},"logLevel":"warn","connectionRetryTimeout":120000,"connectionRetryCount":3,"logLevels":{},"enableDirectConnect":true,"strictSSL":true,"_":"65 more keys: [\"cacheDir\",\"port\",\"requestedCapabilities\",\"automationProtocol\",\"baseUrl\",\"waitforInterval\",\"waitforTimeout\",\"onReload\",\"beforeCommand\",\"afterCommand\",\"rootDir\",\"specs\",\"suites\",\"exclude\",\"groupLogsByTestSpec\",\"excludeDriverLogs\",\"bail\",\"framework\",\"reporters\",\"services\",\"maxInstances\",\"maxInstancesPerCapability\",\"injectGlobals\",\"filesToWatch\",\"execArgv\",\"runnerEnv\",\"runner\",\"shard\",\"specFileRetries\",\"specFileRetriesDelay\",\"specFileRetriesDeferred\",\"reporterSyncInterval\",\"reporterSyncTimeout\",\"cucumberFeaturesWithLineNumbers\",\"autoCompileOpts\",\"mochaOpts\",\"jasmineOpts\",\"cucumberOpts\",\"onPrepare\",\"onWorkerStart\",\"onWorkerEnd\",\"before\",\"beforeSession\",\"beforeSuite\",\"beforeHook\",\"beforeTest\",\"afterTest\",\"afterHook\",\"afterSuite\",\"afterSession\",\"after\",\"onComplete\",\"beforeAssertion\",\"afterAssertion\",\"beforeFeature\",\"beforeScenario\",\"beforeStep\",\"afterStep\",\"afterScenario\",\"afterFeature\",\"_\",\"suite\",\"$0\",\"ignoredWorkerServices\",\"wdi5\"]"}]}
COMMAND: POST /session/97f842ea50bbcd53f5e58b39b44e661d/execute/async - {"script":"<script> [21126 bytes]","args":[35000]}
RESULT: {"script":"<script> [21126 bytes]","args":[35000]}
COMMAND: POST /session/97f842ea50bbcd53f5e58b39b44e661d/element - {"using":"css selector","value":"#shell-header-logo"}
RESULT: {"using":"css selector","value":"#shell-header-logo"}
COMMAND: POST /session/97f842ea50bbcd53f5e58b39b44e661d/element/f.4C3BA0BF09B228EDDC79F91E8A810388.d.A2FA2A956EB9CDAA164CE3BB4AA3EE75.e.16286/click - {}
RESULT: {}
COMMAND: GET /session/97f842ea50bbcd53f5e58b39b44e661d/screenshot - {}
RESULT: {}
]]></system-out>
    </testcase>
    <testcase classname="chrome.135_0_7049_42.windows.Create_masterdata_for_Yard_Overview_-_trigger_provide_US130988" name="It should stock increase the resource" time="76.199">
      <system-out><![CDATA[
COMMAND: POST /session/97f842ea50bbcd53f5e58b39b44e661d/execute/async - {"script":"<script> [1562 bytes]","args":[{"selector":{"controlType":"sap.m.Text","viewName":"etm.portal.ui.managehandoverstile.view.Master","properties":{"text":"Manage Handovers"},"interaction":{"idSuffix":"inner"}},"wdio_ui5_key":"etmportal.ui.managehandoverstile.view.Mastersap.m.Text{\"text\":\"Manage Handovers\"}"}]}
RESULT: {"script":"<script> [1562 bytes]","args":[{"selector":{"controlType":"sap.m.Text","viewName":"etm.portal.ui.managehandoverstile.view.Master","properties":{"text":"Manage Handovers"},"interaction":{"idSuffix":"inner"}},"wdio_ui5_key":"etmportal.ui.managehandoverstile.view.Mastersap.m.Text{\"text\":\"Manage Handovers\"}"}]}
RESULT: undefined
COMMAND: POST /session/97f842ea50bbcd53f5e58b39b44e661d/element - {"using":"xpath","value":"//*[@id=\"__tile130-title\"]"}
RESULT: {"using":"xpath","value":"//*[@id=\"__tile130-title\"]"}
COMMAND: POST /session/97f842ea50bbcd53f5e58b39b44e661d/element/f.4C3BA0BF09B228EDDC79F91E8A810388.d.A2FA2A956EB9CDAA164CE3BB4AA3EE75.e.16473/click - {}
RESULT: {}
COMMAND: GET /session/97f842ea50bbcd53f5e58b39b44e661d/screenshot - {}
RESULT: {}
COMMAND: POST /session/97f842ea50bbcd53f5e58b39b44e661d/element - {"using":"xpath","value":"//button[@data-kt=\"masterHOAddButton\"]"}
RESULT: {"using":"xpath","value":"//button[@data-kt=\"masterHOAddButton\"]"}
COMMAND: POST /session/97f842ea50bbcd53f5e58b39b44e661d/execute/sync - {"script":"<script> [8489 bytes]","args":[{"element-6066-11e4-a52e-4f735466cecf":"f.4C3BA0BF09B228EDDC79F91E8A810388.d.A2FA2A956EB9CDAA164CE3BB4AA3EE75.e.16514","ELEMENT":"f.4C3BA0BF09B228EDDC79F91E8A810388.d.A2FA2A956EB9CDAA164CE3BB4AA3EE75.e.16514"}]}
RESULT: {"script":"<script> [8489 bytes]","args":[{"element-6066-11e4-a52e-4f735466cecf":"f.4C3BA0BF09B228EDDC79F91E8A810388.d.A2FA2A956EB9CDAA164CE3BB4AA3EE75.e.16514","ELEMENT":"f.4C3BA0BF09B228EDDC79F91E8A810388.d.A2FA2A956EB9CDAA164CE3BB4AA3EE75.e.16514"}]}
COMMAND: POST /session/97f842ea50bbcd53f5e58b39b44e661d/element/f.4C3BA0BF09B228EDDC79F91E8A810388.d.A2FA2A956EB9CDAA164CE3BB4AA3EE75.e.16514/click - {}
COMMAND: GET /session/97f842ea50bbcd53f5e58b39b44e661d/screenshot - {}
RESULT: {}
COMMAND: GET /session/97f842ea50bbcd53f5e58b39b44e661d/screenshot - {}
RESULT: {}
COMMAND: POST /session/97f842ea50bbcd53f5e58b39b44e661d/element - {"using":"xpath","value":"//span[contains(@id ,\"AddNewHO--typeSelect-arrow\")]"}
RESULT: {}
RESULT: {"using":"xpath","value":"//span[contains(@id ,\"AddNewHO--typeSelect-arrow\")]"}
COMMAND: POST /session/97f842ea50bbcd53f5e58b39b44e661d/element/f.4C3BA0BF09B228EDDC79F91E8A810388.d.A2FA2A956EB9CDAA164CE3BB4AA3EE75.e.16813/click - {}
RESULT: {}
COMMAND: GET /session/97f842ea50bbcd53f5e58b39b44e661d/screenshot - {}
RESULT: {}
COMMAND: POST /session/97f842ea50bbcd53f5e58b39b44e661d/element - {"using":"xpath","value":"(//li[contains(text(), \"stock increase yard\")])[1]"}
RESULT: {"using":"xpath","value":"(//li[contains(text(), \"stock increase yard\")])[1]"}
COMMAND: POST /session/97f842ea50bbcd53f5e58b39b44e661d/element/f.4C3BA0BF09B228EDDC79F91E8A810388.d.A2FA2A956EB9CDAA164CE3BB4AA3EE75.e.16814/click - {}
RESULT: {}
COMMAND: GET /session/97f842ea50bbcd53f5e58b39b44e661d/screenshot - {}
RESULT: {}
COMMAND: POST /session/97f842ea50bbcd53f5e58b39b44e661d/execute/async - {"script":"<script> [1562 bytes]","args":[{"selector":{"id":"application-managehandovers-display-component---AddNewHO--dueDate","interaction":{"idSuffix":"inner"}},"wdio_ui5_key":"applicationmanagehandovers-display-component---AddNewHO--dueDate"}]}
RESULT: {"script":"<script> [1562 bytes]","args":[{"selector":{"id":"application-managehandovers-display-component---AddNewHO--dueDate","interaction":{"idSuffix":"inner"}},"wdio_ui5_key":"applicationmanagehandovers-display-component---AddNewHO--dueDate"}]}
RESULT: undefined
COMMAND: POST /session/97f842ea50bbcd53f5e58b39b44e661d/execute/async - {"script":"<script> [6424 bytes]","args":[{"element-6066-11e4-a52e-4f735466cecf":"f.4C3BA0BF09B228EDDC79F91E8A810388.d.A2FA2A956EB9CDAA164CE3BB4AA3EE75.e.16816"},"setValue",["04/16/2025"]]}
RESULT: {"script":"<script> [6424 bytes]","args":[{"element-6066-11e4-a52e-4f735466cecf":"f.4C3BA0BF09B228EDDC79F91E8A810388.d.A2FA2A956EB9CDAA164CE3BB4AA3EE75.e.16816"},"setValue",["04/16/2025"]]}
COMMAND: POST /session/97f842ea50bbcd53f5e58b39b44e661d/element - {"using":"xpath","value":"//input[@id=\"generalSectionFrg--receiveYard-inner\"]"}
RESULT: {"using":"xpath","value":"//input[@id=\"generalSectionFrg--receiveYard-inner\"]"}
COMMAND: POST /session/97f842ea50bbcd53f5e58b39b44e661d/element/f.4C3BA0BF09B228EDDC79F91E8A810388.d.A2FA2A956EB9CDAA164CE3BB4AA3EE75.e.16822/clear - {}
RESULT: {}
COMMAND: POST /session/97f842ea50bbcd53f5e58b39b44e661d/element/f.4C3BA0BF09B228EDDC79F91E8A810388.d.A2FA2A956EB9CDAA164CE3BB4AA3EE75.e.16822/value - {"text":"WebdriverYard9rtaf"}
COMMAND: GET /session/97f842ea50bbcd53f5e58b39b44e661d/screenshot - {}
RESULT: {"text":"WebdriverYard9rtaf"}
COMMAND: GET /session/97f842ea50bbcd53f5e58b39b44e661d/screenshot - {}
RESULT: {}
RESULT: {}
COMMAND: POST /session/97f842ea50bbcd53f5e58b39b44e661d/execute/async - {"script":"<script> [1562 bytes]","args":[{"selector":{"id":"application-managehandovers-display-component---AddNewHO--ObjectPageLayout-anchBar-application-managehandovers-display-component---AddNewHO--section4-anchor","interaction":{"idSuffix":"BDI-content"}},"wdio_ui5_key":"applicationmanagehandovers-display-component---AddNewHO--ObjectPageLayout-anchBar-application-managehandovers-display-component---AddNewHO--section4-anchor"}]}
RESULT: {"script":"<script> [1562 bytes]","args":[{"selector":{"id":"application-managehandovers-display-component---AddNewHO--ObjectPageLayout-anchBar-application-managehandovers-display-component---AddNewHO--section4-anchor","interaction":{"idSuffix":"BDI-content"}},"wdio_ui5_key":"applicationmanagehandovers-display-component---AddNewHO--ObjectPageLayout-anchBar-application-managehandovers-display-component---AddNewHO--section4-anchor"}]}
RESULT: undefined
COMMAND: POST /session/97f842ea50bbcd53f5e58b39b44e661d/element - {"using":"xpath","value":"//*[@id=\"application-managehandovers-display-component---AddNewHO--ObjectPageLayout-anchBar-application-managehandovers-display-component---AddNewHO--section4-anchor\"]"}
RESULT: {"using":"xpath","value":"//*[@id=\"application-managehandovers-display-component---AddNewHO--ObjectPageLayout-anchBar-application-managehandovers-display-component---AddNewHO--section4-anchor\"]"}
COMMAND: POST /session/97f842ea50bbcd53f5e58b39b44e661d/element/f.4C3BA0BF09B228EDDC79F91E8A810388.d.A2FA2A956EB9CDAA164CE3BB4AA3EE75.e.16841/click - {}
RESULT: {}
COMMAND: GET /session/97f842ea50bbcd53f5e58b39b44e661d/screenshot - {}
RESULT: {}
COMMAND: POST /session/97f842ea50bbcd53f5e58b39b44e661d/element - {"using":"xpath","value":"//button[@aria-label=\"Add\"]"}
RESULT: {"using":"xpath","value":"//button[@aria-label=\"Add\"]"}
COMMAND: POST /session/97f842ea50bbcd53f5e58b39b44e661d/element/f.4C3BA0BF09B228EDDC79F91E8A810388.d.A2FA2A956EB9CDAA164CE3BB4AA3EE75.e.16845/click - {}
RESULT: {}
COMMAND: GET /session/97f842ea50bbcd53f5e58b39b44e661d/screenshot - {}
RESULT: {}
COMMAND: POST /session/97f842ea50bbcd53f5e58b39b44e661d/execute/async - {"script":"<script> [1562 bytes]","args":[{"selector":{"id":"application-managehandovers-display-component---AddNewHO--smartFilterBar-btnBasicSearch","searchOpenDialogs":true,"interaction":{"idSuffix":"I"}},"wdio_ui5_key":"applicationmanagehandovers-display-component---AddNewHO--smartFilterBar-btnBasicSearch"}]}
RESULT: {"script":"<script> [1562 bytes]","args":[{"selector":{"id":"application-managehandovers-display-component---AddNewHO--smartFilterBar-btnBasicSearch","searchOpenDialogs":true,"interaction":{"idSuffix":"I"}},"wdio_ui5_key":"applicationmanagehandovers-display-component---AddNewHO--smartFilterBar-btnBasicSearch"}]}
RESULT: undefined
COMMAND: POST /session/97f842ea50bbcd53f5e58b39b44e661d/execute/async - {"script":"<script> [776 bytes]","args":[{"enterText":"WebdriverRUR2C12wnk","selector":{"id":"application-managehandovers-display-component---AddNewHO--smartFilterBar-btnBasicSearch","searchOpenDialogs":true,"interaction":{"idSuffix":"I"}},"clearTextFirst":true,"interactionType":"ENTER_TEXT"}]}
RESULT: {"script":"<script> [776 bytes]","args":[{"enterText":"WebdriverRUR2C12wnk","selector":{"id":"application-managehandovers-display-component---AddNewHO--smartFilterBar-btnBasicSearch","searchOpenDialogs":true,"interaction":{"idSuffix":"I"}},"clearTextFirst":true,"interactionType":"ENTER_TEXT"}]}
COMMAND: POST /session/97f842ea50bbcd53f5e58b39b44e661d/actions - {"actions":[{"id":"action40","type":"key","parameters":{},"actions":[{"type":"keyDown","value":""},{"type":"pause","duration":10},{"type":"keyUp","value":""}]}]}
RESULT: {"actions":[{"id":"action40","type":"key","parameters":{},"actions":[{"type":"keyDown","value":""},{"type":"pause","duration":10},{"type":"keyUp","value":""}]}]}
COMMAND: POST /session/97f842ea50bbcd53f5e58b39b44e661d/execute/async - {"script":"<script> [1562 bytes]","args":[{"selector":{"id":"application-managehandovers-display-component---AddNewHO--popup-sa","searchOpenDialogs":true,"interaction":{"idSuffix":"CbBg"}},"wdio_ui5_key":"applicationmanagehandovers-display-component---AddNewHO--popup-sa"}]}
COMMAND: GET /session/97f842ea50bbcd53f5e58b39b44e661d/screenshot - {}
RESULT: {"script":"<script> [1562 bytes]","args":[{"selector":{"id":"application-managehandovers-display-component---AddNewHO--popup-sa","searchOpenDialogs":true,"interaction":{"idSuffix":"CbBg"}},"wdio_ui5_key":"applicationmanagehandovers-display-component---AddNewHO--popup-sa"}]}
RESULT: undefined
COMMAND: POST /session/97f842ea50bbcd53f5e58b39b44e661d/element - {"using":"xpath","value":"//*[@id=\"application-managehandovers-display-component---AddNewHO--popup-sa\"]"}
RESULT: {}
RESULT: {"using":"xpath","value":"//*[@id=\"application-managehandovers-display-component---AddNewHO--popup-sa\"]"}
COMMAND: POST /session/97f842ea50bbcd53f5e58b39b44e661d/element/f.4C3BA0BF09B228EDDC79F91E8A810388.d.A2FA2A956EB9CDAA164CE3BB4AA3EE75.e.16965/click - {}
RESULT: {}
COMMAND: GET /session/97f842ea50bbcd53f5e58b39b44e661d/screenshot - {}
RESULT: {}
COMMAND: POST /session/97f842ea50bbcd53f5e58b39b44e661d/element - {"using":"xpath","value":"//bdi[contains(text(), \"Select\")]"}
RESULT: {"using":"xpath","value":"//bdi[contains(text(), \"Select\")]"}
COMMAND: POST /session/97f842ea50bbcd53f5e58b39b44e661d/element/f.4C3BA0BF09B228EDDC79F91E8A810388.d.A2FA2A956EB9CDAA164CE3BB4AA3EE75.e.16966/click - {}
RESULT: {}
COMMAND: GET /session/97f842ea50bbcd53f5e58b39b44e661d/screenshot - {}
RESULT: {}
COMMAND: POST /session/97f842ea50bbcd53f5e58b39b44e661d/execute/async - {"script":"<script> [1562 bytes]","args":[{"selector":{"controlType":"sap.m.Input","viewName":"etm.portal.ui.managehandovers.view.AddNewHO","viewId":"application-managehandovers-display-component---AddNewHO","bindingPath":{"path":"/items/0","propertyPath":"TYPE","modelName":"hoItemsModel"},"interaction":{"idSuffix":"inner"}},"wdio_ui5_key":"etmportal.ui.managehandovers.view.AddNewHOsap.m.Input{\"path\":\"/items/0\",\"propertyPath\":\"TYPE\",\"modelName\":\"hoItemsModel\"}"}]}
RESULT: {"script":"<script> [1562 bytes]","args":[{"selector":{"controlType":"sap.m.Input","viewName":"etm.portal.ui.managehandovers.view.AddNewHO","viewId":"application-managehandovers-display-component---AddNewHO","bindingPath":{"path":"/items/0","propertyPath":"TYPE","modelName":"hoItemsModel"},"interaction":{"idSuffix":"inner"}},"wdio_ui5_key":"etmportal.ui.managehandovers.view.AddNewHOsap.m.Input{\"path\":\"/items/0\",\"propertyPath\":\"TYPE\",\"modelName\":\"hoItemsModel\"}"}]}
RESULT: undefined
COMMAND: POST /session/97f842ea50bbcd53f5e58b39b44e661d/execute/async - {"script":"<script> [776 bytes]","args":[{"enterText":"100","selector":{"controlType":"sap.m.Input","viewName":"etm.portal.ui.managehandovers.view.AddNewHO","viewId":"application-managehandovers-display-component---AddNewHO","bindingPath":{"path":"/items/0","propertyPath":"TYPE","modelName":"hoItemsModel"},"interaction":{"idSuffix":"inner"}},"clearTextFirst":true,"interactionType":"ENTER_TEXT"}]}
RESULT: {"script":"<script> [776 bytes]","args":[{"enterText":"100","selector":{"controlType":"sap.m.Input","viewName":"etm.portal.ui.managehandovers.view.AddNewHO","viewId":"application-managehandovers-display-component---AddNewHO","bindingPath":{"path":"/items/0","propertyPath":"TYPE","modelName":"hoItemsModel"},"interaction":{"idSuffix":"inner"}},"clearTextFirst":true,"interactionType":"ENTER_TEXT"}]}
COMMAND: POST /session/97f842ea50bbcd53f5e58b39b44e661d/element - {"using":"xpath","value":"//button[@data-kt=\"AddNewHOSaveButton\"]"}
RESULT: {"using":"xpath","value":"//button[@data-kt=\"AddNewHOSaveButton\"]"}
COMMAND: POST /session/97f842ea50bbcd53f5e58b39b44e661d/element/f.4C3BA0BF09B228EDDC79F91E8A810388.d.A2FA2A956EB9CDAA164CE3BB4AA3EE75.e.16971/click - {}
RESULT: {}
COMMAND: GET /session/97f842ea50bbcd53f5e58b39b44e661d/screenshot - {}
RESULT: {}
COMMAND: POST /session/97f842ea50bbcd53f5e58b39b44e661d/execute/async - {"script":"<script> [1562 bytes]","args":[{"selector":{"id":"receiptDatePicker","viewName":"etm.portal.ui.managehandovers.view.DetailExecuteHO","interaction":{"idSuffix":"inner"}},"wdio_ui5_key":"receiptDatePickeretmportal.ui.managehandovers.view.DetailExecuteHO"}]}
RESULT: {"script":"<script> [1562 bytes]","args":[{"selector":{"id":"receiptDatePicker","viewName":"etm.portal.ui.managehandovers.view.DetailExecuteHO","interaction":{"idSuffix":"inner"}},"wdio_ui5_key":"receiptDatePickeretmportal.ui.managehandovers.view.DetailExecuteHO"}]}
RESULT: undefined
COMMAND: POST /session/97f842ea50bbcd53f5e58b39b44e661d/execute/async - {"script":"<script> [6424 bytes]","args":[{"element-6066-11e4-a52e-4f735466cecf":"f.4C3BA0BF09B228EDDC79F91E8A810388.d.A2FA2A956EB9CDAA164CE3BB4AA3EE75.e.16998"},"setValue",["04/16/2025"]]}
RESULT: {"script":"<script> [6424 bytes]","args":[{"element-6066-11e4-a52e-4f735466cecf":"f.4C3BA0BF09B228EDDC79F91E8A810388.d.A2FA2A956EB9CDAA164CE3BB4AA3EE75.e.16998"},"setValue",["04/16/2025"]]}
COMMAND: POST /session/97f842ea50bbcd53f5e58b39b44e661d/element - {"using":"xpath","value":"//button[@data-kt=\"PickingTableConfirmAllButton\"]"}
RESULT: {"using":"xpath","value":"//button[@data-kt=\"PickingTableConfirmAllButton\"]"}
COMMAND: POST /session/97f842ea50bbcd53f5e58b39b44e661d/element/f.4C3BA0BF09B228EDDC79F91E8A810388.d.A2FA2A956EB9CDAA164CE3BB4AA3EE75.e.17014/click - {}
RESULT: {}
COMMAND: GET /session/97f842ea50bbcd53f5e58b39b44e661d/screenshot - {}
RESULT: {}
COMMAND: POST /session/97f842ea50bbcd53f5e58b39b44e661d/element - {"using":"xpath","value":"//bdi[contains(text(), \"OK\")]"}
RESULT: {"using":"xpath","value":"//bdi[contains(text(), \"OK\")]"}
COMMAND: POST /session/97f842ea50bbcd53f5e58b39b44e661d/element/f.4C3BA0BF09B228EDDC79F91E8A810388.d.A2FA2A956EB9CDAA164CE3BB4AA3EE75.e.17016/click - {}
RESULT: {}
COMMAND: GET /session/97f842ea50bbcd53f5e58b39b44e661d/screenshot - {}
RESULT: {}
COMMAND: POST /session/97f842ea50bbcd53f5e58b39b44e661d/element - {"using":"xpath","value":"(//bdi[contains(text(), \"Receive\")])[2]"}
RESULT: {"using":"xpath","value":"(//bdi[contains(text(), \"Receive\")])[2]"}
COMMAND: POST /session/97f842ea50bbcd53f5e58b39b44e661d/element/f.4C3BA0BF09B228EDDC79F91E8A810388.d.A2FA2A956EB9CDAA164CE3BB4AA3EE75.e.17018/click - {}
RESULT: {}
COMMAND: GET /session/97f842ea50bbcd53f5e58b39b44e661d/screenshot - {}
RESULT: {}
COMMAND: POST /session/97f842ea50bbcd53f5e58b39b44e661d/element - {"using":"css selector","value":"#shell-header-logo"}
RESULT: {"using":"css selector","value":"#shell-header-logo"}
COMMAND: POST /session/97f842ea50bbcd53f5e58b39b44e661d/element/f.4C3BA0BF09B228EDDC79F91E8A810388.d.A2FA2A956EB9CDAA164CE3BB4AA3EE75.e.16475/click - {}
RESULT: {}
]]></system-out>
    </testcase>
    <testcase classname="chrome.135_0_7049_42.windows.Create_masterdata_for_Yard_Overview_-_trigger_provide_US130988" name="Should create a new contract" time="54.661">
      <system-out><![CDATA[
COMMAND: POST /session/97f842ea50bbcd53f5e58b39b44e661d/execute/async - {"script":"<script> [1562 bytes]","args":[{"selector":{"controlType":"sap.m.GenericTile","viewName":"etm.portal.ui.managecontractstile.view.Master","i18NText":{"propertyName":"header","key":"manageContractsTileTitle"}},"wdio_ui5_key":"etmportal.ui.managecontractstile.view.Mastersap.m.GenericTile{\"propertyName\":\"header\",\"key\":\"manageContractsTileTitle\"}"}]}
COMMAND: GET /session/97f842ea50bbcd53f5e58b39b44e661d/screenshot - {}
RESULT: {"script":"<script> [1562 bytes]","args":[{"selector":{"controlType":"sap.m.GenericTile","viewName":"etm.portal.ui.managecontractstile.view.Master","i18NText":{"propertyName":"header","key":"manageContractsTileTitle"}},"wdio_ui5_key":"etmportal.ui.managecontractstile.view.Mastersap.m.GenericTile{\"propertyName\":\"header\",\"key\":\"manageContractsTileTitle\"}"}]}
RESULT: undefined
COMMAND: POST /session/97f842ea50bbcd53f5e58b39b44e661d/element - {"using":"xpath","value":"//*[@id=\"__tile132\"]"}
RESULT: {}
RESULT: {"using":"xpath","value":"//*[@id=\"__tile132\"]"}
COMMAND: POST /session/97f842ea50bbcd53f5e58b39b44e661d/element/f.4C3BA0BF09B228EDDC79F91E8A810388.d.A2FA2A956EB9CDAA164CE3BB4AA3EE75.e.17168/click - {}
RESULT: {}
COMMAND: GET /session/97f842ea50bbcd53f5e58b39b44e661d/screenshot - {}
RESULT: {}
RESULT: undefined
COMMAND: POST /session/97f842ea50bbcd53f5e58b39b44e661d/element - {"using":"xpath","value":"//button[@data-kt=\"addButton\"]"}
RESULT: {"using":"xpath","value":"//button[@data-kt=\"addButton\"]"}
COMMAND: POST /session/97f842ea50bbcd53f5e58b39b44e661d/element/f.4C3BA0BF09B228EDDC79F91E8A810388.d.A2FA2A956EB9CDAA164CE3BB4AA3EE75.e.17216/click - {}
RESULT: {}
COMMAND: GET /session/97f842ea50bbcd53f5e58b39b44e661d/screenshot - {}
COMMAND: POST /session/97f842ea50bbcd53f5e58b39b44e661d/execute/async - {"script":"<script> [1562 bytes]","args":[{"selector":{"id":"application-managecontracts-display-component---AddNewContract--projectDescription","interaction":{"idSuffix":"inner"}},"wdio_ui5_key":"applicationmanagecontracts-display-component---AddNewContract--projectDescription"}]}
RESULT: {}
RESULT: {"script":"<script> [1562 bytes]","args":[{"selector":{"id":"application-managecontracts-display-component---AddNewContract--projectDescription","interaction":{"idSuffix":"inner"}},"wdio_ui5_key":"applicationmanagecontracts-display-component---AddNewContract--projectDescription"}]}
RESULT: undefined
COMMAND: POST /session/97f842ea50bbcd53f5e58b39b44e661d/execute/async - {"script":"<script> [776 bytes]","args":[{"enterText":"WdIOOverviewpbf9w","selector":{"id":"application-managecontracts-display-component---AddNewContract--projectDescription","interaction":{"idSuffix":"inner"}},"clearTextFirst":true,"interactionType":"ENTER_TEXT"}]}
RESULT: {"script":"<script> [776 bytes]","args":[{"enterText":"WdIOOverviewpbf9w","selector":{"id":"application-managecontracts-display-component---AddNewContract--projectDescription","interaction":{"idSuffix":"inner"}},"clearTextFirst":true,"interactionType":"ENTER_TEXT"}]}
COMMAND: POST /session/97f842ea50bbcd53f5e58b39b44e661d/element - {"using":"xpath","value":"//input[@id=\"application-managecontracts-display-component---AddNewContract--yardId-inner\"]"}
RESULT: {"using":"xpath","value":"//input[@id=\"application-managecontracts-display-component---AddNewContract--yardId-inner\"]"}
COMMAND: POST /session/97f842ea50bbcd53f5e58b39b44e661d/element/f.4C3BA0BF09B228EDDC79F91E8A810388.d.A2FA2A956EB9CDAA164CE3BB4AA3EE75.e.17502/clear - {}
RESULT: {}
COMMAND: POST /session/97f842ea50bbcd53f5e58b39b44e661d/element/f.4C3BA0BF09B228EDDC79F91E8A810388.d.A2FA2A956EB9CDAA164CE3BB4AA3EE75.e.17502/value - {"text":"WebdriverYard9rtaf"}
COMMAND: GET /session/97f842ea50bbcd53f5e58b39b44e661d/screenshot - {}
RESULT: {"text":"WebdriverYard9rtaf"}
COMMAND: GET /session/97f842ea50bbcd53f5e58b39b44e661d/screenshot - {}
RESULT: {}
RESULT: {}
COMMAND: POST /session/97f842ea50bbcd53f5e58b39b44e661d/actions - {"actions":[{"id":"action41","type":"key","parameters":{},"actions":[{"type":"keyDown","value":""},{"type":"pause","duration":10},{"type":"keyUp","value":""}]}]}
RESULT: {"actions":[{"id":"action41","type":"key","parameters":{},"actions":[{"type":"keyDown","value":""},{"type":"pause","duration":10},{"type":"keyUp","value":""}]}]}
COMMAND: GET /session/97f842ea50bbcd53f5e58b39b44e661d/screenshot - {}
RESULT: {}
COMMAND: POST /session/97f842ea50bbcd53f5e58b39b44e661d/element - {"using":"xpath","value":"//input[@id=\"application-managecontracts-display-component---AddNewContract--customerSelect-inner\"]"}
RESULT: {"using":"xpath","value":"//input[@id=\"application-managecontracts-display-component---AddNewContract--customerSelect-inner\"]"}
COMMAND: POST /session/97f842ea50bbcd53f5e58b39b44e661d/element/f.4C3BA0BF09B228EDDC79F91E8A810388.d.A2FA2A956EB9CDAA164CE3BB4AA3EE75.e.17500/clear - {}
RESULT: {}
COMMAND: POST /session/97f842ea50bbcd53f5e58b39b44e661d/element/f.4C3BA0BF09B228EDDC79F91E8A810388.d.A2FA2A956EB9CDAA164CE3BB4AA3EE75.e.17500/value - {"text":"WebdriverPartneri12zb"}
COMMAND: GET /session/97f842ea50bbcd53f5e58b39b44e661d/screenshot - {}
RESULT: {"text":"WebdriverPartneri12zb"}
COMMAND: GET /session/97f842ea50bbcd53f5e58b39b44e661d/screenshot - {}
RESULT: {}
RESULT: {}
COMMAND: POST /session/97f842ea50bbcd53f5e58b39b44e661d/actions - {"actions":[{"id":"action42","type":"key","parameters":{},"actions":[{"type":"keyDown","value":""},{"type":"pause","duration":10},{"type":"keyUp","value":""}]}]}
RESULT: {"actions":[{"id":"action42","type":"key","parameters":{},"actions":[{"type":"keyDown","value":""},{"type":"pause","duration":10},{"type":"keyUp","value":""}]}]}
COMMAND: GET /session/97f842ea50bbcd53f5e58b39b44e661d/screenshot - {}
RESULT: {}
COMMAND: POST /session/97f842ea50bbcd53f5e58b39b44e661d/element - {"using":"xpath","value":"//input[@id=\"application-managecontracts-display-component---AddNewContract--site-inner\"]"}
RESULT: {"using":"xpath","value":"//input[@id=\"application-managecontracts-display-component---AddNewContract--site-inner\"]"}
COMMAND: POST /session/97f842ea50bbcd53f5e58b39b44e661d/element/f.4C3BA0BF09B228EDDC79F91E8A810388.d.A2FA2A956EB9CDAA164CE3BB4AA3EE75.e.17501/clear - {}
RESULT: {}
COMMAND: POST /session/97f842ea50bbcd53f5e58b39b44e661d/element/f.4C3BA0BF09B228EDDC79F91E8A810388.d.A2FA2A956EB9CDAA164CE3BB4AA3EE75.e.17501/value - {"text":"WebdriverSiteiwa9"}
COMMAND: GET /session/97f842ea50bbcd53f5e58b39b44e661d/screenshot - {}
RESULT: {"text":"WebdriverSiteiwa9"}
COMMAND: GET /session/97f842ea50bbcd53f5e58b39b44e661d/screenshot - {}
RESULT: {}
RESULT: {}
COMMAND: POST /session/97f842ea50bbcd53f5e58b39b44e661d/actions - {"actions":[{"id":"action43","type":"key","parameters":{},"actions":[{"type":"keyDown","value":""},{"type":"pause","duration":10},{"type":"keyUp","value":""}]}]}
RESULT: {"actions":[{"id":"action43","type":"key","parameters":{},"actions":[{"type":"keyDown","value":""},{"type":"pause","duration":10},{"type":"keyUp","value":""}]}]}
COMMAND: GET /session/97f842ea50bbcd53f5e58b39b44e661d/screenshot - {}
RESULT: {}
COMMAND: POST /session/97f842ea50bbcd53f5e58b39b44e661d/element - {"using":"xpath","value":"//button[@data-kt=\"saveButton\"]"}
RESULT: {"using":"xpath","value":"//button[@data-kt=\"saveButton\"]"}
COMMAND: POST /session/97f842ea50bbcd53f5e58b39b44e661d/element/f.4C3BA0BF09B228EDDC79F91E8A810388.d.A2FA2A956EB9CDAA164CE3BB4AA3EE75.e.17524/click - {}
RESULT: {}
COMMAND: GET /session/97f842ea50bbcd53f5e58b39b44e661d/screenshot - {}
RESULT: {}
COMMAND: POST /session/97f842ea50bbcd53f5e58b39b44e661d/execute/async - {"script":"<script> [1562 bytes]","args":[{"selector":{"id":"contractDetailTitleNoExpanded","viewName":"etm.portal.ui.managecontracts.view.Detail"},"wdio_ui5_key":"contractDetailTitleNoExpandedetmportal.ui.managecontracts.view.Detail"}]}
RESULT: {"script":"<script> [1562 bytes]","args":[{"selector":{"id":"contractDetailTitleNoExpanded","viewName":"etm.portal.ui.managecontracts.view.Detail"},"wdio_ui5_key":"contractDetailTitleNoExpandedetmportal.ui.managecontracts.view.Detail"}]}
RESULT: undefined
COMMAND: POST /session/97f842ea50bbcd53f5e58b39b44e661d/execute/async - {"script":"<script> [6424 bytes]","args":[{"element-6066-11e4-a52e-4f735466cecf":"f.4C3BA0BF09B228EDDC79F91E8A810388.d.A2FA2A956EB9CDAA164CE3BB4AA3EE75.e.17604"},"getText",[]]}
RESULT: {"script":"<script> [6424 bytes]","args":[{"element-6066-11e4-a52e-4f735466cecf":"f.4C3BA0BF09B228EDDC79F91E8A810388.d.A2FA2A956EB9CDAA164CE3BB4AA3EE75.e.17604"},"getText",[]]}
]]></system-out>
    </testcase>
    <testcase classname="chrome.135_0_7049_42.windows.Create_masterdata_for_Yard_Overview_-_trigger_provide_US130988" name="Should add material to the contract" time="44.887">
      <system-out><![CDATA[
COMMAND: POST /session/97f842ea50bbcd53f5e58b39b44e661d/element - {"using":"xpath","value":"//button[@data-kt=\"contractDetailEditBtnButton\"]"}
RESULT: {"using":"xpath","value":"//button[@data-kt=\"contractDetailEditBtnButton\"]"}
COMMAND: POST /session/97f842ea50bbcd53f5e58b39b44e661d/element/f.4C3BA0BF09B228EDDC79F91E8A810388.d.A2FA2A956EB9CDAA164CE3BB4AA3EE75.e.17605/click - {}
RESULT: {}
COMMAND: GET /session/97f842ea50bbcd53f5e58b39b44e661d/screenshot - {}
RESULT: {}
COMMAND: POST /session/97f842ea50bbcd53f5e58b39b44e661d/element - {"using":"xpath","value":"(//span[contains(text(), \"Additional Addresses\")])[2]"}
RESULT: {"using":"xpath","value":"(//span[contains(text(), \"Additional Addresses\")])[2]"}
COMMAND: POST /session/97f842ea50bbcd53f5e58b39b44e661d/element/f.4C3BA0BF09B228EDDC79F91E8A810388.d.A2FA2A956EB9CDAA164CE3BB4AA3EE75.e.17662/click - {}
RESULT: {}
COMMAND: GET /session/97f842ea50bbcd53f5e58b39b44e661d/screenshot - {}
RESULT: {}
COMMAND: POST /session/97f842ea50bbcd53f5e58b39b44e661d/element - {"using":"xpath","value":"//button[@data-kt=\"btnAddTableRowOverflowToolbarButton\"]"}
RESULT: {"using":"xpath","value":"//button[@data-kt=\"btnAddTableRowOverflowToolbarButton\"]"}
COMMAND: POST /session/97f842ea50bbcd53f5e58b39b44e661d/element/f.4C3BA0BF09B228EDDC79F91E8A810388.d.A2FA2A956EB9CDAA164CE3BB4AA3EE75.e.17664/click - {}
RESULT: {}
COMMAND: GET /session/97f842ea50bbcd53f5e58b39b44e661d/screenshot - {}
RESULT: {}
COMMAND: POST /session/97f842ea50bbcd53f5e58b39b44e661d/element - {"using":"xpath","value":"//div[(text() = 'Standard Entry' or . = 'Standard Entry')]"}
RESULT: {"using":"xpath","value":"//div[(text() = 'Standard Entry' or . = 'Standard Entry')]"}
COMMAND: POST /session/97f842ea50bbcd53f5e58b39b44e661d/element/f.4C3BA0BF09B228EDDC79F91E8A810388.d.A2FA2A956EB9CDAA164CE3BB4AA3EE75.e.17666/click - {}
RESULT: {}
COMMAND: POST /session/97f842ea50bbcd53f5e58b39b44e661d/element - {"using":"xpath","value":"//td[6]/div/div/input[1]"}
COMMAND: GET /session/97f842ea50bbcd53f5e58b39b44e661d/screenshot - {}
RESULT: {"using":"xpath","value":"//td[6]/div/div/input[1]"}
COMMAND: POST /session/97f842ea50bbcd53f5e58b39b44e661d/element/f.4C3BA0BF09B228EDDC79F91E8A810388.d.A2FA2A956EB9CDAA164CE3BB4AA3EE75.e.17668/click - {}
RESULT: {}
RESULT: {}
COMMAND: POST /session/97f842ea50bbcd53f5e58b39b44e661d/actions - {"actions":[{"id":"action44","type":"key","parameters":{},"actions":[{"type":"keyDown","value":""},{"type":"pause","duration":10},{"type":"keyUp","value":""}]}]}
COMMAND: GET /session/97f842ea50bbcd53f5e58b39b44e661d/screenshot - {}
RESULT: {"actions":[{"id":"action44","type":"key","parameters":{},"actions":[{"type":"keyDown","value":""},{"type":"pause","duration":10},{"type":"keyUp","value":""}]}]}
COMMAND: POST /session/97f842ea50bbcd53f5e58b39b44e661d/element - {"using":"xpath","value":"//td[6]/div/div/input[1]"}
COMMAND: GET /session/97f842ea50bbcd53f5e58b39b44e661d/screenshot - {}
RESULT: {}
RESULT: {"using":"xpath","value":"//td[6]/div/div/input[1]"}
COMMAND: POST /session/97f842ea50bbcd53f5e58b39b44e661d/element/f.4C3BA0BF09B228EDDC79F91E8A810388.d.A2FA2A956EB9CDAA164CE3BB4AA3EE75.e.17668/clear - {}
RESULT: {}
RESULT: {}
COMMAND: POST /session/97f842ea50bbcd53f5e58b39b44e661d/element/f.4C3BA0BF09B228EDDC79F91E8A810388.d.A2FA2A956EB9CDAA164CE3BB4AA3EE75.e.17668/value - {"text":"Material"}
COMMAND: GET /session/97f842ea50bbcd53f5e58b39b44e661d/screenshot - {}
RESULT: {"text":"Material"}
COMMAND: GET /session/97f842ea50bbcd53f5e58b39b44e661d/screenshot - {}
RESULT: {}
RESULT: {}
COMMAND: POST /session/97f842ea50bbcd53f5e58b39b44e661d/actions - {"actions":[{"id":"action45","type":"key","parameters":{},"actions":[{"type":"keyDown","value":""},{"type":"pause","duration":10},{"type":"keyUp","value":""}]}]}
RESULT: {"actions":[{"id":"action45","type":"key","parameters":{},"actions":[{"type":"keyDown","value":""},{"type":"pause","duration":10},{"type":"keyUp","value":""}]}]}
COMMAND: GET /session/97f842ea50bbcd53f5e58b39b44e661d/screenshot - {}
RESULT: {}
COMMAND: POST /session/97f842ea50bbcd53f5e58b39b44e661d/actions - {"actions":[{"id":"action46","type":"key","parameters":{},"actions":[{"type":"keyDown","value":""},{"type":"pause","duration":10},{"type":"keyUp","value":""}]}]}
RESULT: {"actions":[{"id":"action46","type":"key","parameters":{},"actions":[{"type":"keyDown","value":""},{"type":"pause","duration":10},{"type":"keyUp","value":""}]}]}
COMMAND: POST /session/97f842ea50bbcd53f5e58b39b44e661d/element - {"using":"xpath","value":"//td[7]/div/div/input"}
COMMAND: GET /session/97f842ea50bbcd53f5e58b39b44e661d/screenshot - {}
RESULT: {"using":"xpath","value":"//td[7]/div/div/input"}
COMMAND: POST /session/97f842ea50bbcd53f5e58b39b44e661d/element/f.4C3BA0BF09B228EDDC79F91E8A810388.d.A2FA2A956EB9CDAA164CE3BB4AA3EE75.e.17681/clear - {}
RESULT: {}
RESULT: {}
COMMAND: POST /session/97f842ea50bbcd53f5e58b39b44e661d/element/f.4C3BA0BF09B228EDDC79F91E8A810388.d.A2FA2A956EB9CDAA164CE3BB4AA3EE75.e.17681/value - {"text":"WebdriverRUR2C12wnk"}
COMMAND: GET /session/97f842ea50bbcd53f5e58b39b44e661d/screenshot - {}
RESULT: {"text":"WebdriverRUR2C12wnk"}
COMMAND: GET /session/97f842ea50bbcd53f5e58b39b44e661d/screenshot - {}
RESULT: {}
RESULT: {}
COMMAND: POST /session/97f842ea50bbcd53f5e58b39b44e661d/actions - {"actions":[{"id":"action47","type":"key","parameters":{},"actions":[{"type":"keyDown","value":""},{"type":"pause","duration":10},{"type":"keyUp","value":""}]}]}
RESULT: {"actions":[{"id":"action47","type":"key","parameters":{},"actions":[{"type":"keyDown","value":""},{"type":"pause","duration":10},{"type":"keyUp","value":""}]}]}
COMMAND: GET /session/97f842ea50bbcd53f5e58b39b44e661d/screenshot - {}
RESULT: {}
COMMAND: POST /session/97f842ea50bbcd53f5e58b39b44e661d/actions - {"actions":[{"id":"action48","type":"key","parameters":{},"actions":[{"type":"keyDown","value":""},{"type":"pause","duration":10},{"type":"keyUp","value":""}]}]}
RESULT: {"actions":[{"id":"action48","type":"key","parameters":{},"actions":[{"type":"keyDown","value":""},{"type":"pause","duration":10},{"type":"keyUp","value":""}]}]}
COMMAND: GET /session/97f842ea50bbcd53f5e58b39b44e661d/screenshot - {}
RESULT: {}
COMMAND: POST /session/97f842ea50bbcd53f5e58b39b44e661d/element - {"using":"xpath","value":"(//button[@data-kt=\"saveButton\"])[2]"}
RESULT: {"using":"xpath","value":"(//button[@data-kt=\"saveButton\"])[2]"}
COMMAND: POST /session/97f842ea50bbcd53f5e58b39b44e661d/element/f.4C3BA0BF09B228EDDC79F91E8A810388.d.A2FA2A956EB9CDAA164CE3BB4AA3EE75.e.17707/click - {}
RESULT: {}
COMMAND: GET /session/97f842ea50bbcd53f5e58b39b44e661d/screenshot - {}
RESULT: {}
]]></system-out>
    </testcase>
    <testcase classname="chrome.135_0_7049_42.windows.Create_masterdata_for_Yard_Overview_-_trigger_provide_US130988" name="Navigate to Yard overview and provide the RU" time="114.428">
      <system-out><![CDATA[
COMMAND: POST /session/97f842ea50bbcd53f5e58b39b44e661d/element - {"using":"css selector","value":"#shell-header-logo"}
RESULT: {"using":"css selector","value":"#shell-header-logo"}
COMMAND: POST /session/97f842ea50bbcd53f5e58b39b44e661d/element/f.4C3BA0BF09B228EDDC79F91E8A810388.d.A2FA2A956EB9CDAA164CE3BB4AA3EE75.e.17170/click - {}
RESULT: {}
COMMAND: GET /session/97f842ea50bbcd53f5e58b39b44e661d/screenshot - {}
RESULT: {}
COMMAND: POST /session/97f842ea50bbcd53f5e58b39b44e661d/execute/async - {"script":"<script> [1562 bytes]","args":[{"selector":{"controlType":"sap.m.GenericTile","properties":{"header":"Yard Overview"}},"wdio_ui5_key":"sapm.GenericTile{\"header\":\"Yard Overview\"}"}]}
RESULT: {"script":"<script> [1562 bytes]","args":[{"selector":{"controlType":"sap.m.GenericTile","properties":{"header":"Yard Overview"}},"wdio_ui5_key":"sapm.GenericTile{\"header\":\"Yard Overview\"}"}]}
RESULT: undefined
COMMAND: POST /session/97f842ea50bbcd53f5e58b39b44e661d/element - {"using":"xpath","value":"//*[@id=\"__tile102\"]"}
RESULT: {"using":"xpath","value":"//*[@id=\"__tile102\"]"}
COMMAND: POST /session/97f842ea50bbcd53f5e58b39b44e661d/element/f.4C3BA0BF09B228EDDC79F91E8A810388.d.A2FA2A956EB9CDAA164CE3BB4AA3EE75.e.17711/click - {}
RESULT: {}
COMMAND: GET /session/97f842ea50bbcd53f5e58b39b44e661d/screenshot - {}
RESULT: {}
COMMAND: POST /session/97f842ea50bbcd53f5e58b39b44e661d/execute/async - {"script":"<script> [1562 bytes]","args":[{"selector":{"id":"application-yardoverview-display-component---masterYardInventory--smartFilterBar-btnBasicSearch","interaction":{"idSuffix":"I"}},"wdio_ui5_key":"applicationyardoverview-display-component---masterYardInventory--smartFilterBar-btnBasicSearch"}]}
RESULT: {"script":"<script> [1562 bytes]","args":[{"selector":{"id":"application-yardoverview-display-component---masterYardInventory--smartFilterBar-btnBasicSearch","interaction":{"idSuffix":"I"}},"wdio_ui5_key":"applicationyardoverview-display-component---masterYardInventory--smartFilterBar-btnBasicSearch"}]}
RESULT: undefined
COMMAND: POST /session/97f842ea50bbcd53f5e58b39b44e661d/execute/async - {"script":"<script> [776 bytes]","args":[{"enterText":"WebdriverYard9rtaf","selector":{"id":"application-yardoverview-display-component---masterYardInventory--smartFilterBar-btnBasicSearch","interaction":{"idSuffix":"I"}},"clearTextFirst":true,"interactionType":"ENTER_TEXT"}]}
RESULT: {"script":"<script> [776 bytes]","args":[{"enterText":"WebdriverYard9rtaf","selector":{"id":"application-yardoverview-display-component---masterYardInventory--smartFilterBar-btnBasicSearch","interaction":{"idSuffix":"I"}},"clearTextFirst":true,"interactionType":"ENTER_TEXT"}]}
COMMAND: POST /session/97f842ea50bbcd53f5e58b39b44e661d/actions - {"actions":[{"id":"action49","type":"key","parameters":{},"actions":[{"type":"keyDown","value":""},{"type":"pause","duration":10},{"type":"keyUp","value":""}]}]}
RESULT: {"actions":[{"id":"action49","type":"key","parameters":{},"actions":[{"type":"keyDown","value":""},{"type":"pause","duration":10},{"type":"keyUp","value":""}]}]}
COMMAND: GET /session/97f842ea50bbcd53f5e58b39b44e661d/screenshot - {}
RESULT: {}
COMMAND: POST /session/97f842ea50bbcd53f5e58b39b44e661d/execute/async - {"script":"<script> [1562 bytes]","args":[{"selector":{"controlType":"sap.m.ColumnListItem","viewName":"etm.portal.ui.yardoverview.view.Master","viewId":"application-yardoverview-display-component---masterYardInventory","properties":{"type":"Navigation"},"interaction":{"idSuffix":"TypeCell"}},"wdio_ui5_key":"etmportal.ui.yardoverview.view.Mastersap.m.ColumnListItem{\"type\":\"Navigation\"}"}]}
RESULT: {"script":"<script> [1562 bytes]","args":[{"selector":{"controlType":"sap.m.ColumnListItem","viewName":"etm.portal.ui.yardoverview.view.Master","viewId":"application-yardoverview-display-component---masterYardInventory","properties":{"type":"Navigation"},"interaction":{"idSuffix":"TypeCell"}},"wdio_ui5_key":"etmportal.ui.yardoverview.view.Mastersap.m.ColumnListItem{\"type\":\"Navigation\"}"}]}
RESULT: undefined
COMMAND: POST /session/97f842ea50bbcd53f5e58b39b44e661d/element - {"using":"xpath","value":"//*[@id=\"__item1623-__clone4660\"]"}
RESULT: {"using":"xpath","value":"//*[@id=\"__item1623-__clone4660\"]"}
COMMAND: POST /session/97f842ea50bbcd53f5e58b39b44e661d/element/f.4C3BA0BF09B228EDDC79F91E8A810388.d.A2FA2A956EB9CDAA164CE3BB4AA3EE75.e.17888/click - {}
RESULT: {}
COMMAND: GET /session/97f842ea50bbcd53f5e58b39b44e661d/screenshot - {}
RESULT: {}
COMMAND: POST /session/97f842ea50bbcd53f5e58b39b44e661d/execute/async - {"script":"<script> [1562 bytes]","args":[{"selector":{"id":"application-yardoverview-display-component---detailYardInventory--openProvides-triggerAction-provideBtn","interaction":{"idSuffix":"BDI-content"}},"wdio_ui5_key":"applicationyardoverview-display-component---detailYardInventory--openProvides-triggerAction-provideBtn"}]}
RESULT: {"script":"<script> [1562 bytes]","args":[{"selector":{"id":"application-yardoverview-display-component---detailYardInventory--openProvides-triggerAction-provideBtn","interaction":{"idSuffix":"BDI-content"}},"wdio_ui5_key":"applicationyardoverview-display-component---detailYardInventory--openProvides-triggerAction-provideBtn"}]}
RESULT: undefined
COMMAND: POST /session/97f842ea50bbcd53f5e58b39b44e661d/element - {"using":"xpath","value":"//*[@id=\"application-yardoverview-display-component---detailYardInventory--openProvides-triggerAction-provideBtn\"]"}
RESULT: {"using":"xpath","value":"//*[@id=\"application-yardoverview-display-component---detailYardInventory--openProvides-triggerAction-provideBtn\"]"}
COMMAND: POST /session/97f842ea50bbcd53f5e58b39b44e661d/element/f.4C3BA0BF09B228EDDC79F91E8A810388.d.A2FA2A956EB9CDAA164CE3BB4AA3EE75.e.17923/click - {}
RESULT: {}
COMMAND: POST /session/97f842ea50bbcd53f5e58b39b44e661d/execute/async - {"script":"<script> [1562 bytes]","args":[{"selector":{"controlType":"sap.m.CheckBox","viewName":"etm.portal.ui.yardoverview.view.Detail","viewId":"application-yardoverview-display-component---detailYardInventory","properties":{"editable":true},"ancestor":{"controlType":"sap.m.ColumnListItem","viewName":"etm.portal.ui.yardoverview.view.Detail","viewId":"application-yardoverview-display-component---detailYardInventory","bindingPath":{"path":"/SmartOpenRUYardInventory(CONTRACT='10355',ITEM=10m,SUB_ITEM=0m)"},"ancestor":{"id":"application-yardoverview-display-component---detailYardInventory--customProvidesTable"}},"interaction":{"idSuffix":"CbBg"}},"wdio_ui5_key":"etmportal.ui.yardoverview.view.Detailsap.m.CheckBox{\"editable\":true}{\"controlType\":\"sap.m.ColumnListItem\",\"viewName\":\"etm.portal.ui.yardoverview.view.Detail\",\"viewId\":\"application-yardoverview-display-component---detailYardInventory\",\"bindingPath\":{\"path\":\"/SmartOpenRUYardInventory(CONTRACT='10355',ITEM=10m,SUB_ITEM=0m)\"},\"ancestor\":{\"id\":\"application-yardoverview-display-component---detailYardInventory--customProvidesTable\"}}"}]}
COMMAND: GET /session/97f842ea50bbcd53f5e58b39b44e661d/screenshot - {}
RESULT: {"script":"<script> [1562 bytes]","args":[{"selector":{"controlType":"sap.m.CheckBox","viewName":"etm.portal.ui.yardoverview.view.Detail","viewId":"application-yardoverview-display-component---detailYardInventory","properties":{"editable":true},"ancestor":{"controlType":"sap.m.ColumnListItem","viewName":"etm.portal.ui.yardoverview.view.Detail","viewId":"application-yardoverview-display-component---detailYardInventory","bindingPath":{"path":"/SmartOpenRUYardInventory(CONTRACT='10355',ITEM=10m,SUB_ITEM=0m)"},"ancestor":{"id":"application-yardoverview-display-component---detailYardInventory--customProvidesTable"}},"interaction":{"idSuffix":"CbBg"}},"wdio_ui5_key":"etmportal.ui.yardoverview.view.Detailsap.m.CheckBox{\"editable\":true}{\"controlType\":\"sap.m.ColumnListItem\",\"viewName\":\"etm.portal.ui.yardoverview.view.Detail\",\"viewId\":\"application-yardoverview-display-component---detailYardInventory\",\"bindingPath\":{\"path\":\"/SmartOpenRUYardInventory(CONTRACT='10355',ITEM=10m,SUB_ITEM=0m)\"},\"ancestor\":{\"id\":\"application-yardoverview-display-component---detailYardInventory--customProvidesTable\"}}"}]}
RESULT: undefined
COMMAND: POST /session/97f842ea50bbcd53f5e58b39b44e661d/element - {"using":"xpath","value":"//*[@id=\"__item1653-__clone4760-selectMulti\"]"}
RESULT: {}
RESULT: {"using":"xpath","value":"//*[@id=\"__item1653-__clone4760-selectMulti\"]"}
COMMAND: POST /session/97f842ea50bbcd53f5e58b39b44e661d/element/f.4C3BA0BF09B228EDDC79F91E8A810388.d.A2FA2A956EB9CDAA164CE3BB4AA3EE75.e.17999/click - {}
RESULT: {}
COMMAND: GET /session/97f842ea50bbcd53f5e58b39b44e661d/screenshot - {}
RESULT: {}
RESULT: undefined
COMMAND: POST /session/97f842ea50bbcd53f5e58b39b44e661d/element - {"using":"xpath","value":"//*[@id=\"application-yardoverview-display-component---detailYardInventory--openProvides-triggerAction-provideBtn\"]"}
RESULT: {"using":"xpath","value":"//*[@id=\"application-yardoverview-display-component---detailYardInventory--openProvides-triggerAction-provideBtn\"]"}
COMMAND: POST /session/97f842ea50bbcd53f5e58b39b44e661d/element/f.4C3BA0BF09B228EDDC79F91E8A810388.d.A2FA2A956EB9CDAA164CE3BB4AA3EE75.e.17923/click - {}
RESULT: {}
COMMAND: GET /session/97f842ea50bbcd53f5e58b39b44e661d/screenshot - {}
RESULT: {}
COMMAND: POST /session/97f842ea50bbcd53f5e58b39b44e661d/actions - {"actions":[{"id":"action50","type":"key","parameters":{},"actions":[{"type":"keyDown","value":""},{"type":"pause","duration":10},{"type":"keyUp","value":""}]}]}
RESULT: {"actions":[{"id":"action50","type":"key","parameters":{},"actions":[{"type":"keyDown","value":""},{"type":"pause","duration":10},{"type":"keyUp","value":""}]}]}
COMMAND: GET /session/97f842ea50bbcd53f5e58b39b44e661d/screenshot - {}
RESULT: {}
COMMAND: POST /session/97f842ea50bbcd53f5e58b39b44e661d/execute/async - {"script":"<script> [1562 bytes]","args":[{"selector":{"id":"application-yardoverview-display-component---detailYardInventory--smartTableProvides-btnPersonalisation-img"},"wdio_ui5_key":"applicationyardoverview-display-component---detailYardInventory--smartTableProvides-btnPersonalisation-img"}]}
RESULT: {"script":"<script> [1562 bytes]","args":[{"selector":{"id":"application-yardoverview-display-component---detailYardInventory--smartTableProvides-btnPersonalisation-img"},"wdio_ui5_key":"applicationyardoverview-display-component---detailYardInventory--smartTableProvides-btnPersonalisation-img"}]}
RESULT: undefined
COMMAND: POST /session/97f842ea50bbcd53f5e58b39b44e661d/element - {"using":"xpath","value":"//*[@id=\"application-yardoverview-display-component---detailYardInventory--smartTableProvides-btnPersonalisation-img\"]"}
RESULT: {"using":"xpath","value":"//*[@id=\"application-yardoverview-display-component---detailYardInventory--smartTableProvides-btnPersonalisation-img\"]"}
COMMAND: POST /session/97f842ea50bbcd53f5e58b39b44e661d/element/f.4C3BA0BF09B228EDDC79F91E8A810388.d.A2FA2A956EB9CDAA164CE3BB4AA3EE75.e.17935/click - {}
RESULT: {}
COMMAND: POST /session/97f842ea50bbcd53f5e58b39b44e661d/element - {"using":"xpath","value":"//input[contains(@id ,\"searchField-I\")]"}
COMMAND: GET /session/97f842ea50bbcd53f5e58b39b44e661d/screenshot - {}
RESULT: {"using":"xpath","value":"//input[contains(@id ,\"searchField-I\")]"}
COMMAND: POST /session/97f842ea50bbcd53f5e58b39b44e661d/element/f.4C3BA0BF09B228EDDC79F91E8A810388.d.A2FA2A956EB9CDAA164CE3BB4AA3EE75.e.18017/clear - {}
RESULT: {}
RESULT: {}
COMMAND: POST /session/97f842ea50bbcd53f5e58b39b44e661d/element/f.4C3BA0BF09B228EDDC79F91E8A810388.d.A2FA2A956EB9CDAA164CE3BB4AA3EE75.e.18017/value - {"text":"Handover Provided"}
COMMAND: GET /session/97f842ea50bbcd53f5e58b39b44e661d/screenshot - {}
RESULT: {"text":"Handover Provided"}
COMMAND: GET /session/97f842ea50bbcd53f5e58b39b44e661d/screenshot - {}
RESULT: {}
RESULT: {}
COMMAND: POST /session/97f842ea50bbcd53f5e58b39b44e661d/element - {"using":"xpath","value":"//div[contains(@id ,\"innerSelectionPanelTable-sa-CbBg\")]"}
RESULT: {"using":"xpath","value":"//div[contains(@id ,\"innerSelectionPanelTable-sa-CbBg\")]"}
COMMAND: POST /session/97f842ea50bbcd53f5e58b39b44e661d/element/f.4C3BA0BF09B228EDDC79F91E8A810388.d.A2FA2A956EB9CDAA164CE3BB4AA3EE75.e.18051/click - {}
RESULT: {}
COMMAND: POST /session/97f842ea50bbcd53f5e58b39b44e661d/execute/async - {"script":"<script> [1562 bytes]","args":[{"selector":{"controlType":"sap.m.Button","viewName":"etm.portal.ui.yardoverview.view.Detail","viewId":"application-yardoverview-display-component---detailYardInventory","properties":{"text":"OK"},"searchOpenDialogs":true,"interaction":{"idSuffix":"BDI-content"}},"wdio_ui5_key":"etmportal.ui.yardoverview.view.Detailsap.m.Button{\"text\":\"OK\"}"}]}
COMMAND: GET /session/97f842ea50bbcd53f5e58b39b44e661d/screenshot - {}
RESULT: {"script":"<script> [1562 bytes]","args":[{"selector":{"controlType":"sap.m.Button","viewName":"etm.portal.ui.yardoverview.view.Detail","viewId":"application-yardoverview-display-component---detailYardInventory","properties":{"text":"OK"},"searchOpenDialogs":true,"interaction":{"idSuffix":"BDI-content"}},"wdio_ui5_key":"etmportal.ui.yardoverview.view.Detailsap.m.Button{\"text\":\"OK\"}"}]}
RESULT: undefined
COMMAND: POST /session/97f842ea50bbcd53f5e58b39b44e661d/element - {"using":"xpath","value":"//*[@id=\"__popup248-confirmBtn\"]"}
RESULT: {}
RESULT: {"using":"xpath","value":"//*[@id=\"__popup248-confirmBtn\"]"}
COMMAND: POST /session/97f842ea50bbcd53f5e58b39b44e661d/element/f.4C3BA0BF09B228EDDC79F91E8A810388.d.A2FA2A956EB9CDAA164CE3BB4AA3EE75.e.18053/click - {}
RESULT: {}
COMMAND: POST /session/97f842ea50bbcd53f5e58b39b44e661d/element - {"using":"xpath","value":"//a[contains(@data-kt ,\"OpenProvidesHandOverItemLink\")]"}
COMMAND: GET /session/97f842ea50bbcd53f5e58b39b44e661d/screenshot - {}
RESULT: {"using":"xpath","value":"//a[contains(@data-kt ,\"OpenProvidesHandOverItemLink\")]"}
COMMAND: POST /session/97f842ea50bbcd53f5e58b39b44e661d/elements - {"using":"xpath","value":"//a[contains(@data-kt ,\"OpenProvidesHandOverItemLink\")]"}
RESULT: {}
RESULT: {"using":"xpath","value":"//a[contains(@data-kt ,\"OpenProvidesHandOverItemLink\")]"}
COMMAND: POST /session/97f842ea50bbcd53f5e58b39b44e661d/element - {"using":"xpath","value":"//a[contains(@data-kt ,\"OpenProvidesHandOverItemLink\")]"}
RESULT: {"using":"xpath","value":"//a[contains(@data-kt ,\"OpenProvidesHandOverItemLink\")]"}
COMMAND: POST /session/97f842ea50bbcd53f5e58b39b44e661d/element/f.4C3BA0BF09B228EDDC79F91E8A810388.d.A2FA2A956EB9CDAA164CE3BB4AA3EE75.e.18058/click - {}
RESULT: {}
COMMAND: GET /session/97f842ea50bbcd53f5e58b39b44e661d/screenshot - {}
RESULT: {}
COMMAND: POST /session/97f842ea50bbcd53f5e58b39b44e661d/actions - {"actions":[{"id":"action51","type":"key","parameters":{},"actions":[{"type":"keyDown","value":""},{"type":"pause","duration":10},{"type":"keyUp","value":""}]}]}
RESULT: {"actions":[{"id":"action51","type":"key","parameters":{},"actions":[{"type":"keyDown","value":""},{"type":"pause","duration":10},{"type":"keyUp","value":""}]}]}
COMMAND: GET /session/97f842ea50bbcd53f5e58b39b44e661d/screenshot - {}
RESULT: {}
COMMAND: POST /session/97f842ea50bbcd53f5e58b39b44e661d/execute/async - {"script":"<script> [1562 bytes]","args":[{"selector":{"controlType":"sap.m.Button","viewName":"etm.portal.ui.managehandovers.view.DetailExecuteHO","i18NText":{"propertyName":"text","key":"confirmAll"},"interaction":{"idSuffix":"BDI-content"}},"wdio_ui5_key":"etmportal.ui.managehandovers.view.DetailExecuteHOsap.m.Button{\"propertyName\":\"text\",\"key\":\"confirmAll\"}"}]}
RESULT: {"script":"<script> [1562 bytes]","args":[{"selector":{"controlType":"sap.m.Button","viewName":"etm.portal.ui.managehandovers.view.DetailExecuteHO","i18NText":{"propertyName":"text","key":"confirmAll"},"interaction":{"idSuffix":"BDI-content"}},"wdio_ui5_key":"etmportal.ui.managehandovers.view.DetailExecuteHOsap.m.Button{\"propertyName\":\"text\",\"key\":\"confirmAll\"}"}]}
RESULT: undefined
COMMAND: POST /session/97f842ea50bbcd53f5e58b39b44e661d/element - {"using":"xpath","value":"//*[@id=\"__button150\"]"}
RESULT: {"using":"xpath","value":"//*[@id=\"__button150\"]"}
COMMAND: POST /session/97f842ea50bbcd53f5e58b39b44e661d/element/f.4C3BA0BF09B228EDDC79F91E8A810388.d.A2FA2A956EB9CDAA164CE3BB4AA3EE75.e.18222/click - {}
RESULT: {}
COMMAND: GET /session/97f842ea50bbcd53f5e58b39b44e661d/screenshot - {}
RESULT: {}
COMMAND: POST /session/97f842ea50bbcd53f5e58b39b44e661d/execute/async - {"script":"<script> [1562 bytes]","args":[{"selector":{"controlType":"sap.m.Button","properties":{"text":"OK"},"searchOpenDialogs":true,"interaction":{"idSuffix":"BDI-content"}},"wdio_ui5_key":"sapm.Button{\"text\":\"OK\"}"}]}
RESULT: {"script":"<script> [1562 bytes]","args":[{"selector":{"controlType":"sap.m.Button","properties":{"text":"OK"},"searchOpenDialogs":true,"interaction":{"idSuffix":"BDI-content"}},"wdio_ui5_key":"sapm.Button{\"text\":\"OK\"}"}]}
RESULT: undefined
COMMAND: POST /session/97f842ea50bbcd53f5e58b39b44e661d/element - {"using":"xpath","value":"//*[@id=\"__mbox-btn-4\"]"}
RESULT: {"using":"xpath","value":"//*[@id=\"__mbox-btn-4\"]"}
COMMAND: POST /session/97f842ea50bbcd53f5e58b39b44e661d/element/f.4C3BA0BF09B228EDDC79F91E8A810388.d.A2FA2A956EB9CDAA164CE3BB4AA3EE75.e.18224/click - {}
RESULT: {}
COMMAND: GET /session/97f842ea50bbcd53f5e58b39b44e661d/screenshot - {}
RESULT: {}
COMMAND: POST /session/97f842ea50bbcd53f5e58b39b44e661d/execute/async - {"script":"<script> [1562 bytes]","args":[{"selector":{"controlType":"sap.m.Button","viewName":"etm.portal.ui.managehandovers.view.DetailExecuteHO","i18NText":{"propertyName":"text","key":"issue"},"ancestor":{"controlType":"sap.uxap.ObjectPageDynamicHeaderTitle","viewName":"etm.portal.ui.managehandovers.view.DetailExecuteHO","bindingPath":{"path":"","propertyPath":"/layout","modelName":"frontEndModel"}},"interaction":{"idSuffix":"BDI-content"}},"wdio_ui5_key":"etmportal.ui.managehandovers.view.DetailExecuteHOsap.m.Button{\"propertyName\":\"text\",\"key\":\"issue\"}{\"controlType\":\"sap.uxap.ObjectPageDynamicHeaderTitle\",\"viewName\":\"etm.portal.ui.managehandovers.view.DetailExecuteHO\",\"bindingPath\":{\"path\":\"\",\"propertyPath\":\"/layout\",\"modelName\":\"frontEndModel\"}}"}]}
RESULT: {"script":"<script> [1562 bytes]","args":[{"selector":{"controlType":"sap.m.Button","viewName":"etm.portal.ui.managehandovers.view.DetailExecuteHO","i18NText":{"propertyName":"text","key":"issue"},"ancestor":{"controlType":"sap.uxap.ObjectPageDynamicHeaderTitle","viewName":"etm.portal.ui.managehandovers.view.DetailExecuteHO","bindingPath":{"path":"","propertyPath":"/layout","modelName":"frontEndModel"}},"interaction":{"idSuffix":"BDI-content"}},"wdio_ui5_key":"etmportal.ui.managehandovers.view.DetailExecuteHOsap.m.Button{\"propertyName\":\"text\",\"key\":\"issue\"}{\"controlType\":\"sap.uxap.ObjectPageDynamicHeaderTitle\",\"viewName\":\"etm.portal.ui.managehandovers.view.DetailExecuteHO\",\"bindingPath\":{\"path\":\"\",\"propertyPath\":\"/layout\",\"modelName\":\"frontEndModel\"}}"}]}
RESULT: undefined
COMMAND: POST /session/97f842ea50bbcd53f5e58b39b44e661d/element - {"using":"xpath","value":"//*[@id=\"__button125\"]"}
RESULT: {"using":"xpath","value":"//*[@id=\"__button125\"]"}
COMMAND: POST /session/97f842ea50bbcd53f5e58b39b44e661d/element/f.4C3BA0BF09B228EDDC79F91E8A810388.d.A2FA2A956EB9CDAA164CE3BB4AA3EE75.e.18228/click - {}
RESULT: {}
COMMAND: GET /session/97f842ea50bbcd53f5e58b39b44e661d/screenshot - {}
RESULT: {}
COMMAND: POST /session/97f842ea50bbcd53f5e58b39b44e661d/element - {"using":"css selector","value":"#shell-header-logo"}
RESULT: {"using":"css selector","value":"#shell-header-logo"}
COMMAND: POST /session/97f842ea50bbcd53f5e58b39b44e661d/element/f.4C3BA0BF09B228EDDC79F91E8A810388.d.A2FA2A956EB9CDAA164CE3BB4AA3EE75.e.17713/click - {}
RESULT: {}
COMMAND: GET /session/97f842ea50bbcd53f5e58b39b44e661d/screenshot - {}
RESULT: {}
COMMAND: POST /session/97f842ea50bbcd53f5e58b39b44e661d/execute/async - {"script":"<script> [1562 bytes]","args":[{"selector":{"controlType":"sap.m.GenericTile","properties":{"header":"Manage Contracts"}},"wdio_ui5_key":"sapm.GenericTile{\"header\":\"Manage Contracts\"}"}]}
RESULT: {"script":"<script> [1562 bytes]","args":[{"selector":{"controlType":"sap.m.GenericTile","properties":{"header":"Manage Contracts"}},"wdio_ui5_key":"sapm.GenericTile{\"header\":\"Manage Contracts\"}"}]}
RESULT: undefined
COMMAND: POST /session/97f842ea50bbcd53f5e58b39b44e661d/element - {"using":"xpath","value":"//*[@id=\"__tile132\"]"}
RESULT: {"using":"xpath","value":"//*[@id=\"__tile132\"]"}
COMMAND: POST /session/97f842ea50bbcd53f5e58b39b44e661d/element/f.4C3BA0BF09B228EDDC79F91E8A810388.d.A2FA2A956EB9CDAA164CE3BB4AA3EE75.e.17168/click - {}
RESULT: {}
COMMAND: GET /session/97f842ea50bbcd53f5e58b39b44e661d/screenshot - {}
RESULT: undefined
RESULT: undefined
RESULT: {}
COMMAND: POST /session/97f842ea50bbcd53f5e58b39b44e661d/execute/async - {"script":"<script> [1562 bytes]","args":[{"selector":{"controlType":"sap.m.SearchField","viewName":"etm.portal.ui.managecontracts.view.Master","bindingPath":{"path":"","propertyPath":"/_BASIC_SEARCH_FIELD","modelName":"fi1t3rM0d31"},"interaction":{"idSuffix":"I"}},"wdio_ui5_key":"etmportal.ui.managecontracts.view.Mastersap.m.SearchField{\"path\":\"\",\"propertyPath\":\"/_BASIC_SEARCH_FIELD\",\"modelName\":\"fi1t3rM0d31\"}"}]}
RESULT: {"script":"<script> [1562 bytes]","args":[{"selector":{"controlType":"sap.m.SearchField","viewName":"etm.portal.ui.managecontracts.view.Master","bindingPath":{"path":"","propertyPath":"/_BASIC_SEARCH_FIELD","modelName":"fi1t3rM0d31"},"interaction":{"idSuffix":"I"}},"wdio_ui5_key":"etmportal.ui.managecontracts.view.Mastersap.m.SearchField{\"path\":\"\",\"propertyPath\":\"/_BASIC_SEARCH_FIELD\",\"modelName\":\"fi1t3rM0d31\"}"}]}
RESULT: undefined
COMMAND: POST /session/97f842ea50bbcd53f5e58b39b44e661d/execute/async - {"script":"<script> [776 bytes]","args":[{"enterText":"10355","selector":{"controlType":"sap.m.SearchField","viewName":"etm.portal.ui.managecontracts.view.Master","bindingPath":{"path":"","propertyPath":"/_BASIC_SEARCH_FIELD","modelName":"fi1t3rM0d31"},"interaction":{"idSuffix":"I"}},"clearTextFirst":true,"interactionType":"ENTER_TEXT"}]}
RESULT: {"script":"<script> [776 bytes]","args":[{"enterText":"10355","selector":{"controlType":"sap.m.SearchField","viewName":"etm.portal.ui.managecontracts.view.Master","bindingPath":{"path":"","propertyPath":"/_BASIC_SEARCH_FIELD","modelName":"fi1t3rM0d31"},"interaction":{"idSuffix":"I"}},"clearTextFirst":true,"interactionType":"ENTER_TEXT"}]}
COMMAND: POST /session/97f842ea50bbcd53f5e58b39b44e661d/actions - {"actions":[{"id":"action52","type":"key","parameters":{},"actions":[{"type":"keyDown","value":""},{"type":"pause","duration":10},{"type":"keyUp","value":""}]}]}
RESULT: {"actions":[{"id":"action52","type":"key","parameters":{},"actions":[{"type":"keyDown","value":""},{"type":"pause","duration":10},{"type":"keyUp","value":""}]}]}
COMMAND: GET /session/97f842ea50bbcd53f5e58b39b44e661d/screenshot - {}
RESULT: {}
COMMAND: POST /session/97f842ea50bbcd53f5e58b39b44e661d/execute/async - {"script":"<script> [1562 bytes]","args":[{"selector":{"controlType":"sap.ui.core.Icon","viewName":"etm.portal.ui.managecontracts.view.Master","properties":{"src":{"regex":{"source":"slim\\-arrow\\-right"}}}},"wdio_ui5_key":"etmportal.ui.managecontracts.view.Mastersap.ui.core.Icon{\"src\":{\"regex\":{\"source\":\"slim\\\\-arrow\\\\-right\"}}}"}]}
RESULT: {"script":"<script> [1562 bytes]","args":[{"selector":{"controlType":"sap.ui.core.Icon","viewName":"etm.portal.ui.managecontracts.view.Master","properties":{"src":{"regex":{"source":"slim\\-arrow\\-right"}}}},"wdio_ui5_key":"etmportal.ui.managecontracts.view.Mastersap.ui.core.Icon{\"src\":{\"regex\":{\"source\":\"slim\\\\-arrow\\\\-right\"}}}"}]}
RESULT: undefined
COMMAND: POST /session/97f842ea50bbcd53f5e58b39b44e661d/element - {"using":"xpath","value":"//*[@id=\"__item1790-__clone4938-imgNav\"]"}
RESULT: {"using":"xpath","value":"//*[@id=\"__item1790-__clone4938-imgNav\"]"}
COMMAND: POST /session/97f842ea50bbcd53f5e58b39b44e661d/element/f.4C3BA0BF09B228EDDC79F91E8A810388.d.A2FA2A956EB9CDAA164CE3BB4AA3EE75.e.18639/click - {}
RESULT: {}
COMMAND: GET /session/97f842ea50bbcd53f5e58b39b44e661d/screenshot - {}
RESULT: {}
COMMAND: POST /session/97f842ea50bbcd53f5e58b39b44e661d/execute/async - {"script":"<script> [1562 bytes]","args":[{"selector":{"controlType":"sap.m.ObjectStatus","viewName":"etm.portal.ui.managecontracts.view.Detail","bindingPath":{"path":"/SmartContractItems(CONTRACT='10355',ITEM=10m,SUB_ITEM=0m)","propertyPath":"STATUS"}},"wdio_ui5_key":"etmportal.ui.managecontracts.view.Detailsap.m.ObjectStatus{\"path\":\"/SmartContractItems(CONTRACT='10355',ITEM=10m,SUB_ITEM=0m)\",\"propertyPath\":\"STATUS\"}"}]}
RESULT: {"script":"<script> [1562 bytes]","args":[{"selector":{"controlType":"sap.m.ObjectStatus","viewName":"etm.portal.ui.managecontracts.view.Detail","bindingPath":{"path":"/SmartContractItems(CONTRACT='10355',ITEM=10m,SUB_ITEM=0m)","propertyPath":"STATUS"}},"wdio_ui5_key":"etmportal.ui.managecontracts.view.Detailsap.m.ObjectStatus{\"path\":\"/SmartContractItems(CONTRACT='10355',ITEM=10m,SUB_ITEM=0m)\",\"propertyPath\":\"STATUS\"}"}]}
RESULT: undefined
COMMAND: POST /session/97f842ea50bbcd53f5e58b39b44e661d/execute/async - {"script":"<script> [6424 bytes]","args":[{"element-6066-11e4-a52e-4f735466cecf":"f.4C3BA0BF09B228EDDC79F91E8A810388.d.A2FA2A956EB9CDAA164CE3BB4AA3EE75.e.18752"},"getText",[]]}
RESULT: {"script":"<script> [6424 bytes]","args":[{"element-6066-11e4-a52e-4f735466cecf":"f.4C3BA0BF09B228EDDC79F91E8A810388.d.A2FA2A956EB9CDAA164CE3BB4AA3EE75.e.18752"},"getText",[]]}
COMMAND: POST /session/97f842ea50bbcd53f5e58b39b44e661d/element - {"using":"css selector","value":"#j_username"}
COMMAND: POST /session/97f842ea50bbcd53f5e58b39b44e661d/url - {"url":"https://qa-testing-00-live-etm-ui.cfapps.eu10-004.hana.ondemand.com/"}
RESULT: {"using":"css selector","value":"#j_username"}
COMMAND: POST /session/97f842ea50bbcd53f5e58b39b44e661d/element - {"using":"css selector","value":"#j_username"}
RESULT: {"url":"https://qa-testing-00-live-etm-ui.cfapps.eu10-004.hana.ondemand.com/"}
RESULT: undefined
COMMAND: GET /session/97f842ea50bbcd53f5e58b39b44e661d/screenshot - {}
RESULT: {"using":"css selector","value":"#j_username"}
COMMAND: POST /session/97f842ea50bbcd53f5e58b39b44e661d/element - {"using":"css selector","value":"#shell-header-logo"}
RESULT: {}
RESULT: {"using":"css selector","value":"#shell-header-logo"}
COMMAND: POST /session/97f842ea50bbcd53f5e58b39b44e661d/execute/sync - {"script":"<script> [8489 bytes]","args":[{"element-6066-11e4-a52e-4f735466cecf":"f.4C3BA0BF09B228EDDC79F91E8A810388.d.E3DF3FA0418F693D8721DF2068C10784.e.18763","ELEMENT":"f.4C3BA0BF09B228EDDC79F91E8A810388.d.E3DF3FA0418F693D8721DF2068C10784.e.18763"}]}
RESULT: {"script":"<script> [8489 bytes]","args":[{"element-6066-11e4-a52e-4f735466cecf":"f.4C3BA0BF09B228EDDC79F91E8A810388.d.E3DF3FA0418F693D8721DF2068C10784.e.18763","ELEMENT":"f.4C3BA0BF09B228EDDC79F91E8A810388.d.E3DF3FA0418F693D8721DF2068C10784.e.18763"}]}
COMMAND: POST /session/97f842ea50bbcd53f5e58b39b44e661d/element - {"using":"css selector","value":"#shell-header-logo"}
COMMAND: GET /session/97f842ea50bbcd53f5e58b39b44e661d/screenshot - {}
RESULT: {"using":"css selector","value":"#shell-header-logo"}
COMMAND: POST /session/97f842ea50bbcd53f5e58b39b44e661d/execute/sync - {"script":"<script> [8489 bytes]","args":[{"element-6066-11e4-a52e-4f735466cecf":"f.4C3BA0BF09B228EDDC79F91E8A810388.d.E3DF3FA0418F693D8721DF2068C10784.e.18763","ELEMENT":"f.4C3BA0BF09B228EDDC79F91E8A810388.d.E3DF3FA0418F693D8721DF2068C10784.e.18763"}]}
RESULT: {}
RESULT: {"script":"<script> [8489 bytes]","args":[{"element-6066-11e4-a52e-4f735466cecf":"f.4C3BA0BF09B228EDDC79F91E8A810388.d.E3DF3FA0418F693D8721DF2068C10784.e.18763","ELEMENT":"f.4C3BA0BF09B228EDDC79F91E8A810388.d.E3DF3FA0418F693D8721DF2068C10784.e.18763"}]}
COMMAND: POST /session/97f842ea50bbcd53f5e58b39b44e661d/execute/sync - {"script":"<script> [5351 bytes]","args":[{"element-6066-11e4-a52e-4f735466cecf":"f.4C3BA0BF09B228EDDC79F91E8A810388.d.E3DF3FA0418F693D8721DF2068C10784.e.18763","ELEMENT":"f.4C3BA0BF09B228EDDC79F91E8A810388.d.E3DF3FA0418F693D8721DF2068C10784.e.18763"}]}
COMMAND: GET /session/97f842ea50bbcd53f5e58b39b44e661d/screenshot - {}
RESULT: {"script":"<script> [5351 bytes]","args":[{"element-6066-11e4-a52e-4f735466cecf":"f.4C3BA0BF09B228EDDC79F91E8A810388.d.E3DF3FA0418F693D8721DF2068C10784.e.18763","ELEMENT":"f.4C3BA0BF09B228EDDC79F91E8A810388.d.E3DF3FA0418F693D8721DF2068C10784.e.18763"}]}
COMMAND: POST /session/97f842ea50bbcd53f5e58b39b44e661d/element - {"using":"css selector","value":"#shell-header-logo"}
COMMAND: GET /session/97f842ea50bbcd53f5e58b39b44e661d/screenshot - {}
RESULT: {}
RESULT: {"using":"css selector","value":"#shell-header-logo"}
COMMAND: POST /session/97f842ea50bbcd53f5e58b39b44e661d/element/f.4C3BA0BF09B228EDDC79F91E8A810388.d.E3DF3FA0418F693D8721DF2068C10784.e.18763/click - {}
RESULT: {}
RESULT: {}
COMMAND: GET /session/97f842ea50bbcd53f5e58b39b44e661d/screenshot - {}
RESULT: {}
COMMAND: POST /session/97f842ea50bbcd53f5e58b39b44e661d/execute/async - {"script":"<script> [189 bytes]","args":[]}
RESULT: {"script":"<script> [189 bytes]","args":[]}
COMMAND: POST /session/97f842ea50bbcd53f5e58b39b44e661d/execute/async - {"script":"<script> [123 bytes]","args":[]}
RESULT: {"script":"<script> [123 bytes]","args":[]}
COMMAND: POST /session/97f842ea50bbcd53f5e58b39b44e661d/timeouts - {"script":"<number>"}
RESULT: {"script":"<number>"}
COMMAND: GET /session/97f842ea50bbcd53f5e58b39b44e661d/timeouts - {}
RESULT: {}
RESULT: undefined
COMMAND: POST /session/97f842ea50bbcd53f5e58b39b44e661d/execute/async - {"script":"<script> [2676 bytes]","args":[]}
RESULT: {"script":"<script> [2676 bytes]","args":[]}
COMMAND: POST /session/97f842ea50bbcd53f5e58b39b44e661d/execute/async - {"script":"<script> [2342 bytes]","args":[{"protocol":"http","hostname":"0.0.0.0","path":"/","capabilities":{"browserName":"chrome","goog:chromeOptions":{"binary":"C:\\Program Files\\Google\\Chrome\\Application\\chrome.exe","args":["--start-maximized"]}},"logLevel":"warn","connectionRetryTimeout":120000,"connectionRetryCount":3,"logLevels":{},"enableDirectConnect":true,"strictSSL":true,"_":"65 more keys: [\"cacheDir\",\"port\",\"requestedCapabilities\",\"automationProtocol\",\"baseUrl\",\"waitforInterval\",\"waitforTimeout\",\"onReload\",\"beforeCommand\",\"afterCommand\",\"rootDir\",\"specs\",\"suites\",\"exclude\",\"groupLogsByTestSpec\",\"excludeDriverLogs\",\"bail\",\"framework\",\"reporters\",\"services\",\"maxInstances\",\"maxInstancesPerCapability\",\"injectGlobals\",\"filesToWatch\",\"execArgv\",\"runnerEnv\",\"runner\",\"shard\",\"specFileRetries\",\"specFileRetriesDelay\",\"specFileRetriesDeferred\",\"reporterSyncInterval\",\"reporterSyncTimeout\",\"cucumberFeaturesWithLineNumbers\",\"autoCompileOpts\",\"mochaOpts\",\"jasmineOpts\",\"cucumberOpts\",\"onPrepare\",\"onWorkerStart\",\"onWorkerEnd\",\"before\",\"beforeSession\",\"beforeSuite\",\"beforeHook\",\"beforeTest\",\"afterTest\",\"afterHook\",\"afterSuite\",\"afterSession\",\"after\",\"onComplete\",\"beforeAssertion\",\"afterAssertion\",\"beforeFeature\",\"beforeScenario\",\"beforeStep\",\"afterStep\",\"afterScenario\",\"afterFeature\",\"_\",\"suite\",\"$0\",\"ignoredWorkerServices\",\"wdi5\"]"}]}
RESULT: {"script":"<script> [2342 bytes]","args":[{"protocol":"http","hostname":"0.0.0.0","path":"/","capabilities":{"browserName":"chrome","goog:chromeOptions":{"binary":"C:\\Program Files\\Google\\Chrome\\Application\\chrome.exe","args":["--start-maximized"]}},"logLevel":"warn","connectionRetryTimeout":120000,"connectionRetryCount":3,"logLevels":{},"enableDirectConnect":true,"strictSSL":true,"_":"65 more keys: [\"cacheDir\",\"port\",\"requestedCapabilities\",\"automationProtocol\",\"baseUrl\",\"waitforInterval\",\"waitforTimeout\",\"onReload\",\"beforeCommand\",\"afterCommand\",\"rootDir\",\"specs\",\"suites\",\"exclude\",\"groupLogsByTestSpec\",\"excludeDriverLogs\",\"bail\",\"framework\",\"reporters\",\"services\",\"maxInstances\",\"maxInstancesPerCapability\",\"injectGlobals\",\"filesToWatch\",\"execArgv\",\"runnerEnv\",\"runner\",\"shard\",\"specFileRetries\",\"specFileRetriesDelay\",\"specFileRetriesDeferred\",\"reporterSyncInterval\",\"reporterSyncTimeout\",\"cucumberFeaturesWithLineNumbers\",\"autoCompileOpts\",\"mochaOpts\",\"jasmineOpts\",\"cucumberOpts\",\"onPrepare\",\"onWorkerStart\",\"onWorkerEnd\",\"before\",\"beforeSession\",\"beforeSuite\",\"beforeHook\",\"beforeTest\",\"afterTest\",\"afterHook\",\"afterSuite\",\"afterSession\",\"after\",\"onComplete\",\"beforeAssertion\",\"afterAssertion\",\"beforeFeature\",\"beforeScenario\",\"beforeStep\",\"afterStep\",\"afterScenario\",\"afterFeature\",\"_\",\"suite\",\"$0\",\"ignoredWorkerServices\",\"wdi5\"]"}]}
COMMAND: POST /session/97f842ea50bbcd53f5e58b39b44e661d/execute/async - {"script":"<script> [21126 bytes]","args":[35000]}
RESULT: {"script":"<script> [21126 bytes]","args":[35000]}
COMMAND: POST /session/97f842ea50bbcd53f5e58b39b44e661d/window/maximize - {}
RESULT: {}
COMMAND: POST /session/97f842ea50bbcd53f5e58b39b44e661d/execute/async - {"script":"<script> [1562 bytes]","args":[{"selector":{"id":"shell-header","interaction":{"idSuffix":"icon"}},"wdio_ui5_key":"shellheader"}]}
COMMAND: GET /session/97f842ea50bbcd53f5e58b39b44e661d/screenshot - {}
RESULT: {"script":"<script> [1562 bytes]","args":[{"selector":{"id":"shell-header","interaction":{"idSuffix":"icon"}},"wdio_ui5_key":"shellheader"}]}
RESULT: undefined
RESULT: {}
]]></system-out>
    </testcase>
  </testsuite>
  <testsuite timestamp="2025-04-16T16:12:53" time="197.888" tests="1" failures="0" errors="0" skipped="0">
    <properties>
      <property name="specId" value="0"/>
      <property name="suiteName" value="Create masterdata for Yard Overview - trigger provide US130988"/>
      <property name="capabilities" value="chrome.135_0_7049_42.windows"/>
      <property name="file" value="file:///D:/a/1/s/test/specs/R2C/site-overview-return.spec.js"/>
    </properties>
    <testcase classname="chrome.135_0_7049_42.windows.Create_masterdata_for_Yard_Overview_-_trigger_provide_US130988" name="Should navigate to site overview and trigger return" time="171.343">
      <system-out><![CDATA[
COMMAND: POST /session/97f842ea50bbcd53f5e58b39b44e661d/execute/async - {"script":"<script> [1562 bytes]","args":[{"selector":{"controlType":"sap.m.GenericTile","properties":{"header":"Site Overview"}},"wdio_ui5_key":"sapm.GenericTile{\"header\":\"Site Overview\"}"}]}
RESULT: {"script":"<script> [1562 bytes]","args":[{"selector":{"controlType":"sap.m.GenericTile","properties":{"header":"Site Overview"}},"wdio_ui5_key":"sapm.GenericTile{\"header\":\"Site Overview\"}"}]}
RESULT: undefined
COMMAND: POST /session/97f842ea50bbcd53f5e58b39b44e661d/element - {"using":"xpath","value":"//*[@id=\"__tile100\"]"}
RESULT: {"using":"xpath","value":"//*[@id=\"__tile100\"]"}
COMMAND: POST /session/97f842ea50bbcd53f5e58b39b44e661d/element/f.4C3BA0BF09B228EDDC79F91E8A810388.d.E3DF3FA0418F693D8721DF2068C10784.e.18770/click - {}
RESULT: {}
COMMAND: GET /session/97f842ea50bbcd53f5e58b39b44e661d/screenshot - {}
RESULT: {}
COMMAND: POST /session/97f842ea50bbcd53f5e58b39b44e661d/execute/async - {"script":"<script> [1562 bytes]","args":[{"selector":{"id":"application-siteinventory-display-component---masterSiteInventory--smartFilterBar-btnBasicSearch","interaction":{"idSuffix":"I"}},"wdio_ui5_key":"applicationsiteinventory-display-component---masterSiteInventory--smartFilterBar-btnBasicSearch"}]}
RESULT: {"script":"<script> [1562 bytes]","args":[{"selector":{"id":"application-siteinventory-display-component---masterSiteInventory--smartFilterBar-btnBasicSearch","interaction":{"idSuffix":"I"}},"wdio_ui5_key":"applicationsiteinventory-display-component---masterSiteInventory--smartFilterBar-btnBasicSearch"}]}
RESULT: undefined
COMMAND: POST /session/97f842ea50bbcd53f5e58b39b44e661d/execute/async - {"script":"<script> [776 bytes]","args":[{"enterText":"WebdriverSiteiwa9","selector":{"id":"application-siteinventory-display-component---masterSiteInventory--smartFilterBar-btnBasicSearch","interaction":{"idSuffix":"I"}},"clearTextFirst":true,"interactionType":"ENTER_TEXT"}]}
RESULT: {"script":"<script> [776 bytes]","args":[{"enterText":"WebdriverSiteiwa9","selector":{"id":"application-siteinventory-display-component---masterSiteInventory--smartFilterBar-btnBasicSearch","interaction":{"idSuffix":"I"}},"clearTextFirst":true,"interactionType":"ENTER_TEXT"}]}
COMMAND: POST /session/97f842ea50bbcd53f5e58b39b44e661d/execute/async - {"script":"<script> [1562 bytes]","args":[{"selector":{"controlType":"sap.ui.core.Icon","viewName":"etm.portal.ui.siteinventory.view.Master","viewId":"application-siteinventory-display-component---masterSiteInventory","properties":{"src":{"regex":{"source":"slim\\-arrow\\-right"}}}},"wdio_ui5_key":"etmportal.ui.siteinventory.view.Mastersap.ui.core.Icon{\"src\":{\"regex\":{\"source\":\"slim\\\\-arrow\\\\-right\"}}}"}]}
RESULT: {"script":"<script> [1562 bytes]","args":[{"selector":{"controlType":"sap.ui.core.Icon","viewName":"etm.portal.ui.siteinventory.view.Master","viewId":"application-siteinventory-display-component---masterSiteInventory","properties":{"src":{"regex":{"source":"slim\\-arrow\\-right"}}}},"wdio_ui5_key":"etmportal.ui.siteinventory.view.Mastersap.ui.core.Icon{\"src\":{\"regex\":{\"source\":\"slim\\\\-arrow\\\\-right\"}}}"}]}
RESULT: undefined
COMMAND: POST /session/97f842ea50bbcd53f5e58b39b44e661d/element - {"using":"xpath","value":"//*[@id=\"__item20-__clone9-imgNav\"]"}
RESULT: {"using":"xpath","value":"//*[@id=\"__item20-__clone9-imgNav\"]"}
COMMAND: POST /session/97f842ea50bbcd53f5e58b39b44e661d/element/f.4C3BA0BF09B228EDDC79F91E8A810388.d.E3DF3FA0418F693D8721DF2068C10784.e.18887/click - {}
RESULT: {}
COMMAND: GET /session/97f842ea50bbcd53f5e58b39b44e661d/screenshot - {}
RESULT: {}
COMMAND: POST /session/97f842ea50bbcd53f5e58b39b44e661d/execute/async - {"script":"<script> [1562 bytes]","args":[{"selector":{"id":"application-siteinventory-display-component---detailSiteInventory--onSite-triggerAction-returnBtn","interaction":{"idSuffix":"BDI-content"}},"wdio_ui5_key":"applicationsiteinventory-display-component---detailSiteInventory--onSite-triggerAction-returnBtn"}]}
RESULT: {"script":"<script> [1562 bytes]","args":[{"selector":{"id":"application-siteinventory-display-component---detailSiteInventory--onSite-triggerAction-returnBtn","interaction":{"idSuffix":"BDI-content"}},"wdio_ui5_key":"applicationsiteinventory-display-component---detailSiteInventory--onSite-triggerAction-returnBtn"}]}
RESULT: undefined
COMMAND: POST /session/97f842ea50bbcd53f5e58b39b44e661d/element - {"using":"xpath","value":"//*[@id=\"application-siteinventory-display-component---detailSiteInventory--onSite-triggerAction-returnBtn\"]"}
RESULT: {"using":"xpath","value":"//*[@id=\"application-siteinventory-display-component---detailSiteInventory--onSite-triggerAction-returnBtn\"]"}
COMMAND: POST /session/97f842ea50bbcd53f5e58b39b44e661d/element/f.4C3BA0BF09B228EDDC79F91E8A810388.d.E3DF3FA0418F693D8721DF2068C10784.e.18972/click - {}
RESULT: {}
COMMAND: POST /session/97f842ea50bbcd53f5e58b39b44e661d/execute/async - {"script":"<script> [1562 bytes]","args":[{"selector":{"id":"application-siteinventory-display-component---detailSiteInventory--smartSiteHoItemsTable-sa","interaction":{"idSuffix":"CbBg"}},"wdio_ui5_key":"applicationsiteinventory-display-component---detailSiteInventory--smartSiteHoItemsTable-sa"}]}
COMMAND: GET /session/97f842ea50bbcd53f5e58b39b44e661d/screenshot - {}
RESULT: {"script":"<script> [1562 bytes]","args":[{"selector":{"id":"application-siteinventory-display-component---detailSiteInventory--smartSiteHoItemsTable-sa","interaction":{"idSuffix":"CbBg"}},"wdio_ui5_key":"applicationsiteinventory-display-component---detailSiteInventory--smartSiteHoItemsTable-sa"}]}
RESULT: undefined
COMMAND: POST /session/97f842ea50bbcd53f5e58b39b44e661d/element - {"using":"xpath","value":"//*[@id=\"application-siteinventory-display-component---detailSiteInventory--smartSiteHoItemsTable-sa\"]"}
RESULT: {}
RESULT: {"using":"xpath","value":"//*[@id=\"application-siteinventory-display-component---detailSiteInventory--smartSiteHoItemsTable-sa\"]"}
COMMAND: POST /session/97f842ea50bbcd53f5e58b39b44e661d/element/f.4C3BA0BF09B228EDDC79F91E8A810388.d.E3DF3FA0418F693D8721DF2068C10784.e.19000/click - {}
RESULT: {}
RESULT: undefined
COMMAND: POST /session/97f842ea50bbcd53f5e58b39b44e661d/element - {"using":"xpath","value":"//*[@id=\"application-siteinventory-display-component---detailSiteInventory--onSite-triggerAction-returnBtn\"]"}
COMMAND: GET /session/97f842ea50bbcd53f5e58b39b44e661d/screenshot - {}
RESULT: {"using":"xpath","value":"//*[@id=\"application-siteinventory-display-component---detailSiteInventory--onSite-triggerAction-returnBtn\"]"}
COMMAND: POST /session/97f842ea50bbcd53f5e58b39b44e661d/element/f.4C3BA0BF09B228EDDC79F91E8A810388.d.E3DF3FA0418F693D8721DF2068C10784.e.18972/click - {}
RESULT: {}
RESULT: {}
COMMAND: GET /session/97f842ea50bbcd53f5e58b39b44e661d/screenshot - {}
RESULT: {}
COMMAND: POST /session/97f842ea50bbcd53f5e58b39b44e661d/actions - {"actions":[{"id":"action53","type":"key","parameters":{},"actions":[{"type":"keyDown","value":""},{"type":"pause","duration":10},{"type":"keyUp","value":""}]}]}
RESULT: {"actions":[{"id":"action53","type":"key","parameters":{},"actions":[{"type":"keyDown","value":""},{"type":"pause","duration":10},{"type":"keyUp","value":""}]}]}
COMMAND: GET /session/97f842ea50bbcd53f5e58b39b44e661d/screenshot - {}
RESULT: {}
COMMAND: POST /session/97f842ea50bbcd53f5e58b39b44e661d/execute/async - {"script":"<script> [1562 bytes]","args":[{"selector":{"id":"application-siteinventory-display-component---detailSiteInventory--hoItemsSmartTable-btnPersonalisation-img"},"wdio_ui5_key":"applicationsiteinventory-display-component---detailSiteInventory--hoItemsSmartTable-btnPersonalisation-img"}]}
RESULT: {"script":"<script> [1562 bytes]","args":[{"selector":{"id":"application-siteinventory-display-component---detailSiteInventory--hoItemsSmartTable-btnPersonalisation-img"},"wdio_ui5_key":"applicationsiteinventory-display-component---detailSiteInventory--hoItemsSmartTable-btnPersonalisation-img"}]}
RESULT: undefined
COMMAND: POST /session/97f842ea50bbcd53f5e58b39b44e661d/element - {"using":"xpath","value":"//*[@id=\"application-siteinventory-display-component---detailSiteInventory--hoItemsSmartTable-btnPersonalisation-img\"]"}
RESULT: {"using":"xpath","value":"//*[@id=\"application-siteinventory-display-component---detailSiteInventory--hoItemsSmartTable-btnPersonalisation-img\"]"}
COMMAND: POST /session/97f842ea50bbcd53f5e58b39b44e661d/element/f.4C3BA0BF09B228EDDC79F91E8A810388.d.E3DF3FA0418F693D8721DF2068C10784.e.19005/click - {}
RESULT: {}
COMMAND: POST /session/97f842ea50bbcd53f5e58b39b44e661d/element - {"using":"xpath","value":"//input[contains(@id ,\"searchField-I\")]"}
COMMAND: GET /session/97f842ea50bbcd53f5e58b39b44e661d/screenshot - {}
RESULT: {"using":"xpath","value":"//input[contains(@id ,\"searchField-I\")]"}
COMMAND: POST /session/97f842ea50bbcd53f5e58b39b44e661d/element/f.4C3BA0BF09B228EDDC79F91E8A810388.d.E3DF3FA0418F693D8721DF2068C10784.e.19008/clear - {}
RESULT: {}
RESULT: {}
COMMAND: POST /session/97f842ea50bbcd53f5e58b39b44e661d/element/f.4C3BA0BF09B228EDDC79F91E8A810388.d.E3DF3FA0418F693D8721DF2068C10784.e.19008/value - {"text":"Handover Returned"}
COMMAND: GET /session/97f842ea50bbcd53f5e58b39b44e661d/screenshot - {}
RESULT: {"text":"Handover Returned"}
COMMAND: GET /session/97f842ea50bbcd53f5e58b39b44e661d/screenshot - {}
RESULT: {}
RESULT: {}
COMMAND: POST /session/97f842ea50bbcd53f5e58b39b44e661d/element - {"using":"xpath","value":"//div[contains(@id ,\"innerSelectionPanelTable-sa-CbBg\")]"}
RESULT: {"using":"xpath","value":"//div[contains(@id ,\"innerSelectionPanelTable-sa-CbBg\")]"}
COMMAND: POST /session/97f842ea50bbcd53f5e58b39b44e661d/element/f.4C3BA0BF09B228EDDC79F91E8A810388.d.E3DF3FA0418F693D8721DF2068C10784.e.19043/click - {}
RESULT: {}
COMMAND: POST /session/97f842ea50bbcd53f5e58b39b44e661d/execute/async - {"script":"<script> [1562 bytes]","args":[{"selector":{"controlType":"sap.m.Button","viewName":"etm.portal.ui.siteinventory.view.Detail","viewId":"application-siteinventory-display-component---detailSiteInventory","properties":{"text":"OK"},"searchOpenDialogs":true,"interaction":{"idSuffix":"BDI-content"}},"wdio_ui5_key":"etmportal.ui.siteinventory.view.Detailsap.m.Button{\"text\":\"OK\"}"}]}
COMMAND: GET /session/97f842ea50bbcd53f5e58b39b44e661d/screenshot - {}
RESULT: {"script":"<script> [1562 bytes]","args":[{"selector":{"controlType":"sap.m.Button","viewName":"etm.portal.ui.siteinventory.view.Detail","viewId":"application-siteinventory-display-component---detailSiteInventory","properties":{"text":"OK"},"searchOpenDialogs":true,"interaction":{"idSuffix":"BDI-content"}},"wdio_ui5_key":"etmportal.ui.siteinventory.view.Detailsap.m.Button{\"text\":\"OK\"}"}]}
RESULT: undefined
COMMAND: POST /session/97f842ea50bbcd53f5e58b39b44e661d/element - {"using":"xpath","value":"//*[@id=\"__popup40-confirmBtn\"]"}
RESULT: {}
RESULT: {"using":"xpath","value":"//*[@id=\"__popup40-confirmBtn\"]"}
COMMAND: POST /session/97f842ea50bbcd53f5e58b39b44e661d/element/f.4C3BA0BF09B228EDDC79F91E8A810388.d.E3DF3FA0418F693D8721DF2068C10784.e.19045/click - {}
RESULT: {}
COMMAND: GET /session/97f842ea50bbcd53f5e58b39b44e661d/screenshot - {}
RESULT: {}
COMMAND: POST /session/97f842ea50bbcd53f5e58b39b44e661d/element - {"using":"css selector","value":"#shell-header-logo"}
RESULT: {"using":"css selector","value":"#shell-header-logo"}
COMMAND: POST /session/97f842ea50bbcd53f5e58b39b44e661d/element/f.4C3BA0BF09B228EDDC79F91E8A810388.d.E3DF3FA0418F693D8721DF2068C10784.e.18763/click - {}
RESULT: {}
COMMAND: GET /session/97f842ea50bbcd53f5e58b39b44e661d/screenshot - {}
RESULT: {}
COMMAND: POST /session/97f842ea50bbcd53f5e58b39b44e661d/execute/async - {"script":"<script> [1562 bytes]","args":[{"selector":{"controlType":"sap.m.GenericTile","properties":{"header":"Manage Handovers"}},"wdio_ui5_key":"sapm.GenericTile{\"header\":\"Manage Handovers\"}"}]}
RESULT: {"script":"<script> [1562 bytes]","args":[{"selector":{"controlType":"sap.m.GenericTile","properties":{"header":"Manage Handovers"}},"wdio_ui5_key":"sapm.GenericTile{\"header\":\"Manage Handovers\"}"}]}
RESULT: undefined
COMMAND: POST /session/97f842ea50bbcd53f5e58b39b44e661d/element - {"using":"xpath","value":"//*[@id=\"__tile133\"]"}
RESULT: {"using":"xpath","value":"//*[@id=\"__tile133\"]"}
COMMAND: POST /session/97f842ea50bbcd53f5e58b39b44e661d/element/f.4C3BA0BF09B228EDDC79F91E8A810388.d.E3DF3FA0418F693D8721DF2068C10784.e.19061/click - {}
RESULT: {}
COMMAND: GET /session/97f842ea50bbcd53f5e58b39b44e661d/screenshot - {}
RESULT: {}
COMMAND: POST /session/97f842ea50bbcd53f5e58b39b44e661d/execute/async - {"script":"<script> [1562 bytes]","args":[{"selector":{"controlType":"sap.ui.core.Icon","viewName":"etm.portal.ui.managehandovers.view.MasterHO","properties":{"src":{"regex":{"source":"value\\-help"}}},"ancestor":{"controlType":"sap.ui.comp.smartfilterbar.SFBMultiInput","viewName":"etm.portal.ui.managehandovers.view.MasterHO","labelFor":{"text":"Sending Contract"}}},"wdio_ui5_key":"etmportal.ui.managehandovers.view.MasterHOsap.ui.core.Icon{\"src\":{\"regex\":{\"source\":\"value\\\\-help\"}}}{\"controlType\":\"sap.ui.comp.smartfilterbar.SFBMultiInput\",\"viewName\":\"etm.portal.ui.managehandovers.view.MasterHO\",\"labelFor\":{\"text\":\"Sending Contract\"}}"}]}
RESULT: {"script":"<script> [1562 bytes]","args":[{"selector":{"controlType":"sap.ui.core.Icon","viewName":"etm.portal.ui.managehandovers.view.MasterHO","properties":{"src":{"regex":{"source":"value\\-help"}}},"ancestor":{"controlType":"sap.ui.comp.smartfilterbar.SFBMultiInput","viewName":"etm.portal.ui.managehandovers.view.MasterHO","labelFor":{"text":"Sending Contract"}}},"wdio_ui5_key":"etmportal.ui.managehandovers.view.MasterHOsap.ui.core.Icon{\"src\":{\"regex\":{\"source\":\"value\\\\-help\"}}}{\"controlType\":\"sap.ui.comp.smartfilterbar.SFBMultiInput\",\"viewName\":\"etm.portal.ui.managehandovers.view.MasterHO\",\"labelFor\":{\"text\":\"Sending Contract\"}}"}]}
RESULT: undefined
COMMAND: POST /session/97f842ea50bbcd53f5e58b39b44e661d/element - {"using":"xpath","value":"//*[@id=\"__xmlview58--smartFilterBar-filterItemControl_BASIC-SEND_CONTRACT-vhi\"]"}
RESULT: {"using":"xpath","value":"//*[@id=\"__xmlview58--smartFilterBar-filterItemControl_BASIC-SEND_CONTRACT-vhi\"]"}
COMMAND: POST /session/97f842ea50bbcd53f5e58b39b44e661d/element/f.4C3BA0BF09B228EDDC79F91E8A810388.d.E3DF3FA0418F693D8721DF2068C10784.e.19122/click - {}
RESULT: {}
COMMAND: GET /session/97f842ea50bbcd53f5e58b39b44e661d/screenshot - {}
RESULT: {}
COMMAND: POST /session/97f842ea50bbcd53f5e58b39b44e661d/execute/async - {"script":"<script> [1562 bytes]","args":[{"selector":{"controlType":"sap.m.SearchField","viewName":"etm.portal.ui.managehandovers.view.MasterHO","bindingPath":{"path":"","propertyPath":"/_BASIC_SEARCH_FIELD","modelName":"fi1t3rM0d31"},"searchOpenDialogs":true,"interaction":{"idSuffix":"I"}},"wdio_ui5_key":"etmportal.ui.managehandovers.view.MasterHOsap.m.SearchField{\"path\":\"\",\"propertyPath\":\"/_BASIC_SEARCH_FIELD\",\"modelName\":\"fi1t3rM0d31\"}"}]}
RESULT: {"script":"<script> [1562 bytes]","args":[{"selector":{"controlType":"sap.m.SearchField","viewName":"etm.portal.ui.managehandovers.view.MasterHO","bindingPath":{"path":"","propertyPath":"/_BASIC_SEARCH_FIELD","modelName":"fi1t3rM0d31"},"searchOpenDialogs":true,"interaction":{"idSuffix":"I"}},"wdio_ui5_key":"etmportal.ui.managehandovers.view.MasterHOsap.m.SearchField{\"path\":\"\",\"propertyPath\":\"/_BASIC_SEARCH_FIELD\",\"modelName\":\"fi1t3rM0d31\"}"}]}
RESULT: undefined
COMMAND: POST /session/97f842ea50bbcd53f5e58b39b44e661d/execute/async - {"script":"<script> [776 bytes]","args":[{"enterText":"10355","selector":{"controlType":"sap.m.SearchField","viewName":"etm.portal.ui.managehandovers.view.MasterHO","bindingPath":{"path":"","propertyPath":"/_BASIC_SEARCH_FIELD","modelName":"fi1t3rM0d31"},"searchOpenDialogs":true,"interaction":{"idSuffix":"I"}},"clearTextFirst":true,"interactionType":"ENTER_TEXT"}]}
RESULT: {"script":"<script> [776 bytes]","args":[{"enterText":"10355","selector":{"controlType":"sap.m.SearchField","viewName":"etm.portal.ui.managehandovers.view.MasterHO","bindingPath":{"path":"","propertyPath":"/_BASIC_SEARCH_FIELD","modelName":"fi1t3rM0d31"},"searchOpenDialogs":true,"interaction":{"idSuffix":"I"}},"clearTextFirst":true,"interactionType":"ENTER_TEXT"}]}
COMMAND: POST /session/97f842ea50bbcd53f5e58b39b44e661d/actions - {"actions":[{"id":"action54","type":"key","parameters":{},"actions":[{"type":"keyDown","value":""},{"type":"pause","duration":10},{"type":"keyUp","value":""}]}]}
RESULT: {"actions":[{"id":"action54","type":"key","parameters":{},"actions":[{"type":"keyDown","value":""},{"type":"pause","duration":10},{"type":"keyUp","value":""}]}]}
COMMAND: GET /session/97f842ea50bbcd53f5e58b39b44e661d/screenshot - {}
RESULT: {}
COMMAND: POST /session/97f842ea50bbcd53f5e58b39b44e661d/element - {"using":"xpath","value":"//div[contains(@id ,\"smartFilterBar-filterItemControl_BASIC-SEND_CONTRACT-valueHelpDialog-table-rowsel0\")]"}
RESULT: {"using":"xpath","value":"//div[contains(@id ,\"smartFilterBar-filterItemControl_BASIC-SEND_CONTRACT-valueHelpDialog-table-rowsel0\")]"}
COMMAND: POST /session/97f842ea50bbcd53f5e58b39b44e661d/element/f.4C3BA0BF09B228EDDC79F91E8A810388.d.E3DF3FA0418F693D8721DF2068C10784.e.19134/click - {}
RESULT: {}
COMMAND: GET /session/97f842ea50bbcd53f5e58b39b44e661d/screenshot - {}
RESULT: {}
COMMAND: POST /session/97f842ea50bbcd53f5e58b39b44e661d/execute/async - {"script":"<script> [1562 bytes]","args":[{"selector":{"controlType":"sap.m.Button","viewName":"etm.portal.ui.managehandovers.view.MasterHO","properties":{"text":"OK"},"searchOpenDialogs":true,"interaction":{"idSuffix":"BDI-content"}},"wdio_ui5_key":"etmportal.ui.managehandovers.view.MasterHOsap.m.Button{\"text\":\"OK\"}"}]}
RESULT: {"script":"<script> [1562 bytes]","args":[{"selector":{"controlType":"sap.m.Button","viewName":"etm.portal.ui.managehandovers.view.MasterHO","properties":{"text":"OK"},"searchOpenDialogs":true,"interaction":{"idSuffix":"BDI-content"}},"wdio_ui5_key":"etmportal.ui.managehandovers.view.MasterHOsap.m.Button{\"text\":\"OK\"}"}]}
RESULT: undefined
COMMAND: POST /session/97f842ea50bbcd53f5e58b39b44e661d/element - {"using":"xpath","value":"//*[@id=\"__xmlview58--smartFilterBar-filterItemControl_BASIC-SEND_CONTRACT-valueHelpDialog-ok\"]"}
RESULT: {"using":"xpath","value":"//*[@id=\"__xmlview58--smartFilterBar-filterItemControl_BASIC-SEND_CONTRACT-valueHelpDialog-ok\"]"}
COMMAND: POST /session/97f842ea50bbcd53f5e58b39b44e661d/element/f.4C3BA0BF09B228EDDC79F91E8A810388.d.E3DF3FA0418F693D8721DF2068C10784.e.19137/click - {}
RESULT: {}
COMMAND: GET /session/97f842ea50bbcd53f5e58b39b44e661d/screenshot - {}
RESULT: {}
COMMAND: POST /session/97f842ea50bbcd53f5e58b39b44e661d/execute/async - {"script":"<script> [1562 bytes]","args":[{"selector":{"controlType":"sap.ui.core.Icon","viewName":"etm.portal.ui.managehandovers.view.MasterHO","properties":{"src":{"regex":{"source":"slim\\-arrow\\-right"}}}},"wdio_ui5_key":"etmportal.ui.managehandovers.view.MasterHOsap.ui.core.Icon{\"src\":{\"regex\":{\"source\":\"slim\\\\-arrow\\\\-right\"}}}"}]}
RESULT: {"script":"<script> [1562 bytes]","args":[{"selector":{"controlType":"sap.ui.core.Icon","viewName":"etm.portal.ui.managehandovers.view.MasterHO","properties":{"src":{"regex":{"source":"slim\\-arrow\\-right"}}}},"wdio_ui5_key":"etmportal.ui.managehandovers.view.MasterHOsap.ui.core.Icon{\"src\":{\"regex\":{\"source\":\"slim\\\\-arrow\\\\-right\"}}}"}]}
RESULT: undefined
COMMAND: POST /session/97f842ea50bbcd53f5e58b39b44e661d/element - {"using":"xpath","value":"//*[@id=\"__item145-__clone231-imgNav\"]"}
RESULT: {"using":"xpath","value":"//*[@id=\"__item145-__clone231-imgNav\"]"}
COMMAND: POST /session/97f842ea50bbcd53f5e58b39b44e661d/element/f.4C3BA0BF09B228EDDC79F91E8A810388.d.E3DF3FA0418F693D8721DF2068C10784.e.19175/click - {}
RESULT: {}
COMMAND: GET /session/97f842ea50bbcd53f5e58b39b44e661d/screenshot - {}
RESULT: {}
COMMAND: POST /session/97f842ea50bbcd53f5e58b39b44e661d/execute/async - {"script":"<script> [1562 bytes]","args":[{"selector":{"controlType":"sap.m.Text","viewName":"etm.portal.ui.managehandovers.view.DetailExecuteHO","bindingPath":{"propertyPath":"NO","modelName":"catalogModel"}},"wdio_ui5_key":"etmportal.ui.managehandovers.view.DetailExecuteHOsap.m.Text{\"propertyPath\":\"NO\",\"modelName\":\"catalogModel\"}"}]}
RESULT: {"script":"<script> [1562 bytes]","args":[{"selector":{"controlType":"sap.m.Text","viewName":"etm.portal.ui.managehandovers.view.DetailExecuteHO","bindingPath":{"propertyPath":"NO","modelName":"catalogModel"}},"wdio_ui5_key":"etmportal.ui.managehandovers.view.DetailExecuteHOsap.m.Text{\"propertyPath\":\"NO\",\"modelName\":\"catalogModel\"}"}]}
RESULT: undefined
COMMAND: POST /session/97f842ea50bbcd53f5e58b39b44e661d/execute/async - {"script":"<script> [6424 bytes]","args":[{"element-6066-11e4-a52e-4f735466cecf":"f.4C3BA0BF09B228EDDC79F91E8A810388.d.E3DF3FA0418F693D8721DF2068C10784.e.19283"},"getText",[]]}
RESULT: {"script":"<script> [6424 bytes]","args":[{"element-6066-11e4-a52e-4f735466cecf":"f.4C3BA0BF09B228EDDC79F91E8A810388.d.E3DF3FA0418F693D8721DF2068C10784.e.19283"},"getText",[]]}
COMMAND: POST /session/97f842ea50bbcd53f5e58b39b44e661d/element - {"using":"xpath","value":"//bdi[contains(text(), \"Confirm All\")]"}
RESULT: {"using":"xpath","value":"//bdi[contains(text(), \"Confirm All\")]"}
COMMAND: POST /session/97f842ea50bbcd53f5e58b39b44e661d/element/f.4C3BA0BF09B228EDDC79F91E8A810388.d.E3DF3FA0418F693D8721DF2068C10784.e.19284/click - {}
RESULT: {}
COMMAND: GET /session/97f842ea50bbcd53f5e58b39b44e661d/screenshot - {}
RESULT: {}
COMMAND: POST /session/97f842ea50bbcd53f5e58b39b44e661d/actions - {"actions":[{"id":"action55","type":"key","parameters":{},"actions":[{"type":"keyDown","value":""},{"type":"pause","duration":10},{"type":"keyUp","value":""}]}]}
RESULT: {"actions":[{"id":"action55","type":"key","parameters":{},"actions":[{"type":"keyDown","value":""},{"type":"pause","duration":10},{"type":"keyUp","value":""}]}]}
COMMAND: GET /session/97f842ea50bbcd53f5e58b39b44e661d/screenshot - {}
RESULT: {}
COMMAND: POST /session/97f842ea50bbcd53f5e58b39b44e661d/element - {"using":"xpath","value":"(//bdi[contains(@id ,\"BDI-content\")][contains(text(), \"Issue\")])[2]"}
RESULT: {"using":"xpath","value":"(//bdi[contains(@id ,\"BDI-content\")][contains(text(), \"Issue\")])[2]"}
COMMAND: POST /session/97f842ea50bbcd53f5e58b39b44e661d/element/f.4C3BA0BF09B228EDDC79F91E8A810388.d.E3DF3FA0418F693D8721DF2068C10784.e.19289/click - {}
RESULT: {}
COMMAND: GET /session/97f842ea50bbcd53f5e58b39b44e661d/screenshot - {}
RESULT: {}
COMMAND: POST /session/97f842ea50bbcd53f5e58b39b44e661d/refresh - {}
RESULT: {}
COMMAND: GET /session/97f842ea50bbcd53f5e58b39b44e661d/screenshot - {}
RESULT: {}
COMMAND: POST /session/97f842ea50bbcd53f5e58b39b44e661d/refresh - {}
RESULT: {}
COMMAND: GET /session/97f842ea50bbcd53f5e58b39b44e661d/screenshot - {}
RESULT: {}
COMMAND: POST /session/97f842ea50bbcd53f5e58b39b44e661d/execute/async - {"script":"<script> [189 bytes]","args":[]}
RESULT: {"script":"<script> [189 bytes]","args":[]}
COMMAND: POST /session/97f842ea50bbcd53f5e58b39b44e661d/execute/async - {"script":"<script> [123 bytes]","args":[]}
RESULT: {"script":"<script> [123 bytes]","args":[]}
COMMAND: POST /session/97f842ea50bbcd53f5e58b39b44e661d/timeouts - {"script":"<number>"}
RESULT: {"script":"<number>"}
COMMAND: GET /session/97f842ea50bbcd53f5e58b39b44e661d/timeouts - {}
RESULT: {}
RESULT: undefined
COMMAND: POST /session/97f842ea50bbcd53f5e58b39b44e661d/execute/async - {"script":"<script> [2676 bytes]","args":[]}
RESULT: {"script":"<script> [2676 bytes]","args":[]}
COMMAND: POST /session/97f842ea50bbcd53f5e58b39b44e661d/execute/async - {"script":"<script> [2342 bytes]","args":[{"protocol":"http","hostname":"0.0.0.0","path":"/","capabilities":{"browserName":"chrome","goog:chromeOptions":{"binary":"C:\\Program Files\\Google\\Chrome\\Application\\chrome.exe","args":["--start-maximized"]}},"logLevel":"warn","connectionRetryTimeout":120000,"connectionRetryCount":3,"logLevels":{},"enableDirectConnect":true,"strictSSL":true,"_":"65 more keys: [\"cacheDir\",\"port\",\"requestedCapabilities\",\"automationProtocol\",\"baseUrl\",\"waitforInterval\",\"waitforTimeout\",\"onReload\",\"beforeCommand\",\"afterCommand\",\"rootDir\",\"specs\",\"suites\",\"exclude\",\"groupLogsByTestSpec\",\"excludeDriverLogs\",\"bail\",\"framework\",\"reporters\",\"services\",\"maxInstances\",\"maxInstancesPerCapability\",\"injectGlobals\",\"filesToWatch\",\"execArgv\",\"runnerEnv\",\"runner\",\"shard\",\"specFileRetries\",\"specFileRetriesDelay\",\"specFileRetriesDeferred\",\"reporterSyncInterval\",\"reporterSyncTimeout\",\"cucumberFeaturesWithLineNumbers\",\"autoCompileOpts\",\"mochaOpts\",\"jasmineOpts\",\"cucumberOpts\",\"onPrepare\",\"onWorkerStart\",\"onWorkerEnd\",\"before\",\"beforeSession\",\"beforeSuite\",\"beforeHook\",\"beforeTest\",\"afterTest\",\"afterHook\",\"afterSuite\",\"afterSession\",\"after\",\"onComplete\",\"beforeAssertion\",\"afterAssertion\",\"beforeFeature\",\"beforeScenario\",\"beforeStep\",\"afterStep\",\"afterScenario\",\"afterFeature\",\"_\",\"suite\",\"$0\",\"ignoredWorkerServices\",\"wdi5\"]"}]}
RESULT: {"script":"<script> [2342 bytes]","args":[{"protocol":"http","hostname":"0.0.0.0","path":"/","capabilities":{"browserName":"chrome","goog:chromeOptions":{"binary":"C:\\Program Files\\Google\\Chrome\\Application\\chrome.exe","args":["--start-maximized"]}},"logLevel":"warn","connectionRetryTimeout":120000,"connectionRetryCount":3,"logLevels":{},"enableDirectConnect":true,"strictSSL":true,"_":"65 more keys: [\"cacheDir\",\"port\",\"requestedCapabilities\",\"automationProtocol\",\"baseUrl\",\"waitforInterval\",\"waitforTimeout\",\"onReload\",\"beforeCommand\",\"afterCommand\",\"rootDir\",\"specs\",\"suites\",\"exclude\",\"groupLogsByTestSpec\",\"excludeDriverLogs\",\"bail\",\"framework\",\"reporters\",\"services\",\"maxInstances\",\"maxInstancesPerCapability\",\"injectGlobals\",\"filesToWatch\",\"execArgv\",\"runnerEnv\",\"runner\",\"shard\",\"specFileRetries\",\"specFileRetriesDelay\",\"specFileRetriesDeferred\",\"reporterSyncInterval\",\"reporterSyncTimeout\",\"cucumberFeaturesWithLineNumbers\",\"autoCompileOpts\",\"mochaOpts\",\"jasmineOpts\",\"cucumberOpts\",\"onPrepare\",\"onWorkerStart\",\"onWorkerEnd\",\"before\",\"beforeSession\",\"beforeSuite\",\"beforeHook\",\"beforeTest\",\"afterTest\",\"afterHook\",\"afterSuite\",\"afterSession\",\"after\",\"onComplete\",\"beforeAssertion\",\"afterAssertion\",\"beforeFeature\",\"beforeScenario\",\"beforeStep\",\"afterStep\",\"afterScenario\",\"afterFeature\",\"_\",\"suite\",\"$0\",\"ignoredWorkerServices\",\"wdi5\"]"}]}
COMMAND: POST /session/97f842ea50bbcd53f5e58b39b44e661d/execute/async - {"script":"<script> [21126 bytes]","args":[35000]}
RESULT: {"script":"<script> [21126 bytes]","args":[35000]}
COMMAND: POST /session/97f842ea50bbcd53f5e58b39b44e661d/element - {"using":"xpath","value":"//input[contains(@id ,\"smartFilterBar-btnBasicSearch-I\")]"}
RESULT: {"using":"xpath","value":"//input[contains(@id ,\"smartFilterBar-btnBasicSearch-I\")]"}
COMMAND: POST /session/97f842ea50bbcd53f5e58b39b44e661d/element/f.4C3BA0BF09B228EDDC79F91E8A810388.d.A4069B43A3EAE5A1B4F5553139FAC19D.e.19353/clear - {}
RESULT: {}
COMMAND: POST /session/97f842ea50bbcd53f5e58b39b44e661d/element/f.4C3BA0BF09B228EDDC79F91E8A810388.d.A4069B43A3EAE5A1B4F5553139FAC19D.e.19353/value - {"text":"30633"}
COMMAND: GET /session/97f842ea50bbcd53f5e58b39b44e661d/screenshot - {}
RESULT: {"text":"30633"}
COMMAND: GET /session/97f842ea50bbcd53f5e58b39b44e661d/screenshot - {}
RESULT: {}
RESULT: {}
COMMAND: POST /session/97f842ea50bbcd53f5e58b39b44e661d/actions - {"actions":[{"id":"action56","type":"key","parameters":{},"actions":[{"type":"keyDown","value":""},{"type":"pause","duration":10},{"type":"keyUp","value":""}]}]}
RESULT: {"actions":[{"id":"action56","type":"key","parameters":{},"actions":[{"type":"keyDown","value":""},{"type":"pause","duration":10},{"type":"keyUp","value":""}]}]}
COMMAND: GET /session/97f842ea50bbcd53f5e58b39b44e661d/screenshot - {}
RESULT: {}
COMMAND: POST /session/97f842ea50bbcd53f5e58b39b44e661d/execute/async - {"script":"<script> [1562 bytes]","args":[{"selector":{"controlType":"sap.ui.core.Icon","viewName":"etm.portal.ui.managehandovers.view.MasterHO","properties":{"src":{"regex":{"source":"slim\\-arrow\\-right"}}}},"wdio_ui5_key":"etmportal.ui.managehandovers.view.MasterHOsap.ui.core.Icon{\"src\":{\"regex\":{\"source\":\"slim\\\\-arrow\\\\-right\"}}}"}]}
RESULT: {"script":"<script> [1562 bytes]","args":[{"selector":{"controlType":"sap.ui.core.Icon","viewName":"etm.portal.ui.managehandovers.view.MasterHO","properties":{"src":{"regex":{"source":"slim\\-arrow\\-right"}}}},"wdio_ui5_key":"etmportal.ui.managehandovers.view.MasterHOsap.ui.core.Icon{\"src\":{\"regex\":{\"source\":\"slim\\\\-arrow\\\\-right\"}}}"}]}
RESULT: undefined
COMMAND: POST /session/97f842ea50bbcd53f5e58b39b44e661d/element - {"using":"xpath","value":"//*[@id=\"__item30-__clone16-imgNav\"]"}
RESULT: {"using":"xpath","value":"//*[@id=\"__item30-__clone16-imgNav\"]"}
COMMAND: POST /session/97f842ea50bbcd53f5e58b39b44e661d/element/f.4C3BA0BF09B228EDDC79F91E8A810388.d.A4069B43A3EAE5A1B4F5553139FAC19D.e.19445/click - {}
RESULT: {}
COMMAND: GET /session/97f842ea50bbcd53f5e58b39b44e661d/screenshot - {}
RESULT: {}
COMMAND: POST /session/97f842ea50bbcd53f5e58b39b44e661d/execute/async - {"script":"<script> [1562 bytes]","args":[{"selector":{"controlType":"sap.m.ObjectStatus","viewName":"etm.portal.ui.managehandovers.view.DetailManageHO","viewId":"application-managehandovers-display-component---detailManageHO","labelFor":{"text":"Status"}},"wdio_ui5_key":"etmportal.ui.managehandovers.view.DetailManageHOsap.m.ObjectStatus{\"text\":\"Status\"}"}]}
RESULT: {"script":"<script> [1562 bytes]","args":[{"selector":{"controlType":"sap.m.ObjectStatus","viewName":"etm.portal.ui.managehandovers.view.DetailManageHO","viewId":"application-managehandovers-display-component---detailManageHO","labelFor":{"text":"Status"}},"wdio_ui5_key":"etmportal.ui.managehandovers.view.DetailManageHOsap.m.ObjectStatus{\"text\":\"Status\"}"}]}
RESULT: undefined
COMMAND: POST /session/97f842ea50bbcd53f5e58b39b44e661d/execute/async - {"script":"<script> [6424 bytes]","args":[{"element-6066-11e4-a52e-4f735466cecf":"f.4C3BA0BF09B228EDDC79F91E8A810388.d.A4069B43A3EAE5A1B4F5553139FAC19D.e.19529"},"getText",[]]}
RESULT: {"script":"<script> [6424 bytes]","args":[{"element-6066-11e4-a52e-4f735466cecf":"f.4C3BA0BF09B228EDDC79F91E8A810388.d.A4069B43A3EAE5A1B4F5553139FAC19D.e.19529"},"getText",[]]}
COMMAND: POST /session/97f842ea50bbcd53f5e58b39b44e661d/element - {"using":"xpath","value":"//a[contains(@data-kt ,\"GeneralSectionSendContractLink\")]"}
RESULT: {"using":"xpath","value":"//a[contains(@data-kt ,\"GeneralSectionSendContractLink\")]"}
COMMAND: POST /session/97f842ea50bbcd53f5e58b39b44e661d/element/f.4C3BA0BF09B228EDDC79F91E8A810388.d.A4069B43A3EAE5A1B4F5553139FAC19D.e.19530/click - {}
RESULT: {}
COMMAND: GET /session/97f842ea50bbcd53f5e58b39b44e661d/screenshot - {}
RESULT: {}
COMMAND: POST /session/97f842ea50bbcd53f5e58b39b44e661d/element - {"using":"xpath","value":"//a[contains(@data-kt ,\"ContextMenuId2Link\")]"}
RESULT: {"using":"xpath","value":"//a[contains(@data-kt ,\"ContextMenuId2Link\")]"}
COMMAND: POST /session/97f842ea50bbcd53f5e58b39b44e661d/element/f.4C3BA0BF09B228EDDC79F91E8A810388.d.A4069B43A3EAE5A1B4F5553139FAC19D.e.19534/click - {}
RESULT: {}
COMMAND: GET /session/97f842ea50bbcd53f5e58b39b44e661d/screenshot - {}
RESULT: {}
RESULT: undefined
COMMAND: POST /session/97f842ea50bbcd53f5e58b39b44e661d/execute/async - {"script":"<script> [1562 bytes]","args":[{"selector":{"id":"headerBillingItemsTabFilter","viewName":"etm.portal.ui.managecontracts.view.Detail","interaction":{"idSuffix":"text"}},"wdio_ui5_key":"headerBillingItemsTabFilteretmportal.ui.managecontracts.view.Detail"}]}
RESULT: {"script":"<script> [1562 bytes]","args":[{"selector":{"id":"headerBillingItemsTabFilter","viewName":"etm.portal.ui.managecontracts.view.Detail","interaction":{"idSuffix":"text"}},"wdio_ui5_key":"headerBillingItemsTabFilteretmportal.ui.managecontracts.view.Detail"}]}
RESULT: undefined
COMMAND: POST /session/97f842ea50bbcd53f5e58b39b44e661d/element - {"using":"xpath","value":"//*[@id=\"__xmlview2--headerBillingItemsTabFilter\"]"}
RESULT: {"using":"xpath","value":"//*[@id=\"__xmlview2--headerBillingItemsTabFilter\"]"}
COMMAND: POST /session/97f842ea50bbcd53f5e58b39b44e661d/element/f.4C3BA0BF09B228EDDC79F91E8A810388.d.A4069B43A3EAE5A1B4F5553139FAC19D.e.19753/click - {}
RESULT: {}
COMMAND: GET /session/97f842ea50bbcd53f5e58b39b44e661d/screenshot - {}
RESULT: {}
COMMAND: POST /session/97f842ea50bbcd53f5e58b39b44e661d/execute/async - {"script":"<script> [1562 bytes]","args":[{"selector":{"controlType":"sap.m.ObjectStatus","viewName":"etm.portal.ui.managecontracts.view.Detail","bindingPath":{"path":"/SmartContractItems(CONTRACT='10355',ITEM=10m,SUB_ITEM=0m)","propertyPath":"STATUS"}},"wdio_ui5_key":"etmportal.ui.managecontracts.view.Detailsap.m.ObjectStatus{\"path\":\"/SmartContractItems(CONTRACT='10355',ITEM=10m,SUB_ITEM=0m)\",\"propertyPath\":\"STATUS\"}"}]}
RESULT: {"script":"<script> [1562 bytes]","args":[{"selector":{"controlType":"sap.m.ObjectStatus","viewName":"etm.portal.ui.managecontracts.view.Detail","bindingPath":{"path":"/SmartContractItems(CONTRACT='10355',ITEM=10m,SUB_ITEM=0m)","propertyPath":"STATUS"}},"wdio_ui5_key":"etmportal.ui.managecontracts.view.Detailsap.m.ObjectStatus{\"path\":\"/SmartContractItems(CONTRACT='10355',ITEM=10m,SUB_ITEM=0m)\",\"propertyPath\":\"STATUS\"}"}]}
RESULT: undefined
COMMAND: POST /session/97f842ea50bbcd53f5e58b39b44e661d/execute/async - {"script":"<script> [6424 bytes]","args":[{"element-6066-11e4-a52e-4f735466cecf":"f.4C3BA0BF09B228EDDC79F91E8A810388.d.A4069B43A3EAE5A1B4F5553139FAC19D.e.19757"},"getText",[]]}
RESULT: {"script":"<script> [6424 bytes]","args":[{"element-6066-11e4-a52e-4f735466cecf":"f.4C3BA0BF09B228EDDC79F91E8A810388.d.A4069B43A3EAE5A1B4F5553139FAC19D.e.19757"},"getText",[]]}
COMMAND: DELETE /session/97f842ea50bbcd53f5e58b39b44e661d - {}
RESULT: {}
]]></system-out>
    </testcase>
  </testsuite>
</testsuites>