<?xml version="1.0" encoding="UTF-8"?>
<testsuites tests="2" failures="0" errors="0" skipped="0">
  <testsuite timestamp="2025-05-15T15:22:31" time="20.838" tests="2" failures="0" errors="0" skipped="0">
    <properties>
      <property name="specId" value="0" />
      <property name="suiteName" value="Check QaLive System is up, or stop pipeline" />
      <property name="capabilities" value="chrome.136_0_7103_93.windows" />
      <property name="file" value="file:///D:/a/1/s/test/specs/TECH/check-QaLive-up.spec.js" />
    </properties>
    <testcase classname="chrome.136_0_7103_93.windows.Check_QaLive_System_is_up,_or_stop_pipeline" name="should check for errors on the home page and stop pipeline if found" time="0.039">
      <system-out><![CDATA[
COMMAND: GET /session/bec1541e56199f846ccbfe559473ee12/source - {}
RESULT: {}
]]></system-out>
    </testcase>
    <testcase classname="chrome.136_0_7103_93.windows.Check_QaLive_System_is_up,_or_stop_pipeline" name="should check if the number in the specified element is greater than 0" time="0.035">
      <system-out><![CDATA[
COMMAND: POST /session/bec1541e56199f846ccbfe559473ee12/element - {"using":"css selector","value":"div.sapSuiteStackedMCBarLabel"}
RESULT: {"using":"css selector","value":"div.sapSuiteStackedMCBarLabel"}
COMMAND: GET /session/bec1541e56199f846ccbfe559473ee12/element/f.C37B1DFFD34E3597F4B60AA7EC007945.d.D1B09D62B6DBCB23E078CA824EB111EF.e.119/text - {}
RESULT: {}
COMMAND: DELETE /session/bec1541e56199f846ccbfe559473ee12 - {}
RESULT: {}
]]></system-out>
    </testcase>
  </testsuite>
</testsuites>