<?xml version="1.0" encoding="UTF-8"?>
<testsuites tests="23" failures="7" errors="7" skipped="0">
  <testsuite timestamp="2025-05-15T05:42:30" time="1096.064" tests="6" failures="0" errors="0" skipped="0">
    <properties>
      <property name="specId" value="0" />
      <property name="suiteName" value="Standard contract - add contract items by Insert Request US118222" />
      <property name="capabilities" value="chrome.136_0_7103_49.windows" />
      <property name="file" value="file:///D:/a/1/s/test/specs/R2C/standard-contract-add-contract-items-by-insert-request.spec.js" />
    </properties>
    <testcase classname="chrome.136_0_7103_49.windows.Standard_contract_-_add_contract_items_by_Insert_Request_US118222" name="Should create prerequisites yard partner site material and equipment" time="304.122">
      <system-out><![CDATA[
COMMAND: POST /session/312b457e950016f7ac2dd5fe08468d8b/execute/async - {"script":"<script> [1562 bytes]","args":[{"selector":{"controlType":"sap.m.GenericTile","properties":{"header":"Manage Yards"}},"wdio_ui5_key":"sapm.GenericTile{\"header\":\"Manage Yards\"}"}]}
RESULT: {"script":"<script> [1562 bytes]","args":[{"selector":{"controlType":"sap.m.GenericTile","properties":{"header":"Manage Yards"}},"wdio_ui5_key":"sapm.GenericTile{\"header\":\"Manage Yards\"}"}]}
RESULT: undefined
COMMAND: POST /session/312b457e950016f7ac2dd5fe08468d8b/element - {"using":"xpath","value":"//*[@id=\"__tile41\"]"}
RESULT: {"using":"xpath","value":"//*[@id=\"__tile41\"]"}
COMMAND: POST /session/312b457e950016f7ac2dd5fe08468d8b/element/f.49633FD853CAE5E68BDC48EC70618E25.d.F8B433DCBE7AC760452EB56524A7F2ED.e.119/click - {}
RESULT: {}
COMMAND: GET /session/312b457e950016f7ac2dd5fe08468d8b/screenshot - {}
RESULT: {}
COMMAND: POST /session/312b457e950016f7ac2dd5fe08468d8b/elements - {"using":"xpath","value":"//span[text()='Error']"}
RESULT: {"using":"xpath","value":"//span[text()='Error']"}
COMMAND: POST /session/312b457e950016f7ac2dd5fe08468d8b/execute/async - {"script":"<script> [1562 bytes]","args":[{"selector":{"controlType":"sap.ui.core.Icon","viewName":"etm.portal.ui.manageyards.view.Master","viewId":"application-manageyards-display-component---masterYard","properties":{"src":{"regex":{"source":"add"}}}},"wdio_ui5_key":"etmportal.ui.manageyards.view.Mastersap.ui.core.Icon{\"src\":{\"regex\":{\"source\":\"add\"}}}"}]}
RESULT: {"script":"<script> [1562 bytes]","args":[{"selector":{"controlType":"sap.ui.core.Icon","viewName":"etm.portal.ui.manageyards.view.Master","viewId":"application-manageyards-display-component---masterYard","properties":{"src":{"regex":{"source":"add"}}}},"wdio_ui5_key":"etmportal.ui.manageyards.view.Mastersap.ui.core.Icon{\"src\":{\"regex\":{\"source\":\"add\"}}}"}]}
RESULT: undefined
COMMAND: POST /session/312b457e950016f7ac2dd5fe08468d8b/element - {"using":"xpath","value":"//*[@id=\"__button4-img\"]"}
RESULT: {"using":"xpath","value":"//*[@id=\"__button4-img\"]"}
COMMAND: POST /session/312b457e950016f7ac2dd5fe08468d8b/element/f.49633FD853CAE5E68BDC48EC70618E25.d.F8B433DCBE7AC760452EB56524A7F2ED.e.166/click - {}
RESULT: {}
COMMAND: GET /session/312b457e950016f7ac2dd5fe08468d8b/screenshot - {}
RESULT: {}
COMMAND: POST /session/312b457e950016f7ac2dd5fe08468d8b/execute/async - {"script":"<script> [1562 bytes]","args":[{"selector":{"id":"application-manageyards-display-component---NewYard--yardId","interaction":{"idSuffix":"inner"}},"wdio_ui5_key":"applicationmanageyards-display-component---NewYard--yardId"}]}
RESULT: {"script":"<script> [1562 bytes]","args":[{"selector":{"id":"application-manageyards-display-component---NewYard--yardId","interaction":{"idSuffix":"inner"}},"wdio_ui5_key":"applicationmanageyards-display-component---NewYard--yardId"}]}
RESULT: undefined
COMMAND: POST /session/312b457e950016f7ac2dd5fe08468d8b/element - {"using":"xpath","value":"//*[@id=\"application-manageyards-display-component---NewYard--addressDetailDetailsName1-inner\"]"}
RESULT: {"using":"xpath","value":"//*[@id=\"application-manageyards-display-component---NewYard--addressDetailDetailsName1-inner\"]"}
COMMAND: POST /session/312b457e950016f7ac2dd5fe08468d8b/element/f.49633FD853CAE5E68BDC48EC70618E25.d.F8B433DCBE7AC760452EB56524A7F2ED.e.385/clear - {}
RESULT: {}
COMMAND: POST /session/312b457e950016f7ac2dd5fe08468d8b/element/f.49633FD853CAE5E68BDC48EC70618E25.d.F8B433DCBE7AC760452EB56524A7F2ED.e.385/value - {"text":"WebdriverYard8myzr"}
COMMAND: GET /session/312b457e950016f7ac2dd5fe08468d8b/screenshot - {}
RESULT: {"text":"WebdriverYard8myzr"}
COMMAND: POST /session/312b457e950016f7ac2dd5fe08468d8b/element - {"using":"xpath","value":"//*[@id=\"application-manageyards-display-component---NewYard--addressDetailDetailsLanguage-inner\"]"}
COMMAND: GET /session/312b457e950016f7ac2dd5fe08468d8b/screenshot - {}
RESULT: {}
RESULT: {"using":"xpath","value":"//*[@id=\"application-manageyards-display-component---NewYard--addressDetailDetailsLanguage-inner\"]"}
COMMAND: POST /session/312b457e950016f7ac2dd5fe08468d8b/element/f.49633FD853CAE5E68BDC48EC70618E25.d.F8B433DCBE7AC760452EB56524A7F2ED.e.386/clear - {}
RESULT: {}
RESULT: {}
COMMAND: POST /session/312b457e950016f7ac2dd5fe08468d8b/element/f.49633FD853CAE5E68BDC48EC70618E25.d.F8B433DCBE7AC760452EB56524A7F2ED.e.386/value - {"text":"Romanian"}
COMMAND: GET /session/312b457e950016f7ac2dd5fe08468d8b/screenshot - {}
RESULT: {"text":"Romanian"}
COMMAND: POST /session/312b457e950016f7ac2dd5fe08468d8b/element - {"using":"xpath","value":"//input[contains(@id ,\"application-manageyards-display-component---NewYard--addressDetailDetailsName1-inner\")]"}
COMMAND: GET /session/312b457e950016f7ac2dd5fe08468d8b/screenshot - {}
RESULT: {}
RESULT: {"using":"xpath","value":"//input[contains(@id ,\"application-manageyards-display-component---NewYard--addressDetailDetailsName1-inner\")]"}
COMMAND: GET /session/312b457e950016f7ac2dd5fe08468d8b/element/f.49633FD853CAE5E68BDC48EC70618E25.d.F8B433DCBE7AC760452EB56524A7F2ED.e.385/property/value - {}
RESULT: {}
RESULT: {}
COMMAND: GET /session/312b457e950016f7ac2dd5fe08468d8b/screenshot - {}
RESULT: {}
COMMAND: POST /session/312b457e950016f7ac2dd5fe08468d8b/element - {"using":"xpath","value":"//*[@id=\"application-manageyards-display-component---NewYard--addressDetailDetailsCity1-inner\"]"}
RESULT: {"using":"xpath","value":"//*[@id=\"application-manageyards-display-component---NewYard--addressDetailDetailsCity1-inner\"]"}
COMMAND: POST /session/312b457e950016f7ac2dd5fe08468d8b/element/f.49633FD853CAE5E68BDC48EC70618E25.d.F8B433DCBE7AC760452EB56524A7F2ED.e.388/clear - {}
RESULT: {}
COMMAND: POST /session/312b457e950016f7ac2dd5fe08468d8b/element/f.49633FD853CAE5E68BDC48EC70618E25.d.F8B433DCBE7AC760452EB56524A7F2ED.e.388/value - {"text":"Bucuresti"}
COMMAND: GET /session/312b457e950016f7ac2dd5fe08468d8b/screenshot - {}
RESULT: {"text":"Bucuresti"}
COMMAND: GET /session/312b457e950016f7ac2dd5fe08468d8b/screenshot - {}
RESULT: {}
RESULT: {}
COMMAND: POST /session/312b457e950016f7ac2dd5fe08468d8b/element - {"using":"xpath","value":"//*[@id=\"application-manageyards-display-component---NewYard--addressDetailDetailsCountry-inner\"]"}
RESULT: {"using":"xpath","value":"//*[@id=\"application-manageyards-display-component---NewYard--addressDetailDetailsCountry-inner\"]"}
COMMAND: POST /session/312b457e950016f7ac2dd5fe08468d8b/element/f.49633FD853CAE5E68BDC48EC70618E25.d.F8B433DCBE7AC760452EB56524A7F2ED.e.392/clear - {}
RESULT: {}
COMMAND: POST /session/312b457e950016f7ac2dd5fe08468d8b/element/f.49633FD853CAE5E68BDC48EC70618E25.d.F8B433DCBE7AC760452EB56524A7F2ED.e.392/value - {"text":"Romania"}
COMMAND: GET /session/312b457e950016f7ac2dd5fe08468d8b/screenshot - {}
RESULT: {"text":"Romania"}
COMMAND: GET /session/312b457e950016f7ac2dd5fe08468d8b/screenshot - {}
RESULT: {}
RESULT: {}
COMMAND: POST /session/312b457e950016f7ac2dd5fe08468d8b/element - {"using":"xpath","value":"//div[contains(text(), \"Commercial\")]"}
RESULT: {"using":"xpath","value":"//div[contains(text(), \"Commercial\")]"}
COMMAND: GET /session/312b457e950016f7ac2dd5fe08468d8b/element/f.49633FD853CAE5E68BDC48EC70618E25.d.F8B433DCBE7AC760452EB56524A7F2ED.e.586/rect - {}
RESULT: {}
COMMAND: GET /session/312b457e950016f7ac2dd5fe08468d8b/window/rect - {}
RESULT: {}
COMMAND: POST /session/312b457e950016f7ac2dd5fe08468d8b/execute/sync - {"script":"<script> [92 bytes]","args":[]}
RESULT: {"script":"<script> [92 bytes]","args":[]}
COMMAND: POST /session/312b457e950016f7ac2dd5fe08468d8b/actions - {"actions":[{"id":"action1","type":"wheel","parameters":{},"actions":[{"type":"scroll","x":-1841,"y":-44,"deltaX":0,"deltaY":0,"duration":0,"origin":{"element-6066-11e4-a52e-4f735466cecf":"f.49633FD853CAE5E68BDC48EC70618E25.d.F8B433DCBE7AC760452EB56524A7F2ED.e.586"}}]}]}
COMMAND: GET /session/312b457e950016f7ac2dd5fe08468d8b/screenshot - {}
RESULT: {}
COMMAND: POST /session/312b457e950016f7ac2dd5fe08468d8b/execute/sync - {"script":"<script> [79 bytes]","args":[{"element-6066-11e4-a52e-4f735466cecf":"f.49633FD853CAE5E68BDC48EC70618E25.d.F8B433DCBE7AC760452EB56524A7F2ED.e.586","ELEMENT":"f.49633FD853CAE5E68BDC48EC70618E25.d.F8B433DCBE7AC760452EB56524A7F2ED.e.586"},{"block":"start","inline":"nearest"}]}
RESULT: {"script":"<script> [79 bytes]","args":[{"element-6066-11e4-a52e-4f735466cecf":"f.49633FD853CAE5E68BDC48EC70618E25.d.F8B433DCBE7AC760452EB56524A7F2ED.e.586","ELEMENT":"f.49633FD853CAE5E68BDC48EC70618E25.d.F8B433DCBE7AC760452EB56524A7F2ED.e.586"},{"block":"start","inline":"nearest"}]}
COMMAND: GET /session/312b457e950016f7ac2dd5fe08468d8b/screenshot - {}
RESULT: {}
COMMAND: POST /session/312b457e950016f7ac2dd5fe08468d8b/execute/async - {"script":"<script> [1562 bytes]","args":[{"selector":{"id":"application-manageyards-display-component---NewYard--addressEditDetailsCostObjectCstType-arrow"},"wdio_ui5_key":"applicationmanageyards-display-component---NewYard--addressEditDetailsCostObjectCstType-arrow"}]}
RESULT: {"script":"<script> [1562 bytes]","args":[{"selector":{"id":"application-manageyards-display-component---NewYard--addressEditDetailsCostObjectCstType-arrow"},"wdio_ui5_key":"applicationmanageyards-display-component---NewYard--addressEditDetailsCostObjectCstType-arrow"}]}
RESULT: undefined
COMMAND: POST /session/312b457e950016f7ac2dd5fe08468d8b/element - {"using":"xpath","value":"//*[@id=\"application-manageyards-display-component---NewYard--addressEditDetailsCostObjectCstType-arrow\"]"}
RESULT: {"using":"xpath","value":"//*[@id=\"application-manageyards-display-component---NewYard--addressEditDetailsCostObjectCstType-arrow\"]"}
COMMAND: POST /session/312b457e950016f7ac2dd5fe08468d8b/element/f.49633FD853CAE5E68BDC48EC70618E25.d.F8B433DCBE7AC760452EB56524A7F2ED.e.594/click - {}
RESULT: {}
COMMAND: POST /session/312b457e950016f7ac2dd5fe08468d8b/element - {"using":"xpath","value":"//span[contains(text(), \"Cost Center\")]"}
COMMAND: GET /session/312b457e950016f7ac2dd5fe08468d8b/screenshot - {}
RESULT: {"using":"xpath","value":"//span[contains(text(), \"Cost Center\")]"}
COMMAND: POST /session/312b457e950016f7ac2dd5fe08468d8b/element/f.49633FD853CAE5E68BDC48EC70618E25.d.F8B433DCBE7AC760452EB56524A7F2ED.e.595/click - {}
RESULT: {}
RESULT: {}
COMMAND: GET /session/312b457e950016f7ac2dd5fe08468d8b/screenshot - {}
RESULT: {}
COMMAND: POST /session/312b457e950016f7ac2dd5fe08468d8b/execute/async - {"script":"<script> [1562 bytes]","args":[{"selector":{"id":"application-manageyards-display-component---NewYard--addressNewCostObjectCstID-vhi"},"wdio_ui5_key":"applicationmanageyards-display-component---NewYard--addressNewCostObjectCstID-vhi"}]}
RESULT: {"script":"<script> [1562 bytes]","args":[{"selector":{"id":"application-manageyards-display-component---NewYard--addressNewCostObjectCstID-vhi"},"wdio_ui5_key":"applicationmanageyards-display-component---NewYard--addressNewCostObjectCstID-vhi"}]}
RESULT: undefined
COMMAND: POST /session/312b457e950016f7ac2dd5fe08468d8b/element - {"using":"xpath","value":"//*[@id=\"application-manageyards-display-component---NewYard--addressNewCostObjectCstID-vhi\"]"}
RESULT: {"using":"xpath","value":"//*[@id=\"application-manageyards-display-component---NewYard--addressNewCostObjectCstID-vhi\"]"}
COMMAND: POST /session/312b457e950016f7ac2dd5fe08468d8b/element/f.49633FD853CAE5E68BDC48EC70618E25.d.F8B433DCBE7AC760452EB56524A7F2ED.e.599/click - {}
RESULT: {}
COMMAND: GET /session/312b457e950016f7ac2dd5fe08468d8b/screenshot - {}
RESULT: {}
COMMAND: POST /session/312b457e950016f7ac2dd5fe08468d8b/execute/async - {"script":"<script> [1562 bytes]","args":[{"selector":{"controlType":"sap.m.SearchField","properties":{"placeholder":"Search"},"searchOpenDialogs":true,"interaction":{"idSuffix":"I"}},"wdio_ui5_key":"sapm.SearchField{\"placeholder\":\"Search\"}"}]}
RESULT: {"script":"<script> [1562 bytes]","args":[{"selector":{"controlType":"sap.m.SearchField","properties":{"placeholder":"Search"},"searchOpenDialogs":true,"interaction":{"idSuffix":"I"}},"wdio_ui5_key":"sapm.SearchField{\"placeholder\":\"Search\"}"}]}
RESULT: undefined
COMMAND: POST /session/312b457e950016f7ac2dd5fe08468d8b/execute/async - {"script":"<script> [776 bytes]","args":[{"enterText":"10001013","selector":{"controlType":"sap.m.SearchField","properties":{"placeholder":"Search"},"searchOpenDialogs":true,"interaction":{"idSuffix":"I"}},"clearTextFirst":true,"interactionType":"ENTER_TEXT"}]}
RESULT: {"script":"<script> [776 bytes]","args":[{"enterText":"10001013","selector":{"controlType":"sap.m.SearchField","properties":{"placeholder":"Search"},"searchOpenDialogs":true,"interaction":{"idSuffix":"I"}},"clearTextFirst":true,"interactionType":"ENTER_TEXT"}]}
COMMAND: POST /session/312b457e950016f7ac2dd5fe08468d8b/actions - {"actions":[{"id":"action2","type":"key","parameters":{},"actions":[{"type":"keyDown","value":"î€‡"},{"type":"pause","duration":10},{"type":"keyUp","value":"î€‡"}]}]}
RESULT: {"actions":[{"id":"action2","type":"key","parameters":{},"actions":[{"type":"keyDown","value":"î€‡"},{"type":"pause","duration":10},{"type":"keyUp","value":"î€‡"}]}]}
COMMAND: GET /session/312b457e950016f7ac2dd5fe08468d8b/screenshot - {}
RESULT: {}
COMMAND: POST /session/312b457e950016f7ac2dd5fe08468d8b/element - {"using":"xpath","value":"//span[contains(text(), \"General Management\")]"}
RESULT: {"using":"xpath","value":"//span[contains(text(), \"General Management\")]"}
COMMAND: POST /session/312b457e950016f7ac2dd5fe08468d8b/element/f.49633FD853CAE5E68BDC48EC70618E25.d.F8B433DCBE7AC760452EB56524A7F2ED.e.640/click - {}
RESULT: {}
COMMAND: GET /session/312b457e950016f7ac2dd5fe08468d8b/screenshot - {}
RESULT: {}
COMMAND: POST /session/312b457e950016f7ac2dd5fe08468d8b/element - {"using":"xpath","value":"//bdi[contains(text(), \"OK\")]"}
RESULT: {"using":"xpath","value":"//bdi[contains(text(), \"OK\")]"}
COMMAND: POST /session/312b457e950016f7ac2dd5fe08468d8b/element/f.49633FD853CAE5E68BDC48EC70618E25.d.F8B433DCBE7AC760452EB56524A7F2ED.e.641/click - {}
RESULT: {}
COMMAND: GET /session/312b457e950016f7ac2dd5fe08468d8b/screenshot - {}
RESULT: {}
COMMAND: POST /session/312b457e950016f7ac2dd5fe08468d8b/execute/async - {"script":"<script> [1562 bytes]","args":[{"selector":{"controlType":"sap.m.Button","viewName":"etm.portal.ui.manageyards.view.New","viewId":"application-manageyards-display-component---NewYard","i18NText":{"propertyName":"text","key":"save"},"interaction":{"idSuffix":"inner"}},"wdio_ui5_key":"etmportal.ui.manageyards.view.Newsap.m.Button{\"propertyName\":\"text\",\"key\":\"save\"}"}]}
RESULT: {"script":"<script> [1562 bytes]","args":[{"selector":{"controlType":"sap.m.Button","viewName":"etm.portal.ui.manageyards.view.New","viewId":"application-manageyards-display-component---NewYard","i18NText":{"propertyName":"text","key":"save"},"interaction":{"idSuffix":"inner"}},"wdio_ui5_key":"etmportal.ui.manageyards.view.Newsap.m.Button{\"propertyName\":\"text\",\"key\":\"save\"}"}]}
RESULT: undefined
COMMAND: POST /session/312b457e950016f7ac2dd5fe08468d8b/element - {"using":"xpath","value":"//*[@id=\"__button18\"]"}
RESULT: {"using":"xpath","value":"//*[@id=\"__button18\"]"}
COMMAND: POST /session/312b457e950016f7ac2dd5fe08468d8b/element/f.49633FD853CAE5E68BDC48EC70618E25.d.F8B433DCBE7AC760452EB56524A7F2ED.e.549/click - {}
RESULT: {}
COMMAND: GET /session/312b457e950016f7ac2dd5fe08468d8b/screenshot - {}
RESULT: {}
COMMAND: POST /session/312b457e950016f7ac2dd5fe08468d8b/element - {"using":"xpath","value":"//header/div/div[2]/div[2]/span"}
RESULT: {"using":"xpath","value":"//header/div/div[2]/div[2]/span"}
COMMAND: GET /session/312b457e950016f7ac2dd5fe08468d8b/element/f.49633FD853CAE5E68BDC48EC70618E25.d.F8B433DCBE7AC760452EB56524A7F2ED.e.840/text - {}
RESULT: {}
COMMAND: POST /session/312b457e950016f7ac2dd5fe08468d8b/execute/async - {"script":"<script> [1562 bytes]","args":[{"selector":{"controlType":"sap.m.OverflowToolbarButton","viewName":"etm.portal.ui.manageyards.view.Detail","viewId":"application-manageyards-display-component---detailYard","i18NText":{"propertyName":"tooltip","key":"closeColumn"},"interaction":{"idSuffix":"inner"}},"wdio_ui5_key":"etmportal.ui.manageyards.view.Detailsap.m.OverflowToolbarButton{\"propertyName\":\"tooltip\",\"key\":\"closeColumn\"}"}]}
RESULT: {"script":"<script> [1562 bytes]","args":[{"selector":{"controlType":"sap.m.OverflowToolbarButton","viewName":"etm.portal.ui.manageyards.view.Detail","viewId":"application-manageyards-display-component---detailYard","i18NText":{"propertyName":"tooltip","key":"closeColumn"},"interaction":{"idSuffix":"inner"}},"wdio_ui5_key":"etmportal.ui.manageyards.view.Detailsap.m.OverflowToolbarButton{\"propertyName\":\"tooltip\",\"key\":\"closeColumn\"}"}]}
RESULT: undefined
COMMAND: POST /session/312b457e950016f7ac2dd5fe08468d8b/element - {"using":"xpath","value":"//*[@id=\"__button40\"]"}
RESULT: {"using":"xpath","value":"//*[@id=\"__button40\"]"}
COMMAND: POST /session/312b457e950016f7ac2dd5fe08468d8b/element/f.49633FD853CAE5E68BDC48EC70618E25.d.F8B433DCBE7AC760452EB56524A7F2ED.e.842/click - {}
RESULT: {}
COMMAND: GET /session/312b457e950016f7ac2dd5fe08468d8b/screenshot - {}
RESULT: {}
COMMAND: POST /session/312b457e950016f7ac2dd5fe08468d8b/element - {"using":"css selector","value":"#shell-header-logo"}
RESULT: {"using":"css selector","value":"#shell-header-logo"}
COMMAND: POST /session/312b457e950016f7ac2dd5fe08468d8b/element/f.49633FD853CAE5E68BDC48EC70618E25.d.F8B433DCBE7AC760452EB56524A7F2ED.e.122/click - {}
RESULT: {}
COMMAND: GET /session/312b457e950016f7ac2dd5fe08468d8b/screenshot - {}
RESULT: {}
COMMAND: POST /session/312b457e950016f7ac2dd5fe08468d8b/refresh - {}
RESULT: {}
COMMAND: GET /session/312b457e950016f7ac2dd5fe08468d8b/screenshot - {}
RESULT: {}
COMMAND: POST /session/312b457e950016f7ac2dd5fe08468d8b/execute/async - {"script":"<script> [189 bytes]","args":[]}
RESULT: {"script":"<script> [189 bytes]","args":[]}
COMMAND: POST /session/312b457e950016f7ac2dd5fe08468d8b/execute/async - {"script":"<script> [123 bytes]","args":[]}
RESULT: {"script":"<script> [123 bytes]","args":[]}
COMMAND: POST /session/312b457e950016f7ac2dd5fe08468d8b/timeouts - {"script":"<number>"}
RESULT: {"script":"<number>"}
COMMAND: GET /session/312b457e950016f7ac2dd5fe08468d8b/timeouts - {}
RESULT: {}
RESULT: undefined
COMMAND: POST /session/312b457e950016f7ac2dd5fe08468d8b/execute/async - {"script":"<script> [2676 bytes]","args":[]}
RESULT: {"script":"<script> [2676 bytes]","args":[]}
COMMAND: POST /session/312b457e950016f7ac2dd5fe08468d8b/execute/async - {"script":"<script> [2342 bytes]","args":[{"protocol":"http","hostname":"0.0.0.0","path":"/","capabilities":{"browserName":"chrome","goog:chromeOptions":{"binary":"C:\\Program Files\\Google\\Chrome\\Application\\chrome.exe","args":["--start-maximized"]}},"logLevel":"warn","connectionRetryTimeout":120000,"connectionRetryCount":3,"logLevels":{},"enableDirectConnect":true,"strictSSL":true,"_":"65 more keys: [\"cacheDir\",\"port\",\"requestedCapabilities\",\"automationProtocol\",\"baseUrl\",\"waitforInterval\",\"waitforTimeout\",\"onReload\",\"beforeCommand\",\"afterCommand\",\"rootDir\",\"specs\",\"suites\",\"exclude\",\"groupLogsByTestSpec\",\"excludeDriverLogs\",\"bail\",\"framework\",\"reporters\",\"services\",\"maxInstances\",\"maxInstancesPerCapability\",\"injectGlobals\",\"filesToWatch\",\"execArgv\",\"runnerEnv\",\"runner\",\"shard\",\"specFileRetries\",\"specFileRetriesDelay\",\"specFileRetriesDeferred\",\"reporterSyncInterval\",\"reporterSyncTimeout\",\"cucumberFeaturesWithLineNumbers\",\"autoCompileOpts\",\"mochaOpts\",\"jasmineOpts\",\"cucumberOpts\",\"onPrepare\",\"onWorkerStart\",\"onWorkerEnd\",\"before\",\"beforeSession\",\"beforeSuite\",\"beforeHook\",\"beforeTest\",\"afterTest\",\"afterHook\",\"afterSuite\",\"afterSession\",\"after\",\"onComplete\",\"beforeAssertion\",\"afterAssertion\",\"beforeFeature\",\"beforeScenario\",\"beforeStep\",\"afterStep\",\"afterScenario\",\"afterFeature\",\"_\",\"suite\",\"$0\",\"ignoredWorkerServices\",\"wdi5\"]"}]}
RESULT: {"script":"<script> [2342 bytes]","args":[{"protocol":"http","hostname":"0.0.0.0","path":"/","capabilities":{"browserName":"chrome","goog:chromeOptions":{"binary":"C:\\Program Files\\Google\\Chrome\\Application\\chrome.exe","args":["--start-maximized"]}},"logLevel":"warn","connectionRetryTimeout":120000,"connectionRetryCount":3,"logLevels":{},"enableDirectConnect":true,"strictSSL":true,"_":"65 more keys: [\"cacheDir\",\"port\",\"requestedCapabilities\",\"automationProtocol\",\"baseUrl\",\"waitforInterval\",\"waitforTimeout\",\"onReload\",\"beforeCommand\",\"afterCommand\",\"rootDir\",\"specs\",\"suites\",\"exclude\",\"groupLogsByTestSpec\",\"excludeDriverLogs\",\"bail\",\"framework\",\"reporters\",\"services\",\"maxInstances\",\"maxInstancesPerCapability\",\"injectGlobals\",\"filesToWatch\",\"execArgv\",\"runnerEnv\",\"runner\",\"shard\",\"specFileRetries\",\"specFileRetriesDelay\",\"specFileRetriesDeferred\",\"reporterSyncInterval\",\"reporterSyncTimeout\",\"cucumberFeaturesWithLineNumbers\",\"autoCompileOpts\",\"mochaOpts\",\"jasmineOpts\",\"cucumberOpts\",\"onPrepare\",\"onWorkerStart\",\"onWorkerEnd\",\"before\",\"beforeSession\",\"beforeSuite\",\"beforeHook\",\"beforeTest\",\"afterTest\",\"afterHook\",\"afterSuite\",\"afterSession\",\"after\",\"onComplete\",\"beforeAssertion\",\"afterAssertion\",\"beforeFeature\",\"beforeScenario\",\"beforeStep\",\"afterStep\",\"afterScenario\",\"afterFeature\",\"_\",\"suite\",\"$0\",\"ignoredWorkerServices\",\"wdi5\"]"}]}
COMMAND: POST /session/312b457e950016f7ac2dd5fe08468d8b/execute/async - {"script":"<script> [21126 bytes]","args":[35000]}
RESULT: {"script":"<script> [21126 bytes]","args":[35000]}
COMMAND: POST /session/312b457e950016f7ac2dd5fe08468d8b/execute/async - {"script":"<script> [1562 bytes]","args":[{"selector":{"controlType":"sap.m.GenericTile","properties":{"header":"Manage Partners"}},"wdio_ui5_key":"sapm.GenericTile{\"header\":\"Manage Partners\"}"}]}
RESULT: {"script":"<script> [1562 bytes]","args":[{"selector":{"controlType":"sap.m.GenericTile","properties":{"header":"Manage Partners"}},"wdio_ui5_key":"sapm.GenericTile{\"header\":\"Manage Partners\"}"}]}
RESULT: undefined
COMMAND: POST /session/312b457e950016f7ac2dd5fe08468d8b/element - {"using":"xpath","value":"//*[@id=\"__tile38\"]"}
RESULT: {"using":"xpath","value":"//*[@id=\"__tile38\"]"}
COMMAND: POST /session/312b457e950016f7ac2dd5fe08468d8b/element/f.49633FD853CAE5E68BDC48EC70618E25.d.8BAED36C13DB1E1281EF2346F91C1C24.e.1191/click - {}
RESULT: {}
COMMAND: GET /session/312b457e950016f7ac2dd5fe08468d8b/screenshot - {}
RESULT: {}
COMMAND: POST /session/312b457e950016f7ac2dd5fe08468d8b/elements - {"using":"xpath","value":"//span[text()='Error']"}
RESULT: {"using":"xpath","value":"//span[text()='Error']"}
COMMAND: POST /session/312b457e950016f7ac2dd5fe08468d8b/execute/async - {"script":"<script> [1562 bytes]","args":[{"selector":{"controlType":"sap.ui.core.Icon","viewName":"etm.portal.ui.managepartners.view.Master","viewId":"application-managepartners-display-component---masterPtm","properties":{"src":{"regex":{"source":"add"}}}},"wdio_ui5_key":"etmportal.ui.managepartners.view.Mastersap.ui.core.Icon{\"src\":{\"regex\":{\"source\":\"add\"}}}"}]}
RESULT: {"script":"<script> [1562 bytes]","args":[{"selector":{"controlType":"sap.ui.core.Icon","viewName":"etm.portal.ui.managepartners.view.Master","viewId":"application-managepartners-display-component---masterPtm","properties":{"src":{"regex":{"source":"add"}}}},"wdio_ui5_key":"etmportal.ui.managepartners.view.Mastersap.ui.core.Icon{\"src\":{\"regex\":{\"source\":\"add\"}}}"}]}
RESULT: undefined
COMMAND: POST /session/312b457e950016f7ac2dd5fe08468d8b/element - {"using":"xpath","value":"//*[@id=\"__button4-img\"]"}
RESULT: {"using":"xpath","value":"//*[@id=\"__button4-img\"]"}
COMMAND: POST /session/312b457e950016f7ac2dd5fe08468d8b/element/f.49633FD853CAE5E68BDC48EC70618E25.d.8BAED36C13DB1E1281EF2346F91C1C24.e.1242/click - {}
RESULT: {}
COMMAND: GET /session/312b457e950016f7ac2dd5fe08468d8b/screenshot - {}
RESULT: {}
COMMAND: POST /session/312b457e950016f7ac2dd5fe08468d8b/execute/async - {"script":"<script> [1562 bytes]","args":[{"selector":{"id":"application-managepartners-display-component---NewPartner--partnerId","interaction":{"idSuffix":"inner"}},"wdio_ui5_key":"applicationmanagepartners-display-component---NewPartner--partnerId"}]}
RESULT: {"script":"<script> [1562 bytes]","args":[{"selector":{"id":"application-managepartners-display-component---NewPartner--partnerId","interaction":{"idSuffix":"inner"}},"wdio_ui5_key":"applicationmanagepartners-display-component---NewPartner--partnerId"}]}
RESULT: undefined
COMMAND: POST /session/312b457e950016f7ac2dd5fe08468d8b/execute/async - {"script":"<script> [1562 bytes]","args":[{"selector":{"id":"application-managepartners-display-component---NewPartner--addressDetailDetailsName1","interaction":{"idSuffix":"inner"}},"wdio_ui5_key":"applicationmanagepartners-display-component---NewPartner--addressDetailDetailsName1"}]}
RESULT: {"script":"<script> [1562 bytes]","args":[{"selector":{"id":"application-managepartners-display-component---NewPartner--addressDetailDetailsName1","interaction":{"idSuffix":"inner"}},"wdio_ui5_key":"applicationmanagepartners-display-component---NewPartner--addressDetailDetailsName1"}]}
RESULT: undefined
COMMAND: POST /session/312b457e950016f7ac2dd5fe08468d8b/execute/async - {"script":"<script> [776 bytes]","args":[{"enterText":"WebdriverPartnerld92m","selector":{"id":"application-managepartners-display-component---NewPartner--addressDetailDetailsName1","interaction":{"idSuffix":"inner"}},"clearTextFirst":true,"interactionType":"ENTER_TEXT"}]}
RESULT: {"script":"<script> [776 bytes]","args":[{"enterText":"WebdriverPartnerld92m","selector":{"id":"application-managepartners-display-component---NewPartner--addressDetailDetailsName1","interaction":{"idSuffix":"inner"}},"clearTextFirst":true,"interactionType":"ENTER_TEXT"}]}
COMMAND: POST /session/312b457e950016f7ac2dd5fe08468d8b/execute/async - {"script":"<script> [1562 bytes]","args":[{"selector":{"id":"application-managepartners-display-component---NewPartner--addressDetailDetailsLanguage","interaction":{"idSuffix":"inner"}},"wdio_ui5_key":"applicationmanagepartners-display-component---NewPartner--addressDetailDetailsLanguage"}]}
RESULT: {"script":"<script> [1562 bytes]","args":[{"selector":{"id":"application-managepartners-display-component---NewPartner--addressDetailDetailsLanguage","interaction":{"idSuffix":"inner"}},"wdio_ui5_key":"applicationmanagepartners-display-component---NewPartner--addressDetailDetailsLanguage"}]}
RESULT: undefined
COMMAND: POST /session/312b457e950016f7ac2dd5fe08468d8b/execute/async - {"script":"<script> [776 bytes]","args":[{"enterText":"Romanian","selector":{"id":"application-managepartners-display-component---NewPartner--addressDetailDetailsLanguage","interaction":{"idSuffix":"inner"}},"clearTextFirst":true,"interactionType":"ENTER_TEXT"}]}
RESULT: {"script":"<script> [776 bytes]","args":[{"enterText":"Romanian","selector":{"id":"application-managepartners-display-component---NewPartner--addressDetailDetailsLanguage","interaction":{"idSuffix":"inner"}},"clearTextFirst":true,"interactionType":"ENTER_TEXT"}]}
COMMAND: POST /session/312b457e950016f7ac2dd5fe08468d8b/element - {"using":"xpath","value":"//input[contains(@id ,\"application-managepartners-display-component---NewPartner--addressDetailDetailsName1-inner\")]"}
RESULT: {"using":"xpath","value":"//input[contains(@id ,\"application-managepartners-display-component---NewPartner--addressDetailDetailsName1-inner\")]"}
COMMAND: GET /session/312b457e950016f7ac2dd5fe08468d8b/element/f.49633FD853CAE5E68BDC48EC70618E25.d.8BAED36C13DB1E1281EF2346F91C1C24.e.1426/property/value - {}
RESULT: {}
COMMAND: POST /session/312b457e950016f7ac2dd5fe08468d8b/execute/async - {"script":"<script> [1562 bytes]","args":[{"selector":{"id":"application-managepartners-display-component---NewPartner--addressDetailDetailsCity1","interaction":{"idSuffix":"inner"}},"wdio_ui5_key":"applicationmanagepartners-display-component---NewPartner--addressDetailDetailsCity1"}]}
COMMAND: GET /session/312b457e950016f7ac2dd5fe08468d8b/screenshot - {}
RESULT: {"script":"<script> [1562 bytes]","args":[{"selector":{"id":"application-managepartners-display-component---NewPartner--addressDetailDetailsCity1","interaction":{"idSuffix":"inner"}},"wdio_ui5_key":"applicationmanagepartners-display-component---NewPartner--addressDetailDetailsCity1"}]}
RESULT: undefined
COMMAND: POST /session/312b457e950016f7ac2dd5fe08468d8b/execute/async - {"script":"<script> [776 bytes]","args":[{"enterText":"Bucharest","selector":{"id":"application-managepartners-display-component---NewPartner--addressDetailDetailsCity1","interaction":{"idSuffix":"inner"}},"clearTextFirst":true,"interactionType":"ENTER_TEXT"}]}
RESULT: {}
RESULT: {"script":"<script> [776 bytes]","args":[{"enterText":"Bucharest","selector":{"id":"application-managepartners-display-component---NewPartner--addressDetailDetailsCity1","interaction":{"idSuffix":"inner"}},"clearTextFirst":true,"interactionType":"ENTER_TEXT"}]}
COMMAND: POST /session/312b457e950016f7ac2dd5fe08468d8b/execute/async - {"script":"<script> [1562 bytes]","args":[{"selector":{"id":"application-managepartners-display-component---NewPartner--addressDetailDetailsCountry","interaction":{"idSuffix":"inner"}},"wdio_ui5_key":"applicationmanagepartners-display-component---NewPartner--addressDetailDetailsCountry"}]}
RESULT: {"script":"<script> [1562 bytes]","args":[{"selector":{"id":"application-managepartners-display-component---NewPartner--addressDetailDetailsCountry","interaction":{"idSuffix":"inner"}},"wdio_ui5_key":"applicationmanagepartners-display-component---NewPartner--addressDetailDetailsCountry"}]}
RESULT: undefined
COMMAND: POST /session/312b457e950016f7ac2dd5fe08468d8b/execute/async - {"script":"<script> [6424 bytes]","args":[{"element-6066-11e4-a52e-4f735466cecf":"f.49633FD853CAE5E68BDC48EC70618E25.d.8BAED36C13DB1E1281EF2346F91C1C24.e.1433"},"setValue",["Romania"]]}
RESULT: {"script":"<script> [6424 bytes]","args":[{"element-6066-11e4-a52e-4f735466cecf":"f.49633FD853CAE5E68BDC48EC70618E25.d.8BAED36C13DB1E1281EF2346F91C1C24.e.1433"},"setValue",["Romania"]]}
COMMAND: POST /session/312b457e950016f7ac2dd5fe08468d8b/execute/async - {"script":"<script> [1562 bytes]","args":[{"selector":{"id":"application-managepartners-display-component---NewPartner--partnerDetailInternal","interaction":{"idSuffix":"inner"}},"wdio_ui5_key":"applicationmanagepartners-display-component---NewPartner--partnerDetailInternal"}]}
RESULT: {"script":"<script> [1562 bytes]","args":[{"selector":{"id":"application-managepartners-display-component---NewPartner--partnerDetailInternal","interaction":{"idSuffix":"inner"}},"wdio_ui5_key":"applicationmanagepartners-display-component---NewPartner--partnerDetailInternal"}]}
RESULT: undefined
COMMAND: POST /session/312b457e950016f7ac2dd5fe08468d8b/execute/async - {"script":"<script> [776 bytes]","args":[{"enterText":"External partner","selector":{"id":"application-managepartners-display-component---NewPartner--partnerDetailInternal","interaction":{"idSuffix":"inner"}},"clearTextFirst":true,"interactionType":"ENTER_TEXT"}]}
RESULT: {"script":"<script> [776 bytes]","args":[{"enterText":"External partner","selector":{"id":"application-managepartners-display-component---NewPartner--partnerDetailInternal","interaction":{"idSuffix":"inner"}},"clearTextFirst":true,"interactionType":"ENTER_TEXT"}]}
COMMAND: POST /session/312b457e950016f7ac2dd5fe08468d8b/execute/async - {"script":"<script> [1562 bytes]","args":[{"selector":{"id":"application-managepartners-display-component---NewPartner--partnerDetailsCurrency","interaction":{"idSuffix":"inner"}},"wdio_ui5_key":"applicationmanagepartners-display-component---NewPartner--partnerDetailsCurrency"}]}
RESULT: {"script":"<script> [1562 bytes]","args":[{"selector":{"id":"application-managepartners-display-component---NewPartner--partnerDetailsCurrency","interaction":{"idSuffix":"inner"}},"wdio_ui5_key":"applicationmanagepartners-display-component---NewPartner--partnerDetailsCurrency"}]}
RESULT: undefined
COMMAND: POST /session/312b457e950016f7ac2dd5fe08468d8b/execute/async - {"script":"<script> [776 bytes]","args":[{"enterText":"Euro","selector":{"id":"application-managepartners-display-component---NewPartner--partnerDetailsCurrency","interaction":{"idSuffix":"inner"}},"clearTextFirst":true,"interactionType":"ENTER_TEXT"}]}
RESULT: {"script":"<script> [776 bytes]","args":[{"enterText":"Euro","selector":{"id":"application-managepartners-display-component---NewPartner--partnerDetailsCurrency","interaction":{"idSuffix":"inner"}},"clearTextFirst":true,"interactionType":"ENTER_TEXT"}]}
COMMAND: POST /session/312b457e950016f7ac2dd5fe08468d8b/execute/async - {"script":"<script> [1562 bytes]","args":[{"selector":{"controlType":"sap.m.Button","viewName":"etm.portal.ui.managepartners.view.NewPartner","viewId":"application-managepartners-display-component---NewPartner","properties":{"text":"Commercial"},"interaction":{"idSuffix":"BDI-content"}},"wdio_ui5_key":"etmportal.ui.managepartners.view.NewPartnersap.m.Button{\"text\":\"Commercial\"}"}]}
RESULT: {"script":"<script> [1562 bytes]","args":[{"selector":{"controlType":"sap.m.Button","viewName":"etm.portal.ui.managepartners.view.NewPartner","viewId":"application-managepartners-display-component---NewPartner","properties":{"text":"Commercial"},"interaction":{"idSuffix":"BDI-content"}},"wdio_ui5_key":"etmportal.ui.managepartners.view.NewPartnersap.m.Button{\"text\":\"Commercial\"}"}]}
RESULT: undefined
COMMAND: POST /session/312b457e950016f7ac2dd5fe08468d8b/element - {"using":"xpath","value":"//*[@id=\"application-managepartners-display-component---NewPartner--ObjectPageLayout-anchBar-__section5-anchor\"]"}
RESULT: {"using":"xpath","value":"//*[@id=\"application-managepartners-display-component---NewPartner--ObjectPageLayout-anchBar-__section5-anchor\"]"}
COMMAND: POST /session/312b457e950016f7ac2dd5fe08468d8b/element/f.49633FD853CAE5E68BDC48EC70618E25.d.8BAED36C13DB1E1281EF2346F91C1C24.e.1673/click - {}
RESULT: {}
COMMAND: GET /session/312b457e950016f7ac2dd5fe08468d8b/screenshot - {}
RESULT: {}
COMMAND: POST /session/312b457e950016f7ac2dd5fe08468d8b/execute/async - {"script":"<script> [1562 bytes]","args":[{"selector":{"id":"application-managepartners-display-component---NewPartner--btnAddTableRow-img"},"wdio_ui5_key":"applicationmanagepartners-display-component---NewPartner--btnAddTableRow-img"}]}
RESULT: {"script":"<script> [1562 bytes]","args":[{"selector":{"id":"application-managepartners-display-component---NewPartner--btnAddTableRow-img"},"wdio_ui5_key":"applicationmanagepartners-display-component---NewPartner--btnAddTableRow-img"}]}
RESULT: undefined
COMMAND: POST /session/312b457e950016f7ac2dd5fe08468d8b/element - {"using":"xpath","value":"//*[@id=\"application-managepartners-display-component---NewPartner--btnAddTableRow-img\"]"}
RESULT: {"using":"xpath","value":"//*[@id=\"application-managepartners-display-component---NewPartner--btnAddTableRow-img\"]"}
COMMAND: POST /session/312b457e950016f7ac2dd5fe08468d8b/element/f.49633FD853CAE5E68BDC48EC70618E25.d.8BAED36C13DB1E1281EF2346F91C1C24.e.1679/click - {}
RESULT: {}
COMMAND: POST /session/312b457e950016f7ac2dd5fe08468d8b/element - {"using":"xpath","value":"//input[contains(@id ,\"application-managepartners-display-component---NewPartner--assignmentYard-application-managepartners-display-component---NewPartner\")]"}
COMMAND: GET /session/312b457e950016f7ac2dd5fe08468d8b/screenshot - {}
RESULT: {"using":"xpath","value":"//input[contains(@id ,\"application-managepartners-display-component---NewPartner--assignmentYard-application-managepartners-display-component---NewPartner\")]"}
COMMAND: POST /session/312b457e950016f7ac2dd5fe08468d8b/element/f.49633FD853CAE5E68BDC48EC70618E25.d.8BAED36C13DB1E1281EF2346F91C1C24.e.1684/clear - {}
RESULT: {}
RESULT: {}
COMMAND: POST /session/312b457e950016f7ac2dd5fe08468d8b/element/f.49633FD853CAE5E68BDC48EC70618E25.d.8BAED36C13DB1E1281EF2346F91C1C24.e.1684/value - {"text":"WebdriverYard8myzr"}
COMMAND: GET /session/312b457e950016f7ac2dd5fe08468d8b/screenshot - {}
RESULT: {"text":"WebdriverYard8myzr"}
COMMAND: GET /session/312b457e950016f7ac2dd5fe08468d8b/screenshot - {}
RESULT: {}
RESULT: {}
COMMAND: POST /session/312b457e950016f7ac2dd5fe08468d8b/execute/async - {"script":"<script> [1562 bytes]","args":[{"selector":{"controlType":"sap.m.Button","viewName":"etm.portal.ui.managepartners.view.NewPartner","viewId":"application-managepartners-display-component---NewPartner","i18NText":{"propertyName":"text","key":"save"},"interaction":{"idSuffix":"BDI-content"}},"wdio_ui5_key":"etmportal.ui.managepartners.view.NewPartnersap.m.Button{\"propertyName\":\"text\",\"key\":\"save\"}"}]}
RESULT: {"script":"<script> [1562 bytes]","args":[{"selector":{"controlType":"sap.m.Button","viewName":"etm.portal.ui.managepartners.view.NewPartner","viewId":"application-managepartners-display-component---NewPartner","i18NText":{"propertyName":"text","key":"save"},"interaction":{"idSuffix":"BDI-content"}},"wdio_ui5_key":"etmportal.ui.managepartners.view.NewPartnersap.m.Button{\"propertyName\":\"text\",\"key\":\"save\"}"}]}
RESULT: undefined
COMMAND: POST /session/312b457e950016f7ac2dd5fe08468d8b/element - {"using":"xpath","value":"//*[@id=\"__button12\"]"}
RESULT: {"using":"xpath","value":"//*[@id=\"__button12\"]"}
COMMAND: POST /session/312b457e950016f7ac2dd5fe08468d8b/element/f.49633FD853CAE5E68BDC48EC70618E25.d.8BAED36C13DB1E1281EF2346F91C1C24.e.1580/click - {}
RESULT: {}
COMMAND: GET /session/312b457e950016f7ac2dd5fe08468d8b/screenshot - {}
RESULT: {}
COMMAND: POST /session/312b457e950016f7ac2dd5fe08468d8b/element - {"using":"xpath","value":"//header/div/div[2]/div[2]/span"}
RESULT: {"using":"xpath","value":"//header/div/div[2]/div[2]/span"}
COMMAND: GET /session/312b457e950016f7ac2dd5fe08468d8b/element/f.49633FD853CAE5E68BDC48EC70618E25.d.8BAED36C13DB1E1281EF2346F91C1C24.e.1857/text - {}
RESULT: {}
COMMAND: POST /session/312b457e950016f7ac2dd5fe08468d8b/element - {"using":"xpath","value":"//header/div/div/div/div/div/div[2]/div/span"}
RESULT: {"using":"xpath","value":"//header/div/div/div/div/div/div[2]/div/span"}
COMMAND: GET /session/312b457e950016f7ac2dd5fe08468d8b/element/f.49633FD853CAE5E68BDC48EC70618E25.d.8BAED36C13DB1E1281EF2346F91C1C24.e.1858/text - {}
RESULT: {}
COMMAND: POST /session/312b457e950016f7ac2dd5fe08468d8b/execute/async - {"script":"<script> [1562 bytes]","args":[{"selector":{"id":"application-managepartners-display-component---detailPtm--partnerType"},"wdio_ui5_key":"applicationmanagepartners-display-component---detailPtm--partnerType"}]}
RESULT: {"script":"<script> [1562 bytes]","args":[{"selector":{"id":"application-managepartners-display-component---detailPtm--partnerType"},"wdio_ui5_key":"applicationmanagepartners-display-component---detailPtm--partnerType"}]}
RESULT: undefined
COMMAND: POST /session/312b457e950016f7ac2dd5fe08468d8b/execute/async - {"script":"<script> [6424 bytes]","args":[{"element-6066-11e4-a52e-4f735466cecf":"f.49633FD853CAE5E68BDC48EC70618E25.d.8BAED36C13DB1E1281EF2346F91C1C24.e.1859"},"getText",[]]}
RESULT: {"script":"<script> [6424 bytes]","args":[{"element-6066-11e4-a52e-4f735466cecf":"f.49633FD853CAE5E68BDC48EC70618E25.d.8BAED36C13DB1E1281EF2346F91C1C24.e.1859"},"getText",[]]}
COMMAND: POST /session/312b457e950016f7ac2dd5fe08468d8b/element - {"using":"css selector","value":"#shell-header-logo"}
RESULT: {"using":"css selector","value":"#shell-header-logo"}
COMMAND: POST /session/312b457e950016f7ac2dd5fe08468d8b/element/f.49633FD853CAE5E68BDC48EC70618E25.d.8BAED36C13DB1E1281EF2346F91C1C24.e.1194/click - {}
RESULT: {}
COMMAND: GET /session/312b457e950016f7ac2dd5fe08468d8b/screenshot - {}
RESULT: {}
COMMAND: POST /session/312b457e950016f7ac2dd5fe08468d8b/execute/async - {"script":"<script> [1562 bytes]","args":[{"selector":{"controlType":"sap.m.GenericTile","properties":{"header":"Manage Sites"}},"wdio_ui5_key":"sapm.GenericTile{\"header\":\"Manage Sites\"}"}]}
RESULT: {"script":"<script> [1562 bytes]","args":[{"selector":{"controlType":"sap.m.GenericTile","properties":{"header":"Manage Sites"}},"wdio_ui5_key":"sapm.GenericTile{\"header\":\"Manage Sites\"}"}]}
RESULT: undefined
COMMAND: POST /session/312b457e950016f7ac2dd5fe08468d8b/element - {"using":"xpath","value":"//*[@id=\"__tile40\"]"}
RESULT: {"using":"xpath","value":"//*[@id=\"__tile40\"]"}
COMMAND: POST /session/312b457e950016f7ac2dd5fe08468d8b/element/f.49633FD853CAE5E68BDC48EC70618E25.d.8BAED36C13DB1E1281EF2346F91C1C24.e.1861/click - {}
RESULT: {}
COMMAND: GET /session/312b457e950016f7ac2dd5fe08468d8b/screenshot - {}
RESULT: {}
COMMAND: POST /session/312b457e950016f7ac2dd5fe08468d8b/elements - {"using":"xpath","value":"//span[text()='Error']"}
RESULT: {"using":"xpath","value":"//span[text()='Error']"}
COMMAND: POST /session/312b457e950016f7ac2dd5fe08468d8b/execute/async - {"script":"<script> [1562 bytes]","args":[{"selector":{"controlType":"sap.ui.core.Icon","viewName":"etm.portal.ui.managesites.view.Master","viewId":"application-managesites-display-component---masterSite","properties":{"src":{"regex":{"source":"add"}}}},"wdio_ui5_key":"etmportal.ui.managesites.view.Mastersap.ui.core.Icon{\"src\":{\"regex\":{\"source\":\"add\"}}}"}]}
RESULT: {"script":"<script> [1562 bytes]","args":[{"selector":{"controlType":"sap.ui.core.Icon","viewName":"etm.portal.ui.managesites.view.Master","viewId":"application-managesites-display-component---masterSite","properties":{"src":{"regex":{"source":"add"}}}},"wdio_ui5_key":"etmportal.ui.managesites.view.Mastersap.ui.core.Icon{\"src\":{\"regex\":{\"source\":\"add\"}}}"}]}
RESULT: undefined
COMMAND: POST /session/312b457e950016f7ac2dd5fe08468d8b/element - {"using":"xpath","value":"//*[@id=\"__button48-img\"]"}
RESULT: {"using":"xpath","value":"//*[@id=\"__button48-img\"]"}
COMMAND: POST /session/312b457e950016f7ac2dd5fe08468d8b/element/f.49633FD853CAE5E68BDC48EC70618E25.d.8BAED36C13DB1E1281EF2346F91C1C24.e.1908/click - {}
RESULT: {}
COMMAND: POST /session/312b457e950016f7ac2dd5fe08468d8b/execute/async - {"script":"<script> [1562 bytes]","args":[{"selector":{"id":"application-managesites-display-component---NewSite--siteId","interaction":{"idSuffix":"inner"}},"wdio_ui5_key":"applicationmanagesites-display-component---NewSite--siteId"}]}
COMMAND: GET /session/312b457e950016f7ac2dd5fe08468d8b/screenshot - {}
RESULT: {"script":"<script> [1562 bytes]","args":[{"selector":{"id":"application-managesites-display-component---NewSite--siteId","interaction":{"idSuffix":"inner"}},"wdio_ui5_key":"applicationmanagesites-display-component---NewSite--siteId"}]}
RESULT: undefined
COMMAND: POST /session/312b457e950016f7ac2dd5fe08468d8b/execute/async - {"script":"<script> [1562 bytes]","args":[{"selector":{"id":"application-managesites-display-component---NewSite--addressDetailDetailsName1","interaction":{"idSuffix":"inner"}},"wdio_ui5_key":"applicationmanagesites-display-component---NewSite--addressDetailDetailsName1"}]}
RESULT: {}
RESULT: {"script":"<script> [1562 bytes]","args":[{"selector":{"id":"application-managesites-display-component---NewSite--addressDetailDetailsName1","interaction":{"idSuffix":"inner"}},"wdio_ui5_key":"applicationmanagesites-display-component---NewSite--addressDetailDetailsName1"}]}
RESULT: undefined
COMMAND: POST /session/312b457e950016f7ac2dd5fe08468d8b/execute/async - {"script":"<script> [776 bytes]","args":[{"enterText":"WebdriverSitezblod","selector":{"id":"application-managesites-display-component---NewSite--addressDetailDetailsName1","interaction":{"idSuffix":"inner"}},"clearTextFirst":true,"interactionType":"ENTER_TEXT"}]}
RESULT: {"script":"<script> [776 bytes]","args":[{"enterText":"WebdriverSitezblod","selector":{"id":"application-managesites-display-component---NewSite--addressDetailDetailsName1","interaction":{"idSuffix":"inner"}},"clearTextFirst":true,"interactionType":"ENTER_TEXT"}]}
COMMAND: POST /session/312b457e950016f7ac2dd5fe08468d8b/execute/async - {"script":"<script> [1562 bytes]","args":[{"selector":{"id":"application-managesites-display-component---NewSite--addressDetailDetailsLanguage","interaction":{"idSuffix":"inner"}},"wdio_ui5_key":"applicationmanagesites-display-component---NewSite--addressDetailDetailsLanguage"}]}
RESULT: {"script":"<script> [1562 bytes]","args":[{"selector":{"id":"application-managesites-display-component---NewSite--addressDetailDetailsLanguage","interaction":{"idSuffix":"inner"}},"wdio_ui5_key":"applicationmanagesites-display-component---NewSite--addressDetailDetailsLanguage"}]}
RESULT: undefined
COMMAND: POST /session/312b457e950016f7ac2dd5fe08468d8b/execute/async - {"script":"<script> [776 bytes]","args":[{"enterText":"Romanian","selector":{"id":"application-managesites-display-component---NewSite--addressDetailDetailsLanguage","interaction":{"idSuffix":"inner"}},"clearTextFirst":true,"interactionType":"ENTER_TEXT"}]}
RESULT: {"script":"<script> [776 bytes]","args":[{"enterText":"Romanian","selector":{"id":"application-managesites-display-component---NewSite--addressDetailDetailsLanguage","interaction":{"idSuffix":"inner"}},"clearTextFirst":true,"interactionType":"ENTER_TEXT"}]}
COMMAND: POST /session/312b457e950016f7ac2dd5fe08468d8b/execute/async - {"script":"<script> [1562 bytes]","args":[{"selector":{"id":"application-managesites-display-component---NewSite--addressDetailDetailsCity1","interaction":{"idSuffix":"inner"}},"wdio_ui5_key":"applicationmanagesites-display-component---NewSite--addressDetailDetailsCity1"}]}
RESULT: {"script":"<script> [1562 bytes]","args":[{"selector":{"id":"application-managesites-display-component---NewSite--addressDetailDetailsCity1","interaction":{"idSuffix":"inner"}},"wdio_ui5_key":"applicationmanagesites-display-component---NewSite--addressDetailDetailsCity1"}]}
RESULT: undefined
COMMAND: POST /session/312b457e950016f7ac2dd5fe08468d8b/execute/async - {"script":"<script> [776 bytes]","args":[{"enterText":"Bucharest","selector":{"id":"application-managesites-display-component---NewSite--addressDetailDetailsCity1","interaction":{"idSuffix":"inner"}},"clearTextFirst":true,"interactionType":"ENTER_TEXT"}]}
RESULT: {"script":"<script> [776 bytes]","args":[{"enterText":"Bucharest","selector":{"id":"application-managesites-display-component---NewSite--addressDetailDetailsCity1","interaction":{"idSuffix":"inner"}},"clearTextFirst":true,"interactionType":"ENTER_TEXT"}]}
COMMAND: POST /session/312b457e950016f7ac2dd5fe08468d8b/execute/async - {"script":"<script> [1562 bytes]","args":[{"selector":{"id":"application-managesites-display-component---NewSite--addressDetailDetailsCountry","interaction":{"idSuffix":"inner"}},"wdio_ui5_key":"applicationmanagesites-display-component---NewSite--addressDetailDetailsCountry"}]}
RESULT: {"script":"<script> [1562 bytes]","args":[{"selector":{"id":"application-managesites-display-component---NewSite--addressDetailDetailsCountry","interaction":{"idSuffix":"inner"}},"wdio_ui5_key":"applicationmanagesites-display-component---NewSite--addressDetailDetailsCountry"}]}
RESULT: undefined
COMMAND: POST /session/312b457e950016f7ac2dd5fe08468d8b/execute/async - {"script":"<script> [776 bytes]","args":[{"enterText":"Romania","selector":{"id":"application-managesites-display-component---NewSite--addressDetailDetailsCountry","interaction":{"idSuffix":"inner"}},"clearTextFirst":true,"interactionType":"ENTER_TEXT"}]}
RESULT: {"script":"<script> [776 bytes]","args":[{"enterText":"Romania","selector":{"id":"application-managesites-display-component---NewSite--addressDetailDetailsCountry","interaction":{"idSuffix":"inner"}},"clearTextFirst":true,"interactionType":"ENTER_TEXT"}]}
COMMAND: POST /session/312b457e950016f7ac2dd5fe08468d8b/element - {"using":"css selector","value":"#application-managesites-display-component---NewSite--addressDetailDetailsCalendar-inner"}
RESULT: {"using":"css selector","value":"#application-managesites-display-component---NewSite--addressDetailDetailsCalendar-inner"}
COMMAND: POST /session/312b457e950016f7ac2dd5fe08468d8b/element/f.49633FD853CAE5E68BDC48EC70618E25.d.8BAED36C13DB1E1281EF2346F91C1C24.e.2298/clear - {}
RESULT: {}
COMMAND: POST /session/312b457e950016f7ac2dd5fe08468d8b/element/f.49633FD853CAE5E68BDC48EC70618E25.d.8BAED36C13DB1E1281EF2346F91C1C24.e.2298/value - {"text":"Germany"}
COMMAND: GET /session/312b457e950016f7ac2dd5fe08468d8b/screenshot - {}
RESULT: {"text":"Germany"}
COMMAND: POST /session/312b457e950016f7ac2dd5fe08468d8b/execute/async - {"script":"<script> [1562 bytes]","args":[{"selector":{"id":"application-managesites-display-component---NewSite--addressEditDetailsCostObjectCstType-arrow"},"wdio_ui5_key":"applicationmanagesites-display-component---NewSite--addressEditDetailsCostObjectCstType-arrow"}]}
COMMAND: GET /session/312b457e950016f7ac2dd5fe08468d8b/screenshot - {}
RESULT: {}
RESULT: {"script":"<script> [1562 bytes]","args":[{"selector":{"id":"application-managesites-display-component---NewSite--addressEditDetailsCostObjectCstType-arrow"},"wdio_ui5_key":"applicationmanagesites-display-component---NewSite--addressEditDetailsCostObjectCstType-arrow"}]}
RESULT: undefined
COMMAND: POST /session/312b457e950016f7ac2dd5fe08468d8b/element - {"using":"xpath","value":"//*[@id=\"application-managesites-display-component---NewSite--addressEditDetailsCostObjectCstType-arrow\"]"}
RESULT: {}
RESULT: {"using":"xpath","value":"//*[@id=\"application-managesites-display-component---NewSite--addressEditDetailsCostObjectCstType-arrow\"]"}
COMMAND: POST /session/312b457e950016f7ac2dd5fe08468d8b/element/f.49633FD853CAE5E68BDC48EC70618E25.d.8BAED36C13DB1E1281EF2346F91C1C24.e.2491/click - {}
RESULT: {}
COMMAND: POST /session/312b457e950016f7ac2dd5fe08468d8b/element - {"using":"xpath","value":"//span[contains(text(), \"Work Breakdown Structure\")]"}
COMMAND: GET /session/312b457e950016f7ac2dd5fe08468d8b/screenshot - {}
RESULT: {"using":"xpath","value":"//span[contains(text(), \"Work Breakdown Structure\")]"}
COMMAND: POST /session/312b457e950016f7ac2dd5fe08468d8b/element/f.49633FD853CAE5E68BDC48EC70618E25.d.8BAED36C13DB1E1281EF2346F91C1C24.e.2492/click - {}
RESULT: {}
RESULT: {}
COMMAND: GET /session/312b457e950016f7ac2dd5fe08468d8b/screenshot - {}
RESULT: {}
COMMAND: POST /session/312b457e950016f7ac2dd5fe08468d8b/execute/async - {"script":"<script> [1562 bytes]","args":[{"selector":{"id":"application-managesites-display-component---NewSite--addressNewCostObjectCstID-vhi"},"wdio_ui5_key":"applicationmanagesites-display-component---NewSite--addressNewCostObjectCstID-vhi"}]}
RESULT: {"script":"<script> [1562 bytes]","args":[{"selector":{"id":"application-managesites-display-component---NewSite--addressNewCostObjectCstID-vhi"},"wdio_ui5_key":"applicationmanagesites-display-component---NewSite--addressNewCostObjectCstID-vhi"}]}
RESULT: undefined
COMMAND: POST /session/312b457e950016f7ac2dd5fe08468d8b/element - {"using":"xpath","value":"//*[@id=\"application-managesites-display-component---NewSite--addressNewCostObjectCstID-vhi\"]"}
RESULT: {"using":"xpath","value":"//*[@id=\"application-managesites-display-component---NewSite--addressNewCostObjectCstID-vhi\"]"}
COMMAND: POST /session/312b457e950016f7ac2dd5fe08468d8b/element/f.49633FD853CAE5E68BDC48EC70618E25.d.8BAED36C13DB1E1281EF2346F91C1C24.e.2497/click - {}
RESULT: {}
COMMAND: GET /session/312b457e950016f7ac2dd5fe08468d8b/screenshot - {}
RESULT: {}
COMMAND: POST /session/312b457e950016f7ac2dd5fe08468d8b/execute/async - {"script":"<script> [1562 bytes]","args":[{"selector":{"controlType":"sap.m.SearchField","properties":{"placeholder":"Search"},"searchOpenDialogs":true,"interaction":{"idSuffix":"I"}},"wdio_ui5_key":"sapm.SearchField{\"placeholder\":\"Search\"}"}]}
RESULT: {"script":"<script> [1562 bytes]","args":[{"selector":{"controlType":"sap.m.SearchField","properties":{"placeholder":"Search"},"searchOpenDialogs":true,"interaction":{"idSuffix":"I"}},"wdio_ui5_key":"sapm.SearchField{\"placeholder\":\"Search\"}"}]}
RESULT: undefined
COMMAND: POST /session/312b457e950016f7ac2dd5fe08468d8b/execute/async - {"script":"<script> [776 bytes]","args":[{"enterText":"A1-000100-01","selector":{"controlType":"sap.m.SearchField","properties":{"placeholder":"Search"},"searchOpenDialogs":true,"interaction":{"idSuffix":"I"}},"clearTextFirst":true,"interactionType":"ENTER_TEXT"}]}
RESULT: {"script":"<script> [776 bytes]","args":[{"enterText":"A1-000100-01","selector":{"controlType":"sap.m.SearchField","properties":{"placeholder":"Search"},"searchOpenDialogs":true,"interaction":{"idSuffix":"I"}},"clearTextFirst":true,"interactionType":"ENTER_TEXT"}]}
COMMAND: POST /session/312b457e950016f7ac2dd5fe08468d8b/actions - {"actions":[{"id":"action3","type":"key","parameters":{},"actions":[{"type":"keyDown","value":"î€‡"},{"type":"pause","duration":10},{"type":"keyUp","value":"î€‡"}]}]}
RESULT: {"actions":[{"id":"action3","type":"key","parameters":{},"actions":[{"type":"keyDown","value":"î€‡"},{"type":"pause","duration":10},{"type":"keyUp","value":"î€‡"}]}]}
COMMAND: GET /session/312b457e950016f7ac2dd5fe08468d8b/screenshot - {}
RESULT: {}
COMMAND: POST /session/312b457e950016f7ac2dd5fe08468d8b/element - {"using":"xpath","value":"//span[contains(text(), \"Template for ETO-Process\")]"}
RESULT: {"using":"xpath","value":"//span[contains(text(), \"Template for ETO-Process\")]"}
COMMAND: POST /session/312b457e950016f7ac2dd5fe08468d8b/element/f.49633FD853CAE5E68BDC48EC70618E25.d.8BAED36C13DB1E1281EF2346F91C1C24.e.2516/click - {}
RESULT: {}
COMMAND: GET /session/312b457e950016f7ac2dd5fe08468d8b/screenshot - {}
RESULT: {}
COMMAND: POST /session/312b457e950016f7ac2dd5fe08468d8b/element - {"using":"xpath","value":"//bdi[contains(text(), \"OK\")]"}
RESULT: {"using":"xpath","value":"//bdi[contains(text(), \"OK\")]"}
COMMAND: POST /session/312b457e950016f7ac2dd5fe08468d8b/element/f.49633FD853CAE5E68BDC48EC70618E25.d.8BAED36C13DB1E1281EF2346F91C1C24.e.2517/click - {}
RESULT: {}
COMMAND: GET /session/312b457e950016f7ac2dd5fe08468d8b/screenshot - {}
RESULT: {}
COMMAND: POST /session/312b457e950016f7ac2dd5fe08468d8b/element - {"using":"xpath","value":"//input[@id=\"application-managesites-display-component---NewSite--addressDetailDetailsYard-inner\"]"}
RESULT: {"using":"xpath","value":"//input[@id=\"application-managesites-display-component---NewSite--addressDetailDetailsYard-inner\"]"}
COMMAND: POST /session/312b457e950016f7ac2dd5fe08468d8b/element/f.49633FD853CAE5E68BDC48EC70618E25.d.8BAED36C13DB1E1281EF2346F91C1C24.e.2299/value - {"text":"WebdriverYard8myzr"}
RESULT: {"text":"WebdriverYard8myzr"}
COMMAND: GET /session/312b457e950016f7ac2dd5fe08468d8b/screenshot - {}
RESULT: {}
COMMAND: POST /session/312b457e950016f7ac2dd5fe08468d8b/actions - {"actions":[{"id":"action4","type":"key","parameters":{},"actions":[{"type":"keyDown","value":"î€‡"},{"type":"pause","duration":10},{"type":"keyUp","value":"î€‡"}]}]}
RESULT: {"actions":[{"id":"action4","type":"key","parameters":{},"actions":[{"type":"keyDown","value":"î€‡"},{"type":"pause","duration":10},{"type":"keyUp","value":"î€‡"}]}]}
COMMAND: GET /session/312b457e950016f7ac2dd5fe08468d8b/screenshot - {}
RESULT: {}
COMMAND: POST /session/312b457e950016f7ac2dd5fe08468d8b/element - {"using":"xpath","value":"//input[@id=\"application-managesites-display-component---NewSite--addressDetailDetailsPartner-inner\"]"}
RESULT: {"using":"xpath","value":"//input[@id=\"application-managesites-display-component---NewSite--addressDetailDetailsPartner-inner\"]"}
COMMAND: POST /session/312b457e950016f7ac2dd5fe08468d8b/elements - {"using":"xpath","value":"//input[@id=\"application-managesites-display-component---NewSite--addressDetailDetailsPartner-inner\"]"}
RESULT: {"using":"xpath","value":"//input[@id=\"application-managesites-display-component---NewSite--addressDetailDetailsPartner-inner\"]"}
COMMAND: POST /session/312b457e950016f7ac2dd5fe08468d8b/execute/async - {"script":"<script> [1562 bytes]","args":[{"selector":{"controlType":"sap.m.Button","viewName":"etm.portal.ui.managesites.view.NewSmartSite","viewId":"application-managesites-display-component---NewSite","properties":{"text":"Commercial"},"interaction":{"idSuffix":"BDI-content"}},"wdio_ui5_key":"etmportal.ui.managesites.view.NewSmartSitesap.m.Button{\"text\":\"Commercial\"}"}]}
RESULT: {"script":"<script> [1562 bytes]","args":[{"selector":{"controlType":"sap.m.Button","viewName":"etm.portal.ui.managesites.view.NewSmartSite","viewId":"application-managesites-display-component---NewSite","properties":{"text":"Commercial"},"interaction":{"idSuffix":"BDI-content"}},"wdio_ui5_key":"etmportal.ui.managesites.view.NewSmartSitesap.m.Button{\"text\":\"Commercial\"}"}]}
RESULT: undefined
COMMAND: POST /session/312b457e950016f7ac2dd5fe08468d8b/element - {"using":"xpath","value":"//*[@id=\"application-managesites-display-component---NewSite--ObjectPageLayout-anchBar-__section29-anchor\"]"}
RESULT: {"using":"xpath","value":"//*[@id=\"application-managesites-display-component---NewSite--ObjectPageLayout-anchBar-__section29-anchor\"]"}
COMMAND: POST /session/312b457e950016f7ac2dd5fe08468d8b/element/f.49633FD853CAE5E68BDC48EC70618E25.d.8BAED36C13DB1E1281EF2346F91C1C24.e.2524/click - {}
RESULT: {}
COMMAND: POST /session/312b457e950016f7ac2dd5fe08468d8b/execute/async - {"script":"<script> [1562 bytes]","args":[{"selector":{"controlType":"sap.m.Button","viewName":"etm.portal.ui.managesites.view.NewSmartSite","viewId":"application-managesites-display-component---NewSite","i18NText":{"propertyName":"text","key":"save"},"interaction":{"idSuffix":"BDI-content"}},"wdio_ui5_key":"etmportal.ui.managesites.view.NewSmartSitesap.m.Button{\"propertyName\":\"text\",\"key\":\"save\"}"}]}
COMMAND: GET /session/312b457e950016f7ac2dd5fe08468d8b/screenshot - {}
RESULT: {"script":"<script> [1562 bytes]","args":[{"selector":{"controlType":"sap.m.Button","viewName":"etm.portal.ui.managesites.view.NewSmartSite","viewId":"application-managesites-display-component---NewSite","i18NText":{"propertyName":"text","key":"save"},"interaction":{"idSuffix":"BDI-content"}},"wdio_ui5_key":"etmportal.ui.managesites.view.NewSmartSitesap.m.Button{\"propertyName\":\"text\",\"key\":\"save\"}"}]}
RESULT: undefined
COMMAND: POST /session/312b457e950016f7ac2dd5fe08468d8b/element - {"using":"xpath","value":"//*[@id=\"__button60\"]"}
RESULT: {}
RESULT: {"using":"xpath","value":"//*[@id=\"__button60\"]"}
COMMAND: POST /session/312b457e950016f7ac2dd5fe08468d8b/element/f.49633FD853CAE5E68BDC48EC70618E25.d.8BAED36C13DB1E1281EF2346F91C1C24.e.2431/click - {}
RESULT: {}
COMMAND: GET /session/312b457e950016f7ac2dd5fe08468d8b/screenshot - {}
RESULT: {}
COMMAND: POST /session/312b457e950016f7ac2dd5fe08468d8b/execute/async - {"script":"<script> [1562 bytes]","args":[{"selector":{"id":"application-managesites-display-component---detailSite--addressDetailDetailsYardText"},"wdio_ui5_key":"applicationmanagesites-display-component---detailSite--addressDetailDetailsYardText"}]}
RESULT: {"script":"<script> [1562 bytes]","args":[{"selector":{"id":"application-managesites-display-component---detailSite--addressDetailDetailsYardText"},"wdio_ui5_key":"applicationmanagesites-display-component---detailSite--addressDetailDetailsYardText"}]}
RESULT: undefined
COMMAND: POST /session/312b457e950016f7ac2dd5fe08468d8b/element - {"using":"xpath","value":"//header/div/div[2]/div[2]/span"}
RESULT: {"using":"xpath","value":"//header/div/div[2]/div[2]/span"}
COMMAND: GET /session/312b457e950016f7ac2dd5fe08468d8b/element/f.49633FD853CAE5E68BDC48EC70618E25.d.8BAED36C13DB1E1281EF2346F91C1C24.e.2738/text - {}
RESULT: {}
COMMAND: POST /session/312b457e950016f7ac2dd5fe08468d8b/element - {"using":"xpath","value":"//header/div/div/div/div/div/div[2]/div/span"}
RESULT: {"using":"xpath","value":"//header/div/div/div/div/div/div[2]/div/span"}
COMMAND: GET /session/312b457e950016f7ac2dd5fe08468d8b/element/f.49633FD853CAE5E68BDC48EC70618E25.d.8BAED36C13DB1E1281EF2346F91C1C24.e.2739/text - {}
RESULT: {}
COMMAND: POST /session/312b457e950016f7ac2dd5fe08468d8b/element - {"using":"css selector","value":"#shell-header-logo"}
RESULT: {"using":"css selector","value":"#shell-header-logo"}
COMMAND: POST /session/312b457e950016f7ac2dd5fe08468d8b/element/f.49633FD853CAE5E68BDC48EC70618E25.d.8BAED36C13DB1E1281EF2346F91C1C24.e.1864/click - {}
RESULT: {}
COMMAND: GET /session/312b457e950016f7ac2dd5fe08468d8b/screenshot - {}
RESULT: {}
]]></system-out>
    </testcase>
    <testcase classname="chrome.136_0_7103_49.windows.Standard_contract_-_add_contract_items_by_Insert_Request_US118222" name="Should create 2 new resources and a catalog item" time="374.106">
      <system-out><![CDATA[
COMMAND: POST /session/312b457e950016f7ac2dd5fe08468d8b/execute/async - {"script":"<script> [1562 bytes]","args":[{"selector":{"controlType":"sap.m.GenericTile","properties":{"header":"Manage Resources"}},"wdio_ui5_key":"sapm.GenericTile{\"header\":\"Manage Resources\"}"}]}
RESULT: {"script":"<script> [1562 bytes]","args":[{"selector":{"controlType":"sap.m.GenericTile","properties":{"header":"Manage Resources"}},"wdio_ui5_key":"sapm.GenericTile{\"header\":\"Manage Resources\"}"}]}
RESULT: undefined
COMMAND: POST /session/312b457e950016f7ac2dd5fe08468d8b/element - {"using":"xpath","value":"//*[@id=\"__tile39\"]"}
RESULT: {"using":"xpath","value":"//*[@id=\"__tile39\"]"}
COMMAND: POST /session/312b457e950016f7ac2dd5fe08468d8b/element/f.49633FD853CAE5E68BDC48EC70618E25.d.8BAED36C13DB1E1281EF2346F91C1C24.e.2741/click - {}
RESULT: {}
COMMAND: GET /session/312b457e950016f7ac2dd5fe08468d8b/screenshot - {}
RESULT: {}
COMMAND: POST /session/312b457e950016f7ac2dd5fe08468d8b/elements - {"using":"xpath","value":"//span[text()='Error']"}
RESULT: {"using":"xpath","value":"//span[text()='Error']"}
COMMAND: POST /session/312b457e950016f7ac2dd5fe08468d8b/element - {"using":"xpath","value":"//button[@data-kt=\"addNewRUOverflowToolbarButton\"]"}
RESULT: {"using":"xpath","value":"//button[@data-kt=\"addNewRUOverflowToolbarButton\"]"}
COMMAND: POST /session/312b457e950016f7ac2dd5fe08468d8b/execute/sync - {"script":"<script> [8489 bytes]","args":[{"element-6066-11e4-a52e-4f735466cecf":"f.49633FD853CAE5E68BDC48EC70618E25.d.8BAED36C13DB1E1281EF2346F91C1C24.e.2783","ELEMENT":"f.49633FD853CAE5E68BDC48EC70618E25.d.8BAED36C13DB1E1281EF2346F91C1C24.e.2783"}]}
RESULT: {"script":"<script> [8489 bytes]","args":[{"element-6066-11e4-a52e-4f735466cecf":"f.49633FD853CAE5E68BDC48EC70618E25.d.8BAED36C13DB1E1281EF2346F91C1C24.e.2783","ELEMENT":"f.49633FD853CAE5E68BDC48EC70618E25.d.8BAED36C13DB1E1281EF2346F91C1C24.e.2783"}]}
COMMAND: POST /session/312b457e950016f7ac2dd5fe08468d8b/element/f.49633FD853CAE5E68BDC48EC70618E25.d.8BAED36C13DB1E1281EF2346F91C1C24.e.2783/click - {}
COMMAND: GET /session/312b457e950016f7ac2dd5fe08468d8b/screenshot - {}
RESULT: {}
COMMAND: POST /session/312b457e950016f7ac2dd5fe08468d8b/execute/async - {"script":"<script> [1562 bytes]","args":[{"selector":{"id":"application-manageresources-display-component---newResourceUnit--TYPE-arrow"},"wdio_ui5_key":"applicationmanageresources-display-component---newResourceUnit--TYPE-arrow"}]}
COMMAND: GET /session/312b457e950016f7ac2dd5fe08468d8b/screenshot - {}
RESULT: {}
RESULT: {"script":"<script> [1562 bytes]","args":[{"selector":{"id":"application-manageresources-display-component---newResourceUnit--TYPE-arrow"},"wdio_ui5_key":"applicationmanageresources-display-component---newResourceUnit--TYPE-arrow"}]}
RESULT: undefined
COMMAND: POST /session/312b457e950016f7ac2dd5fe08468d8b/element - {"using":"xpath","value":"//*[@id=\"application-manageresources-display-component---newResourceUnit--TYPE-arrow\"]"}
RESULT: {}
RESULT: {"using":"xpath","value":"//*[@id=\"application-manageresources-display-component---newResourceUnit--TYPE-arrow\"]"}
COMMAND: POST /session/312b457e950016f7ac2dd5fe08468d8b/element/f.49633FD853CAE5E68BDC48EC70618E25.d.8BAED36C13DB1E1281EF2346F91C1C24.e.3105/click - {}
RESULT: {}
COMMAND: POST /session/312b457e950016f7ac2dd5fe08468d8b/execute/async - {"script":"<script> [1562 bytes]","args":[{"selector":{"controlType":"sap.m.StandardListItem","viewName":"reusables.view.manageresources.NewResourceUnit","viewId":"application-manageresources-display-component---newResourceUnit","properties":{"title":"Material"},"searchOpenDialogs":true,"interaction":{"idSuffix":"titleText"}},"wdio_ui5_key":"reusablesview.manageresources.NewResourceUnitsap.m.StandardListItem{\"title\":\"Material\"}"}]}
COMMAND: GET /session/312b457e950016f7ac2dd5fe08468d8b/screenshot - {}
RESULT: {"script":"<script> [1562 bytes]","args":[{"selector":{"controlType":"sap.m.StandardListItem","viewName":"reusables.view.manageresources.NewResourceUnit","viewId":"application-manageresources-display-component---newResourceUnit","properties":{"title":"Material"},"searchOpenDialogs":true,"interaction":{"idSuffix":"titleText"}},"wdio_ui5_key":"reusablesview.manageresources.NewResourceUnitsap.m.StandardListItem{\"title\":\"Material\"}"}]}
RESULT: undefined
COMMAND: POST /session/312b457e950016f7ac2dd5fe08468d8b/element - {"using":"xpath","value":"//*[@id=\"__item938\"]"}
RESULT: {}
RESULT: {"using":"xpath","value":"//*[@id=\"__item938\"]"}
COMMAND: POST /session/312b457e950016f7ac2dd5fe08468d8b/element/f.49633FD853CAE5E68BDC48EC70618E25.d.8BAED36C13DB1E1281EF2346F91C1C24.e.3108/click - {}
RESULT: {}
COMMAND: POST /session/312b457e950016f7ac2dd5fe08468d8b/execute/async - {"script":"<script> [1562 bytes]","args":[{"selector":{"id":"application-manageresources-display-component---newResourceUnit--SHORT_TEXT","interaction":{"idSuffix":"inner"}},"wdio_ui5_key":"applicationmanageresources-display-component---newResourceUnit--SHORT_TEXT"}]}
COMMAND: GET /session/312b457e950016f7ac2dd5fe08468d8b/screenshot - {}
RESULT: {"script":"<script> [1562 bytes]","args":[{"selector":{"id":"application-manageresources-display-component---newResourceUnit--SHORT_TEXT","interaction":{"idSuffix":"inner"}},"wdio_ui5_key":"applicationmanageresources-display-component---newResourceUnit--SHORT_TEXT"}]}
RESULT: undefined
COMMAND: POST /session/312b457e950016f7ac2dd5fe08468d8b/execute/async - {"script":"<script> [776 bytes]","args":[{"enterText":"WebdriverRUR2Cogfu1","selector":{"id":"application-manageresources-display-component---newResourceUnit--SHORT_TEXT","interaction":{"idSuffix":"inner"}},"clearTextFirst":true,"interactionType":"ENTER_TEXT"}]}
RESULT: {}
RESULT: {"script":"<script> [776 bytes]","args":[{"enterText":"WebdriverRUR2Cogfu1","selector":{"id":"application-manageresources-display-component---newResourceUnit--SHORT_TEXT","interaction":{"idSuffix":"inner"}},"clearTextFirst":true,"interactionType":"ENTER_TEXT"}]}
COMMAND: POST /session/312b457e950016f7ac2dd5fe08468d8b/execute/async - {"script":"<script> [1562 bytes]","args":[{"selector":{"id":"application-manageresources-display-component---newResourceUnit--BASE_UNIT_OF_MEASURE-arrow"},"wdio_ui5_key":"applicationmanageresources-display-component---newResourceUnit--BASE_UNIT_OF_MEASURE-arrow"}]}
RESULT: {"script":"<script> [1562 bytes]","args":[{"selector":{"id":"application-manageresources-display-component---newResourceUnit--BASE_UNIT_OF_MEASURE-arrow"},"wdio_ui5_key":"applicationmanageresources-display-component---newResourceUnit--BASE_UNIT_OF_MEASURE-arrow"}]}
RESULT: undefined
COMMAND: POST /session/312b457e950016f7ac2dd5fe08468d8b/element - {"using":"xpath","value":"//*[@id=\"application-manageresources-display-component---newResourceUnit--BASE_UNIT_OF_MEASURE-arrow\"]"}
RESULT: {"using":"xpath","value":"//*[@id=\"application-manageresources-display-component---newResourceUnit--BASE_UNIT_OF_MEASURE-arrow\"]"}
COMMAND: POST /session/312b457e950016f7ac2dd5fe08468d8b/element/f.49633FD853CAE5E68BDC48EC70618E25.d.8BAED36C13DB1E1281EF2346F91C1C24.e.3162/click - {}
RESULT: {}
COMMAND: POST /session/312b457e950016f7ac2dd5fe08468d8b/execute/async - {"script":"<script> [1562 bytes]","args":[{"selector":{"controlType":"sap.m.StandardListItem","viewName":"reusables.view.manageresources.NewResourceUnit","viewId":"application-manageresources-display-component---newResourceUnit","properties":{"title":"Piece"},"searchOpenDialogs":true,"interaction":{"idSuffix":"titleText"}},"wdio_ui5_key":"reusablesview.manageresources.NewResourceUnitsap.m.StandardListItem{\"title\":\"Piece\"}"}]}
COMMAND: GET /session/312b457e950016f7ac2dd5fe08468d8b/screenshot - {}
RESULT: {"script":"<script> [1562 bytes]","args":[{"selector":{"controlType":"sap.m.StandardListItem","viewName":"reusables.view.manageresources.NewResourceUnit","viewId":"application-manageresources-display-component---newResourceUnit","properties":{"title":"Piece"},"searchOpenDialogs":true,"interaction":{"idSuffix":"titleText"}},"wdio_ui5_key":"reusablesview.manageresources.NewResourceUnitsap.m.StandardListItem{\"title\":\"Piece\"}"}]}
RESULT: undefined
COMMAND: POST /session/312b457e950016f7ac2dd5fe08468d8b/element - {"using":"xpath","value":"//*[@id=\"__item980\"]"}
RESULT: {}
RESULT: {"using":"xpath","value":"//*[@id=\"__item980\"]"}
COMMAND: POST /session/312b457e950016f7ac2dd5fe08468d8b/element/f.49633FD853CAE5E68BDC48EC70618E25.d.8BAED36C13DB1E1281EF2346F91C1C24.e.3164/click - {}
RESULT: {}
COMMAND: POST /session/312b457e950016f7ac2dd5fe08468d8b/element - {"using":"xpath","value":"//input[contains(@id ,\"application-manageresources-display-component---newResourceUnit--SHORT_TEXT-inner\")]"}
COMMAND: GET /session/312b457e950016f7ac2dd5fe08468d8b/screenshot - {}
RESULT: {"using":"xpath","value":"//input[contains(@id ,\"application-manageresources-display-component---newResourceUnit--SHORT_TEXT-inner\")]"}
COMMAND: GET /session/312b457e950016f7ac2dd5fe08468d8b/element/f.49633FD853CAE5E68BDC48EC70618E25.d.8BAED36C13DB1E1281EF2346F91C1C24.e.3125/property/value - {}
RESULT: {}
RESULT: {}
COMMAND: POST /session/312b457e950016f7ac2dd5fe08468d8b/execute/async - {"script":"<script> [1562 bytes]","args":[{"selector":{"id":"application-manageresources-display-component---newResourceUnit--WEIGHT_UNIT-arrow"},"wdio_ui5_key":"applicationmanageresources-display-component---newResourceUnit--WEIGHT_UNIT-arrow"}]}
COMMAND: GET /session/312b457e950016f7ac2dd5fe08468d8b/screenshot - {}
RESULT: {"script":"<script> [1562 bytes]","args":[{"selector":{"id":"application-manageresources-display-component---newResourceUnit--WEIGHT_UNIT-arrow"},"wdio_ui5_key":"applicationmanageresources-display-component---newResourceUnit--WEIGHT_UNIT-arrow"}]}
RESULT: undefined
COMMAND: POST /session/312b457e950016f7ac2dd5fe08468d8b/element - {"using":"xpath","value":"//*[@id=\"application-manageresources-display-component---newResourceUnit--WEIGHT_UNIT-arrow\"]"}
RESULT: {}
RESULT: {"using":"xpath","value":"//*[@id=\"application-manageresources-display-component---newResourceUnit--WEIGHT_UNIT-arrow\"]"}
COMMAND: POST /session/312b457e950016f7ac2dd5fe08468d8b/element/f.49633FD853CAE5E68BDC48EC70618E25.d.8BAED36C13DB1E1281EF2346F91C1C24.e.3165/click - {}
RESULT: {}
COMMAND: POST /session/312b457e950016f7ac2dd5fe08468d8b/execute/async - {"script":"<script> [1562 bytes]","args":[{"selector":{"controlType":"sap.m.StandardListItem","viewName":"reusables.view.manageresources.NewResourceUnit","viewId":"application-manageresources-display-component---newResourceUnit","properties":{"title":"Gram"},"searchOpenDialogs":true,"interaction":{"idSuffix":"content"}},"wdio_ui5_key":"reusablesview.manageresources.NewResourceUnitsap.m.StandardListItem{\"title\":\"Gram\"}"}]}
COMMAND: GET /session/312b457e950016f7ac2dd5fe08468d8b/screenshot - {}
RESULT: {"script":"<script> [1562 bytes]","args":[{"selector":{"controlType":"sap.m.StandardListItem","viewName":"reusables.view.manageresources.NewResourceUnit","viewId":"application-manageresources-display-component---newResourceUnit","properties":{"title":"Gram"},"searchOpenDialogs":true,"interaction":{"idSuffix":"content"}},"wdio_ui5_key":"reusablesview.manageresources.NewResourceUnitsap.m.StandardListItem{\"title\":\"Gram\"}"}]}
RESULT: undefined
COMMAND: POST /session/312b457e950016f7ac2dd5fe08468d8b/element - {"using":"xpath","value":"//*[@id=\"__item1045\"]"}
RESULT: {}
RESULT: {"using":"xpath","value":"//*[@id=\"__item1045\"]"}
COMMAND: POST /session/312b457e950016f7ac2dd5fe08468d8b/element/f.49633FD853CAE5E68BDC48EC70618E25.d.8BAED36C13DB1E1281EF2346F91C1C24.e.3167/click - {}
RESULT: {}
COMMAND: POST /session/312b457e950016f7ac2dd5fe08468d8b/execute/async - {"script":"<script> [1562 bytes]","args":[{"selector":{"id":"application-manageresources-display-component---newResourceUnit--newRRUPage-OPHeaderContent-collapseBtn-img"},"wdio_ui5_key":"applicationmanageresources-display-component---newResourceUnit--newRRUPage-OPHeaderContent-collapseBtn-img"}]}
COMMAND: GET /session/312b457e950016f7ac2dd5fe08468d8b/screenshot - {}
RESULT: {"script":"<script> [1562 bytes]","args":[{"selector":{"id":"application-manageresources-display-component---newResourceUnit--newRRUPage-OPHeaderContent-collapseBtn-img"},"wdio_ui5_key":"applicationmanageresources-display-component---newResourceUnit--newRRUPage-OPHeaderContent-collapseBtn-img"}]}
RESULT: undefined
COMMAND: POST /session/312b457e950016f7ac2dd5fe08468d8b/element - {"using":"xpath","value":"//*[@id=\"application-manageresources-display-component---newResourceUnit--newRRUPage-OPHeaderContent-collapseBtn-img\"]"}
RESULT: {}
RESULT: {"using":"xpath","value":"//*[@id=\"application-manageresources-display-component---newResourceUnit--newRRUPage-OPHeaderContent-collapseBtn-img\"]"}
COMMAND: POST /session/312b457e950016f7ac2dd5fe08468d8b/element/f.49633FD853CAE5E68BDC48EC70618E25.d.8BAED36C13DB1E1281EF2346F91C1C24.e.3115/click - {}
RESULT: {}
COMMAND: GET /session/312b457e950016f7ac2dd5fe08468d8b/screenshot - {}
RESULT: {}
COMMAND: POST /session/312b457e950016f7ac2dd5fe08468d8b/element - {"using":"xpath","value":"(//span[contains(@id ,\"application-manageresources-display-component---newResourceUnit--DIMENSION_UNIT-arrow\")])[1]"}
RESULT: {"using":"xpath","value":"(//span[contains(@id ,\"application-manageresources-display-component---newResourceUnit--DIMENSION_UNIT-arrow\")])[1]"}
COMMAND: POST /session/312b457e950016f7ac2dd5fe08468d8b/element/f.49633FD853CAE5E68BDC48EC70618E25.d.8BAED36C13DB1E1281EF2346F91C1C24.e.3173/click - {}
RESULT: {}
COMMAND: GET /session/312b457e950016f7ac2dd5fe08468d8b/screenshot - {}
RESULT: {}
COMMAND: POST /session/312b457e950016f7ac2dd5fe08468d8b/execute/async - {"script":"<script> [1562 bytes]","args":[{"selector":{"controlType":"sap.m.StandardListItem","viewName":"reusables.view.manageresources.NewResourceUnit","viewId":"application-manageresources-display-component---newResourceUnit","properties":{"title":"Centimeter"},"searchOpenDialogs":true,"interaction":{"idSuffix":"titleText"}},"wdio_ui5_key":"reusablesview.manageresources.NewResourceUnitsap.m.StandardListItem{\"title\":\"Centimeter\"}"}]}
RESULT: {"script":"<script> [1562 bytes]","args":[{"selector":{"controlType":"sap.m.StandardListItem","viewName":"reusables.view.manageresources.NewResourceUnit","viewId":"application-manageresources-display-component---newResourceUnit","properties":{"title":"Centimeter"},"searchOpenDialogs":true,"interaction":{"idSuffix":"titleText"}},"wdio_ui5_key":"reusablesview.manageresources.NewResourceUnitsap.m.StandardListItem{\"title\":\"Centimeter\"}"}]}
RESULT: undefined
COMMAND: POST /session/312b457e950016f7ac2dd5fe08468d8b/element - {"using":"xpath","value":"//*[@id=\"__item1048\"]"}
RESULT: {"using":"xpath","value":"//*[@id=\"__item1048\"]"}
COMMAND: POST /session/312b457e950016f7ac2dd5fe08468d8b/element/f.49633FD853CAE5E68BDC48EC70618E25.d.8BAED36C13DB1E1281EF2346F91C1C24.e.3175/click - {}
RESULT: {}
COMMAND: POST /session/312b457e950016f7ac2dd5fe08468d8b/execute/async - {"script":"<script> [1562 bytes]","args":[{"selector":{"id":"application-manageresources-display-component---newResourceUnit--newRRUPage-anchBar-application-manageresources-display-component---newResourceUnit--reference-anchor","interaction":{"idSuffix":"BDI-content"}},"wdio_ui5_key":"applicationmanageresources-display-component---newResourceUnit--newRRUPage-anchBar-application-manageresources-display-component---newResourceUnit--reference-anchor"}]}
COMMAND: GET /session/312b457e950016f7ac2dd5fe08468d8b/screenshot - {}
RESULT: {"script":"<script> [1562 bytes]","args":[{"selector":{"id":"application-manageresources-display-component---newResourceUnit--newRRUPage-anchBar-application-manageresources-display-component---newResourceUnit--reference-anchor","interaction":{"idSuffix":"BDI-content"}},"wdio_ui5_key":"applicationmanageresources-display-component---newResourceUnit--newRRUPage-anchBar-application-manageresources-display-component---newResourceUnit--reference-anchor"}]}
RESULT: undefined
COMMAND: POST /session/312b457e950016f7ac2dd5fe08468d8b/element - {"using":"xpath","value":"//*[@id=\"application-manageresources-display-component---newResourceUnit--newRRUPage-anchBar-application-manageresources-display-component---newResourceUnit--reference-anchor\"]"}
RESULT: {}
RESULT: {"using":"xpath","value":"//*[@id=\"application-manageresources-display-component---newResourceUnit--newRRUPage-anchBar-application-manageresources-display-component---newResourceUnit--reference-anchor\"]"}
COMMAND: POST /session/312b457e950016f7ac2dd5fe08468d8b/element/f.49633FD853CAE5E68BDC48EC70618E25.d.8BAED36C13DB1E1281EF2346F91C1C24.e.3177/click - {}
RESULT: {}
COMMAND: POST /session/312b457e950016f7ac2dd5fe08468d8b/execute/async - {"script":"<script> [1562 bytes]","args":[{"selector":{"id":"application-manageresources-display-component---newResourceUnit--PLANNING_GROUP-arrow"},"wdio_ui5_key":"applicationmanageresources-display-component---newResourceUnit--PLANNING_GROUP-arrow"}]}
COMMAND: GET /session/312b457e950016f7ac2dd5fe08468d8b/screenshot - {}
RESULT: {"script":"<script> [1562 bytes]","args":[{"selector":{"id":"application-manageresources-display-component---newResourceUnit--PLANNING_GROUP-arrow"},"wdio_ui5_key":"applicationmanageresources-display-component---newResourceUnit--PLANNING_GROUP-arrow"}]}
RESULT: undefined
COMMAND: POST /session/312b457e950016f7ac2dd5fe08468d8b/element - {"using":"xpath","value":"//*[@id=\"application-manageresources-display-component---newResourceUnit--PLANNING_GROUP-arrow\"]"}
RESULT: {}
RESULT: {"using":"xpath","value":"//*[@id=\"application-manageresources-display-component---newResourceUnit--PLANNING_GROUP-arrow\"]"}
COMMAND: POST /session/312b457e950016f7ac2dd5fe08468d8b/element/f.49633FD853CAE5E68BDC48EC70618E25.d.8BAED36C13DB1E1281EF2346F91C1C24.e.3181/click - {}
RESULT: {}
COMMAND: POST /session/312b457e950016f7ac2dd5fe08468d8b/execute/async - {"script":"<script> [1562 bytes]","args":[{"selector":{"controlType":"sap.m.StandardListItem","viewName":"reusables.view.manageresources.NewResourceUnit","viewId":"application-manageresources-display-component---newResourceUnit","properties":{"title":"Heavy Equi"},"searchOpenDialogs":true,"interaction":{"idSuffix":"content"}},"wdio_ui5_key":"reusablesview.manageresources.NewResourceUnitsap.m.StandardListItem{\"title\":\"Heavy Equi\"}"}]}
COMMAND: GET /session/312b457e950016f7ac2dd5fe08468d8b/screenshot - {}
RESULT: {"script":"<script> [1562 bytes]","args":[{"selector":{"controlType":"sap.m.StandardListItem","viewName":"reusables.view.manageresources.NewResourceUnit","viewId":"application-manageresources-display-component---newResourceUnit","properties":{"title":"Heavy Equi"},"searchOpenDialogs":true,"interaction":{"idSuffix":"content"}},"wdio_ui5_key":"reusablesview.manageresources.NewResourceUnitsap.m.StandardListItem{\"title\":\"Heavy Equi\"}"}]}
RESULT: undefined
COMMAND: POST /session/312b457e950016f7ac2dd5fe08468d8b/element - {"using":"xpath","value":"//*[@id=\"__item1056\"]"}
RESULT: {}
RESULT: {"using":"xpath","value":"//*[@id=\"__item1056\"]"}
COMMAND: POST /session/312b457e950016f7ac2dd5fe08468d8b/element/f.49633FD853CAE5E68BDC48EC70618E25.d.8BAED36C13DB1E1281EF2346F91C1C24.e.3183/click - {}
RESULT: {}
COMMAND: GET /session/312b457e950016f7ac2dd5fe08468d8b/screenshot - {}
RESULT: {}
COMMAND: POST /session/312b457e950016f7ac2dd5fe08468d8b/execute/async - {"script":"<script> [1562 bytes]","args":[{"selector":{"id":"application-manageresources-display-component---newResourceUnit--PLANNING_INDICATOR-arrow"},"wdio_ui5_key":"applicationmanageresources-display-component---newResourceUnit--PLANNING_INDICATOR-arrow"}]}
RESULT: {"script":"<script> [1562 bytes]","args":[{"selector":{"id":"application-manageresources-display-component---newResourceUnit--PLANNING_INDICATOR-arrow"},"wdio_ui5_key":"applicationmanageresources-display-component---newResourceUnit--PLANNING_INDICATOR-arrow"}]}
RESULT: undefined
COMMAND: POST /session/312b457e950016f7ac2dd5fe08468d8b/element - {"using":"xpath","value":"//*[@id=\"application-manageresources-display-component---newResourceUnit--PLANNING_INDICATOR-arrow\"]"}
RESULT: {"using":"xpath","value":"//*[@id=\"application-manageresources-display-component---newResourceUnit--PLANNING_INDICATOR-arrow\"]"}
COMMAND: POST /session/312b457e950016f7ac2dd5fe08468d8b/element/f.49633FD853CAE5E68BDC48EC70618E25.d.8BAED36C13DB1E1281EF2346F91C1C24.e.3184/click - {}
RESULT: {}
COMMAND: POST /session/312b457e950016f7ac2dd5fe08468d8b/execute/async - {"script":"<script> [1562 bytes]","args":[{"selector":{"controlType":"sap.m.StandardListItem","viewName":"reusables.view.manageresources.NewResourceUnit","viewId":"application-manageresources-display-component---newResourceUnit","properties":{"title":"10 - infinite"},"searchOpenDialogs":true,"interaction":{"idSuffix":"content"}},"wdio_ui5_key":"reusablesview.manageresources.NewResourceUnitsap.m.StandardListItem{\"title\":\"10 - infinite\"}"}]}
COMMAND: GET /session/312b457e950016f7ac2dd5fe08468d8b/screenshot - {}
RESULT: {"script":"<script> [1562 bytes]","args":[{"selector":{"controlType":"sap.m.StandardListItem","viewName":"reusables.view.manageresources.NewResourceUnit","viewId":"application-manageresources-display-component---newResourceUnit","properties":{"title":"10 - infinite"},"searchOpenDialogs":true,"interaction":{"idSuffix":"content"}},"wdio_ui5_key":"reusablesview.manageresources.NewResourceUnitsap.m.StandardListItem{\"title\":\"10 - infinite\"}"}]}
RESULT: undefined
COMMAND: POST /session/312b457e950016f7ac2dd5fe08468d8b/element - {"using":"xpath","value":"//*[@id=\"__item1066\"]"}
RESULT: {}
RESULT: {"using":"xpath","value":"//*[@id=\"__item1066\"]"}
COMMAND: POST /session/312b457e950016f7ac2dd5fe08468d8b/element/f.49633FD853CAE5E68BDC48EC70618E25.d.8BAED36C13DB1E1281EF2346F91C1C24.e.3186/click - {}
RESULT: {}
COMMAND: GET /session/312b457e950016f7ac2dd5fe08468d8b/screenshot - {}
RESULT: {}
COMMAND: POST /session/312b457e950016f7ac2dd5fe08468d8b/element - {"using":"xpath","value":"//bdi[contains(text(), \"Time Segment\")]"}
RESULT: {"using":"xpath","value":"//bdi[contains(text(), \"Time Segment\")]"}
COMMAND: GET /session/312b457e950016f7ac2dd5fe08468d8b/element/f.49633FD853CAE5E68BDC48EC70618E25.d.8BAED36C13DB1E1281EF2346F91C1C24.e.3187/rect - {}
RESULT: {}
COMMAND: GET /session/312b457e950016f7ac2dd5fe08468d8b/window/rect - {}
RESULT: {}
COMMAND: POST /session/312b457e950016f7ac2dd5fe08468d8b/execute/sync - {"script":"<script> [92 bytes]","args":[]}
RESULT: {"script":"<script> [92 bytes]","args":[]}
COMMAND: POST /session/312b457e950016f7ac2dd5fe08468d8b/actions - {"actions":[{"id":"action5","type":"wheel","parameters":{},"actions":[{"type":"scroll","x":-1820,"y":-21,"deltaX":0,"deltaY":0,"duration":0,"origin":{"element-6066-11e4-a52e-4f735466cecf":"f.49633FD853CAE5E68BDC48EC70618E25.d.8BAED36C13DB1E1281EF2346F91C1C24.e.3187"}}]}]}
COMMAND: GET /session/312b457e950016f7ac2dd5fe08468d8b/screenshot - {}
RESULT: {}
COMMAND: POST /session/312b457e950016f7ac2dd5fe08468d8b/execute/sync - {"script":"<script> [79 bytes]","args":[{"element-6066-11e4-a52e-4f735466cecf":"f.49633FD853CAE5E68BDC48EC70618E25.d.8BAED36C13DB1E1281EF2346F91C1C24.e.3187","ELEMENT":"f.49633FD853CAE5E68BDC48EC70618E25.d.8BAED36C13DB1E1281EF2346F91C1C24.e.3187"},{"block":"start","inline":"nearest"}]}
RESULT: {"script":"<script> [79 bytes]","args":[{"element-6066-11e4-a52e-4f735466cecf":"f.49633FD853CAE5E68BDC48EC70618E25.d.8BAED36C13DB1E1281EF2346F91C1C24.e.3187","ELEMENT":"f.49633FD853CAE5E68BDC48EC70618E25.d.8BAED36C13DB1E1281EF2346F91C1C24.e.3187"},{"block":"start","inline":"nearest"}]}
COMMAND: GET /session/312b457e950016f7ac2dd5fe08468d8b/screenshot - {}
RESULT: {}
COMMAND: POST /session/312b457e950016f7ac2dd5fe08468d8b/element - {"using":"xpath","value":"//span[@id=\"application-manageresources-display-component---newResourceUnit--btnAddTimeSegment-img\"]"}
RESULT: {"using":"xpath","value":"//span[@id=\"application-manageresources-display-component---newResourceUnit--btnAddTimeSegment-img\"]"}
COMMAND: POST /session/312b457e950016f7ac2dd5fe08468d8b/execute/sync - {"script":"<script> [8489 bytes]","args":[{"element-6066-11e4-a52e-4f735466cecf":"f.49633FD853CAE5E68BDC48EC70618E25.d.8BAED36C13DB1E1281EF2346F91C1C24.e.3190","ELEMENT":"f.49633FD853CAE5E68BDC48EC70618E25.d.8BAED36C13DB1E1281EF2346F91C1C24.e.3190"}]}
RESULT: {"script":"<script> [8489 bytes]","args":[{"element-6066-11e4-a52e-4f735466cecf":"f.49633FD853CAE5E68BDC48EC70618E25.d.8BAED36C13DB1E1281EF2346F91C1C24.e.3190","ELEMENT":"f.49633FD853CAE5E68BDC48EC70618E25.d.8BAED36C13DB1E1281EF2346F91C1C24.e.3190"}]}
COMMAND: POST /session/312b457e950016f7ac2dd5fe08468d8b/element/f.49633FD853CAE5E68BDC48EC70618E25.d.8BAED36C13DB1E1281EF2346F91C1C24.e.3190/click - {}
COMMAND: GET /session/312b457e950016f7ac2dd5fe08468d8b/screenshot - {}
RESULT: {}
COMMAND: GET /session/312b457e950016f7ac2dd5fe08468d8b/screenshot - {}
COMMAND: POST /session/312b457e950016f7ac2dd5fe08468d8b/element - {"using":"xpath","value":"//input[@id=\"application-manageresources-display-component---newResourceUnit--idRuTSAdmin-application-manageresources-display-component---newResourceUnit--RUTimeSegment-0-inner\"]"}
RESULT: {}
RESULT: {}
RESULT: {"using":"xpath","value":"//input[@id=\"application-manageresources-display-component---newResourceUnit--idRuTSAdmin-application-manageresources-display-component---newResourceUnit--RUTimeSegment-0-inner\"]"}
COMMAND: POST /session/312b457e950016f7ac2dd5fe08468d8b/element/f.49633FD853CAE5E68BDC48EC70618E25.d.8BAED36C13DB1E1281EF2346F91C1C24.e.3193/clear - {}
RESULT: {}
COMMAND: POST /session/312b457e950016f7ac2dd5fe08468d8b/element/f.49633FD853CAE5E68BDC48EC70618E25.d.8BAED36C13DB1E1281EF2346F91C1C24.e.3193/value - {"text":"WebdriverYard8myzr"}
COMMAND: GET /session/312b457e950016f7ac2dd5fe08468d8b/screenshot - {}
RESULT: {"text":"WebdriverYard8myzr"}
COMMAND: GET /session/312b457e950016f7ac2dd5fe08468d8b/screenshot - {}
RESULT: {}
RESULT: {}
COMMAND: POST /session/312b457e950016f7ac2dd5fe08468d8b/actions - {"actions":[{"id":"action6","type":"key","parameters":{},"actions":[{"type":"keyDown","value":"î€‡"},{"type":"pause","duration":10},{"type":"keyUp","value":"î€‡"}]}]}
RESULT: {"actions":[{"id":"action6","type":"key","parameters":{},"actions":[{"type":"keyDown","value":"î€‡"},{"type":"pause","duration":10},{"type":"keyUp","value":"î€‡"}]}]}
COMMAND: GET /session/312b457e950016f7ac2dd5fe08468d8b/screenshot - {}
RESULT: {}
COMMAND: POST /session/312b457e950016f7ac2dd5fe08468d8b/execute/async - {"script":"<script> [1562 bytes]","args":[{"selector":{"controlType":"sap.m.Button","viewName":"reusables.view.manageresources.NewResourceUnit","viewId":"application-manageresources-display-component---newResourceUnit","i18NText":{"propertyName":"tooltip","key":"save"},"interaction":{"idSuffix":"BDI-content"}},"wdio_ui5_key":"reusablesview.manageresources.NewResourceUnitsap.m.Button{\"propertyName\":\"tooltip\",\"key\":\"save\"}"}]}
RESULT: {"script":"<script> [1562 bytes]","args":[{"selector":{"controlType":"sap.m.Button","viewName":"reusables.view.manageresources.NewResourceUnit","viewId":"application-manageresources-display-component---newResourceUnit","i18NText":{"propertyName":"tooltip","key":"save"},"interaction":{"idSuffix":"BDI-content"}},"wdio_ui5_key":"reusablesview.manageresources.NewResourceUnitsap.m.Button{\"propertyName\":\"tooltip\",\"key\":\"save\"}"}]}
RESULT: undefined
COMMAND: POST /session/312b457e950016f7ac2dd5fe08468d8b/element - {"using":"xpath","value":"//*[@id=\"application-manageresources-display-component---newResourceUnit--createRuButton\"]"}
RESULT: {"using":"xpath","value":"//*[@id=\"application-manageresources-display-component---newResourceUnit--createRuButton\"]"}
COMMAND: POST /session/312b457e950016f7ac2dd5fe08468d8b/element/f.49633FD853CAE5E68BDC48EC70618E25.d.8BAED36C13DB1E1281EF2346F91C1C24.e.3121/click - {}
RESULT: {}
COMMAND: GET /session/312b457e950016f7ac2dd5fe08468d8b/screenshot - {}
RESULT: {}
COMMAND: POST /session/312b457e950016f7ac2dd5fe08468d8b/execute/async - {"script":"<script> [1562 bytes]","args":[{"selector":{"controlType":"sap.m.Title","properties":{"text":"Success"},"searchOpenDialogs":true},"wdio_ui5_key":"sapm.Title{\"text\":\"Success\"}"}]}
RESULT: {"script":"<script> [1562 bytes]","args":[{"selector":{"controlType":"sap.m.Title","properties":{"text":"Success"},"searchOpenDialogs":true},"wdio_ui5_key":"sapm.Title{\"text\":\"Success\"}"}]}
RESULT: undefined
COMMAND: POST /session/312b457e950016f7ac2dd5fe08468d8b/execute/async - {"script":"<script> [6424 bytes]","args":[{"element-6066-11e4-a52e-4f735466cecf":"f.49633FD853CAE5E68BDC48EC70618E25.d.8BAED36C13DB1E1281EF2346F91C1C24.e.3207"},"getText",[]]}
RESULT: {"script":"<script> [6424 bytes]","args":[{"element-6066-11e4-a52e-4f735466cecf":"f.49633FD853CAE5E68BDC48EC70618E25.d.8BAED36C13DB1E1281EF2346F91C1C24.e.3207"},"getText",[]]}
COMMAND: POST /session/312b457e950016f7ac2dd5fe08468d8b/element - {"using":"xpath","value":"//*[contains(@id, '__text') and (contains(text(), 'successfully created') or contains(., 'successfully created'))]"}
RESULT: {"using":"xpath","value":"//*[contains(@id, '__text') and (contains(text(), 'successfully created') or contains(., 'successfully created'))]"}
COMMAND: GET /session/312b457e950016f7ac2dd5fe08468d8b/element/f.49633FD853CAE5E68BDC48EC70618E25.d.8BAED36C13DB1E1281EF2346F91C1C24.e.3206/text - {}
RESULT: {}
COMMAND: POST /session/312b457e950016f7ac2dd5fe08468d8b/execute/async - {"script":"<script> [1562 bytes]","args":[{"selector":{"controlType":"sap.m.Button","properties":{"text":"Close"},"searchOpenDialogs":true,"interaction":{"idSuffix":"BDI-content"}},"wdio_ui5_key":"sapm.Button{\"text\":\"Close\"}"}]}
RESULT: {"script":"<script> [1562 bytes]","args":[{"selector":{"controlType":"sap.m.Button","properties":{"text":"Close"},"searchOpenDialogs":true,"interaction":{"idSuffix":"BDI-content"}},"wdio_ui5_key":"sapm.Button{\"text\":\"Close\"}"}]}
RESULT: undefined
COMMAND: POST /session/312b457e950016f7ac2dd5fe08468d8b/element - {"using":"xpath","value":"//*[@id=\"__mbox-btn-0\"]"}
RESULT: {"using":"xpath","value":"//*[@id=\"__mbox-btn-0\"]"}
COMMAND: POST /session/312b457e950016f7ac2dd5fe08468d8b/element/f.49633FD853CAE5E68BDC48EC70618E25.d.8BAED36C13DB1E1281EF2346F91C1C24.e.3204/click - {}
RESULT: {}
COMMAND: GET /session/312b457e950016f7ac2dd5fe08468d8b/screenshot - {}
RESULT: {}
COMMAND: POST /session/312b457e950016f7ac2dd5fe08468d8b/execute/async - {"script":"<script> [1562 bytes]","args":[{"selector":{"controlType":"sap.ui.core.Icon","viewName":"etm.portal.ui.manageresources.view.Detail","viewId":"application-manageresources-display-component---detailRU","properties":{"src":{"regex":{"source":"overflow"}}}},"wdio_ui5_key":"etmportal.ui.manageresources.view.Detailsap.ui.core.Icon{\"src\":{\"regex\":{\"source\":\"overflow\"}}}"}]}
RESULT: {"script":"<script> [1562 bytes]","args":[{"selector":{"controlType":"sap.ui.core.Icon","viewName":"etm.portal.ui.manageresources.view.Detail","viewId":"application-manageresources-display-component---detailRU","properties":{"src":{"regex":{"source":"overflow"}}}},"wdio_ui5_key":"etmportal.ui.manageresources.view.Detailsap.ui.core.Icon{\"src\":{\"regex\":{\"source\":\"overflow\"}}}"}]}
RESULT: undefined
COMMAND: POST /session/312b457e950016f7ac2dd5fe08468d8b/element - {"using":"xpath","value":"//*[@id=\"__title31-_actionsToolbar-overflowButton-img\"]"}
RESULT: {"using":"xpath","value":"//*[@id=\"__title31-_actionsToolbar-overflowButton-img\"]"}
COMMAND: POST /session/312b457e950016f7ac2dd5fe08468d8b/element/f.49633FD853CAE5E68BDC48EC70618E25.d.8BAED36C13DB1E1281EF2346F91C1C24.e.3239/click - {}
RESULT: {}
COMMAND: POST /session/312b457e950016f7ac2dd5fe08468d8b/execute/async - {"script":"<script> [1562 bytes]","args":[{"selector":{"controlType":"sap.m.Button","viewName":"etm.portal.ui.manageresources.view.Detail","viewId":"application-manageresources-display-component---detailRU","i18NText":{"propertyName":"tooltip","key":"closeColumn"},"searchOpenDialogs":true,"interaction":{"idSuffix":"inner"}},"wdio_ui5_key":"etmportal.ui.manageresources.view.Detailsap.m.Button{\"propertyName\":\"tooltip\",\"key\":\"closeColumn\"}"}]}
COMMAND: GET /session/312b457e950016f7ac2dd5fe08468d8b/screenshot - {}
RESULT: {"script":"<script> [1562 bytes]","args":[{"selector":{"controlType":"sap.m.Button","viewName":"etm.portal.ui.manageresources.view.Detail","viewId":"application-manageresources-display-component---detailRU","i18NText":{"propertyName":"tooltip","key":"closeColumn"},"searchOpenDialogs":true,"interaction":{"idSuffix":"inner"}},"wdio_ui5_key":"etmportal.ui.manageresources.view.Detailsap.m.Button{\"propertyName\":\"tooltip\",\"key\":\"closeColumn\"}"}]}
RESULT: undefined
COMMAND: POST /session/312b457e950016f7ac2dd5fe08468d8b/element - {"using":"xpath","value":"//*[@id=\"__button137\"]"}
RESULT: {}
RESULT: {"using":"xpath","value":"//*[@id=\"__button137\"]"}
COMMAND: POST /session/312b457e950016f7ac2dd5fe08468d8b/element/f.49633FD853CAE5E68BDC48EC70618E25.d.8BAED36C13DB1E1281EF2346F91C1C24.e.3241/click - {}
RESULT: {}
COMMAND: GET /session/312b457e950016f7ac2dd5fe08468d8b/screenshot - {}
RESULT: {}
COMMAND: POST /session/312b457e950016f7ac2dd5fe08468d8b/refresh - {}
RESULT: {}
COMMAND: GET /session/312b457e950016f7ac2dd5fe08468d8b/screenshot - {}
RESULT: {}
COMMAND: POST /session/312b457e950016f7ac2dd5fe08468d8b/execute/async - {"script":"<script> [189 bytes]","args":[]}
RESULT: {"script":"<script> [189 bytes]","args":[]}
COMMAND: POST /session/312b457e950016f7ac2dd5fe08468d8b/execute/async - {"script":"<script> [123 bytes]","args":[]}
RESULT: {"script":"<script> [123 bytes]","args":[]}
COMMAND: POST /session/312b457e950016f7ac2dd5fe08468d8b/timeouts - {"script":"<number>"}
RESULT: {"script":"<number>"}
COMMAND: GET /session/312b457e950016f7ac2dd5fe08468d8b/timeouts - {}
RESULT: {}
RESULT: undefined
COMMAND: POST /session/312b457e950016f7ac2dd5fe08468d8b/execute/async - {"script":"<script> [2676 bytes]","args":[]}
RESULT: {"script":"<script> [2676 bytes]","args":[]}
COMMAND: POST /session/312b457e950016f7ac2dd5fe08468d8b/execute/async - {"script":"<script> [2342 bytes]","args":[{"protocol":"http","hostname":"0.0.0.0","path":"/","capabilities":{"browserName":"chrome","goog:chromeOptions":{"binary":"C:\\Program Files\\Google\\Chrome\\Application\\chrome.exe","args":["--start-maximized"]}},"logLevel":"warn","connectionRetryTimeout":120000,"connectionRetryCount":3,"logLevels":{},"enableDirectConnect":true,"strictSSL":true,"_":"65 more keys: [\"cacheDir\",\"port\",\"requestedCapabilities\",\"automationProtocol\",\"baseUrl\",\"waitforInterval\",\"waitforTimeout\",\"onReload\",\"beforeCommand\",\"afterCommand\",\"rootDir\",\"specs\",\"suites\",\"exclude\",\"groupLogsByTestSpec\",\"excludeDriverLogs\",\"bail\",\"framework\",\"reporters\",\"services\",\"maxInstances\",\"maxInstancesPerCapability\",\"injectGlobals\",\"filesToWatch\",\"execArgv\",\"runnerEnv\",\"runner\",\"shard\",\"specFileRetries\",\"specFileRetriesDelay\",\"specFileRetriesDeferred\",\"reporterSyncInterval\",\"reporterSyncTimeout\",\"cucumberFeaturesWithLineNumbers\",\"autoCompileOpts\",\"mochaOpts\",\"jasmineOpts\",\"cucumberOpts\",\"onPrepare\",\"onWorkerStart\",\"onWorkerEnd\",\"before\",\"beforeSession\",\"beforeSuite\",\"beforeHook\",\"beforeTest\",\"afterTest\",\"afterHook\",\"afterSuite\",\"afterSession\",\"after\",\"onComplete\",\"beforeAssertion\",\"afterAssertion\",\"beforeFeature\",\"beforeScenario\",\"beforeStep\",\"afterStep\",\"afterScenario\",\"afterFeature\",\"_\",\"suite\",\"$0\",\"ignoredWorkerServices\",\"wdi5\"]"}]}
RESULT: {"script":"<script> [2342 bytes]","args":[{"protocol":"http","hostname":"0.0.0.0","path":"/","capabilities":{"browserName":"chrome","goog:chromeOptions":{"binary":"C:\\Program Files\\Google\\Chrome\\Application\\chrome.exe","args":["--start-maximized"]}},"logLevel":"warn","connectionRetryTimeout":120000,"connectionRetryCount":3,"logLevels":{},"enableDirectConnect":true,"strictSSL":true,"_":"65 more keys: [\"cacheDir\",\"port\",\"requestedCapabilities\",\"automationProtocol\",\"baseUrl\",\"waitforInterval\",\"waitforTimeout\",\"onReload\",\"beforeCommand\",\"afterCommand\",\"rootDir\",\"specs\",\"suites\",\"exclude\",\"groupLogsByTestSpec\",\"excludeDriverLogs\",\"bail\",\"framework\",\"reporters\",\"services\",\"maxInstances\",\"maxInstancesPerCapability\",\"injectGlobals\",\"filesToWatch\",\"execArgv\",\"runnerEnv\",\"runner\",\"shard\",\"specFileRetries\",\"specFileRetriesDelay\",\"specFileRetriesDeferred\",\"reporterSyncInterval\",\"reporterSyncTimeout\",\"cucumberFeaturesWithLineNumbers\",\"autoCompileOpts\",\"mochaOpts\",\"jasmineOpts\",\"cucumberOpts\",\"onPrepare\",\"onWorkerStart\",\"onWorkerEnd\",\"before\",\"beforeSession\",\"beforeSuite\",\"beforeHook\",\"beforeTest\",\"afterTest\",\"afterHook\",\"afterSuite\",\"afterSession\",\"after\",\"onComplete\",\"beforeAssertion\",\"afterAssertion\",\"beforeFeature\",\"beforeScenario\",\"beforeStep\",\"afterStep\",\"afterScenario\",\"afterFeature\",\"_\",\"suite\",\"$0\",\"ignoredWorkerServices\",\"wdi5\"]"}]}
COMMAND: POST /session/312b457e950016f7ac2dd5fe08468d8b/execute/async - {"script":"<script> [21126 bytes]","args":[35000]}
RESULT: {"script":"<script> [21126 bytes]","args":[35000]}
COMMAND: POST /session/312b457e950016f7ac2dd5fe08468d8b/element - {"using":"css selector","value":"#shell-header-logo"}
RESULT: {"using":"css selector","value":"#shell-header-logo"}
COMMAND: POST /session/312b457e950016f7ac2dd5fe08468d8b/element/f.49633FD853CAE5E68BDC48EC70618E25.d.273DCFC01B2F691B90C682304C61EBFB.e.3410/click - {}
RESULT: {}
COMMAND: GET /session/312b457e950016f7ac2dd5fe08468d8b/screenshot - {}
RESULT: {}
COMMAND: POST /session/312b457e950016f7ac2dd5fe08468d8b/execute/async - {"script":"<script> [1562 bytes]","args":[{"selector":{"controlType":"sap.m.GenericTile","properties":{"header":"Manage Resources"}},"wdio_ui5_key":"sapm.GenericTile{\"header\":\"Manage Resources\"}"}]}
RESULT: {"script":"<script> [1562 bytes]","args":[{"selector":{"controlType":"sap.m.GenericTile","properties":{"header":"Manage Resources"}},"wdio_ui5_key":"sapm.GenericTile{\"header\":\"Manage Resources\"}"}]}
RESULT: undefined
COMMAND: POST /session/312b457e950016f7ac2dd5fe08468d8b/element - {"using":"xpath","value":"//*[@id=\"__tile39\"]"}
RESULT: {"using":"xpath","value":"//*[@id=\"__tile39\"]"}
COMMAND: POST /session/312b457e950016f7ac2dd5fe08468d8b/element/f.49633FD853CAE5E68BDC48EC70618E25.d.273DCFC01B2F691B90C682304C61EBFB.e.3596/click - {}
RESULT: {}
COMMAND: GET /session/312b457e950016f7ac2dd5fe08468d8b/screenshot - {}
RESULT: {}
COMMAND: POST /session/312b457e950016f7ac2dd5fe08468d8b/elements - {"using":"xpath","value":"//span[text()='Error']"}
RESULT: {"using":"xpath","value":"//span[text()='Error']"}
COMMAND: POST /session/312b457e950016f7ac2dd5fe08468d8b/element - {"using":"xpath","value":"//button[@data-kt=\"addNewRUOverflowToolbarButton\"]"}
RESULT: {"using":"xpath","value":"//button[@data-kt=\"addNewRUOverflowToolbarButton\"]"}
COMMAND: POST /session/312b457e950016f7ac2dd5fe08468d8b/execute/sync - {"script":"<script> [8489 bytes]","args":[{"element-6066-11e4-a52e-4f735466cecf":"f.49633FD853CAE5E68BDC48EC70618E25.d.273DCFC01B2F691B90C682304C61EBFB.e.3638","ELEMENT":"f.49633FD853CAE5E68BDC48EC70618E25.d.273DCFC01B2F691B90C682304C61EBFB.e.3638"}]}
RESULT: {"script":"<script> [8489 bytes]","args":[{"element-6066-11e4-a52e-4f735466cecf":"f.49633FD853CAE5E68BDC48EC70618E25.d.273DCFC01B2F691B90C682304C61EBFB.e.3638","ELEMENT":"f.49633FD853CAE5E68BDC48EC70618E25.d.273DCFC01B2F691B90C682304C61EBFB.e.3638"}]}
COMMAND: POST /session/312b457e950016f7ac2dd5fe08468d8b/element/f.49633FD853CAE5E68BDC48EC70618E25.d.273DCFC01B2F691B90C682304C61EBFB.e.3638/click - {}
COMMAND: GET /session/312b457e950016f7ac2dd5fe08468d8b/screenshot - {}
RESULT: {}
COMMAND: GET /session/312b457e950016f7ac2dd5fe08468d8b/screenshot - {}
RESULT: {}
RESULT: {}
COMMAND: POST /session/312b457e950016f7ac2dd5fe08468d8b/execute/async - {"script":"<script> [1562 bytes]","args":[{"selector":{"id":"application-manageresources-display-component---newResourceUnit--TYPE-arrow"},"wdio_ui5_key":"applicationmanageresources-display-component---newResourceUnit--TYPE-arrow"}]}
RESULT: {"script":"<script> [1562 bytes]","args":[{"selector":{"id":"application-manageresources-display-component---newResourceUnit--TYPE-arrow"},"wdio_ui5_key":"applicationmanageresources-display-component---newResourceUnit--TYPE-arrow"}]}
RESULT: undefined
COMMAND: POST /session/312b457e950016f7ac2dd5fe08468d8b/element - {"using":"xpath","value":"//*[@id=\"application-manageresources-display-component---newResourceUnit--TYPE-arrow\"]"}
RESULT: {"using":"xpath","value":"//*[@id=\"application-manageresources-display-component---newResourceUnit--TYPE-arrow\"]"}
COMMAND: POST /session/312b457e950016f7ac2dd5fe08468d8b/element/f.49633FD853CAE5E68BDC48EC70618E25.d.273DCFC01B2F691B90C682304C61EBFB.e.3961/click - {}
RESULT: {}
COMMAND: POST /session/312b457e950016f7ac2dd5fe08468d8b/execute/async - {"script":"<script> [1562 bytes]","args":[{"selector":{"controlType":"sap.m.StandardListItem","viewName":"reusables.view.manageresources.NewResourceUnit","viewId":"application-manageresources-display-component---newResourceUnit","properties":{"title":"Equipment"},"searchOpenDialogs":true,"interaction":{"idSuffix":"content"}},"wdio_ui5_key":"reusablesview.manageresources.NewResourceUnitsap.m.StandardListItem{\"title\":\"Equipment\"}"}]}
COMMAND: GET /session/312b457e950016f7ac2dd5fe08468d8b/screenshot - {}
RESULT: {"script":"<script> [1562 bytes]","args":[{"selector":{"controlType":"sap.m.StandardListItem","viewName":"reusables.view.manageresources.NewResourceUnit","viewId":"application-manageresources-display-component---newResourceUnit","properties":{"title":"Equipment"},"searchOpenDialogs":true,"interaction":{"idSuffix":"content"}},"wdio_ui5_key":"reusablesview.manageresources.NewResourceUnitsap.m.StandardListItem{\"title\":\"Equipment\"}"}]}
RESULT: undefined
COMMAND: POST /session/312b457e950016f7ac2dd5fe08468d8b/element - {"using":"xpath","value":"//*[@id=\"__item180\"]"}
RESULT: {}
RESULT: {"using":"xpath","value":"//*[@id=\"__item180\"]"}
COMMAND: POST /session/312b457e950016f7ac2dd5fe08468d8b/element/f.49633FD853CAE5E68BDC48EC70618E25.d.273DCFC01B2F691B90C682304C61EBFB.e.3964/click - {}
RESULT: {}
COMMAND: POST /session/312b457e950016f7ac2dd5fe08468d8b/execute/async - {"script":"<script> [1562 bytes]","args":[{"selector":{"id":"application-manageresources-display-component---newResourceUnit--resourceId","interaction":{"idSuffix":"inner"}},"wdio_ui5_key":"applicationmanageresources-display-component---newResourceUnit--resourceId"}]}
COMMAND: GET /session/312b457e950016f7ac2dd5fe08468d8b/screenshot - {}
RESULT: {}
RESULT: {"script":"<script> [1562 bytes]","args":[{"selector":{"id":"application-manageresources-display-component---newResourceUnit--resourceId","interaction":{"idSuffix":"inner"}},"wdio_ui5_key":"applicationmanageresources-display-component---newResourceUnit--resourceId"}]}
RESULT: undefined
COMMAND: POST /session/312b457e950016f7ac2dd5fe08468d8b/execute/async - {"script":"<script> [776 bytes]","args":[{"enterText":"WdIOR2cEquiphe8e7j","selector":{"id":"application-manageresources-display-component---newResourceUnit--resourceId","interaction":{"idSuffix":"inner"}},"clearTextFirst":true,"interactionType":"ENTER_TEXT"}]}
RESULT: {"script":"<script> [776 bytes]","args":[{"enterText":"WdIOR2cEquiphe8e7j","selector":{"id":"application-manageresources-display-component---newResourceUnit--resourceId","interaction":{"idSuffix":"inner"}},"clearTextFirst":true,"interactionType":"ENTER_TEXT"}]}
COMMAND: POST /session/312b457e950016f7ac2dd5fe08468d8b/execute/async - {"script":"<script> [1562 bytes]","args":[{"selector":{"id":"application-manageresources-display-component---newResourceUnit--SHORT_TEXT","interaction":{"idSuffix":"inner"}},"wdio_ui5_key":"applicationmanageresources-display-component---newResourceUnit--SHORT_TEXT"}]}
RESULT: {"script":"<script> [1562 bytes]","args":[{"selector":{"id":"application-manageresources-display-component---newResourceUnit--SHORT_TEXT","interaction":{"idSuffix":"inner"}},"wdio_ui5_key":"applicationmanageresources-display-component---newResourceUnit--SHORT_TEXT"}]}
RESULT: undefined
COMMAND: POST /session/312b457e950016f7ac2dd5fe08468d8b/execute/async - {"script":"<script> [776 bytes]","args":[{"enterText":"WdIOR2cEquiphe8e7j","selector":{"id":"application-manageresources-display-component---newResourceUnit--SHORT_TEXT","interaction":{"idSuffix":"inner"}},"clearTextFirst":true,"interactionType":"ENTER_TEXT"}]}
RESULT: {"script":"<script> [776 bytes]","args":[{"enterText":"WdIOR2cEquiphe8e7j","selector":{"id":"application-manageresources-display-component---newResourceUnit--SHORT_TEXT","interaction":{"idSuffix":"inner"}},"clearTextFirst":true,"interactionType":"ENTER_TEXT"}]}
COMMAND: POST /session/312b457e950016f7ac2dd5fe08468d8b/execute/async - {"script":"<script> [1562 bytes]","args":[{"selector":{"id":"application-manageresources-display-component---newResourceUnit--BASE_UNIT_OF_MEASURE","interaction":{"idSuffix":"inner"}},"wdio_ui5_key":"applicationmanageresources-display-component---newResourceUnit--BASE_UNIT_OF_MEASURE"}]}
RESULT: {"script":"<script> [1562 bytes]","args":[{"selector":{"id":"application-manageresources-display-component---newResourceUnit--BASE_UNIT_OF_MEASURE","interaction":{"idSuffix":"inner"}},"wdio_ui5_key":"applicationmanageresources-display-component---newResourceUnit--BASE_UNIT_OF_MEASURE"}]}
RESULT: undefined
COMMAND: POST /session/312b457e950016f7ac2dd5fe08468d8b/execute/async - {"script":"<script> [776 bytes]","args":[{"enterText":"Piece","selector":{"id":"application-manageresources-display-component---newResourceUnit--BASE_UNIT_OF_MEASURE","interaction":{"idSuffix":"inner"}},"clearTextFirst":true,"interactionType":"ENTER_TEXT"}]}
RESULT: {"script":"<script> [776 bytes]","args":[{"enterText":"Piece","selector":{"id":"application-manageresources-display-component---newResourceUnit--BASE_UNIT_OF_MEASURE","interaction":{"idSuffix":"inner"}},"clearTextFirst":true,"interactionType":"ENTER_TEXT"}]}
COMMAND: POST /session/312b457e950016f7ac2dd5fe08468d8b/execute/async - {"script":"<script> [1562 bytes]","args":[{"selector":{"id":"application-manageresources-display-component---newResourceUnit--WEIGHT_UNIT","interaction":{"idSuffix":"inner"}},"wdio_ui5_key":"applicationmanageresources-display-component---newResourceUnit--WEIGHT_UNIT"}]}
RESULT: {"script":"<script> [1562 bytes]","args":[{"selector":{"id":"application-manageresources-display-component---newResourceUnit--WEIGHT_UNIT","interaction":{"idSuffix":"inner"}},"wdio_ui5_key":"applicationmanageresources-display-component---newResourceUnit--WEIGHT_UNIT"}]}
RESULT: undefined
COMMAND: POST /session/312b457e950016f7ac2dd5fe08468d8b/execute/async - {"script":"<script> [776 bytes]","args":[{"enterText":"Gram","selector":{"id":"application-manageresources-display-component---newResourceUnit--WEIGHT_UNIT","interaction":{"idSuffix":"inner"}},"clearTextFirst":true,"interactionType":"ENTER_TEXT"}]}
RESULT: {"script":"<script> [776 bytes]","args":[{"enterText":"Gram","selector":{"id":"application-manageresources-display-component---newResourceUnit--WEIGHT_UNIT","interaction":{"idSuffix":"inner"}},"clearTextFirst":true,"interactionType":"ENTER_TEXT"}]}
COMMAND: POST /session/312b457e950016f7ac2dd5fe08468d8b/execute/async - {"script":"<script> [1562 bytes]","args":[{"selector":{"id":"application-manageresources-display-component---newResourceUnit--newRRUPage-OPHeaderContent-collapseBtn-img"},"wdio_ui5_key":"applicationmanageresources-display-component---newResourceUnit--newRRUPage-OPHeaderContent-collapseBtn-img"}]}
RESULT: {"script":"<script> [1562 bytes]","args":[{"selector":{"id":"application-manageresources-display-component---newResourceUnit--newRRUPage-OPHeaderContent-collapseBtn-img"},"wdio_ui5_key":"applicationmanageresources-display-component---newResourceUnit--newRRUPage-OPHeaderContent-collapseBtn-img"}]}
RESULT: undefined
COMMAND: POST /session/312b457e950016f7ac2dd5fe08468d8b/element - {"using":"xpath","value":"//*[@id=\"application-manageresources-display-component---newResourceUnit--newRRUPage-OPHeaderContent-collapseBtn-img\"]"}
RESULT: {"using":"xpath","value":"//*[@id=\"application-manageresources-display-component---newResourceUnit--newRRUPage-OPHeaderContent-collapseBtn-img\"]"}
COMMAND: POST /session/312b457e950016f7ac2dd5fe08468d8b/element/f.49633FD853CAE5E68BDC48EC70618E25.d.273DCFC01B2F691B90C682304C61EBFB.e.3972/click - {}
RESULT: {}
COMMAND: GET /session/312b457e950016f7ac2dd5fe08468d8b/screenshot - {}
RESULT: {}
COMMAND: POST /session/312b457e950016f7ac2dd5fe08468d8b/element - {"using":"xpath","value":"(//span[contains(@id ,\"application-manageresources-display-component---newResourceUnit--DIMENSION_UNIT-arrow\")])[1]"}
RESULT: {"using":"xpath","value":"(//span[contains(@id ,\"application-manageresources-display-component---newResourceUnit--DIMENSION_UNIT-arrow\")])[1]"}
COMMAND: POST /session/312b457e950016f7ac2dd5fe08468d8b/element/f.49633FD853CAE5E68BDC48EC70618E25.d.273DCFC01B2F691B90C682304C61EBFB.e.4095/click - {}
RESULT: {}
COMMAND: GET /session/312b457e950016f7ac2dd5fe08468d8b/screenshot - {}
RESULT: {}
COMMAND: POST /session/312b457e950016f7ac2dd5fe08468d8b/execute/async - {"script":"<script> [1562 bytes]","args":[{"selector":{"controlType":"sap.m.StandardListItem","viewName":"reusables.view.manageresources.NewResourceUnit","viewId":"application-manageresources-display-component---newResourceUnit","properties":{"title":"Centimeter"},"searchOpenDialogs":true,"interaction":{"idSuffix":"titleText"}},"wdio_ui5_key":"reusablesview.manageresources.NewResourceUnitsap.m.StandardListItem{\"title\":\"Centimeter\"}"}]}
RESULT: {"script":"<script> [1562 bytes]","args":[{"selector":{"controlType":"sap.m.StandardListItem","viewName":"reusables.view.manageresources.NewResourceUnit","viewId":"application-manageresources-display-component---newResourceUnit","properties":{"title":"Centimeter"},"searchOpenDialogs":true,"interaction":{"idSuffix":"titleText"}},"wdio_ui5_key":"reusablesview.manageresources.NewResourceUnitsap.m.StandardListItem{\"title\":\"Centimeter\"}"}]}
RESULT: undefined
COMMAND: POST /session/312b457e950016f7ac2dd5fe08468d8b/element - {"using":"xpath","value":"//*[@id=\"__item221\"]"}
RESULT: {"using":"xpath","value":"//*[@id=\"__item221\"]"}
COMMAND: POST /session/312b457e950016f7ac2dd5fe08468d8b/element/f.49633FD853CAE5E68BDC48EC70618E25.d.273DCFC01B2F691B90C682304C61EBFB.e.4097/click - {}
RESULT: {}
COMMAND: GET /session/312b457e950016f7ac2dd5fe08468d8b/screenshot - {}
RESULT: {}
COMMAND: POST /session/312b457e950016f7ac2dd5fe08468d8b/execute/async - {"script":"<script> [1562 bytes]","args":[{"selector":{"id":"application-manageresources-display-component---newResourceUnit--newRRUPage-anchBar-application-manageresources-display-component---newResourceUnit--control-anchor","interaction":{"idSuffix":"BDI-content"}},"wdio_ui5_key":"applicationmanageresources-display-component---newResourceUnit--newRRUPage-anchBar-application-manageresources-display-component---newResourceUnit--control-anchor"}]}
RESULT: {"script":"<script> [1562 bytes]","args":[{"selector":{"id":"application-manageresources-display-component---newResourceUnit--newRRUPage-anchBar-application-manageresources-display-component---newResourceUnit--control-anchor","interaction":{"idSuffix":"BDI-content"}},"wdio_ui5_key":"applicationmanageresources-display-component---newResourceUnit--newRRUPage-anchBar-application-manageresources-display-component---newResourceUnit--control-anchor"}]}
RESULT: undefined
COMMAND: POST /session/312b457e950016f7ac2dd5fe08468d8b/element - {"using":"xpath","value":"//*[@id=\"application-manageresources-display-component---newResourceUnit--newRRUPage-anchBar-application-manageresources-display-component---newResourceUnit--control-anchor\"]"}
RESULT: {"using":"xpath","value":"//*[@id=\"application-manageresources-display-component---newResourceUnit--newRRUPage-anchBar-application-manageresources-display-component---newResourceUnit--control-anchor\"]"}
COMMAND: POST /session/312b457e950016f7ac2dd5fe08468d8b/element/f.49633FD853CAE5E68BDC48EC70618E25.d.273DCFC01B2F691B90C682304C61EBFB.e.4099/click - {}
RESULT: {}
COMMAND: POST /session/312b457e950016f7ac2dd5fe08468d8b/execute/async - {"script":"<script> [1562 bytes]","args":[{"selector":{"id":"application-manageresources-display-component---newResourceUnit--PLANNING_GROUP","interaction":{"idSuffix":"inner"}},"wdio_ui5_key":"applicationmanageresources-display-component---newResourceUnit--PLANNING_GROUP"}]}
COMMAND: GET /session/312b457e950016f7ac2dd5fe08468d8b/screenshot - {}
RESULT: {"script":"<script> [1562 bytes]","args":[{"selector":{"id":"application-manageresources-display-component---newResourceUnit--PLANNING_GROUP","interaction":{"idSuffix":"inner"}},"wdio_ui5_key":"applicationmanageresources-display-component---newResourceUnit--PLANNING_GROUP"}]}
RESULT: undefined
COMMAND: POST /session/312b457e950016f7ac2dd5fe08468d8b/execute/async - {"script":"<script> [776 bytes]","args":[{"enterText":"Heavy Equi","selector":{"id":"application-manageresources-display-component---newResourceUnit--PLANNING_GROUP","interaction":{"idSuffix":"inner"}},"clearTextFirst":true,"interactionType":"ENTER_TEXT"}]}
RESULT: {}
RESULT: {"script":"<script> [776 bytes]","args":[{"enterText":"Heavy Equi","selector":{"id":"application-manageresources-display-component---newResourceUnit--PLANNING_GROUP","interaction":{"idSuffix":"inner"}},"clearTextFirst":true,"interactionType":"ENTER_TEXT"}]}
COMMAND: POST /session/312b457e950016f7ac2dd5fe08468d8b/execute/async - {"script":"<script> [1562 bytes]","args":[{"selector":{"id":"application-manageresources-display-component---newResourceUnit--ITEM_TYPE-arrow"},"wdio_ui5_key":"applicationmanageresources-display-component---newResourceUnit--ITEM_TYPE-arrow"}]}
RESULT: {"script":"<script> [1562 bytes]","args":[{"selector":{"id":"application-manageresources-display-component---newResourceUnit--ITEM_TYPE-arrow"},"wdio_ui5_key":"applicationmanageresources-display-component---newResourceUnit--ITEM_TYPE-arrow"}]}
RESULT: undefined
COMMAND: POST /session/312b457e950016f7ac2dd5fe08468d8b/element - {"using":"xpath","value":"//*[@id=\"application-manageresources-display-component---newResourceUnit--ITEM_TYPE-arrow\"]"}
RESULT: {"using":"xpath","value":"//*[@id=\"application-manageresources-display-component---newResourceUnit--ITEM_TYPE-arrow\"]"}
COMMAND: POST /session/312b457e950016f7ac2dd5fe08468d8b/element/f.49633FD853CAE5E68BDC48EC70618E25.d.273DCFC01B2F691B90C682304C61EBFB.e.4106/click - {}
RESULT: {}
COMMAND: POST /session/312b457e950016f7ac2dd5fe08468d8b/execute/async - {"script":"<script> [1562 bytes]","args":[{"selector":{"controlType":"sap.m.StandardListItem","viewName":"reusables.view.manageresources.NewResourceUnit","viewId":"application-manageresources-display-component---newResourceUnit","properties":{"title":"Resource Unit"},"searchOpenDialogs":true,"interaction":{"idSuffix":"titleText"}},"wdio_ui5_key":"reusablesview.manageresources.NewResourceUnitsap.m.StandardListItem{\"title\":\"Resource Unit\"}"}]}
COMMAND: GET /session/312b457e950016f7ac2dd5fe08468d8b/screenshot - {}
RESULT: {"script":"<script> [1562 bytes]","args":[{"selector":{"controlType":"sap.m.StandardListItem","viewName":"reusables.view.manageresources.NewResourceUnit","viewId":"application-manageresources-display-component---newResourceUnit","properties":{"title":"Resource Unit"},"searchOpenDialogs":true,"interaction":{"idSuffix":"titleText"}},"wdio_ui5_key":"reusablesview.manageresources.NewResourceUnitsap.m.StandardListItem{\"title\":\"Resource Unit\"}"}]}
RESULT: undefined
COMMAND: POST /session/312b457e950016f7ac2dd5fe08468d8b/element - {"using":"xpath","value":"//*[@id=\"__item243\"]"}
RESULT: {}
RESULT: {"using":"xpath","value":"//*[@id=\"__item243\"]"}
COMMAND: POST /session/312b457e950016f7ac2dd5fe08468d8b/element/f.49633FD853CAE5E68BDC48EC70618E25.d.273DCFC01B2F691B90C682304C61EBFB.e.4108/click - {}
RESULT: {}
COMMAND: POST /session/312b457e950016f7ac2dd5fe08468d8b/element - {"using":"xpath","value":"//bdi[contains(text(), \"Time Segment\")]"}
COMMAND: GET /session/312b457e950016f7ac2dd5fe08468d8b/screenshot - {}
RESULT: {"using":"xpath","value":"//bdi[contains(text(), \"Time Segment\")]"}
COMMAND: GET /session/312b457e950016f7ac2dd5fe08468d8b/element/f.49633FD853CAE5E68BDC48EC70618E25.d.273DCFC01B2F691B90C682304C61EBFB.e.4109/rect - {}
RESULT: {}
RESULT: {}
COMMAND: GET /session/312b457e950016f7ac2dd5fe08468d8b/window/rect - {}
RESULT: {}
COMMAND: POST /session/312b457e950016f7ac2dd5fe08468d8b/execute/sync - {"script":"<script> [92 bytes]","args":[]}
RESULT: {"script":"<script> [92 bytes]","args":[]}
COMMAND: POST /session/312b457e950016f7ac2dd5fe08468d8b/actions - {"actions":[{"id":"action7","type":"wheel","parameters":{},"actions":[{"type":"scroll","x":-1820,"y":-21,"deltaX":0,"deltaY":0,"duration":0,"origin":{"element-6066-11e4-a52e-4f735466cecf":"f.49633FD853CAE5E68BDC48EC70618E25.d.273DCFC01B2F691B90C682304C61EBFB.e.4109"}}]}]}
COMMAND: GET /session/312b457e950016f7ac2dd5fe08468d8b/screenshot - {}
RESULT: {}
COMMAND: POST /session/312b457e950016f7ac2dd5fe08468d8b/execute/sync - {"script":"<script> [79 bytes]","args":[{"element-6066-11e4-a52e-4f735466cecf":"f.49633FD853CAE5E68BDC48EC70618E25.d.273DCFC01B2F691B90C682304C61EBFB.e.4109","ELEMENT":"f.49633FD853CAE5E68BDC48EC70618E25.d.273DCFC01B2F691B90C682304C61EBFB.e.4109"},{"block":"start","inline":"nearest"}]}
RESULT: {"script":"<script> [79 bytes]","args":[{"element-6066-11e4-a52e-4f735466cecf":"f.49633FD853CAE5E68BDC48EC70618E25.d.273DCFC01B2F691B90C682304C61EBFB.e.4109","ELEMENT":"f.49633FD853CAE5E68BDC48EC70618E25.d.273DCFC01B2F691B90C682304C61EBFB.e.4109"},{"block":"start","inline":"nearest"}]}
COMMAND: POST /session/312b457e950016f7ac2dd5fe08468d8b/execute/async - {"script":"<script> [1562 bytes]","args":[{"selector":{"id":"application-manageresources-display-component---newResourceUnit--btnAddTimeSegment-img"},"wdio_ui5_key":"applicationmanageresources-display-component---newResourceUnit--btnAddTimeSegment-img"}]}
COMMAND: GET /session/312b457e950016f7ac2dd5fe08468d8b/screenshot - {}
RESULT: {"script":"<script> [1562 bytes]","args":[{"selector":{"id":"application-manageresources-display-component---newResourceUnit--btnAddTimeSegment-img"},"wdio_ui5_key":"applicationmanageresources-display-component---newResourceUnit--btnAddTimeSegment-img"}]}
RESULT: undefined
COMMAND: POST /session/312b457e950016f7ac2dd5fe08468d8b/element - {"using":"xpath","value":"//*[@id=\"application-manageresources-display-component---newResourceUnit--btnAddTimeSegment-img\"]"}
RESULT: {}
RESULT: {"using":"xpath","value":"//*[@id=\"application-manageresources-display-component---newResourceUnit--btnAddTimeSegment-img\"]"}
COMMAND: POST /session/312b457e950016f7ac2dd5fe08468d8b/element/f.49633FD853CAE5E68BDC48EC70618E25.d.273DCFC01B2F691B90C682304C61EBFB.e.4112/click - {}
RESULT: {}
COMMAND: GET /session/312b457e950016f7ac2dd5fe08468d8b/screenshot - {}
RESULT: {}
COMMAND: POST /session/312b457e950016f7ac2dd5fe08468d8b/element - {"using":"xpath","value":"//input[@id=\"application-manageresources-display-component---newResourceUnit--idRuTSAdmin-application-manageresources-display-component---newResourceUnit--RUTimeSegment-0-inner\"]"}
RESULT: {"using":"xpath","value":"//input[@id=\"application-manageresources-display-component---newResourceUnit--idRuTSAdmin-application-manageresources-display-component---newResourceUnit--RUTimeSegment-0-inner\"]"}
COMMAND: POST /session/312b457e950016f7ac2dd5fe08468d8b/element/f.49633FD853CAE5E68BDC48EC70618E25.d.273DCFC01B2F691B90C682304C61EBFB.e.4116/clear - {}
RESULT: {}
COMMAND: POST /session/312b457e950016f7ac2dd5fe08468d8b/element/f.49633FD853CAE5E68BDC48EC70618E25.d.273DCFC01B2F691B90C682304C61EBFB.e.4116/value - {"text":"WebdriverYard8myzr"}
COMMAND: GET /session/312b457e950016f7ac2dd5fe08468d8b/screenshot - {}
RESULT: {"text":"WebdriverYard8myzr"}
COMMAND: GET /session/312b457e950016f7ac2dd5fe08468d8b/screenshot - {}
RESULT: {}
RESULT: {}
COMMAND: POST /session/312b457e950016f7ac2dd5fe08468d8b/actions - {"actions":[{"id":"action8","type":"key","parameters":{},"actions":[{"type":"keyDown","value":"î€‡"},{"type":"pause","duration":10},{"type":"keyUp","value":"î€‡"}]}]}
RESULT: {"actions":[{"id":"action8","type":"key","parameters":{},"actions":[{"type":"keyDown","value":"î€‡"},{"type":"pause","duration":10},{"type":"keyUp","value":"î€‡"}]}]}
COMMAND: POST /session/312b457e950016f7ac2dd5fe08468d8b/execute/async - {"script":"<script> [1562 bytes]","args":[{"selector":{"controlType":"sap.ui.core.Icon","viewName":"reusables.view.manageresources.NewResourceUnit","viewId":"application-manageresources-display-component---newResourceUnit","properties":{"src":{"regex":{"source":"slim\\-arrow\\-down"}}},"ancestor":{"controlType":"sap.m.ComboBox","viewName":"reusables.view.manageresources.NewResourceUnit","viewId":"application-manageresources-display-component---newResourceUnit","bindingPath":{"path":"/RESOURCE_UNIT_TIME_SEQUENCES/0","propertyPath":"COST_OBJECT_ADMIN_CST_TYPE","modelName":"oNewRruModel"}}},"wdio_ui5_key":"reusablesview.manageresources.NewResourceUnitsap.ui.core.Icon{\"src\":{\"regex\":{\"source\":\"slim\\\\-arrow\\\\-down\"}}}{\"controlType\":\"sap.m.ComboBox\",\"viewName\":\"reusables.view.manageresources.NewResourceUnit\",\"viewId\":\"application-manageresources-display-component---newResourceUnit\",\"bindingPath\":{\"path\":\"/RESOURCE_UNIT_TIME_SEQUENCES/0\",\"propertyPath\":\"COST_OBJECT_ADMIN_CST_TYPE\",\"modelName\":\"oNewRruModel\"}}"}]}
COMMAND: GET /session/312b457e950016f7ac2dd5fe08468d8b/screenshot - {}
RESULT: {"script":"<script> [1562 bytes]","args":[{"selector":{"controlType":"sap.ui.core.Icon","viewName":"reusables.view.manageresources.NewResourceUnit","viewId":"application-manageresources-display-component---newResourceUnit","properties":{"src":{"regex":{"source":"slim\\-arrow\\-down"}}},"ancestor":{"controlType":"sap.m.ComboBox","viewName":"reusables.view.manageresources.NewResourceUnit","viewId":"application-manageresources-display-component---newResourceUnit","bindingPath":{"path":"/RESOURCE_UNIT_TIME_SEQUENCES/0","propertyPath":"COST_OBJECT_ADMIN_CST_TYPE","modelName":"oNewRruModel"}}},"wdio_ui5_key":"reusablesview.manageresources.NewResourceUnitsap.ui.core.Icon{\"src\":{\"regex\":{\"source\":\"slim\\\\-arrow\\\\-down\"}}}{\"controlType\":\"sap.m.ComboBox\",\"viewName\":\"reusables.view.manageresources.NewResourceUnit\",\"viewId\":\"application-manageresources-display-component---newResourceUnit\",\"bindingPath\":{\"path\":\"/RESOURCE_UNIT_TIME_SEQUENCES/0\",\"propertyPath\":\"COST_OBJECT_ADMIN_CST_TYPE\",\"modelName\":\"oNewRruModel\"}}"}]}
RESULT: undefined
COMMAND: POST /session/312b457e950016f7ac2dd5fe08468d8b/element - {"using":"xpath","value":"//*[@id=\"__box7-application-manageresources-display-component---newResourceUnit--RUTimeSegment-0-arrow\"]"}
RESULT: {}
RESULT: {"using":"xpath","value":"//*[@id=\"__box7-application-manageresources-display-component---newResourceUnit--RUTimeSegment-0-arrow\"]"}
COMMAND: POST /session/312b457e950016f7ac2dd5fe08468d8b/element/f.49633FD853CAE5E68BDC48EC70618E25.d.273DCFC01B2F691B90C682304C61EBFB.e.4128/click - {}
RESULT: {}
COMMAND: POST /session/312b457e950016f7ac2dd5fe08468d8b/execute/async - {"script":"<script> [1562 bytes]","args":[{"selector":{"controlType":"sap.m.StandardListItem","viewName":"reusables.view.manageresources.NewResourceUnit","viewId":"application-manageresources-display-component---newResourceUnit","properties":{"title":"PM Order"},"searchOpenDialogs":true,"interaction":{"idSuffix":"titleText"}},"wdio_ui5_key":"reusablesview.manageresources.NewResourceUnitsap.m.StandardListItem{\"title\":\"PM Order\"}"}]}
COMMAND: GET /session/312b457e950016f7ac2dd5fe08468d8b/screenshot - {}
RESULT: {"script":"<script> [1562 bytes]","args":[{"selector":{"controlType":"sap.m.StandardListItem","viewName":"reusables.view.manageresources.NewResourceUnit","viewId":"application-manageresources-display-component---newResourceUnit","properties":{"title":"PM Order"},"searchOpenDialogs":true,"interaction":{"idSuffix":"titleText"}},"wdio_ui5_key":"reusablesview.manageresources.NewResourceUnitsap.m.StandardListItem{\"title\":\"PM Order\"}"}]}
RESULT: undefined
COMMAND: POST /session/312b457e950016f7ac2dd5fe08468d8b/element - {"using":"xpath","value":"//*[@id=\"__item524\"]"}
RESULT: {}
RESULT: {"using":"xpath","value":"//*[@id=\"__item524\"]"}
COMMAND: POST /session/312b457e950016f7ac2dd5fe08468d8b/element/f.49633FD853CAE5E68BDC48EC70618E25.d.273DCFC01B2F691B90C682304C61EBFB.e.4132/click - {}
RESULT: {}
COMMAND: GET /session/312b457e950016f7ac2dd5fe08468d8b/screenshot - {}
RESULT: {}
COMMAND: POST /session/312b457e950016f7ac2dd5fe08468d8b/element - {"using":"xpath","value":"(//input[contains(@id ,\"-application-manageresources-display-component---newResourceUnit--RUTimeSegment-0-inner\")])[8]"}
RESULT: {"using":"xpath","value":"(//input[contains(@id ,\"-application-manageresources-display-component---newResourceUnit--RUTimeSegment-0-inner\")])[8]"}
COMMAND: POST /session/312b457e950016f7ac2dd5fe08468d8b/element/f.49633FD853CAE5E68BDC48EC70618E25.d.273DCFC01B2F691B90C682304C61EBFB.e.4135/clear - {}
RESULT: {}
COMMAND: POST /session/312b457e950016f7ac2dd5fe08468d8b/element/f.49633FD853CAE5E68BDC48EC70618E25.d.273DCFC01B2F691B90C682304C61EBFB.e.4135/value - {"text":"4000360"}
COMMAND: GET /session/312b457e950016f7ac2dd5fe08468d8b/screenshot - {}
RESULT: {"text":"4000360"}
COMMAND: GET /session/312b457e950016f7ac2dd5fe08468d8b/screenshot - {}
RESULT: {}
RESULT: {}
COMMAND: POST /session/312b457e950016f7ac2dd5fe08468d8b/actions - {"actions":[{"id":"action9","type":"key","parameters":{},"actions":[{"type":"keyDown","value":"î€‡"},{"type":"pause","duration":10},{"type":"keyUp","value":"î€‡"}]}]}
RESULT: {"actions":[{"id":"action9","type":"key","parameters":{},"actions":[{"type":"keyDown","value":"î€‡"},{"type":"pause","duration":10},{"type":"keyUp","value":"î€‡"}]}]}
COMMAND: GET /session/312b457e950016f7ac2dd5fe08468d8b/screenshot - {}
RESULT: {}
COMMAND: POST /session/312b457e950016f7ac2dd5fe08468d8b/element - {"using":"xpath","value":"//input[contains(@id ,\"application-manageresources-display-component---newResourceUnit--newTimeSegmentFromDatePicker-application-manageresources-display-component---newResourceUnit--RUTimeSegment-0-inner\")]"}
RESULT: {"using":"xpath","value":"//input[contains(@id ,\"application-manageresources-display-component---newResourceUnit--newTimeSegmentFromDatePicker-application-manageresources-display-component---newResourceUnit--RUTimeSegment-0-inner\")]"}
COMMAND: POST /session/312b457e950016f7ac2dd5fe08468d8b/element/f.49633FD853CAE5E68BDC48EC70618E25.d.273DCFC01B2F691B90C682304C61EBFB.e.4123/clear - {}
RESULT: {}
COMMAND: POST /session/312b457e950016f7ac2dd5fe08468d8b/element/f.49633FD853CAE5E68BDC48EC70618E25.d.273DCFC01B2F691B90C682304C61EBFB.e.4123/clear - {}
COMMAND: GET /session/312b457e950016f7ac2dd5fe08468d8b/screenshot - {}
RESULT: {}
COMMAND: POST /session/312b457e950016f7ac2dd5fe08468d8b/element/f.49633FD853CAE5E68BDC48EC70618E25.d.273DCFC01B2F691B90C682304C61EBFB.e.4123/value - {"text":"06/15/24"}
COMMAND: GET /session/312b457e950016f7ac2dd5fe08468d8b/screenshot - {}
RESULT: {}
RESULT: {"text":"06/15/24"}
COMMAND: POST /session/312b457e950016f7ac2dd5fe08468d8b/execute/async - {"script":"<script> [1562 bytes]","args":[{"selector":{"id":"application-manageresources-display-component---newResourceUnit--newRRUPage-anchBar-application-manageresources-display-component---newResourceUnit--resource-anchor","interaction":{"idSuffix":"BDI-content"}},"wdio_ui5_key":"applicationmanageresources-display-component---newResourceUnit--newRRUPage-anchBar-application-manageresources-display-component---newResourceUnit--resource-anchor"}]}
COMMAND: GET /session/312b457e950016f7ac2dd5fe08468d8b/screenshot - {}
RESULT: {}
RESULT: {"script":"<script> [1562 bytes]","args":[{"selector":{"id":"application-manageresources-display-component---newResourceUnit--newRRUPage-anchBar-application-manageresources-display-component---newResourceUnit--resource-anchor","interaction":{"idSuffix":"BDI-content"}},"wdio_ui5_key":"applicationmanageresources-display-component---newResourceUnit--newRRUPage-anchBar-application-manageresources-display-component---newResourceUnit--resource-anchor"}]}
RESULT: undefined
COMMAND: POST /session/312b457e950016f7ac2dd5fe08468d8b/element - {"using":"xpath","value":"//*[@id=\"application-manageresources-display-component---newResourceUnit--newRRUPage-anchBar-application-manageresources-display-component---newResourceUnit--resource-anchor\"]"}
RESULT: {}
RESULT: {"using":"xpath","value":"//*[@id=\"application-manageresources-display-component---newResourceUnit--newRRUPage-anchBar-application-manageresources-display-component---newResourceUnit--resource-anchor\"]"}
COMMAND: POST /session/312b457e950016f7ac2dd5fe08468d8b/element/f.49633FD853CAE5E68BDC48EC70618E25.d.273DCFC01B2F691B90C682304C61EBFB.e.4142/click - {}
RESULT: {}
COMMAND: POST /session/312b457e950016f7ac2dd5fe08468d8b/execute/async - {"script":"<script> [1562 bytes]","args":[{"selector":{"id":"application-manageresources-display-component---newResourceUnit--PLANNED_DELIVERY_DATE","interaction":{"idSuffix":"inner"}},"wdio_ui5_key":"applicationmanageresources-display-component---newResourceUnit--PLANNED_DELIVERY_DATE"}]}
COMMAND: GET /session/312b457e950016f7ac2dd5fe08468d8b/screenshot - {}
RESULT: {"script":"<script> [1562 bytes]","args":[{"selector":{"id":"application-manageresources-display-component---newResourceUnit--PLANNED_DELIVERY_DATE","interaction":{"idSuffix":"inner"}},"wdio_ui5_key":"applicationmanageresources-display-component---newResourceUnit--PLANNED_DELIVERY_DATE"}]}
RESULT: undefined
COMMAND: POST /session/312b457e950016f7ac2dd5fe08468d8b/execute/async - {"script":"<script> [6424 bytes]","args":[{"element-6066-11e4-a52e-4f735466cecf":"f.49633FD853CAE5E68BDC48EC70618E25.d.273DCFC01B2F691B90C682304C61EBFB.e.4018"},"setValue",["06/15/24"]]}
RESULT: {}
RESULT: {"script":"<script> [6424 bytes]","args":[{"element-6066-11e4-a52e-4f735466cecf":"f.49633FD853CAE5E68BDC48EC70618E25.d.273DCFC01B2F691B90C682304C61EBFB.e.4018"},"setValue",["06/15/24"]]}
COMMAND: POST /session/312b457e950016f7ac2dd5fe08468d8b/execute/async - {"script":"<script> [1562 bytes]","args":[{"selector":{"id":"application-manageresources-display-component---newResourceUnit--RETIRE_PLANNED_DATE","interaction":{"idSuffix":"inner"}},"wdio_ui5_key":"applicationmanageresources-display-component---newResourceUnit--RETIRE_PLANNED_DATE"}]}
RESULT: {"script":"<script> [1562 bytes]","args":[{"selector":{"id":"application-manageresources-display-component---newResourceUnit--RETIRE_PLANNED_DATE","interaction":{"idSuffix":"inner"}},"wdio_ui5_key":"applicationmanageresources-display-component---newResourceUnit--RETIRE_PLANNED_DATE"}]}
RESULT: undefined
COMMAND: POST /session/312b457e950016f7ac2dd5fe08468d8b/execute/async - {"script":"<script> [776 bytes]","args":[{"enterText":"3/14/29","selector":{"id":"application-manageresources-display-component---newResourceUnit--RETIRE_PLANNED_DATE","interaction":{"idSuffix":"inner"}},"clearTextFirst":true,"interactionType":"ENTER_TEXT"}]}
RESULT: {"script":"<script> [776 bytes]","args":[{"enterText":"3/14/29","selector":{"id":"application-manageresources-display-component---newResourceUnit--RETIRE_PLANNED_DATE","interaction":{"idSuffix":"inner"}},"clearTextFirst":true,"interactionType":"ENTER_TEXT"}]}
COMMAND: POST /session/312b457e950016f7ac2dd5fe08468d8b/execute/async - {"script":"<script> [1562 bytes]","args":[{"selector":{"controlType":"sap.m.Button","viewName":"reusables.view.manageresources.NewResourceUnit","viewId":"application-manageresources-display-component---newResourceUnit","i18NText":{"propertyName":"tooltip","key":"save"},"interaction":{"idSuffix":"BDI-content"}},"wdio_ui5_key":"reusablesview.manageresources.NewResourceUnitsap.m.Button{\"propertyName\":\"tooltip\",\"key\":\"save\"}"}]}
RESULT: {"script":"<script> [1562 bytes]","args":[{"selector":{"controlType":"sap.m.Button","viewName":"reusables.view.manageresources.NewResourceUnit","viewId":"application-manageresources-display-component---newResourceUnit","i18NText":{"propertyName":"tooltip","key":"save"},"interaction":{"idSuffix":"BDI-content"}},"wdio_ui5_key":"reusablesview.manageresources.NewResourceUnitsap.m.Button{\"propertyName\":\"tooltip\",\"key\":\"save\"}"}]}
RESULT: undefined
COMMAND: POST /session/312b457e950016f7ac2dd5fe08468d8b/element - {"using":"xpath","value":"//*[@id=\"application-manageresources-display-component---newResourceUnit--createRuButton\"]"}
RESULT: {"using":"xpath","value":"//*[@id=\"application-manageresources-display-component---newResourceUnit--createRuButton\"]"}
COMMAND: POST /session/312b457e950016f7ac2dd5fe08468d8b/element/f.49633FD853CAE5E68BDC48EC70618E25.d.273DCFC01B2F691B90C682304C61EBFB.e.3978/click - {}
RESULT: {}
COMMAND: GET /session/312b457e950016f7ac2dd5fe08468d8b/screenshot - {}
RESULT: {}
COMMAND: POST /session/312b457e950016f7ac2dd5fe08468d8b/execute/async - {"script":"<script> [1562 bytes]","args":[{"selector":{"controlType":"sap.m.Button","properties":{"text":"Close"},"searchOpenDialogs":true,"interaction":{"idSuffix":"inner"}},"wdio_ui5_key":"sapm.Button{\"text\":\"Close\"}"}]}
RESULT: {"script":"<script> [1562 bytes]","args":[{"selector":{"controlType":"sap.m.Button","properties":{"text":"Close"},"searchOpenDialogs":true,"interaction":{"idSuffix":"inner"}},"wdio_ui5_key":"sapm.Button{\"text\":\"Close\"}"}]}
RESULT: undefined
COMMAND: POST /session/312b457e950016f7ac2dd5fe08468d8b/element - {"using":"xpath","value":"//*[@id=\"__mbox-btn-0\"]"}
RESULT: {"using":"xpath","value":"//*[@id=\"__mbox-btn-0\"]"}
COMMAND: POST /session/312b457e950016f7ac2dd5fe08468d8b/element/f.49633FD853CAE5E68BDC48EC70618E25.d.273DCFC01B2F691B90C682304C61EBFB.e.4152/click - {}
RESULT: {}
COMMAND: GET /session/312b457e950016f7ac2dd5fe08468d8b/screenshot - {}
RESULT: {}
COMMAND: POST /session/312b457e950016f7ac2dd5fe08468d8b/execute/async - {"script":"<script> [1562 bytes]","args":[{"selector":{"controlType":"sap.m.Text","viewName":"etm.portal.ui.manageresources.view.Detail","viewId":"application-manageresources-display-component---detailRU","bindingPath":{"propertyPath":"ID","modelName":"catalogModel"}},"wdio_ui5_key":"etmportal.ui.manageresources.view.Detailsap.m.Text{\"propertyPath\":\"ID\",\"modelName\":\"catalogModel\"}"}]}
RESULT: {"script":"<script> [1562 bytes]","args":[{"selector":{"controlType":"sap.m.Text","viewName":"etm.portal.ui.manageresources.view.Detail","viewId":"application-manageresources-display-component---detailRU","bindingPath":{"propertyPath":"ID","modelName":"catalogModel"}},"wdio_ui5_key":"etmportal.ui.manageresources.view.Detailsap.m.Text{\"propertyPath\":\"ID\",\"modelName\":\"catalogModel\"}"}]}
RESULT: undefined
COMMAND: POST /session/312b457e950016f7ac2dd5fe08468d8b/execute/async - {"script":"<script> [6424 bytes]","args":[{"element-6066-11e4-a52e-4f735466cecf":"f.49633FD853CAE5E68BDC48EC70618E25.d.273DCFC01B2F691B90C682304C61EBFB.e.4184"},"getText",[]]}
RESULT: {"script":"<script> [6424 bytes]","args":[{"element-6066-11e4-a52e-4f735466cecf":"f.49633FD853CAE5E68BDC48EC70618E25.d.273DCFC01B2F691B90C682304C61EBFB.e.4184"},"getText",[]]}
COMMAND: POST /session/312b457e950016f7ac2dd5fe08468d8b/element - {"using":"css selector","value":"#shell-header-logo"}
RESULT: {"using":"css selector","value":"#shell-header-logo"}
COMMAND: POST /session/312b457e950016f7ac2dd5fe08468d8b/element/f.49633FD853CAE5E68BDC48EC70618E25.d.273DCFC01B2F691B90C682304C61EBFB.e.3598/click - {}
RESULT: {}
COMMAND: GET /session/312b457e950016f7ac2dd5fe08468d8b/screenshot - {}
RESULT: {}
COMMAND: POST /session/312b457e950016f7ac2dd5fe08468d8b/execute/async - {"script":"<script> [1562 bytes]","args":[{"selector":{"controlType":"sap.m.GenericTile","properties":{"header":"Manage Catalogs"}},"wdio_ui5_key":"sapm.GenericTile{\"header\":\"Manage Catalogs\"}"}]}
RESULT: {"script":"<script> [1562 bytes]","args":[{"selector":{"controlType":"sap.m.GenericTile","properties":{"header":"Manage Catalogs"}},"wdio_ui5_key":"sapm.GenericTile{\"header\":\"Manage Catalogs\"}"}]}
RESULT: undefined
COMMAND: POST /session/312b457e950016f7ac2dd5fe08468d8b/element - {"using":"xpath","value":"//*[@id=\"__tile37\"]"}
RESULT: {"using":"xpath","value":"//*[@id=\"__tile37\"]"}
COMMAND: POST /session/312b457e950016f7ac2dd5fe08468d8b/element/f.49633FD853CAE5E68BDC48EC70618E25.d.273DCFC01B2F691B90C682304C61EBFB.e.3586/click - {}
RESULT: {}
COMMAND: GET /session/312b457e950016f7ac2dd5fe08468d8b/screenshot - {}
RESULT: {}
COMMAND: POST /session/312b457e950016f7ac2dd5fe08468d8b/elements - {"using":"xpath","value":"//span[text()='Error']"}
RESULT: {"using":"xpath","value":"//span[text()='Error']"}
COMMAND: POST /session/312b457e950016f7ac2dd5fe08468d8b/execute/async - {"script":"<script> [1562 bytes]","args":[{"selector":{"controlType":"sap.m.Text","viewName":"etm.portal.ui.managecatalogs.view.MasterCatalogs","viewId":"application-managecatalogs-display-component---masterCatalogs","bindingPath":{"path":"/Catalogs('0D7502D073D53A0F1700BE067B89AFF9')","propertyPath":"DESCRIPTION","modelName":"catalogModel"}},"wdio_ui5_key":"etmportal.ui.managecatalogs.view.MasterCatalogssap.m.Text{\"path\":\"/Catalogs('0D7502D073D53A0F1700BE067B89AFF9')\",\"propertyPath\":\"DESCRIPTION\",\"modelName\":\"catalogModel\"}"}]}
RESULT: {"script":"<script> [1562 bytes]","args":[{"selector":{"controlType":"sap.m.Text","viewName":"etm.portal.ui.managecatalogs.view.MasterCatalogs","viewId":"application-managecatalogs-display-component---masterCatalogs","bindingPath":{"path":"/Catalogs('0D7502D073D53A0F1700BE067B89AFF9')","propertyPath":"DESCRIPTION","modelName":"catalogModel"}},"wdio_ui5_key":"etmportal.ui.managecatalogs.view.MasterCatalogssap.m.Text{\"path\":\"/Catalogs('0D7502D073D53A0F1700BE067B89AFF9')\",\"propertyPath\":\"DESCRIPTION\",\"modelName\":\"catalogModel\"}"}]}
RESULT: undefined
COMMAND: POST /session/312b457e950016f7ac2dd5fe08468d8b/element - {"using":"xpath","value":"//*[@id=\"__text919-application-managecatalogs-display-component---masterCatalogs--CatalogsTable-11\"]"}
RESULT: {"using":"xpath","value":"//*[@id=\"__text919-application-managecatalogs-display-component---masterCatalogs--CatalogsTable-11\"]"}
COMMAND: POST /session/312b457e950016f7ac2dd5fe08468d8b/element/f.49633FD853CAE5E68BDC48EC70618E25.d.273DCFC01B2F691B90C682304C61EBFB.e.4256/click - {}
RESULT: {}
COMMAND: POST /session/312b457e950016f7ac2dd5fe08468d8b/execute/async - {"script":"<script> [1562 bytes]","args":[{"selector":{"controlType":"sap.ui.layout.HorizontalLayout","viewName":"etm.portal.ui.managecatalogs.view.MasterItems","viewId":"application-managecatalogs-display-component---masterCatalogItems","ancestor":{"id":"application-managecatalogs-display-component---masterCatalogItems--idCatalogItemsTree-rows-row0"}},"wdio_ui5_key":"etmportal.ui.managecatalogs.view.MasterItemssap.ui.layout.HorizontalLayout{\"id\":\"application-managecatalogs-display-component---masterCatalogItems--idCatalogItemsTree-rows-row0\"}"}]}
COMMAND: GET /session/312b457e950016f7ac2dd5fe08468d8b/screenshot - {}
RESULT: {"script":"<script> [1562 bytes]","args":[{"selector":{"controlType":"sap.ui.layout.HorizontalLayout","viewName":"etm.portal.ui.managecatalogs.view.MasterItems","viewId":"application-managecatalogs-display-component---masterCatalogItems","ancestor":{"id":"application-managecatalogs-display-component---masterCatalogItems--idCatalogItemsTree-rows-row0"}},"wdio_ui5_key":"etmportal.ui.managecatalogs.view.MasterItemssap.ui.layout.HorizontalLayout{\"id\":\"application-managecatalogs-display-component---masterCatalogItems--idCatalogItemsTree-rows-row0\"}"}]}
RESULT: undefined
COMMAND: POST /session/312b457e950016f7ac2dd5fe08468d8b/element - {"using":"xpath","value":"//*[@id=\"__layout279-__clone1413\"]"}
RESULT: {}
RESULT: {"using":"xpath","value":"//*[@id=\"__layout279-__clone1413\"]"}
COMMAND: POST /session/312b457e950016f7ac2dd5fe08468d8b/element/f.49633FD853CAE5E68BDC48EC70618E25.d.273DCFC01B2F691B90C682304C61EBFB.e.4291/click - {}
RESULT: {}
COMMAND: GET /session/312b457e950016f7ac2dd5fe08468d8b/screenshot - {}
COMMAND: POST /session/312b457e950016f7ac2dd5fe08468d8b/execute/async - {"script":"<script> [1562 bytes]","args":[{"selector":{"controlType":"sap.m.Button","viewName":"etm.portal.ui.managecatalogs.view.Detail","viewId":"application-managecatalogs-display-component---detailCatalog","i18NText":{"propertyName":"text","key":"edit"},"interaction":{"idSuffix":"BDI-content"}},"wdio_ui5_key":"etmportal.ui.managecatalogs.view.Detailsap.m.Button{\"propertyName\":\"text\",\"key\":\"edit\"}"}]}
RESULT: {}
RESULT: {"script":"<script> [1562 bytes]","args":[{"selector":{"controlType":"sap.m.Button","viewName":"etm.portal.ui.managecatalogs.view.Detail","viewId":"application-managecatalogs-display-component---detailCatalog","i18NText":{"propertyName":"text","key":"edit"},"interaction":{"idSuffix":"BDI-content"}},"wdio_ui5_key":"etmportal.ui.managecatalogs.view.Detailsap.m.Button{\"propertyName\":\"text\",\"key\":\"edit\"}"}]}
RESULT: undefined
COMMAND: POST /session/312b457e950016f7ac2dd5fe08468d8b/element - {"using":"xpath","value":"//*[@id=\"__button118\"]"}
RESULT: {"using":"xpath","value":"//*[@id=\"__button118\"]"}
COMMAND: POST /session/312b457e950016f7ac2dd5fe08468d8b/element/f.49633FD853CAE5E68BDC48EC70618E25.d.273DCFC01B2F691B90C682304C61EBFB.e.4409/click - {}
RESULT: {}
COMMAND: GET /session/312b457e950016f7ac2dd5fe08468d8b/screenshot - {}
RESULT: {}
COMMAND: POST /session/312b457e950016f7ac2dd5fe08468d8b/element - {"using":"xpath","value":"//bdi[contains(text(), \"Unlock\")]"}
RESULT: {"using":"xpath","value":"//bdi[contains(text(), \"Unlock\")]"}
COMMAND: POST /session/312b457e950016f7ac2dd5fe08468d8b/elements - {"using":"xpath","value":"//bdi[contains(text(), \"Unlock\")]"}
RESULT: {"using":"xpath","value":"//bdi[contains(text(), \"Unlock\")]"}
COMMAND: POST /session/312b457e950016f7ac2dd5fe08468d8b/execute/async - {"script":"<script> [1562 bytes]","args":[{"selector":{"controlType":"sap.ui.core.Icon","viewName":"etm.portal.ui.managecatalogs.view.Detail","viewId":"application-managecatalogs-display-component---detailCatalog","properties":{"src":{"regex":{"source":"add\\-folder"}}}},"wdio_ui5_key":"etmportal.ui.managecatalogs.view.Detailsap.ui.core.Icon{\"src\":{\"regex\":{\"source\":\"add\\\\-folder\"}}}"}]}
RESULT: {"script":"<script> [1562 bytes]","args":[{"selector":{"controlType":"sap.ui.core.Icon","viewName":"etm.portal.ui.managecatalogs.view.Detail","viewId":"application-managecatalogs-display-component---detailCatalog","properties":{"src":{"regex":{"source":"add\\-folder"}}}},"wdio_ui5_key":"etmportal.ui.managecatalogs.view.Detailsap.ui.core.Icon{\"src\":{\"regex\":{\"source\":\"add\\\\-folder\"}}}"}]}
RESULT: undefined
COMMAND: POST /session/312b457e950016f7ac2dd5fe08468d8b/element - {"using":"xpath","value":"//*[@id=\"__button126-img\"]"}
RESULT: {"using":"xpath","value":"//*[@id=\"__button126-img\"]"}
COMMAND: POST /session/312b457e950016f7ac2dd5fe08468d8b/element/f.49633FD853CAE5E68BDC48EC70618E25.d.273DCFC01B2F691B90C682304C61EBFB.e.4415/click - {}
RESULT: {}
COMMAND: GET /session/312b457e950016f7ac2dd5fe08468d8b/screenshot - {}
RESULT: {}
COMMAND: POST /session/312b457e950016f7ac2dd5fe08468d8b/execute/async - {"script":"<script> [1562 bytes]","args":[{"selector":{"id":"application-managecatalogs-display-component---detailCatalog--numberInput","searchOpenDialogs":true,"interaction":{"idSuffix":"inner"}},"wdio_ui5_key":"applicationmanagecatalogs-display-component---detailCatalog--numberInput"}]}
RESULT: {"script":"<script> [1562 bytes]","args":[{"selector":{"id":"application-managecatalogs-display-component---detailCatalog--numberInput","searchOpenDialogs":true,"interaction":{"idSuffix":"inner"}},"wdio_ui5_key":"applicationmanagecatalogs-display-component---detailCatalog--numberInput"}]}
RESULT: undefined
COMMAND: POST /session/312b457e950016f7ac2dd5fe08468d8b/execute/async - {"script":"<script> [776 bytes]","args":[{"enterText":"Sectionqznqv","selector":{"id":"application-managecatalogs-display-component---detailCatalog--numberInput","searchOpenDialogs":true,"interaction":{"idSuffix":"inner"}},"clearTextFirst":true,"interactionType":"ENTER_TEXT"}]}
RESULT: {"script":"<script> [776 bytes]","args":[{"enterText":"Sectionqznqv","selector":{"id":"application-managecatalogs-display-component---detailCatalog--numberInput","searchOpenDialogs":true,"interaction":{"idSuffix":"inner"}},"clearTextFirst":true,"interactionType":"ENTER_TEXT"}]}
COMMAND: POST /session/312b457e950016f7ac2dd5fe08468d8b/element - {"using":"css selector","value":"#application-managecatalogs-display-component---detailCatalog--nameInput-inner"}
RESULT: {"using":"css selector","value":"#application-managecatalogs-display-component---detailCatalog--nameInput-inner"}
COMMAND: POST /session/312b457e950016f7ac2dd5fe08468d8b/elements - {"using":"css selector","value":"#application-managecatalogs-display-component---detailCatalog--nameInput-inner"}
RESULT: {"using":"css selector","value":"#application-managecatalogs-display-component---detailCatalog--nameInput-inner"}
COMMAND: POST /session/312b457e950016f7ac2dd5fe08468d8b/element/f.49633FD853CAE5E68BDC48EC70618E25.d.273DCFC01B2F691B90C682304C61EBFB.e.4418/clear - {}
RESULT: {}
COMMAND: POST /session/312b457e950016f7ac2dd5fe08468d8b/element/f.49633FD853CAE5E68BDC48EC70618E25.d.273DCFC01B2F691B90C682304C61EBFB.e.4418/value - {"text":"Webdriverq2pqw"}
COMMAND: GET /session/312b457e950016f7ac2dd5fe08468d8b/screenshot - {}
RESULT: {"text":"Webdriverq2pqw"}
COMMAND: POST /session/312b457e950016f7ac2dd5fe08468d8b/execute/async - {"script":"<script> [1562 bytes]","args":[{"selector":{"controlType":"sap.m.Button","viewName":"etm.portal.ui.managecatalogs.view.Detail","viewId":"application-managecatalogs-display-component---detailCatalog","i18NText":{"propertyName":"text","key":"create"},"searchOpenDialogs":true,"interaction":{"idSuffix":"BDI-content"}},"wdio_ui5_key":"etmportal.ui.managecatalogs.view.Detailsap.m.Button{\"propertyName\":\"text\",\"key\":\"create\"}"}]}
COMMAND: GET /session/312b457e950016f7ac2dd5fe08468d8b/screenshot - {}
RESULT: {}
RESULT: {"script":"<script> [1562 bytes]","args":[{"selector":{"controlType":"sap.m.Button","viewName":"etm.portal.ui.managecatalogs.view.Detail","viewId":"application-managecatalogs-display-component---detailCatalog","i18NText":{"propertyName":"text","key":"create"},"searchOpenDialogs":true,"interaction":{"idSuffix":"BDI-content"}},"wdio_ui5_key":"etmportal.ui.managecatalogs.view.Detailsap.m.Button{\"propertyName\":\"text\",\"key\":\"create\"}"}]}
RESULT: undefined
COMMAND: POST /session/312b457e950016f7ac2dd5fe08468d8b/element - {"using":"xpath","value":"//*[@id=\"__button96\"]"}
RESULT: {}
RESULT: {"using":"xpath","value":"//*[@id=\"__button96\"]"}
COMMAND: POST /session/312b457e950016f7ac2dd5fe08468d8b/element/f.49633FD853CAE5E68BDC48EC70618E25.d.273DCFC01B2F691B90C682304C61EBFB.e.4423/click - {}
RESULT: {}
COMMAND: GET /session/312b457e950016f7ac2dd5fe08468d8b/screenshot - {}
RESULT: {}
COMMAND: POST /session/312b457e950016f7ac2dd5fe08468d8b/element - {"using":"xpath","value":"//button[@title=\"Save\"]"}
RESULT: {"using":"xpath","value":"//button[@title=\"Save\"]"}
COMMAND: POST /session/312b457e950016f7ac2dd5fe08468d8b/element/f.49633FD853CAE5E68BDC48EC70618E25.d.273DCFC01B2F691B90C682304C61EBFB.e.4424/click - {}
RESULT: {}
COMMAND: POST /session/312b457e950016f7ac2dd5fe08468d8b/execute/async - {"script":"<script> [1562 bytes]","args":[{"selector":{"controlType":"sap.ui.core.Icon","viewName":"etm.portal.ui.managecatalogs.view.Detail","viewId":"application-managecatalogs-display-component---detailCatalog","properties":{"src":{"regex":{"source":"decline"}}}},"wdio_ui5_key":"etmportal.ui.managecatalogs.view.Detailsap.ui.core.Icon{\"src\":{\"regex\":{\"source\":\"decline\"}}}"}]}
COMMAND: GET /session/312b457e950016f7ac2dd5fe08468d8b/screenshot - {}
RESULT: {"script":"<script> [1562 bytes]","args":[{"selector":{"controlType":"sap.ui.core.Icon","viewName":"etm.portal.ui.managecatalogs.view.Detail","viewId":"application-managecatalogs-display-component---detailCatalog","properties":{"src":{"regex":{"source":"decline"}}}},"wdio_ui5_key":"etmportal.ui.managecatalogs.view.Detailsap.ui.core.Icon{\"src\":{\"regex\":{\"source\":\"decline\"}}}"}]}
RESULT: undefined
COMMAND: POST /session/312b457e950016f7ac2dd5fe08468d8b/element - {"using":"xpath","value":"//*[@id=\"__button121-img\"]"}
RESULT: {}
RESULT: {"using":"xpath","value":"//*[@id=\"__button121-img\"]"}
COMMAND: POST /session/312b457e950016f7ac2dd5fe08468d8b/element/f.49633FD853CAE5E68BDC48EC70618E25.d.273DCFC01B2F691B90C682304C61EBFB.e.4429/click - {}
RESULT: {}
COMMAND: GET /session/312b457e950016f7ac2dd5fe08468d8b/screenshot - {}
RESULT: {}
COMMAND: POST /session/312b457e950016f7ac2dd5fe08468d8b/execute/async - {"script":"<script> [1562 bytes]","args":[{"selector":{"controlType":"sap.ui.core.Icon","viewName":"etm.portal.ui.managecatalogs.view.MasterItems","viewId":"application-managecatalogs-display-component---masterCatalogItems","properties":{"src":{"regex":{"source":"refresh"}}}},"wdio_ui5_key":"etmportal.ui.managecatalogs.view.MasterItemssap.ui.core.Icon{\"src\":{\"regex\":{\"source\":\"refresh\"}}}"}]}
RESULT: {"script":"<script> [1562 bytes]","args":[{"selector":{"controlType":"sap.ui.core.Icon","viewName":"etm.portal.ui.managecatalogs.view.MasterItems","viewId":"application-managecatalogs-display-component---masterCatalogItems","properties":{"src":{"regex":{"source":"refresh"}}}},"wdio_ui5_key":"etmportal.ui.managecatalogs.view.MasterItemssap.ui.core.Icon{\"src\":{\"regex\":{\"source\":\"refresh\"}}}"}]}
RESULT: undefined
COMMAND: POST /session/312b457e950016f7ac2dd5fe08468d8b/element - {"using":"xpath","value":"//*[@id=\"__button94-img\"]"}
RESULT: {"using":"xpath","value":"//*[@id=\"__button94-img\"]"}
COMMAND: POST /session/312b457e950016f7ac2dd5fe08468d8b/element/f.49633FD853CAE5E68BDC48EC70618E25.d.273DCFC01B2F691B90C682304C61EBFB.e.4463/click - {}
RESULT: {}
COMMAND: POST /session/312b457e950016f7ac2dd5fe08468d8b/execute/async - {"script":"<script> [1562 bytes]","args":[{"selector":{"id":"application-managecatalogs-display-component---masterCatalogItems--searchItemsField","interaction":{"idSuffix":"I"}},"wdio_ui5_key":"applicationmanagecatalogs-display-component---masterCatalogItems--searchItemsField"}]}
COMMAND: GET /session/312b457e950016f7ac2dd5fe08468d8b/screenshot - {}
RESULT: {"script":"<script> [1562 bytes]","args":[{"selector":{"id":"application-managecatalogs-display-component---masterCatalogItems--searchItemsField","interaction":{"idSuffix":"I"}},"wdio_ui5_key":"applicationmanagecatalogs-display-component---masterCatalogItems--searchItemsField"}]}
RESULT: undefined
COMMAND: POST /session/312b457e950016f7ac2dd5fe08468d8b/execute/async - {"script":"<script> [776 bytes]","args":[{"enterText":"Webdriverq2pqw","selector":{"id":"application-managecatalogs-display-component---masterCatalogItems--searchItemsField","interaction":{"idSuffix":"I"}},"clearTextFirst":true,"interactionType":"ENTER_TEXT"}]}
RESULT: {}
RESULT: {"script":"<script> [776 bytes]","args":[{"enterText":"Webdriverq2pqw","selector":{"id":"application-managecatalogs-display-component---masterCatalogItems--searchItemsField","interaction":{"idSuffix":"I"}},"clearTextFirst":true,"interactionType":"ENTER_TEXT"}]}
COMMAND: POST /session/312b457e950016f7ac2dd5fe08468d8b/actions - {"actions":[{"id":"action10","type":"key","parameters":{},"actions":[{"type":"keyDown","value":"î€‡"},{"type":"pause","duration":10},{"type":"keyUp","value":"î€‡"}]}]}
RESULT: {"actions":[{"id":"action10","type":"key","parameters":{},"actions":[{"type":"keyDown","value":"î€‡"},{"type":"pause","duration":10},{"type":"keyUp","value":"î€‡"}]}]}
COMMAND: POST /session/312b457e950016f7ac2dd5fe08468d8b/element - {"using":"xpath","value":"(//span[contains(text(), \"Webdriverq2pqw\")])[1]"}
COMMAND: GET /session/312b457e950016f7ac2dd5fe08468d8b/screenshot - {}
RESULT: {"using":"xpath","value":"(//span[contains(text(), \"Webdriverq2pqw\")])[1]"}
COMMAND: POST /session/312b457e950016f7ac2dd5fe08468d8b/element/f.49633FD853CAE5E68BDC48EC70618E25.d.273DCFC01B2F691B90C682304C61EBFB.e.4466/click - {}
RESULT: {}
RESULT: {}
COMMAND: GET /session/312b457e950016f7ac2dd5fe08468d8b/screenshot - {}
RESULT: {}
RESULT: undefined
COMMAND: POST /session/312b457e950016f7ac2dd5fe08468d8b/element - {"using":"xpath","value":"//*[@id=\"__button118\"]"}
RESULT: {"using":"xpath","value":"//*[@id=\"__button118\"]"}
COMMAND: POST /session/312b457e950016f7ac2dd5fe08468d8b/element/f.49633FD853CAE5E68BDC48EC70618E25.d.273DCFC01B2F691B90C682304C61EBFB.e.4536/click - {}
RESULT: {}
COMMAND: GET /session/312b457e950016f7ac2dd5fe08468d8b/screenshot - {}
RESULT: {}
RESULT: undefined
COMMAND: POST /session/312b457e950016f7ac2dd5fe08468d8b/element - {"using":"xpath","value":"//*[@id=\"__button126-img\"]"}
RESULT: {"using":"xpath","value":"//*[@id=\"__button126-img\"]"}
COMMAND: POST /session/312b457e950016f7ac2dd5fe08468d8b/element/f.49633FD853CAE5E68BDC48EC70618E25.d.273DCFC01B2F691B90C682304C61EBFB.e.4552/click - {}
RESULT: {}
COMMAND: GET /session/312b457e950016f7ac2dd5fe08468d8b/screenshot - {}
RESULT: {}
RESULT: undefined
COMMAND: POST /session/312b457e950016f7ac2dd5fe08468d8b/execute/async - {"script":"<script> [776 bytes]","args":[{"enterText":"SecondSectionpa1rx","selector":{"id":"application-managecatalogs-display-component---detailCatalog--numberInput","searchOpenDialogs":true,"interaction":{"idSuffix":"inner"}},"clearTextFirst":true,"interactionType":"ENTER_TEXT"}]}
RESULT: {"script":"<script> [776 bytes]","args":[{"enterText":"SecondSectionpa1rx","selector":{"id":"application-managecatalogs-display-component---detailCatalog--numberInput","searchOpenDialogs":true,"interaction":{"idSuffix":"inner"}},"clearTextFirst":true,"interactionType":"ENTER_TEXT"}]}
COMMAND: POST /session/312b457e950016f7ac2dd5fe08468d8b/element - {"using":"xpath","value":"//input[contains(@id ,\"application-managecatalogs-display-component---detailCatalog--nameInput-inner\")]"}
RESULT: {"using":"xpath","value":"//input[contains(@id ,\"application-managecatalogs-display-component---detailCatalog--nameInput-inner\")]"}
COMMAND: POST /session/312b457e950016f7ac2dd5fe08468d8b/elements - {"using":"xpath","value":"//input[contains(@id ,\"application-managecatalogs-display-component---detailCatalog--nameInput-inner\")]"}
RESULT: {"using":"xpath","value":"//input[contains(@id ,\"application-managecatalogs-display-component---detailCatalog--nameInput-inner\")]"}
COMMAND: POST /session/312b457e950016f7ac2dd5fe08468d8b/element/f.49633FD853CAE5E68BDC48EC70618E25.d.273DCFC01B2F691B90C682304C61EBFB.e.4556/clear - {}
RESULT: {}
COMMAND: POST /session/312b457e950016f7ac2dd5fe08468d8b/element/f.49633FD853CAE5E68BDC48EC70618E25.d.273DCFC01B2F691B90C682304C61EBFB.e.4556/value - {"text":"webdriversecondk4j33"}
COMMAND: GET /session/312b457e950016f7ac2dd5fe08468d8b/screenshot - {}
RESULT: {"text":"webdriversecondk4j33"}
RESULT: undefined
COMMAND: POST /session/312b457e950016f7ac2dd5fe08468d8b/element - {"using":"xpath","value":"//*[@id=\"__button96\"]"}
COMMAND: GET /session/312b457e950016f7ac2dd5fe08468d8b/screenshot - {}
RESULT: {}
RESULT: {"using":"xpath","value":"//*[@id=\"__button96\"]"}
COMMAND: POST /session/312b457e950016f7ac2dd5fe08468d8b/element/f.49633FD853CAE5E68BDC48EC70618E25.d.273DCFC01B2F691B90C682304C61EBFB.e.4560/click - {}
RESULT: {}
RESULT: {}
COMMAND: GET /session/312b457e950016f7ac2dd5fe08468d8b/screenshot - {}
RESULT: {}
COMMAND: POST /session/312b457e950016f7ac2dd5fe08468d8b/element - {"using":"xpath","value":"//button[@title=\"Save\"]"}
RESULT: {"using":"xpath","value":"//button[@title=\"Save\"]"}
COMMAND: POST /session/312b457e950016f7ac2dd5fe08468d8b/element/f.49633FD853CAE5E68BDC48EC70618E25.d.273DCFC01B2F691B90C682304C61EBFB.e.4540/click - {}
RESULT: {}
COMMAND: GET /session/312b457e950016f7ac2dd5fe08468d8b/screenshot - {}
RESULT: {}
RESULT: undefined
COMMAND: POST /session/312b457e950016f7ac2dd5fe08468d8b/element - {"using":"xpath","value":"//*[@id=\"__button121-img\"]"}
RESULT: {"using":"xpath","value":"//*[@id=\"__button121-img\"]"}
COMMAND: POST /session/312b457e950016f7ac2dd5fe08468d8b/element/f.49633FD853CAE5E68BDC48EC70618E25.d.273DCFC01B2F691B90C682304C61EBFB.e.4564/click - {}
RESULT: {}
COMMAND: GET /session/312b457e950016f7ac2dd5fe08468d8b/screenshot - {}
RESULT: {}
RESULT: undefined
COMMAND: POST /session/312b457e950016f7ac2dd5fe08468d8b/element - {"using":"xpath","value":"//*[@id=\"__button94-img\"]"}
RESULT: {"using":"xpath","value":"//*[@id=\"__button94-img\"]"}
COMMAND: POST /session/312b457e950016f7ac2dd5fe08468d8b/element/f.49633FD853CAE5E68BDC48EC70618E25.d.273DCFC01B2F691B90C682304C61EBFB.e.4599/click - {}
RESULT: {}
COMMAND: GET /session/312b457e950016f7ac2dd5fe08468d8b/screenshot - {}
RESULT: {}
RESULT: undefined
COMMAND: POST /session/312b457e950016f7ac2dd5fe08468d8b/execute/async - {"script":"<script> [776 bytes]","args":[{"enterText":"SecondSectionpa1rx","selector":{"id":"application-managecatalogs-display-component---masterCatalogItems--searchItemsField","interaction":{"idSuffix":"I"}},"clearTextFirst":true,"interactionType":"ENTER_TEXT"}]}
RESULT: {"script":"<script> [776 bytes]","args":[{"enterText":"SecondSectionpa1rx","selector":{"id":"application-managecatalogs-display-component---masterCatalogItems--searchItemsField","interaction":{"idSuffix":"I"}},"clearTextFirst":true,"interactionType":"ENTER_TEXT"}]}
COMMAND: POST /session/312b457e950016f7ac2dd5fe08468d8b/actions - {"actions":[{"id":"action11","type":"key","parameters":{},"actions":[{"type":"keyDown","value":"î€‡"},{"type":"pause","duration":10},{"type":"keyUp","value":"î€‡"}]}]}
RESULT: {"actions":[{"id":"action11","type":"key","parameters":{},"actions":[{"type":"keyDown","value":"î€‡"},{"type":"pause","duration":10},{"type":"keyUp","value":"î€‡"}]}]}
COMMAND: POST /session/312b457e950016f7ac2dd5fe08468d8b/element - {"using":"xpath","value":"(//span[contains(text(), \"SecondSectionpa1rx\")])[1]"}
COMMAND: GET /session/312b457e950016f7ac2dd5fe08468d8b/screenshot - {}
RESULT: {"using":"xpath","value":"(//span[contains(text(), \"SecondSectionpa1rx\")])[1]"}
COMMAND: POST /session/312b457e950016f7ac2dd5fe08468d8b/element/f.49633FD853CAE5E68BDC48EC70618E25.d.273DCFC01B2F691B90C682304C61EBFB.e.4602/click - {}
RESULT: {}
RESULT: {}
COMMAND: POST /session/312b457e950016f7ac2dd5fe08468d8b/element - {"using":"xpath","value":"(//span[contains(text(), \"SecondSectionpa1rx\")])[1]"}
COMMAND: GET /session/312b457e950016f7ac2dd5fe08468d8b/screenshot - {}
RESULT: {"using":"xpath","value":"(//span[contains(text(), \"SecondSectionpa1rx\")])[1]"}
COMMAND: GET /session/312b457e950016f7ac2dd5fe08468d8b/element/f.49633FD853CAE5E68BDC48EC70618E25.d.273DCFC01B2F691B90C682304C61EBFB.e.4602/text - {}
RESULT: {}
COMMAND: POST /session/312b457e950016f7ac2dd5fe08468d8b/element - {"using":"xpath","value":"(//span[contains(text(), \"SecondSectionpa1rx\")])[1]"}
RESULT: {"using":"xpath","value":"(//span[contains(text(), \"SecondSectionpa1rx\")])[1]"}
COMMAND: GET /session/312b457e950016f7ac2dd5fe08468d8b/element/f.49633FD853CAE5E68BDC48EC70618E25.d.273DCFC01B2F691B90C682304C61EBFB.e.4602/text - {}
COMMAND: POST /session/312b457e950016f7ac2dd5fe08468d8b/element - {"using":"xpath","value":"(//span[contains(text(), \"SecondSectionpa1rx\")])[1]"}
RESULT: {"using":"xpath","value":"(//span[contains(text(), \"SecondSectionpa1rx\")])[1]"}
COMMAND: GET /session/312b457e950016f7ac2dd5fe08468d8b/element/f.49633FD853CAE5E68BDC48EC70618E25.d.273DCFC01B2F691B90C682304C61EBFB.e.4657/text - {}
RESULT: {}
COMMAND: POST /session/312b457e950016f7ac2dd5fe08468d8b/refresh - {}
RESULT: {}
COMMAND: GET /session/312b457e950016f7ac2dd5fe08468d8b/screenshot - {}
RESULT: {}
COMMAND: POST /session/312b457e950016f7ac2dd5fe08468d8b/execute/async - {"script":"<script> [189 bytes]","args":[]}
RESULT: {"script":"<script> [189 bytes]","args":[]}
COMMAND: POST /session/312b457e950016f7ac2dd5fe08468d8b/execute/async - {"script":"<script> [123 bytes]","args":[]}
RESULT: {"script":"<script> [123 bytes]","args":[]}
COMMAND: POST /session/312b457e950016f7ac2dd5fe08468d8b/timeouts - {"script":"<number>"}
RESULT: {"script":"<number>"}
COMMAND: GET /session/312b457e950016f7ac2dd5fe08468d8b/timeouts - {}
RESULT: {}
RESULT: undefined
COMMAND: POST /session/312b457e950016f7ac2dd5fe08468d8b/execute/async - {"script":"<script> [2676 bytes]","args":[]}
RESULT: {"script":"<script> [2676 bytes]","args":[]}
COMMAND: POST /session/312b457e950016f7ac2dd5fe08468d8b/execute/async - {"script":"<script> [2342 bytes]","args":[{"protocol":"http","hostname":"0.0.0.0","path":"/","capabilities":{"browserName":"chrome","goog:chromeOptions":{"binary":"C:\\Program Files\\Google\\Chrome\\Application\\chrome.exe","args":["--start-maximized"]}},"logLevel":"warn","connectionRetryTimeout":120000,"connectionRetryCount":3,"logLevels":{},"enableDirectConnect":true,"strictSSL":true,"_":"65 more keys: [\"cacheDir\",\"port\",\"requestedCapabilities\",\"automationProtocol\",\"baseUrl\",\"waitforInterval\",\"waitforTimeout\",\"onReload\",\"beforeCommand\",\"afterCommand\",\"rootDir\",\"specs\",\"suites\",\"exclude\",\"groupLogsByTestSpec\",\"excludeDriverLogs\",\"bail\",\"framework\",\"reporters\",\"services\",\"maxInstances\",\"maxInstancesPerCapability\",\"injectGlobals\",\"filesToWatch\",\"execArgv\",\"runnerEnv\",\"runner\",\"shard\",\"specFileRetries\",\"specFileRetriesDelay\",\"specFileRetriesDeferred\",\"reporterSyncInterval\",\"reporterSyncTimeout\",\"cucumberFeaturesWithLineNumbers\",\"autoCompileOpts\",\"mochaOpts\",\"jasmineOpts\",\"cucumberOpts\",\"onPrepare\",\"onWorkerStart\",\"onWorkerEnd\",\"before\",\"beforeSession\",\"beforeSuite\",\"beforeHook\",\"beforeTest\",\"afterTest\",\"afterHook\",\"afterSuite\",\"afterSession\",\"after\",\"onComplete\",\"beforeAssertion\",\"afterAssertion\",\"beforeFeature\",\"beforeScenario\",\"beforeStep\",\"afterStep\",\"afterScenario\",\"afterFeature\",\"_\",\"suite\",\"$0\",\"ignoredWorkerServices\",\"wdi5\"]"}]}
RESULT: {"script":"<script> [2342 bytes]","args":[{"protocol":"http","hostname":"0.0.0.0","path":"/","capabilities":{"browserName":"chrome","goog:chromeOptions":{"binary":"C:\\Program Files\\Google\\Chrome\\Application\\chrome.exe","args":["--start-maximized"]}},"logLevel":"warn","connectionRetryTimeout":120000,"connectionRetryCount":3,"logLevels":{},"enableDirectConnect":true,"strictSSL":true,"_":"65 more keys: [\"cacheDir\",\"port\",\"requestedCapabilities\",\"automationProtocol\",\"baseUrl\",\"waitforInterval\",\"waitforTimeout\",\"onReload\",\"beforeCommand\",\"afterCommand\",\"rootDir\",\"specs\",\"suites\",\"exclude\",\"groupLogsByTestSpec\",\"excludeDriverLogs\",\"bail\",\"framework\",\"reporters\",\"services\",\"maxInstances\",\"maxInstancesPerCapability\",\"injectGlobals\",\"filesToWatch\",\"execArgv\",\"runnerEnv\",\"runner\",\"shard\",\"specFileRetries\",\"specFileRetriesDelay\",\"specFileRetriesDeferred\",\"reporterSyncInterval\",\"reporterSyncTimeout\",\"cucumberFeaturesWithLineNumbers\",\"autoCompileOpts\",\"mochaOpts\",\"jasmineOpts\",\"cucumberOpts\",\"onPrepare\",\"onWorkerStart\",\"onWorkerEnd\",\"before\",\"beforeSession\",\"beforeSuite\",\"beforeHook\",\"beforeTest\",\"afterTest\",\"afterHook\",\"afterSuite\",\"afterSession\",\"after\",\"onComplete\",\"beforeAssertion\",\"afterAssertion\",\"beforeFeature\",\"beforeScenario\",\"beforeStep\",\"afterStep\",\"afterScenario\",\"afterFeature\",\"_\",\"suite\",\"$0\",\"ignoredWorkerServices\",\"wdi5\"]"}]}
COMMAND: POST /session/312b457e950016f7ac2dd5fe08468d8b/execute/async - {"script":"<script> [21126 bytes]","args":[35000]}
RESULT: {"script":"<script> [21126 bytes]","args":[35000]}
COMMAND: POST /session/312b457e950016f7ac2dd5fe08468d8b/execute/async - {"script":"<script> [1562 bytes]","args":[{"selector":{"controlType":"sap.m.Button","viewName":"etm.portal.ui.managecatalogs.view.Detail","viewId":"application-managecatalogs-display-component---detailCatalog","i18NText":{"propertyName":"text","key":"edit"},"interaction":{"idSuffix":"BDI-content"}},"wdio_ui5_key":"etmportal.ui.managecatalogs.view.Detailsap.m.Button{\"propertyName\":\"text\",\"key\":\"edit\"}"}]}
RESULT: {"script":"<script> [1562 bytes]","args":[{"selector":{"controlType":"sap.m.Button","viewName":"etm.portal.ui.managecatalogs.view.Detail","viewId":"application-managecatalogs-display-component---detailCatalog","i18NText":{"propertyName":"text","key":"edit"},"interaction":{"idSuffix":"BDI-content"}},"wdio_ui5_key":"etmportal.ui.managecatalogs.view.Detailsap.m.Button{\"propertyName\":\"text\",\"key\":\"edit\"}"}]}
RESULT: undefined
COMMAND: POST /session/312b457e950016f7ac2dd5fe08468d8b/element - {"using":"xpath","value":"//*[@id=\"__button25\"]"}
RESULT: {"using":"xpath","value":"//*[@id=\"__button25\"]"}
COMMAND: POST /session/312b457e950016f7ac2dd5fe08468d8b/element/f.49633FD853CAE5E68BDC48EC70618E25.d.5A8C66F6DE2180CA0116961F1724C4D6.e.4714/click - {}
RESULT: {}
COMMAND: GET /session/312b457e950016f7ac2dd5fe08468d8b/screenshot - {}
RESULT: {}
COMMAND: POST /session/312b457e950016f7ac2dd5fe08468d8b/element - {"using":"xpath","value":"//button[contains(@title ,\"Create Catalog Item\")]"}
RESULT: {"using":"xpath","value":"//button[contains(@title ,\"Create Catalog Item\")]"}
COMMAND: POST /session/312b457e950016f7ac2dd5fe08468d8b/element/f.49633FD853CAE5E68BDC48EC70618E25.d.5A8C66F6DE2180CA0116961F1724C4D6.e.4719/click - {}
RESULT: {}
COMMAND: POST /session/312b457e950016f7ac2dd5fe08468d8b/execute/async - {"script":"<script> [1562 bytes]","args":[{"selector":{"id":"application-managecatalogs-display-component---detailCatalog--newItemNumberInput","searchOpenDialogs":true,"interaction":{"idSuffix":"inner"}},"wdio_ui5_key":"applicationmanagecatalogs-display-component---detailCatalog--newItemNumberInput"}]}
COMMAND: GET /session/312b457e950016f7ac2dd5fe08468d8b/screenshot - {}
RESULT: {"script":"<script> [1562 bytes]","args":[{"selector":{"id":"application-managecatalogs-display-component---detailCatalog--newItemNumberInput","searchOpenDialogs":true,"interaction":{"idSuffix":"inner"}},"wdio_ui5_key":"applicationmanagecatalogs-display-component---detailCatalog--newItemNumberInput"}]}
RESULT: undefined
COMMAND: POST /session/312b457e950016f7ac2dd5fe08468d8b/execute/async - {"script":"<script> [776 bytes]","args":[{"enterText":"catalogItemsl43g","selector":{"id":"application-managecatalogs-display-component---detailCatalog--newItemNumberInput","searchOpenDialogs":true,"interaction":{"idSuffix":"inner"}},"clearTextFirst":true,"interactionType":"ENTER_TEXT"}]}
RESULT: {}
RESULT: {"script":"<script> [776 bytes]","args":[{"enterText":"catalogItemsl43g","selector":{"id":"application-managecatalogs-display-component---detailCatalog--newItemNumberInput","searchOpenDialogs":true,"interaction":{"idSuffix":"inner"}},"clearTextFirst":true,"interactionType":"ENTER_TEXT"}]}
COMMAND: POST /session/312b457e950016f7ac2dd5fe08468d8b/execute/async - {"script":"<script> [1562 bytes]","args":[{"selector":{"controlType":"sap.m.Input","viewName":"etm.portal.ui.managecatalogs.view.Detail","viewId":"application-managecatalogs-display-component---detailCatalog","bindingPath":{"path":"","propertyPath":"/DESCRIPTION"},"searchOpenDialogs":true,"interaction":{"idSuffix":"inner"}},"wdio_ui5_key":"etmportal.ui.managecatalogs.view.Detailsap.m.Input{\"path\":\"\",\"propertyPath\":\"/DESCRIPTION\"}"}]}
RESULT: {"script":"<script> [1562 bytes]","args":[{"selector":{"controlType":"sap.m.Input","viewName":"etm.portal.ui.managecatalogs.view.Detail","viewId":"application-managecatalogs-display-component---detailCatalog","bindingPath":{"path":"","propertyPath":"/DESCRIPTION"},"searchOpenDialogs":true,"interaction":{"idSuffix":"inner"}},"wdio_ui5_key":"etmportal.ui.managecatalogs.view.Detailsap.m.Input{\"path\":\"\",\"propertyPath\":\"/DESCRIPTION\"}"}]}
RESULT: undefined
COMMAND: POST /session/312b457e950016f7ac2dd5fe08468d8b/execute/async - {"script":"<script> [776 bytes]","args":[{"enterText":"catalogItemName7nevx","selector":{"controlType":"sap.m.Input","viewName":"etm.portal.ui.managecatalogs.view.Detail","viewId":"application-managecatalogs-display-component---detailCatalog","bindingPath":{"path":"","propertyPath":"/DESCRIPTION"},"searchOpenDialogs":true,"interaction":{"idSuffix":"inner"}},"clearTextFirst":true,"interactionType":"ENTER_TEXT"}]}
RESULT: {"script":"<script> [776 bytes]","args":[{"enterText":"catalogItemName7nevx","selector":{"controlType":"sap.m.Input","viewName":"etm.portal.ui.managecatalogs.view.Detail","viewId":"application-managecatalogs-display-component---detailCatalog","bindingPath":{"path":"","propertyPath":"/DESCRIPTION"},"searchOpenDialogs":true,"interaction":{"idSuffix":"inner"}},"clearTextFirst":true,"interactionType":"ENTER_TEXT"}]}
COMMAND: POST /session/312b457e950016f7ac2dd5fe08468d8b/actions - {"actions":[{"id":"action12","type":"key","parameters":{},"actions":[{"type":"keyDown","value":"î€„"},{"type":"pause","duration":10},{"type":"keyUp","value":"î€„"}]}]}
RESULT: {"actions":[{"id":"action12","type":"key","parameters":{},"actions":[{"type":"keyDown","value":"î€„"},{"type":"pause","duration":10},{"type":"keyUp","value":"î€„"}]}]}
COMMAND: GET /session/312b457e950016f7ac2dd5fe08468d8b/screenshot - {}
RESULT: {}
COMMAND: POST /session/312b457e950016f7ac2dd5fe08468d8b/actions - {"actions":[{"id":"action13","type":"key","parameters":{},"actions":[{"type":"keyDown","value":"î€‡"},{"type":"pause","duration":10},{"type":"keyUp","value":"î€‡"}]}]}
RESULT: {"actions":[{"id":"action13","type":"key","parameters":{},"actions":[{"type":"keyDown","value":"î€‡"},{"type":"pause","duration":10},{"type":"keyUp","value":"î€‡"}]}]}
COMMAND: GET /session/312b457e950016f7ac2dd5fe08468d8b/screenshot - {}
RESULT: {}
COMMAND: POST /session/312b457e950016f7ac2dd5fe08468d8b/element - {"using":"xpath","value":"//button[@title=\"Save\"]"}
RESULT: {"using":"xpath","value":"//button[@title=\"Save\"]"}
COMMAND: POST /session/312b457e950016f7ac2dd5fe08468d8b/element/f.49633FD853CAE5E68BDC48EC70618E25.d.5A8C66F6DE2180CA0116961F1724C4D6.e.4727/click - {}
RESULT: {}
COMMAND: GET /session/312b457e950016f7ac2dd5fe08468d8b/screenshot - {}
RESULT: {}
COMMAND: POST /session/312b457e950016f7ac2dd5fe08468d8b/execute/async - {"script":"<script> [1562 bytes]","args":[{"selector":{"controlType":"sap.ui.core.Icon","viewName":"etm.portal.ui.managecatalogs.view.Detail","viewId":"application-managecatalogs-display-component---detailCatalog","properties":{"src":{"regex":{"source":"decline"}}}},"wdio_ui5_key":"etmportal.ui.managecatalogs.view.Detailsap.ui.core.Icon{\"src\":{\"regex\":{\"source\":\"decline\"}}}"}]}
RESULT: {"script":"<script> [1562 bytes]","args":[{"selector":{"controlType":"sap.ui.core.Icon","viewName":"etm.portal.ui.managecatalogs.view.Detail","viewId":"application-managecatalogs-display-component---detailCatalog","properties":{"src":{"regex":{"source":"decline"}}}},"wdio_ui5_key":"etmportal.ui.managecatalogs.view.Detailsap.ui.core.Icon{\"src\":{\"regex\":{\"source\":\"decline\"}}}"}]}
RESULT: undefined
COMMAND: POST /session/312b457e950016f7ac2dd5fe08468d8b/element - {"using":"xpath","value":"//*[@id=\"__button28-img\"]"}
RESULT: {"using":"xpath","value":"//*[@id=\"__button28-img\"]"}
COMMAND: POST /session/312b457e950016f7ac2dd5fe08468d8b/element/f.49633FD853CAE5E68BDC48EC70618E25.d.5A8C66F6DE2180CA0116961F1724C4D6.e.4731/click - {}
RESULT: {}
COMMAND: GET /session/312b457e950016f7ac2dd5fe08468d8b/screenshot - {}
RESULT: {}
COMMAND: POST /session/312b457e950016f7ac2dd5fe08468d8b/execute/async - {"script":"<script> [1562 bytes]","args":[{"selector":{"controlType":"sap.ui.core.Icon","viewName":"etm.portal.ui.managecatalogs.view.MasterItems","viewId":"application-managecatalogs-display-component---masterCatalogItems","properties":{"src":{"regex":{"source":"refresh"}}}},"wdio_ui5_key":"etmportal.ui.managecatalogs.view.MasterItemssap.ui.core.Icon{\"src\":{\"regex\":{\"source\":\"refresh\"}}}"}]}
RESULT: {"script":"<script> [1562 bytes]","args":[{"selector":{"controlType":"sap.ui.core.Icon","viewName":"etm.portal.ui.managecatalogs.view.MasterItems","viewId":"application-managecatalogs-display-component---masterCatalogItems","properties":{"src":{"regex":{"source":"refresh"}}}},"wdio_ui5_key":"etmportal.ui.managecatalogs.view.MasterItemssap.ui.core.Icon{\"src\":{\"regex\":{\"source\":\"refresh\"}}}"}]}
RESULT: undefined
COMMAND: POST /session/312b457e950016f7ac2dd5fe08468d8b/element - {"using":"xpath","value":"//*[@id=\"__button1-img\"]"}
RESULT: {"using":"xpath","value":"//*[@id=\"__button1-img\"]"}
COMMAND: POST /session/312b457e950016f7ac2dd5fe08468d8b/element/f.49633FD853CAE5E68BDC48EC70618E25.d.5A8C66F6DE2180CA0116961F1724C4D6.e.4740/click - {}
RESULT: {}
COMMAND: GET /session/312b457e950016f7ac2dd5fe08468d8b/screenshot - {}
RESULT: {}
COMMAND: POST /session/312b457e950016f7ac2dd5fe08468d8b/execute/async - {"script":"<script> [1562 bytes]","args":[{"selector":{"id":"application-managecatalogs-display-component---masterCatalogItems--searchItemsField","interaction":{"idSuffix":"I"}},"wdio_ui5_key":"applicationmanagecatalogs-display-component---masterCatalogItems--searchItemsField"}]}
RESULT: {"script":"<script> [1562 bytes]","args":[{"selector":{"id":"application-managecatalogs-display-component---masterCatalogItems--searchItemsField","interaction":{"idSuffix":"I"}},"wdio_ui5_key":"applicationmanagecatalogs-display-component---masterCatalogItems--searchItemsField"}]}
RESULT: undefined
COMMAND: POST /session/312b457e950016f7ac2dd5fe08468d8b/execute/async - {"script":"<script> [776 bytes]","args":[{"enterText":"catalogItemName7nevx","selector":{"id":"application-managecatalogs-display-component---masterCatalogItems--searchItemsField","interaction":{"idSuffix":"I"}},"clearTextFirst":true,"interactionType":"ENTER_TEXT"}]}
RESULT: {"script":"<script> [776 bytes]","args":[{"enterText":"catalogItemName7nevx","selector":{"id":"application-managecatalogs-display-component---masterCatalogItems--searchItemsField","interaction":{"idSuffix":"I"}},"clearTextFirst":true,"interactionType":"ENTER_TEXT"}]}
COMMAND: POST /session/312b457e950016f7ac2dd5fe08468d8b/actions - {"actions":[{"id":"action14","type":"key","parameters":{},"actions":[{"type":"keyDown","value":"î€‡"},{"type":"pause","duration":10},{"type":"keyUp","value":"î€‡"}]}]}
RESULT: {"actions":[{"id":"action14","type":"key","parameters":{},"actions":[{"type":"keyDown","value":"î€‡"},{"type":"pause","duration":10},{"type":"keyUp","value":"î€‡"}]}]}
COMMAND: POST /session/312b457e950016f7ac2dd5fe08468d8b/element - {"using":"xpath","value":"(//span[contains(text(), \"catalogItemName7nevx\")])[1]"}
COMMAND: GET /session/312b457e950016f7ac2dd5fe08468d8b/screenshot - {}
RESULT: {"using":"xpath","value":"(//span[contains(text(), \"catalogItemName7nevx\")])[1]"}
COMMAND: POST /session/312b457e950016f7ac2dd5fe08468d8b/element/f.49633FD853CAE5E68BDC48EC70618E25.d.5A8C66F6DE2180CA0116961F1724C4D6.e.4774/click - {}
RESULT: {}
RESULT: {}
COMMAND: GET /session/312b457e950016f7ac2dd5fe08468d8b/screenshot - {}
RESULT: {}
COMMAND: POST /session/312b457e950016f7ac2dd5fe08468d8b/element - {"using":"xpath","value":"//span[contains(text(), \"catalogItemsl43g\")]"}
RESULT: {"using":"xpath","value":"//span[contains(text(), \"catalogItemsl43g\")]"}
COMMAND: GET /session/312b457e950016f7ac2dd5fe08468d8b/element/f.49633FD853CAE5E68BDC48EC70618E25.d.5A8C66F6DE2180CA0116961F1724C4D6.e.4835/text - {}
RESULT: {}
]]></system-out>
    </testcase>
    <testcase classname="chrome.136_0_7103_49.windows.Standard_contract_-_add_contract_items_by_Insert_Request_US118222" name="Should assign resources to the catalog item" time="52.709">
      <system-out><![CDATA[
RESULT: undefined
COMMAND: POST /session/312b457e950016f7ac2dd5fe08468d8b/element - {"using":"xpath","value":"//*[@id=\"__button25\"]"}
RESULT: {"using":"xpath","value":"//*[@id=\"__button25\"]"}
COMMAND: POST /session/312b457e950016f7ac2dd5fe08468d8b/element/f.49633FD853CAE5E68BDC48EC70618E25.d.5A8C66F6DE2180CA0116961F1724C4D6.e.4836/click - {}
RESULT: {}
COMMAND: GET /session/312b457e950016f7ac2dd5fe08468d8b/screenshot - {}
RESULT: {}
COMMAND: POST /session/312b457e950016f7ac2dd5fe08468d8b/execute/async - {"script":"<script> [1562 bytes]","args":[{"selector":{"id":"application-managecatalogs-display-component---detailCatalog--BASE_UNIT_OF_MEASURE-arrow"},"wdio_ui5_key":"applicationmanagecatalogs-display-component---detailCatalog--BASE_UNIT_OF_MEASURE-arrow"}]}
RESULT: {"script":"<script> [1562 bytes]","args":[{"selector":{"id":"application-managecatalogs-display-component---detailCatalog--BASE_UNIT_OF_MEASURE-arrow"},"wdio_ui5_key":"applicationmanagecatalogs-display-component---detailCatalog--BASE_UNIT_OF_MEASURE-arrow"}]}
RESULT: undefined
COMMAND: POST /session/312b457e950016f7ac2dd5fe08468d8b/element - {"using":"xpath","value":"//*[@id=\"application-managecatalogs-display-component---detailCatalog--BASE_UNIT_OF_MEASURE-arrow\"]"}
RESULT: {"using":"xpath","value":"//*[@id=\"application-managecatalogs-display-component---detailCatalog--BASE_UNIT_OF_MEASURE-arrow\"]"}
COMMAND: POST /session/312b457e950016f7ac2dd5fe08468d8b/element/f.49633FD853CAE5E68BDC48EC70618E25.d.5A8C66F6DE2180CA0116961F1724C4D6.e.4865/click - {}
RESULT: {}
COMMAND: POST /session/312b457e950016f7ac2dd5fe08468d8b/execute/async - {"script":"<script> [1562 bytes]","args":[{"selector":{"controlType":"sap.m.StandardListItem","viewName":"etm.portal.ui.managecatalogs.view.Detail","viewId":"application-managecatalogs-display-component---detailCatalog","properties":{"title":"Piece"},"searchOpenDialogs":true,"interaction":{"idSuffix":"titleText"}},"wdio_ui5_key":"etmportal.ui.managecatalogs.view.Detailsap.m.StandardListItem{\"title\":\"Piece\"}"}]}
COMMAND: GET /session/312b457e950016f7ac2dd5fe08468d8b/screenshot - {}
RESULT: {"script":"<script> [1562 bytes]","args":[{"selector":{"controlType":"sap.m.StandardListItem","viewName":"etm.portal.ui.managecatalogs.view.Detail","viewId":"application-managecatalogs-display-component---detailCatalog","properties":{"title":"Piece"},"searchOpenDialogs":true,"interaction":{"idSuffix":"titleText"}},"wdio_ui5_key":"etmportal.ui.managecatalogs.view.Detailsap.m.StandardListItem{\"title\":\"Piece\"}"}]}
RESULT: undefined
COMMAND: POST /session/312b457e950016f7ac2dd5fe08468d8b/element - {"using":"xpath","value":"//*[@id=\"__item231\"]"}
RESULT: {}
RESULT: {"using":"xpath","value":"//*[@id=\"__item231\"]"}
COMMAND: POST /session/312b457e950016f7ac2dd5fe08468d8b/element/f.49633FD853CAE5E68BDC48EC70618E25.d.5A8C66F6DE2180CA0116961F1724C4D6.e.4867/click - {}
RESULT: {}
COMMAND: POST /session/312b457e950016f7ac2dd5fe08468d8b/execute/async - {"script":"<script> [1562 bytes]","args":[{"selector":{"id":"application-managecatalogs-display-component---detailCatalog--ObjectPageLayout-anchBar-application-managecatalogs-display-component---detailCatalog--sectionRUs-anchor","interaction":{"idSuffix":"BDI-content"}},"wdio_ui5_key":"applicationmanagecatalogs-display-component---detailCatalog--ObjectPageLayout-anchBar-application-managecatalogs-display-component---detailCatalog--sectionRUs-anchor"}]}
COMMAND: GET /session/312b457e950016f7ac2dd5fe08468d8b/screenshot - {}
RESULT: {"script":"<script> [1562 bytes]","args":[{"selector":{"id":"application-managecatalogs-display-component---detailCatalog--ObjectPageLayout-anchBar-application-managecatalogs-display-component---detailCatalog--sectionRUs-anchor","interaction":{"idSuffix":"BDI-content"}},"wdio_ui5_key":"applicationmanagecatalogs-display-component---detailCatalog--ObjectPageLayout-anchBar-application-managecatalogs-display-component---detailCatalog--sectionRUs-anchor"}]}
RESULT: undefined
COMMAND: POST /session/312b457e950016f7ac2dd5fe08468d8b/element - {"using":"xpath","value":"//*[@id=\"application-managecatalogs-display-component---detailCatalog--ObjectPageLayout-anchBar-application-managecatalogs-display-component---detailCatalog--sectionRUs-anchor\"]"}
RESULT: {}
RESULT: {"using":"xpath","value":"//*[@id=\"application-managecatalogs-display-component---detailCatalog--ObjectPageLayout-anchBar-application-managecatalogs-display-component---detailCatalog--sectionRUs-anchor\"]"}
COMMAND: POST /session/312b457e950016f7ac2dd5fe08468d8b/element/f.49633FD853CAE5E68BDC48EC70618E25.d.5A8C66F6DE2180CA0116961F1724C4D6.e.4869/click - {}
RESULT: {}
COMMAND: POST /session/312b457e950016f7ac2dd5fe08468d8b/element - {"using":"xpath","value":"//button[contains(@data-kt ,\"catalogItemAssignRuButton\")]"}
COMMAND: GET /session/312b457e950016f7ac2dd5fe08468d8b/screenshot - {}
RESULT: {"using":"xpath","value":"//button[contains(@data-kt ,\"catalogItemAssignRuButton\")]"}
COMMAND: POST /session/312b457e950016f7ac2dd5fe08468d8b/element/f.49633FD853CAE5E68BDC48EC70618E25.d.5A8C66F6DE2180CA0116961F1724C4D6.e.4873/click - {}
RESULT: {}
RESULT: {}
COMMAND: GET /session/312b457e950016f7ac2dd5fe08468d8b/screenshot - {}
RESULT: {}
COMMAND: POST /session/312b457e950016f7ac2dd5fe08468d8b/actions - {"actions":[{"id":"action15","type":"key","parameters":{},"actions":[{"type":"keyDown","value":"î€‡"},{"type":"pause","duration":10},{"type":"keyUp","value":"î€‡"}]}]}
RESULT: {"actions":[{"id":"action15","type":"key","parameters":{},"actions":[{"type":"keyDown","value":"î€‡"},{"type":"pause","duration":10},{"type":"keyUp","value":"î€‡"}]}]}
COMMAND: POST /session/312b457e950016f7ac2dd5fe08468d8b/execute/async - {"script":"<script> [1562 bytes]","args":[{"selector":{"id":"application-managecatalogs-display-component---detailCatalog--assignRUSearchField-vhi","searchOpenDialogs":true},"wdio_ui5_key":"applicationmanagecatalogs-display-component---detailCatalog--assignRUSearchField-vhi"}]}
COMMAND: GET /session/312b457e950016f7ac2dd5fe08468d8b/screenshot - {}
RESULT: {"script":"<script> [1562 bytes]","args":[{"selector":{"id":"application-managecatalogs-display-component---detailCatalog--assignRUSearchField-vhi","searchOpenDialogs":true},"wdio_ui5_key":"applicationmanagecatalogs-display-component---detailCatalog--assignRUSearchField-vhi"}]}
RESULT: undefined
COMMAND: POST /session/312b457e950016f7ac2dd5fe08468d8b/element - {"using":"xpath","value":"//*[@id=\"application-managecatalogs-display-component---detailCatalog--assignRUSearchField-vhi\"]"}
RESULT: {}
RESULT: {"using":"xpath","value":"//*[@id=\"application-managecatalogs-display-component---detailCatalog--assignRUSearchField-vhi\"]"}
COMMAND: POST /session/312b457e950016f7ac2dd5fe08468d8b/element/f.49633FD853CAE5E68BDC48EC70618E25.d.5A8C66F6DE2180CA0116961F1724C4D6.e.4894/click - {}
RESULT: {}
COMMAND: GET /session/312b457e950016f7ac2dd5fe08468d8b/screenshot - {}
RESULT: {}
COMMAND: POST /session/312b457e950016f7ac2dd5fe08468d8b/element - {"using":"xpath","value":"//input[contains(@id ,\"searchField-I\")]"}
RESULT: {"using":"xpath","value":"//input[contains(@id ,\"searchField-I\")]"}
COMMAND: POST /session/312b457e950016f7ac2dd5fe08468d8b/element/f.49633FD853CAE5E68BDC48EC70618E25.d.5A8C66F6DE2180CA0116961F1724C4D6.e.4898/clear - {}
RESULT: {}
COMMAND: POST /session/312b457e950016f7ac2dd5fe08468d8b/element/f.49633FD853CAE5E68BDC48EC70618E25.d.5A8C66F6DE2180CA0116961F1724C4D6.e.4898/value - {"text":"WdIOR2cEquiphe8e7j"}
COMMAND: GET /session/312b457e950016f7ac2dd5fe08468d8b/screenshot - {}
RESULT: {"text":"WdIOR2cEquiphe8e7j"}
COMMAND: GET /session/312b457e950016f7ac2dd5fe08468d8b/screenshot - {}
RESULT: {}
RESULT: {}
COMMAND: POST /session/312b457e950016f7ac2dd5fe08468d8b/actions - {"actions":[{"id":"action16","type":"key","parameters":{},"actions":[{"type":"keyDown","value":"î€‡"},{"type":"pause","duration":10},{"type":"keyUp","value":"î€‡"}]}]}
RESULT: {"actions":[{"id":"action16","type":"key","parameters":{},"actions":[{"type":"keyDown","value":"î€‡"},{"type":"pause","duration":10},{"type":"keyUp","value":"î€‡"}]}]}
COMMAND: GET /session/312b457e950016f7ac2dd5fe08468d8b/screenshot - {}
RESULT: {}
COMMAND: POST /session/312b457e950016f7ac2dd5fe08468d8b/actions - {"actions":[{"id":"action17","type":"key","parameters":{},"actions":[{"type":"keyDown","value":"î€„"},{"type":"pause","duration":10},{"type":"keyUp","value":"î€„"}]}]}
RESULT: {"actions":[{"id":"action17","type":"key","parameters":{},"actions":[{"type":"keyDown","value":"î€„"},{"type":"pause","duration":10},{"type":"keyUp","value":"î€„"}]}]}
COMMAND: GET /session/312b457e950016f7ac2dd5fe08468d8b/screenshot - {}
RESULT: {}
COMMAND: POST /session/312b457e950016f7ac2dd5fe08468d8b/actions - {"actions":[{"id":"action18","type":"key","parameters":{},"actions":[{"type":"keyDown","value":"î€‡"},{"type":"pause","duration":10},{"type":"keyUp","value":"î€‡"}]}]}
RESULT: {"actions":[{"id":"action18","type":"key","parameters":{},"actions":[{"type":"keyDown","value":"î€‡"},{"type":"pause","duration":10},{"type":"keyUp","value":"î€‡"}]}]}
COMMAND: GET /session/312b457e950016f7ac2dd5fe08468d8b/screenshot - {}
RESULT: {}
COMMAND: POST /session/312b457e950016f7ac2dd5fe08468d8b/element - {"using":"xpath","value":"//bdi[contains(@id ,\"application-managecatalogs-display-component---detailCatalog--RUAssignmentSaveButton-BDI-content\")]"}
RESULT: {"using":"xpath","value":"//bdi[contains(@id ,\"application-managecatalogs-display-component---detailCatalog--RUAssignmentSaveButton-BDI-content\")]"}
COMMAND: POST /session/312b457e950016f7ac2dd5fe08468d8b/element/f.49633FD853CAE5E68BDC48EC70618E25.d.5A8C66F6DE2180CA0116961F1724C4D6.e.4931/click - {}
RESULT: {}
COMMAND: GET /session/312b457e950016f7ac2dd5fe08468d8b/screenshot - {}
RESULT: {}
COMMAND: POST /session/312b457e950016f7ac2dd5fe08468d8b/element - {"using":"xpath","value":"//bdi[contains(@id ,\"application-managecatalogs-display-component---detailCatalog--ObjectPageLayout-anchBar-application-managecatalogs-display-component---detailCatalog--sectionRUs-anchor-BDI-content\")]"}
RESULT: {"using":"xpath","value":"//bdi[contains(@id ,\"application-managecatalogs-display-component---detailCatalog--ObjectPageLayout-anchBar-application-managecatalogs-display-component---detailCatalog--sectionRUs-anchor-BDI-content\")]"}
COMMAND: POST /session/312b457e950016f7ac2dd5fe08468d8b/element/f.49633FD853CAE5E68BDC48EC70618E25.d.5A8C66F6DE2180CA0116961F1724C4D6.e.4951/click - {}
RESULT: {}
COMMAND: GET /session/312b457e950016f7ac2dd5fe08468d8b/screenshot - {}
RESULT: {}
COMMAND: POST /session/312b457e950016f7ac2dd5fe08468d8b/element - {"using":"xpath","value":"//button[contains(@data-kt ,\"catalogItemAssignRuButton\")]"}
RESULT: {"using":"xpath","value":"//button[contains(@data-kt ,\"catalogItemAssignRuButton\")]"}
COMMAND: POST /session/312b457e950016f7ac2dd5fe08468d8b/element/f.49633FD853CAE5E68BDC48EC70618E25.d.5A8C66F6DE2180CA0116961F1724C4D6.e.4873/click - {}
RESULT: {}
COMMAND: GET /session/312b457e950016f7ac2dd5fe08468d8b/screenshot - {}
RESULT: {}
COMMAND: POST /session/312b457e950016f7ac2dd5fe08468d8b/actions - {"actions":[{"id":"action19","type":"key","parameters":{},"actions":[{"type":"keyDown","value":"î€‡"},{"type":"pause","duration":10},{"type":"keyUp","value":"î€‡"}]}]}
RESULT: {"actions":[{"id":"action19","type":"key","parameters":{},"actions":[{"type":"keyDown","value":"î€‡"},{"type":"pause","duration":10},{"type":"keyUp","value":"î€‡"}]}]}
RESULT: undefined
COMMAND: POST /session/312b457e950016f7ac2dd5fe08468d8b/element - {"using":"xpath","value":"//*[@id=\"application-managecatalogs-display-component---detailCatalog--assignRUSearchField-vhi\"]"}
COMMAND: GET /session/312b457e950016f7ac2dd5fe08468d8b/screenshot - {}
RESULT: {"using":"xpath","value":"//*[@id=\"application-managecatalogs-display-component---detailCatalog--assignRUSearchField-vhi\"]"}
COMMAND: POST /session/312b457e950016f7ac2dd5fe08468d8b/elements - {"using":"xpath","value":"//*[@id=\"application-managecatalogs-display-component---detailCatalog--assignRUSearchField-vhi\"]"}
RESULT: {}
RESULT: {"using":"xpath","value":"//*[@id=\"application-managecatalogs-display-component---detailCatalog--assignRUSearchField-vhi\"]"}
COMMAND: POST /session/312b457e950016f7ac2dd5fe08468d8b/element - {"using":"xpath","value":"//*[@id=\"application-managecatalogs-display-component---detailCatalog--assignRUSearchField-vhi\"]"}
RESULT: {"using":"xpath","value":"//*[@id=\"application-managecatalogs-display-component---detailCatalog--assignRUSearchField-vhi\"]"}
COMMAND: POST /session/312b457e950016f7ac2dd5fe08468d8b/element/f.49633FD853CAE5E68BDC48EC70618E25.d.5A8C66F6DE2180CA0116961F1724C4D6.e.4970/click - {}
RESULT: {}
COMMAND: POST /session/312b457e950016f7ac2dd5fe08468d8b/execute/async - {"script":"<script> [1562 bytes]","args":[{"selector":{"controlType":"sap.m.SearchField","viewName":"etm.portal.ui.managecatalogs.view.Detail","viewId":"application-managecatalogs-display-component---detailCatalog","searchOpenDialogs":true,"interaction":{"idSuffix":"I"}},"wdio_ui5_key":"etmportal.ui.managecatalogs.view.Detailsap.m.SearchField"}]}
COMMAND: GET /session/312b457e950016f7ac2dd5fe08468d8b/screenshot - {}
RESULT: {"script":"<script> [1562 bytes]","args":[{"selector":{"controlType":"sap.m.SearchField","viewName":"etm.portal.ui.managecatalogs.view.Detail","viewId":"application-managecatalogs-display-component---detailCatalog","searchOpenDialogs":true,"interaction":{"idSuffix":"I"}},"wdio_ui5_key":"etmportal.ui.managecatalogs.view.Detailsap.m.SearchField"}]}
RESULT: undefined
COMMAND: POST /session/312b457e950016f7ac2dd5fe08468d8b/execute/async - {"script":"<script> [776 bytes]","args":[{"enterText":"WebdriverRUR2Cogfu1","selector":{"controlType":"sap.m.SearchField","viewName":"etm.portal.ui.managecatalogs.view.Detail","viewId":"application-managecatalogs-display-component---detailCatalog","searchOpenDialogs":true,"interaction":{"idSuffix":"I"}},"clearTextFirst":true,"interactionType":"ENTER_TEXT"}]}
RESULT: {}
RESULT: {"script":"<script> [776 bytes]","args":[{"enterText":"WebdriverRUR2Cogfu1","selector":{"controlType":"sap.m.SearchField","viewName":"etm.portal.ui.managecatalogs.view.Detail","viewId":"application-managecatalogs-display-component---detailCatalog","searchOpenDialogs":true,"interaction":{"idSuffix":"I"}},"clearTextFirst":true,"interactionType":"ENTER_TEXT"}]}
COMMAND: POST /session/312b457e950016f7ac2dd5fe08468d8b/actions - {"actions":[{"id":"action20","type":"key","parameters":{},"actions":[{"type":"keyDown","value":"î€‡"},{"type":"pause","duration":10},{"type":"keyUp","value":"î€‡"}]}]}
RESULT: {"actions":[{"id":"action20","type":"key","parameters":{},"actions":[{"type":"keyDown","value":"î€‡"},{"type":"pause","duration":10},{"type":"keyUp","value":"î€‡"}]}]}
COMMAND: GET /session/312b457e950016f7ac2dd5fe08468d8b/screenshot - {}
RESULT: {}
COMMAND: POST /session/312b457e950016f7ac2dd5fe08468d8b/element - {"using":"xpath","value":"(//span[contains(text(), \"WebdriverRUR2Cogfu1\")])[1]"}
RESULT: {"using":"xpath","value":"(//span[contains(text(), \"WebdriverRUR2Cogfu1\")])[1]"}
COMMAND: POST /session/312b457e950016f7ac2dd5fe08468d8b/element/f.49633FD853CAE5E68BDC48EC70618E25.d.5A8C66F6DE2180CA0116961F1724C4D6.e.4990/click - {}
RESULT: {}
COMMAND: POST /session/312b457e950016f7ac2dd5fe08468d8b/execute/async - {"script":"<script> [1562 bytes]","args":[{"selector":{"id":"application-managecatalogs-display-component---detailCatalog--RUAssignmentSaveButton","searchOpenDialogs":true,"interaction":{"idSuffix":"BDI-content"}},"wdio_ui5_key":"applicationmanagecatalogs-display-component---detailCatalog--RUAssignmentSaveButton"}]}
COMMAND: GET /session/312b457e950016f7ac2dd5fe08468d8b/screenshot - {}
RESULT: {"script":"<script> [1562 bytes]","args":[{"selector":{"id":"application-managecatalogs-display-component---detailCatalog--RUAssignmentSaveButton","searchOpenDialogs":true,"interaction":{"idSuffix":"BDI-content"}},"wdio_ui5_key":"applicationmanagecatalogs-display-component---detailCatalog--RUAssignmentSaveButton"}]}
RESULT: undefined
COMMAND: POST /session/312b457e950016f7ac2dd5fe08468d8b/element - {"using":"xpath","value":"//*[@id=\"application-managecatalogs-display-component---detailCatalog--RUAssignmentSaveButton\"]"}
RESULT: {}
RESULT: {"using":"xpath","value":"//*[@id=\"application-managecatalogs-display-component---detailCatalog--RUAssignmentSaveButton\"]"}
COMMAND: POST /session/312b457e950016f7ac2dd5fe08468d8b/element/f.49633FD853CAE5E68BDC48EC70618E25.d.5A8C66F6DE2180CA0116961F1724C4D6.e.4993/click - {}
RESULT: {}
COMMAND: GET /session/312b457e950016f7ac2dd5fe08468d8b/screenshot - {}
RESULT: {}
COMMAND: POST /session/312b457e950016f7ac2dd5fe08468d8b/element - {"using":"xpath","value":"//bdi[contains(text(), \"Save\")]"}
RESULT: {"using":"xpath","value":"//bdi[contains(text(), \"Save\")]"}
COMMAND: POST /session/312b457e950016f7ac2dd5fe08468d8b/element/f.49633FD853CAE5E68BDC48EC70618E25.d.5A8C66F6DE2180CA0116961F1724C4D6.e.5005/click - {}
RESULT: {}
COMMAND: GET /session/312b457e950016f7ac2dd5fe08468d8b/screenshot - {}
RESULT: {}
COMMAND: POST /session/312b457e950016f7ac2dd5fe08468d8b/element - {"using":"css selector","value":"#shell-header-logo"}
RESULT: {"using":"css selector","value":"#shell-header-logo"}
COMMAND: POST /session/312b457e950016f7ac2dd5fe08468d8b/element/f.49633FD853CAE5E68BDC48EC70618E25.d.5A8C66F6DE2180CA0116961F1724C4D6.e.4664/click - {}
RESULT: {}
COMMAND: GET /session/312b457e950016f7ac2dd5fe08468d8b/screenshot - {}
RESULT: {}
]]></system-out>
    </testcase>
    <testcase classname="chrome.136_0_7103_49.windows.Standard_contract_-_add_contract_items_by_Insert_Request_US118222" name="Should create a new contract" time="92.157">
      <system-out><![CDATA[
COMMAND: POST /session/312b457e950016f7ac2dd5fe08468d8b/execute/async - {"script":"<script> [1562 bytes]","args":[{"selector":{"controlType":"sap.m.GenericTile","properties":{"header":"Manage Contracts"}},"wdio_ui5_key":"sapm.GenericTile{\"header\":\"Manage Contracts\"}"}]}
RESULT: {"script":"<script> [1562 bytes]","args":[{"selector":{"controlType":"sap.m.GenericTile","properties":{"header":"Manage Contracts"}},"wdio_ui5_key":"sapm.GenericTile{\"header\":\"Manage Contracts\"}"}]}
RESULT: undefined
COMMAND: POST /session/312b457e950016f7ac2dd5fe08468d8b/element - {"using":"xpath","value":"//*[@id=\"__tile130\"]"}
RESULT: {"using":"xpath","value":"//*[@id=\"__tile130\"]"}
COMMAND: POST /session/312b457e950016f7ac2dd5fe08468d8b/element/f.49633FD853CAE5E68BDC48EC70618E25.d.5A8C66F6DE2180CA0116961F1724C4D6.e.5036/click - {}
RESULT: {}
COMMAND: GET /session/312b457e950016f7ac2dd5fe08468d8b/screenshot - {}
RESULT: {}
COMMAND: POST /session/312b457e950016f7ac2dd5fe08468d8b/elements - {"using":"xpath","value":"//span[text()='Error']"}
RESULT: {"using":"xpath","value":"//span[text()='Error']"}
COMMAND: POST /session/312b457e950016f7ac2dd5fe08468d8b/element - {"using":"xpath","value":"//button[@data-kt=\"addButton\"]"}
RESULT: {"using":"xpath","value":"//button[@data-kt=\"addButton\"]"}
COMMAND: POST /session/312b457e950016f7ac2dd5fe08468d8b/element/f.49633FD853CAE5E68BDC48EC70618E25.d.5A8C66F6DE2180CA0116961F1724C4D6.e.5088/click - {}
RESULT: {}
COMMAND: GET /session/312b457e950016f7ac2dd5fe08468d8b/screenshot - {}
RESULT: {}
COMMAND: POST /session/312b457e950016f7ac2dd5fe08468d8b/execute/async - {"script":"<script> [1562 bytes]","args":[{"selector":{"id":"application-managecontracts-display-component---AddNewContract--projectDescription","interaction":{"idSuffix":"inner"}},"wdio_ui5_key":"applicationmanagecontracts-display-component---AddNewContract--projectDescription"}]}
RESULT: {"script":"<script> [1562 bytes]","args":[{"selector":{"id":"application-managecontracts-display-component---AddNewContract--projectDescription","interaction":{"idSuffix":"inner"}},"wdio_ui5_key":"applicationmanagecontracts-display-component---AddNewContract--projectDescription"}]}
RESULT: undefined
COMMAND: POST /session/312b457e950016f7ac2dd5fe08468d8b/execute/async - {"script":"<script> [776 bytes]","args":[{"enterText":"WdIOR2cwigqh","selector":{"id":"application-managecontracts-display-component---AddNewContract--projectDescription","interaction":{"idSuffix":"inner"}},"clearTextFirst":true,"interactionType":"ENTER_TEXT"}]}
RESULT: {"script":"<script> [776 bytes]","args":[{"enterText":"WdIOR2cwigqh","selector":{"id":"application-managecontracts-display-component---AddNewContract--projectDescription","interaction":{"idSuffix":"inner"}},"clearTextFirst":true,"interactionType":"ENTER_TEXT"}]}
COMMAND: POST /session/312b457e950016f7ac2dd5fe08468d8b/element - {"using":"xpath","value":"//input[@id=\"application-managecontracts-display-component---AddNewContract--yardId-inner\"]"}
RESULT: {"using":"xpath","value":"//input[@id=\"application-managecontracts-display-component---AddNewContract--yardId-inner\"]"}
COMMAND: POST /session/312b457e950016f7ac2dd5fe08468d8b/element/f.49633FD853CAE5E68BDC48EC70618E25.d.5A8C66F6DE2180CA0116961F1724C4D6.e.5392/clear - {}
RESULT: {}
COMMAND: POST /session/312b457e950016f7ac2dd5fe08468d8b/element/f.49633FD853CAE5E68BDC48EC70618E25.d.5A8C66F6DE2180CA0116961F1724C4D6.e.5392/value - {"text":"WebdriverYard8myzr"}
COMMAND: GET /session/312b457e950016f7ac2dd5fe08468d8b/screenshot - {}
RESULT: {"text":"WebdriverYard8myzr"}
COMMAND: GET /session/312b457e950016f7ac2dd5fe08468d8b/screenshot - {}
RESULT: {}
RESULT: {}
COMMAND: POST /session/312b457e950016f7ac2dd5fe08468d8b/actions - {"actions":[{"id":"action21","type":"key","parameters":{},"actions":[{"type":"keyDown","value":"î€‡"},{"type":"pause","duration":10},{"type":"keyUp","value":"î€‡"}]}]}
RESULT: {"actions":[{"id":"action21","type":"key","parameters":{},"actions":[{"type":"keyDown","value":"î€‡"},{"type":"pause","duration":10},{"type":"keyUp","value":"î€‡"}]}]}
COMMAND: GET /session/312b457e950016f7ac2dd5fe08468d8b/screenshot - {}
RESULT: {}
COMMAND: POST /session/312b457e950016f7ac2dd5fe08468d8b/element - {"using":"xpath","value":"//input[@id=\"application-managecontracts-display-component---AddNewContract--customerSelect-inner\"]"}
RESULT: {"using":"xpath","value":"//input[@id=\"application-managecontracts-display-component---AddNewContract--customerSelect-inner\"]"}
COMMAND: POST /session/312b457e950016f7ac2dd5fe08468d8b/element/f.49633FD853CAE5E68BDC48EC70618E25.d.5A8C66F6DE2180CA0116961F1724C4D6.e.5390/clear - {}
RESULT: {}
COMMAND: POST /session/312b457e950016f7ac2dd5fe08468d8b/element/f.49633FD853CAE5E68BDC48EC70618E25.d.5A8C66F6DE2180CA0116961F1724C4D6.e.5390/value - {"text":"WebdriverPartnerld92m"}
COMMAND: GET /session/312b457e950016f7ac2dd5fe08468d8b/screenshot - {}
RESULT: {"text":"WebdriverPartnerld92m"}
COMMAND: GET /session/312b457e950016f7ac2dd5fe08468d8b/screenshot - {}
RESULT: {}
RESULT: {}
COMMAND: POST /session/312b457e950016f7ac2dd5fe08468d8b/actions - {"actions":[{"id":"action22","type":"key","parameters":{},"actions":[{"type":"keyDown","value":"î€‡"},{"type":"pause","duration":10},{"type":"keyUp","value":"î€‡"}]}]}
RESULT: {"actions":[{"id":"action22","type":"key","parameters":{},"actions":[{"type":"keyDown","value":"î€‡"},{"type":"pause","duration":10},{"type":"keyUp","value":"î€‡"}]}]}
COMMAND: GET /session/312b457e950016f7ac2dd5fe08468d8b/screenshot - {}
RESULT: {}
COMMAND: POST /session/312b457e950016f7ac2dd5fe08468d8b/element - {"using":"xpath","value":"//input[@id=\"application-managecontracts-display-component---AddNewContract--site-inner\"]"}
RESULT: {"using":"xpath","value":"//input[@id=\"application-managecontracts-display-component---AddNewContract--site-inner\"]"}
COMMAND: POST /session/312b457e950016f7ac2dd5fe08468d8b/element/f.49633FD853CAE5E68BDC48EC70618E25.d.5A8C66F6DE2180CA0116961F1724C4D6.e.5391/clear - {}
RESULT: {}
COMMAND: POST /session/312b457e950016f7ac2dd5fe08468d8b/element/f.49633FD853CAE5E68BDC48EC70618E25.d.5A8C66F6DE2180CA0116961F1724C4D6.e.5391/value - {"text":"WebdriverSitezblod"}
COMMAND: GET /session/312b457e950016f7ac2dd5fe08468d8b/screenshot - {}
RESULT: {"text":"WebdriverSitezblod"}
COMMAND: GET /session/312b457e950016f7ac2dd5fe08468d8b/screenshot - {}
RESULT: {}
RESULT: {}
COMMAND: POST /session/312b457e950016f7ac2dd5fe08468d8b/actions - {"actions":[{"id":"action23","type":"key","parameters":{},"actions":[{"type":"keyDown","value":"î€‡"},{"type":"pause","duration":10},{"type":"keyUp","value":"î€‡"}]}]}
RESULT: {"actions":[{"id":"action23","type":"key","parameters":{},"actions":[{"type":"keyDown","value":"î€‡"},{"type":"pause","duration":10},{"type":"keyUp","value":"î€‡"}]}]}
COMMAND: GET /session/312b457e950016f7ac2dd5fe08468d8b/screenshot - {}
RESULT: {}
COMMAND: POST /session/312b457e950016f7ac2dd5fe08468d8b/element - {"using":"xpath","value":"//button[@data-kt=\"saveButton\"]"}
RESULT: {"using":"xpath","value":"//button[@data-kt=\"saveButton\"]"}
COMMAND: POST /session/312b457e950016f7ac2dd5fe08468d8b/element/f.49633FD853CAE5E68BDC48EC70618E25.d.5A8C66F6DE2180CA0116961F1724C4D6.e.5425/click - {}
RESULT: {}
COMMAND: GET /session/312b457e950016f7ac2dd5fe08468d8b/screenshot - {}
RESULT: {}
COMMAND: POST /session/312b457e950016f7ac2dd5fe08468d8b/execute/async - {"script":"<script> [1562 bytes]","args":[{"selector":{"id":"contractDetailTitleNoExpanded","viewName":"etm.portal.ui.managecontracts.view.Detail"},"wdio_ui5_key":"contractDetailTitleNoExpandedetmportal.ui.managecontracts.view.Detail"}]}
RESULT: {"script":"<script> [1562 bytes]","args":[{"selector":{"id":"contractDetailTitleNoExpanded","viewName":"etm.portal.ui.managecontracts.view.Detail"},"wdio_ui5_key":"contractDetailTitleNoExpandedetmportal.ui.managecontracts.view.Detail"}]}
RESULT: undefined
COMMAND: POST /session/312b457e950016f7ac2dd5fe08468d8b/execute/async - {"script":"<script> [6424 bytes]","args":[{"element-6066-11e4-a52e-4f735466cecf":"f.49633FD853CAE5E68BDC48EC70618E25.d.5A8C66F6DE2180CA0116961F1724C4D6.e.5498"},"getText",[]]}
RESULT: {"script":"<script> [6424 bytes]","args":[{"element-6066-11e4-a52e-4f735466cecf":"f.49633FD853CAE5E68BDC48EC70618E25.d.5A8C66F6DE2180CA0116961F1724C4D6.e.5498"},"getText",[]]}
]]></system-out>
    </testcase>
    <testcase classname="chrome.136_0_7103_49.windows.Standard_contract_-_add_contract_items_by_Insert_Request_US118222" name="Should create a new request and plan it" time="180.602">
      <system-out><![CDATA[
COMMAND: POST /session/312b457e950016f7ac2dd5fe08468d8b/element - {"using":"css selector","value":"#shell-header-logo"}
RESULT: {"using":"css selector","value":"#shell-header-logo"}
COMMAND: POST /session/312b457e950016f7ac2dd5fe08468d8b/element/f.49633FD853CAE5E68BDC48EC70618E25.d.5A8C66F6DE2180CA0116961F1724C4D6.e.5039/click - {}
RESULT: {}
COMMAND: GET /session/312b457e950016f7ac2dd5fe08468d8b/screenshot - {}
RESULT: {}
COMMAND: POST /session/312b457e950016f7ac2dd5fe08468d8b/execute/async - {"script":"<script> [1562 bytes]","args":[{"selector":{"controlType":"sap.m.GenericTile","properties":{"header":"Manage Requests"}},"wdio_ui5_key":"sapm.GenericTile{\"header\":\"Manage Requests\"}"}]}
RESULT: {"script":"<script> [1562 bytes]","args":[{"selector":{"controlType":"sap.m.GenericTile","properties":{"header":"Manage Requests"}},"wdio_ui5_key":"sapm.GenericTile{\"header\":\"Manage Requests\"}"}]}
RESULT: undefined
COMMAND: POST /session/312b457e950016f7ac2dd5fe08468d8b/element - {"using":"xpath","value":"//*[@id=\"__tile47\"]"}
RESULT: {"using":"xpath","value":"//*[@id=\"__tile47\"]"}
COMMAND: POST /session/312b457e950016f7ac2dd5fe08468d8b/element/f.49633FD853CAE5E68BDC48EC70618E25.d.5A8C66F6DE2180CA0116961F1724C4D6.e.5501/click - {}
RESULT: {}
COMMAND: GET /session/312b457e950016f7ac2dd5fe08468d8b/screenshot - {}
RESULT: {}
COMMAND: POST /session/312b457e950016f7ac2dd5fe08468d8b/elements - {"using":"xpath","value":"//span[text()='Error']"}
RESULT: {"using":"xpath","value":"//span[text()='Error']"}
COMMAND: POST /session/312b457e950016f7ac2dd5fe08468d8b/element - {"using":"xpath","value":"//button[contains(@data-kt ,\"btnCreateNewOverflowToolbarButton\")]"}
COMMAND: POST /session/312b457e950016f7ac2dd5fe08468d8b/element - {"using":"xpath","value":"(//span[contains(@class ,\"sapMObjStatusText\")])[1]"}
RESULT: {"using":"xpath","value":"//button[contains(@data-kt ,\"btnCreateNewOverflowToolbarButton\")]"}
COMMAND: POST /session/312b457e950016f7ac2dd5fe08468d8b/element/f.49633FD853CAE5E68BDC48EC70618E25.d.5A8C66F6DE2180CA0116961F1724C4D6.e.5574/click - {}
RESULT: {"using":"xpath","value":"(//span[contains(@class ,\"sapMObjStatusText\")])[1]"}
COMMAND: POST /session/312b457e950016f7ac2dd5fe08468d8b/execute/sync - {"script":"<script> [8489 bytes]","args":[{"element-6066-11e4-a52e-4f735466cecf":"f.49633FD853CAE5E68BDC48EC70618E25.d.5A8C66F6DE2180CA0116961F1724C4D6.e.5592","ELEMENT":"f.49633FD853CAE5E68BDC48EC70618E25.d.5A8C66F6DE2180CA0116961F1724C4D6.e.5592"}]}
RESULT: {}
COMMAND: GET /session/312b457e950016f7ac2dd5fe08468d8b/screenshot - {}
RESULT: {"script":"<script> [8489 bytes]","args":[{"element-6066-11e4-a52e-4f735466cecf":"f.49633FD853CAE5E68BDC48EC70618E25.d.5A8C66F6DE2180CA0116961F1724C4D6.e.5592","ELEMENT":"f.49633FD853CAE5E68BDC48EC70618E25.d.5A8C66F6DE2180CA0116961F1724C4D6.e.5592"}]}
COMMAND: GET /session/312b457e950016f7ac2dd5fe08468d8b/screenshot - {}
RESULT: {}
RESULT: {}
COMMAND: POST /session/312b457e950016f7ac2dd5fe08468d8b/element - {"using":"xpath","value":"//input[contains(@id ,\"yardId-inner\")]"}
RESULT: {"using":"xpath","value":"//input[contains(@id ,\"yardId-inner\")]"}
COMMAND: POST /session/312b457e950016f7ac2dd5fe08468d8b/execute/sync - {"script":"<script> [8489 bytes]","args":[{"element-6066-11e4-a52e-4f735466cecf":"f.49633FD853CAE5E68BDC48EC70618E25.d.5A8C66F6DE2180CA0116961F1724C4D6.e.5676","ELEMENT":"f.49633FD853CAE5E68BDC48EC70618E25.d.5A8C66F6DE2180CA0116961F1724C4D6.e.5676"}]}
RESULT: {"script":"<script> [8489 bytes]","args":[{"element-6066-11e4-a52e-4f735466cecf":"f.49633FD853CAE5E68BDC48EC70618E25.d.5A8C66F6DE2180CA0116961F1724C4D6.e.5676","ELEMENT":"f.49633FD853CAE5E68BDC48EC70618E25.d.5A8C66F6DE2180CA0116961F1724C4D6.e.5676"}]}
COMMAND: POST /session/312b457e950016f7ac2dd5fe08468d8b/element - {"using":"xpath","value":"//input[contains(@id ,\"requestContractNo-inner\")]"}
COMMAND: POST /session/312b457e950016f7ac2dd5fe08468d8b/element - {"using":"xpath","value":"//input[contains(@id ,\"requestContractNo-inner\")]"}
COMMAND: GET /session/312b457e950016f7ac2dd5fe08468d8b/screenshot - {}
RESULT: {"using":"xpath","value":"//input[contains(@id ,\"requestContractNo-inner\")]"}
COMMAND: GET /session/312b457e950016f7ac2dd5fe08468d8b/element/f.49633FD853CAE5E68BDC48EC70618E25.d.5A8C66F6DE2180CA0116961F1724C4D6.e.5673/enabled - {}
RESULT: {"using":"xpath","value":"//input[contains(@id ,\"requestContractNo-inner\")]"}
COMMAND: POST /session/312b457e950016f7ac2dd5fe08468d8b/element/f.49633FD853CAE5E68BDC48EC70618E25.d.5A8C66F6DE2180CA0116961F1724C4D6.e.5673/value - {"text":"10228"}
RESULT: {}
RESULT: {}
COMMAND: GET /session/312b457e950016f7ac2dd5fe08468d8b/screenshot - {}
RESULT: {"text":"10228"}
COMMAND: GET /session/312b457e950016f7ac2dd5fe08468d8b/screenshot - {}
RESULT: {}
RESULT: {}
COMMAND: POST /session/312b457e950016f7ac2dd5fe08468d8b/actions - {"actions":[{"id":"action24","type":"key","parameters":{},"actions":[{"type":"keyDown","value":"î€‡"},{"type":"pause","duration":10},{"type":"keyUp","value":"î€‡"}]}]}
RESULT: {"actions":[{"id":"action24","type":"key","parameters":{},"actions":[{"type":"keyDown","value":"î€‡"},{"type":"pause","duration":10},{"type":"keyUp","value":"î€‡"}]}]}
COMMAND: GET /session/312b457e950016f7ac2dd5fe08468d8b/screenshot - {}
RESULT: {}
COMMAND: POST /session/312b457e950016f7ac2dd5fe08468d8b/execute/async - {"script":"<script> [1562 bytes]","args":[{"selector":{"controlType":"sap.ui.core.Icon","viewName":"etm.portal.ui.managerequests.view.NewRequest","properties":{"src":{"regex":{"source":"add"}}}},"wdio_ui5_key":"etmportal.ui.managerequests.view.NewRequestsap.ui.core.Icon{\"src\":{\"regex\":{\"source\":\"add\"}}}"}]}
RESULT: {"script":"<script> [1562 bytes]","args":[{"selector":{"controlType":"sap.ui.core.Icon","viewName":"etm.portal.ui.managerequests.view.NewRequest","properties":{"src":{"regex":{"source":"add"}}}},"wdio_ui5_key":"etmportal.ui.managerequests.view.NewRequestsap.ui.core.Icon{\"src\":{\"regex\":{\"source\":\"add\"}}}"}]}
RESULT: undefined
COMMAND: POST /session/312b457e950016f7ac2dd5fe08468d8b/element - {"using":"xpath","value":"//*[@id=\"__xmlview61--btnAddTableRow-img\"]"}
RESULT: {"using":"xpath","value":"//*[@id=\"__xmlview61--btnAddTableRow-img\"]"}
COMMAND: POST /session/312b457e950016f7ac2dd5fe08468d8b/element/f.49633FD853CAE5E68BDC48EC70618E25.d.5A8C66F6DE2180CA0116961F1724C4D6.e.5870/click - {}
RESULT: {}
COMMAND: GET /session/312b457e950016f7ac2dd5fe08468d8b/screenshot - {}
RESULT: {}
COMMAND: POST /session/312b457e950016f7ac2dd5fe08468d8b/execute/async - {"script":"<script> [1562 bytes]","args":[{"selector":{"controlType":"sap.ui.unified.MenuItem","viewName":"etm.portal.ui.managerequests.view.NewRequest","i18NText":{"propertyName":"text","key":"standardEntry"},"searchOpenDialogs":true,"interaction":{"idSuffix":"txt"}},"wdio_ui5_key":"etmportal.ui.managerequests.view.NewRequestsap.ui.unified.MenuItem{\"propertyName\":\"text\",\"key\":\"standardEntry\"}"}]}
RESULT: {"script":"<script> [1562 bytes]","args":[{"selector":{"controlType":"sap.ui.unified.MenuItem","viewName":"etm.portal.ui.managerequests.view.NewRequest","i18NText":{"propertyName":"text","key":"standardEntry"},"searchOpenDialogs":true,"interaction":{"idSuffix":"txt"}},"wdio_ui5_key":"etmportal.ui.managerequests.view.NewRequestsap.ui.unified.MenuItem{\"propertyName\":\"text\",\"key\":\"standardEntry\"}"}]}
RESULT: undefined
COMMAND: POST /session/312b457e950016f7ac2dd5fe08468d8b/element - {"using":"xpath","value":"//*[@id=\"__item1427\"]"}
RESULT: {"using":"xpath","value":"//*[@id=\"__item1427\"]"}
COMMAND: POST /session/312b457e950016f7ac2dd5fe08468d8b/element/f.49633FD853CAE5E68BDC48EC70618E25.d.5A8C66F6DE2180CA0116961F1724C4D6.e.5874/click - {}
RESULT: {}
COMMAND: GET /session/312b457e950016f7ac2dd5fe08468d8b/screenshot - {}
RESULT: {}
RESULT: undefined
COMMAND: POST /session/312b457e950016f7ac2dd5fe08468d8b/element - {"using":"xpath","value":"//*[@id=\"__xmlview61--btnAddTableRow-img\"]"}
RESULT: {"using":"xpath","value":"//*[@id=\"__xmlview61--btnAddTableRow-img\"]"}
COMMAND: POST /session/312b457e950016f7ac2dd5fe08468d8b/element/f.49633FD853CAE5E68BDC48EC70618E25.d.5A8C66F6DE2180CA0116961F1724C4D6.e.5870/click - {}
RESULT: {}
COMMAND: GET /session/312b457e950016f7ac2dd5fe08468d8b/screenshot - {}
RESULT: {}
RESULT: undefined
COMMAND: POST /session/312b457e950016f7ac2dd5fe08468d8b/element - {"using":"xpath","value":"//*[@id=\"__item1427\"]"}
RESULT: {"using":"xpath","value":"//*[@id=\"__item1427\"]"}
COMMAND: POST /session/312b457e950016f7ac2dd5fe08468d8b/element/f.49633FD853CAE5E68BDC48EC70618E25.d.5A8C66F6DE2180CA0116961F1724C4D6.e.5886/click - {}
RESULT: {}
COMMAND: GET /session/312b457e950016f7ac2dd5fe08468d8b/screenshot - {}
RESULT: {}
COMMAND: POST /session/312b457e950016f7ac2dd5fe08468d8b/element - {"using":"xpath","value":"(//input[contains(@id ,\"requestItemsTable-0-inner\")])[1]"}
RESULT: {"using":"xpath","value":"(//input[contains(@id ,\"requestItemsTable-0-inner\")])[1]"}
COMMAND: POST /session/312b457e950016f7ac2dd5fe08468d8b/element/f.49633FD853CAE5E68BDC48EC70618E25.d.5A8C66F6DE2180CA0116961F1724C4D6.e.5876/clear - {}
RESULT: {}
COMMAND: POST /session/312b457e950016f7ac2dd5fe08468d8b/element/f.49633FD853CAE5E68BDC48EC70618E25.d.5A8C66F6DE2180CA0116961F1724C4D6.e.5876/value - {"text":"catalogItemsl43g"}
COMMAND: GET /session/312b457e950016f7ac2dd5fe08468d8b/screenshot - {}
RESULT: {"text":"catalogItemsl43g"}
COMMAND: GET /session/312b457e950016f7ac2dd5fe08468d8b/screenshot - {}
RESULT: {}
RESULT: {}
COMMAND: POST /session/312b457e950016f7ac2dd5fe08468d8b/actions - {"actions":[{"id":"action25","type":"key","parameters":{},"actions":[{"type":"keyDown","value":"î€‡"},{"type":"pause","duration":10},{"type":"keyUp","value":"î€‡"}]}]}
RESULT: {"actions":[{"id":"action25","type":"key","parameters":{},"actions":[{"type":"keyDown","value":"î€‡"},{"type":"pause","duration":10},{"type":"keyUp","value":"î€‡"}]}]}
COMMAND: POST /session/312b457e950016f7ac2dd5fe08468d8b/element - {"using":"xpath","value":"(//input[contains(@id ,\"requestItemsTable-1-inner\")])[1]"}
COMMAND: GET /session/312b457e950016f7ac2dd5fe08468d8b/screenshot - {}
RESULT: {"using":"xpath","value":"(//input[contains(@id ,\"requestItemsTable-1-inner\")])[1]"}
COMMAND: POST /session/312b457e950016f7ac2dd5fe08468d8b/element/f.49633FD853CAE5E68BDC48EC70618E25.d.5A8C66F6DE2180CA0116961F1724C4D6.e.5888/clear - {}
RESULT: {}
RESULT: {}
COMMAND: POST /session/312b457e950016f7ac2dd5fe08468d8b/element/f.49633FD853CAE5E68BDC48EC70618E25.d.5A8C66F6DE2180CA0116961F1724C4D6.e.5888/value - {"text":"catalogItemsl43g"}
COMMAND: GET /session/312b457e950016f7ac2dd5fe08468d8b/screenshot - {}
RESULT: {"text":"catalogItemsl43g"}
COMMAND: GET /session/312b457e950016f7ac2dd5fe08468d8b/screenshot - {}
RESULT: {}
RESULT: {}
COMMAND: POST /session/312b457e950016f7ac2dd5fe08468d8b/actions - {"actions":[{"id":"action26","type":"key","parameters":{},"actions":[{"type":"keyDown","value":"î€‡"},{"type":"pause","duration":10},{"type":"keyUp","value":"î€‡"}]}]}
RESULT: {"actions":[{"id":"action26","type":"key","parameters":{},"actions":[{"type":"keyDown","value":"î€‡"},{"type":"pause","duration":10},{"type":"keyUp","value":"î€‡"}]}]}
COMMAND: GET /session/312b457e950016f7ac2dd5fe08468d8b/screenshot - {}
RESULT: {}
COMMAND: POST /session/312b457e950016f7ac2dd5fe08468d8b/execute/async - {"script":"<script> [1562 bytes]","args":[{"selector":{"controlType":"sap.ui.core.Icon","viewName":"etm.portal.ui.managerequests.view.NewRequest","properties":{"src":{"regex":{"source":"slim\\-arrow\\-down"}}},"ancestor":{"controlType":"sap.m.Button","viewName":"etm.portal.ui.managerequests.view.NewRequest","properties":{"icon":"sap-icon://slim-arrow-down"}}},"wdio_ui5_key":"etmportal.ui.managerequests.view.NewRequestsap.ui.core.Icon{\"src\":{\"regex\":{\"source\":\"slim\\\\-arrow\\\\-down\"}}}{\"controlType\":\"sap.m.Button\",\"viewName\":\"etm.portal.ui.managerequests.view.NewRequest\",\"properties\":{\"icon\":\"sap-icon://slim-arrow-down\"}}"}]}
RESULT: {"script":"<script> [1562 bytes]","args":[{"selector":{"controlType":"sap.ui.core.Icon","viewName":"etm.portal.ui.managerequests.view.NewRequest","properties":{"src":{"regex":{"source":"slim\\-arrow\\-down"}}},"ancestor":{"controlType":"sap.m.Button","viewName":"etm.portal.ui.managerequests.view.NewRequest","properties":{"icon":"sap-icon://slim-arrow-down"}}},"wdio_ui5_key":"etmportal.ui.managerequests.view.NewRequestsap.ui.core.Icon{\"src\":{\"regex\":{\"source\":\"slim\\\\-arrow\\\\-down\"}}}{\"controlType\":\"sap.m.Button\",\"viewName\":\"etm.portal.ui.managerequests.view.NewRequest\",\"properties\":{\"icon\":\"sap-icon://slim-arrow-down\"}}"}]}
RESULT: undefined
COMMAND: POST /session/312b457e950016f7ac2dd5fe08468d8b/element - {"using":"xpath","value":"//*[@id=\"__title45-expandBtn-img\"]"}
RESULT: {"using":"xpath","value":"//*[@id=\"__title45-expandBtn-img\"]"}
COMMAND: POST /session/312b457e950016f7ac2dd5fe08468d8b/element/f.49633FD853CAE5E68BDC48EC70618E25.d.5A8C66F6DE2180CA0116961F1724C4D6.e.5909/click - {}
RESULT: {}
COMMAND: POST /session/312b457e950016f7ac2dd5fe08468d8b/element - {"using":"xpath","value":"//div[contains(@data-kt ,\"splitAllocationObjectStatus\")]"}
COMMAND: GET /session/312b457e950016f7ac2dd5fe08468d8b/screenshot - {}
RESULT: {"using":"xpath","value":"//div[contains(@data-kt ,\"splitAllocationObjectStatus\")]"}
COMMAND: POST /session/312b457e950016f7ac2dd5fe08468d8b/elements - {"using":"xpath","value":"//div[contains(@data-kt ,\"splitAllocationObjectStatus\")]"}
RESULT: {}
RESULT: {"using":"xpath","value":"//div[contains(@data-kt ,\"splitAllocationObjectStatus\")]"}
COMMAND: POST /session/312b457e950016f7ac2dd5fe08468d8b/execute/async - {"script":"<script> [1562 bytes]","args":[{"selector":{"controlType":"sap.ui.core.Icon","viewName":"etm.portal.ui.managerequests.view.NewRequest","properties":{"src":{"regex":{"source":"message\\-error"}}},"ancestor":{"controlType":"sap.m.ColumnListItem","viewName":"etm.portal.ui.managerequests.view.NewRequest","bindingPath":{"modelName":"newRequestItems","path":"/RequestItems/0"},"ancestor":{"id":"requestItemsTable","viewName":"etm.portal.ui.managerequests.view.NewRequest"}}},"wdio_ui5_key":"etmportal.ui.managerequests.view.NewRequestsap.ui.core.Icon{\"src\":{\"regex\":{\"source\":\"message\\\\-error\"}}}{\"controlType\":\"sap.m.ColumnListItem\",\"viewName\":\"etm.portal.ui.managerequests.view.NewRequest\",\"bindingPath\":{\"modelName\":\"newRequestItems\",\"path\":\"/RequestItems/0\"},\"ancestor\":{\"id\":\"requestItemsTable\",\"viewName\":\"etm.portal.ui.managerequests.view.NewRequest\"}}"}]}
RESULT: {"script":"<script> [1562 bytes]","args":[{"selector":{"controlType":"sap.ui.core.Icon","viewName":"etm.portal.ui.managerequests.view.NewRequest","properties":{"src":{"regex":{"source":"message\\-error"}}},"ancestor":{"controlType":"sap.m.ColumnListItem","viewName":"etm.portal.ui.managerequests.view.NewRequest","bindingPath":{"modelName":"newRequestItems","path":"/RequestItems/0"},"ancestor":{"id":"requestItemsTable","viewName":"etm.portal.ui.managerequests.view.NewRequest"}}},"wdio_ui5_key":"etmportal.ui.managerequests.view.NewRequestsap.ui.core.Icon{\"src\":{\"regex\":{\"source\":\"message\\\\-error\"}}}{\"controlType\":\"sap.m.ColumnListItem\",\"viewName\":\"etm.portal.ui.managerequests.view.NewRequest\",\"bindingPath\":{\"modelName\":\"newRequestItems\",\"path\":\"/RequestItems/0\"},\"ancestor\":{\"id\":\"requestItemsTable\",\"viewName\":\"etm.portal.ui.managerequests.view.NewRequest\"}}"}]}
RESULT: undefined
COMMAND: POST /session/312b457e950016f7ac2dd5fe08468d8b/element - {"using":"xpath","value":"//*[@id=\"__status15-__xmlview61--requestItemsTable-0-icon\"]"}
RESULT: {"using":"xpath","value":"//*[@id=\"__status15-__xmlview61--requestItemsTable-0-icon\"]"}
COMMAND: POST /session/312b457e950016f7ac2dd5fe08468d8b/element/f.49633FD853CAE5E68BDC48EC70618E25.d.5A8C66F6DE2180CA0116961F1724C4D6.e.5915/click - {}
RESULT: {}
COMMAND: GET /session/312b457e950016f7ac2dd5fe08468d8b/screenshot - {}
RESULT: {}
COMMAND: POST /session/312b457e950016f7ac2dd5fe08468d8b/execute/async - {"script":"<script> [1562 bytes]","args":[{"selector":{"id":"costObjectAdminTypeComboBox","viewName":"etm.portal.ui.managerequests.view.NewRequest","searchOpenDialogs":true,"interaction":{"idSuffix":"inner"}},"wdio_ui5_key":"costObjectAdminTypeComboBoxetmportal.ui.managerequests.view.NewRequest"}]}
RESULT: {"script":"<script> [1562 bytes]","args":[{"selector":{"id":"costObjectAdminTypeComboBox","viewName":"etm.portal.ui.managerequests.view.NewRequest","searchOpenDialogs":true,"interaction":{"idSuffix":"inner"}},"wdio_ui5_key":"costObjectAdminTypeComboBoxetmportal.ui.managerequests.view.NewRequest"}]}
RESULT: undefined
COMMAND: POST /session/312b457e950016f7ac2dd5fe08468d8b/execute/async - {"script":"<script> [776 bytes]","args":[{"enterText":"Cost Center","selector":{"id":"costObjectAdminTypeComboBox","viewName":"etm.portal.ui.managerequests.view.NewRequest","searchOpenDialogs":true,"interaction":{"idSuffix":"inner"}},"clearTextFirst":true,"interactionType":"ENTER_TEXT"}]}
RESULT: {"script":"<script> [776 bytes]","args":[{"enterText":"Cost Center","selector":{"id":"costObjectAdminTypeComboBox","viewName":"etm.portal.ui.managerequests.view.NewRequest","searchOpenDialogs":true,"interaction":{"idSuffix":"inner"}},"clearTextFirst":true,"interactionType":"ENTER_TEXT"}]}
COMMAND: POST /session/312b457e950016f7ac2dd5fe08468d8b/actions - {"actions":[{"id":"action27","type":"key","parameters":{},"actions":[{"type":"keyDown","value":"î€‡"},{"type":"pause","duration":10},{"type":"keyUp","value":"î€‡"}]}]}
RESULT: {"actions":[{"id":"action27","type":"key","parameters":{},"actions":[{"type":"keyDown","value":"î€‡"},{"type":"pause","duration":10},{"type":"keyUp","value":"î€‡"}]}]}
COMMAND: GET /session/312b457e950016f7ac2dd5fe08468d8b/screenshot - {}
RESULT: {}
COMMAND: POST /session/312b457e950016f7ac2dd5fe08468d8b/execute/async - {"script":"<script> [1562 bytes]","args":[{"selector":{"controlType":"sap.ui.core.Icon","viewName":"etm.portal.ui.managerequests.view.NewRequest","properties":{"src":{"regex":{"source":"value\\-help"}}},"searchOpenDialogs":true},"wdio_ui5_key":"etmportal.ui.managerequests.view.NewRequestsap.ui.core.Icon{\"src\":{\"regex\":{\"source\":\"value\\\\-help\"}}}"}]}
RESULT: {"script":"<script> [1562 bytes]","args":[{"selector":{"controlType":"sap.ui.core.Icon","viewName":"etm.portal.ui.managerequests.view.NewRequest","properties":{"src":{"regex":{"source":"value\\-help"}}},"searchOpenDialogs":true},"wdio_ui5_key":"etmportal.ui.managerequests.view.NewRequestsap.ui.core.Icon{\"src\":{\"regex\":{\"source\":\"value\\\\-help\"}}}"}]}
RESULT: undefined
COMMAND: POST /session/312b457e950016f7ac2dd5fe08468d8b/element - {"using":"xpath","value":"//*[@id=\"__xmlview61--costObjectIdComboBox-vhi\"]"}
RESULT: {"using":"xpath","value":"//*[@id=\"__xmlview61--costObjectIdComboBox-vhi\"]"}
COMMAND: POST /session/312b457e950016f7ac2dd5fe08468d8b/element/f.49633FD853CAE5E68BDC48EC70618E25.d.5A8C66F6DE2180CA0116961F1724C4D6.e.5927/click - {}
RESULT: {}
COMMAND: POST /session/312b457e950016f7ac2dd5fe08468d8b/execute/async - {"script":"<script> [1562 bytes]","args":[{"selector":{"controlType":"sap.m.SearchField","properties":{"placeholder":"Search"},"searchOpenDialogs":true,"interaction":{"idSuffix":"I"}},"wdio_ui5_key":"sapm.SearchField{\"placeholder\":\"Search\"}"}]}
COMMAND: GET /session/312b457e950016f7ac2dd5fe08468d8b/screenshot - {}
RESULT: {"script":"<script> [1562 bytes]","args":[{"selector":{"controlType":"sap.m.SearchField","properties":{"placeholder":"Search"},"searchOpenDialogs":true,"interaction":{"idSuffix":"I"}},"wdio_ui5_key":"sapm.SearchField{\"placeholder\":\"Search\"}"}]}
RESULT: undefined
COMMAND: POST /session/312b457e950016f7ac2dd5fe08468d8b/execute/async - {"script":"<script> [776 bytes]","args":[{"enterText":"10001013","selector":{"controlType":"sap.m.SearchField","properties":{"placeholder":"Search"},"searchOpenDialogs":true,"interaction":{"idSuffix":"I"}},"clearTextFirst":true,"interactionType":"ENTER_TEXT"}]}
RESULT: {}
RESULT: {"script":"<script> [776 bytes]","args":[{"enterText":"10001013","selector":{"controlType":"sap.m.SearchField","properties":{"placeholder":"Search"},"searchOpenDialogs":true,"interaction":{"idSuffix":"I"}},"clearTextFirst":true,"interactionType":"ENTER_TEXT"}]}
COMMAND: POST /session/312b457e950016f7ac2dd5fe08468d8b/actions - {"actions":[{"id":"action28","type":"key","parameters":{},"actions":[{"type":"keyDown","value":"î€‡"},{"type":"pause","duration":10},{"type":"keyUp","value":"î€‡"}]}]}
RESULT: {"actions":[{"id":"action28","type":"key","parameters":{},"actions":[{"type":"keyDown","value":"î€‡"},{"type":"pause","duration":10},{"type":"keyUp","value":"î€‡"}]}]}
COMMAND: GET /session/312b457e950016f7ac2dd5fe08468d8b/screenshot - {}
RESULT: {}
COMMAND: POST /session/312b457e950016f7ac2dd5fe08468d8b/element - {"using":"xpath","value":"//span[contains(text(), \"General Management\")]"}
RESULT: {"using":"xpath","value":"//span[contains(text(), \"General Management\")]"}
COMMAND: POST /session/312b457e950016f7ac2dd5fe08468d8b/element/f.49633FD853CAE5E68BDC48EC70618E25.d.5A8C66F6DE2180CA0116961F1724C4D6.e.5967/click - {}
RESULT: {}
COMMAND: GET /session/312b457e950016f7ac2dd5fe08468d8b/screenshot - {}
RESULT: {}
COMMAND: POST /session/312b457e950016f7ac2dd5fe08468d8b/element - {"using":"xpath","value":"//bdi[contains(text(), \"OK\")]"}
RESULT: {"using":"xpath","value":"//bdi[contains(text(), \"OK\")]"}
COMMAND: POST /session/312b457e950016f7ac2dd5fe08468d8b/element/f.49633FD853CAE5E68BDC48EC70618E25.d.5A8C66F6DE2180CA0116961F1724C4D6.e.5968/click - {}
RESULT: {}
COMMAND: GET /session/312b457e950016f7ac2dd5fe08468d8b/screenshot - {}
RESULT: {}
COMMAND: POST /session/312b457e950016f7ac2dd5fe08468d8b/element - {"using":"xpath","value":"(//bdi[contains(@id ,\"BDI-content\")][contains(text(), \"Save\")])[1]"}
RESULT: {"using":"xpath","value":"(//bdi[contains(@id ,\"BDI-content\")][contains(text(), \"Save\")])[1]"}
COMMAND: POST /session/312b457e950016f7ac2dd5fe08468d8b/element/f.49633FD853CAE5E68BDC48EC70618E25.d.5A8C66F6DE2180CA0116961F1724C4D6.e.5972/click - {}
RESULT: {}
COMMAND: GET /session/312b457e950016f7ac2dd5fe08468d8b/screenshot - {}
RESULT: {}
COMMAND: POST /session/312b457e950016f7ac2dd5fe08468d8b/execute/async - {"script":"<script> [1562 bytes]","args":[{"selector":{"controlType":"sap.ui.core.Icon","viewName":"etm.portal.ui.managerequests.view.NewRequest","properties":{"src":{"regex":{"source":"message\\-error"}}},"ancestor":{"controlType":"sap.m.ColumnListItem","viewName":"etm.portal.ui.managerequests.view.NewRequest","bindingPath":{"modelName":"newRequestItems","path":"/RequestItems/1"},"ancestor":{"id":"requestItemsTable","viewName":"etm.portal.ui.managerequests.view.NewRequest"}}},"wdio_ui5_key":"etmportal.ui.managerequests.view.NewRequestsap.ui.core.Icon{\"src\":{\"regex\":{\"source\":\"message\\\\-error\"}}}{\"controlType\":\"sap.m.ColumnListItem\",\"viewName\":\"etm.portal.ui.managerequests.view.NewRequest\",\"bindingPath\":{\"modelName\":\"newRequestItems\",\"path\":\"/RequestItems/1\"},\"ancestor\":{\"id\":\"requestItemsTable\",\"viewName\":\"etm.portal.ui.managerequests.view.NewRequest\"}}"}]}
RESULT: {"script":"<script> [1562 bytes]","args":[{"selector":{"controlType":"sap.ui.core.Icon","viewName":"etm.portal.ui.managerequests.view.NewRequest","properties":{"src":{"regex":{"source":"message\\-error"}}},"ancestor":{"controlType":"sap.m.ColumnListItem","viewName":"etm.portal.ui.managerequests.view.NewRequest","bindingPath":{"modelName":"newRequestItems","path":"/RequestItems/1"},"ancestor":{"id":"requestItemsTable","viewName":"etm.portal.ui.managerequests.view.NewRequest"}}},"wdio_ui5_key":"etmportal.ui.managerequests.view.NewRequestsap.ui.core.Icon{\"src\":{\"regex\":{\"source\":\"message\\\\-error\"}}}{\"controlType\":\"sap.m.ColumnListItem\",\"viewName\":\"etm.portal.ui.managerequests.view.NewRequest\",\"bindingPath\":{\"modelName\":\"newRequestItems\",\"path\":\"/RequestItems/1\"},\"ancestor\":{\"id\":\"requestItemsTable\",\"viewName\":\"etm.portal.ui.managerequests.view.NewRequest\"}}"}]}
RESULT: undefined
COMMAND: POST /session/312b457e950016f7ac2dd5fe08468d8b/element - {"using":"xpath","value":"//*[@id=\"__status15-__xmlview61--requestItemsTable-1-icon\"]"}
RESULT: {"using":"xpath","value":"//*[@id=\"__status15-__xmlview61--requestItemsTable-1-icon\"]"}
COMMAND: POST /session/312b457e950016f7ac2dd5fe08468d8b/element/f.49633FD853CAE5E68BDC48EC70618E25.d.5A8C66F6DE2180CA0116961F1724C4D6.e.5975/click - {}
RESULT: {}
COMMAND: GET /session/312b457e950016f7ac2dd5fe08468d8b/screenshot - {}
RESULT: {}
RESULT: undefined
COMMAND: POST /session/312b457e950016f7ac2dd5fe08468d8b/execute/async - {"script":"<script> [776 bytes]","args":[{"enterText":"Cost Center","selector":{"id":"costObjectAdminTypeComboBox","viewName":"etm.portal.ui.managerequests.view.NewRequest","searchOpenDialogs":true,"interaction":{"idSuffix":"inner"}},"clearTextFirst":true,"interactionType":"ENTER_TEXT"}]}
RESULT: {"script":"<script> [776 bytes]","args":[{"enterText":"Cost Center","selector":{"id":"costObjectAdminTypeComboBox","viewName":"etm.portal.ui.managerequests.view.NewRequest","searchOpenDialogs":true,"interaction":{"idSuffix":"inner"}},"clearTextFirst":true,"interactionType":"ENTER_TEXT"}]}
COMMAND: POST /session/312b457e950016f7ac2dd5fe08468d8b/actions - {"actions":[{"id":"action29","type":"key","parameters":{},"actions":[{"type":"keyDown","value":"î€‡"},{"type":"pause","duration":10},{"type":"keyUp","value":"î€‡"}]}]}
RESULT: {"actions":[{"id":"action29","type":"key","parameters":{},"actions":[{"type":"keyDown","value":"î€‡"},{"type":"pause","duration":10},{"type":"keyUp","value":"î€‡"}]}]}
COMMAND: GET /session/312b457e950016f7ac2dd5fe08468d8b/screenshot - {}
RESULT: {}
RESULT: undefined
COMMAND: POST /session/312b457e950016f7ac2dd5fe08468d8b/element - {"using":"xpath","value":"//*[@id=\"__xmlview61--costObjectIdComboBox-vhi\"]"}
RESULT: {"using":"xpath","value":"//*[@id=\"__xmlview61--costObjectIdComboBox-vhi\"]"}
COMMAND: POST /session/312b457e950016f7ac2dd5fe08468d8b/element/f.49633FD853CAE5E68BDC48EC70618E25.d.5A8C66F6DE2180CA0116961F1724C4D6.e.5985/click - {}
RESULT: {}
RESULT: undefined
COMMAND: POST /session/312b457e950016f7ac2dd5fe08468d8b/execute/async - {"script":"<script> [776 bytes]","args":[{"enterText":"10001013","selector":{"controlType":"sap.m.SearchField","properties":{"placeholder":"Search"},"searchOpenDialogs":true,"interaction":{"idSuffix":"I"}},"clearTextFirst":true,"interactionType":"ENTER_TEXT"}]}
COMMAND: GET /session/312b457e950016f7ac2dd5fe08468d8b/screenshot - {}
RESULT: {"script":"<script> [776 bytes]","args":[{"enterText":"10001013","selector":{"controlType":"sap.m.SearchField","properties":{"placeholder":"Search"},"searchOpenDialogs":true,"interaction":{"idSuffix":"I"}},"clearTextFirst":true,"interactionType":"ENTER_TEXT"}]}
COMMAND: POST /session/312b457e950016f7ac2dd5fe08468d8b/actions - {"actions":[{"id":"action30","type":"key","parameters":{},"actions":[{"type":"keyDown","value":"î€‡"},{"type":"pause","duration":10},{"type":"keyUp","value":"î€‡"}]}]}
RESULT: {}
RESULT: {"actions":[{"id":"action30","type":"key","parameters":{},"actions":[{"type":"keyDown","value":"î€‡"},{"type":"pause","duration":10},{"type":"keyUp","value":"î€‡"}]}]}
COMMAND: GET /session/312b457e950016f7ac2dd5fe08468d8b/screenshot - {}
RESULT: {}
COMMAND: POST /session/312b457e950016f7ac2dd5fe08468d8b/element - {"using":"xpath","value":"//span[contains(text(), \"General Management\")]"}
RESULT: {"using":"xpath","value":"//span[contains(text(), \"General Management\")]"}
COMMAND: POST /session/312b457e950016f7ac2dd5fe08468d8b/element/f.49633FD853CAE5E68BDC48EC70618E25.d.5A8C66F6DE2180CA0116961F1724C4D6.e.6023/click - {}
RESULT: {}
COMMAND: GET /session/312b457e950016f7ac2dd5fe08468d8b/screenshot - {}
RESULT: {}
COMMAND: POST /session/312b457e950016f7ac2dd5fe08468d8b/element - {"using":"xpath","value":"//bdi[contains(text(), \"OK\")]"}
RESULT: {"using":"xpath","value":"//bdi[contains(text(), \"OK\")]"}
COMMAND: POST /session/312b457e950016f7ac2dd5fe08468d8b/element/f.49633FD853CAE5E68BDC48EC70618E25.d.5A8C66F6DE2180CA0116961F1724C4D6.e.6024/click - {}
RESULT: {}
COMMAND: GET /session/312b457e950016f7ac2dd5fe08468d8b/screenshot - {}
RESULT: {}
COMMAND: POST /session/312b457e950016f7ac2dd5fe08468d8b/element - {"using":"xpath","value":"(//bdi[contains(@id ,\"BDI-content\")][contains(text(), \"Save\")])[1]"}
RESULT: {"using":"xpath","value":"(//bdi[contains(@id ,\"BDI-content\")][contains(text(), \"Save\")])[1]"}
COMMAND: POST /session/312b457e950016f7ac2dd5fe08468d8b/element/f.49633FD853CAE5E68BDC48EC70618E25.d.5A8C66F6DE2180CA0116961F1724C4D6.e.6028/click - {}
RESULT: {}
COMMAND: GET /session/312b457e950016f7ac2dd5fe08468d8b/screenshot - {}
RESULT: {}
COMMAND: POST /session/312b457e950016f7ac2dd5fe08468d8b/execute/async - {"script":"<script> [1562 bytes]","args":[{"selector":{"controlType":"sap.m.Button","viewName":"etm.portal.ui.managerequests.view.NewRequest","i18NText":{"propertyName":"tooltip","key":"save"},"interaction":{"idSuffix":"content"}},"wdio_ui5_key":"etmportal.ui.managerequests.view.NewRequestsap.m.Button{\"propertyName\":\"tooltip\",\"key\":\"save\"}"}]}
RESULT: {"script":"<script> [1562 bytes]","args":[{"selector":{"controlType":"sap.m.Button","viewName":"etm.portal.ui.managerequests.view.NewRequest","i18NText":{"propertyName":"tooltip","key":"save"},"interaction":{"idSuffix":"content"}},"wdio_ui5_key":"etmportal.ui.managerequests.view.NewRequestsap.m.Button{\"propertyName\":\"tooltip\",\"key\":\"save\"}"}]}
RESULT: undefined
COMMAND: POST /session/312b457e950016f7ac2dd5fe08468d8b/element - {"using":"xpath","value":"//*[@id=\"__button101\"]"}
RESULT: {"using":"xpath","value":"//*[@id=\"__button101\"]"}
COMMAND: POST /session/312b457e950016f7ac2dd5fe08468d8b/element/f.49633FD853CAE5E68BDC48EC70618E25.d.5A8C66F6DE2180CA0116961F1724C4D6.e.5752/click - {}
RESULT: {}
COMMAND: GET /session/312b457e950016f7ac2dd5fe08468d8b/screenshot - {}
RESULT: {}
COMMAND: POST /session/312b457e950016f7ac2dd5fe08468d8b/execute/async - {"script":"<script> [1562 bytes]","args":[{"selector":{"controlType":"sap.m.Title","properties":{"text":"Success"},"searchOpenDialogs":true},"wdio_ui5_key":"sapm.Title{\"text\":\"Success\"}"}]}
RESULT: {"script":"<script> [1562 bytes]","args":[{"selector":{"controlType":"sap.m.Title","properties":{"text":"Success"},"searchOpenDialogs":true},"wdio_ui5_key":"sapm.Title{\"text\":\"Success\"}"}]}
RESULT: undefined
COMMAND: POST /session/312b457e950016f7ac2dd5fe08468d8b/execute/async - {"script":"<script> [6424 bytes]","args":[{"element-6066-11e4-a52e-4f735466cecf":"f.49633FD853CAE5E68BDC48EC70618E25.d.5A8C66F6DE2180CA0116961F1724C4D6.e.6034"},"getText",[]]}
RESULT: {"script":"<script> [6424 bytes]","args":[{"element-6066-11e4-a52e-4f735466cecf":"f.49633FD853CAE5E68BDC48EC70618E25.d.5A8C66F6DE2180CA0116961F1724C4D6.e.6034"},"getText",[]]}
COMMAND: POST /session/312b457e950016f7ac2dd5fe08468d8b/execute/async - {"script":"<script> [1562 bytes]","args":[{"selector":{"controlType":"sap.m.Button","properties":{"text":"Close"},"searchOpenDialogs":true,"interaction":{"idSuffix":"BDI-content"}},"wdio_ui5_key":"sapm.Button{\"text\":\"Close\"}"}]}
RESULT: {"script":"<script> [1562 bytes]","args":[{"selector":{"controlType":"sap.m.Button","properties":{"text":"Close"},"searchOpenDialogs":true,"interaction":{"idSuffix":"BDI-content"}},"wdio_ui5_key":"sapm.Button{\"text\":\"Close\"}"}]}
RESULT: undefined
COMMAND: POST /session/312b457e950016f7ac2dd5fe08468d8b/element - {"using":"xpath","value":"//*[@id=\"__mbox-btn-4\"]"}
RESULT: {"using":"xpath","value":"//*[@id=\"__mbox-btn-4\"]"}
COMMAND: POST /session/312b457e950016f7ac2dd5fe08468d8b/element/f.49633FD853CAE5E68BDC48EC70618E25.d.5A8C66F6DE2180CA0116961F1724C4D6.e.6033/click - {}
RESULT: {}
COMMAND: GET /session/312b457e950016f7ac2dd5fe08468d8b/screenshot - {}
RESULT: {}
COMMAND: POST /session/312b457e950016f7ac2dd5fe08468d8b/execute/async - {"script":"<script> [1562 bytes]","args":[{"selector":{"controlType":"sap.m.Text","viewName":"etm.portal.ui.managerequests.view.Detail","bindingPath":{"propertyPath":"NO","modelName":"catalogModel"}},"wdio_ui5_key":"etmportal.ui.managerequests.view.Detailsap.m.Text{\"propertyPath\":\"NO\",\"modelName\":\"catalogModel\"}"}]}
RESULT: {"script":"<script> [1562 bytes]","args":[{"selector":{"controlType":"sap.m.Text","viewName":"etm.portal.ui.managerequests.view.Detail","bindingPath":{"propertyPath":"NO","modelName":"catalogModel"}},"wdio_ui5_key":"etmportal.ui.managerequests.view.Detailsap.m.Text{\"propertyPath\":\"NO\",\"modelName\":\"catalogModel\"}"}]}
RESULT: undefined
COMMAND: POST /session/312b457e950016f7ac2dd5fe08468d8b/execute/async - {"script":"<script> [6424 bytes]","args":[{"element-6066-11e4-a52e-4f735466cecf":"f.49633FD853CAE5E68BDC48EC70618E25.d.5A8C66F6DE2180CA0116961F1724C4D6.e.6167"},"getText",[]]}
RESULT: {"script":"<script> [6424 bytes]","args":[{"element-6066-11e4-a52e-4f735466cecf":"f.49633FD853CAE5E68BDC48EC70618E25.d.5A8C66F6DE2180CA0116961F1724C4D6.e.6167"},"getText",[]]}
COMMAND: POST /session/312b457e950016f7ac2dd5fe08468d8b/execute/async - {"script":"<script> [1562 bytes]","args":[{"selector":{"controlType":"sap.ui.core.Icon","viewName":"etm.portal.ui.managerequests.view.Detail","properties":{"src":{"regex":{"source":"date\\-time"}}},"ancestor":{"controlType":"sap.m.ColumnListItem","viewName":"etm.portal.ui.managerequests.view.Detail","bindingPath":{"path":"/SmartRequestItemsPlanningBoard(ITEM=10m,REQUEST='20106')"},"ancestor":{"id":"requestItemsTable","viewName":"etm.portal.ui.managerequests.view.Detail"}}},"wdio_ui5_key":"etmportal.ui.managerequests.view.Detailsap.ui.core.Icon{\"src\":{\"regex\":{\"source\":\"date\\\\-time\"}}}{\"controlType\":\"sap.m.ColumnListItem\",\"viewName\":\"etm.portal.ui.managerequests.view.Detail\",\"bindingPath\":{\"path\":\"/SmartRequestItemsPlanningBoard(ITEM=10m,REQUEST='20106')\"},\"ancestor\":{\"id\":\"requestItemsTable\",\"viewName\":\"etm.portal.ui.managerequests.view.Detail\"}}"}]}
RESULT: {"script":"<script> [1562 bytes]","args":[{"selector":{"controlType":"sap.ui.core.Icon","viewName":"etm.portal.ui.managerequests.view.Detail","properties":{"src":{"regex":{"source":"date\\-time"}}},"ancestor":{"controlType":"sap.m.ColumnListItem","viewName":"etm.portal.ui.managerequests.view.Detail","bindingPath":{"path":"/SmartRequestItemsPlanningBoard(ITEM=10m,REQUEST='20106')"},"ancestor":{"id":"requestItemsTable","viewName":"etm.portal.ui.managerequests.view.Detail"}}},"wdio_ui5_key":"etmportal.ui.managerequests.view.Detailsap.ui.core.Icon{\"src\":{\"regex\":{\"source\":\"date\\\\-time\"}}}{\"controlType\":\"sap.m.ColumnListItem\",\"viewName\":\"etm.portal.ui.managerequests.view.Detail\",\"bindingPath\":{\"path\":\"/SmartRequestItemsPlanningBoard(ITEM=10m,REQUEST='20106')\"},\"ancestor\":{\"id\":\"requestItemsTable\",\"viewName\":\"etm.portal.ui.managerequests.view.Detail\"}}"}]}
RESULT: undefined
COMMAND: POST /session/312b457e950016f7ac2dd5fe08468d8b/element - {"using":"xpath","value":"//*[@id=\"__button129-__clone5773-img\"]"}
RESULT: {"using":"xpath","value":"//*[@id=\"__button129-__clone5773-img\"]"}
COMMAND: POST /session/312b457e950016f7ac2dd5fe08468d8b/element/f.49633FD853CAE5E68BDC48EC70618E25.d.5A8C66F6DE2180CA0116961F1724C4D6.e.6168/click - {}
RESULT: {}
COMMAND: POST /session/312b457e950016f7ac2dd5fe08468d8b/execute/async - {"script":"<script> [1562 bytes]","args":[{"selector":{"controlType":"sap.m.Button","viewName":"etm.portal.ui.managerequests.view.Detail","properties":{"text":"Close"},"searchOpenDialogs":true,"interaction":{"idSuffix":"BDI-content"}},"wdio_ui5_key":"etmportal.ui.managerequests.view.Detailsap.m.Button{\"text\":\"Close\"}"}]}
COMMAND: GET /session/312b457e950016f7ac2dd5fe08468d8b/screenshot - {}
RESULT: {"script":"<script> [1562 bytes]","args":[{"selector":{"controlType":"sap.m.Button","viewName":"etm.portal.ui.managerequests.view.Detail","properties":{"text":"Close"},"searchOpenDialogs":true,"interaction":{"idSuffix":"BDI-content"}},"wdio_ui5_key":"etmportal.ui.managerequests.view.Detailsap.m.Button{\"text\":\"Close\"}"}]}
RESULT: undefined
COMMAND: POST /session/312b457e950016f7ac2dd5fe08468d8b/element - {"using":"xpath","value":"//*[@id=\"__button137\"]"}
RESULT: {}
RESULT: {"using":"xpath","value":"//*[@id=\"__button137\"]"}
COMMAND: POST /session/312b457e950016f7ac2dd5fe08468d8b/element/f.49633FD853CAE5E68BDC48EC70618E25.d.5A8C66F6DE2180CA0116961F1724C4D6.e.6171/click - {}
RESULT: {}
COMMAND: POST /session/312b457e950016f7ac2dd5fe08468d8b/execute/async - {"script":"<script> [1562 bytes]","args":[{"selector":{"controlType":"sap.ui.core.Icon","viewName":"etm.portal.ui.managerequests.view.Detail","properties":{"src":{"regex":{"source":"date\\-time"}}},"ancestor":{"controlType":"sap.m.ColumnListItem","viewName":"etm.portal.ui.managerequests.view.Detail","bindingPath":{"path":"/SmartRequestItemsPlanningBoard(ITEM=20m,REQUEST='20106')"},"ancestor":{"id":"requestItemsTable","viewName":"etm.portal.ui.managerequests.view.Detail"}}},"wdio_ui5_key":"etmportal.ui.managerequests.view.Detailsap.ui.core.Icon{\"src\":{\"regex\":{\"source\":\"date\\\\-time\"}}}{\"controlType\":\"sap.m.ColumnListItem\",\"viewName\":\"etm.portal.ui.managerequests.view.Detail\",\"bindingPath\":{\"path\":\"/SmartRequestItemsPlanningBoard(ITEM=20m,REQUEST='20106')\"},\"ancestor\":{\"id\":\"requestItemsTable\",\"viewName\":\"etm.portal.ui.managerequests.view.Detail\"}}"}]}
COMMAND: GET /session/312b457e950016f7ac2dd5fe08468d8b/screenshot - {}
RESULT: {"script":"<script> [1562 bytes]","args":[{"selector":{"controlType":"sap.ui.core.Icon","viewName":"etm.portal.ui.managerequests.view.Detail","properties":{"src":{"regex":{"source":"date\\-time"}}},"ancestor":{"controlType":"sap.m.ColumnListItem","viewName":"etm.portal.ui.managerequests.view.Detail","bindingPath":{"path":"/SmartRequestItemsPlanningBoard(ITEM=20m,REQUEST='20106')"},"ancestor":{"id":"requestItemsTable","viewName":"etm.portal.ui.managerequests.view.Detail"}}},"wdio_ui5_key":"etmportal.ui.managerequests.view.Detailsap.ui.core.Icon{\"src\":{\"regex\":{\"source\":\"date\\\\-time\"}}}{\"controlType\":\"sap.m.ColumnListItem\",\"viewName\":\"etm.portal.ui.managerequests.view.Detail\",\"bindingPath\":{\"path\":\"/SmartRequestItemsPlanningBoard(ITEM=20m,REQUEST='20106')\"},\"ancestor\":{\"id\":\"requestItemsTable\",\"viewName\":\"etm.portal.ui.managerequests.view.Detail\"}}"}]}
RESULT: undefined
COMMAND: POST /session/312b457e950016f7ac2dd5fe08468d8b/element - {"using":"xpath","value":"//*[@id=\"__button129-__clone5774-img\"]"}
RESULT: {}
RESULT: {"using":"xpath","value":"//*[@id=\"__button129-__clone5774-img\"]"}
COMMAND: POST /session/312b457e950016f7ac2dd5fe08468d8b/element/f.49633FD853CAE5E68BDC48EC70618E25.d.5A8C66F6DE2180CA0116961F1724C4D6.e.6178/click - {}
RESULT: {}
RESULT: undefined
COMMAND: POST /session/312b457e950016f7ac2dd5fe08468d8b/element - {"using":"xpath","value":"//*[@id=\"__button137\"]"}
COMMAND: GET /session/312b457e950016f7ac2dd5fe08468d8b/screenshot - {}
RESULT: {"using":"xpath","value":"//*[@id=\"__button137\"]"}
COMMAND: POST /session/312b457e950016f7ac2dd5fe08468d8b/elements - {"using":"xpath","value":"//*[@id=\"__button137\"]"}
RESULT: {}
RESULT: {"using":"xpath","value":"//*[@id=\"__button137\"]"}
COMMAND: POST /session/312b457e950016f7ac2dd5fe08468d8b/element - {"using":"xpath","value":"//*[@id=\"__button137\"]"}
RESULT: {"using":"xpath","value":"//*[@id=\"__button137\"]"}
COMMAND: POST /session/312b457e950016f7ac2dd5fe08468d8b/element/f.49633FD853CAE5E68BDC48EC70618E25.d.5A8C66F6DE2180CA0116961F1724C4D6.e.6183/click - {}
RESULT: {}
COMMAND: POST /session/312b457e950016f7ac2dd5fe08468d8b/element - {"using":"css selector","value":"#shell-header-logo"}
COMMAND: GET /session/312b457e950016f7ac2dd5fe08468d8b/screenshot - {}
RESULT: {"using":"css selector","value":"#shell-header-logo"}
COMMAND: POST /session/312b457e950016f7ac2dd5fe08468d8b/element/f.49633FD853CAE5E68BDC48EC70618E25.d.5A8C66F6DE2180CA0116961F1724C4D6.e.5505/click - {}
RESULT: {}
RESULT: {}
COMMAND: GET /session/312b457e950016f7ac2dd5fe08468d8b/screenshot - {}
RESULT: {}
]]></system-out>
    </testcase>
    <testcase classname="chrome.136_0_7103_49.windows.Standard_contract_-_add_contract_items_by_Insert_Request_US118222" name="Should insert the request into the contract" time="59.467">
      <system-out><![CDATA[
RESULT: undefined
COMMAND: POST /session/312b457e950016f7ac2dd5fe08468d8b/element - {"using":"xpath","value":"//*[@id=\"__tile130\"]"}
RESULT: {"using":"xpath","value":"//*[@id=\"__tile130\"]"}
COMMAND: POST /session/312b457e950016f7ac2dd5fe08468d8b/element/f.49633FD853CAE5E68BDC48EC70618E25.d.5A8C66F6DE2180CA0116961F1724C4D6.e.5036/click - {}
RESULT: {}
COMMAND: GET /session/312b457e950016f7ac2dd5fe08468d8b/screenshot - {}
RESULT: {}
COMMAND: POST /session/312b457e950016f7ac2dd5fe08468d8b/elements - {"using":"xpath","value":"//span[text()='Error']"}
RESULT: {"using":"xpath","value":"//span[text()='Error']"}
COMMAND: POST /session/312b457e950016f7ac2dd5fe08468d8b/execute/async - {"script":"<script> [1562 bytes]","args":[{"selector":{"controlType":"sap.m.SearchField","viewName":"etm.portal.ui.managecontracts.view.Master","bindingPath":{"path":"","propertyPath":"/_BASIC_SEARCH_FIELD","modelName":"fi1t3rM0d31"},"interaction":{"idSuffix":"I"}},"wdio_ui5_key":"etmportal.ui.managecontracts.view.Mastersap.m.SearchField{\"path\":\"\",\"propertyPath\":\"/_BASIC_SEARCH_FIELD\",\"modelName\":\"fi1t3rM0d31\"}"}]}
RESULT: {"script":"<script> [1562 bytes]","args":[{"selector":{"controlType":"sap.m.SearchField","viewName":"etm.portal.ui.managecontracts.view.Master","bindingPath":{"path":"","propertyPath":"/_BASIC_SEARCH_FIELD","modelName":"fi1t3rM0d31"},"interaction":{"idSuffix":"I"}},"wdio_ui5_key":"etmportal.ui.managecontracts.view.Mastersap.m.SearchField{\"path\":\"\",\"propertyPath\":\"/_BASIC_SEARCH_FIELD\",\"modelName\":\"fi1t3rM0d31\"}"}]}
RESULT: undefined
COMMAND: POST /session/312b457e950016f7ac2dd5fe08468d8b/execute/async - {"script":"<script> [776 bytes]","args":[{"enterText":"10228","selector":{"controlType":"sap.m.SearchField","viewName":"etm.portal.ui.managecontracts.view.Master","bindingPath":{"path":"","propertyPath":"/_BASIC_SEARCH_FIELD","modelName":"fi1t3rM0d31"},"interaction":{"idSuffix":"I"}},"clearTextFirst":true,"interactionType":"ENTER_TEXT"}]}
RESULT: {"script":"<script> [776 bytes]","args":[{"enterText":"10228","selector":{"controlType":"sap.m.SearchField","viewName":"etm.portal.ui.managecontracts.view.Master","bindingPath":{"path":"","propertyPath":"/_BASIC_SEARCH_FIELD","modelName":"fi1t3rM0d31"},"interaction":{"idSuffix":"I"}},"clearTextFirst":true,"interactionType":"ENTER_TEXT"}]}
COMMAND: POST /session/312b457e950016f7ac2dd5fe08468d8b/actions - {"actions":[{"id":"action31","type":"key","parameters":{},"actions":[{"type":"keyDown","value":"î€‡"},{"type":"pause","duration":10},{"type":"keyUp","value":"î€‡"}]}]}
RESULT: {"actions":[{"id":"action31","type":"key","parameters":{},"actions":[{"type":"keyDown","value":"î€‡"},{"type":"pause","duration":10},{"type":"keyUp","value":"î€‡"}]}]}
COMMAND: GET /session/312b457e950016f7ac2dd5fe08468d8b/screenshot - {}
RESULT: {}
COMMAND: POST /session/312b457e950016f7ac2dd5fe08468d8b/execute/async - {"script":"<script> [1562 bytes]","args":[{"selector":{"controlType":"sap.ui.core.Icon","viewName":"etm.portal.ui.managecontracts.view.Master","properties":{"src":{"regex":{"source":"slim\\-arrow\\-right"}}}},"wdio_ui5_key":"etmportal.ui.managecontracts.view.Mastersap.ui.core.Icon{\"src\":{\"regex\":{\"source\":\"slim\\\\-arrow\\\\-right\"}}}"}]}
RESULT: {"script":"<script> [1562 bytes]","args":[{"selector":{"controlType":"sap.ui.core.Icon","viewName":"etm.portal.ui.managecontracts.view.Master","properties":{"src":{"regex":{"source":"slim\\-arrow\\-right"}}}},"wdio_ui5_key":"etmportal.ui.managecontracts.view.Mastersap.ui.core.Icon{\"src\":{\"regex\":{\"source\":\"slim\\\\-arrow\\\\-right\"}}}"}]}
RESULT: undefined
COMMAND: POST /session/312b457e950016f7ac2dd5fe08468d8b/element - {"using":"xpath","value":"//*[@id=\"__item1708-__clone5884-imgNav\"]"}
RESULT: {"using":"xpath","value":"//*[@id=\"__item1708-__clone5884-imgNav\"]"}
COMMAND: POST /session/312b457e950016f7ac2dd5fe08468d8b/element/f.49633FD853CAE5E68BDC48EC70618E25.d.5A8C66F6DE2180CA0116961F1724C4D6.e.6307/click - {}
RESULT: {}
COMMAND: POST /session/312b457e950016f7ac2dd5fe08468d8b/execute/async - {"script":"<script> [1562 bytes]","args":[{"selector":{"id":"addRequestItemBtn","viewName":"etm.portal.ui.managecontracts.view.Detail","interaction":{"idSuffix":"BDI-content"}},"wdio_ui5_key":"addRequestItemBtnetmportal.ui.managecontracts.view.Detail"}]}
COMMAND: GET /session/312b457e950016f7ac2dd5fe08468d8b/screenshot - {}
RESULT: {"script":"<script> [1562 bytes]","args":[{"selector":{"id":"addRequestItemBtn","viewName":"etm.portal.ui.managecontracts.view.Detail","interaction":{"idSuffix":"BDI-content"}},"wdio_ui5_key":"addRequestItemBtnetmportal.ui.managecontracts.view.Detail"}]}
RESULT: undefined
COMMAND: POST /session/312b457e950016f7ac2dd5fe08468d8b/element - {"using":"xpath","value":"//*[@id=\"__xmlview64--addRequestItemBtn\"]"}
RESULT: {}
RESULT: {"using":"xpath","value":"//*[@id=\"__xmlview64--addRequestItemBtn\"]"}
COMMAND: POST /session/312b457e950016f7ac2dd5fe08468d8b/element/f.49633FD853CAE5E68BDC48EC70618E25.d.5A8C66F6DE2180CA0116961F1724C4D6.e.6377/click - {}
RESULT: {}
COMMAND: GET /session/312b457e950016f7ac2dd5fe08468d8b/screenshot - {}
RESULT: {}
COMMAND: POST /session/312b457e950016f7ac2dd5fe08468d8b/element - {"using":"xpath","value":"//div[contains(@id ,\"popupRequestTable-sa-CbBg\")]"}
RESULT: {"using":"xpath","value":"//div[contains(@id ,\"popupRequestTable-sa-CbBg\")]"}
COMMAND: POST /session/312b457e950016f7ac2dd5fe08468d8b/element/f.49633FD853CAE5E68BDC48EC70618E25.d.5A8C66F6DE2180CA0116961F1724C4D6.e.6497/click - {}
RESULT: {}
COMMAND: GET /session/312b457e950016f7ac2dd5fe08468d8b/screenshot - {}
RESULT: {}
COMMAND: POST /session/312b457e950016f7ac2dd5fe08468d8b/execute/async - {"script":"<script> [1562 bytes]","args":[{"selector":{"controlType":"sap.m.Button","viewName":"etm.portal.ui.managecontracts.view.Detail","i18NText":{"propertyName":"text","key":"selectionDone"},"searchOpenDialogs":true,"interaction":{"idSuffix":"BDI-content"}},"wdio_ui5_key":"etmportal.ui.managecontracts.view.Detailsap.m.Button{\"propertyName\":\"text\",\"key\":\"selectionDone\"}"}]}
RESULT: {"script":"<script> [1562 bytes]","args":[{"selector":{"controlType":"sap.m.Button","viewName":"etm.portal.ui.managecontracts.view.Detail","i18NText":{"propertyName":"text","key":"selectionDone"},"searchOpenDialogs":true,"interaction":{"idSuffix":"BDI-content"}},"wdio_ui5_key":"etmportal.ui.managecontracts.view.Detailsap.m.Button{\"propertyName\":\"text\",\"key\":\"selectionDone\"}"}]}
RESULT: undefined
COMMAND: POST /session/312b457e950016f7ac2dd5fe08468d8b/element - {"using":"xpath","value":"//*[@id=\"__button148\"]"}
RESULT: {"using":"xpath","value":"//*[@id=\"__button148\"]"}
COMMAND: POST /session/312b457e950016f7ac2dd5fe08468d8b/element/f.49633FD853CAE5E68BDC48EC70618E25.d.5A8C66F6DE2180CA0116961F1724C4D6.e.6499/click - {}
RESULT: {}
COMMAND: POST /session/312b457e950016f7ac2dd5fe08468d8b/execute/async - {"script":"<script> [1562 bytes]","args":[{"selector":{"controlType":"sap.m.Text","properties":{"text":"Started processing request items into the contract."},"searchOpenDialogs":true},"wdio_ui5_key":"sapm.Text{\"text\":\"Started processing request items into the contract.\"}"}]}
COMMAND: GET /session/312b457e950016f7ac2dd5fe08468d8b/screenshot - {}
RESULT: {"script":"<script> [1562 bytes]","args":[{"selector":{"controlType":"sap.m.Text","properties":{"text":"Started processing request items into the contract."},"searchOpenDialogs":true},"wdio_ui5_key":"sapm.Text{\"text\":\"Started processing request items into the contract.\"}"}]}
RESULT: undefined
COMMAND: POST /session/312b457e950016f7ac2dd5fe08468d8b/execute/async - {"script":"<script> [6424 bytes]","args":[{"element-6066-11e4-a52e-4f735466cecf":"f.49633FD853CAE5E68BDC48EC70618E25.d.5A8C66F6DE2180CA0116961F1724C4D6.e.6501"},"getText",[]]}
RESULT: {}
RESULT: {"script":"<script> [6424 bytes]","args":[{"element-6066-11e4-a52e-4f735466cecf":"f.49633FD853CAE5E68BDC48EC70618E25.d.5A8C66F6DE2180CA0116961F1724C4D6.e.6501"},"getText",[]]}
COMMAND: POST /session/312b457e950016f7ac2dd5fe08468d8b/execute/async - {"script":"<script> [1562 bytes]","args":[{"selector":{"controlType":"sap.m.Button","properties":{"text":"OK"},"searchOpenDialogs":true,"interaction":{"idSuffix":"inner"}},"wdio_ui5_key":"sapm.Button{\"text\":\"OK\"}"}]}
RESULT: {"script":"<script> [1562 bytes]","args":[{"selector":{"controlType":"sap.m.Button","properties":{"text":"OK"},"searchOpenDialogs":true,"interaction":{"idSuffix":"inner"}},"wdio_ui5_key":"sapm.Button{\"text\":\"OK\"}"}]}
RESULT: undefined
COMMAND: POST /session/312b457e950016f7ac2dd5fe08468d8b/element - {"using":"xpath","value":"//*[@id=\"__mbox-btn-5\"]"}
RESULT: {"using":"xpath","value":"//*[@id=\"__mbox-btn-5\"]"}
COMMAND: POST /session/312b457e950016f7ac2dd5fe08468d8b/element/f.49633FD853CAE5E68BDC48EC70618E25.d.5A8C66F6DE2180CA0116961F1724C4D6.e.6500/click - {}
RESULT: {}
COMMAND: POST /session/312b457e950016f7ac2dd5fe08468d8b/execute/async - {"script":"<script> [1562 bytes]","args":[{"selector":{"id":"headerBillingItemsTabFilter","viewName":"etm.portal.ui.managecontracts.view.Detail","interaction":{"idSuffix":"text"}},"wdio_ui5_key":"headerBillingItemsTabFilteretmportal.ui.managecontracts.view.Detail"}]}
COMMAND: GET /session/312b457e950016f7ac2dd5fe08468d8b/screenshot - {}
RESULT: {"script":"<script> [1562 bytes]","args":[{"selector":{"id":"headerBillingItemsTabFilter","viewName":"etm.portal.ui.managecontracts.view.Detail","interaction":{"idSuffix":"text"}},"wdio_ui5_key":"headerBillingItemsTabFilteretmportal.ui.managecontracts.view.Detail"}]}
RESULT: undefined
COMMAND: POST /session/312b457e950016f7ac2dd5fe08468d8b/element - {"using":"xpath","value":"//*[@id=\"__xmlview64--headerBillingItemsTabFilter\"]"}
RESULT: {}
RESULT: {"using":"xpath","value":"//*[@id=\"__xmlview64--headerBillingItemsTabFilter\"]"}
COMMAND: POST /session/312b457e950016f7ac2dd5fe08468d8b/element/f.49633FD853CAE5E68BDC48EC70618E25.d.5A8C66F6DE2180CA0116961F1724C4D6.e.6511/click - {}
RESULT: {}
COMMAND: GET /session/312b457e950016f7ac2dd5fe08468d8b/screenshot - {}
RESULT: {}
COMMAND: POST /session/312b457e950016f7ac2dd5fe08468d8b/execute/async - {"script":"<script> [1562 bytes]","args":[{"selector":{"controlType":"sap.ui.core.Icon","viewName":"etm.portal.ui.managecontracts.view.Detail","properties":{"src":{"regex":{"source":"synchronize"}}}},"wdio_ui5_key":"etmportal.ui.managecontracts.view.Detailsap.ui.core.Icon{\"src\":{\"regex\":{\"source\":\"synchronize\"}}}"}]}
RESULT: {"script":"<script> [1562 bytes]","args":[{"selector":{"controlType":"sap.ui.core.Icon","viewName":"etm.portal.ui.managecontracts.view.Detail","properties":{"src":{"regex":{"source":"synchronize"}}}},"wdio_ui5_key":"etmportal.ui.managecontracts.view.Detailsap.ui.core.Icon{\"src\":{\"regex\":{\"source\":\"synchronize\"}}}"}]}
RESULT: undefined
COMMAND: POST /session/312b457e950016f7ac2dd5fe08468d8b/element - {"using":"xpath","value":"//*[@id=\"__xmlview64--btnToggleUpdate-img\"]"}
RESULT: {"using":"xpath","value":"//*[@id=\"__xmlview64--btnToggleUpdate-img\"]"}
COMMAND: POST /session/312b457e950016f7ac2dd5fe08468d8b/element/f.49633FD853CAE5E68BDC48EC70618E25.d.5A8C66F6DE2180CA0116961F1724C4D6.e.6376/click - {}
RESULT: {}
COMMAND: GET /session/312b457e950016f7ac2dd5fe08468d8b/screenshot - {}
RESULT: {}
RESULT: undefined
COMMAND: POST /session/312b457e950016f7ac2dd5fe08468d8b/element - {"using":"xpath","value":"//*[@id=\"__xmlview64--headerBillingItemsTabFilter\"]"}
RESULT: {"using":"xpath","value":"//*[@id=\"__xmlview64--headerBillingItemsTabFilter\"]"}
COMMAND: POST /session/312b457e950016f7ac2dd5fe08468d8b/element/f.49633FD853CAE5E68BDC48EC70618E25.d.5A8C66F6DE2180CA0116961F1724C4D6.e.6511/click - {}
RESULT: {}
COMMAND: POST /session/312b457e950016f7ac2dd5fe08468d8b/execute/async - {"script":"<script> [1562 bytes]","args":[{"selector":{"controlType":"sap.m.Title","viewName":"etm.portal.ui.managecontracts.view.Detail","properties":{"text":"Contract Items (2)"}},"wdio_ui5_key":"etmportal.ui.managecontracts.view.Detailsap.m.Title{\"text\":\"Contract Items (2)\"}"}]}
COMMAND: GET /session/312b457e950016f7ac2dd5fe08468d8b/screenshot - {}
RESULT: {"script":"<script> [1562 bytes]","args":[{"selector":{"controlType":"sap.m.Title","viewName":"etm.portal.ui.managecontracts.view.Detail","properties":{"text":"Contract Items (2)"}},"wdio_ui5_key":"etmportal.ui.managecontracts.view.Detailsap.m.Title{\"text\":\"Contract Items (2)\"}"}]}
RESULT: undefined
COMMAND: POST /session/312b457e950016f7ac2dd5fe08468d8b/execute/async - {"script":"<script> [6424 bytes]","args":[{"element-6066-11e4-a52e-4f735466cecf":"f.49633FD853CAE5E68BDC48EC70618E25.d.5A8C66F6DE2180CA0116961F1724C4D6.e.6519"},"getText",[]]}
RESULT: {}
RESULT: {"script":"<script> [6424 bytes]","args":[{"element-6066-11e4-a52e-4f735466cecf":"f.49633FD853CAE5E68BDC48EC70618E25.d.5A8C66F6DE2180CA0116961F1724C4D6.e.6519"},"getText",[]]}
COMMAND: POST /session/312b457e950016f7ac2dd5fe08468d8b/execute/async - {"script":"<script> [1562 bytes]","args":[{"selector":{"controlType":"sap.m.ObjectStatus","viewName":"etm.portal.ui.managecontracts.view.Detail","bindingPath":{"path":"/SmartContractItems(CONTRACT='10228',ITEM=10m,SUB_ITEM=0m)","propertyPath":"STATUS"}},"wdio_ui5_key":"etmportal.ui.managecontracts.view.Detailsap.m.ObjectStatus{\"path\":\"/SmartContractItems(CONTRACT='10228',ITEM=10m,SUB_ITEM=0m)\",\"propertyPath\":\"STATUS\"}"}]}
RESULT: {"script":"<script> [1562 bytes]","args":[{"selector":{"controlType":"sap.m.ObjectStatus","viewName":"etm.portal.ui.managecontracts.view.Detail","bindingPath":{"path":"/SmartContractItems(CONTRACT='10228',ITEM=10m,SUB_ITEM=0m)","propertyPath":"STATUS"}},"wdio_ui5_key":"etmportal.ui.managecontracts.view.Detailsap.m.ObjectStatus{\"path\":\"/SmartContractItems(CONTRACT='10228',ITEM=10m,SUB_ITEM=0m)\",\"propertyPath\":\"STATUS\"}"}]}
RESULT: undefined
COMMAND: POST /session/312b457e950016f7ac2dd5fe08468d8b/execute/async - {"script":"<script> [6424 bytes]","args":[{"element-6066-11e4-a52e-4f735466cecf":"f.49633FD853CAE5E68BDC48EC70618E25.d.5A8C66F6DE2180CA0116961F1724C4D6.e.6521"},"getText",[]]}
RESULT: {"script":"<script> [6424 bytes]","args":[{"element-6066-11e4-a52e-4f735466cecf":"f.49633FD853CAE5E68BDC48EC70618E25.d.5A8C66F6DE2180CA0116961F1724C4D6.e.6521"},"getText",[]]}
COMMAND: POST /session/312b457e950016f7ac2dd5fe08468d8b/execute/async - {"script":"<script> [1562 bytes]","args":[{"selector":{"controlType":"sap.m.ObjectStatus","viewName":"etm.portal.ui.managecontracts.view.Detail","bindingPath":{"path":"/SmartContractItems(CONTRACT='10228',ITEM=20m,SUB_ITEM=0m)","propertyPath":"STATUS"}},"wdio_ui5_key":"etmportal.ui.managecontracts.view.Detailsap.m.ObjectStatus{\"path\":\"/SmartContractItems(CONTRACT='10228',ITEM=20m,SUB_ITEM=0m)\",\"propertyPath\":\"STATUS\"}"}]}
RESULT: {"script":"<script> [1562 bytes]","args":[{"selector":{"controlType":"sap.m.ObjectStatus","viewName":"etm.portal.ui.managecontracts.view.Detail","bindingPath":{"path":"/SmartContractItems(CONTRACT='10228',ITEM=20m,SUB_ITEM=0m)","propertyPath":"STATUS"}},"wdio_ui5_key":"etmportal.ui.managecontracts.view.Detailsap.m.ObjectStatus{\"path\":\"/SmartContractItems(CONTRACT='10228',ITEM=20m,SUB_ITEM=0m)\",\"propertyPath\":\"STATUS\"}"}]}
RESULT: undefined
COMMAND: POST /session/312b457e950016f7ac2dd5fe08468d8b/execute/async - {"script":"<script> [6424 bytes]","args":[{"element-6066-11e4-a52e-4f735466cecf":"f.49633FD853CAE5E68BDC48EC70618E25.d.5A8C66F6DE2180CA0116961F1724C4D6.e.6522"},"getText",[]]}
RESULT: {"script":"<script> [6424 bytes]","args":[{"element-6066-11e4-a52e-4f735466cecf":"f.49633FD853CAE5E68BDC48EC70618E25.d.5A8C66F6DE2180CA0116961F1724C4D6.e.6522"},"getText",[]]}
]]></system-out>
    </testcase>
  </testsuite>
  <testsuite timestamp="2025-05-15T06:00:46" time="90.266" tests="1" failures="0" errors="0" skipped="0">
    <properties>
      <property name="specId" value="0" />
      <property name="suiteName" value="Manage contracts - revert request US152962" />
      <property name="capabilities" value="chrome.136_0_7103_49.windows" />
      <property name="file" value="file:///D:/a/1/s/test/specs/R2C/manage-contracts-revert-request.spec.js" />
    </properties>
    <testcase classname="chrome.136_0_7103_49.windows.Manage_contracts_-_revert_request_US152962" name="Should revert the request" time="90.264">
      <system-out><![CDATA[
COMMAND: POST /session/312b457e950016f7ac2dd5fe08468d8b/execute/async - {"script":"<script> [1562 bytes]","args":[{"selector":{"id":"revertPlanningBtn","viewName":"etm.portal.ui.managecontracts.view.Detail","interaction":{"idSuffix":"BDI-content"}},"wdio_ui5_key":"revertPlanningBtnetmportal.ui.managecontracts.view.Detail"}]}
RESULT: {"script":"<script> [1562 bytes]","args":[{"selector":{"id":"revertPlanningBtn","viewName":"etm.portal.ui.managecontracts.view.Detail","interaction":{"idSuffix":"BDI-content"}},"wdio_ui5_key":"revertPlanningBtnetmportal.ui.managecontracts.view.Detail"}]}
RESULT: undefined
COMMAND: POST /session/312b457e950016f7ac2dd5fe08468d8b/element - {"using":"xpath","value":"//*[@id=\"__xmlview64--revertPlanningBtn\"]"}
RESULT: {"using":"xpath","value":"//*[@id=\"__xmlview64--revertPlanningBtn\"]"}
COMMAND: POST /session/312b457e950016f7ac2dd5fe08468d8b/element/f.49633FD853CAE5E68BDC48EC70618E25.d.5A8C66F6DE2180CA0116961F1724C4D6.e.6380/click - {}
RESULT: {}
COMMAND: POST /session/312b457e950016f7ac2dd5fe08468d8b/element - {"using":"xpath","value":"(//div[contains(@id ,\"selectMulti-CbBg\")])[2]"}
COMMAND: GET /session/312b457e950016f7ac2dd5fe08468d8b/screenshot - {}
RESULT: {"using":"xpath","value":"(//div[contains(@id ,\"selectMulti-CbBg\")])[2]"}
COMMAND: POST /session/312b457e950016f7ac2dd5fe08468d8b/element/f.49633FD853CAE5E68BDC48EC70618E25.d.5A8C66F6DE2180CA0116961F1724C4D6.e.6568/click - {}
RESULT: {}
RESULT: {}
COMMAND: GET /session/312b457e950016f7ac2dd5fe08468d8b/screenshot - {}
RESULT: {}
COMMAND: POST /session/312b457e950016f7ac2dd5fe08468d8b/element - {"using":"xpath","value":"//span[contains(@id ,\"executeRevertPlanningBtn-content\")]"}
RESULT: {"using":"xpath","value":"//span[contains(@id ,\"executeRevertPlanningBtn-content\")]"}
COMMAND: POST /session/312b457e950016f7ac2dd5fe08468d8b/element/f.49633FD853CAE5E68BDC48EC70618E25.d.5A8C66F6DE2180CA0116961F1724C4D6.e.6570/click - {}
RESULT: {}
COMMAND: GET /session/312b457e950016f7ac2dd5fe08468d8b/screenshot - {}
RESULT: {}
COMMAND: POST /session/312b457e950016f7ac2dd5fe08468d8b/actions - {"actions":[{"id":"action32","type":"key","parameters":{},"actions":[{"type":"keyDown","value":"î€‡"},{"type":"pause","duration":10},{"type":"keyUp","value":"î€‡"}]}]}
RESULT: {"actions":[{"id":"action32","type":"key","parameters":{},"actions":[{"type":"keyDown","value":"î€‡"},{"type":"pause","duration":10},{"type":"keyUp","value":"î€‡"}]}]}
COMMAND: GET /session/312b457e950016f7ac2dd5fe08468d8b/screenshot - {}
RESULT: {}
COMMAND: POST /session/312b457e950016f7ac2dd5fe08468d8b/refresh - {}
RESULT: {}
COMMAND: GET /session/312b457e950016f7ac2dd5fe08468d8b/screenshot - {}
RESULT: {}
COMMAND: POST /session/312b457e950016f7ac2dd5fe08468d8b/execute/async - {"script":"<script> [189 bytes]","args":[]}
RESULT: {"script":"<script> [189 bytes]","args":[]}
COMMAND: POST /session/312b457e950016f7ac2dd5fe08468d8b/execute/async - {"script":"<script> [123 bytes]","args":[]}
RESULT: {"script":"<script> [123 bytes]","args":[]}
COMMAND: POST /session/312b457e950016f7ac2dd5fe08468d8b/timeouts - {"script":"<number>"}
RESULT: {"script":"<number>"}
COMMAND: GET /session/312b457e950016f7ac2dd5fe08468d8b/timeouts - {}
RESULT: {}
RESULT: undefined
COMMAND: POST /session/312b457e950016f7ac2dd5fe08468d8b/execute/async - {"script":"<script> [2676 bytes]","args":[]}
RESULT: {"script":"<script> [2676 bytes]","args":[]}
COMMAND: POST /session/312b457e950016f7ac2dd5fe08468d8b/execute/async - {"script":"<script> [2342 bytes]","args":[{"protocol":"http","hostname":"0.0.0.0","path":"/","capabilities":{"browserName":"chrome","goog:chromeOptions":{"binary":"C:\\Program Files\\Google\\Chrome\\Application\\chrome.exe","args":["--start-maximized"]}},"logLevel":"warn","connectionRetryTimeout":120000,"connectionRetryCount":3,"logLevels":{},"enableDirectConnect":true,"strictSSL":true,"_":"65 more keys: [\"cacheDir\",\"port\",\"requestedCapabilities\",\"automationProtocol\",\"baseUrl\",\"waitforInterval\",\"waitforTimeout\",\"onReload\",\"beforeCommand\",\"afterCommand\",\"rootDir\",\"specs\",\"suites\",\"exclude\",\"groupLogsByTestSpec\",\"excludeDriverLogs\",\"bail\",\"framework\",\"reporters\",\"services\",\"maxInstances\",\"maxInstancesPerCapability\",\"injectGlobals\",\"filesToWatch\",\"execArgv\",\"runnerEnv\",\"runner\",\"shard\",\"specFileRetries\",\"specFileRetriesDelay\",\"specFileRetriesDeferred\",\"reporterSyncInterval\",\"reporterSyncTimeout\",\"cucumberFeaturesWithLineNumbers\",\"autoCompileOpts\",\"mochaOpts\",\"jasmineOpts\",\"cucumberOpts\",\"onPrepare\",\"onWorkerStart\",\"onWorkerEnd\",\"before\",\"beforeSession\",\"beforeSuite\",\"beforeHook\",\"beforeTest\",\"afterTest\",\"afterHook\",\"afterSuite\",\"afterSession\",\"after\",\"onComplete\",\"beforeAssertion\",\"afterAssertion\",\"beforeFeature\",\"beforeScenario\",\"beforeStep\",\"afterStep\",\"afterScenario\",\"afterFeature\",\"_\",\"suite\",\"$0\",\"ignoredWorkerServices\",\"wdi5\"]"}]}
RESULT: {"script":"<script> [2342 bytes]","args":[{"protocol":"http","hostname":"0.0.0.0","path":"/","capabilities":{"browserName":"chrome","goog:chromeOptions":{"binary":"C:\\Program Files\\Google\\Chrome\\Application\\chrome.exe","args":["--start-maximized"]}},"logLevel":"warn","connectionRetryTimeout":120000,"connectionRetryCount":3,"logLevels":{},"enableDirectConnect":true,"strictSSL":true,"_":"65 more keys: [\"cacheDir\",\"port\",\"requestedCapabilities\",\"automationProtocol\",\"baseUrl\",\"waitforInterval\",\"waitforTimeout\",\"onReload\",\"beforeCommand\",\"afterCommand\",\"rootDir\",\"specs\",\"suites\",\"exclude\",\"groupLogsByTestSpec\",\"excludeDriverLogs\",\"bail\",\"framework\",\"reporters\",\"services\",\"maxInstances\",\"maxInstancesPerCapability\",\"injectGlobals\",\"filesToWatch\",\"execArgv\",\"runnerEnv\",\"runner\",\"shard\",\"specFileRetries\",\"specFileRetriesDelay\",\"specFileRetriesDeferred\",\"reporterSyncInterval\",\"reporterSyncTimeout\",\"cucumberFeaturesWithLineNumbers\",\"autoCompileOpts\",\"mochaOpts\",\"jasmineOpts\",\"cucumberOpts\",\"onPrepare\",\"onWorkerStart\",\"onWorkerEnd\",\"before\",\"beforeSession\",\"beforeSuite\",\"beforeHook\",\"beforeTest\",\"afterTest\",\"afterHook\",\"afterSuite\",\"afterSession\",\"after\",\"onComplete\",\"beforeAssertion\",\"afterAssertion\",\"beforeFeature\",\"beforeScenario\",\"beforeStep\",\"afterStep\",\"afterScenario\",\"afterFeature\",\"_\",\"suite\",\"$0\",\"ignoredWorkerServices\",\"wdi5\"]"}]}
COMMAND: POST /session/312b457e950016f7ac2dd5fe08468d8b/execute/async - {"script":"<script> [21126 bytes]","args":[35000]}
RESULT: {"script":"<script> [21126 bytes]","args":[35000]}
COMMAND: POST /session/312b457e950016f7ac2dd5fe08468d8b/execute/async - {"script":"<script> [1562 bytes]","args":[{"selector":{"controlType":"sap.m.Title","viewName":"etm.portal.ui.managecontracts.view.Detail","properties":{"text":"Contract Items (1)"}},"wdio_ui5_key":"etmportal.ui.managecontracts.view.Detailsap.m.Title{\"text\":\"Contract Items (1)\"}"}]}
RESULT: {"script":"<script> [1562 bytes]","args":[{"selector":{"controlType":"sap.m.Title","viewName":"etm.portal.ui.managecontracts.view.Detail","properties":{"text":"Contract Items (1)"}},"wdio_ui5_key":"etmportal.ui.managecontracts.view.Detailsap.m.Title{\"text\":\"Contract Items (1)\"}"}]}
RESULT: undefined
COMMAND: POST /session/312b457e950016f7ac2dd5fe08468d8b/execute/async - {"script":"<script> [6424 bytes]","args":[{"element-6066-11e4-a52e-4f735466cecf":"f.49633FD853CAE5E68BDC48EC70618E25.d.111318AF1049C0FEDA8001411B090732.e.6786"},"getText",[]]}
RESULT: {"script":"<script> [6424 bytes]","args":[{"element-6066-11e4-a52e-4f735466cecf":"f.49633FD853CAE5E68BDC48EC70618E25.d.111318AF1049C0FEDA8001411B090732.e.6786"},"getText",[]]}
COMMAND: POST /session/312b457e950016f7ac2dd5fe08468d8b/execute/async - {"script":"<script> [1562 bytes]","args":[{"selector":{"id":"contractDetailEditBtn","viewName":"etm.portal.ui.managecontracts.view.Detail","interaction":{"idSuffix":"inner"}},"wdio_ui5_key":"contractDetailEditBtnetmportal.ui.managecontracts.view.Detail"}]}
RESULT: {"script":"<script> [1562 bytes]","args":[{"selector":{"id":"contractDetailEditBtn","viewName":"etm.portal.ui.managecontracts.view.Detail","interaction":{"idSuffix":"inner"}},"wdio_ui5_key":"contractDetailEditBtnetmportal.ui.managecontracts.view.Detail"}]}
RESULT: undefined
COMMAND: POST /session/312b457e950016f7ac2dd5fe08468d8b/element - {"using":"xpath","value":"//*[@id=\"__xmlview1--contractDetailEditBtn\"]"}
RESULT: {"using":"xpath","value":"//*[@id=\"__xmlview1--contractDetailEditBtn\"]"}
COMMAND: POST /session/312b457e950016f7ac2dd5fe08468d8b/element/f.49633FD853CAE5E68BDC48EC70618E25.d.111318AF1049C0FEDA8001411B090732.e.6607/click - {}
RESULT: {}
COMMAND: GET /session/312b457e950016f7ac2dd5fe08468d8b/screenshot - {}
RESULT: {}
COMMAND: POST /session/312b457e950016f7ac2dd5fe08468d8b/element - {"using":"xpath","value":"(//span[contains(text(), \"Header Billing Items\")])[2]"}
RESULT: {"using":"xpath","value":"(//span[contains(text(), \"Header Billing Items\")])[2]"}
COMMAND: POST /session/312b457e950016f7ac2dd5fe08468d8b/element/f.49633FD853CAE5E68BDC48EC70618E25.d.111318AF1049C0FEDA8001411B090732.e.6852/click - {}
RESULT: {}
COMMAND: GET /session/312b457e950016f7ac2dd5fe08468d8b/screenshot - {}
RESULT: {}
COMMAND: POST /session/312b457e950016f7ac2dd5fe08468d8b/element - {"using":"xpath","value":"//div[contains(@id ,\"ProductsTable-sa-CbBg\")]"}
RESULT: {"using":"xpath","value":"//div[contains(@id ,\"ProductsTable-sa-CbBg\")]"}
COMMAND: POST /session/312b457e950016f7ac2dd5fe08468d8b/element/f.49633FD853CAE5E68BDC48EC70618E25.d.111318AF1049C0FEDA8001411B090732.e.6856/click - {}
RESULT: {}
COMMAND: GET /session/312b457e950016f7ac2dd5fe08468d8b/screenshot - {}
RESULT: {}
COMMAND: POST /session/312b457e950016f7ac2dd5fe08468d8b/execute/async - {"script":"<script> [1562 bytes]","args":[{"selector":{"id":"deleteBtn","viewName":"etm.portal.ui.managecontracts.view.EditContract","interaction":{"idSuffix":"BDI-content"}},"wdio_ui5_key":"deleteBtnetmportal.ui.managecontracts.view.EditContract"}]}
RESULT: {"script":"<script> [1562 bytes]","args":[{"selector":{"id":"deleteBtn","viewName":"etm.portal.ui.managecontracts.view.EditContract","interaction":{"idSuffix":"BDI-content"}},"wdio_ui5_key":"deleteBtnetmportal.ui.managecontracts.view.EditContract"}]}
RESULT: undefined
COMMAND: POST /session/312b457e950016f7ac2dd5fe08468d8b/element - {"using":"xpath","value":"//*[@id=\"__xmlview2--deleteBtn\"]"}
RESULT: {"using":"xpath","value":"//*[@id=\"__xmlview2--deleteBtn\"]"}
COMMAND: POST /session/312b457e950016f7ac2dd5fe08468d8b/element/f.49633FD853CAE5E68BDC48EC70618E25.d.111318AF1049C0FEDA8001411B090732.e.6858/click - {}
RESULT: {}
COMMAND: POST /session/312b457e950016f7ac2dd5fe08468d8b/element - {"using":"xpath","value":"//bdi[contains(@id ,\"BDI-content\")][contains(text(), \"OK\")]"}
COMMAND: GET /session/312b457e950016f7ac2dd5fe08468d8b/screenshot - {}
RESULT: {"using":"xpath","value":"//bdi[contains(@id ,\"BDI-content\")][contains(text(), \"OK\")]"}
COMMAND: POST /session/312b457e950016f7ac2dd5fe08468d8b/element/f.49633FD853CAE5E68BDC48EC70618E25.d.111318AF1049C0FEDA8001411B090732.e.6860/click - {}
RESULT: {}
RESULT: {}
COMMAND: GET /session/312b457e950016f7ac2dd5fe08468d8b/screenshot - {}
RESULT: {}
COMMAND: POST /session/312b457e950016f7ac2dd5fe08468d8b/element - {"using":"xpath","value":"//bdi[contains(@id ,\"BDI-content\")][contains(text(), \"Save\")]"}
RESULT: {"using":"xpath","value":"//bdi[contains(@id ,\"BDI-content\")][contains(text(), \"Save\")]"}
COMMAND: POST /session/312b457e950016f7ac2dd5fe08468d8b/element/f.49633FD853CAE5E68BDC48EC70618E25.d.111318AF1049C0FEDA8001411B090732.e.6862/click - {}
RESULT: {}
COMMAND: GET /session/312b457e950016f7ac2dd5fe08468d8b/screenshot - {}
RESULT: {}
COMMAND: POST /session/312b457e950016f7ac2dd5fe08468d8b/element - {"using":"xpath","value":"(//span[contains(text(), \"Header Billing Items\")])[1]"}
RESULT: {"using":"xpath","value":"(//span[contains(text(), \"Header Billing Items\")])[1]"}
COMMAND: POST /session/312b457e950016f7ac2dd5fe08468d8b/element/f.49633FD853CAE5E68BDC48EC70618E25.d.111318AF1049C0FEDA8001411B090732.e.6865/click - {}
RESULT: {}
COMMAND: GET /session/312b457e950016f7ac2dd5fe08468d8b/screenshot - {}
RESULT: {}
COMMAND: POST /session/312b457e950016f7ac2dd5fe08468d8b/execute/async - {"script":"<script> [1562 bytes]","args":[{"selector":{"controlType":"sap.m.ObjectStatus","viewName":"etm.portal.ui.managecontracts.view.Detail","bindingPath":{"path":"/SmartContractItems(CONTRACT='10228',ITEM=10m,SUB_ITEM=0m)","propertyPath":"STATUS"}},"wdio_ui5_key":"etmportal.ui.managecontracts.view.Detailsap.m.ObjectStatus{\"path\":\"/SmartContractItems(CONTRACT='10228',ITEM=10m,SUB_ITEM=0m)\",\"propertyPath\":\"STATUS\"}"}]}
RESULT: {"script":"<script> [1562 bytes]","args":[{"selector":{"controlType":"sap.m.ObjectStatus","viewName":"etm.portal.ui.managecontracts.view.Detail","bindingPath":{"path":"/SmartContractItems(CONTRACT='10228',ITEM=10m,SUB_ITEM=0m)","propertyPath":"STATUS"}},"wdio_ui5_key":"etmportal.ui.managecontracts.view.Detailsap.m.ObjectStatus{\"path\":\"/SmartContractItems(CONTRACT='10228',ITEM=10m,SUB_ITEM=0m)\",\"propertyPath\":\"STATUS\"}"}]}
RESULT: undefined
COMMAND: POST /session/312b457e950016f7ac2dd5fe08468d8b/execute/async - {"script":"<script> [6424 bytes]","args":[{"element-6066-11e4-a52e-4f735466cecf":"f.49633FD853CAE5E68BDC48EC70618E25.d.111318AF1049C0FEDA8001411B090732.e.6869"},"getText",[]]}
RESULT: {"script":"<script> [6424 bytes]","args":[{"element-6066-11e4-a52e-4f735466cecf":"f.49633FD853CAE5E68BDC48EC70618E25.d.111318AF1049C0FEDA8001411B090732.e.6869"},"getText",[]]}
COMMAND: POST /session/312b457e950016f7ac2dd5fe08468d8b/element - {"using":"css selector","value":"#shell-header-logo"}
RESULT: {"using":"css selector","value":"#shell-header-logo"}
COMMAND: POST /session/312b457e950016f7ac2dd5fe08468d8b/element/f.49633FD853CAE5E68BDC48EC70618E25.d.111318AF1049C0FEDA8001411B090732.e.6765/click - {}
RESULT: {}
COMMAND: GET /session/312b457e950016f7ac2dd5fe08468d8b/screenshot - {}
RESULT: {}
COMMAND: POST /session/312b457e950016f7ac2dd5fe08468d8b/execute/async - {"script":"<script> [1562 bytes]","args":[{"selector":{"controlType":"sap.m.GenericTile","properties":{"header":"Manage Requests"}},"wdio_ui5_key":"sapm.GenericTile{\"header\":\"Manage Requests\"}"}]}
RESULT: {"script":"<script> [1562 bytes]","args":[{"selector":{"controlType":"sap.m.GenericTile","properties":{"header":"Manage Requests"}},"wdio_ui5_key":"sapm.GenericTile{\"header\":\"Manage Requests\"}"}]}
RESULT: undefined
COMMAND: POST /session/312b457e950016f7ac2dd5fe08468d8b/element - {"using":"xpath","value":"//*[@id=\"__tile47\"]"}
RESULT: {"using":"xpath","value":"//*[@id=\"__tile47\"]"}
COMMAND: POST /session/312b457e950016f7ac2dd5fe08468d8b/element/f.49633FD853CAE5E68BDC48EC70618E25.d.111318AF1049C0FEDA8001411B090732.e.6882/click - {}
RESULT: {}
COMMAND: GET /session/312b457e950016f7ac2dd5fe08468d8b/screenshot - {}
RESULT: {}
COMMAND: POST /session/312b457e950016f7ac2dd5fe08468d8b/execute/async - {"script":"<script> [1562 bytes]","args":[{"selector":{"controlType":"sap.m.SearchField","viewName":"etm.portal.ui.managerequests.view.Master","bindingPath":{"path":"","propertyPath":"/_BASIC_SEARCH_FIELD","modelName":"fi1t3rM0d31"},"interaction":{"idSuffix":"I"}},"wdio_ui5_key":"etmportal.ui.managerequests.view.Mastersap.m.SearchField{\"path\":\"\",\"propertyPath\":\"/_BASIC_SEARCH_FIELD\",\"modelName\":\"fi1t3rM0d31\"}"}]}
COMMAND: POST /session/312b457e950016f7ac2dd5fe08468d8b/elements - {"using":"xpath","value":"//span[text()='Error']"}
RESULT: {"script":"<script> [1562 bytes]","args":[{"selector":{"controlType":"sap.m.SearchField","viewName":"etm.portal.ui.managerequests.view.Master","bindingPath":{"path":"","propertyPath":"/_BASIC_SEARCH_FIELD","modelName":"fi1t3rM0d31"},"interaction":{"idSuffix":"I"}},"wdio_ui5_key":"etmportal.ui.managerequests.view.Mastersap.m.SearchField{\"path\":\"\",\"propertyPath\":\"/_BASIC_SEARCH_FIELD\",\"modelName\":\"fi1t3rM0d31\"}"}]}
RESULT: undefined
COMMAND: POST /session/312b457e950016f7ac2dd5fe08468d8b/execute/async - {"script":"<script> [776 bytes]","args":[{"enterText":"20106","selector":{"controlType":"sap.m.SearchField","viewName":"etm.portal.ui.managerequests.view.Master","bindingPath":{"path":"","propertyPath":"/_BASIC_SEARCH_FIELD","modelName":"fi1t3rM0d31"},"interaction":{"idSuffix":"I"}},"clearTextFirst":true,"interactionType":"ENTER_TEXT"}]}
RESULT: {"using":"xpath","value":"//span[text()='Error']"}
RESULT: {"script":"<script> [776 bytes]","args":[{"enterText":"20106","selector":{"controlType":"sap.m.SearchField","viewName":"etm.portal.ui.managerequests.view.Master","bindingPath":{"path":"","propertyPath":"/_BASIC_SEARCH_FIELD","modelName":"fi1t3rM0d31"},"interaction":{"idSuffix":"I"}},"clearTextFirst":true,"interactionType":"ENTER_TEXT"}]}
COMMAND: POST /session/312b457e950016f7ac2dd5fe08468d8b/actions - {"actions":[{"id":"action33","type":"key","parameters":{},"actions":[{"type":"keyDown","value":"î€‡"},{"type":"pause","duration":10},{"type":"keyUp","value":"î€‡"}]}]}
RESULT: {"actions":[{"id":"action33","type":"key","parameters":{},"actions":[{"type":"keyDown","value":"î€‡"},{"type":"pause","duration":10},{"type":"keyUp","value":"î€‡"}]}]}
COMMAND: GET /session/312b457e950016f7ac2dd5fe08468d8b/screenshot - {}
RESULT: {}
COMMAND: POST /session/312b457e950016f7ac2dd5fe08468d8b/execute/async - {"script":"<script> [1562 bytes]","args":[{"selector":{"controlType":"sap.m.Text","viewName":"etm.portal.ui.managerequests.view.Master","bindingPath":{"path":"/SmartManageRequests('20106')","propertyPath":"NO"}},"wdio_ui5_key":"etmportal.ui.managerequests.view.Mastersap.m.Text{\"path\":\"/SmartManageRequests('20106')\",\"propertyPath\":\"NO\"}"}]}
RESULT: {"script":"<script> [1562 bytes]","args":[{"selector":{"controlType":"sap.m.Text","viewName":"etm.portal.ui.managerequests.view.Master","bindingPath":{"path":"/SmartManageRequests('20106')","propertyPath":"NO"}},"wdio_ui5_key":"etmportal.ui.managerequests.view.Mastersap.m.Text{\"path\":\"/SmartManageRequests('20106')\",\"propertyPath\":\"NO\"}"}]}
RESULT: undefined
COMMAND: POST /session/312b457e950016f7ac2dd5fe08468d8b/element - {"using":"xpath","value":"//*[@id=\"__text463-__clone252\"]"}
RESULT: {"using":"xpath","value":"//*[@id=\"__text463-__clone252\"]"}
COMMAND: POST /session/312b457e950016f7ac2dd5fe08468d8b/element/f.49633FD853CAE5E68BDC48EC70618E25.d.111318AF1049C0FEDA8001411B090732.e.7016/click - {}
RESULT: {}
COMMAND: GET /session/312b457e950016f7ac2dd5fe08468d8b/screenshot - {}
RESULT: {}
COMMAND: POST /session/312b457e950016f7ac2dd5fe08468d8b/execute/async - {"script":"<script> [1562 bytes]","args":[{"selector":{"controlType":"sap.ui.core.Icon","viewName":"etm.portal.ui.managerequests.view.Detail","properties":{"src":{"regex":{"source":"slim\\-arrow\\-up"}}}},"wdio_ui5_key":"etmportal.ui.managerequests.view.Detailsap.ui.core.Icon{\"src\":{\"regex\":{\"source\":\"slim\\\\-arrow\\\\-up\"}}}"}]}
RESULT: {"script":"<script> [1562 bytes]","args":[{"selector":{"controlType":"sap.ui.core.Icon","viewName":"etm.portal.ui.managerequests.view.Detail","properties":{"src":{"regex":{"source":"slim\\-arrow\\-up"}}}},"wdio_ui5_key":"etmportal.ui.managerequests.view.Detailsap.ui.core.Icon{\"src\":{\"regex\":{\"source\":\"slim\\\\-arrow\\\\-up\"}}}"}]}
RESULT: undefined
COMMAND: POST /session/312b457e950016f7ac2dd5fe08468d8b/element - {"using":"xpath","value":"//*[@id=\"__xmlview62--detailRequestPage-OPHeaderContent-collapseBtn-img\"]"}
RESULT: {"using":"xpath","value":"//*[@id=\"__xmlview62--detailRequestPage-OPHeaderContent-collapseBtn-img\"]"}
COMMAND: POST /session/312b457e950016f7ac2dd5fe08468d8b/element/f.49633FD853CAE5E68BDC48EC70618E25.d.111318AF1049C0FEDA8001411B090732.e.7166/click - {}
RESULT: {}
COMMAND: GET /session/312b457e950016f7ac2dd5fe08468d8b/screenshot - {}
RESULT: {}
COMMAND: POST /session/312b457e950016f7ac2dd5fe08468d8b/execute/async - {"script":"<script> [1562 bytes]","args":[{"selector":{"controlType":"sap.m.Text","viewName":"etm.portal.ui.managerequests.view.Detail","bindingPath":{"path":"/SmartRequestItemsPlanningBoard(ITEM=20m,REQUEST='20106')","propertyPath":"STATUS_DESC"}},"wdio_ui5_key":"etmportal.ui.managerequests.view.Detailsap.m.Text{\"path\":\"/SmartRequestItemsPlanningBoard(ITEM=20m,REQUEST='20106')\",\"propertyPath\":\"STATUS_DESC\"}"}]}
RESULT: {"script":"<script> [1562 bytes]","args":[{"selector":{"controlType":"sap.m.Text","viewName":"etm.portal.ui.managerequests.view.Detail","bindingPath":{"path":"/SmartRequestItemsPlanningBoard(ITEM=20m,REQUEST='20106')","propertyPath":"STATUS_DESC"}},"wdio_ui5_key":"etmportal.ui.managerequests.view.Detailsap.m.Text{\"path\":\"/SmartRequestItemsPlanningBoard(ITEM=20m,REQUEST='20106')\",\"propertyPath\":\"STATUS_DESC\"}"}]}
RESULT: undefined
COMMAND: POST /session/312b457e950016f7ac2dd5fe08468d8b/execute/async - {"script":"<script> [6424 bytes]","args":[{"element-6066-11e4-a52e-4f735466cecf":"f.49633FD853CAE5E68BDC48EC70618E25.d.111318AF1049C0FEDA8001411B090732.e.7223"},"getText",[]]}
RESULT: {"script":"<script> [6424 bytes]","args":[{"element-6066-11e4-a52e-4f735466cecf":"f.49633FD853CAE5E68BDC48EC70618E25.d.111318AF1049C0FEDA8001411B090732.e.7223"},"getText",[]]}
COMMAND: POST /session/312b457e950016f7ac2dd5fe08468d8b/element - {"using":"css selector","value":"#shell-header-logo"}
RESULT: {"using":"css selector","value":"#shell-header-logo"}
COMMAND: POST /session/312b457e950016f7ac2dd5fe08468d8b/element/f.49633FD853CAE5E68BDC48EC70618E25.d.111318AF1049C0FEDA8001411B090732.e.6886/click - {}
RESULT: {}
COMMAND: GET /session/312b457e950016f7ac2dd5fe08468d8b/screenshot - {}
RESULT: {}
]]></system-out>
    </testcase>
  </testsuite>
  <testsuite timestamp="2025-05-15T06:02:16" time="241.429" tests="4" failures="0" errors="0" skipped="0">
    <properties>
      <property name="specId" value="0" />
      <property name="suiteName" value="Standard contract close-reopen US111278" />
      <property name="capabilities" value="chrome.136_0_7103_49.windows" />
      <property name="file" value="file:///D:/a/1/s/test/specs/R2C/standard-contract-close-reopen.spec.js" />
    </properties>
    <testcase classname="chrome.136_0_7103_49.windows.Standard_contract_close-reopen_US111278" name="Should create a new contract and add an item" time="138.802">
      <system-out><![CDATA[
COMMAND: POST /session/312b457e950016f7ac2dd5fe08468d8b/execute/async - {"script":"<script> [1562 bytes]","args":[{"selector":{"controlType":"sap.m.GenericTile","properties":{"header":"Manage Contracts"}},"wdio_ui5_key":"sapm.GenericTile{\"header\":\"Manage Contracts\"}"}]}
RESULT: {"script":"<script> [1562 bytes]","args":[{"selector":{"controlType":"sap.m.GenericTile","properties":{"header":"Manage Contracts"}},"wdio_ui5_key":"sapm.GenericTile{\"header\":\"Manage Contracts\"}"}]}
RESULT: undefined
COMMAND: POST /session/312b457e950016f7ac2dd5fe08468d8b/element - {"using":"xpath","value":"//*[@id=\"__tile132\"]"}
RESULT: {"using":"xpath","value":"//*[@id=\"__tile132\"]"}
COMMAND: POST /session/312b457e950016f7ac2dd5fe08468d8b/element/f.49633FD853CAE5E68BDC48EC70618E25.d.111318AF1049C0FEDA8001411B090732.e.7226/click - {}
RESULT: {}
COMMAND: GET /session/312b457e950016f7ac2dd5fe08468d8b/screenshot - {}
COMMAND: POST /session/312b457e950016f7ac2dd5fe08468d8b/elements - {"using":"xpath","value":"//span[text()='Error']"}
RESULT: {}
RESULT: {"using":"xpath","value":"//span[text()='Error']"}
COMMAND: POST /session/312b457e950016f7ac2dd5fe08468d8b/element - {"using":"xpath","value":"//button[@data-kt=\"addButton\"]"}
RESULT: {"using":"xpath","value":"//button[@data-kt=\"addButton\"]"}
COMMAND: POST /session/312b457e950016f7ac2dd5fe08468d8b/element/f.49633FD853CAE5E68BDC48EC70618E25.d.111318AF1049C0FEDA8001411B090732.e.7272/click - {}
RESULT: {}
COMMAND: GET /session/312b457e950016f7ac2dd5fe08468d8b/screenshot - {}
RESULT: {}
COMMAND: POST /session/312b457e950016f7ac2dd5fe08468d8b/execute/async - {"script":"<script> [1562 bytes]","args":[{"selector":{"id":"application-managecontracts-display-component---AddNewContract--projectDescription","interaction":{"idSuffix":"inner"}},"wdio_ui5_key":"applicationmanagecontracts-display-component---AddNewContract--projectDescription"}]}
RESULT: {"script":"<script> [1562 bytes]","args":[{"selector":{"id":"application-managecontracts-display-component---AddNewContract--projectDescription","interaction":{"idSuffix":"inner"}},"wdio_ui5_key":"applicationmanagecontracts-display-component---AddNewContract--projectDescription"}]}
RESULT: undefined
COMMAND: POST /session/312b457e950016f7ac2dd5fe08468d8b/execute/async - {"script":"<script> [776 bytes]","args":[{"enterText":"WdIOR2c1zm3q","selector":{"id":"application-managecontracts-display-component---AddNewContract--projectDescription","interaction":{"idSuffix":"inner"}},"clearTextFirst":true,"interactionType":"ENTER_TEXT"}]}
RESULT: {"script":"<script> [776 bytes]","args":[{"enterText":"WdIOR2c1zm3q","selector":{"id":"application-managecontracts-display-component---AddNewContract--projectDescription","interaction":{"idSuffix":"inner"}},"clearTextFirst":true,"interactionType":"ENTER_TEXT"}]}
COMMAND: POST /session/312b457e950016f7ac2dd5fe08468d8b/element - {"using":"xpath","value":"//input[@id=\"application-managecontracts-display-component---AddNewContract--yardId-inner\"]"}
RESULT: {"using":"xpath","value":"//input[@id=\"application-managecontracts-display-component---AddNewContract--yardId-inner\"]"}
COMMAND: POST /session/312b457e950016f7ac2dd5fe08468d8b/element/f.49633FD853CAE5E68BDC48EC70618E25.d.111318AF1049C0FEDA8001411B090732.e.7576/clear - {}
RESULT: {}
COMMAND: POST /session/312b457e950016f7ac2dd5fe08468d8b/element/f.49633FD853CAE5E68BDC48EC70618E25.d.111318AF1049C0FEDA8001411B090732.e.7576/value - {"text":"WebdriverYard8myzr"}
COMMAND: GET /session/312b457e950016f7ac2dd5fe08468d8b/screenshot - {}
RESULT: {"text":"WebdriverYard8myzr"}
COMMAND: GET /session/312b457e950016f7ac2dd5fe08468d8b/screenshot - {}
RESULT: {}
RESULT: {}
COMMAND: POST /session/312b457e950016f7ac2dd5fe08468d8b/actions - {"actions":[{"id":"action34","type":"key","parameters":{},"actions":[{"type":"keyDown","value":"î€‡"},{"type":"pause","duration":10},{"type":"keyUp","value":"î€‡"}]}]}
RESULT: {"actions":[{"id":"action34","type":"key","parameters":{},"actions":[{"type":"keyDown","value":"î€‡"},{"type":"pause","duration":10},{"type":"keyUp","value":"î€‡"}]}]}
COMMAND: GET /session/312b457e950016f7ac2dd5fe08468d8b/screenshot - {}
RESULT: {}
COMMAND: POST /session/312b457e950016f7ac2dd5fe08468d8b/element - {"using":"xpath","value":"//input[@id=\"application-managecontracts-display-component---AddNewContract--customerSelect-inner\"]"}
RESULT: {"using":"xpath","value":"//input[@id=\"application-managecontracts-display-component---AddNewContract--customerSelect-inner\"]"}
COMMAND: POST /session/312b457e950016f7ac2dd5fe08468d8b/element/f.49633FD853CAE5E68BDC48EC70618E25.d.111318AF1049C0FEDA8001411B090732.e.7574/clear - {}
RESULT: {}
COMMAND: POST /session/312b457e950016f7ac2dd5fe08468d8b/element/f.49633FD853CAE5E68BDC48EC70618E25.d.111318AF1049C0FEDA8001411B090732.e.7574/value - {"text":"WebdriverPartnerld92m"}
COMMAND: GET /session/312b457e950016f7ac2dd5fe08468d8b/screenshot - {}
RESULT: {"text":"WebdriverPartnerld92m"}
COMMAND: GET /session/312b457e950016f7ac2dd5fe08468d8b/screenshot - {}
RESULT: {}
RESULT: {}
COMMAND: POST /session/312b457e950016f7ac2dd5fe08468d8b/actions - {"actions":[{"id":"action35","type":"key","parameters":{},"actions":[{"type":"keyDown","value":"î€‡"},{"type":"pause","duration":10},{"type":"keyUp","value":"î€‡"}]}]}
RESULT: {"actions":[{"id":"action35","type":"key","parameters":{},"actions":[{"type":"keyDown","value":"î€‡"},{"type":"pause","duration":10},{"type":"keyUp","value":"î€‡"}]}]}
COMMAND: GET /session/312b457e950016f7ac2dd5fe08468d8b/screenshot - {}
RESULT: {}
COMMAND: POST /session/312b457e950016f7ac2dd5fe08468d8b/element - {"using":"xpath","value":"//input[@id=\"application-managecontracts-display-component---AddNewContract--site-inner\"]"}
RESULT: {"using":"xpath","value":"//input[@id=\"application-managecontracts-display-component---AddNewContract--site-inner\"]"}
COMMAND: POST /session/312b457e950016f7ac2dd5fe08468d8b/element/f.49633FD853CAE5E68BDC48EC70618E25.d.111318AF1049C0FEDA8001411B090732.e.7575/clear - {}
RESULT: {}
COMMAND: POST /session/312b457e950016f7ac2dd5fe08468d8b/element/f.49633FD853CAE5E68BDC48EC70618E25.d.111318AF1049C0FEDA8001411B090732.e.7575/value - {"text":"WebdriverSitezblod"}
COMMAND: GET /session/312b457e950016f7ac2dd5fe08468d8b/screenshot - {}
RESULT: {"text":"WebdriverSitezblod"}
COMMAND: GET /session/312b457e950016f7ac2dd5fe08468d8b/screenshot - {}
RESULT: {}
RESULT: {}
COMMAND: POST /session/312b457e950016f7ac2dd5fe08468d8b/actions - {"actions":[{"id":"action36","type":"key","parameters":{},"actions":[{"type":"keyDown","value":"î€‡"},{"type":"pause","duration":10},{"type":"keyUp","value":"î€‡"}]}]}
RESULT: {"actions":[{"id":"action36","type":"key","parameters":{},"actions":[{"type":"keyDown","value":"î€‡"},{"type":"pause","duration":10},{"type":"keyUp","value":"î€‡"}]}]}
COMMAND: GET /session/312b457e950016f7ac2dd5fe08468d8b/screenshot - {}
RESULT: {}
COMMAND: POST /session/312b457e950016f7ac2dd5fe08468d8b/element - {"using":"xpath","value":"//button[@data-kt=\"saveButton\"]"}
RESULT: {"using":"xpath","value":"//button[@data-kt=\"saveButton\"]"}
COMMAND: POST /session/312b457e950016f7ac2dd5fe08468d8b/element/f.49633FD853CAE5E68BDC48EC70618E25.d.111318AF1049C0FEDA8001411B090732.e.7608/click - {}
RESULT: {}
COMMAND: GET /session/312b457e950016f7ac2dd5fe08468d8b/screenshot - {}
RESULT: {}
COMMAND: POST /session/312b457e950016f7ac2dd5fe08468d8b/execute/async - {"script":"<script> [1562 bytes]","args":[{"selector":{"id":"contractDetailTitleNoExpanded","viewName":"etm.portal.ui.managecontracts.view.Detail"},"wdio_ui5_key":"contractDetailTitleNoExpandedetmportal.ui.managecontracts.view.Detail"}]}
RESULT: {"script":"<script> [1562 bytes]","args":[{"selector":{"id":"contractDetailTitleNoExpanded","viewName":"etm.portal.ui.managecontracts.view.Detail"},"wdio_ui5_key":"contractDetailTitleNoExpandedetmportal.ui.managecontracts.view.Detail"}]}
RESULT: undefined
COMMAND: POST /session/312b457e950016f7ac2dd5fe08468d8b/execute/async - {"script":"<script> [6424 bytes]","args":[{"element-6066-11e4-a52e-4f735466cecf":"f.49633FD853CAE5E68BDC48EC70618E25.d.111318AF1049C0FEDA8001411B090732.e.7618"},"getText",[]]}
RESULT: {"script":"<script> [6424 bytes]","args":[{"element-6066-11e4-a52e-4f735466cecf":"f.49633FD853CAE5E68BDC48EC70618E25.d.111318AF1049C0FEDA8001411B090732.e.7618"},"getText",[]]}
COMMAND: POST /session/312b457e950016f7ac2dd5fe08468d8b/execute/async - {"script":"<script> [1562 bytes]","args":[{"selector":{"id":"closeContractBtn","viewName":"etm.portal.ui.managecontracts.view.Detail"},"wdio_ui5_key":"closeContractBtnetmportal.ui.managecontracts.view.Detail"}]}
RESULT: {"script":"<script> [1562 bytes]","args":[{"selector":{"id":"closeContractBtn","viewName":"etm.portal.ui.managecontracts.view.Detail"},"wdio_ui5_key":"closeContractBtnetmportal.ui.managecontracts.view.Detail"}]}
RESULT: undefined
COMMAND: POST /session/312b457e950016f7ac2dd5fe08468d8b/execute/async - {"script":"<script> [6424 bytes]","args":[{"element-6066-11e4-a52e-4f735466cecf":"f.49633FD853CAE5E68BDC48EC70618E25.d.111318AF1049C0FEDA8001411B090732.e.7619"},"getEnabled",[]]}
RESULT: {"script":"<script> [6424 bytes]","args":[{"element-6066-11e4-a52e-4f735466cecf":"f.49633FD853CAE5E68BDC48EC70618E25.d.111318AF1049C0FEDA8001411B090732.e.7619"},"getEnabled",[]]}
COMMAND: POST /session/312b457e950016f7ac2dd5fe08468d8b/element - {"using":"xpath","value":"//button[@data-kt=\"contractDetailEditBtnButton\"]"}
RESULT: {"using":"xpath","value":"//button[@data-kt=\"contractDetailEditBtnButton\"]"}
COMMAND: POST /session/312b457e950016f7ac2dd5fe08468d8b/element/f.49633FD853CAE5E68BDC48EC70618E25.d.111318AF1049C0FEDA8001411B090732.e.7620/click - {}
RESULT: {}
COMMAND: GET /session/312b457e950016f7ac2dd5fe08468d8b/screenshot - {}
RESULT: {}
COMMAND: POST /session/312b457e950016f7ac2dd5fe08468d8b/element - {"using":"xpath","value":"(//span[contains(text(), \"Additional Addresses\")])[2]"}
RESULT: {"using":"xpath","value":"(//span[contains(text(), \"Additional Addresses\")])[2]"}
COMMAND: POST /session/312b457e950016f7ac2dd5fe08468d8b/element/f.49633FD853CAE5E68BDC48EC70618E25.d.111318AF1049C0FEDA8001411B090732.e.7679/click - {}
RESULT: {}
COMMAND: GET /session/312b457e950016f7ac2dd5fe08468d8b/screenshot - {}
RESULT: {}
COMMAND: POST /session/312b457e950016f7ac2dd5fe08468d8b/element - {"using":"xpath","value":"//button[@data-kt=\"btnAddTableRowOverflowToolbarButton\"]"}
RESULT: {"using":"xpath","value":"//button[@data-kt=\"btnAddTableRowOverflowToolbarButton\"]"}
COMMAND: POST /session/312b457e950016f7ac2dd5fe08468d8b/element/f.49633FD853CAE5E68BDC48EC70618E25.d.111318AF1049C0FEDA8001411B090732.e.7681/click - {}
RESULT: {}
COMMAND: GET /session/312b457e950016f7ac2dd5fe08468d8b/screenshot - {}
RESULT: {}
COMMAND: POST /session/312b457e950016f7ac2dd5fe08468d8b/element - {"using":"xpath","value":"//div[(text() = 'Standard Entry' or . = 'Standard Entry')]"}
RESULT: {"using":"xpath","value":"//div[(text() = 'Standard Entry' or . = 'Standard Entry')]"}
COMMAND: POST /session/312b457e950016f7ac2dd5fe08468d8b/element/f.49633FD853CAE5E68BDC48EC70618E25.d.111318AF1049C0FEDA8001411B090732.e.7683/click - {}
RESULT: {}
COMMAND: POST /session/312b457e950016f7ac2dd5fe08468d8b/element - {"using":"xpath","value":"//td[6]/div/div/input[1]"}
COMMAND: GET /session/312b457e950016f7ac2dd5fe08468d8b/screenshot - {}
RESULT: {"using":"xpath","value":"//td[6]/div/div/input[1]"}
COMMAND: POST /session/312b457e950016f7ac2dd5fe08468d8b/element/f.49633FD853CAE5E68BDC48EC70618E25.d.111318AF1049C0FEDA8001411B090732.e.7685/click - {}
RESULT: {}
RESULT: {}
COMMAND: POST /session/312b457e950016f7ac2dd5fe08468d8b/actions - {"actions":[{"id":"action37","type":"key","parameters":{},"actions":[{"type":"keyDown","value":"î€ƒ"},{"type":"pause","duration":10},{"type":"keyUp","value":"î€ƒ"}]}]}
COMMAND: GET /session/312b457e950016f7ac2dd5fe08468d8b/screenshot - {}
RESULT: {"actions":[{"id":"action37","type":"key","parameters":{},"actions":[{"type":"keyDown","value":"î€ƒ"},{"type":"pause","duration":10},{"type":"keyUp","value":"î€ƒ"}]}]}
COMMAND: POST /session/312b457e950016f7ac2dd5fe08468d8b/element - {"using":"xpath","value":"//td[6]/div/div/input[1]"}
COMMAND: GET /session/312b457e950016f7ac2dd5fe08468d8b/screenshot - {}
RESULT: {}
RESULT: {"using":"xpath","value":"//td[6]/div/div/input[1]"}
COMMAND: POST /session/312b457e950016f7ac2dd5fe08468d8b/element/f.49633FD853CAE5E68BDC48EC70618E25.d.111318AF1049C0FEDA8001411B090732.e.7685/clear - {}
RESULT: {}
RESULT: {}
COMMAND: POST /session/312b457e950016f7ac2dd5fe08468d8b/element/f.49633FD853CAE5E68BDC48EC70618E25.d.111318AF1049C0FEDA8001411B090732.e.7685/value - {"text":"Material"}
COMMAND: GET /session/312b457e950016f7ac2dd5fe08468d8b/screenshot - {}
RESULT: {"text":"Material"}
COMMAND: GET /session/312b457e950016f7ac2dd5fe08468d8b/screenshot - {}
RESULT: {}
RESULT: {}
COMMAND: POST /session/312b457e950016f7ac2dd5fe08468d8b/actions - {"actions":[{"id":"action38","type":"key","parameters":{},"actions":[{"type":"keyDown","value":"î€‡"},{"type":"pause","duration":10},{"type":"keyUp","value":"î€‡"}]}]}
RESULT: {"actions":[{"id":"action38","type":"key","parameters":{},"actions":[{"type":"keyDown","value":"î€‡"},{"type":"pause","duration":10},{"type":"keyUp","value":"î€‡"}]}]}
COMMAND: GET /session/312b457e950016f7ac2dd5fe08468d8b/screenshot - {}
RESULT: {}
COMMAND: POST /session/312b457e950016f7ac2dd5fe08468d8b/actions - {"actions":[{"id":"action39","type":"key","parameters":{},"actions":[{"type":"keyDown","value":"î€‡"},{"type":"pause","duration":10},{"type":"keyUp","value":"î€‡"}]}]}
RESULT: {"actions":[{"id":"action39","type":"key","parameters":{},"actions":[{"type":"keyDown","value":"î€‡"},{"type":"pause","duration":10},{"type":"keyUp","value":"î€‡"}]}]}
COMMAND: POST /session/312b457e950016f7ac2dd5fe08468d8b/element - {"using":"xpath","value":"//td[7]/div/div/input"}
COMMAND: GET /session/312b457e950016f7ac2dd5fe08468d8b/screenshot - {}
RESULT: {"using":"xpath","value":"//td[7]/div/div/input"}
COMMAND: POST /session/312b457e950016f7ac2dd5fe08468d8b/element/f.49633FD853CAE5E68BDC48EC70618E25.d.111318AF1049C0FEDA8001411B090732.e.7698/clear - {}
RESULT: {}
RESULT: {}
COMMAND: POST /session/312b457e950016f7ac2dd5fe08468d8b/element/f.49633FD853CAE5E68BDC48EC70618E25.d.111318AF1049C0FEDA8001411B090732.e.7698/value - {"text":"WebdriverRUR2Cogfu1"}
COMMAND: GET /session/312b457e950016f7ac2dd5fe08468d8b/screenshot - {}
RESULT: {"text":"WebdriverRUR2Cogfu1"}
COMMAND: GET /session/312b457e950016f7ac2dd5fe08468d8b/screenshot - {}
RESULT: {}
RESULT: {}
COMMAND: POST /session/312b457e950016f7ac2dd5fe08468d8b/actions - {"actions":[{"id":"action40","type":"key","parameters":{},"actions":[{"type":"keyDown","value":"î€‡"},{"type":"pause","duration":10},{"type":"keyUp","value":"î€‡"}]}]}
RESULT: {"actions":[{"id":"action40","type":"key","parameters":{},"actions":[{"type":"keyDown","value":"î€‡"},{"type":"pause","duration":10},{"type":"keyUp","value":"î€‡"}]}]}
COMMAND: GET /session/312b457e950016f7ac2dd5fe08468d8b/screenshot - {}
RESULT: {}
COMMAND: POST /session/312b457e950016f7ac2dd5fe08468d8b/actions - {"actions":[{"id":"action41","type":"key","parameters":{},"actions":[{"type":"keyDown","value":"î€‡"},{"type":"pause","duration":10},{"type":"keyUp","value":"î€‡"}]}]}
RESULT: {"actions":[{"id":"action41","type":"key","parameters":{},"actions":[{"type":"keyDown","value":"î€‡"},{"type":"pause","duration":10},{"type":"keyUp","value":"î€‡"}]}]}
COMMAND: GET /session/312b457e950016f7ac2dd5fe08468d8b/screenshot - {}
RESULT: {}
COMMAND: POST /session/312b457e950016f7ac2dd5fe08468d8b/element - {"using":"xpath","value":"(//button[@data-kt=\"saveButton\"])[2]"}
RESULT: {"using":"xpath","value":"(//button[@data-kt=\"saveButton\"])[2]"}
COMMAND: POST /session/312b457e950016f7ac2dd5fe08468d8b/element/f.49633FD853CAE5E68BDC48EC70618E25.d.111318AF1049C0FEDA8001411B090732.e.7724/click - {}
RESULT: {}
COMMAND: GET /session/312b457e950016f7ac2dd5fe08468d8b/screenshot - {}
RESULT: {}
]]></system-out>
    </testcase>
    <testcase classname="chrome.136_0_7103_49.windows.Standard_contract_close-reopen_US111278" name="It should close the contract" time="21.533">
      <system-out><![CDATA[
RESULT: undefined
COMMAND: POST /session/312b457e950016f7ac2dd5fe08468d8b/element - {"using":"xpath","value":"//*[@id=\"__xmlview64--closeContractBtn\"]"}
RESULT: {"using":"xpath","value":"//*[@id=\"__xmlview64--closeContractBtn\"]"}
COMMAND: POST /session/312b457e950016f7ac2dd5fe08468d8b/element/f.49633FD853CAE5E68BDC48EC70618E25.d.111318AF1049C0FEDA8001411B090732.e.7619/click - {}
RESULT: {}
COMMAND: GET /session/312b457e950016f7ac2dd5fe08468d8b/screenshot - {}
RESULT: {}
COMMAND: POST /session/312b457e950016f7ac2dd5fe08468d8b/element - {"using":"xpath","value":"//span[contains(text(), \"Do you want to close the whole contract?\")]"}
RESULT: {"using":"xpath","value":"//span[contains(text(), \"Do you want to close the whole contract?\")]"}
COMMAND: POST /session/312b457e950016f7ac2dd5fe08468d8b/execute/sync - {"script":"<script> [8489 bytes]","args":[{"element-6066-11e4-a52e-4f735466cecf":"f.49633FD853CAE5E68BDC48EC70618E25.d.111318AF1049C0FEDA8001411B090732.e.7728","ELEMENT":"f.49633FD853CAE5E68BDC48EC70618E25.d.111318AF1049C0FEDA8001411B090732.e.7728"}]}
RESULT: {"script":"<script> [8489 bytes]","args":[{"element-6066-11e4-a52e-4f735466cecf":"f.49633FD853CAE5E68BDC48EC70618E25.d.111318AF1049C0FEDA8001411B090732.e.7728","ELEMENT":"f.49633FD853CAE5E68BDC48EC70618E25.d.111318AF1049C0FEDA8001411B090732.e.7728"}]}
COMMAND: POST /session/312b457e950016f7ac2dd5fe08468d8b/element - {"using":"xpath","value":"//bdi[contains(text(), \"OK\")]"}
COMMAND: GET /session/312b457e950016f7ac2dd5fe08468d8b/screenshot - {}
RESULT: {"using":"xpath","value":"//bdi[contains(text(), \"OK\")]"}
COMMAND: POST /session/312b457e950016f7ac2dd5fe08468d8b/element/f.49633FD853CAE5E68BDC48EC70618E25.d.111318AF1049C0FEDA8001411B090732.e.7729/click - {}
RESULT: {}
RESULT: {}
COMMAND: GET /session/312b457e950016f7ac2dd5fe08468d8b/screenshot - {}
RESULT: {}
COMMAND: POST /session/312b457e950016f7ac2dd5fe08468d8b/element - {"using":"xpath","value":"//input[contains(@id ,\"smartContractFilterBar-btnBasicSearch-I\")]"}
RESULT: {"using":"xpath","value":"//input[contains(@id ,\"smartContractFilterBar-btnBasicSearch-I\")]"}
COMMAND: POST /session/312b457e950016f7ac2dd5fe08468d8b/element/f.49633FD853CAE5E68BDC48EC70618E25.d.111318AF1049C0FEDA8001411B090732.e.7232/clear - {}
RESULT: {}
COMMAND: POST /session/312b457e950016f7ac2dd5fe08468d8b/element/f.49633FD853CAE5E68BDC48EC70618E25.d.111318AF1049C0FEDA8001411B090732.e.7232/value - {"text":"10229"}
COMMAND: GET /session/312b457e950016f7ac2dd5fe08468d8b/screenshot - {}
RESULT: {"text":"10229"}
COMMAND: POST /session/312b457e950016f7ac2dd5fe08468d8b/actions - {"actions":[{"id":"action42","type":"key","parameters":{},"actions":[{"type":"keyDown","value":"î€‡"},{"type":"pause","duration":10},{"type":"keyUp","value":"î€‡"}]}]}
COMMAND: GET /session/312b457e950016f7ac2dd5fe08468d8b/screenshot - {}
RESULT: {}
RESULT: {"actions":[{"id":"action42","type":"key","parameters":{},"actions":[{"type":"keyDown","value":"î€‡"},{"type":"pause","duration":10},{"type":"keyUp","value":"î€‡"}]}]}
COMMAND: GET /session/312b457e950016f7ac2dd5fe08468d8b/screenshot - {}
RESULT: {}
RESULT: {}
COMMAND: POST /session/312b457e950016f7ac2dd5fe08468d8b/execute/async - {"script":"<script> [1562 bytes]","args":[{"selector":{"controlType":"sap.ui.core.Icon","viewName":"etm.portal.ui.managecontracts.view.Master","properties":{"src":{"regex":{"source":"slim\\-arrow\\-right"}}}},"wdio_ui5_key":"etmportal.ui.managecontracts.view.Mastersap.ui.core.Icon{\"src\":{\"regex\":{\"source\":\"slim\\\\-arrow\\\\-right\"}}}"}]}
RESULT: {"script":"<script> [1562 bytes]","args":[{"selector":{"controlType":"sap.ui.core.Icon","viewName":"etm.portal.ui.managecontracts.view.Master","properties":{"src":{"regex":{"source":"slim\\-arrow\\-right"}}}},"wdio_ui5_key":"etmportal.ui.managecontracts.view.Mastersap.ui.core.Icon{\"src\":{\"regex\":{\"source\":\"slim\\\\-arrow\\\\-right\"}}}"}]}
RESULT: undefined
COMMAND: POST /session/312b457e950016f7ac2dd5fe08468d8b/element - {"using":"xpath","value":"//*[@id=\"__item126-__clone3458-imgNav\"]"}
RESULT: {"using":"xpath","value":"//*[@id=\"__item126-__clone3458-imgNav\"]"}
COMMAND: POST /session/312b457e950016f7ac2dd5fe08468d8b/element/f.49633FD853CAE5E68BDC48EC70618E25.d.111318AF1049C0FEDA8001411B090732.e.7936/click - {}
RESULT: {}
COMMAND: POST /session/312b457e950016f7ac2dd5fe08468d8b/execute/async - {"script":"<script> [1562 bytes]","args":[{"selector":{"controlType":"sap.m.ObjectStatus","viewName":"etm.portal.ui.managecontracts.view.Detail","bindingPath":{"propertyPath":"LINK_TO_LOGISTICAL_STATUS/DESCRIPTION","modelName":"catalogModel"}},"wdio_ui5_key":"etmportal.ui.managecontracts.view.Detailsap.m.ObjectStatus{\"propertyPath\":\"LINK_TO_LOGISTICAL_STATUS/DESCRIPTION\",\"modelName\":\"catalogModel\"}"}]}
COMMAND: GET /session/312b457e950016f7ac2dd5fe08468d8b/screenshot - {}
RESULT: {}
RESULT: {"script":"<script> [1562 bytes]","args":[{"selector":{"controlType":"sap.m.ObjectStatus","viewName":"etm.portal.ui.managecontracts.view.Detail","bindingPath":{"propertyPath":"LINK_TO_LOGISTICAL_STATUS/DESCRIPTION","modelName":"catalogModel"}},"wdio_ui5_key":"etmportal.ui.managecontracts.view.Detailsap.m.ObjectStatus{\"propertyPath\":\"LINK_TO_LOGISTICAL_STATUS/DESCRIPTION\",\"modelName\":\"catalogModel\"}"}]}
RESULT: undefined
COMMAND: POST /session/312b457e950016f7ac2dd5fe08468d8b/execute/async - {"script":"<script> [6424 bytes]","args":[{"element-6066-11e4-a52e-4f735466cecf":"f.49633FD853CAE5E68BDC48EC70618E25.d.111318AF1049C0FEDA8001411B090732.e.7977"},"getText",[]]}
RESULT: {"script":"<script> [6424 bytes]","args":[{"element-6066-11e4-a52e-4f735466cecf":"f.49633FD853CAE5E68BDC48EC70618E25.d.111318AF1049C0FEDA8001411B090732.e.7977"},"getText",[]]}
]]></system-out>
    </testcase>
    <testcase classname="chrome.136_0_7103_49.windows.Standard_contract_close-reopen_US111278" name="Should reopen the contract" time="10.348">
      <system-out><![CDATA[
COMMAND: POST /session/312b457e950016f7ac2dd5fe08468d8b/execute/async - {"script":"<script> [1562 bytes]","args":[{"selector":{"id":"openContractBtn","viewName":"etm.portal.ui.managecontracts.view.Detail"},"wdio_ui5_key":"openContractBtnetmportal.ui.managecontracts.view.Detail"}]}
RESULT: {"script":"<script> [1562 bytes]","args":[{"selector":{"id":"openContractBtn","viewName":"etm.portal.ui.managecontracts.view.Detail"},"wdio_ui5_key":"openContractBtnetmportal.ui.managecontracts.view.Detail"}]}
RESULT: undefined
COMMAND: POST /session/312b457e950016f7ac2dd5fe08468d8b/execute/async - {"script":"<script> [6424 bytes]","args":[{"element-6066-11e4-a52e-4f735466cecf":"f.49633FD853CAE5E68BDC48EC70618E25.d.111318AF1049C0FEDA8001411B090732.e.7956"},"getEnabled",[]]}
RESULT: {"script":"<script> [6424 bytes]","args":[{"element-6066-11e4-a52e-4f735466cecf":"f.49633FD853CAE5E68BDC48EC70618E25.d.111318AF1049C0FEDA8001411B090732.e.7956"},"getEnabled",[]]}
COMMAND: POST /session/312b457e950016f7ac2dd5fe08468d8b/element - {"using":"xpath","value":"//bdi[contains(text(), \"Edit\")]"}
RESULT: {"using":"xpath","value":"//bdi[contains(text(), \"Edit\")]"}
COMMAND: POST /session/312b457e950016f7ac2dd5fe08468d8b/element - {"using":"xpath","value":"//bdi[contains(text(), \"Edit\")]"}
RESULT: undefined
COMMAND: POST /session/312b457e950016f7ac2dd5fe08468d8b/element - {"using":"xpath","value":"//*[@id=\"__xmlview64--openContractBtn\"]"}
RESULT: {"using":"xpath","value":"//*[@id=\"__xmlview64--openContractBtn\"]"}
COMMAND: POST /session/312b457e950016f7ac2dd5fe08468d8b/element/f.49633FD853CAE5E68BDC48EC70618E25.d.111318AF1049C0FEDA8001411B090732.e.7956/click - {}
RESULT: {"using":"xpath","value":"//bdi[contains(text(), \"Edit\")]"}
RESULT: {}
COMMAND: POST /session/312b457e950016f7ac2dd5fe08468d8b/execute/async - {"script":"<script> [1562 bytes]","args":[{"selector":{"controlType":"sap.m.Text","properties":{"text":"Contract has been reopened successfully"},"searchOpenDialogs":true},"wdio_ui5_key":"sapm.Text{\"text\":\"Contract has been reopened successfully\"}"}]}
COMMAND: GET /session/312b457e950016f7ac2dd5fe08468d8b/screenshot - {}
RESULT: {"script":"<script> [1562 bytes]","args":[{"selector":{"controlType":"sap.m.Text","properties":{"text":"Contract has been reopened successfully"},"searchOpenDialogs":true},"wdio_ui5_key":"sapm.Text{\"text\":\"Contract has been reopened successfully\"}"}]}
RESULT: undefined
COMMAND: POST /session/312b457e950016f7ac2dd5fe08468d8b/execute/async - {"script":"<script> [6424 bytes]","args":[{"element-6066-11e4-a52e-4f735466cecf":"f.49633FD853CAE5E68BDC48EC70618E25.d.111318AF1049C0FEDA8001411B090732.e.7980"},"getText",[]]}
RESULT: {}
RESULT: {"script":"<script> [6424 bytes]","args":[{"element-6066-11e4-a52e-4f735466cecf":"f.49633FD853CAE5E68BDC48EC70618E25.d.111318AF1049C0FEDA8001411B090732.e.7980"},"getText",[]]}
COMMAND: POST /session/312b457e950016f7ac2dd5fe08468d8b/element - {"using":"xpath","value":"//bdi[contains(text(), \"OK\")]"}
RESULT: {"using":"xpath","value":"//bdi[contains(text(), \"OK\")]"}
COMMAND: POST /session/312b457e950016f7ac2dd5fe08468d8b/element/f.49633FD853CAE5E68BDC48EC70618E25.d.111318AF1049C0FEDA8001411B090732.e.7981/click - {}
RESULT: {}
COMMAND: GET /session/312b457e950016f7ac2dd5fe08468d8b/screenshot - {}
RESULT: {}
COMMAND: POST /session/312b457e950016f7ac2dd5fe08468d8b/element - {"using":"xpath","value":"//bdi[contains(text(), \"Edit\")]"}
RESULT: undefined
COMMAND: POST /session/312b457e950016f7ac2dd5fe08468d8b/execute/async - {"script":"<script> [6424 bytes]","args":[{"element-6066-11e4-a52e-4f735466cecf":"f.49633FD853CAE5E68BDC48EC70618E25.d.111318AF1049C0FEDA8001411B090732.e.7619"},"getEnabled",[]]}
RESULT: {"using":"xpath","value":"//bdi[contains(text(), \"Edit\")]"}
COMMAND: POST /session/312b457e950016f7ac2dd5fe08468d8b/execute/sync - {"script":"<script> [8489 bytes]","args":[{"element-6066-11e4-a52e-4f735466cecf":"f.49633FD853CAE5E68BDC48EC70618E25.d.111318AF1049C0FEDA8001411B090732.e.7982","ELEMENT":"f.49633FD853CAE5E68BDC48EC70618E25.d.111318AF1049C0FEDA8001411B090732.e.7982"}]}
COMMAND: POST /session/312b457e950016f7ac2dd5fe08468d8b/execute/async - {"script":"<script> [1562 bytes]","args":[{"selector":{"id":"closeContractBtn","viewName":"etm.portal.ui.managecontracts.view.Detail"},"wdio_ui5_key":"closeContractBtnetmportal.ui.managecontracts.view.Detail"}]}
RESULT: {"script":"<script> [8489 bytes]","args":[{"element-6066-11e4-a52e-4f735466cecf":"f.49633FD853CAE5E68BDC48EC70618E25.d.111318AF1049C0FEDA8001411B090732.e.7982","ELEMENT":"f.49633FD853CAE5E68BDC48EC70618E25.d.111318AF1049C0FEDA8001411B090732.e.7982"}]}
COMMAND: GET /session/312b457e950016f7ac2dd5fe08468d8b/screenshot - {}
RESULT: {"script":"<script> [1562 bytes]","args":[{"selector":{"id":"closeContractBtn","viewName":"etm.portal.ui.managecontracts.view.Detail"},"wdio_ui5_key":"closeContractBtnetmportal.ui.managecontracts.view.Detail"}]}
COMMAND: POST /session/312b457e950016f7ac2dd5fe08468d8b/execute/async - {"script":"<script> [6424 bytes]","args":[{"element-6066-11e4-a52e-4f735466cecf":"f.49633FD853CAE5E68BDC48EC70618E25.d.111318AF1049C0FEDA8001411B090732.e.7983"},"getEnabled",[]]}
RESULT: {}
RESULT: {"script":"<script> [6424 bytes]","args":[{"element-6066-11e4-a52e-4f735466cecf":"f.49633FD853CAE5E68BDC48EC70618E25.d.111318AF1049C0FEDA8001411B090732.e.7983"},"getEnabled",[]]}
]]></system-out>
    </testcase>
    <testcase classname="chrome.136_0_7103_49.windows.Standard_contract_close-reopen_US111278" name="Should verify for multiple statuses that open button is not visible" time="67.063">
      <system-out><![CDATA[
COMMAND: POST /session/312b457e950016f7ac2dd5fe08468d8b/execute/async - {"script":"<script> [1562 bytes]","args":[{"selector":{"controlType":"sap.ui.core.Icon","viewName":"etm.portal.ui.managecontracts.view.Detail","properties":{"src":{"regex":{"source":"decline"}}}},"wdio_ui5_key":"etmportal.ui.managecontracts.view.Detailsap.ui.core.Icon{\"src\":{\"regex\":{\"source\":\"decline\"}}}"}]}
RESULT: {"script":"<script> [1562 bytes]","args":[{"selector":{"controlType":"sap.ui.core.Icon","viewName":"etm.portal.ui.managecontracts.view.Detail","properties":{"src":{"regex":{"source":"decline"}}}},"wdio_ui5_key":"etmportal.ui.managecontracts.view.Detailsap.ui.core.Icon{\"src\":{\"regex\":{\"source\":\"decline\"}}}"}]}
RESULT: undefined
COMMAND: POST /session/312b457e950016f7ac2dd5fe08468d8b/element - {"using":"xpath","value":"//*[@id=\"__xmlview64--closeColumnBtn-img\"]"}
RESULT: {"using":"xpath","value":"//*[@id=\"__xmlview64--closeColumnBtn-img\"]"}
COMMAND: POST /session/312b457e950016f7ac2dd5fe08468d8b/element/f.49633FD853CAE5E68BDC48EC70618E25.d.111318AF1049C0FEDA8001411B090732.e.7952/click - {}
RESULT: {}
COMMAND: GET /session/312b457e950016f7ac2dd5fe08468d8b/screenshot - {}
COMMAND: POST /session/312b457e950016f7ac2dd5fe08468d8b/element - {"using":"xpath","value":"//div[contains(@id ,\"smartContractFilterBar-btnBasicSearch-reset\")]"}
RESULT: {}
RESULT: {"using":"xpath","value":"//div[contains(@id ,\"smartContractFilterBar-btnBasicSearch-reset\")]"}
COMMAND: POST /session/312b457e950016f7ac2dd5fe08468d8b/element/f.49633FD853CAE5E68BDC48EC70618E25.d.111318AF1049C0FEDA8001411B090732.e.7954/click - {}
RESULT: {}
COMMAND: GET /session/312b457e950016f7ac2dd5fe08468d8b/screenshot - {}
COMMAND: POST /session/312b457e950016f7ac2dd5fe08468d8b/execute/async - {"script":"<script> [1562 bytes]","args":[{"selector":{"controlType":"sap.ui.core.Icon","viewName":"etm.portal.ui.managecontracts.view.Master","properties":{"src":{"regex":{"source":"slim\\-arrow\\-down"}}},"ancestor":{"id":"smartContractStatusFilter","viewName":"etm.portal.ui.managecontracts.view.Master"}},"wdio_ui5_key":"etmportal.ui.managecontracts.view.Mastersap.ui.core.Icon{\"src\":{\"regex\":{\"source\":\"slim\\\\-arrow\\\\-down\"}}}{\"id\":\"smartContractStatusFilter\",\"viewName\":\"etm.portal.ui.managecontracts.view.Master\"}"}]}
RESULT: {}
RESULT: {"script":"<script> [1562 bytes]","args":[{"selector":{"controlType":"sap.ui.core.Icon","viewName":"etm.portal.ui.managecontracts.view.Master","properties":{"src":{"regex":{"source":"slim\\-arrow\\-down"}}},"ancestor":{"id":"smartContractStatusFilter","viewName":"etm.portal.ui.managecontracts.view.Master"}},"wdio_ui5_key":"etmportal.ui.managecontracts.view.Mastersap.ui.core.Icon{\"src\":{\"regex\":{\"source\":\"slim\\\\-arrow\\\\-down\"}}}{\"id\":\"smartContractStatusFilter\",\"viewName\":\"etm.portal.ui.managecontracts.view.Master\"}"}]}
RESULT: undefined
COMMAND: POST /session/312b457e950016f7ac2dd5fe08468d8b/element - {"using":"xpath","value":"//*[@id=\"__xmlview63--smartContractStatusFilter-arrow\"]"}
RESULT: {"using":"xpath","value":"//*[@id=\"__xmlview63--smartContractStatusFilter-arrow\"]"}
COMMAND: POST /session/312b457e950016f7ac2dd5fe08468d8b/element/f.49633FD853CAE5E68BDC48EC70618E25.d.111318AF1049C0FEDA8001411B090732.e.8031/click - {}
RESULT: {}
COMMAND: POST /session/312b457e950016f7ac2dd5fe08468d8b/execute/async - {"script":"<script> [1562 bytes]","args":[{"selector":{"controlType":"sap.m.CheckBox","viewName":"etm.portal.ui.managecontracts.view.Master","properties":{"editable":true},"searchOpenDialogs":true,"ancestor":{"controlType":"sap.m.StandardListItem","viewName":"etm.portal.ui.managecontracts.view.Master","properties":{"title":"partial provided"},"searchOpenDialogs":true},"interaction":{"idSuffix":"CbBg"}},"wdio_ui5_key":"etmportal.ui.managecontracts.view.Mastersap.m.CheckBox{\"editable\":true}{\"controlType\":\"sap.m.StandardListItem\",\"viewName\":\"etm.portal.ui.managecontracts.view.Master\",\"properties\":{\"title\":\"partial provided\"},\"searchOpenDialogs\":true}"}]}
COMMAND: GET /session/312b457e950016f7ac2dd5fe08468d8b/screenshot - {}
RESULT: {"script":"<script> [1562 bytes]","args":[{"selector":{"controlType":"sap.m.CheckBox","viewName":"etm.portal.ui.managecontracts.view.Master","properties":{"editable":true},"searchOpenDialogs":true,"ancestor":{"controlType":"sap.m.StandardListItem","viewName":"etm.portal.ui.managecontracts.view.Master","properties":{"title":"partial provided"},"searchOpenDialogs":true},"interaction":{"idSuffix":"CbBg"}},"wdio_ui5_key":"etmportal.ui.managecontracts.view.Mastersap.m.CheckBox{\"editable\":true}{\"controlType\":\"sap.m.StandardListItem\",\"viewName\":\"etm.portal.ui.managecontracts.view.Master\",\"properties\":{\"title\":\"partial provided\"},\"searchOpenDialogs\":true}"}]}
RESULT: undefined
COMMAND: POST /session/312b457e950016f7ac2dd5fe08468d8b/element - {"using":"xpath","value":"//*[@id=\"__item1150-selectMulti\"]"}
RESULT: {}
RESULT: {"using":"xpath","value":"//*[@id=\"__item1150-selectMulti\"]"}
COMMAND: POST /session/312b457e950016f7ac2dd5fe08468d8b/element/f.49633FD853CAE5E68BDC48EC70618E25.d.111318AF1049C0FEDA8001411B090732.e.8040/click - {}
RESULT: {}
COMMAND: GET /session/312b457e950016f7ac2dd5fe08468d8b/screenshot - {}
RESULT: {}
COMMAND: POST /session/312b457e950016f7ac2dd5fe08468d8b/element - {"using":"xpath","value":"(//span[contains(@title ,\"Navigation\")])[2]"}
RESULT: {"using":"xpath","value":"(//span[contains(@title ,\"Navigation\")])[2]"}
COMMAND: POST /session/312b457e950016f7ac2dd5fe08468d8b/element/f.49633FD853CAE5E68BDC48EC70618E25.d.111318AF1049C0FEDA8001411B090732.e.8069/click - {}
RESULT: {}
COMMAND: GET /session/312b457e950016f7ac2dd5fe08468d8b/screenshot - {}
RESULT: {}
COMMAND: POST /session/312b457e950016f7ac2dd5fe08468d8b/element - {"using":"xpath","value":"//bdi[contains(@id ,\"closeContractBtn-BDI-content\")]"}
RESULT: {"using":"xpath","value":"//bdi[contains(@id ,\"closeContractBtn-BDI-content\")]"}
COMMAND: POST /session/312b457e950016f7ac2dd5fe08468d8b/execute/sync - {"script":"<script> [8489 bytes]","args":[{"element-6066-11e4-a52e-4f735466cecf":"f.49633FD853CAE5E68BDC48EC70618E25.d.111318AF1049C0FEDA8001411B090732.e.8255","ELEMENT":"f.49633FD853CAE5E68BDC48EC70618E25.d.111318AF1049C0FEDA8001411B090732.e.8255"}]}
RESULT: undefined
COMMAND: POST /session/312b457e950016f7ac2dd5fe08468d8b/element - {"using":"xpath","value":"//*[@id=\"__xmlview64--closeColumnBtn-img\"]"}
RESULT: {"script":"<script> [8489 bytes]","args":[{"element-6066-11e4-a52e-4f735466cecf":"f.49633FD853CAE5E68BDC48EC70618E25.d.111318AF1049C0FEDA8001411B090732.e.8255","ELEMENT":"f.49633FD853CAE5E68BDC48EC70618E25.d.111318AF1049C0FEDA8001411B090732.e.8255"}]}
COMMAND: GET /session/312b457e950016f7ac2dd5fe08468d8b/screenshot - {}
RESULT: {"using":"xpath","value":"//*[@id=\"__xmlview64--closeColumnBtn-img\"]"}
COMMAND: POST /session/312b457e950016f7ac2dd5fe08468d8b/element/f.49633FD853CAE5E68BDC48EC70618E25.d.111318AF1049C0FEDA8001411B090732.e.7952/click - {}
RESULT: {}
RESULT: {}
COMMAND: GET /session/312b457e950016f7ac2dd5fe08468d8b/screenshot - {}
COMMAND: POST /session/312b457e950016f7ac2dd5fe08468d8b/execute/sync - {"script":"<script> [8489 bytes]","args":[{"element-6066-11e4-a52e-4f735466cecf":"f.49633FD853CAE5E68BDC48EC70618E25.d.111318AF1049C0FEDA8001411B090732.e.8255","ELEMENT":"f.49633FD853CAE5E68BDC48EC70618E25.d.111318AF1049C0FEDA8001411B090732.e.8255"}]}
COMMAND: POST /session/312b457e950016f7ac2dd5fe08468d8b/refresh - {}
RESULT: {}
RESULT: {"script":"<script> [8489 bytes]","args":[{"element-6066-11e4-a52e-4f735466cecf":"f.49633FD853CAE5E68BDC48EC70618E25.d.111318AF1049C0FEDA8001411B090732.e.8255","ELEMENT":"f.49633FD853CAE5E68BDC48EC70618E25.d.111318AF1049C0FEDA8001411B090732.e.8255"}]}
COMMAND: GET /session/312b457e950016f7ac2dd5fe08468d8b/screenshot - {}
RESULT: {}
COMMAND: GET /session/312b457e950016f7ac2dd5fe08468d8b/screenshot - {}
RESULT: {}
RESULT: {}
COMMAND: POST /session/312b457e950016f7ac2dd5fe08468d8b/execute/async - {"script":"<script> [189 bytes]","args":[]}
RESULT: {"script":"<script> [189 bytes]","args":[]}
COMMAND: POST /session/312b457e950016f7ac2dd5fe08468d8b/execute/async - {"script":"<script> [123 bytes]","args":[]}
RESULT: {"script":"<script> [123 bytes]","args":[]}
COMMAND: POST /session/312b457e950016f7ac2dd5fe08468d8b/timeouts - {"script":"<number>"}
RESULT: {"script":"<number>"}
COMMAND: GET /session/312b457e950016f7ac2dd5fe08468d8b/timeouts - {}
RESULT: {}
RESULT: undefined
COMMAND: POST /session/312b457e950016f7ac2dd5fe08468d8b/execute/async - {"script":"<script> [2676 bytes]","args":[]}
RESULT: {"script":"<script> [2676 bytes]","args":[]}
COMMAND: POST /session/312b457e950016f7ac2dd5fe08468d8b/execute/async - {"script":"<script> [2342 bytes]","args":[{"protocol":"http","hostname":"0.0.0.0","path":"/","capabilities":{"browserName":"chrome","goog:chromeOptions":{"binary":"C:\\Program Files\\Google\\Chrome\\Application\\chrome.exe","args":["--start-maximized"]}},"logLevel":"warn","connectionRetryTimeout":120000,"connectionRetryCount":3,"logLevels":{},"enableDirectConnect":true,"strictSSL":true,"_":"65 more keys: [\"cacheDir\",\"port\",\"requestedCapabilities\",\"automationProtocol\",\"baseUrl\",\"waitforInterval\",\"waitforTimeout\",\"onReload\",\"beforeCommand\",\"afterCommand\",\"rootDir\",\"specs\",\"suites\",\"exclude\",\"groupLogsByTestSpec\",\"excludeDriverLogs\",\"bail\",\"framework\",\"reporters\",\"services\",\"maxInstances\",\"maxInstancesPerCapability\",\"injectGlobals\",\"filesToWatch\",\"execArgv\",\"runnerEnv\",\"runner\",\"shard\",\"specFileRetries\",\"specFileRetriesDelay\",\"specFileRetriesDeferred\",\"reporterSyncInterval\",\"reporterSyncTimeout\",\"cucumberFeaturesWithLineNumbers\",\"autoCompileOpts\",\"mochaOpts\",\"jasmineOpts\",\"cucumberOpts\",\"onPrepare\",\"onWorkerStart\",\"onWorkerEnd\",\"before\",\"beforeSession\",\"beforeSuite\",\"beforeHook\",\"beforeTest\",\"afterTest\",\"afterHook\",\"afterSuite\",\"afterSession\",\"after\",\"onComplete\",\"beforeAssertion\",\"afterAssertion\",\"beforeFeature\",\"beforeScenario\",\"beforeStep\",\"afterStep\",\"afterScenario\",\"afterFeature\",\"_\",\"suite\",\"$0\",\"ignoredWorkerServices\",\"wdi5\"]"}]}
RESULT: {"script":"<script> [2342 bytes]","args":[{"protocol":"http","hostname":"0.0.0.0","path":"/","capabilities":{"browserName":"chrome","goog:chromeOptions":{"binary":"C:\\Program Files\\Google\\Chrome\\Application\\chrome.exe","args":["--start-maximized"]}},"logLevel":"warn","connectionRetryTimeout":120000,"connectionRetryCount":3,"logLevels":{},"enableDirectConnect":true,"strictSSL":true,"_":"65 more keys: [\"cacheDir\",\"port\",\"requestedCapabilities\",\"automationProtocol\",\"baseUrl\",\"waitforInterval\",\"waitforTimeout\",\"onReload\",\"beforeCommand\",\"afterCommand\",\"rootDir\",\"specs\",\"suites\",\"exclude\",\"groupLogsByTestSpec\",\"excludeDriverLogs\",\"bail\",\"framework\",\"reporters\",\"services\",\"maxInstances\",\"maxInstancesPerCapability\",\"injectGlobals\",\"filesToWatch\",\"execArgv\",\"runnerEnv\",\"runner\",\"shard\",\"specFileRetries\",\"specFileRetriesDelay\",\"specFileRetriesDeferred\",\"reporterSyncInterval\",\"reporterSyncTimeout\",\"cucumberFeaturesWithLineNumbers\",\"autoCompileOpts\",\"mochaOpts\",\"jasmineOpts\",\"cucumberOpts\",\"onPrepare\",\"onWorkerStart\",\"onWorkerEnd\",\"before\",\"beforeSession\",\"beforeSuite\",\"beforeHook\",\"beforeTest\",\"afterTest\",\"afterHook\",\"afterSuite\",\"afterSession\",\"after\",\"onComplete\",\"beforeAssertion\",\"afterAssertion\",\"beforeFeature\",\"beforeScenario\",\"beforeStep\",\"afterStep\",\"afterScenario\",\"afterFeature\",\"_\",\"suite\",\"$0\",\"ignoredWorkerServices\",\"wdi5\"]"}]}
COMMAND: POST /session/312b457e950016f7ac2dd5fe08468d8b/execute/async - {"script":"<script> [21126 bytes]","args":[35000]}
RESULT: {"script":"<script> [21126 bytes]","args":[35000]}
COMMAND: POST /session/312b457e950016f7ac2dd5fe08468d8b/execute/async - {"script":"<script> [1562 bytes]","args":[{"selector":{"controlType":"sap.ui.core.Icon","viewName":"etm.portal.ui.managecontracts.view.Master","properties":{"src":{"regex":{"source":"slim\\-arrow\\-down"}}},"ancestor":{"id":"smartContractStatusFilter","viewName":"etm.portal.ui.managecontracts.view.Master"}},"wdio_ui5_key":"etmportal.ui.managecontracts.view.Mastersap.ui.core.Icon{\"src\":{\"regex\":{\"source\":\"slim\\\\-arrow\\\\-down\"}}}{\"id\":\"smartContractStatusFilter\",\"viewName\":\"etm.portal.ui.managecontracts.view.Master\"}"}]}
RESULT: {"script":"<script> [1562 bytes]","args":[{"selector":{"controlType":"sap.ui.core.Icon","viewName":"etm.portal.ui.managecontracts.view.Master","properties":{"src":{"regex":{"source":"slim\\-arrow\\-down"}}},"ancestor":{"id":"smartContractStatusFilter","viewName":"etm.portal.ui.managecontracts.view.Master"}},"wdio_ui5_key":"etmportal.ui.managecontracts.view.Mastersap.ui.core.Icon{\"src\":{\"regex\":{\"source\":\"slim\\\\-arrow\\\\-down\"}}}{\"id\":\"smartContractStatusFilter\",\"viewName\":\"etm.portal.ui.managecontracts.view.Master\"}"}]}
RESULT: undefined
COMMAND: POST /session/312b457e950016f7ac2dd5fe08468d8b/element - {"using":"xpath","value":"//*[@id=\"__xmlview0--smartContractStatusFilter-arrow\"]"}
RESULT: {"using":"xpath","value":"//*[@id=\"__xmlview0--smartContractStatusFilter-arrow\"]"}
COMMAND: POST /session/312b457e950016f7ac2dd5fe08468d8b/element/f.49633FD853CAE5E68BDC48EC70618E25.d.118FCA1F137B04FE8483D8E685C0C423.e.8459/click - {}
RESULT: {}
COMMAND: GET /session/312b457e950016f7ac2dd5fe08468d8b/screenshot - {}
RESULT: {}
COMMAND: POST /session/312b457e950016f7ac2dd5fe08468d8b/execute/async - {"script":"<script> [1562 bytes]","args":[{"selector":{"controlType":"sap.m.CheckBox","viewName":"etm.portal.ui.managecontracts.view.Master","properties":{"editable":true},"searchOpenDialogs":true,"ancestor":{"controlType":"sap.m.StandardListItem","viewName":"etm.portal.ui.managecontracts.view.Master","properties":{"title":"partial billed"},"searchOpenDialogs":true},"interaction":{"idSuffix":"CbBg"}},"wdio_ui5_key":"etmportal.ui.managecontracts.view.Mastersap.m.CheckBox{\"editable\":true}{\"controlType\":\"sap.m.StandardListItem\",\"viewName\":\"etm.portal.ui.managecontracts.view.Master\",\"properties\":{\"title\":\"partial billed\"},\"searchOpenDialogs\":true}"}]}
RESULT: {"script":"<script> [1562 bytes]","args":[{"selector":{"controlType":"sap.m.CheckBox","viewName":"etm.portal.ui.managecontracts.view.Master","properties":{"editable":true},"searchOpenDialogs":true,"ancestor":{"controlType":"sap.m.StandardListItem","viewName":"etm.portal.ui.managecontracts.view.Master","properties":{"title":"partial billed"},"searchOpenDialogs":true},"interaction":{"idSuffix":"CbBg"}},"wdio_ui5_key":"etmportal.ui.managecontracts.view.Mastersap.m.CheckBox{\"editable\":true}{\"controlType\":\"sap.m.StandardListItem\",\"viewName\":\"etm.portal.ui.managecontracts.view.Master\",\"properties\":{\"title\":\"partial billed\"},\"searchOpenDialogs\":true}"}]}
RESULT: undefined
COMMAND: POST /session/312b457e950016f7ac2dd5fe08468d8b/element - {"using":"xpath","value":"//*[@id=\"__item41-selectMulti\"]"}
RESULT: {"using":"xpath","value":"//*[@id=\"__item41-selectMulti\"]"}
COMMAND: POST /session/312b457e950016f7ac2dd5fe08468d8b/element/f.49633FD853CAE5E68BDC48EC70618E25.d.118FCA1F137B04FE8483D8E685C0C423.e.8468/click - {}
RESULT: {}
COMMAND: GET /session/312b457e950016f7ac2dd5fe08468d8b/screenshot - {}
RESULT: {}
COMMAND: POST /session/312b457e950016f7ac2dd5fe08468d8b/element - {"using":"xpath","value":"(//span[contains(@title ,\"Navigation\")])[2]"}
RESULT: {"using":"xpath","value":"(//span[contains(@title ,\"Navigation\")])[2]"}
COMMAND: POST /session/312b457e950016f7ac2dd5fe08468d8b/element/f.49633FD853CAE5E68BDC48EC70618E25.d.118FCA1F137B04FE8483D8E685C0C423.e.8503/click - {}
RESULT: {}
COMMAND: GET /session/312b457e950016f7ac2dd5fe08468d8b/screenshot - {}
RESULT: {}
COMMAND: POST /session/312b457e950016f7ac2dd5fe08468d8b/execute/sync - {"script":"<script> [8489 bytes]","args":[{"element-6066-11e4-a52e-4f735466cecf":"f.49633FD853CAE5E68BDC48EC70618E25.d.111318AF1049C0FEDA8001411B090732.e.8255","ELEMENT":"f.49633FD853CAE5E68BDC48EC70618E25.d.111318AF1049C0FEDA8001411B090732.e.8255"}]}
COMMAND: POST /session/312b457e950016f7ac2dd5fe08468d8b/element - {"using":"css selector","value":"#shell-header-logo"}
COMMAND: POST /session/312b457e950016f7ac2dd5fe08468d8b/element - {"using":"xpath","value":"//bdi[contains(@id ,\"closeContractBtn-BDI-content\")]"}
RESULT: {"using":"css selector","value":"#shell-header-logo"}
COMMAND: POST /session/312b457e950016f7ac2dd5fe08468d8b/element/f.49633FD853CAE5E68BDC48EC70618E25.d.118FCA1F137B04FE8483D8E685C0C423.e.8437/click - {}
RESULT: {"using":"xpath","value":"//bdi[contains(@id ,\"closeContractBtn-BDI-content\")]"}
COMMAND: POST /session/312b457e950016f7ac2dd5fe08468d8b/execute/sync - {"script":"<script> [8489 bytes]","args":[{"element-6066-11e4-a52e-4f735466cecf":"f.49633FD853CAE5E68BDC48EC70618E25.d.118FCA1F137B04FE8483D8E685C0C423.e.8860","ELEMENT":"f.49633FD853CAE5E68BDC48EC70618E25.d.118FCA1F137B04FE8483D8E685C0C423.e.8860"}]}
RESULT: {}
COMMAND: GET /session/312b457e950016f7ac2dd5fe08468d8b/screenshot - {}
RESULT: {}
COMMAND: POST /session/312b457e950016f7ac2dd5fe08468d8b/execute/sync - {"script":"<script> [8489 bytes]","args":[{"element-6066-11e4-a52e-4f735466cecf":"f.49633FD853CAE5E68BDC48EC70618E25.d.118FCA1F137B04FE8483D8E685C0C423.e.8860","ELEMENT":"f.49633FD853CAE5E68BDC48EC70618E25.d.118FCA1F137B04FE8483D8E685C0C423.e.8860"}]}
COMMAND: POST /session/312b457e950016f7ac2dd5fe08468d8b/element - {"using":"xpath","value":"//bdi[contains(@id ,\"closeContractBtn-BDI-content\")]"}
RESULT: {"using":"xpath","value":"//bdi[contains(@id ,\"closeContractBtn-BDI-content\")]"}
COMMAND: POST /session/312b457e950016f7ac2dd5fe08468d8b/element - {"using":"xpath","value":"//bdi[contains(@id ,\"closeContractBtn-BDI-content\")]"}
RESULT: {"using":"xpath","value":"//bdi[contains(@id ,\"closeContractBtn-BDI-content\")]"}
]]></system-out>
    </testcase>
  </testsuite>
  <testsuite timestamp="2025-05-15T06:06:17" time="53.496" tests="1" failures="0" errors="0" skipped="0">
    <properties>
      <property name="specId" value="0" />
      <property name="suiteName" value="Standard contract decline US151279" />
      <property name="capabilities" value="chrome.136_0_7103_49.windows" />
      <property name="file" value="file:///D:/a/1/s/test/specs/R2C/standard-contract-decline.spec.js" />
    </properties>
    <testcase classname="chrome.136_0_7103_49.windows.Standard_contract_decline_US151279" name="Should decline a contract" time="48.238">
      <system-out><![CDATA[
COMMAND: POST /session/312b457e950016f7ac2dd5fe08468d8b/execute/async - {"script":"<script> [1562 bytes]","args":[{"selector":{"controlType":"sap.m.GenericTile","properties":{"header":"Manage Contracts"}},"wdio_ui5_key":"sapm.GenericTile{\"header\":\"Manage Contracts\"}"}]}
RESULT: {"script":"<script> [1562 bytes]","args":[{"selector":{"controlType":"sap.m.GenericTile","properties":{"header":"Manage Contracts"}},"wdio_ui5_key":"sapm.GenericTile{\"header\":\"Manage Contracts\"}"}]}
RESULT: undefined
COMMAND: POST /session/312b457e950016f7ac2dd5fe08468d8b/element - {"using":"xpath","value":"//*[@id=\"__tile130\"]"}
RESULT: {"using":"xpath","value":"//*[@id=\"__tile130\"]"}
COMMAND: POST /session/312b457e950016f7ac2dd5fe08468d8b/element/f.49633FD853CAE5E68BDC48EC70618E25.d.118FCA1F137B04FE8483D8E685C0C423.e.8873/click - {}
RESULT: {}
COMMAND: GET /session/312b457e950016f7ac2dd5fe08468d8b/screenshot - {}
RESULT: {}
COMMAND: POST /session/312b457e950016f7ac2dd5fe08468d8b/elements - {"using":"xpath","value":"//span[text()='Error']"}
RESULT: {"using":"xpath","value":"//span[text()='Error']"}
COMMAND: POST /session/312b457e950016f7ac2dd5fe08468d8b/element - {"using":"xpath","value":"//input[contains(@id ,\"smartContractFilterBar-btnBasicSearch-I\")]"}
RESULT: {"using":"xpath","value":"//input[contains(@id ,\"smartContractFilterBar-btnBasicSearch-I\")]"}
COMMAND: POST /session/312b457e950016f7ac2dd5fe08468d8b/element/f.49633FD853CAE5E68BDC48EC70618E25.d.118FCA1F137B04FE8483D8E685C0C423.e.8879/clear - {}
RESULT: {}
COMMAND: POST /session/312b457e950016f7ac2dd5fe08468d8b/element/f.49633FD853CAE5E68BDC48EC70618E25.d.118FCA1F137B04FE8483D8E685C0C423.e.8879/value - {"text":"10229"}
COMMAND: GET /session/312b457e950016f7ac2dd5fe08468d8b/screenshot - {}
RESULT: {"text":"10229"}
COMMAND: POST /session/312b457e950016f7ac2dd5fe08468d8b/actions - {"actions":[{"id":"action43","type":"key","parameters":{},"actions":[{"type":"keyDown","value":"î€‡"},{"type":"pause","duration":10},{"type":"keyUp","value":"î€‡"}]}]}
COMMAND: GET /session/312b457e950016f7ac2dd5fe08468d8b/screenshot - {}
RESULT: {}
RESULT: {"actions":[{"id":"action43","type":"key","parameters":{},"actions":[{"type":"keyDown","value":"î€‡"},{"type":"pause","duration":10},{"type":"keyUp","value":"î€‡"}]}]}
COMMAND: GET /session/312b457e950016f7ac2dd5fe08468d8b/screenshot - {}
RESULT: {}
RESULT: {}
COMMAND: POST /session/312b457e950016f7ac2dd5fe08468d8b/execute/async - {"script":"<script> [1562 bytes]","args":[{"selector":{"controlType":"sap.ui.core.Icon","viewName":"etm.portal.ui.managecontracts.view.Master","properties":{"src":{"regex":{"source":"slim\\-arrow\\-right"}}}},"wdio_ui5_key":"etmportal.ui.managecontracts.view.Mastersap.ui.core.Icon{\"src\":{\"regex\":{\"source\":\"slim\\\\-arrow\\\\-right\"}}}"}]}
RESULT: {"script":"<script> [1562 bytes]","args":[{"selector":{"controlType":"sap.ui.core.Icon","viewName":"etm.portal.ui.managecontracts.view.Master","properties":{"src":{"regex":{"source":"slim\\-arrow\\-right"}}}},"wdio_ui5_key":"etmportal.ui.managecontracts.view.Mastersap.ui.core.Icon{\"src\":{\"regex\":{\"source\":\"slim\\\\-arrow\\\\-right\"}}}"}]}
RESULT: undefined
COMMAND: POST /session/312b457e950016f7ac2dd5fe08468d8b/element - {"using":"xpath","value":"//*[@id=\"__item77-__clone193-imgNav\"]"}
RESULT: {"using":"xpath","value":"//*[@id=\"__item77-__clone193-imgNav\"]"}
COMMAND: POST /session/312b457e950016f7ac2dd5fe08468d8b/element/f.49633FD853CAE5E68BDC48EC70618E25.d.118FCA1F137B04FE8483D8E685C0C423.e.8984/click - {}
RESULT: {}
COMMAND: GET /session/312b457e950016f7ac2dd5fe08468d8b/screenshot - {}
RESULT: {}
COMMAND: POST /session/312b457e950016f7ac2dd5fe08468d8b/execute/async - {"script":"<script> [1562 bytes]","args":[{"selector":{"id":"cancelContractBtn","viewName":"etm.portal.ui.managecontracts.view.Detail","interaction":{"idSuffix":"BDI-content"}},"wdio_ui5_key":"cancelContractBtnetmportal.ui.managecontracts.view.Detail"}]}
RESULT: {"script":"<script> [1562 bytes]","args":[{"selector":{"id":"cancelContractBtn","viewName":"etm.portal.ui.managecontracts.view.Detail","interaction":{"idSuffix":"BDI-content"}},"wdio_ui5_key":"cancelContractBtnetmportal.ui.managecontracts.view.Detail"}]}
RESULT: undefined
COMMAND: POST /session/312b457e950016f7ac2dd5fe08468d8b/element - {"using":"xpath","value":"//*[@id=\"__xmlview61--cancelContractBtn\"]"}
RESULT: {"using":"xpath","value":"//*[@id=\"__xmlview61--cancelContractBtn\"]"}
COMMAND: POST /session/312b457e950016f7ac2dd5fe08468d8b/element/f.49633FD853CAE5E68BDC48EC70618E25.d.118FCA1F137B04FE8483D8E685C0C423.e.9118/click - {}
RESULT: {}
COMMAND: GET /session/312b457e950016f7ac2dd5fe08468d8b/screenshot - {}
RESULT: {}
COMMAND: POST /session/312b457e950016f7ac2dd5fe08468d8b/execute/async - {"script":"<script> [1562 bytes]","args":[{"selector":{"controlType":"sap.m.Text","properties":{"text":"Do you want to cancel the whole contract?"},"searchOpenDialogs":true},"wdio_ui5_key":"sapm.Text{\"text\":\"Do you want to cancel the whole contract?\"}"}]}
RESULT: {"script":"<script> [1562 bytes]","args":[{"selector":{"controlType":"sap.m.Text","properties":{"text":"Do you want to cancel the whole contract?"},"searchOpenDialogs":true},"wdio_ui5_key":"sapm.Text{\"text\":\"Do you want to cancel the whole contract?\"}"}]}
RESULT: undefined
COMMAND: POST /session/312b457e950016f7ac2dd5fe08468d8b/execute/async - {"script":"<script> [6424 bytes]","args":[{"element-6066-11e4-a52e-4f735466cecf":"f.49633FD853CAE5E68BDC48EC70618E25.d.118FCA1F137B04FE8483D8E685C0C423.e.9150"},"getText",[]]}
RESULT: {"script":"<script> [6424 bytes]","args":[{"element-6066-11e4-a52e-4f735466cecf":"f.49633FD853CAE5E68BDC48EC70618E25.d.118FCA1F137B04FE8483D8E685C0C423.e.9150"},"getText",[]]}
COMMAND: POST /session/312b457e950016f7ac2dd5fe08468d8b/element - {"using":"xpath","value":"//bdi[contains(text(), \"OK\")]"}
RESULT: {"using":"xpath","value":"//bdi[contains(text(), \"OK\")]"}
COMMAND: POST /session/312b457e950016f7ac2dd5fe08468d8b/element/f.49633FD853CAE5E68BDC48EC70618E25.d.118FCA1F137B04FE8483D8E685C0C423.e.9151/click - {}
RESULT: {}
COMMAND: GET /session/312b457e950016f7ac2dd5fe08468d8b/screenshot - {}
RESULT: {}
COMMAND: POST /session/312b457e950016f7ac2dd5fe08468d8b/element - {"using":"xpath","value":"//input[contains(@id ,\"smartContractFilterBar-btnBasicSearch-I\")]"}
RESULT: {"using":"xpath","value":"//input[contains(@id ,\"smartContractFilterBar-btnBasicSearch-I\")]"}
COMMAND: POST /session/312b457e950016f7ac2dd5fe08468d8b/element/f.49633FD853CAE5E68BDC48EC70618E25.d.118FCA1F137B04FE8483D8E685C0C423.e.8879/clear - {}
RESULT: {}
COMMAND: POST /session/312b457e950016f7ac2dd5fe08468d8b/element/f.49633FD853CAE5E68BDC48EC70618E25.d.118FCA1F137B04FE8483D8E685C0C423.e.8879/value - {"text":"10229"}
COMMAND: GET /session/312b457e950016f7ac2dd5fe08468d8b/screenshot - {}
RESULT: {"text":"10229"}
COMMAND: POST /session/312b457e950016f7ac2dd5fe08468d8b/actions - {"actions":[{"id":"action44","type":"key","parameters":{},"actions":[{"type":"keyDown","value":"î€‡"},{"type":"pause","duration":10},{"type":"keyUp","value":"î€‡"}]}]}
COMMAND: GET /session/312b457e950016f7ac2dd5fe08468d8b/screenshot - {}
RESULT: {}
RESULT: {"actions":[{"id":"action44","type":"key","parameters":{},"actions":[{"type":"keyDown","value":"î€‡"},{"type":"pause","duration":10},{"type":"keyUp","value":"î€‡"}]}]}
COMMAND: GET /session/312b457e950016f7ac2dd5fe08468d8b/screenshot - {}
RESULT: {}
RESULT: {}
COMMAND: POST /session/312b457e950016f7ac2dd5fe08468d8b/execute/async - {"script":"<script> [1562 bytes]","args":[{"selector":{"controlType":"sap.m.ObjectStatus","viewName":"etm.portal.ui.managecontracts.view.Master","bindingPath":{"path":"/SmartContractHeaders('10229')","propertyPath":"STATUS_DESCRIPTION"}},"wdio_ui5_key":"etmportal.ui.managecontracts.view.Mastersap.m.ObjectStatus{\"path\":\"/SmartContractHeaders('10229')\",\"propertyPath\":\"STATUS_DESCRIPTION\"}"}]}
RESULT: {"script":"<script> [1562 bytes]","args":[{"selector":{"controlType":"sap.m.ObjectStatus","viewName":"etm.portal.ui.managecontracts.view.Master","bindingPath":{"path":"/SmartContractHeaders('10229')","propertyPath":"STATUS_DESCRIPTION"}},"wdio_ui5_key":"etmportal.ui.managecontracts.view.Mastersap.m.ObjectStatus{\"path\":\"/SmartContractHeaders('10229')\",\"propertyPath\":\"STATUS_DESCRIPTION\"}"}]}
RESULT: undefined
COMMAND: POST /session/312b457e950016f7ac2dd5fe08468d8b/execute/async - {"script":"<script> [6424 bytes]","args":[{"element-6066-11e4-a52e-4f735466cecf":"f.49633FD853CAE5E68BDC48EC70618E25.d.118FCA1F137B04FE8483D8E685C0C423.e.9204"},"getText",[]]}
RESULT: {"script":"<script> [6424 bytes]","args":[{"element-6066-11e4-a52e-4f735466cecf":"f.49633FD853CAE5E68BDC48EC70618E25.d.118FCA1F137B04FE8483D8E685C0C423.e.9204"},"getText",[]]}
RESULT: undefined
COMMAND: POST /session/312b457e950016f7ac2dd5fe08468d8b/element - {"using":"xpath","value":"//*[@id=\"__item77-__clone193-imgNav\"]"}
RESULT: {"using":"xpath","value":"//*[@id=\"__item77-__clone193-imgNav\"]"}
COMMAND: POST /session/312b457e950016f7ac2dd5fe08468d8b/element/f.49633FD853CAE5E68BDC48EC70618E25.d.118FCA1F137B04FE8483D8E685C0C423.e.8984/click - {}
RESULT: {}
COMMAND: GET /session/312b457e950016f7ac2dd5fe08468d8b/screenshot - {}
RESULT: {}
COMMAND: POST /session/312b457e950016f7ac2dd5fe08468d8b/execute/async - {"script":"<script> [1562 bytes]","args":[{"selector":{"controlType":"sap.m.ObjectStatus","viewName":"etm.portal.ui.managecontracts.view.Detail","bindingPath":{"path":"/SmartContractItems(CONTRACT='10229',ITEM=10m,SUB_ITEM=0m)","propertyPath":"STATUS"}},"wdio_ui5_key":"etmportal.ui.managecontracts.view.Detailsap.m.ObjectStatus{\"path\":\"/SmartContractItems(CONTRACT='10229',ITEM=10m,SUB_ITEM=0m)\",\"propertyPath\":\"STATUS\"}"}]}
RESULT: {"script":"<script> [1562 bytes]","args":[{"selector":{"controlType":"sap.m.ObjectStatus","viewName":"etm.portal.ui.managecontracts.view.Detail","bindingPath":{"path":"/SmartContractItems(CONTRACT='10229',ITEM=10m,SUB_ITEM=0m)","propertyPath":"STATUS"}},"wdio_ui5_key":"etmportal.ui.managecontracts.view.Detailsap.m.ObjectStatus{\"path\":\"/SmartContractItems(CONTRACT='10229',ITEM=10m,SUB_ITEM=0m)\",\"propertyPath\":\"STATUS\"}"}]}
RESULT: undefined
COMMAND: POST /session/312b457e950016f7ac2dd5fe08468d8b/execute/async - {"script":"<script> [6424 bytes]","args":[{"element-6066-11e4-a52e-4f735466cecf":"f.49633FD853CAE5E68BDC48EC70618E25.d.118FCA1F137B04FE8483D8E685C0C423.e.9232"},"getText",[]]}
RESULT: {"script":"<script> [6424 bytes]","args":[{"element-6066-11e4-a52e-4f735466cecf":"f.49633FD853CAE5E68BDC48EC70618E25.d.118FCA1F137B04FE8483D8E685C0C423.e.9232"},"getText",[]]}
COMMAND: POST /session/312b457e950016f7ac2dd5fe08468d8b/element - {"using":"css selector","value":"#shell-header-logo"}
RESULT: {"using":"css selector","value":"#shell-header-logo"}
COMMAND: POST /session/312b457e950016f7ac2dd5fe08468d8b/element/f.49633FD853CAE5E68BDC48EC70618E25.d.118FCA1F137B04FE8483D8E685C0C423.e.8875/click - {}
RESULT: {}
COMMAND: GET /session/312b457e950016f7ac2dd5fe08468d8b/screenshot - {}
RESULT: {}
]]></system-out>
    </testcase>
  </testsuite>
  <testsuite timestamp="2025-05-15T06:07:11" time="173.129" tests="2" failures="0" errors="0" skipped="0">
    <properties>
      <property name="specId" value="0" />
      <property name="suiteName" value="Insert service into a contract US152956" />
      <property name="capabilities" value="chrome.136_0_7103_49.windows" />
      <property name="file" value="file:///D:/a/1/s/test/specs/R2C/insert-service-into-a-contract.spec.js" />
    </properties>
    <testcase classname="chrome.136_0_7103_49.windows.Insert_service_into_a_contract_US152956" name="Should create a new contract" time="92.862">
      <system-out><![CDATA[
RESULT: undefined
COMMAND: POST /session/312b457e950016f7ac2dd5fe08468d8b/element - {"using":"xpath","value":"//*[@id=\"__tile130\"]"}
RESULT: {"using":"xpath","value":"//*[@id=\"__tile130\"]"}
COMMAND: POST /session/312b457e950016f7ac2dd5fe08468d8b/element/f.49633FD853CAE5E68BDC48EC70618E25.d.118FCA1F137B04FE8483D8E685C0C423.e.8873/click - {}
RESULT: {}
COMMAND: GET /session/312b457e950016f7ac2dd5fe08468d8b/screenshot - {}
RESULT: {}
COMMAND: POST /session/312b457e950016f7ac2dd5fe08468d8b/elements - {"using":"xpath","value":"//span[text()='Error']"}
RESULT: {"using":"xpath","value":"//span[text()='Error']"}
COMMAND: POST /session/312b457e950016f7ac2dd5fe08468d8b/element - {"using":"xpath","value":"//button[@data-kt=\"addButton\"]"}
RESULT: {"using":"xpath","value":"//button[@data-kt=\"addButton\"]"}
COMMAND: POST /session/312b457e950016f7ac2dd5fe08468d8b/element/f.49633FD853CAE5E68BDC48EC70618E25.d.118FCA1F137B04FE8483D8E685C0C423.e.9285/click - {}
RESULT: {}
COMMAND: GET /session/312b457e950016f7ac2dd5fe08468d8b/screenshot - {}
RESULT: {}
COMMAND: POST /session/312b457e950016f7ac2dd5fe08468d8b/execute/async - {"script":"<script> [1562 bytes]","args":[{"selector":{"id":"application-managecontracts-display-component---AddNewContract--projectDescription","interaction":{"idSuffix":"inner"}},"wdio_ui5_key":"applicationmanagecontracts-display-component---AddNewContract--projectDescription"}]}
RESULT: {"script":"<script> [1562 bytes]","args":[{"selector":{"id":"application-managecontracts-display-component---AddNewContract--projectDescription","interaction":{"idSuffix":"inner"}},"wdio_ui5_key":"applicationmanagecontracts-display-component---AddNewContract--projectDescription"}]}
RESULT: undefined
COMMAND: POST /session/312b457e950016f7ac2dd5fe08468d8b/execute/async - {"script":"<script> [776 bytes]","args":[{"enterText":"WdIOR2cio73v","selector":{"id":"application-managecontracts-display-component---AddNewContract--projectDescription","interaction":{"idSuffix":"inner"}},"clearTextFirst":true,"interactionType":"ENTER_TEXT"}]}
RESULT: {"script":"<script> [776 bytes]","args":[{"enterText":"WdIOR2cio73v","selector":{"id":"application-managecontracts-display-component---AddNewContract--projectDescription","interaction":{"idSuffix":"inner"}},"clearTextFirst":true,"interactionType":"ENTER_TEXT"}]}
COMMAND: POST /session/312b457e950016f7ac2dd5fe08468d8b/element - {"using":"xpath","value":"//input[@id=\"application-managecontracts-display-component---AddNewContract--yardId-inner\"]"}
RESULT: {"using":"xpath","value":"//input[@id=\"application-managecontracts-display-component---AddNewContract--yardId-inner\"]"}
COMMAND: POST /session/312b457e950016f7ac2dd5fe08468d8b/element/f.49633FD853CAE5E68BDC48EC70618E25.d.118FCA1F137B04FE8483D8E685C0C423.e.9583/clear - {}
RESULT: {}
COMMAND: POST /session/312b457e950016f7ac2dd5fe08468d8b/element/f.49633FD853CAE5E68BDC48EC70618E25.d.118FCA1F137B04FE8483D8E685C0C423.e.9583/value - {"text":"WebdriverYard8myzr"}
COMMAND: GET /session/312b457e950016f7ac2dd5fe08468d8b/screenshot - {}
RESULT: {"text":"WebdriverYard8myzr"}
COMMAND: GET /session/312b457e950016f7ac2dd5fe08468d8b/screenshot - {}
RESULT: {}
RESULT: {}
COMMAND: POST /session/312b457e950016f7ac2dd5fe08468d8b/actions - {"actions":[{"id":"action45","type":"key","parameters":{},"actions":[{"type":"keyDown","value":"î€‡"},{"type":"pause","duration":10},{"type":"keyUp","value":"î€‡"}]}]}
RESULT: {"actions":[{"id":"action45","type":"key","parameters":{},"actions":[{"type":"keyDown","value":"î€‡"},{"type":"pause","duration":10},{"type":"keyUp","value":"î€‡"}]}]}
COMMAND: GET /session/312b457e950016f7ac2dd5fe08468d8b/screenshot - {}
RESULT: {}
COMMAND: POST /session/312b457e950016f7ac2dd5fe08468d8b/element - {"using":"xpath","value":"//input[@id=\"application-managecontracts-display-component---AddNewContract--customerSelect-inner\"]"}
RESULT: {"using":"xpath","value":"//input[@id=\"application-managecontracts-display-component---AddNewContract--customerSelect-inner\"]"}
COMMAND: POST /session/312b457e950016f7ac2dd5fe08468d8b/element/f.49633FD853CAE5E68BDC48EC70618E25.d.118FCA1F137B04FE8483D8E685C0C423.e.9581/clear - {}
RESULT: {}
COMMAND: POST /session/312b457e950016f7ac2dd5fe08468d8b/element/f.49633FD853CAE5E68BDC48EC70618E25.d.118FCA1F137B04FE8483D8E685C0C423.e.9581/value - {"text":"WebdriverPartnerld92m"}
COMMAND: GET /session/312b457e950016f7ac2dd5fe08468d8b/screenshot - {}
RESULT: {"text":"WebdriverPartnerld92m"}
COMMAND: GET /session/312b457e950016f7ac2dd5fe08468d8b/screenshot - {}
RESULT: {}
RESULT: {}
COMMAND: POST /session/312b457e950016f7ac2dd5fe08468d8b/actions - {"actions":[{"id":"action46","type":"key","parameters":{},"actions":[{"type":"keyDown","value":"î€‡"},{"type":"pause","duration":10},{"type":"keyUp","value":"î€‡"}]}]}
RESULT: {"actions":[{"id":"action46","type":"key","parameters":{},"actions":[{"type":"keyDown","value":"î€‡"},{"type":"pause","duration":10},{"type":"keyUp","value":"î€‡"}]}]}
COMMAND: GET /session/312b457e950016f7ac2dd5fe08468d8b/screenshot - {}
RESULT: {}
COMMAND: POST /session/312b457e950016f7ac2dd5fe08468d8b/element - {"using":"xpath","value":"//input[@id=\"application-managecontracts-display-component---AddNewContract--site-inner\"]"}
RESULT: {"using":"xpath","value":"//input[@id=\"application-managecontracts-display-component---AddNewContract--site-inner\"]"}
COMMAND: POST /session/312b457e950016f7ac2dd5fe08468d8b/element/f.49633FD853CAE5E68BDC48EC70618E25.d.118FCA1F137B04FE8483D8E685C0C423.e.9582/clear - {}
RESULT: {}
COMMAND: POST /session/312b457e950016f7ac2dd5fe08468d8b/element/f.49633FD853CAE5E68BDC48EC70618E25.d.118FCA1F137B04FE8483D8E685C0C423.e.9582/value - {"text":"WebdriverSitezblod"}
COMMAND: GET /session/312b457e950016f7ac2dd5fe08468d8b/screenshot - {}
RESULT: {"text":"WebdriverSitezblod"}
COMMAND: GET /session/312b457e950016f7ac2dd5fe08468d8b/screenshot - {}
RESULT: {}
RESULT: {}
COMMAND: POST /session/312b457e950016f7ac2dd5fe08468d8b/actions - {"actions":[{"id":"action47","type":"key","parameters":{},"actions":[{"type":"keyDown","value":"î€‡"},{"type":"pause","duration":10},{"type":"keyUp","value":"î€‡"}]}]}
RESULT: {"actions":[{"id":"action47","type":"key","parameters":{},"actions":[{"type":"keyDown","value":"î€‡"},{"type":"pause","duration":10},{"type":"keyUp","value":"î€‡"}]}]}
COMMAND: GET /session/312b457e950016f7ac2dd5fe08468d8b/screenshot - {}
RESULT: {}
COMMAND: POST /session/312b457e950016f7ac2dd5fe08468d8b/element - {"using":"xpath","value":"//button[@data-kt=\"saveButton\"]"}
RESULT: {"using":"xpath","value":"//button[@data-kt=\"saveButton\"]"}
COMMAND: POST /session/312b457e950016f7ac2dd5fe08468d8b/element/f.49633FD853CAE5E68BDC48EC70618E25.d.118FCA1F137B04FE8483D8E685C0C423.e.9615/click - {}
RESULT: {}
COMMAND: GET /session/312b457e950016f7ac2dd5fe08468d8b/screenshot - {}
RESULT: {}
COMMAND: POST /session/312b457e950016f7ac2dd5fe08468d8b/execute/async - {"script":"<script> [1562 bytes]","args":[{"selector":{"id":"contractDetailTitleNoExpanded","viewName":"etm.portal.ui.managecontracts.view.Detail"},"wdio_ui5_key":"contractDetailTitleNoExpandedetmportal.ui.managecontracts.view.Detail"}]}
RESULT: {"script":"<script> [1562 bytes]","args":[{"selector":{"id":"contractDetailTitleNoExpanded","viewName":"etm.portal.ui.managecontracts.view.Detail"},"wdio_ui5_key":"contractDetailTitleNoExpandedetmportal.ui.managecontracts.view.Detail"}]}
RESULT: undefined
COMMAND: POST /session/312b457e950016f7ac2dd5fe08468d8b/execute/async - {"script":"<script> [6424 bytes]","args":[{"element-6066-11e4-a52e-4f735466cecf":"f.49633FD853CAE5E68BDC48EC70618E25.d.118FCA1F137B04FE8483D8E685C0C423.e.9687"},"getText",[]]}
RESULT: {"script":"<script> [6424 bytes]","args":[{"element-6066-11e4-a52e-4f735466cecf":"f.49633FD853CAE5E68BDC48EC70618E25.d.118FCA1F137B04FE8483D8E685C0C423.e.9687"},"getText",[]]}
]]></system-out>
    </testcase>
    <testcase classname="chrome.136_0_7103_49.windows.Insert_service_into_a_contract_US152956" name="Should add a service unit and a service group to the contract" time="76.636">
      <system-out><![CDATA[
COMMAND: POST /session/312b457e950016f7ac2dd5fe08468d8b/element - {"using":"xpath","value":"//button[@data-kt=\"contractDetailEditBtnButton\"]"}
RESULT: {"using":"xpath","value":"//button[@data-kt=\"contractDetailEditBtnButton\"]"}
COMMAND: POST /session/312b457e950016f7ac2dd5fe08468d8b/execute/sync - {"script":"<script> [8489 bytes]","args":[{"element-6066-11e4-a52e-4f735466cecf":"f.49633FD853CAE5E68BDC48EC70618E25.d.118FCA1F137B04FE8483D8E685C0C423.e.9688","ELEMENT":"f.49633FD853CAE5E68BDC48EC70618E25.d.118FCA1F137B04FE8483D8E685C0C423.e.9688"}]}
RESULT: {"script":"<script> [8489 bytes]","args":[{"element-6066-11e4-a52e-4f735466cecf":"f.49633FD853CAE5E68BDC48EC70618E25.d.118FCA1F137B04FE8483D8E685C0C423.e.9688","ELEMENT":"f.49633FD853CAE5E68BDC48EC70618E25.d.118FCA1F137B04FE8483D8E685C0C423.e.9688"}]}
COMMAND: POST /session/312b457e950016f7ac2dd5fe08468d8b/execute/sync - {"script":"<script> [8489 bytes]","args":[{"element-6066-11e4-a52e-4f735466cecf":"f.49633FD853CAE5E68BDC48EC70618E25.d.118FCA1F137B04FE8483D8E685C0C423.e.9688","ELEMENT":"f.49633FD853CAE5E68BDC48EC70618E25.d.118FCA1F137B04FE8483D8E685C0C423.e.9688"}]}
COMMAND: GET /session/312b457e950016f7ac2dd5fe08468d8b/screenshot - {}
RESULT: {"script":"<script> [8489 bytes]","args":[{"element-6066-11e4-a52e-4f735466cecf":"f.49633FD853CAE5E68BDC48EC70618E25.d.118FCA1F137B04FE8483D8E685C0C423.e.9688","ELEMENT":"f.49633FD853CAE5E68BDC48EC70618E25.d.118FCA1F137B04FE8483D8E685C0C423.e.9688"}]}
COMMAND: POST /session/312b457e950016f7ac2dd5fe08468d8b/execute/sync - {"script":"<script> [5351 bytes]","args":[{"element-6066-11e4-a52e-4f735466cecf":"f.49633FD853CAE5E68BDC48EC70618E25.d.118FCA1F137B04FE8483D8E685C0C423.e.9688","ELEMENT":"f.49633FD853CAE5E68BDC48EC70618E25.d.118FCA1F137B04FE8483D8E685C0C423.e.9688"}]}
COMMAND: GET /session/312b457e950016f7ac2dd5fe08468d8b/screenshot - {}
RESULT: {}
RESULT: {"script":"<script> [5351 bytes]","args":[{"element-6066-11e4-a52e-4f735466cecf":"f.49633FD853CAE5E68BDC48EC70618E25.d.118FCA1F137B04FE8483D8E685C0C423.e.9688","ELEMENT":"f.49633FD853CAE5E68BDC48EC70618E25.d.118FCA1F137B04FE8483D8E685C0C423.e.9688"}]}
COMMAND: POST /session/312b457e950016f7ac2dd5fe08468d8b/element/f.49633FD853CAE5E68BDC48EC70618E25.d.118FCA1F137B04FE8483D8E685C0C423.e.9688/click - {}
COMMAND: GET /session/312b457e950016f7ac2dd5fe08468d8b/screenshot - {}
RESULT: {}
RESULT: {}
COMMAND: GET /session/312b457e950016f7ac2dd5fe08468d8b/screenshot - {}
RESULT: {}
RESULT: {}
COMMAND: POST /session/312b457e950016f7ac2dd5fe08468d8b/element - {"using":"xpath","value":"(//span[contains(text(), \"Additional Addresses\")])[2]"}
RESULT: {"using":"xpath","value":"(//span[contains(text(), \"Additional Addresses\")])[2]"}
COMMAND: POST /session/312b457e950016f7ac2dd5fe08468d8b/element/f.49633FD853CAE5E68BDC48EC70618E25.d.118FCA1F137B04FE8483D8E685C0C423.e.9745/click - {}
RESULT: {}
COMMAND: GET /session/312b457e950016f7ac2dd5fe08468d8b/screenshot - {}
RESULT: {}
COMMAND: POST /session/312b457e950016f7ac2dd5fe08468d8b/element - {"using":"xpath","value":"//button[@data-kt=\"btnAddTableRowOverflowToolbarButton\"]"}
RESULT: {"using":"xpath","value":"//button[@data-kt=\"btnAddTableRowOverflowToolbarButton\"]"}
COMMAND: POST /session/312b457e950016f7ac2dd5fe08468d8b/element/f.49633FD853CAE5E68BDC48EC70618E25.d.118FCA1F137B04FE8483D8E685C0C423.e.9749/click - {}
RESULT: {}
COMMAND: GET /session/312b457e950016f7ac2dd5fe08468d8b/screenshot - {}
RESULT: {}
COMMAND: POST /session/312b457e950016f7ac2dd5fe08468d8b/element - {"using":"xpath","value":"//div[(text() = 'Standard Entry' or . = 'Standard Entry')]"}
RESULT: {"using":"xpath","value":"//div[(text() = 'Standard Entry' or . = 'Standard Entry')]"}
COMMAND: POST /session/312b457e950016f7ac2dd5fe08468d8b/element/f.49633FD853CAE5E68BDC48EC70618E25.d.118FCA1F137B04FE8483D8E685C0C423.e.9751/click - {}
RESULT: {}
COMMAND: POST /session/312b457e950016f7ac2dd5fe08468d8b/element - {"using":"xpath","value":"//button[@data-kt=\"btnAddTableRowOverflowToolbarButton\"]"}
COMMAND: GET /session/312b457e950016f7ac2dd5fe08468d8b/screenshot - {}
RESULT: {"using":"xpath","value":"//button[@data-kt=\"btnAddTableRowOverflowToolbarButton\"]"}
COMMAND: POST /session/312b457e950016f7ac2dd5fe08468d8b/element/f.49633FD853CAE5E68BDC48EC70618E25.d.118FCA1F137B04FE8483D8E685C0C423.e.9749/click - {}
RESULT: {}
RESULT: {}
COMMAND: GET /session/312b457e950016f7ac2dd5fe08468d8b/screenshot - {}
RESULT: {}
COMMAND: POST /session/312b457e950016f7ac2dd5fe08468d8b/element - {"using":"xpath","value":"//div[(text() = 'Standard Entry' or . = 'Standard Entry')]"}
RESULT: {"using":"xpath","value":"//div[(text() = 'Standard Entry' or . = 'Standard Entry')]"}
COMMAND: POST /session/312b457e950016f7ac2dd5fe08468d8b/element/f.49633FD853CAE5E68BDC48EC70618E25.d.118FCA1F137B04FE8483D8E685C0C423.e.9763/click - {}
RESULT: {}
COMMAND: POST /session/312b457e950016f7ac2dd5fe08468d8b/element - {"using":"xpath","value":"(//td[6]/div/div/input)[1]"}
COMMAND: GET /session/312b457e950016f7ac2dd5fe08468d8b/screenshot - {}
RESULT: {"using":"xpath","value":"(//td[6]/div/div/input)[1]"}
COMMAND: POST /session/312b457e950016f7ac2dd5fe08468d8b/element/f.49633FD853CAE5E68BDC48EC70618E25.d.118FCA1F137B04FE8483D8E685C0C423.e.9765/click - {}
RESULT: {}
RESULT: {}
COMMAND: POST /session/312b457e950016f7ac2dd5fe08468d8b/actions - {"actions":[{"id":"action48","type":"key","parameters":{},"actions":[{"type":"keyDown","value":"î€ƒ"},{"type":"pause","duration":10},{"type":"keyUp","value":"î€ƒ"}]}]}
COMMAND: GET /session/312b457e950016f7ac2dd5fe08468d8b/screenshot - {}
RESULT: {"actions":[{"id":"action48","type":"key","parameters":{},"actions":[{"type":"keyDown","value":"î€ƒ"},{"type":"pause","duration":10},{"type":"keyUp","value":"î€ƒ"}]}]}
COMMAND: POST /session/312b457e950016f7ac2dd5fe08468d8b/element - {"using":"xpath","value":"(//td[6]/div/div/input)[1]"}
COMMAND: GET /session/312b457e950016f7ac2dd5fe08468d8b/screenshot - {}
RESULT: {}
RESULT: {"using":"xpath","value":"(//td[6]/div/div/input)[1]"}
COMMAND: POST /session/312b457e950016f7ac2dd5fe08468d8b/element/f.49633FD853CAE5E68BDC48EC70618E25.d.118FCA1F137B04FE8483D8E685C0C423.e.9765/clear - {}
RESULT: {}
RESULT: {}
COMMAND: POST /session/312b457e950016f7ac2dd5fe08468d8b/element/f.49633FD853CAE5E68BDC48EC70618E25.d.118FCA1F137B04FE8483D8E685C0C423.e.9765/value - {"text":"Service Unit"}
COMMAND: GET /session/312b457e950016f7ac2dd5fe08468d8b/screenshot - {}
RESULT: {"text":"Service Unit"}
COMMAND: GET /session/312b457e950016f7ac2dd5fe08468d8b/screenshot - {}
RESULT: {}
RESULT: {}
COMMAND: POST /session/312b457e950016f7ac2dd5fe08468d8b/actions - {"actions":[{"id":"action49","type":"key","parameters":{},"actions":[{"type":"keyDown","value":"î€‡"},{"type":"pause","duration":10},{"type":"keyUp","value":"î€‡"}]}]}
RESULT: {"actions":[{"id":"action49","type":"key","parameters":{},"actions":[{"type":"keyDown","value":"î€‡"},{"type":"pause","duration":10},{"type":"keyUp","value":"î€‡"}]}]}
COMMAND: GET /session/312b457e950016f7ac2dd5fe08468d8b/screenshot - {}
RESULT: {}
COMMAND: POST /session/312b457e950016f7ac2dd5fe08468d8b/actions - {"actions":[{"id":"action50","type":"key","parameters":{},"actions":[{"type":"keyDown","value":"î€‡"},{"type":"pause","duration":10},{"type":"keyUp","value":"î€‡"}]}]}
RESULT: {"actions":[{"id":"action50","type":"key","parameters":{},"actions":[{"type":"keyDown","value":"î€‡"},{"type":"pause","duration":10},{"type":"keyUp","value":"î€‡"}]}]}
COMMAND: POST /session/312b457e950016f7ac2dd5fe08468d8b/element - {"using":"xpath","value":"(//td[7]/div/div/input)[1]"}
COMMAND: GET /session/312b457e950016f7ac2dd5fe08468d8b/screenshot - {}
RESULT: {"using":"xpath","value":"(//td[7]/div/div/input)[1]"}
COMMAND: POST /session/312b457e950016f7ac2dd5fe08468d8b/element/f.49633FD853CAE5E68BDC48EC70618E25.d.118FCA1F137B04FE8483D8E685C0C423.e.9781/clear - {}
RESULT: {}
RESULT: {}
COMMAND: POST /session/312b457e950016f7ac2dd5fe08468d8b/element/f.49633FD853CAE5E68BDC48EC70618E25.d.118FCA1F137B04FE8483D8E685C0C423.e.9781/value - {"text":"1000001"}
COMMAND: GET /session/312b457e950016f7ac2dd5fe08468d8b/screenshot - {}
RESULT: {"text":"1000001"}
COMMAND: GET /session/312b457e950016f7ac2dd5fe08468d8b/screenshot - {}
RESULT: {}
RESULT: {}
COMMAND: POST /session/312b457e950016f7ac2dd5fe08468d8b/actions - {"actions":[{"id":"action51","type":"key","parameters":{},"actions":[{"type":"keyDown","value":"î€‡"},{"type":"pause","duration":10},{"type":"keyUp","value":"î€‡"}]}]}
RESULT: {"actions":[{"id":"action51","type":"key","parameters":{},"actions":[{"type":"keyDown","value":"î€‡"},{"type":"pause","duration":10},{"type":"keyUp","value":"î€‡"}]}]}
COMMAND: GET /session/312b457e950016f7ac2dd5fe08468d8b/screenshot - {}
RESULT: {}
COMMAND: POST /session/312b457e950016f7ac2dd5fe08468d8b/actions - {"actions":[{"id":"action52","type":"key","parameters":{},"actions":[{"type":"keyDown","value":"î€‡"},{"type":"pause","duration":10},{"type":"keyUp","value":"î€‡"}]}]}
RESULT: {"actions":[{"id":"action52","type":"key","parameters":{},"actions":[{"type":"keyDown","value":"î€‡"},{"type":"pause","duration":10},{"type":"keyUp","value":"î€‡"}]}]}
COMMAND: GET /session/312b457e950016f7ac2dd5fe08468d8b/screenshot - {}
RESULT: {}
COMMAND: POST /session/312b457e950016f7ac2dd5fe08468d8b/element - {"using":"xpath","value":"(//td[6]/div/div/input)[2]"}
RESULT: {"using":"xpath","value":"(//td[6]/div/div/input)[2]"}
COMMAND: POST /session/312b457e950016f7ac2dd5fe08468d8b/element/f.49633FD853CAE5E68BDC48EC70618E25.d.118FCA1F137B04FE8483D8E685C0C423.e.9753/click - {}
RESULT: {}
COMMAND: POST /session/312b457e950016f7ac2dd5fe08468d8b/actions - {"actions":[{"id":"action53","type":"key","parameters":{},"actions":[{"type":"keyDown","value":"î€ƒ"},{"type":"pause","duration":10},{"type":"keyUp","value":"î€ƒ"}]}]}
COMMAND: GET /session/312b457e950016f7ac2dd5fe08468d8b/screenshot - {}
RESULT: {"actions":[{"id":"action53","type":"key","parameters":{},"actions":[{"type":"keyDown","value":"î€ƒ"},{"type":"pause","duration":10},{"type":"keyUp","value":"î€ƒ"}]}]}
COMMAND: POST /session/312b457e950016f7ac2dd5fe08468d8b/element - {"using":"xpath","value":"(//td[6]/div/div/input)[2]"}
COMMAND: GET /session/312b457e950016f7ac2dd5fe08468d8b/screenshot - {}
RESULT: {}
RESULT: {"using":"xpath","value":"(//td[6]/div/div/input)[2]"}
COMMAND: POST /session/312b457e950016f7ac2dd5fe08468d8b/element/f.49633FD853CAE5E68BDC48EC70618E25.d.118FCA1F137B04FE8483D8E685C0C423.e.9753/clear - {}
RESULT: {}
RESULT: {}
COMMAND: POST /session/312b457e950016f7ac2dd5fe08468d8b/element/f.49633FD853CAE5E68BDC48EC70618E25.d.118FCA1F137B04FE8483D8E685C0C423.e.9753/value - {"text":"Service Unit Group"}
COMMAND: GET /session/312b457e950016f7ac2dd5fe08468d8b/screenshot - {}
RESULT: {"text":"Service Unit Group"}
COMMAND: GET /session/312b457e950016f7ac2dd5fe08468d8b/screenshot - {}
RESULT: {}
RESULT: {}
COMMAND: POST /session/312b457e950016f7ac2dd5fe08468d8b/actions - {"actions":[{"id":"action54","type":"key","parameters":{},"actions":[{"type":"keyDown","value":"î€‡"},{"type":"pause","duration":10},{"type":"keyUp","value":"î€‡"}]}]}
RESULT: {"actions":[{"id":"action54","type":"key","parameters":{},"actions":[{"type":"keyDown","value":"î€‡"},{"type":"pause","duration":10},{"type":"keyUp","value":"î€‡"}]}]}
COMMAND: GET /session/312b457e950016f7ac2dd5fe08468d8b/screenshot - {}
RESULT: {}
COMMAND: POST /session/312b457e950016f7ac2dd5fe08468d8b/actions - {"actions":[{"id":"action55","type":"key","parameters":{},"actions":[{"type":"keyDown","value":"î€‡"},{"type":"pause","duration":10},{"type":"keyUp","value":"î€‡"}]}]}
RESULT: {"actions":[{"id":"action55","type":"key","parameters":{},"actions":[{"type":"keyDown","value":"î€‡"},{"type":"pause","duration":10},{"type":"keyUp","value":"î€‡"}]}]}
COMMAND: POST /session/312b457e950016f7ac2dd5fe08468d8b/element - {"using":"xpath","value":"(//td[7]/div/div/input)[2]"}
COMMAND: GET /session/312b457e950016f7ac2dd5fe08468d8b/screenshot - {}
RESULT: {"using":"xpath","value":"(//td[7]/div/div/input)[2]"}
COMMAND: POST /session/312b457e950016f7ac2dd5fe08468d8b/element/f.49633FD853CAE5E68BDC48EC70618E25.d.118FCA1F137B04FE8483D8E685C0C423.e.9810/clear - {}
RESULT: {}
RESULT: {}
COMMAND: POST /session/312b457e950016f7ac2dd5fe08468d8b/element/f.49633FD853CAE5E68BDC48EC70618E25.d.118FCA1F137B04FE8483D8E685C0C423.e.9810/value - {"text":"1100001"}
COMMAND: GET /session/312b457e950016f7ac2dd5fe08468d8b/screenshot - {}
RESULT: {"text":"1100001"}
COMMAND: GET /session/312b457e950016f7ac2dd5fe08468d8b/screenshot - {}
RESULT: {}
RESULT: {}
COMMAND: POST /session/312b457e950016f7ac2dd5fe08468d8b/actions - {"actions":[{"id":"action56","type":"key","parameters":{},"actions":[{"type":"keyDown","value":"î€‡"},{"type":"pause","duration":10},{"type":"keyUp","value":"î€‡"}]}]}
RESULT: {"actions":[{"id":"action56","type":"key","parameters":{},"actions":[{"type":"keyDown","value":"î€‡"},{"type":"pause","duration":10},{"type":"keyUp","value":"î€‡"}]}]}
COMMAND: GET /session/312b457e950016f7ac2dd5fe08468d8b/screenshot - {}
RESULT: {}
COMMAND: POST /session/312b457e950016f7ac2dd5fe08468d8b/actions - {"actions":[{"id":"action57","type":"key","parameters":{},"actions":[{"type":"keyDown","value":"î€‡"},{"type":"pause","duration":10},{"type":"keyUp","value":"î€‡"}]}]}
RESULT: {"actions":[{"id":"action57","type":"key","parameters":{},"actions":[{"type":"keyDown","value":"î€‡"},{"type":"pause","duration":10},{"type":"keyUp","value":"î€‡"}]}]}
COMMAND: GET /session/312b457e950016f7ac2dd5fe08468d8b/screenshot - {}
RESULT: {}
COMMAND: POST /session/312b457e950016f7ac2dd5fe08468d8b/element - {"using":"xpath","value":"(//button[@data-kt=\"saveButton\"])[2]"}
RESULT: {"using":"xpath","value":"(//button[@data-kt=\"saveButton\"])[2]"}
COMMAND: POST /session/312b457e950016f7ac2dd5fe08468d8b/element/f.49633FD853CAE5E68BDC48EC70618E25.d.118FCA1F137B04FE8483D8E685C0C423.e.9834/click - {}
RESULT: {}
COMMAND: GET /session/312b457e950016f7ac2dd5fe08468d8b/screenshot - {}
RESULT: {}
COMMAND: POST /session/312b457e950016f7ac2dd5fe08468d8b/element - {"using":"xpath","value":"(//span[contains(text(), \"Additional Addresses\")])[1]"}
RESULT: {"using":"xpath","value":"(//span[contains(text(), \"Additional Addresses\")])[1]"}
COMMAND: POST /session/312b457e950016f7ac2dd5fe08468d8b/element/f.49633FD853CAE5E68BDC48EC70618E25.d.118FCA1F137B04FE8483D8E685C0C423.e.9837/click - {}
RESULT: {}
COMMAND: GET /session/312b457e950016f7ac2dd5fe08468d8b/screenshot - {}
RESULT: {}
COMMAND: POST /session/312b457e950016f7ac2dd5fe08468d8b/execute/async - {"script":"<script> [1562 bytes]","args":[{"selector":{"controlType":"sap.m.Title","viewName":"etm.portal.ui.managecontracts.view.Detail","properties":{"text":"Contract Items (2)"}},"wdio_ui5_key":"etmportal.ui.managecontracts.view.Detailsap.m.Title{\"text\":\"Contract Items (2)\"}"}]}
RESULT: {"script":"<script> [1562 bytes]","args":[{"selector":{"controlType":"sap.m.Title","viewName":"etm.portal.ui.managecontracts.view.Detail","properties":{"text":"Contract Items (2)"}},"wdio_ui5_key":"etmportal.ui.managecontracts.view.Detailsap.m.Title{\"text\":\"Contract Items (2)\"}"}]}
RESULT: undefined
COMMAND: POST /session/312b457e950016f7ac2dd5fe08468d8b/execute/async - {"script":"<script> [6424 bytes]","args":[{"element-6066-11e4-a52e-4f735466cecf":"f.49633FD853CAE5E68BDC48EC70618E25.d.118FCA1F137B04FE8483D8E685C0C423.e.9839"},"getText",[]]}
RESULT: {"script":"<script> [6424 bytes]","args":[{"element-6066-11e4-a52e-4f735466cecf":"f.49633FD853CAE5E68BDC48EC70618E25.d.118FCA1F137B04FE8483D8E685C0C423.e.9839"},"getText",[]]}
COMMAND: POST /session/312b457e950016f7ac2dd5fe08468d8b/element - {"using":"xpath","value":"(//span[contains(@class ,\"sapMObjStatusText\")])[1]"}
RESULT: {"using":"xpath","value":"(//span[contains(@class ,\"sapMObjStatusText\")])[1]"}
COMMAND: GET /session/312b457e950016f7ac2dd5fe08468d8b/element/f.49633FD853CAE5E68BDC48EC70618E25.d.118FCA1F137B04FE8483D8E685C0C423.e.9840/text - {}
RESULT: {}
COMMAND: POST /session/312b457e950016f7ac2dd5fe08468d8b/element - {"using":"xpath","value":"(//span[contains(@class ,\"sapMObjStatusText\")])[4]"}
RESULT: {"using":"xpath","value":"(//span[contains(@class ,\"sapMObjStatusText\")])[4]"}
COMMAND: GET /session/312b457e950016f7ac2dd5fe08468d8b/element/f.49633FD853CAE5E68BDC48EC70618E25.d.118FCA1F137B04FE8483D8E685C0C423.e.9841/text - {}
RESULT: {}
COMMAND: POST /session/312b457e950016f7ac2dd5fe08468d8b/element - {"using":"css selector","value":"#shell-header-logo"}
RESULT: {"using":"css selector","value":"#shell-header-logo"}
COMMAND: POST /session/312b457e950016f7ac2dd5fe08468d8b/element/f.49633FD853CAE5E68BDC48EC70618E25.d.118FCA1F137B04FE8483D8E685C0C423.e.9236/click - {}
RESULT: {}
COMMAND: GET /session/312b457e950016f7ac2dd5fe08468d8b/screenshot - {}
RESULT: {}
]]></system-out>
    </testcase>
  </testsuite>
  <testsuite timestamp="2025-05-15T06:10:04" time="171.584" tests="2" failures="0" errors="0" skipped="0">
    <properties>
      <property name="specId" value="0" />
      <property name="suiteName" value="Reduced contract US151275" />
      <property name="capabilities" value="chrome.136_0_7103_49.windows" />
      <property name="file" value="file:///D:/a/1/s/test/specs/R2C/reduced-contract-creation.spec.js" />
    </properties>
    <testcase classname="chrome.136_0_7103_49.windows.Reduced_contract_US151275" name="Should create a new reduced contract" time="119.741">
      <system-out><![CDATA[
RESULT: undefined
COMMAND: POST /session/312b457e950016f7ac2dd5fe08468d8b/element - {"using":"xpath","value":"//*[@id=\"__tile130\"]"}
RESULT: {"using":"xpath","value":"//*[@id=\"__tile130\"]"}
COMMAND: POST /session/312b457e950016f7ac2dd5fe08468d8b/element/f.49633FD853CAE5E68BDC48EC70618E25.d.118FCA1F137B04FE8483D8E685C0C423.e.8873/click - {}
RESULT: {}
COMMAND: GET /session/312b457e950016f7ac2dd5fe08468d8b/screenshot - {}
RESULT: {}
COMMAND: POST /session/312b457e950016f7ac2dd5fe08468d8b/element - {"using":"xpath","value":"//button[@data-kt=\"addButton\"]"}
RESULT: {"using":"xpath","value":"//button[@data-kt=\"addButton\"]"}
COMMAND: POST /session/312b457e950016f7ac2dd5fe08468d8b/element/f.49633FD853CAE5E68BDC48EC70618E25.d.118FCA1F137B04FE8483D8E685C0C423.e.9894/click - {}
RESULT: {}
COMMAND: GET /session/312b457e950016f7ac2dd5fe08468d8b/screenshot - {}
COMMAND: POST /session/312b457e950016f7ac2dd5fe08468d8b/elements - {"using":"xpath","value":"//span[text()='Error']"}
RESULT: {}
RESULT: {"using":"xpath","value":"//span[text()='Error']"}
COMMAND: POST /session/312b457e950016f7ac2dd5fe08468d8b/refresh - {}
RESULT: {}
COMMAND: GET /session/312b457e950016f7ac2dd5fe08468d8b/screenshot - {}
RESULT: {}
COMMAND: POST /session/312b457e950016f7ac2dd5fe08468d8b/execute/async - {"script":"<script> [189 bytes]","args":[]}
RESULT: {"script":"<script> [189 bytes]","args":[]}
COMMAND: POST /session/312b457e950016f7ac2dd5fe08468d8b/execute/async - {"script":"<script> [123 bytes]","args":[]}
RESULT: {"script":"<script> [123 bytes]","args":[]}
COMMAND: POST /session/312b457e950016f7ac2dd5fe08468d8b/timeouts - {"script":"<number>"}
RESULT: {"script":"<number>"}
COMMAND: GET /session/312b457e950016f7ac2dd5fe08468d8b/timeouts - {}
RESULT: {}
RESULT: undefined
COMMAND: POST /session/312b457e950016f7ac2dd5fe08468d8b/execute/async - {"script":"<script> [2676 bytes]","args":[]}
RESULT: {"script":"<script> [2676 bytes]","args":[]}
COMMAND: POST /session/312b457e950016f7ac2dd5fe08468d8b/execute/async - {"script":"<script> [2342 bytes]","args":[{"protocol":"http","hostname":"0.0.0.0","path":"/","capabilities":{"browserName":"chrome","goog:chromeOptions":{"binary":"C:\\Program Files\\Google\\Chrome\\Application\\chrome.exe","args":["--start-maximized"]}},"logLevel":"warn","connectionRetryTimeout":120000,"connectionRetryCount":3,"logLevels":{},"enableDirectConnect":true,"strictSSL":true,"_":"65 more keys: [\"cacheDir\",\"port\",\"requestedCapabilities\",\"automationProtocol\",\"baseUrl\",\"waitforInterval\",\"waitforTimeout\",\"onReload\",\"beforeCommand\",\"afterCommand\",\"rootDir\",\"specs\",\"suites\",\"exclude\",\"groupLogsByTestSpec\",\"excludeDriverLogs\",\"bail\",\"framework\",\"reporters\",\"services\",\"maxInstances\",\"maxInstancesPerCapability\",\"injectGlobals\",\"filesToWatch\",\"execArgv\",\"runnerEnv\",\"runner\",\"shard\",\"specFileRetries\",\"specFileRetriesDelay\",\"specFileRetriesDeferred\",\"reporterSyncInterval\",\"reporterSyncTimeout\",\"cucumberFeaturesWithLineNumbers\",\"autoCompileOpts\",\"mochaOpts\",\"jasmineOpts\",\"cucumberOpts\",\"onPrepare\",\"onWorkerStart\",\"onWorkerEnd\",\"before\",\"beforeSession\",\"beforeSuite\",\"beforeHook\",\"beforeTest\",\"afterTest\",\"afterHook\",\"afterSuite\",\"afterSession\",\"after\",\"onComplete\",\"beforeAssertion\",\"afterAssertion\",\"beforeFeature\",\"beforeScenario\",\"beforeStep\",\"afterStep\",\"afterScenario\",\"afterFeature\",\"_\",\"suite\",\"$0\",\"ignoredWorkerServices\",\"wdi5\"]"}]}
RESULT: {"script":"<script> [2342 bytes]","args":[{"protocol":"http","hostname":"0.0.0.0","path":"/","capabilities":{"browserName":"chrome","goog:chromeOptions":{"binary":"C:\\Program Files\\Google\\Chrome\\Application\\chrome.exe","args":["--start-maximized"]}},"logLevel":"warn","connectionRetryTimeout":120000,"connectionRetryCount":3,"logLevels":{},"enableDirectConnect":true,"strictSSL":true,"_":"65 more keys: [\"cacheDir\",\"port\",\"requestedCapabilities\",\"automationProtocol\",\"baseUrl\",\"waitforInterval\",\"waitforTimeout\",\"onReload\",\"beforeCommand\",\"afterCommand\",\"rootDir\",\"specs\",\"suites\",\"exclude\",\"groupLogsByTestSpec\",\"excludeDriverLogs\",\"bail\",\"framework\",\"reporters\",\"services\",\"maxInstances\",\"maxInstancesPerCapability\",\"injectGlobals\",\"filesToWatch\",\"execArgv\",\"runnerEnv\",\"runner\",\"shard\",\"specFileRetries\",\"specFileRetriesDelay\",\"specFileRetriesDeferred\",\"reporterSyncInterval\",\"reporterSyncTimeout\",\"cucumberFeaturesWithLineNumbers\",\"autoCompileOpts\",\"mochaOpts\",\"jasmineOpts\",\"cucumberOpts\",\"onPrepare\",\"onWorkerStart\",\"onWorkerEnd\",\"before\",\"beforeSession\",\"beforeSuite\",\"beforeHook\",\"beforeTest\",\"afterTest\",\"afterHook\",\"afterSuite\",\"afterSession\",\"after\",\"onComplete\",\"beforeAssertion\",\"afterAssertion\",\"beforeFeature\",\"beforeScenario\",\"beforeStep\",\"afterStep\",\"afterScenario\",\"afterFeature\",\"_\",\"suite\",\"$0\",\"ignoredWorkerServices\",\"wdi5\"]"}]}
COMMAND: POST /session/312b457e950016f7ac2dd5fe08468d8b/execute/async - {"script":"<script> [21126 bytes]","args":[35000]}
RESULT: {"script":"<script> [21126 bytes]","args":[35000]}
COMMAND: POST /session/312b457e950016f7ac2dd5fe08468d8b/execute/async - {"script":"<script> [1562 bytes]","args":[{"selector":{"id":"application-managecontracts-display-component---AddNewContract--contractType","interaction":{"idSuffix":"arrow"}},"wdio_ui5_key":"applicationmanagecontracts-display-component---AddNewContract--contractType"}]}
RESULT: {"script":"<script> [1562 bytes]","args":[{"selector":{"id":"application-managecontracts-display-component---AddNewContract--contractType","interaction":{"idSuffix":"arrow"}},"wdio_ui5_key":"applicationmanagecontracts-display-component---AddNewContract--contractType"}]}
RESULT: undefined
COMMAND: POST /session/312b457e950016f7ac2dd5fe08468d8b/element - {"using":"xpath","value":"//*[@id=\"application-managecontracts-display-component---AddNewContract--contractType\"]"}
RESULT: {"using":"xpath","value":"//*[@id=\"application-managecontracts-display-component---AddNewContract--contractType\"]"}
COMMAND: POST /session/312b457e950016f7ac2dd5fe08468d8b/element/f.49633FD853CAE5E68BDC48EC70618E25.d.6D13DC2AE21C37CFBAC11C30BB95F040.e.10419/click - {}
RESULT: {}
COMMAND: GET /session/312b457e950016f7ac2dd5fe08468d8b/screenshot - {}
RESULT: {}
COMMAND: POST /session/312b457e950016f7ac2dd5fe08468d8b/execute/async - {"script":"<script> [1562 bytes]","args":[{"selector":{"controlType":"sap.ui.core.Item","viewName":"etm.portal.ui.managecontracts.view.AddNewContract","viewId":"application-managecontracts-display-component---AddNewContract","bindingPath":{"path":"/ContractTypes('02')","propertyPath":"ID","modelName":"catalogModel"},"searchOpenDialogs":true},"wdio_ui5_key":"etmportal.ui.managecontracts.view.AddNewContractsap.ui.core.Item{\"path\":\"/ContractTypes('02')\",\"propertyPath\":\"ID\",\"modelName\":\"catalogModel\"}"}]}
RESULT: {"script":"<script> [1562 bytes]","args":[{"selector":{"controlType":"sap.ui.core.Item","viewName":"etm.portal.ui.managecontracts.view.AddNewContract","viewId":"application-managecontracts-display-component---AddNewContract","bindingPath":{"path":"/ContractTypes('02')","propertyPath":"ID","modelName":"catalogModel"},"searchOpenDialogs":true},"wdio_ui5_key":"etmportal.ui.managecontracts.view.AddNewContractsap.ui.core.Item{\"path\":\"/ContractTypes('02')\",\"propertyPath\":\"ID\",\"modelName\":\"catalogModel\"}"}]}
RESULT: undefined
COMMAND: POST /session/312b457e950016f7ac2dd5fe08468d8b/element - {"using":"xpath","value":"//*[@id=\"__item44-application-managecontracts-display-component---AddNewContract--contractType-1\"]"}
RESULT: {"using":"xpath","value":"//*[@id=\"__item44-application-managecontracts-display-component---AddNewContract--contractType-1\"]"}
COMMAND: POST /session/312b457e950016f7ac2dd5fe08468d8b/element/f.49633FD853CAE5E68BDC48EC70618E25.d.6D13DC2AE21C37CFBAC11C30BB95F040.e.10420/click - {}
RESULT: {}
COMMAND: GET /session/312b457e950016f7ac2dd5fe08468d8b/screenshot - {}
RESULT: {}
COMMAND: POST /session/312b457e950016f7ac2dd5fe08468d8b/execute/async - {"script":"<script> [1562 bytes]","args":[{"selector":{"id":"application-managecontracts-display-component---AddNewContract--projectDescription","interaction":{"idSuffix":"inner"}},"wdio_ui5_key":"applicationmanagecontracts-display-component---AddNewContract--projectDescription"}]}
RESULT: {"script":"<script> [1562 bytes]","args":[{"selector":{"id":"application-managecontracts-display-component---AddNewContract--projectDescription","interaction":{"idSuffix":"inner"}},"wdio_ui5_key":"applicationmanagecontracts-display-component---AddNewContract--projectDescription"}]}
RESULT: undefined
COMMAND: POST /session/312b457e950016f7ac2dd5fe08468d8b/execute/async - {"script":"<script> [776 bytes]","args":[{"enterText":"WdIOReducedisaccf","selector":{"id":"application-managecontracts-display-component---AddNewContract--projectDescription","interaction":{"idSuffix":"inner"}},"clearTextFirst":true,"interactionType":"ENTER_TEXT"}]}
RESULT: {"script":"<script> [776 bytes]","args":[{"enterText":"WdIOReducedisaccf","selector":{"id":"application-managecontracts-display-component---AddNewContract--projectDescription","interaction":{"idSuffix":"inner"}},"clearTextFirst":true,"interactionType":"ENTER_TEXT"}]}
COMMAND: POST /session/312b457e950016f7ac2dd5fe08468d8b/element - {"using":"xpath","value":"//input[@id=\"application-managecontracts-display-component---AddNewContract--yardId-inner\"]"}
RESULT: {"using":"xpath","value":"//input[@id=\"application-managecontracts-display-component---AddNewContract--yardId-inner\"]"}
COMMAND: POST /session/312b457e950016f7ac2dd5fe08468d8b/element/f.49633FD853CAE5E68BDC48EC70618E25.d.6D13DC2AE21C37CFBAC11C30BB95F040.e.10310/clear - {}
RESULT: {}
COMMAND: POST /session/312b457e950016f7ac2dd5fe08468d8b/element/f.49633FD853CAE5E68BDC48EC70618E25.d.6D13DC2AE21C37CFBAC11C30BB95F040.e.10310/value - {"text":"WebdriverYard8myzr"}
COMMAND: GET /session/312b457e950016f7ac2dd5fe08468d8b/screenshot - {}
RESULT: {"text":"WebdriverYard8myzr"}
COMMAND: GET /session/312b457e950016f7ac2dd5fe08468d8b/screenshot - {}
RESULT: {}
RESULT: {}
COMMAND: POST /session/312b457e950016f7ac2dd5fe08468d8b/actions - {"actions":[{"id":"action58","type":"key","parameters":{},"actions":[{"type":"keyDown","value":"î€‡"},{"type":"pause","duration":10},{"type":"keyUp","value":"î€‡"}]}]}
RESULT: {"actions":[{"id":"action58","type":"key","parameters":{},"actions":[{"type":"keyDown","value":"î€‡"},{"type":"pause","duration":10},{"type":"keyUp","value":"î€‡"}]}]}
COMMAND: GET /session/312b457e950016f7ac2dd5fe08468d8b/screenshot - {}
RESULT: {}
COMMAND: POST /session/312b457e950016f7ac2dd5fe08468d8b/element - {"using":"xpath","value":"//input[@id=\"application-managecontracts-display-component---AddNewContract--customerSelect-inner\"]"}
RESULT: {"using":"xpath","value":"//input[@id=\"application-managecontracts-display-component---AddNewContract--customerSelect-inner\"]"}
COMMAND: POST /session/312b457e950016f7ac2dd5fe08468d8b/element/f.49633FD853CAE5E68BDC48EC70618E25.d.6D13DC2AE21C37CFBAC11C30BB95F040.e.10308/clear - {}
RESULT: {}
COMMAND: POST /session/312b457e950016f7ac2dd5fe08468d8b/element/f.49633FD853CAE5E68BDC48EC70618E25.d.6D13DC2AE21C37CFBAC11C30BB95F040.e.10308/value - {"text":"WebdriverPartnerld92m"}
COMMAND: GET /session/312b457e950016f7ac2dd5fe08468d8b/screenshot - {}
RESULT: {"text":"WebdriverPartnerld92m"}
COMMAND: GET /session/312b457e950016f7ac2dd5fe08468d8b/screenshot - {}
RESULT: {}
RESULT: {}
COMMAND: POST /session/312b457e950016f7ac2dd5fe08468d8b/actions - {"actions":[{"id":"action59","type":"key","parameters":{},"actions":[{"type":"keyDown","value":"î€‡"},{"type":"pause","duration":10},{"type":"keyUp","value":"î€‡"}]}]}
RESULT: {"actions":[{"id":"action59","type":"key","parameters":{},"actions":[{"type":"keyDown","value":"î€‡"},{"type":"pause","duration":10},{"type":"keyUp","value":"î€‡"}]}]}
COMMAND: GET /session/312b457e950016f7ac2dd5fe08468d8b/screenshot - {}
RESULT: {}
COMMAND: POST /session/312b457e950016f7ac2dd5fe08468d8b/execute/async - {"script":"<script> [1562 bytes]","args":[{"selector":{"id":"application-managecontracts-display-component---AddNewContract--calendarInput-arrow"},"wdio_ui5_key":"applicationmanagecontracts-display-component---AddNewContract--calendarInput-arrow"}]}
RESULT: {"script":"<script> [1562 bytes]","args":[{"selector":{"id":"application-managecontracts-display-component---AddNewContract--calendarInput-arrow"},"wdio_ui5_key":"applicationmanagecontracts-display-component---AddNewContract--calendarInput-arrow"}]}
RESULT: undefined
COMMAND: POST /session/312b457e950016f7ac2dd5fe08468d8b/element - {"using":"xpath","value":"//*[@id=\"application-managecontracts-display-component---AddNewContract--calendarInput-arrow\"]"}
RESULT: {"using":"xpath","value":"//*[@id=\"application-managecontracts-display-component---AddNewContract--calendarInput-arrow\"]"}
COMMAND: POST /session/312b457e950016f7ac2dd5fe08468d8b/element/f.49633FD853CAE5E68BDC48EC70618E25.d.6D13DC2AE21C37CFBAC11C30BB95F040.e.10285/click - {}
RESULT: {}
COMMAND: GET /session/312b457e950016f7ac2dd5fe08468d8b/screenshot - {}
RESULT: {}
COMMAND: POST /session/312b457e950016f7ac2dd5fe08468d8b/execute/async - {"script":"<script> [1562 bytes]","args":[{"selector":{"controlType":"sap.m.StandardListItem","viewName":"etm.portal.ui.managecontracts.view.AddNewContract","viewId":"application-managecontracts-display-component---AddNewContract","properties":{"title":"1 - Calendar unit test patch"},"searchOpenDialogs":true,"interaction":{"idSuffix":"titleText"}},"wdio_ui5_key":"etmportal.ui.managecontracts.view.AddNewContractsap.m.StandardListItem{\"title\":\"1 - Calendar unit test patch\"}"}]}
RESULT: {"script":"<script> [1562 bytes]","args":[{"selector":{"controlType":"sap.m.StandardListItem","viewName":"etm.portal.ui.managecontracts.view.AddNewContract","viewId":"application-managecontracts-display-component---AddNewContract","properties":{"title":"1 - Calendar unit test patch"},"searchOpenDialogs":true,"interaction":{"idSuffix":"titleText"}},"wdio_ui5_key":"etmportal.ui.managecontracts.view.AddNewContractsap.m.StandardListItem{\"title\":\"1 - Calendar unit test patch\"}"}]}
RESULT: undefined
COMMAND: POST /session/312b457e950016f7ac2dd5fe08468d8b/element - {"using":"xpath","value":"//*[@id=\"__item522\"]"}
RESULT: {"using":"xpath","value":"//*[@id=\"__item522\"]"}
COMMAND: POST /session/312b457e950016f7ac2dd5fe08468d8b/element/f.49633FD853CAE5E68BDC48EC70618E25.d.6D13DC2AE21C37CFBAC11C30BB95F040.e.10429/click - {}
RESULT: {}
COMMAND: GET /session/312b457e950016f7ac2dd5fe08468d8b/screenshot - {}
RESULT: {}
COMMAND: POST /session/312b457e950016f7ac2dd5fe08468d8b/execute/async - {"script":"<script> [1562 bytes]","args":[{"selector":{"id":"application-managecontracts-display-component---AddNewContract--streetInput","interaction":{"idSuffix":"inner"}},"wdio_ui5_key":"applicationmanagecontracts-display-component---AddNewContract--streetInput"}]}
RESULT: {"script":"<script> [1562 bytes]","args":[{"selector":{"id":"application-managecontracts-display-component---AddNewContract--streetInput","interaction":{"idSuffix":"inner"}},"wdio_ui5_key":"applicationmanagecontracts-display-component---AddNewContract--streetInput"}]}
RESULT: undefined
COMMAND: POST /session/312b457e950016f7ac2dd5fe08468d8b/execute/async - {"script":"<script> [776 bytes]","args":[{"enterText":"StreetWdIO","selector":{"id":"application-managecontracts-display-component---AddNewContract--streetInput","interaction":{"idSuffix":"inner"}},"clearTextFirst":true,"interactionType":"ENTER_TEXT"}]}
RESULT: {"script":"<script> [776 bytes]","args":[{"enterText":"StreetWdIO","selector":{"id":"application-managecontracts-display-component---AddNewContract--streetInput","interaction":{"idSuffix":"inner"}},"clearTextFirst":true,"interactionType":"ENTER_TEXT"}]}
COMMAND: POST /session/312b457e950016f7ac2dd5fe08468d8b/execute/async - {"script":"<script> [1562 bytes]","args":[{"selector":{"id":"application-managecontracts-display-component---AddNewContract--numberInput","interaction":{"idSuffix":"inner"}},"wdio_ui5_key":"applicationmanagecontracts-display-component---AddNewContract--numberInput"}]}
RESULT: {"script":"<script> [1562 bytes]","args":[{"selector":{"id":"application-managecontracts-display-component---AddNewContract--numberInput","interaction":{"idSuffix":"inner"}},"wdio_ui5_key":"applicationmanagecontracts-display-component---AddNewContract--numberInput"}]}
RESULT: undefined
COMMAND: POST /session/312b457e950016f7ac2dd5fe08468d8b/execute/async - {"script":"<script> [776 bytes]","args":[{"enterText":"3","selector":{"id":"application-managecontracts-display-component---AddNewContract--numberInput","interaction":{"idSuffix":"inner"}},"clearTextFirst":true,"interactionType":"ENTER_TEXT"}]}
RESULT: {"script":"<script> [776 bytes]","args":[{"enterText":"3","selector":{"id":"application-managecontracts-display-component---AddNewContract--numberInput","interaction":{"idSuffix":"inner"}},"clearTextFirst":true,"interactionType":"ENTER_TEXT"}]}
COMMAND: POST /session/312b457e950016f7ac2dd5fe08468d8b/execute/async - {"script":"<script> [1562 bytes]","args":[{"selector":{"id":"application-managecontracts-display-component---AddNewContract--cityInput","interaction":{"idSuffix":"inner"}},"wdio_ui5_key":"applicationmanagecontracts-display-component---AddNewContract--cityInput"}]}
RESULT: {"script":"<script> [1562 bytes]","args":[{"selector":{"id":"application-managecontracts-display-component---AddNewContract--cityInput","interaction":{"idSuffix":"inner"}},"wdio_ui5_key":"applicationmanagecontracts-display-component---AddNewContract--cityInput"}]}
RESULT: undefined
COMMAND: POST /session/312b457e950016f7ac2dd5fe08468d8b/execute/async - {"script":"<script> [776 bytes]","args":[{"enterText":"Bucharest","selector":{"id":"application-managecontracts-display-component---AddNewContract--cityInput","interaction":{"idSuffix":"inner"}},"clearTextFirst":true,"interactionType":"ENTER_TEXT"}]}
RESULT: {"script":"<script> [776 bytes]","args":[{"enterText":"Bucharest","selector":{"id":"application-managecontracts-display-component---AddNewContract--cityInput","interaction":{"idSuffix":"inner"}},"clearTextFirst":true,"interactionType":"ENTER_TEXT"}]}
COMMAND: POST /session/312b457e950016f7ac2dd5fe08468d8b/execute/async - {"script":"<script> [1562 bytes]","args":[{"selector":{"id":"application-managecontracts-display-component---AddNewContract--zipInput","interaction":{"idSuffix":"inner"}},"wdio_ui5_key":"applicationmanagecontracts-display-component---AddNewContract--zipInput"}]}
RESULT: {"script":"<script> [1562 bytes]","args":[{"selector":{"id":"application-managecontracts-display-component---AddNewContract--zipInput","interaction":{"idSuffix":"inner"}},"wdio_ui5_key":"applicationmanagecontracts-display-component---AddNewContract--zipInput"}]}
RESULT: undefined
COMMAND: POST /session/312b457e950016f7ac2dd5fe08468d8b/execute/async - {"script":"<script> [776 bytes]","args":[{"enterText":"021210","selector":{"id":"application-managecontracts-display-component---AddNewContract--zipInput","interaction":{"idSuffix":"inner"}},"clearTextFirst":true,"interactionType":"ENTER_TEXT"}]}
RESULT: {"script":"<script> [776 bytes]","args":[{"enterText":"021210","selector":{"id":"application-managecontracts-display-component---AddNewContract--zipInput","interaction":{"idSuffix":"inner"}},"clearTextFirst":true,"interactionType":"ENTER_TEXT"}]}
COMMAND: POST /session/312b457e950016f7ac2dd5fe08468d8b/element - {"using":"xpath","value":"//bdi[contains(@id ,\"application-managecontracts-display-component---AddNewContract--saveBtn-BDI-content\")]"}
RESULT: {"using":"xpath","value":"//bdi[contains(@id ,\"application-managecontracts-display-component---AddNewContract--saveBtn-BDI-content\")]"}
COMMAND: POST /session/312b457e950016f7ac2dd5fe08468d8b/element/f.49633FD853CAE5E68BDC48EC70618E25.d.6D13DC2AE21C37CFBAC11C30BB95F040.e.10434/click - {}
RESULT: {}
COMMAND: GET /session/312b457e950016f7ac2dd5fe08468d8b/screenshot - {}
RESULT: {}
COMMAND: POST /session/312b457e950016f7ac2dd5fe08468d8b/element - {"using":"xpath","value":"//button[contains(@data-kt ,\"contractDetailEditBtnButton\")]"}
RESULT: {"using":"xpath","value":"//button[contains(@data-kt ,\"contractDetailEditBtnButton\")]"}
COMMAND: POST /session/312b457e950016f7ac2dd5fe08468d8b/execute/sync - {"script":"<script> [8489 bytes]","args":[{"element-6066-11e4-a52e-4f735466cecf":"f.49633FD853CAE5E68BDC48EC70618E25.d.6D13DC2AE21C37CFBAC11C30BB95F040.e.10504","ELEMENT":"f.49633FD853CAE5E68BDC48EC70618E25.d.6D13DC2AE21C37CFBAC11C30BB95F040.e.10504"}]}
RESULT: {"script":"<script> [8489 bytes]","args":[{"element-6066-11e4-a52e-4f735466cecf":"f.49633FD853CAE5E68BDC48EC70618E25.d.6D13DC2AE21C37CFBAC11C30BB95F040.e.10504","ELEMENT":"f.49633FD853CAE5E68BDC48EC70618E25.d.6D13DC2AE21C37CFBAC11C30BB95F040.e.10504"}]}
COMMAND: POST /session/312b457e950016f7ac2dd5fe08468d8b/execute/sync - {"script":"<script> [8489 bytes]","args":[{"element-6066-11e4-a52e-4f735466cecf":"f.49633FD853CAE5E68BDC48EC70618E25.d.6D13DC2AE21C37CFBAC11C30BB95F040.e.10504","ELEMENT":"f.49633FD853CAE5E68BDC48EC70618E25.d.6D13DC2AE21C37CFBAC11C30BB95F040.e.10504"}]}
COMMAND: GET /session/312b457e950016f7ac2dd5fe08468d8b/screenshot - {}
RESULT: {"script":"<script> [8489 bytes]","args":[{"element-6066-11e4-a52e-4f735466cecf":"f.49633FD853CAE5E68BDC48EC70618E25.d.6D13DC2AE21C37CFBAC11C30BB95F040.e.10504","ELEMENT":"f.49633FD853CAE5E68BDC48EC70618E25.d.6D13DC2AE21C37CFBAC11C30BB95F040.e.10504"}]}
COMMAND: POST /session/312b457e950016f7ac2dd5fe08468d8b/execute/sync - {"script":"<script> [5351 bytes]","args":[{"element-6066-11e4-a52e-4f735466cecf":"f.49633FD853CAE5E68BDC48EC70618E25.d.6D13DC2AE21C37CFBAC11C30BB95F040.e.10504","ELEMENT":"f.49633FD853CAE5E68BDC48EC70618E25.d.6D13DC2AE21C37CFBAC11C30BB95F040.e.10504"}]}
COMMAND: GET /session/312b457e950016f7ac2dd5fe08468d8b/screenshot - {}
RESULT: {}
RESULT: {"script":"<script> [5351 bytes]","args":[{"element-6066-11e4-a52e-4f735466cecf":"f.49633FD853CAE5E68BDC48EC70618E25.d.6D13DC2AE21C37CFBAC11C30BB95F040.e.10504","ELEMENT":"f.49633FD853CAE5E68BDC48EC70618E25.d.6D13DC2AE21C37CFBAC11C30BB95F040.e.10504"}]}
COMMAND: POST /session/312b457e950016f7ac2dd5fe08468d8b/execute/async - {"script":"<script> [1562 bytes]","args":[{"selector":{"controlType":"sap.m.Text","viewName":"etm.portal.ui.managecontracts.view.Detail","bindingPath":{"propertyPath":"LINK_TO_C_CONTRACT_TYPES/DESCRIPTION","modelName":"catalogModel"}},"wdio_ui5_key":"etmportal.ui.managecontracts.view.Detailsap.m.Text{\"propertyPath\":\"LINK_TO_C_CONTRACT_TYPES/DESCRIPTION\",\"modelName\":\"catalogModel\"}"}]}
COMMAND: GET /session/312b457e950016f7ac2dd5fe08468d8b/screenshot - {}
RESULT: {}
RESULT: {"script":"<script> [1562 bytes]","args":[{"selector":{"controlType":"sap.m.Text","viewName":"etm.portal.ui.managecontracts.view.Detail","bindingPath":{"propertyPath":"LINK_TO_C_CONTRACT_TYPES/DESCRIPTION","modelName":"catalogModel"}},"wdio_ui5_key":"etmportal.ui.managecontracts.view.Detailsap.m.Text{\"propertyPath\":\"LINK_TO_C_CONTRACT_TYPES/DESCRIPTION\",\"modelName\":\"catalogModel\"}"}]}
RESULT: undefined
COMMAND: POST /session/312b457e950016f7ac2dd5fe08468d8b/execute/async - {"script":"<script> [6424 bytes]","args":[{"element-6066-11e4-a52e-4f735466cecf":"f.49633FD853CAE5E68BDC48EC70618E25.d.6D13DC2AE21C37CFBAC11C30BB95F040.e.10507"},"getText",[]]}
RESULT: {}
RESULT: {"script":"<script> [6424 bytes]","args":[{"element-6066-11e4-a52e-4f735466cecf":"f.49633FD853CAE5E68BDC48EC70618E25.d.6D13DC2AE21C37CFBAC11C30BB95F040.e.10507"},"getText",[]]}
COMMAND: POST /session/312b457e950016f7ac2dd5fe08468d8b/element/f.49633FD853CAE5E68BDC48EC70618E25.d.6D13DC2AE21C37CFBAC11C30BB95F040.e.10504/click - {}
RESULT: {}
COMMAND: GET /session/312b457e950016f7ac2dd5fe08468d8b/screenshot - {}
RESULT: {}
]]></system-out>
    </testcase>
    <testcase classname="chrome.136_0_7103_49.windows.Reduced_contract_US151275" name="Should add a RU to the contract" time="46.902">
      <system-out><![CDATA[
COMMAND: POST /session/312b457e950016f7ac2dd5fe08468d8b/element - {"using":"xpath","value":"(//span[contains(text(), \"Header Billing Items\")])[2]"}
RESULT: {"using":"xpath","value":"(//span[contains(text(), \"Header Billing Items\")])[2]"}
COMMAND: POST /session/312b457e950016f7ac2dd5fe08468d8b/element/f.49633FD853CAE5E68BDC48EC70618E25.d.6D13DC2AE21C37CFBAC11C30BB95F040.e.10548/click - {}
RESULT: {}
COMMAND: GET /session/312b457e950016f7ac2dd5fe08468d8b/screenshot - {}
RESULT: {}
COMMAND: POST /session/312b457e950016f7ac2dd5fe08468d8b/element - {"using":"xpath","value":"//button[@data-kt=\"btnAddTableRowOverflowToolbarButton\"]"}
RESULT: {"using":"xpath","value":"//button[@data-kt=\"btnAddTableRowOverflowToolbarButton\"]"}
COMMAND: POST /session/312b457e950016f7ac2dd5fe08468d8b/element/f.49633FD853CAE5E68BDC48EC70618E25.d.6D13DC2AE21C37CFBAC11C30BB95F040.e.10553/click - {}
RESULT: {}
COMMAND: GET /session/312b457e950016f7ac2dd5fe08468d8b/screenshot - {}
RESULT: {}
COMMAND: POST /session/312b457e950016f7ac2dd5fe08468d8b/element - {"using":"xpath","value":"//div[(text() = 'Standard Entry' or . = 'Standard Entry')]"}
RESULT: {"using":"xpath","value":"//div[(text() = 'Standard Entry' or . = 'Standard Entry')]"}
COMMAND: POST /session/312b457e950016f7ac2dd5fe08468d8b/element/f.49633FD853CAE5E68BDC48EC70618E25.d.6D13DC2AE21C37CFBAC11C30BB95F040.e.10555/click - {}
RESULT: {}
COMMAND: POST /session/312b457e950016f7ac2dd5fe08468d8b/element - {"using":"xpath","value":"//td[6]/div/div/input[1]"}
COMMAND: GET /session/312b457e950016f7ac2dd5fe08468d8b/screenshot - {}
RESULT: {"using":"xpath","value":"//td[6]/div/div/input[1]"}
COMMAND: POST /session/312b457e950016f7ac2dd5fe08468d8b/element/f.49633FD853CAE5E68BDC48EC70618E25.d.6D13DC2AE21C37CFBAC11C30BB95F040.e.10557/click - {}
RESULT: {}
RESULT: {}
COMMAND: POST /session/312b457e950016f7ac2dd5fe08468d8b/actions - {"actions":[{"id":"action60","type":"key","parameters":{},"actions":[{"type":"keyDown","value":"î€ƒ"},{"type":"pause","duration":10},{"type":"keyUp","value":"î€ƒ"}]}]}
COMMAND: GET /session/312b457e950016f7ac2dd5fe08468d8b/screenshot - {}
RESULT: {"actions":[{"id":"action60","type":"key","parameters":{},"actions":[{"type":"keyDown","value":"î€ƒ"},{"type":"pause","duration":10},{"type":"keyUp","value":"î€ƒ"}]}]}
COMMAND: POST /session/312b457e950016f7ac2dd5fe08468d8b/element - {"using":"xpath","value":"//td[6]/div/div/input[1]"}
COMMAND: GET /session/312b457e950016f7ac2dd5fe08468d8b/screenshot - {}
RESULT: {}
RESULT: {"using":"xpath","value":"//td[6]/div/div/input[1]"}
COMMAND: POST /session/312b457e950016f7ac2dd5fe08468d8b/element/f.49633FD853CAE5E68BDC48EC70618E25.d.6D13DC2AE21C37CFBAC11C30BB95F040.e.10557/clear - {}
RESULT: {}
RESULT: {}
COMMAND: POST /session/312b457e950016f7ac2dd5fe08468d8b/element/f.49633FD853CAE5E68BDC48EC70618E25.d.6D13DC2AE21C37CFBAC11C30BB95F040.e.10557/value - {"text":"Material"}
COMMAND: GET /session/312b457e950016f7ac2dd5fe08468d8b/screenshot - {}
RESULT: {"text":"Material"}
COMMAND: GET /session/312b457e950016f7ac2dd5fe08468d8b/screenshot - {}
RESULT: {}
RESULT: {}
COMMAND: POST /session/312b457e950016f7ac2dd5fe08468d8b/actions - {"actions":[{"id":"action61","type":"key","parameters":{},"actions":[{"type":"keyDown","value":"î€‡"},{"type":"pause","duration":10},{"type":"keyUp","value":"î€‡"}]}]}
RESULT: {"actions":[{"id":"action61","type":"key","parameters":{},"actions":[{"type":"keyDown","value":"î€‡"},{"type":"pause","duration":10},{"type":"keyUp","value":"î€‡"}]}]}
COMMAND: GET /session/312b457e950016f7ac2dd5fe08468d8b/screenshot - {}
RESULT: {}
COMMAND: POST /session/312b457e950016f7ac2dd5fe08468d8b/actions - {"actions":[{"id":"action62","type":"key","parameters":{},"actions":[{"type":"keyDown","value":"î€‡"},{"type":"pause","duration":10},{"type":"keyUp","value":"î€‡"}]}]}
RESULT: {"actions":[{"id":"action62","type":"key","parameters":{},"actions":[{"type":"keyDown","value":"î€‡"},{"type":"pause","duration":10},{"type":"keyUp","value":"î€‡"}]}]}
COMMAND: POST /session/312b457e950016f7ac2dd5fe08468d8b/element - {"using":"xpath","value":"//td[7]/div/div/input"}
COMMAND: GET /session/312b457e950016f7ac2dd5fe08468d8b/screenshot - {}
RESULT: {"using":"xpath","value":"//td[7]/div/div/input"}
COMMAND: POST /session/312b457e950016f7ac2dd5fe08468d8b/element/f.49633FD853CAE5E68BDC48EC70618E25.d.6D13DC2AE21C37CFBAC11C30BB95F040.e.10570/clear - {}
RESULT: {}
RESULT: {}
COMMAND: POST /session/312b457e950016f7ac2dd5fe08468d8b/element/f.49633FD853CAE5E68BDC48EC70618E25.d.6D13DC2AE21C37CFBAC11C30BB95F040.e.10570/value - {"text":"WebdriverRUR2C"}
COMMAND: GET /session/312b457e950016f7ac2dd5fe08468d8b/screenshot - {}
RESULT: {"text":"WebdriverRUR2C"}
COMMAND: GET /session/312b457e950016f7ac2dd5fe08468d8b/screenshot - {}
RESULT: {}
RESULT: {}
COMMAND: POST /session/312b457e950016f7ac2dd5fe08468d8b/actions - {"actions":[{"id":"action63","type":"key","parameters":{},"actions":[{"type":"keyDown","value":"î€‡"},{"type":"pause","duration":10},{"type":"keyUp","value":"î€‡"}]}]}
RESULT: {"actions":[{"id":"action63","type":"key","parameters":{},"actions":[{"type":"keyDown","value":"î€‡"},{"type":"pause","duration":10},{"type":"keyUp","value":"î€‡"}]}]}
COMMAND: GET /session/312b457e950016f7ac2dd5fe08468d8b/screenshot - {}
RESULT: {}
COMMAND: POST /session/312b457e950016f7ac2dd5fe08468d8b/actions - {"actions":[{"id":"action64","type":"key","parameters":{},"actions":[{"type":"keyDown","value":"î€‡"},{"type":"pause","duration":10},{"type":"keyUp","value":"î€‡"}]}]}
RESULT: {"actions":[{"id":"action64","type":"key","parameters":{},"actions":[{"type":"keyDown","value":"î€‡"},{"type":"pause","duration":10},{"type":"keyUp","value":"î€‡"}]}]}
COMMAND: GET /session/312b457e950016f7ac2dd5fe08468d8b/screenshot - {}
RESULT: {}
COMMAND: POST /session/312b457e950016f7ac2dd5fe08468d8b/element - {"using":"xpath","value":"(//button[@data-kt=\"saveButton\"])[2]"}
RESULT: {"using":"xpath","value":"(//button[@data-kt=\"saveButton\"])[2]"}
COMMAND: POST /session/312b457e950016f7ac2dd5fe08468d8b/element/f.49633FD853CAE5E68BDC48EC70618E25.d.6D13DC2AE21C37CFBAC11C30BB95F040.e.10595/click - {}
RESULT: {}
COMMAND: GET /session/312b457e950016f7ac2dd5fe08468d8b/screenshot - {}
RESULT: {}
COMMAND: POST /session/312b457e950016f7ac2dd5fe08468d8b/element - {"using":"xpath","value":"//button[contains(@data-kt ,\"contractDetailEditBtnButton\")]"}
RESULT: {"using":"xpath","value":"//button[contains(@data-kt ,\"contractDetailEditBtnButton\")]"}
COMMAND: POST /session/312b457e950016f7ac2dd5fe08468d8b/execute/sync - {"script":"<script> [8489 bytes]","args":[{"element-6066-11e4-a52e-4f735466cecf":"f.49633FD853CAE5E68BDC48EC70618E25.d.6D13DC2AE21C37CFBAC11C30BB95F040.e.10504","ELEMENT":"f.49633FD853CAE5E68BDC48EC70618E25.d.6D13DC2AE21C37CFBAC11C30BB95F040.e.10504"}]}
RESULT: {"script":"<script> [8489 bytes]","args":[{"element-6066-11e4-a52e-4f735466cecf":"f.49633FD853CAE5E68BDC48EC70618E25.d.6D13DC2AE21C37CFBAC11C30BB95F040.e.10504","ELEMENT":"f.49633FD853CAE5E68BDC48EC70618E25.d.6D13DC2AE21C37CFBAC11C30BB95F040.e.10504"}]}
COMMAND: POST /session/312b457e950016f7ac2dd5fe08468d8b/execute/sync - {"script":"<script> [8489 bytes]","args":[{"element-6066-11e4-a52e-4f735466cecf":"f.49633FD853CAE5E68BDC48EC70618E25.d.6D13DC2AE21C37CFBAC11C30BB95F040.e.10504","ELEMENT":"f.49633FD853CAE5E68BDC48EC70618E25.d.6D13DC2AE21C37CFBAC11C30BB95F040.e.10504"}]}
COMMAND: GET /session/312b457e950016f7ac2dd5fe08468d8b/screenshot - {}
RESULT: {"script":"<script> [8489 bytes]","args":[{"element-6066-11e4-a52e-4f735466cecf":"f.49633FD853CAE5E68BDC48EC70618E25.d.6D13DC2AE21C37CFBAC11C30BB95F040.e.10504","ELEMENT":"f.49633FD853CAE5E68BDC48EC70618E25.d.6D13DC2AE21C37CFBAC11C30BB95F040.e.10504"}]}
COMMAND: POST /session/312b457e950016f7ac2dd5fe08468d8b/execute/sync - {"script":"<script> [5351 bytes]","args":[{"element-6066-11e4-a52e-4f735466cecf":"f.49633FD853CAE5E68BDC48EC70618E25.d.6D13DC2AE21C37CFBAC11C30BB95F040.e.10504","ELEMENT":"f.49633FD853CAE5E68BDC48EC70618E25.d.6D13DC2AE21C37CFBAC11C30BB95F040.e.10504"}]}
COMMAND: GET /session/312b457e950016f7ac2dd5fe08468d8b/screenshot - {}
RESULT: {}
RESULT: {"script":"<script> [5351 bytes]","args":[{"element-6066-11e4-a52e-4f735466cecf":"f.49633FD853CAE5E68BDC48EC70618E25.d.6D13DC2AE21C37CFBAC11C30BB95F040.e.10504","ELEMENT":"f.49633FD853CAE5E68BDC48EC70618E25.d.6D13DC2AE21C37CFBAC11C30BB95F040.e.10504"}]}
COMMAND: POST /session/312b457e950016f7ac2dd5fe08468d8b/element - {"using":"xpath","value":"(//span[contains(text(), \"Header Billing Items\")])[1]"}
COMMAND: GET /session/312b457e950016f7ac2dd5fe08468d8b/screenshot - {}
RESULT: {}
RESULT: {}
RESULT: {"using":"xpath","value":"(//span[contains(text(), \"Header Billing Items\")])[1]"}
COMMAND: POST /session/312b457e950016f7ac2dd5fe08468d8b/element/f.49633FD853CAE5E68BDC48EC70618E25.d.6D13DC2AE21C37CFBAC11C30BB95F040.e.10598/click - {}
RESULT: {}
COMMAND: GET /session/312b457e950016f7ac2dd5fe08468d8b/screenshot - {}
RESULT: {}
COMMAND: POST /session/312b457e950016f7ac2dd5fe08468d8b/execute/async - {"script":"<script> [1562 bytes]","args":[{"selector":{"controlType":"sap.m.Title","viewName":"etm.portal.ui.managecontracts.view.Detail","properties":{"text":"Contract Items (1)"}},"wdio_ui5_key":"etmportal.ui.managecontracts.view.Detailsap.m.Title{\"text\":\"Contract Items (1)\"}"}]}
RESULT: {"script":"<script> [1562 bytes]","args":[{"selector":{"controlType":"sap.m.Title","viewName":"etm.portal.ui.managecontracts.view.Detail","properties":{"text":"Contract Items (1)"}},"wdio_ui5_key":"etmportal.ui.managecontracts.view.Detailsap.m.Title{\"text\":\"Contract Items (1)\"}"}]}
RESULT: undefined
COMMAND: POST /session/312b457e950016f7ac2dd5fe08468d8b/execute/async - {"script":"<script> [6424 bytes]","args":[{"element-6066-11e4-a52e-4f735466cecf":"f.49633FD853CAE5E68BDC48EC70618E25.d.6D13DC2AE21C37CFBAC11C30BB95F040.e.10600"},"getText",[]]}
RESULT: {"script":"<script> [6424 bytes]","args":[{"element-6066-11e4-a52e-4f735466cecf":"f.49633FD853CAE5E68BDC48EC70618E25.d.6D13DC2AE21C37CFBAC11C30BB95F040.e.10600"},"getText",[]]}
COMMAND: POST /session/312b457e950016f7ac2dd5fe08468d8b/element - {"using":"xpath","value":"(//span[contains(@class ,\"sapMObjStatusText\")])[1]"}
RESULT: {"using":"xpath","value":"(//span[contains(@class ,\"sapMObjStatusText\")])[1]"}
COMMAND: GET /session/312b457e950016f7ac2dd5fe08468d8b/element/f.49633FD853CAE5E68BDC48EC70618E25.d.6D13DC2AE21C37CFBAC11C30BB95F040.e.10601/text - {}
RESULT: {}
COMMAND: POST /session/312b457e950016f7ac2dd5fe08468d8b/refresh - {}
RESULT: {}
COMMAND: GET /session/312b457e950016f7ac2dd5fe08468d8b/screenshot - {}
RESULT: {}
COMMAND: POST /session/312b457e950016f7ac2dd5fe08468d8b/execute/async - {"script":"<script> [189 bytes]","args":[]}
RESULT: {"script":"<script> [189 bytes]","args":[]}
COMMAND: POST /session/312b457e950016f7ac2dd5fe08468d8b/execute/async - {"script":"<script> [123 bytes]","args":[]}
RESULT: {"script":"<script> [123 bytes]","args":[]}
COMMAND: POST /session/312b457e950016f7ac2dd5fe08468d8b/timeouts - {"script":"<number>"}
RESULT: {"script":"<number>"}
COMMAND: GET /session/312b457e950016f7ac2dd5fe08468d8b/timeouts - {}
RESULT: {}
RESULT: undefined
COMMAND: POST /session/312b457e950016f7ac2dd5fe08468d8b/execute/async - {"script":"<script> [2676 bytes]","args":[]}
RESULT: {"script":"<script> [2676 bytes]","args":[]}
COMMAND: POST /session/312b457e950016f7ac2dd5fe08468d8b/execute/async - {"script":"<script> [2342 bytes]","args":[{"protocol":"http","hostname":"0.0.0.0","path":"/","capabilities":{"browserName":"chrome","goog:chromeOptions":{"binary":"C:\\Program Files\\Google\\Chrome\\Application\\chrome.exe","args":["--start-maximized"]}},"logLevel":"warn","connectionRetryTimeout":120000,"connectionRetryCount":3,"logLevels":{},"enableDirectConnect":true,"strictSSL":true,"_":"65 more keys: [\"cacheDir\",\"port\",\"requestedCapabilities\",\"automationProtocol\",\"baseUrl\",\"waitforInterval\",\"waitforTimeout\",\"onReload\",\"beforeCommand\",\"afterCommand\",\"rootDir\",\"specs\",\"suites\",\"exclude\",\"groupLogsByTestSpec\",\"excludeDriverLogs\",\"bail\",\"framework\",\"reporters\",\"services\",\"maxInstances\",\"maxInstancesPerCapability\",\"injectGlobals\",\"filesToWatch\",\"execArgv\",\"runnerEnv\",\"runner\",\"shard\",\"specFileRetries\",\"specFileRetriesDelay\",\"specFileRetriesDeferred\",\"reporterSyncInterval\",\"reporterSyncTimeout\",\"cucumberFeaturesWithLineNumbers\",\"autoCompileOpts\",\"mochaOpts\",\"jasmineOpts\",\"cucumberOpts\",\"onPrepare\",\"onWorkerStart\",\"onWorkerEnd\",\"before\",\"beforeSession\",\"beforeSuite\",\"beforeHook\",\"beforeTest\",\"afterTest\",\"afterHook\",\"afterSuite\",\"afterSession\",\"after\",\"onComplete\",\"beforeAssertion\",\"afterAssertion\",\"beforeFeature\",\"beforeScenario\",\"beforeStep\",\"afterStep\",\"afterScenario\",\"afterFeature\",\"_\",\"suite\",\"$0\",\"ignoredWorkerServices\",\"wdi5\"]"}]}
RESULT: {"script":"<script> [2342 bytes]","args":[{"protocol":"http","hostname":"0.0.0.0","path":"/","capabilities":{"browserName":"chrome","goog:chromeOptions":{"binary":"C:\\Program Files\\Google\\Chrome\\Application\\chrome.exe","args":["--start-maximized"]}},"logLevel":"warn","connectionRetryTimeout":120000,"connectionRetryCount":3,"logLevels":{},"enableDirectConnect":true,"strictSSL":true,"_":"65 more keys: [\"cacheDir\",\"port\",\"requestedCapabilities\",\"automationProtocol\",\"baseUrl\",\"waitforInterval\",\"waitforTimeout\",\"onReload\",\"beforeCommand\",\"afterCommand\",\"rootDir\",\"specs\",\"suites\",\"exclude\",\"groupLogsByTestSpec\",\"excludeDriverLogs\",\"bail\",\"framework\",\"reporters\",\"services\",\"maxInstances\",\"maxInstancesPerCapability\",\"injectGlobals\",\"filesToWatch\",\"execArgv\",\"runnerEnv\",\"runner\",\"shard\",\"specFileRetries\",\"specFileRetriesDelay\",\"specFileRetriesDeferred\",\"reporterSyncInterval\",\"reporterSyncTimeout\",\"cucumberFeaturesWithLineNumbers\",\"autoCompileOpts\",\"mochaOpts\",\"jasmineOpts\",\"cucumberOpts\",\"onPrepare\",\"onWorkerStart\",\"onWorkerEnd\",\"before\",\"beforeSession\",\"beforeSuite\",\"beforeHook\",\"beforeTest\",\"afterTest\",\"afterHook\",\"afterSuite\",\"afterSession\",\"after\",\"onComplete\",\"beforeAssertion\",\"afterAssertion\",\"beforeFeature\",\"beforeScenario\",\"beforeStep\",\"afterStep\",\"afterScenario\",\"afterFeature\",\"_\",\"suite\",\"$0\",\"ignoredWorkerServices\",\"wdi5\"]"}]}
COMMAND: POST /session/312b457e950016f7ac2dd5fe08468d8b/execute/async - {"script":"<script> [21126 bytes]","args":[35000]}
RESULT: {"script":"<script> [21126 bytes]","args":[35000]}
COMMAND: POST /session/312b457e950016f7ac2dd5fe08468d8b/element - {"using":"css selector","value":"#shell-header-logo"}
RESULT: {"using":"css selector","value":"#shell-header-logo"}
COMMAND: POST /session/312b457e950016f7ac2dd5fe08468d8b/element/f.49633FD853CAE5E68BDC48EC70618E25.d.EC9A1B8A76987407FA589F9922B914C3.e.10777/click - {}
RESULT: {}
COMMAND: GET /session/312b457e950016f7ac2dd5fe08468d8b/screenshot - {}
RESULT: {}
]]></system-out>
    </testcase>
  </testsuite>
  <testsuite timestamp="2025-05-15T06:12:56" time="670.625" tests="7" failures="7" errors="7" skipped="0">
    <properties>
      <property name="specId" value="0" />
      <property name="suiteName" value="E2E - Logistical and commercial statuses" />
      <property name="capabilities" value="chrome.136_0_7103_49.windows" />
      <property name="file" value="file:///D:/a/1/s/test/specs/R2C/E2E-Logistical-and-commercial-status.spec.js" />
    </properties>
  </testsuite>
</testsuites>