<?xml version="1.0" encoding="UTF-8"?>
<testsuites tests="48" failures="0" errors="0" skipped="0">
  <testsuite timestamp="2025-05-20T17:21:29" time="1263.624" tests="12" failures="0" errors="0" skipped="0">
    <properties>
      <property name="specId" value="0" />
      <property name="suiteName" value="Billing Transfer - Master data &amp; Intercompany US127250" />
      <property name="capabilities" value="chrome.136_0_7103_93.windows" />
      <property name="file" value="file:///D:/a/1/s/test/specs/BTS/billing-transfer-intercompany.spec.js" />
    </properties>
    <testcase classname="chrome.136_0_7103_93.windows.Billing_Transfer_-_Master_data_&amp;_Intercompany_US127250" name="Should create a new yard" time="156.767">
      <system-out><![CDATA[
COMMAND: POST /session/f31953e55de2d70fb971a65264fe9e98/window/fullscreen - {}
RESULT: {}
COMMAND: POST /session/f31953e55de2d70fb971a65264fe9e98/execute/async - {"script":"<script> [1562 bytes]","args":[{"selector":{"controlType":"sap.m.GenericTile","properties":{"header":"Manage Yards"}},"wdio_ui5_key":"sapm.GenericTile{\"header\":\"Manage Yards\"}"}]}
RESULT: {"script":"<script> [1562 bytes]","args":[{"selector":{"controlType":"sap.m.GenericTile","properties":{"header":"Manage Yards"}},"wdio_ui5_key":"sapm.GenericTile{\"header\":\"Manage Yards\"}"}]}
RESULT: undefined
COMMAND: POST /session/f31953e55de2d70fb971a65264fe9e98/element - {"using":"xpath","value":"//*[@id=\"__tile41\"]"}
RESULT: {"using":"xpath","value":"//*[@id=\"__tile41\"]"}
COMMAND: POST /session/f31953e55de2d70fb971a65264fe9e98/element/f.64D82B69FC2678D0F29344912A345B1C.d.A73DB6A274999AAF4D281DCE7B29EBF6.e.147/click - {}
RESULT: {}
COMMAND: GET /session/f31953e55de2d70fb971a65264fe9e98/screenshot - {}
RESULT: {}
COMMAND: POST /session/f31953e55de2d70fb971a65264fe9e98/elements - {"using":"xpath","value":"//span[text()='Error']"}
RESULT: {"using":"xpath","value":"//span[text()='Error']"}
COMMAND: POST /session/f31953e55de2d70fb971a65264fe9e98/element - {"using":"xpath","value":"//button[@data-kt=\"addNewYardOverflowToolbarButton\"]"}
RESULT: {"using":"xpath","value":"//button[@data-kt=\"addNewYardOverflowToolbarButton\"]"}
COMMAND: POST /session/f31953e55de2d70fb971a65264fe9e98/elements - {"using":"xpath","value":"//button[@data-kt=\"addNewYardOverflowToolbarButton\"]"}
RESULT: {"using":"xpath","value":"//button[@data-kt=\"addNewYardOverflowToolbarButton\"]"}
COMMAND: POST /session/f31953e55de2d70fb971a65264fe9e98/elements - {"using":"xpath","value":"//button[@data-kt=\"addNewYardOverflowToolbarButton\"]"}
RESULT: {"using":"xpath","value":"//button[@data-kt=\"addNewYardOverflowToolbarButton\"]"}
COMMAND: POST /session/f31953e55de2d70fb971a65264fe9e98/elements - {"using":"xpath","value":"//button[@data-kt=\"addNewYardOverflowToolbarButton\"]"}
RESULT: {"using":"xpath","value":"//button[@data-kt=\"addNewYardOverflowToolbarButton\"]"}
COMMAND: POST /session/f31953e55de2d70fb971a65264fe9e98/elements - {"using":"xpath","value":"//button[@data-kt=\"addNewYardOverflowToolbarButton\"]"}
RESULT: {"using":"xpath","value":"//button[@data-kt=\"addNewYardOverflowToolbarButton\"]"}
COMMAND: POST /session/f31953e55de2d70fb971a65264fe9e98/elements - {"using":"xpath","value":"//button[@data-kt=\"addNewYardOverflowToolbarButton\"]"}
RESULT: {"using":"xpath","value":"//button[@data-kt=\"addNewYardOverflowToolbarButton\"]"}
COMMAND: POST /session/f31953e55de2d70fb971a65264fe9e98/elements - {"using":"xpath","value":"//button[@data-kt=\"addNewYardOverflowToolbarButton\"]"}
RESULT: {"using":"xpath","value":"//button[@data-kt=\"addNewYardOverflowToolbarButton\"]"}
COMMAND: POST /session/f31953e55de2d70fb971a65264fe9e98/elements - {"using":"xpath","value":"//button[@data-kt=\"addNewYardOverflowToolbarButton\"]"}
RESULT: {"using":"xpath","value":"//button[@data-kt=\"addNewYardOverflowToolbarButton\"]"}
COMMAND: POST /session/f31953e55de2d70fb971a65264fe9e98/elements - {"using":"xpath","value":"//button[@data-kt=\"addNewYardOverflowToolbarButton\"]"}
RESULT: {"using":"xpath","value":"//button[@data-kt=\"addNewYardOverflowToolbarButton\"]"}
COMMAND: POST /session/f31953e55de2d70fb971a65264fe9e98/elements - {"using":"xpath","value":"//button[@data-kt=\"addNewYardOverflowToolbarButton\"]"}
RESULT: {"using":"xpath","value":"//button[@data-kt=\"addNewYardOverflowToolbarButton\"]"}
COMMAND: POST /session/f31953e55de2d70fb971a65264fe9e98/elements - {"using":"xpath","value":"//button[@data-kt=\"addNewYardOverflowToolbarButton\"]"}
RESULT: {"using":"xpath","value":"//button[@data-kt=\"addNewYardOverflowToolbarButton\"]"}
COMMAND: POST /session/f31953e55de2d70fb971a65264fe9e98/elements - {"using":"xpath","value":"//button[@data-kt=\"addNewYardOverflowToolbarButton\"]"}
RESULT: {"using":"xpath","value":"//button[@data-kt=\"addNewYardOverflowToolbarButton\"]"}
COMMAND: POST /session/f31953e55de2d70fb971a65264fe9e98/elements - {"using":"xpath","value":"//button[@data-kt=\"addNewYardOverflowToolbarButton\"]"}
RESULT: {"using":"xpath","value":"//button[@data-kt=\"addNewYardOverflowToolbarButton\"]"}
COMMAND: POST /session/f31953e55de2d70fb971a65264fe9e98/elements - {"using":"xpath","value":"//button[@data-kt=\"addNewYardOverflowToolbarButton\"]"}
RESULT: {"using":"xpath","value":"//button[@data-kt=\"addNewYardOverflowToolbarButton\"]"}
COMMAND: POST /session/f31953e55de2d70fb971a65264fe9e98/elements - {"using":"xpath","value":"//button[@data-kt=\"addNewYardOverflowToolbarButton\"]"}
RESULT: {"using":"xpath","value":"//button[@data-kt=\"addNewYardOverflowToolbarButton\"]"}
COMMAND: POST /session/f31953e55de2d70fb971a65264fe9e98/elements - {"using":"xpath","value":"//button[@data-kt=\"addNewYardOverflowToolbarButton\"]"}
RESULT: {"using":"xpath","value":"//button[@data-kt=\"addNewYardOverflowToolbarButton\"]"}
COMMAND: POST /session/f31953e55de2d70fb971a65264fe9e98/elements - {"using":"xpath","value":"//button[@data-kt=\"addNewYardOverflowToolbarButton\"]"}
RESULT: {"using":"xpath","value":"//button[@data-kt=\"addNewYardOverflowToolbarButton\"]"}
COMMAND: POST /session/f31953e55de2d70fb971a65264fe9e98/elements - {"using":"xpath","value":"//button[@data-kt=\"addNewYardOverflowToolbarButton\"]"}
RESULT: {"using":"xpath","value":"//button[@data-kt=\"addNewYardOverflowToolbarButton\"]"}
COMMAND: POST /session/f31953e55de2d70fb971a65264fe9e98/elements - {"using":"xpath","value":"//button[@data-kt=\"addNewYardOverflowToolbarButton\"]"}
RESULT: {"using":"xpath","value":"//button[@data-kt=\"addNewYardOverflowToolbarButton\"]"}
COMMAND: POST /session/f31953e55de2d70fb971a65264fe9e98/elements - {"using":"xpath","value":"//button[@data-kt=\"addNewYardOverflowToolbarButton\"]"}
RESULT: {"using":"xpath","value":"//button[@data-kt=\"addNewYardOverflowToolbarButton\"]"}
COMMAND: POST /session/f31953e55de2d70fb971a65264fe9e98/elements - {"using":"xpath","value":"//button[@data-kt=\"addNewYardOverflowToolbarButton\"]"}
RESULT: {"using":"xpath","value":"//button[@data-kt=\"addNewYardOverflowToolbarButton\"]"}
COMMAND: POST /session/f31953e55de2d70fb971a65264fe9e98/elements - {"using":"xpath","value":"//button[@data-kt=\"addNewYardOverflowToolbarButton\"]"}
RESULT: {"using":"xpath","value":"//button[@data-kt=\"addNewYardOverflowToolbarButton\"]"}
COMMAND: POST /session/f31953e55de2d70fb971a65264fe9e98/elements - {"using":"xpath","value":"//button[@data-kt=\"addNewYardOverflowToolbarButton\"]"}
RESULT: {"using":"xpath","value":"//button[@data-kt=\"addNewYardOverflowToolbarButton\"]"}
COMMAND: POST /session/f31953e55de2d70fb971a65264fe9e98/elements - {"using":"xpath","value":"//button[@data-kt=\"addNewYardOverflowToolbarButton\"]"}
RESULT: {"using":"xpath","value":"//button[@data-kt=\"addNewYardOverflowToolbarButton\"]"}
COMMAND: POST /session/f31953e55de2d70fb971a65264fe9e98/elements - {"using":"xpath","value":"//button[@data-kt=\"addNewYardOverflowToolbarButton\"]"}
RESULT: {"using":"xpath","value":"//button[@data-kt=\"addNewYardOverflowToolbarButton\"]"}
COMMAND: POST /session/f31953e55de2d70fb971a65264fe9e98/elements - {"using":"xpath","value":"//button[@data-kt=\"addNewYardOverflowToolbarButton\"]"}
RESULT: {"using":"xpath","value":"//button[@data-kt=\"addNewYardOverflowToolbarButton\"]"}
COMMAND: POST /session/f31953e55de2d70fb971a65264fe9e98/elements - {"using":"xpath","value":"//button[@data-kt=\"addNewYardOverflowToolbarButton\"]"}
RESULT: {"using":"xpath","value":"//button[@data-kt=\"addNewYardOverflowToolbarButton\"]"}
COMMAND: POST /session/f31953e55de2d70fb971a65264fe9e98/elements - {"using":"xpath","value":"//button[@data-kt=\"addNewYardOverflowToolbarButton\"]"}
RESULT: {"using":"xpath","value":"//button[@data-kt=\"addNewYardOverflowToolbarButton\"]"}
COMMAND: POST /session/f31953e55de2d70fb971a65264fe9e98/elements - {"using":"xpath","value":"//button[@data-kt=\"addNewYardOverflowToolbarButton\"]"}
RESULT: {"using":"xpath","value":"//button[@data-kt=\"addNewYardOverflowToolbarButton\"]"}
COMMAND: POST /session/f31953e55de2d70fb971a65264fe9e98/elements - {"using":"xpath","value":"//button[@data-kt=\"addNewYardOverflowToolbarButton\"]"}
RESULT: {"using":"xpath","value":"//button[@data-kt=\"addNewYardOverflowToolbarButton\"]"}
COMMAND: POST /session/f31953e55de2d70fb971a65264fe9e98/elements - {"using":"xpath","value":"//button[@data-kt=\"addNewYardOverflowToolbarButton\"]"}
RESULT: {"using":"xpath","value":"//button[@data-kt=\"addNewYardOverflowToolbarButton\"]"}
COMMAND: POST /session/f31953e55de2d70fb971a65264fe9e98/elements - {"using":"xpath","value":"//button[@data-kt=\"addNewYardOverflowToolbarButton\"]"}
RESULT: {"using":"xpath","value":"//button[@data-kt=\"addNewYardOverflowToolbarButton\"]"}
COMMAND: POST /session/f31953e55de2d70fb971a65264fe9e98/elements - {"using":"xpath","value":"//button[@data-kt=\"addNewYardOverflowToolbarButton\"]"}
RESULT: {"using":"xpath","value":"//button[@data-kt=\"addNewYardOverflowToolbarButton\"]"}
COMMAND: POST /session/f31953e55de2d70fb971a65264fe9e98/elements - {"using":"xpath","value":"//button[@data-kt=\"addNewYardOverflowToolbarButton\"]"}
RESULT: {"using":"xpath","value":"//button[@data-kt=\"addNewYardOverflowToolbarButton\"]"}
COMMAND: POST /session/f31953e55de2d70fb971a65264fe9e98/elements - {"using":"xpath","value":"//button[@data-kt=\"addNewYardOverflowToolbarButton\"]"}
RESULT: {"using":"xpath","value":"//button[@data-kt=\"addNewYardOverflowToolbarButton\"]"}
COMMAND: POST /session/f31953e55de2d70fb971a65264fe9e98/elements - {"using":"xpath","value":"//button[@data-kt=\"addNewYardOverflowToolbarButton\"]"}
RESULT: {"using":"xpath","value":"//button[@data-kt=\"addNewYardOverflowToolbarButton\"]"}
COMMAND: POST /session/f31953e55de2d70fb971a65264fe9e98/elements - {"using":"xpath","value":"//button[@data-kt=\"addNewYardOverflowToolbarButton\"]"}
RESULT: {"using":"xpath","value":"//button[@data-kt=\"addNewYardOverflowToolbarButton\"]"}
COMMAND: POST /session/f31953e55de2d70fb971a65264fe9e98/elements - {"using":"xpath","value":"//button[@data-kt=\"addNewYardOverflowToolbarButton\"]"}
RESULT: {"using":"xpath","value":"//button[@data-kt=\"addNewYardOverflowToolbarButton\"]"}
COMMAND: POST /session/f31953e55de2d70fb971a65264fe9e98/elements - {"using":"xpath","value":"//button[@data-kt=\"addNewYardOverflowToolbarButton\"]"}
RESULT: {"using":"xpath","value":"//button[@data-kt=\"addNewYardOverflowToolbarButton\"]"}
COMMAND: POST /session/f31953e55de2d70fb971a65264fe9e98/elements - {"using":"xpath","value":"//button[@data-kt=\"addNewYardOverflowToolbarButton\"]"}
RESULT: {"using":"xpath","value":"//button[@data-kt=\"addNewYardOverflowToolbarButton\"]"}
COMMAND: POST /session/f31953e55de2d70fb971a65264fe9e98/elements - {"using":"xpath","value":"//button[@data-kt=\"addNewYardOverflowToolbarButton\"]"}
RESULT: {"using":"xpath","value":"//button[@data-kt=\"addNewYardOverflowToolbarButton\"]"}
COMMAND: POST /session/f31953e55de2d70fb971a65264fe9e98/elements - {"using":"xpath","value":"//button[@data-kt=\"addNewYardOverflowToolbarButton\"]"}
RESULT: {"using":"xpath","value":"//button[@data-kt=\"addNewYardOverflowToolbarButton\"]"}
COMMAND: POST /session/f31953e55de2d70fb971a65264fe9e98/elements - {"using":"xpath","value":"//button[@data-kt=\"addNewYardOverflowToolbarButton\"]"}
RESULT: {"using":"xpath","value":"//button[@data-kt=\"addNewYardOverflowToolbarButton\"]"}
COMMAND: POST /session/f31953e55de2d70fb971a65264fe9e98/elements - {"using":"xpath","value":"//button[@data-kt=\"addNewYardOverflowToolbarButton\"]"}
RESULT: {"using":"xpath","value":"//button[@data-kt=\"addNewYardOverflowToolbarButton\"]"}
COMMAND: POST /session/f31953e55de2d70fb971a65264fe9e98/elements - {"using":"xpath","value":"//button[@data-kt=\"addNewYardOverflowToolbarButton\"]"}
RESULT: {"using":"xpath","value":"//button[@data-kt=\"addNewYardOverflowToolbarButton\"]"}
COMMAND: POST /session/f31953e55de2d70fb971a65264fe9e98/elements - {"using":"xpath","value":"//button[@data-kt=\"addNewYardOverflowToolbarButton\"]"}
RESULT: {"using":"xpath","value":"//button[@data-kt=\"addNewYardOverflowToolbarButton\"]"}
COMMAND: POST /session/f31953e55de2d70fb971a65264fe9e98/elements - {"using":"xpath","value":"//button[@data-kt=\"addNewYardOverflowToolbarButton\"]"}
RESULT: {"using":"xpath","value":"//button[@data-kt=\"addNewYardOverflowToolbarButton\"]"}
COMMAND: POST /session/f31953e55de2d70fb971a65264fe9e98/elements - {"using":"xpath","value":"//button[@data-kt=\"addNewYardOverflowToolbarButton\"]"}
RESULT: {"using":"xpath","value":"//button[@data-kt=\"addNewYardOverflowToolbarButton\"]"}
COMMAND: POST /session/f31953e55de2d70fb971a65264fe9e98/elements - {"using":"xpath","value":"//button[@data-kt=\"addNewYardOverflowToolbarButton\"]"}
RESULT: {"using":"xpath","value":"//button[@data-kt=\"addNewYardOverflowToolbarButton\"]"}
COMMAND: POST /session/f31953e55de2d70fb971a65264fe9e98/elements - {"using":"xpath","value":"//button[@data-kt=\"addNewYardOverflowToolbarButton\"]"}
RESULT: {"using":"xpath","value":"//button[@data-kt=\"addNewYardOverflowToolbarButton\"]"}
COMMAND: POST /session/f31953e55de2d70fb971a65264fe9e98/element - {"using":"xpath","value":"//button[@data-kt=\"addNewYardOverflowToolbarButton\"]"}
RESULT: {"using":"xpath","value":"//button[@data-kt=\"addNewYardOverflowToolbarButton\"]"}
COMMAND: POST /session/f31953e55de2d70fb971a65264fe9e98/execute/sync - {"script":"<script> [8489 bytes]","args":[{"element-6066-11e4-a52e-4f735466cecf":"f.64D82B69FC2678D0F29344912A345B1C.d.A73DB6A274999AAF4D281DCE7B29EBF6.e.282","ELEMENT":"f.64D82B69FC2678D0F29344912A345B1C.d.A73DB6A274999AAF4D281DCE7B29EBF6.e.282"}]}
RESULT: {"script":"<script> [8489 bytes]","args":[{"element-6066-11e4-a52e-4f735466cecf":"f.64D82B69FC2678D0F29344912A345B1C.d.A73DB6A274999AAF4D281DCE7B29EBF6.e.282","ELEMENT":"f.64D82B69FC2678D0F29344912A345B1C.d.A73DB6A274999AAF4D281DCE7B29EBF6.e.282"}]}
COMMAND: GET /session/f31953e55de2d70fb971a65264fe9e98/element/f.64D82B69FC2678D0F29344912A345B1C.d.A73DB6A274999AAF4D281DCE7B29EBF6.e.282/enabled - {}
COMMAND: GET /session/f31953e55de2d70fb971a65264fe9e98/screenshot - {}
RESULT: {}
COMMAND: POST /session/f31953e55de2d70fb971a65264fe9e98/execute/sync - {"script":"<script> [8489 bytes]","args":[{"element-6066-11e4-a52e-4f735466cecf":"f.64D82B69FC2678D0F29344912A345B1C.d.A73DB6A274999AAF4D281DCE7B29EBF6.e.282","ELEMENT":"f.64D82B69FC2678D0F29344912A345B1C.d.A73DB6A274999AAF4D281DCE7B29EBF6.e.282"}]}
COMMAND: GET /session/f31953e55de2d70fb971a65264fe9e98/screenshot - {}
RESULT: {}
RESULT: {"script":"<script> [8489 bytes]","args":[{"element-6066-11e4-a52e-4f735466cecf":"f.64D82B69FC2678D0F29344912A345B1C.d.A73DB6A274999AAF4D281DCE7B29EBF6.e.282","ELEMENT":"f.64D82B69FC2678D0F29344912A345B1C.d.A73DB6A274999AAF4D281DCE7B29EBF6.e.282"}]}
COMMAND: POST /session/f31953e55de2d70fb971a65264fe9e98/execute/sync - {"script":"<script> [5351 bytes]","args":[{"element-6066-11e4-a52e-4f735466cecf":"f.64D82B69FC2678D0F29344912A345B1C.d.A73DB6A274999AAF4D281DCE7B29EBF6.e.282","ELEMENT":"f.64D82B69FC2678D0F29344912A345B1C.d.A73DB6A274999AAF4D281DCE7B29EBF6.e.282"}]}
COMMAND: GET /session/f31953e55de2d70fb971a65264fe9e98/screenshot - {}
RESULT: {}
RESULT: {"script":"<script> [5351 bytes]","args":[{"element-6066-11e4-a52e-4f735466cecf":"f.64D82B69FC2678D0F29344912A345B1C.d.A73DB6A274999AAF4D281DCE7B29EBF6.e.282","ELEMENT":"f.64D82B69FC2678D0F29344912A345B1C.d.A73DB6A274999AAF4D281DCE7B29EBF6.e.282"}]}
COMMAND: POST /session/f31953e55de2d70fb971a65264fe9e98/element/f.64D82B69FC2678D0F29344912A345B1C.d.A73DB6A274999AAF4D281DCE7B29EBF6.e.282/click - {}
COMMAND: GET /session/f31953e55de2d70fb971a65264fe9e98/screenshot - {}
RESULT: {}
RESULT: {}
COMMAND: GET /session/f31953e55de2d70fb971a65264fe9e98/screenshot - {}
RESULT: {}
RESULT: {}
COMMAND: POST /session/f31953e55de2d70fb971a65264fe9e98/element - {"using":"xpath","value":"//input[@id=\"application-manageyards-display-component---NewYard--yardId-inner\"]"}
RESULT: {"using":"xpath","value":"//input[@id=\"application-manageyards-display-component---NewYard--yardId-inner\"]"}
COMMAND: POST /session/f31953e55de2d70fb971a65264fe9e98/element - {"using":"xpath","value":"//input[@id=\"application-manageyards-display-component---NewYard--yardId-inner\"]"}
RESULT: {"using":"xpath","value":"//input[@id=\"application-manageyards-display-component---NewYard--yardId-inner\"]"}
COMMAND: POST /session/f31953e55de2d70fb971a65264fe9e98/execute/async - {"script":"<script> [1562 bytes]","args":[{"selector":{"id":"application-manageyards-display-component---NewYard--addressDetailDetailsName1","interaction":{"idSuffix":"inner"}},"wdio_ui5_key":"applicationmanageyards-display-component---NewYard--addressDetailDetailsName1"}]}
RESULT: {"script":"<script> [1562 bytes]","args":[{"selector":{"id":"application-manageyards-display-component---NewYard--addressDetailDetailsName1","interaction":{"idSuffix":"inner"}},"wdio_ui5_key":"applicationmanageyards-display-component---NewYard--addressDetailDetailsName1"}]}
RESULT: undefined
COMMAND: POST /session/f31953e55de2d70fb971a65264fe9e98/execute/async - {"script":"<script> [776 bytes]","args":[{"enterText":"Intercompany Yard wdIO","selector":{"id":"application-manageyards-display-component---NewYard--addressDetailDetailsName1","interaction":{"idSuffix":"inner"}},"clearTextFirst":true,"interactionType":"ENTER_TEXT"}]}
RESULT: {"script":"<script> [776 bytes]","args":[{"enterText":"Intercompany Yard wdIO","selector":{"id":"application-manageyards-display-component---NewYard--addressDetailDetailsName1","interaction":{"idSuffix":"inner"}},"clearTextFirst":true,"interactionType":"ENTER_TEXT"}]}
COMMAND: POST /session/f31953e55de2d70fb971a65264fe9e98/execute/async - {"script":"<script> [1562 bytes]","args":[{"selector":{"id":"application-manageyards-display-component---NewYard--addressDetailDetailsLanguage-arrow"},"wdio_ui5_key":"applicationmanageyards-display-component---NewYard--addressDetailDetailsLanguage-arrow"}]}
RESULT: {"script":"<script> [1562 bytes]","args":[{"selector":{"id":"application-manageyards-display-component---NewYard--addressDetailDetailsLanguage-arrow"},"wdio_ui5_key":"applicationmanageyards-display-component---NewYard--addressDetailDetailsLanguage-arrow"}]}
RESULT: undefined
COMMAND: POST /session/f31953e55de2d70fb971a65264fe9e98/element - {"using":"xpath","value":"//*[@id=\"application-manageyards-display-component---NewYard--addressDetailDetailsLanguage-arrow\"]"}
RESULT: {"using":"xpath","value":"//*[@id=\"application-manageyards-display-component---NewYard--addressDetailDetailsLanguage-arrow\"]"}
COMMAND: POST /session/f31953e55de2d70fb971a65264fe9e98/element/f.64D82B69FC2678D0F29344912A345B1C.d.A73DB6A274999AAF4D281DCE7B29EBF6.e.724/click - {}
RESULT: {}
COMMAND: POST /session/f31953e55de2d70fb971a65264fe9e98/element - {"using":"xpath","value":"//span[contains(text(), \"English\")]"}
COMMAND: GET /session/f31953e55de2d70fb971a65264fe9e98/screenshot - {}
RESULT: {"using":"xpath","value":"//span[contains(text(), \"English\")]"}
COMMAND: POST /session/f31953e55de2d70fb971a65264fe9e98/element/f.64D82B69FC2678D0F29344912A345B1C.d.A73DB6A274999AAF4D281DCE7B29EBF6.e.725/click - {}
RESULT: {}
RESULT: {}
COMMAND: POST /session/f31953e55de2d70fb971a65264fe9e98/execute/async - {"script":"<script> [1562 bytes]","args":[{"selector":{"id":"application-manageyards-display-component---NewYard--addressDetailDetailsCity1","interaction":{"idSuffix":"inner"}},"wdio_ui5_key":"applicationmanageyards-display-component---NewYard--addressDetailDetailsCity1"}]}
COMMAND: GET /session/f31953e55de2d70fb971a65264fe9e98/screenshot - {}
RESULT: {"script":"<script> [1562 bytes]","args":[{"selector":{"id":"application-manageyards-display-component---NewYard--addressDetailDetailsCity1","interaction":{"idSuffix":"inner"}},"wdio_ui5_key":"applicationmanageyards-display-component---NewYard--addressDetailDetailsCity1"}]}
RESULT: undefined
COMMAND: POST /session/f31953e55de2d70fb971a65264fe9e98/execute/async - {"script":"<script> [776 bytes]","args":[{"enterText":"Rosario","selector":{"id":"application-manageyards-display-component---NewYard--addressDetailDetailsCity1","interaction":{"idSuffix":"inner"}},"clearTextFirst":true,"interactionType":"ENTER_TEXT"}]}
RESULT: {}
RESULT: {"script":"<script> [776 bytes]","args":[{"enterText":"Rosario","selector":{"id":"application-manageyards-display-component---NewYard--addressDetailDetailsCity1","interaction":{"idSuffix":"inner"}},"clearTextFirst":true,"interactionType":"ENTER_TEXT"}]}
COMMAND: POST /session/f31953e55de2d70fb971a65264fe9e98/execute/async - {"script":"<script> [1562 bytes]","args":[{"selector":{"id":"application-manageyards-display-component---NewYard--addressDetailDetailsCountry-arrow"},"wdio_ui5_key":"applicationmanageyards-display-component---NewYard--addressDetailDetailsCountry-arrow"}]}
RESULT: {"script":"<script> [1562 bytes]","args":[{"selector":{"id":"application-manageyards-display-component---NewYard--addressDetailDetailsCountry-arrow"},"wdio_ui5_key":"applicationmanageyards-display-component---NewYard--addressDetailDetailsCountry-arrow"}]}
RESULT: undefined
COMMAND: POST /session/f31953e55de2d70fb971a65264fe9e98/element - {"using":"xpath","value":"//*[@id=\"application-manageyards-display-component---NewYard--addressDetailDetailsCountry-arrow\"]"}
RESULT: {"using":"xpath","value":"//*[@id=\"application-manageyards-display-component---NewYard--addressDetailDetailsCountry-arrow\"]"}
COMMAND: POST /session/f31953e55de2d70fb971a65264fe9e98/element/f.64D82B69FC2678D0F29344912A345B1C.d.A73DB6A274999AAF4D281DCE7B29EBF6.e.727/click - {}
RESULT: {}
COMMAND: POST /session/f31953e55de2d70fb971a65264fe9e98/element - {"using":"xpath","value":"//span[contains(text(), \"Argentina\")]"}
COMMAND: GET /session/f31953e55de2d70fb971a65264fe9e98/screenshot - {}
RESULT: {"using":"xpath","value":"//span[contains(text(), \"Argentina\")]"}
COMMAND: POST /session/f31953e55de2d70fb971a65264fe9e98/element/f.64D82B69FC2678D0F29344912A345B1C.d.A73DB6A274999AAF4D281DCE7B29EBF6.e.728/click - {}
RESULT: {}
RESULT: {}
COMMAND: POST /session/f31953e55de2d70fb971a65264fe9e98/execute/async - {"script":"<script> [1562 bytes]","args":[{"selector":{"id":"application-manageyards-display-component---NewYard--addressEditDetailsCostObjectCstType-arrow"},"wdio_ui5_key":"applicationmanageyards-display-component---NewYard--addressEditDetailsCostObjectCstType-arrow"}]}
COMMAND: GET /session/f31953e55de2d70fb971a65264fe9e98/screenshot - {}
RESULT: {"script":"<script> [1562 bytes]","args":[{"selector":{"id":"application-manageyards-display-component---NewYard--addressEditDetailsCostObjectCstType-arrow"},"wdio_ui5_key":"applicationmanageyards-display-component---NewYard--addressEditDetailsCostObjectCstType-arrow"}]}
RESULT: undefined
COMMAND: POST /session/f31953e55de2d70fb971a65264fe9e98/element - {"using":"xpath","value":"//*[@id=\"application-manageyards-display-component---NewYard--addressEditDetailsCostObjectCstType-arrow\"]"}
RESULT: {}
RESULT: {"using":"xpath","value":"//*[@id=\"application-manageyards-display-component---NewYard--addressEditDetailsCostObjectCstType-arrow\"]"}
COMMAND: POST /session/f31953e55de2d70fb971a65264fe9e98/element/f.64D82B69FC2678D0F29344912A345B1C.d.A73DB6A274999AAF4D281DCE7B29EBF6.e.730/click - {}
RESULT: {}
COMMAND: POST /session/f31953e55de2d70fb971a65264fe9e98/element - {"using":"xpath","value":"//span[contains(text(), \"Cost Center\")]"}
COMMAND: GET /session/f31953e55de2d70fb971a65264fe9e98/screenshot - {}
RESULT: {"using":"xpath","value":"//span[contains(text(), \"Cost Center\")]"}
COMMAND: POST /session/f31953e55de2d70fb971a65264fe9e98/element/f.64D82B69FC2678D0F29344912A345B1C.d.A73DB6A274999AAF4D281DCE7B29EBF6.e.731/click - {}
RESULT: {}
RESULT: {}
COMMAND: GET /session/f31953e55de2d70fb971a65264fe9e98/screenshot - {}
RESULT: {}
COMMAND: POST /session/f31953e55de2d70fb971a65264fe9e98/element - {"using":"xpath","value":"//span[@id=\"application-manageyards-display-component---NewYard--addressNewCostObjectCstID-vhi\"]"}
RESULT: {"using":"xpath","value":"//span[@id=\"application-manageyards-display-component---NewYard--addressNewCostObjectCstID-vhi\"]"}
COMMAND: POST /session/f31953e55de2d70fb971a65264fe9e98/execute/sync - {"script":"<script> [8489 bytes]","args":[{"element-6066-11e4-a52e-4f735466cecf":"f.64D82B69FC2678D0F29344912A345B1C.d.A73DB6A274999AAF4D281DCE7B29EBF6.e.735","ELEMENT":"f.64D82B69FC2678D0F29344912A345B1C.d.A73DB6A274999AAF4D281DCE7B29EBF6.e.735"}]}
RESULT: {"script":"<script> [8489 bytes]","args":[{"element-6066-11e4-a52e-4f735466cecf":"f.64D82B69FC2678D0F29344912A345B1C.d.A73DB6A274999AAF4D281DCE7B29EBF6.e.735","ELEMENT":"f.64D82B69FC2678D0F29344912A345B1C.d.A73DB6A274999AAF4D281DCE7B29EBF6.e.735"}]}
COMMAND: POST /session/f31953e55de2d70fb971a65264fe9e98/execute/async - {"script":"<script> [1562 bytes]","args":[{"selector":{"id":"application-manageyards-display-component---NewYard--addressNewCostObjectCstID-vhi"},"wdio_ui5_key":"applicationmanageyards-display-component---NewYard--addressNewCostObjectCstID-vhi"}]}
COMMAND: GET /session/f31953e55de2d70fb971a65264fe9e98/screenshot - {}
RESULT: {}
RESULT: {"script":"<script> [1562 bytes]","args":[{"selector":{"id":"application-manageyards-display-component---NewYard--addressNewCostObjectCstID-vhi"},"wdio_ui5_key":"applicationmanageyards-display-component---NewYard--addressNewCostObjectCstID-vhi"}]}
RESULT: undefined
COMMAND: POST /session/f31953e55de2d70fb971a65264fe9e98/element - {"using":"xpath","value":"//*[@id=\"application-manageyards-display-component---NewYard--addressNewCostObjectCstID-vhi\"]"}
RESULT: {"using":"xpath","value":"//*[@id=\"application-manageyards-display-component---NewYard--addressNewCostObjectCstID-vhi\"]"}
COMMAND: POST /session/f31953e55de2d70fb971a65264fe9e98/element/f.64D82B69FC2678D0F29344912A345B1C.d.A73DB6A274999AAF4D281DCE7B29EBF6.e.735/click - {}
RESULT: {}
COMMAND: GET /session/f31953e55de2d70fb971a65264fe9e98/screenshot - {}
RESULT: {}
COMMAND: POST /session/f31953e55de2d70fb971a65264fe9e98/execute/async - {"script":"<script> [1562 bytes]","args":[{"selector":{"controlType":"sap.m.SearchField","properties":{"placeholder":"Search"},"searchOpenDialogs":true,"interaction":{"idSuffix":"I"}},"wdio_ui5_key":"sapm.SearchField{\"placeholder\":\"Search\"}"}]}
RESULT: {"script":"<script> [1562 bytes]","args":[{"selector":{"controlType":"sap.m.SearchField","properties":{"placeholder":"Search"},"searchOpenDialogs":true,"interaction":{"idSuffix":"I"}},"wdio_ui5_key":"sapm.SearchField{\"placeholder\":\"Search\"}"}]}
RESULT: undefined
COMMAND: POST /session/f31953e55de2d70fb971a65264fe9e98/execute/async - {"script":"<script> [776 bytes]","args":[{"enterText":"bauh_b","selector":{"controlType":"sap.m.SearchField","properties":{"placeholder":"Search"},"searchOpenDialogs":true,"interaction":{"idSuffix":"I"}},"clearTextFirst":true,"interactionType":"ENTER_TEXT"}]}
RESULT: {"script":"<script> [776 bytes]","args":[{"enterText":"bauh_b","selector":{"controlType":"sap.m.SearchField","properties":{"placeholder":"Search"},"searchOpenDialogs":true,"interaction":{"idSuffix":"I"}},"clearTextFirst":true,"interactionType":"ENTER_TEXT"}]}
COMMAND: POST /session/f31953e55de2d70fb971a65264fe9e98/actions - {"actions":[{"id":"action1","type":"key","parameters":{},"actions":[{"type":"keyDown","value":"î€‡"},{"type":"pause","duration":10},{"type":"keyUp","value":"î€‡"}]}]}
RESULT: {"actions":[{"id":"action1","type":"key","parameters":{},"actions":[{"type":"keyDown","value":"î€‡"},{"type":"pause","duration":10},{"type":"keyUp","value":"î€‡"}]}]}
COMMAND: GET /session/f31953e55de2d70fb971a65264fe9e98/screenshot - {}
RESULT: {}
COMMAND: POST /session/f31953e55de2d70fb971a65264fe9e98/element - {"using":"xpath","value":"//span[contains(text(), \"Demo Yard\")]"}
RESULT: {"using":"xpath","value":"//span[contains(text(), \"Demo Yard\")]"}
COMMAND: POST /session/f31953e55de2d70fb971a65264fe9e98/element/f.64D82B69FC2678D0F29344912A345B1C.d.A73DB6A274999AAF4D281DCE7B29EBF6.e.776/click - {}
RESULT: {}
COMMAND: GET /session/f31953e55de2d70fb971a65264fe9e98/screenshot - {}
RESULT: {}
COMMAND: POST /session/f31953e55de2d70fb971a65264fe9e98/element - {"using":"xpath","value":"//bdi[contains(text(), \"OK\")]"}
RESULT: {"using":"xpath","value":"//bdi[contains(text(), \"OK\")]"}
COMMAND: POST /session/f31953e55de2d70fb971a65264fe9e98/element/f.64D82B69FC2678D0F29344912A345B1C.d.A73DB6A274999AAF4D281DCE7B29EBF6.e.777/click - {}
RESULT: {}
COMMAND: GET /session/f31953e55de2d70fb971a65264fe9e98/screenshot - {}
RESULT: {}
COMMAND: POST /session/f31953e55de2d70fb971a65264fe9e98/execute/async - {"script":"<script> [1562 bytes]","args":[{"selector":{"id":"application-manageyards-display-component---NewYard--addressEditDetailsCurrency-arrow"},"wdio_ui5_key":"applicationmanageyards-display-component---NewYard--addressEditDetailsCurrency-arrow"}]}
RESULT: {"script":"<script> [1562 bytes]","args":[{"selector":{"id":"application-manageyards-display-component---NewYard--addressEditDetailsCurrency-arrow"},"wdio_ui5_key":"applicationmanageyards-display-component---NewYard--addressEditDetailsCurrency-arrow"}]}
RESULT: undefined
COMMAND: POST /session/f31953e55de2d70fb971a65264fe9e98/element - {"using":"xpath","value":"//*[@id=\"application-manageyards-display-component---NewYard--addressEditDetailsCurrency-arrow\"]"}
RESULT: {"using":"xpath","value":"//*[@id=\"application-manageyards-display-component---NewYard--addressEditDetailsCurrency-arrow\"]"}
COMMAND: POST /session/f31953e55de2d70fb971a65264fe9e98/element/f.64D82B69FC2678D0F29344912A345B1C.d.A73DB6A274999AAF4D281DCE7B29EBF6.e.780/click - {}
RESULT: {}
COMMAND: POST /session/f31953e55de2d70fb971a65264fe9e98/element - {"using":"xpath","value":"//span[contains(text(), \"Euro\")]"}
COMMAND: GET /session/f31953e55de2d70fb971a65264fe9e98/screenshot - {}
RESULT: {"using":"xpath","value":"//span[contains(text(), \"Euro\")]"}
COMMAND: POST /session/f31953e55de2d70fb971a65264fe9e98/element/f.64D82B69FC2678D0F29344912A345B1C.d.A73DB6A274999AAF4D281DCE7B29EBF6.e.781/click - {}
RESULT: {}
RESULT: {}
COMMAND: POST /session/f31953e55de2d70fb971a65264fe9e98/execute/async - {"script":"<script> [1562 bytes]","args":[{"selector":{"controlType":"sap.m.Input","viewName":"etm.portal.ui.manageyards.view.New","viewId":"application-manageyards-display-component---NewYard","bindingPath":{"path":"","propertyPath":"/CONTROLLING_AREA","modelName":"NewYardModel"},"interaction":{"idSuffix":"inner"}},"wdio_ui5_key":"etmportal.ui.manageyards.view.Newsap.m.Input{\"path\":\"\",\"propertyPath\":\"/CONTROLLING_AREA\",\"modelName\":\"NewYardModel\"}"}]}
COMMAND: GET /session/f31953e55de2d70fb971a65264fe9e98/screenshot - {}
RESULT: {"script":"<script> [1562 bytes]","args":[{"selector":{"controlType":"sap.m.Input","viewName":"etm.portal.ui.manageyards.view.New","viewId":"application-manageyards-display-component---NewYard","bindingPath":{"path":"","propertyPath":"/CONTROLLING_AREA","modelName":"NewYardModel"},"interaction":{"idSuffix":"inner"}},"wdio_ui5_key":"etmportal.ui.manageyards.view.Newsap.m.Input{\"path\":\"\",\"propertyPath\":\"/CONTROLLING_AREA\",\"modelName\":\"NewYardModel\"}"}]}
RESULT: undefined
COMMAND: POST /session/f31953e55de2d70fb971a65264fe9e98/execute/async - {"script":"<script> [776 bytes]","args":[{"enterText":"Z001","selector":{"controlType":"sap.m.Input","viewName":"etm.portal.ui.manageyards.view.New","viewId":"application-manageyards-display-component---NewYard","bindingPath":{"path":"","propertyPath":"/CONTROLLING_AREA","modelName":"NewYardModel"},"interaction":{"idSuffix":"inner"}},"clearTextFirst":true,"interactionType":"ENTER_TEXT"}]}
RESULT: {}
RESULT: {"script":"<script> [776 bytes]","args":[{"enterText":"Z001","selector":{"controlType":"sap.m.Input","viewName":"etm.portal.ui.manageyards.view.New","viewId":"application-manageyards-display-component---NewYard","bindingPath":{"path":"","propertyPath":"/CONTROLLING_AREA","modelName":"NewYardModel"},"interaction":{"idSuffix":"inner"}},"clearTextFirst":true,"interactionType":"ENTER_TEXT"}]}
COMMAND: POST /session/f31953e55de2d70fb971a65264fe9e98/execute/async - {"script":"<script> [1562 bytes]","args":[{"selector":{"id":"application-manageyards-display-component---NewYard--companyCodeComboBox","interaction":{"idSuffix":"inner"}},"wdio_ui5_key":"applicationmanageyards-display-component---NewYard--companyCodeComboBox"}]}
RESULT: {"script":"<script> [1562 bytes]","args":[{"selector":{"id":"application-manageyards-display-component---NewYard--companyCodeComboBox","interaction":{"idSuffix":"inner"}},"wdio_ui5_key":"applicationmanageyards-display-component---NewYard--companyCodeComboBox"}]}
RESULT: undefined
COMMAND: POST /session/f31953e55de2d70fb971a65264fe9e98/execute/async - {"script":"<script> [776 bytes]","args":[{"enterText":"1000","selector":{"id":"application-manageyards-display-component---NewYard--companyCodeComboBox","interaction":{"idSuffix":"inner"}},"clearTextFirst":true,"interactionType":"ENTER_TEXT"}]}
RESULT: {"script":"<script> [776 bytes]","args":[{"enterText":"1000","selector":{"id":"application-manageyards-display-component---NewYard--companyCodeComboBox","interaction":{"idSuffix":"inner"}},"clearTextFirst":true,"interactionType":"ENTER_TEXT"}]}
COMMAND: POST /session/f31953e55de2d70fb971a65264fe9e98/execute/async - {"script":"<script> [1562 bytes]","args":[{"selector":{"controlType":"sap.m.Input","viewName":"etm.portal.ui.manageyards.view.New","viewId":"application-manageyards-display-component---NewYard","bindingPath":{"path":"","propertyPath":"/PLANT","modelName":"NewYardModel"},"interaction":{"idSuffix":"inner"}},"wdio_ui5_key":"etmportal.ui.manageyards.view.Newsap.m.Input{\"path\":\"\",\"propertyPath\":\"/PLANT\",\"modelName\":\"NewYardModel\"}"}]}
RESULT: {"script":"<script> [1562 bytes]","args":[{"selector":{"controlType":"sap.m.Input","viewName":"etm.portal.ui.manageyards.view.New","viewId":"application-manageyards-display-component---NewYard","bindingPath":{"path":"","propertyPath":"/PLANT","modelName":"NewYardModel"},"interaction":{"idSuffix":"inner"}},"wdio_ui5_key":"etmportal.ui.manageyards.view.Newsap.m.Input{\"path\":\"\",\"propertyPath\":\"/PLANT\",\"modelName\":\"NewYardModel\"}"}]}
RESULT: undefined
COMMAND: POST /session/f31953e55de2d70fb971a65264fe9e98/execute/async - {"script":"<script> [776 bytes]","args":[{"enterText":"1001","selector":{"controlType":"sap.m.Input","viewName":"etm.portal.ui.manageyards.view.New","viewId":"application-manageyards-display-component---NewYard","bindingPath":{"path":"","propertyPath":"/PLANT","modelName":"NewYardModel"},"interaction":{"idSuffix":"inner"}},"clearTextFirst":true,"interactionType":"ENTER_TEXT"}]}
RESULT: {"script":"<script> [776 bytes]","args":[{"enterText":"1001","selector":{"controlType":"sap.m.Input","viewName":"etm.portal.ui.manageyards.view.New","viewId":"application-manageyards-display-component---NewYard","bindingPath":{"path":"","propertyPath":"/PLANT","modelName":"NewYardModel"},"interaction":{"idSuffix":"inner"}},"clearTextFirst":true,"interactionType":"ENTER_TEXT"}]}
COMMAND: POST /session/f31953e55de2d70fb971a65264fe9e98/execute/async - {"script":"<script> [1562 bytes]","args":[{"selector":{"controlType":"sap.m.Input","viewName":"etm.portal.ui.manageyards.view.New","viewId":"application-manageyards-display-component---NewYard","bindingPath":{"path":"","propertyPath":"/SALES_AREA_VKORG","modelName":"NewYardModel"},"interaction":{"idSuffix":"inner"}},"wdio_ui5_key":"etmportal.ui.manageyards.view.Newsap.m.Input{\"path\":\"\",\"propertyPath\":\"/SALES_AREA_VKORG\",\"modelName\":\"NewYardModel\"}"}]}
RESULT: {"script":"<script> [1562 bytes]","args":[{"selector":{"controlType":"sap.m.Input","viewName":"etm.portal.ui.manageyards.view.New","viewId":"application-manageyards-display-component---NewYard","bindingPath":{"path":"","propertyPath":"/SALES_AREA_VKORG","modelName":"NewYardModel"},"interaction":{"idSuffix":"inner"}},"wdio_ui5_key":"etmportal.ui.manageyards.view.Newsap.m.Input{\"path\":\"\",\"propertyPath\":\"/SALES_AREA_VKORG\",\"modelName\":\"NewYardModel\"}"}]}
RESULT: undefined
COMMAND: POST /session/f31953e55de2d70fb971a65264fe9e98/execute/async - {"script":"<script> [776 bytes]","args":[{"enterText":"C002","selector":{"controlType":"sap.m.Input","viewName":"etm.portal.ui.manageyards.view.New","viewId":"application-manageyards-display-component---NewYard","bindingPath":{"path":"","propertyPath":"/SALES_AREA_VKORG","modelName":"NewYardModel"},"interaction":{"idSuffix":"inner"}},"clearTextFirst":true,"interactionType":"ENTER_TEXT"}]}
RESULT: {"script":"<script> [776 bytes]","args":[{"enterText":"C002","selector":{"controlType":"sap.m.Input","viewName":"etm.portal.ui.manageyards.view.New","viewId":"application-manageyards-display-component---NewYard","bindingPath":{"path":"","propertyPath":"/SALES_AREA_VKORG","modelName":"NewYardModel"},"interaction":{"idSuffix":"inner"}},"clearTextFirst":true,"interactionType":"ENTER_TEXT"}]}
COMMAND: POST /session/f31953e55de2d70fb971a65264fe9e98/execute/async - {"script":"<script> [1562 bytes]","args":[{"selector":{"controlType":"sap.m.Input","viewName":"etm.portal.ui.manageyards.view.New","viewId":"application-manageyards-display-component---NewYard","bindingPath":{"path":"","propertyPath":"/SALES_AREA_VTWEG","modelName":"NewYardModel"},"interaction":{"idSuffix":"inner"}},"wdio_ui5_key":"etmportal.ui.manageyards.view.Newsap.m.Input{\"path\":\"\",\"propertyPath\":\"/SALES_AREA_VTWEG\",\"modelName\":\"NewYardModel\"}"}]}
RESULT: {"script":"<script> [1562 bytes]","args":[{"selector":{"controlType":"sap.m.Input","viewName":"etm.portal.ui.manageyards.view.New","viewId":"application-manageyards-display-component---NewYard","bindingPath":{"path":"","propertyPath":"/SALES_AREA_VTWEG","modelName":"NewYardModel"},"interaction":{"idSuffix":"inner"}},"wdio_ui5_key":"etmportal.ui.manageyards.view.Newsap.m.Input{\"path\":\"\",\"propertyPath\":\"/SALES_AREA_VTWEG\",\"modelName\":\"NewYardModel\"}"}]}
RESULT: undefined
COMMAND: POST /session/f31953e55de2d70fb971a65264fe9e98/execute/async - {"script":"<script> [776 bytes]","args":[{"enterText":"C2","selector":{"controlType":"sap.m.Input","viewName":"etm.portal.ui.manageyards.view.New","viewId":"application-manageyards-display-component---NewYard","bindingPath":{"path":"","propertyPath":"/SALES_AREA_VTWEG","modelName":"NewYardModel"},"interaction":{"idSuffix":"inner"}},"clearTextFirst":true,"interactionType":"ENTER_TEXT"}]}
RESULT: {"script":"<script> [776 bytes]","args":[{"enterText":"C2","selector":{"controlType":"sap.m.Input","viewName":"etm.portal.ui.manageyards.view.New","viewId":"application-manageyards-display-component---NewYard","bindingPath":{"path":"","propertyPath":"/SALES_AREA_VTWEG","modelName":"NewYardModel"},"interaction":{"idSuffix":"inner"}},"clearTextFirst":true,"interactionType":"ENTER_TEXT"}]}
COMMAND: POST /session/f31953e55de2d70fb971a65264fe9e98/execute/async - {"script":"<script> [1562 bytes]","args":[{"selector":{"controlType":"sap.m.Input","viewName":"etm.portal.ui.manageyards.view.New","viewId":"application-manageyards-display-component---NewYard","bindingPath":{"path":"","propertyPath":"/SALES_AREA_SPART","modelName":"NewYardModel"},"interaction":{"idSuffix":"inner"}},"wdio_ui5_key":"etmportal.ui.manageyards.view.Newsap.m.Input{\"path\":\"\",\"propertyPath\":\"/SALES_AREA_SPART\",\"modelName\":\"NewYardModel\"}"}]}
RESULT: {"script":"<script> [1562 bytes]","args":[{"selector":{"controlType":"sap.m.Input","viewName":"etm.portal.ui.manageyards.view.New","viewId":"application-manageyards-display-component---NewYard","bindingPath":{"path":"","propertyPath":"/SALES_AREA_SPART","modelName":"NewYardModel"},"interaction":{"idSuffix":"inner"}},"wdio_ui5_key":"etmportal.ui.manageyards.view.Newsap.m.Input{\"path\":\"\",\"propertyPath\":\"/SALES_AREA_SPART\",\"modelName\":\"NewYardModel\"}"}]}
RESULT: undefined
COMMAND: POST /session/f31953e55de2d70fb971a65264fe9e98/execute/async - {"script":"<script> [776 bytes]","args":[{"enterText":"C2","selector":{"controlType":"sap.m.Input","viewName":"etm.portal.ui.manageyards.view.New","viewId":"application-manageyards-display-component---NewYard","bindingPath":{"path":"","propertyPath":"/SALES_AREA_SPART","modelName":"NewYardModel"},"interaction":{"idSuffix":"inner"}},"clearTextFirst":true,"interactionType":"ENTER_TEXT"}]}
RESULT: {"script":"<script> [776 bytes]","args":[{"enterText":"C2","selector":{"controlType":"sap.m.Input","viewName":"etm.portal.ui.manageyards.view.New","viewId":"application-manageyards-display-component---NewYard","bindingPath":{"path":"","propertyPath":"/SALES_AREA_SPART","modelName":"NewYardModel"},"interaction":{"idSuffix":"inner"}},"clearTextFirst":true,"interactionType":"ENTER_TEXT"}]}
COMMAND: POST /session/f31953e55de2d70fb971a65264fe9e98/execute/async - {"script":"<script> [1562 bytes]","args":[{"selector":{"controlType":"sap.m.Input","viewName":"etm.portal.ui.manageyards.view.New","viewId":"application-manageyards-display-component---NewYard","bindingPath":{"path":"","propertyPath":"/SHIP_POINT","modelName":"NewYardModel"},"interaction":{"idSuffix":"inner"}},"wdio_ui5_key":"etmportal.ui.manageyards.view.Newsap.m.Input{\"path\":\"\",\"propertyPath\":\"/SHIP_POINT\",\"modelName\":\"NewYardModel\"}"}]}
RESULT: {"script":"<script> [1562 bytes]","args":[{"selector":{"controlType":"sap.m.Input","viewName":"etm.portal.ui.manageyards.view.New","viewId":"application-manageyards-display-component---NewYard","bindingPath":{"path":"","propertyPath":"/SHIP_POINT","modelName":"NewYardModel"},"interaction":{"idSuffix":"inner"}},"wdio_ui5_key":"etmportal.ui.manageyards.view.Newsap.m.Input{\"path\":\"\",\"propertyPath\":\"/SHIP_POINT\",\"modelName\":\"NewYardModel\"}"}]}
RESULT: undefined
COMMAND: POST /session/f31953e55de2d70fb971a65264fe9e98/execute/async - {"script":"<script> [776 bytes]","args":[{"enterText":"1710","selector":{"controlType":"sap.m.Input","viewName":"etm.portal.ui.manageyards.view.New","viewId":"application-manageyards-display-component---NewYard","bindingPath":{"path":"","propertyPath":"/SHIP_POINT","modelName":"NewYardModel"},"interaction":{"idSuffix":"inner"}},"clearTextFirst":true,"interactionType":"ENTER_TEXT"}]}
RESULT: {"script":"<script> [776 bytes]","args":[{"enterText":"1710","selector":{"controlType":"sap.m.Input","viewName":"etm.portal.ui.manageyards.view.New","viewId":"application-manageyards-display-component---NewYard","bindingPath":{"path":"","propertyPath":"/SHIP_POINT","modelName":"NewYardModel"},"interaction":{"idSuffix":"inner"}},"clearTextFirst":true,"interactionType":"ENTER_TEXT"}]}
COMMAND: POST /session/f31953e55de2d70fb971a65264fe9e98/execute/async - {"script":"<script> [1562 bytes]","args":[{"selector":{"controlType":"sap.m.Input","viewName":"etm.portal.ui.manageyards.view.New","viewId":"application-manageyards-display-component---NewYard","bindingPath":{"path":"","propertyPath":"/DELIVERY_TYPE","modelName":"NewYardModel"},"interaction":{"idSuffix":"inner"}},"wdio_ui5_key":"etmportal.ui.manageyards.view.Newsap.m.Input{\"path\":\"\",\"propertyPath\":\"/DELIVERY_TYPE\",\"modelName\":\"NewYardModel\"}"}]}
RESULT: {"script":"<script> [1562 bytes]","args":[{"selector":{"controlType":"sap.m.Input","viewName":"etm.portal.ui.manageyards.view.New","viewId":"application-manageyards-display-component---NewYard","bindingPath":{"path":"","propertyPath":"/DELIVERY_TYPE","modelName":"NewYardModel"},"interaction":{"idSuffix":"inner"}},"wdio_ui5_key":"etmportal.ui.manageyards.view.Newsap.m.Input{\"path\":\"\",\"propertyPath\":\"/DELIVERY_TYPE\",\"modelName\":\"NewYardModel\"}"}]}
RESULT: undefined
COMMAND: POST /session/f31953e55de2d70fb971a65264fe9e98/execute/async - {"script":"<script> [776 bytes]","args":[{"enterText":"ZL01","selector":{"controlType":"sap.m.Input","viewName":"etm.portal.ui.manageyards.view.New","viewId":"application-manageyards-display-component---NewYard","bindingPath":{"path":"","propertyPath":"/DELIVERY_TYPE","modelName":"NewYardModel"},"interaction":{"idSuffix":"inner"}},"clearTextFirst":true,"interactionType":"ENTER_TEXT"}]}
RESULT: {"script":"<script> [776 bytes]","args":[{"enterText":"ZL01","selector":{"controlType":"sap.m.Input","viewName":"etm.portal.ui.manageyards.view.New","viewId":"application-manageyards-display-component---NewYard","bindingPath":{"path":"","propertyPath":"/DELIVERY_TYPE","modelName":"NewYardModel"},"interaction":{"idSuffix":"inner"}},"clearTextFirst":true,"interactionType":"ENTER_TEXT"}]}
COMMAND: POST /session/f31953e55de2d70fb971a65264fe9e98/execute/async - {"script":"<script> [1562 bytes]","args":[{"selector":{"controlType":"sap.m.Input","viewName":"etm.portal.ui.manageyards.view.New","viewId":"application-manageyards-display-component---NewYard","bindingPath":{"path":"","propertyPath":"/AUART","modelName":"NewYardModel"},"interaction":{"idSuffix":"inner"}},"wdio_ui5_key":"etmportal.ui.manageyards.view.Newsap.m.Input{\"path\":\"\",\"propertyPath\":\"/AUART\",\"modelName\":\"NewYardModel\"}"}]}
RESULT: {"script":"<script> [1562 bytes]","args":[{"selector":{"controlType":"sap.m.Input","viewName":"etm.portal.ui.manageyards.view.New","viewId":"application-manageyards-display-component---NewYard","bindingPath":{"path":"","propertyPath":"/AUART","modelName":"NewYardModel"},"interaction":{"idSuffix":"inner"}},"wdio_ui5_key":"etmportal.ui.manageyards.view.Newsap.m.Input{\"path\":\"\",\"propertyPath\":\"/AUART\",\"modelName\":\"NewYardModel\"}"}]}
RESULT: undefined
COMMAND: POST /session/f31953e55de2d70fb971a65264fe9e98/execute/async - {"script":"<script> [776 bytes]","args":[{"enterText":"TA","selector":{"controlType":"sap.m.Input","viewName":"etm.portal.ui.manageyards.view.New","viewId":"application-manageyards-display-component---NewYard","bindingPath":{"path":"","propertyPath":"/AUART","modelName":"NewYardModel"},"interaction":{"idSuffix":"inner"}},"clearTextFirst":true,"interactionType":"ENTER_TEXT"}]}
RESULT: {"script":"<script> [776 bytes]","args":[{"enterText":"TA","selector":{"controlType":"sap.m.Input","viewName":"etm.portal.ui.manageyards.view.New","viewId":"application-manageyards-display-component---NewYard","bindingPath":{"path":"","propertyPath":"/AUART","modelName":"NewYardModel"},"interaction":{"idSuffix":"inner"}},"clearTextFirst":true,"interactionType":"ENTER_TEXT"}]}
COMMAND: POST /session/f31953e55de2d70fb971a65264fe9e98/element - {"using":"xpath","value":"//button[@data-kt=\"newYardSaveButton\"]"}
RESULT: {"using":"xpath","value":"//button[@data-kt=\"newYardSaveButton\"]"}
COMMAND: POST /session/f31953e55de2d70fb971a65264fe9e98/element/f.64D82B69FC2678D0F29344912A345B1C.d.A73DB6A274999AAF4D281DCE7B29EBF6.e.691/click - {}
RESULT: {}
COMMAND: GET /session/f31953e55de2d70fb971a65264fe9e98/screenshot - {}
RESULT: {}
COMMAND: POST /session/f31953e55de2d70fb971a65264fe9e98/element - {"using":"xpath","value":"//header[contains(@id, 'ObjectPageLayout-headerTitle')]/div[1]/div[2]/div[1]/span[1]"}
RESULT: {"using":"xpath","value":"//header[contains(@id, 'ObjectPageLayout-headerTitle')]/div[1]/div[2]/div[1]/span[1]"}
COMMAND: POST /session/f31953e55de2d70fb971a65264fe9e98/elements - {"using":"xpath","value":"//header[contains(@id, 'ObjectPageLayout-headerTitle')]/div[1]/div[2]/div[1]/span[1]"}
RESULT: {"using":"xpath","value":"//header[contains(@id, 'ObjectPageLayout-headerTitle')]/div[1]/div[2]/div[1]/span[1]"}
COMMAND: POST /session/f31953e55de2d70fb971a65264fe9e98/execute/sync - {"script":"<script> [56 bytes]","args":[{"element-6066-11e4-a52e-4f735466cecf":"f.64D82B69FC2678D0F29344912A345B1C.d.A73DB6A274999AAF4D281DCE7B29EBF6.e.1007","ELEMENT":"f.64D82B69FC2678D0F29344912A345B1C.d.A73DB6A274999AAF4D281DCE7B29EBF6.e.1007"}]}
RESULT: {"script":"<script> [56 bytes]","args":[{"element-6066-11e4-a52e-4f735466cecf":"f.64D82B69FC2678D0F29344912A345B1C.d.A73DB6A274999AAF4D281DCE7B29EBF6.e.1007","ELEMENT":"f.64D82B69FC2678D0F29344912A345B1C.d.A73DB6A274999AAF4D281DCE7B29EBF6.e.1007"}]}
COMMAND: GET /session/f31953e55de2d70fb971a65264fe9e98/screenshot - {}
RESULT: {}
COMMAND: POST /session/f31953e55de2d70fb971a65264fe9e98/element - {"using":"css selector","value":"#shell-header-logo"}
RESULT: {"using":"css selector","value":"#shell-header-logo"}
COMMAND: POST /session/f31953e55de2d70fb971a65264fe9e98/element/f.64D82B69FC2678D0F29344912A345B1C.d.A73DB6A274999AAF4D281DCE7B29EBF6.e.251/click - {}
RESULT: {}
COMMAND: GET /session/f31953e55de2d70fb971a65264fe9e98/screenshot - {}
RESULT: {}
COMMAND: POST /session/f31953e55de2d70fb971a65264fe9e98/execute/sync - {"script":"<script> [299 bytes]","args":[["getModel","getResource"]]}
RESULT: {"script":"<script> [299 bytes]","args":[["getModel","getResource"]]}
COMMAND: GET /session/f31953e55de2d70fb971a65264fe9e98/screenshot - {}
]]></system-out>
    </testcase>
    <testcase classname="chrome.136_0_7103_93.windows.Billing_Transfer_-_Master_data_&amp;_Intercompany_US127250" name="Should create a new partner" time="144.591">
      <system-out><![CDATA[
COMMAND: POST /session/f31953e55de2d70fb971a65264fe9e98/window/fullscreen - {}
RESULT: {}
RESULT: {}
COMMAND: POST /session/f31953e55de2d70fb971a65264fe9e98/execute/async - {"script":"<script> [1562 bytes]","args":[{"selector":{"controlType":"sap.m.GenericTile","properties":{"header":"Manage Partners"}},"wdio_ui5_key":"sapm.GenericTile{\"header\":\"Manage Partners\"}"}]}
RESULT: {"script":"<script> [1562 bytes]","args":[{"selector":{"controlType":"sap.m.GenericTile","properties":{"header":"Manage Partners"}},"wdio_ui5_key":"sapm.GenericTile{\"header\":\"Manage Partners\"}"}]}
RESULT: undefined
COMMAND: POST /session/f31953e55de2d70fb971a65264fe9e98/element - {"using":"xpath","value":"//*[@id=\"__tile38\"]"}
RESULT: {"using":"xpath","value":"//*[@id=\"__tile38\"]"}
COMMAND: POST /session/f31953e55de2d70fb971a65264fe9e98/element/f.64D82B69FC2678D0F29344912A345B1C.d.A73DB6A274999AAF4D281DCE7B29EBF6.e.138/click - {}
RESULT: {}
COMMAND: GET /session/f31953e55de2d70fb971a65264fe9e98/screenshot - {}
RESULT: {}
COMMAND: POST /session/f31953e55de2d70fb971a65264fe9e98/elements - {"using":"xpath","value":"//span[text()='Error']"}
RESULT: {"using":"xpath","value":"//span[text()='Error']"}
COMMAND: POST /session/f31953e55de2d70fb971a65264fe9e98/element - {"using":"xpath","value":"//button[@data-kt=\"addButton\"]"}
RESULT: {"using":"xpath","value":"//button[@data-kt=\"addButton\"]"}
COMMAND: POST /session/f31953e55de2d70fb971a65264fe9e98/elements - {"using":"xpath","value":"//button[@data-kt=\"addButton\"]"}
RESULT: {"using":"xpath","value":"//button[@data-kt=\"addButton\"]"}
COMMAND: POST /session/f31953e55de2d70fb971a65264fe9e98/elements - {"using":"xpath","value":"//button[@data-kt=\"addButton\"]"}
RESULT: {"using":"xpath","value":"//button[@data-kt=\"addButton\"]"}
COMMAND: POST /session/f31953e55de2d70fb971a65264fe9e98/elements - {"using":"xpath","value":"//button[@data-kt=\"addButton\"]"}
RESULT: {"using":"xpath","value":"//button[@data-kt=\"addButton\"]"}
COMMAND: POST /session/f31953e55de2d70fb971a65264fe9e98/element - {"using":"xpath","value":"//button[@data-kt=\"addButton\"]"}
RESULT: {"using":"xpath","value":"//button[@data-kt=\"addButton\"]"}
COMMAND: POST /session/f31953e55de2d70fb971a65264fe9e98/execute/sync - {"script":"<script> [8489 bytes]","args":[{"element-6066-11e4-a52e-4f735466cecf":"f.64D82B69FC2678D0F29344912A345B1C.d.A73DB6A274999AAF4D281DCE7B29EBF6.e.1045","ELEMENT":"f.64D82B69FC2678D0F29344912A345B1C.d.A73DB6A274999AAF4D281DCE7B29EBF6.e.1045"}]}
RESULT: {"script":"<script> [8489 bytes]","args":[{"element-6066-11e4-a52e-4f735466cecf":"f.64D82B69FC2678D0F29344912A345B1C.d.A73DB6A274999AAF4D281DCE7B29EBF6.e.1045","ELEMENT":"f.64D82B69FC2678D0F29344912A345B1C.d.A73DB6A274999AAF4D281DCE7B29EBF6.e.1045"}]}
COMMAND: GET /session/f31953e55de2d70fb971a65264fe9e98/element/f.64D82B69FC2678D0F29344912A345B1C.d.A73DB6A274999AAF4D281DCE7B29EBF6.e.1045/enabled - {}
COMMAND: GET /session/f31953e55de2d70fb971a65264fe9e98/screenshot - {}
RESULT: {}
COMMAND: POST /session/f31953e55de2d70fb971a65264fe9e98/execute/sync - {"script":"<script> [8489 bytes]","args":[{"element-6066-11e4-a52e-4f735466cecf":"f.64D82B69FC2678D0F29344912A345B1C.d.A73DB6A274999AAF4D281DCE7B29EBF6.e.1045","ELEMENT":"f.64D82B69FC2678D0F29344912A345B1C.d.A73DB6A274999AAF4D281DCE7B29EBF6.e.1045"}]}
COMMAND: GET /session/f31953e55de2d70fb971a65264fe9e98/screenshot - {}
RESULT: {}
RESULT: {"script":"<script> [8489 bytes]","args":[{"element-6066-11e4-a52e-4f735466cecf":"f.64D82B69FC2678D0F29344912A345B1C.d.A73DB6A274999AAF4D281DCE7B29EBF6.e.1045","ELEMENT":"f.64D82B69FC2678D0F29344912A345B1C.d.A73DB6A274999AAF4D281DCE7B29EBF6.e.1045"}]}
COMMAND: POST /session/f31953e55de2d70fb971a65264fe9e98/execute/sync - {"script":"<script> [5351 bytes]","args":[{"element-6066-11e4-a52e-4f735466cecf":"f.64D82B69FC2678D0F29344912A345B1C.d.A73DB6A274999AAF4D281DCE7B29EBF6.e.1045","ELEMENT":"f.64D82B69FC2678D0F29344912A345B1C.d.A73DB6A274999AAF4D281DCE7B29EBF6.e.1045"}]}
COMMAND: GET /session/f31953e55de2d70fb971a65264fe9e98/screenshot - {}
RESULT: {}
RESULT: {"script":"<script> [5351 bytes]","args":[{"element-6066-11e4-a52e-4f735466cecf":"f.64D82B69FC2678D0F29344912A345B1C.d.A73DB6A274999AAF4D281DCE7B29EBF6.e.1045","ELEMENT":"f.64D82B69FC2678D0F29344912A345B1C.d.A73DB6A274999AAF4D281DCE7B29EBF6.e.1045"}]}
COMMAND: POST /session/f31953e55de2d70fb971a65264fe9e98/element/f.64D82B69FC2678D0F29344912A345B1C.d.A73DB6A274999AAF4D281DCE7B29EBF6.e.1045/click - {}
COMMAND: GET /session/f31953e55de2d70fb971a65264fe9e98/screenshot - {}
RESULT: {}
RESULT: {}
COMMAND: GET /session/f31953e55de2d70fb971a65264fe9e98/screenshot - {}
RESULT: {}
COMMAND: POST /session/f31953e55de2d70fb971a65264fe9e98/execute/async - {"script":"<script> [1562 bytes]","args":[{"selector":{"id":"application-managepartners-display-component---NewPartner--addressDetailDetailsName1","interaction":{"idSuffix":"inner"}},"wdio_ui5_key":"applicationmanagepartners-display-component---NewPartner--addressDetailDetailsName1"}]}
RESULT: {}
RESULT: {"script":"<script> [1562 bytes]","args":[{"selector":{"id":"application-managepartners-display-component---NewPartner--addressDetailDetailsName1","interaction":{"idSuffix":"inner"}},"wdio_ui5_key":"applicationmanagepartners-display-component---NewPartner--addressDetailDetailsName1"}]}
RESULT: undefined
COMMAND: POST /session/f31953e55de2d70fb971a65264fe9e98/execute/async - {"script":"<script> [776 bytes]","args":[{"enterText":"Intercompany Partner WDIO","selector":{"id":"application-managepartners-display-component---NewPartner--addressDetailDetailsName1","interaction":{"idSuffix":"inner"}},"clearTextFirst":true,"interactionType":"ENTER_TEXT"}]}
RESULT: {"script":"<script> [776 bytes]","args":[{"enterText":"Intercompany Partner WDIO","selector":{"id":"application-managepartners-display-component---NewPartner--addressDetailDetailsName1","interaction":{"idSuffix":"inner"}},"clearTextFirst":true,"interactionType":"ENTER_TEXT"}]}
COMMAND: POST /session/f31953e55de2d70fb971a65264fe9e98/execute/async - {"script":"<script> [1562 bytes]","args":[{"selector":{"id":"application-managepartners-display-component---NewPartner--addressDetailDetailsLanguage-arrow"},"wdio_ui5_key":"applicationmanagepartners-display-component---NewPartner--addressDetailDetailsLanguage-arrow"}]}
RESULT: {"script":"<script> [1562 bytes]","args":[{"selector":{"id":"application-managepartners-display-component---NewPartner--addressDetailDetailsLanguage-arrow"},"wdio_ui5_key":"applicationmanagepartners-display-component---NewPartner--addressDetailDetailsLanguage-arrow"}]}
RESULT: undefined
COMMAND: POST /session/f31953e55de2d70fb971a65264fe9e98/element - {"using":"xpath","value":"//*[@id=\"application-managepartners-display-component---NewPartner--addressDetailDetailsLanguage-arrow\"]"}
RESULT: {"using":"xpath","value":"//*[@id=\"application-managepartners-display-component---NewPartner--addressDetailDetailsLanguage-arrow\"]"}
COMMAND: POST /session/f31953e55de2d70fb971a65264fe9e98/element/f.64D82B69FC2678D0F29344912A345B1C.d.A73DB6A274999AAF4D281DCE7B29EBF6.e.1503/click - {}
RESULT: {}
COMMAND: POST /session/f31953e55de2d70fb971a65264fe9e98/element - {"using":"xpath","value":"//span[contains(text(), \"English\")]"}
COMMAND: GET /session/f31953e55de2d70fb971a65264fe9e98/screenshot - {}
RESULT: {"using":"xpath","value":"//span[contains(text(), \"English\")]"}
COMMAND: POST /session/f31953e55de2d70fb971a65264fe9e98/element/f.64D82B69FC2678D0F29344912A345B1C.d.A73DB6A274999AAF4D281DCE7B29EBF6.e.1504/click - {}
RESULT: {}
RESULT: {}
COMMAND: GET /session/f31953e55de2d70fb971a65264fe9e98/screenshot - {}
RESULT: {}
COMMAND: POST /session/f31953e55de2d70fb971a65264fe9e98/execute/async - {"script":"<script> [1562 bytes]","args":[{"selector":{"id":"application-managepartners-display-component---NewPartner--addressDetailDetailsCity1","interaction":{"idSuffix":"inner"}},"wdio_ui5_key":"applicationmanagepartners-display-component---NewPartner--addressDetailDetailsCity1"}]}
RESULT: {"script":"<script> [1562 bytes]","args":[{"selector":{"id":"application-managepartners-display-component---NewPartner--addressDetailDetailsCity1","interaction":{"idSuffix":"inner"}},"wdio_ui5_key":"applicationmanagepartners-display-component---NewPartner--addressDetailDetailsCity1"}]}
RESULT: undefined
COMMAND: POST /session/f31953e55de2d70fb971a65264fe9e98/execute/async - {"script":"<script> [776 bytes]","args":[{"enterText":"Rosario","selector":{"id":"application-managepartners-display-component---NewPartner--addressDetailDetailsCity1","interaction":{"idSuffix":"inner"}},"clearTextFirst":true,"interactionType":"ENTER_TEXT"}]}
RESULT: {"script":"<script> [776 bytes]","args":[{"enterText":"Rosario","selector":{"id":"application-managepartners-display-component---NewPartner--addressDetailDetailsCity1","interaction":{"idSuffix":"inner"}},"clearTextFirst":true,"interactionType":"ENTER_TEXT"}]}
COMMAND: POST /session/f31953e55de2d70fb971a65264fe9e98/execute/async - {"script":"<script> [1562 bytes]","args":[{"selector":{"id":"application-managepartners-display-component---NewPartner--addressDetailDetailsCountry-arrow"},"wdio_ui5_key":"applicationmanagepartners-display-component---NewPartner--addressDetailDetailsCountry-arrow"}]}
RESULT: {"script":"<script> [1562 bytes]","args":[{"selector":{"id":"application-managepartners-display-component---NewPartner--addressDetailDetailsCountry-arrow"},"wdio_ui5_key":"applicationmanagepartners-display-component---NewPartner--addressDetailDetailsCountry-arrow"}]}
RESULT: undefined
COMMAND: POST /session/f31953e55de2d70fb971a65264fe9e98/element - {"using":"xpath","value":"//*[@id=\"application-managepartners-display-component---NewPartner--addressDetailDetailsCountry-arrow\"]"}
RESULT: {"using":"xpath","value":"//*[@id=\"application-managepartners-display-component---NewPartner--addressDetailDetailsCountry-arrow\"]"}
COMMAND: POST /session/f31953e55de2d70fb971a65264fe9e98/element/f.64D82B69FC2678D0F29344912A345B1C.d.A73DB6A274999AAF4D281DCE7B29EBF6.e.1492/click - {}
RESULT: {}
COMMAND: POST /session/f31953e55de2d70fb971a65264fe9e98/element - {"using":"xpath","value":"//span[contains(text(), \"Argentina\")]"}
COMMAND: GET /session/f31953e55de2d70fb971a65264fe9e98/screenshot - {}
RESULT: {"using":"xpath","value":"//span[contains(text(), \"Argentina\")]"}
COMMAND: POST /session/f31953e55de2d70fb971a65264fe9e98/element/f.64D82B69FC2678D0F29344912A345B1C.d.A73DB6A274999AAF4D281DCE7B29EBF6.e.1506/click - {}
RESULT: {}
RESULT: {}
COMMAND: GET /session/f31953e55de2d70fb971a65264fe9e98/screenshot - {}
RESULT: {}
COMMAND: POST /session/f31953e55de2d70fb971a65264fe9e98/element - {"using":"xpath","value":"//bdi[contains(text(), \"Commercial\")]"}
RESULT: {"using":"xpath","value":"//bdi[contains(text(), \"Commercial\")]"}
COMMAND: POST /session/f31953e55de2d70fb971a65264fe9e98/element/f.64D82B69FC2678D0F29344912A345B1C.d.A73DB6A274999AAF4D281DCE7B29EBF6.e.1507/click - {}
RESULT: {}
COMMAND: GET /session/f31953e55de2d70fb971a65264fe9e98/screenshot - {}
RESULT: {}
COMMAND: POST /session/f31953e55de2d70fb971a65264fe9e98/execute/async - {"script":"<script> [1562 bytes]","args":[{"selector":{"id":"application-managepartners-display-component---NewPartner--partnerDetailInternal-arrow"},"wdio_ui5_key":"applicationmanagepartners-display-component---NewPartner--partnerDetailInternal-arrow"}]}
RESULT: {"script":"<script> [1562 bytes]","args":[{"selector":{"id":"application-managepartners-display-component---NewPartner--partnerDetailInternal-arrow"},"wdio_ui5_key":"applicationmanagepartners-display-component---NewPartner--partnerDetailInternal-arrow"}]}
RESULT: undefined
COMMAND: POST /session/f31953e55de2d70fb971a65264fe9e98/element - {"using":"xpath","value":"//*[@id=\"application-managepartners-display-component---NewPartner--partnerDetailInternal-arrow\"]"}
RESULT: {"using":"xpath","value":"//*[@id=\"application-managepartners-display-component---NewPartner--partnerDetailInternal-arrow\"]"}
COMMAND: POST /session/f31953e55de2d70fb971a65264fe9e98/element/f.64D82B69FC2678D0F29344912A345B1C.d.A73DB6A274999AAF4D281DCE7B29EBF6.e.1513/click - {}
RESULT: {}
COMMAND: POST /session/f31953e55de2d70fb971a65264fe9e98/element - {"using":"xpath","value":"//span[contains(text(), \"Affiliated company\")]"}
COMMAND: GET /session/f31953e55de2d70fb971a65264fe9e98/screenshot - {}
RESULT: {"using":"xpath","value":"//span[contains(text(), \"Affiliated company\")]"}
COMMAND: POST /session/f31953e55de2d70fb971a65264fe9e98/element/f.64D82B69FC2678D0F29344912A345B1C.d.A73DB6A274999AAF4D281DCE7B29EBF6.e.1514/click - {}
RESULT: {}
RESULT: {}
COMMAND: POST /session/f31953e55de2d70fb971a65264fe9e98/execute/async - {"script":"<script> [1562 bytes]","args":[{"selector":{"id":"application-managepartners-display-component---NewPartner--partnerDetailsCurrency-arrow"},"wdio_ui5_key":"applicationmanagepartners-display-component---NewPartner--partnerDetailsCurrency-arrow"}]}
COMMAND: GET /session/f31953e55de2d70fb971a65264fe9e98/screenshot - {}
RESULT: {"script":"<script> [1562 bytes]","args":[{"selector":{"id":"application-managepartners-display-component---NewPartner--partnerDetailsCurrency-arrow"},"wdio_ui5_key":"applicationmanagepartners-display-component---NewPartner--partnerDetailsCurrency-arrow"}]}
RESULT: undefined
COMMAND: POST /session/f31953e55de2d70fb971a65264fe9e98/element - {"using":"xpath","value":"//*[@id=\"application-managepartners-display-component---NewPartner--partnerDetailsCurrency-arrow\"]"}
RESULT: {}
RESULT: {"using":"xpath","value":"//*[@id=\"application-managepartners-display-component---NewPartner--partnerDetailsCurrency-arrow\"]"}
COMMAND: POST /session/f31953e55de2d70fb971a65264fe9e98/element/f.64D82B69FC2678D0F29344912A345B1C.d.A73DB6A274999AAF4D281DCE7B29EBF6.e.1521/click - {}
RESULT: {}
COMMAND: POST /session/f31953e55de2d70fb971a65264fe9e98/element - {"using":"xpath","value":"//span[contains(text(), \"Euro\")]"}
COMMAND: GET /session/f31953e55de2d70fb971a65264fe9e98/screenshot - {}
RESULT: {"using":"xpath","value":"//span[contains(text(), \"Euro\")]"}
COMMAND: POST /session/f31953e55de2d70fb971a65264fe9e98/element/f.64D82B69FC2678D0F29344912A345B1C.d.A73DB6A274999AAF4D281DCE7B29EBF6.e.1522/click - {}
RESULT: {}
RESULT: {}
COMMAND: POST /session/f31953e55de2d70fb971a65264fe9e98/execute/async - {"script":"<script> [1562 bytes]","args":[{"selector":{"id":"application-managepartners-display-component---NewPartner--addressEditDetailsCostObjectCstType-arrow"},"wdio_ui5_key":"applicationmanagepartners-display-component---NewPartner--addressEditDetailsCostObjectCstType-arrow"}]}
COMMAND: GET /session/f31953e55de2d70fb971a65264fe9e98/screenshot - {}
RESULT: {"script":"<script> [1562 bytes]","args":[{"selector":{"id":"application-managepartners-display-component---NewPartner--addressEditDetailsCostObjectCstType-arrow"},"wdio_ui5_key":"applicationmanagepartners-display-component---NewPartner--addressEditDetailsCostObjectCstType-arrow"}]}
RESULT: undefined
COMMAND: POST /session/f31953e55de2d70fb971a65264fe9e98/element - {"using":"xpath","value":"//*[@id=\"application-managepartners-display-component---NewPartner--addressEditDetailsCostObjectCstType-arrow\"]"}
RESULT: {}
RESULT: {"using":"xpath","value":"//*[@id=\"application-managepartners-display-component---NewPartner--addressEditDetailsCostObjectCstType-arrow\"]"}
COMMAND: POST /session/f31953e55de2d70fb971a65264fe9e98/element/f.64D82B69FC2678D0F29344912A345B1C.d.A73DB6A274999AAF4D281DCE7B29EBF6.e.1523/click - {}
RESULT: {}
COMMAND: POST /session/f31953e55de2d70fb971a65264fe9e98/element - {"using":"xpath","value":"//span[contains(text(), \"Cost Center\")]"}
COMMAND: GET /session/f31953e55de2d70fb971a65264fe9e98/screenshot - {}
RESULT: {"using":"xpath","value":"//span[contains(text(), \"Cost Center\")]"}
COMMAND: POST /session/f31953e55de2d70fb971a65264fe9e98/element/f.64D82B69FC2678D0F29344912A345B1C.d.A73DB6A274999AAF4D281DCE7B29EBF6.e.1524/click - {}
RESULT: {}
RESULT: {}
COMMAND: GET /session/f31953e55de2d70fb971a65264fe9e98/screenshot - {}
RESULT: {}
COMMAND: POST /session/f31953e55de2d70fb971a65264fe9e98/element - {"using":"xpath","value":"//span[@id=\"application-managepartners-display-component---NewPartner--addressNewCostObjectCstID-vhi\"]"}
RESULT: {"using":"xpath","value":"//span[@id=\"application-managepartners-display-component---NewPartner--addressNewCostObjectCstID-vhi\"]"}
COMMAND: POST /session/f31953e55de2d70fb971a65264fe9e98/execute/sync - {"script":"<script> [8489 bytes]","args":[{"element-6066-11e4-a52e-4f735466cecf":"f.64D82B69FC2678D0F29344912A345B1C.d.A73DB6A274999AAF4D281DCE7B29EBF6.e.1528","ELEMENT":"f.64D82B69FC2678D0F29344912A345B1C.d.A73DB6A274999AAF4D281DCE7B29EBF6.e.1528"}]}
RESULT: {"script":"<script> [8489 bytes]","args":[{"element-6066-11e4-a52e-4f735466cecf":"f.64D82B69FC2678D0F29344912A345B1C.d.A73DB6A274999AAF4D281DCE7B29EBF6.e.1528","ELEMENT":"f.64D82B69FC2678D0F29344912A345B1C.d.A73DB6A274999AAF4D281DCE7B29EBF6.e.1528"}]}
COMMAND: POST /session/f31953e55de2d70fb971a65264fe9e98/execute/async - {"script":"<script> [1562 bytes]","args":[{"selector":{"id":"application-managepartners-display-component---NewPartner--addressNewCostObjectCstID-vhi"},"wdio_ui5_key":"applicationmanagepartners-display-component---NewPartner--addressNewCostObjectCstID-vhi"}]}
COMMAND: GET /session/f31953e55de2d70fb971a65264fe9e98/screenshot - {}
RESULT: {"script":"<script> [1562 bytes]","args":[{"selector":{"id":"application-managepartners-display-component---NewPartner--addressNewCostObjectCstID-vhi"},"wdio_ui5_key":"applicationmanagepartners-display-component---NewPartner--addressNewCostObjectCstID-vhi"}]}
RESULT: undefined
COMMAND: POST /session/f31953e55de2d70fb971a65264fe9e98/element - {"using":"xpath","value":"//*[@id=\"application-managepartners-display-component---NewPartner--addressNewCostObjectCstID-vhi\"]"}
RESULT: {}
RESULT: {"using":"xpath","value":"//*[@id=\"application-managepartners-display-component---NewPartner--addressNewCostObjectCstID-vhi\"]"}
COMMAND: POST /session/f31953e55de2d70fb971a65264fe9e98/element/f.64D82B69FC2678D0F29344912A345B1C.d.A73DB6A274999AAF4D281DCE7B29EBF6.e.1528/click - {}
RESULT: {}
COMMAND: GET /session/f31953e55de2d70fb971a65264fe9e98/screenshot - {}
RESULT: {}
RESULT: undefined
COMMAND: POST /session/f31953e55de2d70fb971a65264fe9e98/execute/async - {"script":"<script> [776 bytes]","args":[{"enterText":"10001013","selector":{"controlType":"sap.m.SearchField","properties":{"placeholder":"Search"},"searchOpenDialogs":true,"interaction":{"idSuffix":"I"}},"clearTextFirst":true,"interactionType":"ENTER_TEXT"}]}
RESULT: {"script":"<script> [776 bytes]","args":[{"enterText":"10001013","selector":{"controlType":"sap.m.SearchField","properties":{"placeholder":"Search"},"searchOpenDialogs":true,"interaction":{"idSuffix":"I"}},"clearTextFirst":true,"interactionType":"ENTER_TEXT"}]}
COMMAND: POST /session/f31953e55de2d70fb971a65264fe9e98/actions - {"actions":[{"id":"action2","type":"key","parameters":{},"actions":[{"type":"keyDown","value":"î€‡"},{"type":"pause","duration":10},{"type":"keyUp","value":"î€‡"}]}]}
RESULT: {"actions":[{"id":"action2","type":"key","parameters":{},"actions":[{"type":"keyDown","value":"î€‡"},{"type":"pause","duration":10},{"type":"keyUp","value":"î€‡"}]}]}
COMMAND: GET /session/f31953e55de2d70fb971a65264fe9e98/screenshot - {}
RESULT: {}
COMMAND: POST /session/f31953e55de2d70fb971a65264fe9e98/element - {"using":"xpath","value":"//span[contains(text(), \"General Management\")]"}
RESULT: {"using":"xpath","value":"//span[contains(text(), \"General Management\")]"}
COMMAND: POST /session/f31953e55de2d70fb971a65264fe9e98/element/f.64D82B69FC2678D0F29344912A345B1C.d.A73DB6A274999AAF4D281DCE7B29EBF6.e.1567/click - {}
RESULT: {}
COMMAND: GET /session/f31953e55de2d70fb971a65264fe9e98/screenshot - {}
RESULT: {}
COMMAND: POST /session/f31953e55de2d70fb971a65264fe9e98/element - {"using":"xpath","value":"//bdi[contains(text(), \"OK\")]"}
RESULT: {"using":"xpath","value":"//bdi[contains(text(), \"OK\")]"}
COMMAND: POST /session/f31953e55de2d70fb971a65264fe9e98/element/f.64D82B69FC2678D0F29344912A345B1C.d.A73DB6A274999AAF4D281DCE7B29EBF6.e.1568/click - {}
RESULT: {}
COMMAND: GET /session/f31953e55de2d70fb971a65264fe9e98/screenshot - {}
RESULT: {}
COMMAND: POST /session/f31953e55de2d70fb971a65264fe9e98/element - {"using":"xpath","value":"//input[@id=\"application-managepartners-display-component---NewPartner--companyCodeComboBox-inner\"]"}
RESULT: {"using":"xpath","value":"//input[@id=\"application-managepartners-display-component---NewPartner--companyCodeComboBox-inner\"]"}
COMMAND: POST /session/f31953e55de2d70fb971a65264fe9e98/element/f.64D82B69FC2678D0F29344912A345B1C.d.A73DB6A274999AAF4D281DCE7B29EBF6.e.1372/clear - {}
RESULT: {}
COMMAND: POST /session/f31953e55de2d70fb971a65264fe9e98/element/f.64D82B69FC2678D0F29344912A345B1C.d.A73DB6A274999AAF4D281DCE7B29EBF6.e.1372/value - {"text":"C002"}
COMMAND: GET /session/f31953e55de2d70fb971a65264fe9e98/screenshot - {}
RESULT: {"text":"C002"}
COMMAND: GET /session/f31953e55de2d70fb971a65264fe9e98/screenshot - {}
RESULT: {}
RESULT: {}
COMMAND: POST /session/f31953e55de2d70fb971a65264fe9e98/element - {"using":"xpath","value":"//li[.//span[text()= \"C002\"]]"}
RESULT: {"using":"xpath","value":"//li[.//span[text()= \"C002\"]]"}
COMMAND: POST /session/f31953e55de2d70fb971a65264fe9e98/element/f.64D82B69FC2678D0F29344912A345B1C.d.A73DB6A274999AAF4D281DCE7B29EBF6.e.1574/click - {}
RESULT: {}
COMMAND: GET /session/f31953e55de2d70fb971a65264fe9e98/screenshot - {}
RESULT: {}
COMMAND: POST /session/f31953e55de2d70fb971a65264fe9e98/execute/async - {"script":"<script> [1562 bytes]","args":[{"selector":{"id":"application-managepartners-display-component---NewPartner--btnAddTableRow-img"},"wdio_ui5_key":"applicationmanagepartners-display-component---NewPartner--btnAddTableRow-img"}]}
RESULT: {"script":"<script> [1562 bytes]","args":[{"selector":{"id":"application-managepartners-display-component---NewPartner--btnAddTableRow-img"},"wdio_ui5_key":"applicationmanagepartners-display-component---NewPartner--btnAddTableRow-img"}]}
RESULT: undefined
COMMAND: POST /session/f31953e55de2d70fb971a65264fe9e98/element - {"using":"xpath","value":"//*[@id=\"application-managepartners-display-component---NewPartner--btnAddTableRow-img\"]"}
RESULT: {"using":"xpath","value":"//*[@id=\"application-managepartners-display-component---NewPartner--btnAddTableRow-img\"]"}
COMMAND: POST /session/f31953e55de2d70fb971a65264fe9e98/element/f.64D82B69FC2678D0F29344912A345B1C.d.A73DB6A274999AAF4D281DCE7B29EBF6.e.1575/click - {}
RESULT: {}
COMMAND: GET /session/f31953e55de2d70fb971a65264fe9e98/screenshot - {}
RESULT: {}
COMMAND: POST /session/f31953e55de2d70fb971a65264fe9e98/element - {"using":"xpath","value":"//input[@id=\"application-managepartners-display-component---NewPartner--assignmentYard-application-managepartners-display-component---NewPartner--assignmentsTable-0-inner\"]"}
RESULT: {"using":"xpath","value":"//input[@id=\"application-managepartners-display-component---NewPartner--assignmentYard-application-managepartners-display-component---NewPartner--assignmentsTable-0-inner\"]"}
COMMAND: POST /session/f31953e55de2d70fb971a65264fe9e98/element/f.64D82B69FC2678D0F29344912A345B1C.d.A73DB6A274999AAF4D281DCE7B29EBF6.e.1578/clear - {}
RESULT: {}
COMMAND: POST /session/f31953e55de2d70fb971a65264fe9e98/element/f.64D82B69FC2678D0F29344912A345B1C.d.A73DB6A274999AAF4D281DCE7B29EBF6.e.1578/value - {"text":"599"}
COMMAND: GET /session/f31953e55de2d70fb971a65264fe9e98/screenshot - {}
RESULT: {"text":"599"}
COMMAND: GET /session/f31953e55de2d70fb971a65264fe9e98/screenshot - {}
RESULT: {}
RESULT: {}
COMMAND: POST /session/f31953e55de2d70fb971a65264fe9e98/element - {"using":"xpath","value":"//li[.//span[text()='599']]"}
RESULT: {"using":"xpath","value":"//li[.//span[text()='599']]"}
COMMAND: POST /session/f31953e55de2d70fb971a65264fe9e98/element/f.64D82B69FC2678D0F29344912A345B1C.d.A73DB6A274999AAF4D281DCE7B29EBF6.e.1587/click - {}
RESULT: {}
COMMAND: GET /session/f31953e55de2d70fb971a65264fe9e98/screenshot - {}
RESULT: {}
COMMAND: POST /session/f31953e55de2d70fb971a65264fe9e98/actions - {"actions":[{"id":"action3","type":"key","parameters":{},"actions":[{"type":"keyDown","value":"î€‡"},{"type":"pause","duration":10},{"type":"keyUp","value":"î€‡"}]}]}
RESULT: {"actions":[{"id":"action3","type":"key","parameters":{},"actions":[{"type":"keyDown","value":"î€‡"},{"type":"pause","duration":10},{"type":"keyUp","value":"î€‡"}]}]}
COMMAND: POST /session/f31953e55de2d70fb971a65264fe9e98/execute/async - {"script":"<script> [1562 bytes]","args":[{"selector":{"id":"application-managepartners-display-component---NewPartner--externalCustomerComboBox-application-managepartners-display-component---NewPartner--assignmentsTable-0-vhi"},"wdio_ui5_key":"applicationmanagepartners-display-component---NewPartner--externalCustomerComboBox-application-managepartners-display-component---NewPartner--assignmentsTable-0-vhi"}]}
COMMAND: GET /session/f31953e55de2d70fb971a65264fe9e98/screenshot - {}
RESULT: {"script":"<script> [1562 bytes]","args":[{"selector":{"id":"application-managepartners-display-component---NewPartner--externalCustomerComboBox-application-managepartners-display-component---NewPartner--assignmentsTable-0-vhi"},"wdio_ui5_key":"applicationmanagepartners-display-component---NewPartner--externalCustomerComboBox-application-managepartners-display-component---NewPartner--assignmentsTable-0-vhi"}]}
RESULT: undefined
COMMAND: POST /session/f31953e55de2d70fb971a65264fe9e98/element - {"using":"xpath","value":"//*[@id=\"application-managepartners-display-component---NewPartner--externalCustomerComboBox-application-managepartners-display-component---NewPartner--assignmentsTable-0-vhi\"]"}
RESULT: {}
RESULT: {"using":"xpath","value":"//*[@id=\"application-managepartners-display-component---NewPartner--externalCustomerComboBox-application-managepartners-display-component---NewPartner--assignmentsTable-0-vhi\"]"}
COMMAND: POST /session/f31953e55de2d70fb971a65264fe9e98/element/f.64D82B69FC2678D0F29344912A345B1C.d.A73DB6A274999AAF4D281DCE7B29EBF6.e.1591/click - {}
RESULT: {}
RESULT: undefined
COMMAND: POST /session/f31953e55de2d70fb971a65264fe9e98/execute/async - {"script":"<script> [776 bytes]","args":[{"enterText":"300003","selector":{"controlType":"sap.m.SearchField","properties":{"placeholder":"Search"},"searchOpenDialogs":true,"interaction":{"idSuffix":"I"}},"clearTextFirst":true,"interactionType":"ENTER_TEXT"}]}
COMMAND: GET /session/f31953e55de2d70fb971a65264fe9e98/screenshot - {}
RESULT: {"script":"<script> [776 bytes]","args":[{"enterText":"300003","selector":{"controlType":"sap.m.SearchField","properties":{"placeholder":"Search"},"searchOpenDialogs":true,"interaction":{"idSuffix":"I"}},"clearTextFirst":true,"interactionType":"ENTER_TEXT"}]}
COMMAND: POST /session/f31953e55de2d70fb971a65264fe9e98/actions - {"actions":[{"id":"action4","type":"key","parameters":{},"actions":[{"type":"keyDown","value":"î€‡"},{"type":"pause","duration":10},{"type":"keyUp","value":"î€‡"}]}]}
RESULT: {}
RESULT: {"actions":[{"id":"action4","type":"key","parameters":{},"actions":[{"type":"keyDown","value":"î€‡"},{"type":"pause","duration":10},{"type":"keyUp","value":"î€‡"}]}]}
COMMAND: GET /session/f31953e55de2d70fb971a65264fe9e98/screenshot - {}
RESULT: {}
COMMAND: POST /session/f31953e55de2d70fb971a65264fe9e98/element - {"using":"xpath","value":"//span[contains(text(), \"300003\")]"}
RESULT: {"using":"xpath","value":"//span[contains(text(), \"300003\")]"}
COMMAND: POST /session/f31953e55de2d70fb971a65264fe9e98/element/f.64D82B69FC2678D0F29344912A345B1C.d.A73DB6A274999AAF4D281DCE7B29EBF6.e.1608/click - {}
RESULT: {}
COMMAND: GET /session/f31953e55de2d70fb971a65264fe9e98/screenshot - {}
RESULT: {}
COMMAND: POST /session/f31953e55de2d70fb971a65264fe9e98/element - {"using":"xpath","value":"//bdi[contains(text(), \"OK\")]"}
RESULT: {"using":"xpath","value":"//bdi[contains(text(), \"OK\")]"}
COMMAND: POST /session/f31953e55de2d70fb971a65264fe9e98/element/f.64D82B69FC2678D0F29344912A345B1C.d.A73DB6A274999AAF4D281DCE7B29EBF6.e.1610/click - {}
RESULT: {}
COMMAND: GET /session/f31953e55de2d70fb971a65264fe9e98/screenshot - {}
RESULT: {}
COMMAND: POST /session/f31953e55de2d70fb971a65264fe9e98/execute/async - {"script":"<script> [1562 bytes]","args":[{"selector":{"id":"application-managepartners-display-component---NewPartner--intercompVendorComboBox-application-managepartners-display-component---NewPartner--assignmentsTable-0-vhi"},"wdio_ui5_key":"applicationmanagepartners-display-component---NewPartner--intercompVendorComboBox-application-managepartners-display-component---NewPartner--assignmentsTable-0-vhi"}]}
RESULT: {"script":"<script> [1562 bytes]","args":[{"selector":{"id":"application-managepartners-display-component---NewPartner--intercompVendorComboBox-application-managepartners-display-component---NewPartner--assignmentsTable-0-vhi"},"wdio_ui5_key":"applicationmanagepartners-display-component---NewPartner--intercompVendorComboBox-application-managepartners-display-component---NewPartner--assignmentsTable-0-vhi"}]}
RESULT: undefined
COMMAND: POST /session/f31953e55de2d70fb971a65264fe9e98/element - {"using":"xpath","value":"//*[@id=\"application-managepartners-display-component---NewPartner--intercompVendorComboBox-application-managepartners-display-component---NewPartner--assignmentsTable-0-vhi\"]"}
RESULT: {"using":"xpath","value":"//*[@id=\"application-managepartners-display-component---NewPartner--intercompVendorComboBox-application-managepartners-display-component---NewPartner--assignmentsTable-0-vhi\"]"}
COMMAND: POST /session/f31953e55de2d70fb971a65264fe9e98/element/f.64D82B69FC2678D0F29344912A345B1C.d.A73DB6A274999AAF4D281DCE7B29EBF6.e.1613/click - {}
RESULT: {}
RESULT: undefined
COMMAND: POST /session/f31953e55de2d70fb971a65264fe9e98/execute/async - {"script":"<script> [776 bytes]","args":[{"enterText":"100005","selector":{"controlType":"sap.m.SearchField","properties":{"placeholder":"Search"},"searchOpenDialogs":true,"interaction":{"idSuffix":"I"}},"clearTextFirst":true,"interactionType":"ENTER_TEXT"}]}
COMMAND: GET /session/f31953e55de2d70fb971a65264fe9e98/screenshot - {}
RESULT: {"script":"<script> [776 bytes]","args":[{"enterText":"100005","selector":{"controlType":"sap.m.SearchField","properties":{"placeholder":"Search"},"searchOpenDialogs":true,"interaction":{"idSuffix":"I"}},"clearTextFirst":true,"interactionType":"ENTER_TEXT"}]}
COMMAND: POST /session/f31953e55de2d70fb971a65264fe9e98/actions - {"actions":[{"id":"action5","type":"key","parameters":{},"actions":[{"type":"keyDown","value":"î€‡"},{"type":"pause","duration":10},{"type":"keyUp","value":"î€‡"}]}]}
RESULT: {}
RESULT: {"actions":[{"id":"action5","type":"key","parameters":{},"actions":[{"type":"keyDown","value":"î€‡"},{"type":"pause","duration":10},{"type":"keyUp","value":"î€‡"}]}]}
COMMAND: GET /session/f31953e55de2d70fb971a65264fe9e98/screenshot - {}
RESULT: {}
COMMAND: POST /session/f31953e55de2d70fb971a65264fe9e98/element - {"using":"xpath","value":"//span[contains(text(), \"Penguins - Field/12345 Berlin\")]"}
RESULT: {"using":"xpath","value":"//span[contains(text(), \"Penguins - Field/12345 Berlin\")]"}
COMMAND: POST /session/f31953e55de2d70fb971a65264fe9e98/element/f.64D82B69FC2678D0F29344912A345B1C.d.A73DB6A274999AAF4D281DCE7B29EBF6.e.1631/click - {}
RESULT: {}
COMMAND: GET /session/f31953e55de2d70fb971a65264fe9e98/screenshot - {}
RESULT: {}
COMMAND: POST /session/f31953e55de2d70fb971a65264fe9e98/element - {"using":"xpath","value":"//bdi[contains(text(), \"OK\")]"}
RESULT: {"using":"xpath","value":"//bdi[contains(text(), \"OK\")]"}
COMMAND: POST /session/f31953e55de2d70fb971a65264fe9e98/element/f.64D82B69FC2678D0F29344912A345B1C.d.A73DB6A274999AAF4D281DCE7B29EBF6.e.1632/click - {}
RESULT: {}
COMMAND: GET /session/f31953e55de2d70fb971a65264fe9e98/screenshot - {}
RESULT: {}
COMMAND: POST /session/f31953e55de2d70fb971a65264fe9e98/element - {"using":"xpath","value":"//button[@data-kt=\"saveButton\"]"}
RESULT: {"using":"xpath","value":"//button[@data-kt=\"saveButton\"]"}
COMMAND: POST /session/f31953e55de2d70fb971a65264fe9e98/element/f.64D82B69FC2678D0F29344912A345B1C.d.A73DB6A274999AAF4D281DCE7B29EBF6.e.1405/click - {}
RESULT: {}
COMMAND: GET /session/f31953e55de2d70fb971a65264fe9e98/screenshot - {}
RESULT: {}
COMMAND: POST /session/f31953e55de2d70fb971a65264fe9e98/element - {"using":"xpath","value":"//header[contains(@id, 'ObjectPageLayout-headerTitle')]/div[1]/div[2]/div[2]/span[1]"}
RESULT: {"using":"xpath","value":"//header[contains(@id, 'ObjectPageLayout-headerTitle')]/div[1]/div[2]/div[2]/span[1]"}
COMMAND: POST /session/f31953e55de2d70fb971a65264fe9e98/elements - {"using":"xpath","value":"//header[contains(@id, 'ObjectPageLayout-headerTitle')]/div[1]/div[2]/div[2]/span[1]"}
RESULT: {"using":"xpath","value":"//header[contains(@id, 'ObjectPageLayout-headerTitle')]/div[1]/div[2]/div[2]/span[1]"}
COMMAND: POST /session/f31953e55de2d70fb971a65264fe9e98/execute/sync - {"script":"<script> [56 bytes]","args":[{"element-6066-11e4-a52e-4f735466cecf":"f.64D82B69FC2678D0F29344912A345B1C.d.A73DB6A274999AAF4D281DCE7B29EBF6.e.1795","ELEMENT":"f.64D82B69FC2678D0F29344912A345B1C.d.A73DB6A274999AAF4D281DCE7B29EBF6.e.1795"}]}
RESULT: {"script":"<script> [56 bytes]","args":[{"element-6066-11e4-a52e-4f735466cecf":"f.64D82B69FC2678D0F29344912A345B1C.d.A73DB6A274999AAF4D281DCE7B29EBF6.e.1795","ELEMENT":"f.64D82B69FC2678D0F29344912A345B1C.d.A73DB6A274999AAF4D281DCE7B29EBF6.e.1795"}]}
COMMAND: POST /session/f31953e55de2d70fb971a65264fe9e98/element - {"using":"css selector","value":"#shell-header-logo"}
COMMAND: GET /session/f31953e55de2d70fb971a65264fe9e98/screenshot - {}
RESULT: {"using":"css selector","value":"#shell-header-logo"}
COMMAND: POST /session/f31953e55de2d70fb971a65264fe9e98/element/f.64D82B69FC2678D0F29344912A345B1C.d.A73DB6A274999AAF4D281DCE7B29EBF6.e.1012/click - {}
RESULT: {}
RESULT: {}
COMMAND: GET /session/f31953e55de2d70fb971a65264fe9e98/screenshot - {}
RESULT: {}
COMMAND: POST /session/f31953e55de2d70fb971a65264fe9e98/execute/sync - {"script":"<script> [299 bytes]","args":[["getModel","getResource"]]}
RESULT: {"script":"<script> [299 bytes]","args":[["getModel","getResource"]]}
]]></system-out>
    </testcase>
    <testcase classname="chrome.136_0_7103_93.windows.Billing_Transfer_-_Master_data_&amp;_Intercompany_US127250" name="Should create a new site" time="179.861">
      <system-out><![CDATA[
COMMAND: POST /session/f31953e55de2d70fb971a65264fe9e98/execute/async - {"script":"<script> [1562 bytes]","args":[{"selector":{"controlType":"sap.m.GenericTile","properties":{"header":"Manage Sites"}},"wdio_ui5_key":"sapm.GenericTile{\"header\":\"Manage Sites\"}"}]}
COMMAND: GET /session/f31953e55de2d70fb971a65264fe9e98/screenshot - {}
RESULT: {"script":"<script> [1562 bytes]","args":[{"selector":{"controlType":"sap.m.GenericTile","properties":{"header":"Manage Sites"}},"wdio_ui5_key":"sapm.GenericTile{\"header\":\"Manage Sites\"}"}]}
RESULT: undefined
COMMAND: POST /session/f31953e55de2d70fb971a65264fe9e98/element - {"using":"xpath","value":"//*[@id=\"__tile40\"]"}
RESULT: {}
RESULT: {"using":"xpath","value":"//*[@id=\"__tile40\"]"}
COMMAND: POST /session/f31953e55de2d70fb971a65264fe9e98/element/f.64D82B69FC2678D0F29344912A345B1C.d.A73DB6A274999AAF4D281DCE7B29EBF6.e.144/click - {}
RESULT: {}
COMMAND: GET /session/f31953e55de2d70fb971a65264fe9e98/screenshot - {}
RESULT: {}
COMMAND: POST /session/f31953e55de2d70fb971a65264fe9e98/elements - {"using":"xpath","value":"//span[text()='Error']"}
RESULT: {"using":"xpath","value":"//span[text()='Error']"}
COMMAND: POST /session/f31953e55de2d70fb971a65264fe9e98/element - {"using":"xpath","value":"//button[@data-kt=\"addOverflowToolbarButton\"]"}
RESULT: {"using":"xpath","value":"//button[@data-kt=\"addOverflowToolbarButton\"]"}
COMMAND: POST /session/f31953e55de2d70fb971a65264fe9e98/elements - {"using":"xpath","value":"//button[@data-kt=\"addOverflowToolbarButton\"]"}
RESULT: {"using":"xpath","value":"//button[@data-kt=\"addOverflowToolbarButton\"]"}
COMMAND: POST /session/f31953e55de2d70fb971a65264fe9e98/execute/sync - {"script":"<script> [8489 bytes]","args":[{"element-6066-11e4-a52e-4f735466cecf":"f.64D82B69FC2678D0F29344912A345B1C.d.A73DB6A274999AAF4D281DCE7B29EBF6.e.1843","ELEMENT":"f.64D82B69FC2678D0F29344912A345B1C.d.A73DB6A274999AAF4D281DCE7B29EBF6.e.1843"}]}
RESULT: {"script":"<script> [8489 bytes]","args":[{"element-6066-11e4-a52e-4f735466cecf":"f.64D82B69FC2678D0F29344912A345B1C.d.A73DB6A274999AAF4D281DCE7B29EBF6.e.1843","ELEMENT":"f.64D82B69FC2678D0F29344912A345B1C.d.A73DB6A274999AAF4D281DCE7B29EBF6.e.1843"}]}
COMMAND: GET /session/f31953e55de2d70fb971a65264fe9e98/element/f.64D82B69FC2678D0F29344912A345B1C.d.A73DB6A274999AAF4D281DCE7B29EBF6.e.1843/enabled - {}
COMMAND: GET /session/f31953e55de2d70fb971a65264fe9e98/screenshot - {}
RESULT: {}
COMMAND: POST /session/f31953e55de2d70fb971a65264fe9e98/execute/sync - {"script":"<script> [8489 bytes]","args":[{"element-6066-11e4-a52e-4f735466cecf":"f.64D82B69FC2678D0F29344912A345B1C.d.A73DB6A274999AAF4D281DCE7B29EBF6.e.1843","ELEMENT":"f.64D82B69FC2678D0F29344912A345B1C.d.A73DB6A274999AAF4D281DCE7B29EBF6.e.1843"}]}
COMMAND: GET /session/f31953e55de2d70fb971a65264fe9e98/screenshot - {}
RESULT: {}
RESULT: {"script":"<script> [8489 bytes]","args":[{"element-6066-11e4-a52e-4f735466cecf":"f.64D82B69FC2678D0F29344912A345B1C.d.A73DB6A274999AAF4D281DCE7B29EBF6.e.1843","ELEMENT":"f.64D82B69FC2678D0F29344912A345B1C.d.A73DB6A274999AAF4D281DCE7B29EBF6.e.1843"}]}
COMMAND: POST /session/f31953e55de2d70fb971a65264fe9e98/execute/sync - {"script":"<script> [5351 bytes]","args":[{"element-6066-11e4-a52e-4f735466cecf":"f.64D82B69FC2678D0F29344912A345B1C.d.A73DB6A274999AAF4D281DCE7B29EBF6.e.1843","ELEMENT":"f.64D82B69FC2678D0F29344912A345B1C.d.A73DB6A274999AAF4D281DCE7B29EBF6.e.1843"}]}
COMMAND: GET /session/f31953e55de2d70fb971a65264fe9e98/screenshot - {}
RESULT: {}
RESULT: {"script":"<script> [5351 bytes]","args":[{"element-6066-11e4-a52e-4f735466cecf":"f.64D82B69FC2678D0F29344912A345B1C.d.A73DB6A274999AAF4D281DCE7B29EBF6.e.1843","ELEMENT":"f.64D82B69FC2678D0F29344912A345B1C.d.A73DB6A274999AAF4D281DCE7B29EBF6.e.1843"}]}
COMMAND: POST /session/f31953e55de2d70fb971a65264fe9e98/element/f.64D82B69FC2678D0F29344912A345B1C.d.A73DB6A274999AAF4D281DCE7B29EBF6.e.1843/click - {}
COMMAND: GET /session/f31953e55de2d70fb971a65264fe9e98/screenshot - {}
RESULT: {}
RESULT: {}
COMMAND: GET /session/f31953e55de2d70fb971a65264fe9e98/screenshot - {}
COMMAND: POST /session/f31953e55de2d70fb971a65264fe9e98/element - {"using":"xpath","value":"//input[@id=\"application-managesites-display-component---NewSite--siteId-inner\"]"}
RESULT: {}
RESULT: {}
RESULT: {"using":"xpath","value":"//input[@id=\"application-managesites-display-component---NewSite--siteId-inner\"]"}
COMMAND: POST /session/f31953e55de2d70fb971a65264fe9e98/element - {"using":"xpath","value":"//input[@id=\"application-managesites-display-component---NewSite--siteId-inner\"]"}
RESULT: {"using":"xpath","value":"//input[@id=\"application-managesites-display-component---NewSite--siteId-inner\"]"}
COMMAND: POST /session/f31953e55de2d70fb971a65264fe9e98/execute/async - {"script":"<script> [1562 bytes]","args":[{"selector":{"id":"application-managesites-display-component---NewSite--addressDetailDetailsName1","interaction":{"idSuffix":"inner"}},"wdio_ui5_key":"applicationmanagesites-display-component---NewSite--addressDetailDetailsName1"}]}
RESULT: {"script":"<script> [1562 bytes]","args":[{"selector":{"id":"application-managesites-display-component---NewSite--addressDetailDetailsName1","interaction":{"idSuffix":"inner"}},"wdio_ui5_key":"applicationmanagesites-display-component---NewSite--addressDetailDetailsName1"}]}
RESULT: undefined
COMMAND: POST /session/f31953e55de2d70fb971a65264fe9e98/execute/async - {"script":"<script> [776 bytes]","args":[{"enterText":"Intercompany Site wdIO","selector":{"id":"application-managesites-display-component---NewSite--addressDetailDetailsName1","interaction":{"idSuffix":"inner"}},"clearTextFirst":true,"interactionType":"ENTER_TEXT"}]}
RESULT: {"script":"<script> [776 bytes]","args":[{"enterText":"Intercompany Site wdIO","selector":{"id":"application-managesites-display-component---NewSite--addressDetailDetailsName1","interaction":{"idSuffix":"inner"}},"clearTextFirst":true,"interactionType":"ENTER_TEXT"}]}
COMMAND: POST /session/f31953e55de2d70fb971a65264fe9e98/execute/async - {"script":"<script> [1562 bytes]","args":[{"selector":{"id":"application-managesites-display-component---NewSite--addressDetailDetailsLanguage-arrow"},"wdio_ui5_key":"applicationmanagesites-display-component---NewSite--addressDetailDetailsLanguage-arrow"}]}
RESULT: {"script":"<script> [1562 bytes]","args":[{"selector":{"id":"application-managesites-display-component---NewSite--addressDetailDetailsLanguage-arrow"},"wdio_ui5_key":"applicationmanagesites-display-component---NewSite--addressDetailDetailsLanguage-arrow"}]}
RESULT: undefined
COMMAND: POST /session/f31953e55de2d70fb971a65264fe9e98/element - {"using":"xpath","value":"//*[@id=\"application-managesites-display-component---NewSite--addressDetailDetailsLanguage-arrow\"]"}
RESULT: {"using":"xpath","value":"//*[@id=\"application-managesites-display-component---NewSite--addressDetailDetailsLanguage-arrow\"]"}
COMMAND: POST /session/f31953e55de2d70fb971a65264fe9e98/element/f.64D82B69FC2678D0F29344912A345B1C.d.A73DB6A274999AAF4D281DCE7B29EBF6.e.2244/click - {}
RESULT: {}
COMMAND: POST /session/f31953e55de2d70fb971a65264fe9e98/element - {"using":"xpath","value":"//span[contains(text(), \"English\")]"}
COMMAND: GET /session/f31953e55de2d70fb971a65264fe9e98/screenshot - {}
RESULT: {"using":"xpath","value":"//span[contains(text(), \"English\")]"}
COMMAND: POST /session/f31953e55de2d70fb971a65264fe9e98/element/f.64D82B69FC2678D0F29344912A345B1C.d.A73DB6A274999AAF4D281DCE7B29EBF6.e.2245/click - {}
RESULT: {}
RESULT: {}
COMMAND: POST /session/f31953e55de2d70fb971a65264fe9e98/execute/async - {"script":"<script> [1562 bytes]","args":[{"selector":{"id":"application-managesites-display-component---NewSite--addressDetailDetailsCity1","interaction":{"idSuffix":"inner"}},"wdio_ui5_key":"applicationmanagesites-display-component---NewSite--addressDetailDetailsCity1"}]}
COMMAND: GET /session/f31953e55de2d70fb971a65264fe9e98/screenshot - {}
RESULT: {"script":"<script> [1562 bytes]","args":[{"selector":{"id":"application-managesites-display-component---NewSite--addressDetailDetailsCity1","interaction":{"idSuffix":"inner"}},"wdio_ui5_key":"applicationmanagesites-display-component---NewSite--addressDetailDetailsCity1"}]}
RESULT: undefined
COMMAND: POST /session/f31953e55de2d70fb971a65264fe9e98/execute/async - {"script":"<script> [776 bytes]","args":[{"enterText":"Rosario","selector":{"id":"application-managesites-display-component---NewSite--addressDetailDetailsCity1","interaction":{"idSuffix":"inner"}},"clearTextFirst":true,"interactionType":"ENTER_TEXT"}]}
RESULT: {}
RESULT: {"script":"<script> [776 bytes]","args":[{"enterText":"Rosario","selector":{"id":"application-managesites-display-component---NewSite--addressDetailDetailsCity1","interaction":{"idSuffix":"inner"}},"clearTextFirst":true,"interactionType":"ENTER_TEXT"}]}
COMMAND: POST /session/f31953e55de2d70fb971a65264fe9e98/execute/async - {"script":"<script> [1562 bytes]","args":[{"selector":{"id":"application-managesites-display-component---NewSite--addressDetailDetailsCountry-arrow"},"wdio_ui5_key":"applicationmanagesites-display-component---NewSite--addressDetailDetailsCountry-arrow"}]}
RESULT: {"script":"<script> [1562 bytes]","args":[{"selector":{"id":"application-managesites-display-component---NewSite--addressDetailDetailsCountry-arrow"},"wdio_ui5_key":"applicationmanagesites-display-component---NewSite--addressDetailDetailsCountry-arrow"}]}
RESULT: undefined
COMMAND: POST /session/f31953e55de2d70fb971a65264fe9e98/element - {"using":"xpath","value":"//*[@id=\"application-managesites-display-component---NewSite--addressDetailDetailsCountry-arrow\"]"}
RESULT: {"using":"xpath","value":"//*[@id=\"application-managesites-display-component---NewSite--addressDetailDetailsCountry-arrow\"]"}
COMMAND: POST /session/f31953e55de2d70fb971a65264fe9e98/element/f.64D82B69FC2678D0F29344912A345B1C.d.A73DB6A274999AAF4D281DCE7B29EBF6.e.2247/click - {}
RESULT: {}
COMMAND: POST /session/f31953e55de2d70fb971a65264fe9e98/element - {"using":"xpath","value":"//span[contains(text(), \"Argentina\")]"}
COMMAND: GET /session/f31953e55de2d70fb971a65264fe9e98/screenshot - {}
RESULT: {"using":"xpath","value":"//span[contains(text(), \"Argentina\")]"}
COMMAND: POST /session/f31953e55de2d70fb971a65264fe9e98/element/f.64D82B69FC2678D0F29344912A345B1C.d.A73DB6A274999AAF4D281DCE7B29EBF6.e.2249/click - {}
RESULT: {}
RESULT: {}
COMMAND: GET /session/f31953e55de2d70fb971a65264fe9e98/screenshot - {}
RESULT: {}
COMMAND: POST /session/f31953e55de2d70fb971a65264fe9e98/execute/async - {"script":"<script> [1562 bytes]","args":[{"selector":{"id":"application-managesites-display-component---NewSite--addressEditDetailsCostObjectCstType-arrow"},"wdio_ui5_key":"applicationmanagesites-display-component---NewSite--addressEditDetailsCostObjectCstType-arrow"}]}
RESULT: {"script":"<script> [1562 bytes]","args":[{"selector":{"id":"application-managesites-display-component---NewSite--addressEditDetailsCostObjectCstType-arrow"},"wdio_ui5_key":"applicationmanagesites-display-component---NewSite--addressEditDetailsCostObjectCstType-arrow"}]}
RESULT: undefined
COMMAND: POST /session/f31953e55de2d70fb971a65264fe9e98/element - {"using":"xpath","value":"//*[@id=\"application-managesites-display-component---NewSite--addressEditDetailsCostObjectCstType-arrow\"]"}
RESULT: {"using":"xpath","value":"//*[@id=\"application-managesites-display-component---NewSite--addressEditDetailsCostObjectCstType-arrow\"]"}
COMMAND: POST /session/f31953e55de2d70fb971a65264fe9e98/element/f.64D82B69FC2678D0F29344912A345B1C.d.A73DB6A274999AAF4D281DCE7B29EBF6.e.2250/click - {}
RESULT: {}
COMMAND: POST /session/f31953e55de2d70fb971a65264fe9e98/element - {"using":"xpath","value":"//span[contains(text(), \"Cost Center\")]"}
COMMAND: GET /session/f31953e55de2d70fb971a65264fe9e98/screenshot - {}
RESULT: {"using":"xpath","value":"//span[contains(text(), \"Cost Center\")]"}
COMMAND: POST /session/f31953e55de2d70fb971a65264fe9e98/element/f.64D82B69FC2678D0F29344912A345B1C.d.A73DB6A274999AAF4D281DCE7B29EBF6.e.2251/click - {}
RESULT: {}
RESULT: {}
COMMAND: GET /session/f31953e55de2d70fb971a65264fe9e98/screenshot - {}
RESULT: {}
COMMAND: POST /session/f31953e55de2d70fb971a65264fe9e98/element - {"using":"xpath","value":"//span[@id=\"application-managesites-display-component---NewSite--addressNewCostObjectCstID-vhi\"]"}
RESULT: {"using":"xpath","value":"//span[@id=\"application-managesites-display-component---NewSite--addressNewCostObjectCstID-vhi\"]"}
COMMAND: POST /session/f31953e55de2d70fb971a65264fe9e98/execute/sync - {"script":"<script> [8489 bytes]","args":[{"element-6066-11e4-a52e-4f735466cecf":"f.64D82B69FC2678D0F29344912A345B1C.d.A73DB6A274999AAF4D281DCE7B29EBF6.e.2256","ELEMENT":"f.64D82B69FC2678D0F29344912A345B1C.d.A73DB6A274999AAF4D281DCE7B29EBF6.e.2256"}]}
RESULT: {"script":"<script> [8489 bytes]","args":[{"element-6066-11e4-a52e-4f735466cecf":"f.64D82B69FC2678D0F29344912A345B1C.d.A73DB6A274999AAF4D281DCE7B29EBF6.e.2256","ELEMENT":"f.64D82B69FC2678D0F29344912A345B1C.d.A73DB6A274999AAF4D281DCE7B29EBF6.e.2256"}]}
COMMAND: POST /session/f31953e55de2d70fb971a65264fe9e98/execute/async - {"script":"<script> [1562 bytes]","args":[{"selector":{"id":"application-managesites-display-component---NewSite--addressNewCostObjectCstID-vhi"},"wdio_ui5_key":"applicationmanagesites-display-component---NewSite--addressNewCostObjectCstID-vhi"}]}
COMMAND: GET /session/f31953e55de2d70fb971a65264fe9e98/screenshot - {}
RESULT: {"script":"<script> [1562 bytes]","args":[{"selector":{"id":"application-managesites-display-component---NewSite--addressNewCostObjectCstID-vhi"},"wdio_ui5_key":"applicationmanagesites-display-component---NewSite--addressNewCostObjectCstID-vhi"}]}
RESULT: undefined
COMMAND: POST /session/f31953e55de2d70fb971a65264fe9e98/element - {"using":"xpath","value":"//*[@id=\"application-managesites-display-component---NewSite--addressNewCostObjectCstID-vhi\"]"}
RESULT: {}
RESULT: {"using":"xpath","value":"//*[@id=\"application-managesites-display-component---NewSite--addressNewCostObjectCstID-vhi\"]"}
COMMAND: POST /session/f31953e55de2d70fb971a65264fe9e98/element/f.64D82B69FC2678D0F29344912A345B1C.d.A73DB6A274999AAF4D281DCE7B29EBF6.e.2256/click - {}
RESULT: {}
COMMAND: GET /session/f31953e55de2d70fb971a65264fe9e98/screenshot - {}
RESULT: {}
RESULT: undefined
COMMAND: POST /session/f31953e55de2d70fb971a65264fe9e98/execute/async - {"script":"<script> [776 bytes]","args":[{"enterText":"10001013","selector":{"controlType":"sap.m.SearchField","properties":{"placeholder":"Search"},"searchOpenDialogs":true,"interaction":{"idSuffix":"I"}},"clearTextFirst":true,"interactionType":"ENTER_TEXT"}]}
RESULT: {"script":"<script> [776 bytes]","args":[{"enterText":"10001013","selector":{"controlType":"sap.m.SearchField","properties":{"placeholder":"Search"},"searchOpenDialogs":true,"interaction":{"idSuffix":"I"}},"clearTextFirst":true,"interactionType":"ENTER_TEXT"}]}
COMMAND: POST /session/f31953e55de2d70fb971a65264fe9e98/actions - {"actions":[{"id":"action6","type":"key","parameters":{},"actions":[{"type":"keyDown","value":"î€‡"},{"type":"pause","duration":10},{"type":"keyUp","value":"î€‡"}]}]}
RESULT: {"actions":[{"id":"action6","type":"key","parameters":{},"actions":[{"type":"keyDown","value":"î€‡"},{"type":"pause","duration":10},{"type":"keyUp","value":"î€‡"}]}]}
COMMAND: GET /session/f31953e55de2d70fb971a65264fe9e98/screenshot - {}
RESULT: {}
COMMAND: POST /session/f31953e55de2d70fb971a65264fe9e98/element - {"using":"xpath","value":"//span[contains(text(), \"General Management\")]"}
RESULT: {"using":"xpath","value":"//span[contains(text(), \"General Management\")]"}
COMMAND: POST /session/f31953e55de2d70fb971a65264fe9e98/element/f.64D82B69FC2678D0F29344912A345B1C.d.A73DB6A274999AAF4D281DCE7B29EBF6.e.2294/click - {}
RESULT: {}
COMMAND: GET /session/f31953e55de2d70fb971a65264fe9e98/screenshot - {}
RESULT: {}
COMMAND: POST /session/f31953e55de2d70fb971a65264fe9e98/element - {"using":"xpath","value":"//bdi[contains(text(), \"OK\")]"}
RESULT: {"using":"xpath","value":"//bdi[contains(text(), \"OK\")]"}
COMMAND: POST /session/f31953e55de2d70fb971a65264fe9e98/element/f.64D82B69FC2678D0F29344912A345B1C.d.A73DB6A274999AAF4D281DCE7B29EBF6.e.2295/click - {}
RESULT: {}
COMMAND: GET /session/f31953e55de2d70fb971a65264fe9e98/screenshot - {}
RESULT: {}
COMMAND: POST /session/f31953e55de2d70fb971a65264fe9e98/element - {"using":"xpath","value":"//input[@id=\"application-managesites-display-component---NewSite--addressDetailDetailsCalendar-inner\"]"}
RESULT: {"using":"xpath","value":"//input[@id=\"application-managesites-display-component---NewSite--addressDetailDetailsCalendar-inner\"]"}
COMMAND: POST /session/f31953e55de2d70fb971a65264fe9e98/element/f.64D82B69FC2678D0F29344912A345B1C.d.A73DB6A274999AAF4D281DCE7B29EBF6.e.2010/clear - {}
RESULT: {}
COMMAND: POST /session/f31953e55de2d70fb971a65264fe9e98/element/f.64D82B69FC2678D0F29344912A345B1C.d.A73DB6A274999AAF4D281DCE7B29EBF6.e.2010/value - {"text":"Unit"}
COMMAND: GET /session/f31953e55de2d70fb971a65264fe9e98/screenshot - {}
RESULT: {"text":"Unit"}
COMMAND: GET /session/f31953e55de2d70fb971a65264fe9e98/screenshot - {}
RESULT: {}
RESULT: {}
COMMAND: POST /session/f31953e55de2d70fb971a65264fe9e98/actions - {"actions":[{"id":"action7","type":"key","parameters":{},"actions":[{"type":"keyDown","value":"î€‡"},{"type":"pause","duration":10},{"type":"keyUp","value":"î€‡"}]}]}
RESULT: {"actions":[{"id":"action7","type":"key","parameters":{},"actions":[{"type":"keyDown","value":"î€‡"},{"type":"pause","duration":10},{"type":"keyUp","value":"î€‡"}]}]}
COMMAND: POST /session/f31953e55de2d70fb971a65264fe9e98/element - {"using":"xpath","value":"//input[@id=\"application-managesites-display-component---NewSite--addressDetailDetailsYard-inner\"]"}
COMMAND: GET /session/f31953e55de2d70fb971a65264fe9e98/screenshot - {}
RESULT: {"using":"xpath","value":"//input[@id=\"application-managesites-display-component---NewSite--addressDetailDetailsYard-inner\"]"}
COMMAND: POST /session/f31953e55de2d70fb971a65264fe9e98/element/f.64D82B69FC2678D0F29344912A345B1C.d.A73DB6A274999AAF4D281DCE7B29EBF6.e.2011/clear - {}
RESULT: {}
RESULT: {}
COMMAND: POST /session/f31953e55de2d70fb971a65264fe9e98/element/f.64D82B69FC2678D0F29344912A345B1C.d.A73DB6A274999AAF4D281DCE7B29EBF6.e.2011/value - {"text":"599"}
COMMAND: GET /session/f31953e55de2d70fb971a65264fe9e98/screenshot - {}
RESULT: {"text":"599"}
COMMAND: GET /session/f31953e55de2d70fb971a65264fe9e98/screenshot - {}
COMMAND: POST /session/f31953e55de2d70fb971a65264fe9e98/element - {"using":"xpath","value":"//li[.//span[text()='599']]"}
RESULT: {}
RESULT: {}
RESULT: {"using":"xpath","value":"//li[.//span[text()='599']]"}
COMMAND: POST /session/f31953e55de2d70fb971a65264fe9e98/element/f.64D82B69FC2678D0F29344912A345B1C.d.A73DB6A274999AAF4D281DCE7B29EBF6.e.2303/click - {}
RESULT: {}
COMMAND: GET /session/f31953e55de2d70fb971a65264fe9e98/screenshot - {}
RESULT: {}
COMMAND: POST /session/f31953e55de2d70fb971a65264fe9e98/element - {"using":"xpath","value":"//input[@id=\"application-managesites-display-component---NewSite--addressDetailDetailsPartner-inner\"]"}
RESULT: {"using":"xpath","value":"//input[@id=\"application-managesites-display-component---NewSite--addressDetailDetailsPartner-inner\"]"}
COMMAND: POST /session/f31953e55de2d70fb971a65264fe9e98/element - {"using":"xpath","value":"//input[@id=\"application-managesites-display-component---NewSite--addressDetailDetailsPartner-inner\"]"}
RESULT: {"using":"xpath","value":"//input[@id=\"application-managesites-display-component---NewSite--addressDetailDetailsPartner-inner\"]"}
COMMAND: POST /session/f31953e55de2d70fb971a65264fe9e98/element - {"using":"xpath","value":"//button[@data-kt=\"saveButton\"]"}
RESULT: {"using":"xpath","value":"//button[@data-kt=\"saveButton\"]"}
COMMAND: POST /session/f31953e55de2d70fb971a65264fe9e98/element/f.64D82B69FC2678D0F29344912A345B1C.d.A73DB6A274999AAF4D281DCE7B29EBF6.e.2187/click - {}
RESULT: {}
COMMAND: GET /session/f31953e55de2d70fb971a65264fe9e98/screenshot - {}
RESULT: {}
COMMAND: POST /session/f31953e55de2d70fb971a65264fe9e98/element - {"using":"xpath","value":"//header[contains(@id, 'ObjectPageLayout-headerTitle')]/div[1]/div[2]/div[2]/span[1]"}
RESULT: {"using":"xpath","value":"//header[contains(@id, 'ObjectPageLayout-headerTitle')]/div[1]/div[2]/div[2]/span[1]"}
COMMAND: POST /session/f31953e55de2d70fb971a65264fe9e98/elements - {"using":"xpath","value":"//header[contains(@id, 'ObjectPageLayout-headerTitle')]/div[1]/div[2]/div[2]/span[1]"}
RESULT: {"using":"xpath","value":"//header[contains(@id, 'ObjectPageLayout-headerTitle')]/div[1]/div[2]/div[2]/span[1]"}
COMMAND: POST /session/f31953e55de2d70fb971a65264fe9e98/execute/sync - {"script":"<script> [56 bytes]","args":[{"element-6066-11e4-a52e-4f735466cecf":"f.64D82B69FC2678D0F29344912A345B1C.d.A73DB6A274999AAF4D281DCE7B29EBF6.e.2507","ELEMENT":"f.64D82B69FC2678D0F29344912A345B1C.d.A73DB6A274999AAF4D281DCE7B29EBF6.e.2507"}]}
RESULT: {"script":"<script> [56 bytes]","args":[{"element-6066-11e4-a52e-4f735466cecf":"f.64D82B69FC2678D0F29344912A345B1C.d.A73DB6A274999AAF4D281DCE7B29EBF6.e.2507","ELEMENT":"f.64D82B69FC2678D0F29344912A345B1C.d.A73DB6A274999AAF4D281DCE7B29EBF6.e.2507"}]}
COMMAND: POST /session/f31953e55de2d70fb971a65264fe9e98/element - {"using":"css selector","value":"#shell-header-logo"}
COMMAND: GET /session/f31953e55de2d70fb971a65264fe9e98/screenshot - {}
RESULT: {"using":"css selector","value":"#shell-header-logo"}
COMMAND: POST /session/f31953e55de2d70fb971a65264fe9e98/element/f.64D82B69FC2678D0F29344912A345B1C.d.A73DB6A274999AAF4D281DCE7B29EBF6.e.1800/click - {}
RESULT: {}
RESULT: {}
COMMAND: GET /session/f31953e55de2d70fb971a65264fe9e98/screenshot - {}
RESULT: {}
COMMAND: POST /session/f31953e55de2d70fb971a65264fe9e98/execute/sync - {"script":"<script> [299 bytes]","args":[["getModel","getResource"]]}
RESULT: {"script":"<script> [299 bytes]","args":[["getModel","getResource"]]}
COMMAND: POST /session/f31953e55de2d70fb971a65264fe9e98/actions - {"actions":[{"id":"action8","type":"key","parameters":{},"actions":[{"type":"keyDown","value":"î€‡"},{"type":"pause","duration":10},{"type":"keyUp","value":"î€‡"}]}]}
COMMAND: GET /session/f31953e55de2d70fb971a65264fe9e98/screenshot - {}
RESULT: {"actions":[{"id":"action8","type":"key","parameters":{},"actions":[{"type":"keyDown","value":"î€‡"},{"type":"pause","duration":10},{"type":"keyUp","value":"î€‡"}]}]}
COMMAND: GET /session/f31953e55de2d70fb971a65264fe9e98/screenshot - {}
RESULT: {}
RESULT: {}
COMMAND: POST /session/f31953e55de2d70fb971a65264fe9e98/refresh - {}
RESULT: {}
COMMAND: GET /session/f31953e55de2d70fb971a65264fe9e98/screenshot - {}
RESULT: {}
COMMAND: POST /session/f31953e55de2d70fb971a65264fe9e98/refresh - {}
RESULT: {}
COMMAND: GET /session/f31953e55de2d70fb971a65264fe9e98/screenshot - {}
RESULT: {}
COMMAND: POST /session/f31953e55de2d70fb971a65264fe9e98/window/fullscreen - {}
RESULT: {}
COMMAND: POST /session/f31953e55de2d70fb971a65264fe9e98/execute/async - {"script":"<script> [189 bytes]","args":[]}
RESULT: {"script":"<script> [189 bytes]","args":[]}
COMMAND: POST /session/f31953e55de2d70fb971a65264fe9e98/execute/async - {"script":"<script> [123 bytes]","args":[]}
RESULT: {"script":"<script> [123 bytes]","args":[]}
COMMAND: POST /session/f31953e55de2d70fb971a65264fe9e98/timeouts - {"script":"<number>"}
RESULT: {"script":"<number>"}
COMMAND: GET /session/f31953e55de2d70fb971a65264fe9e98/timeouts - {}
RESULT: {}
RESULT: undefined
COMMAND: POST /session/f31953e55de2d70fb971a65264fe9e98/execute/async - {"script":"<script> [2676 bytes]","args":[]}
RESULT: {"script":"<script> [2676 bytes]","args":[]}
COMMAND: POST /session/f31953e55de2d70fb971a65264fe9e98/execute/async - {"script":"<script> [2342 bytes]","args":[{"protocol":"http","hostname":"0.0.0.0","path":"/","capabilities":{"browserName":"chrome","goog:chromeOptions":{"binary":"C:\\Program Files\\Google\\Chrome\\Application\\chrome.exe","args":["--start-maximized"]}},"logLevel":"warn","connectionRetryTimeout":120000,"connectionRetryCount":3,"logLevels":{},"enableDirectConnect":true,"strictSSL":true,"_":"65 more keys: [\"cacheDir\",\"port\",\"requestedCapabilities\",\"automationProtocol\",\"baseUrl\",\"waitforInterval\",\"waitforTimeout\",\"onReload\",\"beforeCommand\",\"afterCommand\",\"rootDir\",\"specs\",\"suites\",\"exclude\",\"groupLogsByTestSpec\",\"excludeDriverLogs\",\"bail\",\"framework\",\"reporters\",\"services\",\"maxInstances\",\"maxInstancesPerCapability\",\"injectGlobals\",\"filesToWatch\",\"execArgv\",\"runnerEnv\",\"runner\",\"shard\",\"specFileRetries\",\"specFileRetriesDelay\",\"specFileRetriesDeferred\",\"reporterSyncInterval\",\"reporterSyncTimeout\",\"cucumberFeaturesWithLineNumbers\",\"autoCompileOpts\",\"mochaOpts\",\"jasmineOpts\",\"cucumberOpts\",\"onPrepare\",\"onWorkerStart\",\"onWorkerEnd\",\"before\",\"beforeSession\",\"beforeSuite\",\"beforeHook\",\"beforeTest\",\"afterTest\",\"afterHook\",\"afterSuite\",\"afterSession\",\"after\",\"onComplete\",\"beforeAssertion\",\"afterAssertion\",\"beforeFeature\",\"beforeScenario\",\"beforeStep\",\"afterStep\",\"afterScenario\",\"afterFeature\",\"_\",\"suite\",\"$0\",\"ignoredWorkerServices\",\"wdi5\"]"}]}
RESULT: {"script":"<script> [2342 bytes]","args":[{"protocol":"http","hostname":"0.0.0.0","path":"/","capabilities":{"browserName":"chrome","goog:chromeOptions":{"binary":"C:\\Program Files\\Google\\Chrome\\Application\\chrome.exe","args":["--start-maximized"]}},"logLevel":"warn","connectionRetryTimeout":120000,"connectionRetryCount":3,"logLevels":{},"enableDirectConnect":true,"strictSSL":true,"_":"65 more keys: [\"cacheDir\",\"port\",\"requestedCapabilities\",\"automationProtocol\",\"baseUrl\",\"waitforInterval\",\"waitforTimeout\",\"onReload\",\"beforeCommand\",\"afterCommand\",\"rootDir\",\"specs\",\"suites\",\"exclude\",\"groupLogsByTestSpec\",\"excludeDriverLogs\",\"bail\",\"framework\",\"reporters\",\"services\",\"maxInstances\",\"maxInstancesPerCapability\",\"injectGlobals\",\"filesToWatch\",\"execArgv\",\"runnerEnv\",\"runner\",\"shard\",\"specFileRetries\",\"specFileRetriesDelay\",\"specFileRetriesDeferred\",\"reporterSyncInterval\",\"reporterSyncTimeout\",\"cucumberFeaturesWithLineNumbers\",\"autoCompileOpts\",\"mochaOpts\",\"jasmineOpts\",\"cucumberOpts\",\"onPrepare\",\"onWorkerStart\",\"onWorkerEnd\",\"before\",\"beforeSession\",\"beforeSuite\",\"beforeHook\",\"beforeTest\",\"afterTest\",\"afterHook\",\"afterSuite\",\"afterSession\",\"after\",\"onComplete\",\"beforeAssertion\",\"afterAssertion\",\"beforeFeature\",\"beforeScenario\",\"beforeStep\",\"afterStep\",\"afterScenario\",\"afterFeature\",\"_\",\"suite\",\"$0\",\"ignoredWorkerServices\",\"wdi5\"]"}]}
COMMAND: POST /session/f31953e55de2d70fb971a65264fe9e98/execute/async - {"script":"<script> [21126 bytes]","args":[35000]}
RESULT: {"script":"<script> [21126 bytes]","args":[35000]}
COMMAND: POST /session/f31953e55de2d70fb971a65264fe9e98/window/fullscreen - {}
RESULT: {}
]]></system-out>
    </testcase>
    <testcase classname="chrome.136_0_7103_93.windows.Billing_Transfer_-_Master_data_&amp;_Intercompany_US127250" name="Should create a new equipment" time="151.709">
      <system-out><![CDATA[
COMMAND: POST /session/f31953e55de2d70fb971a65264fe9e98/execute/async - {"script":"<script> [1562 bytes]","args":[{"selector":{"controlType":"sap.m.GenericTile","properties":{"header":"Manage Resources"}},"wdio_ui5_key":"sapm.GenericTile{\"header\":\"Manage Resources\"}"}]}
RESULT: {"script":"<script> [1562 bytes]","args":[{"selector":{"controlType":"sap.m.GenericTile","properties":{"header":"Manage Resources"}},"wdio_ui5_key":"sapm.GenericTile{\"header\":\"Manage Resources\"}"}]}
RESULT: undefined
COMMAND: POST /session/f31953e55de2d70fb971a65264fe9e98/element - {"using":"xpath","value":"//*[@id=\"__tile31\"]"}
RESULT: {"using":"xpath","value":"//*[@id=\"__tile31\"]"}
COMMAND: POST /session/f31953e55de2d70fb971a65264fe9e98/element/f.64D82B69FC2678D0F29344912A345B1C.d.EDDF21BCD81DD3EFC80AE429F5E0C5A3.e.2581/click - {}
RESULT: {}
COMMAND: GET /session/f31953e55de2d70fb971a65264fe9e98/screenshot - {}
RESULT: {}
COMMAND: POST /session/f31953e55de2d70fb971a65264fe9e98/elements - {"using":"xpath","value":"//span[text()='Error']"}
RESULT: {"using":"xpath","value":"//span[text()='Error']"}
COMMAND: POST /session/f31953e55de2d70fb971a65264fe9e98/element - {"using":"xpath","value":"//button[@data-kt=\"addNewRUOverflowToolbarButton\"]"}
RESULT: {"using":"xpath","value":"//button[@data-kt=\"addNewRUOverflowToolbarButton\"]"}
COMMAND: POST /session/f31953e55de2d70fb971a65264fe9e98/elements - {"using":"xpath","value":"//button[@data-kt=\"addNewRUOverflowToolbarButton\"]"}
RESULT: {"using":"xpath","value":"//button[@data-kt=\"addNewRUOverflowToolbarButton\"]"}
COMMAND: POST /session/f31953e55de2d70fb971a65264fe9e98/elements - {"using":"xpath","value":"//button[@data-kt=\"addNewRUOverflowToolbarButton\"]"}
RESULT: {"using":"xpath","value":"//button[@data-kt=\"addNewRUOverflowToolbarButton\"]"}
COMMAND: POST /session/f31953e55de2d70fb971a65264fe9e98/elements - {"using":"xpath","value":"//button[@data-kt=\"addNewRUOverflowToolbarButton\"]"}
RESULT: {"using":"xpath","value":"//button[@data-kt=\"addNewRUOverflowToolbarButton\"]"}
COMMAND: POST /session/f31953e55de2d70fb971a65264fe9e98/elements - {"using":"xpath","value":"//button[@data-kt=\"addNewRUOverflowToolbarButton\"]"}
RESULT: {"using":"xpath","value":"//button[@data-kt=\"addNewRUOverflowToolbarButton\"]"}
COMMAND: POST /session/f31953e55de2d70fb971a65264fe9e98/elements - {"using":"xpath","value":"//button[@data-kt=\"addNewRUOverflowToolbarButton\"]"}
RESULT: {"using":"xpath","value":"//button[@data-kt=\"addNewRUOverflowToolbarButton\"]"}
COMMAND: POST /session/f31953e55de2d70fb971a65264fe9e98/elements - {"using":"xpath","value":"//button[@data-kt=\"addNewRUOverflowToolbarButton\"]"}
RESULT: {"using":"xpath","value":"//button[@data-kt=\"addNewRUOverflowToolbarButton\"]"}
COMMAND: POST /session/f31953e55de2d70fb971a65264fe9e98/elements - {"using":"xpath","value":"//button[@data-kt=\"addNewRUOverflowToolbarButton\"]"}
RESULT: {"using":"xpath","value":"//button[@data-kt=\"addNewRUOverflowToolbarButton\"]"}
COMMAND: POST /session/f31953e55de2d70fb971a65264fe9e98/elements - {"using":"xpath","value":"//button[@data-kt=\"addNewRUOverflowToolbarButton\"]"}
RESULT: {"using":"xpath","value":"//button[@data-kt=\"addNewRUOverflowToolbarButton\"]"}
COMMAND: POST /session/f31953e55de2d70fb971a65264fe9e98/elements - {"using":"xpath","value":"//button[@data-kt=\"addNewRUOverflowToolbarButton\"]"}
RESULT: {"using":"xpath","value":"//button[@data-kt=\"addNewRUOverflowToolbarButton\"]"}
COMMAND: POST /session/f31953e55de2d70fb971a65264fe9e98/elements - {"using":"xpath","value":"//button[@data-kt=\"addNewRUOverflowToolbarButton\"]"}
RESULT: {"using":"xpath","value":"//button[@data-kt=\"addNewRUOverflowToolbarButton\"]"}
COMMAND: POST /session/f31953e55de2d70fb971a65264fe9e98/elements - {"using":"xpath","value":"//button[@data-kt=\"addNewRUOverflowToolbarButton\"]"}
RESULT: {"using":"xpath","value":"//button[@data-kt=\"addNewRUOverflowToolbarButton\"]"}
COMMAND: POST /session/f31953e55de2d70fb971a65264fe9e98/elements - {"using":"xpath","value":"//button[@data-kt=\"addNewRUOverflowToolbarButton\"]"}
RESULT: {"using":"xpath","value":"//button[@data-kt=\"addNewRUOverflowToolbarButton\"]"}
COMMAND: POST /session/f31953e55de2d70fb971a65264fe9e98/elements - {"using":"xpath","value":"//button[@data-kt=\"addNewRUOverflowToolbarButton\"]"}
RESULT: {"using":"xpath","value":"//button[@data-kt=\"addNewRUOverflowToolbarButton\"]"}
COMMAND: POST /session/f31953e55de2d70fb971a65264fe9e98/elements - {"using":"xpath","value":"//button[@data-kt=\"addNewRUOverflowToolbarButton\"]"}
RESULT: {"using":"xpath","value":"//button[@data-kt=\"addNewRUOverflowToolbarButton\"]"}
COMMAND: POST /session/f31953e55de2d70fb971a65264fe9e98/elements - {"using":"xpath","value":"//button[@data-kt=\"addNewRUOverflowToolbarButton\"]"}
RESULT: {"using":"xpath","value":"//button[@data-kt=\"addNewRUOverflowToolbarButton\"]"}
COMMAND: POST /session/f31953e55de2d70fb971a65264fe9e98/elements - {"using":"xpath","value":"//button[@data-kt=\"addNewRUOverflowToolbarButton\"]"}
RESULT: {"using":"xpath","value":"//button[@data-kt=\"addNewRUOverflowToolbarButton\"]"}
COMMAND: POST /session/f31953e55de2d70fb971a65264fe9e98/elements - {"using":"xpath","value":"//button[@data-kt=\"addNewRUOverflowToolbarButton\"]"}
RESULT: {"using":"xpath","value":"//button[@data-kt=\"addNewRUOverflowToolbarButton\"]"}
COMMAND: POST /session/f31953e55de2d70fb971a65264fe9e98/elements - {"using":"xpath","value":"//button[@data-kt=\"addNewRUOverflowToolbarButton\"]"}
RESULT: {"using":"xpath","value":"//button[@data-kt=\"addNewRUOverflowToolbarButton\"]"}
COMMAND: POST /session/f31953e55de2d70fb971a65264fe9e98/elements - {"using":"xpath","value":"//button[@data-kt=\"addNewRUOverflowToolbarButton\"]"}
RESULT: {"using":"xpath","value":"//button[@data-kt=\"addNewRUOverflowToolbarButton\"]"}
COMMAND: POST /session/f31953e55de2d70fb971a65264fe9e98/elements - {"using":"xpath","value":"//button[@data-kt=\"addNewRUOverflowToolbarButton\"]"}
RESULT: {"using":"xpath","value":"//button[@data-kt=\"addNewRUOverflowToolbarButton\"]"}
COMMAND: POST /session/f31953e55de2d70fb971a65264fe9e98/elements - {"using":"xpath","value":"//button[@data-kt=\"addNewRUOverflowToolbarButton\"]"}
RESULT: {"using":"xpath","value":"//button[@data-kt=\"addNewRUOverflowToolbarButton\"]"}
COMMAND: POST /session/f31953e55de2d70fb971a65264fe9e98/elements - {"using":"xpath","value":"//button[@data-kt=\"addNewRUOverflowToolbarButton\"]"}
RESULT: {"using":"xpath","value":"//button[@data-kt=\"addNewRUOverflowToolbarButton\"]"}
COMMAND: POST /session/f31953e55de2d70fb971a65264fe9e98/elements - {"using":"xpath","value":"//button[@data-kt=\"addNewRUOverflowToolbarButton\"]"}
RESULT: {"using":"xpath","value":"//button[@data-kt=\"addNewRUOverflowToolbarButton\"]"}
COMMAND: POST /session/f31953e55de2d70fb971a65264fe9e98/elements - {"using":"xpath","value":"//button[@data-kt=\"addNewRUOverflowToolbarButton\"]"}
RESULT: {"using":"xpath","value":"//button[@data-kt=\"addNewRUOverflowToolbarButton\"]"}
COMMAND: POST /session/f31953e55de2d70fb971a65264fe9e98/elements - {"using":"xpath","value":"//button[@data-kt=\"addNewRUOverflowToolbarButton\"]"}
RESULT: {"using":"xpath","value":"//button[@data-kt=\"addNewRUOverflowToolbarButton\"]"}
COMMAND: POST /session/f31953e55de2d70fb971a65264fe9e98/elements - {"using":"xpath","value":"//button[@data-kt=\"addNewRUOverflowToolbarButton\"]"}
RESULT: {"using":"xpath","value":"//button[@data-kt=\"addNewRUOverflowToolbarButton\"]"}
COMMAND: POST /session/f31953e55de2d70fb971a65264fe9e98/element - {"using":"xpath","value":"//button[@data-kt=\"addNewRUOverflowToolbarButton\"]"}
RESULT: {"using":"xpath","value":"//button[@data-kt=\"addNewRUOverflowToolbarButton\"]"}
COMMAND: POST /session/f31953e55de2d70fb971a65264fe9e98/execute/sync - {"script":"<script> [8489 bytes]","args":[{"element-6066-11e4-a52e-4f735466cecf":"f.64D82B69FC2678D0F29344912A345B1C.d.EDDF21BCD81DD3EFC80AE429F5E0C5A3.e.2690","ELEMENT":"f.64D82B69FC2678D0F29344912A345B1C.d.EDDF21BCD81DD3EFC80AE429F5E0C5A3.e.2690"}]}
RESULT: {"script":"<script> [8489 bytes]","args":[{"element-6066-11e4-a52e-4f735466cecf":"f.64D82B69FC2678D0F29344912A345B1C.d.EDDF21BCD81DD3EFC80AE429F5E0C5A3.e.2690","ELEMENT":"f.64D82B69FC2678D0F29344912A345B1C.d.EDDF21BCD81DD3EFC80AE429F5E0C5A3.e.2690"}]}
COMMAND: GET /session/f31953e55de2d70fb971a65264fe9e98/element/f.64D82B69FC2678D0F29344912A345B1C.d.EDDF21BCD81DD3EFC80AE429F5E0C5A3.e.2690/enabled - {}
COMMAND: GET /session/f31953e55de2d70fb971a65264fe9e98/screenshot - {}
RESULT: {}
COMMAND: POST /session/f31953e55de2d70fb971a65264fe9e98/execute/sync - {"script":"<script> [8489 bytes]","args":[{"element-6066-11e4-a52e-4f735466cecf":"f.64D82B69FC2678D0F29344912A345B1C.d.EDDF21BCD81DD3EFC80AE429F5E0C5A3.e.2690","ELEMENT":"f.64D82B69FC2678D0F29344912A345B1C.d.EDDF21BCD81DD3EFC80AE429F5E0C5A3.e.2690"}]}
COMMAND: GET /session/f31953e55de2d70fb971a65264fe9e98/screenshot - {}
RESULT: {}
RESULT: {"script":"<script> [8489 bytes]","args":[{"element-6066-11e4-a52e-4f735466cecf":"f.64D82B69FC2678D0F29344912A345B1C.d.EDDF21BCD81DD3EFC80AE429F5E0C5A3.e.2690","ELEMENT":"f.64D82B69FC2678D0F29344912A345B1C.d.EDDF21BCD81DD3EFC80AE429F5E0C5A3.e.2690"}]}
COMMAND: POST /session/f31953e55de2d70fb971a65264fe9e98/execute/sync - {"script":"<script> [5351 bytes]","args":[{"element-6066-11e4-a52e-4f735466cecf":"f.64D82B69FC2678D0F29344912A345B1C.d.EDDF21BCD81DD3EFC80AE429F5E0C5A3.e.2690","ELEMENT":"f.64D82B69FC2678D0F29344912A345B1C.d.EDDF21BCD81DD3EFC80AE429F5E0C5A3.e.2690"}]}
COMMAND: GET /session/f31953e55de2d70fb971a65264fe9e98/screenshot - {}
RESULT: {}
RESULT: {"script":"<script> [5351 bytes]","args":[{"element-6066-11e4-a52e-4f735466cecf":"f.64D82B69FC2678D0F29344912A345B1C.d.EDDF21BCD81DD3EFC80AE429F5E0C5A3.e.2690","ELEMENT":"f.64D82B69FC2678D0F29344912A345B1C.d.EDDF21BCD81DD3EFC80AE429F5E0C5A3.e.2690"}]}
COMMAND: POST /session/f31953e55de2d70fb971a65264fe9e98/element/f.64D82B69FC2678D0F29344912A345B1C.d.EDDF21BCD81DD3EFC80AE429F5E0C5A3.e.2690/click - {}
COMMAND: GET /session/f31953e55de2d70fb971a65264fe9e98/screenshot - {}
RESULT: {}
RESULT: {}
COMMAND: GET /session/f31953e55de2d70fb971a65264fe9e98/screenshot - {}
RESULT: {}
COMMAND: POST /session/f31953e55de2d70fb971a65264fe9e98/execute/async - {"script":"<script> [1562 bytes]","args":[{"selector":{"id":"application-manageresources-display-component---newResourceUnit--TYPE-arrow"},"wdio_ui5_key":"applicationmanageresources-display-component---newResourceUnit--TYPE-arrow"}]}
RESULT: {}
RESULT: {"script":"<script> [1562 bytes]","args":[{"selector":{"id":"application-manageresources-display-component---newResourceUnit--TYPE-arrow"},"wdio_ui5_key":"applicationmanageresources-display-component---newResourceUnit--TYPE-arrow"}]}
RESULT: undefined
COMMAND: POST /session/f31953e55de2d70fb971a65264fe9e98/element - {"using":"xpath","value":"//*[@id=\"application-manageresources-display-component---newResourceUnit--TYPE-arrow\"]"}
RESULT: {"using":"xpath","value":"//*[@id=\"application-manageresources-display-component---newResourceUnit--TYPE-arrow\"]"}
COMMAND: POST /session/f31953e55de2d70fb971a65264fe9e98/element/f.64D82B69FC2678D0F29344912A345B1C.d.EDDF21BCD81DD3EFC80AE429F5E0C5A3.e.3047/click - {}
RESULT: {}
COMMAND: POST /session/f31953e55de2d70fb971a65264fe9e98/element - {"using":"xpath","value":"//input[@id=\"application-manageresources-display-component---newResourceUnit--TYPE-inner\"]"}
COMMAND: GET /session/f31953e55de2d70fb971a65264fe9e98/screenshot - {}
RESULT: {"using":"xpath","value":"//input[@id=\"application-manageresources-display-component---newResourceUnit--TYPE-inner\"]"}
COMMAND: POST /session/f31953e55de2d70fb971a65264fe9e98/element/f.64D82B69FC2678D0F29344912A345B1C.d.EDDF21BCD81DD3EFC80AE429F5E0C5A3.e.3042/clear - {}
RESULT: {}
RESULT: {}
COMMAND: POST /session/f31953e55de2d70fb971a65264fe9e98/element/f.64D82B69FC2678D0F29344912A345B1C.d.EDDF21BCD81DD3EFC80AE429F5E0C5A3.e.3042/value - {"text":"Equipment"}
RESULT: {"text":"Equipment"}
COMMAND: GET /session/f31953e55de2d70fb971a65264fe9e98/screenshot - {}
COMMAND: GET /session/f31953e55de2d70fb971a65264fe9e98/screenshot - {}
RESULT: {}
RESULT: {}
COMMAND: POST /session/f31953e55de2d70fb971a65264fe9e98/actions - {"actions":[{"id":"action9","type":"key","parameters":{},"actions":[{"type":"keyDown","value":"î€‡"},{"type":"pause","duration":10},{"type":"keyUp","value":"î€‡"}]}]}
RESULT: {"actions":[{"id":"action9","type":"key","parameters":{},"actions":[{"type":"keyDown","value":"î€‡"},{"type":"pause","duration":10},{"type":"keyUp","value":"î€‡"}]}]}
COMMAND: POST /session/f31953e55de2d70fb971a65264fe9e98/execute/async - {"script":"<script> [1562 bytes]","args":[{"selector":{"id":"application-manageresources-display-component---newResourceUnit--resourceId","interaction":{"idSuffix":"inner"}},"wdio_ui5_key":"applicationmanageresources-display-component---newResourceUnit--resourceId"}]}
COMMAND: GET /session/f31953e55de2d70fb971a65264fe9e98/screenshot - {}
RESULT: {"script":"<script> [1562 bytes]","args":[{"selector":{"id":"application-manageresources-display-component---newResourceUnit--resourceId","interaction":{"idSuffix":"inner"}},"wdio_ui5_key":"applicationmanageresources-display-component---newResourceUnit--resourceId"}]}
RESULT: undefined
COMMAND: POST /session/f31953e55de2d70fb971a65264fe9e98/execute/async - {"script":"<script> [776 bytes]","args":[{"enterText":"mwJUMmQsWx","selector":{"id":"application-manageresources-display-component---newResourceUnit--resourceId","interaction":{"idSuffix":"inner"}},"clearTextFirst":true,"interactionType":"ENTER_TEXT"}]}
RESULT: {}
RESULT: {"script":"<script> [776 bytes]","args":[{"enterText":"mwJUMmQsWx","selector":{"id":"application-manageresources-display-component---newResourceUnit--resourceId","interaction":{"idSuffix":"inner"}},"clearTextFirst":true,"interactionType":"ENTER_TEXT"}]}
COMMAND: POST /session/f31953e55de2d70fb971a65264fe9e98/execute/async - {"script":"<script> [1562 bytes]","args":[{"selector":{"id":"application-manageresources-display-component---newResourceUnit--SHORT_TEXT","interaction":{"idSuffix":"inner"}},"wdio_ui5_key":"applicationmanageresources-display-component---newResourceUnit--SHORT_TEXT"}]}
RESULT: {"script":"<script> [1562 bytes]","args":[{"selector":{"id":"application-manageresources-display-component---newResourceUnit--SHORT_TEXT","interaction":{"idSuffix":"inner"}},"wdio_ui5_key":"applicationmanageresources-display-component---newResourceUnit--SHORT_TEXT"}]}
RESULT: undefined
COMMAND: POST /session/f31953e55de2d70fb971a65264fe9e98/execute/async - {"script":"<script> [776 bytes]","args":[{"enterText":"Intercompany Equipment WDIO","selector":{"id":"application-manageresources-display-component---newResourceUnit--SHORT_TEXT","interaction":{"idSuffix":"inner"}},"clearTextFirst":true,"interactionType":"ENTER_TEXT"}]}
RESULT: {"script":"<script> [776 bytes]","args":[{"enterText":"Intercompany Equipment WDIO","selector":{"id":"application-manageresources-display-component---newResourceUnit--SHORT_TEXT","interaction":{"idSuffix":"inner"}},"clearTextFirst":true,"interactionType":"ENTER_TEXT"}]}
COMMAND: POST /session/f31953e55de2d70fb971a65264fe9e98/execute/async - {"script":"<script> [1562 bytes]","args":[{"selector":{"id":"application-manageresources-display-component---newResourceUnit--BASE_UNIT_OF_MEASURE","interaction":{"idSuffix":"inner"}},"wdio_ui5_key":"applicationmanageresources-display-component---newResourceUnit--BASE_UNIT_OF_MEASURE"}]}
RESULT: {"script":"<script> [1562 bytes]","args":[{"selector":{"id":"application-manageresources-display-component---newResourceUnit--BASE_UNIT_OF_MEASURE","interaction":{"idSuffix":"inner"}},"wdio_ui5_key":"applicationmanageresources-display-component---newResourceUnit--BASE_UNIT_OF_MEASURE"}]}
RESULT: undefined
COMMAND: POST /session/f31953e55de2d70fb971a65264fe9e98/execute/async - {"script":"<script> [776 bytes]","args":[{"enterText":"Piece","selector":{"id":"application-manageresources-display-component---newResourceUnit--BASE_UNIT_OF_MEASURE","interaction":{"idSuffix":"inner"}},"clearTextFirst":true,"interactionType":"ENTER_TEXT"}]}
RESULT: {"script":"<script> [776 bytes]","args":[{"enterText":"Piece","selector":{"id":"application-manageresources-display-component---newResourceUnit--BASE_UNIT_OF_MEASURE","interaction":{"idSuffix":"inner"}},"clearTextFirst":true,"interactionType":"ENTER_TEXT"}]}
COMMAND: POST /session/f31953e55de2d70fb971a65264fe9e98/execute/async - {"script":"<script> [1562 bytes]","args":[{"selector":{"id":"application-manageresources-display-component---newResourceUnit--WEIGHT_UNIT","interaction":{"idSuffix":"inner"}},"wdio_ui5_key":"applicationmanageresources-display-component---newResourceUnit--WEIGHT_UNIT"}]}
RESULT: {"script":"<script> [1562 bytes]","args":[{"selector":{"id":"application-manageresources-display-component---newResourceUnit--WEIGHT_UNIT","interaction":{"idSuffix":"inner"}},"wdio_ui5_key":"applicationmanageresources-display-component---newResourceUnit--WEIGHT_UNIT"}]}
RESULT: undefined
COMMAND: POST /session/f31953e55de2d70fb971a65264fe9e98/execute/async - {"script":"<script> [776 bytes]","args":[{"enterText":"Gram","selector":{"id":"application-manageresources-display-component---newResourceUnit--WEIGHT_UNIT","interaction":{"idSuffix":"inner"}},"clearTextFirst":true,"interactionType":"ENTER_TEXT"}]}
RESULT: {"script":"<script> [776 bytes]","args":[{"enterText":"Gram","selector":{"id":"application-manageresources-display-component---newResourceUnit--WEIGHT_UNIT","interaction":{"idSuffix":"inner"}},"clearTextFirst":true,"interactionType":"ENTER_TEXT"}]}
COMMAND: POST /session/f31953e55de2d70fb971a65264fe9e98/execute/async - {"script":"<script> [1562 bytes]","args":[{"selector":{"id":"application-manageresources-display-component---newResourceUnit--DIMENSION_UNIT","interaction":{"idSuffix":"inner"}},"wdio_ui5_key":"applicationmanageresources-display-component---newResourceUnit--DIMENSION_UNIT"}]}
RESULT: {"script":"<script> [1562 bytes]","args":[{"selector":{"id":"application-manageresources-display-component---newResourceUnit--DIMENSION_UNIT","interaction":{"idSuffix":"inner"}},"wdio_ui5_key":"applicationmanageresources-display-component---newResourceUnit--DIMENSION_UNIT"}]}
RESULT: undefined
COMMAND: POST /session/f31953e55de2d70fb971a65264fe9e98/execute/async - {"script":"<script> [776 bytes]","args":[{"enterText":"Meter","selector":{"id":"application-manageresources-display-component---newResourceUnit--DIMENSION_UNIT","interaction":{"idSuffix":"inner"}},"clearTextFirst":true,"interactionType":"ENTER_TEXT"}]}
RESULT: {"script":"<script> [776 bytes]","args":[{"enterText":"Meter","selector":{"id":"application-manageresources-display-component---newResourceUnit--DIMENSION_UNIT","interaction":{"idSuffix":"inner"}},"clearTextFirst":true,"interactionType":"ENTER_TEXT"}]}
COMMAND: POST /session/f31953e55de2d70fb971a65264fe9e98/execute/async - {"script":"<script> [1562 bytes]","args":[{"selector":{"id":"application-manageresources-display-component---newResourceUnit--newRRUPage-anchBar-application-manageresources-display-component---newResourceUnit--control-anchor","interaction":{"idSuffix":"BDI-content"}},"wdio_ui5_key":"applicationmanageresources-display-component---newResourceUnit--newRRUPage-anchBar-application-manageresources-display-component---newResourceUnit--control-anchor"}]}
RESULT: {"script":"<script> [1562 bytes]","args":[{"selector":{"id":"application-manageresources-display-component---newResourceUnit--newRRUPage-anchBar-application-manageresources-display-component---newResourceUnit--control-anchor","interaction":{"idSuffix":"BDI-content"}},"wdio_ui5_key":"applicationmanageresources-display-component---newResourceUnit--newRRUPage-anchBar-application-manageresources-display-component---newResourceUnit--control-anchor"}]}
RESULT: undefined
COMMAND: POST /session/f31953e55de2d70fb971a65264fe9e98/element - {"using":"xpath","value":"//*[@id=\"application-manageresources-display-component---newResourceUnit--newRRUPage-anchBar-application-manageresources-display-component---newResourceUnit--control-anchor\"]"}
RESULT: {"using":"xpath","value":"//*[@id=\"application-manageresources-display-component---newResourceUnit--newRRUPage-anchBar-application-manageresources-display-component---newResourceUnit--control-anchor\"]"}
COMMAND: POST /session/f31953e55de2d70fb971a65264fe9e98/element/f.64D82B69FC2678D0F29344912A345B1C.d.EDDF21BCD81DD3EFC80AE429F5E0C5A3.e.3180/click - {}
RESULT: {}
COMMAND: POST /session/f31953e55de2d70fb971a65264fe9e98/execute/async - {"script":"<script> [1562 bytes]","args":[{"selector":{"id":"application-manageresources-display-component---newResourceUnit--PLANNING_GROUP","interaction":{"idSuffix":"inner"}},"wdio_ui5_key":"applicationmanageresources-display-component---newResourceUnit--PLANNING_GROUP"}]}
COMMAND: GET /session/f31953e55de2d70fb971a65264fe9e98/screenshot - {}
RESULT: {"script":"<script> [1562 bytes]","args":[{"selector":{"id":"application-manageresources-display-component---newResourceUnit--PLANNING_GROUP","interaction":{"idSuffix":"inner"}},"wdio_ui5_key":"applicationmanageresources-display-component---newResourceUnit--PLANNING_GROUP"}]}
RESULT: undefined
COMMAND: POST /session/f31953e55de2d70fb971a65264fe9e98/execute/async - {"script":"<script> [776 bytes]","args":[{"enterText":"Heavy Equi","selector":{"id":"application-manageresources-display-component---newResourceUnit--PLANNING_GROUP","interaction":{"idSuffix":"inner"}},"clearTextFirst":true,"interactionType":"ENTER_TEXT"}]}
RESULT: {}
RESULT: {"script":"<script> [776 bytes]","args":[{"enterText":"Heavy Equi","selector":{"id":"application-manageresources-display-component---newResourceUnit--PLANNING_GROUP","interaction":{"idSuffix":"inner"}},"clearTextFirst":true,"interactionType":"ENTER_TEXT"}]}
COMMAND: POST /session/f31953e55de2d70fb971a65264fe9e98/execute/async - {"script":"<script> [1562 bytes]","args":[{"selector":{"id":"application-manageresources-display-component---newResourceUnit--ITEM_TYPE-arrow"},"wdio_ui5_key":"applicationmanageresources-display-component---newResourceUnit--ITEM_TYPE-arrow"}]}
RESULT: {"script":"<script> [1562 bytes]","args":[{"selector":{"id":"application-manageresources-display-component---newResourceUnit--ITEM_TYPE-arrow"},"wdio_ui5_key":"applicationmanageresources-display-component---newResourceUnit--ITEM_TYPE-arrow"}]}
RESULT: undefined
COMMAND: POST /session/f31953e55de2d70fb971a65264fe9e98/element - {"using":"xpath","value":"//*[@id=\"application-manageresources-display-component---newResourceUnit--ITEM_TYPE-arrow\"]"}
RESULT: {"using":"xpath","value":"//*[@id=\"application-manageresources-display-component---newResourceUnit--ITEM_TYPE-arrow\"]"}
COMMAND: POST /session/f31953e55de2d70fb971a65264fe9e98/element/f.64D82B69FC2678D0F29344912A345B1C.d.EDDF21BCD81DD3EFC80AE429F5E0C5A3.e.3187/click - {}
RESULT: {}
COMMAND: POST /session/f31953e55de2d70fb971a65264fe9e98/element - {"using":"xpath","value":"(//span[contains(text(), \"Resource Unit\")])[2]"}
COMMAND: GET /session/f31953e55de2d70fb971a65264fe9e98/screenshot - {}
RESULT: {"using":"xpath","value":"(//span[contains(text(), \"Resource Unit\")])[2]"}
COMMAND: POST /session/f31953e55de2d70fb971a65264fe9e98/element/f.64D82B69FC2678D0F29344912A345B1C.d.EDDF21BCD81DD3EFC80AE429F5E0C5A3.e.3188/click - {}
RESULT: {}
RESULT: {}
COMMAND: GET /session/f31953e55de2d70fb971a65264fe9e98/screenshot - {}
RESULT: {}
COMMAND: POST /session/f31953e55de2d70fb971a65264fe9e98/element - {"using":"css selector","value":"#application-manageresources-display-component---newResourceUnit--btnAddTimeSegment"}
RESULT: {"using":"css selector","value":"#application-manageresources-display-component---newResourceUnit--btnAddTimeSegment"}
COMMAND: GET /session/f31953e55de2d70fb971a65264fe9e98/element/f.64D82B69FC2678D0F29344912A345B1C.d.EDDF21BCD81DD3EFC80AE429F5E0C5A3.e.3189/rect - {}
RESULT: {}
COMMAND: GET /session/f31953e55de2d70fb971a65264fe9e98/window/rect - {}
RESULT: {}
COMMAND: POST /session/f31953e55de2d70fb971a65264fe9e98/execute/sync - {"script":"<script> [92 bytes]","args":[]}
RESULT: {"script":"<script> [92 bytes]","args":[]}
COMMAND: POST /session/f31953e55de2d70fb971a65264fe9e98/actions - {"actions":[{"id":"action10","type":"wheel","parameters":{},"actions":[{"type":"scroll","x":-1888,"y":-32,"deltaX":0,"deltaY":0,"duration":0,"origin":{"element-6066-11e4-a52e-4f735466cecf":"f.64D82B69FC2678D0F29344912A345B1C.d.EDDF21BCD81DD3EFC80AE429F5E0C5A3.e.3189"}}]}]}
COMMAND: GET /session/f31953e55de2d70fb971a65264fe9e98/screenshot - {}
RESULT: {}
COMMAND: POST /session/f31953e55de2d70fb971a65264fe9e98/execute/sync - {"script":"<script> [79 bytes]","args":[{"element-6066-11e4-a52e-4f735466cecf":"f.64D82B69FC2678D0F29344912A345B1C.d.EDDF21BCD81DD3EFC80AE429F5E0C5A3.e.3189","ELEMENT":"f.64D82B69FC2678D0F29344912A345B1C.d.EDDF21BCD81DD3EFC80AE429F5E0C5A3.e.3189"},{"block":"start","inline":"nearest"}]}
RESULT: {"script":"<script> [79 bytes]","args":[{"element-6066-11e4-a52e-4f735466cecf":"f.64D82B69FC2678D0F29344912A345B1C.d.EDDF21BCD81DD3EFC80AE429F5E0C5A3.e.3189","ELEMENT":"f.64D82B69FC2678D0F29344912A345B1C.d.EDDF21BCD81DD3EFC80AE429F5E0C5A3.e.3189"},{"block":"start","inline":"nearest"}]}
COMMAND: POST /session/f31953e55de2d70fb971a65264fe9e98/execute/async - {"script":"<script> [1562 bytes]","args":[{"selector":{"id":"application-manageresources-display-component---newResourceUnit--btnAddTimeSegment","interaction":{"idSuffix":"inner"}},"wdio_ui5_key":"applicationmanageresources-display-component---newResourceUnit--btnAddTimeSegment"}]}
COMMAND: GET /session/f31953e55de2d70fb971a65264fe9e98/screenshot - {}
RESULT: {"script":"<script> [1562 bytes]","args":[{"selector":{"id":"application-manageresources-display-component---newResourceUnit--btnAddTimeSegment","interaction":{"idSuffix":"inner"}},"wdio_ui5_key":"applicationmanageresources-display-component---newResourceUnit--btnAddTimeSegment"}]}
RESULT: undefined
COMMAND: POST /session/f31953e55de2d70fb971a65264fe9e98/element - {"using":"xpath","value":"//*[@id=\"application-manageresources-display-component---newResourceUnit--btnAddTimeSegment\"]"}
RESULT: {}
RESULT: {"using":"xpath","value":"//*[@id=\"application-manageresources-display-component---newResourceUnit--btnAddTimeSegment\"]"}
COMMAND: POST /session/f31953e55de2d70fb971a65264fe9e98/element/f.64D82B69FC2678D0F29344912A345B1C.d.EDDF21BCD81DD3EFC80AE429F5E0C5A3.e.3189/click - {}
RESULT: {}
COMMAND: GET /session/f31953e55de2d70fb971a65264fe9e98/screenshot - {}
RESULT: {}
COMMAND: POST /session/f31953e55de2d70fb971a65264fe9e98/element - {"using":"xpath","value":"//input[@id=\"application-manageresources-display-component---newResourceUnit--idRuTSAdmin-application-manageresources-display-component---newResourceUnit--RUTimeSegment-0-inner\"]"}
RESULT: {"using":"xpath","value":"//input[@id=\"application-manageresources-display-component---newResourceUnit--idRuTSAdmin-application-manageresources-display-component---newResourceUnit--RUTimeSegment-0-inner\"]"}
COMMAND: POST /session/f31953e55de2d70fb971a65264fe9e98/element/f.64D82B69FC2678D0F29344912A345B1C.d.EDDF21BCD81DD3EFC80AE429F5E0C5A3.e.3195/clear - {}
RESULT: {}
COMMAND: POST /session/f31953e55de2d70fb971a65264fe9e98/element/f.64D82B69FC2678D0F29344912A345B1C.d.EDDF21BCD81DD3EFC80AE429F5E0C5A3.e.3195/value - {"text":"599"}
COMMAND: GET /session/f31953e55de2d70fb971a65264fe9e98/screenshot - {}
RESULT: {"text":"599"}
COMMAND: GET /session/f31953e55de2d70fb971a65264fe9e98/screenshot - {}
RESULT: {}
RESULT: {}
COMMAND: POST /session/f31953e55de2d70fb971a65264fe9e98/element - {"using":"xpath","value":"//li[.//span[text()='599']]"}
RESULT: {"using":"xpath","value":"//li[.//span[text()='599']]"}
COMMAND: POST /session/f31953e55de2d70fb971a65264fe9e98/element/f.64D82B69FC2678D0F29344912A345B1C.d.EDDF21BCD81DD3EFC80AE429F5E0C5A3.e.3209/click - {}
RESULT: {}
COMMAND: GET /session/f31953e55de2d70fb971a65264fe9e98/screenshot - {}
RESULT: {}
COMMAND: POST /session/f31953e55de2d70fb971a65264fe9e98/element - {"using":"xpath","value":"(//span[contains(@id, \"-application-manageresources-display-component---newResourceUnit--RUTimeSegment-0-arrow\")])[6]"}
RESULT: {"using":"xpath","value":"(//span[contains(@id, \"-application-manageresources-display-component---newResourceUnit--RUTimeSegment-0-arrow\")])[6]"}
COMMAND: POST /session/f31953e55de2d70fb971a65264fe9e98/element/f.64D82B69FC2678D0F29344912A345B1C.d.EDDF21BCD81DD3EFC80AE429F5E0C5A3.e.3210/click - {}
RESULT: {}
COMMAND: GET /session/f31953e55de2d70fb971a65264fe9e98/screenshot - {}
RESULT: {}
COMMAND: POST /session/f31953e55de2d70fb971a65264fe9e98/element - {"using":"xpath","value":"//span[contains(text(), \"PM Order\")]"}
RESULT: {"using":"xpath","value":"//span[contains(text(), \"PM Order\")]"}
COMMAND: POST /session/f31953e55de2d70fb971a65264fe9e98/element/f.64D82B69FC2678D0F29344912A345B1C.d.EDDF21BCD81DD3EFC80AE429F5E0C5A3.e.3213/click - {}
RESULT: {}
COMMAND: GET /session/f31953e55de2d70fb971a65264fe9e98/screenshot - {}
RESULT: {}
COMMAND: POST /session/f31953e55de2d70fb971a65264fe9e98/element - {"using":"xpath","value":"(//span[contains(@id ,\"manageresources-display-component---newResourceUnit--RUTimeSegment-0-vhi\")])[1]"}
RESULT: {"using":"xpath","value":"(//span[contains(@id ,\"manageresources-display-component---newResourceUnit--RUTimeSegment-0-vhi\")])[1]"}
COMMAND: GET /session/f31953e55de2d70fb971a65264fe9e98/element/f.64D82B69FC2678D0F29344912A345B1C.d.EDDF21BCD81DD3EFC80AE429F5E0C5A3.e.3217/rect - {}
RESULT: {}
COMMAND: GET /session/f31953e55de2d70fb971a65264fe9e98/window/rect - {}
RESULT: {}
COMMAND: POST /session/f31953e55de2d70fb971a65264fe9e98/execute/sync - {"script":"<script> [92 bytes]","args":[]}
RESULT: {"script":"<script> [92 bytes]","args":[]}
COMMAND: POST /session/f31953e55de2d70fb971a65264fe9e98/actions - {"actions":[{"id":"action11","type":"wheel","parameters":{},"actions":[{"type":"scroll","x":-869,"y":-24,"deltaX":0,"deltaY":0,"duration":0,"origin":{"element-6066-11e4-a52e-4f735466cecf":"f.64D82B69FC2678D0F29344912A345B1C.d.EDDF21BCD81DD3EFC80AE429F5E0C5A3.e.3217"}}]}]}
COMMAND: GET /session/f31953e55de2d70fb971a65264fe9e98/screenshot - {}
RESULT: {"actions":[{"id":"action11","type":"wheel","parameters":{},"actions":[{"type":"scroll","x":-869,"y":-24,"deltaX":0,"deltaY":0,"duration":0,"origin":{"element-6066-11e4-a52e-4f735466cecf":"f.64D82B69FC2678D0F29344912A345B1C.d.EDDF21BCD81DD3EFC80AE429F5E0C5A3.e.3217"}}]}]}
COMMAND: DELETE /session/f31953e55de2d70fb971a65264fe9e98/actions - {}
COMMAND: GET /session/f31953e55de2d70fb971a65264fe9e98/screenshot - {}
RESULT: {}
RESULT: {}
COMMAND: GET /session/f31953e55de2d70fb971a65264fe9e98/screenshot - {}
RESULT: {}
RESULT: {}
COMMAND: POST /session/f31953e55de2d70fb971a65264fe9e98/element/f.64D82B69FC2678D0F29344912A345B1C.d.EDDF21BCD81DD3EFC80AE429F5E0C5A3.e.3217/click - {}
RESULT: {}
COMMAND: GET /session/f31953e55de2d70fb971a65264fe9e98/screenshot - {}
RESULT: {}
COMMAND: POST /session/f31953e55de2d70fb971a65264fe9e98/execute/async - {"script":"<script> [1562 bytes]","args":[{"selector":{"controlType":"sap.m.SearchField","properties":{"placeholder":"Search"},"searchOpenDialogs":true,"interaction":{"idSuffix":"I"}},"wdio_ui5_key":"sapm.SearchField{\"placeholder\":\"Search\"}"}]}
RESULT: {"script":"<script> [1562 bytes]","args":[{"selector":{"controlType":"sap.m.SearchField","properties":{"placeholder":"Search"},"searchOpenDialogs":true,"interaction":{"idSuffix":"I"}},"wdio_ui5_key":"sapm.SearchField{\"placeholder\":\"Search\"}"}]}
RESULT: undefined
COMMAND: POST /session/f31953e55de2d70fb971a65264fe9e98/execute/async - {"script":"<script> [776 bytes]","args":[{"enterText":"4000360","selector":{"controlType":"sap.m.SearchField","properties":{"placeholder":"Search"},"searchOpenDialogs":true,"interaction":{"idSuffix":"I"}},"clearTextFirst":true,"interactionType":"ENTER_TEXT"}]}
RESULT: {"script":"<script> [776 bytes]","args":[{"enterText":"4000360","selector":{"controlType":"sap.m.SearchField","properties":{"placeholder":"Search"},"searchOpenDialogs":true,"interaction":{"idSuffix":"I"}},"clearTextFirst":true,"interactionType":"ENTER_TEXT"}]}
COMMAND: POST /session/f31953e55de2d70fb971a65264fe9e98/actions - {"actions":[{"id":"action12","type":"key","parameters":{},"actions":[{"type":"keyDown","value":"î€‡"},{"type":"pause","duration":10},{"type":"keyUp","value":"î€‡"}]}]}
RESULT: {"actions":[{"id":"action12","type":"key","parameters":{},"actions":[{"type":"keyDown","value":"î€‡"},{"type":"pause","duration":10},{"type":"keyUp","value":"î€‡"}]}]}
COMMAND: GET /session/f31953e55de2d70fb971a65264fe9e98/screenshot - {}
RESULT: {}
COMMAND: POST /session/f31953e55de2d70fb971a65264fe9e98/element - {"using":"xpath","value":"//td/div/span[contains(text(), \"BGL Vehicles\")]"}
RESULT: {"using":"xpath","value":"//td/div/span[contains(text(), \"BGL Vehicles\")]"}
COMMAND: POST /session/f31953e55de2d70fb971a65264fe9e98/element/f.64D82B69FC2678D0F29344912A345B1C.d.EDDF21BCD81DD3EFC80AE429F5E0C5A3.e.3240/click - {}
RESULT: {}
COMMAND: GET /session/f31953e55de2d70fb971a65264fe9e98/screenshot - {}
RESULT: {}
COMMAND: POST /session/f31953e55de2d70fb971a65264fe9e98/element - {"using":"xpath","value":"//bdi[contains(text(), \"OK\")]"}
RESULT: {"using":"xpath","value":"//bdi[contains(text(), \"OK\")]"}
COMMAND: POST /session/f31953e55de2d70fb971a65264fe9e98/element/f.64D82B69FC2678D0F29344912A345B1C.d.EDDF21BCD81DD3EFC80AE429F5E0C5A3.e.3241/click - {}
RESULT: {}
COMMAND: GET /session/f31953e55de2d70fb971a65264fe9e98/screenshot - {}
RESULT: {}
COMMAND: POST /session/f31953e55de2d70fb971a65264fe9e98/execute/async - {"script":"<script> [1562 bytes]","args":[{"selector":{"id":"application-manageresources-display-component---newResourceUnit--newRRUPage-anchBar-application-manageresources-display-component---newResourceUnit--resource-anchor","interaction":{"idSuffix":"BDI-content"}},"wdio_ui5_key":"applicationmanageresources-display-component---newResourceUnit--newRRUPage-anchBar-application-manageresources-display-component---newResourceUnit--resource-anchor"}]}
RESULT: {"script":"<script> [1562 bytes]","args":[{"selector":{"id":"application-manageresources-display-component---newResourceUnit--newRRUPage-anchBar-application-manageresources-display-component---newResourceUnit--resource-anchor","interaction":{"idSuffix":"BDI-content"}},"wdio_ui5_key":"applicationmanageresources-display-component---newResourceUnit--newRRUPage-anchBar-application-manageresources-display-component---newResourceUnit--resource-anchor"}]}
RESULT: undefined
COMMAND: POST /session/f31953e55de2d70fb971a65264fe9e98/element - {"using":"xpath","value":"//*[@id=\"application-manageresources-display-component---newResourceUnit--newRRUPage-anchBar-application-manageresources-display-component---newResourceUnit--resource-anchor\"]"}
RESULT: {"using":"xpath","value":"//*[@id=\"application-manageresources-display-component---newResourceUnit--newRRUPage-anchBar-application-manageresources-display-component---newResourceUnit--resource-anchor\"]"}
COMMAND: POST /session/f31953e55de2d70fb971a65264fe9e98/element/f.64D82B69FC2678D0F29344912A345B1C.d.EDDF21BCD81DD3EFC80AE429F5E0C5A3.e.3245/click - {}
RESULT: {}
COMMAND: POST /session/f31953e55de2d70fb971a65264fe9e98/execute/async - {"script":"<script> [1562 bytes]","args":[{"selector":{"id":"application-manageresources-display-component---newResourceUnit--PLANNED_DELIVERY_DATE","interaction":{"idSuffix":"inner"}},"wdio_ui5_key":"applicationmanageresources-display-component---newResourceUnit--PLANNED_DELIVERY_DATE"}]}
COMMAND: GET /session/f31953e55de2d70fb971a65264fe9e98/screenshot - {}
RESULT: {"script":"<script> [1562 bytes]","args":[{"selector":{"id":"application-manageresources-display-component---newResourceUnit--PLANNED_DELIVERY_DATE","interaction":{"idSuffix":"inner"}},"wdio_ui5_key":"applicationmanageresources-display-component---newResourceUnit--PLANNED_DELIVERY_DATE"}]}
RESULT: undefined
COMMAND: POST /session/f31953e55de2d70fb971a65264fe9e98/execute/async - {"script":"<script> [6424 bytes]","args":[{"element-6066-11e4-a52e-4f735466cecf":"f.64D82B69FC2678D0F29344912A345B1C.d.EDDF21BCD81DD3EFC80AE429F5E0C5A3.e.3104"},"setValue",["5/20/25"]]}
RESULT: {}
RESULT: {"script":"<script> [6424 bytes]","args":[{"element-6066-11e4-a52e-4f735466cecf":"f.64D82B69FC2678D0F29344912A345B1C.d.EDDF21BCD81DD3EFC80AE429F5E0C5A3.e.3104"},"setValue",["5/20/25"]]}
COMMAND: POST /session/f31953e55de2d70fb971a65264fe9e98/element - {"using":"xpath","value":"//label[contains(@class, 'sapMLabelRequired') and .//bdi[contains(text(), 'Planned Retirement')]]"}
RESULT: {"using":"xpath","value":"//label[contains(@class, 'sapMLabelRequired') and .//bdi[contains(text(), 'Planned Retirement')]]"}
COMMAND: POST /session/f31953e55de2d70fb971a65264fe9e98/elements - {"using":"xpath","value":"//label[contains(@class, 'sapMLabelRequired') and .//bdi[contains(text(), 'Planned Retirement')]]"}
RESULT: {"using":"xpath","value":"//label[contains(@class, 'sapMLabelRequired') and .//bdi[contains(text(), 'Planned Retirement')]]"}
COMMAND: POST /session/f31953e55de2d70fb971a65264fe9e98/element - {"using":"xpath","value":"//button[@data-kt=\"resourceUnitSaveButton\"]"}
RESULT: {"using":"xpath","value":"//button[@data-kt=\"resourceUnitSaveButton\"]"}
COMMAND: POST /session/f31953e55de2d70fb971a65264fe9e98/element/f.64D82B69FC2678D0F29344912A345B1C.d.EDDF21BCD81DD3EFC80AE429F5E0C5A3.e.3064/click - {}
RESULT: {}
COMMAND: GET /session/f31953e55de2d70fb971a65264fe9e98/screenshot - {}
RESULT: {}
COMMAND: POST /session/f31953e55de2d70fb971a65264fe9e98/element - {"using":"xpath","value":"//bdi[contains(text(), \"Close\")]"}
RESULT: {"using":"xpath","value":"//bdi[contains(text(), \"Close\")]"}
COMMAND: POST /session/f31953e55de2d70fb971a65264fe9e98/element/f.64D82B69FC2678D0F29344912A345B1C.d.EDDF21BCD81DD3EFC80AE429F5E0C5A3.e.3253/click - {}
RESULT: {}
COMMAND: GET /session/f31953e55de2d70fb971a65264fe9e98/screenshot - {}
RESULT: {}
COMMAND: POST /session/f31953e55de2d70fb971a65264fe9e98/element - {"using":"xpath","value":"(//button[contains(@id ,\"actionsToolbar-overflowButton\")])[1]"}
RESULT: {"using":"xpath","value":"(//button[contains(@id ,\"actionsToolbar-overflowButton\")])[1]"}
COMMAND: POST /session/f31953e55de2d70fb971a65264fe9e98/element/f.64D82B69FC2678D0F29344912A345B1C.d.EDDF21BCD81DD3EFC80AE429F5E0C5A3.e.3306/click - {}
RESULT: {}
COMMAND: GET /session/f31953e55de2d70fb971a65264fe9e98/screenshot - {}
RESULT: {}
COMMAND: POST /session/f31953e55de2d70fb971a65264fe9e98/element - {"using":"xpath","value":"//button[@data-kt=\"priceInfoButton\"]"}
RESULT: {"using":"xpath","value":"//button[@data-kt=\"priceInfoButton\"]"}
COMMAND: POST /session/f31953e55de2d70fb971a65264fe9e98/element/f.64D82B69FC2678D0F29344912A345B1C.d.EDDF21BCD81DD3EFC80AE429F5E0C5A3.e.3308/click - {}
RESULT: {}
COMMAND: GET /session/f31953e55de2d70fb971a65264fe9e98/screenshot - {}
RESULT: {}
]]></system-out>
    </testcase>
    <testcase classname="chrome.136_0_7103_93.windows.Billing_Transfer_-_Master_data_&amp;_Intercompany_US127250" name="Should create new pricing rule TB on the equipment TB" time="58.402">
      <system-out><![CDATA[
COMMAND: POST /session/f31953e55de2d70fb971a65264fe9e98/element - {"using":"xpath","value":"//button[@data-kt=\"addButton\"]"}
RESULT: {"using":"xpath","value":"//button[@data-kt=\"addButton\"]"}
COMMAND: POST /session/f31953e55de2d70fb971a65264fe9e98/elements - {"using":"xpath","value":"//button[@data-kt=\"addButton\"]"}
RESULT: {"using":"xpath","value":"//button[@data-kt=\"addButton\"]"}
COMMAND: POST /session/f31953e55de2d70fb971a65264fe9e98/execute/sync - {"script":"<script> [8489 bytes]","args":[{"element-6066-11e4-a52e-4f735466cecf":"f.64D82B69FC2678D0F29344912A345B1C.d.EDDF21BCD81DD3EFC80AE429F5E0C5A3.e.3348","ELEMENT":"f.64D82B69FC2678D0F29344912A345B1C.d.EDDF21BCD81DD3EFC80AE429F5E0C5A3.e.3348"}]}
RESULT: {"script":"<script> [8489 bytes]","args":[{"element-6066-11e4-a52e-4f735466cecf":"f.64D82B69FC2678D0F29344912A345B1C.d.EDDF21BCD81DD3EFC80AE429F5E0C5A3.e.3348","ELEMENT":"f.64D82B69FC2678D0F29344912A345B1C.d.EDDF21BCD81DD3EFC80AE429F5E0C5A3.e.3348"}]}
COMMAND: GET /session/f31953e55de2d70fb971a65264fe9e98/element/f.64D82B69FC2678D0F29344912A345B1C.d.EDDF21BCD81DD3EFC80AE429F5E0C5A3.e.3348/enabled - {}
COMMAND: GET /session/f31953e55de2d70fb971a65264fe9e98/screenshot - {}
RESULT: {}
RESULT: {}
COMMAND: POST /session/f31953e55de2d70fb971a65264fe9e98/execute/sync - {"script":"<script> [8489 bytes]","args":[{"element-6066-11e4-a52e-4f735466cecf":"f.64D82B69FC2678D0F29344912A345B1C.d.EDDF21BCD81DD3EFC80AE429F5E0C5A3.e.3348","ELEMENT":"f.64D82B69FC2678D0F29344912A345B1C.d.EDDF21BCD81DD3EFC80AE429F5E0C5A3.e.3348"}]}
COMMAND: GET /session/f31953e55de2d70fb971a65264fe9e98/screenshot - {}
RESULT: {"script":"<script> [8489 bytes]","args":[{"element-6066-11e4-a52e-4f735466cecf":"f.64D82B69FC2678D0F29344912A345B1C.d.EDDF21BCD81DD3EFC80AE429F5E0C5A3.e.3348","ELEMENT":"f.64D82B69FC2678D0F29344912A345B1C.d.EDDF21BCD81DD3EFC80AE429F5E0C5A3.e.3348"}]}
COMMAND: POST /session/f31953e55de2d70fb971a65264fe9e98/execute/sync - {"script":"<script> [5351 bytes]","args":[{"element-6066-11e4-a52e-4f735466cecf":"f.64D82B69FC2678D0F29344912A345B1C.d.EDDF21BCD81DD3EFC80AE429F5E0C5A3.e.3348","ELEMENT":"f.64D82B69FC2678D0F29344912A345B1C.d.EDDF21BCD81DD3EFC80AE429F5E0C5A3.e.3348"}]}
COMMAND: GET /session/f31953e55de2d70fb971a65264fe9e98/screenshot - {}
RESULT: {}
RESULT: {"script":"<script> [5351 bytes]","args":[{"element-6066-11e4-a52e-4f735466cecf":"f.64D82B69FC2678D0F29344912A345B1C.d.EDDF21BCD81DD3EFC80AE429F5E0C5A3.e.3348","ELEMENT":"f.64D82B69FC2678D0F29344912A345B1C.d.EDDF21BCD81DD3EFC80AE429F5E0C5A3.e.3348"}]}
COMMAND: POST /session/f31953e55de2d70fb971a65264fe9e98/element/f.64D82B69FC2678D0F29344912A345B1C.d.EDDF21BCD81DD3EFC80AE429F5E0C5A3.e.3348/click - {}
COMMAND: GET /session/f31953e55de2d70fb971a65264fe9e98/screenshot - {}
RESULT: {}
RESULT: {}
COMMAND: GET /session/f31953e55de2d70fb971a65264fe9e98/screenshot - {}
RESULT: {}
RESULT: {}
COMMAND: POST /session/f31953e55de2d70fb971a65264fe9e98/execute/async - {"script":"<script> [1562 bytes]","args":[{"selector":{"controlType":"sap.m.Title","viewName":"etm.portal.ui.managepricingrules.view.NewItem","viewId":"application-managepricingrules-display-component---newInfoPriceItem","properties":{"text":"New Pricing Rules - Item Level"}},"wdio_ui5_key":"etmportal.ui.managepricingrules.view.NewItemsap.m.Title{\"text\":\"New Pricing Rules - Item Level\"}"}]}
RESULT: {"script":"<script> [1562 bytes]","args":[{"selector":{"controlType":"sap.m.Title","viewName":"etm.portal.ui.managepricingrules.view.NewItem","viewId":"application-managepricingrules-display-component---newInfoPriceItem","properties":{"text":"New Pricing Rules - Item Level"}},"wdio_ui5_key":"etmportal.ui.managepricingrules.view.NewItemsap.m.Title{\"text\":\"New Pricing Rules - Item Level\"}"}]}
RESULT: undefined
COMMAND: POST /session/f31953e55de2d70fb971a65264fe9e98/execute/async - {"script":"<script> [6424 bytes]","args":[{"element-6066-11e4-a52e-4f735466cecf":"f.64D82B69FC2678D0F29344912A345B1C.d.EDDF21BCD81DD3EFC80AE429F5E0C5A3.e.3517"},"getText",[]]}
RESULT: {"script":"<script> [6424 bytes]","args":[{"element-6066-11e4-a52e-4f735466cecf":"f.64D82B69FC2678D0F29344912A345B1C.d.EDDF21BCD81DD3EFC80AE429F5E0C5A3.e.3517"},"getText",[]]}
COMMAND: POST /session/f31953e55de2d70fb971a65264fe9e98/execute/async - {"script":"<script> [1562 bytes]","args":[{"selector":{"id":"application-managepricingrules-display-component---newInfoPriceItem--condValidTo","interaction":{"idSuffix":"inner"}},"wdio_ui5_key":"applicationmanagepricingrules-display-component---newInfoPriceItem--condValidTo"}]}
RESULT: {"script":"<script> [1562 bytes]","args":[{"selector":{"id":"application-managepricingrules-display-component---newInfoPriceItem--condValidTo","interaction":{"idSuffix":"inner"}},"wdio_ui5_key":"applicationmanagepricingrules-display-component---newInfoPriceItem--condValidTo"}]}
RESULT: undefined
COMMAND: POST /session/f31953e55de2d70fb971a65264fe9e98/execute/async - {"script":"<script> [776 bytes]","args":[{"enterText":"1/20/26","selector":{"id":"application-managepricingrules-display-component---newInfoPriceItem--condValidTo","interaction":{"idSuffix":"inner"}},"clearTextFirst":true,"interactionType":"ENTER_TEXT"}]}
RESULT: {"script":"<script> [776 bytes]","args":[{"enterText":"1/20/26","selector":{"id":"application-managepricingrules-display-component---newInfoPriceItem--condValidTo","interaction":{"idSuffix":"inner"}},"clearTextFirst":true,"interactionType":"ENTER_TEXT"}]}
COMMAND: POST /session/f31953e55de2d70fb971a65264fe9e98/execute/async - {"script":"<script> [1562 bytes]","args":[{"selector":{"id":"application-managepricingrules-display-component---newInfoPriceItem--billType-arrow"},"wdio_ui5_key":"applicationmanagepricingrules-display-component---newInfoPriceItem--billType-arrow"}]}
RESULT: {"script":"<script> [1562 bytes]","args":[{"selector":{"id":"application-managepricingrules-display-component---newInfoPriceItem--billType-arrow"},"wdio_ui5_key":"applicationmanagepricingrules-display-component---newInfoPriceItem--billType-arrow"}]}
RESULT: undefined
COMMAND: POST /session/f31953e55de2d70fb971a65264fe9e98/element - {"using":"xpath","value":"//*[@id=\"application-managepricingrules-display-component---newInfoPriceItem--billType-arrow\"]"}
RESULT: {"using":"xpath","value":"//*[@id=\"application-managepricingrules-display-component---newInfoPriceItem--billType-arrow\"]"}
COMMAND: POST /session/f31953e55de2d70fb971a65264fe9e98/element/f.64D82B69FC2678D0F29344912A345B1C.d.EDDF21BCD81DD3EFC80AE429F5E0C5A3.e.3476/click - {}
RESULT: {}
COMMAND: POST /session/f31953e55de2d70fb971a65264fe9e98/element - {"using":"xpath","value":"//span[contains(text(), \"TB - Time based\")]"}
COMMAND: GET /session/f31953e55de2d70fb971a65264fe9e98/screenshot - {}
RESULT: {"using":"xpath","value":"//span[contains(text(), \"TB - Time based\")]"}
COMMAND: POST /session/f31953e55de2d70fb971a65264fe9e98/element/f.64D82B69FC2678D0F29344912A345B1C.d.EDDF21BCD81DD3EFC80AE429F5E0C5A3.e.3519/click - {}
RESULT: {}
RESULT: {}
COMMAND: POST /session/f31953e55de2d70fb971a65264fe9e98/execute/async - {"script":"<script> [1562 bytes]","args":[{"selector":{"id":"application-managepricingrules-display-component---newInfoPriceItem--priceProc-arrow"},"wdio_ui5_key":"applicationmanagepricingrules-display-component---newInfoPriceItem--priceProc-arrow"}]}
COMMAND: GET /session/f31953e55de2d70fb971a65264fe9e98/screenshot - {}
RESULT: {"script":"<script> [1562 bytes]","args":[{"selector":{"id":"application-managepricingrules-display-component---newInfoPriceItem--priceProc-arrow"},"wdio_ui5_key":"applicationmanagepricingrules-display-component---newInfoPriceItem--priceProc-arrow"}]}
RESULT: undefined
COMMAND: POST /session/f31953e55de2d70fb971a65264fe9e98/element - {"using":"xpath","value":"//*[@id=\"application-managepricingrules-display-component---newInfoPriceItem--priceProc-arrow\"]"}
RESULT: {}
RESULT: {"using":"xpath","value":"//*[@id=\"application-managepricingrules-display-component---newInfoPriceItem--priceProc-arrow\"]"}
COMMAND: POST /session/f31953e55de2d70fb971a65264fe9e98/element/f.64D82B69FC2678D0F29344912A345B1C.d.EDDF21BCD81DD3EFC80AE429F5E0C5A3.e.3483/click - {}
RESULT: {}
COMMAND: POST /session/f31953e55de2d70fb971a65264fe9e98/element - {"using":"xpath","value":"//span[contains(text(), \"TBS - Time based standard\")]"}
COMMAND: GET /session/f31953e55de2d70fb971a65264fe9e98/screenshot - {}
RESULT: {"using":"xpath","value":"//span[contains(text(), \"TBS - Time based standard\")]"}
COMMAND: POST /session/f31953e55de2d70fb971a65264fe9e98/element/f.64D82B69FC2678D0F29344912A345B1C.d.EDDF21BCD81DD3EFC80AE429F5E0C5A3.e.3520/click - {}
RESULT: {}
RESULT: {}
COMMAND: POST /session/f31953e55de2d70fb971a65264fe9e98/execute/async - {"script":"<script> [1562 bytes]","args":[{"selector":{"id":"application-managepricingrules-display-component---newInfoPriceItem--calcBase-arrow"},"wdio_ui5_key":"applicationmanagepricingrules-display-component---newInfoPriceItem--calcBase-arrow"}]}
COMMAND: GET /session/f31953e55de2d70fb971a65264fe9e98/screenshot - {}
RESULT: {"script":"<script> [1562 bytes]","args":[{"selector":{"id":"application-managepricingrules-display-component---newInfoPriceItem--calcBase-arrow"},"wdio_ui5_key":"applicationmanagepricingrules-display-component---newInfoPriceItem--calcBase-arrow"}]}
RESULT: undefined
COMMAND: POST /session/f31953e55de2d70fb971a65264fe9e98/element - {"using":"xpath","value":"//*[@id=\"application-managepricingrules-display-component---newInfoPriceItem--calcBase-arrow\"]"}
RESULT: {}
RESULT: {"using":"xpath","value":"//*[@id=\"application-managepricingrules-display-component---newInfoPriceItem--calcBase-arrow\"]"}
COMMAND: POST /session/f31953e55de2d70fb971a65264fe9e98/element/f.64D82B69FC2678D0F29344912A345B1C.d.EDDF21BCD81DD3EFC80AE429F5E0C5A3.e.3490/click - {}
RESULT: {}
COMMAND: GET /session/f31953e55de2d70fb971a65264fe9e98/screenshot - {}
RESULT: {}
COMMAND: POST /session/f31953e55de2d70fb971a65264fe9e98/element - {"using":"xpath","value":"//span[contains(text(), \"0006 - TB(calendar days)\")]"}
RESULT: {"using":"xpath","value":"//span[contains(text(), \"0006 - TB(calendar days)\")]"}
COMMAND: POST /session/f31953e55de2d70fb971a65264fe9e98/element/f.64D82B69FC2678D0F29344912A345B1C.d.EDDF21BCD81DD3EFC80AE429F5E0C5A3.e.3521/click - {}
RESULT: {}
COMMAND: GET /session/f31953e55de2d70fb971a65264fe9e98/screenshot - {}
RESULT: {}
COMMAND: POST /session/f31953e55de2d70fb971a65264fe9e98/execute/async - {"script":"<script> [1562 bytes]","args":[{"selector":{"id":"application-managepricingrules-display-component---newInfoPriceItem--daysMonth","interaction":{"idSuffix":"inner"}},"wdio_ui5_key":"applicationmanagepricingrules-display-component---newInfoPriceItem--daysMonth"}]}
RESULT: {"script":"<script> [1562 bytes]","args":[{"selector":{"id":"application-managepricingrules-display-component---newInfoPriceItem--daysMonth","interaction":{"idSuffix":"inner"}},"wdio_ui5_key":"applicationmanagepricingrules-display-component---newInfoPriceItem--daysMonth"}]}
RESULT: undefined
COMMAND: POST /session/f31953e55de2d70fb971a65264fe9e98/execute/async - {"script":"<script> [776 bytes]","args":[{"enterText":"30","selector":{"id":"application-managepricingrules-display-component---newInfoPriceItem--daysMonth","interaction":{"idSuffix":"inner"}},"clearTextFirst":true,"interactionType":"ENTER_TEXT"}]}
RESULT: {"script":"<script> [776 bytes]","args":[{"enterText":"30","selector":{"id":"application-managepricingrules-display-component---newInfoPriceItem--daysMonth","interaction":{"idSuffix":"inner"}},"clearTextFirst":true,"interactionType":"ENTER_TEXT"}]}
COMMAND: POST /session/f31953e55de2d70fb971a65264fe9e98/element - {"using":"xpath","value":"//button[@data-kt=\"saveNewRuleButton\"]"}
RESULT: {"using":"xpath","value":"//button[@data-kt=\"saveNewRuleButton\"]"}
COMMAND: POST /session/f31953e55de2d70fb971a65264fe9e98/element/f.64D82B69FC2678D0F29344912A345B1C.d.EDDF21BCD81DD3EFC80AE429F5E0C5A3.e.3510/click - {}
RESULT: {}
COMMAND: GET /session/f31953e55de2d70fb971a65264fe9e98/screenshot - {}
RESULT: {}
COMMAND: POST /session/f31953e55de2d70fb971a65264fe9e98/execute/async - {"script":"<script> [1562 bytes]","args":[{"selector":{"id":"application-managepricingrules-display-component---priceInfoItem--smartFilterBar-btnBasicSearch","interaction":{"idSuffix":"I"}},"wdio_ui5_key":"applicationmanagepricingrules-display-component---priceInfoItem--smartFilterBar-btnBasicSearch"}]}
RESULT: {"script":"<script> [1562 bytes]","args":[{"selector":{"id":"application-managepricingrules-display-component---priceInfoItem--smartFilterBar-btnBasicSearch","interaction":{"idSuffix":"I"}},"wdio_ui5_key":"applicationmanagepricingrules-display-component---priceInfoItem--smartFilterBar-btnBasicSearch"}]}
RESULT: undefined
COMMAND: POST /session/f31953e55de2d70fb971a65264fe9e98/execute/async - {"script":"<script> [776 bytes]","args":[{"enterText":"mwJUMmQsWx","selector":{"id":"application-managepricingrules-display-component---priceInfoItem--smartFilterBar-btnBasicSearch","interaction":{"idSuffix":"I"}},"clearTextFirst":true,"interactionType":"ENTER_TEXT"}]}
RESULT: {"script":"<script> [776 bytes]","args":[{"enterText":"mwJUMmQsWx","selector":{"id":"application-managepricingrules-display-component---priceInfoItem--smartFilterBar-btnBasicSearch","interaction":{"idSuffix":"I"}},"clearTextFirst":true,"interactionType":"ENTER_TEXT"}]}
COMMAND: POST /session/f31953e55de2d70fb971a65264fe9e98/actions - {"actions":[{"id":"action13","type":"key","parameters":{},"actions":[{"type":"keyDown","value":"î€‡"},{"type":"pause","duration":10},{"type":"keyUp","value":"î€‡"}]}]}
RESULT: {"actions":[{"id":"action13","type":"key","parameters":{},"actions":[{"type":"keyDown","value":"î€‡"},{"type":"pause","duration":10},{"type":"keyUp","value":"î€‡"}]}]}
COMMAND: GET /session/f31953e55de2d70fb971a65264fe9e98/screenshot - {}
RESULT: {}
COMMAND: POST /session/f31953e55de2d70fb971a65264fe9e98/element - {"using":"xpath","value":"//span[@id=\"application-managepricingrules-display-component---priceInfoItem--smartTable-header-inner\"]"}
RESULT: {"using":"xpath","value":"//span[@id=\"application-managepricingrules-display-component---priceInfoItem--smartTable-header-inner\"]"}
COMMAND: POST /session/f31953e55de2d70fb971a65264fe9e98/elements - {"using":"xpath","value":"//span[@id=\"application-managepricingrules-display-component---priceInfoItem--smartTable-header-inner\"]"}
RESULT: {"using":"xpath","value":"//span[@id=\"application-managepricingrules-display-component---priceInfoItem--smartTable-header-inner\"]"}
COMMAND: POST /session/f31953e55de2d70fb971a65264fe9e98/execute/sync - {"script":"<script> [56 bytes]","args":[{"element-6066-11e4-a52e-4f735466cecf":"f.64D82B69FC2678D0F29344912A345B1C.d.EDDF21BCD81DD3EFC80AE429F5E0C5A3.e.3545","ELEMENT":"f.64D82B69FC2678D0F29344912A345B1C.d.EDDF21BCD81DD3EFC80AE429F5E0C5A3.e.3545"}]}
RESULT: {"script":"<script> [56 bytes]","args":[{"element-6066-11e4-a52e-4f735466cecf":"f.64D82B69FC2678D0F29344912A345B1C.d.EDDF21BCD81DD3EFC80AE429F5E0C5A3.e.3545","ELEMENT":"f.64D82B69FC2678D0F29344912A345B1C.d.EDDF21BCD81DD3EFC80AE429F5E0C5A3.e.3545"}]}
COMMAND: POST /session/f31953e55de2d70fb971a65264fe9e98/element - {"using":"css selector","value":"#shell-header-logo"}
COMMAND: GET /session/f31953e55de2d70fb971a65264fe9e98/screenshot - {}
RESULT: {"using":"css selector","value":"#shell-header-logo"}
COMMAND: POST /session/f31953e55de2d70fb971a65264fe9e98/element/f.64D82B69FC2678D0F29344912A345B1C.d.EDDF21BCD81DD3EFC80AE429F5E0C5A3.e.2659/click - {}
RESULT: {}
RESULT: {}
COMMAND: GET /session/f31953e55de2d70fb971a65264fe9e98/screenshot - {}
RESULT: {}
]]></system-out>
    </testcase>
    <testcase classname="chrome.136_0_7103_93.windows.Billing_Transfer_-_Master_data_&amp;_Intercompany_US127250" name="Should create new condition for equipment TB" time="73.194">
      <system-out><![CDATA[
COMMAND: POST /session/f31953e55de2d70fb971a65264fe9e98/execute/async - {"script":"<script> [1562 bytes]","args":[{"selector":{"controlType":"sap.m.GenericTile","properties":{"header":"Manage Conditions & Prices"}},"wdio_ui5_key":"sapm.GenericTile{\"header\":\"Manage Conditions & Prices\"}"}]}
RESULT: {"script":"<script> [1562 bytes]","args":[{"selector":{"controlType":"sap.m.GenericTile","properties":{"header":"Manage Conditions & Prices"}},"wdio_ui5_key":"sapm.GenericTile{\"header\":\"Manage Conditions & Prices\"}"}]}
RESULT: undefined
COMMAND: POST /session/f31953e55de2d70fb971a65264fe9e98/element - {"using":"xpath","value":"//*[@id=\"__tile93\"]"}
RESULT: {"using":"xpath","value":"//*[@id=\"__tile93\"]"}
COMMAND: POST /session/f31953e55de2d70fb971a65264fe9e98/element/f.64D82B69FC2678D0F29344912A345B1C.d.EDDF21BCD81DD3EFC80AE429F5E0C5A3.e.2644/click - {}
RESULT: {}
COMMAND: GET /session/f31953e55de2d70fb971a65264fe9e98/screenshot - {}
RESULT: {}
COMMAND: POST /session/f31953e55de2d70fb971a65264fe9e98/elements - {"using":"xpath","value":"//span[text()='Error']"}
RESULT: {"using":"xpath","value":"//span[text()='Error']"}
COMMAND: POST /session/f31953e55de2d70fb971a65264fe9e98/element - {"using":"xpath","value":"//button[@aria-label=\"Create\"]"}
RESULT: {"using":"xpath","value":"//button[@aria-label=\"Create\"]"}
COMMAND: POST /session/f31953e55de2d70fb971a65264fe9e98/elements - {"using":"xpath","value":"//button[@aria-label=\"Create\"]"}
RESULT: {"using":"xpath","value":"//button[@aria-label=\"Create\"]"}
COMMAND: POST /session/f31953e55de2d70fb971a65264fe9e98/execute/sync - {"script":"<script> [8489 bytes]","args":[{"element-6066-11e4-a52e-4f735466cecf":"f.64D82B69FC2678D0F29344912A345B1C.d.EDDF21BCD81DD3EFC80AE429F5E0C5A3.e.3582","ELEMENT":"f.64D82B69FC2678D0F29344912A345B1C.d.EDDF21BCD81DD3EFC80AE429F5E0C5A3.e.3582"}]}
RESULT: {"script":"<script> [8489 bytes]","args":[{"element-6066-11e4-a52e-4f735466cecf":"f.64D82B69FC2678D0F29344912A345B1C.d.EDDF21BCD81DD3EFC80AE429F5E0C5A3.e.3582","ELEMENT":"f.64D82B69FC2678D0F29344912A345B1C.d.EDDF21BCD81DD3EFC80AE429F5E0C5A3.e.3582"}]}
COMMAND: GET /session/f31953e55de2d70fb971a65264fe9e98/element/f.64D82B69FC2678D0F29344912A345B1C.d.EDDF21BCD81DD3EFC80AE429F5E0C5A3.e.3582/enabled - {}
COMMAND: GET /session/f31953e55de2d70fb971a65264fe9e98/screenshot - {}
RESULT: {}
COMMAND: POST /session/f31953e55de2d70fb971a65264fe9e98/execute/sync - {"script":"<script> [8489 bytes]","args":[{"element-6066-11e4-a52e-4f735466cecf":"f.64D82B69FC2678D0F29344912A345B1C.d.EDDF21BCD81DD3EFC80AE429F5E0C5A3.e.3582","ELEMENT":"f.64D82B69FC2678D0F29344912A345B1C.d.EDDF21BCD81DD3EFC80AE429F5E0C5A3.e.3582"}]}
COMMAND: GET /session/f31953e55de2d70fb971a65264fe9e98/screenshot - {}
RESULT: {}
RESULT: {"script":"<script> [8489 bytes]","args":[{"element-6066-11e4-a52e-4f735466cecf":"f.64D82B69FC2678D0F29344912A345B1C.d.EDDF21BCD81DD3EFC80AE429F5E0C5A3.e.3582","ELEMENT":"f.64D82B69FC2678D0F29344912A345B1C.d.EDDF21BCD81DD3EFC80AE429F5E0C5A3.e.3582"}]}
COMMAND: POST /session/f31953e55de2d70fb971a65264fe9e98/execute/sync - {"script":"<script> [5351 bytes]","args":[{"element-6066-11e4-a52e-4f735466cecf":"f.64D82B69FC2678D0F29344912A345B1C.d.EDDF21BCD81DD3EFC80AE429F5E0C5A3.e.3582","ELEMENT":"f.64D82B69FC2678D0F29344912A345B1C.d.EDDF21BCD81DD3EFC80AE429F5E0C5A3.e.3582"}]}
COMMAND: GET /session/f31953e55de2d70fb971a65264fe9e98/screenshot - {}
RESULT: {}
RESULT: {"script":"<script> [5351 bytes]","args":[{"element-6066-11e4-a52e-4f735466cecf":"f.64D82B69FC2678D0F29344912A345B1C.d.EDDF21BCD81DD3EFC80AE429F5E0C5A3.e.3582","ELEMENT":"f.64D82B69FC2678D0F29344912A345B1C.d.EDDF21BCD81DD3EFC80AE429F5E0C5A3.e.3582"}]}
COMMAND: POST /session/f31953e55de2d70fb971a65264fe9e98/element/f.64D82B69FC2678D0F29344912A345B1C.d.EDDF21BCD81DD3EFC80AE429F5E0C5A3.e.3582/click - {}
COMMAND: GET /session/f31953e55de2d70fb971a65264fe9e98/screenshot - {}
RESULT: {}
RESULT: {}
COMMAND: GET /session/f31953e55de2d70fb971a65264fe9e98/screenshot - {}
RESULT: {}
RESULT: {}
COMMAND: POST /session/f31953e55de2d70fb971a65264fe9e98/actions - {"actions":[{"id":"action14","type":"key","parameters":{},"actions":[{"type":"keyDown","value":"î€‡"},{"type":"pause","duration":10},{"type":"keyUp","value":"î€‡"}]}]}
RESULT: {"actions":[{"id":"action14","type":"key","parameters":{},"actions":[{"type":"keyDown","value":"î€‡"},{"type":"pause","duration":10},{"type":"keyUp","value":"î€‡"}]}]}
COMMAND: GET /session/f31953e55de2d70fb971a65264fe9e98/screenshot - {}
RESULT: {}
COMMAND: POST /session/f31953e55de2d70fb971a65264fe9e98/execute/async - {"script":"<script> [1562 bytes]","args":[{"selector":{"id":"application-manageconditionprice-display-component---newCondition--condBillCond-arrow"},"wdio_ui5_key":"applicationmanageconditionprice-display-component---newCondition--condBillCond-arrow"}]}
RESULT: {"script":"<script> [1562 bytes]","args":[{"selector":{"id":"application-manageconditionprice-display-component---newCondition--condBillCond-arrow"},"wdio_ui5_key":"applicationmanageconditionprice-display-component---newCondition--condBillCond-arrow"}]}
RESULT: undefined
COMMAND: POST /session/f31953e55de2d70fb971a65264fe9e98/element - {"using":"xpath","value":"//*[@id=\"application-manageconditionprice-display-component---newCondition--condBillCond-arrow\"]"}
RESULT: {"using":"xpath","value":"//*[@id=\"application-manageconditionprice-display-component---newCondition--condBillCond-arrow\"]"}
COMMAND: POST /session/f31953e55de2d70fb971a65264fe9e98/element/f.64D82B69FC2678D0F29344912A345B1C.d.EDDF21BCD81DD3EFC80AE429F5E0C5A3.e.3790/click - {}
RESULT: {}
COMMAND: GET /session/f31953e55de2d70fb971a65264fe9e98/screenshot - {}
RESULT: {}
COMMAND: POST /session/f31953e55de2d70fb971a65264fe9e98/element - {"using":"xpath","value":"//li[.//span[contains(text(), \"DISP - D&I special price\")]]"}
RESULT: {"using":"xpath","value":"//li[.//span[contains(text(), \"DISP - D&I special price\")]]"}
COMMAND: POST /session/f31953e55de2d70fb971a65264fe9e98/element/f.64D82B69FC2678D0F29344912A345B1C.d.EDDF21BCD81DD3EFC80AE429F5E0C5A3.e.3793/click - {}
RESULT: {}
COMMAND: GET /session/f31953e55de2d70fb971a65264fe9e98/screenshot - {}
RESULT: {}
COMMAND: POST /session/f31953e55de2d70fb971a65264fe9e98/execute/async - {"script":"<script> [1562 bytes]","args":[{"selector":{"id":"application-manageconditionprice-display-component---newCondition--condValidTo","interaction":{"idSuffix":"inner"}},"wdio_ui5_key":"applicationmanageconditionprice-display-component---newCondition--condValidTo"}]}
RESULT: {"script":"<script> [1562 bytes]","args":[{"selector":{"id":"application-manageconditionprice-display-component---newCondition--condValidTo","interaction":{"idSuffix":"inner"}},"wdio_ui5_key":"applicationmanageconditionprice-display-component---newCondition--condValidTo"}]}
RESULT: undefined
COMMAND: POST /session/f31953e55de2d70fb971a65264fe9e98/execute/async - {"script":"<script> [776 bytes]","args":[{"enterText":"1/20/26","selector":{"id":"application-manageconditionprice-display-component---newCondition--condValidTo","interaction":{"idSuffix":"inner"}},"clearTextFirst":true,"interactionType":"ENTER_TEXT"}]}
RESULT: {"script":"<script> [776 bytes]","args":[{"enterText":"1/20/26","selector":{"id":"application-manageconditionprice-display-component---newCondition--condValidTo","interaction":{"idSuffix":"inner"}},"clearTextFirst":true,"interactionType":"ENTER_TEXT"}]}
COMMAND: POST /session/f31953e55de2d70fb971a65264fe9e98/element - {"using":"xpath","value":"//input[@id=\"application-manageconditionprice-display-component---newCondition--condRU-inner\"]"}
RESULT: {"using":"xpath","value":"//input[@id=\"application-manageconditionprice-display-component---newCondition--condRU-inner\"]"}
COMMAND: POST /session/f31953e55de2d70fb971a65264fe9e98/element/f.64D82B69FC2678D0F29344912A345B1C.d.EDDF21BCD81DD3EFC80AE429F5E0C5A3.e.3631/clear - {}
RESULT: {}
COMMAND: POST /session/f31953e55de2d70fb971a65264fe9e98/element/f.64D82B69FC2678D0F29344912A345B1C.d.EDDF21BCD81DD3EFC80AE429F5E0C5A3.e.3631/value - {"text":"mwJUMmQsWx"}
COMMAND: GET /session/f31953e55de2d70fb971a65264fe9e98/screenshot - {}
RESULT: {"text":"mwJUMmQsWx"}
COMMAND: GET /session/f31953e55de2d70fb971a65264fe9e98/screenshot - {}
RESULT: {}
RESULT: {}
COMMAND: POST /session/f31953e55de2d70fb971a65264fe9e98/actions - {"actions":[{"id":"action15","type":"key","parameters":{},"actions":[{"type":"keyDown","value":"î€‡"},{"type":"pause","duration":10},{"type":"keyUp","value":"î€‡"}]}]}
RESULT: {"actions":[{"id":"action15","type":"key","parameters":{},"actions":[{"type":"keyDown","value":"î€‡"},{"type":"pause","duration":10},{"type":"keyUp","value":"î€‡"}]}]}
COMMAND: POST /session/f31953e55de2d70fb971a65264fe9e98/execute/async - {"script":"<script> [1562 bytes]","args":[{"selector":{"id":"application-manageconditionprice-display-component---newCondition--condBaseQty","interaction":{"idSuffix":"inner"}},"wdio_ui5_key":"applicationmanageconditionprice-display-component---newCondition--condBaseQty"}]}
COMMAND: GET /session/f31953e55de2d70fb971a65264fe9e98/screenshot - {}
RESULT: {"script":"<script> [1562 bytes]","args":[{"selector":{"id":"application-manageconditionprice-display-component---newCondition--condBaseQty","interaction":{"idSuffix":"inner"}},"wdio_ui5_key":"applicationmanageconditionprice-display-component---newCondition--condBaseQty"}]}
RESULT: undefined
COMMAND: POST /session/f31953e55de2d70fb971a65264fe9e98/execute/async - {"script":"<script> [776 bytes]","args":[{"enterText":"1","selector":{"id":"application-manageconditionprice-display-component---newCondition--condBaseQty","interaction":{"idSuffix":"inner"}},"clearTextFirst":true,"interactionType":"ENTER_TEXT"}]}
RESULT: {}
RESULT: {"script":"<script> [776 bytes]","args":[{"enterText":"1","selector":{"id":"application-manageconditionprice-display-component---newCondition--condBaseQty","interaction":{"idSuffix":"inner"}},"clearTextFirst":true,"interactionType":"ENTER_TEXT"}]}
COMMAND: POST /session/f31953e55de2d70fb971a65264fe9e98/execute/async - {"script":"<script> [1562 bytes]","args":[{"selector":{"id":"application-manageconditionprice-display-component---newCondition--condValue","interaction":{"idSuffix":"inner"}},"wdio_ui5_key":"applicationmanageconditionprice-display-component---newCondition--condValue"}]}
RESULT: {"script":"<script> [1562 bytes]","args":[{"selector":{"id":"application-manageconditionprice-display-component---newCondition--condValue","interaction":{"idSuffix":"inner"}},"wdio_ui5_key":"applicationmanageconditionprice-display-component---newCondition--condValue"}]}
RESULT: undefined
COMMAND: POST /session/f31953e55de2d70fb971a65264fe9e98/execute/async - {"script":"<script> [776 bytes]","args":[{"enterText":"100","selector":{"id":"application-manageconditionprice-display-component---newCondition--condValue","interaction":{"idSuffix":"inner"}},"clearTextFirst":true,"interactionType":"ENTER_TEXT"}]}
RESULT: {"script":"<script> [776 bytes]","args":[{"enterText":"100","selector":{"id":"application-manageconditionprice-display-component---newCondition--condValue","interaction":{"idSuffix":"inner"}},"clearTextFirst":true,"interactionType":"ENTER_TEXT"}]}
COMMAND: POST /session/f31953e55de2d70fb971a65264fe9e98/execute/async - {"script":"<script> [1562 bytes]","args":[{"selector":{"id":"application-manageconditionprice-display-component---newCondition--condCurr-arrow"},"wdio_ui5_key":"applicationmanageconditionprice-display-component---newCondition--condCurr-arrow"}]}
RESULT: {"script":"<script> [1562 bytes]","args":[{"selector":{"id":"application-manageconditionprice-display-component---newCondition--condCurr-arrow"},"wdio_ui5_key":"applicationmanageconditionprice-display-component---newCondition--condCurr-arrow"}]}
RESULT: undefined
COMMAND: POST /session/f31953e55de2d70fb971a65264fe9e98/element - {"using":"xpath","value":"//*[@id=\"application-manageconditionprice-display-component---newCondition--condCurr-arrow\"]"}
RESULT: {"using":"xpath","value":"//*[@id=\"application-manageconditionprice-display-component---newCondition--condCurr-arrow\"]"}
COMMAND: POST /session/f31953e55de2d70fb971a65264fe9e98/element/f.64D82B69FC2678D0F29344912A345B1C.d.EDDF21BCD81DD3EFC80AE429F5E0C5A3.e.3751/click - {}
RESULT: {}
COMMAND: POST /session/f31953e55de2d70fb971a65264fe9e98/element - {"using":"xpath","value":"//span[contains(text(), \"Euro\")]"}
COMMAND: GET /session/f31953e55de2d70fb971a65264fe9e98/screenshot - {}
RESULT: {"using":"xpath","value":"//span[contains(text(), \"Euro\")]"}
COMMAND: POST /session/f31953e55de2d70fb971a65264fe9e98/element/f.64D82B69FC2678D0F29344912A345B1C.d.EDDF21BCD81DD3EFC80AE429F5E0C5A3.e.3828/click - {}
RESULT: {}
RESULT: {}
COMMAND: POST /session/f31953e55de2d70fb971a65264fe9e98/element - {"using":"xpath","value":"//button[@data-kt=\"saveButton\"]"}
COMMAND: GET /session/f31953e55de2d70fb971a65264fe9e98/screenshot - {}
RESULT: {"using":"xpath","value":"//button[@data-kt=\"saveButton\"]"}
COMMAND: POST /session/f31953e55de2d70fb971a65264fe9e98/element/f.64D82B69FC2678D0F29344912A345B1C.d.EDDF21BCD81DD3EFC80AE429F5E0C5A3.e.3752/click - {}
RESULT: {}
RESULT: {}
COMMAND: GET /session/f31953e55de2d70fb971a65264fe9e98/screenshot - {}
RESULT: {}
COMMAND: POST /session/f31953e55de2d70fb971a65264fe9e98/execute/async - {"script":"<script> [1562 bytes]","args":[{"selector":{"id":"application-manageconditionprice-display-component---conditions--smartFilterBar-btnBasicSearch","interaction":{"idSuffix":"I"}},"wdio_ui5_key":"applicationmanageconditionprice-display-component---conditions--smartFilterBar-btnBasicSearch"}]}
RESULT: {"script":"<script> [1562 bytes]","args":[{"selector":{"id":"application-manageconditionprice-display-component---conditions--smartFilterBar-btnBasicSearch","interaction":{"idSuffix":"I"}},"wdio_ui5_key":"applicationmanageconditionprice-display-component---conditions--smartFilterBar-btnBasicSearch"}]}
RESULT: undefined
COMMAND: POST /session/f31953e55de2d70fb971a65264fe9e98/execute/async - {"script":"<script> [776 bytes]","args":[{"enterText":"mwJUMmQsWx","selector":{"id":"application-manageconditionprice-display-component---conditions--smartFilterBar-btnBasicSearch","interaction":{"idSuffix":"I"}},"clearTextFirst":true,"interactionType":"ENTER_TEXT"}]}
RESULT: {"script":"<script> [776 bytes]","args":[{"enterText":"mwJUMmQsWx","selector":{"id":"application-manageconditionprice-display-component---conditions--smartFilterBar-btnBasicSearch","interaction":{"idSuffix":"I"}},"clearTextFirst":true,"interactionType":"ENTER_TEXT"}]}
COMMAND: POST /session/f31953e55de2d70fb971a65264fe9e98/actions - {"actions":[{"id":"action16","type":"key","parameters":{},"actions":[{"type":"keyDown","value":"î€‡"},{"type":"pause","duration":10},{"type":"keyUp","value":"î€‡"}]}]}
RESULT: {"actions":[{"id":"action16","type":"key","parameters":{},"actions":[{"type":"keyDown","value":"î€‡"},{"type":"pause","duration":10},{"type":"keyUp","value":"î€‡"}]}]}
COMMAND: GET /session/f31953e55de2d70fb971a65264fe9e98/screenshot - {}
RESULT: {}
COMMAND: POST /session/f31953e55de2d70fb971a65264fe9e98/execute/async - {"script":"<script> [1562 bytes]","args":[{"selector":{"id":"application-manageconditionprice-display-component---conditions--smartFilterBar-filterItemControl_BASIC-BILL_TYPES-vhi"},"wdio_ui5_key":"applicationmanageconditionprice-display-component---conditions--smartFilterBar-filterItemControl_BASIC-BILL_TYPES-vhi"}]}
RESULT: {"script":"<script> [1562 bytes]","args":[{"selector":{"id":"application-manageconditionprice-display-component---conditions--smartFilterBar-filterItemControl_BASIC-BILL_TYPES-vhi"},"wdio_ui5_key":"applicationmanageconditionprice-display-component---conditions--smartFilterBar-filterItemControl_BASIC-BILL_TYPES-vhi"}]}
RESULT: undefined
COMMAND: POST /session/f31953e55de2d70fb971a65264fe9e98/element - {"using":"xpath","value":"//*[@id=\"application-manageconditionprice-display-component---conditions--smartFilterBar-filterItemControl_BASIC-BILL_TYPES-vhi\"]"}
RESULT: {"using":"xpath","value":"//*[@id=\"application-manageconditionprice-display-component---conditions--smartFilterBar-filterItemControl_BASIC-BILL_TYPES-vhi\"]"}
COMMAND: POST /session/f31953e55de2d70fb971a65264fe9e98/element/f.64D82B69FC2678D0F29344912A345B1C.d.EDDF21BCD81DD3EFC80AE429F5E0C5A3.e.3943/click - {}
RESULT: {}
COMMAND: POST /session/f31953e55de2d70fb971a65264fe9e98/execute/async - {"script":"<script> [1562 bytes]","args":[{"selector":{"id":"application-manageconditionprice-display-component---conditions--smartFilterBar-filterItemControl_BASIC-BILL_TYPES-valueHelpDialog-smartFilterBar-btnBasicSearch","searchOpenDialogs":true,"interaction":{"idSuffix":"I"}},"wdio_ui5_key":"applicationmanageconditionprice-display-component---conditions--smartFilterBar-filterItemControl_BASIC-BILL_TYPES-valueHelpDialog-smartFilterBar-btnBasicSearch"}]}
COMMAND: GET /session/f31953e55de2d70fb971a65264fe9e98/screenshot - {}
RESULT: {"script":"<script> [1562 bytes]","args":[{"selector":{"id":"application-manageconditionprice-display-component---conditions--smartFilterBar-filterItemControl_BASIC-BILL_TYPES-valueHelpDialog-smartFilterBar-btnBasicSearch","searchOpenDialogs":true,"interaction":{"idSuffix":"I"}},"wdio_ui5_key":"applicationmanageconditionprice-display-component---conditions--smartFilterBar-filterItemControl_BASIC-BILL_TYPES-valueHelpDialog-smartFilterBar-btnBasicSearch"}]}
RESULT: undefined
COMMAND: POST /session/f31953e55de2d70fb971a65264fe9e98/execute/async - {"script":"<script> [776 bytes]","args":[{"enterText":"TB","selector":{"id":"application-manageconditionprice-display-component---conditions--smartFilterBar-filterItemControl_BASIC-BILL_TYPES-valueHelpDialog-smartFilterBar-btnBasicSearch","searchOpenDialogs":true,"interaction":{"idSuffix":"I"}},"clearTextFirst":true,"interactionType":"ENTER_TEXT"}]}
RESULT: {}
RESULT: {"script":"<script> [776 bytes]","args":[{"enterText":"TB","selector":{"id":"application-manageconditionprice-display-component---conditions--smartFilterBar-filterItemControl_BASIC-BILL_TYPES-valueHelpDialog-smartFilterBar-btnBasicSearch","searchOpenDialogs":true,"interaction":{"idSuffix":"I"}},"clearTextFirst":true,"interactionType":"ENTER_TEXT"}]}
COMMAND: POST /session/f31953e55de2d70fb971a65264fe9e98/actions - {"actions":[{"id":"action17","type":"key","parameters":{},"actions":[{"type":"keyDown","value":"î€‡"},{"type":"pause","duration":10},{"type":"keyUp","value":"î€‡"}]}]}
RESULT: {"actions":[{"id":"action17","type":"key","parameters":{},"actions":[{"type":"keyDown","value":"î€‡"},{"type":"pause","duration":10},{"type":"keyUp","value":"î€‡"}]}]}
COMMAND: GET /session/f31953e55de2d70fb971a65264fe9e98/screenshot - {}
RESULT: {}
COMMAND: POST /session/f31953e55de2d70fb971a65264fe9e98/element - {"using":"xpath","value":"//div[contains(@id, 'application-manageconditionprice-display-component---conditions--smartFilterBar-filterItemControl_BASIC-BILL_TYPES-valueHelpDialog-table-rowsel0')]"}
RESULT: {"using":"xpath","value":"//div[contains(@id, 'application-manageconditionprice-display-component---conditions--smartFilterBar-filterItemControl_BASIC-BILL_TYPES-valueHelpDialog-table-rowsel0')]"}
COMMAND: POST /session/f31953e55de2d70fb971a65264fe9e98/element/f.64D82B69FC2678D0F29344912A345B1C.d.EDDF21BCD81DD3EFC80AE429F5E0C5A3.e.3952/click - {}
RESULT: {}
COMMAND: GET /session/f31953e55de2d70fb971a65264fe9e98/screenshot - {}
RESULT: {}
COMMAND: POST /session/f31953e55de2d70fb971a65264fe9e98/element - {"using":"xpath","value":"//bdi[contains(text(), \"OK\")]"}
RESULT: {"using":"xpath","value":"//bdi[contains(text(), \"OK\")]"}
COMMAND: POST /session/f31953e55de2d70fb971a65264fe9e98/element/f.64D82B69FC2678D0F29344912A345B1C.d.EDDF21BCD81DD3EFC80AE429F5E0C5A3.e.3954/click - {}
RESULT: {}
COMMAND: GET /session/f31953e55de2d70fb971a65264fe9e98/screenshot - {}
RESULT: {}
COMMAND: POST /session/f31953e55de2d70fb971a65264fe9e98/element - {"using":"xpath","value":"//span[@id=\"application-manageconditionprice-display-component---conditions--smartTable-header-inner\"]"}
RESULT: {"using":"xpath","value":"//span[@id=\"application-manageconditionprice-display-component---conditions--smartTable-header-inner\"]"}
COMMAND: POST /session/f31953e55de2d70fb971a65264fe9e98/elements - {"using":"xpath","value":"//span[@id=\"application-manageconditionprice-display-component---conditions--smartTable-header-inner\"]"}
RESULT: {"using":"xpath","value":"//span[@id=\"application-manageconditionprice-display-component---conditions--smartTable-header-inner\"]"}
COMMAND: POST /session/f31953e55de2d70fb971a65264fe9e98/execute/sync - {"script":"<script> [56 bytes]","args":[{"element-6066-11e4-a52e-4f735466cecf":"f.64D82B69FC2678D0F29344912A345B1C.d.EDDF21BCD81DD3EFC80AE429F5E0C5A3.e.3957","ELEMENT":"f.64D82B69FC2678D0F29344912A345B1C.d.EDDF21BCD81DD3EFC80AE429F5E0C5A3.e.3957"}]}
RESULT: {"script":"<script> [56 bytes]","args":[{"element-6066-11e4-a52e-4f735466cecf":"f.64D82B69FC2678D0F29344912A345B1C.d.EDDF21BCD81DD3EFC80AE429F5E0C5A3.e.3957","ELEMENT":"f.64D82B69FC2678D0F29344912A345B1C.d.EDDF21BCD81DD3EFC80AE429F5E0C5A3.e.3957"}]}
COMMAND: POST /session/f31953e55de2d70fb971a65264fe9e98/element - {"using":"css selector","value":"#shell-header-logo"}
COMMAND: GET /session/f31953e55de2d70fb971a65264fe9e98/screenshot - {}
RESULT: {"using":"css selector","value":"#shell-header-logo"}
COMMAND: POST /session/f31953e55de2d70fb971a65264fe9e98/element/f.64D82B69FC2678D0F29344912A345B1C.d.EDDF21BCD81DD3EFC80AE429F5E0C5A3.e.3549/click - {}
RESULT: {}
RESULT: {}
COMMAND: GET /session/f31953e55de2d70fb971a65264fe9e98/screenshot - {}
RESULT: {}
]]></system-out>
    </testcase>
    <testcase classname="chrome.136_0_7103_93.windows.Billing_Transfer_-_Master_data_&amp;_Intercompany_US127250" name="Should do a stock increase" time="99.457">
      <system-out><![CDATA[
COMMAND: POST /session/f31953e55de2d70fb971a65264fe9e98/execute/async - {"script":"<script> [1562 bytes]","args":[{"selector":{"controlType":"sap.m.GenericTile","properties":{"header":"Manage Handovers"}},"wdio_ui5_key":"sapm.GenericTile{\"header\":\"Manage Handovers\"}"}]}
RESULT: {"script":"<script> [1562 bytes]","args":[{"selector":{"controlType":"sap.m.GenericTile","properties":{"header":"Manage Handovers"}},"wdio_ui5_key":"sapm.GenericTile{\"header\":\"Manage Handovers\"}"}]}
RESULT: undefined
COMMAND: POST /session/f31953e55de2d70fb971a65264fe9e98/element - {"using":"xpath","value":"//*[@id=\"__tile132\"]"}
RESULT: {"using":"xpath","value":"//*[@id=\"__tile132\"]"}
COMMAND: POST /session/f31953e55de2d70fb971a65264fe9e98/element/f.64D82B69FC2678D0F29344912A345B1C.d.EDDF21BCD81DD3EFC80AE429F5E0C5A3.e.2608/click - {}
RESULT: {}
COMMAND: GET /session/f31953e55de2d70fb971a65264fe9e98/screenshot - {}
RESULT: {}
COMMAND: POST /session/f31953e55de2d70fb971a65264fe9e98/elements - {"using":"xpath","value":"//span[text()='Error']"}
RESULT: {"using":"xpath","value":"//span[text()='Error']"}
COMMAND: POST /session/f31953e55de2d70fb971a65264fe9e98/element - {"using":"xpath","value":"//button[@data-kt=\"masterHOAddButton\"]"}
RESULT: {"using":"xpath","value":"//button[@data-kt=\"masterHOAddButton\"]"}
COMMAND: POST /session/f31953e55de2d70fb971a65264fe9e98/elements - {"using":"xpath","value":"//button[@data-kt=\"masterHOAddButton\"]"}
RESULT: {"using":"xpath","value":"//button[@data-kt=\"masterHOAddButton\"]"}
COMMAND: POST /session/f31953e55de2d70fb971a65264fe9e98/execute/sync - {"script":"<script> [8489 bytes]","args":[{"element-6066-11e4-a52e-4f735466cecf":"f.64D82B69FC2678D0F29344912A345B1C.d.EDDF21BCD81DD3EFC80AE429F5E0C5A3.e.3999","ELEMENT":"f.64D82B69FC2678D0F29344912A345B1C.d.EDDF21BCD81DD3EFC80AE429F5E0C5A3.e.3999"}]}
RESULT: {"script":"<script> [8489 bytes]","args":[{"element-6066-11e4-a52e-4f735466cecf":"f.64D82B69FC2678D0F29344912A345B1C.d.EDDF21BCD81DD3EFC80AE429F5E0C5A3.e.3999","ELEMENT":"f.64D82B69FC2678D0F29344912A345B1C.d.EDDF21BCD81DD3EFC80AE429F5E0C5A3.e.3999"}]}
COMMAND: GET /session/f31953e55de2d70fb971a65264fe9e98/element/f.64D82B69FC2678D0F29344912A345B1C.d.EDDF21BCD81DD3EFC80AE429F5E0C5A3.e.3999/enabled - {}
COMMAND: GET /session/f31953e55de2d70fb971a65264fe9e98/screenshot - {}
RESULT: {}
COMMAND: POST /session/f31953e55de2d70fb971a65264fe9e98/execute/sync - {"script":"<script> [8489 bytes]","args":[{"element-6066-11e4-a52e-4f735466cecf":"f.64D82B69FC2678D0F29344912A345B1C.d.EDDF21BCD81DD3EFC80AE429F5E0C5A3.e.3999","ELEMENT":"f.64D82B69FC2678D0F29344912A345B1C.d.EDDF21BCD81DD3EFC80AE429F5E0C5A3.e.3999"}]}
COMMAND: GET /session/f31953e55de2d70fb971a65264fe9e98/screenshot - {}
RESULT: {}
RESULT: {"script":"<script> [8489 bytes]","args":[{"element-6066-11e4-a52e-4f735466cecf":"f.64D82B69FC2678D0F29344912A345B1C.d.EDDF21BCD81DD3EFC80AE429F5E0C5A3.e.3999","ELEMENT":"f.64D82B69FC2678D0F29344912A345B1C.d.EDDF21BCD81DD3EFC80AE429F5E0C5A3.e.3999"}]}
COMMAND: POST /session/f31953e55de2d70fb971a65264fe9e98/execute/sync - {"script":"<script> [5351 bytes]","args":[{"element-6066-11e4-a52e-4f735466cecf":"f.64D82B69FC2678D0F29344912A345B1C.d.EDDF21BCD81DD3EFC80AE429F5E0C5A3.e.3999","ELEMENT":"f.64D82B69FC2678D0F29344912A345B1C.d.EDDF21BCD81DD3EFC80AE429F5E0C5A3.e.3999"}]}
COMMAND: GET /session/f31953e55de2d70fb971a65264fe9e98/screenshot - {}
RESULT: {}
RESULT: {"script":"<script> [5351 bytes]","args":[{"element-6066-11e4-a52e-4f735466cecf":"f.64D82B69FC2678D0F29344912A345B1C.d.EDDF21BCD81DD3EFC80AE429F5E0C5A3.e.3999","ELEMENT":"f.64D82B69FC2678D0F29344912A345B1C.d.EDDF21BCD81DD3EFC80AE429F5E0C5A3.e.3999"}]}
COMMAND: POST /session/f31953e55de2d70fb971a65264fe9e98/element/f.64D82B69FC2678D0F29344912A345B1C.d.EDDF21BCD81DD3EFC80AE429F5E0C5A3.e.3999/click - {}
COMMAND: GET /session/f31953e55de2d70fb971a65264fe9e98/screenshot - {}
RESULT: {}
RESULT: {}
COMMAND: GET /session/f31953e55de2d70fb971a65264fe9e98/screenshot - {}
COMMAND: POST /session/f31953e55de2d70fb971a65264fe9e98/element - {"using":"xpath","value":"//span[contains(@id ,\"AddNewHO--typeSelect-arrow\")]"}
RESULT: {}
RESULT: {}
RESULT: {"using":"xpath","value":"//span[contains(@id ,\"AddNewHO--typeSelect-arrow\")]"}
COMMAND: POST /session/f31953e55de2d70fb971a65264fe9e98/element/f.64D82B69FC2678D0F29344912A345B1C.d.EDDF21BCD81DD3EFC80AE429F5E0C5A3.e.4338/click - {}
RESULT: {}
COMMAND: GET /session/f31953e55de2d70fb971a65264fe9e98/screenshot - {}
RESULT: {}
COMMAND: POST /session/f31953e55de2d70fb971a65264fe9e98/element - {"using":"xpath","value":"(//li[contains(text(), \"stock increase yard\")])[1]"}
RESULT: {"using":"xpath","value":"(//li[contains(text(), \"stock increase yard\")])[1]"}
COMMAND: POST /session/f31953e55de2d70fb971a65264fe9e98/element/f.64D82B69FC2678D0F29344912A345B1C.d.EDDF21BCD81DD3EFC80AE429F5E0C5A3.e.4339/click - {}
RESULT: {}
COMMAND: GET /session/f31953e55de2d70fb971a65264fe9e98/screenshot - {}
RESULT: {}
COMMAND: POST /session/f31953e55de2d70fb971a65264fe9e98/execute/async - {"script":"<script> [1562 bytes]","args":[{"selector":{"id":"application-managehandovers-display-component---AddNewHO--dueDate","interaction":{"idSuffix":"inner"}},"wdio_ui5_key":"applicationmanagehandovers-display-component---AddNewHO--dueDate"}]}
RESULT: {"script":"<script> [1562 bytes]","args":[{"selector":{"id":"application-managehandovers-display-component---AddNewHO--dueDate","interaction":{"idSuffix":"inner"}},"wdio_ui5_key":"applicationmanagehandovers-display-component---AddNewHO--dueDate"}]}
RESULT: undefined
COMMAND: POST /session/f31953e55de2d70fb971a65264fe9e98/execute/async - {"script":"<script> [6424 bytes]","args":[{"element-6066-11e4-a52e-4f735466cecf":"f.64D82B69FC2678D0F29344912A345B1C.d.EDDF21BCD81DD3EFC80AE429F5E0C5A3.e.4341"},"setValue",["5/20/25"]]}
RESULT: {"script":"<script> [6424 bytes]","args":[{"element-6066-11e4-a52e-4f735466cecf":"f.64D82B69FC2678D0F29344912A345B1C.d.EDDF21BCD81DD3EFC80AE429F5E0C5A3.e.4341"},"setValue",["5/20/25"]]}
COMMAND: POST /session/f31953e55de2d70fb971a65264fe9e98/element - {"using":"xpath","value":"//input[@id=\"generalSectionFrg--receiveYard-inner\"]"}
RESULT: {"using":"xpath","value":"//input[@id=\"generalSectionFrg--receiveYard-inner\"]"}
COMMAND: POST /session/f31953e55de2d70fb971a65264fe9e98/element/f.64D82B69FC2678D0F29344912A345B1C.d.EDDF21BCD81DD3EFC80AE429F5E0C5A3.e.4345/clear - {}
RESULT: {}
COMMAND: POST /session/f31953e55de2d70fb971a65264fe9e98/element/f.64D82B69FC2678D0F29344912A345B1C.d.EDDF21BCD81DD3EFC80AE429F5E0C5A3.e.4345/value - {"text":"599"}
COMMAND: GET /session/f31953e55de2d70fb971a65264fe9e98/screenshot - {}
RESULT: {"text":"599"}
COMMAND: GET /session/f31953e55de2d70fb971a65264fe9e98/screenshot - {}
RESULT: {}
RESULT: {}
COMMAND: POST /session/f31953e55de2d70fb971a65264fe9e98/element - {"using":"xpath","value":"//li[.//span[text()='599']]"}
RESULT: {"using":"xpath","value":"//li[.//span[text()='599']]"}
COMMAND: POST /session/f31953e55de2d70fb971a65264fe9e98/element/f.64D82B69FC2678D0F29344912A345B1C.d.EDDF21BCD81DD3EFC80AE429F5E0C5A3.e.4363/click - {}
RESULT: {}
COMMAND: GET /session/f31953e55de2d70fb971a65264fe9e98/screenshot - {}
RESULT: {}
COMMAND: POST /session/f31953e55de2d70fb971a65264fe9e98/execute/async - {"script":"<script> [1562 bytes]","args":[{"selector":{"id":"application-managehandovers-display-component---AddNewHO--ObjectPageLayout-anchBar-application-managehandovers-display-component---AddNewHO--section4-anchor","interaction":{"idSuffix":"BDI-content"}},"wdio_ui5_key":"applicationmanagehandovers-display-component---AddNewHO--ObjectPageLayout-anchBar-application-managehandovers-display-component---AddNewHO--section4-anchor"}]}
RESULT: {"script":"<script> [1562 bytes]","args":[{"selector":{"id":"application-managehandovers-display-component---AddNewHO--ObjectPageLayout-anchBar-application-managehandovers-display-component---AddNewHO--section4-anchor","interaction":{"idSuffix":"BDI-content"}},"wdio_ui5_key":"applicationmanagehandovers-display-component---AddNewHO--ObjectPageLayout-anchBar-application-managehandovers-display-component---AddNewHO--section4-anchor"}]}
RESULT: undefined
COMMAND: POST /session/f31953e55de2d70fb971a65264fe9e98/element - {"using":"xpath","value":"//*[@id=\"application-managehandovers-display-component---AddNewHO--ObjectPageLayout-anchBar-application-managehandovers-display-component---AddNewHO--section4-anchor\"]"}
RESULT: {"using":"xpath","value":"//*[@id=\"application-managehandovers-display-component---AddNewHO--ObjectPageLayout-anchBar-application-managehandovers-display-component---AddNewHO--section4-anchor\"]"}
COMMAND: POST /session/f31953e55de2d70fb971a65264fe9e98/element/f.64D82B69FC2678D0F29344912A345B1C.d.EDDF21BCD81DD3EFC80AE429F5E0C5A3.e.4365/click - {}
RESULT: {}
COMMAND: POST /session/f31953e55de2d70fb971a65264fe9e98/element - {"using":"xpath","value":"//button[@aria-label=\"Add\"]"}
COMMAND: GET /session/f31953e55de2d70fb971a65264fe9e98/screenshot - {}
RESULT: {"using":"xpath","value":"//button[@aria-label=\"Add\"]"}
COMMAND: POST /session/f31953e55de2d70fb971a65264fe9e98/element/f.64D82B69FC2678D0F29344912A345B1C.d.EDDF21BCD81DD3EFC80AE429F5E0C5A3.e.4369/click - {}
RESULT: {}
RESULT: {}
COMMAND: GET /session/f31953e55de2d70fb971a65264fe9e98/screenshot - {}
RESULT: {}
COMMAND: POST /session/f31953e55de2d70fb971a65264fe9e98/execute/async - {"script":"<script> [1562 bytes]","args":[{"selector":{"id":"application-managehandovers-display-component---AddNewHO--smartFilterBar-btnBasicSearch","searchOpenDialogs":true,"interaction":{"idSuffix":"I"}},"wdio_ui5_key":"applicationmanagehandovers-display-component---AddNewHO--smartFilterBar-btnBasicSearch"}]}
RESULT: {"script":"<script> [1562 bytes]","args":[{"selector":{"id":"application-managehandovers-display-component---AddNewHO--smartFilterBar-btnBasicSearch","searchOpenDialogs":true,"interaction":{"idSuffix":"I"}},"wdio_ui5_key":"applicationmanagehandovers-display-component---AddNewHO--smartFilterBar-btnBasicSearch"}]}
RESULT: undefined
COMMAND: POST /session/f31953e55de2d70fb971a65264fe9e98/execute/async - {"script":"<script> [776 bytes]","args":[{"enterText":"mwJUMmQsWx","selector":{"id":"application-managehandovers-display-component---AddNewHO--smartFilterBar-btnBasicSearch","searchOpenDialogs":true,"interaction":{"idSuffix":"I"}},"clearTextFirst":true,"interactionType":"ENTER_TEXT"}]}
RESULT: {"script":"<script> [776 bytes]","args":[{"enterText":"mwJUMmQsWx","selector":{"id":"application-managehandovers-display-component---AddNewHO--smartFilterBar-btnBasicSearch","searchOpenDialogs":true,"interaction":{"idSuffix":"I"}},"clearTextFirst":true,"interactionType":"ENTER_TEXT"}]}
COMMAND: POST /session/f31953e55de2d70fb971a65264fe9e98/actions - {"actions":[{"id":"action18","type":"key","parameters":{},"actions":[{"type":"keyDown","value":"î€‡"},{"type":"pause","duration":10},{"type":"keyUp","value":"î€‡"}]}]}
RESULT: {"actions":[{"id":"action18","type":"key","parameters":{},"actions":[{"type":"keyDown","value":"î€‡"},{"type":"pause","duration":10},{"type":"keyUp","value":"î€‡"}]}]}
COMMAND: GET /session/f31953e55de2d70fb971a65264fe9e98/screenshot - {}
RESULT: {}
COMMAND: POST /session/f31953e55de2d70fb971a65264fe9e98/execute/async - {"script":"<script> [1562 bytes]","args":[{"selector":{"id":"application-managehandovers-display-component---AddNewHO--popup-sa","searchOpenDialogs":true,"interaction":{"idSuffix":"CbBg"}},"wdio_ui5_key":"applicationmanagehandovers-display-component---AddNewHO--popup-sa"}]}
RESULT: {"script":"<script> [1562 bytes]","args":[{"selector":{"id":"application-managehandovers-display-component---AddNewHO--popup-sa","searchOpenDialogs":true,"interaction":{"idSuffix":"CbBg"}},"wdio_ui5_key":"applicationmanagehandovers-display-component---AddNewHO--popup-sa"}]}
RESULT: undefined
COMMAND: POST /session/f31953e55de2d70fb971a65264fe9e98/element - {"using":"xpath","value":"//*[@id=\"application-managehandovers-display-component---AddNewHO--popup-sa\"]"}
RESULT: {"using":"xpath","value":"//*[@id=\"application-managehandovers-display-component---AddNewHO--popup-sa\"]"}
COMMAND: POST /session/f31953e55de2d70fb971a65264fe9e98/element/f.64D82B69FC2678D0F29344912A345B1C.d.EDDF21BCD81DD3EFC80AE429F5E0C5A3.e.4523/click - {}
RESULT: {}
COMMAND: GET /session/f31953e55de2d70fb971a65264fe9e98/screenshot - {}
RESULT: {}
COMMAND: POST /session/f31953e55de2d70fb971a65264fe9e98/element - {"using":"xpath","value":"//bdi[contains(text(), \"Select\")]"}
RESULT: {"using":"xpath","value":"//bdi[contains(text(), \"Select\")]"}
COMMAND: POST /session/f31953e55de2d70fb971a65264fe9e98/element/f.64D82B69FC2678D0F29344912A345B1C.d.EDDF21BCD81DD3EFC80AE429F5E0C5A3.e.4524/click - {}
RESULT: {}
COMMAND: GET /session/f31953e55de2d70fb971a65264fe9e98/screenshot - {}
RESULT: {}
COMMAND: POST /session/f31953e55de2d70fb971a65264fe9e98/element - {"using":"xpath","value":"//button[@data-kt=\"AddNewHOSaveButton\"]"}
RESULT: {"using":"xpath","value":"//button[@data-kt=\"AddNewHOSaveButton\"]"}
COMMAND: POST /session/f31953e55de2d70fb971a65264fe9e98/element/f.64D82B69FC2678D0F29344912A345B1C.d.EDDF21BCD81DD3EFC80AE429F5E0C5A3.e.4528/click - {}
RESULT: {}
COMMAND: GET /session/f31953e55de2d70fb971a65264fe9e98/screenshot - {}
RESULT: {}
COMMAND: POST /session/f31953e55de2d70fb971a65264fe9e98/execute/async - {"script":"<script> [1562 bytes]","args":[{"selector":{"id":"receiptDatePicker","viewName":"etm.portal.ui.managehandovers.view.DetailExecuteHO","interaction":{"idSuffix":"inner"}},"wdio_ui5_key":"receiptDatePickeretmportal.ui.managehandovers.view.DetailExecuteHO"}]}
RESULT: {"script":"<script> [1562 bytes]","args":[{"selector":{"id":"receiptDatePicker","viewName":"etm.portal.ui.managehandovers.view.DetailExecuteHO","interaction":{"idSuffix":"inner"}},"wdio_ui5_key":"receiptDatePickeretmportal.ui.managehandovers.view.DetailExecuteHO"}]}
RESULT: undefined
COMMAND: POST /session/f31953e55de2d70fb971a65264fe9e98/execute/async - {"script":"<script> [6424 bytes]","args":[{"element-6066-11e4-a52e-4f735466cecf":"f.64D82B69FC2678D0F29344912A345B1C.d.EDDF21BCD81DD3EFC80AE429F5E0C5A3.e.4548"},"setValue",["5/20/25"]]}
RESULT: {"script":"<script> [6424 bytes]","args":[{"element-6066-11e4-a52e-4f735466cecf":"f.64D82B69FC2678D0F29344912A345B1C.d.EDDF21BCD81DD3EFC80AE429F5E0C5A3.e.4548"},"setValue",["5/20/25"]]}
COMMAND: POST /session/f31953e55de2d70fb971a65264fe9e98/element - {"using":"xpath","value":"//button[@data-kt=\"PickingTableConfirmAllButton\"]"}
RESULT: {"using":"xpath","value":"//button[@data-kt=\"PickingTableConfirmAllButton\"]"}
COMMAND: POST /session/f31953e55de2d70fb971a65264fe9e98/element/f.64D82B69FC2678D0F29344912A345B1C.d.EDDF21BCD81DD3EFC80AE429F5E0C5A3.e.4563/click - {}
RESULT: {}
COMMAND: GET /session/f31953e55de2d70fb971a65264fe9e98/screenshot - {}
RESULT: {}
COMMAND: POST /session/f31953e55de2d70fb971a65264fe9e98/element - {"using":"xpath","value":"//bdi[contains(text(), \"OK\")]"}
RESULT: {"using":"xpath","value":"//bdi[contains(text(), \"OK\")]"}
COMMAND: POST /session/f31953e55de2d70fb971a65264fe9e98/element/f.64D82B69FC2678D0F29344912A345B1C.d.EDDF21BCD81DD3EFC80AE429F5E0C5A3.e.4565/click - {}
RESULT: {}
COMMAND: GET /session/f31953e55de2d70fb971a65264fe9e98/screenshot - {}
RESULT: {}
COMMAND: POST /session/f31953e55de2d70fb971a65264fe9e98/element - {"using":"xpath","value":"(//bdi[contains(text(), \"Receive\")])[2]"}
RESULT: {"using":"xpath","value":"(//bdi[contains(text(), \"Receive\")])[2]"}
COMMAND: POST /session/f31953e55de2d70fb971a65264fe9e98/element/f.64D82B69FC2678D0F29344912A345B1C.d.EDDF21BCD81DD3EFC80AE429F5E0C5A3.e.4567/click - {}
RESULT: {}
COMMAND: GET /session/f31953e55de2d70fb971a65264fe9e98/screenshot - {}
RESULT: {}
COMMAND: POST /session/f31953e55de2d70fb971a65264fe9e98/element - {"using":"css selector","value":"#shell-header-logo"}
RESULT: {"using":"css selector","value":"#shell-header-logo"}
COMMAND: POST /session/f31953e55de2d70fb971a65264fe9e98/element/f.64D82B69FC2678D0F29344912A345B1C.d.EDDF21BCD81DD3EFC80AE429F5E0C5A3.e.3964/click - {}
RESULT: {}
COMMAND: GET /session/f31953e55de2d70fb971a65264fe9e98/screenshot - {}
RESULT: {}
]]></system-out>
    </testcase>
    <testcase classname="chrome.136_0_7103_93.windows.Billing_Transfer_-_Master_data_&amp;_Intercompany_US127250" name="Should create a new contract" time="67.766">
      <system-out><![CDATA[
COMMAND: POST /session/f31953e55de2d70fb971a65264fe9e98/execute/async - {"script":"<script> [1562 bytes]","args":[{"selector":{"controlType":"sap.m.GenericTile","properties":{"header":"Manage Contracts"}},"wdio_ui5_key":"sapm.GenericTile{\"header\":\"Manage Contracts\"}"}]}
RESULT: {"script":"<script> [1562 bytes]","args":[{"selector":{"controlType":"sap.m.GenericTile","properties":{"header":"Manage Contracts"}},"wdio_ui5_key":"sapm.GenericTile{\"header\":\"Manage Contracts\"}"}]}
RESULT: undefined
COMMAND: POST /session/f31953e55de2d70fb971a65264fe9e98/element - {"using":"xpath","value":"//*[@id=\"__tile130\"]"}
RESULT: {"using":"xpath","value":"//*[@id=\"__tile130\"]"}
COMMAND: POST /session/f31953e55de2d70fb971a65264fe9e98/element/f.64D82B69FC2678D0F29344912A345B1C.d.EDDF21BCD81DD3EFC80AE429F5E0C5A3.e.2597/click - {}
RESULT: {}
COMMAND: GET /session/f31953e55de2d70fb971a65264fe9e98/screenshot - {}
RESULT: {}
COMMAND: POST /session/f31953e55de2d70fb971a65264fe9e98/elements - {"using":"xpath","value":"//span[text()='Error']"}
RESULT: {"using":"xpath","value":"//span[text()='Error']"}
COMMAND: POST /session/f31953e55de2d70fb971a65264fe9e98/element - {"using":"xpath","value":"//button[@data-kt=\"addButton\"]"}
RESULT: {"using":"xpath","value":"//button[@data-kt=\"addButton\"]"}
COMMAND: POST /session/f31953e55de2d70fb971a65264fe9e98/elements - {"using":"xpath","value":"//button[@data-kt=\"addButton\"]"}
RESULT: {"using":"xpath","value":"//button[@data-kt=\"addButton\"]"}
COMMAND: POST /session/f31953e55de2d70fb971a65264fe9e98/execute/sync - {"script":"<script> [8489 bytes]","args":[{"element-6066-11e4-a52e-4f735466cecf":"f.64D82B69FC2678D0F29344912A345B1C.d.EDDF21BCD81DD3EFC80AE429F5E0C5A3.e.4790","ELEMENT":"f.64D82B69FC2678D0F29344912A345B1C.d.EDDF21BCD81DD3EFC80AE429F5E0C5A3.e.4790"}]}
RESULT: {"script":"<script> [8489 bytes]","args":[{"element-6066-11e4-a52e-4f735466cecf":"f.64D82B69FC2678D0F29344912A345B1C.d.EDDF21BCD81DD3EFC80AE429F5E0C5A3.e.4790","ELEMENT":"f.64D82B69FC2678D0F29344912A345B1C.d.EDDF21BCD81DD3EFC80AE429F5E0C5A3.e.4790"}]}
COMMAND: GET /session/f31953e55de2d70fb971a65264fe9e98/element/f.64D82B69FC2678D0F29344912A345B1C.d.EDDF21BCD81DD3EFC80AE429F5E0C5A3.e.4790/enabled - {}
COMMAND: GET /session/f31953e55de2d70fb971a65264fe9e98/screenshot - {}
RESULT: {}
COMMAND: POST /session/f31953e55de2d70fb971a65264fe9e98/execute/sync - {"script":"<script> [8489 bytes]","args":[{"element-6066-11e4-a52e-4f735466cecf":"f.64D82B69FC2678D0F29344912A345B1C.d.EDDF21BCD81DD3EFC80AE429F5E0C5A3.e.4790","ELEMENT":"f.64D82B69FC2678D0F29344912A345B1C.d.EDDF21BCD81DD3EFC80AE429F5E0C5A3.e.4790"}]}
COMMAND: GET /session/f31953e55de2d70fb971a65264fe9e98/screenshot - {}
RESULT: {}
RESULT: {"script":"<script> [8489 bytes]","args":[{"element-6066-11e4-a52e-4f735466cecf":"f.64D82B69FC2678D0F29344912A345B1C.d.EDDF21BCD81DD3EFC80AE429F5E0C5A3.e.4790","ELEMENT":"f.64D82B69FC2678D0F29344912A345B1C.d.EDDF21BCD81DD3EFC80AE429F5E0C5A3.e.4790"}]}
COMMAND: POST /session/f31953e55de2d70fb971a65264fe9e98/execute/sync - {"script":"<script> [5351 bytes]","args":[{"element-6066-11e4-a52e-4f735466cecf":"f.64D82B69FC2678D0F29344912A345B1C.d.EDDF21BCD81DD3EFC80AE429F5E0C5A3.e.4790","ELEMENT":"f.64D82B69FC2678D0F29344912A345B1C.d.EDDF21BCD81DD3EFC80AE429F5E0C5A3.e.4790"}]}
COMMAND: GET /session/f31953e55de2d70fb971a65264fe9e98/screenshot - {}
RESULT: {}
RESULT: {"script":"<script> [5351 bytes]","args":[{"element-6066-11e4-a52e-4f735466cecf":"f.64D82B69FC2678D0F29344912A345B1C.d.EDDF21BCD81DD3EFC80AE429F5E0C5A3.e.4790","ELEMENT":"f.64D82B69FC2678D0F29344912A345B1C.d.EDDF21BCD81DD3EFC80AE429F5E0C5A3.e.4790"}]}
COMMAND: GET /session/f31953e55de2d70fb971a65264fe9e98/screenshot - {}
RESULT: {}
RESULT: {}
COMMAND: POST /session/f31953e55de2d70fb971a65264fe9e98/element/f.64D82B69FC2678D0F29344912A345B1C.d.EDDF21BCD81DD3EFC80AE429F5E0C5A3.e.4790/click - {}
RESULT: {}
COMMAND: GET /session/f31953e55de2d70fb971a65264fe9e98/screenshot - {}
COMMAND: POST /session/f31953e55de2d70fb971a65264fe9e98/execute/async - {"script":"<script> [1562 bytes]","args":[{"selector":{"id":"application-managecontracts-display-component---AddNewContract--projectDescription","interaction":{"idSuffix":"inner"}},"wdio_ui5_key":"applicationmanagecontracts-display-component---AddNewContract--projectDescription"}]}
RESULT: {}
RESULT: {"script":"<script> [1562 bytes]","args":[{"selector":{"id":"application-managecontracts-display-component---AddNewContract--projectDescription","interaction":{"idSuffix":"inner"}},"wdio_ui5_key":"applicationmanagecontracts-display-component---AddNewContract--projectDescription"}]}
RESULT: undefined
COMMAND: POST /session/f31953e55de2d70fb971a65264fe9e98/execute/async - {"script":"<script> [776 bytes]","args":[{"enterText":"Intercompany Contract WDIO","selector":{"id":"application-managecontracts-display-component---AddNewContract--projectDescription","interaction":{"idSuffix":"inner"}},"clearTextFirst":true,"interactionType":"ENTER_TEXT"}]}
RESULT: {"script":"<script> [776 bytes]","args":[{"enterText":"Intercompany Contract WDIO","selector":{"id":"application-managecontracts-display-component---AddNewContract--projectDescription","interaction":{"idSuffix":"inner"}},"clearTextFirst":true,"interactionType":"ENTER_TEXT"}]}
COMMAND: POST /session/f31953e55de2d70fb971a65264fe9e98/element - {"using":"xpath","value":"//input[@id=\"application-managecontracts-display-component---AddNewContract--site-inner\"]"}
RESULT: {"using":"xpath","value":"//input[@id=\"application-managecontracts-display-component---AddNewContract--site-inner\"]"}
COMMAND: POST /session/f31953e55de2d70fb971a65264fe9e98/element/f.64D82B69FC2678D0F29344912A345B1C.d.EDDF21BCD81DD3EFC80AE429F5E0C5A3.e.5145/clear - {}
RESULT: {}
COMMAND: POST /session/f31953e55de2d70fb971a65264fe9e98/element/f.64D82B69FC2678D0F29344912A345B1C.d.EDDF21BCD81DD3EFC80AE429F5E0C5A3.e.5145/value - {"text":"2308"}
COMMAND: GET /session/f31953e55de2d70fb971a65264fe9e98/screenshot - {}
RESULT: {"text":"2308"}
COMMAND: GET /session/f31953e55de2d70fb971a65264fe9e98/screenshot - {}
RESULT: {}
RESULT: {}
COMMAND: POST /session/f31953e55de2d70fb971a65264fe9e98/element - {"using":"xpath","value":"//li[.//span[text()='2308']]"}
RESULT: {"using":"xpath","value":"//li[.//span[text()='2308']]"}
COMMAND: POST /session/f31953e55de2d70fb971a65264fe9e98/element/f.64D82B69FC2678D0F29344912A345B1C.d.EDDF21BCD81DD3EFC80AE429F5E0C5A3.e.5182/click - {}
RESULT: {}
COMMAND: GET /session/f31953e55de2d70fb971a65264fe9e98/screenshot - {}
RESULT: {}
COMMAND: POST /session/f31953e55de2d70fb971a65264fe9e98/element - {"using":"xpath","value":"//input[@id=\"application-managecontracts-display-component---AddNewContract--yardId-inner\"]"}
RESULT: {"using":"xpath","value":"//input[@id=\"application-managecontracts-display-component---AddNewContract--yardId-inner\"]"}
COMMAND: GET /session/f31953e55de2d70fb971a65264fe9e98/element/f.64D82B69FC2678D0F29344912A345B1C.d.EDDF21BCD81DD3EFC80AE429F5E0C5A3.e.5146/property/value - {}
RESULT: {}
COMMAND: POST /session/f31953e55de2d70fb971a65264fe9e98/element - {"using":"xpath","value":"//input[@id=\"application-managecontracts-display-component---AddNewContract--customerSelect-inner\"]"}
COMMAND: GET /session/f31953e55de2d70fb971a65264fe9e98/screenshot - {}
RESULT: {"using":"xpath","value":"//input[@id=\"application-managecontracts-display-component---AddNewContract--customerSelect-inner\"]"}
COMMAND: POST /session/f31953e55de2d70fb971a65264fe9e98/element/f.64D82B69FC2678D0F29344912A345B1C.d.EDDF21BCD81DD3EFC80AE429F5E0C5A3.e.5144/clear - {}
RESULT: {}
RESULT: {}
COMMAND: POST /session/f31953e55de2d70fb971a65264fe9e98/element/f.64D82B69FC2678D0F29344912A345B1C.d.EDDF21BCD81DD3EFC80AE429F5E0C5A3.e.5144/value - {"text":"1369"}
COMMAND: GET /session/f31953e55de2d70fb971a65264fe9e98/screenshot - {}
RESULT: {"text":"1369"}
COMMAND: GET /session/f31953e55de2d70fb971a65264fe9e98/screenshot - {}
RESULT: {}
RESULT: {}
COMMAND: POST /session/f31953e55de2d70fb971a65264fe9e98/element - {"using":"xpath","value":"//li[.//span[text()='1369']]"}
RESULT: {"using":"xpath","value":"//li[.//span[text()='1369']]"}
COMMAND: POST /session/f31953e55de2d70fb971a65264fe9e98/element/f.64D82B69FC2678D0F29344912A345B1C.d.EDDF21BCD81DD3EFC80AE429F5E0C5A3.e.5185/click - {}
RESULT: {}
COMMAND: GET /session/f31953e55de2d70fb971a65264fe9e98/screenshot - {}
RESULT: {}
COMMAND: POST /session/f31953e55de2d70fb971a65264fe9e98/element - {"using":"xpath","value":"//button[@data-kt=\"saveButton\"]"}
RESULT: {"using":"xpath","value":"//button[@data-kt=\"saveButton\"]"}
COMMAND: POST /session/f31953e55de2d70fb971a65264fe9e98/element/f.64D82B69FC2678D0F29344912A345B1C.d.EDDF21BCD81DD3EFC80AE429F5E0C5A3.e.5186/click - {}
RESULT: {}
COMMAND: GET /session/f31953e55de2d70fb971a65264fe9e98/screenshot - {}
RESULT: {}
COMMAND: POST /session/f31953e55de2d70fb971a65264fe9e98/element - {"using":"xpath","value":"//span[contains(@id ,\"contractDetailTitleNoExpanded\")]"}
RESULT: {"using":"xpath","value":"//span[contains(@id ,\"contractDetailTitleNoExpanded\")]"}
COMMAND: POST /session/f31953e55de2d70fb971a65264fe9e98/elements - {"using":"xpath","value":"//span[contains(@id ,\"contractDetailTitleNoExpanded\")]"}
RESULT: {"using":"xpath","value":"//span[contains(@id ,\"contractDetailTitleNoExpanded\")]"}
COMMAND: POST /session/f31953e55de2d70fb971a65264fe9e98/execute/sync - {"script":"<script> [56 bytes]","args":[{"element-6066-11e4-a52e-4f735466cecf":"f.64D82B69FC2678D0F29344912A345B1C.d.EDDF21BCD81DD3EFC80AE429F5E0C5A3.e.5258","ELEMENT":"f.64D82B69FC2678D0F29344912A345B1C.d.EDDF21BCD81DD3EFC80AE429F5E0C5A3.e.5258"}]}
RESULT: {"script":"<script> [56 bytes]","args":[{"element-6066-11e4-a52e-4f735466cecf":"f.64D82B69FC2678D0F29344912A345B1C.d.EDDF21BCD81DD3EFC80AE429F5E0C5A3.e.5258","ELEMENT":"f.64D82B69FC2678D0F29344912A345B1C.d.EDDF21BCD81DD3EFC80AE429F5E0C5A3.e.5258"}]}
COMMAND: GET /session/f31953e55de2d70fb971a65264fe9e98/screenshot - {}
RESULT: {}
]]></system-out>
    </testcase>
    <testcase classname="chrome.136_0_7103_93.windows.Billing_Transfer_-_Master_data_&amp;_Intercompany_US127250" name="Should add equipment to the contract" time="47.098">
      <system-out><![CDATA[
COMMAND: POST /session/f31953e55de2d70fb971a65264fe9e98/element - {"using":"xpath","value":"//button[@data-kt=\"contractDetailEditBtnButton\"]"}
RESULT: {"using":"xpath","value":"//button[@data-kt=\"contractDetailEditBtnButton\"]"}
COMMAND: POST /session/f31953e55de2d70fb971a65264fe9e98/element/f.64D82B69FC2678D0F29344912A345B1C.d.EDDF21BCD81DD3EFC80AE429F5E0C5A3.e.5259/click - {}
RESULT: {}
COMMAND: GET /session/f31953e55de2d70fb971a65264fe9e98/screenshot - {}
RESULT: {}
COMMAND: POST /session/f31953e55de2d70fb971a65264fe9e98/element - {"using":"xpath","value":"(//span[contains(text(), \"Additional Addresses\")])[2]"}
RESULT: {"using":"xpath","value":"(//span[contains(text(), \"Additional Addresses\")])[2]"}
COMMAND: POST /session/f31953e55de2d70fb971a65264fe9e98/element/f.64D82B69FC2678D0F29344912A345B1C.d.EDDF21BCD81DD3EFC80AE429F5E0C5A3.e.5316/click - {}
RESULT: {}
COMMAND: GET /session/f31953e55de2d70fb971a65264fe9e98/screenshot - {}
RESULT: {}
COMMAND: POST /session/f31953e55de2d70fb971a65264fe9e98/element - {"using":"xpath","value":"//button[@data-kt=\"btnAddTableRowOverflowToolbarButton\"]"}
RESULT: {"using":"xpath","value":"//button[@data-kt=\"btnAddTableRowOverflowToolbarButton\"]"}
COMMAND: POST /session/f31953e55de2d70fb971a65264fe9e98/element/f.64D82B69FC2678D0F29344912A345B1C.d.EDDF21BCD81DD3EFC80AE429F5E0C5A3.e.5318/click - {}
RESULT: {}
COMMAND: GET /session/f31953e55de2d70fb971a65264fe9e98/screenshot - {}
RESULT: {}
COMMAND: POST /session/f31953e55de2d70fb971a65264fe9e98/element - {"using":"xpath","value":"//div[(text() = 'Standard Entry' or . = 'Standard Entry')]"}
RESULT: {"using":"xpath","value":"//div[(text() = 'Standard Entry' or . = 'Standard Entry')]"}
COMMAND: POST /session/f31953e55de2d70fb971a65264fe9e98/element/f.64D82B69FC2678D0F29344912A345B1C.d.EDDF21BCD81DD3EFC80AE429F5E0C5A3.e.5320/click - {}
RESULT: {}
COMMAND: GET /session/f31953e55de2d70fb971a65264fe9e98/screenshot - {}
RESULT: {}
COMMAND: POST /session/f31953e55de2d70fb971a65264fe9e98/element - {"using":"xpath","value":"//td[7]/div/div/input"}
RESULT: {"using":"xpath","value":"//td[7]/div/div/input"}
COMMAND: POST /session/f31953e55de2d70fb971a65264fe9e98/element/f.64D82B69FC2678D0F29344912A345B1C.d.EDDF21BCD81DD3EFC80AE429F5E0C5A3.e.5329/clear - {}
RESULT: {}
COMMAND: POST /session/f31953e55de2d70fb971a65264fe9e98/element/f.64D82B69FC2678D0F29344912A345B1C.d.EDDF21BCD81DD3EFC80AE429F5E0C5A3.e.5329/value - {"text":"mwJUMmQsWx"}
COMMAND: GET /session/f31953e55de2d70fb971a65264fe9e98/screenshot - {}
RESULT: {"text":"mwJUMmQsWx"}
COMMAND: GET /session/f31953e55de2d70fb971a65264fe9e98/screenshot - {}
RESULT: {}
RESULT: {}
COMMAND: POST /session/f31953e55de2d70fb971a65264fe9e98/actions - {"actions":[{"id":"action19","type":"key","parameters":{},"actions":[{"type":"keyDown","value":"î€‡"},{"type":"pause","duration":10},{"type":"keyUp","value":"î€‡"}]}]}
RESULT: {"actions":[{"id":"action19","type":"key","parameters":{},"actions":[{"type":"keyDown","value":"î€‡"},{"type":"pause","duration":10},{"type":"keyUp","value":"î€‡"}]}]}
COMMAND: GET /session/f31953e55de2d70fb971a65264fe9e98/screenshot - {}
COMMAND: POST /session/f31953e55de2d70fb971a65264fe9e98/execute/sync - {"script":"<script> [276 bytes]","args":["No pricing information was found"]}
RESULT: {}
RESULT: {"script":"<script> [276 bytes]","args":["No pricing information was found"]}
COMMAND: POST /session/f31953e55de2d70fb971a65264fe9e98/element - {"using":"xpath","value":"(//button[@data-kt=\"saveButton\"])[2]"}
COMMAND: GET /session/f31953e55de2d70fb971a65264fe9e98/screenshot - {}
RESULT: {"using":"xpath","value":"(//button[@data-kt=\"saveButton\"])[2]"}
COMMAND: POST /session/f31953e55de2d70fb971a65264fe9e98/element/f.64D82B69FC2678D0F29344912A345B1C.d.EDDF21BCD81DD3EFC80AE429F5E0C5A3.e.5344/click - {}
RESULT: {}
RESULT: {}
COMMAND: GET /session/f31953e55de2d70fb971a65264fe9e98/screenshot - {}
RESULT: {}
COMMAND: POST /session/f31953e55de2d70fb971a65264fe9e98/execute/sync - {"script":"<script> [276 bytes]","args":["Some contract items are having rental validity exceeding header rental validity"]}
RESULT: {"script":"<script> [276 bytes]","args":["Some contract items are having rental validity exceeding header rental validity"]}
COMMAND: GET /session/f31953e55de2d70fb971a65264fe9e98/screenshot - {}
RESULT: {}
COMMAND: POST /session/f31953e55de2d70fb971a65264fe9e98/element - {"using":"xpath","value":"//span[contains(@id ,\"contractItemsSmartTable-header-inner\")]"}
RESULT: {"using":"xpath","value":"//span[contains(@id ,\"contractItemsSmartTable-header-inner\")]"}
COMMAND: POST /session/f31953e55de2d70fb971a65264fe9e98/elements - {"using":"xpath","value":"//span[contains(@id ,\"contractItemsSmartTable-header-inner\")]"}
RESULT: {"using":"xpath","value":"//span[contains(@id ,\"contractItemsSmartTable-header-inner\")]"}
COMMAND: POST /session/f31953e55de2d70fb971a65264fe9e98/execute/sync - {"script":"<script> [56 bytes]","args":[{"element-6066-11e4-a52e-4f735466cecf":"f.64D82B69FC2678D0F29344912A345B1C.d.EDDF21BCD81DD3EFC80AE429F5E0C5A3.e.5349","ELEMENT":"f.64D82B69FC2678D0F29344912A345B1C.d.EDDF21BCD81DD3EFC80AE429F5E0C5A3.e.5349"}]}
RESULT: {"script":"<script> [56 bytes]","args":[{"element-6066-11e4-a52e-4f735466cecf":"f.64D82B69FC2678D0F29344912A345B1C.d.EDDF21BCD81DD3EFC80AE429F5E0C5A3.e.5349","ELEMENT":"f.64D82B69FC2678D0F29344912A345B1C.d.EDDF21BCD81DD3EFC80AE429F5E0C5A3.e.5349"}]}
COMMAND: GET /session/f31953e55de2d70fb971a65264fe9e98/screenshot - {}
]]></system-out>
    </testcase>
    <testcase classname="chrome.136_0_7103_93.windows.Billing_Transfer_-_Master_data_&amp;_Intercompany_US127250" name="Should do a provide to site handover" time="75.373">
      <system-out><![CDATA[
COMMAND: POST /session/f31953e55de2d70fb971a65264fe9e98/element - {"using":"xpath","value":"//button[@data-kt=\"provideButton\"]"}
RESULT: {}
RESULT: {"using":"xpath","value":"//button[@data-kt=\"provideButton\"]"}
COMMAND: POST /session/f31953e55de2d70fb971a65264fe9e98/element/f.64D82B69FC2678D0F29344912A345B1C.d.EDDF21BCD81DD3EFC80AE429F5E0C5A3.e.5350/click - {}
RESULT: {}
COMMAND: GET /session/f31953e55de2d70fb971a65264fe9e98/screenshot - {}
RESULT: {}
RESULT: undefined
COMMAND: POST /session/f31953e55de2d70fb971a65264fe9e98/execute/async - {"script":"<script> [6424 bytes]","args":[{"element-6066-11e4-a52e-4f735466cecf":"f.64D82B69FC2678D0F29344912A345B1C.d.EDDF21BCD81DD3EFC80AE429F5E0C5A3.e.4341"},"setValue",["5/20/25"]]}
COMMAND: POST /session/f31953e55de2d70fb971a65264fe9e98/execute/async - {"script":"<script> [1562 bytes]","args":[{"selector":{"id":"application-managehandovers-display-component---AddNewHO--dueDate","interaction":{"idSuffix":"inner"}},"wdio_ui5_key":"applicationmanagehandovers-display-component---AddNewHO--dueDate"}]}
RESULT: {"script":"<script> [1562 bytes]","args":[{"selector":{"id":"application-managehandovers-display-component---AddNewHO--dueDate","interaction":{"idSuffix":"inner"}},"wdio_ui5_key":"applicationmanagehandovers-display-component---AddNewHO--dueDate"}]}
COMMAND: POST /session/f31953e55de2d70fb971a65264fe9e98/execute/async - {"script":"<script> [6424 bytes]","args":[{"element-6066-11e4-a52e-4f735466cecf":"f.64D82B69FC2678D0F29344912A345B1C.d.EDDF21BCD81DD3EFC80AE429F5E0C5A3.e.5440"},"setValue",["5/20/25"]]}
RESULT: {"script":"<script> [6424 bytes]","args":[{"element-6066-11e4-a52e-4f735466cecf":"f.64D82B69FC2678D0F29344912A345B1C.d.EDDF21BCD81DD3EFC80AE429F5E0C5A3.e.5440"},"setValue",["5/20/25"]]}
COMMAND: POST /session/f31953e55de2d70fb971a65264fe9e98/element - {"using":"xpath","value":"//bdi[contains(text(), \"Instructions\")]"}
RESULT: {"using":"xpath","value":"//bdi[contains(text(), \"Instructions\")]"}
COMMAND: POST /session/f31953e55de2d70fb971a65264fe9e98/element/f.64D82B69FC2678D0F29344912A345B1C.d.EDDF21BCD81DD3EFC80AE429F5E0C5A3.e.5532/click - {}
RESULT: {}
COMMAND: GET /session/f31953e55de2d70fb971a65264fe9e98/screenshot - {}
RESULT: {}
COMMAND: POST /session/f31953e55de2d70fb971a65264fe9e98/element - {"using":"xpath","value":"//button[@data-kt=\"AddNewHOProvideAddItemsButton\"]"}
RESULT: {"using":"xpath","value":"//button[@data-kt=\"AddNewHOProvideAddItemsButton\"]"}
COMMAND: POST /session/f31953e55de2d70fb971a65264fe9e98/element/f.64D82B69FC2678D0F29344912A345B1C.d.EDDF21BCD81DD3EFC80AE429F5E0C5A3.e.5536/click - {}
RESULT: {}
COMMAND: GET /session/f31953e55de2d70fb971a65264fe9e98/screenshot - {}
RESULT: {}
RESULT: undefined
COMMAND: POST /session/f31953e55de2d70fb971a65264fe9e98/element - {"using":"xpath","value":"//*[@id=\"application-managehandovers-display-component---AddNewHO--popup-sa\"]"}
RESULT: {"using":"xpath","value":"//*[@id=\"application-managehandovers-display-component---AddNewHO--popup-sa\"]"}
COMMAND: POST /session/f31953e55de2d70fb971a65264fe9e98/element/f.64D82B69FC2678D0F29344912A345B1C.d.EDDF21BCD81DD3EFC80AE429F5E0C5A3.e.5551/click - {}
RESULT: {}
COMMAND: GET /session/f31953e55de2d70fb971a65264fe9e98/screenshot - {}
RESULT: {}
COMMAND: POST /session/f31953e55de2d70fb971a65264fe9e98/element - {"using":"xpath","value":"//*[contains(@id ,\"BDI-content\")][contains(text(), \"Select\")]"}
RESULT: {"using":"xpath","value":"//*[contains(@id ,\"BDI-content\")][contains(text(), \"Select\")]"}
COMMAND: POST /session/f31953e55de2d70fb971a65264fe9e98/element/f.64D82B69FC2678D0F29344912A345B1C.d.EDDF21BCD81DD3EFC80AE429F5E0C5A3.e.5553/click - {}
RESULT: {}
COMMAND: GET /session/f31953e55de2d70fb971a65264fe9e98/screenshot - {}
RESULT: {}
COMMAND: POST /session/f31953e55de2d70fb971a65264fe9e98/execute/async - {"script":"<script> [1562 bytes]","args":[{"selector":{"id":"application-managehandovers-display-component---AddNewHO--confirmCreationButton","interaction":{"idSuffix":"BDI-content"}},"wdio_ui5_key":"applicationmanagehandovers-display-component---AddNewHO--confirmCreationButton"}]}
RESULT: {"script":"<script> [1562 bytes]","args":[{"selector":{"id":"application-managehandovers-display-component---AddNewHO--confirmCreationButton","interaction":{"idSuffix":"BDI-content"}},"wdio_ui5_key":"applicationmanagehandovers-display-component---AddNewHO--confirmCreationButton"}]}
RESULT: undefined
COMMAND: POST /session/f31953e55de2d70fb971a65264fe9e98/element - {"using":"xpath","value":"//*[@id=\"application-managehandovers-display-component---AddNewHO--confirmCreationButton\"]"}
RESULT: {"using":"xpath","value":"//*[@id=\"application-managehandovers-display-component---AddNewHO--confirmCreationButton\"]"}
COMMAND: POST /session/f31953e55de2d70fb971a65264fe9e98/element/f.64D82B69FC2678D0F29344912A345B1C.d.EDDF21BCD81DD3EFC80AE429F5E0C5A3.e.5485/click - {}
RESULT: {}
COMMAND: GET /session/f31953e55de2d70fb971a65264fe9e98/screenshot - {}
RESULT: {}
COMMAND: POST /session/f31953e55de2d70fb971a65264fe9e98/execute/async - {"script":"<script> [1562 bytes]","args":[{"selector":{"id":"issueDatePicker","viewName":"etm.portal.ui.managehandovers.view.DetailExecuteHO","interaction":{"idSuffix":"inner"}},"wdio_ui5_key":"issueDatePickeretmportal.ui.managehandovers.view.DetailExecuteHO"}]}
RESULT: {"script":"<script> [1562 bytes]","args":[{"selector":{"id":"issueDatePicker","viewName":"etm.portal.ui.managehandovers.view.DetailExecuteHO","interaction":{"idSuffix":"inner"}},"wdio_ui5_key":"issueDatePickeretmportal.ui.managehandovers.view.DetailExecuteHO"}]}
RESULT: undefined
COMMAND: POST /session/f31953e55de2d70fb971a65264fe9e98/execute/async - {"script":"<script> [776 bytes]","args":[{"enterText":"5/20/25","selector":{"id":"issueDatePicker","viewName":"etm.portal.ui.managehandovers.view.DetailExecuteHO","interaction":{"idSuffix":"inner"}},"clearTextFirst":true,"interactionType":"ENTER_TEXT"}]}
RESULT: {"script":"<script> [776 bytes]","args":[{"enterText":"5/20/25","selector":{"id":"issueDatePicker","viewName":"etm.portal.ui.managehandovers.view.DetailExecuteHO","interaction":{"idSuffix":"inner"}},"clearTextFirst":true,"interactionType":"ENTER_TEXT"}]}
COMMAND: POST /session/f31953e55de2d70fb971a65264fe9e98/element - {"using":"xpath","value":"//bdi[contains(text(), \"OK\")]"}
RESULT: {"using":"xpath","value":"//bdi[contains(text(), \"OK\")]"}
COMMAND: POST /session/f31953e55de2d70fb971a65264fe9e98/element/f.64D82B69FC2678D0F29344912A345B1C.d.EDDF21BCD81DD3EFC80AE429F5E0C5A3.e.5604/click - {}
RESULT: {}
COMMAND: GET /session/f31953e55de2d70fb971a65264fe9e98/screenshot - {}
RESULT: {}
COMMAND: POST /session/f31953e55de2d70fb971a65264fe9e98/element - {"using":"xpath","value":"//button[@data-kt=\"PickingTableConfirmAllButton\"]"}
RESULT: {"using":"xpath","value":"//button[@data-kt=\"PickingTableConfirmAllButton\"]"}
COMMAND: POST /session/f31953e55de2d70fb971a65264fe9e98/element/f.64D82B69FC2678D0F29344912A345B1C.d.EDDF21BCD81DD3EFC80AE429F5E0C5A3.e.5610/click - {}
RESULT: {}
COMMAND: GET /session/f31953e55de2d70fb971a65264fe9e98/screenshot - {}
RESULT: {}
COMMAND: POST /session/f31953e55de2d70fb971a65264fe9e98/element - {"using":"xpath","value":"//bdi[contains(text(), \"OK\")]"}
RESULT: {"using":"xpath","value":"//bdi[contains(text(), \"OK\")]"}
COMMAND: POST /session/f31953e55de2d70fb971a65264fe9e98/element/f.64D82B69FC2678D0F29344912A345B1C.d.EDDF21BCD81DD3EFC80AE429F5E0C5A3.e.5613/click - {}
RESULT: {}
COMMAND: GET /session/f31953e55de2d70fb971a65264fe9e98/screenshot - {}
RESULT: {}
COMMAND: POST /session/f31953e55de2d70fb971a65264fe9e98/element - {"using":"xpath","value":"//bdi[contains(text(), \"Issue\")]"}
RESULT: {"using":"xpath","value":"//bdi[contains(text(), \"Issue\")]"}
COMMAND: POST /session/f31953e55de2d70fb971a65264fe9e98/element/f.64D82B69FC2678D0F29344912A345B1C.d.EDDF21BCD81DD3EFC80AE429F5E0C5A3.e.5615/click - {}
RESULT: {}
COMMAND: GET /session/f31953e55de2d70fb971a65264fe9e98/screenshot - {}
RESULT: {}
COMMAND: POST /session/f31953e55de2d70fb971a65264fe9e98/element - {"using":"css selector","value":"#shell-header-logo"}
RESULT: {"using":"css selector","value":"#shell-header-logo"}
COMMAND: POST /session/f31953e55de2d70fb971a65264fe9e98/element/f.64D82B69FC2678D0F29344912A345B1C.d.EDDF21BCD81DD3EFC80AE429F5E0C5A3.e.4742/click - {}
RESULT: {}
COMMAND: GET /session/f31953e55de2d70fb971a65264fe9e98/screenshot - {}
RESULT: {}
]]></system-out>
    </testcase>
    <testcase classname="chrome.136_0_7103_93.windows.Billing_Transfer_-_Master_data_&amp;_Intercompany_US127250" name="Should go navigate to Manage Billings and trigger contract calculation check result" time="65.943">
      <system-out><![CDATA[
COMMAND: POST /session/f31953e55de2d70fb971a65264fe9e98/execute/async - {"script":"<script> [1562 bytes]","args":[{"selector":{"controlType":"sap.m.GenericTile","properties":{"header":"Manage Billings"}},"wdio_ui5_key":"sapm.GenericTile{\"header\":\"Manage Billings\"}"}]}
RESULT: {"script":"<script> [1562 bytes]","args":[{"selector":{"controlType":"sap.m.GenericTile","properties":{"header":"Manage Billings"}},"wdio_ui5_key":"sapm.GenericTile{\"header\":\"Manage Billings\"}"}]}
RESULT: undefined
COMMAND: POST /session/f31953e55de2d70fb971a65264fe9e98/element - {"using":"xpath","value":"//*[@id=\"__tile91\"]"}
RESULT: {"using":"xpath","value":"//*[@id=\"__tile91\"]"}
COMMAND: POST /session/f31953e55de2d70fb971a65264fe9e98/element/f.64D82B69FC2678D0F29344912A345B1C.d.EDDF21BCD81DD3EFC80AE429F5E0C5A3.e.2638/click - {}
RESULT: {}
COMMAND: GET /session/f31953e55de2d70fb971a65264fe9e98/screenshot - {}
RESULT: {}
COMMAND: POST /session/f31953e55de2d70fb971a65264fe9e98/elements - {"using":"xpath","value":"//span[text()='Error']"}
RESULT: {"using":"xpath","value":"//span[text()='Error']"}
COMMAND: POST /session/f31953e55de2d70fb971a65264fe9e98/execute/async - {"script":"<script> [1562 bytes]","args":[{"selector":{"id":"application-managebillings-display-component---billRunCalcResult--smartFilterBar-btnBasicSearch","interaction":{"idSuffix":"I"}},"wdio_ui5_key":"applicationmanagebillings-display-component---billRunCalcResult--smartFilterBar-btnBasicSearch"}]}
RESULT: {"script":"<script> [1562 bytes]","args":[{"selector":{"id":"application-managebillings-display-component---billRunCalcResult--smartFilterBar-btnBasicSearch","interaction":{"idSuffix":"I"}},"wdio_ui5_key":"applicationmanagebillings-display-component---billRunCalcResult--smartFilterBar-btnBasicSearch"}]}
RESULT: undefined
COMMAND: POST /session/f31953e55de2d70fb971a65264fe9e98/execute/async - {"script":"<script> [776 bytes]","args":[{"enterText":"10436","selector":{"id":"application-managebillings-display-component---billRunCalcResult--smartFilterBar-btnBasicSearch","interaction":{"idSuffix":"I"}},"clearTextFirst":true,"interactionType":"ENTER_TEXT"}]}
RESULT: {"script":"<script> [776 bytes]","args":[{"enterText":"10436","selector":{"id":"application-managebillings-display-component---billRunCalcResult--smartFilterBar-btnBasicSearch","interaction":{"idSuffix":"I"}},"clearTextFirst":true,"interactionType":"ENTER_TEXT"}]}
COMMAND: POST /session/f31953e55de2d70fb971a65264fe9e98/actions - {"actions":[{"id":"action20","type":"key","parameters":{},"actions":[{"type":"keyDown","value":"î€‡"},{"type":"pause","duration":10},{"type":"keyUp","value":"î€‡"}]}]}
RESULT: {"actions":[{"id":"action20","type":"key","parameters":{},"actions":[{"type":"keyDown","value":"î€‡"},{"type":"pause","duration":10},{"type":"keyUp","value":"î€‡"}]}]}
COMMAND: GET /session/f31953e55de2d70fb971a65264fe9e98/screenshot - {}
RESULT: {}
COMMAND: POST /session/f31953e55de2d70fb971a65264fe9e98/element - {"using":"xpath","value":"//td[@aria-colindex=\"1\"]/div/div[contains(@class, \"sapMCbBg\")]"}
RESULT: {"using":"xpath","value":"//td[@aria-colindex=\"1\"]/div/div[contains(@class, \"sapMCbBg\")]"}
COMMAND: POST /session/f31953e55de2d70fb971a65264fe9e98/element/f.64D82B69FC2678D0F29344912A345B1C.d.EDDF21BCD81DD3EFC80AE429F5E0C5A3.e.6006/click - {}
RESULT: {}
COMMAND: GET /session/f31953e55de2d70fb971a65264fe9e98/screenshot - {}
RESULT: {}
COMMAND: POST /session/f31953e55de2d70fb971a65264fe9e98/execute/async - {"script":"<script> [1562 bytes]","args":[{"selector":{"id":"application-managebillings-display-component---billRunCalcResult--contractBillRunDate","interaction":{"idSuffix":"inner"}},"wdio_ui5_key":"applicationmanagebillings-display-component---billRunCalcResult--contractBillRunDate"}]}
RESULT: {"script":"<script> [1562 bytes]","args":[{"selector":{"id":"application-managebillings-display-component---billRunCalcResult--contractBillRunDate","interaction":{"idSuffix":"inner"}},"wdio_ui5_key":"applicationmanagebillings-display-component---billRunCalcResult--contractBillRunDate"}]}
RESULT: undefined
COMMAND: POST /session/f31953e55de2d70fb971a65264fe9e98/execute/async - {"script":"<script> [776 bytes]","args":[{"enterText":"6/20/25","selector":{"id":"application-managebillings-display-component---billRunCalcResult--contractBillRunDate","interaction":{"idSuffix":"inner"}},"clearTextFirst":true,"interactionType":"ENTER_TEXT"}]}
RESULT: {"script":"<script> [776 bytes]","args":[{"enterText":"6/20/25","selector":{"id":"application-managebillings-display-component---billRunCalcResult--contractBillRunDate","interaction":{"idSuffix":"inner"}},"clearTextFirst":true,"interactionType":"ENTER_TEXT"}]}
COMMAND: POST /session/f31953e55de2d70fb971a65264fe9e98/element - {"using":"xpath","value":"//bdi[contains(text(), \"Trigger Calculation\")]"}
RESULT: {"using":"xpath","value":"//bdi[contains(text(), \"Trigger Calculation\")]"}
COMMAND: POST /session/f31953e55de2d70fb971a65264fe9e98/element/f.64D82B69FC2678D0F29344912A345B1C.d.EDDF21BCD81DD3EFC80AE429F5E0C5A3.e.6056/click - {}
RESULT: {}
COMMAND: GET /session/f31953e55de2d70fb971a65264fe9e98/screenshot - {}
RESULT: {}
COMMAND: POST /session/f31953e55de2d70fb971a65264fe9e98/element - {"using":"xpath","value":"(//span[contains(@id, \"imgNav\")])[1]"}
RESULT: {"using":"xpath","value":"(//span[contains(@id, \"imgNav\")])[1]"}
COMMAND: POST /session/f31953e55de2d70fb971a65264fe9e98/element/f.64D82B69FC2678D0F29344912A345B1C.d.EDDF21BCD81DD3EFC80AE429F5E0C5A3.e.6007/click - {}
RESULT: {}
COMMAND: GET /session/f31953e55de2d70fb971a65264fe9e98/screenshot - {}
RESULT: {}
COMMAND: POST /session/f31953e55de2d70fb971a65264fe9e98/element - {"using":"xpath","value":"//tr/td[6]/div[1]/span[1]/span[1]"}
RESULT: {"using":"xpath","value":"//tr/td[6]/div[1]/span[1]/span[1]"}
COMMAND: GET /session/f31953e55de2d70fb971a65264fe9e98/element/f.64D82B69FC2678D0F29344912A345B1C.d.EDDF21BCD81DD3EFC80AE429F5E0C5A3.e.6060/text - {}
RESULT: {}
COMMAND: POST /session/f31953e55de2d70fb971a65264fe9e98/element - {"using":"xpath","value":"(//span[contains(@id, \"imgNav\")])[2]"}
RESULT: {"using":"xpath","value":"(//span[contains(@id, \"imgNav\")])[2]"}
COMMAND: POST /session/f31953e55de2d70fb971a65264fe9e98/element/f.64D82B69FC2678D0F29344912A345B1C.d.EDDF21BCD81DD3EFC80AE429F5E0C5A3.e.6061/click - {}
RESULT: {}
COMMAND: POST /session/f31953e55de2d70fb971a65264fe9e98/element - {"using":"xpath","value":"//bdi[contains(text(), \"Business Confirm\")]"}
COMMAND: GET /session/f31953e55de2d70fb971a65264fe9e98/screenshot - {}
RESULT: {"using":"xpath","value":"//bdi[contains(text(), \"Business Confirm\")]"}
COMMAND: POST /session/f31953e55de2d70fb971a65264fe9e98/elements - {"using":"xpath","value":"//bdi[contains(text(), \"Business Confirm\")]"}
RESULT: {}
RESULT: {"using":"xpath","value":"//bdi[contains(text(), \"Business Confirm\")]"}
COMMAND: POST /session/f31953e55de2d70fb971a65264fe9e98/element - {"using":"xpath","value":"//bdi[contains(text(), \"Business Confirm\")]"}
RESULT: {"using":"xpath","value":"//bdi[contains(text(), \"Business Confirm\")]"}
COMMAND: POST /session/f31953e55de2d70fb971a65264fe9e98/element/f.64D82B69FC2678D0F29344912A345B1C.d.EDDF21BCD81DD3EFC80AE429F5E0C5A3.e.6111/click - {}
RESULT: {}
COMMAND: POST /session/f31953e55de2d70fb971a65264fe9e98/element - {"using":"css selector","value":"#shell-header-logo"}
COMMAND: GET /session/f31953e55de2d70fb971a65264fe9e98/screenshot - {}
RESULT: {"using":"css selector","value":"#shell-header-logo"}
COMMAND: POST /session/f31953e55de2d70fb971a65264fe9e98/element/f.64D82B69FC2678D0F29344912A345B1C.d.EDDF21BCD81DD3EFC80AE429F5E0C5A3.e.5805/click - {}
RESULT: {}
RESULT: {}
COMMAND: GET /session/f31953e55de2d70fb971a65264fe9e98/screenshot - {}
RESULT: {}
]]></system-out>
    </testcase>
    <testcase classname="chrome.136_0_7103_93.windows.Billing_Transfer_-_Master_data_&amp;_Intercompany_US127250" name="Should do Billing Transfer all the way into invoice open for intercompany case" time="83.662">
      <system-out><![CDATA[
COMMAND: POST /session/f31953e55de2d70fb971a65264fe9e98/execute/async - {"script":"<script> [1562 bytes]","args":[{"selector":{"controlType":"sap.m.GenericTile","properties":{"header":"Billing Transfer"}},"wdio_ui5_key":"sapm.GenericTile{\"header\":\"Billing Transfer\"}"}]}
RESULT: {"script":"<script> [1562 bytes]","args":[{"selector":{"controlType":"sap.m.GenericTile","properties":{"header":"Billing Transfer"}},"wdio_ui5_key":"sapm.GenericTile{\"header\":\"Billing Transfer\"}"}]}
RESULT: undefined
COMMAND: POST /session/f31953e55de2d70fb971a65264fe9e98/element - {"using":"xpath","value":"//*[@id=\"__tile90\"]"}
RESULT: {"using":"xpath","value":"//*[@id=\"__tile90\"]"}
COMMAND: POST /session/f31953e55de2d70fb971a65264fe9e98/element/f.64D82B69FC2678D0F29344912A345B1C.d.EDDF21BCD81DD3EFC80AE429F5E0C5A3.e.2635/click - {}
RESULT: {}
COMMAND: GET /session/f31953e55de2d70fb971a65264fe9e98/screenshot - {}
RESULT: {}
COMMAND: POST /session/f31953e55de2d70fb971a65264fe9e98/elements - {"using":"xpath","value":"//span[text()='Error']"}
RESULT: {"using":"xpath","value":"//span[text()='Error']"}
COMMAND: POST /session/f31953e55de2d70fb971a65264fe9e98/element - {"using":"xpath","value":"//input[contains(@id ,\"application-billingtransfer-display-component---billingWorkbench--smartFilterBar-btnBasicSearch\")]"}
RESULT: {"using":"xpath","value":"//input[contains(@id ,\"application-billingtransfer-display-component---billingWorkbench--smartFilterBar-btnBasicSearch\")]"}
COMMAND: POST /session/f31953e55de2d70fb971a65264fe9e98/elements - {"using":"xpath","value":"//input[contains(@id ,\"application-billingtransfer-display-component---billingWorkbench--smartFilterBar-btnBasicSearch\")]"}
RESULT: {"using":"xpath","value":"//input[contains(@id ,\"application-billingtransfer-display-component---billingWorkbench--smartFilterBar-btnBasicSearch\")]"}
COMMAND: POST /session/f31953e55de2d70fb971a65264fe9e98/execute/sync - {"script":"<script> [8489 bytes]","args":[{"element-6066-11e4-a52e-4f735466cecf":"f.64D82B69FC2678D0F29344912A345B1C.d.EDDF21BCD81DD3EFC80AE429F5E0C5A3.e.6123","ELEMENT":"f.64D82B69FC2678D0F29344912A345B1C.d.EDDF21BCD81DD3EFC80AE429F5E0C5A3.e.6123"}]}
RESULT: {"script":"<script> [8489 bytes]","args":[{"element-6066-11e4-a52e-4f735466cecf":"f.64D82B69FC2678D0F29344912A345B1C.d.EDDF21BCD81DD3EFC80AE429F5E0C5A3.e.6123","ELEMENT":"f.64D82B69FC2678D0F29344912A345B1C.d.EDDF21BCD81DD3EFC80AE429F5E0C5A3.e.6123"}]}
COMMAND: GET /session/f31953e55de2d70fb971a65264fe9e98/element/f.64D82B69FC2678D0F29344912A345B1C.d.EDDF21BCD81DD3EFC80AE429F5E0C5A3.e.6123/enabled - {}
COMMAND: GET /session/f31953e55de2d70fb971a65264fe9e98/screenshot - {}
RESULT: {}
COMMAND: POST /session/f31953e55de2d70fb971a65264fe9e98/element/f.64D82B69FC2678D0F29344912A345B1C.d.EDDF21BCD81DD3EFC80AE429F5E0C5A3.e.6123/click - {}
COMMAND: GET /session/f31953e55de2d70fb971a65264fe9e98/screenshot - {}
RESULT: {}
RESULT: {}
COMMAND: GET /session/f31953e55de2d70fb971a65264fe9e98/screenshot - {}
RESULT: {}
RESULT: {}
COMMAND: POST /session/f31953e55de2d70fb971a65264fe9e98/element/f.64D82B69FC2678D0F29344912A345B1C.d.EDDF21BCD81DD3EFC80AE429F5E0C5A3.e.6123/clear - {}
RESULT: {}
COMMAND: POST /session/f31953e55de2d70fb971a65264fe9e98/element/f.64D82B69FC2678D0F29344912A345B1C.d.EDDF21BCD81DD3EFC80AE429F5E0C5A3.e.6123/value - {"text":"10436"}
COMMAND: GET /session/f31953e55de2d70fb971a65264fe9e98/screenshot - {}
RESULT: {"text":"10436"}
COMMAND: POST /session/f31953e55de2d70fb971a65264fe9e98/actions - {"actions":[{"id":"action21","type":"key","parameters":{},"actions":[{"type":"keyDown","value":"î€‡"},{"type":"pause","duration":10},{"type":"keyUp","value":"î€‡"}]}]}
COMMAND: GET /session/f31953e55de2d70fb971a65264fe9e98/screenshot - {}
RESULT: {}
RESULT: {"actions":[{"id":"action21","type":"key","parameters":{},"actions":[{"type":"keyDown","value":"î€‡"},{"type":"pause","duration":10},{"type":"keyUp","value":"î€‡"}]}]}
COMMAND: GET /session/f31953e55de2d70fb971a65264fe9e98/screenshot - {}
RESULT: {}
RESULT: {}
COMMAND: POST /session/f31953e55de2d70fb971a65264fe9e98/element - {"using":"xpath","value":"//span[contains(@id ,\"application-billingtransfer-display-component---billingWorkbench--smartTableBillingRuns-header-inner\")]"}
RESULT: {"using":"xpath","value":"//span[contains(@id ,\"application-billingtransfer-display-component---billingWorkbench--smartTableBillingRuns-header-inner\")]"}
COMMAND: POST /session/f31953e55de2d70fb971a65264fe9e98/elements - {"using":"xpath","value":"//span[contains(@id ,\"application-billingtransfer-display-component---billingWorkbench--smartTableBillingRuns-header-inner\")]"}
RESULT: {"using":"xpath","value":"//span[contains(@id ,\"application-billingtransfer-display-component---billingWorkbench--smartTableBillingRuns-header-inner\")]"}
COMMAND: POST /session/f31953e55de2d70fb971a65264fe9e98/execute/sync - {"script":"<script> [56 bytes]","args":[{"element-6066-11e4-a52e-4f735466cecf":"f.64D82B69FC2678D0F29344912A345B1C.d.EDDF21BCD81DD3EFC80AE429F5E0C5A3.e.6294","ELEMENT":"f.64D82B69FC2678D0F29344912A345B1C.d.EDDF21BCD81DD3EFC80AE429F5E0C5A3.e.6294"}]}
RESULT: {"script":"<script> [56 bytes]","args":[{"element-6066-11e4-a52e-4f735466cecf":"f.64D82B69FC2678D0F29344912A345B1C.d.EDDF21BCD81DD3EFC80AE429F5E0C5A3.e.6294","ELEMENT":"f.64D82B69FC2678D0F29344912A345B1C.d.EDDF21BCD81DD3EFC80AE429F5E0C5A3.e.6294"}]}
COMMAND: POST /session/f31953e55de2d70fb971a65264fe9e98/element - {"using":"xpath","value":"//td[@aria-colindex=\"1\"]/div/div[contains(@class, \"sapMCbBg\")]"}
COMMAND: GET /session/f31953e55de2d70fb971a65264fe9e98/screenshot - {}
RESULT: {"using":"xpath","value":"//td[@aria-colindex=\"1\"]/div/div[contains(@class, \"sapMCbBg\")]"}
COMMAND: POST /session/f31953e55de2d70fb971a65264fe9e98/element/f.64D82B69FC2678D0F29344912A345B1C.d.EDDF21BCD81DD3EFC80AE429F5E0C5A3.e.6238/click - {}
RESULT: {}
RESULT: {}
COMMAND: GET /session/f31953e55de2d70fb971a65264fe9e98/screenshot - {}
RESULT: {}
COMMAND: POST /session/f31953e55de2d70fb971a65264fe9e98/element - {"using":"xpath","value":"//bdi[contains(text(), \"Check\")]"}
RESULT: {"using":"xpath","value":"//bdi[contains(text(), \"Check\")]"}
COMMAND: POST /session/f31953e55de2d70fb971a65264fe9e98/element/f.64D82B69FC2678D0F29344912A345B1C.d.EDDF21BCD81DD3EFC80AE429F5E0C5A3.e.6295/click - {}
RESULT: {}
COMMAND: GET /session/f31953e55de2d70fb971a65264fe9e98/screenshot - {}
RESULT: {}
COMMAND: POST /session/f31953e55de2d70fb971a65264fe9e98/element - {"using":"xpath","value":"//bdi[contains(text(), \"OK\")]"}
RESULT: {"using":"xpath","value":"//bdi[contains(text(), \"OK\")]"}
COMMAND: POST /session/f31953e55de2d70fb971a65264fe9e98/element/f.64D82B69FC2678D0F29344912A345B1C.d.EDDF21BCD81DD3EFC80AE429F5E0C5A3.e.6299/click - {}
RESULT: {}
COMMAND: GET /session/f31953e55de2d70fb971a65264fe9e98/screenshot - {}
RESULT: {}
COMMAND: POST /session/f31953e55de2d70fb971a65264fe9e98/element - {"using":"xpath","value":"(//span[contains(text(), \"CO/SD checked\")]/parent::div/preceding-sibling::div/span)[1]"}
RESULT: {"using":"xpath","value":"(//span[contains(text(), \"CO/SD checked\")]/parent::div/preceding-sibling::div/span)[1]"}
COMMAND: POST /session/f31953e55de2d70fb971a65264fe9e98/element/f.64D82B69FC2678D0F29344912A345B1C.d.EDDF21BCD81DD3EFC80AE429F5E0C5A3.e.6301/click - {}
RESULT: {}
COMMAND: GET /session/f31953e55de2d70fb971a65264fe9e98/screenshot - {}
RESULT: {}
COMMAND: POST /session/f31953e55de2d70fb971a65264fe9e98/element - {"using":"xpath","value":"//input[contains(@id ,\"application-billingtransfer-display-component---billingWorkbench--smartFilterBar-btnBasicSearch\")]"}
RESULT: {"using":"xpath","value":"//input[contains(@id ,\"application-billingtransfer-display-component---billingWorkbench--smartFilterBar-btnBasicSearch\")]"}
COMMAND: POST /session/f31953e55de2d70fb971a65264fe9e98/elements - {"using":"xpath","value":"//input[contains(@id ,\"application-billingtransfer-display-component---billingWorkbench--smartFilterBar-btnBasicSearch\")]"}
RESULT: {"using":"xpath","value":"//input[contains(@id ,\"application-billingtransfer-display-component---billingWorkbench--smartFilterBar-btnBasicSearch\")]"}
COMMAND: POST /session/f31953e55de2d70fb971a65264fe9e98/execute/sync - {"script":"<script> [8489 bytes]","args":[{"element-6066-11e4-a52e-4f735466cecf":"f.64D82B69FC2678D0F29344912A345B1C.d.EDDF21BCD81DD3EFC80AE429F5E0C5A3.e.6123","ELEMENT":"f.64D82B69FC2678D0F29344912A345B1C.d.EDDF21BCD81DD3EFC80AE429F5E0C5A3.e.6123"}]}
RESULT: {"script":"<script> [8489 bytes]","args":[{"element-6066-11e4-a52e-4f735466cecf":"f.64D82B69FC2678D0F29344912A345B1C.d.EDDF21BCD81DD3EFC80AE429F5E0C5A3.e.6123","ELEMENT":"f.64D82B69FC2678D0F29344912A345B1C.d.EDDF21BCD81DD3EFC80AE429F5E0C5A3.e.6123"}]}
COMMAND: GET /session/f31953e55de2d70fb971a65264fe9e98/element/f.64D82B69FC2678D0F29344912A345B1C.d.EDDF21BCD81DD3EFC80AE429F5E0C5A3.e.6123/enabled - {}
COMMAND: GET /session/f31953e55de2d70fb971a65264fe9e98/screenshot - {}
RESULT: {}
COMMAND: POST /session/f31953e55de2d70fb971a65264fe9e98/element/f.64D82B69FC2678D0F29344912A345B1C.d.EDDF21BCD81DD3EFC80AE429F5E0C5A3.e.6123/click - {}
COMMAND: GET /session/f31953e55de2d70fb971a65264fe9e98/screenshot - {}
RESULT: {}
RESULT: {}
COMMAND: GET /session/f31953e55de2d70fb971a65264fe9e98/screenshot - {}
RESULT: {}
RESULT: {}
COMMAND: POST /session/f31953e55de2d70fb971a65264fe9e98/element/f.64D82B69FC2678D0F29344912A345B1C.d.EDDF21BCD81DD3EFC80AE429F5E0C5A3.e.6123/clear - {}
RESULT: {}
COMMAND: POST /session/f31953e55de2d70fb971a65264fe9e98/element/f.64D82B69FC2678D0F29344912A345B1C.d.EDDF21BCD81DD3EFC80AE429F5E0C5A3.e.6123/value - {"text":"10436"}
COMMAND: GET /session/f31953e55de2d70fb971a65264fe9e98/screenshot - {}
RESULT: {"text":"10436"}
COMMAND: POST /session/f31953e55de2d70fb971a65264fe9e98/actions - {"actions":[{"id":"action22","type":"key","parameters":{},"actions":[{"type":"keyDown","value":"î€‡"},{"type":"pause","duration":10},{"type":"keyUp","value":"î€‡"}]}]}
COMMAND: GET /session/f31953e55de2d70fb971a65264fe9e98/screenshot - {}
RESULT: {}
RESULT: {"actions":[{"id":"action22","type":"key","parameters":{},"actions":[{"type":"keyDown","value":"î€‡"},{"type":"pause","duration":10},{"type":"keyUp","value":"î€‡"}]}]}
COMMAND: GET /session/f31953e55de2d70fb971a65264fe9e98/screenshot - {}
RESULT: {}
RESULT: {}
COMMAND: POST /session/f31953e55de2d70fb971a65264fe9e98/element - {"using":"xpath","value":"//span[contains(@id ,\"application-billingtransfer-display-component---billingWorkbench--smartTableBillingRuns-header-inner\")]"}
RESULT: {"using":"xpath","value":"//span[contains(@id ,\"application-billingtransfer-display-component---billingWorkbench--smartTableBillingRuns-header-inner\")]"}
COMMAND: POST /session/f31953e55de2d70fb971a65264fe9e98/elements - {"using":"xpath","value":"//span[contains(@id ,\"application-billingtransfer-display-component---billingWorkbench--smartTableBillingRuns-header-inner\")]"}
RESULT: {"using":"xpath","value":"//span[contains(@id ,\"application-billingtransfer-display-component---billingWorkbench--smartTableBillingRuns-header-inner\")]"}
COMMAND: POST /session/f31953e55de2d70fb971a65264fe9e98/execute/sync - {"script":"<script> [56 bytes]","args":[{"element-6066-11e4-a52e-4f735466cecf":"f.64D82B69FC2678D0F29344912A345B1C.d.EDDF21BCD81DD3EFC80AE429F5E0C5A3.e.6294","ELEMENT":"f.64D82B69FC2678D0F29344912A345B1C.d.EDDF21BCD81DD3EFC80AE429F5E0C5A3.e.6294"}]}
RESULT: {"script":"<script> [56 bytes]","args":[{"element-6066-11e4-a52e-4f735466cecf":"f.64D82B69FC2678D0F29344912A345B1C.d.EDDF21BCD81DD3EFC80AE429F5E0C5A3.e.6294","ELEMENT":"f.64D82B69FC2678D0F29344912A345B1C.d.EDDF21BCD81DD3EFC80AE429F5E0C5A3.e.6294"}]}
COMMAND: POST /session/f31953e55de2d70fb971a65264fe9e98/element - {"using":"xpath","value":"//td[@aria-colindex=\"1\"]/div/div[contains(@class, \"sapMCbBg\")]"}
COMMAND: GET /session/f31953e55de2d70fb971a65264fe9e98/screenshot - {}
RESULT: {"using":"xpath","value":"//td[@aria-colindex=\"1\"]/div/div[contains(@class, \"sapMCbBg\")]"}
COMMAND: POST /session/f31953e55de2d70fb971a65264fe9e98/element/f.64D82B69FC2678D0F29344912A345B1C.d.EDDF21BCD81DD3EFC80AE429F5E0C5A3.e.6306/click - {}
RESULT: {}
RESULT: {}
COMMAND: GET /session/f31953e55de2d70fb971a65264fe9e98/screenshot - {}
RESULT: {}
COMMAND: POST /session/f31953e55de2d70fb971a65264fe9e98/element - {"using":"xpath","value":"//bdi[text()=\"Transfer\"]"}
RESULT: {"using":"xpath","value":"//bdi[text()=\"Transfer\"]"}
COMMAND: POST /session/f31953e55de2d70fb971a65264fe9e98/element/f.64D82B69FC2678D0F29344912A345B1C.d.EDDF21BCD81DD3EFC80AE429F5E0C5A3.e.6307/click - {}
RESULT: {}
COMMAND: GET /session/f31953e55de2d70fb971a65264fe9e98/screenshot - {}
RESULT: {}
COMMAND: POST /session/f31953e55de2d70fb971a65264fe9e98/element - {"using":"xpath","value":"//bdi[contains(text(), \"OK\")]"}
RESULT: {"using":"xpath","value":"//bdi[contains(text(), \"OK\")]"}
COMMAND: POST /session/f31953e55de2d70fb971a65264fe9e98/element/f.64D82B69FC2678D0F29344912A345B1C.d.EDDF21BCD81DD3EFC80AE429F5E0C5A3.e.6310/click - {}
RESULT: {}
COMMAND: GET /session/f31953e55de2d70fb971a65264fe9e98/screenshot - {}
RESULT: {}
COMMAND: POST /session/f31953e55de2d70fb971a65264fe9e98/element - {"using":"xpath","value":"(//span[contains(text(), \"Invoice open\")]/parent::div/preceding-sibling::div/span)[1]"}
RESULT: {"using":"xpath","value":"(//span[contains(text(), \"Invoice open\")]/parent::div/preceding-sibling::div/span)[1]"}
COMMAND: POST /session/f31953e55de2d70fb971a65264fe9e98/element/f.64D82B69FC2678D0F29344912A345B1C.d.EDDF21BCD81DD3EFC80AE429F5E0C5A3.e.6318/click - {}
RESULT: {}
COMMAND: GET /session/f31953e55de2d70fb971a65264fe9e98/screenshot - {}
RESULT: {}
COMMAND: POST /session/f31953e55de2d70fb971a65264fe9e98/element - {"using":"xpath","value":"//input[contains(@id ,\"application-billingtransfer-display-component---billingWorkbench--smartFilterBar-btnBasicSearch\")]"}
RESULT: {"using":"xpath","value":"//input[contains(@id ,\"application-billingtransfer-display-component---billingWorkbench--smartFilterBar-btnBasicSearch\")]"}
COMMAND: POST /session/f31953e55de2d70fb971a65264fe9e98/elements - {"using":"xpath","value":"//input[contains(@id ,\"application-billingtransfer-display-component---billingWorkbench--smartFilterBar-btnBasicSearch\")]"}
RESULT: {"using":"xpath","value":"//input[contains(@id ,\"application-billingtransfer-display-component---billingWorkbench--smartFilterBar-btnBasicSearch\")]"}
COMMAND: POST /session/f31953e55de2d70fb971a65264fe9e98/execute/sync - {"script":"<script> [8489 bytes]","args":[{"element-6066-11e4-a52e-4f735466cecf":"f.64D82B69FC2678D0F29344912A345B1C.d.EDDF21BCD81DD3EFC80AE429F5E0C5A3.e.6123","ELEMENT":"f.64D82B69FC2678D0F29344912A345B1C.d.EDDF21BCD81DD3EFC80AE429F5E0C5A3.e.6123"}]}
RESULT: {"script":"<script> [8489 bytes]","args":[{"element-6066-11e4-a52e-4f735466cecf":"f.64D82B69FC2678D0F29344912A345B1C.d.EDDF21BCD81DD3EFC80AE429F5E0C5A3.e.6123","ELEMENT":"f.64D82B69FC2678D0F29344912A345B1C.d.EDDF21BCD81DD3EFC80AE429F5E0C5A3.e.6123"}]}
COMMAND: GET /session/f31953e55de2d70fb971a65264fe9e98/element/f.64D82B69FC2678D0F29344912A345B1C.d.EDDF21BCD81DD3EFC80AE429F5E0C5A3.e.6123/enabled - {}
COMMAND: GET /session/f31953e55de2d70fb971a65264fe9e98/screenshot - {}
RESULT: {}
COMMAND: POST /session/f31953e55de2d70fb971a65264fe9e98/element/f.64D82B69FC2678D0F29344912A345B1C.d.EDDF21BCD81DD3EFC80AE429F5E0C5A3.e.6123/click - {}
COMMAND: GET /session/f31953e55de2d70fb971a65264fe9e98/screenshot - {}
RESULT: {}
RESULT: {}
COMMAND: GET /session/f31953e55de2d70fb971a65264fe9e98/screenshot - {}
RESULT: {}
RESULT: {}
COMMAND: POST /session/f31953e55de2d70fb971a65264fe9e98/element/f.64D82B69FC2678D0F29344912A345B1C.d.EDDF21BCD81DD3EFC80AE429F5E0C5A3.e.6123/clear - {}
RESULT: {}
COMMAND: POST /session/f31953e55de2d70fb971a65264fe9e98/element/f.64D82B69FC2678D0F29344912A345B1C.d.EDDF21BCD81DD3EFC80AE429F5E0C5A3.e.6123/value - {"text":"10436"}
COMMAND: GET /session/f31953e55de2d70fb971a65264fe9e98/screenshot - {}
RESULT: {"text":"10436"}
COMMAND: POST /session/f31953e55de2d70fb971a65264fe9e98/actions - {"actions":[{"id":"action23","type":"key","parameters":{},"actions":[{"type":"keyDown","value":"î€‡"},{"type":"pause","duration":10},{"type":"keyUp","value":"î€‡"}]}]}
COMMAND: GET /session/f31953e55de2d70fb971a65264fe9e98/screenshot - {}
RESULT: {}
RESULT: {"actions":[{"id":"action23","type":"key","parameters":{},"actions":[{"type":"keyDown","value":"î€‡"},{"type":"pause","duration":10},{"type":"keyUp","value":"î€‡"}]}]}
COMMAND: GET /session/f31953e55de2d70fb971a65264fe9e98/screenshot - {}
RESULT: {}
RESULT: {}
COMMAND: POST /session/f31953e55de2d70fb971a65264fe9e98/element - {"using":"xpath","value":"//span[contains(@id ,\"application-billingtransfer-display-component---billingWorkbench--smartTableBillingRuns-header-inner\")]"}
RESULT: {"using":"xpath","value":"//span[contains(@id ,\"application-billingtransfer-display-component---billingWorkbench--smartTableBillingRuns-header-inner\")]"}
COMMAND: POST /session/f31953e55de2d70fb971a65264fe9e98/elements - {"using":"xpath","value":"//span[contains(@id ,\"application-billingtransfer-display-component---billingWorkbench--smartTableBillingRuns-header-inner\")]"}
RESULT: {"using":"xpath","value":"//span[contains(@id ,\"application-billingtransfer-display-component---billingWorkbench--smartTableBillingRuns-header-inner\")]"}
COMMAND: POST /session/f31953e55de2d70fb971a65264fe9e98/execute/sync - {"script":"<script> [56 bytes]","args":[{"element-6066-11e4-a52e-4f735466cecf":"f.64D82B69FC2678D0F29344912A345B1C.d.EDDF21BCD81DD3EFC80AE429F5E0C5A3.e.6294","ELEMENT":"f.64D82B69FC2678D0F29344912A345B1C.d.EDDF21BCD81DD3EFC80AE429F5E0C5A3.e.6294"}]}
RESULT: {"script":"<script> [56 bytes]","args":[{"element-6066-11e4-a52e-4f735466cecf":"f.64D82B69FC2678D0F29344912A345B1C.d.EDDF21BCD81DD3EFC80AE429F5E0C5A3.e.6294","ELEMENT":"f.64D82B69FC2678D0F29344912A345B1C.d.EDDF21BCD81DD3EFC80AE429F5E0C5A3.e.6294"}]}
COMMAND: POST /session/f31953e55de2d70fb971a65264fe9e98/element - {"using":"css selector","value":"#shell-header-logo"}
COMMAND: GET /session/f31953e55de2d70fb971a65264fe9e98/screenshot - {}
RESULT: {"using":"css selector","value":"#shell-header-logo"}
COMMAND: POST /session/f31953e55de2d70fb971a65264fe9e98/element/f.64D82B69FC2678D0F29344912A345B1C.d.EDDF21BCD81DD3EFC80AE429F5E0C5A3.e.6121/click - {}
RESULT: {}
RESULT: {}
COMMAND: GET /session/f31953e55de2d70fb971a65264fe9e98/screenshot - {}
RESULT: {}
COMMAND: POST /session/f31953e55de2d70fb971a65264fe9e98/element - {"using":"css selector","value":"#j_username"}
COMMAND: POST /session/f31953e55de2d70fb971a65264fe9e98/url - {"url":"https://qa-testing-00-live-etm-ui.cfapps.eu10-004.hana.ondemand.com/"}
RESULT: {"using":"css selector","value":"#j_username"}
COMMAND: POST /session/f31953e55de2d70fb971a65264fe9e98/element - {"using":"css selector","value":"#j_username"}
RESULT: {"url":"https://qa-testing-00-live-etm-ui.cfapps.eu10-004.hana.ondemand.com/"}
RESULT: undefined
COMMAND: GET /session/f31953e55de2d70fb971a65264fe9e98/screenshot - {}
RESULT: {"using":"css selector","value":"#j_username"}
COMMAND: POST /session/f31953e55de2d70fb971a65264fe9e98/element - {"using":"css selector","value":"#shell-header-logo"}
RESULT: {}
RESULT: {"using":"css selector","value":"#shell-header-logo"}
COMMAND: POST /session/f31953e55de2d70fb971a65264fe9e98/execute/sync - {"script":"<script> [8489 bytes]","args":[{"element-6066-11e4-a52e-4f735466cecf":"f.64D82B69FC2678D0F29344912A345B1C.d.21F93C0C28AB497F1B4E692B04672F0A.e.6335","ELEMENT":"f.64D82B69FC2678D0F29344912A345B1C.d.21F93C0C28AB497F1B4E692B04672F0A.e.6335"}]}
RESULT: {"script":"<script> [8489 bytes]","args":[{"element-6066-11e4-a52e-4f735466cecf":"f.64D82B69FC2678D0F29344912A345B1C.d.21F93C0C28AB497F1B4E692B04672F0A.e.6335","ELEMENT":"f.64D82B69FC2678D0F29344912A345B1C.d.21F93C0C28AB497F1B4E692B04672F0A.e.6335"}]}
COMMAND: POST /session/f31953e55de2d70fb971a65264fe9e98/element - {"using":"css selector","value":"#shell-header-logo"}
COMMAND: GET /session/f31953e55de2d70fb971a65264fe9e98/screenshot - {}
RESULT: {"using":"css selector","value":"#shell-header-logo"}
COMMAND: POST /session/f31953e55de2d70fb971a65264fe9e98/execute/sync - {"script":"<script> [8489 bytes]","args":[{"element-6066-11e4-a52e-4f735466cecf":"f.64D82B69FC2678D0F29344912A345B1C.d.21F93C0C28AB497F1B4E692B04672F0A.e.6335","ELEMENT":"f.64D82B69FC2678D0F29344912A345B1C.d.21F93C0C28AB497F1B4E692B04672F0A.e.6335"}]}
RESULT: {}
RESULT: {"script":"<script> [8489 bytes]","args":[{"element-6066-11e4-a52e-4f735466cecf":"f.64D82B69FC2678D0F29344912A345B1C.d.21F93C0C28AB497F1B4E692B04672F0A.e.6335","ELEMENT":"f.64D82B69FC2678D0F29344912A345B1C.d.21F93C0C28AB497F1B4E692B04672F0A.e.6335"}]}
COMMAND: POST /session/f31953e55de2d70fb971a65264fe9e98/execute/sync - {"script":"<script> [5351 bytes]","args":[{"element-6066-11e4-a52e-4f735466cecf":"f.64D82B69FC2678D0F29344912A345B1C.d.21F93C0C28AB497F1B4E692B04672F0A.e.6335","ELEMENT":"f.64D82B69FC2678D0F29344912A345B1C.d.21F93C0C28AB497F1B4E692B04672F0A.e.6335"}]}
COMMAND: GET /session/f31953e55de2d70fb971a65264fe9e98/screenshot - {}
RESULT: {"script":"<script> [5351 bytes]","args":[{"element-6066-11e4-a52e-4f735466cecf":"f.64D82B69FC2678D0F29344912A345B1C.d.21F93C0C28AB497F1B4E692B04672F0A.e.6335","ELEMENT":"f.64D82B69FC2678D0F29344912A345B1C.d.21F93C0C28AB497F1B4E692B04672F0A.e.6335"}]}
COMMAND: POST /session/f31953e55de2d70fb971a65264fe9e98/element - {"using":"css selector","value":"#shell-header-logo"}
COMMAND: GET /session/f31953e55de2d70fb971a65264fe9e98/screenshot - {}
RESULT: {}
RESULT: {"using":"css selector","value":"#shell-header-logo"}
COMMAND: POST /session/f31953e55de2d70fb971a65264fe9e98/element/f.64D82B69FC2678D0F29344912A345B1C.d.21F93C0C28AB497F1B4E692B04672F0A.e.6335/click - {}
RESULT: {}
RESULT: {}
COMMAND: GET /session/f31953e55de2d70fb971a65264fe9e98/screenshot - {}
RESULT: {}
COMMAND: POST /session/f31953e55de2d70fb971a65264fe9e98/execute/async - {"script":"<script> [189 bytes]","args":[]}
RESULT: {"script":"<script> [189 bytes]","args":[]}
COMMAND: POST /session/f31953e55de2d70fb971a65264fe9e98/execute/async - {"script":"<script> [123 bytes]","args":[]}
RESULT: {"script":"<script> [123 bytes]","args":[]}
COMMAND: POST /session/f31953e55de2d70fb971a65264fe9e98/timeouts - {"script":"<number>"}
RESULT: {"script":"<number>"}
COMMAND: GET /session/f31953e55de2d70fb971a65264fe9e98/timeouts - {}
RESULT: {}
RESULT: undefined
COMMAND: POST /session/f31953e55de2d70fb971a65264fe9e98/execute/async - {"script":"<script> [2676 bytes]","args":[]}
RESULT: {"script":"<script> [2676 bytes]","args":[]}
COMMAND: POST /session/f31953e55de2d70fb971a65264fe9e98/execute/async - {"script":"<script> [2342 bytes]","args":[{"protocol":"http","hostname":"0.0.0.0","path":"/","capabilities":{"browserName":"chrome","goog:chromeOptions":{"binary":"C:\\Program Files\\Google\\Chrome\\Application\\chrome.exe","args":["--start-maximized"]}},"logLevel":"warn","connectionRetryTimeout":120000,"connectionRetryCount":3,"logLevels":{},"enableDirectConnect":true,"strictSSL":true,"_":"65 more keys: [\"cacheDir\",\"port\",\"requestedCapabilities\",\"automationProtocol\",\"baseUrl\",\"waitforInterval\",\"waitforTimeout\",\"onReload\",\"beforeCommand\",\"afterCommand\",\"rootDir\",\"specs\",\"suites\",\"exclude\",\"groupLogsByTestSpec\",\"excludeDriverLogs\",\"bail\",\"framework\",\"reporters\",\"services\",\"maxInstances\",\"maxInstancesPerCapability\",\"injectGlobals\",\"filesToWatch\",\"execArgv\",\"runnerEnv\",\"runner\",\"shard\",\"specFileRetries\",\"specFileRetriesDelay\",\"specFileRetriesDeferred\",\"reporterSyncInterval\",\"reporterSyncTimeout\",\"cucumberFeaturesWithLineNumbers\",\"autoCompileOpts\",\"mochaOpts\",\"jasmineOpts\",\"cucumberOpts\",\"onPrepare\",\"onWorkerStart\",\"onWorkerEnd\",\"before\",\"beforeSession\",\"beforeSuite\",\"beforeHook\",\"beforeTest\",\"afterTest\",\"afterHook\",\"afterSuite\",\"afterSession\",\"after\",\"onComplete\",\"beforeAssertion\",\"afterAssertion\",\"beforeFeature\",\"beforeScenario\",\"beforeStep\",\"afterStep\",\"afterScenario\",\"afterFeature\",\"_\",\"suite\",\"$0\",\"ignoredWorkerServices\",\"wdi5\"]"}]}
RESULT: {"script":"<script> [2342 bytes]","args":[{"protocol":"http","hostname":"0.0.0.0","path":"/","capabilities":{"browserName":"chrome","goog:chromeOptions":{"binary":"C:\\Program Files\\Google\\Chrome\\Application\\chrome.exe","args":["--start-maximized"]}},"logLevel":"warn","connectionRetryTimeout":120000,"connectionRetryCount":3,"logLevels":{},"enableDirectConnect":true,"strictSSL":true,"_":"65 more keys: [\"cacheDir\",\"port\",\"requestedCapabilities\",\"automationProtocol\",\"baseUrl\",\"waitforInterval\",\"waitforTimeout\",\"onReload\",\"beforeCommand\",\"afterCommand\",\"rootDir\",\"specs\",\"suites\",\"exclude\",\"groupLogsByTestSpec\",\"excludeDriverLogs\",\"bail\",\"framework\",\"reporters\",\"services\",\"maxInstances\",\"maxInstancesPerCapability\",\"injectGlobals\",\"filesToWatch\",\"execArgv\",\"runnerEnv\",\"runner\",\"shard\",\"specFileRetries\",\"specFileRetriesDelay\",\"specFileRetriesDeferred\",\"reporterSyncInterval\",\"reporterSyncTimeout\",\"cucumberFeaturesWithLineNumbers\",\"autoCompileOpts\",\"mochaOpts\",\"jasmineOpts\",\"cucumberOpts\",\"onPrepare\",\"onWorkerStart\",\"onWorkerEnd\",\"before\",\"beforeSession\",\"beforeSuite\",\"beforeHook\",\"beforeTest\",\"afterTest\",\"afterHook\",\"afterSuite\",\"afterSession\",\"after\",\"onComplete\",\"beforeAssertion\",\"afterAssertion\",\"beforeFeature\",\"beforeScenario\",\"beforeStep\",\"afterStep\",\"afterScenario\",\"afterFeature\",\"_\",\"suite\",\"$0\",\"ignoredWorkerServices\",\"wdi5\"]"}]}
COMMAND: POST /session/f31953e55de2d70fb971a65264fe9e98/execute/async - {"script":"<script> [21126 bytes]","args":[35000]}
RESULT: {"script":"<script> [21126 bytes]","args":[35000]}
COMMAND: POST /session/f31953e55de2d70fb971a65264fe9e98/window/maximize - {}
RESULT: {}
COMMAND: POST /session/f31953e55de2d70fb971a65264fe9e98/execute/async - {"script":"<script> [1562 bytes]","args":[{"selector":{"id":"shell-header","interaction":{"idSuffix":"icon"}},"wdio_ui5_key":"shellheader"}]}
COMMAND: GET /session/f31953e55de2d70fb971a65264fe9e98/screenshot - {}
RESULT: {"script":"<script> [1562 bytes]","args":[{"selector":{"id":"shell-header","interaction":{"idSuffix":"icon"}},"wdio_ui5_key":"shellheader"}]}
RESULT: undefined
COMMAND: POST /session/f31953e55de2d70fb971a65264fe9e98/refresh - {}
RESULT: {}
RESULT: {}
COMMAND: GET /session/f31953e55de2d70fb971a65264fe9e98/screenshot - {}
RESULT: {}
COMMAND: POST /session/f31953e55de2d70fb971a65264fe9e98/refresh - {}
RESULT: {}
COMMAND: GET /session/f31953e55de2d70fb971a65264fe9e98/screenshot - {}
RESULT: {}
COMMAND: POST /session/f31953e55de2d70fb971a65264fe9e98/window/fullscreen - {}
RESULT: {}
COMMAND: POST /session/f31953e55de2d70fb971a65264fe9e98/execute/async - {"script":"<script> [189 bytes]","args":[]}
RESULT: {"script":"<script> [189 bytes]","args":[]}
COMMAND: POST /session/f31953e55de2d70fb971a65264fe9e98/execute/async - {"script":"<script> [123 bytes]","args":[]}
RESULT: {"script":"<script> [123 bytes]","args":[]}
COMMAND: POST /session/f31953e55de2d70fb971a65264fe9e98/timeouts - {"script":"<number>"}
RESULT: {"script":"<number>"}
COMMAND: GET /session/f31953e55de2d70fb971a65264fe9e98/timeouts - {}
RESULT: {}
RESULT: undefined
COMMAND: POST /session/f31953e55de2d70fb971a65264fe9e98/execute/async - {"script":"<script> [2676 bytes]","args":[]}
RESULT: {"script":"<script> [2676 bytes]","args":[]}
COMMAND: POST /session/f31953e55de2d70fb971a65264fe9e98/execute/async - {"script":"<script> [2342 bytes]","args":[{"protocol":"http","hostname":"0.0.0.0","path":"/","capabilities":{"browserName":"chrome","goog:chromeOptions":{"binary":"C:\\Program Files\\Google\\Chrome\\Application\\chrome.exe","args":["--start-maximized"]}},"logLevel":"warn","connectionRetryTimeout":120000,"connectionRetryCount":3,"logLevels":{},"enableDirectConnect":true,"strictSSL":true,"_":"65 more keys: [\"cacheDir\",\"port\",\"requestedCapabilities\",\"automationProtocol\",\"baseUrl\",\"waitforInterval\",\"waitforTimeout\",\"onReload\",\"beforeCommand\",\"afterCommand\",\"rootDir\",\"specs\",\"suites\",\"exclude\",\"groupLogsByTestSpec\",\"excludeDriverLogs\",\"bail\",\"framework\",\"reporters\",\"services\",\"maxInstances\",\"maxInstancesPerCapability\",\"injectGlobals\",\"filesToWatch\",\"execArgv\",\"runnerEnv\",\"runner\",\"shard\",\"specFileRetries\",\"specFileRetriesDelay\",\"specFileRetriesDeferred\",\"reporterSyncInterval\",\"reporterSyncTimeout\",\"cucumberFeaturesWithLineNumbers\",\"autoCompileOpts\",\"mochaOpts\",\"jasmineOpts\",\"cucumberOpts\",\"onPrepare\",\"onWorkerStart\",\"onWorkerEnd\",\"before\",\"beforeSession\",\"beforeSuite\",\"beforeHook\",\"beforeTest\",\"afterTest\",\"afterHook\",\"afterSuite\",\"afterSession\",\"after\",\"onComplete\",\"beforeAssertion\",\"afterAssertion\",\"beforeFeature\",\"beforeScenario\",\"beforeStep\",\"afterStep\",\"afterScenario\",\"afterFeature\",\"_\",\"suite\",\"$0\",\"ignoredWorkerServices\",\"wdi5\"]"}]}
RESULT: {"script":"<script> [2342 bytes]","args":[{"protocol":"http","hostname":"0.0.0.0","path":"/","capabilities":{"browserName":"chrome","goog:chromeOptions":{"binary":"C:\\Program Files\\Google\\Chrome\\Application\\chrome.exe","args":["--start-maximized"]}},"logLevel":"warn","connectionRetryTimeout":120000,"connectionRetryCount":3,"logLevels":{},"enableDirectConnect":true,"strictSSL":true,"_":"65 more keys: [\"cacheDir\",\"port\",\"requestedCapabilities\",\"automationProtocol\",\"baseUrl\",\"waitforInterval\",\"waitforTimeout\",\"onReload\",\"beforeCommand\",\"afterCommand\",\"rootDir\",\"specs\",\"suites\",\"exclude\",\"groupLogsByTestSpec\",\"excludeDriverLogs\",\"bail\",\"framework\",\"reporters\",\"services\",\"maxInstances\",\"maxInstancesPerCapability\",\"injectGlobals\",\"filesToWatch\",\"execArgv\",\"runnerEnv\",\"runner\",\"shard\",\"specFileRetries\",\"specFileRetriesDelay\",\"specFileRetriesDeferred\",\"reporterSyncInterval\",\"reporterSyncTimeout\",\"cucumberFeaturesWithLineNumbers\",\"autoCompileOpts\",\"mochaOpts\",\"jasmineOpts\",\"cucumberOpts\",\"onPrepare\",\"onWorkerStart\",\"onWorkerEnd\",\"before\",\"beforeSession\",\"beforeSuite\",\"beforeHook\",\"beforeTest\",\"afterTest\",\"afterHook\",\"afterSuite\",\"afterSession\",\"after\",\"onComplete\",\"beforeAssertion\",\"afterAssertion\",\"beforeFeature\",\"beforeScenario\",\"beforeStep\",\"afterStep\",\"afterScenario\",\"afterFeature\",\"_\",\"suite\",\"$0\",\"ignoredWorkerServices\",\"wdi5\"]"}]}
COMMAND: POST /session/f31953e55de2d70fb971a65264fe9e98/execute/async - {"script":"<script> [21126 bytes]","args":[35000]}
RESULT: {"script":"<script> [21126 bytes]","args":[35000]}
]]></system-out>
    </testcase>
  </testsuite>
  <testsuite timestamp="2025-05-20T17:42:33" time="1165.744" tests="12" failures="0" errors="0" skipped="0">
    <properties>
      <property name="specId" value="0" />
      <property name="suiteName" value="Billing Transfer - Intracompany US127249" />
      <property name="capabilities" value="chrome.136_0_7103_93.windows" />
      <property name="file" value="file:///D:/a/1/s/test/specs/BTS/billing-transfer-intracompany.spec.js" />
    </properties>
    <testcase classname="chrome.136_0_7103_93.windows.Billing_Transfer_-_Intracompany_US127249" name="Should create a new yard" time="120.413">
      <system-out><![CDATA[
COMMAND: POST /session/f31953e55de2d70fb971a65264fe9e98/window/fullscreen - {}
RESULT: {}
COMMAND: POST /session/f31953e55de2d70fb971a65264fe9e98/execute/async - {"script":"<script> [1562 bytes]","args":[{"selector":{"controlType":"sap.m.GenericTile","properties":{"header":"Manage Yards"}},"wdio_ui5_key":"sapm.GenericTile{\"header\":\"Manage Yards\"}"}]}
RESULT: {"script":"<script> [1562 bytes]","args":[{"selector":{"controlType":"sap.m.GenericTile","properties":{"header":"Manage Yards"}},"wdio_ui5_key":"sapm.GenericTile{\"header\":\"Manage Yards\"}"}]}
RESULT: undefined
COMMAND: POST /session/f31953e55de2d70fb971a65264fe9e98/element - {"using":"xpath","value":"//*[@id=\"__tile41\"]"}
RESULT: {"using":"xpath","value":"//*[@id=\"__tile41\"]"}
COMMAND: POST /session/f31953e55de2d70fb971a65264fe9e98/element/f.64D82B69FC2678D0F29344912A345B1C.d.53E2B38201050DC035FC8D577BF6B57B.e.6500/click - {}
RESULT: {}
COMMAND: GET /session/f31953e55de2d70fb971a65264fe9e98/screenshot - {}
RESULT: {}
COMMAND: POST /session/f31953e55de2d70fb971a65264fe9e98/elements - {"using":"xpath","value":"//span[text()='Error']"}
RESULT: {"using":"xpath","value":"//span[text()='Error']"}
COMMAND: POST /session/f31953e55de2d70fb971a65264fe9e98/element - {"using":"xpath","value":"//button[@data-kt=\"addNewYardOverflowToolbarButton\"]"}
RESULT: {"using":"xpath","value":"//button[@data-kt=\"addNewYardOverflowToolbarButton\"]"}
COMMAND: POST /session/f31953e55de2d70fb971a65264fe9e98/elements - {"using":"xpath","value":"//button[@data-kt=\"addNewYardOverflowToolbarButton\"]"}
RESULT: {"using":"xpath","value":"//button[@data-kt=\"addNewYardOverflowToolbarButton\"]"}
COMMAND: POST /session/f31953e55de2d70fb971a65264fe9e98/elements - {"using":"xpath","value":"//button[@data-kt=\"addNewYardOverflowToolbarButton\"]"}
RESULT: {"using":"xpath","value":"//button[@data-kt=\"addNewYardOverflowToolbarButton\"]"}
COMMAND: POST /session/f31953e55de2d70fb971a65264fe9e98/element - {"using":"xpath","value":"//button[@data-kt=\"addNewYardOverflowToolbarButton\"]"}
RESULT: {"using":"xpath","value":"//button[@data-kt=\"addNewYardOverflowToolbarButton\"]"}
COMMAND: POST /session/f31953e55de2d70fb971a65264fe9e98/execute/sync - {"script":"<script> [8489 bytes]","args":[{"element-6066-11e4-a52e-4f735466cecf":"f.64D82B69FC2678D0F29344912A345B1C.d.53E2B38201050DC035FC8D577BF6B57B.e.6636","ELEMENT":"f.64D82B69FC2678D0F29344912A345B1C.d.53E2B38201050DC035FC8D577BF6B57B.e.6636"}]}
RESULT: {"script":"<script> [8489 bytes]","args":[{"element-6066-11e4-a52e-4f735466cecf":"f.64D82B69FC2678D0F29344912A345B1C.d.53E2B38201050DC035FC8D577BF6B57B.e.6636","ELEMENT":"f.64D82B69FC2678D0F29344912A345B1C.d.53E2B38201050DC035FC8D577BF6B57B.e.6636"}]}
COMMAND: GET /session/f31953e55de2d70fb971a65264fe9e98/element/f.64D82B69FC2678D0F29344912A345B1C.d.53E2B38201050DC035FC8D577BF6B57B.e.6636/enabled - {}
COMMAND: GET /session/f31953e55de2d70fb971a65264fe9e98/screenshot - {}
RESULT: {}
COMMAND: POST /session/f31953e55de2d70fb971a65264fe9e98/execute/sync - {"script":"<script> [8489 bytes]","args":[{"element-6066-11e4-a52e-4f735466cecf":"f.64D82B69FC2678D0F29344912A345B1C.d.53E2B38201050DC035FC8D577BF6B57B.e.6636","ELEMENT":"f.64D82B69FC2678D0F29344912A345B1C.d.53E2B38201050DC035FC8D577BF6B57B.e.6636"}]}
COMMAND: GET /session/f31953e55de2d70fb971a65264fe9e98/screenshot - {}
RESULT: {}
RESULT: {"script":"<script> [8489 bytes]","args":[{"element-6066-11e4-a52e-4f735466cecf":"f.64D82B69FC2678D0F29344912A345B1C.d.53E2B38201050DC035FC8D577BF6B57B.e.6636","ELEMENT":"f.64D82B69FC2678D0F29344912A345B1C.d.53E2B38201050DC035FC8D577BF6B57B.e.6636"}]}
COMMAND: POST /session/f31953e55de2d70fb971a65264fe9e98/execute/sync - {"script":"<script> [5351 bytes]","args":[{"element-6066-11e4-a52e-4f735466cecf":"f.64D82B69FC2678D0F29344912A345B1C.d.53E2B38201050DC035FC8D577BF6B57B.e.6636","ELEMENT":"f.64D82B69FC2678D0F29344912A345B1C.d.53E2B38201050DC035FC8D577BF6B57B.e.6636"}]}
COMMAND: GET /session/f31953e55de2d70fb971a65264fe9e98/screenshot - {}
RESULT: {}
RESULT: {"script":"<script> [5351 bytes]","args":[{"element-6066-11e4-a52e-4f735466cecf":"f.64D82B69FC2678D0F29344912A345B1C.d.53E2B38201050DC035FC8D577BF6B57B.e.6636","ELEMENT":"f.64D82B69FC2678D0F29344912A345B1C.d.53E2B38201050DC035FC8D577BF6B57B.e.6636"}]}
COMMAND: POST /session/f31953e55de2d70fb971a65264fe9e98/element/f.64D82B69FC2678D0F29344912A345B1C.d.53E2B38201050DC035FC8D577BF6B57B.e.6636/click - {}
COMMAND: GET /session/f31953e55de2d70fb971a65264fe9e98/screenshot - {}
RESULT: {}
RESULT: {}
COMMAND: GET /session/f31953e55de2d70fb971a65264fe9e98/screenshot - {}
COMMAND: POST /session/f31953e55de2d70fb971a65264fe9e98/element - {"using":"xpath","value":"//input[@id=\"application-manageyards-display-component---NewYard--yardId-inner\"]"}
RESULT: {}
RESULT: {}
RESULT: {"using":"xpath","value":"//input[@id=\"application-manageyards-display-component---NewYard--yardId-inner\"]"}
COMMAND: POST /session/f31953e55de2d70fb971a65264fe9e98/element - {"using":"xpath","value":"//input[@id=\"application-manageyards-display-component---NewYard--yardId-inner\"]"}
RESULT: {"using":"xpath","value":"//input[@id=\"application-manageyards-display-component---NewYard--yardId-inner\"]"}
COMMAND: POST /session/f31953e55de2d70fb971a65264fe9e98/execute/async - {"script":"<script> [1562 bytes]","args":[{"selector":{"id":"application-manageyards-display-component---NewYard--addressDetailDetailsName1","interaction":{"idSuffix":"inner"}},"wdio_ui5_key":"applicationmanageyards-display-component---NewYard--addressDetailDetailsName1"}]}
RESULT: {"script":"<script> [1562 bytes]","args":[{"selector":{"id":"application-manageyards-display-component---NewYard--addressDetailDetailsName1","interaction":{"idSuffix":"inner"}},"wdio_ui5_key":"applicationmanageyards-display-component---NewYard--addressDetailDetailsName1"}]}
RESULT: undefined
COMMAND: POST /session/f31953e55de2d70fb971a65264fe9e98/execute/async - {"script":"<script> [776 bytes]","args":[{"enterText":"Intracompany Yard wdIO","selector":{"id":"application-manageyards-display-component---NewYard--addressDetailDetailsName1","interaction":{"idSuffix":"inner"}},"clearTextFirst":true,"interactionType":"ENTER_TEXT"}]}
RESULT: {"script":"<script> [776 bytes]","args":[{"enterText":"Intracompany Yard wdIO","selector":{"id":"application-manageyards-display-component---NewYard--addressDetailDetailsName1","interaction":{"idSuffix":"inner"}},"clearTextFirst":true,"interactionType":"ENTER_TEXT"}]}
COMMAND: POST /session/f31953e55de2d70fb971a65264fe9e98/execute/async - {"script":"<script> [1562 bytes]","args":[{"selector":{"id":"application-manageyards-display-component---NewYard--addressDetailDetailsLanguage-arrow"},"wdio_ui5_key":"applicationmanageyards-display-component---NewYard--addressDetailDetailsLanguage-arrow"}]}
RESULT: {"script":"<script> [1562 bytes]","args":[{"selector":{"id":"application-manageyards-display-component---NewYard--addressDetailDetailsLanguage-arrow"},"wdio_ui5_key":"applicationmanageyards-display-component---NewYard--addressDetailDetailsLanguage-arrow"}]}
RESULT: undefined
COMMAND: POST /session/f31953e55de2d70fb971a65264fe9e98/element - {"using":"xpath","value":"//*[@id=\"application-manageyards-display-component---NewYard--addressDetailDetailsLanguage-arrow\"]"}
RESULT: {"using":"xpath","value":"//*[@id=\"application-manageyards-display-component---NewYard--addressDetailDetailsLanguage-arrow\"]"}
COMMAND: POST /session/f31953e55de2d70fb971a65264fe9e98/element/f.64D82B69FC2678D0F29344912A345B1C.d.53E2B38201050DC035FC8D577BF6B57B.e.7069/click - {}
RESULT: {}
COMMAND: POST /session/f31953e55de2d70fb971a65264fe9e98/element - {"using":"xpath","value":"//span[contains(text(), \"English\")]"}
COMMAND: GET /session/f31953e55de2d70fb971a65264fe9e98/screenshot - {}
RESULT: {"using":"xpath","value":"//span[contains(text(), \"English\")]"}
COMMAND: POST /session/f31953e55de2d70fb971a65264fe9e98/element/f.64D82B69FC2678D0F29344912A345B1C.d.53E2B38201050DC035FC8D577BF6B57B.e.7070/click - {}
RESULT: {}
RESULT: {}
COMMAND: POST /session/f31953e55de2d70fb971a65264fe9e98/execute/async - {"script":"<script> [1562 bytes]","args":[{"selector":{"id":"application-manageyards-display-component---NewYard--addressDetailDetailsCity1","interaction":{"idSuffix":"inner"}},"wdio_ui5_key":"applicationmanageyards-display-component---NewYard--addressDetailDetailsCity1"}]}
COMMAND: GET /session/f31953e55de2d70fb971a65264fe9e98/screenshot - {}
RESULT: {"script":"<script> [1562 bytes]","args":[{"selector":{"id":"application-manageyards-display-component---NewYard--addressDetailDetailsCity1","interaction":{"idSuffix":"inner"}},"wdio_ui5_key":"applicationmanageyards-display-component---NewYard--addressDetailDetailsCity1"}]}
RESULT: undefined
COMMAND: POST /session/f31953e55de2d70fb971a65264fe9e98/execute/async - {"script":"<script> [776 bytes]","args":[{"enterText":"Rosario","selector":{"id":"application-manageyards-display-component---NewYard--addressDetailDetailsCity1","interaction":{"idSuffix":"inner"}},"clearTextFirst":true,"interactionType":"ENTER_TEXT"}]}
RESULT: {}
RESULT: {"script":"<script> [776 bytes]","args":[{"enterText":"Rosario","selector":{"id":"application-manageyards-display-component---NewYard--addressDetailDetailsCity1","interaction":{"idSuffix":"inner"}},"clearTextFirst":true,"interactionType":"ENTER_TEXT"}]}
COMMAND: POST /session/f31953e55de2d70fb971a65264fe9e98/execute/async - {"script":"<script> [1562 bytes]","args":[{"selector":{"id":"application-manageyards-display-component---NewYard--addressDetailDetailsCountry-arrow"},"wdio_ui5_key":"applicationmanageyards-display-component---NewYard--addressDetailDetailsCountry-arrow"}]}
RESULT: {"script":"<script> [1562 bytes]","args":[{"selector":{"id":"application-manageyards-display-component---NewYard--addressDetailDetailsCountry-arrow"},"wdio_ui5_key":"applicationmanageyards-display-component---NewYard--addressDetailDetailsCountry-arrow"}]}
RESULT: undefined
COMMAND: POST /session/f31953e55de2d70fb971a65264fe9e98/element - {"using":"xpath","value":"//*[@id=\"application-manageyards-display-component---NewYard--addressDetailDetailsCountry-arrow\"]"}
RESULT: {"using":"xpath","value":"//*[@id=\"application-manageyards-display-component---NewYard--addressDetailDetailsCountry-arrow\"]"}
COMMAND: POST /session/f31953e55de2d70fb971a65264fe9e98/element/f.64D82B69FC2678D0F29344912A345B1C.d.53E2B38201050DC035FC8D577BF6B57B.e.7072/click - {}
RESULT: {}
COMMAND: POST /session/f31953e55de2d70fb971a65264fe9e98/element - {"using":"xpath","value":"//span[contains(text(), \"Argentina\")]"}
COMMAND: GET /session/f31953e55de2d70fb971a65264fe9e98/screenshot - {}
RESULT: {"using":"xpath","value":"//span[contains(text(), \"Argentina\")]"}
COMMAND: POST /session/f31953e55de2d70fb971a65264fe9e98/element/f.64D82B69FC2678D0F29344912A345B1C.d.53E2B38201050DC035FC8D577BF6B57B.e.7074/click - {}
RESULT: {}
RESULT: {}
COMMAND: POST /session/f31953e55de2d70fb971a65264fe9e98/execute/async - {"script":"<script> [1562 bytes]","args":[{"selector":{"id":"application-manageyards-display-component---NewYard--addressEditDetailsCostObjectCstType-arrow"},"wdio_ui5_key":"applicationmanageyards-display-component---NewYard--addressEditDetailsCostObjectCstType-arrow"}]}
COMMAND: GET /session/f31953e55de2d70fb971a65264fe9e98/screenshot - {}
RESULT: {"script":"<script> [1562 bytes]","args":[{"selector":{"id":"application-manageyards-display-component---NewYard--addressEditDetailsCostObjectCstType-arrow"},"wdio_ui5_key":"applicationmanageyards-display-component---NewYard--addressEditDetailsCostObjectCstType-arrow"}]}
RESULT: undefined
COMMAND: POST /session/f31953e55de2d70fb971a65264fe9e98/element - {"using":"xpath","value":"//*[@id=\"application-manageyards-display-component---NewYard--addressEditDetailsCostObjectCstType-arrow\"]"}
RESULT: {}
RESULT: {"using":"xpath","value":"//*[@id=\"application-manageyards-display-component---NewYard--addressEditDetailsCostObjectCstType-arrow\"]"}
COMMAND: POST /session/f31953e55de2d70fb971a65264fe9e98/element/f.64D82B69FC2678D0F29344912A345B1C.d.53E2B38201050DC035FC8D577BF6B57B.e.7075/click - {}
RESULT: {}
COMMAND: POST /session/f31953e55de2d70fb971a65264fe9e98/element - {"using":"xpath","value":"//span[contains(text(), \"Cost Center\")]"}
COMMAND: GET /session/f31953e55de2d70fb971a65264fe9e98/screenshot - {}
RESULT: {"using":"xpath","value":"//span[contains(text(), \"Cost Center\")]"}
COMMAND: POST /session/f31953e55de2d70fb971a65264fe9e98/element/f.64D82B69FC2678D0F29344912A345B1C.d.53E2B38201050DC035FC8D577BF6B57B.e.7076/click - {}
RESULT: {}
RESULT: {}
COMMAND: GET /session/f31953e55de2d70fb971a65264fe9e98/screenshot - {}
RESULT: {}
COMMAND: POST /session/f31953e55de2d70fb971a65264fe9e98/element - {"using":"xpath","value":"//span[@id=\"application-manageyards-display-component---NewYard--addressNewCostObjectCstID-vhi\"]"}
RESULT: {"using":"xpath","value":"//span[@id=\"application-manageyards-display-component---NewYard--addressNewCostObjectCstID-vhi\"]"}
COMMAND: POST /session/f31953e55de2d70fb971a65264fe9e98/execute/sync - {"script":"<script> [8489 bytes]","args":[{"element-6066-11e4-a52e-4f735466cecf":"f.64D82B69FC2678D0F29344912A345B1C.d.53E2B38201050DC035FC8D577BF6B57B.e.7080","ELEMENT":"f.64D82B69FC2678D0F29344912A345B1C.d.53E2B38201050DC035FC8D577BF6B57B.e.7080"}]}
RESULT: {"script":"<script> [8489 bytes]","args":[{"element-6066-11e4-a52e-4f735466cecf":"f.64D82B69FC2678D0F29344912A345B1C.d.53E2B38201050DC035FC8D577BF6B57B.e.7080","ELEMENT":"f.64D82B69FC2678D0F29344912A345B1C.d.53E2B38201050DC035FC8D577BF6B57B.e.7080"}]}
COMMAND: POST /session/f31953e55de2d70fb971a65264fe9e98/execute/async - {"script":"<script> [1562 bytes]","args":[{"selector":{"id":"application-manageyards-display-component---NewYard--addressNewCostObjectCstID-vhi"},"wdio_ui5_key":"applicationmanageyards-display-component---NewYard--addressNewCostObjectCstID-vhi"}]}
COMMAND: GET /session/f31953e55de2d70fb971a65264fe9e98/screenshot - {}
RESULT: {"script":"<script> [1562 bytes]","args":[{"selector":{"id":"application-manageyards-display-component---NewYard--addressNewCostObjectCstID-vhi"},"wdio_ui5_key":"applicationmanageyards-display-component---NewYard--addressNewCostObjectCstID-vhi"}]}
RESULT: undefined
COMMAND: POST /session/f31953e55de2d70fb971a65264fe9e98/element - {"using":"xpath","value":"//*[@id=\"application-manageyards-display-component---NewYard--addressNewCostObjectCstID-vhi\"]"}
RESULT: {}
RESULT: {"using":"xpath","value":"//*[@id=\"application-manageyards-display-component---NewYard--addressNewCostObjectCstID-vhi\"]"}
COMMAND: POST /session/f31953e55de2d70fb971a65264fe9e98/element/f.64D82B69FC2678D0F29344912A345B1C.d.53E2B38201050DC035FC8D577BF6B57B.e.7080/click - {}
RESULT: {}
COMMAND: GET /session/f31953e55de2d70fb971a65264fe9e98/screenshot - {}
RESULT: {}
COMMAND: POST /session/f31953e55de2d70fb971a65264fe9e98/execute/async - {"script":"<script> [1562 bytes]","args":[{"selector":{"controlType":"sap.m.SearchField","properties":{"placeholder":"Search"},"searchOpenDialogs":true,"interaction":{"idSuffix":"I"}},"wdio_ui5_key":"sapm.SearchField{\"placeholder\":\"Search\"}"}]}
RESULT: {"script":"<script> [1562 bytes]","args":[{"selector":{"controlType":"sap.m.SearchField","properties":{"placeholder":"Search"},"searchOpenDialogs":true,"interaction":{"idSuffix":"I"}},"wdio_ui5_key":"sapm.SearchField{\"placeholder\":\"Search\"}"}]}
RESULT: undefined
COMMAND: POST /session/f31953e55de2d70fb971a65264fe9e98/execute/async - {"script":"<script> [776 bytes]","args":[{"enterText":"bauh_b","selector":{"controlType":"sap.m.SearchField","properties":{"placeholder":"Search"},"searchOpenDialogs":true,"interaction":{"idSuffix":"I"}},"clearTextFirst":true,"interactionType":"ENTER_TEXT"}]}
RESULT: {"script":"<script> [776 bytes]","args":[{"enterText":"bauh_b","selector":{"controlType":"sap.m.SearchField","properties":{"placeholder":"Search"},"searchOpenDialogs":true,"interaction":{"idSuffix":"I"}},"clearTextFirst":true,"interactionType":"ENTER_TEXT"}]}
COMMAND: POST /session/f31953e55de2d70fb971a65264fe9e98/actions - {"actions":[{"id":"action24","type":"key","parameters":{},"actions":[{"type":"keyDown","value":"î€‡"},{"type":"pause","duration":10},{"type":"keyUp","value":"î€‡"}]}]}
RESULT: {"actions":[{"id":"action24","type":"key","parameters":{},"actions":[{"type":"keyDown","value":"î€‡"},{"type":"pause","duration":10},{"type":"keyUp","value":"î€‡"}]}]}
COMMAND: GET /session/f31953e55de2d70fb971a65264fe9e98/screenshot - {}
RESULT: {}
COMMAND: POST /session/f31953e55de2d70fb971a65264fe9e98/element - {"using":"xpath","value":"//span[contains(text(), \"Demo Yard\")]"}
RESULT: {"using":"xpath","value":"//span[contains(text(), \"Demo Yard\")]"}
COMMAND: POST /session/f31953e55de2d70fb971a65264fe9e98/element/f.64D82B69FC2678D0F29344912A345B1C.d.53E2B38201050DC035FC8D577BF6B57B.e.7121/click - {}
RESULT: {}
COMMAND: GET /session/f31953e55de2d70fb971a65264fe9e98/screenshot - {}
RESULT: {}
COMMAND: POST /session/f31953e55de2d70fb971a65264fe9e98/element - {"using":"xpath","value":"//bdi[contains(text(), \"OK\")]"}
RESULT: {"using":"xpath","value":"//bdi[contains(text(), \"OK\")]"}
COMMAND: POST /session/f31953e55de2d70fb971a65264fe9e98/element/f.64D82B69FC2678D0F29344912A345B1C.d.53E2B38201050DC035FC8D577BF6B57B.e.7122/click - {}
RESULT: {}
COMMAND: GET /session/f31953e55de2d70fb971a65264fe9e98/screenshot - {}
RESULT: {}
COMMAND: POST /session/f31953e55de2d70fb971a65264fe9e98/execute/async - {"script":"<script> [1562 bytes]","args":[{"selector":{"id":"application-manageyards-display-component---NewYard--addressEditDetailsCurrency-arrow"},"wdio_ui5_key":"applicationmanageyards-display-component---NewYard--addressEditDetailsCurrency-arrow"}]}
RESULT: {"script":"<script> [1562 bytes]","args":[{"selector":{"id":"application-manageyards-display-component---NewYard--addressEditDetailsCurrency-arrow"},"wdio_ui5_key":"applicationmanageyards-display-component---NewYard--addressEditDetailsCurrency-arrow"}]}
RESULT: undefined
COMMAND: POST /session/f31953e55de2d70fb971a65264fe9e98/element - {"using":"xpath","value":"//*[@id=\"application-manageyards-display-component---NewYard--addressEditDetailsCurrency-arrow\"]"}
RESULT: {"using":"xpath","value":"//*[@id=\"application-manageyards-display-component---NewYard--addressEditDetailsCurrency-arrow\"]"}
COMMAND: POST /session/f31953e55de2d70fb971a65264fe9e98/element/f.64D82B69FC2678D0F29344912A345B1C.d.53E2B38201050DC035FC8D577BF6B57B.e.7125/click - {}
RESULT: {}
COMMAND: POST /session/f31953e55de2d70fb971a65264fe9e98/element - {"using":"xpath","value":"//span[contains(text(), \"Euro\")]"}
COMMAND: GET /session/f31953e55de2d70fb971a65264fe9e98/screenshot - {}
RESULT: {"using":"xpath","value":"//span[contains(text(), \"Euro\")]"}
COMMAND: POST /session/f31953e55de2d70fb971a65264fe9e98/element/f.64D82B69FC2678D0F29344912A345B1C.d.53E2B38201050DC035FC8D577BF6B57B.e.7126/click - {}
RESULT: {}
RESULT: {}
COMMAND: POST /session/f31953e55de2d70fb971a65264fe9e98/execute/async - {"script":"<script> [1562 bytes]","args":[{"selector":{"controlType":"sap.m.Input","viewName":"etm.portal.ui.manageyards.view.New","viewId":"application-manageyards-display-component---NewYard","bindingPath":{"path":"","propertyPath":"/CONTROLLING_AREA","modelName":"NewYardModel"},"interaction":{"idSuffix":"inner"}},"wdio_ui5_key":"etmportal.ui.manageyards.view.Newsap.m.Input{\"path\":\"\",\"propertyPath\":\"/CONTROLLING_AREA\",\"modelName\":\"NewYardModel\"}"}]}
COMMAND: GET /session/f31953e55de2d70fb971a65264fe9e98/screenshot - {}
RESULT: {"script":"<script> [1562 bytes]","args":[{"selector":{"controlType":"sap.m.Input","viewName":"etm.portal.ui.manageyards.view.New","viewId":"application-manageyards-display-component---NewYard","bindingPath":{"path":"","propertyPath":"/CONTROLLING_AREA","modelName":"NewYardModel"},"interaction":{"idSuffix":"inner"}},"wdio_ui5_key":"etmportal.ui.manageyards.view.Newsap.m.Input{\"path\":\"\",\"propertyPath\":\"/CONTROLLING_AREA\",\"modelName\":\"NewYardModel\"}"}]}
RESULT: undefined
COMMAND: POST /session/f31953e55de2d70fb971a65264fe9e98/execute/async - {"script":"<script> [776 bytes]","args":[{"enterText":"Z001","selector":{"controlType":"sap.m.Input","viewName":"etm.portal.ui.manageyards.view.New","viewId":"application-manageyards-display-component---NewYard","bindingPath":{"path":"","propertyPath":"/CONTROLLING_AREA","modelName":"NewYardModel"},"interaction":{"idSuffix":"inner"}},"clearTextFirst":true,"interactionType":"ENTER_TEXT"}]}
RESULT: {}
RESULT: {"script":"<script> [776 bytes]","args":[{"enterText":"Z001","selector":{"controlType":"sap.m.Input","viewName":"etm.portal.ui.manageyards.view.New","viewId":"application-manageyards-display-component---NewYard","bindingPath":{"path":"","propertyPath":"/CONTROLLING_AREA","modelName":"NewYardModel"},"interaction":{"idSuffix":"inner"}},"clearTextFirst":true,"interactionType":"ENTER_TEXT"}]}
COMMAND: POST /session/f31953e55de2d70fb971a65264fe9e98/execute/async - {"script":"<script> [1562 bytes]","args":[{"selector":{"id":"application-manageyards-display-component---NewYard--companyCodeComboBox","interaction":{"idSuffix":"inner"}},"wdio_ui5_key":"applicationmanageyards-display-component---NewYard--companyCodeComboBox"}]}
RESULT: {"script":"<script> [1562 bytes]","args":[{"selector":{"id":"application-manageyards-display-component---NewYard--companyCodeComboBox","interaction":{"idSuffix":"inner"}},"wdio_ui5_key":"applicationmanageyards-display-component---NewYard--companyCodeComboBox"}]}
RESULT: undefined
COMMAND: POST /session/f31953e55de2d70fb971a65264fe9e98/execute/async - {"script":"<script> [776 bytes]","args":[{"enterText":"1000","selector":{"id":"application-manageyards-display-component---NewYard--companyCodeComboBox","interaction":{"idSuffix":"inner"}},"clearTextFirst":true,"interactionType":"ENTER_TEXT"}]}
RESULT: {"script":"<script> [776 bytes]","args":[{"enterText":"1000","selector":{"id":"application-manageyards-display-component---NewYard--companyCodeComboBox","interaction":{"idSuffix":"inner"}},"clearTextFirst":true,"interactionType":"ENTER_TEXT"}]}
COMMAND: POST /session/f31953e55de2d70fb971a65264fe9e98/execute/async - {"script":"<script> [1562 bytes]","args":[{"selector":{"controlType":"sap.m.Input","viewName":"etm.portal.ui.manageyards.view.New","viewId":"application-manageyards-display-component---NewYard","bindingPath":{"path":"","propertyPath":"/PLANT","modelName":"NewYardModel"},"interaction":{"idSuffix":"inner"}},"wdio_ui5_key":"etmportal.ui.manageyards.view.Newsap.m.Input{\"path\":\"\",\"propertyPath\":\"/PLANT\",\"modelName\":\"NewYardModel\"}"}]}
RESULT: {"script":"<script> [1562 bytes]","args":[{"selector":{"controlType":"sap.m.Input","viewName":"etm.portal.ui.manageyards.view.New","viewId":"application-manageyards-display-component---NewYard","bindingPath":{"path":"","propertyPath":"/PLANT","modelName":"NewYardModel"},"interaction":{"idSuffix":"inner"}},"wdio_ui5_key":"etmportal.ui.manageyards.view.Newsap.m.Input{\"path\":\"\",\"propertyPath\":\"/PLANT\",\"modelName\":\"NewYardModel\"}"}]}
RESULT: undefined
COMMAND: POST /session/f31953e55de2d70fb971a65264fe9e98/execute/async - {"script":"<script> [776 bytes]","args":[{"enterText":"1001","selector":{"controlType":"sap.m.Input","viewName":"etm.portal.ui.manageyards.view.New","viewId":"application-manageyards-display-component---NewYard","bindingPath":{"path":"","propertyPath":"/PLANT","modelName":"NewYardModel"},"interaction":{"idSuffix":"inner"}},"clearTextFirst":true,"interactionType":"ENTER_TEXT"}]}
RESULT: {"script":"<script> [776 bytes]","args":[{"enterText":"1001","selector":{"controlType":"sap.m.Input","viewName":"etm.portal.ui.manageyards.view.New","viewId":"application-manageyards-display-component---NewYard","bindingPath":{"path":"","propertyPath":"/PLANT","modelName":"NewYardModel"},"interaction":{"idSuffix":"inner"}},"clearTextFirst":true,"interactionType":"ENTER_TEXT"}]}
COMMAND: POST /session/f31953e55de2d70fb971a65264fe9e98/execute/async - {"script":"<script> [1562 bytes]","args":[{"selector":{"controlType":"sap.m.Input","viewName":"etm.portal.ui.manageyards.view.New","viewId":"application-manageyards-display-component---NewYard","bindingPath":{"path":"","propertyPath":"/SALES_AREA_VKORG","modelName":"NewYardModel"},"interaction":{"idSuffix":"inner"}},"wdio_ui5_key":"etmportal.ui.manageyards.view.Newsap.m.Input{\"path\":\"\",\"propertyPath\":\"/SALES_AREA_VKORG\",\"modelName\":\"NewYardModel\"}"}]}
RESULT: {"script":"<script> [1562 bytes]","args":[{"selector":{"controlType":"sap.m.Input","viewName":"etm.portal.ui.manageyards.view.New","viewId":"application-manageyards-display-component---NewYard","bindingPath":{"path":"","propertyPath":"/SALES_AREA_VKORG","modelName":"NewYardModel"},"interaction":{"idSuffix":"inner"}},"wdio_ui5_key":"etmportal.ui.manageyards.view.Newsap.m.Input{\"path\":\"\",\"propertyPath\":\"/SALES_AREA_VKORG\",\"modelName\":\"NewYardModel\"}"}]}
RESULT: undefined
COMMAND: POST /session/f31953e55de2d70fb971a65264fe9e98/execute/async - {"script":"<script> [776 bytes]","args":[{"enterText":"C002","selector":{"controlType":"sap.m.Input","viewName":"etm.portal.ui.manageyards.view.New","viewId":"application-manageyards-display-component---NewYard","bindingPath":{"path":"","propertyPath":"/SALES_AREA_VKORG","modelName":"NewYardModel"},"interaction":{"idSuffix":"inner"}},"clearTextFirst":true,"interactionType":"ENTER_TEXT"}]}
RESULT: {"script":"<script> [776 bytes]","args":[{"enterText":"C002","selector":{"controlType":"sap.m.Input","viewName":"etm.portal.ui.manageyards.view.New","viewId":"application-manageyards-display-component---NewYard","bindingPath":{"path":"","propertyPath":"/SALES_AREA_VKORG","modelName":"NewYardModel"},"interaction":{"idSuffix":"inner"}},"clearTextFirst":true,"interactionType":"ENTER_TEXT"}]}
COMMAND: POST /session/f31953e55de2d70fb971a65264fe9e98/execute/async - {"script":"<script> [1562 bytes]","args":[{"selector":{"controlType":"sap.m.Input","viewName":"etm.portal.ui.manageyards.view.New","viewId":"application-manageyards-display-component---NewYard","bindingPath":{"path":"","propertyPath":"/SALES_AREA_VTWEG","modelName":"NewYardModel"},"interaction":{"idSuffix":"inner"}},"wdio_ui5_key":"etmportal.ui.manageyards.view.Newsap.m.Input{\"path\":\"\",\"propertyPath\":\"/SALES_AREA_VTWEG\",\"modelName\":\"NewYardModel\"}"}]}
RESULT: {"script":"<script> [1562 bytes]","args":[{"selector":{"controlType":"sap.m.Input","viewName":"etm.portal.ui.manageyards.view.New","viewId":"application-manageyards-display-component---NewYard","bindingPath":{"path":"","propertyPath":"/SALES_AREA_VTWEG","modelName":"NewYardModel"},"interaction":{"idSuffix":"inner"}},"wdio_ui5_key":"etmportal.ui.manageyards.view.Newsap.m.Input{\"path\":\"\",\"propertyPath\":\"/SALES_AREA_VTWEG\",\"modelName\":\"NewYardModel\"}"}]}
RESULT: undefined
COMMAND: POST /session/f31953e55de2d70fb971a65264fe9e98/execute/async - {"script":"<script> [776 bytes]","args":[{"enterText":"C2","selector":{"controlType":"sap.m.Input","viewName":"etm.portal.ui.manageyards.view.New","viewId":"application-manageyards-display-component---NewYard","bindingPath":{"path":"","propertyPath":"/SALES_AREA_VTWEG","modelName":"NewYardModel"},"interaction":{"idSuffix":"inner"}},"clearTextFirst":true,"interactionType":"ENTER_TEXT"}]}
RESULT: {"script":"<script> [776 bytes]","args":[{"enterText":"C2","selector":{"controlType":"sap.m.Input","viewName":"etm.portal.ui.manageyards.view.New","viewId":"application-manageyards-display-component---NewYard","bindingPath":{"path":"","propertyPath":"/SALES_AREA_VTWEG","modelName":"NewYardModel"},"interaction":{"idSuffix":"inner"}},"clearTextFirst":true,"interactionType":"ENTER_TEXT"}]}
COMMAND: POST /session/f31953e55de2d70fb971a65264fe9e98/execute/async - {"script":"<script> [1562 bytes]","args":[{"selector":{"controlType":"sap.m.Input","viewName":"etm.portal.ui.manageyards.view.New","viewId":"application-manageyards-display-component---NewYard","bindingPath":{"path":"","propertyPath":"/SALES_AREA_SPART","modelName":"NewYardModel"},"interaction":{"idSuffix":"inner"}},"wdio_ui5_key":"etmportal.ui.manageyards.view.Newsap.m.Input{\"path\":\"\",\"propertyPath\":\"/SALES_AREA_SPART\",\"modelName\":\"NewYardModel\"}"}]}
RESULT: {"script":"<script> [1562 bytes]","args":[{"selector":{"controlType":"sap.m.Input","viewName":"etm.portal.ui.manageyards.view.New","viewId":"application-manageyards-display-component---NewYard","bindingPath":{"path":"","propertyPath":"/SALES_AREA_SPART","modelName":"NewYardModel"},"interaction":{"idSuffix":"inner"}},"wdio_ui5_key":"etmportal.ui.manageyards.view.Newsap.m.Input{\"path\":\"\",\"propertyPath\":\"/SALES_AREA_SPART\",\"modelName\":\"NewYardModel\"}"}]}
RESULT: undefined
COMMAND: POST /session/f31953e55de2d70fb971a65264fe9e98/execute/async - {"script":"<script> [776 bytes]","args":[{"enterText":"C2","selector":{"controlType":"sap.m.Input","viewName":"etm.portal.ui.manageyards.view.New","viewId":"application-manageyards-display-component---NewYard","bindingPath":{"path":"","propertyPath":"/SALES_AREA_SPART","modelName":"NewYardModel"},"interaction":{"idSuffix":"inner"}},"clearTextFirst":true,"interactionType":"ENTER_TEXT"}]}
RESULT: {"script":"<script> [776 bytes]","args":[{"enterText":"C2","selector":{"controlType":"sap.m.Input","viewName":"etm.portal.ui.manageyards.view.New","viewId":"application-manageyards-display-component---NewYard","bindingPath":{"path":"","propertyPath":"/SALES_AREA_SPART","modelName":"NewYardModel"},"interaction":{"idSuffix":"inner"}},"clearTextFirst":true,"interactionType":"ENTER_TEXT"}]}
COMMAND: POST /session/f31953e55de2d70fb971a65264fe9e98/execute/async - {"script":"<script> [1562 bytes]","args":[{"selector":{"controlType":"sap.m.Input","viewName":"etm.portal.ui.manageyards.view.New","viewId":"application-manageyards-display-component---NewYard","bindingPath":{"path":"","propertyPath":"/SHIP_POINT","modelName":"NewYardModel"},"interaction":{"idSuffix":"inner"}},"wdio_ui5_key":"etmportal.ui.manageyards.view.Newsap.m.Input{\"path\":\"\",\"propertyPath\":\"/SHIP_POINT\",\"modelName\":\"NewYardModel\"}"}]}
RESULT: {"script":"<script> [1562 bytes]","args":[{"selector":{"controlType":"sap.m.Input","viewName":"etm.portal.ui.manageyards.view.New","viewId":"application-manageyards-display-component---NewYard","bindingPath":{"path":"","propertyPath":"/SHIP_POINT","modelName":"NewYardModel"},"interaction":{"idSuffix":"inner"}},"wdio_ui5_key":"etmportal.ui.manageyards.view.Newsap.m.Input{\"path\":\"\",\"propertyPath\":\"/SHIP_POINT\",\"modelName\":\"NewYardModel\"}"}]}
RESULT: undefined
COMMAND: POST /session/f31953e55de2d70fb971a65264fe9e98/execute/async - {"script":"<script> [776 bytes]","args":[{"enterText":"1710","selector":{"controlType":"sap.m.Input","viewName":"etm.portal.ui.manageyards.view.New","viewId":"application-manageyards-display-component---NewYard","bindingPath":{"path":"","propertyPath":"/SHIP_POINT","modelName":"NewYardModel"},"interaction":{"idSuffix":"inner"}},"clearTextFirst":true,"interactionType":"ENTER_TEXT"}]}
RESULT: {"script":"<script> [776 bytes]","args":[{"enterText":"1710","selector":{"controlType":"sap.m.Input","viewName":"etm.portal.ui.manageyards.view.New","viewId":"application-manageyards-display-component---NewYard","bindingPath":{"path":"","propertyPath":"/SHIP_POINT","modelName":"NewYardModel"},"interaction":{"idSuffix":"inner"}},"clearTextFirst":true,"interactionType":"ENTER_TEXT"}]}
COMMAND: POST /session/f31953e55de2d70fb971a65264fe9e98/execute/async - {"script":"<script> [1562 bytes]","args":[{"selector":{"controlType":"sap.m.Input","viewName":"etm.portal.ui.manageyards.view.New","viewId":"application-manageyards-display-component---NewYard","bindingPath":{"path":"","propertyPath":"/DELIVERY_TYPE","modelName":"NewYardModel"},"interaction":{"idSuffix":"inner"}},"wdio_ui5_key":"etmportal.ui.manageyards.view.Newsap.m.Input{\"path\":\"\",\"propertyPath\":\"/DELIVERY_TYPE\",\"modelName\":\"NewYardModel\"}"}]}
RESULT: {"script":"<script> [1562 bytes]","args":[{"selector":{"controlType":"sap.m.Input","viewName":"etm.portal.ui.manageyards.view.New","viewId":"application-manageyards-display-component---NewYard","bindingPath":{"path":"","propertyPath":"/DELIVERY_TYPE","modelName":"NewYardModel"},"interaction":{"idSuffix":"inner"}},"wdio_ui5_key":"etmportal.ui.manageyards.view.Newsap.m.Input{\"path\":\"\",\"propertyPath\":\"/DELIVERY_TYPE\",\"modelName\":\"NewYardModel\"}"}]}
RESULT: undefined
COMMAND: POST /session/f31953e55de2d70fb971a65264fe9e98/execute/async - {"script":"<script> [776 bytes]","args":[{"enterText":"ZL01","selector":{"controlType":"sap.m.Input","viewName":"etm.portal.ui.manageyards.view.New","viewId":"application-manageyards-display-component---NewYard","bindingPath":{"path":"","propertyPath":"/DELIVERY_TYPE","modelName":"NewYardModel"},"interaction":{"idSuffix":"inner"}},"clearTextFirst":true,"interactionType":"ENTER_TEXT"}]}
RESULT: {"script":"<script> [776 bytes]","args":[{"enterText":"ZL01","selector":{"controlType":"sap.m.Input","viewName":"etm.portal.ui.manageyards.view.New","viewId":"application-manageyards-display-component---NewYard","bindingPath":{"path":"","propertyPath":"/DELIVERY_TYPE","modelName":"NewYardModel"},"interaction":{"idSuffix":"inner"}},"clearTextFirst":true,"interactionType":"ENTER_TEXT"}]}
COMMAND: POST /session/f31953e55de2d70fb971a65264fe9e98/execute/async - {"script":"<script> [1562 bytes]","args":[{"selector":{"controlType":"sap.m.Input","viewName":"etm.portal.ui.manageyards.view.New","viewId":"application-manageyards-display-component---NewYard","bindingPath":{"path":"","propertyPath":"/AUART","modelName":"NewYardModel"},"interaction":{"idSuffix":"inner"}},"wdio_ui5_key":"etmportal.ui.manageyards.view.Newsap.m.Input{\"path\":\"\",\"propertyPath\":\"/AUART\",\"modelName\":\"NewYardModel\"}"}]}
RESULT: {"script":"<script> [1562 bytes]","args":[{"selector":{"controlType":"sap.m.Input","viewName":"etm.portal.ui.manageyards.view.New","viewId":"application-manageyards-display-component---NewYard","bindingPath":{"path":"","propertyPath":"/AUART","modelName":"NewYardModel"},"interaction":{"idSuffix":"inner"}},"wdio_ui5_key":"etmportal.ui.manageyards.view.Newsap.m.Input{\"path\":\"\",\"propertyPath\":\"/AUART\",\"modelName\":\"NewYardModel\"}"}]}
RESULT: undefined
COMMAND: POST /session/f31953e55de2d70fb971a65264fe9e98/execute/async - {"script":"<script> [776 bytes]","args":[{"enterText":"TA","selector":{"controlType":"sap.m.Input","viewName":"etm.portal.ui.manageyards.view.New","viewId":"application-manageyards-display-component---NewYard","bindingPath":{"path":"","propertyPath":"/AUART","modelName":"NewYardModel"},"interaction":{"idSuffix":"inner"}},"clearTextFirst":true,"interactionType":"ENTER_TEXT"}]}
RESULT: {"script":"<script> [776 bytes]","args":[{"enterText":"TA","selector":{"controlType":"sap.m.Input","viewName":"etm.portal.ui.manageyards.view.New","viewId":"application-manageyards-display-component---NewYard","bindingPath":{"path":"","propertyPath":"/AUART","modelName":"NewYardModel"},"interaction":{"idSuffix":"inner"}},"clearTextFirst":true,"interactionType":"ENTER_TEXT"}]}
COMMAND: POST /session/f31953e55de2d70fb971a65264fe9e98/element - {"using":"xpath","value":"//button[@data-kt=\"newYardSaveButton\"]"}
RESULT: {"using":"xpath","value":"//button[@data-kt=\"newYardSaveButton\"]"}
COMMAND: POST /session/f31953e55de2d70fb971a65264fe9e98/element/f.64D82B69FC2678D0F29344912A345B1C.d.53E2B38201050DC035FC8D577BF6B57B.e.7030/click - {}
RESULT: {}
COMMAND: GET /session/f31953e55de2d70fb971a65264fe9e98/screenshot - {}
RESULT: {}
COMMAND: POST /session/f31953e55de2d70fb971a65264fe9e98/element - {"using":"xpath","value":"//header[contains(@id, 'ObjectPageLayout-headerTitle')]/div[1]/div[2]/div[1]/span[1]"}
RESULT: {"using":"xpath","value":"//header[contains(@id, 'ObjectPageLayout-headerTitle')]/div[1]/div[2]/div[1]/span[1]"}
COMMAND: POST /session/f31953e55de2d70fb971a65264fe9e98/elements - {"using":"xpath","value":"//header[contains(@id, 'ObjectPageLayout-headerTitle')]/div[1]/div[2]/div[1]/span[1]"}
RESULT: {"using":"xpath","value":"//header[contains(@id, 'ObjectPageLayout-headerTitle')]/div[1]/div[2]/div[1]/span[1]"}
COMMAND: POST /session/f31953e55de2d70fb971a65264fe9e98/execute/sync - {"script":"<script> [56 bytes]","args":[{"element-6066-11e4-a52e-4f735466cecf":"f.64D82B69FC2678D0F29344912A345B1C.d.53E2B38201050DC035FC8D577BF6B57B.e.7351","ELEMENT":"f.64D82B69FC2678D0F29344912A345B1C.d.53E2B38201050DC035FC8D577BF6B57B.e.7351"}]}
RESULT: {"script":"<script> [56 bytes]","args":[{"element-6066-11e4-a52e-4f735466cecf":"f.64D82B69FC2678D0F29344912A345B1C.d.53E2B38201050DC035FC8D577BF6B57B.e.7351","ELEMENT":"f.64D82B69FC2678D0F29344912A345B1C.d.53E2B38201050DC035FC8D577BF6B57B.e.7351"}]}
COMMAND: GET /session/f31953e55de2d70fb971a65264fe9e98/screenshot - {}
RESULT: {}
COMMAND: POST /session/f31953e55de2d70fb971a65264fe9e98/element - {"using":"css selector","value":"#shell-header-logo"}
RESULT: {"using":"css selector","value":"#shell-header-logo"}
COMMAND: POST /session/f31953e55de2d70fb971a65264fe9e98/element/f.64D82B69FC2678D0F29344912A345B1C.d.53E2B38201050DC035FC8D577BF6B57B.e.6606/click - {}
RESULT: {}
COMMAND: GET /session/f31953e55de2d70fb971a65264fe9e98/screenshot - {}
RESULT: {}
COMMAND: POST /session/f31953e55de2d70fb971a65264fe9e98/execute/sync - {"script":"<script> [299 bytes]","args":[["getModel","getResource"]]}
RESULT: {"script":"<script> [299 bytes]","args":[["getModel","getResource"]]}
]]></system-out>
    </testcase>
    <testcase classname="chrome.136_0_7103_93.windows.Billing_Transfer_-_Intracompany_US127249" name="Should create a new partner" time="145.149">
      <system-out><![CDATA[
COMMAND: GET /session/f31953e55de2d70fb971a65264fe9e98/screenshot - {}
COMMAND: POST /session/f31953e55de2d70fb971a65264fe9e98/window/fullscreen - {}
RESULT: {}
RESULT: {}
COMMAND: POST /session/f31953e55de2d70fb971a65264fe9e98/execute/async - {"script":"<script> [1562 bytes]","args":[{"selector":{"controlType":"sap.m.GenericTile","properties":{"header":"Manage Partners"}},"wdio_ui5_key":"sapm.GenericTile{\"header\":\"Manage Partners\"}"}]}
RESULT: {"script":"<script> [1562 bytes]","args":[{"selector":{"controlType":"sap.m.GenericTile","properties":{"header":"Manage Partners"}},"wdio_ui5_key":"sapm.GenericTile{\"header\":\"Manage Partners\"}"}]}
RESULT: undefined
COMMAND: POST /session/f31953e55de2d70fb971a65264fe9e98/element - {"using":"xpath","value":"//*[@id=\"__tile38\"]"}
RESULT: {"using":"xpath","value":"//*[@id=\"__tile38\"]"}
COMMAND: POST /session/f31953e55de2d70fb971a65264fe9e98/element/f.64D82B69FC2678D0F29344912A345B1C.d.53E2B38201050DC035FC8D577BF6B57B.e.6491/click - {}
RESULT: {}
COMMAND: GET /session/f31953e55de2d70fb971a65264fe9e98/screenshot - {}
RESULT: {}
COMMAND: POST /session/f31953e55de2d70fb971a65264fe9e98/elements - {"using":"xpath","value":"//span[text()='Error']"}
RESULT: {"using":"xpath","value":"//span[text()='Error']"}
COMMAND: POST /session/f31953e55de2d70fb971a65264fe9e98/element - {"using":"xpath","value":"//button[@data-kt=\"addButton\"]"}
RESULT: {"using":"xpath","value":"//button[@data-kt=\"addButton\"]"}
COMMAND: POST /session/f31953e55de2d70fb971a65264fe9e98/elements - {"using":"xpath","value":"//button[@data-kt=\"addButton\"]"}
RESULT: {"using":"xpath","value":"//button[@data-kt=\"addButton\"]"}
COMMAND: POST /session/f31953e55de2d70fb971a65264fe9e98/execute/sync - {"script":"<script> [8489 bytes]","args":[{"element-6066-11e4-a52e-4f735466cecf":"f.64D82B69FC2678D0F29344912A345B1C.d.53E2B38201050DC035FC8D577BF6B57B.e.7400","ELEMENT":"f.64D82B69FC2678D0F29344912A345B1C.d.53E2B38201050DC035FC8D577BF6B57B.e.7400"}]}
RESULT: {"script":"<script> [8489 bytes]","args":[{"element-6066-11e4-a52e-4f735466cecf":"f.64D82B69FC2678D0F29344912A345B1C.d.53E2B38201050DC035FC8D577BF6B57B.e.7400","ELEMENT":"f.64D82B69FC2678D0F29344912A345B1C.d.53E2B38201050DC035FC8D577BF6B57B.e.7400"}]}
COMMAND: GET /session/f31953e55de2d70fb971a65264fe9e98/element/f.64D82B69FC2678D0F29344912A345B1C.d.53E2B38201050DC035FC8D577BF6B57B.e.7400/enabled - {}
COMMAND: GET /session/f31953e55de2d70fb971a65264fe9e98/screenshot - {}
RESULT: {}
COMMAND: POST /session/f31953e55de2d70fb971a65264fe9e98/execute/sync - {"script":"<script> [8489 bytes]","args":[{"element-6066-11e4-a52e-4f735466cecf":"f.64D82B69FC2678D0F29344912A345B1C.d.53E2B38201050DC035FC8D577BF6B57B.e.7400","ELEMENT":"f.64D82B69FC2678D0F29344912A345B1C.d.53E2B38201050DC035FC8D577BF6B57B.e.7400"}]}
COMMAND: GET /session/f31953e55de2d70fb971a65264fe9e98/screenshot - {}
RESULT: {}
RESULT: {"script":"<script> [8489 bytes]","args":[{"element-6066-11e4-a52e-4f735466cecf":"f.64D82B69FC2678D0F29344912A345B1C.d.53E2B38201050DC035FC8D577BF6B57B.e.7400","ELEMENT":"f.64D82B69FC2678D0F29344912A345B1C.d.53E2B38201050DC035FC8D577BF6B57B.e.7400"}]}
COMMAND: POST /session/f31953e55de2d70fb971a65264fe9e98/execute/sync - {"script":"<script> [5351 bytes]","args":[{"element-6066-11e4-a52e-4f735466cecf":"f.64D82B69FC2678D0F29344912A345B1C.d.53E2B38201050DC035FC8D577BF6B57B.e.7400","ELEMENT":"f.64D82B69FC2678D0F29344912A345B1C.d.53E2B38201050DC035FC8D577BF6B57B.e.7400"}]}
COMMAND: GET /session/f31953e55de2d70fb971a65264fe9e98/screenshot - {}
RESULT: {}
RESULT: {"script":"<script> [5351 bytes]","args":[{"element-6066-11e4-a52e-4f735466cecf":"f.64D82B69FC2678D0F29344912A345B1C.d.53E2B38201050DC035FC8D577BF6B57B.e.7400","ELEMENT":"f.64D82B69FC2678D0F29344912A345B1C.d.53E2B38201050DC035FC8D577BF6B57B.e.7400"}]}
COMMAND: POST /session/f31953e55de2d70fb971a65264fe9e98/element/f.64D82B69FC2678D0F29344912A345B1C.d.53E2B38201050DC035FC8D577BF6B57B.e.7400/click - {}
COMMAND: GET /session/f31953e55de2d70fb971a65264fe9e98/screenshot - {}
RESULT: {}
RESULT: {}
COMMAND: GET /session/f31953e55de2d70fb971a65264fe9e98/screenshot - {}
COMMAND: POST /session/f31953e55de2d70fb971a65264fe9e98/execute/async - {"script":"<script> [1562 bytes]","args":[{"selector":{"id":"application-managepartners-display-component---NewPartner--addressDetailDetailsName1","interaction":{"idSuffix":"inner"}},"wdio_ui5_key":"applicationmanagepartners-display-component---NewPartner--addressDetailDetailsName1"}]}
RESULT: {}
RESULT: {}
RESULT: {"script":"<script> [1562 bytes]","args":[{"selector":{"id":"application-managepartners-display-component---NewPartner--addressDetailDetailsName1","interaction":{"idSuffix":"inner"}},"wdio_ui5_key":"applicationmanagepartners-display-component---NewPartner--addressDetailDetailsName1"}]}
RESULT: undefined
COMMAND: POST /session/f31953e55de2d70fb971a65264fe9e98/execute/async - {"script":"<script> [776 bytes]","args":[{"enterText":"Intracompany Partner WDIO","selector":{"id":"application-managepartners-display-component---NewPartner--addressDetailDetailsName1","interaction":{"idSuffix":"inner"}},"clearTextFirst":true,"interactionType":"ENTER_TEXT"}]}
RESULT: {"script":"<script> [776 bytes]","args":[{"enterText":"Intracompany Partner WDIO","selector":{"id":"application-managepartners-display-component---NewPartner--addressDetailDetailsName1","interaction":{"idSuffix":"inner"}},"clearTextFirst":true,"interactionType":"ENTER_TEXT"}]}
COMMAND: POST /session/f31953e55de2d70fb971a65264fe9e98/execute/async - {"script":"<script> [1562 bytes]","args":[{"selector":{"id":"application-managepartners-display-component---NewPartner--addressDetailDetailsLanguage-arrow"},"wdio_ui5_key":"applicationmanagepartners-display-component---NewPartner--addressDetailDetailsLanguage-arrow"}]}
RESULT: {"script":"<script> [1562 bytes]","args":[{"selector":{"id":"application-managepartners-display-component---NewPartner--addressDetailDetailsLanguage-arrow"},"wdio_ui5_key":"applicationmanagepartners-display-component---NewPartner--addressDetailDetailsLanguage-arrow"}]}
RESULT: undefined
COMMAND: POST /session/f31953e55de2d70fb971a65264fe9e98/element - {"using":"xpath","value":"//*[@id=\"application-managepartners-display-component---NewPartner--addressDetailDetailsLanguage-arrow\"]"}
RESULT: {"using":"xpath","value":"//*[@id=\"application-managepartners-display-component---NewPartner--addressDetailDetailsLanguage-arrow\"]"}
COMMAND: POST /session/f31953e55de2d70fb971a65264fe9e98/element/f.64D82B69FC2678D0F29344912A345B1C.d.53E2B38201050DC035FC8D577BF6B57B.e.7851/click - {}
RESULT: {}
COMMAND: POST /session/f31953e55de2d70fb971a65264fe9e98/element - {"using":"xpath","value":"//span[contains(text(), \"English\")]"}
COMMAND: GET /session/f31953e55de2d70fb971a65264fe9e98/screenshot - {}
RESULT: {"using":"xpath","value":"//span[contains(text(), \"English\")]"}
COMMAND: POST /session/f31953e55de2d70fb971a65264fe9e98/element/f.64D82B69FC2678D0F29344912A345B1C.d.53E2B38201050DC035FC8D577BF6B57B.e.7852/click - {}
RESULT: {}
RESULT: {}
COMMAND: GET /session/f31953e55de2d70fb971a65264fe9e98/screenshot - {}
RESULT: {}
COMMAND: POST /session/f31953e55de2d70fb971a65264fe9e98/execute/async - {"script":"<script> [1562 bytes]","args":[{"selector":{"id":"application-managepartners-display-component---NewPartner--addressDetailDetailsCity1","interaction":{"idSuffix":"inner"}},"wdio_ui5_key":"applicationmanagepartners-display-component---NewPartner--addressDetailDetailsCity1"}]}
RESULT: {"script":"<script> [1562 bytes]","args":[{"selector":{"id":"application-managepartners-display-component---NewPartner--addressDetailDetailsCity1","interaction":{"idSuffix":"inner"}},"wdio_ui5_key":"applicationmanagepartners-display-component---NewPartner--addressDetailDetailsCity1"}]}
RESULT: undefined
COMMAND: POST /session/f31953e55de2d70fb971a65264fe9e98/execute/async - {"script":"<script> [776 bytes]","args":[{"enterText":"Rosario","selector":{"id":"application-managepartners-display-component---NewPartner--addressDetailDetailsCity1","interaction":{"idSuffix":"inner"}},"clearTextFirst":true,"interactionType":"ENTER_TEXT"}]}
RESULT: {"script":"<script> [776 bytes]","args":[{"enterText":"Rosario","selector":{"id":"application-managepartners-display-component---NewPartner--addressDetailDetailsCity1","interaction":{"idSuffix":"inner"}},"clearTextFirst":true,"interactionType":"ENTER_TEXT"}]}
COMMAND: POST /session/f31953e55de2d70fb971a65264fe9e98/execute/async - {"script":"<script> [1562 bytes]","args":[{"selector":{"id":"application-managepartners-display-component---NewPartner--addressDetailDetailsCountry-arrow"},"wdio_ui5_key":"applicationmanagepartners-display-component---NewPartner--addressDetailDetailsCountry-arrow"}]}
RESULT: {"script":"<script> [1562 bytes]","args":[{"selector":{"id":"application-managepartners-display-component---NewPartner--addressDetailDetailsCountry-arrow"},"wdio_ui5_key":"applicationmanagepartners-display-component---NewPartner--addressDetailDetailsCountry-arrow"}]}
RESULT: undefined
COMMAND: POST /session/f31953e55de2d70fb971a65264fe9e98/element - {"using":"xpath","value":"//*[@id=\"application-managepartners-display-component---NewPartner--addressDetailDetailsCountry-arrow\"]"}
RESULT: {"using":"xpath","value":"//*[@id=\"application-managepartners-display-component---NewPartner--addressDetailDetailsCountry-arrow\"]"}
COMMAND: POST /session/f31953e55de2d70fb971a65264fe9e98/element/f.64D82B69FC2678D0F29344912A345B1C.d.53E2B38201050DC035FC8D577BF6B57B.e.7819/click - {}
RESULT: {}
COMMAND: POST /session/f31953e55de2d70fb971a65264fe9e98/element - {"using":"xpath","value":"//span[contains(text(), \"Argentina\")]"}
COMMAND: GET /session/f31953e55de2d70fb971a65264fe9e98/screenshot - {}
RESULT: {"using":"xpath","value":"//span[contains(text(), \"Argentina\")]"}
COMMAND: POST /session/f31953e55de2d70fb971a65264fe9e98/element/f.64D82B69FC2678D0F29344912A345B1C.d.53E2B38201050DC035FC8D577BF6B57B.e.7854/click - {}
RESULT: {}
RESULT: {}
COMMAND: GET /session/f31953e55de2d70fb971a65264fe9e98/screenshot - {}
RESULT: {}
COMMAND: POST /session/f31953e55de2d70fb971a65264fe9e98/element - {"using":"xpath","value":"//bdi[contains(text(), \"Commercial\")]"}
RESULT: {"using":"xpath","value":"//bdi[contains(text(), \"Commercial\")]"}
COMMAND: POST /session/f31953e55de2d70fb971a65264fe9e98/element/f.64D82B69FC2678D0F29344912A345B1C.d.53E2B38201050DC035FC8D577BF6B57B.e.7855/click - {}
RESULT: {}
COMMAND: GET /session/f31953e55de2d70fb971a65264fe9e98/screenshot - {}
RESULT: {}
COMMAND: POST /session/f31953e55de2d70fb971a65264fe9e98/execute/async - {"script":"<script> [1562 bytes]","args":[{"selector":{"id":"application-managepartners-display-component---NewPartner--partnerDetailInternal-arrow"},"wdio_ui5_key":"applicationmanagepartners-display-component---NewPartner--partnerDetailInternal-arrow"}]}
RESULT: {"script":"<script> [1562 bytes]","args":[{"selector":{"id":"application-managepartners-display-component---NewPartner--partnerDetailInternal-arrow"},"wdio_ui5_key":"applicationmanagepartners-display-component---NewPartner--partnerDetailInternal-arrow"}]}
RESULT: undefined
COMMAND: POST /session/f31953e55de2d70fb971a65264fe9e98/element - {"using":"xpath","value":"//*[@id=\"application-managepartners-display-component---NewPartner--partnerDetailInternal-arrow\"]"}
RESULT: {"using":"xpath","value":"//*[@id=\"application-managepartners-display-component---NewPartner--partnerDetailInternal-arrow\"]"}
COMMAND: POST /session/f31953e55de2d70fb971a65264fe9e98/element/f.64D82B69FC2678D0F29344912A345B1C.d.53E2B38201050DC035FC8D577BF6B57B.e.7861/click - {}
RESULT: {}
COMMAND: POST /session/f31953e55de2d70fb971a65264fe9e98/element - {"using":"xpath","value":"//span[contains(text(), \"Affiliated company\")]"}
COMMAND: GET /session/f31953e55de2d70fb971a65264fe9e98/screenshot - {}
RESULT: {"using":"xpath","value":"//span[contains(text(), \"Affiliated company\")]"}
COMMAND: POST /session/f31953e55de2d70fb971a65264fe9e98/element/f.64D82B69FC2678D0F29344912A345B1C.d.53E2B38201050DC035FC8D577BF6B57B.e.7862/click - {}
RESULT: {}
RESULT: {}
COMMAND: POST /session/f31953e55de2d70fb971a65264fe9e98/execute/async - {"script":"<script> [1562 bytes]","args":[{"selector":{"id":"application-managepartners-display-component---NewPartner--partnerDetailsCurrency-arrow"},"wdio_ui5_key":"applicationmanagepartners-display-component---NewPartner--partnerDetailsCurrency-arrow"}]}
COMMAND: GET /session/f31953e55de2d70fb971a65264fe9e98/screenshot - {}
RESULT: {"script":"<script> [1562 bytes]","args":[{"selector":{"id":"application-managepartners-display-component---NewPartner--partnerDetailsCurrency-arrow"},"wdio_ui5_key":"applicationmanagepartners-display-component---NewPartner--partnerDetailsCurrency-arrow"}]}
RESULT: undefined
COMMAND: POST /session/f31953e55de2d70fb971a65264fe9e98/element - {"using":"xpath","value":"//*[@id=\"application-managepartners-display-component---NewPartner--partnerDetailsCurrency-arrow\"]"}
RESULT: {}
RESULT: {"using":"xpath","value":"//*[@id=\"application-managepartners-display-component---NewPartner--partnerDetailsCurrency-arrow\"]"}
COMMAND: POST /session/f31953e55de2d70fb971a65264fe9e98/element/f.64D82B69FC2678D0F29344912A345B1C.d.53E2B38201050DC035FC8D577BF6B57B.e.7869/click - {}
RESULT: {}
COMMAND: POST /session/f31953e55de2d70fb971a65264fe9e98/element - {"using":"xpath","value":"//span[contains(text(), \"Euro\")]"}
COMMAND: GET /session/f31953e55de2d70fb971a65264fe9e98/screenshot - {}
RESULT: {"using":"xpath","value":"//span[contains(text(), \"Euro\")]"}
COMMAND: POST /session/f31953e55de2d70fb971a65264fe9e98/element/f.64D82B69FC2678D0F29344912A345B1C.d.53E2B38201050DC035FC8D577BF6B57B.e.7870/click - {}
RESULT: {}
RESULT: {}
COMMAND: POST /session/f31953e55de2d70fb971a65264fe9e98/execute/async - {"script":"<script> [1562 bytes]","args":[{"selector":{"id":"application-managepartners-display-component---NewPartner--addressEditDetailsCostObjectCstType-arrow"},"wdio_ui5_key":"applicationmanagepartners-display-component---NewPartner--addressEditDetailsCostObjectCstType-arrow"}]}
COMMAND: GET /session/f31953e55de2d70fb971a65264fe9e98/screenshot - {}
RESULT: {"script":"<script> [1562 bytes]","args":[{"selector":{"id":"application-managepartners-display-component---NewPartner--addressEditDetailsCostObjectCstType-arrow"},"wdio_ui5_key":"applicationmanagepartners-display-component---NewPartner--addressEditDetailsCostObjectCstType-arrow"}]}
RESULT: undefined
COMMAND: POST /session/f31953e55de2d70fb971a65264fe9e98/element - {"using":"xpath","value":"//*[@id=\"application-managepartners-display-component---NewPartner--addressEditDetailsCostObjectCstType-arrow\"]"}
RESULT: {}
RESULT: {"using":"xpath","value":"//*[@id=\"application-managepartners-display-component---NewPartner--addressEditDetailsCostObjectCstType-arrow\"]"}
COMMAND: POST /session/f31953e55de2d70fb971a65264fe9e98/element/f.64D82B69FC2678D0F29344912A345B1C.d.53E2B38201050DC035FC8D577BF6B57B.e.7871/click - {}
RESULT: {}
COMMAND: POST /session/f31953e55de2d70fb971a65264fe9e98/element - {"using":"xpath","value":"//span[contains(text(), \"Cost Center\")]"}
COMMAND: GET /session/f31953e55de2d70fb971a65264fe9e98/screenshot - {}
RESULT: {"using":"xpath","value":"//span[contains(text(), \"Cost Center\")]"}
COMMAND: POST /session/f31953e55de2d70fb971a65264fe9e98/element/f.64D82B69FC2678D0F29344912A345B1C.d.53E2B38201050DC035FC8D577BF6B57B.e.7872/click - {}
RESULT: {}
RESULT: {}
COMMAND: GET /session/f31953e55de2d70fb971a65264fe9e98/screenshot - {}
RESULT: {}
COMMAND: POST /session/f31953e55de2d70fb971a65264fe9e98/element - {"using":"xpath","value":"//span[@id=\"application-managepartners-display-component---NewPartner--addressNewCostObjectCstID-vhi\"]"}
RESULT: {"using":"xpath","value":"//span[@id=\"application-managepartners-display-component---NewPartner--addressNewCostObjectCstID-vhi\"]"}
COMMAND: POST /session/f31953e55de2d70fb971a65264fe9e98/execute/sync - {"script":"<script> [8489 bytes]","args":[{"element-6066-11e4-a52e-4f735466cecf":"f.64D82B69FC2678D0F29344912A345B1C.d.53E2B38201050DC035FC8D577BF6B57B.e.7876","ELEMENT":"f.64D82B69FC2678D0F29344912A345B1C.d.53E2B38201050DC035FC8D577BF6B57B.e.7876"}]}
RESULT: {"script":"<script> [8489 bytes]","args":[{"element-6066-11e4-a52e-4f735466cecf":"f.64D82B69FC2678D0F29344912A345B1C.d.53E2B38201050DC035FC8D577BF6B57B.e.7876","ELEMENT":"f.64D82B69FC2678D0F29344912A345B1C.d.53E2B38201050DC035FC8D577BF6B57B.e.7876"}]}
COMMAND: POST /session/f31953e55de2d70fb971a65264fe9e98/execute/async - {"script":"<script> [1562 bytes]","args":[{"selector":{"id":"application-managepartners-display-component---NewPartner--addressNewCostObjectCstID-vhi"},"wdio_ui5_key":"applicationmanagepartners-display-component---NewPartner--addressNewCostObjectCstID-vhi"}]}
COMMAND: GET /session/f31953e55de2d70fb971a65264fe9e98/screenshot - {}
RESULT: {"script":"<script> [1562 bytes]","args":[{"selector":{"id":"application-managepartners-display-component---NewPartner--addressNewCostObjectCstID-vhi"},"wdio_ui5_key":"applicationmanagepartners-display-component---NewPartner--addressNewCostObjectCstID-vhi"}]}
RESULT: undefined
COMMAND: POST /session/f31953e55de2d70fb971a65264fe9e98/element - {"using":"xpath","value":"//*[@id=\"application-managepartners-display-component---NewPartner--addressNewCostObjectCstID-vhi\"]"}
RESULT: {}
RESULT: {"using":"xpath","value":"//*[@id=\"application-managepartners-display-component---NewPartner--addressNewCostObjectCstID-vhi\"]"}
COMMAND: POST /session/f31953e55de2d70fb971a65264fe9e98/element/f.64D82B69FC2678D0F29344912A345B1C.d.53E2B38201050DC035FC8D577BF6B57B.e.7876/click - {}
RESULT: {}
COMMAND: GET /session/f31953e55de2d70fb971a65264fe9e98/screenshot - {}
RESULT: {}
RESULT: undefined
COMMAND: POST /session/f31953e55de2d70fb971a65264fe9e98/execute/async - {"script":"<script> [776 bytes]","args":[{"enterText":"10001013","selector":{"controlType":"sap.m.SearchField","properties":{"placeholder":"Search"},"searchOpenDialogs":true,"interaction":{"idSuffix":"I"}},"clearTextFirst":true,"interactionType":"ENTER_TEXT"}]}
RESULT: {"script":"<script> [776 bytes]","args":[{"enterText":"10001013","selector":{"controlType":"sap.m.SearchField","properties":{"placeholder":"Search"},"searchOpenDialogs":true,"interaction":{"idSuffix":"I"}},"clearTextFirst":true,"interactionType":"ENTER_TEXT"}]}
COMMAND: POST /session/f31953e55de2d70fb971a65264fe9e98/actions - {"actions":[{"id":"action25","type":"key","parameters":{},"actions":[{"type":"keyDown","value":"î€‡"},{"type":"pause","duration":10},{"type":"keyUp","value":"î€‡"}]}]}
RESULT: {"actions":[{"id":"action25","type":"key","parameters":{},"actions":[{"type":"keyDown","value":"î€‡"},{"type":"pause","duration":10},{"type":"keyUp","value":"î€‡"}]}]}
COMMAND: GET /session/f31953e55de2d70fb971a65264fe9e98/screenshot - {}
RESULT: {}
COMMAND: POST /session/f31953e55de2d70fb971a65264fe9e98/element - {"using":"xpath","value":"//span[contains(text(), \"General Management\")]"}
RESULT: {"using":"xpath","value":"//span[contains(text(), \"General Management\")]"}
COMMAND: POST /session/f31953e55de2d70fb971a65264fe9e98/element/f.64D82B69FC2678D0F29344912A345B1C.d.53E2B38201050DC035FC8D577BF6B57B.e.7915/click - {}
RESULT: {}
COMMAND: GET /session/f31953e55de2d70fb971a65264fe9e98/screenshot - {}
RESULT: {}
COMMAND: POST /session/f31953e55de2d70fb971a65264fe9e98/element - {"using":"xpath","value":"//bdi[contains(text(), \"OK\")]"}
RESULT: {"using":"xpath","value":"//bdi[contains(text(), \"OK\")]"}
COMMAND: POST /session/f31953e55de2d70fb971a65264fe9e98/element/f.64D82B69FC2678D0F29344912A345B1C.d.53E2B38201050DC035FC8D577BF6B57B.e.7916/click - {}
RESULT: {}
COMMAND: GET /session/f31953e55de2d70fb971a65264fe9e98/screenshot - {}
RESULT: {}
COMMAND: POST /session/f31953e55de2d70fb971a65264fe9e98/element - {"using":"xpath","value":"//input[@id=\"application-managepartners-display-component---NewPartner--companyCodeComboBox-inner\"]"}
RESULT: {"using":"xpath","value":"//input[@id=\"application-managepartners-display-component---NewPartner--companyCodeComboBox-inner\"]"}
COMMAND: POST /session/f31953e55de2d70fb971a65264fe9e98/element/f.64D82B69FC2678D0F29344912A345B1C.d.53E2B38201050DC035FC8D577BF6B57B.e.7718/clear - {}
RESULT: {}
COMMAND: POST /session/f31953e55de2d70fb971a65264fe9e98/element/f.64D82B69FC2678D0F29344912A345B1C.d.53E2B38201050DC035FC8D577BF6B57B.e.7718/value - {"text":"1000"}
COMMAND: GET /session/f31953e55de2d70fb971a65264fe9e98/screenshot - {}
RESULT: {"text":"1000"}
COMMAND: GET /session/f31953e55de2d70fb971a65264fe9e98/screenshot - {}
RESULT: {}
RESULT: {}
COMMAND: POST /session/f31953e55de2d70fb971a65264fe9e98/element - {"using":"xpath","value":"//li[.//span[text()= \"1000\"]]"}
RESULT: {"using":"xpath","value":"//li[.//span[text()= \"1000\"]]"}
COMMAND: POST /session/f31953e55de2d70fb971a65264fe9e98/element/f.64D82B69FC2678D0F29344912A345B1C.d.53E2B38201050DC035FC8D577BF6B57B.e.7922/click - {}
RESULT: {}
COMMAND: GET /session/f31953e55de2d70fb971a65264fe9e98/screenshot - {}
RESULT: {}
COMMAND: POST /session/f31953e55de2d70fb971a65264fe9e98/execute/async - {"script":"<script> [1562 bytes]","args":[{"selector":{"id":"application-managepartners-display-component---NewPartner--btnAddTableRow-img"},"wdio_ui5_key":"applicationmanagepartners-display-component---NewPartner--btnAddTableRow-img"}]}
RESULT: {"script":"<script> [1562 bytes]","args":[{"selector":{"id":"application-managepartners-display-component---NewPartner--btnAddTableRow-img"},"wdio_ui5_key":"applicationmanagepartners-display-component---NewPartner--btnAddTableRow-img"}]}
RESULT: undefined
COMMAND: POST /session/f31953e55de2d70fb971a65264fe9e98/element - {"using":"xpath","value":"//*[@id=\"application-managepartners-display-component---NewPartner--btnAddTableRow-img\"]"}
RESULT: {"using":"xpath","value":"//*[@id=\"application-managepartners-display-component---NewPartner--btnAddTableRow-img\"]"}
COMMAND: POST /session/f31953e55de2d70fb971a65264fe9e98/element/f.64D82B69FC2678D0F29344912A345B1C.d.53E2B38201050DC035FC8D577BF6B57B.e.7923/click - {}
RESULT: {}
COMMAND: GET /session/f31953e55de2d70fb971a65264fe9e98/screenshot - {}
RESULT: {}
COMMAND: POST /session/f31953e55de2d70fb971a65264fe9e98/element - {"using":"xpath","value":"//input[@id=\"application-managepartners-display-component---NewPartner--assignmentYard-application-managepartners-display-component---NewPartner--assignmentsTable-0-inner\"]"}
RESULT: {"using":"xpath","value":"//input[@id=\"application-managepartners-display-component---NewPartner--assignmentYard-application-managepartners-display-component---NewPartner--assignmentsTable-0-inner\"]"}
COMMAND: POST /session/f31953e55de2d70fb971a65264fe9e98/element/f.64D82B69FC2678D0F29344912A345B1C.d.53E2B38201050DC035FC8D577BF6B57B.e.7926/clear - {}
RESULT: {}
COMMAND: POST /session/f31953e55de2d70fb971a65264fe9e98/element/f.64D82B69FC2678D0F29344912A345B1C.d.53E2B38201050DC035FC8D577BF6B57B.e.7926/value - {"text":"603"}
COMMAND: GET /session/f31953e55de2d70fb971a65264fe9e98/screenshot - {}
RESULT: {"text":"603"}
COMMAND: GET /session/f31953e55de2d70fb971a65264fe9e98/screenshot - {}
RESULT: {}
RESULT: {}
COMMAND: POST /session/f31953e55de2d70fb971a65264fe9e98/element - {"using":"xpath","value":"//li[.//span[text()='603']]"}
RESULT: {"using":"xpath","value":"//li[.//span[text()='603']]"}
COMMAND: POST /session/f31953e55de2d70fb971a65264fe9e98/element/f.64D82B69FC2678D0F29344912A345B1C.d.53E2B38201050DC035FC8D577BF6B57B.e.7935/click - {}
RESULT: {}
COMMAND: GET /session/f31953e55de2d70fb971a65264fe9e98/screenshot - {}
RESULT: {}
COMMAND: POST /session/f31953e55de2d70fb971a65264fe9e98/actions - {"actions":[{"id":"action26","type":"key","parameters":{},"actions":[{"type":"keyDown","value":"î€‡"},{"type":"pause","duration":10},{"type":"keyUp","value":"î€‡"}]}]}
RESULT: {"actions":[{"id":"action26","type":"key","parameters":{},"actions":[{"type":"keyDown","value":"î€‡"},{"type":"pause","duration":10},{"type":"keyUp","value":"î€‡"}]}]}
COMMAND: POST /session/f31953e55de2d70fb971a65264fe9e98/execute/async - {"script":"<script> [1562 bytes]","args":[{"selector":{"id":"application-managepartners-display-component---NewPartner--externalCustomerComboBox-application-managepartners-display-component---NewPartner--assignmentsTable-0-vhi"},"wdio_ui5_key":"applicationmanagepartners-display-component---NewPartner--externalCustomerComboBox-application-managepartners-display-component---NewPartner--assignmentsTable-0-vhi"}]}
COMMAND: GET /session/f31953e55de2d70fb971a65264fe9e98/screenshot - {}
RESULT: {"script":"<script> [1562 bytes]","args":[{"selector":{"id":"application-managepartners-display-component---NewPartner--externalCustomerComboBox-application-managepartners-display-component---NewPartner--assignmentsTable-0-vhi"},"wdio_ui5_key":"applicationmanagepartners-display-component---NewPartner--externalCustomerComboBox-application-managepartners-display-component---NewPartner--assignmentsTable-0-vhi"}]}
RESULT: undefined
COMMAND: POST /session/f31953e55de2d70fb971a65264fe9e98/element - {"using":"xpath","value":"//*[@id=\"application-managepartners-display-component---NewPartner--externalCustomerComboBox-application-managepartners-display-component---NewPartner--assignmentsTable-0-vhi\"]"}
RESULT: {}
RESULT: {"using":"xpath","value":"//*[@id=\"application-managepartners-display-component---NewPartner--externalCustomerComboBox-application-managepartners-display-component---NewPartner--assignmentsTable-0-vhi\"]"}
COMMAND: POST /session/f31953e55de2d70fb971a65264fe9e98/element/f.64D82B69FC2678D0F29344912A345B1C.d.53E2B38201050DC035FC8D577BF6B57B.e.7939/click - {}
RESULT: {}
RESULT: undefined
COMMAND: POST /session/f31953e55de2d70fb971a65264fe9e98/execute/async - {"script":"<script> [776 bytes]","args":[{"enterText":"300003","selector":{"controlType":"sap.m.SearchField","properties":{"placeholder":"Search"},"searchOpenDialogs":true,"interaction":{"idSuffix":"I"}},"clearTextFirst":true,"interactionType":"ENTER_TEXT"}]}
COMMAND: GET /session/f31953e55de2d70fb971a65264fe9e98/screenshot - {}
RESULT: {"script":"<script> [776 bytes]","args":[{"enterText":"300003","selector":{"controlType":"sap.m.SearchField","properties":{"placeholder":"Search"},"searchOpenDialogs":true,"interaction":{"idSuffix":"I"}},"clearTextFirst":true,"interactionType":"ENTER_TEXT"}]}
COMMAND: POST /session/f31953e55de2d70fb971a65264fe9e98/actions - {"actions":[{"id":"action27","type":"key","parameters":{},"actions":[{"type":"keyDown","value":"î€‡"},{"type":"pause","duration":10},{"type":"keyUp","value":"î€‡"}]}]}
RESULT: {}
RESULT: {"actions":[{"id":"action27","type":"key","parameters":{},"actions":[{"type":"keyDown","value":"î€‡"},{"type":"pause","duration":10},{"type":"keyUp","value":"î€‡"}]}]}
COMMAND: GET /session/f31953e55de2d70fb971a65264fe9e98/screenshot - {}
RESULT: {}
COMMAND: POST /session/f31953e55de2d70fb971a65264fe9e98/element - {"using":"xpath","value":"//span[contains(text(), \"300003\")]"}
RESULT: {"using":"xpath","value":"//span[contains(text(), \"300003\")]"}
COMMAND: POST /session/f31953e55de2d70fb971a65264fe9e98/element/f.64D82B69FC2678D0F29344912A345B1C.d.53E2B38201050DC035FC8D577BF6B57B.e.7956/click - {}
RESULT: {}
COMMAND: GET /session/f31953e55de2d70fb971a65264fe9e98/screenshot - {}
RESULT: {}
COMMAND: POST /session/f31953e55de2d70fb971a65264fe9e98/element - {"using":"xpath","value":"//bdi[contains(text(), \"OK\")]"}
RESULT: {"using":"xpath","value":"//bdi[contains(text(), \"OK\")]"}
COMMAND: POST /session/f31953e55de2d70fb971a65264fe9e98/element/f.64D82B69FC2678D0F29344912A345B1C.d.53E2B38201050DC035FC8D577BF6B57B.e.7958/click - {}
RESULT: {}
COMMAND: GET /session/f31953e55de2d70fb971a65264fe9e98/screenshot - {}
RESULT: {}
COMMAND: POST /session/f31953e55de2d70fb971a65264fe9e98/execute/async - {"script":"<script> [1562 bytes]","args":[{"selector":{"id":"application-managepartners-display-component---NewPartner--intercompVendorComboBox-application-managepartners-display-component---NewPartner--assignmentsTable-0-vhi"},"wdio_ui5_key":"applicationmanagepartners-display-component---NewPartner--intercompVendorComboBox-application-managepartners-display-component---NewPartner--assignmentsTable-0-vhi"}]}
RESULT: {"script":"<script> [1562 bytes]","args":[{"selector":{"id":"application-managepartners-display-component---NewPartner--intercompVendorComboBox-application-managepartners-display-component---NewPartner--assignmentsTable-0-vhi"},"wdio_ui5_key":"applicationmanagepartners-display-component---NewPartner--intercompVendorComboBox-application-managepartners-display-component---NewPartner--assignmentsTable-0-vhi"}]}
RESULT: undefined
COMMAND: POST /session/f31953e55de2d70fb971a65264fe9e98/element - {"using":"xpath","value":"//*[@id=\"application-managepartners-display-component---NewPartner--intercompVendorComboBox-application-managepartners-display-component---NewPartner--assignmentsTable-0-vhi\"]"}
RESULT: {"using":"xpath","value":"//*[@id=\"application-managepartners-display-component---NewPartner--intercompVendorComboBox-application-managepartners-display-component---NewPartner--assignmentsTable-0-vhi\"]"}
COMMAND: POST /session/f31953e55de2d70fb971a65264fe9e98/element/f.64D82B69FC2678D0F29344912A345B1C.d.53E2B38201050DC035FC8D577BF6B57B.e.7962/click - {}
RESULT: {}
RESULT: undefined
COMMAND: POST /session/f31953e55de2d70fb971a65264fe9e98/execute/async - {"script":"<script> [776 bytes]","args":[{"enterText":"100005","selector":{"controlType":"sap.m.SearchField","properties":{"placeholder":"Search"},"searchOpenDialogs":true,"interaction":{"idSuffix":"I"}},"clearTextFirst":true,"interactionType":"ENTER_TEXT"}]}
COMMAND: GET /session/f31953e55de2d70fb971a65264fe9e98/screenshot - {}
RESULT: {"script":"<script> [776 bytes]","args":[{"enterText":"100005","selector":{"controlType":"sap.m.SearchField","properties":{"placeholder":"Search"},"searchOpenDialogs":true,"interaction":{"idSuffix":"I"}},"clearTextFirst":true,"interactionType":"ENTER_TEXT"}]}
COMMAND: POST /session/f31953e55de2d70fb971a65264fe9e98/actions - {"actions":[{"id":"action28","type":"key","parameters":{},"actions":[{"type":"keyDown","value":"î€‡"},{"type":"pause","duration":10},{"type":"keyUp","value":"î€‡"}]}]}
RESULT: {}
RESULT: {"actions":[{"id":"action28","type":"key","parameters":{},"actions":[{"type":"keyDown","value":"î€‡"},{"type":"pause","duration":10},{"type":"keyUp","value":"î€‡"}]}]}
COMMAND: GET /session/f31953e55de2d70fb971a65264fe9e98/screenshot - {}
RESULT: {}
COMMAND: POST /session/f31953e55de2d70fb971a65264fe9e98/element - {"using":"xpath","value":"//span[contains(text(), \"Penguins - Field/12345 Berlin\")]"}
RESULT: {"using":"xpath","value":"//span[contains(text(), \"Penguins - Field/12345 Berlin\")]"}
COMMAND: POST /session/f31953e55de2d70fb971a65264fe9e98/element/f.64D82B69FC2678D0F29344912A345B1C.d.53E2B38201050DC035FC8D577BF6B57B.e.7979/click - {}
RESULT: {}
COMMAND: GET /session/f31953e55de2d70fb971a65264fe9e98/screenshot - {}
RESULT: {}
COMMAND: POST /session/f31953e55de2d70fb971a65264fe9e98/element - {"using":"xpath","value":"//bdi[contains(text(), \"OK\")]"}
RESULT: {"using":"xpath","value":"//bdi[contains(text(), \"OK\")]"}
COMMAND: POST /session/f31953e55de2d70fb971a65264fe9e98/element/f.64D82B69FC2678D0F29344912A345B1C.d.53E2B38201050DC035FC8D577BF6B57B.e.7980/click - {}
RESULT: {}
COMMAND: GET /session/f31953e55de2d70fb971a65264fe9e98/screenshot - {}
RESULT: {}
COMMAND: POST /session/f31953e55de2d70fb971a65264fe9e98/element - {"using":"xpath","value":"//button[@data-kt=\"saveButton\"]"}
RESULT: {"using":"xpath","value":"//button[@data-kt=\"saveButton\"]"}
COMMAND: POST /session/f31953e55de2d70fb971a65264fe9e98/element/f.64D82B69FC2678D0F29344912A345B1C.d.53E2B38201050DC035FC8D577BF6B57B.e.7757/click - {}
RESULT: {}
COMMAND: GET /session/f31953e55de2d70fb971a65264fe9e98/screenshot - {}
RESULT: {}
COMMAND: POST /session/f31953e55de2d70fb971a65264fe9e98/element - {"using":"xpath","value":"//header[contains(@id, 'ObjectPageLayout-headerTitle')]/div[1]/div[2]/div[2]/span[1]"}
RESULT: {"using":"xpath","value":"//header[contains(@id, 'ObjectPageLayout-headerTitle')]/div[1]/div[2]/div[2]/span[1]"}
COMMAND: POST /session/f31953e55de2d70fb971a65264fe9e98/elements - {"using":"xpath","value":"//header[contains(@id, 'ObjectPageLayout-headerTitle')]/div[1]/div[2]/div[2]/span[1]"}
RESULT: {"using":"xpath","value":"//header[contains(@id, 'ObjectPageLayout-headerTitle')]/div[1]/div[2]/div[2]/span[1]"}
COMMAND: POST /session/f31953e55de2d70fb971a65264fe9e98/execute/sync - {"script":"<script> [56 bytes]","args":[{"element-6066-11e4-a52e-4f735466cecf":"f.64D82B69FC2678D0F29344912A345B1C.d.53E2B38201050DC035FC8D577BF6B57B.e.8147","ELEMENT":"f.64D82B69FC2678D0F29344912A345B1C.d.53E2B38201050DC035FC8D577BF6B57B.e.8147"}]}
RESULT: {"script":"<script> [56 bytes]","args":[{"element-6066-11e4-a52e-4f735466cecf":"f.64D82B69FC2678D0F29344912A345B1C.d.53E2B38201050DC035FC8D577BF6B57B.e.8147","ELEMENT":"f.64D82B69FC2678D0F29344912A345B1C.d.53E2B38201050DC035FC8D577BF6B57B.e.8147"}]}
COMMAND: POST /session/f31953e55de2d70fb971a65264fe9e98/element - {"using":"css selector","value":"#shell-header-logo"}
COMMAND: GET /session/f31953e55de2d70fb971a65264fe9e98/screenshot - {}
RESULT: {"using":"css selector","value":"#shell-header-logo"}
COMMAND: POST /session/f31953e55de2d70fb971a65264fe9e98/element/f.64D82B69FC2678D0F29344912A345B1C.d.53E2B38201050DC035FC8D577BF6B57B.e.7355/click - {}
RESULT: {}
RESULT: {}
COMMAND: GET /session/f31953e55de2d70fb971a65264fe9e98/screenshot - {}
RESULT: {}
COMMAND: POST /session/f31953e55de2d70fb971a65264fe9e98/execute/sync - {"script":"<script> [299 bytes]","args":[["getModel","getResource"]]}
RESULT: {"script":"<script> [299 bytes]","args":[["getModel","getResource"]]}
]]></system-out>
    </testcase>
    <testcase classname="chrome.136_0_7103_93.windows.Billing_Transfer_-_Intracompany_US127249" name="Should create a new site" time="111.462">
      <system-out><![CDATA[
COMMAND: GET /session/f31953e55de2d70fb971a65264fe9e98/screenshot - {}
COMMAND: POST /session/f31953e55de2d70fb971a65264fe9e98/execute/async - {"script":"<script> [1562 bytes]","args":[{"selector":{"controlType":"sap.m.GenericTile","properties":{"header":"Manage Sites"}},"wdio_ui5_key":"sapm.GenericTile{\"header\":\"Manage Sites\"}"}]}
RESULT: {}
RESULT: {"script":"<script> [1562 bytes]","args":[{"selector":{"controlType":"sap.m.GenericTile","properties":{"header":"Manage Sites"}},"wdio_ui5_key":"sapm.GenericTile{\"header\":\"Manage Sites\"}"}]}
RESULT: undefined
COMMAND: POST /session/f31953e55de2d70fb971a65264fe9e98/element - {"using":"xpath","value":"//*[@id=\"__tile40\"]"}
RESULT: {"using":"xpath","value":"//*[@id=\"__tile40\"]"}
COMMAND: POST /session/f31953e55de2d70fb971a65264fe9e98/element/f.64D82B69FC2678D0F29344912A345B1C.d.53E2B38201050DC035FC8D577BF6B57B.e.6497/click - {}
RESULT: {}
COMMAND: GET /session/f31953e55de2d70fb971a65264fe9e98/screenshot - {}
COMMAND: POST /session/f31953e55de2d70fb971a65264fe9e98/elements - {"using":"xpath","value":"//span[text()='Error']"}
RESULT: {}
RESULT: {"using":"xpath","value":"//span[text()='Error']"}
COMMAND: POST /session/f31953e55de2d70fb971a65264fe9e98/element - {"using":"xpath","value":"//button[@data-kt=\"addOverflowToolbarButton\"]"}
RESULT: {"using":"xpath","value":"//button[@data-kt=\"addOverflowToolbarButton\"]"}
COMMAND: POST /session/f31953e55de2d70fb971a65264fe9e98/elements - {"using":"xpath","value":"//button[@data-kt=\"addOverflowToolbarButton\"]"}
RESULT: {"using":"xpath","value":"//button[@data-kt=\"addOverflowToolbarButton\"]"}
COMMAND: POST /session/f31953e55de2d70fb971a65264fe9e98/execute/sync - {"script":"<script> [8489 bytes]","args":[{"element-6066-11e4-a52e-4f735466cecf":"f.64D82B69FC2678D0F29344912A345B1C.d.53E2B38201050DC035FC8D577BF6B57B.e.8195","ELEMENT":"f.64D82B69FC2678D0F29344912A345B1C.d.53E2B38201050DC035FC8D577BF6B57B.e.8195"}]}
RESULT: {"script":"<script> [8489 bytes]","args":[{"element-6066-11e4-a52e-4f735466cecf":"f.64D82B69FC2678D0F29344912A345B1C.d.53E2B38201050DC035FC8D577BF6B57B.e.8195","ELEMENT":"f.64D82B69FC2678D0F29344912A345B1C.d.53E2B38201050DC035FC8D577BF6B57B.e.8195"}]}
COMMAND: GET /session/f31953e55de2d70fb971a65264fe9e98/element/f.64D82B69FC2678D0F29344912A345B1C.d.53E2B38201050DC035FC8D577BF6B57B.e.8195/enabled - {}
COMMAND: GET /session/f31953e55de2d70fb971a65264fe9e98/screenshot - {}
RESULT: {}
COMMAND: POST /session/f31953e55de2d70fb971a65264fe9e98/execute/sync - {"script":"<script> [8489 bytes]","args":[{"element-6066-11e4-a52e-4f735466cecf":"f.64D82B69FC2678D0F29344912A345B1C.d.53E2B38201050DC035FC8D577BF6B57B.e.8195","ELEMENT":"f.64D82B69FC2678D0F29344912A345B1C.d.53E2B38201050DC035FC8D577BF6B57B.e.8195"}]}
COMMAND: GET /session/f31953e55de2d70fb971a65264fe9e98/screenshot - {}
RESULT: {}
RESULT: {"script":"<script> [8489 bytes]","args":[{"element-6066-11e4-a52e-4f735466cecf":"f.64D82B69FC2678D0F29344912A345B1C.d.53E2B38201050DC035FC8D577BF6B57B.e.8195","ELEMENT":"f.64D82B69FC2678D0F29344912A345B1C.d.53E2B38201050DC035FC8D577BF6B57B.e.8195"}]}
COMMAND: POST /session/f31953e55de2d70fb971a65264fe9e98/execute/sync - {"script":"<script> [5351 bytes]","args":[{"element-6066-11e4-a52e-4f735466cecf":"f.64D82B69FC2678D0F29344912A345B1C.d.53E2B38201050DC035FC8D577BF6B57B.e.8195","ELEMENT":"f.64D82B69FC2678D0F29344912A345B1C.d.53E2B38201050DC035FC8D577BF6B57B.e.8195"}]}
COMMAND: GET /session/f31953e55de2d70fb971a65264fe9e98/screenshot - {}
RESULT: {}
RESULT: {"script":"<script> [5351 bytes]","args":[{"element-6066-11e4-a52e-4f735466cecf":"f.64D82B69FC2678D0F29344912A345B1C.d.53E2B38201050DC035FC8D577BF6B57B.e.8195","ELEMENT":"f.64D82B69FC2678D0F29344912A345B1C.d.53E2B38201050DC035FC8D577BF6B57B.e.8195"}]}
COMMAND: POST /session/f31953e55de2d70fb971a65264fe9e98/element/f.64D82B69FC2678D0F29344912A345B1C.d.53E2B38201050DC035FC8D577BF6B57B.e.8195/click - {}
COMMAND: GET /session/f31953e55de2d70fb971a65264fe9e98/screenshot - {}
RESULT: {}
RESULT: {}
COMMAND: GET /session/f31953e55de2d70fb971a65264fe9e98/screenshot - {}
COMMAND: POST /session/f31953e55de2d70fb971a65264fe9e98/element - {"using":"xpath","value":"//input[@id=\"application-managesites-display-component---NewSite--siteId-inner\"]"}
RESULT: {}
RESULT: {}
RESULT: {"using":"xpath","value":"//input[@id=\"application-managesites-display-component---NewSite--siteId-inner\"]"}
COMMAND: POST /session/f31953e55de2d70fb971a65264fe9e98/element - {"using":"xpath","value":"//input[@id=\"application-managesites-display-component---NewSite--siteId-inner\"]"}
RESULT: {"using":"xpath","value":"//input[@id=\"application-managesites-display-component---NewSite--siteId-inner\"]"}
COMMAND: POST /session/f31953e55de2d70fb971a65264fe9e98/execute/async - {"script":"<script> [1562 bytes]","args":[{"selector":{"id":"application-managesites-display-component---NewSite--addressDetailDetailsName1","interaction":{"idSuffix":"inner"}},"wdio_ui5_key":"applicationmanagesites-display-component---NewSite--addressDetailDetailsName1"}]}
RESULT: {"script":"<script> [1562 bytes]","args":[{"selector":{"id":"application-managesites-display-component---NewSite--addressDetailDetailsName1","interaction":{"idSuffix":"inner"}},"wdio_ui5_key":"applicationmanagesites-display-component---NewSite--addressDetailDetailsName1"}]}
RESULT: undefined
COMMAND: POST /session/f31953e55de2d70fb971a65264fe9e98/execute/async - {"script":"<script> [776 bytes]","args":[{"enterText":"Intracompany Site wdIO","selector":{"id":"application-managesites-display-component---NewSite--addressDetailDetailsName1","interaction":{"idSuffix":"inner"}},"clearTextFirst":true,"interactionType":"ENTER_TEXT"}]}
RESULT: {"script":"<script> [776 bytes]","args":[{"enterText":"Intracompany Site wdIO","selector":{"id":"application-managesites-display-component---NewSite--addressDetailDetailsName1","interaction":{"idSuffix":"inner"}},"clearTextFirst":true,"interactionType":"ENTER_TEXT"}]}
COMMAND: POST /session/f31953e55de2d70fb971a65264fe9e98/execute/async - {"script":"<script> [1562 bytes]","args":[{"selector":{"id":"application-managesites-display-component---NewSite--addressDetailDetailsLanguage-arrow"},"wdio_ui5_key":"applicationmanagesites-display-component---NewSite--addressDetailDetailsLanguage-arrow"}]}
RESULT: {"script":"<script> [1562 bytes]","args":[{"selector":{"id":"application-managesites-display-component---NewSite--addressDetailDetailsLanguage-arrow"},"wdio_ui5_key":"applicationmanagesites-display-component---NewSite--addressDetailDetailsLanguage-arrow"}]}
RESULT: undefined
COMMAND: POST /session/f31953e55de2d70fb971a65264fe9e98/element - {"using":"xpath","value":"//*[@id=\"application-managesites-display-component---NewSite--addressDetailDetailsLanguage-arrow\"]"}
RESULT: {"using":"xpath","value":"//*[@id=\"application-managesites-display-component---NewSite--addressDetailDetailsLanguage-arrow\"]"}
COMMAND: POST /session/f31953e55de2d70fb971a65264fe9e98/element/f.64D82B69FC2678D0F29344912A345B1C.d.53E2B38201050DC035FC8D577BF6B57B.e.8595/click - {}
RESULT: {}
COMMAND: POST /session/f31953e55de2d70fb971a65264fe9e98/element - {"using":"xpath","value":"//span[contains(text(), \"English\")]"}
COMMAND: GET /session/f31953e55de2d70fb971a65264fe9e98/screenshot - {}
RESULT: {"using":"xpath","value":"//span[contains(text(), \"English\")]"}
COMMAND: POST /session/f31953e55de2d70fb971a65264fe9e98/element/f.64D82B69FC2678D0F29344912A345B1C.d.53E2B38201050DC035FC8D577BF6B57B.e.8596/click - {}
RESULT: {}
RESULT: {}
COMMAND: POST /session/f31953e55de2d70fb971a65264fe9e98/execute/async - {"script":"<script> [1562 bytes]","args":[{"selector":{"id":"application-managesites-display-component---NewSite--addressDetailDetailsCity1","interaction":{"idSuffix":"inner"}},"wdio_ui5_key":"applicationmanagesites-display-component---NewSite--addressDetailDetailsCity1"}]}
COMMAND: GET /session/f31953e55de2d70fb971a65264fe9e98/screenshot - {}
RESULT: {"script":"<script> [1562 bytes]","args":[{"selector":{"id":"application-managesites-display-component---NewSite--addressDetailDetailsCity1","interaction":{"idSuffix":"inner"}},"wdio_ui5_key":"applicationmanagesites-display-component---NewSite--addressDetailDetailsCity1"}]}
RESULT: undefined
COMMAND: POST /session/f31953e55de2d70fb971a65264fe9e98/execute/async - {"script":"<script> [776 bytes]","args":[{"enterText":"Rosario","selector":{"id":"application-managesites-display-component---NewSite--addressDetailDetailsCity1","interaction":{"idSuffix":"inner"}},"clearTextFirst":true,"interactionType":"ENTER_TEXT"}]}
RESULT: {}
RESULT: {"script":"<script> [776 bytes]","args":[{"enterText":"Rosario","selector":{"id":"application-managesites-display-component---NewSite--addressDetailDetailsCity1","interaction":{"idSuffix":"inner"}},"clearTextFirst":true,"interactionType":"ENTER_TEXT"}]}
COMMAND: POST /session/f31953e55de2d70fb971a65264fe9e98/execute/async - {"script":"<script> [1562 bytes]","args":[{"selector":{"id":"application-managesites-display-component---NewSite--addressDetailDetailsCountry-arrow"},"wdio_ui5_key":"applicationmanagesites-display-component---NewSite--addressDetailDetailsCountry-arrow"}]}
RESULT: {"script":"<script> [1562 bytes]","args":[{"selector":{"id":"application-managesites-display-component---NewSite--addressDetailDetailsCountry-arrow"},"wdio_ui5_key":"applicationmanagesites-display-component---NewSite--addressDetailDetailsCountry-arrow"}]}
RESULT: undefined
COMMAND: POST /session/f31953e55de2d70fb971a65264fe9e98/element - {"using":"xpath","value":"//*[@id=\"application-managesites-display-component---NewSite--addressDetailDetailsCountry-arrow\"]"}
RESULT: {"using":"xpath","value":"//*[@id=\"application-managesites-display-component---NewSite--addressDetailDetailsCountry-arrow\"]"}
COMMAND: POST /session/f31953e55de2d70fb971a65264fe9e98/element/f.64D82B69FC2678D0F29344912A345B1C.d.53E2B38201050DC035FC8D577BF6B57B.e.8598/click - {}
RESULT: {}
COMMAND: POST /session/f31953e55de2d70fb971a65264fe9e98/element - {"using":"xpath","value":"//span[contains(text(), \"Argentina\")]"}
COMMAND: GET /session/f31953e55de2d70fb971a65264fe9e98/screenshot - {}
RESULT: {"using":"xpath","value":"//span[contains(text(), \"Argentina\")]"}
COMMAND: POST /session/f31953e55de2d70fb971a65264fe9e98/element/f.64D82B69FC2678D0F29344912A345B1C.d.53E2B38201050DC035FC8D577BF6B57B.e.8599/click - {}
RESULT: {}
RESULT: {}
COMMAND: GET /session/f31953e55de2d70fb971a65264fe9e98/screenshot - {}
RESULT: {}
COMMAND: POST /session/f31953e55de2d70fb971a65264fe9e98/execute/async - {"script":"<script> [1562 bytes]","args":[{"selector":{"id":"application-managesites-display-component---NewSite--addressEditDetailsCostObjectCstType-arrow"},"wdio_ui5_key":"applicationmanagesites-display-component---NewSite--addressEditDetailsCostObjectCstType-arrow"}]}
RESULT: {"script":"<script> [1562 bytes]","args":[{"selector":{"id":"application-managesites-display-component---NewSite--addressEditDetailsCostObjectCstType-arrow"},"wdio_ui5_key":"applicationmanagesites-display-component---NewSite--addressEditDetailsCostObjectCstType-arrow"}]}
RESULT: undefined
COMMAND: POST /session/f31953e55de2d70fb971a65264fe9e98/element - {"using":"xpath","value":"//*[@id=\"application-managesites-display-component---NewSite--addressEditDetailsCostObjectCstType-arrow\"]"}
RESULT: {"using":"xpath","value":"//*[@id=\"application-managesites-display-component---NewSite--addressEditDetailsCostObjectCstType-arrow\"]"}
COMMAND: POST /session/f31953e55de2d70fb971a65264fe9e98/element/f.64D82B69FC2678D0F29344912A345B1C.d.53E2B38201050DC035FC8D577BF6B57B.e.8601/click - {}
RESULT: {}
COMMAND: POST /session/f31953e55de2d70fb971a65264fe9e98/element - {"using":"xpath","value":"//span[contains(text(), \"Cost Center\")]"}
COMMAND: GET /session/f31953e55de2d70fb971a65264fe9e98/screenshot - {}
RESULT: {"using":"xpath","value":"//span[contains(text(), \"Cost Center\")]"}
COMMAND: POST /session/f31953e55de2d70fb971a65264fe9e98/element/f.64D82B69FC2678D0F29344912A345B1C.d.53E2B38201050DC035FC8D577BF6B57B.e.8602/click - {}
RESULT: {}
RESULT: {}
COMMAND: GET /session/f31953e55de2d70fb971a65264fe9e98/screenshot - {}
RESULT: {}
COMMAND: POST /session/f31953e55de2d70fb971a65264fe9e98/element - {"using":"xpath","value":"//span[@id=\"application-managesites-display-component---NewSite--addressNewCostObjectCstID-vhi\"]"}
RESULT: {"using":"xpath","value":"//span[@id=\"application-managesites-display-component---NewSite--addressNewCostObjectCstID-vhi\"]"}
COMMAND: POST /session/f31953e55de2d70fb971a65264fe9e98/execute/sync - {"script":"<script> [8489 bytes]","args":[{"element-6066-11e4-a52e-4f735466cecf":"f.64D82B69FC2678D0F29344912A345B1C.d.53E2B38201050DC035FC8D577BF6B57B.e.8607","ELEMENT":"f.64D82B69FC2678D0F29344912A345B1C.d.53E2B38201050DC035FC8D577BF6B57B.e.8607"}]}
RESULT: {"script":"<script> [8489 bytes]","args":[{"element-6066-11e4-a52e-4f735466cecf":"f.64D82B69FC2678D0F29344912A345B1C.d.53E2B38201050DC035FC8D577BF6B57B.e.8607","ELEMENT":"f.64D82B69FC2678D0F29344912A345B1C.d.53E2B38201050DC035FC8D577BF6B57B.e.8607"}]}
COMMAND: POST /session/f31953e55de2d70fb971a65264fe9e98/execute/async - {"script":"<script> [1562 bytes]","args":[{"selector":{"id":"application-managesites-display-component---NewSite--addressNewCostObjectCstID-vhi"},"wdio_ui5_key":"applicationmanagesites-display-component---NewSite--addressNewCostObjectCstID-vhi"}]}
COMMAND: GET /session/f31953e55de2d70fb971a65264fe9e98/screenshot - {}
RESULT: {"script":"<script> [1562 bytes]","args":[{"selector":{"id":"application-managesites-display-component---NewSite--addressNewCostObjectCstID-vhi"},"wdio_ui5_key":"applicationmanagesites-display-component---NewSite--addressNewCostObjectCstID-vhi"}]}
RESULT: undefined
COMMAND: POST /session/f31953e55de2d70fb971a65264fe9e98/element - {"using":"xpath","value":"//*[@id=\"application-managesites-display-component---NewSite--addressNewCostObjectCstID-vhi\"]"}
RESULT: {}
RESULT: {"using":"xpath","value":"//*[@id=\"application-managesites-display-component---NewSite--addressNewCostObjectCstID-vhi\"]"}
COMMAND: POST /session/f31953e55de2d70fb971a65264fe9e98/element/f.64D82B69FC2678D0F29344912A345B1C.d.53E2B38201050DC035FC8D577BF6B57B.e.8607/click - {}
RESULT: {}
COMMAND: GET /session/f31953e55de2d70fb971a65264fe9e98/screenshot - {}
RESULT: {}
RESULT: undefined
COMMAND: POST /session/f31953e55de2d70fb971a65264fe9e98/execute/async - {"script":"<script> [776 bytes]","args":[{"enterText":"10001013","selector":{"controlType":"sap.m.SearchField","properties":{"placeholder":"Search"},"searchOpenDialogs":true,"interaction":{"idSuffix":"I"}},"clearTextFirst":true,"interactionType":"ENTER_TEXT"}]}
RESULT: {"script":"<script> [776 bytes]","args":[{"enterText":"10001013","selector":{"controlType":"sap.m.SearchField","properties":{"placeholder":"Search"},"searchOpenDialogs":true,"interaction":{"idSuffix":"I"}},"clearTextFirst":true,"interactionType":"ENTER_TEXT"}]}
COMMAND: POST /session/f31953e55de2d70fb971a65264fe9e98/actions - {"actions":[{"id":"action29","type":"key","parameters":{},"actions":[{"type":"keyDown","value":"î€‡"},{"type":"pause","duration":10},{"type":"keyUp","value":"î€‡"}]}]}
RESULT: {"actions":[{"id":"action29","type":"key","parameters":{},"actions":[{"type":"keyDown","value":"î€‡"},{"type":"pause","duration":10},{"type":"keyUp","value":"î€‡"}]}]}
COMMAND: GET /session/f31953e55de2d70fb971a65264fe9e98/screenshot - {}
RESULT: {}
COMMAND: POST /session/f31953e55de2d70fb971a65264fe9e98/element - {"using":"xpath","value":"//span[contains(text(), \"General Management\")]"}
RESULT: {"using":"xpath","value":"//span[contains(text(), \"General Management\")]"}
COMMAND: POST /session/f31953e55de2d70fb971a65264fe9e98/element/f.64D82B69FC2678D0F29344912A345B1C.d.53E2B38201050DC035FC8D577BF6B57B.e.8646/click - {}
RESULT: {}
COMMAND: GET /session/f31953e55de2d70fb971a65264fe9e98/screenshot - {}
RESULT: {}
COMMAND: POST /session/f31953e55de2d70fb971a65264fe9e98/element - {"using":"xpath","value":"//bdi[contains(text(), \"OK\")]"}
RESULT: {"using":"xpath","value":"//bdi[contains(text(), \"OK\")]"}
COMMAND: POST /session/f31953e55de2d70fb971a65264fe9e98/element/f.64D82B69FC2678D0F29344912A345B1C.d.53E2B38201050DC035FC8D577BF6B57B.e.8647/click - {}
RESULT: {}
COMMAND: GET /session/f31953e55de2d70fb971a65264fe9e98/screenshot - {}
RESULT: {}
COMMAND: POST /session/f31953e55de2d70fb971a65264fe9e98/element - {"using":"xpath","value":"//input[@id=\"application-managesites-display-component---NewSite--addressDetailDetailsCalendar-inner\"]"}
RESULT: {"using":"xpath","value":"//input[@id=\"application-managesites-display-component---NewSite--addressDetailDetailsCalendar-inner\"]"}
COMMAND: POST /session/f31953e55de2d70fb971a65264fe9e98/element/f.64D82B69FC2678D0F29344912A345B1C.d.53E2B38201050DC035FC8D577BF6B57B.e.8396/clear - {}
RESULT: {}
COMMAND: POST /session/f31953e55de2d70fb971a65264fe9e98/element/f.64D82B69FC2678D0F29344912A345B1C.d.53E2B38201050DC035FC8D577BF6B57B.e.8396/value - {"text":"Unit"}
COMMAND: GET /session/f31953e55de2d70fb971a65264fe9e98/screenshot - {}
RESULT: {"text":"Unit"}
COMMAND: GET /session/f31953e55de2d70fb971a65264fe9e98/screenshot - {}
RESULT: {}
RESULT: {}
COMMAND: POST /session/f31953e55de2d70fb971a65264fe9e98/actions - {"actions":[{"id":"action30","type":"key","parameters":{},"actions":[{"type":"keyDown","value":"î€‡"},{"type":"pause","duration":10},{"type":"keyUp","value":"î€‡"}]}]}
RESULT: {"actions":[{"id":"action30","type":"key","parameters":{},"actions":[{"type":"keyDown","value":"î€‡"},{"type":"pause","duration":10},{"type":"keyUp","value":"î€‡"}]}]}
COMMAND: POST /session/f31953e55de2d70fb971a65264fe9e98/element - {"using":"xpath","value":"//input[@id=\"application-managesites-display-component---NewSite--addressDetailDetailsYard-inner\"]"}
COMMAND: GET /session/f31953e55de2d70fb971a65264fe9e98/screenshot - {}
RESULT: {"using":"xpath","value":"//input[@id=\"application-managesites-display-component---NewSite--addressDetailDetailsYard-inner\"]"}
COMMAND: POST /session/f31953e55de2d70fb971a65264fe9e98/element/f.64D82B69FC2678D0F29344912A345B1C.d.53E2B38201050DC035FC8D577BF6B57B.e.8397/clear - {}
RESULT: {}
RESULT: {}
COMMAND: POST /session/f31953e55de2d70fb971a65264fe9e98/element/f.64D82B69FC2678D0F29344912A345B1C.d.53E2B38201050DC035FC8D577BF6B57B.e.8397/value - {"text":"603"}
COMMAND: GET /session/f31953e55de2d70fb971a65264fe9e98/screenshot - {}
RESULT: {"text":"603"}
COMMAND: GET /session/f31953e55de2d70fb971a65264fe9e98/screenshot - {}
RESULT: {}
RESULT: {}
COMMAND: POST /session/f31953e55de2d70fb971a65264fe9e98/element - {"using":"xpath","value":"//li[.//span[text()='603']]"}
RESULT: {"using":"xpath","value":"//li[.//span[text()='603']]"}
COMMAND: POST /session/f31953e55de2d70fb971a65264fe9e98/element/f.64D82B69FC2678D0F29344912A345B1C.d.53E2B38201050DC035FC8D577BF6B57B.e.8655/click - {}
RESULT: {}
COMMAND: GET /session/f31953e55de2d70fb971a65264fe9e98/screenshot - {}
RESULT: {}
COMMAND: POST /session/f31953e55de2d70fb971a65264fe9e98/element - {"using":"xpath","value":"//input[@id=\"application-managesites-display-component---NewSite--addressDetailDetailsPartner-inner\"]"}
RESULT: {"using":"xpath","value":"//input[@id=\"application-managesites-display-component---NewSite--addressDetailDetailsPartner-inner\"]"}
COMMAND: POST /session/f31953e55de2d70fb971a65264fe9e98/element - {"using":"xpath","value":"//input[@id=\"application-managesites-display-component---NewSite--addressDetailDetailsPartner-inner\"]"}
RESULT: {"using":"xpath","value":"//input[@id=\"application-managesites-display-component---NewSite--addressDetailDetailsPartner-inner\"]"}
COMMAND: POST /session/f31953e55de2d70fb971a65264fe9e98/element - {"using":"xpath","value":"//button[@data-kt=\"saveButton\"]"}
RESULT: {"using":"xpath","value":"//button[@data-kt=\"saveButton\"]"}
COMMAND: POST /session/f31953e55de2d70fb971a65264fe9e98/element/f.64D82B69FC2678D0F29344912A345B1C.d.53E2B38201050DC035FC8D577BF6B57B.e.8533/click - {}
RESULT: {}
COMMAND: GET /session/f31953e55de2d70fb971a65264fe9e98/screenshot - {}
RESULT: {}
COMMAND: POST /session/f31953e55de2d70fb971a65264fe9e98/element - {"using":"xpath","value":"//header[contains(@id, 'ObjectPageLayout-headerTitle')]/div[1]/div[2]/div[2]/span[1]"}
RESULT: {"using":"xpath","value":"//header[contains(@id, 'ObjectPageLayout-headerTitle')]/div[1]/div[2]/div[2]/span[1]"}
COMMAND: POST /session/f31953e55de2d70fb971a65264fe9e98/elements - {"using":"xpath","value":"//header[contains(@id, 'ObjectPageLayout-headerTitle')]/div[1]/div[2]/div[2]/span[1]"}
RESULT: {"using":"xpath","value":"//header[contains(@id, 'ObjectPageLayout-headerTitle')]/div[1]/div[2]/div[2]/span[1]"}
COMMAND: POST /session/f31953e55de2d70fb971a65264fe9e98/execute/sync - {"script":"<script> [56 bytes]","args":[{"element-6066-11e4-a52e-4f735466cecf":"f.64D82B69FC2678D0F29344912A345B1C.d.53E2B38201050DC035FC8D577BF6B57B.e.8857","ELEMENT":"f.64D82B69FC2678D0F29344912A345B1C.d.53E2B38201050DC035FC8D577BF6B57B.e.8857"}]}
RESULT: {"script":"<script> [56 bytes]","args":[{"element-6066-11e4-a52e-4f735466cecf":"f.64D82B69FC2678D0F29344912A345B1C.d.53E2B38201050DC035FC8D577BF6B57B.e.8857","ELEMENT":"f.64D82B69FC2678D0F29344912A345B1C.d.53E2B38201050DC035FC8D577BF6B57B.e.8857"}]}
COMMAND: POST /session/f31953e55de2d70fb971a65264fe9e98/element - {"using":"css selector","value":"#shell-header-logo"}
COMMAND: GET /session/f31953e55de2d70fb971a65264fe9e98/screenshot - {}
RESULT: {"using":"css selector","value":"#shell-header-logo"}
COMMAND: POST /session/f31953e55de2d70fb971a65264fe9e98/element/f.64D82B69FC2678D0F29344912A345B1C.d.53E2B38201050DC035FC8D577BF6B57B.e.8153/click - {}
RESULT: {}
RESULT: {}
COMMAND: GET /session/f31953e55de2d70fb971a65264fe9e98/screenshot - {}
RESULT: {}
COMMAND: POST /session/f31953e55de2d70fb971a65264fe9e98/execute/sync - {"script":"<script> [299 bytes]","args":[["getModel","getResource"]]}
RESULT: {"script":"<script> [299 bytes]","args":[["getModel","getResource"]]}
COMMAND: GET /session/f31953e55de2d70fb971a65264fe9e98/screenshot - {}
]]></system-out>
    </testcase>
    <testcase classname="chrome.136_0_7103_93.windows.Billing_Transfer_-_Intracompany_US127249" name="Should create a new equipment" time="142.286">
      <system-out><![CDATA[
COMMAND: POST /session/f31953e55de2d70fb971a65264fe9e98/execute/async - {"script":"<script> [1562 bytes]","args":[{"selector":{"controlType":"sap.m.GenericTile","properties":{"header":"Manage Resources"}},"wdio_ui5_key":"sapm.GenericTile{\"header\":\"Manage Resources\"}"}]}
RESULT: {}
RESULT: {"script":"<script> [1562 bytes]","args":[{"selector":{"controlType":"sap.m.GenericTile","properties":{"header":"Manage Resources"}},"wdio_ui5_key":"sapm.GenericTile{\"header\":\"Manage Resources\"}"}]}
RESULT: undefined
COMMAND: POST /session/f31953e55de2d70fb971a65264fe9e98/element - {"using":"xpath","value":"//*[@id=\"__tile39\"]"}
RESULT: {"using":"xpath","value":"//*[@id=\"__tile39\"]"}
COMMAND: POST /session/f31953e55de2d70fb971a65264fe9e98/element/f.64D82B69FC2678D0F29344912A345B1C.d.53E2B38201050DC035FC8D577BF6B57B.e.6494/click - {}
RESULT: {}
COMMAND: GET /session/f31953e55de2d70fb971a65264fe9e98/screenshot - {}
RESULT: {}
COMMAND: POST /session/f31953e55de2d70fb971a65264fe9e98/elements - {"using":"xpath","value":"//span[text()='Error']"}
RESULT: {"using":"xpath","value":"//span[text()='Error']"}
COMMAND: POST /session/f31953e55de2d70fb971a65264fe9e98/element - {"using":"xpath","value":"//button[@data-kt=\"addNewRUOverflowToolbarButton\"]"}
RESULT: {"using":"xpath","value":"//button[@data-kt=\"addNewRUOverflowToolbarButton\"]"}
COMMAND: POST /session/f31953e55de2d70fb971a65264fe9e98/elements - {"using":"xpath","value":"//button[@data-kt=\"addNewRUOverflowToolbarButton\"]"}
RESULT: {"using":"xpath","value":"//button[@data-kt=\"addNewRUOverflowToolbarButton\"]"}
COMMAND: POST /session/f31953e55de2d70fb971a65264fe9e98/execute/sync - {"script":"<script> [8489 bytes]","args":[{"element-6066-11e4-a52e-4f735466cecf":"f.64D82B69FC2678D0F29344912A345B1C.d.53E2B38201050DC035FC8D577BF6B57B.e.8901","ELEMENT":"f.64D82B69FC2678D0F29344912A345B1C.d.53E2B38201050DC035FC8D577BF6B57B.e.8901"}]}
RESULT: {"script":"<script> [8489 bytes]","args":[{"element-6066-11e4-a52e-4f735466cecf":"f.64D82B69FC2678D0F29344912A345B1C.d.53E2B38201050DC035FC8D577BF6B57B.e.8901","ELEMENT":"f.64D82B69FC2678D0F29344912A345B1C.d.53E2B38201050DC035FC8D577BF6B57B.e.8901"}]}
COMMAND: GET /session/f31953e55de2d70fb971a65264fe9e98/element/f.64D82B69FC2678D0F29344912A345B1C.d.53E2B38201050DC035FC8D577BF6B57B.e.8901/enabled - {}
COMMAND: GET /session/f31953e55de2d70fb971a65264fe9e98/screenshot - {}
RESULT: {}
COMMAND: POST /session/f31953e55de2d70fb971a65264fe9e98/execute/sync - {"script":"<script> [8489 bytes]","args":[{"element-6066-11e4-a52e-4f735466cecf":"f.64D82B69FC2678D0F29344912A345B1C.d.53E2B38201050DC035FC8D577BF6B57B.e.8901","ELEMENT":"f.64D82B69FC2678D0F29344912A345B1C.d.53E2B38201050DC035FC8D577BF6B57B.e.8901"}]}
COMMAND: GET /session/f31953e55de2d70fb971a65264fe9e98/screenshot - {}
RESULT: {}
RESULT: {"script":"<script> [8489 bytes]","args":[{"element-6066-11e4-a52e-4f735466cecf":"f.64D82B69FC2678D0F29344912A345B1C.d.53E2B38201050DC035FC8D577BF6B57B.e.8901","ELEMENT":"f.64D82B69FC2678D0F29344912A345B1C.d.53E2B38201050DC035FC8D577BF6B57B.e.8901"}]}
COMMAND: POST /session/f31953e55de2d70fb971a65264fe9e98/execute/sync - {"script":"<script> [5351 bytes]","args":[{"element-6066-11e4-a52e-4f735466cecf":"f.64D82B69FC2678D0F29344912A345B1C.d.53E2B38201050DC035FC8D577BF6B57B.e.8901","ELEMENT":"f.64D82B69FC2678D0F29344912A345B1C.d.53E2B38201050DC035FC8D577BF6B57B.e.8901"}]}
COMMAND: GET /session/f31953e55de2d70fb971a65264fe9e98/screenshot - {}
RESULT: {}
RESULT: {"script":"<script> [5351 bytes]","args":[{"element-6066-11e4-a52e-4f735466cecf":"f.64D82B69FC2678D0F29344912A345B1C.d.53E2B38201050DC035FC8D577BF6B57B.e.8901","ELEMENT":"f.64D82B69FC2678D0F29344912A345B1C.d.53E2B38201050DC035FC8D577BF6B57B.e.8901"}]}
COMMAND: POST /session/f31953e55de2d70fb971a65264fe9e98/element/f.64D82B69FC2678D0F29344912A345B1C.d.53E2B38201050DC035FC8D577BF6B57B.e.8901/click - {}
COMMAND: GET /session/f31953e55de2d70fb971a65264fe9e98/screenshot - {}
RESULT: {}
RESULT: {}
COMMAND: GET /session/f31953e55de2d70fb971a65264fe9e98/screenshot - {}
COMMAND: POST /session/f31953e55de2d70fb971a65264fe9e98/execute/async - {"script":"<script> [1562 bytes]","args":[{"selector":{"id":"application-manageresources-display-component---newResourceUnit--TYPE-arrow"},"wdio_ui5_key":"applicationmanageresources-display-component---newResourceUnit--TYPE-arrow"}]}
RESULT: {}
RESULT: {}
RESULT: {"script":"<script> [1562 bytes]","args":[{"selector":{"id":"application-manageresources-display-component---newResourceUnit--TYPE-arrow"},"wdio_ui5_key":"applicationmanageresources-display-component---newResourceUnit--TYPE-arrow"}]}
RESULT: undefined
COMMAND: POST /session/f31953e55de2d70fb971a65264fe9e98/element - {"using":"xpath","value":"//*[@id=\"application-manageresources-display-component---newResourceUnit--TYPE-arrow\"]"}
RESULT: {"using":"xpath","value":"//*[@id=\"application-manageresources-display-component---newResourceUnit--TYPE-arrow\"]"}
COMMAND: POST /session/f31953e55de2d70fb971a65264fe9e98/element/f.64D82B69FC2678D0F29344912A345B1C.d.53E2B38201050DC035FC8D577BF6B57B.e.9247/click - {}
RESULT: {}
COMMAND: POST /session/f31953e55de2d70fb971a65264fe9e98/element - {"using":"xpath","value":"//input[@id=\"application-manageresources-display-component---newResourceUnit--TYPE-inner\"]"}
COMMAND: GET /session/f31953e55de2d70fb971a65264fe9e98/screenshot - {}
RESULT: {"using":"xpath","value":"//input[@id=\"application-manageresources-display-component---newResourceUnit--TYPE-inner\"]"}
COMMAND: POST /session/f31953e55de2d70fb971a65264fe9e98/element/f.64D82B69FC2678D0F29344912A345B1C.d.53E2B38201050DC035FC8D577BF6B57B.e.9242/clear - {}
RESULT: {}
RESULT: {}
COMMAND: POST /session/f31953e55de2d70fb971a65264fe9e98/element/f.64D82B69FC2678D0F29344912A345B1C.d.53E2B38201050DC035FC8D577BF6B57B.e.9242/value - {"text":"Equipment"}
COMMAND: GET /session/f31953e55de2d70fb971a65264fe9e98/screenshot - {}
RESULT: {"text":"Equipment"}
COMMAND: GET /session/f31953e55de2d70fb971a65264fe9e98/screenshot - {}
RESULT: {}
RESULT: {}
COMMAND: POST /session/f31953e55de2d70fb971a65264fe9e98/actions - {"actions":[{"id":"action31","type":"key","parameters":{},"actions":[{"type":"keyDown","value":"î€‡"},{"type":"pause","duration":10},{"type":"keyUp","value":"î€‡"}]}]}
RESULT: {"actions":[{"id":"action31","type":"key","parameters":{},"actions":[{"type":"keyDown","value":"î€‡"},{"type":"pause","duration":10},{"type":"keyUp","value":"î€‡"}]}]}
COMMAND: POST /session/f31953e55de2d70fb971a65264fe9e98/execute/async - {"script":"<script> [1562 bytes]","args":[{"selector":{"id":"application-manageresources-display-component---newResourceUnit--resourceId","interaction":{"idSuffix":"inner"}},"wdio_ui5_key":"applicationmanageresources-display-component---newResourceUnit--resourceId"}]}
COMMAND: GET /session/f31953e55de2d70fb971a65264fe9e98/screenshot - {}
RESULT: {"script":"<script> [1562 bytes]","args":[{"selector":{"id":"application-manageresources-display-component---newResourceUnit--resourceId","interaction":{"idSuffix":"inner"}},"wdio_ui5_key":"applicationmanageresources-display-component---newResourceUnit--resourceId"}]}
RESULT: undefined
COMMAND: POST /session/f31953e55de2d70fb971a65264fe9e98/execute/async - {"script":"<script> [776 bytes]","args":[{"enterText":"uUfQ74T3Ay","selector":{"id":"application-manageresources-display-component---newResourceUnit--resourceId","interaction":{"idSuffix":"inner"}},"clearTextFirst":true,"interactionType":"ENTER_TEXT"}]}
RESULT: {}
RESULT: {"script":"<script> [776 bytes]","args":[{"enterText":"uUfQ74T3Ay","selector":{"id":"application-manageresources-display-component---newResourceUnit--resourceId","interaction":{"idSuffix":"inner"}},"clearTextFirst":true,"interactionType":"ENTER_TEXT"}]}
COMMAND: POST /session/f31953e55de2d70fb971a65264fe9e98/execute/async - {"script":"<script> [1562 bytes]","args":[{"selector":{"id":"application-manageresources-display-component---newResourceUnit--SHORT_TEXT","interaction":{"idSuffix":"inner"}},"wdio_ui5_key":"applicationmanageresources-display-component---newResourceUnit--SHORT_TEXT"}]}
RESULT: {"script":"<script> [1562 bytes]","args":[{"selector":{"id":"application-manageresources-display-component---newResourceUnit--SHORT_TEXT","interaction":{"idSuffix":"inner"}},"wdio_ui5_key":"applicationmanageresources-display-component---newResourceUnit--SHORT_TEXT"}]}
RESULT: undefined
COMMAND: POST /session/f31953e55de2d70fb971a65264fe9e98/execute/async - {"script":"<script> [776 bytes]","args":[{"enterText":"Intercompany Equipment WDIO","selector":{"id":"application-manageresources-display-component---newResourceUnit--SHORT_TEXT","interaction":{"idSuffix":"inner"}},"clearTextFirst":true,"interactionType":"ENTER_TEXT"}]}
RESULT: {"script":"<script> [776 bytes]","args":[{"enterText":"Intercompany Equipment WDIO","selector":{"id":"application-manageresources-display-component---newResourceUnit--SHORT_TEXT","interaction":{"idSuffix":"inner"}},"clearTextFirst":true,"interactionType":"ENTER_TEXT"}]}
COMMAND: POST /session/f31953e55de2d70fb971a65264fe9e98/execute/async - {"script":"<script> [1562 bytes]","args":[{"selector":{"id":"application-manageresources-display-component---newResourceUnit--BASE_UNIT_OF_MEASURE","interaction":{"idSuffix":"inner"}},"wdio_ui5_key":"applicationmanageresources-display-component---newResourceUnit--BASE_UNIT_OF_MEASURE"}]}
RESULT: {"script":"<script> [1562 bytes]","args":[{"selector":{"id":"application-manageresources-display-component---newResourceUnit--BASE_UNIT_OF_MEASURE","interaction":{"idSuffix":"inner"}},"wdio_ui5_key":"applicationmanageresources-display-component---newResourceUnit--BASE_UNIT_OF_MEASURE"}]}
RESULT: undefined
COMMAND: POST /session/f31953e55de2d70fb971a65264fe9e98/execute/async - {"script":"<script> [776 bytes]","args":[{"enterText":"Piece","selector":{"id":"application-manageresources-display-component---newResourceUnit--BASE_UNIT_OF_MEASURE","interaction":{"idSuffix":"inner"}},"clearTextFirst":true,"interactionType":"ENTER_TEXT"}]}
RESULT: {"script":"<script> [776 bytes]","args":[{"enterText":"Piece","selector":{"id":"application-manageresources-display-component---newResourceUnit--BASE_UNIT_OF_MEASURE","interaction":{"idSuffix":"inner"}},"clearTextFirst":true,"interactionType":"ENTER_TEXT"}]}
COMMAND: POST /session/f31953e55de2d70fb971a65264fe9e98/execute/async - {"script":"<script> [1562 bytes]","args":[{"selector":{"id":"application-manageresources-display-component---newResourceUnit--WEIGHT_UNIT","interaction":{"idSuffix":"inner"}},"wdio_ui5_key":"applicationmanageresources-display-component---newResourceUnit--WEIGHT_UNIT"}]}
RESULT: {"script":"<script> [1562 bytes]","args":[{"selector":{"id":"application-manageresources-display-component---newResourceUnit--WEIGHT_UNIT","interaction":{"idSuffix":"inner"}},"wdio_ui5_key":"applicationmanageresources-display-component---newResourceUnit--WEIGHT_UNIT"}]}
RESULT: undefined
COMMAND: POST /session/f31953e55de2d70fb971a65264fe9e98/execute/async - {"script":"<script> [776 bytes]","args":[{"enterText":"Gram","selector":{"id":"application-manageresources-display-component---newResourceUnit--WEIGHT_UNIT","interaction":{"idSuffix":"inner"}},"clearTextFirst":true,"interactionType":"ENTER_TEXT"}]}
RESULT: {"script":"<script> [776 bytes]","args":[{"enterText":"Gram","selector":{"id":"application-manageresources-display-component---newResourceUnit--WEIGHT_UNIT","interaction":{"idSuffix":"inner"}},"clearTextFirst":true,"interactionType":"ENTER_TEXT"}]}
COMMAND: POST /session/f31953e55de2d70fb971a65264fe9e98/execute/async - {"script":"<script> [1562 bytes]","args":[{"selector":{"id":"application-manageresources-display-component---newResourceUnit--DIMENSION_UNIT","interaction":{"idSuffix":"inner"}},"wdio_ui5_key":"applicationmanageresources-display-component---newResourceUnit--DIMENSION_UNIT"}]}
RESULT: {"script":"<script> [1562 bytes]","args":[{"selector":{"id":"application-manageresources-display-component---newResourceUnit--DIMENSION_UNIT","interaction":{"idSuffix":"inner"}},"wdio_ui5_key":"applicationmanageresources-display-component---newResourceUnit--DIMENSION_UNIT"}]}
RESULT: undefined
COMMAND: POST /session/f31953e55de2d70fb971a65264fe9e98/execute/async - {"script":"<script> [776 bytes]","args":[{"enterText":"Meter","selector":{"id":"application-manageresources-display-component---newResourceUnit--DIMENSION_UNIT","interaction":{"idSuffix":"inner"}},"clearTextFirst":true,"interactionType":"ENTER_TEXT"}]}
RESULT: {"script":"<script> [776 bytes]","args":[{"enterText":"Meter","selector":{"id":"application-manageresources-display-component---newResourceUnit--DIMENSION_UNIT","interaction":{"idSuffix":"inner"}},"clearTextFirst":true,"interactionType":"ENTER_TEXT"}]}
COMMAND: POST /session/f31953e55de2d70fb971a65264fe9e98/execute/async - {"script":"<script> [1562 bytes]","args":[{"selector":{"id":"application-manageresources-display-component---newResourceUnit--newRRUPage-anchBar-application-manageresources-display-component---newResourceUnit--control-anchor","interaction":{"idSuffix":"BDI-content"}},"wdio_ui5_key":"applicationmanageresources-display-component---newResourceUnit--newRRUPage-anchBar-application-manageresources-display-component---newResourceUnit--control-anchor"}]}
RESULT: {"script":"<script> [1562 bytes]","args":[{"selector":{"id":"application-manageresources-display-component---newResourceUnit--newRRUPage-anchBar-application-manageresources-display-component---newResourceUnit--control-anchor","interaction":{"idSuffix":"BDI-content"}},"wdio_ui5_key":"applicationmanageresources-display-component---newResourceUnit--newRRUPage-anchBar-application-manageresources-display-component---newResourceUnit--control-anchor"}]}
RESULT: undefined
COMMAND: POST /session/f31953e55de2d70fb971a65264fe9e98/element - {"using":"xpath","value":"//*[@id=\"application-manageresources-display-component---newResourceUnit--newRRUPage-anchBar-application-manageresources-display-component---newResourceUnit--control-anchor\"]"}
RESULT: {"using":"xpath","value":"//*[@id=\"application-manageresources-display-component---newResourceUnit--newRRUPage-anchBar-application-manageresources-display-component---newResourceUnit--control-anchor\"]"}
COMMAND: POST /session/f31953e55de2d70fb971a65264fe9e98/element/f.64D82B69FC2678D0F29344912A345B1C.d.53E2B38201050DC035FC8D577BF6B57B.e.9377/click - {}
RESULT: {}
COMMAND: POST /session/f31953e55de2d70fb971a65264fe9e98/execute/async - {"script":"<script> [1562 bytes]","args":[{"selector":{"id":"application-manageresources-display-component---newResourceUnit--PLANNING_GROUP","interaction":{"idSuffix":"inner"}},"wdio_ui5_key":"applicationmanageresources-display-component---newResourceUnit--PLANNING_GROUP"}]}
COMMAND: GET /session/f31953e55de2d70fb971a65264fe9e98/screenshot - {}
RESULT: {"script":"<script> [1562 bytes]","args":[{"selector":{"id":"application-manageresources-display-component---newResourceUnit--PLANNING_GROUP","interaction":{"idSuffix":"inner"}},"wdio_ui5_key":"applicationmanageresources-display-component---newResourceUnit--PLANNING_GROUP"}]}
RESULT: undefined
COMMAND: POST /session/f31953e55de2d70fb971a65264fe9e98/execute/async - {"script":"<script> [776 bytes]","args":[{"enterText":"Heavy Equi","selector":{"id":"application-manageresources-display-component---newResourceUnit--PLANNING_GROUP","interaction":{"idSuffix":"inner"}},"clearTextFirst":true,"interactionType":"ENTER_TEXT"}]}
RESULT: {}
RESULT: {"script":"<script> [776 bytes]","args":[{"enterText":"Heavy Equi","selector":{"id":"application-manageresources-display-component---newResourceUnit--PLANNING_GROUP","interaction":{"idSuffix":"inner"}},"clearTextFirst":true,"interactionType":"ENTER_TEXT"}]}
COMMAND: POST /session/f31953e55de2d70fb971a65264fe9e98/execute/async - {"script":"<script> [1562 bytes]","args":[{"selector":{"id":"application-manageresources-display-component---newResourceUnit--ITEM_TYPE-arrow"},"wdio_ui5_key":"applicationmanageresources-display-component---newResourceUnit--ITEM_TYPE-arrow"}]}
RESULT: {"script":"<script> [1562 bytes]","args":[{"selector":{"id":"application-manageresources-display-component---newResourceUnit--ITEM_TYPE-arrow"},"wdio_ui5_key":"applicationmanageresources-display-component---newResourceUnit--ITEM_TYPE-arrow"}]}
RESULT: undefined
COMMAND: POST /session/f31953e55de2d70fb971a65264fe9e98/element - {"using":"xpath","value":"//*[@id=\"application-manageresources-display-component---newResourceUnit--ITEM_TYPE-arrow\"]"}
RESULT: {"using":"xpath","value":"//*[@id=\"application-manageresources-display-component---newResourceUnit--ITEM_TYPE-arrow\"]"}
COMMAND: POST /session/f31953e55de2d70fb971a65264fe9e98/element/f.64D82B69FC2678D0F29344912A345B1C.d.53E2B38201050DC035FC8D577BF6B57B.e.9384/click - {}
RESULT: {}
COMMAND: POST /session/f31953e55de2d70fb971a65264fe9e98/element - {"using":"xpath","value":"(//span[contains(text(), \"Resource Unit\")])[2]"}
COMMAND: GET /session/f31953e55de2d70fb971a65264fe9e98/screenshot - {}
RESULT: {"using":"xpath","value":"(//span[contains(text(), \"Resource Unit\")])[2]"}
COMMAND: POST /session/f31953e55de2d70fb971a65264fe9e98/element/f.64D82B69FC2678D0F29344912A345B1C.d.53E2B38201050DC035FC8D577BF6B57B.e.9385/click - {}
RESULT: {}
RESULT: {}
COMMAND: GET /session/f31953e55de2d70fb971a65264fe9e98/screenshot - {}
RESULT: {}
COMMAND: POST /session/f31953e55de2d70fb971a65264fe9e98/element - {"using":"css selector","value":"#application-manageresources-display-component---newResourceUnit--btnAddTimeSegment"}
RESULT: {"using":"css selector","value":"#application-manageresources-display-component---newResourceUnit--btnAddTimeSegment"}
COMMAND: GET /session/f31953e55de2d70fb971a65264fe9e98/element/f.64D82B69FC2678D0F29344912A345B1C.d.53E2B38201050DC035FC8D577BF6B57B.e.9386/rect - {}
RESULT: {}
COMMAND: GET /session/f31953e55de2d70fb971a65264fe9e98/window/rect - {}
RESULT: {}
COMMAND: POST /session/f31953e55de2d70fb971a65264fe9e98/execute/sync - {"script":"<script> [92 bytes]","args":[]}
RESULT: {"script":"<script> [92 bytes]","args":[]}
COMMAND: POST /session/f31953e55de2d70fb971a65264fe9e98/actions - {"actions":[{"id":"action32","type":"wheel","parameters":{},"actions":[{"type":"scroll","x":-1888,"y":-32,"deltaX":0,"deltaY":0,"duration":0,"origin":{"element-6066-11e4-a52e-4f735466cecf":"f.64D82B69FC2678D0F29344912A345B1C.d.53E2B38201050DC035FC8D577BF6B57B.e.9386"}}]}]}
COMMAND: GET /session/f31953e55de2d70fb971a65264fe9e98/screenshot - {}
RESULT: {}
COMMAND: POST /session/f31953e55de2d70fb971a65264fe9e98/execute/sync - {"script":"<script> [79 bytes]","args":[{"element-6066-11e4-a52e-4f735466cecf":"f.64D82B69FC2678D0F29344912A345B1C.d.53E2B38201050DC035FC8D577BF6B57B.e.9386","ELEMENT":"f.64D82B69FC2678D0F29344912A345B1C.d.53E2B38201050DC035FC8D577BF6B57B.e.9386"},{"block":"start","inline":"nearest"}]}
RESULT: {"script":"<script> [79 bytes]","args":[{"element-6066-11e4-a52e-4f735466cecf":"f.64D82B69FC2678D0F29344912A345B1C.d.53E2B38201050DC035FC8D577BF6B57B.e.9386","ELEMENT":"f.64D82B69FC2678D0F29344912A345B1C.d.53E2B38201050DC035FC8D577BF6B57B.e.9386"},{"block":"start","inline":"nearest"}]}
COMMAND: POST /session/f31953e55de2d70fb971a65264fe9e98/execute/async - {"script":"<script> [1562 bytes]","args":[{"selector":{"id":"application-manageresources-display-component---newResourceUnit--btnAddTimeSegment","interaction":{"idSuffix":"inner"}},"wdio_ui5_key":"applicationmanageresources-display-component---newResourceUnit--btnAddTimeSegment"}]}
COMMAND: GET /session/f31953e55de2d70fb971a65264fe9e98/screenshot - {}
RESULT: {"script":"<script> [1562 bytes]","args":[{"selector":{"id":"application-manageresources-display-component---newResourceUnit--btnAddTimeSegment","interaction":{"idSuffix":"inner"}},"wdio_ui5_key":"applicationmanageresources-display-component---newResourceUnit--btnAddTimeSegment"}]}
RESULT: undefined
COMMAND: POST /session/f31953e55de2d70fb971a65264fe9e98/element - {"using":"xpath","value":"//*[@id=\"application-manageresources-display-component---newResourceUnit--btnAddTimeSegment\"]"}
RESULT: {}
RESULT: {"using":"xpath","value":"//*[@id=\"application-manageresources-display-component---newResourceUnit--btnAddTimeSegment\"]"}
COMMAND: POST /session/f31953e55de2d70fb971a65264fe9e98/element/f.64D82B69FC2678D0F29344912A345B1C.d.53E2B38201050DC035FC8D577BF6B57B.e.9386/click - {}
RESULT: {}
COMMAND: GET /session/f31953e55de2d70fb971a65264fe9e98/screenshot - {}
RESULT: {}
COMMAND: POST /session/f31953e55de2d70fb971a65264fe9e98/element - {"using":"xpath","value":"//input[@id=\"application-manageresources-display-component---newResourceUnit--idRuTSAdmin-application-manageresources-display-component---newResourceUnit--RUTimeSegment-0-inner\"]"}
RESULT: {"using":"xpath","value":"//input[@id=\"application-manageresources-display-component---newResourceUnit--idRuTSAdmin-application-manageresources-display-component---newResourceUnit--RUTimeSegment-0-inner\"]"}
COMMAND: POST /session/f31953e55de2d70fb971a65264fe9e98/element/f.64D82B69FC2678D0F29344912A345B1C.d.53E2B38201050DC035FC8D577BF6B57B.e.9392/clear - {}
RESULT: {}
COMMAND: POST /session/f31953e55de2d70fb971a65264fe9e98/element/f.64D82B69FC2678D0F29344912A345B1C.d.53E2B38201050DC035FC8D577BF6B57B.e.9392/value - {"text":"603"}
COMMAND: GET /session/f31953e55de2d70fb971a65264fe9e98/screenshot - {}
RESULT: {}
RESULT: {"text":"603"}
COMMAND: GET /session/f31953e55de2d70fb971a65264fe9e98/screenshot - {}
RESULT: {}
COMMAND: POST /session/f31953e55de2d70fb971a65264fe9e98/element - {"using":"xpath","value":"//li[.//span[text()='603']]"}
RESULT: {"using":"xpath","value":"//li[.//span[text()='603']]"}
COMMAND: POST /session/f31953e55de2d70fb971a65264fe9e98/element/f.64D82B69FC2678D0F29344912A345B1C.d.53E2B38201050DC035FC8D577BF6B57B.e.9406/click - {}
RESULT: {}
COMMAND: GET /session/f31953e55de2d70fb971a65264fe9e98/screenshot - {}
RESULT: {}
COMMAND: POST /session/f31953e55de2d70fb971a65264fe9e98/element - {"using":"xpath","value":"(//span[contains(@id, \"-application-manageresources-display-component---newResourceUnit--RUTimeSegment-0-arrow\")])[6]"}
RESULT: {"using":"xpath","value":"(//span[contains(@id, \"-application-manageresources-display-component---newResourceUnit--RUTimeSegment-0-arrow\")])[6]"}
COMMAND: POST /session/f31953e55de2d70fb971a65264fe9e98/element/f.64D82B69FC2678D0F29344912A345B1C.d.53E2B38201050DC035FC8D577BF6B57B.e.9407/click - {}
RESULT: {}
COMMAND: GET /session/f31953e55de2d70fb971a65264fe9e98/screenshot - {}
RESULT: {}
COMMAND: POST /session/f31953e55de2d70fb971a65264fe9e98/element - {"using":"xpath","value":"//span[contains(text(), \"PM Order\")]"}
RESULT: {"using":"xpath","value":"//span[contains(text(), \"PM Order\")]"}
COMMAND: POST /session/f31953e55de2d70fb971a65264fe9e98/element/f.64D82B69FC2678D0F29344912A345B1C.d.53E2B38201050DC035FC8D577BF6B57B.e.9410/click - {}
RESULT: {}
COMMAND: GET /session/f31953e55de2d70fb971a65264fe9e98/screenshot - {}
RESULT: {}
COMMAND: POST /session/f31953e55de2d70fb971a65264fe9e98/element - {"using":"xpath","value":"(//span[contains(@id ,\"manageresources-display-component---newResourceUnit--RUTimeSegment-0-vhi\")])[1]"}
RESULT: {"using":"xpath","value":"(//span[contains(@id ,\"manageresources-display-component---newResourceUnit--RUTimeSegment-0-vhi\")])[1]"}
COMMAND: POST /session/f31953e55de2d70fb971a65264fe9e98/elements - {"using":"xpath","value":"(//span[contains(@id ,\"manageresources-display-component---newResourceUnit--RUTimeSegment-0-vhi\")])[1]"}
RESULT: {"using":"xpath","value":"(//span[contains(@id ,\"manageresources-display-component---newResourceUnit--RUTimeSegment-0-vhi\")])[1]"}
COMMAND: POST /session/f31953e55de2d70fb971a65264fe9e98/elements - {"using":"xpath","value":"(//span[contains(@id ,\"manageresources-display-component---newResourceUnit--RUTimeSegment-0-vhi\")])[1]"}
RESULT: {"using":"xpath","value":"(//span[contains(@id ,\"manageresources-display-component---newResourceUnit--RUTimeSegment-0-vhi\")])[1]"}
COMMAND: POST /session/f31953e55de2d70fb971a65264fe9e98/element - {"using":"xpath","value":"(//span[contains(@id ,\"manageresources-display-component---newResourceUnit--RUTimeSegment-0-vhi\")])[1]"}
RESULT: {"using":"xpath","value":"(//span[contains(@id ,\"manageresources-display-component---newResourceUnit--RUTimeSegment-0-vhi\")])[1]"}
COMMAND: GET /session/f31953e55de2d70fb971a65264fe9e98/element/f.64D82B69FC2678D0F29344912A345B1C.d.53E2B38201050DC035FC8D577BF6B57B.e.9414/rect - {}
RESULT: {}
COMMAND: GET /session/f31953e55de2d70fb971a65264fe9e98/window/rect - {}
RESULT: {}
COMMAND: POST /session/f31953e55de2d70fb971a65264fe9e98/execute/sync - {"script":"<script> [92 bytes]","args":[]}
RESULT: {"script":"<script> [92 bytes]","args":[]}
COMMAND: POST /session/f31953e55de2d70fb971a65264fe9e98/actions - {"actions":[{"id":"action33","type":"wheel","parameters":{},"actions":[{"type":"scroll","x":-869,"y":-24,"deltaX":0,"deltaY":0,"duration":0,"origin":{"element-6066-11e4-a52e-4f735466cecf":"f.64D82B69FC2678D0F29344912A345B1C.d.53E2B38201050DC035FC8D577BF6B57B.e.9414"}}]}]}
COMMAND: GET /session/f31953e55de2d70fb971a65264fe9e98/screenshot - {}
RESULT: {"actions":[{"id":"action33","type":"wheel","parameters":{},"actions":[{"type":"scroll","x":-869,"y":-24,"deltaX":0,"deltaY":0,"duration":0,"origin":{"element-6066-11e4-a52e-4f735466cecf":"f.64D82B69FC2678D0F29344912A345B1C.d.53E2B38201050DC035FC8D577BF6B57B.e.9414"}}]}]}
COMMAND: DELETE /session/f31953e55de2d70fb971a65264fe9e98/actions - {}
COMMAND: GET /session/f31953e55de2d70fb971a65264fe9e98/screenshot - {}
RESULT: {}
RESULT: {}
COMMAND: GET /session/f31953e55de2d70fb971a65264fe9e98/screenshot - {}
RESULT: {}
RESULT: {}
COMMAND: POST /session/f31953e55de2d70fb971a65264fe9e98/element/f.64D82B69FC2678D0F29344912A345B1C.d.53E2B38201050DC035FC8D577BF6B57B.e.9414/click - {}
RESULT: {}
COMMAND: GET /session/f31953e55de2d70fb971a65264fe9e98/screenshot - {}
RESULT: {}
RESULT: undefined
COMMAND: POST /session/f31953e55de2d70fb971a65264fe9e98/execute/async - {"script":"<script> [776 bytes]","args":[{"enterText":"4000360","selector":{"controlType":"sap.m.SearchField","properties":{"placeholder":"Search"},"searchOpenDialogs":true,"interaction":{"idSuffix":"I"}},"clearTextFirst":true,"interactionType":"ENTER_TEXT"}]}
RESULT: {"script":"<script> [776 bytes]","args":[{"enterText":"4000360","selector":{"controlType":"sap.m.SearchField","properties":{"placeholder":"Search"},"searchOpenDialogs":true,"interaction":{"idSuffix":"I"}},"clearTextFirst":true,"interactionType":"ENTER_TEXT"}]}
COMMAND: POST /session/f31953e55de2d70fb971a65264fe9e98/actions - {"actions":[{"id":"action34","type":"key","parameters":{},"actions":[{"type":"keyDown","value":"î€‡"},{"type":"pause","duration":10},{"type":"keyUp","value":"î€‡"}]}]}
RESULT: {"actions":[{"id":"action34","type":"key","parameters":{},"actions":[{"type":"keyDown","value":"î€‡"},{"type":"pause","duration":10},{"type":"keyUp","value":"î€‡"}]}]}
COMMAND: GET /session/f31953e55de2d70fb971a65264fe9e98/screenshot - {}
RESULT: {}
COMMAND: POST /session/f31953e55de2d70fb971a65264fe9e98/element - {"using":"xpath","value":"//td/div/span[contains(text(), \"BGL Vehicles\")]"}
RESULT: {"using":"xpath","value":"//td/div/span[contains(text(), \"BGL Vehicles\")]"}
COMMAND: POST /session/f31953e55de2d70fb971a65264fe9e98/element/f.64D82B69FC2678D0F29344912A345B1C.d.53E2B38201050DC035FC8D577BF6B57B.e.9434/click - {}
RESULT: {}
COMMAND: GET /session/f31953e55de2d70fb971a65264fe9e98/screenshot - {}
RESULT: {}
COMMAND: POST /session/f31953e55de2d70fb971a65264fe9e98/element - {"using":"xpath","value":"//bdi[contains(text(), \"OK\")]"}
RESULT: {"using":"xpath","value":"//bdi[contains(text(), \"OK\")]"}
COMMAND: POST /session/f31953e55de2d70fb971a65264fe9e98/element/f.64D82B69FC2678D0F29344912A345B1C.d.53E2B38201050DC035FC8D577BF6B57B.e.9435/click - {}
RESULT: {}
COMMAND: GET /session/f31953e55de2d70fb971a65264fe9e98/screenshot - {}
RESULT: {}
COMMAND: POST /session/f31953e55de2d70fb971a65264fe9e98/execute/async - {"script":"<script> [1562 bytes]","args":[{"selector":{"id":"application-manageresources-display-component---newResourceUnit--newRRUPage-anchBar-application-manageresources-display-component---newResourceUnit--resource-anchor","interaction":{"idSuffix":"BDI-content"}},"wdio_ui5_key":"applicationmanageresources-display-component---newResourceUnit--newRRUPage-anchBar-application-manageresources-display-component---newResourceUnit--resource-anchor"}]}
RESULT: {"script":"<script> [1562 bytes]","args":[{"selector":{"id":"application-manageresources-display-component---newResourceUnit--newRRUPage-anchBar-application-manageresources-display-component---newResourceUnit--resource-anchor","interaction":{"idSuffix":"BDI-content"}},"wdio_ui5_key":"applicationmanageresources-display-component---newResourceUnit--newRRUPage-anchBar-application-manageresources-display-component---newResourceUnit--resource-anchor"}]}
RESULT: undefined
COMMAND: POST /session/f31953e55de2d70fb971a65264fe9e98/element - {"using":"xpath","value":"//*[@id=\"application-manageresources-display-component---newResourceUnit--newRRUPage-anchBar-application-manageresources-display-component---newResourceUnit--resource-anchor\"]"}
RESULT: {"using":"xpath","value":"//*[@id=\"application-manageresources-display-component---newResourceUnit--newRRUPage-anchBar-application-manageresources-display-component---newResourceUnit--resource-anchor\"]"}
COMMAND: POST /session/f31953e55de2d70fb971a65264fe9e98/element/f.64D82B69FC2678D0F29344912A345B1C.d.53E2B38201050DC035FC8D577BF6B57B.e.9439/click - {}
RESULT: {}
COMMAND: POST /session/f31953e55de2d70fb971a65264fe9e98/execute/async - {"script":"<script> [1562 bytes]","args":[{"selector":{"id":"application-manageresources-display-component---newResourceUnit--PLANNED_DELIVERY_DATE","interaction":{"idSuffix":"inner"}},"wdio_ui5_key":"applicationmanageresources-display-component---newResourceUnit--PLANNED_DELIVERY_DATE"}]}
COMMAND: GET /session/f31953e55de2d70fb971a65264fe9e98/screenshot - {}
RESULT: {"script":"<script> [1562 bytes]","args":[{"selector":{"id":"application-manageresources-display-component---newResourceUnit--PLANNED_DELIVERY_DATE","interaction":{"idSuffix":"inner"}},"wdio_ui5_key":"applicationmanageresources-display-component---newResourceUnit--PLANNED_DELIVERY_DATE"}]}
RESULT: undefined
COMMAND: POST /session/f31953e55de2d70fb971a65264fe9e98/execute/async - {"script":"<script> [6424 bytes]","args":[{"element-6066-11e4-a52e-4f735466cecf":"f.64D82B69FC2678D0F29344912A345B1C.d.53E2B38201050DC035FC8D577BF6B57B.e.9302"},"setValue",["5/20/25"]]}
RESULT: {}
RESULT: {"script":"<script> [6424 bytes]","args":[{"element-6066-11e4-a52e-4f735466cecf":"f.64D82B69FC2678D0F29344912A345B1C.d.53E2B38201050DC035FC8D577BF6B57B.e.9302"},"setValue",["5/20/25"]]}
COMMAND: POST /session/f31953e55de2d70fb971a65264fe9e98/element - {"using":"xpath","value":"//label[contains(@class, 'sapMLabelRequired') and .//bdi[contains(text(), 'Planned Retirement')]]"}
RESULT: {"using":"xpath","value":"//label[contains(@class, 'sapMLabelRequired') and .//bdi[contains(text(), 'Planned Retirement')]]"}
COMMAND: POST /session/f31953e55de2d70fb971a65264fe9e98/elements - {"using":"xpath","value":"//label[contains(@class, 'sapMLabelRequired') and .//bdi[contains(text(), 'Planned Retirement')]]"}
RESULT: {"using":"xpath","value":"//label[contains(@class, 'sapMLabelRequired') and .//bdi[contains(text(), 'Planned Retirement')]]"}
COMMAND: POST /session/f31953e55de2d70fb971a65264fe9e98/element - {"using":"xpath","value":"//button[@data-kt=\"resourceUnitSaveButton\"]"}
RESULT: {"using":"xpath","value":"//button[@data-kt=\"resourceUnitSaveButton\"]"}
COMMAND: POST /session/f31953e55de2d70fb971a65264fe9e98/element/f.64D82B69FC2678D0F29344912A345B1C.d.53E2B38201050DC035FC8D577BF6B57B.e.9263/click - {}
RESULT: {}
COMMAND: GET /session/f31953e55de2d70fb971a65264fe9e98/screenshot - {}
RESULT: {}
COMMAND: POST /session/f31953e55de2d70fb971a65264fe9e98/element - {"using":"xpath","value":"//bdi[contains(text(), \"Close\")]"}
RESULT: {"using":"xpath","value":"//bdi[contains(text(), \"Close\")]"}
COMMAND: POST /session/f31953e55de2d70fb971a65264fe9e98/element/f.64D82B69FC2678D0F29344912A345B1C.d.53E2B38201050DC035FC8D577BF6B57B.e.9447/click - {}
RESULT: {}
COMMAND: GET /session/f31953e55de2d70fb971a65264fe9e98/screenshot - {}
RESULT: {}
COMMAND: POST /session/f31953e55de2d70fb971a65264fe9e98/element - {"using":"xpath","value":"(//button[contains(@id ,\"actionsToolbar-overflowButton\")])[1]"}
RESULT: {"using":"xpath","value":"(//button[contains(@id ,\"actionsToolbar-overflowButton\")])[1]"}
COMMAND: POST /session/f31953e55de2d70fb971a65264fe9e98/element/f.64D82B69FC2678D0F29344912A345B1C.d.53E2B38201050DC035FC8D577BF6B57B.e.9503/click - {}
RESULT: {}
COMMAND: GET /session/f31953e55de2d70fb971a65264fe9e98/screenshot - {}
RESULT: {}
COMMAND: POST /session/f31953e55de2d70fb971a65264fe9e98/element - {"using":"xpath","value":"//button[@data-kt=\"priceInfoButton\"]"}
RESULT: {"using":"xpath","value":"//button[@data-kt=\"priceInfoButton\"]"}
COMMAND: POST /session/f31953e55de2d70fb971a65264fe9e98/element/f.64D82B69FC2678D0F29344912A345B1C.d.53E2B38201050DC035FC8D577BF6B57B.e.9505/click - {}
RESULT: {}
COMMAND: GET /session/f31953e55de2d70fb971a65264fe9e98/screenshot - {}
]]></system-out>
    </testcase>
    <testcase classname="chrome.136_0_7103_93.windows.Billing_Transfer_-_Intracompany_US127249" name="Should create a pricing procedure" time="58.019">
      <system-out><![CDATA[
COMMAND: POST /session/f31953e55de2d70fb971a65264fe9e98/element - {"using":"xpath","value":"//button[@data-kt=\"addButton\"]"}
RESULT: {}
RESULT: {"using":"xpath","value":"//button[@data-kt=\"addButton\"]"}
COMMAND: POST /session/f31953e55de2d70fb971a65264fe9e98/elements - {"using":"xpath","value":"//button[@data-kt=\"addButton\"]"}
RESULT: {"using":"xpath","value":"//button[@data-kt=\"addButton\"]"}
COMMAND: POST /session/f31953e55de2d70fb971a65264fe9e98/execute/sync - {"script":"<script> [8489 bytes]","args":[{"element-6066-11e4-a52e-4f735466cecf":"f.64D82B69FC2678D0F29344912A345B1C.d.53E2B38201050DC035FC8D577BF6B57B.e.9543","ELEMENT":"f.64D82B69FC2678D0F29344912A345B1C.d.53E2B38201050DC035FC8D577BF6B57B.e.9543"}]}
RESULT: {"script":"<script> [8489 bytes]","args":[{"element-6066-11e4-a52e-4f735466cecf":"f.64D82B69FC2678D0F29344912A345B1C.d.53E2B38201050DC035FC8D577BF6B57B.e.9543","ELEMENT":"f.64D82B69FC2678D0F29344912A345B1C.d.53E2B38201050DC035FC8D577BF6B57B.e.9543"}]}
COMMAND: GET /session/f31953e55de2d70fb971a65264fe9e98/element/f.64D82B69FC2678D0F29344912A345B1C.d.53E2B38201050DC035FC8D577BF6B57B.e.9543/enabled - {}
COMMAND: GET /session/f31953e55de2d70fb971a65264fe9e98/screenshot - {}
RESULT: {}
COMMAND: POST /session/f31953e55de2d70fb971a65264fe9e98/execute/sync - {"script":"<script> [8489 bytes]","args":[{"element-6066-11e4-a52e-4f735466cecf":"f.64D82B69FC2678D0F29344912A345B1C.d.53E2B38201050DC035FC8D577BF6B57B.e.9543","ELEMENT":"f.64D82B69FC2678D0F29344912A345B1C.d.53E2B38201050DC035FC8D577BF6B57B.e.9543"}]}
COMMAND: GET /session/f31953e55de2d70fb971a65264fe9e98/screenshot - {}
RESULT: {}
RESULT: {"script":"<script> [8489 bytes]","args":[{"element-6066-11e4-a52e-4f735466cecf":"f.64D82B69FC2678D0F29344912A345B1C.d.53E2B38201050DC035FC8D577BF6B57B.e.9543","ELEMENT":"f.64D82B69FC2678D0F29344912A345B1C.d.53E2B38201050DC035FC8D577BF6B57B.e.9543"}]}
COMMAND: POST /session/f31953e55de2d70fb971a65264fe9e98/execute/sync - {"script":"<script> [5351 bytes]","args":[{"element-6066-11e4-a52e-4f735466cecf":"f.64D82B69FC2678D0F29344912A345B1C.d.53E2B38201050DC035FC8D577BF6B57B.e.9543","ELEMENT":"f.64D82B69FC2678D0F29344912A345B1C.d.53E2B38201050DC035FC8D577BF6B57B.e.9543"}]}
COMMAND: GET /session/f31953e55de2d70fb971a65264fe9e98/screenshot - {}
RESULT: {}
RESULT: {"script":"<script> [5351 bytes]","args":[{"element-6066-11e4-a52e-4f735466cecf":"f.64D82B69FC2678D0F29344912A345B1C.d.53E2B38201050DC035FC8D577BF6B57B.e.9543","ELEMENT":"f.64D82B69FC2678D0F29344912A345B1C.d.53E2B38201050DC035FC8D577BF6B57B.e.9543"}]}
COMMAND: POST /session/f31953e55de2d70fb971a65264fe9e98/element/f.64D82B69FC2678D0F29344912A345B1C.d.53E2B38201050DC035FC8D577BF6B57B.e.9543/click - {}
COMMAND: GET /session/f31953e55de2d70fb971a65264fe9e98/screenshot - {}
RESULT: {}
RESULT: {}
COMMAND: GET /session/f31953e55de2d70fb971a65264fe9e98/screenshot - {}
RESULT: {}
RESULT: {}
COMMAND: POST /session/f31953e55de2d70fb971a65264fe9e98/execute/async - {"script":"<script> [1562 bytes]","args":[{"selector":{"controlType":"sap.m.Title","viewName":"etm.portal.ui.managepricingrules.view.NewItem","viewId":"application-managepricingrules-display-component---newInfoPriceItem","properties":{"text":"New Pricing Rules - Item Level"}},"wdio_ui5_key":"etmportal.ui.managepricingrules.view.NewItemsap.m.Title{\"text\":\"New Pricing Rules - Item Level\"}"}]}
RESULT: {"script":"<script> [1562 bytes]","args":[{"selector":{"controlType":"sap.m.Title","viewName":"etm.portal.ui.managepricingrules.view.NewItem","viewId":"application-managepricingrules-display-component---newInfoPriceItem","properties":{"text":"New Pricing Rules - Item Level"}},"wdio_ui5_key":"etmportal.ui.managepricingrules.view.NewItemsap.m.Title{\"text\":\"New Pricing Rules - Item Level\"}"}]}
RESULT: undefined
COMMAND: POST /session/f31953e55de2d70fb971a65264fe9e98/execute/async - {"script":"<script> [6424 bytes]","args":[{"element-6066-11e4-a52e-4f735466cecf":"f.64D82B69FC2678D0F29344912A345B1C.d.53E2B38201050DC035FC8D577BF6B57B.e.9624"},"getText",[]]}
RESULT: {"script":"<script> [6424 bytes]","args":[{"element-6066-11e4-a52e-4f735466cecf":"f.64D82B69FC2678D0F29344912A345B1C.d.53E2B38201050DC035FC8D577BF6B57B.e.9624"},"getText",[]]}
COMMAND: POST /session/f31953e55de2d70fb971a65264fe9e98/execute/async - {"script":"<script> [1562 bytes]","args":[{"selector":{"id":"application-managepricingrules-display-component---newInfoPriceItem--condValidTo","interaction":{"idSuffix":"inner"}},"wdio_ui5_key":"applicationmanagepricingrules-display-component---newInfoPriceItem--condValidTo"}]}
RESULT: {"script":"<script> [1562 bytes]","args":[{"selector":{"id":"application-managepricingrules-display-component---newInfoPriceItem--condValidTo","interaction":{"idSuffix":"inner"}},"wdio_ui5_key":"applicationmanagepricingrules-display-component---newInfoPriceItem--condValidTo"}]}
RESULT: undefined
COMMAND: POST /session/f31953e55de2d70fb971a65264fe9e98/execute/async - {"script":"<script> [776 bytes]","args":[{"enterText":"1/20/26","selector":{"id":"application-managepricingrules-display-component---newInfoPriceItem--condValidTo","interaction":{"idSuffix":"inner"}},"clearTextFirst":true,"interactionType":"ENTER_TEXT"}]}
RESULT: {"script":"<script> [776 bytes]","args":[{"enterText":"1/20/26","selector":{"id":"application-managepricingrules-display-component---newInfoPriceItem--condValidTo","interaction":{"idSuffix":"inner"}},"clearTextFirst":true,"interactionType":"ENTER_TEXT"}]}
COMMAND: POST /session/f31953e55de2d70fb971a65264fe9e98/execute/async - {"script":"<script> [1562 bytes]","args":[{"selector":{"id":"application-managepricingrules-display-component---newInfoPriceItem--billType-arrow"},"wdio_ui5_key":"applicationmanagepricingrules-display-component---newInfoPriceItem--billType-arrow"}]}
RESULT: {"script":"<script> [1562 bytes]","args":[{"selector":{"id":"application-managepricingrules-display-component---newInfoPriceItem--billType-arrow"},"wdio_ui5_key":"applicationmanagepricingrules-display-component---newInfoPriceItem--billType-arrow"}]}
RESULT: undefined
COMMAND: POST /session/f31953e55de2d70fb971a65264fe9e98/element - {"using":"xpath","value":"//*[@id=\"application-managepricingrules-display-component---newInfoPriceItem--billType-arrow\"]"}
RESULT: {"using":"xpath","value":"//*[@id=\"application-managepricingrules-display-component---newInfoPriceItem--billType-arrow\"]"}
COMMAND: POST /session/f31953e55de2d70fb971a65264fe9e98/element/f.64D82B69FC2678D0F29344912A345B1C.d.53E2B38201050DC035FC8D577BF6B57B.e.9628/click - {}
RESULT: {}
COMMAND: POST /session/f31953e55de2d70fb971a65264fe9e98/element - {"using":"xpath","value":"//span[contains(text(), \"TB - Time based\")]"}
COMMAND: GET /session/f31953e55de2d70fb971a65264fe9e98/screenshot - {}
RESULT: {"using":"xpath","value":"//span[contains(text(), \"TB - Time based\")]"}
COMMAND: POST /session/f31953e55de2d70fb971a65264fe9e98/element/f.64D82B69FC2678D0F29344912A345B1C.d.53E2B38201050DC035FC8D577BF6B57B.e.9629/click - {}
RESULT: {}
RESULT: {}
COMMAND: POST /session/f31953e55de2d70fb971a65264fe9e98/execute/async - {"script":"<script> [1562 bytes]","args":[{"selector":{"id":"application-managepricingrules-display-component---newInfoPriceItem--priceProc-arrow"},"wdio_ui5_key":"applicationmanagepricingrules-display-component---newInfoPriceItem--priceProc-arrow"}]}
COMMAND: GET /session/f31953e55de2d70fb971a65264fe9e98/screenshot - {}
RESULT: {"script":"<script> [1562 bytes]","args":[{"selector":{"id":"application-managepricingrules-display-component---newInfoPriceItem--priceProc-arrow"},"wdio_ui5_key":"applicationmanagepricingrules-display-component---newInfoPriceItem--priceProc-arrow"}]}
RESULT: undefined
COMMAND: POST /session/f31953e55de2d70fb971a65264fe9e98/element - {"using":"xpath","value":"//*[@id=\"application-managepricingrules-display-component---newInfoPriceItem--priceProc-arrow\"]"}
RESULT: {}
RESULT: {"using":"xpath","value":"//*[@id=\"application-managepricingrules-display-component---newInfoPriceItem--priceProc-arrow\"]"}
COMMAND: POST /session/f31953e55de2d70fb971a65264fe9e98/element/f.64D82B69FC2678D0F29344912A345B1C.d.53E2B38201050DC035FC8D577BF6B57B.e.9630/click - {}
RESULT: {}
COMMAND: POST /session/f31953e55de2d70fb971a65264fe9e98/element - {"using":"xpath","value":"//span[contains(text(), \"TBS - Time based standard\")]"}
COMMAND: GET /session/f31953e55de2d70fb971a65264fe9e98/screenshot - {}
RESULT: {"using":"xpath","value":"//span[contains(text(), \"TBS - Time based standard\")]"}
COMMAND: POST /session/f31953e55de2d70fb971a65264fe9e98/element/f.64D82B69FC2678D0F29344912A345B1C.d.53E2B38201050DC035FC8D577BF6B57B.e.9631/click - {}
RESULT: {}
RESULT: {}
COMMAND: POST /session/f31953e55de2d70fb971a65264fe9e98/execute/async - {"script":"<script> [1562 bytes]","args":[{"selector":{"id":"application-managepricingrules-display-component---newInfoPriceItem--calcBase-arrow"},"wdio_ui5_key":"applicationmanagepricingrules-display-component---newInfoPriceItem--calcBase-arrow"}]}
COMMAND: GET /session/f31953e55de2d70fb971a65264fe9e98/screenshot - {}
RESULT: {"script":"<script> [1562 bytes]","args":[{"selector":{"id":"application-managepricingrules-display-component---newInfoPriceItem--calcBase-arrow"},"wdio_ui5_key":"applicationmanagepricingrules-display-component---newInfoPriceItem--calcBase-arrow"}]}
RESULT: undefined
COMMAND: POST /session/f31953e55de2d70fb971a65264fe9e98/element - {"using":"xpath","value":"//*[@id=\"application-managepricingrules-display-component---newInfoPriceItem--calcBase-arrow\"]"}
RESULT: {}
RESULT: {"using":"xpath","value":"//*[@id=\"application-managepricingrules-display-component---newInfoPriceItem--calcBase-arrow\"]"}
COMMAND: POST /session/f31953e55de2d70fb971a65264fe9e98/element/f.64D82B69FC2678D0F29344912A345B1C.d.53E2B38201050DC035FC8D577BF6B57B.e.9632/click - {}
RESULT: {}
COMMAND: GET /session/f31953e55de2d70fb971a65264fe9e98/screenshot - {}
RESULT: {}
COMMAND: POST /session/f31953e55de2d70fb971a65264fe9e98/element - {"using":"xpath","value":"//span[contains(text(), \"0006 - TB(calendar days)\")]"}
RESULT: {"using":"xpath","value":"//span[contains(text(), \"0006 - TB(calendar days)\")]"}
COMMAND: POST /session/f31953e55de2d70fb971a65264fe9e98/element/f.64D82B69FC2678D0F29344912A345B1C.d.53E2B38201050DC035FC8D577BF6B57B.e.9633/click - {}
RESULT: {}
COMMAND: GET /session/f31953e55de2d70fb971a65264fe9e98/screenshot - {}
RESULT: {}
COMMAND: POST /session/f31953e55de2d70fb971a65264fe9e98/execute/async - {"script":"<script> [1562 bytes]","args":[{"selector":{"id":"application-managepricingrules-display-component---newInfoPriceItem--daysMonth","interaction":{"idSuffix":"inner"}},"wdio_ui5_key":"applicationmanagepricingrules-display-component---newInfoPriceItem--daysMonth"}]}
RESULT: {"script":"<script> [1562 bytes]","args":[{"selector":{"id":"application-managepricingrules-display-component---newInfoPriceItem--daysMonth","interaction":{"idSuffix":"inner"}},"wdio_ui5_key":"applicationmanagepricingrules-display-component---newInfoPriceItem--daysMonth"}]}
RESULT: undefined
COMMAND: POST /session/f31953e55de2d70fb971a65264fe9e98/execute/async - {"script":"<script> [776 bytes]","args":[{"enterText":"30","selector":{"id":"application-managepricingrules-display-component---newInfoPriceItem--daysMonth","interaction":{"idSuffix":"inner"}},"clearTextFirst":true,"interactionType":"ENTER_TEXT"}]}
RESULT: {"script":"<script> [776 bytes]","args":[{"enterText":"30","selector":{"id":"application-managepricingrules-display-component---newInfoPriceItem--daysMonth","interaction":{"idSuffix":"inner"}},"clearTextFirst":true,"interactionType":"ENTER_TEXT"}]}
COMMAND: POST /session/f31953e55de2d70fb971a65264fe9e98/element - {"using":"xpath","value":"//button[@data-kt=\"saveNewRuleButton\"]"}
RESULT: {"using":"xpath","value":"//button[@data-kt=\"saveNewRuleButton\"]"}
COMMAND: POST /session/f31953e55de2d70fb971a65264fe9e98/element/f.64D82B69FC2678D0F29344912A345B1C.d.53E2B38201050DC035FC8D577BF6B57B.e.9635/click - {}
RESULT: {}
COMMAND: GET /session/f31953e55de2d70fb971a65264fe9e98/screenshot - {}
RESULT: {}
COMMAND: POST /session/f31953e55de2d70fb971a65264fe9e98/execute/async - {"script":"<script> [1562 bytes]","args":[{"selector":{"id":"application-managepricingrules-display-component---priceInfoItem--smartFilterBar-btnBasicSearch","interaction":{"idSuffix":"I"}},"wdio_ui5_key":"applicationmanagepricingrules-display-component---priceInfoItem--smartFilterBar-btnBasicSearch"}]}
RESULT: {"script":"<script> [1562 bytes]","args":[{"selector":{"id":"application-managepricingrules-display-component---priceInfoItem--smartFilterBar-btnBasicSearch","interaction":{"idSuffix":"I"}},"wdio_ui5_key":"applicationmanagepricingrules-display-component---priceInfoItem--smartFilterBar-btnBasicSearch"}]}
RESULT: undefined
COMMAND: POST /session/f31953e55de2d70fb971a65264fe9e98/execute/async - {"script":"<script> [776 bytes]","args":[{"enterText":"uUfQ74T3Ay","selector":{"id":"application-managepricingrules-display-component---priceInfoItem--smartFilterBar-btnBasicSearch","interaction":{"idSuffix":"I"}},"clearTextFirst":true,"interactionType":"ENTER_TEXT"}]}
RESULT: {"script":"<script> [776 bytes]","args":[{"enterText":"uUfQ74T3Ay","selector":{"id":"application-managepricingrules-display-component---priceInfoItem--smartFilterBar-btnBasicSearch","interaction":{"idSuffix":"I"}},"clearTextFirst":true,"interactionType":"ENTER_TEXT"}]}
COMMAND: POST /session/f31953e55de2d70fb971a65264fe9e98/actions - {"actions":[{"id":"action35","type":"key","parameters":{},"actions":[{"type":"keyDown","value":"î€‡"},{"type":"pause","duration":10},{"type":"keyUp","value":"î€‡"}]}]}
RESULT: {"actions":[{"id":"action35","type":"key","parameters":{},"actions":[{"type":"keyDown","value":"î€‡"},{"type":"pause","duration":10},{"type":"keyUp","value":"î€‡"}]}]}
COMMAND: GET /session/f31953e55de2d70fb971a65264fe9e98/screenshot - {}
RESULT: {}
COMMAND: POST /session/f31953e55de2d70fb971a65264fe9e98/element - {"using":"xpath","value":"//span[@id=\"application-managepricingrules-display-component---priceInfoItem--smartTable-header-inner\"]"}
RESULT: {"using":"xpath","value":"//span[@id=\"application-managepricingrules-display-component---priceInfoItem--smartTable-header-inner\"]"}
COMMAND: POST /session/f31953e55de2d70fb971a65264fe9e98/elements - {"using":"xpath","value":"//span[@id=\"application-managepricingrules-display-component---priceInfoItem--smartTable-header-inner\"]"}
RESULT: {"using":"xpath","value":"//span[@id=\"application-managepricingrules-display-component---priceInfoItem--smartTable-header-inner\"]"}
COMMAND: POST /session/f31953e55de2d70fb971a65264fe9e98/execute/sync - {"script":"<script> [56 bytes]","args":[{"element-6066-11e4-a52e-4f735466cecf":"f.64D82B69FC2678D0F29344912A345B1C.d.53E2B38201050DC035FC8D577BF6B57B.e.9648","ELEMENT":"f.64D82B69FC2678D0F29344912A345B1C.d.53E2B38201050DC035FC8D577BF6B57B.e.9648"}]}
RESULT: {"script":"<script> [56 bytes]","args":[{"element-6066-11e4-a52e-4f735466cecf":"f.64D82B69FC2678D0F29344912A345B1C.d.53E2B38201050DC035FC8D577BF6B57B.e.9648","ELEMENT":"f.64D82B69FC2678D0F29344912A345B1C.d.53E2B38201050DC035FC8D577BF6B57B.e.9648"}]}
COMMAND: POST /session/f31953e55de2d70fb971a65264fe9e98/element - {"using":"css selector","value":"#shell-header-logo"}
COMMAND: GET /session/f31953e55de2d70fb971a65264fe9e98/screenshot - {}
RESULT: {"using":"css selector","value":"#shell-header-logo"}
COMMAND: POST /session/f31953e55de2d70fb971a65264fe9e98/element/f.64D82B69FC2678D0F29344912A345B1C.d.53E2B38201050DC035FC8D577BF6B57B.e.8862/click - {}
RESULT: {}
RESULT: {}
COMMAND: GET /session/f31953e55de2d70fb971a65264fe9e98/screenshot - {}
RESULT: {}
]]></system-out>
    </testcase>
    <testcase classname="chrome.136_0_7103_93.windows.Billing_Transfer_-_Intracompany_US127249" name="Should manage conditions" time="72.642">
      <system-out><![CDATA[
COMMAND: POST /session/f31953e55de2d70fb971a65264fe9e98/execute/async - {"script":"<script> [1562 bytes]","args":[{"selector":{"controlType":"sap.m.GenericTile","properties":{"header":"Manage Conditions & Prices"}},"wdio_ui5_key":"sapm.GenericTile{\"header\":\"Manage Conditions & Prices\"}"}]}
RESULT: {"script":"<script> [1562 bytes]","args":[{"selector":{"controlType":"sap.m.GenericTile","properties":{"header":"Manage Conditions & Prices"}},"wdio_ui5_key":"sapm.GenericTile{\"header\":\"Manage Conditions & Prices\"}"}]}
RESULT: undefined
COMMAND: POST /session/f31953e55de2d70fb971a65264fe9e98/element - {"using":"xpath","value":"//*[@id=\"__tile53\"]"}
RESULT: {"using":"xpath","value":"//*[@id=\"__tile53\"]"}
COMMAND: POST /session/f31953e55de2d70fb971a65264fe9e98/element/f.64D82B69FC2678D0F29344912A345B1C.d.53E2B38201050DC035FC8D577BF6B57B.e.6541/click - {}
RESULT: {}
COMMAND: GET /session/f31953e55de2d70fb971a65264fe9e98/screenshot - {}
RESULT: {}
COMMAND: POST /session/f31953e55de2d70fb971a65264fe9e98/elements - {"using":"xpath","value":"//span[text()='Error']"}
RESULT: {"using":"xpath","value":"//span[text()='Error']"}
COMMAND: POST /session/f31953e55de2d70fb971a65264fe9e98/element - {"using":"xpath","value":"//button[@aria-label=\"Create\"]"}
RESULT: {"using":"xpath","value":"//button[@aria-label=\"Create\"]"}
COMMAND: POST /session/f31953e55de2d70fb971a65264fe9e98/elements - {"using":"xpath","value":"//button[@aria-label=\"Create\"]"}
RESULT: {"using":"xpath","value":"//button[@aria-label=\"Create\"]"}
COMMAND: POST /session/f31953e55de2d70fb971a65264fe9e98/execute/sync - {"script":"<script> [8489 bytes]","args":[{"element-6066-11e4-a52e-4f735466cecf":"f.64D82B69FC2678D0F29344912A345B1C.d.53E2B38201050DC035FC8D577BF6B57B.e.9683","ELEMENT":"f.64D82B69FC2678D0F29344912A345B1C.d.53E2B38201050DC035FC8D577BF6B57B.e.9683"}]}
RESULT: {"script":"<script> [8489 bytes]","args":[{"element-6066-11e4-a52e-4f735466cecf":"f.64D82B69FC2678D0F29344912A345B1C.d.53E2B38201050DC035FC8D577BF6B57B.e.9683","ELEMENT":"f.64D82B69FC2678D0F29344912A345B1C.d.53E2B38201050DC035FC8D577BF6B57B.e.9683"}]}
COMMAND: GET /session/f31953e55de2d70fb971a65264fe9e98/element/f.64D82B69FC2678D0F29344912A345B1C.d.53E2B38201050DC035FC8D577BF6B57B.e.9683/enabled - {}
COMMAND: GET /session/f31953e55de2d70fb971a65264fe9e98/screenshot - {}
RESULT: {}
COMMAND: POST /session/f31953e55de2d70fb971a65264fe9e98/execute/sync - {"script":"<script> [8489 bytes]","args":[{"element-6066-11e4-a52e-4f735466cecf":"f.64D82B69FC2678D0F29344912A345B1C.d.53E2B38201050DC035FC8D577BF6B57B.e.9683","ELEMENT":"f.64D82B69FC2678D0F29344912A345B1C.d.53E2B38201050DC035FC8D577BF6B57B.e.9683"}]}
COMMAND: GET /session/f31953e55de2d70fb971a65264fe9e98/screenshot - {}
RESULT: {}
RESULT: {"script":"<script> [8489 bytes]","args":[{"element-6066-11e4-a52e-4f735466cecf":"f.64D82B69FC2678D0F29344912A345B1C.d.53E2B38201050DC035FC8D577BF6B57B.e.9683","ELEMENT":"f.64D82B69FC2678D0F29344912A345B1C.d.53E2B38201050DC035FC8D577BF6B57B.e.9683"}]}
COMMAND: POST /session/f31953e55de2d70fb971a65264fe9e98/execute/sync - {"script":"<script> [5351 bytes]","args":[{"element-6066-11e4-a52e-4f735466cecf":"f.64D82B69FC2678D0F29344912A345B1C.d.53E2B38201050DC035FC8D577BF6B57B.e.9683","ELEMENT":"f.64D82B69FC2678D0F29344912A345B1C.d.53E2B38201050DC035FC8D577BF6B57B.e.9683"}]}
COMMAND: GET /session/f31953e55de2d70fb971a65264fe9e98/screenshot - {}
RESULT: {}
RESULT: {"script":"<script> [5351 bytes]","args":[{"element-6066-11e4-a52e-4f735466cecf":"f.64D82B69FC2678D0F29344912A345B1C.d.53E2B38201050DC035FC8D577BF6B57B.e.9683","ELEMENT":"f.64D82B69FC2678D0F29344912A345B1C.d.53E2B38201050DC035FC8D577BF6B57B.e.9683"}]}
COMMAND: POST /session/f31953e55de2d70fb971a65264fe9e98/element/f.64D82B69FC2678D0F29344912A345B1C.d.53E2B38201050DC035FC8D577BF6B57B.e.9683/click - {}
COMMAND: GET /session/f31953e55de2d70fb971a65264fe9e98/screenshot - {}
RESULT: {}
RESULT: {}
COMMAND: GET /session/f31953e55de2d70fb971a65264fe9e98/screenshot - {}
RESULT: {}
RESULT: {}
COMMAND: POST /session/f31953e55de2d70fb971a65264fe9e98/actions - {"actions":[{"id":"action36","type":"key","parameters":{},"actions":[{"type":"keyDown","value":"î€‡"},{"type":"pause","duration":10},{"type":"keyUp","value":"î€‡"}]}]}
RESULT: {"actions":[{"id":"action36","type":"key","parameters":{},"actions":[{"type":"keyDown","value":"î€‡"},{"type":"pause","duration":10},{"type":"keyUp","value":"î€‡"}]}]}
COMMAND: GET /session/f31953e55de2d70fb971a65264fe9e98/screenshot - {}
RESULT: {}
COMMAND: POST /session/f31953e55de2d70fb971a65264fe9e98/execute/async - {"script":"<script> [1562 bytes]","args":[{"selector":{"id":"application-manageconditionprice-display-component---newCondition--condBillCond-arrow"},"wdio_ui5_key":"applicationmanageconditionprice-display-component---newCondition--condBillCond-arrow"}]}
RESULT: {"script":"<script> [1562 bytes]","args":[{"selector":{"id":"application-manageconditionprice-display-component---newCondition--condBillCond-arrow"},"wdio_ui5_key":"applicationmanageconditionprice-display-component---newCondition--condBillCond-arrow"}]}
RESULT: undefined
COMMAND: POST /session/f31953e55de2d70fb971a65264fe9e98/element - {"using":"xpath","value":"//*[@id=\"application-manageconditionprice-display-component---newCondition--condBillCond-arrow\"]"}
RESULT: {"using":"xpath","value":"//*[@id=\"application-manageconditionprice-display-component---newCondition--condBillCond-arrow\"]"}
COMMAND: POST /session/f31953e55de2d70fb971a65264fe9e98/element/f.64D82B69FC2678D0F29344912A345B1C.d.53E2B38201050DC035FC8D577BF6B57B.e.9856/click - {}
RESULT: {}
COMMAND: GET /session/f31953e55de2d70fb971a65264fe9e98/screenshot - {}
RESULT: {}
COMMAND: POST /session/f31953e55de2d70fb971a65264fe9e98/element - {"using":"xpath","value":"//li[.//span[contains(text(), \"DISP - D&I special price\")]]"}
RESULT: {"using":"xpath","value":"//li[.//span[contains(text(), \"DISP - D&I special price\")]]"}
COMMAND: POST /session/f31953e55de2d70fb971a65264fe9e98/element/f.64D82B69FC2678D0F29344912A345B1C.d.53E2B38201050DC035FC8D577BF6B57B.e.9860/click - {}
RESULT: {}
COMMAND: GET /session/f31953e55de2d70fb971a65264fe9e98/screenshot - {}
RESULT: {}
COMMAND: POST /session/f31953e55de2d70fb971a65264fe9e98/execute/async - {"script":"<script> [1562 bytes]","args":[{"selector":{"id":"application-manageconditionprice-display-component---newCondition--condValidTo","interaction":{"idSuffix":"inner"}},"wdio_ui5_key":"applicationmanageconditionprice-display-component---newCondition--condValidTo"}]}
RESULT: {"script":"<script> [1562 bytes]","args":[{"selector":{"id":"application-manageconditionprice-display-component---newCondition--condValidTo","interaction":{"idSuffix":"inner"}},"wdio_ui5_key":"applicationmanageconditionprice-display-component---newCondition--condValidTo"}]}
RESULT: undefined
COMMAND: POST /session/f31953e55de2d70fb971a65264fe9e98/execute/async - {"script":"<script> [776 bytes]","args":[{"enterText":"1/20/26","selector":{"id":"application-manageconditionprice-display-component---newCondition--condValidTo","interaction":{"idSuffix":"inner"}},"clearTextFirst":true,"interactionType":"ENTER_TEXT"}]}
RESULT: {"script":"<script> [776 bytes]","args":[{"enterText":"1/20/26","selector":{"id":"application-manageconditionprice-display-component---newCondition--condValidTo","interaction":{"idSuffix":"inner"}},"clearTextFirst":true,"interactionType":"ENTER_TEXT"}]}
COMMAND: POST /session/f31953e55de2d70fb971a65264fe9e98/element - {"using":"xpath","value":"//input[@id=\"application-manageconditionprice-display-component---newCondition--condRU-inner\"]"}
RESULT: {"using":"xpath","value":"//input[@id=\"application-manageconditionprice-display-component---newCondition--condRU-inner\"]"}
COMMAND: POST /session/f31953e55de2d70fb971a65264fe9e98/element/f.64D82B69FC2678D0F29344912A345B1C.d.53E2B38201050DC035FC8D577BF6B57B.e.9725/clear - {}
RESULT: {}
COMMAND: POST /session/f31953e55de2d70fb971a65264fe9e98/element/f.64D82B69FC2678D0F29344912A345B1C.d.53E2B38201050DC035FC8D577BF6B57B.e.9725/value - {"text":"uUfQ74T3Ay"}
COMMAND: GET /session/f31953e55de2d70fb971a65264fe9e98/screenshot - {}
RESULT: {}
RESULT: {"text":"uUfQ74T3Ay"}
COMMAND: GET /session/f31953e55de2d70fb971a65264fe9e98/screenshot - {}
RESULT: {}
COMMAND: POST /session/f31953e55de2d70fb971a65264fe9e98/actions - {"actions":[{"id":"action37","type":"key","parameters":{},"actions":[{"type":"keyDown","value":"î€‡"},{"type":"pause","duration":10},{"type":"keyUp","value":"î€‡"}]}]}
RESULT: {"actions":[{"id":"action37","type":"key","parameters":{},"actions":[{"type":"keyDown","value":"î€‡"},{"type":"pause","duration":10},{"type":"keyUp","value":"î€‡"}]}]}
COMMAND: POST /session/f31953e55de2d70fb971a65264fe9e98/execute/async - {"script":"<script> [1562 bytes]","args":[{"selector":{"id":"application-manageconditionprice-display-component---newCondition--condBaseQty","interaction":{"idSuffix":"inner"}},"wdio_ui5_key":"applicationmanageconditionprice-display-component---newCondition--condBaseQty"}]}
COMMAND: GET /session/f31953e55de2d70fb971a65264fe9e98/screenshot - {}
RESULT: {"script":"<script> [1562 bytes]","args":[{"selector":{"id":"application-manageconditionprice-display-component---newCondition--condBaseQty","interaction":{"idSuffix":"inner"}},"wdio_ui5_key":"applicationmanageconditionprice-display-component---newCondition--condBaseQty"}]}
RESULT: undefined
COMMAND: POST /session/f31953e55de2d70fb971a65264fe9e98/execute/async - {"script":"<script> [776 bytes]","args":[{"enterText":"1","selector":{"id":"application-manageconditionprice-display-component---newCondition--condBaseQty","interaction":{"idSuffix":"inner"}},"clearTextFirst":true,"interactionType":"ENTER_TEXT"}]}
RESULT: {}
RESULT: {"script":"<script> [776 bytes]","args":[{"enterText":"1","selector":{"id":"application-manageconditionprice-display-component---newCondition--condBaseQty","interaction":{"idSuffix":"inner"}},"clearTextFirst":true,"interactionType":"ENTER_TEXT"}]}
COMMAND: POST /session/f31953e55de2d70fb971a65264fe9e98/execute/async - {"script":"<script> [1562 bytes]","args":[{"selector":{"id":"application-manageconditionprice-display-component---newCondition--condValue","interaction":{"idSuffix":"inner"}},"wdio_ui5_key":"applicationmanageconditionprice-display-component---newCondition--condValue"}]}
RESULT: {"script":"<script> [1562 bytes]","args":[{"selector":{"id":"application-manageconditionprice-display-component---newCondition--condValue","interaction":{"idSuffix":"inner"}},"wdio_ui5_key":"applicationmanageconditionprice-display-component---newCondition--condValue"}]}
RESULT: undefined
COMMAND: POST /session/f31953e55de2d70fb971a65264fe9e98/execute/async - {"script":"<script> [776 bytes]","args":[{"enterText":"200","selector":{"id":"application-manageconditionprice-display-component---newCondition--condValue","interaction":{"idSuffix":"inner"}},"clearTextFirst":true,"interactionType":"ENTER_TEXT"}]}
RESULT: {"script":"<script> [776 bytes]","args":[{"enterText":"200","selector":{"id":"application-manageconditionprice-display-component---newCondition--condValue","interaction":{"idSuffix":"inner"}},"clearTextFirst":true,"interactionType":"ENTER_TEXT"}]}
COMMAND: POST /session/f31953e55de2d70fb971a65264fe9e98/execute/async - {"script":"<script> [1562 bytes]","args":[{"selector":{"id":"application-manageconditionprice-display-component---newCondition--condCurr-arrow"},"wdio_ui5_key":"applicationmanageconditionprice-display-component---newCondition--condCurr-arrow"}]}
RESULT: {"script":"<script> [1562 bytes]","args":[{"selector":{"id":"application-manageconditionprice-display-component---newCondition--condCurr-arrow"},"wdio_ui5_key":"applicationmanageconditionprice-display-component---newCondition--condCurr-arrow"}]}
RESULT: undefined
COMMAND: POST /session/f31953e55de2d70fb971a65264fe9e98/element - {"using":"xpath","value":"//*[@id=\"application-manageconditionprice-display-component---newCondition--condCurr-arrow\"]"}
RESULT: {"using":"xpath","value":"//*[@id=\"application-manageconditionprice-display-component---newCondition--condCurr-arrow\"]"}
COMMAND: POST /session/f31953e55de2d70fb971a65264fe9e98/element/f.64D82B69FC2678D0F29344912A345B1C.d.53E2B38201050DC035FC8D577BF6B57B.e.9825/click - {}
RESULT: {}
COMMAND: POST /session/f31953e55de2d70fb971a65264fe9e98/element - {"using":"xpath","value":"//span[contains(text(), \"Euro\")]"}
COMMAND: GET /session/f31953e55de2d70fb971a65264fe9e98/screenshot - {}
RESULT: {"using":"xpath","value":"//span[contains(text(), \"Euro\")]"}
COMMAND: POST /session/f31953e55de2d70fb971a65264fe9e98/element/f.64D82B69FC2678D0F29344912A345B1C.d.53E2B38201050DC035FC8D577BF6B57B.e.9897/click - {}
RESULT: {}
RESULT: {}
COMMAND: POST /session/f31953e55de2d70fb971a65264fe9e98/element - {"using":"xpath","value":"//button[@data-kt=\"saveButton\"]"}
COMMAND: GET /session/f31953e55de2d70fb971a65264fe9e98/screenshot - {}
RESULT: {"using":"xpath","value":"//button[@data-kt=\"saveButton\"]"}
COMMAND: POST /session/f31953e55de2d70fb971a65264fe9e98/element/f.64D82B69FC2678D0F29344912A345B1C.d.53E2B38201050DC035FC8D577BF6B57B.e.9826/click - {}
RESULT: {}
RESULT: {}
COMMAND: GET /session/f31953e55de2d70fb971a65264fe9e98/screenshot - {}
RESULT: {}
COMMAND: POST /session/f31953e55de2d70fb971a65264fe9e98/execute/async - {"script":"<script> [1562 bytes]","args":[{"selector":{"id":"application-manageconditionprice-display-component---conditions--smartFilterBar-btnBasicSearch","interaction":{"idSuffix":"I"}},"wdio_ui5_key":"applicationmanageconditionprice-display-component---conditions--smartFilterBar-btnBasicSearch"}]}
RESULT: {"script":"<script> [1562 bytes]","args":[{"selector":{"id":"application-manageconditionprice-display-component---conditions--smartFilterBar-btnBasicSearch","interaction":{"idSuffix":"I"}},"wdio_ui5_key":"applicationmanageconditionprice-display-component---conditions--smartFilterBar-btnBasicSearch"}]}
RESULT: undefined
COMMAND: POST /session/f31953e55de2d70fb971a65264fe9e98/execute/async - {"script":"<script> [776 bytes]","args":[{"enterText":"uUfQ74T3Ay","selector":{"id":"application-manageconditionprice-display-component---conditions--smartFilterBar-btnBasicSearch","interaction":{"idSuffix":"I"}},"clearTextFirst":true,"interactionType":"ENTER_TEXT"}]}
RESULT: {"script":"<script> [776 bytes]","args":[{"enterText":"uUfQ74T3Ay","selector":{"id":"application-manageconditionprice-display-component---conditions--smartFilterBar-btnBasicSearch","interaction":{"idSuffix":"I"}},"clearTextFirst":true,"interactionType":"ENTER_TEXT"}]}
COMMAND: POST /session/f31953e55de2d70fb971a65264fe9e98/actions - {"actions":[{"id":"action38","type":"key","parameters":{},"actions":[{"type":"keyDown","value":"î€‡"},{"type":"pause","duration":10},{"type":"keyUp","value":"î€‡"}]}]}
RESULT: {"actions":[{"id":"action38","type":"key","parameters":{},"actions":[{"type":"keyDown","value":"î€‡"},{"type":"pause","duration":10},{"type":"keyUp","value":"î€‡"}]}]}
COMMAND: GET /session/f31953e55de2d70fb971a65264fe9e98/screenshot - {}
RESULT: {}
COMMAND: POST /session/f31953e55de2d70fb971a65264fe9e98/execute/async - {"script":"<script> [1562 bytes]","args":[{"selector":{"id":"application-manageconditionprice-display-component---conditions--smartFilterBar-filterItemControl_BASIC-BILL_TYPES-vhi"},"wdio_ui5_key":"applicationmanageconditionprice-display-component---conditions--smartFilterBar-filterItemControl_BASIC-BILL_TYPES-vhi"}]}
RESULT: {"script":"<script> [1562 bytes]","args":[{"selector":{"id":"application-manageconditionprice-display-component---conditions--smartFilterBar-filterItemControl_BASIC-BILL_TYPES-vhi"},"wdio_ui5_key":"applicationmanageconditionprice-display-component---conditions--smartFilterBar-filterItemControl_BASIC-BILL_TYPES-vhi"}]}
RESULT: undefined
COMMAND: POST /session/f31953e55de2d70fb971a65264fe9e98/element - {"using":"xpath","value":"//*[@id=\"application-manageconditionprice-display-component---conditions--smartFilterBar-filterItemControl_BASIC-BILL_TYPES-vhi\"]"}
RESULT: {"using":"xpath","value":"//*[@id=\"application-manageconditionprice-display-component---conditions--smartFilterBar-filterItemControl_BASIC-BILL_TYPES-vhi\"]"}
COMMAND: POST /session/f31953e55de2d70fb971a65264fe9e98/element/f.64D82B69FC2678D0F29344912A345B1C.d.53E2B38201050DC035FC8D577BF6B57B.e.10003/click - {}
RESULT: {}
COMMAND: POST /session/f31953e55de2d70fb971a65264fe9e98/execute/async - {"script":"<script> [1562 bytes]","args":[{"selector":{"id":"application-manageconditionprice-display-component---conditions--smartFilterBar-filterItemControl_BASIC-BILL_TYPES-valueHelpDialog-smartFilterBar-btnBasicSearch","searchOpenDialogs":true,"interaction":{"idSuffix":"I"}},"wdio_ui5_key":"applicationmanageconditionprice-display-component---conditions--smartFilterBar-filterItemControl_BASIC-BILL_TYPES-valueHelpDialog-smartFilterBar-btnBasicSearch"}]}
COMMAND: GET /session/f31953e55de2d70fb971a65264fe9e98/screenshot - {}
RESULT: {"script":"<script> [1562 bytes]","args":[{"selector":{"id":"application-manageconditionprice-display-component---conditions--smartFilterBar-filterItemControl_BASIC-BILL_TYPES-valueHelpDialog-smartFilterBar-btnBasicSearch","searchOpenDialogs":true,"interaction":{"idSuffix":"I"}},"wdio_ui5_key":"applicationmanageconditionprice-display-component---conditions--smartFilterBar-filterItemControl_BASIC-BILL_TYPES-valueHelpDialog-smartFilterBar-btnBasicSearch"}]}
RESULT: undefined
COMMAND: POST /session/f31953e55de2d70fb971a65264fe9e98/execute/async - {"script":"<script> [776 bytes]","args":[{"enterText":"TB","selector":{"id":"application-manageconditionprice-display-component---conditions--smartFilterBar-filterItemControl_BASIC-BILL_TYPES-valueHelpDialog-smartFilterBar-btnBasicSearch","searchOpenDialogs":true,"interaction":{"idSuffix":"I"}},"clearTextFirst":true,"interactionType":"ENTER_TEXT"}]}
RESULT: {}
RESULT: {"script":"<script> [776 bytes]","args":[{"enterText":"TB","selector":{"id":"application-manageconditionprice-display-component---conditions--smartFilterBar-filterItemControl_BASIC-BILL_TYPES-valueHelpDialog-smartFilterBar-btnBasicSearch","searchOpenDialogs":true,"interaction":{"idSuffix":"I"}},"clearTextFirst":true,"interactionType":"ENTER_TEXT"}]}
COMMAND: POST /session/f31953e55de2d70fb971a65264fe9e98/actions - {"actions":[{"id":"action39","type":"key","parameters":{},"actions":[{"type":"keyDown","value":"î€‡"},{"type":"pause","duration":10},{"type":"keyUp","value":"î€‡"}]}]}
RESULT: {"actions":[{"id":"action39","type":"key","parameters":{},"actions":[{"type":"keyDown","value":"î€‡"},{"type":"pause","duration":10},{"type":"keyUp","value":"î€‡"}]}]}
COMMAND: GET /session/f31953e55de2d70fb971a65264fe9e98/screenshot - {}
RESULT: {}
COMMAND: POST /session/f31953e55de2d70fb971a65264fe9e98/element - {"using":"xpath","value":"//div[contains(@id, 'application-manageconditionprice-display-component---conditions--smartFilterBar-filterItemControl_BASIC-BILL_TYPES-valueHelpDialog-table-rowsel0')]"}
RESULT: {"using":"xpath","value":"//div[contains(@id, 'application-manageconditionprice-display-component---conditions--smartFilterBar-filterItemControl_BASIC-BILL_TYPES-valueHelpDialog-table-rowsel0')]"}
COMMAND: POST /session/f31953e55de2d70fb971a65264fe9e98/element/f.64D82B69FC2678D0F29344912A345B1C.d.53E2B38201050DC035FC8D577BF6B57B.e.10013/click - {}
RESULT: {}
COMMAND: GET /session/f31953e55de2d70fb971a65264fe9e98/screenshot - {}
RESULT: {}
COMMAND: POST /session/f31953e55de2d70fb971a65264fe9e98/element - {"using":"xpath","value":"//bdi[contains(text(), \"OK\")]"}
RESULT: {"using":"xpath","value":"//bdi[contains(text(), \"OK\")]"}
COMMAND: POST /session/f31953e55de2d70fb971a65264fe9e98/element/f.64D82B69FC2678D0F29344912A345B1C.d.53E2B38201050DC035FC8D577BF6B57B.e.10015/click - {}
RESULT: {}
COMMAND: GET /session/f31953e55de2d70fb971a65264fe9e98/screenshot - {}
RESULT: {}
COMMAND: POST /session/f31953e55de2d70fb971a65264fe9e98/element - {"using":"xpath","value":"//span[@id=\"application-manageconditionprice-display-component---conditions--smartTable-header-inner\"]"}
RESULT: {"using":"xpath","value":"//span[@id=\"application-manageconditionprice-display-component---conditions--smartTable-header-inner\"]"}
COMMAND: POST /session/f31953e55de2d70fb971a65264fe9e98/elements - {"using":"xpath","value":"//span[@id=\"application-manageconditionprice-display-component---conditions--smartTable-header-inner\"]"}
RESULT: {"using":"xpath","value":"//span[@id=\"application-manageconditionprice-display-component---conditions--smartTable-header-inner\"]"}
COMMAND: POST /session/f31953e55de2d70fb971a65264fe9e98/execute/sync - {"script":"<script> [56 bytes]","args":[{"element-6066-11e4-a52e-4f735466cecf":"f.64D82B69FC2678D0F29344912A345B1C.d.53E2B38201050DC035FC8D577BF6B57B.e.10018","ELEMENT":"f.64D82B69FC2678D0F29344912A345B1C.d.53E2B38201050DC035FC8D577BF6B57B.e.10018"}]}
RESULT: {"script":"<script> [56 bytes]","args":[{"element-6066-11e4-a52e-4f735466cecf":"f.64D82B69FC2678D0F29344912A345B1C.d.53E2B38201050DC035FC8D577BF6B57B.e.10018","ELEMENT":"f.64D82B69FC2678D0F29344912A345B1C.d.53E2B38201050DC035FC8D577BF6B57B.e.10018"}]}
COMMAND: POST /session/f31953e55de2d70fb971a65264fe9e98/element - {"using":"css selector","value":"#shell-header-logo"}
COMMAND: GET /session/f31953e55de2d70fb971a65264fe9e98/screenshot - {}
RESULT: {"using":"css selector","value":"#shell-header-logo"}
COMMAND: POST /session/f31953e55de2d70fb971a65264fe9e98/element/f.64D82B69FC2678D0F29344912A345B1C.d.53E2B38201050DC035FC8D577BF6B57B.e.9651/click - {}
RESULT: {}
RESULT: {}
COMMAND: GET /session/f31953e55de2d70fb971a65264fe9e98/screenshot - {}
RESULT: {}
]]></system-out>
    </testcase>
    <testcase classname="chrome.136_0_7103_93.windows.Billing_Transfer_-_Intracompany_US127249" name="Should do a stock increase handover" time="98.439">
      <system-out><![CDATA[
COMMAND: POST /session/f31953e55de2d70fb971a65264fe9e98/execute/async - {"script":"<script> [1562 bytes]","args":[{"selector":{"controlType":"sap.m.GenericTile","properties":{"header":"Manage Handovers"}},"wdio_ui5_key":"sapm.GenericTile{\"header\":\"Manage Handovers\"}"}]}
RESULT: {"script":"<script> [1562 bytes]","args":[{"selector":{"controlType":"sap.m.GenericTile","properties":{"header":"Manage Handovers"}},"wdio_ui5_key":"sapm.GenericTile{\"header\":\"Manage Handovers\"}"}]}
RESULT: undefined
COMMAND: POST /session/f31953e55de2d70fb971a65264fe9e98/element - {"using":"xpath","value":"//*[@id=\"__tile131\"]"}
RESULT: {"using":"xpath","value":"//*[@id=\"__tile131\"]"}
COMMAND: POST /session/f31953e55de2d70fb971a65264fe9e98/element/f.64D82B69FC2678D0F29344912A345B1C.d.53E2B38201050DC035FC8D577BF6B57B.e.6581/click - {}
RESULT: {}
COMMAND: GET /session/f31953e55de2d70fb971a65264fe9e98/screenshot - {}
COMMAND: POST /session/f31953e55de2d70fb971a65264fe9e98/elements - {"using":"xpath","value":"//span[text()='Error']"}
RESULT: {}
RESULT: {"using":"xpath","value":"//span[text()='Error']"}
COMMAND: POST /session/f31953e55de2d70fb971a65264fe9e98/element - {"using":"xpath","value":"//button[@data-kt=\"masterHOAddButton\"]"}
RESULT: {"using":"xpath","value":"//button[@data-kt=\"masterHOAddButton\"]"}
COMMAND: POST /session/f31953e55de2d70fb971a65264fe9e98/elements - {"using":"xpath","value":"//button[@data-kt=\"masterHOAddButton\"]"}
RESULT: {"using":"xpath","value":"//button[@data-kt=\"masterHOAddButton\"]"}
COMMAND: POST /session/f31953e55de2d70fb971a65264fe9e98/elements - {"using":"xpath","value":"//button[@data-kt=\"masterHOAddButton\"]"}
RESULT: {"using":"xpath","value":"//button[@data-kt=\"masterHOAddButton\"]"}
COMMAND: POST /session/f31953e55de2d70fb971a65264fe9e98/element - {"using":"xpath","value":"//button[@data-kt=\"masterHOAddButton\"]"}
RESULT: {"using":"xpath","value":"//button[@data-kt=\"masterHOAddButton\"]"}
COMMAND: POST /session/f31953e55de2d70fb971a65264fe9e98/execute/sync - {"script":"<script> [8489 bytes]","args":[{"element-6066-11e4-a52e-4f735466cecf":"f.64D82B69FC2678D0F29344912A345B1C.d.53E2B38201050DC035FC8D577BF6B57B.e.10062","ELEMENT":"f.64D82B69FC2678D0F29344912A345B1C.d.53E2B38201050DC035FC8D577BF6B57B.e.10062"}]}
RESULT: {"script":"<script> [8489 bytes]","args":[{"element-6066-11e4-a52e-4f735466cecf":"f.64D82B69FC2678D0F29344912A345B1C.d.53E2B38201050DC035FC8D577BF6B57B.e.10062","ELEMENT":"f.64D82B69FC2678D0F29344912A345B1C.d.53E2B38201050DC035FC8D577BF6B57B.e.10062"}]}
COMMAND: GET /session/f31953e55de2d70fb971a65264fe9e98/element/f.64D82B69FC2678D0F29344912A345B1C.d.53E2B38201050DC035FC8D577BF6B57B.e.10062/enabled - {}
COMMAND: GET /session/f31953e55de2d70fb971a65264fe9e98/screenshot - {}
RESULT: {}
COMMAND: POST /session/f31953e55de2d70fb971a65264fe9e98/execute/sync - {"script":"<script> [8489 bytes]","args":[{"element-6066-11e4-a52e-4f735466cecf":"f.64D82B69FC2678D0F29344912A345B1C.d.53E2B38201050DC035FC8D577BF6B57B.e.10062","ELEMENT":"f.64D82B69FC2678D0F29344912A345B1C.d.53E2B38201050DC035FC8D577BF6B57B.e.10062"}]}
COMMAND: GET /session/f31953e55de2d70fb971a65264fe9e98/screenshot - {}
RESULT: {}
RESULT: {"script":"<script> [8489 bytes]","args":[{"element-6066-11e4-a52e-4f735466cecf":"f.64D82B69FC2678D0F29344912A345B1C.d.53E2B38201050DC035FC8D577BF6B57B.e.10062","ELEMENT":"f.64D82B69FC2678D0F29344912A345B1C.d.53E2B38201050DC035FC8D577BF6B57B.e.10062"}]}
COMMAND: POST /session/f31953e55de2d70fb971a65264fe9e98/execute/sync - {"script":"<script> [5351 bytes]","args":[{"element-6066-11e4-a52e-4f735466cecf":"f.64D82B69FC2678D0F29344912A345B1C.d.53E2B38201050DC035FC8D577BF6B57B.e.10062","ELEMENT":"f.64D82B69FC2678D0F29344912A345B1C.d.53E2B38201050DC035FC8D577BF6B57B.e.10062"}]}
COMMAND: GET /session/f31953e55de2d70fb971a65264fe9e98/screenshot - {}
RESULT: {}
RESULT: {"script":"<script> [5351 bytes]","args":[{"element-6066-11e4-a52e-4f735466cecf":"f.64D82B69FC2678D0F29344912A345B1C.d.53E2B38201050DC035FC8D577BF6B57B.e.10062","ELEMENT":"f.64D82B69FC2678D0F29344912A345B1C.d.53E2B38201050DC035FC8D577BF6B57B.e.10062"}]}
COMMAND: POST /session/f31953e55de2d70fb971a65264fe9e98/element/f.64D82B69FC2678D0F29344912A345B1C.d.53E2B38201050DC035FC8D577BF6B57B.e.10062/click - {}
COMMAND: GET /session/f31953e55de2d70fb971a65264fe9e98/screenshot - {}
RESULT: {}
RESULT: {}
COMMAND: GET /session/f31953e55de2d70fb971a65264fe9e98/screenshot - {}
RESULT: {}
COMMAND: POST /session/f31953e55de2d70fb971a65264fe9e98/element - {"using":"xpath","value":"//span[contains(@id ,\"AddNewHO--typeSelect-arrow\")]"}
RESULT: {}
RESULT: {"using":"xpath","value":"//span[contains(@id ,\"AddNewHO--typeSelect-arrow\")]"}
COMMAND: POST /session/f31953e55de2d70fb971a65264fe9e98/element/f.64D82B69FC2678D0F29344912A345B1C.d.53E2B38201050DC035FC8D577BF6B57B.e.10415/click - {}
RESULT: {}
COMMAND: GET /session/f31953e55de2d70fb971a65264fe9e98/screenshot - {}
RESULT: {}
COMMAND: POST /session/f31953e55de2d70fb971a65264fe9e98/element - {"using":"xpath","value":"(//li[contains(text(), \"stock increase yard\")])[1]"}
RESULT: {"using":"xpath","value":"(//li[contains(text(), \"stock increase yard\")])[1]"}
COMMAND: POST /session/f31953e55de2d70fb971a65264fe9e98/element/f.64D82B69FC2678D0F29344912A345B1C.d.53E2B38201050DC035FC8D577BF6B57B.e.10416/click - {}
RESULT: {}
COMMAND: GET /session/f31953e55de2d70fb971a65264fe9e98/screenshot - {}
RESULT: {}
COMMAND: POST /session/f31953e55de2d70fb971a65264fe9e98/execute/async - {"script":"<script> [1562 bytes]","args":[{"selector":{"id":"application-managehandovers-display-component---AddNewHO--dueDate","interaction":{"idSuffix":"inner"}},"wdio_ui5_key":"applicationmanagehandovers-display-component---AddNewHO--dueDate"}]}
RESULT: {"script":"<script> [1562 bytes]","args":[{"selector":{"id":"application-managehandovers-display-component---AddNewHO--dueDate","interaction":{"idSuffix":"inner"}},"wdio_ui5_key":"applicationmanagehandovers-display-component---AddNewHO--dueDate"}]}
RESULT: undefined
COMMAND: POST /session/f31953e55de2d70fb971a65264fe9e98/execute/async - {"script":"<script> [6424 bytes]","args":[{"element-6066-11e4-a52e-4f735466cecf":"f.64D82B69FC2678D0F29344912A345B1C.d.53E2B38201050DC035FC8D577BF6B57B.e.10418"},"setValue",["5/20/25"]]}
RESULT: {"script":"<script> [6424 bytes]","args":[{"element-6066-11e4-a52e-4f735466cecf":"f.64D82B69FC2678D0F29344912A345B1C.d.53E2B38201050DC035FC8D577BF6B57B.e.10418"},"setValue",["5/20/25"]]}
COMMAND: POST /session/f31953e55de2d70fb971a65264fe9e98/element - {"using":"xpath","value":"//input[@id=\"generalSectionFrg--receiveYard-inner\"]"}
RESULT: {"using":"xpath","value":"//input[@id=\"generalSectionFrg--receiveYard-inner\"]"}
COMMAND: POST /session/f31953e55de2d70fb971a65264fe9e98/element/f.64D82B69FC2678D0F29344912A345B1C.d.53E2B38201050DC035FC8D577BF6B57B.e.10422/clear - {}
RESULT: {}
COMMAND: POST /session/f31953e55de2d70fb971a65264fe9e98/element/f.64D82B69FC2678D0F29344912A345B1C.d.53E2B38201050DC035FC8D577BF6B57B.e.10422/value - {"text":"603"}
COMMAND: GET /session/f31953e55de2d70fb971a65264fe9e98/screenshot - {}
RESULT: {"text":"603"}
COMMAND: GET /session/f31953e55de2d70fb971a65264fe9e98/screenshot - {}
RESULT: {}
RESULT: {}
COMMAND: POST /session/f31953e55de2d70fb971a65264fe9e98/element - {"using":"xpath","value":"//li[.//span[text()='603']]"}
RESULT: {"using":"xpath","value":"//li[.//span[text()='603']]"}
COMMAND: POST /session/f31953e55de2d70fb971a65264fe9e98/element/f.64D82B69FC2678D0F29344912A345B1C.d.53E2B38201050DC035FC8D577BF6B57B.e.10440/click - {}
RESULT: {}
COMMAND: GET /session/f31953e55de2d70fb971a65264fe9e98/screenshot - {}
RESULT: {}
COMMAND: POST /session/f31953e55de2d70fb971a65264fe9e98/execute/async - {"script":"<script> [1562 bytes]","args":[{"selector":{"id":"application-managehandovers-display-component---AddNewHO--ObjectPageLayout-anchBar-application-managehandovers-display-component---AddNewHO--section4-anchor","interaction":{"idSuffix":"BDI-content"}},"wdio_ui5_key":"applicationmanagehandovers-display-component---AddNewHO--ObjectPageLayout-anchBar-application-managehandovers-display-component---AddNewHO--section4-anchor"}]}
RESULT: {"script":"<script> [1562 bytes]","args":[{"selector":{"id":"application-managehandovers-display-component---AddNewHO--ObjectPageLayout-anchBar-application-managehandovers-display-component---AddNewHO--section4-anchor","interaction":{"idSuffix":"BDI-content"}},"wdio_ui5_key":"applicationmanagehandovers-display-component---AddNewHO--ObjectPageLayout-anchBar-application-managehandovers-display-component---AddNewHO--section4-anchor"}]}
RESULT: undefined
COMMAND: POST /session/f31953e55de2d70fb971a65264fe9e98/element - {"using":"xpath","value":"//*[@id=\"application-managehandovers-display-component---AddNewHO--ObjectPageLayout-anchBar-application-managehandovers-display-component---AddNewHO--section4-anchor\"]"}
RESULT: {"using":"xpath","value":"//*[@id=\"application-managehandovers-display-component---AddNewHO--ObjectPageLayout-anchBar-application-managehandovers-display-component---AddNewHO--section4-anchor\"]"}
COMMAND: POST /session/f31953e55de2d70fb971a65264fe9e98/element/f.64D82B69FC2678D0F29344912A345B1C.d.53E2B38201050DC035FC8D577BF6B57B.e.10442/click - {}
RESULT: {}
COMMAND: POST /session/f31953e55de2d70fb971a65264fe9e98/element - {"using":"xpath","value":"//button[@aria-label=\"Add\"]"}
COMMAND: GET /session/f31953e55de2d70fb971a65264fe9e98/screenshot - {}
RESULT: {"using":"xpath","value":"//button[@aria-label=\"Add\"]"}
COMMAND: POST /session/f31953e55de2d70fb971a65264fe9e98/element/f.64D82B69FC2678D0F29344912A345B1C.d.53E2B38201050DC035FC8D577BF6B57B.e.10444/click - {}
RESULT: {}
RESULT: {}
COMMAND: GET /session/f31953e55de2d70fb971a65264fe9e98/screenshot - {}
RESULT: {}
COMMAND: POST /session/f31953e55de2d70fb971a65264fe9e98/execute/async - {"script":"<script> [1562 bytes]","args":[{"selector":{"id":"application-managehandovers-display-component---AddNewHO--smartFilterBar-btnBasicSearch","searchOpenDialogs":true,"interaction":{"idSuffix":"I"}},"wdio_ui5_key":"applicationmanagehandovers-display-component---AddNewHO--smartFilterBar-btnBasicSearch"}]}
RESULT: {"script":"<script> [1562 bytes]","args":[{"selector":{"id":"application-managehandovers-display-component---AddNewHO--smartFilterBar-btnBasicSearch","searchOpenDialogs":true,"interaction":{"idSuffix":"I"}},"wdio_ui5_key":"applicationmanagehandovers-display-component---AddNewHO--smartFilterBar-btnBasicSearch"}]}
RESULT: undefined
COMMAND: POST /session/f31953e55de2d70fb971a65264fe9e98/execute/async - {"script":"<script> [776 bytes]","args":[{"enterText":"uUfQ74T3Ay","selector":{"id":"application-managehandovers-display-component---AddNewHO--smartFilterBar-btnBasicSearch","searchOpenDialogs":true,"interaction":{"idSuffix":"I"}},"clearTextFirst":true,"interactionType":"ENTER_TEXT"}]}
RESULT: {"script":"<script> [776 bytes]","args":[{"enterText":"uUfQ74T3Ay","selector":{"id":"application-managehandovers-display-component---AddNewHO--smartFilterBar-btnBasicSearch","searchOpenDialogs":true,"interaction":{"idSuffix":"I"}},"clearTextFirst":true,"interactionType":"ENTER_TEXT"}]}
COMMAND: POST /session/f31953e55de2d70fb971a65264fe9e98/actions - {"actions":[{"id":"action40","type":"key","parameters":{},"actions":[{"type":"keyDown","value":"î€‡"},{"type":"pause","duration":10},{"type":"keyUp","value":"î€‡"}]}]}
RESULT: {"actions":[{"id":"action40","type":"key","parameters":{},"actions":[{"type":"keyDown","value":"î€‡"},{"type":"pause","duration":10},{"type":"keyUp","value":"î€‡"}]}]}
COMMAND: GET /session/f31953e55de2d70fb971a65264fe9e98/screenshot - {}
RESULT: {}
COMMAND: POST /session/f31953e55de2d70fb971a65264fe9e98/execute/async - {"script":"<script> [1562 bytes]","args":[{"selector":{"id":"application-managehandovers-display-component---AddNewHO--popup-sa","searchOpenDialogs":true,"interaction":{"idSuffix":"CbBg"}},"wdio_ui5_key":"applicationmanagehandovers-display-component---AddNewHO--popup-sa"}]}
RESULT: {"script":"<script> [1562 bytes]","args":[{"selector":{"id":"application-managehandovers-display-component---AddNewHO--popup-sa","searchOpenDialogs":true,"interaction":{"idSuffix":"CbBg"}},"wdio_ui5_key":"applicationmanagehandovers-display-component---AddNewHO--popup-sa"}]}
RESULT: undefined
COMMAND: POST /session/f31953e55de2d70fb971a65264fe9e98/element - {"using":"xpath","value":"//*[@id=\"application-managehandovers-display-component---AddNewHO--popup-sa\"]"}
RESULT: {"using":"xpath","value":"//*[@id=\"application-managehandovers-display-component---AddNewHO--popup-sa\"]"}
COMMAND: POST /session/f31953e55de2d70fb971a65264fe9e98/element/f.64D82B69FC2678D0F29344912A345B1C.d.53E2B38201050DC035FC8D577BF6B57B.e.10598/click - {}
RESULT: {}
COMMAND: GET /session/f31953e55de2d70fb971a65264fe9e98/screenshot - {}
RESULT: {}
COMMAND: POST /session/f31953e55de2d70fb971a65264fe9e98/element - {"using":"xpath","value":"//bdi[contains(text(), \"Select\")]"}
RESULT: {"using":"xpath","value":"//bdi[contains(text(), \"Select\")]"}
COMMAND: POST /session/f31953e55de2d70fb971a65264fe9e98/element/f.64D82B69FC2678D0F29344912A345B1C.d.53E2B38201050DC035FC8D577BF6B57B.e.10599/click - {}
RESULT: {}
COMMAND: GET /session/f31953e55de2d70fb971a65264fe9e98/screenshot - {}
RESULT: {}
COMMAND: POST /session/f31953e55de2d70fb971a65264fe9e98/element - {"using":"xpath","value":"//button[@data-kt=\"AddNewHOSaveButton\"]"}
RESULT: {"using":"xpath","value":"//button[@data-kt=\"AddNewHOSaveButton\"]"}
COMMAND: POST /session/f31953e55de2d70fb971a65264fe9e98/element/f.64D82B69FC2678D0F29344912A345B1C.d.53E2B38201050DC035FC8D577BF6B57B.e.10603/click - {}
RESULT: {}
COMMAND: GET /session/f31953e55de2d70fb971a65264fe9e98/screenshot - {}
RESULT: {}
COMMAND: POST /session/f31953e55de2d70fb971a65264fe9e98/execute/async - {"script":"<script> [1562 bytes]","args":[{"selector":{"id":"receiptDatePicker","viewName":"etm.portal.ui.managehandovers.view.DetailExecuteHO","interaction":{"idSuffix":"inner"}},"wdio_ui5_key":"receiptDatePickeretmportal.ui.managehandovers.view.DetailExecuteHO"}]}
RESULT: {"script":"<script> [1562 bytes]","args":[{"selector":{"id":"receiptDatePicker","viewName":"etm.portal.ui.managehandovers.view.DetailExecuteHO","interaction":{"idSuffix":"inner"}},"wdio_ui5_key":"receiptDatePickeretmportal.ui.managehandovers.view.DetailExecuteHO"}]}
RESULT: undefined
COMMAND: POST /session/f31953e55de2d70fb971a65264fe9e98/execute/async - {"script":"<script> [6424 bytes]","args":[{"element-6066-11e4-a52e-4f735466cecf":"f.64D82B69FC2678D0F29344912A345B1C.d.53E2B38201050DC035FC8D577BF6B57B.e.10623"},"setValue",["5/20/25"]]}
RESULT: {"script":"<script> [6424 bytes]","args":[{"element-6066-11e4-a52e-4f735466cecf":"f.64D82B69FC2678D0F29344912A345B1C.d.53E2B38201050DC035FC8D577BF6B57B.e.10623"},"setValue",["5/20/25"]]}
COMMAND: POST /session/f31953e55de2d70fb971a65264fe9e98/element - {"using":"xpath","value":"//button[@data-kt=\"PickingTableConfirmAllButton\"]"}
RESULT: {"using":"xpath","value":"//button[@data-kt=\"PickingTableConfirmAllButton\"]"}
COMMAND: POST /session/f31953e55de2d70fb971a65264fe9e98/element/f.64D82B69FC2678D0F29344912A345B1C.d.53E2B38201050DC035FC8D577BF6B57B.e.10637/click - {}
RESULT: {}
COMMAND: GET /session/f31953e55de2d70fb971a65264fe9e98/screenshot - {}
RESULT: {}
COMMAND: POST /session/f31953e55de2d70fb971a65264fe9e98/element - {"using":"xpath","value":"//bdi[contains(text(), \"OK\")]"}
RESULT: {"using":"xpath","value":"//bdi[contains(text(), \"OK\")]"}
COMMAND: POST /session/f31953e55de2d70fb971a65264fe9e98/element/f.64D82B69FC2678D0F29344912A345B1C.d.53E2B38201050DC035FC8D577BF6B57B.e.10639/click - {}
RESULT: {}
COMMAND: GET /session/f31953e55de2d70fb971a65264fe9e98/screenshot - {}
RESULT: {}
COMMAND: POST /session/f31953e55de2d70fb971a65264fe9e98/element - {"using":"xpath","value":"(//bdi[contains(text(), \"Receive\")])[2]"}
RESULT: {"using":"xpath","value":"(//bdi[contains(text(), \"Receive\")])[2]"}
COMMAND: POST /session/f31953e55de2d70fb971a65264fe9e98/element/f.64D82B69FC2678D0F29344912A345B1C.d.53E2B38201050DC035FC8D577BF6B57B.e.10641/click - {}
RESULT: {}
COMMAND: GET /session/f31953e55de2d70fb971a65264fe9e98/screenshot - {}
RESULT: {}
COMMAND: POST /session/f31953e55de2d70fb971a65264fe9e98/element - {"using":"css selector","value":"#shell-header-logo"}
RESULT: {"using":"css selector","value":"#shell-header-logo"}
COMMAND: POST /session/f31953e55de2d70fb971a65264fe9e98/element/f.64D82B69FC2678D0F29344912A345B1C.d.53E2B38201050DC035FC8D577BF6B57B.e.10024/click - {}
RESULT: {}
COMMAND: GET /session/f31953e55de2d70fb971a65264fe9e98/screenshot - {}
RESULT: {}
]]></system-out>
    </testcase>
    <testcase classname="chrome.136_0_7103_93.windows.Billing_Transfer_-_Intracompany_US127249" name="Should create a new contract" time="73.606">
      <system-out><![CDATA[
COMMAND: POST /session/f31953e55de2d70fb971a65264fe9e98/execute/async - {"script":"<script> [1562 bytes]","args":[{"selector":{"controlType":"sap.m.GenericTile","properties":{"header":"Manage Contracts"}},"wdio_ui5_key":"sapm.GenericTile{\"header\":\"Manage Contracts\"}"}]}
RESULT: {"script":"<script> [1562 bytes]","args":[{"selector":{"controlType":"sap.m.GenericTile","properties":{"header":"Manage Contracts"}},"wdio_ui5_key":"sapm.GenericTile{\"header\":\"Manage Contracts\"}"}]}
RESULT: undefined
COMMAND: POST /session/f31953e55de2d70fb971a65264fe9e98/element - {"using":"xpath","value":"//*[@id=\"__tile130\"]"}
RESULT: {"using":"xpath","value":"//*[@id=\"__tile130\"]"}
COMMAND: POST /session/f31953e55de2d70fb971a65264fe9e98/element/f.64D82B69FC2678D0F29344912A345B1C.d.53E2B38201050DC035FC8D577BF6B57B.e.6510/click - {}
RESULT: {}
COMMAND: GET /session/f31953e55de2d70fb971a65264fe9e98/screenshot - {}
RESULT: {}
COMMAND: POST /session/f31953e55de2d70fb971a65264fe9e98/elements - {"using":"xpath","value":"//span[text()='Error']"}
RESULT: {"using":"xpath","value":"//span[text()='Error']"}
COMMAND: POST /session/f31953e55de2d70fb971a65264fe9e98/element - {"using":"xpath","value":"//button[@data-kt=\"addButton\"]"}
RESULT: {"using":"xpath","value":"//button[@data-kt=\"addButton\"]"}
COMMAND: POST /session/f31953e55de2d70fb971a65264fe9e98/elements - {"using":"xpath","value":"//button[@data-kt=\"addButton\"]"}
RESULT: {"using":"xpath","value":"//button[@data-kt=\"addButton\"]"}
COMMAND: POST /session/f31953e55de2d70fb971a65264fe9e98/execute/sync - {"script":"<script> [8489 bytes]","args":[{"element-6066-11e4-a52e-4f735466cecf":"f.64D82B69FC2678D0F29344912A345B1C.d.53E2B38201050DC035FC8D577BF6B57B.e.10863","ELEMENT":"f.64D82B69FC2678D0F29344912A345B1C.d.53E2B38201050DC035FC8D577BF6B57B.e.10863"}]}
RESULT: {"script":"<script> [8489 bytes]","args":[{"element-6066-11e4-a52e-4f735466cecf":"f.64D82B69FC2678D0F29344912A345B1C.d.53E2B38201050DC035FC8D577BF6B57B.e.10863","ELEMENT":"f.64D82B69FC2678D0F29344912A345B1C.d.53E2B38201050DC035FC8D577BF6B57B.e.10863"}]}
COMMAND: GET /session/f31953e55de2d70fb971a65264fe9e98/element/f.64D82B69FC2678D0F29344912A345B1C.d.53E2B38201050DC035FC8D577BF6B57B.e.10863/enabled - {}
COMMAND: GET /session/f31953e55de2d70fb971a65264fe9e98/screenshot - {}
RESULT: {}
COMMAND: POST /session/f31953e55de2d70fb971a65264fe9e98/execute/sync - {"script":"<script> [8489 bytes]","args":[{"element-6066-11e4-a52e-4f735466cecf":"f.64D82B69FC2678D0F29344912A345B1C.d.53E2B38201050DC035FC8D577BF6B57B.e.10863","ELEMENT":"f.64D82B69FC2678D0F29344912A345B1C.d.53E2B38201050DC035FC8D577BF6B57B.e.10863"}]}
COMMAND: GET /session/f31953e55de2d70fb971a65264fe9e98/screenshot - {}
RESULT: {}
RESULT: {"script":"<script> [8489 bytes]","args":[{"element-6066-11e4-a52e-4f735466cecf":"f.64D82B69FC2678D0F29344912A345B1C.d.53E2B38201050DC035FC8D577BF6B57B.e.10863","ELEMENT":"f.64D82B69FC2678D0F29344912A345B1C.d.53E2B38201050DC035FC8D577BF6B57B.e.10863"}]}
COMMAND: POST /session/f31953e55de2d70fb971a65264fe9e98/execute/sync - {"script":"<script> [5351 bytes]","args":[{"element-6066-11e4-a52e-4f735466cecf":"f.64D82B69FC2678D0F29344912A345B1C.d.53E2B38201050DC035FC8D577BF6B57B.e.10863","ELEMENT":"f.64D82B69FC2678D0F29344912A345B1C.d.53E2B38201050DC035FC8D577BF6B57B.e.10863"}]}
COMMAND: GET /session/f31953e55de2d70fb971a65264fe9e98/screenshot - {}
RESULT: {}
RESULT: {"script":"<script> [5351 bytes]","args":[{"element-6066-11e4-a52e-4f735466cecf":"f.64D82B69FC2678D0F29344912A345B1C.d.53E2B38201050DC035FC8D577BF6B57B.e.10863","ELEMENT":"f.64D82B69FC2678D0F29344912A345B1C.d.53E2B38201050DC035FC8D577BF6B57B.e.10863"}]}
COMMAND: GET /session/f31953e55de2d70fb971a65264fe9e98/screenshot - {}
RESULT: {}
RESULT: {}
COMMAND: POST /session/f31953e55de2d70fb971a65264fe9e98/element/f.64D82B69FC2678D0F29344912A345B1C.d.53E2B38201050DC035FC8D577BF6B57B.e.10863/click - {}
RESULT: {}
COMMAND: GET /session/f31953e55de2d70fb971a65264fe9e98/screenshot - {}
RESULT: {}
COMMAND: POST /session/f31953e55de2d70fb971a65264fe9e98/execute/async - {"script":"<script> [1562 bytes]","args":[{"selector":{"id":"application-managecontracts-display-component---AddNewContract--projectDescription","interaction":{"idSuffix":"inner"}},"wdio_ui5_key":"applicationmanagecontracts-display-component---AddNewContract--projectDescription"}]}
RESULT: {"script":"<script> [1562 bytes]","args":[{"selector":{"id":"application-managecontracts-display-component---AddNewContract--projectDescription","interaction":{"idSuffix":"inner"}},"wdio_ui5_key":"applicationmanagecontracts-display-component---AddNewContract--projectDescription"}]}
RESULT: undefined
COMMAND: POST /session/f31953e55de2d70fb971a65264fe9e98/execute/async - {"script":"<script> [776 bytes]","args":[{"enterText":"Contract WDIO","selector":{"id":"application-managecontracts-display-component---AddNewContract--projectDescription","interaction":{"idSuffix":"inner"}},"clearTextFirst":true,"interactionType":"ENTER_TEXT"}]}
RESULT: {"script":"<script> [776 bytes]","args":[{"enterText":"Contract WDIO","selector":{"id":"application-managecontracts-display-component---AddNewContract--projectDescription","interaction":{"idSuffix":"inner"}},"clearTextFirst":true,"interactionType":"ENTER_TEXT"}]}
COMMAND: POST /session/f31953e55de2d70fb971a65264fe9e98/element - {"using":"xpath","value":"//input[@id=\"application-managecontracts-display-component---AddNewContract--site-inner\"]"}
RESULT: {"using":"xpath","value":"//input[@id=\"application-managecontracts-display-component---AddNewContract--site-inner\"]"}
COMMAND: POST /session/f31953e55de2d70fb971a65264fe9e98/element/f.64D82B69FC2678D0F29344912A345B1C.d.53E2B38201050DC035FC8D577BF6B57B.e.11222/clear - {}
RESULT: {}
COMMAND: POST /session/f31953e55de2d70fb971a65264fe9e98/element/f.64D82B69FC2678D0F29344912A345B1C.d.53E2B38201050DC035FC8D577BF6B57B.e.11222/value - {"text":"2310"}
COMMAND: GET /session/f31953e55de2d70fb971a65264fe9e98/screenshot - {}
RESULT: {"text":"2310"}
COMMAND: GET /session/f31953e55de2d70fb971a65264fe9e98/screenshot - {}
RESULT: {}
RESULT: {}
COMMAND: POST /session/f31953e55de2d70fb971a65264fe9e98/element - {"using":"xpath","value":"//li[.//span[text()='2310']]"}
RESULT: {"using":"xpath","value":"//li[.//span[text()='2310']]"}
COMMAND: POST /session/f31953e55de2d70fb971a65264fe9e98/element/f.64D82B69FC2678D0F29344912A345B1C.d.53E2B38201050DC035FC8D577BF6B57B.e.11259/click - {}
RESULT: {}
COMMAND: GET /session/f31953e55de2d70fb971a65264fe9e98/screenshot - {}
RESULT: {}
COMMAND: POST /session/f31953e55de2d70fb971a65264fe9e98/element - {"using":"xpath","value":"//input[@id=\"application-managecontracts-display-component---AddNewContract--yardId-inner\"]"}
RESULT: {"using":"xpath","value":"//input[@id=\"application-managecontracts-display-component---AddNewContract--yardId-inner\"]"}
COMMAND: GET /session/f31953e55de2d70fb971a65264fe9e98/element/f.64D82B69FC2678D0F29344912A345B1C.d.53E2B38201050DC035FC8D577BF6B57B.e.11223/property/value - {}
RESULT: {}
COMMAND: POST /session/f31953e55de2d70fb971a65264fe9e98/element - {"using":"xpath","value":"//input[@id=\"application-managecontracts-display-component---AddNewContract--customerSelect-inner\"]"}
COMMAND: GET /session/f31953e55de2d70fb971a65264fe9e98/screenshot - {}
RESULT: {"using":"xpath","value":"//input[@id=\"application-managecontracts-display-component---AddNewContract--customerSelect-inner\"]"}
COMMAND: POST /session/f31953e55de2d70fb971a65264fe9e98/element/f.64D82B69FC2678D0F29344912A345B1C.d.53E2B38201050DC035FC8D577BF6B57B.e.11221/clear - {}
RESULT: {}
RESULT: {}
COMMAND: POST /session/f31953e55de2d70fb971a65264fe9e98/element/f.64D82B69FC2678D0F29344912A345B1C.d.53E2B38201050DC035FC8D577BF6B57B.e.11221/value - {"text":"1374"}
COMMAND: GET /session/f31953e55de2d70fb971a65264fe9e98/screenshot - {}
RESULT: {"text":"1374"}
COMMAND: GET /session/f31953e55de2d70fb971a65264fe9e98/screenshot - {}
RESULT: {}
RESULT: {}
COMMAND: POST /session/f31953e55de2d70fb971a65264fe9e98/element - {"using":"xpath","value":"//li[.//span[text()='1374']]"}
RESULT: {"using":"xpath","value":"//li[.//span[text()='1374']]"}
COMMAND: POST /session/f31953e55de2d70fb971a65264fe9e98/element/f.64D82B69FC2678D0F29344912A345B1C.d.53E2B38201050DC035FC8D577BF6B57B.e.11262/click - {}
RESULT: {}
COMMAND: GET /session/f31953e55de2d70fb971a65264fe9e98/screenshot - {}
RESULT: {}
COMMAND: POST /session/f31953e55de2d70fb971a65264fe9e98/element - {"using":"xpath","value":"//button[@data-kt=\"saveButton\"]"}
RESULT: {"using":"xpath","value":"//button[@data-kt=\"saveButton\"]"}
COMMAND: POST /session/f31953e55de2d70fb971a65264fe9e98/element/f.64D82B69FC2678D0F29344912A345B1C.d.53E2B38201050DC035FC8D577BF6B57B.e.11263/click - {}
RESULT: {}
COMMAND: GET /session/f31953e55de2d70fb971a65264fe9e98/screenshot - {}
RESULT: {}
COMMAND: POST /session/f31953e55de2d70fb971a65264fe9e98/element - {"using":"xpath","value":"//span[contains(@id ,\"contractDetailTitleNoExpanded\")]"}
RESULT: {"using":"xpath","value":"//span[contains(@id ,\"contractDetailTitleNoExpanded\")]"}
COMMAND: POST /session/f31953e55de2d70fb971a65264fe9e98/elements - {"using":"xpath","value":"//span[contains(@id ,\"contractDetailTitleNoExpanded\")]"}
RESULT: {"using":"xpath","value":"//span[contains(@id ,\"contractDetailTitleNoExpanded\")]"}
COMMAND: POST /session/f31953e55de2d70fb971a65264fe9e98/execute/sync - {"script":"<script> [56 bytes]","args":[{"element-6066-11e4-a52e-4f735466cecf":"f.64D82B69FC2678D0F29344912A345B1C.d.53E2B38201050DC035FC8D577BF6B57B.e.11275","ELEMENT":"f.64D82B69FC2678D0F29344912A345B1C.d.53E2B38201050DC035FC8D577BF6B57B.e.11275"}]}
RESULT: {"script":"<script> [56 bytes]","args":[{"element-6066-11e4-a52e-4f735466cecf":"f.64D82B69FC2678D0F29344912A345B1C.d.53E2B38201050DC035FC8D577BF6B57B.e.11275","ELEMENT":"f.64D82B69FC2678D0F29344912A345B1C.d.53E2B38201050DC035FC8D577BF6B57B.e.11275"}]}
COMMAND: GET /session/f31953e55de2d70fb971a65264fe9e98/screenshot - {}
RESULT: {}
]]></system-out>
    </testcase>
    <testcase classname="chrome.136_0_7103_93.windows.Billing_Transfer_-_Intracompany_US127249" name="Should add equipment to the contract" time="47.394">
      <system-out><![CDATA[
COMMAND: POST /session/f31953e55de2d70fb971a65264fe9e98/element - {"using":"xpath","value":"//button[@data-kt=\"contractDetailEditBtnButton\"]"}
RESULT: {"using":"xpath","value":"//button[@data-kt=\"contractDetailEditBtnButton\"]"}
COMMAND: POST /session/f31953e55de2d70fb971a65264fe9e98/element/f.64D82B69FC2678D0F29344912A345B1C.d.53E2B38201050DC035FC8D577BF6B57B.e.11276/click - {}
RESULT: {}
COMMAND: GET /session/f31953e55de2d70fb971a65264fe9e98/screenshot - {}
RESULT: {}
COMMAND: POST /session/f31953e55de2d70fb971a65264fe9e98/element - {"using":"xpath","value":"(//span[contains(text(), \"Additional Addresses\")])[2]"}
RESULT: {"using":"xpath","value":"(//span[contains(text(), \"Additional Addresses\")])[2]"}
COMMAND: POST /session/f31953e55de2d70fb971a65264fe9e98/element/f.64D82B69FC2678D0F29344912A345B1C.d.53E2B38201050DC035FC8D577BF6B57B.e.11332/click - {}
RESULT: {}
COMMAND: GET /session/f31953e55de2d70fb971a65264fe9e98/screenshot - {}
RESULT: {}
COMMAND: POST /session/f31953e55de2d70fb971a65264fe9e98/element - {"using":"xpath","value":"//button[@data-kt=\"btnAddTableRowOverflowToolbarButton\"]"}
RESULT: {"using":"xpath","value":"//button[@data-kt=\"btnAddTableRowOverflowToolbarButton\"]"}
COMMAND: POST /session/f31953e55de2d70fb971a65264fe9e98/element/f.64D82B69FC2678D0F29344912A345B1C.d.53E2B38201050DC035FC8D577BF6B57B.e.11335/click - {}
RESULT: {}
COMMAND: GET /session/f31953e55de2d70fb971a65264fe9e98/screenshot - {}
RESULT: {}
COMMAND: POST /session/f31953e55de2d70fb971a65264fe9e98/element - {"using":"xpath","value":"//div[(text() = 'Standard Entry' or . = 'Standard Entry')]"}
RESULT: {"using":"xpath","value":"//div[(text() = 'Standard Entry' or . = 'Standard Entry')]"}
COMMAND: POST /session/f31953e55de2d70fb971a65264fe9e98/element/f.64D82B69FC2678D0F29344912A345B1C.d.53E2B38201050DC035FC8D577BF6B57B.e.11337/click - {}
RESULT: {}
COMMAND: GET /session/f31953e55de2d70fb971a65264fe9e98/screenshot - {}
RESULT: {}
COMMAND: POST /session/f31953e55de2d70fb971a65264fe9e98/element - {"using":"xpath","value":"//td[7]/div/div/input"}
RESULT: {"using":"xpath","value":"//td[7]/div/div/input"}
COMMAND: POST /session/f31953e55de2d70fb971a65264fe9e98/element/f.64D82B69FC2678D0F29344912A345B1C.d.53E2B38201050DC035FC8D577BF6B57B.e.11346/clear - {}
RESULT: {}
COMMAND: POST /session/f31953e55de2d70fb971a65264fe9e98/element/f.64D82B69FC2678D0F29344912A345B1C.d.53E2B38201050DC035FC8D577BF6B57B.e.11346/value - {"text":"uUfQ74T3Ay"}
COMMAND: GET /session/f31953e55de2d70fb971a65264fe9e98/screenshot - {}
RESULT: {"text":"uUfQ74T3Ay"}
COMMAND: GET /session/f31953e55de2d70fb971a65264fe9e98/screenshot - {}
RESULT: {}
RESULT: {}
COMMAND: POST /session/f31953e55de2d70fb971a65264fe9e98/actions - {"actions":[{"id":"action41","type":"key","parameters":{},"actions":[{"type":"keyDown","value":"î€‡"},{"type":"pause","duration":10},{"type":"keyUp","value":"î€‡"}]}]}
RESULT: {"actions":[{"id":"action41","type":"key","parameters":{},"actions":[{"type":"keyDown","value":"î€‡"},{"type":"pause","duration":10},{"type":"keyUp","value":"î€‡"}]}]}
COMMAND: GET /session/f31953e55de2d70fb971a65264fe9e98/screenshot - {}
COMMAND: POST /session/f31953e55de2d70fb971a65264fe9e98/execute/sync - {"script":"<script> [276 bytes]","args":["No pricing information was found"]}
RESULT: {}
RESULT: {"script":"<script> [276 bytes]","args":["No pricing information was found"]}
COMMAND: POST /session/f31953e55de2d70fb971a65264fe9e98/element - {"using":"xpath","value":"(//button[@data-kt=\"saveButton\"])[2]"}
COMMAND: GET /session/f31953e55de2d70fb971a65264fe9e98/screenshot - {}
RESULT: {"using":"xpath","value":"(//button[@data-kt=\"saveButton\"])[2]"}
COMMAND: POST /session/f31953e55de2d70fb971a65264fe9e98/element/f.64D82B69FC2678D0F29344912A345B1C.d.53E2B38201050DC035FC8D577BF6B57B.e.11361/click - {}
RESULT: {}
RESULT: {}
COMMAND: GET /session/f31953e55de2d70fb971a65264fe9e98/screenshot - {}
RESULT: {}
COMMAND: POST /session/f31953e55de2d70fb971a65264fe9e98/execute/sync - {"script":"<script> [276 bytes]","args":["Some contract items are having rental validity exceeding header rental validity"]}
RESULT: {"script":"<script> [276 bytes]","args":["Some contract items are having rental validity exceeding header rental validity"]}
COMMAND: GET /session/f31953e55de2d70fb971a65264fe9e98/screenshot - {}
RESULT: {}
COMMAND: POST /session/f31953e55de2d70fb971a65264fe9e98/element - {"using":"xpath","value":"//span[contains(@id ,\"contractItemsSmartTable-header-inner\")]"}
RESULT: {"using":"xpath","value":"//span[contains(@id ,\"contractItemsSmartTable-header-inner\")]"}
COMMAND: POST /session/f31953e55de2d70fb971a65264fe9e98/elements - {"using":"xpath","value":"//span[contains(@id ,\"contractItemsSmartTable-header-inner\")]"}
RESULT: {"using":"xpath","value":"//span[contains(@id ,\"contractItemsSmartTable-header-inner\")]"}
COMMAND: POST /session/f31953e55de2d70fb971a65264fe9e98/execute/sync - {"script":"<script> [56 bytes]","args":[{"element-6066-11e4-a52e-4f735466cecf":"f.64D82B69FC2678D0F29344912A345B1C.d.53E2B38201050DC035FC8D577BF6B57B.e.11367","ELEMENT":"f.64D82B69FC2678D0F29344912A345B1C.d.53E2B38201050DC035FC8D577BF6B57B.e.11367"}]}
RESULT: {"script":"<script> [56 bytes]","args":[{"element-6066-11e4-a52e-4f735466cecf":"f.64D82B69FC2678D0F29344912A345B1C.d.53E2B38201050DC035FC8D577BF6B57B.e.11367","ELEMENT":"f.64D82B69FC2678D0F29344912A345B1C.d.53E2B38201050DC035FC8D577BF6B57B.e.11367"}]}
]]></system-out>
    </testcase>
    <testcase classname="chrome.136_0_7103_93.windows.Billing_Transfer_-_Intracompany_US127249" name="Should do a provide to site handover" time="72.155">
      <system-out><![CDATA[
COMMAND: GET /session/f31953e55de2d70fb971a65264fe9e98/screenshot - {}
COMMAND: POST /session/f31953e55de2d70fb971a65264fe9e98/element - {"using":"xpath","value":"//button[@data-kt=\"provideButton\"]"}
RESULT: {}
RESULT: {"using":"xpath","value":"//button[@data-kt=\"provideButton\"]"}
COMMAND: POST /session/f31953e55de2d70fb971a65264fe9e98/element/f.64D82B69FC2678D0F29344912A345B1C.d.53E2B38201050DC035FC8D577BF6B57B.e.11368/click - {}
RESULT: {}
COMMAND: GET /session/f31953e55de2d70fb971a65264fe9e98/screenshot - {}
RESULT: undefined
COMMAND: POST /session/f31953e55de2d70fb971a65264fe9e98/execute/async - {"script":"<script> [6424 bytes]","args":[{"element-6066-11e4-a52e-4f735466cecf":"f.64D82B69FC2678D0F29344912A345B1C.d.53E2B38201050DC035FC8D577BF6B57B.e.10418"},"setValue",["5/20/25"]]}
RESULT: {}
COMMAND: POST /session/f31953e55de2d70fb971a65264fe9e98/execute/async - {"script":"<script> [1562 bytes]","args":[{"selector":{"id":"application-managehandovers-display-component---AddNewHO--dueDate","interaction":{"idSuffix":"inner"}},"wdio_ui5_key":"applicationmanagehandovers-display-component---AddNewHO--dueDate"}]}
RESULT: {"script":"<script> [1562 bytes]","args":[{"selector":{"id":"application-managehandovers-display-component---AddNewHO--dueDate","interaction":{"idSuffix":"inner"}},"wdio_ui5_key":"applicationmanagehandovers-display-component---AddNewHO--dueDate"}]}
COMMAND: POST /session/f31953e55de2d70fb971a65264fe9e98/execute/async - {"script":"<script> [6424 bytes]","args":[{"element-6066-11e4-a52e-4f735466cecf":"f.64D82B69FC2678D0F29344912A345B1C.d.53E2B38201050DC035FC8D577BF6B57B.e.11458"},"setValue",["5/20/25"]]}
RESULT: {"script":"<script> [6424 bytes]","args":[{"element-6066-11e4-a52e-4f735466cecf":"f.64D82B69FC2678D0F29344912A345B1C.d.53E2B38201050DC035FC8D577BF6B57B.e.11458"},"setValue",["5/20/25"]]}
COMMAND: POST /session/f31953e55de2d70fb971a65264fe9e98/element - {"using":"xpath","value":"//bdi[contains(text(), \"Instructions\")]"}
RESULT: {"using":"xpath","value":"//bdi[contains(text(), \"Instructions\")]"}
COMMAND: POST /session/f31953e55de2d70fb971a65264fe9e98/element/f.64D82B69FC2678D0F29344912A345B1C.d.53E2B38201050DC035FC8D577BF6B57B.e.11674/click - {}
RESULT: {}
COMMAND: GET /session/f31953e55de2d70fb971a65264fe9e98/screenshot - {}
RESULT: {}
COMMAND: POST /session/f31953e55de2d70fb971a65264fe9e98/element - {"using":"xpath","value":"//button[@data-kt=\"AddNewHOProvideAddItemsButton\"]"}
RESULT: {"using":"xpath","value":"//button[@data-kt=\"AddNewHOProvideAddItemsButton\"]"}
COMMAND: POST /session/f31953e55de2d70fb971a65264fe9e98/element/f.64D82B69FC2678D0F29344912A345B1C.d.53E2B38201050DC035FC8D577BF6B57B.e.11678/click - {}
RESULT: {}
COMMAND: GET /session/f31953e55de2d70fb971a65264fe9e98/screenshot - {}
RESULT: {}
RESULT: undefined
COMMAND: POST /session/f31953e55de2d70fb971a65264fe9e98/element - {"using":"xpath","value":"//*[@id=\"application-managehandovers-display-component---AddNewHO--popup-sa\"]"}
RESULT: {"using":"xpath","value":"//*[@id=\"application-managehandovers-display-component---AddNewHO--popup-sa\"]"}
COMMAND: POST /session/f31953e55de2d70fb971a65264fe9e98/element/f.64D82B69FC2678D0F29344912A345B1C.d.53E2B38201050DC035FC8D577BF6B57B.e.11687/click - {}
RESULT: {}
COMMAND: GET /session/f31953e55de2d70fb971a65264fe9e98/screenshot - {}
RESULT: {}
COMMAND: POST /session/f31953e55de2d70fb971a65264fe9e98/element - {"using":"xpath","value":"//*[contains(@id ,\"BDI-content\")][contains(text(), \"Select\")]"}
RESULT: {"using":"xpath","value":"//*[contains(@id ,\"BDI-content\")][contains(text(), \"Select\")]"}
COMMAND: POST /session/f31953e55de2d70fb971a65264fe9e98/element/f.64D82B69FC2678D0F29344912A345B1C.d.53E2B38201050DC035FC8D577BF6B57B.e.11689/click - {}
RESULT: {}
COMMAND: GET /session/f31953e55de2d70fb971a65264fe9e98/screenshot - {}
RESULT: {}
COMMAND: POST /session/f31953e55de2d70fb971a65264fe9e98/execute/async - {"script":"<script> [1562 bytes]","args":[{"selector":{"id":"application-managehandovers-display-component---AddNewHO--confirmCreationButton","interaction":{"idSuffix":"BDI-content"}},"wdio_ui5_key":"applicationmanagehandovers-display-component---AddNewHO--confirmCreationButton"}]}
RESULT: {"script":"<script> [1562 bytes]","args":[{"selector":{"id":"application-managehandovers-display-component---AddNewHO--confirmCreationButton","interaction":{"idSuffix":"BDI-content"}},"wdio_ui5_key":"applicationmanagehandovers-display-component---AddNewHO--confirmCreationButton"}]}
RESULT: undefined
COMMAND: POST /session/f31953e55de2d70fb971a65264fe9e98/element - {"using":"xpath","value":"//*[@id=\"application-managehandovers-display-component---AddNewHO--confirmCreationButton\"]"}
RESULT: {"using":"xpath","value":"//*[@id=\"application-managehandovers-display-component---AddNewHO--confirmCreationButton\"]"}
COMMAND: POST /session/f31953e55de2d70fb971a65264fe9e98/element/f.64D82B69FC2678D0F29344912A345B1C.d.53E2B38201050DC035FC8D577BF6B57B.e.11503/click - {}
RESULT: {}
COMMAND: GET /session/f31953e55de2d70fb971a65264fe9e98/screenshot - {}
RESULT: {}
COMMAND: POST /session/f31953e55de2d70fb971a65264fe9e98/execute/async - {"script":"<script> [1562 bytes]","args":[{"selector":{"id":"issueDatePicker","viewName":"etm.portal.ui.managehandovers.view.DetailExecuteHO","interaction":{"idSuffix":"inner"}},"wdio_ui5_key":"issueDatePickeretmportal.ui.managehandovers.view.DetailExecuteHO"}]}
RESULT: {"script":"<script> [1562 bytes]","args":[{"selector":{"id":"issueDatePicker","viewName":"etm.portal.ui.managehandovers.view.DetailExecuteHO","interaction":{"idSuffix":"inner"}},"wdio_ui5_key":"issueDatePickeretmportal.ui.managehandovers.view.DetailExecuteHO"}]}
RESULT: undefined
COMMAND: POST /session/f31953e55de2d70fb971a65264fe9e98/execute/async - {"script":"<script> [776 bytes]","args":[{"enterText":"5/20/25","selector":{"id":"issueDatePicker","viewName":"etm.portal.ui.managehandovers.view.DetailExecuteHO","interaction":{"idSuffix":"inner"}},"clearTextFirst":true,"interactionType":"ENTER_TEXT"}]}
RESULT: {"script":"<script> [776 bytes]","args":[{"enterText":"5/20/25","selector":{"id":"issueDatePicker","viewName":"etm.portal.ui.managehandovers.view.DetailExecuteHO","interaction":{"idSuffix":"inner"}},"clearTextFirst":true,"interactionType":"ENTER_TEXT"}]}
COMMAND: POST /session/f31953e55de2d70fb971a65264fe9e98/element - {"using":"xpath","value":"//bdi[contains(text(), \"OK\")]"}
RESULT: {"using":"xpath","value":"//bdi[contains(text(), \"OK\")]"}
COMMAND: POST /session/f31953e55de2d70fb971a65264fe9e98/element/f.64D82B69FC2678D0F29344912A345B1C.d.53E2B38201050DC035FC8D577BF6B57B.e.11733/click - {}
RESULT: {}
COMMAND: GET /session/f31953e55de2d70fb971a65264fe9e98/screenshot - {}
RESULT: {}
COMMAND: POST /session/f31953e55de2d70fb971a65264fe9e98/element - {"using":"xpath","value":"//button[@data-kt=\"PickingTableConfirmAllButton\"]"}
RESULT: {"using":"xpath","value":"//button[@data-kt=\"PickingTableConfirmAllButton\"]"}
COMMAND: POST /session/f31953e55de2d70fb971a65264fe9e98/element/f.64D82B69FC2678D0F29344912A345B1C.d.53E2B38201050DC035FC8D577BF6B57B.e.11739/click - {}
RESULT: {}
COMMAND: GET /session/f31953e55de2d70fb971a65264fe9e98/screenshot - {}
RESULT: {}
COMMAND: POST /session/f31953e55de2d70fb971a65264fe9e98/element - {"using":"xpath","value":"//bdi[contains(text(), \"OK\")]"}
RESULT: {"using":"xpath","value":"//bdi[contains(text(), \"OK\")]"}
COMMAND: POST /session/f31953e55de2d70fb971a65264fe9e98/element/f.64D82B69FC2678D0F29344912A345B1C.d.53E2B38201050DC035FC8D577BF6B57B.e.11743/click - {}
RESULT: {}
COMMAND: GET /session/f31953e55de2d70fb971a65264fe9e98/screenshot - {}
RESULT: {}
COMMAND: POST /session/f31953e55de2d70fb971a65264fe9e98/element - {"using":"xpath","value":"//bdi[contains(text(), \"Issue\")]"}
RESULT: {"using":"xpath","value":"//bdi[contains(text(), \"Issue\")]"}
COMMAND: POST /session/f31953e55de2d70fb971a65264fe9e98/element/f.64D82B69FC2678D0F29344912A345B1C.d.53E2B38201050DC035FC8D577BF6B57B.e.11744/click - {}
RESULT: {}
COMMAND: GET /session/f31953e55de2d70fb971a65264fe9e98/screenshot - {}
RESULT: {}
COMMAND: POST /session/f31953e55de2d70fb971a65264fe9e98/element - {"using":"css selector","value":"#shell-header-logo"}
RESULT: {"using":"css selector","value":"#shell-header-logo"}
COMMAND: POST /session/f31953e55de2d70fb971a65264fe9e98/element/f.64D82B69FC2678D0F29344912A345B1C.d.53E2B38201050DC035FC8D577BF6B57B.e.10817/click - {}
RESULT: {}
COMMAND: GET /session/f31953e55de2d70fb971a65264fe9e98/screenshot - {}
RESULT: {}
]]></system-out>
    </testcase>
    <testcase classname="chrome.136_0_7103_93.windows.Billing_Transfer_-_Intracompany_US127249" name="Should go navigate to Manage Billings and trigger contract calculation check result" time="72.681">
      <system-out><![CDATA[
COMMAND: POST /session/f31953e55de2d70fb971a65264fe9e98/execute/async - {"script":"<script> [1562 bytes]","args":[{"selector":{"controlType":"sap.m.GenericTile","properties":{"header":"Manage Billings"}},"wdio_ui5_key":"sapm.GenericTile{\"header\":\"Manage Billings\"}"}]}
RESULT: {"script":"<script> [1562 bytes]","args":[{"selector":{"controlType":"sap.m.GenericTile","properties":{"header":"Manage Billings"}},"wdio_ui5_key":"sapm.GenericTile{\"header\":\"Manage Billings\"}"}]}
RESULT: undefined
COMMAND: POST /session/f31953e55de2d70fb971a65264fe9e98/element - {"using":"xpath","value":"//*[@id=\"__tile51\"]"}
RESULT: {"using":"xpath","value":"//*[@id=\"__tile51\"]"}
COMMAND: POST /session/f31953e55de2d70fb971a65264fe9e98/element/f.64D82B69FC2678D0F29344912A345B1C.d.53E2B38201050DC035FC8D577BF6B57B.e.6537/click - {}
RESULT: {}
COMMAND: GET /session/f31953e55de2d70fb971a65264fe9e98/screenshot - {}
RESULT: {}
COMMAND: POST /session/f31953e55de2d70fb971a65264fe9e98/elements - {"using":"xpath","value":"//span[text()='Error']"}
RESULT: {"using":"xpath","value":"//span[text()='Error']"}
COMMAND: POST /session/f31953e55de2d70fb971a65264fe9e98/execute/async - {"script":"<script> [1562 bytes]","args":[{"selector":{"id":"application-managebillings-display-component---billRunCalcResult--smartFilterBar-btnBasicSearch","interaction":{"idSuffix":"I"}},"wdio_ui5_key":"applicationmanagebillings-display-component---billRunCalcResult--smartFilterBar-btnBasicSearch"}]}
RESULT: {"script":"<script> [1562 bytes]","args":[{"selector":{"id":"application-managebillings-display-component---billRunCalcResult--smartFilterBar-btnBasicSearch","interaction":{"idSuffix":"I"}},"wdio_ui5_key":"applicationmanagebillings-display-component---billRunCalcResult--smartFilterBar-btnBasicSearch"}]}
RESULT: undefined
COMMAND: POST /session/f31953e55de2d70fb971a65264fe9e98/execute/async - {"script":"<script> [776 bytes]","args":[{"enterText":"10439","selector":{"id":"application-managebillings-display-component---billRunCalcResult--smartFilterBar-btnBasicSearch","interaction":{"idSuffix":"I"}},"clearTextFirst":true,"interactionType":"ENTER_TEXT"}]}
RESULT: {"script":"<script> [776 bytes]","args":[{"enterText":"10439","selector":{"id":"application-managebillings-display-component---billRunCalcResult--smartFilterBar-btnBasicSearch","interaction":{"idSuffix":"I"}},"clearTextFirst":true,"interactionType":"ENTER_TEXT"}]}
COMMAND: POST /session/f31953e55de2d70fb971a65264fe9e98/actions - {"actions":[{"id":"action42","type":"key","parameters":{},"actions":[{"type":"keyDown","value":"î€‡"},{"type":"pause","duration":10},{"type":"keyUp","value":"î€‡"}]}]}
RESULT: {"actions":[{"id":"action42","type":"key","parameters":{},"actions":[{"type":"keyDown","value":"î€‡"},{"type":"pause","duration":10},{"type":"keyUp","value":"î€‡"}]}]}
COMMAND: GET /session/f31953e55de2d70fb971a65264fe9e98/screenshot - {}
RESULT: {}
COMMAND: POST /session/f31953e55de2d70fb971a65264fe9e98/element - {"using":"xpath","value":"//td[@aria-colindex=\"1\"]/div/div[contains(@class, \"sapMCbBg\")]"}
RESULT: {"using":"xpath","value":"//td[@aria-colindex=\"1\"]/div/div[contains(@class, \"sapMCbBg\")]"}
COMMAND: POST /session/f31953e55de2d70fb971a65264fe9e98/element/f.64D82B69FC2678D0F29344912A345B1C.d.53E2B38201050DC035FC8D577BF6B57B.e.12136/click - {}
RESULT: {}
COMMAND: GET /session/f31953e55de2d70fb971a65264fe9e98/screenshot - {}
RESULT: {}
COMMAND: POST /session/f31953e55de2d70fb971a65264fe9e98/execute/async - {"script":"<script> [1562 bytes]","args":[{"selector":{"id":"application-managebillings-display-component---billRunCalcResult--contractBillRunDate","interaction":{"idSuffix":"inner"}},"wdio_ui5_key":"applicationmanagebillings-display-component---billRunCalcResult--contractBillRunDate"}]}
RESULT: {"script":"<script> [1562 bytes]","args":[{"selector":{"id":"application-managebillings-display-component---billRunCalcResult--contractBillRunDate","interaction":{"idSuffix":"inner"}},"wdio_ui5_key":"applicationmanagebillings-display-component---billRunCalcResult--contractBillRunDate"}]}
RESULT: undefined
COMMAND: POST /session/f31953e55de2d70fb971a65264fe9e98/execute/async - {"script":"<script> [776 bytes]","args":[{"enterText":"5/20/25","selector":{"id":"application-managebillings-display-component---billRunCalcResult--contractBillRunDate","interaction":{"idSuffix":"inner"}},"clearTextFirst":true,"interactionType":"ENTER_TEXT"}]}
RESULT: {"script":"<script> [776 bytes]","args":[{"enterText":"5/20/25","selector":{"id":"application-managebillings-display-component---billRunCalcResult--contractBillRunDate","interaction":{"idSuffix":"inner"}},"clearTextFirst":true,"interactionType":"ENTER_TEXT"}]}
COMMAND: POST /session/f31953e55de2d70fb971a65264fe9e98/element - {"using":"xpath","value":"//bdi[contains(text(), \"Trigger Calculation\")]"}
RESULT: {"using":"xpath","value":"//bdi[contains(text(), \"Trigger Calculation\")]"}
COMMAND: POST /session/f31953e55de2d70fb971a65264fe9e98/element/f.64D82B69FC2678D0F29344912A345B1C.d.53E2B38201050DC035FC8D577BF6B57B.e.12187/click - {}
RESULT: {}
COMMAND: GET /session/f31953e55de2d70fb971a65264fe9e98/screenshot - {}
RESULT: {}
COMMAND: POST /session/f31953e55de2d70fb971a65264fe9e98/element - {"using":"xpath","value":"(//span[contains(@id, \"imgNav\")])[1]"}
RESULT: {"using":"xpath","value":"(//span[contains(@id, \"imgNav\")])[1]"}
COMMAND: POST /session/f31953e55de2d70fb971a65264fe9e98/element/f.64D82B69FC2678D0F29344912A345B1C.d.53E2B38201050DC035FC8D577BF6B57B.e.12137/click - {}
RESULT: {}
COMMAND: GET /session/f31953e55de2d70fb971a65264fe9e98/screenshot - {}
RESULT: {}
COMMAND: POST /session/f31953e55de2d70fb971a65264fe9e98/element - {"using":"xpath","value":"//tr/td[6]/div[1]/span[1]/span[1]"}
RESULT: {"using":"xpath","value":"//tr/td[6]/div[1]/span[1]/span[1]"}
COMMAND: GET /session/f31953e55de2d70fb971a65264fe9e98/element/f.64D82B69FC2678D0F29344912A345B1C.d.53E2B38201050DC035FC8D577BF6B57B.e.12193/text - {}
RESULT: {}
COMMAND: POST /session/f31953e55de2d70fb971a65264fe9e98/element - {"using":"xpath","value":"(//span[contains(@id, \"imgNav\")])[2]"}
RESULT: {"using":"xpath","value":"(//span[contains(@id, \"imgNav\")])[2]"}
COMMAND: POST /session/f31953e55de2d70fb971a65264fe9e98/element/f.64D82B69FC2678D0F29344912A345B1C.d.53E2B38201050DC035FC8D577BF6B57B.e.12194/click - {}
RESULT: {}
COMMAND: POST /session/f31953e55de2d70fb971a65264fe9e98/element - {"using":"xpath","value":"//bdi[contains(text(), \"Business Confirm\")]"}
COMMAND: GET /session/f31953e55de2d70fb971a65264fe9e98/screenshot - {}
RESULT: {"using":"xpath","value":"//bdi[contains(text(), \"Business Confirm\")]"}
COMMAND: POST /session/f31953e55de2d70fb971a65264fe9e98/elements - {"using":"xpath","value":"//bdi[contains(text(), \"Business Confirm\")]"}
RESULT: {}
RESULT: {"using":"xpath","value":"//bdi[contains(text(), \"Business Confirm\")]"}
COMMAND: POST /session/f31953e55de2d70fb971a65264fe9e98/element - {"using":"xpath","value":"//bdi[contains(text(), \"Business Confirm\")]"}
RESULT: {"using":"xpath","value":"//bdi[contains(text(), \"Business Confirm\")]"}
COMMAND: POST /session/f31953e55de2d70fb971a65264fe9e98/element/f.64D82B69FC2678D0F29344912A345B1C.d.53E2B38201050DC035FC8D577BF6B57B.e.12197/click - {}
RESULT: {}
COMMAND: POST /session/f31953e55de2d70fb971a65264fe9e98/element - {"using":"css selector","value":"#shell-header-logo"}
COMMAND: GET /session/f31953e55de2d70fb971a65264fe9e98/screenshot - {}
RESULT: {"using":"css selector","value":"#shell-header-logo"}
COMMAND: POST /session/f31953e55de2d70fb971a65264fe9e98/element/f.64D82B69FC2678D0F29344912A345B1C.d.53E2B38201050DC035FC8D577BF6B57B.e.11926/click - {}
RESULT: {}
RESULT: {}
COMMAND: GET /session/f31953e55de2d70fb971a65264fe9e98/screenshot - {}
RESULT: {}
]]></system-out>
    </testcase>
    <testcase classname="chrome.136_0_7103_93.windows.Billing_Transfer_-_Intracompany_US127249" name="Should navigate to billing transfer and invoice the contract" time="89.553">
      <system-out><![CDATA[
COMMAND: POST /session/f31953e55de2d70fb971a65264fe9e98/execute/async - {"script":"<script> [1562 bytes]","args":[{"selector":{"controlType":"sap.m.GenericTile","properties":{"header":"Billing Transfer"}},"wdio_ui5_key":"sapm.GenericTile{\"header\":\"Billing Transfer\"}"}]}
RESULT: {"script":"<script> [1562 bytes]","args":[{"selector":{"controlType":"sap.m.GenericTile","properties":{"header":"Billing Transfer"}},"wdio_ui5_key":"sapm.GenericTile{\"header\":\"Billing Transfer\"}"}]}
RESULT: undefined
COMMAND: POST /session/f31953e55de2d70fb971a65264fe9e98/element - {"using":"xpath","value":"//*[@id=\"__tile50\"]"}
RESULT: {"using":"xpath","value":"//*[@id=\"__tile50\"]"}
COMMAND: POST /session/f31953e55de2d70fb971a65264fe9e98/element/f.64D82B69FC2678D0F29344912A345B1C.d.53E2B38201050DC035FC8D577BF6B57B.e.6535/click - {}
RESULT: {}
COMMAND: GET /session/f31953e55de2d70fb971a65264fe9e98/screenshot - {}
COMMAND: POST /session/f31953e55de2d70fb971a65264fe9e98/elements - {"using":"xpath","value":"//span[text()='Error']"}
RESULT: {}
RESULT: {"using":"xpath","value":"//span[text()='Error']"}
COMMAND: POST /session/f31953e55de2d70fb971a65264fe9e98/element - {"using":"xpath","value":"//input[contains(@id ,\"application-billingtransfer-display-component---billingWorkbench--smartFilterBar-btnBasicSearch\")]"}
RESULT: {"using":"xpath","value":"//input[contains(@id ,\"application-billingtransfer-display-component---billingWorkbench--smartFilterBar-btnBasicSearch\")]"}
COMMAND: POST /session/f31953e55de2d70fb971a65264fe9e98/elements - {"using":"xpath","value":"//input[contains(@id ,\"application-billingtransfer-display-component---billingWorkbench--smartFilterBar-btnBasicSearch\")]"}
RESULT: {"using":"xpath","value":"//input[contains(@id ,\"application-billingtransfer-display-component---billingWorkbench--smartFilterBar-btnBasicSearch\")]"}
COMMAND: POST /session/f31953e55de2d70fb971a65264fe9e98/execute/sync - {"script":"<script> [8489 bytes]","args":[{"element-6066-11e4-a52e-4f735466cecf":"f.64D82B69FC2678D0F29344912A345B1C.d.53E2B38201050DC035FC8D577BF6B57B.e.12275","ELEMENT":"f.64D82B69FC2678D0F29344912A345B1C.d.53E2B38201050DC035FC8D577BF6B57B.e.12275"}]}
RESULT: {"script":"<script> [8489 bytes]","args":[{"element-6066-11e4-a52e-4f735466cecf":"f.64D82B69FC2678D0F29344912A345B1C.d.53E2B38201050DC035FC8D577BF6B57B.e.12275","ELEMENT":"f.64D82B69FC2678D0F29344912A345B1C.d.53E2B38201050DC035FC8D577BF6B57B.e.12275"}]}
COMMAND: GET /session/f31953e55de2d70fb971a65264fe9e98/element/f.64D82B69FC2678D0F29344912A345B1C.d.53E2B38201050DC035FC8D577BF6B57B.e.12275/enabled - {}
COMMAND: GET /session/f31953e55de2d70fb971a65264fe9e98/screenshot - {}
RESULT: {}
COMMAND: POST /session/f31953e55de2d70fb971a65264fe9e98/element/f.64D82B69FC2678D0F29344912A345B1C.d.53E2B38201050DC035FC8D577BF6B57B.e.12275/click - {}
COMMAND: GET /session/f31953e55de2d70fb971a65264fe9e98/screenshot - {}
RESULT: {}
RESULT: {}
COMMAND: GET /session/f31953e55de2d70fb971a65264fe9e98/screenshot - {}
RESULT: {}
RESULT: {}
COMMAND: POST /session/f31953e55de2d70fb971a65264fe9e98/element/f.64D82B69FC2678D0F29344912A345B1C.d.53E2B38201050DC035FC8D577BF6B57B.e.12275/clear - {}
RESULT: {}
COMMAND: POST /session/f31953e55de2d70fb971a65264fe9e98/element/f.64D82B69FC2678D0F29344912A345B1C.d.53E2B38201050DC035FC8D577BF6B57B.e.12275/value - {"text":"10439"}
COMMAND: GET /session/f31953e55de2d70fb971a65264fe9e98/screenshot - {}
RESULT: {"text":"10439"}
COMMAND: POST /session/f31953e55de2d70fb971a65264fe9e98/actions - {"actions":[{"id":"action43","type":"key","parameters":{},"actions":[{"type":"keyDown","value":"î€‡"},{"type":"pause","duration":10},{"type":"keyUp","value":"î€‡"}]}]}
COMMAND: GET /session/f31953e55de2d70fb971a65264fe9e98/screenshot - {}
RESULT: {}
RESULT: {"actions":[{"id":"action43","type":"key","parameters":{},"actions":[{"type":"keyDown","value":"î€‡"},{"type":"pause","duration":10},{"type":"keyUp","value":"î€‡"}]}]}
COMMAND: GET /session/f31953e55de2d70fb971a65264fe9e98/screenshot - {}
RESULT: {}
RESULT: {}
COMMAND: POST /session/f31953e55de2d70fb971a65264fe9e98/element - {"using":"xpath","value":"//span[contains(@id ,\"application-billingtransfer-display-component---billingWorkbench--smartTableBillingRuns-header-inner\")]"}
RESULT: {"using":"xpath","value":"//span[contains(@id ,\"application-billingtransfer-display-component---billingWorkbench--smartTableBillingRuns-header-inner\")]"}
COMMAND: POST /session/f31953e55de2d70fb971a65264fe9e98/elements - {"using":"xpath","value":"//span[contains(@id ,\"application-billingtransfer-display-component---billingWorkbench--smartTableBillingRuns-header-inner\")]"}
RESULT: {"using":"xpath","value":"//span[contains(@id ,\"application-billingtransfer-display-component---billingWorkbench--smartTableBillingRuns-header-inner\")]"}
COMMAND: POST /session/f31953e55de2d70fb971a65264fe9e98/execute/sync - {"script":"<script> [56 bytes]","args":[{"element-6066-11e4-a52e-4f735466cecf":"f.64D82B69FC2678D0F29344912A345B1C.d.53E2B38201050DC035FC8D577BF6B57B.e.12455","ELEMENT":"f.64D82B69FC2678D0F29344912A345B1C.d.53E2B38201050DC035FC8D577BF6B57B.e.12455"}]}
RESULT: {"script":"<script> [56 bytes]","args":[{"element-6066-11e4-a52e-4f735466cecf":"f.64D82B69FC2678D0F29344912A345B1C.d.53E2B38201050DC035FC8D577BF6B57B.e.12455","ELEMENT":"f.64D82B69FC2678D0F29344912A345B1C.d.53E2B38201050DC035FC8D577BF6B57B.e.12455"}]}
COMMAND: POST /session/f31953e55de2d70fb971a65264fe9e98/element - {"using":"xpath","value":"//td[@aria-colindex=\"1\"]/div/div[contains(@class, \"sapMCbBg\")]"}
COMMAND: GET /session/f31953e55de2d70fb971a65264fe9e98/screenshot - {}
RESULT: {"using":"xpath","value":"//td[@aria-colindex=\"1\"]/div/div[contains(@class, \"sapMCbBg\")]"}
COMMAND: POST /session/f31953e55de2d70fb971a65264fe9e98/element/f.64D82B69FC2678D0F29344912A345B1C.d.53E2B38201050DC035FC8D577BF6B57B.e.12420/click - {}
RESULT: {}
RESULT: {}
COMMAND: GET /session/f31953e55de2d70fb971a65264fe9e98/screenshot - {}
RESULT: {}
COMMAND: POST /session/f31953e55de2d70fb971a65264fe9e98/element - {"using":"xpath","value":"//bdi[contains(text(), \"Check\")]"}
RESULT: {"using":"xpath","value":"//bdi[contains(text(), \"Check\")]"}
COMMAND: POST /session/f31953e55de2d70fb971a65264fe9e98/element/f.64D82B69FC2678D0F29344912A345B1C.d.53E2B38201050DC035FC8D577BF6B57B.e.12456/click - {}
RESULT: {}
COMMAND: GET /session/f31953e55de2d70fb971a65264fe9e98/screenshot - {}
RESULT: {}
COMMAND: POST /session/f31953e55de2d70fb971a65264fe9e98/element - {"using":"xpath","value":"//bdi[contains(text(), \"OK\")]"}
RESULT: {"using":"xpath","value":"//bdi[contains(text(), \"OK\")]"}
COMMAND: POST /session/f31953e55de2d70fb971a65264fe9e98/element/f.64D82B69FC2678D0F29344912A345B1C.d.53E2B38201050DC035FC8D577BF6B57B.e.12459/click - {}
RESULT: {}
COMMAND: GET /session/f31953e55de2d70fb971a65264fe9e98/screenshot - {}
RESULT: {}
COMMAND: POST /session/f31953e55de2d70fb971a65264fe9e98/element - {"using":"xpath","value":"(//span[contains(text(), \"CO/SD checked\")]/parent::div/preceding-sibling::div/span)[1]"}
RESULT: {"using":"xpath","value":"(//span[contains(text(), \"CO/SD checked\")]/parent::div/preceding-sibling::div/span)[1]"}
COMMAND: POST /session/f31953e55de2d70fb971a65264fe9e98/element/f.64D82B69FC2678D0F29344912A345B1C.d.53E2B38201050DC035FC8D577BF6B57B.e.12460/click - {}
RESULT: {}
COMMAND: GET /session/f31953e55de2d70fb971a65264fe9e98/screenshot - {}
RESULT: {}
COMMAND: POST /session/f31953e55de2d70fb971a65264fe9e98/element - {"using":"xpath","value":"//input[contains(@id ,\"application-billingtransfer-display-component---billingWorkbench--smartFilterBar-btnBasicSearch\")]"}
RESULT: {"using":"xpath","value":"//input[contains(@id ,\"application-billingtransfer-display-component---billingWorkbench--smartFilterBar-btnBasicSearch\")]"}
COMMAND: POST /session/f31953e55de2d70fb971a65264fe9e98/elements - {"using":"xpath","value":"//input[contains(@id ,\"application-billingtransfer-display-component---billingWorkbench--smartFilterBar-btnBasicSearch\")]"}
RESULT: {"using":"xpath","value":"//input[contains(@id ,\"application-billingtransfer-display-component---billingWorkbench--smartFilterBar-btnBasicSearch\")]"}
COMMAND: POST /session/f31953e55de2d70fb971a65264fe9e98/execute/sync - {"script":"<script> [8489 bytes]","args":[{"element-6066-11e4-a52e-4f735466cecf":"f.64D82B69FC2678D0F29344912A345B1C.d.53E2B38201050DC035FC8D577BF6B57B.e.12275","ELEMENT":"f.64D82B69FC2678D0F29344912A345B1C.d.53E2B38201050DC035FC8D577BF6B57B.e.12275"}]}
RESULT: {"script":"<script> [8489 bytes]","args":[{"element-6066-11e4-a52e-4f735466cecf":"f.64D82B69FC2678D0F29344912A345B1C.d.53E2B38201050DC035FC8D577BF6B57B.e.12275","ELEMENT":"f.64D82B69FC2678D0F29344912A345B1C.d.53E2B38201050DC035FC8D577BF6B57B.e.12275"}]}
COMMAND: GET /session/f31953e55de2d70fb971a65264fe9e98/element/f.64D82B69FC2678D0F29344912A345B1C.d.53E2B38201050DC035FC8D577BF6B57B.e.12275/enabled - {}
COMMAND: GET /session/f31953e55de2d70fb971a65264fe9e98/screenshot - {}
RESULT: {}
COMMAND: POST /session/f31953e55de2d70fb971a65264fe9e98/element/f.64D82B69FC2678D0F29344912A345B1C.d.53E2B38201050DC035FC8D577BF6B57B.e.12275/click - {}
COMMAND: GET /session/f31953e55de2d70fb971a65264fe9e98/screenshot - {}
RESULT: {}
RESULT: {}
COMMAND: GET /session/f31953e55de2d70fb971a65264fe9e98/screenshot - {}
RESULT: {}
RESULT: {}
COMMAND: POST /session/f31953e55de2d70fb971a65264fe9e98/element/f.64D82B69FC2678D0F29344912A345B1C.d.53E2B38201050DC035FC8D577BF6B57B.e.12275/clear - {}
RESULT: {}
COMMAND: POST /session/f31953e55de2d70fb971a65264fe9e98/element/f.64D82B69FC2678D0F29344912A345B1C.d.53E2B38201050DC035FC8D577BF6B57B.e.12275/value - {"text":"10439"}
COMMAND: GET /session/f31953e55de2d70fb971a65264fe9e98/screenshot - {}
RESULT: {"text":"10439"}
COMMAND: POST /session/f31953e55de2d70fb971a65264fe9e98/actions - {"actions":[{"id":"action44","type":"key","parameters":{},"actions":[{"type":"keyDown","value":"î€‡"},{"type":"pause","duration":10},{"type":"keyUp","value":"î€‡"}]}]}
COMMAND: GET /session/f31953e55de2d70fb971a65264fe9e98/screenshot - {}
RESULT: {}
RESULT: {"actions":[{"id":"action44","type":"key","parameters":{},"actions":[{"type":"keyDown","value":"î€‡"},{"type":"pause","duration":10},{"type":"keyUp","value":"î€‡"}]}]}
COMMAND: GET /session/f31953e55de2d70fb971a65264fe9e98/screenshot - {}
RESULT: {}
RESULT: {}
COMMAND: POST /session/f31953e55de2d70fb971a65264fe9e98/element - {"using":"xpath","value":"//span[contains(@id ,\"application-billingtransfer-display-component---billingWorkbench--smartTableBillingRuns-header-inner\")]"}
RESULT: {"using":"xpath","value":"//span[contains(@id ,\"application-billingtransfer-display-component---billingWorkbench--smartTableBillingRuns-header-inner\")]"}
COMMAND: POST /session/f31953e55de2d70fb971a65264fe9e98/elements - {"using":"xpath","value":"//span[contains(@id ,\"application-billingtransfer-display-component---billingWorkbench--smartTableBillingRuns-header-inner\")]"}
RESULT: {"using":"xpath","value":"//span[contains(@id ,\"application-billingtransfer-display-component---billingWorkbench--smartTableBillingRuns-header-inner\")]"}
COMMAND: POST /session/f31953e55de2d70fb971a65264fe9e98/execute/sync - {"script":"<script> [56 bytes]","args":[{"element-6066-11e4-a52e-4f735466cecf":"f.64D82B69FC2678D0F29344912A345B1C.d.53E2B38201050DC035FC8D577BF6B57B.e.12455","ELEMENT":"f.64D82B69FC2678D0F29344912A345B1C.d.53E2B38201050DC035FC8D577BF6B57B.e.12455"}]}
RESULT: {"script":"<script> [56 bytes]","args":[{"element-6066-11e4-a52e-4f735466cecf":"f.64D82B69FC2678D0F29344912A345B1C.d.53E2B38201050DC035FC8D577BF6B57B.e.12455","ELEMENT":"f.64D82B69FC2678D0F29344912A345B1C.d.53E2B38201050DC035FC8D577BF6B57B.e.12455"}]}
COMMAND: POST /session/f31953e55de2d70fb971a65264fe9e98/element - {"using":"xpath","value":"//td[@aria-colindex=\"1\"]/div/div[contains(@class, \"sapMCbBg\")]"}
COMMAND: GET /session/f31953e55de2d70fb971a65264fe9e98/screenshot - {}
RESULT: {"using":"xpath","value":"//td[@aria-colindex=\"1\"]/div/div[contains(@class, \"sapMCbBg\")]"}
COMMAND: POST /session/f31953e55de2d70fb971a65264fe9e98/element/f.64D82B69FC2678D0F29344912A345B1C.d.53E2B38201050DC035FC8D577BF6B57B.e.12465/click - {}
RESULT: {}
RESULT: {}
COMMAND: GET /session/f31953e55de2d70fb971a65264fe9e98/screenshot - {}
RESULT: {}
COMMAND: POST /session/f31953e55de2d70fb971a65264fe9e98/element - {"using":"xpath","value":"//bdi[text()=\"Transfer\"]"}
RESULT: {"using":"xpath","value":"//bdi[text()=\"Transfer\"]"}
COMMAND: POST /session/f31953e55de2d70fb971a65264fe9e98/element/f.64D82B69FC2678D0F29344912A345B1C.d.53E2B38201050DC035FC8D577BF6B57B.e.12466/click - {}
RESULT: {}
COMMAND: GET /session/f31953e55de2d70fb971a65264fe9e98/screenshot - {}
RESULT: {}
COMMAND: POST /session/f31953e55de2d70fb971a65264fe9e98/element - {"using":"xpath","value":"//bdi[contains(text(), \"OK\")]"}
RESULT: {"using":"xpath","value":"//bdi[contains(text(), \"OK\")]"}
COMMAND: POST /session/f31953e55de2d70fb971a65264fe9e98/element/f.64D82B69FC2678D0F29344912A345B1C.d.53E2B38201050DC035FC8D577BF6B57B.e.12469/click - {}
RESULT: {}
COMMAND: GET /session/f31953e55de2d70fb971a65264fe9e98/screenshot - {}
RESULT: {}
COMMAND: POST /session/f31953e55de2d70fb971a65264fe9e98/element - {"using":"xpath","value":"(//span[contains(text(), \"Completed\")]/parent::div/preceding-sibling::div/span)[1]"}
RESULT: {"using":"xpath","value":"(//span[contains(text(), \"Completed\")]/parent::div/preceding-sibling::div/span)[1]"}
COMMAND: POST /session/f31953e55de2d70fb971a65264fe9e98/element/f.64D82B69FC2678D0F29344912A345B1C.d.53E2B38201050DC035FC8D577BF6B57B.e.12477/click - {}
RESULT: {}
COMMAND: POST /session/f31953e55de2d70fb971a65264fe9e98/element - {"using":"xpath","value":"//input[contains(@id ,\"application-billingtransfer-display-component---billingWorkbench--smartFilterBar-btnBasicSearch\")]"}
COMMAND: GET /session/f31953e55de2d70fb971a65264fe9e98/screenshot - {}
RESULT: {"using":"xpath","value":"//input[contains(@id ,\"application-billingtransfer-display-component---billingWorkbench--smartFilterBar-btnBasicSearch\")]"}
COMMAND: POST /session/f31953e55de2d70fb971a65264fe9e98/elements - {"using":"xpath","value":"//input[contains(@id ,\"application-billingtransfer-display-component---billingWorkbench--smartFilterBar-btnBasicSearch\")]"}
RESULT: {}
RESULT: {"using":"xpath","value":"//input[contains(@id ,\"application-billingtransfer-display-component---billingWorkbench--smartFilterBar-btnBasicSearch\")]"}
COMMAND: POST /session/f31953e55de2d70fb971a65264fe9e98/execute/sync - {"script":"<script> [8489 bytes]","args":[{"element-6066-11e4-a52e-4f735466cecf":"f.64D82B69FC2678D0F29344912A345B1C.d.53E2B38201050DC035FC8D577BF6B57B.e.12275","ELEMENT":"f.64D82B69FC2678D0F29344912A345B1C.d.53E2B38201050DC035FC8D577BF6B57B.e.12275"}]}
RESULT: {"script":"<script> [8489 bytes]","args":[{"element-6066-11e4-a52e-4f735466cecf":"f.64D82B69FC2678D0F29344912A345B1C.d.53E2B38201050DC035FC8D577BF6B57B.e.12275","ELEMENT":"f.64D82B69FC2678D0F29344912A345B1C.d.53E2B38201050DC035FC8D577BF6B57B.e.12275"}]}
COMMAND: GET /session/f31953e55de2d70fb971a65264fe9e98/element/f.64D82B69FC2678D0F29344912A345B1C.d.53E2B38201050DC035FC8D577BF6B57B.e.12275/enabled - {}
COMMAND: GET /session/f31953e55de2d70fb971a65264fe9e98/screenshot - {}
RESULT: {}
COMMAND: POST /session/f31953e55de2d70fb971a65264fe9e98/element/f.64D82B69FC2678D0F29344912A345B1C.d.53E2B38201050DC035FC8D577BF6B57B.e.12275/click - {}
COMMAND: GET /session/f31953e55de2d70fb971a65264fe9e98/screenshot - {}
RESULT: {}
RESULT: {}
COMMAND: GET /session/f31953e55de2d70fb971a65264fe9e98/screenshot - {}
RESULT: {}
RESULT: {}
COMMAND: POST /session/f31953e55de2d70fb971a65264fe9e98/element/f.64D82B69FC2678D0F29344912A345B1C.d.53E2B38201050DC035FC8D577BF6B57B.e.12275/clear - {}
RESULT: {}
COMMAND: POST /session/f31953e55de2d70fb971a65264fe9e98/element/f.64D82B69FC2678D0F29344912A345B1C.d.53E2B38201050DC035FC8D577BF6B57B.e.12275/value - {"text":"10439"}
COMMAND: GET /session/f31953e55de2d70fb971a65264fe9e98/screenshot - {}
RESULT: {"text":"10439"}
COMMAND: POST /session/f31953e55de2d70fb971a65264fe9e98/actions - {"actions":[{"id":"action45","type":"key","parameters":{},"actions":[{"type":"keyDown","value":"î€‡"},{"type":"pause","duration":10},{"type":"keyUp","value":"î€‡"}]}]}
COMMAND: GET /session/f31953e55de2d70fb971a65264fe9e98/screenshot - {}
RESULT: {}
RESULT: {"actions":[{"id":"action45","type":"key","parameters":{},"actions":[{"type":"keyDown","value":"î€‡"},{"type":"pause","duration":10},{"type":"keyUp","value":"î€‡"}]}]}
COMMAND: GET /session/f31953e55de2d70fb971a65264fe9e98/screenshot - {}
RESULT: {}
RESULT: {}
COMMAND: POST /session/f31953e55de2d70fb971a65264fe9e98/element - {"using":"xpath","value":"//span[contains(@id ,\"application-billingtransfer-display-component---billingWorkbench--smartTableBillingRuns-header-inner\")]"}
RESULT: {"using":"xpath","value":"//span[contains(@id ,\"application-billingtransfer-display-component---billingWorkbench--smartTableBillingRuns-header-inner\")]"}
COMMAND: POST /session/f31953e55de2d70fb971a65264fe9e98/elements - {"using":"xpath","value":"//span[contains(@id ,\"application-billingtransfer-display-component---billingWorkbench--smartTableBillingRuns-header-inner\")]"}
RESULT: {"using":"xpath","value":"//span[contains(@id ,\"application-billingtransfer-display-component---billingWorkbench--smartTableBillingRuns-header-inner\")]"}
COMMAND: POST /session/f31953e55de2d70fb971a65264fe9e98/execute/sync - {"script":"<script> [56 bytes]","args":[{"element-6066-11e4-a52e-4f735466cecf":"f.64D82B69FC2678D0F29344912A345B1C.d.53E2B38201050DC035FC8D577BF6B57B.e.12455","ELEMENT":"f.64D82B69FC2678D0F29344912A345B1C.d.53E2B38201050DC035FC8D577BF6B57B.e.12455"}]}
RESULT: {"script":"<script> [56 bytes]","args":[{"element-6066-11e4-a52e-4f735466cecf":"f.64D82B69FC2678D0F29344912A345B1C.d.53E2B38201050DC035FC8D577BF6B57B.e.12455","ELEMENT":"f.64D82B69FC2678D0F29344912A345B1C.d.53E2B38201050DC035FC8D577BF6B57B.e.12455"}]}
COMMAND: GET /session/f31953e55de2d70fb971a65264fe9e98/screenshot - {}
RESULT: {}
COMMAND: POST /session/f31953e55de2d70fb971a65264fe9e98/execute/sync - {"script":"<script> [56 bytes]","args":[{"element-6066-11e4-a52e-4f735466cecf":"f.64D82B69FC2678D0F29344912A345B1C.d.53E2B38201050DC035FC8D577BF6B57B.e.12455","ELEMENT":"f.64D82B69FC2678D0F29344912A345B1C.d.53E2B38201050DC035FC8D577BF6B57B.e.12455"}]}
RESULT: {"script":"<script> [56 bytes]","args":[{"element-6066-11e4-a52e-4f735466cecf":"f.64D82B69FC2678D0F29344912A345B1C.d.53E2B38201050DC035FC8D577BF6B57B.e.12455","ELEMENT":"f.64D82B69FC2678D0F29344912A345B1C.d.53E2B38201050DC035FC8D577BF6B57B.e.12455"}]}
COMMAND: GET /session/f31953e55de2d70fb971a65264fe9e98/screenshot - {}
RESULT: {}
COMMAND: POST /session/f31953e55de2d70fb971a65264fe9e98/execute/sync - {"script":"<script> [56 bytes]","args":[{"element-6066-11e4-a52e-4f735466cecf":"f.64D82B69FC2678D0F29344912A345B1C.d.53E2B38201050DC035FC8D577BF6B57B.e.12455","ELEMENT":"f.64D82B69FC2678D0F29344912A345B1C.d.53E2B38201050DC035FC8D577BF6B57B.e.12455"}]}
RESULT: {"script":"<script> [56 bytes]","args":[{"element-6066-11e4-a52e-4f735466cecf":"f.64D82B69FC2678D0F29344912A345B1C.d.53E2B38201050DC035FC8D577BF6B57B.e.12455","ELEMENT":"f.64D82B69FC2678D0F29344912A345B1C.d.53E2B38201050DC035FC8D577BF6B57B.e.12455"}]}
COMMAND: GET /session/f31953e55de2d70fb971a65264fe9e98/screenshot - {}
RESULT: {}
COMMAND: POST /session/f31953e55de2d70fb971a65264fe9e98/execute/sync - {"script":"<script> [56 bytes]","args":[{"element-6066-11e4-a52e-4f735466cecf":"f.64D82B69FC2678D0F29344912A345B1C.d.53E2B38201050DC035FC8D577BF6B57B.e.12455","ELEMENT":"f.64D82B69FC2678D0F29344912A345B1C.d.53E2B38201050DC035FC8D577BF6B57B.e.12455"}]}
RESULT: {"script":"<script> [56 bytes]","args":[{"element-6066-11e4-a52e-4f735466cecf":"f.64D82B69FC2678D0F29344912A345B1C.d.53E2B38201050DC035FC8D577BF6B57B.e.12455","ELEMENT":"f.64D82B69FC2678D0F29344912A345B1C.d.53E2B38201050DC035FC8D577BF6B57B.e.12455"}]}
COMMAND: GET /session/f31953e55de2d70fb971a65264fe9e98/screenshot - {}
COMMAND: POST /session/f31953e55de2d70fb971a65264fe9e98/execute/sync - {"script":"<script> [56 bytes]","args":[{"element-6066-11e4-a52e-4f735466cecf":"f.64D82B69FC2678D0F29344912A345B1C.d.53E2B38201050DC035FC8D577BF6B57B.e.12455","ELEMENT":"f.64D82B69FC2678D0F29344912A345B1C.d.53E2B38201050DC035FC8D577BF6B57B.e.12455"}]}
RESULT: {}
RESULT: {"script":"<script> [56 bytes]","args":[{"element-6066-11e4-a52e-4f735466cecf":"f.64D82B69FC2678D0F29344912A345B1C.d.53E2B38201050DC035FC8D577BF6B57B.e.12455","ELEMENT":"f.64D82B69FC2678D0F29344912A345B1C.d.53E2B38201050DC035FC8D577BF6B57B.e.12455"}]}
COMMAND: GET /session/f31953e55de2d70fb971a65264fe9e98/screenshot - {}
COMMAND: POST /session/f31953e55de2d70fb971a65264fe9e98/execute/sync - {"script":"<script> [56 bytes]","args":[{"element-6066-11e4-a52e-4f735466cecf":"f.64D82B69FC2678D0F29344912A345B1C.d.53E2B38201050DC035FC8D577BF6B57B.e.12455","ELEMENT":"f.64D82B69FC2678D0F29344912A345B1C.d.53E2B38201050DC035FC8D577BF6B57B.e.12455"}]}
RESULT: {}
RESULT: {"script":"<script> [56 bytes]","args":[{"element-6066-11e4-a52e-4f735466cecf":"f.64D82B69FC2678D0F29344912A345B1C.d.53E2B38201050DC035FC8D577BF6B57B.e.12455","ELEMENT":"f.64D82B69FC2678D0F29344912A345B1C.d.53E2B38201050DC035FC8D577BF6B57B.e.12455"}]}
COMMAND: GET /session/f31953e55de2d70fb971a65264fe9e98/screenshot - {}
RESULT: {}
COMMAND: POST /session/f31953e55de2d70fb971a65264fe9e98/execute/sync - {"script":"<script> [56 bytes]","args":[{"element-6066-11e4-a52e-4f735466cecf":"f.64D82B69FC2678D0F29344912A345B1C.d.53E2B38201050DC035FC8D577BF6B57B.e.12455","ELEMENT":"f.64D82B69FC2678D0F29344912A345B1C.d.53E2B38201050DC035FC8D577BF6B57B.e.12455"}]}
RESULT: {"script":"<script> [56 bytes]","args":[{"element-6066-11e4-a52e-4f735466cecf":"f.64D82B69FC2678D0F29344912A345B1C.d.53E2B38201050DC035FC8D577BF6B57B.e.12455","ELEMENT":"f.64D82B69FC2678D0F29344912A345B1C.d.53E2B38201050DC035FC8D577BF6B57B.e.12455"}]}
COMMAND: GET /session/f31953e55de2d70fb971a65264fe9e98/screenshot - {}
RESULT: {}
COMMAND: POST /session/f31953e55de2d70fb971a65264fe9e98/execute/sync - {"script":"<script> [56 bytes]","args":[{"element-6066-11e4-a52e-4f735466cecf":"f.64D82B69FC2678D0F29344912A345B1C.d.53E2B38201050DC035FC8D577BF6B57B.e.12455","ELEMENT":"f.64D82B69FC2678D0F29344912A345B1C.d.53E2B38201050DC035FC8D577BF6B57B.e.12455"}]}
RESULT: {"script":"<script> [56 bytes]","args":[{"element-6066-11e4-a52e-4f735466cecf":"f.64D82B69FC2678D0F29344912A345B1C.d.53E2B38201050DC035FC8D577BF6B57B.e.12455","ELEMENT":"f.64D82B69FC2678D0F29344912A345B1C.d.53E2B38201050DC035FC8D577BF6B57B.e.12455"}]}
COMMAND: GET /session/f31953e55de2d70fb971a65264fe9e98/screenshot - {}
RESULT: {}
COMMAND: POST /session/f31953e55de2d70fb971a65264fe9e98/execute/sync - {"script":"<script> [56 bytes]","args":[{"element-6066-11e4-a52e-4f735466cecf":"f.64D82B69FC2678D0F29344912A345B1C.d.53E2B38201050DC035FC8D577BF6B57B.e.12455","ELEMENT":"f.64D82B69FC2678D0F29344912A345B1C.d.53E2B38201050DC035FC8D577BF6B57B.e.12455"}]}
RESULT: {"script":"<script> [56 bytes]","args":[{"element-6066-11e4-a52e-4f735466cecf":"f.64D82B69FC2678D0F29344912A345B1C.d.53E2B38201050DC035FC8D577BF6B57B.e.12455","ELEMENT":"f.64D82B69FC2678D0F29344912A345B1C.d.53E2B38201050DC035FC8D577BF6B57B.e.12455"}]}
COMMAND: GET /session/f31953e55de2d70fb971a65264fe9e98/screenshot - {}
RESULT: {}
COMMAND: POST /session/f31953e55de2d70fb971a65264fe9e98/execute/sync - {"script":"<script> [56 bytes]","args":[{"element-6066-11e4-a52e-4f735466cecf":"f.64D82B69FC2678D0F29344912A345B1C.d.53E2B38201050DC035FC8D577BF6B57B.e.12455","ELEMENT":"f.64D82B69FC2678D0F29344912A345B1C.d.53E2B38201050DC035FC8D577BF6B57B.e.12455"}]}
RESULT: {"script":"<script> [56 bytes]","args":[{"element-6066-11e4-a52e-4f735466cecf":"f.64D82B69FC2678D0F29344912A345B1C.d.53E2B38201050DC035FC8D577BF6B57B.e.12455","ELEMENT":"f.64D82B69FC2678D0F29344912A345B1C.d.53E2B38201050DC035FC8D577BF6B57B.e.12455"}]}
COMMAND: GET /session/f31953e55de2d70fb971a65264fe9e98/screenshot - {}
RESULT: {}
COMMAND: POST /session/f31953e55de2d70fb971a65264fe9e98/execute/sync - {"script":"<script> [56 bytes]","args":[{"element-6066-11e4-a52e-4f735466cecf":"f.64D82B69FC2678D0F29344912A345B1C.d.53E2B38201050DC035FC8D577BF6B57B.e.12455","ELEMENT":"f.64D82B69FC2678D0F29344912A345B1C.d.53E2B38201050DC035FC8D577BF6B57B.e.12455"}]}
RESULT: {"script":"<script> [56 bytes]","args":[{"element-6066-11e4-a52e-4f735466cecf":"f.64D82B69FC2678D0F29344912A345B1C.d.53E2B38201050DC035FC8D577BF6B57B.e.12455","ELEMENT":"f.64D82B69FC2678D0F29344912A345B1C.d.53E2B38201050DC035FC8D577BF6B57B.e.12455"}]}
COMMAND: GET /session/f31953e55de2d70fb971a65264fe9e98/screenshot - {}
RESULT: {}
COMMAND: POST /session/f31953e55de2d70fb971a65264fe9e98/execute/sync - {"script":"<script> [56 bytes]","args":[{"element-6066-11e4-a52e-4f735466cecf":"f.64D82B69FC2678D0F29344912A345B1C.d.53E2B38201050DC035FC8D577BF6B57B.e.12455","ELEMENT":"f.64D82B69FC2678D0F29344912A345B1C.d.53E2B38201050DC035FC8D577BF6B57B.e.12455"}]}
RESULT: {"script":"<script> [56 bytes]","args":[{"element-6066-11e4-a52e-4f735466cecf":"f.64D82B69FC2678D0F29344912A345B1C.d.53E2B38201050DC035FC8D577BF6B57B.e.12455","ELEMENT":"f.64D82B69FC2678D0F29344912A345B1C.d.53E2B38201050DC035FC8D577BF6B57B.e.12455"}]}
COMMAND: GET /session/f31953e55de2d70fb971a65264fe9e98/screenshot - {}
RESULT: {}
COMMAND: POST /session/f31953e55de2d70fb971a65264fe9e98/execute/sync - {"script":"<script> [56 bytes]","args":[{"element-6066-11e4-a52e-4f735466cecf":"f.64D82B69FC2678D0F29344912A345B1C.d.53E2B38201050DC035FC8D577BF6B57B.e.12455","ELEMENT":"f.64D82B69FC2678D0F29344912A345B1C.d.53E2B38201050DC035FC8D577BF6B57B.e.12455"}]}
RESULT: {"script":"<script> [56 bytes]","args":[{"element-6066-11e4-a52e-4f735466cecf":"f.64D82B69FC2678D0F29344912A345B1C.d.53E2B38201050DC035FC8D577BF6B57B.e.12455","ELEMENT":"f.64D82B69FC2678D0F29344912A345B1C.d.53E2B38201050DC035FC8D577BF6B57B.e.12455"}]}
COMMAND: GET /session/f31953e55de2d70fb971a65264fe9e98/screenshot - {}
RESULT: {}
COMMAND: POST /session/f31953e55de2d70fb971a65264fe9e98/execute/sync - {"script":"<script> [56 bytes]","args":[{"element-6066-11e4-a52e-4f735466cecf":"f.64D82B69FC2678D0F29344912A345B1C.d.53E2B38201050DC035FC8D577BF6B57B.e.12455","ELEMENT":"f.64D82B69FC2678D0F29344912A345B1C.d.53E2B38201050DC035FC8D577BF6B57B.e.12455"}]}
RESULT: {"script":"<script> [56 bytes]","args":[{"element-6066-11e4-a52e-4f735466cecf":"f.64D82B69FC2678D0F29344912A345B1C.d.53E2B38201050DC035FC8D577BF6B57B.e.12455","ELEMENT":"f.64D82B69FC2678D0F29344912A345B1C.d.53E2B38201050DC035FC8D577BF6B57B.e.12455"}]}
COMMAND: GET /session/f31953e55de2d70fb971a65264fe9e98/screenshot - {}
RESULT: {}
COMMAND: POST /session/f31953e55de2d70fb971a65264fe9e98/execute/sync - {"script":"<script> [56 bytes]","args":[{"element-6066-11e4-a52e-4f735466cecf":"f.64D82B69FC2678D0F29344912A345B1C.d.53E2B38201050DC035FC8D577BF6B57B.e.12455","ELEMENT":"f.64D82B69FC2678D0F29344912A345B1C.d.53E2B38201050DC035FC8D577BF6B57B.e.12455"}]}
RESULT: {"script":"<script> [56 bytes]","args":[{"element-6066-11e4-a52e-4f735466cecf":"f.64D82B69FC2678D0F29344912A345B1C.d.53E2B38201050DC035FC8D577BF6B57B.e.12455","ELEMENT":"f.64D82B69FC2678D0F29344912A345B1C.d.53E2B38201050DC035FC8D577BF6B57B.e.12455"}]}
COMMAND: GET /session/f31953e55de2d70fb971a65264fe9e98/screenshot - {}
RESULT: {}
COMMAND: POST /session/f31953e55de2d70fb971a65264fe9e98/execute/sync - {"script":"<script> [56 bytes]","args":[{"element-6066-11e4-a52e-4f735466cecf":"f.64D82B69FC2678D0F29344912A345B1C.d.53E2B38201050DC035FC8D577BF6B57B.e.12455","ELEMENT":"f.64D82B69FC2678D0F29344912A345B1C.d.53E2B38201050DC035FC8D577BF6B57B.e.12455"}]}
RESULT: {"script":"<script> [56 bytes]","args":[{"element-6066-11e4-a52e-4f735466cecf":"f.64D82B69FC2678D0F29344912A345B1C.d.53E2B38201050DC035FC8D577BF6B57B.e.12455","ELEMENT":"f.64D82B69FC2678D0F29344912A345B1C.d.53E2B38201050DC035FC8D577BF6B57B.e.12455"}]}
COMMAND: GET /session/f31953e55de2d70fb971a65264fe9e98/screenshot - {}
RESULT: {}
COMMAND: POST /session/f31953e55de2d70fb971a65264fe9e98/execute/sync - {"script":"<script> [56 bytes]","args":[{"element-6066-11e4-a52e-4f735466cecf":"f.64D82B69FC2678D0F29344912A345B1C.d.53E2B38201050DC035FC8D577BF6B57B.e.12455","ELEMENT":"f.64D82B69FC2678D0F29344912A345B1C.d.53E2B38201050DC035FC8D577BF6B57B.e.12455"}]}
RESULT: {"script":"<script> [56 bytes]","args":[{"element-6066-11e4-a52e-4f735466cecf":"f.64D82B69FC2678D0F29344912A345B1C.d.53E2B38201050DC035FC8D577BF6B57B.e.12455","ELEMENT":"f.64D82B69FC2678D0F29344912A345B1C.d.53E2B38201050DC035FC8D577BF6B57B.e.12455"}]}
COMMAND: GET /session/f31953e55de2d70fb971a65264fe9e98/screenshot - {}
RESULT: {}
COMMAND: POST /session/f31953e55de2d70fb971a65264fe9e98/execute/sync - {"script":"<script> [56 bytes]","args":[{"element-6066-11e4-a52e-4f735466cecf":"f.64D82B69FC2678D0F29344912A345B1C.d.53E2B38201050DC035FC8D577BF6B57B.e.12455","ELEMENT":"f.64D82B69FC2678D0F29344912A345B1C.d.53E2B38201050DC035FC8D577BF6B57B.e.12455"}]}
RESULT: {"script":"<script> [56 bytes]","args":[{"element-6066-11e4-a52e-4f735466cecf":"f.64D82B69FC2678D0F29344912A345B1C.d.53E2B38201050DC035FC8D577BF6B57B.e.12455","ELEMENT":"f.64D82B69FC2678D0F29344912A345B1C.d.53E2B38201050DC035FC8D577BF6B57B.e.12455"}]}
COMMAND: GET /session/f31953e55de2d70fb971a65264fe9e98/screenshot - {}
RESULT: {}
COMMAND: POST /session/f31953e55de2d70fb971a65264fe9e98/execute/sync - {"script":"<script> [56 bytes]","args":[{"element-6066-11e4-a52e-4f735466cecf":"f.64D82B69FC2678D0F29344912A345B1C.d.53E2B38201050DC035FC8D577BF6B57B.e.12455","ELEMENT":"f.64D82B69FC2678D0F29344912A345B1C.d.53E2B38201050DC035FC8D577BF6B57B.e.12455"}]}
RESULT: {"script":"<script> [56 bytes]","args":[{"element-6066-11e4-a52e-4f735466cecf":"f.64D82B69FC2678D0F29344912A345B1C.d.53E2B38201050DC035FC8D577BF6B57B.e.12455","ELEMENT":"f.64D82B69FC2678D0F29344912A345B1C.d.53E2B38201050DC035FC8D577BF6B57B.e.12455"}]}
COMMAND: GET /session/f31953e55de2d70fb971a65264fe9e98/screenshot - {}
COMMAND: POST /session/f31953e55de2d70fb971a65264fe9e98/execute/sync - {"script":"<script> [56 bytes]","args":[{"element-6066-11e4-a52e-4f735466cecf":"f.64D82B69FC2678D0F29344912A345B1C.d.53E2B38201050DC035FC8D577BF6B57B.e.12455","ELEMENT":"f.64D82B69FC2678D0F29344912A345B1C.d.53E2B38201050DC035FC8D577BF6B57B.e.12455"}]}
RESULT: {}
RESULT: {"script":"<script> [56 bytes]","args":[{"element-6066-11e4-a52e-4f735466cecf":"f.64D82B69FC2678D0F29344912A345B1C.d.53E2B38201050DC035FC8D577BF6B57B.e.12455","ELEMENT":"f.64D82B69FC2678D0F29344912A345B1C.d.53E2B38201050DC035FC8D577BF6B57B.e.12455"}]}
COMMAND: POST /session/f31953e55de2d70fb971a65264fe9e98/element - {"using":"css selector","value":"#shell-header-logo"}
COMMAND: GET /session/f31953e55de2d70fb971a65264fe9e98/screenshot - {}
RESULT: {"using":"css selector","value":"#shell-header-logo"}
COMMAND: POST /session/f31953e55de2d70fb971a65264fe9e98/element/f.64D82B69FC2678D0F29344912A345B1C.d.53E2B38201050DC035FC8D577BF6B57B.e.12273/click - {}
RESULT: {}
RESULT: {}
COMMAND: GET /session/f31953e55de2d70fb971a65264fe9e98/screenshot - {}
RESULT: {}
COMMAND: POST /session/f31953e55de2d70fb971a65264fe9e98/element - {"using":"css selector","value":"#j_username"}
COMMAND: POST /session/f31953e55de2d70fb971a65264fe9e98/url - {"url":"https://qa-testing-00-live-etm-ui.cfapps.eu10-004.hana.ondemand.com/"}
RESULT: {"using":"css selector","value":"#j_username"}
COMMAND: POST /session/f31953e55de2d70fb971a65264fe9e98/element - {"using":"css selector","value":"#j_username"}
RESULT: {"url":"https://qa-testing-00-live-etm-ui.cfapps.eu10-004.hana.ondemand.com/"}
RESULT: undefined
COMMAND: GET /session/f31953e55de2d70fb971a65264fe9e98/screenshot - {}
RESULT: {"using":"css selector","value":"#j_username"}
COMMAND: POST /session/f31953e55de2d70fb971a65264fe9e98/element - {"using":"css selector","value":"#shell-header-logo"}
RESULT: {}
RESULT: {"using":"css selector","value":"#shell-header-logo"}
COMMAND: POST /session/f31953e55de2d70fb971a65264fe9e98/execute/sync - {"script":"<script> [8489 bytes]","args":[{"element-6066-11e4-a52e-4f735466cecf":"f.64D82B69FC2678D0F29344912A345B1C.d.5DF24F65B5103502FA4CAC2E80F24043.e.12491","ELEMENT":"f.64D82B69FC2678D0F29344912A345B1C.d.5DF24F65B5103502FA4CAC2E80F24043.e.12491"}]}
RESULT: {"script":"<script> [8489 bytes]","args":[{"element-6066-11e4-a52e-4f735466cecf":"f.64D82B69FC2678D0F29344912A345B1C.d.5DF24F65B5103502FA4CAC2E80F24043.e.12491","ELEMENT":"f.64D82B69FC2678D0F29344912A345B1C.d.5DF24F65B5103502FA4CAC2E80F24043.e.12491"}]}
COMMAND: POST /session/f31953e55de2d70fb971a65264fe9e98/element - {"using":"css selector","value":"#shell-header-logo"}
COMMAND: GET /session/f31953e55de2d70fb971a65264fe9e98/screenshot - {}
RESULT: {"using":"css selector","value":"#shell-header-logo"}
COMMAND: POST /session/f31953e55de2d70fb971a65264fe9e98/execute/sync - {"script":"<script> [8489 bytes]","args":[{"element-6066-11e4-a52e-4f735466cecf":"f.64D82B69FC2678D0F29344912A345B1C.d.5DF24F65B5103502FA4CAC2E80F24043.e.12491","ELEMENT":"f.64D82B69FC2678D0F29344912A345B1C.d.5DF24F65B5103502FA4CAC2E80F24043.e.12491"}]}
RESULT: {}
RESULT: {"script":"<script> [8489 bytes]","args":[{"element-6066-11e4-a52e-4f735466cecf":"f.64D82B69FC2678D0F29344912A345B1C.d.5DF24F65B5103502FA4CAC2E80F24043.e.12491","ELEMENT":"f.64D82B69FC2678D0F29344912A345B1C.d.5DF24F65B5103502FA4CAC2E80F24043.e.12491"}]}
COMMAND: POST /session/f31953e55de2d70fb971a65264fe9e98/execute/sync - {"script":"<script> [5351 bytes]","args":[{"element-6066-11e4-a52e-4f735466cecf":"f.64D82B69FC2678D0F29344912A345B1C.d.5DF24F65B5103502FA4CAC2E80F24043.e.12491","ELEMENT":"f.64D82B69FC2678D0F29344912A345B1C.d.5DF24F65B5103502FA4CAC2E80F24043.e.12491"}]}
COMMAND: GET /session/f31953e55de2d70fb971a65264fe9e98/screenshot - {}
RESULT: {"script":"<script> [5351 bytes]","args":[{"element-6066-11e4-a52e-4f735466cecf":"f.64D82B69FC2678D0F29344912A345B1C.d.5DF24F65B5103502FA4CAC2E80F24043.e.12491","ELEMENT":"f.64D82B69FC2678D0F29344912A345B1C.d.5DF24F65B5103502FA4CAC2E80F24043.e.12491"}]}
COMMAND: POST /session/f31953e55de2d70fb971a65264fe9e98/element - {"using":"css selector","value":"#shell-header-logo"}
COMMAND: GET /session/f31953e55de2d70fb971a65264fe9e98/screenshot - {}
RESULT: {}
RESULT: {"using":"css selector","value":"#shell-header-logo"}
COMMAND: POST /session/f31953e55de2d70fb971a65264fe9e98/element/f.64D82B69FC2678D0F29344912A345B1C.d.5DF24F65B5103502FA4CAC2E80F24043.e.12491/click - {}
RESULT: {}
RESULT: {}
COMMAND: GET /session/f31953e55de2d70fb971a65264fe9e98/screenshot - {}
RESULT: {}
COMMAND: POST /session/f31953e55de2d70fb971a65264fe9e98/execute/async - {"script":"<script> [189 bytes]","args":[]}
RESULT: {"script":"<script> [189 bytes]","args":[]}
COMMAND: POST /session/f31953e55de2d70fb971a65264fe9e98/execute/async - {"script":"<script> [123 bytes]","args":[]}
RESULT: {"script":"<script> [123 bytes]","args":[]}
COMMAND: POST /session/f31953e55de2d70fb971a65264fe9e98/timeouts - {"script":"<number>"}
RESULT: {"script":"<number>"}
COMMAND: GET /session/f31953e55de2d70fb971a65264fe9e98/timeouts - {}
RESULT: {}
RESULT: undefined
COMMAND: POST /session/f31953e55de2d70fb971a65264fe9e98/execute/async - {"script":"<script> [2676 bytes]","args":[]}
RESULT: {"script":"<script> [2676 bytes]","args":[]}
COMMAND: POST /session/f31953e55de2d70fb971a65264fe9e98/execute/async - {"script":"<script> [2342 bytes]","args":[{"protocol":"http","hostname":"0.0.0.0","path":"/","capabilities":{"browserName":"chrome","goog:chromeOptions":{"binary":"C:\\Program Files\\Google\\Chrome\\Application\\chrome.exe","args":["--start-maximized"]}},"logLevel":"warn","connectionRetryTimeout":120000,"connectionRetryCount":3,"logLevels":{},"enableDirectConnect":true,"strictSSL":true,"_":"65 more keys: [\"cacheDir\",\"port\",\"requestedCapabilities\",\"automationProtocol\",\"baseUrl\",\"waitforInterval\",\"waitforTimeout\",\"onReload\",\"beforeCommand\",\"afterCommand\",\"rootDir\",\"specs\",\"suites\",\"exclude\",\"groupLogsByTestSpec\",\"excludeDriverLogs\",\"bail\",\"framework\",\"reporters\",\"services\",\"maxInstances\",\"maxInstancesPerCapability\",\"injectGlobals\",\"filesToWatch\",\"execArgv\",\"runnerEnv\",\"runner\",\"shard\",\"specFileRetries\",\"specFileRetriesDelay\",\"specFileRetriesDeferred\",\"reporterSyncInterval\",\"reporterSyncTimeout\",\"cucumberFeaturesWithLineNumbers\",\"autoCompileOpts\",\"mochaOpts\",\"jasmineOpts\",\"cucumberOpts\",\"onPrepare\",\"onWorkerStart\",\"onWorkerEnd\",\"before\",\"beforeSession\",\"beforeSuite\",\"beforeHook\",\"beforeTest\",\"afterTest\",\"afterHook\",\"afterSuite\",\"afterSession\",\"after\",\"onComplete\",\"beforeAssertion\",\"afterAssertion\",\"beforeFeature\",\"beforeScenario\",\"beforeStep\",\"afterStep\",\"afterScenario\",\"afterFeature\",\"_\",\"suite\",\"$0\",\"ignoredWorkerServices\",\"wdi5\"]"}]}
RESULT: {"script":"<script> [2342 bytes]","args":[{"protocol":"http","hostname":"0.0.0.0","path":"/","capabilities":{"browserName":"chrome","goog:chromeOptions":{"binary":"C:\\Program Files\\Google\\Chrome\\Application\\chrome.exe","args":["--start-maximized"]}},"logLevel":"warn","connectionRetryTimeout":120000,"connectionRetryCount":3,"logLevels":{},"enableDirectConnect":true,"strictSSL":true,"_":"65 more keys: [\"cacheDir\",\"port\",\"requestedCapabilities\",\"automationProtocol\",\"baseUrl\",\"waitforInterval\",\"waitforTimeout\",\"onReload\",\"beforeCommand\",\"afterCommand\",\"rootDir\",\"specs\",\"suites\",\"exclude\",\"groupLogsByTestSpec\",\"excludeDriverLogs\",\"bail\",\"framework\",\"reporters\",\"services\",\"maxInstances\",\"maxInstancesPerCapability\",\"injectGlobals\",\"filesToWatch\",\"execArgv\",\"runnerEnv\",\"runner\",\"shard\",\"specFileRetries\",\"specFileRetriesDelay\",\"specFileRetriesDeferred\",\"reporterSyncInterval\",\"reporterSyncTimeout\",\"cucumberFeaturesWithLineNumbers\",\"autoCompileOpts\",\"mochaOpts\",\"jasmineOpts\",\"cucumberOpts\",\"onPrepare\",\"onWorkerStart\",\"onWorkerEnd\",\"before\",\"beforeSession\",\"beforeSuite\",\"beforeHook\",\"beforeTest\",\"afterTest\",\"afterHook\",\"afterSuite\",\"afterSession\",\"after\",\"onComplete\",\"beforeAssertion\",\"afterAssertion\",\"beforeFeature\",\"beforeScenario\",\"beforeStep\",\"afterStep\",\"afterScenario\",\"afterFeature\",\"_\",\"suite\",\"$0\",\"ignoredWorkerServices\",\"wdi5\"]"}]}
COMMAND: POST /session/f31953e55de2d70fb971a65264fe9e98/execute/async - {"script":"<script> [21126 bytes]","args":[35000]}
RESULT: {"script":"<script> [21126 bytes]","args":[35000]}
COMMAND: POST /session/f31953e55de2d70fb971a65264fe9e98/window/maximize - {}
RESULT: {}
COMMAND: POST /session/f31953e55de2d70fb971a65264fe9e98/execute/async - {"script":"<script> [1562 bytes]","args":[{"selector":{"id":"shell-header","interaction":{"idSuffix":"icon"}},"wdio_ui5_key":"shellheader"}]}
COMMAND: GET /session/f31953e55de2d70fb971a65264fe9e98/screenshot - {}
RESULT: {"script":"<script> [1562 bytes]","args":[{"selector":{"id":"shell-header","interaction":{"idSuffix":"icon"}},"wdio_ui5_key":"shellheader"}]}
RESULT: undefined
COMMAND: POST /session/f31953e55de2d70fb971a65264fe9e98/refresh - {}
RESULT: {}
RESULT: {}
COMMAND: GET /session/f31953e55de2d70fb971a65264fe9e98/screenshot - {}
RESULT: {}
COMMAND: POST /session/f31953e55de2d70fb971a65264fe9e98/refresh - {}
RESULT: {}
COMMAND: GET /session/f31953e55de2d70fb971a65264fe9e98/screenshot - {}
RESULT: {}
COMMAND: POST /session/f31953e55de2d70fb971a65264fe9e98/window/fullscreen - {}
RESULT: {}
COMMAND: POST /session/f31953e55de2d70fb971a65264fe9e98/execute/async - {"script":"<script> [189 bytes]","args":[]}
RESULT: {"script":"<script> [189 bytes]","args":[]}
COMMAND: POST /session/f31953e55de2d70fb971a65264fe9e98/execute/async - {"script":"<script> [123 bytes]","args":[]}
RESULT: {"script":"<script> [123 bytes]","args":[]}
COMMAND: POST /session/f31953e55de2d70fb971a65264fe9e98/timeouts - {"script":"<number>"}
RESULT: {"script":"<number>"}
COMMAND: GET /session/f31953e55de2d70fb971a65264fe9e98/timeouts - {}
RESULT: {}
RESULT: undefined
COMMAND: POST /session/f31953e55de2d70fb971a65264fe9e98/execute/async - {"script":"<script> [2676 bytes]","args":[]}
RESULT: {"script":"<script> [2676 bytes]","args":[]}
COMMAND: POST /session/f31953e55de2d70fb971a65264fe9e98/execute/async - {"script":"<script> [2342 bytes]","args":[{"protocol":"http","hostname":"0.0.0.0","path":"/","capabilities":{"browserName":"chrome","goog:chromeOptions":{"binary":"C:\\Program Files\\Google\\Chrome\\Application\\chrome.exe","args":["--start-maximized"]}},"logLevel":"warn","connectionRetryTimeout":120000,"connectionRetryCount":3,"logLevels":{},"enableDirectConnect":true,"strictSSL":true,"_":"65 more keys: [\"cacheDir\",\"port\",\"requestedCapabilities\",\"automationProtocol\",\"baseUrl\",\"waitforInterval\",\"waitforTimeout\",\"onReload\",\"beforeCommand\",\"afterCommand\",\"rootDir\",\"specs\",\"suites\",\"exclude\",\"groupLogsByTestSpec\",\"excludeDriverLogs\",\"bail\",\"framework\",\"reporters\",\"services\",\"maxInstances\",\"maxInstancesPerCapability\",\"injectGlobals\",\"filesToWatch\",\"execArgv\",\"runnerEnv\",\"runner\",\"shard\",\"specFileRetries\",\"specFileRetriesDelay\",\"specFileRetriesDeferred\",\"reporterSyncInterval\",\"reporterSyncTimeout\",\"cucumberFeaturesWithLineNumbers\",\"autoCompileOpts\",\"mochaOpts\",\"jasmineOpts\",\"cucumberOpts\",\"onPrepare\",\"onWorkerStart\",\"onWorkerEnd\",\"before\",\"beforeSession\",\"beforeSuite\",\"beforeHook\",\"beforeTest\",\"afterTest\",\"afterHook\",\"afterSuite\",\"afterSession\",\"after\",\"onComplete\",\"beforeAssertion\",\"afterAssertion\",\"beforeFeature\",\"beforeScenario\",\"beforeStep\",\"afterStep\",\"afterScenario\",\"afterFeature\",\"_\",\"suite\",\"$0\",\"ignoredWorkerServices\",\"wdi5\"]"}]}
RESULT: {"script":"<script> [2342 bytes]","args":[{"protocol":"http","hostname":"0.0.0.0","path":"/","capabilities":{"browserName":"chrome","goog:chromeOptions":{"binary":"C:\\Program Files\\Google\\Chrome\\Application\\chrome.exe","args":["--start-maximized"]}},"logLevel":"warn","connectionRetryTimeout":120000,"connectionRetryCount":3,"logLevels":{},"enableDirectConnect":true,"strictSSL":true,"_":"65 more keys: [\"cacheDir\",\"port\",\"requestedCapabilities\",\"automationProtocol\",\"baseUrl\",\"waitforInterval\",\"waitforTimeout\",\"onReload\",\"beforeCommand\",\"afterCommand\",\"rootDir\",\"specs\",\"suites\",\"exclude\",\"groupLogsByTestSpec\",\"excludeDriverLogs\",\"bail\",\"framework\",\"reporters\",\"services\",\"maxInstances\",\"maxInstancesPerCapability\",\"injectGlobals\",\"filesToWatch\",\"execArgv\",\"runnerEnv\",\"runner\",\"shard\",\"specFileRetries\",\"specFileRetriesDelay\",\"specFileRetriesDeferred\",\"reporterSyncInterval\",\"reporterSyncTimeout\",\"cucumberFeaturesWithLineNumbers\",\"autoCompileOpts\",\"mochaOpts\",\"jasmineOpts\",\"cucumberOpts\",\"onPrepare\",\"onWorkerStart\",\"onWorkerEnd\",\"before\",\"beforeSession\",\"beforeSuite\",\"beforeHook\",\"beforeTest\",\"afterTest\",\"afterHook\",\"afterSuite\",\"afterSession\",\"after\",\"onComplete\",\"beforeAssertion\",\"afterAssertion\",\"beforeFeature\",\"beforeScenario\",\"beforeStep\",\"afterStep\",\"afterScenario\",\"afterFeature\",\"_\",\"suite\",\"$0\",\"ignoredWorkerServices\",\"wdi5\"]"}]}
COMMAND: POST /session/f31953e55de2d70fb971a65264fe9e98/execute/async - {"script":"<script> [21126 bytes]","args":[35000]}
RESULT: {"script":"<script> [21126 bytes]","args":[35000]}
]]></system-out>
    </testcase>
  </testsuite>
  <testsuite timestamp="2025-05-20T18:01:59" time="774.181" tests="12" failures="0" errors="0" skipped="0">
    <properties>
      <property name="specId" value="0" />
      <property name="suiteName" value="Billing transfer US117289" />
      <property name="capabilities" value="chrome.136_0_7103_93.windows" />
      <property name="file" value="file:///D:/a/1/s/test/specs/BTS/billing-transfer.spec.js" />
    </properties>
    <testcase classname="chrome.136_0_7103_93.windows.Billing_transfer_US117289" name="Should create a new yard" time="0.013">
      <system-out><![CDATA[
COMMAND: POST /session/f31953e55de2d70fb971a65264fe9e98/window/fullscreen - {}
RESULT: {}
]]></system-out>
    </testcase>
    <testcase classname="chrome.136_0_7103_93.windows.Billing_transfer_US117289" name="Should create a new partner" time="0.004" />
    <testcase classname="chrome.136_0_7103_93.windows.Billing_transfer_US117289" name="Should create a new site" time="0.004" />
    <testcase classname="chrome.136_0_7103_93.windows.Billing_transfer_US117289" name="Should create a new equipment" time="140.003">
      <system-out><![CDATA[
COMMAND: POST /session/f31953e55de2d70fb971a65264fe9e98/execute/async - {"script":"<script> [1562 bytes]","args":[{"selector":{"controlType":"sap.m.GenericTile","properties":{"header":"Manage Resources"}},"wdio_ui5_key":"sapm.GenericTile{\"header\":\"Manage Resources\"}"}]}
RESULT: {"script":"<script> [1562 bytes]","args":[{"selector":{"controlType":"sap.m.GenericTile","properties":{"header":"Manage Resources"}},"wdio_ui5_key":"sapm.GenericTile{\"header\":\"Manage Resources\"}"}]}
RESULT: undefined
COMMAND: POST /session/f31953e55de2d70fb971a65264fe9e98/element - {"using":"xpath","value":"//*[@id=\"__tile39\"]"}
RESULT: {"using":"xpath","value":"//*[@id=\"__tile39\"]"}
COMMAND: POST /session/f31953e55de2d70fb971a65264fe9e98/element/f.64D82B69FC2678D0F29344912A345B1C.d.00A53BD621C1FA83AC07F989E85CCA97.e.12643/click - {}
RESULT: {}
COMMAND: GET /session/f31953e55de2d70fb971a65264fe9e98/screenshot - {}
RESULT: {}
COMMAND: POST /session/f31953e55de2d70fb971a65264fe9e98/elements - {"using":"xpath","value":"//span[text()='Error']"}
RESULT: {"using":"xpath","value":"//span[text()='Error']"}
COMMAND: POST /session/f31953e55de2d70fb971a65264fe9e98/element - {"using":"xpath","value":"//button[@data-kt=\"addNewRUOverflowToolbarButton\"]"}
RESULT: {"using":"xpath","value":"//button[@data-kt=\"addNewRUOverflowToolbarButton\"]"}
COMMAND: POST /session/f31953e55de2d70fb971a65264fe9e98/elements - {"using":"xpath","value":"//button[@data-kt=\"addNewRUOverflowToolbarButton\"]"}
RESULT: {"using":"xpath","value":"//button[@data-kt=\"addNewRUOverflowToolbarButton\"]"}
COMMAND: POST /session/f31953e55de2d70fb971a65264fe9e98/elements - {"using":"xpath","value":"//button[@data-kt=\"addNewRUOverflowToolbarButton\"]"}
RESULT: {"using":"xpath","value":"//button[@data-kt=\"addNewRUOverflowToolbarButton\"]"}
COMMAND: POST /session/f31953e55de2d70fb971a65264fe9e98/elements - {"using":"xpath","value":"//button[@data-kt=\"addNewRUOverflowToolbarButton\"]"}
RESULT: {"using":"xpath","value":"//button[@data-kt=\"addNewRUOverflowToolbarButton\"]"}
COMMAND: POST /session/f31953e55de2d70fb971a65264fe9e98/element - {"using":"xpath","value":"//button[@data-kt=\"addNewRUOverflowToolbarButton\"]"}
RESULT: {"using":"xpath","value":"//button[@data-kt=\"addNewRUOverflowToolbarButton\"]"}
COMMAND: POST /session/f31953e55de2d70fb971a65264fe9e98/execute/sync - {"script":"<script> [8489 bytes]","args":[{"element-6066-11e4-a52e-4f735466cecf":"f.64D82B69FC2678D0F29344912A345B1C.d.00A53BD621C1FA83AC07F989E85CCA97.e.12798","ELEMENT":"f.64D82B69FC2678D0F29344912A345B1C.d.00A53BD621C1FA83AC07F989E85CCA97.e.12798"}]}
RESULT: {"script":"<script> [8489 bytes]","args":[{"element-6066-11e4-a52e-4f735466cecf":"f.64D82B69FC2678D0F29344912A345B1C.d.00A53BD621C1FA83AC07F989E85CCA97.e.12798","ELEMENT":"f.64D82B69FC2678D0F29344912A345B1C.d.00A53BD621C1FA83AC07F989E85CCA97.e.12798"}]}
COMMAND: GET /session/f31953e55de2d70fb971a65264fe9e98/element/f.64D82B69FC2678D0F29344912A345B1C.d.00A53BD621C1FA83AC07F989E85CCA97.e.12798/enabled - {}
COMMAND: GET /session/f31953e55de2d70fb971a65264fe9e98/screenshot - {}
RESULT: {}
COMMAND: POST /session/f31953e55de2d70fb971a65264fe9e98/execute/sync - {"script":"<script> [8489 bytes]","args":[{"element-6066-11e4-a52e-4f735466cecf":"f.64D82B69FC2678D0F29344912A345B1C.d.00A53BD621C1FA83AC07F989E85CCA97.e.12798","ELEMENT":"f.64D82B69FC2678D0F29344912A345B1C.d.00A53BD621C1FA83AC07F989E85CCA97.e.12798"}]}
COMMAND: GET /session/f31953e55de2d70fb971a65264fe9e98/screenshot - {}
RESULT: {}
RESULT: {"script":"<script> [8489 bytes]","args":[{"element-6066-11e4-a52e-4f735466cecf":"f.64D82B69FC2678D0F29344912A345B1C.d.00A53BD621C1FA83AC07F989E85CCA97.e.12798","ELEMENT":"f.64D82B69FC2678D0F29344912A345B1C.d.00A53BD621C1FA83AC07F989E85CCA97.e.12798"}]}
COMMAND: POST /session/f31953e55de2d70fb971a65264fe9e98/execute/sync - {"script":"<script> [5351 bytes]","args":[{"element-6066-11e4-a52e-4f735466cecf":"f.64D82B69FC2678D0F29344912A345B1C.d.00A53BD621C1FA83AC07F989E85CCA97.e.12798","ELEMENT":"f.64D82B69FC2678D0F29344912A345B1C.d.00A53BD621C1FA83AC07F989E85CCA97.e.12798"}]}
COMMAND: GET /session/f31953e55de2d70fb971a65264fe9e98/screenshot - {}
RESULT: {}
RESULT: {"script":"<script> [5351 bytes]","args":[{"element-6066-11e4-a52e-4f735466cecf":"f.64D82B69FC2678D0F29344912A345B1C.d.00A53BD621C1FA83AC07F989E85CCA97.e.12798","ELEMENT":"f.64D82B69FC2678D0F29344912A345B1C.d.00A53BD621C1FA83AC07F989E85CCA97.e.12798"}]}
COMMAND: POST /session/f31953e55de2d70fb971a65264fe9e98/element/f.64D82B69FC2678D0F29344912A345B1C.d.00A53BD621C1FA83AC07F989E85CCA97.e.12798/click - {}
COMMAND: GET /session/f31953e55de2d70fb971a65264fe9e98/screenshot - {}
RESULT: {}
RESULT: {}
COMMAND: GET /session/f31953e55de2d70fb971a65264fe9e98/screenshot - {}
RESULT: {}
RESULT: {}
COMMAND: POST /session/f31953e55de2d70fb971a65264fe9e98/execute/async - {"script":"<script> [1562 bytes]","args":[{"selector":{"id":"application-manageresources-display-component---newResourceUnit--TYPE-arrow"},"wdio_ui5_key":"applicationmanageresources-display-component---newResourceUnit--TYPE-arrow"}]}
RESULT: {"script":"<script> [1562 bytes]","args":[{"selector":{"id":"application-manageresources-display-component---newResourceUnit--TYPE-arrow"},"wdio_ui5_key":"applicationmanageresources-display-component---newResourceUnit--TYPE-arrow"}]}
RESULT: undefined
COMMAND: POST /session/f31953e55de2d70fb971a65264fe9e98/element - {"using":"xpath","value":"//*[@id=\"application-manageresources-display-component---newResourceUnit--TYPE-arrow\"]"}
RESULT: {"using":"xpath","value":"//*[@id=\"application-manageresources-display-component---newResourceUnit--TYPE-arrow\"]"}
COMMAND: POST /session/f31953e55de2d70fb971a65264fe9e98/element/f.64D82B69FC2678D0F29344912A345B1C.d.00A53BD621C1FA83AC07F989E85CCA97.e.13144/click - {}
RESULT: {}
COMMAND: POST /session/f31953e55de2d70fb971a65264fe9e98/element - {"using":"xpath","value":"//input[@id=\"application-manageresources-display-component---newResourceUnit--TYPE-inner\"]"}
COMMAND: GET /session/f31953e55de2d70fb971a65264fe9e98/screenshot - {}
RESULT: {"using":"xpath","value":"//input[@id=\"application-manageresources-display-component---newResourceUnit--TYPE-inner\"]"}
COMMAND: POST /session/f31953e55de2d70fb971a65264fe9e98/element/f.64D82B69FC2678D0F29344912A345B1C.d.00A53BD621C1FA83AC07F989E85CCA97.e.13139/clear - {}
RESULT: {}
RESULT: {}
COMMAND: POST /session/f31953e55de2d70fb971a65264fe9e98/element/f.64D82B69FC2678D0F29344912A345B1C.d.00A53BD621C1FA83AC07F989E85CCA97.e.13139/value - {"text":"Equipment"}
COMMAND: GET /session/f31953e55de2d70fb971a65264fe9e98/screenshot - {}
RESULT: {"text":"Equipment"}
COMMAND: GET /session/f31953e55de2d70fb971a65264fe9e98/screenshot - {}
RESULT: {}
RESULT: {}
COMMAND: POST /session/f31953e55de2d70fb971a65264fe9e98/actions - {"actions":[{"id":"action46","type":"key","parameters":{},"actions":[{"type":"keyDown","value":"î€‡"},{"type":"pause","duration":10},{"type":"keyUp","value":"î€‡"}]}]}
RESULT: {"actions":[{"id":"action46","type":"key","parameters":{},"actions":[{"type":"keyDown","value":"î€‡"},{"type":"pause","duration":10},{"type":"keyUp","value":"î€‡"}]}]}
COMMAND: POST /session/f31953e55de2d70fb971a65264fe9e98/execute/async - {"script":"<script> [1562 bytes]","args":[{"selector":{"id":"application-manageresources-display-component---newResourceUnit--resourceId","interaction":{"idSuffix":"inner"}},"wdio_ui5_key":"applicationmanageresources-display-component---newResourceUnit--resourceId"}]}
COMMAND: GET /session/f31953e55de2d70fb971a65264fe9e98/screenshot - {}
RESULT: {"script":"<script> [1562 bytes]","args":[{"selector":{"id":"application-manageresources-display-component---newResourceUnit--resourceId","interaction":{"idSuffix":"inner"}},"wdio_ui5_key":"applicationmanageresources-display-component---newResourceUnit--resourceId"}]}
RESULT: undefined
COMMAND: POST /session/f31953e55de2d70fb971a65264fe9e98/execute/async - {"script":"<script> [776 bytes]","args":[{"enterText":"dCjv0YJdLD","selector":{"id":"application-manageresources-display-component---newResourceUnit--resourceId","interaction":{"idSuffix":"inner"}},"clearTextFirst":true,"interactionType":"ENTER_TEXT"}]}
RESULT: {}
RESULT: {"script":"<script> [776 bytes]","args":[{"enterText":"dCjv0YJdLD","selector":{"id":"application-manageresources-display-component---newResourceUnit--resourceId","interaction":{"idSuffix":"inner"}},"clearTextFirst":true,"interactionType":"ENTER_TEXT"}]}
COMMAND: POST /session/f31953e55de2d70fb971a65264fe9e98/execute/async - {"script":"<script> [1562 bytes]","args":[{"selector":{"id":"application-manageresources-display-component---newResourceUnit--SHORT_TEXT","interaction":{"idSuffix":"inner"}},"wdio_ui5_key":"applicationmanageresources-display-component---newResourceUnit--SHORT_TEXT"}]}
RESULT: {"script":"<script> [1562 bytes]","args":[{"selector":{"id":"application-manageresources-display-component---newResourceUnit--SHORT_TEXT","interaction":{"idSuffix":"inner"}},"wdio_ui5_key":"applicationmanageresources-display-component---newResourceUnit--SHORT_TEXT"}]}
RESULT: undefined
COMMAND: POST /session/f31953e55de2d70fb971a65264fe9e98/execute/async - {"script":"<script> [776 bytes]","args":[{"enterText":"Intercompany Equipment WDIO","selector":{"id":"application-manageresources-display-component---newResourceUnit--SHORT_TEXT","interaction":{"idSuffix":"inner"}},"clearTextFirst":true,"interactionType":"ENTER_TEXT"}]}
RESULT: {"script":"<script> [776 bytes]","args":[{"enterText":"Intercompany Equipment WDIO","selector":{"id":"application-manageresources-display-component---newResourceUnit--SHORT_TEXT","interaction":{"idSuffix":"inner"}},"clearTextFirst":true,"interactionType":"ENTER_TEXT"}]}
COMMAND: POST /session/f31953e55de2d70fb971a65264fe9e98/execute/async - {"script":"<script> [1562 bytes]","args":[{"selector":{"id":"application-manageresources-display-component---newResourceUnit--BASE_UNIT_OF_MEASURE","interaction":{"idSuffix":"inner"}},"wdio_ui5_key":"applicationmanageresources-display-component---newResourceUnit--BASE_UNIT_OF_MEASURE"}]}
RESULT: {"script":"<script> [1562 bytes]","args":[{"selector":{"id":"application-manageresources-display-component---newResourceUnit--BASE_UNIT_OF_MEASURE","interaction":{"idSuffix":"inner"}},"wdio_ui5_key":"applicationmanageresources-display-component---newResourceUnit--BASE_UNIT_OF_MEASURE"}]}
RESULT: undefined
COMMAND: POST /session/f31953e55de2d70fb971a65264fe9e98/execute/async - {"script":"<script> [776 bytes]","args":[{"enterText":"Piece","selector":{"id":"application-manageresources-display-component---newResourceUnit--BASE_UNIT_OF_MEASURE","interaction":{"idSuffix":"inner"}},"clearTextFirst":true,"interactionType":"ENTER_TEXT"}]}
RESULT: {"script":"<script> [776 bytes]","args":[{"enterText":"Piece","selector":{"id":"application-manageresources-display-component---newResourceUnit--BASE_UNIT_OF_MEASURE","interaction":{"idSuffix":"inner"}},"clearTextFirst":true,"interactionType":"ENTER_TEXT"}]}
COMMAND: POST /session/f31953e55de2d70fb971a65264fe9e98/execute/async - {"script":"<script> [1562 bytes]","args":[{"selector":{"id":"application-manageresources-display-component---newResourceUnit--WEIGHT_UNIT","interaction":{"idSuffix":"inner"}},"wdio_ui5_key":"applicationmanageresources-display-component---newResourceUnit--WEIGHT_UNIT"}]}
RESULT: {"script":"<script> [1562 bytes]","args":[{"selector":{"id":"application-manageresources-display-component---newResourceUnit--WEIGHT_UNIT","interaction":{"idSuffix":"inner"}},"wdio_ui5_key":"applicationmanageresources-display-component---newResourceUnit--WEIGHT_UNIT"}]}
RESULT: undefined
COMMAND: POST /session/f31953e55de2d70fb971a65264fe9e98/execute/async - {"script":"<script> [776 bytes]","args":[{"enterText":"Gram","selector":{"id":"application-manageresources-display-component---newResourceUnit--WEIGHT_UNIT","interaction":{"idSuffix":"inner"}},"clearTextFirst":true,"interactionType":"ENTER_TEXT"}]}
RESULT: {"script":"<script> [776 bytes]","args":[{"enterText":"Gram","selector":{"id":"application-manageresources-display-component---newResourceUnit--WEIGHT_UNIT","interaction":{"idSuffix":"inner"}},"clearTextFirst":true,"interactionType":"ENTER_TEXT"}]}
COMMAND: POST /session/f31953e55de2d70fb971a65264fe9e98/execute/async - {"script":"<script> [1562 bytes]","args":[{"selector":{"id":"application-manageresources-display-component---newResourceUnit--DIMENSION_UNIT","interaction":{"idSuffix":"inner"}},"wdio_ui5_key":"applicationmanageresources-display-component---newResourceUnit--DIMENSION_UNIT"}]}
RESULT: {"script":"<script> [1562 bytes]","args":[{"selector":{"id":"application-manageresources-display-component---newResourceUnit--DIMENSION_UNIT","interaction":{"idSuffix":"inner"}},"wdio_ui5_key":"applicationmanageresources-display-component---newResourceUnit--DIMENSION_UNIT"}]}
RESULT: undefined
COMMAND: POST /session/f31953e55de2d70fb971a65264fe9e98/execute/async - {"script":"<script> [776 bytes]","args":[{"enterText":"Meter","selector":{"id":"application-manageresources-display-component---newResourceUnit--DIMENSION_UNIT","interaction":{"idSuffix":"inner"}},"clearTextFirst":true,"interactionType":"ENTER_TEXT"}]}
RESULT: {"script":"<script> [776 bytes]","args":[{"enterText":"Meter","selector":{"id":"application-manageresources-display-component---newResourceUnit--DIMENSION_UNIT","interaction":{"idSuffix":"inner"}},"clearTextFirst":true,"interactionType":"ENTER_TEXT"}]}
COMMAND: POST /session/f31953e55de2d70fb971a65264fe9e98/execute/async - {"script":"<script> [1562 bytes]","args":[{"selector":{"id":"application-manageresources-display-component---newResourceUnit--newRRUPage-anchBar-application-manageresources-display-component---newResourceUnit--control-anchor","interaction":{"idSuffix":"BDI-content"}},"wdio_ui5_key":"applicationmanageresources-display-component---newResourceUnit--newRRUPage-anchBar-application-manageresources-display-component---newResourceUnit--control-anchor"}]}
RESULT: {"script":"<script> [1562 bytes]","args":[{"selector":{"id":"application-manageresources-display-component---newResourceUnit--newRRUPage-anchBar-application-manageresources-display-component---newResourceUnit--control-anchor","interaction":{"idSuffix":"BDI-content"}},"wdio_ui5_key":"applicationmanageresources-display-component---newResourceUnit--newRRUPage-anchBar-application-manageresources-display-component---newResourceUnit--control-anchor"}]}
RESULT: undefined
COMMAND: POST /session/f31953e55de2d70fb971a65264fe9e98/element - {"using":"xpath","value":"//*[@id=\"application-manageresources-display-component---newResourceUnit--newRRUPage-anchBar-application-manageresources-display-component---newResourceUnit--control-anchor\"]"}
RESULT: {"using":"xpath","value":"//*[@id=\"application-manageresources-display-component---newResourceUnit--newRRUPage-anchBar-application-manageresources-display-component---newResourceUnit--control-anchor\"]"}
COMMAND: POST /session/f31953e55de2d70fb971a65264fe9e98/element/f.64D82B69FC2678D0F29344912A345B1C.d.00A53BD621C1FA83AC07F989E85CCA97.e.13276/click - {}
RESULT: {}
COMMAND: POST /session/f31953e55de2d70fb971a65264fe9e98/execute/async - {"script":"<script> [1562 bytes]","args":[{"selector":{"id":"application-manageresources-display-component---newResourceUnit--PLANNING_GROUP","interaction":{"idSuffix":"inner"}},"wdio_ui5_key":"applicationmanageresources-display-component---newResourceUnit--PLANNING_GROUP"}]}
COMMAND: GET /session/f31953e55de2d70fb971a65264fe9e98/screenshot - {}
RESULT: {"script":"<script> [1562 bytes]","args":[{"selector":{"id":"application-manageresources-display-component---newResourceUnit--PLANNING_GROUP","interaction":{"idSuffix":"inner"}},"wdio_ui5_key":"applicationmanageresources-display-component---newResourceUnit--PLANNING_GROUP"}]}
RESULT: undefined
COMMAND: POST /session/f31953e55de2d70fb971a65264fe9e98/execute/async - {"script":"<script> [776 bytes]","args":[{"enterText":"Heavy Equi","selector":{"id":"application-manageresources-display-component---newResourceUnit--PLANNING_GROUP","interaction":{"idSuffix":"inner"}},"clearTextFirst":true,"interactionType":"ENTER_TEXT"}]}
RESULT: {}
RESULT: {"script":"<script> [776 bytes]","args":[{"enterText":"Heavy Equi","selector":{"id":"application-manageresources-display-component---newResourceUnit--PLANNING_GROUP","interaction":{"idSuffix":"inner"}},"clearTextFirst":true,"interactionType":"ENTER_TEXT"}]}
COMMAND: POST /session/f31953e55de2d70fb971a65264fe9e98/execute/async - {"script":"<script> [1562 bytes]","args":[{"selector":{"id":"application-manageresources-display-component---newResourceUnit--ITEM_TYPE-arrow"},"wdio_ui5_key":"applicationmanageresources-display-component---newResourceUnit--ITEM_TYPE-arrow"}]}
RESULT: {"script":"<script> [1562 bytes]","args":[{"selector":{"id":"application-manageresources-display-component---newResourceUnit--ITEM_TYPE-arrow"},"wdio_ui5_key":"applicationmanageresources-display-component---newResourceUnit--ITEM_TYPE-arrow"}]}
RESULT: undefined
COMMAND: POST /session/f31953e55de2d70fb971a65264fe9e98/element - {"using":"xpath","value":"//*[@id=\"application-manageresources-display-component---newResourceUnit--ITEM_TYPE-arrow\"]"}
RESULT: {"using":"xpath","value":"//*[@id=\"application-manageresources-display-component---newResourceUnit--ITEM_TYPE-arrow\"]"}
COMMAND: POST /session/f31953e55de2d70fb971a65264fe9e98/element/f.64D82B69FC2678D0F29344912A345B1C.d.00A53BD621C1FA83AC07F989E85CCA97.e.13285/click - {}
RESULT: {}
COMMAND: POST /session/f31953e55de2d70fb971a65264fe9e98/element - {"using":"xpath","value":"(//span[contains(text(), \"Resource Unit\")])[2]"}
COMMAND: GET /session/f31953e55de2d70fb971a65264fe9e98/screenshot - {}
RESULT: {"using":"xpath","value":"(//span[contains(text(), \"Resource Unit\")])[2]"}
COMMAND: POST /session/f31953e55de2d70fb971a65264fe9e98/element/f.64D82B69FC2678D0F29344912A345B1C.d.00A53BD621C1FA83AC07F989E85CCA97.e.13286/click - {}
RESULT: {}
RESULT: {}
COMMAND: GET /session/f31953e55de2d70fb971a65264fe9e98/screenshot - {}
RESULT: {}
COMMAND: POST /session/f31953e55de2d70fb971a65264fe9e98/element - {"using":"css selector","value":"#application-manageresources-display-component---newResourceUnit--btnAddTimeSegment"}
RESULT: {"using":"css selector","value":"#application-manageresources-display-component---newResourceUnit--btnAddTimeSegment"}
COMMAND: GET /session/f31953e55de2d70fb971a65264fe9e98/element/f.64D82B69FC2678D0F29344912A345B1C.d.00A53BD621C1FA83AC07F989E85CCA97.e.13287/rect - {}
RESULT: {}
COMMAND: GET /session/f31953e55de2d70fb971a65264fe9e98/window/rect - {}
RESULT: {}
COMMAND: POST /session/f31953e55de2d70fb971a65264fe9e98/execute/sync - {"script":"<script> [92 bytes]","args":[]}
RESULT: {"script":"<script> [92 bytes]","args":[]}
COMMAND: POST /session/f31953e55de2d70fb971a65264fe9e98/actions - {"actions":[{"id":"action47","type":"wheel","parameters":{},"actions":[{"type":"scroll","x":-1888,"y":-32,"deltaX":0,"deltaY":0,"duration":0,"origin":{"element-6066-11e4-a52e-4f735466cecf":"f.64D82B69FC2678D0F29344912A345B1C.d.00A53BD621C1FA83AC07F989E85CCA97.e.13287"}}]}]}
COMMAND: GET /session/f31953e55de2d70fb971a65264fe9e98/screenshot - {}
RESULT: {}
COMMAND: POST /session/f31953e55de2d70fb971a65264fe9e98/execute/sync - {"script":"<script> [79 bytes]","args":[{"element-6066-11e4-a52e-4f735466cecf":"f.64D82B69FC2678D0F29344912A345B1C.d.00A53BD621C1FA83AC07F989E85CCA97.e.13287","ELEMENT":"f.64D82B69FC2678D0F29344912A345B1C.d.00A53BD621C1FA83AC07F989E85CCA97.e.13287"},{"block":"start","inline":"nearest"}]}
RESULT: {"script":"<script> [79 bytes]","args":[{"element-6066-11e4-a52e-4f735466cecf":"f.64D82B69FC2678D0F29344912A345B1C.d.00A53BD621C1FA83AC07F989E85CCA97.e.13287","ELEMENT":"f.64D82B69FC2678D0F29344912A345B1C.d.00A53BD621C1FA83AC07F989E85CCA97.e.13287"},{"block":"start","inline":"nearest"}]}
COMMAND: POST /session/f31953e55de2d70fb971a65264fe9e98/execute/async - {"script":"<script> [1562 bytes]","args":[{"selector":{"id":"application-manageresources-display-component---newResourceUnit--btnAddTimeSegment","interaction":{"idSuffix":"inner"}},"wdio_ui5_key":"applicationmanageresources-display-component---newResourceUnit--btnAddTimeSegment"}]}
COMMAND: GET /session/f31953e55de2d70fb971a65264fe9e98/screenshot - {}
RESULT: {"script":"<script> [1562 bytes]","args":[{"selector":{"id":"application-manageresources-display-component---newResourceUnit--btnAddTimeSegment","interaction":{"idSuffix":"inner"}},"wdio_ui5_key":"applicationmanageresources-display-component---newResourceUnit--btnAddTimeSegment"}]}
RESULT: undefined
COMMAND: POST /session/f31953e55de2d70fb971a65264fe9e98/element - {"using":"xpath","value":"//*[@id=\"application-manageresources-display-component---newResourceUnit--btnAddTimeSegment\"]"}
RESULT: {}
RESULT: {"using":"xpath","value":"//*[@id=\"application-manageresources-display-component---newResourceUnit--btnAddTimeSegment\"]"}
COMMAND: POST /session/f31953e55de2d70fb971a65264fe9e98/element/f.64D82B69FC2678D0F29344912A345B1C.d.00A53BD621C1FA83AC07F989E85CCA97.e.13287/click - {}
RESULT: {}
COMMAND: GET /session/f31953e55de2d70fb971a65264fe9e98/screenshot - {}
RESULT: {}
COMMAND: POST /session/f31953e55de2d70fb971a65264fe9e98/element - {"using":"xpath","value":"//input[@id=\"application-manageresources-display-component---newResourceUnit--idRuTSAdmin-application-manageresources-display-component---newResourceUnit--RUTimeSegment-0-inner\"]"}
RESULT: {"using":"xpath","value":"//input[@id=\"application-manageresources-display-component---newResourceUnit--idRuTSAdmin-application-manageresources-display-component---newResourceUnit--RUTimeSegment-0-inner\"]"}
COMMAND: POST /session/f31953e55de2d70fb971a65264fe9e98/element/f.64D82B69FC2678D0F29344912A345B1C.d.00A53BD621C1FA83AC07F989E85CCA97.e.13293/clear - {}
RESULT: {}
COMMAND: POST /session/f31953e55de2d70fb971a65264fe9e98/element/f.64D82B69FC2678D0F29344912A345B1C.d.00A53BD621C1FA83AC07F989E85CCA97.e.13293/value - {"text":"603"}
COMMAND: GET /session/f31953e55de2d70fb971a65264fe9e98/screenshot - {}
RESULT: {"text":"603"}
COMMAND: GET /session/f31953e55de2d70fb971a65264fe9e98/screenshot - {}
RESULT: {}
RESULT: {}
COMMAND: POST /session/f31953e55de2d70fb971a65264fe9e98/element - {"using":"xpath","value":"//li[.//span[text()='603']]"}
RESULT: {"using":"xpath","value":"//li[.//span[text()='603']]"}
COMMAND: POST /session/f31953e55de2d70fb971a65264fe9e98/element/f.64D82B69FC2678D0F29344912A345B1C.d.00A53BD621C1FA83AC07F989E85CCA97.e.13305/click - {}
RESULT: {}
COMMAND: GET /session/f31953e55de2d70fb971a65264fe9e98/screenshot - {}
RESULT: {}
COMMAND: POST /session/f31953e55de2d70fb971a65264fe9e98/element - {"using":"xpath","value":"(//span[contains(@id, \"-application-manageresources-display-component---newResourceUnit--RUTimeSegment-0-arrow\")])[6]"}
RESULT: {"using":"xpath","value":"(//span[contains(@id, \"-application-manageresources-display-component---newResourceUnit--RUTimeSegment-0-arrow\")])[6]"}
COMMAND: POST /session/f31953e55de2d70fb971a65264fe9e98/element/f.64D82B69FC2678D0F29344912A345B1C.d.00A53BD621C1FA83AC07F989E85CCA97.e.13306/click - {}
RESULT: {}
COMMAND: GET /session/f31953e55de2d70fb971a65264fe9e98/screenshot - {}
RESULT: {}
COMMAND: POST /session/f31953e55de2d70fb971a65264fe9e98/element - {"using":"xpath","value":"//span[contains(text(), \"PM Order\")]"}
RESULT: {"using":"xpath","value":"//span[contains(text(), \"PM Order\")]"}
COMMAND: POST /session/f31953e55de2d70fb971a65264fe9e98/element/f.64D82B69FC2678D0F29344912A345B1C.d.00A53BD621C1FA83AC07F989E85CCA97.e.13309/click - {}
RESULT: {}
COMMAND: GET /session/f31953e55de2d70fb971a65264fe9e98/screenshot - {}
RESULT: {}
COMMAND: POST /session/f31953e55de2d70fb971a65264fe9e98/element - {"using":"xpath","value":"(//span[contains(@id ,\"manageresources-display-component---newResourceUnit--RUTimeSegment-0-vhi\")])[1]"}
RESULT: {"using":"xpath","value":"(//span[contains(@id ,\"manageresources-display-component---newResourceUnit--RUTimeSegment-0-vhi\")])[1]"}
COMMAND: GET /session/f31953e55de2d70fb971a65264fe9e98/element/f.64D82B69FC2678D0F29344912A345B1C.d.00A53BD621C1FA83AC07F989E85CCA97.e.13313/rect - {}
RESULT: {}
COMMAND: GET /session/f31953e55de2d70fb971a65264fe9e98/window/rect - {}
RESULT: {}
COMMAND: POST /session/f31953e55de2d70fb971a65264fe9e98/execute/sync - {"script":"<script> [92 bytes]","args":[]}
RESULT: {"script":"<script> [92 bytes]","args":[]}
COMMAND: POST /session/f31953e55de2d70fb971a65264fe9e98/actions - {"actions":[{"id":"action48","type":"wheel","parameters":{},"actions":[{"type":"scroll","x":-869,"y":-24,"deltaX":0,"deltaY":0,"duration":0,"origin":{"element-6066-11e4-a52e-4f735466cecf":"f.64D82B69FC2678D0F29344912A345B1C.d.00A53BD621C1FA83AC07F989E85CCA97.e.13313"}}]}]}
COMMAND: GET /session/f31953e55de2d70fb971a65264fe9e98/screenshot - {}
RESULT: {"actions":[{"id":"action48","type":"wheel","parameters":{},"actions":[{"type":"scroll","x":-869,"y":-24,"deltaX":0,"deltaY":0,"duration":0,"origin":{"element-6066-11e4-a52e-4f735466cecf":"f.64D82B69FC2678D0F29344912A345B1C.d.00A53BD621C1FA83AC07F989E85CCA97.e.13313"}}]}]}
COMMAND: DELETE /session/f31953e55de2d70fb971a65264fe9e98/actions - {}
COMMAND: GET /session/f31953e55de2d70fb971a65264fe9e98/screenshot - {}
RESULT: {}
RESULT: {}
COMMAND: GET /session/f31953e55de2d70fb971a65264fe9e98/screenshot - {}
RESULT: {}
RESULT: {}
COMMAND: POST /session/f31953e55de2d70fb971a65264fe9e98/element/f.64D82B69FC2678D0F29344912A345B1C.d.00A53BD621C1FA83AC07F989E85CCA97.e.13313/click - {}
RESULT: {}
COMMAND: GET /session/f31953e55de2d70fb971a65264fe9e98/screenshot - {}
RESULT: {}
COMMAND: POST /session/f31953e55de2d70fb971a65264fe9e98/execute/async - {"script":"<script> [1562 bytes]","args":[{"selector":{"controlType":"sap.m.SearchField","properties":{"placeholder":"Search"},"searchOpenDialogs":true,"interaction":{"idSuffix":"I"}},"wdio_ui5_key":"sapm.SearchField{\"placeholder\":\"Search\"}"}]}
RESULT: {"script":"<script> [1562 bytes]","args":[{"selector":{"controlType":"sap.m.SearchField","properties":{"placeholder":"Search"},"searchOpenDialogs":true,"interaction":{"idSuffix":"I"}},"wdio_ui5_key":"sapm.SearchField{\"placeholder\":\"Search\"}"}]}
RESULT: undefined
COMMAND: POST /session/f31953e55de2d70fb971a65264fe9e98/execute/async - {"script":"<script> [776 bytes]","args":[{"enterText":"4000360","selector":{"controlType":"sap.m.SearchField","properties":{"placeholder":"Search"},"searchOpenDialogs":true,"interaction":{"idSuffix":"I"}},"clearTextFirst":true,"interactionType":"ENTER_TEXT"}]}
RESULT: {"script":"<script> [776 bytes]","args":[{"enterText":"4000360","selector":{"controlType":"sap.m.SearchField","properties":{"placeholder":"Search"},"searchOpenDialogs":true,"interaction":{"idSuffix":"I"}},"clearTextFirst":true,"interactionType":"ENTER_TEXT"}]}
COMMAND: POST /session/f31953e55de2d70fb971a65264fe9e98/actions - {"actions":[{"id":"action49","type":"key","parameters":{},"actions":[{"type":"keyDown","value":"î€‡"},{"type":"pause","duration":10},{"type":"keyUp","value":"î€‡"}]}]}
RESULT: {"actions":[{"id":"action49","type":"key","parameters":{},"actions":[{"type":"keyDown","value":"î€‡"},{"type":"pause","duration":10},{"type":"keyUp","value":"î€‡"}]}]}
COMMAND: GET /session/f31953e55de2d70fb971a65264fe9e98/screenshot - {}
RESULT: {}
COMMAND: POST /session/f31953e55de2d70fb971a65264fe9e98/element - {"using":"xpath","value":"//td/div/span[contains(text(), \"BGL Vehicles\")]"}
RESULT: {"using":"xpath","value":"//td/div/span[contains(text(), \"BGL Vehicles\")]"}
COMMAND: POST /session/f31953e55de2d70fb971a65264fe9e98/element/f.64D82B69FC2678D0F29344912A345B1C.d.00A53BD621C1FA83AC07F989E85CCA97.e.13336/click - {}
RESULT: {}
COMMAND: GET /session/f31953e55de2d70fb971a65264fe9e98/screenshot - {}
RESULT: {}
COMMAND: POST /session/f31953e55de2d70fb971a65264fe9e98/element - {"using":"xpath","value":"//bdi[contains(text(), \"OK\")]"}
RESULT: {"using":"xpath","value":"//bdi[contains(text(), \"OK\")]"}
COMMAND: POST /session/f31953e55de2d70fb971a65264fe9e98/element/f.64D82B69FC2678D0F29344912A345B1C.d.00A53BD621C1FA83AC07F989E85CCA97.e.13337/click - {}
RESULT: {}
COMMAND: GET /session/f31953e55de2d70fb971a65264fe9e98/screenshot - {}
RESULT: {}
COMMAND: POST /session/f31953e55de2d70fb971a65264fe9e98/execute/async - {"script":"<script> [1562 bytes]","args":[{"selector":{"id":"application-manageresources-display-component---newResourceUnit--newRRUPage-anchBar-application-manageresources-display-component---newResourceUnit--resource-anchor","interaction":{"idSuffix":"BDI-content"}},"wdio_ui5_key":"applicationmanageresources-display-component---newResourceUnit--newRRUPage-anchBar-application-manageresources-display-component---newResourceUnit--resource-anchor"}]}
RESULT: {"script":"<script> [1562 bytes]","args":[{"selector":{"id":"application-manageresources-display-component---newResourceUnit--newRRUPage-anchBar-application-manageresources-display-component---newResourceUnit--resource-anchor","interaction":{"idSuffix":"BDI-content"}},"wdio_ui5_key":"applicationmanageresources-display-component---newResourceUnit--newRRUPage-anchBar-application-manageresources-display-component---newResourceUnit--resource-anchor"}]}
RESULT: undefined
COMMAND: POST /session/f31953e55de2d70fb971a65264fe9e98/element - {"using":"xpath","value":"//*[@id=\"application-manageresources-display-component---newResourceUnit--newRRUPage-anchBar-application-manageresources-display-component---newResourceUnit--resource-anchor\"]"}
RESULT: {"using":"xpath","value":"//*[@id=\"application-manageresources-display-component---newResourceUnit--newRRUPage-anchBar-application-manageresources-display-component---newResourceUnit--resource-anchor\"]"}
COMMAND: POST /session/f31953e55de2d70fb971a65264fe9e98/element/f.64D82B69FC2678D0F29344912A345B1C.d.00A53BD621C1FA83AC07F989E85CCA97.e.13341/click - {}
RESULT: {}
COMMAND: POST /session/f31953e55de2d70fb971a65264fe9e98/execute/async - {"script":"<script> [1562 bytes]","args":[{"selector":{"id":"application-manageresources-display-component---newResourceUnit--PLANNED_DELIVERY_DATE","interaction":{"idSuffix":"inner"}},"wdio_ui5_key":"applicationmanageresources-display-component---newResourceUnit--PLANNED_DELIVERY_DATE"}]}
COMMAND: GET /session/f31953e55de2d70fb971a65264fe9e98/screenshot - {}
RESULT: {"script":"<script> [1562 bytes]","args":[{"selector":{"id":"application-manageresources-display-component---newResourceUnit--PLANNED_DELIVERY_DATE","interaction":{"idSuffix":"inner"}},"wdio_ui5_key":"applicationmanageresources-display-component---newResourceUnit--PLANNED_DELIVERY_DATE"}]}
RESULT: undefined
COMMAND: POST /session/f31953e55de2d70fb971a65264fe9e98/execute/async - {"script":"<script> [6424 bytes]","args":[{"element-6066-11e4-a52e-4f735466cecf":"f.64D82B69FC2678D0F29344912A345B1C.d.00A53BD621C1FA83AC07F989E85CCA97.e.13201"},"setValue",["5/20/25"]]}
RESULT: {}
RESULT: {"script":"<script> [6424 bytes]","args":[{"element-6066-11e4-a52e-4f735466cecf":"f.64D82B69FC2678D0F29344912A345B1C.d.00A53BD621C1FA83AC07F989E85CCA97.e.13201"},"setValue",["5/20/25"]]}
COMMAND: POST /session/f31953e55de2d70fb971a65264fe9e98/element - {"using":"xpath","value":"//label[contains(@class, 'sapMLabelRequired') and .//bdi[contains(text(), 'Planned Retirement')]]"}
RESULT: {"using":"xpath","value":"//label[contains(@class, 'sapMLabelRequired') and .//bdi[contains(text(), 'Planned Retirement')]]"}
COMMAND: POST /session/f31953e55de2d70fb971a65264fe9e98/elements - {"using":"xpath","value":"//label[contains(@class, 'sapMLabelRequired') and .//bdi[contains(text(), 'Planned Retirement')]]"}
RESULT: {"using":"xpath","value":"//label[contains(@class, 'sapMLabelRequired') and .//bdi[contains(text(), 'Planned Retirement')]]"}
COMMAND: POST /session/f31953e55de2d70fb971a65264fe9e98/element - {"using":"xpath","value":"//button[@data-kt=\"resourceUnitSaveButton\"]"}
RESULT: {"using":"xpath","value":"//button[@data-kt=\"resourceUnitSaveButton\"]"}
COMMAND: POST /session/f31953e55de2d70fb971a65264fe9e98/element/f.64D82B69FC2678D0F29344912A345B1C.d.00A53BD621C1FA83AC07F989E85CCA97.e.13162/click - {}
RESULT: {}
COMMAND: GET /session/f31953e55de2d70fb971a65264fe9e98/screenshot - {}
RESULT: {}
COMMAND: POST /session/f31953e55de2d70fb971a65264fe9e98/element - {"using":"xpath","value":"//bdi[contains(text(), \"Close\")]"}
RESULT: {"using":"xpath","value":"//bdi[contains(text(), \"Close\")]"}
COMMAND: POST /session/f31953e55de2d70fb971a65264fe9e98/element/f.64D82B69FC2678D0F29344912A345B1C.d.00A53BD621C1FA83AC07F989E85CCA97.e.13351/click - {}
RESULT: {}
COMMAND: GET /session/f31953e55de2d70fb971a65264fe9e98/screenshot - {}
RESULT: {}
COMMAND: POST /session/f31953e55de2d70fb971a65264fe9e98/element - {"using":"xpath","value":"(//button[contains(@id ,\"actionsToolbar-overflowButton\")])[1]"}
RESULT: {"using":"xpath","value":"(//button[contains(@id ,\"actionsToolbar-overflowButton\")])[1]"}
COMMAND: POST /session/f31953e55de2d70fb971a65264fe9e98/element/f.64D82B69FC2678D0F29344912A345B1C.d.00A53BD621C1FA83AC07F989E85CCA97.e.13382/click - {}
RESULT: {}
COMMAND: GET /session/f31953e55de2d70fb971a65264fe9e98/screenshot - {}
RESULT: {}
COMMAND: POST /session/f31953e55de2d70fb971a65264fe9e98/element - {"using":"xpath","value":"//button[@data-kt=\"priceInfoButton\"]"}
RESULT: {"using":"xpath","value":"//button[@data-kt=\"priceInfoButton\"]"}
COMMAND: POST /session/f31953e55de2d70fb971a65264fe9e98/element/f.64D82B69FC2678D0F29344912A345B1C.d.00A53BD621C1FA83AC07F989E85CCA97.e.13384/click - {}
RESULT: {}
COMMAND: GET /session/f31953e55de2d70fb971a65264fe9e98/screenshot - {}
]]></system-out>
    </testcase>
    <testcase classname="chrome.136_0_7103_93.windows.Billing_transfer_US117289" name="Should create new pricing rule" time="54.678">
      <system-out><![CDATA[
COMMAND: POST /session/f31953e55de2d70fb971a65264fe9e98/element - {"using":"xpath","value":"//button[@data-kt=\"addButton\"]"}
RESULT: {}
RESULT: {"using":"xpath","value":"//button[@data-kt=\"addButton\"]"}
COMMAND: POST /session/f31953e55de2d70fb971a65264fe9e98/elements - {"using":"xpath","value":"//button[@data-kt=\"addButton\"]"}
RESULT: {"using":"xpath","value":"//button[@data-kt=\"addButton\"]"}
COMMAND: POST /session/f31953e55de2d70fb971a65264fe9e98/execute/sync - {"script":"<script> [8489 bytes]","args":[{"element-6066-11e4-a52e-4f735466cecf":"f.64D82B69FC2678D0F29344912A345B1C.d.00A53BD621C1FA83AC07F989E85CCA97.e.13422","ELEMENT":"f.64D82B69FC2678D0F29344912A345B1C.d.00A53BD621C1FA83AC07F989E85CCA97.e.13422"}]}
RESULT: {"script":"<script> [8489 bytes]","args":[{"element-6066-11e4-a52e-4f735466cecf":"f.64D82B69FC2678D0F29344912A345B1C.d.00A53BD621C1FA83AC07F989E85CCA97.e.13422","ELEMENT":"f.64D82B69FC2678D0F29344912A345B1C.d.00A53BD621C1FA83AC07F989E85CCA97.e.13422"}]}
COMMAND: GET /session/f31953e55de2d70fb971a65264fe9e98/element/f.64D82B69FC2678D0F29344912A345B1C.d.00A53BD621C1FA83AC07F989E85CCA97.e.13422/enabled - {}
COMMAND: GET /session/f31953e55de2d70fb971a65264fe9e98/screenshot - {}
RESULT: {}
COMMAND: POST /session/f31953e55de2d70fb971a65264fe9e98/execute/sync - {"script":"<script> [8489 bytes]","args":[{"element-6066-11e4-a52e-4f735466cecf":"f.64D82B69FC2678D0F29344912A345B1C.d.00A53BD621C1FA83AC07F989E85CCA97.e.13422","ELEMENT":"f.64D82B69FC2678D0F29344912A345B1C.d.00A53BD621C1FA83AC07F989E85CCA97.e.13422"}]}
COMMAND: GET /session/f31953e55de2d70fb971a65264fe9e98/screenshot - {}
RESULT: {}
RESULT: {"script":"<script> [8489 bytes]","args":[{"element-6066-11e4-a52e-4f735466cecf":"f.64D82B69FC2678D0F29344912A345B1C.d.00A53BD621C1FA83AC07F989E85CCA97.e.13422","ELEMENT":"f.64D82B69FC2678D0F29344912A345B1C.d.00A53BD621C1FA83AC07F989E85CCA97.e.13422"}]}
COMMAND: POST /session/f31953e55de2d70fb971a65264fe9e98/execute/sync - {"script":"<script> [5351 bytes]","args":[{"element-6066-11e4-a52e-4f735466cecf":"f.64D82B69FC2678D0F29344912A345B1C.d.00A53BD621C1FA83AC07F989E85CCA97.e.13422","ELEMENT":"f.64D82B69FC2678D0F29344912A345B1C.d.00A53BD621C1FA83AC07F989E85CCA97.e.13422"}]}
COMMAND: GET /session/f31953e55de2d70fb971a65264fe9e98/screenshot - {}
RESULT: {}
RESULT: {"script":"<script> [5351 bytes]","args":[{"element-6066-11e4-a52e-4f735466cecf":"f.64D82B69FC2678D0F29344912A345B1C.d.00A53BD621C1FA83AC07F989E85CCA97.e.13422","ELEMENT":"f.64D82B69FC2678D0F29344912A345B1C.d.00A53BD621C1FA83AC07F989E85CCA97.e.13422"}]}
COMMAND: POST /session/f31953e55de2d70fb971a65264fe9e98/element/f.64D82B69FC2678D0F29344912A345B1C.d.00A53BD621C1FA83AC07F989E85CCA97.e.13422/click - {}
COMMAND: GET /session/f31953e55de2d70fb971a65264fe9e98/screenshot - {}
RESULT: {}
RESULT: {}
COMMAND: GET /session/f31953e55de2d70fb971a65264fe9e98/screenshot - {}
RESULT: {}
RESULT: {}
COMMAND: POST /session/f31953e55de2d70fb971a65264fe9e98/execute/async - {"script":"<script> [1562 bytes]","args":[{"selector":{"controlType":"sap.m.Title","viewName":"etm.portal.ui.managepricingrules.view.NewItem","viewId":"application-managepricingrules-display-component---newInfoPriceItem","properties":{"text":"New Pricing Rules - Item Level"}},"wdio_ui5_key":"etmportal.ui.managepricingrules.view.NewItemsap.m.Title{\"text\":\"New Pricing Rules - Item Level\"}"}]}
RESULT: {"script":"<script> [1562 bytes]","args":[{"selector":{"controlType":"sap.m.Title","viewName":"etm.portal.ui.managepricingrules.view.NewItem","viewId":"application-managepricingrules-display-component---newInfoPriceItem","properties":{"text":"New Pricing Rules - Item Level"}},"wdio_ui5_key":"etmportal.ui.managepricingrules.view.NewItemsap.m.Title{\"text\":\"New Pricing Rules - Item Level\"}"}]}
RESULT: undefined
COMMAND: POST /session/f31953e55de2d70fb971a65264fe9e98/execute/async - {"script":"<script> [6424 bytes]","args":[{"element-6066-11e4-a52e-4f735466cecf":"f.64D82B69FC2678D0F29344912A345B1C.d.00A53BD621C1FA83AC07F989E85CCA97.e.13496"},"getText",[]]}
RESULT: {"script":"<script> [6424 bytes]","args":[{"element-6066-11e4-a52e-4f735466cecf":"f.64D82B69FC2678D0F29344912A345B1C.d.00A53BD621C1FA83AC07F989E85CCA97.e.13496"},"getText",[]]}
COMMAND: POST /session/f31953e55de2d70fb971a65264fe9e98/execute/async - {"script":"<script> [1562 bytes]","args":[{"selector":{"id":"application-managepricingrules-display-component---newInfoPriceItem--condValidTo","interaction":{"idSuffix":"inner"}},"wdio_ui5_key":"applicationmanagepricingrules-display-component---newInfoPriceItem--condValidTo"}]}
RESULT: {"script":"<script> [1562 bytes]","args":[{"selector":{"id":"application-managepricingrules-display-component---newInfoPriceItem--condValidTo","interaction":{"idSuffix":"inner"}},"wdio_ui5_key":"applicationmanagepricingrules-display-component---newInfoPriceItem--condValidTo"}]}
RESULT: undefined
COMMAND: POST /session/f31953e55de2d70fb971a65264fe9e98/execute/async - {"script":"<script> [776 bytes]","args":[{"enterText":"1/20/26","selector":{"id":"application-managepricingrules-display-component---newInfoPriceItem--condValidTo","interaction":{"idSuffix":"inner"}},"clearTextFirst":true,"interactionType":"ENTER_TEXT"}]}
RESULT: {"script":"<script> [776 bytes]","args":[{"enterText":"1/20/26","selector":{"id":"application-managepricingrules-display-component---newInfoPriceItem--condValidTo","interaction":{"idSuffix":"inner"}},"clearTextFirst":true,"interactionType":"ENTER_TEXT"}]}
COMMAND: POST /session/f31953e55de2d70fb971a65264fe9e98/execute/async - {"script":"<script> [1562 bytes]","args":[{"selector":{"id":"application-managepricingrules-display-component---newInfoPriceItem--billType-arrow"},"wdio_ui5_key":"applicationmanagepricingrules-display-component---newInfoPriceItem--billType-arrow"}]}
RESULT: {"script":"<script> [1562 bytes]","args":[{"selector":{"id":"application-managepricingrules-display-component---newInfoPriceItem--billType-arrow"},"wdio_ui5_key":"applicationmanagepricingrules-display-component---newInfoPriceItem--billType-arrow"}]}
RESULT: undefined
COMMAND: POST /session/f31953e55de2d70fb971a65264fe9e98/element - {"using":"xpath","value":"//*[@id=\"application-managepricingrules-display-component---newInfoPriceItem--billType-arrow\"]"}
RESULT: {"using":"xpath","value":"//*[@id=\"application-managepricingrules-display-component---newInfoPriceItem--billType-arrow\"]"}
COMMAND: POST /session/f31953e55de2d70fb971a65264fe9e98/element/f.64D82B69FC2678D0F29344912A345B1C.d.00A53BD621C1FA83AC07F989E85CCA97.e.13553/click - {}
RESULT: {}
COMMAND: POST /session/f31953e55de2d70fb971a65264fe9e98/element - {"using":"xpath","value":"//span[contains(text(), \"TB - Time based\")]"}
COMMAND: GET /session/f31953e55de2d70fb971a65264fe9e98/screenshot - {}
RESULT: {"using":"xpath","value":"//span[contains(text(), \"TB - Time based\")]"}
COMMAND: POST /session/f31953e55de2d70fb971a65264fe9e98/element/f.64D82B69FC2678D0F29344912A345B1C.d.00A53BD621C1FA83AC07F989E85CCA97.e.13595/click - {}
RESULT: {}
RESULT: {}
COMMAND: POST /session/f31953e55de2d70fb971a65264fe9e98/execute/async - {"script":"<script> [1562 bytes]","args":[{"selector":{"id":"application-managepricingrules-display-component---newInfoPriceItem--priceProc-arrow"},"wdio_ui5_key":"applicationmanagepricingrules-display-component---newInfoPriceItem--priceProc-arrow"}]}
COMMAND: GET /session/f31953e55de2d70fb971a65264fe9e98/screenshot - {}
RESULT: {"script":"<script> [1562 bytes]","args":[{"selector":{"id":"application-managepricingrules-display-component---newInfoPriceItem--priceProc-arrow"},"wdio_ui5_key":"applicationmanagepricingrules-display-component---newInfoPriceItem--priceProc-arrow"}]}
RESULT: undefined
COMMAND: POST /session/f31953e55de2d70fb971a65264fe9e98/element - {"using":"xpath","value":"//*[@id=\"application-managepricingrules-display-component---newInfoPriceItem--priceProc-arrow\"]"}
RESULT: {}
RESULT: {"using":"xpath","value":"//*[@id=\"application-managepricingrules-display-component---newInfoPriceItem--priceProc-arrow\"]"}
COMMAND: POST /session/f31953e55de2d70fb971a65264fe9e98/element/f.64D82B69FC2678D0F29344912A345B1C.d.00A53BD621C1FA83AC07F989E85CCA97.e.13560/click - {}
RESULT: {}
COMMAND: POST /session/f31953e55de2d70fb971a65264fe9e98/element - {"using":"xpath","value":"//span[contains(text(), \"TBS - Time based standard\")]"}
COMMAND: GET /session/f31953e55de2d70fb971a65264fe9e98/screenshot - {}
RESULT: {"using":"xpath","value":"//span[contains(text(), \"TBS - Time based standard\")]"}
COMMAND: POST /session/f31953e55de2d70fb971a65264fe9e98/element/f.64D82B69FC2678D0F29344912A345B1C.d.00A53BD621C1FA83AC07F989E85CCA97.e.13596/click - {}
RESULT: {}
RESULT: {}
COMMAND: POST /session/f31953e55de2d70fb971a65264fe9e98/execute/async - {"script":"<script> [1562 bytes]","args":[{"selector":{"id":"application-managepricingrules-display-component---newInfoPriceItem--calcBase-arrow"},"wdio_ui5_key":"applicationmanagepricingrules-display-component---newInfoPriceItem--calcBase-arrow"}]}
COMMAND: GET /session/f31953e55de2d70fb971a65264fe9e98/screenshot - {}
RESULT: {"script":"<script> [1562 bytes]","args":[{"selector":{"id":"application-managepricingrules-display-component---newInfoPriceItem--calcBase-arrow"},"wdio_ui5_key":"applicationmanagepricingrules-display-component---newInfoPriceItem--calcBase-arrow"}]}
RESULT: undefined
COMMAND: POST /session/f31953e55de2d70fb971a65264fe9e98/element - {"using":"xpath","value":"//*[@id=\"application-managepricingrules-display-component---newInfoPriceItem--calcBase-arrow\"]"}
RESULT: {}
RESULT: {"using":"xpath","value":"//*[@id=\"application-managepricingrules-display-component---newInfoPriceItem--calcBase-arrow\"]"}
COMMAND: POST /session/f31953e55de2d70fb971a65264fe9e98/element/f.64D82B69FC2678D0F29344912A345B1C.d.00A53BD621C1FA83AC07F989E85CCA97.e.13567/click - {}
RESULT: {}
COMMAND: GET /session/f31953e55de2d70fb971a65264fe9e98/screenshot - {}
RESULT: {}
COMMAND: POST /session/f31953e55de2d70fb971a65264fe9e98/element - {"using":"xpath","value":"//span[contains(text(), \"0006 - TB(calendar days)\")]"}
RESULT: {"using":"xpath","value":"//span[contains(text(), \"0006 - TB(calendar days)\")]"}
COMMAND: POST /session/f31953e55de2d70fb971a65264fe9e98/element/f.64D82B69FC2678D0F29344912A345B1C.d.00A53BD621C1FA83AC07F989E85CCA97.e.13597/click - {}
RESULT: {}
COMMAND: GET /session/f31953e55de2d70fb971a65264fe9e98/screenshot - {}
RESULT: {}
COMMAND: POST /session/f31953e55de2d70fb971a65264fe9e98/execute/async - {"script":"<script> [1562 bytes]","args":[{"selector":{"id":"application-managepricingrules-display-component---newInfoPriceItem--daysMonth","interaction":{"idSuffix":"inner"}},"wdio_ui5_key":"applicationmanagepricingrules-display-component---newInfoPriceItem--daysMonth"}]}
RESULT: {"script":"<script> [1562 bytes]","args":[{"selector":{"id":"application-managepricingrules-display-component---newInfoPriceItem--daysMonth","interaction":{"idSuffix":"inner"}},"wdio_ui5_key":"applicationmanagepricingrules-display-component---newInfoPriceItem--daysMonth"}]}
RESULT: undefined
COMMAND: POST /session/f31953e55de2d70fb971a65264fe9e98/execute/async - {"script":"<script> [776 bytes]","args":[{"enterText":"30","selector":{"id":"application-managepricingrules-display-component---newInfoPriceItem--daysMonth","interaction":{"idSuffix":"inner"}},"clearTextFirst":true,"interactionType":"ENTER_TEXT"}]}
RESULT: {"script":"<script> [776 bytes]","args":[{"enterText":"30","selector":{"id":"application-managepricingrules-display-component---newInfoPriceItem--daysMonth","interaction":{"idSuffix":"inner"}},"clearTextFirst":true,"interactionType":"ENTER_TEXT"}]}
COMMAND: POST /session/f31953e55de2d70fb971a65264fe9e98/element - {"using":"xpath","value":"//button[@data-kt=\"saveNewRuleButton\"]"}
RESULT: {"using":"xpath","value":"//button[@data-kt=\"saveNewRuleButton\"]"}
COMMAND: POST /session/f31953e55de2d70fb971a65264fe9e98/element/f.64D82B69FC2678D0F29344912A345B1C.d.00A53BD621C1FA83AC07F989E85CCA97.e.13588/click - {}
RESULT: {}
COMMAND: GET /session/f31953e55de2d70fb971a65264fe9e98/screenshot - {}
RESULT: {}
COMMAND: POST /session/f31953e55de2d70fb971a65264fe9e98/execute/async - {"script":"<script> [1562 bytes]","args":[{"selector":{"id":"application-managepricingrules-display-component---priceInfoItem--smartFilterBar-btnBasicSearch","interaction":{"idSuffix":"I"}},"wdio_ui5_key":"applicationmanagepricingrules-display-component---priceInfoItem--smartFilterBar-btnBasicSearch"}]}
RESULT: {"script":"<script> [1562 bytes]","args":[{"selector":{"id":"application-managepricingrules-display-component---priceInfoItem--smartFilterBar-btnBasicSearch","interaction":{"idSuffix":"I"}},"wdio_ui5_key":"applicationmanagepricingrules-display-component---priceInfoItem--smartFilterBar-btnBasicSearch"}]}
RESULT: undefined
COMMAND: POST /session/f31953e55de2d70fb971a65264fe9e98/execute/async - {"script":"<script> [776 bytes]","args":[{"enterText":"dCjv0YJdLD","selector":{"id":"application-managepricingrules-display-component---priceInfoItem--smartFilterBar-btnBasicSearch","interaction":{"idSuffix":"I"}},"clearTextFirst":true,"interactionType":"ENTER_TEXT"}]}
RESULT: {"script":"<script> [776 bytes]","args":[{"enterText":"dCjv0YJdLD","selector":{"id":"application-managepricingrules-display-component---priceInfoItem--smartFilterBar-btnBasicSearch","interaction":{"idSuffix":"I"}},"clearTextFirst":true,"interactionType":"ENTER_TEXT"}]}
COMMAND: POST /session/f31953e55de2d70fb971a65264fe9e98/actions - {"actions":[{"id":"action50","type":"key","parameters":{},"actions":[{"type":"keyDown","value":"î€‡"},{"type":"pause","duration":10},{"type":"keyUp","value":"î€‡"}]}]}
RESULT: {"actions":[{"id":"action50","type":"key","parameters":{},"actions":[{"type":"keyDown","value":"î€‡"},{"type":"pause","duration":10},{"type":"keyUp","value":"î€‡"}]}]}
COMMAND: GET /session/f31953e55de2d70fb971a65264fe9e98/screenshot - {}
RESULT: {}
COMMAND: POST /session/f31953e55de2d70fb971a65264fe9e98/element - {"using":"xpath","value":"//span[@id=\"application-managepricingrules-display-component---priceInfoItem--smartTable-header-inner\"]"}
RESULT: {"using":"xpath","value":"//span[@id=\"application-managepricingrules-display-component---priceInfoItem--smartTable-header-inner\"]"}
COMMAND: POST /session/f31953e55de2d70fb971a65264fe9e98/elements - {"using":"xpath","value":"//span[@id=\"application-managepricingrules-display-component---priceInfoItem--smartTable-header-inner\"]"}
RESULT: {"using":"xpath","value":"//span[@id=\"application-managepricingrules-display-component---priceInfoItem--smartTable-header-inner\"]"}
COMMAND: POST /session/f31953e55de2d70fb971a65264fe9e98/execute/sync - {"script":"<script> [56 bytes]","args":[{"element-6066-11e4-a52e-4f735466cecf":"f.64D82B69FC2678D0F29344912A345B1C.d.00A53BD621C1FA83AC07F989E85CCA97.e.13611","ELEMENT":"f.64D82B69FC2678D0F29344912A345B1C.d.00A53BD621C1FA83AC07F989E85CCA97.e.13611"}]}
RESULT: {"script":"<script> [56 bytes]","args":[{"element-6066-11e4-a52e-4f735466cecf":"f.64D82B69FC2678D0F29344912A345B1C.d.00A53BD621C1FA83AC07F989E85CCA97.e.13611","ELEMENT":"f.64D82B69FC2678D0F29344912A345B1C.d.00A53BD621C1FA83AC07F989E85CCA97.e.13611"}]}
COMMAND: POST /session/f31953e55de2d70fb971a65264fe9e98/element - {"using":"css selector","value":"#shell-header-logo"}
COMMAND: GET /session/f31953e55de2d70fb971a65264fe9e98/screenshot - {}
RESULT: {"using":"css selector","value":"#shell-header-logo"}
COMMAND: POST /session/f31953e55de2d70fb971a65264fe9e98/element/f.64D82B69FC2678D0F29344912A345B1C.d.00A53BD621C1FA83AC07F989E85CCA97.e.12756/click - {}
RESULT: {}
RESULT: {}
COMMAND: GET /session/f31953e55de2d70fb971a65264fe9e98/screenshot - {}
RESULT: {}
]]></system-out>
    </testcase>
    <testcase classname="chrome.136_0_7103_93.windows.Billing_transfer_US117289" name="Should create new condition for equipment" time="71.016">
      <system-out><![CDATA[
COMMAND: POST /session/f31953e55de2d70fb971a65264fe9e98/execute/async - {"script":"<script> [1562 bytes]","args":[{"selector":{"controlType":"sap.m.GenericTile","properties":{"header":"Manage Conditions & Prices"}},"wdio_ui5_key":"sapm.GenericTile{\"header\":\"Manage Conditions & Prices\"}"}]}
RESULT: {"script":"<script> [1562 bytes]","args":[{"selector":{"controlType":"sap.m.GenericTile","properties":{"header":"Manage Conditions & Prices"}},"wdio_ui5_key":"sapm.GenericTile{\"header\":\"Manage Conditions & Prices\"}"}]}
RESULT: undefined
COMMAND: POST /session/f31953e55de2d70fb971a65264fe9e98/element - {"using":"xpath","value":"//*[@id=\"__tile53\"]"}
RESULT: {"using":"xpath","value":"//*[@id=\"__tile53\"]"}
COMMAND: POST /session/f31953e55de2d70fb971a65264fe9e98/element/f.64D82B69FC2678D0F29344912A345B1C.d.00A53BD621C1FA83AC07F989E85CCA97.e.12690/click - {}
RESULT: {}
COMMAND: GET /session/f31953e55de2d70fb971a65264fe9e98/screenshot - {}
RESULT: {}
COMMAND: POST /session/f31953e55de2d70fb971a65264fe9e98/elements - {"using":"xpath","value":"//span[text()='Error']"}
RESULT: {"using":"xpath","value":"//span[text()='Error']"}
COMMAND: POST /session/f31953e55de2d70fb971a65264fe9e98/element - {"using":"xpath","value":"//button[@aria-label=\"Create\"]"}
RESULT: {"using":"xpath","value":"//button[@aria-label=\"Create\"]"}
COMMAND: POST /session/f31953e55de2d70fb971a65264fe9e98/elements - {"using":"xpath","value":"//button[@aria-label=\"Create\"]"}
RESULT: {"using":"xpath","value":"//button[@aria-label=\"Create\"]"}
COMMAND: POST /session/f31953e55de2d70fb971a65264fe9e98/execute/sync - {"script":"<script> [8489 bytes]","args":[{"element-6066-11e4-a52e-4f735466cecf":"f.64D82B69FC2678D0F29344912A345B1C.d.00A53BD621C1FA83AC07F989E85CCA97.e.13647","ELEMENT":"f.64D82B69FC2678D0F29344912A345B1C.d.00A53BD621C1FA83AC07F989E85CCA97.e.13647"}]}
RESULT: {"script":"<script> [8489 bytes]","args":[{"element-6066-11e4-a52e-4f735466cecf":"f.64D82B69FC2678D0F29344912A345B1C.d.00A53BD621C1FA83AC07F989E85CCA97.e.13647","ELEMENT":"f.64D82B69FC2678D0F29344912A345B1C.d.00A53BD621C1FA83AC07F989E85CCA97.e.13647"}]}
COMMAND: GET /session/f31953e55de2d70fb971a65264fe9e98/element/f.64D82B69FC2678D0F29344912A345B1C.d.00A53BD621C1FA83AC07F989E85CCA97.e.13647/enabled - {}
COMMAND: GET /session/f31953e55de2d70fb971a65264fe9e98/screenshot - {}
RESULT: {}
COMMAND: POST /session/f31953e55de2d70fb971a65264fe9e98/execute/sync - {"script":"<script> [8489 bytes]","args":[{"element-6066-11e4-a52e-4f735466cecf":"f.64D82B69FC2678D0F29344912A345B1C.d.00A53BD621C1FA83AC07F989E85CCA97.e.13647","ELEMENT":"f.64D82B69FC2678D0F29344912A345B1C.d.00A53BD621C1FA83AC07F989E85CCA97.e.13647"}]}
COMMAND: GET /session/f31953e55de2d70fb971a65264fe9e98/screenshot - {}
RESULT: {}
RESULT: {}
RESULT: {"script":"<script> [8489 bytes]","args":[{"element-6066-11e4-a52e-4f735466cecf":"f.64D82B69FC2678D0F29344912A345B1C.d.00A53BD621C1FA83AC07F989E85CCA97.e.13647","ELEMENT":"f.64D82B69FC2678D0F29344912A345B1C.d.00A53BD621C1FA83AC07F989E85CCA97.e.13647"}]}
COMMAND: POST /session/f31953e55de2d70fb971a65264fe9e98/execute/sync - {"script":"<script> [5351 bytes]","args":[{"element-6066-11e4-a52e-4f735466cecf":"f.64D82B69FC2678D0F29344912A345B1C.d.00A53BD621C1FA83AC07F989E85CCA97.e.13647","ELEMENT":"f.64D82B69FC2678D0F29344912A345B1C.d.00A53BD621C1FA83AC07F989E85CCA97.e.13647"}]}
COMMAND: GET /session/f31953e55de2d70fb971a65264fe9e98/screenshot - {}
RESULT: {"script":"<script> [5351 bytes]","args":[{"element-6066-11e4-a52e-4f735466cecf":"f.64D82B69FC2678D0F29344912A345B1C.d.00A53BD621C1FA83AC07F989E85CCA97.e.13647","ELEMENT":"f.64D82B69FC2678D0F29344912A345B1C.d.00A53BD621C1FA83AC07F989E85CCA97.e.13647"}]}
COMMAND: POST /session/f31953e55de2d70fb971a65264fe9e98/element/f.64D82B69FC2678D0F29344912A345B1C.d.00A53BD621C1FA83AC07F989E85CCA97.e.13647/click - {}
COMMAND: GET /session/f31953e55de2d70fb971a65264fe9e98/screenshot - {}
RESULT: {}
RESULT: {}
COMMAND: GET /session/f31953e55de2d70fb971a65264fe9e98/screenshot - {}
RESULT: {}
RESULT: {}
COMMAND: POST /session/f31953e55de2d70fb971a65264fe9e98/actions - {"actions":[{"id":"action51","type":"key","parameters":{},"actions":[{"type":"keyDown","value":"î€‡"},{"type":"pause","duration":10},{"type":"keyUp","value":"î€‡"}]}]}
RESULT: {"actions":[{"id":"action51","type":"key","parameters":{},"actions":[{"type":"keyDown","value":"î€‡"},{"type":"pause","duration":10},{"type":"keyUp","value":"î€‡"}]}]}
COMMAND: GET /session/f31953e55de2d70fb971a65264fe9e98/screenshot - {}
COMMAND: POST /session/f31953e55de2d70fb971a65264fe9e98/execute/async - {"script":"<script> [1562 bytes]","args":[{"selector":{"id":"application-manageconditionprice-display-component---newCondition--condBillCond-arrow"},"wdio_ui5_key":"applicationmanageconditionprice-display-component---newCondition--condBillCond-arrow"}]}
RESULT: {}
RESULT: {"script":"<script> [1562 bytes]","args":[{"selector":{"id":"application-manageconditionprice-display-component---newCondition--condBillCond-arrow"},"wdio_ui5_key":"applicationmanageconditionprice-display-component---newCondition--condBillCond-arrow"}]}
RESULT: undefined
COMMAND: POST /session/f31953e55de2d70fb971a65264fe9e98/element - {"using":"xpath","value":"//*[@id=\"application-manageconditionprice-display-component---newCondition--condBillCond-arrow\"]"}
RESULT: {"using":"xpath","value":"//*[@id=\"application-manageconditionprice-display-component---newCondition--condBillCond-arrow\"]"}
COMMAND: POST /session/f31953e55de2d70fb971a65264fe9e98/element/f.64D82B69FC2678D0F29344912A345B1C.d.00A53BD621C1FA83AC07F989E85CCA97.e.13827/click - {}
RESULT: {}
COMMAND: GET /session/f31953e55de2d70fb971a65264fe9e98/screenshot - {}
RESULT: {}
COMMAND: POST /session/f31953e55de2d70fb971a65264fe9e98/element - {"using":"xpath","value":"//li[.//span[contains(text(), \"DISP - D&I special price\")]]"}
RESULT: {"using":"xpath","value":"//li[.//span[contains(text(), \"DISP - D&I special price\")]]"}
COMMAND: POST /session/f31953e55de2d70fb971a65264fe9e98/element/f.64D82B69FC2678D0F29344912A345B1C.d.00A53BD621C1FA83AC07F989E85CCA97.e.13830/click - {}
RESULT: {}
COMMAND: GET /session/f31953e55de2d70fb971a65264fe9e98/screenshot - {}
RESULT: {}
COMMAND: POST /session/f31953e55de2d70fb971a65264fe9e98/execute/async - {"script":"<script> [1562 bytes]","args":[{"selector":{"id":"application-manageconditionprice-display-component---newCondition--condValidTo","interaction":{"idSuffix":"inner"}},"wdio_ui5_key":"applicationmanageconditionprice-display-component---newCondition--condValidTo"}]}
RESULT: {"script":"<script> [1562 bytes]","args":[{"selector":{"id":"application-manageconditionprice-display-component---newCondition--condValidTo","interaction":{"idSuffix":"inner"}},"wdio_ui5_key":"applicationmanageconditionprice-display-component---newCondition--condValidTo"}]}
RESULT: undefined
COMMAND: POST /session/f31953e55de2d70fb971a65264fe9e98/execute/async - {"script":"<script> [776 bytes]","args":[{"enterText":"1/20/26","selector":{"id":"application-manageconditionprice-display-component---newCondition--condValidTo","interaction":{"idSuffix":"inner"}},"clearTextFirst":true,"interactionType":"ENTER_TEXT"}]}
RESULT: {"script":"<script> [776 bytes]","args":[{"enterText":"1/20/26","selector":{"id":"application-manageconditionprice-display-component---newCondition--condValidTo","interaction":{"idSuffix":"inner"}},"clearTextFirst":true,"interactionType":"ENTER_TEXT"}]}
COMMAND: POST /session/f31953e55de2d70fb971a65264fe9e98/element - {"using":"xpath","value":"//input[@id=\"application-manageconditionprice-display-component---newCondition--condRU-inner\"]"}
RESULT: {"using":"xpath","value":"//input[@id=\"application-manageconditionprice-display-component---newCondition--condRU-inner\"]"}
COMMAND: POST /session/f31953e55de2d70fb971a65264fe9e98/element/f.64D82B69FC2678D0F29344912A345B1C.d.00A53BD621C1FA83AC07F989E85CCA97.e.13692/clear - {}
RESULT: {}
COMMAND: POST /session/f31953e55de2d70fb971a65264fe9e98/element/f.64D82B69FC2678D0F29344912A345B1C.d.00A53BD621C1FA83AC07F989E85CCA97.e.13692/value - {"text":"dCjv0YJdLD"}
COMMAND: GET /session/f31953e55de2d70fb971a65264fe9e98/screenshot - {}
RESULT: {"text":"dCjv0YJdLD"}
COMMAND: GET /session/f31953e55de2d70fb971a65264fe9e98/screenshot - {}
RESULT: {}
RESULT: {}
COMMAND: POST /session/f31953e55de2d70fb971a65264fe9e98/actions - {"actions":[{"id":"action52","type":"key","parameters":{},"actions":[{"type":"keyDown","value":"î€‡"},{"type":"pause","duration":10},{"type":"keyUp","value":"î€‡"}]}]}
RESULT: {"actions":[{"id":"action52","type":"key","parameters":{},"actions":[{"type":"keyDown","value":"î€‡"},{"type":"pause","duration":10},{"type":"keyUp","value":"î€‡"}]}]}
COMMAND: POST /session/f31953e55de2d70fb971a65264fe9e98/execute/async - {"script":"<script> [1562 bytes]","args":[{"selector":{"id":"application-manageconditionprice-display-component---newCondition--condBaseQty","interaction":{"idSuffix":"inner"}},"wdio_ui5_key":"applicationmanageconditionprice-display-component---newCondition--condBaseQty"}]}
COMMAND: GET /session/f31953e55de2d70fb971a65264fe9e98/screenshot - {}
RESULT: {"script":"<script> [1562 bytes]","args":[{"selector":{"id":"application-manageconditionprice-display-component---newCondition--condBaseQty","interaction":{"idSuffix":"inner"}},"wdio_ui5_key":"applicationmanageconditionprice-display-component---newCondition--condBaseQty"}]}
RESULT: undefined
COMMAND: POST /session/f31953e55de2d70fb971a65264fe9e98/execute/async - {"script":"<script> [776 bytes]","args":[{"enterText":"1","selector":{"id":"application-manageconditionprice-display-component---newCondition--condBaseQty","interaction":{"idSuffix":"inner"}},"clearTextFirst":true,"interactionType":"ENTER_TEXT"}]}
RESULT: {}
RESULT: {"script":"<script> [776 bytes]","args":[{"enterText":"1","selector":{"id":"application-manageconditionprice-display-component---newCondition--condBaseQty","interaction":{"idSuffix":"inner"}},"clearTextFirst":true,"interactionType":"ENTER_TEXT"}]}
COMMAND: POST /session/f31953e55de2d70fb971a65264fe9e98/execute/async - {"script":"<script> [1562 bytes]","args":[{"selector":{"id":"application-manageconditionprice-display-component---newCondition--condValue","interaction":{"idSuffix":"inner"}},"wdio_ui5_key":"applicationmanageconditionprice-display-component---newCondition--condValue"}]}
RESULT: {"script":"<script> [1562 bytes]","args":[{"selector":{"id":"application-manageconditionprice-display-component---newCondition--condValue","interaction":{"idSuffix":"inner"}},"wdio_ui5_key":"applicationmanageconditionprice-display-component---newCondition--condValue"}]}
RESULT: undefined
COMMAND: POST /session/f31953e55de2d70fb971a65264fe9e98/execute/async - {"script":"<script> [776 bytes]","args":[{"enterText":"100","selector":{"id":"application-manageconditionprice-display-component---newCondition--condValue","interaction":{"idSuffix":"inner"}},"clearTextFirst":true,"interactionType":"ENTER_TEXT"}]}
RESULT: {"script":"<script> [776 bytes]","args":[{"enterText":"100","selector":{"id":"application-manageconditionprice-display-component---newCondition--condValue","interaction":{"idSuffix":"inner"}},"clearTextFirst":true,"interactionType":"ENTER_TEXT"}]}
COMMAND: POST /session/f31953e55de2d70fb971a65264fe9e98/execute/async - {"script":"<script> [1562 bytes]","args":[{"selector":{"id":"application-manageconditionprice-display-component---newCondition--condCurr-arrow"},"wdio_ui5_key":"applicationmanageconditionprice-display-component---newCondition--condCurr-arrow"}]}
RESULT: {"script":"<script> [1562 bytes]","args":[{"selector":{"id":"application-manageconditionprice-display-component---newCondition--condCurr-arrow"},"wdio_ui5_key":"applicationmanageconditionprice-display-component---newCondition--condCurr-arrow"}]}
RESULT: undefined
COMMAND: POST /session/f31953e55de2d70fb971a65264fe9e98/element - {"using":"xpath","value":"//*[@id=\"application-manageconditionprice-display-component---newCondition--condCurr-arrow\"]"}
RESULT: {"using":"xpath","value":"//*[@id=\"application-manageconditionprice-display-component---newCondition--condCurr-arrow\"]"}
COMMAND: POST /session/f31953e55de2d70fb971a65264fe9e98/element/f.64D82B69FC2678D0F29344912A345B1C.d.00A53BD621C1FA83AC07F989E85CCA97.e.13786/click - {}
RESULT: {}
COMMAND: POST /session/f31953e55de2d70fb971a65264fe9e98/element - {"using":"xpath","value":"//span[contains(text(), \"Euro\")]"}
COMMAND: GET /session/f31953e55de2d70fb971a65264fe9e98/screenshot - {}
RESULT: {"using":"xpath","value":"//span[contains(text(), \"Euro\")]"}
COMMAND: POST /session/f31953e55de2d70fb971a65264fe9e98/element/f.64D82B69FC2678D0F29344912A345B1C.d.00A53BD621C1FA83AC07F989E85CCA97.e.13867/click - {}
RESULT: {}
RESULT: {}
COMMAND: POST /session/f31953e55de2d70fb971a65264fe9e98/element - {"using":"xpath","value":"//button[@data-kt=\"saveButton\"]"}
COMMAND: GET /session/f31953e55de2d70fb971a65264fe9e98/screenshot - {}
RESULT: {"using":"xpath","value":"//button[@data-kt=\"saveButton\"]"}
COMMAND: POST /session/f31953e55de2d70fb971a65264fe9e98/element/f.64D82B69FC2678D0F29344912A345B1C.d.00A53BD621C1FA83AC07F989E85CCA97.e.13787/click - {}
RESULT: {}
RESULT: {}
COMMAND: GET /session/f31953e55de2d70fb971a65264fe9e98/screenshot - {}
RESULT: {}
COMMAND: POST /session/f31953e55de2d70fb971a65264fe9e98/execute/async - {"script":"<script> [1562 bytes]","args":[{"selector":{"id":"application-manageconditionprice-display-component---conditions--smartFilterBar-btnBasicSearch","interaction":{"idSuffix":"I"}},"wdio_ui5_key":"applicationmanageconditionprice-display-component---conditions--smartFilterBar-btnBasicSearch"}]}
RESULT: {"script":"<script> [1562 bytes]","args":[{"selector":{"id":"application-manageconditionprice-display-component---conditions--smartFilterBar-btnBasicSearch","interaction":{"idSuffix":"I"}},"wdio_ui5_key":"applicationmanageconditionprice-display-component---conditions--smartFilterBar-btnBasicSearch"}]}
RESULT: undefined
COMMAND: POST /session/f31953e55de2d70fb971a65264fe9e98/execute/async - {"script":"<script> [776 bytes]","args":[{"enterText":"dCjv0YJdLD","selector":{"id":"application-manageconditionprice-display-component---conditions--smartFilterBar-btnBasicSearch","interaction":{"idSuffix":"I"}},"clearTextFirst":true,"interactionType":"ENTER_TEXT"}]}
RESULT: {"script":"<script> [776 bytes]","args":[{"enterText":"dCjv0YJdLD","selector":{"id":"application-manageconditionprice-display-component---conditions--smartFilterBar-btnBasicSearch","interaction":{"idSuffix":"I"}},"clearTextFirst":true,"interactionType":"ENTER_TEXT"}]}
COMMAND: POST /session/f31953e55de2d70fb971a65264fe9e98/actions - {"actions":[{"id":"action53","type":"key","parameters":{},"actions":[{"type":"keyDown","value":"î€‡"},{"type":"pause","duration":10},{"type":"keyUp","value":"î€‡"}]}]}
RESULT: {"actions":[{"id":"action53","type":"key","parameters":{},"actions":[{"type":"keyDown","value":"î€‡"},{"type":"pause","duration":10},{"type":"keyUp","value":"î€‡"}]}]}
COMMAND: GET /session/f31953e55de2d70fb971a65264fe9e98/screenshot - {}
RESULT: {}
COMMAND: POST /session/f31953e55de2d70fb971a65264fe9e98/execute/async - {"script":"<script> [1562 bytes]","args":[{"selector":{"id":"application-manageconditionprice-display-component---conditions--smartFilterBar-filterItemControl_BASIC-BILL_TYPES-vhi"},"wdio_ui5_key":"applicationmanageconditionprice-display-component---conditions--smartFilterBar-filterItemControl_BASIC-BILL_TYPES-vhi"}]}
RESULT: {"script":"<script> [1562 bytes]","args":[{"selector":{"id":"application-manageconditionprice-display-component---conditions--smartFilterBar-filterItemControl_BASIC-BILL_TYPES-vhi"},"wdio_ui5_key":"applicationmanageconditionprice-display-component---conditions--smartFilterBar-filterItemControl_BASIC-BILL_TYPES-vhi"}]}
RESULT: undefined
COMMAND: POST /session/f31953e55de2d70fb971a65264fe9e98/element - {"using":"xpath","value":"//*[@id=\"application-manageconditionprice-display-component---conditions--smartFilterBar-filterItemControl_BASIC-BILL_TYPES-vhi\"]"}
RESULT: {"using":"xpath","value":"//*[@id=\"application-manageconditionprice-display-component---conditions--smartFilterBar-filterItemControl_BASIC-BILL_TYPES-vhi\"]"}
COMMAND: POST /session/f31953e55de2d70fb971a65264fe9e98/element/f.64D82B69FC2678D0F29344912A345B1C.d.00A53BD621C1FA83AC07F989E85CCA97.e.13973/click - {}
RESULT: {}
COMMAND: POST /session/f31953e55de2d70fb971a65264fe9e98/execute/async - {"script":"<script> [1562 bytes]","args":[{"selector":{"id":"application-manageconditionprice-display-component---conditions--smartFilterBar-filterItemControl_BASIC-BILL_TYPES-valueHelpDialog-smartFilterBar-btnBasicSearch","searchOpenDialogs":true,"interaction":{"idSuffix":"I"}},"wdio_ui5_key":"applicationmanageconditionprice-display-component---conditions--smartFilterBar-filterItemControl_BASIC-BILL_TYPES-valueHelpDialog-smartFilterBar-btnBasicSearch"}]}
COMMAND: GET /session/f31953e55de2d70fb971a65264fe9e98/screenshot - {}
RESULT: {"script":"<script> [1562 bytes]","args":[{"selector":{"id":"application-manageconditionprice-display-component---conditions--smartFilterBar-filterItemControl_BASIC-BILL_TYPES-valueHelpDialog-smartFilterBar-btnBasicSearch","searchOpenDialogs":true,"interaction":{"idSuffix":"I"}},"wdio_ui5_key":"applicationmanageconditionprice-display-component---conditions--smartFilterBar-filterItemControl_BASIC-BILL_TYPES-valueHelpDialog-smartFilterBar-btnBasicSearch"}]}
RESULT: undefined
COMMAND: POST /session/f31953e55de2d70fb971a65264fe9e98/execute/async - {"script":"<script> [776 bytes]","args":[{"enterText":"TB","selector":{"id":"application-manageconditionprice-display-component---conditions--smartFilterBar-filterItemControl_BASIC-BILL_TYPES-valueHelpDialog-smartFilterBar-btnBasicSearch","searchOpenDialogs":true,"interaction":{"idSuffix":"I"}},"clearTextFirst":true,"interactionType":"ENTER_TEXT"}]}
RESULT: {}
RESULT: {"script":"<script> [776 bytes]","args":[{"enterText":"TB","selector":{"id":"application-manageconditionprice-display-component---conditions--smartFilterBar-filterItemControl_BASIC-BILL_TYPES-valueHelpDialog-smartFilterBar-btnBasicSearch","searchOpenDialogs":true,"interaction":{"idSuffix":"I"}},"clearTextFirst":true,"interactionType":"ENTER_TEXT"}]}
COMMAND: POST /session/f31953e55de2d70fb971a65264fe9e98/actions - {"actions":[{"id":"action54","type":"key","parameters":{},"actions":[{"type":"keyDown","value":"î€‡"},{"type":"pause","duration":10},{"type":"keyUp","value":"î€‡"}]}]}
RESULT: {"actions":[{"id":"action54","type":"key","parameters":{},"actions":[{"type":"keyDown","value":"î€‡"},{"type":"pause","duration":10},{"type":"keyUp","value":"î€‡"}]}]}
COMMAND: GET /session/f31953e55de2d70fb971a65264fe9e98/screenshot - {}
RESULT: {}
COMMAND: POST /session/f31953e55de2d70fb971a65264fe9e98/element - {"using":"xpath","value":"//div[contains(@id, 'application-manageconditionprice-display-component---conditions--smartFilterBar-filterItemControl_BASIC-BILL_TYPES-valueHelpDialog-table-rowsel0')]"}
RESULT: {"using":"xpath","value":"//div[contains(@id, 'application-manageconditionprice-display-component---conditions--smartFilterBar-filterItemControl_BASIC-BILL_TYPES-valueHelpDialog-table-rowsel0')]"}
COMMAND: POST /session/f31953e55de2d70fb971a65264fe9e98/element/f.64D82B69FC2678D0F29344912A345B1C.d.00A53BD621C1FA83AC07F989E85CCA97.e.13982/click - {}
RESULT: {}
COMMAND: GET /session/f31953e55de2d70fb971a65264fe9e98/screenshot - {}
RESULT: {}
COMMAND: POST /session/f31953e55de2d70fb971a65264fe9e98/element - {"using":"xpath","value":"//bdi[contains(text(), \"OK\")]"}
RESULT: {"using":"xpath","value":"//bdi[contains(text(), \"OK\")]"}
COMMAND: POST /session/f31953e55de2d70fb971a65264fe9e98/element/f.64D82B69FC2678D0F29344912A345B1C.d.00A53BD621C1FA83AC07F989E85CCA97.e.13984/click - {}
RESULT: {}
COMMAND: GET /session/f31953e55de2d70fb971a65264fe9e98/screenshot - {}
RESULT: {}
COMMAND: POST /session/f31953e55de2d70fb971a65264fe9e98/element - {"using":"xpath","value":"//span[@id=\"application-manageconditionprice-display-component---conditions--smartTable-header-inner\"]"}
RESULT: {"using":"xpath","value":"//span[@id=\"application-manageconditionprice-display-component---conditions--smartTable-header-inner\"]"}
COMMAND: POST /session/f31953e55de2d70fb971a65264fe9e98/elements - {"using":"xpath","value":"//span[@id=\"application-manageconditionprice-display-component---conditions--smartTable-header-inner\"]"}
RESULT: {"using":"xpath","value":"//span[@id=\"application-manageconditionprice-display-component---conditions--smartTable-header-inner\"]"}
COMMAND: POST /session/f31953e55de2d70fb971a65264fe9e98/execute/sync - {"script":"<script> [56 bytes]","args":[{"element-6066-11e4-a52e-4f735466cecf":"f.64D82B69FC2678D0F29344912A345B1C.d.00A53BD621C1FA83AC07F989E85CCA97.e.13987","ELEMENT":"f.64D82B69FC2678D0F29344912A345B1C.d.00A53BD621C1FA83AC07F989E85CCA97.e.13987"}]}
RESULT: {"script":"<script> [56 bytes]","args":[{"element-6066-11e4-a52e-4f735466cecf":"f.64D82B69FC2678D0F29344912A345B1C.d.00A53BD621C1FA83AC07F989E85CCA97.e.13987","ELEMENT":"f.64D82B69FC2678D0F29344912A345B1C.d.00A53BD621C1FA83AC07F989E85CCA97.e.13987"}]}
COMMAND: POST /session/f31953e55de2d70fb971a65264fe9e98/element - {"using":"css selector","value":"#shell-header-logo"}
COMMAND: GET /session/f31953e55de2d70fb971a65264fe9e98/screenshot - {}
RESULT: {}
RESULT: {"using":"css selector","value":"#shell-header-logo"}
COMMAND: POST /session/f31953e55de2d70fb971a65264fe9e98/element/f.64D82B69FC2678D0F29344912A345B1C.d.00A53BD621C1FA83AC07F989E85CCA97.e.13614/click - {}
RESULT: {}
COMMAND: GET /session/f31953e55de2d70fb971a65264fe9e98/screenshot - {}
RESULT: {}
]]></system-out>
    </testcase>
    <testcase classname="chrome.136_0_7103_93.windows.Billing_transfer_US117289" name="Should do a stock increase" time="103.365">
      <system-out><![CDATA[
COMMAND: POST /session/f31953e55de2d70fb971a65264fe9e98/execute/async - {"script":"<script> [1562 bytes]","args":[{"selector":{"controlType":"sap.m.GenericTile","properties":{"header":"Manage Handovers"}},"wdio_ui5_key":"sapm.GenericTile{\"header\":\"Manage Handovers\"}"}]}
RESULT: {"script":"<script> [1562 bytes]","args":[{"selector":{"controlType":"sap.m.GenericTile","properties":{"header":"Manage Handovers"}},"wdio_ui5_key":"sapm.GenericTile{\"header\":\"Manage Handovers\"}"}]}
RESULT: undefined
COMMAND: POST /session/f31953e55de2d70fb971a65264fe9e98/element - {"using":"xpath","value":"//*[@id=\"__tile131\"]"}
RESULT: {"using":"xpath","value":"//*[@id=\"__tile131\"]"}
COMMAND: POST /session/f31953e55de2d70fb971a65264fe9e98/element/f.64D82B69FC2678D0F29344912A345B1C.d.00A53BD621C1FA83AC07F989E85CCA97.e.12729/click - {}
RESULT: {}
COMMAND: GET /session/f31953e55de2d70fb971a65264fe9e98/screenshot - {}
RESULT: {}
COMMAND: POST /session/f31953e55de2d70fb971a65264fe9e98/elements - {"using":"xpath","value":"//span[text()='Error']"}
RESULT: {"using":"xpath","value":"//span[text()='Error']"}
COMMAND: POST /session/f31953e55de2d70fb971a65264fe9e98/element - {"using":"xpath","value":"//button[@data-kt=\"masterHOAddButton\"]"}
RESULT: {"using":"xpath","value":"//button[@data-kt=\"masterHOAddButton\"]"}
COMMAND: POST /session/f31953e55de2d70fb971a65264fe9e98/elements - {"using":"xpath","value":"//button[@data-kt=\"masterHOAddButton\"]"}
RESULT: {"using":"xpath","value":"//button[@data-kt=\"masterHOAddButton\"]"}
COMMAND: POST /session/f31953e55de2d70fb971a65264fe9e98/elements - {"using":"xpath","value":"//button[@data-kt=\"masterHOAddButton\"]"}
RESULT: {"using":"xpath","value":"//button[@data-kt=\"masterHOAddButton\"]"}
COMMAND: POST /session/f31953e55de2d70fb971a65264fe9e98/element - {"using":"xpath","value":"//button[@data-kt=\"masterHOAddButton\"]"}
RESULT: {"using":"xpath","value":"//button[@data-kt=\"masterHOAddButton\"]"}
COMMAND: POST /session/f31953e55de2d70fb971a65264fe9e98/execute/sync - {"script":"<script> [8489 bytes]","args":[{"element-6066-11e4-a52e-4f735466cecf":"f.64D82B69FC2678D0F29344912A345B1C.d.00A53BD621C1FA83AC07F989E85CCA97.e.14021","ELEMENT":"f.64D82B69FC2678D0F29344912A345B1C.d.00A53BD621C1FA83AC07F989E85CCA97.e.14021"}]}
RESULT: {"script":"<script> [8489 bytes]","args":[{"element-6066-11e4-a52e-4f735466cecf":"f.64D82B69FC2678D0F29344912A345B1C.d.00A53BD621C1FA83AC07F989E85CCA97.e.14021","ELEMENT":"f.64D82B69FC2678D0F29344912A345B1C.d.00A53BD621C1FA83AC07F989E85CCA97.e.14021"}]}
COMMAND: GET /session/f31953e55de2d70fb971a65264fe9e98/element/f.64D82B69FC2678D0F29344912A345B1C.d.00A53BD621C1FA83AC07F989E85CCA97.e.14021/enabled - {}
COMMAND: GET /session/f31953e55de2d70fb971a65264fe9e98/screenshot - {}
RESULT: {}
COMMAND: POST /session/f31953e55de2d70fb971a65264fe9e98/execute/sync - {"script":"<script> [8489 bytes]","args":[{"element-6066-11e4-a52e-4f735466cecf":"f.64D82B69FC2678D0F29344912A345B1C.d.00A53BD621C1FA83AC07F989E85CCA97.e.14021","ELEMENT":"f.64D82B69FC2678D0F29344912A345B1C.d.00A53BD621C1FA83AC07F989E85CCA97.e.14021"}]}
COMMAND: GET /session/f31953e55de2d70fb971a65264fe9e98/screenshot - {}
RESULT: {}
RESULT: {"script":"<script> [8489 bytes]","args":[{"element-6066-11e4-a52e-4f735466cecf":"f.64D82B69FC2678D0F29344912A345B1C.d.00A53BD621C1FA83AC07F989E85CCA97.e.14021","ELEMENT":"f.64D82B69FC2678D0F29344912A345B1C.d.00A53BD621C1FA83AC07F989E85CCA97.e.14021"}]}
COMMAND: POST /session/f31953e55de2d70fb971a65264fe9e98/execute/sync - {"script":"<script> [5351 bytes]","args":[{"element-6066-11e4-a52e-4f735466cecf":"f.64D82B69FC2678D0F29344912A345B1C.d.00A53BD621C1FA83AC07F989E85CCA97.e.14021","ELEMENT":"f.64D82B69FC2678D0F29344912A345B1C.d.00A53BD621C1FA83AC07F989E85CCA97.e.14021"}]}
COMMAND: GET /session/f31953e55de2d70fb971a65264fe9e98/screenshot - {}
RESULT: {}
RESULT: {"script":"<script> [5351 bytes]","args":[{"element-6066-11e4-a52e-4f735466cecf":"f.64D82B69FC2678D0F29344912A345B1C.d.00A53BD621C1FA83AC07F989E85CCA97.e.14021","ELEMENT":"f.64D82B69FC2678D0F29344912A345B1C.d.00A53BD621C1FA83AC07F989E85CCA97.e.14021"}]}
COMMAND: POST /session/f31953e55de2d70fb971a65264fe9e98/element/f.64D82B69FC2678D0F29344912A345B1C.d.00A53BD621C1FA83AC07F989E85CCA97.e.14021/click - {}
COMMAND: GET /session/f31953e55de2d70fb971a65264fe9e98/screenshot - {}
RESULT: {}
RESULT: {}
COMMAND: GET /session/f31953e55de2d70fb971a65264fe9e98/screenshot - {}
COMMAND: POST /session/f31953e55de2d70fb971a65264fe9e98/element - {"using":"xpath","value":"//span[contains(@id ,\"AddNewHO--typeSelect-arrow\")]"}
RESULT: {}
RESULT: {}
RESULT: {"using":"xpath","value":"//span[contains(@id ,\"AddNewHO--typeSelect-arrow\")]"}
COMMAND: POST /session/f31953e55de2d70fb971a65264fe9e98/element/f.64D82B69FC2678D0F29344912A345B1C.d.00A53BD621C1FA83AC07F989E85CCA97.e.14383/click - {}
RESULT: {}
COMMAND: GET /session/f31953e55de2d70fb971a65264fe9e98/screenshot - {}
RESULT: {}
COMMAND: POST /session/f31953e55de2d70fb971a65264fe9e98/element - {"using":"xpath","value":"(//li[contains(text(), \"stock increase yard\")])[1]"}
RESULT: {"using":"xpath","value":"(//li[contains(text(), \"stock increase yard\")])[1]"}
COMMAND: POST /session/f31953e55de2d70fb971a65264fe9e98/element/f.64D82B69FC2678D0F29344912A345B1C.d.00A53BD621C1FA83AC07F989E85CCA97.e.14384/click - {}
RESULT: {}
COMMAND: GET /session/f31953e55de2d70fb971a65264fe9e98/screenshot - {}
RESULT: {}
COMMAND: POST /session/f31953e55de2d70fb971a65264fe9e98/execute/async - {"script":"<script> [1562 bytes]","args":[{"selector":{"id":"application-managehandovers-display-component---AddNewHO--dueDate","interaction":{"idSuffix":"inner"}},"wdio_ui5_key":"applicationmanagehandovers-display-component---AddNewHO--dueDate"}]}
RESULT: {"script":"<script> [1562 bytes]","args":[{"selector":{"id":"application-managehandovers-display-component---AddNewHO--dueDate","interaction":{"idSuffix":"inner"}},"wdio_ui5_key":"applicationmanagehandovers-display-component---AddNewHO--dueDate"}]}
RESULT: undefined
COMMAND: POST /session/f31953e55de2d70fb971a65264fe9e98/execute/async - {"script":"<script> [6424 bytes]","args":[{"element-6066-11e4-a52e-4f735466cecf":"f.64D82B69FC2678D0F29344912A345B1C.d.00A53BD621C1FA83AC07F989E85CCA97.e.14386"},"setValue",["5/20/25"]]}
RESULT: {"script":"<script> [6424 bytes]","args":[{"element-6066-11e4-a52e-4f735466cecf":"f.64D82B69FC2678D0F29344912A345B1C.d.00A53BD621C1FA83AC07F989E85CCA97.e.14386"},"setValue",["5/20/25"]]}
COMMAND: POST /session/f31953e55de2d70fb971a65264fe9e98/element - {"using":"xpath","value":"//input[@id=\"generalSectionFrg--receiveYard-inner\"]"}
RESULT: {"using":"xpath","value":"//input[@id=\"generalSectionFrg--receiveYard-inner\"]"}
COMMAND: POST /session/f31953e55de2d70fb971a65264fe9e98/element/f.64D82B69FC2678D0F29344912A345B1C.d.00A53BD621C1FA83AC07F989E85CCA97.e.14390/clear - {}
RESULT: {}
COMMAND: POST /session/f31953e55de2d70fb971a65264fe9e98/element/f.64D82B69FC2678D0F29344912A345B1C.d.00A53BD621C1FA83AC07F989E85CCA97.e.14390/value - {"text":"603"}
COMMAND: GET /session/f31953e55de2d70fb971a65264fe9e98/screenshot - {}
RESULT: {"text":"603"}
COMMAND: GET /session/f31953e55de2d70fb971a65264fe9e98/screenshot - {}
RESULT: {}
RESULT: {}
COMMAND: POST /session/f31953e55de2d70fb971a65264fe9e98/element - {"using":"xpath","value":"//li[.//span[text()='603']]"}
RESULT: {"using":"xpath","value":"//li[.//span[text()='603']]"}
COMMAND: POST /session/f31953e55de2d70fb971a65264fe9e98/element/f.64D82B69FC2678D0F29344912A345B1C.d.00A53BD621C1FA83AC07F989E85CCA97.e.14408/click - {}
RESULT: {}
COMMAND: GET /session/f31953e55de2d70fb971a65264fe9e98/screenshot - {}
RESULT: {}
COMMAND: POST /session/f31953e55de2d70fb971a65264fe9e98/execute/async - {"script":"<script> [1562 bytes]","args":[{"selector":{"id":"application-managehandovers-display-component---AddNewHO--ObjectPageLayout-anchBar-application-managehandovers-display-component---AddNewHO--section4-anchor","interaction":{"idSuffix":"BDI-content"}},"wdio_ui5_key":"applicationmanagehandovers-display-component---AddNewHO--ObjectPageLayout-anchBar-application-managehandovers-display-component---AddNewHO--section4-anchor"}]}
RESULT: {"script":"<script> [1562 bytes]","args":[{"selector":{"id":"application-managehandovers-display-component---AddNewHO--ObjectPageLayout-anchBar-application-managehandovers-display-component---AddNewHO--section4-anchor","interaction":{"idSuffix":"BDI-content"}},"wdio_ui5_key":"applicationmanagehandovers-display-component---AddNewHO--ObjectPageLayout-anchBar-application-managehandovers-display-component---AddNewHO--section4-anchor"}]}
RESULT: undefined
COMMAND: POST /session/f31953e55de2d70fb971a65264fe9e98/element - {"using":"xpath","value":"//*[@id=\"application-managehandovers-display-component---AddNewHO--ObjectPageLayout-anchBar-application-managehandovers-display-component---AddNewHO--section4-anchor\"]"}
RESULT: {"using":"xpath","value":"//*[@id=\"application-managehandovers-display-component---AddNewHO--ObjectPageLayout-anchBar-application-managehandovers-display-component---AddNewHO--section4-anchor\"]"}
COMMAND: POST /session/f31953e55de2d70fb971a65264fe9e98/element/f.64D82B69FC2678D0F29344912A345B1C.d.00A53BD621C1FA83AC07F989E85CCA97.e.14410/click - {}
RESULT: {}
COMMAND: POST /session/f31953e55de2d70fb971a65264fe9e98/element - {"using":"xpath","value":"//button[@aria-label=\"Add\"]"}
COMMAND: GET /session/f31953e55de2d70fb971a65264fe9e98/screenshot - {}
RESULT: {"using":"xpath","value":"//button[@aria-label=\"Add\"]"}
COMMAND: POST /session/f31953e55de2d70fb971a65264fe9e98/element/f.64D82B69FC2678D0F29344912A345B1C.d.00A53BD621C1FA83AC07F989E85CCA97.e.14414/click - {}
RESULT: {}
RESULT: {}
COMMAND: GET /session/f31953e55de2d70fb971a65264fe9e98/screenshot - {}
RESULT: {}
COMMAND: POST /session/f31953e55de2d70fb971a65264fe9e98/execute/async - {"script":"<script> [1562 bytes]","args":[{"selector":{"id":"application-managehandovers-display-component---AddNewHO--smartFilterBar-btnBasicSearch","searchOpenDialogs":true,"interaction":{"idSuffix":"I"}},"wdio_ui5_key":"applicationmanagehandovers-display-component---AddNewHO--smartFilterBar-btnBasicSearch"}]}
RESULT: {"script":"<script> [1562 bytes]","args":[{"selector":{"id":"application-managehandovers-display-component---AddNewHO--smartFilterBar-btnBasicSearch","searchOpenDialogs":true,"interaction":{"idSuffix":"I"}},"wdio_ui5_key":"applicationmanagehandovers-display-component---AddNewHO--smartFilterBar-btnBasicSearch"}]}
RESULT: undefined
COMMAND: POST /session/f31953e55de2d70fb971a65264fe9e98/execute/async - {"script":"<script> [776 bytes]","args":[{"enterText":"dCjv0YJdLD","selector":{"id":"application-managehandovers-display-component---AddNewHO--smartFilterBar-btnBasicSearch","searchOpenDialogs":true,"interaction":{"idSuffix":"I"}},"clearTextFirst":true,"interactionType":"ENTER_TEXT"}]}
RESULT: {"script":"<script> [776 bytes]","args":[{"enterText":"dCjv0YJdLD","selector":{"id":"application-managehandovers-display-component---AddNewHO--smartFilterBar-btnBasicSearch","searchOpenDialogs":true,"interaction":{"idSuffix":"I"}},"clearTextFirst":true,"interactionType":"ENTER_TEXT"}]}
COMMAND: POST /session/f31953e55de2d70fb971a65264fe9e98/actions - {"actions":[{"id":"action55","type":"key","parameters":{},"actions":[{"type":"keyDown","value":"î€‡"},{"type":"pause","duration":10},{"type":"keyUp","value":"î€‡"}]}]}
RESULT: {"actions":[{"id":"action55","type":"key","parameters":{},"actions":[{"type":"keyDown","value":"î€‡"},{"type":"pause","duration":10},{"type":"keyUp","value":"î€‡"}]}]}
COMMAND: GET /session/f31953e55de2d70fb971a65264fe9e98/screenshot - {}
COMMAND: POST /session/f31953e55de2d70fb971a65264fe9e98/execute/async - {"script":"<script> [1562 bytes]","args":[{"selector":{"id":"application-managehandovers-display-component---AddNewHO--popup-sa","searchOpenDialogs":true,"interaction":{"idSuffix":"CbBg"}},"wdio_ui5_key":"applicationmanagehandovers-display-component---AddNewHO--popup-sa"}]}
RESULT: {}
RESULT: {"script":"<script> [1562 bytes]","args":[{"selector":{"id":"application-managehandovers-display-component---AddNewHO--popup-sa","searchOpenDialogs":true,"interaction":{"idSuffix":"CbBg"}},"wdio_ui5_key":"applicationmanagehandovers-display-component---AddNewHO--popup-sa"}]}
RESULT: undefined
COMMAND: POST /session/f31953e55de2d70fb971a65264fe9e98/element - {"using":"xpath","value":"//*[@id=\"application-managehandovers-display-component---AddNewHO--popup-sa\"]"}
RESULT: {"using":"xpath","value":"//*[@id=\"application-managehandovers-display-component---AddNewHO--popup-sa\"]"}
COMMAND: POST /session/f31953e55de2d70fb971a65264fe9e98/element/f.64D82B69FC2678D0F29344912A345B1C.d.00A53BD621C1FA83AC07F989E85CCA97.e.14567/click - {}
RESULT: {}
COMMAND: GET /session/f31953e55de2d70fb971a65264fe9e98/screenshot - {}
RESULT: {}
COMMAND: POST /session/f31953e55de2d70fb971a65264fe9e98/element - {"using":"xpath","value":"//bdi[contains(text(), \"Select\")]"}
RESULT: {"using":"xpath","value":"//bdi[contains(text(), \"Select\")]"}
COMMAND: POST /session/f31953e55de2d70fb971a65264fe9e98/element/f.64D82B69FC2678D0F29344912A345B1C.d.00A53BD621C1FA83AC07F989E85CCA97.e.14568/click - {}
RESULT: {}
COMMAND: GET /session/f31953e55de2d70fb971a65264fe9e98/screenshot - {}
RESULT: {}
COMMAND: POST /session/f31953e55de2d70fb971a65264fe9e98/element - {"using":"xpath","value":"//button[@data-kt=\"AddNewHOSaveButton\"]"}
RESULT: {"using":"xpath","value":"//button[@data-kt=\"AddNewHOSaveButton\"]"}
COMMAND: POST /session/f31953e55de2d70fb971a65264fe9e98/element/f.64D82B69FC2678D0F29344912A345B1C.d.00A53BD621C1FA83AC07F989E85CCA97.e.14572/click - {}
RESULT: {}
COMMAND: GET /session/f31953e55de2d70fb971a65264fe9e98/screenshot - {}
RESULT: {}
COMMAND: POST /session/f31953e55de2d70fb971a65264fe9e98/execute/async - {"script":"<script> [1562 bytes]","args":[{"selector":{"id":"receiptDatePicker","viewName":"etm.portal.ui.managehandovers.view.DetailExecuteHO","interaction":{"idSuffix":"inner"}},"wdio_ui5_key":"receiptDatePickeretmportal.ui.managehandovers.view.DetailExecuteHO"}]}
RESULT: {"script":"<script> [1562 bytes]","args":[{"selector":{"id":"receiptDatePicker","viewName":"etm.portal.ui.managehandovers.view.DetailExecuteHO","interaction":{"idSuffix":"inner"}},"wdio_ui5_key":"receiptDatePickeretmportal.ui.managehandovers.view.DetailExecuteHO"}]}
RESULT: undefined
COMMAND: POST /session/f31953e55de2d70fb971a65264fe9e98/execute/async - {"script":"<script> [6424 bytes]","args":[{"element-6066-11e4-a52e-4f735466cecf":"f.64D82B69FC2678D0F29344912A345B1C.d.00A53BD621C1FA83AC07F989E85CCA97.e.14592"},"setValue",["5/20/25"]]}
RESULT: {"script":"<script> [6424 bytes]","args":[{"element-6066-11e4-a52e-4f735466cecf":"f.64D82B69FC2678D0F29344912A345B1C.d.00A53BD621C1FA83AC07F989E85CCA97.e.14592"},"setValue",["5/20/25"]]}
COMMAND: POST /session/f31953e55de2d70fb971a65264fe9e98/element - {"using":"xpath","value":"//button[@data-kt=\"PickingTableConfirmAllButton\"]"}
RESULT: {"using":"xpath","value":"//button[@data-kt=\"PickingTableConfirmAllButton\"]"}
COMMAND: POST /session/f31953e55de2d70fb971a65264fe9e98/element/f.64D82B69FC2678D0F29344912A345B1C.d.00A53BD621C1FA83AC07F989E85CCA97.e.14607/click - {}
RESULT: {}
COMMAND: GET /session/f31953e55de2d70fb971a65264fe9e98/screenshot - {}
RESULT: {}
COMMAND: POST /session/f31953e55de2d70fb971a65264fe9e98/element - {"using":"xpath","value":"//bdi[contains(text(), \"OK\")]"}
RESULT: {"using":"xpath","value":"//bdi[contains(text(), \"OK\")]"}
COMMAND: POST /session/f31953e55de2d70fb971a65264fe9e98/element/f.64D82B69FC2678D0F29344912A345B1C.d.00A53BD621C1FA83AC07F989E85CCA97.e.14609/click - {}
RESULT: {}
COMMAND: GET /session/f31953e55de2d70fb971a65264fe9e98/screenshot - {}
RESULT: {}
COMMAND: POST /session/f31953e55de2d70fb971a65264fe9e98/element - {"using":"xpath","value":"(//bdi[contains(text(), \"Receive\")])[2]"}
RESULT: {"using":"xpath","value":"(//bdi[contains(text(), \"Receive\")])[2]"}
COMMAND: POST /session/f31953e55de2d70fb971a65264fe9e98/element/f.64D82B69FC2678D0F29344912A345B1C.d.00A53BD621C1FA83AC07F989E85CCA97.e.14611/click - {}
RESULT: {}
COMMAND: GET /session/f31953e55de2d70fb971a65264fe9e98/screenshot - {}
RESULT: {}
COMMAND: POST /session/f31953e55de2d70fb971a65264fe9e98/element - {"using":"css selector","value":"#shell-header-logo"}
RESULT: {"using":"css selector","value":"#shell-header-logo"}
COMMAND: POST /session/f31953e55de2d70fb971a65264fe9e98/element/f.64D82B69FC2678D0F29344912A345B1C.d.00A53BD621C1FA83AC07F989E85CCA97.e.13993/click - {}
RESULT: {}
COMMAND: GET /session/f31953e55de2d70fb971a65264fe9e98/screenshot - {}
RESULT: {}
]]></system-out>
    </testcase>
    <testcase classname="chrome.136_0_7103_93.windows.Billing_transfer_US117289" name="Should create a new contract" time="68.727">
      <system-out><![CDATA[
COMMAND: POST /session/f31953e55de2d70fb971a65264fe9e98/execute/async - {"script":"<script> [1562 bytes]","args":[{"selector":{"controlType":"sap.m.GenericTile","properties":{"header":"Manage Contracts"}},"wdio_ui5_key":"sapm.GenericTile{\"header\":\"Manage Contracts\"}"}]}
RESULT: {"script":"<script> [1562 bytes]","args":[{"selector":{"controlType":"sap.m.GenericTile","properties":{"header":"Manage Contracts"}},"wdio_ui5_key":"sapm.GenericTile{\"header\":\"Manage Contracts\"}"}]}
RESULT: undefined
COMMAND: POST /session/f31953e55de2d70fb971a65264fe9e98/element - {"using":"xpath","value":"//*[@id=\"__tile132\"]"}
RESULT: {"using":"xpath","value":"//*[@id=\"__tile132\"]"}
COMMAND: POST /session/f31953e55de2d70fb971a65264fe9e98/element/f.64D82B69FC2678D0F29344912A345B1C.d.00A53BD621C1FA83AC07F989E85CCA97.e.12659/click - {}
RESULT: {}
COMMAND: GET /session/f31953e55de2d70fb971a65264fe9e98/screenshot - {}
RESULT: {}
COMMAND: POST /session/f31953e55de2d70fb971a65264fe9e98/elements - {"using":"xpath","value":"//span[text()='Error']"}
RESULT: {"using":"xpath","value":"//span[text()='Error']"}
COMMAND: POST /session/f31953e55de2d70fb971a65264fe9e98/element - {"using":"xpath","value":"//button[@data-kt=\"addButton\"]"}
RESULT: {"using":"xpath","value":"//button[@data-kt=\"addButton\"]"}
COMMAND: POST /session/f31953e55de2d70fb971a65264fe9e98/elements - {"using":"xpath","value":"//button[@data-kt=\"addButton\"]"}
RESULT: {"using":"xpath","value":"//button[@data-kt=\"addButton\"]"}
COMMAND: POST /session/f31953e55de2d70fb971a65264fe9e98/execute/sync - {"script":"<script> [8489 bytes]","args":[{"element-6066-11e4-a52e-4f735466cecf":"f.64D82B69FC2678D0F29344912A345B1C.d.00A53BD621C1FA83AC07F989E85CCA97.e.14827","ELEMENT":"f.64D82B69FC2678D0F29344912A345B1C.d.00A53BD621C1FA83AC07F989E85CCA97.e.14827"}]}
RESULT: {"script":"<script> [8489 bytes]","args":[{"element-6066-11e4-a52e-4f735466cecf":"f.64D82B69FC2678D0F29344912A345B1C.d.00A53BD621C1FA83AC07F989E85CCA97.e.14827","ELEMENT":"f.64D82B69FC2678D0F29344912A345B1C.d.00A53BD621C1FA83AC07F989E85CCA97.e.14827"}]}
COMMAND: GET /session/f31953e55de2d70fb971a65264fe9e98/element/f.64D82B69FC2678D0F29344912A345B1C.d.00A53BD621C1FA83AC07F989E85CCA97.e.14827/enabled - {}
COMMAND: GET /session/f31953e55de2d70fb971a65264fe9e98/screenshot - {}
RESULT: {}
COMMAND: POST /session/f31953e55de2d70fb971a65264fe9e98/execute/sync - {"script":"<script> [8489 bytes]","args":[{"element-6066-11e4-a52e-4f735466cecf":"f.64D82B69FC2678D0F29344912A345B1C.d.00A53BD621C1FA83AC07F989E85CCA97.e.14827","ELEMENT":"f.64D82B69FC2678D0F29344912A345B1C.d.00A53BD621C1FA83AC07F989E85CCA97.e.14827"}]}
COMMAND: GET /session/f31953e55de2d70fb971a65264fe9e98/screenshot - {}
RESULT: {}
RESULT: {"script":"<script> [8489 bytes]","args":[{"element-6066-11e4-a52e-4f735466cecf":"f.64D82B69FC2678D0F29344912A345B1C.d.00A53BD621C1FA83AC07F989E85CCA97.e.14827","ELEMENT":"f.64D82B69FC2678D0F29344912A345B1C.d.00A53BD621C1FA83AC07F989E85CCA97.e.14827"}]}
COMMAND: POST /session/f31953e55de2d70fb971a65264fe9e98/execute/sync - {"script":"<script> [5351 bytes]","args":[{"element-6066-11e4-a52e-4f735466cecf":"f.64D82B69FC2678D0F29344912A345B1C.d.00A53BD621C1FA83AC07F989E85CCA97.e.14827","ELEMENT":"f.64D82B69FC2678D0F29344912A345B1C.d.00A53BD621C1FA83AC07F989E85CCA97.e.14827"}]}
COMMAND: GET /session/f31953e55de2d70fb971a65264fe9e98/screenshot - {}
RESULT: {}
RESULT: {"script":"<script> [5351 bytes]","args":[{"element-6066-11e4-a52e-4f735466cecf":"f.64D82B69FC2678D0F29344912A345B1C.d.00A53BD621C1FA83AC07F989E85CCA97.e.14827","ELEMENT":"f.64D82B69FC2678D0F29344912A345B1C.d.00A53BD621C1FA83AC07F989E85CCA97.e.14827"}]}
COMMAND: GET /session/f31953e55de2d70fb971a65264fe9e98/screenshot - {}
RESULT: {}
RESULT: {}
COMMAND: POST /session/f31953e55de2d70fb971a65264fe9e98/element/f.64D82B69FC2678D0F29344912A345B1C.d.00A53BD621C1FA83AC07F989E85CCA97.e.14827/click - {}
RESULT: {}
COMMAND: GET /session/f31953e55de2d70fb971a65264fe9e98/screenshot - {}
COMMAND: POST /session/f31953e55de2d70fb971a65264fe9e98/execute/async - {"script":"<script> [1562 bytes]","args":[{"selector":{"id":"application-managecontracts-display-component---AddNewContract--projectDescription","interaction":{"idSuffix":"inner"}},"wdio_ui5_key":"applicationmanagecontracts-display-component---AddNewContract--projectDescription"}]}
RESULT: {}
RESULT: {"script":"<script> [1562 bytes]","args":[{"selector":{"id":"application-managecontracts-display-component---AddNewContract--projectDescription","interaction":{"idSuffix":"inner"}},"wdio_ui5_key":"applicationmanagecontracts-display-component---AddNewContract--projectDescription"}]}
RESULT: undefined
COMMAND: POST /session/f31953e55de2d70fb971a65264fe9e98/execute/async - {"script":"<script> [776 bytes]","args":[{"enterText":"Contract WDIO","selector":{"id":"application-managecontracts-display-component---AddNewContract--projectDescription","interaction":{"idSuffix":"inner"}},"clearTextFirst":true,"interactionType":"ENTER_TEXT"}]}
RESULT: {"script":"<script> [776 bytes]","args":[{"enterText":"Contract WDIO","selector":{"id":"application-managecontracts-display-component---AddNewContract--projectDescription","interaction":{"idSuffix":"inner"}},"clearTextFirst":true,"interactionType":"ENTER_TEXT"}]}
COMMAND: POST /session/f31953e55de2d70fb971a65264fe9e98/element - {"using":"xpath","value":"//input[@id=\"application-managecontracts-display-component---AddNewContract--site-inner\"]"}
RESULT: {"using":"xpath","value":"//input[@id=\"application-managecontracts-display-component---AddNewContract--site-inner\"]"}
COMMAND: POST /session/f31953e55de2d70fb971a65264fe9e98/element/f.64D82B69FC2678D0F29344912A345B1C.d.00A53BD621C1FA83AC07F989E85CCA97.e.15187/clear - {}
RESULT: {}
COMMAND: POST /session/f31953e55de2d70fb971a65264fe9e98/element/f.64D82B69FC2678D0F29344912A345B1C.d.00A53BD621C1FA83AC07F989E85CCA97.e.15187/value - {"text":"2310"}
COMMAND: GET /session/f31953e55de2d70fb971a65264fe9e98/screenshot - {}
RESULT: {"text":"2310"}
COMMAND: GET /session/f31953e55de2d70fb971a65264fe9e98/screenshot - {}
RESULT: {}
RESULT: {}
COMMAND: POST /session/f31953e55de2d70fb971a65264fe9e98/element - {"using":"xpath","value":"//li[.//span[text()='2310']]"}
RESULT: {"using":"xpath","value":"//li[.//span[text()='2310']]"}
COMMAND: POST /session/f31953e55de2d70fb971a65264fe9e98/element/f.64D82B69FC2678D0F29344912A345B1C.d.00A53BD621C1FA83AC07F989E85CCA97.e.15215/click - {}
RESULT: {}
COMMAND: GET /session/f31953e55de2d70fb971a65264fe9e98/screenshot - {}
RESULT: {}
COMMAND: POST /session/f31953e55de2d70fb971a65264fe9e98/element - {"using":"xpath","value":"//input[@id=\"application-managecontracts-display-component---AddNewContract--yardId-inner\"]"}
RESULT: {"using":"xpath","value":"//input[@id=\"application-managecontracts-display-component---AddNewContract--yardId-inner\"]"}
COMMAND: GET /session/f31953e55de2d70fb971a65264fe9e98/element/f.64D82B69FC2678D0F29344912A345B1C.d.00A53BD621C1FA83AC07F989E85CCA97.e.15188/property/value - {}
RESULT: {}
COMMAND: POST /session/f31953e55de2d70fb971a65264fe9e98/element - {"using":"xpath","value":"//input[@id=\"application-managecontracts-display-component---AddNewContract--customerSelect-inner\"]"}
COMMAND: GET /session/f31953e55de2d70fb971a65264fe9e98/screenshot - {}
RESULT: {"using":"xpath","value":"//input[@id=\"application-managecontracts-display-component---AddNewContract--customerSelect-inner\"]"}
COMMAND: POST /session/f31953e55de2d70fb971a65264fe9e98/element/f.64D82B69FC2678D0F29344912A345B1C.d.00A53BD621C1FA83AC07F989E85CCA97.e.15186/clear - {}
RESULT: {}
RESULT: {}
COMMAND: POST /session/f31953e55de2d70fb971a65264fe9e98/element/f.64D82B69FC2678D0F29344912A345B1C.d.00A53BD621C1FA83AC07F989E85CCA97.e.15186/value - {"text":"1374"}
COMMAND: GET /session/f31953e55de2d70fb971a65264fe9e98/screenshot - {}
RESULT: {"text":"1374"}
COMMAND: GET /session/f31953e55de2d70fb971a65264fe9e98/screenshot - {}
RESULT: {}
RESULT: {}
COMMAND: POST /session/f31953e55de2d70fb971a65264fe9e98/element - {"using":"xpath","value":"//li[.//span[text()='1374']]"}
RESULT: {"using":"xpath","value":"//li[.//span[text()='1374']]"}
COMMAND: POST /session/f31953e55de2d70fb971a65264fe9e98/element/f.64D82B69FC2678D0F29344912A345B1C.d.00A53BD621C1FA83AC07F989E85CCA97.e.15218/click - {}
RESULT: {}
COMMAND: GET /session/f31953e55de2d70fb971a65264fe9e98/screenshot - {}
RESULT: {}
COMMAND: POST /session/f31953e55de2d70fb971a65264fe9e98/element - {"using":"xpath","value":"//button[@data-kt=\"saveButton\"]"}
RESULT: {"using":"xpath","value":"//button[@data-kt=\"saveButton\"]"}
COMMAND: POST /session/f31953e55de2d70fb971a65264fe9e98/element/f.64D82B69FC2678D0F29344912A345B1C.d.00A53BD621C1FA83AC07F989E85CCA97.e.15219/click - {}
RESULT: {}
COMMAND: GET /session/f31953e55de2d70fb971a65264fe9e98/screenshot - {}
RESULT: {}
COMMAND: POST /session/f31953e55de2d70fb971a65264fe9e98/element - {"using":"xpath","value":"//span[contains(@id ,\"contractDetailTitleNoExpanded\")]"}
RESULT: {"using":"xpath","value":"//span[contains(@id ,\"contractDetailTitleNoExpanded\")]"}
COMMAND: POST /session/f31953e55de2d70fb971a65264fe9e98/elements - {"using":"xpath","value":"//span[contains(@id ,\"contractDetailTitleNoExpanded\")]"}
RESULT: {"using":"xpath","value":"//span[contains(@id ,\"contractDetailTitleNoExpanded\")]"}
COMMAND: POST /session/f31953e55de2d70fb971a65264fe9e98/execute/sync - {"script":"<script> [56 bytes]","args":[{"element-6066-11e4-a52e-4f735466cecf":"f.64D82B69FC2678D0F29344912A345B1C.d.00A53BD621C1FA83AC07F989E85CCA97.e.15229","ELEMENT":"f.64D82B69FC2678D0F29344912A345B1C.d.00A53BD621C1FA83AC07F989E85CCA97.e.15229"}]}
RESULT: {"script":"<script> [56 bytes]","args":[{"element-6066-11e4-a52e-4f735466cecf":"f.64D82B69FC2678D0F29344912A345B1C.d.00A53BD621C1FA83AC07F989E85CCA97.e.15229","ELEMENT":"f.64D82B69FC2678D0F29344912A345B1C.d.00A53BD621C1FA83AC07F989E85CCA97.e.15229"}]}
COMMAND: GET /session/f31953e55de2d70fb971a65264fe9e98/screenshot - {}
RESULT: {}
]]></system-out>
    </testcase>
    <testcase classname="chrome.136_0_7103_93.windows.Billing_transfer_US117289" name="Should add created equipment to contract" time="47.95">
      <system-out><![CDATA[
COMMAND: POST /session/f31953e55de2d70fb971a65264fe9e98/element - {"using":"xpath","value":"//button[@data-kt=\"contractDetailEditBtnButton\"]"}
RESULT: {"using":"xpath","value":"//button[@data-kt=\"contractDetailEditBtnButton\"]"}
COMMAND: POST /session/f31953e55de2d70fb971a65264fe9e98/element/f.64D82B69FC2678D0F29344912A345B1C.d.00A53BD621C1FA83AC07F989E85CCA97.e.15230/click - {}
RESULT: {}
COMMAND: GET /session/f31953e55de2d70fb971a65264fe9e98/screenshot - {}
RESULT: {}
COMMAND: POST /session/f31953e55de2d70fb971a65264fe9e98/element - {"using":"xpath","value":"(//span[contains(text(), \"Additional Addresses\")])[2]"}
RESULT: {"using":"xpath","value":"(//span[contains(text(), \"Additional Addresses\")])[2]"}
COMMAND: POST /session/f31953e55de2d70fb971a65264fe9e98/element/f.64D82B69FC2678D0F29344912A345B1C.d.00A53BD621C1FA83AC07F989E85CCA97.e.15286/click - {}
RESULT: {}
COMMAND: GET /session/f31953e55de2d70fb971a65264fe9e98/screenshot - {}
RESULT: {}
COMMAND: POST /session/f31953e55de2d70fb971a65264fe9e98/element - {"using":"xpath","value":"//button[@data-kt=\"btnAddTableRowOverflowToolbarButton\"]"}
RESULT: {"using":"xpath","value":"//button[@data-kt=\"btnAddTableRowOverflowToolbarButton\"]"}
COMMAND: POST /session/f31953e55de2d70fb971a65264fe9e98/element/f.64D82B69FC2678D0F29344912A345B1C.d.00A53BD621C1FA83AC07F989E85CCA97.e.15289/click - {}
RESULT: {}
COMMAND: GET /session/f31953e55de2d70fb971a65264fe9e98/screenshot - {}
RESULT: {}
COMMAND: POST /session/f31953e55de2d70fb971a65264fe9e98/element - {"using":"xpath","value":"//div[(text() = 'Standard Entry' or . = 'Standard Entry')]"}
RESULT: {"using":"xpath","value":"//div[(text() = 'Standard Entry' or . = 'Standard Entry')]"}
COMMAND: POST /session/f31953e55de2d70fb971a65264fe9e98/element/f.64D82B69FC2678D0F29344912A345B1C.d.00A53BD621C1FA83AC07F989E85CCA97.e.15291/click - {}
RESULT: {}
COMMAND: GET /session/f31953e55de2d70fb971a65264fe9e98/screenshot - {}
RESULT: {}
COMMAND: POST /session/f31953e55de2d70fb971a65264fe9e98/element - {"using":"xpath","value":"//td[7]/div/div/input"}
RESULT: {"using":"xpath","value":"//td[7]/div/div/input"}
COMMAND: POST /session/f31953e55de2d70fb971a65264fe9e98/element/f.64D82B69FC2678D0F29344912A345B1C.d.00A53BD621C1FA83AC07F989E85CCA97.e.15300/clear - {}
RESULT: {}
COMMAND: POST /session/f31953e55de2d70fb971a65264fe9e98/element/f.64D82B69FC2678D0F29344912A345B1C.d.00A53BD621C1FA83AC07F989E85CCA97.e.15300/value - {"text":"dCjv0YJdLD"}
COMMAND: GET /session/f31953e55de2d70fb971a65264fe9e98/screenshot - {}
RESULT: {"text":"dCjv0YJdLD"}
COMMAND: GET /session/f31953e55de2d70fb971a65264fe9e98/screenshot - {}
RESULT: {}
RESULT: {}
COMMAND: POST /session/f31953e55de2d70fb971a65264fe9e98/actions - {"actions":[{"id":"action56","type":"key","parameters":{},"actions":[{"type":"keyDown","value":"î€‡"},{"type":"pause","duration":10},{"type":"keyUp","value":"î€‡"}]}]}
RESULT: {"actions":[{"id":"action56","type":"key","parameters":{},"actions":[{"type":"keyDown","value":"î€‡"},{"type":"pause","duration":10},{"type":"keyUp","value":"î€‡"}]}]}
COMMAND: GET /session/f31953e55de2d70fb971a65264fe9e98/screenshot - {}
COMMAND: POST /session/f31953e55de2d70fb971a65264fe9e98/execute/sync - {"script":"<script> [276 bytes]","args":["No pricing information was found"]}
RESULT: {}
RESULT: {"script":"<script> [276 bytes]","args":["No pricing information was found"]}
COMMAND: POST /session/f31953e55de2d70fb971a65264fe9e98/element - {"using":"xpath","value":"(//button[@data-kt=\"saveButton\"])[2]"}
COMMAND: GET /session/f31953e55de2d70fb971a65264fe9e98/screenshot - {}
RESULT: {"using":"xpath","value":"(//button[@data-kt=\"saveButton\"])[2]"}
COMMAND: POST /session/f31953e55de2d70fb971a65264fe9e98/element/f.64D82B69FC2678D0F29344912A345B1C.d.00A53BD621C1FA83AC07F989E85CCA97.e.15315/click - {}
RESULT: {}
RESULT: {}
COMMAND: GET /session/f31953e55de2d70fb971a65264fe9e98/screenshot - {}
RESULT: {}
COMMAND: POST /session/f31953e55de2d70fb971a65264fe9e98/execute/sync - {"script":"<script> [276 bytes]","args":["Some contract items are having rental validity exceeding header rental validity"]}
RESULT: {"script":"<script> [276 bytes]","args":["Some contract items are having rental validity exceeding header rental validity"]}
COMMAND: GET /session/f31953e55de2d70fb971a65264fe9e98/screenshot - {}
RESULT: {}
COMMAND: POST /session/f31953e55de2d70fb971a65264fe9e98/element - {"using":"xpath","value":"//span[contains(@id ,\"contractItemsSmartTable-header-inner\")]"}
RESULT: {"using":"xpath","value":"//span[contains(@id ,\"contractItemsSmartTable-header-inner\")]"}
COMMAND: POST /session/f31953e55de2d70fb971a65264fe9e98/elements - {"using":"xpath","value":"//span[contains(@id ,\"contractItemsSmartTable-header-inner\")]"}
RESULT: {"using":"xpath","value":"//span[contains(@id ,\"contractItemsSmartTable-header-inner\")]"}
COMMAND: POST /session/f31953e55de2d70fb971a65264fe9e98/execute/sync - {"script":"<script> [56 bytes]","args":[{"element-6066-11e4-a52e-4f735466cecf":"f.64D82B69FC2678D0F29344912A345B1C.d.00A53BD621C1FA83AC07F989E85CCA97.e.15321","ELEMENT":"f.64D82B69FC2678D0F29344912A345B1C.d.00A53BD621C1FA83AC07F989E85CCA97.e.15321"}]}
RESULT: {"script":"<script> [56 bytes]","args":[{"element-6066-11e4-a52e-4f735466cecf":"f.64D82B69FC2678D0F29344912A345B1C.d.00A53BD621C1FA83AC07F989E85CCA97.e.15321","ELEMENT":"f.64D82B69FC2678D0F29344912A345B1C.d.00A53BD621C1FA83AC07F989E85CCA97.e.15321"}]}
COMMAND: GET /session/f31953e55de2d70fb971a65264fe9e98/screenshot - {}
]]></system-out>
    </testcase>
    <testcase classname="chrome.136_0_7103_93.windows.Billing_transfer_US117289" name="Should do a provide to site handover" time="71.339">
      <system-out><![CDATA[
COMMAND: POST /session/f31953e55de2d70fb971a65264fe9e98/element - {"using":"xpath","value":"//button[@data-kt=\"provideButton\"]"}
RESULT: {}
RESULT: {"using":"xpath","value":"//button[@data-kt=\"provideButton\"]"}
COMMAND: POST /session/f31953e55de2d70fb971a65264fe9e98/element/f.64D82B69FC2678D0F29344912A345B1C.d.00A53BD621C1FA83AC07F989E85CCA97.e.15322/click - {}
RESULT: {}
COMMAND: GET /session/f31953e55de2d70fb971a65264fe9e98/screenshot - {}
RESULT: {}
RESULT: undefined
COMMAND: POST /session/f31953e55de2d70fb971a65264fe9e98/execute/async - {"script":"<script> [6424 bytes]","args":[{"element-6066-11e4-a52e-4f735466cecf":"f.64D82B69FC2678D0F29344912A345B1C.d.00A53BD621C1FA83AC07F989E85CCA97.e.14386"},"setValue",["5/20/25"]]}
COMMAND: POST /session/f31953e55de2d70fb971a65264fe9e98/execute/async - {"script":"<script> [1562 bytes]","args":[{"selector":{"id":"application-managehandovers-display-component---AddNewHO--dueDate","interaction":{"idSuffix":"inner"}},"wdio_ui5_key":"applicationmanagehandovers-display-component---AddNewHO--dueDate"}]}
RESULT: {"script":"<script> [1562 bytes]","args":[{"selector":{"id":"application-managehandovers-display-component---AddNewHO--dueDate","interaction":{"idSuffix":"inner"}},"wdio_ui5_key":"applicationmanagehandovers-display-component---AddNewHO--dueDate"}]}
COMMAND: POST /session/f31953e55de2d70fb971a65264fe9e98/execute/async - {"script":"<script> [6424 bytes]","args":[{"element-6066-11e4-a52e-4f735466cecf":"f.64D82B69FC2678D0F29344912A345B1C.d.00A53BD621C1FA83AC07F989E85CCA97.e.15412"},"setValue",["5/20/25"]]}
RESULT: {"script":"<script> [6424 bytes]","args":[{"element-6066-11e4-a52e-4f735466cecf":"f.64D82B69FC2678D0F29344912A345B1C.d.00A53BD621C1FA83AC07F989E85CCA97.e.15412"},"setValue",["5/20/25"]]}
COMMAND: POST /session/f31953e55de2d70fb971a65264fe9e98/element - {"using":"xpath","value":"//bdi[contains(text(), \"Instructions\")]"}
RESULT: {"using":"xpath","value":"//bdi[contains(text(), \"Instructions\")]"}
COMMAND: POST /session/f31953e55de2d70fb971a65264fe9e98/element/f.64D82B69FC2678D0F29344912A345B1C.d.00A53BD621C1FA83AC07F989E85CCA97.e.15636/click - {}
RESULT: {}
COMMAND: GET /session/f31953e55de2d70fb971a65264fe9e98/screenshot - {}
RESULT: {}
COMMAND: POST /session/f31953e55de2d70fb971a65264fe9e98/element - {"using":"xpath","value":"//button[@data-kt=\"AddNewHOProvideAddItemsButton\"]"}
RESULT: {"using":"xpath","value":"//button[@data-kt=\"AddNewHOProvideAddItemsButton\"]"}
COMMAND: POST /session/f31953e55de2d70fb971a65264fe9e98/element/f.64D82B69FC2678D0F29344912A345B1C.d.00A53BD621C1FA83AC07F989E85CCA97.e.15640/click - {}
RESULT: {}
COMMAND: GET /session/f31953e55de2d70fb971a65264fe9e98/screenshot - {}
RESULT: {}
RESULT: undefined
COMMAND: POST /session/f31953e55de2d70fb971a65264fe9e98/element - {"using":"xpath","value":"//*[@id=\"application-managehandovers-display-component---AddNewHO--popup-sa\"]"}
RESULT: {"using":"xpath","value":"//*[@id=\"application-managehandovers-display-component---AddNewHO--popup-sa\"]"}
COMMAND: POST /session/f31953e55de2d70fb971a65264fe9e98/element/f.64D82B69FC2678D0F29344912A345B1C.d.00A53BD621C1FA83AC07F989E85CCA97.e.15651/click - {}
RESULT: {}
COMMAND: GET /session/f31953e55de2d70fb971a65264fe9e98/screenshot - {}
RESULT: {}
COMMAND: POST /session/f31953e55de2d70fb971a65264fe9e98/element - {"using":"xpath","value":"//*[contains(@id ,\"BDI-content\")][contains(text(), \"Select\")]"}
RESULT: {"using":"xpath","value":"//*[contains(@id ,\"BDI-content\")][contains(text(), \"Select\")]"}
COMMAND: POST /session/f31953e55de2d70fb971a65264fe9e98/element/f.64D82B69FC2678D0F29344912A345B1C.d.00A53BD621C1FA83AC07F989E85CCA97.e.15652/click - {}
RESULT: {}
COMMAND: GET /session/f31953e55de2d70fb971a65264fe9e98/screenshot - {}
RESULT: {}
COMMAND: POST /session/f31953e55de2d70fb971a65264fe9e98/execute/async - {"script":"<script> [1562 bytes]","args":[{"selector":{"id":"application-managehandovers-display-component---AddNewHO--confirmCreationButton","interaction":{"idSuffix":"BDI-content"}},"wdio_ui5_key":"applicationmanagehandovers-display-component---AddNewHO--confirmCreationButton"}]}
RESULT: {"script":"<script> [1562 bytes]","args":[{"selector":{"id":"application-managehandovers-display-component---AddNewHO--confirmCreationButton","interaction":{"idSuffix":"BDI-content"}},"wdio_ui5_key":"applicationmanagehandovers-display-component---AddNewHO--confirmCreationButton"}]}
RESULT: undefined
COMMAND: POST /session/f31953e55de2d70fb971a65264fe9e98/element - {"using":"xpath","value":"//*[@id=\"application-managehandovers-display-component---AddNewHO--confirmCreationButton\"]"}
RESULT: {"using":"xpath","value":"//*[@id=\"application-managehandovers-display-component---AddNewHO--confirmCreationButton\"]"}
COMMAND: POST /session/f31953e55de2d70fb971a65264fe9e98/element/f.64D82B69FC2678D0F29344912A345B1C.d.00A53BD621C1FA83AC07F989E85CCA97.e.15458/click - {}
RESULT: {}
COMMAND: GET /session/f31953e55de2d70fb971a65264fe9e98/screenshot - {}
RESULT: {}
COMMAND: POST /session/f31953e55de2d70fb971a65264fe9e98/execute/async - {"script":"<script> [1562 bytes]","args":[{"selector":{"id":"issueDatePicker","viewName":"etm.portal.ui.managehandovers.view.DetailExecuteHO","interaction":{"idSuffix":"inner"}},"wdio_ui5_key":"issueDatePickeretmportal.ui.managehandovers.view.DetailExecuteHO"}]}
RESULT: {"script":"<script> [1562 bytes]","args":[{"selector":{"id":"issueDatePicker","viewName":"etm.portal.ui.managehandovers.view.DetailExecuteHO","interaction":{"idSuffix":"inner"}},"wdio_ui5_key":"issueDatePickeretmportal.ui.managehandovers.view.DetailExecuteHO"}]}
RESULT: undefined
COMMAND: POST /session/f31953e55de2d70fb971a65264fe9e98/execute/async - {"script":"<script> [776 bytes]","args":[{"enterText":"5/20/25","selector":{"id":"issueDatePicker","viewName":"etm.portal.ui.managehandovers.view.DetailExecuteHO","interaction":{"idSuffix":"inner"}},"clearTextFirst":true,"interactionType":"ENTER_TEXT"}]}
RESULT: {"script":"<script> [776 bytes]","args":[{"enterText":"5/20/25","selector":{"id":"issueDatePicker","viewName":"etm.portal.ui.managehandovers.view.DetailExecuteHO","interaction":{"idSuffix":"inner"}},"clearTextFirst":true,"interactionType":"ENTER_TEXT"}]}
COMMAND: POST /session/f31953e55de2d70fb971a65264fe9e98/element - {"using":"xpath","value":"//bdi[contains(text(), \"OK\")]"}
RESULT: {"using":"xpath","value":"//bdi[contains(text(), \"OK\")]"}
COMMAND: POST /session/f31953e55de2d70fb971a65264fe9e98/element/f.64D82B69FC2678D0F29344912A345B1C.d.00A53BD621C1FA83AC07F989E85CCA97.e.15702/click - {}
RESULT: {}
COMMAND: GET /session/f31953e55de2d70fb971a65264fe9e98/screenshot - {}
RESULT: {}
COMMAND: POST /session/f31953e55de2d70fb971a65264fe9e98/element - {"using":"xpath","value":"//button[@data-kt=\"PickingTableConfirmAllButton\"]"}
RESULT: {"using":"xpath","value":"//button[@data-kt=\"PickingTableConfirmAllButton\"]"}
COMMAND: POST /session/f31953e55de2d70fb971a65264fe9e98/element/f.64D82B69FC2678D0F29344912A345B1C.d.00A53BD621C1FA83AC07F989E85CCA97.e.15709/click - {}
RESULT: {}
COMMAND: GET /session/f31953e55de2d70fb971a65264fe9e98/screenshot - {}
RESULT: {}
COMMAND: POST /session/f31953e55de2d70fb971a65264fe9e98/element - {"using":"xpath","value":"//bdi[contains(text(), \"OK\")]"}
RESULT: {"using":"xpath","value":"//bdi[contains(text(), \"OK\")]"}
COMMAND: POST /session/f31953e55de2d70fb971a65264fe9e98/element/f.64D82B69FC2678D0F29344912A345B1C.d.00A53BD621C1FA83AC07F989E85CCA97.e.15713/click - {}
RESULT: {}
COMMAND: GET /session/f31953e55de2d70fb971a65264fe9e98/screenshot - {}
RESULT: {}
COMMAND: POST /session/f31953e55de2d70fb971a65264fe9e98/element - {"using":"xpath","value":"//bdi[contains(text(), \"Issue\")]"}
RESULT: {"using":"xpath","value":"//bdi[contains(text(), \"Issue\")]"}
COMMAND: POST /session/f31953e55de2d70fb971a65264fe9e98/element/f.64D82B69FC2678D0F29344912A345B1C.d.00A53BD621C1FA83AC07F989E85CCA97.e.15714/click - {}
RESULT: {}
COMMAND: GET /session/f31953e55de2d70fb971a65264fe9e98/screenshot - {}
RESULT: {}
COMMAND: POST /session/f31953e55de2d70fb971a65264fe9e98/element - {"using":"css selector","value":"#shell-header-logo"}
RESULT: {"using":"css selector","value":"#shell-header-logo"}
COMMAND: POST /session/f31953e55de2d70fb971a65264fe9e98/element/f.64D82B69FC2678D0F29344912A345B1C.d.00A53BD621C1FA83AC07F989E85CCA97.e.14781/click - {}
RESULT: {}
COMMAND: GET /session/f31953e55de2d70fb971a65264fe9e98/screenshot - {}
RESULT: {}
]]></system-out>
    </testcase>
    <testcase classname="chrome.136_0_7103_93.windows.Billing_transfer_US117289" name="Should navigate to Manage Billings and trigger contract calculation business confirm it" time="65.988">
      <system-out><![CDATA[
COMMAND: POST /session/f31953e55de2d70fb971a65264fe9e98/execute/async - {"script":"<script> [1562 bytes]","args":[{"selector":{"controlType":"sap.m.GenericTile","properties":{"header":"Manage Billings"}},"wdio_ui5_key":"sapm.GenericTile{\"header\":\"Manage Billings\"}"}]}
RESULT: {"script":"<script> [1562 bytes]","args":[{"selector":{"controlType":"sap.m.GenericTile","properties":{"header":"Manage Billings"}},"wdio_ui5_key":"sapm.GenericTile{\"header\":\"Manage Billings\"}"}]}
RESULT: undefined
COMMAND: POST /session/f31953e55de2d70fb971a65264fe9e98/element - {"using":"xpath","value":"//*[@id=\"__tile51\"]"}
RESULT: {"using":"xpath","value":"//*[@id=\"__tile51\"]"}
COMMAND: POST /session/f31953e55de2d70fb971a65264fe9e98/element/f.64D82B69FC2678D0F29344912A345B1C.d.00A53BD621C1FA83AC07F989E85CCA97.e.12686/click - {}
RESULT: {}
COMMAND: GET /session/f31953e55de2d70fb971a65264fe9e98/screenshot - {}
RESULT: {}
COMMAND: POST /session/f31953e55de2d70fb971a65264fe9e98/elements - {"using":"xpath","value":"//span[text()='Error']"}
RESULT: {"using":"xpath","value":"//span[text()='Error']"}
COMMAND: POST /session/f31953e55de2d70fb971a65264fe9e98/execute/async - {"script":"<script> [1562 bytes]","args":[{"selector":{"id":"application-managebillings-display-component---billRunCalcResult--smartFilterBar-btnBasicSearch","interaction":{"idSuffix":"I"}},"wdio_ui5_key":"applicationmanagebillings-display-component---billRunCalcResult--smartFilterBar-btnBasicSearch"}]}
RESULT: {"script":"<script> [1562 bytes]","args":[{"selector":{"id":"application-managebillings-display-component---billRunCalcResult--smartFilterBar-btnBasicSearch","interaction":{"idSuffix":"I"}},"wdio_ui5_key":"applicationmanagebillings-display-component---billRunCalcResult--smartFilterBar-btnBasicSearch"}]}
RESULT: undefined
COMMAND: POST /session/f31953e55de2d70fb971a65264fe9e98/execute/async - {"script":"<script> [776 bytes]","args":[{"enterText":"10443","selector":{"id":"application-managebillings-display-component---billRunCalcResult--smartFilterBar-btnBasicSearch","interaction":{"idSuffix":"I"}},"clearTextFirst":true,"interactionType":"ENTER_TEXT"}]}
RESULT: {"script":"<script> [776 bytes]","args":[{"enterText":"10443","selector":{"id":"application-managebillings-display-component---billRunCalcResult--smartFilterBar-btnBasicSearch","interaction":{"idSuffix":"I"}},"clearTextFirst":true,"interactionType":"ENTER_TEXT"}]}
COMMAND: POST /session/f31953e55de2d70fb971a65264fe9e98/actions - {"actions":[{"id":"action57","type":"key","parameters":{},"actions":[{"type":"keyDown","value":"î€‡"},{"type":"pause","duration":10},{"type":"keyUp","value":"î€‡"}]}]}
RESULT: {"actions":[{"id":"action57","type":"key","parameters":{},"actions":[{"type":"keyDown","value":"î€‡"},{"type":"pause","duration":10},{"type":"keyUp","value":"î€‡"}]}]}
COMMAND: GET /session/f31953e55de2d70fb971a65264fe9e98/screenshot - {}
RESULT: {}
COMMAND: POST /session/f31953e55de2d70fb971a65264fe9e98/element - {"using":"xpath","value":"//td[@aria-colindex=\"1\"]/div/div[contains(@class, \"sapMCbBg\")]"}
RESULT: {"using":"xpath","value":"//td[@aria-colindex=\"1\"]/div/div[contains(@class, \"sapMCbBg\")]"}
COMMAND: POST /session/f31953e55de2d70fb971a65264fe9e98/element/f.64D82B69FC2678D0F29344912A345B1C.d.00A53BD621C1FA83AC07F989E85CCA97.e.16099/click - {}
RESULT: {}
COMMAND: GET /session/f31953e55de2d70fb971a65264fe9e98/screenshot - {}
RESULT: {}
COMMAND: POST /session/f31953e55de2d70fb971a65264fe9e98/execute/async - {"script":"<script> [1562 bytes]","args":[{"selector":{"id":"application-managebillings-display-component---billRunCalcResult--contractBillRunDate","interaction":{"idSuffix":"inner"}},"wdio_ui5_key":"applicationmanagebillings-display-component---billRunCalcResult--contractBillRunDate"}]}
RESULT: {"script":"<script> [1562 bytes]","args":[{"selector":{"id":"application-managebillings-display-component---billRunCalcResult--contractBillRunDate","interaction":{"idSuffix":"inner"}},"wdio_ui5_key":"applicationmanagebillings-display-component---billRunCalcResult--contractBillRunDate"}]}
RESULT: undefined
COMMAND: POST /session/f31953e55de2d70fb971a65264fe9e98/execute/async - {"script":"<script> [776 bytes]","args":[{"enterText":"6/20/25","selector":{"id":"application-managebillings-display-component---billRunCalcResult--contractBillRunDate","interaction":{"idSuffix":"inner"}},"clearTextFirst":true,"interactionType":"ENTER_TEXT"}]}
RESULT: {"script":"<script> [776 bytes]","args":[{"enterText":"6/20/25","selector":{"id":"application-managebillings-display-component---billRunCalcResult--contractBillRunDate","interaction":{"idSuffix":"inner"}},"clearTextFirst":true,"interactionType":"ENTER_TEXT"}]}
COMMAND: POST /session/f31953e55de2d70fb971a65264fe9e98/element - {"using":"xpath","value":"//bdi[contains(text(), \"Trigger Calculation\")]"}
RESULT: {"using":"xpath","value":"//bdi[contains(text(), \"Trigger Calculation\")]"}
COMMAND: POST /session/f31953e55de2d70fb971a65264fe9e98/element/f.64D82B69FC2678D0F29344912A345B1C.d.00A53BD621C1FA83AC07F989E85CCA97.e.16150/click - {}
RESULT: {}
COMMAND: GET /session/f31953e55de2d70fb971a65264fe9e98/screenshot - {}
RESULT: {}
COMMAND: POST /session/f31953e55de2d70fb971a65264fe9e98/element - {"using":"xpath","value":"(//span[contains(@id, \"imgNav\")])[1]"}
RESULT: {"using":"xpath","value":"(//span[contains(@id, \"imgNav\")])[1]"}
COMMAND: POST /session/f31953e55de2d70fb971a65264fe9e98/element/f.64D82B69FC2678D0F29344912A345B1C.d.00A53BD621C1FA83AC07F989E85CCA97.e.16100/click - {}
RESULT: {}
COMMAND: GET /session/f31953e55de2d70fb971a65264fe9e98/screenshot - {}
RESULT: {}
COMMAND: POST /session/f31953e55de2d70fb971a65264fe9e98/execute/async - {"script":"<script> [1562 bytes]","args":[{"selector":{"controlType":"sap.ui.core.Icon","viewName":"etm.portal.ui.managebillings.view.Master","viewId":"application-managebillings-display-component---billRunCalcResult","properties":{"src":{"regex":{"source":"slim\\-arrow\\-right"}}}},"wdio_ui5_key":"etmportal.ui.managebillings.view.Mastersap.ui.core.Icon{\"src\":{\"regex\":{\"source\":\"slim\\\\-arrow\\\\-right\"}}}"}]}
RESULT: {"script":"<script> [1562 bytes]","args":[{"selector":{"controlType":"sap.ui.core.Icon","viewName":"etm.portal.ui.managebillings.view.Master","viewId":"application-managebillings-display-component---billRunCalcResult","properties":{"src":{"regex":{"source":"slim\\-arrow\\-right"}}}},"wdio_ui5_key":"etmportal.ui.managebillings.view.Mastersap.ui.core.Icon{\"src\":{\"regex\":{\"source\":\"slim\\\\-arrow\\\\-right\"}}}"}]}
RESULT: undefined
COMMAND: POST /session/f31953e55de2d70fb971a65264fe9e98/element - {"using":"xpath","value":"//*[@id=\"__item2251-application-managebillings-display-component---billRunCalcResult--billingRunsTable-0-imgNav\"]"}
RESULT: {"using":"xpath","value":"//*[@id=\"__item2251-application-managebillings-display-component---billRunCalcResult--billingRunsTable-0-imgNav\"]"}
COMMAND: POST /session/f31953e55de2d70fb971a65264fe9e98/element/f.64D82B69FC2678D0F29344912A345B1C.d.00A53BD621C1FA83AC07F989E85CCA97.e.16154/click - {}
RESULT: {}
COMMAND: POST /session/f31953e55de2d70fb971a65264fe9e98/execute/async - {"script":"<script> [1562 bytes]","args":[{"selector":{"id":"application-managebillings-display-component---billRunCalcResult--btnConf","interaction":{"idSuffix":"BDI-content"}},"wdio_ui5_key":"applicationmanagebillings-display-component---billRunCalcResult--btnConf"}]}
COMMAND: GET /session/f31953e55de2d70fb971a65264fe9e98/screenshot - {}
RESULT: {"script":"<script> [1562 bytes]","args":[{"selector":{"id":"application-managebillings-display-component---billRunCalcResult--btnConf","interaction":{"idSuffix":"BDI-content"}},"wdio_ui5_key":"applicationmanagebillings-display-component---billRunCalcResult--btnConf"}]}
RESULT: undefined
COMMAND: POST /session/f31953e55de2d70fb971a65264fe9e98/element - {"using":"xpath","value":"//*[@id=\"application-managebillings-display-component---billRunCalcResult--btnConf\"]"}
RESULT: {}
RESULT: {"using":"xpath","value":"//*[@id=\"application-managebillings-display-component---billRunCalcResult--btnConf\"]"}
COMMAND: POST /session/f31953e55de2d70fb971a65264fe9e98/element/f.64D82B69FC2678D0F29344912A345B1C.d.00A53BD621C1FA83AC07F989E85CCA97.e.16161/click - {}
RESULT: {}
COMMAND: POST /session/f31953e55de2d70fb971a65264fe9e98/element - {"using":"css selector","value":"#shell-header-logo"}
COMMAND: GET /session/f31953e55de2d70fb971a65264fe9e98/screenshot - {}
RESULT: {"using":"css selector","value":"#shell-header-logo"}
COMMAND: POST /session/f31953e55de2d70fb971a65264fe9e98/element/f.64D82B69FC2678D0F29344912A345B1C.d.00A53BD621C1FA83AC07F989E85CCA97.e.15895/click - {}
RESULT: {}
RESULT: {}
COMMAND: GET /session/f31953e55de2d70fb971a65264fe9e98/screenshot - {}
RESULT: {}
]]></system-out>
    </testcase>
    <testcase classname="chrome.136_0_7103_93.windows.Billing_transfer_US117289" name="Should trigger Billing Transfer process all the way to completion" time="95.42">
      <system-out><![CDATA[
COMMAND: POST /session/f31953e55de2d70fb971a65264fe9e98/execute/async - {"script":"<script> [1562 bytes]","args":[{"selector":{"controlType":"sap.m.GenericTile","properties":{"header":"Billing Transfer"}},"wdio_ui5_key":"sapm.GenericTile{\"header\":\"Billing Transfer\"}"}]}
RESULT: {"script":"<script> [1562 bytes]","args":[{"selector":{"controlType":"sap.m.GenericTile","properties":{"header":"Billing Transfer"}},"wdio_ui5_key":"sapm.GenericTile{\"header\":\"Billing Transfer\"}"}]}
RESULT: undefined
COMMAND: POST /session/f31953e55de2d70fb971a65264fe9e98/element - {"using":"xpath","value":"//*[@id=\"__tile50\"]"}
RESULT: {"using":"xpath","value":"//*[@id=\"__tile50\"]"}
COMMAND: POST /session/f31953e55de2d70fb971a65264fe9e98/element/f.64D82B69FC2678D0F29344912A345B1C.d.00A53BD621C1FA83AC07F989E85CCA97.e.12684/click - {}
RESULT: {}
COMMAND: GET /session/f31953e55de2d70fb971a65264fe9e98/screenshot - {}
RESULT: {}
COMMAND: POST /session/f31953e55de2d70fb971a65264fe9e98/elements - {"using":"xpath","value":"//span[text()='Error']"}
RESULT: {"using":"xpath","value":"//span[text()='Error']"}
COMMAND: POST /session/f31953e55de2d70fb971a65264fe9e98/element - {"using":"xpath","value":"//input[contains(@id ,\"application-billingtransfer-display-component---billingWorkbench--smartFilterBar-btnBasicSearch\")]"}
RESULT: {"using":"xpath","value":"//input[contains(@id ,\"application-billingtransfer-display-component---billingWorkbench--smartFilterBar-btnBasicSearch\")]"}
COMMAND: POST /session/f31953e55de2d70fb971a65264fe9e98/elements - {"using":"xpath","value":"//input[contains(@id ,\"application-billingtransfer-display-component---billingWorkbench--smartFilterBar-btnBasicSearch\")]"}
RESULT: {"using":"xpath","value":"//input[contains(@id ,\"application-billingtransfer-display-component---billingWorkbench--smartFilterBar-btnBasicSearch\")]"}
COMMAND: POST /session/f31953e55de2d70fb971a65264fe9e98/execute/sync - {"script":"<script> [8489 bytes]","args":[{"element-6066-11e4-a52e-4f735466cecf":"f.64D82B69FC2678D0F29344912A345B1C.d.00A53BD621C1FA83AC07F989E85CCA97.e.16227","ELEMENT":"f.64D82B69FC2678D0F29344912A345B1C.d.00A53BD621C1FA83AC07F989E85CCA97.e.16227"}]}
RESULT: {"script":"<script> [8489 bytes]","args":[{"element-6066-11e4-a52e-4f735466cecf":"f.64D82B69FC2678D0F29344912A345B1C.d.00A53BD621C1FA83AC07F989E85CCA97.e.16227","ELEMENT":"f.64D82B69FC2678D0F29344912A345B1C.d.00A53BD621C1FA83AC07F989E85CCA97.e.16227"}]}
COMMAND: GET /session/f31953e55de2d70fb971a65264fe9e98/element/f.64D82B69FC2678D0F29344912A345B1C.d.00A53BD621C1FA83AC07F989E85CCA97.e.16227/enabled - {}
COMMAND: GET /session/f31953e55de2d70fb971a65264fe9e98/screenshot - {}
RESULT: {}
COMMAND: POST /session/f31953e55de2d70fb971a65264fe9e98/element/f.64D82B69FC2678D0F29344912A345B1C.d.00A53BD621C1FA83AC07F989E85CCA97.e.16227/click - {}
COMMAND: GET /session/f31953e55de2d70fb971a65264fe9e98/screenshot - {}
RESULT: {}
RESULT: {}
RESULT: {}
COMMAND: GET /session/f31953e55de2d70fb971a65264fe9e98/screenshot - {}
RESULT: {}
COMMAND: POST /session/f31953e55de2d70fb971a65264fe9e98/element/f.64D82B69FC2678D0F29344912A345B1C.d.00A53BD621C1FA83AC07F989E85CCA97.e.16227/clear - {}
RESULT: {}
COMMAND: POST /session/f31953e55de2d70fb971a65264fe9e98/element/f.64D82B69FC2678D0F29344912A345B1C.d.00A53BD621C1FA83AC07F989E85CCA97.e.16227/value - {"text":"10443"}
COMMAND: GET /session/f31953e55de2d70fb971a65264fe9e98/screenshot - {}
RESULT: {"text":"10443"}
COMMAND: POST /session/f31953e55de2d70fb971a65264fe9e98/actions - {"actions":[{"id":"action58","type":"key","parameters":{},"actions":[{"type":"keyDown","value":"î€‡"},{"type":"pause","duration":10},{"type":"keyUp","value":"î€‡"}]}]}
COMMAND: GET /session/f31953e55de2d70fb971a65264fe9e98/screenshot - {}
RESULT: {}
RESULT: {"actions":[{"id":"action58","type":"key","parameters":{},"actions":[{"type":"keyDown","value":"î€‡"},{"type":"pause","duration":10},{"type":"keyUp","value":"î€‡"}]}]}
COMMAND: GET /session/f31953e55de2d70fb971a65264fe9e98/screenshot - {}
RESULT: {}
RESULT: {}
COMMAND: POST /session/f31953e55de2d70fb971a65264fe9e98/element - {"using":"xpath","value":"//span[contains(@id ,\"application-billingtransfer-display-component---billingWorkbench--smartTableBillingRuns-header-inner\")]"}
RESULT: {"using":"xpath","value":"//span[contains(@id ,\"application-billingtransfer-display-component---billingWorkbench--smartTableBillingRuns-header-inner\")]"}
COMMAND: POST /session/f31953e55de2d70fb971a65264fe9e98/elements - {"using":"xpath","value":"//span[contains(@id ,\"application-billingtransfer-display-component---billingWorkbench--smartTableBillingRuns-header-inner\")]"}
RESULT: {"using":"xpath","value":"//span[contains(@id ,\"application-billingtransfer-display-component---billingWorkbench--smartTableBillingRuns-header-inner\")]"}
COMMAND: POST /session/f31953e55de2d70fb971a65264fe9e98/execute/sync - {"script":"<script> [56 bytes]","args":[{"element-6066-11e4-a52e-4f735466cecf":"f.64D82B69FC2678D0F29344912A345B1C.d.00A53BD621C1FA83AC07F989E85CCA97.e.16406","ELEMENT":"f.64D82B69FC2678D0F29344912A345B1C.d.00A53BD621C1FA83AC07F989E85CCA97.e.16406"}]}
RESULT: {"script":"<script> [56 bytes]","args":[{"element-6066-11e4-a52e-4f735466cecf":"f.64D82B69FC2678D0F29344912A345B1C.d.00A53BD621C1FA83AC07F989E85CCA97.e.16406","ELEMENT":"f.64D82B69FC2678D0F29344912A345B1C.d.00A53BD621C1FA83AC07F989E85CCA97.e.16406"}]}
COMMAND: POST /session/f31953e55de2d70fb971a65264fe9e98/element - {"using":"xpath","value":"//td[@aria-colindex=\"1\"]/div/div[contains(@class, \"sapMCbBg\")]"}
COMMAND: GET /session/f31953e55de2d70fb971a65264fe9e98/screenshot - {}
RESULT: {"using":"xpath","value":"//td[@aria-colindex=\"1\"]/div/div[contains(@class, \"sapMCbBg\")]"}
COMMAND: POST /session/f31953e55de2d70fb971a65264fe9e98/element/f.64D82B69FC2678D0F29344912A345B1C.d.00A53BD621C1FA83AC07F989E85CCA97.e.16398/click - {}
RESULT: {}
RESULT: {}
COMMAND: GET /session/f31953e55de2d70fb971a65264fe9e98/screenshot - {}
RESULT: {}
COMMAND: POST /session/f31953e55de2d70fb971a65264fe9e98/element - {"using":"xpath","value":"//bdi[contains(text(), \"Check\")]"}
RESULT: {"using":"xpath","value":"//bdi[contains(text(), \"Check\")]"}
COMMAND: POST /session/f31953e55de2d70fb971a65264fe9e98/element/f.64D82B69FC2678D0F29344912A345B1C.d.00A53BD621C1FA83AC07F989E85CCA97.e.16407/click - {}
RESULT: {}
COMMAND: GET /session/f31953e55de2d70fb971a65264fe9e98/screenshot - {}
RESULT: {}
COMMAND: POST /session/f31953e55de2d70fb971a65264fe9e98/element - {"using":"xpath","value":"//bdi[contains(text(), \"OK\")]"}
RESULT: {"using":"xpath","value":"//bdi[contains(text(), \"OK\")]"}
COMMAND: POST /session/f31953e55de2d70fb971a65264fe9e98/element/f.64D82B69FC2678D0F29344912A345B1C.d.00A53BD621C1FA83AC07F989E85CCA97.e.16410/click - {}
RESULT: {}
COMMAND: GET /session/f31953e55de2d70fb971a65264fe9e98/screenshot - {}
RESULT: {}
COMMAND: POST /session/f31953e55de2d70fb971a65264fe9e98/element - {"using":"xpath","value":"(//span[contains(text(), \"CO/SD checked\")]/parent::div/preceding-sibling::div/span)[1]"}
RESULT: {"using":"xpath","value":"(//span[contains(text(), \"CO/SD checked\")]/parent::div/preceding-sibling::div/span)[1]"}
COMMAND: POST /session/f31953e55de2d70fb971a65264fe9e98/element/f.64D82B69FC2678D0F29344912A345B1C.d.00A53BD621C1FA83AC07F989E85CCA97.e.16411/click - {}
RESULT: {}
COMMAND: GET /session/f31953e55de2d70fb971a65264fe9e98/screenshot - {}
RESULT: {}
COMMAND: POST /session/f31953e55de2d70fb971a65264fe9e98/element - {"using":"xpath","value":"//input[contains(@id ,\"application-billingtransfer-display-component---billingWorkbench--smartFilterBar-btnBasicSearch\")]"}
RESULT: {"using":"xpath","value":"//input[contains(@id ,\"application-billingtransfer-display-component---billingWorkbench--smartFilterBar-btnBasicSearch\")]"}
COMMAND: POST /session/f31953e55de2d70fb971a65264fe9e98/elements - {"using":"xpath","value":"//input[contains(@id ,\"application-billingtransfer-display-component---billingWorkbench--smartFilterBar-btnBasicSearch\")]"}
RESULT: {"using":"xpath","value":"//input[contains(@id ,\"application-billingtransfer-display-component---billingWorkbench--smartFilterBar-btnBasicSearch\")]"}
COMMAND: POST /session/f31953e55de2d70fb971a65264fe9e98/execute/sync - {"script":"<script> [8489 bytes]","args":[{"element-6066-11e4-a52e-4f735466cecf":"f.64D82B69FC2678D0F29344912A345B1C.d.00A53BD621C1FA83AC07F989E85CCA97.e.16227","ELEMENT":"f.64D82B69FC2678D0F29344912A345B1C.d.00A53BD621C1FA83AC07F989E85CCA97.e.16227"}]}
RESULT: {"script":"<script> [8489 bytes]","args":[{"element-6066-11e4-a52e-4f735466cecf":"f.64D82B69FC2678D0F29344912A345B1C.d.00A53BD621C1FA83AC07F989E85CCA97.e.16227","ELEMENT":"f.64D82B69FC2678D0F29344912A345B1C.d.00A53BD621C1FA83AC07F989E85CCA97.e.16227"}]}
COMMAND: GET /session/f31953e55de2d70fb971a65264fe9e98/element/f.64D82B69FC2678D0F29344912A345B1C.d.00A53BD621C1FA83AC07F989E85CCA97.e.16227/enabled - {}
COMMAND: GET /session/f31953e55de2d70fb971a65264fe9e98/screenshot - {}
RESULT: {}
COMMAND: POST /session/f31953e55de2d70fb971a65264fe9e98/element/f.64D82B69FC2678D0F29344912A345B1C.d.00A53BD621C1FA83AC07F989E85CCA97.e.16227/click - {}
COMMAND: GET /session/f31953e55de2d70fb971a65264fe9e98/screenshot - {}
RESULT: {}
RESULT: {}
COMMAND: GET /session/f31953e55de2d70fb971a65264fe9e98/screenshot - {}
RESULT: {}
RESULT: {}
COMMAND: POST /session/f31953e55de2d70fb971a65264fe9e98/element/f.64D82B69FC2678D0F29344912A345B1C.d.00A53BD621C1FA83AC07F989E85CCA97.e.16227/clear - {}
RESULT: {}
COMMAND: POST /session/f31953e55de2d70fb971a65264fe9e98/element/f.64D82B69FC2678D0F29344912A345B1C.d.00A53BD621C1FA83AC07F989E85CCA97.e.16227/value - {"text":"10443"}
COMMAND: GET /session/f31953e55de2d70fb971a65264fe9e98/screenshot - {}
RESULT: {"text":"10443"}
COMMAND: POST /session/f31953e55de2d70fb971a65264fe9e98/actions - {"actions":[{"id":"action59","type":"key","parameters":{},"actions":[{"type":"keyDown","value":"î€‡"},{"type":"pause","duration":10},{"type":"keyUp","value":"î€‡"}]}]}
COMMAND: GET /session/f31953e55de2d70fb971a65264fe9e98/screenshot - {}
RESULT: {}
RESULT: {"actions":[{"id":"action59","type":"key","parameters":{},"actions":[{"type":"keyDown","value":"î€‡"},{"type":"pause","duration":10},{"type":"keyUp","value":"î€‡"}]}]}
COMMAND: GET /session/f31953e55de2d70fb971a65264fe9e98/screenshot - {}
RESULT: {}
RESULT: {}
COMMAND: POST /session/f31953e55de2d70fb971a65264fe9e98/element - {"using":"xpath","value":"//span[contains(@id ,\"application-billingtransfer-display-component---billingWorkbench--smartTableBillingRuns-header-inner\")]"}
RESULT: {"using":"xpath","value":"//span[contains(@id ,\"application-billingtransfer-display-component---billingWorkbench--smartTableBillingRuns-header-inner\")]"}
COMMAND: POST /session/f31953e55de2d70fb971a65264fe9e98/elements - {"using":"xpath","value":"//span[contains(@id ,\"application-billingtransfer-display-component---billingWorkbench--smartTableBillingRuns-header-inner\")]"}
RESULT: {"using":"xpath","value":"//span[contains(@id ,\"application-billingtransfer-display-component---billingWorkbench--smartTableBillingRuns-header-inner\")]"}
COMMAND: POST /session/f31953e55de2d70fb971a65264fe9e98/execute/sync - {"script":"<script> [56 bytes]","args":[{"element-6066-11e4-a52e-4f735466cecf":"f.64D82B69FC2678D0F29344912A345B1C.d.00A53BD621C1FA83AC07F989E85CCA97.e.16406","ELEMENT":"f.64D82B69FC2678D0F29344912A345B1C.d.00A53BD621C1FA83AC07F989E85CCA97.e.16406"}]}
RESULT: {"script":"<script> [56 bytes]","args":[{"element-6066-11e4-a52e-4f735466cecf":"f.64D82B69FC2678D0F29344912A345B1C.d.00A53BD621C1FA83AC07F989E85CCA97.e.16406","ELEMENT":"f.64D82B69FC2678D0F29344912A345B1C.d.00A53BD621C1FA83AC07F989E85CCA97.e.16406"}]}
COMMAND: GET /session/f31953e55de2d70fb971a65264fe9e98/screenshot - {}
RESULT: {}
COMMAND: POST /session/f31953e55de2d70fb971a65264fe9e98/execute/sync - {"script":"<script> [56 bytes]","args":[{"element-6066-11e4-a52e-4f735466cecf":"f.64D82B69FC2678D0F29344912A345B1C.d.00A53BD621C1FA83AC07F989E85CCA97.e.16406","ELEMENT":"f.64D82B69FC2678D0F29344912A345B1C.d.00A53BD621C1FA83AC07F989E85CCA97.e.16406"}]}
RESULT: {"script":"<script> [56 bytes]","args":[{"element-6066-11e4-a52e-4f735466cecf":"f.64D82B69FC2678D0F29344912A345B1C.d.00A53BD621C1FA83AC07F989E85CCA97.e.16406","ELEMENT":"f.64D82B69FC2678D0F29344912A345B1C.d.00A53BD621C1FA83AC07F989E85CCA97.e.16406"}]}
COMMAND: GET /session/f31953e55de2d70fb971a65264fe9e98/screenshot - {}
RESULT: {}
COMMAND: POST /session/f31953e55de2d70fb971a65264fe9e98/execute/sync - {"script":"<script> [56 bytes]","args":[{"element-6066-11e4-a52e-4f735466cecf":"f.64D82B69FC2678D0F29344912A345B1C.d.00A53BD621C1FA83AC07F989E85CCA97.e.16406","ELEMENT":"f.64D82B69FC2678D0F29344912A345B1C.d.00A53BD621C1FA83AC07F989E85CCA97.e.16406"}]}
RESULT: {"script":"<script> [56 bytes]","args":[{"element-6066-11e4-a52e-4f735466cecf":"f.64D82B69FC2678D0F29344912A345B1C.d.00A53BD621C1FA83AC07F989E85CCA97.e.16406","ELEMENT":"f.64D82B69FC2678D0F29344912A345B1C.d.00A53BD621C1FA83AC07F989E85CCA97.e.16406"}]}
COMMAND: GET /session/f31953e55de2d70fb971a65264fe9e98/screenshot - {}
RESULT: {}
COMMAND: POST /session/f31953e55de2d70fb971a65264fe9e98/execute/sync - {"script":"<script> [56 bytes]","args":[{"element-6066-11e4-a52e-4f735466cecf":"f.64D82B69FC2678D0F29344912A345B1C.d.00A53BD621C1FA83AC07F989E85CCA97.e.16406","ELEMENT":"f.64D82B69FC2678D0F29344912A345B1C.d.00A53BD621C1FA83AC07F989E85CCA97.e.16406"}]}
RESULT: {"script":"<script> [56 bytes]","args":[{"element-6066-11e4-a52e-4f735466cecf":"f.64D82B69FC2678D0F29344912A345B1C.d.00A53BD621C1FA83AC07F989E85CCA97.e.16406","ELEMENT":"f.64D82B69FC2678D0F29344912A345B1C.d.00A53BD621C1FA83AC07F989E85CCA97.e.16406"}]}
COMMAND: GET /session/f31953e55de2d70fb971a65264fe9e98/screenshot - {}
COMMAND: POST /session/f31953e55de2d70fb971a65264fe9e98/execute/sync - {"script":"<script> [56 bytes]","args":[{"element-6066-11e4-a52e-4f735466cecf":"f.64D82B69FC2678D0F29344912A345B1C.d.00A53BD621C1FA83AC07F989E85CCA97.e.16406","ELEMENT":"f.64D82B69FC2678D0F29344912A345B1C.d.00A53BD621C1FA83AC07F989E85CCA97.e.16406"}]}
RESULT: {}
RESULT: {"script":"<script> [56 bytes]","args":[{"element-6066-11e4-a52e-4f735466cecf":"f.64D82B69FC2678D0F29344912A345B1C.d.00A53BD621C1FA83AC07F989E85CCA97.e.16406","ELEMENT":"f.64D82B69FC2678D0F29344912A345B1C.d.00A53BD621C1FA83AC07F989E85CCA97.e.16406"}]}
COMMAND: GET /session/f31953e55de2d70fb971a65264fe9e98/screenshot - {}
COMMAND: POST /session/f31953e55de2d70fb971a65264fe9e98/execute/sync - {"script":"<script> [56 bytes]","args":[{"element-6066-11e4-a52e-4f735466cecf":"f.64D82B69FC2678D0F29344912A345B1C.d.00A53BD621C1FA83AC07F989E85CCA97.e.16406","ELEMENT":"f.64D82B69FC2678D0F29344912A345B1C.d.00A53BD621C1FA83AC07F989E85CCA97.e.16406"}]}
RESULT: {}
RESULT: {"script":"<script> [56 bytes]","args":[{"element-6066-11e4-a52e-4f735466cecf":"f.64D82B69FC2678D0F29344912A345B1C.d.00A53BD621C1FA83AC07F989E85CCA97.e.16406","ELEMENT":"f.64D82B69FC2678D0F29344912A345B1C.d.00A53BD621C1FA83AC07F989E85CCA97.e.16406"}]}
COMMAND: GET /session/f31953e55de2d70fb971a65264fe9e98/screenshot - {}
COMMAND: POST /session/f31953e55de2d70fb971a65264fe9e98/execute/sync - {"script":"<script> [56 bytes]","args":[{"element-6066-11e4-a52e-4f735466cecf":"f.64D82B69FC2678D0F29344912A345B1C.d.00A53BD621C1FA83AC07F989E85CCA97.e.16406","ELEMENT":"f.64D82B69FC2678D0F29344912A345B1C.d.00A53BD621C1FA83AC07F989E85CCA97.e.16406"}]}
RESULT: {}
RESULT: {"script":"<script> [56 bytes]","args":[{"element-6066-11e4-a52e-4f735466cecf":"f.64D82B69FC2678D0F29344912A345B1C.d.00A53BD621C1FA83AC07F989E85CCA97.e.16406","ELEMENT":"f.64D82B69FC2678D0F29344912A345B1C.d.00A53BD621C1FA83AC07F989E85CCA97.e.16406"}]}
COMMAND: GET /session/f31953e55de2d70fb971a65264fe9e98/screenshot - {}
COMMAND: POST /session/f31953e55de2d70fb971a65264fe9e98/execute/sync - {"script":"<script> [56 bytes]","args":[{"element-6066-11e4-a52e-4f735466cecf":"f.64D82B69FC2678D0F29344912A345B1C.d.00A53BD621C1FA83AC07F989E85CCA97.e.16406","ELEMENT":"f.64D82B69FC2678D0F29344912A345B1C.d.00A53BD621C1FA83AC07F989E85CCA97.e.16406"}]}
RESULT: {}
RESULT: {"script":"<script> [56 bytes]","args":[{"element-6066-11e4-a52e-4f735466cecf":"f.64D82B69FC2678D0F29344912A345B1C.d.00A53BD621C1FA83AC07F989E85CCA97.e.16406","ELEMENT":"f.64D82B69FC2678D0F29344912A345B1C.d.00A53BD621C1FA83AC07F989E85CCA97.e.16406"}]}
COMMAND: GET /session/f31953e55de2d70fb971a65264fe9e98/screenshot - {}
RESULT: {}
COMMAND: POST /session/f31953e55de2d70fb971a65264fe9e98/execute/sync - {"script":"<script> [56 bytes]","args":[{"element-6066-11e4-a52e-4f735466cecf":"f.64D82B69FC2678D0F29344912A345B1C.d.00A53BD621C1FA83AC07F989E85CCA97.e.16406","ELEMENT":"f.64D82B69FC2678D0F29344912A345B1C.d.00A53BD621C1FA83AC07F989E85CCA97.e.16406"}]}
RESULT: {"script":"<script> [56 bytes]","args":[{"element-6066-11e4-a52e-4f735466cecf":"f.64D82B69FC2678D0F29344912A345B1C.d.00A53BD621C1FA83AC07F989E85CCA97.e.16406","ELEMENT":"f.64D82B69FC2678D0F29344912A345B1C.d.00A53BD621C1FA83AC07F989E85CCA97.e.16406"}]}
COMMAND: GET /session/f31953e55de2d70fb971a65264fe9e98/screenshot - {}
RESULT: {}
COMMAND: POST /session/f31953e55de2d70fb971a65264fe9e98/execute/sync - {"script":"<script> [56 bytes]","args":[{"element-6066-11e4-a52e-4f735466cecf":"f.64D82B69FC2678D0F29344912A345B1C.d.00A53BD621C1FA83AC07F989E85CCA97.e.16406","ELEMENT":"f.64D82B69FC2678D0F29344912A345B1C.d.00A53BD621C1FA83AC07F989E85CCA97.e.16406"}]}
RESULT: {"script":"<script> [56 bytes]","args":[{"element-6066-11e4-a52e-4f735466cecf":"f.64D82B69FC2678D0F29344912A345B1C.d.00A53BD621C1FA83AC07F989E85CCA97.e.16406","ELEMENT":"f.64D82B69FC2678D0F29344912A345B1C.d.00A53BD621C1FA83AC07F989E85CCA97.e.16406"}]}
COMMAND: GET /session/f31953e55de2d70fb971a65264fe9e98/screenshot - {}
RESULT: {}
COMMAND: POST /session/f31953e55de2d70fb971a65264fe9e98/execute/sync - {"script":"<script> [56 bytes]","args":[{"element-6066-11e4-a52e-4f735466cecf":"f.64D82B69FC2678D0F29344912A345B1C.d.00A53BD621C1FA83AC07F989E85CCA97.e.16406","ELEMENT":"f.64D82B69FC2678D0F29344912A345B1C.d.00A53BD621C1FA83AC07F989E85CCA97.e.16406"}]}
RESULT: {"script":"<script> [56 bytes]","args":[{"element-6066-11e4-a52e-4f735466cecf":"f.64D82B69FC2678D0F29344912A345B1C.d.00A53BD621C1FA83AC07F989E85CCA97.e.16406","ELEMENT":"f.64D82B69FC2678D0F29344912A345B1C.d.00A53BD621C1FA83AC07F989E85CCA97.e.16406"}]}
COMMAND: GET /session/f31953e55de2d70fb971a65264fe9e98/screenshot - {}
RESULT: {}
COMMAND: POST /session/f31953e55de2d70fb971a65264fe9e98/execute/sync - {"script":"<script> [56 bytes]","args":[{"element-6066-11e4-a52e-4f735466cecf":"f.64D82B69FC2678D0F29344912A345B1C.d.00A53BD621C1FA83AC07F989E85CCA97.e.16406","ELEMENT":"f.64D82B69FC2678D0F29344912A345B1C.d.00A53BD621C1FA83AC07F989E85CCA97.e.16406"}]}
RESULT: {"script":"<script> [56 bytes]","args":[{"element-6066-11e4-a52e-4f735466cecf":"f.64D82B69FC2678D0F29344912A345B1C.d.00A53BD621C1FA83AC07F989E85CCA97.e.16406","ELEMENT":"f.64D82B69FC2678D0F29344912A345B1C.d.00A53BD621C1FA83AC07F989E85CCA97.e.16406"}]}
COMMAND: GET /session/f31953e55de2d70fb971a65264fe9e98/screenshot - {}
COMMAND: POST /session/f31953e55de2d70fb971a65264fe9e98/execute/sync - {"script":"<script> [56 bytes]","args":[{"element-6066-11e4-a52e-4f735466cecf":"f.64D82B69FC2678D0F29344912A345B1C.d.00A53BD621C1FA83AC07F989E85CCA97.e.16406","ELEMENT":"f.64D82B69FC2678D0F29344912A345B1C.d.00A53BD621C1FA83AC07F989E85CCA97.e.16406"}]}
RESULT: {}
RESULT: {"script":"<script> [56 bytes]","args":[{"element-6066-11e4-a52e-4f735466cecf":"f.64D82B69FC2678D0F29344912A345B1C.d.00A53BD621C1FA83AC07F989E85CCA97.e.16406","ELEMENT":"f.64D82B69FC2678D0F29344912A345B1C.d.00A53BD621C1FA83AC07F989E85CCA97.e.16406"}]}
COMMAND: GET /session/f31953e55de2d70fb971a65264fe9e98/screenshot - {}
COMMAND: POST /session/f31953e55de2d70fb971a65264fe9e98/execute/sync - {"script":"<script> [56 bytes]","args":[{"element-6066-11e4-a52e-4f735466cecf":"f.64D82B69FC2678D0F29344912A345B1C.d.00A53BD621C1FA83AC07F989E85CCA97.e.16406","ELEMENT":"f.64D82B69FC2678D0F29344912A345B1C.d.00A53BD621C1FA83AC07F989E85CCA97.e.16406"}]}
RESULT: {}
RESULT: {"script":"<script> [56 bytes]","args":[{"element-6066-11e4-a52e-4f735466cecf":"f.64D82B69FC2678D0F29344912A345B1C.d.00A53BD621C1FA83AC07F989E85CCA97.e.16406","ELEMENT":"f.64D82B69FC2678D0F29344912A345B1C.d.00A53BD621C1FA83AC07F989E85CCA97.e.16406"}]}
COMMAND: GET /session/f31953e55de2d70fb971a65264fe9e98/screenshot - {}
RESULT: {}
COMMAND: POST /session/f31953e55de2d70fb971a65264fe9e98/execute/sync - {"script":"<script> [56 bytes]","args":[{"element-6066-11e4-a52e-4f735466cecf":"f.64D82B69FC2678D0F29344912A345B1C.d.00A53BD621C1FA83AC07F989E85CCA97.e.16406","ELEMENT":"f.64D82B69FC2678D0F29344912A345B1C.d.00A53BD621C1FA83AC07F989E85CCA97.e.16406"}]}
RESULT: {"script":"<script> [56 bytes]","args":[{"element-6066-11e4-a52e-4f735466cecf":"f.64D82B69FC2678D0F29344912A345B1C.d.00A53BD621C1FA83AC07F989E85CCA97.e.16406","ELEMENT":"f.64D82B69FC2678D0F29344912A345B1C.d.00A53BD621C1FA83AC07F989E85CCA97.e.16406"}]}
COMMAND: GET /session/f31953e55de2d70fb971a65264fe9e98/screenshot - {}
RESULT: {}
COMMAND: POST /session/f31953e55de2d70fb971a65264fe9e98/execute/sync - {"script":"<script> [56 bytes]","args":[{"element-6066-11e4-a52e-4f735466cecf":"f.64D82B69FC2678D0F29344912A345B1C.d.00A53BD621C1FA83AC07F989E85CCA97.e.16406","ELEMENT":"f.64D82B69FC2678D0F29344912A345B1C.d.00A53BD621C1FA83AC07F989E85CCA97.e.16406"}]}
RESULT: {"script":"<script> [56 bytes]","args":[{"element-6066-11e4-a52e-4f735466cecf":"f.64D82B69FC2678D0F29344912A345B1C.d.00A53BD621C1FA83AC07F989E85CCA97.e.16406","ELEMENT":"f.64D82B69FC2678D0F29344912A345B1C.d.00A53BD621C1FA83AC07F989E85CCA97.e.16406"}]}
COMMAND: GET /session/f31953e55de2d70fb971a65264fe9e98/screenshot - {}
RESULT: {}
COMMAND: POST /session/f31953e55de2d70fb971a65264fe9e98/execute/sync - {"script":"<script> [56 bytes]","args":[{"element-6066-11e4-a52e-4f735466cecf":"f.64D82B69FC2678D0F29344912A345B1C.d.00A53BD621C1FA83AC07F989E85CCA97.e.16406","ELEMENT":"f.64D82B69FC2678D0F29344912A345B1C.d.00A53BD621C1FA83AC07F989E85CCA97.e.16406"}]}
RESULT: {"script":"<script> [56 bytes]","args":[{"element-6066-11e4-a52e-4f735466cecf":"f.64D82B69FC2678D0F29344912A345B1C.d.00A53BD621C1FA83AC07F989E85CCA97.e.16406","ELEMENT":"f.64D82B69FC2678D0F29344912A345B1C.d.00A53BD621C1FA83AC07F989E85CCA97.e.16406"}]}
COMMAND: GET /session/f31953e55de2d70fb971a65264fe9e98/screenshot - {}
RESULT: {}
COMMAND: POST /session/f31953e55de2d70fb971a65264fe9e98/execute/sync - {"script":"<script> [56 bytes]","args":[{"element-6066-11e4-a52e-4f735466cecf":"f.64D82B69FC2678D0F29344912A345B1C.d.00A53BD621C1FA83AC07F989E85CCA97.e.16406","ELEMENT":"f.64D82B69FC2678D0F29344912A345B1C.d.00A53BD621C1FA83AC07F989E85CCA97.e.16406"}]}
RESULT: {"script":"<script> [56 bytes]","args":[{"element-6066-11e4-a52e-4f735466cecf":"f.64D82B69FC2678D0F29344912A345B1C.d.00A53BD621C1FA83AC07F989E85CCA97.e.16406","ELEMENT":"f.64D82B69FC2678D0F29344912A345B1C.d.00A53BD621C1FA83AC07F989E85CCA97.e.16406"}]}
COMMAND: GET /session/f31953e55de2d70fb971a65264fe9e98/screenshot - {}
RESULT: {}
COMMAND: POST /session/f31953e55de2d70fb971a65264fe9e98/execute/sync - {"script":"<script> [56 bytes]","args":[{"element-6066-11e4-a52e-4f735466cecf":"f.64D82B69FC2678D0F29344912A345B1C.d.00A53BD621C1FA83AC07F989E85CCA97.e.16406","ELEMENT":"f.64D82B69FC2678D0F29344912A345B1C.d.00A53BD621C1FA83AC07F989E85CCA97.e.16406"}]}
RESULT: {"script":"<script> [56 bytes]","args":[{"element-6066-11e4-a52e-4f735466cecf":"f.64D82B69FC2678D0F29344912A345B1C.d.00A53BD621C1FA83AC07F989E85CCA97.e.16406","ELEMENT":"f.64D82B69FC2678D0F29344912A345B1C.d.00A53BD621C1FA83AC07F989E85CCA97.e.16406"}]}
COMMAND: GET /session/f31953e55de2d70fb971a65264fe9e98/screenshot - {}
RESULT: {}
COMMAND: POST /session/f31953e55de2d70fb971a65264fe9e98/execute/sync - {"script":"<script> [56 bytes]","args":[{"element-6066-11e4-a52e-4f735466cecf":"f.64D82B69FC2678D0F29344912A345B1C.d.00A53BD621C1FA83AC07F989E85CCA97.e.16406","ELEMENT":"f.64D82B69FC2678D0F29344912A345B1C.d.00A53BD621C1FA83AC07F989E85CCA97.e.16406"}]}
RESULT: {"script":"<script> [56 bytes]","args":[{"element-6066-11e4-a52e-4f735466cecf":"f.64D82B69FC2678D0F29344912A345B1C.d.00A53BD621C1FA83AC07F989E85CCA97.e.16406","ELEMENT":"f.64D82B69FC2678D0F29344912A345B1C.d.00A53BD621C1FA83AC07F989E85CCA97.e.16406"}]}
COMMAND: GET /session/f31953e55de2d70fb971a65264fe9e98/screenshot - {}
RESULT: {}
COMMAND: POST /session/f31953e55de2d70fb971a65264fe9e98/execute/sync - {"script":"<script> [56 bytes]","args":[{"element-6066-11e4-a52e-4f735466cecf":"f.64D82B69FC2678D0F29344912A345B1C.d.00A53BD621C1FA83AC07F989E85CCA97.e.16406","ELEMENT":"f.64D82B69FC2678D0F29344912A345B1C.d.00A53BD621C1FA83AC07F989E85CCA97.e.16406"}]}
RESULT: {"script":"<script> [56 bytes]","args":[{"element-6066-11e4-a52e-4f735466cecf":"f.64D82B69FC2678D0F29344912A345B1C.d.00A53BD621C1FA83AC07F989E85CCA97.e.16406","ELEMENT":"f.64D82B69FC2678D0F29344912A345B1C.d.00A53BD621C1FA83AC07F989E85CCA97.e.16406"}]}
COMMAND: GET /session/f31953e55de2d70fb971a65264fe9e98/screenshot - {}
RESULT: {}
COMMAND: POST /session/f31953e55de2d70fb971a65264fe9e98/execute/sync - {"script":"<script> [56 bytes]","args":[{"element-6066-11e4-a52e-4f735466cecf":"f.64D82B69FC2678D0F29344912A345B1C.d.00A53BD621C1FA83AC07F989E85CCA97.e.16406","ELEMENT":"f.64D82B69FC2678D0F29344912A345B1C.d.00A53BD621C1FA83AC07F989E85CCA97.e.16406"}]}
RESULT: {"script":"<script> [56 bytes]","args":[{"element-6066-11e4-a52e-4f735466cecf":"f.64D82B69FC2678D0F29344912A345B1C.d.00A53BD621C1FA83AC07F989E85CCA97.e.16406","ELEMENT":"f.64D82B69FC2678D0F29344912A345B1C.d.00A53BD621C1FA83AC07F989E85CCA97.e.16406"}]}
COMMAND: GET /session/f31953e55de2d70fb971a65264fe9e98/screenshot - {}
RESULT: {}
COMMAND: POST /session/f31953e55de2d70fb971a65264fe9e98/execute/sync - {"script":"<script> [56 bytes]","args":[{"element-6066-11e4-a52e-4f735466cecf":"f.64D82B69FC2678D0F29344912A345B1C.d.00A53BD621C1FA83AC07F989E85CCA97.e.16406","ELEMENT":"f.64D82B69FC2678D0F29344912A345B1C.d.00A53BD621C1FA83AC07F989E85CCA97.e.16406"}]}
RESULT: {"script":"<script> [56 bytes]","args":[{"element-6066-11e4-a52e-4f735466cecf":"f.64D82B69FC2678D0F29344912A345B1C.d.00A53BD621C1FA83AC07F989E85CCA97.e.16406","ELEMENT":"f.64D82B69FC2678D0F29344912A345B1C.d.00A53BD621C1FA83AC07F989E85CCA97.e.16406"}]}
COMMAND: GET /session/f31953e55de2d70fb971a65264fe9e98/screenshot - {}
RESULT: {}
COMMAND: POST /session/f31953e55de2d70fb971a65264fe9e98/execute/sync - {"script":"<script> [56 bytes]","args":[{"element-6066-11e4-a52e-4f735466cecf":"f.64D82B69FC2678D0F29344912A345B1C.d.00A53BD621C1FA83AC07F989E85CCA97.e.16406","ELEMENT":"f.64D82B69FC2678D0F29344912A345B1C.d.00A53BD621C1FA83AC07F989E85CCA97.e.16406"}]}
RESULT: {"script":"<script> [56 bytes]","args":[{"element-6066-11e4-a52e-4f735466cecf":"f.64D82B69FC2678D0F29344912A345B1C.d.00A53BD621C1FA83AC07F989E85CCA97.e.16406","ELEMENT":"f.64D82B69FC2678D0F29344912A345B1C.d.00A53BD621C1FA83AC07F989E85CCA97.e.16406"}]}
COMMAND: GET /session/f31953e55de2d70fb971a65264fe9e98/screenshot - {}
RESULT: {}
COMMAND: POST /session/f31953e55de2d70fb971a65264fe9e98/execute/sync - {"script":"<script> [56 bytes]","args":[{"element-6066-11e4-a52e-4f735466cecf":"f.64D82B69FC2678D0F29344912A345B1C.d.00A53BD621C1FA83AC07F989E85CCA97.e.16406","ELEMENT":"f.64D82B69FC2678D0F29344912A345B1C.d.00A53BD621C1FA83AC07F989E85CCA97.e.16406"}]}
RESULT: {"script":"<script> [56 bytes]","args":[{"element-6066-11e4-a52e-4f735466cecf":"f.64D82B69FC2678D0F29344912A345B1C.d.00A53BD621C1FA83AC07F989E85CCA97.e.16406","ELEMENT":"f.64D82B69FC2678D0F29344912A345B1C.d.00A53BD621C1FA83AC07F989E85CCA97.e.16406"}]}
COMMAND: GET /session/f31953e55de2d70fb971a65264fe9e98/screenshot - {}
RESULT: {}
COMMAND: POST /session/f31953e55de2d70fb971a65264fe9e98/execute/sync - {"script":"<script> [56 bytes]","args":[{"element-6066-11e4-a52e-4f735466cecf":"f.64D82B69FC2678D0F29344912A345B1C.d.00A53BD621C1FA83AC07F989E85CCA97.e.16406","ELEMENT":"f.64D82B69FC2678D0F29344912A345B1C.d.00A53BD621C1FA83AC07F989E85CCA97.e.16406"}]}
RESULT: {"script":"<script> [56 bytes]","args":[{"element-6066-11e4-a52e-4f735466cecf":"f.64D82B69FC2678D0F29344912A345B1C.d.00A53BD621C1FA83AC07F989E85CCA97.e.16406","ELEMENT":"f.64D82B69FC2678D0F29344912A345B1C.d.00A53BD621C1FA83AC07F989E85CCA97.e.16406"}]}
COMMAND: GET /session/f31953e55de2d70fb971a65264fe9e98/screenshot - {}
RESULT: {}
COMMAND: POST /session/f31953e55de2d70fb971a65264fe9e98/execute/sync - {"script":"<script> [56 bytes]","args":[{"element-6066-11e4-a52e-4f735466cecf":"f.64D82B69FC2678D0F29344912A345B1C.d.00A53BD621C1FA83AC07F989E85CCA97.e.16406","ELEMENT":"f.64D82B69FC2678D0F29344912A345B1C.d.00A53BD621C1FA83AC07F989E85CCA97.e.16406"}]}
RESULT: {"script":"<script> [56 bytes]","args":[{"element-6066-11e4-a52e-4f735466cecf":"f.64D82B69FC2678D0F29344912A345B1C.d.00A53BD621C1FA83AC07F989E85CCA97.e.16406","ELEMENT":"f.64D82B69FC2678D0F29344912A345B1C.d.00A53BD621C1FA83AC07F989E85CCA97.e.16406"}]}
COMMAND: GET /session/f31953e55de2d70fb971a65264fe9e98/screenshot - {}
COMMAND: POST /session/f31953e55de2d70fb971a65264fe9e98/execute/sync - {"script":"<script> [56 bytes]","args":[{"element-6066-11e4-a52e-4f735466cecf":"f.64D82B69FC2678D0F29344912A345B1C.d.00A53BD621C1FA83AC07F989E85CCA97.e.16406","ELEMENT":"f.64D82B69FC2678D0F29344912A345B1C.d.00A53BD621C1FA83AC07F989E85CCA97.e.16406"}]}
RESULT: {}
RESULT: {"script":"<script> [56 bytes]","args":[{"element-6066-11e4-a52e-4f735466cecf":"f.64D82B69FC2678D0F29344912A345B1C.d.00A53BD621C1FA83AC07F989E85CCA97.e.16406","ELEMENT":"f.64D82B69FC2678D0F29344912A345B1C.d.00A53BD621C1FA83AC07F989E85CCA97.e.16406"}]}
COMMAND: POST /session/f31953e55de2d70fb971a65264fe9e98/element - {"using":"xpath","value":"//td[@aria-colindex=\"1\"]/div/div[contains(@class, \"sapMCbBg\")]"}
COMMAND: GET /session/f31953e55de2d70fb971a65264fe9e98/screenshot - {}
RESULT: {"using":"xpath","value":"//td[@aria-colindex=\"1\"]/div/div[contains(@class, \"sapMCbBg\")]"}
COMMAND: POST /session/f31953e55de2d70fb971a65264fe9e98/element/f.64D82B69FC2678D0F29344912A345B1C.d.00A53BD621C1FA83AC07F989E85CCA97.e.16415/click - {}
RESULT: {}
RESULT: {}
COMMAND: GET /session/f31953e55de2d70fb971a65264fe9e98/screenshot - {}
RESULT: {}
COMMAND: POST /session/f31953e55de2d70fb971a65264fe9e98/element - {"using":"xpath","value":"//bdi[text()=\"Transfer\"]"}
RESULT: {"using":"xpath","value":"//bdi[text()=\"Transfer\"]"}
COMMAND: POST /session/f31953e55de2d70fb971a65264fe9e98/element/f.64D82B69FC2678D0F29344912A345B1C.d.00A53BD621C1FA83AC07F989E85CCA97.e.16416/click - {}
RESULT: {}
COMMAND: GET /session/f31953e55de2d70fb971a65264fe9e98/screenshot - {}
RESULT: {}
COMMAND: POST /session/f31953e55de2d70fb971a65264fe9e98/element - {"using":"xpath","value":"//bdi[contains(text(), \"OK\")]"}
RESULT: {"using":"xpath","value":"//bdi[contains(text(), \"OK\")]"}
COMMAND: POST /session/f31953e55de2d70fb971a65264fe9e98/element/f.64D82B69FC2678D0F29344912A345B1C.d.00A53BD621C1FA83AC07F989E85CCA97.e.16419/click - {}
RESULT: {}
COMMAND: GET /session/f31953e55de2d70fb971a65264fe9e98/screenshot - {}
RESULT: {}
COMMAND: POST /session/f31953e55de2d70fb971a65264fe9e98/element - {"using":"xpath","value":"(//span[contains(text(), \"Completed\")]/parent::div/preceding-sibling::div/span)[1]"}
RESULT: {"using":"xpath","value":"(//span[contains(text(), \"Completed\")]/parent::div/preceding-sibling::div/span)[1]"}
COMMAND: POST /session/f31953e55de2d70fb971a65264fe9e98/element/f.64D82B69FC2678D0F29344912A345B1C.d.00A53BD621C1FA83AC07F989E85CCA97.e.16427/click - {}
RESULT: undefined
RESULT: undefined
RESULT: {}
COMMAND: POST /session/f31953e55de2d70fb971a65264fe9e98/element - {"using":"xpath","value":"//input[contains(@id ,\"application-billingtransfer-display-component---billingWorkbench--smartFilterBar-btnBasicSearch\")]"}
COMMAND: GET /session/f31953e55de2d70fb971a65264fe9e98/screenshot - {}
RESULT: {"using":"xpath","value":"//input[contains(@id ,\"application-billingtransfer-display-component---billingWorkbench--smartFilterBar-btnBasicSearch\")]"}
COMMAND: POST /session/f31953e55de2d70fb971a65264fe9e98/elements - {"using":"xpath","value":"//input[contains(@id ,\"application-billingtransfer-display-component---billingWorkbench--smartFilterBar-btnBasicSearch\")]"}
RESULT: {}
RESULT: {"using":"xpath","value":"//input[contains(@id ,\"application-billingtransfer-display-component---billingWorkbench--smartFilterBar-btnBasicSearch\")]"}
COMMAND: POST /session/f31953e55de2d70fb971a65264fe9e98/execute/sync - {"script":"<script> [8489 bytes]","args":[{"element-6066-11e4-a52e-4f735466cecf":"f.64D82B69FC2678D0F29344912A345B1C.d.00A53BD621C1FA83AC07F989E85CCA97.e.16227","ELEMENT":"f.64D82B69FC2678D0F29344912A345B1C.d.00A53BD621C1FA83AC07F989E85CCA97.e.16227"}]}
RESULT: {"script":"<script> [8489 bytes]","args":[{"element-6066-11e4-a52e-4f735466cecf":"f.64D82B69FC2678D0F29344912A345B1C.d.00A53BD621C1FA83AC07F989E85CCA97.e.16227","ELEMENT":"f.64D82B69FC2678D0F29344912A345B1C.d.00A53BD621C1FA83AC07F989E85CCA97.e.16227"}]}
COMMAND: GET /session/f31953e55de2d70fb971a65264fe9e98/element/f.64D82B69FC2678D0F29344912A345B1C.d.00A53BD621C1FA83AC07F989E85CCA97.e.16227/enabled - {}
COMMAND: GET /session/f31953e55de2d70fb971a65264fe9e98/screenshot - {}
RESULT: {}
COMMAND: POST /session/f31953e55de2d70fb971a65264fe9e98/element/f.64D82B69FC2678D0F29344912A345B1C.d.00A53BD621C1FA83AC07F989E85CCA97.e.16227/click - {}
COMMAND: GET /session/f31953e55de2d70fb971a65264fe9e98/screenshot - {}
RESULT: {}
RESULT: {}
COMMAND: GET /session/f31953e55de2d70fb971a65264fe9e98/screenshot - {}
RESULT: {}
RESULT: {}
COMMAND: POST /session/f31953e55de2d70fb971a65264fe9e98/element/f.64D82B69FC2678D0F29344912A345B1C.d.00A53BD621C1FA83AC07F989E85CCA97.e.16227/clear - {}
RESULT: {}
COMMAND: POST /session/f31953e55de2d70fb971a65264fe9e98/element/f.64D82B69FC2678D0F29344912A345B1C.d.00A53BD621C1FA83AC07F989E85CCA97.e.16227/value - {"text":"10443"}
COMMAND: GET /session/f31953e55de2d70fb971a65264fe9e98/screenshot - {}
RESULT: {"text":"10443"}
COMMAND: POST /session/f31953e55de2d70fb971a65264fe9e98/actions - {"actions":[{"id":"action60","type":"key","parameters":{},"actions":[{"type":"keyDown","value":"î€‡"},{"type":"pause","duration":10},{"type":"keyUp","value":"î€‡"}]}]}
COMMAND: GET /session/f31953e55de2d70fb971a65264fe9e98/screenshot - {}
RESULT: {}
RESULT: {"actions":[{"id":"action60","type":"key","parameters":{},"actions":[{"type":"keyDown","value":"î€‡"},{"type":"pause","duration":10},{"type":"keyUp","value":"î€‡"}]}]}
COMMAND: GET /session/f31953e55de2d70fb971a65264fe9e98/screenshot - {}
RESULT: {}
RESULT: {}
COMMAND: POST /session/f31953e55de2d70fb971a65264fe9e98/element - {"using":"xpath","value":"//span[contains(@id ,\"application-billingtransfer-display-component---billingWorkbench--smartTableBillingRuns-header-inner\")]"}
RESULT: {"using":"xpath","value":"//span[contains(@id ,\"application-billingtransfer-display-component---billingWorkbench--smartTableBillingRuns-header-inner\")]"}
COMMAND: POST /session/f31953e55de2d70fb971a65264fe9e98/elements - {"using":"xpath","value":"//span[contains(@id ,\"application-billingtransfer-display-component---billingWorkbench--smartTableBillingRuns-header-inner\")]"}
RESULT: {"using":"xpath","value":"//span[contains(@id ,\"application-billingtransfer-display-component---billingWorkbench--smartTableBillingRuns-header-inner\")]"}
COMMAND: POST /session/f31953e55de2d70fb971a65264fe9e98/execute/sync - {"script":"<script> [56 bytes]","args":[{"element-6066-11e4-a52e-4f735466cecf":"f.64D82B69FC2678D0F29344912A345B1C.d.00A53BD621C1FA83AC07F989E85CCA97.e.16406","ELEMENT":"f.64D82B69FC2678D0F29344912A345B1C.d.00A53BD621C1FA83AC07F989E85CCA97.e.16406"}]}
RESULT: {"script":"<script> [56 bytes]","args":[{"element-6066-11e4-a52e-4f735466cecf":"f.64D82B69FC2678D0F29344912A345B1C.d.00A53BD621C1FA83AC07F989E85CCA97.e.16406","ELEMENT":"f.64D82B69FC2678D0F29344912A345B1C.d.00A53BD621C1FA83AC07F989E85CCA97.e.16406"}]}
COMMAND: GET /session/f31953e55de2d70fb971a65264fe9e98/screenshot - {}
RESULT: {}
COMMAND: POST /session/f31953e55de2d70fb971a65264fe9e98/execute/sync - {"script":"<script> [56 bytes]","args":[{"element-6066-11e4-a52e-4f735466cecf":"f.64D82B69FC2678D0F29344912A345B1C.d.00A53BD621C1FA83AC07F989E85CCA97.e.16406","ELEMENT":"f.64D82B69FC2678D0F29344912A345B1C.d.00A53BD621C1FA83AC07F989E85CCA97.e.16406"}]}
RESULT: {"script":"<script> [56 bytes]","args":[{"element-6066-11e4-a52e-4f735466cecf":"f.64D82B69FC2678D0F29344912A345B1C.d.00A53BD621C1FA83AC07F989E85CCA97.e.16406","ELEMENT":"f.64D82B69FC2678D0F29344912A345B1C.d.00A53BD621C1FA83AC07F989E85CCA97.e.16406"}]}
COMMAND: GET /session/f31953e55de2d70fb971a65264fe9e98/screenshot - {}
RESULT: {}
COMMAND: POST /session/f31953e55de2d70fb971a65264fe9e98/execute/sync - {"script":"<script> [56 bytes]","args":[{"element-6066-11e4-a52e-4f735466cecf":"f.64D82B69FC2678D0F29344912A345B1C.d.00A53BD621C1FA83AC07F989E85CCA97.e.16406","ELEMENT":"f.64D82B69FC2678D0F29344912A345B1C.d.00A53BD621C1FA83AC07F989E85CCA97.e.16406"}]}
RESULT: {"script":"<script> [56 bytes]","args":[{"element-6066-11e4-a52e-4f735466cecf":"f.64D82B69FC2678D0F29344912A345B1C.d.00A53BD621C1FA83AC07F989E85CCA97.e.16406","ELEMENT":"f.64D82B69FC2678D0F29344912A345B1C.d.00A53BD621C1FA83AC07F989E85CCA97.e.16406"}]}
COMMAND: GET /session/f31953e55de2d70fb971a65264fe9e98/screenshot - {}
RESULT: {}
COMMAND: POST /session/f31953e55de2d70fb971a65264fe9e98/execute/sync - {"script":"<script> [56 bytes]","args":[{"element-6066-11e4-a52e-4f735466cecf":"f.64D82B69FC2678D0F29344912A345B1C.d.00A53BD621C1FA83AC07F989E85CCA97.e.16406","ELEMENT":"f.64D82B69FC2678D0F29344912A345B1C.d.00A53BD621C1FA83AC07F989E85CCA97.e.16406"}]}
RESULT: {"script":"<script> [56 bytes]","args":[{"element-6066-11e4-a52e-4f735466cecf":"f.64D82B69FC2678D0F29344912A345B1C.d.00A53BD621C1FA83AC07F989E85CCA97.e.16406","ELEMENT":"f.64D82B69FC2678D0F29344912A345B1C.d.00A53BD621C1FA83AC07F989E85CCA97.e.16406"}]}
COMMAND: POST /session/f31953e55de2d70fb971a65264fe9e98/element - {"using":"css selector","value":"#shell-header-logo"}
COMMAND: GET /session/f31953e55de2d70fb971a65264fe9e98/screenshot - {}
RESULT: {"using":"css selector","value":"#shell-header-logo"}
COMMAND: POST /session/f31953e55de2d70fb971a65264fe9e98/element/f.64D82B69FC2678D0F29344912A345B1C.d.00A53BD621C1FA83AC07F989E85CCA97.e.16232/click - {}
RESULT: {}
RESULT: {}
COMMAND: GET /session/f31953e55de2d70fb971a65264fe9e98/screenshot - {}
RESULT: {}
COMMAND: POST /session/f31953e55de2d70fb971a65264fe9e98/element - {"using":"css selector","value":"#j_username"}
COMMAND: POST /session/f31953e55de2d70fb971a65264fe9e98/url - {"url":"https://qa-testing-00-live-etm-ui.cfapps.eu10-004.hana.ondemand.com/"}
RESULT: {"using":"css selector","value":"#j_username"}
COMMAND: POST /session/f31953e55de2d70fb971a65264fe9e98/element - {"using":"css selector","value":"#j_username"}
RESULT: {"url":"https://qa-testing-00-live-etm-ui.cfapps.eu10-004.hana.ondemand.com/"}
RESULT: undefined
COMMAND: GET /session/f31953e55de2d70fb971a65264fe9e98/screenshot - {}
RESULT: {"using":"css selector","value":"#j_username"}
COMMAND: POST /session/f31953e55de2d70fb971a65264fe9e98/element - {"using":"css selector","value":"#shell-header-logo"}
RESULT: {}
RESULT: {"using":"css selector","value":"#shell-header-logo"}
COMMAND: POST /session/f31953e55de2d70fb971a65264fe9e98/execute/sync - {"script":"<script> [8489 bytes]","args":[{"element-6066-11e4-a52e-4f735466cecf":"f.64D82B69FC2678D0F29344912A345B1C.d.EF3A6F988B5B2287C66D14D26624EFB7.e.16434","ELEMENT":"f.64D82B69FC2678D0F29344912A345B1C.d.EF3A6F988B5B2287C66D14D26624EFB7.e.16434"}]}
RESULT: {"script":"<script> [8489 bytes]","args":[{"element-6066-11e4-a52e-4f735466cecf":"f.64D82B69FC2678D0F29344912A345B1C.d.EF3A6F988B5B2287C66D14D26624EFB7.e.16434","ELEMENT":"f.64D82B69FC2678D0F29344912A345B1C.d.EF3A6F988B5B2287C66D14D26624EFB7.e.16434"}]}
COMMAND: POST /session/f31953e55de2d70fb971a65264fe9e98/element - {"using":"css selector","value":"#shell-header-logo"}
COMMAND: GET /session/f31953e55de2d70fb971a65264fe9e98/screenshot - {}
RESULT: {"using":"css selector","value":"#shell-header-logo"}
COMMAND: POST /session/f31953e55de2d70fb971a65264fe9e98/execute/sync - {"script":"<script> [8489 bytes]","args":[{"element-6066-11e4-a52e-4f735466cecf":"f.64D82B69FC2678D0F29344912A345B1C.d.EF3A6F988B5B2287C66D14D26624EFB7.e.16434","ELEMENT":"f.64D82B69FC2678D0F29344912A345B1C.d.EF3A6F988B5B2287C66D14D26624EFB7.e.16434"}]}
RESULT: {}
RESULT: {"script":"<script> [8489 bytes]","args":[{"element-6066-11e4-a52e-4f735466cecf":"f.64D82B69FC2678D0F29344912A345B1C.d.EF3A6F988B5B2287C66D14D26624EFB7.e.16434","ELEMENT":"f.64D82B69FC2678D0F29344912A345B1C.d.EF3A6F988B5B2287C66D14D26624EFB7.e.16434"}]}
COMMAND: POST /session/f31953e55de2d70fb971a65264fe9e98/execute/sync - {"script":"<script> [5351 bytes]","args":[{"element-6066-11e4-a52e-4f735466cecf":"f.64D82B69FC2678D0F29344912A345B1C.d.EF3A6F988B5B2287C66D14D26624EFB7.e.16434","ELEMENT":"f.64D82B69FC2678D0F29344912A345B1C.d.EF3A6F988B5B2287C66D14D26624EFB7.e.16434"}]}
COMMAND: GET /session/f31953e55de2d70fb971a65264fe9e98/screenshot - {}
RESULT: {"script":"<script> [5351 bytes]","args":[{"element-6066-11e4-a52e-4f735466cecf":"f.64D82B69FC2678D0F29344912A345B1C.d.EF3A6F988B5B2287C66D14D26624EFB7.e.16434","ELEMENT":"f.64D82B69FC2678D0F29344912A345B1C.d.EF3A6F988B5B2287C66D14D26624EFB7.e.16434"}]}
COMMAND: POST /session/f31953e55de2d70fb971a65264fe9e98/element - {"using":"css selector","value":"#shell-header-logo"}
COMMAND: GET /session/f31953e55de2d70fb971a65264fe9e98/screenshot - {}
RESULT: {}
RESULT: {"using":"css selector","value":"#shell-header-logo"}
COMMAND: POST /session/f31953e55de2d70fb971a65264fe9e98/element/f.64D82B69FC2678D0F29344912A345B1C.d.EF3A6F988B5B2287C66D14D26624EFB7.e.16434/click - {}
RESULT: {}
RESULT: {}
COMMAND: GET /session/f31953e55de2d70fb971a65264fe9e98/screenshot - {}
RESULT: {}
COMMAND: POST /session/f31953e55de2d70fb971a65264fe9e98/execute/async - {"script":"<script> [189 bytes]","args":[]}
RESULT: {"script":"<script> [189 bytes]","args":[]}
COMMAND: POST /session/f31953e55de2d70fb971a65264fe9e98/execute/async - {"script":"<script> [123 bytes]","args":[]}
RESULT: {"script":"<script> [123 bytes]","args":[]}
COMMAND: POST /session/f31953e55de2d70fb971a65264fe9e98/timeouts - {"script":"<number>"}
RESULT: {"script":"<number>"}
COMMAND: GET /session/f31953e55de2d70fb971a65264fe9e98/timeouts - {}
RESULT: {}
RESULT: undefined
COMMAND: POST /session/f31953e55de2d70fb971a65264fe9e98/execute/async - {"script":"<script> [2676 bytes]","args":[]}
RESULT: {"script":"<script> [2676 bytes]","args":[]}
COMMAND: POST /session/f31953e55de2d70fb971a65264fe9e98/execute/async - {"script":"<script> [2342 bytes]","args":[{"protocol":"http","hostname":"0.0.0.0","path":"/","capabilities":{"browserName":"chrome","goog:chromeOptions":{"binary":"C:\\Program Files\\Google\\Chrome\\Application\\chrome.exe","args":["--start-maximized"]}},"logLevel":"warn","connectionRetryTimeout":120000,"connectionRetryCount":3,"logLevels":{},"enableDirectConnect":true,"strictSSL":true,"_":"65 more keys: [\"cacheDir\",\"port\",\"requestedCapabilities\",\"automationProtocol\",\"baseUrl\",\"waitforInterval\",\"waitforTimeout\",\"onReload\",\"beforeCommand\",\"afterCommand\",\"rootDir\",\"specs\",\"suites\",\"exclude\",\"groupLogsByTestSpec\",\"excludeDriverLogs\",\"bail\",\"framework\",\"reporters\",\"services\",\"maxInstances\",\"maxInstancesPerCapability\",\"injectGlobals\",\"filesToWatch\",\"execArgv\",\"runnerEnv\",\"runner\",\"shard\",\"specFileRetries\",\"specFileRetriesDelay\",\"specFileRetriesDeferred\",\"reporterSyncInterval\",\"reporterSyncTimeout\",\"cucumberFeaturesWithLineNumbers\",\"autoCompileOpts\",\"mochaOpts\",\"jasmineOpts\",\"cucumberOpts\",\"onPrepare\",\"onWorkerStart\",\"onWorkerEnd\",\"before\",\"beforeSession\",\"beforeSuite\",\"beforeHook\",\"beforeTest\",\"afterTest\",\"afterHook\",\"afterSuite\",\"afterSession\",\"after\",\"onComplete\",\"beforeAssertion\",\"afterAssertion\",\"beforeFeature\",\"beforeScenario\",\"beforeStep\",\"afterStep\",\"afterScenario\",\"afterFeature\",\"_\",\"suite\",\"$0\",\"ignoredWorkerServices\",\"wdi5\"]"}]}
RESULT: {"script":"<script> [2342 bytes]","args":[{"protocol":"http","hostname":"0.0.0.0","path":"/","capabilities":{"browserName":"chrome","goog:chromeOptions":{"binary":"C:\\Program Files\\Google\\Chrome\\Application\\chrome.exe","args":["--start-maximized"]}},"logLevel":"warn","connectionRetryTimeout":120000,"connectionRetryCount":3,"logLevels":{},"enableDirectConnect":true,"strictSSL":true,"_":"65 more keys: [\"cacheDir\",\"port\",\"requestedCapabilities\",\"automationProtocol\",\"baseUrl\",\"waitforInterval\",\"waitforTimeout\",\"onReload\",\"beforeCommand\",\"afterCommand\",\"rootDir\",\"specs\",\"suites\",\"exclude\",\"groupLogsByTestSpec\",\"excludeDriverLogs\",\"bail\",\"framework\",\"reporters\",\"services\",\"maxInstances\",\"maxInstancesPerCapability\",\"injectGlobals\",\"filesToWatch\",\"execArgv\",\"runnerEnv\",\"runner\",\"shard\",\"specFileRetries\",\"specFileRetriesDelay\",\"specFileRetriesDeferred\",\"reporterSyncInterval\",\"reporterSyncTimeout\",\"cucumberFeaturesWithLineNumbers\",\"autoCompileOpts\",\"mochaOpts\",\"jasmineOpts\",\"cucumberOpts\",\"onPrepare\",\"onWorkerStart\",\"onWorkerEnd\",\"before\",\"beforeSession\",\"beforeSuite\",\"beforeHook\",\"beforeTest\",\"afterTest\",\"afterHook\",\"afterSuite\",\"afterSession\",\"after\",\"onComplete\",\"beforeAssertion\",\"afterAssertion\",\"beforeFeature\",\"beforeScenario\",\"beforeStep\",\"afterStep\",\"afterScenario\",\"afterFeature\",\"_\",\"suite\",\"$0\",\"ignoredWorkerServices\",\"wdi5\"]"}]}
COMMAND: POST /session/f31953e55de2d70fb971a65264fe9e98/execute/async - {"script":"<script> [21126 bytes]","args":[35000]}
RESULT: {"script":"<script> [21126 bytes]","args":[35000]}
COMMAND: POST /session/f31953e55de2d70fb971a65264fe9e98/window/maximize - {}
RESULT: {}
COMMAND: POST /session/f31953e55de2d70fb971a65264fe9e98/execute/async - {"script":"<script> [1562 bytes]","args":[{"selector":{"id":"shell-header","interaction":{"idSuffix":"icon"}},"wdio_ui5_key":"shellheader"}]}
COMMAND: GET /session/f31953e55de2d70fb971a65264fe9e98/screenshot - {}
RESULT: {"script":"<script> [1562 bytes]","args":[{"selector":{"id":"shell-header","interaction":{"idSuffix":"icon"}},"wdio_ui5_key":"shellheader"}]}
RESULT: undefined
COMMAND: POST /session/f31953e55de2d70fb971a65264fe9e98/refresh - {}
RESULT: {}
RESULT: {}
COMMAND: GET /session/f31953e55de2d70fb971a65264fe9e98/screenshot - {}
RESULT: {}
COMMAND: POST /session/f31953e55de2d70fb971a65264fe9e98/refresh - {}
RESULT: {}
COMMAND: GET /session/f31953e55de2d70fb971a65264fe9e98/screenshot - {}
RESULT: {}
COMMAND: POST /session/f31953e55de2d70fb971a65264fe9e98/window/fullscreen - {}
RESULT: {}
COMMAND: POST /session/f31953e55de2d70fb971a65264fe9e98/execute/async - {"script":"<script> [189 bytes]","args":[]}
RESULT: {"script":"<script> [189 bytes]","args":[]}
COMMAND: POST /session/f31953e55de2d70fb971a65264fe9e98/execute/async - {"script":"<script> [123 bytes]","args":[]}
RESULT: {"script":"<script> [123 bytes]","args":[]}
COMMAND: POST /session/f31953e55de2d70fb971a65264fe9e98/timeouts - {"script":"<number>"}
RESULT: {"script":"<number>"}
COMMAND: GET /session/f31953e55de2d70fb971a65264fe9e98/timeouts - {}
RESULT: {}
RESULT: undefined
COMMAND: POST /session/f31953e55de2d70fb971a65264fe9e98/execute/async - {"script":"<script> [2676 bytes]","args":[]}
RESULT: {"script":"<script> [2676 bytes]","args":[]}
COMMAND: POST /session/f31953e55de2d70fb971a65264fe9e98/execute/async - {"script":"<script> [2342 bytes]","args":[{"protocol":"http","hostname":"0.0.0.0","path":"/","capabilities":{"browserName":"chrome","goog:chromeOptions":{"binary":"C:\\Program Files\\Google\\Chrome\\Application\\chrome.exe","args":["--start-maximized"]}},"logLevel":"warn","connectionRetryTimeout":120000,"connectionRetryCount":3,"logLevels":{},"enableDirectConnect":true,"strictSSL":true,"_":"65 more keys: [\"cacheDir\",\"port\",\"requestedCapabilities\",\"automationProtocol\",\"baseUrl\",\"waitforInterval\",\"waitforTimeout\",\"onReload\",\"beforeCommand\",\"afterCommand\",\"rootDir\",\"specs\",\"suites\",\"exclude\",\"groupLogsByTestSpec\",\"excludeDriverLogs\",\"bail\",\"framework\",\"reporters\",\"services\",\"maxInstances\",\"maxInstancesPerCapability\",\"injectGlobals\",\"filesToWatch\",\"execArgv\",\"runnerEnv\",\"runner\",\"shard\",\"specFileRetries\",\"specFileRetriesDelay\",\"specFileRetriesDeferred\",\"reporterSyncInterval\",\"reporterSyncTimeout\",\"cucumberFeaturesWithLineNumbers\",\"autoCompileOpts\",\"mochaOpts\",\"jasmineOpts\",\"cucumberOpts\",\"onPrepare\",\"onWorkerStart\",\"onWorkerEnd\",\"before\",\"beforeSession\",\"beforeSuite\",\"beforeHook\",\"beforeTest\",\"afterTest\",\"afterHook\",\"afterSuite\",\"afterSession\",\"after\",\"onComplete\",\"beforeAssertion\",\"afterAssertion\",\"beforeFeature\",\"beforeScenario\",\"beforeStep\",\"afterStep\",\"afterScenario\",\"afterFeature\",\"_\",\"suite\",\"$0\",\"ignoredWorkerServices\",\"wdi5\"]"}]}
RESULT: {"script":"<script> [2342 bytes]","args":[{"protocol":"http","hostname":"0.0.0.0","path":"/","capabilities":{"browserName":"chrome","goog:chromeOptions":{"binary":"C:\\Program Files\\Google\\Chrome\\Application\\chrome.exe","args":["--start-maximized"]}},"logLevel":"warn","connectionRetryTimeout":120000,"connectionRetryCount":3,"logLevels":{},"enableDirectConnect":true,"strictSSL":true,"_":"65 more keys: [\"cacheDir\",\"port\",\"requestedCapabilities\",\"automationProtocol\",\"baseUrl\",\"waitforInterval\",\"waitforTimeout\",\"onReload\",\"beforeCommand\",\"afterCommand\",\"rootDir\",\"specs\",\"suites\",\"exclude\",\"groupLogsByTestSpec\",\"excludeDriverLogs\",\"bail\",\"framework\",\"reporters\",\"services\",\"maxInstances\",\"maxInstancesPerCapability\",\"injectGlobals\",\"filesToWatch\",\"execArgv\",\"runnerEnv\",\"runner\",\"shard\",\"specFileRetries\",\"specFileRetriesDelay\",\"specFileRetriesDeferred\",\"reporterSyncInterval\",\"reporterSyncTimeout\",\"cucumberFeaturesWithLineNumbers\",\"autoCompileOpts\",\"mochaOpts\",\"jasmineOpts\",\"cucumberOpts\",\"onPrepare\",\"onWorkerStart\",\"onWorkerEnd\",\"before\",\"beforeSession\",\"beforeSuite\",\"beforeHook\",\"beforeTest\",\"afterTest\",\"afterHook\",\"afterSuite\",\"afterSession\",\"after\",\"onComplete\",\"beforeAssertion\",\"afterAssertion\",\"beforeFeature\",\"beforeScenario\",\"beforeStep\",\"afterStep\",\"afterScenario\",\"afterFeature\",\"_\",\"suite\",\"$0\",\"ignoredWorkerServices\",\"wdi5\"]"}]}
COMMAND: POST /session/f31953e55de2d70fb971a65264fe9e98/execute/async - {"script":"<script> [21126 bytes]","args":[35000]}
RESULT: {"script":"<script> [21126 bytes]","args":[35000]}
]]></system-out>
    </testcase>
  </testsuite>
  <testsuite timestamp="2025-05-20T18:14:53" time="742.435" tests="12" failures="0" errors="0" skipped="0">
    <properties>
      <property name="specId" value="0" />
      <property name="suiteName" value="Create Reverse Billing US127248" />
      <property name="capabilities" value="chrome.136_0_7103_93.windows" />
      <property name="file" value="file:///D:/a/1/s/test/specs/BTS/reverse-billing.spec.js" />
    </properties>
    <testcase classname="chrome.136_0_7103_93.windows.Create_Reverse_Billing_US127248" name="Should create a new yard" time="6.264">
      <system-out><![CDATA[
COMMAND: POST /session/f31953e55de2d70fb971a65264fe9e98/window/fullscreen - {}
RESULT: {}
]]></system-out>
    </testcase>
    <testcase classname="chrome.136_0_7103_93.windows.Create_Reverse_Billing_US127248" name="Should create a new partner" time="0.005" />
    <testcase classname="chrome.136_0_7103_93.windows.Create_Reverse_Billing_US127248" name="Should create a new site" time="0.004" />
    <testcase classname="chrome.136_0_7103_93.windows.Create_Reverse_Billing_US127248" name="Should create a resource" time="147.496">
      <system-out><![CDATA[
COMMAND: POST /session/f31953e55de2d70fb971a65264fe9e98/execute/async - {"script":"<script> [1562 bytes]","args":[{"selector":{"controlType":"sap.m.GenericTile","properties":{"header":"Manage Resources"}},"wdio_ui5_key":"sapm.GenericTile{\"header\":\"Manage Resources\"}"}]}
RESULT: {"script":"<script> [1562 bytes]","args":[{"selector":{"controlType":"sap.m.GenericTile","properties":{"header":"Manage Resources"}},"wdio_ui5_key":"sapm.GenericTile{\"header\":\"Manage Resources\"}"}]}
RESULT: undefined
COMMAND: POST /session/f31953e55de2d70fb971a65264fe9e98/element - {"using":"xpath","value":"//*[@id=\"__tile39\"]"}
RESULT: {"using":"xpath","value":"//*[@id=\"__tile39\"]"}
COMMAND: POST /session/f31953e55de2d70fb971a65264fe9e98/element/f.64D82B69FC2678D0F29344912A345B1C.d.5819AB0B10DEEA7AE90315BD20DA4C24.e.16598/click - {}
RESULT: {}
COMMAND: GET /session/f31953e55de2d70fb971a65264fe9e98/screenshot - {}
RESULT: {}
COMMAND: POST /session/f31953e55de2d70fb971a65264fe9e98/elements - {"using":"xpath","value":"//span[text()='Error']"}
RESULT: {"using":"xpath","value":"//span[text()='Error']"}
COMMAND: POST /session/f31953e55de2d70fb971a65264fe9e98/element - {"using":"xpath","value":"//button[@data-kt=\"addNewRUOverflowToolbarButton\"]"}
RESULT: {"using":"xpath","value":"//button[@data-kt=\"addNewRUOverflowToolbarButton\"]"}
COMMAND: POST /session/f31953e55de2d70fb971a65264fe9e98/elements - {"using":"xpath","value":"//button[@data-kt=\"addNewRUOverflowToolbarButton\"]"}
RESULT: {"using":"xpath","value":"//button[@data-kt=\"addNewRUOverflowToolbarButton\"]"}
COMMAND: POST /session/f31953e55de2d70fb971a65264fe9e98/elements - {"using":"xpath","value":"//button[@data-kt=\"addNewRUOverflowToolbarButton\"]"}
RESULT: {"using":"xpath","value":"//button[@data-kt=\"addNewRUOverflowToolbarButton\"]"}
COMMAND: POST /session/f31953e55de2d70fb971a65264fe9e98/elements - {"using":"xpath","value":"//button[@data-kt=\"addNewRUOverflowToolbarButton\"]"}
RESULT: {"using":"xpath","value":"//button[@data-kt=\"addNewRUOverflowToolbarButton\"]"}
COMMAND: POST /session/f31953e55de2d70fb971a65264fe9e98/elements - {"using":"xpath","value":"//button[@data-kt=\"addNewRUOverflowToolbarButton\"]"}
RESULT: {"using":"xpath","value":"//button[@data-kt=\"addNewRUOverflowToolbarButton\"]"}
COMMAND: POST /session/f31953e55de2d70fb971a65264fe9e98/elements - {"using":"xpath","value":"//button[@data-kt=\"addNewRUOverflowToolbarButton\"]"}
RESULT: {"using":"xpath","value":"//button[@data-kt=\"addNewRUOverflowToolbarButton\"]"}
COMMAND: POST /session/f31953e55de2d70fb971a65264fe9e98/elements - {"using":"xpath","value":"//button[@data-kt=\"addNewRUOverflowToolbarButton\"]"}
RESULT: {"using":"xpath","value":"//button[@data-kt=\"addNewRUOverflowToolbarButton\"]"}
COMMAND: POST /session/f31953e55de2d70fb971a65264fe9e98/elements - {"using":"xpath","value":"//button[@data-kt=\"addNewRUOverflowToolbarButton\"]"}
RESULT: {"using":"xpath","value":"//button[@data-kt=\"addNewRUOverflowToolbarButton\"]"}
COMMAND: POST /session/f31953e55de2d70fb971a65264fe9e98/elements - {"using":"xpath","value":"//button[@data-kt=\"addNewRUOverflowToolbarButton\"]"}
RESULT: {"using":"xpath","value":"//button[@data-kt=\"addNewRUOverflowToolbarButton\"]"}
COMMAND: POST /session/f31953e55de2d70fb971a65264fe9e98/elements - {"using":"xpath","value":"//button[@data-kt=\"addNewRUOverflowToolbarButton\"]"}
RESULT: {"using":"xpath","value":"//button[@data-kt=\"addNewRUOverflowToolbarButton\"]"}
COMMAND: POST /session/f31953e55de2d70fb971a65264fe9e98/elements - {"using":"xpath","value":"//button[@data-kt=\"addNewRUOverflowToolbarButton\"]"}
RESULT: {"using":"xpath","value":"//button[@data-kt=\"addNewRUOverflowToolbarButton\"]"}
COMMAND: POST /session/f31953e55de2d70fb971a65264fe9e98/elements - {"using":"xpath","value":"//button[@data-kt=\"addNewRUOverflowToolbarButton\"]"}
RESULT: {"using":"xpath","value":"//button[@data-kt=\"addNewRUOverflowToolbarButton\"]"}
COMMAND: POST /session/f31953e55de2d70fb971a65264fe9e98/elements - {"using":"xpath","value":"//button[@data-kt=\"addNewRUOverflowToolbarButton\"]"}
RESULT: {"using":"xpath","value":"//button[@data-kt=\"addNewRUOverflowToolbarButton\"]"}
COMMAND: POST /session/f31953e55de2d70fb971a65264fe9e98/elements - {"using":"xpath","value":"//button[@data-kt=\"addNewRUOverflowToolbarButton\"]"}
RESULT: {"using":"xpath","value":"//button[@data-kt=\"addNewRUOverflowToolbarButton\"]"}
COMMAND: POST /session/f31953e55de2d70fb971a65264fe9e98/elements - {"using":"xpath","value":"//button[@data-kt=\"addNewRUOverflowToolbarButton\"]"}
RESULT: {"using":"xpath","value":"//button[@data-kt=\"addNewRUOverflowToolbarButton\"]"}
COMMAND: POST /session/f31953e55de2d70fb971a65264fe9e98/elements - {"using":"xpath","value":"//button[@data-kt=\"addNewRUOverflowToolbarButton\"]"}
RESULT: {"using":"xpath","value":"//button[@data-kt=\"addNewRUOverflowToolbarButton\"]"}
COMMAND: POST /session/f31953e55de2d70fb971a65264fe9e98/elements - {"using":"xpath","value":"//button[@data-kt=\"addNewRUOverflowToolbarButton\"]"}
RESULT: {"using":"xpath","value":"//button[@data-kt=\"addNewRUOverflowToolbarButton\"]"}
COMMAND: POST /session/f31953e55de2d70fb971a65264fe9e98/elements - {"using":"xpath","value":"//button[@data-kt=\"addNewRUOverflowToolbarButton\"]"}
RESULT: {"using":"xpath","value":"//button[@data-kt=\"addNewRUOverflowToolbarButton\"]"}
COMMAND: POST /session/f31953e55de2d70fb971a65264fe9e98/elements - {"using":"xpath","value":"//button[@data-kt=\"addNewRUOverflowToolbarButton\"]"}
RESULT: {"using":"xpath","value":"//button[@data-kt=\"addNewRUOverflowToolbarButton\"]"}
COMMAND: POST /session/f31953e55de2d70fb971a65264fe9e98/elements - {"using":"xpath","value":"//button[@data-kt=\"addNewRUOverflowToolbarButton\"]"}
RESULT: {"using":"xpath","value":"//button[@data-kt=\"addNewRUOverflowToolbarButton\"]"}
COMMAND: POST /session/f31953e55de2d70fb971a65264fe9e98/elements - {"using":"xpath","value":"//button[@data-kt=\"addNewRUOverflowToolbarButton\"]"}
RESULT: {"using":"xpath","value":"//button[@data-kt=\"addNewRUOverflowToolbarButton\"]"}
COMMAND: POST /session/f31953e55de2d70fb971a65264fe9e98/elements - {"using":"xpath","value":"//button[@data-kt=\"addNewRUOverflowToolbarButton\"]"}
RESULT: {"using":"xpath","value":"//button[@data-kt=\"addNewRUOverflowToolbarButton\"]"}
COMMAND: POST /session/f31953e55de2d70fb971a65264fe9e98/element - {"using":"xpath","value":"//button[@data-kt=\"addNewRUOverflowToolbarButton\"]"}
RESULT: {"using":"xpath","value":"//button[@data-kt=\"addNewRUOverflowToolbarButton\"]"}
COMMAND: POST /session/f31953e55de2d70fb971a65264fe9e98/execute/sync - {"script":"<script> [8489 bytes]","args":[{"element-6066-11e4-a52e-4f735466cecf":"f.64D82B69FC2678D0F29344912A345B1C.d.5819AB0B10DEEA7AE90315BD20DA4C24.e.16735","ELEMENT":"f.64D82B69FC2678D0F29344912A345B1C.d.5819AB0B10DEEA7AE90315BD20DA4C24.e.16735"}]}
RESULT: {"script":"<script> [8489 bytes]","args":[{"element-6066-11e4-a52e-4f735466cecf":"f.64D82B69FC2678D0F29344912A345B1C.d.5819AB0B10DEEA7AE90315BD20DA4C24.e.16735","ELEMENT":"f.64D82B69FC2678D0F29344912A345B1C.d.5819AB0B10DEEA7AE90315BD20DA4C24.e.16735"}]}
COMMAND: GET /session/f31953e55de2d70fb971a65264fe9e98/element/f.64D82B69FC2678D0F29344912A345B1C.d.5819AB0B10DEEA7AE90315BD20DA4C24.e.16735/enabled - {}
COMMAND: GET /session/f31953e55de2d70fb971a65264fe9e98/screenshot - {}
RESULT: {}
COMMAND: POST /session/f31953e55de2d70fb971a65264fe9e98/execute/sync - {"script":"<script> [8489 bytes]","args":[{"element-6066-11e4-a52e-4f735466cecf":"f.64D82B69FC2678D0F29344912A345B1C.d.5819AB0B10DEEA7AE90315BD20DA4C24.e.16735","ELEMENT":"f.64D82B69FC2678D0F29344912A345B1C.d.5819AB0B10DEEA7AE90315BD20DA4C24.e.16735"}]}
COMMAND: GET /session/f31953e55de2d70fb971a65264fe9e98/screenshot - {}
RESULT: {}
RESULT: {"script":"<script> [8489 bytes]","args":[{"element-6066-11e4-a52e-4f735466cecf":"f.64D82B69FC2678D0F29344912A345B1C.d.5819AB0B10DEEA7AE90315BD20DA4C24.e.16735","ELEMENT":"f.64D82B69FC2678D0F29344912A345B1C.d.5819AB0B10DEEA7AE90315BD20DA4C24.e.16735"}]}
COMMAND: POST /session/f31953e55de2d70fb971a65264fe9e98/execute/sync - {"script":"<script> [5351 bytes]","args":[{"element-6066-11e4-a52e-4f735466cecf":"f.64D82B69FC2678D0F29344912A345B1C.d.5819AB0B10DEEA7AE90315BD20DA4C24.e.16735","ELEMENT":"f.64D82B69FC2678D0F29344912A345B1C.d.5819AB0B10DEEA7AE90315BD20DA4C24.e.16735"}]}
COMMAND: GET /session/f31953e55de2d70fb971a65264fe9e98/screenshot - {}
RESULT: {}
RESULT: {"script":"<script> [5351 bytes]","args":[{"element-6066-11e4-a52e-4f735466cecf":"f.64D82B69FC2678D0F29344912A345B1C.d.5819AB0B10DEEA7AE90315BD20DA4C24.e.16735","ELEMENT":"f.64D82B69FC2678D0F29344912A345B1C.d.5819AB0B10DEEA7AE90315BD20DA4C24.e.16735"}]}
COMMAND: POST /session/f31953e55de2d70fb971a65264fe9e98/element/f.64D82B69FC2678D0F29344912A345B1C.d.5819AB0B10DEEA7AE90315BD20DA4C24.e.16735/click - {}
COMMAND: GET /session/f31953e55de2d70fb971a65264fe9e98/screenshot - {}
RESULT: {}
RESULT: {}
COMMAND: GET /session/f31953e55de2d70fb971a65264fe9e98/screenshot - {}
RESULT: {}
COMMAND: POST /session/f31953e55de2d70fb971a65264fe9e98/execute/async - {"script":"<script> [1562 bytes]","args":[{"selector":{"id":"application-manageresources-display-component---newResourceUnit--TYPE-arrow"},"wdio_ui5_key":"applicationmanageresources-display-component---newResourceUnit--TYPE-arrow"}]}
RESULT: {}
RESULT: {"script":"<script> [1562 bytes]","args":[{"selector":{"id":"application-manageresources-display-component---newResourceUnit--TYPE-arrow"},"wdio_ui5_key":"applicationmanageresources-display-component---newResourceUnit--TYPE-arrow"}]}
RESULT: undefined
COMMAND: POST /session/f31953e55de2d70fb971a65264fe9e98/element - {"using":"xpath","value":"//*[@id=\"application-manageresources-display-component---newResourceUnit--TYPE-arrow\"]"}
RESULT: {"using":"xpath","value":"//*[@id=\"application-manageresources-display-component---newResourceUnit--TYPE-arrow\"]"}
COMMAND: POST /session/f31953e55de2d70fb971a65264fe9e98/element/f.64D82B69FC2678D0F29344912A345B1C.d.5819AB0B10DEEA7AE90315BD20DA4C24.e.17098/click - {}
RESULT: {}
COMMAND: POST /session/f31953e55de2d70fb971a65264fe9e98/element - {"using":"xpath","value":"//input[@id=\"application-manageresources-display-component---newResourceUnit--TYPE-inner\"]"}
COMMAND: GET /session/f31953e55de2d70fb971a65264fe9e98/screenshot - {}
RESULT: {"using":"xpath","value":"//input[@id=\"application-manageresources-display-component---newResourceUnit--TYPE-inner\"]"}
COMMAND: POST /session/f31953e55de2d70fb971a65264fe9e98/element/f.64D82B69FC2678D0F29344912A345B1C.d.5819AB0B10DEEA7AE90315BD20DA4C24.e.17093/clear - {}
RESULT: {}
RESULT: {}
COMMAND: POST /session/f31953e55de2d70fb971a65264fe9e98/element/f.64D82B69FC2678D0F29344912A345B1C.d.5819AB0B10DEEA7AE90315BD20DA4C24.e.17093/value - {"text":"Equipment"}
COMMAND: GET /session/f31953e55de2d70fb971a65264fe9e98/screenshot - {}
RESULT: {"text":"Equipment"}
COMMAND: GET /session/f31953e55de2d70fb971a65264fe9e98/screenshot - {}
RESULT: {}
RESULT: {}
COMMAND: POST /session/f31953e55de2d70fb971a65264fe9e98/actions - {"actions":[{"id":"action61","type":"key","parameters":{},"actions":[{"type":"keyDown","value":"î€‡"},{"type":"pause","duration":10},{"type":"keyUp","value":"î€‡"}]}]}
RESULT: {"actions":[{"id":"action61","type":"key","parameters":{},"actions":[{"type":"keyDown","value":"î€‡"},{"type":"pause","duration":10},{"type":"keyUp","value":"î€‡"}]}]}
COMMAND: POST /session/f31953e55de2d70fb971a65264fe9e98/execute/async - {"script":"<script> [1562 bytes]","args":[{"selector":{"id":"application-manageresources-display-component---newResourceUnit--resourceId","interaction":{"idSuffix":"inner"}},"wdio_ui5_key":"applicationmanageresources-display-component---newResourceUnit--resourceId"}]}
COMMAND: GET /session/f31953e55de2d70fb971a65264fe9e98/screenshot - {}
RESULT: {"script":"<script> [1562 bytes]","args":[{"selector":{"id":"application-manageresources-display-component---newResourceUnit--resourceId","interaction":{"idSuffix":"inner"}},"wdio_ui5_key":"applicationmanageresources-display-component---newResourceUnit--resourceId"}]}
RESULT: undefined
COMMAND: POST /session/f31953e55de2d70fb971a65264fe9e98/execute/async - {"script":"<script> [776 bytes]","args":[{"enterText":"Gqvuiv6TwZ","selector":{"id":"application-manageresources-display-component---newResourceUnit--resourceId","interaction":{"idSuffix":"inner"}},"clearTextFirst":true,"interactionType":"ENTER_TEXT"}]}
RESULT: {}
RESULT: {"script":"<script> [776 bytes]","args":[{"enterText":"Gqvuiv6TwZ","selector":{"id":"application-manageresources-display-component---newResourceUnit--resourceId","interaction":{"idSuffix":"inner"}},"clearTextFirst":true,"interactionType":"ENTER_TEXT"}]}
COMMAND: POST /session/f31953e55de2d70fb971a65264fe9e98/execute/async - {"script":"<script> [1562 bytes]","args":[{"selector":{"id":"application-manageresources-display-component---newResourceUnit--SHORT_TEXT","interaction":{"idSuffix":"inner"}},"wdio_ui5_key":"applicationmanageresources-display-component---newResourceUnit--SHORT_TEXT"}]}
RESULT: {"script":"<script> [1562 bytes]","args":[{"selector":{"id":"application-manageresources-display-component---newResourceUnit--SHORT_TEXT","interaction":{"idSuffix":"inner"}},"wdio_ui5_key":"applicationmanageresources-display-component---newResourceUnit--SHORT_TEXT"}]}
RESULT: undefined
COMMAND: POST /session/f31953e55de2d70fb971a65264fe9e98/execute/async - {"script":"<script> [776 bytes]","args":[{"enterText":"Intercompany Equipment WDIO","selector":{"id":"application-manageresources-display-component---newResourceUnit--SHORT_TEXT","interaction":{"idSuffix":"inner"}},"clearTextFirst":true,"interactionType":"ENTER_TEXT"}]}
RESULT: {"script":"<script> [776 bytes]","args":[{"enterText":"Intercompany Equipment WDIO","selector":{"id":"application-manageresources-display-component---newResourceUnit--SHORT_TEXT","interaction":{"idSuffix":"inner"}},"clearTextFirst":true,"interactionType":"ENTER_TEXT"}]}
COMMAND: POST /session/f31953e55de2d70fb971a65264fe9e98/execute/async - {"script":"<script> [1562 bytes]","args":[{"selector":{"id":"application-manageresources-display-component---newResourceUnit--BASE_UNIT_OF_MEASURE","interaction":{"idSuffix":"inner"}},"wdio_ui5_key":"applicationmanageresources-display-component---newResourceUnit--BASE_UNIT_OF_MEASURE"}]}
RESULT: {"script":"<script> [1562 bytes]","args":[{"selector":{"id":"application-manageresources-display-component---newResourceUnit--BASE_UNIT_OF_MEASURE","interaction":{"idSuffix":"inner"}},"wdio_ui5_key":"applicationmanageresources-display-component---newResourceUnit--BASE_UNIT_OF_MEASURE"}]}
RESULT: undefined
COMMAND: POST /session/f31953e55de2d70fb971a65264fe9e98/execute/async - {"script":"<script> [776 bytes]","args":[{"enterText":"Piece","selector":{"id":"application-manageresources-display-component---newResourceUnit--BASE_UNIT_OF_MEASURE","interaction":{"idSuffix":"inner"}},"clearTextFirst":true,"interactionType":"ENTER_TEXT"}]}
RESULT: {"script":"<script> [776 bytes]","args":[{"enterText":"Piece","selector":{"id":"application-manageresources-display-component---newResourceUnit--BASE_UNIT_OF_MEASURE","interaction":{"idSuffix":"inner"}},"clearTextFirst":true,"interactionType":"ENTER_TEXT"}]}
COMMAND: POST /session/f31953e55de2d70fb971a65264fe9e98/execute/async - {"script":"<script> [1562 bytes]","args":[{"selector":{"id":"application-manageresources-display-component---newResourceUnit--WEIGHT_UNIT","interaction":{"idSuffix":"inner"}},"wdio_ui5_key":"applicationmanageresources-display-component---newResourceUnit--WEIGHT_UNIT"}]}
RESULT: {"script":"<script> [1562 bytes]","args":[{"selector":{"id":"application-manageresources-display-component---newResourceUnit--WEIGHT_UNIT","interaction":{"idSuffix":"inner"}},"wdio_ui5_key":"applicationmanageresources-display-component---newResourceUnit--WEIGHT_UNIT"}]}
RESULT: undefined
COMMAND: POST /session/f31953e55de2d70fb971a65264fe9e98/execute/async - {"script":"<script> [776 bytes]","args":[{"enterText":"Gram","selector":{"id":"application-manageresources-display-component---newResourceUnit--WEIGHT_UNIT","interaction":{"idSuffix":"inner"}},"clearTextFirst":true,"interactionType":"ENTER_TEXT"}]}
RESULT: {"script":"<script> [776 bytes]","args":[{"enterText":"Gram","selector":{"id":"application-manageresources-display-component---newResourceUnit--WEIGHT_UNIT","interaction":{"idSuffix":"inner"}},"clearTextFirst":true,"interactionType":"ENTER_TEXT"}]}
COMMAND: POST /session/f31953e55de2d70fb971a65264fe9e98/execute/async - {"script":"<script> [1562 bytes]","args":[{"selector":{"id":"application-manageresources-display-component---newResourceUnit--DIMENSION_UNIT","interaction":{"idSuffix":"inner"}},"wdio_ui5_key":"applicationmanageresources-display-component---newResourceUnit--DIMENSION_UNIT"}]}
RESULT: {"script":"<script> [1562 bytes]","args":[{"selector":{"id":"application-manageresources-display-component---newResourceUnit--DIMENSION_UNIT","interaction":{"idSuffix":"inner"}},"wdio_ui5_key":"applicationmanageresources-display-component---newResourceUnit--DIMENSION_UNIT"}]}
RESULT: undefined
COMMAND: POST /session/f31953e55de2d70fb971a65264fe9e98/execute/async - {"script":"<script> [776 bytes]","args":[{"enterText":"Meter","selector":{"id":"application-manageresources-display-component---newResourceUnit--DIMENSION_UNIT","interaction":{"idSuffix":"inner"}},"clearTextFirst":true,"interactionType":"ENTER_TEXT"}]}
RESULT: {"script":"<script> [776 bytes]","args":[{"enterText":"Meter","selector":{"id":"application-manageresources-display-component---newResourceUnit--DIMENSION_UNIT","interaction":{"idSuffix":"inner"}},"clearTextFirst":true,"interactionType":"ENTER_TEXT"}]}
COMMAND: POST /session/f31953e55de2d70fb971a65264fe9e98/execute/async - {"script":"<script> [1562 bytes]","args":[{"selector":{"id":"application-manageresources-display-component---newResourceUnit--newRRUPage-anchBar-application-manageresources-display-component---newResourceUnit--control-anchor","interaction":{"idSuffix":"BDI-content"}},"wdio_ui5_key":"applicationmanageresources-display-component---newResourceUnit--newRRUPage-anchBar-application-manageresources-display-component---newResourceUnit--control-anchor"}]}
RESULT: {"script":"<script> [1562 bytes]","args":[{"selector":{"id":"application-manageresources-display-component---newResourceUnit--newRRUPage-anchBar-application-manageresources-display-component---newResourceUnit--control-anchor","interaction":{"idSuffix":"BDI-content"}},"wdio_ui5_key":"applicationmanageresources-display-component---newResourceUnit--newRRUPage-anchBar-application-manageresources-display-component---newResourceUnit--control-anchor"}]}
RESULT: undefined
COMMAND: POST /session/f31953e55de2d70fb971a65264fe9e98/element - {"using":"xpath","value":"//*[@id=\"application-manageresources-display-component---newResourceUnit--newRRUPage-anchBar-application-manageresources-display-component---newResourceUnit--control-anchor\"]"}
RESULT: {"using":"xpath","value":"//*[@id=\"application-manageresources-display-component---newResourceUnit--newRRUPage-anchBar-application-manageresources-display-component---newResourceUnit--control-anchor\"]"}
COMMAND: POST /session/f31953e55de2d70fb971a65264fe9e98/element/f.64D82B69FC2678D0F29344912A345B1C.d.5819AB0B10DEEA7AE90315BD20DA4C24.e.17230/click - {}
RESULT: {}
COMMAND: POST /session/f31953e55de2d70fb971a65264fe9e98/execute/async - {"script":"<script> [1562 bytes]","args":[{"selector":{"id":"application-manageresources-display-component---newResourceUnit--PLANNING_GROUP","interaction":{"idSuffix":"inner"}},"wdio_ui5_key":"applicationmanageresources-display-component---newResourceUnit--PLANNING_GROUP"}]}
COMMAND: GET /session/f31953e55de2d70fb971a65264fe9e98/screenshot - {}
RESULT: {"script":"<script> [1562 bytes]","args":[{"selector":{"id":"application-manageresources-display-component---newResourceUnit--PLANNING_GROUP","interaction":{"idSuffix":"inner"}},"wdio_ui5_key":"applicationmanageresources-display-component---newResourceUnit--PLANNING_GROUP"}]}
RESULT: undefined
COMMAND: POST /session/f31953e55de2d70fb971a65264fe9e98/execute/async - {"script":"<script> [776 bytes]","args":[{"enterText":"Heavy Equi","selector":{"id":"application-manageresources-display-component---newResourceUnit--PLANNING_GROUP","interaction":{"idSuffix":"inner"}},"clearTextFirst":true,"interactionType":"ENTER_TEXT"}]}
RESULT: {}
RESULT: {"script":"<script> [776 bytes]","args":[{"enterText":"Heavy Equi","selector":{"id":"application-manageresources-display-component---newResourceUnit--PLANNING_GROUP","interaction":{"idSuffix":"inner"}},"clearTextFirst":true,"interactionType":"ENTER_TEXT"}]}
COMMAND: POST /session/f31953e55de2d70fb971a65264fe9e98/execute/async - {"script":"<script> [1562 bytes]","args":[{"selector":{"id":"application-manageresources-display-component---newResourceUnit--ITEM_TYPE-arrow"},"wdio_ui5_key":"applicationmanageresources-display-component---newResourceUnit--ITEM_TYPE-arrow"}]}
RESULT: {"script":"<script> [1562 bytes]","args":[{"selector":{"id":"application-manageresources-display-component---newResourceUnit--ITEM_TYPE-arrow"},"wdio_ui5_key":"applicationmanageresources-display-component---newResourceUnit--ITEM_TYPE-arrow"}]}
RESULT: undefined
COMMAND: POST /session/f31953e55de2d70fb971a65264fe9e98/element - {"using":"xpath","value":"//*[@id=\"application-manageresources-display-component---newResourceUnit--ITEM_TYPE-arrow\"]"}
RESULT: {"using":"xpath","value":"//*[@id=\"application-manageresources-display-component---newResourceUnit--ITEM_TYPE-arrow\"]"}
COMMAND: POST /session/f31953e55de2d70fb971a65264fe9e98/element/f.64D82B69FC2678D0F29344912A345B1C.d.5819AB0B10DEEA7AE90315BD20DA4C24.e.17237/click - {}
RESULT: {}
COMMAND: POST /session/f31953e55de2d70fb971a65264fe9e98/element - {"using":"xpath","value":"(//span[contains(text(), \"Resource Unit\")])[2]"}
COMMAND: GET /session/f31953e55de2d70fb971a65264fe9e98/screenshot - {}
RESULT: {"using":"xpath","value":"(//span[contains(text(), \"Resource Unit\")])[2]"}
COMMAND: POST /session/f31953e55de2d70fb971a65264fe9e98/element/f.64D82B69FC2678D0F29344912A345B1C.d.5819AB0B10DEEA7AE90315BD20DA4C24.e.17238/click - {}
RESULT: {}
RESULT: {}
COMMAND: GET /session/f31953e55de2d70fb971a65264fe9e98/screenshot - {}
RESULT: {}
COMMAND: POST /session/f31953e55de2d70fb971a65264fe9e98/element - {"using":"css selector","value":"#application-manageresources-display-component---newResourceUnit--btnAddTimeSegment"}
RESULT: {"using":"css selector","value":"#application-manageresources-display-component---newResourceUnit--btnAddTimeSegment"}
COMMAND: GET /session/f31953e55de2d70fb971a65264fe9e98/element/f.64D82B69FC2678D0F29344912A345B1C.d.5819AB0B10DEEA7AE90315BD20DA4C24.e.17239/rect - {}
RESULT: {}
COMMAND: GET /session/f31953e55de2d70fb971a65264fe9e98/window/rect - {}
RESULT: {}
COMMAND: POST /session/f31953e55de2d70fb971a65264fe9e98/execute/sync - {"script":"<script> [92 bytes]","args":[]}
RESULT: {"script":"<script> [92 bytes]","args":[]}
COMMAND: POST /session/f31953e55de2d70fb971a65264fe9e98/actions - {"actions":[{"id":"action62","type":"wheel","parameters":{},"actions":[{"type":"scroll","x":-1888,"y":-32,"deltaX":0,"deltaY":0,"duration":0,"origin":{"element-6066-11e4-a52e-4f735466cecf":"f.64D82B69FC2678D0F29344912A345B1C.d.5819AB0B10DEEA7AE90315BD20DA4C24.e.17239"}}]}]}
COMMAND: GET /session/f31953e55de2d70fb971a65264fe9e98/screenshot - {}
RESULT: {}
COMMAND: POST /session/f31953e55de2d70fb971a65264fe9e98/execute/sync - {"script":"<script> [79 bytes]","args":[{"element-6066-11e4-a52e-4f735466cecf":"f.64D82B69FC2678D0F29344912A345B1C.d.5819AB0B10DEEA7AE90315BD20DA4C24.e.17239","ELEMENT":"f.64D82B69FC2678D0F29344912A345B1C.d.5819AB0B10DEEA7AE90315BD20DA4C24.e.17239"},{"block":"start","inline":"nearest"}]}
RESULT: {"script":"<script> [79 bytes]","args":[{"element-6066-11e4-a52e-4f735466cecf":"f.64D82B69FC2678D0F29344912A345B1C.d.5819AB0B10DEEA7AE90315BD20DA4C24.e.17239","ELEMENT":"f.64D82B69FC2678D0F29344912A345B1C.d.5819AB0B10DEEA7AE90315BD20DA4C24.e.17239"},{"block":"start","inline":"nearest"}]}
COMMAND: POST /session/f31953e55de2d70fb971a65264fe9e98/execute/async - {"script":"<script> [1562 bytes]","args":[{"selector":{"id":"application-manageresources-display-component---newResourceUnit--btnAddTimeSegment","interaction":{"idSuffix":"inner"}},"wdio_ui5_key":"applicationmanageresources-display-component---newResourceUnit--btnAddTimeSegment"}]}
COMMAND: GET /session/f31953e55de2d70fb971a65264fe9e98/screenshot - {}
RESULT: {"script":"<script> [1562 bytes]","args":[{"selector":{"id":"application-manageresources-display-component---newResourceUnit--btnAddTimeSegment","interaction":{"idSuffix":"inner"}},"wdio_ui5_key":"applicationmanageresources-display-component---newResourceUnit--btnAddTimeSegment"}]}
RESULT: undefined
COMMAND: POST /session/f31953e55de2d70fb971a65264fe9e98/element - {"using":"xpath","value":"//*[@id=\"application-manageresources-display-component---newResourceUnit--btnAddTimeSegment\"]"}
RESULT: {}
RESULT: {"using":"xpath","value":"//*[@id=\"application-manageresources-display-component---newResourceUnit--btnAddTimeSegment\"]"}
COMMAND: POST /session/f31953e55de2d70fb971a65264fe9e98/element/f.64D82B69FC2678D0F29344912A345B1C.d.5819AB0B10DEEA7AE90315BD20DA4C24.e.17239/click - {}
RESULT: {}
COMMAND: GET /session/f31953e55de2d70fb971a65264fe9e98/screenshot - {}
RESULT: {}
COMMAND: POST /session/f31953e55de2d70fb971a65264fe9e98/element - {"using":"xpath","value":"//input[@id=\"application-manageresources-display-component---newResourceUnit--idRuTSAdmin-application-manageresources-display-component---newResourceUnit--RUTimeSegment-0-inner\"]"}
RESULT: {"using":"xpath","value":"//input[@id=\"application-manageresources-display-component---newResourceUnit--idRuTSAdmin-application-manageresources-display-component---newResourceUnit--RUTimeSegment-0-inner\"]"}
COMMAND: POST /session/f31953e55de2d70fb971a65264fe9e98/element/f.64D82B69FC2678D0F29344912A345B1C.d.5819AB0B10DEEA7AE90315BD20DA4C24.e.17245/clear - {}
RESULT: {}
COMMAND: POST /session/f31953e55de2d70fb971a65264fe9e98/element/f.64D82B69FC2678D0F29344912A345B1C.d.5819AB0B10DEEA7AE90315BD20DA4C24.e.17245/value - {"text":"603"}
COMMAND: GET /session/f31953e55de2d70fb971a65264fe9e98/screenshot - {}
RESULT: {"text":"603"}
COMMAND: GET /session/f31953e55de2d70fb971a65264fe9e98/screenshot - {}
RESULT: {}
RESULT: {}
COMMAND: POST /session/f31953e55de2d70fb971a65264fe9e98/element - {"using":"xpath","value":"//li[.//span[text()='603']]"}
RESULT: {"using":"xpath","value":"//li[.//span[text()='603']]"}
COMMAND: POST /session/f31953e55de2d70fb971a65264fe9e98/element/f.64D82B69FC2678D0F29344912A345B1C.d.5819AB0B10DEEA7AE90315BD20DA4C24.e.17258/click - {}
RESULT: {}
COMMAND: GET /session/f31953e55de2d70fb971a65264fe9e98/screenshot - {}
RESULT: {}
COMMAND: POST /session/f31953e55de2d70fb971a65264fe9e98/element - {"using":"xpath","value":"(//span[contains(@id, \"-application-manageresources-display-component---newResourceUnit--RUTimeSegment-0-arrow\")])[6]"}
RESULT: {"using":"xpath","value":"(//span[contains(@id, \"-application-manageresources-display-component---newResourceUnit--RUTimeSegment-0-arrow\")])[6]"}
COMMAND: POST /session/f31953e55de2d70fb971a65264fe9e98/element/f.64D82B69FC2678D0F29344912A345B1C.d.5819AB0B10DEEA7AE90315BD20DA4C24.e.17259/click - {}
RESULT: {}
COMMAND: GET /session/f31953e55de2d70fb971a65264fe9e98/screenshot - {}
RESULT: {}
COMMAND: POST /session/f31953e55de2d70fb971a65264fe9e98/element - {"using":"xpath","value":"//span[contains(text(), \"PM Order\")]"}
RESULT: {"using":"xpath","value":"//span[contains(text(), \"PM Order\")]"}
COMMAND: POST /session/f31953e55de2d70fb971a65264fe9e98/element/f.64D82B69FC2678D0F29344912A345B1C.d.5819AB0B10DEEA7AE90315BD20DA4C24.e.17262/click - {}
RESULT: {}
COMMAND: GET /session/f31953e55de2d70fb971a65264fe9e98/screenshot - {}
RESULT: {}
COMMAND: POST /session/f31953e55de2d70fb971a65264fe9e98/element - {"using":"xpath","value":"(//span[contains(@id ,\"manageresources-display-component---newResourceUnit--RUTimeSegment-0-vhi\")])[1]"}
RESULT: {"using":"xpath","value":"(//span[contains(@id ,\"manageresources-display-component---newResourceUnit--RUTimeSegment-0-vhi\")])[1]"}
COMMAND: GET /session/f31953e55de2d70fb971a65264fe9e98/element/f.64D82B69FC2678D0F29344912A345B1C.d.5819AB0B10DEEA7AE90315BD20DA4C24.e.17266/rect - {}
RESULT: {}
COMMAND: GET /session/f31953e55de2d70fb971a65264fe9e98/window/rect - {}
RESULT: {}
COMMAND: POST /session/f31953e55de2d70fb971a65264fe9e98/execute/sync - {"script":"<script> [92 bytes]","args":[]}
RESULT: {"script":"<script> [92 bytes]","args":[]}
COMMAND: POST /session/f31953e55de2d70fb971a65264fe9e98/actions - {"actions":[{"id":"action63","type":"wheel","parameters":{},"actions":[{"type":"scroll","x":-869,"y":-24,"deltaX":0,"deltaY":0,"duration":0,"origin":{"element-6066-11e4-a52e-4f735466cecf":"f.64D82B69FC2678D0F29344912A345B1C.d.5819AB0B10DEEA7AE90315BD20DA4C24.e.17266"}}]}]}
COMMAND: GET /session/f31953e55de2d70fb971a65264fe9e98/screenshot - {}
RESULT: {"actions":[{"id":"action63","type":"wheel","parameters":{},"actions":[{"type":"scroll","x":-869,"y":-24,"deltaX":0,"deltaY":0,"duration":0,"origin":{"element-6066-11e4-a52e-4f735466cecf":"f.64D82B69FC2678D0F29344912A345B1C.d.5819AB0B10DEEA7AE90315BD20DA4C24.e.17266"}}]}]}
COMMAND: DELETE /session/f31953e55de2d70fb971a65264fe9e98/actions - {}
COMMAND: GET /session/f31953e55de2d70fb971a65264fe9e98/screenshot - {}
RESULT: {}
RESULT: {}
COMMAND: GET /session/f31953e55de2d70fb971a65264fe9e98/screenshot - {}
RESULT: {}
RESULT: {}
COMMAND: POST /session/f31953e55de2d70fb971a65264fe9e98/element/f.64D82B69FC2678D0F29344912A345B1C.d.5819AB0B10DEEA7AE90315BD20DA4C24.e.17266/click - {}
RESULT: {}
COMMAND: GET /session/f31953e55de2d70fb971a65264fe9e98/screenshot - {}
RESULT: {}
COMMAND: POST /session/f31953e55de2d70fb971a65264fe9e98/execute/async - {"script":"<script> [1562 bytes]","args":[{"selector":{"controlType":"sap.m.SearchField","properties":{"placeholder":"Search"},"searchOpenDialogs":true,"interaction":{"idSuffix":"I"}},"wdio_ui5_key":"sapm.SearchField{\"placeholder\":\"Search\"}"}]}
RESULT: {"script":"<script> [1562 bytes]","args":[{"selector":{"controlType":"sap.m.SearchField","properties":{"placeholder":"Search"},"searchOpenDialogs":true,"interaction":{"idSuffix":"I"}},"wdio_ui5_key":"sapm.SearchField{\"placeholder\":\"Search\"}"}]}
RESULT: undefined
COMMAND: POST /session/f31953e55de2d70fb971a65264fe9e98/execute/async - {"script":"<script> [776 bytes]","args":[{"enterText":"4000360","selector":{"controlType":"sap.m.SearchField","properties":{"placeholder":"Search"},"searchOpenDialogs":true,"interaction":{"idSuffix":"I"}},"clearTextFirst":true,"interactionType":"ENTER_TEXT"}]}
RESULT: {"script":"<script> [776 bytes]","args":[{"enterText":"4000360","selector":{"controlType":"sap.m.SearchField","properties":{"placeholder":"Search"},"searchOpenDialogs":true,"interaction":{"idSuffix":"I"}},"clearTextFirst":true,"interactionType":"ENTER_TEXT"}]}
COMMAND: POST /session/f31953e55de2d70fb971a65264fe9e98/actions - {"actions":[{"id":"action64","type":"key","parameters":{},"actions":[{"type":"keyDown","value":"î€‡"},{"type":"pause","duration":10},{"type":"keyUp","value":"î€‡"}]}]}
RESULT: {"actions":[{"id":"action64","type":"key","parameters":{},"actions":[{"type":"keyDown","value":"î€‡"},{"type":"pause","duration":10},{"type":"keyUp","value":"î€‡"}]}]}
COMMAND: GET /session/f31953e55de2d70fb971a65264fe9e98/screenshot - {}
RESULT: {}
COMMAND: POST /session/f31953e55de2d70fb971a65264fe9e98/element - {"using":"xpath","value":"//td/div/span[contains(text(), \"BGL Vehicles\")]"}
RESULT: {"using":"xpath","value":"//td/div/span[contains(text(), \"BGL Vehicles\")]"}
COMMAND: POST /session/f31953e55de2d70fb971a65264fe9e98/element/f.64D82B69FC2678D0F29344912A345B1C.d.5819AB0B10DEEA7AE90315BD20DA4C24.e.17288/click - {}
RESULT: {}
COMMAND: GET /session/f31953e55de2d70fb971a65264fe9e98/screenshot - {}
RESULT: {}
COMMAND: POST /session/f31953e55de2d70fb971a65264fe9e98/element - {"using":"xpath","value":"//bdi[contains(text(), \"OK\")]"}
RESULT: {"using":"xpath","value":"//bdi[contains(text(), \"OK\")]"}
COMMAND: POST /session/f31953e55de2d70fb971a65264fe9e98/element/f.64D82B69FC2678D0F29344912A345B1C.d.5819AB0B10DEEA7AE90315BD20DA4C24.e.17289/click - {}
RESULT: {}
COMMAND: GET /session/f31953e55de2d70fb971a65264fe9e98/screenshot - {}
RESULT: {}
COMMAND: POST /session/f31953e55de2d70fb971a65264fe9e98/execute/async - {"script":"<script> [1562 bytes]","args":[{"selector":{"id":"application-manageresources-display-component---newResourceUnit--newRRUPage-anchBar-application-manageresources-display-component---newResourceUnit--resource-anchor","interaction":{"idSuffix":"BDI-content"}},"wdio_ui5_key":"applicationmanageresources-display-component---newResourceUnit--newRRUPage-anchBar-application-manageresources-display-component---newResourceUnit--resource-anchor"}]}
RESULT: {"script":"<script> [1562 bytes]","args":[{"selector":{"id":"application-manageresources-display-component---newResourceUnit--newRRUPage-anchBar-application-manageresources-display-component---newResourceUnit--resource-anchor","interaction":{"idSuffix":"BDI-content"}},"wdio_ui5_key":"applicationmanageresources-display-component---newResourceUnit--newRRUPage-anchBar-application-manageresources-display-component---newResourceUnit--resource-anchor"}]}
RESULT: undefined
COMMAND: POST /session/f31953e55de2d70fb971a65264fe9e98/element - {"using":"xpath","value":"//*[@id=\"application-manageresources-display-component---newResourceUnit--newRRUPage-anchBar-application-manageresources-display-component---newResourceUnit--resource-anchor\"]"}
RESULT: {"using":"xpath","value":"//*[@id=\"application-manageresources-display-component---newResourceUnit--newRRUPage-anchBar-application-manageresources-display-component---newResourceUnit--resource-anchor\"]"}
COMMAND: POST /session/f31953e55de2d70fb971a65264fe9e98/element/f.64D82B69FC2678D0F29344912A345B1C.d.5819AB0B10DEEA7AE90315BD20DA4C24.e.17293/click - {}
RESULT: {}
COMMAND: POST /session/f31953e55de2d70fb971a65264fe9e98/execute/async - {"script":"<script> [1562 bytes]","args":[{"selector":{"id":"application-manageresources-display-component---newResourceUnit--PLANNED_DELIVERY_DATE","interaction":{"idSuffix":"inner"}},"wdio_ui5_key":"applicationmanageresources-display-component---newResourceUnit--PLANNED_DELIVERY_DATE"}]}
COMMAND: GET /session/f31953e55de2d70fb971a65264fe9e98/screenshot - {}
RESULT: {"script":"<script> [1562 bytes]","args":[{"selector":{"id":"application-manageresources-display-component---newResourceUnit--PLANNED_DELIVERY_DATE","interaction":{"idSuffix":"inner"}},"wdio_ui5_key":"applicationmanageresources-display-component---newResourceUnit--PLANNED_DELIVERY_DATE"}]}
RESULT: undefined
COMMAND: POST /session/f31953e55de2d70fb971a65264fe9e98/execute/async - {"script":"<script> [6424 bytes]","args":[{"element-6066-11e4-a52e-4f735466cecf":"f.64D82B69FC2678D0F29344912A345B1C.d.5819AB0B10DEEA7AE90315BD20DA4C24.e.17155"},"setValue",["5/20/25"]]}
RESULT: {}
RESULT: {"script":"<script> [6424 bytes]","args":[{"element-6066-11e4-a52e-4f735466cecf":"f.64D82B69FC2678D0F29344912A345B1C.d.5819AB0B10DEEA7AE90315BD20DA4C24.e.17155"},"setValue",["5/20/25"]]}
COMMAND: POST /session/f31953e55de2d70fb971a65264fe9e98/element - {"using":"xpath","value":"//label[contains(@class, 'sapMLabelRequired') and .//bdi[contains(text(), 'Planned Retirement')]]"}
RESULT: {"using":"xpath","value":"//label[contains(@class, 'sapMLabelRequired') and .//bdi[contains(text(), 'Planned Retirement')]]"}
COMMAND: POST /session/f31953e55de2d70fb971a65264fe9e98/elements - {"using":"xpath","value":"//label[contains(@class, 'sapMLabelRequired') and .//bdi[contains(text(), 'Planned Retirement')]]"}
RESULT: {"using":"xpath","value":"//label[contains(@class, 'sapMLabelRequired') and .//bdi[contains(text(), 'Planned Retirement')]]"}
COMMAND: POST /session/f31953e55de2d70fb971a65264fe9e98/element - {"using":"xpath","value":"//button[@data-kt=\"resourceUnitSaveButton\"]"}
RESULT: {"using":"xpath","value":"//button[@data-kt=\"resourceUnitSaveButton\"]"}
COMMAND: POST /session/f31953e55de2d70fb971a65264fe9e98/element/f.64D82B69FC2678D0F29344912A345B1C.d.5819AB0B10DEEA7AE90315BD20DA4C24.e.17116/click - {}
RESULT: {}
COMMAND: GET /session/f31953e55de2d70fb971a65264fe9e98/screenshot - {}
RESULT: {}
COMMAND: POST /session/f31953e55de2d70fb971a65264fe9e98/element - {"using":"xpath","value":"//bdi[contains(text(), \"Close\")]"}
RESULT: {"using":"xpath","value":"//bdi[contains(text(), \"Close\")]"}
COMMAND: POST /session/f31953e55de2d70fb971a65264fe9e98/element/f.64D82B69FC2678D0F29344912A345B1C.d.5819AB0B10DEEA7AE90315BD20DA4C24.e.17302/click - {}
RESULT: {}
COMMAND: GET /session/f31953e55de2d70fb971a65264fe9e98/screenshot - {}
RESULT: {}
COMMAND: POST /session/f31953e55de2d70fb971a65264fe9e98/element - {"using":"xpath","value":"(//button[contains(@id ,\"actionsToolbar-overflowButton\")])[1]"}
RESULT: {"using":"xpath","value":"(//button[contains(@id ,\"actionsToolbar-overflowButton\")])[1]"}
COMMAND: POST /session/f31953e55de2d70fb971a65264fe9e98/element/f.64D82B69FC2678D0F29344912A345B1C.d.5819AB0B10DEEA7AE90315BD20DA4C24.e.17356/click - {}
RESULT: {}
COMMAND: GET /session/f31953e55de2d70fb971a65264fe9e98/screenshot - {}
RESULT: {}
COMMAND: POST /session/f31953e55de2d70fb971a65264fe9e98/element - {"using":"xpath","value":"//button[@data-kt=\"priceInfoButton\"]"}
RESULT: {"using":"xpath","value":"//button[@data-kt=\"priceInfoButton\"]"}
COMMAND: POST /session/f31953e55de2d70fb971a65264fe9e98/element/f.64D82B69FC2678D0F29344912A345B1C.d.5819AB0B10DEEA7AE90315BD20DA4C24.e.17358/click - {}
RESULT: {}
COMMAND: GET /session/f31953e55de2d70fb971a65264fe9e98/screenshot - {}
]]></system-out>
    </testcase>
    <testcase classname="chrome.136_0_7103_93.windows.Create_Reverse_Billing_US127248" name="Should create a pricing procedure" time="58.842">
      <system-out><![CDATA[
COMMAND: POST /session/f31953e55de2d70fb971a65264fe9e98/element - {"using":"xpath","value":"//button[@data-kt=\"addButton\"]"}
RESULT: {}
RESULT: {"using":"xpath","value":"//button[@data-kt=\"addButton\"]"}
COMMAND: POST /session/f31953e55de2d70fb971a65264fe9e98/elements - {"using":"xpath","value":"//button[@data-kt=\"addButton\"]"}
RESULT: {"using":"xpath","value":"//button[@data-kt=\"addButton\"]"}
COMMAND: POST /session/f31953e55de2d70fb971a65264fe9e98/element - {"using":"xpath","value":"//button[@data-kt=\"addButton\"]"}
RESULT: {"using":"xpath","value":"//button[@data-kt=\"addButton\"]"}
COMMAND: POST /session/f31953e55de2d70fb971a65264fe9e98/execute/sync - {"script":"<script> [8489 bytes]","args":[{"element-6066-11e4-a52e-4f735466cecf":"f.64D82B69FC2678D0F29344912A345B1C.d.5819AB0B10DEEA7AE90315BD20DA4C24.e.17394","ELEMENT":"f.64D82B69FC2678D0F29344912A345B1C.d.5819AB0B10DEEA7AE90315BD20DA4C24.e.17394"}]}
RESULT: {"script":"<script> [8489 bytes]","args":[{"element-6066-11e4-a52e-4f735466cecf":"f.64D82B69FC2678D0F29344912A345B1C.d.5819AB0B10DEEA7AE90315BD20DA4C24.e.17394","ELEMENT":"f.64D82B69FC2678D0F29344912A345B1C.d.5819AB0B10DEEA7AE90315BD20DA4C24.e.17394"}]}
COMMAND: GET /session/f31953e55de2d70fb971a65264fe9e98/element/f.64D82B69FC2678D0F29344912A345B1C.d.5819AB0B10DEEA7AE90315BD20DA4C24.e.17394/enabled - {}
COMMAND: GET /session/f31953e55de2d70fb971a65264fe9e98/screenshot - {}
RESULT: {}
COMMAND: POST /session/f31953e55de2d70fb971a65264fe9e98/execute/sync - {"script":"<script> [8489 bytes]","args":[{"element-6066-11e4-a52e-4f735466cecf":"f.64D82B69FC2678D0F29344912A345B1C.d.5819AB0B10DEEA7AE90315BD20DA4C24.e.17394","ELEMENT":"f.64D82B69FC2678D0F29344912A345B1C.d.5819AB0B10DEEA7AE90315BD20DA4C24.e.17394"}]}
COMMAND: GET /session/f31953e55de2d70fb971a65264fe9e98/screenshot - {}
RESULT: {}
RESULT: {"script":"<script> [8489 bytes]","args":[{"element-6066-11e4-a52e-4f735466cecf":"f.64D82B69FC2678D0F29344912A345B1C.d.5819AB0B10DEEA7AE90315BD20DA4C24.e.17394","ELEMENT":"f.64D82B69FC2678D0F29344912A345B1C.d.5819AB0B10DEEA7AE90315BD20DA4C24.e.17394"}]}
COMMAND: POST /session/f31953e55de2d70fb971a65264fe9e98/execute/sync - {"script":"<script> [5351 bytes]","args":[{"element-6066-11e4-a52e-4f735466cecf":"f.64D82B69FC2678D0F29344912A345B1C.d.5819AB0B10DEEA7AE90315BD20DA4C24.e.17394","ELEMENT":"f.64D82B69FC2678D0F29344912A345B1C.d.5819AB0B10DEEA7AE90315BD20DA4C24.e.17394"}]}
COMMAND: GET /session/f31953e55de2d70fb971a65264fe9e98/screenshot - {}
RESULT: {}
RESULT: {"script":"<script> [5351 bytes]","args":[{"element-6066-11e4-a52e-4f735466cecf":"f.64D82B69FC2678D0F29344912A345B1C.d.5819AB0B10DEEA7AE90315BD20DA4C24.e.17394","ELEMENT":"f.64D82B69FC2678D0F29344912A345B1C.d.5819AB0B10DEEA7AE90315BD20DA4C24.e.17394"}]}
COMMAND: POST /session/f31953e55de2d70fb971a65264fe9e98/element/f.64D82B69FC2678D0F29344912A345B1C.d.5819AB0B10DEEA7AE90315BD20DA4C24.e.17394/click - {}
COMMAND: GET /session/f31953e55de2d70fb971a65264fe9e98/screenshot - {}
RESULT: {}
RESULT: {}
COMMAND: GET /session/f31953e55de2d70fb971a65264fe9e98/screenshot - {}
RESULT: {}
RESULT: {}
COMMAND: POST /session/f31953e55de2d70fb971a65264fe9e98/execute/async - {"script":"<script> [1562 bytes]","args":[{"selector":{"controlType":"sap.m.Title","viewName":"etm.portal.ui.managepricingrules.view.NewItem","viewId":"application-managepricingrules-display-component---newInfoPriceItem","properties":{"text":"New Pricing Rules - Item Level"}},"wdio_ui5_key":"etmportal.ui.managepricingrules.view.NewItemsap.m.Title{\"text\":\"New Pricing Rules - Item Level\"}"}]}
RESULT: {"script":"<script> [1562 bytes]","args":[{"selector":{"controlType":"sap.m.Title","viewName":"etm.portal.ui.managepricingrules.view.NewItem","viewId":"application-managepricingrules-display-component---newInfoPriceItem","properties":{"text":"New Pricing Rules - Item Level"}},"wdio_ui5_key":"etmportal.ui.managepricingrules.view.NewItemsap.m.Title{\"text\":\"New Pricing Rules - Item Level\"}"}]}
RESULT: undefined
COMMAND: POST /session/f31953e55de2d70fb971a65264fe9e98/execute/async - {"script":"<script> [6424 bytes]","args":[{"element-6066-11e4-a52e-4f735466cecf":"f.64D82B69FC2678D0F29344912A345B1C.d.5819AB0B10DEEA7AE90315BD20DA4C24.e.17554"},"getText",[]]}
RESULT: {"script":"<script> [6424 bytes]","args":[{"element-6066-11e4-a52e-4f735466cecf":"f.64D82B69FC2678D0F29344912A345B1C.d.5819AB0B10DEEA7AE90315BD20DA4C24.e.17554"},"getText",[]]}
COMMAND: POST /session/f31953e55de2d70fb971a65264fe9e98/execute/async - {"script":"<script> [1562 bytes]","args":[{"selector":{"id":"application-managepricingrules-display-component---newInfoPriceItem--condValidTo","interaction":{"idSuffix":"inner"}},"wdio_ui5_key":"applicationmanagepricingrules-display-component---newInfoPriceItem--condValidTo"}]}
RESULT: {"script":"<script> [1562 bytes]","args":[{"selector":{"id":"application-managepricingrules-display-component---newInfoPriceItem--condValidTo","interaction":{"idSuffix":"inner"}},"wdio_ui5_key":"applicationmanagepricingrules-display-component---newInfoPriceItem--condValidTo"}]}
RESULT: undefined
COMMAND: POST /session/f31953e55de2d70fb971a65264fe9e98/execute/async - {"script":"<script> [776 bytes]","args":[{"enterText":"1/20/26","selector":{"id":"application-managepricingrules-display-component---newInfoPriceItem--condValidTo","interaction":{"idSuffix":"inner"}},"clearTextFirst":true,"interactionType":"ENTER_TEXT"}]}
RESULT: {"script":"<script> [776 bytes]","args":[{"enterText":"1/20/26","selector":{"id":"application-managepricingrules-display-component---newInfoPriceItem--condValidTo","interaction":{"idSuffix":"inner"}},"clearTextFirst":true,"interactionType":"ENTER_TEXT"}]}
COMMAND: POST /session/f31953e55de2d70fb971a65264fe9e98/execute/async - {"script":"<script> [1562 bytes]","args":[{"selector":{"id":"application-managepricingrules-display-component---newInfoPriceItem--billType-arrow"},"wdio_ui5_key":"applicationmanagepricingrules-display-component---newInfoPriceItem--billType-arrow"}]}
RESULT: {"script":"<script> [1562 bytes]","args":[{"selector":{"id":"application-managepricingrules-display-component---newInfoPriceItem--billType-arrow"},"wdio_ui5_key":"applicationmanagepricingrules-display-component---newInfoPriceItem--billType-arrow"}]}
RESULT: undefined
COMMAND: POST /session/f31953e55de2d70fb971a65264fe9e98/element - {"using":"xpath","value":"//*[@id=\"application-managepricingrules-display-component---newInfoPriceItem--billType-arrow\"]"}
RESULT: {"using":"xpath","value":"//*[@id=\"application-managepricingrules-display-component---newInfoPriceItem--billType-arrow\"]"}
COMMAND: POST /session/f31953e55de2d70fb971a65264fe9e98/element/f.64D82B69FC2678D0F29344912A345B1C.d.5819AB0B10DEEA7AE90315BD20DA4C24.e.17556/click - {}
RESULT: {}
COMMAND: POST /session/f31953e55de2d70fb971a65264fe9e98/element - {"using":"xpath","value":"//span[contains(text(), \"TB - Time based\")]"}
COMMAND: GET /session/f31953e55de2d70fb971a65264fe9e98/screenshot - {}
RESULT: {"using":"xpath","value":"//span[contains(text(), \"TB - Time based\")]"}
COMMAND: POST /session/f31953e55de2d70fb971a65264fe9e98/element/f.64D82B69FC2678D0F29344912A345B1C.d.5819AB0B10DEEA7AE90315BD20DA4C24.e.17557/click - {}
RESULT: {}
RESULT: {}
COMMAND: POST /session/f31953e55de2d70fb971a65264fe9e98/execute/async - {"script":"<script> [1562 bytes]","args":[{"selector":{"id":"application-managepricingrules-display-component---newInfoPriceItem--priceProc-arrow"},"wdio_ui5_key":"applicationmanagepricingrules-display-component---newInfoPriceItem--priceProc-arrow"}]}
COMMAND: GET /session/f31953e55de2d70fb971a65264fe9e98/screenshot - {}
RESULT: {"script":"<script> [1562 bytes]","args":[{"selector":{"id":"application-managepricingrules-display-component---newInfoPriceItem--priceProc-arrow"},"wdio_ui5_key":"applicationmanagepricingrules-display-component---newInfoPriceItem--priceProc-arrow"}]}
RESULT: undefined
COMMAND: POST /session/f31953e55de2d70fb971a65264fe9e98/element - {"using":"xpath","value":"//*[@id=\"application-managepricingrules-display-component---newInfoPriceItem--priceProc-arrow\"]"}
RESULT: {}
RESULT: {"using":"xpath","value":"//*[@id=\"application-managepricingrules-display-component---newInfoPriceItem--priceProc-arrow\"]"}
COMMAND: POST /session/f31953e55de2d70fb971a65264fe9e98/element/f.64D82B69FC2678D0F29344912A345B1C.d.5819AB0B10DEEA7AE90315BD20DA4C24.e.17520/click - {}
RESULT: {}
COMMAND: POST /session/f31953e55de2d70fb971a65264fe9e98/element - {"using":"xpath","value":"//span[contains(text(), \"TBS - Time based standard\")]"}
COMMAND: GET /session/f31953e55de2d70fb971a65264fe9e98/screenshot - {}
RESULT: {"using":"xpath","value":"//span[contains(text(), \"TBS - Time based standard\")]"}
COMMAND: POST /session/f31953e55de2d70fb971a65264fe9e98/element/f.64D82B69FC2678D0F29344912A345B1C.d.5819AB0B10DEEA7AE90315BD20DA4C24.e.17558/click - {}
RESULT: {}
RESULT: {}
COMMAND: POST /session/f31953e55de2d70fb971a65264fe9e98/execute/async - {"script":"<script> [1562 bytes]","args":[{"selector":{"id":"application-managepricingrules-display-component---newInfoPriceItem--calcBase-arrow"},"wdio_ui5_key":"applicationmanagepricingrules-display-component---newInfoPriceItem--calcBase-arrow"}]}
COMMAND: GET /session/f31953e55de2d70fb971a65264fe9e98/screenshot - {}
RESULT: {"script":"<script> [1562 bytes]","args":[{"selector":{"id":"application-managepricingrules-display-component---newInfoPriceItem--calcBase-arrow"},"wdio_ui5_key":"applicationmanagepricingrules-display-component---newInfoPriceItem--calcBase-arrow"}]}
RESULT: undefined
COMMAND: POST /session/f31953e55de2d70fb971a65264fe9e98/element - {"using":"xpath","value":"//*[@id=\"application-managepricingrules-display-component---newInfoPriceItem--calcBase-arrow\"]"}
RESULT: {}
RESULT: {"using":"xpath","value":"//*[@id=\"application-managepricingrules-display-component---newInfoPriceItem--calcBase-arrow\"]"}
COMMAND: POST /session/f31953e55de2d70fb971a65264fe9e98/element/f.64D82B69FC2678D0F29344912A345B1C.d.5819AB0B10DEEA7AE90315BD20DA4C24.e.17527/click - {}
RESULT: {}
COMMAND: GET /session/f31953e55de2d70fb971a65264fe9e98/screenshot - {}
RESULT: {}
COMMAND: POST /session/f31953e55de2d70fb971a65264fe9e98/element - {"using":"xpath","value":"//span[contains(text(), \"0006 - TB(calendar days)\")]"}
RESULT: {"using":"xpath","value":"//span[contains(text(), \"0006 - TB(calendar days)\")]"}
COMMAND: POST /session/f31953e55de2d70fb971a65264fe9e98/element/f.64D82B69FC2678D0F29344912A345B1C.d.5819AB0B10DEEA7AE90315BD20DA4C24.e.17559/click - {}
RESULT: {}
COMMAND: GET /session/f31953e55de2d70fb971a65264fe9e98/screenshot - {}
RESULT: {}
COMMAND: POST /session/f31953e55de2d70fb971a65264fe9e98/execute/async - {"script":"<script> [1562 bytes]","args":[{"selector":{"id":"application-managepricingrules-display-component---newInfoPriceItem--daysMonth","interaction":{"idSuffix":"inner"}},"wdio_ui5_key":"applicationmanagepricingrules-display-component---newInfoPriceItem--daysMonth"}]}
RESULT: {"script":"<script> [1562 bytes]","args":[{"selector":{"id":"application-managepricingrules-display-component---newInfoPriceItem--daysMonth","interaction":{"idSuffix":"inner"}},"wdio_ui5_key":"applicationmanagepricingrules-display-component---newInfoPriceItem--daysMonth"}]}
RESULT: undefined
COMMAND: POST /session/f31953e55de2d70fb971a65264fe9e98/execute/async - {"script":"<script> [776 bytes]","args":[{"enterText":"30","selector":{"id":"application-managepricingrules-display-component---newInfoPriceItem--daysMonth","interaction":{"idSuffix":"inner"}},"clearTextFirst":true,"interactionType":"ENTER_TEXT"}]}
RESULT: {"script":"<script> [776 bytes]","args":[{"enterText":"30","selector":{"id":"application-managepricingrules-display-component---newInfoPriceItem--daysMonth","interaction":{"idSuffix":"inner"}},"clearTextFirst":true,"interactionType":"ENTER_TEXT"}]}
COMMAND: POST /session/f31953e55de2d70fb971a65264fe9e98/element - {"using":"xpath","value":"//button[@data-kt=\"saveNewRuleButton\"]"}
RESULT: {"using":"xpath","value":"//button[@data-kt=\"saveNewRuleButton\"]"}
COMMAND: POST /session/f31953e55de2d70fb971a65264fe9e98/element/f.64D82B69FC2678D0F29344912A345B1C.d.5819AB0B10DEEA7AE90315BD20DA4C24.e.17544/click - {}
RESULT: {}
COMMAND: GET /session/f31953e55de2d70fb971a65264fe9e98/screenshot - {}
RESULT: {}
COMMAND: POST /session/f31953e55de2d70fb971a65264fe9e98/execute/async - {"script":"<script> [1562 bytes]","args":[{"selector":{"id":"application-managepricingrules-display-component---priceInfoItem--smartFilterBar-btnBasicSearch","interaction":{"idSuffix":"I"}},"wdio_ui5_key":"applicationmanagepricingrules-display-component---priceInfoItem--smartFilterBar-btnBasicSearch"}]}
RESULT: {"script":"<script> [1562 bytes]","args":[{"selector":{"id":"application-managepricingrules-display-component---priceInfoItem--smartFilterBar-btnBasicSearch","interaction":{"idSuffix":"I"}},"wdio_ui5_key":"applicationmanagepricingrules-display-component---priceInfoItem--smartFilterBar-btnBasicSearch"}]}
RESULT: undefined
COMMAND: POST /session/f31953e55de2d70fb971a65264fe9e98/execute/async - {"script":"<script> [776 bytes]","args":[{"enterText":"Gqvuiv6TwZ","selector":{"id":"application-managepricingrules-display-component---priceInfoItem--smartFilterBar-btnBasicSearch","interaction":{"idSuffix":"I"}},"clearTextFirst":true,"interactionType":"ENTER_TEXT"}]}
RESULT: {"script":"<script> [776 bytes]","args":[{"enterText":"Gqvuiv6TwZ","selector":{"id":"application-managepricingrules-display-component---priceInfoItem--smartFilterBar-btnBasicSearch","interaction":{"idSuffix":"I"}},"clearTextFirst":true,"interactionType":"ENTER_TEXT"}]}
COMMAND: POST /session/f31953e55de2d70fb971a65264fe9e98/actions - {"actions":[{"id":"action65","type":"key","parameters":{},"actions":[{"type":"keyDown","value":"î€‡"},{"type":"pause","duration":10},{"type":"keyUp","value":"î€‡"}]}]}
RESULT: {"actions":[{"id":"action65","type":"key","parameters":{},"actions":[{"type":"keyDown","value":"î€‡"},{"type":"pause","duration":10},{"type":"keyUp","value":"î€‡"}]}]}
COMMAND: GET /session/f31953e55de2d70fb971a65264fe9e98/screenshot - {}
RESULT: {}
COMMAND: POST /session/f31953e55de2d70fb971a65264fe9e98/element - {"using":"xpath","value":"//span[@id=\"application-managepricingrules-display-component---priceInfoItem--smartTable-header-inner\"]"}
RESULT: {"using":"xpath","value":"//span[@id=\"application-managepricingrules-display-component---priceInfoItem--smartTable-header-inner\"]"}
COMMAND: POST /session/f31953e55de2d70fb971a65264fe9e98/elements - {"using":"xpath","value":"//span[@id=\"application-managepricingrules-display-component---priceInfoItem--smartTable-header-inner\"]"}
RESULT: {"using":"xpath","value":"//span[@id=\"application-managepricingrules-display-component---priceInfoItem--smartTable-header-inner\"]"}
COMMAND: POST /session/f31953e55de2d70fb971a65264fe9e98/execute/sync - {"script":"<script> [56 bytes]","args":[{"element-6066-11e4-a52e-4f735466cecf":"f.64D82B69FC2678D0F29344912A345B1C.d.5819AB0B10DEEA7AE90315BD20DA4C24.e.17583","ELEMENT":"f.64D82B69FC2678D0F29344912A345B1C.d.5819AB0B10DEEA7AE90315BD20DA4C24.e.17583"}]}
RESULT: {"script":"<script> [56 bytes]","args":[{"element-6066-11e4-a52e-4f735466cecf":"f.64D82B69FC2678D0F29344912A345B1C.d.5819AB0B10DEEA7AE90315BD20DA4C24.e.17583","ELEMENT":"f.64D82B69FC2678D0F29344912A345B1C.d.5819AB0B10DEEA7AE90315BD20DA4C24.e.17583"}]}
COMMAND: POST /session/f31953e55de2d70fb971a65264fe9e98/element - {"using":"css selector","value":"#shell-header-logo"}
COMMAND: GET /session/f31953e55de2d70fb971a65264fe9e98/screenshot - {}
RESULT: {}
RESULT: {"using":"css selector","value":"#shell-header-logo"}
COMMAND: POST /session/f31953e55de2d70fb971a65264fe9e98/element/f.64D82B69FC2678D0F29344912A345B1C.d.5819AB0B10DEEA7AE90315BD20DA4C24.e.16709/click - {}
RESULT: {}
COMMAND: GET /session/f31953e55de2d70fb971a65264fe9e98/screenshot - {}
RESULT: {}
]]></system-out>
    </testcase>
    <testcase classname="chrome.136_0_7103_93.windows.Create_Reverse_Billing_US127248" name="Should manage conditions" time="69.391">
      <system-out><![CDATA[
COMMAND: POST /session/f31953e55de2d70fb971a65264fe9e98/execute/async - {"script":"<script> [1562 bytes]","args":[{"selector":{"controlType":"sap.m.GenericTile","properties":{"header":"Manage Conditions & Prices"}},"wdio_ui5_key":"sapm.GenericTile{\"header\":\"Manage Conditions & Prices\"}"}]}
RESULT: {"script":"<script> [1562 bytes]","args":[{"selector":{"controlType":"sap.m.GenericTile","properties":{"header":"Manage Conditions & Prices"}},"wdio_ui5_key":"sapm.GenericTile{\"header\":\"Manage Conditions & Prices\"}"}]}
RESULT: undefined
COMMAND: POST /session/f31953e55de2d70fb971a65264fe9e98/element - {"using":"xpath","value":"//*[@id=\"__tile53\"]"}
RESULT: {"using":"xpath","value":"//*[@id=\"__tile53\"]"}
COMMAND: POST /session/f31953e55de2d70fb971a65264fe9e98/element/f.64D82B69FC2678D0F29344912A345B1C.d.5819AB0B10DEEA7AE90315BD20DA4C24.e.16645/click - {}
RESULT: {}
COMMAND: GET /session/f31953e55de2d70fb971a65264fe9e98/screenshot - {}
RESULT: {}
COMMAND: POST /session/f31953e55de2d70fb971a65264fe9e98/elements - {"using":"xpath","value":"//span[text()='Error']"}
RESULT: {"using":"xpath","value":"//span[text()='Error']"}
COMMAND: POST /session/f31953e55de2d70fb971a65264fe9e98/element - {"using":"xpath","value":"//button[@aria-label=\"Create\"]"}
RESULT: {"using":"xpath","value":"//button[@aria-label=\"Create\"]"}
COMMAND: POST /session/f31953e55de2d70fb971a65264fe9e98/elements - {"using":"xpath","value":"//button[@aria-label=\"Create\"]"}
RESULT: {"using":"xpath","value":"//button[@aria-label=\"Create\"]"}
COMMAND: POST /session/f31953e55de2d70fb971a65264fe9e98/execute/sync - {"script":"<script> [8489 bytes]","args":[{"element-6066-11e4-a52e-4f735466cecf":"f.64D82B69FC2678D0F29344912A345B1C.d.5819AB0B10DEEA7AE90315BD20DA4C24.e.17618","ELEMENT":"f.64D82B69FC2678D0F29344912A345B1C.d.5819AB0B10DEEA7AE90315BD20DA4C24.e.17618"}]}
RESULT: {"script":"<script> [8489 bytes]","args":[{"element-6066-11e4-a52e-4f735466cecf":"f.64D82B69FC2678D0F29344912A345B1C.d.5819AB0B10DEEA7AE90315BD20DA4C24.e.17618","ELEMENT":"f.64D82B69FC2678D0F29344912A345B1C.d.5819AB0B10DEEA7AE90315BD20DA4C24.e.17618"}]}
COMMAND: GET /session/f31953e55de2d70fb971a65264fe9e98/element/f.64D82B69FC2678D0F29344912A345B1C.d.5819AB0B10DEEA7AE90315BD20DA4C24.e.17618/enabled - {}
COMMAND: GET /session/f31953e55de2d70fb971a65264fe9e98/screenshot - {}
RESULT: {}
COMMAND: POST /session/f31953e55de2d70fb971a65264fe9e98/execute/sync - {"script":"<script> [8489 bytes]","args":[{"element-6066-11e4-a52e-4f735466cecf":"f.64D82B69FC2678D0F29344912A345B1C.d.5819AB0B10DEEA7AE90315BD20DA4C24.e.17618","ELEMENT":"f.64D82B69FC2678D0F29344912A345B1C.d.5819AB0B10DEEA7AE90315BD20DA4C24.e.17618"}]}
COMMAND: GET /session/f31953e55de2d70fb971a65264fe9e98/screenshot - {}
RESULT: {}
RESULT: {"script":"<script> [8489 bytes]","args":[{"element-6066-11e4-a52e-4f735466cecf":"f.64D82B69FC2678D0F29344912A345B1C.d.5819AB0B10DEEA7AE90315BD20DA4C24.e.17618","ELEMENT":"f.64D82B69FC2678D0F29344912A345B1C.d.5819AB0B10DEEA7AE90315BD20DA4C24.e.17618"}]}
COMMAND: POST /session/f31953e55de2d70fb971a65264fe9e98/execute/sync - {"script":"<script> [5351 bytes]","args":[{"element-6066-11e4-a52e-4f735466cecf":"f.64D82B69FC2678D0F29344912A345B1C.d.5819AB0B10DEEA7AE90315BD20DA4C24.e.17618","ELEMENT":"f.64D82B69FC2678D0F29344912A345B1C.d.5819AB0B10DEEA7AE90315BD20DA4C24.e.17618"}]}
COMMAND: GET /session/f31953e55de2d70fb971a65264fe9e98/screenshot - {}
RESULT: {}
RESULT: {"script":"<script> [5351 bytes]","args":[{"element-6066-11e4-a52e-4f735466cecf":"f.64D82B69FC2678D0F29344912A345B1C.d.5819AB0B10DEEA7AE90315BD20DA4C24.e.17618","ELEMENT":"f.64D82B69FC2678D0F29344912A345B1C.d.5819AB0B10DEEA7AE90315BD20DA4C24.e.17618"}]}
COMMAND: POST /session/f31953e55de2d70fb971a65264fe9e98/element/f.64D82B69FC2678D0F29344912A345B1C.d.5819AB0B10DEEA7AE90315BD20DA4C24.e.17618/click - {}
COMMAND: GET /session/f31953e55de2d70fb971a65264fe9e98/screenshot - {}
RESULT: {}
RESULT: {}
COMMAND: GET /session/f31953e55de2d70fb971a65264fe9e98/screenshot - {}
RESULT: {}
RESULT: {}
COMMAND: POST /session/f31953e55de2d70fb971a65264fe9e98/actions - {"actions":[{"id":"action66","type":"key","parameters":{},"actions":[{"type":"keyDown","value":"î€‡"},{"type":"pause","duration":10},{"type":"keyUp","value":"î€‡"}]}]}
RESULT: {"actions":[{"id":"action66","type":"key","parameters":{},"actions":[{"type":"keyDown","value":"î€‡"},{"type":"pause","duration":10},{"type":"keyUp","value":"î€‡"}]}]}
COMMAND: GET /session/f31953e55de2d70fb971a65264fe9e98/screenshot - {}
RESULT: {}
COMMAND: POST /session/f31953e55de2d70fb971a65264fe9e98/execute/async - {"script":"<script> [1562 bytes]","args":[{"selector":{"id":"application-manageconditionprice-display-component---newCondition--condBillCond-arrow"},"wdio_ui5_key":"applicationmanageconditionprice-display-component---newCondition--condBillCond-arrow"}]}
RESULT: {"script":"<script> [1562 bytes]","args":[{"selector":{"id":"application-manageconditionprice-display-component---newCondition--condBillCond-arrow"},"wdio_ui5_key":"applicationmanageconditionprice-display-component---newCondition--condBillCond-arrow"}]}
RESULT: undefined
COMMAND: POST /session/f31953e55de2d70fb971a65264fe9e98/element - {"using":"xpath","value":"//*[@id=\"application-manageconditionprice-display-component---newCondition--condBillCond-arrow\"]"}
RESULT: {"using":"xpath","value":"//*[@id=\"application-manageconditionprice-display-component---newCondition--condBillCond-arrow\"]"}
COMMAND: POST /session/f31953e55de2d70fb971a65264fe9e98/element/f.64D82B69FC2678D0F29344912A345B1C.d.5819AB0B10DEEA7AE90315BD20DA4C24.e.17799/click - {}
RESULT: {}
COMMAND: GET /session/f31953e55de2d70fb971a65264fe9e98/screenshot - {}
RESULT: {}
COMMAND: POST /session/f31953e55de2d70fb971a65264fe9e98/element - {"using":"xpath","value":"//li[.//span[contains(text(), \"DISP - D&I special price\")]]"}
RESULT: {"using":"xpath","value":"//li[.//span[contains(text(), \"DISP - D&I special price\")]]"}
COMMAND: POST /session/f31953e55de2d70fb971a65264fe9e98/element/f.64D82B69FC2678D0F29344912A345B1C.d.5819AB0B10DEEA7AE90315BD20DA4C24.e.17802/click - {}
RESULT: {}
COMMAND: GET /session/f31953e55de2d70fb971a65264fe9e98/screenshot - {}
RESULT: {}
COMMAND: POST /session/f31953e55de2d70fb971a65264fe9e98/execute/async - {"script":"<script> [1562 bytes]","args":[{"selector":{"id":"application-manageconditionprice-display-component---newCondition--condValidTo","interaction":{"idSuffix":"inner"}},"wdio_ui5_key":"applicationmanageconditionprice-display-component---newCondition--condValidTo"}]}
RESULT: {"script":"<script> [1562 bytes]","args":[{"selector":{"id":"application-manageconditionprice-display-component---newCondition--condValidTo","interaction":{"idSuffix":"inner"}},"wdio_ui5_key":"applicationmanageconditionprice-display-component---newCondition--condValidTo"}]}
RESULT: undefined
COMMAND: POST /session/f31953e55de2d70fb971a65264fe9e98/execute/async - {"script":"<script> [776 bytes]","args":[{"enterText":"1/20/26","selector":{"id":"application-manageconditionprice-display-component---newCondition--condValidTo","interaction":{"idSuffix":"inner"}},"clearTextFirst":true,"interactionType":"ENTER_TEXT"}]}
RESULT: {"script":"<script> [776 bytes]","args":[{"enterText":"1/20/26","selector":{"id":"application-manageconditionprice-display-component---newCondition--condValidTo","interaction":{"idSuffix":"inner"}},"clearTextFirst":true,"interactionType":"ENTER_TEXT"}]}
COMMAND: POST /session/f31953e55de2d70fb971a65264fe9e98/element - {"using":"xpath","value":"//input[@id=\"application-manageconditionprice-display-component---newCondition--condRU-inner\"]"}
RESULT: {"using":"xpath","value":"//input[@id=\"application-manageconditionprice-display-component---newCondition--condRU-inner\"]"}
COMMAND: POST /session/f31953e55de2d70fb971a65264fe9e98/element/f.64D82B69FC2678D0F29344912A345B1C.d.5819AB0B10DEEA7AE90315BD20DA4C24.e.17664/clear - {}
RESULT: {}
COMMAND: POST /session/f31953e55de2d70fb971a65264fe9e98/element/f.64D82B69FC2678D0F29344912A345B1C.d.5819AB0B10DEEA7AE90315BD20DA4C24.e.17664/value - {"text":"Gqvuiv6TwZ"}
COMMAND: GET /session/f31953e55de2d70fb971a65264fe9e98/screenshot - {}
RESULT: {"text":"Gqvuiv6TwZ"}
COMMAND: GET /session/f31953e55de2d70fb971a65264fe9e98/screenshot - {}
RESULT: {}
RESULT: {}
COMMAND: POST /session/f31953e55de2d70fb971a65264fe9e98/actions - {"actions":[{"id":"action67","type":"key","parameters":{},"actions":[{"type":"keyDown","value":"î€‡"},{"type":"pause","duration":10},{"type":"keyUp","value":"î€‡"}]}]}
RESULT: {"actions":[{"id":"action67","type":"key","parameters":{},"actions":[{"type":"keyDown","value":"î€‡"},{"type":"pause","duration":10},{"type":"keyUp","value":"î€‡"}]}]}
COMMAND: POST /session/f31953e55de2d70fb971a65264fe9e98/execute/async - {"script":"<script> [1562 bytes]","args":[{"selector":{"id":"application-manageconditionprice-display-component---newCondition--condBaseQty","interaction":{"idSuffix":"inner"}},"wdio_ui5_key":"applicationmanageconditionprice-display-component---newCondition--condBaseQty"}]}
COMMAND: GET /session/f31953e55de2d70fb971a65264fe9e98/screenshot - {}
RESULT: {"script":"<script> [1562 bytes]","args":[{"selector":{"id":"application-manageconditionprice-display-component---newCondition--condBaseQty","interaction":{"idSuffix":"inner"}},"wdio_ui5_key":"applicationmanageconditionprice-display-component---newCondition--condBaseQty"}]}
RESULT: undefined
COMMAND: POST /session/f31953e55de2d70fb971a65264fe9e98/execute/async - {"script":"<script> [776 bytes]","args":[{"enterText":"1","selector":{"id":"application-manageconditionprice-display-component---newCondition--condBaseQty","interaction":{"idSuffix":"inner"}},"clearTextFirst":true,"interactionType":"ENTER_TEXT"}]}
RESULT: {}
RESULT: {"script":"<script> [776 bytes]","args":[{"enterText":"1","selector":{"id":"application-manageconditionprice-display-component---newCondition--condBaseQty","interaction":{"idSuffix":"inner"}},"clearTextFirst":true,"interactionType":"ENTER_TEXT"}]}
COMMAND: POST /session/f31953e55de2d70fb971a65264fe9e98/execute/async - {"script":"<script> [1562 bytes]","args":[{"selector":{"id":"application-manageconditionprice-display-component---newCondition--condValue","interaction":{"idSuffix":"inner"}},"wdio_ui5_key":"applicationmanageconditionprice-display-component---newCondition--condValue"}]}
RESULT: {"script":"<script> [1562 bytes]","args":[{"selector":{"id":"application-manageconditionprice-display-component---newCondition--condValue","interaction":{"idSuffix":"inner"}},"wdio_ui5_key":"applicationmanageconditionprice-display-component---newCondition--condValue"}]}
RESULT: undefined
COMMAND: POST /session/f31953e55de2d70fb971a65264fe9e98/execute/async - {"script":"<script> [776 bytes]","args":[{"enterText":"200","selector":{"id":"application-manageconditionprice-display-component---newCondition--condValue","interaction":{"idSuffix":"inner"}},"clearTextFirst":true,"interactionType":"ENTER_TEXT"}]}
RESULT: {"script":"<script> [776 bytes]","args":[{"enterText":"200","selector":{"id":"application-manageconditionprice-display-component---newCondition--condValue","interaction":{"idSuffix":"inner"}},"clearTextFirst":true,"interactionType":"ENTER_TEXT"}]}
COMMAND: POST /session/f31953e55de2d70fb971a65264fe9e98/execute/async - {"script":"<script> [1562 bytes]","args":[{"selector":{"id":"application-manageconditionprice-display-component---newCondition--condCurr-arrow"},"wdio_ui5_key":"applicationmanageconditionprice-display-component---newCondition--condCurr-arrow"}]}
RESULT: {"script":"<script> [1562 bytes]","args":[{"selector":{"id":"application-manageconditionprice-display-component---newCondition--condCurr-arrow"},"wdio_ui5_key":"applicationmanageconditionprice-display-component---newCondition--condCurr-arrow"}]}
RESULT: undefined
COMMAND: POST /session/f31953e55de2d70fb971a65264fe9e98/element - {"using":"xpath","value":"//*[@id=\"application-manageconditionprice-display-component---newCondition--condCurr-arrow\"]"}
RESULT: {"using":"xpath","value":"//*[@id=\"application-manageconditionprice-display-component---newCondition--condCurr-arrow\"]"}
COMMAND: POST /session/f31953e55de2d70fb971a65264fe9e98/element/f.64D82B69FC2678D0F29344912A345B1C.d.5819AB0B10DEEA7AE90315BD20DA4C24.e.17755/click - {}
RESULT: {}
COMMAND: POST /session/f31953e55de2d70fb971a65264fe9e98/element - {"using":"xpath","value":"//span[contains(text(), \"Euro\")]"}
COMMAND: GET /session/f31953e55de2d70fb971a65264fe9e98/screenshot - {}
RESULT: {"using":"xpath","value":"//span[contains(text(), \"Euro\")]"}
COMMAND: POST /session/f31953e55de2d70fb971a65264fe9e98/element/f.64D82B69FC2678D0F29344912A345B1C.d.5819AB0B10DEEA7AE90315BD20DA4C24.e.17839/click - {}
RESULT: {}
RESULT: {}
COMMAND: POST /session/f31953e55de2d70fb971a65264fe9e98/element - {"using":"xpath","value":"//button[@data-kt=\"saveButton\"]"}
COMMAND: GET /session/f31953e55de2d70fb971a65264fe9e98/screenshot - {}
RESULT: {"using":"xpath","value":"//button[@data-kt=\"saveButton\"]"}
COMMAND: POST /session/f31953e55de2d70fb971a65264fe9e98/element/f.64D82B69FC2678D0F29344912A345B1C.d.5819AB0B10DEEA7AE90315BD20DA4C24.e.17756/click - {}
RESULT: {}
RESULT: {}
COMMAND: GET /session/f31953e55de2d70fb971a65264fe9e98/screenshot - {}
RESULT: {}
COMMAND: POST /session/f31953e55de2d70fb971a65264fe9e98/execute/async - {"script":"<script> [1562 bytes]","args":[{"selector":{"id":"application-manageconditionprice-display-component---conditions--smartFilterBar-btnBasicSearch","interaction":{"idSuffix":"I"}},"wdio_ui5_key":"applicationmanageconditionprice-display-component---conditions--smartFilterBar-btnBasicSearch"}]}
RESULT: {"script":"<script> [1562 bytes]","args":[{"selector":{"id":"application-manageconditionprice-display-component---conditions--smartFilterBar-btnBasicSearch","interaction":{"idSuffix":"I"}},"wdio_ui5_key":"applicationmanageconditionprice-display-component---conditions--smartFilterBar-btnBasicSearch"}]}
RESULT: undefined
COMMAND: POST /session/f31953e55de2d70fb971a65264fe9e98/execute/async - {"script":"<script> [776 bytes]","args":[{"enterText":"Gqvuiv6TwZ","selector":{"id":"application-manageconditionprice-display-component---conditions--smartFilterBar-btnBasicSearch","interaction":{"idSuffix":"I"}},"clearTextFirst":true,"interactionType":"ENTER_TEXT"}]}
RESULT: {"script":"<script> [776 bytes]","args":[{"enterText":"Gqvuiv6TwZ","selector":{"id":"application-manageconditionprice-display-component---conditions--smartFilterBar-btnBasicSearch","interaction":{"idSuffix":"I"}},"clearTextFirst":true,"interactionType":"ENTER_TEXT"}]}
COMMAND: POST /session/f31953e55de2d70fb971a65264fe9e98/actions - {"actions":[{"id":"action68","type":"key","parameters":{},"actions":[{"type":"keyDown","value":"î€‡"},{"type":"pause","duration":10},{"type":"keyUp","value":"î€‡"}]}]}
RESULT: {"actions":[{"id":"action68","type":"key","parameters":{},"actions":[{"type":"keyDown","value":"î€‡"},{"type":"pause","duration":10},{"type":"keyUp","value":"î€‡"}]}]}
COMMAND: GET /session/f31953e55de2d70fb971a65264fe9e98/screenshot - {}
RESULT: {}
COMMAND: POST /session/f31953e55de2d70fb971a65264fe9e98/execute/async - {"script":"<script> [1562 bytes]","args":[{"selector":{"id":"application-manageconditionprice-display-component---conditions--smartFilterBar-filterItemControl_BASIC-BILL_TYPES-vhi"},"wdio_ui5_key":"applicationmanageconditionprice-display-component---conditions--smartFilterBar-filterItemControl_BASIC-BILL_TYPES-vhi"}]}
RESULT: {"script":"<script> [1562 bytes]","args":[{"selector":{"id":"application-manageconditionprice-display-component---conditions--smartFilterBar-filterItemControl_BASIC-BILL_TYPES-vhi"},"wdio_ui5_key":"applicationmanageconditionprice-display-component---conditions--smartFilterBar-filterItemControl_BASIC-BILL_TYPES-vhi"}]}
RESULT: undefined
COMMAND: POST /session/f31953e55de2d70fb971a65264fe9e98/element - {"using":"xpath","value":"//*[@id=\"application-manageconditionprice-display-component---conditions--smartFilterBar-filterItemControl_BASIC-BILL_TYPES-vhi\"]"}
RESULT: {"using":"xpath","value":"//*[@id=\"application-manageconditionprice-display-component---conditions--smartFilterBar-filterItemControl_BASIC-BILL_TYPES-vhi\"]"}
COMMAND: POST /session/f31953e55de2d70fb971a65264fe9e98/element/f.64D82B69FC2678D0F29344912A345B1C.d.5819AB0B10DEEA7AE90315BD20DA4C24.e.17945/click - {}
RESULT: {}
COMMAND: POST /session/f31953e55de2d70fb971a65264fe9e98/execute/async - {"script":"<script> [1562 bytes]","args":[{"selector":{"id":"application-manageconditionprice-display-component---conditions--smartFilterBar-filterItemControl_BASIC-BILL_TYPES-valueHelpDialog-smartFilterBar-btnBasicSearch","searchOpenDialogs":true,"interaction":{"idSuffix":"I"}},"wdio_ui5_key":"applicationmanageconditionprice-display-component---conditions--smartFilterBar-filterItemControl_BASIC-BILL_TYPES-valueHelpDialog-smartFilterBar-btnBasicSearch"}]}
COMMAND: GET /session/f31953e55de2d70fb971a65264fe9e98/screenshot - {}
RESULT: {"script":"<script> [1562 bytes]","args":[{"selector":{"id":"application-manageconditionprice-display-component---conditions--smartFilterBar-filterItemControl_BASIC-BILL_TYPES-valueHelpDialog-smartFilterBar-btnBasicSearch","searchOpenDialogs":true,"interaction":{"idSuffix":"I"}},"wdio_ui5_key":"applicationmanageconditionprice-display-component---conditions--smartFilterBar-filterItemControl_BASIC-BILL_TYPES-valueHelpDialog-smartFilterBar-btnBasicSearch"}]}
RESULT: undefined
COMMAND: POST /session/f31953e55de2d70fb971a65264fe9e98/execute/async - {"script":"<script> [776 bytes]","args":[{"enterText":"TB","selector":{"id":"application-manageconditionprice-display-component---conditions--smartFilterBar-filterItemControl_BASIC-BILL_TYPES-valueHelpDialog-smartFilterBar-btnBasicSearch","searchOpenDialogs":true,"interaction":{"idSuffix":"I"}},"clearTextFirst":true,"interactionType":"ENTER_TEXT"}]}
RESULT: {}
RESULT: {"script":"<script> [776 bytes]","args":[{"enterText":"TB","selector":{"id":"application-manageconditionprice-display-component---conditions--smartFilterBar-filterItemControl_BASIC-BILL_TYPES-valueHelpDialog-smartFilterBar-btnBasicSearch","searchOpenDialogs":true,"interaction":{"idSuffix":"I"}},"clearTextFirst":true,"interactionType":"ENTER_TEXT"}]}
COMMAND: POST /session/f31953e55de2d70fb971a65264fe9e98/actions - {"actions":[{"id":"action69","type":"key","parameters":{},"actions":[{"type":"keyDown","value":"î€‡"},{"type":"pause","duration":10},{"type":"keyUp","value":"î€‡"}]}]}
RESULT: {"actions":[{"id":"action69","type":"key","parameters":{},"actions":[{"type":"keyDown","value":"î€‡"},{"type":"pause","duration":10},{"type":"keyUp","value":"î€‡"}]}]}
COMMAND: GET /session/f31953e55de2d70fb971a65264fe9e98/screenshot - {}
RESULT: {}
COMMAND: POST /session/f31953e55de2d70fb971a65264fe9e98/element - {"using":"xpath","value":"//div[contains(@id, 'application-manageconditionprice-display-component---conditions--smartFilterBar-filterItemControl_BASIC-BILL_TYPES-valueHelpDialog-table-rowsel0')]"}
RESULT: {"using":"xpath","value":"//div[contains(@id, 'application-manageconditionprice-display-component---conditions--smartFilterBar-filterItemControl_BASIC-BILL_TYPES-valueHelpDialog-table-rowsel0')]"}
COMMAND: POST /session/f31953e55de2d70fb971a65264fe9e98/element/f.64D82B69FC2678D0F29344912A345B1C.d.5819AB0B10DEEA7AE90315BD20DA4C24.e.17955/click - {}
RESULT: {}
COMMAND: GET /session/f31953e55de2d70fb971a65264fe9e98/screenshot - {}
RESULT: {}
COMMAND: POST /session/f31953e55de2d70fb971a65264fe9e98/element - {"using":"xpath","value":"//bdi[contains(text(), \"OK\")]"}
RESULT: {"using":"xpath","value":"//bdi[contains(text(), \"OK\")]"}
COMMAND: POST /session/f31953e55de2d70fb971a65264fe9e98/element/f.64D82B69FC2678D0F29344912A345B1C.d.5819AB0B10DEEA7AE90315BD20DA4C24.e.17957/click - {}
RESULT: {}
COMMAND: GET /session/f31953e55de2d70fb971a65264fe9e98/screenshot - {}
RESULT: {}
COMMAND: POST /session/f31953e55de2d70fb971a65264fe9e98/element - {"using":"xpath","value":"//span[@id=\"application-manageconditionprice-display-component---conditions--smartTable-header-inner\"]"}
RESULT: {"using":"xpath","value":"//span[@id=\"application-manageconditionprice-display-component---conditions--smartTable-header-inner\"]"}
COMMAND: POST /session/f31953e55de2d70fb971a65264fe9e98/elements - {"using":"xpath","value":"//span[@id=\"application-manageconditionprice-display-component---conditions--smartTable-header-inner\"]"}
RESULT: {"using":"xpath","value":"//span[@id=\"application-manageconditionprice-display-component---conditions--smartTable-header-inner\"]"}
COMMAND: POST /session/f31953e55de2d70fb971a65264fe9e98/execute/sync - {"script":"<script> [56 bytes]","args":[{"element-6066-11e4-a52e-4f735466cecf":"f.64D82B69FC2678D0F29344912A345B1C.d.5819AB0B10DEEA7AE90315BD20DA4C24.e.17960","ELEMENT":"f.64D82B69FC2678D0F29344912A345B1C.d.5819AB0B10DEEA7AE90315BD20DA4C24.e.17960"}]}
RESULT: {"script":"<script> [56 bytes]","args":[{"element-6066-11e4-a52e-4f735466cecf":"f.64D82B69FC2678D0F29344912A345B1C.d.5819AB0B10DEEA7AE90315BD20DA4C24.e.17960","ELEMENT":"f.64D82B69FC2678D0F29344912A345B1C.d.5819AB0B10DEEA7AE90315BD20DA4C24.e.17960"}]}
COMMAND: POST /session/f31953e55de2d70fb971a65264fe9e98/element - {"using":"css selector","value":"#shell-header-logo"}
COMMAND: GET /session/f31953e55de2d70fb971a65264fe9e98/screenshot - {}
RESULT: {"using":"css selector","value":"#shell-header-logo"}
COMMAND: POST /session/f31953e55de2d70fb971a65264fe9e98/element/f.64D82B69FC2678D0F29344912A345B1C.d.5819AB0B10DEEA7AE90315BD20DA4C24.e.17586/click - {}
RESULT: {}
RESULT: {}
COMMAND: GET /session/f31953e55de2d70fb971a65264fe9e98/screenshot - {}
RESULT: {}
]]></system-out>
    </testcase>
    <testcase classname="chrome.136_0_7103_93.windows.Create_Reverse_Billing_US127248" name="Should do a stock increase handover" time="101.833">
      <system-out><![CDATA[
COMMAND: POST /session/f31953e55de2d70fb971a65264fe9e98/execute/async - {"script":"<script> [1562 bytes]","args":[{"selector":{"controlType":"sap.m.GenericTile","properties":{"header":"Manage Handovers"}},"wdio_ui5_key":"sapm.GenericTile{\"header\":\"Manage Handovers\"}"}]}
RESULT: {"script":"<script> [1562 bytes]","args":[{"selector":{"controlType":"sap.m.GenericTile","properties":{"header":"Manage Handovers"}},"wdio_ui5_key":"sapm.GenericTile{\"header\":\"Manage Handovers\"}"}]}
RESULT: undefined
COMMAND: POST /session/f31953e55de2d70fb971a65264fe9e98/element - {"using":"xpath","value":"//*[@id=\"__tile132\"]"}
RESULT: {"using":"xpath","value":"//*[@id=\"__tile132\"]"}
COMMAND: POST /session/f31953e55de2d70fb971a65264fe9e98/element/f.64D82B69FC2678D0F29344912A345B1C.d.5819AB0B10DEEA7AE90315BD20DA4C24.e.16684/click - {}
RESULT: {}
COMMAND: GET /session/f31953e55de2d70fb971a65264fe9e98/screenshot - {}
RESULT: {}
COMMAND: POST /session/f31953e55de2d70fb971a65264fe9e98/elements - {"using":"xpath","value":"//span[text()='Error']"}
RESULT: {"using":"xpath","value":"//span[text()='Error']"}
COMMAND: POST /session/f31953e55de2d70fb971a65264fe9e98/element - {"using":"xpath","value":"//button[@data-kt=\"masterHOAddButton\"]"}
RESULT: {"using":"xpath","value":"//button[@data-kt=\"masterHOAddButton\"]"}
COMMAND: POST /session/f31953e55de2d70fb971a65264fe9e98/elements - {"using":"xpath","value":"//button[@data-kt=\"masterHOAddButton\"]"}
RESULT: {"using":"xpath","value":"//button[@data-kt=\"masterHOAddButton\"]"}
COMMAND: POST /session/f31953e55de2d70fb971a65264fe9e98/execute/sync - {"script":"<script> [8489 bytes]","args":[{"element-6066-11e4-a52e-4f735466cecf":"f.64D82B69FC2678D0F29344912A345B1C.d.5819AB0B10DEEA7AE90315BD20DA4C24.e.17994","ELEMENT":"f.64D82B69FC2678D0F29344912A345B1C.d.5819AB0B10DEEA7AE90315BD20DA4C24.e.17994"}]}
RESULT: {"script":"<script> [8489 bytes]","args":[{"element-6066-11e4-a52e-4f735466cecf":"f.64D82B69FC2678D0F29344912A345B1C.d.5819AB0B10DEEA7AE90315BD20DA4C24.e.17994","ELEMENT":"f.64D82B69FC2678D0F29344912A345B1C.d.5819AB0B10DEEA7AE90315BD20DA4C24.e.17994"}]}
COMMAND: GET /session/f31953e55de2d70fb971a65264fe9e98/element/f.64D82B69FC2678D0F29344912A345B1C.d.5819AB0B10DEEA7AE90315BD20DA4C24.e.17994/enabled - {}
COMMAND: GET /session/f31953e55de2d70fb971a65264fe9e98/screenshot - {}
RESULT: {}
COMMAND: POST /session/f31953e55de2d70fb971a65264fe9e98/execute/sync - {"script":"<script> [8489 bytes]","args":[{"element-6066-11e4-a52e-4f735466cecf":"f.64D82B69FC2678D0F29344912A345B1C.d.5819AB0B10DEEA7AE90315BD20DA4C24.e.17994","ELEMENT":"f.64D82B69FC2678D0F29344912A345B1C.d.5819AB0B10DEEA7AE90315BD20DA4C24.e.17994"}]}
COMMAND: GET /session/f31953e55de2d70fb971a65264fe9e98/screenshot - {}
RESULT: {}
RESULT: {"script":"<script> [8489 bytes]","args":[{"element-6066-11e4-a52e-4f735466cecf":"f.64D82B69FC2678D0F29344912A345B1C.d.5819AB0B10DEEA7AE90315BD20DA4C24.e.17994","ELEMENT":"f.64D82B69FC2678D0F29344912A345B1C.d.5819AB0B10DEEA7AE90315BD20DA4C24.e.17994"}]}
COMMAND: POST /session/f31953e55de2d70fb971a65264fe9e98/execute/sync - {"script":"<script> [5351 bytes]","args":[{"element-6066-11e4-a52e-4f735466cecf":"f.64D82B69FC2678D0F29344912A345B1C.d.5819AB0B10DEEA7AE90315BD20DA4C24.e.17994","ELEMENT":"f.64D82B69FC2678D0F29344912A345B1C.d.5819AB0B10DEEA7AE90315BD20DA4C24.e.17994"}]}
COMMAND: GET /session/f31953e55de2d70fb971a65264fe9e98/screenshot - {}
RESULT: {}
RESULT: {"script":"<script> [5351 bytes]","args":[{"element-6066-11e4-a52e-4f735466cecf":"f.64D82B69FC2678D0F29344912A345B1C.d.5819AB0B10DEEA7AE90315BD20DA4C24.e.17994","ELEMENT":"f.64D82B69FC2678D0F29344912A345B1C.d.5819AB0B10DEEA7AE90315BD20DA4C24.e.17994"}]}
COMMAND: POST /session/f31953e55de2d70fb971a65264fe9e98/element/f.64D82B69FC2678D0F29344912A345B1C.d.5819AB0B10DEEA7AE90315BD20DA4C24.e.17994/click - {}
COMMAND: GET /session/f31953e55de2d70fb971a65264fe9e98/screenshot - {}
RESULT: {}
RESULT: {}
COMMAND: GET /session/f31953e55de2d70fb971a65264fe9e98/screenshot - {}
RESULT: {}
COMMAND: POST /session/f31953e55de2d70fb971a65264fe9e98/element - {"using":"xpath","value":"//span[contains(@id ,\"AddNewHO--typeSelect-arrow\")]"}
RESULT: {}
RESULT: {"using":"xpath","value":"//span[contains(@id ,\"AddNewHO--typeSelect-arrow\")]"}
COMMAND: POST /session/f31953e55de2d70fb971a65264fe9e98/element/f.64D82B69FC2678D0F29344912A345B1C.d.5819AB0B10DEEA7AE90315BD20DA4C24.e.18356/click - {}
RESULT: {}
COMMAND: GET /session/f31953e55de2d70fb971a65264fe9e98/screenshot - {}
RESULT: {}
COMMAND: POST /session/f31953e55de2d70fb971a65264fe9e98/element - {"using":"xpath","value":"(//li[contains(text(), \"stock increase yard\")])[1]"}
RESULT: {"using":"xpath","value":"(//li[contains(text(), \"stock increase yard\")])[1]"}
COMMAND: POST /session/f31953e55de2d70fb971a65264fe9e98/element/f.64D82B69FC2678D0F29344912A345B1C.d.5819AB0B10DEEA7AE90315BD20DA4C24.e.18357/click - {}
RESULT: {}
COMMAND: GET /session/f31953e55de2d70fb971a65264fe9e98/screenshot - {}
RESULT: {}
COMMAND: POST /session/f31953e55de2d70fb971a65264fe9e98/execute/async - {"script":"<script> [1562 bytes]","args":[{"selector":{"id":"application-managehandovers-display-component---AddNewHO--dueDate","interaction":{"idSuffix":"inner"}},"wdio_ui5_key":"applicationmanagehandovers-display-component---AddNewHO--dueDate"}]}
RESULT: {"script":"<script> [1562 bytes]","args":[{"selector":{"id":"application-managehandovers-display-component---AddNewHO--dueDate","interaction":{"idSuffix":"inner"}},"wdio_ui5_key":"applicationmanagehandovers-display-component---AddNewHO--dueDate"}]}
RESULT: undefined
COMMAND: POST /session/f31953e55de2d70fb971a65264fe9e98/execute/async - {"script":"<script> [6424 bytes]","args":[{"element-6066-11e4-a52e-4f735466cecf":"f.64D82B69FC2678D0F29344912A345B1C.d.5819AB0B10DEEA7AE90315BD20DA4C24.e.18359"},"setValue",["5/20/25"]]}
RESULT: {"script":"<script> [6424 bytes]","args":[{"element-6066-11e4-a52e-4f735466cecf":"f.64D82B69FC2678D0F29344912A345B1C.d.5819AB0B10DEEA7AE90315BD20DA4C24.e.18359"},"setValue",["5/20/25"]]}
COMMAND: POST /session/f31953e55de2d70fb971a65264fe9e98/element - {"using":"xpath","value":"//input[@id=\"generalSectionFrg--receiveYard-inner\"]"}
RESULT: {"using":"xpath","value":"//input[@id=\"generalSectionFrg--receiveYard-inner\"]"}
COMMAND: POST /session/f31953e55de2d70fb971a65264fe9e98/element/f.64D82B69FC2678D0F29344912A345B1C.d.5819AB0B10DEEA7AE90315BD20DA4C24.e.18363/clear - {}
RESULT: {}
COMMAND: POST /session/f31953e55de2d70fb971a65264fe9e98/element/f.64D82B69FC2678D0F29344912A345B1C.d.5819AB0B10DEEA7AE90315BD20DA4C24.e.18363/value - {"text":"603"}
COMMAND: GET /session/f31953e55de2d70fb971a65264fe9e98/screenshot - {}
RESULT: {"text":"603"}
COMMAND: GET /session/f31953e55de2d70fb971a65264fe9e98/screenshot - {}
RESULT: {}
RESULT: {}
COMMAND: POST /session/f31953e55de2d70fb971a65264fe9e98/element - {"using":"xpath","value":"//li[.//span[text()='603']]"}
RESULT: {"using":"xpath","value":"//li[.//span[text()='603']]"}
COMMAND: POST /session/f31953e55de2d70fb971a65264fe9e98/element/f.64D82B69FC2678D0F29344912A345B1C.d.5819AB0B10DEEA7AE90315BD20DA4C24.e.18381/click - {}
RESULT: {}
COMMAND: GET /session/f31953e55de2d70fb971a65264fe9e98/screenshot - {}
RESULT: {}
COMMAND: POST /session/f31953e55de2d70fb971a65264fe9e98/execute/async - {"script":"<script> [1562 bytes]","args":[{"selector":{"id":"application-managehandovers-display-component---AddNewHO--ObjectPageLayout-anchBar-application-managehandovers-display-component---AddNewHO--section4-anchor","interaction":{"idSuffix":"BDI-content"}},"wdio_ui5_key":"applicationmanagehandovers-display-component---AddNewHO--ObjectPageLayout-anchBar-application-managehandovers-display-component---AddNewHO--section4-anchor"}]}
RESULT: {"script":"<script> [1562 bytes]","args":[{"selector":{"id":"application-managehandovers-display-component---AddNewHO--ObjectPageLayout-anchBar-application-managehandovers-display-component---AddNewHO--section4-anchor","interaction":{"idSuffix":"BDI-content"}},"wdio_ui5_key":"applicationmanagehandovers-display-component---AddNewHO--ObjectPageLayout-anchBar-application-managehandovers-display-component---AddNewHO--section4-anchor"}]}
RESULT: undefined
COMMAND: POST /session/f31953e55de2d70fb971a65264fe9e98/element - {"using":"xpath","value":"//*[@id=\"application-managehandovers-display-component---AddNewHO--ObjectPageLayout-anchBar-application-managehandovers-display-component---AddNewHO--section4-anchor\"]"}
RESULT: {"using":"xpath","value":"//*[@id=\"application-managehandovers-display-component---AddNewHO--ObjectPageLayout-anchBar-application-managehandovers-display-component---AddNewHO--section4-anchor\"]"}
COMMAND: POST /session/f31953e55de2d70fb971a65264fe9e98/element/f.64D82B69FC2678D0F29344912A345B1C.d.5819AB0B10DEEA7AE90315BD20DA4C24.e.18383/click - {}
RESULT: {}
COMMAND: POST /session/f31953e55de2d70fb971a65264fe9e98/element - {"using":"xpath","value":"//button[@aria-label=\"Add\"]"}
COMMAND: GET /session/f31953e55de2d70fb971a65264fe9e98/screenshot - {}
RESULT: {"using":"xpath","value":"//button[@aria-label=\"Add\"]"}
COMMAND: POST /session/f31953e55de2d70fb971a65264fe9e98/element/f.64D82B69FC2678D0F29344912A345B1C.d.5819AB0B10DEEA7AE90315BD20DA4C24.e.18387/click - {}
RESULT: {}
RESULT: {}
COMMAND: GET /session/f31953e55de2d70fb971a65264fe9e98/screenshot - {}
COMMAND: POST /session/f31953e55de2d70fb971a65264fe9e98/execute/async - {"script":"<script> [1562 bytes]","args":[{"selector":{"id":"application-managehandovers-display-component---AddNewHO--smartFilterBar-btnBasicSearch","searchOpenDialogs":true,"interaction":{"idSuffix":"I"}},"wdio_ui5_key":"applicationmanagehandovers-display-component---AddNewHO--smartFilterBar-btnBasicSearch"}]}
RESULT: {}
RESULT: {"script":"<script> [1562 bytes]","args":[{"selector":{"id":"application-managehandovers-display-component---AddNewHO--smartFilterBar-btnBasicSearch","searchOpenDialogs":true,"interaction":{"idSuffix":"I"}},"wdio_ui5_key":"applicationmanagehandovers-display-component---AddNewHO--smartFilterBar-btnBasicSearch"}]}
RESULT: undefined
COMMAND: POST /session/f31953e55de2d70fb971a65264fe9e98/execute/async - {"script":"<script> [776 bytes]","args":[{"enterText":"Gqvuiv6TwZ","selector":{"id":"application-managehandovers-display-component---AddNewHO--smartFilterBar-btnBasicSearch","searchOpenDialogs":true,"interaction":{"idSuffix":"I"}},"clearTextFirst":true,"interactionType":"ENTER_TEXT"}]}
RESULT: {"script":"<script> [776 bytes]","args":[{"enterText":"Gqvuiv6TwZ","selector":{"id":"application-managehandovers-display-component---AddNewHO--smartFilterBar-btnBasicSearch","searchOpenDialogs":true,"interaction":{"idSuffix":"I"}},"clearTextFirst":true,"interactionType":"ENTER_TEXT"}]}
COMMAND: POST /session/f31953e55de2d70fb971a65264fe9e98/actions - {"actions":[{"id":"action70","type":"key","parameters":{},"actions":[{"type":"keyDown","value":"î€‡"},{"type":"pause","duration":10},{"type":"keyUp","value":"î€‡"}]}]}
RESULT: {"actions":[{"id":"action70","type":"key","parameters":{},"actions":[{"type":"keyDown","value":"î€‡"},{"type":"pause","duration":10},{"type":"keyUp","value":"î€‡"}]}]}
COMMAND: GET /session/f31953e55de2d70fb971a65264fe9e98/screenshot - {}
RESULT: {}
COMMAND: POST /session/f31953e55de2d70fb971a65264fe9e98/execute/async - {"script":"<script> [1562 bytes]","args":[{"selector":{"id":"application-managehandovers-display-component---AddNewHO--popup-sa","searchOpenDialogs":true,"interaction":{"idSuffix":"CbBg"}},"wdio_ui5_key":"applicationmanagehandovers-display-component---AddNewHO--popup-sa"}]}
RESULT: {"script":"<script> [1562 bytes]","args":[{"selector":{"id":"application-managehandovers-display-component---AddNewHO--popup-sa","searchOpenDialogs":true,"interaction":{"idSuffix":"CbBg"}},"wdio_ui5_key":"applicationmanagehandovers-display-component---AddNewHO--popup-sa"}]}
RESULT: undefined
COMMAND: POST /session/f31953e55de2d70fb971a65264fe9e98/element - {"using":"xpath","value":"//*[@id=\"application-managehandovers-display-component---AddNewHO--popup-sa\"]"}
RESULT: {"using":"xpath","value":"//*[@id=\"application-managehandovers-display-component---AddNewHO--popup-sa\"]"}
COMMAND: POST /session/f31953e55de2d70fb971a65264fe9e98/element/f.64D82B69FC2678D0F29344912A345B1C.d.5819AB0B10DEEA7AE90315BD20DA4C24.e.18540/click - {}
RESULT: {}
COMMAND: GET /session/f31953e55de2d70fb971a65264fe9e98/screenshot - {}
RESULT: {}
COMMAND: POST /session/f31953e55de2d70fb971a65264fe9e98/element - {"using":"xpath","value":"//bdi[contains(text(), \"Select\")]"}
RESULT: {"using":"xpath","value":"//bdi[contains(text(), \"Select\")]"}
COMMAND: POST /session/f31953e55de2d70fb971a65264fe9e98/element/f.64D82B69FC2678D0F29344912A345B1C.d.5819AB0B10DEEA7AE90315BD20DA4C24.e.18541/click - {}
RESULT: {}
COMMAND: GET /session/f31953e55de2d70fb971a65264fe9e98/screenshot - {}
RESULT: {}
COMMAND: POST /session/f31953e55de2d70fb971a65264fe9e98/element - {"using":"xpath","value":"//button[@data-kt=\"AddNewHOSaveButton\"]"}
RESULT: {"using":"xpath","value":"//button[@data-kt=\"AddNewHOSaveButton\"]"}
COMMAND: POST /session/f31953e55de2d70fb971a65264fe9e98/element/f.64D82B69FC2678D0F29344912A345B1C.d.5819AB0B10DEEA7AE90315BD20DA4C24.e.18545/click - {}
RESULT: {}
COMMAND: GET /session/f31953e55de2d70fb971a65264fe9e98/screenshot - {}
RESULT: {}
COMMAND: POST /session/f31953e55de2d70fb971a65264fe9e98/execute/async - {"script":"<script> [1562 bytes]","args":[{"selector":{"id":"receiptDatePicker","viewName":"etm.portal.ui.managehandovers.view.DetailExecuteHO","interaction":{"idSuffix":"inner"}},"wdio_ui5_key":"receiptDatePickeretmportal.ui.managehandovers.view.DetailExecuteHO"}]}
RESULT: {"script":"<script> [1562 bytes]","args":[{"selector":{"id":"receiptDatePicker","viewName":"etm.portal.ui.managehandovers.view.DetailExecuteHO","interaction":{"idSuffix":"inner"}},"wdio_ui5_key":"receiptDatePickeretmportal.ui.managehandovers.view.DetailExecuteHO"}]}
RESULT: undefined
COMMAND: POST /session/f31953e55de2d70fb971a65264fe9e98/execute/async - {"script":"<script> [6424 bytes]","args":[{"element-6066-11e4-a52e-4f735466cecf":"f.64D82B69FC2678D0F29344912A345B1C.d.5819AB0B10DEEA7AE90315BD20DA4C24.e.18564"},"setValue",["5/20/25"]]}
RESULT: {"script":"<script> [6424 bytes]","args":[{"element-6066-11e4-a52e-4f735466cecf":"f.64D82B69FC2678D0F29344912A345B1C.d.5819AB0B10DEEA7AE90315BD20DA4C24.e.18564"},"setValue",["5/20/25"]]}
COMMAND: POST /session/f31953e55de2d70fb971a65264fe9e98/element - {"using":"xpath","value":"//button[@data-kt=\"PickingTableConfirmAllButton\"]"}
RESULT: {"using":"xpath","value":"//button[@data-kt=\"PickingTableConfirmAllButton\"]"}
COMMAND: POST /session/f31953e55de2d70fb971a65264fe9e98/element/f.64D82B69FC2678D0F29344912A345B1C.d.5819AB0B10DEEA7AE90315BD20DA4C24.e.18578/click - {}
RESULT: {}
COMMAND: GET /session/f31953e55de2d70fb971a65264fe9e98/screenshot - {}
RESULT: {}
COMMAND: POST /session/f31953e55de2d70fb971a65264fe9e98/element - {"using":"xpath","value":"//bdi[contains(text(), \"OK\")]"}
RESULT: {"using":"xpath","value":"//bdi[contains(text(), \"OK\")]"}
COMMAND: POST /session/f31953e55de2d70fb971a65264fe9e98/element/f.64D82B69FC2678D0F29344912A345B1C.d.5819AB0B10DEEA7AE90315BD20DA4C24.e.18580/click - {}
RESULT: {}
COMMAND: GET /session/f31953e55de2d70fb971a65264fe9e98/screenshot - {}
RESULT: {}
COMMAND: POST /session/f31953e55de2d70fb971a65264fe9e98/element - {"using":"xpath","value":"(//bdi[contains(text(), \"Receive\")])[2]"}
RESULT: {"using":"xpath","value":"(//bdi[contains(text(), \"Receive\")])[2]"}
COMMAND: POST /session/f31953e55de2d70fb971a65264fe9e98/element/f.64D82B69FC2678D0F29344912A345B1C.d.5819AB0B10DEEA7AE90315BD20DA4C24.e.18582/click - {}
RESULT: {}
COMMAND: GET /session/f31953e55de2d70fb971a65264fe9e98/screenshot - {}
RESULT: {}
COMMAND: POST /session/f31953e55de2d70fb971a65264fe9e98/element - {"using":"css selector","value":"#shell-header-logo"}
RESULT: {"using":"css selector","value":"#shell-header-logo"}
COMMAND: POST /session/f31953e55de2d70fb971a65264fe9e98/element/f.64D82B69FC2678D0F29344912A345B1C.d.5819AB0B10DEEA7AE90315BD20DA4C24.e.17966/click - {}
RESULT: {}
COMMAND: GET /session/f31953e55de2d70fb971a65264fe9e98/screenshot - {}
RESULT: {}
]]></system-out>
    </testcase>
    <testcase classname="chrome.136_0_7103_93.windows.Create_Reverse_Billing_US127248" name="Should create a new contract" time="70.522">
      <system-out><![CDATA[
COMMAND: POST /session/f31953e55de2d70fb971a65264fe9e98/execute/async - {"script":"<script> [1562 bytes]","args":[{"selector":{"controlType":"sap.m.GenericTile","properties":{"header":"Manage Contracts"}},"wdio_ui5_key":"sapm.GenericTile{\"header\":\"Manage Contracts\"}"}]}
RESULT: {"script":"<script> [1562 bytes]","args":[{"selector":{"controlType":"sap.m.GenericTile","properties":{"header":"Manage Contracts"}},"wdio_ui5_key":"sapm.GenericTile{\"header\":\"Manage Contracts\"}"}]}
RESULT: undefined
COMMAND: POST /session/f31953e55de2d70fb971a65264fe9e98/element - {"using":"xpath","value":"//*[@id=\"__tile130\"]"}
RESULT: {"using":"xpath","value":"//*[@id=\"__tile130\"]"}
COMMAND: POST /session/f31953e55de2d70fb971a65264fe9e98/element/f.64D82B69FC2678D0F29344912A345B1C.d.5819AB0B10DEEA7AE90315BD20DA4C24.e.16614/click - {}
RESULT: {}
COMMAND: GET /session/f31953e55de2d70fb971a65264fe9e98/screenshot - {}
RESULT: {}
COMMAND: POST /session/f31953e55de2d70fb971a65264fe9e98/elements - {"using":"xpath","value":"//span[text()='Error']"}
RESULT: {"using":"xpath","value":"//span[text()='Error']"}
COMMAND: POST /session/f31953e55de2d70fb971a65264fe9e98/element - {"using":"xpath","value":"//button[@data-kt=\"addButton\"]"}
RESULT: {"using":"xpath","value":"//button[@data-kt=\"addButton\"]"}
COMMAND: POST /session/f31953e55de2d70fb971a65264fe9e98/elements - {"using":"xpath","value":"//button[@data-kt=\"addButton\"]"}
RESULT: {"using":"xpath","value":"//button[@data-kt=\"addButton\"]"}
COMMAND: POST /session/f31953e55de2d70fb971a65264fe9e98/execute/sync - {"script":"<script> [8489 bytes]","args":[{"element-6066-11e4-a52e-4f735466cecf":"f.64D82B69FC2678D0F29344912A345B1C.d.5819AB0B10DEEA7AE90315BD20DA4C24.e.18802","ELEMENT":"f.64D82B69FC2678D0F29344912A345B1C.d.5819AB0B10DEEA7AE90315BD20DA4C24.e.18802"}]}
RESULT: {"script":"<script> [8489 bytes]","args":[{"element-6066-11e4-a52e-4f735466cecf":"f.64D82B69FC2678D0F29344912A345B1C.d.5819AB0B10DEEA7AE90315BD20DA4C24.e.18802","ELEMENT":"f.64D82B69FC2678D0F29344912A345B1C.d.5819AB0B10DEEA7AE90315BD20DA4C24.e.18802"}]}
COMMAND: GET /session/f31953e55de2d70fb971a65264fe9e98/element/f.64D82B69FC2678D0F29344912A345B1C.d.5819AB0B10DEEA7AE90315BD20DA4C24.e.18802/enabled - {}
COMMAND: GET /session/f31953e55de2d70fb971a65264fe9e98/screenshot - {}
RESULT: {}
COMMAND: POST /session/f31953e55de2d70fb971a65264fe9e98/execute/sync - {"script":"<script> [8489 bytes]","args":[{"element-6066-11e4-a52e-4f735466cecf":"f.64D82B69FC2678D0F29344912A345B1C.d.5819AB0B10DEEA7AE90315BD20DA4C24.e.18802","ELEMENT":"f.64D82B69FC2678D0F29344912A345B1C.d.5819AB0B10DEEA7AE90315BD20DA4C24.e.18802"}]}
COMMAND: GET /session/f31953e55de2d70fb971a65264fe9e98/screenshot - {}
RESULT: {}
RESULT: {}
RESULT: {"script":"<script> [8489 bytes]","args":[{"element-6066-11e4-a52e-4f735466cecf":"f.64D82B69FC2678D0F29344912A345B1C.d.5819AB0B10DEEA7AE90315BD20DA4C24.e.18802","ELEMENT":"f.64D82B69FC2678D0F29344912A345B1C.d.5819AB0B10DEEA7AE90315BD20DA4C24.e.18802"}]}
COMMAND: POST /session/f31953e55de2d70fb971a65264fe9e98/execute/sync - {"script":"<script> [5351 bytes]","args":[{"element-6066-11e4-a52e-4f735466cecf":"f.64D82B69FC2678D0F29344912A345B1C.d.5819AB0B10DEEA7AE90315BD20DA4C24.e.18802","ELEMENT":"f.64D82B69FC2678D0F29344912A345B1C.d.5819AB0B10DEEA7AE90315BD20DA4C24.e.18802"}]}
COMMAND: GET /session/f31953e55de2d70fb971a65264fe9e98/screenshot - {}
RESULT: {"script":"<script> [5351 bytes]","args":[{"element-6066-11e4-a52e-4f735466cecf":"f.64D82B69FC2678D0F29344912A345B1C.d.5819AB0B10DEEA7AE90315BD20DA4C24.e.18802","ELEMENT":"f.64D82B69FC2678D0F29344912A345B1C.d.5819AB0B10DEEA7AE90315BD20DA4C24.e.18802"}]}
COMMAND: GET /session/f31953e55de2d70fb971a65264fe9e98/screenshot - {}
RESULT: {}
RESULT: {}
COMMAND: POST /session/f31953e55de2d70fb971a65264fe9e98/element/f.64D82B69FC2678D0F29344912A345B1C.d.5819AB0B10DEEA7AE90315BD20DA4C24.e.18802/click - {}
RESULT: {}
COMMAND: GET /session/f31953e55de2d70fb971a65264fe9e98/screenshot - {}
COMMAND: POST /session/f31953e55de2d70fb971a65264fe9e98/execute/async - {"script":"<script> [1562 bytes]","args":[{"selector":{"id":"application-managecontracts-display-component---AddNewContract--projectDescription","interaction":{"idSuffix":"inner"}},"wdio_ui5_key":"applicationmanagecontracts-display-component---AddNewContract--projectDescription"}]}
RESULT: {}
RESULT: {"script":"<script> [1562 bytes]","args":[{"selector":{"id":"application-managecontracts-display-component---AddNewContract--projectDescription","interaction":{"idSuffix":"inner"}},"wdio_ui5_key":"applicationmanagecontracts-display-component---AddNewContract--projectDescription"}]}
RESULT: undefined
COMMAND: POST /session/f31953e55de2d70fb971a65264fe9e98/execute/async - {"script":"<script> [776 bytes]","args":[{"enterText":"Contract WDIO","selector":{"id":"application-managecontracts-display-component---AddNewContract--projectDescription","interaction":{"idSuffix":"inner"}},"clearTextFirst":true,"interactionType":"ENTER_TEXT"}]}
RESULT: {"script":"<script> [776 bytes]","args":[{"enterText":"Contract WDIO","selector":{"id":"application-managecontracts-display-component---AddNewContract--projectDescription","interaction":{"idSuffix":"inner"}},"clearTextFirst":true,"interactionType":"ENTER_TEXT"}]}
COMMAND: POST /session/f31953e55de2d70fb971a65264fe9e98/element - {"using":"xpath","value":"//input[@id=\"application-managecontracts-display-component---AddNewContract--site-inner\"]"}
RESULT: {"using":"xpath","value":"//input[@id=\"application-managecontracts-display-component---AddNewContract--site-inner\"]"}
COMMAND: POST /session/f31953e55de2d70fb971a65264fe9e98/element/f.64D82B69FC2678D0F29344912A345B1C.d.5819AB0B10DEEA7AE90315BD20DA4C24.e.19187/clear - {}
RESULT: {}
COMMAND: POST /session/f31953e55de2d70fb971a65264fe9e98/element/f.64D82B69FC2678D0F29344912A345B1C.d.5819AB0B10DEEA7AE90315BD20DA4C24.e.19187/value - {"text":"2310"}
COMMAND: GET /session/f31953e55de2d70fb971a65264fe9e98/screenshot - {}
RESULT: {"text":"2310"}
COMMAND: GET /session/f31953e55de2d70fb971a65264fe9e98/screenshot - {}
RESULT: {}
RESULT: {}
COMMAND: POST /session/f31953e55de2d70fb971a65264fe9e98/element - {"using":"xpath","value":"//li[.//span[text()='2310']]"}
RESULT: {"using":"xpath","value":"//li[.//span[text()='2310']]"}
COMMAND: POST /session/f31953e55de2d70fb971a65264fe9e98/element/f.64D82B69FC2678D0F29344912A345B1C.d.5819AB0B10DEEA7AE90315BD20DA4C24.e.19214/click - {}
RESULT: {}
COMMAND: GET /session/f31953e55de2d70fb971a65264fe9e98/screenshot - {}
RESULT: {}
COMMAND: POST /session/f31953e55de2d70fb971a65264fe9e98/element - {"using":"xpath","value":"//input[@id=\"application-managecontracts-display-component---AddNewContract--yardId-inner\"]"}
RESULT: {"using":"xpath","value":"//input[@id=\"application-managecontracts-display-component---AddNewContract--yardId-inner\"]"}
COMMAND: GET /session/f31953e55de2d70fb971a65264fe9e98/element/f.64D82B69FC2678D0F29344912A345B1C.d.5819AB0B10DEEA7AE90315BD20DA4C24.e.19188/property/value - {}
RESULT: {}
COMMAND: POST /session/f31953e55de2d70fb971a65264fe9e98/element - {"using":"xpath","value":"//input[@id=\"application-managecontracts-display-component---AddNewContract--customerSelect-inner\"]"}
COMMAND: GET /session/f31953e55de2d70fb971a65264fe9e98/screenshot - {}
RESULT: {"using":"xpath","value":"//input[@id=\"application-managecontracts-display-component---AddNewContract--customerSelect-inner\"]"}
COMMAND: POST /session/f31953e55de2d70fb971a65264fe9e98/element/f.64D82B69FC2678D0F29344912A345B1C.d.5819AB0B10DEEA7AE90315BD20DA4C24.e.19186/clear - {}
RESULT: {}
RESULT: {}
COMMAND: POST /session/f31953e55de2d70fb971a65264fe9e98/element/f.64D82B69FC2678D0F29344912A345B1C.d.5819AB0B10DEEA7AE90315BD20DA4C24.e.19186/value - {"text":"1374"}
COMMAND: GET /session/f31953e55de2d70fb971a65264fe9e98/screenshot - {}
RESULT: {"text":"1374"}
COMMAND: GET /session/f31953e55de2d70fb971a65264fe9e98/screenshot - {}
RESULT: {}
RESULT: {}
COMMAND: POST /session/f31953e55de2d70fb971a65264fe9e98/element - {"using":"xpath","value":"//li[.//span[text()='1374']]"}
RESULT: {"using":"xpath","value":"//li[.//span[text()='1374']]"}
COMMAND: POST /session/f31953e55de2d70fb971a65264fe9e98/element/f.64D82B69FC2678D0F29344912A345B1C.d.5819AB0B10DEEA7AE90315BD20DA4C24.e.19217/click - {}
RESULT: {}
COMMAND: GET /session/f31953e55de2d70fb971a65264fe9e98/screenshot - {}
RESULT: {}
COMMAND: POST /session/f31953e55de2d70fb971a65264fe9e98/element - {"using":"xpath","value":"//button[@data-kt=\"saveButton\"]"}
RESULT: {"using":"xpath","value":"//button[@data-kt=\"saveButton\"]"}
COMMAND: POST /session/f31953e55de2d70fb971a65264fe9e98/element/f.64D82B69FC2678D0F29344912A345B1C.d.5819AB0B10DEEA7AE90315BD20DA4C24.e.19218/click - {}
RESULT: {}
COMMAND: GET /session/f31953e55de2d70fb971a65264fe9e98/screenshot - {}
RESULT: {}
COMMAND: POST /session/f31953e55de2d70fb971a65264fe9e98/element - {"using":"xpath","value":"//span[contains(@id ,\"contractDetailTitleNoExpanded\")]"}
RESULT: {"using":"xpath","value":"//span[contains(@id ,\"contractDetailTitleNoExpanded\")]"}
COMMAND: POST /session/f31953e55de2d70fb971a65264fe9e98/elements - {"using":"xpath","value":"//span[contains(@id ,\"contractDetailTitleNoExpanded\")]"}
RESULT: {"using":"xpath","value":"//span[contains(@id ,\"contractDetailTitleNoExpanded\")]"}
COMMAND: POST /session/f31953e55de2d70fb971a65264fe9e98/execute/sync - {"script":"<script> [56 bytes]","args":[{"element-6066-11e4-a52e-4f735466cecf":"f.64D82B69FC2678D0F29344912A345B1C.d.5819AB0B10DEEA7AE90315BD20DA4C24.e.19288","ELEMENT":"f.64D82B69FC2678D0F29344912A345B1C.d.5819AB0B10DEEA7AE90315BD20DA4C24.e.19288"}]}
RESULT: {"script":"<script> [56 bytes]","args":[{"element-6066-11e4-a52e-4f735466cecf":"f.64D82B69FC2678D0F29344912A345B1C.d.5819AB0B10DEEA7AE90315BD20DA4C24.e.19288","ELEMENT":"f.64D82B69FC2678D0F29344912A345B1C.d.5819AB0B10DEEA7AE90315BD20DA4C24.e.19288"}]}
COMMAND: GET /session/f31953e55de2d70fb971a65264fe9e98/screenshot - {}
RESULT: {}
]]></system-out>
    </testcase>
    <testcase classname="chrome.136_0_7103_93.windows.Create_Reverse_Billing_US127248" name="Should add equipment to the contract" time="48.318">
      <system-out><![CDATA[
COMMAND: POST /session/f31953e55de2d70fb971a65264fe9e98/element - {"using":"xpath","value":"//button[@data-kt=\"contractDetailEditBtnButton\"]"}
RESULT: {"using":"xpath","value":"//button[@data-kt=\"contractDetailEditBtnButton\"]"}
COMMAND: POST /session/f31953e55de2d70fb971a65264fe9e98/element/f.64D82B69FC2678D0F29344912A345B1C.d.5819AB0B10DEEA7AE90315BD20DA4C24.e.19291/click - {}
RESULT: {}
COMMAND: GET /session/f31953e55de2d70fb971a65264fe9e98/screenshot - {}
RESULT: {}
COMMAND: POST /session/f31953e55de2d70fb971a65264fe9e98/element - {"using":"xpath","value":"(//span[contains(text(), \"Additional Addresses\")])[2]"}
RESULT: {"using":"xpath","value":"(//span[contains(text(), \"Additional Addresses\")])[2]"}
COMMAND: POST /session/f31953e55de2d70fb971a65264fe9e98/element/f.64D82B69FC2678D0F29344912A345B1C.d.5819AB0B10DEEA7AE90315BD20DA4C24.e.19348/click - {}
RESULT: {}
COMMAND: GET /session/f31953e55de2d70fb971a65264fe9e98/screenshot - {}
RESULT: {}
COMMAND: POST /session/f31953e55de2d70fb971a65264fe9e98/element - {"using":"xpath","value":"//button[@data-kt=\"btnAddTableRowOverflowToolbarButton\"]"}
RESULT: {"using":"xpath","value":"//button[@data-kt=\"btnAddTableRowOverflowToolbarButton\"]"}
COMMAND: POST /session/f31953e55de2d70fb971a65264fe9e98/element/f.64D82B69FC2678D0F29344912A345B1C.d.5819AB0B10DEEA7AE90315BD20DA4C24.e.19351/click - {}
RESULT: {}
COMMAND: GET /session/f31953e55de2d70fb971a65264fe9e98/screenshot - {}
RESULT: {}
COMMAND: POST /session/f31953e55de2d70fb971a65264fe9e98/element - {"using":"xpath","value":"//div[(text() = 'Standard Entry' or . = 'Standard Entry')]"}
RESULT: {"using":"xpath","value":"//div[(text() = 'Standard Entry' or . = 'Standard Entry')]"}
COMMAND: POST /session/f31953e55de2d70fb971a65264fe9e98/element/f.64D82B69FC2678D0F29344912A345B1C.d.5819AB0B10DEEA7AE90315BD20DA4C24.e.19353/click - {}
RESULT: {}
COMMAND: GET /session/f31953e55de2d70fb971a65264fe9e98/screenshot - {}
RESULT: {}
COMMAND: POST /session/f31953e55de2d70fb971a65264fe9e98/element - {"using":"xpath","value":"//td[7]/div/div/input"}
RESULT: {"using":"xpath","value":"//td[7]/div/div/input"}
COMMAND: POST /session/f31953e55de2d70fb971a65264fe9e98/element/f.64D82B69FC2678D0F29344912A345B1C.d.5819AB0B10DEEA7AE90315BD20DA4C24.e.19362/clear - {}
RESULT: {}
COMMAND: POST /session/f31953e55de2d70fb971a65264fe9e98/element/f.64D82B69FC2678D0F29344912A345B1C.d.5819AB0B10DEEA7AE90315BD20DA4C24.e.19362/value - {"text":"Gqvuiv6TwZ"}
COMMAND: GET /session/f31953e55de2d70fb971a65264fe9e98/screenshot - {}
RESULT: {"text":"Gqvuiv6TwZ"}
COMMAND: GET /session/f31953e55de2d70fb971a65264fe9e98/screenshot - {}
RESULT: {}
RESULT: {}
COMMAND: POST /session/f31953e55de2d70fb971a65264fe9e98/actions - {"actions":[{"id":"action71","type":"key","parameters":{},"actions":[{"type":"keyDown","value":"î€‡"},{"type":"pause","duration":10},{"type":"keyUp","value":"î€‡"}]}]}
RESULT: {"actions":[{"id":"action71","type":"key","parameters":{},"actions":[{"type":"keyDown","value":"î€‡"},{"type":"pause","duration":10},{"type":"keyUp","value":"î€‡"}]}]}
COMMAND: GET /session/f31953e55de2d70fb971a65264fe9e98/screenshot - {}
COMMAND: POST /session/f31953e55de2d70fb971a65264fe9e98/execute/sync - {"script":"<script> [276 bytes]","args":["No pricing information was found"]}
RESULT: {}
RESULT: {"script":"<script> [276 bytes]","args":["No pricing information was found"]}
COMMAND: POST /session/f31953e55de2d70fb971a65264fe9e98/element - {"using":"xpath","value":"(//button[@data-kt=\"saveButton\"])[2]"}
COMMAND: GET /session/f31953e55de2d70fb971a65264fe9e98/screenshot - {}
RESULT: {"using":"xpath","value":"(//button[@data-kt=\"saveButton\"])[2]"}
COMMAND: POST /session/f31953e55de2d70fb971a65264fe9e98/element/f.64D82B69FC2678D0F29344912A345B1C.d.5819AB0B10DEEA7AE90315BD20DA4C24.e.19377/click - {}
RESULT: {}
RESULT: {}
COMMAND: GET /session/f31953e55de2d70fb971a65264fe9e98/screenshot - {}
RESULT: {}
COMMAND: POST /session/f31953e55de2d70fb971a65264fe9e98/execute/sync - {"script":"<script> [276 bytes]","args":["Some contract items are having rental validity exceeding header rental validity"]}
RESULT: {"script":"<script> [276 bytes]","args":["Some contract items are having rental validity exceeding header rental validity"]}
COMMAND: GET /session/f31953e55de2d70fb971a65264fe9e98/screenshot - {}
RESULT: {}
COMMAND: POST /session/f31953e55de2d70fb971a65264fe9e98/element - {"using":"xpath","value":"//span[contains(@id ,\"contractItemsSmartTable-header-inner\")]"}
RESULT: {"using":"xpath","value":"//span[contains(@id ,\"contractItemsSmartTable-header-inner\")]"}
COMMAND: POST /session/f31953e55de2d70fb971a65264fe9e98/elements - {"using":"xpath","value":"//span[contains(@id ,\"contractItemsSmartTable-header-inner\")]"}
RESULT: {"using":"xpath","value":"//span[contains(@id ,\"contractItemsSmartTable-header-inner\")]"}
COMMAND: POST /session/f31953e55de2d70fb971a65264fe9e98/execute/sync - {"script":"<script> [56 bytes]","args":[{"element-6066-11e4-a52e-4f735466cecf":"f.64D82B69FC2678D0F29344912A345B1C.d.5819AB0B10DEEA7AE90315BD20DA4C24.e.19382","ELEMENT":"f.64D82B69FC2678D0F29344912A345B1C.d.5819AB0B10DEEA7AE90315BD20DA4C24.e.19382"}]}
RESULT: {"script":"<script> [56 bytes]","args":[{"element-6066-11e4-a52e-4f735466cecf":"f.64D82B69FC2678D0F29344912A345B1C.d.5819AB0B10DEEA7AE90315BD20DA4C24.e.19382","ELEMENT":"f.64D82B69FC2678D0F29344912A345B1C.d.5819AB0B10DEEA7AE90315BD20DA4C24.e.19382"}]}
]]></system-out>
    </testcase>
    <testcase classname="chrome.136_0_7103_93.windows.Create_Reverse_Billing_US127248" name="Should do a provide to site handover" time="71.868">
      <system-out><![CDATA[
COMMAND: GET /session/f31953e55de2d70fb971a65264fe9e98/screenshot - {}
COMMAND: POST /session/f31953e55de2d70fb971a65264fe9e98/element - {"using":"xpath","value":"//button[@data-kt=\"provideButton\"]"}
RESULT: {}
RESULT: {"using":"xpath","value":"//button[@data-kt=\"provideButton\"]"}
COMMAND: POST /session/f31953e55de2d70fb971a65264fe9e98/element/f.64D82B69FC2678D0F29344912A345B1C.d.5819AB0B10DEEA7AE90315BD20DA4C24.e.19383/click - {}
RESULT: {}
COMMAND: GET /session/f31953e55de2d70fb971a65264fe9e98/screenshot - {}
RESULT: {}
RESULT: undefined
COMMAND: POST /session/f31953e55de2d70fb971a65264fe9e98/execute/async - {"script":"<script> [6424 bytes]","args":[{"element-6066-11e4-a52e-4f735466cecf":"f.64D82B69FC2678D0F29344912A345B1C.d.5819AB0B10DEEA7AE90315BD20DA4C24.e.18359"},"setValue",["5/20/25"]]}
COMMAND: POST /session/f31953e55de2d70fb971a65264fe9e98/execute/async - {"script":"<script> [1562 bytes]","args":[{"selector":{"id":"application-managehandovers-display-component---AddNewHO--dueDate","interaction":{"idSuffix":"inner"}},"wdio_ui5_key":"applicationmanagehandovers-display-component---AddNewHO--dueDate"}]}
RESULT: {"script":"<script> [1562 bytes]","args":[{"selector":{"id":"application-managehandovers-display-component---AddNewHO--dueDate","interaction":{"idSuffix":"inner"}},"wdio_ui5_key":"applicationmanagehandovers-display-component---AddNewHO--dueDate"}]}
COMMAND: POST /session/f31953e55de2d70fb971a65264fe9e98/execute/async - {"script":"<script> [6424 bytes]","args":[{"element-6066-11e4-a52e-4f735466cecf":"f.64D82B69FC2678D0F29344912A345B1C.d.5819AB0B10DEEA7AE90315BD20DA4C24.e.19456"},"setValue",["5/20/25"]]}
RESULT: {"script":"<script> [6424 bytes]","args":[{"element-6066-11e4-a52e-4f735466cecf":"f.64D82B69FC2678D0F29344912A345B1C.d.5819AB0B10DEEA7AE90315BD20DA4C24.e.19456"},"setValue",["5/20/25"]]}
COMMAND: POST /session/f31953e55de2d70fb971a65264fe9e98/element - {"using":"xpath","value":"//bdi[contains(text(), \"Instructions\")]"}
RESULT: {"using":"xpath","value":"//bdi[contains(text(), \"Instructions\")]"}
COMMAND: POST /session/f31953e55de2d70fb971a65264fe9e98/element/f.64D82B69FC2678D0F29344912A345B1C.d.5819AB0B10DEEA7AE90315BD20DA4C24.e.19693/click - {}
RESULT: {}
COMMAND: GET /session/f31953e55de2d70fb971a65264fe9e98/screenshot - {}
RESULT: {}
COMMAND: POST /session/f31953e55de2d70fb971a65264fe9e98/element - {"using":"xpath","value":"//button[@data-kt=\"AddNewHOProvideAddItemsButton\"]"}
RESULT: {"using":"xpath","value":"//button[@data-kt=\"AddNewHOProvideAddItemsButton\"]"}
COMMAND: POST /session/f31953e55de2d70fb971a65264fe9e98/element/f.64D82B69FC2678D0F29344912A345B1C.d.5819AB0B10DEEA7AE90315BD20DA4C24.e.19697/click - {}
RESULT: {}
COMMAND: GET /session/f31953e55de2d70fb971a65264fe9e98/screenshot - {}
RESULT: {}
RESULT: undefined
COMMAND: POST /session/f31953e55de2d70fb971a65264fe9e98/element - {"using":"xpath","value":"//*[@id=\"application-managehandovers-display-component---AddNewHO--popup-sa\"]"}
RESULT: {"using":"xpath","value":"//*[@id=\"application-managehandovers-display-component---AddNewHO--popup-sa\"]"}
COMMAND: POST /session/f31953e55de2d70fb971a65264fe9e98/element/f.64D82B69FC2678D0F29344912A345B1C.d.5819AB0B10DEEA7AE90315BD20DA4C24.e.19713/click - {}
RESULT: {}
COMMAND: GET /session/f31953e55de2d70fb971a65264fe9e98/screenshot - {}
RESULT: {}
COMMAND: POST /session/f31953e55de2d70fb971a65264fe9e98/element - {"using":"xpath","value":"//*[contains(@id ,\"BDI-content\")][contains(text(), \"Select\")]"}
RESULT: {"using":"xpath","value":"//*[contains(@id ,\"BDI-content\")][contains(text(), \"Select\")]"}
COMMAND: POST /session/f31953e55de2d70fb971a65264fe9e98/element/f.64D82B69FC2678D0F29344912A345B1C.d.5819AB0B10DEEA7AE90315BD20DA4C24.e.19714/click - {}
RESULT: {}
COMMAND: GET /session/f31953e55de2d70fb971a65264fe9e98/screenshot - {}
RESULT: {}
COMMAND: POST /session/f31953e55de2d70fb971a65264fe9e98/execute/async - {"script":"<script> [1562 bytes]","args":[{"selector":{"id":"application-managehandovers-display-component---AddNewHO--confirmCreationButton","interaction":{"idSuffix":"BDI-content"}},"wdio_ui5_key":"applicationmanagehandovers-display-component---AddNewHO--confirmCreationButton"}]}
RESULT: {"script":"<script> [1562 bytes]","args":[{"selector":{"id":"application-managehandovers-display-component---AddNewHO--confirmCreationButton","interaction":{"idSuffix":"BDI-content"}},"wdio_ui5_key":"applicationmanagehandovers-display-component---AddNewHO--confirmCreationButton"}]}
RESULT: undefined
COMMAND: POST /session/f31953e55de2d70fb971a65264fe9e98/element - {"using":"xpath","value":"//*[@id=\"application-managehandovers-display-component---AddNewHO--confirmCreationButton\"]"}
RESULT: {"using":"xpath","value":"//*[@id=\"application-managehandovers-display-component---AddNewHO--confirmCreationButton\"]"}
COMMAND: POST /session/f31953e55de2d70fb971a65264fe9e98/element/f.64D82B69FC2678D0F29344912A345B1C.d.5819AB0B10DEEA7AE90315BD20DA4C24.e.19499/click - {}
RESULT: {}
COMMAND: GET /session/f31953e55de2d70fb971a65264fe9e98/screenshot - {}
RESULT: {}
COMMAND: POST /session/f31953e55de2d70fb971a65264fe9e98/execute/async - {"script":"<script> [1562 bytes]","args":[{"selector":{"id":"issueDatePicker","viewName":"etm.portal.ui.managehandovers.view.DetailExecuteHO","interaction":{"idSuffix":"inner"}},"wdio_ui5_key":"issueDatePickeretmportal.ui.managehandovers.view.DetailExecuteHO"}]}
RESULT: {"script":"<script> [1562 bytes]","args":[{"selector":{"id":"issueDatePicker","viewName":"etm.portal.ui.managehandovers.view.DetailExecuteHO","interaction":{"idSuffix":"inner"}},"wdio_ui5_key":"issueDatePickeretmportal.ui.managehandovers.view.DetailExecuteHO"}]}
RESULT: undefined
COMMAND: POST /session/f31953e55de2d70fb971a65264fe9e98/execute/async - {"script":"<script> [776 bytes]","args":[{"enterText":"5/20/25","selector":{"id":"issueDatePicker","viewName":"etm.portal.ui.managehandovers.view.DetailExecuteHO","interaction":{"idSuffix":"inner"}},"clearTextFirst":true,"interactionType":"ENTER_TEXT"}]}
RESULT: {"script":"<script> [776 bytes]","args":[{"enterText":"5/20/25","selector":{"id":"issueDatePicker","viewName":"etm.portal.ui.managehandovers.view.DetailExecuteHO","interaction":{"idSuffix":"inner"}},"clearTextFirst":true,"interactionType":"ENTER_TEXT"}]}
COMMAND: POST /session/f31953e55de2d70fb971a65264fe9e98/element - {"using":"xpath","value":"//bdi[contains(text(), \"OK\")]"}
RESULT: {"using":"xpath","value":"//bdi[contains(text(), \"OK\")]"}
COMMAND: POST /session/f31953e55de2d70fb971a65264fe9e98/element/f.64D82B69FC2678D0F29344912A345B1C.d.5819AB0B10DEEA7AE90315BD20DA4C24.e.19762/click - {}
RESULT: {}
COMMAND: GET /session/f31953e55de2d70fb971a65264fe9e98/screenshot - {}
RESULT: {}
COMMAND: POST /session/f31953e55de2d70fb971a65264fe9e98/element - {"using":"xpath","value":"//button[@data-kt=\"PickingTableConfirmAllButton\"]"}
RESULT: {"using":"xpath","value":"//button[@data-kt=\"PickingTableConfirmAllButton\"]"}
COMMAND: POST /session/f31953e55de2d70fb971a65264fe9e98/element/f.64D82B69FC2678D0F29344912A345B1C.d.5819AB0B10DEEA7AE90315BD20DA4C24.e.19769/click - {}
RESULT: {}
COMMAND: GET /session/f31953e55de2d70fb971a65264fe9e98/screenshot - {}
RESULT: {}
COMMAND: POST /session/f31953e55de2d70fb971a65264fe9e98/element - {"using":"xpath","value":"//bdi[contains(text(), \"OK\")]"}
RESULT: {"using":"xpath","value":"//bdi[contains(text(), \"OK\")]"}
COMMAND: POST /session/f31953e55de2d70fb971a65264fe9e98/element/f.64D82B69FC2678D0F29344912A345B1C.d.5819AB0B10DEEA7AE90315BD20DA4C24.e.19773/click - {}
RESULT: {}
COMMAND: GET /session/f31953e55de2d70fb971a65264fe9e98/screenshot - {}
RESULT: {}
COMMAND: POST /session/f31953e55de2d70fb971a65264fe9e98/element - {"using":"xpath","value":"//bdi[contains(text(), \"Issue\")]"}
RESULT: {"using":"xpath","value":"//bdi[contains(text(), \"Issue\")]"}
COMMAND: POST /session/f31953e55de2d70fb971a65264fe9e98/element/f.64D82B69FC2678D0F29344912A345B1C.d.5819AB0B10DEEA7AE90315BD20DA4C24.e.19774/click - {}
RESULT: {}
COMMAND: GET /session/f31953e55de2d70fb971a65264fe9e98/screenshot - {}
RESULT: {}
COMMAND: POST /session/f31953e55de2d70fb971a65264fe9e98/element - {"using":"css selector","value":"#shell-header-logo"}
RESULT: {"using":"css selector","value":"#shell-header-logo"}
COMMAND: POST /session/f31953e55de2d70fb971a65264fe9e98/element/f.64D82B69FC2678D0F29344912A345B1C.d.5819AB0B10DEEA7AE90315BD20DA4C24.e.18751/click - {}
RESULT: {}
COMMAND: GET /session/f31953e55de2d70fb971a65264fe9e98/screenshot - {}
RESULT: {}
]]></system-out>
    </testcase>
    <testcase classname="chrome.136_0_7103_93.windows.Create_Reverse_Billing_US127248" name="Should go navigate to Manage Billings and trigger contract calculation check result" time="69.216">
      <system-out><![CDATA[
COMMAND: POST /session/f31953e55de2d70fb971a65264fe9e98/execute/async - {"script":"<script> [1562 bytes]","args":[{"selector":{"controlType":"sap.m.GenericTile","properties":{"header":"Manage Billings"}},"wdio_ui5_key":"sapm.GenericTile{\"header\":\"Manage Billings\"}"}]}
RESULT: {"script":"<script> [1562 bytes]","args":[{"selector":{"controlType":"sap.m.GenericTile","properties":{"header":"Manage Billings"}},"wdio_ui5_key":"sapm.GenericTile{\"header\":\"Manage Billings\"}"}]}
RESULT: undefined
COMMAND: POST /session/f31953e55de2d70fb971a65264fe9e98/element - {"using":"xpath","value":"//*[@id=\"__tile51\"]"}
RESULT: {"using":"xpath","value":"//*[@id=\"__tile51\"]"}
COMMAND: POST /session/f31953e55de2d70fb971a65264fe9e98/element/f.64D82B69FC2678D0F29344912A345B1C.d.5819AB0B10DEEA7AE90315BD20DA4C24.e.16641/click - {}
RESULT: {}
COMMAND: GET /session/f31953e55de2d70fb971a65264fe9e98/screenshot - {}
COMMAND: POST /session/f31953e55de2d70fb971a65264fe9e98/elements - {"using":"xpath","value":"//span[text()='Error']"}
RESULT: {}
RESULT: {"using":"xpath","value":"//span[text()='Error']"}
COMMAND: POST /session/f31953e55de2d70fb971a65264fe9e98/execute/async - {"script":"<script> [1562 bytes]","args":[{"selector":{"id":"application-managebillings-display-component---billRunCalcResult--smartFilterBar-btnBasicSearch","interaction":{"idSuffix":"I"}},"wdio_ui5_key":"applicationmanagebillings-display-component---billRunCalcResult--smartFilterBar-btnBasicSearch"}]}
RESULT: {"script":"<script> [1562 bytes]","args":[{"selector":{"id":"application-managebillings-display-component---billRunCalcResult--smartFilterBar-btnBasicSearch","interaction":{"idSuffix":"I"}},"wdio_ui5_key":"applicationmanagebillings-display-component---billRunCalcResult--smartFilterBar-btnBasicSearch"}]}
RESULT: undefined
COMMAND: POST /session/f31953e55de2d70fb971a65264fe9e98/execute/async - {"script":"<script> [776 bytes]","args":[{"enterText":"10447","selector":{"id":"application-managebillings-display-component---billRunCalcResult--smartFilterBar-btnBasicSearch","interaction":{"idSuffix":"I"}},"clearTextFirst":true,"interactionType":"ENTER_TEXT"}]}
RESULT: {"script":"<script> [776 bytes]","args":[{"enterText":"10447","selector":{"id":"application-managebillings-display-component---billRunCalcResult--smartFilterBar-btnBasicSearch","interaction":{"idSuffix":"I"}},"clearTextFirst":true,"interactionType":"ENTER_TEXT"}]}
COMMAND: POST /session/f31953e55de2d70fb971a65264fe9e98/actions - {"actions":[{"id":"action72","type":"key","parameters":{},"actions":[{"type":"keyDown","value":"î€‡"},{"type":"pause","duration":10},{"type":"keyUp","value":"î€‡"}]}]}
RESULT: {"actions":[{"id":"action72","type":"key","parameters":{},"actions":[{"type":"keyDown","value":"î€‡"},{"type":"pause","duration":10},{"type":"keyUp","value":"î€‡"}]}]}
COMMAND: GET /session/f31953e55de2d70fb971a65264fe9e98/screenshot - {}
COMMAND: POST /session/f31953e55de2d70fb971a65264fe9e98/element - {"using":"xpath","value":"//td[@aria-colindex=\"1\"]/div/div[contains(@class, \"sapMCbBg\")]"}
RESULT: {}
RESULT: {"using":"xpath","value":"//td[@aria-colindex=\"1\"]/div/div[contains(@class, \"sapMCbBg\")]"}
COMMAND: POST /session/f31953e55de2d70fb971a65264fe9e98/element/f.64D82B69FC2678D0F29344912A345B1C.d.5819AB0B10DEEA7AE90315BD20DA4C24.e.20162/click - {}
RESULT: {}
COMMAND: GET /session/f31953e55de2d70fb971a65264fe9e98/screenshot - {}
RESULT: {}
COMMAND: POST /session/f31953e55de2d70fb971a65264fe9e98/execute/async - {"script":"<script> [1562 bytes]","args":[{"selector":{"id":"application-managebillings-display-component---billRunCalcResult--contractBillRunDate","interaction":{"idSuffix":"inner"}},"wdio_ui5_key":"applicationmanagebillings-display-component---billRunCalcResult--contractBillRunDate"}]}
RESULT: {"script":"<script> [1562 bytes]","args":[{"selector":{"id":"application-managebillings-display-component---billRunCalcResult--contractBillRunDate","interaction":{"idSuffix":"inner"}},"wdio_ui5_key":"applicationmanagebillings-display-component---billRunCalcResult--contractBillRunDate"}]}
RESULT: undefined
COMMAND: POST /session/f31953e55de2d70fb971a65264fe9e98/execute/async - {"script":"<script> [776 bytes]","args":[{"enterText":"6/20/25","selector":{"id":"application-managebillings-display-component---billRunCalcResult--contractBillRunDate","interaction":{"idSuffix":"inner"}},"clearTextFirst":true,"interactionType":"ENTER_TEXT"}]}
RESULT: {"script":"<script> [776 bytes]","args":[{"enterText":"6/20/25","selector":{"id":"application-managebillings-display-component---billRunCalcResult--contractBillRunDate","interaction":{"idSuffix":"inner"}},"clearTextFirst":true,"interactionType":"ENTER_TEXT"}]}
COMMAND: POST /session/f31953e55de2d70fb971a65264fe9e98/element - {"using":"xpath","value":"//bdi[contains(text(), \"Trigger Calculation\")]"}
RESULT: {"using":"xpath","value":"//bdi[contains(text(), \"Trigger Calculation\")]"}
COMMAND: POST /session/f31953e55de2d70fb971a65264fe9e98/element/f.64D82B69FC2678D0F29344912A345B1C.d.5819AB0B10DEEA7AE90315BD20DA4C24.e.20214/click - {}
RESULT: {}
COMMAND: GET /session/f31953e55de2d70fb971a65264fe9e98/screenshot - {}
RESULT: {}
COMMAND: POST /session/f31953e55de2d70fb971a65264fe9e98/element - {"using":"xpath","value":"(//span[contains(@id, \"imgNav\")])[1]"}
RESULT: {"using":"xpath","value":"(//span[contains(@id, \"imgNav\")])[1]"}
COMMAND: POST /session/f31953e55de2d70fb971a65264fe9e98/element/f.64D82B69FC2678D0F29344912A345B1C.d.5819AB0B10DEEA7AE90315BD20DA4C24.e.20163/click - {}
RESULT: {}
COMMAND: GET /session/f31953e55de2d70fb971a65264fe9e98/screenshot - {}
RESULT: {}
COMMAND: POST /session/f31953e55de2d70fb971a65264fe9e98/element - {"using":"xpath","value":"//tr/td[6]/div[1]/span[1]/span[1]"}
RESULT: {"using":"xpath","value":"//tr/td[6]/div[1]/span[1]/span[1]"}
COMMAND: GET /session/f31953e55de2d70fb971a65264fe9e98/element/f.64D82B69FC2678D0F29344912A345B1C.d.5819AB0B10DEEA7AE90315BD20DA4C24.e.20219/text - {}
RESULT: {}
COMMAND: POST /session/f31953e55de2d70fb971a65264fe9e98/element - {"using":"xpath","value":"(//span[contains(@id, \"imgNav\")])[2]"}
RESULT: {"using":"xpath","value":"(//span[contains(@id, \"imgNav\")])[2]"}
COMMAND: POST /session/f31953e55de2d70fb971a65264fe9e98/element/f.64D82B69FC2678D0F29344912A345B1C.d.5819AB0B10DEEA7AE90315BD20DA4C24.e.20220/click - {}
RESULT: {}
COMMAND: POST /session/f31953e55de2d70fb971a65264fe9e98/element - {"using":"xpath","value":"//bdi[contains(text(), \"Business Confirm\")]"}
COMMAND: GET /session/f31953e55de2d70fb971a65264fe9e98/screenshot - {}
RESULT: {"using":"xpath","value":"//bdi[contains(text(), \"Business Confirm\")]"}
COMMAND: POST /session/f31953e55de2d70fb971a65264fe9e98/elements - {"using":"xpath","value":"//bdi[contains(text(), \"Business Confirm\")]"}
RESULT: {}
RESULT: {"using":"xpath","value":"//bdi[contains(text(), \"Business Confirm\")]"}
COMMAND: POST /session/f31953e55de2d70fb971a65264fe9e98/elements - {"using":"xpath","value":"//bdi[contains(text(), \"Business Confirm\")]"}
RESULT: {"using":"xpath","value":"//bdi[contains(text(), \"Business Confirm\")]"}
COMMAND: POST /session/f31953e55de2d70fb971a65264fe9e98/element - {"using":"xpath","value":"//bdi[contains(text(), \"Business Confirm\")]"}
RESULT: {"using":"xpath","value":"//bdi[contains(text(), \"Business Confirm\")]"}
COMMAND: POST /session/f31953e55de2d70fb971a65264fe9e98/element/f.64D82B69FC2678D0F29344912A345B1C.d.5819AB0B10DEEA7AE90315BD20DA4C24.e.20223/click - {}
COMMAND: POST /session/f31953e55de2d70fb971a65264fe9e98/element - {"using":"xpath","value":"//bdi[contains(text(), \"Business Confirm\")]"}
RESULT: {"using":"xpath","value":"//bdi[contains(text(), \"Business Confirm\")]"}
COMMAND: POST /session/f31953e55de2d70fb971a65264fe9e98/element/f.64D82B69FC2678D0F29344912A345B1C.d.5819AB0B10DEEA7AE90315BD20DA4C24.e.20223/click - {}
COMMAND: POST /session/f31953e55de2d70fb971a65264fe9e98/element - {"using":"xpath","value":"//bdi[contains(text(), \"Business Confirm\")]"}
RESULT: {"using":"xpath","value":"//bdi[contains(text(), \"Business Confirm\")]"}
COMMAND: POST /session/f31953e55de2d70fb971a65264fe9e98/element/f.64D82B69FC2678D0F29344912A345B1C.d.5819AB0B10DEEA7AE90315BD20DA4C24.e.20275/click - {}
RESULT: {}
COMMAND: POST /session/f31953e55de2d70fb971a65264fe9e98/element - {"using":"css selector","value":"#shell-header-logo"}
COMMAND: GET /session/f31953e55de2d70fb971a65264fe9e98/screenshot - {}
RESULT: {"using":"css selector","value":"#shell-header-logo"}
COMMAND: POST /session/f31953e55de2d70fb971a65264fe9e98/element/f.64D82B69FC2678D0F29344912A345B1C.d.5819AB0B10DEEA7AE90315BD20DA4C24.e.19951/click - {}
RESULT: {}
RESULT: {}
COMMAND: GET /session/f31953e55de2d70fb971a65264fe9e98/screenshot - {}
RESULT: {}
]]></system-out>
    </testcase>
    <testcase classname="chrome.136_0_7103_93.windows.Create_Reverse_Billing_US127248" name="Should go into Billing Transfer and reverse the billing" time="43.2">
      <system-out><![CDATA[
COMMAND: POST /session/f31953e55de2d70fb971a65264fe9e98/execute/async - {"script":"<script> [1562 bytes]","args":[{"selector":{"controlType":"sap.m.GenericTile","properties":{"header":"Billing Transfer"}},"wdio_ui5_key":"sapm.GenericTile{\"header\":\"Billing Transfer\"}"}]}
RESULT: {"script":"<script> [1562 bytes]","args":[{"selector":{"controlType":"sap.m.GenericTile","properties":{"header":"Billing Transfer"}},"wdio_ui5_key":"sapm.GenericTile{\"header\":\"Billing Transfer\"}"}]}
RESULT: undefined
COMMAND: POST /session/f31953e55de2d70fb971a65264fe9e98/element - {"using":"xpath","value":"//*[@id=\"__tile50\"]"}
RESULT: {"using":"xpath","value":"//*[@id=\"__tile50\"]"}
COMMAND: POST /session/f31953e55de2d70fb971a65264fe9e98/element/f.64D82B69FC2678D0F29344912A345B1C.d.5819AB0B10DEEA7AE90315BD20DA4C24.e.16639/click - {}
RESULT: {}
COMMAND: GET /session/f31953e55de2d70fb971a65264fe9e98/screenshot - {}
RESULT: {}
COMMAND: POST /session/f31953e55de2d70fb971a65264fe9e98/elements - {"using":"xpath","value":"//span[text()='Error']"}
RESULT: {"using":"xpath","value":"//span[text()='Error']"}
COMMAND: POST /session/f31953e55de2d70fb971a65264fe9e98/element - {"using":"xpath","value":"//input[contains(@id ,\"application-billingtransfer-display-component---billingWorkbench--smartFilterBar-btnBasicSearch\")]"}
RESULT: {"using":"xpath","value":"//input[contains(@id ,\"application-billingtransfer-display-component---billingWorkbench--smartFilterBar-btnBasicSearch\")]"}
COMMAND: POST /session/f31953e55de2d70fb971a65264fe9e98/elements - {"using":"xpath","value":"//input[contains(@id ,\"application-billingtransfer-display-component---billingWorkbench--smartFilterBar-btnBasicSearch\")]"}
RESULT: {"using":"xpath","value":"//input[contains(@id ,\"application-billingtransfer-display-component---billingWorkbench--smartFilterBar-btnBasicSearch\")]"}
COMMAND: POST /session/f31953e55de2d70fb971a65264fe9e98/execute/sync - {"script":"<script> [8489 bytes]","args":[{"element-6066-11e4-a52e-4f735466cecf":"f.64D82B69FC2678D0F29344912A345B1C.d.5819AB0B10DEEA7AE90315BD20DA4C24.e.20301","ELEMENT":"f.64D82B69FC2678D0F29344912A345B1C.d.5819AB0B10DEEA7AE90315BD20DA4C24.e.20301"}]}
RESULT: {"script":"<script> [8489 bytes]","args":[{"element-6066-11e4-a52e-4f735466cecf":"f.64D82B69FC2678D0F29344912A345B1C.d.5819AB0B10DEEA7AE90315BD20DA4C24.e.20301","ELEMENT":"f.64D82B69FC2678D0F29344912A345B1C.d.5819AB0B10DEEA7AE90315BD20DA4C24.e.20301"}]}
COMMAND: GET /session/f31953e55de2d70fb971a65264fe9e98/element/f.64D82B69FC2678D0F29344912A345B1C.d.5819AB0B10DEEA7AE90315BD20DA4C24.e.20301/enabled - {}
COMMAND: GET /session/f31953e55de2d70fb971a65264fe9e98/screenshot - {}
RESULT: {}
COMMAND: POST /session/f31953e55de2d70fb971a65264fe9e98/element/f.64D82B69FC2678D0F29344912A345B1C.d.5819AB0B10DEEA7AE90315BD20DA4C24.e.20301/click - {}
COMMAND: GET /session/f31953e55de2d70fb971a65264fe9e98/screenshot - {}
RESULT: {}
RESULT: {}
COMMAND: GET /session/f31953e55de2d70fb971a65264fe9e98/screenshot - {}
RESULT: {}
RESULT: {}
COMMAND: POST /session/f31953e55de2d70fb971a65264fe9e98/element/f.64D82B69FC2678D0F29344912A345B1C.d.5819AB0B10DEEA7AE90315BD20DA4C24.e.20301/clear - {}
RESULT: {}
COMMAND: POST /session/f31953e55de2d70fb971a65264fe9e98/element/f.64D82B69FC2678D0F29344912A345B1C.d.5819AB0B10DEEA7AE90315BD20DA4C24.e.20301/value - {"text":"10447"}
COMMAND: GET /session/f31953e55de2d70fb971a65264fe9e98/screenshot - {}
RESULT: {"text":"10447"}
COMMAND: POST /session/f31953e55de2d70fb971a65264fe9e98/actions - {"actions":[{"id":"action73","type":"key","parameters":{},"actions":[{"type":"keyDown","value":"î€‡"},{"type":"pause","duration":10},{"type":"keyUp","value":"î€‡"}]}]}
COMMAND: GET /session/f31953e55de2d70fb971a65264fe9e98/screenshot - {}
RESULT: {}
RESULT: {"actions":[{"id":"action73","type":"key","parameters":{},"actions":[{"type":"keyDown","value":"î€‡"},{"type":"pause","duration":10},{"type":"keyUp","value":"î€‡"}]}]}
COMMAND: GET /session/f31953e55de2d70fb971a65264fe9e98/screenshot - {}
RESULT: {}
RESULT: {}
COMMAND: POST /session/f31953e55de2d70fb971a65264fe9e98/element - {"using":"xpath","value":"//span[contains(@id ,\"application-billingtransfer-display-component---billingWorkbench--smartTableBillingRuns-header-inner\")]"}
RESULT: {"using":"xpath","value":"//span[contains(@id ,\"application-billingtransfer-display-component---billingWorkbench--smartTableBillingRuns-header-inner\")]"}
COMMAND: POST /session/f31953e55de2d70fb971a65264fe9e98/elements - {"using":"xpath","value":"//span[contains(@id ,\"application-billingtransfer-display-component---billingWorkbench--smartTableBillingRuns-header-inner\")]"}
RESULT: {"using":"xpath","value":"//span[contains(@id ,\"application-billingtransfer-display-component---billingWorkbench--smartTableBillingRuns-header-inner\")]"}
COMMAND: POST /session/f31953e55de2d70fb971a65264fe9e98/execute/sync - {"script":"<script> [56 bytes]","args":[{"element-6066-11e4-a52e-4f735466cecf":"f.64D82B69FC2678D0F29344912A345B1C.d.5819AB0B10DEEA7AE90315BD20DA4C24.e.20481","ELEMENT":"f.64D82B69FC2678D0F29344912A345B1C.d.5819AB0B10DEEA7AE90315BD20DA4C24.e.20481"}]}
RESULT: {"script":"<script> [56 bytes]","args":[{"element-6066-11e4-a52e-4f735466cecf":"f.64D82B69FC2678D0F29344912A345B1C.d.5819AB0B10DEEA7AE90315BD20DA4C24.e.20481","ELEMENT":"f.64D82B69FC2678D0F29344912A345B1C.d.5819AB0B10DEEA7AE90315BD20DA4C24.e.20481"}]}
COMMAND: POST /session/f31953e55de2d70fb971a65264fe9e98/element - {"using":"xpath","value":"//td[@aria-colindex=\"1\"]/div/div[contains(@class, \"sapMCbBg\")]"}
COMMAND: GET /session/f31953e55de2d70fb971a65264fe9e98/screenshot - {}
RESULT: {"using":"xpath","value":"//td[@aria-colindex=\"1\"]/div/div[contains(@class, \"sapMCbBg\")]"}
COMMAND: POST /session/f31953e55de2d70fb971a65264fe9e98/element/f.64D82B69FC2678D0F29344912A345B1C.d.5819AB0B10DEEA7AE90315BD20DA4C24.e.20473/click - {}
RESULT: {}
RESULT: {}
COMMAND: GET /session/f31953e55de2d70fb971a65264fe9e98/screenshot - {}
RESULT: {}
COMMAND: POST /session/f31953e55de2d70fb971a65264fe9e98/element - {"using":"xpath","value":"//bdi[contains(text(), \"Reverse\")]"}
RESULT: {"using":"xpath","value":"//bdi[contains(text(), \"Reverse\")]"}
COMMAND: POST /session/f31953e55de2d70fb971a65264fe9e98/element/f.64D82B69FC2678D0F29344912A345B1C.d.5819AB0B10DEEA7AE90315BD20DA4C24.e.20482/click - {}
RESULT: {}
COMMAND: GET /session/f31953e55de2d70fb971a65264fe9e98/screenshot - {}
RESULT: {}
COMMAND: POST /session/f31953e55de2d70fb971a65264fe9e98/element - {"using":"xpath","value":"//input[contains(@id ,\"application-billingtransfer-display-component---billingWorkbench--smartFilterBar-btnBasicSearch\")]"}
RESULT: {"using":"xpath","value":"//input[contains(@id ,\"application-billingtransfer-display-component---billingWorkbench--smartFilterBar-btnBasicSearch\")]"}
COMMAND: POST /session/f31953e55de2d70fb971a65264fe9e98/elements - {"using":"xpath","value":"//input[contains(@id ,\"application-billingtransfer-display-component---billingWorkbench--smartFilterBar-btnBasicSearch\")]"}
RESULT: {"using":"xpath","value":"//input[contains(@id ,\"application-billingtransfer-display-component---billingWorkbench--smartFilterBar-btnBasicSearch\")]"}
COMMAND: POST /session/f31953e55de2d70fb971a65264fe9e98/execute/sync - {"script":"<script> [8489 bytes]","args":[{"element-6066-11e4-a52e-4f735466cecf":"f.64D82B69FC2678D0F29344912A345B1C.d.5819AB0B10DEEA7AE90315BD20DA4C24.e.20301","ELEMENT":"f.64D82B69FC2678D0F29344912A345B1C.d.5819AB0B10DEEA7AE90315BD20DA4C24.e.20301"}]}
RESULT: {"script":"<script> [8489 bytes]","args":[{"element-6066-11e4-a52e-4f735466cecf":"f.64D82B69FC2678D0F29344912A345B1C.d.5819AB0B10DEEA7AE90315BD20DA4C24.e.20301","ELEMENT":"f.64D82B69FC2678D0F29344912A345B1C.d.5819AB0B10DEEA7AE90315BD20DA4C24.e.20301"}]}
COMMAND: GET /session/f31953e55de2d70fb971a65264fe9e98/element/f.64D82B69FC2678D0F29344912A345B1C.d.5819AB0B10DEEA7AE90315BD20DA4C24.e.20301/enabled - {}
COMMAND: GET /session/f31953e55de2d70fb971a65264fe9e98/screenshot - {}
RESULT: {}
COMMAND: POST /session/f31953e55de2d70fb971a65264fe9e98/element/f.64D82B69FC2678D0F29344912A345B1C.d.5819AB0B10DEEA7AE90315BD20DA4C24.e.20301/click - {}
COMMAND: GET /session/f31953e55de2d70fb971a65264fe9e98/screenshot - {}
RESULT: {}
RESULT: {}
COMMAND: GET /session/f31953e55de2d70fb971a65264fe9e98/screenshot - {}
RESULT: {}
RESULT: {}
COMMAND: POST /session/f31953e55de2d70fb971a65264fe9e98/element/f.64D82B69FC2678D0F29344912A345B1C.d.5819AB0B10DEEA7AE90315BD20DA4C24.e.20301/clear - {}
RESULT: {}
COMMAND: POST /session/f31953e55de2d70fb971a65264fe9e98/element/f.64D82B69FC2678D0F29344912A345B1C.d.5819AB0B10DEEA7AE90315BD20DA4C24.e.20301/value - {"text":"10447"}
COMMAND: GET /session/f31953e55de2d70fb971a65264fe9e98/screenshot - {}
RESULT: {"text":"10447"}
COMMAND: POST /session/f31953e55de2d70fb971a65264fe9e98/actions - {"actions":[{"id":"action74","type":"key","parameters":{},"actions":[{"type":"keyDown","value":"î€‡"},{"type":"pause","duration":10},{"type":"keyUp","value":"î€‡"}]}]}
COMMAND: GET /session/f31953e55de2d70fb971a65264fe9e98/screenshot - {}
RESULT: {}
RESULT: {"actions":[{"id":"action74","type":"key","parameters":{},"actions":[{"type":"keyDown","value":"î€‡"},{"type":"pause","duration":10},{"type":"keyUp","value":"î€‡"}]}]}
COMMAND: GET /session/f31953e55de2d70fb971a65264fe9e98/screenshot - {}
RESULT: {}
RESULT: {}
COMMAND: POST /session/f31953e55de2d70fb971a65264fe9e98/element - {"using":"xpath","value":"//span[contains(@id ,\"application-billingtransfer-display-component---billingWorkbench--smartTableBillingRuns-header-inner\")]"}
RESULT: {"using":"xpath","value":"//span[contains(@id ,\"application-billingtransfer-display-component---billingWorkbench--smartTableBillingRuns-header-inner\")]"}
COMMAND: POST /session/f31953e55de2d70fb971a65264fe9e98/elements - {"using":"xpath","value":"//span[contains(@id ,\"application-billingtransfer-display-component---billingWorkbench--smartTableBillingRuns-header-inner\")]"}
RESULT: {"using":"xpath","value":"//span[contains(@id ,\"application-billingtransfer-display-component---billingWorkbench--smartTableBillingRuns-header-inner\")]"}
COMMAND: POST /session/f31953e55de2d70fb971a65264fe9e98/execute/sync - {"script":"<script> [56 bytes]","args":[{"element-6066-11e4-a52e-4f735466cecf":"f.64D82B69FC2678D0F29344912A345B1C.d.5819AB0B10DEEA7AE90315BD20DA4C24.e.20481","ELEMENT":"f.64D82B69FC2678D0F29344912A345B1C.d.5819AB0B10DEEA7AE90315BD20DA4C24.e.20481"}]}
RESULT: {"script":"<script> [56 bytes]","args":[{"element-6066-11e4-a52e-4f735466cecf":"f.64D82B69FC2678D0F29344912A345B1C.d.5819AB0B10DEEA7AE90315BD20DA4C24.e.20481","ELEMENT":"f.64D82B69FC2678D0F29344912A345B1C.d.5819AB0B10DEEA7AE90315BD20DA4C24.e.20481"}]}
COMMAND: POST /session/f31953e55de2d70fb971a65264fe9e98/element - {"using":"css selector","value":"#shell-header-logo"}
COMMAND: GET /session/f31953e55de2d70fb971a65264fe9e98/screenshot - {}
RESULT: {"using":"css selector","value":"#shell-header-logo"}
COMMAND: POST /session/f31953e55de2d70fb971a65264fe9e98/element/f.64D82B69FC2678D0F29344912A345B1C.d.5819AB0B10DEEA7AE90315BD20DA4C24.e.20299/click - {}
RESULT: {}
RESULT: {}
COMMAND: GET /session/f31953e55de2d70fb971a65264fe9e98/screenshot - {}
RESULT: {}
COMMAND: DELETE /session/f31953e55de2d70fb971a65264fe9e98 - {}
RESULT: {}
]]></system-out>
    </testcase>
  </testsuite>
</testsuites>