<?xml version="1.0" encoding="UTF-8"?>
<testsuites tests="76" failures="30" errors="30" skipped="0">
  <testsuite timestamp="2025-04-29T16:21:32" time="93.573" tests="1" failures="0" errors="0" skipped="0">
    <properties>
      <property name="specId" value="0" />
      <property name="suiteName" value="US104422 Create new bin &amp; section - select nothing " />
      <property name="capabilities" value="chrome.135_0_7049_96.windows" />
      <property name="file" value="file:///D:/a/1/s/test/specs/HTR/create-bin.spec.js" />
    </properties>
    <testcase classname="chrome.135_0_7049_96.windows.US104422_Create_new_bin_&amp;_section_-_select_nothing_" name="Create new bin section" time="72.422">
      <system-out><![CDATA[
COMMAND: POST /session/582ce5f850a124cd0c5f6fc14f02a0d2/element - {"using":"xpath","value":"//div[text()='Warehouse']"}
RESULT: {"using":"xpath","value":"//div[text()='Warehouse']"}
COMMAND: POST /session/582ce5f850a124cd0c5f6fc14f02a0d2/elements - {"using":"xpath","value":"//div[text()='Warehouse']"}
RESULT: {"using":"xpath","value":"//div[text()='Warehouse']"}
COMMAND: POST /session/582ce5f850a124cd0c5f6fc14f02a0d2/element/f.92142B0E1996143B500ED3F2A7F6BA2F.d.6B459D2F4956971C18A38D02523A06A0.e.109/click - {}
RESULT: {}
COMMAND: POST /session/582ce5f850a124cd0c5f6fc14f02a0d2/execute/async - {"script":"<script> [1562 bytes]","args":[{"selector":{"controlType":"sap.m.GenericTile","properties":{"header":"Bin Status Report"}},"wdio_ui5_key":"sapm.GenericTile{\"header\":\"Bin Status Report\"}"}]}
COMMAND: GET /session/582ce5f850a124cd0c5f6fc14f02a0d2/screenshot - {}
RESULT: {"script":"<script> [1562 bytes]","args":[{"selector":{"controlType":"sap.m.GenericTile","properties":{"header":"Bin Status Report"}},"wdio_ui5_key":"sapm.GenericTile{\"header\":\"Bin Status Report\"}"}]}
RESULT: undefined
COMMAND: POST /session/582ce5f850a124cd0c5f6fc14f02a0d2/element - {"using":"xpath","value":"//*[@id=\"__tile104\"]"}
RESULT: {}
RESULT: {"using":"xpath","value":"//*[@id=\"__tile104\"]"}
COMMAND: POST /session/582ce5f850a124cd0c5f6fc14f02a0d2/element/f.92142B0E1996143B500ED3F2A7F6BA2F.d.6B459D2F4956971C18A38D02523A06A0.e.112/click - {}
RESULT: {}
COMMAND: GET /session/582ce5f850a124cd0c5f6fc14f02a0d2/screenshot - {}
RESULT: {}
COMMAND: POST /session/582ce5f850a124cd0c5f6fc14f02a0d2/element - {"using":"xpath","value":"//bdi[text()='Create New Organization']"}
RESULT: {"using":"xpath","value":"//bdi[text()='Create New Organization']"}
COMMAND: POST /session/582ce5f850a124cd0c5f6fc14f02a0d2/elements - {"using":"xpath","value":"//bdi[text()='Create New Organization']"}
RESULT: {"using":"xpath","value":"//bdi[text()='Create New Organization']"}
COMMAND: POST /session/582ce5f850a124cd0c5f6fc14f02a0d2/elements - {"using":"xpath","value":"//bdi[text()='Create New Organization']"}
RESULT: {"using":"xpath","value":"//bdi[text()='Create New Organization']"}
COMMAND: POST /session/582ce5f850a124cd0c5f6fc14f02a0d2/elements - {"using":"xpath","value":"//bdi[text()='Create New Organization']"}
RESULT: {"using":"xpath","value":"//bdi[text()='Create New Organization']"}
COMMAND: POST /session/582ce5f850a124cd0c5f6fc14f02a0d2/elements - {"using":"xpath","value":"//bdi[text()='Create New Organization']"}
RESULT: {"using":"xpath","value":"//bdi[text()='Create New Organization']"}
COMMAND: POST /session/582ce5f850a124cd0c5f6fc14f02a0d2/elements - {"using":"xpath","value":"//bdi[text()='Create New Organization']"}
RESULT: {"using":"xpath","value":"//bdi[text()='Create New Organization']"}
COMMAND: POST /session/582ce5f850a124cd0c5f6fc14f02a0d2/elements - {"using":"xpath","value":"//bdi[text()='Create New Organization']"}
RESULT: {"using":"xpath","value":"//bdi[text()='Create New Organization']"}
COMMAND: POST /session/582ce5f850a124cd0c5f6fc14f02a0d2/elements - {"using":"xpath","value":"//bdi[text()='Create New Organization']"}
RESULT: {"using":"xpath","value":"//bdi[text()='Create New Organization']"}
COMMAND: POST /session/582ce5f850a124cd0c5f6fc14f02a0d2/elements - {"using":"xpath","value":"//bdi[text()='Create New Organization']"}
RESULT: {"using":"xpath","value":"//bdi[text()='Create New Organization']"}
COMMAND: POST /session/582ce5f850a124cd0c5f6fc14f02a0d2/elements - {"using":"xpath","value":"//bdi[text()='Create New Organization']"}
RESULT: {"using":"xpath","value":"//bdi[text()='Create New Organization']"}
COMMAND: POST /session/582ce5f850a124cd0c5f6fc14f02a0d2/elements - {"using":"xpath","value":"//bdi[text()='Create New Organization']"}
RESULT: {"using":"xpath","value":"//bdi[text()='Create New Organization']"}
COMMAND: POST /session/582ce5f850a124cd0c5f6fc14f02a0d2/elements - {"using":"xpath","value":"//bdi[text()='Create New Organization']"}
RESULT: {"using":"xpath","value":"//bdi[text()='Create New Organization']"}
COMMAND: POST /session/582ce5f850a124cd0c5f6fc14f02a0d2/elements - {"using":"xpath","value":"//bdi[text()='Create New Organization']"}
RESULT: {"using":"xpath","value":"//bdi[text()='Create New Organization']"}
COMMAND: POST /session/582ce5f850a124cd0c5f6fc14f02a0d2/elements - {"using":"xpath","value":"//bdi[text()='Create New Organization']"}
RESULT: {"using":"xpath","value":"//bdi[text()='Create New Organization']"}
COMMAND: POST /session/582ce5f850a124cd0c5f6fc14f02a0d2/elements - {"using":"xpath","value":"//bdi[text()='Create New Organization']"}
RESULT: {"using":"xpath","value":"//bdi[text()='Create New Organization']"}
COMMAND: POST /session/582ce5f850a124cd0c5f6fc14f02a0d2/elements - {"using":"xpath","value":"//bdi[text()='Create New Organization']"}
RESULT: {"using":"xpath","value":"//bdi[text()='Create New Organization']"}
COMMAND: POST /session/582ce5f850a124cd0c5f6fc14f02a0d2/elements - {"using":"xpath","value":"//bdi[text()='Create New Organization']"}
RESULT: {"using":"xpath","value":"//bdi[text()='Create New Organization']"}
COMMAND: POST /session/582ce5f850a124cd0c5f6fc14f02a0d2/element - {"using":"xpath","value":"//bdi[text()='Create New Organization']"}
RESULT: {"using":"xpath","value":"//bdi[text()='Create New Organization']"}
COMMAND: GET /session/582ce5f850a124cd0c5f6fc14f02a0d2/element/f.92142B0E1996143B500ED3F2A7F6BA2F.d.6B459D2F4956971C18A38D02523A06A0.e.149/enabled - {}
RESULT: {}
COMMAND: POST /session/582ce5f850a124cd0c5f6fc14f02a0d2/execute/sync - {"script":"<script> [8489 bytes]","args":[{"element-6066-11e4-a52e-4f735466cecf":"f.92142B0E1996143B500ED3F2A7F6BA2F.d.6B459D2F4956971C18A38D02523A06A0.e.149","ELEMENT":"f.92142B0E1996143B500ED3F2A7F6BA2F.d.6B459D2F4956971C18A38D02523A06A0.e.149"}]}
COMMAND: GET /session/582ce5f850a124cd0c5f6fc14f02a0d2/screenshot - {}
RESULT: {"script":"<script> [8489 bytes]","args":[{"element-6066-11e4-a52e-4f735466cecf":"f.92142B0E1996143B500ED3F2A7F6BA2F.d.6B459D2F4956971C18A38D02523A06A0.e.149","ELEMENT":"f.92142B0E1996143B500ED3F2A7F6BA2F.d.6B459D2F4956971C18A38D02523A06A0.e.149"}]}
COMMAND: POST /session/582ce5f850a124cd0c5f6fc14f02a0d2/execute/sync - {"script":"<script> [5351 bytes]","args":[{"element-6066-11e4-a52e-4f735466cecf":"f.92142B0E1996143B500ED3F2A7F6BA2F.d.6B459D2F4956971C18A38D02523A06A0.e.149","ELEMENT":"f.92142B0E1996143B500ED3F2A7F6BA2F.d.6B459D2F4956971C18A38D02523A06A0.e.149"}]}
COMMAND: GET /session/582ce5f850a124cd0c5f6fc14f02a0d2/screenshot - {}
RESULT: {}
RESULT: {"script":"<script> [5351 bytes]","args":[{"element-6066-11e4-a52e-4f735466cecf":"f.92142B0E1996143B500ED3F2A7F6BA2F.d.6B459D2F4956971C18A38D02523A06A0.e.149","ELEMENT":"f.92142B0E1996143B500ED3F2A7F6BA2F.d.6B459D2F4956971C18A38D02523A06A0.e.149"}]}
COMMAND: POST /session/582ce5f850a124cd0c5f6fc14f02a0d2/element/f.92142B0E1996143B500ED3F2A7F6BA2F.d.6B459D2F4956971C18A38D02523A06A0.e.149/click - {}
COMMAND: GET /session/582ce5f850a124cd0c5f6fc14f02a0d2/screenshot - {}
RESULT: {}
RESULT: {}
COMMAND: POST /session/582ce5f850a124cd0c5f6fc14f02a0d2/execute/async - {"script":"<script> [1562 bytes]","args":[{"selector":{"id":"createOrganizationPop--sectionInput","searchOpenDialogs":true,"interaction":{"idSuffix":"inner"}},"wdio_ui5_key":"createOrganizationPopsectionInput"}]}
COMMAND: GET /session/582ce5f850a124cd0c5f6fc14f02a0d2/screenshot - {}
RESULT: {}
RESULT: {"script":"<script> [1562 bytes]","args":[{"selector":{"id":"createOrganizationPop--sectionInput","searchOpenDialogs":true,"interaction":{"idSuffix":"inner"}},"wdio_ui5_key":"createOrganizationPopsectionInput"}]}
RESULT: undefined
COMMAND: POST /session/582ce5f850a124cd0c5f6fc14f02a0d2/execute/async - {"script":"<script> [776 bytes]","args":[{"enterText":"WHIzm0y4631kv89kko7ad511sd4rwg3dzy7rpyfhly79qwruj522047epfo20l3wm67xx5lhvte0fovax4yay98olzr0xv7kx17a191qj93ltcrq7kllmyvip784qco5ewlpiet8yh4msrirt5v62qm3wxmn8e6vgnk353b10k1kqxv2wn78r9qdc96ix3jevku751rn ... (803 more bytes)","selector":{"id":"createOrganizationPop--sectionInput","searchOpenDialogs":true,"interaction":{"idSuffix":"inner"}},"clearTextFirst":true,"interactionType":"ENTER_TEXT"}]}
RESULT: {}
RESULT: {"script":"<script> [776 bytes]","args":[{"enterText":"WHIzm0y4631kv89kko7ad511sd4rwg3dzy7rpyfhly79qwruj522047epfo20l3wm67xx5lhvte0fovax4yay98olzr0xv7kx17a191qj93ltcrq7kllmyvip784qco5ewlpiet8yh4msrirt5v62qm3wxmn8e6vgnk353b10k1kqxv2wn78r9qdc96ix3jevku751rn ... (803 more bytes)","selector":{"id":"createOrganizationPop--sectionInput","searchOpenDialogs":true,"interaction":{"idSuffix":"inner"}},"clearTextFirst":true,"interactionType":"ENTER_TEXT"}]}
COMMAND: POST /session/582ce5f850a124cd0c5f6fc14f02a0d2/execute/async - {"script":"<script> [1562 bytes]","args":[{"selector":{"id":"createOrganizationPop--descriptionInput","searchOpenDialogs":true,"interaction":{"idSuffix":"inner"}},"wdio_ui5_key":"createOrganizationPopdescriptionInput"}]}
RESULT: {"script":"<script> [1562 bytes]","args":[{"selector":{"id":"createOrganizationPop--descriptionInput","searchOpenDialogs":true,"interaction":{"idSuffix":"inner"}},"wdio_ui5_key":"createOrganizationPopdescriptionInput"}]}
RESULT: undefined
COMMAND: POST /session/582ce5f850a124cd0c5f6fc14f02a0d2/execute/async - {"script":"<script> [776 bytes]","args":[{"enterText":"WHIzm0y4631kv89kko7ad511sd4rwg3dzy7rpyfhly79qwruj522047epfo20l3wm67xx5lhvte0fovax4yay98olzr0xv7kx17a191qj93ltcrq7kllmyvip784qco5ewlpiet8yh4msrirt5v62qm3wxmn8e6vgnk353b10k1kqxv2wn78r9qdc96ix3jevku751rn ... (803 more bytes)","selector":{"id":"createOrganizationPop--descriptionInput","searchOpenDialogs":true,"interaction":{"idSuffix":"inner"}},"clearTextFirst":true,"interactionType":"ENTER_TEXT"}]}
RESULT: {"script":"<script> [776 bytes]","args":[{"enterText":"WHIzm0y4631kv89kko7ad511sd4rwg3dzy7rpyfhly79qwruj522047epfo20l3wm67xx5lhvte0fovax4yay98olzr0xv7kx17a191qj93ltcrq7kllmyvip784qco5ewlpiet8yh4msrirt5v62qm3wxmn8e6vgnk353b10k1kqxv2wn78r9qdc96ix3jevku751rn ... (803 more bytes)","selector":{"id":"createOrganizationPop--descriptionInput","searchOpenDialogs":true,"interaction":{"idSuffix":"inner"}},"clearTextFirst":true,"interactionType":"ENTER_TEXT"}]}
COMMAND: POST /session/582ce5f850a124cd0c5f6fc14f02a0d2/element - {"using":"css selector","value":"#createOrganizationPop--yardOrg-inner"}
RESULT: {"using":"css selector","value":"#createOrganizationPop--yardOrg-inner"}
COMMAND: POST /session/582ce5f850a124cd0c5f6fc14f02a0d2/element/f.92142B0E1996143B500ED3F2A7F6BA2F.d.6B459D2F4956971C18A38D02523A06A0.e.156/clear - {}
RESULT: {}
COMMAND: POST /session/582ce5f850a124cd0c5f6fc14f02a0d2/element/f.92142B0E1996143B500ED3F2A7F6BA2F.d.6B459D2F4956971C18A38D02523A06A0.e.156/value - {"text":"WHM"}
COMMAND: GET /session/582ce5f850a124cd0c5f6fc14f02a0d2/screenshot - {}
RESULT: {"text":"WHM"}
COMMAND: GET /session/582ce5f850a124cd0c5f6fc14f02a0d2/screenshot - {}
RESULT: {}
RESULT: {}
COMMAND: POST /session/582ce5f850a124cd0c5f6fc14f02a0d2/actions - {"actions":[{"id":"action1","type":"key","parameters":{},"actions":[{"type":"keyDown","value":"î€‡"},{"type":"pause","duration":10},{"type":"keyUp","value":"î€‡"}]}]}
RESULT: {"actions":[{"id":"action1","type":"key","parameters":{},"actions":[{"type":"keyDown","value":"î€‡"},{"type":"pause","duration":10},{"type":"keyUp","value":"î€‡"}]}]}
COMMAND: POST /session/582ce5f850a124cd0c5f6fc14f02a0d2/execute/async - {"script":"<script> [1562 bytes]","args":[{"selector":{"id":"createOrganizationPop--grZone","searchOpenDialogs":true,"interaction":{"idSuffix":"CbBg"}},"wdio_ui5_key":"createOrganizationPopgrZone"}]}
COMMAND: GET /session/582ce5f850a124cd0c5f6fc14f02a0d2/screenshot - {}
RESULT: {"script":"<script> [1562 bytes]","args":[{"selector":{"id":"createOrganizationPop--grZone","searchOpenDialogs":true,"interaction":{"idSuffix":"CbBg"}},"wdio_ui5_key":"createOrganizationPopgrZone"}]}
RESULT: undefined
COMMAND: POST /session/582ce5f850a124cd0c5f6fc14f02a0d2/element - {"using":"xpath","value":"//*[@id=\"createOrganizationPop--grZone\"]"}
RESULT: {}
RESULT: {"using":"xpath","value":"//*[@id=\"createOrganizationPop--grZone\"]"}
COMMAND: POST /session/582ce5f850a124cd0c5f6fc14f02a0d2/element/f.92142B0E1996143B500ED3F2A7F6BA2F.d.6B459D2F4956971C18A38D02523A06A0.e.216/click - {}
RESULT: {}
COMMAND: POST /session/582ce5f850a124cd0c5f6fc14f02a0d2/execute/async - {"script":"<script> [1562 bytes]","args":[{"selector":{"id":"createOrganizationPop--giZone","searchOpenDialogs":true,"interaction":{"idSuffix":"CbBg"}},"wdio_ui5_key":"createOrganizationPopgiZone"}]}
COMMAND: GET /session/582ce5f850a124cd0c5f6fc14f02a0d2/screenshot - {}
RESULT: {"script":"<script> [1562 bytes]","args":[{"selector":{"id":"createOrganizationPop--giZone","searchOpenDialogs":true,"interaction":{"idSuffix":"CbBg"}},"wdio_ui5_key":"createOrganizationPopgiZone"}]}
RESULT: undefined
COMMAND: POST /session/582ce5f850a124cd0c5f6fc14f02a0d2/element - {"using":"xpath","value":"//*[@id=\"createOrganizationPop--giZone\"]"}
RESULT: {}
RESULT: {"using":"xpath","value":"//*[@id=\"createOrganizationPop--giZone\"]"}
COMMAND: POST /session/582ce5f850a124cd0c5f6fc14f02a0d2/element/f.92142B0E1996143B500ED3F2A7F6BA2F.d.6B459D2F4956971C18A38D02523A06A0.e.218/click - {}
RESULT: {}
COMMAND: POST /session/582ce5f850a124cd0c5f6fc14f02a0d2/execute/async - {"script":"<script> [1562 bytes]","args":[{"selector":{"id":"createOrganizationPop--binNoInput","searchOpenDialogs":true,"interaction":{"idSuffix":"inner"}},"wdio_ui5_key":"createOrganizationPopbinNoInput"}]}
COMMAND: GET /session/582ce5f850a124cd0c5f6fc14f02a0d2/screenshot - {}
RESULT: {"script":"<script> [1562 bytes]","args":[{"selector":{"id":"createOrganizationPop--binNoInput","searchOpenDialogs":true,"interaction":{"idSuffix":"inner"}},"wdio_ui5_key":"createOrganizationPopbinNoInput"}]}
RESULT: undefined
COMMAND: POST /session/582ce5f850a124cd0c5f6fc14f02a0d2/execute/async - {"script":"<script> [776 bytes]","args":[{"enterText":"Bin-Wd","selector":{"id":"createOrganizationPop--binNoInput","searchOpenDialogs":true,"interaction":{"idSuffix":"inner"}},"clearTextFirst":true,"interactionType":"ENTER_TEXT"}]}
RESULT: {}
RESULT: {"script":"<script> [776 bytes]","args":[{"enterText":"Bin-Wd","selector":{"id":"createOrganizationPop--binNoInput","searchOpenDialogs":true,"interaction":{"idSuffix":"inner"}},"clearTextFirst":true,"interactionType":"ENTER_TEXT"}]}
COMMAND: POST /session/582ce5f850a124cd0c5f6fc14f02a0d2/execute/async - {"script":"<script> [1562 bytes]","args":[{"selector":{"id":"createOrganizationPop--descriptionId","searchOpenDialogs":true,"interaction":{"idSuffix":"inner"}},"wdio_ui5_key":"createOrganizationPopdescriptionId"}]}
RESULT: {"script":"<script> [1562 bytes]","args":[{"selector":{"id":"createOrganizationPop--descriptionId","searchOpenDialogs":true,"interaction":{"idSuffix":"inner"}},"wdio_ui5_key":"createOrganizationPopdescriptionId"}]}
RESULT: undefined
COMMAND: POST /session/582ce5f850a124cd0c5f6fc14f02a0d2/execute/async - {"script":"<script> [776 bytes]","args":[{"enterText":"Shipping-Wd","selector":{"id":"createOrganizationPop--descriptionId","searchOpenDialogs":true,"interaction":{"idSuffix":"inner"}},"clearTextFirst":true,"interactionType":"ENTER_TEXT"}]}
RESULT: {"script":"<script> [776 bytes]","args":[{"enterText":"Shipping-Wd","selector":{"id":"createOrganizationPop--descriptionId","searchOpenDialogs":true,"interaction":{"idSuffix":"inner"}},"clearTextFirst":true,"interactionType":"ENTER_TEXT"}]}
COMMAND: POST /session/582ce5f850a124cd0c5f6fc14f02a0d2/execute/async - {"script":"<script> [1562 bytes]","args":[{"selector":{"controlType":"sap.m.CheckBox","viewName":"etm.portal.ui.binstatusreport.view.MasterWareBins","viewId":"application-binstatusreport-display-component---warehousing","bindingPath":{"path":"","propertyPath":"/ZONE","modelName":"newBin"},"searchOpenDialogs":true,"interaction":{"idSuffix":"CbBg"}},"wdio_ui5_key":"etmportal.ui.binstatusreport.view.MasterWareBinssap.m.CheckBox{\"path\":\"\",\"propertyPath\":\"/ZONE\",\"modelName\":\"newBin\"}"}]}
RESULT: {"script":"<script> [1562 bytes]","args":[{"selector":{"controlType":"sap.m.CheckBox","viewName":"etm.portal.ui.binstatusreport.view.MasterWareBins","viewId":"application-binstatusreport-display-component---warehousing","bindingPath":{"path":"","propertyPath":"/ZONE","modelName":"newBin"},"searchOpenDialogs":true,"interaction":{"idSuffix":"CbBg"}},"wdio_ui5_key":"etmportal.ui.binstatusreport.view.MasterWareBinssap.m.CheckBox{\"path\":\"\",\"propertyPath\":\"/ZONE\",\"modelName\":\"newBin\"}"}]}
RESULT: undefined
COMMAND: POST /session/582ce5f850a124cd0c5f6fc14f02a0d2/element - {"using":"xpath","value":"//*[@id=\"__box12\"]"}
RESULT: {"using":"xpath","value":"//*[@id=\"__box12\"]"}
COMMAND: POST /session/582ce5f850a124cd0c5f6fc14f02a0d2/element/f.92142B0E1996143B500ED3F2A7F6BA2F.d.6B459D2F4956971C18A38D02523A06A0.e.222/click - {}
RESULT: {}
COMMAND: POST /session/582ce5f850a124cd0c5f6fc14f02a0d2/execute/async - {"script":"<script> [1562 bytes]","args":[{"selector":{"id":"createOrganizationPop--binTypesCB-arrow","searchOpenDialogs":true},"wdio_ui5_key":"createOrganizationPopbinTypesCB-arrow"}]}
COMMAND: GET /session/582ce5f850a124cd0c5f6fc14f02a0d2/screenshot - {}
RESULT: {"script":"<script> [1562 bytes]","args":[{"selector":{"id":"createOrganizationPop--binTypesCB-arrow","searchOpenDialogs":true},"wdio_ui5_key":"createOrganizationPopbinTypesCB-arrow"}]}
RESULT: undefined
COMMAND: POST /session/582ce5f850a124cd0c5f6fc14f02a0d2/element - {"using":"xpath","value":"//*[@id=\"createOrganizationPop--binTypesCB-arrow\"]"}
RESULT: {}
RESULT: {"using":"xpath","value":"//*[@id=\"createOrganizationPop--binTypesCB-arrow\"]"}
COMMAND: POST /session/582ce5f850a124cd0c5f6fc14f02a0d2/element/f.92142B0E1996143B500ED3F2A7F6BA2F.d.6B459D2F4956971C18A38D02523A06A0.e.223/click - {}
RESULT: {}
COMMAND: POST /session/582ce5f850a124cd0c5f6fc14f02a0d2/execute/async - {"script":"<script> [1562 bytes]","args":[{"selector":{"id":"createOrganizationPop--binTypesCB","searchOpenDialogs":true,"interaction":{"idSuffix":"inner"}},"wdio_ui5_key":"createOrganizationPopbinTypesCB"}]}
COMMAND: GET /session/582ce5f850a124cd0c5f6fc14f02a0d2/screenshot - {}
RESULT: {"script":"<script> [1562 bytes]","args":[{"selector":{"id":"createOrganizationPop--binTypesCB","searchOpenDialogs":true,"interaction":{"idSuffix":"inner"}},"wdio_ui5_key":"createOrganizationPopbinTypesCB"}]}
RESULT: undefined
COMMAND: POST /session/582ce5f850a124cd0c5f6fc14f02a0d2/execute/async - {"script":"<script> [776 bytes]","args":[{"enterText":"1 - General / No capacity check","selector":{"id":"createOrganizationPop--binTypesCB","searchOpenDialogs":true,"interaction":{"idSuffix":"inner"}},"clearTextFirst":true,"interactionType":"ENTER_TEXT"}]}
RESULT: {}
RESULT: {"script":"<script> [776 bytes]","args":[{"enterText":"1 - General / No capacity check","selector":{"id":"createOrganizationPop--binTypesCB","searchOpenDialogs":true,"interaction":{"idSuffix":"inner"}},"clearTextFirst":true,"interactionType":"ENTER_TEXT"}]}
COMMAND: POST /session/582ce5f850a124cd0c5f6fc14f02a0d2/actions - {"actions":[{"id":"action2","type":"key","parameters":{},"actions":[{"type":"keyDown","value":"î€‡"},{"type":"pause","duration":10},{"type":"keyUp","value":"î€‡"}]}]}
RESULT: {"actions":[{"id":"action2","type":"key","parameters":{},"actions":[{"type":"keyDown","value":"î€‡"},{"type":"pause","duration":10},{"type":"keyUp","value":"î€‡"}]}]}
COMMAND: GET /session/582ce5f850a124cd0c5f6fc14f02a0d2/screenshot - {}
RESULT: {}
COMMAND: POST /session/582ce5f850a124cd0c5f6fc14f02a0d2/execute/async - {"script":"<script> [1562 bytes]","args":[{"selector":{"id":"createOrganizationPop--finishBtn","searchOpenDialogs":true,"interaction":{"idSuffix":"BDI-content"}},"wdio_ui5_key":"createOrganizationPopfinishBtn"}]}
RESULT: {"script":"<script> [1562 bytes]","args":[{"selector":{"id":"createOrganizationPop--finishBtn","searchOpenDialogs":true,"interaction":{"idSuffix":"BDI-content"}},"wdio_ui5_key":"createOrganizationPopfinishBtn"}]}
RESULT: undefined
COMMAND: POST /session/582ce5f850a124cd0c5f6fc14f02a0d2/element - {"using":"xpath","value":"//*[@id=\"createOrganizationPop--finishBtn\"]"}
RESULT: {"using":"xpath","value":"//*[@id=\"createOrganizationPop--finishBtn\"]"}
COMMAND: POST /session/582ce5f850a124cd0c5f6fc14f02a0d2/element/f.92142B0E1996143B500ED3F2A7F6BA2F.d.6B459D2F4956971C18A38D02523A06A0.e.226/click - {}
RESULT: {}
COMMAND: GET /session/582ce5f850a124cd0c5f6fc14f02a0d2/screenshot - {}
COMMAND: POST /session/582ce5f850a124cd0c5f6fc14f02a0d2/element - {"using":"css selector","value":"#j_username"}
COMMAND: POST /session/582ce5f850a124cd0c5f6fc14f02a0d2/url - {"url":"https://qa-testing-00-live-etm-ui.cfapps.eu10-004.hana.ondemand.com/"}
RESULT: {}
RESULT: {"url":"https://qa-testing-00-live-etm-ui.cfapps.eu10-004.hana.ondemand.com/"}
RESULT: undefined
RESULT: {"using":"css selector","value":"#j_username"}
COMMAND: POST /session/582ce5f850a124cd0c5f6fc14f02a0d2/element - {"using":"css selector","value":"#j_username"}
COMMAND: GET /session/582ce5f850a124cd0c5f6fc14f02a0d2/screenshot - {}
RESULT: {"using":"css selector","value":"#j_username"}
COMMAND: POST /session/582ce5f850a124cd0c5f6fc14f02a0d2/element - {"using":"css selector","value":"#shell-header-logo"}
RESULT: {}
RESULT: {"using":"css selector","value":"#shell-header-logo"}
COMMAND: POST /session/582ce5f850a124cd0c5f6fc14f02a0d2/execute/sync - {"script":"<script> [8489 bytes]","args":[{"element-6066-11e4-a52e-4f735466cecf":"f.92142B0E1996143B500ED3F2A7F6BA2F.d.1F574EB660462371D3F18CE80A6ADF8A.e.239","ELEMENT":"f.92142B0E1996143B500ED3F2A7F6BA2F.d.1F574EB660462371D3F18CE80A6ADF8A.e.239"}]}
RESULT: {"script":"<script> [8489 bytes]","args":[{"element-6066-11e4-a52e-4f735466cecf":"f.92142B0E1996143B500ED3F2A7F6BA2F.d.1F574EB660462371D3F18CE80A6ADF8A.e.239","ELEMENT":"f.92142B0E1996143B500ED3F2A7F6BA2F.d.1F574EB660462371D3F18CE80A6ADF8A.e.239"}]}
COMMAND: POST /session/582ce5f850a124cd0c5f6fc14f02a0d2/element - {"using":"css selector","value":"#shell-header-logo"}
COMMAND: GET /session/582ce5f850a124cd0c5f6fc14f02a0d2/screenshot - {}
RESULT: {"using":"css selector","value":"#shell-header-logo"}
COMMAND: POST /session/582ce5f850a124cd0c5f6fc14f02a0d2/execute/sync - {"script":"<script> [8489 bytes]","args":[{"element-6066-11e4-a52e-4f735466cecf":"f.92142B0E1996143B500ED3F2A7F6BA2F.d.1F574EB660462371D3F18CE80A6ADF8A.e.239","ELEMENT":"f.92142B0E1996143B500ED3F2A7F6BA2F.d.1F574EB660462371D3F18CE80A6ADF8A.e.239"}]}
RESULT: {}
RESULT: {"script":"<script> [8489 bytes]","args":[{"element-6066-11e4-a52e-4f735466cecf":"f.92142B0E1996143B500ED3F2A7F6BA2F.d.1F574EB660462371D3F18CE80A6ADF8A.e.239","ELEMENT":"f.92142B0E1996143B500ED3F2A7F6BA2F.d.1F574EB660462371D3F18CE80A6ADF8A.e.239"}]}
COMMAND: POST /session/582ce5f850a124cd0c5f6fc14f02a0d2/execute/sync - {"script":"<script> [5351 bytes]","args":[{"element-6066-11e4-a52e-4f735466cecf":"f.92142B0E1996143B500ED3F2A7F6BA2F.d.1F574EB660462371D3F18CE80A6ADF8A.e.239","ELEMENT":"f.92142B0E1996143B500ED3F2A7F6BA2F.d.1F574EB660462371D3F18CE80A6ADF8A.e.239"}]}
COMMAND: GET /session/582ce5f850a124cd0c5f6fc14f02a0d2/screenshot - {}
RESULT: {"script":"<script> [5351 bytes]","args":[{"element-6066-11e4-a52e-4f735466cecf":"f.92142B0E1996143B500ED3F2A7F6BA2F.d.1F574EB660462371D3F18CE80A6ADF8A.e.239","ELEMENT":"f.92142B0E1996143B500ED3F2A7F6BA2F.d.1F574EB660462371D3F18CE80A6ADF8A.e.239"}]}
COMMAND: POST /session/582ce5f850a124cd0c5f6fc14f02a0d2/element - {"using":"css selector","value":"#shell-header-logo"}
COMMAND: GET /session/582ce5f850a124cd0c5f6fc14f02a0d2/screenshot - {}
RESULT: {}
RESULT: {"using":"css selector","value":"#shell-header-logo"}
COMMAND: POST /session/582ce5f850a124cd0c5f6fc14f02a0d2/element/f.92142B0E1996143B500ED3F2A7F6BA2F.d.1F574EB660462371D3F18CE80A6ADF8A.e.239/click - {}
RESULT: {}
RESULT: {}
COMMAND: GET /session/582ce5f850a124cd0c5f6fc14f02a0d2/screenshot - {}
RESULT: {}
COMMAND: POST /session/582ce5f850a124cd0c5f6fc14f02a0d2/execute/async - {"script":"<script> [189 bytes]","args":[]}
RESULT: {"script":"<script> [189 bytes]","args":[]}
COMMAND: POST /session/582ce5f850a124cd0c5f6fc14f02a0d2/execute/async - {"script":"<script> [123 bytes]","args":[]}
RESULT: {"script":"<script> [123 bytes]","args":[]}
COMMAND: POST /session/582ce5f850a124cd0c5f6fc14f02a0d2/timeouts - {"script":"<number>"}
RESULT: {"script":"<number>"}
COMMAND: GET /session/582ce5f850a124cd0c5f6fc14f02a0d2/timeouts - {}
RESULT: {}
RESULT: undefined
COMMAND: POST /session/582ce5f850a124cd0c5f6fc14f02a0d2/execute/async - {"script":"<script> [2676 bytes]","args":[]}
RESULT: {"script":"<script> [2676 bytes]","args":[]}
COMMAND: POST /session/582ce5f850a124cd0c5f6fc14f02a0d2/execute/async - {"script":"<script> [2342 bytes]","args":[{"protocol":"http","hostname":"0.0.0.0","path":"/","capabilities":{"browserName":"chrome","goog:chromeOptions":{"binary":"C:\\Program Files\\Google\\Chrome\\Application\\chrome.exe","args":["--start-maximized"]}},"logLevel":"warn","connectionRetryTimeout":120000,"connectionRetryCount":3,"logLevels":{},"enableDirectConnect":true,"strictSSL":true,"_":"65 more keys: [\"cacheDir\",\"port\",\"requestedCapabilities\",\"automationProtocol\",\"baseUrl\",\"waitforInterval\",\"waitforTimeout\",\"onReload\",\"beforeCommand\",\"afterCommand\",\"rootDir\",\"specs\",\"suites\",\"exclude\",\"groupLogsByTestSpec\",\"excludeDriverLogs\",\"bail\",\"framework\",\"reporters\",\"services\",\"maxInstances\",\"maxInstancesPerCapability\",\"injectGlobals\",\"filesToWatch\",\"execArgv\",\"runnerEnv\",\"runner\",\"shard\",\"specFileRetries\",\"specFileRetriesDelay\",\"specFileRetriesDeferred\",\"reporterSyncInterval\",\"reporterSyncTimeout\",\"cucumberFeaturesWithLineNumbers\",\"autoCompileOpts\",\"mochaOpts\",\"jasmineOpts\",\"cucumberOpts\",\"onPrepare\",\"onWorkerStart\",\"onWorkerEnd\",\"before\",\"beforeSession\",\"beforeSuite\",\"beforeHook\",\"beforeTest\",\"afterTest\",\"afterHook\",\"afterSuite\",\"afterSession\",\"after\",\"onComplete\",\"beforeAssertion\",\"afterAssertion\",\"beforeFeature\",\"beforeScenario\",\"beforeStep\",\"afterStep\",\"afterScenario\",\"afterFeature\",\"_\",\"suite\",\"$0\",\"ignoredWorkerServices\",\"wdi5\"]"}]}
RESULT: {"script":"<script> [2342 bytes]","args":[{"protocol":"http","hostname":"0.0.0.0","path":"/","capabilities":{"browserName":"chrome","goog:chromeOptions":{"binary":"C:\\Program Files\\Google\\Chrome\\Application\\chrome.exe","args":["--start-maximized"]}},"logLevel":"warn","connectionRetryTimeout":120000,"connectionRetryCount":3,"logLevels":{},"enableDirectConnect":true,"strictSSL":true,"_":"65 more keys: [\"cacheDir\",\"port\",\"requestedCapabilities\",\"automationProtocol\",\"baseUrl\",\"waitforInterval\",\"waitforTimeout\",\"onReload\",\"beforeCommand\",\"afterCommand\",\"rootDir\",\"specs\",\"suites\",\"exclude\",\"groupLogsByTestSpec\",\"excludeDriverLogs\",\"bail\",\"framework\",\"reporters\",\"services\",\"maxInstances\",\"maxInstancesPerCapability\",\"injectGlobals\",\"filesToWatch\",\"execArgv\",\"runnerEnv\",\"runner\",\"shard\",\"specFileRetries\",\"specFileRetriesDelay\",\"specFileRetriesDeferred\",\"reporterSyncInterval\",\"reporterSyncTimeout\",\"cucumberFeaturesWithLineNumbers\",\"autoCompileOpts\",\"mochaOpts\",\"jasmineOpts\",\"cucumberOpts\",\"onPrepare\",\"onWorkerStart\",\"onWorkerEnd\",\"before\",\"beforeSession\",\"beforeSuite\",\"beforeHook\",\"beforeTest\",\"afterTest\",\"afterHook\",\"afterSuite\",\"afterSession\",\"after\",\"onComplete\",\"beforeAssertion\",\"afterAssertion\",\"beforeFeature\",\"beforeScenario\",\"beforeStep\",\"afterStep\",\"afterScenario\",\"afterFeature\",\"_\",\"suite\",\"$0\",\"ignoredWorkerServices\",\"wdi5\"]"}]}
COMMAND: POST /session/582ce5f850a124cd0c5f6fc14f02a0d2/execute/async - {"script":"<script> [21126 bytes]","args":[35000]}
RESULT: {"script":"<script> [21126 bytes]","args":[35000]}
COMMAND: POST /session/582ce5f850a124cd0c5f6fc14f02a0d2/window/maximize - {}
RESULT: {}
COMMAND: POST /session/582ce5f850a124cd0c5f6fc14f02a0d2/execute/async - {"script":"<script> [1562 bytes]","args":[{"selector":{"id":"shell-header","interaction":{"idSuffix":"icon"}},"wdio_ui5_key":"shellheader"}]}
COMMAND: GET /session/582ce5f850a124cd0c5f6fc14f02a0d2/screenshot - {}
RESULT: {"script":"<script> [1562 bytes]","args":[{"selector":{"id":"shell-header","interaction":{"idSuffix":"icon"}},"wdio_ui5_key":"shellheader"}]}
RESULT: undefined
]]></system-out>
    </testcase>
  </testsuite>
  <testsuite timestamp="2025-04-29T16:23:06" time="876.423" tests="8" failures="0" errors="0" skipped="0">
    <properties>
      <property name="specId" value="0" />
      <property name="suiteName" value="Stock increase - with WHM US125587" />
      <property name="capabilities" value="chrome.135_0_7049_96.windows" />
      <property name="file" value="file:///D:/a/1/s/test/specs/HTR/stock-increase.spec.js" />
    </properties>
    <testcase classname="chrome.135_0_7049_96.windows.Stock_increase_-_with_WHM_US125587" name="Should create a WHM yard" time="105.314">
      <system-out><![CDATA[
COMMAND: POST /session/582ce5f850a124cd0c5f6fc14f02a0d2/element - {"using":"css selector","value":"#shell-header-logo"}
RESULT: {}
RESULT: {"using":"css selector","value":"#shell-header-logo"}
COMMAND: POST /session/582ce5f850a124cd0c5f6fc14f02a0d2/element/f.92142B0E1996143B500ED3F2A7F6BA2F.d.1F574EB660462371D3F18CE80A6ADF8A.e.239/click - {}
RESULT: {}
COMMAND: GET /session/582ce5f850a124cd0c5f6fc14f02a0d2/screenshot - {}
RESULT: {}
COMMAND: POST /session/582ce5f850a124cd0c5f6fc14f02a0d2/execute/async - {"script":"<script> [1562 bytes]","args":[{"selector":{"controlType":"sap.m.GenericTile","properties":{"header":"Manage Yards"}},"wdio_ui5_key":"sapm.GenericTile{\"header\":\"Manage Yards\"}"}]}
RESULT: {"script":"<script> [1562 bytes]","args":[{"selector":{"controlType":"sap.m.GenericTile","properties":{"header":"Manage Yards"}},"wdio_ui5_key":"sapm.GenericTile{\"header\":\"Manage Yards\"}"}]}
RESULT: undefined
COMMAND: POST /session/582ce5f850a124cd0c5f6fc14f02a0d2/element - {"using":"xpath","value":"//*[@id=\"__tile41\"]"}
RESULT: {"using":"xpath","value":"//*[@id=\"__tile41\"]"}
COMMAND: POST /session/582ce5f850a124cd0c5f6fc14f02a0d2/element/f.92142B0E1996143B500ED3F2A7F6BA2F.d.1F574EB660462371D3F18CE80A6ADF8A.e.252/click - {}
RESULT: {}
COMMAND: GET /session/582ce5f850a124cd0c5f6fc14f02a0d2/screenshot - {}
RESULT: {}
COMMAND: POST /session/582ce5f850a124cd0c5f6fc14f02a0d2/execute/async - {"script":"<script> [1562 bytes]","args":[{"selector":{"controlType":"sap.ui.core.Icon","viewName":"etm.portal.ui.manageyards.view.Master","viewId":"application-manageyards-display-component---masterYard","properties":{"src":{"regex":{"source":"add"}}}},"wdio_ui5_key":"etmportal.ui.manageyards.view.Mastersap.ui.core.Icon{\"src\":{\"regex\":{\"source\":\"add\"}}}"}]}
RESULT: {"script":"<script> [1562 bytes]","args":[{"selector":{"controlType":"sap.ui.core.Icon","viewName":"etm.portal.ui.manageyards.view.Master","viewId":"application-manageyards-display-component---masterYard","properties":{"src":{"regex":{"source":"add"}}}},"wdio_ui5_key":"etmportal.ui.manageyards.view.Mastersap.ui.core.Icon{\"src\":{\"regex\":{\"source\":\"add\"}}}"}]}
RESULT: undefined
COMMAND: POST /session/582ce5f850a124cd0c5f6fc14f02a0d2/element - {"using":"xpath","value":"//*[@id=\"__button4-img\"]"}
RESULT: {"using":"xpath","value":"//*[@id=\"__button4-img\"]"}
COMMAND: POST /session/582ce5f850a124cd0c5f6fc14f02a0d2/element/f.92142B0E1996143B500ED3F2A7F6BA2F.d.1F574EB660462371D3F18CE80A6ADF8A.e.299/click - {}
RESULT: {}
COMMAND: GET /session/582ce5f850a124cd0c5f6fc14f02a0d2/screenshot - {}
RESULT: {}
COMMAND: POST /session/582ce5f850a124cd0c5f6fc14f02a0d2/execute/async - {"script":"<script> [1562 bytes]","args":[{"selector":{"id":"application-manageyards-display-component---NewYard--yardId","interaction":{"idSuffix":"inner"}},"wdio_ui5_key":"applicationmanageyards-display-component---NewYard--yardId"}]}
RESULT: {"script":"<script> [1562 bytes]","args":[{"selector":{"id":"application-manageyards-display-component---NewYard--yardId","interaction":{"idSuffix":"inner"}},"wdio_ui5_key":"applicationmanageyards-display-component---NewYard--yardId"}]}
RESULT: undefined
COMMAND: POST /session/582ce5f850a124cd0c5f6fc14f02a0d2/element - {"using":"xpath","value":"//*[@id=\"application-manageyards-display-component---NewYard--addressDetailDetailsName1-inner\"]"}
RESULT: {"using":"xpath","value":"//*[@id=\"application-manageyards-display-component---NewYard--addressDetailDetailsName1-inner\"]"}
COMMAND: POST /session/582ce5f850a124cd0c5f6fc14f02a0d2/element/f.92142B0E1996143B500ED3F2A7F6BA2F.d.1F574EB660462371D3F18CE80A6ADF8A.e.513/clear - {}
RESULT: {}
COMMAND: POST /session/582ce5f850a124cd0c5f6fc14f02a0d2/element/f.92142B0E1996143B500ED3F2A7F6BA2F.d.1F574EB660462371D3F18CE80A6ADF8A.e.513/value - {"text":"WebdriverWHMYardz1h1c"}
COMMAND: GET /session/582ce5f850a124cd0c5f6fc14f02a0d2/screenshot - {}
RESULT: {"text":"WebdriverWHMYardz1h1c"}
COMMAND: POST /session/582ce5f850a124cd0c5f6fc14f02a0d2/element - {"using":"xpath","value":"//*[@id=\"application-manageyards-display-component---NewYard--addressDetailDetailsLanguage-inner\"]"}
COMMAND: GET /session/582ce5f850a124cd0c5f6fc14f02a0d2/screenshot - {}
RESULT: {}
RESULT: {"using":"xpath","value":"//*[@id=\"application-manageyards-display-component---NewYard--addressDetailDetailsLanguage-inner\"]"}
COMMAND: POST /session/582ce5f850a124cd0c5f6fc14f02a0d2/element/f.92142B0E1996143B500ED3F2A7F6BA2F.d.1F574EB660462371D3F18CE80A6ADF8A.e.514/clear - {}
RESULT: {}
RESULT: {}
COMMAND: POST /session/582ce5f850a124cd0c5f6fc14f02a0d2/element/f.92142B0E1996143B500ED3F2A7F6BA2F.d.1F574EB660462371D3F18CE80A6ADF8A.e.514/value - {"text":"Romanian"}
COMMAND: GET /session/582ce5f850a124cd0c5f6fc14f02a0d2/screenshot - {}
RESULT: {"text":"Romanian"}
COMMAND: GET /session/582ce5f850a124cd0c5f6fc14f02a0d2/screenshot - {}
RESULT: {}
RESULT: {}
COMMAND: POST /session/582ce5f850a124cd0c5f6fc14f02a0d2/element - {"using":"xpath","value":"//*[@id=\"application-manageyards-display-component---NewYard--addressDetailDetailsCity1-inner\"]"}
RESULT: {"using":"xpath","value":"//*[@id=\"application-manageyards-display-component---NewYard--addressDetailDetailsCity1-inner\"]"}
COMMAND: POST /session/582ce5f850a124cd0c5f6fc14f02a0d2/element/f.92142B0E1996143B500ED3F2A7F6BA2F.d.1F574EB660462371D3F18CE80A6ADF8A.e.516/clear - {}
RESULT: {}
COMMAND: POST /session/582ce5f850a124cd0c5f6fc14f02a0d2/element/f.92142B0E1996143B500ED3F2A7F6BA2F.d.1F574EB660462371D3F18CE80A6ADF8A.e.516/value - {"text":"Bucuresti"}
COMMAND: GET /session/582ce5f850a124cd0c5f6fc14f02a0d2/screenshot - {}
RESULT: {"text":"Bucuresti"}
COMMAND: GET /session/582ce5f850a124cd0c5f6fc14f02a0d2/screenshot - {}
RESULT: {}
RESULT: {}
COMMAND: POST /session/582ce5f850a124cd0c5f6fc14f02a0d2/element - {"using":"xpath","value":"//*[@id=\"application-manageyards-display-component---NewYard--addressDetailDetailsCountry-inner\"]"}
RESULT: {"using":"xpath","value":"//*[@id=\"application-manageyards-display-component---NewYard--addressDetailDetailsCountry-inner\"]"}
COMMAND: POST /session/582ce5f850a124cd0c5f6fc14f02a0d2/element/f.92142B0E1996143B500ED3F2A7F6BA2F.d.1F574EB660462371D3F18CE80A6ADF8A.e.520/clear - {}
RESULT: {}
COMMAND: POST /session/582ce5f850a124cd0c5f6fc14f02a0d2/element/f.92142B0E1996143B500ED3F2A7F6BA2F.d.1F574EB660462371D3F18CE80A6ADF8A.e.520/value - {"text":"Romania"}
COMMAND: GET /session/582ce5f850a124cd0c5f6fc14f02a0d2/screenshot - {}
RESULT: {"text":"Romania"}
COMMAND: GET /session/582ce5f850a124cd0c5f6fc14f02a0d2/screenshot - {}
RESULT: {}
RESULT: {}
COMMAND: POST /session/582ce5f850a124cd0c5f6fc14f02a0d2/execute/async - {"script":"<script> [1562 bytes]","args":[{"selector":{"controlType":"sap.m.Button","viewName":"etm.portal.ui.manageyards.view.New","viewId":"application-manageyards-display-component---NewYard","properties":{"text":"Commercial"},"interaction":{"idSuffix":"BDI-content"}},"wdio_ui5_key":"etmportal.ui.manageyards.view.Newsap.m.Button{\"text\":\"Commercial\"}"}]}
RESULT: {"script":"<script> [1562 bytes]","args":[{"selector":{"controlType":"sap.m.Button","viewName":"etm.portal.ui.manageyards.view.New","viewId":"application-manageyards-display-component---NewYard","properties":{"text":"Commercial"},"interaction":{"idSuffix":"BDI-content"}},"wdio_ui5_key":"etmportal.ui.manageyards.view.Newsap.m.Button{\"text\":\"Commercial\"}"}]}
RESULT: undefined
COMMAND: POST /session/582ce5f850a124cd0c5f6fc14f02a0d2/element - {"using":"xpath","value":"//*[@id=\"application-manageyards-display-component---NewYard--ObjectPageLayout-anchBar-__section5-anchor\"]"}
RESULT: {"using":"xpath","value":"//*[@id=\"application-manageyards-display-component---NewYard--ObjectPageLayout-anchBar-__section5-anchor\"]"}
COMMAND: POST /session/582ce5f850a124cd0c5f6fc14f02a0d2/element/f.92142B0E1996143B500ED3F2A7F6BA2F.d.1F574EB660462371D3F18CE80A6ADF8A.e.710/click - {}
RESULT: {}
COMMAND: GET /session/582ce5f850a124cd0c5f6fc14f02a0d2/screenshot - {}
RESULT: {}
COMMAND: POST /session/582ce5f850a124cd0c5f6fc14f02a0d2/element - {"using":"xpath","value":"//input[@id='application-manageyards-display-component---NewYard--addressEditDetailsCostObjectCstType-inner']"}
RESULT: {"using":"xpath","value":"//input[@id='application-manageyards-display-component---NewYard--addressEditDetailsCostObjectCstType-inner']"}
COMMAND: POST /session/582ce5f850a124cd0c5f6fc14f02a0d2/execute/sync - {"script":"<script> [8489 bytes]","args":[{"element-6066-11e4-a52e-4f735466cecf":"f.92142B0E1996143B500ED3F2A7F6BA2F.d.1F574EB660462371D3F18CE80A6ADF8A.e.526","ELEMENT":"f.92142B0E1996143B500ED3F2A7F6BA2F.d.1F574EB660462371D3F18CE80A6ADF8A.e.526"}]}
RESULT: {"script":"<script> [8489 bytes]","args":[{"element-6066-11e4-a52e-4f735466cecf":"f.92142B0E1996143B500ED3F2A7F6BA2F.d.1F574EB660462371D3F18CE80A6ADF8A.e.526","ELEMENT":"f.92142B0E1996143B500ED3F2A7F6BA2F.d.1F574EB660462371D3F18CE80A6ADF8A.e.526"}]}
COMMAND: POST /session/582ce5f850a124cd0c5f6fc14f02a0d2/element/f.92142B0E1996143B500ED3F2A7F6BA2F.d.1F574EB660462371D3F18CE80A6ADF8A.e.526/clear - {}
COMMAND: GET /session/582ce5f850a124cd0c5f6fc14f02a0d2/screenshot - {}
RESULT: {}
COMMAND: POST /session/582ce5f850a124cd0c5f6fc14f02a0d2/element/f.92142B0E1996143B500ED3F2A7F6BA2F.d.1F574EB660462371D3F18CE80A6ADF8A.e.526/value - {"text":"Cost"}
COMMAND: GET /session/582ce5f850a124cd0c5f6fc14f02a0d2/screenshot - {}
RESULT: {}
RESULT: {"text":"Cost"}
COMMAND: GET /session/582ce5f850a124cd0c5f6fc14f02a0d2/screenshot - {}
RESULT: {}
RESULT: {}
COMMAND: POST /session/582ce5f850a124cd0c5f6fc14f02a0d2/execute/async - {"script":"<script> [1562 bytes]","args":[{"selector":{"id":"application-manageyards-display-component---NewYard--addressNewCostObjectCstID","interaction":{"idSuffix":"inner"}},"wdio_ui5_key":"applicationmanageyards-display-component---NewYard--addressNewCostObjectCstID"}]}
RESULT: {"script":"<script> [1562 bytes]","args":[{"selector":{"id":"application-manageyards-display-component---NewYard--addressNewCostObjectCstID","interaction":{"idSuffix":"inner"}},"wdio_ui5_key":"applicationmanageyards-display-component---NewYard--addressNewCostObjectCstID"}]}
RESULT: undefined
COMMAND: POST /session/582ce5f850a124cd0c5f6fc14f02a0d2/execute/async - {"script":"<script> [776 bytes]","args":[{"enterText":"10001013","selector":{"id":"application-manageyards-display-component---NewYard--addressNewCostObjectCstID","interaction":{"idSuffix":"inner"}},"clearTextFirst":true,"interactionType":"ENTER_TEXT"}]}
RESULT: {"script":"<script> [776 bytes]","args":[{"enterText":"10001013","selector":{"id":"application-manageyards-display-component---NewYard--addressNewCostObjectCstID","interaction":{"idSuffix":"inner"}},"clearTextFirst":true,"interactionType":"ENTER_TEXT"}]}
COMMAND: POST /session/582ce5f850a124cd0c5f6fc14f02a0d2/actions - {"actions":[{"id":"action3","type":"key","parameters":{},"actions":[{"type":"keyDown","value":"î€‡"},{"type":"pause","duration":10},{"type":"keyUp","value":"î€‡"}]}]}
RESULT: {"actions":[{"id":"action3","type":"key","parameters":{},"actions":[{"type":"keyDown","value":"î€‡"},{"type":"pause","duration":10},{"type":"keyUp","value":"î€‡"}]}]}
COMMAND: POST /session/582ce5f850a124cd0c5f6fc14f02a0d2/execute/async - {"script":"<script> [1562 bytes]","args":[{"selector":{"id":"application-manageyards-display-component---NewYard--addressEditDetailsCurrency","interaction":{"idSuffix":"inner"}},"wdio_ui5_key":"applicationmanageyards-display-component---NewYard--addressEditDetailsCurrency"}]}
COMMAND: GET /session/582ce5f850a124cd0c5f6fc14f02a0d2/screenshot - {}
RESULT: {"script":"<script> [1562 bytes]","args":[{"selector":{"id":"application-manageyards-display-component---NewYard--addressEditDetailsCurrency","interaction":{"idSuffix":"inner"}},"wdio_ui5_key":"applicationmanageyards-display-component---NewYard--addressEditDetailsCurrency"}]}
RESULT: undefined
COMMAND: POST /session/582ce5f850a124cd0c5f6fc14f02a0d2/execute/async - {"script":"<script> [776 bytes]","args":[{"enterText":"Euro","selector":{"id":"application-manageyards-display-component---NewYard--addressEditDetailsCurrency","interaction":{"idSuffix":"inner"}},"clearTextFirst":true,"interactionType":"ENTER_TEXT"}]}
RESULT: {}
RESULT: {"script":"<script> [776 bytes]","args":[{"enterText":"Euro","selector":{"id":"application-manageyards-display-component---NewYard--addressEditDetailsCurrency","interaction":{"idSuffix":"inner"}},"clearTextFirst":true,"interactionType":"ENTER_TEXT"}]}
COMMAND: POST /session/582ce5f850a124cd0c5f6fc14f02a0d2/execute/async - {"script":"<script> [1562 bytes]","args":[{"selector":{"controlType":"sap.m.Input","viewName":"etm.portal.ui.manageyards.view.New","viewId":"application-manageyards-display-component---NewYard","bindingPath":{"path":"","propertyPath":"/CONTROLLING_AREA","modelName":"NewYardModel"},"interaction":{"idSuffix":"inner"}},"wdio_ui5_key":"etmportal.ui.manageyards.view.Newsap.m.Input{\"path\":\"\",\"propertyPath\":\"/CONTROLLING_AREA\",\"modelName\":\"NewYardModel\"}"}]}
RESULT: {"script":"<script> [1562 bytes]","args":[{"selector":{"controlType":"sap.m.Input","viewName":"etm.portal.ui.manageyards.view.New","viewId":"application-manageyards-display-component---NewYard","bindingPath":{"path":"","propertyPath":"/CONTROLLING_AREA","modelName":"NewYardModel"},"interaction":{"idSuffix":"inner"}},"wdio_ui5_key":"etmportal.ui.manageyards.view.Newsap.m.Input{\"path\":\"\",\"propertyPath\":\"/CONTROLLING_AREA\",\"modelName\":\"NewYardModel\"}"}]}
RESULT: undefined
COMMAND: POST /session/582ce5f850a124cd0c5f6fc14f02a0d2/execute/async - {"script":"<script> [776 bytes]","args":[{"enterText":"Z001","selector":{"controlType":"sap.m.Input","viewName":"etm.portal.ui.manageyards.view.New","viewId":"application-manageyards-display-component---NewYard","bindingPath":{"path":"","propertyPath":"/CONTROLLING_AREA","modelName":"NewYardModel"},"interaction":{"idSuffix":"inner"}},"clearTextFirst":true,"interactionType":"ENTER_TEXT"}]}
RESULT: {"script":"<script> [776 bytes]","args":[{"enterText":"Z001","selector":{"controlType":"sap.m.Input","viewName":"etm.portal.ui.manageyards.view.New","viewId":"application-manageyards-display-component---NewYard","bindingPath":{"path":"","propertyPath":"/CONTROLLING_AREA","modelName":"NewYardModel"},"interaction":{"idSuffix":"inner"}},"clearTextFirst":true,"interactionType":"ENTER_TEXT"}]}
COMMAND: POST /session/582ce5f850a124cd0c5f6fc14f02a0d2/execute/async - {"script":"<script> [1562 bytes]","args":[{"selector":{"id":"application-manageyards-display-component---NewYard--companyCodeComboBox","interaction":{"idSuffix":"inner"}},"wdio_ui5_key":"applicationmanageyards-display-component---NewYard--companyCodeComboBox"}]}
RESULT: {"script":"<script> [1562 bytes]","args":[{"selector":{"id":"application-manageyards-display-component---NewYard--companyCodeComboBox","interaction":{"idSuffix":"inner"}},"wdio_ui5_key":"applicationmanageyards-display-component---NewYard--companyCodeComboBox"}]}
RESULT: undefined
COMMAND: POST /session/582ce5f850a124cd0c5f6fc14f02a0d2/execute/async - {"script":"<script> [776 bytes]","args":[{"enterText":"1000","selector":{"id":"application-manageyards-display-component---NewYard--companyCodeComboBox","interaction":{"idSuffix":"inner"}},"clearTextFirst":true,"interactionType":"ENTER_TEXT"}]}
RESULT: {"script":"<script> [776 bytes]","args":[{"enterText":"1000","selector":{"id":"application-manageyards-display-component---NewYard--companyCodeComboBox","interaction":{"idSuffix":"inner"}},"clearTextFirst":true,"interactionType":"ENTER_TEXT"}]}
COMMAND: POST /session/582ce5f850a124cd0c5f6fc14f02a0d2/actions - {"actions":[{"id":"action4","type":"key","parameters":{},"actions":[{"type":"keyDown","value":"î€‡"},{"type":"pause","duration":10},{"type":"keyUp","value":"î€‡"}]}]}
RESULT: {"actions":[{"id":"action4","type":"key","parameters":{},"actions":[{"type":"keyDown","value":"î€‡"},{"type":"pause","duration":10},{"type":"keyUp","value":"î€‡"}]}]}
COMMAND: POST /session/582ce5f850a124cd0c5f6fc14f02a0d2/execute/async - {"script":"<script> [1562 bytes]","args":[{"selector":{"controlType":"sap.m.Input","viewName":"etm.portal.ui.manageyards.view.New","viewId":"application-manageyards-display-component---NewYard","bindingPath":{"path":"","propertyPath":"/PLANT","modelName":"NewYardModel"},"interaction":{"idSuffix":"inner"}},"wdio_ui5_key":"etmportal.ui.manageyards.view.Newsap.m.Input{\"path\":\"\",\"propertyPath\":\"/PLANT\",\"modelName\":\"NewYardModel\"}"}]}
COMMAND: GET /session/582ce5f850a124cd0c5f6fc14f02a0d2/screenshot - {}
RESULT: {"script":"<script> [1562 bytes]","args":[{"selector":{"controlType":"sap.m.Input","viewName":"etm.portal.ui.manageyards.view.New","viewId":"application-manageyards-display-component---NewYard","bindingPath":{"path":"","propertyPath":"/PLANT","modelName":"NewYardModel"},"interaction":{"idSuffix":"inner"}},"wdio_ui5_key":"etmportal.ui.manageyards.view.Newsap.m.Input{\"path\":\"\",\"propertyPath\":\"/PLANT\",\"modelName\":\"NewYardModel\"}"}]}
RESULT: undefined
COMMAND: POST /session/582ce5f850a124cd0c5f6fc14f02a0d2/execute/async - {"script":"<script> [776 bytes]","args":[{"enterText":"1001","selector":{"controlType":"sap.m.Input","viewName":"etm.portal.ui.manageyards.view.New","viewId":"application-manageyards-display-component---NewYard","bindingPath":{"path":"","propertyPath":"/PLANT","modelName":"NewYardModel"},"interaction":{"idSuffix":"inner"}},"clearTextFirst":true,"interactionType":"ENTER_TEXT"}]}
RESULT: {}
RESULT: {"script":"<script> [776 bytes]","args":[{"enterText":"1001","selector":{"controlType":"sap.m.Input","viewName":"etm.portal.ui.manageyards.view.New","viewId":"application-manageyards-display-component---NewYard","bindingPath":{"path":"","propertyPath":"/PLANT","modelName":"NewYardModel"},"interaction":{"idSuffix":"inner"}},"clearTextFirst":true,"interactionType":"ENTER_TEXT"}]}
COMMAND: POST /session/582ce5f850a124cd0c5f6fc14f02a0d2/execute/async - {"script":"<script> [1562 bytes]","args":[{"selector":{"controlType":"sap.m.Input","viewName":"etm.portal.ui.manageyards.view.New","viewId":"application-manageyards-display-component---NewYard","bindingPath":{"path":"","propertyPath":"/SALES_AREA_VKORG","modelName":"NewYardModel"},"interaction":{"idSuffix":"inner"}},"wdio_ui5_key":"etmportal.ui.manageyards.view.Newsap.m.Input{\"path\":\"\",\"propertyPath\":\"/SALES_AREA_VKORG\",\"modelName\":\"NewYardModel\"}"}]}
RESULT: {"script":"<script> [1562 bytes]","args":[{"selector":{"controlType":"sap.m.Input","viewName":"etm.portal.ui.manageyards.view.New","viewId":"application-manageyards-display-component---NewYard","bindingPath":{"path":"","propertyPath":"/SALES_AREA_VKORG","modelName":"NewYardModel"},"interaction":{"idSuffix":"inner"}},"wdio_ui5_key":"etmportal.ui.manageyards.view.Newsap.m.Input{\"path\":\"\",\"propertyPath\":\"/SALES_AREA_VKORG\",\"modelName\":\"NewYardModel\"}"}]}
RESULT: undefined
COMMAND: POST /session/582ce5f850a124cd0c5f6fc14f02a0d2/execute/async - {"script":"<script> [776 bytes]","args":[{"enterText":"C002","selector":{"controlType":"sap.m.Input","viewName":"etm.portal.ui.manageyards.view.New","viewId":"application-manageyards-display-component---NewYard","bindingPath":{"path":"","propertyPath":"/SALES_AREA_VKORG","modelName":"NewYardModel"},"interaction":{"idSuffix":"inner"}},"clearTextFirst":true,"interactionType":"ENTER_TEXT"}]}
RESULT: {"script":"<script> [776 bytes]","args":[{"enterText":"C002","selector":{"controlType":"sap.m.Input","viewName":"etm.portal.ui.manageyards.view.New","viewId":"application-manageyards-display-component---NewYard","bindingPath":{"path":"","propertyPath":"/SALES_AREA_VKORG","modelName":"NewYardModel"},"interaction":{"idSuffix":"inner"}},"clearTextFirst":true,"interactionType":"ENTER_TEXT"}]}
COMMAND: POST /session/582ce5f850a124cd0c5f6fc14f02a0d2/execute/async - {"script":"<script> [1562 bytes]","args":[{"selector":{"controlType":"sap.m.Input","viewName":"etm.portal.ui.manageyards.view.New","viewId":"application-manageyards-display-component---NewYard","bindingPath":{"path":"","propertyPath":"/SALES_AREA_VTWEG","modelName":"NewYardModel"},"interaction":{"idSuffix":"inner"}},"wdio_ui5_key":"etmportal.ui.manageyards.view.Newsap.m.Input{\"path\":\"\",\"propertyPath\":\"/SALES_AREA_VTWEG\",\"modelName\":\"NewYardModel\"}"}]}
RESULT: {"script":"<script> [1562 bytes]","args":[{"selector":{"controlType":"sap.m.Input","viewName":"etm.portal.ui.manageyards.view.New","viewId":"application-manageyards-display-component---NewYard","bindingPath":{"path":"","propertyPath":"/SALES_AREA_VTWEG","modelName":"NewYardModel"},"interaction":{"idSuffix":"inner"}},"wdio_ui5_key":"etmportal.ui.manageyards.view.Newsap.m.Input{\"path\":\"\",\"propertyPath\":\"/SALES_AREA_VTWEG\",\"modelName\":\"NewYardModel\"}"}]}
RESULT: undefined
COMMAND: POST /session/582ce5f850a124cd0c5f6fc14f02a0d2/execute/async - {"script":"<script> [776 bytes]","args":[{"enterText":"C2","selector":{"controlType":"sap.m.Input","viewName":"etm.portal.ui.manageyards.view.New","viewId":"application-manageyards-display-component---NewYard","bindingPath":{"path":"","propertyPath":"/SALES_AREA_VTWEG","modelName":"NewYardModel"},"interaction":{"idSuffix":"inner"}},"clearTextFirst":true,"interactionType":"ENTER_TEXT"}]}
RESULT: {"script":"<script> [776 bytes]","args":[{"enterText":"C2","selector":{"controlType":"sap.m.Input","viewName":"etm.portal.ui.manageyards.view.New","viewId":"application-manageyards-display-component---NewYard","bindingPath":{"path":"","propertyPath":"/SALES_AREA_VTWEG","modelName":"NewYardModel"},"interaction":{"idSuffix":"inner"}},"clearTextFirst":true,"interactionType":"ENTER_TEXT"}]}
COMMAND: POST /session/582ce5f850a124cd0c5f6fc14f02a0d2/execute/async - {"script":"<script> [1562 bytes]","args":[{"selector":{"controlType":"sap.m.Input","viewName":"etm.portal.ui.manageyards.view.New","viewId":"application-manageyards-display-component---NewYard","bindingPath":{"path":"","propertyPath":"/SALES_AREA_SPART","modelName":"NewYardModel"},"interaction":{"idSuffix":"inner"}},"wdio_ui5_key":"etmportal.ui.manageyards.view.Newsap.m.Input{\"path\":\"\",\"propertyPath\":\"/SALES_AREA_SPART\",\"modelName\":\"NewYardModel\"}"}]}
RESULT: {"script":"<script> [1562 bytes]","args":[{"selector":{"controlType":"sap.m.Input","viewName":"etm.portal.ui.manageyards.view.New","viewId":"application-manageyards-display-component---NewYard","bindingPath":{"path":"","propertyPath":"/SALES_AREA_SPART","modelName":"NewYardModel"},"interaction":{"idSuffix":"inner"}},"wdio_ui5_key":"etmportal.ui.manageyards.view.Newsap.m.Input{\"path\":\"\",\"propertyPath\":\"/SALES_AREA_SPART\",\"modelName\":\"NewYardModel\"}"}]}
RESULT: undefined
COMMAND: POST /session/582ce5f850a124cd0c5f6fc14f02a0d2/execute/async - {"script":"<script> [776 bytes]","args":[{"enterText":"C2","selector":{"controlType":"sap.m.Input","viewName":"etm.portal.ui.manageyards.view.New","viewId":"application-manageyards-display-component---NewYard","bindingPath":{"path":"","propertyPath":"/SALES_AREA_SPART","modelName":"NewYardModel"},"interaction":{"idSuffix":"inner"}},"clearTextFirst":true,"interactionType":"ENTER_TEXT"}]}
RESULT: {"script":"<script> [776 bytes]","args":[{"enterText":"C2","selector":{"controlType":"sap.m.Input","viewName":"etm.portal.ui.manageyards.view.New","viewId":"application-manageyards-display-component---NewYard","bindingPath":{"path":"","propertyPath":"/SALES_AREA_SPART","modelName":"NewYardModel"},"interaction":{"idSuffix":"inner"}},"clearTextFirst":true,"interactionType":"ENTER_TEXT"}]}
COMMAND: POST /session/582ce5f850a124cd0c5f6fc14f02a0d2/execute/async - {"script":"<script> [1562 bytes]","args":[{"selector":{"id":"application-manageyards-display-component---NewYard--whmCheckBox","interaction":{"idSuffix":"CbBg"}},"wdio_ui5_key":"applicationmanageyards-display-component---NewYard--whmCheckBox"}]}
RESULT: {"script":"<script> [1562 bytes]","args":[{"selector":{"id":"application-manageyards-display-component---NewYard--whmCheckBox","interaction":{"idSuffix":"CbBg"}},"wdio_ui5_key":"applicationmanageyards-display-component---NewYard--whmCheckBox"}]}
RESULT: undefined
COMMAND: POST /session/582ce5f850a124cd0c5f6fc14f02a0d2/element - {"using":"xpath","value":"//*[@id=\"application-manageyards-display-component---NewYard--whmCheckBox\"]"}
RESULT: {"using":"xpath","value":"//*[@id=\"application-manageyards-display-component---NewYard--whmCheckBox\"]"}
COMMAND: POST /session/582ce5f850a124cd0c5f6fc14f02a0d2/element/f.92142B0E1996143B500ED3F2A7F6BA2F.d.1F574EB660462371D3F18CE80A6ADF8A.e.733/click - {}
RESULT: {}
COMMAND: POST /session/582ce5f850a124cd0c5f6fc14f02a0d2/execute/async - {"script":"<script> [1562 bytes]","args":[{"selector":{"controlType":"sap.m.Button","viewName":"etm.portal.ui.manageyards.view.New","viewId":"application-manageyards-display-component---NewYard","i18NText":{"propertyName":"text","key":"save"},"interaction":{"idSuffix":"inner"}},"wdio_ui5_key":"etmportal.ui.manageyards.view.Newsap.m.Button{\"propertyName\":\"text\",\"key\":\"save\"}"}]}
COMMAND: GET /session/582ce5f850a124cd0c5f6fc14f02a0d2/screenshot - {}
RESULT: {"script":"<script> [1562 bytes]","args":[{"selector":{"controlType":"sap.m.Button","viewName":"etm.portal.ui.manageyards.view.New","viewId":"application-manageyards-display-component---NewYard","i18NText":{"propertyName":"text","key":"save"},"interaction":{"idSuffix":"inner"}},"wdio_ui5_key":"etmportal.ui.manageyards.view.Newsap.m.Button{\"propertyName\":\"text\",\"key\":\"save\"}"}]}
RESULT: undefined
COMMAND: POST /session/582ce5f850a124cd0c5f6fc14f02a0d2/element - {"using":"xpath","value":"//*[@id=\"__button18\"]"}
RESULT: {}
RESULT: {"using":"xpath","value":"//*[@id=\"__button18\"]"}
COMMAND: POST /session/582ce5f850a124cd0c5f6fc14f02a0d2/element/f.92142B0E1996143B500ED3F2A7F6BA2F.d.1F574EB660462371D3F18CE80A6ADF8A.e.697/click - {}
RESULT: {}
COMMAND: GET /session/582ce5f850a124cd0c5f6fc14f02a0d2/screenshot - {}
RESULT: {}
COMMAND: POST /session/582ce5f850a124cd0c5f6fc14f02a0d2/element - {"using":"xpath","value":"//header/div/div/div/div/div/div[2]/div/span"}
RESULT: {"using":"xpath","value":"//header/div/div/div/div/div/div[2]/div/span"}
COMMAND: GET /session/582ce5f850a124cd0c5f6fc14f02a0d2/element/f.92142B0E1996143B500ED3F2A7F6BA2F.d.1F574EB660462371D3F18CE80A6ADF8A.e.930/text - {}
RESULT: {}
COMMAND: POST /session/582ce5f850a124cd0c5f6fc14f02a0d2/element - {"using":"xpath","value":"//header/div/div[2]/div[2]/span"}
RESULT: {"using":"xpath","value":"//header/div/div[2]/div[2]/span"}
COMMAND: GET /session/582ce5f850a124cd0c5f6fc14f02a0d2/element/f.92142B0E1996143B500ED3F2A7F6BA2F.d.1F574EB660462371D3F18CE80A6ADF8A.e.931/text - {}
RESULT: {}
]]></system-out>
    </testcase>
    <testcase classname="chrome.135_0_7049_96.windows.Stock_increase_-_with_WHM_US125587" name="Should create new whm partner" time="116.558">
      <system-out><![CDATA[
COMMAND: POST /session/582ce5f850a124cd0c5f6fc14f02a0d2/element - {"using":"css selector","value":"#shell-header-logo"}
RESULT: {"using":"css selector","value":"#shell-header-logo"}
COMMAND: POST /session/582ce5f850a124cd0c5f6fc14f02a0d2/element/f.92142B0E1996143B500ED3F2A7F6BA2F.d.1F574EB660462371D3F18CE80A6ADF8A.e.239/click - {}
RESULT: {}
COMMAND: GET /session/582ce5f850a124cd0c5f6fc14f02a0d2/screenshot - {}
RESULT: {}
COMMAND: POST /session/582ce5f850a124cd0c5f6fc14f02a0d2/execute/async - {"script":"<script> [1562 bytes]","args":[{"selector":{"controlType":"sap.m.GenericTile","properties":{"header":"Manage Partners"}},"wdio_ui5_key":"sapm.GenericTile{\"header\":\"Manage Partners\"}"}]}
RESULT: {"script":"<script> [1562 bytes]","args":[{"selector":{"controlType":"sap.m.GenericTile","properties":{"header":"Manage Partners"}},"wdio_ui5_key":"sapm.GenericTile{\"header\":\"Manage Partners\"}"}]}
RESULT: undefined
COMMAND: POST /session/582ce5f850a124cd0c5f6fc14f02a0d2/element - {"using":"xpath","value":"//*[@id=\"__tile38\"]"}
RESULT: {"using":"xpath","value":"//*[@id=\"__tile38\"]"}
COMMAND: POST /session/582ce5f850a124cd0c5f6fc14f02a0d2/element/f.92142B0E1996143B500ED3F2A7F6BA2F.d.1F574EB660462371D3F18CE80A6ADF8A.e.933/click - {}
RESULT: {}
COMMAND: GET /session/582ce5f850a124cd0c5f6fc14f02a0d2/screenshot - {}
RESULT: {}
COMMAND: POST /session/582ce5f850a124cd0c5f6fc14f02a0d2/refresh - {}
RESULT: {}
COMMAND: GET /session/582ce5f850a124cd0c5f6fc14f02a0d2/screenshot - {}
RESULT: {}
COMMAND: POST /session/582ce5f850a124cd0c5f6fc14f02a0d2/refresh - {}
RESULT: {}
COMMAND: GET /session/582ce5f850a124cd0c5f6fc14f02a0d2/screenshot - {}
RESULT: {}
COMMAND: POST /session/582ce5f850a124cd0c5f6fc14f02a0d2/window/fullscreen - {}
RESULT: {}
COMMAND: POST /session/582ce5f850a124cd0c5f6fc14f02a0d2/execute/async - {"script":"<script> [189 bytes]","args":[]}
RESULT: {"script":"<script> [189 bytes]","args":[]}
COMMAND: POST /session/582ce5f850a124cd0c5f6fc14f02a0d2/execute/async - {"script":"<script> [123 bytes]","args":[]}
RESULT: {"script":"<script> [123 bytes]","args":[]}
COMMAND: POST /session/582ce5f850a124cd0c5f6fc14f02a0d2/timeouts - {"script":"<number>"}
RESULT: {"script":"<number>"}
COMMAND: GET /session/582ce5f850a124cd0c5f6fc14f02a0d2/timeouts - {}
RESULT: {}
RESULT: undefined
COMMAND: POST /session/582ce5f850a124cd0c5f6fc14f02a0d2/execute/async - {"script":"<script> [2676 bytes]","args":[]}
RESULT: {"script":"<script> [2676 bytes]","args":[]}
COMMAND: POST /session/582ce5f850a124cd0c5f6fc14f02a0d2/execute/async - {"script":"<script> [2342 bytes]","args":[{"protocol":"http","hostname":"0.0.0.0","path":"/","capabilities":{"browserName":"chrome","goog:chromeOptions":{"binary":"C:\\Program Files\\Google\\Chrome\\Application\\chrome.exe","args":["--start-maximized"]}},"logLevel":"warn","connectionRetryTimeout":120000,"connectionRetryCount":3,"logLevels":{},"enableDirectConnect":true,"strictSSL":true,"_":"65 more keys: [\"cacheDir\",\"port\",\"requestedCapabilities\",\"automationProtocol\",\"baseUrl\",\"waitforInterval\",\"waitforTimeout\",\"onReload\",\"beforeCommand\",\"afterCommand\",\"rootDir\",\"specs\",\"suites\",\"exclude\",\"groupLogsByTestSpec\",\"excludeDriverLogs\",\"bail\",\"framework\",\"reporters\",\"services\",\"maxInstances\",\"maxInstancesPerCapability\",\"injectGlobals\",\"filesToWatch\",\"execArgv\",\"runnerEnv\",\"runner\",\"shard\",\"specFileRetries\",\"specFileRetriesDelay\",\"specFileRetriesDeferred\",\"reporterSyncInterval\",\"reporterSyncTimeout\",\"cucumberFeaturesWithLineNumbers\",\"autoCompileOpts\",\"mochaOpts\",\"jasmineOpts\",\"cucumberOpts\",\"onPrepare\",\"onWorkerStart\",\"onWorkerEnd\",\"before\",\"beforeSession\",\"beforeSuite\",\"beforeHook\",\"beforeTest\",\"afterTest\",\"afterHook\",\"afterSuite\",\"afterSession\",\"after\",\"onComplete\",\"beforeAssertion\",\"afterAssertion\",\"beforeFeature\",\"beforeScenario\",\"beforeStep\",\"afterStep\",\"afterScenario\",\"afterFeature\",\"_\",\"suite\",\"$0\",\"ignoredWorkerServices\",\"wdi5\"]"}]}
RESULT: {"script":"<script> [2342 bytes]","args":[{"protocol":"http","hostname":"0.0.0.0","path":"/","capabilities":{"browserName":"chrome","goog:chromeOptions":{"binary":"C:\\Program Files\\Google\\Chrome\\Application\\chrome.exe","args":["--start-maximized"]}},"logLevel":"warn","connectionRetryTimeout":120000,"connectionRetryCount":3,"logLevels":{},"enableDirectConnect":true,"strictSSL":true,"_":"65 more keys: [\"cacheDir\",\"port\",\"requestedCapabilities\",\"automationProtocol\",\"baseUrl\",\"waitforInterval\",\"waitforTimeout\",\"onReload\",\"beforeCommand\",\"afterCommand\",\"rootDir\",\"specs\",\"suites\",\"exclude\",\"groupLogsByTestSpec\",\"excludeDriverLogs\",\"bail\",\"framework\",\"reporters\",\"services\",\"maxInstances\",\"maxInstancesPerCapability\",\"injectGlobals\",\"filesToWatch\",\"execArgv\",\"runnerEnv\",\"runner\",\"shard\",\"specFileRetries\",\"specFileRetriesDelay\",\"specFileRetriesDeferred\",\"reporterSyncInterval\",\"reporterSyncTimeout\",\"cucumberFeaturesWithLineNumbers\",\"autoCompileOpts\",\"mochaOpts\",\"jasmineOpts\",\"cucumberOpts\",\"onPrepare\",\"onWorkerStart\",\"onWorkerEnd\",\"before\",\"beforeSession\",\"beforeSuite\",\"beforeHook\",\"beforeTest\",\"afterTest\",\"afterHook\",\"afterSuite\",\"afterSession\",\"after\",\"onComplete\",\"beforeAssertion\",\"afterAssertion\",\"beforeFeature\",\"beforeScenario\",\"beforeStep\",\"afterStep\",\"afterScenario\",\"afterFeature\",\"_\",\"suite\",\"$0\",\"ignoredWorkerServices\",\"wdi5\"]"}]}
COMMAND: POST /session/582ce5f850a124cd0c5f6fc14f02a0d2/execute/async - {"script":"<script> [21126 bytes]","args":[35000]}
RESULT: {"script":"<script> [21126 bytes]","args":[35000]}
COMMAND: POST /session/582ce5f850a124cd0c5f6fc14f02a0d2/execute/async - {"script":"<script> [1562 bytes]","args":[{"selector":{"controlType":"sap.ui.core.Icon","viewName":"etm.portal.ui.managepartners.view.Master","viewId":"application-managepartners-display-component---masterPtm","properties":{"src":{"regex":{"source":"add"}}}},"wdio_ui5_key":"etmportal.ui.managepartners.view.Mastersap.ui.core.Icon{\"src\":{\"regex\":{\"source\":\"add\"}}}"}]}
RESULT: {"script":"<script> [1562 bytes]","args":[{"selector":{"controlType":"sap.ui.core.Icon","viewName":"etm.portal.ui.managepartners.view.Master","viewId":"application-managepartners-display-component---masterPtm","properties":{"src":{"regex":{"source":"add"}}}},"wdio_ui5_key":"etmportal.ui.managepartners.view.Mastersap.ui.core.Icon{\"src\":{\"regex\":{\"source\":\"add\"}}}"}]}
RESULT: undefined
COMMAND: POST /session/582ce5f850a124cd0c5f6fc14f02a0d2/element - {"using":"xpath","value":"//*[@id=\"__button2-img\"]"}
RESULT: {"using":"xpath","value":"//*[@id=\"__button2-img\"]"}
COMMAND: POST /session/582ce5f850a124cd0c5f6fc14f02a0d2/element/f.92142B0E1996143B500ED3F2A7F6BA2F.d.2A6321C13A4F7804474577E83CC06300.e.1004/click - {}
RESULT: {}
COMMAND: GET /session/582ce5f850a124cd0c5f6fc14f02a0d2/screenshot - {}
COMMAND: POST /session/582ce5f850a124cd0c5f6fc14f02a0d2/execute/async - {"script":"<script> [1562 bytes]","args":[{"selector":{"controlType":"sap.m.Title","viewName":"etm.portal.ui.managepartners.view.NewPartner","viewId":"application-managepartners-display-component---NewPartner","i18NText":{"propertyName":"text","key":"newPartner"},"interaction":{"idSuffix":"inner"}},"wdio_ui5_key":"etmportal.ui.managepartners.view.NewPartnersap.m.Title{\"propertyName\":\"text\",\"key\":\"newPartner\"}"}]}
RESULT: {}
RESULT: {"script":"<script> [1562 bytes]","args":[{"selector":{"controlType":"sap.m.Title","viewName":"etm.portal.ui.managepartners.view.NewPartner","viewId":"application-managepartners-display-component---NewPartner","i18NText":{"propertyName":"text","key":"newPartner"},"interaction":{"idSuffix":"inner"}},"wdio_ui5_key":"etmportal.ui.managepartners.view.NewPartnersap.m.Title{\"propertyName\":\"text\",\"key\":\"newPartner\"}"}]}
RESULT: undefined
COMMAND: POST /session/582ce5f850a124cd0c5f6fc14f02a0d2/execute/async - {"script":"<script> [6424 bytes]","args":[{"element-6066-11e4-a52e-4f735466cecf":"f.92142B0E1996143B500ED3F2A7F6BA2F.d.2A6321C13A4F7804474577E83CC06300.e.1441"},"getText",[]]}
RESULT: {"script":"<script> [6424 bytes]","args":[{"element-6066-11e4-a52e-4f735466cecf":"f.92142B0E1996143B500ED3F2A7F6BA2F.d.2A6321C13A4F7804474577E83CC06300.e.1441"},"getText",[]]}
COMMAND: POST /session/582ce5f850a124cd0c5f6fc14f02a0d2/execute/async - {"script":"<script> [1562 bytes]","args":[{"selector":{"id":"application-managepartners-display-component---NewPartner--partnerId","interaction":{"idSuffix":"inner"}},"wdio_ui5_key":"applicationmanagepartners-display-component---NewPartner--partnerId"}]}
RESULT: {"script":"<script> [1562 bytes]","args":[{"selector":{"id":"application-managepartners-display-component---NewPartner--partnerId","interaction":{"idSuffix":"inner"}},"wdio_ui5_key":"applicationmanagepartners-display-component---NewPartner--partnerId"}]}
RESULT: undefined
COMMAND: POST /session/582ce5f850a124cd0c5f6fc14f02a0d2/execute/async - {"script":"<script> [1562 bytes]","args":[{"selector":{"id":"application-managepartners-display-component---NewPartner--addressDetailDetailsName1","interaction":{"idSuffix":"inner"}},"wdio_ui5_key":"applicationmanagepartners-display-component---NewPartner--addressDetailDetailsName1"}]}
RESULT: {"script":"<script> [1562 bytes]","args":[{"selector":{"id":"application-managepartners-display-component---NewPartner--addressDetailDetailsName1","interaction":{"idSuffix":"inner"}},"wdio_ui5_key":"applicationmanagepartners-display-component---NewPartner--addressDetailDetailsName1"}]}
RESULT: undefined
COMMAND: POST /session/582ce5f850a124cd0c5f6fc14f02a0d2/execute/async - {"script":"<script> [776 bytes]","args":[{"enterText":"WebdriverWHMPartnerz1h1c","selector":{"id":"application-managepartners-display-component---NewPartner--addressDetailDetailsName1","interaction":{"idSuffix":"inner"}},"clearTextFirst":true,"interactionType":"ENTER_TEXT"}]}
RESULT: {"script":"<script> [776 bytes]","args":[{"enterText":"WebdriverWHMPartnerz1h1c","selector":{"id":"application-managepartners-display-component---NewPartner--addressDetailDetailsName1","interaction":{"idSuffix":"inner"}},"clearTextFirst":true,"interactionType":"ENTER_TEXT"}]}
COMMAND: POST /session/582ce5f850a124cd0c5f6fc14f02a0d2/execute/async - {"script":"<script> [1562 bytes]","args":[{"selector":{"id":"application-managepartners-display-component---NewPartner--addressDetailDetailsLanguage","interaction":{"idSuffix":"inner"}},"wdio_ui5_key":"applicationmanagepartners-display-component---NewPartner--addressDetailDetailsLanguage"}]}
RESULT: {"script":"<script> [1562 bytes]","args":[{"selector":{"id":"application-managepartners-display-component---NewPartner--addressDetailDetailsLanguage","interaction":{"idSuffix":"inner"}},"wdio_ui5_key":"applicationmanagepartners-display-component---NewPartner--addressDetailDetailsLanguage"}]}
RESULT: undefined
COMMAND: POST /session/582ce5f850a124cd0c5f6fc14f02a0d2/execute/async - {"script":"<script> [776 bytes]","args":[{"enterText":"Romanian","selector":{"id":"application-managepartners-display-component---NewPartner--addressDetailDetailsLanguage","interaction":{"idSuffix":"inner"}},"clearTextFirst":true,"interactionType":"ENTER_TEXT"}]}
RESULT: {"script":"<script> [776 bytes]","args":[{"enterText":"Romanian","selector":{"id":"application-managepartners-display-component---NewPartner--addressDetailDetailsLanguage","interaction":{"idSuffix":"inner"}},"clearTextFirst":true,"interactionType":"ENTER_TEXT"}]}
COMMAND: POST /session/582ce5f850a124cd0c5f6fc14f02a0d2/execute/async - {"script":"<script> [1562 bytes]","args":[{"selector":{"controlType":"sap.m.StandardListItem","viewName":"etm.portal.ui.managepartners.view.NewPartner","viewId":"application-managepartners-display-component---NewPartner","properties":{"type":"Active"},"searchOpenDialogs":true,"interaction":{"idSuffix":"content"}},"wdio_ui5_key":"etmportal.ui.managepartners.view.NewPartnersap.m.StandardListItem{\"type\":\"Active\"}"}]}
RESULT: {"script":"<script> [1562 bytes]","args":[{"selector":{"controlType":"sap.m.StandardListItem","viewName":"etm.portal.ui.managepartners.view.NewPartner","viewId":"application-managepartners-display-component---NewPartner","properties":{"type":"Active"},"searchOpenDialogs":true,"interaction":{"idSuffix":"content"}},"wdio_ui5_key":"etmportal.ui.managepartners.view.NewPartnersap.m.StandardListItem{\"type\":\"Active\"}"}]}
RESULT: undefined
COMMAND: POST /session/582ce5f850a124cd0c5f6fc14f02a0d2/element - {"using":"xpath","value":"//*[@id=\"__item131\"]"}
RESULT: {"using":"xpath","value":"//*[@id=\"__item131\"]"}
COMMAND: POST /session/582ce5f850a124cd0c5f6fc14f02a0d2/element/f.92142B0E1996143B500ED3F2A7F6BA2F.d.2A6321C13A4F7804474577E83CC06300.e.1445/click - {}
RESULT: {}
COMMAND: POST /session/582ce5f850a124cd0c5f6fc14f02a0d2/execute/async - {"script":"<script> [1562 bytes]","args":[{"selector":{"id":"application-managepartners-display-component---NewPartner--addressDetailDetailsCity1","interaction":{"idSuffix":"inner"}},"wdio_ui5_key":"applicationmanagepartners-display-component---NewPartner--addressDetailDetailsCity1"}]}
COMMAND: GET /session/582ce5f850a124cd0c5f6fc14f02a0d2/screenshot - {}
RESULT: {"script":"<script> [1562 bytes]","args":[{"selector":{"id":"application-managepartners-display-component---NewPartner--addressDetailDetailsCity1","interaction":{"idSuffix":"inner"}},"wdio_ui5_key":"applicationmanagepartners-display-component---NewPartner--addressDetailDetailsCity1"}]}
RESULT: undefined
COMMAND: POST /session/582ce5f850a124cd0c5f6fc14f02a0d2/execute/async - {"script":"<script> [776 bytes]","args":[{"enterText":"Cluj","selector":{"id":"application-managepartners-display-component---NewPartner--addressDetailDetailsCity1","interaction":{"idSuffix":"inner"}},"clearTextFirst":true,"interactionType":"ENTER_TEXT"}]}
RESULT: {}
RESULT: {"script":"<script> [776 bytes]","args":[{"enterText":"Cluj","selector":{"id":"application-managepartners-display-component---NewPartner--addressDetailDetailsCity1","interaction":{"idSuffix":"inner"}},"clearTextFirst":true,"interactionType":"ENTER_TEXT"}]}
COMMAND: POST /session/582ce5f850a124cd0c5f6fc14f02a0d2/execute/async - {"script":"<script> [1562 bytes]","args":[{"selector":{"id":"application-managepartners-display-component---NewPartner--addressDetailDetailsCountry","interaction":{"idSuffix":"inner"}},"wdio_ui5_key":"applicationmanagepartners-display-component---NewPartner--addressDetailDetailsCountry"}]}
RESULT: {"script":"<script> [1562 bytes]","args":[{"selector":{"id":"application-managepartners-display-component---NewPartner--addressDetailDetailsCountry","interaction":{"idSuffix":"inner"}},"wdio_ui5_key":"applicationmanagepartners-display-component---NewPartner--addressDetailDetailsCountry"}]}
RESULT: undefined
COMMAND: POST /session/582ce5f850a124cd0c5f6fc14f02a0d2/execute/async - {"script":"<script> [6424 bytes]","args":[{"element-6066-11e4-a52e-4f735466cecf":"f.92142B0E1996143B500ED3F2A7F6BA2F.d.2A6321C13A4F7804474577E83CC06300.e.1286"},"setValue",["Romania"]]}
RESULT: {"script":"<script> [6424 bytes]","args":[{"element-6066-11e4-a52e-4f735466cecf":"f.92142B0E1996143B500ED3F2A7F6BA2F.d.2A6321C13A4F7804474577E83CC06300.e.1286"},"setValue",["Romania"]]}
COMMAND: POST /session/582ce5f850a124cd0c5f6fc14f02a0d2/execute/async - {"script":"<script> [1562 bytes]","args":[{"selector":{"id":"application-managepartners-display-component---NewPartner--partnerDetailInternal","interaction":{"idSuffix":"inner"}},"wdio_ui5_key":"applicationmanagepartners-display-component---NewPartner--partnerDetailInternal"}]}
RESULT: {"script":"<script> [1562 bytes]","args":[{"selector":{"id":"application-managepartners-display-component---NewPartner--partnerDetailInternal","interaction":{"idSuffix":"inner"}},"wdio_ui5_key":"applicationmanagepartners-display-component---NewPartner--partnerDetailInternal"}]}
RESULT: undefined
COMMAND: POST /session/582ce5f850a124cd0c5f6fc14f02a0d2/execute/async - {"script":"<script> [776 bytes]","args":[{"enterText":"External partner","selector":{"id":"application-managepartners-display-component---NewPartner--partnerDetailInternal","interaction":{"idSuffix":"inner"}},"clearTextFirst":true,"interactionType":"ENTER_TEXT"}]}
RESULT: {"script":"<script> [776 bytes]","args":[{"enterText":"External partner","selector":{"id":"application-managepartners-display-component---NewPartner--partnerDetailInternal","interaction":{"idSuffix":"inner"}},"clearTextFirst":true,"interactionType":"ENTER_TEXT"}]}
COMMAND: POST /session/582ce5f850a124cd0c5f6fc14f02a0d2/execute/async - {"script":"<script> [1562 bytes]","args":[{"selector":{"id":"application-managepartners-display-component---NewPartner--partnerDetailsCurrency","interaction":{"idSuffix":"inner"}},"wdio_ui5_key":"applicationmanagepartners-display-component---NewPartner--partnerDetailsCurrency"}]}
RESULT: {"script":"<script> [1562 bytes]","args":[{"selector":{"id":"application-managepartners-display-component---NewPartner--partnerDetailsCurrency","interaction":{"idSuffix":"inner"}},"wdio_ui5_key":"applicationmanagepartners-display-component---NewPartner--partnerDetailsCurrency"}]}
RESULT: undefined
COMMAND: POST /session/582ce5f850a124cd0c5f6fc14f02a0d2/execute/async - {"script":"<script> [776 bytes]","args":[{"enterText":"Euro","selector":{"id":"application-managepartners-display-component---NewPartner--partnerDetailsCurrency","interaction":{"idSuffix":"inner"}},"clearTextFirst":true,"interactionType":"ENTER_TEXT"}]}
RESULT: {"script":"<script> [776 bytes]","args":[{"enterText":"Euro","selector":{"id":"application-managepartners-display-component---NewPartner--partnerDetailsCurrency","interaction":{"idSuffix":"inner"}},"clearTextFirst":true,"interactionType":"ENTER_TEXT"}]}
COMMAND: POST /session/582ce5f850a124cd0c5f6fc14f02a0d2/execute/async - {"script":"<script> [1562 bytes]","args":[{"selector":{"controlType":"sap.m.Button","viewName":"etm.portal.ui.managepartners.view.NewPartner","viewId":"application-managepartners-display-component---NewPartner","properties":{"text":"Commercial"},"interaction":{"idSuffix":"BDI-content"}},"wdio_ui5_key":"etmportal.ui.managepartners.view.NewPartnersap.m.Button{\"text\":\"Commercial\"}"}]}
RESULT: {"script":"<script> [1562 bytes]","args":[{"selector":{"controlType":"sap.m.Button","viewName":"etm.portal.ui.managepartners.view.NewPartner","viewId":"application-managepartners-display-component---NewPartner","properties":{"text":"Commercial"},"interaction":{"idSuffix":"BDI-content"}},"wdio_ui5_key":"etmportal.ui.managepartners.view.NewPartnersap.m.Button{\"text\":\"Commercial\"}"}]}
RESULT: undefined
COMMAND: POST /session/582ce5f850a124cd0c5f6fc14f02a0d2/element - {"using":"xpath","value":"//*[@id=\"application-managepartners-display-component---NewPartner--ObjectPageLayout-anchBar-__section5-anchor\"]"}
RESULT: {"using":"xpath","value":"//*[@id=\"application-managepartners-display-component---NewPartner--ObjectPageLayout-anchBar-__section5-anchor\"]"}
COMMAND: POST /session/582ce5f850a124cd0c5f6fc14f02a0d2/element/f.92142B0E1996143B500ED3F2A7F6BA2F.d.2A6321C13A4F7804474577E83CC06300.e.1451/click - {}
RESULT: {}
COMMAND: GET /session/582ce5f850a124cd0c5f6fc14f02a0d2/screenshot - {}
RESULT: {}
COMMAND: POST /session/582ce5f850a124cd0c5f6fc14f02a0d2/execute/async - {"script":"<script> [1562 bytes]","args":[{"selector":{"id":"application-managepartners-display-component---NewPartner--btnAddTableRow-img"},"wdio_ui5_key":"applicationmanagepartners-display-component---NewPartner--btnAddTableRow-img"}]}
RESULT: {"script":"<script> [1562 bytes]","args":[{"selector":{"id":"application-managepartners-display-component---NewPartner--btnAddTableRow-img"},"wdio_ui5_key":"applicationmanagepartners-display-component---NewPartner--btnAddTableRow-img"}]}
RESULT: undefined
COMMAND: POST /session/582ce5f850a124cd0c5f6fc14f02a0d2/element - {"using":"xpath","value":"//*[@id=\"application-managepartners-display-component---NewPartner--btnAddTableRow-img\"]"}
RESULT: {"using":"xpath","value":"//*[@id=\"application-managepartners-display-component---NewPartner--btnAddTableRow-img\"]"}
COMMAND: POST /session/582ce5f850a124cd0c5f6fc14f02a0d2/element/f.92142B0E1996143B500ED3F2A7F6BA2F.d.2A6321C13A4F7804474577E83CC06300.e.1458/click - {}
RESULT: {}
COMMAND: POST /session/582ce5f850a124cd0c5f6fc14f02a0d2/element - {"using":"xpath","value":"//input[contains(@id ,\"application-managepartners-display-component---NewPartner--assignmentYard-application-managepartners-display-component---NewPartner\")]"}
COMMAND: GET /session/582ce5f850a124cd0c5f6fc14f02a0d2/screenshot - {}
RESULT: {"using":"xpath","value":"//input[contains(@id ,\"application-managepartners-display-component---NewPartner--assignmentYard-application-managepartners-display-component---NewPartner\")]"}
COMMAND: POST /session/582ce5f850a124cd0c5f6fc14f02a0d2/elements - {"using":"xpath","value":"//input[contains(@id ,\"application-managepartners-display-component---NewPartner--assignmentYard-application-managepartners-display-component---NewPartner\")]"}
RESULT: {}
RESULT: {"using":"xpath","value":"//input[contains(@id ,\"application-managepartners-display-component---NewPartner--assignmentYard-application-managepartners-display-component---NewPartner\")]"}
COMMAND: POST /session/582ce5f850a124cd0c5f6fc14f02a0d2/element/f.92142B0E1996143B500ED3F2A7F6BA2F.d.2A6321C13A4F7804474577E83CC06300.e.1461/value - {"text":"408"}
RESULT: {"text":"408"}
COMMAND: GET /session/582ce5f850a124cd0c5f6fc14f02a0d2/screenshot - {}
RESULT: {}
COMMAND: POST /session/582ce5f850a124cd0c5f6fc14f02a0d2/actions - {"actions":[{"id":"action5","type":"key","parameters":{},"actions":[{"type":"keyDown","value":"î€‡"},{"type":"pause","duration":10},{"type":"keyUp","value":"î€‡"}]}]}
RESULT: {"actions":[{"id":"action5","type":"key","parameters":{},"actions":[{"type":"keyDown","value":"î€‡"},{"type":"pause","duration":10},{"type":"keyUp","value":"î€‡"}]}]}
COMMAND: POST /session/582ce5f850a124cd0c5f6fc14f02a0d2/execute/async - {"script":"<script> [1562 bytes]","args":[{"selector":{"controlType":"sap.m.Button","viewName":"etm.portal.ui.managepartners.view.NewPartner","viewId":"application-managepartners-display-component---NewPartner","i18NText":{"propertyName":"text","key":"save"},"interaction":{"idSuffix":"BDI-content"}},"wdio_ui5_key":"etmportal.ui.managepartners.view.NewPartnersap.m.Button{\"propertyName\":\"text\",\"key\":\"save\"}"}]}
COMMAND: GET /session/582ce5f850a124cd0c5f6fc14f02a0d2/screenshot - {}
RESULT: {"script":"<script> [1562 bytes]","args":[{"selector":{"controlType":"sap.m.Button","viewName":"etm.portal.ui.managepartners.view.NewPartner","viewId":"application-managepartners-display-component---NewPartner","i18NText":{"propertyName":"text","key":"save"},"interaction":{"idSuffix":"BDI-content"}},"wdio_ui5_key":"etmportal.ui.managepartners.view.NewPartnersap.m.Button{\"propertyName\":\"text\",\"key\":\"save\"}"}]}
RESULT: undefined
COMMAND: POST /session/582ce5f850a124cd0c5f6fc14f02a0d2/element - {"using":"xpath","value":"//*[@id=\"__button10\"]"}
RESULT: {}
RESULT: {"using":"xpath","value":"//*[@id=\"__button10\"]"}
COMMAND: POST /session/582ce5f850a124cd0c5f6fc14f02a0d2/element/f.92142B0E1996143B500ED3F2A7F6BA2F.d.2A6321C13A4F7804474577E83CC06300.e.1427/click - {}
RESULT: {}
COMMAND: GET /session/582ce5f850a124cd0c5f6fc14f02a0d2/screenshot - {}
RESULT: {}
COMMAND: POST /session/582ce5f850a124cd0c5f6fc14f02a0d2/element - {"using":"xpath","value":"//header/div/div[2]/div[2]/span"}
RESULT: {"using":"xpath","value":"//header/div/div[2]/div[2]/span"}
COMMAND: POST /session/582ce5f850a124cd0c5f6fc14f02a0d2/elements - {"using":"xpath","value":"//header/div/div[2]/div[2]/span"}
RESULT: {"using":"xpath","value":"//header/div/div[2]/div[2]/span"}
COMMAND: POST /session/582ce5f850a124cd0c5f6fc14f02a0d2/execute/sync - {"script":"<script> [8489 bytes]","args":[{"element-6066-11e4-a52e-4f735466cecf":"f.92142B0E1996143B500ED3F2A7F6BA2F.d.2A6321C13A4F7804474577E83CC06300.e.1635","ELEMENT":"f.92142B0E1996143B500ED3F2A7F6BA2F.d.2A6321C13A4F7804474577E83CC06300.e.1635"}]}
RESULT: {"script":"<script> [8489 bytes]","args":[{"element-6066-11e4-a52e-4f735466cecf":"f.92142B0E1996143B500ED3F2A7F6BA2F.d.2A6321C13A4F7804474577E83CC06300.e.1635","ELEMENT":"f.92142B0E1996143B500ED3F2A7F6BA2F.d.2A6321C13A4F7804474577E83CC06300.e.1635"}]}
COMMAND: GET /session/582ce5f850a124cd0c5f6fc14f02a0d2/element/f.92142B0E1996143B500ED3F2A7F6BA2F.d.2A6321C13A4F7804474577E83CC06300.e.1635/text - {}
COMMAND: GET /session/582ce5f850a124cd0c5f6fc14f02a0d2/screenshot - {}
RESULT: {}
COMMAND: POST /session/582ce5f850a124cd0c5f6fc14f02a0d2/element - {"using":"xpath","value":"//header/div/div/div/div/div/div[2]/div/span"}
RESULT: {}
RESULT: {"using":"xpath","value":"//header/div/div/div/div/div/div[2]/div/span"}
COMMAND: POST /session/582ce5f850a124cd0c5f6fc14f02a0d2/elements - {"using":"xpath","value":"//header/div/div/div/div/div/div[2]/div/span"}
RESULT: {"using":"xpath","value":"//header/div/div/div/div/div/div[2]/div/span"}
COMMAND: POST /session/582ce5f850a124cd0c5f6fc14f02a0d2/execute/sync - {"script":"<script> [8489 bytes]","args":[{"element-6066-11e4-a52e-4f735466cecf":"f.92142B0E1996143B500ED3F2A7F6BA2F.d.2A6321C13A4F7804474577E83CC06300.e.1636","ELEMENT":"f.92142B0E1996143B500ED3F2A7F6BA2F.d.2A6321C13A4F7804474577E83CC06300.e.1636"}]}
RESULT: {"script":"<script> [8489 bytes]","args":[{"element-6066-11e4-a52e-4f735466cecf":"f.92142B0E1996143B500ED3F2A7F6BA2F.d.2A6321C13A4F7804474577E83CC06300.e.1636","ELEMENT":"f.92142B0E1996143B500ED3F2A7F6BA2F.d.2A6321C13A4F7804474577E83CC06300.e.1636"}]}
COMMAND: GET /session/582ce5f850a124cd0c5f6fc14f02a0d2/element/f.92142B0E1996143B500ED3F2A7F6BA2F.d.2A6321C13A4F7804474577E83CC06300.e.1636/text - {}
COMMAND: GET /session/582ce5f850a124cd0c5f6fc14f02a0d2/screenshot - {}
RESULT: {}
]]></system-out>
    </testcase>
    <testcase classname="chrome.135_0_7049_96.windows.Stock_increase_-_with_WHM_US125587" name="Should create WHM site" time="99.393">
      <system-out><![CDATA[
COMMAND: POST /session/582ce5f850a124cd0c5f6fc14f02a0d2/element - {"using":"css selector","value":"#shell-header-logo"}
RESULT: {}
RESULT: {"using":"css selector","value":"#shell-header-logo"}
COMMAND: POST /session/582ce5f850a124cd0c5f6fc14f02a0d2/element/f.92142B0E1996143B500ED3F2A7F6BA2F.d.2A6321C13A4F7804474577E83CC06300.e.957/click - {}
RESULT: {}
COMMAND: GET /session/582ce5f850a124cd0c5f6fc14f02a0d2/screenshot - {}
RESULT: {}
COMMAND: POST /session/582ce5f850a124cd0c5f6fc14f02a0d2/execute/async - {"script":"<script> [1562 bytes]","args":[{"selector":{"controlType":"sap.m.GenericTile","properties":{"header":"Manage Sites"}},"wdio_ui5_key":"sapm.GenericTile{\"header\":\"Manage Sites\"}"}]}
RESULT: {"script":"<script> [1562 bytes]","args":[{"selector":{"controlType":"sap.m.GenericTile","properties":{"header":"Manage Sites"}},"wdio_ui5_key":"sapm.GenericTile{\"header\":\"Manage Sites\"}"}]}
RESULT: undefined
COMMAND: POST /session/582ce5f850a124cd0c5f6fc14f02a0d2/element - {"using":"xpath","value":"//*[@id=\"__tile51\"]"}
RESULT: {"using":"xpath","value":"//*[@id=\"__tile51\"]"}
COMMAND: POST /session/582ce5f850a124cd0c5f6fc14f02a0d2/element/f.92142B0E1996143B500ED3F2A7F6BA2F.d.2A6321C13A4F7804474577E83CC06300.e.1651/click - {}
RESULT: {}
COMMAND: GET /session/582ce5f850a124cd0c5f6fc14f02a0d2/screenshot - {}
RESULT: {}
COMMAND: POST /session/582ce5f850a124cd0c5f6fc14f02a0d2/execute/async - {"script":"<script> [1562 bytes]","args":[{"selector":{"controlType":"sap.ui.core.Icon","viewName":"etm.portal.ui.managesites.view.Master","viewId":"application-managesites-display-component---masterSite","properties":{"src":{"regex":{"source":"add"}}}},"wdio_ui5_key":"etmportal.ui.managesites.view.Mastersap.ui.core.Icon{\"src\":{\"regex\":{\"source\":\"add\"}}}"}]}
RESULT: {"script":"<script> [1562 bytes]","args":[{"selector":{"controlType":"sap.ui.core.Icon","viewName":"etm.portal.ui.managesites.view.Master","viewId":"application-managesites-display-component---masterSite","properties":{"src":{"regex":{"source":"add"}}}},"wdio_ui5_key":"etmportal.ui.managesites.view.Mastersap.ui.core.Icon{\"src\":{\"regex\":{\"source\":\"add\"}}}"}]}
RESULT: undefined
COMMAND: POST /session/582ce5f850a124cd0c5f6fc14f02a0d2/element - {"using":"xpath","value":"//*[@id=\"__button52-img\"]"}
RESULT: {"using":"xpath","value":"//*[@id=\"__button52-img\"]"}
COMMAND: POST /session/582ce5f850a124cd0c5f6fc14f02a0d2/element/f.92142B0E1996143B500ED3F2A7F6BA2F.d.2A6321C13A4F7804474577E83CC06300.e.1701/click - {}
RESULT: {}
COMMAND: GET /session/582ce5f850a124cd0c5f6fc14f02a0d2/screenshot - {}
COMMAND: POST /session/582ce5f850a124cd0c5f6fc14f02a0d2/execute/async - {"script":"<script> [1562 bytes]","args":[{"selector":{"id":"application-managesites-display-component---NewSite--siteId","interaction":{"idSuffix":"inner"}},"wdio_ui5_key":"applicationmanagesites-display-component---NewSite--siteId"}]}
RESULT: {}
RESULT: {"script":"<script> [1562 bytes]","args":[{"selector":{"id":"application-managesites-display-component---NewSite--siteId","interaction":{"idSuffix":"inner"}},"wdio_ui5_key":"applicationmanagesites-display-component---NewSite--siteId"}]}
RESULT: undefined
COMMAND: POST /session/582ce5f850a124cd0c5f6fc14f02a0d2/execute/async - {"script":"<script> [1562 bytes]","args":[{"selector":{"controlType":"sap.m.Button","viewName":"etm.portal.ui.managesites.view.NewSmartSite","viewId":"application-managesites-display-component---NewSite","properties":{"text":"General Information"},"interaction":{"idSuffix":"BDI-content"}},"wdio_ui5_key":"etmportal.ui.managesites.view.NewSmartSitesap.m.Button{\"text\":\"General Information\"}"}]}
RESULT: {"script":"<script> [1562 bytes]","args":[{"selector":{"controlType":"sap.m.Button","viewName":"etm.portal.ui.managesites.view.NewSmartSite","viewId":"application-managesites-display-component---NewSite","properties":{"text":"General Information"},"interaction":{"idSuffix":"BDI-content"}},"wdio_ui5_key":"etmportal.ui.managesites.view.NewSmartSitesap.m.Button{\"text\":\"General Information\"}"}]}
RESULT: undefined
COMMAND: POST /session/582ce5f850a124cd0c5f6fc14f02a0d2/element - {"using":"xpath","value":"//*[@id=\"application-managesites-display-component---NewSite--ObjectPageLayout-anchBar-__section29-anchor\"]"}
RESULT: {"using":"xpath","value":"//*[@id=\"application-managesites-display-component---NewSite--ObjectPageLayout-anchBar-__section29-anchor\"]"}
COMMAND: POST /session/582ce5f850a124cd0c5f6fc14f02a0d2/element/f.92142B0E1996143B500ED3F2A7F6BA2F.d.2A6321C13A4F7804474577E83CC06300.e.2332/click - {}
RESULT: {}
COMMAND: POST /session/582ce5f850a124cd0c5f6fc14f02a0d2/execute/async - {"script":"<script> [1562 bytes]","args":[{"selector":{"id":"application-managesites-display-component---NewSite--addressDetailDetailsName1","interaction":{"idSuffix":"inner"}},"wdio_ui5_key":"applicationmanagesites-display-component---NewSite--addressDetailDetailsName1"}]}
COMMAND: GET /session/582ce5f850a124cd0c5f6fc14f02a0d2/screenshot - {}
RESULT: {"script":"<script> [1562 bytes]","args":[{"selector":{"id":"application-managesites-display-component---NewSite--addressDetailDetailsName1","interaction":{"idSuffix":"inner"}},"wdio_ui5_key":"applicationmanagesites-display-component---NewSite--addressDetailDetailsName1"}]}
RESULT: undefined
COMMAND: POST /session/582ce5f850a124cd0c5f6fc14f02a0d2/execute/async - {"script":"<script> [776 bytes]","args":[{"enterText":"WebdriverWHMSitez1h1c","selector":{"id":"application-managesites-display-component---NewSite--addressDetailDetailsName1","interaction":{"idSuffix":"inner"}},"clearTextFirst":true,"interactionType":"ENTER_TEXT"}]}
RESULT: {}
RESULT: {"script":"<script> [776 bytes]","args":[{"enterText":"WebdriverWHMSitez1h1c","selector":{"id":"application-managesites-display-component---NewSite--addressDetailDetailsName1","interaction":{"idSuffix":"inner"}},"clearTextFirst":true,"interactionType":"ENTER_TEXT"}]}
COMMAND: POST /session/582ce5f850a124cd0c5f6fc14f02a0d2/execute/async - {"script":"<script> [1562 bytes]","args":[{"selector":{"id":"application-managesites-display-component---NewSite--addressDetailDetailsLanguage","interaction":{"idSuffix":"inner"}},"wdio_ui5_key":"applicationmanagesites-display-component---NewSite--addressDetailDetailsLanguage"}]}
RESULT: {"script":"<script> [1562 bytes]","args":[{"selector":{"id":"application-managesites-display-component---NewSite--addressDetailDetailsLanguage","interaction":{"idSuffix":"inner"}},"wdio_ui5_key":"applicationmanagesites-display-component---NewSite--addressDetailDetailsLanguage"}]}
RESULT: undefined
COMMAND: POST /session/582ce5f850a124cd0c5f6fc14f02a0d2/execute/async - {"script":"<script> [776 bytes]","args":[{"enterText":"Romanian","selector":{"id":"application-managesites-display-component---NewSite--addressDetailDetailsLanguage","interaction":{"idSuffix":"inner"}},"clearTextFirst":true,"interactionType":"ENTER_TEXT"}]}
RESULT: {"script":"<script> [776 bytes]","args":[{"enterText":"Romanian","selector":{"id":"application-managesites-display-component---NewSite--addressDetailDetailsLanguage","interaction":{"idSuffix":"inner"}},"clearTextFirst":true,"interactionType":"ENTER_TEXT"}]}
COMMAND: POST /session/582ce5f850a124cd0c5f6fc14f02a0d2/actions - {"actions":[{"id":"action6","type":"key","parameters":{},"actions":[{"type":"keyDown","value":"î€‡"},{"type":"pause","duration":10},{"type":"keyUp","value":"î€‡"}]}]}
RESULT: {"actions":[{"id":"action6","type":"key","parameters":{},"actions":[{"type":"keyDown","value":"î€‡"},{"type":"pause","duration":10},{"type":"keyUp","value":"î€‡"}]}]}
COMMAND: POST /session/582ce5f850a124cd0c5f6fc14f02a0d2/execute/async - {"script":"<script> [1562 bytes]","args":[{"selector":{"id":"application-managesites-display-component---NewSite--addressDetailDetailsCity1","interaction":{"idSuffix":"inner"}},"wdio_ui5_key":"applicationmanagesites-display-component---NewSite--addressDetailDetailsCity1"}]}
COMMAND: GET /session/582ce5f850a124cd0c5f6fc14f02a0d2/screenshot - {}
RESULT: {"script":"<script> [1562 bytes]","args":[{"selector":{"id":"application-managesites-display-component---NewSite--addressDetailDetailsCity1","interaction":{"idSuffix":"inner"}},"wdio_ui5_key":"applicationmanagesites-display-component---NewSite--addressDetailDetailsCity1"}]}
RESULT: undefined
COMMAND: POST /session/582ce5f850a124cd0c5f6fc14f02a0d2/execute/async - {"script":"<script> [776 bytes]","args":[{"enterText":"Bucharest","selector":{"id":"application-managesites-display-component---NewSite--addressDetailDetailsCity1","interaction":{"idSuffix":"inner"}},"clearTextFirst":true,"interactionType":"ENTER_TEXT"}]}
RESULT: {}
RESULT: {"script":"<script> [776 bytes]","args":[{"enterText":"Bucharest","selector":{"id":"application-managesites-display-component---NewSite--addressDetailDetailsCity1","interaction":{"idSuffix":"inner"}},"clearTextFirst":true,"interactionType":"ENTER_TEXT"}]}
COMMAND: POST /session/582ce5f850a124cd0c5f6fc14f02a0d2/actions - {"actions":[{"id":"action7","type":"key","parameters":{},"actions":[{"type":"keyDown","value":"î€‡"},{"type":"pause","duration":10},{"type":"keyUp","value":"î€‡"}]}]}
RESULT: {"actions":[{"id":"action7","type":"key","parameters":{},"actions":[{"type":"keyDown","value":"î€‡"},{"type":"pause","duration":10},{"type":"keyUp","value":"î€‡"}]}]}
COMMAND: POST /session/582ce5f850a124cd0c5f6fc14f02a0d2/execute/async - {"script":"<script> [1562 bytes]","args":[{"selector":{"id":"application-managesites-display-component---NewSite--addressDetailDetailsCountry","interaction":{"idSuffix":"inner"}},"wdio_ui5_key":"applicationmanagesites-display-component---NewSite--addressDetailDetailsCountry"}]}
COMMAND: GET /session/582ce5f850a124cd0c5f6fc14f02a0d2/screenshot - {}
RESULT: {"script":"<script> [1562 bytes]","args":[{"selector":{"id":"application-managesites-display-component---NewSite--addressDetailDetailsCountry","interaction":{"idSuffix":"inner"}},"wdio_ui5_key":"applicationmanagesites-display-component---NewSite--addressDetailDetailsCountry"}]}
RESULT: undefined
COMMAND: POST /session/582ce5f850a124cd0c5f6fc14f02a0d2/execute/async - {"script":"<script> [6424 bytes]","args":[{"element-6066-11e4-a52e-4f735466cecf":"f.92142B0E1996143B500ED3F2A7F6BA2F.d.2A6321C13A4F7804474577E83CC06300.e.2122"},"setValue",["Romania"]]}
RESULT: {}
RESULT: {"script":"<script> [6424 bytes]","args":[{"element-6066-11e4-a52e-4f735466cecf":"f.92142B0E1996143B500ED3F2A7F6BA2F.d.2A6321C13A4F7804474577E83CC06300.e.2122"},"setValue",["Romania"]]}
COMMAND: POST /session/582ce5f850a124cd0c5f6fc14f02a0d2/actions - {"actions":[{"id":"action8","type":"key","parameters":{},"actions":[{"type":"keyDown","value":"î€‡"},{"type":"pause","duration":10},{"type":"keyUp","value":"î€‡"}]}]}
RESULT: {"actions":[{"id":"action8","type":"key","parameters":{},"actions":[{"type":"keyDown","value":"î€‡"},{"type":"pause","duration":10},{"type":"keyUp","value":"î€‡"}]}]}
COMMAND: POST /session/582ce5f850a124cd0c5f6fc14f02a0d2/execute/async - {"script":"<script> [1562 bytes]","args":[{"selector":{"id":"application-managesites-display-component---NewSite--addressDetailDetailsCalendar","interaction":{"idSuffix":"inner"}},"wdio_ui5_key":"applicationmanagesites-display-component---NewSite--addressDetailDetailsCalendar"}]}
COMMAND: GET /session/582ce5f850a124cd0c5f6fc14f02a0d2/screenshot - {}
RESULT: {"script":"<script> [1562 bytes]","args":[{"selector":{"id":"application-managesites-display-component---NewSite--addressDetailDetailsCalendar","interaction":{"idSuffix":"inner"}},"wdio_ui5_key":"applicationmanagesites-display-component---NewSite--addressDetailDetailsCalendar"}]}
RESULT: undefined
COMMAND: POST /session/582ce5f850a124cd0c5f6fc14f02a0d2/execute/async - {"script":"<script> [776 bytes]","args":[{"enterText":"Germany","selector":{"id":"application-managesites-display-component---NewSite--addressDetailDetailsCalendar","interaction":{"idSuffix":"inner"}},"clearTextFirst":true,"interactionType":"ENTER_TEXT"}]}
RESULT: {}
RESULT: {"script":"<script> [776 bytes]","args":[{"enterText":"Germany","selector":{"id":"application-managesites-display-component---NewSite--addressDetailDetailsCalendar","interaction":{"idSuffix":"inner"}},"clearTextFirst":true,"interactionType":"ENTER_TEXT"}]}
COMMAND: POST /session/582ce5f850a124cd0c5f6fc14f02a0d2/actions - {"actions":[{"id":"action9","type":"key","parameters":{},"actions":[{"type":"keyDown","value":"î€‡"},{"type":"pause","duration":10},{"type":"keyUp","value":"î€‡"}]}]}
RESULT: {"actions":[{"id":"action9","type":"key","parameters":{},"actions":[{"type":"keyDown","value":"î€‡"},{"type":"pause","duration":10},{"type":"keyUp","value":"î€‡"}]}]}
COMMAND: POST /session/582ce5f850a124cd0c5f6fc14f02a0d2/execute/async - {"script":"<script> [1562 bytes]","args":[{"selector":{"id":"application-managesites-display-component---NewSite--addressEditDetailsCostObjectCstType","interaction":{"idSuffix":"inner"}},"wdio_ui5_key":"applicationmanagesites-display-component---NewSite--addressEditDetailsCostObjectCstType"}]}
COMMAND: GET /session/582ce5f850a124cd0c5f6fc14f02a0d2/screenshot - {}
RESULT: {"script":"<script> [1562 bytes]","args":[{"selector":{"id":"application-managesites-display-component---NewSite--addressEditDetailsCostObjectCstType","interaction":{"idSuffix":"inner"}},"wdio_ui5_key":"applicationmanagesites-display-component---NewSite--addressEditDetailsCostObjectCstType"}]}
RESULT: undefined
COMMAND: POST /session/582ce5f850a124cd0c5f6fc14f02a0d2/execute/async - {"script":"<script> [776 bytes]","args":[{"enterText":"Cost","selector":{"id":"application-managesites-display-component---NewSite--addressEditDetailsCostObjectCstType","interaction":{"idSuffix":"inner"}},"clearTextFirst":true,"interactionType":"ENTER_TEXT"}]}
RESULT: {}
RESULT: {"script":"<script> [776 bytes]","args":[{"enterText":"Cost","selector":{"id":"application-managesites-display-component---NewSite--addressEditDetailsCostObjectCstType","interaction":{"idSuffix":"inner"}},"clearTextFirst":true,"interactionType":"ENTER_TEXT"}]}
COMMAND: POST /session/582ce5f850a124cd0c5f6fc14f02a0d2/actions - {"actions":[{"id":"action10","type":"key","parameters":{},"actions":[{"type":"keyDown","value":"î€‡"},{"type":"pause","duration":10},{"type":"keyUp","value":"î€‡"}]}]}
RESULT: {"actions":[{"id":"action10","type":"key","parameters":{},"actions":[{"type":"keyDown","value":"î€‡"},{"type":"pause","duration":10},{"type":"keyUp","value":"î€‡"}]}]}
COMMAND: POST /session/582ce5f850a124cd0c5f6fc14f02a0d2/execute/async - {"script":"<script> [1562 bytes]","args":[{"selector":{"id":"application-managesites-display-component---NewSite--addressNewCostObjectCstID","interaction":{"idSuffix":"inner"}},"wdio_ui5_key":"applicationmanagesites-display-component---NewSite--addressNewCostObjectCstID"}]}
COMMAND: GET /session/582ce5f850a124cd0c5f6fc14f02a0d2/screenshot - {}
RESULT: {"script":"<script> [1562 bytes]","args":[{"selector":{"id":"application-managesites-display-component---NewSite--addressNewCostObjectCstID","interaction":{"idSuffix":"inner"}},"wdio_ui5_key":"applicationmanagesites-display-component---NewSite--addressNewCostObjectCstID"}]}
RESULT: undefined
COMMAND: POST /session/582ce5f850a124cd0c5f6fc14f02a0d2/execute/async - {"script":"<script> [776 bytes]","args":[{"enterText":"1001","selector":{"id":"application-managesites-display-component---NewSite--addressNewCostObjectCstID","interaction":{"idSuffix":"inner"}},"clearTextFirst":true,"interactionType":"ENTER_TEXT"}]}
RESULT: {}
RESULT: {"script":"<script> [776 bytes]","args":[{"enterText":"1001","selector":{"id":"application-managesites-display-component---NewSite--addressNewCostObjectCstID","interaction":{"idSuffix":"inner"}},"clearTextFirst":true,"interactionType":"ENTER_TEXT"}]}
COMMAND: POST /session/582ce5f850a124cd0c5f6fc14f02a0d2/actions - {"actions":[{"id":"action11","type":"key","parameters":{},"actions":[{"type":"keyDown","value":"î€‡"},{"type":"pause","duration":10},{"type":"keyUp","value":"î€‡"}]}]}
RESULT: {"actions":[{"id":"action11","type":"key","parameters":{},"actions":[{"type":"keyDown","value":"î€‡"},{"type":"pause","duration":10},{"type":"keyUp","value":"î€‡"}]}]}
COMMAND: POST /session/582ce5f850a124cd0c5f6fc14f02a0d2/element - {"using":"xpath","value":"//input[@id=\"application-managesites-display-component---NewSite--addressDetailDetailsYard-inner\"]"}
COMMAND: GET /session/582ce5f850a124cd0c5f6fc14f02a0d2/screenshot - {}
RESULT: {"using":"xpath","value":"//input[@id=\"application-managesites-display-component---NewSite--addressDetailDetailsYard-inner\"]"}
COMMAND: POST /session/582ce5f850a124cd0c5f6fc14f02a0d2/element/f.92142B0E1996143B500ED3F2A7F6BA2F.d.2A6321C13A4F7804474577E83CC06300.e.2133/value - {"text":"408"}
RESULT: {}
RESULT: {"text":"408"}
COMMAND: GET /session/582ce5f850a124cd0c5f6fc14f02a0d2/screenshot - {}
RESULT: {}
COMMAND: POST /session/582ce5f850a124cd0c5f6fc14f02a0d2/actions - {"actions":[{"id":"action12","type":"key","parameters":{},"actions":[{"type":"keyDown","value":"î€‡"},{"type":"pause","duration":10},{"type":"keyUp","value":"î€‡"}]}]}
RESULT: {"actions":[{"id":"action12","type":"key","parameters":{},"actions":[{"type":"keyDown","value":"î€‡"},{"type":"pause","duration":10},{"type":"keyUp","value":"î€‡"}]}]}
COMMAND: GET /session/582ce5f850a124cd0c5f6fc14f02a0d2/screenshot - {}
RESULT: {}
COMMAND: POST /session/582ce5f850a124cd0c5f6fc14f02a0d2/element - {"using":"xpath","value":"//input[@id=\"application-managesites-display-component---NewSite--addressDetailDetailsPartner-inner\"]"}
RESULT: {"using":"xpath","value":"//input[@id=\"application-managesites-display-component---NewSite--addressDetailDetailsPartner-inner\"]"}
COMMAND: POST /session/582ce5f850a124cd0c5f6fc14f02a0d2/elements - {"using":"xpath","value":"//input[@id=\"application-managesites-display-component---NewSite--addressDetailDetailsPartner-inner\"]"}
RESULT: {"using":"xpath","value":"//input[@id=\"application-managesites-display-component---NewSite--addressDetailDetailsPartner-inner\"]"}
COMMAND: POST /session/582ce5f850a124cd0c5f6fc14f02a0d2/execute/async - {"script":"<script> [1562 bytes]","args":[{"selector":{"controlType":"sap.m.Button","viewName":"etm.portal.ui.managesites.view.NewSmartSite","viewId":"application-managesites-display-component---NewSite","properties":{"text":"Commercial"},"interaction":{"idSuffix":"BDI-content"}},"wdio_ui5_key":"etmportal.ui.managesites.view.NewSmartSitesap.m.Button{\"text\":\"Commercial\"}"}]}
RESULT: {"script":"<script> [1562 bytes]","args":[{"selector":{"controlType":"sap.m.Button","viewName":"etm.portal.ui.managesites.view.NewSmartSite","viewId":"application-managesites-display-component---NewSite","properties":{"text":"Commercial"},"interaction":{"idSuffix":"BDI-content"}},"wdio_ui5_key":"etmportal.ui.managesites.view.NewSmartSitesap.m.Button{\"text\":\"Commercial\"}"}]}
RESULT: undefined
COMMAND: POST /session/582ce5f850a124cd0c5f6fc14f02a0d2/element - {"using":"xpath","value":"//*[@id=\"application-managesites-display-component---NewSite--ObjectPageLayout-anchBar-__section31-anchor\"]"}
RESULT: {"using":"xpath","value":"//*[@id=\"application-managesites-display-component---NewSite--ObjectPageLayout-anchBar-__section31-anchor\"]"}
COMMAND: POST /session/582ce5f850a124cd0c5f6fc14f02a0d2/element/f.92142B0E1996143B500ED3F2A7F6BA2F.d.2A6321C13A4F7804474577E83CC06300.e.2344/click - {}
RESULT: {}
COMMAND: POST /session/582ce5f850a124cd0c5f6fc14f02a0d2/execute/async - {"script":"<script> [1562 bytes]","args":[{"selector":{"id":"application-managesites-display-component---NewSite--siteWhmCheckBox-label","interaction":{"idSuffix":"bdi"}},"wdio_ui5_key":"applicationmanagesites-display-component---NewSite--siteWhmCheckBox-label"}]}
COMMAND: GET /session/582ce5f850a124cd0c5f6fc14f02a0d2/screenshot - {}
RESULT: {"script":"<script> [1562 bytes]","args":[{"selector":{"id":"application-managesites-display-component---NewSite--siteWhmCheckBox-label","interaction":{"idSuffix":"bdi"}},"wdio_ui5_key":"applicationmanagesites-display-component---NewSite--siteWhmCheckBox-label"}]}
RESULT: undefined
COMMAND: POST /session/582ce5f850a124cd0c5f6fc14f02a0d2/element - {"using":"xpath","value":"//*[@id=\"application-managesites-display-component---NewSite--siteWhmCheckBox-label\"]"}
RESULT: {}
RESULT: {"using":"xpath","value":"//*[@id=\"application-managesites-display-component---NewSite--siteWhmCheckBox-label\"]"}
COMMAND: POST /session/582ce5f850a124cd0c5f6fc14f02a0d2/element/f.92142B0E1996143B500ED3F2A7F6BA2F.d.2A6321C13A4F7804474577E83CC06300.e.2355/click - {}
RESULT: {}
COMMAND: POST /session/582ce5f850a124cd0c5f6fc14f02a0d2/execute/async - {"script":"<script> [1562 bytes]","args":[{"selector":{"controlType":"sap.m.Button","viewName":"etm.portal.ui.managesites.view.NewSmartSite","viewId":"application-managesites-display-component---NewSite","i18NText":{"propertyName":"text","key":"save"},"interaction":{"idSuffix":"BDI-content"}},"wdio_ui5_key":"etmportal.ui.managesites.view.NewSmartSitesap.m.Button{\"propertyName\":\"text\",\"key\":\"save\"}"}]}
COMMAND: GET /session/582ce5f850a124cd0c5f6fc14f02a0d2/screenshot - {}
RESULT: {"script":"<script> [1562 bytes]","args":[{"selector":{"controlType":"sap.m.Button","viewName":"etm.portal.ui.managesites.view.NewSmartSite","viewId":"application-managesites-display-component---NewSite","i18NText":{"propertyName":"text","key":"save"},"interaction":{"idSuffix":"BDI-content"}},"wdio_ui5_key":"etmportal.ui.managesites.view.NewSmartSitesap.m.Button{\"propertyName\":\"text\",\"key\":\"save\"}"}]}
RESULT: undefined
COMMAND: POST /session/582ce5f850a124cd0c5f6fc14f02a0d2/element - {"using":"xpath","value":"//*[@id=\"__button64\"]"}
RESULT: {}
RESULT: {"using":"xpath","value":"//*[@id=\"__button64\"]"}
COMMAND: POST /session/582ce5f850a124cd0c5f6fc14f02a0d2/element/f.92142B0E1996143B500ED3F2A7F6BA2F.d.2A6321C13A4F7804474577E83CC06300.e.2325/click - {}
RESULT: {}
COMMAND: GET /session/582ce5f850a124cd0c5f6fc14f02a0d2/screenshot - {}
COMMAND: POST /session/582ce5f850a124cd0c5f6fc14f02a0d2/element - {"using":"xpath","value":"//header/div/div[2]/div[2]/span"}
RESULT: {}
RESULT: {"using":"xpath","value":"//header/div/div[2]/div[2]/span"}
COMMAND: GET /session/582ce5f850a124cd0c5f6fc14f02a0d2/element/f.92142B0E1996143B500ED3F2A7F6BA2F.d.2A6321C13A4F7804474577E83CC06300.e.2568/text - {}
RESULT: {}
COMMAND: POST /session/582ce5f850a124cd0c5f6fc14f02a0d2/execute/async - {"script":"<script> [1562 bytes]","args":[{"selector":{"id":"application-managesites-display-component---detailSite--addressDetailDetailsYardText"},"wdio_ui5_key":"applicationmanagesites-display-component---detailSite--addressDetailDetailsYardText"}]}
RESULT: {"script":"<script> [1562 bytes]","args":[{"selector":{"id":"application-managesites-display-component---detailSite--addressDetailDetailsYardText"},"wdio_ui5_key":"applicationmanagesites-display-component---detailSite--addressDetailDetailsYardText"}]}
RESULT: undefined
COMMAND: POST /session/582ce5f850a124cd0c5f6fc14f02a0d2/execute/async - {"script":"<script> [1562 bytes]","args":[{"selector":{"controlType":"sap.m.Label","viewName":"etm.portal.ui.managesites.view.Detail","viewId":"application-managesites-display-component---detailSite","i18NText":{"propertyName":"text","key":"status"}},"wdio_ui5_key":"etmportal.ui.managesites.view.Detailsap.m.Label{\"propertyName\":\"text\",\"key\":\"status\"}"}]}
RESULT: {"script":"<script> [1562 bytes]","args":[{"selector":{"controlType":"sap.m.Label","viewName":"etm.portal.ui.managesites.view.Detail","viewId":"application-managesites-display-component---detailSite","i18NText":{"propertyName":"text","key":"status"}},"wdio_ui5_key":"etmportal.ui.managesites.view.Detailsap.m.Label{\"propertyName\":\"text\",\"key\":\"status\"}"}]}
RESULT: undefined
COMMAND: POST /session/582ce5f850a124cd0c5f6fc14f02a0d2/execute/async - {"script":"<script> [6424 bytes]","args":[{"element-6066-11e4-a52e-4f735466cecf":"f.92142B0E1996143B500ED3F2A7F6BA2F.d.2A6321C13A4F7804474577E83CC06300.e.2557"},"getText",[]]}
RESULT: {"script":"<script> [6424 bytes]","args":[{"element-6066-11e4-a52e-4f735466cecf":"f.92142B0E1996143B500ED3F2A7F6BA2F.d.2A6321C13A4F7804474577E83CC06300.e.2557"},"getText",[]]}
COMMAND: POST /session/582ce5f850a124cd0c5f6fc14f02a0d2/execute/async - {"script":"<script> [1562 bytes]","args":[{"selector":{"id":"shell-header","interaction":{"idSuffix":"icon"}},"wdio_ui5_key":"shellheader"}]}
RESULT: {"script":"<script> [1562 bytes]","args":[{"selector":{"id":"shell-header","interaction":{"idSuffix":"icon"}},"wdio_ui5_key":"shellheader"}]}
RESULT: undefined
COMMAND: POST /session/582ce5f850a124cd0c5f6fc14f02a0d2/element - {"using":"xpath","value":"//*[@id=\"shell-header\"]"}
RESULT: {"using":"xpath","value":"//*[@id=\"shell-header\"]"}
COMMAND: POST /session/582ce5f850a124cd0c5f6fc14f02a0d2/element/f.92142B0E1996143B500ED3F2A7F6BA2F.d.2A6321C13A4F7804474577E83CC06300.e.2569/click - {}
RESULT: {}
]]></system-out>
    </testcase>
    <testcase classname="chrome.135_0_7049_96.windows.Stock_increase_-_with_WHM_US125587" name="Create WHM material" time="254.95">
      <system-out><![CDATA[
COMMAND: POST /session/582ce5f850a124cd0c5f6fc14f02a0d2/element - {"using":"css selector","value":"#shell-header-logo"}
COMMAND: GET /session/582ce5f850a124cd0c5f6fc14f02a0d2/screenshot - {}
RESULT: {"using":"css selector","value":"#shell-header-logo"}
COMMAND: POST /session/582ce5f850a124cd0c5f6fc14f02a0d2/element/f.92142B0E1996143B500ED3F2A7F6BA2F.d.2A6321C13A4F7804474577E83CC06300.e.1655/click - {}
RESULT: {}
RESULT: {}
COMMAND: GET /session/582ce5f850a124cd0c5f6fc14f02a0d2/screenshot - {}
RESULT: {}
COMMAND: POST /session/582ce5f850a124cd0c5f6fc14f02a0d2/execute/async - {"script":"<script> [1562 bytes]","args":[{"selector":{"controlType":"sap.m.GenericTile","properties":{"header":"Manage Resources"}},"wdio_ui5_key":"sapm.GenericTile{\"header\":\"Manage Resources\"}"}]}
RESULT: {"script":"<script> [1562 bytes]","args":[{"selector":{"controlType":"sap.m.GenericTile","properties":{"header":"Manage Resources"}},"wdio_ui5_key":"sapm.GenericTile{\"header\":\"Manage Resources\"}"}]}
RESULT: undefined
COMMAND: POST /session/582ce5f850a124cd0c5f6fc14f02a0d2/element - {"using":"xpath","value":"//*[@id=\"__tile50\"]"}
RESULT: {"using":"xpath","value":"//*[@id=\"__tile50\"]"}
COMMAND: POST /session/582ce5f850a124cd0c5f6fc14f02a0d2/element/f.92142B0E1996143B500ED3F2A7F6BA2F.d.2A6321C13A4F7804474577E83CC06300.e.2574/click - {}
RESULT: {}
COMMAND: GET /session/582ce5f850a124cd0c5f6fc14f02a0d2/screenshot - {}
RESULT: {}
COMMAND: POST /session/582ce5f850a124cd0c5f6fc14f02a0d2/element - {"using":"xpath","value":"//button[@data-kt=\"addNewRUOverflowToolbarButton\"]"}
RESULT: {"using":"xpath","value":"//button[@data-kt=\"addNewRUOverflowToolbarButton\"]"}
COMMAND: POST /session/582ce5f850a124cd0c5f6fc14f02a0d2/element - {"using":"xpath","value":"//button[@data-kt=\"addNewRUOverflowToolbarButton\"]"}
RESULT: {"using":"xpath","value":"//button[@data-kt=\"addNewRUOverflowToolbarButton\"]"}
COMMAND: POST /session/582ce5f850a124cd0c5f6fc14f02a0d2/execute/sync - {"script":"<script> [8489 bytes]","args":[{"element-6066-11e4-a52e-4f735466cecf":"f.92142B0E1996143B500ED3F2A7F6BA2F.d.2A6321C13A4F7804474577E83CC06300.e.2618","ELEMENT":"f.92142B0E1996143B500ED3F2A7F6BA2F.d.2A6321C13A4F7804474577E83CC06300.e.2618"}]}
RESULT: {"script":"<script> [8489 bytes]","args":[{"element-6066-11e4-a52e-4f735466cecf":"f.92142B0E1996143B500ED3F2A7F6BA2F.d.2A6321C13A4F7804474577E83CC06300.e.2618","ELEMENT":"f.92142B0E1996143B500ED3F2A7F6BA2F.d.2A6321C13A4F7804474577E83CC06300.e.2618"}]}
COMMAND: POST /session/582ce5f850a124cd0c5f6fc14f02a0d2/element/f.92142B0E1996143B500ED3F2A7F6BA2F.d.2A6321C13A4F7804474577E83CC06300.e.2618/click - {}
COMMAND: GET /session/582ce5f850a124cd0c5f6fc14f02a0d2/screenshot - {}
RESULT: {}
COMMAND: GET /session/582ce5f850a124cd0c5f6fc14f02a0d2/screenshot - {}
RESULT: {}
COMMAND: POST /session/582ce5f850a124cd0c5f6fc14f02a0d2/execute/async - {"script":"<script> [1562 bytes]","args":[{"selector":{"controlType":"sap.m.ComboBox","viewName":"reusables.view.manageresources.NewResourceUnit","viewId":"application-manageresources-display-component---newResourceUnit","bindingPath":{"path":"","propertyPath":"/RuTypes","modelName":"catalogModel"},"searchOpenDialogs":true},"wdio_ui5_key":"reusablesview.manageresources.NewResourceUnitsap.m.ComboBox{\"path\":\"\",\"propertyPath\":\"/RuTypes\",\"modelName\":\"catalogModel\"}"}]}
RESULT: {}
RESULT: {"script":"<script> [1562 bytes]","args":[{"selector":{"controlType":"sap.m.ComboBox","viewName":"reusables.view.manageresources.NewResourceUnit","viewId":"application-manageresources-display-component---newResourceUnit","bindingPath":{"path":"","propertyPath":"/RuTypes","modelName":"catalogModel"},"searchOpenDialogs":true},"wdio_ui5_key":"reusablesview.manageresources.NewResourceUnitsap.m.ComboBox{\"path\":\"\",\"propertyPath\":\"/RuTypes\",\"modelName\":\"catalogModel\"}"}]}
RESULT: undefined
COMMAND: POST /session/582ce5f850a124cd0c5f6fc14f02a0d2/execute/async - {"script":"<script> [1562 bytes]","args":[{"selector":{"controlType":"sap.m.ComboBox","viewName":"reusables.view.manageresources.NewResourceUnit","viewId":"application-manageresources-display-component---newResourceUnit","bindingPath":{"path":"","propertyPath":"/Yards","modelName":"catalogModel"},"searchOpenDialogs":true},"wdio_ui5_key":"reusablesview.manageresources.NewResourceUnitsap.m.ComboBox{\"path\":\"\",\"propertyPath\":\"/Yards\",\"modelName\":\"catalogModel\"}"}]}
RESULT: {"script":"<script> [1562 bytes]","args":[{"selector":{"controlType":"sap.m.ComboBox","viewName":"reusables.view.manageresources.NewResourceUnit","viewId":"application-manageresources-display-component---newResourceUnit","bindingPath":{"path":"","propertyPath":"/Yards","modelName":"catalogModel"},"searchOpenDialogs":true},"wdio_ui5_key":"reusablesview.manageresources.NewResourceUnitsap.m.ComboBox{\"path\":\"\",\"propertyPath\":\"/Yards\",\"modelName\":\"catalogModel\"}"}]}
RESULT: undefined
COMMAND: POST /session/582ce5f850a124cd0c5f6fc14f02a0d2/execute/async - {"script":"<script> [1562 bytes]","args":[{"selector":{"controlType":"etm.portal.ui.reusables.customControls.LiveSearchComboBox","viewName":"reusables.view.manageresources.NewResourceUnit","viewId":"application-manageresources-display-component---newResourceUnit","bindingPath":{"path":"","propertyPath":"/CatalogItems","modelName":"catalogModel"},"searchOpenDialogs":true},"wdio_ui5_key":"reusablesview.manageresources.NewResourceUnitetm.portal.ui.reusables.customControls.LiveSearchComboBox{\"path\":\"\",\"propertyPath\":\"/CatalogItems\",\"modelName\":\"catalogModel\"}"}]}
RESULT: {"script":"<script> [1562 bytes]","args":[{"selector":{"controlType":"etm.portal.ui.reusables.customControls.LiveSearchComboBox","viewName":"reusables.view.manageresources.NewResourceUnit","viewId":"application-manageresources-display-component---newResourceUnit","bindingPath":{"path":"","propertyPath":"/CatalogItems","modelName":"catalogModel"},"searchOpenDialogs":true},"wdio_ui5_key":"reusablesview.manageresources.NewResourceUnitetm.portal.ui.reusables.customControls.LiveSearchComboBox{\"path\":\"\",\"propertyPath\":\"/CatalogItems\",\"modelName\":\"catalogModel\"}"}]}
RESULT: undefined
COMMAND: POST /session/582ce5f850a124cd0c5f6fc14f02a0d2/element - {"using":"xpath","value":"//bdi[text()=\"OK\"]"}
RESULT: {"using":"xpath","value":"//bdi[text()=\"OK\"]"}
COMMAND: POST /session/582ce5f850a124cd0c5f6fc14f02a0d2/elements - {"using":"xpath","value":"//bdi[text()=\"OK\"]"}
RESULT: {"using":"xpath","value":"//bdi[text()=\"OK\"]"}
COMMAND: POST /session/582ce5f850a124cd0c5f6fc14f02a0d2/elements - {"using":"xpath","value":"//bdi[text()=\"OK\"]"}
RESULT: {"using":"xpath","value":"//bdi[text()=\"OK\"]"}
COMMAND: POST /session/582ce5f850a124cd0c5f6fc14f02a0d2/elements - {"using":"xpath","value":"//bdi[text()=\"OK\"]"}
RESULT: {"using":"xpath","value":"//bdi[text()=\"OK\"]"}
COMMAND: POST /session/582ce5f850a124cd0c5f6fc14f02a0d2/elements - {"using":"xpath","value":"//bdi[text()=\"OK\"]"}
RESULT: {"using":"xpath","value":"//bdi[text()=\"OK\"]"}
COMMAND: POST /session/582ce5f850a124cd0c5f6fc14f02a0d2/elements - {"using":"xpath","value":"//bdi[text()=\"OK\"]"}
RESULT: {"using":"xpath","value":"//bdi[text()=\"OK\"]"}
COMMAND: POST /session/582ce5f850a124cd0c5f6fc14f02a0d2/elements - {"using":"xpath","value":"//bdi[text()=\"OK\"]"}
RESULT: {"using":"xpath","value":"//bdi[text()=\"OK\"]"}
COMMAND: POST /session/582ce5f850a124cd0c5f6fc14f02a0d2/elements - {"using":"xpath","value":"//bdi[text()=\"OK\"]"}
RESULT: {"using":"xpath","value":"//bdi[text()=\"OK\"]"}
COMMAND: POST /session/582ce5f850a124cd0c5f6fc14f02a0d2/elements - {"using":"xpath","value":"//bdi[text()=\"OK\"]"}
RESULT: {"using":"xpath","value":"//bdi[text()=\"OK\"]"}
COMMAND: POST /session/582ce5f850a124cd0c5f6fc14f02a0d2/elements - {"using":"xpath","value":"//bdi[text()=\"OK\"]"}
RESULT: {"using":"xpath","value":"//bdi[text()=\"OK\"]"}
COMMAND: POST /session/582ce5f850a124cd0c5f6fc14f02a0d2/elements - {"using":"xpath","value":"//bdi[text()=\"OK\"]"}
RESULT: {"using":"xpath","value":"//bdi[text()=\"OK\"]"}
COMMAND: POST /session/582ce5f850a124cd0c5f6fc14f02a0d2/elements - {"using":"xpath","value":"//bdi[text()=\"OK\"]"}
RESULT: {"using":"xpath","value":"//bdi[text()=\"OK\"]"}
COMMAND: POST /session/582ce5f850a124cd0c5f6fc14f02a0d2/elements - {"using":"xpath","value":"//bdi[text()=\"OK\"]"}
RESULT: {"using":"xpath","value":"//bdi[text()=\"OK\"]"}
COMMAND: POST /session/582ce5f850a124cd0c5f6fc14f02a0d2/elements - {"using":"xpath","value":"//bdi[text()=\"OK\"]"}
RESULT: {"using":"xpath","value":"//bdi[text()=\"OK\"]"}
COMMAND: POST /session/582ce5f850a124cd0c5f6fc14f02a0d2/elements - {"using":"xpath","value":"//bdi[text()=\"OK\"]"}
RESULT: {"using":"xpath","value":"//bdi[text()=\"OK\"]"}
COMMAND: POST /session/582ce5f850a124cd0c5f6fc14f02a0d2/elements - {"using":"xpath","value":"//bdi[text()=\"OK\"]"}
RESULT: {"using":"xpath","value":"//bdi[text()=\"OK\"]"}
COMMAND: POST /session/582ce5f850a124cd0c5f6fc14f02a0d2/elements - {"using":"xpath","value":"//bdi[text()=\"OK\"]"}
RESULT: {"using":"xpath","value":"//bdi[text()=\"OK\"]"}
COMMAND: POST /session/582ce5f850a124cd0c5f6fc14f02a0d2/elements - {"using":"xpath","value":"//bdi[text()=\"OK\"]"}
RESULT: {"using":"xpath","value":"//bdi[text()=\"OK\"]"}
COMMAND: POST /session/582ce5f850a124cd0c5f6fc14f02a0d2/elements - {"using":"xpath","value":"//bdi[text()=\"OK\"]"}
RESULT: {"using":"xpath","value":"//bdi[text()=\"OK\"]"}
COMMAND: POST /session/582ce5f850a124cd0c5f6fc14f02a0d2/elements - {"using":"xpath","value":"//bdi[text()=\"OK\"]"}
RESULT: {"using":"xpath","value":"//bdi[text()=\"OK\"]"}
COMMAND: POST /session/582ce5f850a124cd0c5f6fc14f02a0d2/elements - {"using":"xpath","value":"//bdi[text()=\"OK\"]"}
RESULT: {"using":"xpath","value":"//bdi[text()=\"OK\"]"}
COMMAND: POST /session/582ce5f850a124cd0c5f6fc14f02a0d2/elements - {"using":"xpath","value":"//bdi[text()=\"OK\"]"}
RESULT: {"using":"xpath","value":"//bdi[text()=\"OK\"]"}
COMMAND: POST /session/582ce5f850a124cd0c5f6fc14f02a0d2/elements - {"using":"xpath","value":"//bdi[text()=\"OK\"]"}
RESULT: {"using":"xpath","value":"//bdi[text()=\"OK\"]"}
COMMAND: POST /session/582ce5f850a124cd0c5f6fc14f02a0d2/elements - {"using":"xpath","value":"//bdi[text()=\"OK\"]"}
RESULT: {"using":"xpath","value":"//bdi[text()=\"OK\"]"}
COMMAND: POST /session/582ce5f850a124cd0c5f6fc14f02a0d2/elements - {"using":"xpath","value":"//bdi[text()=\"OK\"]"}
RESULT: {"using":"xpath","value":"//bdi[text()=\"OK\"]"}
COMMAND: POST /session/582ce5f850a124cd0c5f6fc14f02a0d2/elements - {"using":"xpath","value":"//bdi[text()=\"OK\"]"}
RESULT: {"using":"xpath","value":"//bdi[text()=\"OK\"]"}
COMMAND: POST /session/582ce5f850a124cd0c5f6fc14f02a0d2/elements - {"using":"xpath","value":"//bdi[text()=\"OK\"]"}
RESULT: {"using":"xpath","value":"//bdi[text()=\"OK\"]"}
COMMAND: POST /session/582ce5f850a124cd0c5f6fc14f02a0d2/elements - {"using":"xpath","value":"//bdi[text()=\"OK\"]"}
RESULT: {"using":"xpath","value":"//bdi[text()=\"OK\"]"}
COMMAND: POST /session/582ce5f850a124cd0c5f6fc14f02a0d2/elements - {"using":"xpath","value":"//bdi[text()=\"OK\"]"}
RESULT: {"using":"xpath","value":"//bdi[text()=\"OK\"]"}
COMMAND: POST /session/582ce5f850a124cd0c5f6fc14f02a0d2/elements - {"using":"xpath","value":"//bdi[text()=\"OK\"]"}
RESULT: {"using":"xpath","value":"//bdi[text()=\"OK\"]"}
COMMAND: POST /session/582ce5f850a124cd0c5f6fc14f02a0d2/elements - {"using":"xpath","value":"//bdi[text()=\"OK\"]"}
RESULT: {"using":"xpath","value":"//bdi[text()=\"OK\"]"}
COMMAND: POST /session/582ce5f850a124cd0c5f6fc14f02a0d2/elements - {"using":"xpath","value":"//bdi[text()=\"OK\"]"}
RESULT: {"using":"xpath","value":"//bdi[text()=\"OK\"]"}
COMMAND: POST /session/582ce5f850a124cd0c5f6fc14f02a0d2/elements - {"using":"xpath","value":"//bdi[text()=\"OK\"]"}
RESULT: {"using":"xpath","value":"//bdi[text()=\"OK\"]"}
COMMAND: POST /session/582ce5f850a124cd0c5f6fc14f02a0d2/elements - {"using":"xpath","value":"//bdi[text()=\"OK\"]"}
RESULT: {"using":"xpath","value":"//bdi[text()=\"OK\"]"}
COMMAND: POST /session/582ce5f850a124cd0c5f6fc14f02a0d2/elements - {"using":"xpath","value":"//bdi[text()=\"OK\"]"}
RESULT: {"using":"xpath","value":"//bdi[text()=\"OK\"]"}
COMMAND: POST /session/582ce5f850a124cd0c5f6fc14f02a0d2/elements - {"using":"xpath","value":"//bdi[text()=\"OK\"]"}
RESULT: {"using":"xpath","value":"//bdi[text()=\"OK\"]"}
COMMAND: POST /session/582ce5f850a124cd0c5f6fc14f02a0d2/elements - {"using":"xpath","value":"//bdi[text()=\"OK\"]"}
RESULT: {"using":"xpath","value":"//bdi[text()=\"OK\"]"}
COMMAND: POST /session/582ce5f850a124cd0c5f6fc14f02a0d2/elements - {"using":"xpath","value":"//bdi[text()=\"OK\"]"}
RESULT: {"using":"xpath","value":"//bdi[text()=\"OK\"]"}
COMMAND: POST /session/582ce5f850a124cd0c5f6fc14f02a0d2/elements - {"using":"xpath","value":"//bdi[text()=\"OK\"]"}
RESULT: {"using":"xpath","value":"//bdi[text()=\"OK\"]"}
COMMAND: POST /session/582ce5f850a124cd0c5f6fc14f02a0d2/elements - {"using":"xpath","value":"//bdi[text()=\"OK\"]"}
RESULT: {"using":"xpath","value":"//bdi[text()=\"OK\"]"}
COMMAND: POST /session/582ce5f850a124cd0c5f6fc14f02a0d2/elements - {"using":"xpath","value":"//bdi[text()=\"OK\"]"}
RESULT: {"using":"xpath","value":"//bdi[text()=\"OK\"]"}
COMMAND: POST /session/582ce5f850a124cd0c5f6fc14f02a0d2/elements - {"using":"xpath","value":"//bdi[text()=\"OK\"]"}
RESULT: {"using":"xpath","value":"//bdi[text()=\"OK\"]"}
COMMAND: POST /session/582ce5f850a124cd0c5f6fc14f02a0d2/elements - {"using":"xpath","value":"//bdi[text()=\"OK\"]"}
RESULT: {"using":"xpath","value":"//bdi[text()=\"OK\"]"}
COMMAND: POST /session/582ce5f850a124cd0c5f6fc14f02a0d2/elements - {"using":"xpath","value":"//bdi[text()=\"OK\"]"}
RESULT: {"using":"xpath","value":"//bdi[text()=\"OK\"]"}
COMMAND: POST /session/582ce5f850a124cd0c5f6fc14f02a0d2/elements - {"using":"xpath","value":"//bdi[text()=\"OK\"]"}
RESULT: {"using":"xpath","value":"//bdi[text()=\"OK\"]"}
COMMAND: POST /session/582ce5f850a124cd0c5f6fc14f02a0d2/elements - {"using":"xpath","value":"//bdi[text()=\"OK\"]"}
RESULT: {"using":"xpath","value":"//bdi[text()=\"OK\"]"}
COMMAND: POST /session/582ce5f850a124cd0c5f6fc14f02a0d2/elements - {"using":"xpath","value":"//bdi[text()=\"OK\"]"}
RESULT: {"using":"xpath","value":"//bdi[text()=\"OK\"]"}
COMMAND: POST /session/582ce5f850a124cd0c5f6fc14f02a0d2/elements - {"using":"xpath","value":"//bdi[text()=\"OK\"]"}
RESULT: {"using":"xpath","value":"//bdi[text()=\"OK\"]"}
COMMAND: POST /session/582ce5f850a124cd0c5f6fc14f02a0d2/elements - {"using":"xpath","value":"//bdi[text()=\"OK\"]"}
RESULT: {"using":"xpath","value":"//bdi[text()=\"OK\"]"}
COMMAND: POST /session/582ce5f850a124cd0c5f6fc14f02a0d2/elements - {"using":"xpath","value":"//bdi[text()=\"OK\"]"}
RESULT: {"using":"xpath","value":"//bdi[text()=\"OK\"]"}
COMMAND: POST /session/582ce5f850a124cd0c5f6fc14f02a0d2/elements - {"using":"xpath","value":"//bdi[text()=\"OK\"]"}
RESULT: {"using":"xpath","value":"//bdi[text()=\"OK\"]"}
COMMAND: POST /session/582ce5f850a124cd0c5f6fc14f02a0d2/elements - {"using":"xpath","value":"//bdi[text()=\"OK\"]"}
RESULT: {"using":"xpath","value":"//bdi[text()=\"OK\"]"}
COMMAND: POST /session/582ce5f850a124cd0c5f6fc14f02a0d2/elements - {"using":"xpath","value":"//bdi[text()=\"OK\"]"}
RESULT: {"using":"xpath","value":"//bdi[text()=\"OK\"]"}
COMMAND: POST /session/582ce5f850a124cd0c5f6fc14f02a0d2/elements - {"using":"xpath","value":"//bdi[text()=\"OK\"]"}
RESULT: {"using":"xpath","value":"//bdi[text()=\"OK\"]"}
COMMAND: POST /session/582ce5f850a124cd0c5f6fc14f02a0d2/elements - {"using":"xpath","value":"//bdi[text()=\"OK\"]"}
RESULT: {"using":"xpath","value":"//bdi[text()=\"OK\"]"}
COMMAND: POST /session/582ce5f850a124cd0c5f6fc14f02a0d2/elements - {"using":"xpath","value":"//bdi[text()=\"OK\"]"}
RESULT: {"using":"xpath","value":"//bdi[text()=\"OK\"]"}
COMMAND: POST /session/582ce5f850a124cd0c5f6fc14f02a0d2/elements - {"using":"xpath","value":"//bdi[text()=\"OK\"]"}
RESULT: {"using":"xpath","value":"//bdi[text()=\"OK\"]"}
COMMAND: POST /session/582ce5f850a124cd0c5f6fc14f02a0d2/elements - {"using":"xpath","value":"//bdi[text()=\"OK\"]"}
RESULT: {"using":"xpath","value":"//bdi[text()=\"OK\"]"}
COMMAND: POST /session/582ce5f850a124cd0c5f6fc14f02a0d2/elements - {"using":"xpath","value":"//bdi[text()=\"OK\"]"}
RESULT: {"using":"xpath","value":"//bdi[text()=\"OK\"]"}
COMMAND: POST /session/582ce5f850a124cd0c5f6fc14f02a0d2/elements - {"using":"xpath","value":"//bdi[text()=\"OK\"]"}
RESULT: {"using":"xpath","value":"//bdi[text()=\"OK\"]"}
COMMAND: POST /session/582ce5f850a124cd0c5f6fc14f02a0d2/elements - {"using":"xpath","value":"//bdi[text()=\"OK\"]"}
RESULT: {"using":"xpath","value":"//bdi[text()=\"OK\"]"}
COMMAND: POST /session/582ce5f850a124cd0c5f6fc14f02a0d2/elements - {"using":"xpath","value":"//bdi[text()=\"OK\"]"}
RESULT: {"using":"xpath","value":"//bdi[text()=\"OK\"]"}
COMMAND: POST /session/582ce5f850a124cd0c5f6fc14f02a0d2/elements - {"using":"xpath","value":"//bdi[text()=\"OK\"]"}
RESULT: {"using":"xpath","value":"//bdi[text()=\"OK\"]"}
COMMAND: POST /session/582ce5f850a124cd0c5f6fc14f02a0d2/elements - {"using":"xpath","value":"//bdi[text()=\"OK\"]"}
RESULT: {"using":"xpath","value":"//bdi[text()=\"OK\"]"}
COMMAND: POST /session/582ce5f850a124cd0c5f6fc14f02a0d2/elements - {"using":"xpath","value":"//bdi[text()=\"OK\"]"}
RESULT: {"using":"xpath","value":"//bdi[text()=\"OK\"]"}
COMMAND: POST /session/582ce5f850a124cd0c5f6fc14f02a0d2/elements - {"using":"xpath","value":"//bdi[text()=\"OK\"]"}
RESULT: {"using":"xpath","value":"//bdi[text()=\"OK\"]"}
COMMAND: POST /session/582ce5f850a124cd0c5f6fc14f02a0d2/elements - {"using":"xpath","value":"//bdi[text()=\"OK\"]"}
RESULT: {"using":"xpath","value":"//bdi[text()=\"OK\"]"}
COMMAND: POST /session/582ce5f850a124cd0c5f6fc14f02a0d2/elements - {"using":"xpath","value":"//bdi[text()=\"OK\"]"}
RESULT: {"using":"xpath","value":"//bdi[text()=\"OK\"]"}
COMMAND: POST /session/582ce5f850a124cd0c5f6fc14f02a0d2/elements - {"using":"xpath","value":"//bdi[text()=\"OK\"]"}
RESULT: {"using":"xpath","value":"//bdi[text()=\"OK\"]"}
COMMAND: POST /session/582ce5f850a124cd0c5f6fc14f02a0d2/elements - {"using":"xpath","value":"//bdi[text()=\"OK\"]"}
RESULT: {"using":"xpath","value":"//bdi[text()=\"OK\"]"}
COMMAND: POST /session/582ce5f850a124cd0c5f6fc14f02a0d2/elements - {"using":"xpath","value":"//bdi[text()=\"OK\"]"}
RESULT: {"using":"xpath","value":"//bdi[text()=\"OK\"]"}
COMMAND: POST /session/582ce5f850a124cd0c5f6fc14f02a0d2/elements - {"using":"xpath","value":"//bdi[text()=\"OK\"]"}
RESULT: {"using":"xpath","value":"//bdi[text()=\"OK\"]"}
COMMAND: POST /session/582ce5f850a124cd0c5f6fc14f02a0d2/elements - {"using":"xpath","value":"//bdi[text()=\"OK\"]"}
RESULT: {"using":"xpath","value":"//bdi[text()=\"OK\"]"}
COMMAND: POST /session/582ce5f850a124cd0c5f6fc14f02a0d2/elements - {"using":"xpath","value":"//bdi[text()=\"OK\"]"}
RESULT: {"using":"xpath","value":"//bdi[text()=\"OK\"]"}
COMMAND: POST /session/582ce5f850a124cd0c5f6fc14f02a0d2/elements - {"using":"xpath","value":"//bdi[text()=\"OK\"]"}
RESULT: {"using":"xpath","value":"//bdi[text()=\"OK\"]"}
COMMAND: POST /session/582ce5f850a124cd0c5f6fc14f02a0d2/elements - {"using":"xpath","value":"//bdi[text()=\"OK\"]"}
RESULT: {"using":"xpath","value":"//bdi[text()=\"OK\"]"}
COMMAND: POST /session/582ce5f850a124cd0c5f6fc14f02a0d2/elements - {"using":"xpath","value":"//bdi[text()=\"OK\"]"}
RESULT: {"using":"xpath","value":"//bdi[text()=\"OK\"]"}
COMMAND: POST /session/582ce5f850a124cd0c5f6fc14f02a0d2/elements - {"using":"xpath","value":"//bdi[text()=\"OK\"]"}
RESULT: {"using":"xpath","value":"//bdi[text()=\"OK\"]"}
COMMAND: POST /session/582ce5f850a124cd0c5f6fc14f02a0d2/elements - {"using":"xpath","value":"//bdi[text()=\"OK\"]"}
RESULT: {"using":"xpath","value":"//bdi[text()=\"OK\"]"}
COMMAND: POST /session/582ce5f850a124cd0c5f6fc14f02a0d2/elements - {"using":"xpath","value":"//bdi[text()=\"OK\"]"}
RESULT: {"using":"xpath","value":"//bdi[text()=\"OK\"]"}
COMMAND: POST /session/582ce5f850a124cd0c5f6fc14f02a0d2/elements - {"using":"xpath","value":"//bdi[text()=\"OK\"]"}
RESULT: {"using":"xpath","value":"//bdi[text()=\"OK\"]"}
COMMAND: POST /session/582ce5f850a124cd0c5f6fc14f02a0d2/elements - {"using":"xpath","value":"//bdi[text()=\"OK\"]"}
RESULT: {"using":"xpath","value":"//bdi[text()=\"OK\"]"}
COMMAND: POST /session/582ce5f850a124cd0c5f6fc14f02a0d2/elements - {"using":"xpath","value":"//bdi[text()=\"OK\"]"}
RESULT: {"using":"xpath","value":"//bdi[text()=\"OK\"]"}
COMMAND: POST /session/582ce5f850a124cd0c5f6fc14f02a0d2/elements - {"using":"xpath","value":"//bdi[text()=\"OK\"]"}
RESULT: {"using":"xpath","value":"//bdi[text()=\"OK\"]"}
COMMAND: POST /session/582ce5f850a124cd0c5f6fc14f02a0d2/elements - {"using":"xpath","value":"//bdi[text()=\"OK\"]"}
RESULT: {"using":"xpath","value":"//bdi[text()=\"OK\"]"}
COMMAND: POST /session/582ce5f850a124cd0c5f6fc14f02a0d2/elements - {"using":"xpath","value":"//bdi[text()=\"OK\"]"}
RESULT: {"using":"xpath","value":"//bdi[text()=\"OK\"]"}
COMMAND: POST /session/582ce5f850a124cd0c5f6fc14f02a0d2/elements - {"using":"xpath","value":"//bdi[text()=\"OK\"]"}
RESULT: {"using":"xpath","value":"//bdi[text()=\"OK\"]"}
COMMAND: POST /session/582ce5f850a124cd0c5f6fc14f02a0d2/elements - {"using":"xpath","value":"//bdi[text()=\"OK\"]"}
RESULT: {"using":"xpath","value":"//bdi[text()=\"OK\"]"}
COMMAND: POST /session/582ce5f850a124cd0c5f6fc14f02a0d2/elements - {"using":"xpath","value":"//bdi[text()=\"OK\"]"}
RESULT: {"using":"xpath","value":"//bdi[text()=\"OK\"]"}
COMMAND: POST /session/582ce5f850a124cd0c5f6fc14f02a0d2/elements - {"using":"xpath","value":"//bdi[text()=\"OK\"]"}
RESULT: {"using":"xpath","value":"//bdi[text()=\"OK\"]"}
COMMAND: POST /session/582ce5f850a124cd0c5f6fc14f02a0d2/elements - {"using":"xpath","value":"//bdi[text()=\"OK\"]"}
RESULT: {"using":"xpath","value":"//bdi[text()=\"OK\"]"}
COMMAND: POST /session/582ce5f850a124cd0c5f6fc14f02a0d2/elements - {"using":"xpath","value":"//bdi[text()=\"OK\"]"}
RESULT: {"using":"xpath","value":"//bdi[text()=\"OK\"]"}
COMMAND: POST /session/582ce5f850a124cd0c5f6fc14f02a0d2/elements - {"using":"xpath","value":"//bdi[text()=\"OK\"]"}
RESULT: {"using":"xpath","value":"//bdi[text()=\"OK\"]"}
COMMAND: POST /session/582ce5f850a124cd0c5f6fc14f02a0d2/elements - {"using":"xpath","value":"//bdi[text()=\"OK\"]"}
RESULT: {"using":"xpath","value":"//bdi[text()=\"OK\"]"}
COMMAND: POST /session/582ce5f850a124cd0c5f6fc14f02a0d2/elements - {"using":"xpath","value":"//bdi[text()=\"OK\"]"}
RESULT: {"using":"xpath","value":"//bdi[text()=\"OK\"]"}
COMMAND: POST /session/582ce5f850a124cd0c5f6fc14f02a0d2/elements - {"using":"xpath","value":"//bdi[text()=\"OK\"]"}
RESULT: {"using":"xpath","value":"//bdi[text()=\"OK\"]"}
COMMAND: POST /session/582ce5f850a124cd0c5f6fc14f02a0d2/elements - {"using":"xpath","value":"//bdi[text()=\"OK\"]"}
RESULT: {"using":"xpath","value":"//bdi[text()=\"OK\"]"}
COMMAND: POST /session/582ce5f850a124cd0c5f6fc14f02a0d2/elements - {"using":"xpath","value":"//bdi[text()=\"OK\"]"}
RESULT: {"using":"xpath","value":"//bdi[text()=\"OK\"]"}
COMMAND: POST /session/582ce5f850a124cd0c5f6fc14f02a0d2/elements - {"using":"xpath","value":"//bdi[text()=\"OK\"]"}
RESULT: {"using":"xpath","value":"//bdi[text()=\"OK\"]"}
COMMAND: POST /session/582ce5f850a124cd0c5f6fc14f02a0d2/elements - {"using":"xpath","value":"//bdi[text()=\"OK\"]"}
RESULT: {"using":"xpath","value":"//bdi[text()=\"OK\"]"}
COMMAND: POST /session/582ce5f850a124cd0c5f6fc14f02a0d2/elements - {"using":"xpath","value":"//bdi[text()=\"OK\"]"}
RESULT: {"using":"xpath","value":"//bdi[text()=\"OK\"]"}
COMMAND: POST /session/582ce5f850a124cd0c5f6fc14f02a0d2/elements - {"using":"xpath","value":"//bdi[text()=\"OK\"]"}
RESULT: {"using":"xpath","value":"//bdi[text()=\"OK\"]"}
COMMAND: POST /session/582ce5f850a124cd0c5f6fc14f02a0d2/elements - {"using":"xpath","value":"//bdi[text()=\"OK\"]"}
RESULT: {"using":"xpath","value":"//bdi[text()=\"OK\"]"}
COMMAND: POST /session/582ce5f850a124cd0c5f6fc14f02a0d2/elements - {"using":"xpath","value":"//bdi[text()=\"OK\"]"}
RESULT: {"using":"xpath","value":"//bdi[text()=\"OK\"]"}
COMMAND: POST /session/582ce5f850a124cd0c5f6fc14f02a0d2/elements - {"using":"xpath","value":"//bdi[text()=\"OK\"]"}
RESULT: {"using":"xpath","value":"//bdi[text()=\"OK\"]"}
COMMAND: POST /session/582ce5f850a124cd0c5f6fc14f02a0d2/elements - {"using":"xpath","value":"//bdi[text()=\"OK\"]"}
RESULT: {"using":"xpath","value":"//bdi[text()=\"OK\"]"}
COMMAND: POST /session/582ce5f850a124cd0c5f6fc14f02a0d2/elements - {"using":"xpath","value":"//bdi[text()=\"OK\"]"}
RESULT: {"using":"xpath","value":"//bdi[text()=\"OK\"]"}
COMMAND: POST /session/582ce5f850a124cd0c5f6fc14f02a0d2/elements - {"using":"xpath","value":"//bdi[text()=\"OK\"]"}
RESULT: {"using":"xpath","value":"//bdi[text()=\"OK\"]"}
COMMAND: POST /session/582ce5f850a124cd0c5f6fc14f02a0d2/elements - {"using":"xpath","value":"//bdi[text()=\"OK\"]"}
RESULT: {"using":"xpath","value":"//bdi[text()=\"OK\"]"}
COMMAND: POST /session/582ce5f850a124cd0c5f6fc14f02a0d2/elements - {"using":"xpath","value":"//bdi[text()=\"OK\"]"}
RESULT: {"using":"xpath","value":"//bdi[text()=\"OK\"]"}
COMMAND: POST /session/582ce5f850a124cd0c5f6fc14f02a0d2/elements - {"using":"xpath","value":"//bdi[text()=\"OK\"]"}
RESULT: {"using":"xpath","value":"//bdi[text()=\"OK\"]"}
COMMAND: POST /session/582ce5f850a124cd0c5f6fc14f02a0d2/elements - {"using":"xpath","value":"//bdi[text()=\"OK\"]"}
RESULT: {"using":"xpath","value":"//bdi[text()=\"OK\"]"}
COMMAND: POST /session/582ce5f850a124cd0c5f6fc14f02a0d2/elements - {"using":"xpath","value":"//bdi[text()=\"OK\"]"}
RESULT: {"using":"xpath","value":"//bdi[text()=\"OK\"]"}
COMMAND: POST /session/582ce5f850a124cd0c5f6fc14f02a0d2/elements - {"using":"xpath","value":"//bdi[text()=\"OK\"]"}
RESULT: {"using":"xpath","value":"//bdi[text()=\"OK\"]"}
COMMAND: POST /session/582ce5f850a124cd0c5f6fc14f02a0d2/elements - {"using":"xpath","value":"//bdi[text()=\"OK\"]"}
RESULT: {"using":"xpath","value":"//bdi[text()=\"OK\"]"}
COMMAND: POST /session/582ce5f850a124cd0c5f6fc14f02a0d2/elements - {"using":"xpath","value":"//bdi[text()=\"OK\"]"}
RESULT: {"using":"xpath","value":"//bdi[text()=\"OK\"]"}
COMMAND: POST /session/582ce5f850a124cd0c5f6fc14f02a0d2/elements - {"using":"xpath","value":"//bdi[text()=\"OK\"]"}
RESULT: {"using":"xpath","value":"//bdi[text()=\"OK\"]"}
COMMAND: POST /session/582ce5f850a124cd0c5f6fc14f02a0d2/elements - {"using":"xpath","value":"//bdi[text()=\"OK\"]"}
RESULT: {"using":"xpath","value":"//bdi[text()=\"OK\"]"}
COMMAND: POST /session/582ce5f850a124cd0c5f6fc14f02a0d2/elements - {"using":"xpath","value":"//bdi[text()=\"OK\"]"}
RESULT: {"using":"xpath","value":"//bdi[text()=\"OK\"]"}
COMMAND: POST /session/582ce5f850a124cd0c5f6fc14f02a0d2/elements - {"using":"xpath","value":"//bdi[text()=\"OK\"]"}
RESULT: {"using":"xpath","value":"//bdi[text()=\"OK\"]"}
COMMAND: POST /session/582ce5f850a124cd0c5f6fc14f02a0d2/elements - {"using":"xpath","value":"//bdi[text()=\"OK\"]"}
RESULT: {"using":"xpath","value":"//bdi[text()=\"OK\"]"}
COMMAND: POST /session/582ce5f850a124cd0c5f6fc14f02a0d2/element - {"using":"xpath","value":"//bdi[text()=\"OK\"]"}
RESULT: {"using":"xpath","value":"//bdi[text()=\"OK\"]"}
COMMAND: POST /session/582ce5f850a124cd0c5f6fc14f02a0d2/elements - {"using":"xpath","value":"//bdi[text()=\"OK\"]"}
RESULT: {"using":"xpath","value":"//bdi[text()=\"OK\"]"}
COMMAND: POST /session/582ce5f850a124cd0c5f6fc14f02a0d2/elements - {"using":"xpath","value":"//bdi[text()=\"OK\"]"}
RESULT: {"using":"xpath","value":"//bdi[text()=\"OK\"]"}
COMMAND: POST /session/582ce5f850a124cd0c5f6fc14f02a0d2/elements - {"using":"xpath","value":"//bdi[text()=\"OK\"]"}
RESULT: {"using":"xpath","value":"//bdi[text()=\"OK\"]"}
COMMAND: POST /session/582ce5f850a124cd0c5f6fc14f02a0d2/elements - {"using":"xpath","value":"//bdi[text()=\"OK\"]"}
RESULT: {"using":"xpath","value":"//bdi[text()=\"OK\"]"}
COMMAND: POST /session/582ce5f850a124cd0c5f6fc14f02a0d2/elements - {"using":"xpath","value":"//bdi[text()=\"OK\"]"}
RESULT: {"using":"xpath","value":"//bdi[text()=\"OK\"]"}
COMMAND: POST /session/582ce5f850a124cd0c5f6fc14f02a0d2/elements - {"using":"xpath","value":"//bdi[text()=\"OK\"]"}
RESULT: {"using":"xpath","value":"//bdi[text()=\"OK\"]"}
COMMAND: POST /session/582ce5f850a124cd0c5f6fc14f02a0d2/elements - {"using":"xpath","value":"//bdi[text()=\"OK\"]"}
RESULT: {"using":"xpath","value":"//bdi[text()=\"OK\"]"}
COMMAND: POST /session/582ce5f850a124cd0c5f6fc14f02a0d2/elements - {"using":"xpath","value":"//bdi[text()=\"OK\"]"}
RESULT: {"using":"xpath","value":"//bdi[text()=\"OK\"]"}
COMMAND: POST /session/582ce5f850a124cd0c5f6fc14f02a0d2/elements - {"using":"xpath","value":"//bdi[text()=\"OK\"]"}
RESULT: {"using":"xpath","value":"//bdi[text()=\"OK\"]"}
COMMAND: POST /session/582ce5f850a124cd0c5f6fc14f02a0d2/elements - {"using":"xpath","value":"//bdi[text()=\"OK\"]"}
RESULT: {"using":"xpath","value":"//bdi[text()=\"OK\"]"}
COMMAND: POST /session/582ce5f850a124cd0c5f6fc14f02a0d2/elements - {"using":"xpath","value":"//bdi[text()=\"OK\"]"}
RESULT: {"using":"xpath","value":"//bdi[text()=\"OK\"]"}
COMMAND: POST /session/582ce5f850a124cd0c5f6fc14f02a0d2/elements - {"using":"xpath","value":"//bdi[text()=\"OK\"]"}
RESULT: {"using":"xpath","value":"//bdi[text()=\"OK\"]"}
COMMAND: POST /session/582ce5f850a124cd0c5f6fc14f02a0d2/elements - {"using":"xpath","value":"//bdi[text()=\"OK\"]"}
RESULT: {"using":"xpath","value":"//bdi[text()=\"OK\"]"}
COMMAND: POST /session/582ce5f850a124cd0c5f6fc14f02a0d2/elements - {"using":"xpath","value":"//bdi[text()=\"OK\"]"}
RESULT: {"using":"xpath","value":"//bdi[text()=\"OK\"]"}
COMMAND: POST /session/582ce5f850a124cd0c5f6fc14f02a0d2/elements - {"using":"xpath","value":"//bdi[text()=\"OK\"]"}
RESULT: {"using":"xpath","value":"//bdi[text()=\"OK\"]"}
COMMAND: POST /session/582ce5f850a124cd0c5f6fc14f02a0d2/elements - {"using":"xpath","value":"//bdi[text()=\"OK\"]"}
RESULT: {"using":"xpath","value":"//bdi[text()=\"OK\"]"}
COMMAND: POST /session/582ce5f850a124cd0c5f6fc14f02a0d2/elements - {"using":"xpath","value":"//bdi[text()=\"OK\"]"}
RESULT: {"using":"xpath","value":"//bdi[text()=\"OK\"]"}
COMMAND: POST /session/582ce5f850a124cd0c5f6fc14f02a0d2/elements - {"using":"xpath","value":"//bdi[text()=\"OK\"]"}
RESULT: {"using":"xpath","value":"//bdi[text()=\"OK\"]"}
COMMAND: POST /session/582ce5f850a124cd0c5f6fc14f02a0d2/elements - {"using":"xpath","value":"//bdi[text()=\"OK\"]"}
RESULT: {"using":"xpath","value":"//bdi[text()=\"OK\"]"}
COMMAND: POST /session/582ce5f850a124cd0c5f6fc14f02a0d2/elements - {"using":"xpath","value":"//bdi[text()=\"OK\"]"}
RESULT: {"using":"xpath","value":"//bdi[text()=\"OK\"]"}
COMMAND: POST /session/582ce5f850a124cd0c5f6fc14f02a0d2/elements - {"using":"xpath","value":"//bdi[text()=\"OK\"]"}
RESULT: {"using":"xpath","value":"//bdi[text()=\"OK\"]"}
COMMAND: POST /session/582ce5f850a124cd0c5f6fc14f02a0d2/elements - {"using":"xpath","value":"//bdi[text()=\"OK\"]"}
RESULT: {"using":"xpath","value":"//bdi[text()=\"OK\"]"}
COMMAND: POST /session/582ce5f850a124cd0c5f6fc14f02a0d2/elements - {"using":"xpath","value":"//bdi[text()=\"OK\"]"}
RESULT: {"using":"xpath","value":"//bdi[text()=\"OK\"]"}
COMMAND: POST /session/582ce5f850a124cd0c5f6fc14f02a0d2/elements - {"using":"xpath","value":"//bdi[text()=\"OK\"]"}
RESULT: {"using":"xpath","value":"//bdi[text()=\"OK\"]"}
COMMAND: POST /session/582ce5f850a124cd0c5f6fc14f02a0d2/elements - {"using":"xpath","value":"//bdi[text()=\"OK\"]"}
RESULT: {"using":"xpath","value":"//bdi[text()=\"OK\"]"}
COMMAND: POST /session/582ce5f850a124cd0c5f6fc14f02a0d2/elements - {"using":"xpath","value":"//bdi[text()=\"OK\"]"}
RESULT: {"using":"xpath","value":"//bdi[text()=\"OK\"]"}
COMMAND: POST /session/582ce5f850a124cd0c5f6fc14f02a0d2/elements - {"using":"xpath","value":"//bdi[text()=\"OK\"]"}
RESULT: {"using":"xpath","value":"//bdi[text()=\"OK\"]"}
COMMAND: POST /session/582ce5f850a124cd0c5f6fc14f02a0d2/elements - {"using":"xpath","value":"//bdi[text()=\"OK\"]"}
RESULT: {"using":"xpath","value":"//bdi[text()=\"OK\"]"}
COMMAND: POST /session/582ce5f850a124cd0c5f6fc14f02a0d2/elements - {"using":"xpath","value":"//bdi[text()=\"OK\"]"}
RESULT: {"using":"xpath","value":"//bdi[text()=\"OK\"]"}
COMMAND: POST /session/582ce5f850a124cd0c5f6fc14f02a0d2/elements - {"using":"xpath","value":"//bdi[text()=\"OK\"]"}
RESULT: {"using":"xpath","value":"//bdi[text()=\"OK\"]"}
COMMAND: POST /session/582ce5f850a124cd0c5f6fc14f02a0d2/elements - {"using":"xpath","value":"//bdi[text()=\"OK\"]"}
RESULT: {"using":"xpath","value":"//bdi[text()=\"OK\"]"}
COMMAND: POST /session/582ce5f850a124cd0c5f6fc14f02a0d2/elements - {"using":"xpath","value":"//bdi[text()=\"OK\"]"}
RESULT: {"using":"xpath","value":"//bdi[text()=\"OK\"]"}
COMMAND: POST /session/582ce5f850a124cd0c5f6fc14f02a0d2/elements - {"using":"xpath","value":"//bdi[text()=\"OK\"]"}
RESULT: {"using":"xpath","value":"//bdi[text()=\"OK\"]"}
COMMAND: POST /session/582ce5f850a124cd0c5f6fc14f02a0d2/elements - {"using":"xpath","value":"//bdi[text()=\"OK\"]"}
RESULT: {"using":"xpath","value":"//bdi[text()=\"OK\"]"}
COMMAND: POST /session/582ce5f850a124cd0c5f6fc14f02a0d2/elements - {"using":"xpath","value":"//bdi[text()=\"OK\"]"}
RESULT: {"using":"xpath","value":"//bdi[text()=\"OK\"]"}
COMMAND: POST /session/582ce5f850a124cd0c5f6fc14f02a0d2/elements - {"using":"xpath","value":"//bdi[text()=\"OK\"]"}
RESULT: {"using":"xpath","value":"//bdi[text()=\"OK\"]"}
COMMAND: POST /session/582ce5f850a124cd0c5f6fc14f02a0d2/elements - {"using":"xpath","value":"//bdi[text()=\"OK\"]"}
RESULT: {"using":"xpath","value":"//bdi[text()=\"OK\"]"}
COMMAND: POST /session/582ce5f850a124cd0c5f6fc14f02a0d2/elements - {"using":"xpath","value":"//bdi[text()=\"OK\"]"}
RESULT: {"using":"xpath","value":"//bdi[text()=\"OK\"]"}
COMMAND: POST /session/582ce5f850a124cd0c5f6fc14f02a0d2/elements - {"using":"xpath","value":"//bdi[text()=\"OK\"]"}
RESULT: {"using":"xpath","value":"//bdi[text()=\"OK\"]"}
COMMAND: POST /session/582ce5f850a124cd0c5f6fc14f02a0d2/elements - {"using":"xpath","value":"//bdi[text()=\"OK\"]"}
RESULT: {"using":"xpath","value":"//bdi[text()=\"OK\"]"}
COMMAND: POST /session/582ce5f850a124cd0c5f6fc14f02a0d2/elements - {"using":"xpath","value":"//bdi[text()=\"OK\"]"}
RESULT: {"using":"xpath","value":"//bdi[text()=\"OK\"]"}
COMMAND: POST /session/582ce5f850a124cd0c5f6fc14f02a0d2/elements - {"using":"xpath","value":"//bdi[text()=\"OK\"]"}
RESULT: {"using":"xpath","value":"//bdi[text()=\"OK\"]"}
COMMAND: POST /session/582ce5f850a124cd0c5f6fc14f02a0d2/elements - {"using":"xpath","value":"//bdi[text()=\"OK\"]"}
RESULT: {"using":"xpath","value":"//bdi[text()=\"OK\"]"}
COMMAND: POST /session/582ce5f850a124cd0c5f6fc14f02a0d2/elements - {"using":"xpath","value":"//bdi[text()=\"OK\"]"}
RESULT: {"using":"xpath","value":"//bdi[text()=\"OK\"]"}
COMMAND: POST /session/582ce5f850a124cd0c5f6fc14f02a0d2/elements - {"using":"xpath","value":"//bdi[text()=\"OK\"]"}
RESULT: {"using":"xpath","value":"//bdi[text()=\"OK\"]"}
COMMAND: POST /session/582ce5f850a124cd0c5f6fc14f02a0d2/elements - {"using":"xpath","value":"//bdi[text()=\"OK\"]"}
RESULT: {"using":"xpath","value":"//bdi[text()=\"OK\"]"}
COMMAND: POST /session/582ce5f850a124cd0c5f6fc14f02a0d2/elements - {"using":"xpath","value":"//bdi[text()=\"OK\"]"}
RESULT: {"using":"xpath","value":"//bdi[text()=\"OK\"]"}
COMMAND: POST /session/582ce5f850a124cd0c5f6fc14f02a0d2/elements - {"using":"xpath","value":"//bdi[text()=\"OK\"]"}
RESULT: {"using":"xpath","value":"//bdi[text()=\"OK\"]"}
COMMAND: POST /session/582ce5f850a124cd0c5f6fc14f02a0d2/elements - {"using":"xpath","value":"//bdi[text()=\"OK\"]"}
RESULT: {"using":"xpath","value":"//bdi[text()=\"OK\"]"}
COMMAND: POST /session/582ce5f850a124cd0c5f6fc14f02a0d2/elements - {"using":"xpath","value":"//bdi[text()=\"OK\"]"}
RESULT: {"using":"xpath","value":"//bdi[text()=\"OK\"]"}
COMMAND: POST /session/582ce5f850a124cd0c5f6fc14f02a0d2/elements - {"using":"xpath","value":"//bdi[text()=\"OK\"]"}
RESULT: {"using":"xpath","value":"//bdi[text()=\"OK\"]"}
COMMAND: POST /session/582ce5f850a124cd0c5f6fc14f02a0d2/elements - {"using":"xpath","value":"//bdi[text()=\"OK\"]"}
RESULT: {"using":"xpath","value":"//bdi[text()=\"OK\"]"}
COMMAND: POST /session/582ce5f850a124cd0c5f6fc14f02a0d2/elements - {"using":"xpath","value":"//bdi[text()=\"OK\"]"}
RESULT: {"using":"xpath","value":"//bdi[text()=\"OK\"]"}
COMMAND: POST /session/582ce5f850a124cd0c5f6fc14f02a0d2/elements - {"using":"xpath","value":"//bdi[text()=\"OK\"]"}
RESULT: {"using":"xpath","value":"//bdi[text()=\"OK\"]"}
COMMAND: POST /session/582ce5f850a124cd0c5f6fc14f02a0d2/elements - {"using":"xpath","value":"//bdi[text()=\"OK\"]"}
RESULT: {"using":"xpath","value":"//bdi[text()=\"OK\"]"}
COMMAND: POST /session/582ce5f850a124cd0c5f6fc14f02a0d2/elements - {"using":"xpath","value":"//bdi[text()=\"OK\"]"}
RESULT: {"using":"xpath","value":"//bdi[text()=\"OK\"]"}
COMMAND: POST /session/582ce5f850a124cd0c5f6fc14f02a0d2/elements - {"using":"xpath","value":"//bdi[text()=\"OK\"]"}
RESULT: {"using":"xpath","value":"//bdi[text()=\"OK\"]"}
COMMAND: POST /session/582ce5f850a124cd0c5f6fc14f02a0d2/elements - {"using":"xpath","value":"//bdi[text()=\"OK\"]"}
RESULT: {"using":"xpath","value":"//bdi[text()=\"OK\"]"}
COMMAND: POST /session/582ce5f850a124cd0c5f6fc14f02a0d2/elements - {"using":"xpath","value":"//bdi[text()=\"OK\"]"}
RESULT: {"using":"xpath","value":"//bdi[text()=\"OK\"]"}
COMMAND: POST /session/582ce5f850a124cd0c5f6fc14f02a0d2/elements - {"using":"xpath","value":"//bdi[text()=\"OK\"]"}
RESULT: {"using":"xpath","value":"//bdi[text()=\"OK\"]"}
COMMAND: POST /session/582ce5f850a124cd0c5f6fc14f02a0d2/elements - {"using":"xpath","value":"//bdi[text()=\"OK\"]"}
RESULT: {"using":"xpath","value":"//bdi[text()=\"OK\"]"}
COMMAND: POST /session/582ce5f850a124cd0c5f6fc14f02a0d2/elements - {"using":"xpath","value":"//bdi[text()=\"OK\"]"}
RESULT: {"using":"xpath","value":"//bdi[text()=\"OK\"]"}
COMMAND: POST /session/582ce5f850a124cd0c5f6fc14f02a0d2/elements - {"using":"xpath","value":"//bdi[text()=\"OK\"]"}
RESULT: {"using":"xpath","value":"//bdi[text()=\"OK\"]"}
COMMAND: POST /session/582ce5f850a124cd0c5f6fc14f02a0d2/elements - {"using":"xpath","value":"//bdi[text()=\"OK\"]"}
RESULT: {"using":"xpath","value":"//bdi[text()=\"OK\"]"}
COMMAND: POST /session/582ce5f850a124cd0c5f6fc14f02a0d2/elements - {"using":"xpath","value":"//bdi[text()=\"OK\"]"}
RESULT: {"using":"xpath","value":"//bdi[text()=\"OK\"]"}
COMMAND: POST /session/582ce5f850a124cd0c5f6fc14f02a0d2/elements - {"using":"xpath","value":"//bdi[text()=\"OK\"]"}
RESULT: {"using":"xpath","value":"//bdi[text()=\"OK\"]"}
COMMAND: POST /session/582ce5f850a124cd0c5f6fc14f02a0d2/elements - {"using":"xpath","value":"//bdi[text()=\"OK\"]"}
RESULT: {"using":"xpath","value":"//bdi[text()=\"OK\"]"}
COMMAND: POST /session/582ce5f850a124cd0c5f6fc14f02a0d2/elements - {"using":"xpath","value":"//bdi[text()=\"OK\"]"}
RESULT: {"using":"xpath","value":"//bdi[text()=\"OK\"]"}
COMMAND: POST /session/582ce5f850a124cd0c5f6fc14f02a0d2/elements - {"using":"xpath","value":"//bdi[text()=\"OK\"]"}
RESULT: {"using":"xpath","value":"//bdi[text()=\"OK\"]"}
COMMAND: POST /session/582ce5f850a124cd0c5f6fc14f02a0d2/elements - {"using":"xpath","value":"//bdi[text()=\"OK\"]"}
RESULT: {"using":"xpath","value":"//bdi[text()=\"OK\"]"}
COMMAND: POST /session/582ce5f850a124cd0c5f6fc14f02a0d2/elements - {"using":"xpath","value":"//bdi[text()=\"OK\"]"}
RESULT: {"using":"xpath","value":"//bdi[text()=\"OK\"]"}
COMMAND: POST /session/582ce5f850a124cd0c5f6fc14f02a0d2/elements - {"using":"xpath","value":"//bdi[text()=\"OK\"]"}
RESULT: {"using":"xpath","value":"//bdi[text()=\"OK\"]"}
COMMAND: POST /session/582ce5f850a124cd0c5f6fc14f02a0d2/elements - {"using":"xpath","value":"//bdi[text()=\"OK\"]"}
RESULT: {"using":"xpath","value":"//bdi[text()=\"OK\"]"}
COMMAND: POST /session/582ce5f850a124cd0c5f6fc14f02a0d2/elements - {"using":"xpath","value":"//bdi[text()=\"OK\"]"}
RESULT: {"using":"xpath","value":"//bdi[text()=\"OK\"]"}
COMMAND: POST /session/582ce5f850a124cd0c5f6fc14f02a0d2/elements - {"using":"xpath","value":"//bdi[text()=\"OK\"]"}
RESULT: {"using":"xpath","value":"//bdi[text()=\"OK\"]"}
COMMAND: POST /session/582ce5f850a124cd0c5f6fc14f02a0d2/elements - {"using":"xpath","value":"//bdi[text()=\"OK\"]"}
RESULT: {"using":"xpath","value":"//bdi[text()=\"OK\"]"}
COMMAND: POST /session/582ce5f850a124cd0c5f6fc14f02a0d2/elements - {"using":"xpath","value":"//bdi[text()=\"OK\"]"}
RESULT: {"using":"xpath","value":"//bdi[text()=\"OK\"]"}
COMMAND: POST /session/582ce5f850a124cd0c5f6fc14f02a0d2/elements - {"using":"xpath","value":"//bdi[text()=\"OK\"]"}
RESULT: {"using":"xpath","value":"//bdi[text()=\"OK\"]"}
COMMAND: POST /session/582ce5f850a124cd0c5f6fc14f02a0d2/elements - {"using":"xpath","value":"//bdi[text()=\"OK\"]"}
RESULT: {"using":"xpath","value":"//bdi[text()=\"OK\"]"}
COMMAND: POST /session/582ce5f850a124cd0c5f6fc14f02a0d2/elements - {"using":"xpath","value":"//bdi[text()=\"OK\"]"}
RESULT: {"using":"xpath","value":"//bdi[text()=\"OK\"]"}
COMMAND: POST /session/582ce5f850a124cd0c5f6fc14f02a0d2/elements - {"using":"xpath","value":"//bdi[text()=\"OK\"]"}
RESULT: {"using":"xpath","value":"//bdi[text()=\"OK\"]"}
COMMAND: POST /session/582ce5f850a124cd0c5f6fc14f02a0d2/elements - {"using":"xpath","value":"//bdi[text()=\"OK\"]"}
RESULT: {"using":"xpath","value":"//bdi[text()=\"OK\"]"}
COMMAND: POST /session/582ce5f850a124cd0c5f6fc14f02a0d2/elements - {"using":"xpath","value":"//bdi[text()=\"OK\"]"}
RESULT: {"using":"xpath","value":"//bdi[text()=\"OK\"]"}
COMMAND: POST /session/582ce5f850a124cd0c5f6fc14f02a0d2/elements - {"using":"xpath","value":"//bdi[text()=\"OK\"]"}
RESULT: {"using":"xpath","value":"//bdi[text()=\"OK\"]"}
COMMAND: POST /session/582ce5f850a124cd0c5f6fc14f02a0d2/elements - {"using":"xpath","value":"//bdi[text()=\"OK\"]"}
RESULT: {"using":"xpath","value":"//bdi[text()=\"OK\"]"}
COMMAND: POST /session/582ce5f850a124cd0c5f6fc14f02a0d2/elements - {"using":"xpath","value":"//bdi[text()=\"OK\"]"}
RESULT: {"using":"xpath","value":"//bdi[text()=\"OK\"]"}
COMMAND: POST /session/582ce5f850a124cd0c5f6fc14f02a0d2/elements - {"using":"xpath","value":"//bdi[text()=\"OK\"]"}
RESULT: {"using":"xpath","value":"//bdi[text()=\"OK\"]"}
COMMAND: POST /session/582ce5f850a124cd0c5f6fc14f02a0d2/elements - {"using":"xpath","value":"//bdi[text()=\"OK\"]"}
RESULT: {"using":"xpath","value":"//bdi[text()=\"OK\"]"}
COMMAND: POST /session/582ce5f850a124cd0c5f6fc14f02a0d2/elements - {"using":"xpath","value":"//bdi[text()=\"OK\"]"}
RESULT: {"using":"xpath","value":"//bdi[text()=\"OK\"]"}
COMMAND: POST /session/582ce5f850a124cd0c5f6fc14f02a0d2/elements - {"using":"xpath","value":"//bdi[text()=\"OK\"]"}
RESULT: {"using":"xpath","value":"//bdi[text()=\"OK\"]"}
COMMAND: POST /session/582ce5f850a124cd0c5f6fc14f02a0d2/elements - {"using":"xpath","value":"//bdi[text()=\"OK\"]"}
RESULT: {"using":"xpath","value":"//bdi[text()=\"OK\"]"}
COMMAND: POST /session/582ce5f850a124cd0c5f6fc14f02a0d2/elements - {"using":"xpath","value":"//bdi[text()=\"OK\"]"}
RESULT: {"using":"xpath","value":"//bdi[text()=\"OK\"]"}
COMMAND: POST /session/582ce5f850a124cd0c5f6fc14f02a0d2/elements - {"using":"xpath","value":"//bdi[text()=\"OK\"]"}
RESULT: {"using":"xpath","value":"//bdi[text()=\"OK\"]"}
COMMAND: POST /session/582ce5f850a124cd0c5f6fc14f02a0d2/elements - {"using":"xpath","value":"//bdi[text()=\"OK\"]"}
RESULT: {"using":"xpath","value":"//bdi[text()=\"OK\"]"}
COMMAND: POST /session/582ce5f850a124cd0c5f6fc14f02a0d2/elements - {"using":"xpath","value":"//bdi[text()=\"OK\"]"}
RESULT: {"using":"xpath","value":"//bdi[text()=\"OK\"]"}
COMMAND: POST /session/582ce5f850a124cd0c5f6fc14f02a0d2/elements - {"using":"xpath","value":"//bdi[text()=\"OK\"]"}
RESULT: {"using":"xpath","value":"//bdi[text()=\"OK\"]"}
COMMAND: POST /session/582ce5f850a124cd0c5f6fc14f02a0d2/elements - {"using":"xpath","value":"//bdi[text()=\"OK\"]"}
RESULT: {"using":"xpath","value":"//bdi[text()=\"OK\"]"}
COMMAND: POST /session/582ce5f850a124cd0c5f6fc14f02a0d2/elements - {"using":"xpath","value":"//bdi[text()=\"OK\"]"}
RESULT: {"using":"xpath","value":"//bdi[text()=\"OK\"]"}
COMMAND: POST /session/582ce5f850a124cd0c5f6fc14f02a0d2/elements - {"using":"xpath","value":"//bdi[text()=\"OK\"]"}
RESULT: {"using":"xpath","value":"//bdi[text()=\"OK\"]"}
COMMAND: POST /session/582ce5f850a124cd0c5f6fc14f02a0d2/elements - {"using":"xpath","value":"//bdi[text()=\"OK\"]"}
RESULT: {"using":"xpath","value":"//bdi[text()=\"OK\"]"}
COMMAND: POST /session/582ce5f850a124cd0c5f6fc14f02a0d2/elements - {"using":"xpath","value":"//bdi[text()=\"OK\"]"}
RESULT: {"using":"xpath","value":"//bdi[text()=\"OK\"]"}
COMMAND: POST /session/582ce5f850a124cd0c5f6fc14f02a0d2/elements - {"using":"xpath","value":"//bdi[text()=\"OK\"]"}
RESULT: {"using":"xpath","value":"//bdi[text()=\"OK\"]"}
COMMAND: POST /session/582ce5f850a124cd0c5f6fc14f02a0d2/elements - {"using":"xpath","value":"//bdi[text()=\"OK\"]"}
RESULT: {"using":"xpath","value":"//bdi[text()=\"OK\"]"}
COMMAND: POST /session/582ce5f850a124cd0c5f6fc14f02a0d2/elements - {"using":"xpath","value":"//bdi[text()=\"OK\"]"}
RESULT: {"using":"xpath","value":"//bdi[text()=\"OK\"]"}
COMMAND: POST /session/582ce5f850a124cd0c5f6fc14f02a0d2/elements - {"using":"xpath","value":"//bdi[text()=\"OK\"]"}
RESULT: {"using":"xpath","value":"//bdi[text()=\"OK\"]"}
COMMAND: POST /session/582ce5f850a124cd0c5f6fc14f02a0d2/elements - {"using":"xpath","value":"//bdi[text()=\"OK\"]"}
RESULT: {"using":"xpath","value":"//bdi[text()=\"OK\"]"}
COMMAND: POST /session/582ce5f850a124cd0c5f6fc14f02a0d2/elements - {"using":"xpath","value":"//bdi[text()=\"OK\"]"}
RESULT: {"using":"xpath","value":"//bdi[text()=\"OK\"]"}
COMMAND: POST /session/582ce5f850a124cd0c5f6fc14f02a0d2/elements - {"using":"xpath","value":"//bdi[text()=\"OK\"]"}
RESULT: {"using":"xpath","value":"//bdi[text()=\"OK\"]"}
COMMAND: POST /session/582ce5f850a124cd0c5f6fc14f02a0d2/elements - {"using":"xpath","value":"//bdi[text()=\"OK\"]"}
RESULT: {"using":"xpath","value":"//bdi[text()=\"OK\"]"}
COMMAND: POST /session/582ce5f850a124cd0c5f6fc14f02a0d2/elements - {"using":"xpath","value":"//bdi[text()=\"OK\"]"}
RESULT: {"using":"xpath","value":"//bdi[text()=\"OK\"]"}
COMMAND: POST /session/582ce5f850a124cd0c5f6fc14f02a0d2/elements - {"using":"xpath","value":"//bdi[text()=\"OK\"]"}
RESULT: {"using":"xpath","value":"//bdi[text()=\"OK\"]"}
COMMAND: POST /session/582ce5f850a124cd0c5f6fc14f02a0d2/elements - {"using":"xpath","value":"//bdi[text()=\"OK\"]"}
RESULT: {"using":"xpath","value":"//bdi[text()=\"OK\"]"}
COMMAND: POST /session/582ce5f850a124cd0c5f6fc14f02a0d2/elements - {"using":"xpath","value":"//bdi[text()=\"OK\"]"}
RESULT: {"using":"xpath","value":"//bdi[text()=\"OK\"]"}
COMMAND: POST /session/582ce5f850a124cd0c5f6fc14f02a0d2/elements - {"using":"xpath","value":"//bdi[text()=\"OK\"]"}
RESULT: {"using":"xpath","value":"//bdi[text()=\"OK\"]"}
COMMAND: POST /session/582ce5f850a124cd0c5f6fc14f02a0d2/elements - {"using":"xpath","value":"//bdi[text()=\"OK\"]"}
RESULT: {"using":"xpath","value":"//bdi[text()=\"OK\"]"}
COMMAND: POST /session/582ce5f850a124cd0c5f6fc14f02a0d2/elements - {"using":"xpath","value":"//bdi[text()=\"OK\"]"}
RESULT: {"using":"xpath","value":"//bdi[text()=\"OK\"]"}
COMMAND: POST /session/582ce5f850a124cd0c5f6fc14f02a0d2/elements - {"using":"xpath","value":"//bdi[text()=\"OK\"]"}
RESULT: {"using":"xpath","value":"//bdi[text()=\"OK\"]"}
COMMAND: POST /session/582ce5f850a124cd0c5f6fc14f02a0d2/elements - {"using":"xpath","value":"//bdi[text()=\"OK\"]"}
RESULT: {"using":"xpath","value":"//bdi[text()=\"OK\"]"}
COMMAND: POST /session/582ce5f850a124cd0c5f6fc14f02a0d2/elements - {"using":"xpath","value":"//bdi[text()=\"OK\"]"}
RESULT: {"using":"xpath","value":"//bdi[text()=\"OK\"]"}
COMMAND: POST /session/582ce5f850a124cd0c5f6fc14f02a0d2/elements - {"using":"xpath","value":"//bdi[text()=\"OK\"]"}
RESULT: {"using":"xpath","value":"//bdi[text()=\"OK\"]"}
COMMAND: POST /session/582ce5f850a124cd0c5f6fc14f02a0d2/elements - {"using":"xpath","value":"//bdi[text()=\"OK\"]"}
COMMAND: POST /session/582ce5f850a124cd0c5f6fc14f02a0d2/execute/async - {"script":"<script> [1562 bytes]","args":[{"selector":{"id":"application-manageresources-display-component---newResourceUnit--TYPE-arrow"},"wdio_ui5_key":"applicationmanageresources-display-component---newResourceUnit--TYPE-arrow"}]}
RESULT: {"using":"xpath","value":"//bdi[text()=\"OK\"]"}
RESULT: {"script":"<script> [1562 bytes]","args":[{"selector":{"id":"application-manageresources-display-component---newResourceUnit--TYPE-arrow"},"wdio_ui5_key":"applicationmanageresources-display-component---newResourceUnit--TYPE-arrow"}]}
RESULT: undefined
COMMAND: POST /session/582ce5f850a124cd0c5f6fc14f02a0d2/element - {"using":"xpath","value":"//*[@id=\"application-manageresources-display-component---newResourceUnit--TYPE-arrow\"]"}
RESULT: {"using":"xpath","value":"//*[@id=\"application-manageresources-display-component---newResourceUnit--TYPE-arrow\"]"}
COMMAND: POST /session/582ce5f850a124cd0c5f6fc14f02a0d2/element/f.92142B0E1996143B500ED3F2A7F6BA2F.d.2A6321C13A4F7804474577E83CC06300.e.2962/click - {}
RESULT: {}
COMMAND: POST /session/582ce5f850a124cd0c5f6fc14f02a0d2/execute/async - {"script":"<script> [1562 bytes]","args":[{"selector":{"controlType":"sap.m.StandardListItem","viewName":"reusables.view.manageresources.NewResourceUnit","viewId":"application-manageresources-display-component---newResourceUnit","properties":{"title":"Material"},"searchOpenDialogs":true,"interaction":{"idSuffix":"titleText"}},"wdio_ui5_key":"reusablesview.manageresources.NewResourceUnitsap.m.StandardListItem{\"title\":\"Material\"}"}]}
COMMAND: GET /session/582ce5f850a124cd0c5f6fc14f02a0d2/screenshot - {}
RESULT: {"script":"<script> [1562 bytes]","args":[{"selector":{"controlType":"sap.m.StandardListItem","viewName":"reusables.view.manageresources.NewResourceUnit","viewId":"application-manageresources-display-component---newResourceUnit","properties":{"title":"Material"},"searchOpenDialogs":true,"interaction":{"idSuffix":"titleText"}},"wdio_ui5_key":"reusablesview.manageresources.NewResourceUnitsap.m.StandardListItem{\"title\":\"Material\"}"}]}
RESULT: undefined
COMMAND: POST /session/582ce5f850a124cd0c5f6fc14f02a0d2/element - {"using":"xpath","value":"//*[@id=\"__item901\"]"}
RESULT: {}
RESULT: {"using":"xpath","value":"//*[@id=\"__item901\"]"}
COMMAND: POST /session/582ce5f850a124cd0c5f6fc14f02a0d2/element/f.92142B0E1996143B500ED3F2A7F6BA2F.d.2A6321C13A4F7804474577E83CC06300.e.2965/click - {}
RESULT: {}
COMMAND: GET /session/582ce5f850a124cd0c5f6fc14f02a0d2/screenshot - {}
RESULT: {}
COMMAND: POST /session/582ce5f850a124cd0c5f6fc14f02a0d2/execute/async - {"script":"<script> [1562 bytes]","args":[{"selector":{"id":"application-manageresources-display-component---newResourceUnit--newRRUPage-OPHeaderContent-collapseBtn-img"},"wdio_ui5_key":"applicationmanageresources-display-component---newResourceUnit--newRRUPage-OPHeaderContent-collapseBtn-img"}]}
RESULT: {"script":"<script> [1562 bytes]","args":[{"selector":{"id":"application-manageresources-display-component---newResourceUnit--newRRUPage-OPHeaderContent-collapseBtn-img"},"wdio_ui5_key":"applicationmanageresources-display-component---newResourceUnit--newRRUPage-OPHeaderContent-collapseBtn-img"}]}
RESULT: undefined
COMMAND: POST /session/582ce5f850a124cd0c5f6fc14f02a0d2/element - {"using":"xpath","value":"//*[@id=\"application-manageresources-display-component---newResourceUnit--newRRUPage-OPHeaderContent-collapseBtn-img\"]"}
RESULT: {"using":"xpath","value":"//*[@id=\"application-manageresources-display-component---newResourceUnit--newRRUPage-OPHeaderContent-collapseBtn-img\"]"}
COMMAND: POST /session/582ce5f850a124cd0c5f6fc14f02a0d2/element/f.92142B0E1996143B500ED3F2A7F6BA2F.d.2A6321C13A4F7804474577E83CC06300.e.2972/click - {}
RESULT: {}
COMMAND: GET /session/582ce5f850a124cd0c5f6fc14f02a0d2/screenshot - {}
RESULT: {}
COMMAND: POST /session/582ce5f850a124cd0c5f6fc14f02a0d2/execute/async - {"script":"<script> [1562 bytes]","args":[{"selector":{"id":"application-manageresources-display-component---newResourceUnit--SHORT_TEXT","interaction":{"idSuffix":"inner"}},"wdio_ui5_key":"applicationmanageresources-display-component---newResourceUnit--SHORT_TEXT"}]}
RESULT: {"script":"<script> [1562 bytes]","args":[{"selector":{"id":"application-manageresources-display-component---newResourceUnit--SHORT_TEXT","interaction":{"idSuffix":"inner"}},"wdio_ui5_key":"applicationmanageresources-display-component---newResourceUnit--SHORT_TEXT"}]}
RESULT: undefined
COMMAND: POST /session/582ce5f850a124cd0c5f6fc14f02a0d2/execute/async - {"script":"<script> [776 bytes]","args":[{"enterText":"WebdriverWHM_RUR2Cz1h1c","selector":{"id":"application-manageresources-display-component---newResourceUnit--SHORT_TEXT","interaction":{"idSuffix":"inner"}},"clearTextFirst":true,"interactionType":"ENTER_TEXT"}]}
RESULT: {"script":"<script> [776 bytes]","args":[{"enterText":"WebdriverWHM_RUR2Cz1h1c","selector":{"id":"application-manageresources-display-component---newResourceUnit--SHORT_TEXT","interaction":{"idSuffix":"inner"}},"clearTextFirst":true,"interactionType":"ENTER_TEXT"}]}
COMMAND: POST /session/582ce5f850a124cd0c5f6fc14f02a0d2/execute/async - {"script":"<script> [1562 bytes]","args":[{"selector":{"id":"application-manageresources-display-component---newResourceUnit--BASE_UNIT_OF_MEASURE-arrow"},"wdio_ui5_key":"applicationmanageresources-display-component---newResourceUnit--BASE_UNIT_OF_MEASURE-arrow"}]}
RESULT: {"script":"<script> [1562 bytes]","args":[{"selector":{"id":"application-manageresources-display-component---newResourceUnit--BASE_UNIT_OF_MEASURE-arrow"},"wdio_ui5_key":"applicationmanageresources-display-component---newResourceUnit--BASE_UNIT_OF_MEASURE-arrow"}]}
RESULT: undefined
COMMAND: POST /session/582ce5f850a124cd0c5f6fc14f02a0d2/element - {"using":"xpath","value":"//*[@id=\"application-manageresources-display-component---newResourceUnit--BASE_UNIT_OF_MEASURE-arrow\"]"}
RESULT: {"using":"xpath","value":"//*[@id=\"application-manageresources-display-component---newResourceUnit--BASE_UNIT_OF_MEASURE-arrow\"]"}
COMMAND: POST /session/582ce5f850a124cd0c5f6fc14f02a0d2/element/f.92142B0E1996143B500ED3F2A7F6BA2F.d.2A6321C13A4F7804474577E83CC06300.e.3025/click - {}
RESULT: {}
COMMAND: POST /session/582ce5f850a124cd0c5f6fc14f02a0d2/execute/async - {"script":"<script> [1562 bytes]","args":[{"selector":{"controlType":"sap.m.StandardListItem","viewName":"reusables.view.manageresources.NewResourceUnit","viewId":"application-manageresources-display-component---newResourceUnit","properties":{"title":"Piece"},"searchOpenDialogs":true,"interaction":{"idSuffix":"content"}},"wdio_ui5_key":"reusablesview.manageresources.NewResourceUnitsap.m.StandardListItem{\"title\":\"Piece\"}"}]}
COMMAND: GET /session/582ce5f850a124cd0c5f6fc14f02a0d2/screenshot - {}
RESULT: {"script":"<script> [1562 bytes]","args":[{"selector":{"controlType":"sap.m.StandardListItem","viewName":"reusables.view.manageresources.NewResourceUnit","viewId":"application-manageresources-display-component---newResourceUnit","properties":{"title":"Piece"},"searchOpenDialogs":true,"interaction":{"idSuffix":"content"}},"wdio_ui5_key":"reusablesview.manageresources.NewResourceUnitsap.m.StandardListItem{\"title\":\"Piece\"}"}]}
RESULT: undefined
COMMAND: POST /session/582ce5f850a124cd0c5f6fc14f02a0d2/element - {"using":"xpath","value":"//*[@id=\"__item945\"]"}
RESULT: {}
RESULT: {"using":"xpath","value":"//*[@id=\"__item945\"]"}
COMMAND: POST /session/582ce5f850a124cd0c5f6fc14f02a0d2/element/f.92142B0E1996143B500ED3F2A7F6BA2F.d.2A6321C13A4F7804474577E83CC06300.e.3027/click - {}
RESULT: {}
COMMAND: POST /session/582ce5f850a124cd0c5f6fc14f02a0d2/execute/async - {"script":"<script> [1562 bytes]","args":[{"selector":{"id":"application-manageresources-display-component---newResourceUnit--WEIGHT_UNIT-arrow"},"wdio_ui5_key":"applicationmanageresources-display-component---newResourceUnit--WEIGHT_UNIT-arrow"}]}
COMMAND: GET /session/582ce5f850a124cd0c5f6fc14f02a0d2/screenshot - {}
RESULT: {"script":"<script> [1562 bytes]","args":[{"selector":{"id":"application-manageresources-display-component---newResourceUnit--WEIGHT_UNIT-arrow"},"wdio_ui5_key":"applicationmanageresources-display-component---newResourceUnit--WEIGHT_UNIT-arrow"}]}
RESULT: undefined
COMMAND: POST /session/582ce5f850a124cd0c5f6fc14f02a0d2/element - {"using":"xpath","value":"//*[@id=\"application-manageresources-display-component---newResourceUnit--WEIGHT_UNIT-arrow\"]"}
RESULT: {}
RESULT: {"using":"xpath","value":"//*[@id=\"application-manageresources-display-component---newResourceUnit--WEIGHT_UNIT-arrow\"]"}
COMMAND: POST /session/582ce5f850a124cd0c5f6fc14f02a0d2/element/f.92142B0E1996143B500ED3F2A7F6BA2F.d.2A6321C13A4F7804474577E83CC06300.e.3028/click - {}
RESULT: {}
COMMAND: POST /session/582ce5f850a124cd0c5f6fc14f02a0d2/execute/async - {"script":"<script> [1562 bytes]","args":[{"selector":{"controlType":"sap.m.StandardListItem","viewName":"reusables.view.manageresources.NewResourceUnit","viewId":"application-manageresources-display-component---newResourceUnit","properties":{"title":"Gram"},"searchOpenDialogs":true,"interaction":{"idSuffix":"content"}},"wdio_ui5_key":"reusablesview.manageresources.NewResourceUnitsap.m.StandardListItem{\"title\":\"Gram\"}"}]}
COMMAND: GET /session/582ce5f850a124cd0c5f6fc14f02a0d2/screenshot - {}
RESULT: {"script":"<script> [1562 bytes]","args":[{"selector":{"controlType":"sap.m.StandardListItem","viewName":"reusables.view.manageresources.NewResourceUnit","viewId":"application-manageresources-display-component---newResourceUnit","properties":{"title":"Gram"},"searchOpenDialogs":true,"interaction":{"idSuffix":"content"}},"wdio_ui5_key":"reusablesview.manageresources.NewResourceUnitsap.m.StandardListItem{\"title\":\"Gram\"}"}]}
RESULT: undefined
COMMAND: POST /session/582ce5f850a124cd0c5f6fc14f02a0d2/element - {"using":"xpath","value":"//*[@id=\"__item1010\"]"}
RESULT: {}
RESULT: {"using":"xpath","value":"//*[@id=\"__item1010\"]"}
COMMAND: POST /session/582ce5f850a124cd0c5f6fc14f02a0d2/element/f.92142B0E1996143B500ED3F2A7F6BA2F.d.2A6321C13A4F7804474577E83CC06300.e.3030/click - {}
RESULT: {}
COMMAND: POST /session/582ce5f850a124cd0c5f6fc14f02a0d2/element - {"using":"xpath","value":"//bdi[text()='Reference']"}
COMMAND: GET /session/582ce5f850a124cd0c5f6fc14f02a0d2/screenshot - {}
RESULT: {"using":"xpath","value":"//bdi[text()='Reference']"}
COMMAND: GET /session/582ce5f850a124cd0c5f6fc14f02a0d2/element/f.92142B0E1996143B500ED3F2A7F6BA2F.d.2A6321C13A4F7804474577E83CC06300.e.3031/enabled - {}
RESULT: {}
RESULT: {}
COMMAND: POST /session/582ce5f850a124cd0c5f6fc14f02a0d2/execute/sync - {"script":"<script> [8489 bytes]","args":[{"element-6066-11e4-a52e-4f735466cecf":"f.92142B0E1996143B500ED3F2A7F6BA2F.d.2A6321C13A4F7804474577E83CC06300.e.3031","ELEMENT":"f.92142B0E1996143B500ED3F2A7F6BA2F.d.2A6321C13A4F7804474577E83CC06300.e.3031"}]}
COMMAND: GET /session/582ce5f850a124cd0c5f6fc14f02a0d2/screenshot - {}
RESULT: {"script":"<script> [8489 bytes]","args":[{"element-6066-11e4-a52e-4f735466cecf":"f.92142B0E1996143B500ED3F2A7F6BA2F.d.2A6321C13A4F7804474577E83CC06300.e.3031","ELEMENT":"f.92142B0E1996143B500ED3F2A7F6BA2F.d.2A6321C13A4F7804474577E83CC06300.e.3031"}]}
COMMAND: POST /session/582ce5f850a124cd0c5f6fc14f02a0d2/execute/sync - {"script":"<script> [5351 bytes]","args":[{"element-6066-11e4-a52e-4f735466cecf":"f.92142B0E1996143B500ED3F2A7F6BA2F.d.2A6321C13A4F7804474577E83CC06300.e.3031","ELEMENT":"f.92142B0E1996143B500ED3F2A7F6BA2F.d.2A6321C13A4F7804474577E83CC06300.e.3031"}]}
COMMAND: GET /session/582ce5f850a124cd0c5f6fc14f02a0d2/screenshot - {}
RESULT: {}
RESULT: {"script":"<script> [5351 bytes]","args":[{"element-6066-11e4-a52e-4f735466cecf":"f.92142B0E1996143B500ED3F2A7F6BA2F.d.2A6321C13A4F7804474577E83CC06300.e.3031","ELEMENT":"f.92142B0E1996143B500ED3F2A7F6BA2F.d.2A6321C13A4F7804474577E83CC06300.e.3031"}]}
COMMAND: POST /session/582ce5f850a124cd0c5f6fc14f02a0d2/element/f.92142B0E1996143B500ED3F2A7F6BA2F.d.2A6321C13A4F7804474577E83CC06300.e.3031/click - {}
COMMAND: GET /session/582ce5f850a124cd0c5f6fc14f02a0d2/screenshot - {}
RESULT: {}
RESULT: {}
COMMAND: POST /session/582ce5f850a124cd0c5f6fc14f02a0d2/element - {"using":"xpath","value":"//bdi[text()='General Information']"}
COMMAND: GET /session/582ce5f850a124cd0c5f6fc14f02a0d2/screenshot - {}
RESULT: {}
RESULT: {"using":"xpath","value":"//bdi[text()='General Information']"}
COMMAND: GET /session/582ce5f850a124cd0c5f6fc14f02a0d2/element/f.92142B0E1996143B500ED3F2A7F6BA2F.d.2A6321C13A4F7804474577E83CC06300.e.3036/enabled - {}
RESULT: {}
RESULT: {}
COMMAND: POST /session/582ce5f850a124cd0c5f6fc14f02a0d2/execute/sync - {"script":"<script> [8489 bytes]","args":[{"element-6066-11e4-a52e-4f735466cecf":"f.92142B0E1996143B500ED3F2A7F6BA2F.d.2A6321C13A4F7804474577E83CC06300.e.3036","ELEMENT":"f.92142B0E1996143B500ED3F2A7F6BA2F.d.2A6321C13A4F7804474577E83CC06300.e.3036"}]}
COMMAND: GET /session/582ce5f850a124cd0c5f6fc14f02a0d2/screenshot - {}
RESULT: {"script":"<script> [8489 bytes]","args":[{"element-6066-11e4-a52e-4f735466cecf":"f.92142B0E1996143B500ED3F2A7F6BA2F.d.2A6321C13A4F7804474577E83CC06300.e.3036","ELEMENT":"f.92142B0E1996143B500ED3F2A7F6BA2F.d.2A6321C13A4F7804474577E83CC06300.e.3036"}]}
COMMAND: POST /session/582ce5f850a124cd0c5f6fc14f02a0d2/execute/sync - {"script":"<script> [5351 bytes]","args":[{"element-6066-11e4-a52e-4f735466cecf":"f.92142B0E1996143B500ED3F2A7F6BA2F.d.2A6321C13A4F7804474577E83CC06300.e.3036","ELEMENT":"f.92142B0E1996143B500ED3F2A7F6BA2F.d.2A6321C13A4F7804474577E83CC06300.e.3036"}]}
COMMAND: GET /session/582ce5f850a124cd0c5f6fc14f02a0d2/screenshot - {}
RESULT: {}
RESULT: {"script":"<script> [5351 bytes]","args":[{"element-6066-11e4-a52e-4f735466cecf":"f.92142B0E1996143B500ED3F2A7F6BA2F.d.2A6321C13A4F7804474577E83CC06300.e.3036","ELEMENT":"f.92142B0E1996143B500ED3F2A7F6BA2F.d.2A6321C13A4F7804474577E83CC06300.e.3036"}]}
COMMAND: POST /session/582ce5f850a124cd0c5f6fc14f02a0d2/element/f.92142B0E1996143B500ED3F2A7F6BA2F.d.2A6321C13A4F7804474577E83CC06300.e.3036/click - {}
COMMAND: GET /session/582ce5f850a124cd0c5f6fc14f02a0d2/screenshot - {}
RESULT: {}
RESULT: {}
COMMAND: POST /session/582ce5f850a124cd0c5f6fc14f02a0d2/execute/async - {"script":"<script> [1562 bytes]","args":[{"selector":{"id":"application-manageresources-display-component---newResourceUnit--DIMENSION_UNIT-arrow"},"wdio_ui5_key":"applicationmanageresources-display-component---newResourceUnit--DIMENSION_UNIT-arrow"}]}
COMMAND: GET /session/582ce5f850a124cd0c5f6fc14f02a0d2/screenshot - {}
RESULT: {}
RESULT: {"script":"<script> [1562 bytes]","args":[{"selector":{"id":"application-manageresources-display-component---newResourceUnit--DIMENSION_UNIT-arrow"},"wdio_ui5_key":"applicationmanageresources-display-component---newResourceUnit--DIMENSION_UNIT-arrow"}]}
RESULT: undefined
COMMAND: POST /session/582ce5f850a124cd0c5f6fc14f02a0d2/element - {"using":"xpath","value":"//*[@id=\"application-manageresources-display-component---newResourceUnit--DIMENSION_UNIT-arrow\"]"}
RESULT: {}
RESULT: {"using":"xpath","value":"//*[@id=\"application-manageresources-display-component---newResourceUnit--DIMENSION_UNIT-arrow\"]"}
COMMAND: POST /session/582ce5f850a124cd0c5f6fc14f02a0d2/element/f.92142B0E1996143B500ED3F2A7F6BA2F.d.2A6321C13A4F7804474577E83CC06300.e.3038/click - {}
RESULT: {}
COMMAND: GET /session/582ce5f850a124cd0c5f6fc14f02a0d2/screenshot - {}
RESULT: {}
COMMAND: POST /session/582ce5f850a124cd0c5f6fc14f02a0d2/execute/async - {"script":"<script> [1562 bytes]","args":[{"selector":{"controlType":"sap.m.StandardListItem","viewName":"reusables.view.manageresources.NewResourceUnit","viewId":"application-manageresources-display-component---newResourceUnit","properties":{"title":"Centimeter"},"searchOpenDialogs":true,"interaction":{"idSuffix":"titleText"}},"wdio_ui5_key":"reusablesview.manageresources.NewResourceUnitsap.m.StandardListItem{\"title\":\"Centimeter\"}"}]}
RESULT: {"script":"<script> [1562 bytes]","args":[{"selector":{"controlType":"sap.m.StandardListItem","viewName":"reusables.view.manageresources.NewResourceUnit","viewId":"application-manageresources-display-component---newResourceUnit","properties":{"title":"Centimeter"},"searchOpenDialogs":true,"interaction":{"idSuffix":"titleText"}},"wdio_ui5_key":"reusablesview.manageresources.NewResourceUnitsap.m.StandardListItem{\"title\":\"Centimeter\"}"}]}
RESULT: undefined
COMMAND: POST /session/582ce5f850a124cd0c5f6fc14f02a0d2/element - {"using":"xpath","value":"//*[@id=\"__item1013\"]"}
RESULT: {"using":"xpath","value":"//*[@id=\"__item1013\"]"}
COMMAND: POST /session/582ce5f850a124cd0c5f6fc14f02a0d2/element/f.92142B0E1996143B500ED3F2A7F6BA2F.d.2A6321C13A4F7804474577E83CC06300.e.3040/click - {}
RESULT: {}
COMMAND: POST /session/582ce5f850a124cd0c5f6fc14f02a0d2/execute/async - {"script":"<script> [1562 bytes]","args":[{"selector":{"id":"application-manageresources-display-component---newResourceUnit--newRRUPage-anchBar-application-manageresources-display-component---newResourceUnit--reference-anchor","interaction":{"idSuffix":"BDI-content"}},"wdio_ui5_key":"applicationmanageresources-display-component---newResourceUnit--newRRUPage-anchBar-application-manageresources-display-component---newResourceUnit--reference-anchor"}]}
COMMAND: GET /session/582ce5f850a124cd0c5f6fc14f02a0d2/screenshot - {}
RESULT: {"script":"<script> [1562 bytes]","args":[{"selector":{"id":"application-manageresources-display-component---newResourceUnit--newRRUPage-anchBar-application-manageresources-display-component---newResourceUnit--reference-anchor","interaction":{"idSuffix":"BDI-content"}},"wdio_ui5_key":"applicationmanageresources-display-component---newResourceUnit--newRRUPage-anchBar-application-manageresources-display-component---newResourceUnit--reference-anchor"}]}
RESULT: undefined
COMMAND: POST /session/582ce5f850a124cd0c5f6fc14f02a0d2/element - {"using":"xpath","value":"//*[@id=\"application-manageresources-display-component---newResourceUnit--newRRUPage-anchBar-application-manageresources-display-component---newResourceUnit--reference-anchor\"]"}
RESULT: {}
RESULT: {"using":"xpath","value":"//*[@id=\"application-manageresources-display-component---newResourceUnit--newRRUPage-anchBar-application-manageresources-display-component---newResourceUnit--reference-anchor\"]"}
COMMAND: POST /session/582ce5f850a124cd0c5f6fc14f02a0d2/element/f.92142B0E1996143B500ED3F2A7F6BA2F.d.2A6321C13A4F7804474577E83CC06300.e.3032/click - {}
RESULT: {}
COMMAND: POST /session/582ce5f850a124cd0c5f6fc14f02a0d2/execute/async - {"script":"<script> [1562 bytes]","args":[{"selector":{"id":"application-manageresources-display-component---newResourceUnit--PLANNING_GROUP-arrow"},"wdio_ui5_key":"applicationmanageresources-display-component---newResourceUnit--PLANNING_GROUP-arrow"}]}
COMMAND: GET /session/582ce5f850a124cd0c5f6fc14f02a0d2/screenshot - {}
RESULT: {"script":"<script> [1562 bytes]","args":[{"selector":{"id":"application-manageresources-display-component---newResourceUnit--PLANNING_GROUP-arrow"},"wdio_ui5_key":"applicationmanageresources-display-component---newResourceUnit--PLANNING_GROUP-arrow"}]}
RESULT: undefined
COMMAND: POST /session/582ce5f850a124cd0c5f6fc14f02a0d2/element - {"using":"xpath","value":"//*[@id=\"application-manageresources-display-component---newResourceUnit--PLANNING_GROUP-arrow\"]"}
RESULT: {}
RESULT: {"using":"xpath","value":"//*[@id=\"application-manageresources-display-component---newResourceUnit--PLANNING_GROUP-arrow\"]"}
COMMAND: POST /session/582ce5f850a124cd0c5f6fc14f02a0d2/element/f.92142B0E1996143B500ED3F2A7F6BA2F.d.2A6321C13A4F7804474577E83CC06300.e.3041/click - {}
RESULT: {}
COMMAND: POST /session/582ce5f850a124cd0c5f6fc14f02a0d2/execute/async - {"script":"<script> [1562 bytes]","args":[{"selector":{"controlType":"sap.m.StandardListItem","viewName":"reusables.view.manageresources.NewResourceUnit","viewId":"application-manageresources-display-component---newResourceUnit","properties":{"title":"Heavy Equi"},"searchOpenDialogs":true,"interaction":{"idSuffix":"content"}},"wdio_ui5_key":"reusablesview.manageresources.NewResourceUnitsap.m.StandardListItem{\"title\":\"Heavy Equi\"}"}]}
COMMAND: GET /session/582ce5f850a124cd0c5f6fc14f02a0d2/screenshot - {}
RESULT: {"script":"<script> [1562 bytes]","args":[{"selector":{"controlType":"sap.m.StandardListItem","viewName":"reusables.view.manageresources.NewResourceUnit","viewId":"application-manageresources-display-component---newResourceUnit","properties":{"title":"Heavy Equi"},"searchOpenDialogs":true,"interaction":{"idSuffix":"content"}},"wdio_ui5_key":"reusablesview.manageresources.NewResourceUnitsap.m.StandardListItem{\"title\":\"Heavy Equi\"}"}]}
RESULT: undefined
COMMAND: POST /session/582ce5f850a124cd0c5f6fc14f02a0d2/element - {"using":"xpath","value":"//*[@id=\"__item1021\"]"}
RESULT: {}
RESULT: {"using":"xpath","value":"//*[@id=\"__item1021\"]"}
COMMAND: POST /session/582ce5f850a124cd0c5f6fc14f02a0d2/element/f.92142B0E1996143B500ED3F2A7F6BA2F.d.2A6321C13A4F7804474577E83CC06300.e.3043/click - {}
RESULT: {}
COMMAND: GET /session/582ce5f850a124cd0c5f6fc14f02a0d2/screenshot - {}
RESULT: {}
COMMAND: POST /session/582ce5f850a124cd0c5f6fc14f02a0d2/execute/async - {"script":"<script> [1562 bytes]","args":[{"selector":{"id":"application-manageresources-display-component---newResourceUnit--PLANNING_INDICATOR-arrow"},"wdio_ui5_key":"applicationmanageresources-display-component---newResourceUnit--PLANNING_INDICATOR-arrow"}]}
RESULT: {"script":"<script> [1562 bytes]","args":[{"selector":{"id":"application-manageresources-display-component---newResourceUnit--PLANNING_INDICATOR-arrow"},"wdio_ui5_key":"applicationmanageresources-display-component---newResourceUnit--PLANNING_INDICATOR-arrow"}]}
RESULT: undefined
COMMAND: POST /session/582ce5f850a124cd0c5f6fc14f02a0d2/element - {"using":"xpath","value":"//*[@id=\"application-manageresources-display-component---newResourceUnit--PLANNING_INDICATOR-arrow\"]"}
RESULT: {"using":"xpath","value":"//*[@id=\"application-manageresources-display-component---newResourceUnit--PLANNING_INDICATOR-arrow\"]"}
COMMAND: POST /session/582ce5f850a124cd0c5f6fc14f02a0d2/element/f.92142B0E1996143B500ED3F2A7F6BA2F.d.2A6321C13A4F7804474577E83CC06300.e.3044/click - {}
RESULT: {}
COMMAND: POST /session/582ce5f850a124cd0c5f6fc14f02a0d2/execute/async - {"script":"<script> [1562 bytes]","args":[{"selector":{"controlType":"sap.m.StandardListItem","viewName":"reusables.view.manageresources.NewResourceUnit","viewId":"application-manageresources-display-component---newResourceUnit","properties":{"title":"10 - infinite"},"searchOpenDialogs":true,"interaction":{"idSuffix":"content"}},"wdio_ui5_key":"reusablesview.manageresources.NewResourceUnitsap.m.StandardListItem{\"title\":\"10 - infinite\"}"}]}
COMMAND: GET /session/582ce5f850a124cd0c5f6fc14f02a0d2/screenshot - {}
RESULT: {"script":"<script> [1562 bytes]","args":[{"selector":{"controlType":"sap.m.StandardListItem","viewName":"reusables.view.manageresources.NewResourceUnit","viewId":"application-manageresources-display-component---newResourceUnit","properties":{"title":"10 - infinite"},"searchOpenDialogs":true,"interaction":{"idSuffix":"content"}},"wdio_ui5_key":"reusablesview.manageresources.NewResourceUnitsap.m.StandardListItem{\"title\":\"10 - infinite\"}"}]}
RESULT: undefined
COMMAND: POST /session/582ce5f850a124cd0c5f6fc14f02a0d2/element - {"using":"xpath","value":"//*[@id=\"__item1031\"]"}
RESULT: {}
RESULT: {"using":"xpath","value":"//*[@id=\"__item1031\"]"}
COMMAND: POST /session/582ce5f850a124cd0c5f6fc14f02a0d2/element/f.92142B0E1996143B500ED3F2A7F6BA2F.d.2A6321C13A4F7804474577E83CC06300.e.3046/click - {}
RESULT: {}
COMMAND: GET /session/582ce5f850a124cd0c5f6fc14f02a0d2/screenshot - {}
RESULT: {}
COMMAND: POST /session/582ce5f850a124cd0c5f6fc14f02a0d2/element - {"using":"xpath","value":"//bdi[contains(text(), \"Time Segment\")]"}
RESULT: {"using":"xpath","value":"//bdi[contains(text(), \"Time Segment\")]"}
COMMAND: GET /session/582ce5f850a124cd0c5f6fc14f02a0d2/element/f.92142B0E1996143B500ED3F2A7F6BA2F.d.2A6321C13A4F7804474577E83CC06300.e.3047/rect - {}
RESULT: {}
COMMAND: GET /session/582ce5f850a124cd0c5f6fc14f02a0d2/window/rect - {}
RESULT: {}
COMMAND: POST /session/582ce5f850a124cd0c5f6fc14f02a0d2/execute/sync - {"script":"<script> [92 bytes]","args":[]}
RESULT: {"script":"<script> [92 bytes]","args":[]}
COMMAND: POST /session/582ce5f850a124cd0c5f6fc14f02a0d2/actions - {"actions":[{"id":"action13","type":"wheel","parameters":{},"actions":[{"type":"scroll","x":-1804,"y":-21,"deltaX":0,"deltaY":0,"duration":0,"origin":{"element-6066-11e4-a52e-4f735466cecf":"f.92142B0E1996143B500ED3F2A7F6BA2F.d.2A6321C13A4F7804474577E83CC06300.e.3047"}}]}]}
COMMAND: GET /session/582ce5f850a124cd0c5f6fc14f02a0d2/screenshot - {}
RESULT: {}
COMMAND: POST /session/582ce5f850a124cd0c5f6fc14f02a0d2/execute/sync - {"script":"<script> [79 bytes]","args":[{"element-6066-11e4-a52e-4f735466cecf":"f.92142B0E1996143B500ED3F2A7F6BA2F.d.2A6321C13A4F7804474577E83CC06300.e.3047","ELEMENT":"f.92142B0E1996143B500ED3F2A7F6BA2F.d.2A6321C13A4F7804474577E83CC06300.e.3047"},{"block":"start","inline":"nearest"}]}
RESULT: {"script":"<script> [79 bytes]","args":[{"element-6066-11e4-a52e-4f735466cecf":"f.92142B0E1996143B500ED3F2A7F6BA2F.d.2A6321C13A4F7804474577E83CC06300.e.3047","ELEMENT":"f.92142B0E1996143B500ED3F2A7F6BA2F.d.2A6321C13A4F7804474577E83CC06300.e.3047"},{"block":"start","inline":"nearest"}]}
COMMAND: GET /session/582ce5f850a124cd0c5f6fc14f02a0d2/screenshot - {}
RESULT: {}
COMMAND: POST /session/582ce5f850a124cd0c5f6fc14f02a0d2/element - {"using":"xpath","value":"//span[@id=\"application-manageresources-display-component---newResourceUnit--btnAddTimeSegment-img\"]"}
RESULT: {"using":"xpath","value":"//span[@id=\"application-manageresources-display-component---newResourceUnit--btnAddTimeSegment-img\"]"}
COMMAND: POST /session/582ce5f850a124cd0c5f6fc14f02a0d2/execute/sync - {"script":"<script> [8489 bytes]","args":[{"element-6066-11e4-a52e-4f735466cecf":"f.92142B0E1996143B500ED3F2A7F6BA2F.d.2A6321C13A4F7804474577E83CC06300.e.3050","ELEMENT":"f.92142B0E1996143B500ED3F2A7F6BA2F.d.2A6321C13A4F7804474577E83CC06300.e.3050"}]}
RESULT: {"script":"<script> [8489 bytes]","args":[{"element-6066-11e4-a52e-4f735466cecf":"f.92142B0E1996143B500ED3F2A7F6BA2F.d.2A6321C13A4F7804474577E83CC06300.e.3050","ELEMENT":"f.92142B0E1996143B500ED3F2A7F6BA2F.d.2A6321C13A4F7804474577E83CC06300.e.3050"}]}
COMMAND: POST /session/582ce5f850a124cd0c5f6fc14f02a0d2/element/f.92142B0E1996143B500ED3F2A7F6BA2F.d.2A6321C13A4F7804474577E83CC06300.e.3050/click - {}
COMMAND: GET /session/582ce5f850a124cd0c5f6fc14f02a0d2/screenshot - {}
RESULT: {}
COMMAND: GET /session/582ce5f850a124cd0c5f6fc14f02a0d2/screenshot - {}
RESULT: {}
RESULT: {}
COMMAND: POST /session/582ce5f850a124cd0c5f6fc14f02a0d2/element - {"using":"xpath","value":"//input[@id=\"application-manageresources-display-component---newResourceUnit--idRuTSAdmin-application-manageresources-display-component---newResourceUnit--RUTimeSegment-0-inner\"]"}
RESULT: {"using":"xpath","value":"//input[@id=\"application-manageresources-display-component---newResourceUnit--idRuTSAdmin-application-manageresources-display-component---newResourceUnit--RUTimeSegment-0-inner\"]"}
COMMAND: POST /session/582ce5f850a124cd0c5f6fc14f02a0d2/element/f.92142B0E1996143B500ED3F2A7F6BA2F.d.2A6321C13A4F7804474577E83CC06300.e.3053/clear - {}
RESULT: {}
COMMAND: POST /session/582ce5f850a124cd0c5f6fc14f02a0d2/element/f.92142B0E1996143B500ED3F2A7F6BA2F.d.2A6321C13A4F7804474577E83CC06300.e.3053/value - {"text":"408"}
COMMAND: GET /session/582ce5f850a124cd0c5f6fc14f02a0d2/screenshot - {}
RESULT: {"text":"408"}
COMMAND: GET /session/582ce5f850a124cd0c5f6fc14f02a0d2/screenshot - {}
RESULT: {}
RESULT: {}
COMMAND: POST /session/582ce5f850a124cd0c5f6fc14f02a0d2/actions - {"actions":[{"id":"action14","type":"key","parameters":{},"actions":[{"type":"keyDown","value":"î€‡"},{"type":"pause","duration":10},{"type":"keyUp","value":"î€‡"}]}]}
RESULT: {"actions":[{"id":"action14","type":"key","parameters":{},"actions":[{"type":"keyDown","value":"î€‡"},{"type":"pause","duration":10},{"type":"keyUp","value":"î€‡"}]}]}
COMMAND: POST /session/582ce5f850a124cd0c5f6fc14f02a0d2/execute/async - {"script":"<script> [1562 bytes]","args":[{"selector":{"controlType":"sap.m.Button","viewName":"reusables.view.manageresources.NewResourceUnit","viewId":"application-manageresources-display-component---newResourceUnit","i18NText":{"propertyName":"tooltip","key":"save"},"interaction":{"idSuffix":"BDI-content"}},"wdio_ui5_key":"reusablesview.manageresources.NewResourceUnitsap.m.Button{\"propertyName\":\"tooltip\",\"key\":\"save\"}"}]}
COMMAND: GET /session/582ce5f850a124cd0c5f6fc14f02a0d2/screenshot - {}
RESULT: {"script":"<script> [1562 bytes]","args":[{"selector":{"controlType":"sap.m.Button","viewName":"reusables.view.manageresources.NewResourceUnit","viewId":"application-manageresources-display-component---newResourceUnit","i18NText":{"propertyName":"tooltip","key":"save"},"interaction":{"idSuffix":"BDI-content"}},"wdio_ui5_key":"reusablesview.manageresources.NewResourceUnitsap.m.Button{\"propertyName\":\"tooltip\",\"key\":\"save\"}"}]}
RESULT: undefined
COMMAND: POST /session/582ce5f850a124cd0c5f6fc14f02a0d2/element - {"using":"xpath","value":"//*[@id=\"application-manageresources-display-component---newResourceUnit--createRuButton\"]"}
RESULT: {}
RESULT: {"using":"xpath","value":"//*[@id=\"application-manageresources-display-component---newResourceUnit--createRuButton\"]"}
COMMAND: POST /session/582ce5f850a124cd0c5f6fc14f02a0d2/element/f.92142B0E1996143B500ED3F2A7F6BA2F.d.2A6321C13A4F7804474577E83CC06300.e.2978/click - {}
RESULT: {}
COMMAND: GET /session/582ce5f850a124cd0c5f6fc14f02a0d2/screenshot - {}
RESULT: {}
COMMAND: POST /session/582ce5f850a124cd0c5f6fc14f02a0d2/execute/async - {"script":"<script> [1562 bytes]","args":[{"selector":{"controlType":"sap.m.Title","properties":{"text":"Success"},"searchOpenDialogs":true},"wdio_ui5_key":"sapm.Title{\"text\":\"Success\"}"}]}
RESULT: {"script":"<script> [1562 bytes]","args":[{"selector":{"controlType":"sap.m.Title","properties":{"text":"Success"},"searchOpenDialogs":true},"wdio_ui5_key":"sapm.Title{\"text\":\"Success\"}"}]}
RESULT: undefined
COMMAND: POST /session/582ce5f850a124cd0c5f6fc14f02a0d2/execute/async - {"script":"<script> [6424 bytes]","args":[{"element-6066-11e4-a52e-4f735466cecf":"f.92142B0E1996143B500ED3F2A7F6BA2F.d.2A6321C13A4F7804474577E83CC06300.e.3069"},"getText",[]]}
RESULT: {"script":"<script> [6424 bytes]","args":[{"element-6066-11e4-a52e-4f735466cecf":"f.92142B0E1996143B500ED3F2A7F6BA2F.d.2A6321C13A4F7804474577E83CC06300.e.3069"},"getText",[]]}
COMMAND: POST /session/582ce5f850a124cd0c5f6fc14f02a0d2/element - {"using":"xpath","value":"//*[contains(@id, '__text') and (contains(text(), 'successfully created') or contains(., 'successfully created'))]"}
RESULT: {"using":"xpath","value":"//*[contains(@id, '__text') and (contains(text(), 'successfully created') or contains(., 'successfully created'))]"}
COMMAND: GET /session/582ce5f850a124cd0c5f6fc14f02a0d2/element/f.92142B0E1996143B500ED3F2A7F6BA2F.d.2A6321C13A4F7804474577E83CC06300.e.3067/text - {}
RESULT: {}
COMMAND: POST /session/582ce5f850a124cd0c5f6fc14f02a0d2/execute/async - {"script":"<script> [1562 bytes]","args":[{"selector":{"controlType":"sap.m.Button","properties":{"text":"Close"},"searchOpenDialogs":true,"interaction":{"idSuffix":"BDI-content"}},"wdio_ui5_key":"sapm.Button{\"text\":\"Close\"}"}]}
RESULT: {"script":"<script> [1562 bytes]","args":[{"selector":{"controlType":"sap.m.Button","properties":{"text":"Close"},"searchOpenDialogs":true,"interaction":{"idSuffix":"BDI-content"}},"wdio_ui5_key":"sapm.Button{\"text\":\"Close\"}"}]}
RESULT: undefined
COMMAND: POST /session/582ce5f850a124cd0c5f6fc14f02a0d2/element - {"using":"xpath","value":"//*[@id=\"__mbox-btn-0\"]"}
RESULT: {"using":"xpath","value":"//*[@id=\"__mbox-btn-0\"]"}
COMMAND: POST /session/582ce5f850a124cd0c5f6fc14f02a0d2/element/f.92142B0E1996143B500ED3F2A7F6BA2F.d.2A6321C13A4F7804474577E83CC06300.e.3065/click - {}
RESULT: {}
COMMAND: GET /session/582ce5f850a124cd0c5f6fc14f02a0d2/screenshot - {}
RESULT: {}
COMMAND: POST /session/582ce5f850a124cd0c5f6fc14f02a0d2/execute/async - {"script":"<script> [1562 bytes]","args":[{"selector":{"controlType":"sap.ui.core.Icon","viewName":"etm.portal.ui.manageresources.view.Detail","viewId":"application-manageresources-display-component---detailRU","properties":{"src":{"regex":{"source":"overflow"}}}},"wdio_ui5_key":"etmportal.ui.manageresources.view.Detailsap.ui.core.Icon{\"src\":{\"regex\":{\"source\":\"overflow\"}}}"}]}
RESULT: {"script":"<script> [1562 bytes]","args":[{"selector":{"controlType":"sap.ui.core.Icon","viewName":"etm.portal.ui.manageresources.view.Detail","viewId":"application-manageresources-display-component---detailRU","properties":{"src":{"regex":{"source":"overflow"}}}},"wdio_ui5_key":"etmportal.ui.manageresources.view.Detailsap.ui.core.Icon{\"src\":{\"regex\":{\"source\":\"overflow\"}}}"}]}
RESULT: undefined
COMMAND: POST /session/582ce5f850a124cd0c5f6fc14f02a0d2/element - {"using":"xpath","value":"//*[@id=\"__title35-_actionsToolbar-overflowButton-img\"]"}
RESULT: {"using":"xpath","value":"//*[@id=\"__title35-_actionsToolbar-overflowButton-img\"]"}
COMMAND: POST /session/582ce5f850a124cd0c5f6fc14f02a0d2/element/f.92142B0E1996143B500ED3F2A7F6BA2F.d.2A6321C13A4F7804474577E83CC06300.e.3103/click - {}
RESULT: {}
COMMAND: POST /session/582ce5f850a124cd0c5f6fc14f02a0d2/execute/async - {"script":"<script> [1562 bytes]","args":[{"selector":{"controlType":"sap.m.Button","viewName":"etm.portal.ui.manageresources.view.Detail","viewId":"application-manageresources-display-component---detailRU","i18NText":{"propertyName":"tooltip","key":"closeColumn"},"searchOpenDialogs":true,"interaction":{"idSuffix":"inner"}},"wdio_ui5_key":"etmportal.ui.manageresources.view.Detailsap.m.Button{\"propertyName\":\"tooltip\",\"key\":\"closeColumn\"}"}]}
COMMAND: GET /session/582ce5f850a124cd0c5f6fc14f02a0d2/screenshot - {}
RESULT: {"script":"<script> [1562 bytes]","args":[{"selector":{"controlType":"sap.m.Button","viewName":"etm.portal.ui.manageresources.view.Detail","viewId":"application-manageresources-display-component---detailRU","i18NText":{"propertyName":"tooltip","key":"closeColumn"},"searchOpenDialogs":true,"interaction":{"idSuffix":"inner"}},"wdio_ui5_key":"etmportal.ui.manageresources.view.Detailsap.m.Button{\"propertyName\":\"tooltip\",\"key\":\"closeColumn\"}"}]}
RESULT: undefined
COMMAND: POST /session/582ce5f850a124cd0c5f6fc14f02a0d2/element - {"using":"xpath","value":"//*[@id=\"__button146\"]"}
RESULT: {}
RESULT: {"using":"xpath","value":"//*[@id=\"__button146\"]"}
COMMAND: POST /session/582ce5f850a124cd0c5f6fc14f02a0d2/element/f.92142B0E1996143B500ED3F2A7F6BA2F.d.2A6321C13A4F7804474577E83CC06300.e.3105/click - {}
RESULT: {}
COMMAND: POST /session/582ce5f850a124cd0c5f6fc14f02a0d2/element - {"using":"css selector","value":"#shell-header-logo"}
COMMAND: GET /session/582ce5f850a124cd0c5f6fc14f02a0d2/screenshot - {}
RESULT: {"using":"css selector","value":"#shell-header-logo"}
COMMAND: POST /session/582ce5f850a124cd0c5f6fc14f02a0d2/element/f.92142B0E1996143B500ED3F2A7F6BA2F.d.2A6321C13A4F7804474577E83CC06300.e.2577/click - {}
RESULT: {}
RESULT: {}
COMMAND: GET /session/582ce5f850a124cd0c5f6fc14f02a0d2/screenshot - {}
RESULT: {}
]]></system-out>
    </testcase>
    <testcase classname="chrome.135_0_7049_96.windows.Stock_increase_-_with_WHM_US125587" name="Bin Status Report Should Create New Organization yard" time="63.268">
      <system-out><![CDATA[
COMMAND: POST /session/582ce5f850a124cd0c5f6fc14f02a0d2/element - {"using":"xpath","value":"//div[text()='Warehouse']"}
RESULT: {"using":"xpath","value":"//div[text()='Warehouse']"}
COMMAND: POST /session/582ce5f850a124cd0c5f6fc14f02a0d2/elements - {"using":"xpath","value":"//div[text()='Warehouse']"}
RESULT: {"using":"xpath","value":"//div[text()='Warehouse']"}
COMMAND: POST /session/582ce5f850a124cd0c5f6fc14f02a0d2/element/f.92142B0E1996143B500ED3F2A7F6BA2F.d.2A6321C13A4F7804474577E83CC06300.e.3221/click - {}
RESULT: {}
COMMAND: POST /session/582ce5f850a124cd0c5f6fc14f02a0d2/execute/async - {"script":"<script> [1562 bytes]","args":[{"selector":{"controlType":"sap.m.GenericTile","properties":{"header":"Bin Status Report"}},"wdio_ui5_key":"sapm.GenericTile{\"header\":\"Bin Status Report\"}"}]}
COMMAND: GET /session/582ce5f850a124cd0c5f6fc14f02a0d2/screenshot - {}
RESULT: {"script":"<script> [1562 bytes]","args":[{"selector":{"controlType":"sap.m.GenericTile","properties":{"header":"Bin Status Report"}},"wdio_ui5_key":"sapm.GenericTile{\"header\":\"Bin Status Report\"}"}]}
RESULT: undefined
COMMAND: POST /session/582ce5f850a124cd0c5f6fc14f02a0d2/element - {"using":"xpath","value":"//*[@id=\"__tile108\"]"}
RESULT: {}
RESULT: {"using":"xpath","value":"//*[@id=\"__tile108\"]"}
COMMAND: POST /session/582ce5f850a124cd0c5f6fc14f02a0d2/element/f.92142B0E1996143B500ED3F2A7F6BA2F.d.2A6321C13A4F7804474577E83CC06300.e.3224/click - {}
RESULT: {}
COMMAND: GET /session/582ce5f850a124cd0c5f6fc14f02a0d2/screenshot - {}
COMMAND: POST /session/582ce5f850a124cd0c5f6fc14f02a0d2/element - {"using":"xpath","value":"//bdi[text()='Create New Organization']"}
RESULT: {}
RESULT: {"using":"xpath","value":"//bdi[text()='Create New Organization']"}
COMMAND: POST /session/582ce5f850a124cd0c5f6fc14f02a0d2/elements - {"using":"xpath","value":"//bdi[text()='Create New Organization']"}
RESULT: {"using":"xpath","value":"//bdi[text()='Create New Organization']"}
COMMAND: POST /session/582ce5f850a124cd0c5f6fc14f02a0d2/element/f.92142B0E1996143B500ED3F2A7F6BA2F.d.2A6321C13A4F7804474577E83CC06300.e.3258/click - {}
RESULT: {}
COMMAND: POST /session/582ce5f850a124cd0c5f6fc14f02a0d2/execute/async - {"script":"<script> [1562 bytes]","args":[{"selector":{"id":"createOrganizationPop--sectionInput","searchOpenDialogs":true,"interaction":{"idSuffix":"inner"}},"wdio_ui5_key":"createOrganizationPopsectionInput"}]}
COMMAND: GET /session/582ce5f850a124cd0c5f6fc14f02a0d2/screenshot - {}
RESULT: {"script":"<script> [1562 bytes]","args":[{"selector":{"id":"createOrganizationPop--sectionInput","searchOpenDialogs":true,"interaction":{"idSuffix":"inner"}},"wdio_ui5_key":"createOrganizationPopsectionInput"}]}
RESULT: undefined
COMMAND: POST /session/582ce5f850a124cd0c5f6fc14f02a0d2/execute/async - {"script":"<script> [776 bytes]","args":[{"enterText":"WHIz1h1c","selector":{"id":"createOrganizationPop--sectionInput","searchOpenDialogs":true,"interaction":{"idSuffix":"inner"}},"clearTextFirst":true,"interactionType":"ENTER_TEXT"}]}
RESULT: {}
RESULT: {"script":"<script> [776 bytes]","args":[{"enterText":"WHIz1h1c","selector":{"id":"createOrganizationPop--sectionInput","searchOpenDialogs":true,"interaction":{"idSuffix":"inner"}},"clearTextFirst":true,"interactionType":"ENTER_TEXT"}]}
COMMAND: POST /session/582ce5f850a124cd0c5f6fc14f02a0d2/execute/async - {"script":"<script> [1562 bytes]","args":[{"selector":{"id":"createOrganizationPop--descriptionInput","searchOpenDialogs":true,"interaction":{"idSuffix":"inner"}},"wdio_ui5_key":"createOrganizationPopdescriptionInput"}]}
RESULT: {"script":"<script> [1562 bytes]","args":[{"selector":{"id":"createOrganizationPop--descriptionInput","searchOpenDialogs":true,"interaction":{"idSuffix":"inner"}},"wdio_ui5_key":"createOrganizationPopdescriptionInput"}]}
RESULT: undefined
COMMAND: POST /session/582ce5f850a124cd0c5f6fc14f02a0d2/execute/async - {"script":"<script> [776 bytes]","args":[{"enterText":"WHIz1h1c","selector":{"id":"createOrganizationPop--descriptionInput","searchOpenDialogs":true,"interaction":{"idSuffix":"inner"}},"clearTextFirst":true,"interactionType":"ENTER_TEXT"}]}
RESULT: {"script":"<script> [776 bytes]","args":[{"enterText":"WHIz1h1c","selector":{"id":"createOrganizationPop--descriptionInput","searchOpenDialogs":true,"interaction":{"idSuffix":"inner"}},"clearTextFirst":true,"interactionType":"ENTER_TEXT"}]}
COMMAND: POST /session/582ce5f850a124cd0c5f6fc14f02a0d2/element - {"using":"css selector","value":"#createOrganizationPop--yardOrg-inner"}
RESULT: {"using":"css selector","value":"#createOrganizationPop--yardOrg-inner"}
COMMAND: POST /session/582ce5f850a124cd0c5f6fc14f02a0d2/element/f.92142B0E1996143B500ED3F2A7F6BA2F.d.2A6321C13A4F7804474577E83CC06300.e.3311/clear - {}
RESULT: {}
COMMAND: POST /session/582ce5f850a124cd0c5f6fc14f02a0d2/element/f.92142B0E1996143B500ED3F2A7F6BA2F.d.2A6321C13A4F7804474577E83CC06300.e.3311/value - {"text":"408"}
COMMAND: GET /session/582ce5f850a124cd0c5f6fc14f02a0d2/screenshot - {}
RESULT: {"text":"408"}
COMMAND: GET /session/582ce5f850a124cd0c5f6fc14f02a0d2/screenshot - {}
RESULT: {}
RESULT: {}
COMMAND: POST /session/582ce5f850a124cd0c5f6fc14f02a0d2/actions - {"actions":[{"id":"action15","type":"key","parameters":{},"actions":[{"type":"keyDown","value":"î€‡"},{"type":"pause","duration":10},{"type":"keyUp","value":"î€‡"}]}]}
RESULT: {"actions":[{"id":"action15","type":"key","parameters":{},"actions":[{"type":"keyDown","value":"î€‡"},{"type":"pause","duration":10},{"type":"keyUp","value":"î€‡"}]}]}
COMMAND: POST /session/582ce5f850a124cd0c5f6fc14f02a0d2/execute/async - {"script":"<script> [1562 bytes]","args":[{"selector":{"id":"createOrganizationPop--grZone","searchOpenDialogs":true,"interaction":{"idSuffix":"CbBg"}},"wdio_ui5_key":"createOrganizationPopgrZone"}]}
COMMAND: GET /session/582ce5f850a124cd0c5f6fc14f02a0d2/screenshot - {}
RESULT: {"script":"<script> [1562 bytes]","args":[{"selector":{"id":"createOrganizationPop--grZone","searchOpenDialogs":true,"interaction":{"idSuffix":"CbBg"}},"wdio_ui5_key":"createOrganizationPopgrZone"}]}
RESULT: undefined
COMMAND: POST /session/582ce5f850a124cd0c5f6fc14f02a0d2/element - {"using":"xpath","value":"//*[@id=\"createOrganizationPop--grZone\"]"}
RESULT: {}
RESULT: {"using":"xpath","value":"//*[@id=\"createOrganizationPop--grZone\"]"}
COMMAND: POST /session/582ce5f850a124cd0c5f6fc14f02a0d2/element/f.92142B0E1996143B500ED3F2A7F6BA2F.d.2A6321C13A4F7804474577E83CC06300.e.3332/click - {}
RESULT: {}
COMMAND: POST /session/582ce5f850a124cd0c5f6fc14f02a0d2/execute/async - {"script":"<script> [1562 bytes]","args":[{"selector":{"id":"createOrganizationPop--giZone","searchOpenDialogs":true,"interaction":{"idSuffix":"CbBg"}},"wdio_ui5_key":"createOrganizationPopgiZone"}]}
COMMAND: GET /session/582ce5f850a124cd0c5f6fc14f02a0d2/screenshot - {}
RESULT: {"script":"<script> [1562 bytes]","args":[{"selector":{"id":"createOrganizationPop--giZone","searchOpenDialogs":true,"interaction":{"idSuffix":"CbBg"}},"wdio_ui5_key":"createOrganizationPopgiZone"}]}
RESULT: undefined
COMMAND: POST /session/582ce5f850a124cd0c5f6fc14f02a0d2/element - {"using":"xpath","value":"//*[@id=\"createOrganizationPop--giZone\"]"}
RESULT: {}
RESULT: {"using":"xpath","value":"//*[@id=\"createOrganizationPop--giZone\"]"}
COMMAND: POST /session/582ce5f850a124cd0c5f6fc14f02a0d2/element/f.92142B0E1996143B500ED3F2A7F6BA2F.d.2A6321C13A4F7804474577E83CC06300.e.3334/click - {}
RESULT: {}
COMMAND: POST /session/582ce5f850a124cd0c5f6fc14f02a0d2/execute/async - {"script":"<script> [1562 bytes]","args":[{"selector":{"id":"createOrganizationPop--binNoInput","searchOpenDialogs":true,"interaction":{"idSuffix":"inner"}},"wdio_ui5_key":"createOrganizationPopbinNoInput"}]}
COMMAND: GET /session/582ce5f850a124cd0c5f6fc14f02a0d2/screenshot - {}
RESULT: {"script":"<script> [1562 bytes]","args":[{"selector":{"id":"createOrganizationPop--binNoInput","searchOpenDialogs":true,"interaction":{"idSuffix":"inner"}},"wdio_ui5_key":"createOrganizationPopbinNoInput"}]}
RESULT: undefined
COMMAND: POST /session/582ce5f850a124cd0c5f6fc14f02a0d2/execute/async - {"script":"<script> [776 bytes]","args":[{"enterText":"Bin-Wd","selector":{"id":"createOrganizationPop--binNoInput","searchOpenDialogs":true,"interaction":{"idSuffix":"inner"}},"clearTextFirst":true,"interactionType":"ENTER_TEXT"}]}
RESULT: {}
RESULT: {"script":"<script> [776 bytes]","args":[{"enterText":"Bin-Wd","selector":{"id":"createOrganizationPop--binNoInput","searchOpenDialogs":true,"interaction":{"idSuffix":"inner"}},"clearTextFirst":true,"interactionType":"ENTER_TEXT"}]}
COMMAND: POST /session/582ce5f850a124cd0c5f6fc14f02a0d2/execute/async - {"script":"<script> [1562 bytes]","args":[{"selector":{"id":"createOrganizationPop--descriptionId","searchOpenDialogs":true,"interaction":{"idSuffix":"inner"}},"wdio_ui5_key":"createOrganizationPopdescriptionId"}]}
RESULT: {"script":"<script> [1562 bytes]","args":[{"selector":{"id":"createOrganizationPop--descriptionId","searchOpenDialogs":true,"interaction":{"idSuffix":"inner"}},"wdio_ui5_key":"createOrganizationPopdescriptionId"}]}
RESULT: undefined
COMMAND: POST /session/582ce5f850a124cd0c5f6fc14f02a0d2/execute/async - {"script":"<script> [776 bytes]","args":[{"enterText":"Shipping-Wd","selector":{"id":"createOrganizationPop--descriptionId","searchOpenDialogs":true,"interaction":{"idSuffix":"inner"}},"clearTextFirst":true,"interactionType":"ENTER_TEXT"}]}
RESULT: {"script":"<script> [776 bytes]","args":[{"enterText":"Shipping-Wd","selector":{"id":"createOrganizationPop--descriptionId","searchOpenDialogs":true,"interaction":{"idSuffix":"inner"}},"clearTextFirst":true,"interactionType":"ENTER_TEXT"}]}
COMMAND: POST /session/582ce5f850a124cd0c5f6fc14f02a0d2/execute/async - {"script":"<script> [1562 bytes]","args":[{"selector":{"controlType":"sap.m.CheckBox","viewName":"etm.portal.ui.binstatusreport.view.MasterWareBins","viewId":"application-binstatusreport-display-component---warehousing","bindingPath":{"path":"","propertyPath":"/ZONE","modelName":"newBin"},"searchOpenDialogs":true,"interaction":{"idSuffix":"CbBg"}},"wdio_ui5_key":"etmportal.ui.binstatusreport.view.MasterWareBinssap.m.CheckBox{\"path\":\"\",\"propertyPath\":\"/ZONE\",\"modelName\":\"newBin\"}"}]}
RESULT: {"script":"<script> [1562 bytes]","args":[{"selector":{"controlType":"sap.m.CheckBox","viewName":"etm.portal.ui.binstatusreport.view.MasterWareBins","viewId":"application-binstatusreport-display-component---warehousing","bindingPath":{"path":"","propertyPath":"/ZONE","modelName":"newBin"},"searchOpenDialogs":true,"interaction":{"idSuffix":"CbBg"}},"wdio_ui5_key":"etmportal.ui.binstatusreport.view.MasterWareBinssap.m.CheckBox{\"path\":\"\",\"propertyPath\":\"/ZONE\",\"modelName\":\"newBin\"}"}]}
RESULT: undefined
COMMAND: POST /session/582ce5f850a124cd0c5f6fc14f02a0d2/element - {"using":"xpath","value":"//*[@id=\"__box41\"]"}
RESULT: {"using":"xpath","value":"//*[@id=\"__box41\"]"}
COMMAND: POST /session/582ce5f850a124cd0c5f6fc14f02a0d2/element/f.92142B0E1996143B500ED3F2A7F6BA2F.d.2A6321C13A4F7804474577E83CC06300.e.3338/click - {}
RESULT: {}
COMMAND: POST /session/582ce5f850a124cd0c5f6fc14f02a0d2/execute/async - {"script":"<script> [1562 bytes]","args":[{"selector":{"id":"createOrganizationPop--binTypesCB-arrow","searchOpenDialogs":true},"wdio_ui5_key":"createOrganizationPopbinTypesCB-arrow"}]}
COMMAND: GET /session/582ce5f850a124cd0c5f6fc14f02a0d2/screenshot - {}
RESULT: {"script":"<script> [1562 bytes]","args":[{"selector":{"id":"createOrganizationPop--binTypesCB-arrow","searchOpenDialogs":true},"wdio_ui5_key":"createOrganizationPopbinTypesCB-arrow"}]}
RESULT: undefined
COMMAND: POST /session/582ce5f850a124cd0c5f6fc14f02a0d2/element - {"using":"xpath","value":"//*[@id=\"createOrganizationPop--binTypesCB-arrow\"]"}
RESULT: {}
RESULT: {"using":"xpath","value":"//*[@id=\"createOrganizationPop--binTypesCB-arrow\"]"}
COMMAND: POST /session/582ce5f850a124cd0c5f6fc14f02a0d2/element/f.92142B0E1996143B500ED3F2A7F6BA2F.d.2A6321C13A4F7804474577E83CC06300.e.3339/click - {}
RESULT: {}
COMMAND: POST /session/582ce5f850a124cd0c5f6fc14f02a0d2/execute/async - {"script":"<script> [1562 bytes]","args":[{"selector":{"id":"createOrganizationPop--binTypesCB","searchOpenDialogs":true,"interaction":{"idSuffix":"inner"}},"wdio_ui5_key":"createOrganizationPopbinTypesCB"}]}
COMMAND: GET /session/582ce5f850a124cd0c5f6fc14f02a0d2/screenshot - {}
RESULT: {"script":"<script> [1562 bytes]","args":[{"selector":{"id":"createOrganizationPop--binTypesCB","searchOpenDialogs":true,"interaction":{"idSuffix":"inner"}},"wdio_ui5_key":"createOrganizationPopbinTypesCB"}]}
RESULT: undefined
COMMAND: POST /session/582ce5f850a124cd0c5f6fc14f02a0d2/execute/async - {"script":"<script> [776 bytes]","args":[{"enterText":"1 - General / No capacity check","selector":{"id":"createOrganizationPop--binTypesCB","searchOpenDialogs":true,"interaction":{"idSuffix":"inner"}},"clearTextFirst":true,"interactionType":"ENTER_TEXT"}]}
RESULT: {}
RESULT: {"script":"<script> [776 bytes]","args":[{"enterText":"1 - General / No capacity check","selector":{"id":"createOrganizationPop--binTypesCB","searchOpenDialogs":true,"interaction":{"idSuffix":"inner"}},"clearTextFirst":true,"interactionType":"ENTER_TEXT"}]}
COMMAND: POST /session/582ce5f850a124cd0c5f6fc14f02a0d2/actions - {"actions":[{"id":"action16","type":"key","parameters":{},"actions":[{"type":"keyDown","value":"î€‡"},{"type":"pause","duration":10},{"type":"keyUp","value":"î€‡"}]}]}
RESULT: {"actions":[{"id":"action16","type":"key","parameters":{},"actions":[{"type":"keyDown","value":"î€‡"},{"type":"pause","duration":10},{"type":"keyUp","value":"î€‡"}]}]}
COMMAND: GET /session/582ce5f850a124cd0c5f6fc14f02a0d2/screenshot - {}
RESULT: {}
COMMAND: POST /session/582ce5f850a124cd0c5f6fc14f02a0d2/execute/async - {"script":"<script> [1562 bytes]","args":[{"selector":{"id":"createOrganizationPop--finishBtn","searchOpenDialogs":true,"interaction":{"idSuffix":"BDI-content"}},"wdio_ui5_key":"createOrganizationPopfinishBtn"}]}
RESULT: {"script":"<script> [1562 bytes]","args":[{"selector":{"id":"createOrganizationPop--finishBtn","searchOpenDialogs":true,"interaction":{"idSuffix":"BDI-content"}},"wdio_ui5_key":"createOrganizationPopfinishBtn"}]}
RESULT: undefined
COMMAND: POST /session/582ce5f850a124cd0c5f6fc14f02a0d2/element - {"using":"xpath","value":"//*[@id=\"createOrganizationPop--finishBtn\"]"}
RESULT: {"using":"xpath","value":"//*[@id=\"createOrganizationPop--finishBtn\"]"}
COMMAND: POST /session/582ce5f850a124cd0c5f6fc14f02a0d2/element/f.92142B0E1996143B500ED3F2A7F6BA2F.d.2A6321C13A4F7804474577E83CC06300.e.3342/click - {}
RESULT: {}
]]></system-out>
    </testcase>
    <testcase classname="chrome.135_0_7049_96.windows.Stock_increase_-_with_WHM_US125587" name="Bin Status Report Should Create New Organization for Site" time="81.005">
      <system-out><![CDATA[
COMMAND: GET /session/582ce5f850a124cd0c5f6fc14f02a0d2/screenshot - {}
RESULT: {}
COMMAND: POST /session/582ce5f850a124cd0c5f6fc14f02a0d2/execute/async - {"script":"<script> [1562 bytes]","args":[{"selector":{"id":"application-binstatusreport-display-component---warehousing--createOrgBtn","interaction":{"idSuffix":"content"}},"wdio_ui5_key":"applicationbinstatusreport-display-component---warehousing--createOrgBtn"}]}
RESULT: {"script":"<script> [1562 bytes]","args":[{"selector":{"id":"application-binstatusreport-display-component---warehousing--createOrgBtn","interaction":{"idSuffix":"content"}},"wdio_ui5_key":"applicationbinstatusreport-display-component---warehousing--createOrgBtn"}]}
RESULT: undefined
COMMAND: POST /session/582ce5f850a124cd0c5f6fc14f02a0d2/element - {"using":"xpath","value":"//*[@id=\"application-binstatusreport-display-component---warehousing--createOrgBtn\"]"}
RESULT: {"using":"xpath","value":"//*[@id=\"application-binstatusreport-display-component---warehousing--createOrgBtn\"]"}
COMMAND: POST /session/582ce5f850a124cd0c5f6fc14f02a0d2/element/f.92142B0E1996143B500ED3F2A7F6BA2F.d.2A6321C13A4F7804474577E83CC06300.e.3265/click - {}
RESULT: {}
RESULT: undefined
COMMAND: POST /session/582ce5f850a124cd0c5f6fc14f02a0d2/execute/async - {"script":"<script> [776 bytes]","args":[{"enterText":"2250","selector":{"id":"createOrganizationPop--sectionInput","searchOpenDialogs":true,"interaction":{"idSuffix":"inner"}},"clearTextFirst":true,"interactionType":"ENTER_TEXT"}]}
COMMAND: GET /session/582ce5f850a124cd0c5f6fc14f02a0d2/screenshot - {}
RESULT: {"script":"<script> [776 bytes]","args":[{"enterText":"2250","selector":{"id":"createOrganizationPop--sectionInput","searchOpenDialogs":true,"interaction":{"idSuffix":"inner"}},"clearTextFirst":true,"interactionType":"ENTER_TEXT"}]}
RESULT: undefined
COMMAND: POST /session/582ce5f850a124cd0c5f6fc14f02a0d2/execute/async - {"script":"<script> [776 bytes]","args":[{"enterText":"2250","selector":{"id":"createOrganizationPop--descriptionInput","searchOpenDialogs":true,"interaction":{"idSuffix":"inner"}},"clearTextFirst":true,"interactionType":"ENTER_TEXT"}]}
RESULT: {}
RESULT: {"script":"<script> [776 bytes]","args":[{"enterText":"2250","selector":{"id":"createOrganizationPop--descriptionInput","searchOpenDialogs":true,"interaction":{"idSuffix":"inner"}},"clearTextFirst":true,"interactionType":"ENTER_TEXT"}]}
COMMAND: POST /session/582ce5f850a124cd0c5f6fc14f02a0d2/element - {"using":"css selector","value":"#createOrganizationPop--siteOrg-inner"}
RESULT: {"using":"css selector","value":"#createOrganizationPop--siteOrg-inner"}
COMMAND: POST /session/582ce5f850a124cd0c5f6fc14f02a0d2/element/f.92142B0E1996143B500ED3F2A7F6BA2F.d.2A6321C13A4F7804474577E83CC06300.e.3349/clear - {}
RESULT: {}
COMMAND: POST /session/582ce5f850a124cd0c5f6fc14f02a0d2/element/f.92142B0E1996143B500ED3F2A7F6BA2F.d.2A6321C13A4F7804474577E83CC06300.e.3349/value - {"text":"2250"}
COMMAND: GET /session/582ce5f850a124cd0c5f6fc14f02a0d2/screenshot - {}
RESULT: {"text":"2250"}
COMMAND: GET /session/582ce5f850a124cd0c5f6fc14f02a0d2/screenshot - {}
RESULT: {}
RESULT: {}
COMMAND: POST /session/582ce5f850a124cd0c5f6fc14f02a0d2/actions - {"actions":[{"id":"action17","type":"key","parameters":{},"actions":[{"type":"keyDown","value":"î€‡"},{"type":"pause","duration":10},{"type":"keyUp","value":"î€‡"}]}]}
RESULT: {"actions":[{"id":"action17","type":"key","parameters":{},"actions":[{"type":"keyDown","value":"î€‡"},{"type":"pause","duration":10},{"type":"keyUp","value":"î€‡"}]}]}
RESULT: undefined
COMMAND: POST /session/582ce5f850a124cd0c5f6fc14f02a0d2/element - {"using":"xpath","value":"//*[@id=\"createOrganizationPop--giZone\"]"}
COMMAND: GET /session/582ce5f850a124cd0c5f6fc14f02a0d2/screenshot - {}
RESULT: {"using":"xpath","value":"//*[@id=\"createOrganizationPop--giZone\"]"}
COMMAND: POST /session/582ce5f850a124cd0c5f6fc14f02a0d2/element/f.92142B0E1996143B500ED3F2A7F6BA2F.d.2A6321C13A4F7804474577E83CC06300.e.3367/click - {}
RESULT: {}
RESULT: {}
RESULT: undefined
COMMAND: POST /session/582ce5f850a124cd0c5f6fc14f02a0d2/execute/async - {"script":"<script> [776 bytes]","args":[{"enterText":"WD-BIN","selector":{"id":"createOrganizationPop--binNoInput","searchOpenDialogs":true,"interaction":{"idSuffix":"inner"}},"clearTextFirst":true,"interactionType":"ENTER_TEXT"}]}
COMMAND: GET /session/582ce5f850a124cd0c5f6fc14f02a0d2/screenshot - {}
RESULT: {"script":"<script> [776 bytes]","args":[{"enterText":"WD-BIN","selector":{"id":"createOrganizationPop--binNoInput","searchOpenDialogs":true,"interaction":{"idSuffix":"inner"}},"clearTextFirst":true,"interactionType":"ENTER_TEXT"}]}
RESULT: undefined
COMMAND: POST /session/582ce5f850a124cd0c5f6fc14f02a0d2/execute/async - {"script":"<script> [776 bytes]","args":[{"enterText":"WD-BIN","selector":{"id":"createOrganizationPop--descriptionId","searchOpenDialogs":true,"interaction":{"idSuffix":"inner"}},"clearTextFirst":true,"interactionType":"ENTER_TEXT"}]}
RESULT: {}
RESULT: {"script":"<script> [776 bytes]","args":[{"enterText":"WD-BIN","selector":{"id":"createOrganizationPop--descriptionId","searchOpenDialogs":true,"interaction":{"idSuffix":"inner"}},"clearTextFirst":true,"interactionType":"ENTER_TEXT"}]}
COMMAND: POST /session/582ce5f850a124cd0c5f6fc14f02a0d2/execute/async - {"script":"<script> [1562 bytes]","args":[{"selector":{"controlType":"sap.m.CheckBox","viewName":"etm.portal.ui.binstatusreport.view.MasterWareBins","viewId":"application-binstatusreport-display-component---warehousing","bindingPath":{"propertyPath":"/ZONE","modelName":"newBin"},"searchOpenDialogs":true,"interaction":{"idSuffix":"CbBg"}},"wdio_ui5_key":"etmportal.ui.binstatusreport.view.MasterWareBinssap.m.CheckBox{\"propertyPath\":\"/ZONE\",\"modelName\":\"newBin\"}"}]}
RESULT: {"script":"<script> [1562 bytes]","args":[{"selector":{"controlType":"sap.m.CheckBox","viewName":"etm.portal.ui.binstatusreport.view.MasterWareBins","viewId":"application-binstatusreport-display-component---warehousing","bindingPath":{"propertyPath":"/ZONE","modelName":"newBin"},"searchOpenDialogs":true,"interaction":{"idSuffix":"CbBg"}},"wdio_ui5_key":"etmportal.ui.binstatusreport.view.MasterWareBinssap.m.CheckBox{\"propertyPath\":\"/ZONE\",\"modelName\":\"newBin\"}"}]}
RESULT: undefined
COMMAND: POST /session/582ce5f850a124cd0c5f6fc14f02a0d2/element - {"using":"xpath","value":"//*[@id=\"__box44\"]"}
RESULT: {"using":"xpath","value":"//*[@id=\"__box44\"]"}
COMMAND: POST /session/582ce5f850a124cd0c5f6fc14f02a0d2/element/f.92142B0E1996143B500ED3F2A7F6BA2F.d.2A6321C13A4F7804474577E83CC06300.e.3369/click - {}
RESULT: {}
COMMAND: GET /session/582ce5f850a124cd0c5f6fc14f02a0d2/screenshot - {}
RESULT: {}
RESULT: undefined
COMMAND: POST /session/582ce5f850a124cd0c5f6fc14f02a0d2/execute/async - {"script":"<script> [776 bytes]","args":[{"enterText":"1 - General / No capacity check","selector":{"id":"createOrganizationPop--binTypesCB","searchOpenDialogs":true,"interaction":{"idSuffix":"inner"}},"clearTextFirst":true,"interactionType":"ENTER_TEXT"}]}
RESULT: {"script":"<script> [776 bytes]","args":[{"enterText":"1 - General / No capacity check","selector":{"id":"createOrganizationPop--binTypesCB","searchOpenDialogs":true,"interaction":{"idSuffix":"inner"}},"clearTextFirst":true,"interactionType":"ENTER_TEXT"}]}
COMMAND: POST /session/582ce5f850a124cd0c5f6fc14f02a0d2/execute/async - {"script":"<script> [1562 bytes]","args":[{"selector":{"id":"createOrganizationPop--capacityId","searchOpenDialogs":true,"interaction":{"idSuffix":"inner"}},"wdio_ui5_key":"createOrganizationPopcapacityId"}]}
RESULT: {"script":"<script> [1562 bytes]","args":[{"selector":{"id":"createOrganizationPop--capacityId","searchOpenDialogs":true,"interaction":{"idSuffix":"inner"}},"wdio_ui5_key":"createOrganizationPopcapacityId"}]}
RESULT: undefined
COMMAND: POST /session/582ce5f850a124cd0c5f6fc14f02a0d2/actions - {"actions":[{"id":"action18","type":"key","parameters":{},"actions":[{"type":"keyDown","value":"î€‡"},{"type":"pause","duration":10},{"type":"keyUp","value":"î€‡"}]}]}
RESULT: {"actions":[{"id":"action18","type":"key","parameters":{},"actions":[{"type":"keyDown","value":"î€‡"},{"type":"pause","duration":10},{"type":"keyUp","value":"î€‡"}]}]}
COMMAND: GET /session/582ce5f850a124cd0c5f6fc14f02a0d2/screenshot - {}
RESULT: {}
RESULT: undefined
COMMAND: POST /session/582ce5f850a124cd0c5f6fc14f02a0d2/element - {"using":"xpath","value":"//*[@id=\"createOrganizationPop--finishBtn\"]"}
RESULT: {"using":"xpath","value":"//*[@id=\"createOrganizationPop--finishBtn\"]"}
COMMAND: POST /session/582ce5f850a124cd0c5f6fc14f02a0d2/element/f.92142B0E1996143B500ED3F2A7F6BA2F.d.2A6321C13A4F7804474577E83CC06300.e.3375/click - {}
RESULT: {}
COMMAND: GET /session/582ce5f850a124cd0c5f6fc14f02a0d2/screenshot - {}
RESULT: {}
COMMAND: POST /session/582ce5f850a124cd0c5f6fc14f02a0d2/element - {"using":"css selector","value":"#shell-header-icon"}
RESULT: {"using":"css selector","value":"#shell-header-icon"}
COMMAND: POST /session/582ce5f850a124cd0c5f6fc14f02a0d2/execute/sync - {"script":"<script> [8489 bytes]","args":[{"element-6066-11e4-a52e-4f735466cecf":"f.92142B0E1996143B500ED3F2A7F6BA2F.d.2A6321C13A4F7804474577E83CC06300.e.3220","ELEMENT":"f.92142B0E1996143B500ED3F2A7F6BA2F.d.2A6321C13A4F7804474577E83CC06300.e.3220"}]}
RESULT: {"script":"<script> [8489 bytes]","args":[{"element-6066-11e4-a52e-4f735466cecf":"f.92142B0E1996143B500ED3F2A7F6BA2F.d.2A6321C13A4F7804474577E83CC06300.e.3220","ELEMENT":"f.92142B0E1996143B500ED3F2A7F6BA2F.d.2A6321C13A4F7804474577E83CC06300.e.3220"}]}
COMMAND: GET /session/582ce5f850a124cd0c5f6fc14f02a0d2/element/f.92142B0E1996143B500ED3F2A7F6BA2F.d.2A6321C13A4F7804474577E83CC06300.e.3220/enabled - {}
COMMAND: GET /session/582ce5f850a124cd0c5f6fc14f02a0d2/screenshot - {}
RESULT: {}
COMMAND: POST /session/582ce5f850a124cd0c5f6fc14f02a0d2/element/f.92142B0E1996143B500ED3F2A7F6BA2F.d.2A6321C13A4F7804474577E83CC06300.e.3220/click - {}
COMMAND: GET /session/582ce5f850a124cd0c5f6fc14f02a0d2/screenshot - {}
RESULT: {}
RESULT: {}
RESULT: {}
COMMAND: GET /session/582ce5f850a124cd0c5f6fc14f02a0d2/screenshot - {}
RESULT: {}
]]></system-out>
    </testcase>
    <testcase classname="chrome.135_0_7049_96.windows.Stock_increase_-_with_WHM_US125587" name="create a whm for yard" time="33.266">
      <system-out><![CDATA[
COMMAND: POST /session/582ce5f850a124cd0c5f6fc14f02a0d2/element - {"using":"xpath","value":"//div[text()='Warehouse']"}
RESULT: {"using":"xpath","value":"//div[text()='Warehouse']"}
COMMAND: POST /session/582ce5f850a124cd0c5f6fc14f02a0d2/elements - {"using":"xpath","value":"//div[text()='Warehouse']"}
RESULT: {"using":"xpath","value":"//div[text()='Warehouse']"}
COMMAND: POST /session/582ce5f850a124cd0c5f6fc14f02a0d2/element/f.92142B0E1996143B500ED3F2A7F6BA2F.d.2A6321C13A4F7804474577E83CC06300.e.3221/click - {}
RESULT: {}
COMMAND: POST /session/582ce5f850a124cd0c5f6fc14f02a0d2/element - {"using":"xpath","value":"//span[text()='Manage Warehouse Movements']"}
COMMAND: GET /session/582ce5f850a124cd0c5f6fc14f02a0d2/screenshot - {}
RESULT: {"using":"xpath","value":"//span[text()='Manage Warehouse Movements']"}
COMMAND: POST /session/582ce5f850a124cd0c5f6fc14f02a0d2/elements - {"using":"xpath","value":"//span[text()='Manage Warehouse Movements']"}
RESULT: {}
RESULT: {"using":"xpath","value":"//span[text()='Manage Warehouse Movements']"}
COMMAND: POST /session/582ce5f850a124cd0c5f6fc14f02a0d2/element - {"using":"xpath","value":"//input[@id='application-warehousemovements-display-component---warehouseMovements--smartFilterBar-filterItemControl_BASIC-YARD-inner']"}
RESULT: {"using":"xpath","value":"//input[@id='application-warehousemovements-display-component---warehouseMovements--smartFilterBar-filterItemControl_BASIC-YARD-inner']"}
COMMAND: POST /session/582ce5f850a124cd0c5f6fc14f02a0d2/element - {"using":"xpath","value":"//input[@id='application-warehousemovements-display-component---warehouseMovements--smartFilterBar-filterItemControl_BASIC-YARD-inner']"}
RESULT: {"using":"xpath","value":"//input[@id='application-warehousemovements-display-component---warehouseMovements--smartFilterBar-filterItemControl_BASIC-YARD-inner']"}
COMMAND: POST /session/582ce5f850a124cd0c5f6fc14f02a0d2/actions - {"actions":[{"id":"action19","type":"key","parameters":{},"actions":[{"type":"keyDown","value":"î€‡"},{"type":"pause","duration":10},{"type":"keyUp","value":"î€‡"}]}]}
RESULT: {"actions":[{"id":"action19","type":"key","parameters":{},"actions":[{"type":"keyDown","value":"î€‡"},{"type":"pause","duration":10},{"type":"keyUp","value":"î€‡"}]}]}
COMMAND: POST /session/582ce5f850a124cd0c5f6fc14f02a0d2/element - {"using":"xpath","value":"(//*[@title=\"Add New Movement\"])[1]"}
COMMAND: GET /session/582ce5f850a124cd0c5f6fc14f02a0d2/screenshot - {}
RESULT: {"using":"xpath","value":"(//*[@title=\"Add New Movement\"])[1]"}
COMMAND: POST /session/582ce5f850a124cd0c5f6fc14f02a0d2/element - {"using":"xpath","value":"(//*[@title=\"Add New Movement\"])[1]"}
RESULT: {}
RESULT: {"using":"xpath","value":"(//*[@title=\"Add New Movement\"])[1]"}
COMMAND: POST /session/582ce5f850a124cd0c5f6fc14f02a0d2/element - {"using":"xpath","value":"//*[@id=\"application-warehousemovements-display-component---addMovement--sectionsList-arrow\"]"}
RESULT: {"using":"xpath","value":"//*[@id=\"application-warehousemovements-display-component---addMovement--sectionsList-arrow\"]"}
COMMAND: POST /session/582ce5f850a124cd0c5f6fc14f02a0d2/element - {"using":"xpath","value":"//*[@id=\"application-warehousemovements-display-component---addMovement--sectionsList-arrow\"]"}
RESULT: {"using":"xpath","value":"//*[@id=\"application-warehousemovements-display-component---addMovement--sectionsList-arrow\"]"}
COMMAND: POST /session/582ce5f850a124cd0c5f6fc14f02a0d2/element - {"using":"xpath","value":"//*[@id=\"application-warehousemovements-display-component---addMovement--saveMovementBtn-BDI-content\" and text()=\"Save\"]"}
RESULT: {"using":"xpath","value":"//*[@id=\"application-warehousemovements-display-component---addMovement--saveMovementBtn-BDI-content\" and text()=\"Save\"]"}
COMMAND: POST /session/582ce5f850a124cd0c5f6fc14f02a0d2/element - {"using":"xpath","value":"//*[@id=\"application-warehousemovements-display-component---addMovement--saveMovementBtn-BDI-content\" and text()=\"Save\"]"}
RESULT: {"using":"xpath","value":"//*[@id=\"application-warehousemovements-display-component---addMovement--saveMovementBtn-BDI-content\" and text()=\"Save\"]"}
COMMAND: POST /session/582ce5f850a124cd0c5f6fc14f02a0d2/element - {"using":"css selector","value":"#shell-header-icon"}
RESULT: {"using":"css selector","value":"#shell-header-icon"}
COMMAND: POST /session/582ce5f850a124cd0c5f6fc14f02a0d2/execute/sync - {"script":"<script> [8489 bytes]","args":[{"element-6066-11e4-a52e-4f735466cecf":"f.92142B0E1996143B500ED3F2A7F6BA2F.d.2A6321C13A4F7804474577E83CC06300.e.3384","ELEMENT":"f.92142B0E1996143B500ED3F2A7F6BA2F.d.2A6321C13A4F7804474577E83CC06300.e.3384"}]}
RESULT: {"script":"<script> [8489 bytes]","args":[{"element-6066-11e4-a52e-4f735466cecf":"f.92142B0E1996143B500ED3F2A7F6BA2F.d.2A6321C13A4F7804474577E83CC06300.e.3384","ELEMENT":"f.92142B0E1996143B500ED3F2A7F6BA2F.d.2A6321C13A4F7804474577E83CC06300.e.3384"}]}
COMMAND: GET /session/582ce5f850a124cd0c5f6fc14f02a0d2/element/f.92142B0E1996143B500ED3F2A7F6BA2F.d.2A6321C13A4F7804474577E83CC06300.e.3384/enabled - {}
RESULT: {}
COMMAND: POST /session/582ce5f850a124cd0c5f6fc14f02a0d2/element/f.92142B0E1996143B500ED3F2A7F6BA2F.d.2A6321C13A4F7804474577E83CC06300.e.3384/click - {}
COMMAND: GET /session/582ce5f850a124cd0c5f6fc14f02a0d2/screenshot - {}
COMMAND: GET /session/582ce5f850a124cd0c5f6fc14f02a0d2/screenshot - {}
RESULT: {}
COMMAND: GET /session/582ce5f850a124cd0c5f6fc14f02a0d2/screenshot - {}
RESULT: {}
RESULT: {}
RESULT: {}
]]></system-out>
    </testcase>
    <testcase classname="chrome.135_0_7049_96.windows.Stock_increase_-_with_WHM_US125587" name="Should do a stock increase handover" time="91.263">
      <system-out><![CDATA[
COMMAND: POST /session/582ce5f850a124cd0c5f6fc14f02a0d2/execute/async - {"script":"<script> [1562 bytes]","args":[{"selector":{"controlType":"sap.m.Text","viewName":"etm.portal.ui.managehandoverstile.view.Master","properties":{"text":"Manage Handovers"},"interaction":{"idSuffix":"inner"}},"wdio_ui5_key":"etmportal.ui.managehandoverstile.view.Mastersap.m.Text{\"text\":\"Manage Handovers\"}"}]}
RESULT: {"script":"<script> [1562 bytes]","args":[{"selector":{"controlType":"sap.m.Text","viewName":"etm.portal.ui.managehandoverstile.view.Master","properties":{"text":"Manage Handovers"},"interaction":{"idSuffix":"inner"}},"wdio_ui5_key":"etmportal.ui.managehandoverstile.view.Mastersap.m.Text{\"text\":\"Manage Handovers\"}"}]}
RESULT: undefined
COMMAND: POST /session/582ce5f850a124cd0c5f6fc14f02a0d2/element - {"using":"xpath","value":"//*[@id=\"__tile132-title\"]"}
RESULT: {"using":"xpath","value":"//*[@id=\"__tile132-title\"]"}
COMMAND: POST /session/582ce5f850a124cd0c5f6fc14f02a0d2/element/f.92142B0E1996143B500ED3F2A7F6BA2F.d.2A6321C13A4F7804474577E83CC06300.e.3386/click - {}
RESULT: {}
COMMAND: GET /session/582ce5f850a124cd0c5f6fc14f02a0d2/screenshot - {}
RESULT: {}
COMMAND: POST /session/582ce5f850a124cd0c5f6fc14f02a0d2/execute/async - {"script":"<script> [1562 bytes]","args":[{"selector":{"controlType":"sap.ui.core.Icon","viewName":"etm.portal.ui.managehandovers.view.MasterHO","properties":{"src":{"regex":{"source":"add"}}}},"wdio_ui5_key":"etmportal.ui.managehandovers.view.MasterHOsap.ui.core.Icon{\"src\":{\"regex\":{\"source\":\"add\"}}}"}]}
RESULT: {"script":"<script> [1562 bytes]","args":[{"selector":{"controlType":"sap.ui.core.Icon","viewName":"etm.portal.ui.managehandovers.view.MasterHO","properties":{"src":{"regex":{"source":"add"}}}},"wdio_ui5_key":"etmportal.ui.managehandovers.view.MasterHOsap.ui.core.Icon{\"src\":{\"regex\":{\"source\":\"add\"}}}"}]}
RESULT: undefined
COMMAND: POST /session/582ce5f850a124cd0c5f6fc14f02a0d2/element - {"using":"xpath","value":"//*[@id=\"__button179-img\"]"}
RESULT: {"using":"xpath","value":"//*[@id=\"__button179-img\"]"}
COMMAND: POST /session/582ce5f850a124cd0c5f6fc14f02a0d2/element/f.92142B0E1996143B500ED3F2A7F6BA2F.d.2A6321C13A4F7804474577E83CC06300.e.3429/click - {}
RESULT: {}
COMMAND: GET /session/582ce5f850a124cd0c5f6fc14f02a0d2/screenshot - {}
RESULT: {}
COMMAND: POST /session/582ce5f850a124cd0c5f6fc14f02a0d2/execute/async - {"script":"<script> [1562 bytes]","args":[{"selector":{"id":"application-managehandovers-display-component---AddNewHO--typeSelect","interaction":{"idSuffix":"arrow"}},"wdio_ui5_key":"applicationmanagehandovers-display-component---AddNewHO--typeSelect"}]}
RESULT: {"script":"<script> [1562 bytes]","args":[{"selector":{"id":"application-managehandovers-display-component---AddNewHO--typeSelect","interaction":{"idSuffix":"arrow"}},"wdio_ui5_key":"applicationmanagehandovers-display-component---AddNewHO--typeSelect"}]}
RESULT: undefined
COMMAND: POST /session/582ce5f850a124cd0c5f6fc14f02a0d2/element - {"using":"xpath","value":"//*[@id=\"application-managehandovers-display-component---AddNewHO--typeSelect\"]"}
RESULT: {"using":"xpath","value":"//*[@id=\"application-managehandovers-display-component---AddNewHO--typeSelect\"]"}
COMMAND: POST /session/582ce5f850a124cd0c5f6fc14f02a0d2/element/f.92142B0E1996143B500ED3F2A7F6BA2F.d.2A6321C13A4F7804474577E83CC06300.e.3780/click - {}
RESULT: {}
COMMAND: POST /session/582ce5f850a124cd0c5f6fc14f02a0d2/execute/async - {"script":"<script> [1562 bytes]","args":[{"selector":{"controlType":"sap.ui.core.Item","viewName":"etm.portal.ui.managehandovers.view.AddNewHO","viewId":"application-managehandovers-display-component---AddNewHO","bindingPath":{"path":"/HandOverTypes('100')","propertyPath":"ID","modelName":"catalogModel"},"searchOpenDialogs":true},"wdio_ui5_key":"etmportal.ui.managehandovers.view.AddNewHOsap.ui.core.Item{\"path\":\"/HandOverTypes('100')\",\"propertyPath\":\"ID\",\"modelName\":\"catalogModel\"}"}]}
COMMAND: GET /session/582ce5f850a124cd0c5f6fc14f02a0d2/screenshot - {}
RESULT: {"script":"<script> [1562 bytes]","args":[{"selector":{"controlType":"sap.ui.core.Item","viewName":"etm.portal.ui.managehandovers.view.AddNewHO","viewId":"application-managehandovers-display-component---AddNewHO","bindingPath":{"path":"/HandOverTypes('100')","propertyPath":"ID","modelName":"catalogModel"},"searchOpenDialogs":true},"wdio_ui5_key":"etmportal.ui.managehandovers.view.AddNewHOsap.ui.core.Item{\"path\":\"/HandOverTypes('100')\",\"propertyPath\":\"ID\",\"modelName\":\"catalogModel\"}"}]}
RESULT: undefined
COMMAND: POST /session/582ce5f850a124cd0c5f6fc14f02a0d2/element - {"using":"xpath","value":"//*[@id=\"__item1559-application-managehandovers-display-component---AddNewHO--typeSelect-1\"]"}
RESULT: {}
RESULT: {"using":"xpath","value":"//*[@id=\"__item1559-application-managehandovers-display-component---AddNewHO--typeSelect-1\"]"}
COMMAND: POST /session/582ce5f850a124cd0c5f6fc14f02a0d2/element/f.92142B0E1996143B500ED3F2A7F6BA2F.d.2A6321C13A4F7804474577E83CC06300.e.3781/click - {}
RESULT: {}
COMMAND: POST /session/582ce5f850a124cd0c5f6fc14f02a0d2/element - {"using":"css selector","value":"#application-managehandovers-display-component---AddNewHO--oneStep-CB"}
COMMAND: GET /session/582ce5f850a124cd0c5f6fc14f02a0d2/screenshot - {}
RESULT: {"using":"css selector","value":"#application-managehandovers-display-component---AddNewHO--oneStep-CB"}
COMMAND: POST /session/582ce5f850a124cd0c5f6fc14f02a0d2/execute/sync - {"script":"<script> [8489 bytes]","args":[{"element-6066-11e4-a52e-4f735466cecf":"f.92142B0E1996143B500ED3F2A7F6BA2F.d.2A6321C13A4F7804474577E83CC06300.e.3789","ELEMENT":"f.92142B0E1996143B500ED3F2A7F6BA2F.d.2A6321C13A4F7804474577E83CC06300.e.3789"}]}
RESULT: {}
RESULT: {"script":"<script> [8489 bytes]","args":[{"element-6066-11e4-a52e-4f735466cecf":"f.92142B0E1996143B500ED3F2A7F6BA2F.d.2A6321C13A4F7804474577E83CC06300.e.3789","ELEMENT":"f.92142B0E1996143B500ED3F2A7F6BA2F.d.2A6321C13A4F7804474577E83CC06300.e.3789"}]}
COMMAND: GET /session/582ce5f850a124cd0c5f6fc14f02a0d2/screenshot - {}
RESULT: {}
COMMAND: POST /session/582ce5f850a124cd0c5f6fc14f02a0d2/element - {"using":"css selector","value":"input[id=\"generalSectionFrg--receiveYard-inner\"]"}
RESULT: {"using":"css selector","value":"input[id=\"generalSectionFrg--receiveYard-inner\"]"}
COMMAND: POST /session/582ce5f850a124cd0c5f6fc14f02a0d2/element/f.92142B0E1996143B500ED3F2A7F6BA2F.d.2A6321C13A4F7804474577E83CC06300.e.3791/clear - {}
RESULT: {}
COMMAND: POST /session/582ce5f850a124cd0c5f6fc14f02a0d2/element/f.92142B0E1996143B500ED3F2A7F6BA2F.d.2A6321C13A4F7804474577E83CC06300.e.3791/value - {"text":"408"}
COMMAND: GET /session/582ce5f850a124cd0c5f6fc14f02a0d2/screenshot - {}
RESULT: {"text":"408"}
COMMAND: GET /session/582ce5f850a124cd0c5f6fc14f02a0d2/screenshot - {}
RESULT: {}
RESULT: {}
COMMAND: POST /session/582ce5f850a124cd0c5f6fc14f02a0d2/element - {"using":"css selector","value":"#application-managehandovers-display-component---AddNewHO--dueDate-inner"}
RESULT: {"using":"css selector","value":"#application-managehandovers-display-component---AddNewHO--dueDate-inner"}
COMMAND: POST /session/582ce5f850a124cd0c5f6fc14f02a0d2/element/f.92142B0E1996143B500ED3F2A7F6BA2F.d.2A6321C13A4F7804474577E83CC06300.e.3785/clear - {}
RESULT: {}
COMMAND: POST /session/582ce5f850a124cd0c5f6fc14f02a0d2/element/f.92142B0E1996143B500ED3F2A7F6BA2F.d.2A6321C13A4F7804474577E83CC06300.e.3785/value - {"text":"4/29/25"}
COMMAND: GET /session/582ce5f850a124cd0c5f6fc14f02a0d2/screenshot - {}
RESULT: {"text":"4/29/25"}
COMMAND: GET /session/582ce5f850a124cd0c5f6fc14f02a0d2/screenshot - {}
RESULT: {}
RESULT: {}
COMMAND: POST /session/582ce5f850a124cd0c5f6fc14f02a0d2/element - {"using":"xpath","value":"//bdi[(text() = 'Items' or . = 'Items')]"}
RESULT: {"using":"xpath","value":"//bdi[(text() = 'Items' or . = 'Items')]"}
COMMAND: POST /session/582ce5f850a124cd0c5f6fc14f02a0d2/element/f.92142B0E1996143B500ED3F2A7F6BA2F.d.2A6321C13A4F7804474577E83CC06300.e.3805/click - {}
RESULT: {}
COMMAND: GET /session/582ce5f850a124cd0c5f6fc14f02a0d2/screenshot - {}
RESULT: {}
COMMAND: POST /session/582ce5f850a124cd0c5f6fc14f02a0d2/element - {"using":"xpath","value":"//button[@aria-label=\"Add\"]"}
RESULT: {"using":"xpath","value":"//button[@aria-label=\"Add\"]"}
COMMAND: POST /session/582ce5f850a124cd0c5f6fc14f02a0d2/element/f.92142B0E1996143B500ED3F2A7F6BA2F.d.2A6321C13A4F7804474577E83CC06300.e.3810/click - {}
RESULT: {}
COMMAND: GET /session/582ce5f850a124cd0c5f6fc14f02a0d2/screenshot - {}
RESULT: {}
COMMAND: POST /session/582ce5f850a124cd0c5f6fc14f02a0d2/element - {"using":"css selector","value":"input[id= \"application-managehandovers-display-component---AddNewHO--smartFilterBar-btnBasicSearch-I\"]"}
RESULT: {"using":"css selector","value":"input[id= \"application-managehandovers-display-component---AddNewHO--smartFilterBar-btnBasicSearch-I\"]"}
COMMAND: POST /session/582ce5f850a124cd0c5f6fc14f02a0d2/element/f.92142B0E1996143B500ED3F2A7F6BA2F.d.2A6321C13A4F7804474577E83CC06300.e.3813/clear - {}
RESULT: {}
COMMAND: POST /session/582ce5f850a124cd0c5f6fc14f02a0d2/element/f.92142B0E1996143B500ED3F2A7F6BA2F.d.2A6321C13A4F7804474577E83CC06300.e.3813/value - {"text":"200197"}
COMMAND: GET /session/582ce5f850a124cd0c5f6fc14f02a0d2/screenshot - {}
RESULT: {"text":"200197"}
COMMAND: POST /session/582ce5f850a124cd0c5f6fc14f02a0d2/actions - {"actions":[{"id":"action20","type":"key","parameters":{},"actions":[{"type":"keyDown","value":"î€‡"},{"type":"pause","duration":10},{"type":"keyUp","value":"î€‡"}]}]}
COMMAND: GET /session/582ce5f850a124cd0c5f6fc14f02a0d2/screenshot - {}
RESULT: {}
RESULT: {"actions":[{"id":"action20","type":"key","parameters":{},"actions":[{"type":"keyDown","value":"î€‡"},{"type":"pause","duration":10},{"type":"keyUp","value":"î€‡"}]}]}
COMMAND: POST /session/582ce5f850a124cd0c5f6fc14f02a0d2/element - {"using":"css selector","value":"div[id= \"application-managehandovers-display-component---AddNewHO--smartFilterBar-btnBasicSearch-search\"]"}
COMMAND: GET /session/582ce5f850a124cd0c5f6fc14f02a0d2/screenshot - {}
RESULT: {}
RESULT: {"using":"css selector","value":"div[id= \"application-managehandovers-display-component---AddNewHO--smartFilterBar-btnBasicSearch-search\"]"}
COMMAND: POST /session/582ce5f850a124cd0c5f6fc14f02a0d2/element/f.92142B0E1996143B500ED3F2A7F6BA2F.d.2A6321C13A4F7804474577E83CC06300.e.3961/click - {}
RESULT: {}
RESULT: {}
COMMAND: GET /session/582ce5f850a124cd0c5f6fc14f02a0d2/screenshot - {}
RESULT: {}
COMMAND: POST /session/582ce5f850a124cd0c5f6fc14f02a0d2/element - {"using":"css selector","value":"div[id= \"application-managehandovers-display-component---AddNewHO--popup-sa-CbBg\"]"}
RESULT: {"using":"css selector","value":"div[id= \"application-managehandovers-display-component---AddNewHO--popup-sa-CbBg\"]"}
COMMAND: POST /session/582ce5f850a124cd0c5f6fc14f02a0d2/element/f.92142B0E1996143B500ED3F2A7F6BA2F.d.2A6321C13A4F7804474577E83CC06300.e.3963/click - {}
RESULT: {}
COMMAND: POST /session/582ce5f850a124cd0c5f6fc14f02a0d2/element - {"using":"xpath","value":"//bdi[(text() = 'Select' or . = 'Select')]"}
COMMAND: GET /session/582ce5f850a124cd0c5f6fc14f02a0d2/screenshot - {}
RESULT: {"using":"xpath","value":"//bdi[(text() = 'Select' or . = 'Select')]"}
COMMAND: POST /session/582ce5f850a124cd0c5f6fc14f02a0d2/element/f.92142B0E1996143B500ED3F2A7F6BA2F.d.2A6321C13A4F7804474577E83CC06300.e.3964/click - {}
RESULT: {}
RESULT: {}
COMMAND: GET /session/582ce5f850a124cd0c5f6fc14f02a0d2/screenshot - {}
RESULT: {}
COMMAND: POST /session/582ce5f850a124cd0c5f6fc14f02a0d2/element - {"using":"xpath","value":"//bdi[(text() = 'Save' or . = 'Save')]"}
RESULT: {"using":"xpath","value":"//bdi[(text() = 'Save' or . = 'Save')]"}
COMMAND: POST /session/582ce5f850a124cd0c5f6fc14f02a0d2/element/f.92142B0E1996143B500ED3F2A7F6BA2F.d.2A6321C13A4F7804474577E83CC06300.e.3968/click - {}
RESULT: {}
COMMAND: GET /session/582ce5f850a124cd0c5f6fc14f02a0d2/screenshot - {}
RESULT: {}
COMMAND: POST /session/582ce5f850a124cd0c5f6fc14f02a0d2/element - {"using":"xpath","value":"//input[contains(@id ,\"receiptDatePicker-inner\")]"}
RESULT: {"using":"xpath","value":"//input[contains(@id ,\"receiptDatePicker-inner\")]"}
COMMAND: POST /session/582ce5f850a124cd0c5f6fc14f02a0d2/element/f.92142B0E1996143B500ED3F2A7F6BA2F.d.2A6321C13A4F7804474577E83CC06300.e.4000/click - {}
RESULT: {}
COMMAND: POST /session/582ce5f850a124cd0c5f6fc14f02a0d2/element - {"using":"xpath","value":"//input[contains(@id ,\"receiptDatePicker-inner\")]"}
COMMAND: GET /session/582ce5f850a124cd0c5f6fc14f02a0d2/screenshot - {}
RESULT: {"using":"xpath","value":"//input[contains(@id ,\"receiptDatePicker-inner\")]"}
COMMAND: POST /session/582ce5f850a124cd0c5f6fc14f02a0d2/element/f.92142B0E1996143B500ED3F2A7F6BA2F.d.2A6321C13A4F7804474577E83CC06300.e.4000/clear - {}
RESULT: {}
RESULT: {}
COMMAND: POST /session/582ce5f850a124cd0c5f6fc14f02a0d2/element/f.92142B0E1996143B500ED3F2A7F6BA2F.d.2A6321C13A4F7804474577E83CC06300.e.4000/value - {"text":"4/29/25"}
COMMAND: GET /session/582ce5f850a124cd0c5f6fc14f02a0d2/screenshot - {}
RESULT: {"text":"4/29/25"}
COMMAND: GET /session/582ce5f850a124cd0c5f6fc14f02a0d2/screenshot - {}
RESULT: {}
RESULT: {}
COMMAND: POST /session/582ce5f850a124cd0c5f6fc14f02a0d2/execute/async - {"script":"<script> [1562 bytes]","args":[{"selector":{"id":"administrationTabFilter","viewName":"etm.portal.ui.managehandovers.view.DetailExecuteHO","interaction":{"idSuffix":"text"}},"wdio_ui5_key":"administrationTabFilteretmportal.ui.managehandovers.view.DetailExecuteHO"}]}
RESULT: {"script":"<script> [1562 bytes]","args":[{"selector":{"id":"administrationTabFilter","viewName":"etm.portal.ui.managehandovers.view.DetailExecuteHO","interaction":{"idSuffix":"text"}},"wdio_ui5_key":"administrationTabFilteretmportal.ui.managehandovers.view.DetailExecuteHO"}]}
RESULT: undefined
COMMAND: POST /session/582ce5f850a124cd0c5f6fc14f02a0d2/element - {"using":"xpath","value":"//*[@id=\"__xmlview61--administrationTabFilter\"]"}
RESULT: {"using":"xpath","value":"//*[@id=\"__xmlview61--administrationTabFilter\"]"}
COMMAND: POST /session/582ce5f850a124cd0c5f6fc14f02a0d2/element/f.92142B0E1996143B500ED3F2A7F6BA2F.d.2A6321C13A4F7804474577E83CC06300.e.4018/click - {}
RESULT: {}
RESULT: undefined
COMMAND: POST /session/582ce5f850a124cd0c5f6fc14f02a0d2/element - {"using":"xpath","value":"//*[@id=\"__xmlview61--administrationTabFilter\"]"}
COMMAND: GET /session/582ce5f850a124cd0c5f6fc14f02a0d2/screenshot - {}
RESULT: {"using":"xpath","value":"//*[@id=\"__xmlview61--administrationTabFilter\"]"}
COMMAND: POST /session/582ce5f850a124cd0c5f6fc14f02a0d2/element/f.92142B0E1996143B500ED3F2A7F6BA2F.d.2A6321C13A4F7804474577E83CC06300.e.4018/click - {}
RESULT: {}
RESULT: {}
COMMAND: GET /session/582ce5f850a124cd0c5f6fc14f02a0d2/screenshot - {}
RESULT: {}
COMMAND: POST /session/582ce5f850a124cd0c5f6fc14f02a0d2/element - {"using":"xpath","value":"//bdi[(text() = 'Confirm' or . = 'Confirm')]"}
RESULT: {"using":"xpath","value":"//bdi[(text() = 'Confirm' or . = 'Confirm')]"}
COMMAND: POST /session/582ce5f850a124cd0c5f6fc14f02a0d2/element/f.92142B0E1996143B500ED3F2A7F6BA2F.d.2A6321C13A4F7804474577E83CC06300.e.4025/click - {}
RESULT: {}
COMMAND: GET /session/582ce5f850a124cd0c5f6fc14f02a0d2/screenshot - {}
RESULT: {}
COMMAND: POST /session/582ce5f850a124cd0c5f6fc14f02a0d2/execute/async - {"script":"<script> [1562 bytes]","args":[{"selector":{"id":"confirmationButton","viewName":"etm.portal.ui.managehandovers.view.DetailExecuteHO","interaction":{"idSuffix":"BDI-content"}},"wdio_ui5_key":"confirmationButtonetmportal.ui.managehandovers.view.DetailExecuteHO"}]}
RESULT: {"script":"<script> [1562 bytes]","args":[{"selector":{"id":"confirmationButton","viewName":"etm.portal.ui.managehandovers.view.DetailExecuteHO","interaction":{"idSuffix":"BDI-content"}},"wdio_ui5_key":"confirmationButtonetmportal.ui.managehandovers.view.DetailExecuteHO"}]}
RESULT: undefined
COMMAND: POST /session/582ce5f850a124cd0c5f6fc14f02a0d2/element - {"using":"css selector","value":"bdi[aria-live=\"off\"][text=\"Close\"]"}
RESULT: {"using":"css selector","value":"bdi[aria-live=\"off\"][text=\"Close\"]"}
COMMAND: POST /session/582ce5f850a124cd0c5f6fc14f02a0d2/element - {"using":"css selector","value":"bdi[aria-live=\"off\"][text=\"Close\"]"}
RESULT: {"using":"css selector","value":"bdi[aria-live=\"off\"][text=\"Close\"]"}
COMMAND: POST /session/582ce5f850a124cd0c5f6fc14f02a0d2/element - {"using":"css selector","value":"#shell-header-logo"}
RESULT: {"using":"css selector","value":"#shell-header-logo"}
COMMAND: POST /session/582ce5f850a124cd0c5f6fc14f02a0d2/element/f.92142B0E1996143B500ED3F2A7F6BA2F.d.2A6321C13A4F7804474577E83CC06300.e.3390/click - {}
RESULT: {}
COMMAND: GET /session/582ce5f850a124cd0c5f6fc14f02a0d2/screenshot - {}
RESULT: {}
COMMAND: POST /session/582ce5f850a124cd0c5f6fc14f02a0d2/element - {"using":"css selector","value":"#j_username"}
COMMAND: POST /session/582ce5f850a124cd0c5f6fc14f02a0d2/url - {"url":"https://qa-testing-00-live-etm-ui.cfapps.eu10-004.hana.ondemand.com/"}
RESULT: {"using":"css selector","value":"#j_username"}
COMMAND: POST /session/582ce5f850a124cd0c5f6fc14f02a0d2/element - {"using":"css selector","value":"#j_username"}
RESULT: {"url":"https://qa-testing-00-live-etm-ui.cfapps.eu10-004.hana.ondemand.com/"}
RESULT: undefined
COMMAND: GET /session/582ce5f850a124cd0c5f6fc14f02a0d2/screenshot - {}
RESULT: {"using":"css selector","value":"#j_username"}
COMMAND: POST /session/582ce5f850a124cd0c5f6fc14f02a0d2/element - {"using":"css selector","value":"#shell-header-logo"}
RESULT: {}
RESULT: {"using":"css selector","value":"#shell-header-logo"}
COMMAND: POST /session/582ce5f850a124cd0c5f6fc14f02a0d2/execute/sync - {"script":"<script> [8489 bytes]","args":[{"element-6066-11e4-a52e-4f735466cecf":"f.92142B0E1996143B500ED3F2A7F6BA2F.d.89D90E34FFC48655D7D7BF7A02B1BEC8.e.4034","ELEMENT":"f.92142B0E1996143B500ED3F2A7F6BA2F.d.89D90E34FFC48655D7D7BF7A02B1BEC8.e.4034"}]}
RESULT: {"script":"<script> [8489 bytes]","args":[{"element-6066-11e4-a52e-4f735466cecf":"f.92142B0E1996143B500ED3F2A7F6BA2F.d.89D90E34FFC48655D7D7BF7A02B1BEC8.e.4034","ELEMENT":"f.92142B0E1996143B500ED3F2A7F6BA2F.d.89D90E34FFC48655D7D7BF7A02B1BEC8.e.4034"}]}
COMMAND: POST /session/582ce5f850a124cd0c5f6fc14f02a0d2/element - {"using":"css selector","value":"#shell-header-logo"}
COMMAND: GET /session/582ce5f850a124cd0c5f6fc14f02a0d2/screenshot - {}
RESULT: {"using":"css selector","value":"#shell-header-logo"}
COMMAND: POST /session/582ce5f850a124cd0c5f6fc14f02a0d2/execute/sync - {"script":"<script> [8489 bytes]","args":[{"element-6066-11e4-a52e-4f735466cecf":"f.92142B0E1996143B500ED3F2A7F6BA2F.d.89D90E34FFC48655D7D7BF7A02B1BEC8.e.4034","ELEMENT":"f.92142B0E1996143B500ED3F2A7F6BA2F.d.89D90E34FFC48655D7D7BF7A02B1BEC8.e.4034"}]}
RESULT: {}
RESULT: {"script":"<script> [8489 bytes]","args":[{"element-6066-11e4-a52e-4f735466cecf":"f.92142B0E1996143B500ED3F2A7F6BA2F.d.89D90E34FFC48655D7D7BF7A02B1BEC8.e.4034","ELEMENT":"f.92142B0E1996143B500ED3F2A7F6BA2F.d.89D90E34FFC48655D7D7BF7A02B1BEC8.e.4034"}]}
COMMAND: POST /session/582ce5f850a124cd0c5f6fc14f02a0d2/execute/sync - {"script":"<script> [5351 bytes]","args":[{"element-6066-11e4-a52e-4f735466cecf":"f.92142B0E1996143B500ED3F2A7F6BA2F.d.89D90E34FFC48655D7D7BF7A02B1BEC8.e.4034","ELEMENT":"f.92142B0E1996143B500ED3F2A7F6BA2F.d.89D90E34FFC48655D7D7BF7A02B1BEC8.e.4034"}]}
COMMAND: GET /session/582ce5f850a124cd0c5f6fc14f02a0d2/screenshot - {}
RESULT: {"script":"<script> [5351 bytes]","args":[{"element-6066-11e4-a52e-4f735466cecf":"f.92142B0E1996143B500ED3F2A7F6BA2F.d.89D90E34FFC48655D7D7BF7A02B1BEC8.e.4034","ELEMENT":"f.92142B0E1996143B500ED3F2A7F6BA2F.d.89D90E34FFC48655D7D7BF7A02B1BEC8.e.4034"}]}
COMMAND: POST /session/582ce5f850a124cd0c5f6fc14f02a0d2/element - {"using":"css selector","value":"#shell-header-logo"}
COMMAND: GET /session/582ce5f850a124cd0c5f6fc14f02a0d2/screenshot - {}
RESULT: {}
RESULT: {"using":"css selector","value":"#shell-header-logo"}
COMMAND: POST /session/582ce5f850a124cd0c5f6fc14f02a0d2/element/f.92142B0E1996143B500ED3F2A7F6BA2F.d.89D90E34FFC48655D7D7BF7A02B1BEC8.e.4034/click - {}
RESULT: {}
RESULT: {}
COMMAND: GET /session/582ce5f850a124cd0c5f6fc14f02a0d2/screenshot - {}
RESULT: {}
COMMAND: POST /session/582ce5f850a124cd0c5f6fc14f02a0d2/execute/async - {"script":"<script> [189 bytes]","args":[]}
RESULT: {"script":"<script> [189 bytes]","args":[]}
COMMAND: POST /session/582ce5f850a124cd0c5f6fc14f02a0d2/execute/async - {"script":"<script> [123 bytes]","args":[]}
RESULT: {"script":"<script> [123 bytes]","args":[]}
COMMAND: POST /session/582ce5f850a124cd0c5f6fc14f02a0d2/timeouts - {"script":"<number>"}
RESULT: {"script":"<number>"}
COMMAND: GET /session/582ce5f850a124cd0c5f6fc14f02a0d2/timeouts - {}
RESULT: {}
RESULT: undefined
COMMAND: POST /session/582ce5f850a124cd0c5f6fc14f02a0d2/execute/async - {"script":"<script> [2676 bytes]","args":[]}
RESULT: {"script":"<script> [2676 bytes]","args":[]}
COMMAND: POST /session/582ce5f850a124cd0c5f6fc14f02a0d2/execute/async - {"script":"<script> [2342 bytes]","args":[{"protocol":"http","hostname":"0.0.0.0","path":"/","capabilities":{"browserName":"chrome","goog:chromeOptions":{"binary":"C:\\Program Files\\Google\\Chrome\\Application\\chrome.exe","args":["--start-maximized"]}},"logLevel":"warn","connectionRetryTimeout":120000,"connectionRetryCount":3,"logLevels":{},"enableDirectConnect":true,"strictSSL":true,"_":"65 more keys: [\"cacheDir\",\"port\",\"requestedCapabilities\",\"automationProtocol\",\"baseUrl\",\"waitforInterval\",\"waitforTimeout\",\"onReload\",\"beforeCommand\",\"afterCommand\",\"rootDir\",\"specs\",\"suites\",\"exclude\",\"groupLogsByTestSpec\",\"excludeDriverLogs\",\"bail\",\"framework\",\"reporters\",\"services\",\"maxInstances\",\"maxInstancesPerCapability\",\"injectGlobals\",\"filesToWatch\",\"execArgv\",\"runnerEnv\",\"runner\",\"shard\",\"specFileRetries\",\"specFileRetriesDelay\",\"specFileRetriesDeferred\",\"reporterSyncInterval\",\"reporterSyncTimeout\",\"cucumberFeaturesWithLineNumbers\",\"autoCompileOpts\",\"mochaOpts\",\"jasmineOpts\",\"cucumberOpts\",\"onPrepare\",\"onWorkerStart\",\"onWorkerEnd\",\"before\",\"beforeSession\",\"beforeSuite\",\"beforeHook\",\"beforeTest\",\"afterTest\",\"afterHook\",\"afterSuite\",\"afterSession\",\"after\",\"onComplete\",\"beforeAssertion\",\"afterAssertion\",\"beforeFeature\",\"beforeScenario\",\"beforeStep\",\"afterStep\",\"afterScenario\",\"afterFeature\",\"_\",\"suite\",\"$0\",\"ignoredWorkerServices\",\"wdi5\"]"}]}
RESULT: {"script":"<script> [2342 bytes]","args":[{"protocol":"http","hostname":"0.0.0.0","path":"/","capabilities":{"browserName":"chrome","goog:chromeOptions":{"binary":"C:\\Program Files\\Google\\Chrome\\Application\\chrome.exe","args":["--start-maximized"]}},"logLevel":"warn","connectionRetryTimeout":120000,"connectionRetryCount":3,"logLevels":{},"enableDirectConnect":true,"strictSSL":true,"_":"65 more keys: [\"cacheDir\",\"port\",\"requestedCapabilities\",\"automationProtocol\",\"baseUrl\",\"waitforInterval\",\"waitforTimeout\",\"onReload\",\"beforeCommand\",\"afterCommand\",\"rootDir\",\"specs\",\"suites\",\"exclude\",\"groupLogsByTestSpec\",\"excludeDriverLogs\",\"bail\",\"framework\",\"reporters\",\"services\",\"maxInstances\",\"maxInstancesPerCapability\",\"injectGlobals\",\"filesToWatch\",\"execArgv\",\"runnerEnv\",\"runner\",\"shard\",\"specFileRetries\",\"specFileRetriesDelay\",\"specFileRetriesDeferred\",\"reporterSyncInterval\",\"reporterSyncTimeout\",\"cucumberFeaturesWithLineNumbers\",\"autoCompileOpts\",\"mochaOpts\",\"jasmineOpts\",\"cucumberOpts\",\"onPrepare\",\"onWorkerStart\",\"onWorkerEnd\",\"before\",\"beforeSession\",\"beforeSuite\",\"beforeHook\",\"beforeTest\",\"afterTest\",\"afterHook\",\"afterSuite\",\"afterSession\",\"after\",\"onComplete\",\"beforeAssertion\",\"afterAssertion\",\"beforeFeature\",\"beforeScenario\",\"beforeStep\",\"afterStep\",\"afterScenario\",\"afterFeature\",\"_\",\"suite\",\"$0\",\"ignoredWorkerServices\",\"wdi5\"]"}]}
COMMAND: POST /session/582ce5f850a124cd0c5f6fc14f02a0d2/execute/async - {"script":"<script> [21126 bytes]","args":[35000]}
RESULT: {"script":"<script> [21126 bytes]","args":[35000]}
COMMAND: POST /session/582ce5f850a124cd0c5f6fc14f02a0d2/window/maximize - {}
RESULT: {}
COMMAND: POST /session/582ce5f850a124cd0c5f6fc14f02a0d2/execute/async - {"script":"<script> [1562 bytes]","args":[{"selector":{"id":"shell-header","interaction":{"idSuffix":"icon"}},"wdio_ui5_key":"shellheader"}]}
COMMAND: GET /session/582ce5f850a124cd0c5f6fc14f02a0d2/screenshot - {}
RESULT: {}
RESULT: {"script":"<script> [1562 bytes]","args":[{"selector":{"id":"shell-header","interaction":{"idSuffix":"icon"}},"wdio_ui5_key":"shellheader"}]}
RESULT: undefined
]]></system-out>
    </testcase>
  </testsuite>
  <testsuite timestamp="2025-04-29T16:37:42" time="451.007" tests="6" failures="6" errors="6" skipped="0">
    <properties>
      <property name="specId" value="0" />
      <property name="suiteName" value="Provide to Site w/ warehouse management w/ clarification US115878" />
      <property name="capabilities" value="chrome.135_0_7049_96.windows" />
      <property name="file" value="file:///D:/a/1/s/test/specs/HTR/provide-to-site-w-warehouse-w-clarification.spec.js" />
    </properties>
  </testsuite>
  <testsuite timestamp="2025-04-29T16:45:13" time="497.83" tests="6" failures="6" errors="6" skipped="0">
    <properties>
      <property name="specId" value="0" />
      <property name="suiteName" value="Provide to Site w/ warehouse management w clarification" />
      <property name="capabilities" value="chrome.135_0_7049_96.windows" />
      <property name="file" value="file:///D:/a/1/s/test/specs/HTR/provide-to-site-w-warehouse-w-clarification.spec.js" />
    </properties>
  </testsuite>
  <testsuite timestamp="2025-04-29T16:53:31" time="497.186" tests="6" failures="0" errors="0" skipped="0">
    <properties>
      <property name="specId" value="0" />
      <property name="suiteName" value="Provide to Site w/ warehouse management w/o clarification US113782 " />
      <property name="capabilities" value="chrome.135_0_7049_96.windows" />
      <property name="file" value="file:///D:/a/1/s/test/specs/HTR/provide-to-site-w-warehouse-wo-clarification.spec.js" />
    </properties>
    <testcase classname="chrome.135_0_7049_96.windows.Provide_to_Site_w/_warehouse_management_w/o_clarification_US113782_" name="Should create a WHM yard" time="108.289">
      <system-out><![CDATA[
COMMAND: POST /session/582ce5f850a124cd0c5f6fc14f02a0d2/execute/async - {"script":"<script> [1562 bytes]","args":[{"selector":{"controlType":"sap.m.GenericTile","properties":{"header":"Manage Yards"}},"wdio_ui5_key":"sapm.GenericTile{\"header\":\"Manage Yards\"}"}]}
RESULT: {}
RESULT: {"script":"<script> [1562 bytes]","args":[{"selector":{"controlType":"sap.m.GenericTile","properties":{"header":"Manage Yards"}},"wdio_ui5_key":"sapm.GenericTile{\"header\":\"Manage Yards\"}"}]}
RESULT: undefined
COMMAND: POST /session/582ce5f850a124cd0c5f6fc14f02a0d2/element - {"using":"xpath","value":"//*[@id=\"__tile41\"]"}
RESULT: {"using":"xpath","value":"//*[@id=\"__tile41\"]"}
COMMAND: POST /session/582ce5f850a124cd0c5f6fc14f02a0d2/element/f.92142B0E1996143B500ED3F2A7F6BA2F.d.76BEAC841B8D0BE0ABB3F384C6CFF6AE.e.4999/click - {}
RESULT: {}
COMMAND: POST /session/582ce5f850a124cd0c5f6fc14f02a0d2/execute/async - {"script":"<script> [1562 bytes]","args":[{"selector":{"controlType":"sap.ui.core.Icon","viewName":"etm.portal.ui.manageyards.view.Master","viewId":"application-manageyards-display-component---masterYard","properties":{"src":{"regex":{"source":"add"}}}},"wdio_ui5_key":"etmportal.ui.manageyards.view.Mastersap.ui.core.Icon{\"src\":{\"regex\":{\"source\":\"add\"}}}"}]}
COMMAND: GET /session/582ce5f850a124cd0c5f6fc14f02a0d2/screenshot - {}
RESULT: {"script":"<script> [1562 bytes]","args":[{"selector":{"controlType":"sap.ui.core.Icon","viewName":"etm.portal.ui.manageyards.view.Master","viewId":"application-manageyards-display-component---masterYard","properties":{"src":{"regex":{"source":"add"}}}},"wdio_ui5_key":"etmportal.ui.manageyards.view.Mastersap.ui.core.Icon{\"src\":{\"regex\":{\"source\":\"add\"}}}"}]}
RESULT: undefined
COMMAND: POST /session/582ce5f850a124cd0c5f6fc14f02a0d2/element - {"using":"xpath","value":"//*[@id=\"__button4-img\"]"}
RESULT: {}
RESULT: {"using":"xpath","value":"//*[@id=\"__button4-img\"]"}
COMMAND: POST /session/582ce5f850a124cd0c5f6fc14f02a0d2/element/f.92142B0E1996143B500ED3F2A7F6BA2F.d.76BEAC841B8D0BE0ABB3F384C6CFF6AE.e.5045/click - {}
RESULT: {}
COMMAND: POST /session/582ce5f850a124cd0c5f6fc14f02a0d2/execute/async - {"script":"<script> [1562 bytes]","args":[{"selector":{"id":"application-manageyards-display-component---NewYard--addressDetailDetailsName1","interaction":{"idSuffix":"inner"}},"wdio_ui5_key":"applicationmanageyards-display-component---NewYard--addressDetailDetailsName1"}]}
COMMAND: GET /session/582ce5f850a124cd0c5f6fc14f02a0d2/screenshot - {}
RESULT: {"script":"<script> [1562 bytes]","args":[{"selector":{"id":"application-manageyards-display-component---NewYard--addressDetailDetailsName1","interaction":{"idSuffix":"inner"}},"wdio_ui5_key":"applicationmanageyards-display-component---NewYard--addressDetailDetailsName1"}]}
RESULT: undefined
COMMAND: POST /session/582ce5f850a124cd0c5f6fc14f02a0d2/execute/async - {"script":"<script> [776 bytes]","args":[{"enterText":"warehouse managed Yard","selector":{"id":"application-manageyards-display-component---NewYard--addressDetailDetailsName1","interaction":{"idSuffix":"inner"}},"clearTextFirst":true,"interactionType":"ENTER_TEXT"}]}
RESULT: {}
RESULT: {"script":"<script> [776 bytes]","args":[{"enterText":"warehouse managed Yard","selector":{"id":"application-manageyards-display-component---NewYard--addressDetailDetailsName1","interaction":{"idSuffix":"inner"}},"clearTextFirst":true,"interactionType":"ENTER_TEXT"}]}
COMMAND: POST /session/582ce5f850a124cd0c5f6fc14f02a0d2/execute/async - {"script":"<script> [1562 bytes]","args":[{"selector":{"id":"application-manageyards-display-component---NewYard--addressDetailDetailsLanguage-arrow"},"wdio_ui5_key":"applicationmanageyards-display-component---NewYard--addressDetailDetailsLanguage-arrow"}]}
RESULT: {"script":"<script> [1562 bytes]","args":[{"selector":{"id":"application-manageyards-display-component---NewYard--addressDetailDetailsLanguage-arrow"},"wdio_ui5_key":"applicationmanageyards-display-component---NewYard--addressDetailDetailsLanguage-arrow"}]}
RESULT: undefined
COMMAND: POST /session/582ce5f850a124cd0c5f6fc14f02a0d2/element - {"using":"xpath","value":"//*[@id=\"application-manageyards-display-component---NewYard--addressDetailDetailsLanguage-arrow\"]"}
RESULT: {"using":"xpath","value":"//*[@id=\"application-manageyards-display-component---NewYard--addressDetailDetailsLanguage-arrow\"]"}
COMMAND: POST /session/582ce5f850a124cd0c5f6fc14f02a0d2/element/f.92142B0E1996143B500ED3F2A7F6BA2F.d.76BEAC841B8D0BE0ABB3F384C6CFF6AE.e.5450/click - {}
RESULT: {}
COMMAND: POST /session/582ce5f850a124cd0c5f6fc14f02a0d2/execute/async - {"script":"<script> [1562 bytes]","args":[{"selector":{"controlType":"sap.m.StandardListItem","viewName":"etm.portal.ui.manageyards.view.New","viewId":"application-manageyards-display-component---NewYard","properties":{"title":"English"},"searchOpenDialogs":true,"interaction":{"idSuffix":"content"}},"wdio_ui5_key":"etmportal.ui.manageyards.view.Newsap.m.StandardListItem{\"title\":\"English\"}"}]}
COMMAND: GET /session/582ce5f850a124cd0c5f6fc14f02a0d2/screenshot - {}
RESULT: {"script":"<script> [1562 bytes]","args":[{"selector":{"controlType":"sap.m.StandardListItem","viewName":"etm.portal.ui.manageyards.view.New","viewId":"application-manageyards-display-component---NewYard","properties":{"title":"English"},"searchOpenDialogs":true,"interaction":{"idSuffix":"content"}},"wdio_ui5_key":"etmportal.ui.manageyards.view.Newsap.m.StandardListItem{\"title\":\"English\"}"}]}
RESULT: undefined
COMMAND: POST /session/582ce5f850a124cd0c5f6fc14f02a0d2/element - {"using":"xpath","value":"//*[@id=\"__item101\"]"}
RESULT: {}
RESULT: {"using":"xpath","value":"//*[@id=\"__item101\"]"}
COMMAND: POST /session/582ce5f850a124cd0c5f6fc14f02a0d2/element/f.92142B0E1996143B500ED3F2A7F6BA2F.d.76BEAC841B8D0BE0ABB3F384C6CFF6AE.e.5452/click - {}
RESULT: {}
COMMAND: POST /session/582ce5f850a124cd0c5f6fc14f02a0d2/execute/async - {"script":"<script> [1562 bytes]","args":[{"selector":{"id":"application-manageyards-display-component---NewYard--addressDetailDetailsCity1","interaction":{"idSuffix":"inner"}},"wdio_ui5_key":"applicationmanageyards-display-component---NewYard--addressDetailDetailsCity1"}]}
COMMAND: GET /session/582ce5f850a124cd0c5f6fc14f02a0d2/screenshot - {}
RESULT: {"script":"<script> [1562 bytes]","args":[{"selector":{"id":"application-manageyards-display-component---NewYard--addressDetailDetailsCity1","interaction":{"idSuffix":"inner"}},"wdio_ui5_key":"applicationmanageyards-display-component---NewYard--addressDetailDetailsCity1"}]}
RESULT: undefined
COMMAND: POST /session/582ce5f850a124cd0c5f6fc14f02a0d2/execute/async - {"script":"<script> [776 bytes]","args":[{"enterText":"Rosario","selector":{"id":"application-manageyards-display-component---NewYard--addressDetailDetailsCity1","interaction":{"idSuffix":"inner"}},"clearTextFirst":true,"interactionType":"ENTER_TEXT"}]}
RESULT: {}
RESULT: {"script":"<script> [776 bytes]","args":[{"enterText":"Rosario","selector":{"id":"application-manageyards-display-component---NewYard--addressDetailDetailsCity1","interaction":{"idSuffix":"inner"}},"clearTextFirst":true,"interactionType":"ENTER_TEXT"}]}
COMMAND: POST /session/582ce5f850a124cd0c5f6fc14f02a0d2/execute/async - {"script":"<script> [1562 bytes]","args":[{"selector":{"id":"application-manageyards-display-component---NewYard--addressDetailDetailsCountry-arrow"},"wdio_ui5_key":"applicationmanageyards-display-component---NewYard--addressDetailDetailsCountry-arrow"}]}
RESULT: {"script":"<script> [1562 bytes]","args":[{"selector":{"id":"application-manageyards-display-component---NewYard--addressDetailDetailsCountry-arrow"},"wdio_ui5_key":"applicationmanageyards-display-component---NewYard--addressDetailDetailsCountry-arrow"}]}
RESULT: undefined
COMMAND: POST /session/582ce5f850a124cd0c5f6fc14f02a0d2/element - {"using":"xpath","value":"//*[@id=\"application-manageyards-display-component---NewYard--addressDetailDetailsCountry-arrow\"]"}
RESULT: {"using":"xpath","value":"//*[@id=\"application-manageyards-display-component---NewYard--addressDetailDetailsCountry-arrow\"]"}
COMMAND: POST /session/582ce5f850a124cd0c5f6fc14f02a0d2/element/f.92142B0E1996143B500ED3F2A7F6BA2F.d.76BEAC841B8D0BE0ABB3F384C6CFF6AE.e.5411/click - {}
RESULT: {}
COMMAND: POST /session/582ce5f850a124cd0c5f6fc14f02a0d2/execute/async - {"script":"<script> [1562 bytes]","args":[{"selector":{"controlType":"sap.m.StandardListItem","viewName":"etm.portal.ui.manageyards.view.New","viewId":"application-manageyards-display-component---NewYard","properties":{"title":"Argentina"},"searchOpenDialogs":true,"interaction":{"idSuffix":"content"}},"wdio_ui5_key":"etmportal.ui.manageyards.view.Newsap.m.StandardListItem{\"title\":\"Argentina\"}"}]}
COMMAND: GET /session/582ce5f850a124cd0c5f6fc14f02a0d2/screenshot - {}
RESULT: {"script":"<script> [1562 bytes]","args":[{"selector":{"controlType":"sap.m.StandardListItem","viewName":"etm.portal.ui.manageyards.view.New","viewId":"application-manageyards-display-component---NewYard","properties":{"title":"Argentina"},"searchOpenDialogs":true,"interaction":{"idSuffix":"content"}},"wdio_ui5_key":"etmportal.ui.manageyards.view.Newsap.m.StandardListItem{\"title\":\"Argentina\"}"}]}
RESULT: undefined
COMMAND: POST /session/582ce5f850a124cd0c5f6fc14f02a0d2/element - {"using":"xpath","value":"//*[@id=\"__item144\"]"}
RESULT: {}
RESULT: {"using":"xpath","value":"//*[@id=\"__item144\"]"}
COMMAND: POST /session/582ce5f850a124cd0c5f6fc14f02a0d2/element/f.92142B0E1996143B500ED3F2A7F6BA2F.d.76BEAC841B8D0BE0ABB3F384C6CFF6AE.e.5456/click - {}
RESULT: {}
COMMAND: POST /session/582ce5f850a124cd0c5f6fc14f02a0d2/execute/async - {"script":"<script> [1562 bytes]","args":[{"selector":{"controlType":"sap.m.Button","viewName":"etm.portal.ui.manageyards.view.New","viewId":"application-manageyards-display-component---NewYard","properties":{"text":"Commercial"},"interaction":{"idSuffix":"BDI-content"}},"wdio_ui5_key":"etmportal.ui.manageyards.view.Newsap.m.Button{\"text\":\"Commercial\"}"}]}
COMMAND: GET /session/582ce5f850a124cd0c5f6fc14f02a0d2/screenshot - {}
RESULT: {"script":"<script> [1562 bytes]","args":[{"selector":{"controlType":"sap.m.Button","viewName":"etm.portal.ui.manageyards.view.New","viewId":"application-manageyards-display-component---NewYard","properties":{"text":"Commercial"},"interaction":{"idSuffix":"BDI-content"}},"wdio_ui5_key":"etmportal.ui.manageyards.view.Newsap.m.Button{\"text\":\"Commercial\"}"}]}
RESULT: undefined
COMMAND: POST /session/582ce5f850a124cd0c5f6fc14f02a0d2/element - {"using":"xpath","value":"//*[@id=\"application-manageyards-display-component---NewYard--ObjectPageLayout-anchBar-__section5-anchor\"]"}
RESULT: {}
RESULT: {"using":"xpath","value":"//*[@id=\"application-manageyards-display-component---NewYard--ObjectPageLayout-anchBar-__section5-anchor\"]"}
COMMAND: POST /session/582ce5f850a124cd0c5f6fc14f02a0d2/element/f.92142B0E1996143B500ED3F2A7F6BA2F.d.76BEAC841B8D0BE0ABB3F384C6CFF6AE.e.5458/click - {}
RESULT: {}
COMMAND: GET /session/582ce5f850a124cd0c5f6fc14f02a0d2/screenshot - {}
RESULT: {}
COMMAND: POST /session/582ce5f850a124cd0c5f6fc14f02a0d2/execute/async - {"script":"<script> [1562 bytes]","args":[{"selector":{"id":"application-manageyards-display-component---NewYard--addressEditDetailsCostObjectCstType-arrow"},"wdio_ui5_key":"applicationmanageyards-display-component---NewYard--addressEditDetailsCostObjectCstType-arrow"}]}
RESULT: {"script":"<script> [1562 bytes]","args":[{"selector":{"id":"application-manageyards-display-component---NewYard--addressEditDetailsCostObjectCstType-arrow"},"wdio_ui5_key":"applicationmanageyards-display-component---NewYard--addressEditDetailsCostObjectCstType-arrow"}]}
RESULT: undefined
COMMAND: POST /session/582ce5f850a124cd0c5f6fc14f02a0d2/element - {"using":"xpath","value":"//*[@id=\"application-manageyards-display-component---NewYard--addressEditDetailsCostObjectCstType-arrow\"]"}
RESULT: {"using":"xpath","value":"//*[@id=\"application-manageyards-display-component---NewYard--addressEditDetailsCostObjectCstType-arrow\"]"}
COMMAND: POST /session/582ce5f850a124cd0c5f6fc14f02a0d2/element/f.92142B0E1996143B500ED3F2A7F6BA2F.d.76BEAC841B8D0BE0ABB3F384C6CFF6AE.e.5467/click - {}
RESULT: {}
COMMAND: GET /session/582ce5f850a124cd0c5f6fc14f02a0d2/screenshot - {}
RESULT: {}
COMMAND: POST /session/582ce5f850a124cd0c5f6fc14f02a0d2/execute/async - {"script":"<script> [1562 bytes]","args":[{"selector":{"controlType":"sap.m.StandardListItem","viewName":"etm.portal.ui.manageyards.view.New","viewId":"application-manageyards-display-component---NewYard","properties":{"title":"Cost Center"},"searchOpenDialogs":true,"interaction":{"idSuffix":"titleText"}},"wdio_ui5_key":"etmportal.ui.manageyards.view.Newsap.m.StandardListItem{\"title\":\"Cost Center\"}"}]}
RESULT: {"script":"<script> [1562 bytes]","args":[{"selector":{"controlType":"sap.m.StandardListItem","viewName":"etm.portal.ui.manageyards.view.New","viewId":"application-manageyards-display-component---NewYard","properties":{"title":"Cost Center"},"searchOpenDialogs":true,"interaction":{"idSuffix":"titleText"}},"wdio_ui5_key":"etmportal.ui.manageyards.view.Newsap.m.StandardListItem{\"title\":\"Cost Center\"}"}]}
RESULT: undefined
COMMAND: POST /session/582ce5f850a124cd0c5f6fc14f02a0d2/element - {"using":"xpath","value":"//*[@id=\"__item234\"]"}
RESULT: {"using":"xpath","value":"//*[@id=\"__item234\"]"}
COMMAND: POST /session/582ce5f850a124cd0c5f6fc14f02a0d2/element/f.92142B0E1996143B500ED3F2A7F6BA2F.d.76BEAC841B8D0BE0ABB3F384C6CFF6AE.e.5469/click - {}
RESULT: {}
COMMAND: POST /session/582ce5f850a124cd0c5f6fc14f02a0d2/element - {"using":"xpath","value":"//input[@id=\"application-manageyards-display-component---NewYard--addressNewCostObjectCstID-inner\"]"}
COMMAND: GET /session/582ce5f850a124cd0c5f6fc14f02a0d2/screenshot - {}
RESULT: {"using":"xpath","value":"//input[@id=\"application-manageyards-display-component---NewYard--addressNewCostObjectCstID-inner\"]"}
COMMAND: POST /session/582ce5f850a124cd0c5f6fc14f02a0d2/element/f.92142B0E1996143B500ED3F2A7F6BA2F.d.76BEAC841B8D0BE0ABB3F384C6CFF6AE.e.5273/clear - {}
RESULT: {}
COMMAND: POST /session/582ce5f850a124cd0c5f6fc14f02a0d2/element - {"using":"xpath","value":"//input[@id=\"application-manageyards-display-component---NewYard--addressNewCostObjectCstID-inner\"]"}
RESULT: {"using":"xpath","value":"//input[@id=\"application-manageyards-display-component---NewYard--addressNewCostObjectCstID-inner\"]"}
COMMAND: POST /session/582ce5f850a124cd0c5f6fc14f02a0d2/element/f.92142B0E1996143B500ED3F2A7F6BA2F.d.76BEAC841B8D0BE0ABB3F384C6CFF6AE.e.5273/clear - {}
COMMAND: POST /session/582ce5f850a124cd0c5f6fc14f02a0d2/element - {"using":"xpath","value":"//input[@id=\"application-manageyards-display-component---NewYard--addressNewCostObjectCstID-inner\"]"}
RESULT: {"using":"xpath","value":"//input[@id=\"application-manageyards-display-component---NewYard--addressNewCostObjectCstID-inner\"]"}
COMMAND: POST /session/582ce5f850a124cd0c5f6fc14f02a0d2/element/f.92142B0E1996143B500ED3F2A7F6BA2F.d.76BEAC841B8D0BE0ABB3F384C6CFF6AE.e.5473/clear - {}
COMMAND: POST /session/582ce5f850a124cd0c5f6fc14f02a0d2/element - {"using":"xpath","value":"//input[@id=\"application-manageyards-display-component---NewYard--addressNewCostObjectCstID-inner\"]"}
RESULT: {"using":"xpath","value":"//input[@id=\"application-manageyards-display-component---NewYard--addressNewCostObjectCstID-inner\"]"}
COMMAND: POST /session/582ce5f850a124cd0c5f6fc14f02a0d2/element/f.92142B0E1996143B500ED3F2A7F6BA2F.d.76BEAC841B8D0BE0ABB3F384C6CFF6AE.e.5473/clear - {}
COMMAND: POST /session/582ce5f850a124cd0c5f6fc14f02a0d2/element - {"using":"xpath","value":"//input[@id=\"application-manageyards-display-component---NewYard--addressNewCostObjectCstID-inner\"]"}
RESULT: {"using":"xpath","value":"//input[@id=\"application-manageyards-display-component---NewYard--addressNewCostObjectCstID-inner\"]"}
COMMAND: POST /session/582ce5f850a124cd0c5f6fc14f02a0d2/element/f.92142B0E1996143B500ED3F2A7F6BA2F.d.76BEAC841B8D0BE0ABB3F384C6CFF6AE.e.5475/clear - {}
RESULT: {}
COMMAND: POST /session/582ce5f850a124cd0c5f6fc14f02a0d2/element/f.92142B0E1996143B500ED3F2A7F6BA2F.d.76BEAC841B8D0BE0ABB3F384C6CFF6AE.e.5475/value - {"text":"10001013"}
COMMAND: GET /session/582ce5f850a124cd0c5f6fc14f02a0d2/screenshot - {}
RESULT: {"text":"10001013"}
COMMAND: GET /session/582ce5f850a124cd0c5f6fc14f02a0d2/screenshot - {}
RESULT: {}
RESULT: {}
COMMAND: POST /session/582ce5f850a124cd0c5f6fc14f02a0d2/execute/async - {"script":"<script> [1562 bytes]","args":[{"selector":{"controlType":"sap.m.StandardListItem","viewName":"etm.portal.ui.manageyards.view.New","viewId":"application-manageyards-display-component---NewYard","properties":{"type":"Active"},"searchOpenDialogs":true,"interaction":{"idSuffix":"titleText"}},"wdio_ui5_key":"etmportal.ui.manageyards.view.Newsap.m.StandardListItem{\"type\":\"Active\"}"}]}
RESULT: {"script":"<script> [1562 bytes]","args":[{"selector":{"controlType":"sap.m.StandardListItem","viewName":"etm.portal.ui.manageyards.view.New","viewId":"application-manageyards-display-component---NewYard","properties":{"type":"Active"},"searchOpenDialogs":true,"interaction":{"idSuffix":"titleText"}},"wdio_ui5_key":"etmportal.ui.manageyards.view.Newsap.m.StandardListItem{\"type\":\"Active\"}"}]}
RESULT: undefined
COMMAND: POST /session/582ce5f850a124cd0c5f6fc14f02a0d2/element - {"using":"xpath","value":"//*[@id=\"__item339\"]"}
RESULT: {"using":"xpath","value":"//*[@id=\"__item339\"]"}
COMMAND: POST /session/582ce5f850a124cd0c5f6fc14f02a0d2/element/f.92142B0E1996143B500ED3F2A7F6BA2F.d.76BEAC841B8D0BE0ABB3F384C6CFF6AE.e.5479/click - {}
RESULT: {}
COMMAND: POST /session/582ce5f850a124cd0c5f6fc14f02a0d2/execute/async - {"script":"<script> [1562 bytes]","args":[{"selector":{"id":"application-manageyards-display-component---NewYard--addressEditDetailsCurrency-arrow"},"wdio_ui5_key":"applicationmanageyards-display-component---NewYard--addressEditDetailsCurrency-arrow"}]}
COMMAND: GET /session/582ce5f850a124cd0c5f6fc14f02a0d2/screenshot - {}
RESULT: {"script":"<script> [1562 bytes]","args":[{"selector":{"id":"application-manageyards-display-component---NewYard--addressEditDetailsCurrency-arrow"},"wdio_ui5_key":"applicationmanageyards-display-component---NewYard--addressEditDetailsCurrency-arrow"}]}
RESULT: undefined
COMMAND: POST /session/582ce5f850a124cd0c5f6fc14f02a0d2/element - {"using":"xpath","value":"//*[@id=\"application-manageyards-display-component---NewYard--addressEditDetailsCurrency-arrow\"]"}
RESULT: {}
RESULT: {"using":"xpath","value":"//*[@id=\"application-manageyards-display-component---NewYard--addressEditDetailsCurrency-arrow\"]"}
COMMAND: POST /session/582ce5f850a124cd0c5f6fc14f02a0d2/element/f.92142B0E1996143B500ED3F2A7F6BA2F.d.76BEAC841B8D0BE0ABB3F384C6CFF6AE.e.5481/click - {}
RESULT: {}
COMMAND: POST /session/582ce5f850a124cd0c5f6fc14f02a0d2/execute/async - {"script":"<script> [1562 bytes]","args":[{"selector":{"controlType":"sap.m.StandardListItem","viewName":"etm.portal.ui.manageyards.view.New","viewId":"application-manageyards-display-component---NewYard","properties":{"title":"Euro"},"searchOpenDialogs":true,"interaction":{"idSuffix":"content"}},"wdio_ui5_key":"etmportal.ui.manageyards.view.Newsap.m.StandardListItem{\"title\":\"Euro\"}"}]}
COMMAND: GET /session/582ce5f850a124cd0c5f6fc14f02a0d2/screenshot - {}
RESULT: {"script":"<script> [1562 bytes]","args":[{"selector":{"controlType":"sap.m.StandardListItem","viewName":"etm.portal.ui.manageyards.view.New","viewId":"application-manageyards-display-component---NewYard","properties":{"title":"Euro"},"searchOpenDialogs":true,"interaction":{"idSuffix":"content"}},"wdio_ui5_key":"etmportal.ui.manageyards.view.Newsap.m.StandardListItem{\"title\":\"Euro\"}"}]}
RESULT: undefined
COMMAND: POST /session/582ce5f850a124cd0c5f6fc14f02a0d2/element - {"using":"xpath","value":"//*[@id=\"__item340\"]"}
RESULT: {}
RESULT: {"using":"xpath","value":"//*[@id=\"__item340\"]"}
COMMAND: POST /session/582ce5f850a124cd0c5f6fc14f02a0d2/element/f.92142B0E1996143B500ED3F2A7F6BA2F.d.76BEAC841B8D0BE0ABB3F384C6CFF6AE.e.5483/click - {}
RESULT: {}
COMMAND: POST /session/582ce5f850a124cd0c5f6fc14f02a0d2/execute/async - {"script":"<script> [1562 bytes]","args":[{"selector":{"controlType":"sap.m.Input","viewName":"etm.portal.ui.manageyards.view.New","viewId":"application-manageyards-display-component---NewYard","bindingPath":{"path":"","propertyPath":"/CONTROLLING_AREA","modelName":"NewYardModel"},"interaction":{"idSuffix":"inner"}},"wdio_ui5_key":"etmportal.ui.manageyards.view.Newsap.m.Input{\"path\":\"\",\"propertyPath\":\"/CONTROLLING_AREA\",\"modelName\":\"NewYardModel\"}"}]}
COMMAND: GET /session/582ce5f850a124cd0c5f6fc14f02a0d2/screenshot - {}
RESULT: {"script":"<script> [1562 bytes]","args":[{"selector":{"controlType":"sap.m.Input","viewName":"etm.portal.ui.manageyards.view.New","viewId":"application-manageyards-display-component---NewYard","bindingPath":{"path":"","propertyPath":"/CONTROLLING_AREA","modelName":"NewYardModel"},"interaction":{"idSuffix":"inner"}},"wdio_ui5_key":"etmportal.ui.manageyards.view.Newsap.m.Input{\"path\":\"\",\"propertyPath\":\"/CONTROLLING_AREA\",\"modelName\":\"NewYardModel\"}"}]}
RESULT: undefined
COMMAND: POST /session/582ce5f850a124cd0c5f6fc14f02a0d2/execute/async - {"script":"<script> [776 bytes]","args":[{"enterText":"Z001","selector":{"controlType":"sap.m.Input","viewName":"etm.portal.ui.manageyards.view.New","viewId":"application-manageyards-display-component---NewYard","bindingPath":{"path":"","propertyPath":"/CONTROLLING_AREA","modelName":"NewYardModel"},"interaction":{"idSuffix":"inner"}},"clearTextFirst":true,"interactionType":"ENTER_TEXT"}]}
RESULT: {}
RESULT: {"script":"<script> [776 bytes]","args":[{"enterText":"Z001","selector":{"controlType":"sap.m.Input","viewName":"etm.portal.ui.manageyards.view.New","viewId":"application-manageyards-display-component---NewYard","bindingPath":{"path":"","propertyPath":"/CONTROLLING_AREA","modelName":"NewYardModel"},"interaction":{"idSuffix":"inner"}},"clearTextFirst":true,"interactionType":"ENTER_TEXT"}]}
COMMAND: POST /session/582ce5f850a124cd0c5f6fc14f02a0d2/execute/async - {"script":"<script> [1562 bytes]","args":[{"selector":{"id":"application-manageyards-display-component---NewYard--companyCodeComboBox","interaction":{"idSuffix":"inner"}},"wdio_ui5_key":"applicationmanageyards-display-component---NewYard--companyCodeComboBox"}]}
RESULT: {"script":"<script> [1562 bytes]","args":[{"selector":{"id":"application-manageyards-display-component---NewYard--companyCodeComboBox","interaction":{"idSuffix":"inner"}},"wdio_ui5_key":"applicationmanageyards-display-component---NewYard--companyCodeComboBox"}]}
RESULT: undefined
COMMAND: POST /session/582ce5f850a124cd0c5f6fc14f02a0d2/execute/async - {"script":"<script> [776 bytes]","args":[{"enterText":"1000","selector":{"id":"application-manageyards-display-component---NewYard--companyCodeComboBox","interaction":{"idSuffix":"inner"}},"clearTextFirst":true,"interactionType":"ENTER_TEXT"}]}
RESULT: {"script":"<script> [776 bytes]","args":[{"enterText":"1000","selector":{"id":"application-manageyards-display-component---NewYard--companyCodeComboBox","interaction":{"idSuffix":"inner"}},"clearTextFirst":true,"interactionType":"ENTER_TEXT"}]}
COMMAND: POST /session/582ce5f850a124cd0c5f6fc14f02a0d2/execute/async - {"script":"<script> [1562 bytes]","args":[{"selector":{"controlType":"sap.m.Input","viewName":"etm.portal.ui.manageyards.view.New","viewId":"application-manageyards-display-component---NewYard","bindingPath":{"path":"","propertyPath":"/PLANT","modelName":"NewYardModel"},"interaction":{"idSuffix":"inner"}},"wdio_ui5_key":"etmportal.ui.manageyards.view.Newsap.m.Input{\"path\":\"\",\"propertyPath\":\"/PLANT\",\"modelName\":\"NewYardModel\"}"}]}
RESULT: {"script":"<script> [1562 bytes]","args":[{"selector":{"controlType":"sap.m.Input","viewName":"etm.portal.ui.manageyards.view.New","viewId":"application-manageyards-display-component---NewYard","bindingPath":{"path":"","propertyPath":"/PLANT","modelName":"NewYardModel"},"interaction":{"idSuffix":"inner"}},"wdio_ui5_key":"etmportal.ui.manageyards.view.Newsap.m.Input{\"path\":\"\",\"propertyPath\":\"/PLANT\",\"modelName\":\"NewYardModel\"}"}]}
RESULT: undefined
COMMAND: POST /session/582ce5f850a124cd0c5f6fc14f02a0d2/execute/async - {"script":"<script> [776 bytes]","args":[{"enterText":"1001","selector":{"controlType":"sap.m.Input","viewName":"etm.portal.ui.manageyards.view.New","viewId":"application-manageyards-display-component---NewYard","bindingPath":{"path":"","propertyPath":"/PLANT","modelName":"NewYardModel"},"interaction":{"idSuffix":"inner"}},"clearTextFirst":true,"interactionType":"ENTER_TEXT"}]}
RESULT: {"script":"<script> [776 bytes]","args":[{"enterText":"1001","selector":{"controlType":"sap.m.Input","viewName":"etm.portal.ui.manageyards.view.New","viewId":"application-manageyards-display-component---NewYard","bindingPath":{"path":"","propertyPath":"/PLANT","modelName":"NewYardModel"},"interaction":{"idSuffix":"inner"}},"clearTextFirst":true,"interactionType":"ENTER_TEXT"}]}
COMMAND: POST /session/582ce5f850a124cd0c5f6fc14f02a0d2/execute/async - {"script":"<script> [1562 bytes]","args":[{"selector":{"controlType":"sap.m.Input","viewName":"etm.portal.ui.manageyards.view.New","viewId":"application-manageyards-display-component---NewYard","bindingPath":{"path":"","propertyPath":"/SALES_AREA_VKORG","modelName":"NewYardModel"},"interaction":{"idSuffix":"inner"}},"wdio_ui5_key":"etmportal.ui.manageyards.view.Newsap.m.Input{\"path\":\"\",\"propertyPath\":\"/SALES_AREA_VKORG\",\"modelName\":\"NewYardModel\"}"}]}
RESULT: {"script":"<script> [1562 bytes]","args":[{"selector":{"controlType":"sap.m.Input","viewName":"etm.portal.ui.manageyards.view.New","viewId":"application-manageyards-display-component---NewYard","bindingPath":{"path":"","propertyPath":"/SALES_AREA_VKORG","modelName":"NewYardModel"},"interaction":{"idSuffix":"inner"}},"wdio_ui5_key":"etmportal.ui.manageyards.view.Newsap.m.Input{\"path\":\"\",\"propertyPath\":\"/SALES_AREA_VKORG\",\"modelName\":\"NewYardModel\"}"}]}
RESULT: undefined
COMMAND: POST /session/582ce5f850a124cd0c5f6fc14f02a0d2/execute/async - {"script":"<script> [776 bytes]","args":[{"enterText":"C002","selector":{"controlType":"sap.m.Input","viewName":"etm.portal.ui.manageyards.view.New","viewId":"application-manageyards-display-component---NewYard","bindingPath":{"path":"","propertyPath":"/SALES_AREA_VKORG","modelName":"NewYardModel"},"interaction":{"idSuffix":"inner"}},"clearTextFirst":true,"interactionType":"ENTER_TEXT"}]}
RESULT: {"script":"<script> [776 bytes]","args":[{"enterText":"C002","selector":{"controlType":"sap.m.Input","viewName":"etm.portal.ui.manageyards.view.New","viewId":"application-manageyards-display-component---NewYard","bindingPath":{"path":"","propertyPath":"/SALES_AREA_VKORG","modelName":"NewYardModel"},"interaction":{"idSuffix":"inner"}},"clearTextFirst":true,"interactionType":"ENTER_TEXT"}]}
COMMAND: POST /session/582ce5f850a124cd0c5f6fc14f02a0d2/execute/async - {"script":"<script> [1562 bytes]","args":[{"selector":{"controlType":"sap.m.Input","viewName":"etm.portal.ui.manageyards.view.New","viewId":"application-manageyards-display-component---NewYard","bindingPath":{"path":"","propertyPath":"/SALES_AREA_VTWEG","modelName":"NewYardModel"},"interaction":{"idSuffix":"inner"}},"wdio_ui5_key":"etmportal.ui.manageyards.view.Newsap.m.Input{\"path\":\"\",\"propertyPath\":\"/SALES_AREA_VTWEG\",\"modelName\":\"NewYardModel\"}"}]}
RESULT: {"script":"<script> [1562 bytes]","args":[{"selector":{"controlType":"sap.m.Input","viewName":"etm.portal.ui.manageyards.view.New","viewId":"application-manageyards-display-component---NewYard","bindingPath":{"path":"","propertyPath":"/SALES_AREA_VTWEG","modelName":"NewYardModel"},"interaction":{"idSuffix":"inner"}},"wdio_ui5_key":"etmportal.ui.manageyards.view.Newsap.m.Input{\"path\":\"\",\"propertyPath\":\"/SALES_AREA_VTWEG\",\"modelName\":\"NewYardModel\"}"}]}
RESULT: undefined
COMMAND: POST /session/582ce5f850a124cd0c5f6fc14f02a0d2/execute/async - {"script":"<script> [776 bytes]","args":[{"enterText":"C2","selector":{"controlType":"sap.m.Input","viewName":"etm.portal.ui.manageyards.view.New","viewId":"application-manageyards-display-component---NewYard","bindingPath":{"path":"","propertyPath":"/SALES_AREA_VTWEG","modelName":"NewYardModel"},"interaction":{"idSuffix":"inner"}},"clearTextFirst":true,"interactionType":"ENTER_TEXT"}]}
RESULT: {"script":"<script> [776 bytes]","args":[{"enterText":"C2","selector":{"controlType":"sap.m.Input","viewName":"etm.portal.ui.manageyards.view.New","viewId":"application-manageyards-display-component---NewYard","bindingPath":{"path":"","propertyPath":"/SALES_AREA_VTWEG","modelName":"NewYardModel"},"interaction":{"idSuffix":"inner"}},"clearTextFirst":true,"interactionType":"ENTER_TEXT"}]}
COMMAND: POST /session/582ce5f850a124cd0c5f6fc14f02a0d2/execute/async - {"script":"<script> [1562 bytes]","args":[{"selector":{"controlType":"sap.m.Input","viewName":"etm.portal.ui.manageyards.view.New","viewId":"application-manageyards-display-component---NewYard","bindingPath":{"path":"","propertyPath":"/SALES_AREA_SPART","modelName":"NewYardModel"},"interaction":{"idSuffix":"inner"}},"wdio_ui5_key":"etmportal.ui.manageyards.view.Newsap.m.Input{\"path\":\"\",\"propertyPath\":\"/SALES_AREA_SPART\",\"modelName\":\"NewYardModel\"}"}]}
RESULT: {"script":"<script> [1562 bytes]","args":[{"selector":{"controlType":"sap.m.Input","viewName":"etm.portal.ui.manageyards.view.New","viewId":"application-manageyards-display-component---NewYard","bindingPath":{"path":"","propertyPath":"/SALES_AREA_SPART","modelName":"NewYardModel"},"interaction":{"idSuffix":"inner"}},"wdio_ui5_key":"etmportal.ui.manageyards.view.Newsap.m.Input{\"path\":\"\",\"propertyPath\":\"/SALES_AREA_SPART\",\"modelName\":\"NewYardModel\"}"}]}
RESULT: undefined
COMMAND: POST /session/582ce5f850a124cd0c5f6fc14f02a0d2/execute/async - {"script":"<script> [776 bytes]","args":[{"enterText":"C2","selector":{"controlType":"sap.m.Input","viewName":"etm.portal.ui.manageyards.view.New","viewId":"application-manageyards-display-component---NewYard","bindingPath":{"path":"","propertyPath":"/SALES_AREA_SPART","modelName":"NewYardModel"},"interaction":{"idSuffix":"inner"}},"clearTextFirst":true,"interactionType":"ENTER_TEXT"}]}
RESULT: {"script":"<script> [776 bytes]","args":[{"enterText":"C2","selector":{"controlType":"sap.m.Input","viewName":"etm.portal.ui.manageyards.view.New","viewId":"application-manageyards-display-component---NewYard","bindingPath":{"path":"","propertyPath":"/SALES_AREA_SPART","modelName":"NewYardModel"},"interaction":{"idSuffix":"inner"}},"clearTextFirst":true,"interactionType":"ENTER_TEXT"}]}
COMMAND: POST /session/582ce5f850a124cd0c5f6fc14f02a0d2/execute/async - {"script":"<script> [1562 bytes]","args":[{"selector":{"controlType":"sap.m.Input","viewName":"etm.portal.ui.manageyards.view.New","viewId":"application-manageyards-display-component---NewYard","bindingPath":{"path":"","propertyPath":"/SHIP_POINT","modelName":"NewYardModel"},"interaction":{"idSuffix":"inner"}},"wdio_ui5_key":"etmportal.ui.manageyards.view.Newsap.m.Input{\"path\":\"\",\"propertyPath\":\"/SHIP_POINT\",\"modelName\":\"NewYardModel\"}"}]}
RESULT: {"script":"<script> [1562 bytes]","args":[{"selector":{"controlType":"sap.m.Input","viewName":"etm.portal.ui.manageyards.view.New","viewId":"application-manageyards-display-component---NewYard","bindingPath":{"path":"","propertyPath":"/SHIP_POINT","modelName":"NewYardModel"},"interaction":{"idSuffix":"inner"}},"wdio_ui5_key":"etmportal.ui.manageyards.view.Newsap.m.Input{\"path\":\"\",\"propertyPath\":\"/SHIP_POINT\",\"modelName\":\"NewYardModel\"}"}]}
RESULT: undefined
COMMAND: POST /session/582ce5f850a124cd0c5f6fc14f02a0d2/execute/async - {"script":"<script> [776 bytes]","args":[{"enterText":"1710","selector":{"controlType":"sap.m.Input","viewName":"etm.portal.ui.manageyards.view.New","viewId":"application-manageyards-display-component---NewYard","bindingPath":{"path":"","propertyPath":"/SHIP_POINT","modelName":"NewYardModel"},"interaction":{"idSuffix":"inner"}},"clearTextFirst":true,"interactionType":"ENTER_TEXT"}]}
RESULT: {"script":"<script> [776 bytes]","args":[{"enterText":"1710","selector":{"controlType":"sap.m.Input","viewName":"etm.portal.ui.manageyards.view.New","viewId":"application-manageyards-display-component---NewYard","bindingPath":{"path":"","propertyPath":"/SHIP_POINT","modelName":"NewYardModel"},"interaction":{"idSuffix":"inner"}},"clearTextFirst":true,"interactionType":"ENTER_TEXT"}]}
COMMAND: POST /session/582ce5f850a124cd0c5f6fc14f02a0d2/execute/async - {"script":"<script> [1562 bytes]","args":[{"selector":{"controlType":"sap.m.Input","viewName":"etm.portal.ui.manageyards.view.New","viewId":"application-manageyards-display-component---NewYard","bindingPath":{"path":"","propertyPath":"/DELIVERY_TYPE","modelName":"NewYardModel"},"interaction":{"idSuffix":"inner"}},"wdio_ui5_key":"etmportal.ui.manageyards.view.Newsap.m.Input{\"path\":\"\",\"propertyPath\":\"/DELIVERY_TYPE\",\"modelName\":\"NewYardModel\"}"}]}
RESULT: {"script":"<script> [1562 bytes]","args":[{"selector":{"controlType":"sap.m.Input","viewName":"etm.portal.ui.manageyards.view.New","viewId":"application-manageyards-display-component---NewYard","bindingPath":{"path":"","propertyPath":"/DELIVERY_TYPE","modelName":"NewYardModel"},"interaction":{"idSuffix":"inner"}},"wdio_ui5_key":"etmportal.ui.manageyards.view.Newsap.m.Input{\"path\":\"\",\"propertyPath\":\"/DELIVERY_TYPE\",\"modelName\":\"NewYardModel\"}"}]}
RESULT: undefined
COMMAND: POST /session/582ce5f850a124cd0c5f6fc14f02a0d2/execute/async - {"script":"<script> [776 bytes]","args":[{"enterText":"ZL01","selector":{"controlType":"sap.m.Input","viewName":"etm.portal.ui.manageyards.view.New","viewId":"application-manageyards-display-component---NewYard","bindingPath":{"path":"","propertyPath":"/DELIVERY_TYPE","modelName":"NewYardModel"},"interaction":{"idSuffix":"inner"}},"clearTextFirst":true,"interactionType":"ENTER_TEXT"}]}
RESULT: {"script":"<script> [776 bytes]","args":[{"enterText":"ZL01","selector":{"controlType":"sap.m.Input","viewName":"etm.portal.ui.manageyards.view.New","viewId":"application-manageyards-display-component---NewYard","bindingPath":{"path":"","propertyPath":"/DELIVERY_TYPE","modelName":"NewYardModel"},"interaction":{"idSuffix":"inner"}},"clearTextFirst":true,"interactionType":"ENTER_TEXT"}]}
COMMAND: POST /session/582ce5f850a124cd0c5f6fc14f02a0d2/execute/async - {"script":"<script> [1562 bytes]","args":[{"selector":{"controlType":"sap.m.Input","viewName":"etm.portal.ui.manageyards.view.New","viewId":"application-manageyards-display-component---NewYard","bindingPath":{"path":"","propertyPath":"/AUART","modelName":"NewYardModel"},"interaction":{"idSuffix":"inner"}},"wdio_ui5_key":"etmportal.ui.manageyards.view.Newsap.m.Input{\"path\":\"\",\"propertyPath\":\"/AUART\",\"modelName\":\"NewYardModel\"}"}]}
RESULT: {"script":"<script> [1562 bytes]","args":[{"selector":{"controlType":"sap.m.Input","viewName":"etm.portal.ui.manageyards.view.New","viewId":"application-manageyards-display-component---NewYard","bindingPath":{"path":"","propertyPath":"/AUART","modelName":"NewYardModel"},"interaction":{"idSuffix":"inner"}},"wdio_ui5_key":"etmportal.ui.manageyards.view.Newsap.m.Input{\"path\":\"\",\"propertyPath\":\"/AUART\",\"modelName\":\"NewYardModel\"}"}]}
RESULT: undefined
COMMAND: POST /session/582ce5f850a124cd0c5f6fc14f02a0d2/execute/async - {"script":"<script> [776 bytes]","args":[{"enterText":"TA","selector":{"controlType":"sap.m.Input","viewName":"etm.portal.ui.manageyards.view.New","viewId":"application-manageyards-display-component---NewYard","bindingPath":{"path":"","propertyPath":"/AUART","modelName":"NewYardModel"},"interaction":{"idSuffix":"inner"}},"clearTextFirst":true,"interactionType":"ENTER_TEXT"}]}
RESULT: {"script":"<script> [776 bytes]","args":[{"enterText":"TA","selector":{"controlType":"sap.m.Input","viewName":"etm.portal.ui.manageyards.view.New","viewId":"application-manageyards-display-component---NewYard","bindingPath":{"path":"","propertyPath":"/AUART","modelName":"NewYardModel"},"interaction":{"idSuffix":"inner"}},"clearTextFirst":true,"interactionType":"ENTER_TEXT"}]}
COMMAND: POST /session/582ce5f850a124cd0c5f6fc14f02a0d2/execute/async - {"script":"<script> [1562 bytes]","args":[{"selector":{"id":"application-manageyards-display-component---NewYard--whmCheckBox","interaction":{"idSuffix":"CbBg"}},"wdio_ui5_key":"applicationmanageyards-display-component---NewYard--whmCheckBox"}]}
RESULT: {"script":"<script> [1562 bytes]","args":[{"selector":{"id":"application-manageyards-display-component---NewYard--whmCheckBox","interaction":{"idSuffix":"CbBg"}},"wdio_ui5_key":"applicationmanageyards-display-component---NewYard--whmCheckBox"}]}
RESULT: undefined
COMMAND: POST /session/582ce5f850a124cd0c5f6fc14f02a0d2/element - {"using":"xpath","value":"//*[@id=\"application-manageyards-display-component---NewYard--whmCheckBox\"]"}
RESULT: {"using":"xpath","value":"//*[@id=\"application-manageyards-display-component---NewYard--whmCheckBox\"]"}
COMMAND: POST /session/582ce5f850a124cd0c5f6fc14f02a0d2/element/f.92142B0E1996143B500ED3F2A7F6BA2F.d.76BEAC841B8D0BE0ABB3F384C6CFF6AE.e.5494/click - {}
RESULT: {}
COMMAND: POST /session/582ce5f850a124cd0c5f6fc14f02a0d2/execute/async - {"script":"<script> [1562 bytes]","args":[{"selector":{"controlType":"sap.m.Button","viewName":"etm.portal.ui.manageyards.view.New","viewId":"application-manageyards-display-component---NewYard","i18NText":{"propertyName":"text","key":"save"},"interaction":{"idSuffix":"BDI-content"}},"wdio_ui5_key":"etmportal.ui.manageyards.view.Newsap.m.Button{\"propertyName\":\"text\",\"key\":\"save\"}"}]}
COMMAND: GET /session/582ce5f850a124cd0c5f6fc14f02a0d2/screenshot - {}
RESULT: {"script":"<script> [1562 bytes]","args":[{"selector":{"controlType":"sap.m.Button","viewName":"etm.portal.ui.manageyards.view.New","viewId":"application-manageyards-display-component---NewYard","i18NText":{"propertyName":"text","key":"save"},"interaction":{"idSuffix":"BDI-content"}},"wdio_ui5_key":"etmportal.ui.manageyards.view.Newsap.m.Button{\"propertyName\":\"text\",\"key\":\"save\"}"}]}
RESULT: undefined
COMMAND: POST /session/582ce5f850a124cd0c5f6fc14f02a0d2/element - {"using":"xpath","value":"//*[@id=\"__button18\"]"}
RESULT: {}
RESULT: {"using":"xpath","value":"//*[@id=\"__button18\"]"}
COMMAND: POST /session/582ce5f850a124cd0c5f6fc14f02a0d2/element/f.92142B0E1996143B500ED3F2A7F6BA2F.d.76BEAC841B8D0BE0ABB3F384C6CFF6AE.e.5435/click - {}
RESULT: {}
COMMAND: GET /session/582ce5f850a124cd0c5f6fc14f02a0d2/screenshot - {}
COMMAND: POST /session/582ce5f850a124cd0c5f6fc14f02a0d2/execute/async - {"script":"<script> [1562 bytes]","args":[{"selector":{"controlType":"sap.m.Text","viewName":"etm.portal.ui.manageyards.view.Detail","viewId":"application-manageyards-display-component---detailYard","bindingPath":{"propertyPath":"ID","modelName":"catalogModel"}},"wdio_ui5_key":"etmportal.ui.manageyards.view.Detailsap.m.Text{\"propertyPath\":\"ID\",\"modelName\":\"catalogModel\"}"}]}
RESULT: {}
RESULT: {"script":"<script> [1562 bytes]","args":[{"selector":{"controlType":"sap.m.Text","viewName":"etm.portal.ui.manageyards.view.Detail","viewId":"application-manageyards-display-component---detailYard","bindingPath":{"propertyPath":"ID","modelName":"catalogModel"}},"wdio_ui5_key":"etmportal.ui.manageyards.view.Detailsap.m.Text{\"propertyPath\":\"ID\",\"modelName\":\"catalogModel\"}"}]}
RESULT: undefined
COMMAND: POST /session/582ce5f850a124cd0c5f6fc14f02a0d2/execute/async - {"script":"<script> [6424 bytes]","args":[{"element-6066-11e4-a52e-4f735466cecf":"f.92142B0E1996143B500ED3F2A7F6BA2F.d.76BEAC841B8D0BE0ABB3F384C6CFF6AE.e.5688"},"getText",[]]}
RESULT: {"script":"<script> [6424 bytes]","args":[{"element-6066-11e4-a52e-4f735466cecf":"f.92142B0E1996143B500ED3F2A7F6BA2F.d.76BEAC841B8D0BE0ABB3F384C6CFF6AE.e.5688"},"getText",[]]}
COMMAND: POST /session/582ce5f850a124cd0c5f6fc14f02a0d2/element - {"using":"css selector","value":"#shell-header-logo"}
RESULT: {"using":"css selector","value":"#shell-header-logo"}
COMMAND: POST /session/582ce5f850a124cd0c5f6fc14f02a0d2/element/f.92142B0E1996143B500ED3F2A7F6BA2F.d.76BEAC841B8D0BE0ABB3F384C6CFF6AE.e.4987/click - {}
RESULT: {}
COMMAND: GET /session/582ce5f850a124cd0c5f6fc14f02a0d2/screenshot - {}
RESULT: {}
]]></system-out>
    </testcase>
    <testcase classname="chrome.135_0_7049_96.windows.Provide_to_Site_w/_warehouse_management_w/o_clarification_US113782_" name="Should create WHM site" time="123.395">
      <system-out><![CDATA[
COMMAND: POST /session/582ce5f850a124cd0c5f6fc14f02a0d2/execute/async - {"script":"<script> [1562 bytes]","args":[{"selector":{"controlType":"sap.m.GenericTile","properties":{"header":"Manage Sites"}},"wdio_ui5_key":"sapm.GenericTile{\"header\":\"Manage Sites\"}"}]}
RESULT: {"script":"<script> [1562 bytes]","args":[{"selector":{"controlType":"sap.m.GenericTile","properties":{"header":"Manage Sites"}},"wdio_ui5_key":"sapm.GenericTile{\"header\":\"Manage Sites\"}"}]}
RESULT: undefined
COMMAND: POST /session/582ce5f850a124cd0c5f6fc14f02a0d2/element - {"using":"xpath","value":"//*[@id=\"__tile40\"]"}
RESULT: {"using":"xpath","value":"//*[@id=\"__tile40\"]"}
COMMAND: POST /session/582ce5f850a124cd0c5f6fc14f02a0d2/element/f.92142B0E1996143B500ED3F2A7F6BA2F.d.76BEAC841B8D0BE0ABB3F384C6CFF6AE.e.5690/click - {}
RESULT: {}
COMMAND: GET /session/582ce5f850a124cd0c5f6fc14f02a0d2/screenshot - {}
RESULT: {}
COMMAND: POST /session/582ce5f850a124cd0c5f6fc14f02a0d2/execute/async - {"script":"<script> [1562 bytes]","args":[{"selector":{"controlType":"sap.ui.core.Icon","viewName":"etm.portal.ui.managesites.view.Master","viewId":"application-managesites-display-component---masterSite","properties":{"src":{"regex":{"source":"add"}}}},"wdio_ui5_key":"etmportal.ui.managesites.view.Mastersap.ui.core.Icon{\"src\":{\"regex\":{\"source\":\"add\"}}}"}]}
RESULT: {"script":"<script> [1562 bytes]","args":[{"selector":{"controlType":"sap.ui.core.Icon","viewName":"etm.portal.ui.managesites.view.Master","viewId":"application-managesites-display-component---masterSite","properties":{"src":{"regex":{"source":"add"}}}},"wdio_ui5_key":"etmportal.ui.managesites.view.Mastersap.ui.core.Icon{\"src\":{\"regex\":{\"source\":\"add\"}}}"}]}
RESULT: undefined
COMMAND: POST /session/582ce5f850a124cd0c5f6fc14f02a0d2/element - {"using":"xpath","value":"//*[@id=\"__button64-img\"]"}
RESULT: {"using":"xpath","value":"//*[@id=\"__button64-img\"]"}
COMMAND: POST /session/582ce5f850a124cd0c5f6fc14f02a0d2/element/f.92142B0E1996143B500ED3F2A7F6BA2F.d.76BEAC841B8D0BE0ABB3F384C6CFF6AE.e.5739/click - {}
RESULT: {}
COMMAND: POST /session/582ce5f850a124cd0c5f6fc14f02a0d2/element - {"using":"xpath","value":"//*[text()='Add New Site']"}
COMMAND: GET /session/582ce5f850a124cd0c5f6fc14f02a0d2/screenshot - {}
RESULT: {"using":"xpath","value":"//*[text()='Add New Site']"}
COMMAND: GET /session/582ce5f850a124cd0c5f6fc14f02a0d2/element/f.92142B0E1996143B500ED3F2A7F6BA2F.d.76BEAC841B8D0BE0ABB3F384C6CFF6AE.e.5877/enabled - {}
RESULT: {}
COMMAND: POST /session/582ce5f850a124cd0c5f6fc14f02a0d2/element - {"using":"xpath","value":"//*[text()='Add New Site']"}
RESULT: {"using":"xpath","value":"//*[text()='Add New Site']"}
COMMAND: GET /session/582ce5f850a124cd0c5f6fc14f02a0d2/element/f.92142B0E1996143B500ED3F2A7F6BA2F.d.76BEAC841B8D0BE0ABB3F384C6CFF6AE.e.5877/enabled - {}
COMMAND: POST /session/582ce5f850a124cd0c5f6fc14f02a0d2/element - {"using":"xpath","value":"//*[text()='Add New Site']"}
RESULT: {"using":"xpath","value":"//*[text()='Add New Site']"}
COMMAND: GET /session/582ce5f850a124cd0c5f6fc14f02a0d2/element/f.92142B0E1996143B500ED3F2A7F6BA2F.d.76BEAC841B8D0BE0ABB3F384C6CFF6AE.e.6129/enabled - {}
RESULT: {}
COMMAND: POST /session/582ce5f850a124cd0c5f6fc14f02a0d2/execute/sync - {"script":"<script> [8489 bytes]","args":[{"element-6066-11e4-a52e-4f735466cecf":"f.92142B0E1996143B500ED3F2A7F6BA2F.d.76BEAC841B8D0BE0ABB3F384C6CFF6AE.e.6129","ELEMENT":"f.92142B0E1996143B500ED3F2A7F6BA2F.d.76BEAC841B8D0BE0ABB3F384C6CFF6AE.e.6129"}]}
COMMAND: GET /session/582ce5f850a124cd0c5f6fc14f02a0d2/screenshot - {}
RESULT: {"script":"<script> [8489 bytes]","args":[{"element-6066-11e4-a52e-4f735466cecf":"f.92142B0E1996143B500ED3F2A7F6BA2F.d.76BEAC841B8D0BE0ABB3F384C6CFF6AE.e.6129","ELEMENT":"f.92142B0E1996143B500ED3F2A7F6BA2F.d.76BEAC841B8D0BE0ABB3F384C6CFF6AE.e.6129"}]}
COMMAND: GET /session/582ce5f850a124cd0c5f6fc14f02a0d2/screenshot - {}
RESULT: {}
COMMAND: POST /session/582ce5f850a124cd0c5f6fc14f02a0d2/execute/sync - {"script":"<script> [8489 bytes]","args":[{"element-6066-11e4-a52e-4f735466cecf":"f.92142B0E1996143B500ED3F2A7F6BA2F.d.76BEAC841B8D0BE0ABB3F384C6CFF6AE.e.6129","ELEMENT":"f.92142B0E1996143B500ED3F2A7F6BA2F.d.76BEAC841B8D0BE0ABB3F384C6CFF6AE.e.6129"}]}
RESULT: {}
RESULT: {"script":"<script> [8489 bytes]","args":[{"element-6066-11e4-a52e-4f735466cecf":"f.92142B0E1996143B500ED3F2A7F6BA2F.d.76BEAC841B8D0BE0ABB3F384C6CFF6AE.e.6129","ELEMENT":"f.92142B0E1996143B500ED3F2A7F6BA2F.d.76BEAC841B8D0BE0ABB3F384C6CFF6AE.e.6129"}]}
COMMAND: GET /session/582ce5f850a124cd0c5f6fc14f02a0d2/screenshot - {}
RESULT: {}
COMMAND: POST /session/582ce5f850a124cd0c5f6fc14f02a0d2/execute/sync - {"script":"<script> [8489 bytes]","args":[{"element-6066-11e4-a52e-4f735466cecf":"f.92142B0E1996143B500ED3F2A7F6BA2F.d.76BEAC841B8D0BE0ABB3F384C6CFF6AE.e.6129","ELEMENT":"f.92142B0E1996143B500ED3F2A7F6BA2F.d.76BEAC841B8D0BE0ABB3F384C6CFF6AE.e.6129"}]}
RESULT: {"script":"<script> [8489 bytes]","args":[{"element-6066-11e4-a52e-4f735466cecf":"f.92142B0E1996143B500ED3F2A7F6BA2F.d.76BEAC841B8D0BE0ABB3F384C6CFF6AE.e.6129","ELEMENT":"f.92142B0E1996143B500ED3F2A7F6BA2F.d.76BEAC841B8D0BE0ABB3F384C6CFF6AE.e.6129"}]}
COMMAND: GET /session/582ce5f850a124cd0c5f6fc14f02a0d2/screenshot - {}
RESULT: {}
COMMAND: POST /session/582ce5f850a124cd0c5f6fc14f02a0d2/execute/sync - {"script":"<script> [8489 bytes]","args":[{"element-6066-11e4-a52e-4f735466cecf":"f.92142B0E1996143B500ED3F2A7F6BA2F.d.76BEAC841B8D0BE0ABB3F384C6CFF6AE.e.6129","ELEMENT":"f.92142B0E1996143B500ED3F2A7F6BA2F.d.76BEAC841B8D0BE0ABB3F384C6CFF6AE.e.6129"}]}
RESULT: {"script":"<script> [8489 bytes]","args":[{"element-6066-11e4-a52e-4f735466cecf":"f.92142B0E1996143B500ED3F2A7F6BA2F.d.76BEAC841B8D0BE0ABB3F384C6CFF6AE.e.6129","ELEMENT":"f.92142B0E1996143B500ED3F2A7F6BA2F.d.76BEAC841B8D0BE0ABB3F384C6CFF6AE.e.6129"}]}
COMMAND: GET /session/582ce5f850a124cd0c5f6fc14f02a0d2/screenshot - {}
RESULT: {}
COMMAND: POST /session/582ce5f850a124cd0c5f6fc14f02a0d2/execute/sync - {"script":"<script> [8489 bytes]","args":[{"element-6066-11e4-a52e-4f735466cecf":"f.92142B0E1996143B500ED3F2A7F6BA2F.d.76BEAC841B8D0BE0ABB3F384C6CFF6AE.e.6129","ELEMENT":"f.92142B0E1996143B500ED3F2A7F6BA2F.d.76BEAC841B8D0BE0ABB3F384C6CFF6AE.e.6129"}]}
RESULT: {"script":"<script> [8489 bytes]","args":[{"element-6066-11e4-a52e-4f735466cecf":"f.92142B0E1996143B500ED3F2A7F6BA2F.d.76BEAC841B8D0BE0ABB3F384C6CFF6AE.e.6129","ELEMENT":"f.92142B0E1996143B500ED3F2A7F6BA2F.d.76BEAC841B8D0BE0ABB3F384C6CFF6AE.e.6129"}]}
COMMAND: GET /session/582ce5f850a124cd0c5f6fc14f02a0d2/screenshot - {}
RESULT: {}
COMMAND: POST /session/582ce5f850a124cd0c5f6fc14f02a0d2/execute/sync - {"script":"<script> [8489 bytes]","args":[{"element-6066-11e4-a52e-4f735466cecf":"f.92142B0E1996143B500ED3F2A7F6BA2F.d.76BEAC841B8D0BE0ABB3F384C6CFF6AE.e.6129","ELEMENT":"f.92142B0E1996143B500ED3F2A7F6BA2F.d.76BEAC841B8D0BE0ABB3F384C6CFF6AE.e.6129"}]}
RESULT: {"script":"<script> [8489 bytes]","args":[{"element-6066-11e4-a52e-4f735466cecf":"f.92142B0E1996143B500ED3F2A7F6BA2F.d.76BEAC841B8D0BE0ABB3F384C6CFF6AE.e.6129","ELEMENT":"f.92142B0E1996143B500ED3F2A7F6BA2F.d.76BEAC841B8D0BE0ABB3F384C6CFF6AE.e.6129"}]}
COMMAND: GET /session/582ce5f850a124cd0c5f6fc14f02a0d2/screenshot - {}
RESULT: {}
COMMAND: POST /session/582ce5f850a124cd0c5f6fc14f02a0d2/execute/sync - {"script":"<script> [8489 bytes]","args":[{"element-6066-11e4-a52e-4f735466cecf":"f.92142B0E1996143B500ED3F2A7F6BA2F.d.76BEAC841B8D0BE0ABB3F384C6CFF6AE.e.6129","ELEMENT":"f.92142B0E1996143B500ED3F2A7F6BA2F.d.76BEAC841B8D0BE0ABB3F384C6CFF6AE.e.6129"}]}
RESULT: {"script":"<script> [8489 bytes]","args":[{"element-6066-11e4-a52e-4f735466cecf":"f.92142B0E1996143B500ED3F2A7F6BA2F.d.76BEAC841B8D0BE0ABB3F384C6CFF6AE.e.6129","ELEMENT":"f.92142B0E1996143B500ED3F2A7F6BA2F.d.76BEAC841B8D0BE0ABB3F384C6CFF6AE.e.6129"}]}
COMMAND: GET /session/582ce5f850a124cd0c5f6fc14f02a0d2/screenshot - {}
COMMAND: POST /session/582ce5f850a124cd0c5f6fc14f02a0d2/execute/sync - {"script":"<script> [8489 bytes]","args":[{"element-6066-11e4-a52e-4f735466cecf":"f.92142B0E1996143B500ED3F2A7F6BA2F.d.76BEAC841B8D0BE0ABB3F384C6CFF6AE.e.6129","ELEMENT":"f.92142B0E1996143B500ED3F2A7F6BA2F.d.76BEAC841B8D0BE0ABB3F384C6CFF6AE.e.6129"}]}
RESULT: {}
RESULT: {"script":"<script> [8489 bytes]","args":[{"element-6066-11e4-a52e-4f735466cecf":"f.92142B0E1996143B500ED3F2A7F6BA2F.d.76BEAC841B8D0BE0ABB3F384C6CFF6AE.e.6129","ELEMENT":"f.92142B0E1996143B500ED3F2A7F6BA2F.d.76BEAC841B8D0BE0ABB3F384C6CFF6AE.e.6129"}]}
COMMAND: GET /session/582ce5f850a124cd0c5f6fc14f02a0d2/screenshot - {}
COMMAND: POST /session/582ce5f850a124cd0c5f6fc14f02a0d2/execute/sync - {"script":"<script> [8489 bytes]","args":[{"element-6066-11e4-a52e-4f735466cecf":"f.92142B0E1996143B500ED3F2A7F6BA2F.d.76BEAC841B8D0BE0ABB3F384C6CFF6AE.e.6129","ELEMENT":"f.92142B0E1996143B500ED3F2A7F6BA2F.d.76BEAC841B8D0BE0ABB3F384C6CFF6AE.e.6129"}]}
RESULT: {}
RESULT: {"script":"<script> [8489 bytes]","args":[{"element-6066-11e4-a52e-4f735466cecf":"f.92142B0E1996143B500ED3F2A7F6BA2F.d.76BEAC841B8D0BE0ABB3F384C6CFF6AE.e.6129","ELEMENT":"f.92142B0E1996143B500ED3F2A7F6BA2F.d.76BEAC841B8D0BE0ABB3F384C6CFF6AE.e.6129"}]}
COMMAND: GET /session/582ce5f850a124cd0c5f6fc14f02a0d2/screenshot - {}
RESULT: {}
COMMAND: POST /session/582ce5f850a124cd0c5f6fc14f02a0d2/execute/sync - {"script":"<script> [8489 bytes]","args":[{"element-6066-11e4-a52e-4f735466cecf":"f.92142B0E1996143B500ED3F2A7F6BA2F.d.76BEAC841B8D0BE0ABB3F384C6CFF6AE.e.6129","ELEMENT":"f.92142B0E1996143B500ED3F2A7F6BA2F.d.76BEAC841B8D0BE0ABB3F384C6CFF6AE.e.6129"}]}
RESULT: {"script":"<script> [8489 bytes]","args":[{"element-6066-11e4-a52e-4f735466cecf":"f.92142B0E1996143B500ED3F2A7F6BA2F.d.76BEAC841B8D0BE0ABB3F384C6CFF6AE.e.6129","ELEMENT":"f.92142B0E1996143B500ED3F2A7F6BA2F.d.76BEAC841B8D0BE0ABB3F384C6CFF6AE.e.6129"}]}
COMMAND: GET /session/582ce5f850a124cd0c5f6fc14f02a0d2/screenshot - {}
RESULT: {}
COMMAND: POST /session/582ce5f850a124cd0c5f6fc14f02a0d2/execute/sync - {"script":"<script> [8489 bytes]","args":[{"element-6066-11e4-a52e-4f735466cecf":"f.92142B0E1996143B500ED3F2A7F6BA2F.d.76BEAC841B8D0BE0ABB3F384C6CFF6AE.e.6129","ELEMENT":"f.92142B0E1996143B500ED3F2A7F6BA2F.d.76BEAC841B8D0BE0ABB3F384C6CFF6AE.e.6129"}]}
RESULT: {"script":"<script> [8489 bytes]","args":[{"element-6066-11e4-a52e-4f735466cecf":"f.92142B0E1996143B500ED3F2A7F6BA2F.d.76BEAC841B8D0BE0ABB3F384C6CFF6AE.e.6129","ELEMENT":"f.92142B0E1996143B500ED3F2A7F6BA2F.d.76BEAC841B8D0BE0ABB3F384C6CFF6AE.e.6129"}]}
COMMAND: GET /session/582ce5f850a124cd0c5f6fc14f02a0d2/screenshot - {}
RESULT: {}
COMMAND: POST /session/582ce5f850a124cd0c5f6fc14f02a0d2/execute/sync - {"script":"<script> [8489 bytes]","args":[{"element-6066-11e4-a52e-4f735466cecf":"f.92142B0E1996143B500ED3F2A7F6BA2F.d.76BEAC841B8D0BE0ABB3F384C6CFF6AE.e.6129","ELEMENT":"f.92142B0E1996143B500ED3F2A7F6BA2F.d.76BEAC841B8D0BE0ABB3F384C6CFF6AE.e.6129"}]}
RESULT: {"script":"<script> [8489 bytes]","args":[{"element-6066-11e4-a52e-4f735466cecf":"f.92142B0E1996143B500ED3F2A7F6BA2F.d.76BEAC841B8D0BE0ABB3F384C6CFF6AE.e.6129","ELEMENT":"f.92142B0E1996143B500ED3F2A7F6BA2F.d.76BEAC841B8D0BE0ABB3F384C6CFF6AE.e.6129"}]}
COMMAND: GET /session/582ce5f850a124cd0c5f6fc14f02a0d2/screenshot - {}
RESULT: {}
COMMAND: POST /session/582ce5f850a124cd0c5f6fc14f02a0d2/execute/sync - {"script":"<script> [8489 bytes]","args":[{"element-6066-11e4-a52e-4f735466cecf":"f.92142B0E1996143B500ED3F2A7F6BA2F.d.76BEAC841B8D0BE0ABB3F384C6CFF6AE.e.6129","ELEMENT":"f.92142B0E1996143B500ED3F2A7F6BA2F.d.76BEAC841B8D0BE0ABB3F384C6CFF6AE.e.6129"}]}
RESULT: {"script":"<script> [8489 bytes]","args":[{"element-6066-11e4-a52e-4f735466cecf":"f.92142B0E1996143B500ED3F2A7F6BA2F.d.76BEAC841B8D0BE0ABB3F384C6CFF6AE.e.6129","ELEMENT":"f.92142B0E1996143B500ED3F2A7F6BA2F.d.76BEAC841B8D0BE0ABB3F384C6CFF6AE.e.6129"}]}
COMMAND: GET /session/582ce5f850a124cd0c5f6fc14f02a0d2/screenshot - {}
RESULT: {}
COMMAND: POST /session/582ce5f850a124cd0c5f6fc14f02a0d2/execute/sync - {"script":"<script> [8489 bytes]","args":[{"element-6066-11e4-a52e-4f735466cecf":"f.92142B0E1996143B500ED3F2A7F6BA2F.d.76BEAC841B8D0BE0ABB3F384C6CFF6AE.e.6129","ELEMENT":"f.92142B0E1996143B500ED3F2A7F6BA2F.d.76BEAC841B8D0BE0ABB3F384C6CFF6AE.e.6129"}]}
RESULT: {"script":"<script> [8489 bytes]","args":[{"element-6066-11e4-a52e-4f735466cecf":"f.92142B0E1996143B500ED3F2A7F6BA2F.d.76BEAC841B8D0BE0ABB3F384C6CFF6AE.e.6129","ELEMENT":"f.92142B0E1996143B500ED3F2A7F6BA2F.d.76BEAC841B8D0BE0ABB3F384C6CFF6AE.e.6129"}]}
COMMAND: GET /session/582ce5f850a124cd0c5f6fc14f02a0d2/screenshot - {}
RESULT: {}
COMMAND: POST /session/582ce5f850a124cd0c5f6fc14f02a0d2/execute/sync - {"script":"<script> [8489 bytes]","args":[{"element-6066-11e4-a52e-4f735466cecf":"f.92142B0E1996143B500ED3F2A7F6BA2F.d.76BEAC841B8D0BE0ABB3F384C6CFF6AE.e.6129","ELEMENT":"f.92142B0E1996143B500ED3F2A7F6BA2F.d.76BEAC841B8D0BE0ABB3F384C6CFF6AE.e.6129"}]}
RESULT: {"script":"<script> [8489 bytes]","args":[{"element-6066-11e4-a52e-4f735466cecf":"f.92142B0E1996143B500ED3F2A7F6BA2F.d.76BEAC841B8D0BE0ABB3F384C6CFF6AE.e.6129","ELEMENT":"f.92142B0E1996143B500ED3F2A7F6BA2F.d.76BEAC841B8D0BE0ABB3F384C6CFF6AE.e.6129"}]}
COMMAND: GET /session/582ce5f850a124cd0c5f6fc14f02a0d2/screenshot - {}
RESULT: {}
COMMAND: POST /session/582ce5f850a124cd0c5f6fc14f02a0d2/execute/sync - {"script":"<script> [8489 bytes]","args":[{"element-6066-11e4-a52e-4f735466cecf":"f.92142B0E1996143B500ED3F2A7F6BA2F.d.76BEAC841B8D0BE0ABB3F384C6CFF6AE.e.6129","ELEMENT":"f.92142B0E1996143B500ED3F2A7F6BA2F.d.76BEAC841B8D0BE0ABB3F384C6CFF6AE.e.6129"}]}
RESULT: {"script":"<script> [8489 bytes]","args":[{"element-6066-11e4-a52e-4f735466cecf":"f.92142B0E1996143B500ED3F2A7F6BA2F.d.76BEAC841B8D0BE0ABB3F384C6CFF6AE.e.6129","ELEMENT":"f.92142B0E1996143B500ED3F2A7F6BA2F.d.76BEAC841B8D0BE0ABB3F384C6CFF6AE.e.6129"}]}
COMMAND: GET /session/582ce5f850a124cd0c5f6fc14f02a0d2/screenshot - {}
RESULT: {}
COMMAND: POST /session/582ce5f850a124cd0c5f6fc14f02a0d2/execute/sync - {"script":"<script> [8489 bytes]","args":[{"element-6066-11e4-a52e-4f735466cecf":"f.92142B0E1996143B500ED3F2A7F6BA2F.d.76BEAC841B8D0BE0ABB3F384C6CFF6AE.e.6129","ELEMENT":"f.92142B0E1996143B500ED3F2A7F6BA2F.d.76BEAC841B8D0BE0ABB3F384C6CFF6AE.e.6129"}]}
RESULT: {"script":"<script> [8489 bytes]","args":[{"element-6066-11e4-a52e-4f735466cecf":"f.92142B0E1996143B500ED3F2A7F6BA2F.d.76BEAC841B8D0BE0ABB3F384C6CFF6AE.e.6129","ELEMENT":"f.92142B0E1996143B500ED3F2A7F6BA2F.d.76BEAC841B8D0BE0ABB3F384C6CFF6AE.e.6129"}]}
COMMAND: GET /session/582ce5f850a124cd0c5f6fc14f02a0d2/screenshot - {}
RESULT: {}
COMMAND: POST /session/582ce5f850a124cd0c5f6fc14f02a0d2/execute/sync - {"script":"<script> [8489 bytes]","args":[{"element-6066-11e4-a52e-4f735466cecf":"f.92142B0E1996143B500ED3F2A7F6BA2F.d.76BEAC841B8D0BE0ABB3F384C6CFF6AE.e.6129","ELEMENT":"f.92142B0E1996143B500ED3F2A7F6BA2F.d.76BEAC841B8D0BE0ABB3F384C6CFF6AE.e.6129"}]}
RESULT: {"script":"<script> [8489 bytes]","args":[{"element-6066-11e4-a52e-4f735466cecf":"f.92142B0E1996143B500ED3F2A7F6BA2F.d.76BEAC841B8D0BE0ABB3F384C6CFF6AE.e.6129","ELEMENT":"f.92142B0E1996143B500ED3F2A7F6BA2F.d.76BEAC841B8D0BE0ABB3F384C6CFF6AE.e.6129"}]}
COMMAND: GET /session/582ce5f850a124cd0c5f6fc14f02a0d2/screenshot - {}
RESULT: {}
COMMAND: POST /session/582ce5f850a124cd0c5f6fc14f02a0d2/execute/sync - {"script":"<script> [8489 bytes]","args":[{"element-6066-11e4-a52e-4f735466cecf":"f.92142B0E1996143B500ED3F2A7F6BA2F.d.76BEAC841B8D0BE0ABB3F384C6CFF6AE.e.6129","ELEMENT":"f.92142B0E1996143B500ED3F2A7F6BA2F.d.76BEAC841B8D0BE0ABB3F384C6CFF6AE.e.6129"}]}
RESULT: {"script":"<script> [8489 bytes]","args":[{"element-6066-11e4-a52e-4f735466cecf":"f.92142B0E1996143B500ED3F2A7F6BA2F.d.76BEAC841B8D0BE0ABB3F384C6CFF6AE.e.6129","ELEMENT":"f.92142B0E1996143B500ED3F2A7F6BA2F.d.76BEAC841B8D0BE0ABB3F384C6CFF6AE.e.6129"}]}
COMMAND: GET /session/582ce5f850a124cd0c5f6fc14f02a0d2/screenshot - {}
RESULT: {}
COMMAND: POST /session/582ce5f850a124cd0c5f6fc14f02a0d2/execute/sync - {"script":"<script> [8489 bytes]","args":[{"element-6066-11e4-a52e-4f735466cecf":"f.92142B0E1996143B500ED3F2A7F6BA2F.d.76BEAC841B8D0BE0ABB3F384C6CFF6AE.e.6129","ELEMENT":"f.92142B0E1996143B500ED3F2A7F6BA2F.d.76BEAC841B8D0BE0ABB3F384C6CFF6AE.e.6129"}]}
RESULT: {"script":"<script> [8489 bytes]","args":[{"element-6066-11e4-a52e-4f735466cecf":"f.92142B0E1996143B500ED3F2A7F6BA2F.d.76BEAC841B8D0BE0ABB3F384C6CFF6AE.e.6129","ELEMENT":"f.92142B0E1996143B500ED3F2A7F6BA2F.d.76BEAC841B8D0BE0ABB3F384C6CFF6AE.e.6129"}]}
COMMAND: GET /session/582ce5f850a124cd0c5f6fc14f02a0d2/screenshot - {}
RESULT: {}
COMMAND: POST /session/582ce5f850a124cd0c5f6fc14f02a0d2/execute/sync - {"script":"<script> [8489 bytes]","args":[{"element-6066-11e4-a52e-4f735466cecf":"f.92142B0E1996143B500ED3F2A7F6BA2F.d.76BEAC841B8D0BE0ABB3F384C6CFF6AE.e.6129","ELEMENT":"f.92142B0E1996143B500ED3F2A7F6BA2F.d.76BEAC841B8D0BE0ABB3F384C6CFF6AE.e.6129"}]}
RESULT: {"script":"<script> [8489 bytes]","args":[{"element-6066-11e4-a52e-4f735466cecf":"f.92142B0E1996143B500ED3F2A7F6BA2F.d.76BEAC841B8D0BE0ABB3F384C6CFF6AE.e.6129","ELEMENT":"f.92142B0E1996143B500ED3F2A7F6BA2F.d.76BEAC841B8D0BE0ABB3F384C6CFF6AE.e.6129"}]}
COMMAND: GET /session/582ce5f850a124cd0c5f6fc14f02a0d2/screenshot - {}
RESULT: {}
COMMAND: POST /session/582ce5f850a124cd0c5f6fc14f02a0d2/execute/sync - {"script":"<script> [8489 bytes]","args":[{"element-6066-11e4-a52e-4f735466cecf":"f.92142B0E1996143B500ED3F2A7F6BA2F.d.76BEAC841B8D0BE0ABB3F384C6CFF6AE.e.6129","ELEMENT":"f.92142B0E1996143B500ED3F2A7F6BA2F.d.76BEAC841B8D0BE0ABB3F384C6CFF6AE.e.6129"}]}
RESULT: {"script":"<script> [8489 bytes]","args":[{"element-6066-11e4-a52e-4f735466cecf":"f.92142B0E1996143B500ED3F2A7F6BA2F.d.76BEAC841B8D0BE0ABB3F384C6CFF6AE.e.6129","ELEMENT":"f.92142B0E1996143B500ED3F2A7F6BA2F.d.76BEAC841B8D0BE0ABB3F384C6CFF6AE.e.6129"}]}
COMMAND: GET /session/582ce5f850a124cd0c5f6fc14f02a0d2/screenshot - {}
RESULT: {}
COMMAND: POST /session/582ce5f850a124cd0c5f6fc14f02a0d2/execute/sync - {"script":"<script> [8489 bytes]","args":[{"element-6066-11e4-a52e-4f735466cecf":"f.92142B0E1996143B500ED3F2A7F6BA2F.d.76BEAC841B8D0BE0ABB3F384C6CFF6AE.e.6129","ELEMENT":"f.92142B0E1996143B500ED3F2A7F6BA2F.d.76BEAC841B8D0BE0ABB3F384C6CFF6AE.e.6129"}]}
RESULT: {"script":"<script> [8489 bytes]","args":[{"element-6066-11e4-a52e-4f735466cecf":"f.92142B0E1996143B500ED3F2A7F6BA2F.d.76BEAC841B8D0BE0ABB3F384C6CFF6AE.e.6129","ELEMENT":"f.92142B0E1996143B500ED3F2A7F6BA2F.d.76BEAC841B8D0BE0ABB3F384C6CFF6AE.e.6129"}]}
COMMAND: GET /session/582ce5f850a124cd0c5f6fc14f02a0d2/screenshot - {}
RESULT: {}
COMMAND: POST /session/582ce5f850a124cd0c5f6fc14f02a0d2/execute/sync - {"script":"<script> [8489 bytes]","args":[{"element-6066-11e4-a52e-4f735466cecf":"f.92142B0E1996143B500ED3F2A7F6BA2F.d.76BEAC841B8D0BE0ABB3F384C6CFF6AE.e.6129","ELEMENT":"f.92142B0E1996143B500ED3F2A7F6BA2F.d.76BEAC841B8D0BE0ABB3F384C6CFF6AE.e.6129"}]}
RESULT: {"script":"<script> [8489 bytes]","args":[{"element-6066-11e4-a52e-4f735466cecf":"f.92142B0E1996143B500ED3F2A7F6BA2F.d.76BEAC841B8D0BE0ABB3F384C6CFF6AE.e.6129","ELEMENT":"f.92142B0E1996143B500ED3F2A7F6BA2F.d.76BEAC841B8D0BE0ABB3F384C6CFF6AE.e.6129"}]}
COMMAND: GET /session/582ce5f850a124cd0c5f6fc14f02a0d2/screenshot - {}
COMMAND: POST /session/582ce5f850a124cd0c5f6fc14f02a0d2/execute/sync - {"script":"<script> [8489 bytes]","args":[{"element-6066-11e4-a52e-4f735466cecf":"f.92142B0E1996143B500ED3F2A7F6BA2F.d.76BEAC841B8D0BE0ABB3F384C6CFF6AE.e.6129","ELEMENT":"f.92142B0E1996143B500ED3F2A7F6BA2F.d.76BEAC841B8D0BE0ABB3F384C6CFF6AE.e.6129"}]}
RESULT: {}
RESULT: {"script":"<script> [8489 bytes]","args":[{"element-6066-11e4-a52e-4f735466cecf":"f.92142B0E1996143B500ED3F2A7F6BA2F.d.76BEAC841B8D0BE0ABB3F384C6CFF6AE.e.6129","ELEMENT":"f.92142B0E1996143B500ED3F2A7F6BA2F.d.76BEAC841B8D0BE0ABB3F384C6CFF6AE.e.6129"}]}
COMMAND: GET /session/582ce5f850a124cd0c5f6fc14f02a0d2/screenshot - {}
RESULT: {}
COMMAND: POST /session/582ce5f850a124cd0c5f6fc14f02a0d2/execute/sync - {"script":"<script> [8489 bytes]","args":[{"element-6066-11e4-a52e-4f735466cecf":"f.92142B0E1996143B500ED3F2A7F6BA2F.d.76BEAC841B8D0BE0ABB3F384C6CFF6AE.e.6129","ELEMENT":"f.92142B0E1996143B500ED3F2A7F6BA2F.d.76BEAC841B8D0BE0ABB3F384C6CFF6AE.e.6129"}]}
RESULT: {"script":"<script> [8489 bytes]","args":[{"element-6066-11e4-a52e-4f735466cecf":"f.92142B0E1996143B500ED3F2A7F6BA2F.d.76BEAC841B8D0BE0ABB3F384C6CFF6AE.e.6129","ELEMENT":"f.92142B0E1996143B500ED3F2A7F6BA2F.d.76BEAC841B8D0BE0ABB3F384C6CFF6AE.e.6129"}]}
COMMAND: GET /session/582ce5f850a124cd0c5f6fc14f02a0d2/screenshot - {}
RESULT: {}
COMMAND: POST /session/582ce5f850a124cd0c5f6fc14f02a0d2/execute/sync - {"script":"<script> [8489 bytes]","args":[{"element-6066-11e4-a52e-4f735466cecf":"f.92142B0E1996143B500ED3F2A7F6BA2F.d.76BEAC841B8D0BE0ABB3F384C6CFF6AE.e.6129","ELEMENT":"f.92142B0E1996143B500ED3F2A7F6BA2F.d.76BEAC841B8D0BE0ABB3F384C6CFF6AE.e.6129"}]}
RESULT: {"script":"<script> [8489 bytes]","args":[{"element-6066-11e4-a52e-4f735466cecf":"f.92142B0E1996143B500ED3F2A7F6BA2F.d.76BEAC841B8D0BE0ABB3F384C6CFF6AE.e.6129","ELEMENT":"f.92142B0E1996143B500ED3F2A7F6BA2F.d.76BEAC841B8D0BE0ABB3F384C6CFF6AE.e.6129"}]}
COMMAND: GET /session/582ce5f850a124cd0c5f6fc14f02a0d2/screenshot - {}
RESULT: {}
COMMAND: POST /session/582ce5f850a124cd0c5f6fc14f02a0d2/execute/sync - {"script":"<script> [8489 bytes]","args":[{"element-6066-11e4-a52e-4f735466cecf":"f.92142B0E1996143B500ED3F2A7F6BA2F.d.76BEAC841B8D0BE0ABB3F384C6CFF6AE.e.6129","ELEMENT":"f.92142B0E1996143B500ED3F2A7F6BA2F.d.76BEAC841B8D0BE0ABB3F384C6CFF6AE.e.6129"}]}
RESULT: {"script":"<script> [8489 bytes]","args":[{"element-6066-11e4-a52e-4f735466cecf":"f.92142B0E1996143B500ED3F2A7F6BA2F.d.76BEAC841B8D0BE0ABB3F384C6CFF6AE.e.6129","ELEMENT":"f.92142B0E1996143B500ED3F2A7F6BA2F.d.76BEAC841B8D0BE0ABB3F384C6CFF6AE.e.6129"}]}
COMMAND: GET /session/582ce5f850a124cd0c5f6fc14f02a0d2/screenshot - {}
RESULT: {}
COMMAND: POST /session/582ce5f850a124cd0c5f6fc14f02a0d2/execute/sync - {"script":"<script> [8489 bytes]","args":[{"element-6066-11e4-a52e-4f735466cecf":"f.92142B0E1996143B500ED3F2A7F6BA2F.d.76BEAC841B8D0BE0ABB3F384C6CFF6AE.e.6129","ELEMENT":"f.92142B0E1996143B500ED3F2A7F6BA2F.d.76BEAC841B8D0BE0ABB3F384C6CFF6AE.e.6129"}]}
RESULT: {"script":"<script> [8489 bytes]","args":[{"element-6066-11e4-a52e-4f735466cecf":"f.92142B0E1996143B500ED3F2A7F6BA2F.d.76BEAC841B8D0BE0ABB3F384C6CFF6AE.e.6129","ELEMENT":"f.92142B0E1996143B500ED3F2A7F6BA2F.d.76BEAC841B8D0BE0ABB3F384C6CFF6AE.e.6129"}]}
COMMAND: GET /session/582ce5f850a124cd0c5f6fc14f02a0d2/screenshot - {}
RESULT: {}
COMMAND: POST /session/582ce5f850a124cd0c5f6fc14f02a0d2/execute/sync - {"script":"<script> [8489 bytes]","args":[{"element-6066-11e4-a52e-4f735466cecf":"f.92142B0E1996143B500ED3F2A7F6BA2F.d.76BEAC841B8D0BE0ABB3F384C6CFF6AE.e.6129","ELEMENT":"f.92142B0E1996143B500ED3F2A7F6BA2F.d.76BEAC841B8D0BE0ABB3F384C6CFF6AE.e.6129"}]}
RESULT: {"script":"<script> [8489 bytes]","args":[{"element-6066-11e4-a52e-4f735466cecf":"f.92142B0E1996143B500ED3F2A7F6BA2F.d.76BEAC841B8D0BE0ABB3F384C6CFF6AE.e.6129","ELEMENT":"f.92142B0E1996143B500ED3F2A7F6BA2F.d.76BEAC841B8D0BE0ABB3F384C6CFF6AE.e.6129"}]}
COMMAND: GET /session/582ce5f850a124cd0c5f6fc14f02a0d2/screenshot - {}
RESULT: {}
COMMAND: POST /session/582ce5f850a124cd0c5f6fc14f02a0d2/execute/sync - {"script":"<script> [8489 bytes]","args":[{"element-6066-11e4-a52e-4f735466cecf":"f.92142B0E1996143B500ED3F2A7F6BA2F.d.76BEAC841B8D0BE0ABB3F384C6CFF6AE.e.6129","ELEMENT":"f.92142B0E1996143B500ED3F2A7F6BA2F.d.76BEAC841B8D0BE0ABB3F384C6CFF6AE.e.6129"}]}
RESULT: {"script":"<script> [8489 bytes]","args":[{"element-6066-11e4-a52e-4f735466cecf":"f.92142B0E1996143B500ED3F2A7F6BA2F.d.76BEAC841B8D0BE0ABB3F384C6CFF6AE.e.6129","ELEMENT":"f.92142B0E1996143B500ED3F2A7F6BA2F.d.76BEAC841B8D0BE0ABB3F384C6CFF6AE.e.6129"}]}
COMMAND: GET /session/582ce5f850a124cd0c5f6fc14f02a0d2/screenshot - {}
RESULT: {}
COMMAND: POST /session/582ce5f850a124cd0c5f6fc14f02a0d2/execute/sync - {"script":"<script> [8489 bytes]","args":[{"element-6066-11e4-a52e-4f735466cecf":"f.92142B0E1996143B500ED3F2A7F6BA2F.d.76BEAC841B8D0BE0ABB3F384C6CFF6AE.e.6129","ELEMENT":"f.92142B0E1996143B500ED3F2A7F6BA2F.d.76BEAC841B8D0BE0ABB3F384C6CFF6AE.e.6129"}]}
RESULT: {"script":"<script> [8489 bytes]","args":[{"element-6066-11e4-a52e-4f735466cecf":"f.92142B0E1996143B500ED3F2A7F6BA2F.d.76BEAC841B8D0BE0ABB3F384C6CFF6AE.e.6129","ELEMENT":"f.92142B0E1996143B500ED3F2A7F6BA2F.d.76BEAC841B8D0BE0ABB3F384C6CFF6AE.e.6129"}]}
COMMAND: GET /session/582ce5f850a124cd0c5f6fc14f02a0d2/screenshot - {}
RESULT: {}
COMMAND: POST /session/582ce5f850a124cd0c5f6fc14f02a0d2/execute/sync - {"script":"<script> [8489 bytes]","args":[{"element-6066-11e4-a52e-4f735466cecf":"f.92142B0E1996143B500ED3F2A7F6BA2F.d.76BEAC841B8D0BE0ABB3F384C6CFF6AE.e.6129","ELEMENT":"f.92142B0E1996143B500ED3F2A7F6BA2F.d.76BEAC841B8D0BE0ABB3F384C6CFF6AE.e.6129"}]}
RESULT: {"script":"<script> [8489 bytes]","args":[{"element-6066-11e4-a52e-4f735466cecf":"f.92142B0E1996143B500ED3F2A7F6BA2F.d.76BEAC841B8D0BE0ABB3F384C6CFF6AE.e.6129","ELEMENT":"f.92142B0E1996143B500ED3F2A7F6BA2F.d.76BEAC841B8D0BE0ABB3F384C6CFF6AE.e.6129"}]}
COMMAND: GET /session/582ce5f850a124cd0c5f6fc14f02a0d2/screenshot - {}
RESULT: {}
COMMAND: POST /session/582ce5f850a124cd0c5f6fc14f02a0d2/execute/sync - {"script":"<script> [8489 bytes]","args":[{"element-6066-11e4-a52e-4f735466cecf":"f.92142B0E1996143B500ED3F2A7F6BA2F.d.76BEAC841B8D0BE0ABB3F384C6CFF6AE.e.6129","ELEMENT":"f.92142B0E1996143B500ED3F2A7F6BA2F.d.76BEAC841B8D0BE0ABB3F384C6CFF6AE.e.6129"}]}
RESULT: {"script":"<script> [8489 bytes]","args":[{"element-6066-11e4-a52e-4f735466cecf":"f.92142B0E1996143B500ED3F2A7F6BA2F.d.76BEAC841B8D0BE0ABB3F384C6CFF6AE.e.6129","ELEMENT":"f.92142B0E1996143B500ED3F2A7F6BA2F.d.76BEAC841B8D0BE0ABB3F384C6CFF6AE.e.6129"}]}
COMMAND: GET /session/582ce5f850a124cd0c5f6fc14f02a0d2/screenshot - {}
RESULT: {}
COMMAND: POST /session/582ce5f850a124cd0c5f6fc14f02a0d2/execute/sync - {"script":"<script> [8489 bytes]","args":[{"element-6066-11e4-a52e-4f735466cecf":"f.92142B0E1996143B500ED3F2A7F6BA2F.d.76BEAC841B8D0BE0ABB3F384C6CFF6AE.e.6129","ELEMENT":"f.92142B0E1996143B500ED3F2A7F6BA2F.d.76BEAC841B8D0BE0ABB3F384C6CFF6AE.e.6129"}]}
RESULT: {"script":"<script> [8489 bytes]","args":[{"element-6066-11e4-a52e-4f735466cecf":"f.92142B0E1996143B500ED3F2A7F6BA2F.d.76BEAC841B8D0BE0ABB3F384C6CFF6AE.e.6129","ELEMENT":"f.92142B0E1996143B500ED3F2A7F6BA2F.d.76BEAC841B8D0BE0ABB3F384C6CFF6AE.e.6129"}]}
COMMAND: GET /session/582ce5f850a124cd0c5f6fc14f02a0d2/screenshot - {}
RESULT: {}
COMMAND: POST /session/582ce5f850a124cd0c5f6fc14f02a0d2/execute/sync - {"script":"<script> [8489 bytes]","args":[{"element-6066-11e4-a52e-4f735466cecf":"f.92142B0E1996143B500ED3F2A7F6BA2F.d.76BEAC841B8D0BE0ABB3F384C6CFF6AE.e.6129","ELEMENT":"f.92142B0E1996143B500ED3F2A7F6BA2F.d.76BEAC841B8D0BE0ABB3F384C6CFF6AE.e.6129"}]}
RESULT: {"script":"<script> [8489 bytes]","args":[{"element-6066-11e4-a52e-4f735466cecf":"f.92142B0E1996143B500ED3F2A7F6BA2F.d.76BEAC841B8D0BE0ABB3F384C6CFF6AE.e.6129","ELEMENT":"f.92142B0E1996143B500ED3F2A7F6BA2F.d.76BEAC841B8D0BE0ABB3F384C6CFF6AE.e.6129"}]}
COMMAND: GET /session/582ce5f850a124cd0c5f6fc14f02a0d2/screenshot - {}
RESULT: {}
COMMAND: POST /session/582ce5f850a124cd0c5f6fc14f02a0d2/execute/sync - {"script":"<script> [8489 bytes]","args":[{"element-6066-11e4-a52e-4f735466cecf":"f.92142B0E1996143B500ED3F2A7F6BA2F.d.76BEAC841B8D0BE0ABB3F384C6CFF6AE.e.6129","ELEMENT":"f.92142B0E1996143B500ED3F2A7F6BA2F.d.76BEAC841B8D0BE0ABB3F384C6CFF6AE.e.6129"}]}
RESULT: {"script":"<script> [8489 bytes]","args":[{"element-6066-11e4-a52e-4f735466cecf":"f.92142B0E1996143B500ED3F2A7F6BA2F.d.76BEAC841B8D0BE0ABB3F384C6CFF6AE.e.6129","ELEMENT":"f.92142B0E1996143B500ED3F2A7F6BA2F.d.76BEAC841B8D0BE0ABB3F384C6CFF6AE.e.6129"}]}
COMMAND: GET /session/582ce5f850a124cd0c5f6fc14f02a0d2/screenshot - {}
RESULT: {}
COMMAND: POST /session/582ce5f850a124cd0c5f6fc14f02a0d2/execute/sync - {"script":"<script> [8489 bytes]","args":[{"element-6066-11e4-a52e-4f735466cecf":"f.92142B0E1996143B500ED3F2A7F6BA2F.d.76BEAC841B8D0BE0ABB3F384C6CFF6AE.e.6129","ELEMENT":"f.92142B0E1996143B500ED3F2A7F6BA2F.d.76BEAC841B8D0BE0ABB3F384C6CFF6AE.e.6129"}]}
RESULT: {"script":"<script> [8489 bytes]","args":[{"element-6066-11e4-a52e-4f735466cecf":"f.92142B0E1996143B500ED3F2A7F6BA2F.d.76BEAC841B8D0BE0ABB3F384C6CFF6AE.e.6129","ELEMENT":"f.92142B0E1996143B500ED3F2A7F6BA2F.d.76BEAC841B8D0BE0ABB3F384C6CFF6AE.e.6129"}]}
COMMAND: GET /session/582ce5f850a124cd0c5f6fc14f02a0d2/screenshot - {}
RESULT: {}
COMMAND: POST /session/582ce5f850a124cd0c5f6fc14f02a0d2/execute/sync - {"script":"<script> [8489 bytes]","args":[{"element-6066-11e4-a52e-4f735466cecf":"f.92142B0E1996143B500ED3F2A7F6BA2F.d.76BEAC841B8D0BE0ABB3F384C6CFF6AE.e.6129","ELEMENT":"f.92142B0E1996143B500ED3F2A7F6BA2F.d.76BEAC841B8D0BE0ABB3F384C6CFF6AE.e.6129"}]}
RESULT: {"script":"<script> [8489 bytes]","args":[{"element-6066-11e4-a52e-4f735466cecf":"f.92142B0E1996143B500ED3F2A7F6BA2F.d.76BEAC841B8D0BE0ABB3F384C6CFF6AE.e.6129","ELEMENT":"f.92142B0E1996143B500ED3F2A7F6BA2F.d.76BEAC841B8D0BE0ABB3F384C6CFF6AE.e.6129"}]}
COMMAND: GET /session/582ce5f850a124cd0c5f6fc14f02a0d2/screenshot - {}
RESULT: {}
COMMAND: POST /session/582ce5f850a124cd0c5f6fc14f02a0d2/execute/sync - {"script":"<script> [8489 bytes]","args":[{"element-6066-11e4-a52e-4f735466cecf":"f.92142B0E1996143B500ED3F2A7F6BA2F.d.76BEAC841B8D0BE0ABB3F384C6CFF6AE.e.6129","ELEMENT":"f.92142B0E1996143B500ED3F2A7F6BA2F.d.76BEAC841B8D0BE0ABB3F384C6CFF6AE.e.6129"}]}
RESULT: {"script":"<script> [8489 bytes]","args":[{"element-6066-11e4-a52e-4f735466cecf":"f.92142B0E1996143B500ED3F2A7F6BA2F.d.76BEAC841B8D0BE0ABB3F384C6CFF6AE.e.6129","ELEMENT":"f.92142B0E1996143B500ED3F2A7F6BA2F.d.76BEAC841B8D0BE0ABB3F384C6CFF6AE.e.6129"}]}
COMMAND: GET /session/582ce5f850a124cd0c5f6fc14f02a0d2/screenshot - {}
RESULT: {}
COMMAND: POST /session/582ce5f850a124cd0c5f6fc14f02a0d2/execute/sync - {"script":"<script> [8489 bytes]","args":[{"element-6066-11e4-a52e-4f735466cecf":"f.92142B0E1996143B500ED3F2A7F6BA2F.d.76BEAC841B8D0BE0ABB3F384C6CFF6AE.e.6129","ELEMENT":"f.92142B0E1996143B500ED3F2A7F6BA2F.d.76BEAC841B8D0BE0ABB3F384C6CFF6AE.e.6129"}]}
RESULT: {"script":"<script> [8489 bytes]","args":[{"element-6066-11e4-a52e-4f735466cecf":"f.92142B0E1996143B500ED3F2A7F6BA2F.d.76BEAC841B8D0BE0ABB3F384C6CFF6AE.e.6129","ELEMENT":"f.92142B0E1996143B500ED3F2A7F6BA2F.d.76BEAC841B8D0BE0ABB3F384C6CFF6AE.e.6129"}]}
COMMAND: GET /session/582ce5f850a124cd0c5f6fc14f02a0d2/screenshot - {}
RESULT: {}
COMMAND: POST /session/582ce5f850a124cd0c5f6fc14f02a0d2/execute/sync - {"script":"<script> [8489 bytes]","args":[{"element-6066-11e4-a52e-4f735466cecf":"f.92142B0E1996143B500ED3F2A7F6BA2F.d.76BEAC841B8D0BE0ABB3F384C6CFF6AE.e.6129","ELEMENT":"f.92142B0E1996143B500ED3F2A7F6BA2F.d.76BEAC841B8D0BE0ABB3F384C6CFF6AE.e.6129"}]}
RESULT: {"script":"<script> [8489 bytes]","args":[{"element-6066-11e4-a52e-4f735466cecf":"f.92142B0E1996143B500ED3F2A7F6BA2F.d.76BEAC841B8D0BE0ABB3F384C6CFF6AE.e.6129","ELEMENT":"f.92142B0E1996143B500ED3F2A7F6BA2F.d.76BEAC841B8D0BE0ABB3F384C6CFF6AE.e.6129"}]}
COMMAND: GET /session/582ce5f850a124cd0c5f6fc14f02a0d2/screenshot - {}
RESULT: {}
COMMAND: POST /session/582ce5f850a124cd0c5f6fc14f02a0d2/execute/sync - {"script":"<script> [8489 bytes]","args":[{"element-6066-11e4-a52e-4f735466cecf":"f.92142B0E1996143B500ED3F2A7F6BA2F.d.76BEAC841B8D0BE0ABB3F384C6CFF6AE.e.6129","ELEMENT":"f.92142B0E1996143B500ED3F2A7F6BA2F.d.76BEAC841B8D0BE0ABB3F384C6CFF6AE.e.6129"}]}
RESULT: {"script":"<script> [8489 bytes]","args":[{"element-6066-11e4-a52e-4f735466cecf":"f.92142B0E1996143B500ED3F2A7F6BA2F.d.76BEAC841B8D0BE0ABB3F384C6CFF6AE.e.6129","ELEMENT":"f.92142B0E1996143B500ED3F2A7F6BA2F.d.76BEAC841B8D0BE0ABB3F384C6CFF6AE.e.6129"}]}
COMMAND: GET /session/582ce5f850a124cd0c5f6fc14f02a0d2/screenshot - {}
RESULT: {}
COMMAND: POST /session/582ce5f850a124cd0c5f6fc14f02a0d2/execute/sync - {"script":"<script> [8489 bytes]","args":[{"element-6066-11e4-a52e-4f735466cecf":"f.92142B0E1996143B500ED3F2A7F6BA2F.d.76BEAC841B8D0BE0ABB3F384C6CFF6AE.e.6129","ELEMENT":"f.92142B0E1996143B500ED3F2A7F6BA2F.d.76BEAC841B8D0BE0ABB3F384C6CFF6AE.e.6129"}]}
RESULT: {"script":"<script> [8489 bytes]","args":[{"element-6066-11e4-a52e-4f735466cecf":"f.92142B0E1996143B500ED3F2A7F6BA2F.d.76BEAC841B8D0BE0ABB3F384C6CFF6AE.e.6129","ELEMENT":"f.92142B0E1996143B500ED3F2A7F6BA2F.d.76BEAC841B8D0BE0ABB3F384C6CFF6AE.e.6129"}]}
COMMAND: GET /session/582ce5f850a124cd0c5f6fc14f02a0d2/screenshot - {}
RESULT: {}
COMMAND: POST /session/582ce5f850a124cd0c5f6fc14f02a0d2/execute/sync - {"script":"<script> [8489 bytes]","args":[{"element-6066-11e4-a52e-4f735466cecf":"f.92142B0E1996143B500ED3F2A7F6BA2F.d.76BEAC841B8D0BE0ABB3F384C6CFF6AE.e.6129","ELEMENT":"f.92142B0E1996143B500ED3F2A7F6BA2F.d.76BEAC841B8D0BE0ABB3F384C6CFF6AE.e.6129"}]}
RESULT: {"script":"<script> [8489 bytes]","args":[{"element-6066-11e4-a52e-4f735466cecf":"f.92142B0E1996143B500ED3F2A7F6BA2F.d.76BEAC841B8D0BE0ABB3F384C6CFF6AE.e.6129","ELEMENT":"f.92142B0E1996143B500ED3F2A7F6BA2F.d.76BEAC841B8D0BE0ABB3F384C6CFF6AE.e.6129"}]}
COMMAND: GET /session/582ce5f850a124cd0c5f6fc14f02a0d2/screenshot - {}
RESULT: {}
COMMAND: POST /session/582ce5f850a124cd0c5f6fc14f02a0d2/execute/sync - {"script":"<script> [8489 bytes]","args":[{"element-6066-11e4-a52e-4f735466cecf":"f.92142B0E1996143B500ED3F2A7F6BA2F.d.76BEAC841B8D0BE0ABB3F384C6CFF6AE.e.6129","ELEMENT":"f.92142B0E1996143B500ED3F2A7F6BA2F.d.76BEAC841B8D0BE0ABB3F384C6CFF6AE.e.6129"}]}
RESULT: {"script":"<script> [8489 bytes]","args":[{"element-6066-11e4-a52e-4f735466cecf":"f.92142B0E1996143B500ED3F2A7F6BA2F.d.76BEAC841B8D0BE0ABB3F384C6CFF6AE.e.6129","ELEMENT":"f.92142B0E1996143B500ED3F2A7F6BA2F.d.76BEAC841B8D0BE0ABB3F384C6CFF6AE.e.6129"}]}
COMMAND: GET /session/582ce5f850a124cd0c5f6fc14f02a0d2/screenshot - {}
RESULT: {}
COMMAND: POST /session/582ce5f850a124cd0c5f6fc14f02a0d2/execute/sync - {"script":"<script> [8489 bytes]","args":[{"element-6066-11e4-a52e-4f735466cecf":"f.92142B0E1996143B500ED3F2A7F6BA2F.d.76BEAC841B8D0BE0ABB3F384C6CFF6AE.e.6129","ELEMENT":"f.92142B0E1996143B500ED3F2A7F6BA2F.d.76BEAC841B8D0BE0ABB3F384C6CFF6AE.e.6129"}]}
RESULT: {"script":"<script> [8489 bytes]","args":[{"element-6066-11e4-a52e-4f735466cecf":"f.92142B0E1996143B500ED3F2A7F6BA2F.d.76BEAC841B8D0BE0ABB3F384C6CFF6AE.e.6129","ELEMENT":"f.92142B0E1996143B500ED3F2A7F6BA2F.d.76BEAC841B8D0BE0ABB3F384C6CFF6AE.e.6129"}]}
COMMAND: GET /session/582ce5f850a124cd0c5f6fc14f02a0d2/screenshot - {}
RESULT: {}
COMMAND: POST /session/582ce5f850a124cd0c5f6fc14f02a0d2/execute/sync - {"script":"<script> [8489 bytes]","args":[{"element-6066-11e4-a52e-4f735466cecf":"f.92142B0E1996143B500ED3F2A7F6BA2F.d.76BEAC841B8D0BE0ABB3F384C6CFF6AE.e.6129","ELEMENT":"f.92142B0E1996143B500ED3F2A7F6BA2F.d.76BEAC841B8D0BE0ABB3F384C6CFF6AE.e.6129"}]}
RESULT: {"script":"<script> [8489 bytes]","args":[{"element-6066-11e4-a52e-4f735466cecf":"f.92142B0E1996143B500ED3F2A7F6BA2F.d.76BEAC841B8D0BE0ABB3F384C6CFF6AE.e.6129","ELEMENT":"f.92142B0E1996143B500ED3F2A7F6BA2F.d.76BEAC841B8D0BE0ABB3F384C6CFF6AE.e.6129"}]}
COMMAND: GET /session/582ce5f850a124cd0c5f6fc14f02a0d2/screenshot - {}
RESULT: {}
COMMAND: POST /session/582ce5f850a124cd0c5f6fc14f02a0d2/execute/sync - {"script":"<script> [8489 bytes]","args":[{"element-6066-11e4-a52e-4f735466cecf":"f.92142B0E1996143B500ED3F2A7F6BA2F.d.76BEAC841B8D0BE0ABB3F384C6CFF6AE.e.6129","ELEMENT":"f.92142B0E1996143B500ED3F2A7F6BA2F.d.76BEAC841B8D0BE0ABB3F384C6CFF6AE.e.6129"}]}
RESULT: {"script":"<script> [8489 bytes]","args":[{"element-6066-11e4-a52e-4f735466cecf":"f.92142B0E1996143B500ED3F2A7F6BA2F.d.76BEAC841B8D0BE0ABB3F384C6CFF6AE.e.6129","ELEMENT":"f.92142B0E1996143B500ED3F2A7F6BA2F.d.76BEAC841B8D0BE0ABB3F384C6CFF6AE.e.6129"}]}
COMMAND: GET /session/582ce5f850a124cd0c5f6fc14f02a0d2/screenshot - {}
RESULT: {}
COMMAND: POST /session/582ce5f850a124cd0c5f6fc14f02a0d2/execute/sync - {"script":"<script> [8489 bytes]","args":[{"element-6066-11e4-a52e-4f735466cecf":"f.92142B0E1996143B500ED3F2A7F6BA2F.d.76BEAC841B8D0BE0ABB3F384C6CFF6AE.e.6129","ELEMENT":"f.92142B0E1996143B500ED3F2A7F6BA2F.d.76BEAC841B8D0BE0ABB3F384C6CFF6AE.e.6129"}]}
RESULT: {"script":"<script> [8489 bytes]","args":[{"element-6066-11e4-a52e-4f735466cecf":"f.92142B0E1996143B500ED3F2A7F6BA2F.d.76BEAC841B8D0BE0ABB3F384C6CFF6AE.e.6129","ELEMENT":"f.92142B0E1996143B500ED3F2A7F6BA2F.d.76BEAC841B8D0BE0ABB3F384C6CFF6AE.e.6129"}]}
COMMAND: GET /session/582ce5f850a124cd0c5f6fc14f02a0d2/screenshot - {}
RESULT: {}
COMMAND: POST /session/582ce5f850a124cd0c5f6fc14f02a0d2/execute/sync - {"script":"<script> [8489 bytes]","args":[{"element-6066-11e4-a52e-4f735466cecf":"f.92142B0E1996143B500ED3F2A7F6BA2F.d.76BEAC841B8D0BE0ABB3F384C6CFF6AE.e.6129","ELEMENT":"f.92142B0E1996143B500ED3F2A7F6BA2F.d.76BEAC841B8D0BE0ABB3F384C6CFF6AE.e.6129"}]}
RESULT: {"script":"<script> [8489 bytes]","args":[{"element-6066-11e4-a52e-4f735466cecf":"f.92142B0E1996143B500ED3F2A7F6BA2F.d.76BEAC841B8D0BE0ABB3F384C6CFF6AE.e.6129","ELEMENT":"f.92142B0E1996143B500ED3F2A7F6BA2F.d.76BEAC841B8D0BE0ABB3F384C6CFF6AE.e.6129"}]}
COMMAND: GET /session/582ce5f850a124cd0c5f6fc14f02a0d2/screenshot - {}
RESULT: {}
COMMAND: POST /session/582ce5f850a124cd0c5f6fc14f02a0d2/execute/sync - {"script":"<script> [8489 bytes]","args":[{"element-6066-11e4-a52e-4f735466cecf":"f.92142B0E1996143B500ED3F2A7F6BA2F.d.76BEAC841B8D0BE0ABB3F384C6CFF6AE.e.6129","ELEMENT":"f.92142B0E1996143B500ED3F2A7F6BA2F.d.76BEAC841B8D0BE0ABB3F384C6CFF6AE.e.6129"}]}
RESULT: {"script":"<script> [8489 bytes]","args":[{"element-6066-11e4-a52e-4f735466cecf":"f.92142B0E1996143B500ED3F2A7F6BA2F.d.76BEAC841B8D0BE0ABB3F384C6CFF6AE.e.6129","ELEMENT":"f.92142B0E1996143B500ED3F2A7F6BA2F.d.76BEAC841B8D0BE0ABB3F384C6CFF6AE.e.6129"}]}
COMMAND: GET /session/582ce5f850a124cd0c5f6fc14f02a0d2/screenshot - {}
COMMAND: POST /session/582ce5f850a124cd0c5f6fc14f02a0d2/execute/sync - {"script":"<script> [8489 bytes]","args":[{"element-6066-11e4-a52e-4f735466cecf":"f.92142B0E1996143B500ED3F2A7F6BA2F.d.76BEAC841B8D0BE0ABB3F384C6CFF6AE.e.6129","ELEMENT":"f.92142B0E1996143B500ED3F2A7F6BA2F.d.76BEAC841B8D0BE0ABB3F384C6CFF6AE.e.6129"}]}
RESULT: {}
RESULT: {"script":"<script> [8489 bytes]","args":[{"element-6066-11e4-a52e-4f735466cecf":"f.92142B0E1996143B500ED3F2A7F6BA2F.d.76BEAC841B8D0BE0ABB3F384C6CFF6AE.e.6129","ELEMENT":"f.92142B0E1996143B500ED3F2A7F6BA2F.d.76BEAC841B8D0BE0ABB3F384C6CFF6AE.e.6129"}]}
COMMAND: GET /session/582ce5f850a124cd0c5f6fc14f02a0d2/screenshot - {}
RESULT: {}
COMMAND: POST /session/582ce5f850a124cd0c5f6fc14f02a0d2/execute/sync - {"script":"<script> [8489 bytes]","args":[{"element-6066-11e4-a52e-4f735466cecf":"f.92142B0E1996143B500ED3F2A7F6BA2F.d.76BEAC841B8D0BE0ABB3F384C6CFF6AE.e.6129","ELEMENT":"f.92142B0E1996143B500ED3F2A7F6BA2F.d.76BEAC841B8D0BE0ABB3F384C6CFF6AE.e.6129"}]}
RESULT: {"script":"<script> [8489 bytes]","args":[{"element-6066-11e4-a52e-4f735466cecf":"f.92142B0E1996143B500ED3F2A7F6BA2F.d.76BEAC841B8D0BE0ABB3F384C6CFF6AE.e.6129","ELEMENT":"f.92142B0E1996143B500ED3F2A7F6BA2F.d.76BEAC841B8D0BE0ABB3F384C6CFF6AE.e.6129"}]}
COMMAND: GET /session/582ce5f850a124cd0c5f6fc14f02a0d2/screenshot - {}
RESULT: {}
COMMAND: POST /session/582ce5f850a124cd0c5f6fc14f02a0d2/execute/sync - {"script":"<script> [8489 bytes]","args":[{"element-6066-11e4-a52e-4f735466cecf":"f.92142B0E1996143B500ED3F2A7F6BA2F.d.76BEAC841B8D0BE0ABB3F384C6CFF6AE.e.6129","ELEMENT":"f.92142B0E1996143B500ED3F2A7F6BA2F.d.76BEAC841B8D0BE0ABB3F384C6CFF6AE.e.6129"}]}
RESULT: {"script":"<script> [8489 bytes]","args":[{"element-6066-11e4-a52e-4f735466cecf":"f.92142B0E1996143B500ED3F2A7F6BA2F.d.76BEAC841B8D0BE0ABB3F384C6CFF6AE.e.6129","ELEMENT":"f.92142B0E1996143B500ED3F2A7F6BA2F.d.76BEAC841B8D0BE0ABB3F384C6CFF6AE.e.6129"}]}
COMMAND: GET /session/582ce5f850a124cd0c5f6fc14f02a0d2/screenshot - {}
RESULT: {}
COMMAND: POST /session/582ce5f850a124cd0c5f6fc14f02a0d2/execute/sync - {"script":"<script> [8489 bytes]","args":[{"element-6066-11e4-a52e-4f735466cecf":"f.92142B0E1996143B500ED3F2A7F6BA2F.d.76BEAC841B8D0BE0ABB3F384C6CFF6AE.e.6129","ELEMENT":"f.92142B0E1996143B500ED3F2A7F6BA2F.d.76BEAC841B8D0BE0ABB3F384C6CFF6AE.e.6129"}]}
RESULT: {"script":"<script> [8489 bytes]","args":[{"element-6066-11e4-a52e-4f735466cecf":"f.92142B0E1996143B500ED3F2A7F6BA2F.d.76BEAC841B8D0BE0ABB3F384C6CFF6AE.e.6129","ELEMENT":"f.92142B0E1996143B500ED3F2A7F6BA2F.d.76BEAC841B8D0BE0ABB3F384C6CFF6AE.e.6129"}]}
COMMAND: GET /session/582ce5f850a124cd0c5f6fc14f02a0d2/screenshot - {}
RESULT: {}
COMMAND: POST /session/582ce5f850a124cd0c5f6fc14f02a0d2/execute/sync - {"script":"<script> [8489 bytes]","args":[{"element-6066-11e4-a52e-4f735466cecf":"f.92142B0E1996143B500ED3F2A7F6BA2F.d.76BEAC841B8D0BE0ABB3F384C6CFF6AE.e.6129","ELEMENT":"f.92142B0E1996143B500ED3F2A7F6BA2F.d.76BEAC841B8D0BE0ABB3F384C6CFF6AE.e.6129"}]}
RESULT: {"script":"<script> [8489 bytes]","args":[{"element-6066-11e4-a52e-4f735466cecf":"f.92142B0E1996143B500ED3F2A7F6BA2F.d.76BEAC841B8D0BE0ABB3F384C6CFF6AE.e.6129","ELEMENT":"f.92142B0E1996143B500ED3F2A7F6BA2F.d.76BEAC841B8D0BE0ABB3F384C6CFF6AE.e.6129"}]}
COMMAND: GET /session/582ce5f850a124cd0c5f6fc14f02a0d2/screenshot - {}
RESULT: {}
COMMAND: POST /session/582ce5f850a124cd0c5f6fc14f02a0d2/execute/sync - {"script":"<script> [8489 bytes]","args":[{"element-6066-11e4-a52e-4f735466cecf":"f.92142B0E1996143B500ED3F2A7F6BA2F.d.76BEAC841B8D0BE0ABB3F384C6CFF6AE.e.6129","ELEMENT":"f.92142B0E1996143B500ED3F2A7F6BA2F.d.76BEAC841B8D0BE0ABB3F384C6CFF6AE.e.6129"}]}
RESULT: {"script":"<script> [8489 bytes]","args":[{"element-6066-11e4-a52e-4f735466cecf":"f.92142B0E1996143B500ED3F2A7F6BA2F.d.76BEAC841B8D0BE0ABB3F384C6CFF6AE.e.6129","ELEMENT":"f.92142B0E1996143B500ED3F2A7F6BA2F.d.76BEAC841B8D0BE0ABB3F384C6CFF6AE.e.6129"}]}
COMMAND: GET /session/582ce5f850a124cd0c5f6fc14f02a0d2/screenshot - {}
RESULT: {}
COMMAND: POST /session/582ce5f850a124cd0c5f6fc14f02a0d2/execute/sync - {"script":"<script> [8489 bytes]","args":[{"element-6066-11e4-a52e-4f735466cecf":"f.92142B0E1996143B500ED3F2A7F6BA2F.d.76BEAC841B8D0BE0ABB3F384C6CFF6AE.e.6129","ELEMENT":"f.92142B0E1996143B500ED3F2A7F6BA2F.d.76BEAC841B8D0BE0ABB3F384C6CFF6AE.e.6129"}]}
RESULT: {"script":"<script> [8489 bytes]","args":[{"element-6066-11e4-a52e-4f735466cecf":"f.92142B0E1996143B500ED3F2A7F6BA2F.d.76BEAC841B8D0BE0ABB3F384C6CFF6AE.e.6129","ELEMENT":"f.92142B0E1996143B500ED3F2A7F6BA2F.d.76BEAC841B8D0BE0ABB3F384C6CFF6AE.e.6129"}]}
COMMAND: GET /session/582ce5f850a124cd0c5f6fc14f02a0d2/screenshot - {}
RESULT: {}
COMMAND: POST /session/582ce5f850a124cd0c5f6fc14f02a0d2/execute/sync - {"script":"<script> [8489 bytes]","args":[{"element-6066-11e4-a52e-4f735466cecf":"f.92142B0E1996143B500ED3F2A7F6BA2F.d.76BEAC841B8D0BE0ABB3F384C6CFF6AE.e.6129","ELEMENT":"f.92142B0E1996143B500ED3F2A7F6BA2F.d.76BEAC841B8D0BE0ABB3F384C6CFF6AE.e.6129"}]}
RESULT: {"script":"<script> [8489 bytes]","args":[{"element-6066-11e4-a52e-4f735466cecf":"f.92142B0E1996143B500ED3F2A7F6BA2F.d.76BEAC841B8D0BE0ABB3F384C6CFF6AE.e.6129","ELEMENT":"f.92142B0E1996143B500ED3F2A7F6BA2F.d.76BEAC841B8D0BE0ABB3F384C6CFF6AE.e.6129"}]}
COMMAND: GET /session/582ce5f850a124cd0c5f6fc14f02a0d2/screenshot - {}
RESULT: {}
COMMAND: POST /session/582ce5f850a124cd0c5f6fc14f02a0d2/execute/sync - {"script":"<script> [8489 bytes]","args":[{"element-6066-11e4-a52e-4f735466cecf":"f.92142B0E1996143B500ED3F2A7F6BA2F.d.76BEAC841B8D0BE0ABB3F384C6CFF6AE.e.6129","ELEMENT":"f.92142B0E1996143B500ED3F2A7F6BA2F.d.76BEAC841B8D0BE0ABB3F384C6CFF6AE.e.6129"}]}
RESULT: {"script":"<script> [8489 bytes]","args":[{"element-6066-11e4-a52e-4f735466cecf":"f.92142B0E1996143B500ED3F2A7F6BA2F.d.76BEAC841B8D0BE0ABB3F384C6CFF6AE.e.6129","ELEMENT":"f.92142B0E1996143B500ED3F2A7F6BA2F.d.76BEAC841B8D0BE0ABB3F384C6CFF6AE.e.6129"}]}
COMMAND: GET /session/582ce5f850a124cd0c5f6fc14f02a0d2/screenshot - {}
RESULT: {}
COMMAND: POST /session/582ce5f850a124cd0c5f6fc14f02a0d2/execute/sync - {"script":"<script> [8489 bytes]","args":[{"element-6066-11e4-a52e-4f735466cecf":"f.92142B0E1996143B500ED3F2A7F6BA2F.d.76BEAC841B8D0BE0ABB3F384C6CFF6AE.e.6129","ELEMENT":"f.92142B0E1996143B500ED3F2A7F6BA2F.d.76BEAC841B8D0BE0ABB3F384C6CFF6AE.e.6129"}]}
RESULT: {"script":"<script> [8489 bytes]","args":[{"element-6066-11e4-a52e-4f735466cecf":"f.92142B0E1996143B500ED3F2A7F6BA2F.d.76BEAC841B8D0BE0ABB3F384C6CFF6AE.e.6129","ELEMENT":"f.92142B0E1996143B500ED3F2A7F6BA2F.d.76BEAC841B8D0BE0ABB3F384C6CFF6AE.e.6129"}]}
COMMAND: GET /session/582ce5f850a124cd0c5f6fc14f02a0d2/screenshot - {}
RESULT: {}
COMMAND: POST /session/582ce5f850a124cd0c5f6fc14f02a0d2/execute/sync - {"script":"<script> [8489 bytes]","args":[{"element-6066-11e4-a52e-4f735466cecf":"f.92142B0E1996143B500ED3F2A7F6BA2F.d.76BEAC841B8D0BE0ABB3F384C6CFF6AE.e.6129","ELEMENT":"f.92142B0E1996143B500ED3F2A7F6BA2F.d.76BEAC841B8D0BE0ABB3F384C6CFF6AE.e.6129"}]}
RESULT: {"script":"<script> [8489 bytes]","args":[{"element-6066-11e4-a52e-4f735466cecf":"f.92142B0E1996143B500ED3F2A7F6BA2F.d.76BEAC841B8D0BE0ABB3F384C6CFF6AE.e.6129","ELEMENT":"f.92142B0E1996143B500ED3F2A7F6BA2F.d.76BEAC841B8D0BE0ABB3F384C6CFF6AE.e.6129"}]}
COMMAND: GET /session/582ce5f850a124cd0c5f6fc14f02a0d2/screenshot - {}
RESULT: {}
COMMAND: POST /session/582ce5f850a124cd0c5f6fc14f02a0d2/execute/sync - {"script":"<script> [8489 bytes]","args":[{"element-6066-11e4-a52e-4f735466cecf":"f.92142B0E1996143B500ED3F2A7F6BA2F.d.76BEAC841B8D0BE0ABB3F384C6CFF6AE.e.6129","ELEMENT":"f.92142B0E1996143B500ED3F2A7F6BA2F.d.76BEAC841B8D0BE0ABB3F384C6CFF6AE.e.6129"}]}
RESULT: {"script":"<script> [8489 bytes]","args":[{"element-6066-11e4-a52e-4f735466cecf":"f.92142B0E1996143B500ED3F2A7F6BA2F.d.76BEAC841B8D0BE0ABB3F384C6CFF6AE.e.6129","ELEMENT":"f.92142B0E1996143B500ED3F2A7F6BA2F.d.76BEAC841B8D0BE0ABB3F384C6CFF6AE.e.6129"}]}
COMMAND: GET /session/582ce5f850a124cd0c5f6fc14f02a0d2/screenshot - {}
RESULT: {}
COMMAND: POST /session/582ce5f850a124cd0c5f6fc14f02a0d2/execute/sync - {"script":"<script> [8489 bytes]","args":[{"element-6066-11e4-a52e-4f735466cecf":"f.92142B0E1996143B500ED3F2A7F6BA2F.d.76BEAC841B8D0BE0ABB3F384C6CFF6AE.e.6129","ELEMENT":"f.92142B0E1996143B500ED3F2A7F6BA2F.d.76BEAC841B8D0BE0ABB3F384C6CFF6AE.e.6129"}]}
RESULT: {"script":"<script> [8489 bytes]","args":[{"element-6066-11e4-a52e-4f735466cecf":"f.92142B0E1996143B500ED3F2A7F6BA2F.d.76BEAC841B8D0BE0ABB3F384C6CFF6AE.e.6129","ELEMENT":"f.92142B0E1996143B500ED3F2A7F6BA2F.d.76BEAC841B8D0BE0ABB3F384C6CFF6AE.e.6129"}]}
COMMAND: GET /session/582ce5f850a124cd0c5f6fc14f02a0d2/screenshot - {}
RESULT: {}
COMMAND: POST /session/582ce5f850a124cd0c5f6fc14f02a0d2/execute/sync - {"script":"<script> [8489 bytes]","args":[{"element-6066-11e4-a52e-4f735466cecf":"f.92142B0E1996143B500ED3F2A7F6BA2F.d.76BEAC841B8D0BE0ABB3F384C6CFF6AE.e.6129","ELEMENT":"f.92142B0E1996143B500ED3F2A7F6BA2F.d.76BEAC841B8D0BE0ABB3F384C6CFF6AE.e.6129"}]}
RESULT: {"script":"<script> [8489 bytes]","args":[{"element-6066-11e4-a52e-4f735466cecf":"f.92142B0E1996143B500ED3F2A7F6BA2F.d.76BEAC841B8D0BE0ABB3F384C6CFF6AE.e.6129","ELEMENT":"f.92142B0E1996143B500ED3F2A7F6BA2F.d.76BEAC841B8D0BE0ABB3F384C6CFF6AE.e.6129"}]}
COMMAND: GET /session/582ce5f850a124cd0c5f6fc14f02a0d2/screenshot - {}
RESULT: {}
COMMAND: POST /session/582ce5f850a124cd0c5f6fc14f02a0d2/execute/sync - {"script":"<script> [8489 bytes]","args":[{"element-6066-11e4-a52e-4f735466cecf":"f.92142B0E1996143B500ED3F2A7F6BA2F.d.76BEAC841B8D0BE0ABB3F384C6CFF6AE.e.6129","ELEMENT":"f.92142B0E1996143B500ED3F2A7F6BA2F.d.76BEAC841B8D0BE0ABB3F384C6CFF6AE.e.6129"}]}
RESULT: {"script":"<script> [8489 bytes]","args":[{"element-6066-11e4-a52e-4f735466cecf":"f.92142B0E1996143B500ED3F2A7F6BA2F.d.76BEAC841B8D0BE0ABB3F384C6CFF6AE.e.6129","ELEMENT":"f.92142B0E1996143B500ED3F2A7F6BA2F.d.76BEAC841B8D0BE0ABB3F384C6CFF6AE.e.6129"}]}
COMMAND: GET /session/582ce5f850a124cd0c5f6fc14f02a0d2/screenshot - {}
RESULT: {}
COMMAND: POST /session/582ce5f850a124cd0c5f6fc14f02a0d2/execute/sync - {"script":"<script> [8489 bytes]","args":[{"element-6066-11e4-a52e-4f735466cecf":"f.92142B0E1996143B500ED3F2A7F6BA2F.d.76BEAC841B8D0BE0ABB3F384C6CFF6AE.e.6129","ELEMENT":"f.92142B0E1996143B500ED3F2A7F6BA2F.d.76BEAC841B8D0BE0ABB3F384C6CFF6AE.e.6129"}]}
RESULT: {"script":"<script> [8489 bytes]","args":[{"element-6066-11e4-a52e-4f735466cecf":"f.92142B0E1996143B500ED3F2A7F6BA2F.d.76BEAC841B8D0BE0ABB3F384C6CFF6AE.e.6129","ELEMENT":"f.92142B0E1996143B500ED3F2A7F6BA2F.d.76BEAC841B8D0BE0ABB3F384C6CFF6AE.e.6129"}]}
COMMAND: GET /session/582ce5f850a124cd0c5f6fc14f02a0d2/screenshot - {}
COMMAND: POST /session/582ce5f850a124cd0c5f6fc14f02a0d2/execute/sync - {"script":"<script> [8489 bytes]","args":[{"element-6066-11e4-a52e-4f735466cecf":"f.92142B0E1996143B500ED3F2A7F6BA2F.d.76BEAC841B8D0BE0ABB3F384C6CFF6AE.e.6129","ELEMENT":"f.92142B0E1996143B500ED3F2A7F6BA2F.d.76BEAC841B8D0BE0ABB3F384C6CFF6AE.e.6129"}]}
RESULT: {}
RESULT: {"script":"<script> [8489 bytes]","args":[{"element-6066-11e4-a52e-4f735466cecf":"f.92142B0E1996143B500ED3F2A7F6BA2F.d.76BEAC841B8D0BE0ABB3F384C6CFF6AE.e.6129","ELEMENT":"f.92142B0E1996143B500ED3F2A7F6BA2F.d.76BEAC841B8D0BE0ABB3F384C6CFF6AE.e.6129"}]}
COMMAND: GET /session/582ce5f850a124cd0c5f6fc14f02a0d2/screenshot - {}
RESULT: {}
COMMAND: POST /session/582ce5f850a124cd0c5f6fc14f02a0d2/execute/sync - {"script":"<script> [8489 bytes]","args":[{"element-6066-11e4-a52e-4f735466cecf":"f.92142B0E1996143B500ED3F2A7F6BA2F.d.76BEAC841B8D0BE0ABB3F384C6CFF6AE.e.6129","ELEMENT":"f.92142B0E1996143B500ED3F2A7F6BA2F.d.76BEAC841B8D0BE0ABB3F384C6CFF6AE.e.6129"}]}
RESULT: {"script":"<script> [8489 bytes]","args":[{"element-6066-11e4-a52e-4f735466cecf":"f.92142B0E1996143B500ED3F2A7F6BA2F.d.76BEAC841B8D0BE0ABB3F384C6CFF6AE.e.6129","ELEMENT":"f.92142B0E1996143B500ED3F2A7F6BA2F.d.76BEAC841B8D0BE0ABB3F384C6CFF6AE.e.6129"}]}
COMMAND: GET /session/582ce5f850a124cd0c5f6fc14f02a0d2/screenshot - {}
RESULT: {}
COMMAND: POST /session/582ce5f850a124cd0c5f6fc14f02a0d2/execute/sync - {"script":"<script> [8489 bytes]","args":[{"element-6066-11e4-a52e-4f735466cecf":"f.92142B0E1996143B500ED3F2A7F6BA2F.d.76BEAC841B8D0BE0ABB3F384C6CFF6AE.e.6129","ELEMENT":"f.92142B0E1996143B500ED3F2A7F6BA2F.d.76BEAC841B8D0BE0ABB3F384C6CFF6AE.e.6129"}]}
RESULT: {"script":"<script> [8489 bytes]","args":[{"element-6066-11e4-a52e-4f735466cecf":"f.92142B0E1996143B500ED3F2A7F6BA2F.d.76BEAC841B8D0BE0ABB3F384C6CFF6AE.e.6129","ELEMENT":"f.92142B0E1996143B500ED3F2A7F6BA2F.d.76BEAC841B8D0BE0ABB3F384C6CFF6AE.e.6129"}]}
COMMAND: GET /session/582ce5f850a124cd0c5f6fc14f02a0d2/screenshot - {}
RESULT: {}
COMMAND: POST /session/582ce5f850a124cd0c5f6fc14f02a0d2/execute/sync - {"script":"<script> [8489 bytes]","args":[{"element-6066-11e4-a52e-4f735466cecf":"f.92142B0E1996143B500ED3F2A7F6BA2F.d.76BEAC841B8D0BE0ABB3F384C6CFF6AE.e.6129","ELEMENT":"f.92142B0E1996143B500ED3F2A7F6BA2F.d.76BEAC841B8D0BE0ABB3F384C6CFF6AE.e.6129"}]}
RESULT: {"script":"<script> [8489 bytes]","args":[{"element-6066-11e4-a52e-4f735466cecf":"f.92142B0E1996143B500ED3F2A7F6BA2F.d.76BEAC841B8D0BE0ABB3F384C6CFF6AE.e.6129","ELEMENT":"f.92142B0E1996143B500ED3F2A7F6BA2F.d.76BEAC841B8D0BE0ABB3F384C6CFF6AE.e.6129"}]}
COMMAND: GET /session/582ce5f850a124cd0c5f6fc14f02a0d2/screenshot - {}
RESULT: {}
COMMAND: POST /session/582ce5f850a124cd0c5f6fc14f02a0d2/execute/sync - {"script":"<script> [8489 bytes]","args":[{"element-6066-11e4-a52e-4f735466cecf":"f.92142B0E1996143B500ED3F2A7F6BA2F.d.76BEAC841B8D0BE0ABB3F384C6CFF6AE.e.6129","ELEMENT":"f.92142B0E1996143B500ED3F2A7F6BA2F.d.76BEAC841B8D0BE0ABB3F384C6CFF6AE.e.6129"}]}
RESULT: {"script":"<script> [8489 bytes]","args":[{"element-6066-11e4-a52e-4f735466cecf":"f.92142B0E1996143B500ED3F2A7F6BA2F.d.76BEAC841B8D0BE0ABB3F384C6CFF6AE.e.6129","ELEMENT":"f.92142B0E1996143B500ED3F2A7F6BA2F.d.76BEAC841B8D0BE0ABB3F384C6CFF6AE.e.6129"}]}
COMMAND: GET /session/582ce5f850a124cd0c5f6fc14f02a0d2/screenshot - {}
RESULT: {}
COMMAND: POST /session/582ce5f850a124cd0c5f6fc14f02a0d2/execute/sync - {"script":"<script> [8489 bytes]","args":[{"element-6066-11e4-a52e-4f735466cecf":"f.92142B0E1996143B500ED3F2A7F6BA2F.d.76BEAC841B8D0BE0ABB3F384C6CFF6AE.e.6129","ELEMENT":"f.92142B0E1996143B500ED3F2A7F6BA2F.d.76BEAC841B8D0BE0ABB3F384C6CFF6AE.e.6129"}]}
RESULT: {"script":"<script> [8489 bytes]","args":[{"element-6066-11e4-a52e-4f735466cecf":"f.92142B0E1996143B500ED3F2A7F6BA2F.d.76BEAC841B8D0BE0ABB3F384C6CFF6AE.e.6129","ELEMENT":"f.92142B0E1996143B500ED3F2A7F6BA2F.d.76BEAC841B8D0BE0ABB3F384C6CFF6AE.e.6129"}]}
COMMAND: GET /session/582ce5f850a124cd0c5f6fc14f02a0d2/screenshot - {}
RESULT: {}
COMMAND: POST /session/582ce5f850a124cd0c5f6fc14f02a0d2/execute/sync - {"script":"<script> [8489 bytes]","args":[{"element-6066-11e4-a52e-4f735466cecf":"f.92142B0E1996143B500ED3F2A7F6BA2F.d.76BEAC841B8D0BE0ABB3F384C6CFF6AE.e.6129","ELEMENT":"f.92142B0E1996143B500ED3F2A7F6BA2F.d.76BEAC841B8D0BE0ABB3F384C6CFF6AE.e.6129"}]}
RESULT: {"script":"<script> [8489 bytes]","args":[{"element-6066-11e4-a52e-4f735466cecf":"f.92142B0E1996143B500ED3F2A7F6BA2F.d.76BEAC841B8D0BE0ABB3F384C6CFF6AE.e.6129","ELEMENT":"f.92142B0E1996143B500ED3F2A7F6BA2F.d.76BEAC841B8D0BE0ABB3F384C6CFF6AE.e.6129"}]}
COMMAND: GET /session/582ce5f850a124cd0c5f6fc14f02a0d2/screenshot - {}
RESULT: {}
COMMAND: POST /session/582ce5f850a124cd0c5f6fc14f02a0d2/execute/sync - {"script":"<script> [8489 bytes]","args":[{"element-6066-11e4-a52e-4f735466cecf":"f.92142B0E1996143B500ED3F2A7F6BA2F.d.76BEAC841B8D0BE0ABB3F384C6CFF6AE.e.6129","ELEMENT":"f.92142B0E1996143B500ED3F2A7F6BA2F.d.76BEAC841B8D0BE0ABB3F384C6CFF6AE.e.6129"}]}
RESULT: {"script":"<script> [8489 bytes]","args":[{"element-6066-11e4-a52e-4f735466cecf":"f.92142B0E1996143B500ED3F2A7F6BA2F.d.76BEAC841B8D0BE0ABB3F384C6CFF6AE.e.6129","ELEMENT":"f.92142B0E1996143B500ED3F2A7F6BA2F.d.76BEAC841B8D0BE0ABB3F384C6CFF6AE.e.6129"}]}
COMMAND: GET /session/582ce5f850a124cd0c5f6fc14f02a0d2/screenshot - {}
RESULT: {}
COMMAND: POST /session/582ce5f850a124cd0c5f6fc14f02a0d2/execute/sync - {"script":"<script> [8489 bytes]","args":[{"element-6066-11e4-a52e-4f735466cecf":"f.92142B0E1996143B500ED3F2A7F6BA2F.d.76BEAC841B8D0BE0ABB3F384C6CFF6AE.e.6129","ELEMENT":"f.92142B0E1996143B500ED3F2A7F6BA2F.d.76BEAC841B8D0BE0ABB3F384C6CFF6AE.e.6129"}]}
RESULT: {"script":"<script> [8489 bytes]","args":[{"element-6066-11e4-a52e-4f735466cecf":"f.92142B0E1996143B500ED3F2A7F6BA2F.d.76BEAC841B8D0BE0ABB3F384C6CFF6AE.e.6129","ELEMENT":"f.92142B0E1996143B500ED3F2A7F6BA2F.d.76BEAC841B8D0BE0ABB3F384C6CFF6AE.e.6129"}]}
COMMAND: GET /session/582ce5f850a124cd0c5f6fc14f02a0d2/screenshot - {}
RESULT: {}
COMMAND: POST /session/582ce5f850a124cd0c5f6fc14f02a0d2/execute/sync - {"script":"<script> [8489 bytes]","args":[{"element-6066-11e4-a52e-4f735466cecf":"f.92142B0E1996143B500ED3F2A7F6BA2F.d.76BEAC841B8D0BE0ABB3F384C6CFF6AE.e.6129","ELEMENT":"f.92142B0E1996143B500ED3F2A7F6BA2F.d.76BEAC841B8D0BE0ABB3F384C6CFF6AE.e.6129"}]}
RESULT: {"script":"<script> [8489 bytes]","args":[{"element-6066-11e4-a52e-4f735466cecf":"f.92142B0E1996143B500ED3F2A7F6BA2F.d.76BEAC841B8D0BE0ABB3F384C6CFF6AE.e.6129","ELEMENT":"f.92142B0E1996143B500ED3F2A7F6BA2F.d.76BEAC841B8D0BE0ABB3F384C6CFF6AE.e.6129"}]}
COMMAND: GET /session/582ce5f850a124cd0c5f6fc14f02a0d2/screenshot - {}
RESULT: {}
COMMAND: POST /session/582ce5f850a124cd0c5f6fc14f02a0d2/execute/sync - {"script":"<script> [8489 bytes]","args":[{"element-6066-11e4-a52e-4f735466cecf":"f.92142B0E1996143B500ED3F2A7F6BA2F.d.76BEAC841B8D0BE0ABB3F384C6CFF6AE.e.6129","ELEMENT":"f.92142B0E1996143B500ED3F2A7F6BA2F.d.76BEAC841B8D0BE0ABB3F384C6CFF6AE.e.6129"}]}
RESULT: {"script":"<script> [8489 bytes]","args":[{"element-6066-11e4-a52e-4f735466cecf":"f.92142B0E1996143B500ED3F2A7F6BA2F.d.76BEAC841B8D0BE0ABB3F384C6CFF6AE.e.6129","ELEMENT":"f.92142B0E1996143B500ED3F2A7F6BA2F.d.76BEAC841B8D0BE0ABB3F384C6CFF6AE.e.6129"}]}
COMMAND: GET /session/582ce5f850a124cd0c5f6fc14f02a0d2/screenshot - {}
RESULT: {}
COMMAND: POST /session/582ce5f850a124cd0c5f6fc14f02a0d2/execute/sync - {"script":"<script> [8489 bytes]","args":[{"element-6066-11e4-a52e-4f735466cecf":"f.92142B0E1996143B500ED3F2A7F6BA2F.d.76BEAC841B8D0BE0ABB3F384C6CFF6AE.e.6129","ELEMENT":"f.92142B0E1996143B500ED3F2A7F6BA2F.d.76BEAC841B8D0BE0ABB3F384C6CFF6AE.e.6129"}]}
RESULT: {"script":"<script> [8489 bytes]","args":[{"element-6066-11e4-a52e-4f735466cecf":"f.92142B0E1996143B500ED3F2A7F6BA2F.d.76BEAC841B8D0BE0ABB3F384C6CFF6AE.e.6129","ELEMENT":"f.92142B0E1996143B500ED3F2A7F6BA2F.d.76BEAC841B8D0BE0ABB3F384C6CFF6AE.e.6129"}]}
COMMAND: GET /session/582ce5f850a124cd0c5f6fc14f02a0d2/screenshot - {}
RESULT: {}
COMMAND: POST /session/582ce5f850a124cd0c5f6fc14f02a0d2/execute/sync - {"script":"<script> [8489 bytes]","args":[{"element-6066-11e4-a52e-4f735466cecf":"f.92142B0E1996143B500ED3F2A7F6BA2F.d.76BEAC841B8D0BE0ABB3F384C6CFF6AE.e.6129","ELEMENT":"f.92142B0E1996143B500ED3F2A7F6BA2F.d.76BEAC841B8D0BE0ABB3F384C6CFF6AE.e.6129"}]}
RESULT: {"script":"<script> [8489 bytes]","args":[{"element-6066-11e4-a52e-4f735466cecf":"f.92142B0E1996143B500ED3F2A7F6BA2F.d.76BEAC841B8D0BE0ABB3F384C6CFF6AE.e.6129","ELEMENT":"f.92142B0E1996143B500ED3F2A7F6BA2F.d.76BEAC841B8D0BE0ABB3F384C6CFF6AE.e.6129"}]}
COMMAND: GET /session/582ce5f850a124cd0c5f6fc14f02a0d2/screenshot - {}
RESULT: {}
COMMAND: POST /session/582ce5f850a124cd0c5f6fc14f02a0d2/execute/sync - {"script":"<script> [8489 bytes]","args":[{"element-6066-11e4-a52e-4f735466cecf":"f.92142B0E1996143B500ED3F2A7F6BA2F.d.76BEAC841B8D0BE0ABB3F384C6CFF6AE.e.6129","ELEMENT":"f.92142B0E1996143B500ED3F2A7F6BA2F.d.76BEAC841B8D0BE0ABB3F384C6CFF6AE.e.6129"}]}
RESULT: {"script":"<script> [8489 bytes]","args":[{"element-6066-11e4-a52e-4f735466cecf":"f.92142B0E1996143B500ED3F2A7F6BA2F.d.76BEAC841B8D0BE0ABB3F384C6CFF6AE.e.6129","ELEMENT":"f.92142B0E1996143B500ED3F2A7F6BA2F.d.76BEAC841B8D0BE0ABB3F384C6CFF6AE.e.6129"}]}
COMMAND: GET /session/582ce5f850a124cd0c5f6fc14f02a0d2/screenshot - {}
RESULT: {}
COMMAND: POST /session/582ce5f850a124cd0c5f6fc14f02a0d2/execute/sync - {"script":"<script> [8489 bytes]","args":[{"element-6066-11e4-a52e-4f735466cecf":"f.92142B0E1996143B500ED3F2A7F6BA2F.d.76BEAC841B8D0BE0ABB3F384C6CFF6AE.e.6129","ELEMENT":"f.92142B0E1996143B500ED3F2A7F6BA2F.d.76BEAC841B8D0BE0ABB3F384C6CFF6AE.e.6129"}]}
RESULT: {"script":"<script> [8489 bytes]","args":[{"element-6066-11e4-a52e-4f735466cecf":"f.92142B0E1996143B500ED3F2A7F6BA2F.d.76BEAC841B8D0BE0ABB3F384C6CFF6AE.e.6129","ELEMENT":"f.92142B0E1996143B500ED3F2A7F6BA2F.d.76BEAC841B8D0BE0ABB3F384C6CFF6AE.e.6129"}]}
COMMAND: GET /session/582ce5f850a124cd0c5f6fc14f02a0d2/screenshot - {}
RESULT: {}
COMMAND: POST /session/582ce5f850a124cd0c5f6fc14f02a0d2/execute/sync - {"script":"<script> [8489 bytes]","args":[{"element-6066-11e4-a52e-4f735466cecf":"f.92142B0E1996143B500ED3F2A7F6BA2F.d.76BEAC841B8D0BE0ABB3F384C6CFF6AE.e.6129","ELEMENT":"f.92142B0E1996143B500ED3F2A7F6BA2F.d.76BEAC841B8D0BE0ABB3F384C6CFF6AE.e.6129"}]}
RESULT: {"script":"<script> [8489 bytes]","args":[{"element-6066-11e4-a52e-4f735466cecf":"f.92142B0E1996143B500ED3F2A7F6BA2F.d.76BEAC841B8D0BE0ABB3F384C6CFF6AE.e.6129","ELEMENT":"f.92142B0E1996143B500ED3F2A7F6BA2F.d.76BEAC841B8D0BE0ABB3F384C6CFF6AE.e.6129"}]}
COMMAND: GET /session/582ce5f850a124cd0c5f6fc14f02a0d2/screenshot - {}
RESULT: {}
COMMAND: POST /session/582ce5f850a124cd0c5f6fc14f02a0d2/execute/sync - {"script":"<script> [8489 bytes]","args":[{"element-6066-11e4-a52e-4f735466cecf":"f.92142B0E1996143B500ED3F2A7F6BA2F.d.76BEAC841B8D0BE0ABB3F384C6CFF6AE.e.6129","ELEMENT":"f.92142B0E1996143B500ED3F2A7F6BA2F.d.76BEAC841B8D0BE0ABB3F384C6CFF6AE.e.6129"}]}
RESULT: {"script":"<script> [8489 bytes]","args":[{"element-6066-11e4-a52e-4f735466cecf":"f.92142B0E1996143B500ED3F2A7F6BA2F.d.76BEAC841B8D0BE0ABB3F384C6CFF6AE.e.6129","ELEMENT":"f.92142B0E1996143B500ED3F2A7F6BA2F.d.76BEAC841B8D0BE0ABB3F384C6CFF6AE.e.6129"}]}
COMMAND: GET /session/582ce5f850a124cd0c5f6fc14f02a0d2/screenshot - {}
RESULT: {}
COMMAND: POST /session/582ce5f850a124cd0c5f6fc14f02a0d2/execute/sync - {"script":"<script> [8489 bytes]","args":[{"element-6066-11e4-a52e-4f735466cecf":"f.92142B0E1996143B500ED3F2A7F6BA2F.d.76BEAC841B8D0BE0ABB3F384C6CFF6AE.e.6129","ELEMENT":"f.92142B0E1996143B500ED3F2A7F6BA2F.d.76BEAC841B8D0BE0ABB3F384C6CFF6AE.e.6129"}]}
RESULT: {"script":"<script> [8489 bytes]","args":[{"element-6066-11e4-a52e-4f735466cecf":"f.92142B0E1996143B500ED3F2A7F6BA2F.d.76BEAC841B8D0BE0ABB3F384C6CFF6AE.e.6129","ELEMENT":"f.92142B0E1996143B500ED3F2A7F6BA2F.d.76BEAC841B8D0BE0ABB3F384C6CFF6AE.e.6129"}]}
COMMAND: GET /session/582ce5f850a124cd0c5f6fc14f02a0d2/screenshot - {}
RESULT: {}
COMMAND: POST /session/582ce5f850a124cd0c5f6fc14f02a0d2/execute/sync - {"script":"<script> [8489 bytes]","args":[{"element-6066-11e4-a52e-4f735466cecf":"f.92142B0E1996143B500ED3F2A7F6BA2F.d.76BEAC841B8D0BE0ABB3F384C6CFF6AE.e.6129","ELEMENT":"f.92142B0E1996143B500ED3F2A7F6BA2F.d.76BEAC841B8D0BE0ABB3F384C6CFF6AE.e.6129"}]}
RESULT: {"script":"<script> [8489 bytes]","args":[{"element-6066-11e4-a52e-4f735466cecf":"f.92142B0E1996143B500ED3F2A7F6BA2F.d.76BEAC841B8D0BE0ABB3F384C6CFF6AE.e.6129","ELEMENT":"f.92142B0E1996143B500ED3F2A7F6BA2F.d.76BEAC841B8D0BE0ABB3F384C6CFF6AE.e.6129"}]}
COMMAND: GET /session/582ce5f850a124cd0c5f6fc14f02a0d2/screenshot - {}
RESULT: {}
COMMAND: POST /session/582ce5f850a124cd0c5f6fc14f02a0d2/execute/sync - {"script":"<script> [8489 bytes]","args":[{"element-6066-11e4-a52e-4f735466cecf":"f.92142B0E1996143B500ED3F2A7F6BA2F.d.76BEAC841B8D0BE0ABB3F384C6CFF6AE.e.6129","ELEMENT":"f.92142B0E1996143B500ED3F2A7F6BA2F.d.76BEAC841B8D0BE0ABB3F384C6CFF6AE.e.6129"}]}
RESULT: {"script":"<script> [8489 bytes]","args":[{"element-6066-11e4-a52e-4f735466cecf":"f.92142B0E1996143B500ED3F2A7F6BA2F.d.76BEAC841B8D0BE0ABB3F384C6CFF6AE.e.6129","ELEMENT":"f.92142B0E1996143B500ED3F2A7F6BA2F.d.76BEAC841B8D0BE0ABB3F384C6CFF6AE.e.6129"}]}
COMMAND: GET /session/582ce5f850a124cd0c5f6fc14f02a0d2/screenshot - {}
RESULT: {}
COMMAND: POST /session/582ce5f850a124cd0c5f6fc14f02a0d2/execute/sync - {"script":"<script> [8489 bytes]","args":[{"element-6066-11e4-a52e-4f735466cecf":"f.92142B0E1996143B500ED3F2A7F6BA2F.d.76BEAC841B8D0BE0ABB3F384C6CFF6AE.e.6129","ELEMENT":"f.92142B0E1996143B500ED3F2A7F6BA2F.d.76BEAC841B8D0BE0ABB3F384C6CFF6AE.e.6129"}]}
RESULT: {"script":"<script> [8489 bytes]","args":[{"element-6066-11e4-a52e-4f735466cecf":"f.92142B0E1996143B500ED3F2A7F6BA2F.d.76BEAC841B8D0BE0ABB3F384C6CFF6AE.e.6129","ELEMENT":"f.92142B0E1996143B500ED3F2A7F6BA2F.d.76BEAC841B8D0BE0ABB3F384C6CFF6AE.e.6129"}]}
COMMAND: GET /session/582ce5f850a124cd0c5f6fc14f02a0d2/screenshot - {}
RESULT: {}
COMMAND: POST /session/582ce5f850a124cd0c5f6fc14f02a0d2/execute/sync - {"script":"<script> [8489 bytes]","args":[{"element-6066-11e4-a52e-4f735466cecf":"f.92142B0E1996143B500ED3F2A7F6BA2F.d.76BEAC841B8D0BE0ABB3F384C6CFF6AE.e.6129","ELEMENT":"f.92142B0E1996143B500ED3F2A7F6BA2F.d.76BEAC841B8D0BE0ABB3F384C6CFF6AE.e.6129"}]}
RESULT: {"script":"<script> [8489 bytes]","args":[{"element-6066-11e4-a52e-4f735466cecf":"f.92142B0E1996143B500ED3F2A7F6BA2F.d.76BEAC841B8D0BE0ABB3F384C6CFF6AE.e.6129","ELEMENT":"f.92142B0E1996143B500ED3F2A7F6BA2F.d.76BEAC841B8D0BE0ABB3F384C6CFF6AE.e.6129"}]}
COMMAND: GET /session/582ce5f850a124cd0c5f6fc14f02a0d2/screenshot - {}
RESULT: {}
COMMAND: POST /session/582ce5f850a124cd0c5f6fc14f02a0d2/execute/async - {"script":"<script> [1562 bytes]","args":[{"selector":{"controlType":"sap.m.Button","viewName":"etm.portal.ui.managesites.view.NewSmartSite","viewId":"application-managesites-display-component---NewSite","properties":{"text":"General Information"},"interaction":{"idSuffix":"BDI-content"}},"wdio_ui5_key":"etmportal.ui.managesites.view.NewSmartSitesap.m.Button{\"text\":\"General Information\"}"}]}
RESULT: {"script":"<script> [1562 bytes]","args":[{"selector":{"controlType":"sap.m.Button","viewName":"etm.portal.ui.managesites.view.NewSmartSite","viewId":"application-managesites-display-component---NewSite","properties":{"text":"General Information"},"interaction":{"idSuffix":"BDI-content"}},"wdio_ui5_key":"etmportal.ui.managesites.view.NewSmartSitesap.m.Button{\"text\":\"General Information\"}"}]}
RESULT: undefined
COMMAND: POST /session/582ce5f850a124cd0c5f6fc14f02a0d2/element - {"using":"xpath","value":"//*[@id=\"application-managesites-display-component---NewSite--ObjectPageLayout-anchBar-__section31-anchor\"]"}
RESULT: {"using":"xpath","value":"//*[@id=\"application-managesites-display-component---NewSite--ObjectPageLayout-anchBar-__section31-anchor\"]"}
COMMAND: POST /session/582ce5f850a124cd0c5f6fc14f02a0d2/element/f.92142B0E1996143B500ED3F2A7F6BA2F.d.76BEAC841B8D0BE0ABB3F384C6CFF6AE.e.6131/click - {}
RESULT: {}
COMMAND: POST /session/582ce5f850a124cd0c5f6fc14f02a0d2/execute/async - {"script":"<script> [1562 bytes]","args":[{"selector":{"id":"application-managesites-display-component---NewSite--addressDetailDetailsName1","interaction":{"idSuffix":"inner"}},"wdio_ui5_key":"applicationmanagesites-display-component---NewSite--addressDetailDetailsName1"}]}
COMMAND: GET /session/582ce5f850a124cd0c5f6fc14f02a0d2/screenshot - {}
RESULT: {"script":"<script> [1562 bytes]","args":[{"selector":{"id":"application-managesites-display-component---NewSite--addressDetailDetailsName1","interaction":{"idSuffix":"inner"}},"wdio_ui5_key":"applicationmanagesites-display-component---NewSite--addressDetailDetailsName1"}]}
RESULT: undefined
COMMAND: POST /session/582ce5f850a124cd0c5f6fc14f02a0d2/execute/async - {"script":"<script> [776 bytes]","args":[{"enterText":"WDI5 WHM Site","selector":{"id":"application-managesites-display-component---NewSite--addressDetailDetailsName1","interaction":{"idSuffix":"inner"}},"clearTextFirst":true,"interactionType":"ENTER_TEXT"}]}
RESULT: {}
RESULT: {"script":"<script> [776 bytes]","args":[{"enterText":"WDI5 WHM Site","selector":{"id":"application-managesites-display-component---NewSite--addressDetailDetailsName1","interaction":{"idSuffix":"inner"}},"clearTextFirst":true,"interactionType":"ENTER_TEXT"}]}
COMMAND: POST /session/582ce5f850a124cd0c5f6fc14f02a0d2/execute/async - {"script":"<script> [1562 bytes]","args":[{"selector":{"id":"application-managesites-display-component---NewSite--addressDetailDetailsLanguage","interaction":{"idSuffix":"inner"}},"wdio_ui5_key":"applicationmanagesites-display-component---NewSite--addressDetailDetailsLanguage"}]}
RESULT: {"script":"<script> [1562 bytes]","args":[{"selector":{"id":"application-managesites-display-component---NewSite--addressDetailDetailsLanguage","interaction":{"idSuffix":"inner"}},"wdio_ui5_key":"applicationmanagesites-display-component---NewSite--addressDetailDetailsLanguage"}]}
RESULT: undefined
COMMAND: POST /session/582ce5f850a124cd0c5f6fc14f02a0d2/execute/async - {"script":"<script> [776 bytes]","args":[{"enterText":"Romanian","selector":{"id":"application-managesites-display-component---NewSite--addressDetailDetailsLanguage","interaction":{"idSuffix":"inner"}},"clearTextFirst":true,"interactionType":"ENTER_TEXT"}]}
RESULT: {"script":"<script> [776 bytes]","args":[{"enterText":"Romanian","selector":{"id":"application-managesites-display-component---NewSite--addressDetailDetailsLanguage","interaction":{"idSuffix":"inner"}},"clearTextFirst":true,"interactionType":"ENTER_TEXT"}]}
COMMAND: POST /session/582ce5f850a124cd0c5f6fc14f02a0d2/execute/async - {"script":"<script> [1562 bytes]","args":[{"selector":{"id":"application-managesites-display-component---NewSite--addressDetailDetailsCity1","interaction":{"idSuffix":"inner"}},"wdio_ui5_key":"applicationmanagesites-display-component---NewSite--addressDetailDetailsCity1"}]}
RESULT: {"script":"<script> [1562 bytes]","args":[{"selector":{"id":"application-managesites-display-component---NewSite--addressDetailDetailsCity1","interaction":{"idSuffix":"inner"}},"wdio_ui5_key":"applicationmanagesites-display-component---NewSite--addressDetailDetailsCity1"}]}
RESULT: undefined
COMMAND: POST /session/582ce5f850a124cd0c5f6fc14f02a0d2/execute/async - {"script":"<script> [776 bytes]","args":[{"enterText":"Bucharest","selector":{"id":"application-managesites-display-component---NewSite--addressDetailDetailsCity1","interaction":{"idSuffix":"inner"}},"clearTextFirst":true,"interactionType":"ENTER_TEXT"}]}
RESULT: {"script":"<script> [776 bytes]","args":[{"enterText":"Bucharest","selector":{"id":"application-managesites-display-component---NewSite--addressDetailDetailsCity1","interaction":{"idSuffix":"inner"}},"clearTextFirst":true,"interactionType":"ENTER_TEXT"}]}
COMMAND: POST /session/582ce5f850a124cd0c5f6fc14f02a0d2/execute/async - {"script":"<script> [1562 bytes]","args":[{"selector":{"id":"application-managesites-display-component---NewSite--addressDetailDetailsCountry","interaction":{"idSuffix":"inner"}},"wdio_ui5_key":"applicationmanagesites-display-component---NewSite--addressDetailDetailsCountry"}]}
RESULT: {"script":"<script> [1562 bytes]","args":[{"selector":{"id":"application-managesites-display-component---NewSite--addressDetailDetailsCountry","interaction":{"idSuffix":"inner"}},"wdio_ui5_key":"applicationmanagesites-display-component---NewSite--addressDetailDetailsCountry"}]}
RESULT: undefined
COMMAND: POST /session/582ce5f850a124cd0c5f6fc14f02a0d2/execute/async - {"script":"<script> [6424 bytes]","args":[{"element-6066-11e4-a52e-4f735466cecf":"f.92142B0E1996143B500ED3F2A7F6BA2F.d.76BEAC841B8D0BE0ABB3F384C6CFF6AE.e.5929"},"setValue",["Romania"]]}
RESULT: {"script":"<script> [6424 bytes]","args":[{"element-6066-11e4-a52e-4f735466cecf":"f.92142B0E1996143B500ED3F2A7F6BA2F.d.76BEAC841B8D0BE0ABB3F384C6CFF6AE.e.5929"},"setValue",["Romania"]]}
COMMAND: POST /session/582ce5f850a124cd0c5f6fc14f02a0d2/execute/async - {"script":"<script> [1562 bytes]","args":[{"selector":{"id":"application-managesites-display-component---NewSite--addressDetailDetailsCalendar","interaction":{"idSuffix":"inner"}},"wdio_ui5_key":"applicationmanagesites-display-component---NewSite--addressDetailDetailsCalendar"}]}
RESULT: {"script":"<script> [1562 bytes]","args":[{"selector":{"id":"application-managesites-display-component---NewSite--addressDetailDetailsCalendar","interaction":{"idSuffix":"inner"}},"wdio_ui5_key":"applicationmanagesites-display-component---NewSite--addressDetailDetailsCalendar"}]}
RESULT: undefined
COMMAND: POST /session/582ce5f850a124cd0c5f6fc14f02a0d2/execute/async - {"script":"<script> [776 bytes]","args":[{"enterText":"8 - Germany (Standard)","selector":{"id":"application-managesites-display-component---NewSite--addressDetailDetailsCalendar","interaction":{"idSuffix":"inner"}},"clearTextFirst":true,"interactionType":"ENTER_TEXT"}]}
RESULT: {"script":"<script> [776 bytes]","args":[{"enterText":"8 - Germany (Standard)","selector":{"id":"application-managesites-display-component---NewSite--addressDetailDetailsCalendar","interaction":{"idSuffix":"inner"}},"clearTextFirst":true,"interactionType":"ENTER_TEXT"}]}
COMMAND: POST /session/582ce5f850a124cd0c5f6fc14f02a0d2/element - {"using":"xpath","value":"//input[@id=\"application-managesites-display-component---NewSite--addressDetailDetailsYard-inner\"]"}
RESULT: {"using":"xpath","value":"//input[@id=\"application-managesites-display-component---NewSite--addressDetailDetailsYard-inner\"]"}
COMMAND: POST /session/582ce5f850a124cd0c5f6fc14f02a0d2/element/f.92142B0E1996143B500ED3F2A7F6BA2F.d.76BEAC841B8D0BE0ABB3F384C6CFF6AE.e.5940/clear - {}
RESULT: {}
COMMAND: POST /session/582ce5f850a124cd0c5f6fc14f02a0d2/element/f.92142B0E1996143B500ED3F2A7F6BA2F.d.76BEAC841B8D0BE0ABB3F384C6CFF6AE.e.5940/value - {"text":"410"}
COMMAND: GET /session/582ce5f850a124cd0c5f6fc14f02a0d2/screenshot - {}
RESULT: {"text":"410"}
COMMAND: GET /session/582ce5f850a124cd0c5f6fc14f02a0d2/screenshot - {}
RESULT: {}
RESULT: {}
COMMAND: POST /session/582ce5f850a124cd0c5f6fc14f02a0d2/execute/async - {"script":"<script> [1562 bytes]","args":[{"selector":{"controlType":"sap.m.Button","viewName":"etm.portal.ui.managesites.view.NewSmartSite","viewId":"application-managesites-display-component---NewSite","properties":{"text":"Commercial"},"interaction":{"idSuffix":"BDI-content"}},"wdio_ui5_key":"etmportal.ui.managesites.view.NewSmartSitesap.m.Button{\"text\":\"Commercial\"}"}]}
RESULT: {"script":"<script> [1562 bytes]","args":[{"selector":{"controlType":"sap.m.Button","viewName":"etm.portal.ui.managesites.view.NewSmartSite","viewId":"application-managesites-display-component---NewSite","properties":{"text":"Commercial"},"interaction":{"idSuffix":"BDI-content"}},"wdio_ui5_key":"etmportal.ui.managesites.view.NewSmartSitesap.m.Button{\"text\":\"Commercial\"}"}]}
RESULT: undefined
COMMAND: POST /session/582ce5f850a124cd0c5f6fc14f02a0d2/element - {"using":"xpath","value":"//*[@id=\"application-managesites-display-component---NewSite--ObjectPageLayout-anchBar-__section33-anchor\"]"}
RESULT: {"using":"xpath","value":"//*[@id=\"application-managesites-display-component---NewSite--ObjectPageLayout-anchBar-__section33-anchor\"]"}
COMMAND: POST /session/582ce5f850a124cd0c5f6fc14f02a0d2/element/f.92142B0E1996143B500ED3F2A7F6BA2F.d.76BEAC841B8D0BE0ABB3F384C6CFF6AE.e.6140/click - {}
RESULT: {}
COMMAND: POST /session/582ce5f850a124cd0c5f6fc14f02a0d2/execute/async - {"script":"<script> [1562 bytes]","args":[{"selector":{"id":"application-managesites-display-component---NewSite--siteWhmCheckBox-label","interaction":{"idSuffix":"bdi"}},"wdio_ui5_key":"applicationmanagesites-display-component---NewSite--siteWhmCheckBox-label"}]}
COMMAND: GET /session/582ce5f850a124cd0c5f6fc14f02a0d2/screenshot - {}
RESULT: {"script":"<script> [1562 bytes]","args":[{"selector":{"id":"application-managesites-display-component---NewSite--siteWhmCheckBox-label","interaction":{"idSuffix":"bdi"}},"wdio_ui5_key":"applicationmanagesites-display-component---NewSite--siteWhmCheckBox-label"}]}
RESULT: undefined
COMMAND: POST /session/582ce5f850a124cd0c5f6fc14f02a0d2/element - {"using":"xpath","value":"//*[@id=\"application-managesites-display-component---NewSite--siteWhmCheckBox-label\"]"}
RESULT: {}
RESULT: {"using":"xpath","value":"//*[@id=\"application-managesites-display-component---NewSite--siteWhmCheckBox-label\"]"}
COMMAND: POST /session/582ce5f850a124cd0c5f6fc14f02a0d2/element/f.92142B0E1996143B500ED3F2A7F6BA2F.d.76BEAC841B8D0BE0ABB3F384C6CFF6AE.e.6149/click - {}
RESULT: {}
COMMAND: POST /session/582ce5f850a124cd0c5f6fc14f02a0d2/execute/async - {"script":"<script> [1562 bytes]","args":[{"selector":{"controlType":"sap.m.Button","viewName":"etm.portal.ui.managesites.view.NewSmartSite","viewId":"application-managesites-display-component---NewSite","i18NText":{"propertyName":"text","key":"save"},"interaction":{"idSuffix":"BDI-content"}},"wdio_ui5_key":"etmportal.ui.managesites.view.NewSmartSitesap.m.Button{\"propertyName\":\"text\",\"key\":\"save\"}"}]}
COMMAND: GET /session/582ce5f850a124cd0c5f6fc14f02a0d2/screenshot - {}
RESULT: {"script":"<script> [1562 bytes]","args":[{"selector":{"controlType":"sap.m.Button","viewName":"etm.portal.ui.managesites.view.NewSmartSite","viewId":"application-managesites-display-component---NewSite","i18NText":{"propertyName":"text","key":"save"},"interaction":{"idSuffix":"BDI-content"}},"wdio_ui5_key":"etmportal.ui.managesites.view.NewSmartSitesap.m.Button{\"propertyName\":\"text\",\"key\":\"save\"}"}]}
RESULT: undefined
COMMAND: POST /session/582ce5f850a124cd0c5f6fc14f02a0d2/element - {"using":"xpath","value":"//*[@id=\"__button76\"]"}
RESULT: {}
RESULT: {"using":"xpath","value":"//*[@id=\"__button76\"]"}
COMMAND: POST /session/582ce5f850a124cd0c5f6fc14f02a0d2/element/f.92142B0E1996143B500ED3F2A7F6BA2F.d.76BEAC841B8D0BE0ABB3F384C6CFF6AE.e.6116/click - {}
RESULT: {}
COMMAND: GET /session/582ce5f850a124cd0c5f6fc14f02a0d2/screenshot - {}
RESULT: {}
COMMAND: POST /session/582ce5f850a124cd0c5f6fc14f02a0d2/execute/async - {"script":"<script> [1562 bytes]","args":[{"selector":{"controlType":"sap.m.Text","viewName":"etm.portal.ui.managesites.view.Detail","viewId":"application-managesites-display-component---detailSite","bindingPath":{"propertyPath":"ID","modelName":"catalogModel"}},"wdio_ui5_key":"etmportal.ui.managesites.view.Detailsap.m.Text{\"propertyPath\":\"ID\",\"modelName\":\"catalogModel\"}"}]}
RESULT: {"script":"<script> [1562 bytes]","args":[{"selector":{"controlType":"sap.m.Text","viewName":"etm.portal.ui.managesites.view.Detail","viewId":"application-managesites-display-component---detailSite","bindingPath":{"propertyPath":"ID","modelName":"catalogModel"}},"wdio_ui5_key":"etmportal.ui.managesites.view.Detailsap.m.Text{\"propertyPath\":\"ID\",\"modelName\":\"catalogModel\"}"}]}
RESULT: undefined
COMMAND: POST /session/582ce5f850a124cd0c5f6fc14f02a0d2/execute/async - {"script":"<script> [6424 bytes]","args":[{"element-6066-11e4-a52e-4f735466cecf":"f.92142B0E1996143B500ED3F2A7F6BA2F.d.76BEAC841B8D0BE0ABB3F384C6CFF6AE.e.6341"},"getText",[]]}
RESULT: {"script":"<script> [6424 bytes]","args":[{"element-6066-11e4-a52e-4f735466cecf":"f.92142B0E1996143B500ED3F2A7F6BA2F.d.76BEAC841B8D0BE0ABB3F384C6CFF6AE.e.6341"},"getText",[]]}
COMMAND: POST /session/582ce5f850a124cd0c5f6fc14f02a0d2/execute/async - {"script":"<script> [1562 bytes]","args":[{"selector":{"controlType":"sap.m.Label","viewName":"etm.portal.ui.managesites.view.Detail","viewId":"application-managesites-display-component---detailSite","i18NText":{"propertyName":"text","key":"status"}},"wdio_ui5_key":"etmportal.ui.managesites.view.Detailsap.m.Label{\"propertyName\":\"text\",\"key\":\"status\"}"}]}
RESULT: {"script":"<script> [1562 bytes]","args":[{"selector":{"controlType":"sap.m.Label","viewName":"etm.portal.ui.managesites.view.Detail","viewId":"application-managesites-display-component---detailSite","i18NText":{"propertyName":"text","key":"status"}},"wdio_ui5_key":"etmportal.ui.managesites.view.Detailsap.m.Label{\"propertyName\":\"text\",\"key\":\"status\"}"}]}
RESULT: undefined
COMMAND: POST /session/582ce5f850a124cd0c5f6fc14f02a0d2/execute/async - {"script":"<script> [6424 bytes]","args":[{"element-6066-11e4-a52e-4f735466cecf":"f.92142B0E1996143B500ED3F2A7F6BA2F.d.76BEAC841B8D0BE0ABB3F384C6CFF6AE.e.6329"},"getText",[]]}
RESULT: {"script":"<script> [6424 bytes]","args":[{"element-6066-11e4-a52e-4f735466cecf":"f.92142B0E1996143B500ED3F2A7F6BA2F.d.76BEAC841B8D0BE0ABB3F384C6CFF6AE.e.6329"},"getText",[]]}
RESULT: undefined
COMMAND: POST /session/582ce5f850a124cd0c5f6fc14f02a0d2/element - {"using":"xpath","value":"//*[@id=\"shell-header\"]"}
RESULT: {"using":"xpath","value":"//*[@id=\"shell-header\"]"}
COMMAND: POST /session/582ce5f850a124cd0c5f6fc14f02a0d2/element/f.92142B0E1996143B500ED3F2A7F6BA2F.d.76BEAC841B8D0BE0ABB3F384C6CFF6AE.e.6342/click - {}
RESULT: {}
COMMAND: POST /session/582ce5f850a124cd0c5f6fc14f02a0d2/element - {"using":"css selector","value":"#shell-header-logo"}
COMMAND: GET /session/582ce5f850a124cd0c5f6fc14f02a0d2/screenshot - {}
RESULT: {"using":"css selector","value":"#shell-header-logo"}
COMMAND: POST /session/582ce5f850a124cd0c5f6fc14f02a0d2/element/f.92142B0E1996143B500ED3F2A7F6BA2F.d.76BEAC841B8D0BE0ABB3F384C6CFF6AE.e.5693/click - {}
RESULT: {}
RESULT: {}
]]></system-out>
    </testcase>
    <testcase classname="chrome.135_0_7049_96.windows.Provide_to_Site_w/_warehouse_management_w/o_clarification_US113782_" name="Should create WHM Partner" time="67.251">
      <system-out><![CDATA[
COMMAND: POST /session/582ce5f850a124cd0c5f6fc14f02a0d2/execute/async - {"script":"<script> [1562 bytes]","args":[{"selector":{"controlType":"sap.m.GenericTile","properties":{"header":"Manage Partners"}},"wdio_ui5_key":"sapm.GenericTile{\"header\":\"Manage Partners\"}"}]}
COMMAND: GET /session/582ce5f850a124cd0c5f6fc14f02a0d2/screenshot - {}
RESULT: {"script":"<script> [1562 bytes]","args":[{"selector":{"controlType":"sap.m.GenericTile","properties":{"header":"Manage Partners"}},"wdio_ui5_key":"sapm.GenericTile{\"header\":\"Manage Partners\"}"}]}
RESULT: undefined
COMMAND: POST /session/582ce5f850a124cd0c5f6fc14f02a0d2/element - {"using":"xpath","value":"//*[@id=\"__tile38\"]"}
RESULT: {}
RESULT: {"using":"xpath","value":"//*[@id=\"__tile38\"]"}
COMMAND: POST /session/582ce5f850a124cd0c5f6fc14f02a0d2/element/f.92142B0E1996143B500ED3F2A7F6BA2F.d.76BEAC841B8D0BE0ABB3F384C6CFF6AE.e.6348/click - {}
RESULT: {}
COMMAND: GET /session/582ce5f850a124cd0c5f6fc14f02a0d2/screenshot - {}
RESULT: {}
COMMAND: POST /session/582ce5f850a124cd0c5f6fc14f02a0d2/element - {"using":"xpath","value":"//button[(@data-kt = 'addButton')]"}
RESULT: {"using":"xpath","value":"//button[(@data-kt = 'addButton')]"}
COMMAND: POST /session/582ce5f850a124cd0c5f6fc14f02a0d2/elements - {"using":"xpath","value":"//button[(@data-kt = 'addButton')]"}
RESULT: {"using":"xpath","value":"//button[(@data-kt = 'addButton')]"}
COMMAND: POST /session/582ce5f850a124cd0c5f6fc14f02a0d2/elements - {"using":"xpath","value":"//button[(@data-kt = 'addButton')]"}
RESULT: {"using":"xpath","value":"//button[(@data-kt = 'addButton')]"}
COMMAND: POST /session/582ce5f850a124cd0c5f6fc14f02a0d2/elements - {"using":"xpath","value":"//button[(@data-kt = 'addButton')]"}
RESULT: {"using":"xpath","value":"//button[(@data-kt = 'addButton')]"}
COMMAND: POST /session/582ce5f850a124cd0c5f6fc14f02a0d2/elements - {"using":"xpath","value":"//button[(@data-kt = 'addButton')]"}
RESULT: {"using":"xpath","value":"//button[(@data-kt = 'addButton')]"}
COMMAND: POST /session/582ce5f850a124cd0c5f6fc14f02a0d2/elements - {"using":"xpath","value":"//button[(@data-kt = 'addButton')]"}
RESULT: {"using":"xpath","value":"//button[(@data-kt = 'addButton')]"}
COMMAND: POST /session/582ce5f850a124cd0c5f6fc14f02a0d2/element - {"using":"xpath","value":"//button[(@data-kt = 'addButton')]"}
RESULT: {"using":"xpath","value":"//button[(@data-kt = 'addButton')]"}
COMMAND: POST /session/582ce5f850a124cd0c5f6fc14f02a0d2/element/f.92142B0E1996143B500ED3F2A7F6BA2F.d.76BEAC841B8D0BE0ABB3F384C6CFF6AE.e.6385/click - {}
RESULT: {}
COMMAND: POST /session/582ce5f850a124cd0c5f6fc14f02a0d2/execute/async - {"script":"<script> [1562 bytes]","args":[{"selector":{"id":"application-managepartners-display-component---NewPartner--addressDetailDetailsName1","interaction":{"idSuffix":"inner"}},"wdio_ui5_key":"applicationmanagepartners-display-component---NewPartner--addressDetailDetailsName1"}]}
COMMAND: GET /session/582ce5f850a124cd0c5f6fc14f02a0d2/screenshot - {}
RESULT: {"script":"<script> [1562 bytes]","args":[{"selector":{"id":"application-managepartners-display-component---NewPartner--addressDetailDetailsName1","interaction":{"idSuffix":"inner"}},"wdio_ui5_key":"applicationmanagepartners-display-component---NewPartner--addressDetailDetailsName1"}]}
RESULT: undefined
COMMAND: POST /session/582ce5f850a124cd0c5f6fc14f02a0d2/execute/async - {"script":"<script> [776 bytes]","args":[{"enterText":"WDI5-Partners","selector":{"id":"application-managepartners-display-component---NewPartner--addressDetailDetailsName1","interaction":{"idSuffix":"inner"}},"clearTextFirst":true,"interactionType":"ENTER_TEXT"}]}
RESULT: {}
RESULT: {"script":"<script> [776 bytes]","args":[{"enterText":"WDI5-Partners","selector":{"id":"application-managepartners-display-component---NewPartner--addressDetailDetailsName1","interaction":{"idSuffix":"inner"}},"clearTextFirst":true,"interactionType":"ENTER_TEXT"}]}
COMMAND: POST /session/582ce5f850a124cd0c5f6fc14f02a0d2/execute/async - {"script":"<script> [1562 bytes]","args":[{"selector":{"id":"application-managepartners-display-component---NewPartner--addressDetailDetailsLanguage-arrow"},"wdio_ui5_key":"applicationmanagepartners-display-component---NewPartner--addressDetailDetailsLanguage-arrow"}]}
RESULT: {"script":"<script> [1562 bytes]","args":[{"selector":{"id":"application-managepartners-display-component---NewPartner--addressDetailDetailsLanguage-arrow"},"wdio_ui5_key":"applicationmanagepartners-display-component---NewPartner--addressDetailDetailsLanguage-arrow"}]}
RESULT: undefined
COMMAND: POST /session/582ce5f850a124cd0c5f6fc14f02a0d2/element - {"using":"xpath","value":"//*[@id=\"application-managepartners-display-component---NewPartner--addressDetailDetailsLanguage-arrow\"]"}
RESULT: {"using":"xpath","value":"//*[@id=\"application-managepartners-display-component---NewPartner--addressDetailDetailsLanguage-arrow\"]"}
COMMAND: POST /session/582ce5f850a124cd0c5f6fc14f02a0d2/element/f.92142B0E1996143B500ED3F2A7F6BA2F.d.76BEAC841B8D0BE0ABB3F384C6CFF6AE.e.6652/click - {}
RESULT: {}
COMMAND: POST /session/582ce5f850a124cd0c5f6fc14f02a0d2/execute/async - {"script":"<script> [1562 bytes]","args":[{"selector":{"controlType":"sap.m.StandardListItem","viewName":"etm.portal.ui.managepartners.view.NewPartner","viewId":"application-managepartners-display-component---NewPartner","properties":{"title":"English"},"searchOpenDialogs":true,"interaction":{"idSuffix":"content"}},"wdio_ui5_key":"etmportal.ui.managepartners.view.NewPartnersap.m.StandardListItem{\"title\":\"English\"}"}]}
COMMAND: GET /session/582ce5f850a124cd0c5f6fc14f02a0d2/screenshot - {}
RESULT: {"script":"<script> [1562 bytes]","args":[{"selector":{"controlType":"sap.m.StandardListItem","viewName":"etm.portal.ui.managepartners.view.NewPartner","viewId":"application-managepartners-display-component---NewPartner","properties":{"title":"English"},"searchOpenDialogs":true,"interaction":{"idSuffix":"content"}},"wdio_ui5_key":"etmportal.ui.managepartners.view.NewPartnersap.m.StandardListItem{\"title\":\"English\"}"}]}
RESULT: undefined
COMMAND: POST /session/582ce5f850a124cd0c5f6fc14f02a0d2/element - {"using":"xpath","value":"//*[@id=\"__item1032\"]"}
RESULT: {}
RESULT: {"using":"xpath","value":"//*[@id=\"__item1032\"]"}
COMMAND: POST /session/582ce5f850a124cd0c5f6fc14f02a0d2/element/f.92142B0E1996143B500ED3F2A7F6BA2F.d.76BEAC841B8D0BE0ABB3F384C6CFF6AE.e.6654/click - {}
RESULT: {}
COMMAND: POST /session/582ce5f850a124cd0c5f6fc14f02a0d2/execute/async - {"script":"<script> [1562 bytes]","args":[{"selector":{"id":"application-managepartners-display-component---NewPartner--addressDetailDetailsCity1","interaction":{"idSuffix":"inner"}},"wdio_ui5_key":"applicationmanagepartners-display-component---NewPartner--addressDetailDetailsCity1"}]}
COMMAND: GET /session/582ce5f850a124cd0c5f6fc14f02a0d2/screenshot - {}
RESULT: {"script":"<script> [1562 bytes]","args":[{"selector":{"id":"application-managepartners-display-component---NewPartner--addressDetailDetailsCity1","interaction":{"idSuffix":"inner"}},"wdio_ui5_key":"applicationmanagepartners-display-component---NewPartner--addressDetailDetailsCity1"}]}
RESULT: undefined
COMMAND: POST /session/582ce5f850a124cd0c5f6fc14f02a0d2/execute/async - {"script":"<script> [776 bytes]","args":[{"enterText":"Bangalore","selector":{"id":"application-managepartners-display-component---NewPartner--addressDetailDetailsCity1","interaction":{"idSuffix":"inner"}},"clearTextFirst":true,"interactionType":"ENTER_TEXT"}]}
RESULT: {}
RESULT: {"script":"<script> [776 bytes]","args":[{"enterText":"Bangalore","selector":{"id":"application-managepartners-display-component---NewPartner--addressDetailDetailsCity1","interaction":{"idSuffix":"inner"}},"clearTextFirst":true,"interactionType":"ENTER_TEXT"}]}
COMMAND: POST /session/582ce5f850a124cd0c5f6fc14f02a0d2/execute/async - {"script":"<script> [1562 bytes]","args":[{"selector":{"id":"application-managepartners-display-component---NewPartner--addressDetailDetailsCountry-arrow"},"wdio_ui5_key":"applicationmanagepartners-display-component---NewPartner--addressDetailDetailsCountry-arrow"}]}
RESULT: {"script":"<script> [1562 bytes]","args":[{"selector":{"id":"application-managepartners-display-component---NewPartner--addressDetailDetailsCountry-arrow"},"wdio_ui5_key":"applicationmanagepartners-display-component---NewPartner--addressDetailDetailsCountry-arrow"}]}
RESULT: undefined
COMMAND: POST /session/582ce5f850a124cd0c5f6fc14f02a0d2/element - {"using":"xpath","value":"//*[@id=\"application-managepartners-display-component---NewPartner--addressDetailDetailsCountry-arrow\"]"}
RESULT: {"using":"xpath","value":"//*[@id=\"application-managepartners-display-component---NewPartner--addressDetailDetailsCountry-arrow\"]"}
COMMAND: POST /session/582ce5f850a124cd0c5f6fc14f02a0d2/element/f.92142B0E1996143B500ED3F2A7F6BA2F.d.76BEAC841B8D0BE0ABB3F384C6CFF6AE.e.6656/click - {}
RESULT: {}
COMMAND: POST /session/582ce5f850a124cd0c5f6fc14f02a0d2/execute/async - {"script":"<script> [1562 bytes]","args":[{"selector":{"id":"application-managepartners-display-component---NewPartner--addressDetailDetailsCountry","interaction":{"idSuffix":"inner"}},"wdio_ui5_key":"applicationmanagepartners-display-component---NewPartner--addressDetailDetailsCountry"}]}
COMMAND: GET /session/582ce5f850a124cd0c5f6fc14f02a0d2/screenshot - {}
RESULT: {"script":"<script> [1562 bytes]","args":[{"selector":{"id":"application-managepartners-display-component---NewPartner--addressDetailDetailsCountry","interaction":{"idSuffix":"inner"}},"wdio_ui5_key":"applicationmanagepartners-display-component---NewPartner--addressDetailDetailsCountry"}]}
RESULT: undefined
COMMAND: POST /session/582ce5f850a124cd0c5f6fc14f02a0d2/execute/async - {"script":"<script> [776 bytes]","args":[{"enterText":"India","selector":{"id":"application-managepartners-display-component---NewPartner--addressDetailDetailsCountry","interaction":{"idSuffix":"inner"}},"clearTextFirst":true,"interactionType":"ENTER_TEXT"}]}
RESULT: {}
RESULT: {"script":"<script> [776 bytes]","args":[{"enterText":"India","selector":{"id":"application-managepartners-display-component---NewPartner--addressDetailDetailsCountry","interaction":{"idSuffix":"inner"}},"clearTextFirst":true,"interactionType":"ENTER_TEXT"}]}
COMMAND: POST /session/582ce5f850a124cd0c5f6fc14f02a0d2/execute/async - {"script":"<script> [1562 bytes]","args":[{"selector":{"controlType":"sap.m.StandardListItem","viewName":"etm.portal.ui.managepartners.view.NewPartner","viewId":"application-managepartners-display-component---NewPartner","properties":{"title":"India"},"searchOpenDialogs":true,"interaction":{"idSuffix":"content"}},"wdio_ui5_key":"etmportal.ui.managepartners.view.NewPartnersap.m.StandardListItem{\"title\":\"India\"}"}]}
RESULT: {"script":"<script> [1562 bytes]","args":[{"selector":{"controlType":"sap.m.StandardListItem","viewName":"etm.portal.ui.managepartners.view.NewPartner","viewId":"application-managepartners-display-component---NewPartner","properties":{"title":"India"},"searchOpenDialogs":true,"interaction":{"idSuffix":"content"}},"wdio_ui5_key":"etmportal.ui.managepartners.view.NewPartnersap.m.StandardListItem{\"title\":\"India\"}"}]}
RESULT: undefined
COMMAND: POST /session/582ce5f850a124cd0c5f6fc14f02a0d2/execute/async - {"script":"<script> [1562 bytes]","args":[{"selector":{"controlType":"sap.m.Button","viewName":"etm.portal.ui.managepartners.view.NewPartner","viewId":"application-managepartners-display-component---NewPartner","properties":{"text":"Commercial"},"interaction":{"idSuffix":"BDI-content"}},"wdio_ui5_key":"etmportal.ui.managepartners.view.NewPartnersap.m.Button{\"text\":\"Commercial\"}"}]}
RESULT: {"script":"<script> [1562 bytes]","args":[{"selector":{"controlType":"sap.m.Button","viewName":"etm.portal.ui.managepartners.view.NewPartner","viewId":"application-managepartners-display-component---NewPartner","properties":{"text":"Commercial"},"interaction":{"idSuffix":"BDI-content"}},"wdio_ui5_key":"etmportal.ui.managepartners.view.NewPartnersap.m.Button{\"text\":\"Commercial\"}"}]}
RESULT: undefined
COMMAND: POST /session/582ce5f850a124cd0c5f6fc14f02a0d2/element - {"using":"xpath","value":"//*[@id=\"application-managepartners-display-component---NewPartner--ObjectPageLayout-anchBar-__section57-anchor\"]"}
RESULT: {"using":"xpath","value":"//*[@id=\"application-managepartners-display-component---NewPartner--ObjectPageLayout-anchBar-__section57-anchor\"]"}
COMMAND: POST /session/582ce5f850a124cd0c5f6fc14f02a0d2/element/f.92142B0E1996143B500ED3F2A7F6BA2F.d.76BEAC841B8D0BE0ABB3F384C6CFF6AE.e.6661/click - {}
RESULT: {}
COMMAND: POST /session/582ce5f850a124cd0c5f6fc14f02a0d2/execute/async - {"script":"<script> [1562 bytes]","args":[{"selector":{"id":"application-managepartners-display-component---NewPartner--partnerDetailInternal-arrow"},"wdio_ui5_key":"applicationmanagepartners-display-component---NewPartner--partnerDetailInternal-arrow"}]}
COMMAND: GET /session/582ce5f850a124cd0c5f6fc14f02a0d2/screenshot - {}
RESULT: {"script":"<script> [1562 bytes]","args":[{"selector":{"id":"application-managepartners-display-component---NewPartner--partnerDetailInternal-arrow"},"wdio_ui5_key":"applicationmanagepartners-display-component---NewPartner--partnerDetailInternal-arrow"}]}
RESULT: undefined
COMMAND: POST /session/582ce5f850a124cd0c5f6fc14f02a0d2/element - {"using":"xpath","value":"//*[@id=\"application-managepartners-display-component---NewPartner--partnerDetailInternal-arrow\"]"}
RESULT: {}
RESULT: {"using":"xpath","value":"//*[@id=\"application-managepartners-display-component---NewPartner--partnerDetailInternal-arrow\"]"}
COMMAND: POST /session/582ce5f850a124cd0c5f6fc14f02a0d2/element/f.92142B0E1996143B500ED3F2A7F6BA2F.d.76BEAC841B8D0BE0ABB3F384C6CFF6AE.e.6666/click - {}
RESULT: {}
COMMAND: POST /session/582ce5f850a124cd0c5f6fc14f02a0d2/execute/async - {"script":"<script> [1562 bytes]","args":[{"selector":{"controlType":"sap.m.StandardListItem","viewName":"etm.portal.ui.managepartners.view.NewPartner","viewId":"application-managepartners-display-component---NewPartner","properties":{"title":"External partner"},"searchOpenDialogs":true,"interaction":{"idSuffix":"content"}},"wdio_ui5_key":"etmportal.ui.managepartners.view.NewPartnersap.m.StandardListItem{\"title\":\"External partner\"}"}]}
COMMAND: GET /session/582ce5f850a124cd0c5f6fc14f02a0d2/screenshot - {}
RESULT: {"script":"<script> [1562 bytes]","args":[{"selector":{"controlType":"sap.m.StandardListItem","viewName":"etm.portal.ui.managepartners.view.NewPartner","viewId":"application-managepartners-display-component---NewPartner","properties":{"title":"External partner"},"searchOpenDialogs":true,"interaction":{"idSuffix":"content"}},"wdio_ui5_key":"etmportal.ui.managepartners.view.NewPartnersap.m.StandardListItem{\"title\":\"External partner\"}"}]}
RESULT: undefined
COMMAND: POST /session/582ce5f850a124cd0c5f6fc14f02a0d2/element - {"using":"xpath","value":"//*[@id=\"__item1166\"]"}
RESULT: {}
RESULT: {"using":"xpath","value":"//*[@id=\"__item1166\"]"}
COMMAND: POST /session/582ce5f850a124cd0c5f6fc14f02a0d2/element/f.92142B0E1996143B500ED3F2A7F6BA2F.d.76BEAC841B8D0BE0ABB3F384C6CFF6AE.e.6668/click - {}
RESULT: {}
COMMAND: POST /session/582ce5f850a124cd0c5f6fc14f02a0d2/execute/async - {"script":"<script> [1562 bytes]","args":[{"selector":{"id":"application-managepartners-display-component---NewPartner--partnerDetailsCurrency-arrow"},"wdio_ui5_key":"applicationmanagepartners-display-component---NewPartner--partnerDetailsCurrency-arrow"}]}
COMMAND: GET /session/582ce5f850a124cd0c5f6fc14f02a0d2/screenshot - {}
RESULT: {"script":"<script> [1562 bytes]","args":[{"selector":{"id":"application-managepartners-display-component---NewPartner--partnerDetailsCurrency-arrow"},"wdio_ui5_key":"applicationmanagepartners-display-component---NewPartner--partnerDetailsCurrency-arrow"}]}
RESULT: undefined
COMMAND: POST /session/582ce5f850a124cd0c5f6fc14f02a0d2/element - {"using":"xpath","value":"//*[@id=\"application-managepartners-display-component---NewPartner--partnerDetailsCurrency-arrow\"]"}
RESULT: {}
RESULT: {"using":"xpath","value":"//*[@id=\"application-managepartners-display-component---NewPartner--partnerDetailsCurrency-arrow\"]"}
COMMAND: POST /session/582ce5f850a124cd0c5f6fc14f02a0d2/element/f.92142B0E1996143B500ED3F2A7F6BA2F.d.76BEAC841B8D0BE0ABB3F384C6CFF6AE.e.6673/click - {}
RESULT: {}
COMMAND: POST /session/582ce5f850a124cd0c5f6fc14f02a0d2/execute/async - {"script":"<script> [1562 bytes]","args":[{"selector":{"controlType":"sap.m.StandardListItem","viewName":"etm.portal.ui.managepartners.view.NewPartner","viewId":"application-managepartners-display-component---NewPartner","properties":{"title":"Euro"},"searchOpenDialogs":true,"interaction":{"idSuffix":"content"}},"wdio_ui5_key":"etmportal.ui.managepartners.view.NewPartnersap.m.StandardListItem{\"title\":\"Euro\"}"}]}
COMMAND: GET /session/582ce5f850a124cd0c5f6fc14f02a0d2/screenshot - {}
RESULT: {"script":"<script> [1562 bytes]","args":[{"selector":{"controlType":"sap.m.StandardListItem","viewName":"etm.portal.ui.managepartners.view.NewPartner","viewId":"application-managepartners-display-component---NewPartner","properties":{"title":"Euro"},"searchOpenDialogs":true,"interaction":{"idSuffix":"content"}},"wdio_ui5_key":"etmportal.ui.managepartners.view.NewPartnersap.m.StandardListItem{\"title\":\"Euro\"}"}]}
RESULT: undefined
COMMAND: POST /session/582ce5f850a124cd0c5f6fc14f02a0d2/element - {"using":"xpath","value":"//*[@id=\"__item1168\"]"}
RESULT: {}
RESULT: {"using":"xpath","value":"//*[@id=\"__item1168\"]"}
COMMAND: POST /session/582ce5f850a124cd0c5f6fc14f02a0d2/element/f.92142B0E1996143B500ED3F2A7F6BA2F.d.76BEAC841B8D0BE0ABB3F384C6CFF6AE.e.6675/click - {}
RESULT: {}
COMMAND: POST /session/582ce5f850a124cd0c5f6fc14f02a0d2/execute/async - {"script":"<script> [1562 bytes]","args":[{"selector":{"controlType":"sap.m.Button","viewName":"etm.portal.ui.managepartners.view.NewPartner","viewId":"application-managepartners-display-component---NewPartner","properties":{"text":"Assignments"},"interaction":{"idSuffix":"BDI-content"}},"wdio_ui5_key":"etmportal.ui.managepartners.view.NewPartnersap.m.Button{\"text\":\"Assignments\"}"}]}
COMMAND: GET /session/582ce5f850a124cd0c5f6fc14f02a0d2/screenshot - {}
RESULT: {"script":"<script> [1562 bytes]","args":[{"selector":{"controlType":"sap.m.Button","viewName":"etm.portal.ui.managepartners.view.NewPartner","viewId":"application-managepartners-display-component---NewPartner","properties":{"text":"Assignments"},"interaction":{"idSuffix":"BDI-content"}},"wdio_ui5_key":"etmportal.ui.managepartners.view.NewPartnersap.m.Button{\"text\":\"Assignments\"}"}]}
RESULT: undefined
COMMAND: POST /session/582ce5f850a124cd0c5f6fc14f02a0d2/element - {"using":"xpath","value":"//*[@id=\"application-managepartners-display-component---NewPartner--ObjectPageLayout-anchBar-__section61-anchor\"]"}
RESULT: {}
RESULT: {"using":"xpath","value":"//*[@id=\"application-managepartners-display-component---NewPartner--ObjectPageLayout-anchBar-__section61-anchor\"]"}
COMMAND: POST /session/582ce5f850a124cd0c5f6fc14f02a0d2/element/f.92142B0E1996143B500ED3F2A7F6BA2F.d.76BEAC841B8D0BE0ABB3F384C6CFF6AE.e.6677/click - {}
RESULT: {}
COMMAND: POST /session/582ce5f850a124cd0c5f6fc14f02a0d2/execute/async - {"script":"<script> [1562 bytes]","args":[{"selector":{"id":"application-managepartners-display-component---NewPartner--btnAddTableRow","interaction":{"idSuffix":"inner"}},"wdio_ui5_key":"applicationmanagepartners-display-component---NewPartner--btnAddTableRow"}]}
COMMAND: GET /session/582ce5f850a124cd0c5f6fc14f02a0d2/screenshot - {}
RESULT: {"script":"<script> [1562 bytes]","args":[{"selector":{"id":"application-managepartners-display-component---NewPartner--btnAddTableRow","interaction":{"idSuffix":"inner"}},"wdio_ui5_key":"applicationmanagepartners-display-component---NewPartner--btnAddTableRow"}]}
RESULT: undefined
COMMAND: POST /session/582ce5f850a124cd0c5f6fc14f02a0d2/element - {"using":"xpath","value":"//*[@id=\"application-managepartners-display-component---NewPartner--btnAddTableRow\"]"}
RESULT: {}
RESULT: {"using":"xpath","value":"//*[@id=\"application-managepartners-display-component---NewPartner--btnAddTableRow\"]"}
COMMAND: POST /session/582ce5f850a124cd0c5f6fc14f02a0d2/element/f.92142B0E1996143B500ED3F2A7F6BA2F.d.76BEAC841B8D0BE0ABB3F384C6CFF6AE.e.6682/click - {}
RESULT: {}
COMMAND: POST /session/582ce5f850a124cd0c5f6fc14f02a0d2/element - {"using":"css selector","value":"#application-managepartners-display-component---NewPartner--assignmentYard-application-managepartners-display-component---NewPartner--assignmentsTable-0-inner"}
COMMAND: GET /session/582ce5f850a124cd0c5f6fc14f02a0d2/screenshot - {}
RESULT: {"using":"css selector","value":"#application-managepartners-display-component---NewPartner--assignmentYard-application-managepartners-display-component---NewPartner--assignmentsTable-0-inner"}
COMMAND: POST /session/582ce5f850a124cd0c5f6fc14f02a0d2/element/f.92142B0E1996143B500ED3F2A7F6BA2F.d.76BEAC841B8D0BE0ABB3F384C6CFF6AE.e.6685/clear - {}
RESULT: {}
RESULT: {}
COMMAND: POST /session/582ce5f850a124cd0c5f6fc14f02a0d2/element/f.92142B0E1996143B500ED3F2A7F6BA2F.d.76BEAC841B8D0BE0ABB3F384C6CFF6AE.e.6685/value - {"text":"410"}
COMMAND: GET /session/582ce5f850a124cd0c5f6fc14f02a0d2/screenshot - {}
RESULT: {"text":"410"}
COMMAND: POST /session/582ce5f850a124cd0c5f6fc14f02a0d2/execute/async - {"script":"<script> [1562 bytes]","args":[{"selector":{"id":"application-managepartners-display-component---NewPartner--assignmentYard-application-managepartners-display-component---NewPartner--assignmentsTable-0-arrow"},"wdio_ui5_key":"applicationmanagepartners-display-component---NewPartner--assignmentYard-application-managepartners-display-component---NewPartner--assignmentsTable-0-arrow"}]}
COMMAND: GET /session/582ce5f850a124cd0c5f6fc14f02a0d2/screenshot - {}
RESULT: {}
RESULT: {"script":"<script> [1562 bytes]","args":[{"selector":{"id":"application-managepartners-display-component---NewPartner--assignmentYard-application-managepartners-display-component---NewPartner--assignmentsTable-0-arrow"},"wdio_ui5_key":"applicationmanagepartners-display-component---NewPartner--assignmentYard-application-managepartners-display-component---NewPartner--assignmentsTable-0-arrow"}]}
RESULT: undefined
COMMAND: POST /session/582ce5f850a124cd0c5f6fc14f02a0d2/element - {"using":"xpath","value":"//*[@id=\"application-managepartners-display-component---NewPartner--assignmentYard-application-managepartners-display-component---NewPartner--assignmentsTable-0-arrow\"]"}
RESULT: {}
RESULT: {"using":"xpath","value":"//*[@id=\"application-managepartners-display-component---NewPartner--assignmentYard-application-managepartners-display-component---NewPartner--assignmentsTable-0-arrow\"]"}
COMMAND: POST /session/582ce5f850a124cd0c5f6fc14f02a0d2/element/f.92142B0E1996143B500ED3F2A7F6BA2F.d.76BEAC841B8D0BE0ABB3F384C6CFF6AE.e.6693/click - {}
RESULT: {}
COMMAND: GET /session/582ce5f850a124cd0c5f6fc14f02a0d2/screenshot - {}
RESULT: {}
COMMAND: POST /session/582ce5f850a124cd0c5f6fc14f02a0d2/execute/async - {"script":"<script> [1562 bytes]","args":[{"selector":{"controlType":"sap.m.Button","viewName":"etm.portal.ui.managepartners.view.NewPartner","viewId":"application-managepartners-display-component---NewPartner","i18NText":{"propertyName":"text","key":"save"},"interaction":{"idSuffix":"BDI-content"}},"wdio_ui5_key":"etmportal.ui.managepartners.view.NewPartnersap.m.Button{\"propertyName\":\"text\",\"key\":\"save\"}"}]}
RESULT: {"script":"<script> [1562 bytes]","args":[{"selector":{"controlType":"sap.m.Button","viewName":"etm.portal.ui.managepartners.view.NewPartner","viewId":"application-managepartners-display-component---NewPartner","i18NText":{"propertyName":"text","key":"save"},"interaction":{"idSuffix":"BDI-content"}},"wdio_ui5_key":"etmportal.ui.managepartners.view.NewPartnersap.m.Button{\"propertyName\":\"text\",\"key\":\"save\"}"}]}
RESULT: undefined
COMMAND: POST /session/582ce5f850a124cd0c5f6fc14f02a0d2/element - {"using":"xpath","value":"//*[@id=\"__button127\"]"}
RESULT: {"using":"xpath","value":"//*[@id=\"__button127\"]"}
COMMAND: POST /session/582ce5f850a124cd0c5f6fc14f02a0d2/element/f.92142B0E1996143B500ED3F2A7F6BA2F.d.76BEAC841B8D0BE0ABB3F384C6CFF6AE.e.6490/click - {}
RESULT: {}
COMMAND: GET /session/582ce5f850a124cd0c5f6fc14f02a0d2/screenshot - {}
RESULT: {}
COMMAND: POST /session/582ce5f850a124cd0c5f6fc14f02a0d2/execute/async - {"script":"<script> [1562 bytes]","args":[{"selector":{"controlType":"sap.m.Text","viewName":"etm.portal.ui.managepartners.view.Detail","viewId":"application-managepartners-display-component---detailPtm","bindingPath":{"propertyPath":"ID","modelName":"catalogModel"}},"wdio_ui5_key":"etmportal.ui.managepartners.view.Detailsap.m.Text{\"propertyPath\":\"ID\",\"modelName\":\"catalogModel\"}"}]}
RESULT: {"script":"<script> [1562 bytes]","args":[{"selector":{"controlType":"sap.m.Text","viewName":"etm.portal.ui.managepartners.view.Detail","viewId":"application-managepartners-display-component---detailPtm","bindingPath":{"propertyPath":"ID","modelName":"catalogModel"}},"wdio_ui5_key":"etmportal.ui.managepartners.view.Detailsap.m.Text{\"propertyPath\":\"ID\",\"modelName\":\"catalogModel\"}"}]}
RESULT: undefined
COMMAND: POST /session/582ce5f850a124cd0c5f6fc14f02a0d2/execute/async - {"script":"<script> [6424 bytes]","args":[{"element-6066-11e4-a52e-4f735466cecf":"f.92142B0E1996143B500ED3F2A7F6BA2F.d.76BEAC841B8D0BE0ABB3F384C6CFF6AE.e.6855"},"getText",[]]}
RESULT: {"script":"<script> [6424 bytes]","args":[{"element-6066-11e4-a52e-4f735466cecf":"f.92142B0E1996143B500ED3F2A7F6BA2F.d.76BEAC841B8D0BE0ABB3F384C6CFF6AE.e.6855"},"getText",[]]}
COMMAND: POST /session/582ce5f850a124cd0c5f6fc14f02a0d2/element - {"using":"css selector","value":"#shell-header-logo"}
RESULT: {"using":"css selector","value":"#shell-header-logo"}
COMMAND: POST /session/582ce5f850a124cd0c5f6fc14f02a0d2/element/f.92142B0E1996143B500ED3F2A7F6BA2F.d.76BEAC841B8D0BE0ABB3F384C6CFF6AE.e.6350/click - {}
RESULT: {}
]]></system-out>
    </testcase>
    <testcase classname="chrome.135_0_7049_96.windows.Provide_to_Site_w/_warehouse_management_w/o_clarification_US113782_" name="Should create a new WHM Material" time="88.587">
      <system-out><![CDATA[
COMMAND: POST /session/582ce5f850a124cd0c5f6fc14f02a0d2/execute/async - {"script":"<script> [1562 bytes]","args":[{"selector":{"controlType":"sap.m.GenericTile","properties":{"header":"Manage Resources"}},"wdio_ui5_key":"sapm.GenericTile{\"header\":\"Manage Resources\"}"}]}
COMMAND: GET /session/582ce5f850a124cd0c5f6fc14f02a0d2/screenshot - {}
RESULT: {"script":"<script> [1562 bytes]","args":[{"selector":{"controlType":"sap.m.GenericTile","properties":{"header":"Manage Resources"}},"wdio_ui5_key":"sapm.GenericTile{\"header\":\"Manage Resources\"}"}]}
RESULT: undefined
COMMAND: POST /session/582ce5f850a124cd0c5f6fc14f02a0d2/element - {"using":"xpath","value":"//*[@id=\"__tile39\"]"}
RESULT: {}
RESULT: {"using":"xpath","value":"//*[@id=\"__tile39\"]"}
COMMAND: POST /session/582ce5f850a124cd0c5f6fc14f02a0d2/element/f.92142B0E1996143B500ED3F2A7F6BA2F.d.76BEAC841B8D0BE0ABB3F384C6CFF6AE.e.6857/click - {}
RESULT: {}
COMMAND: POST /session/582ce5f850a124cd0c5f6fc14f02a0d2/execute/async - {"script":"<script> [1562 bytes]","args":[{"selector":{"controlType":"sap.m.OverflowToolbarButton","viewName":"etm.portal.ui.manageresources.view.Master","viewId":"application-manageresources-display-component---masterRU","bindingPath":{"path":"","propertyPath":"/isLogbook","modelName":"minimumStockRPGModel"},"interaction":{"idSuffix":"inner"}},"wdio_ui5_key":"etmportal.ui.manageresources.view.Mastersap.m.OverflowToolbarButton{\"path\":\"\",\"propertyPath\":\"/isLogbook\",\"modelName\":\"minimumStockRPGModel\"}"}]}
COMMAND: GET /session/582ce5f850a124cd0c5f6fc14f02a0d2/screenshot - {}
RESULT: {"script":"<script> [1562 bytes]","args":[{"selector":{"controlType":"sap.m.OverflowToolbarButton","viewName":"etm.portal.ui.manageresources.view.Master","viewId":"application-manageresources-display-component---masterRU","bindingPath":{"path":"","propertyPath":"/isLogbook","modelName":"minimumStockRPGModel"},"interaction":{"idSuffix":"inner"}},"wdio_ui5_key":"etmportal.ui.manageresources.view.Mastersap.m.OverflowToolbarButton{\"path\":\"\",\"propertyPath\":\"/isLogbook\",\"modelName\":\"minimumStockRPGModel\"}"}]}
RESULT: undefined
COMMAND: POST /session/582ce5f850a124cd0c5f6fc14f02a0d2/element - {"using":"xpath","value":"//*[@id=\"__button168\"]"}
RESULT: {}
RESULT: {"using":"xpath","value":"//*[@id=\"__button168\"]"}
COMMAND: POST /session/582ce5f850a124cd0c5f6fc14f02a0d2/element/f.92142B0E1996143B500ED3F2A7F6BA2F.d.76BEAC841B8D0BE0ABB3F384C6CFF6AE.e.6899/click - {}
RESULT: {}
COMMAND: GET /session/582ce5f850a124cd0c5f6fc14f02a0d2/screenshot - {}
COMMAND: POST /session/582ce5f850a124cd0c5f6fc14f02a0d2/execute/async - {"script":"<script> [1562 bytes]","args":[{"selector":{"id":"application-manageresources-display-component---newResourceUnit--TYPE-arrow"},"wdio_ui5_key":"applicationmanageresources-display-component---newResourceUnit--TYPE-arrow"}]}
RESULT: {}
RESULT: {"script":"<script> [1562 bytes]","args":[{"selector":{"id":"application-manageresources-display-component---newResourceUnit--TYPE-arrow"},"wdio_ui5_key":"applicationmanageresources-display-component---newResourceUnit--TYPE-arrow"}]}
RESULT: undefined
COMMAND: POST /session/582ce5f850a124cd0c5f6fc14f02a0d2/element - {"using":"xpath","value":"//*[@id=\"application-manageresources-display-component---newResourceUnit--TYPE-arrow\"]"}
RESULT: {"using":"xpath","value":"//*[@id=\"application-manageresources-display-component---newResourceUnit--TYPE-arrow\"]"}
COMMAND: POST /session/582ce5f850a124cd0c5f6fc14f02a0d2/element/f.92142B0E1996143B500ED3F2A7F6BA2F.d.76BEAC841B8D0BE0ABB3F384C6CFF6AE.e.7210/click - {}
RESULT: {}
COMMAND: POST /session/582ce5f850a124cd0c5f6fc14f02a0d2/execute/async - {"script":"<script> [1562 bytes]","args":[{"selector":{"controlType":"sap.m.StandardListItem","viewName":"reusables.view.manageresources.NewResourceUnit","viewId":"application-manageresources-display-component---newResourceUnit","properties":{"title":"Material"},"searchOpenDialogs":true,"interaction":{"idSuffix":"content"}},"wdio_ui5_key":"reusablesview.manageresources.NewResourceUnitsap.m.StandardListItem{\"title\":\"Material\"}"}]}
COMMAND: GET /session/582ce5f850a124cd0c5f6fc14f02a0d2/screenshot - {}
RESULT: {"script":"<script> [1562 bytes]","args":[{"selector":{"controlType":"sap.m.StandardListItem","viewName":"reusables.view.manageresources.NewResourceUnit","viewId":"application-manageresources-display-component---newResourceUnit","properties":{"title":"Material"},"searchOpenDialogs":true,"interaction":{"idSuffix":"content"}},"wdio_ui5_key":"reusablesview.manageresources.NewResourceUnitsap.m.StandardListItem{\"title\":\"Material\"}"}]}
RESULT: undefined
COMMAND: POST /session/582ce5f850a124cd0c5f6fc14f02a0d2/element - {"using":"xpath","value":"//*[@id=\"__item1449\"]"}
RESULT: {}
RESULT: {"using":"xpath","value":"//*[@id=\"__item1449\"]"}
COMMAND: POST /session/582ce5f850a124cd0c5f6fc14f02a0d2/element/f.92142B0E1996143B500ED3F2A7F6BA2F.d.76BEAC841B8D0BE0ABB3F384C6CFF6AE.e.7213/click - {}
RESULT: {}
COMMAND: POST /session/582ce5f850a124cd0c5f6fc14f02a0d2/execute/async - {"script":"<script> [1562 bytes]","args":[{"selector":{"id":"application-manageresources-display-component---newResourceUnit--resourceId","interaction":{"idSuffix":"inner"}},"wdio_ui5_key":"applicationmanageresources-display-component---newResourceUnit--resourceId"}]}
COMMAND: GET /session/582ce5f850a124cd0c5f6fc14f02a0d2/screenshot - {}
RESULT: {"script":"<script> [1562 bytes]","args":[{"selector":{"id":"application-manageresources-display-component---newResourceUnit--resourceId","interaction":{"idSuffix":"inner"}},"wdio_ui5_key":"applicationmanageresources-display-component---newResourceUnit--resourceId"}]}
RESULT: undefined
COMMAND: POST /session/582ce5f850a124cd0c5f6fc14f02a0d2/execute/async - {"script":"<script> [1562 bytes]","args":[{"selector":{"id":"application-manageresources-display-component---newResourceUnit--SHORT_TEXT","interaction":{"idSuffix":"inner"}},"wdio_ui5_key":"applicationmanageresources-display-component---newResourceUnit--SHORT_TEXT"}]}
RESULT: {}
RESULT: {"script":"<script> [1562 bytes]","args":[{"selector":{"id":"application-manageresources-display-component---newResourceUnit--SHORT_TEXT","interaction":{"idSuffix":"inner"}},"wdio_ui5_key":"applicationmanageresources-display-component---newResourceUnit--SHORT_TEXT"}]}
RESULT: undefined
COMMAND: POST /session/582ce5f850a124cd0c5f6fc14f02a0d2/execute/async - {"script":"<script> [776 bytes]","args":[{"enterText":"material WHM","selector":{"id":"application-manageresources-display-component---newResourceUnit--SHORT_TEXT","interaction":{"idSuffix":"inner"}},"clearTextFirst":true,"interactionType":"ENTER_TEXT"}]}
RESULT: {"script":"<script> [776 bytes]","args":[{"enterText":"material WHM","selector":{"id":"application-manageresources-display-component---newResourceUnit--SHORT_TEXT","interaction":{"idSuffix":"inner"}},"clearTextFirst":true,"interactionType":"ENTER_TEXT"}]}
COMMAND: POST /session/582ce5f850a124cd0c5f6fc14f02a0d2/execute/async - {"script":"<script> [1562 bytes]","args":[{"selector":{"id":"application-manageresources-display-component---newResourceUnit--BASE_UNIT_OF_MEASURE","interaction":{"idSuffix":"inner"}},"wdio_ui5_key":"applicationmanageresources-display-component---newResourceUnit--BASE_UNIT_OF_MEASURE"}]}
RESULT: {"script":"<script> [1562 bytes]","args":[{"selector":{"id":"application-manageresources-display-component---newResourceUnit--BASE_UNIT_OF_MEASURE","interaction":{"idSuffix":"inner"}},"wdio_ui5_key":"applicationmanageresources-display-component---newResourceUnit--BASE_UNIT_OF_MEASURE"}]}
RESULT: undefined
COMMAND: POST /session/582ce5f850a124cd0c5f6fc14f02a0d2/execute/async - {"script":"<script> [776 bytes]","args":[{"enterText":"Piece","selector":{"id":"application-manageresources-display-component---newResourceUnit--BASE_UNIT_OF_MEASURE","interaction":{"idSuffix":"inner"}},"clearTextFirst":true,"interactionType":"ENTER_TEXT"}]}
RESULT: {"script":"<script> [776 bytes]","args":[{"enterText":"Piece","selector":{"id":"application-manageresources-display-component---newResourceUnit--BASE_UNIT_OF_MEASURE","interaction":{"idSuffix":"inner"}},"clearTextFirst":true,"interactionType":"ENTER_TEXT"}]}
COMMAND: POST /session/582ce5f850a124cd0c5f6fc14f02a0d2/execute/async - {"script":"<script> [1562 bytes]","args":[{"selector":{"id":"application-manageresources-display-component---newResourceUnit--WEIGHT_UNIT","interaction":{"idSuffix":"inner"}},"wdio_ui5_key":"applicationmanageresources-display-component---newResourceUnit--WEIGHT_UNIT"}]}
RESULT: {"script":"<script> [1562 bytes]","args":[{"selector":{"id":"application-manageresources-display-component---newResourceUnit--WEIGHT_UNIT","interaction":{"idSuffix":"inner"}},"wdio_ui5_key":"applicationmanageresources-display-component---newResourceUnit--WEIGHT_UNIT"}]}
RESULT: undefined
COMMAND: POST /session/582ce5f850a124cd0c5f6fc14f02a0d2/execute/async - {"script":"<script> [776 bytes]","args":[{"enterText":"Gram","selector":{"id":"application-manageresources-display-component---newResourceUnit--WEIGHT_UNIT","interaction":{"idSuffix":"inner"}},"clearTextFirst":true,"interactionType":"ENTER_TEXT"}]}
RESULT: {"script":"<script> [776 bytes]","args":[{"enterText":"Gram","selector":{"id":"application-manageresources-display-component---newResourceUnit--WEIGHT_UNIT","interaction":{"idSuffix":"inner"}},"clearTextFirst":true,"interactionType":"ENTER_TEXT"}]}
COMMAND: POST /session/582ce5f850a124cd0c5f6fc14f02a0d2/execute/async - {"script":"<script> [1562 bytes]","args":[{"selector":{"id":"application-manageresources-display-component---newResourceUnit--DIMENSION_UNIT","interaction":{"idSuffix":"inner"}},"wdio_ui5_key":"applicationmanageresources-display-component---newResourceUnit--DIMENSION_UNIT"}]}
RESULT: {"script":"<script> [1562 bytes]","args":[{"selector":{"id":"application-manageresources-display-component---newResourceUnit--DIMENSION_UNIT","interaction":{"idSuffix":"inner"}},"wdio_ui5_key":"applicationmanageresources-display-component---newResourceUnit--DIMENSION_UNIT"}]}
RESULT: undefined
COMMAND: POST /session/582ce5f850a124cd0c5f6fc14f02a0d2/execute/async - {"script":"<script> [776 bytes]","args":[{"enterText":"Meter","selector":{"id":"application-manageresources-display-component---newResourceUnit--DIMENSION_UNIT","interaction":{"idSuffix":"inner"}},"clearTextFirst":true,"interactionType":"ENTER_TEXT"}]}
RESULT: {"script":"<script> [776 bytes]","args":[{"enterText":"Meter","selector":{"id":"application-manageresources-display-component---newResourceUnit--DIMENSION_UNIT","interaction":{"idSuffix":"inner"}},"clearTextFirst":true,"interactionType":"ENTER_TEXT"}]}
COMMAND: POST /session/582ce5f850a124cd0c5f6fc14f02a0d2/execute/async - {"script":"<script> [1562 bytes]","args":[{"selector":{"id":"application-manageresources-display-component---newResourceUnit--newRRUPage-anchBar-application-manageresources-display-component---newResourceUnit--control-anchor","interaction":{"idSuffix":"content"}},"wdio_ui5_key":"applicationmanageresources-display-component---newResourceUnit--newRRUPage-anchBar-application-manageresources-display-component---newResourceUnit--control-anchor"}]}
RESULT: {"script":"<script> [1562 bytes]","args":[{"selector":{"id":"application-manageresources-display-component---newResourceUnit--newRRUPage-anchBar-application-manageresources-display-component---newResourceUnit--control-anchor","interaction":{"idSuffix":"content"}},"wdio_ui5_key":"applicationmanageresources-display-component---newResourceUnit--newRRUPage-anchBar-application-manageresources-display-component---newResourceUnit--control-anchor"}]}
RESULT: undefined
COMMAND: POST /session/582ce5f850a124cd0c5f6fc14f02a0d2/element - {"using":"xpath","value":"//*[@id=\"application-manageresources-display-component---newResourceUnit--newRRUPage-anchBar-application-manageresources-display-component---newResourceUnit--control-anchor\"]"}
RESULT: {"using":"xpath","value":"//*[@id=\"application-manageresources-display-component---newResourceUnit--newRRUPage-anchBar-application-manageresources-display-component---newResourceUnit--control-anchor\"]"}
COMMAND: POST /session/582ce5f850a124cd0c5f6fc14f02a0d2/element/f.92142B0E1996143B500ED3F2A7F6BA2F.d.76BEAC841B8D0BE0ABB3F384C6CFF6AE.e.7277/click - {}
RESULT: {}
COMMAND: POST /session/582ce5f850a124cd0c5f6fc14f02a0d2/execute/async - {"script":"<script> [1562 bytes]","args":[{"selector":{"id":"application-manageresources-display-component---newResourceUnit--PLANNING_GROUP","interaction":{"idSuffix":"inner"}},"wdio_ui5_key":"applicationmanageresources-display-component---newResourceUnit--PLANNING_GROUP"}]}
COMMAND: GET /session/582ce5f850a124cd0c5f6fc14f02a0d2/screenshot - {}
RESULT: {"script":"<script> [1562 bytes]","args":[{"selector":{"id":"application-manageresources-display-component---newResourceUnit--PLANNING_GROUP","interaction":{"idSuffix":"inner"}},"wdio_ui5_key":"applicationmanageresources-display-component---newResourceUnit--PLANNING_GROUP"}]}
RESULT: undefined
COMMAND: POST /session/582ce5f850a124cd0c5f6fc14f02a0d2/execute/async - {"script":"<script> [776 bytes]","args":[{"enterText":"Heavy Equi","selector":{"id":"application-manageresources-display-component---newResourceUnit--PLANNING_GROUP","interaction":{"idSuffix":"inner"}},"clearTextFirst":true,"interactionType":"ENTER_TEXT"}]}
RESULT: {}
RESULT: {"script":"<script> [776 bytes]","args":[{"enterText":"Heavy Equi","selector":{"id":"application-manageresources-display-component---newResourceUnit--PLANNING_GROUP","interaction":{"idSuffix":"inner"}},"clearTextFirst":true,"interactionType":"ENTER_TEXT"}]}
COMMAND: POST /session/582ce5f850a124cd0c5f6fc14f02a0d2/execute/async - {"script":"<script> [1562 bytes]","args":[{"selector":{"id":"application-manageresources-display-component---newResourceUnit--PLANNING_INDICATOR","interaction":{"idSuffix":"inner"}},"wdio_ui5_key":"applicationmanageresources-display-component---newResourceUnit--PLANNING_INDICATOR"}]}
RESULT: {"script":"<script> [1562 bytes]","args":[{"selector":{"id":"application-manageresources-display-component---newResourceUnit--PLANNING_INDICATOR","interaction":{"idSuffix":"inner"}},"wdio_ui5_key":"applicationmanageresources-display-component---newResourceUnit--PLANNING_INDICATOR"}]}
RESULT: undefined
COMMAND: POST /session/582ce5f850a124cd0c5f6fc14f02a0d2/execute/async - {"script":"<script> [776 bytes]","args":[{"enterText":"10 - infinite","selector":{"id":"application-manageresources-display-component---newResourceUnit--PLANNING_INDICATOR","interaction":{"idSuffix":"inner"}},"clearTextFirst":true,"interactionType":"ENTER_TEXT"}]}
RESULT: {"script":"<script> [776 bytes]","args":[{"enterText":"10 - infinite","selector":{"id":"application-manageresources-display-component---newResourceUnit--PLANNING_INDICATOR","interaction":{"idSuffix":"inner"}},"clearTextFirst":true,"interactionType":"ENTER_TEXT"}]}
COMMAND: POST /session/582ce5f850a124cd0c5f6fc14f02a0d2/actions - {"actions":[{"id":"action27","type":"key","parameters":{},"actions":[{"type":"keyDown","value":"î€‡"},{"type":"pause","duration":10},{"type":"keyUp","value":"î€‡"}]}]}
RESULT: {"actions":[{"id":"action27","type":"key","parameters":{},"actions":[{"type":"keyDown","value":"î€‡"},{"type":"pause","duration":10},{"type":"keyUp","value":"î€‡"}]}]}
COMMAND: POST /session/582ce5f850a124cd0c5f6fc14f02a0d2/execute/async - {"script":"<script> [1562 bytes]","args":[{"selector":{"id":"application-manageresources-display-component---newResourceUnit--ITEM_TYPE-arrow"},"wdio_ui5_key":"applicationmanageresources-display-component---newResourceUnit--ITEM_TYPE-arrow"}]}
COMMAND: GET /session/582ce5f850a124cd0c5f6fc14f02a0d2/screenshot - {}
RESULT: {"script":"<script> [1562 bytes]","args":[{"selector":{"id":"application-manageresources-display-component---newResourceUnit--ITEM_TYPE-arrow"},"wdio_ui5_key":"applicationmanageresources-display-component---newResourceUnit--ITEM_TYPE-arrow"}]}
RESULT: undefined
COMMAND: POST /session/582ce5f850a124cd0c5f6fc14f02a0d2/element - {"using":"xpath","value":"//*[@id=\"application-manageresources-display-component---newResourceUnit--ITEM_TYPE-arrow\"]"}
RESULT: {}
RESULT: {"using":"xpath","value":"//*[@id=\"application-manageresources-display-component---newResourceUnit--ITEM_TYPE-arrow\"]"}
COMMAND: POST /session/582ce5f850a124cd0c5f6fc14f02a0d2/element/f.92142B0E1996143B500ED3F2A7F6BA2F.d.76BEAC841B8D0BE0ABB3F384C6CFF6AE.e.7285/click - {}
RESULT: {}
COMMAND: POST /session/582ce5f850a124cd0c5f6fc14f02a0d2/execute/async - {"script":"<script> [1562 bytes]","args":[{"selector":{"controlType":"sap.m.StandardListItem","viewName":"reusables.view.manageresources.NewResourceUnit","viewId":"application-manageresources-display-component---newResourceUnit","properties":{"title":"Resource Unit"},"searchOpenDialogs":true,"interaction":{"idSuffix":"titleText"}},"wdio_ui5_key":"reusablesview.manageresources.NewResourceUnitsap.m.StandardListItem{\"title\":\"Resource Unit\"}"}]}
COMMAND: GET /session/582ce5f850a124cd0c5f6fc14f02a0d2/screenshot - {}
RESULT: {"script":"<script> [1562 bytes]","args":[{"selector":{"controlType":"sap.m.StandardListItem","viewName":"reusables.view.manageresources.NewResourceUnit","viewId":"application-manageresources-display-component---newResourceUnit","properties":{"title":"Resource Unit"},"searchOpenDialogs":true,"interaction":{"idSuffix":"titleText"}},"wdio_ui5_key":"reusablesview.manageresources.NewResourceUnitsap.m.StandardListItem{\"title\":\"Resource Unit\"}"}]}
RESULT: undefined
RESULT: {}
COMMAND: POST /session/582ce5f850a124cd0c5f6fc14f02a0d2/execute/async - {"script":"<script> [1562 bytes]","args":[{"selector":{"controlType":"sap.m.Label","viewName":"reusables.view.manageresources.NewResourceUnit","viewId":"application-manageresources-display-component---newResourceUnit","i18NText":{"propertyName":"text","key":"planningGroup"},"interaction":{"idSuffix":"bdi"}},"wdio_ui5_key":"reusablesview.manageresources.NewResourceUnitsap.m.Label{\"propertyName\":\"text\",\"key\":\"planningGroup\"}"}]}
RESULT: {"script":"<script> [1562 bytes]","args":[{"selector":{"controlType":"sap.m.Label","viewName":"reusables.view.manageresources.NewResourceUnit","viewId":"application-manageresources-display-component---newResourceUnit","i18NText":{"propertyName":"text","key":"planningGroup"},"interaction":{"idSuffix":"bdi"}},"wdio_ui5_key":"reusablesview.manageresources.NewResourceUnitsap.m.Label{\"propertyName\":\"text\",\"key\":\"planningGroup\"}"}]}
RESULT: undefined
COMMAND: POST /session/582ce5f850a124cd0c5f6fc14f02a0d2/element - {"using":"xpath","value":"//*[@id=\"__label263\"]"}
RESULT: {"using":"xpath","value":"//*[@id=\"__label263\"]"}
COMMAND: POST /session/582ce5f850a124cd0c5f6fc14f02a0d2/element/f.92142B0E1996143B500ED3F2A7F6BA2F.d.76BEAC841B8D0BE0ABB3F384C6CFF6AE.e.7287/click - {}
RESULT: {}
COMMAND: GET /session/582ce5f850a124cd0c5f6fc14f02a0d2/screenshot - {}
RESULT: {}
COMMAND: POST /session/582ce5f850a124cd0c5f6fc14f02a0d2/actions - {"actions":[{"type":"key","id":"keyboard","actions":[{"type":"keyDown","value":"î›"}]}]}
RESULT: {"actions":[{"type":"key","id":"keyboard","actions":[{"type":"keyDown","value":"î›"}]}]}
COMMAND: GET /session/582ce5f850a124cd0c5f6fc14f02a0d2/screenshot - {}
RESULT: {}
COMMAND: POST /session/582ce5f850a124cd0c5f6fc14f02a0d2/actions - {"actions":[{"type":"key","id":"keyboard","actions":[{"type":"keyDown","value":"î›"}]}]}
RESULT: {"actions":[{"type":"key","id":"keyboard","actions":[{"type":"keyDown","value":"î›"}]}]}
COMMAND: GET /session/582ce5f850a124cd0c5f6fc14f02a0d2/screenshot - {}
RESULT: {}
COMMAND: POST /session/582ce5f850a124cd0c5f6fc14f02a0d2/actions - {"actions":[{"type":"key","id":"keyboard","actions":[{"type":"keyDown","value":"î›"}]}]}
RESULT: {"actions":[{"type":"key","id":"keyboard","actions":[{"type":"keyDown","value":"î›"}]}]}
COMMAND: GET /session/582ce5f850a124cd0c5f6fc14f02a0d2/screenshot - {}
RESULT: {}
COMMAND: POST /session/582ce5f850a124cd0c5f6fc14f02a0d2/actions - {"actions":[{"type":"key","id":"keyboard","actions":[{"type":"keyDown","value":"î›"}]}]}
RESULT: {"actions":[{"type":"key","id":"keyboard","actions":[{"type":"keyDown","value":"î›"}]}]}
COMMAND: GET /session/582ce5f850a124cd0c5f6fc14f02a0d2/screenshot - {}
RESULT: {}
COMMAND: POST /session/582ce5f850a124cd0c5f6fc14f02a0d2/actions - {"actions":[{"type":"key","id":"keyboard","actions":[{"type":"keyDown","value":"î›"}]}]}
RESULT: {"actions":[{"type":"key","id":"keyboard","actions":[{"type":"keyDown","value":"î›"}]}]}
COMMAND: GET /session/582ce5f850a124cd0c5f6fc14f02a0d2/screenshot - {}
RESULT: {}
COMMAND: POST /session/582ce5f850a124cd0c5f6fc14f02a0d2/actions - {"actions":[{"type":"key","id":"keyboard","actions":[{"type":"keyDown","value":"î›"}]}]}
RESULT: {"actions":[{"type":"key","id":"keyboard","actions":[{"type":"keyDown","value":"î›"}]}]}
COMMAND: GET /session/582ce5f850a124cd0c5f6fc14f02a0d2/screenshot - {}
RESULT: {}
COMMAND: POST /session/582ce5f850a124cd0c5f6fc14f02a0d2/execute/async - {"script":"<script> [1562 bytes]","args":[{"selector":{"id":"application-manageresources-display-component---newResourceUnit--btnAddTimeSegment-img"},"wdio_ui5_key":"applicationmanageresources-display-component---newResourceUnit--btnAddTimeSegment-img"}]}
RESULT: {"script":"<script> [1562 bytes]","args":[{"selector":{"id":"application-manageresources-display-component---newResourceUnit--btnAddTimeSegment-img"},"wdio_ui5_key":"applicationmanageresources-display-component---newResourceUnit--btnAddTimeSegment-img"}]}
RESULT: undefined
COMMAND: POST /session/582ce5f850a124cd0c5f6fc14f02a0d2/element - {"using":"xpath","value":"//*[@id=\"application-manageresources-display-component---newResourceUnit--btnAddTimeSegment-img\"]"}
RESULT: {"using":"xpath","value":"//*[@id=\"application-manageresources-display-component---newResourceUnit--btnAddTimeSegment-img\"]"}
COMMAND: POST /session/582ce5f850a124cd0c5f6fc14f02a0d2/element/f.92142B0E1996143B500ED3F2A7F6BA2F.d.76BEAC841B8D0BE0ABB3F384C6CFF6AE.e.7288/click - {}
RESULT: {}
COMMAND: POST /session/582ce5f850a124cd0c5f6fc14f02a0d2/element - {"using":"xpath","value":"//input[@id=\"application-manageresources-display-component---newResourceUnit--idRuTSAdmin-application-manageresources-display-component---newResourceUnit--RUTimeSegment-0-inner\"]"}
COMMAND: GET /session/582ce5f850a124cd0c5f6fc14f02a0d2/screenshot - {}
RESULT: {"using":"xpath","value":"//input[@id=\"application-manageresources-display-component---newResourceUnit--idRuTSAdmin-application-manageresources-display-component---newResourceUnit--RUTimeSegment-0-inner\"]"}
COMMAND: POST /session/582ce5f850a124cd0c5f6fc14f02a0d2/element/f.92142B0E1996143B500ED3F2A7F6BA2F.d.76BEAC841B8D0BE0ABB3F384C6CFF6AE.e.7291/clear - {}
RESULT: {}
RESULT: {}
COMMAND: POST /session/582ce5f850a124cd0c5f6fc14f02a0d2/element/f.92142B0E1996143B500ED3F2A7F6BA2F.d.76BEAC841B8D0BE0ABB3F384C6CFF6AE.e.7291/value - {"text":"410"}
COMMAND: GET /session/582ce5f850a124cd0c5f6fc14f02a0d2/screenshot - {}
RESULT: {"text":"410"}
COMMAND: GET /session/582ce5f850a124cd0c5f6fc14f02a0d2/screenshot - {}
RESULT: {}
RESULT: {}
COMMAND: POST /session/582ce5f850a124cd0c5f6fc14f02a0d2/actions - {"actions":[{"id":"action28","type":"key","parameters":{},"actions":[{"type":"keyDown","value":"î€‡"},{"type":"pause","duration":10},{"type":"keyUp","value":"î€‡"}]}]}
RESULT: {"actions":[{"id":"action28","type":"key","parameters":{},"actions":[{"type":"keyDown","value":"î€‡"},{"type":"pause","duration":10},{"type":"keyUp","value":"î€‡"}]}]}
COMMAND: GET /session/582ce5f850a124cd0c5f6fc14f02a0d2/screenshot - {}
RESULT: {}
COMMAND: POST /session/582ce5f850a124cd0c5f6fc14f02a0d2/execute/async - {"script":"<script> [1562 bytes]","args":[{"selector":{"controlType":"sap.m.Button","viewName":"reusables.view.manageresources.NewResourceUnit","viewId":"application-manageresources-display-component---newResourceUnit","i18NText":{"propertyName":"tooltip","key":"save"},"interaction":{"idSuffix":"BDI-content"}},"wdio_ui5_key":"reusablesview.manageresources.NewResourceUnitsap.m.Button{\"propertyName\":\"tooltip\",\"key\":\"save\"}"}]}
RESULT: {"script":"<script> [1562 bytes]","args":[{"selector":{"controlType":"sap.m.Button","viewName":"reusables.view.manageresources.NewResourceUnit","viewId":"application-manageresources-display-component---newResourceUnit","i18NText":{"propertyName":"tooltip","key":"save"},"interaction":{"idSuffix":"BDI-content"}},"wdio_ui5_key":"reusablesview.manageresources.NewResourceUnitsap.m.Button{\"propertyName\":\"tooltip\",\"key\":\"save\"}"}]}
RESULT: undefined
COMMAND: POST /session/582ce5f850a124cd0c5f6fc14f02a0d2/element - {"using":"xpath","value":"//*[@id=\"application-manageresources-display-component---newResourceUnit--createRuButton\"]"}
RESULT: {"using":"xpath","value":"//*[@id=\"application-manageresources-display-component---newResourceUnit--createRuButton\"]"}
COMMAND: POST /session/582ce5f850a124cd0c5f6fc14f02a0d2/element/f.92142B0E1996143B500ED3F2A7F6BA2F.d.76BEAC841B8D0BE0ABB3F384C6CFF6AE.e.7226/click - {}
RESULT: {}
COMMAND: POST /session/582ce5f850a124cd0c5f6fc14f02a0d2/execute/async - {"script":"<script> [1562 bytes]","args":[{"selector":{"controlType":"sap.m.Button","properties":{"text":"Close"},"searchOpenDialogs":true,"interaction":{"idSuffix":"BDI-content"}},"wdio_ui5_key":"sapm.Button{\"text\":\"Close\"}"}]}
COMMAND: GET /session/582ce5f850a124cd0c5f6fc14f02a0d2/screenshot - {}
RESULT: {"script":"<script> [1562 bytes]","args":[{"selector":{"controlType":"sap.m.Button","properties":{"text":"Close"},"searchOpenDialogs":true,"interaction":{"idSuffix":"BDI-content"}},"wdio_ui5_key":"sapm.Button{\"text\":\"Close\"}"}]}
RESULT: undefined
COMMAND: POST /session/582ce5f850a124cd0c5f6fc14f02a0d2/element - {"using":"xpath","value":"//*[@id=\"__mbox-btn-0\"]"}
RESULT: {}
RESULT: {"using":"xpath","value":"//*[@id=\"__mbox-btn-0\"]"}
COMMAND: POST /session/582ce5f850a124cd0c5f6fc14f02a0d2/element/f.92142B0E1996143B500ED3F2A7F6BA2F.d.76BEAC841B8D0BE0ABB3F384C6CFF6AE.e.7303/click - {}
RESULT: {}
COMMAND: GET /session/582ce5f850a124cd0c5f6fc14f02a0d2/screenshot - {}
RESULT: {}
COMMAND: POST /session/582ce5f850a124cd0c5f6fc14f02a0d2/execute/async - {"script":"<script> [1562 bytes]","args":[{"selector":{"controlType":"sap.m.Text","viewName":"etm.portal.ui.manageresources.view.Detail","viewId":"application-manageresources-display-component---detailRU","bindingPath":{"propertyPath":"ID","modelName":"catalogModel"}},"wdio_ui5_key":"etmportal.ui.manageresources.view.Detailsap.m.Text{\"propertyPath\":\"ID\",\"modelName\":\"catalogModel\"}"}]}
RESULT: {"script":"<script> [1562 bytes]","args":[{"selector":{"controlType":"sap.m.Text","viewName":"etm.portal.ui.manageresources.view.Detail","viewId":"application-manageresources-display-component---detailRU","bindingPath":{"propertyPath":"ID","modelName":"catalogModel"}},"wdio_ui5_key":"etmportal.ui.manageresources.view.Detailsap.m.Text{\"propertyPath\":\"ID\",\"modelName\":\"catalogModel\"}"}]}
RESULT: undefined
COMMAND: POST /session/582ce5f850a124cd0c5f6fc14f02a0d2/execute/async - {"script":"<script> [6424 bytes]","args":[{"element-6066-11e4-a52e-4f735466cecf":"f.92142B0E1996143B500ED3F2A7F6BA2F.d.76BEAC841B8D0BE0ABB3F384C6CFF6AE.e.7339"},"getText",[]]}
RESULT: {"script":"<script> [6424 bytes]","args":[{"element-6066-11e4-a52e-4f735466cecf":"f.92142B0E1996143B500ED3F2A7F6BA2F.d.76BEAC841B8D0BE0ABB3F384C6CFF6AE.e.7339"},"getText",[]]}
COMMAND: POST /session/582ce5f850a124cd0c5f6fc14f02a0d2/element - {"using":"css selector","value":"#shell-header-logo"}
RESULT: {"using":"css selector","value":"#shell-header-logo"}
COMMAND: POST /session/582ce5f850a124cd0c5f6fc14f02a0d2/element/f.92142B0E1996143B500ED3F2A7F6BA2F.d.76BEAC841B8D0BE0ABB3F384C6CFF6AE.e.6859/click - {}
RESULT: {}
COMMAND: GET /session/582ce5f850a124cd0c5f6fc14f02a0d2/screenshot - {}
RESULT: {}
]]></system-out>
    </testcase>
    <testcase classname="chrome.135_0_7049_96.windows.Provide_to_Site_w/_warehouse_management_w/o_clarification_US113782_" name="Bin Status Report Should Create New Organization yard" time="51.611">
      <system-out><![CDATA[
COMMAND: POST /session/582ce5f850a124cd0c5f6fc14f02a0d2/execute/async - {"script":"<script> [1562 bytes]","args":[{"selector":{"controlType":"sap.m.GenericTile","properties":{"header":"Bin Status Report"}},"wdio_ui5_key":"sapm.GenericTile{\"header\":\"Bin Status Report\"}"}]}
RESULT: {"script":"<script> [1562 bytes]","args":[{"selector":{"controlType":"sap.m.GenericTile","properties":{"header":"Bin Status Report"}},"wdio_ui5_key":"sapm.GenericTile{\"header\":\"Bin Status Report\"}"}]}
RESULT: undefined
COMMAND: POST /session/582ce5f850a124cd0c5f6fc14f02a0d2/element - {"using":"xpath","value":"//*[@id=\"__tile104\"]"}
RESULT: {"using":"xpath","value":"//*[@id=\"__tile104\"]"}
COMMAND: POST /session/582ce5f850a124cd0c5f6fc14f02a0d2/element/f.92142B0E1996143B500ED3F2A7F6BA2F.d.76BEAC841B8D0BE0ABB3F384C6CFF6AE.e.7343/click - {}
RESULT: {}
COMMAND: GET /session/582ce5f850a124cd0c5f6fc14f02a0d2/screenshot - {}
RESULT: {}
COMMAND: POST /session/582ce5f850a124cd0c5f6fc14f02a0d2/execute/async - {"script":"<script> [1562 bytes]","args":[{"selector":{"id":"application-binstatusreport-display-component---warehousing--createOrgBtn","interaction":{"idSuffix":"content"}},"wdio_ui5_key":"applicationbinstatusreport-display-component---warehousing--createOrgBtn"}]}
RESULT: {"script":"<script> [1562 bytes]","args":[{"selector":{"id":"application-binstatusreport-display-component---warehousing--createOrgBtn","interaction":{"idSuffix":"content"}},"wdio_ui5_key":"applicationbinstatusreport-display-component---warehousing--createOrgBtn"}]}
RESULT: undefined
COMMAND: POST /session/582ce5f850a124cd0c5f6fc14f02a0d2/element - {"using":"xpath","value":"//*[@id=\"application-binstatusreport-display-component---warehousing--createOrgBtn\"]"}
RESULT: {"using":"xpath","value":"//*[@id=\"application-binstatusreport-display-component---warehousing--createOrgBtn\"]"}
COMMAND: POST /session/582ce5f850a124cd0c5f6fc14f02a0d2/element/f.92142B0E1996143B500ED3F2A7F6BA2F.d.76BEAC841B8D0BE0ABB3F384C6CFF6AE.e.7402/click - {}
RESULT: {}
COMMAND: POST /session/582ce5f850a124cd0c5f6fc14f02a0d2/execute/async - {"script":"<script> [1562 bytes]","args":[{"selector":{"id":"createOrganizationPop--sectionInput","searchOpenDialogs":true,"interaction":{"idSuffix":"inner"}},"wdio_ui5_key":"createOrganizationPopsectionInput"}]}
COMMAND: GET /session/582ce5f850a124cd0c5f6fc14f02a0d2/screenshot - {}
RESULT: {"script":"<script> [1562 bytes]","args":[{"selector":{"id":"createOrganizationPop--sectionInput","searchOpenDialogs":true,"interaction":{"idSuffix":"inner"}},"wdio_ui5_key":"createOrganizationPopsectionInput"}]}
RESULT: undefined
COMMAND: POST /session/582ce5f850a124cd0c5f6fc14f02a0d2/execute/async - {"script":"<script> [776 bytes]","args":[{"enterText":"WDI410","selector":{"id":"createOrganizationPop--sectionInput","searchOpenDialogs":true,"interaction":{"idSuffix":"inner"}},"clearTextFirst":true,"interactionType":"ENTER_TEXT"}]}
RESULT: {}
RESULT: {"script":"<script> [776 bytes]","args":[{"enterText":"WDI410","selector":{"id":"createOrganizationPop--sectionInput","searchOpenDialogs":true,"interaction":{"idSuffix":"inner"}},"clearTextFirst":true,"interactionType":"ENTER_TEXT"}]}
COMMAND: POST /session/582ce5f850a124cd0c5f6fc14f02a0d2/execute/async - {"script":"<script> [1562 bytes]","args":[{"selector":{"id":"createOrganizationPop--descriptionInput","searchOpenDialogs":true,"interaction":{"idSuffix":"inner"}},"wdio_ui5_key":"createOrganizationPopdescriptionInput"}]}
RESULT: {"script":"<script> [1562 bytes]","args":[{"selector":{"id":"createOrganizationPop--descriptionInput","searchOpenDialogs":true,"interaction":{"idSuffix":"inner"}},"wdio_ui5_key":"createOrganizationPopdescriptionInput"}]}
RESULT: undefined
COMMAND: POST /session/582ce5f850a124cd0c5f6fc14f02a0d2/execute/async - {"script":"<script> [776 bytes]","args":[{"enterText":"Shipping410","selector":{"id":"createOrganizationPop--descriptionInput","searchOpenDialogs":true,"interaction":{"idSuffix":"inner"}},"clearTextFirst":true,"interactionType":"ENTER_TEXT"}]}
RESULT: {"script":"<script> [776 bytes]","args":[{"enterText":"Shipping410","selector":{"id":"createOrganizationPop--descriptionInput","searchOpenDialogs":true,"interaction":{"idSuffix":"inner"}},"clearTextFirst":true,"interactionType":"ENTER_TEXT"}]}
COMMAND: POST /session/582ce5f850a124cd0c5f6fc14f02a0d2/element - {"using":"css selector","value":"#createOrganizationPop--yardOrg-inner"}
RESULT: {"using":"css selector","value":"#createOrganizationPop--yardOrg-inner"}
COMMAND: POST /session/582ce5f850a124cd0c5f6fc14f02a0d2/element/f.92142B0E1996143B500ED3F2A7F6BA2F.d.76BEAC841B8D0BE0ABB3F384C6CFF6AE.e.7442/clear - {}
RESULT: {}
COMMAND: POST /session/582ce5f850a124cd0c5f6fc14f02a0d2/element/f.92142B0E1996143B500ED3F2A7F6BA2F.d.76BEAC841B8D0BE0ABB3F384C6CFF6AE.e.7442/value - {"text":"410"}
COMMAND: GET /session/582ce5f850a124cd0c5f6fc14f02a0d2/screenshot - {}
RESULT: {"text":"410"}
COMMAND: GET /session/582ce5f850a124cd0c5f6fc14f02a0d2/screenshot - {}
RESULT: {}
RESULT: {}
COMMAND: POST /session/582ce5f850a124cd0c5f6fc14f02a0d2/actions - {"actions":[{"id":"action29","type":"key","parameters":{},"actions":[{"type":"keyDown","value":"î€‡"},{"type":"pause","duration":10},{"type":"keyUp","value":"î€‡"}]}]}
RESULT: {"actions":[{"id":"action29","type":"key","parameters":{},"actions":[{"type":"keyDown","value":"î€‡"},{"type":"pause","duration":10},{"type":"keyUp","value":"î€‡"}]}]}
COMMAND: POST /session/582ce5f850a124cd0c5f6fc14f02a0d2/execute/async - {"script":"<script> [1562 bytes]","args":[{"selector":{"id":"createOrganizationPop--grZone","searchOpenDialogs":true,"interaction":{"idSuffix":"CbBg"}},"wdio_ui5_key":"createOrganizationPopgrZone"}]}
COMMAND: GET /session/582ce5f850a124cd0c5f6fc14f02a0d2/screenshot - {}
RESULT: {"script":"<script> [1562 bytes]","args":[{"selector":{"id":"createOrganizationPop--grZone","searchOpenDialogs":true,"interaction":{"idSuffix":"CbBg"}},"wdio_ui5_key":"createOrganizationPopgrZone"}]}
RESULT: undefined
COMMAND: POST /session/582ce5f850a124cd0c5f6fc14f02a0d2/element - {"using":"xpath","value":"//*[@id=\"createOrganizationPop--grZone\"]"}
RESULT: {}
RESULT: {"using":"xpath","value":"//*[@id=\"createOrganizationPop--grZone\"]"}
COMMAND: POST /session/582ce5f850a124cd0c5f6fc14f02a0d2/element/f.92142B0E1996143B500ED3F2A7F6BA2F.d.76BEAC841B8D0BE0ABB3F384C6CFF6AE.e.7463/click - {}
RESULT: {}
COMMAND: POST /session/582ce5f850a124cd0c5f6fc14f02a0d2/execute/async - {"script":"<script> [1562 bytes]","args":[{"selector":{"id":"createOrganizationPop--giZone","searchOpenDialogs":true,"interaction":{"idSuffix":"CbBg"}},"wdio_ui5_key":"createOrganizationPopgiZone"}]}
COMMAND: GET /session/582ce5f850a124cd0c5f6fc14f02a0d2/screenshot - {}
RESULT: {"script":"<script> [1562 bytes]","args":[{"selector":{"id":"createOrganizationPop--giZone","searchOpenDialogs":true,"interaction":{"idSuffix":"CbBg"}},"wdio_ui5_key":"createOrganizationPopgiZone"}]}
RESULT: undefined
COMMAND: POST /session/582ce5f850a124cd0c5f6fc14f02a0d2/element - {"using":"xpath","value":"//*[@id=\"createOrganizationPop--giZone\"]"}
RESULT: {}
RESULT: {"using":"xpath","value":"//*[@id=\"createOrganizationPop--giZone\"]"}
COMMAND: POST /session/582ce5f850a124cd0c5f6fc14f02a0d2/element/f.92142B0E1996143B500ED3F2A7F6BA2F.d.76BEAC841B8D0BE0ABB3F384C6CFF6AE.e.7465/click - {}
RESULT: {}
COMMAND: POST /session/582ce5f850a124cd0c5f6fc14f02a0d2/execute/async - {"script":"<script> [1562 bytes]","args":[{"selector":{"id":"createOrganizationPop--binNoInput","searchOpenDialogs":true,"interaction":{"idSuffix":"inner"}},"wdio_ui5_key":"createOrganizationPopbinNoInput"}]}
COMMAND: GET /session/582ce5f850a124cd0c5f6fc14f02a0d2/screenshot - {}
RESULT: {"script":"<script> [1562 bytes]","args":[{"selector":{"id":"createOrganizationPop--binNoInput","searchOpenDialogs":true,"interaction":{"idSuffix":"inner"}},"wdio_ui5_key":"createOrganizationPopbinNoInput"}]}
RESULT: undefined
COMMAND: POST /session/582ce5f850a124cd0c5f6fc14f02a0d2/execute/async - {"script":"<script> [776 bytes]","args":[{"enterText":"Bin-Wd","selector":{"id":"createOrganizationPop--binNoInput","searchOpenDialogs":true,"interaction":{"idSuffix":"inner"}},"clearTextFirst":true,"interactionType":"ENTER_TEXT"}]}
RESULT: {}
RESULT: {"script":"<script> [776 bytes]","args":[{"enterText":"Bin-Wd","selector":{"id":"createOrganizationPop--binNoInput","searchOpenDialogs":true,"interaction":{"idSuffix":"inner"}},"clearTextFirst":true,"interactionType":"ENTER_TEXT"}]}
COMMAND: POST /session/582ce5f850a124cd0c5f6fc14f02a0d2/execute/async - {"script":"<script> [1562 bytes]","args":[{"selector":{"id":"createOrganizationPop--descriptionId","searchOpenDialogs":true,"interaction":{"idSuffix":"inner"}},"wdio_ui5_key":"createOrganizationPopdescriptionId"}]}
RESULT: {"script":"<script> [1562 bytes]","args":[{"selector":{"id":"createOrganizationPop--descriptionId","searchOpenDialogs":true,"interaction":{"idSuffix":"inner"}},"wdio_ui5_key":"createOrganizationPopdescriptionId"}]}
RESULT: undefined
COMMAND: POST /session/582ce5f850a124cd0c5f6fc14f02a0d2/execute/async - {"script":"<script> [776 bytes]","args":[{"enterText":"Shipping-Wd","selector":{"id":"createOrganizationPop--descriptionId","searchOpenDialogs":true,"interaction":{"idSuffix":"inner"}},"clearTextFirst":true,"interactionType":"ENTER_TEXT"}]}
RESULT: {"script":"<script> [776 bytes]","args":[{"enterText":"Shipping-Wd","selector":{"id":"createOrganizationPop--descriptionId","searchOpenDialogs":true,"interaction":{"idSuffix":"inner"}},"clearTextFirst":true,"interactionType":"ENTER_TEXT"}]}
COMMAND: POST /session/582ce5f850a124cd0c5f6fc14f02a0d2/execute/async - {"script":"<script> [1562 bytes]","args":[{"selector":{"controlType":"sap.m.CheckBox","viewName":"etm.portal.ui.binstatusreport.view.MasterWareBins","viewId":"application-binstatusreport-display-component---warehousing","bindingPath":{"path":"","propertyPath":"/ZONE","modelName":"newBin"},"searchOpenDialogs":true,"interaction":{"idSuffix":"CbBg"}},"wdio_ui5_key":"etmportal.ui.binstatusreport.view.MasterWareBinssap.m.CheckBox{\"path\":\"\",\"propertyPath\":\"/ZONE\",\"modelName\":\"newBin\"}"}]}
RESULT: {"script":"<script> [1562 bytes]","args":[{"selector":{"controlType":"sap.m.CheckBox","viewName":"etm.portal.ui.binstatusreport.view.MasterWareBins","viewId":"application-binstatusreport-display-component---warehousing","bindingPath":{"path":"","propertyPath":"/ZONE","modelName":"newBin"},"searchOpenDialogs":true,"interaction":{"idSuffix":"CbBg"}},"wdio_ui5_key":"etmportal.ui.binstatusreport.view.MasterWareBinssap.m.CheckBox{\"path\":\"\",\"propertyPath\":\"/ZONE\",\"modelName\":\"newBin\"}"}]}
RESULT: undefined
COMMAND: POST /session/582ce5f850a124cd0c5f6fc14f02a0d2/element - {"using":"xpath","value":"//*[@id=\"__box56\"]"}
RESULT: {"using":"xpath","value":"//*[@id=\"__box56\"]"}
COMMAND: POST /session/582ce5f850a124cd0c5f6fc14f02a0d2/element/f.92142B0E1996143B500ED3F2A7F6BA2F.d.76BEAC841B8D0BE0ABB3F384C6CFF6AE.e.7469/click - {}
RESULT: {}
COMMAND: POST /session/582ce5f850a124cd0c5f6fc14f02a0d2/execute/async - {"script":"<script> [1562 bytes]","args":[{"selector":{"id":"createOrganizationPop--binTypesCB","searchOpenDialogs":true,"interaction":{"idSuffix":"inner"}},"wdio_ui5_key":"createOrganizationPopbinTypesCB"}]}
COMMAND: GET /session/582ce5f850a124cd0c5f6fc14f02a0d2/screenshot - {}
RESULT: {"script":"<script> [1562 bytes]","args":[{"selector":{"id":"createOrganizationPop--binTypesCB","searchOpenDialogs":true,"interaction":{"idSuffix":"inner"}},"wdio_ui5_key":"createOrganizationPopbinTypesCB"}]}
RESULT: undefined
COMMAND: POST /session/582ce5f850a124cd0c5f6fc14f02a0d2/execute/async - {"script":"<script> [776 bytes]","args":[{"enterText":"1 - General / No capacity check","selector":{"id":"createOrganizationPop--binTypesCB","searchOpenDialogs":true,"interaction":{"idSuffix":"inner"}},"clearTextFirst":true,"interactionType":"ENTER_TEXT"}]}
RESULT: {}
RESULT: {"script":"<script> [776 bytes]","args":[{"enterText":"1 - General / No capacity check","selector":{"id":"createOrganizationPop--binTypesCB","searchOpenDialogs":true,"interaction":{"idSuffix":"inner"}},"clearTextFirst":true,"interactionType":"ENTER_TEXT"}]}
COMMAND: POST /session/582ce5f850a124cd0c5f6fc14f02a0d2/actions - {"actions":[{"id":"action30","type":"key","parameters":{},"actions":[{"type":"keyDown","value":"î€‡"},{"type":"pause","duration":10},{"type":"keyUp","value":"î€‡"}]}]}
RESULT: {"actions":[{"id":"action30","type":"key","parameters":{},"actions":[{"type":"keyDown","value":"î€‡"},{"type":"pause","duration":10},{"type":"keyUp","value":"î€‡"}]}]}
COMMAND: GET /session/582ce5f850a124cd0c5f6fc14f02a0d2/screenshot - {}
RESULT: {}
COMMAND: POST /session/582ce5f850a124cd0c5f6fc14f02a0d2/execute/async - {"script":"<script> [1562 bytes]","args":[{"selector":{"id":"createOrganizationPop--finishBtn","searchOpenDialogs":true,"interaction":{"idSuffix":"BDI-content"}},"wdio_ui5_key":"createOrganizationPopfinishBtn"}]}
RESULT: {"script":"<script> [1562 bytes]","args":[{"selector":{"id":"createOrganizationPop--finishBtn","searchOpenDialogs":true,"interaction":{"idSuffix":"BDI-content"}},"wdio_ui5_key":"createOrganizationPopfinishBtn"}]}
RESULT: undefined
COMMAND: POST /session/582ce5f850a124cd0c5f6fc14f02a0d2/element - {"using":"xpath","value":"//*[@id=\"createOrganizationPop--finishBtn\"]"}
RESULT: {"using":"xpath","value":"//*[@id=\"createOrganizationPop--finishBtn\"]"}
COMMAND: POST /session/582ce5f850a124cd0c5f6fc14f02a0d2/element/f.92142B0E1996143B500ED3F2A7F6BA2F.d.76BEAC841B8D0BE0ABB3F384C6CFF6AE.e.7477/click - {}
RESULT: {}
]]></system-out>
    </testcase>
    <testcase classname="chrome.135_0_7049_96.windows.Provide_to_Site_w/_warehouse_management_w/o_clarification_US113782_" name="Bin Status Report Should Create New Organization for Site" time="35.065">
      <system-out><![CDATA[
COMMAND: GET /session/582ce5f850a124cd0c5f6fc14f02a0d2/screenshot - {}
RESULT: {}
RESULT: undefined
COMMAND: POST /session/582ce5f850a124cd0c5f6fc14f02a0d2/element - {"using":"xpath","value":"//*[@id=\"application-binstatusreport-display-component---warehousing--createOrgBtn\"]"}
RESULT: {"using":"xpath","value":"//*[@id=\"application-binstatusreport-display-component---warehousing--createOrgBtn\"]"}
COMMAND: POST /session/582ce5f850a124cd0c5f6fc14f02a0d2/element/f.92142B0E1996143B500ED3F2A7F6BA2F.d.76BEAC841B8D0BE0ABB3F384C6CFF6AE.e.7402/click - {}
RESULT: {}
RESULT: undefined
COMMAND: POST /session/582ce5f850a124cd0c5f6fc14f02a0d2/execute/async - {"script":"<script> [776 bytes]","args":[{"enterText":"2251","selector":{"id":"createOrganizationPop--sectionInput","searchOpenDialogs":true,"interaction":{"idSuffix":"inner"}},"clearTextFirst":true,"interactionType":"ENTER_TEXT"}]}
COMMAND: GET /session/582ce5f850a124cd0c5f6fc14f02a0d2/screenshot - {}
RESULT: {"script":"<script> [776 bytes]","args":[{"enterText":"2251","selector":{"id":"createOrganizationPop--sectionInput","searchOpenDialogs":true,"interaction":{"idSuffix":"inner"}},"clearTextFirst":true,"interactionType":"ENTER_TEXT"}]}
RESULT: undefined
COMMAND: POST /session/582ce5f850a124cd0c5f6fc14f02a0d2/execute/async - {"script":"<script> [776 bytes]","args":[{"enterText":"WDI2251","selector":{"id":"createOrganizationPop--descriptionInput","searchOpenDialogs":true,"interaction":{"idSuffix":"inner"}},"clearTextFirst":true,"interactionType":"ENTER_TEXT"}]}
RESULT: {}
RESULT: {"script":"<script> [776 bytes]","args":[{"enterText":"WDI2251","selector":{"id":"createOrganizationPop--descriptionInput","searchOpenDialogs":true,"interaction":{"idSuffix":"inner"}},"clearTextFirst":true,"interactionType":"ENTER_TEXT"}]}
COMMAND: POST /session/582ce5f850a124cd0c5f6fc14f02a0d2/element - {"using":"css selector","value":"#createOrganizationPop--siteOrg-inner"}
RESULT: {"using":"css selector","value":"#createOrganizationPop--siteOrg-inner"}
COMMAND: POST /session/582ce5f850a124cd0c5f6fc14f02a0d2/element/f.92142B0E1996143B500ED3F2A7F6BA2F.d.76BEAC841B8D0BE0ABB3F384C6CFF6AE.e.7482/clear - {}
RESULT: {}
COMMAND: POST /session/582ce5f850a124cd0c5f6fc14f02a0d2/element/f.92142B0E1996143B500ED3F2A7F6BA2F.d.76BEAC841B8D0BE0ABB3F384C6CFF6AE.e.7482/value - {"text":"2251"}
COMMAND: GET /session/582ce5f850a124cd0c5f6fc14f02a0d2/screenshot - {}
RESULT: {"text":"2251"}
COMMAND: GET /session/582ce5f850a124cd0c5f6fc14f02a0d2/screenshot - {}
RESULT: {}
RESULT: {}
COMMAND: POST /session/582ce5f850a124cd0c5f6fc14f02a0d2/actions - {"actions":[{"id":"action31","type":"key","parameters":{},"actions":[{"type":"keyDown","value":"î€‡"},{"type":"pause","duration":10},{"type":"keyUp","value":"î€‡"}]}]}
RESULT: {"actions":[{"id":"action31","type":"key","parameters":{},"actions":[{"type":"keyDown","value":"î€‡"},{"type":"pause","duration":10},{"type":"keyUp","value":"î€‡"}]}]}
RESULT: undefined
COMMAND: POST /session/582ce5f850a124cd0c5f6fc14f02a0d2/element - {"using":"xpath","value":"//*[@id=\"createOrganizationPop--giZone\"]"}
COMMAND: GET /session/582ce5f850a124cd0c5f6fc14f02a0d2/screenshot - {}
RESULT: {"using":"xpath","value":"//*[@id=\"createOrganizationPop--giZone\"]"}
COMMAND: POST /session/582ce5f850a124cd0c5f6fc14f02a0d2/element/f.92142B0E1996143B500ED3F2A7F6BA2F.d.76BEAC841B8D0BE0ABB3F384C6CFF6AE.e.7500/click - {}
RESULT: {}
RESULT: {}
RESULT: undefined
COMMAND: POST /session/582ce5f850a124cd0c5f6fc14f02a0d2/execute/async - {"script":"<script> [776 bytes]","args":[{"enterText":"WD-BIN","selector":{"id":"createOrganizationPop--binNoInput","searchOpenDialogs":true,"interaction":{"idSuffix":"inner"}},"clearTextFirst":true,"interactionType":"ENTER_TEXT"}]}
COMMAND: GET /session/582ce5f850a124cd0c5f6fc14f02a0d2/screenshot - {}
RESULT: {"script":"<script> [776 bytes]","args":[{"enterText":"WD-BIN","selector":{"id":"createOrganizationPop--binNoInput","searchOpenDialogs":true,"interaction":{"idSuffix":"inner"}},"clearTextFirst":true,"interactionType":"ENTER_TEXT"}]}
RESULT: undefined
COMMAND: POST /session/582ce5f850a124cd0c5f6fc14f02a0d2/execute/async - {"script":"<script> [776 bytes]","args":[{"enterText":"WD-BIN","selector":{"id":"createOrganizationPop--descriptionId","searchOpenDialogs":true,"interaction":{"idSuffix":"inner"}},"clearTextFirst":true,"interactionType":"ENTER_TEXT"}]}
RESULT: {}
RESULT: {"script":"<script> [776 bytes]","args":[{"enterText":"WD-BIN","selector":{"id":"createOrganizationPop--descriptionId","searchOpenDialogs":true,"interaction":{"idSuffix":"inner"}},"clearTextFirst":true,"interactionType":"ENTER_TEXT"}]}
COMMAND: POST /session/582ce5f850a124cd0c5f6fc14f02a0d2/execute/async - {"script":"<script> [1562 bytes]","args":[{"selector":{"controlType":"sap.m.CheckBox","viewName":"etm.portal.ui.binstatusreport.view.MasterWareBins","viewId":"application-binstatusreport-display-component---warehousing","bindingPath":{"propertyPath":"/ZONE","modelName":"newBin"},"searchOpenDialogs":true,"interaction":{"idSuffix":"CbBg"}},"wdio_ui5_key":"etmportal.ui.binstatusreport.view.MasterWareBinssap.m.CheckBox{\"propertyPath\":\"/ZONE\",\"modelName\":\"newBin\"}"}]}
RESULT: {"script":"<script> [1562 bytes]","args":[{"selector":{"controlType":"sap.m.CheckBox","viewName":"etm.portal.ui.binstatusreport.view.MasterWareBins","viewId":"application-binstatusreport-display-component---warehousing","bindingPath":{"propertyPath":"/ZONE","modelName":"newBin"},"searchOpenDialogs":true,"interaction":{"idSuffix":"CbBg"}},"wdio_ui5_key":"etmportal.ui.binstatusreport.view.MasterWareBinssap.m.CheckBox{\"propertyPath\":\"/ZONE\",\"modelName\":\"newBin\"}"}]}
RESULT: undefined
COMMAND: POST /session/582ce5f850a124cd0c5f6fc14f02a0d2/element - {"using":"xpath","value":"//*[@id=\"__box59\"]"}
RESULT: {"using":"xpath","value":"//*[@id=\"__box59\"]"}
COMMAND: POST /session/582ce5f850a124cd0c5f6fc14f02a0d2/element/f.92142B0E1996143B500ED3F2A7F6BA2F.d.76BEAC841B8D0BE0ABB3F384C6CFF6AE.e.7502/click - {}
RESULT: {}
COMMAND: GET /session/582ce5f850a124cd0c5f6fc14f02a0d2/screenshot - {}
RESULT: {}
RESULT: undefined
COMMAND: POST /session/582ce5f850a124cd0c5f6fc14f02a0d2/execute/async - {"script":"<script> [776 bytes]","args":[{"enterText":"1 - General / No capacity check","selector":{"id":"createOrganizationPop--binTypesCB","searchOpenDialogs":true,"interaction":{"idSuffix":"inner"}},"clearTextFirst":true,"interactionType":"ENTER_TEXT"}]}
RESULT: {"script":"<script> [776 bytes]","args":[{"enterText":"1 - General / No capacity check","selector":{"id":"createOrganizationPop--binTypesCB","searchOpenDialogs":true,"interaction":{"idSuffix":"inner"}},"clearTextFirst":true,"interactionType":"ENTER_TEXT"}]}
COMMAND: POST /session/582ce5f850a124cd0c5f6fc14f02a0d2/execute/async - {"script":"<script> [1562 bytes]","args":[{"selector":{"id":"createOrganizationPop--capacityId","searchOpenDialogs":true,"interaction":{"idSuffix":"inner"}},"wdio_ui5_key":"createOrganizationPopcapacityId"}]}
RESULT: {"script":"<script> [1562 bytes]","args":[{"selector":{"id":"createOrganizationPop--capacityId","searchOpenDialogs":true,"interaction":{"idSuffix":"inner"}},"wdio_ui5_key":"createOrganizationPopcapacityId"}]}
RESULT: undefined
COMMAND: POST /session/582ce5f850a124cd0c5f6fc14f02a0d2/actions - {"actions":[{"id":"action32","type":"key","parameters":{},"actions":[{"type":"keyDown","value":"î€‡"},{"type":"pause","duration":10},{"type":"keyUp","value":"î€‡"}]}]}
RESULT: {"actions":[{"id":"action32","type":"key","parameters":{},"actions":[{"type":"keyDown","value":"î€‡"},{"type":"pause","duration":10},{"type":"keyUp","value":"î€‡"}]}]}
COMMAND: GET /session/582ce5f850a124cd0c5f6fc14f02a0d2/screenshot - {}
RESULT: {}
RESULT: undefined
COMMAND: POST /session/582ce5f850a124cd0c5f6fc14f02a0d2/element - {"using":"xpath","value":"//*[@id=\"createOrganizationPop--finishBtn\"]"}
RESULT: {"using":"xpath","value":"//*[@id=\"createOrganizationPop--finishBtn\"]"}
COMMAND: POST /session/582ce5f850a124cd0c5f6fc14f02a0d2/element/f.92142B0E1996143B500ED3F2A7F6BA2F.d.76BEAC841B8D0BE0ABB3F384C6CFF6AE.e.7509/click - {}
RESULT: {}
COMMAND: POST /session/582ce5f850a124cd0c5f6fc14f02a0d2/element - {"using":"css selector","value":"#shell-header-logo"}
COMMAND: GET /session/582ce5f850a124cd0c5f6fc14f02a0d2/screenshot - {}
RESULT: {"using":"css selector","value":"#shell-header-logo"}
COMMAND: POST /session/582ce5f850a124cd0c5f6fc14f02a0d2/element/f.92142B0E1996143B500ED3F2A7F6BA2F.d.76BEAC841B8D0BE0ABB3F384C6CFF6AE.e.7349/click - {}
RESULT: {}
RESULT: {}
COMMAND: GET /session/582ce5f850a124cd0c5f6fc14f02a0d2/screenshot - {}
]]></system-out>
    </testcase>
  </testsuite>
  <testsuite timestamp="2025-04-29T17:01:48" time="517.351" tests="5" failures="0" errors="0" skipped="0">
    <properties>
      <property name="specId" value="0" />
      <property name="suiteName" value="Provide to Site w/ warehouse management wo clarification" />
      <property name="capabilities" value="chrome.135_0_7049_96.windows" />
      <property name="file" value="file:///D:/a/1/s/test/specs/HTR/provide-to-site-w-warehouse-wo-clarification.spec.js" />
    </properties>
    <testcase classname="chrome.135_0_7049_96.windows.Provide_to_Site_w/_warehouse_management_wo_clarification" name="Should do a stock increase handover" time="82.866">
      <system-out><![CDATA[
COMMAND: POST /session/582ce5f850a124cd0c5f6fc14f02a0d2/execute/async - {"script":"<script> [1562 bytes]","args":[{"selector":{"controlType":"sap.m.GenericTile","properties":{"header":"Manage Handovers"}},"wdio_ui5_key":"sapm.GenericTile{\"header\":\"Manage Handovers\"}"}]}
RESULT: {}
RESULT: {"script":"<script> [1562 bytes]","args":[{"selector":{"controlType":"sap.m.GenericTile","properties":{"header":"Manage Handovers"}},"wdio_ui5_key":"sapm.GenericTile{\"header\":\"Manage Handovers\"}"}]}
RESULT: undefined
COMMAND: POST /session/582ce5f850a124cd0c5f6fc14f02a0d2/element - {"using":"xpath","value":"//*[@id=\"__tile132\"]"}
RESULT: {"using":"xpath","value":"//*[@id=\"__tile132\"]"}
COMMAND: POST /session/582ce5f850a124cd0c5f6fc14f02a0d2/element/f.92142B0E1996143B500ED3F2A7F6BA2F.d.76BEAC841B8D0BE0ABB3F384C6CFF6AE.e.7514/click - {}
RESULT: {}
COMMAND: GET /session/582ce5f850a124cd0c5f6fc14f02a0d2/screenshot - {}
RESULT: {}
COMMAND: POST /session/582ce5f850a124cd0c5f6fc14f02a0d2/element - {"using":"xpath","value":"//button[(@data-kt = 'masterHOAddButton')]"}
RESULT: {"using":"xpath","value":"//button[(@data-kt = 'masterHOAddButton')]"}
COMMAND: POST /session/582ce5f850a124cd0c5f6fc14f02a0d2/elements - {"using":"xpath","value":"//button[(@data-kt = 'masterHOAddButton')]"}
RESULT: {"using":"xpath","value":"//button[(@data-kt = 'masterHOAddButton')]"}
COMMAND: POST /session/582ce5f850a124cd0c5f6fc14f02a0d2/elements - {"using":"xpath","value":"//button[(@data-kt = 'masterHOAddButton')]"}
RESULT: {"using":"xpath","value":"//button[(@data-kt = 'masterHOAddButton')]"}
COMMAND: POST /session/582ce5f850a124cd0c5f6fc14f02a0d2/elements - {"using":"xpath","value":"//button[(@data-kt = 'masterHOAddButton')]"}
RESULT: {"using":"xpath","value":"//button[(@data-kt = 'masterHOAddButton')]"}
COMMAND: POST /session/582ce5f850a124cd0c5f6fc14f02a0d2/elements - {"using":"xpath","value":"//button[(@data-kt = 'masterHOAddButton')]"}
RESULT: {"using":"xpath","value":"//button[(@data-kt = 'masterHOAddButton')]"}
COMMAND: POST /session/582ce5f850a124cd0c5f6fc14f02a0d2/elements - {"using":"xpath","value":"//button[(@data-kt = 'masterHOAddButton')]"}
RESULT: {"using":"xpath","value":"//button[(@data-kt = 'masterHOAddButton')]"}
COMMAND: POST /session/582ce5f850a124cd0c5f6fc14f02a0d2/element - {"using":"xpath","value":"//button[(@data-kt = 'masterHOAddButton')]"}
RESULT: {"using":"xpath","value":"//button[(@data-kt = 'masterHOAddButton')]"}
COMMAND: POST /session/582ce5f850a124cd0c5f6fc14f02a0d2/element/f.92142B0E1996143B500ED3F2A7F6BA2F.d.76BEAC841B8D0BE0ABB3F384C6CFF6AE.e.7546/click - {}
RESULT: {}
COMMAND: POST /session/582ce5f850a124cd0c5f6fc14f02a0d2/element - {"using":"css selector","value":"span[id=\"application-managehandovers-display-component---AddNewHO--typeSelect-label\"]"}
COMMAND: GET /session/582ce5f850a124cd0c5f6fc14f02a0d2/screenshot - {}
RESULT: {"using":"css selector","value":"span[id=\"application-managehandovers-display-component---AddNewHO--typeSelect-label\"]"}
COMMAND: POST /session/582ce5f850a124cd0c5f6fc14f02a0d2/element/f.92142B0E1996143B500ED3F2A7F6BA2F.d.76BEAC841B8D0BE0ABB3F384C6CFF6AE.e.7844/click - {}
RESULT: {}
RESULT: {}
COMMAND: POST /session/582ce5f850a124cd0c5f6fc14f02a0d2/element - {"using":"css selector","value":"#application-managehandovers-display-component---AddNewHO--oneStep-CB"}
COMMAND: GET /session/582ce5f850a124cd0c5f6fc14f02a0d2/screenshot - {}
RESULT: {"using":"css selector","value":"#application-managehandovers-display-component---AddNewHO--oneStep-CB"}
COMMAND: GET /session/582ce5f850a124cd0c5f6fc14f02a0d2/element/f.92142B0E1996143B500ED3F2A7F6BA2F.d.76BEAC841B8D0BE0ABB3F384C6CFF6AE.e.7785/selected - {}
RESULT: {}
RESULT: {}
COMMAND: POST /session/582ce5f850a124cd0c5f6fc14f02a0d2/element - {"using":"xpath","value":"//li[contains(text(), \"stock increase yard\")]"}
COMMAND: GET /session/582ce5f850a124cd0c5f6fc14f02a0d2/screenshot - {}
RESULT: {"using":"xpath","value":"//li[contains(text(), \"stock increase yard\")]"}
COMMAND: POST /session/582ce5f850a124cd0c5f6fc14f02a0d2/element/f.92142B0E1996143B500ED3F2A7F6BA2F.d.76BEAC841B8D0BE0ABB3F384C6CFF6AE.e.7849/click - {}
RESULT: {}
RESULT: {}
COMMAND: GET /session/582ce5f850a124cd0c5f6fc14f02a0d2/screenshot - {}
RESULT: {}
COMMAND: POST /session/582ce5f850a124cd0c5f6fc14f02a0d2/element - {"using":"css selector","value":"input[id=\"generalSectionFrg--receiveYard-inner\"]"}
RESULT: {"using":"css selector","value":"input[id=\"generalSectionFrg--receiveYard-inner\"]"}
COMMAND: POST /session/582ce5f850a124cd0c5f6fc14f02a0d2/element/f.92142B0E1996143B500ED3F2A7F6BA2F.d.76BEAC841B8D0BE0ABB3F384C6CFF6AE.e.7859/clear - {}
RESULT: {}
COMMAND: POST /session/582ce5f850a124cd0c5f6fc14f02a0d2/element/f.92142B0E1996143B500ED3F2A7F6BA2F.d.76BEAC841B8D0BE0ABB3F384C6CFF6AE.e.7859/value - {"text":"410"}
COMMAND: GET /session/582ce5f850a124cd0c5f6fc14f02a0d2/screenshot - {}
RESULT: {"text":"410"}
COMMAND: GET /session/582ce5f850a124cd0c5f6fc14f02a0d2/screenshot - {}
RESULT: {}
RESULT: {}
COMMAND: POST /session/582ce5f850a124cd0c5f6fc14f02a0d2/element - {"using":"css selector","value":"#application-managehandovers-display-component---AddNewHO--dueDate-inner"}
RESULT: {"using":"css selector","value":"#application-managehandovers-display-component---AddNewHO--dueDate-inner"}
COMMAND: POST /session/582ce5f850a124cd0c5f6fc14f02a0d2/element/f.92142B0E1996143B500ED3F2A7F6BA2F.d.76BEAC841B8D0BE0ABB3F384C6CFF6AE.e.7853/clear - {}
RESULT: {}
COMMAND: POST /session/582ce5f850a124cd0c5f6fc14f02a0d2/element/f.92142B0E1996143B500ED3F2A7F6BA2F.d.76BEAC841B8D0BE0ABB3F384C6CFF6AE.e.7853/value - {"text":"4/29/25"}
COMMAND: GET /session/582ce5f850a124cd0c5f6fc14f02a0d2/screenshot - {}
RESULT: {"text":"4/29/25"}
COMMAND: GET /session/582ce5f850a124cd0c5f6fc14f02a0d2/screenshot - {}
RESULT: {}
RESULT: {}
COMMAND: POST /session/582ce5f850a124cd0c5f6fc14f02a0d2/element - {"using":"xpath","value":"//bdi[(text() = 'Items' or . = 'Items')]"}
RESULT: {"using":"xpath","value":"//bdi[(text() = 'Items' or . = 'Items')]"}
COMMAND: POST /session/582ce5f850a124cd0c5f6fc14f02a0d2/element/f.92142B0E1996143B500ED3F2A7F6BA2F.d.76BEAC841B8D0BE0ABB3F384C6CFF6AE.e.7874/click - {}
RESULT: {}
COMMAND: GET /session/582ce5f850a124cd0c5f6fc14f02a0d2/screenshot - {}
RESULT: {}
COMMAND: POST /session/582ce5f850a124cd0c5f6fc14f02a0d2/element - {"using":"xpath","value":"//button[@aria-label=\"Add\"]"}
RESULT: {"using":"xpath","value":"//button[@aria-label=\"Add\"]"}
COMMAND: POST /session/582ce5f850a124cd0c5f6fc14f02a0d2/element/f.92142B0E1996143B500ED3F2A7F6BA2F.d.76BEAC841B8D0BE0ABB3F384C6CFF6AE.e.7879/click - {}
RESULT: {}
COMMAND: GET /session/582ce5f850a124cd0c5f6fc14f02a0d2/screenshot - {}
RESULT: {}
COMMAND: POST /session/582ce5f850a124cd0c5f6fc14f02a0d2/element - {"using":"css selector","value":"input[id= \"application-managehandovers-display-component---AddNewHO--smartFilterBar-btnBasicSearch-I\"]"}
RESULT: {"using":"css selector","value":"input[id= \"application-managehandovers-display-component---AddNewHO--smartFilterBar-btnBasicSearch-I\"]"}
COMMAND: POST /session/582ce5f850a124cd0c5f6fc14f02a0d2/element/f.92142B0E1996143B500ED3F2A7F6BA2F.d.76BEAC841B8D0BE0ABB3F384C6CFF6AE.e.7883/clear - {}
RESULT: {}
COMMAND: POST /session/582ce5f850a124cd0c5f6fc14f02a0d2/element/f.92142B0E1996143B500ED3F2A7F6BA2F.d.76BEAC841B8D0BE0ABB3F384C6CFF6AE.e.7883/value - {"text":"200200"}
COMMAND: GET /session/582ce5f850a124cd0c5f6fc14f02a0d2/screenshot - {}
RESULT: {"text":"200200"}
COMMAND: POST /session/582ce5f850a124cd0c5f6fc14f02a0d2/actions - {"actions":[{"id":"action33","type":"key","parameters":{},"actions":[{"type":"keyDown","value":"î€‡"},{"type":"pause","duration":10},{"type":"keyUp","value":"î€‡"}]}]}
COMMAND: GET /session/582ce5f850a124cd0c5f6fc14f02a0d2/screenshot - {}
RESULT: {}
RESULT: {"actions":[{"id":"action33","type":"key","parameters":{},"actions":[{"type":"keyDown","value":"î€‡"},{"type":"pause","duration":10},{"type":"keyUp","value":"î€‡"}]}]}
COMMAND: POST /session/582ce5f850a124cd0c5f6fc14f02a0d2/element - {"using":"css selector","value":"div[id= \"application-managehandovers-display-component---AddNewHO--smartFilterBar-btnBasicSearch-search\"]"}
COMMAND: GET /session/582ce5f850a124cd0c5f6fc14f02a0d2/screenshot - {}
RESULT: {}
RESULT: {"using":"css selector","value":"div[id= \"application-managehandovers-display-component---AddNewHO--smartFilterBar-btnBasicSearch-search\"]"}
COMMAND: POST /session/582ce5f850a124cd0c5f6fc14f02a0d2/element/f.92142B0E1996143B500ED3F2A7F6BA2F.d.76BEAC841B8D0BE0ABB3F384C6CFF6AE.e.8031/click - {}
RESULT: {}
RESULT: {}
COMMAND: GET /session/582ce5f850a124cd0c5f6fc14f02a0d2/screenshot - {}
RESULT: {}
COMMAND: POST /session/582ce5f850a124cd0c5f6fc14f02a0d2/element - {"using":"css selector","value":"div[id= \"application-managehandovers-display-component---AddNewHO--popup-sa-CbBg\"]"}
RESULT: {"using":"css selector","value":"div[id= \"application-managehandovers-display-component---AddNewHO--popup-sa-CbBg\"]"}
COMMAND: POST /session/582ce5f850a124cd0c5f6fc14f02a0d2/element/f.92142B0E1996143B500ED3F2A7F6BA2F.d.76BEAC841B8D0BE0ABB3F384C6CFF6AE.e.8032/click - {}
RESULT: {}
COMMAND: POST /session/582ce5f850a124cd0c5f6fc14f02a0d2/element - {"using":"xpath","value":"//bdi[(text() = 'Select' or . = 'Select')]"}
COMMAND: GET /session/582ce5f850a124cd0c5f6fc14f02a0d2/screenshot - {}
RESULT: {"using":"xpath","value":"//bdi[(text() = 'Select' or . = 'Select')]"}
COMMAND: POST /session/582ce5f850a124cd0c5f6fc14f02a0d2/element/f.92142B0E1996143B500ED3F2A7F6BA2F.d.76BEAC841B8D0BE0ABB3F384C6CFF6AE.e.8033/click - {}
RESULT: {}
RESULT: {}
COMMAND: GET /session/582ce5f850a124cd0c5f6fc14f02a0d2/screenshot - {}
RESULT: {}
COMMAND: POST /session/582ce5f850a124cd0c5f6fc14f02a0d2/element - {"using":"xpath","value":"//bdi[(text() = 'Save' or . = 'Save')]"}
RESULT: {"using":"xpath","value":"//bdi[(text() = 'Save' or . = 'Save')]"}
COMMAND: POST /session/582ce5f850a124cd0c5f6fc14f02a0d2/element/f.92142B0E1996143B500ED3F2A7F6BA2F.d.76BEAC841B8D0BE0ABB3F384C6CFF6AE.e.8037/click - {}
RESULT: {}
COMMAND: GET /session/582ce5f850a124cd0c5f6fc14f02a0d2/screenshot - {}
RESULT: {}
COMMAND: POST /session/582ce5f850a124cd0c5f6fc14f02a0d2/element - {"using":"xpath","value":"//input[contains(@id ,\"receiptDatePicker-inner\")]"}
RESULT: {"using":"xpath","value":"//input[contains(@id ,\"receiptDatePicker-inner\")]"}
COMMAND: POST /session/582ce5f850a124cd0c5f6fc14f02a0d2/element/f.92142B0E1996143B500ED3F2A7F6BA2F.d.76BEAC841B8D0BE0ABB3F384C6CFF6AE.e.8065/click - {}
RESULT: {}
COMMAND: POST /session/582ce5f850a124cd0c5f6fc14f02a0d2/element - {"using":"xpath","value":"//input[contains(@id ,\"receiptDatePicker-inner\")]"}
COMMAND: GET /session/582ce5f850a124cd0c5f6fc14f02a0d2/screenshot - {}
RESULT: {"using":"xpath","value":"//input[contains(@id ,\"receiptDatePicker-inner\")]"}
COMMAND: POST /session/582ce5f850a124cd0c5f6fc14f02a0d2/element/f.92142B0E1996143B500ED3F2A7F6BA2F.d.76BEAC841B8D0BE0ABB3F384C6CFF6AE.e.8065/clear - {}
RESULT: {}
RESULT: {}
COMMAND: POST /session/582ce5f850a124cd0c5f6fc14f02a0d2/element/f.92142B0E1996143B500ED3F2A7F6BA2F.d.76BEAC841B8D0BE0ABB3F384C6CFF6AE.e.8065/value - {"text":"4/29/25"}
COMMAND: GET /session/582ce5f850a124cd0c5f6fc14f02a0d2/screenshot - {}
RESULT: {"text":"4/29/25"}
COMMAND: GET /session/582ce5f850a124cd0c5f6fc14f02a0d2/screenshot - {}
RESULT: {}
RESULT: {}
COMMAND: POST /session/582ce5f850a124cd0c5f6fc14f02a0d2/execute/async - {"script":"<script> [1562 bytes]","args":[{"selector":{"id":"administrationTabFilter","viewName":"etm.portal.ui.managehandovers.view.DetailExecuteHO","interaction":{"idSuffix":"text"}},"wdio_ui5_key":"administrationTabFilteretmportal.ui.managehandovers.view.DetailExecuteHO"}]}
RESULT: {"script":"<script> [1562 bytes]","args":[{"selector":{"id":"administrationTabFilter","viewName":"etm.portal.ui.managehandovers.view.DetailExecuteHO","interaction":{"idSuffix":"text"}},"wdio_ui5_key":"administrationTabFilteretmportal.ui.managehandovers.view.DetailExecuteHO"}]}
RESULT: undefined
COMMAND: POST /session/582ce5f850a124cd0c5f6fc14f02a0d2/element - {"using":"xpath","value":"//*[@id=\"__xmlview61--administrationTabFilter\"]"}
RESULT: {"using":"xpath","value":"//*[@id=\"__xmlview61--administrationTabFilter\"]"}
COMMAND: POST /session/582ce5f850a124cd0c5f6fc14f02a0d2/element/f.92142B0E1996143B500ED3F2A7F6BA2F.d.76BEAC841B8D0BE0ABB3F384C6CFF6AE.e.8084/click - {}
RESULT: {}
RESULT: undefined
COMMAND: POST /session/582ce5f850a124cd0c5f6fc14f02a0d2/element - {"using":"xpath","value":"//*[@id=\"__xmlview61--administrationTabFilter\"]"}
COMMAND: GET /session/582ce5f850a124cd0c5f6fc14f02a0d2/screenshot - {}
RESULT: {"using":"xpath","value":"//*[@id=\"__xmlview61--administrationTabFilter\"]"}
COMMAND: POST /session/582ce5f850a124cd0c5f6fc14f02a0d2/element/f.92142B0E1996143B500ED3F2A7F6BA2F.d.76BEAC841B8D0BE0ABB3F384C6CFF6AE.e.8084/click - {}
RESULT: {}
RESULT: {}
COMMAND: GET /session/582ce5f850a124cd0c5f6fc14f02a0d2/screenshot - {}
RESULT: {}
COMMAND: POST /session/582ce5f850a124cd0c5f6fc14f02a0d2/element - {"using":"xpath","value":"//bdi[(text() = 'Confirm' or . = 'Confirm')]"}
RESULT: {"using":"xpath","value":"//bdi[(text() = 'Confirm' or . = 'Confirm')]"}
COMMAND: POST /session/582ce5f850a124cd0c5f6fc14f02a0d2/element/f.92142B0E1996143B500ED3F2A7F6BA2F.d.76BEAC841B8D0BE0ABB3F384C6CFF6AE.e.8094/click - {}
RESULT: {}
COMMAND: GET /session/582ce5f850a124cd0c5f6fc14f02a0d2/screenshot - {}
RESULT: {}
COMMAND: POST /session/582ce5f850a124cd0c5f6fc14f02a0d2/execute/async - {"script":"<script> [1562 bytes]","args":[{"selector":{"id":"confirmationButton","viewName":"etm.portal.ui.managehandovers.view.DetailExecuteHO","interaction":{"idSuffix":"BDI-content"}},"wdio_ui5_key":"confirmationButtonetmportal.ui.managehandovers.view.DetailExecuteHO"}]}
RESULT: {"script":"<script> [1562 bytes]","args":[{"selector":{"id":"confirmationButton","viewName":"etm.portal.ui.managehandovers.view.DetailExecuteHO","interaction":{"idSuffix":"BDI-content"}},"wdio_ui5_key":"confirmationButtonetmportal.ui.managehandovers.view.DetailExecuteHO"}]}
RESULT: undefined
COMMAND: POST /session/582ce5f850a124cd0c5f6fc14f02a0d2/element - {"using":"xpath","value":"(//*[text()='Receive'])[2]"}
RESULT: {"using":"xpath","value":"(//*[text()='Receive'])[2]"}
COMMAND: GET /session/582ce5f850a124cd0c5f6fc14f02a0d2/element/f.92142B0E1996143B500ED3F2A7F6BA2F.d.76BEAC841B8D0BE0ABB3F384C6CFF6AE.e.8096/enabled - {}
RESULT: {}
COMMAND: POST /session/582ce5f850a124cd0c5f6fc14f02a0d2/execute/sync - {"script":"<script> [8489 bytes]","args":[{"element-6066-11e4-a52e-4f735466cecf":"f.92142B0E1996143B500ED3F2A7F6BA2F.d.76BEAC841B8D0BE0ABB3F384C6CFF6AE.e.8096","ELEMENT":"f.92142B0E1996143B500ED3F2A7F6BA2F.d.76BEAC841B8D0BE0ABB3F384C6CFF6AE.e.8096"}]}
COMMAND: GET /session/582ce5f850a124cd0c5f6fc14f02a0d2/screenshot - {}
RESULT: {"script":"<script> [8489 bytes]","args":[{"element-6066-11e4-a52e-4f735466cecf":"f.92142B0E1996143B500ED3F2A7F6BA2F.d.76BEAC841B8D0BE0ABB3F384C6CFF6AE.e.8096","ELEMENT":"f.92142B0E1996143B500ED3F2A7F6BA2F.d.76BEAC841B8D0BE0ABB3F384C6CFF6AE.e.8096"}]}
COMMAND: POST /session/582ce5f850a124cd0c5f6fc14f02a0d2/execute/sync - {"script":"<script> [5351 bytes]","args":[{"element-6066-11e4-a52e-4f735466cecf":"f.92142B0E1996143B500ED3F2A7F6BA2F.d.76BEAC841B8D0BE0ABB3F384C6CFF6AE.e.8096","ELEMENT":"f.92142B0E1996143B500ED3F2A7F6BA2F.d.76BEAC841B8D0BE0ABB3F384C6CFF6AE.e.8096"}]}
COMMAND: GET /session/582ce5f850a124cd0c5f6fc14f02a0d2/screenshot - {}
RESULT: {}
RESULT: {"script":"<script> [5351 bytes]","args":[{"element-6066-11e4-a52e-4f735466cecf":"f.92142B0E1996143B500ED3F2A7F6BA2F.d.76BEAC841B8D0BE0ABB3F384C6CFF6AE.e.8096","ELEMENT":"f.92142B0E1996143B500ED3F2A7F6BA2F.d.76BEAC841B8D0BE0ABB3F384C6CFF6AE.e.8096"}]}
COMMAND: POST /session/582ce5f850a124cd0c5f6fc14f02a0d2/element/f.92142B0E1996143B500ED3F2A7F6BA2F.d.76BEAC841B8D0BE0ABB3F384C6CFF6AE.e.8096/click - {}
COMMAND: GET /session/582ce5f850a124cd0c5f6fc14f02a0d2/screenshot - {}
RESULT: {}
RESULT: {}
COMMAND: GET /session/582ce5f850a124cd0c5f6fc14f02a0d2/screenshot - {}
RESULT: {}
RESULT: {}
COMMAND: POST /session/582ce5f850a124cd0c5f6fc14f02a0d2/element - {"using":"css selector","value":"#shell-header-logo"}
RESULT: {"using":"css selector","value":"#shell-header-logo"}
COMMAND: POST /session/582ce5f850a124cd0c5f6fc14f02a0d2/element/f.92142B0E1996143B500ED3F2A7F6BA2F.d.76BEAC841B8D0BE0ABB3F384C6CFF6AE.e.7516/click - {}
RESULT: {}
COMMAND: GET /session/582ce5f850a124cd0c5f6fc14f02a0d2/screenshot - {}
RESULT: {}
]]></system-out>
    </testcase>
    <testcase classname="chrome.135_0_7049_96.windows.Provide_to_Site_w/_warehouse_management_wo_clarification" name="Should create a new contract" time="65.976">
      <system-out><![CDATA[
COMMAND: POST /session/582ce5f850a124cd0c5f6fc14f02a0d2/execute/async - {"script":"<script> [1562 bytes]","args":[{"selector":{"controlType":"sap.m.GenericTile","properties":{"header":"Manage Contracts"}},"wdio_ui5_key":"sapm.GenericTile{\"header\":\"Manage Contracts\"}"}]}
RESULT: {"script":"<script> [1562 bytes]","args":[{"selector":{"controlType":"sap.m.GenericTile","properties":{"header":"Manage Contracts"}},"wdio_ui5_key":"sapm.GenericTile{\"header\":\"Manage Contracts\"}"}]}
RESULT: undefined
COMMAND: POST /session/582ce5f850a124cd0c5f6fc14f02a0d2/element - {"using":"xpath","value":"//*[@id=\"__tile130\"]"}
RESULT: {"using":"xpath","value":"//*[@id=\"__tile130\"]"}
COMMAND: POST /session/582ce5f850a124cd0c5f6fc14f02a0d2/element/f.92142B0E1996143B500ED3F2A7F6BA2F.d.76BEAC841B8D0BE0ABB3F384C6CFF6AE.e.8248/click - {}
RESULT: {}
COMMAND: GET /session/582ce5f850a124cd0c5f6fc14f02a0d2/screenshot - {}
RESULT: {}
COMMAND: POST /session/582ce5f850a124cd0c5f6fc14f02a0d2/execute/async - {"script":"<script> [1562 bytes]","args":[{"selector":{"controlType":"sap.ui.core.Icon","viewName":"etm.portal.ui.managecontracts.view.Master","properties":{"src":{"regex":{"source":"add"}}}},"wdio_ui5_key":"etmportal.ui.managecontracts.view.Mastersap.ui.core.Icon{\"src\":{\"regex\":{\"source\":\"add\"}}}"}]}
RESULT: {"script":"<script> [1562 bytes]","args":[{"selector":{"controlType":"sap.ui.core.Icon","viewName":"etm.portal.ui.managecontracts.view.Master","properties":{"src":{"regex":{"source":"add"}}}},"wdio_ui5_key":"etmportal.ui.managecontracts.view.Mastersap.ui.core.Icon{\"src\":{\"regex\":{\"source\":\"add\"}}}"}]}
RESULT: undefined
COMMAND: POST /session/582ce5f850a124cd0c5f6fc14f02a0d2/element - {"using":"xpath","value":"//*[@id=\"__button303-img\"]"}
RESULT: {"using":"xpath","value":"//*[@id=\"__button303-img\"]"}
COMMAND: POST /session/582ce5f850a124cd0c5f6fc14f02a0d2/element/f.92142B0E1996143B500ED3F2A7F6BA2F.d.76BEAC841B8D0BE0ABB3F384C6CFF6AE.e.8326/click - {}
RESULT: {}
COMMAND: POST /session/582ce5f850a124cd0c5f6fc14f02a0d2/execute/async - {"script":"<script> [1562 bytes]","args":[{"selector":{"id":"application-managecontracts-display-component---AddNewContract--projectDescription","interaction":{"idSuffix":"inner"}},"wdio_ui5_key":"applicationmanagecontracts-display-component---AddNewContract--projectDescription"}]}
COMMAND: GET /session/582ce5f850a124cd0c5f6fc14f02a0d2/screenshot - {}
RESULT: {"script":"<script> [1562 bytes]","args":[{"selector":{"id":"application-managecontracts-display-component---AddNewContract--projectDescription","interaction":{"idSuffix":"inner"}},"wdio_ui5_key":"applicationmanagecontracts-display-component---AddNewContract--projectDescription"}]}
RESULT: undefined
COMMAND: POST /session/582ce5f850a124cd0c5f6fc14f02a0d2/execute/async - {"script":"<script> [776 bytes]","args":[{"enterText":"wdi5 contract for billing","selector":{"id":"application-managecontracts-display-component---AddNewContract--projectDescription","interaction":{"idSuffix":"inner"}},"clearTextFirst":true,"interactionType":"ENTER_TEXT"}]}
RESULT: {}
RESULT: {"script":"<script> [776 bytes]","args":[{"enterText":"wdi5 contract for billing","selector":{"id":"application-managecontracts-display-component---AddNewContract--projectDescription","interaction":{"idSuffix":"inner"}},"clearTextFirst":true,"interactionType":"ENTER_TEXT"}]}
COMMAND: POST /session/582ce5f850a124cd0c5f6fc14f02a0d2/element - {"using":"xpath","value":"//input[@id=\"application-managecontracts-display-component---AddNewContract--customerSelect-inner\"]"}
RESULT: {"using":"xpath","value":"//input[@id=\"application-managecontracts-display-component---AddNewContract--customerSelect-inner\"]"}
COMMAND: POST /session/582ce5f850a124cd0c5f6fc14f02a0d2/element/f.92142B0E1996143B500ED3F2A7F6BA2F.d.76BEAC841B8D0BE0ABB3F384C6CFF6AE.e.8563/clear - {}
RESULT: {}
COMMAND: POST /session/582ce5f850a124cd0c5f6fc14f02a0d2/element/f.92142B0E1996143B500ED3F2A7F6BA2F.d.76BEAC841B8D0BE0ABB3F384C6CFF6AE.e.8563/value - {"text":"1277"}
COMMAND: GET /session/582ce5f850a124cd0c5f6fc14f02a0d2/screenshot - {}
RESULT: {"text":"1277"}
COMMAND: GET /session/582ce5f850a124cd0c5f6fc14f02a0d2/screenshot - {}
RESULT: {}
RESULT: {}
COMMAND: POST /session/582ce5f850a124cd0c5f6fc14f02a0d2/actions - {"actions":[{"id":"action34","type":"key","parameters":{},"actions":[{"type":"keyDown","value":"î€‡"},{"type":"pause","duration":10},{"type":"keyUp","value":"î€‡"}]}]}
RESULT: {"actions":[{"id":"action34","type":"key","parameters":{},"actions":[{"type":"keyDown","value":"î€‡"},{"type":"pause","duration":10},{"type":"keyUp","value":"î€‡"}]}]}
COMMAND: POST /session/582ce5f850a124cd0c5f6fc14f02a0d2/element - {"using":"xpath","value":"//input[@id=\"application-managecontracts-display-component---AddNewContract--site-inner\"]"}
COMMAND: GET /session/582ce5f850a124cd0c5f6fc14f02a0d2/screenshot - {}
RESULT: {"using":"xpath","value":"//input[@id=\"application-managecontracts-display-component---AddNewContract--site-inner\"]"}
COMMAND: POST /session/582ce5f850a124cd0c5f6fc14f02a0d2/element/f.92142B0E1996143B500ED3F2A7F6BA2F.d.76BEAC841B8D0BE0ABB3F384C6CFF6AE.e.8564/clear - {}
RESULT: {}
RESULT: {}
COMMAND: POST /session/582ce5f850a124cd0c5f6fc14f02a0d2/element/f.92142B0E1996143B500ED3F2A7F6BA2F.d.76BEAC841B8D0BE0ABB3F384C6CFF6AE.e.8564/value - {"text":"2251"}
COMMAND: GET /session/582ce5f850a124cd0c5f6fc14f02a0d2/screenshot - {}
RESULT: {"text":"2251"}
COMMAND: GET /session/582ce5f850a124cd0c5f6fc14f02a0d2/screenshot - {}
RESULT: {}
RESULT: {}
COMMAND: POST /session/582ce5f850a124cd0c5f6fc14f02a0d2/actions - {"actions":[{"id":"action35","type":"key","parameters":{},"actions":[{"type":"keyDown","value":"î€‡"},{"type":"pause","duration":10},{"type":"keyUp","value":"î€‡"}]}]}
RESULT: {"actions":[{"id":"action35","type":"key","parameters":{},"actions":[{"type":"keyDown","value":"î€‡"},{"type":"pause","duration":10},{"type":"keyUp","value":"î€‡"}]}]}
COMMAND: POST /session/582ce5f850a124cd0c5f6fc14f02a0d2/execute/async - {"script":"<script> [1562 bytes]","args":[{"selector":{"id":"application-managecontracts-display-component---AddNewContract--calendarInput","interaction":{"idSuffix":"inner"}},"wdio_ui5_key":"applicationmanagecontracts-display-component---AddNewContract--calendarInput"}]}
COMMAND: GET /session/582ce5f850a124cd0c5f6fc14f02a0d2/screenshot - {}
RESULT: {"script":"<script> [1562 bytes]","args":[{"selector":{"id":"application-managecontracts-display-component---AddNewContract--calendarInput","interaction":{"idSuffix":"inner"}},"wdio_ui5_key":"applicationmanagecontracts-display-component---AddNewContract--calendarInput"}]}
RESULT: undefined
COMMAND: POST /session/582ce5f850a124cd0c5f6fc14f02a0d2/execute/async - {"script":"<script> [776 bytes]","args":[{"enterText":"1 - Calendar unit test patch","selector":{"id":"application-managecontracts-display-component---AddNewContract--calendarInput","interaction":{"idSuffix":"inner"}},"clearTextFirst":true,"interactionType":"ENTER_TEXT"}]}
RESULT: {}
RESULT: {"script":"<script> [776 bytes]","args":[{"enterText":"1 - Calendar unit test patch","selector":{"id":"application-managecontracts-display-component---AddNewContract--calendarInput","interaction":{"idSuffix":"inner"}},"clearTextFirst":true,"interactionType":"ENTER_TEXT"}]}
COMMAND: POST /session/582ce5f850a124cd0c5f6fc14f02a0d2/actions - {"actions":[{"id":"action36","type":"key","parameters":{},"actions":[{"type":"keyDown","value":"î€‡"},{"type":"pause","duration":10},{"type":"keyUp","value":"î€‡"}]}]}
RESULT: {"actions":[{"id":"action36","type":"key","parameters":{},"actions":[{"type":"keyDown","value":"î€‡"},{"type":"pause","duration":10},{"type":"keyUp","value":"î€‡"}]}]}
COMMAND: POST /session/582ce5f850a124cd0c5f6fc14f02a0d2/execute/async - {"script":"<script> [1562 bytes]","args":[{"selector":{"id":"application-managecontracts-display-component---AddNewContract--languageCB","interaction":{"idSuffix":"inner"}},"wdio_ui5_key":"applicationmanagecontracts-display-component---AddNewContract--languageCB"}]}
COMMAND: GET /session/582ce5f850a124cd0c5f6fc14f02a0d2/screenshot - {}
RESULT: {}
RESULT: {"script":"<script> [1562 bytes]","args":[{"selector":{"id":"application-managecontracts-display-component---AddNewContract--languageCB","interaction":{"idSuffix":"inner"}},"wdio_ui5_key":"applicationmanagecontracts-display-component---AddNewContract--languageCB"}]}
RESULT: undefined
COMMAND: POST /session/582ce5f850a124cd0c5f6fc14f02a0d2/execute/async - {"script":"<script> [776 bytes]","args":[{"enterText":"EN - English","selector":{"id":"application-managecontracts-display-component---AddNewContract--languageCB","interaction":{"idSuffix":"inner"}},"clearTextFirst":true,"interactionType":"ENTER_TEXT"}]}
RESULT: {"script":"<script> [776 bytes]","args":[{"enterText":"EN - English","selector":{"id":"application-managecontracts-display-component---AddNewContract--languageCB","interaction":{"idSuffix":"inner"}},"clearTextFirst":true,"interactionType":"ENTER_TEXT"}]}
COMMAND: POST /session/582ce5f850a124cd0c5f6fc14f02a0d2/actions - {"actions":[{"id":"action37","type":"key","parameters":{},"actions":[{"type":"keyDown","value":"î€‡"},{"type":"pause","duration":10},{"type":"keyUp","value":"î€‡"}]}]}
RESULT: {"actions":[{"id":"action37","type":"key","parameters":{},"actions":[{"type":"keyDown","value":"î€‡"},{"type":"pause","duration":10},{"type":"keyUp","value":"î€‡"}]}]}
COMMAND: POST /session/582ce5f850a124cd0c5f6fc14f02a0d2/execute/async - {"script":"<script> [1562 bytes]","args":[{"selector":{"id":"application-managecontracts-display-component---AddNewContract--saveBtn","interaction":{"idSuffix":"BDI-content"}},"wdio_ui5_key":"applicationmanagecontracts-display-component---AddNewContract--saveBtn"}]}
COMMAND: GET /session/582ce5f850a124cd0c5f6fc14f02a0d2/screenshot - {}
RESULT: {"script":"<script> [1562 bytes]","args":[{"selector":{"id":"application-managecontracts-display-component---AddNewContract--saveBtn","interaction":{"idSuffix":"BDI-content"}},"wdio_ui5_key":"applicationmanagecontracts-display-component---AddNewContract--saveBtn"}]}
RESULT: undefined
COMMAND: POST /session/582ce5f850a124cd0c5f6fc14f02a0d2/element - {"using":"xpath","value":"//*[@id=\"application-managecontracts-display-component---AddNewContract--saveBtn\"]"}
RESULT: {}
RESULT: {"using":"xpath","value":"//*[@id=\"application-managecontracts-display-component---AddNewContract--saveBtn\"]"}
COMMAND: POST /session/582ce5f850a124cd0c5f6fc14f02a0d2/element/f.92142B0E1996143B500ED3F2A7F6BA2F.d.76BEAC841B8D0BE0ABB3F384C6CFF6AE.e.8578/click - {}
RESULT: {}
COMMAND: GET /session/582ce5f850a124cd0c5f6fc14f02a0d2/screenshot - {}
RESULT: {}
COMMAND: POST /session/582ce5f850a124cd0c5f6fc14f02a0d2/execute/async - {"script":"<script> [1562 bytes]","args":[{"selector":{"id":"contractDetailTitleNoExpanded","viewName":"etm.portal.ui.managecontracts.view.Detail"},"wdio_ui5_key":"contractDetailTitleNoExpandedetmportal.ui.managecontracts.view.Detail"}]}
RESULT: {"script":"<script> [1562 bytes]","args":[{"selector":{"id":"contractDetailTitleNoExpanded","viewName":"etm.portal.ui.managecontracts.view.Detail"},"wdio_ui5_key":"contractDetailTitleNoExpandedetmportal.ui.managecontracts.view.Detail"}]}
RESULT: undefined
COMMAND: POST /session/582ce5f850a124cd0c5f6fc14f02a0d2/execute/async - {"script":"<script> [6424 bytes]","args":[{"element-6066-11e4-a52e-4f735466cecf":"f.92142B0E1996143B500ED3F2A7F6BA2F.d.76BEAC841B8D0BE0ABB3F384C6CFF6AE.e.8663"},"getText",[]]}
RESULT: {"script":"<script> [6424 bytes]","args":[{"element-6066-11e4-a52e-4f735466cecf":"f.92142B0E1996143B500ED3F2A7F6BA2F.d.76BEAC841B8D0BE0ABB3F384C6CFF6AE.e.8663"},"getText",[]]}
]]></system-out>
    </testcase>
    <testcase classname="chrome.135_0_7049_96.windows.Provide_to_Site_w/_warehouse_management_wo_clarification" name="Should add resource to the contract" time="66.818">
      <system-out><![CDATA[
COMMAND: POST /session/582ce5f850a124cd0c5f6fc14f02a0d2/execute/async - {"script":"<script> [1562 bytes]","args":[{"selector":{"id":"contractDetailEditBtn","viewName":"etm.portal.ui.managecontracts.view.Detail","interaction":{"idSuffix":"BDI-content"}},"wdio_ui5_key":"contractDetailEditBtnetmportal.ui.managecontracts.view.Detail"}]}
RESULT: {"script":"<script> [1562 bytes]","args":[{"selector":{"id":"contractDetailEditBtn","viewName":"etm.portal.ui.managecontracts.view.Detail","interaction":{"idSuffix":"BDI-content"}},"wdio_ui5_key":"contractDetailEditBtnetmportal.ui.managecontracts.view.Detail"}]}
RESULT: undefined
COMMAND: POST /session/582ce5f850a124cd0c5f6fc14f02a0d2/element - {"using":"xpath","value":"//*[@id=\"__xmlview63--contractDetailEditBtn\"]"}
RESULT: {"using":"xpath","value":"//*[@id=\"__xmlview63--contractDetailEditBtn\"]"}
COMMAND: POST /session/582ce5f850a124cd0c5f6fc14f02a0d2/element/f.92142B0E1996143B500ED3F2A7F6BA2F.d.76BEAC841B8D0BE0ABB3F384C6CFF6AE.e.8665/click - {}
RESULT: {}
COMMAND: GET /session/582ce5f850a124cd0c5f6fc14f02a0d2/screenshot - {}
RESULT: {}
COMMAND: POST /session/582ce5f850a124cd0c5f6fc14f02a0d2/execute/async - {"script":"<script> [1562 bytes]","args":[{"selector":{"id":"additionalAddressesTabFilter","viewName":"etm.portal.ui.managecontracts.view.EditContract","interaction":{"idSuffix":"text"}},"wdio_ui5_key":"additionalAddressesTabFilteretmportal.ui.managecontracts.view.EditContract"}]}
RESULT: {"script":"<script> [1562 bytes]","args":[{"selector":{"id":"additionalAddressesTabFilter","viewName":"etm.portal.ui.managecontracts.view.EditContract","interaction":{"idSuffix":"text"}},"wdio_ui5_key":"additionalAddressesTabFilteretmportal.ui.managecontracts.view.EditContract"}]}
RESULT: undefined
COMMAND: POST /session/582ce5f850a124cd0c5f6fc14f02a0d2/element - {"using":"xpath","value":"//*[@id=\"__xmlview64--additionalAddressesTabFilter\"]"}
RESULT: {"using":"xpath","value":"//*[@id=\"__xmlview64--additionalAddressesTabFilter\"]"}
COMMAND: POST /session/582ce5f850a124cd0c5f6fc14f02a0d2/element/f.92142B0E1996143B500ED3F2A7F6BA2F.d.76BEAC841B8D0BE0ABB3F384C6CFF6AE.e.8722/click - {}
RESULT: {}
RESULT: undefined
COMMAND: POST /session/582ce5f850a124cd0c5f6fc14f02a0d2/element - {"using":"xpath","value":"//*[@id=\"__xmlview64--additionalAddressesTabFilter\"]"}
COMMAND: GET /session/582ce5f850a124cd0c5f6fc14f02a0d2/screenshot - {}
RESULT: {"using":"xpath","value":"//*[@id=\"__xmlview64--additionalAddressesTabFilter\"]"}
COMMAND: POST /session/582ce5f850a124cd0c5f6fc14f02a0d2/element/f.92142B0E1996143B500ED3F2A7F6BA2F.d.76BEAC841B8D0BE0ABB3F384C6CFF6AE.e.8722/click - {}
RESULT: {}
RESULT: {}
COMMAND: POST /session/582ce5f850a124cd0c5f6fc14f02a0d2/execute/async - {"script":"<script> [1562 bytes]","args":[{"selector":{"controlType":"sap.ui.core.Icon","viewName":"etm.portal.ui.managecontracts.view.EditContract","properties":{"src":{"regex":{"source":"add"}}}},"wdio_ui5_key":"etmportal.ui.managecontracts.view.EditContractsap.ui.core.Icon{\"src\":{\"regex\":{\"source\":\"add\"}}}"}]}
COMMAND: GET /session/582ce5f850a124cd0c5f6fc14f02a0d2/screenshot - {}
RESULT: {"script":"<script> [1562 bytes]","args":[{"selector":{"controlType":"sap.ui.core.Icon","viewName":"etm.portal.ui.managecontracts.view.EditContract","properties":{"src":{"regex":{"source":"add"}}}},"wdio_ui5_key":"etmportal.ui.managecontracts.view.EditContractsap.ui.core.Icon{\"src\":{\"regex\":{\"source\":\"add\"}}}"}]}
RESULT: undefined
COMMAND: POST /session/582ce5f850a124cd0c5f6fc14f02a0d2/element - {"using":"xpath","value":"//*[@id=\"__xmlview64--btnAddTableRow-img\"]"}
RESULT: {}
RESULT: {"using":"xpath","value":"//*[@id=\"__xmlview64--btnAddTableRow-img\"]"}
COMMAND: POST /session/582ce5f850a124cd0c5f6fc14f02a0d2/element/f.92142B0E1996143B500ED3F2A7F6BA2F.d.76BEAC841B8D0BE0ABB3F384C6CFF6AE.e.8727/click - {}
RESULT: {}
COMMAND: POST /session/582ce5f850a124cd0c5f6fc14f02a0d2/element - {"using":"xpath","value":"//div[(text() = 'Standard Entry' or . = 'Standard Entry')]"}
COMMAND: GET /session/582ce5f850a124cd0c5f6fc14f02a0d2/screenshot - {}
RESULT: {"using":"xpath","value":"//div[(text() = 'Standard Entry' or . = 'Standard Entry')]"}
COMMAND: POST /session/582ce5f850a124cd0c5f6fc14f02a0d2/element/f.92142B0E1996143B500ED3F2A7F6BA2F.d.76BEAC841B8D0BE0ABB3F384C6CFF6AE.e.8730/click - {}
RESULT: {}
RESULT: {}
COMMAND: POST /session/582ce5f850a124cd0c5f6fc14f02a0d2/execute/async - {"script":"<script> [1562 bytes]","args":[{"selector":{"controlType":"sap.ui.core.Icon","viewName":"etm.portal.ui.managecontracts.view.EditContract","properties":{"src":{"regex":{"source":"inspect"}}}},"wdio_ui5_key":"etmportal.ui.managecontracts.view.EditContractsap.ui.core.Icon{\"src\":{\"regex\":{\"source\":\"inspect\"}}}"}]}
COMMAND: GET /session/582ce5f850a124cd0c5f6fc14f02a0d2/screenshot - {}
RESULT: {"script":"<script> [1562 bytes]","args":[{"selector":{"controlType":"sap.ui.core.Icon","viewName":"etm.portal.ui.managecontracts.view.EditContract","properties":{"src":{"regex":{"source":"inspect"}}}},"wdio_ui5_key":"etmportal.ui.managecontracts.view.EditContractsap.ui.core.Icon{\"src\":{\"regex\":{\"source\":\"inspect\"}}}"}]}
RESULT: undefined
COMMAND: POST /session/582ce5f850a124cd0c5f6fc14f02a0d2/element - {"using":"xpath","value":"//*[@id=\"__button329-img\"]"}
RESULT: {}
RESULT: {"using":"xpath","value":"//*[@id=\"__button329-img\"]"}
COMMAND: POST /session/582ce5f850a124cd0c5f6fc14f02a0d2/element/f.92142B0E1996143B500ED3F2A7F6BA2F.d.76BEAC841B8D0BE0ABB3F384C6CFF6AE.e.8742/click - {}
RESULT: {}
COMMAND: GET /session/582ce5f850a124cd0c5f6fc14f02a0d2/screenshot - {}
RESULT: {}
COMMAND: POST /session/582ce5f850a124cd0c5f6fc14f02a0d2/element - {"using":"xpath","value":"//td[6]/div/div/input[1]"}
RESULT: {"using":"xpath","value":"//td[6]/div/div/input[1]"}
COMMAND: POST /session/582ce5f850a124cd0c5f6fc14f02a0d2/element/f.92142B0E1996143B500ED3F2A7F6BA2F.d.76BEAC841B8D0BE0ABB3F384C6CFF6AE.e.8732/clear - {}
RESULT: {}
COMMAND: GET /session/582ce5f850a124cd0c5f6fc14f02a0d2/screenshot - {}
RESULT: {}
COMMAND: POST /session/582ce5f850a124cd0c5f6fc14f02a0d2/element - {"using":"xpath","value":"//td[6]/div/div/input[1]"}
RESULT: {"using":"xpath","value":"//td[6]/div/div/input[1]"}
COMMAND: POST /session/582ce5f850a124cd0c5f6fc14f02a0d2/element/f.92142B0E1996143B500ED3F2A7F6BA2F.d.76BEAC841B8D0BE0ABB3F384C6CFF6AE.e.8758/click - {}
RESULT: {}
COMMAND: POST /session/582ce5f850a124cd0c5f6fc14f02a0d2/actions - {"actions":[{"id":"action38","type":"key","parameters":{},"actions":[{"type":"keyDown","value":"î€ƒ"},{"type":"pause","duration":10},{"type":"keyUp","value":"î€ƒ"}]}]}
COMMAND: GET /session/582ce5f850a124cd0c5f6fc14f02a0d2/screenshot - {}
RESULT: {"actions":[{"id":"action38","type":"key","parameters":{},"actions":[{"type":"keyDown","value":"î€ƒ"},{"type":"pause","duration":10},{"type":"keyUp","value":"î€ƒ"}]}]}
COMMAND: POST /session/582ce5f850a124cd0c5f6fc14f02a0d2/element - {"using":"xpath","value":"//td[6]/div/div/input[1]"}
COMMAND: GET /session/582ce5f850a124cd0c5f6fc14f02a0d2/screenshot - {}
RESULT: {}
RESULT: {"using":"xpath","value":"//td[6]/div/div/input[1]"}
COMMAND: POST /session/582ce5f850a124cd0c5f6fc14f02a0d2/element/f.92142B0E1996143B500ED3F2A7F6BA2F.d.76BEAC841B8D0BE0ABB3F384C6CFF6AE.e.8758/clear - {}
RESULT: {}
RESULT: {}
COMMAND: POST /session/582ce5f850a124cd0c5f6fc14f02a0d2/element/f.92142B0E1996143B500ED3F2A7F6BA2F.d.76BEAC841B8D0BE0ABB3F384C6CFF6AE.e.8758/value - {"text":"Material"}
COMMAND: GET /session/582ce5f850a124cd0c5f6fc14f02a0d2/screenshot - {}
RESULT: {"text":"Material"}
COMMAND: GET /session/582ce5f850a124cd0c5f6fc14f02a0d2/screenshot - {}
RESULT: {}
RESULT: {}
COMMAND: POST /session/582ce5f850a124cd0c5f6fc14f02a0d2/actions - {"actions":[{"id":"action39","type":"key","parameters":{},"actions":[{"type":"keyDown","value":"î€‡"},{"type":"pause","duration":10},{"type":"keyUp","value":"î€‡"}]}]}
RESULT: {"actions":[{"id":"action39","type":"key","parameters":{},"actions":[{"type":"keyDown","value":"î€‡"},{"type":"pause","duration":10},{"type":"keyUp","value":"î€‡"}]}]}
COMMAND: POST /session/582ce5f850a124cd0c5f6fc14f02a0d2/element - {"using":"xpath","value":"//td[7]/div/div/input[1]"}
COMMAND: GET /session/582ce5f850a124cd0c5f6fc14f02a0d2/screenshot - {}
RESULT: {"using":"xpath","value":"//td[7]/div/div/input[1]"}
COMMAND: POST /session/582ce5f850a124cd0c5f6fc14f02a0d2/element/f.92142B0E1996143B500ED3F2A7F6BA2F.d.76BEAC841B8D0BE0ABB3F384C6CFF6AE.e.8780/clear - {}
RESULT: {}
RESULT: {}
COMMAND: POST /session/582ce5f850a124cd0c5f6fc14f02a0d2/element/f.92142B0E1996143B500ED3F2A7F6BA2F.d.76BEAC841B8D0BE0ABB3F384C6CFF6AE.e.8780/value - {"text":"200200"}
COMMAND: GET /session/582ce5f850a124cd0c5f6fc14f02a0d2/screenshot - {}
RESULT: {"text":"200200"}
COMMAND: GET /session/582ce5f850a124cd0c5f6fc14f02a0d2/screenshot - {}
RESULT: {}
RESULT: {}
COMMAND: POST /session/582ce5f850a124cd0c5f6fc14f02a0d2/actions - {"actions":[{"id":"action40","type":"key","parameters":{},"actions":[{"type":"keyDown","value":"î€‡"},{"type":"pause","duration":10},{"type":"keyUp","value":"î€‡"}]}]}
RESULT: {"actions":[{"id":"action40","type":"key","parameters":{},"actions":[{"type":"keyDown","value":"î€‡"},{"type":"pause","duration":10},{"type":"keyUp","value":"î€‡"}]}]}
COMMAND: POST /session/582ce5f850a124cd0c5f6fc14f02a0d2/execute/async - {"script":"<script> [1562 bytes]","args":[{"selector":{"controlType":"sap.m.Button","properties":{"text":"OK"},"searchOpenDialogs":true,"interaction":{"idSuffix":"BDI-content"}},"wdio_ui5_key":"sapm.Button{\"text\":\"OK\"}"}]}
COMMAND: GET /session/582ce5f850a124cd0c5f6fc14f02a0d2/screenshot - {}
RESULT: {"script":"<script> [1562 bytes]","args":[{"selector":{"controlType":"sap.m.Button","properties":{"text":"OK"},"searchOpenDialogs":true,"interaction":{"idSuffix":"BDI-content"}},"wdio_ui5_key":"sapm.Button{\"text\":\"OK\"}"}]}
RESULT: undefined
COMMAND: POST /session/582ce5f850a124cd0c5f6fc14f02a0d2/element - {"using":"xpath","value":"//*[@id=\"__mbox-btn-1\"]"}
RESULT: {}
RESULT: {"using":"xpath","value":"//*[@id=\"__mbox-btn-1\"]"}
COMMAND: POST /session/582ce5f850a124cd0c5f6fc14f02a0d2/element/f.92142B0E1996143B500ED3F2A7F6BA2F.d.76BEAC841B8D0BE0ABB3F384C6CFF6AE.e.8801/click - {}
RESULT: {}
COMMAND: POST /session/582ce5f850a124cd0c5f6fc14f02a0d2/execute/async - {"script":"<script> [1562 bytes]","args":[{"selector":{"id":"saveBtn","viewName":"etm.portal.ui.managecontracts.view.EditContract","interaction":{"idSuffix":"BDI-content"}},"wdio_ui5_key":"saveBtnetmportal.ui.managecontracts.view.EditContract"}]}
COMMAND: GET /session/582ce5f850a124cd0c5f6fc14f02a0d2/screenshot - {}
RESULT: {"script":"<script> [1562 bytes]","args":[{"selector":{"id":"saveBtn","viewName":"etm.portal.ui.managecontracts.view.EditContract","interaction":{"idSuffix":"BDI-content"}},"wdio_ui5_key":"saveBtnetmportal.ui.managecontracts.view.EditContract"}]}
RESULT: undefined
COMMAND: POST /session/582ce5f850a124cd0c5f6fc14f02a0d2/element - {"using":"xpath","value":"//*[@id=\"__xmlview64--saveBtn\"]"}
RESULT: {}
RESULT: {"using":"xpath","value":"//*[@id=\"__xmlview64--saveBtn\"]"}
COMMAND: POST /session/582ce5f850a124cd0c5f6fc14f02a0d2/element/f.92142B0E1996143B500ED3F2A7F6BA2F.d.76BEAC841B8D0BE0ABB3F384C6CFF6AE.e.8827/click - {}
RESULT: {}
COMMAND: GET /session/582ce5f850a124cd0c5f6fc14f02a0d2/screenshot - {}
RESULT: {}
COMMAND: POST /session/582ce5f850a124cd0c5f6fc14f02a0d2/execute/async - {"script":"<script> [1562 bytes]","args":[{"selector":{"id":"additionalAddressesTabFilter","viewName":"etm.portal.ui.managecontracts.view.Detail","interaction":{"idSuffix":"text"}},"wdio_ui5_key":"additionalAddressesTabFilteretmportal.ui.managecontracts.view.Detail"}]}
RESULT: {"script":"<script> [1562 bytes]","args":[{"selector":{"id":"additionalAddressesTabFilter","viewName":"etm.portal.ui.managecontracts.view.Detail","interaction":{"idSuffix":"text"}},"wdio_ui5_key":"additionalAddressesTabFilteretmportal.ui.managecontracts.view.Detail"}]}
RESULT: undefined
COMMAND: POST /session/582ce5f850a124cd0c5f6fc14f02a0d2/element - {"using":"xpath","value":"//*[@id=\"__xmlview63--additionalAddressesTabFilter\"]"}
RESULT: {"using":"xpath","value":"//*[@id=\"__xmlview63--additionalAddressesTabFilter\"]"}
COMMAND: POST /session/582ce5f850a124cd0c5f6fc14f02a0d2/element/f.92142B0E1996143B500ED3F2A7F6BA2F.d.76BEAC841B8D0BE0ABB3F384C6CFF6AE.e.8831/click - {}
RESULT: {}
COMMAND: POST /session/582ce5f850a124cd0c5f6fc14f02a0d2/execute/async - {"script":"<script> [1562 bytes]","args":[{"selector":{"id":"contractDetailProvideButton","viewName":"etm.portal.ui.managecontracts.view.Detail","interaction":{"idSuffix":"BDI-content"}},"wdio_ui5_key":"contractDetailProvideButtonetmportal.ui.managecontracts.view.Detail"}]}
COMMAND: GET /session/582ce5f850a124cd0c5f6fc14f02a0d2/screenshot - {}
RESULT: {"script":"<script> [1562 bytes]","args":[{"selector":{"id":"contractDetailProvideButton","viewName":"etm.portal.ui.managecontracts.view.Detail","interaction":{"idSuffix":"BDI-content"}},"wdio_ui5_key":"contractDetailProvideButtonetmportal.ui.managecontracts.view.Detail"}]}
RESULT: undefined
COMMAND: POST /session/582ce5f850a124cd0c5f6fc14f02a0d2/element - {"using":"xpath","value":"//*[@id=\"__xmlview63--contractDetailProvideButton\"]"}
RESULT: {}
RESULT: {"using":"xpath","value":"//*[@id=\"__xmlview63--contractDetailProvideButton\"]"}
COMMAND: POST /session/582ce5f850a124cd0c5f6fc14f02a0d2/element/f.92142B0E1996143B500ED3F2A7F6BA2F.d.76BEAC841B8D0BE0ABB3F384C6CFF6AE.e.8836/click - {}
RESULT: {}
COMMAND: GET /session/582ce5f850a124cd0c5f6fc14f02a0d2/screenshot - {}
RESULT: {}
]]></system-out>
    </testcase>
    <testcase classname="chrome.135_0_7049_96.windows.Provide_to_Site_w/_warehouse_management_wo_clarification" name="Should Create HandOvers provide to site" time="70.226">
      <system-out><![CDATA[
COMMAND: POST /session/582ce5f850a124cd0c5f6fc14f02a0d2/element - {"using":"css selector","value":"#application-managehandovers-display-component---AddNewHO--dueDate-inner"}
RESULT: {"using":"css selector","value":"#application-managehandovers-display-component---AddNewHO--dueDate-inner"}
COMMAND: POST /session/582ce5f850a124cd0c5f6fc14f02a0d2/element/f.92142B0E1996143B500ED3F2A7F6BA2F.d.76BEAC841B8D0BE0ABB3F384C6CFF6AE.e.8912/clear - {}
RESULT: {}
COMMAND: POST /session/582ce5f850a124cd0c5f6fc14f02a0d2/element/f.92142B0E1996143B500ED3F2A7F6BA2F.d.76BEAC841B8D0BE0ABB3F384C6CFF6AE.e.8912/value - {"text":"4/29/25"}
COMMAND: GET /session/582ce5f850a124cd0c5f6fc14f02a0d2/screenshot - {}
RESULT: {"text":"4/29/25"}
COMMAND: POST /session/582ce5f850a124cd0c5f6fc14f02a0d2/element - {"using":"xpath","value":"//bdi[(text() = 'Items' or . = 'Items')]"}
COMMAND: GET /session/582ce5f850a124cd0c5f6fc14f02a0d2/screenshot - {}
RESULT: {}
RESULT: {"using":"xpath","value":"//bdi[(text() = 'Items' or . = 'Items')]"}
COMMAND: POST /session/582ce5f850a124cd0c5f6fc14f02a0d2/element/f.92142B0E1996143B500ED3F2A7F6BA2F.d.76BEAC841B8D0BE0ABB3F384C6CFF6AE.e.8995/click - {}
RESULT: {}
RESULT: {}
COMMAND: POST /session/582ce5f850a124cd0c5f6fc14f02a0d2/execute/async - {"script":"<script> [1562 bytes]","args":[{"selector":{"controlType":"sap.m.Button","viewName":"etm.portal.ui.managehandovers.view.AddNewHO","viewId":"application-managehandovers-display-component---AddNewHO","i18NText":{"propertyName":"tooltip","key":"addItems"}},"wdio_ui5_key":"etmportal.ui.managehandovers.view.AddNewHOsap.m.Button{\"propertyName\":\"tooltip\",\"key\":\"addItems\"}"}]}
COMMAND: GET /session/582ce5f850a124cd0c5f6fc14f02a0d2/screenshot - {}
RESULT: {"script":"<script> [1562 bytes]","args":[{"selector":{"controlType":"sap.m.Button","viewName":"etm.portal.ui.managehandovers.view.AddNewHO","viewId":"application-managehandovers-display-component---AddNewHO","i18NText":{"propertyName":"tooltip","key":"addItems"}},"wdio_ui5_key":"etmportal.ui.managehandovers.view.AddNewHOsap.m.Button{\"propertyName\":\"tooltip\",\"key\":\"addItems\"}"}]}
RESULT: undefined
COMMAND: POST /session/582ce5f850a124cd0c5f6fc14f02a0d2/element - {"using":"xpath","value":"//*[@id=\"__button354\"]"}
RESULT: {}
RESULT: {"using":"xpath","value":"//*[@id=\"__button354\"]"}
COMMAND: POST /session/582ce5f850a124cd0c5f6fc14f02a0d2/element/f.92142B0E1996143B500ED3F2A7F6BA2F.d.76BEAC841B8D0BE0ABB3F384C6CFF6AE.e.9000/click - {}
RESULT: {}
COMMAND: GET /session/582ce5f850a124cd0c5f6fc14f02a0d2/screenshot - {}
RESULT: {}
COMMAND: POST /session/582ce5f850a124cd0c5f6fc14f02a0d2/element - {"using":"css selector","value":"div[id= \"application-managehandovers-display-component---AddNewHO--popup-sa-CbBg\"]"}
RESULT: {"using":"css selector","value":"div[id= \"application-managehandovers-display-component---AddNewHO--popup-sa-CbBg\"]"}
COMMAND: POST /session/582ce5f850a124cd0c5f6fc14f02a0d2/element/f.92142B0E1996143B500ED3F2A7F6BA2F.d.76BEAC841B8D0BE0ABB3F384C6CFF6AE.e.9008/click - {}
RESULT: {}
COMMAND: GET /session/582ce5f850a124cd0c5f6fc14f02a0d2/screenshot - {}
RESULT: {}
COMMAND: POST /session/582ce5f850a124cd0c5f6fc14f02a0d2/element - {"using":"xpath","value":"//bdi[(text() = 'Select' or . = 'Select')]"}
RESULT: {"using":"xpath","value":"//bdi[(text() = 'Select' or . = 'Select')]"}
COMMAND: POST /session/582ce5f850a124cd0c5f6fc14f02a0d2/element/f.92142B0E1996143B500ED3F2A7F6BA2F.d.76BEAC841B8D0BE0ABB3F384C6CFF6AE.e.9009/click - {}
RESULT: {}
COMMAND: GET /session/582ce5f850a124cd0c5f6fc14f02a0d2/screenshot - {}
RESULT: {}
COMMAND: POST /session/582ce5f850a124cd0c5f6fc14f02a0d2/element - {"using":"xpath","value":"//bdi[(text() = 'Save' or . = 'Save')]"}
RESULT: {"using":"xpath","value":"//bdi[(text() = 'Save' or . = 'Save')]"}
COMMAND: POST /session/582ce5f850a124cd0c5f6fc14f02a0d2/element/f.92142B0E1996143B500ED3F2A7F6BA2F.d.76BEAC841B8D0BE0ABB3F384C6CFF6AE.e.9017/click - {}
RESULT: {}
COMMAND: GET /session/582ce5f850a124cd0c5f6fc14f02a0d2/screenshot - {}
RESULT: {}
COMMAND: POST /session/582ce5f850a124cd0c5f6fc14f02a0d2/elements - {"using":"xpath","value":"//*[text()='Close']"}
RESULT: {"using":"xpath","value":"//*[text()='Close']"}
COMMAND: GET /session/582ce5f850a124cd0c5f6fc14f02a0d2/element/f.92142B0E1996143B500ED3F2A7F6BA2F.d.76BEAC841B8D0BE0ABB3F384C6CFF6AE.e.9057/enabled - {}
RESULT: {}
COMMAND: POST /session/582ce5f850a124cd0c5f6fc14f02a0d2/execute/sync - {"script":"<script> [8489 bytes]","args":[{"element-6066-11e4-a52e-4f735466cecf":"f.92142B0E1996143B500ED3F2A7F6BA2F.d.76BEAC841B8D0BE0ABB3F384C6CFF6AE.e.9057","ELEMENT":"f.92142B0E1996143B500ED3F2A7F6BA2F.d.76BEAC841B8D0BE0ABB3F384C6CFF6AE.e.9057"}]}
COMMAND: GET /session/582ce5f850a124cd0c5f6fc14f02a0d2/screenshot - {}
RESULT: {"script":"<script> [8489 bytes]","args":[{"element-6066-11e4-a52e-4f735466cecf":"f.92142B0E1996143B500ED3F2A7F6BA2F.d.76BEAC841B8D0BE0ABB3F384C6CFF6AE.e.9057","ELEMENT":"f.92142B0E1996143B500ED3F2A7F6BA2F.d.76BEAC841B8D0BE0ABB3F384C6CFF6AE.e.9057"}]}
COMMAND: GET /session/582ce5f850a124cd0c5f6fc14f02a0d2/screenshot - {}
RESULT: {}
COMMAND: POST /session/582ce5f850a124cd0c5f6fc14f02a0d2/execute/sync - {"script":"<script> [8489 bytes]","args":[{"element-6066-11e4-a52e-4f735466cecf":"f.92142B0E1996143B500ED3F2A7F6BA2F.d.76BEAC841B8D0BE0ABB3F384C6CFF6AE.e.9057","ELEMENT":"f.92142B0E1996143B500ED3F2A7F6BA2F.d.76BEAC841B8D0BE0ABB3F384C6CFF6AE.e.9057"}]}
RESULT: {}
RESULT: {"script":"<script> [8489 bytes]","args":[{"element-6066-11e4-a52e-4f735466cecf":"f.92142B0E1996143B500ED3F2A7F6BA2F.d.76BEAC841B8D0BE0ABB3F384C6CFF6AE.e.9057","ELEMENT":"f.92142B0E1996143B500ED3F2A7F6BA2F.d.76BEAC841B8D0BE0ABB3F384C6CFF6AE.e.9057"}]}
COMMAND: GET /session/582ce5f850a124cd0c5f6fc14f02a0d2/screenshot - {}
RESULT: {}
COMMAND: POST /session/582ce5f850a124cd0c5f6fc14f02a0d2/execute/sync - {"script":"<script> [8489 bytes]","args":[{"element-6066-11e4-a52e-4f735466cecf":"f.92142B0E1996143B500ED3F2A7F6BA2F.d.76BEAC841B8D0BE0ABB3F384C6CFF6AE.e.9057","ELEMENT":"f.92142B0E1996143B500ED3F2A7F6BA2F.d.76BEAC841B8D0BE0ABB3F384C6CFF6AE.e.9057"}]}
RESULT: {"script":"<script> [8489 bytes]","args":[{"element-6066-11e4-a52e-4f735466cecf":"f.92142B0E1996143B500ED3F2A7F6BA2F.d.76BEAC841B8D0BE0ABB3F384C6CFF6AE.e.9057","ELEMENT":"f.92142B0E1996143B500ED3F2A7F6BA2F.d.76BEAC841B8D0BE0ABB3F384C6CFF6AE.e.9057"}]}
COMMAND: GET /session/582ce5f850a124cd0c5f6fc14f02a0d2/screenshot - {}
RESULT: {}
COMMAND: POST /session/582ce5f850a124cd0c5f6fc14f02a0d2/execute/sync - {"script":"<script> [8489 bytes]","args":[{"element-6066-11e4-a52e-4f735466cecf":"f.92142B0E1996143B500ED3F2A7F6BA2F.d.76BEAC841B8D0BE0ABB3F384C6CFF6AE.e.9057","ELEMENT":"f.92142B0E1996143B500ED3F2A7F6BA2F.d.76BEAC841B8D0BE0ABB3F384C6CFF6AE.e.9057"}]}
RESULT: {"script":"<script> [8489 bytes]","args":[{"element-6066-11e4-a52e-4f735466cecf":"f.92142B0E1996143B500ED3F2A7F6BA2F.d.76BEAC841B8D0BE0ABB3F384C6CFF6AE.e.9057","ELEMENT":"f.92142B0E1996143B500ED3F2A7F6BA2F.d.76BEAC841B8D0BE0ABB3F384C6CFF6AE.e.9057"}]}
COMMAND: GET /session/582ce5f850a124cd0c5f6fc14f02a0d2/screenshot - {}
RESULT: {}
COMMAND: POST /session/582ce5f850a124cd0c5f6fc14f02a0d2/execute/sync - {"script":"<script> [8489 bytes]","args":[{"element-6066-11e4-a52e-4f735466cecf":"f.92142B0E1996143B500ED3F2A7F6BA2F.d.76BEAC841B8D0BE0ABB3F384C6CFF6AE.e.9057","ELEMENT":"f.92142B0E1996143B500ED3F2A7F6BA2F.d.76BEAC841B8D0BE0ABB3F384C6CFF6AE.e.9057"}]}
RESULT: {"script":"<script> [8489 bytes]","args":[{"element-6066-11e4-a52e-4f735466cecf":"f.92142B0E1996143B500ED3F2A7F6BA2F.d.76BEAC841B8D0BE0ABB3F384C6CFF6AE.e.9057","ELEMENT":"f.92142B0E1996143B500ED3F2A7F6BA2F.d.76BEAC841B8D0BE0ABB3F384C6CFF6AE.e.9057"}]}
COMMAND: GET /session/582ce5f850a124cd0c5f6fc14f02a0d2/screenshot - {}
RESULT: {}
COMMAND: POST /session/582ce5f850a124cd0c5f6fc14f02a0d2/execute/sync - {"script":"<script> [8489 bytes]","args":[{"element-6066-11e4-a52e-4f735466cecf":"f.92142B0E1996143B500ED3F2A7F6BA2F.d.76BEAC841B8D0BE0ABB3F384C6CFF6AE.e.9057","ELEMENT":"f.92142B0E1996143B500ED3F2A7F6BA2F.d.76BEAC841B8D0BE0ABB3F384C6CFF6AE.e.9057"}]}
RESULT: {"script":"<script> [8489 bytes]","args":[{"element-6066-11e4-a52e-4f735466cecf":"f.92142B0E1996143B500ED3F2A7F6BA2F.d.76BEAC841B8D0BE0ABB3F384C6CFF6AE.e.9057","ELEMENT":"f.92142B0E1996143B500ED3F2A7F6BA2F.d.76BEAC841B8D0BE0ABB3F384C6CFF6AE.e.9057"}]}
COMMAND: GET /session/582ce5f850a124cd0c5f6fc14f02a0d2/screenshot - {}
RESULT: {}
COMMAND: POST /session/582ce5f850a124cd0c5f6fc14f02a0d2/execute/sync - {"script":"<script> [8489 bytes]","args":[{"element-6066-11e4-a52e-4f735466cecf":"f.92142B0E1996143B500ED3F2A7F6BA2F.d.76BEAC841B8D0BE0ABB3F384C6CFF6AE.e.9057","ELEMENT":"f.92142B0E1996143B500ED3F2A7F6BA2F.d.76BEAC841B8D0BE0ABB3F384C6CFF6AE.e.9057"}]}
RESULT: {"script":"<script> [8489 bytes]","args":[{"element-6066-11e4-a52e-4f735466cecf":"f.92142B0E1996143B500ED3F2A7F6BA2F.d.76BEAC841B8D0BE0ABB3F384C6CFF6AE.e.9057","ELEMENT":"f.92142B0E1996143B500ED3F2A7F6BA2F.d.76BEAC841B8D0BE0ABB3F384C6CFF6AE.e.9057"}]}
COMMAND: GET /session/582ce5f850a124cd0c5f6fc14f02a0d2/screenshot - {}
RESULT: {}
COMMAND: POST /session/582ce5f850a124cd0c5f6fc14f02a0d2/execute/sync - {"script":"<script> [8489 bytes]","args":[{"element-6066-11e4-a52e-4f735466cecf":"f.92142B0E1996143B500ED3F2A7F6BA2F.d.76BEAC841B8D0BE0ABB3F384C6CFF6AE.e.9057","ELEMENT":"f.92142B0E1996143B500ED3F2A7F6BA2F.d.76BEAC841B8D0BE0ABB3F384C6CFF6AE.e.9057"}]}
RESULT: {"script":"<script> [8489 bytes]","args":[{"element-6066-11e4-a52e-4f735466cecf":"f.92142B0E1996143B500ED3F2A7F6BA2F.d.76BEAC841B8D0BE0ABB3F384C6CFF6AE.e.9057","ELEMENT":"f.92142B0E1996143B500ED3F2A7F6BA2F.d.76BEAC841B8D0BE0ABB3F384C6CFF6AE.e.9057"}]}
COMMAND: GET /session/582ce5f850a124cd0c5f6fc14f02a0d2/screenshot - {}
RESULT: {}
COMMAND: POST /session/582ce5f850a124cd0c5f6fc14f02a0d2/execute/sync - {"script":"<script> [8489 bytes]","args":[{"element-6066-11e4-a52e-4f735466cecf":"f.92142B0E1996143B500ED3F2A7F6BA2F.d.76BEAC841B8D0BE0ABB3F384C6CFF6AE.e.9057","ELEMENT":"f.92142B0E1996143B500ED3F2A7F6BA2F.d.76BEAC841B8D0BE0ABB3F384C6CFF6AE.e.9057"}]}
RESULT: {"script":"<script> [8489 bytes]","args":[{"element-6066-11e4-a52e-4f735466cecf":"f.92142B0E1996143B500ED3F2A7F6BA2F.d.76BEAC841B8D0BE0ABB3F384C6CFF6AE.e.9057","ELEMENT":"f.92142B0E1996143B500ED3F2A7F6BA2F.d.76BEAC841B8D0BE0ABB3F384C6CFF6AE.e.9057"}]}
COMMAND: GET /session/582ce5f850a124cd0c5f6fc14f02a0d2/screenshot - {}
RESULT: {}
COMMAND: POST /session/582ce5f850a124cd0c5f6fc14f02a0d2/execute/sync - {"script":"<script> [8489 bytes]","args":[{"element-6066-11e4-a52e-4f735466cecf":"f.92142B0E1996143B500ED3F2A7F6BA2F.d.76BEAC841B8D0BE0ABB3F384C6CFF6AE.e.9057","ELEMENT":"f.92142B0E1996143B500ED3F2A7F6BA2F.d.76BEAC841B8D0BE0ABB3F384C6CFF6AE.e.9057"}]}
RESULT: {"script":"<script> [8489 bytes]","args":[{"element-6066-11e4-a52e-4f735466cecf":"f.92142B0E1996143B500ED3F2A7F6BA2F.d.76BEAC841B8D0BE0ABB3F384C6CFF6AE.e.9057","ELEMENT":"f.92142B0E1996143B500ED3F2A7F6BA2F.d.76BEAC841B8D0BE0ABB3F384C6CFF6AE.e.9057"}]}
COMMAND: GET /session/582ce5f850a124cd0c5f6fc14f02a0d2/screenshot - {}
RESULT: {}
COMMAND: POST /session/582ce5f850a124cd0c5f6fc14f02a0d2/execute/sync - {"script":"<script> [8489 bytes]","args":[{"element-6066-11e4-a52e-4f735466cecf":"f.92142B0E1996143B500ED3F2A7F6BA2F.d.76BEAC841B8D0BE0ABB3F384C6CFF6AE.e.9057","ELEMENT":"f.92142B0E1996143B500ED3F2A7F6BA2F.d.76BEAC841B8D0BE0ABB3F384C6CFF6AE.e.9057"}]}
RESULT: {"script":"<script> [8489 bytes]","args":[{"element-6066-11e4-a52e-4f735466cecf":"f.92142B0E1996143B500ED3F2A7F6BA2F.d.76BEAC841B8D0BE0ABB3F384C6CFF6AE.e.9057","ELEMENT":"f.92142B0E1996143B500ED3F2A7F6BA2F.d.76BEAC841B8D0BE0ABB3F384C6CFF6AE.e.9057"}]}
COMMAND: GET /session/582ce5f850a124cd0c5f6fc14f02a0d2/screenshot - {}
RESULT: {}
COMMAND: POST /session/582ce5f850a124cd0c5f6fc14f02a0d2/execute/sync - {"script":"<script> [8489 bytes]","args":[{"element-6066-11e4-a52e-4f735466cecf":"f.92142B0E1996143B500ED3F2A7F6BA2F.d.76BEAC841B8D0BE0ABB3F384C6CFF6AE.e.9057","ELEMENT":"f.92142B0E1996143B500ED3F2A7F6BA2F.d.76BEAC841B8D0BE0ABB3F384C6CFF6AE.e.9057"}]}
RESULT: {"script":"<script> [8489 bytes]","args":[{"element-6066-11e4-a52e-4f735466cecf":"f.92142B0E1996143B500ED3F2A7F6BA2F.d.76BEAC841B8D0BE0ABB3F384C6CFF6AE.e.9057","ELEMENT":"f.92142B0E1996143B500ED3F2A7F6BA2F.d.76BEAC841B8D0BE0ABB3F384C6CFF6AE.e.9057"}]}
COMMAND: GET /session/582ce5f850a124cd0c5f6fc14f02a0d2/screenshot - {}
RESULT: {}
COMMAND: POST /session/582ce5f850a124cd0c5f6fc14f02a0d2/execute/sync - {"script":"<script> [8489 bytes]","args":[{"element-6066-11e4-a52e-4f735466cecf":"f.92142B0E1996143B500ED3F2A7F6BA2F.d.76BEAC841B8D0BE0ABB3F384C6CFF6AE.e.9057","ELEMENT":"f.92142B0E1996143B500ED3F2A7F6BA2F.d.76BEAC841B8D0BE0ABB3F384C6CFF6AE.e.9057"}]}
RESULT: {"script":"<script> [8489 bytes]","args":[{"element-6066-11e4-a52e-4f735466cecf":"f.92142B0E1996143B500ED3F2A7F6BA2F.d.76BEAC841B8D0BE0ABB3F384C6CFF6AE.e.9057","ELEMENT":"f.92142B0E1996143B500ED3F2A7F6BA2F.d.76BEAC841B8D0BE0ABB3F384C6CFF6AE.e.9057"}]}
COMMAND: GET /session/582ce5f850a124cd0c5f6fc14f02a0d2/screenshot - {}
RESULT: {}
COMMAND: POST /session/582ce5f850a124cd0c5f6fc14f02a0d2/execute/sync - {"script":"<script> [8489 bytes]","args":[{"element-6066-11e4-a52e-4f735466cecf":"f.92142B0E1996143B500ED3F2A7F6BA2F.d.76BEAC841B8D0BE0ABB3F384C6CFF6AE.e.9057","ELEMENT":"f.92142B0E1996143B500ED3F2A7F6BA2F.d.76BEAC841B8D0BE0ABB3F384C6CFF6AE.e.9057"}]}
RESULT: {"script":"<script> [8489 bytes]","args":[{"element-6066-11e4-a52e-4f735466cecf":"f.92142B0E1996143B500ED3F2A7F6BA2F.d.76BEAC841B8D0BE0ABB3F384C6CFF6AE.e.9057","ELEMENT":"f.92142B0E1996143B500ED3F2A7F6BA2F.d.76BEAC841B8D0BE0ABB3F384C6CFF6AE.e.9057"}]}
COMMAND: GET /session/582ce5f850a124cd0c5f6fc14f02a0d2/screenshot - {}
RESULT: {}
COMMAND: POST /session/582ce5f850a124cd0c5f6fc14f02a0d2/execute/sync - {"script":"<script> [8489 bytes]","args":[{"element-6066-11e4-a52e-4f735466cecf":"f.92142B0E1996143B500ED3F2A7F6BA2F.d.76BEAC841B8D0BE0ABB3F384C6CFF6AE.e.9057","ELEMENT":"f.92142B0E1996143B500ED3F2A7F6BA2F.d.76BEAC841B8D0BE0ABB3F384C6CFF6AE.e.9057"}]}
RESULT: {"script":"<script> [8489 bytes]","args":[{"element-6066-11e4-a52e-4f735466cecf":"f.92142B0E1996143B500ED3F2A7F6BA2F.d.76BEAC841B8D0BE0ABB3F384C6CFF6AE.e.9057","ELEMENT":"f.92142B0E1996143B500ED3F2A7F6BA2F.d.76BEAC841B8D0BE0ABB3F384C6CFF6AE.e.9057"}]}
COMMAND: GET /session/582ce5f850a124cd0c5f6fc14f02a0d2/screenshot - {}
RESULT: {}
COMMAND: POST /session/582ce5f850a124cd0c5f6fc14f02a0d2/execute/sync - {"script":"<script> [8489 bytes]","args":[{"element-6066-11e4-a52e-4f735466cecf":"f.92142B0E1996143B500ED3F2A7F6BA2F.d.76BEAC841B8D0BE0ABB3F384C6CFF6AE.e.9057","ELEMENT":"f.92142B0E1996143B500ED3F2A7F6BA2F.d.76BEAC841B8D0BE0ABB3F384C6CFF6AE.e.9057"}]}
RESULT: {"script":"<script> [8489 bytes]","args":[{"element-6066-11e4-a52e-4f735466cecf":"f.92142B0E1996143B500ED3F2A7F6BA2F.d.76BEAC841B8D0BE0ABB3F384C6CFF6AE.e.9057","ELEMENT":"f.92142B0E1996143B500ED3F2A7F6BA2F.d.76BEAC841B8D0BE0ABB3F384C6CFF6AE.e.9057"}]}
COMMAND: GET /session/582ce5f850a124cd0c5f6fc14f02a0d2/screenshot - {}
RESULT: {}
COMMAND: POST /session/582ce5f850a124cd0c5f6fc14f02a0d2/execute/sync - {"script":"<script> [8489 bytes]","args":[{"element-6066-11e4-a52e-4f735466cecf":"f.92142B0E1996143B500ED3F2A7F6BA2F.d.76BEAC841B8D0BE0ABB3F384C6CFF6AE.e.9057","ELEMENT":"f.92142B0E1996143B500ED3F2A7F6BA2F.d.76BEAC841B8D0BE0ABB3F384C6CFF6AE.e.9057"}]}
RESULT: {"script":"<script> [8489 bytes]","args":[{"element-6066-11e4-a52e-4f735466cecf":"f.92142B0E1996143B500ED3F2A7F6BA2F.d.76BEAC841B8D0BE0ABB3F384C6CFF6AE.e.9057","ELEMENT":"f.92142B0E1996143B500ED3F2A7F6BA2F.d.76BEAC841B8D0BE0ABB3F384C6CFF6AE.e.9057"}]}
COMMAND: GET /session/582ce5f850a124cd0c5f6fc14f02a0d2/screenshot - {}
RESULT: {}
COMMAND: POST /session/582ce5f850a124cd0c5f6fc14f02a0d2/execute/sync - {"script":"<script> [8489 bytes]","args":[{"element-6066-11e4-a52e-4f735466cecf":"f.92142B0E1996143B500ED3F2A7F6BA2F.d.76BEAC841B8D0BE0ABB3F384C6CFF6AE.e.9057","ELEMENT":"f.92142B0E1996143B500ED3F2A7F6BA2F.d.76BEAC841B8D0BE0ABB3F384C6CFF6AE.e.9057"}]}
RESULT: {"script":"<script> [8489 bytes]","args":[{"element-6066-11e4-a52e-4f735466cecf":"f.92142B0E1996143B500ED3F2A7F6BA2F.d.76BEAC841B8D0BE0ABB3F384C6CFF6AE.e.9057","ELEMENT":"f.92142B0E1996143B500ED3F2A7F6BA2F.d.76BEAC841B8D0BE0ABB3F384C6CFF6AE.e.9057"}]}
COMMAND: GET /session/582ce5f850a124cd0c5f6fc14f02a0d2/screenshot - {}
RESULT: {}
COMMAND: POST /session/582ce5f850a124cd0c5f6fc14f02a0d2/execute/sync - {"script":"<script> [8489 bytes]","args":[{"element-6066-11e4-a52e-4f735466cecf":"f.92142B0E1996143B500ED3F2A7F6BA2F.d.76BEAC841B8D0BE0ABB3F384C6CFF6AE.e.9057","ELEMENT":"f.92142B0E1996143B500ED3F2A7F6BA2F.d.76BEAC841B8D0BE0ABB3F384C6CFF6AE.e.9057"}]}
RESULT: {"script":"<script> [8489 bytes]","args":[{"element-6066-11e4-a52e-4f735466cecf":"f.92142B0E1996143B500ED3F2A7F6BA2F.d.76BEAC841B8D0BE0ABB3F384C6CFF6AE.e.9057","ELEMENT":"f.92142B0E1996143B500ED3F2A7F6BA2F.d.76BEAC841B8D0BE0ABB3F384C6CFF6AE.e.9057"}]}
COMMAND: GET /session/582ce5f850a124cd0c5f6fc14f02a0d2/screenshot - {}
RESULT: {}
COMMAND: POST /session/582ce5f850a124cd0c5f6fc14f02a0d2/execute/sync - {"script":"<script> [8489 bytes]","args":[{"element-6066-11e4-a52e-4f735466cecf":"f.92142B0E1996143B500ED3F2A7F6BA2F.d.76BEAC841B8D0BE0ABB3F384C6CFF6AE.e.9057","ELEMENT":"f.92142B0E1996143B500ED3F2A7F6BA2F.d.76BEAC841B8D0BE0ABB3F384C6CFF6AE.e.9057"}]}
RESULT: {"script":"<script> [8489 bytes]","args":[{"element-6066-11e4-a52e-4f735466cecf":"f.92142B0E1996143B500ED3F2A7F6BA2F.d.76BEAC841B8D0BE0ABB3F384C6CFF6AE.e.9057","ELEMENT":"f.92142B0E1996143B500ED3F2A7F6BA2F.d.76BEAC841B8D0BE0ABB3F384C6CFF6AE.e.9057"}]}
COMMAND: GET /session/582ce5f850a124cd0c5f6fc14f02a0d2/screenshot - {}
RESULT: {}
COMMAND: POST /session/582ce5f850a124cd0c5f6fc14f02a0d2/execute/sync - {"script":"<script> [8489 bytes]","args":[{"element-6066-11e4-a52e-4f735466cecf":"f.92142B0E1996143B500ED3F2A7F6BA2F.d.76BEAC841B8D0BE0ABB3F384C6CFF6AE.e.9057","ELEMENT":"f.92142B0E1996143B500ED3F2A7F6BA2F.d.76BEAC841B8D0BE0ABB3F384C6CFF6AE.e.9057"}]}
RESULT: {"script":"<script> [8489 bytes]","args":[{"element-6066-11e4-a52e-4f735466cecf":"f.92142B0E1996143B500ED3F2A7F6BA2F.d.76BEAC841B8D0BE0ABB3F384C6CFF6AE.e.9057","ELEMENT":"f.92142B0E1996143B500ED3F2A7F6BA2F.d.76BEAC841B8D0BE0ABB3F384C6CFF6AE.e.9057"}]}
COMMAND: GET /session/582ce5f850a124cd0c5f6fc14f02a0d2/screenshot - {}
RESULT: {}
COMMAND: POST /session/582ce5f850a124cd0c5f6fc14f02a0d2/execute/sync - {"script":"<script> [8489 bytes]","args":[{"element-6066-11e4-a52e-4f735466cecf":"f.92142B0E1996143B500ED3F2A7F6BA2F.d.76BEAC841B8D0BE0ABB3F384C6CFF6AE.e.9057","ELEMENT":"f.92142B0E1996143B500ED3F2A7F6BA2F.d.76BEAC841B8D0BE0ABB3F384C6CFF6AE.e.9057"}]}
RESULT: {"script":"<script> [8489 bytes]","args":[{"element-6066-11e4-a52e-4f735466cecf":"f.92142B0E1996143B500ED3F2A7F6BA2F.d.76BEAC841B8D0BE0ABB3F384C6CFF6AE.e.9057","ELEMENT":"f.92142B0E1996143B500ED3F2A7F6BA2F.d.76BEAC841B8D0BE0ABB3F384C6CFF6AE.e.9057"}]}
COMMAND: GET /session/582ce5f850a124cd0c5f6fc14f02a0d2/screenshot - {}
RESULT: {}
COMMAND: POST /session/582ce5f850a124cd0c5f6fc14f02a0d2/execute/sync - {"script":"<script> [8489 bytes]","args":[{"element-6066-11e4-a52e-4f735466cecf":"f.92142B0E1996143B500ED3F2A7F6BA2F.d.76BEAC841B8D0BE0ABB3F384C6CFF6AE.e.9057","ELEMENT":"f.92142B0E1996143B500ED3F2A7F6BA2F.d.76BEAC841B8D0BE0ABB3F384C6CFF6AE.e.9057"}]}
RESULT: {"script":"<script> [8489 bytes]","args":[{"element-6066-11e4-a52e-4f735466cecf":"f.92142B0E1996143B500ED3F2A7F6BA2F.d.76BEAC841B8D0BE0ABB3F384C6CFF6AE.e.9057","ELEMENT":"f.92142B0E1996143B500ED3F2A7F6BA2F.d.76BEAC841B8D0BE0ABB3F384C6CFF6AE.e.9057"}]}
COMMAND: GET /session/582ce5f850a124cd0c5f6fc14f02a0d2/screenshot - {}
RESULT: {}
COMMAND: POST /session/582ce5f850a124cd0c5f6fc14f02a0d2/execute/sync - {"script":"<script> [8489 bytes]","args":[{"element-6066-11e4-a52e-4f735466cecf":"f.92142B0E1996143B500ED3F2A7F6BA2F.d.76BEAC841B8D0BE0ABB3F384C6CFF6AE.e.9057","ELEMENT":"f.92142B0E1996143B500ED3F2A7F6BA2F.d.76BEAC841B8D0BE0ABB3F384C6CFF6AE.e.9057"}]}
RESULT: {"script":"<script> [8489 bytes]","args":[{"element-6066-11e4-a52e-4f735466cecf":"f.92142B0E1996143B500ED3F2A7F6BA2F.d.76BEAC841B8D0BE0ABB3F384C6CFF6AE.e.9057","ELEMENT":"f.92142B0E1996143B500ED3F2A7F6BA2F.d.76BEAC841B8D0BE0ABB3F384C6CFF6AE.e.9057"}]}
COMMAND: GET /session/582ce5f850a124cd0c5f6fc14f02a0d2/screenshot - {}
RESULT: {}
COMMAND: POST /session/582ce5f850a124cd0c5f6fc14f02a0d2/execute/sync - {"script":"<script> [8489 bytes]","args":[{"element-6066-11e4-a52e-4f735466cecf":"f.92142B0E1996143B500ED3F2A7F6BA2F.d.76BEAC841B8D0BE0ABB3F384C6CFF6AE.e.9057","ELEMENT":"f.92142B0E1996143B500ED3F2A7F6BA2F.d.76BEAC841B8D0BE0ABB3F384C6CFF6AE.e.9057"}]}
RESULT: {"script":"<script> [8489 bytes]","args":[{"element-6066-11e4-a52e-4f735466cecf":"f.92142B0E1996143B500ED3F2A7F6BA2F.d.76BEAC841B8D0BE0ABB3F384C6CFF6AE.e.9057","ELEMENT":"f.92142B0E1996143B500ED3F2A7F6BA2F.d.76BEAC841B8D0BE0ABB3F384C6CFF6AE.e.9057"}]}
COMMAND: GET /session/582ce5f850a124cd0c5f6fc14f02a0d2/screenshot - {}
RESULT: {}
COMMAND: POST /session/582ce5f850a124cd0c5f6fc14f02a0d2/execute/sync - {"script":"<script> [8489 bytes]","args":[{"element-6066-11e4-a52e-4f735466cecf":"f.92142B0E1996143B500ED3F2A7F6BA2F.d.76BEAC841B8D0BE0ABB3F384C6CFF6AE.e.9057","ELEMENT":"f.92142B0E1996143B500ED3F2A7F6BA2F.d.76BEAC841B8D0BE0ABB3F384C6CFF6AE.e.9057"}]}
RESULT: {"script":"<script> [8489 bytes]","args":[{"element-6066-11e4-a52e-4f735466cecf":"f.92142B0E1996143B500ED3F2A7F6BA2F.d.76BEAC841B8D0BE0ABB3F384C6CFF6AE.e.9057","ELEMENT":"f.92142B0E1996143B500ED3F2A7F6BA2F.d.76BEAC841B8D0BE0ABB3F384C6CFF6AE.e.9057"}]}
COMMAND: GET /session/582ce5f850a124cd0c5f6fc14f02a0d2/screenshot - {}
RESULT: {}
COMMAND: POST /session/582ce5f850a124cd0c5f6fc14f02a0d2/execute/sync - {"script":"<script> [8489 bytes]","args":[{"element-6066-11e4-a52e-4f735466cecf":"f.92142B0E1996143B500ED3F2A7F6BA2F.d.76BEAC841B8D0BE0ABB3F384C6CFF6AE.e.9057","ELEMENT":"f.92142B0E1996143B500ED3F2A7F6BA2F.d.76BEAC841B8D0BE0ABB3F384C6CFF6AE.e.9057"}]}
RESULT: {"script":"<script> [8489 bytes]","args":[{"element-6066-11e4-a52e-4f735466cecf":"f.92142B0E1996143B500ED3F2A7F6BA2F.d.76BEAC841B8D0BE0ABB3F384C6CFF6AE.e.9057","ELEMENT":"f.92142B0E1996143B500ED3F2A7F6BA2F.d.76BEAC841B8D0BE0ABB3F384C6CFF6AE.e.9057"}]}
COMMAND: GET /session/582ce5f850a124cd0c5f6fc14f02a0d2/screenshot - {}
RESULT: {}
COMMAND: POST /session/582ce5f850a124cd0c5f6fc14f02a0d2/execute/sync - {"script":"<script> [8489 bytes]","args":[{"element-6066-11e4-a52e-4f735466cecf":"f.92142B0E1996143B500ED3F2A7F6BA2F.d.76BEAC841B8D0BE0ABB3F384C6CFF6AE.e.9057","ELEMENT":"f.92142B0E1996143B500ED3F2A7F6BA2F.d.76BEAC841B8D0BE0ABB3F384C6CFF6AE.e.9057"}]}
RESULT: {"script":"<script> [8489 bytes]","args":[{"element-6066-11e4-a52e-4f735466cecf":"f.92142B0E1996143B500ED3F2A7F6BA2F.d.76BEAC841B8D0BE0ABB3F384C6CFF6AE.e.9057","ELEMENT":"f.92142B0E1996143B500ED3F2A7F6BA2F.d.76BEAC841B8D0BE0ABB3F384C6CFF6AE.e.9057"}]}
COMMAND: GET /session/582ce5f850a124cd0c5f6fc14f02a0d2/screenshot - {}
RESULT: {}
COMMAND: POST /session/582ce5f850a124cd0c5f6fc14f02a0d2/execute/sync - {"script":"<script> [8489 bytes]","args":[{"element-6066-11e4-a52e-4f735466cecf":"f.92142B0E1996143B500ED3F2A7F6BA2F.d.76BEAC841B8D0BE0ABB3F384C6CFF6AE.e.9057","ELEMENT":"f.92142B0E1996143B500ED3F2A7F6BA2F.d.76BEAC841B8D0BE0ABB3F384C6CFF6AE.e.9057"}]}
RESULT: {"script":"<script> [8489 bytes]","args":[{"element-6066-11e4-a52e-4f735466cecf":"f.92142B0E1996143B500ED3F2A7F6BA2F.d.76BEAC841B8D0BE0ABB3F384C6CFF6AE.e.9057","ELEMENT":"f.92142B0E1996143B500ED3F2A7F6BA2F.d.76BEAC841B8D0BE0ABB3F384C6CFF6AE.e.9057"}]}
COMMAND: GET /session/582ce5f850a124cd0c5f6fc14f02a0d2/screenshot - {}
RESULT: {}
COMMAND: POST /session/582ce5f850a124cd0c5f6fc14f02a0d2/execute/sync - {"script":"<script> [8489 bytes]","args":[{"element-6066-11e4-a52e-4f735466cecf":"f.92142B0E1996143B500ED3F2A7F6BA2F.d.76BEAC841B8D0BE0ABB3F384C6CFF6AE.e.9057","ELEMENT":"f.92142B0E1996143B500ED3F2A7F6BA2F.d.76BEAC841B8D0BE0ABB3F384C6CFF6AE.e.9057"}]}
RESULT: {"script":"<script> [8489 bytes]","args":[{"element-6066-11e4-a52e-4f735466cecf":"f.92142B0E1996143B500ED3F2A7F6BA2F.d.76BEAC841B8D0BE0ABB3F384C6CFF6AE.e.9057","ELEMENT":"f.92142B0E1996143B500ED3F2A7F6BA2F.d.76BEAC841B8D0BE0ABB3F384C6CFF6AE.e.9057"}]}
COMMAND: GET /session/582ce5f850a124cd0c5f6fc14f02a0d2/screenshot - {}
RESULT: {}
COMMAND: POST /session/582ce5f850a124cd0c5f6fc14f02a0d2/execute/sync - {"script":"<script> [8489 bytes]","args":[{"element-6066-11e4-a52e-4f735466cecf":"f.92142B0E1996143B500ED3F2A7F6BA2F.d.76BEAC841B8D0BE0ABB3F384C6CFF6AE.e.9057","ELEMENT":"f.92142B0E1996143B500ED3F2A7F6BA2F.d.76BEAC841B8D0BE0ABB3F384C6CFF6AE.e.9057"}]}
RESULT: {"script":"<script> [8489 bytes]","args":[{"element-6066-11e4-a52e-4f735466cecf":"f.92142B0E1996143B500ED3F2A7F6BA2F.d.76BEAC841B8D0BE0ABB3F384C6CFF6AE.e.9057","ELEMENT":"f.92142B0E1996143B500ED3F2A7F6BA2F.d.76BEAC841B8D0BE0ABB3F384C6CFF6AE.e.9057"}]}
COMMAND: GET /session/582ce5f850a124cd0c5f6fc14f02a0d2/screenshot - {}
RESULT: {}
COMMAND: POST /session/582ce5f850a124cd0c5f6fc14f02a0d2/execute/sync - {"script":"<script> [8489 bytes]","args":[{"element-6066-11e4-a52e-4f735466cecf":"f.92142B0E1996143B500ED3F2A7F6BA2F.d.76BEAC841B8D0BE0ABB3F384C6CFF6AE.e.9057","ELEMENT":"f.92142B0E1996143B500ED3F2A7F6BA2F.d.76BEAC841B8D0BE0ABB3F384C6CFF6AE.e.9057"}]}
RESULT: {"script":"<script> [8489 bytes]","args":[{"element-6066-11e4-a52e-4f735466cecf":"f.92142B0E1996143B500ED3F2A7F6BA2F.d.76BEAC841B8D0BE0ABB3F384C6CFF6AE.e.9057","ELEMENT":"f.92142B0E1996143B500ED3F2A7F6BA2F.d.76BEAC841B8D0BE0ABB3F384C6CFF6AE.e.9057"}]}
COMMAND: GET /session/582ce5f850a124cd0c5f6fc14f02a0d2/screenshot - {}
RESULT: {}
COMMAND: POST /session/582ce5f850a124cd0c5f6fc14f02a0d2/execute/sync - {"script":"<script> [8489 bytes]","args":[{"element-6066-11e4-a52e-4f735466cecf":"f.92142B0E1996143B500ED3F2A7F6BA2F.d.76BEAC841B8D0BE0ABB3F384C6CFF6AE.e.9057","ELEMENT":"f.92142B0E1996143B500ED3F2A7F6BA2F.d.76BEAC841B8D0BE0ABB3F384C6CFF6AE.e.9057"}]}
RESULT: {"script":"<script> [8489 bytes]","args":[{"element-6066-11e4-a52e-4f735466cecf":"f.92142B0E1996143B500ED3F2A7F6BA2F.d.76BEAC841B8D0BE0ABB3F384C6CFF6AE.e.9057","ELEMENT":"f.92142B0E1996143B500ED3F2A7F6BA2F.d.76BEAC841B8D0BE0ABB3F384C6CFF6AE.e.9057"}]}
COMMAND: GET /session/582ce5f850a124cd0c5f6fc14f02a0d2/screenshot - {}
RESULT: {}
COMMAND: POST /session/582ce5f850a124cd0c5f6fc14f02a0d2/execute/sync - {"script":"<script> [8489 bytes]","args":[{"element-6066-11e4-a52e-4f735466cecf":"f.92142B0E1996143B500ED3F2A7F6BA2F.d.76BEAC841B8D0BE0ABB3F384C6CFF6AE.e.9057","ELEMENT":"f.92142B0E1996143B500ED3F2A7F6BA2F.d.76BEAC841B8D0BE0ABB3F384C6CFF6AE.e.9057"}]}
RESULT: {"script":"<script> [8489 bytes]","args":[{"element-6066-11e4-a52e-4f735466cecf":"f.92142B0E1996143B500ED3F2A7F6BA2F.d.76BEAC841B8D0BE0ABB3F384C6CFF6AE.e.9057","ELEMENT":"f.92142B0E1996143B500ED3F2A7F6BA2F.d.76BEAC841B8D0BE0ABB3F384C6CFF6AE.e.9057"}]}
COMMAND: GET /session/582ce5f850a124cd0c5f6fc14f02a0d2/screenshot - {}
RESULT: {}
COMMAND: POST /session/582ce5f850a124cd0c5f6fc14f02a0d2/execute/sync - {"script":"<script> [8489 bytes]","args":[{"element-6066-11e4-a52e-4f735466cecf":"f.92142B0E1996143B500ED3F2A7F6BA2F.d.76BEAC841B8D0BE0ABB3F384C6CFF6AE.e.9057","ELEMENT":"f.92142B0E1996143B500ED3F2A7F6BA2F.d.76BEAC841B8D0BE0ABB3F384C6CFF6AE.e.9057"}]}
RESULT: {"script":"<script> [8489 bytes]","args":[{"element-6066-11e4-a52e-4f735466cecf":"f.92142B0E1996143B500ED3F2A7F6BA2F.d.76BEAC841B8D0BE0ABB3F384C6CFF6AE.e.9057","ELEMENT":"f.92142B0E1996143B500ED3F2A7F6BA2F.d.76BEAC841B8D0BE0ABB3F384C6CFF6AE.e.9057"}]}
COMMAND: GET /session/582ce5f850a124cd0c5f6fc14f02a0d2/screenshot - {}
RESULT: {}
COMMAND: POST /session/582ce5f850a124cd0c5f6fc14f02a0d2/execute/sync - {"script":"<script> [8489 bytes]","args":[{"element-6066-11e4-a52e-4f735466cecf":"f.92142B0E1996143B500ED3F2A7F6BA2F.d.76BEAC841B8D0BE0ABB3F384C6CFF6AE.e.9057","ELEMENT":"f.92142B0E1996143B500ED3F2A7F6BA2F.d.76BEAC841B8D0BE0ABB3F384C6CFF6AE.e.9057"}]}
RESULT: {"script":"<script> [8489 bytes]","args":[{"element-6066-11e4-a52e-4f735466cecf":"f.92142B0E1996143B500ED3F2A7F6BA2F.d.76BEAC841B8D0BE0ABB3F384C6CFF6AE.e.9057","ELEMENT":"f.92142B0E1996143B500ED3F2A7F6BA2F.d.76BEAC841B8D0BE0ABB3F384C6CFF6AE.e.9057"}]}
COMMAND: GET /session/582ce5f850a124cd0c5f6fc14f02a0d2/screenshot - {}
RESULT: {}
COMMAND: POST /session/582ce5f850a124cd0c5f6fc14f02a0d2/execute/sync - {"script":"<script> [8489 bytes]","args":[{"element-6066-11e4-a52e-4f735466cecf":"f.92142B0E1996143B500ED3F2A7F6BA2F.d.76BEAC841B8D0BE0ABB3F384C6CFF6AE.e.9057","ELEMENT":"f.92142B0E1996143B500ED3F2A7F6BA2F.d.76BEAC841B8D0BE0ABB3F384C6CFF6AE.e.9057"}]}
RESULT: {"script":"<script> [8489 bytes]","args":[{"element-6066-11e4-a52e-4f735466cecf":"f.92142B0E1996143B500ED3F2A7F6BA2F.d.76BEAC841B8D0BE0ABB3F384C6CFF6AE.e.9057","ELEMENT":"f.92142B0E1996143B500ED3F2A7F6BA2F.d.76BEAC841B8D0BE0ABB3F384C6CFF6AE.e.9057"}]}
COMMAND: GET /session/582ce5f850a124cd0c5f6fc14f02a0d2/screenshot - {}
RESULT: {}
COMMAND: POST /session/582ce5f850a124cd0c5f6fc14f02a0d2/execute/sync - {"script":"<script> [8489 bytes]","args":[{"element-6066-11e4-a52e-4f735466cecf":"f.92142B0E1996143B500ED3F2A7F6BA2F.d.76BEAC841B8D0BE0ABB3F384C6CFF6AE.e.9057","ELEMENT":"f.92142B0E1996143B500ED3F2A7F6BA2F.d.76BEAC841B8D0BE0ABB3F384C6CFF6AE.e.9057"}]}
RESULT: {"script":"<script> [8489 bytes]","args":[{"element-6066-11e4-a52e-4f735466cecf":"f.92142B0E1996143B500ED3F2A7F6BA2F.d.76BEAC841B8D0BE0ABB3F384C6CFF6AE.e.9057","ELEMENT":"f.92142B0E1996143B500ED3F2A7F6BA2F.d.76BEAC841B8D0BE0ABB3F384C6CFF6AE.e.9057"}]}
COMMAND: GET /session/582ce5f850a124cd0c5f6fc14f02a0d2/screenshot - {}
RESULT: {}
COMMAND: POST /session/582ce5f850a124cd0c5f6fc14f02a0d2/execute/sync - {"script":"<script> [8489 bytes]","args":[{"element-6066-11e4-a52e-4f735466cecf":"f.92142B0E1996143B500ED3F2A7F6BA2F.d.76BEAC841B8D0BE0ABB3F384C6CFF6AE.e.9057","ELEMENT":"f.92142B0E1996143B500ED3F2A7F6BA2F.d.76BEAC841B8D0BE0ABB3F384C6CFF6AE.e.9057"}]}
RESULT: {"script":"<script> [8489 bytes]","args":[{"element-6066-11e4-a52e-4f735466cecf":"f.92142B0E1996143B500ED3F2A7F6BA2F.d.76BEAC841B8D0BE0ABB3F384C6CFF6AE.e.9057","ELEMENT":"f.92142B0E1996143B500ED3F2A7F6BA2F.d.76BEAC841B8D0BE0ABB3F384C6CFF6AE.e.9057"}]}
COMMAND: GET /session/582ce5f850a124cd0c5f6fc14f02a0d2/screenshot - {}
RESULT: {}
COMMAND: POST /session/582ce5f850a124cd0c5f6fc14f02a0d2/execute/sync - {"script":"<script> [8489 bytes]","args":[{"element-6066-11e4-a52e-4f735466cecf":"f.92142B0E1996143B500ED3F2A7F6BA2F.d.76BEAC841B8D0BE0ABB3F384C6CFF6AE.e.9057","ELEMENT":"f.92142B0E1996143B500ED3F2A7F6BA2F.d.76BEAC841B8D0BE0ABB3F384C6CFF6AE.e.9057"}]}
RESULT: {"script":"<script> [8489 bytes]","args":[{"element-6066-11e4-a52e-4f735466cecf":"f.92142B0E1996143B500ED3F2A7F6BA2F.d.76BEAC841B8D0BE0ABB3F384C6CFF6AE.e.9057","ELEMENT":"f.92142B0E1996143B500ED3F2A7F6BA2F.d.76BEAC841B8D0BE0ABB3F384C6CFF6AE.e.9057"}]}
COMMAND: GET /session/582ce5f850a124cd0c5f6fc14f02a0d2/screenshot - {}
RESULT: {}
COMMAND: POST /session/582ce5f850a124cd0c5f6fc14f02a0d2/execute/sync - {"script":"<script> [8489 bytes]","args":[{"element-6066-11e4-a52e-4f735466cecf":"f.92142B0E1996143B500ED3F2A7F6BA2F.d.76BEAC841B8D0BE0ABB3F384C6CFF6AE.e.9057","ELEMENT":"f.92142B0E1996143B500ED3F2A7F6BA2F.d.76BEAC841B8D0BE0ABB3F384C6CFF6AE.e.9057"}]}
RESULT: {"script":"<script> [8489 bytes]","args":[{"element-6066-11e4-a52e-4f735466cecf":"f.92142B0E1996143B500ED3F2A7F6BA2F.d.76BEAC841B8D0BE0ABB3F384C6CFF6AE.e.9057","ELEMENT":"f.92142B0E1996143B500ED3F2A7F6BA2F.d.76BEAC841B8D0BE0ABB3F384C6CFF6AE.e.9057"}]}
COMMAND: GET /session/582ce5f850a124cd0c5f6fc14f02a0d2/screenshot - {}
RESULT: {}
COMMAND: POST /session/582ce5f850a124cd0c5f6fc14f02a0d2/execute/sync - {"script":"<script> [8489 bytes]","args":[{"element-6066-11e4-a52e-4f735466cecf":"f.92142B0E1996143B500ED3F2A7F6BA2F.d.76BEAC841B8D0BE0ABB3F384C6CFF6AE.e.9057","ELEMENT":"f.92142B0E1996143B500ED3F2A7F6BA2F.d.76BEAC841B8D0BE0ABB3F384C6CFF6AE.e.9057"}]}
RESULT: {"script":"<script> [8489 bytes]","args":[{"element-6066-11e4-a52e-4f735466cecf":"f.92142B0E1996143B500ED3F2A7F6BA2F.d.76BEAC841B8D0BE0ABB3F384C6CFF6AE.e.9057","ELEMENT":"f.92142B0E1996143B500ED3F2A7F6BA2F.d.76BEAC841B8D0BE0ABB3F384C6CFF6AE.e.9057"}]}
COMMAND: GET /session/582ce5f850a124cd0c5f6fc14f02a0d2/screenshot - {}
RESULT: {}
COMMAND: POST /session/582ce5f850a124cd0c5f6fc14f02a0d2/execute/sync - {"script":"<script> [8489 bytes]","args":[{"element-6066-11e4-a52e-4f735466cecf":"f.92142B0E1996143B500ED3F2A7F6BA2F.d.76BEAC841B8D0BE0ABB3F384C6CFF6AE.e.9057","ELEMENT":"f.92142B0E1996143B500ED3F2A7F6BA2F.d.76BEAC841B8D0BE0ABB3F384C6CFF6AE.e.9057"}]}
RESULT: {"script":"<script> [8489 bytes]","args":[{"element-6066-11e4-a52e-4f735466cecf":"f.92142B0E1996143B500ED3F2A7F6BA2F.d.76BEAC841B8D0BE0ABB3F384C6CFF6AE.e.9057","ELEMENT":"f.92142B0E1996143B500ED3F2A7F6BA2F.d.76BEAC841B8D0BE0ABB3F384C6CFF6AE.e.9057"}]}
COMMAND: GET /session/582ce5f850a124cd0c5f6fc14f02a0d2/screenshot - {}
RESULT: {}
COMMAND: POST /session/582ce5f850a124cd0c5f6fc14f02a0d2/execute/sync - {"script":"<script> [8489 bytes]","args":[{"element-6066-11e4-a52e-4f735466cecf":"f.92142B0E1996143B500ED3F2A7F6BA2F.d.76BEAC841B8D0BE0ABB3F384C6CFF6AE.e.9057","ELEMENT":"f.92142B0E1996143B500ED3F2A7F6BA2F.d.76BEAC841B8D0BE0ABB3F384C6CFF6AE.e.9057"}]}
RESULT: {"script":"<script> [8489 bytes]","args":[{"element-6066-11e4-a52e-4f735466cecf":"f.92142B0E1996143B500ED3F2A7F6BA2F.d.76BEAC841B8D0BE0ABB3F384C6CFF6AE.e.9057","ELEMENT":"f.92142B0E1996143B500ED3F2A7F6BA2F.d.76BEAC841B8D0BE0ABB3F384C6CFF6AE.e.9057"}]}
COMMAND: GET /session/582ce5f850a124cd0c5f6fc14f02a0d2/screenshot - {}
RESULT: {}
COMMAND: POST /session/582ce5f850a124cd0c5f6fc14f02a0d2/execute/sync - {"script":"<script> [8489 bytes]","args":[{"element-6066-11e4-a52e-4f735466cecf":"f.92142B0E1996143B500ED3F2A7F6BA2F.d.76BEAC841B8D0BE0ABB3F384C6CFF6AE.e.9057","ELEMENT":"f.92142B0E1996143B500ED3F2A7F6BA2F.d.76BEAC841B8D0BE0ABB3F384C6CFF6AE.e.9057"}]}
RESULT: {"script":"<script> [8489 bytes]","args":[{"element-6066-11e4-a52e-4f735466cecf":"f.92142B0E1996143B500ED3F2A7F6BA2F.d.76BEAC841B8D0BE0ABB3F384C6CFF6AE.e.9057","ELEMENT":"f.92142B0E1996143B500ED3F2A7F6BA2F.d.76BEAC841B8D0BE0ABB3F384C6CFF6AE.e.9057"}]}
COMMAND: GET /session/582ce5f850a124cd0c5f6fc14f02a0d2/screenshot - {}
RESULT: {}
COMMAND: POST /session/582ce5f850a124cd0c5f6fc14f02a0d2/execute/sync - {"script":"<script> [8489 bytes]","args":[{"element-6066-11e4-a52e-4f735466cecf":"f.92142B0E1996143B500ED3F2A7F6BA2F.d.76BEAC841B8D0BE0ABB3F384C6CFF6AE.e.9057","ELEMENT":"f.92142B0E1996143B500ED3F2A7F6BA2F.d.76BEAC841B8D0BE0ABB3F384C6CFF6AE.e.9057"}]}
RESULT: {"script":"<script> [8489 bytes]","args":[{"element-6066-11e4-a52e-4f735466cecf":"f.92142B0E1996143B500ED3F2A7F6BA2F.d.76BEAC841B8D0BE0ABB3F384C6CFF6AE.e.9057","ELEMENT":"f.92142B0E1996143B500ED3F2A7F6BA2F.d.76BEAC841B8D0BE0ABB3F384C6CFF6AE.e.9057"}]}
COMMAND: GET /session/582ce5f850a124cd0c5f6fc14f02a0d2/screenshot - {}
COMMAND: POST /session/582ce5f850a124cd0c5f6fc14f02a0d2/execute/sync - {"script":"<script> [8489 bytes]","args":[{"element-6066-11e4-a52e-4f735466cecf":"f.92142B0E1996143B500ED3F2A7F6BA2F.d.76BEAC841B8D0BE0ABB3F384C6CFF6AE.e.9057","ELEMENT":"f.92142B0E1996143B500ED3F2A7F6BA2F.d.76BEAC841B8D0BE0ABB3F384C6CFF6AE.e.9057"}]}
RESULT: {}
RESULT: {"script":"<script> [8489 bytes]","args":[{"element-6066-11e4-a52e-4f735466cecf":"f.92142B0E1996143B500ED3F2A7F6BA2F.d.76BEAC841B8D0BE0ABB3F384C6CFF6AE.e.9057","ELEMENT":"f.92142B0E1996143B500ED3F2A7F6BA2F.d.76BEAC841B8D0BE0ABB3F384C6CFF6AE.e.9057"}]}
COMMAND: GET /session/582ce5f850a124cd0c5f6fc14f02a0d2/screenshot - {}
RESULT: {}
COMMAND: POST /session/582ce5f850a124cd0c5f6fc14f02a0d2/execute/sync - {"script":"<script> [8489 bytes]","args":[{"element-6066-11e4-a52e-4f735466cecf":"f.92142B0E1996143B500ED3F2A7F6BA2F.d.76BEAC841B8D0BE0ABB3F384C6CFF6AE.e.9057","ELEMENT":"f.92142B0E1996143B500ED3F2A7F6BA2F.d.76BEAC841B8D0BE0ABB3F384C6CFF6AE.e.9057"}]}
RESULT: {"script":"<script> [8489 bytes]","args":[{"element-6066-11e4-a52e-4f735466cecf":"f.92142B0E1996143B500ED3F2A7F6BA2F.d.76BEAC841B8D0BE0ABB3F384C6CFF6AE.e.9057","ELEMENT":"f.92142B0E1996143B500ED3F2A7F6BA2F.d.76BEAC841B8D0BE0ABB3F384C6CFF6AE.e.9057"}]}
COMMAND: GET /session/582ce5f850a124cd0c5f6fc14f02a0d2/screenshot - {}
RESULT: {}
COMMAND: POST /session/582ce5f850a124cd0c5f6fc14f02a0d2/execute/sync - {"script":"<script> [8489 bytes]","args":[{"element-6066-11e4-a52e-4f735466cecf":"f.92142B0E1996143B500ED3F2A7F6BA2F.d.76BEAC841B8D0BE0ABB3F384C6CFF6AE.e.9057","ELEMENT":"f.92142B0E1996143B500ED3F2A7F6BA2F.d.76BEAC841B8D0BE0ABB3F384C6CFF6AE.e.9057"}]}
RESULT: {"script":"<script> [8489 bytes]","args":[{"element-6066-11e4-a52e-4f735466cecf":"f.92142B0E1996143B500ED3F2A7F6BA2F.d.76BEAC841B8D0BE0ABB3F384C6CFF6AE.e.9057","ELEMENT":"f.92142B0E1996143B500ED3F2A7F6BA2F.d.76BEAC841B8D0BE0ABB3F384C6CFF6AE.e.9057"}]}
COMMAND: GET /session/582ce5f850a124cd0c5f6fc14f02a0d2/screenshot - {}
RESULT: {}
COMMAND: POST /session/582ce5f850a124cd0c5f6fc14f02a0d2/execute/sync - {"script":"<script> [8489 bytes]","args":[{"element-6066-11e4-a52e-4f735466cecf":"f.92142B0E1996143B500ED3F2A7F6BA2F.d.76BEAC841B8D0BE0ABB3F384C6CFF6AE.e.9057","ELEMENT":"f.92142B0E1996143B500ED3F2A7F6BA2F.d.76BEAC841B8D0BE0ABB3F384C6CFF6AE.e.9057"}]}
RESULT: {"script":"<script> [8489 bytes]","args":[{"element-6066-11e4-a52e-4f735466cecf":"f.92142B0E1996143B500ED3F2A7F6BA2F.d.76BEAC841B8D0BE0ABB3F384C6CFF6AE.e.9057","ELEMENT":"f.92142B0E1996143B500ED3F2A7F6BA2F.d.76BEAC841B8D0BE0ABB3F384C6CFF6AE.e.9057"}]}
COMMAND: GET /session/582ce5f850a124cd0c5f6fc14f02a0d2/screenshot - {}
RESULT: {}
COMMAND: POST /session/582ce5f850a124cd0c5f6fc14f02a0d2/execute/sync - {"script":"<script> [8489 bytes]","args":[{"element-6066-11e4-a52e-4f735466cecf":"f.92142B0E1996143B500ED3F2A7F6BA2F.d.76BEAC841B8D0BE0ABB3F384C6CFF6AE.e.9057","ELEMENT":"f.92142B0E1996143B500ED3F2A7F6BA2F.d.76BEAC841B8D0BE0ABB3F384C6CFF6AE.e.9057"}]}
RESULT: {"script":"<script> [8489 bytes]","args":[{"element-6066-11e4-a52e-4f735466cecf":"f.92142B0E1996143B500ED3F2A7F6BA2F.d.76BEAC841B8D0BE0ABB3F384C6CFF6AE.e.9057","ELEMENT":"f.92142B0E1996143B500ED3F2A7F6BA2F.d.76BEAC841B8D0BE0ABB3F384C6CFF6AE.e.9057"}]}
COMMAND: GET /session/582ce5f850a124cd0c5f6fc14f02a0d2/screenshot - {}
RESULT: {}
COMMAND: POST /session/582ce5f850a124cd0c5f6fc14f02a0d2/execute/sync - {"script":"<script> [8489 bytes]","args":[{"element-6066-11e4-a52e-4f735466cecf":"f.92142B0E1996143B500ED3F2A7F6BA2F.d.76BEAC841B8D0BE0ABB3F384C6CFF6AE.e.9057","ELEMENT":"f.92142B0E1996143B500ED3F2A7F6BA2F.d.76BEAC841B8D0BE0ABB3F384C6CFF6AE.e.9057"}]}
RESULT: {"script":"<script> [8489 bytes]","args":[{"element-6066-11e4-a52e-4f735466cecf":"f.92142B0E1996143B500ED3F2A7F6BA2F.d.76BEAC841B8D0BE0ABB3F384C6CFF6AE.e.9057","ELEMENT":"f.92142B0E1996143B500ED3F2A7F6BA2F.d.76BEAC841B8D0BE0ABB3F384C6CFF6AE.e.9057"}]}
COMMAND: GET /session/582ce5f850a124cd0c5f6fc14f02a0d2/screenshot - {}
RESULT: {}
COMMAND: POST /session/582ce5f850a124cd0c5f6fc14f02a0d2/execute/sync - {"script":"<script> [8489 bytes]","args":[{"element-6066-11e4-a52e-4f735466cecf":"f.92142B0E1996143B500ED3F2A7F6BA2F.d.76BEAC841B8D0BE0ABB3F384C6CFF6AE.e.9057","ELEMENT":"f.92142B0E1996143B500ED3F2A7F6BA2F.d.76BEAC841B8D0BE0ABB3F384C6CFF6AE.e.9057"}]}
RESULT: {"script":"<script> [8489 bytes]","args":[{"element-6066-11e4-a52e-4f735466cecf":"f.92142B0E1996143B500ED3F2A7F6BA2F.d.76BEAC841B8D0BE0ABB3F384C6CFF6AE.e.9057","ELEMENT":"f.92142B0E1996143B500ED3F2A7F6BA2F.d.76BEAC841B8D0BE0ABB3F384C6CFF6AE.e.9057"}]}
COMMAND: GET /session/582ce5f850a124cd0c5f6fc14f02a0d2/screenshot - {}
RESULT: {}
COMMAND: POST /session/582ce5f850a124cd0c5f6fc14f02a0d2/execute/sync - {"script":"<script> [8489 bytes]","args":[{"element-6066-11e4-a52e-4f735466cecf":"f.92142B0E1996143B500ED3F2A7F6BA2F.d.76BEAC841B8D0BE0ABB3F384C6CFF6AE.e.9057","ELEMENT":"f.92142B0E1996143B500ED3F2A7F6BA2F.d.76BEAC841B8D0BE0ABB3F384C6CFF6AE.e.9057"}]}
RESULT: {"script":"<script> [8489 bytes]","args":[{"element-6066-11e4-a52e-4f735466cecf":"f.92142B0E1996143B500ED3F2A7F6BA2F.d.76BEAC841B8D0BE0ABB3F384C6CFF6AE.e.9057","ELEMENT":"f.92142B0E1996143B500ED3F2A7F6BA2F.d.76BEAC841B8D0BE0ABB3F384C6CFF6AE.e.9057"}]}
COMMAND: GET /session/582ce5f850a124cd0c5f6fc14f02a0d2/screenshot - {}
RESULT: {}
COMMAND: POST /session/582ce5f850a124cd0c5f6fc14f02a0d2/execute/sync - {"script":"<script> [8489 bytes]","args":[{"element-6066-11e4-a52e-4f735466cecf":"f.92142B0E1996143B500ED3F2A7F6BA2F.d.76BEAC841B8D0BE0ABB3F384C6CFF6AE.e.9057","ELEMENT":"f.92142B0E1996143B500ED3F2A7F6BA2F.d.76BEAC841B8D0BE0ABB3F384C6CFF6AE.e.9057"}]}
RESULT: {"script":"<script> [8489 bytes]","args":[{"element-6066-11e4-a52e-4f735466cecf":"f.92142B0E1996143B500ED3F2A7F6BA2F.d.76BEAC841B8D0BE0ABB3F384C6CFF6AE.e.9057","ELEMENT":"f.92142B0E1996143B500ED3F2A7F6BA2F.d.76BEAC841B8D0BE0ABB3F384C6CFF6AE.e.9057"}]}
COMMAND: GET /session/582ce5f850a124cd0c5f6fc14f02a0d2/screenshot - {}
RESULT: {}
COMMAND: POST /session/582ce5f850a124cd0c5f6fc14f02a0d2/execute/sync - {"script":"<script> [8489 bytes]","args":[{"element-6066-11e4-a52e-4f735466cecf":"f.92142B0E1996143B500ED3F2A7F6BA2F.d.76BEAC841B8D0BE0ABB3F384C6CFF6AE.e.9057","ELEMENT":"f.92142B0E1996143B500ED3F2A7F6BA2F.d.76BEAC841B8D0BE0ABB3F384C6CFF6AE.e.9057"}]}
RESULT: {"script":"<script> [8489 bytes]","args":[{"element-6066-11e4-a52e-4f735466cecf":"f.92142B0E1996143B500ED3F2A7F6BA2F.d.76BEAC841B8D0BE0ABB3F384C6CFF6AE.e.9057","ELEMENT":"f.92142B0E1996143B500ED3F2A7F6BA2F.d.76BEAC841B8D0BE0ABB3F384C6CFF6AE.e.9057"}]}
COMMAND: GET /session/582ce5f850a124cd0c5f6fc14f02a0d2/screenshot - {}
RESULT: {}
COMMAND: POST /session/582ce5f850a124cd0c5f6fc14f02a0d2/execute/sync - {"script":"<script> [8489 bytes]","args":[{"element-6066-11e4-a52e-4f735466cecf":"f.92142B0E1996143B500ED3F2A7F6BA2F.d.76BEAC841B8D0BE0ABB3F384C6CFF6AE.e.9057","ELEMENT":"f.92142B0E1996143B500ED3F2A7F6BA2F.d.76BEAC841B8D0BE0ABB3F384C6CFF6AE.e.9057"}]}
RESULT: {"script":"<script> [8489 bytes]","args":[{"element-6066-11e4-a52e-4f735466cecf":"f.92142B0E1996143B500ED3F2A7F6BA2F.d.76BEAC841B8D0BE0ABB3F384C6CFF6AE.e.9057","ELEMENT":"f.92142B0E1996143B500ED3F2A7F6BA2F.d.76BEAC841B8D0BE0ABB3F384C6CFF6AE.e.9057"}]}
COMMAND: GET /session/582ce5f850a124cd0c5f6fc14f02a0d2/screenshot - {}
RESULT: {}
COMMAND: POST /session/582ce5f850a124cd0c5f6fc14f02a0d2/execute/sync - {"script":"<script> [8489 bytes]","args":[{"element-6066-11e4-a52e-4f735466cecf":"f.92142B0E1996143B500ED3F2A7F6BA2F.d.76BEAC841B8D0BE0ABB3F384C6CFF6AE.e.9057","ELEMENT":"f.92142B0E1996143B500ED3F2A7F6BA2F.d.76BEAC841B8D0BE0ABB3F384C6CFF6AE.e.9057"}]}
RESULT: {"script":"<script> [8489 bytes]","args":[{"element-6066-11e4-a52e-4f735466cecf":"f.92142B0E1996143B500ED3F2A7F6BA2F.d.76BEAC841B8D0BE0ABB3F384C6CFF6AE.e.9057","ELEMENT":"f.92142B0E1996143B500ED3F2A7F6BA2F.d.76BEAC841B8D0BE0ABB3F384C6CFF6AE.e.9057"}]}
COMMAND: GET /session/582ce5f850a124cd0c5f6fc14f02a0d2/screenshot - {}
RESULT: {}
COMMAND: POST /session/582ce5f850a124cd0c5f6fc14f02a0d2/execute/sync - {"script":"<script> [8489 bytes]","args":[{"element-6066-11e4-a52e-4f735466cecf":"f.92142B0E1996143B500ED3F2A7F6BA2F.d.76BEAC841B8D0BE0ABB3F384C6CFF6AE.e.9057","ELEMENT":"f.92142B0E1996143B500ED3F2A7F6BA2F.d.76BEAC841B8D0BE0ABB3F384C6CFF6AE.e.9057"}]}
RESULT: {"script":"<script> [8489 bytes]","args":[{"element-6066-11e4-a52e-4f735466cecf":"f.92142B0E1996143B500ED3F2A7F6BA2F.d.76BEAC841B8D0BE0ABB3F384C6CFF6AE.e.9057","ELEMENT":"f.92142B0E1996143B500ED3F2A7F6BA2F.d.76BEAC841B8D0BE0ABB3F384C6CFF6AE.e.9057"}]}
COMMAND: GET /session/582ce5f850a124cd0c5f6fc14f02a0d2/screenshot - {}
RESULT: {}
COMMAND: POST /session/582ce5f850a124cd0c5f6fc14f02a0d2/execute/sync - {"script":"<script> [8489 bytes]","args":[{"element-6066-11e4-a52e-4f735466cecf":"f.92142B0E1996143B500ED3F2A7F6BA2F.d.76BEAC841B8D0BE0ABB3F384C6CFF6AE.e.9057","ELEMENT":"f.92142B0E1996143B500ED3F2A7F6BA2F.d.76BEAC841B8D0BE0ABB3F384C6CFF6AE.e.9057"}]}
RESULT: {"script":"<script> [8489 bytes]","args":[{"element-6066-11e4-a52e-4f735466cecf":"f.92142B0E1996143B500ED3F2A7F6BA2F.d.76BEAC841B8D0BE0ABB3F384C6CFF6AE.e.9057","ELEMENT":"f.92142B0E1996143B500ED3F2A7F6BA2F.d.76BEAC841B8D0BE0ABB3F384C6CFF6AE.e.9057"}]}
COMMAND: GET /session/582ce5f850a124cd0c5f6fc14f02a0d2/screenshot - {}
RESULT: {}
COMMAND: POST /session/582ce5f850a124cd0c5f6fc14f02a0d2/execute/sync - {"script":"<script> [8489 bytes]","args":[{"element-6066-11e4-a52e-4f735466cecf":"f.92142B0E1996143B500ED3F2A7F6BA2F.d.76BEAC841B8D0BE0ABB3F384C6CFF6AE.e.9057","ELEMENT":"f.92142B0E1996143B500ED3F2A7F6BA2F.d.76BEAC841B8D0BE0ABB3F384C6CFF6AE.e.9057"}]}
RESULT: {"script":"<script> [8489 bytes]","args":[{"element-6066-11e4-a52e-4f735466cecf":"f.92142B0E1996143B500ED3F2A7F6BA2F.d.76BEAC841B8D0BE0ABB3F384C6CFF6AE.e.9057","ELEMENT":"f.92142B0E1996143B500ED3F2A7F6BA2F.d.76BEAC841B8D0BE0ABB3F384C6CFF6AE.e.9057"}]}
COMMAND: GET /session/582ce5f850a124cd0c5f6fc14f02a0d2/screenshot - {}
RESULT: {}
COMMAND: POST /session/582ce5f850a124cd0c5f6fc14f02a0d2/execute/sync - {"script":"<script> [8489 bytes]","args":[{"element-6066-11e4-a52e-4f735466cecf":"f.92142B0E1996143B500ED3F2A7F6BA2F.d.76BEAC841B8D0BE0ABB3F384C6CFF6AE.e.9057","ELEMENT":"f.92142B0E1996143B500ED3F2A7F6BA2F.d.76BEAC841B8D0BE0ABB3F384C6CFF6AE.e.9057"}]}
RESULT: {"script":"<script> [8489 bytes]","args":[{"element-6066-11e4-a52e-4f735466cecf":"f.92142B0E1996143B500ED3F2A7F6BA2F.d.76BEAC841B8D0BE0ABB3F384C6CFF6AE.e.9057","ELEMENT":"f.92142B0E1996143B500ED3F2A7F6BA2F.d.76BEAC841B8D0BE0ABB3F384C6CFF6AE.e.9057"}]}
COMMAND: GET /session/582ce5f850a124cd0c5f6fc14f02a0d2/screenshot - {}
RESULT: {}
COMMAND: POST /session/582ce5f850a124cd0c5f6fc14f02a0d2/execute/sync - {"script":"<script> [8489 bytes]","args":[{"element-6066-11e4-a52e-4f735466cecf":"f.92142B0E1996143B500ED3F2A7F6BA2F.d.76BEAC841B8D0BE0ABB3F384C6CFF6AE.e.9057","ELEMENT":"f.92142B0E1996143B500ED3F2A7F6BA2F.d.76BEAC841B8D0BE0ABB3F384C6CFF6AE.e.9057"}]}
RESULT: {"script":"<script> [8489 bytes]","args":[{"element-6066-11e4-a52e-4f735466cecf":"f.92142B0E1996143B500ED3F2A7F6BA2F.d.76BEAC841B8D0BE0ABB3F384C6CFF6AE.e.9057","ELEMENT":"f.92142B0E1996143B500ED3F2A7F6BA2F.d.76BEAC841B8D0BE0ABB3F384C6CFF6AE.e.9057"}]}
COMMAND: GET /session/582ce5f850a124cd0c5f6fc14f02a0d2/screenshot - {}
RESULT: {}
COMMAND: POST /session/582ce5f850a124cd0c5f6fc14f02a0d2/execute/sync - {"script":"<script> [8489 bytes]","args":[{"element-6066-11e4-a52e-4f735466cecf":"f.92142B0E1996143B500ED3F2A7F6BA2F.d.76BEAC841B8D0BE0ABB3F384C6CFF6AE.e.9057","ELEMENT":"f.92142B0E1996143B500ED3F2A7F6BA2F.d.76BEAC841B8D0BE0ABB3F384C6CFF6AE.e.9057"}]}
RESULT: {"script":"<script> [8489 bytes]","args":[{"element-6066-11e4-a52e-4f735466cecf":"f.92142B0E1996143B500ED3F2A7F6BA2F.d.76BEAC841B8D0BE0ABB3F384C6CFF6AE.e.9057","ELEMENT":"f.92142B0E1996143B500ED3F2A7F6BA2F.d.76BEAC841B8D0BE0ABB3F384C6CFF6AE.e.9057"}]}
COMMAND: GET /session/582ce5f850a124cd0c5f6fc14f02a0d2/screenshot - {}
RESULT: {}
COMMAND: POST /session/582ce5f850a124cd0c5f6fc14f02a0d2/execute/sync - {"script":"<script> [8489 bytes]","args":[{"element-6066-11e4-a52e-4f735466cecf":"f.92142B0E1996143B500ED3F2A7F6BA2F.d.76BEAC841B8D0BE0ABB3F384C6CFF6AE.e.9057","ELEMENT":"f.92142B0E1996143B500ED3F2A7F6BA2F.d.76BEAC841B8D0BE0ABB3F384C6CFF6AE.e.9057"}]}
RESULT: {"script":"<script> [8489 bytes]","args":[{"element-6066-11e4-a52e-4f735466cecf":"f.92142B0E1996143B500ED3F2A7F6BA2F.d.76BEAC841B8D0BE0ABB3F384C6CFF6AE.e.9057","ELEMENT":"f.92142B0E1996143B500ED3F2A7F6BA2F.d.76BEAC841B8D0BE0ABB3F384C6CFF6AE.e.9057"}]}
COMMAND: GET /session/582ce5f850a124cd0c5f6fc14f02a0d2/screenshot - {}
RESULT: {}
COMMAND: POST /session/582ce5f850a124cd0c5f6fc14f02a0d2/execute/sync - {"script":"<script> [8489 bytes]","args":[{"element-6066-11e4-a52e-4f735466cecf":"f.92142B0E1996143B500ED3F2A7F6BA2F.d.76BEAC841B8D0BE0ABB3F384C6CFF6AE.e.9057","ELEMENT":"f.92142B0E1996143B500ED3F2A7F6BA2F.d.76BEAC841B8D0BE0ABB3F384C6CFF6AE.e.9057"}]}
RESULT: {"script":"<script> [8489 bytes]","args":[{"element-6066-11e4-a52e-4f735466cecf":"f.92142B0E1996143B500ED3F2A7F6BA2F.d.76BEAC841B8D0BE0ABB3F384C6CFF6AE.e.9057","ELEMENT":"f.92142B0E1996143B500ED3F2A7F6BA2F.d.76BEAC841B8D0BE0ABB3F384C6CFF6AE.e.9057"}]}
COMMAND: GET /session/582ce5f850a124cd0c5f6fc14f02a0d2/screenshot - {}
RESULT: {}
COMMAND: POST /session/582ce5f850a124cd0c5f6fc14f02a0d2/execute/sync - {"script":"<script> [8489 bytes]","args":[{"element-6066-11e4-a52e-4f735466cecf":"f.92142B0E1996143B500ED3F2A7F6BA2F.d.76BEAC841B8D0BE0ABB3F384C6CFF6AE.e.9057","ELEMENT":"f.92142B0E1996143B500ED3F2A7F6BA2F.d.76BEAC841B8D0BE0ABB3F384C6CFF6AE.e.9057"}]}
RESULT: {"script":"<script> [8489 bytes]","args":[{"element-6066-11e4-a52e-4f735466cecf":"f.92142B0E1996143B500ED3F2A7F6BA2F.d.76BEAC841B8D0BE0ABB3F384C6CFF6AE.e.9057","ELEMENT":"f.92142B0E1996143B500ED3F2A7F6BA2F.d.76BEAC841B8D0BE0ABB3F384C6CFF6AE.e.9057"}]}
COMMAND: GET /session/582ce5f850a124cd0c5f6fc14f02a0d2/screenshot - {}
RESULT: {}
COMMAND: POST /session/582ce5f850a124cd0c5f6fc14f02a0d2/execute/sync - {"script":"<script> [8489 bytes]","args":[{"element-6066-11e4-a52e-4f735466cecf":"f.92142B0E1996143B500ED3F2A7F6BA2F.d.76BEAC841B8D0BE0ABB3F384C6CFF6AE.e.9057","ELEMENT":"f.92142B0E1996143B500ED3F2A7F6BA2F.d.76BEAC841B8D0BE0ABB3F384C6CFF6AE.e.9057"}]}
RESULT: {"script":"<script> [8489 bytes]","args":[{"element-6066-11e4-a52e-4f735466cecf":"f.92142B0E1996143B500ED3F2A7F6BA2F.d.76BEAC841B8D0BE0ABB3F384C6CFF6AE.e.9057","ELEMENT":"f.92142B0E1996143B500ED3F2A7F6BA2F.d.76BEAC841B8D0BE0ABB3F384C6CFF6AE.e.9057"}]}
COMMAND: GET /session/582ce5f850a124cd0c5f6fc14f02a0d2/screenshot - {}
RESULT: {}
COMMAND: POST /session/582ce5f850a124cd0c5f6fc14f02a0d2/execute/sync - {"script":"<script> [8489 bytes]","args":[{"element-6066-11e4-a52e-4f735466cecf":"f.92142B0E1996143B500ED3F2A7F6BA2F.d.76BEAC841B8D0BE0ABB3F384C6CFF6AE.e.9057","ELEMENT":"f.92142B0E1996143B500ED3F2A7F6BA2F.d.76BEAC841B8D0BE0ABB3F384C6CFF6AE.e.9057"}]}
RESULT: {"script":"<script> [8489 bytes]","args":[{"element-6066-11e4-a52e-4f735466cecf":"f.92142B0E1996143B500ED3F2A7F6BA2F.d.76BEAC841B8D0BE0ABB3F384C6CFF6AE.e.9057","ELEMENT":"f.92142B0E1996143B500ED3F2A7F6BA2F.d.76BEAC841B8D0BE0ABB3F384C6CFF6AE.e.9057"}]}
COMMAND: GET /session/582ce5f850a124cd0c5f6fc14f02a0d2/screenshot - {}
RESULT: {}
COMMAND: POST /session/582ce5f850a124cd0c5f6fc14f02a0d2/execute/sync - {"script":"<script> [8489 bytes]","args":[{"element-6066-11e4-a52e-4f735466cecf":"f.92142B0E1996143B500ED3F2A7F6BA2F.d.76BEAC841B8D0BE0ABB3F384C6CFF6AE.e.9057","ELEMENT":"f.92142B0E1996143B500ED3F2A7F6BA2F.d.76BEAC841B8D0BE0ABB3F384C6CFF6AE.e.9057"}]}
RESULT: {"script":"<script> [8489 bytes]","args":[{"element-6066-11e4-a52e-4f735466cecf":"f.92142B0E1996143B500ED3F2A7F6BA2F.d.76BEAC841B8D0BE0ABB3F384C6CFF6AE.e.9057","ELEMENT":"f.92142B0E1996143B500ED3F2A7F6BA2F.d.76BEAC841B8D0BE0ABB3F384C6CFF6AE.e.9057"}]}
COMMAND: GET /session/582ce5f850a124cd0c5f6fc14f02a0d2/screenshot - {}
RESULT: {}
COMMAND: POST /session/582ce5f850a124cd0c5f6fc14f02a0d2/execute/sync - {"script":"<script> [8489 bytes]","args":[{"element-6066-11e4-a52e-4f735466cecf":"f.92142B0E1996143B500ED3F2A7F6BA2F.d.76BEAC841B8D0BE0ABB3F384C6CFF6AE.e.9057","ELEMENT":"f.92142B0E1996143B500ED3F2A7F6BA2F.d.76BEAC841B8D0BE0ABB3F384C6CFF6AE.e.9057"}]}
RESULT: {"script":"<script> [8489 bytes]","args":[{"element-6066-11e4-a52e-4f735466cecf":"f.92142B0E1996143B500ED3F2A7F6BA2F.d.76BEAC841B8D0BE0ABB3F384C6CFF6AE.e.9057","ELEMENT":"f.92142B0E1996143B500ED3F2A7F6BA2F.d.76BEAC841B8D0BE0ABB3F384C6CFF6AE.e.9057"}]}
COMMAND: GET /session/582ce5f850a124cd0c5f6fc14f02a0d2/screenshot - {}
RESULT: {}
COMMAND: POST /session/582ce5f850a124cd0c5f6fc14f02a0d2/execute/sync - {"script":"<script> [8489 bytes]","args":[{"element-6066-11e4-a52e-4f735466cecf":"f.92142B0E1996143B500ED3F2A7F6BA2F.d.76BEAC841B8D0BE0ABB3F384C6CFF6AE.e.9057","ELEMENT":"f.92142B0E1996143B500ED3F2A7F6BA2F.d.76BEAC841B8D0BE0ABB3F384C6CFF6AE.e.9057"}]}
RESULT: {"script":"<script> [8489 bytes]","args":[{"element-6066-11e4-a52e-4f735466cecf":"f.92142B0E1996143B500ED3F2A7F6BA2F.d.76BEAC841B8D0BE0ABB3F384C6CFF6AE.e.9057","ELEMENT":"f.92142B0E1996143B500ED3F2A7F6BA2F.d.76BEAC841B8D0BE0ABB3F384C6CFF6AE.e.9057"}]}
COMMAND: GET /session/582ce5f850a124cd0c5f6fc14f02a0d2/screenshot - {}
RESULT: {}
COMMAND: POST /session/582ce5f850a124cd0c5f6fc14f02a0d2/execute/sync - {"script":"<script> [8489 bytes]","args":[{"element-6066-11e4-a52e-4f735466cecf":"f.92142B0E1996143B500ED3F2A7F6BA2F.d.76BEAC841B8D0BE0ABB3F384C6CFF6AE.e.9057","ELEMENT":"f.92142B0E1996143B500ED3F2A7F6BA2F.d.76BEAC841B8D0BE0ABB3F384C6CFF6AE.e.9057"}]}
RESULT: {"script":"<script> [8489 bytes]","args":[{"element-6066-11e4-a52e-4f735466cecf":"f.92142B0E1996143B500ED3F2A7F6BA2F.d.76BEAC841B8D0BE0ABB3F384C6CFF6AE.e.9057","ELEMENT":"f.92142B0E1996143B500ED3F2A7F6BA2F.d.76BEAC841B8D0BE0ABB3F384C6CFF6AE.e.9057"}]}
COMMAND: GET /session/582ce5f850a124cd0c5f6fc14f02a0d2/screenshot - {}
RESULT: {}
COMMAND: POST /session/582ce5f850a124cd0c5f6fc14f02a0d2/execute/sync - {"script":"<script> [8489 bytes]","args":[{"element-6066-11e4-a52e-4f735466cecf":"f.92142B0E1996143B500ED3F2A7F6BA2F.d.76BEAC841B8D0BE0ABB3F384C6CFF6AE.e.9057","ELEMENT":"f.92142B0E1996143B500ED3F2A7F6BA2F.d.76BEAC841B8D0BE0ABB3F384C6CFF6AE.e.9057"}]}
RESULT: {"script":"<script> [8489 bytes]","args":[{"element-6066-11e4-a52e-4f735466cecf":"f.92142B0E1996143B500ED3F2A7F6BA2F.d.76BEAC841B8D0BE0ABB3F384C6CFF6AE.e.9057","ELEMENT":"f.92142B0E1996143B500ED3F2A7F6BA2F.d.76BEAC841B8D0BE0ABB3F384C6CFF6AE.e.9057"}]}
COMMAND: GET /session/582ce5f850a124cd0c5f6fc14f02a0d2/screenshot - {}
RESULT: {}
COMMAND: POST /session/582ce5f850a124cd0c5f6fc14f02a0d2/execute/sync - {"script":"<script> [8489 bytes]","args":[{"element-6066-11e4-a52e-4f735466cecf":"f.92142B0E1996143B500ED3F2A7F6BA2F.d.76BEAC841B8D0BE0ABB3F384C6CFF6AE.e.9057","ELEMENT":"f.92142B0E1996143B500ED3F2A7F6BA2F.d.76BEAC841B8D0BE0ABB3F384C6CFF6AE.e.9057"}]}
RESULT: {"script":"<script> [8489 bytes]","args":[{"element-6066-11e4-a52e-4f735466cecf":"f.92142B0E1996143B500ED3F2A7F6BA2F.d.76BEAC841B8D0BE0ABB3F384C6CFF6AE.e.9057","ELEMENT":"f.92142B0E1996143B500ED3F2A7F6BA2F.d.76BEAC841B8D0BE0ABB3F384C6CFF6AE.e.9057"}]}
COMMAND: GET /session/582ce5f850a124cd0c5f6fc14f02a0d2/screenshot - {}
RESULT: {}
COMMAND: POST /session/582ce5f850a124cd0c5f6fc14f02a0d2/execute/sync - {"script":"<script> [8489 bytes]","args":[{"element-6066-11e4-a52e-4f735466cecf":"f.92142B0E1996143B500ED3F2A7F6BA2F.d.76BEAC841B8D0BE0ABB3F384C6CFF6AE.e.9057","ELEMENT":"f.92142B0E1996143B500ED3F2A7F6BA2F.d.76BEAC841B8D0BE0ABB3F384C6CFF6AE.e.9057"}]}
RESULT: {"script":"<script> [8489 bytes]","args":[{"element-6066-11e4-a52e-4f735466cecf":"f.92142B0E1996143B500ED3F2A7F6BA2F.d.76BEAC841B8D0BE0ABB3F384C6CFF6AE.e.9057","ELEMENT":"f.92142B0E1996143B500ED3F2A7F6BA2F.d.76BEAC841B8D0BE0ABB3F384C6CFF6AE.e.9057"}]}
COMMAND: GET /session/582ce5f850a124cd0c5f6fc14f02a0d2/screenshot - {}
RESULT: {}
COMMAND: POST /session/582ce5f850a124cd0c5f6fc14f02a0d2/execute/sync - {"script":"<script> [8489 bytes]","args":[{"element-6066-11e4-a52e-4f735466cecf":"f.92142B0E1996143B500ED3F2A7F6BA2F.d.76BEAC841B8D0BE0ABB3F384C6CFF6AE.e.9057","ELEMENT":"f.92142B0E1996143B500ED3F2A7F6BA2F.d.76BEAC841B8D0BE0ABB3F384C6CFF6AE.e.9057"}]}
RESULT: {"script":"<script> [8489 bytes]","args":[{"element-6066-11e4-a52e-4f735466cecf":"f.92142B0E1996143B500ED3F2A7F6BA2F.d.76BEAC841B8D0BE0ABB3F384C6CFF6AE.e.9057","ELEMENT":"f.92142B0E1996143B500ED3F2A7F6BA2F.d.76BEAC841B8D0BE0ABB3F384C6CFF6AE.e.9057"}]}
COMMAND: GET /session/582ce5f850a124cd0c5f6fc14f02a0d2/screenshot - {}
RESULT: {}
COMMAND: POST /session/582ce5f850a124cd0c5f6fc14f02a0d2/execute/sync - {"script":"<script> [8489 bytes]","args":[{"element-6066-11e4-a52e-4f735466cecf":"f.92142B0E1996143B500ED3F2A7F6BA2F.d.76BEAC841B8D0BE0ABB3F384C6CFF6AE.e.9057","ELEMENT":"f.92142B0E1996143B500ED3F2A7F6BA2F.d.76BEAC841B8D0BE0ABB3F384C6CFF6AE.e.9057"}]}
RESULT: {"script":"<script> [8489 bytes]","args":[{"element-6066-11e4-a52e-4f735466cecf":"f.92142B0E1996143B500ED3F2A7F6BA2F.d.76BEAC841B8D0BE0ABB3F384C6CFF6AE.e.9057","ELEMENT":"f.92142B0E1996143B500ED3F2A7F6BA2F.d.76BEAC841B8D0BE0ABB3F384C6CFF6AE.e.9057"}]}
COMMAND: GET /session/582ce5f850a124cd0c5f6fc14f02a0d2/screenshot - {}
COMMAND: POST /session/582ce5f850a124cd0c5f6fc14f02a0d2/execute/sync - {"script":"<script> [8489 bytes]","args":[{"element-6066-11e4-a52e-4f735466cecf":"f.92142B0E1996143B500ED3F2A7F6BA2F.d.76BEAC841B8D0BE0ABB3F384C6CFF6AE.e.9057","ELEMENT":"f.92142B0E1996143B500ED3F2A7F6BA2F.d.76BEAC841B8D0BE0ABB3F384C6CFF6AE.e.9057"}]}
RESULT: {}
RESULT: {"script":"<script> [8489 bytes]","args":[{"element-6066-11e4-a52e-4f735466cecf":"f.92142B0E1996143B500ED3F2A7F6BA2F.d.76BEAC841B8D0BE0ABB3F384C6CFF6AE.e.9057","ELEMENT":"f.92142B0E1996143B500ED3F2A7F6BA2F.d.76BEAC841B8D0BE0ABB3F384C6CFF6AE.e.9057"}]}
COMMAND: GET /session/582ce5f850a124cd0c5f6fc14f02a0d2/screenshot - {}
RESULT: {}
COMMAND: POST /session/582ce5f850a124cd0c5f6fc14f02a0d2/execute/sync - {"script":"<script> [8489 bytes]","args":[{"element-6066-11e4-a52e-4f735466cecf":"f.92142B0E1996143B500ED3F2A7F6BA2F.d.76BEAC841B8D0BE0ABB3F384C6CFF6AE.e.9057","ELEMENT":"f.92142B0E1996143B500ED3F2A7F6BA2F.d.76BEAC841B8D0BE0ABB3F384C6CFF6AE.e.9057"}]}
RESULT: {"script":"<script> [8489 bytes]","args":[{"element-6066-11e4-a52e-4f735466cecf":"f.92142B0E1996143B500ED3F2A7F6BA2F.d.76BEAC841B8D0BE0ABB3F384C6CFF6AE.e.9057","ELEMENT":"f.92142B0E1996143B500ED3F2A7F6BA2F.d.76BEAC841B8D0BE0ABB3F384C6CFF6AE.e.9057"}]}
COMMAND: GET /session/582ce5f850a124cd0c5f6fc14f02a0d2/screenshot - {}
RESULT: {}
COMMAND: POST /session/582ce5f850a124cd0c5f6fc14f02a0d2/execute/sync - {"script":"<script> [8489 bytes]","args":[{"element-6066-11e4-a52e-4f735466cecf":"f.92142B0E1996143B500ED3F2A7F6BA2F.d.76BEAC841B8D0BE0ABB3F384C6CFF6AE.e.9057","ELEMENT":"f.92142B0E1996143B500ED3F2A7F6BA2F.d.76BEAC841B8D0BE0ABB3F384C6CFF6AE.e.9057"}]}
RESULT: {"script":"<script> [8489 bytes]","args":[{"element-6066-11e4-a52e-4f735466cecf":"f.92142B0E1996143B500ED3F2A7F6BA2F.d.76BEAC841B8D0BE0ABB3F384C6CFF6AE.e.9057","ELEMENT":"f.92142B0E1996143B500ED3F2A7F6BA2F.d.76BEAC841B8D0BE0ABB3F384C6CFF6AE.e.9057"}]}
COMMAND: GET /session/582ce5f850a124cd0c5f6fc14f02a0d2/screenshot - {}
RESULT: {}
COMMAND: POST /session/582ce5f850a124cd0c5f6fc14f02a0d2/execute/sync - {"script":"<script> [8489 bytes]","args":[{"element-6066-11e4-a52e-4f735466cecf":"f.92142B0E1996143B500ED3F2A7F6BA2F.d.76BEAC841B8D0BE0ABB3F384C6CFF6AE.e.9057","ELEMENT":"f.92142B0E1996143B500ED3F2A7F6BA2F.d.76BEAC841B8D0BE0ABB3F384C6CFF6AE.e.9057"}]}
RESULT: {"script":"<script> [8489 bytes]","args":[{"element-6066-11e4-a52e-4f735466cecf":"f.92142B0E1996143B500ED3F2A7F6BA2F.d.76BEAC841B8D0BE0ABB3F384C6CFF6AE.e.9057","ELEMENT":"f.92142B0E1996143B500ED3F2A7F6BA2F.d.76BEAC841B8D0BE0ABB3F384C6CFF6AE.e.9057"}]}
COMMAND: GET /session/582ce5f850a124cd0c5f6fc14f02a0d2/screenshot - {}
RESULT: {}
COMMAND: POST /session/582ce5f850a124cd0c5f6fc14f02a0d2/execute/sync - {"script":"<script> [8489 bytes]","args":[{"element-6066-11e4-a52e-4f735466cecf":"f.92142B0E1996143B500ED3F2A7F6BA2F.d.76BEAC841B8D0BE0ABB3F384C6CFF6AE.e.9057","ELEMENT":"f.92142B0E1996143B500ED3F2A7F6BA2F.d.76BEAC841B8D0BE0ABB3F384C6CFF6AE.e.9057"}]}
RESULT: {"script":"<script> [8489 bytes]","args":[{"element-6066-11e4-a52e-4f735466cecf":"f.92142B0E1996143B500ED3F2A7F6BA2F.d.76BEAC841B8D0BE0ABB3F384C6CFF6AE.e.9057","ELEMENT":"f.92142B0E1996143B500ED3F2A7F6BA2F.d.76BEAC841B8D0BE0ABB3F384C6CFF6AE.e.9057"}]}
COMMAND: GET /session/582ce5f850a124cd0c5f6fc14f02a0d2/screenshot - {}
RESULT: {}
COMMAND: POST /session/582ce5f850a124cd0c5f6fc14f02a0d2/execute/sync - {"script":"<script> [8489 bytes]","args":[{"element-6066-11e4-a52e-4f735466cecf":"f.92142B0E1996143B500ED3F2A7F6BA2F.d.76BEAC841B8D0BE0ABB3F384C6CFF6AE.e.9057","ELEMENT":"f.92142B0E1996143B500ED3F2A7F6BA2F.d.76BEAC841B8D0BE0ABB3F384C6CFF6AE.e.9057"}]}
RESULT: {"script":"<script> [8489 bytes]","args":[{"element-6066-11e4-a52e-4f735466cecf":"f.92142B0E1996143B500ED3F2A7F6BA2F.d.76BEAC841B8D0BE0ABB3F384C6CFF6AE.e.9057","ELEMENT":"f.92142B0E1996143B500ED3F2A7F6BA2F.d.76BEAC841B8D0BE0ABB3F384C6CFF6AE.e.9057"}]}
COMMAND: GET /session/582ce5f850a124cd0c5f6fc14f02a0d2/screenshot - {}
RESULT: {}
COMMAND: POST /session/582ce5f850a124cd0c5f6fc14f02a0d2/execute/sync - {"script":"<script> [8489 bytes]","args":[{"element-6066-11e4-a52e-4f735466cecf":"f.92142B0E1996143B500ED3F2A7F6BA2F.d.76BEAC841B8D0BE0ABB3F384C6CFF6AE.e.9057","ELEMENT":"f.92142B0E1996143B500ED3F2A7F6BA2F.d.76BEAC841B8D0BE0ABB3F384C6CFF6AE.e.9057"}]}
RESULT: {"script":"<script> [8489 bytes]","args":[{"element-6066-11e4-a52e-4f735466cecf":"f.92142B0E1996143B500ED3F2A7F6BA2F.d.76BEAC841B8D0BE0ABB3F384C6CFF6AE.e.9057","ELEMENT":"f.92142B0E1996143B500ED3F2A7F6BA2F.d.76BEAC841B8D0BE0ABB3F384C6CFF6AE.e.9057"}]}
COMMAND: GET /session/582ce5f850a124cd0c5f6fc14f02a0d2/screenshot - {}
RESULT: {}
COMMAND: POST /session/582ce5f850a124cd0c5f6fc14f02a0d2/execute/sync - {"script":"<script> [8489 bytes]","args":[{"element-6066-11e4-a52e-4f735466cecf":"f.92142B0E1996143B500ED3F2A7F6BA2F.d.76BEAC841B8D0BE0ABB3F384C6CFF6AE.e.9057","ELEMENT":"f.92142B0E1996143B500ED3F2A7F6BA2F.d.76BEAC841B8D0BE0ABB3F384C6CFF6AE.e.9057"}]}
RESULT: {"script":"<script> [8489 bytes]","args":[{"element-6066-11e4-a52e-4f735466cecf":"f.92142B0E1996143B500ED3F2A7F6BA2F.d.76BEAC841B8D0BE0ABB3F384C6CFF6AE.e.9057","ELEMENT":"f.92142B0E1996143B500ED3F2A7F6BA2F.d.76BEAC841B8D0BE0ABB3F384C6CFF6AE.e.9057"}]}
COMMAND: GET /session/582ce5f850a124cd0c5f6fc14f02a0d2/screenshot - {}
RESULT: {}
COMMAND: POST /session/582ce5f850a124cd0c5f6fc14f02a0d2/execute/sync - {"script":"<script> [8489 bytes]","args":[{"element-6066-11e4-a52e-4f735466cecf":"f.92142B0E1996143B500ED3F2A7F6BA2F.d.76BEAC841B8D0BE0ABB3F384C6CFF6AE.e.9057","ELEMENT":"f.92142B0E1996143B500ED3F2A7F6BA2F.d.76BEAC841B8D0BE0ABB3F384C6CFF6AE.e.9057"}]}
RESULT: {"script":"<script> [8489 bytes]","args":[{"element-6066-11e4-a52e-4f735466cecf":"f.92142B0E1996143B500ED3F2A7F6BA2F.d.76BEAC841B8D0BE0ABB3F384C6CFF6AE.e.9057","ELEMENT":"f.92142B0E1996143B500ED3F2A7F6BA2F.d.76BEAC841B8D0BE0ABB3F384C6CFF6AE.e.9057"}]}
COMMAND: GET /session/582ce5f850a124cd0c5f6fc14f02a0d2/screenshot - {}
RESULT: {}
COMMAND: POST /session/582ce5f850a124cd0c5f6fc14f02a0d2/execute/sync - {"script":"<script> [8489 bytes]","args":[{"element-6066-11e4-a52e-4f735466cecf":"f.92142B0E1996143B500ED3F2A7F6BA2F.d.76BEAC841B8D0BE0ABB3F384C6CFF6AE.e.9057","ELEMENT":"f.92142B0E1996143B500ED3F2A7F6BA2F.d.76BEAC841B8D0BE0ABB3F384C6CFF6AE.e.9057"}]}
RESULT: {"script":"<script> [8489 bytes]","args":[{"element-6066-11e4-a52e-4f735466cecf":"f.92142B0E1996143B500ED3F2A7F6BA2F.d.76BEAC841B8D0BE0ABB3F384C6CFF6AE.e.9057","ELEMENT":"f.92142B0E1996143B500ED3F2A7F6BA2F.d.76BEAC841B8D0BE0ABB3F384C6CFF6AE.e.9057"}]}
COMMAND: GET /session/582ce5f850a124cd0c5f6fc14f02a0d2/screenshot - {}
RESULT: {}
COMMAND: POST /session/582ce5f850a124cd0c5f6fc14f02a0d2/execute/sync - {"script":"<script> [8489 bytes]","args":[{"element-6066-11e4-a52e-4f735466cecf":"f.92142B0E1996143B500ED3F2A7F6BA2F.d.76BEAC841B8D0BE0ABB3F384C6CFF6AE.e.9057","ELEMENT":"f.92142B0E1996143B500ED3F2A7F6BA2F.d.76BEAC841B8D0BE0ABB3F384C6CFF6AE.e.9057"}]}
RESULT: {"script":"<script> [8489 bytes]","args":[{"element-6066-11e4-a52e-4f735466cecf":"f.92142B0E1996143B500ED3F2A7F6BA2F.d.76BEAC841B8D0BE0ABB3F384C6CFF6AE.e.9057","ELEMENT":"f.92142B0E1996143B500ED3F2A7F6BA2F.d.76BEAC841B8D0BE0ABB3F384C6CFF6AE.e.9057"}]}
COMMAND: GET /session/582ce5f850a124cd0c5f6fc14f02a0d2/screenshot - {}
RESULT: {}
COMMAND: POST /session/582ce5f850a124cd0c5f6fc14f02a0d2/execute/sync - {"script":"<script> [8489 bytes]","args":[{"element-6066-11e4-a52e-4f735466cecf":"f.92142B0E1996143B500ED3F2A7F6BA2F.d.76BEAC841B8D0BE0ABB3F384C6CFF6AE.e.9057","ELEMENT":"f.92142B0E1996143B500ED3F2A7F6BA2F.d.76BEAC841B8D0BE0ABB3F384C6CFF6AE.e.9057"}]}
RESULT: {"script":"<script> [8489 bytes]","args":[{"element-6066-11e4-a52e-4f735466cecf":"f.92142B0E1996143B500ED3F2A7F6BA2F.d.76BEAC841B8D0BE0ABB3F384C6CFF6AE.e.9057","ELEMENT":"f.92142B0E1996143B500ED3F2A7F6BA2F.d.76BEAC841B8D0BE0ABB3F384C6CFF6AE.e.9057"}]}
COMMAND: GET /session/582ce5f850a124cd0c5f6fc14f02a0d2/screenshot - {}
RESULT: {}
]]></system-out>
    </testcase>
    <testcase classname="chrome.135_0_7049_96.windows.Provide_to_Site_w/_warehouse_management_wo_clarification" name="Should Test for Handover Execution" time="231.457">
      <system-out><![CDATA[
COMMAND: POST /session/582ce5f850a124cd0c5f6fc14f02a0d2/execute/async - {"script":"<script> [1562 bytes]","args":[{"selector":{"controlType":"sap.m.Link","viewName":"etm.portal.ui.managehandovers.view.DetailExecuteHO","bindingPath":{"path":"","propertyPath":"/wmDoc","modelName":"warehouseMovModel"}},"wdio_ui5_key":"etmportal.ui.managehandovers.view.DetailExecuteHOsap.m.Link{\"path\":\"\",\"propertyPath\":\"/wmDoc\",\"modelName\":\"warehouseMovModel\"}"}]}
RESULT: {"script":"<script> [1562 bytes]","args":[{"selector":{"controlType":"sap.m.Link","viewName":"etm.portal.ui.managehandovers.view.DetailExecuteHO","bindingPath":{"path":"","propertyPath":"/wmDoc","modelName":"warehouseMovModel"}},"wdio_ui5_key":"etmportal.ui.managehandovers.view.DetailExecuteHOsap.m.Link{\"path\":\"\",\"propertyPath\":\"/wmDoc\",\"modelName\":\"warehouseMovModel\"}"}]}
RESULT: undefined
COMMAND: POST /session/582ce5f850a124cd0c5f6fc14f02a0d2/element - {"using":"xpath","value":"//*[@id=\"__link93\"]"}
RESULT: {"using":"xpath","value":"//*[@id=\"__link93\"]"}
COMMAND: POST /session/582ce5f850a124cd0c5f6fc14f02a0d2/element/f.92142B0E1996143B500ED3F2A7F6BA2F.d.76BEAC841B8D0BE0ABB3F384C6CFF6AE.e.9061/click - {}
RESULT: {}
COMMAND: GET /session/582ce5f850a124cd0c5f6fc14f02a0d2/screenshot - {}
RESULT: {}
COMMAND: POST /session/582ce5f850a124cd0c5f6fc14f02a0d2/execute/async - {"script":"<script> [1562 bytes]","args":[{"selector":{"controlType":"sap.m.Link","viewName":"etm.portal.ui.managehandovers.view.DetailExecuteHO","properties":{"text":"Warehouse Overview"},"searchOpenDialogs":true},"wdio_ui5_key":"etmportal.ui.managehandovers.view.DetailExecuteHOsap.m.Link{\"text\":\"Warehouse Overview\"}"}]}
RESULT: {"script":"<script> [1562 bytes]","args":[{"selector":{"controlType":"sap.m.Link","viewName":"etm.portal.ui.managehandovers.view.DetailExecuteHO","properties":{"text":"Warehouse Overview"},"searchOpenDialogs":true},"wdio_ui5_key":"etmportal.ui.managehandovers.view.DetailExecuteHOsap.m.Link{\"text\":\"Warehouse Overview\"}"}]}
RESULT: undefined
COMMAND: POST /session/582ce5f850a124cd0c5f6fc14f02a0d2/element - {"using":"xpath","value":"//*[@id=\"__link108\"]"}
RESULT: {"using":"xpath","value":"//*[@id=\"__link108\"]"}
COMMAND: POST /session/582ce5f850a124cd0c5f6fc14f02a0d2/element/f.92142B0E1996143B500ED3F2A7F6BA2F.d.76BEAC841B8D0BE0ABB3F384C6CFF6AE.e.9063/click - {}
RESULT: {}
COMMAND: POST /session/582ce5f850a124cd0c5f6fc14f02a0d2/execute/async - {"script":"<script> [1562 bytes]","args":[{"selector":{"controlType":"sap.m.Button","viewName":"etm.portal.ui.warehousemovements.view.DisplayMovement","viewId":"application-warehousemovements-display-component---displayMovement","i18NText":{"propertyName":"text","key":"execution"},"interaction":{"idSuffix":"BDI-content"}},"wdio_ui5_key":"etmportal.ui.warehousemovements.view.DisplayMovementsap.m.Button{\"propertyName\":\"text\",\"key\":\"execution\"}"}]}
COMMAND: GET /session/582ce5f850a124cd0c5f6fc14f02a0d2/screenshot - {}
RESULT: {"script":"<script> [1562 bytes]","args":[{"selector":{"controlType":"sap.m.Button","viewName":"etm.portal.ui.warehousemovements.view.DisplayMovement","viewId":"application-warehousemovements-display-component---displayMovement","i18NText":{"propertyName":"text","key":"execution"},"interaction":{"idSuffix":"BDI-content"}},"wdio_ui5_key":"etmportal.ui.warehousemovements.view.DisplayMovementsap.m.Button{\"propertyName\":\"text\",\"key\":\"execution\"}"}]}
RESULT: undefined
COMMAND: POST /session/582ce5f850a124cd0c5f6fc14f02a0d2/element - {"using":"xpath","value":"//*[@id=\"__button402\"]"}
RESULT: {}
RESULT: {"using":"xpath","value":"//*[@id=\"__button402\"]"}
COMMAND: POST /session/582ce5f850a124cd0c5f6fc14f02a0d2/element/f.92142B0E1996143B500ED3F2A7F6BA2F.d.76BEAC841B8D0BE0ABB3F384C6CFF6AE.e.9183/click - {}
RESULT: {}
COMMAND: POST /session/582ce5f850a124cd0c5f6fc14f02a0d2/execute/async - {"script":"<script> [1562 bytes]","args":[{"selector":{"controlType":"sap.m.Button","viewName":"etm.portal.ui.warehousemovements.view.ExecuteMovement","viewId":"application-warehousemovements-display-component---executeMovement","properties":{"text":"Items"},"interaction":{"idSuffix":"BDI-content"}},"wdio_ui5_key":"etmportal.ui.warehousemovements.view.ExecuteMovementsap.m.Button{\"text\":\"Items\"}"}]}
COMMAND: GET /session/582ce5f850a124cd0c5f6fc14f02a0d2/screenshot - {}
RESULT: {"script":"<script> [1562 bytes]","args":[{"selector":{"controlType":"sap.m.Button","viewName":"etm.portal.ui.warehousemovements.view.ExecuteMovement","viewId":"application-warehousemovements-display-component---executeMovement","properties":{"text":"Items"},"interaction":{"idSuffix":"BDI-content"}},"wdio_ui5_key":"etmportal.ui.warehousemovements.view.ExecuteMovementsap.m.Button{\"text\":\"Items\"}"}]}
RESULT: undefined
COMMAND: POST /session/582ce5f850a124cd0c5f6fc14f02a0d2/element - {"using":"xpath","value":"//*[@id=\"__layout489-anchBar-application-warehousemovements-display-component---executeMovement--itemsSection-anchor\"]"}
RESULT: {}
RESULT: {"using":"xpath","value":"//*[@id=\"__layout489-anchBar-application-warehousemovements-display-component---executeMovement--itemsSection-anchor\"]"}
COMMAND: POST /session/582ce5f850a124cd0c5f6fc14f02a0d2/element/f.92142B0E1996143B500ED3F2A7F6BA2F.d.76BEAC841B8D0BE0ABB3F384C6CFF6AE.e.9279/click - {}
RESULT: {}
COMMAND: POST /session/582ce5f850a124cd0c5f6fc14f02a0d2/element - {"using":"xpath","value":"//*[text()='Pick From Warehouse']"}
COMMAND: GET /session/582ce5f850a124cd0c5f6fc14f02a0d2/screenshot - {}
RESULT: {"using":"xpath","value":"//*[text()='Pick From Warehouse']"}
COMMAND: POST /session/582ce5f850a124cd0c5f6fc14f02a0d2/elements - {"using":"xpath","value":"//*[text()='Pick From Warehouse']"}
RESULT: {}
RESULT: {"using":"xpath","value":"//*[text()='Pick From Warehouse']"}
COMMAND: POST /session/582ce5f850a124cd0c5f6fc14f02a0d2/elements - {"using":"xpath","value":"//*[text()='Pick From Warehouse']"}
RESULT: {"using":"xpath","value":"//*[text()='Pick From Warehouse']"}
COMMAND: POST /session/582ce5f850a124cd0c5f6fc14f02a0d2/elements - {"using":"xpath","value":"//*[text()='Pick From Warehouse']"}
RESULT: {"using":"xpath","value":"//*[text()='Pick From Warehouse']"}
COMMAND: POST /session/582ce5f850a124cd0c5f6fc14f02a0d2/elements - {"using":"xpath","value":"//*[text()='Pick From Warehouse']"}
RESULT: {"using":"xpath","value":"//*[text()='Pick From Warehouse']"}
COMMAND: POST /session/582ce5f850a124cd0c5f6fc14f02a0d2/elements - {"using":"xpath","value":"//*[text()='Pick From Warehouse']"}
RESULT: {"using":"xpath","value":"//*[text()='Pick From Warehouse']"}
COMMAND: POST /session/582ce5f850a124cd0c5f6fc14f02a0d2/elements - {"using":"xpath","value":"//*[text()='Pick From Warehouse']"}
RESULT: {"using":"xpath","value":"//*[text()='Pick From Warehouse']"}
COMMAND: POST /session/582ce5f850a124cd0c5f6fc14f02a0d2/elements - {"using":"xpath","value":"//*[text()='Pick From Warehouse']"}
RESULT: {"using":"xpath","value":"//*[text()='Pick From Warehouse']"}
COMMAND: POST /session/582ce5f850a124cd0c5f6fc14f02a0d2/elements - {"using":"xpath","value":"//*[text()='Pick From Warehouse']"}
RESULT: {"using":"xpath","value":"//*[text()='Pick From Warehouse']"}
COMMAND: POST /session/582ce5f850a124cd0c5f6fc14f02a0d2/elements - {"using":"xpath","value":"//*[text()='Pick From Warehouse']"}
RESULT: {"using":"xpath","value":"//*[text()='Pick From Warehouse']"}
COMMAND: POST /session/582ce5f850a124cd0c5f6fc14f02a0d2/elements - {"using":"xpath","value":"//*[text()='Pick From Warehouse']"}
RESULT: {"using":"xpath","value":"//*[text()='Pick From Warehouse']"}
COMMAND: POST /session/582ce5f850a124cd0c5f6fc14f02a0d2/elements - {"using":"xpath","value":"//*[text()='Pick From Warehouse']"}
RESULT: {"using":"xpath","value":"//*[text()='Pick From Warehouse']"}
COMMAND: POST /session/582ce5f850a124cd0c5f6fc14f02a0d2/elements - {"using":"xpath","value":"//*[text()='Pick From Warehouse']"}
RESULT: {"using":"xpath","value":"//*[text()='Pick From Warehouse']"}
COMMAND: POST /session/582ce5f850a124cd0c5f6fc14f02a0d2/elements - {"using":"xpath","value":"//*[text()='Pick From Warehouse']"}
RESULT: {"using":"xpath","value":"//*[text()='Pick From Warehouse']"}
COMMAND: POST /session/582ce5f850a124cd0c5f6fc14f02a0d2/elements - {"using":"xpath","value":"//*[text()='Pick From Warehouse']"}
RESULT: {"using":"xpath","value":"//*[text()='Pick From Warehouse']"}
COMMAND: POST /session/582ce5f850a124cd0c5f6fc14f02a0d2/elements - {"using":"xpath","value":"//*[text()='Pick From Warehouse']"}
RESULT: {"using":"xpath","value":"//*[text()='Pick From Warehouse']"}
COMMAND: POST /session/582ce5f850a124cd0c5f6fc14f02a0d2/elements - {"using":"xpath","value":"//*[text()='Pick From Warehouse']"}
RESULT: {"using":"xpath","value":"//*[text()='Pick From Warehouse']"}
COMMAND: POST /session/582ce5f850a124cd0c5f6fc14f02a0d2/elements - {"using":"xpath","value":"//*[text()='Pick From Warehouse']"}
RESULT: {"using":"xpath","value":"//*[text()='Pick From Warehouse']"}
COMMAND: POST /session/582ce5f850a124cd0c5f6fc14f02a0d2/elements - {"using":"xpath","value":"//*[text()='Pick From Warehouse']"}
RESULT: {"using":"xpath","value":"//*[text()='Pick From Warehouse']"}
COMMAND: POST /session/582ce5f850a124cd0c5f6fc14f02a0d2/elements - {"using":"xpath","value":"//*[text()='Pick From Warehouse']"}
RESULT: {"using":"xpath","value":"//*[text()='Pick From Warehouse']"}
COMMAND: POST /session/582ce5f850a124cd0c5f6fc14f02a0d2/elements - {"using":"xpath","value":"//*[text()='Pick From Warehouse']"}
RESULT: {"using":"xpath","value":"//*[text()='Pick From Warehouse']"}
COMMAND: POST /session/582ce5f850a124cd0c5f6fc14f02a0d2/elements - {"using":"xpath","value":"//*[text()='Pick From Warehouse']"}
RESULT: {"using":"xpath","value":"//*[text()='Pick From Warehouse']"}
COMMAND: POST /session/582ce5f850a124cd0c5f6fc14f02a0d2/elements - {"using":"xpath","value":"//*[text()='Pick From Warehouse']"}
RESULT: {"using":"xpath","value":"//*[text()='Pick From Warehouse']"}
COMMAND: POST /session/582ce5f850a124cd0c5f6fc14f02a0d2/elements - {"using":"xpath","value":"//*[text()='Pick From Warehouse']"}
RESULT: {"using":"xpath","value":"//*[text()='Pick From Warehouse']"}
COMMAND: POST /session/582ce5f850a124cd0c5f6fc14f02a0d2/elements - {"using":"xpath","value":"//*[text()='Pick From Warehouse']"}
RESULT: {"using":"xpath","value":"//*[text()='Pick From Warehouse']"}
COMMAND: POST /session/582ce5f850a124cd0c5f6fc14f02a0d2/elements - {"using":"xpath","value":"//*[text()='Pick From Warehouse']"}
RESULT: {"using":"xpath","value":"//*[text()='Pick From Warehouse']"}
COMMAND: POST /session/582ce5f850a124cd0c5f6fc14f02a0d2/elements - {"using":"xpath","value":"//*[text()='Pick From Warehouse']"}
RESULT: {"using":"xpath","value":"//*[text()='Pick From Warehouse']"}
COMMAND: POST /session/582ce5f850a124cd0c5f6fc14f02a0d2/elements - {"using":"xpath","value":"//*[text()='Pick From Warehouse']"}
RESULT: {"using":"xpath","value":"//*[text()='Pick From Warehouse']"}
COMMAND: POST /session/582ce5f850a124cd0c5f6fc14f02a0d2/elements - {"using":"xpath","value":"//*[text()='Pick From Warehouse']"}
RESULT: {"using":"xpath","value":"//*[text()='Pick From Warehouse']"}
COMMAND: POST /session/582ce5f850a124cd0c5f6fc14f02a0d2/elements - {"using":"xpath","value":"//*[text()='Pick From Warehouse']"}
RESULT: {"using":"xpath","value":"//*[text()='Pick From Warehouse']"}
COMMAND: POST /session/582ce5f850a124cd0c5f6fc14f02a0d2/elements - {"using":"xpath","value":"//*[text()='Pick From Warehouse']"}
RESULT: {"using":"xpath","value":"//*[text()='Pick From Warehouse']"}
COMMAND: POST /session/582ce5f850a124cd0c5f6fc14f02a0d2/elements - {"using":"xpath","value":"//*[text()='Pick From Warehouse']"}
RESULT: {"using":"xpath","value":"//*[text()='Pick From Warehouse']"}
COMMAND: POST /session/582ce5f850a124cd0c5f6fc14f02a0d2/elements - {"using":"xpath","value":"//*[text()='Pick From Warehouse']"}
RESULT: {"using":"xpath","value":"//*[text()='Pick From Warehouse']"}
COMMAND: POST /session/582ce5f850a124cd0c5f6fc14f02a0d2/elements - {"using":"xpath","value":"//*[text()='Pick From Warehouse']"}
RESULT: {"using":"xpath","value":"//*[text()='Pick From Warehouse']"}
COMMAND: POST /session/582ce5f850a124cd0c5f6fc14f02a0d2/elements - {"using":"xpath","value":"//*[text()='Pick From Warehouse']"}
RESULT: {"using":"xpath","value":"//*[text()='Pick From Warehouse']"}
COMMAND: POST /session/582ce5f850a124cd0c5f6fc14f02a0d2/elements - {"using":"xpath","value":"//*[text()='Pick From Warehouse']"}
RESULT: {"using":"xpath","value":"//*[text()='Pick From Warehouse']"}
COMMAND: POST /session/582ce5f850a124cd0c5f6fc14f02a0d2/elements - {"using":"xpath","value":"//*[text()='Pick From Warehouse']"}
RESULT: {"using":"xpath","value":"//*[text()='Pick From Warehouse']"}
COMMAND: POST /session/582ce5f850a124cd0c5f6fc14f02a0d2/elements - {"using":"xpath","value":"//*[text()='Pick From Warehouse']"}
RESULT: {"using":"xpath","value":"//*[text()='Pick From Warehouse']"}
COMMAND: POST /session/582ce5f850a124cd0c5f6fc14f02a0d2/elements - {"using":"xpath","value":"//*[text()='Pick From Warehouse']"}
RESULT: {"using":"xpath","value":"//*[text()='Pick From Warehouse']"}
COMMAND: POST /session/582ce5f850a124cd0c5f6fc14f02a0d2/elements - {"using":"xpath","value":"//*[text()='Pick From Warehouse']"}
RESULT: {"using":"xpath","value":"//*[text()='Pick From Warehouse']"}
COMMAND: POST /session/582ce5f850a124cd0c5f6fc14f02a0d2/elements - {"using":"xpath","value":"//*[text()='Pick From Warehouse']"}
RESULT: {"using":"xpath","value":"//*[text()='Pick From Warehouse']"}
COMMAND: POST /session/582ce5f850a124cd0c5f6fc14f02a0d2/elements - {"using":"xpath","value":"//*[text()='Pick From Warehouse']"}
RESULT: {"using":"xpath","value":"//*[text()='Pick From Warehouse']"}
COMMAND: POST /session/582ce5f850a124cd0c5f6fc14f02a0d2/elements - {"using":"xpath","value":"//*[text()='Pick From Warehouse']"}
RESULT: {"using":"xpath","value":"//*[text()='Pick From Warehouse']"}
COMMAND: POST /session/582ce5f850a124cd0c5f6fc14f02a0d2/elements - {"using":"xpath","value":"//*[text()='Pick From Warehouse']"}
RESULT: {"using":"xpath","value":"//*[text()='Pick From Warehouse']"}
COMMAND: POST /session/582ce5f850a124cd0c5f6fc14f02a0d2/elements - {"using":"xpath","value":"//*[text()='Pick From Warehouse']"}
RESULT: {"using":"xpath","value":"//*[text()='Pick From Warehouse']"}
COMMAND: POST /session/582ce5f850a124cd0c5f6fc14f02a0d2/elements - {"using":"xpath","value":"//*[text()='Pick From Warehouse']"}
RESULT: {"using":"xpath","value":"//*[text()='Pick From Warehouse']"}
COMMAND: POST /session/582ce5f850a124cd0c5f6fc14f02a0d2/elements - {"using":"xpath","value":"//*[text()='Pick From Warehouse']"}
RESULT: {"using":"xpath","value":"//*[text()='Pick From Warehouse']"}
COMMAND: POST /session/582ce5f850a124cd0c5f6fc14f02a0d2/elements - {"using":"xpath","value":"//*[text()='Pick From Warehouse']"}
RESULT: {"using":"xpath","value":"//*[text()='Pick From Warehouse']"}
COMMAND: POST /session/582ce5f850a124cd0c5f6fc14f02a0d2/elements - {"using":"xpath","value":"//*[text()='Pick From Warehouse']"}
RESULT: {"using":"xpath","value":"//*[text()='Pick From Warehouse']"}
COMMAND: POST /session/582ce5f850a124cd0c5f6fc14f02a0d2/elements - {"using":"xpath","value":"//*[text()='Pick From Warehouse']"}
RESULT: {"using":"xpath","value":"//*[text()='Pick From Warehouse']"}
COMMAND: POST /session/582ce5f850a124cd0c5f6fc14f02a0d2/elements - {"using":"xpath","value":"//*[text()='Pick From Warehouse']"}
RESULT: {"using":"xpath","value":"//*[text()='Pick From Warehouse']"}
COMMAND: POST /session/582ce5f850a124cd0c5f6fc14f02a0d2/elements - {"using":"xpath","value":"//*[text()='Pick From Warehouse']"}
RESULT: {"using":"xpath","value":"//*[text()='Pick From Warehouse']"}
COMMAND: POST /session/582ce5f850a124cd0c5f6fc14f02a0d2/elements - {"using":"xpath","value":"//*[text()='Pick From Warehouse']"}
RESULT: {"using":"xpath","value":"//*[text()='Pick From Warehouse']"}
COMMAND: POST /session/582ce5f850a124cd0c5f6fc14f02a0d2/elements - {"using":"xpath","value":"//*[text()='Pick From Warehouse']"}
RESULT: {"using":"xpath","value":"//*[text()='Pick From Warehouse']"}
COMMAND: POST /session/582ce5f850a124cd0c5f6fc14f02a0d2/elements - {"using":"xpath","value":"//*[text()='Pick From Warehouse']"}
RESULT: {"using":"xpath","value":"//*[text()='Pick From Warehouse']"}
COMMAND: POST /session/582ce5f850a124cd0c5f6fc14f02a0d2/elements - {"using":"xpath","value":"//*[text()='Pick From Warehouse']"}
RESULT: {"using":"xpath","value":"//*[text()='Pick From Warehouse']"}
COMMAND: POST /session/582ce5f850a124cd0c5f6fc14f02a0d2/elements - {"using":"xpath","value":"//*[text()='Pick From Warehouse']"}
RESULT: {"using":"xpath","value":"//*[text()='Pick From Warehouse']"}
COMMAND: POST /session/582ce5f850a124cd0c5f6fc14f02a0d2/elements - {"using":"xpath","value":"//*[text()='Pick From Warehouse']"}
RESULT: {"using":"xpath","value":"//*[text()='Pick From Warehouse']"}
COMMAND: POST /session/582ce5f850a124cd0c5f6fc14f02a0d2/elements - {"using":"xpath","value":"//*[text()='Pick From Warehouse']"}
RESULT: {"using":"xpath","value":"//*[text()='Pick From Warehouse']"}
COMMAND: POST /session/582ce5f850a124cd0c5f6fc14f02a0d2/elements - {"using":"xpath","value":"//*[text()='Pick From Warehouse']"}
RESULT: {"using":"xpath","value":"//*[text()='Pick From Warehouse']"}
COMMAND: POST /session/582ce5f850a124cd0c5f6fc14f02a0d2/elements - {"using":"xpath","value":"//*[text()='Pick From Warehouse']"}
RESULT: {"using":"xpath","value":"//*[text()='Pick From Warehouse']"}
COMMAND: POST /session/582ce5f850a124cd0c5f6fc14f02a0d2/elements - {"using":"xpath","value":"//*[text()='Pick From Warehouse']"}
RESULT: {"using":"xpath","value":"//*[text()='Pick From Warehouse']"}
COMMAND: POST /session/582ce5f850a124cd0c5f6fc14f02a0d2/elements - {"using":"xpath","value":"//*[text()='Pick From Warehouse']"}
RESULT: {"using":"xpath","value":"//*[text()='Pick From Warehouse']"}
COMMAND: POST /session/582ce5f850a124cd0c5f6fc14f02a0d2/elements - {"using":"xpath","value":"//*[text()='Pick From Warehouse']"}
RESULT: {"using":"xpath","value":"//*[text()='Pick From Warehouse']"}
COMMAND: POST /session/582ce5f850a124cd0c5f6fc14f02a0d2/elements - {"using":"xpath","value":"//*[text()='Pick From Warehouse']"}
RESULT: {"using":"xpath","value":"//*[text()='Pick From Warehouse']"}
COMMAND: POST /session/582ce5f850a124cd0c5f6fc14f02a0d2/elements - {"using":"xpath","value":"//*[text()='Pick From Warehouse']"}
RESULT: {"using":"xpath","value":"//*[text()='Pick From Warehouse']"}
COMMAND: POST /session/582ce5f850a124cd0c5f6fc14f02a0d2/elements - {"using":"xpath","value":"//*[text()='Pick From Warehouse']"}
RESULT: {"using":"xpath","value":"//*[text()='Pick From Warehouse']"}
COMMAND: POST /session/582ce5f850a124cd0c5f6fc14f02a0d2/elements - {"using":"xpath","value":"//*[text()='Pick From Warehouse']"}
RESULT: {"using":"xpath","value":"//*[text()='Pick From Warehouse']"}
COMMAND: POST /session/582ce5f850a124cd0c5f6fc14f02a0d2/elements - {"using":"xpath","value":"//*[text()='Pick From Warehouse']"}
RESULT: {"using":"xpath","value":"//*[text()='Pick From Warehouse']"}
COMMAND: POST /session/582ce5f850a124cd0c5f6fc14f02a0d2/elements - {"using":"xpath","value":"//*[text()='Pick From Warehouse']"}
RESULT: {"using":"xpath","value":"//*[text()='Pick From Warehouse']"}
COMMAND: POST /session/582ce5f850a124cd0c5f6fc14f02a0d2/elements - {"using":"xpath","value":"//*[text()='Pick From Warehouse']"}
RESULT: {"using":"xpath","value":"//*[text()='Pick From Warehouse']"}
COMMAND: POST /session/582ce5f850a124cd0c5f6fc14f02a0d2/elements - {"using":"xpath","value":"//*[text()='Pick From Warehouse']"}
RESULT: {"using":"xpath","value":"//*[text()='Pick From Warehouse']"}
COMMAND: POST /session/582ce5f850a124cd0c5f6fc14f02a0d2/elements - {"using":"xpath","value":"//*[text()='Pick From Warehouse']"}
RESULT: {"using":"xpath","value":"//*[text()='Pick From Warehouse']"}
COMMAND: POST /session/582ce5f850a124cd0c5f6fc14f02a0d2/elements - {"using":"xpath","value":"//*[text()='Pick From Warehouse']"}
RESULT: {"using":"xpath","value":"//*[text()='Pick From Warehouse']"}
COMMAND: POST /session/582ce5f850a124cd0c5f6fc14f02a0d2/elements - {"using":"xpath","value":"//*[text()='Pick From Warehouse']"}
RESULT: {"using":"xpath","value":"//*[text()='Pick From Warehouse']"}
COMMAND: POST /session/582ce5f850a124cd0c5f6fc14f02a0d2/elements - {"using":"xpath","value":"//*[text()='Pick From Warehouse']"}
RESULT: {"using":"xpath","value":"//*[text()='Pick From Warehouse']"}
COMMAND: POST /session/582ce5f850a124cd0c5f6fc14f02a0d2/elements - {"using":"xpath","value":"//*[text()='Pick From Warehouse']"}
RESULT: {"using":"xpath","value":"//*[text()='Pick From Warehouse']"}
COMMAND: POST /session/582ce5f850a124cd0c5f6fc14f02a0d2/elements - {"using":"xpath","value":"//*[text()='Pick From Warehouse']"}
RESULT: {"using":"xpath","value":"//*[text()='Pick From Warehouse']"}
COMMAND: POST /session/582ce5f850a124cd0c5f6fc14f02a0d2/elements - {"using":"xpath","value":"//*[text()='Pick From Warehouse']"}
RESULT: {"using":"xpath","value":"//*[text()='Pick From Warehouse']"}
COMMAND: POST /session/582ce5f850a124cd0c5f6fc14f02a0d2/elements - {"using":"xpath","value":"//*[text()='Pick From Warehouse']"}
RESULT: {"using":"xpath","value":"//*[text()='Pick From Warehouse']"}
COMMAND: POST /session/582ce5f850a124cd0c5f6fc14f02a0d2/elements - {"using":"xpath","value":"//*[text()='Pick From Warehouse']"}
RESULT: {"using":"xpath","value":"//*[text()='Pick From Warehouse']"}
COMMAND: POST /session/582ce5f850a124cd0c5f6fc14f02a0d2/elements - {"using":"xpath","value":"//*[text()='Pick From Warehouse']"}
RESULT: {"using":"xpath","value":"//*[text()='Pick From Warehouse']"}
COMMAND: POST /session/582ce5f850a124cd0c5f6fc14f02a0d2/elements - {"using":"xpath","value":"//*[text()='Pick From Warehouse']"}
RESULT: {"using":"xpath","value":"//*[text()='Pick From Warehouse']"}
COMMAND: POST /session/582ce5f850a124cd0c5f6fc14f02a0d2/elements - {"using":"xpath","value":"//*[text()='Pick From Warehouse']"}
RESULT: {"using":"xpath","value":"//*[text()='Pick From Warehouse']"}
COMMAND: POST /session/582ce5f850a124cd0c5f6fc14f02a0d2/elements - {"using":"xpath","value":"//*[text()='Pick From Warehouse']"}
RESULT: {"using":"xpath","value":"//*[text()='Pick From Warehouse']"}
COMMAND: POST /session/582ce5f850a124cd0c5f6fc14f02a0d2/elements - {"using":"xpath","value":"//*[text()='Pick From Warehouse']"}
RESULT: {"using":"xpath","value":"//*[text()='Pick From Warehouse']"}
COMMAND: POST /session/582ce5f850a124cd0c5f6fc14f02a0d2/elements - {"using":"xpath","value":"//*[text()='Pick From Warehouse']"}
RESULT: {"using":"xpath","value":"//*[text()='Pick From Warehouse']"}
COMMAND: POST /session/582ce5f850a124cd0c5f6fc14f02a0d2/elements - {"using":"xpath","value":"//*[text()='Pick From Warehouse']"}
RESULT: {"using":"xpath","value":"//*[text()='Pick From Warehouse']"}
COMMAND: POST /session/582ce5f850a124cd0c5f6fc14f02a0d2/elements - {"using":"xpath","value":"//*[text()='Pick From Warehouse']"}
RESULT: {"using":"xpath","value":"//*[text()='Pick From Warehouse']"}
COMMAND: POST /session/582ce5f850a124cd0c5f6fc14f02a0d2/elements - {"using":"xpath","value":"//*[text()='Pick From Warehouse']"}
RESULT: {"using":"xpath","value":"//*[text()='Pick From Warehouse']"}
COMMAND: POST /session/582ce5f850a124cd0c5f6fc14f02a0d2/elements - {"using":"xpath","value":"//*[text()='Pick From Warehouse']"}
RESULT: {"using":"xpath","value":"//*[text()='Pick From Warehouse']"}
COMMAND: POST /session/582ce5f850a124cd0c5f6fc14f02a0d2/elements - {"using":"xpath","value":"//*[text()='Pick From Warehouse']"}
RESULT: {"using":"xpath","value":"//*[text()='Pick From Warehouse']"}
COMMAND: POST /session/582ce5f850a124cd0c5f6fc14f02a0d2/elements - {"using":"xpath","value":"//*[text()='Close']"}
RESULT: {"using":"xpath","value":"//*[text()='Close']"}
COMMAND: GET /session/582ce5f850a124cd0c5f6fc14f02a0d2/element/f.92142B0E1996143B500ED3F2A7F6BA2F.d.76BEAC841B8D0BE0ABB3F384C6CFF6AE.e.9284/enabled - {}
RESULT: {}
COMMAND: POST /session/582ce5f850a124cd0c5f6fc14f02a0d2/execute/sync - {"script":"<script> [8489 bytes]","args":[{"element-6066-11e4-a52e-4f735466cecf":"f.92142B0E1996143B500ED3F2A7F6BA2F.d.76BEAC841B8D0BE0ABB3F384C6CFF6AE.e.9284","ELEMENT":"f.92142B0E1996143B500ED3F2A7F6BA2F.d.76BEAC841B8D0BE0ABB3F384C6CFF6AE.e.9284"}]}
COMMAND: GET /session/582ce5f850a124cd0c5f6fc14f02a0d2/screenshot - {}
RESULT: {"script":"<script> [8489 bytes]","args":[{"element-6066-11e4-a52e-4f735466cecf":"f.92142B0E1996143B500ED3F2A7F6BA2F.d.76BEAC841B8D0BE0ABB3F384C6CFF6AE.e.9284","ELEMENT":"f.92142B0E1996143B500ED3F2A7F6BA2F.d.76BEAC841B8D0BE0ABB3F384C6CFF6AE.e.9284"}]}
COMMAND: GET /session/582ce5f850a124cd0c5f6fc14f02a0d2/screenshot - {}
RESULT: {}
COMMAND: POST /session/582ce5f850a124cd0c5f6fc14f02a0d2/execute/sync - {"script":"<script> [8489 bytes]","args":[{"element-6066-11e4-a52e-4f735466cecf":"f.92142B0E1996143B500ED3F2A7F6BA2F.d.76BEAC841B8D0BE0ABB3F384C6CFF6AE.e.9284","ELEMENT":"f.92142B0E1996143B500ED3F2A7F6BA2F.d.76BEAC841B8D0BE0ABB3F384C6CFF6AE.e.9284"}]}
RESULT: {}
RESULT: {"script":"<script> [8489 bytes]","args":[{"element-6066-11e4-a52e-4f735466cecf":"f.92142B0E1996143B500ED3F2A7F6BA2F.d.76BEAC841B8D0BE0ABB3F384C6CFF6AE.e.9284","ELEMENT":"f.92142B0E1996143B500ED3F2A7F6BA2F.d.76BEAC841B8D0BE0ABB3F384C6CFF6AE.e.9284"}]}
COMMAND: GET /session/582ce5f850a124cd0c5f6fc14f02a0d2/screenshot - {}
COMMAND: POST /session/582ce5f850a124cd0c5f6fc14f02a0d2/execute/sync - {"script":"<script> [8489 bytes]","args":[{"element-6066-11e4-a52e-4f735466cecf":"f.92142B0E1996143B500ED3F2A7F6BA2F.d.76BEAC841B8D0BE0ABB3F384C6CFF6AE.e.9284","ELEMENT":"f.92142B0E1996143B500ED3F2A7F6BA2F.d.76BEAC841B8D0BE0ABB3F384C6CFF6AE.e.9284"}]}
RESULT: {}
RESULT: {"script":"<script> [8489 bytes]","args":[{"element-6066-11e4-a52e-4f735466cecf":"f.92142B0E1996143B500ED3F2A7F6BA2F.d.76BEAC841B8D0BE0ABB3F384C6CFF6AE.e.9284","ELEMENT":"f.92142B0E1996143B500ED3F2A7F6BA2F.d.76BEAC841B8D0BE0ABB3F384C6CFF6AE.e.9284"}]}
COMMAND: GET /session/582ce5f850a124cd0c5f6fc14f02a0d2/screenshot - {}
RESULT: {}
COMMAND: POST /session/582ce5f850a124cd0c5f6fc14f02a0d2/execute/sync - {"script":"<script> [8489 bytes]","args":[{"element-6066-11e4-a52e-4f735466cecf":"f.92142B0E1996143B500ED3F2A7F6BA2F.d.76BEAC841B8D0BE0ABB3F384C6CFF6AE.e.9284","ELEMENT":"f.92142B0E1996143B500ED3F2A7F6BA2F.d.76BEAC841B8D0BE0ABB3F384C6CFF6AE.e.9284"}]}
RESULT: {"script":"<script> [8489 bytes]","args":[{"element-6066-11e4-a52e-4f735466cecf":"f.92142B0E1996143B500ED3F2A7F6BA2F.d.76BEAC841B8D0BE0ABB3F384C6CFF6AE.e.9284","ELEMENT":"f.92142B0E1996143B500ED3F2A7F6BA2F.d.76BEAC841B8D0BE0ABB3F384C6CFF6AE.e.9284"}]}
COMMAND: GET /session/582ce5f850a124cd0c5f6fc14f02a0d2/screenshot - {}
RESULT: {}
COMMAND: POST /session/582ce5f850a124cd0c5f6fc14f02a0d2/execute/sync - {"script":"<script> [8489 bytes]","args":[{"element-6066-11e4-a52e-4f735466cecf":"f.92142B0E1996143B500ED3F2A7F6BA2F.d.76BEAC841B8D0BE0ABB3F384C6CFF6AE.e.9284","ELEMENT":"f.92142B0E1996143B500ED3F2A7F6BA2F.d.76BEAC841B8D0BE0ABB3F384C6CFF6AE.e.9284"}]}
RESULT: {"script":"<script> [8489 bytes]","args":[{"element-6066-11e4-a52e-4f735466cecf":"f.92142B0E1996143B500ED3F2A7F6BA2F.d.76BEAC841B8D0BE0ABB3F384C6CFF6AE.e.9284","ELEMENT":"f.92142B0E1996143B500ED3F2A7F6BA2F.d.76BEAC841B8D0BE0ABB3F384C6CFF6AE.e.9284"}]}
COMMAND: GET /session/582ce5f850a124cd0c5f6fc14f02a0d2/screenshot - {}
RESULT: {}
COMMAND: POST /session/582ce5f850a124cd0c5f6fc14f02a0d2/execute/sync - {"script":"<script> [8489 bytes]","args":[{"element-6066-11e4-a52e-4f735466cecf":"f.92142B0E1996143B500ED3F2A7F6BA2F.d.76BEAC841B8D0BE0ABB3F384C6CFF6AE.e.9284","ELEMENT":"f.92142B0E1996143B500ED3F2A7F6BA2F.d.76BEAC841B8D0BE0ABB3F384C6CFF6AE.e.9284"}]}
RESULT: {"script":"<script> [8489 bytes]","args":[{"element-6066-11e4-a52e-4f735466cecf":"f.92142B0E1996143B500ED3F2A7F6BA2F.d.76BEAC841B8D0BE0ABB3F384C6CFF6AE.e.9284","ELEMENT":"f.92142B0E1996143B500ED3F2A7F6BA2F.d.76BEAC841B8D0BE0ABB3F384C6CFF6AE.e.9284"}]}
COMMAND: GET /session/582ce5f850a124cd0c5f6fc14f02a0d2/screenshot - {}
RESULT: {}
COMMAND: POST /session/582ce5f850a124cd0c5f6fc14f02a0d2/execute/sync - {"script":"<script> [8489 bytes]","args":[{"element-6066-11e4-a52e-4f735466cecf":"f.92142B0E1996143B500ED3F2A7F6BA2F.d.76BEAC841B8D0BE0ABB3F384C6CFF6AE.e.9284","ELEMENT":"f.92142B0E1996143B500ED3F2A7F6BA2F.d.76BEAC841B8D0BE0ABB3F384C6CFF6AE.e.9284"}]}
RESULT: {"script":"<script> [8489 bytes]","args":[{"element-6066-11e4-a52e-4f735466cecf":"f.92142B0E1996143B500ED3F2A7F6BA2F.d.76BEAC841B8D0BE0ABB3F384C6CFF6AE.e.9284","ELEMENT":"f.92142B0E1996143B500ED3F2A7F6BA2F.d.76BEAC841B8D0BE0ABB3F384C6CFF6AE.e.9284"}]}
COMMAND: GET /session/582ce5f850a124cd0c5f6fc14f02a0d2/screenshot - {}
RESULT: {}
COMMAND: POST /session/582ce5f850a124cd0c5f6fc14f02a0d2/execute/sync - {"script":"<script> [8489 bytes]","args":[{"element-6066-11e4-a52e-4f735466cecf":"f.92142B0E1996143B500ED3F2A7F6BA2F.d.76BEAC841B8D0BE0ABB3F384C6CFF6AE.e.9284","ELEMENT":"f.92142B0E1996143B500ED3F2A7F6BA2F.d.76BEAC841B8D0BE0ABB3F384C6CFF6AE.e.9284"}]}
RESULT: {"script":"<script> [8489 bytes]","args":[{"element-6066-11e4-a52e-4f735466cecf":"f.92142B0E1996143B500ED3F2A7F6BA2F.d.76BEAC841B8D0BE0ABB3F384C6CFF6AE.e.9284","ELEMENT":"f.92142B0E1996143B500ED3F2A7F6BA2F.d.76BEAC841B8D0BE0ABB3F384C6CFF6AE.e.9284"}]}
COMMAND: GET /session/582ce5f850a124cd0c5f6fc14f02a0d2/screenshot - {}
RESULT: {}
COMMAND: POST /session/582ce5f850a124cd0c5f6fc14f02a0d2/execute/sync - {"script":"<script> [8489 bytes]","args":[{"element-6066-11e4-a52e-4f735466cecf":"f.92142B0E1996143B500ED3F2A7F6BA2F.d.76BEAC841B8D0BE0ABB3F384C6CFF6AE.e.9284","ELEMENT":"f.92142B0E1996143B500ED3F2A7F6BA2F.d.76BEAC841B8D0BE0ABB3F384C6CFF6AE.e.9284"}]}
RESULT: {"script":"<script> [8489 bytes]","args":[{"element-6066-11e4-a52e-4f735466cecf":"f.92142B0E1996143B500ED3F2A7F6BA2F.d.76BEAC841B8D0BE0ABB3F384C6CFF6AE.e.9284","ELEMENT":"f.92142B0E1996143B500ED3F2A7F6BA2F.d.76BEAC841B8D0BE0ABB3F384C6CFF6AE.e.9284"}]}
COMMAND: GET /session/582ce5f850a124cd0c5f6fc14f02a0d2/screenshot - {}
RESULT: {}
COMMAND: POST /session/582ce5f850a124cd0c5f6fc14f02a0d2/execute/sync - {"script":"<script> [8489 bytes]","args":[{"element-6066-11e4-a52e-4f735466cecf":"f.92142B0E1996143B500ED3F2A7F6BA2F.d.76BEAC841B8D0BE0ABB3F384C6CFF6AE.e.9284","ELEMENT":"f.92142B0E1996143B500ED3F2A7F6BA2F.d.76BEAC841B8D0BE0ABB3F384C6CFF6AE.e.9284"}]}
RESULT: {"script":"<script> [8489 bytes]","args":[{"element-6066-11e4-a52e-4f735466cecf":"f.92142B0E1996143B500ED3F2A7F6BA2F.d.76BEAC841B8D0BE0ABB3F384C6CFF6AE.e.9284","ELEMENT":"f.92142B0E1996143B500ED3F2A7F6BA2F.d.76BEAC841B8D0BE0ABB3F384C6CFF6AE.e.9284"}]}
COMMAND: GET /session/582ce5f850a124cd0c5f6fc14f02a0d2/screenshot - {}
RESULT: {}
COMMAND: POST /session/582ce5f850a124cd0c5f6fc14f02a0d2/execute/sync - {"script":"<script> [8489 bytes]","args":[{"element-6066-11e4-a52e-4f735466cecf":"f.92142B0E1996143B500ED3F2A7F6BA2F.d.76BEAC841B8D0BE0ABB3F384C6CFF6AE.e.9284","ELEMENT":"f.92142B0E1996143B500ED3F2A7F6BA2F.d.76BEAC841B8D0BE0ABB3F384C6CFF6AE.e.9284"}]}
RESULT: {"script":"<script> [8489 bytes]","args":[{"element-6066-11e4-a52e-4f735466cecf":"f.92142B0E1996143B500ED3F2A7F6BA2F.d.76BEAC841B8D0BE0ABB3F384C6CFF6AE.e.9284","ELEMENT":"f.92142B0E1996143B500ED3F2A7F6BA2F.d.76BEAC841B8D0BE0ABB3F384C6CFF6AE.e.9284"}]}
COMMAND: GET /session/582ce5f850a124cd0c5f6fc14f02a0d2/screenshot - {}
RESULT: {}
COMMAND: POST /session/582ce5f850a124cd0c5f6fc14f02a0d2/execute/sync - {"script":"<script> [8489 bytes]","args":[{"element-6066-11e4-a52e-4f735466cecf":"f.92142B0E1996143B500ED3F2A7F6BA2F.d.76BEAC841B8D0BE0ABB3F384C6CFF6AE.e.9284","ELEMENT":"f.92142B0E1996143B500ED3F2A7F6BA2F.d.76BEAC841B8D0BE0ABB3F384C6CFF6AE.e.9284"}]}
RESULT: {"script":"<script> [8489 bytes]","args":[{"element-6066-11e4-a52e-4f735466cecf":"f.92142B0E1996143B500ED3F2A7F6BA2F.d.76BEAC841B8D0BE0ABB3F384C6CFF6AE.e.9284","ELEMENT":"f.92142B0E1996143B500ED3F2A7F6BA2F.d.76BEAC841B8D0BE0ABB3F384C6CFF6AE.e.9284"}]}
COMMAND: GET /session/582ce5f850a124cd0c5f6fc14f02a0d2/screenshot - {}
RESULT: {}
COMMAND: POST /session/582ce5f850a124cd0c5f6fc14f02a0d2/execute/sync - {"script":"<script> [8489 bytes]","args":[{"element-6066-11e4-a52e-4f735466cecf":"f.92142B0E1996143B500ED3F2A7F6BA2F.d.76BEAC841B8D0BE0ABB3F384C6CFF6AE.e.9284","ELEMENT":"f.92142B0E1996143B500ED3F2A7F6BA2F.d.76BEAC841B8D0BE0ABB3F384C6CFF6AE.e.9284"}]}
RESULT: {"script":"<script> [8489 bytes]","args":[{"element-6066-11e4-a52e-4f735466cecf":"f.92142B0E1996143B500ED3F2A7F6BA2F.d.76BEAC841B8D0BE0ABB3F384C6CFF6AE.e.9284","ELEMENT":"f.92142B0E1996143B500ED3F2A7F6BA2F.d.76BEAC841B8D0BE0ABB3F384C6CFF6AE.e.9284"}]}
COMMAND: GET /session/582ce5f850a124cd0c5f6fc14f02a0d2/screenshot - {}
RESULT: {}
COMMAND: POST /session/582ce5f850a124cd0c5f6fc14f02a0d2/execute/sync - {"script":"<script> [8489 bytes]","args":[{"element-6066-11e4-a52e-4f735466cecf":"f.92142B0E1996143B500ED3F2A7F6BA2F.d.76BEAC841B8D0BE0ABB3F384C6CFF6AE.e.9284","ELEMENT":"f.92142B0E1996143B500ED3F2A7F6BA2F.d.76BEAC841B8D0BE0ABB3F384C6CFF6AE.e.9284"}]}
RESULT: {"script":"<script> [8489 bytes]","args":[{"element-6066-11e4-a52e-4f735466cecf":"f.92142B0E1996143B500ED3F2A7F6BA2F.d.76BEAC841B8D0BE0ABB3F384C6CFF6AE.e.9284","ELEMENT":"f.92142B0E1996143B500ED3F2A7F6BA2F.d.76BEAC841B8D0BE0ABB3F384C6CFF6AE.e.9284"}]}
COMMAND: GET /session/582ce5f850a124cd0c5f6fc14f02a0d2/screenshot - {}
RESULT: {}
COMMAND: POST /session/582ce5f850a124cd0c5f6fc14f02a0d2/execute/sync - {"script":"<script> [8489 bytes]","args":[{"element-6066-11e4-a52e-4f735466cecf":"f.92142B0E1996143B500ED3F2A7F6BA2F.d.76BEAC841B8D0BE0ABB3F384C6CFF6AE.e.9284","ELEMENT":"f.92142B0E1996143B500ED3F2A7F6BA2F.d.76BEAC841B8D0BE0ABB3F384C6CFF6AE.e.9284"}]}
RESULT: {"script":"<script> [8489 bytes]","args":[{"element-6066-11e4-a52e-4f735466cecf":"f.92142B0E1996143B500ED3F2A7F6BA2F.d.76BEAC841B8D0BE0ABB3F384C6CFF6AE.e.9284","ELEMENT":"f.92142B0E1996143B500ED3F2A7F6BA2F.d.76BEAC841B8D0BE0ABB3F384C6CFF6AE.e.9284"}]}
COMMAND: GET /session/582ce5f850a124cd0c5f6fc14f02a0d2/screenshot - {}
RESULT: {}
COMMAND: POST /session/582ce5f850a124cd0c5f6fc14f02a0d2/execute/sync - {"script":"<script> [8489 bytes]","args":[{"element-6066-11e4-a52e-4f735466cecf":"f.92142B0E1996143B500ED3F2A7F6BA2F.d.76BEAC841B8D0BE0ABB3F384C6CFF6AE.e.9284","ELEMENT":"f.92142B0E1996143B500ED3F2A7F6BA2F.d.76BEAC841B8D0BE0ABB3F384C6CFF6AE.e.9284"}]}
RESULT: {"script":"<script> [8489 bytes]","args":[{"element-6066-11e4-a52e-4f735466cecf":"f.92142B0E1996143B500ED3F2A7F6BA2F.d.76BEAC841B8D0BE0ABB3F384C6CFF6AE.e.9284","ELEMENT":"f.92142B0E1996143B500ED3F2A7F6BA2F.d.76BEAC841B8D0BE0ABB3F384C6CFF6AE.e.9284"}]}
COMMAND: GET /session/582ce5f850a124cd0c5f6fc14f02a0d2/screenshot - {}
RESULT: {}
COMMAND: POST /session/582ce5f850a124cd0c5f6fc14f02a0d2/execute/sync - {"script":"<script> [8489 bytes]","args":[{"element-6066-11e4-a52e-4f735466cecf":"f.92142B0E1996143B500ED3F2A7F6BA2F.d.76BEAC841B8D0BE0ABB3F384C6CFF6AE.e.9284","ELEMENT":"f.92142B0E1996143B500ED3F2A7F6BA2F.d.76BEAC841B8D0BE0ABB3F384C6CFF6AE.e.9284"}]}
RESULT: {"script":"<script> [8489 bytes]","args":[{"element-6066-11e4-a52e-4f735466cecf":"f.92142B0E1996143B500ED3F2A7F6BA2F.d.76BEAC841B8D0BE0ABB3F384C6CFF6AE.e.9284","ELEMENT":"f.92142B0E1996143B500ED3F2A7F6BA2F.d.76BEAC841B8D0BE0ABB3F384C6CFF6AE.e.9284"}]}
COMMAND: GET /session/582ce5f850a124cd0c5f6fc14f02a0d2/screenshot - {}
RESULT: {}
COMMAND: POST /session/582ce5f850a124cd0c5f6fc14f02a0d2/execute/sync - {"script":"<script> [8489 bytes]","args":[{"element-6066-11e4-a52e-4f735466cecf":"f.92142B0E1996143B500ED3F2A7F6BA2F.d.76BEAC841B8D0BE0ABB3F384C6CFF6AE.e.9284","ELEMENT":"f.92142B0E1996143B500ED3F2A7F6BA2F.d.76BEAC841B8D0BE0ABB3F384C6CFF6AE.e.9284"}]}
RESULT: {"script":"<script> [8489 bytes]","args":[{"element-6066-11e4-a52e-4f735466cecf":"f.92142B0E1996143B500ED3F2A7F6BA2F.d.76BEAC841B8D0BE0ABB3F384C6CFF6AE.e.9284","ELEMENT":"f.92142B0E1996143B500ED3F2A7F6BA2F.d.76BEAC841B8D0BE0ABB3F384C6CFF6AE.e.9284"}]}
COMMAND: GET /session/582ce5f850a124cd0c5f6fc14f02a0d2/screenshot - {}
RESULT: {}
COMMAND: POST /session/582ce5f850a124cd0c5f6fc14f02a0d2/execute/sync - {"script":"<script> [8489 bytes]","args":[{"element-6066-11e4-a52e-4f735466cecf":"f.92142B0E1996143B500ED3F2A7F6BA2F.d.76BEAC841B8D0BE0ABB3F384C6CFF6AE.e.9284","ELEMENT":"f.92142B0E1996143B500ED3F2A7F6BA2F.d.76BEAC841B8D0BE0ABB3F384C6CFF6AE.e.9284"}]}
RESULT: {"script":"<script> [8489 bytes]","args":[{"element-6066-11e4-a52e-4f735466cecf":"f.92142B0E1996143B500ED3F2A7F6BA2F.d.76BEAC841B8D0BE0ABB3F384C6CFF6AE.e.9284","ELEMENT":"f.92142B0E1996143B500ED3F2A7F6BA2F.d.76BEAC841B8D0BE0ABB3F384C6CFF6AE.e.9284"}]}
COMMAND: GET /session/582ce5f850a124cd0c5f6fc14f02a0d2/screenshot - {}
RESULT: {}
COMMAND: POST /session/582ce5f850a124cd0c5f6fc14f02a0d2/execute/sync - {"script":"<script> [8489 bytes]","args":[{"element-6066-11e4-a52e-4f735466cecf":"f.92142B0E1996143B500ED3F2A7F6BA2F.d.76BEAC841B8D0BE0ABB3F384C6CFF6AE.e.9284","ELEMENT":"f.92142B0E1996143B500ED3F2A7F6BA2F.d.76BEAC841B8D0BE0ABB3F384C6CFF6AE.e.9284"}]}
RESULT: {"script":"<script> [8489 bytes]","args":[{"element-6066-11e4-a52e-4f735466cecf":"f.92142B0E1996143B500ED3F2A7F6BA2F.d.76BEAC841B8D0BE0ABB3F384C6CFF6AE.e.9284","ELEMENT":"f.92142B0E1996143B500ED3F2A7F6BA2F.d.76BEAC841B8D0BE0ABB3F384C6CFF6AE.e.9284"}]}
COMMAND: GET /session/582ce5f850a124cd0c5f6fc14f02a0d2/screenshot - {}
RESULT: {}
COMMAND: POST /session/582ce5f850a124cd0c5f6fc14f02a0d2/execute/sync - {"script":"<script> [8489 bytes]","args":[{"element-6066-11e4-a52e-4f735466cecf":"f.92142B0E1996143B500ED3F2A7F6BA2F.d.76BEAC841B8D0BE0ABB3F384C6CFF6AE.e.9284","ELEMENT":"f.92142B0E1996143B500ED3F2A7F6BA2F.d.76BEAC841B8D0BE0ABB3F384C6CFF6AE.e.9284"}]}
RESULT: {"script":"<script> [8489 bytes]","args":[{"element-6066-11e4-a52e-4f735466cecf":"f.92142B0E1996143B500ED3F2A7F6BA2F.d.76BEAC841B8D0BE0ABB3F384C6CFF6AE.e.9284","ELEMENT":"f.92142B0E1996143B500ED3F2A7F6BA2F.d.76BEAC841B8D0BE0ABB3F384C6CFF6AE.e.9284"}]}
COMMAND: GET /session/582ce5f850a124cd0c5f6fc14f02a0d2/screenshot - {}
RESULT: {}
COMMAND: POST /session/582ce5f850a124cd0c5f6fc14f02a0d2/execute/sync - {"script":"<script> [8489 bytes]","args":[{"element-6066-11e4-a52e-4f735466cecf":"f.92142B0E1996143B500ED3F2A7F6BA2F.d.76BEAC841B8D0BE0ABB3F384C6CFF6AE.e.9284","ELEMENT":"f.92142B0E1996143B500ED3F2A7F6BA2F.d.76BEAC841B8D0BE0ABB3F384C6CFF6AE.e.9284"}]}
RESULT: {"script":"<script> [8489 bytes]","args":[{"element-6066-11e4-a52e-4f735466cecf":"f.92142B0E1996143B500ED3F2A7F6BA2F.d.76BEAC841B8D0BE0ABB3F384C6CFF6AE.e.9284","ELEMENT":"f.92142B0E1996143B500ED3F2A7F6BA2F.d.76BEAC841B8D0BE0ABB3F384C6CFF6AE.e.9284"}]}
COMMAND: GET /session/582ce5f850a124cd0c5f6fc14f02a0d2/screenshot - {}
RESULT: {}
COMMAND: POST /session/582ce5f850a124cd0c5f6fc14f02a0d2/execute/sync - {"script":"<script> [8489 bytes]","args":[{"element-6066-11e4-a52e-4f735466cecf":"f.92142B0E1996143B500ED3F2A7F6BA2F.d.76BEAC841B8D0BE0ABB3F384C6CFF6AE.e.9284","ELEMENT":"f.92142B0E1996143B500ED3F2A7F6BA2F.d.76BEAC841B8D0BE0ABB3F384C6CFF6AE.e.9284"}]}
RESULT: {"script":"<script> [8489 bytes]","args":[{"element-6066-11e4-a52e-4f735466cecf":"f.92142B0E1996143B500ED3F2A7F6BA2F.d.76BEAC841B8D0BE0ABB3F384C6CFF6AE.e.9284","ELEMENT":"f.92142B0E1996143B500ED3F2A7F6BA2F.d.76BEAC841B8D0BE0ABB3F384C6CFF6AE.e.9284"}]}
COMMAND: GET /session/582ce5f850a124cd0c5f6fc14f02a0d2/screenshot - {}
RESULT: {}
COMMAND: POST /session/582ce5f850a124cd0c5f6fc14f02a0d2/execute/sync - {"script":"<script> [8489 bytes]","args":[{"element-6066-11e4-a52e-4f735466cecf":"f.92142B0E1996143B500ED3F2A7F6BA2F.d.76BEAC841B8D0BE0ABB3F384C6CFF6AE.e.9284","ELEMENT":"f.92142B0E1996143B500ED3F2A7F6BA2F.d.76BEAC841B8D0BE0ABB3F384C6CFF6AE.e.9284"}]}
RESULT: {"script":"<script> [8489 bytes]","args":[{"element-6066-11e4-a52e-4f735466cecf":"f.92142B0E1996143B500ED3F2A7F6BA2F.d.76BEAC841B8D0BE0ABB3F384C6CFF6AE.e.9284","ELEMENT":"f.92142B0E1996143B500ED3F2A7F6BA2F.d.76BEAC841B8D0BE0ABB3F384C6CFF6AE.e.9284"}]}
COMMAND: GET /session/582ce5f850a124cd0c5f6fc14f02a0d2/screenshot - {}
RESULT: {}
COMMAND: POST /session/582ce5f850a124cd0c5f6fc14f02a0d2/execute/sync - {"script":"<script> [8489 bytes]","args":[{"element-6066-11e4-a52e-4f735466cecf":"f.92142B0E1996143B500ED3F2A7F6BA2F.d.76BEAC841B8D0BE0ABB3F384C6CFF6AE.e.9284","ELEMENT":"f.92142B0E1996143B500ED3F2A7F6BA2F.d.76BEAC841B8D0BE0ABB3F384C6CFF6AE.e.9284"}]}
RESULT: {"script":"<script> [8489 bytes]","args":[{"element-6066-11e4-a52e-4f735466cecf":"f.92142B0E1996143B500ED3F2A7F6BA2F.d.76BEAC841B8D0BE0ABB3F384C6CFF6AE.e.9284","ELEMENT":"f.92142B0E1996143B500ED3F2A7F6BA2F.d.76BEAC841B8D0BE0ABB3F384C6CFF6AE.e.9284"}]}
COMMAND: GET /session/582ce5f850a124cd0c5f6fc14f02a0d2/screenshot - {}
RESULT: {}
COMMAND: POST /session/582ce5f850a124cd0c5f6fc14f02a0d2/execute/sync - {"script":"<script> [8489 bytes]","args":[{"element-6066-11e4-a52e-4f735466cecf":"f.92142B0E1996143B500ED3F2A7F6BA2F.d.76BEAC841B8D0BE0ABB3F384C6CFF6AE.e.9284","ELEMENT":"f.92142B0E1996143B500ED3F2A7F6BA2F.d.76BEAC841B8D0BE0ABB3F384C6CFF6AE.e.9284"}]}
RESULT: {"script":"<script> [8489 bytes]","args":[{"element-6066-11e4-a52e-4f735466cecf":"f.92142B0E1996143B500ED3F2A7F6BA2F.d.76BEAC841B8D0BE0ABB3F384C6CFF6AE.e.9284","ELEMENT":"f.92142B0E1996143B500ED3F2A7F6BA2F.d.76BEAC841B8D0BE0ABB3F384C6CFF6AE.e.9284"}]}
COMMAND: GET /session/582ce5f850a124cd0c5f6fc14f02a0d2/screenshot - {}
COMMAND: POST /session/582ce5f850a124cd0c5f6fc14f02a0d2/execute/sync - {"script":"<script> [8489 bytes]","args":[{"element-6066-11e4-a52e-4f735466cecf":"f.92142B0E1996143B500ED3F2A7F6BA2F.d.76BEAC841B8D0BE0ABB3F384C6CFF6AE.e.9284","ELEMENT":"f.92142B0E1996143B500ED3F2A7F6BA2F.d.76BEAC841B8D0BE0ABB3F384C6CFF6AE.e.9284"}]}
RESULT: {}
RESULT: {"script":"<script> [8489 bytes]","args":[{"element-6066-11e4-a52e-4f735466cecf":"f.92142B0E1996143B500ED3F2A7F6BA2F.d.76BEAC841B8D0BE0ABB3F384C6CFF6AE.e.9284","ELEMENT":"f.92142B0E1996143B500ED3F2A7F6BA2F.d.76BEAC841B8D0BE0ABB3F384C6CFF6AE.e.9284"}]}
COMMAND: GET /session/582ce5f850a124cd0c5f6fc14f02a0d2/screenshot - {}
RESULT: {}
COMMAND: POST /session/582ce5f850a124cd0c5f6fc14f02a0d2/execute/sync - {"script":"<script> [8489 bytes]","args":[{"element-6066-11e4-a52e-4f735466cecf":"f.92142B0E1996143B500ED3F2A7F6BA2F.d.76BEAC841B8D0BE0ABB3F384C6CFF6AE.e.9284","ELEMENT":"f.92142B0E1996143B500ED3F2A7F6BA2F.d.76BEAC841B8D0BE0ABB3F384C6CFF6AE.e.9284"}]}
RESULT: {"script":"<script> [8489 bytes]","args":[{"element-6066-11e4-a52e-4f735466cecf":"f.92142B0E1996143B500ED3F2A7F6BA2F.d.76BEAC841B8D0BE0ABB3F384C6CFF6AE.e.9284","ELEMENT":"f.92142B0E1996143B500ED3F2A7F6BA2F.d.76BEAC841B8D0BE0ABB3F384C6CFF6AE.e.9284"}]}
COMMAND: GET /session/582ce5f850a124cd0c5f6fc14f02a0d2/screenshot - {}
RESULT: {}
COMMAND: POST /session/582ce5f850a124cd0c5f6fc14f02a0d2/execute/sync - {"script":"<script> [8489 bytes]","args":[{"element-6066-11e4-a52e-4f735466cecf":"f.92142B0E1996143B500ED3F2A7F6BA2F.d.76BEAC841B8D0BE0ABB3F384C6CFF6AE.e.9284","ELEMENT":"f.92142B0E1996143B500ED3F2A7F6BA2F.d.76BEAC841B8D0BE0ABB3F384C6CFF6AE.e.9284"}]}
RESULT: {"script":"<script> [8489 bytes]","args":[{"element-6066-11e4-a52e-4f735466cecf":"f.92142B0E1996143B500ED3F2A7F6BA2F.d.76BEAC841B8D0BE0ABB3F384C6CFF6AE.e.9284","ELEMENT":"f.92142B0E1996143B500ED3F2A7F6BA2F.d.76BEAC841B8D0BE0ABB3F384C6CFF6AE.e.9284"}]}
COMMAND: GET /session/582ce5f850a124cd0c5f6fc14f02a0d2/screenshot - {}
RESULT: {}
COMMAND: POST /session/582ce5f850a124cd0c5f6fc14f02a0d2/execute/sync - {"script":"<script> [8489 bytes]","args":[{"element-6066-11e4-a52e-4f735466cecf":"f.92142B0E1996143B500ED3F2A7F6BA2F.d.76BEAC841B8D0BE0ABB3F384C6CFF6AE.e.9284","ELEMENT":"f.92142B0E1996143B500ED3F2A7F6BA2F.d.76BEAC841B8D0BE0ABB3F384C6CFF6AE.e.9284"}]}
RESULT: {"script":"<script> [8489 bytes]","args":[{"element-6066-11e4-a52e-4f735466cecf":"f.92142B0E1996143B500ED3F2A7F6BA2F.d.76BEAC841B8D0BE0ABB3F384C6CFF6AE.e.9284","ELEMENT":"f.92142B0E1996143B500ED3F2A7F6BA2F.d.76BEAC841B8D0BE0ABB3F384C6CFF6AE.e.9284"}]}
COMMAND: GET /session/582ce5f850a124cd0c5f6fc14f02a0d2/screenshot - {}
RESULT: {}
COMMAND: POST /session/582ce5f850a124cd0c5f6fc14f02a0d2/execute/sync - {"script":"<script> [8489 bytes]","args":[{"element-6066-11e4-a52e-4f735466cecf":"f.92142B0E1996143B500ED3F2A7F6BA2F.d.76BEAC841B8D0BE0ABB3F384C6CFF6AE.e.9284","ELEMENT":"f.92142B0E1996143B500ED3F2A7F6BA2F.d.76BEAC841B8D0BE0ABB3F384C6CFF6AE.e.9284"}]}
RESULT: {"script":"<script> [8489 bytes]","args":[{"element-6066-11e4-a52e-4f735466cecf":"f.92142B0E1996143B500ED3F2A7F6BA2F.d.76BEAC841B8D0BE0ABB3F384C6CFF6AE.e.9284","ELEMENT":"f.92142B0E1996143B500ED3F2A7F6BA2F.d.76BEAC841B8D0BE0ABB3F384C6CFF6AE.e.9284"}]}
COMMAND: GET /session/582ce5f850a124cd0c5f6fc14f02a0d2/screenshot - {}
RESULT: {}
COMMAND: POST /session/582ce5f850a124cd0c5f6fc14f02a0d2/execute/sync - {"script":"<script> [8489 bytes]","args":[{"element-6066-11e4-a52e-4f735466cecf":"f.92142B0E1996143B500ED3F2A7F6BA2F.d.76BEAC841B8D0BE0ABB3F384C6CFF6AE.e.9284","ELEMENT":"f.92142B0E1996143B500ED3F2A7F6BA2F.d.76BEAC841B8D0BE0ABB3F384C6CFF6AE.e.9284"}]}
RESULT: {"script":"<script> [8489 bytes]","args":[{"element-6066-11e4-a52e-4f735466cecf":"f.92142B0E1996143B500ED3F2A7F6BA2F.d.76BEAC841B8D0BE0ABB3F384C6CFF6AE.e.9284","ELEMENT":"f.92142B0E1996143B500ED3F2A7F6BA2F.d.76BEAC841B8D0BE0ABB3F384C6CFF6AE.e.9284"}]}
COMMAND: GET /session/582ce5f850a124cd0c5f6fc14f02a0d2/screenshot - {}
RESULT: {}
COMMAND: POST /session/582ce5f850a124cd0c5f6fc14f02a0d2/execute/sync - {"script":"<script> [8489 bytes]","args":[{"element-6066-11e4-a52e-4f735466cecf":"f.92142B0E1996143B500ED3F2A7F6BA2F.d.76BEAC841B8D0BE0ABB3F384C6CFF6AE.e.9284","ELEMENT":"f.92142B0E1996143B500ED3F2A7F6BA2F.d.76BEAC841B8D0BE0ABB3F384C6CFF6AE.e.9284"}]}
RESULT: {"script":"<script> [8489 bytes]","args":[{"element-6066-11e4-a52e-4f735466cecf":"f.92142B0E1996143B500ED3F2A7F6BA2F.d.76BEAC841B8D0BE0ABB3F384C6CFF6AE.e.9284","ELEMENT":"f.92142B0E1996143B500ED3F2A7F6BA2F.d.76BEAC841B8D0BE0ABB3F384C6CFF6AE.e.9284"}]}
COMMAND: GET /session/582ce5f850a124cd0c5f6fc14f02a0d2/screenshot - {}
RESULT: {}
COMMAND: POST /session/582ce5f850a124cd0c5f6fc14f02a0d2/execute/sync - {"script":"<script> [8489 bytes]","args":[{"element-6066-11e4-a52e-4f735466cecf":"f.92142B0E1996143B500ED3F2A7F6BA2F.d.76BEAC841B8D0BE0ABB3F384C6CFF6AE.e.9284","ELEMENT":"f.92142B0E1996143B500ED3F2A7F6BA2F.d.76BEAC841B8D0BE0ABB3F384C6CFF6AE.e.9284"}]}
RESULT: {"script":"<script> [8489 bytes]","args":[{"element-6066-11e4-a52e-4f735466cecf":"f.92142B0E1996143B500ED3F2A7F6BA2F.d.76BEAC841B8D0BE0ABB3F384C6CFF6AE.e.9284","ELEMENT":"f.92142B0E1996143B500ED3F2A7F6BA2F.d.76BEAC841B8D0BE0ABB3F384C6CFF6AE.e.9284"}]}
COMMAND: GET /session/582ce5f850a124cd0c5f6fc14f02a0d2/screenshot - {}
RESULT: {}
COMMAND: POST /session/582ce5f850a124cd0c5f6fc14f02a0d2/execute/sync - {"script":"<script> [8489 bytes]","args":[{"element-6066-11e4-a52e-4f735466cecf":"f.92142B0E1996143B500ED3F2A7F6BA2F.d.76BEAC841B8D0BE0ABB3F384C6CFF6AE.e.9284","ELEMENT":"f.92142B0E1996143B500ED3F2A7F6BA2F.d.76BEAC841B8D0BE0ABB3F384C6CFF6AE.e.9284"}]}
RESULT: {"script":"<script> [8489 bytes]","args":[{"element-6066-11e4-a52e-4f735466cecf":"f.92142B0E1996143B500ED3F2A7F6BA2F.d.76BEAC841B8D0BE0ABB3F384C6CFF6AE.e.9284","ELEMENT":"f.92142B0E1996143B500ED3F2A7F6BA2F.d.76BEAC841B8D0BE0ABB3F384C6CFF6AE.e.9284"}]}
COMMAND: GET /session/582ce5f850a124cd0c5f6fc14f02a0d2/screenshot - {}
RESULT: {}
COMMAND: POST /session/582ce5f850a124cd0c5f6fc14f02a0d2/execute/sync - {"script":"<script> [8489 bytes]","args":[{"element-6066-11e4-a52e-4f735466cecf":"f.92142B0E1996143B500ED3F2A7F6BA2F.d.76BEAC841B8D0BE0ABB3F384C6CFF6AE.e.9284","ELEMENT":"f.92142B0E1996143B500ED3F2A7F6BA2F.d.76BEAC841B8D0BE0ABB3F384C6CFF6AE.e.9284"}]}
RESULT: {"script":"<script> [8489 bytes]","args":[{"element-6066-11e4-a52e-4f735466cecf":"f.92142B0E1996143B500ED3F2A7F6BA2F.d.76BEAC841B8D0BE0ABB3F384C6CFF6AE.e.9284","ELEMENT":"f.92142B0E1996143B500ED3F2A7F6BA2F.d.76BEAC841B8D0BE0ABB3F384C6CFF6AE.e.9284"}]}
COMMAND: GET /session/582ce5f850a124cd0c5f6fc14f02a0d2/screenshot - {}
RESULT: {}
COMMAND: POST /session/582ce5f850a124cd0c5f6fc14f02a0d2/execute/sync - {"script":"<script> [8489 bytes]","args":[{"element-6066-11e4-a52e-4f735466cecf":"f.92142B0E1996143B500ED3F2A7F6BA2F.d.76BEAC841B8D0BE0ABB3F384C6CFF6AE.e.9284","ELEMENT":"f.92142B0E1996143B500ED3F2A7F6BA2F.d.76BEAC841B8D0BE0ABB3F384C6CFF6AE.e.9284"}]}
RESULT: {"script":"<script> [8489 bytes]","args":[{"element-6066-11e4-a52e-4f735466cecf":"f.92142B0E1996143B500ED3F2A7F6BA2F.d.76BEAC841B8D0BE0ABB3F384C6CFF6AE.e.9284","ELEMENT":"f.92142B0E1996143B500ED3F2A7F6BA2F.d.76BEAC841B8D0BE0ABB3F384C6CFF6AE.e.9284"}]}
COMMAND: GET /session/582ce5f850a124cd0c5f6fc14f02a0d2/screenshot - {}
RESULT: {}
COMMAND: POST /session/582ce5f850a124cd0c5f6fc14f02a0d2/execute/sync - {"script":"<script> [8489 bytes]","args":[{"element-6066-11e4-a52e-4f735466cecf":"f.92142B0E1996143B500ED3F2A7F6BA2F.d.76BEAC841B8D0BE0ABB3F384C6CFF6AE.e.9284","ELEMENT":"f.92142B0E1996143B500ED3F2A7F6BA2F.d.76BEAC841B8D0BE0ABB3F384C6CFF6AE.e.9284"}]}
RESULT: {"script":"<script> [8489 bytes]","args":[{"element-6066-11e4-a52e-4f735466cecf":"f.92142B0E1996143B500ED3F2A7F6BA2F.d.76BEAC841B8D0BE0ABB3F384C6CFF6AE.e.9284","ELEMENT":"f.92142B0E1996143B500ED3F2A7F6BA2F.d.76BEAC841B8D0BE0ABB3F384C6CFF6AE.e.9284"}]}
COMMAND: GET /session/582ce5f850a124cd0c5f6fc14f02a0d2/screenshot - {}
RESULT: {}
COMMAND: POST /session/582ce5f850a124cd0c5f6fc14f02a0d2/execute/sync - {"script":"<script> [8489 bytes]","args":[{"element-6066-11e4-a52e-4f735466cecf":"f.92142B0E1996143B500ED3F2A7F6BA2F.d.76BEAC841B8D0BE0ABB3F384C6CFF6AE.e.9284","ELEMENT":"f.92142B0E1996143B500ED3F2A7F6BA2F.d.76BEAC841B8D0BE0ABB3F384C6CFF6AE.e.9284"}]}
RESULT: {"script":"<script> [8489 bytes]","args":[{"element-6066-11e4-a52e-4f735466cecf":"f.92142B0E1996143B500ED3F2A7F6BA2F.d.76BEAC841B8D0BE0ABB3F384C6CFF6AE.e.9284","ELEMENT":"f.92142B0E1996143B500ED3F2A7F6BA2F.d.76BEAC841B8D0BE0ABB3F384C6CFF6AE.e.9284"}]}
COMMAND: GET /session/582ce5f850a124cd0c5f6fc14f02a0d2/screenshot - {}
RESULT: {}
COMMAND: POST /session/582ce5f850a124cd0c5f6fc14f02a0d2/execute/sync - {"script":"<script> [8489 bytes]","args":[{"element-6066-11e4-a52e-4f735466cecf":"f.92142B0E1996143B500ED3F2A7F6BA2F.d.76BEAC841B8D0BE0ABB3F384C6CFF6AE.e.9284","ELEMENT":"f.92142B0E1996143B500ED3F2A7F6BA2F.d.76BEAC841B8D0BE0ABB3F384C6CFF6AE.e.9284"}]}
RESULT: {"script":"<script> [8489 bytes]","args":[{"element-6066-11e4-a52e-4f735466cecf":"f.92142B0E1996143B500ED3F2A7F6BA2F.d.76BEAC841B8D0BE0ABB3F384C6CFF6AE.e.9284","ELEMENT":"f.92142B0E1996143B500ED3F2A7F6BA2F.d.76BEAC841B8D0BE0ABB3F384C6CFF6AE.e.9284"}]}
COMMAND: GET /session/582ce5f850a124cd0c5f6fc14f02a0d2/screenshot - {}
RESULT: {}
COMMAND: POST /session/582ce5f850a124cd0c5f6fc14f02a0d2/execute/sync - {"script":"<script> [8489 bytes]","args":[{"element-6066-11e4-a52e-4f735466cecf":"f.92142B0E1996143B500ED3F2A7F6BA2F.d.76BEAC841B8D0BE0ABB3F384C6CFF6AE.e.9284","ELEMENT":"f.92142B0E1996143B500ED3F2A7F6BA2F.d.76BEAC841B8D0BE0ABB3F384C6CFF6AE.e.9284"}]}
RESULT: {"script":"<script> [8489 bytes]","args":[{"element-6066-11e4-a52e-4f735466cecf":"f.92142B0E1996143B500ED3F2A7F6BA2F.d.76BEAC841B8D0BE0ABB3F384C6CFF6AE.e.9284","ELEMENT":"f.92142B0E1996143B500ED3F2A7F6BA2F.d.76BEAC841B8D0BE0ABB3F384C6CFF6AE.e.9284"}]}
COMMAND: GET /session/582ce5f850a124cd0c5f6fc14f02a0d2/screenshot - {}
RESULT: {}
COMMAND: POST /session/582ce5f850a124cd0c5f6fc14f02a0d2/execute/sync - {"script":"<script> [8489 bytes]","args":[{"element-6066-11e4-a52e-4f735466cecf":"f.92142B0E1996143B500ED3F2A7F6BA2F.d.76BEAC841B8D0BE0ABB3F384C6CFF6AE.e.9284","ELEMENT":"f.92142B0E1996143B500ED3F2A7F6BA2F.d.76BEAC841B8D0BE0ABB3F384C6CFF6AE.e.9284"}]}
RESULT: {"script":"<script> [8489 bytes]","args":[{"element-6066-11e4-a52e-4f735466cecf":"f.92142B0E1996143B500ED3F2A7F6BA2F.d.76BEAC841B8D0BE0ABB3F384C6CFF6AE.e.9284","ELEMENT":"f.92142B0E1996143B500ED3F2A7F6BA2F.d.76BEAC841B8D0BE0ABB3F384C6CFF6AE.e.9284"}]}
COMMAND: GET /session/582ce5f850a124cd0c5f6fc14f02a0d2/screenshot - {}
COMMAND: POST /session/582ce5f850a124cd0c5f6fc14f02a0d2/execute/sync - {"script":"<script> [8489 bytes]","args":[{"element-6066-11e4-a52e-4f735466cecf":"f.92142B0E1996143B500ED3F2A7F6BA2F.d.76BEAC841B8D0BE0ABB3F384C6CFF6AE.e.9284","ELEMENT":"f.92142B0E1996143B500ED3F2A7F6BA2F.d.76BEAC841B8D0BE0ABB3F384C6CFF6AE.e.9284"}]}
RESULT: {}
RESULT: {"script":"<script> [8489 bytes]","args":[{"element-6066-11e4-a52e-4f735466cecf":"f.92142B0E1996143B500ED3F2A7F6BA2F.d.76BEAC841B8D0BE0ABB3F384C6CFF6AE.e.9284","ELEMENT":"f.92142B0E1996143B500ED3F2A7F6BA2F.d.76BEAC841B8D0BE0ABB3F384C6CFF6AE.e.9284"}]}
COMMAND: GET /session/582ce5f850a124cd0c5f6fc14f02a0d2/screenshot - {}
RESULT: {}
COMMAND: POST /session/582ce5f850a124cd0c5f6fc14f02a0d2/execute/sync - {"script":"<script> [8489 bytes]","args":[{"element-6066-11e4-a52e-4f735466cecf":"f.92142B0E1996143B500ED3F2A7F6BA2F.d.76BEAC841B8D0BE0ABB3F384C6CFF6AE.e.9284","ELEMENT":"f.92142B0E1996143B500ED3F2A7F6BA2F.d.76BEAC841B8D0BE0ABB3F384C6CFF6AE.e.9284"}]}
RESULT: {"script":"<script> [8489 bytes]","args":[{"element-6066-11e4-a52e-4f735466cecf":"f.92142B0E1996143B500ED3F2A7F6BA2F.d.76BEAC841B8D0BE0ABB3F384C6CFF6AE.e.9284","ELEMENT":"f.92142B0E1996143B500ED3F2A7F6BA2F.d.76BEAC841B8D0BE0ABB3F384C6CFF6AE.e.9284"}]}
COMMAND: GET /session/582ce5f850a124cd0c5f6fc14f02a0d2/screenshot - {}
RESULT: {}
COMMAND: POST /session/582ce5f850a124cd0c5f6fc14f02a0d2/execute/sync - {"script":"<script> [8489 bytes]","args":[{"element-6066-11e4-a52e-4f735466cecf":"f.92142B0E1996143B500ED3F2A7F6BA2F.d.76BEAC841B8D0BE0ABB3F384C6CFF6AE.e.9284","ELEMENT":"f.92142B0E1996143B500ED3F2A7F6BA2F.d.76BEAC841B8D0BE0ABB3F384C6CFF6AE.e.9284"}]}
RESULT: {"script":"<script> [8489 bytes]","args":[{"element-6066-11e4-a52e-4f735466cecf":"f.92142B0E1996143B500ED3F2A7F6BA2F.d.76BEAC841B8D0BE0ABB3F384C6CFF6AE.e.9284","ELEMENT":"f.92142B0E1996143B500ED3F2A7F6BA2F.d.76BEAC841B8D0BE0ABB3F384C6CFF6AE.e.9284"}]}
COMMAND: GET /session/582ce5f850a124cd0c5f6fc14f02a0d2/screenshot - {}
RESULT: {}
COMMAND: POST /session/582ce5f850a124cd0c5f6fc14f02a0d2/execute/sync - {"script":"<script> [8489 bytes]","args":[{"element-6066-11e4-a52e-4f735466cecf":"f.92142B0E1996143B500ED3F2A7F6BA2F.d.76BEAC841B8D0BE0ABB3F384C6CFF6AE.e.9284","ELEMENT":"f.92142B0E1996143B500ED3F2A7F6BA2F.d.76BEAC841B8D0BE0ABB3F384C6CFF6AE.e.9284"}]}
RESULT: {"script":"<script> [8489 bytes]","args":[{"element-6066-11e4-a52e-4f735466cecf":"f.92142B0E1996143B500ED3F2A7F6BA2F.d.76BEAC841B8D0BE0ABB3F384C6CFF6AE.e.9284","ELEMENT":"f.92142B0E1996143B500ED3F2A7F6BA2F.d.76BEAC841B8D0BE0ABB3F384C6CFF6AE.e.9284"}]}
COMMAND: GET /session/582ce5f850a124cd0c5f6fc14f02a0d2/screenshot - {}
RESULT: {}
COMMAND: POST /session/582ce5f850a124cd0c5f6fc14f02a0d2/execute/sync - {"script":"<script> [8489 bytes]","args":[{"element-6066-11e4-a52e-4f735466cecf":"f.92142B0E1996143B500ED3F2A7F6BA2F.d.76BEAC841B8D0BE0ABB3F384C6CFF6AE.e.9284","ELEMENT":"f.92142B0E1996143B500ED3F2A7F6BA2F.d.76BEAC841B8D0BE0ABB3F384C6CFF6AE.e.9284"}]}
RESULT: {"script":"<script> [8489 bytes]","args":[{"element-6066-11e4-a52e-4f735466cecf":"f.92142B0E1996143B500ED3F2A7F6BA2F.d.76BEAC841B8D0BE0ABB3F384C6CFF6AE.e.9284","ELEMENT":"f.92142B0E1996143B500ED3F2A7F6BA2F.d.76BEAC841B8D0BE0ABB3F384C6CFF6AE.e.9284"}]}
COMMAND: GET /session/582ce5f850a124cd0c5f6fc14f02a0d2/screenshot - {}
RESULT: {}
COMMAND: POST /session/582ce5f850a124cd0c5f6fc14f02a0d2/execute/sync - {"script":"<script> [8489 bytes]","args":[{"element-6066-11e4-a52e-4f735466cecf":"f.92142B0E1996143B500ED3F2A7F6BA2F.d.76BEAC841B8D0BE0ABB3F384C6CFF6AE.e.9284","ELEMENT":"f.92142B0E1996143B500ED3F2A7F6BA2F.d.76BEAC841B8D0BE0ABB3F384C6CFF6AE.e.9284"}]}
RESULT: {"script":"<script> [8489 bytes]","args":[{"element-6066-11e4-a52e-4f735466cecf":"f.92142B0E1996143B500ED3F2A7F6BA2F.d.76BEAC841B8D0BE0ABB3F384C6CFF6AE.e.9284","ELEMENT":"f.92142B0E1996143B500ED3F2A7F6BA2F.d.76BEAC841B8D0BE0ABB3F384C6CFF6AE.e.9284"}]}
COMMAND: GET /session/582ce5f850a124cd0c5f6fc14f02a0d2/screenshot - {}
RESULT: {}
COMMAND: POST /session/582ce5f850a124cd0c5f6fc14f02a0d2/execute/sync - {"script":"<script> [8489 bytes]","args":[{"element-6066-11e4-a52e-4f735466cecf":"f.92142B0E1996143B500ED3F2A7F6BA2F.d.76BEAC841B8D0BE0ABB3F384C6CFF6AE.e.9284","ELEMENT":"f.92142B0E1996143B500ED3F2A7F6BA2F.d.76BEAC841B8D0BE0ABB3F384C6CFF6AE.e.9284"}]}
RESULT: {"script":"<script> [8489 bytes]","args":[{"element-6066-11e4-a52e-4f735466cecf":"f.92142B0E1996143B500ED3F2A7F6BA2F.d.76BEAC841B8D0BE0ABB3F384C6CFF6AE.e.9284","ELEMENT":"f.92142B0E1996143B500ED3F2A7F6BA2F.d.76BEAC841B8D0BE0ABB3F384C6CFF6AE.e.9284"}]}
COMMAND: GET /session/582ce5f850a124cd0c5f6fc14f02a0d2/screenshot - {}
RESULT: {}
COMMAND: POST /session/582ce5f850a124cd0c5f6fc14f02a0d2/execute/sync - {"script":"<script> [8489 bytes]","args":[{"element-6066-11e4-a52e-4f735466cecf":"f.92142B0E1996143B500ED3F2A7F6BA2F.d.76BEAC841B8D0BE0ABB3F384C6CFF6AE.e.9284","ELEMENT":"f.92142B0E1996143B500ED3F2A7F6BA2F.d.76BEAC841B8D0BE0ABB3F384C6CFF6AE.e.9284"}]}
RESULT: {"script":"<script> [8489 bytes]","args":[{"element-6066-11e4-a52e-4f735466cecf":"f.92142B0E1996143B500ED3F2A7F6BA2F.d.76BEAC841B8D0BE0ABB3F384C6CFF6AE.e.9284","ELEMENT":"f.92142B0E1996143B500ED3F2A7F6BA2F.d.76BEAC841B8D0BE0ABB3F384C6CFF6AE.e.9284"}]}
COMMAND: GET /session/582ce5f850a124cd0c5f6fc14f02a0d2/screenshot - {}
RESULT: {}
COMMAND: POST /session/582ce5f850a124cd0c5f6fc14f02a0d2/execute/sync - {"script":"<script> [8489 bytes]","args":[{"element-6066-11e4-a52e-4f735466cecf":"f.92142B0E1996143B500ED3F2A7F6BA2F.d.76BEAC841B8D0BE0ABB3F384C6CFF6AE.e.9284","ELEMENT":"f.92142B0E1996143B500ED3F2A7F6BA2F.d.76BEAC841B8D0BE0ABB3F384C6CFF6AE.e.9284"}]}
RESULT: {"script":"<script> [8489 bytes]","args":[{"element-6066-11e4-a52e-4f735466cecf":"f.92142B0E1996143B500ED3F2A7F6BA2F.d.76BEAC841B8D0BE0ABB3F384C6CFF6AE.e.9284","ELEMENT":"f.92142B0E1996143B500ED3F2A7F6BA2F.d.76BEAC841B8D0BE0ABB3F384C6CFF6AE.e.9284"}]}
COMMAND: GET /session/582ce5f850a124cd0c5f6fc14f02a0d2/screenshot - {}
RESULT: {}
COMMAND: POST /session/582ce5f850a124cd0c5f6fc14f02a0d2/execute/sync - {"script":"<script> [8489 bytes]","args":[{"element-6066-11e4-a52e-4f735466cecf":"f.92142B0E1996143B500ED3F2A7F6BA2F.d.76BEAC841B8D0BE0ABB3F384C6CFF6AE.e.9284","ELEMENT":"f.92142B0E1996143B500ED3F2A7F6BA2F.d.76BEAC841B8D0BE0ABB3F384C6CFF6AE.e.9284"}]}
RESULT: {"script":"<script> [8489 bytes]","args":[{"element-6066-11e4-a52e-4f735466cecf":"f.92142B0E1996143B500ED3F2A7F6BA2F.d.76BEAC841B8D0BE0ABB3F384C6CFF6AE.e.9284","ELEMENT":"f.92142B0E1996143B500ED3F2A7F6BA2F.d.76BEAC841B8D0BE0ABB3F384C6CFF6AE.e.9284"}]}
COMMAND: GET /session/582ce5f850a124cd0c5f6fc14f02a0d2/screenshot - {}
RESULT: {}
COMMAND: POST /session/582ce5f850a124cd0c5f6fc14f02a0d2/execute/sync - {"script":"<script> [8489 bytes]","args":[{"element-6066-11e4-a52e-4f735466cecf":"f.92142B0E1996143B500ED3F2A7F6BA2F.d.76BEAC841B8D0BE0ABB3F384C6CFF6AE.e.9284","ELEMENT":"f.92142B0E1996143B500ED3F2A7F6BA2F.d.76BEAC841B8D0BE0ABB3F384C6CFF6AE.e.9284"}]}
RESULT: {"script":"<script> [8489 bytes]","args":[{"element-6066-11e4-a52e-4f735466cecf":"f.92142B0E1996143B500ED3F2A7F6BA2F.d.76BEAC841B8D0BE0ABB3F384C6CFF6AE.e.9284","ELEMENT":"f.92142B0E1996143B500ED3F2A7F6BA2F.d.76BEAC841B8D0BE0ABB3F384C6CFF6AE.e.9284"}]}
COMMAND: GET /session/582ce5f850a124cd0c5f6fc14f02a0d2/screenshot - {}
RESULT: {}
COMMAND: POST /session/582ce5f850a124cd0c5f6fc14f02a0d2/execute/sync - {"script":"<script> [8489 bytes]","args":[{"element-6066-11e4-a52e-4f735466cecf":"f.92142B0E1996143B500ED3F2A7F6BA2F.d.76BEAC841B8D0BE0ABB3F384C6CFF6AE.e.9284","ELEMENT":"f.92142B0E1996143B500ED3F2A7F6BA2F.d.76BEAC841B8D0BE0ABB3F384C6CFF6AE.e.9284"}]}
RESULT: {"script":"<script> [8489 bytes]","args":[{"element-6066-11e4-a52e-4f735466cecf":"f.92142B0E1996143B500ED3F2A7F6BA2F.d.76BEAC841B8D0BE0ABB3F384C6CFF6AE.e.9284","ELEMENT":"f.92142B0E1996143B500ED3F2A7F6BA2F.d.76BEAC841B8D0BE0ABB3F384C6CFF6AE.e.9284"}]}
COMMAND: GET /session/582ce5f850a124cd0c5f6fc14f02a0d2/screenshot - {}
RESULT: {}
COMMAND: POST /session/582ce5f850a124cd0c5f6fc14f02a0d2/execute/sync - {"script":"<script> [8489 bytes]","args":[{"element-6066-11e4-a52e-4f735466cecf":"f.92142B0E1996143B500ED3F2A7F6BA2F.d.76BEAC841B8D0BE0ABB3F384C6CFF6AE.e.9284","ELEMENT":"f.92142B0E1996143B500ED3F2A7F6BA2F.d.76BEAC841B8D0BE0ABB3F384C6CFF6AE.e.9284"}]}
RESULT: {"script":"<script> [8489 bytes]","args":[{"element-6066-11e4-a52e-4f735466cecf":"f.92142B0E1996143B500ED3F2A7F6BA2F.d.76BEAC841B8D0BE0ABB3F384C6CFF6AE.e.9284","ELEMENT":"f.92142B0E1996143B500ED3F2A7F6BA2F.d.76BEAC841B8D0BE0ABB3F384C6CFF6AE.e.9284"}]}
COMMAND: GET /session/582ce5f850a124cd0c5f6fc14f02a0d2/screenshot - {}
RESULT: {}
COMMAND: POST /session/582ce5f850a124cd0c5f6fc14f02a0d2/execute/sync - {"script":"<script> [8489 bytes]","args":[{"element-6066-11e4-a52e-4f735466cecf":"f.92142B0E1996143B500ED3F2A7F6BA2F.d.76BEAC841B8D0BE0ABB3F384C6CFF6AE.e.9284","ELEMENT":"f.92142B0E1996143B500ED3F2A7F6BA2F.d.76BEAC841B8D0BE0ABB3F384C6CFF6AE.e.9284"}]}
RESULT: {"script":"<script> [8489 bytes]","args":[{"element-6066-11e4-a52e-4f735466cecf":"f.92142B0E1996143B500ED3F2A7F6BA2F.d.76BEAC841B8D0BE0ABB3F384C6CFF6AE.e.9284","ELEMENT":"f.92142B0E1996143B500ED3F2A7F6BA2F.d.76BEAC841B8D0BE0ABB3F384C6CFF6AE.e.9284"}]}
COMMAND: GET /session/582ce5f850a124cd0c5f6fc14f02a0d2/screenshot - {}
RESULT: {}
COMMAND: POST /session/582ce5f850a124cd0c5f6fc14f02a0d2/execute/sync - {"script":"<script> [8489 bytes]","args":[{"element-6066-11e4-a52e-4f735466cecf":"f.92142B0E1996143B500ED3F2A7F6BA2F.d.76BEAC841B8D0BE0ABB3F384C6CFF6AE.e.9284","ELEMENT":"f.92142B0E1996143B500ED3F2A7F6BA2F.d.76BEAC841B8D0BE0ABB3F384C6CFF6AE.e.9284"}]}
RESULT: {"script":"<script> [8489 bytes]","args":[{"element-6066-11e4-a52e-4f735466cecf":"f.92142B0E1996143B500ED3F2A7F6BA2F.d.76BEAC841B8D0BE0ABB3F384C6CFF6AE.e.9284","ELEMENT":"f.92142B0E1996143B500ED3F2A7F6BA2F.d.76BEAC841B8D0BE0ABB3F384C6CFF6AE.e.9284"}]}
COMMAND: GET /session/582ce5f850a124cd0c5f6fc14f02a0d2/screenshot - {}
RESULT: {}
COMMAND: POST /session/582ce5f850a124cd0c5f6fc14f02a0d2/execute/sync - {"script":"<script> [8489 bytes]","args":[{"element-6066-11e4-a52e-4f735466cecf":"f.92142B0E1996143B500ED3F2A7F6BA2F.d.76BEAC841B8D0BE0ABB3F384C6CFF6AE.e.9284","ELEMENT":"f.92142B0E1996143B500ED3F2A7F6BA2F.d.76BEAC841B8D0BE0ABB3F384C6CFF6AE.e.9284"}]}
RESULT: {"script":"<script> [8489 bytes]","args":[{"element-6066-11e4-a52e-4f735466cecf":"f.92142B0E1996143B500ED3F2A7F6BA2F.d.76BEAC841B8D0BE0ABB3F384C6CFF6AE.e.9284","ELEMENT":"f.92142B0E1996143B500ED3F2A7F6BA2F.d.76BEAC841B8D0BE0ABB3F384C6CFF6AE.e.9284"}]}
COMMAND: GET /session/582ce5f850a124cd0c5f6fc14f02a0d2/screenshot - {}
RESULT: {}
COMMAND: POST /session/582ce5f850a124cd0c5f6fc14f02a0d2/execute/sync - {"script":"<script> [8489 bytes]","args":[{"element-6066-11e4-a52e-4f735466cecf":"f.92142B0E1996143B500ED3F2A7F6BA2F.d.76BEAC841B8D0BE0ABB3F384C6CFF6AE.e.9284","ELEMENT":"f.92142B0E1996143B500ED3F2A7F6BA2F.d.76BEAC841B8D0BE0ABB3F384C6CFF6AE.e.9284"}]}
RESULT: {"script":"<script> [8489 bytes]","args":[{"element-6066-11e4-a52e-4f735466cecf":"f.92142B0E1996143B500ED3F2A7F6BA2F.d.76BEAC841B8D0BE0ABB3F384C6CFF6AE.e.9284","ELEMENT":"f.92142B0E1996143B500ED3F2A7F6BA2F.d.76BEAC841B8D0BE0ABB3F384C6CFF6AE.e.9284"}]}
COMMAND: GET /session/582ce5f850a124cd0c5f6fc14f02a0d2/screenshot - {}
RESULT: {}
COMMAND: POST /session/582ce5f850a124cd0c5f6fc14f02a0d2/execute/sync - {"script":"<script> [8489 bytes]","args":[{"element-6066-11e4-a52e-4f735466cecf":"f.92142B0E1996143B500ED3F2A7F6BA2F.d.76BEAC841B8D0BE0ABB3F384C6CFF6AE.e.9284","ELEMENT":"f.92142B0E1996143B500ED3F2A7F6BA2F.d.76BEAC841B8D0BE0ABB3F384C6CFF6AE.e.9284"}]}
RESULT: {"script":"<script> [8489 bytes]","args":[{"element-6066-11e4-a52e-4f735466cecf":"f.92142B0E1996143B500ED3F2A7F6BA2F.d.76BEAC841B8D0BE0ABB3F384C6CFF6AE.e.9284","ELEMENT":"f.92142B0E1996143B500ED3F2A7F6BA2F.d.76BEAC841B8D0BE0ABB3F384C6CFF6AE.e.9284"}]}
COMMAND: GET /session/582ce5f850a124cd0c5f6fc14f02a0d2/screenshot - {}
RESULT: {}
COMMAND: POST /session/582ce5f850a124cd0c5f6fc14f02a0d2/execute/sync - {"script":"<script> [8489 bytes]","args":[{"element-6066-11e4-a52e-4f735466cecf":"f.92142B0E1996143B500ED3F2A7F6BA2F.d.76BEAC841B8D0BE0ABB3F384C6CFF6AE.e.9284","ELEMENT":"f.92142B0E1996143B500ED3F2A7F6BA2F.d.76BEAC841B8D0BE0ABB3F384C6CFF6AE.e.9284"}]}
RESULT: {"script":"<script> [8489 bytes]","args":[{"element-6066-11e4-a52e-4f735466cecf":"f.92142B0E1996143B500ED3F2A7F6BA2F.d.76BEAC841B8D0BE0ABB3F384C6CFF6AE.e.9284","ELEMENT":"f.92142B0E1996143B500ED3F2A7F6BA2F.d.76BEAC841B8D0BE0ABB3F384C6CFF6AE.e.9284"}]}
COMMAND: GET /session/582ce5f850a124cd0c5f6fc14f02a0d2/screenshot - {}
RESULT: {}
COMMAND: POST /session/582ce5f850a124cd0c5f6fc14f02a0d2/execute/sync - {"script":"<script> [8489 bytes]","args":[{"element-6066-11e4-a52e-4f735466cecf":"f.92142B0E1996143B500ED3F2A7F6BA2F.d.76BEAC841B8D0BE0ABB3F384C6CFF6AE.e.9284","ELEMENT":"f.92142B0E1996143B500ED3F2A7F6BA2F.d.76BEAC841B8D0BE0ABB3F384C6CFF6AE.e.9284"}]}
RESULT: {"script":"<script> [8489 bytes]","args":[{"element-6066-11e4-a52e-4f735466cecf":"f.92142B0E1996143B500ED3F2A7F6BA2F.d.76BEAC841B8D0BE0ABB3F384C6CFF6AE.e.9284","ELEMENT":"f.92142B0E1996143B500ED3F2A7F6BA2F.d.76BEAC841B8D0BE0ABB3F384C6CFF6AE.e.9284"}]}
COMMAND: GET /session/582ce5f850a124cd0c5f6fc14f02a0d2/screenshot - {}
RESULT: {}
COMMAND: POST /session/582ce5f850a124cd0c5f6fc14f02a0d2/execute/sync - {"script":"<script> [8489 bytes]","args":[{"element-6066-11e4-a52e-4f735466cecf":"f.92142B0E1996143B500ED3F2A7F6BA2F.d.76BEAC841B8D0BE0ABB3F384C6CFF6AE.e.9284","ELEMENT":"f.92142B0E1996143B500ED3F2A7F6BA2F.d.76BEAC841B8D0BE0ABB3F384C6CFF6AE.e.9284"}]}
RESULT: {"script":"<script> [8489 bytes]","args":[{"element-6066-11e4-a52e-4f735466cecf":"f.92142B0E1996143B500ED3F2A7F6BA2F.d.76BEAC841B8D0BE0ABB3F384C6CFF6AE.e.9284","ELEMENT":"f.92142B0E1996143B500ED3F2A7F6BA2F.d.76BEAC841B8D0BE0ABB3F384C6CFF6AE.e.9284"}]}
COMMAND: GET /session/582ce5f850a124cd0c5f6fc14f02a0d2/screenshot - {}
RESULT: {}
COMMAND: POST /session/582ce5f850a124cd0c5f6fc14f02a0d2/execute/sync - {"script":"<script> [8489 bytes]","args":[{"element-6066-11e4-a52e-4f735466cecf":"f.92142B0E1996143B500ED3F2A7F6BA2F.d.76BEAC841B8D0BE0ABB3F384C6CFF6AE.e.9284","ELEMENT":"f.92142B0E1996143B500ED3F2A7F6BA2F.d.76BEAC841B8D0BE0ABB3F384C6CFF6AE.e.9284"}]}
RESULT: {"script":"<script> [8489 bytes]","args":[{"element-6066-11e4-a52e-4f735466cecf":"f.92142B0E1996143B500ED3F2A7F6BA2F.d.76BEAC841B8D0BE0ABB3F384C6CFF6AE.e.9284","ELEMENT":"f.92142B0E1996143B500ED3F2A7F6BA2F.d.76BEAC841B8D0BE0ABB3F384C6CFF6AE.e.9284"}]}
COMMAND: GET /session/582ce5f850a124cd0c5f6fc14f02a0d2/screenshot - {}
RESULT: {}
COMMAND: POST /session/582ce5f850a124cd0c5f6fc14f02a0d2/execute/sync - {"script":"<script> [8489 bytes]","args":[{"element-6066-11e4-a52e-4f735466cecf":"f.92142B0E1996143B500ED3F2A7F6BA2F.d.76BEAC841B8D0BE0ABB3F384C6CFF6AE.e.9284","ELEMENT":"f.92142B0E1996143B500ED3F2A7F6BA2F.d.76BEAC841B8D0BE0ABB3F384C6CFF6AE.e.9284"}]}
RESULT: {"script":"<script> [8489 bytes]","args":[{"element-6066-11e4-a52e-4f735466cecf":"f.92142B0E1996143B500ED3F2A7F6BA2F.d.76BEAC841B8D0BE0ABB3F384C6CFF6AE.e.9284","ELEMENT":"f.92142B0E1996143B500ED3F2A7F6BA2F.d.76BEAC841B8D0BE0ABB3F384C6CFF6AE.e.9284"}]}
COMMAND: GET /session/582ce5f850a124cd0c5f6fc14f02a0d2/screenshot - {}
RESULT: {}
COMMAND: POST /session/582ce5f850a124cd0c5f6fc14f02a0d2/execute/sync - {"script":"<script> [8489 bytes]","args":[{"element-6066-11e4-a52e-4f735466cecf":"f.92142B0E1996143B500ED3F2A7F6BA2F.d.76BEAC841B8D0BE0ABB3F384C6CFF6AE.e.9284","ELEMENT":"f.92142B0E1996143B500ED3F2A7F6BA2F.d.76BEAC841B8D0BE0ABB3F384C6CFF6AE.e.9284"}]}
RESULT: {"script":"<script> [8489 bytes]","args":[{"element-6066-11e4-a52e-4f735466cecf":"f.92142B0E1996143B500ED3F2A7F6BA2F.d.76BEAC841B8D0BE0ABB3F384C6CFF6AE.e.9284","ELEMENT":"f.92142B0E1996143B500ED3F2A7F6BA2F.d.76BEAC841B8D0BE0ABB3F384C6CFF6AE.e.9284"}]}
COMMAND: GET /session/582ce5f850a124cd0c5f6fc14f02a0d2/screenshot - {}
RESULT: {}
COMMAND: POST /session/582ce5f850a124cd0c5f6fc14f02a0d2/execute/sync - {"script":"<script> [8489 bytes]","args":[{"element-6066-11e4-a52e-4f735466cecf":"f.92142B0E1996143B500ED3F2A7F6BA2F.d.76BEAC841B8D0BE0ABB3F384C6CFF6AE.e.9284","ELEMENT":"f.92142B0E1996143B500ED3F2A7F6BA2F.d.76BEAC841B8D0BE0ABB3F384C6CFF6AE.e.9284"}]}
RESULT: {"script":"<script> [8489 bytes]","args":[{"element-6066-11e4-a52e-4f735466cecf":"f.92142B0E1996143B500ED3F2A7F6BA2F.d.76BEAC841B8D0BE0ABB3F384C6CFF6AE.e.9284","ELEMENT":"f.92142B0E1996143B500ED3F2A7F6BA2F.d.76BEAC841B8D0BE0ABB3F384C6CFF6AE.e.9284"}]}
COMMAND: GET /session/582ce5f850a124cd0c5f6fc14f02a0d2/screenshot - {}
RESULT: {}
COMMAND: POST /session/582ce5f850a124cd0c5f6fc14f02a0d2/execute/sync - {"script":"<script> [8489 bytes]","args":[{"element-6066-11e4-a52e-4f735466cecf":"f.92142B0E1996143B500ED3F2A7F6BA2F.d.76BEAC841B8D0BE0ABB3F384C6CFF6AE.e.9284","ELEMENT":"f.92142B0E1996143B500ED3F2A7F6BA2F.d.76BEAC841B8D0BE0ABB3F384C6CFF6AE.e.9284"}]}
RESULT: {"script":"<script> [8489 bytes]","args":[{"element-6066-11e4-a52e-4f735466cecf":"f.92142B0E1996143B500ED3F2A7F6BA2F.d.76BEAC841B8D0BE0ABB3F384C6CFF6AE.e.9284","ELEMENT":"f.92142B0E1996143B500ED3F2A7F6BA2F.d.76BEAC841B8D0BE0ABB3F384C6CFF6AE.e.9284"}]}
COMMAND: GET /session/582ce5f850a124cd0c5f6fc14f02a0d2/screenshot - {}
RESULT: {}
COMMAND: POST /session/582ce5f850a124cd0c5f6fc14f02a0d2/execute/sync - {"script":"<script> [8489 bytes]","args":[{"element-6066-11e4-a52e-4f735466cecf":"f.92142B0E1996143B500ED3F2A7F6BA2F.d.76BEAC841B8D0BE0ABB3F384C6CFF6AE.e.9284","ELEMENT":"f.92142B0E1996143B500ED3F2A7F6BA2F.d.76BEAC841B8D0BE0ABB3F384C6CFF6AE.e.9284"}]}
RESULT: {"script":"<script> [8489 bytes]","args":[{"element-6066-11e4-a52e-4f735466cecf":"f.92142B0E1996143B500ED3F2A7F6BA2F.d.76BEAC841B8D0BE0ABB3F384C6CFF6AE.e.9284","ELEMENT":"f.92142B0E1996143B500ED3F2A7F6BA2F.d.76BEAC841B8D0BE0ABB3F384C6CFF6AE.e.9284"}]}
COMMAND: GET /session/582ce5f850a124cd0c5f6fc14f02a0d2/screenshot - {}
RESULT: {}
COMMAND: POST /session/582ce5f850a124cd0c5f6fc14f02a0d2/execute/sync - {"script":"<script> [8489 bytes]","args":[{"element-6066-11e4-a52e-4f735466cecf":"f.92142B0E1996143B500ED3F2A7F6BA2F.d.76BEAC841B8D0BE0ABB3F384C6CFF6AE.e.9284","ELEMENT":"f.92142B0E1996143B500ED3F2A7F6BA2F.d.76BEAC841B8D0BE0ABB3F384C6CFF6AE.e.9284"}]}
RESULT: {"script":"<script> [8489 bytes]","args":[{"element-6066-11e4-a52e-4f735466cecf":"f.92142B0E1996143B500ED3F2A7F6BA2F.d.76BEAC841B8D0BE0ABB3F384C6CFF6AE.e.9284","ELEMENT":"f.92142B0E1996143B500ED3F2A7F6BA2F.d.76BEAC841B8D0BE0ABB3F384C6CFF6AE.e.9284"}]}
COMMAND: GET /session/582ce5f850a124cd0c5f6fc14f02a0d2/screenshot - {}
RESULT: {}
COMMAND: POST /session/582ce5f850a124cd0c5f6fc14f02a0d2/execute/sync - {"script":"<script> [8489 bytes]","args":[{"element-6066-11e4-a52e-4f735466cecf":"f.92142B0E1996143B500ED3F2A7F6BA2F.d.76BEAC841B8D0BE0ABB3F384C6CFF6AE.e.9284","ELEMENT":"f.92142B0E1996143B500ED3F2A7F6BA2F.d.76BEAC841B8D0BE0ABB3F384C6CFF6AE.e.9284"}]}
RESULT: {"script":"<script> [8489 bytes]","args":[{"element-6066-11e4-a52e-4f735466cecf":"f.92142B0E1996143B500ED3F2A7F6BA2F.d.76BEAC841B8D0BE0ABB3F384C6CFF6AE.e.9284","ELEMENT":"f.92142B0E1996143B500ED3F2A7F6BA2F.d.76BEAC841B8D0BE0ABB3F384C6CFF6AE.e.9284"}]}
COMMAND: GET /session/582ce5f850a124cd0c5f6fc14f02a0d2/screenshot - {}
RESULT: {}
COMMAND: POST /session/582ce5f850a124cd0c5f6fc14f02a0d2/execute/sync - {"script":"<script> [8489 bytes]","args":[{"element-6066-11e4-a52e-4f735466cecf":"f.92142B0E1996143B500ED3F2A7F6BA2F.d.76BEAC841B8D0BE0ABB3F384C6CFF6AE.e.9284","ELEMENT":"f.92142B0E1996143B500ED3F2A7F6BA2F.d.76BEAC841B8D0BE0ABB3F384C6CFF6AE.e.9284"}]}
RESULT: {"script":"<script> [8489 bytes]","args":[{"element-6066-11e4-a52e-4f735466cecf":"f.92142B0E1996143B500ED3F2A7F6BA2F.d.76BEAC841B8D0BE0ABB3F384C6CFF6AE.e.9284","ELEMENT":"f.92142B0E1996143B500ED3F2A7F6BA2F.d.76BEAC841B8D0BE0ABB3F384C6CFF6AE.e.9284"}]}
COMMAND: GET /session/582ce5f850a124cd0c5f6fc14f02a0d2/screenshot - {}
RESULT: {}
COMMAND: POST /session/582ce5f850a124cd0c5f6fc14f02a0d2/execute/sync - {"script":"<script> [8489 bytes]","args":[{"element-6066-11e4-a52e-4f735466cecf":"f.92142B0E1996143B500ED3F2A7F6BA2F.d.76BEAC841B8D0BE0ABB3F384C6CFF6AE.e.9284","ELEMENT":"f.92142B0E1996143B500ED3F2A7F6BA2F.d.76BEAC841B8D0BE0ABB3F384C6CFF6AE.e.9284"}]}
RESULT: {"script":"<script> [8489 bytes]","args":[{"element-6066-11e4-a52e-4f735466cecf":"f.92142B0E1996143B500ED3F2A7F6BA2F.d.76BEAC841B8D0BE0ABB3F384C6CFF6AE.e.9284","ELEMENT":"f.92142B0E1996143B500ED3F2A7F6BA2F.d.76BEAC841B8D0BE0ABB3F384C6CFF6AE.e.9284"}]}
COMMAND: GET /session/582ce5f850a124cd0c5f6fc14f02a0d2/screenshot - {}
RESULT: {}
COMMAND: POST /session/582ce5f850a124cd0c5f6fc14f02a0d2/execute/sync - {"script":"<script> [8489 bytes]","args":[{"element-6066-11e4-a52e-4f735466cecf":"f.92142B0E1996143B500ED3F2A7F6BA2F.d.76BEAC841B8D0BE0ABB3F384C6CFF6AE.e.9284","ELEMENT":"f.92142B0E1996143B500ED3F2A7F6BA2F.d.76BEAC841B8D0BE0ABB3F384C6CFF6AE.e.9284"}]}
RESULT: {"script":"<script> [8489 bytes]","args":[{"element-6066-11e4-a52e-4f735466cecf":"f.92142B0E1996143B500ED3F2A7F6BA2F.d.76BEAC841B8D0BE0ABB3F384C6CFF6AE.e.9284","ELEMENT":"f.92142B0E1996143B500ED3F2A7F6BA2F.d.76BEAC841B8D0BE0ABB3F384C6CFF6AE.e.9284"}]}
COMMAND: GET /session/582ce5f850a124cd0c5f6fc14f02a0d2/screenshot - {}
RESULT: {}
COMMAND: POST /session/582ce5f850a124cd0c5f6fc14f02a0d2/execute/sync - {"script":"<script> [8489 bytes]","args":[{"element-6066-11e4-a52e-4f735466cecf":"f.92142B0E1996143B500ED3F2A7F6BA2F.d.76BEAC841B8D0BE0ABB3F384C6CFF6AE.e.9284","ELEMENT":"f.92142B0E1996143B500ED3F2A7F6BA2F.d.76BEAC841B8D0BE0ABB3F384C6CFF6AE.e.9284"}]}
RESULT: {"script":"<script> [8489 bytes]","args":[{"element-6066-11e4-a52e-4f735466cecf":"f.92142B0E1996143B500ED3F2A7F6BA2F.d.76BEAC841B8D0BE0ABB3F384C6CFF6AE.e.9284","ELEMENT":"f.92142B0E1996143B500ED3F2A7F6BA2F.d.76BEAC841B8D0BE0ABB3F384C6CFF6AE.e.9284"}]}
COMMAND: GET /session/582ce5f850a124cd0c5f6fc14f02a0d2/screenshot - {}
RESULT: {}
COMMAND: POST /session/582ce5f850a124cd0c5f6fc14f02a0d2/execute/sync - {"script":"<script> [8489 bytes]","args":[{"element-6066-11e4-a52e-4f735466cecf":"f.92142B0E1996143B500ED3F2A7F6BA2F.d.76BEAC841B8D0BE0ABB3F384C6CFF6AE.e.9284","ELEMENT":"f.92142B0E1996143B500ED3F2A7F6BA2F.d.76BEAC841B8D0BE0ABB3F384C6CFF6AE.e.9284"}]}
RESULT: {"script":"<script> [8489 bytes]","args":[{"element-6066-11e4-a52e-4f735466cecf":"f.92142B0E1996143B500ED3F2A7F6BA2F.d.76BEAC841B8D0BE0ABB3F384C6CFF6AE.e.9284","ELEMENT":"f.92142B0E1996143B500ED3F2A7F6BA2F.d.76BEAC841B8D0BE0ABB3F384C6CFF6AE.e.9284"}]}
COMMAND: GET /session/582ce5f850a124cd0c5f6fc14f02a0d2/screenshot - {}
RESULT: {}
COMMAND: POST /session/582ce5f850a124cd0c5f6fc14f02a0d2/execute/sync - {"script":"<script> [8489 bytes]","args":[{"element-6066-11e4-a52e-4f735466cecf":"f.92142B0E1996143B500ED3F2A7F6BA2F.d.76BEAC841B8D0BE0ABB3F384C6CFF6AE.e.9284","ELEMENT":"f.92142B0E1996143B500ED3F2A7F6BA2F.d.76BEAC841B8D0BE0ABB3F384C6CFF6AE.e.9284"}]}
RESULT: {"script":"<script> [8489 bytes]","args":[{"element-6066-11e4-a52e-4f735466cecf":"f.92142B0E1996143B500ED3F2A7F6BA2F.d.76BEAC841B8D0BE0ABB3F384C6CFF6AE.e.9284","ELEMENT":"f.92142B0E1996143B500ED3F2A7F6BA2F.d.76BEAC841B8D0BE0ABB3F384C6CFF6AE.e.9284"}]}
COMMAND: GET /session/582ce5f850a124cd0c5f6fc14f02a0d2/screenshot - {}
RESULT: {}
COMMAND: POST /session/582ce5f850a124cd0c5f6fc14f02a0d2/execute/sync - {"script":"<script> [8489 bytes]","args":[{"element-6066-11e4-a52e-4f735466cecf":"f.92142B0E1996143B500ED3F2A7F6BA2F.d.76BEAC841B8D0BE0ABB3F384C6CFF6AE.e.9284","ELEMENT":"f.92142B0E1996143B500ED3F2A7F6BA2F.d.76BEAC841B8D0BE0ABB3F384C6CFF6AE.e.9284"}]}
RESULT: {"script":"<script> [8489 bytes]","args":[{"element-6066-11e4-a52e-4f735466cecf":"f.92142B0E1996143B500ED3F2A7F6BA2F.d.76BEAC841B8D0BE0ABB3F384C6CFF6AE.e.9284","ELEMENT":"f.92142B0E1996143B500ED3F2A7F6BA2F.d.76BEAC841B8D0BE0ABB3F384C6CFF6AE.e.9284"}]}
COMMAND: GET /session/582ce5f850a124cd0c5f6fc14f02a0d2/screenshot - {}
RESULT: {}
COMMAND: POST /session/582ce5f850a124cd0c5f6fc14f02a0d2/execute/sync - {"script":"<script> [8489 bytes]","args":[{"element-6066-11e4-a52e-4f735466cecf":"f.92142B0E1996143B500ED3F2A7F6BA2F.d.76BEAC841B8D0BE0ABB3F384C6CFF6AE.e.9284","ELEMENT":"f.92142B0E1996143B500ED3F2A7F6BA2F.d.76BEAC841B8D0BE0ABB3F384C6CFF6AE.e.9284"}]}
RESULT: {"script":"<script> [8489 bytes]","args":[{"element-6066-11e4-a52e-4f735466cecf":"f.92142B0E1996143B500ED3F2A7F6BA2F.d.76BEAC841B8D0BE0ABB3F384C6CFF6AE.e.9284","ELEMENT":"f.92142B0E1996143B500ED3F2A7F6BA2F.d.76BEAC841B8D0BE0ABB3F384C6CFF6AE.e.9284"}]}
COMMAND: GET /session/582ce5f850a124cd0c5f6fc14f02a0d2/screenshot - {}
COMMAND: POST /session/582ce5f850a124cd0c5f6fc14f02a0d2/execute/sync - {"script":"<script> [8489 bytes]","args":[{"element-6066-11e4-a52e-4f735466cecf":"f.92142B0E1996143B500ED3F2A7F6BA2F.d.76BEAC841B8D0BE0ABB3F384C6CFF6AE.e.9284","ELEMENT":"f.92142B0E1996143B500ED3F2A7F6BA2F.d.76BEAC841B8D0BE0ABB3F384C6CFF6AE.e.9284"}]}
RESULT: {}
RESULT: {"script":"<script> [8489 bytes]","args":[{"element-6066-11e4-a52e-4f735466cecf":"f.92142B0E1996143B500ED3F2A7F6BA2F.d.76BEAC841B8D0BE0ABB3F384C6CFF6AE.e.9284","ELEMENT":"f.92142B0E1996143B500ED3F2A7F6BA2F.d.76BEAC841B8D0BE0ABB3F384C6CFF6AE.e.9284"}]}
COMMAND: GET /session/582ce5f850a124cd0c5f6fc14f02a0d2/screenshot - {}
RESULT: {}
COMMAND: POST /session/582ce5f850a124cd0c5f6fc14f02a0d2/execute/sync - {"script":"<script> [8489 bytes]","args":[{"element-6066-11e4-a52e-4f735466cecf":"f.92142B0E1996143B500ED3F2A7F6BA2F.d.76BEAC841B8D0BE0ABB3F384C6CFF6AE.e.9284","ELEMENT":"f.92142B0E1996143B500ED3F2A7F6BA2F.d.76BEAC841B8D0BE0ABB3F384C6CFF6AE.e.9284"}]}
RESULT: {"script":"<script> [8489 bytes]","args":[{"element-6066-11e4-a52e-4f735466cecf":"f.92142B0E1996143B500ED3F2A7F6BA2F.d.76BEAC841B8D0BE0ABB3F384C6CFF6AE.e.9284","ELEMENT":"f.92142B0E1996143B500ED3F2A7F6BA2F.d.76BEAC841B8D0BE0ABB3F384C6CFF6AE.e.9284"}]}
COMMAND: GET /session/582ce5f850a124cd0c5f6fc14f02a0d2/screenshot - {}
RESULT: {}
COMMAND: POST /session/582ce5f850a124cd0c5f6fc14f02a0d2/execute/sync - {"script":"<script> [8489 bytes]","args":[{"element-6066-11e4-a52e-4f735466cecf":"f.92142B0E1996143B500ED3F2A7F6BA2F.d.76BEAC841B8D0BE0ABB3F384C6CFF6AE.e.9284","ELEMENT":"f.92142B0E1996143B500ED3F2A7F6BA2F.d.76BEAC841B8D0BE0ABB3F384C6CFF6AE.e.9284"}]}
RESULT: {"script":"<script> [8489 bytes]","args":[{"element-6066-11e4-a52e-4f735466cecf":"f.92142B0E1996143B500ED3F2A7F6BA2F.d.76BEAC841B8D0BE0ABB3F384C6CFF6AE.e.9284","ELEMENT":"f.92142B0E1996143B500ED3F2A7F6BA2F.d.76BEAC841B8D0BE0ABB3F384C6CFF6AE.e.9284"}]}
COMMAND: GET /session/582ce5f850a124cd0c5f6fc14f02a0d2/screenshot - {}
RESULT: {}
COMMAND: POST /session/582ce5f850a124cd0c5f6fc14f02a0d2/execute/sync - {"script":"<script> [8489 bytes]","args":[{"element-6066-11e4-a52e-4f735466cecf":"f.92142B0E1996143B500ED3F2A7F6BA2F.d.76BEAC841B8D0BE0ABB3F384C6CFF6AE.e.9284","ELEMENT":"f.92142B0E1996143B500ED3F2A7F6BA2F.d.76BEAC841B8D0BE0ABB3F384C6CFF6AE.e.9284"}]}
RESULT: {"script":"<script> [8489 bytes]","args":[{"element-6066-11e4-a52e-4f735466cecf":"f.92142B0E1996143B500ED3F2A7F6BA2F.d.76BEAC841B8D0BE0ABB3F384C6CFF6AE.e.9284","ELEMENT":"f.92142B0E1996143B500ED3F2A7F6BA2F.d.76BEAC841B8D0BE0ABB3F384C6CFF6AE.e.9284"}]}
COMMAND: GET /session/582ce5f850a124cd0c5f6fc14f02a0d2/screenshot - {}
RESULT: {}
COMMAND: POST /session/582ce5f850a124cd0c5f6fc14f02a0d2/execute/sync - {"script":"<script> [8489 bytes]","args":[{"element-6066-11e4-a52e-4f735466cecf":"f.92142B0E1996143B500ED3F2A7F6BA2F.d.76BEAC841B8D0BE0ABB3F384C6CFF6AE.e.9284","ELEMENT":"f.92142B0E1996143B500ED3F2A7F6BA2F.d.76BEAC841B8D0BE0ABB3F384C6CFF6AE.e.9284"}]}
RESULT: {"script":"<script> [8489 bytes]","args":[{"element-6066-11e4-a52e-4f735466cecf":"f.92142B0E1996143B500ED3F2A7F6BA2F.d.76BEAC841B8D0BE0ABB3F384C6CFF6AE.e.9284","ELEMENT":"f.92142B0E1996143B500ED3F2A7F6BA2F.d.76BEAC841B8D0BE0ABB3F384C6CFF6AE.e.9284"}]}
COMMAND: GET /session/582ce5f850a124cd0c5f6fc14f02a0d2/screenshot - {}
RESULT: {}
COMMAND: POST /session/582ce5f850a124cd0c5f6fc14f02a0d2/execute/sync - {"script":"<script> [8489 bytes]","args":[{"element-6066-11e4-a52e-4f735466cecf":"f.92142B0E1996143B500ED3F2A7F6BA2F.d.76BEAC841B8D0BE0ABB3F384C6CFF6AE.e.9284","ELEMENT":"f.92142B0E1996143B500ED3F2A7F6BA2F.d.76BEAC841B8D0BE0ABB3F384C6CFF6AE.e.9284"}]}
RESULT: {"script":"<script> [8489 bytes]","args":[{"element-6066-11e4-a52e-4f735466cecf":"f.92142B0E1996143B500ED3F2A7F6BA2F.d.76BEAC841B8D0BE0ABB3F384C6CFF6AE.e.9284","ELEMENT":"f.92142B0E1996143B500ED3F2A7F6BA2F.d.76BEAC841B8D0BE0ABB3F384C6CFF6AE.e.9284"}]}
COMMAND: GET /session/582ce5f850a124cd0c5f6fc14f02a0d2/screenshot - {}
RESULT: {}
COMMAND: POST /session/582ce5f850a124cd0c5f6fc14f02a0d2/execute/sync - {"script":"<script> [8489 bytes]","args":[{"element-6066-11e4-a52e-4f735466cecf":"f.92142B0E1996143B500ED3F2A7F6BA2F.d.76BEAC841B8D0BE0ABB3F384C6CFF6AE.e.9284","ELEMENT":"f.92142B0E1996143B500ED3F2A7F6BA2F.d.76BEAC841B8D0BE0ABB3F384C6CFF6AE.e.9284"}]}
RESULT: {"script":"<script> [8489 bytes]","args":[{"element-6066-11e4-a52e-4f735466cecf":"f.92142B0E1996143B500ED3F2A7F6BA2F.d.76BEAC841B8D0BE0ABB3F384C6CFF6AE.e.9284","ELEMENT":"f.92142B0E1996143B500ED3F2A7F6BA2F.d.76BEAC841B8D0BE0ABB3F384C6CFF6AE.e.9284"}]}
COMMAND: GET /session/582ce5f850a124cd0c5f6fc14f02a0d2/screenshot - {}
RESULT: {}
COMMAND: POST /session/582ce5f850a124cd0c5f6fc14f02a0d2/execute/sync - {"script":"<script> [8489 bytes]","args":[{"element-6066-11e4-a52e-4f735466cecf":"f.92142B0E1996143B500ED3F2A7F6BA2F.d.76BEAC841B8D0BE0ABB3F384C6CFF6AE.e.9284","ELEMENT":"f.92142B0E1996143B500ED3F2A7F6BA2F.d.76BEAC841B8D0BE0ABB3F384C6CFF6AE.e.9284"}]}
RESULT: {"script":"<script> [8489 bytes]","args":[{"element-6066-11e4-a52e-4f735466cecf":"f.92142B0E1996143B500ED3F2A7F6BA2F.d.76BEAC841B8D0BE0ABB3F384C6CFF6AE.e.9284","ELEMENT":"f.92142B0E1996143B500ED3F2A7F6BA2F.d.76BEAC841B8D0BE0ABB3F384C6CFF6AE.e.9284"}]}
COMMAND: GET /session/582ce5f850a124cd0c5f6fc14f02a0d2/screenshot - {}
RESULT: {}
COMMAND: POST /session/582ce5f850a124cd0c5f6fc14f02a0d2/execute/sync - {"script":"<script> [8489 bytes]","args":[{"element-6066-11e4-a52e-4f735466cecf":"f.92142B0E1996143B500ED3F2A7F6BA2F.d.76BEAC841B8D0BE0ABB3F384C6CFF6AE.e.9284","ELEMENT":"f.92142B0E1996143B500ED3F2A7F6BA2F.d.76BEAC841B8D0BE0ABB3F384C6CFF6AE.e.9284"}]}
RESULT: {"script":"<script> [8489 bytes]","args":[{"element-6066-11e4-a52e-4f735466cecf":"f.92142B0E1996143B500ED3F2A7F6BA2F.d.76BEAC841B8D0BE0ABB3F384C6CFF6AE.e.9284","ELEMENT":"f.92142B0E1996143B500ED3F2A7F6BA2F.d.76BEAC841B8D0BE0ABB3F384C6CFF6AE.e.9284"}]}
COMMAND: GET /session/582ce5f850a124cd0c5f6fc14f02a0d2/screenshot - {}
RESULT: {}
COMMAND: POST /session/582ce5f850a124cd0c5f6fc14f02a0d2/execute/sync - {"script":"<script> [8489 bytes]","args":[{"element-6066-11e4-a52e-4f735466cecf":"f.92142B0E1996143B500ED3F2A7F6BA2F.d.76BEAC841B8D0BE0ABB3F384C6CFF6AE.e.9284","ELEMENT":"f.92142B0E1996143B500ED3F2A7F6BA2F.d.76BEAC841B8D0BE0ABB3F384C6CFF6AE.e.9284"}]}
RESULT: {"script":"<script> [8489 bytes]","args":[{"element-6066-11e4-a52e-4f735466cecf":"f.92142B0E1996143B500ED3F2A7F6BA2F.d.76BEAC841B8D0BE0ABB3F384C6CFF6AE.e.9284","ELEMENT":"f.92142B0E1996143B500ED3F2A7F6BA2F.d.76BEAC841B8D0BE0ABB3F384C6CFF6AE.e.9284"}]}
COMMAND: GET /session/582ce5f850a124cd0c5f6fc14f02a0d2/screenshot - {}
RESULT: {}
COMMAND: POST /session/582ce5f850a124cd0c5f6fc14f02a0d2/execute/sync - {"script":"<script> [8489 bytes]","args":[{"element-6066-11e4-a52e-4f735466cecf":"f.92142B0E1996143B500ED3F2A7F6BA2F.d.76BEAC841B8D0BE0ABB3F384C6CFF6AE.e.9284","ELEMENT":"f.92142B0E1996143B500ED3F2A7F6BA2F.d.76BEAC841B8D0BE0ABB3F384C6CFF6AE.e.9284"}]}
RESULT: {"script":"<script> [8489 bytes]","args":[{"element-6066-11e4-a52e-4f735466cecf":"f.92142B0E1996143B500ED3F2A7F6BA2F.d.76BEAC841B8D0BE0ABB3F384C6CFF6AE.e.9284","ELEMENT":"f.92142B0E1996143B500ED3F2A7F6BA2F.d.76BEAC841B8D0BE0ABB3F384C6CFF6AE.e.9284"}]}
COMMAND: GET /session/582ce5f850a124cd0c5f6fc14f02a0d2/screenshot - {}
RESULT: {}
COMMAND: POST /session/582ce5f850a124cd0c5f6fc14f02a0d2/execute/sync - {"script":"<script> [8489 bytes]","args":[{"element-6066-11e4-a52e-4f735466cecf":"f.92142B0E1996143B500ED3F2A7F6BA2F.d.76BEAC841B8D0BE0ABB3F384C6CFF6AE.e.9284","ELEMENT":"f.92142B0E1996143B500ED3F2A7F6BA2F.d.76BEAC841B8D0BE0ABB3F384C6CFF6AE.e.9284"}]}
RESULT: {"script":"<script> [8489 bytes]","args":[{"element-6066-11e4-a52e-4f735466cecf":"f.92142B0E1996143B500ED3F2A7F6BA2F.d.76BEAC841B8D0BE0ABB3F384C6CFF6AE.e.9284","ELEMENT":"f.92142B0E1996143B500ED3F2A7F6BA2F.d.76BEAC841B8D0BE0ABB3F384C6CFF6AE.e.9284"}]}
COMMAND: POST /session/582ce5f850a124cd0c5f6fc14f02a0d2/execute/async - {"script":"<script> [1562 bytes]","args":[{"selector":{"controlType":"sap.m.ToggleButton","viewName":"etm.portal.ui.warehousemovements.view.ExecuteMovement","viewId":"application-warehousemovements-display-component---executeMovement","bindingPath":{"propertyPath":"STATUS","modelName":"catalogModel"},"interaction":{"idSuffix":"BDI-content"}},"wdio_ui5_key":"etmportal.ui.warehousemovements.view.ExecuteMovementsap.m.ToggleButton{\"propertyPath\":\"STATUS\",\"modelName\":\"catalogModel\"}"}]}
COMMAND: GET /session/582ce5f850a124cd0c5f6fc14f02a0d2/screenshot - {}
RESULT: {"script":"<script> [1562 bytes]","args":[{"selector":{"controlType":"sap.m.ToggleButton","viewName":"etm.portal.ui.warehousemovements.view.ExecuteMovement","viewId":"application-warehousemovements-display-component---executeMovement","bindingPath":{"propertyPath":"STATUS","modelName":"catalogModel"},"interaction":{"idSuffix":"BDI-content"}},"wdio_ui5_key":"etmportal.ui.warehousemovements.view.ExecuteMovementsap.m.ToggleButton{\"propertyPath\":\"STATUS\",\"modelName\":\"catalogModel\"}"}]}
RESULT: undefined
COMMAND: POST /session/582ce5f850a124cd0c5f6fc14f02a0d2/element - {"using":"xpath","value":"//*[@id=\"__button427-__clone8123\"]"}
RESULT: {}
RESULT: {"using":"xpath","value":"//*[@id=\"__button427-__clone8123\"]"}
COMMAND: POST /session/582ce5f850a124cd0c5f6fc14f02a0d2/element/f.92142B0E1996143B500ED3F2A7F6BA2F.d.76BEAC841B8D0BE0ABB3F384C6CFF6AE.e.9258/click - {}
RESULT: {}
RESULT: undefined
COMMAND: POST /session/582ce5f850a124cd0c5f6fc14f02a0d2/element - {"using":"xpath","value":"//*[@id=\"__button427-__clone8123\"]"}
COMMAND: GET /session/582ce5f850a124cd0c5f6fc14f02a0d2/screenshot - {}
RESULT: {"using":"xpath","value":"//*[@id=\"__button427-__clone8123\"]"}
COMMAND: POST /session/582ce5f850a124cd0c5f6fc14f02a0d2/element/f.92142B0E1996143B500ED3F2A7F6BA2F.d.76BEAC841B8D0BE0ABB3F384C6CFF6AE.e.9258/click - {}
RESULT: {}
RESULT: {}
RESULT: undefined
COMMAND: POST /session/582ce5f850a124cd0c5f6fc14f02a0d2/execute/async - {"script":"<script> [6424 bytes]","args":[{"element-6066-11e4-a52e-4f735466cecf":"f.92142B0E1996143B500ED3F2A7F6BA2F.d.76BEAC841B8D0BE0ABB3F384C6CFF6AE.e.9285"},"getText",[]]}
COMMAND: GET /session/582ce5f850a124cd0c5f6fc14f02a0d2/screenshot - {}
RESULT: {"script":"<script> [6424 bytes]","args":[{"element-6066-11e4-a52e-4f735466cecf":"f.92142B0E1996143B500ED3F2A7F6BA2F.d.76BEAC841B8D0BE0ABB3F384C6CFF6AE.e.9285"},"getText",[]]}
COMMAND: POST /session/582ce5f850a124cd0c5f6fc14f02a0d2/execute/async - {"script":"<script> [1562 bytes]","args":[{"selector":{"id":"application-warehousemovements-display-component---executeMovement--executeId","interaction":{"idSuffix":"BDI-content"}},"wdio_ui5_key":"applicationwarehousemovements-display-component---executeMovement--executeId"}]}
RESULT: {}
RESULT: {"script":"<script> [1562 bytes]","args":[{"selector":{"id":"application-warehousemovements-display-component---executeMovement--executeId","interaction":{"idSuffix":"BDI-content"}},"wdio_ui5_key":"applicationwarehousemovements-display-component---executeMovement--executeId"}]}
RESULT: undefined
COMMAND: POST /session/582ce5f850a124cd0c5f6fc14f02a0d2/element - {"using":"xpath","value":"//*[@id=\"application-warehousemovements-display-component---executeMovement--executeId\"]"}
RESULT: {"using":"xpath","value":"//*[@id=\"application-warehousemovements-display-component---executeMovement--executeId\"]"}
COMMAND: POST /session/582ce5f850a124cd0c5f6fc14f02a0d2/element/f.92142B0E1996143B500ED3F2A7F6BA2F.d.76BEAC841B8D0BE0ABB3F384C6CFF6AE.e.9252/click - {}
RESULT: {}
COMMAND: POST /session/582ce5f850a124cd0c5f6fc14f02a0d2/execute/async - {"script":"<script> [1562 bytes]","args":[{"selector":{"controlType":"sap.m.Link","viewName":"etm.portal.ui.warehousemovements.view.DisplayMovement","viewId":"application-warehousemovements-display-component---displayMovement","bindingPath":{"propertyPath":"HAND_OVER_NO","modelName":"catalogModel"}},"wdio_ui5_key":"etmportal.ui.warehousemovements.view.DisplayMovementsap.m.Link{\"propertyPath\":\"HAND_OVER_NO\",\"modelName\":\"catalogModel\"}"}]}
COMMAND: GET /session/582ce5f850a124cd0c5f6fc14f02a0d2/screenshot - {}
RESULT: {"script":"<script> [1562 bytes]","args":[{"selector":{"controlType":"sap.m.Link","viewName":"etm.portal.ui.warehousemovements.view.DisplayMovement","viewId":"application-warehousemovements-display-component---displayMovement","bindingPath":{"propertyPath":"HAND_OVER_NO","modelName":"catalogModel"}},"wdio_ui5_key":"etmportal.ui.warehousemovements.view.DisplayMovementsap.m.Link{\"propertyPath\":\"HAND_OVER_NO\",\"modelName\":\"catalogModel\"}"}]}
RESULT: undefined
COMMAND: POST /session/582ce5f850a124cd0c5f6fc14f02a0d2/execute/async - {"script":"<script> [6424 bytes]","args":[{"element-6066-11e4-a52e-4f735466cecf":"f.92142B0E1996143B500ED3F2A7F6BA2F.d.76BEAC841B8D0BE0ABB3F384C6CFF6AE.e.9333"},"getText",[]]}
RESULT: {}
RESULT: {"script":"<script> [6424 bytes]","args":[{"element-6066-11e4-a52e-4f735466cecf":"f.92142B0E1996143B500ED3F2A7F6BA2F.d.76BEAC841B8D0BE0ABB3F384C6CFF6AE.e.9333"},"getText",[]]}
COMMAND: POST /session/582ce5f850a124cd0c5f6fc14f02a0d2/element - {"using":"css selector","value":"#shell-header-logo"}
RESULT: {"using":"css selector","value":"#shell-header-logo"}
COMMAND: POST /session/582ce5f850a124cd0c5f6fc14f02a0d2/element/f.92142B0E1996143B500ED3F2A7F6BA2F.d.76BEAC841B8D0BE0ABB3F384C6CFF6AE.e.8252/click - {}
RESULT: {}
COMMAND: GET /session/582ce5f850a124cd0c5f6fc14f02a0d2/screenshot - {}
RESULT: {}
RESULT: undefined
COMMAND: POST /session/582ce5f850a124cd0c5f6fc14f02a0d2/element - {"using":"xpath","value":"//*[@id=\"__tile132\"]"}
RESULT: {"using":"xpath","value":"//*[@id=\"__tile132\"]"}
COMMAND: POST /session/582ce5f850a124cd0c5f6fc14f02a0d2/element/f.92142B0E1996143B500ED3F2A7F6BA2F.d.76BEAC841B8D0BE0ABB3F384C6CFF6AE.e.7514/click - {}
RESULT: {}
COMMAND: GET /session/582ce5f850a124cd0c5f6fc14f02a0d2/screenshot - {}
RESULT: {}
COMMAND: POST /session/582ce5f850a124cd0c5f6fc14f02a0d2/execute/async - {"script":"<script> [1562 bytes]","args":[{"selector":{"controlType":"sap.m.SearchField","viewName":"etm.portal.ui.managehandovers.view.MasterHO","bindingPath":{"propertyPath":"/_BASIC_SEARCH_FIELD","modelName":"fi1t3rM0d31"},"interaction":{"idSuffix":"I"}},"wdio_ui5_key":"etmportal.ui.managehandovers.view.MasterHOsap.m.SearchField{\"propertyPath\":\"/_BASIC_SEARCH_FIELD\",\"modelName\":\"fi1t3rM0d31\"}"}]}
RESULT: {"script":"<script> [1562 bytes]","args":[{"selector":{"controlType":"sap.m.SearchField","viewName":"etm.portal.ui.managehandovers.view.MasterHO","bindingPath":{"propertyPath":"/_BASIC_SEARCH_FIELD","modelName":"fi1t3rM0d31"},"interaction":{"idSuffix":"I"}},"wdio_ui5_key":"etmportal.ui.managehandovers.view.MasterHOsap.m.SearchField{\"propertyPath\":\"/_BASIC_SEARCH_FIELD\",\"modelName\":\"fi1t3rM0d31\"}"}]}
RESULT: undefined
COMMAND: POST /session/582ce5f850a124cd0c5f6fc14f02a0d2/execute/async - {"script":"<script> [776 bytes]","args":[{"enterText":"30493","selector":{"controlType":"sap.m.SearchField","viewName":"etm.portal.ui.managehandovers.view.MasterHO","bindingPath":{"propertyPath":"/_BASIC_SEARCH_FIELD","modelName":"fi1t3rM0d31"},"interaction":{"idSuffix":"I"}},"clearTextFirst":true,"interactionType":"ENTER_TEXT"}]}
RESULT: {"script":"<script> [776 bytes]","args":[{"enterText":"30493","selector":{"controlType":"sap.m.SearchField","viewName":"etm.portal.ui.managehandovers.view.MasterHO","bindingPath":{"propertyPath":"/_BASIC_SEARCH_FIELD","modelName":"fi1t3rM0d31"},"interaction":{"idSuffix":"I"}},"clearTextFirst":true,"interactionType":"ENTER_TEXT"}]}
COMMAND: POST /session/582ce5f850a124cd0c5f6fc14f02a0d2/actions - {"actions":[{"id":"action41","type":"key","parameters":{},"actions":[{"type":"keyDown","value":"î€‡"},{"type":"pause","duration":10},{"type":"keyUp","value":"î€‡"}]}]}
RESULT: {"actions":[{"id":"action41","type":"key","parameters":{},"actions":[{"type":"keyDown","value":"î€‡"},{"type":"pause","duration":10},{"type":"keyUp","value":"î€‡"}]}]}
COMMAND: GET /session/582ce5f850a124cd0c5f6fc14f02a0d2/screenshot - {}
RESULT: {}
COMMAND: POST /session/582ce5f850a124cd0c5f6fc14f02a0d2/execute/async - {"script":"<script> [1562 bytes]","args":[{"selector":{"controlType":"sap.ui.core.Icon","viewName":"etm.portal.ui.managehandovers.view.MasterHO","properties":{"src":{"regex":{"source":"slim\\-arrow\\-right"}}}},"wdio_ui5_key":"etmportal.ui.managehandovers.view.MasterHOsap.ui.core.Icon{\"src\":{\"regex\":{\"source\":\"slim\\\\-arrow\\\\-right\"}}}"}]}
RESULT: {"script":"<script> [1562 bytes]","args":[{"selector":{"controlType":"sap.ui.core.Icon","viewName":"etm.portal.ui.managehandovers.view.MasterHO","properties":{"src":{"regex":{"source":"slim\\-arrow\\-right"}}}},"wdio_ui5_key":"etmportal.ui.managehandovers.view.MasterHOsap.ui.core.Icon{\"src\":{\"regex\":{\"source\":\"slim\\\\-arrow\\\\-right\"}}}"}]}
RESULT: undefined
COMMAND: POST /session/582ce5f850a124cd0c5f6fc14f02a0d2/element - {"using":"xpath","value":"//*[@id=\"__item3139-__clone8195-imgNav\"]"}
RESULT: {"using":"xpath","value":"//*[@id=\"__item3139-__clone8195-imgNav\"]"}
COMMAND: POST /session/582ce5f850a124cd0c5f6fc14f02a0d2/element/f.92142B0E1996143B500ED3F2A7F6BA2F.d.76BEAC841B8D0BE0ABB3F384C6CFF6AE.e.9459/click - {}
RESULT: {}
COMMAND: POST /session/582ce5f850a124cd0c5f6fc14f02a0d2/execute/async - {"script":"<script> [1562 bytes]","args":[{"selector":{"controlType":"sap.m.Button","viewName":"etm.portal.ui.managehandovers.view.DetailExecuteHO","i18NText":{"propertyName":"text","key":"confirmAll"},"interaction":{"idSuffix":"BDI-content"}},"wdio_ui5_key":"etmportal.ui.managehandovers.view.DetailExecuteHOsap.m.Button{\"propertyName\":\"text\",\"key\":\"confirmAll\"}"}]}
COMMAND: GET /session/582ce5f850a124cd0c5f6fc14f02a0d2/screenshot - {}
RESULT: {"script":"<script> [1562 bytes]","args":[{"selector":{"controlType":"sap.m.Button","viewName":"etm.portal.ui.managehandovers.view.DetailExecuteHO","i18NText":{"propertyName":"text","key":"confirmAll"},"interaction":{"idSuffix":"BDI-content"}},"wdio_ui5_key":"etmportal.ui.managehandovers.view.DetailExecuteHOsap.m.Button{\"propertyName\":\"text\",\"key\":\"confirmAll\"}"}]}
RESULT: undefined
COMMAND: POST /session/582ce5f850a124cd0c5f6fc14f02a0d2/element - {"using":"xpath","value":"//*[@id=\"__button468\"]"}
RESULT: {}
RESULT: {"using":"xpath","value":"//*[@id=\"__button468\"]"}
COMMAND: POST /session/582ce5f850a124cd0c5f6fc14f02a0d2/element/f.92142B0E1996143B500ED3F2A7F6BA2F.d.76BEAC841B8D0BE0ABB3F384C6CFF6AE.e.9554/click - {}
RESULT: {}
COMMAND: GET /session/582ce5f850a124cd0c5f6fc14f02a0d2/screenshot - {}
RESULT: {}
COMMAND: POST /session/582ce5f850a124cd0c5f6fc14f02a0d2/actions - {"actions":[{"id":"action42","type":"key","parameters":{},"actions":[{"type":"keyDown","value":"î€‡"},{"type":"pause","duration":10},{"type":"keyUp","value":"î€‡"}]}]}
RESULT: {"actions":[{"id":"action42","type":"key","parameters":{},"actions":[{"type":"keyDown","value":"î€‡"},{"type":"pause","duration":10},{"type":"keyUp","value":"î€‡"}]}]}
COMMAND: GET /session/582ce5f850a124cd0c5f6fc14f02a0d2/screenshot - {}
RESULT: {}
COMMAND: POST /session/582ce5f850a124cd0c5f6fc14f02a0d2/execute/async - {"script":"<script> [1562 bytes]","args":[{"selector":{"id":"confirmationButton","viewName":"etm.portal.ui.managehandovers.view.DetailExecuteHO","properties":{"text":"Issue"},"interaction":{"idSuffix":"BDI-content"}},"wdio_ui5_key":"confirmationButtonetmportal.ui.managehandovers.view.DetailExecuteHO{\"text\":\"Issue\"}"}]}
RESULT: {"script":"<script> [1562 bytes]","args":[{"selector":{"id":"confirmationButton","viewName":"etm.portal.ui.managehandovers.view.DetailExecuteHO","properties":{"text":"Issue"},"interaction":{"idSuffix":"BDI-content"}},"wdio_ui5_key":"confirmationButtonetmportal.ui.managehandovers.view.DetailExecuteHO{\"text\":\"Issue\"}"}]}
RESULT: undefined
RESULT: undefined
COMMAND: POST /session/582ce5f850a124cd0c5f6fc14f02a0d2/execute/async - {"script":"<script> [776 bytes]","args":[{"enterText":"30493","selector":{"controlType":"sap.m.SearchField","viewName":"etm.portal.ui.managehandovers.view.MasterHO","bindingPath":{"propertyPath":"/_BASIC_SEARCH_FIELD","modelName":"fi1t3rM0d31"},"interaction":{"idSuffix":"I"}},"clearTextFirst":true,"interactionType":"ENTER_TEXT"}]}
RESULT: {"script":"<script> [776 bytes]","args":[{"enterText":"30493","selector":{"controlType":"sap.m.SearchField","viewName":"etm.portal.ui.managehandovers.view.MasterHO","bindingPath":{"propertyPath":"/_BASIC_SEARCH_FIELD","modelName":"fi1t3rM0d31"},"interaction":{"idSuffix":"I"}},"clearTextFirst":true,"interactionType":"ENTER_TEXT"}]}
COMMAND: POST /session/582ce5f850a124cd0c5f6fc14f02a0d2/actions - {"actions":[{"id":"action43","type":"key","parameters":{},"actions":[{"type":"keyDown","value":"î€‡"},{"type":"pause","duration":10},{"type":"keyUp","value":"î€‡"}]}]}
RESULT: {"actions":[{"id":"action43","type":"key","parameters":{},"actions":[{"type":"keyDown","value":"î€‡"},{"type":"pause","duration":10},{"type":"keyUp","value":"î€‡"}]}]}
COMMAND: GET /session/582ce5f850a124cd0c5f6fc14f02a0d2/screenshot - {}
RESULT: {}
COMMAND: POST /session/582ce5f850a124cd0c5f6fc14f02a0d2/element - {"using":"xpath","value":"//span[(text() = '30493' or . = '30493')]"}
RESULT: {"using":"xpath","value":"//span[(text() = '30493' or . = '30493')]"}
COMMAND: POST /session/582ce5f850a124cd0c5f6fc14f02a0d2/element/f.92142B0E1996143B500ED3F2A7F6BA2F.d.76BEAC841B8D0BE0ABB3F384C6CFF6AE.e.9467/click - {}
RESULT: {}
COMMAND: GET /session/582ce5f850a124cd0c5f6fc14f02a0d2/screenshot - {}
RESULT: {}
COMMAND: POST /session/582ce5f850a124cd0c5f6fc14f02a0d2/execute/async - {"script":"<script> [1562 bytes]","args":[{"selector":{"id":"instructionsTabFilter","viewName":"etm.portal.ui.managehandovers.view.DetailExecuteHO","interaction":{"idSuffix":"text"}},"wdio_ui5_key":"instructionsTabFilteretmportal.ui.managehandovers.view.DetailExecuteHO"}]}
RESULT: {"script":"<script> [1562 bytes]","args":[{"selector":{"id":"instructionsTabFilter","viewName":"etm.portal.ui.managehandovers.view.DetailExecuteHO","interaction":{"idSuffix":"text"}},"wdio_ui5_key":"instructionsTabFilteretmportal.ui.managehandovers.view.DetailExecuteHO"}]}
RESULT: undefined
COMMAND: POST /session/582ce5f850a124cd0c5f6fc14f02a0d2/element - {"using":"xpath","value":"//*[@id=\"__xmlview68--instructionsTabFilter\"]"}
RESULT: {"using":"xpath","value":"//*[@id=\"__xmlview68--instructionsTabFilter\"]"}
COMMAND: POST /session/582ce5f850a124cd0c5f6fc14f02a0d2/element/f.92142B0E1996143B500ED3F2A7F6BA2F.d.76BEAC841B8D0BE0ABB3F384C6CFF6AE.e.9563/click - {}
RESULT: undefined
COMMAND: POST /session/582ce5f850a124cd0c5f6fc14f02a0d2/element - {"using":"xpath","value":"//*[@id=\"__xmlview68--instructionsTabFilter\"]"}
RESULT: {"using":"xpath","value":"//*[@id=\"__xmlview68--instructionsTabFilter\"]"}
COMMAND: POST /session/582ce5f850a124cd0c5f6fc14f02a0d2/element/f.92142B0E1996143B500ED3F2A7F6BA2F.d.76BEAC841B8D0BE0ABB3F384C6CFF6AE.e.9563/click - {}
COMMAND: POST /session/582ce5f850a124cd0c5f6fc14f02a0d2/execute/async - {"script":"<script> [1562 bytes]","args":[{"selector":{"controlType":"sap.m.ComboBox","viewName":"etm.portal.ui.managehandovers.view.DetailExecuteHO","bindingPath":{"propertyPath":"RECEIVING_SECTION","modelName":"catalogModel"},"interaction":{"idSuffix":"inner"}},"wdio_ui5_key":"etmportal.ui.managehandovers.view.DetailExecuteHOsap.m.ComboBox{\"propertyPath\":\"RECEIVING_SECTION\",\"modelName\":\"catalogModel\"}"}]}
RESULT: {"script":"<script> [1562 bytes]","args":[{"selector":{"controlType":"sap.m.ComboBox","viewName":"etm.portal.ui.managehandovers.view.DetailExecuteHO","bindingPath":{"propertyPath":"RECEIVING_SECTION","modelName":"catalogModel"},"interaction":{"idSuffix":"inner"}},"wdio_ui5_key":"etmportal.ui.managehandovers.view.DetailExecuteHOsap.m.ComboBox{\"propertyPath\":\"RECEIVING_SECTION\",\"modelName\":\"catalogModel\"}"}]}
RESULT: undefined
COMMAND: POST /session/582ce5f850a124cd0c5f6fc14f02a0d2/actions - {"actions":[{"id":"action44","type":"key","parameters":{},"actions":[{"type":"keyDown","value":"î€‡"},{"type":"pause","duration":10},{"type":"keyUp","value":"î€‡"}]}]}
RESULT: {"actions":[{"id":"action44","type":"key","parameters":{},"actions":[{"type":"keyDown","value":"î€‡"},{"type":"pause","duration":10},{"type":"keyUp","value":"î€‡"}]}]}
COMMAND: GET /session/582ce5f850a124cd0c5f6fc14f02a0d2/screenshot - {}
RESULT: {}
COMMAND: POST /session/582ce5f850a124cd0c5f6fc14f02a0d2/execute/async - {"script":"<script> [1562 bytes]","args":[{"selector":{"id":"confirmationButton","viewName":"etm.portal.ui.managehandovers.view.DetailExecuteHO","properties":{"text":"Receive"},"interaction":{"idSuffix":"BDI-content"}},"wdio_ui5_key":"confirmationButtonetmportal.ui.managehandovers.view.DetailExecuteHO{\"text\":\"Receive\"}"}]}
RESULT: {"script":"<script> [1562 bytes]","args":[{"selector":{"id":"confirmationButton","viewName":"etm.portal.ui.managehandovers.view.DetailExecuteHO","properties":{"text":"Receive"},"interaction":{"idSuffix":"BDI-content"}},"wdio_ui5_key":"confirmationButtonetmportal.ui.managehandovers.view.DetailExecuteHO{\"text\":\"Receive\"}"}]}
RESULT: undefined
COMMAND: POST /session/582ce5f850a124cd0c5f6fc14f02a0d2/execute/async - {"script":"<script> [1562 bytes]","args":[{"selector":{"controlType":"sap.m.Button","properties":{"text":"Continue"},"searchOpenDialogs":true,"interaction":{"idSuffix":"content"}},"wdio_ui5_key":"sapm.Button{\"text\":\"Continue\"}"}]}
RESULT: {"script":"<script> [1562 bytes]","args":[{"selector":{"controlType":"sap.m.Button","properties":{"text":"Continue"},"searchOpenDialogs":true,"interaction":{"idSuffix":"content"}},"wdio_ui5_key":"sapm.Button{\"text\":\"Continue\"}"}]}
RESULT: undefined
COMMAND: POST /session/582ce5f850a124cd0c5f6fc14f02a0d2/element - {"using":"css selector","value":"#j_username"}
COMMAND: POST /session/582ce5f850a124cd0c5f6fc14f02a0d2/url - {"url":"https://qa-testing-00-live-etm-ui.cfapps.eu10-004.hana.ondemand.com/"}
RESULT: {"using":"css selector","value":"#j_username"}
COMMAND: POST /session/582ce5f850a124cd0c5f6fc14f02a0d2/element - {"using":"css selector","value":"#j_username"}
RESULT: {"url":"https://qa-testing-00-live-etm-ui.cfapps.eu10-004.hana.ondemand.com/"}
RESULT: undefined
COMMAND: GET /session/582ce5f850a124cd0c5f6fc14f02a0d2/screenshot - {}
RESULT: {"using":"css selector","value":"#j_username"}
COMMAND: POST /session/582ce5f850a124cd0c5f6fc14f02a0d2/element - {"using":"css selector","value":"#shell-header-logo"}
RESULT: {}
RESULT: {"using":"css selector","value":"#shell-header-logo"}
COMMAND: POST /session/582ce5f850a124cd0c5f6fc14f02a0d2/execute/sync - {"script":"<script> [8489 bytes]","args":[{"element-6066-11e4-a52e-4f735466cecf":"f.92142B0E1996143B500ED3F2A7F6BA2F.d.044BB02D5BF1467EB4587C49E537F49C.e.9574","ELEMENT":"f.92142B0E1996143B500ED3F2A7F6BA2F.d.044BB02D5BF1467EB4587C49E537F49C.e.9574"}]}
RESULT: {"script":"<script> [8489 bytes]","args":[{"element-6066-11e4-a52e-4f735466cecf":"f.92142B0E1996143B500ED3F2A7F6BA2F.d.044BB02D5BF1467EB4587C49E537F49C.e.9574","ELEMENT":"f.92142B0E1996143B500ED3F2A7F6BA2F.d.044BB02D5BF1467EB4587C49E537F49C.e.9574"}]}
COMMAND: POST /session/582ce5f850a124cd0c5f6fc14f02a0d2/element - {"using":"css selector","value":"#shell-header-logo"}
COMMAND: GET /session/582ce5f850a124cd0c5f6fc14f02a0d2/screenshot - {}
RESULT: {"using":"css selector","value":"#shell-header-logo"}
COMMAND: POST /session/582ce5f850a124cd0c5f6fc14f02a0d2/execute/sync - {"script":"<script> [8489 bytes]","args":[{"element-6066-11e4-a52e-4f735466cecf":"f.92142B0E1996143B500ED3F2A7F6BA2F.d.044BB02D5BF1467EB4587C49E537F49C.e.9574","ELEMENT":"f.92142B0E1996143B500ED3F2A7F6BA2F.d.044BB02D5BF1467EB4587C49E537F49C.e.9574"}]}
RESULT: {}
RESULT: {"script":"<script> [8489 bytes]","args":[{"element-6066-11e4-a52e-4f735466cecf":"f.92142B0E1996143B500ED3F2A7F6BA2F.d.044BB02D5BF1467EB4587C49E537F49C.e.9574","ELEMENT":"f.92142B0E1996143B500ED3F2A7F6BA2F.d.044BB02D5BF1467EB4587C49E537F49C.e.9574"}]}
COMMAND: POST /session/582ce5f850a124cd0c5f6fc14f02a0d2/execute/sync - {"script":"<script> [5351 bytes]","args":[{"element-6066-11e4-a52e-4f735466cecf":"f.92142B0E1996143B500ED3F2A7F6BA2F.d.044BB02D5BF1467EB4587C49E537F49C.e.9574","ELEMENT":"f.92142B0E1996143B500ED3F2A7F6BA2F.d.044BB02D5BF1467EB4587C49E537F49C.e.9574"}]}
COMMAND: GET /session/582ce5f850a124cd0c5f6fc14f02a0d2/screenshot - {}
RESULT: {"script":"<script> [5351 bytes]","args":[{"element-6066-11e4-a52e-4f735466cecf":"f.92142B0E1996143B500ED3F2A7F6BA2F.d.044BB02D5BF1467EB4587C49E537F49C.e.9574","ELEMENT":"f.92142B0E1996143B500ED3F2A7F6BA2F.d.044BB02D5BF1467EB4587C49E537F49C.e.9574"}]}
COMMAND: POST /session/582ce5f850a124cd0c5f6fc14f02a0d2/element - {"using":"css selector","value":"#shell-header-logo"}
COMMAND: GET /session/582ce5f850a124cd0c5f6fc14f02a0d2/screenshot - {}
RESULT: {}
RESULT: {}
RESULT: {"using":"css selector","value":"#shell-header-logo"}
COMMAND: POST /session/582ce5f850a124cd0c5f6fc14f02a0d2/element/f.92142B0E1996143B500ED3F2A7F6BA2F.d.044BB02D5BF1467EB4587C49E537F49C.e.9574/click - {}
RESULT: {}
COMMAND: GET /session/582ce5f850a124cd0c5f6fc14f02a0d2/screenshot - {}
RESULT: {}
COMMAND: POST /session/582ce5f850a124cd0c5f6fc14f02a0d2/execute/async - {"script":"<script> [189 bytes]","args":[]}
RESULT: {"script":"<script> [189 bytes]","args":[]}
COMMAND: POST /session/582ce5f850a124cd0c5f6fc14f02a0d2/execute/async - {"script":"<script> [123 bytes]","args":[]}
RESULT: {"script":"<script> [123 bytes]","args":[]}
COMMAND: POST /session/582ce5f850a124cd0c5f6fc14f02a0d2/timeouts - {"script":"<number>"}
RESULT: {"script":"<number>"}
COMMAND: GET /session/582ce5f850a124cd0c5f6fc14f02a0d2/timeouts - {}
RESULT: {}
RESULT: undefined
COMMAND: POST /session/582ce5f850a124cd0c5f6fc14f02a0d2/execute/async - {"script":"<script> [2676 bytes]","args":[]}
RESULT: {"script":"<script> [2676 bytes]","args":[]}
COMMAND: POST /session/582ce5f850a124cd0c5f6fc14f02a0d2/execute/async - {"script":"<script> [2342 bytes]","args":[{"protocol":"http","hostname":"0.0.0.0","path":"/","capabilities":{"browserName":"chrome","goog:chromeOptions":{"binary":"C:\\Program Files\\Google\\Chrome\\Application\\chrome.exe","args":["--start-maximized"]}},"logLevel":"warn","connectionRetryTimeout":120000,"connectionRetryCount":3,"logLevels":{},"enableDirectConnect":true,"strictSSL":true,"_":"65 more keys: [\"cacheDir\",\"port\",\"requestedCapabilities\",\"automationProtocol\",\"baseUrl\",\"waitforInterval\",\"waitforTimeout\",\"onReload\",\"beforeCommand\",\"afterCommand\",\"rootDir\",\"specs\",\"suites\",\"exclude\",\"groupLogsByTestSpec\",\"excludeDriverLogs\",\"bail\",\"framework\",\"reporters\",\"services\",\"maxInstances\",\"maxInstancesPerCapability\",\"injectGlobals\",\"filesToWatch\",\"execArgv\",\"runnerEnv\",\"runner\",\"shard\",\"specFileRetries\",\"specFileRetriesDelay\",\"specFileRetriesDeferred\",\"reporterSyncInterval\",\"reporterSyncTimeout\",\"cucumberFeaturesWithLineNumbers\",\"autoCompileOpts\",\"mochaOpts\",\"jasmineOpts\",\"cucumberOpts\",\"onPrepare\",\"onWorkerStart\",\"onWorkerEnd\",\"before\",\"beforeSession\",\"beforeSuite\",\"beforeHook\",\"beforeTest\",\"afterTest\",\"afterHook\",\"afterSuite\",\"afterSession\",\"after\",\"onComplete\",\"beforeAssertion\",\"afterAssertion\",\"beforeFeature\",\"beforeScenario\",\"beforeStep\",\"afterStep\",\"afterScenario\",\"afterFeature\",\"_\",\"suite\",\"$0\",\"ignoredWorkerServices\",\"wdi5\"]"}]}
RESULT: {"script":"<script> [2342 bytes]","args":[{"protocol":"http","hostname":"0.0.0.0","path":"/","capabilities":{"browserName":"chrome","goog:chromeOptions":{"binary":"C:\\Program Files\\Google\\Chrome\\Application\\chrome.exe","args":["--start-maximized"]}},"logLevel":"warn","connectionRetryTimeout":120000,"connectionRetryCount":3,"logLevels":{},"enableDirectConnect":true,"strictSSL":true,"_":"65 more keys: [\"cacheDir\",\"port\",\"requestedCapabilities\",\"automationProtocol\",\"baseUrl\",\"waitforInterval\",\"waitforTimeout\",\"onReload\",\"beforeCommand\",\"afterCommand\",\"rootDir\",\"specs\",\"suites\",\"exclude\",\"groupLogsByTestSpec\",\"excludeDriverLogs\",\"bail\",\"framework\",\"reporters\",\"services\",\"maxInstances\",\"maxInstancesPerCapability\",\"injectGlobals\",\"filesToWatch\",\"execArgv\",\"runnerEnv\",\"runner\",\"shard\",\"specFileRetries\",\"specFileRetriesDelay\",\"specFileRetriesDeferred\",\"reporterSyncInterval\",\"reporterSyncTimeout\",\"cucumberFeaturesWithLineNumbers\",\"autoCompileOpts\",\"mochaOpts\",\"jasmineOpts\",\"cucumberOpts\",\"onPrepare\",\"onWorkerStart\",\"onWorkerEnd\",\"before\",\"beforeSession\",\"beforeSuite\",\"beforeHook\",\"beforeTest\",\"afterTest\",\"afterHook\",\"afterSuite\",\"afterSession\",\"after\",\"onComplete\",\"beforeAssertion\",\"afterAssertion\",\"beforeFeature\",\"beforeScenario\",\"beforeStep\",\"afterStep\",\"afterScenario\",\"afterFeature\",\"_\",\"suite\",\"$0\",\"ignoredWorkerServices\",\"wdi5\"]"}]}
COMMAND: POST /session/582ce5f850a124cd0c5f6fc14f02a0d2/execute/async - {"script":"<script> [21126 bytes]","args":[35000]}
RESULT: {"script":"<script> [21126 bytes]","args":[35000]}
COMMAND: POST /session/582ce5f850a124cd0c5f6fc14f02a0d2/window/maximize - {}
RESULT: {}
COMMAND: POST /session/582ce5f850a124cd0c5f6fc14f02a0d2/execute/async - {"script":"<script> [1562 bytes]","args":[{"selector":{"id":"shell-header","interaction":{"idSuffix":"icon"}},"wdio_ui5_key":"shellheader"}]}
COMMAND: GET /session/582ce5f850a124cd0c5f6fc14f02a0d2/screenshot - {}
RESULT: {"script":"<script> [1562 bytes]","args":[{"selector":{"id":"shell-header","interaction":{"idSuffix":"icon"}},"wdio_ui5_key":"shellheader"}]}
RESULT: undefined
]]></system-out>
    </testcase>
  </testsuite>
  <testsuite timestamp="2025-04-29T17:10:25" time="361.087" tests="4" failures="0" errors="0" skipped="0">
    <properties>
      <property name="specId" value="0" />
      <property name="suiteName" value="Provide to Site w/o warehouse management w/ clarification US116605" />
      <property name="capabilities" value="chrome.135_0_7049_96.windows" />
      <property name="file" value="file:///D:/a/1/s/test/specs/HTR/provide-to-site-wo-warehouse-w-clarification.spec.js" />
    </properties>
    <testcase classname="chrome.135_0_7049_96.windows.Provide_to_Site_w/o_warehouse_management_w/_clarification_US116605" name="Should create a WHM yard" time="99.948">
      <system-out><![CDATA[
COMMAND: POST /session/582ce5f850a124cd0c5f6fc14f02a0d2/execute/async - {"script":"<script> [1562 bytes]","args":[{"selector":{"controlType":"sap.m.GenericTile","properties":{"header":"Manage Yards"}},"wdio_ui5_key":"sapm.GenericTile{\"header\":\"Manage Yards\"}"}]}
RESULT: {}
RESULT: {"script":"<script> [1562 bytes]","args":[{"selector":{"controlType":"sap.m.GenericTile","properties":{"header":"Manage Yards"}},"wdio_ui5_key":"sapm.GenericTile{\"header\":\"Manage Yards\"}"}]}
RESULT: undefined
COMMAND: POST /session/582ce5f850a124cd0c5f6fc14f02a0d2/element - {"using":"xpath","value":"//*[@id=\"__tile41\"]"}
RESULT: {"using":"xpath","value":"//*[@id=\"__tile41\"]"}
COMMAND: POST /session/582ce5f850a124cd0c5f6fc14f02a0d2/element/f.92142B0E1996143B500ED3F2A7F6BA2F.d.044BB02D5BF1467EB4587C49E537F49C.e.9583/click - {}
RESULT: {}
COMMAND: POST /session/582ce5f850a124cd0c5f6fc14f02a0d2/execute/async - {"script":"<script> [1562 bytes]","args":[{"selector":{"controlType":"sap.ui.core.Icon","viewName":"etm.portal.ui.manageyards.view.Master","viewId":"application-manageyards-display-component---masterYard","properties":{"src":{"regex":{"source":"add"}}}},"wdio_ui5_key":"etmportal.ui.manageyards.view.Mastersap.ui.core.Icon{\"src\":{\"regex\":{\"source\":\"add\"}}}"}]}
COMMAND: GET /session/582ce5f850a124cd0c5f6fc14f02a0d2/screenshot - {}
RESULT: {"script":"<script> [1562 bytes]","args":[{"selector":{"controlType":"sap.ui.core.Icon","viewName":"etm.portal.ui.manageyards.view.Master","viewId":"application-manageyards-display-component---masterYard","properties":{"src":{"regex":{"source":"add"}}}},"wdio_ui5_key":"etmportal.ui.manageyards.view.Mastersap.ui.core.Icon{\"src\":{\"regex\":{\"source\":\"add\"}}}"}]}
RESULT: undefined
COMMAND: POST /session/582ce5f850a124cd0c5f6fc14f02a0d2/element - {"using":"xpath","value":"//*[@id=\"__button4-img\"]"}
RESULT: {}
RESULT: {"using":"xpath","value":"//*[@id=\"__button4-img\"]"}
COMMAND: POST /session/582ce5f850a124cd0c5f6fc14f02a0d2/element/f.92142B0E1996143B500ED3F2A7F6BA2F.d.044BB02D5BF1467EB4587C49E537F49C.e.9629/click - {}
RESULT: {}
COMMAND: POST /session/582ce5f850a124cd0c5f6fc14f02a0d2/execute/async - {"script":"<script> [1562 bytes]","args":[{"selector":{"id":"application-manageyards-display-component---NewYard--addressDetailDetailsName1","interaction":{"idSuffix":"inner"}},"wdio_ui5_key":"applicationmanageyards-display-component---NewYard--addressDetailDetailsName1"}]}
COMMAND: GET /session/582ce5f850a124cd0c5f6fc14f02a0d2/screenshot - {}
RESULT: {"script":"<script> [1562 bytes]","args":[{"selector":{"id":"application-manageyards-display-component---NewYard--addressDetailDetailsName1","interaction":{"idSuffix":"inner"}},"wdio_ui5_key":"applicationmanageyards-display-component---NewYard--addressDetailDetailsName1"}]}
RESULT: undefined
COMMAND: POST /session/582ce5f850a124cd0c5f6fc14f02a0d2/execute/async - {"script":"<script> [776 bytes]","args":[{"enterText":"warehouse managed Yard","selector":{"id":"application-manageyards-display-component---NewYard--addressDetailDetailsName1","interaction":{"idSuffix":"inner"}},"clearTextFirst":true,"interactionType":"ENTER_TEXT"}]}
RESULT: {}
RESULT: {"script":"<script> [776 bytes]","args":[{"enterText":"warehouse managed Yard","selector":{"id":"application-manageyards-display-component---NewYard--addressDetailDetailsName1","interaction":{"idSuffix":"inner"}},"clearTextFirst":true,"interactionType":"ENTER_TEXT"}]}
COMMAND: POST /session/582ce5f850a124cd0c5f6fc14f02a0d2/execute/async - {"script":"<script> [1562 bytes]","args":[{"selector":{"id":"application-manageyards-display-component---NewYard--addressDetailDetailsLanguage-arrow"},"wdio_ui5_key":"applicationmanageyards-display-component---NewYard--addressDetailDetailsLanguage-arrow"}]}
RESULT: {"script":"<script> [1562 bytes]","args":[{"selector":{"id":"application-manageyards-display-component---NewYard--addressDetailDetailsLanguage-arrow"},"wdio_ui5_key":"applicationmanageyards-display-component---NewYard--addressDetailDetailsLanguage-arrow"}]}
RESULT: undefined
COMMAND: POST /session/582ce5f850a124cd0c5f6fc14f02a0d2/element - {"using":"xpath","value":"//*[@id=\"application-manageyards-display-component---NewYard--addressDetailDetailsLanguage-arrow\"]"}
RESULT: {"using":"xpath","value":"//*[@id=\"application-manageyards-display-component---NewYard--addressDetailDetailsLanguage-arrow\"]"}
COMMAND: POST /session/582ce5f850a124cd0c5f6fc14f02a0d2/element/f.92142B0E1996143B500ED3F2A7F6BA2F.d.044BB02D5BF1467EB4587C49E537F49C.e.10034/click - {}
RESULT: {}
COMMAND: POST /session/582ce5f850a124cd0c5f6fc14f02a0d2/execute/async - {"script":"<script> [1562 bytes]","args":[{"selector":{"controlType":"sap.m.StandardListItem","viewName":"etm.portal.ui.manageyards.view.New","viewId":"application-manageyards-display-component---NewYard","properties":{"title":"English"},"searchOpenDialogs":true,"interaction":{"idSuffix":"content"}},"wdio_ui5_key":"etmportal.ui.manageyards.view.Newsap.m.StandardListItem{\"title\":\"English\"}"}]}
COMMAND: GET /session/582ce5f850a124cd0c5f6fc14f02a0d2/screenshot - {}
RESULT: {"script":"<script> [1562 bytes]","args":[{"selector":{"controlType":"sap.m.StandardListItem","viewName":"etm.portal.ui.manageyards.view.New","viewId":"application-manageyards-display-component---NewYard","properties":{"title":"English"},"searchOpenDialogs":true,"interaction":{"idSuffix":"content"}},"wdio_ui5_key":"etmportal.ui.manageyards.view.Newsap.m.StandardListItem{\"title\":\"English\"}"}]}
RESULT: undefined
COMMAND: POST /session/582ce5f850a124cd0c5f6fc14f02a0d2/element - {"using":"xpath","value":"//*[@id=\"__item101\"]"}
RESULT: {}
RESULT: {"using":"xpath","value":"//*[@id=\"__item101\"]"}
COMMAND: POST /session/582ce5f850a124cd0c5f6fc14f02a0d2/element/f.92142B0E1996143B500ED3F2A7F6BA2F.d.044BB02D5BF1467EB4587C49E537F49C.e.10036/click - {}
RESULT: {}
COMMAND: POST /session/582ce5f850a124cd0c5f6fc14f02a0d2/execute/async - {"script":"<script> [1562 bytes]","args":[{"selector":{"id":"application-manageyards-display-component---NewYard--addressDetailDetailsCity1","interaction":{"idSuffix":"inner"}},"wdio_ui5_key":"applicationmanageyards-display-component---NewYard--addressDetailDetailsCity1"}]}
COMMAND: GET /session/582ce5f850a124cd0c5f6fc14f02a0d2/screenshot - {}
RESULT: {"script":"<script> [1562 bytes]","args":[{"selector":{"id":"application-manageyards-display-component---NewYard--addressDetailDetailsCity1","interaction":{"idSuffix":"inner"}},"wdio_ui5_key":"applicationmanageyards-display-component---NewYard--addressDetailDetailsCity1"}]}
RESULT: undefined
COMMAND: POST /session/582ce5f850a124cd0c5f6fc14f02a0d2/execute/async - {"script":"<script> [776 bytes]","args":[{"enterText":"Rosario","selector":{"id":"application-manageyards-display-component---NewYard--addressDetailDetailsCity1","interaction":{"idSuffix":"inner"}},"clearTextFirst":true,"interactionType":"ENTER_TEXT"}]}
RESULT: {}
RESULT: {"script":"<script> [776 bytes]","args":[{"enterText":"Rosario","selector":{"id":"application-manageyards-display-component---NewYard--addressDetailDetailsCity1","interaction":{"idSuffix":"inner"}},"clearTextFirst":true,"interactionType":"ENTER_TEXT"}]}
COMMAND: POST /session/582ce5f850a124cd0c5f6fc14f02a0d2/execute/async - {"script":"<script> [1562 bytes]","args":[{"selector":{"id":"application-manageyards-display-component---NewYard--addressDetailDetailsCountry-arrow"},"wdio_ui5_key":"applicationmanageyards-display-component---NewYard--addressDetailDetailsCountry-arrow"}]}
RESULT: {"script":"<script> [1562 bytes]","args":[{"selector":{"id":"application-manageyards-display-component---NewYard--addressDetailDetailsCountry-arrow"},"wdio_ui5_key":"applicationmanageyards-display-component---NewYard--addressDetailDetailsCountry-arrow"}]}
RESULT: undefined
COMMAND: POST /session/582ce5f850a124cd0c5f6fc14f02a0d2/element - {"using":"xpath","value":"//*[@id=\"application-manageyards-display-component---NewYard--addressDetailDetailsCountry-arrow\"]"}
RESULT: {"using":"xpath","value":"//*[@id=\"application-manageyards-display-component---NewYard--addressDetailDetailsCountry-arrow\"]"}
COMMAND: POST /session/582ce5f850a124cd0c5f6fc14f02a0d2/element/f.92142B0E1996143B500ED3F2A7F6BA2F.d.044BB02D5BF1467EB4587C49E537F49C.e.10016/click - {}
RESULT: {}
COMMAND: POST /session/582ce5f850a124cd0c5f6fc14f02a0d2/execute/async - {"script":"<script> [1562 bytes]","args":[{"selector":{"controlType":"sap.m.StandardListItem","viewName":"etm.portal.ui.manageyards.view.New","viewId":"application-manageyards-display-component---NewYard","properties":{"title":"Argentina"},"searchOpenDialogs":true,"interaction":{"idSuffix":"content"}},"wdio_ui5_key":"etmportal.ui.manageyards.view.Newsap.m.StandardListItem{\"title\":\"Argentina\"}"}]}
COMMAND: GET /session/582ce5f850a124cd0c5f6fc14f02a0d2/screenshot - {}
RESULT: {"script":"<script> [1562 bytes]","args":[{"selector":{"controlType":"sap.m.StandardListItem","viewName":"etm.portal.ui.manageyards.view.New","viewId":"application-manageyards-display-component---NewYard","properties":{"title":"Argentina"},"searchOpenDialogs":true,"interaction":{"idSuffix":"content"}},"wdio_ui5_key":"etmportal.ui.manageyards.view.Newsap.m.StandardListItem{\"title\":\"Argentina\"}"}]}
RESULT: undefined
COMMAND: POST /session/582ce5f850a124cd0c5f6fc14f02a0d2/element - {"using":"xpath","value":"//*[@id=\"__item144\"]"}
RESULT: {}
RESULT: {"using":"xpath","value":"//*[@id=\"__item144\"]"}
COMMAND: POST /session/582ce5f850a124cd0c5f6fc14f02a0d2/element/f.92142B0E1996143B500ED3F2A7F6BA2F.d.044BB02D5BF1467EB4587C49E537F49C.e.10040/click - {}
RESULT: {}
COMMAND: POST /session/582ce5f850a124cd0c5f6fc14f02a0d2/execute/async - {"script":"<script> [1562 bytes]","args":[{"selector":{"controlType":"sap.m.Button","viewName":"etm.portal.ui.manageyards.view.New","viewId":"application-manageyards-display-component---NewYard","properties":{"text":"Commercial"},"interaction":{"idSuffix":"BDI-content"}},"wdio_ui5_key":"etmportal.ui.manageyards.view.Newsap.m.Button{\"text\":\"Commercial\"}"}]}
COMMAND: GET /session/582ce5f850a124cd0c5f6fc14f02a0d2/screenshot - {}
RESULT: {"script":"<script> [1562 bytes]","args":[{"selector":{"controlType":"sap.m.Button","viewName":"etm.portal.ui.manageyards.view.New","viewId":"application-manageyards-display-component---NewYard","properties":{"text":"Commercial"},"interaction":{"idSuffix":"BDI-content"}},"wdio_ui5_key":"etmportal.ui.manageyards.view.Newsap.m.Button{\"text\":\"Commercial\"}"}]}
RESULT: undefined
COMMAND: POST /session/582ce5f850a124cd0c5f6fc14f02a0d2/element - {"using":"xpath","value":"//*[@id=\"application-manageyards-display-component---NewYard--ObjectPageLayout-anchBar-__section5-anchor\"]"}
RESULT: {}
RESULT: {"using":"xpath","value":"//*[@id=\"application-manageyards-display-component---NewYard--ObjectPageLayout-anchBar-__section5-anchor\"]"}
COMMAND: POST /session/582ce5f850a124cd0c5f6fc14f02a0d2/element/f.92142B0E1996143B500ED3F2A7F6BA2F.d.044BB02D5BF1467EB4587C49E537F49C.e.10042/click - {}
RESULT: {}
COMMAND: GET /session/582ce5f850a124cd0c5f6fc14f02a0d2/screenshot - {}
RESULT: {}
COMMAND: POST /session/582ce5f850a124cd0c5f6fc14f02a0d2/execute/async - {"script":"<script> [1562 bytes]","args":[{"selector":{"id":"application-manageyards-display-component---NewYard--addressEditDetailsCostObjectCstType-arrow"},"wdio_ui5_key":"applicationmanageyards-display-component---NewYard--addressEditDetailsCostObjectCstType-arrow"}]}
RESULT: {"script":"<script> [1562 bytes]","args":[{"selector":{"id":"application-manageyards-display-component---NewYard--addressEditDetailsCostObjectCstType-arrow"},"wdio_ui5_key":"applicationmanageyards-display-component---NewYard--addressEditDetailsCostObjectCstType-arrow"}]}
RESULT: undefined
COMMAND: POST /session/582ce5f850a124cd0c5f6fc14f02a0d2/element - {"using":"xpath","value":"//*[@id=\"application-manageyards-display-component---NewYard--addressEditDetailsCostObjectCstType-arrow\"]"}
RESULT: {"using":"xpath","value":"//*[@id=\"application-manageyards-display-component---NewYard--addressEditDetailsCostObjectCstType-arrow\"]"}
COMMAND: POST /session/582ce5f850a124cd0c5f6fc14f02a0d2/element/f.92142B0E1996143B500ED3F2A7F6BA2F.d.044BB02D5BF1467EB4587C49E537F49C.e.10050/click - {}
RESULT: {}
COMMAND: GET /session/582ce5f850a124cd0c5f6fc14f02a0d2/screenshot - {}
RESULT: {}
COMMAND: POST /session/582ce5f850a124cd0c5f6fc14f02a0d2/execute/async - {"script":"<script> [1562 bytes]","args":[{"selector":{"controlType":"sap.m.StandardListItem","viewName":"etm.portal.ui.manageyards.view.New","viewId":"application-manageyards-display-component---NewYard","properties":{"title":"Cost Center"},"searchOpenDialogs":true,"interaction":{"idSuffix":"titleText"}},"wdio_ui5_key":"etmportal.ui.manageyards.view.Newsap.m.StandardListItem{\"title\":\"Cost Center\"}"}]}
RESULT: {"script":"<script> [1562 bytes]","args":[{"selector":{"controlType":"sap.m.StandardListItem","viewName":"etm.portal.ui.manageyards.view.New","viewId":"application-manageyards-display-component---NewYard","properties":{"title":"Cost Center"},"searchOpenDialogs":true,"interaction":{"idSuffix":"titleText"}},"wdio_ui5_key":"etmportal.ui.manageyards.view.Newsap.m.StandardListItem{\"title\":\"Cost Center\"}"}]}
RESULT: undefined
COMMAND: POST /session/582ce5f850a124cd0c5f6fc14f02a0d2/element - {"using":"xpath","value":"//*[@id=\"__item234\"]"}
RESULT: {"using":"xpath","value":"//*[@id=\"__item234\"]"}
COMMAND: POST /session/582ce5f850a124cd0c5f6fc14f02a0d2/element/f.92142B0E1996143B500ED3F2A7F6BA2F.d.044BB02D5BF1467EB4587C49E537F49C.e.10052/click - {}
RESULT: {}
COMMAND: POST /session/582ce5f850a124cd0c5f6fc14f02a0d2/element - {"using":"xpath","value":"//input[@id=\"application-manageyards-display-component---NewYard--addressNewCostObjectCstID-inner\"]"}
COMMAND: GET /session/582ce5f850a124cd0c5f6fc14f02a0d2/screenshot - {}
RESULT: {"using":"xpath","value":"//input[@id=\"application-manageyards-display-component---NewYard--addressNewCostObjectCstID-inner\"]"}
COMMAND: POST /session/582ce5f850a124cd0c5f6fc14f02a0d2/element/f.92142B0E1996143B500ED3F2A7F6BA2F.d.044BB02D5BF1467EB4587C49E537F49C.e.9856/clear - {}
RESULT: {}
COMMAND: POST /session/582ce5f850a124cd0c5f6fc14f02a0d2/element - {"using":"xpath","value":"//input[@id=\"application-manageyards-display-component---NewYard--addressNewCostObjectCstID-inner\"]"}
RESULT: {"using":"xpath","value":"//input[@id=\"application-manageyards-display-component---NewYard--addressNewCostObjectCstID-inner\"]"}
COMMAND: POST /session/582ce5f850a124cd0c5f6fc14f02a0d2/element/f.92142B0E1996143B500ED3F2A7F6BA2F.d.044BB02D5BF1467EB4587C49E537F49C.e.9856/clear - {}
COMMAND: POST /session/582ce5f850a124cd0c5f6fc14f02a0d2/element - {"using":"xpath","value":"//input[@id=\"application-manageyards-display-component---NewYard--addressNewCostObjectCstID-inner\"]"}
RESULT: {"using":"xpath","value":"//input[@id=\"application-manageyards-display-component---NewYard--addressNewCostObjectCstID-inner\"]"}
COMMAND: POST /session/582ce5f850a124cd0c5f6fc14f02a0d2/element/f.92142B0E1996143B500ED3F2A7F6BA2F.d.044BB02D5BF1467EB4587C49E537F49C.e.10056/clear - {}
COMMAND: POST /session/582ce5f850a124cd0c5f6fc14f02a0d2/element - {"using":"xpath","value":"//input[@id=\"application-manageyards-display-component---NewYard--addressNewCostObjectCstID-inner\"]"}
RESULT: {"using":"xpath","value":"//input[@id=\"application-manageyards-display-component---NewYard--addressNewCostObjectCstID-inner\"]"}
COMMAND: POST /session/582ce5f850a124cd0c5f6fc14f02a0d2/element/f.92142B0E1996143B500ED3F2A7F6BA2F.d.044BB02D5BF1467EB4587C49E537F49C.e.10056/clear - {}
COMMAND: POST /session/582ce5f850a124cd0c5f6fc14f02a0d2/element - {"using":"xpath","value":"//input[@id=\"application-manageyards-display-component---NewYard--addressNewCostObjectCstID-inner\"]"}
RESULT: {"using":"xpath","value":"//input[@id=\"application-manageyards-display-component---NewYard--addressNewCostObjectCstID-inner\"]"}
COMMAND: POST /session/582ce5f850a124cd0c5f6fc14f02a0d2/element/f.92142B0E1996143B500ED3F2A7F6BA2F.d.044BB02D5BF1467EB4587C49E537F49C.e.10058/clear - {}
RESULT: {}
COMMAND: POST /session/582ce5f850a124cd0c5f6fc14f02a0d2/element/f.92142B0E1996143B500ED3F2A7F6BA2F.d.044BB02D5BF1467EB4587C49E537F49C.e.10058/value - {"text":"10001013"}
COMMAND: GET /session/582ce5f850a124cd0c5f6fc14f02a0d2/screenshot - {}
RESULT: {"text":"10001013"}
COMMAND: GET /session/582ce5f850a124cd0c5f6fc14f02a0d2/screenshot - {}
RESULT: {}
RESULT: {}
COMMAND: POST /session/582ce5f850a124cd0c5f6fc14f02a0d2/execute/async - {"script":"<script> [1562 bytes]","args":[{"selector":{"controlType":"sap.m.StandardListItem","viewName":"etm.portal.ui.manageyards.view.New","viewId":"application-manageyards-display-component---NewYard","properties":{"type":"Active"},"searchOpenDialogs":true,"interaction":{"idSuffix":"titleText"}},"wdio_ui5_key":"etmportal.ui.manageyards.view.Newsap.m.StandardListItem{\"type\":\"Active\"}"}]}
RESULT: {"script":"<script> [1562 bytes]","args":[{"selector":{"controlType":"sap.m.StandardListItem","viewName":"etm.portal.ui.manageyards.view.New","viewId":"application-manageyards-display-component---NewYard","properties":{"type":"Active"},"searchOpenDialogs":true,"interaction":{"idSuffix":"titleText"}},"wdio_ui5_key":"etmportal.ui.manageyards.view.Newsap.m.StandardListItem{\"type\":\"Active\"}"}]}
RESULT: undefined
COMMAND: POST /session/582ce5f850a124cd0c5f6fc14f02a0d2/element - {"using":"xpath","value":"//*[@id=\"__item339\"]"}
RESULT: {"using":"xpath","value":"//*[@id=\"__item339\"]"}
COMMAND: POST /session/582ce5f850a124cd0c5f6fc14f02a0d2/element/f.92142B0E1996143B500ED3F2A7F6BA2F.d.044BB02D5BF1467EB4587C49E537F49C.e.10062/click - {}
RESULT: {}
COMMAND: POST /session/582ce5f850a124cd0c5f6fc14f02a0d2/execute/async - {"script":"<script> [1562 bytes]","args":[{"selector":{"id":"application-manageyards-display-component---NewYard--addressEditDetailsCurrency-arrow"},"wdio_ui5_key":"applicationmanageyards-display-component---NewYard--addressEditDetailsCurrency-arrow"}]}
COMMAND: GET /session/582ce5f850a124cd0c5f6fc14f02a0d2/screenshot - {}
RESULT: {"script":"<script> [1562 bytes]","args":[{"selector":{"id":"application-manageyards-display-component---NewYard--addressEditDetailsCurrency-arrow"},"wdio_ui5_key":"applicationmanageyards-display-component---NewYard--addressEditDetailsCurrency-arrow"}]}
RESULT: undefined
COMMAND: POST /session/582ce5f850a124cd0c5f6fc14f02a0d2/element - {"using":"xpath","value":"//*[@id=\"application-manageyards-display-component---NewYard--addressEditDetailsCurrency-arrow\"]"}
RESULT: {}
RESULT: {"using":"xpath","value":"//*[@id=\"application-manageyards-display-component---NewYard--addressEditDetailsCurrency-arrow\"]"}
COMMAND: POST /session/582ce5f850a124cd0c5f6fc14f02a0d2/element/f.92142B0E1996143B500ED3F2A7F6BA2F.d.044BB02D5BF1467EB4587C49E537F49C.e.10064/click - {}
RESULT: {}
COMMAND: POST /session/582ce5f850a124cd0c5f6fc14f02a0d2/execute/async - {"script":"<script> [1562 bytes]","args":[{"selector":{"controlType":"sap.m.StandardListItem","viewName":"etm.portal.ui.manageyards.view.New","viewId":"application-manageyards-display-component---NewYard","properties":{"title":"Euro"},"searchOpenDialogs":true,"interaction":{"idSuffix":"content"}},"wdio_ui5_key":"etmportal.ui.manageyards.view.Newsap.m.StandardListItem{\"title\":\"Euro\"}"}]}
COMMAND: GET /session/582ce5f850a124cd0c5f6fc14f02a0d2/screenshot - {}
RESULT: {"script":"<script> [1562 bytes]","args":[{"selector":{"controlType":"sap.m.StandardListItem","viewName":"etm.portal.ui.manageyards.view.New","viewId":"application-manageyards-display-component---NewYard","properties":{"title":"Euro"},"searchOpenDialogs":true,"interaction":{"idSuffix":"content"}},"wdio_ui5_key":"etmportal.ui.manageyards.view.Newsap.m.StandardListItem{\"title\":\"Euro\"}"}]}
RESULT: undefined
COMMAND: POST /session/582ce5f850a124cd0c5f6fc14f02a0d2/element - {"using":"xpath","value":"//*[@id=\"__item340\"]"}
RESULT: {}
RESULT: {"using":"xpath","value":"//*[@id=\"__item340\"]"}
COMMAND: POST /session/582ce5f850a124cd0c5f6fc14f02a0d2/element/f.92142B0E1996143B500ED3F2A7F6BA2F.d.044BB02D5BF1467EB4587C49E537F49C.e.10066/click - {}
RESULT: {}
COMMAND: POST /session/582ce5f850a124cd0c5f6fc14f02a0d2/execute/async - {"script":"<script> [1562 bytes]","args":[{"selector":{"controlType":"sap.m.Input","viewName":"etm.portal.ui.manageyards.view.New","viewId":"application-manageyards-display-component---NewYard","bindingPath":{"path":"","propertyPath":"/CONTROLLING_AREA","modelName":"NewYardModel"},"interaction":{"idSuffix":"inner"}},"wdio_ui5_key":"etmportal.ui.manageyards.view.Newsap.m.Input{\"path\":\"\",\"propertyPath\":\"/CONTROLLING_AREA\",\"modelName\":\"NewYardModel\"}"}]}
COMMAND: GET /session/582ce5f850a124cd0c5f6fc14f02a0d2/screenshot - {}
RESULT: {"script":"<script> [1562 bytes]","args":[{"selector":{"controlType":"sap.m.Input","viewName":"etm.portal.ui.manageyards.view.New","viewId":"application-manageyards-display-component---NewYard","bindingPath":{"path":"","propertyPath":"/CONTROLLING_AREA","modelName":"NewYardModel"},"interaction":{"idSuffix":"inner"}},"wdio_ui5_key":"etmportal.ui.manageyards.view.Newsap.m.Input{\"path\":\"\",\"propertyPath\":\"/CONTROLLING_AREA\",\"modelName\":\"NewYardModel\"}"}]}
RESULT: undefined
COMMAND: POST /session/582ce5f850a124cd0c5f6fc14f02a0d2/execute/async - {"script":"<script> [776 bytes]","args":[{"enterText":"Z001","selector":{"controlType":"sap.m.Input","viewName":"etm.portal.ui.manageyards.view.New","viewId":"application-manageyards-display-component---NewYard","bindingPath":{"path":"","propertyPath":"/CONTROLLING_AREA","modelName":"NewYardModel"},"interaction":{"idSuffix":"inner"}},"clearTextFirst":true,"interactionType":"ENTER_TEXT"}]}
RESULT: {}
RESULT: {"script":"<script> [776 bytes]","args":[{"enterText":"Z001","selector":{"controlType":"sap.m.Input","viewName":"etm.portal.ui.manageyards.view.New","viewId":"application-manageyards-display-component---NewYard","bindingPath":{"path":"","propertyPath":"/CONTROLLING_AREA","modelName":"NewYardModel"},"interaction":{"idSuffix":"inner"}},"clearTextFirst":true,"interactionType":"ENTER_TEXT"}]}
COMMAND: POST /session/582ce5f850a124cd0c5f6fc14f02a0d2/execute/async - {"script":"<script> [1562 bytes]","args":[{"selector":{"id":"application-manageyards-display-component---NewYard--companyCodeComboBox","interaction":{"idSuffix":"inner"}},"wdio_ui5_key":"applicationmanageyards-display-component---NewYard--companyCodeComboBox"}]}
RESULT: {"script":"<script> [1562 bytes]","args":[{"selector":{"id":"application-manageyards-display-component---NewYard--companyCodeComboBox","interaction":{"idSuffix":"inner"}},"wdio_ui5_key":"applicationmanageyards-display-component---NewYard--companyCodeComboBox"}]}
RESULT: undefined
COMMAND: POST /session/582ce5f850a124cd0c5f6fc14f02a0d2/execute/async - {"script":"<script> [776 bytes]","args":[{"enterText":"1000","selector":{"id":"application-manageyards-display-component---NewYard--companyCodeComboBox","interaction":{"idSuffix":"inner"}},"clearTextFirst":true,"interactionType":"ENTER_TEXT"}]}
RESULT: {"script":"<script> [776 bytes]","args":[{"enterText":"1000","selector":{"id":"application-manageyards-display-component---NewYard--companyCodeComboBox","interaction":{"idSuffix":"inner"}},"clearTextFirst":true,"interactionType":"ENTER_TEXT"}]}
COMMAND: POST /session/582ce5f850a124cd0c5f6fc14f02a0d2/execute/async - {"script":"<script> [1562 bytes]","args":[{"selector":{"controlType":"sap.m.Input","viewName":"etm.portal.ui.manageyards.view.New","viewId":"application-manageyards-display-component---NewYard","bindingPath":{"path":"","propertyPath":"/PLANT","modelName":"NewYardModel"},"interaction":{"idSuffix":"inner"}},"wdio_ui5_key":"etmportal.ui.manageyards.view.Newsap.m.Input{\"path\":\"\",\"propertyPath\":\"/PLANT\",\"modelName\":\"NewYardModel\"}"}]}
RESULT: {"script":"<script> [1562 bytes]","args":[{"selector":{"controlType":"sap.m.Input","viewName":"etm.portal.ui.manageyards.view.New","viewId":"application-manageyards-display-component---NewYard","bindingPath":{"path":"","propertyPath":"/PLANT","modelName":"NewYardModel"},"interaction":{"idSuffix":"inner"}},"wdio_ui5_key":"etmportal.ui.manageyards.view.Newsap.m.Input{\"path\":\"\",\"propertyPath\":\"/PLANT\",\"modelName\":\"NewYardModel\"}"}]}
RESULT: undefined
COMMAND: POST /session/582ce5f850a124cd0c5f6fc14f02a0d2/execute/async - {"script":"<script> [776 bytes]","args":[{"enterText":"1001","selector":{"controlType":"sap.m.Input","viewName":"etm.portal.ui.manageyards.view.New","viewId":"application-manageyards-display-component---NewYard","bindingPath":{"path":"","propertyPath":"/PLANT","modelName":"NewYardModel"},"interaction":{"idSuffix":"inner"}},"clearTextFirst":true,"interactionType":"ENTER_TEXT"}]}
RESULT: {"script":"<script> [776 bytes]","args":[{"enterText":"1001","selector":{"controlType":"sap.m.Input","viewName":"etm.portal.ui.manageyards.view.New","viewId":"application-manageyards-display-component---NewYard","bindingPath":{"path":"","propertyPath":"/PLANT","modelName":"NewYardModel"},"interaction":{"idSuffix":"inner"}},"clearTextFirst":true,"interactionType":"ENTER_TEXT"}]}
COMMAND: POST /session/582ce5f850a124cd0c5f6fc14f02a0d2/execute/async - {"script":"<script> [1562 bytes]","args":[{"selector":{"controlType":"sap.m.Input","viewName":"etm.portal.ui.manageyards.view.New","viewId":"application-manageyards-display-component---NewYard","bindingPath":{"path":"","propertyPath":"/SALES_AREA_VKORG","modelName":"NewYardModel"},"interaction":{"idSuffix":"inner"}},"wdio_ui5_key":"etmportal.ui.manageyards.view.Newsap.m.Input{\"path\":\"\",\"propertyPath\":\"/SALES_AREA_VKORG\",\"modelName\":\"NewYardModel\"}"}]}
RESULT: {"script":"<script> [1562 bytes]","args":[{"selector":{"controlType":"sap.m.Input","viewName":"etm.portal.ui.manageyards.view.New","viewId":"application-manageyards-display-component---NewYard","bindingPath":{"path":"","propertyPath":"/SALES_AREA_VKORG","modelName":"NewYardModel"},"interaction":{"idSuffix":"inner"}},"wdio_ui5_key":"etmportal.ui.manageyards.view.Newsap.m.Input{\"path\":\"\",\"propertyPath\":\"/SALES_AREA_VKORG\",\"modelName\":\"NewYardModel\"}"}]}
RESULT: undefined
COMMAND: POST /session/582ce5f850a124cd0c5f6fc14f02a0d2/execute/async - {"script":"<script> [776 bytes]","args":[{"enterText":"C002","selector":{"controlType":"sap.m.Input","viewName":"etm.portal.ui.manageyards.view.New","viewId":"application-manageyards-display-component---NewYard","bindingPath":{"path":"","propertyPath":"/SALES_AREA_VKORG","modelName":"NewYardModel"},"interaction":{"idSuffix":"inner"}},"clearTextFirst":true,"interactionType":"ENTER_TEXT"}]}
RESULT: {"script":"<script> [776 bytes]","args":[{"enterText":"C002","selector":{"controlType":"sap.m.Input","viewName":"etm.portal.ui.manageyards.view.New","viewId":"application-manageyards-display-component---NewYard","bindingPath":{"path":"","propertyPath":"/SALES_AREA_VKORG","modelName":"NewYardModel"},"interaction":{"idSuffix":"inner"}},"clearTextFirst":true,"interactionType":"ENTER_TEXT"}]}
COMMAND: POST /session/582ce5f850a124cd0c5f6fc14f02a0d2/execute/async - {"script":"<script> [1562 bytes]","args":[{"selector":{"controlType":"sap.m.Input","viewName":"etm.portal.ui.manageyards.view.New","viewId":"application-manageyards-display-component---NewYard","bindingPath":{"path":"","propertyPath":"/SALES_AREA_VTWEG","modelName":"NewYardModel"},"interaction":{"idSuffix":"inner"}},"wdio_ui5_key":"etmportal.ui.manageyards.view.Newsap.m.Input{\"path\":\"\",\"propertyPath\":\"/SALES_AREA_VTWEG\",\"modelName\":\"NewYardModel\"}"}]}
RESULT: {"script":"<script> [1562 bytes]","args":[{"selector":{"controlType":"sap.m.Input","viewName":"etm.portal.ui.manageyards.view.New","viewId":"application-manageyards-display-component---NewYard","bindingPath":{"path":"","propertyPath":"/SALES_AREA_VTWEG","modelName":"NewYardModel"},"interaction":{"idSuffix":"inner"}},"wdio_ui5_key":"etmportal.ui.manageyards.view.Newsap.m.Input{\"path\":\"\",\"propertyPath\":\"/SALES_AREA_VTWEG\",\"modelName\":\"NewYardModel\"}"}]}
RESULT: undefined
COMMAND: POST /session/582ce5f850a124cd0c5f6fc14f02a0d2/execute/async - {"script":"<script> [776 bytes]","args":[{"enterText":"C2","selector":{"controlType":"sap.m.Input","viewName":"etm.portal.ui.manageyards.view.New","viewId":"application-manageyards-display-component---NewYard","bindingPath":{"path":"","propertyPath":"/SALES_AREA_VTWEG","modelName":"NewYardModel"},"interaction":{"idSuffix":"inner"}},"clearTextFirst":true,"interactionType":"ENTER_TEXT"}]}
RESULT: {"script":"<script> [776 bytes]","args":[{"enterText":"C2","selector":{"controlType":"sap.m.Input","viewName":"etm.portal.ui.manageyards.view.New","viewId":"application-manageyards-display-component---NewYard","bindingPath":{"path":"","propertyPath":"/SALES_AREA_VTWEG","modelName":"NewYardModel"},"interaction":{"idSuffix":"inner"}},"clearTextFirst":true,"interactionType":"ENTER_TEXT"}]}
COMMAND: POST /session/582ce5f850a124cd0c5f6fc14f02a0d2/execute/async - {"script":"<script> [1562 bytes]","args":[{"selector":{"controlType":"sap.m.Input","viewName":"etm.portal.ui.manageyards.view.New","viewId":"application-manageyards-display-component---NewYard","bindingPath":{"path":"","propertyPath":"/SALES_AREA_SPART","modelName":"NewYardModel"},"interaction":{"idSuffix":"inner"}},"wdio_ui5_key":"etmportal.ui.manageyards.view.Newsap.m.Input{\"path\":\"\",\"propertyPath\":\"/SALES_AREA_SPART\",\"modelName\":\"NewYardModel\"}"}]}
RESULT: {"script":"<script> [1562 bytes]","args":[{"selector":{"controlType":"sap.m.Input","viewName":"etm.portal.ui.manageyards.view.New","viewId":"application-manageyards-display-component---NewYard","bindingPath":{"path":"","propertyPath":"/SALES_AREA_SPART","modelName":"NewYardModel"},"interaction":{"idSuffix":"inner"}},"wdio_ui5_key":"etmportal.ui.manageyards.view.Newsap.m.Input{\"path\":\"\",\"propertyPath\":\"/SALES_AREA_SPART\",\"modelName\":\"NewYardModel\"}"}]}
RESULT: undefined
COMMAND: POST /session/582ce5f850a124cd0c5f6fc14f02a0d2/execute/async - {"script":"<script> [776 bytes]","args":[{"enterText":"C2","selector":{"controlType":"sap.m.Input","viewName":"etm.portal.ui.manageyards.view.New","viewId":"application-manageyards-display-component---NewYard","bindingPath":{"path":"","propertyPath":"/SALES_AREA_SPART","modelName":"NewYardModel"},"interaction":{"idSuffix":"inner"}},"clearTextFirst":true,"interactionType":"ENTER_TEXT"}]}
RESULT: {"script":"<script> [776 bytes]","args":[{"enterText":"C2","selector":{"controlType":"sap.m.Input","viewName":"etm.portal.ui.manageyards.view.New","viewId":"application-manageyards-display-component---NewYard","bindingPath":{"path":"","propertyPath":"/SALES_AREA_SPART","modelName":"NewYardModel"},"interaction":{"idSuffix":"inner"}},"clearTextFirst":true,"interactionType":"ENTER_TEXT"}]}
COMMAND: POST /session/582ce5f850a124cd0c5f6fc14f02a0d2/execute/async - {"script":"<script> [1562 bytes]","args":[{"selector":{"controlType":"sap.m.Input","viewName":"etm.portal.ui.manageyards.view.New","viewId":"application-manageyards-display-component---NewYard","bindingPath":{"path":"","propertyPath":"/SHIP_POINT","modelName":"NewYardModel"},"interaction":{"idSuffix":"inner"}},"wdio_ui5_key":"etmportal.ui.manageyards.view.Newsap.m.Input{\"path\":\"\",\"propertyPath\":\"/SHIP_POINT\",\"modelName\":\"NewYardModel\"}"}]}
RESULT: {"script":"<script> [1562 bytes]","args":[{"selector":{"controlType":"sap.m.Input","viewName":"etm.portal.ui.manageyards.view.New","viewId":"application-manageyards-display-component---NewYard","bindingPath":{"path":"","propertyPath":"/SHIP_POINT","modelName":"NewYardModel"},"interaction":{"idSuffix":"inner"}},"wdio_ui5_key":"etmportal.ui.manageyards.view.Newsap.m.Input{\"path\":\"\",\"propertyPath\":\"/SHIP_POINT\",\"modelName\":\"NewYardModel\"}"}]}
RESULT: undefined
COMMAND: POST /session/582ce5f850a124cd0c5f6fc14f02a0d2/execute/async - {"script":"<script> [776 bytes]","args":[{"enterText":"1710","selector":{"controlType":"sap.m.Input","viewName":"etm.portal.ui.manageyards.view.New","viewId":"application-manageyards-display-component---NewYard","bindingPath":{"path":"","propertyPath":"/SHIP_POINT","modelName":"NewYardModel"},"interaction":{"idSuffix":"inner"}},"clearTextFirst":true,"interactionType":"ENTER_TEXT"}]}
RESULT: {"script":"<script> [776 bytes]","args":[{"enterText":"1710","selector":{"controlType":"sap.m.Input","viewName":"etm.portal.ui.manageyards.view.New","viewId":"application-manageyards-display-component---NewYard","bindingPath":{"path":"","propertyPath":"/SHIP_POINT","modelName":"NewYardModel"},"interaction":{"idSuffix":"inner"}},"clearTextFirst":true,"interactionType":"ENTER_TEXT"}]}
COMMAND: POST /session/582ce5f850a124cd0c5f6fc14f02a0d2/execute/async - {"script":"<script> [1562 bytes]","args":[{"selector":{"controlType":"sap.m.Input","viewName":"etm.portal.ui.manageyards.view.New","viewId":"application-manageyards-display-component---NewYard","bindingPath":{"path":"","propertyPath":"/DELIVERY_TYPE","modelName":"NewYardModel"},"interaction":{"idSuffix":"inner"}},"wdio_ui5_key":"etmportal.ui.manageyards.view.Newsap.m.Input{\"path\":\"\",\"propertyPath\":\"/DELIVERY_TYPE\",\"modelName\":\"NewYardModel\"}"}]}
RESULT: {"script":"<script> [1562 bytes]","args":[{"selector":{"controlType":"sap.m.Input","viewName":"etm.portal.ui.manageyards.view.New","viewId":"application-manageyards-display-component---NewYard","bindingPath":{"path":"","propertyPath":"/DELIVERY_TYPE","modelName":"NewYardModel"},"interaction":{"idSuffix":"inner"}},"wdio_ui5_key":"etmportal.ui.manageyards.view.Newsap.m.Input{\"path\":\"\",\"propertyPath\":\"/DELIVERY_TYPE\",\"modelName\":\"NewYardModel\"}"}]}
RESULT: undefined
COMMAND: POST /session/582ce5f850a124cd0c5f6fc14f02a0d2/execute/async - {"script":"<script> [776 bytes]","args":[{"enterText":"ZL01","selector":{"controlType":"sap.m.Input","viewName":"etm.portal.ui.manageyards.view.New","viewId":"application-manageyards-display-component---NewYard","bindingPath":{"path":"","propertyPath":"/DELIVERY_TYPE","modelName":"NewYardModel"},"interaction":{"idSuffix":"inner"}},"clearTextFirst":true,"interactionType":"ENTER_TEXT"}]}
RESULT: {"script":"<script> [776 bytes]","args":[{"enterText":"ZL01","selector":{"controlType":"sap.m.Input","viewName":"etm.portal.ui.manageyards.view.New","viewId":"application-manageyards-display-component---NewYard","bindingPath":{"path":"","propertyPath":"/DELIVERY_TYPE","modelName":"NewYardModel"},"interaction":{"idSuffix":"inner"}},"clearTextFirst":true,"interactionType":"ENTER_TEXT"}]}
COMMAND: POST /session/582ce5f850a124cd0c5f6fc14f02a0d2/execute/async - {"script":"<script> [1562 bytes]","args":[{"selector":{"controlType":"sap.m.Input","viewName":"etm.portal.ui.manageyards.view.New","viewId":"application-manageyards-display-component---NewYard","bindingPath":{"path":"","propertyPath":"/AUART","modelName":"NewYardModel"},"interaction":{"idSuffix":"inner"}},"wdio_ui5_key":"etmportal.ui.manageyards.view.Newsap.m.Input{\"path\":\"\",\"propertyPath\":\"/AUART\",\"modelName\":\"NewYardModel\"}"}]}
RESULT: {"script":"<script> [1562 bytes]","args":[{"selector":{"controlType":"sap.m.Input","viewName":"etm.portal.ui.manageyards.view.New","viewId":"application-manageyards-display-component---NewYard","bindingPath":{"path":"","propertyPath":"/AUART","modelName":"NewYardModel"},"interaction":{"idSuffix":"inner"}},"wdio_ui5_key":"etmportal.ui.manageyards.view.Newsap.m.Input{\"path\":\"\",\"propertyPath\":\"/AUART\",\"modelName\":\"NewYardModel\"}"}]}
RESULT: undefined
COMMAND: POST /session/582ce5f850a124cd0c5f6fc14f02a0d2/execute/async - {"script":"<script> [776 bytes]","args":[{"enterText":"TA","selector":{"controlType":"sap.m.Input","viewName":"etm.portal.ui.manageyards.view.New","viewId":"application-manageyards-display-component---NewYard","bindingPath":{"path":"","propertyPath":"/AUART","modelName":"NewYardModel"},"interaction":{"idSuffix":"inner"}},"clearTextFirst":true,"interactionType":"ENTER_TEXT"}]}
RESULT: {"script":"<script> [776 bytes]","args":[{"enterText":"TA","selector":{"controlType":"sap.m.Input","viewName":"etm.portal.ui.manageyards.view.New","viewId":"application-manageyards-display-component---NewYard","bindingPath":{"path":"","propertyPath":"/AUART","modelName":"NewYardModel"},"interaction":{"idSuffix":"inner"}},"clearTextFirst":true,"interactionType":"ENTER_TEXT"}]}
COMMAND: POST /session/582ce5f850a124cd0c5f6fc14f02a0d2/execute/async - {"script":"<script> [1562 bytes]","args":[{"selector":{"controlType":"sap.m.Button","viewName":"etm.portal.ui.manageyards.view.New","viewId":"application-manageyards-display-component---NewYard","i18NText":{"propertyName":"text","key":"save"},"interaction":{"idSuffix":"BDI-content"}},"wdio_ui5_key":"etmportal.ui.manageyards.view.Newsap.m.Button{\"propertyName\":\"text\",\"key\":\"save\"}"}]}
RESULT: {"script":"<script> [1562 bytes]","args":[{"selector":{"controlType":"sap.m.Button","viewName":"etm.portal.ui.manageyards.view.New","viewId":"application-manageyards-display-component---NewYard","i18NText":{"propertyName":"text","key":"save"},"interaction":{"idSuffix":"BDI-content"}},"wdio_ui5_key":"etmportal.ui.manageyards.view.Newsap.m.Button{\"propertyName\":\"text\",\"key\":\"save\"}"}]}
RESULT: undefined
COMMAND: POST /session/582ce5f850a124cd0c5f6fc14f02a0d2/element - {"using":"xpath","value":"//*[@id=\"__button18\"]"}
RESULT: {"using":"xpath","value":"//*[@id=\"__button18\"]"}
COMMAND: POST /session/582ce5f850a124cd0c5f6fc14f02a0d2/element/f.92142B0E1996143B500ED3F2A7F6BA2F.d.044BB02D5BF1467EB4587C49E537F49C.e.10018/click - {}
RESULT: {}
COMMAND: GET /session/582ce5f850a124cd0c5f6fc14f02a0d2/screenshot - {}
COMMAND: POST /session/582ce5f850a124cd0c5f6fc14f02a0d2/execute/async - {"script":"<script> [1562 bytes]","args":[{"selector":{"controlType":"sap.m.Text","viewName":"etm.portal.ui.manageyards.view.Detail","viewId":"application-manageyards-display-component---detailYard","bindingPath":{"propertyPath":"ID","modelName":"catalogModel"}},"wdio_ui5_key":"etmportal.ui.manageyards.view.Detailsap.m.Text{\"propertyPath\":\"ID\",\"modelName\":\"catalogModel\"}"}]}
RESULT: {}
RESULT: {"script":"<script> [1562 bytes]","args":[{"selector":{"controlType":"sap.m.Text","viewName":"etm.portal.ui.manageyards.view.Detail","viewId":"application-manageyards-display-component---detailYard","bindingPath":{"propertyPath":"ID","modelName":"catalogModel"}},"wdio_ui5_key":"etmportal.ui.manageyards.view.Detailsap.m.Text{\"propertyPath\":\"ID\",\"modelName\":\"catalogModel\"}"}]}
RESULT: undefined
COMMAND: POST /session/582ce5f850a124cd0c5f6fc14f02a0d2/execute/async - {"script":"<script> [6424 bytes]","args":[{"element-6066-11e4-a52e-4f735466cecf":"f.92142B0E1996143B500ED3F2A7F6BA2F.d.044BB02D5BF1467EB4587C49E537F49C.e.10268"},"getText",[]]}
RESULT: {"script":"<script> [6424 bytes]","args":[{"element-6066-11e4-a52e-4f735466cecf":"f.92142B0E1996143B500ED3F2A7F6BA2F.d.044BB02D5BF1467EB4587C49E537F49C.e.10268"},"getText",[]]}
COMMAND: POST /session/582ce5f850a124cd0c5f6fc14f02a0d2/element - {"using":"css selector","value":"#shell-header-logo"}
RESULT: {"using":"css selector","value":"#shell-header-logo"}
COMMAND: POST /session/582ce5f850a124cd0c5f6fc14f02a0d2/element/f.92142B0E1996143B500ED3F2A7F6BA2F.d.044BB02D5BF1467EB4587C49E537F49C.e.9574/click - {}
RESULT: {}
COMMAND: GET /session/582ce5f850a124cd0c5f6fc14f02a0d2/screenshot - {}
RESULT: {}
]]></system-out>
    </testcase>
    <testcase classname="chrome.135_0_7049_96.windows.Provide_to_Site_w/o_warehouse_management_w/_clarification_US116605" name="Should create WHM site" time="63.102">
      <system-out><![CDATA[
COMMAND: POST /session/582ce5f850a124cd0c5f6fc14f02a0d2/execute/async - {"script":"<script> [1562 bytes]","args":[{"selector":{"controlType":"sap.m.GenericTile","properties":{"header":"Manage Sites"}},"wdio_ui5_key":"sapm.GenericTile{\"header\":\"Manage Sites\"}"}]}
RESULT: {"script":"<script> [1562 bytes]","args":[{"selector":{"controlType":"sap.m.GenericTile","properties":{"header":"Manage Sites"}},"wdio_ui5_key":"sapm.GenericTile{\"header\":\"Manage Sites\"}"}]}
RESULT: undefined
COMMAND: POST /session/582ce5f850a124cd0c5f6fc14f02a0d2/element - {"using":"xpath","value":"//*[@id=\"__tile40\"]"}
RESULT: {"using":"xpath","value":"//*[@id=\"__tile40\"]"}
COMMAND: POST /session/582ce5f850a124cd0c5f6fc14f02a0d2/element/f.92142B0E1996143B500ED3F2A7F6BA2F.d.044BB02D5BF1467EB4587C49E537F49C.e.10270/click - {}
RESULT: {}
COMMAND: GET /session/582ce5f850a124cd0c5f6fc14f02a0d2/screenshot - {}
RESULT: {}
COMMAND: POST /session/582ce5f850a124cd0c5f6fc14f02a0d2/execute/async - {"script":"<script> [1562 bytes]","args":[{"selector":{"controlType":"sap.ui.core.Icon","viewName":"etm.portal.ui.managesites.view.Master","viewId":"application-managesites-display-component---masterSite","properties":{"src":{"regex":{"source":"add"}}}},"wdio_ui5_key":"etmportal.ui.managesites.view.Mastersap.ui.core.Icon{\"src\":{\"regex\":{\"source\":\"add\"}}}"}]}
RESULT: {"script":"<script> [1562 bytes]","args":[{"selector":{"controlType":"sap.ui.core.Icon","viewName":"etm.portal.ui.managesites.view.Master","viewId":"application-managesites-display-component---masterSite","properties":{"src":{"regex":{"source":"add"}}}},"wdio_ui5_key":"etmportal.ui.managesites.view.Mastersap.ui.core.Icon{\"src\":{\"regex\":{\"source\":\"add\"}}}"}]}
RESULT: undefined
COMMAND: POST /session/582ce5f850a124cd0c5f6fc14f02a0d2/element - {"using":"xpath","value":"//*[@id=\"__button64-img\"]"}
RESULT: {"using":"xpath","value":"//*[@id=\"__button64-img\"]"}
COMMAND: POST /session/582ce5f850a124cd0c5f6fc14f02a0d2/element/f.92142B0E1996143B500ED3F2A7F6BA2F.d.044BB02D5BF1467EB4587C49E537F49C.e.10317/click - {}
RESULT: {}
COMMAND: GET /session/582ce5f850a124cd0c5f6fc14f02a0d2/screenshot - {}
COMMAND: POST /session/582ce5f850a124cd0c5f6fc14f02a0d2/execute/async - {"script":"<script> [1562 bytes]","args":[{"selector":{"controlType":"sap.m.Button","viewName":"etm.portal.ui.managesites.view.NewSmartSite","viewId":"application-managesites-display-component---NewSite","properties":{"text":"General Information"},"interaction":{"idSuffix":"BDI-content"}},"wdio_ui5_key":"etmportal.ui.managesites.view.NewSmartSitesap.m.Button{\"text\":\"General Information\"}"}]}
RESULT: {}
RESULT: {"script":"<script> [1562 bytes]","args":[{"selector":{"controlType":"sap.m.Button","viewName":"etm.portal.ui.managesites.view.NewSmartSite","viewId":"application-managesites-display-component---NewSite","properties":{"text":"General Information"},"interaction":{"idSuffix":"BDI-content"}},"wdio_ui5_key":"etmportal.ui.managesites.view.NewSmartSitesap.m.Button{\"text\":\"General Information\"}"}]}
RESULT: undefined
COMMAND: POST /session/582ce5f850a124cd0c5f6fc14f02a0d2/element - {"using":"xpath","value":"//*[@id=\"application-managesites-display-component---NewSite--ObjectPageLayout-anchBar-__section31-anchor\"]"}
RESULT: {"using":"xpath","value":"//*[@id=\"application-managesites-display-component---NewSite--ObjectPageLayout-anchBar-__section31-anchor\"]"}
COMMAND: POST /session/582ce5f850a124cd0c5f6fc14f02a0d2/element/f.92142B0E1996143B500ED3F2A7F6BA2F.d.044BB02D5BF1467EB4587C49E537F49C.e.10707/click - {}
RESULT: {}
COMMAND: POST /session/582ce5f850a124cd0c5f6fc14f02a0d2/execute/async - {"script":"<script> [1562 bytes]","args":[{"selector":{"id":"application-managesites-display-component---NewSite--addressDetailDetailsName1","interaction":{"idSuffix":"inner"}},"wdio_ui5_key":"applicationmanagesites-display-component---NewSite--addressDetailDetailsName1"}]}
COMMAND: GET /session/582ce5f850a124cd0c5f6fc14f02a0d2/screenshot - {}
RESULT: {"script":"<script> [1562 bytes]","args":[{"selector":{"id":"application-managesites-display-component---NewSite--addressDetailDetailsName1","interaction":{"idSuffix":"inner"}},"wdio_ui5_key":"applicationmanagesites-display-component---NewSite--addressDetailDetailsName1"}]}
RESULT: undefined
COMMAND: POST /session/582ce5f850a124cd0c5f6fc14f02a0d2/execute/async - {"script":"<script> [776 bytes]","args":[{"enterText":"WDI5 WHM Site","selector":{"id":"application-managesites-display-component---NewSite--addressDetailDetailsName1","interaction":{"idSuffix":"inner"}},"clearTextFirst":true,"interactionType":"ENTER_TEXT"}]}
RESULT: {}
RESULT: {"script":"<script> [776 bytes]","args":[{"enterText":"WDI5 WHM Site","selector":{"id":"application-managesites-display-component---NewSite--addressDetailDetailsName1","interaction":{"idSuffix":"inner"}},"clearTextFirst":true,"interactionType":"ENTER_TEXT"}]}
COMMAND: POST /session/582ce5f850a124cd0c5f6fc14f02a0d2/execute/async - {"script":"<script> [1562 bytes]","args":[{"selector":{"id":"application-managesites-display-component---NewSite--addressDetailDetailsLanguage","interaction":{"idSuffix":"inner"}},"wdio_ui5_key":"applicationmanagesites-display-component---NewSite--addressDetailDetailsLanguage"}]}
RESULT: {"script":"<script> [1562 bytes]","args":[{"selector":{"id":"application-managesites-display-component---NewSite--addressDetailDetailsLanguage","interaction":{"idSuffix":"inner"}},"wdio_ui5_key":"applicationmanagesites-display-component---NewSite--addressDetailDetailsLanguage"}]}
RESULT: undefined
COMMAND: POST /session/582ce5f850a124cd0c5f6fc14f02a0d2/execute/async - {"script":"<script> [776 bytes]","args":[{"enterText":"Romanian","selector":{"id":"application-managesites-display-component---NewSite--addressDetailDetailsLanguage","interaction":{"idSuffix":"inner"}},"clearTextFirst":true,"interactionType":"ENTER_TEXT"}]}
RESULT: {"script":"<script> [776 bytes]","args":[{"enterText":"Romanian","selector":{"id":"application-managesites-display-component---NewSite--addressDetailDetailsLanguage","interaction":{"idSuffix":"inner"}},"clearTextFirst":true,"interactionType":"ENTER_TEXT"}]}
COMMAND: POST /session/582ce5f850a124cd0c5f6fc14f02a0d2/execute/async - {"script":"<script> [1562 bytes]","args":[{"selector":{"id":"application-managesites-display-component---NewSite--addressDetailDetailsCity1","interaction":{"idSuffix":"inner"}},"wdio_ui5_key":"applicationmanagesites-display-component---NewSite--addressDetailDetailsCity1"}]}
RESULT: {"script":"<script> [1562 bytes]","args":[{"selector":{"id":"application-managesites-display-component---NewSite--addressDetailDetailsCity1","interaction":{"idSuffix":"inner"}},"wdio_ui5_key":"applicationmanagesites-display-component---NewSite--addressDetailDetailsCity1"}]}
RESULT: undefined
COMMAND: POST /session/582ce5f850a124cd0c5f6fc14f02a0d2/execute/async - {"script":"<script> [776 bytes]","args":[{"enterText":"Bucharest","selector":{"id":"application-managesites-display-component---NewSite--addressDetailDetailsCity1","interaction":{"idSuffix":"inner"}},"clearTextFirst":true,"interactionType":"ENTER_TEXT"}]}
RESULT: {"script":"<script> [776 bytes]","args":[{"enterText":"Bucharest","selector":{"id":"application-managesites-display-component---NewSite--addressDetailDetailsCity1","interaction":{"idSuffix":"inner"}},"clearTextFirst":true,"interactionType":"ENTER_TEXT"}]}
COMMAND: POST /session/582ce5f850a124cd0c5f6fc14f02a0d2/execute/async - {"script":"<script> [1562 bytes]","args":[{"selector":{"id":"application-managesites-display-component---NewSite--addressDetailDetailsCountry","interaction":{"idSuffix":"inner"}},"wdio_ui5_key":"applicationmanagesites-display-component---NewSite--addressDetailDetailsCountry"}]}
RESULT: {"script":"<script> [1562 bytes]","args":[{"selector":{"id":"application-managesites-display-component---NewSite--addressDetailDetailsCountry","interaction":{"idSuffix":"inner"}},"wdio_ui5_key":"applicationmanagesites-display-component---NewSite--addressDetailDetailsCountry"}]}
RESULT: undefined
COMMAND: POST /session/582ce5f850a124cd0c5f6fc14f02a0d2/execute/async - {"script":"<script> [6424 bytes]","args":[{"element-6066-11e4-a52e-4f735466cecf":"f.92142B0E1996143B500ED3F2A7F6BA2F.d.044BB02D5BF1467EB4587C49E537F49C.e.10504"},"setValue",["Romania"]]}
RESULT: {"script":"<script> [6424 bytes]","args":[{"element-6066-11e4-a52e-4f735466cecf":"f.92142B0E1996143B500ED3F2A7F6BA2F.d.044BB02D5BF1467EB4587C49E537F49C.e.10504"},"setValue",["Romania"]]}
COMMAND: POST /session/582ce5f850a124cd0c5f6fc14f02a0d2/execute/async - {"script":"<script> [1562 bytes]","args":[{"selector":{"id":"application-managesites-display-component---NewSite--addressDetailDetailsCalendar","interaction":{"idSuffix":"inner"}},"wdio_ui5_key":"applicationmanagesites-display-component---NewSite--addressDetailDetailsCalendar"}]}
RESULT: {"script":"<script> [1562 bytes]","args":[{"selector":{"id":"application-managesites-display-component---NewSite--addressDetailDetailsCalendar","interaction":{"idSuffix":"inner"}},"wdio_ui5_key":"applicationmanagesites-display-component---NewSite--addressDetailDetailsCalendar"}]}
RESULT: undefined
COMMAND: POST /session/582ce5f850a124cd0c5f6fc14f02a0d2/execute/async - {"script":"<script> [776 bytes]","args":[{"enterText":"8 - Germany (Standard)","selector":{"id":"application-managesites-display-component---NewSite--addressDetailDetailsCalendar","interaction":{"idSuffix":"inner"}},"clearTextFirst":true,"interactionType":"ENTER_TEXT"}]}
RESULT: {"script":"<script> [776 bytes]","args":[{"enterText":"8 - Germany (Standard)","selector":{"id":"application-managesites-display-component---NewSite--addressDetailDetailsCalendar","interaction":{"idSuffix":"inner"}},"clearTextFirst":true,"interactionType":"ENTER_TEXT"}]}
COMMAND: POST /session/582ce5f850a124cd0c5f6fc14f02a0d2/element - {"using":"xpath","value":"//input[@id=\"application-managesites-display-component---NewSite--addressDetailDetailsYard-inner\"]"}
RESULT: {"using":"xpath","value":"//input[@id=\"application-managesites-display-component---NewSite--addressDetailDetailsYard-inner\"]"}
COMMAND: POST /session/582ce5f850a124cd0c5f6fc14f02a0d2/element/f.92142B0E1996143B500ED3F2A7F6BA2F.d.044BB02D5BF1467EB4587C49E537F49C.e.10515/clear - {}
RESULT: {}
COMMAND: POST /session/582ce5f850a124cd0c5f6fc14f02a0d2/element/f.92142B0E1996143B500ED3F2A7F6BA2F.d.044BB02D5BF1467EB4587C49E537F49C.e.10515/value - {"text":"413"}
COMMAND: GET /session/582ce5f850a124cd0c5f6fc14f02a0d2/screenshot - {}
RESULT: {"text":"413"}
COMMAND: GET /session/582ce5f850a124cd0c5f6fc14f02a0d2/screenshot - {}
RESULT: {}
RESULT: {}
COMMAND: POST /session/582ce5f850a124cd0c5f6fc14f02a0d2/execute/async - {"script":"<script> [1562 bytes]","args":[{"selector":{"controlType":"sap.m.Button","viewName":"etm.portal.ui.managesites.view.NewSmartSite","viewId":"application-managesites-display-component---NewSite","properties":{"text":"Commercial"},"interaction":{"idSuffix":"BDI-content"}},"wdio_ui5_key":"etmportal.ui.managesites.view.NewSmartSitesap.m.Button{\"text\":\"Commercial\"}"}]}
RESULT: {"script":"<script> [1562 bytes]","args":[{"selector":{"controlType":"sap.m.Button","viewName":"etm.portal.ui.managesites.view.NewSmartSite","viewId":"application-managesites-display-component---NewSite","properties":{"text":"Commercial"},"interaction":{"idSuffix":"BDI-content"}},"wdio_ui5_key":"etmportal.ui.managesites.view.NewSmartSitesap.m.Button{\"text\":\"Commercial\"}"}]}
RESULT: undefined
COMMAND: POST /session/582ce5f850a124cd0c5f6fc14f02a0d2/element - {"using":"xpath","value":"//*[@id=\"application-managesites-display-component---NewSite--ObjectPageLayout-anchBar-__section33-anchor\"]"}
RESULT: {"using":"xpath","value":"//*[@id=\"application-managesites-display-component---NewSite--ObjectPageLayout-anchBar-__section33-anchor\"]"}
COMMAND: POST /session/582ce5f850a124cd0c5f6fc14f02a0d2/element/f.92142B0E1996143B500ED3F2A7F6BA2F.d.044BB02D5BF1467EB4587C49E537F49C.e.10716/click - {}
RESULT: {}
COMMAND: POST /session/582ce5f850a124cd0c5f6fc14f02a0d2/execute/async - {"script":"<script> [1562 bytes]","args":[{"selector":{"controlType":"sap.m.Button","viewName":"etm.portal.ui.managesites.view.NewSmartSite","viewId":"application-managesites-display-component---NewSite","i18NText":{"propertyName":"text","key":"save"},"interaction":{"idSuffix":"BDI-content"}},"wdio_ui5_key":"etmportal.ui.managesites.view.NewSmartSitesap.m.Button{\"propertyName\":\"text\",\"key\":\"save\"}"}]}
COMMAND: GET /session/582ce5f850a124cd0c5f6fc14f02a0d2/screenshot - {}
RESULT: {"script":"<script> [1562 bytes]","args":[{"selector":{"controlType":"sap.m.Button","viewName":"etm.portal.ui.managesites.view.NewSmartSite","viewId":"application-managesites-display-component---NewSite","i18NText":{"propertyName":"text","key":"save"},"interaction":{"idSuffix":"BDI-content"}},"wdio_ui5_key":"etmportal.ui.managesites.view.NewSmartSitesap.m.Button{\"propertyName\":\"text\",\"key\":\"save\"}"}]}
RESULT: undefined
COMMAND: POST /session/582ce5f850a124cd0c5f6fc14f02a0d2/element - {"using":"xpath","value":"//*[@id=\"__button76\"]"}
RESULT: {}
RESULT: {"using":"xpath","value":"//*[@id=\"__button76\"]"}
COMMAND: POST /session/582ce5f850a124cd0c5f6fc14f02a0d2/element/f.92142B0E1996143B500ED3F2A7F6BA2F.d.044BB02D5BF1467EB4587C49E537F49C.e.10692/click - {}
RESULT: {}
COMMAND: GET /session/582ce5f850a124cd0c5f6fc14f02a0d2/screenshot - {}
RESULT: {}
COMMAND: POST /session/582ce5f850a124cd0c5f6fc14f02a0d2/execute/async - {"script":"<script> [1562 bytes]","args":[{"selector":{"controlType":"sap.m.Text","viewName":"etm.portal.ui.managesites.view.Detail","viewId":"application-managesites-display-component---detailSite","bindingPath":{"propertyPath":"ID","modelName":"catalogModel"}},"wdio_ui5_key":"etmportal.ui.managesites.view.Detailsap.m.Text{\"propertyPath\":\"ID\",\"modelName\":\"catalogModel\"}"}]}
RESULT: {"script":"<script> [1562 bytes]","args":[{"selector":{"controlType":"sap.m.Text","viewName":"etm.portal.ui.managesites.view.Detail","viewId":"application-managesites-display-component---detailSite","bindingPath":{"propertyPath":"ID","modelName":"catalogModel"}},"wdio_ui5_key":"etmportal.ui.managesites.view.Detailsap.m.Text{\"propertyPath\":\"ID\",\"modelName\":\"catalogModel\"}"}]}
RESULT: undefined
COMMAND: POST /session/582ce5f850a124cd0c5f6fc14f02a0d2/execute/async - {"script":"<script> [6424 bytes]","args":[{"element-6066-11e4-a52e-4f735466cecf":"f.92142B0E1996143B500ED3F2A7F6BA2F.d.044BB02D5BF1467EB4587C49E537F49C.e.10918"},"getText",[]]}
RESULT: {"script":"<script> [6424 bytes]","args":[{"element-6066-11e4-a52e-4f735466cecf":"f.92142B0E1996143B500ED3F2A7F6BA2F.d.044BB02D5BF1467EB4587C49E537F49C.e.10918"},"getText",[]]}
COMMAND: POST /session/582ce5f850a124cd0c5f6fc14f02a0d2/execute/async - {"script":"<script> [1562 bytes]","args":[{"selector":{"controlType":"sap.m.Label","viewName":"etm.portal.ui.managesites.view.Detail","viewId":"application-managesites-display-component---detailSite","i18NText":{"propertyName":"text","key":"status"}},"wdio_ui5_key":"etmportal.ui.managesites.view.Detailsap.m.Label{\"propertyName\":\"text\",\"key\":\"status\"}"}]}
RESULT: {"script":"<script> [1562 bytes]","args":[{"selector":{"controlType":"sap.m.Label","viewName":"etm.portal.ui.managesites.view.Detail","viewId":"application-managesites-display-component---detailSite","i18NText":{"propertyName":"text","key":"status"}},"wdio_ui5_key":"etmportal.ui.managesites.view.Detailsap.m.Label{\"propertyName\":\"text\",\"key\":\"status\"}"}]}
RESULT: undefined
COMMAND: POST /session/582ce5f850a124cd0c5f6fc14f02a0d2/execute/async - {"script":"<script> [6424 bytes]","args":[{"element-6066-11e4-a52e-4f735466cecf":"f.92142B0E1996143B500ED3F2A7F6BA2F.d.044BB02D5BF1467EB4587C49E537F49C.e.10906"},"getText",[]]}
RESULT: {"script":"<script> [6424 bytes]","args":[{"element-6066-11e4-a52e-4f735466cecf":"f.92142B0E1996143B500ED3F2A7F6BA2F.d.044BB02D5BF1467EB4587C49E537F49C.e.10906"},"getText",[]]}
RESULT: undefined
COMMAND: POST /session/582ce5f850a124cd0c5f6fc14f02a0d2/element - {"using":"xpath","value":"//*[@id=\"shell-header\"]"}
RESULT: {"using":"xpath","value":"//*[@id=\"shell-header\"]"}
COMMAND: POST /session/582ce5f850a124cd0c5f6fc14f02a0d2/element/f.92142B0E1996143B500ED3F2A7F6BA2F.d.044BB02D5BF1467EB4587C49E537F49C.e.10919/click - {}
RESULT: {}
COMMAND: POST /session/582ce5f850a124cd0c5f6fc14f02a0d2/element - {"using":"css selector","value":"#shell-header-logo"}
COMMAND: GET /session/582ce5f850a124cd0c5f6fc14f02a0d2/screenshot - {}
RESULT: {"using":"css selector","value":"#shell-header-logo"}
COMMAND: POST /session/582ce5f850a124cd0c5f6fc14f02a0d2/element/f.92142B0E1996143B500ED3F2A7F6BA2F.d.044BB02D5BF1467EB4587C49E537F49C.e.10273/click - {}
RESULT: {}
RESULT: {}
]]></system-out>
    </testcase>
    <testcase classname="chrome.135_0_7049_96.windows.Provide_to_Site_w/o_warehouse_management_w/_clarification_US116605" name="Should create WHM Partner" time="72.768">
      <system-out><![CDATA[
COMMAND: GET /session/582ce5f850a124cd0c5f6fc14f02a0d2/screenshot - {}
COMMAND: POST /session/582ce5f850a124cd0c5f6fc14f02a0d2/execute/async - {"script":"<script> [1562 bytes]","args":[{"selector":{"controlType":"sap.m.GenericTile","properties":{"header":"Manage Partners"}},"wdio_ui5_key":"sapm.GenericTile{\"header\":\"Manage Partners\"}"}]}
RESULT: {}
RESULT: {"script":"<script> [1562 bytes]","args":[{"selector":{"controlType":"sap.m.GenericTile","properties":{"header":"Manage Partners"}},"wdio_ui5_key":"sapm.GenericTile{\"header\":\"Manage Partners\"}"}]}
RESULT: undefined
COMMAND: POST /session/582ce5f850a124cd0c5f6fc14f02a0d2/element - {"using":"xpath","value":"//*[@id=\"__tile38\"]"}
RESULT: {"using":"xpath","value":"//*[@id=\"__tile38\"]"}
COMMAND: POST /session/582ce5f850a124cd0c5f6fc14f02a0d2/element/f.92142B0E1996143B500ED3F2A7F6BA2F.d.044BB02D5BF1467EB4587C49E537F49C.e.10924/click - {}
RESULT: {}
COMMAND: GET /session/582ce5f850a124cd0c5f6fc14f02a0d2/screenshot - {}
RESULT: {}
COMMAND: POST /session/582ce5f850a124cd0c5f6fc14f02a0d2/element - {"using":"xpath","value":"//button[(@data-kt = 'addButton')]"}
RESULT: {"using":"xpath","value":"//button[(@data-kt = 'addButton')]"}
COMMAND: POST /session/582ce5f850a124cd0c5f6fc14f02a0d2/elements - {"using":"xpath","value":"//button[(@data-kt = 'addButton')]"}
RESULT: {"using":"xpath","value":"//button[(@data-kt = 'addButton')]"}
COMMAND: POST /session/582ce5f850a124cd0c5f6fc14f02a0d2/elements - {"using":"xpath","value":"//button[(@data-kt = 'addButton')]"}
RESULT: {"using":"xpath","value":"//button[(@data-kt = 'addButton')]"}
COMMAND: POST /session/582ce5f850a124cd0c5f6fc14f02a0d2/element - {"using":"xpath","value":"//button[(@data-kt = 'addButton')]"}
RESULT: {"using":"xpath","value":"//button[(@data-kt = 'addButton')]"}
COMMAND: POST /session/582ce5f850a124cd0c5f6fc14f02a0d2/element/f.92142B0E1996143B500ED3F2A7F6BA2F.d.044BB02D5BF1467EB4587C49E537F49C.e.10973/click - {}
RESULT: {}
COMMAND: POST /session/582ce5f850a124cd0c5f6fc14f02a0d2/execute/async - {"script":"<script> [1562 bytes]","args":[{"selector":{"id":"application-managepartners-display-component---NewPartner--addressDetailDetailsName1","interaction":{"idSuffix":"inner"}},"wdio_ui5_key":"applicationmanagepartners-display-component---NewPartner--addressDetailDetailsName1"}]}
COMMAND: GET /session/582ce5f850a124cd0c5f6fc14f02a0d2/screenshot - {}
RESULT: {"script":"<script> [1562 bytes]","args":[{"selector":{"id":"application-managepartners-display-component---NewPartner--addressDetailDetailsName1","interaction":{"idSuffix":"inner"}},"wdio_ui5_key":"applicationmanagepartners-display-component---NewPartner--addressDetailDetailsName1"}]}
RESULT: undefined
COMMAND: POST /session/582ce5f850a124cd0c5f6fc14f02a0d2/execute/async - {"script":"<script> [776 bytes]","args":[{"enterText":"WDI5-Partners","selector":{"id":"application-managepartners-display-component---NewPartner--addressDetailDetailsName1","interaction":{"idSuffix":"inner"}},"clearTextFirst":true,"interactionType":"ENTER_TEXT"}]}
RESULT: {}
RESULT: {"script":"<script> [776 bytes]","args":[{"enterText":"WDI5-Partners","selector":{"id":"application-managepartners-display-component---NewPartner--addressDetailDetailsName1","interaction":{"idSuffix":"inner"}},"clearTextFirst":true,"interactionType":"ENTER_TEXT"}]}
COMMAND: POST /session/582ce5f850a124cd0c5f6fc14f02a0d2/execute/async - {"script":"<script> [1562 bytes]","args":[{"selector":{"id":"application-managepartners-display-component---NewPartner--addressDetailDetailsLanguage-arrow"},"wdio_ui5_key":"applicationmanagepartners-display-component---NewPartner--addressDetailDetailsLanguage-arrow"}]}
RESULT: {"script":"<script> [1562 bytes]","args":[{"selector":{"id":"application-managepartners-display-component---NewPartner--addressDetailDetailsLanguage-arrow"},"wdio_ui5_key":"applicationmanagepartners-display-component---NewPartner--addressDetailDetailsLanguage-arrow"}]}
RESULT: undefined
COMMAND: POST /session/582ce5f850a124cd0c5f6fc14f02a0d2/element - {"using":"xpath","value":"//*[@id=\"application-managepartners-display-component---NewPartner--addressDetailDetailsLanguage-arrow\"]"}
RESULT: {"using":"xpath","value":"//*[@id=\"application-managepartners-display-component---NewPartner--addressDetailDetailsLanguage-arrow\"]"}
COMMAND: POST /session/582ce5f850a124cd0c5f6fc14f02a0d2/element/f.92142B0E1996143B500ED3F2A7F6BA2F.d.044BB02D5BF1467EB4587C49E537F49C.e.11390/click - {}
RESULT: {}
COMMAND: POST /session/582ce5f850a124cd0c5f6fc14f02a0d2/execute/async - {"script":"<script> [1562 bytes]","args":[{"selector":{"controlType":"sap.m.StandardListItem","viewName":"etm.portal.ui.managepartners.view.NewPartner","viewId":"application-managepartners-display-component---NewPartner","properties":{"title":"English"},"searchOpenDialogs":true,"interaction":{"idSuffix":"content"}},"wdio_ui5_key":"etmportal.ui.managepartners.view.NewPartnersap.m.StandardListItem{\"title\":\"English\"}"}]}
COMMAND: GET /session/582ce5f850a124cd0c5f6fc14f02a0d2/screenshot - {}
RESULT: {"script":"<script> [1562 bytes]","args":[{"selector":{"controlType":"sap.m.StandardListItem","viewName":"etm.portal.ui.managepartners.view.NewPartner","viewId":"application-managepartners-display-component---NewPartner","properties":{"title":"English"},"searchOpenDialogs":true,"interaction":{"idSuffix":"content"}},"wdio_ui5_key":"etmportal.ui.managepartners.view.NewPartnersap.m.StandardListItem{\"title\":\"English\"}"}]}
RESULT: undefined
COMMAND: POST /session/582ce5f850a124cd0c5f6fc14f02a0d2/element - {"using":"xpath","value":"//*[@id=\"__item1027\"]"}
RESULT: {}
RESULT: {"using":"xpath","value":"//*[@id=\"__item1027\"]"}
COMMAND: POST /session/582ce5f850a124cd0c5f6fc14f02a0d2/element/f.92142B0E1996143B500ED3F2A7F6BA2F.d.044BB02D5BF1467EB4587C49E537F49C.e.11392/click - {}
RESULT: {}
COMMAND: POST /session/582ce5f850a124cd0c5f6fc14f02a0d2/execute/async - {"script":"<script> [1562 bytes]","args":[{"selector":{"id":"application-managepartners-display-component---NewPartner--addressDetailDetailsCity1","interaction":{"idSuffix":"inner"}},"wdio_ui5_key":"applicationmanagepartners-display-component---NewPartner--addressDetailDetailsCity1"}]}
COMMAND: GET /session/582ce5f850a124cd0c5f6fc14f02a0d2/screenshot - {}
RESULT: {"script":"<script> [1562 bytes]","args":[{"selector":{"id":"application-managepartners-display-component---NewPartner--addressDetailDetailsCity1","interaction":{"idSuffix":"inner"}},"wdio_ui5_key":"applicationmanagepartners-display-component---NewPartner--addressDetailDetailsCity1"}]}
RESULT: undefined
COMMAND: POST /session/582ce5f850a124cd0c5f6fc14f02a0d2/execute/async - {"script":"<script> [776 bytes]","args":[{"enterText":"Bangalore","selector":{"id":"application-managepartners-display-component---NewPartner--addressDetailDetailsCity1","interaction":{"idSuffix":"inner"}},"clearTextFirst":true,"interactionType":"ENTER_TEXT"}]}
RESULT: {}
RESULT: {"script":"<script> [776 bytes]","args":[{"enterText":"Bangalore","selector":{"id":"application-managepartners-display-component---NewPartner--addressDetailDetailsCity1","interaction":{"idSuffix":"inner"}},"clearTextFirst":true,"interactionType":"ENTER_TEXT"}]}
COMMAND: POST /session/582ce5f850a124cd0c5f6fc14f02a0d2/execute/async - {"script":"<script> [1562 bytes]","args":[{"selector":{"id":"application-managepartners-display-component---NewPartner--addressDetailDetailsCountry-arrow"},"wdio_ui5_key":"applicationmanagepartners-display-component---NewPartner--addressDetailDetailsCountry-arrow"}]}
RESULT: {"script":"<script> [1562 bytes]","args":[{"selector":{"id":"application-managepartners-display-component---NewPartner--addressDetailDetailsCountry-arrow"},"wdio_ui5_key":"applicationmanagepartners-display-component---NewPartner--addressDetailDetailsCountry-arrow"}]}
RESULT: undefined
COMMAND: POST /session/582ce5f850a124cd0c5f6fc14f02a0d2/element - {"using":"xpath","value":"//*[@id=\"application-managepartners-display-component---NewPartner--addressDetailDetailsCountry-arrow\"]"}
RESULT: {"using":"xpath","value":"//*[@id=\"application-managepartners-display-component---NewPartner--addressDetailDetailsCountry-arrow\"]"}
COMMAND: POST /session/582ce5f850a124cd0c5f6fc14f02a0d2/element/f.92142B0E1996143B500ED3F2A7F6BA2F.d.044BB02D5BF1467EB4587C49E537F49C.e.11394/click - {}
RESULT: {}
COMMAND: POST /session/582ce5f850a124cd0c5f6fc14f02a0d2/execute/async - {"script":"<script> [1562 bytes]","args":[{"selector":{"id":"application-managepartners-display-component---NewPartner--addressDetailDetailsCountry","interaction":{"idSuffix":"inner"}},"wdio_ui5_key":"applicationmanagepartners-display-component---NewPartner--addressDetailDetailsCountry"}]}
COMMAND: GET /session/582ce5f850a124cd0c5f6fc14f02a0d2/screenshot - {}
RESULT: {"script":"<script> [1562 bytes]","args":[{"selector":{"id":"application-managepartners-display-component---NewPartner--addressDetailDetailsCountry","interaction":{"idSuffix":"inner"}},"wdio_ui5_key":"applicationmanagepartners-display-component---NewPartner--addressDetailDetailsCountry"}]}
RESULT: undefined
COMMAND: POST /session/582ce5f850a124cd0c5f6fc14f02a0d2/execute/async - {"script":"<script> [776 bytes]","args":[{"enterText":"India","selector":{"id":"application-managepartners-display-component---NewPartner--addressDetailDetailsCountry","interaction":{"idSuffix":"inner"}},"clearTextFirst":true,"interactionType":"ENTER_TEXT"}]}
RESULT: {}
RESULT: {"script":"<script> [776 bytes]","args":[{"enterText":"India","selector":{"id":"application-managepartners-display-component---NewPartner--addressDetailDetailsCountry","interaction":{"idSuffix":"inner"}},"clearTextFirst":true,"interactionType":"ENTER_TEXT"}]}
COMMAND: POST /session/582ce5f850a124cd0c5f6fc14f02a0d2/execute/async - {"script":"<script> [1562 bytes]","args":[{"selector":{"controlType":"sap.m.StandardListItem","viewName":"etm.portal.ui.managepartners.view.NewPartner","viewId":"application-managepartners-display-component---NewPartner","properties":{"title":"India"},"searchOpenDialogs":true,"interaction":{"idSuffix":"content"}},"wdio_ui5_key":"etmportal.ui.managepartners.view.NewPartnersap.m.StandardListItem{\"title\":\"India\"}"}]}
RESULT: {"script":"<script> [1562 bytes]","args":[{"selector":{"controlType":"sap.m.StandardListItem","viewName":"etm.portal.ui.managepartners.view.NewPartner","viewId":"application-managepartners-display-component---NewPartner","properties":{"title":"India"},"searchOpenDialogs":true,"interaction":{"idSuffix":"content"}},"wdio_ui5_key":"etmportal.ui.managepartners.view.NewPartnersap.m.StandardListItem{\"title\":\"India\"}"}]}
RESULT: undefined
COMMAND: POST /session/582ce5f850a124cd0c5f6fc14f02a0d2/execute/async - {"script":"<script> [1562 bytes]","args":[{"selector":{"controlType":"sap.m.Button","viewName":"etm.portal.ui.managepartners.view.NewPartner","viewId":"application-managepartners-display-component---NewPartner","properties":{"text":"Commercial"},"interaction":{"idSuffix":"BDI-content"}},"wdio_ui5_key":"etmportal.ui.managepartners.view.NewPartnersap.m.Button{\"text\":\"Commercial\"}"}]}
RESULT: {"script":"<script> [1562 bytes]","args":[{"selector":{"controlType":"sap.m.Button","viewName":"etm.portal.ui.managepartners.view.NewPartner","viewId":"application-managepartners-display-component---NewPartner","properties":{"text":"Commercial"},"interaction":{"idSuffix":"BDI-content"}},"wdio_ui5_key":"etmportal.ui.managepartners.view.NewPartnersap.m.Button{\"text\":\"Commercial\"}"}]}
RESULT: undefined
COMMAND: POST /session/582ce5f850a124cd0c5f6fc14f02a0d2/element - {"using":"xpath","value":"//*[@id=\"application-managepartners-display-component---NewPartner--ObjectPageLayout-anchBar-__section57-anchor\"]"}
RESULT: {"using":"xpath","value":"//*[@id=\"application-managepartners-display-component---NewPartner--ObjectPageLayout-anchBar-__section57-anchor\"]"}
COMMAND: POST /session/582ce5f850a124cd0c5f6fc14f02a0d2/element/f.92142B0E1996143B500ED3F2A7F6BA2F.d.044BB02D5BF1467EB4587C49E537F49C.e.11399/click - {}
RESULT: {}
COMMAND: POST /session/582ce5f850a124cd0c5f6fc14f02a0d2/execute/async - {"script":"<script> [1562 bytes]","args":[{"selector":{"id":"application-managepartners-display-component---NewPartner--partnerDetailInternal-arrow"},"wdio_ui5_key":"applicationmanagepartners-display-component---NewPartner--partnerDetailInternal-arrow"}]}
COMMAND: GET /session/582ce5f850a124cd0c5f6fc14f02a0d2/screenshot - {}
RESULT: {"script":"<script> [1562 bytes]","args":[{"selector":{"id":"application-managepartners-display-component---NewPartner--partnerDetailInternal-arrow"},"wdio_ui5_key":"applicationmanagepartners-display-component---NewPartner--partnerDetailInternal-arrow"}]}
RESULT: undefined
COMMAND: POST /session/582ce5f850a124cd0c5f6fc14f02a0d2/element - {"using":"xpath","value":"//*[@id=\"application-managepartners-display-component---NewPartner--partnerDetailInternal-arrow\"]"}
RESULT: {}
RESULT: {"using":"xpath","value":"//*[@id=\"application-managepartners-display-component---NewPartner--partnerDetailInternal-arrow\"]"}
COMMAND: POST /session/582ce5f850a124cd0c5f6fc14f02a0d2/element/f.92142B0E1996143B500ED3F2A7F6BA2F.d.044BB02D5BF1467EB4587C49E537F49C.e.11404/click - {}
RESULT: {}
COMMAND: POST /session/582ce5f850a124cd0c5f6fc14f02a0d2/execute/async - {"script":"<script> [1562 bytes]","args":[{"selector":{"controlType":"sap.m.StandardListItem","viewName":"etm.portal.ui.managepartners.view.NewPartner","viewId":"application-managepartners-display-component---NewPartner","properties":{"title":"External partner"},"searchOpenDialogs":true,"interaction":{"idSuffix":"content"}},"wdio_ui5_key":"etmportal.ui.managepartners.view.NewPartnersap.m.StandardListItem{\"title\":\"External partner\"}"}]}
COMMAND: GET /session/582ce5f850a124cd0c5f6fc14f02a0d2/screenshot - {}
RESULT: {"script":"<script> [1562 bytes]","args":[{"selector":{"controlType":"sap.m.StandardListItem","viewName":"etm.portal.ui.managepartners.view.NewPartner","viewId":"application-managepartners-display-component---NewPartner","properties":{"title":"External partner"},"searchOpenDialogs":true,"interaction":{"idSuffix":"content"}},"wdio_ui5_key":"etmportal.ui.managepartners.view.NewPartnersap.m.StandardListItem{\"title\":\"External partner\"}"}]}
RESULT: undefined
COMMAND: POST /session/582ce5f850a124cd0c5f6fc14f02a0d2/element - {"using":"xpath","value":"//*[@id=\"__item1161\"]"}
RESULT: {}
RESULT: {"using":"xpath","value":"//*[@id=\"__item1161\"]"}
COMMAND: POST /session/582ce5f850a124cd0c5f6fc14f02a0d2/element/f.92142B0E1996143B500ED3F2A7F6BA2F.d.044BB02D5BF1467EB4587C49E537F49C.e.11406/click - {}
RESULT: {}
COMMAND: POST /session/582ce5f850a124cd0c5f6fc14f02a0d2/execute/async - {"script":"<script> [1562 bytes]","args":[{"selector":{"id":"application-managepartners-display-component---NewPartner--partnerDetailsCurrency-arrow"},"wdio_ui5_key":"applicationmanagepartners-display-component---NewPartner--partnerDetailsCurrency-arrow"}]}
COMMAND: GET /session/582ce5f850a124cd0c5f6fc14f02a0d2/screenshot - {}
RESULT: {"script":"<script> [1562 bytes]","args":[{"selector":{"id":"application-managepartners-display-component---NewPartner--partnerDetailsCurrency-arrow"},"wdio_ui5_key":"applicationmanagepartners-display-component---NewPartner--partnerDetailsCurrency-arrow"}]}
RESULT: undefined
COMMAND: POST /session/582ce5f850a124cd0c5f6fc14f02a0d2/element - {"using":"xpath","value":"//*[@id=\"application-managepartners-display-component---NewPartner--partnerDetailsCurrency-arrow\"]"}
RESULT: {}
RESULT: {"using":"xpath","value":"//*[@id=\"application-managepartners-display-component---NewPartner--partnerDetailsCurrency-arrow\"]"}
COMMAND: POST /session/582ce5f850a124cd0c5f6fc14f02a0d2/element/f.92142B0E1996143B500ED3F2A7F6BA2F.d.044BB02D5BF1467EB4587C49E537F49C.e.11411/click - {}
RESULT: {}
COMMAND: POST /session/582ce5f850a124cd0c5f6fc14f02a0d2/execute/async - {"script":"<script> [1562 bytes]","args":[{"selector":{"controlType":"sap.m.StandardListItem","viewName":"etm.portal.ui.managepartners.view.NewPartner","viewId":"application-managepartners-display-component---NewPartner","properties":{"title":"Euro"},"searchOpenDialogs":true,"interaction":{"idSuffix":"content"}},"wdio_ui5_key":"etmportal.ui.managepartners.view.NewPartnersap.m.StandardListItem{\"title\":\"Euro\"}"}]}
COMMAND: GET /session/582ce5f850a124cd0c5f6fc14f02a0d2/screenshot - {}
RESULT: {"script":"<script> [1562 bytes]","args":[{"selector":{"controlType":"sap.m.StandardListItem","viewName":"etm.portal.ui.managepartners.view.NewPartner","viewId":"application-managepartners-display-component---NewPartner","properties":{"title":"Euro"},"searchOpenDialogs":true,"interaction":{"idSuffix":"content"}},"wdio_ui5_key":"etmportal.ui.managepartners.view.NewPartnersap.m.StandardListItem{\"title\":\"Euro\"}"}]}
RESULT: undefined
COMMAND: POST /session/582ce5f850a124cd0c5f6fc14f02a0d2/element - {"using":"xpath","value":"//*[@id=\"__item1163\"]"}
RESULT: {}
RESULT: {"using":"xpath","value":"//*[@id=\"__item1163\"]"}
COMMAND: POST /session/582ce5f850a124cd0c5f6fc14f02a0d2/element/f.92142B0E1996143B500ED3F2A7F6BA2F.d.044BB02D5BF1467EB4587C49E537F49C.e.11413/click - {}
RESULT: {}
COMMAND: POST /session/582ce5f850a124cd0c5f6fc14f02a0d2/execute/async - {"script":"<script> [1562 bytes]","args":[{"selector":{"controlType":"sap.m.Button","viewName":"etm.portal.ui.managepartners.view.NewPartner","viewId":"application-managepartners-display-component---NewPartner","properties":{"text":"Assignments"},"interaction":{"idSuffix":"BDI-content"}},"wdio_ui5_key":"etmportal.ui.managepartners.view.NewPartnersap.m.Button{\"text\":\"Assignments\"}"}]}
COMMAND: GET /session/582ce5f850a124cd0c5f6fc14f02a0d2/screenshot - {}
RESULT: {"script":"<script> [1562 bytes]","args":[{"selector":{"controlType":"sap.m.Button","viewName":"etm.portal.ui.managepartners.view.NewPartner","viewId":"application-managepartners-display-component---NewPartner","properties":{"text":"Assignments"},"interaction":{"idSuffix":"BDI-content"}},"wdio_ui5_key":"etmportal.ui.managepartners.view.NewPartnersap.m.Button{\"text\":\"Assignments\"}"}]}
RESULT: undefined
COMMAND: POST /session/582ce5f850a124cd0c5f6fc14f02a0d2/element - {"using":"xpath","value":"//*[@id=\"application-managepartners-display-component---NewPartner--ObjectPageLayout-anchBar-__section61-anchor\"]"}
RESULT: {}
RESULT: {"using":"xpath","value":"//*[@id=\"application-managepartners-display-component---NewPartner--ObjectPageLayout-anchBar-__section61-anchor\"]"}
COMMAND: POST /session/582ce5f850a124cd0c5f6fc14f02a0d2/element/f.92142B0E1996143B500ED3F2A7F6BA2F.d.044BB02D5BF1467EB4587C49E537F49C.e.11415/click - {}
RESULT: {}
COMMAND: POST /session/582ce5f850a124cd0c5f6fc14f02a0d2/execute/async - {"script":"<script> [1562 bytes]","args":[{"selector":{"id":"application-managepartners-display-component---NewPartner--btnAddTableRow","interaction":{"idSuffix":"inner"}},"wdio_ui5_key":"applicationmanagepartners-display-component---NewPartner--btnAddTableRow"}]}
COMMAND: GET /session/582ce5f850a124cd0c5f6fc14f02a0d2/screenshot - {}
RESULT: {"script":"<script> [1562 bytes]","args":[{"selector":{"id":"application-managepartners-display-component---NewPartner--btnAddTableRow","interaction":{"idSuffix":"inner"}},"wdio_ui5_key":"applicationmanagepartners-display-component---NewPartner--btnAddTableRow"}]}
RESULT: undefined
COMMAND: POST /session/582ce5f850a124cd0c5f6fc14f02a0d2/element - {"using":"xpath","value":"//*[@id=\"application-managepartners-display-component---NewPartner--btnAddTableRow\"]"}
RESULT: {}
RESULT: {"using":"xpath","value":"//*[@id=\"application-managepartners-display-component---NewPartner--btnAddTableRow\"]"}
COMMAND: POST /session/582ce5f850a124cd0c5f6fc14f02a0d2/element/f.92142B0E1996143B500ED3F2A7F6BA2F.d.044BB02D5BF1467EB4587C49E537F49C.e.11420/click - {}
RESULT: {}
COMMAND: POST /session/582ce5f850a124cd0c5f6fc14f02a0d2/element - {"using":"css selector","value":"#application-managepartners-display-component---NewPartner--assignmentYard-application-managepartners-display-component---NewPartner--assignmentsTable-0-inner"}
COMMAND: GET /session/582ce5f850a124cd0c5f6fc14f02a0d2/screenshot - {}
RESULT: {"using":"css selector","value":"#application-managepartners-display-component---NewPartner--assignmentYard-application-managepartners-display-component---NewPartner--assignmentsTable-0-inner"}
COMMAND: POST /session/582ce5f850a124cd0c5f6fc14f02a0d2/element/f.92142B0E1996143B500ED3F2A7F6BA2F.d.044BB02D5BF1467EB4587C49E537F49C.e.11422/clear - {}
RESULT: {}
RESULT: {}
COMMAND: POST /session/582ce5f850a124cd0c5f6fc14f02a0d2/element/f.92142B0E1996143B500ED3F2A7F6BA2F.d.044BB02D5BF1467EB4587C49E537F49C.e.11422/value - {"text":"413"}
COMMAND: GET /session/582ce5f850a124cd0c5f6fc14f02a0d2/screenshot - {}
RESULT: {"text":"413"}
COMMAND: POST /session/582ce5f850a124cd0c5f6fc14f02a0d2/execute/async - {"script":"<script> [1562 bytes]","args":[{"selector":{"id":"application-managepartners-display-component---NewPartner--assignmentYard-application-managepartners-display-component---NewPartner--assignmentsTable-0-arrow"},"wdio_ui5_key":"applicationmanagepartners-display-component---NewPartner--assignmentYard-application-managepartners-display-component---NewPartner--assignmentsTable-0-arrow"}]}
COMMAND: GET /session/582ce5f850a124cd0c5f6fc14f02a0d2/screenshot - {}
RESULT: {}
RESULT: {"script":"<script> [1562 bytes]","args":[{"selector":{"id":"application-managepartners-display-component---NewPartner--assignmentYard-application-managepartners-display-component---NewPartner--assignmentsTable-0-arrow"},"wdio_ui5_key":"applicationmanagepartners-display-component---NewPartner--assignmentYard-application-managepartners-display-component---NewPartner--assignmentsTable-0-arrow"}]}
RESULT: undefined
COMMAND: POST /session/582ce5f850a124cd0c5f6fc14f02a0d2/element - {"using":"xpath","value":"//*[@id=\"application-managepartners-display-component---NewPartner--assignmentYard-application-managepartners-display-component---NewPartner--assignmentsTable-0-arrow\"]"}
RESULT: {}
RESULT: {"using":"xpath","value":"//*[@id=\"application-managepartners-display-component---NewPartner--assignmentYard-application-managepartners-display-component---NewPartner--assignmentsTable-0-arrow\"]"}
COMMAND: POST /session/582ce5f850a124cd0c5f6fc14f02a0d2/element/f.92142B0E1996143B500ED3F2A7F6BA2F.d.044BB02D5BF1467EB4587C49E537F49C.e.11429/click - {}
RESULT: {}
COMMAND: GET /session/582ce5f850a124cd0c5f6fc14f02a0d2/screenshot - {}
RESULT: {}
COMMAND: POST /session/582ce5f850a124cd0c5f6fc14f02a0d2/execute/async - {"script":"<script> [1562 bytes]","args":[{"selector":{"controlType":"sap.m.Button","viewName":"etm.portal.ui.managepartners.view.NewPartner","viewId":"application-managepartners-display-component---NewPartner","i18NText":{"propertyName":"text","key":"save"},"interaction":{"idSuffix":"BDI-content"}},"wdio_ui5_key":"etmportal.ui.managepartners.view.NewPartnersap.m.Button{\"propertyName\":\"text\",\"key\":\"save\"}"}]}
RESULT: {"script":"<script> [1562 bytes]","args":[{"selector":{"controlType":"sap.m.Button","viewName":"etm.portal.ui.managepartners.view.NewPartner","viewId":"application-managepartners-display-component---NewPartner","i18NText":{"propertyName":"text","key":"save"},"interaction":{"idSuffix":"BDI-content"}},"wdio_ui5_key":"etmportal.ui.managepartners.view.NewPartnersap.m.Button{\"propertyName\":\"text\",\"key\":\"save\"}"}]}
RESULT: undefined
COMMAND: POST /session/582ce5f850a124cd0c5f6fc14f02a0d2/element - {"using":"xpath","value":"//*[@id=\"__button127\"]"}
RESULT: {"using":"xpath","value":"//*[@id=\"__button127\"]"}
COMMAND: POST /session/582ce5f850a124cd0c5f6fc14f02a0d2/element/f.92142B0E1996143B500ED3F2A7F6BA2F.d.044BB02D5BF1467EB4587C49E537F49C.e.11368/click - {}
RESULT: {}
COMMAND: GET /session/582ce5f850a124cd0c5f6fc14f02a0d2/screenshot - {}
RESULT: {}
COMMAND: POST /session/582ce5f850a124cd0c5f6fc14f02a0d2/execute/async - {"script":"<script> [1562 bytes]","args":[{"selector":{"controlType":"sap.m.Text","viewName":"etm.portal.ui.managepartners.view.Detail","viewId":"application-managepartners-display-component---detailPtm","bindingPath":{"propertyPath":"ID","modelName":"catalogModel"}},"wdio_ui5_key":"etmportal.ui.managepartners.view.Detailsap.m.Text{\"propertyPath\":\"ID\",\"modelName\":\"catalogModel\"}"}]}
RESULT: {"script":"<script> [1562 bytes]","args":[{"selector":{"controlType":"sap.m.Text","viewName":"etm.portal.ui.managepartners.view.Detail","viewId":"application-managepartners-display-component---detailPtm","bindingPath":{"propertyPath":"ID","modelName":"catalogModel"}},"wdio_ui5_key":"etmportal.ui.managepartners.view.Detailsap.m.Text{\"propertyPath\":\"ID\",\"modelName\":\"catalogModel\"}"}]}
RESULT: undefined
COMMAND: POST /session/582ce5f850a124cd0c5f6fc14f02a0d2/execute/async - {"script":"<script> [6424 bytes]","args":[{"element-6066-11e4-a52e-4f735466cecf":"f.92142B0E1996143B500ED3F2A7F6BA2F.d.044BB02D5BF1467EB4587C49E537F49C.e.11591"},"getText",[]]}
RESULT: {"script":"<script> [6424 bytes]","args":[{"element-6066-11e4-a52e-4f735466cecf":"f.92142B0E1996143B500ED3F2A7F6BA2F.d.044BB02D5BF1467EB4587C49E537F49C.e.11591"},"getText",[]]}
COMMAND: POST /session/582ce5f850a124cd0c5f6fc14f02a0d2/element - {"using":"css selector","value":"#shell-header-logo"}
RESULT: {"using":"css selector","value":"#shell-header-logo"}
COMMAND: POST /session/582ce5f850a124cd0c5f6fc14f02a0d2/element/f.92142B0E1996143B500ED3F2A7F6BA2F.d.044BB02D5BF1467EB4587C49E537F49C.e.10926/click - {}
RESULT: {}
]]></system-out>
    </testcase>
    <testcase classname="chrome.135_0_7049_96.windows.Provide_to_Site_w/o_warehouse_management_w/_clarification_US116605" name="Should create a new WHM Material" time="103.12">
      <system-out><![CDATA[
COMMAND: POST /session/582ce5f850a124cd0c5f6fc14f02a0d2/execute/async - {"script":"<script> [1562 bytes]","args":[{"selector":{"controlType":"sap.m.GenericTile","properties":{"header":"Manage Resources"}},"wdio_ui5_key":"sapm.GenericTile{\"header\":\"Manage Resources\"}"}]}
COMMAND: GET /session/582ce5f850a124cd0c5f6fc14f02a0d2/screenshot - {}
RESULT: {"script":"<script> [1562 bytes]","args":[{"selector":{"controlType":"sap.m.GenericTile","properties":{"header":"Manage Resources"}},"wdio_ui5_key":"sapm.GenericTile{\"header\":\"Manage Resources\"}"}]}
RESULT: undefined
COMMAND: POST /session/582ce5f850a124cd0c5f6fc14f02a0d2/element - {"using":"xpath","value":"//*[@id=\"__tile39\"]"}
RESULT: {}
RESULT: {"using":"xpath","value":"//*[@id=\"__tile39\"]"}
COMMAND: POST /session/582ce5f850a124cd0c5f6fc14f02a0d2/element/f.92142B0E1996143B500ED3F2A7F6BA2F.d.044BB02D5BF1467EB4587C49E537F49C.e.11593/click - {}
RESULT: {}
COMMAND: POST /session/582ce5f850a124cd0c5f6fc14f02a0d2/execute/async - {"script":"<script> [1562 bytes]","args":[{"selector":{"controlType":"sap.m.OverflowToolbarButton","viewName":"etm.portal.ui.manageresources.view.Master","viewId":"application-manageresources-display-component---masterRU","bindingPath":{"path":"","propertyPath":"/isLogbook","modelName":"minimumStockRPGModel"},"interaction":{"idSuffix":"inner"}},"wdio_ui5_key":"etmportal.ui.manageresources.view.Mastersap.m.OverflowToolbarButton{\"path\":\"\",\"propertyPath\":\"/isLogbook\",\"modelName\":\"minimumStockRPGModel\"}"}]}
COMMAND: GET /session/582ce5f850a124cd0c5f6fc14f02a0d2/screenshot - {}
RESULT: {"script":"<script> [1562 bytes]","args":[{"selector":{"controlType":"sap.m.OverflowToolbarButton","viewName":"etm.portal.ui.manageresources.view.Master","viewId":"application-manageresources-display-component---masterRU","bindingPath":{"path":"","propertyPath":"/isLogbook","modelName":"minimumStockRPGModel"},"interaction":{"idSuffix":"inner"}},"wdio_ui5_key":"etmportal.ui.manageresources.view.Mastersap.m.OverflowToolbarButton{\"path\":\"\",\"propertyPath\":\"/isLogbook\",\"modelName\":\"minimumStockRPGModel\"}"}]}
RESULT: undefined
COMMAND: POST /session/582ce5f850a124cd0c5f6fc14f02a0d2/element - {"using":"xpath","value":"//*[@id=\"__button168\"]"}
RESULT: {}
RESULT: {"using":"xpath","value":"//*[@id=\"__button168\"]"}
COMMAND: POST /session/582ce5f850a124cd0c5f6fc14f02a0d2/element/f.92142B0E1996143B500ED3F2A7F6BA2F.d.044BB02D5BF1467EB4587C49E537F49C.e.11634/click - {}
RESULT: {}
COMMAND: GET /session/582ce5f850a124cd0c5f6fc14f02a0d2/screenshot - {}
RESULT: {}
COMMAND: POST /session/582ce5f850a124cd0c5f6fc14f02a0d2/execute/async - {"script":"<script> [1562 bytes]","args":[{"selector":{"id":"application-manageresources-display-component---newResourceUnit--TYPE-arrow"},"wdio_ui5_key":"applicationmanageresources-display-component---newResourceUnit--TYPE-arrow"}]}
RESULT: {"script":"<script> [1562 bytes]","args":[{"selector":{"id":"application-manageresources-display-component---newResourceUnit--TYPE-arrow"},"wdio_ui5_key":"applicationmanageresources-display-component---newResourceUnit--TYPE-arrow"}]}
RESULT: undefined
COMMAND: POST /session/582ce5f850a124cd0c5f6fc14f02a0d2/element - {"using":"xpath","value":"//*[@id=\"application-manageresources-display-component---newResourceUnit--TYPE-arrow\"]"}
RESULT: {"using":"xpath","value":"//*[@id=\"application-manageresources-display-component---newResourceUnit--TYPE-arrow\"]"}
COMMAND: POST /session/582ce5f850a124cd0c5f6fc14f02a0d2/element/f.92142B0E1996143B500ED3F2A7F6BA2F.d.044BB02D5BF1467EB4587C49E537F49C.e.11946/click - {}
RESULT: {}
COMMAND: POST /session/582ce5f850a124cd0c5f6fc14f02a0d2/execute/async - {"script":"<script> [1562 bytes]","args":[{"selector":{"controlType":"sap.m.StandardListItem","viewName":"reusables.view.manageresources.NewResourceUnit","viewId":"application-manageresources-display-component---newResourceUnit","properties":{"title":"Material"},"searchOpenDialogs":true,"interaction":{"idSuffix":"content"}},"wdio_ui5_key":"reusablesview.manageresources.NewResourceUnitsap.m.StandardListItem{\"title\":\"Material\"}"}]}
COMMAND: GET /session/582ce5f850a124cd0c5f6fc14f02a0d2/screenshot - {}
RESULT: {"script":"<script> [1562 bytes]","args":[{"selector":{"controlType":"sap.m.StandardListItem","viewName":"reusables.view.manageresources.NewResourceUnit","viewId":"application-manageresources-display-component---newResourceUnit","properties":{"title":"Material"},"searchOpenDialogs":true,"interaction":{"idSuffix":"content"}},"wdio_ui5_key":"reusablesview.manageresources.NewResourceUnitsap.m.StandardListItem{\"title\":\"Material\"}"}]}
RESULT: undefined
COMMAND: POST /session/582ce5f850a124cd0c5f6fc14f02a0d2/element - {"using":"xpath","value":"//*[@id=\"__item1436\"]"}
RESULT: {}
RESULT: {"using":"xpath","value":"//*[@id=\"__item1436\"]"}
COMMAND: POST /session/582ce5f850a124cd0c5f6fc14f02a0d2/element/f.92142B0E1996143B500ED3F2A7F6BA2F.d.044BB02D5BF1467EB4587C49E537F49C.e.11949/click - {}
RESULT: {}
COMMAND: POST /session/582ce5f850a124cd0c5f6fc14f02a0d2/execute/async - {"script":"<script> [1562 bytes]","args":[{"selector":{"id":"application-manageresources-display-component---newResourceUnit--resourceId","interaction":{"idSuffix":"inner"}},"wdio_ui5_key":"applicationmanageresources-display-component---newResourceUnit--resourceId"}]}
COMMAND: GET /session/582ce5f850a124cd0c5f6fc14f02a0d2/screenshot - {}
RESULT: {"script":"<script> [1562 bytes]","args":[{"selector":{"id":"application-manageresources-display-component---newResourceUnit--resourceId","interaction":{"idSuffix":"inner"}},"wdio_ui5_key":"applicationmanageresources-display-component---newResourceUnit--resourceId"}]}
RESULT: undefined
COMMAND: POST /session/582ce5f850a124cd0c5f6fc14f02a0d2/execute/async - {"script":"<script> [1562 bytes]","args":[{"selector":{"id":"application-manageresources-display-component---newResourceUnit--SHORT_TEXT","interaction":{"idSuffix":"inner"}},"wdio_ui5_key":"applicationmanageresources-display-component---newResourceUnit--SHORT_TEXT"}]}
RESULT: {}
RESULT: {"script":"<script> [1562 bytes]","args":[{"selector":{"id":"application-manageresources-display-component---newResourceUnit--SHORT_TEXT","interaction":{"idSuffix":"inner"}},"wdio_ui5_key":"applicationmanageresources-display-component---newResourceUnit--SHORT_TEXT"}]}
RESULT: undefined
COMMAND: POST /session/582ce5f850a124cd0c5f6fc14f02a0d2/execute/async - {"script":"<script> [776 bytes]","args":[{"enterText":"material WHM","selector":{"id":"application-manageresources-display-component---newResourceUnit--SHORT_TEXT","interaction":{"idSuffix":"inner"}},"clearTextFirst":true,"interactionType":"ENTER_TEXT"}]}
RESULT: {"script":"<script> [776 bytes]","args":[{"enterText":"material WHM","selector":{"id":"application-manageresources-display-component---newResourceUnit--SHORT_TEXT","interaction":{"idSuffix":"inner"}},"clearTextFirst":true,"interactionType":"ENTER_TEXT"}]}
COMMAND: POST /session/582ce5f850a124cd0c5f6fc14f02a0d2/execute/async - {"script":"<script> [1562 bytes]","args":[{"selector":{"id":"application-manageresources-display-component---newResourceUnit--BASE_UNIT_OF_MEASURE","interaction":{"idSuffix":"inner"}},"wdio_ui5_key":"applicationmanageresources-display-component---newResourceUnit--BASE_UNIT_OF_MEASURE"}]}
RESULT: {"script":"<script> [1562 bytes]","args":[{"selector":{"id":"application-manageresources-display-component---newResourceUnit--BASE_UNIT_OF_MEASURE","interaction":{"idSuffix":"inner"}},"wdio_ui5_key":"applicationmanageresources-display-component---newResourceUnit--BASE_UNIT_OF_MEASURE"}]}
RESULT: undefined
COMMAND: POST /session/582ce5f850a124cd0c5f6fc14f02a0d2/execute/async - {"script":"<script> [776 bytes]","args":[{"enterText":"Piece","selector":{"id":"application-manageresources-display-component---newResourceUnit--BASE_UNIT_OF_MEASURE","interaction":{"idSuffix":"inner"}},"clearTextFirst":true,"interactionType":"ENTER_TEXT"}]}
RESULT: {"script":"<script> [776 bytes]","args":[{"enterText":"Piece","selector":{"id":"application-manageresources-display-component---newResourceUnit--BASE_UNIT_OF_MEASURE","interaction":{"idSuffix":"inner"}},"clearTextFirst":true,"interactionType":"ENTER_TEXT"}]}
COMMAND: POST /session/582ce5f850a124cd0c5f6fc14f02a0d2/execute/async - {"script":"<script> [1562 bytes]","args":[{"selector":{"id":"application-manageresources-display-component---newResourceUnit--WEIGHT_UNIT","interaction":{"idSuffix":"inner"}},"wdio_ui5_key":"applicationmanageresources-display-component---newResourceUnit--WEIGHT_UNIT"}]}
RESULT: {"script":"<script> [1562 bytes]","args":[{"selector":{"id":"application-manageresources-display-component---newResourceUnit--WEIGHT_UNIT","interaction":{"idSuffix":"inner"}},"wdio_ui5_key":"applicationmanageresources-display-component---newResourceUnit--WEIGHT_UNIT"}]}
RESULT: undefined
COMMAND: POST /session/582ce5f850a124cd0c5f6fc14f02a0d2/execute/async - {"script":"<script> [776 bytes]","args":[{"enterText":"Gram","selector":{"id":"application-manageresources-display-component---newResourceUnit--WEIGHT_UNIT","interaction":{"idSuffix":"inner"}},"clearTextFirst":true,"interactionType":"ENTER_TEXT"}]}
RESULT: {"script":"<script> [776 bytes]","args":[{"enterText":"Gram","selector":{"id":"application-manageresources-display-component---newResourceUnit--WEIGHT_UNIT","interaction":{"idSuffix":"inner"}},"clearTextFirst":true,"interactionType":"ENTER_TEXT"}]}
COMMAND: POST /session/582ce5f850a124cd0c5f6fc14f02a0d2/execute/async - {"script":"<script> [1562 bytes]","args":[{"selector":{"id":"application-manageresources-display-component---newResourceUnit--DIMENSION_UNIT","interaction":{"idSuffix":"inner"}},"wdio_ui5_key":"applicationmanageresources-display-component---newResourceUnit--DIMENSION_UNIT"}]}
RESULT: {"script":"<script> [1562 bytes]","args":[{"selector":{"id":"application-manageresources-display-component---newResourceUnit--DIMENSION_UNIT","interaction":{"idSuffix":"inner"}},"wdio_ui5_key":"applicationmanageresources-display-component---newResourceUnit--DIMENSION_UNIT"}]}
RESULT: undefined
COMMAND: POST /session/582ce5f850a124cd0c5f6fc14f02a0d2/execute/async - {"script":"<script> [776 bytes]","args":[{"enterText":"Meter","selector":{"id":"application-manageresources-display-component---newResourceUnit--DIMENSION_UNIT","interaction":{"idSuffix":"inner"}},"clearTextFirst":true,"interactionType":"ENTER_TEXT"}]}
RESULT: {"script":"<script> [776 bytes]","args":[{"enterText":"Meter","selector":{"id":"application-manageresources-display-component---newResourceUnit--DIMENSION_UNIT","interaction":{"idSuffix":"inner"}},"clearTextFirst":true,"interactionType":"ENTER_TEXT"}]}
COMMAND: POST /session/582ce5f850a124cd0c5f6fc14f02a0d2/execute/async - {"script":"<script> [1562 bytes]","args":[{"selector":{"id":"application-manageresources-display-component---newResourceUnit--newRRUPage-anchBar-application-manageresources-display-component---newResourceUnit--control-anchor","interaction":{"idSuffix":"content"}},"wdio_ui5_key":"applicationmanageresources-display-component---newResourceUnit--newRRUPage-anchBar-application-manageresources-display-component---newResourceUnit--control-anchor"}]}
RESULT: {"script":"<script> [1562 bytes]","args":[{"selector":{"id":"application-manageresources-display-component---newResourceUnit--newRRUPage-anchBar-application-manageresources-display-component---newResourceUnit--control-anchor","interaction":{"idSuffix":"content"}},"wdio_ui5_key":"applicationmanageresources-display-component---newResourceUnit--newRRUPage-anchBar-application-manageresources-display-component---newResourceUnit--control-anchor"}]}
RESULT: undefined
COMMAND: POST /session/582ce5f850a124cd0c5f6fc14f02a0d2/element - {"using":"xpath","value":"//*[@id=\"application-manageresources-display-component---newResourceUnit--newRRUPage-anchBar-application-manageresources-display-component---newResourceUnit--control-anchor\"]"}
RESULT: {"using":"xpath","value":"//*[@id=\"application-manageresources-display-component---newResourceUnit--newRRUPage-anchBar-application-manageresources-display-component---newResourceUnit--control-anchor\"]"}
COMMAND: POST /session/582ce5f850a124cd0c5f6fc14f02a0d2/element/f.92142B0E1996143B500ED3F2A7F6BA2F.d.044BB02D5BF1467EB4587C49E537F49C.e.12013/click - {}
RESULT: {}
COMMAND: POST /session/582ce5f850a124cd0c5f6fc14f02a0d2/execute/async - {"script":"<script> [1562 bytes]","args":[{"selector":{"id":"application-manageresources-display-component---newResourceUnit--PLANNING_GROUP","interaction":{"idSuffix":"inner"}},"wdio_ui5_key":"applicationmanageresources-display-component---newResourceUnit--PLANNING_GROUP"}]}
COMMAND: GET /session/582ce5f850a124cd0c5f6fc14f02a0d2/screenshot - {}
RESULT: {"script":"<script> [1562 bytes]","args":[{"selector":{"id":"application-manageresources-display-component---newResourceUnit--PLANNING_GROUP","interaction":{"idSuffix":"inner"}},"wdio_ui5_key":"applicationmanageresources-display-component---newResourceUnit--PLANNING_GROUP"}]}
RESULT: undefined
COMMAND: POST /session/582ce5f850a124cd0c5f6fc14f02a0d2/execute/async - {"script":"<script> [776 bytes]","args":[{"enterText":"Heavy Equi","selector":{"id":"application-manageresources-display-component---newResourceUnit--PLANNING_GROUP","interaction":{"idSuffix":"inner"}},"clearTextFirst":true,"interactionType":"ENTER_TEXT"}]}
RESULT: {}
RESULT: {"script":"<script> [776 bytes]","args":[{"enterText":"Heavy Equi","selector":{"id":"application-manageresources-display-component---newResourceUnit--PLANNING_GROUP","interaction":{"idSuffix":"inner"}},"clearTextFirst":true,"interactionType":"ENTER_TEXT"}]}
COMMAND: POST /session/582ce5f850a124cd0c5f6fc14f02a0d2/execute/async - {"script":"<script> [1562 bytes]","args":[{"selector":{"id":"application-manageresources-display-component---newResourceUnit--PLANNING_INDICATOR","interaction":{"idSuffix":"inner"}},"wdio_ui5_key":"applicationmanageresources-display-component---newResourceUnit--PLANNING_INDICATOR"}]}
RESULT: {"script":"<script> [1562 bytes]","args":[{"selector":{"id":"application-manageresources-display-component---newResourceUnit--PLANNING_INDICATOR","interaction":{"idSuffix":"inner"}},"wdio_ui5_key":"applicationmanageresources-display-component---newResourceUnit--PLANNING_INDICATOR"}]}
RESULT: undefined
COMMAND: POST /session/582ce5f850a124cd0c5f6fc14f02a0d2/execute/async - {"script":"<script> [776 bytes]","args":[{"enterText":"10 - infinite","selector":{"id":"application-manageresources-display-component---newResourceUnit--PLANNING_INDICATOR","interaction":{"idSuffix":"inner"}},"clearTextFirst":true,"interactionType":"ENTER_TEXT"}]}
RESULT: {"script":"<script> [776 bytes]","args":[{"enterText":"10 - infinite","selector":{"id":"application-manageresources-display-component---newResourceUnit--PLANNING_INDICATOR","interaction":{"idSuffix":"inner"}},"clearTextFirst":true,"interactionType":"ENTER_TEXT"}]}
COMMAND: POST /session/582ce5f850a124cd0c5f6fc14f02a0d2/actions - {"actions":[{"id":"action45","type":"key","parameters":{},"actions":[{"type":"keyDown","value":"î€‡"},{"type":"pause","duration":10},{"type":"keyUp","value":"î€‡"}]}]}
RESULT: {"actions":[{"id":"action45","type":"key","parameters":{},"actions":[{"type":"keyDown","value":"î€‡"},{"type":"pause","duration":10},{"type":"keyUp","value":"î€‡"}]}]}
COMMAND: POST /session/582ce5f850a124cd0c5f6fc14f02a0d2/execute/async - {"script":"<script> [1562 bytes]","args":[{"selector":{"id":"application-manageresources-display-component---newResourceUnit--ITEM_TYPE-arrow"},"wdio_ui5_key":"applicationmanageresources-display-component---newResourceUnit--ITEM_TYPE-arrow"}]}
COMMAND: GET /session/582ce5f850a124cd0c5f6fc14f02a0d2/screenshot - {}
RESULT: {"script":"<script> [1562 bytes]","args":[{"selector":{"id":"application-manageresources-display-component---newResourceUnit--ITEM_TYPE-arrow"},"wdio_ui5_key":"applicationmanageresources-display-component---newResourceUnit--ITEM_TYPE-arrow"}]}
RESULT: undefined
COMMAND: POST /session/582ce5f850a124cd0c5f6fc14f02a0d2/element - {"using":"xpath","value":"//*[@id=\"application-manageresources-display-component---newResourceUnit--ITEM_TYPE-arrow\"]"}
RESULT: {}
RESULT: {"using":"xpath","value":"//*[@id=\"application-manageresources-display-component---newResourceUnit--ITEM_TYPE-arrow\"]"}
COMMAND: POST /session/582ce5f850a124cd0c5f6fc14f02a0d2/element/f.92142B0E1996143B500ED3F2A7F6BA2F.d.044BB02D5BF1467EB4587C49E537F49C.e.12021/click - {}
RESULT: {}
COMMAND: POST /session/582ce5f850a124cd0c5f6fc14f02a0d2/execute/async - {"script":"<script> [1562 bytes]","args":[{"selector":{"controlType":"sap.m.StandardListItem","viewName":"reusables.view.manageresources.NewResourceUnit","viewId":"application-manageresources-display-component---newResourceUnit","properties":{"title":"Resource Unit"},"searchOpenDialogs":true,"interaction":{"idSuffix":"titleText"}},"wdio_ui5_key":"reusablesview.manageresources.NewResourceUnitsap.m.StandardListItem{\"title\":\"Resource Unit\"}"}]}
COMMAND: GET /session/582ce5f850a124cd0c5f6fc14f02a0d2/screenshot - {}
RESULT: {"script":"<script> [1562 bytes]","args":[{"selector":{"controlType":"sap.m.StandardListItem","viewName":"reusables.view.manageresources.NewResourceUnit","viewId":"application-manageresources-display-component---newResourceUnit","properties":{"title":"Resource Unit"},"searchOpenDialogs":true,"interaction":{"idSuffix":"titleText"}},"wdio_ui5_key":"reusablesview.manageresources.NewResourceUnitsap.m.StandardListItem{\"title\":\"Resource Unit\"}"}]}
RESULT: undefined
RESULT: {}
COMMAND: POST /session/582ce5f850a124cd0c5f6fc14f02a0d2/execute/async - {"script":"<script> [1562 bytes]","args":[{"selector":{"controlType":"sap.m.Label","viewName":"reusables.view.manageresources.NewResourceUnit","viewId":"application-manageresources-display-component---newResourceUnit","i18NText":{"propertyName":"text","key":"planningGroup"},"interaction":{"idSuffix":"bdi"}},"wdio_ui5_key":"reusablesview.manageresources.NewResourceUnitsap.m.Label{\"propertyName\":\"text\",\"key\":\"planningGroup\"}"}]}
RESULT: {"script":"<script> [1562 bytes]","args":[{"selector":{"controlType":"sap.m.Label","viewName":"reusables.view.manageresources.NewResourceUnit","viewId":"application-manageresources-display-component---newResourceUnit","i18NText":{"propertyName":"text","key":"planningGroup"},"interaction":{"idSuffix":"bdi"}},"wdio_ui5_key":"reusablesview.manageresources.NewResourceUnitsap.m.Label{\"propertyName\":\"text\",\"key\":\"planningGroup\"}"}]}
RESULT: undefined
COMMAND: POST /session/582ce5f850a124cd0c5f6fc14f02a0d2/element - {"using":"xpath","value":"//*[@id=\"__label263\"]"}
RESULT: {"using":"xpath","value":"//*[@id=\"__label263\"]"}
COMMAND: POST /session/582ce5f850a124cd0c5f6fc14f02a0d2/element/f.92142B0E1996143B500ED3F2A7F6BA2F.d.044BB02D5BF1467EB4587C49E537F49C.e.12023/click - {}
RESULT: {}
COMMAND: GET /session/582ce5f850a124cd0c5f6fc14f02a0d2/screenshot - {}
RESULT: {}
COMMAND: POST /session/582ce5f850a124cd0c5f6fc14f02a0d2/actions - {"actions":[{"type":"key","id":"keyboard","actions":[{"type":"keyDown","value":"î›"}]}]}
RESULT: {"actions":[{"type":"key","id":"keyboard","actions":[{"type":"keyDown","value":"î›"}]}]}
COMMAND: GET /session/582ce5f850a124cd0c5f6fc14f02a0d2/screenshot - {}
RESULT: {}
COMMAND: POST /session/582ce5f850a124cd0c5f6fc14f02a0d2/actions - {"actions":[{"type":"key","id":"keyboard","actions":[{"type":"keyDown","value":"î›"}]}]}
RESULT: {"actions":[{"type":"key","id":"keyboard","actions":[{"type":"keyDown","value":"î›"}]}]}
COMMAND: GET /session/582ce5f850a124cd0c5f6fc14f02a0d2/screenshot - {}
RESULT: {}
COMMAND: POST /session/582ce5f850a124cd0c5f6fc14f02a0d2/actions - {"actions":[{"type":"key","id":"keyboard","actions":[{"type":"keyDown","value":"î›"}]}]}
RESULT: {"actions":[{"type":"key","id":"keyboard","actions":[{"type":"keyDown","value":"î›"}]}]}
COMMAND: GET /session/582ce5f850a124cd0c5f6fc14f02a0d2/screenshot - {}
RESULT: {}
COMMAND: POST /session/582ce5f850a124cd0c5f6fc14f02a0d2/actions - {"actions":[{"type":"key","id":"keyboard","actions":[{"type":"keyDown","value":"î›"}]}]}
RESULT: {"actions":[{"type":"key","id":"keyboard","actions":[{"type":"keyDown","value":"î›"}]}]}
COMMAND: GET /session/582ce5f850a124cd0c5f6fc14f02a0d2/screenshot - {}
RESULT: {}
COMMAND: POST /session/582ce5f850a124cd0c5f6fc14f02a0d2/actions - {"actions":[{"type":"key","id":"keyboard","actions":[{"type":"keyDown","value":"î›"}]}]}
RESULT: {"actions":[{"type":"key","id":"keyboard","actions":[{"type":"keyDown","value":"î›"}]}]}
COMMAND: GET /session/582ce5f850a124cd0c5f6fc14f02a0d2/screenshot - {}
RESULT: {}
COMMAND: POST /session/582ce5f850a124cd0c5f6fc14f02a0d2/actions - {"actions":[{"type":"key","id":"keyboard","actions":[{"type":"keyDown","value":"î›"}]}]}
RESULT: {"actions":[{"type":"key","id":"keyboard","actions":[{"type":"keyDown","value":"î›"}]}]}
COMMAND: GET /session/582ce5f850a124cd0c5f6fc14f02a0d2/screenshot - {}
RESULT: {}
COMMAND: POST /session/582ce5f850a124cd0c5f6fc14f02a0d2/execute/async - {"script":"<script> [1562 bytes]","args":[{"selector":{"id":"application-manageresources-display-component---newResourceUnit--btnAddTimeSegment-img"},"wdio_ui5_key":"applicationmanageresources-display-component---newResourceUnit--btnAddTimeSegment-img"}]}
RESULT: {"script":"<script> [1562 bytes]","args":[{"selector":{"id":"application-manageresources-display-component---newResourceUnit--btnAddTimeSegment-img"},"wdio_ui5_key":"applicationmanageresources-display-component---newResourceUnit--btnAddTimeSegment-img"}]}
RESULT: undefined
COMMAND: POST /session/582ce5f850a124cd0c5f6fc14f02a0d2/element - {"using":"xpath","value":"//*[@id=\"application-manageresources-display-component---newResourceUnit--btnAddTimeSegment-img\"]"}
RESULT: {"using":"xpath","value":"//*[@id=\"application-manageresources-display-component---newResourceUnit--btnAddTimeSegment-img\"]"}
COMMAND: POST /session/582ce5f850a124cd0c5f6fc14f02a0d2/element/f.92142B0E1996143B500ED3F2A7F6BA2F.d.044BB02D5BF1467EB4587C49E537F49C.e.12024/click - {}
RESULT: {}
COMMAND: POST /session/582ce5f850a124cd0c5f6fc14f02a0d2/element - {"using":"xpath","value":"//input[@id=\"application-manageresources-display-component---newResourceUnit--idRuTSAdmin-application-manageresources-display-component---newResourceUnit--RUTimeSegment-0-inner\"]"}
COMMAND: GET /session/582ce5f850a124cd0c5f6fc14f02a0d2/screenshot - {}
RESULT: {"using":"xpath","value":"//input[@id=\"application-manageresources-display-component---newResourceUnit--idRuTSAdmin-application-manageresources-display-component---newResourceUnit--RUTimeSegment-0-inner\"]"}
COMMAND: POST /session/582ce5f850a124cd0c5f6fc14f02a0d2/element/f.92142B0E1996143B500ED3F2A7F6BA2F.d.044BB02D5BF1467EB4587C49E537F49C.e.12027/clear - {}
RESULT: {}
RESULT: {}
COMMAND: POST /session/582ce5f850a124cd0c5f6fc14f02a0d2/element/f.92142B0E1996143B500ED3F2A7F6BA2F.d.044BB02D5BF1467EB4587C49E537F49C.e.12027/value - {"text":"413"}
COMMAND: GET /session/582ce5f850a124cd0c5f6fc14f02a0d2/screenshot - {}
RESULT: {"text":"413"}
COMMAND: GET /session/582ce5f850a124cd0c5f6fc14f02a0d2/screenshot - {}
RESULT: {}
RESULT: {}
COMMAND: POST /session/582ce5f850a124cd0c5f6fc14f02a0d2/actions - {"actions":[{"id":"action46","type":"key","parameters":{},"actions":[{"type":"keyDown","value":"î€‡"},{"type":"pause","duration":10},{"type":"keyUp","value":"î€‡"}]}]}
RESULT: {"actions":[{"id":"action46","type":"key","parameters":{},"actions":[{"type":"keyDown","value":"î€‡"},{"type":"pause","duration":10},{"type":"keyUp","value":"î€‡"}]}]}
COMMAND: GET /session/582ce5f850a124cd0c5f6fc14f02a0d2/screenshot - {}
RESULT: {}
COMMAND: POST /session/582ce5f850a124cd0c5f6fc14f02a0d2/execute/async - {"script":"<script> [1562 bytes]","args":[{"selector":{"controlType":"sap.m.Button","viewName":"reusables.view.manageresources.NewResourceUnit","viewId":"application-manageresources-display-component---newResourceUnit","i18NText":{"propertyName":"tooltip","key":"save"},"interaction":{"idSuffix":"BDI-content"}},"wdio_ui5_key":"reusablesview.manageresources.NewResourceUnitsap.m.Button{\"propertyName\":\"tooltip\",\"key\":\"save\"}"}]}
RESULT: {"script":"<script> [1562 bytes]","args":[{"selector":{"controlType":"sap.m.Button","viewName":"reusables.view.manageresources.NewResourceUnit","viewId":"application-manageresources-display-component---newResourceUnit","i18NText":{"propertyName":"tooltip","key":"save"},"interaction":{"idSuffix":"BDI-content"}},"wdio_ui5_key":"reusablesview.manageresources.NewResourceUnitsap.m.Button{\"propertyName\":\"tooltip\",\"key\":\"save\"}"}]}
RESULT: undefined
COMMAND: POST /session/582ce5f850a124cd0c5f6fc14f02a0d2/element - {"using":"xpath","value":"//*[@id=\"application-manageresources-display-component---newResourceUnit--createRuButton\"]"}
RESULT: {"using":"xpath","value":"//*[@id=\"application-manageresources-display-component---newResourceUnit--createRuButton\"]"}
COMMAND: POST /session/582ce5f850a124cd0c5f6fc14f02a0d2/element/f.92142B0E1996143B500ED3F2A7F6BA2F.d.044BB02D5BF1467EB4587C49E537F49C.e.11962/click - {}
RESULT: {}
COMMAND: POST /session/582ce5f850a124cd0c5f6fc14f02a0d2/execute/async - {"script":"<script> [1562 bytes]","args":[{"selector":{"controlType":"sap.m.Button","properties":{"text":"Close"},"searchOpenDialogs":true,"interaction":{"idSuffix":"BDI-content"}},"wdio_ui5_key":"sapm.Button{\"text\":\"Close\"}"}]}
COMMAND: GET /session/582ce5f850a124cd0c5f6fc14f02a0d2/screenshot - {}
RESULT: {"script":"<script> [1562 bytes]","args":[{"selector":{"controlType":"sap.m.Button","properties":{"text":"Close"},"searchOpenDialogs":true,"interaction":{"idSuffix":"BDI-content"}},"wdio_ui5_key":"sapm.Button{\"text\":\"Close\"}"}]}
RESULT: undefined
COMMAND: POST /session/582ce5f850a124cd0c5f6fc14f02a0d2/element - {"using":"xpath","value":"//*[@id=\"__mbox-btn-0\"]"}
RESULT: {}
RESULT: {"using":"xpath","value":"//*[@id=\"__mbox-btn-0\"]"}
COMMAND: POST /session/582ce5f850a124cd0c5f6fc14f02a0d2/element/f.92142B0E1996143B500ED3F2A7F6BA2F.d.044BB02D5BF1467EB4587C49E537F49C.e.12041/click - {}
RESULT: {}
COMMAND: GET /session/582ce5f850a124cd0c5f6fc14f02a0d2/screenshot - {}
COMMAND: POST /session/582ce5f850a124cd0c5f6fc14f02a0d2/execute/async - {"script":"<script> [1562 bytes]","args":[{"selector":{"controlType":"sap.m.Text","viewName":"etm.portal.ui.manageresources.view.Detail","viewId":"application-manageresources-display-component---detailRU","bindingPath":{"propertyPath":"ID","modelName":"catalogModel"}},"wdio_ui5_key":"etmportal.ui.manageresources.view.Detailsap.m.Text{\"propertyPath\":\"ID\",\"modelName\":\"catalogModel\"}"}]}
RESULT: {}
RESULT: {"script":"<script> [1562 bytes]","args":[{"selector":{"controlType":"sap.m.Text","viewName":"etm.portal.ui.manageresources.view.Detail","viewId":"application-manageresources-display-component---detailRU","bindingPath":{"propertyPath":"ID","modelName":"catalogModel"}},"wdio_ui5_key":"etmportal.ui.manageresources.view.Detailsap.m.Text{\"propertyPath\":\"ID\",\"modelName\":\"catalogModel\"}"}]}
RESULT: undefined
COMMAND: POST /session/582ce5f850a124cd0c5f6fc14f02a0d2/execute/async - {"script":"<script> [6424 bytes]","args":[{"element-6066-11e4-a52e-4f735466cecf":"f.92142B0E1996143B500ED3F2A7F6BA2F.d.044BB02D5BF1467EB4587C49E537F49C.e.12070"},"getText",[]]}
RESULT: {"script":"<script> [6424 bytes]","args":[{"element-6066-11e4-a52e-4f735466cecf":"f.92142B0E1996143B500ED3F2A7F6BA2F.d.044BB02D5BF1467EB4587C49E537F49C.e.12070"},"getText",[]]}
COMMAND: POST /session/582ce5f850a124cd0c5f6fc14f02a0d2/element - {"using":"css selector","value":"#shell-header-logo"}
RESULT: {"using":"css selector","value":"#shell-header-logo"}
COMMAND: POST /session/582ce5f850a124cd0c5f6fc14f02a0d2/element/f.92142B0E1996143B500ED3F2A7F6BA2F.d.044BB02D5BF1467EB4587C49E537F49C.e.11595/click - {}
RESULT: {}
COMMAND: GET /session/582ce5f850a124cd0c5f6fc14f02a0d2/screenshot - {}
RESULT: {}
]]></system-out>
    </testcase>
  </testsuite>
  <testsuite timestamp="2025-04-29T17:16:26" time="884.209" tests="6" failures="0" errors="0" skipped="0">
    <properties>
      <property name="specId" value="0" />
      <property name="suiteName" value="Provide to Site w/o warehouse management w clarification" />
      <property name="capabilities" value="chrome.135_0_7049_96.windows" />
      <property name="file" value="file:///D:/a/1/s/test/specs/HTR/provide-to-site-wo-warehouse-w-clarification.spec.js" />
    </properties>
    <testcase classname="chrome.135_0_7049_96.windows.Provide_to_Site_w/o_warehouse_management_w_clarification" name="Should do a stock increase handover" time="186.588">
      <system-out><![CDATA[
COMMAND: POST /session/582ce5f850a124cd0c5f6fc14f02a0d2/execute/async - {"script":"<script> [1562 bytes]","args":[{"selector":{"controlType":"sap.m.GenericTile","properties":{"header":"Manage Handovers"}},"wdio_ui5_key":"sapm.GenericTile{\"header\":\"Manage Handovers\"}"}]}
RESULT: {"script":"<script> [1562 bytes]","args":[{"selector":{"controlType":"sap.m.GenericTile","properties":{"header":"Manage Handovers"}},"wdio_ui5_key":"sapm.GenericTile{\"header\":\"Manage Handovers\"}"}]}
RESULT: undefined
COMMAND: POST /session/582ce5f850a124cd0c5f6fc14f02a0d2/element - {"using":"xpath","value":"//*[@id=\"__tile132\"]"}
RESULT: {"using":"xpath","value":"//*[@id=\"__tile132\"]"}
COMMAND: POST /session/582ce5f850a124cd0c5f6fc14f02a0d2/element/f.92142B0E1996143B500ED3F2A7F6BA2F.d.044BB02D5BF1467EB4587C49E537F49C.e.12072/click - {}
RESULT: {}
COMMAND: GET /session/582ce5f850a124cd0c5f6fc14f02a0d2/screenshot - {}
COMMAND: POST /session/582ce5f850a124cd0c5f6fc14f02a0d2/element - {"using":"xpath","value":"//button[(@data-kt = 'masterHOAddButton')]"}
RESULT: {}
RESULT: {"using":"xpath","value":"//button[(@data-kt = 'masterHOAddButton')]"}
COMMAND: POST /session/582ce5f850a124cd0c5f6fc14f02a0d2/elements - {"using":"xpath","value":"//button[(@data-kt = 'masterHOAddButton')]"}
RESULT: {"using":"xpath","value":"//button[(@data-kt = 'masterHOAddButton')]"}
COMMAND: POST /session/582ce5f850a124cd0c5f6fc14f02a0d2/elements - {"using":"xpath","value":"//button[(@data-kt = 'masterHOAddButton')]"}
RESULT: {"using":"xpath","value":"//button[(@data-kt = 'masterHOAddButton')]"}
COMMAND: POST /session/582ce5f850a124cd0c5f6fc14f02a0d2/element - {"using":"xpath","value":"//button[(@data-kt = 'masterHOAddButton')]"}
RESULT: {"using":"xpath","value":"//button[(@data-kt = 'masterHOAddButton')]"}
COMMAND: POST /session/582ce5f850a124cd0c5f6fc14f02a0d2/element/f.92142B0E1996143B500ED3F2A7F6BA2F.d.044BB02D5BF1467EB4587C49E537F49C.e.12103/click - {}
RESULT: {}
COMMAND: POST /session/582ce5f850a124cd0c5f6fc14f02a0d2/element - {"using":"css selector","value":"span[id=\"application-managehandovers-display-component---AddNewHO--typeSelect-label\"]"}
COMMAND: GET /session/582ce5f850a124cd0c5f6fc14f02a0d2/screenshot - {}
RESULT: {"using":"css selector","value":"span[id=\"application-managehandovers-display-component---AddNewHO--typeSelect-label\"]"}
COMMAND: POST /session/582ce5f850a124cd0c5f6fc14f02a0d2/elements - {"using":"css selector","value":"span[id=\"application-managehandovers-display-component---AddNewHO--typeSelect-label\"]"}
RESULT: {}
RESULT: {"using":"css selector","value":"span[id=\"application-managehandovers-display-component---AddNewHO--typeSelect-label\"]"}
COMMAND: POST /session/582ce5f850a124cd0c5f6fc14f02a0d2/elements - {"using":"css selector","value":"span[id=\"application-managehandovers-display-component---AddNewHO--typeSelect-label\"]"}
RESULT: {"using":"css selector","value":"span[id=\"application-managehandovers-display-component---AddNewHO--typeSelect-label\"]"}
COMMAND: POST /session/582ce5f850a124cd0c5f6fc14f02a0d2/element - {"using":"css selector","value":"span[id=\"application-managehandovers-display-component---AddNewHO--typeSelect-label\"]"}
RESULT: {"using":"css selector","value":"span[id=\"application-managehandovers-display-component---AddNewHO--typeSelect-label\"]"}
COMMAND: POST /session/582ce5f850a124cd0c5f6fc14f02a0d2/element/f.92142B0E1996143B500ED3F2A7F6BA2F.d.044BB02D5BF1467EB4587C49E537F49C.e.12409/click - {}
RESULT: {}
COMMAND: POST /session/582ce5f850a124cd0c5f6fc14f02a0d2/element - {"using":"css selector","value":"#application-managehandovers-display-component---AddNewHO--oneStep-CB"}
COMMAND: GET /session/582ce5f850a124cd0c5f6fc14f02a0d2/screenshot - {}
RESULT: {"using":"css selector","value":"#application-managehandovers-display-component---AddNewHO--oneStep-CB"}
COMMAND: GET /session/582ce5f850a124cd0c5f6fc14f02a0d2/element/f.92142B0E1996143B500ED3F2A7F6BA2F.d.044BB02D5BF1467EB4587C49E537F49C.e.12348/selected - {}
RESULT: {}
RESULT: {}
COMMAND: POST /session/582ce5f850a124cd0c5f6fc14f02a0d2/element - {"using":"xpath","value":"//li[contains(text(), \"stock increase yard\")]"}
COMMAND: GET /session/582ce5f850a124cd0c5f6fc14f02a0d2/screenshot - {}
RESULT: {"using":"xpath","value":"//li[contains(text(), \"stock increase yard\")]"}
COMMAND: POST /session/582ce5f850a124cd0c5f6fc14f02a0d2/element/f.92142B0E1996143B500ED3F2A7F6BA2F.d.044BB02D5BF1467EB4587C49E537F49C.e.12412/click - {}
RESULT: {}
RESULT: {}
COMMAND: GET /session/582ce5f850a124cd0c5f6fc14f02a0d2/screenshot - {}
RESULT: {}
COMMAND: POST /session/582ce5f850a124cd0c5f6fc14f02a0d2/element - {"using":"css selector","value":"input[id=\"generalSectionFrg--receiveYard-inner\"]"}
RESULT: {"using":"css selector","value":"input[id=\"generalSectionFrg--receiveYard-inner\"]"}
COMMAND: POST /session/582ce5f850a124cd0c5f6fc14f02a0d2/element/f.92142B0E1996143B500ED3F2A7F6BA2F.d.044BB02D5BF1467EB4587C49E537F49C.e.12420/clear - {}
RESULT: {}
COMMAND: POST /session/582ce5f850a124cd0c5f6fc14f02a0d2/element/f.92142B0E1996143B500ED3F2A7F6BA2F.d.044BB02D5BF1467EB4587C49E537F49C.e.12420/value - {"text":"413"}
COMMAND: GET /session/582ce5f850a124cd0c5f6fc14f02a0d2/screenshot - {}
RESULT: {"text":"413"}
COMMAND: GET /session/582ce5f850a124cd0c5f6fc14f02a0d2/screenshot - {}
RESULT: {}
RESULT: {}
COMMAND: POST /session/582ce5f850a124cd0c5f6fc14f02a0d2/element - {"using":"css selector","value":"#application-managehandovers-display-component---AddNewHO--dueDate-inner"}
RESULT: {"using":"css selector","value":"#application-managehandovers-display-component---AddNewHO--dueDate-inner"}
COMMAND: POST /session/582ce5f850a124cd0c5f6fc14f02a0d2/element/f.92142B0E1996143B500ED3F2A7F6BA2F.d.044BB02D5BF1467EB4587C49E537F49C.e.12414/clear - {}
RESULT: {}
COMMAND: POST /session/582ce5f850a124cd0c5f6fc14f02a0d2/element/f.92142B0E1996143B500ED3F2A7F6BA2F.d.044BB02D5BF1467EB4587C49E537F49C.e.12414/value - {"text":"4/29/25"}
COMMAND: GET /session/582ce5f850a124cd0c5f6fc14f02a0d2/screenshot - {}
RESULT: {"text":"4/29/25"}
COMMAND: GET /session/582ce5f850a124cd0c5f6fc14f02a0d2/screenshot - {}
RESULT: {}
RESULT: {}
COMMAND: POST /session/582ce5f850a124cd0c5f6fc14f02a0d2/element - {"using":"xpath","value":"//bdi[(text() = 'Items' or . = 'Items')]"}
RESULT: {"using":"xpath","value":"//bdi[(text() = 'Items' or . = 'Items')]"}
COMMAND: POST /session/582ce5f850a124cd0c5f6fc14f02a0d2/element/f.92142B0E1996143B500ED3F2A7F6BA2F.d.044BB02D5BF1467EB4587C49E537F49C.e.12439/click - {}
RESULT: {}
COMMAND: GET /session/582ce5f850a124cd0c5f6fc14f02a0d2/screenshot - {}
RESULT: {}
COMMAND: POST /session/582ce5f850a124cd0c5f6fc14f02a0d2/element - {"using":"xpath","value":"//button[@aria-label=\"Add\"]"}
RESULT: {"using":"xpath","value":"//button[@aria-label=\"Add\"]"}
COMMAND: POST /session/582ce5f850a124cd0c5f6fc14f02a0d2/element/f.92142B0E1996143B500ED3F2A7F6BA2F.d.044BB02D5BF1467EB4587C49E537F49C.e.12444/click - {}
RESULT: {}
COMMAND: GET /session/582ce5f850a124cd0c5f6fc14f02a0d2/screenshot - {}
RESULT: {}
COMMAND: POST /session/582ce5f850a124cd0c5f6fc14f02a0d2/element - {"using":"css selector","value":"input[id= \"application-managehandovers-display-component---AddNewHO--smartFilterBar-btnBasicSearch-I\"]"}
RESULT: {"using":"css selector","value":"input[id= \"application-managehandovers-display-component---AddNewHO--smartFilterBar-btnBasicSearch-I\"]"}
COMMAND: POST /session/582ce5f850a124cd0c5f6fc14f02a0d2/element/f.92142B0E1996143B500ED3F2A7F6BA2F.d.044BB02D5BF1467EB4587C49E537F49C.e.12449/clear - {}
RESULT: {}
COMMAND: POST /session/582ce5f850a124cd0c5f6fc14f02a0d2/element/f.92142B0E1996143B500ED3F2A7F6BA2F.d.044BB02D5BF1467EB4587C49E537F49C.e.12449/value - {"text":"200201"}
COMMAND: GET /session/582ce5f850a124cd0c5f6fc14f02a0d2/screenshot - {}
RESULT: {"text":"200201"}
COMMAND: POST /session/582ce5f850a124cd0c5f6fc14f02a0d2/actions - {"actions":[{"id":"action47","type":"key","parameters":{},"actions":[{"type":"keyDown","value":"î€‡"},{"type":"pause","duration":10},{"type":"keyUp","value":"î€‡"}]}]}
COMMAND: GET /session/582ce5f850a124cd0c5f6fc14f02a0d2/screenshot - {}
RESULT: {}
RESULT: {"actions":[{"id":"action47","type":"key","parameters":{},"actions":[{"type":"keyDown","value":"î€‡"},{"type":"pause","duration":10},{"type":"keyUp","value":"î€‡"}]}]}
COMMAND: POST /session/582ce5f850a124cd0c5f6fc14f02a0d2/element - {"using":"css selector","value":"div[id= \"application-managehandovers-display-component---AddNewHO--smartFilterBar-btnBasicSearch-search\"]"}
COMMAND: GET /session/582ce5f850a124cd0c5f6fc14f02a0d2/screenshot - {}
RESULT: {}
RESULT: {"using":"css selector","value":"div[id= \"application-managehandovers-display-component---AddNewHO--smartFilterBar-btnBasicSearch-search\"]"}
COMMAND: POST /session/582ce5f850a124cd0c5f6fc14f02a0d2/element/f.92142B0E1996143B500ED3F2A7F6BA2F.d.044BB02D5BF1467EB4587C49E537F49C.e.12599/click - {}
RESULT: {}
RESULT: {}
COMMAND: GET /session/582ce5f850a124cd0c5f6fc14f02a0d2/screenshot - {}
RESULT: {}
COMMAND: POST /session/582ce5f850a124cd0c5f6fc14f02a0d2/element - {"using":"css selector","value":"div[id= \"application-managehandovers-display-component---AddNewHO--popup-sa-CbBg\"]"}
RESULT: {"using":"css selector","value":"div[id= \"application-managehandovers-display-component---AddNewHO--popup-sa-CbBg\"]"}
COMMAND: POST /session/582ce5f850a124cd0c5f6fc14f02a0d2/element/f.92142B0E1996143B500ED3F2A7F6BA2F.d.044BB02D5BF1467EB4587C49E537F49C.e.12600/click - {}
RESULT: {}
COMMAND: GET /session/582ce5f850a124cd0c5f6fc14f02a0d2/screenshot - {}
RESULT: {}
COMMAND: POST /session/582ce5f850a124cd0c5f6fc14f02a0d2/element - {"using":"xpath","value":"//bdi[(text() = 'Select' or . = 'Select')]"}
RESULT: {"using":"xpath","value":"//bdi[(text() = 'Select' or . = 'Select')]"}
COMMAND: POST /session/582ce5f850a124cd0c5f6fc14f02a0d2/element/f.92142B0E1996143B500ED3F2A7F6BA2F.d.044BB02D5BF1467EB4587C49E537F49C.e.12601/click - {}
RESULT: {}
COMMAND: GET /session/582ce5f850a124cd0c5f6fc14f02a0d2/screenshot - {}
RESULT: {}
COMMAND: POST /session/582ce5f850a124cd0c5f6fc14f02a0d2/execute/async - {"script":"<script> [1562 bytes]","args":[{"selector":{"controlType":"sap.m.Input","viewName":"etm.portal.ui.managehandovers.view.AddNewHO","viewId":"application-managehandovers-display-component---AddNewHO","bindingPath":{"path":"/items/0","propertyPath":"TYPE","modelName":"hoItemsModel"},"interaction":{"idSuffix":"inner"}},"wdio_ui5_key":"etmportal.ui.managehandovers.view.AddNewHOsap.m.Input{\"path\":\"/items/0\",\"propertyPath\":\"TYPE\",\"modelName\":\"hoItemsModel\"}"}]}
RESULT: {"script":"<script> [1562 bytes]","args":[{"selector":{"controlType":"sap.m.Input","viewName":"etm.portal.ui.managehandovers.view.AddNewHO","viewId":"application-managehandovers-display-component---AddNewHO","bindingPath":{"path":"/items/0","propertyPath":"TYPE","modelName":"hoItemsModel"},"interaction":{"idSuffix":"inner"}},"wdio_ui5_key":"etmportal.ui.managehandovers.view.AddNewHOsap.m.Input{\"path\":\"/items/0\",\"propertyPath\":\"TYPE\",\"modelName\":\"hoItemsModel\"}"}]}
RESULT: undefined
COMMAND: POST /session/582ce5f850a124cd0c5f6fc14f02a0d2/execute/async - {"script":"<script> [776 bytes]","args":[{"enterText":"100","selector":{"controlType":"sap.m.Input","viewName":"etm.portal.ui.managehandovers.view.AddNewHO","viewId":"application-managehandovers-display-component---AddNewHO","bindingPath":{"path":"/items/0","propertyPath":"TYPE","modelName":"hoItemsModel"},"interaction":{"idSuffix":"inner"}},"clearTextFirst":true,"interactionType":"ENTER_TEXT"}]}
RESULT: {"script":"<script> [776 bytes]","args":[{"enterText":"100","selector":{"controlType":"sap.m.Input","viewName":"etm.portal.ui.managehandovers.view.AddNewHO","viewId":"application-managehandovers-display-component---AddNewHO","bindingPath":{"path":"/items/0","propertyPath":"TYPE","modelName":"hoItemsModel"},"interaction":{"idSuffix":"inner"}},"clearTextFirst":true,"interactionType":"ENTER_TEXT"}]}
COMMAND: POST /session/582ce5f850a124cd0c5f6fc14f02a0d2/element - {"using":"xpath","value":"//bdi[(text() = 'Save' or . = 'Save')]"}
RESULT: {"using":"xpath","value":"//bdi[(text() = 'Save' or . = 'Save')]"}
COMMAND: POST /session/582ce5f850a124cd0c5f6fc14f02a0d2/element/f.92142B0E1996143B500ED3F2A7F6BA2F.d.044BB02D5BF1467EB4587C49E537F49C.e.12606/click - {}
RESULT: {}
COMMAND: GET /session/582ce5f850a124cd0c5f6fc14f02a0d2/screenshot - {}
RESULT: {}
COMMAND: POST /session/582ce5f850a124cd0c5f6fc14f02a0d2/element - {"using":"xpath","value":"//input[contains(@id ,\"receiptDatePicker-inner\")]"}
RESULT: {"using":"xpath","value":"//input[contains(@id ,\"receiptDatePicker-inner\")]"}
COMMAND: POST /session/582ce5f850a124cd0c5f6fc14f02a0d2/element/f.92142B0E1996143B500ED3F2A7F6BA2F.d.044BB02D5BF1467EB4587C49E537F49C.e.12637/click - {}
RESULT: {}
COMMAND: POST /session/582ce5f850a124cd0c5f6fc14f02a0d2/element - {"using":"xpath","value":"//input[contains(@id ,\"receiptDatePicker-inner\")]"}
COMMAND: GET /session/582ce5f850a124cd0c5f6fc14f02a0d2/screenshot - {}
RESULT: {"using":"xpath","value":"//input[contains(@id ,\"receiptDatePicker-inner\")]"}
COMMAND: POST /session/582ce5f850a124cd0c5f6fc14f02a0d2/element/f.92142B0E1996143B500ED3F2A7F6BA2F.d.044BB02D5BF1467EB4587C49E537F49C.e.12637/clear - {}
RESULT: {}
RESULT: {}
COMMAND: POST /session/582ce5f850a124cd0c5f6fc14f02a0d2/element/f.92142B0E1996143B500ED3F2A7F6BA2F.d.044BB02D5BF1467EB4587C49E537F49C.e.12637/value - {"text":"4/29/25"}
COMMAND: GET /session/582ce5f850a124cd0c5f6fc14f02a0d2/screenshot - {}
RESULT: {"text":"4/29/25"}
COMMAND: GET /session/582ce5f850a124cd0c5f6fc14f02a0d2/screenshot - {}
RESULT: {}
RESULT: {}
COMMAND: POST /session/582ce5f850a124cd0c5f6fc14f02a0d2/element - {"using":"xpath","value":"//bdi[text()='Save']"}
RESULT: {"using":"xpath","value":"//bdi[text()='Save']"}
COMMAND: GET /session/582ce5f850a124cd0c5f6fc14f02a0d2/element/f.92142B0E1996143B500ED3F2A7F6BA2F.d.044BB02D5BF1467EB4587C49E537F49C.e.12606/enabled - {}
RESULT: {}
COMMAND: POST /session/582ce5f850a124cd0c5f6fc14f02a0d2/execute/sync - {"script":"<script> [8489 bytes]","args":[{"element-6066-11e4-a52e-4f735466cecf":"f.92142B0E1996143B500ED3F2A7F6BA2F.d.044BB02D5BF1467EB4587C49E537F49C.e.12606","ELEMENT":"f.92142B0E1996143B500ED3F2A7F6BA2F.d.044BB02D5BF1467EB4587C49E537F49C.e.12606"}]}
COMMAND: GET /session/582ce5f850a124cd0c5f6fc14f02a0d2/screenshot - {}
RESULT: {}
RESULT: {"script":"<script> [8489 bytes]","args":[{"element-6066-11e4-a52e-4f735466cecf":"f.92142B0E1996143B500ED3F2A7F6BA2F.d.044BB02D5BF1467EB4587C49E537F49C.e.12606","ELEMENT":"f.92142B0E1996143B500ED3F2A7F6BA2F.d.044BB02D5BF1467EB4587C49E537F49C.e.12606"}]}
COMMAND: GET /session/582ce5f850a124cd0c5f6fc14f02a0d2/screenshot - {}
COMMAND: POST /session/582ce5f850a124cd0c5f6fc14f02a0d2/execute/sync - {"script":"<script> [8489 bytes]","args":[{"element-6066-11e4-a52e-4f735466cecf":"f.92142B0E1996143B500ED3F2A7F6BA2F.d.044BB02D5BF1467EB4587C49E537F49C.e.12606","ELEMENT":"f.92142B0E1996143B500ED3F2A7F6BA2F.d.044BB02D5BF1467EB4587C49E537F49C.e.12606"}]}
RESULT: {}
RESULT: {"script":"<script> [8489 bytes]","args":[{"element-6066-11e4-a52e-4f735466cecf":"f.92142B0E1996143B500ED3F2A7F6BA2F.d.044BB02D5BF1467EB4587C49E537F49C.e.12606","ELEMENT":"f.92142B0E1996143B500ED3F2A7F6BA2F.d.044BB02D5BF1467EB4587C49E537F49C.e.12606"}]}
COMMAND: GET /session/582ce5f850a124cd0c5f6fc14f02a0d2/screenshot - {}
COMMAND: POST /session/582ce5f850a124cd0c5f6fc14f02a0d2/execute/sync - {"script":"<script> [8489 bytes]","args":[{"element-6066-11e4-a52e-4f735466cecf":"f.92142B0E1996143B500ED3F2A7F6BA2F.d.044BB02D5BF1467EB4587C49E537F49C.e.12606","ELEMENT":"f.92142B0E1996143B500ED3F2A7F6BA2F.d.044BB02D5BF1467EB4587C49E537F49C.e.12606"}]}
RESULT: {}
RESULT: {"script":"<script> [8489 bytes]","args":[{"element-6066-11e4-a52e-4f735466cecf":"f.92142B0E1996143B500ED3F2A7F6BA2F.d.044BB02D5BF1467EB4587C49E537F49C.e.12606","ELEMENT":"f.92142B0E1996143B500ED3F2A7F6BA2F.d.044BB02D5BF1467EB4587C49E537F49C.e.12606"}]}
COMMAND: GET /session/582ce5f850a124cd0c5f6fc14f02a0d2/screenshot - {}
COMMAND: POST /session/582ce5f850a124cd0c5f6fc14f02a0d2/execute/sync - {"script":"<script> [8489 bytes]","args":[{"element-6066-11e4-a52e-4f735466cecf":"f.92142B0E1996143B500ED3F2A7F6BA2F.d.044BB02D5BF1467EB4587C49E537F49C.e.12606","ELEMENT":"f.92142B0E1996143B500ED3F2A7F6BA2F.d.044BB02D5BF1467EB4587C49E537F49C.e.12606"}]}
RESULT: {}
RESULT: {"script":"<script> [8489 bytes]","args":[{"element-6066-11e4-a52e-4f735466cecf":"f.92142B0E1996143B500ED3F2A7F6BA2F.d.044BB02D5BF1467EB4587C49E537F49C.e.12606","ELEMENT":"f.92142B0E1996143B500ED3F2A7F6BA2F.d.044BB02D5BF1467EB4587C49E537F49C.e.12606"}]}
COMMAND: GET /session/582ce5f850a124cd0c5f6fc14f02a0d2/screenshot - {}
COMMAND: POST /session/582ce5f850a124cd0c5f6fc14f02a0d2/execute/sync - {"script":"<script> [8489 bytes]","args":[{"element-6066-11e4-a52e-4f735466cecf":"f.92142B0E1996143B500ED3F2A7F6BA2F.d.044BB02D5BF1467EB4587C49E537F49C.e.12606","ELEMENT":"f.92142B0E1996143B500ED3F2A7F6BA2F.d.044BB02D5BF1467EB4587C49E537F49C.e.12606"}]}
RESULT: {}
RESULT: {"script":"<script> [8489 bytes]","args":[{"element-6066-11e4-a52e-4f735466cecf":"f.92142B0E1996143B500ED3F2A7F6BA2F.d.044BB02D5BF1467EB4587C49E537F49C.e.12606","ELEMENT":"f.92142B0E1996143B500ED3F2A7F6BA2F.d.044BB02D5BF1467EB4587C49E537F49C.e.12606"}]}
COMMAND: GET /session/582ce5f850a124cd0c5f6fc14f02a0d2/screenshot - {}
RESULT: {}
COMMAND: POST /session/582ce5f850a124cd0c5f6fc14f02a0d2/execute/sync - {"script":"<script> [8489 bytes]","args":[{"element-6066-11e4-a52e-4f735466cecf":"f.92142B0E1996143B500ED3F2A7F6BA2F.d.044BB02D5BF1467EB4587C49E537F49C.e.12606","ELEMENT":"f.92142B0E1996143B500ED3F2A7F6BA2F.d.044BB02D5BF1467EB4587C49E537F49C.e.12606"}]}
RESULT: {"script":"<script> [8489 bytes]","args":[{"element-6066-11e4-a52e-4f735466cecf":"f.92142B0E1996143B500ED3F2A7F6BA2F.d.044BB02D5BF1467EB4587C49E537F49C.e.12606","ELEMENT":"f.92142B0E1996143B500ED3F2A7F6BA2F.d.044BB02D5BF1467EB4587C49E537F49C.e.12606"}]}
COMMAND: GET /session/582ce5f850a124cd0c5f6fc14f02a0d2/screenshot - {}
RESULT: {}
COMMAND: POST /session/582ce5f850a124cd0c5f6fc14f02a0d2/execute/sync - {"script":"<script> [8489 bytes]","args":[{"element-6066-11e4-a52e-4f735466cecf":"f.92142B0E1996143B500ED3F2A7F6BA2F.d.044BB02D5BF1467EB4587C49E537F49C.e.12606","ELEMENT":"f.92142B0E1996143B500ED3F2A7F6BA2F.d.044BB02D5BF1467EB4587C49E537F49C.e.12606"}]}
RESULT: {"script":"<script> [8489 bytes]","args":[{"element-6066-11e4-a52e-4f735466cecf":"f.92142B0E1996143B500ED3F2A7F6BA2F.d.044BB02D5BF1467EB4587C49E537F49C.e.12606","ELEMENT":"f.92142B0E1996143B500ED3F2A7F6BA2F.d.044BB02D5BF1467EB4587C49E537F49C.e.12606"}]}
COMMAND: GET /session/582ce5f850a124cd0c5f6fc14f02a0d2/screenshot - {}
RESULT: {}
COMMAND: POST /session/582ce5f850a124cd0c5f6fc14f02a0d2/execute/sync - {"script":"<script> [8489 bytes]","args":[{"element-6066-11e4-a52e-4f735466cecf":"f.92142B0E1996143B500ED3F2A7F6BA2F.d.044BB02D5BF1467EB4587C49E537F49C.e.12606","ELEMENT":"f.92142B0E1996143B500ED3F2A7F6BA2F.d.044BB02D5BF1467EB4587C49E537F49C.e.12606"}]}
RESULT: {"script":"<script> [8489 bytes]","args":[{"element-6066-11e4-a52e-4f735466cecf":"f.92142B0E1996143B500ED3F2A7F6BA2F.d.044BB02D5BF1467EB4587C49E537F49C.e.12606","ELEMENT":"f.92142B0E1996143B500ED3F2A7F6BA2F.d.044BB02D5BF1467EB4587C49E537F49C.e.12606"}]}
COMMAND: GET /session/582ce5f850a124cd0c5f6fc14f02a0d2/screenshot - {}
RESULT: {}
COMMAND: POST /session/582ce5f850a124cd0c5f6fc14f02a0d2/execute/sync - {"script":"<script> [8489 bytes]","args":[{"element-6066-11e4-a52e-4f735466cecf":"f.92142B0E1996143B500ED3F2A7F6BA2F.d.044BB02D5BF1467EB4587C49E537F49C.e.12606","ELEMENT":"f.92142B0E1996143B500ED3F2A7F6BA2F.d.044BB02D5BF1467EB4587C49E537F49C.e.12606"}]}
RESULT: {"script":"<script> [8489 bytes]","args":[{"element-6066-11e4-a52e-4f735466cecf":"f.92142B0E1996143B500ED3F2A7F6BA2F.d.044BB02D5BF1467EB4587C49E537F49C.e.12606","ELEMENT":"f.92142B0E1996143B500ED3F2A7F6BA2F.d.044BB02D5BF1467EB4587C49E537F49C.e.12606"}]}
COMMAND: GET /session/582ce5f850a124cd0c5f6fc14f02a0d2/screenshot - {}
RESULT: {}
COMMAND: POST /session/582ce5f850a124cd0c5f6fc14f02a0d2/execute/sync - {"script":"<script> [8489 bytes]","args":[{"element-6066-11e4-a52e-4f735466cecf":"f.92142B0E1996143B500ED3F2A7F6BA2F.d.044BB02D5BF1467EB4587C49E537F49C.e.12606","ELEMENT":"f.92142B0E1996143B500ED3F2A7F6BA2F.d.044BB02D5BF1467EB4587C49E537F49C.e.12606"}]}
RESULT: {"script":"<script> [8489 bytes]","args":[{"element-6066-11e4-a52e-4f735466cecf":"f.92142B0E1996143B500ED3F2A7F6BA2F.d.044BB02D5BF1467EB4587C49E537F49C.e.12606","ELEMENT":"f.92142B0E1996143B500ED3F2A7F6BA2F.d.044BB02D5BF1467EB4587C49E537F49C.e.12606"}]}
COMMAND: GET /session/582ce5f850a124cd0c5f6fc14f02a0d2/screenshot - {}
COMMAND: POST /session/582ce5f850a124cd0c5f6fc14f02a0d2/execute/sync - {"script":"<script> [8489 bytes]","args":[{"element-6066-11e4-a52e-4f735466cecf":"f.92142B0E1996143B500ED3F2A7F6BA2F.d.044BB02D5BF1467EB4587C49E537F49C.e.12606","ELEMENT":"f.92142B0E1996143B500ED3F2A7F6BA2F.d.044BB02D5BF1467EB4587C49E537F49C.e.12606"}]}
RESULT: {}
RESULT: {"script":"<script> [8489 bytes]","args":[{"element-6066-11e4-a52e-4f735466cecf":"f.92142B0E1996143B500ED3F2A7F6BA2F.d.044BB02D5BF1467EB4587C49E537F49C.e.12606","ELEMENT":"f.92142B0E1996143B500ED3F2A7F6BA2F.d.044BB02D5BF1467EB4587C49E537F49C.e.12606"}]}
COMMAND: GET /session/582ce5f850a124cd0c5f6fc14f02a0d2/screenshot - {}
COMMAND: POST /session/582ce5f850a124cd0c5f6fc14f02a0d2/execute/sync - {"script":"<script> [8489 bytes]","args":[{"element-6066-11e4-a52e-4f735466cecf":"f.92142B0E1996143B500ED3F2A7F6BA2F.d.044BB02D5BF1467EB4587C49E537F49C.e.12606","ELEMENT":"f.92142B0E1996143B500ED3F2A7F6BA2F.d.044BB02D5BF1467EB4587C49E537F49C.e.12606"}]}
RESULT: {}
RESULT: {"script":"<script> [8489 bytes]","args":[{"element-6066-11e4-a52e-4f735466cecf":"f.92142B0E1996143B500ED3F2A7F6BA2F.d.044BB02D5BF1467EB4587C49E537F49C.e.12606","ELEMENT":"f.92142B0E1996143B500ED3F2A7F6BA2F.d.044BB02D5BF1467EB4587C49E537F49C.e.12606"}]}
COMMAND: GET /session/582ce5f850a124cd0c5f6fc14f02a0d2/screenshot - {}
COMMAND: POST /session/582ce5f850a124cd0c5f6fc14f02a0d2/execute/sync - {"script":"<script> [8489 bytes]","args":[{"element-6066-11e4-a52e-4f735466cecf":"f.92142B0E1996143B500ED3F2A7F6BA2F.d.044BB02D5BF1467EB4587C49E537F49C.e.12606","ELEMENT":"f.92142B0E1996143B500ED3F2A7F6BA2F.d.044BB02D5BF1467EB4587C49E537F49C.e.12606"}]}
RESULT: {}
RESULT: {"script":"<script> [8489 bytes]","args":[{"element-6066-11e4-a52e-4f735466cecf":"f.92142B0E1996143B500ED3F2A7F6BA2F.d.044BB02D5BF1467EB4587C49E537F49C.e.12606","ELEMENT":"f.92142B0E1996143B500ED3F2A7F6BA2F.d.044BB02D5BF1467EB4587C49E537F49C.e.12606"}]}
COMMAND: GET /session/582ce5f850a124cd0c5f6fc14f02a0d2/screenshot - {}
COMMAND: POST /session/582ce5f850a124cd0c5f6fc14f02a0d2/execute/sync - {"script":"<script> [8489 bytes]","args":[{"element-6066-11e4-a52e-4f735466cecf":"f.92142B0E1996143B500ED3F2A7F6BA2F.d.044BB02D5BF1467EB4587C49E537F49C.e.12606","ELEMENT":"f.92142B0E1996143B500ED3F2A7F6BA2F.d.044BB02D5BF1467EB4587C49E537F49C.e.12606"}]}
RESULT: {}
RESULT: {"script":"<script> [8489 bytes]","args":[{"element-6066-11e4-a52e-4f735466cecf":"f.92142B0E1996143B500ED3F2A7F6BA2F.d.044BB02D5BF1467EB4587C49E537F49C.e.12606","ELEMENT":"f.92142B0E1996143B500ED3F2A7F6BA2F.d.044BB02D5BF1467EB4587C49E537F49C.e.12606"}]}
COMMAND: GET /session/582ce5f850a124cd0c5f6fc14f02a0d2/screenshot - {}
RESULT: {}
COMMAND: POST /session/582ce5f850a124cd0c5f6fc14f02a0d2/execute/sync - {"script":"<script> [8489 bytes]","args":[{"element-6066-11e4-a52e-4f735466cecf":"f.92142B0E1996143B500ED3F2A7F6BA2F.d.044BB02D5BF1467EB4587C49E537F49C.e.12606","ELEMENT":"f.92142B0E1996143B500ED3F2A7F6BA2F.d.044BB02D5BF1467EB4587C49E537F49C.e.12606"}]}
RESULT: {"script":"<script> [8489 bytes]","args":[{"element-6066-11e4-a52e-4f735466cecf":"f.92142B0E1996143B500ED3F2A7F6BA2F.d.044BB02D5BF1467EB4587C49E537F49C.e.12606","ELEMENT":"f.92142B0E1996143B500ED3F2A7F6BA2F.d.044BB02D5BF1467EB4587C49E537F49C.e.12606"}]}
COMMAND: GET /session/582ce5f850a124cd0c5f6fc14f02a0d2/screenshot - {}
RESULT: {}
COMMAND: POST /session/582ce5f850a124cd0c5f6fc14f02a0d2/execute/sync - {"script":"<script> [8489 bytes]","args":[{"element-6066-11e4-a52e-4f735466cecf":"f.92142B0E1996143B500ED3F2A7F6BA2F.d.044BB02D5BF1467EB4587C49E537F49C.e.12606","ELEMENT":"f.92142B0E1996143B500ED3F2A7F6BA2F.d.044BB02D5BF1467EB4587C49E537F49C.e.12606"}]}
RESULT: {"script":"<script> [8489 bytes]","args":[{"element-6066-11e4-a52e-4f735466cecf":"f.92142B0E1996143B500ED3F2A7F6BA2F.d.044BB02D5BF1467EB4587C49E537F49C.e.12606","ELEMENT":"f.92142B0E1996143B500ED3F2A7F6BA2F.d.044BB02D5BF1467EB4587C49E537F49C.e.12606"}]}
COMMAND: GET /session/582ce5f850a124cd0c5f6fc14f02a0d2/screenshot - {}
RESULT: {}
COMMAND: POST /session/582ce5f850a124cd0c5f6fc14f02a0d2/execute/sync - {"script":"<script> [8489 bytes]","args":[{"element-6066-11e4-a52e-4f735466cecf":"f.92142B0E1996143B500ED3F2A7F6BA2F.d.044BB02D5BF1467EB4587C49E537F49C.e.12606","ELEMENT":"f.92142B0E1996143B500ED3F2A7F6BA2F.d.044BB02D5BF1467EB4587C49E537F49C.e.12606"}]}
RESULT: {"script":"<script> [8489 bytes]","args":[{"element-6066-11e4-a52e-4f735466cecf":"f.92142B0E1996143B500ED3F2A7F6BA2F.d.044BB02D5BF1467EB4587C49E537F49C.e.12606","ELEMENT":"f.92142B0E1996143B500ED3F2A7F6BA2F.d.044BB02D5BF1467EB4587C49E537F49C.e.12606"}]}
COMMAND: GET /session/582ce5f850a124cd0c5f6fc14f02a0d2/screenshot - {}
RESULT: {}
COMMAND: POST /session/582ce5f850a124cd0c5f6fc14f02a0d2/execute/sync - {"script":"<script> [8489 bytes]","args":[{"element-6066-11e4-a52e-4f735466cecf":"f.92142B0E1996143B500ED3F2A7F6BA2F.d.044BB02D5BF1467EB4587C49E537F49C.e.12606","ELEMENT":"f.92142B0E1996143B500ED3F2A7F6BA2F.d.044BB02D5BF1467EB4587C49E537F49C.e.12606"}]}
RESULT: {"script":"<script> [8489 bytes]","args":[{"element-6066-11e4-a52e-4f735466cecf":"f.92142B0E1996143B500ED3F2A7F6BA2F.d.044BB02D5BF1467EB4587C49E537F49C.e.12606","ELEMENT":"f.92142B0E1996143B500ED3F2A7F6BA2F.d.044BB02D5BF1467EB4587C49E537F49C.e.12606"}]}
COMMAND: GET /session/582ce5f850a124cd0c5f6fc14f02a0d2/screenshot - {}
RESULT: {}
COMMAND: POST /session/582ce5f850a124cd0c5f6fc14f02a0d2/execute/sync - {"script":"<script> [8489 bytes]","args":[{"element-6066-11e4-a52e-4f735466cecf":"f.92142B0E1996143B500ED3F2A7F6BA2F.d.044BB02D5BF1467EB4587C49E537F49C.e.12606","ELEMENT":"f.92142B0E1996143B500ED3F2A7F6BA2F.d.044BB02D5BF1467EB4587C49E537F49C.e.12606"}]}
RESULT: {"script":"<script> [8489 bytes]","args":[{"element-6066-11e4-a52e-4f735466cecf":"f.92142B0E1996143B500ED3F2A7F6BA2F.d.044BB02D5BF1467EB4587C49E537F49C.e.12606","ELEMENT":"f.92142B0E1996143B500ED3F2A7F6BA2F.d.044BB02D5BF1467EB4587C49E537F49C.e.12606"}]}
COMMAND: GET /session/582ce5f850a124cd0c5f6fc14f02a0d2/screenshot - {}
RESULT: {}
COMMAND: POST /session/582ce5f850a124cd0c5f6fc14f02a0d2/execute/sync - {"script":"<script> [8489 bytes]","args":[{"element-6066-11e4-a52e-4f735466cecf":"f.92142B0E1996143B500ED3F2A7F6BA2F.d.044BB02D5BF1467EB4587C49E537F49C.e.12606","ELEMENT":"f.92142B0E1996143B500ED3F2A7F6BA2F.d.044BB02D5BF1467EB4587C49E537F49C.e.12606"}]}
RESULT: {"script":"<script> [8489 bytes]","args":[{"element-6066-11e4-a52e-4f735466cecf":"f.92142B0E1996143B500ED3F2A7F6BA2F.d.044BB02D5BF1467EB4587C49E537F49C.e.12606","ELEMENT":"f.92142B0E1996143B500ED3F2A7F6BA2F.d.044BB02D5BF1467EB4587C49E537F49C.e.12606"}]}
COMMAND: GET /session/582ce5f850a124cd0c5f6fc14f02a0d2/screenshot - {}
RESULT: {}
COMMAND: POST /session/582ce5f850a124cd0c5f6fc14f02a0d2/execute/sync - {"script":"<script> [8489 bytes]","args":[{"element-6066-11e4-a52e-4f735466cecf":"f.92142B0E1996143B500ED3F2A7F6BA2F.d.044BB02D5BF1467EB4587C49E537F49C.e.12606","ELEMENT":"f.92142B0E1996143B500ED3F2A7F6BA2F.d.044BB02D5BF1467EB4587C49E537F49C.e.12606"}]}
RESULT: {"script":"<script> [8489 bytes]","args":[{"element-6066-11e4-a52e-4f735466cecf":"f.92142B0E1996143B500ED3F2A7F6BA2F.d.044BB02D5BF1467EB4587C49E537F49C.e.12606","ELEMENT":"f.92142B0E1996143B500ED3F2A7F6BA2F.d.044BB02D5BF1467EB4587C49E537F49C.e.12606"}]}
COMMAND: GET /session/582ce5f850a124cd0c5f6fc14f02a0d2/screenshot - {}
RESULT: {}
COMMAND: POST /session/582ce5f850a124cd0c5f6fc14f02a0d2/execute/sync - {"script":"<script> [8489 bytes]","args":[{"element-6066-11e4-a52e-4f735466cecf":"f.92142B0E1996143B500ED3F2A7F6BA2F.d.044BB02D5BF1467EB4587C49E537F49C.e.12606","ELEMENT":"f.92142B0E1996143B500ED3F2A7F6BA2F.d.044BB02D5BF1467EB4587C49E537F49C.e.12606"}]}
RESULT: {"script":"<script> [8489 bytes]","args":[{"element-6066-11e4-a52e-4f735466cecf":"f.92142B0E1996143B500ED3F2A7F6BA2F.d.044BB02D5BF1467EB4587C49E537F49C.e.12606","ELEMENT":"f.92142B0E1996143B500ED3F2A7F6BA2F.d.044BB02D5BF1467EB4587C49E537F49C.e.12606"}]}
COMMAND: GET /session/582ce5f850a124cd0c5f6fc14f02a0d2/screenshot - {}
RESULT: {}
COMMAND: POST /session/582ce5f850a124cd0c5f6fc14f02a0d2/execute/sync - {"script":"<script> [8489 bytes]","args":[{"element-6066-11e4-a52e-4f735466cecf":"f.92142B0E1996143B500ED3F2A7F6BA2F.d.044BB02D5BF1467EB4587C49E537F49C.e.12606","ELEMENT":"f.92142B0E1996143B500ED3F2A7F6BA2F.d.044BB02D5BF1467EB4587C49E537F49C.e.12606"}]}
RESULT: {"script":"<script> [8489 bytes]","args":[{"element-6066-11e4-a52e-4f735466cecf":"f.92142B0E1996143B500ED3F2A7F6BA2F.d.044BB02D5BF1467EB4587C49E537F49C.e.12606","ELEMENT":"f.92142B0E1996143B500ED3F2A7F6BA2F.d.044BB02D5BF1467EB4587C49E537F49C.e.12606"}]}
COMMAND: GET /session/582ce5f850a124cd0c5f6fc14f02a0d2/screenshot - {}
RESULT: {}
COMMAND: POST /session/582ce5f850a124cd0c5f6fc14f02a0d2/execute/sync - {"script":"<script> [8489 bytes]","args":[{"element-6066-11e4-a52e-4f735466cecf":"f.92142B0E1996143B500ED3F2A7F6BA2F.d.044BB02D5BF1467EB4587C49E537F49C.e.12606","ELEMENT":"f.92142B0E1996143B500ED3F2A7F6BA2F.d.044BB02D5BF1467EB4587C49E537F49C.e.12606"}]}
RESULT: {"script":"<script> [8489 bytes]","args":[{"element-6066-11e4-a52e-4f735466cecf":"f.92142B0E1996143B500ED3F2A7F6BA2F.d.044BB02D5BF1467EB4587C49E537F49C.e.12606","ELEMENT":"f.92142B0E1996143B500ED3F2A7F6BA2F.d.044BB02D5BF1467EB4587C49E537F49C.e.12606"}]}
COMMAND: GET /session/582ce5f850a124cd0c5f6fc14f02a0d2/screenshot - {}
RESULT: {}
COMMAND: POST /session/582ce5f850a124cd0c5f6fc14f02a0d2/execute/sync - {"script":"<script> [8489 bytes]","args":[{"element-6066-11e4-a52e-4f735466cecf":"f.92142B0E1996143B500ED3F2A7F6BA2F.d.044BB02D5BF1467EB4587C49E537F49C.e.12606","ELEMENT":"f.92142B0E1996143B500ED3F2A7F6BA2F.d.044BB02D5BF1467EB4587C49E537F49C.e.12606"}]}
RESULT: {"script":"<script> [8489 bytes]","args":[{"element-6066-11e4-a52e-4f735466cecf":"f.92142B0E1996143B500ED3F2A7F6BA2F.d.044BB02D5BF1467EB4587C49E537F49C.e.12606","ELEMENT":"f.92142B0E1996143B500ED3F2A7F6BA2F.d.044BB02D5BF1467EB4587C49E537F49C.e.12606"}]}
COMMAND: GET /session/582ce5f850a124cd0c5f6fc14f02a0d2/screenshot - {}
RESULT: {}
COMMAND: POST /session/582ce5f850a124cd0c5f6fc14f02a0d2/execute/sync - {"script":"<script> [8489 bytes]","args":[{"element-6066-11e4-a52e-4f735466cecf":"f.92142B0E1996143B500ED3F2A7F6BA2F.d.044BB02D5BF1467EB4587C49E537F49C.e.12606","ELEMENT":"f.92142B0E1996143B500ED3F2A7F6BA2F.d.044BB02D5BF1467EB4587C49E537F49C.e.12606"}]}
RESULT: {"script":"<script> [8489 bytes]","args":[{"element-6066-11e4-a52e-4f735466cecf":"f.92142B0E1996143B500ED3F2A7F6BA2F.d.044BB02D5BF1467EB4587C49E537F49C.e.12606","ELEMENT":"f.92142B0E1996143B500ED3F2A7F6BA2F.d.044BB02D5BF1467EB4587C49E537F49C.e.12606"}]}
COMMAND: GET /session/582ce5f850a124cd0c5f6fc14f02a0d2/screenshot - {}
RESULT: {}
COMMAND: POST /session/582ce5f850a124cd0c5f6fc14f02a0d2/execute/sync - {"script":"<script> [8489 bytes]","args":[{"element-6066-11e4-a52e-4f735466cecf":"f.92142B0E1996143B500ED3F2A7F6BA2F.d.044BB02D5BF1467EB4587C49E537F49C.e.12606","ELEMENT":"f.92142B0E1996143B500ED3F2A7F6BA2F.d.044BB02D5BF1467EB4587C49E537F49C.e.12606"}]}
RESULT: {"script":"<script> [8489 bytes]","args":[{"element-6066-11e4-a52e-4f735466cecf":"f.92142B0E1996143B500ED3F2A7F6BA2F.d.044BB02D5BF1467EB4587C49E537F49C.e.12606","ELEMENT":"f.92142B0E1996143B500ED3F2A7F6BA2F.d.044BB02D5BF1467EB4587C49E537F49C.e.12606"}]}
COMMAND: GET /session/582ce5f850a124cd0c5f6fc14f02a0d2/screenshot - {}
RESULT: {}
COMMAND: POST /session/582ce5f850a124cd0c5f6fc14f02a0d2/execute/sync - {"script":"<script> [8489 bytes]","args":[{"element-6066-11e4-a52e-4f735466cecf":"f.92142B0E1996143B500ED3F2A7F6BA2F.d.044BB02D5BF1467EB4587C49E537F49C.e.12606","ELEMENT":"f.92142B0E1996143B500ED3F2A7F6BA2F.d.044BB02D5BF1467EB4587C49E537F49C.e.12606"}]}
RESULT: {"script":"<script> [8489 bytes]","args":[{"element-6066-11e4-a52e-4f735466cecf":"f.92142B0E1996143B500ED3F2A7F6BA2F.d.044BB02D5BF1467EB4587C49E537F49C.e.12606","ELEMENT":"f.92142B0E1996143B500ED3F2A7F6BA2F.d.044BB02D5BF1467EB4587C49E537F49C.e.12606"}]}
COMMAND: GET /session/582ce5f850a124cd0c5f6fc14f02a0d2/screenshot - {}
RESULT: {}
COMMAND: POST /session/582ce5f850a124cd0c5f6fc14f02a0d2/execute/sync - {"script":"<script> [8489 bytes]","args":[{"element-6066-11e4-a52e-4f735466cecf":"f.92142B0E1996143B500ED3F2A7F6BA2F.d.044BB02D5BF1467EB4587C49E537F49C.e.12606","ELEMENT":"f.92142B0E1996143B500ED3F2A7F6BA2F.d.044BB02D5BF1467EB4587C49E537F49C.e.12606"}]}
RESULT: {"script":"<script> [8489 bytes]","args":[{"element-6066-11e4-a52e-4f735466cecf":"f.92142B0E1996143B500ED3F2A7F6BA2F.d.044BB02D5BF1467EB4587C49E537F49C.e.12606","ELEMENT":"f.92142B0E1996143B500ED3F2A7F6BA2F.d.044BB02D5BF1467EB4587C49E537F49C.e.12606"}]}
COMMAND: GET /session/582ce5f850a124cd0c5f6fc14f02a0d2/screenshot - {}
RESULT: {}
COMMAND: POST /session/582ce5f850a124cd0c5f6fc14f02a0d2/execute/sync - {"script":"<script> [8489 bytes]","args":[{"element-6066-11e4-a52e-4f735466cecf":"f.92142B0E1996143B500ED3F2A7F6BA2F.d.044BB02D5BF1467EB4587C49E537F49C.e.12606","ELEMENT":"f.92142B0E1996143B500ED3F2A7F6BA2F.d.044BB02D5BF1467EB4587C49E537F49C.e.12606"}]}
RESULT: {"script":"<script> [8489 bytes]","args":[{"element-6066-11e4-a52e-4f735466cecf":"f.92142B0E1996143B500ED3F2A7F6BA2F.d.044BB02D5BF1467EB4587C49E537F49C.e.12606","ELEMENT":"f.92142B0E1996143B500ED3F2A7F6BA2F.d.044BB02D5BF1467EB4587C49E537F49C.e.12606"}]}
COMMAND: GET /session/582ce5f850a124cd0c5f6fc14f02a0d2/screenshot - {}
RESULT: {}
COMMAND: POST /session/582ce5f850a124cd0c5f6fc14f02a0d2/execute/sync - {"script":"<script> [8489 bytes]","args":[{"element-6066-11e4-a52e-4f735466cecf":"f.92142B0E1996143B500ED3F2A7F6BA2F.d.044BB02D5BF1467EB4587C49E537F49C.e.12606","ELEMENT":"f.92142B0E1996143B500ED3F2A7F6BA2F.d.044BB02D5BF1467EB4587C49E537F49C.e.12606"}]}
RESULT: {"script":"<script> [8489 bytes]","args":[{"element-6066-11e4-a52e-4f735466cecf":"f.92142B0E1996143B500ED3F2A7F6BA2F.d.044BB02D5BF1467EB4587C49E537F49C.e.12606","ELEMENT":"f.92142B0E1996143B500ED3F2A7F6BA2F.d.044BB02D5BF1467EB4587C49E537F49C.e.12606"}]}
COMMAND: GET /session/582ce5f850a124cd0c5f6fc14f02a0d2/screenshot - {}
RESULT: {}
COMMAND: POST /session/582ce5f850a124cd0c5f6fc14f02a0d2/execute/sync - {"script":"<script> [8489 bytes]","args":[{"element-6066-11e4-a52e-4f735466cecf":"f.92142B0E1996143B500ED3F2A7F6BA2F.d.044BB02D5BF1467EB4587C49E537F49C.e.12606","ELEMENT":"f.92142B0E1996143B500ED3F2A7F6BA2F.d.044BB02D5BF1467EB4587C49E537F49C.e.12606"}]}
RESULT: {"script":"<script> [8489 bytes]","args":[{"element-6066-11e4-a52e-4f735466cecf":"f.92142B0E1996143B500ED3F2A7F6BA2F.d.044BB02D5BF1467EB4587C49E537F49C.e.12606","ELEMENT":"f.92142B0E1996143B500ED3F2A7F6BA2F.d.044BB02D5BF1467EB4587C49E537F49C.e.12606"}]}
COMMAND: GET /session/582ce5f850a124cd0c5f6fc14f02a0d2/screenshot - {}
RESULT: {}
COMMAND: POST /session/582ce5f850a124cd0c5f6fc14f02a0d2/execute/sync - {"script":"<script> [8489 bytes]","args":[{"element-6066-11e4-a52e-4f735466cecf":"f.92142B0E1996143B500ED3F2A7F6BA2F.d.044BB02D5BF1467EB4587C49E537F49C.e.12606","ELEMENT":"f.92142B0E1996143B500ED3F2A7F6BA2F.d.044BB02D5BF1467EB4587C49E537F49C.e.12606"}]}
RESULT: {"script":"<script> [8489 bytes]","args":[{"element-6066-11e4-a52e-4f735466cecf":"f.92142B0E1996143B500ED3F2A7F6BA2F.d.044BB02D5BF1467EB4587C49E537F49C.e.12606","ELEMENT":"f.92142B0E1996143B500ED3F2A7F6BA2F.d.044BB02D5BF1467EB4587C49E537F49C.e.12606"}]}
COMMAND: GET /session/582ce5f850a124cd0c5f6fc14f02a0d2/screenshot - {}
RESULT: {}
COMMAND: POST /session/582ce5f850a124cd0c5f6fc14f02a0d2/execute/sync - {"script":"<script> [8489 bytes]","args":[{"element-6066-11e4-a52e-4f735466cecf":"f.92142B0E1996143B500ED3F2A7F6BA2F.d.044BB02D5BF1467EB4587C49E537F49C.e.12606","ELEMENT":"f.92142B0E1996143B500ED3F2A7F6BA2F.d.044BB02D5BF1467EB4587C49E537F49C.e.12606"}]}
RESULT: {"script":"<script> [8489 bytes]","args":[{"element-6066-11e4-a52e-4f735466cecf":"f.92142B0E1996143B500ED3F2A7F6BA2F.d.044BB02D5BF1467EB4587C49E537F49C.e.12606","ELEMENT":"f.92142B0E1996143B500ED3F2A7F6BA2F.d.044BB02D5BF1467EB4587C49E537F49C.e.12606"}]}
COMMAND: GET /session/582ce5f850a124cd0c5f6fc14f02a0d2/screenshot - {}
RESULT: {}
COMMAND: POST /session/582ce5f850a124cd0c5f6fc14f02a0d2/execute/sync - {"script":"<script> [8489 bytes]","args":[{"element-6066-11e4-a52e-4f735466cecf":"f.92142B0E1996143B500ED3F2A7F6BA2F.d.044BB02D5BF1467EB4587C49E537F49C.e.12606","ELEMENT":"f.92142B0E1996143B500ED3F2A7F6BA2F.d.044BB02D5BF1467EB4587C49E537F49C.e.12606"}]}
RESULT: {"script":"<script> [8489 bytes]","args":[{"element-6066-11e4-a52e-4f735466cecf":"f.92142B0E1996143B500ED3F2A7F6BA2F.d.044BB02D5BF1467EB4587C49E537F49C.e.12606","ELEMENT":"f.92142B0E1996143B500ED3F2A7F6BA2F.d.044BB02D5BF1467EB4587C49E537F49C.e.12606"}]}
COMMAND: GET /session/582ce5f850a124cd0c5f6fc14f02a0d2/screenshot - {}
RESULT: {}
COMMAND: POST /session/582ce5f850a124cd0c5f6fc14f02a0d2/execute/sync - {"script":"<script> [8489 bytes]","args":[{"element-6066-11e4-a52e-4f735466cecf":"f.92142B0E1996143B500ED3F2A7F6BA2F.d.044BB02D5BF1467EB4587C49E537F49C.e.12606","ELEMENT":"f.92142B0E1996143B500ED3F2A7F6BA2F.d.044BB02D5BF1467EB4587C49E537F49C.e.12606"}]}
RESULT: {"script":"<script> [8489 bytes]","args":[{"element-6066-11e4-a52e-4f735466cecf":"f.92142B0E1996143B500ED3F2A7F6BA2F.d.044BB02D5BF1467EB4587C49E537F49C.e.12606","ELEMENT":"f.92142B0E1996143B500ED3F2A7F6BA2F.d.044BB02D5BF1467EB4587C49E537F49C.e.12606"}]}
COMMAND: GET /session/582ce5f850a124cd0c5f6fc14f02a0d2/screenshot - {}
RESULT: {}
COMMAND: POST /session/582ce5f850a124cd0c5f6fc14f02a0d2/execute/sync - {"script":"<script> [8489 bytes]","args":[{"element-6066-11e4-a52e-4f735466cecf":"f.92142B0E1996143B500ED3F2A7F6BA2F.d.044BB02D5BF1467EB4587C49E537F49C.e.12606","ELEMENT":"f.92142B0E1996143B500ED3F2A7F6BA2F.d.044BB02D5BF1467EB4587C49E537F49C.e.12606"}]}
RESULT: {"script":"<script> [8489 bytes]","args":[{"element-6066-11e4-a52e-4f735466cecf":"f.92142B0E1996143B500ED3F2A7F6BA2F.d.044BB02D5BF1467EB4587C49E537F49C.e.12606","ELEMENT":"f.92142B0E1996143B500ED3F2A7F6BA2F.d.044BB02D5BF1467EB4587C49E537F49C.e.12606"}]}
COMMAND: GET /session/582ce5f850a124cd0c5f6fc14f02a0d2/screenshot - {}
RESULT: {}
COMMAND: POST /session/582ce5f850a124cd0c5f6fc14f02a0d2/execute/sync - {"script":"<script> [8489 bytes]","args":[{"element-6066-11e4-a52e-4f735466cecf":"f.92142B0E1996143B500ED3F2A7F6BA2F.d.044BB02D5BF1467EB4587C49E537F49C.e.12606","ELEMENT":"f.92142B0E1996143B500ED3F2A7F6BA2F.d.044BB02D5BF1467EB4587C49E537F49C.e.12606"}]}
RESULT: {"script":"<script> [8489 bytes]","args":[{"element-6066-11e4-a52e-4f735466cecf":"f.92142B0E1996143B500ED3F2A7F6BA2F.d.044BB02D5BF1467EB4587C49E537F49C.e.12606","ELEMENT":"f.92142B0E1996143B500ED3F2A7F6BA2F.d.044BB02D5BF1467EB4587C49E537F49C.e.12606"}]}
COMMAND: GET /session/582ce5f850a124cd0c5f6fc14f02a0d2/screenshot - {}
RESULT: {}
COMMAND: POST /session/582ce5f850a124cd0c5f6fc14f02a0d2/execute/sync - {"script":"<script> [8489 bytes]","args":[{"element-6066-11e4-a52e-4f735466cecf":"f.92142B0E1996143B500ED3F2A7F6BA2F.d.044BB02D5BF1467EB4587C49E537F49C.e.12606","ELEMENT":"f.92142B0E1996143B500ED3F2A7F6BA2F.d.044BB02D5BF1467EB4587C49E537F49C.e.12606"}]}
RESULT: {"script":"<script> [8489 bytes]","args":[{"element-6066-11e4-a52e-4f735466cecf":"f.92142B0E1996143B500ED3F2A7F6BA2F.d.044BB02D5BF1467EB4587C49E537F49C.e.12606","ELEMENT":"f.92142B0E1996143B500ED3F2A7F6BA2F.d.044BB02D5BF1467EB4587C49E537F49C.e.12606"}]}
COMMAND: GET /session/582ce5f850a124cd0c5f6fc14f02a0d2/screenshot - {}
RESULT: {}
COMMAND: POST /session/582ce5f850a124cd0c5f6fc14f02a0d2/execute/sync - {"script":"<script> [8489 bytes]","args":[{"element-6066-11e4-a52e-4f735466cecf":"f.92142B0E1996143B500ED3F2A7F6BA2F.d.044BB02D5BF1467EB4587C49E537F49C.e.12606","ELEMENT":"f.92142B0E1996143B500ED3F2A7F6BA2F.d.044BB02D5BF1467EB4587C49E537F49C.e.12606"}]}
RESULT: {"script":"<script> [8489 bytes]","args":[{"element-6066-11e4-a52e-4f735466cecf":"f.92142B0E1996143B500ED3F2A7F6BA2F.d.044BB02D5BF1467EB4587C49E537F49C.e.12606","ELEMENT":"f.92142B0E1996143B500ED3F2A7F6BA2F.d.044BB02D5BF1467EB4587C49E537F49C.e.12606"}]}
COMMAND: GET /session/582ce5f850a124cd0c5f6fc14f02a0d2/screenshot - {}
RESULT: {}
COMMAND: POST /session/582ce5f850a124cd0c5f6fc14f02a0d2/execute/sync - {"script":"<script> [8489 bytes]","args":[{"element-6066-11e4-a52e-4f735466cecf":"f.92142B0E1996143B500ED3F2A7F6BA2F.d.044BB02D5BF1467EB4587C49E537F49C.e.12606","ELEMENT":"f.92142B0E1996143B500ED3F2A7F6BA2F.d.044BB02D5BF1467EB4587C49E537F49C.e.12606"}]}
RESULT: {"script":"<script> [8489 bytes]","args":[{"element-6066-11e4-a52e-4f735466cecf":"f.92142B0E1996143B500ED3F2A7F6BA2F.d.044BB02D5BF1467EB4587C49E537F49C.e.12606","ELEMENT":"f.92142B0E1996143B500ED3F2A7F6BA2F.d.044BB02D5BF1467EB4587C49E537F49C.e.12606"}]}
COMMAND: GET /session/582ce5f850a124cd0c5f6fc14f02a0d2/screenshot - {}
RESULT: {}
COMMAND: POST /session/582ce5f850a124cd0c5f6fc14f02a0d2/execute/sync - {"script":"<script> [8489 bytes]","args":[{"element-6066-11e4-a52e-4f735466cecf":"f.92142B0E1996143B500ED3F2A7F6BA2F.d.044BB02D5BF1467EB4587C49E537F49C.e.12606","ELEMENT":"f.92142B0E1996143B500ED3F2A7F6BA2F.d.044BB02D5BF1467EB4587C49E537F49C.e.12606"}]}
RESULT: {"script":"<script> [8489 bytes]","args":[{"element-6066-11e4-a52e-4f735466cecf":"f.92142B0E1996143B500ED3F2A7F6BA2F.d.044BB02D5BF1467EB4587C49E537F49C.e.12606","ELEMENT":"f.92142B0E1996143B500ED3F2A7F6BA2F.d.044BB02D5BF1467EB4587C49E537F49C.e.12606"}]}
COMMAND: GET /session/582ce5f850a124cd0c5f6fc14f02a0d2/screenshot - {}
RESULT: {}
COMMAND: POST /session/582ce5f850a124cd0c5f6fc14f02a0d2/execute/sync - {"script":"<script> [8489 bytes]","args":[{"element-6066-11e4-a52e-4f735466cecf":"f.92142B0E1996143B500ED3F2A7F6BA2F.d.044BB02D5BF1467EB4587C49E537F49C.e.12606","ELEMENT":"f.92142B0E1996143B500ED3F2A7F6BA2F.d.044BB02D5BF1467EB4587C49E537F49C.e.12606"}]}
RESULT: {"script":"<script> [8489 bytes]","args":[{"element-6066-11e4-a52e-4f735466cecf":"f.92142B0E1996143B500ED3F2A7F6BA2F.d.044BB02D5BF1467EB4587C49E537F49C.e.12606","ELEMENT":"f.92142B0E1996143B500ED3F2A7F6BA2F.d.044BB02D5BF1467EB4587C49E537F49C.e.12606"}]}
COMMAND: GET /session/582ce5f850a124cd0c5f6fc14f02a0d2/screenshot - {}
RESULT: {}
COMMAND: POST /session/582ce5f850a124cd0c5f6fc14f02a0d2/execute/sync - {"script":"<script> [8489 bytes]","args":[{"element-6066-11e4-a52e-4f735466cecf":"f.92142B0E1996143B500ED3F2A7F6BA2F.d.044BB02D5BF1467EB4587C49E537F49C.e.12606","ELEMENT":"f.92142B0E1996143B500ED3F2A7F6BA2F.d.044BB02D5BF1467EB4587C49E537F49C.e.12606"}]}
RESULT: {"script":"<script> [8489 bytes]","args":[{"element-6066-11e4-a52e-4f735466cecf":"f.92142B0E1996143B500ED3F2A7F6BA2F.d.044BB02D5BF1467EB4587C49E537F49C.e.12606","ELEMENT":"f.92142B0E1996143B500ED3F2A7F6BA2F.d.044BB02D5BF1467EB4587C49E537F49C.e.12606"}]}
COMMAND: GET /session/582ce5f850a124cd0c5f6fc14f02a0d2/screenshot - {}
RESULT: {}
COMMAND: POST /session/582ce5f850a124cd0c5f6fc14f02a0d2/execute/sync - {"script":"<script> [8489 bytes]","args":[{"element-6066-11e4-a52e-4f735466cecf":"f.92142B0E1996143B500ED3F2A7F6BA2F.d.044BB02D5BF1467EB4587C49E537F49C.e.12606","ELEMENT":"f.92142B0E1996143B500ED3F2A7F6BA2F.d.044BB02D5BF1467EB4587C49E537F49C.e.12606"}]}
RESULT: {"script":"<script> [8489 bytes]","args":[{"element-6066-11e4-a52e-4f735466cecf":"f.92142B0E1996143B500ED3F2A7F6BA2F.d.044BB02D5BF1467EB4587C49E537F49C.e.12606","ELEMENT":"f.92142B0E1996143B500ED3F2A7F6BA2F.d.044BB02D5BF1467EB4587C49E537F49C.e.12606"}]}
COMMAND: GET /session/582ce5f850a124cd0c5f6fc14f02a0d2/screenshot - {}
COMMAND: POST /session/582ce5f850a124cd0c5f6fc14f02a0d2/execute/sync - {"script":"<script> [8489 bytes]","args":[{"element-6066-11e4-a52e-4f735466cecf":"f.92142B0E1996143B500ED3F2A7F6BA2F.d.044BB02D5BF1467EB4587C49E537F49C.e.12606","ELEMENT":"f.92142B0E1996143B500ED3F2A7F6BA2F.d.044BB02D5BF1467EB4587C49E537F49C.e.12606"}]}
RESULT: {}
RESULT: {"script":"<script> [8489 bytes]","args":[{"element-6066-11e4-a52e-4f735466cecf":"f.92142B0E1996143B500ED3F2A7F6BA2F.d.044BB02D5BF1467EB4587C49E537F49C.e.12606","ELEMENT":"f.92142B0E1996143B500ED3F2A7F6BA2F.d.044BB02D5BF1467EB4587C49E537F49C.e.12606"}]}
COMMAND: GET /session/582ce5f850a124cd0c5f6fc14f02a0d2/screenshot - {}
COMMAND: POST /session/582ce5f850a124cd0c5f6fc14f02a0d2/execute/sync - {"script":"<script> [8489 bytes]","args":[{"element-6066-11e4-a52e-4f735466cecf":"f.92142B0E1996143B500ED3F2A7F6BA2F.d.044BB02D5BF1467EB4587C49E537F49C.e.12606","ELEMENT":"f.92142B0E1996143B500ED3F2A7F6BA2F.d.044BB02D5BF1467EB4587C49E537F49C.e.12606"}]}
RESULT: {}
RESULT: {"script":"<script> [8489 bytes]","args":[{"element-6066-11e4-a52e-4f735466cecf":"f.92142B0E1996143B500ED3F2A7F6BA2F.d.044BB02D5BF1467EB4587C49E537F49C.e.12606","ELEMENT":"f.92142B0E1996143B500ED3F2A7F6BA2F.d.044BB02D5BF1467EB4587C49E537F49C.e.12606"}]}
COMMAND: GET /session/582ce5f850a124cd0c5f6fc14f02a0d2/screenshot - {}
COMMAND: POST /session/582ce5f850a124cd0c5f6fc14f02a0d2/execute/sync - {"script":"<script> [8489 bytes]","args":[{"element-6066-11e4-a52e-4f735466cecf":"f.92142B0E1996143B500ED3F2A7F6BA2F.d.044BB02D5BF1467EB4587C49E537F49C.e.12606","ELEMENT":"f.92142B0E1996143B500ED3F2A7F6BA2F.d.044BB02D5BF1467EB4587C49E537F49C.e.12606"}]}
RESULT: {}
RESULT: {"script":"<script> [8489 bytes]","args":[{"element-6066-11e4-a52e-4f735466cecf":"f.92142B0E1996143B500ED3F2A7F6BA2F.d.044BB02D5BF1467EB4587C49E537F49C.e.12606","ELEMENT":"f.92142B0E1996143B500ED3F2A7F6BA2F.d.044BB02D5BF1467EB4587C49E537F49C.e.12606"}]}
COMMAND: GET /session/582ce5f850a124cd0c5f6fc14f02a0d2/screenshot - {}
COMMAND: POST /session/582ce5f850a124cd0c5f6fc14f02a0d2/execute/sync - {"script":"<script> [8489 bytes]","args":[{"element-6066-11e4-a52e-4f735466cecf":"f.92142B0E1996143B500ED3F2A7F6BA2F.d.044BB02D5BF1467EB4587C49E537F49C.e.12606","ELEMENT":"f.92142B0E1996143B500ED3F2A7F6BA2F.d.044BB02D5BF1467EB4587C49E537F49C.e.12606"}]}
RESULT: {}
RESULT: {"script":"<script> [8489 bytes]","args":[{"element-6066-11e4-a52e-4f735466cecf":"f.92142B0E1996143B500ED3F2A7F6BA2F.d.044BB02D5BF1467EB4587C49E537F49C.e.12606","ELEMENT":"f.92142B0E1996143B500ED3F2A7F6BA2F.d.044BB02D5BF1467EB4587C49E537F49C.e.12606"}]}
COMMAND: GET /session/582ce5f850a124cd0c5f6fc14f02a0d2/screenshot - {}
RESULT: {}
COMMAND: POST /session/582ce5f850a124cd0c5f6fc14f02a0d2/execute/sync - {"script":"<script> [8489 bytes]","args":[{"element-6066-11e4-a52e-4f735466cecf":"f.92142B0E1996143B500ED3F2A7F6BA2F.d.044BB02D5BF1467EB4587C49E537F49C.e.12606","ELEMENT":"f.92142B0E1996143B500ED3F2A7F6BA2F.d.044BB02D5BF1467EB4587C49E537F49C.e.12606"}]}
RESULT: {"script":"<script> [8489 bytes]","args":[{"element-6066-11e4-a52e-4f735466cecf":"f.92142B0E1996143B500ED3F2A7F6BA2F.d.044BB02D5BF1467EB4587C49E537F49C.e.12606","ELEMENT":"f.92142B0E1996143B500ED3F2A7F6BA2F.d.044BB02D5BF1467EB4587C49E537F49C.e.12606"}]}
COMMAND: GET /session/582ce5f850a124cd0c5f6fc14f02a0d2/screenshot - {}
RESULT: {}
COMMAND: POST /session/582ce5f850a124cd0c5f6fc14f02a0d2/execute/sync - {"script":"<script> [8489 bytes]","args":[{"element-6066-11e4-a52e-4f735466cecf":"f.92142B0E1996143B500ED3F2A7F6BA2F.d.044BB02D5BF1467EB4587C49E537F49C.e.12606","ELEMENT":"f.92142B0E1996143B500ED3F2A7F6BA2F.d.044BB02D5BF1467EB4587C49E537F49C.e.12606"}]}
RESULT: {"script":"<script> [8489 bytes]","args":[{"element-6066-11e4-a52e-4f735466cecf":"f.92142B0E1996143B500ED3F2A7F6BA2F.d.044BB02D5BF1467EB4587C49E537F49C.e.12606","ELEMENT":"f.92142B0E1996143B500ED3F2A7F6BA2F.d.044BB02D5BF1467EB4587C49E537F49C.e.12606"}]}
COMMAND: GET /session/582ce5f850a124cd0c5f6fc14f02a0d2/screenshot - {}
RESULT: {}
COMMAND: POST /session/582ce5f850a124cd0c5f6fc14f02a0d2/execute/sync - {"script":"<script> [8489 bytes]","args":[{"element-6066-11e4-a52e-4f735466cecf":"f.92142B0E1996143B500ED3F2A7F6BA2F.d.044BB02D5BF1467EB4587C49E537F49C.e.12606","ELEMENT":"f.92142B0E1996143B500ED3F2A7F6BA2F.d.044BB02D5BF1467EB4587C49E537F49C.e.12606"}]}
RESULT: {"script":"<script> [8489 bytes]","args":[{"element-6066-11e4-a52e-4f735466cecf":"f.92142B0E1996143B500ED3F2A7F6BA2F.d.044BB02D5BF1467EB4587C49E537F49C.e.12606","ELEMENT":"f.92142B0E1996143B500ED3F2A7F6BA2F.d.044BB02D5BF1467EB4587C49E537F49C.e.12606"}]}
COMMAND: GET /session/582ce5f850a124cd0c5f6fc14f02a0d2/screenshot - {}
RESULT: {}
COMMAND: POST /session/582ce5f850a124cd0c5f6fc14f02a0d2/execute/sync - {"script":"<script> [8489 bytes]","args":[{"element-6066-11e4-a52e-4f735466cecf":"f.92142B0E1996143B500ED3F2A7F6BA2F.d.044BB02D5BF1467EB4587C49E537F49C.e.12606","ELEMENT":"f.92142B0E1996143B500ED3F2A7F6BA2F.d.044BB02D5BF1467EB4587C49E537F49C.e.12606"}]}
RESULT: {"script":"<script> [8489 bytes]","args":[{"element-6066-11e4-a52e-4f735466cecf":"f.92142B0E1996143B500ED3F2A7F6BA2F.d.044BB02D5BF1467EB4587C49E537F49C.e.12606","ELEMENT":"f.92142B0E1996143B500ED3F2A7F6BA2F.d.044BB02D5BF1467EB4587C49E537F49C.e.12606"}]}
COMMAND: GET /session/582ce5f850a124cd0c5f6fc14f02a0d2/screenshot - {}
RESULT: {}
COMMAND: POST /session/582ce5f850a124cd0c5f6fc14f02a0d2/execute/sync - {"script":"<script> [8489 bytes]","args":[{"element-6066-11e4-a52e-4f735466cecf":"f.92142B0E1996143B500ED3F2A7F6BA2F.d.044BB02D5BF1467EB4587C49E537F49C.e.12606","ELEMENT":"f.92142B0E1996143B500ED3F2A7F6BA2F.d.044BB02D5BF1467EB4587C49E537F49C.e.12606"}]}
RESULT: {"script":"<script> [8489 bytes]","args":[{"element-6066-11e4-a52e-4f735466cecf":"f.92142B0E1996143B500ED3F2A7F6BA2F.d.044BB02D5BF1467EB4587C49E537F49C.e.12606","ELEMENT":"f.92142B0E1996143B500ED3F2A7F6BA2F.d.044BB02D5BF1467EB4587C49E537F49C.e.12606"}]}
COMMAND: GET /session/582ce5f850a124cd0c5f6fc14f02a0d2/screenshot - {}
RESULT: {}
COMMAND: POST /session/582ce5f850a124cd0c5f6fc14f02a0d2/execute/sync - {"script":"<script> [8489 bytes]","args":[{"element-6066-11e4-a52e-4f735466cecf":"f.92142B0E1996143B500ED3F2A7F6BA2F.d.044BB02D5BF1467EB4587C49E537F49C.e.12606","ELEMENT":"f.92142B0E1996143B500ED3F2A7F6BA2F.d.044BB02D5BF1467EB4587C49E537F49C.e.12606"}]}
RESULT: {"script":"<script> [8489 bytes]","args":[{"element-6066-11e4-a52e-4f735466cecf":"f.92142B0E1996143B500ED3F2A7F6BA2F.d.044BB02D5BF1467EB4587C49E537F49C.e.12606","ELEMENT":"f.92142B0E1996143B500ED3F2A7F6BA2F.d.044BB02D5BF1467EB4587C49E537F49C.e.12606"}]}
COMMAND: GET /session/582ce5f850a124cd0c5f6fc14f02a0d2/screenshot - {}
RESULT: {}
COMMAND: POST /session/582ce5f850a124cd0c5f6fc14f02a0d2/execute/sync - {"script":"<script> [8489 bytes]","args":[{"element-6066-11e4-a52e-4f735466cecf":"f.92142B0E1996143B500ED3F2A7F6BA2F.d.044BB02D5BF1467EB4587C49E537F49C.e.12606","ELEMENT":"f.92142B0E1996143B500ED3F2A7F6BA2F.d.044BB02D5BF1467EB4587C49E537F49C.e.12606"}]}
RESULT: {"script":"<script> [8489 bytes]","args":[{"element-6066-11e4-a52e-4f735466cecf":"f.92142B0E1996143B500ED3F2A7F6BA2F.d.044BB02D5BF1467EB4587C49E537F49C.e.12606","ELEMENT":"f.92142B0E1996143B500ED3F2A7F6BA2F.d.044BB02D5BF1467EB4587C49E537F49C.e.12606"}]}
COMMAND: GET /session/582ce5f850a124cd0c5f6fc14f02a0d2/screenshot - {}
RESULT: {}
COMMAND: POST /session/582ce5f850a124cd0c5f6fc14f02a0d2/execute/sync - {"script":"<script> [8489 bytes]","args":[{"element-6066-11e4-a52e-4f735466cecf":"f.92142B0E1996143B500ED3F2A7F6BA2F.d.044BB02D5BF1467EB4587C49E537F49C.e.12606","ELEMENT":"f.92142B0E1996143B500ED3F2A7F6BA2F.d.044BB02D5BF1467EB4587C49E537F49C.e.12606"}]}
RESULT: {"script":"<script> [8489 bytes]","args":[{"element-6066-11e4-a52e-4f735466cecf":"f.92142B0E1996143B500ED3F2A7F6BA2F.d.044BB02D5BF1467EB4587C49E537F49C.e.12606","ELEMENT":"f.92142B0E1996143B500ED3F2A7F6BA2F.d.044BB02D5BF1467EB4587C49E537F49C.e.12606"}]}
COMMAND: GET /session/582ce5f850a124cd0c5f6fc14f02a0d2/screenshot - {}
RESULT: {}
COMMAND: POST /session/582ce5f850a124cd0c5f6fc14f02a0d2/execute/sync - {"script":"<script> [8489 bytes]","args":[{"element-6066-11e4-a52e-4f735466cecf":"f.92142B0E1996143B500ED3F2A7F6BA2F.d.044BB02D5BF1467EB4587C49E537F49C.e.12606","ELEMENT":"f.92142B0E1996143B500ED3F2A7F6BA2F.d.044BB02D5BF1467EB4587C49E537F49C.e.12606"}]}
RESULT: {"script":"<script> [8489 bytes]","args":[{"element-6066-11e4-a52e-4f735466cecf":"f.92142B0E1996143B500ED3F2A7F6BA2F.d.044BB02D5BF1467EB4587C49E537F49C.e.12606","ELEMENT":"f.92142B0E1996143B500ED3F2A7F6BA2F.d.044BB02D5BF1467EB4587C49E537F49C.e.12606"}]}
COMMAND: GET /session/582ce5f850a124cd0c5f6fc14f02a0d2/screenshot - {}
RESULT: {}
COMMAND: POST /session/582ce5f850a124cd0c5f6fc14f02a0d2/execute/sync - {"script":"<script> [8489 bytes]","args":[{"element-6066-11e4-a52e-4f735466cecf":"f.92142B0E1996143B500ED3F2A7F6BA2F.d.044BB02D5BF1467EB4587C49E537F49C.e.12606","ELEMENT":"f.92142B0E1996143B500ED3F2A7F6BA2F.d.044BB02D5BF1467EB4587C49E537F49C.e.12606"}]}
RESULT: {"script":"<script> [8489 bytes]","args":[{"element-6066-11e4-a52e-4f735466cecf":"f.92142B0E1996143B500ED3F2A7F6BA2F.d.044BB02D5BF1467EB4587C49E537F49C.e.12606","ELEMENT":"f.92142B0E1996143B500ED3F2A7F6BA2F.d.044BB02D5BF1467EB4587C49E537F49C.e.12606"}]}
COMMAND: GET /session/582ce5f850a124cd0c5f6fc14f02a0d2/screenshot - {}
RESULT: {}
COMMAND: POST /session/582ce5f850a124cd0c5f6fc14f02a0d2/execute/sync - {"script":"<script> [8489 bytes]","args":[{"element-6066-11e4-a52e-4f735466cecf":"f.92142B0E1996143B500ED3F2A7F6BA2F.d.044BB02D5BF1467EB4587C49E537F49C.e.12606","ELEMENT":"f.92142B0E1996143B500ED3F2A7F6BA2F.d.044BB02D5BF1467EB4587C49E537F49C.e.12606"}]}
RESULT: {"script":"<script> [8489 bytes]","args":[{"element-6066-11e4-a52e-4f735466cecf":"f.92142B0E1996143B500ED3F2A7F6BA2F.d.044BB02D5BF1467EB4587C49E537F49C.e.12606","ELEMENT":"f.92142B0E1996143B500ED3F2A7F6BA2F.d.044BB02D5BF1467EB4587C49E537F49C.e.12606"}]}
COMMAND: GET /session/582ce5f850a124cd0c5f6fc14f02a0d2/screenshot - {}
RESULT: {}
COMMAND: POST /session/582ce5f850a124cd0c5f6fc14f02a0d2/execute/sync - {"script":"<script> [8489 bytes]","args":[{"element-6066-11e4-a52e-4f735466cecf":"f.92142B0E1996143B500ED3F2A7F6BA2F.d.044BB02D5BF1467EB4587C49E537F49C.e.12606","ELEMENT":"f.92142B0E1996143B500ED3F2A7F6BA2F.d.044BB02D5BF1467EB4587C49E537F49C.e.12606"}]}
RESULT: {"script":"<script> [8489 bytes]","args":[{"element-6066-11e4-a52e-4f735466cecf":"f.92142B0E1996143B500ED3F2A7F6BA2F.d.044BB02D5BF1467EB4587C49E537F49C.e.12606","ELEMENT":"f.92142B0E1996143B500ED3F2A7F6BA2F.d.044BB02D5BF1467EB4587C49E537F49C.e.12606"}]}
COMMAND: GET /session/582ce5f850a124cd0c5f6fc14f02a0d2/screenshot - {}
RESULT: {}
COMMAND: POST /session/582ce5f850a124cd0c5f6fc14f02a0d2/execute/sync - {"script":"<script> [8489 bytes]","args":[{"element-6066-11e4-a52e-4f735466cecf":"f.92142B0E1996143B500ED3F2A7F6BA2F.d.044BB02D5BF1467EB4587C49E537F49C.e.12606","ELEMENT":"f.92142B0E1996143B500ED3F2A7F6BA2F.d.044BB02D5BF1467EB4587C49E537F49C.e.12606"}]}
RESULT: {"script":"<script> [8489 bytes]","args":[{"element-6066-11e4-a52e-4f735466cecf":"f.92142B0E1996143B500ED3F2A7F6BA2F.d.044BB02D5BF1467EB4587C49E537F49C.e.12606","ELEMENT":"f.92142B0E1996143B500ED3F2A7F6BA2F.d.044BB02D5BF1467EB4587C49E537F49C.e.12606"}]}
COMMAND: GET /session/582ce5f850a124cd0c5f6fc14f02a0d2/screenshot - {}
RESULT: {}
COMMAND: POST /session/582ce5f850a124cd0c5f6fc14f02a0d2/execute/sync - {"script":"<script> [8489 bytes]","args":[{"element-6066-11e4-a52e-4f735466cecf":"f.92142B0E1996143B500ED3F2A7F6BA2F.d.044BB02D5BF1467EB4587C49E537F49C.e.12606","ELEMENT":"f.92142B0E1996143B500ED3F2A7F6BA2F.d.044BB02D5BF1467EB4587C49E537F49C.e.12606"}]}
RESULT: {"script":"<script> [8489 bytes]","args":[{"element-6066-11e4-a52e-4f735466cecf":"f.92142B0E1996143B500ED3F2A7F6BA2F.d.044BB02D5BF1467EB4587C49E537F49C.e.12606","ELEMENT":"f.92142B0E1996143B500ED3F2A7F6BA2F.d.044BB02D5BF1467EB4587C49E537F49C.e.12606"}]}
COMMAND: GET /session/582ce5f850a124cd0c5f6fc14f02a0d2/screenshot - {}
RESULT: {}
COMMAND: POST /session/582ce5f850a124cd0c5f6fc14f02a0d2/execute/sync - {"script":"<script> [8489 bytes]","args":[{"element-6066-11e4-a52e-4f735466cecf":"f.92142B0E1996143B500ED3F2A7F6BA2F.d.044BB02D5BF1467EB4587C49E537F49C.e.12606","ELEMENT":"f.92142B0E1996143B500ED3F2A7F6BA2F.d.044BB02D5BF1467EB4587C49E537F49C.e.12606"}]}
RESULT: {"script":"<script> [8489 bytes]","args":[{"element-6066-11e4-a52e-4f735466cecf":"f.92142B0E1996143B500ED3F2A7F6BA2F.d.044BB02D5BF1467EB4587C49E537F49C.e.12606","ELEMENT":"f.92142B0E1996143B500ED3F2A7F6BA2F.d.044BB02D5BF1467EB4587C49E537F49C.e.12606"}]}
COMMAND: GET /session/582ce5f850a124cd0c5f6fc14f02a0d2/screenshot - {}
RESULT: {}
COMMAND: POST /session/582ce5f850a124cd0c5f6fc14f02a0d2/execute/sync - {"script":"<script> [8489 bytes]","args":[{"element-6066-11e4-a52e-4f735466cecf":"f.92142B0E1996143B500ED3F2A7F6BA2F.d.044BB02D5BF1467EB4587C49E537F49C.e.12606","ELEMENT":"f.92142B0E1996143B500ED3F2A7F6BA2F.d.044BB02D5BF1467EB4587C49E537F49C.e.12606"}]}
RESULT: {"script":"<script> [8489 bytes]","args":[{"element-6066-11e4-a52e-4f735466cecf":"f.92142B0E1996143B500ED3F2A7F6BA2F.d.044BB02D5BF1467EB4587C49E537F49C.e.12606","ELEMENT":"f.92142B0E1996143B500ED3F2A7F6BA2F.d.044BB02D5BF1467EB4587C49E537F49C.e.12606"}]}
COMMAND: GET /session/582ce5f850a124cd0c5f6fc14f02a0d2/screenshot - {}
RESULT: {}
COMMAND: POST /session/582ce5f850a124cd0c5f6fc14f02a0d2/execute/sync - {"script":"<script> [8489 bytes]","args":[{"element-6066-11e4-a52e-4f735466cecf":"f.92142B0E1996143B500ED3F2A7F6BA2F.d.044BB02D5BF1467EB4587C49E537F49C.e.12606","ELEMENT":"f.92142B0E1996143B500ED3F2A7F6BA2F.d.044BB02D5BF1467EB4587C49E537F49C.e.12606"}]}
RESULT: {"script":"<script> [8489 bytes]","args":[{"element-6066-11e4-a52e-4f735466cecf":"f.92142B0E1996143B500ED3F2A7F6BA2F.d.044BB02D5BF1467EB4587C49E537F49C.e.12606","ELEMENT":"f.92142B0E1996143B500ED3F2A7F6BA2F.d.044BB02D5BF1467EB4587C49E537F49C.e.12606"}]}
COMMAND: GET /session/582ce5f850a124cd0c5f6fc14f02a0d2/screenshot - {}
RESULT: {}
COMMAND: POST /session/582ce5f850a124cd0c5f6fc14f02a0d2/execute/sync - {"script":"<script> [8489 bytes]","args":[{"element-6066-11e4-a52e-4f735466cecf":"f.92142B0E1996143B500ED3F2A7F6BA2F.d.044BB02D5BF1467EB4587C49E537F49C.e.12606","ELEMENT":"f.92142B0E1996143B500ED3F2A7F6BA2F.d.044BB02D5BF1467EB4587C49E537F49C.e.12606"}]}
RESULT: {"script":"<script> [8489 bytes]","args":[{"element-6066-11e4-a52e-4f735466cecf":"f.92142B0E1996143B500ED3F2A7F6BA2F.d.044BB02D5BF1467EB4587C49E537F49C.e.12606","ELEMENT":"f.92142B0E1996143B500ED3F2A7F6BA2F.d.044BB02D5BF1467EB4587C49E537F49C.e.12606"}]}
COMMAND: GET /session/582ce5f850a124cd0c5f6fc14f02a0d2/screenshot - {}
RESULT: {}
COMMAND: POST /session/582ce5f850a124cd0c5f6fc14f02a0d2/execute/sync - {"script":"<script> [8489 bytes]","args":[{"element-6066-11e4-a52e-4f735466cecf":"f.92142B0E1996143B500ED3F2A7F6BA2F.d.044BB02D5BF1467EB4587C49E537F49C.e.12606","ELEMENT":"f.92142B0E1996143B500ED3F2A7F6BA2F.d.044BB02D5BF1467EB4587C49E537F49C.e.12606"}]}
RESULT: {"script":"<script> [8489 bytes]","args":[{"element-6066-11e4-a52e-4f735466cecf":"f.92142B0E1996143B500ED3F2A7F6BA2F.d.044BB02D5BF1467EB4587C49E537F49C.e.12606","ELEMENT":"f.92142B0E1996143B500ED3F2A7F6BA2F.d.044BB02D5BF1467EB4587C49E537F49C.e.12606"}]}
COMMAND: GET /session/582ce5f850a124cd0c5f6fc14f02a0d2/screenshot - {}
RESULT: {}
COMMAND: POST /session/582ce5f850a124cd0c5f6fc14f02a0d2/execute/sync - {"script":"<script> [8489 bytes]","args":[{"element-6066-11e4-a52e-4f735466cecf":"f.92142B0E1996143B500ED3F2A7F6BA2F.d.044BB02D5BF1467EB4587C49E537F49C.e.12606","ELEMENT":"f.92142B0E1996143B500ED3F2A7F6BA2F.d.044BB02D5BF1467EB4587C49E537F49C.e.12606"}]}
RESULT: {"script":"<script> [8489 bytes]","args":[{"element-6066-11e4-a52e-4f735466cecf":"f.92142B0E1996143B500ED3F2A7F6BA2F.d.044BB02D5BF1467EB4587C49E537F49C.e.12606","ELEMENT":"f.92142B0E1996143B500ED3F2A7F6BA2F.d.044BB02D5BF1467EB4587C49E537F49C.e.12606"}]}
COMMAND: GET /session/582ce5f850a124cd0c5f6fc14f02a0d2/screenshot - {}
RESULT: {}
COMMAND: POST /session/582ce5f850a124cd0c5f6fc14f02a0d2/execute/sync - {"script":"<script> [8489 bytes]","args":[{"element-6066-11e4-a52e-4f735466cecf":"f.92142B0E1996143B500ED3F2A7F6BA2F.d.044BB02D5BF1467EB4587C49E537F49C.e.12606","ELEMENT":"f.92142B0E1996143B500ED3F2A7F6BA2F.d.044BB02D5BF1467EB4587C49E537F49C.e.12606"}]}
RESULT: {"script":"<script> [8489 bytes]","args":[{"element-6066-11e4-a52e-4f735466cecf":"f.92142B0E1996143B500ED3F2A7F6BA2F.d.044BB02D5BF1467EB4587C49E537F49C.e.12606","ELEMENT":"f.92142B0E1996143B500ED3F2A7F6BA2F.d.044BB02D5BF1467EB4587C49E537F49C.e.12606"}]}
COMMAND: GET /session/582ce5f850a124cd0c5f6fc14f02a0d2/screenshot - {}
RESULT: {}
COMMAND: POST /session/582ce5f850a124cd0c5f6fc14f02a0d2/execute/sync - {"script":"<script> [8489 bytes]","args":[{"element-6066-11e4-a52e-4f735466cecf":"f.92142B0E1996143B500ED3F2A7F6BA2F.d.044BB02D5BF1467EB4587C49E537F49C.e.12606","ELEMENT":"f.92142B0E1996143B500ED3F2A7F6BA2F.d.044BB02D5BF1467EB4587C49E537F49C.e.12606"}]}
RESULT: {"script":"<script> [8489 bytes]","args":[{"element-6066-11e4-a52e-4f735466cecf":"f.92142B0E1996143B500ED3F2A7F6BA2F.d.044BB02D5BF1467EB4587C49E537F49C.e.12606","ELEMENT":"f.92142B0E1996143B500ED3F2A7F6BA2F.d.044BB02D5BF1467EB4587C49E537F49C.e.12606"}]}
COMMAND: GET /session/582ce5f850a124cd0c5f6fc14f02a0d2/screenshot - {}
RESULT: {}
COMMAND: POST /session/582ce5f850a124cd0c5f6fc14f02a0d2/execute/sync - {"script":"<script> [8489 bytes]","args":[{"element-6066-11e4-a52e-4f735466cecf":"f.92142B0E1996143B500ED3F2A7F6BA2F.d.044BB02D5BF1467EB4587C49E537F49C.e.12606","ELEMENT":"f.92142B0E1996143B500ED3F2A7F6BA2F.d.044BB02D5BF1467EB4587C49E537F49C.e.12606"}]}
RESULT: {"script":"<script> [8489 bytes]","args":[{"element-6066-11e4-a52e-4f735466cecf":"f.92142B0E1996143B500ED3F2A7F6BA2F.d.044BB02D5BF1467EB4587C49E537F49C.e.12606","ELEMENT":"f.92142B0E1996143B500ED3F2A7F6BA2F.d.044BB02D5BF1467EB4587C49E537F49C.e.12606"}]}
COMMAND: GET /session/582ce5f850a124cd0c5f6fc14f02a0d2/screenshot - {}
RESULT: {}
COMMAND: POST /session/582ce5f850a124cd0c5f6fc14f02a0d2/execute/sync - {"script":"<script> [8489 bytes]","args":[{"element-6066-11e4-a52e-4f735466cecf":"f.92142B0E1996143B500ED3F2A7F6BA2F.d.044BB02D5BF1467EB4587C49E537F49C.e.12606","ELEMENT":"f.92142B0E1996143B500ED3F2A7F6BA2F.d.044BB02D5BF1467EB4587C49E537F49C.e.12606"}]}
RESULT: {"script":"<script> [8489 bytes]","args":[{"element-6066-11e4-a52e-4f735466cecf":"f.92142B0E1996143B500ED3F2A7F6BA2F.d.044BB02D5BF1467EB4587C49E537F49C.e.12606","ELEMENT":"f.92142B0E1996143B500ED3F2A7F6BA2F.d.044BB02D5BF1467EB4587C49E537F49C.e.12606"}]}
COMMAND: GET /session/582ce5f850a124cd0c5f6fc14f02a0d2/screenshot - {}
RESULT: {}
COMMAND: POST /session/582ce5f850a124cd0c5f6fc14f02a0d2/execute/sync - {"script":"<script> [8489 bytes]","args":[{"element-6066-11e4-a52e-4f735466cecf":"f.92142B0E1996143B500ED3F2A7F6BA2F.d.044BB02D5BF1467EB4587C49E537F49C.e.12606","ELEMENT":"f.92142B0E1996143B500ED3F2A7F6BA2F.d.044BB02D5BF1467EB4587C49E537F49C.e.12606"}]}
RESULT: {"script":"<script> [8489 bytes]","args":[{"element-6066-11e4-a52e-4f735466cecf":"f.92142B0E1996143B500ED3F2A7F6BA2F.d.044BB02D5BF1467EB4587C49E537F49C.e.12606","ELEMENT":"f.92142B0E1996143B500ED3F2A7F6BA2F.d.044BB02D5BF1467EB4587C49E537F49C.e.12606"}]}
COMMAND: GET /session/582ce5f850a124cd0c5f6fc14f02a0d2/screenshot - {}
RESULT: {}
COMMAND: POST /session/582ce5f850a124cd0c5f6fc14f02a0d2/execute/sync - {"script":"<script> [8489 bytes]","args":[{"element-6066-11e4-a52e-4f735466cecf":"f.92142B0E1996143B500ED3F2A7F6BA2F.d.044BB02D5BF1467EB4587C49E537F49C.e.12606","ELEMENT":"f.92142B0E1996143B500ED3F2A7F6BA2F.d.044BB02D5BF1467EB4587C49E537F49C.e.12606"}]}
RESULT: {"script":"<script> [8489 bytes]","args":[{"element-6066-11e4-a52e-4f735466cecf":"f.92142B0E1996143B500ED3F2A7F6BA2F.d.044BB02D5BF1467EB4587C49E537F49C.e.12606","ELEMENT":"f.92142B0E1996143B500ED3F2A7F6BA2F.d.044BB02D5BF1467EB4587C49E537F49C.e.12606"}]}
COMMAND: GET /session/582ce5f850a124cd0c5f6fc14f02a0d2/screenshot - {}
RESULT: {}
COMMAND: POST /session/582ce5f850a124cd0c5f6fc14f02a0d2/execute/sync - {"script":"<script> [8489 bytes]","args":[{"element-6066-11e4-a52e-4f735466cecf":"f.92142B0E1996143B500ED3F2A7F6BA2F.d.044BB02D5BF1467EB4587C49E537F49C.e.12606","ELEMENT":"f.92142B0E1996143B500ED3F2A7F6BA2F.d.044BB02D5BF1467EB4587C49E537F49C.e.12606"}]}
RESULT: {"script":"<script> [8489 bytes]","args":[{"element-6066-11e4-a52e-4f735466cecf":"f.92142B0E1996143B500ED3F2A7F6BA2F.d.044BB02D5BF1467EB4587C49E537F49C.e.12606","ELEMENT":"f.92142B0E1996143B500ED3F2A7F6BA2F.d.044BB02D5BF1467EB4587C49E537F49C.e.12606"}]}
COMMAND: GET /session/582ce5f850a124cd0c5f6fc14f02a0d2/screenshot - {}
RESULT: {}
COMMAND: POST /session/582ce5f850a124cd0c5f6fc14f02a0d2/execute/sync - {"script":"<script> [8489 bytes]","args":[{"element-6066-11e4-a52e-4f735466cecf":"f.92142B0E1996143B500ED3F2A7F6BA2F.d.044BB02D5BF1467EB4587C49E537F49C.e.12606","ELEMENT":"f.92142B0E1996143B500ED3F2A7F6BA2F.d.044BB02D5BF1467EB4587C49E537F49C.e.12606"}]}
RESULT: {"script":"<script> [8489 bytes]","args":[{"element-6066-11e4-a52e-4f735466cecf":"f.92142B0E1996143B500ED3F2A7F6BA2F.d.044BB02D5BF1467EB4587C49E537F49C.e.12606","ELEMENT":"f.92142B0E1996143B500ED3F2A7F6BA2F.d.044BB02D5BF1467EB4587C49E537F49C.e.12606"}]}
COMMAND: GET /session/582ce5f850a124cd0c5f6fc14f02a0d2/screenshot - {}
COMMAND: POST /session/582ce5f850a124cd0c5f6fc14f02a0d2/execute/sync - {"script":"<script> [8489 bytes]","args":[{"element-6066-11e4-a52e-4f735466cecf":"f.92142B0E1996143B500ED3F2A7F6BA2F.d.044BB02D5BF1467EB4587C49E537F49C.e.12606","ELEMENT":"f.92142B0E1996143B500ED3F2A7F6BA2F.d.044BB02D5BF1467EB4587C49E537F49C.e.12606"}]}
RESULT: {}
RESULT: {"script":"<script> [8489 bytes]","args":[{"element-6066-11e4-a52e-4f735466cecf":"f.92142B0E1996143B500ED3F2A7F6BA2F.d.044BB02D5BF1467EB4587C49E537F49C.e.12606","ELEMENT":"f.92142B0E1996143B500ED3F2A7F6BA2F.d.044BB02D5BF1467EB4587C49E537F49C.e.12606"}]}
COMMAND: GET /session/582ce5f850a124cd0c5f6fc14f02a0d2/screenshot - {}
COMMAND: POST /session/582ce5f850a124cd0c5f6fc14f02a0d2/execute/sync - {"script":"<script> [8489 bytes]","args":[{"element-6066-11e4-a52e-4f735466cecf":"f.92142B0E1996143B500ED3F2A7F6BA2F.d.044BB02D5BF1467EB4587C49E537F49C.e.12606","ELEMENT":"f.92142B0E1996143B500ED3F2A7F6BA2F.d.044BB02D5BF1467EB4587C49E537F49C.e.12606"}]}
RESULT: {}
RESULT: {"script":"<script> [8489 bytes]","args":[{"element-6066-11e4-a52e-4f735466cecf":"f.92142B0E1996143B500ED3F2A7F6BA2F.d.044BB02D5BF1467EB4587C49E537F49C.e.12606","ELEMENT":"f.92142B0E1996143B500ED3F2A7F6BA2F.d.044BB02D5BF1467EB4587C49E537F49C.e.12606"}]}
COMMAND: GET /session/582ce5f850a124cd0c5f6fc14f02a0d2/screenshot - {}
COMMAND: POST /session/582ce5f850a124cd0c5f6fc14f02a0d2/execute/sync - {"script":"<script> [8489 bytes]","args":[{"element-6066-11e4-a52e-4f735466cecf":"f.92142B0E1996143B500ED3F2A7F6BA2F.d.044BB02D5BF1467EB4587C49E537F49C.e.12606","ELEMENT":"f.92142B0E1996143B500ED3F2A7F6BA2F.d.044BB02D5BF1467EB4587C49E537F49C.e.12606"}]}
RESULT: {}
RESULT: {"script":"<script> [8489 bytes]","args":[{"element-6066-11e4-a52e-4f735466cecf":"f.92142B0E1996143B500ED3F2A7F6BA2F.d.044BB02D5BF1467EB4587C49E537F49C.e.12606","ELEMENT":"f.92142B0E1996143B500ED3F2A7F6BA2F.d.044BB02D5BF1467EB4587C49E537F49C.e.12606"}]}
COMMAND: GET /session/582ce5f850a124cd0c5f6fc14f02a0d2/screenshot - {}
COMMAND: POST /session/582ce5f850a124cd0c5f6fc14f02a0d2/execute/sync - {"script":"<script> [8489 bytes]","args":[{"element-6066-11e4-a52e-4f735466cecf":"f.92142B0E1996143B500ED3F2A7F6BA2F.d.044BB02D5BF1467EB4587C49E537F49C.e.12606","ELEMENT":"f.92142B0E1996143B500ED3F2A7F6BA2F.d.044BB02D5BF1467EB4587C49E537F49C.e.12606"}]}
RESULT: {}
RESULT: {"script":"<script> [8489 bytes]","args":[{"element-6066-11e4-a52e-4f735466cecf":"f.92142B0E1996143B500ED3F2A7F6BA2F.d.044BB02D5BF1467EB4587C49E537F49C.e.12606","ELEMENT":"f.92142B0E1996143B500ED3F2A7F6BA2F.d.044BB02D5BF1467EB4587C49E537F49C.e.12606"}]}
COMMAND: GET /session/582ce5f850a124cd0c5f6fc14f02a0d2/screenshot - {}
COMMAND: POST /session/582ce5f850a124cd0c5f6fc14f02a0d2/execute/sync - {"script":"<script> [8489 bytes]","args":[{"element-6066-11e4-a52e-4f735466cecf":"f.92142B0E1996143B500ED3F2A7F6BA2F.d.044BB02D5BF1467EB4587C49E537F49C.e.12606","ELEMENT":"f.92142B0E1996143B500ED3F2A7F6BA2F.d.044BB02D5BF1467EB4587C49E537F49C.e.12606"}]}
RESULT: {}
RESULT: {"script":"<script> [8489 bytes]","args":[{"element-6066-11e4-a52e-4f735466cecf":"f.92142B0E1996143B500ED3F2A7F6BA2F.d.044BB02D5BF1467EB4587C49E537F49C.e.12606","ELEMENT":"f.92142B0E1996143B500ED3F2A7F6BA2F.d.044BB02D5BF1467EB4587C49E537F49C.e.12606"}]}
COMMAND: GET /session/582ce5f850a124cd0c5f6fc14f02a0d2/screenshot - {}
COMMAND: POST /session/582ce5f850a124cd0c5f6fc14f02a0d2/execute/sync - {"script":"<script> [8489 bytes]","args":[{"element-6066-11e4-a52e-4f735466cecf":"f.92142B0E1996143B500ED3F2A7F6BA2F.d.044BB02D5BF1467EB4587C49E537F49C.e.12606","ELEMENT":"f.92142B0E1996143B500ED3F2A7F6BA2F.d.044BB02D5BF1467EB4587C49E537F49C.e.12606"}]}
RESULT: {}
RESULT: {"script":"<script> [8489 bytes]","args":[{"element-6066-11e4-a52e-4f735466cecf":"f.92142B0E1996143B500ED3F2A7F6BA2F.d.044BB02D5BF1467EB4587C49E537F49C.e.12606","ELEMENT":"f.92142B0E1996143B500ED3F2A7F6BA2F.d.044BB02D5BF1467EB4587C49E537F49C.e.12606"}]}
COMMAND: GET /session/582ce5f850a124cd0c5f6fc14f02a0d2/screenshot - {}
RESULT: {}
COMMAND: POST /session/582ce5f850a124cd0c5f6fc14f02a0d2/execute/sync - {"script":"<script> [8489 bytes]","args":[{"element-6066-11e4-a52e-4f735466cecf":"f.92142B0E1996143B500ED3F2A7F6BA2F.d.044BB02D5BF1467EB4587C49E537F49C.e.12606","ELEMENT":"f.92142B0E1996143B500ED3F2A7F6BA2F.d.044BB02D5BF1467EB4587C49E537F49C.e.12606"}]}
RESULT: {"script":"<script> [8489 bytes]","args":[{"element-6066-11e4-a52e-4f735466cecf":"f.92142B0E1996143B500ED3F2A7F6BA2F.d.044BB02D5BF1467EB4587C49E537F49C.e.12606","ELEMENT":"f.92142B0E1996143B500ED3F2A7F6BA2F.d.044BB02D5BF1467EB4587C49E537F49C.e.12606"}]}
COMMAND: GET /session/582ce5f850a124cd0c5f6fc14f02a0d2/screenshot - {}
RESULT: {}
COMMAND: POST /session/582ce5f850a124cd0c5f6fc14f02a0d2/execute/sync - {"script":"<script> [8489 bytes]","args":[{"element-6066-11e4-a52e-4f735466cecf":"f.92142B0E1996143B500ED3F2A7F6BA2F.d.044BB02D5BF1467EB4587C49E537F49C.e.12606","ELEMENT":"f.92142B0E1996143B500ED3F2A7F6BA2F.d.044BB02D5BF1467EB4587C49E537F49C.e.12606"}]}
RESULT: {"script":"<script> [8489 bytes]","args":[{"element-6066-11e4-a52e-4f735466cecf":"f.92142B0E1996143B500ED3F2A7F6BA2F.d.044BB02D5BF1467EB4587C49E537F49C.e.12606","ELEMENT":"f.92142B0E1996143B500ED3F2A7F6BA2F.d.044BB02D5BF1467EB4587C49E537F49C.e.12606"}]}
COMMAND: GET /session/582ce5f850a124cd0c5f6fc14f02a0d2/screenshot - {}
RESULT: {}
COMMAND: POST /session/582ce5f850a124cd0c5f6fc14f02a0d2/execute/sync - {"script":"<script> [8489 bytes]","args":[{"element-6066-11e4-a52e-4f735466cecf":"f.92142B0E1996143B500ED3F2A7F6BA2F.d.044BB02D5BF1467EB4587C49E537F49C.e.12606","ELEMENT":"f.92142B0E1996143B500ED3F2A7F6BA2F.d.044BB02D5BF1467EB4587C49E537F49C.e.12606"}]}
RESULT: {"script":"<script> [8489 bytes]","args":[{"element-6066-11e4-a52e-4f735466cecf":"f.92142B0E1996143B500ED3F2A7F6BA2F.d.044BB02D5BF1467EB4587C49E537F49C.e.12606","ELEMENT":"f.92142B0E1996143B500ED3F2A7F6BA2F.d.044BB02D5BF1467EB4587C49E537F49C.e.12606"}]}
COMMAND: GET /session/582ce5f850a124cd0c5f6fc14f02a0d2/screenshot - {}
RESULT: {}
COMMAND: POST /session/582ce5f850a124cd0c5f6fc14f02a0d2/execute/sync - {"script":"<script> [8489 bytes]","args":[{"element-6066-11e4-a52e-4f735466cecf":"f.92142B0E1996143B500ED3F2A7F6BA2F.d.044BB02D5BF1467EB4587C49E537F49C.e.12606","ELEMENT":"f.92142B0E1996143B500ED3F2A7F6BA2F.d.044BB02D5BF1467EB4587C49E537F49C.e.12606"}]}
RESULT: {"script":"<script> [8489 bytes]","args":[{"element-6066-11e4-a52e-4f735466cecf":"f.92142B0E1996143B500ED3F2A7F6BA2F.d.044BB02D5BF1467EB4587C49E537F49C.e.12606","ELEMENT":"f.92142B0E1996143B500ED3F2A7F6BA2F.d.044BB02D5BF1467EB4587C49E537F49C.e.12606"}]}
COMMAND: GET /session/582ce5f850a124cd0c5f6fc14f02a0d2/screenshot - {}
RESULT: {}
COMMAND: POST /session/582ce5f850a124cd0c5f6fc14f02a0d2/execute/sync - {"script":"<script> [8489 bytes]","args":[{"element-6066-11e4-a52e-4f735466cecf":"f.92142B0E1996143B500ED3F2A7F6BA2F.d.044BB02D5BF1467EB4587C49E537F49C.e.12606","ELEMENT":"f.92142B0E1996143B500ED3F2A7F6BA2F.d.044BB02D5BF1467EB4587C49E537F49C.e.12606"}]}
RESULT: {"script":"<script> [8489 bytes]","args":[{"element-6066-11e4-a52e-4f735466cecf":"f.92142B0E1996143B500ED3F2A7F6BA2F.d.044BB02D5BF1467EB4587C49E537F49C.e.12606","ELEMENT":"f.92142B0E1996143B500ED3F2A7F6BA2F.d.044BB02D5BF1467EB4587C49E537F49C.e.12606"}]}
COMMAND: GET /session/582ce5f850a124cd0c5f6fc14f02a0d2/screenshot - {}
RESULT: {}
COMMAND: POST /session/582ce5f850a124cd0c5f6fc14f02a0d2/execute/sync - {"script":"<script> [8489 bytes]","args":[{"element-6066-11e4-a52e-4f735466cecf":"f.92142B0E1996143B500ED3F2A7F6BA2F.d.044BB02D5BF1467EB4587C49E537F49C.e.12606","ELEMENT":"f.92142B0E1996143B500ED3F2A7F6BA2F.d.044BB02D5BF1467EB4587C49E537F49C.e.12606"}]}
RESULT: {"script":"<script> [8489 bytes]","args":[{"element-6066-11e4-a52e-4f735466cecf":"f.92142B0E1996143B500ED3F2A7F6BA2F.d.044BB02D5BF1467EB4587C49E537F49C.e.12606","ELEMENT":"f.92142B0E1996143B500ED3F2A7F6BA2F.d.044BB02D5BF1467EB4587C49E537F49C.e.12606"}]}
COMMAND: GET /session/582ce5f850a124cd0c5f6fc14f02a0d2/screenshot - {}
RESULT: {}
COMMAND: POST /session/582ce5f850a124cd0c5f6fc14f02a0d2/execute/sync - {"script":"<script> [8489 bytes]","args":[{"element-6066-11e4-a52e-4f735466cecf":"f.92142B0E1996143B500ED3F2A7F6BA2F.d.044BB02D5BF1467EB4587C49E537F49C.e.12606","ELEMENT":"f.92142B0E1996143B500ED3F2A7F6BA2F.d.044BB02D5BF1467EB4587C49E537F49C.e.12606"}]}
RESULT: {"script":"<script> [8489 bytes]","args":[{"element-6066-11e4-a52e-4f735466cecf":"f.92142B0E1996143B500ED3F2A7F6BA2F.d.044BB02D5BF1467EB4587C49E537F49C.e.12606","ELEMENT":"f.92142B0E1996143B500ED3F2A7F6BA2F.d.044BB02D5BF1467EB4587C49E537F49C.e.12606"}]}
COMMAND: GET /session/582ce5f850a124cd0c5f6fc14f02a0d2/screenshot - {}
RESULT: {}
COMMAND: POST /session/582ce5f850a124cd0c5f6fc14f02a0d2/execute/async - {"script":"<script> [1562 bytes]","args":[{"selector":{"id":"administrationTabFilter","viewName":"etm.portal.ui.managehandovers.view.DetailExecuteHO","interaction":{"idSuffix":"text"}},"wdio_ui5_key":"administrationTabFilteretmportal.ui.managehandovers.view.DetailExecuteHO"}]}
RESULT: {"script":"<script> [1562 bytes]","args":[{"selector":{"id":"administrationTabFilter","viewName":"etm.portal.ui.managehandovers.view.DetailExecuteHO","interaction":{"idSuffix":"text"}},"wdio_ui5_key":"administrationTabFilteretmportal.ui.managehandovers.view.DetailExecuteHO"}]}
RESULT: undefined
COMMAND: POST /session/582ce5f850a124cd0c5f6fc14f02a0d2/element - {"using":"xpath","value":"//*[@id=\"__xmlview59--administrationTabFilter\"]"}
RESULT: {"using":"xpath","value":"//*[@id=\"__xmlview59--administrationTabFilter\"]"}
COMMAND: POST /session/582ce5f850a124cd0c5f6fc14f02a0d2/element/f.92142B0E1996143B500ED3F2A7F6BA2F.d.044BB02D5BF1467EB4587C49E537F49C.e.12654/click - {}
RESULT: {}
RESULT: undefined
COMMAND: POST /session/582ce5f850a124cd0c5f6fc14f02a0d2/element - {"using":"xpath","value":"//*[@id=\"__xmlview59--administrationTabFilter\"]"}
COMMAND: GET /session/582ce5f850a124cd0c5f6fc14f02a0d2/screenshot - {}
RESULT: {"using":"xpath","value":"//*[@id=\"__xmlview59--administrationTabFilter\"]"}
COMMAND: POST /session/582ce5f850a124cd0c5f6fc14f02a0d2/element/f.92142B0E1996143B500ED3F2A7F6BA2F.d.044BB02D5BF1467EB4587C49E537F49C.e.12654/click - {}
RESULT: {}
RESULT: {}
COMMAND: GET /session/582ce5f850a124cd0c5f6fc14f02a0d2/screenshot - {}
RESULT: {}
COMMAND: POST /session/582ce5f850a124cd0c5f6fc14f02a0d2/element - {"using":"xpath","value":"//bdi[(text() = 'Confirm' or . = 'Confirm')]"}
RESULT: {"using":"xpath","value":"//bdi[(text() = 'Confirm' or . = 'Confirm')]"}
COMMAND: POST /session/582ce5f850a124cd0c5f6fc14f02a0d2/element/f.92142B0E1996143B500ED3F2A7F6BA2F.d.044BB02D5BF1467EB4587C49E537F49C.e.12662/click - {}
RESULT: {}
COMMAND: GET /session/582ce5f850a124cd0c5f6fc14f02a0d2/screenshot - {}
RESULT: {}
COMMAND: POST /session/582ce5f850a124cd0c5f6fc14f02a0d2/execute/async - {"script":"<script> [1562 bytes]","args":[{"selector":{"id":"confirmationButton","viewName":"etm.portal.ui.managehandovers.view.DetailExecuteHO","interaction":{"idSuffix":"BDI-content"}},"wdio_ui5_key":"confirmationButtonetmportal.ui.managehandovers.view.DetailExecuteHO"}]}
RESULT: {"script":"<script> [1562 bytes]","args":[{"selector":{"id":"confirmationButton","viewName":"etm.portal.ui.managehandovers.view.DetailExecuteHO","interaction":{"idSuffix":"BDI-content"}},"wdio_ui5_key":"confirmationButtonetmportal.ui.managehandovers.view.DetailExecuteHO"}]}
RESULT: undefined
COMMAND: POST /session/582ce5f850a124cd0c5f6fc14f02a0d2/element - {"using":"xpath","value":"(//bdi[text()='Receive'])[2]"}
RESULT: {"using":"xpath","value":"(//bdi[text()='Receive'])[2]"}
COMMAND: GET /session/582ce5f850a124cd0c5f6fc14f02a0d2/element/f.92142B0E1996143B500ED3F2A7F6BA2F.d.044BB02D5BF1467EB4587C49E537F49C.e.12666/enabled - {}
RESULT: {}
COMMAND: POST /session/582ce5f850a124cd0c5f6fc14f02a0d2/execute/sync - {"script":"<script> [8489 bytes]","args":[{"element-6066-11e4-a52e-4f735466cecf":"f.92142B0E1996143B500ED3F2A7F6BA2F.d.044BB02D5BF1467EB4587C49E537F49C.e.12666","ELEMENT":"f.92142B0E1996143B500ED3F2A7F6BA2F.d.044BB02D5BF1467EB4587C49E537F49C.e.12666"}]}
COMMAND: GET /session/582ce5f850a124cd0c5f6fc14f02a0d2/screenshot - {}
RESULT: {"script":"<script> [8489 bytes]","args":[{"element-6066-11e4-a52e-4f735466cecf":"f.92142B0E1996143B500ED3F2A7F6BA2F.d.044BB02D5BF1467EB4587C49E537F49C.e.12666","ELEMENT":"f.92142B0E1996143B500ED3F2A7F6BA2F.d.044BB02D5BF1467EB4587C49E537F49C.e.12666"}]}
COMMAND: POST /session/582ce5f850a124cd0c5f6fc14f02a0d2/execute/sync - {"script":"<script> [5351 bytes]","args":[{"element-6066-11e4-a52e-4f735466cecf":"f.92142B0E1996143B500ED3F2A7F6BA2F.d.044BB02D5BF1467EB4587C49E537F49C.e.12666","ELEMENT":"f.92142B0E1996143B500ED3F2A7F6BA2F.d.044BB02D5BF1467EB4587C49E537F49C.e.12666"}]}
COMMAND: GET /session/582ce5f850a124cd0c5f6fc14f02a0d2/screenshot - {}
RESULT: {}
RESULT: {"script":"<script> [5351 bytes]","args":[{"element-6066-11e4-a52e-4f735466cecf":"f.92142B0E1996143B500ED3F2A7F6BA2F.d.044BB02D5BF1467EB4587C49E537F49C.e.12666","ELEMENT":"f.92142B0E1996143B500ED3F2A7F6BA2F.d.044BB02D5BF1467EB4587C49E537F49C.e.12666"}]}
COMMAND: POST /session/582ce5f850a124cd0c5f6fc14f02a0d2/element/f.92142B0E1996143B500ED3F2A7F6BA2F.d.044BB02D5BF1467EB4587C49E537F49C.e.12666/click - {}
COMMAND: GET /session/582ce5f850a124cd0c5f6fc14f02a0d2/screenshot - {}
RESULT: {}
RESULT: {}
COMMAND: GET /session/582ce5f850a124cd0c5f6fc14f02a0d2/screenshot - {}
RESULT: {}
RESULT: {}
COMMAND: POST /session/582ce5f850a124cd0c5f6fc14f02a0d2/element - {"using":"css selector","value":"#shell-header-logo"}
RESULT: {"using":"css selector","value":"#shell-header-logo"}
COMMAND: POST /session/582ce5f850a124cd0c5f6fc14f02a0d2/element/f.92142B0E1996143B500ED3F2A7F6BA2F.d.044BB02D5BF1467EB4587C49E537F49C.e.12074/click - {}
RESULT: {}
COMMAND: GET /session/582ce5f850a124cd0c5f6fc14f02a0d2/screenshot - {}
RESULT: {}
]]></system-out>
    </testcase>
    <testcase classname="chrome.135_0_7049_96.windows.Provide_to_Site_w/o_warehouse_management_w_clarification" name="Should create a new contract" time="58.726">
      <system-out><![CDATA[
COMMAND: POST /session/582ce5f850a124cd0c5f6fc14f02a0d2/execute/async - {"script":"<script> [1562 bytes]","args":[{"selector":{"controlType":"sap.m.GenericTile","properties":{"header":"Manage Contracts"}},"wdio_ui5_key":"sapm.GenericTile{\"header\":\"Manage Contracts\"}"}]}
RESULT: {"script":"<script> [1562 bytes]","args":[{"selector":{"controlType":"sap.m.GenericTile","properties":{"header":"Manage Contracts"}},"wdio_ui5_key":"sapm.GenericTile{\"header\":\"Manage Contracts\"}"}]}
RESULT: undefined
COMMAND: POST /session/582ce5f850a124cd0c5f6fc14f02a0d2/element - {"using":"xpath","value":"//*[@id=\"__tile131\"]"}
RESULT: {"using":"xpath","value":"//*[@id=\"__tile131\"]"}
COMMAND: POST /session/582ce5f850a124cd0c5f6fc14f02a0d2/element/f.92142B0E1996143B500ED3F2A7F6BA2F.d.044BB02D5BF1467EB4587C49E537F49C.e.12819/click - {}
RESULT: {}
COMMAND: GET /session/582ce5f850a124cd0c5f6fc14f02a0d2/screenshot - {}
COMMAND: POST /session/582ce5f850a124cd0c5f6fc14f02a0d2/execute/async - {"script":"<script> [1562 bytes]","args":[{"selector":{"controlType":"sap.ui.core.Icon","viewName":"etm.portal.ui.managecontracts.view.Master","properties":{"src":{"regex":{"source":"add"}}}},"wdio_ui5_key":"etmportal.ui.managecontracts.view.Mastersap.ui.core.Icon{\"src\":{\"regex\":{\"source\":\"add\"}}}"}]}
RESULT: {}
RESULT: {"script":"<script> [1562 bytes]","args":[{"selector":{"controlType":"sap.ui.core.Icon","viewName":"etm.portal.ui.managecontracts.view.Master","properties":{"src":{"regex":{"source":"add"}}}},"wdio_ui5_key":"etmportal.ui.managecontracts.view.Mastersap.ui.core.Icon{\"src\":{\"regex\":{\"source\":\"add\"}}}"}]}
RESULT: undefined
COMMAND: POST /session/582ce5f850a124cd0c5f6fc14f02a0d2/element - {"using":"xpath","value":"//*[@id=\"__button298-img\"]"}
RESULT: {"using":"xpath","value":"//*[@id=\"__button298-img\"]"}
COMMAND: POST /session/582ce5f850a124cd0c5f6fc14f02a0d2/element/f.92142B0E1996143B500ED3F2A7F6BA2F.d.044BB02D5BF1467EB4587C49E537F49C.e.12920/click - {}
RESULT: {}
COMMAND: POST /session/582ce5f850a124cd0c5f6fc14f02a0d2/execute/async - {"script":"<script> [1562 bytes]","args":[{"selector":{"id":"application-managecontracts-display-component---AddNewContract--projectDescription","interaction":{"idSuffix":"inner"}},"wdio_ui5_key":"applicationmanagecontracts-display-component---AddNewContract--projectDescription"}]}
COMMAND: GET /session/582ce5f850a124cd0c5f6fc14f02a0d2/screenshot - {}
RESULT: {"script":"<script> [1562 bytes]","args":[{"selector":{"id":"application-managecontracts-display-component---AddNewContract--projectDescription","interaction":{"idSuffix":"inner"}},"wdio_ui5_key":"applicationmanagecontracts-display-component---AddNewContract--projectDescription"}]}
RESULT: undefined
COMMAND: POST /session/582ce5f850a124cd0c5f6fc14f02a0d2/execute/async - {"script":"<script> [776 bytes]","args":[{"enterText":"wdi5 contract for billing","selector":{"id":"application-managecontracts-display-component---AddNewContract--projectDescription","interaction":{"idSuffix":"inner"}},"clearTextFirst":true,"interactionType":"ENTER_TEXT"}]}
RESULT: {}
RESULT: {"script":"<script> [776 bytes]","args":[{"enterText":"wdi5 contract for billing","selector":{"id":"application-managecontracts-display-component---AddNewContract--projectDescription","interaction":{"idSuffix":"inner"}},"clearTextFirst":true,"interactionType":"ENTER_TEXT"}]}
COMMAND: POST /session/582ce5f850a124cd0c5f6fc14f02a0d2/element - {"using":"xpath","value":"//input[@id=\"application-managecontracts-display-component---AddNewContract--customerSelect-inner\"]"}
RESULT: {"using":"xpath","value":"//input[@id=\"application-managecontracts-display-component---AddNewContract--customerSelect-inner\"]"}
COMMAND: POST /session/582ce5f850a124cd0c5f6fc14f02a0d2/element/f.92142B0E1996143B500ED3F2A7F6BA2F.d.044BB02D5BF1467EB4587C49E537F49C.e.13147/clear - {}
RESULT: {}
COMMAND: POST /session/582ce5f850a124cd0c5f6fc14f02a0d2/element/f.92142B0E1996143B500ED3F2A7F6BA2F.d.044BB02D5BF1467EB4587C49E537F49C.e.13147/value - {"text":"1280"}
COMMAND: GET /session/582ce5f850a124cd0c5f6fc14f02a0d2/screenshot - {}
RESULT: {"text":"1280"}
COMMAND: GET /session/582ce5f850a124cd0c5f6fc14f02a0d2/screenshot - {}
RESULT: {}
RESULT: {}
COMMAND: POST /session/582ce5f850a124cd0c5f6fc14f02a0d2/actions - {"actions":[{"id":"action48","type":"key","parameters":{},"actions":[{"type":"keyDown","value":"î€‡"},{"type":"pause","duration":10},{"type":"keyUp","value":"î€‡"}]}]}
RESULT: {"actions":[{"id":"action48","type":"key","parameters":{},"actions":[{"type":"keyDown","value":"î€‡"},{"type":"pause","duration":10},{"type":"keyUp","value":"î€‡"}]}]}
COMMAND: POST /session/582ce5f850a124cd0c5f6fc14f02a0d2/element - {"using":"xpath","value":"//input[@id=\"application-managecontracts-display-component---AddNewContract--site-inner\"]"}
COMMAND: GET /session/582ce5f850a124cd0c5f6fc14f02a0d2/screenshot - {}
RESULT: {"using":"xpath","value":"//input[@id=\"application-managecontracts-display-component---AddNewContract--site-inner\"]"}
COMMAND: POST /session/582ce5f850a124cd0c5f6fc14f02a0d2/element/f.92142B0E1996143B500ED3F2A7F6BA2F.d.044BB02D5BF1467EB4587C49E537F49C.e.13148/clear - {}
RESULT: {}
RESULT: {}
COMMAND: POST /session/582ce5f850a124cd0c5f6fc14f02a0d2/element/f.92142B0E1996143B500ED3F2A7F6BA2F.d.044BB02D5BF1467EB4587C49E537F49C.e.13148/value - {"text":"2253"}
COMMAND: GET /session/582ce5f850a124cd0c5f6fc14f02a0d2/screenshot - {}
RESULT: {"text":"2253"}
COMMAND: GET /session/582ce5f850a124cd0c5f6fc14f02a0d2/screenshot - {}
RESULT: {}
RESULT: {}
COMMAND: POST /session/582ce5f850a124cd0c5f6fc14f02a0d2/actions - {"actions":[{"id":"action49","type":"key","parameters":{},"actions":[{"type":"keyDown","value":"î€‡"},{"type":"pause","duration":10},{"type":"keyUp","value":"î€‡"}]}]}
RESULT: {"actions":[{"id":"action49","type":"key","parameters":{},"actions":[{"type":"keyDown","value":"î€‡"},{"type":"pause","duration":10},{"type":"keyUp","value":"î€‡"}]}]}
COMMAND: POST /session/582ce5f850a124cd0c5f6fc14f02a0d2/execute/async - {"script":"<script> [1562 bytes]","args":[{"selector":{"id":"application-managecontracts-display-component---AddNewContract--calendarInput","interaction":{"idSuffix":"inner"}},"wdio_ui5_key":"applicationmanagecontracts-display-component---AddNewContract--calendarInput"}]}
COMMAND: GET /session/582ce5f850a124cd0c5f6fc14f02a0d2/screenshot - {}
RESULT: {"script":"<script> [1562 bytes]","args":[{"selector":{"id":"application-managecontracts-display-component---AddNewContract--calendarInput","interaction":{"idSuffix":"inner"}},"wdio_ui5_key":"applicationmanagecontracts-display-component---AddNewContract--calendarInput"}]}
RESULT: undefined
COMMAND: POST /session/582ce5f850a124cd0c5f6fc14f02a0d2/execute/async - {"script":"<script> [776 bytes]","args":[{"enterText":"1 - Calendar unit test patch","selector":{"id":"application-managecontracts-display-component---AddNewContract--calendarInput","interaction":{"idSuffix":"inner"}},"clearTextFirst":true,"interactionType":"ENTER_TEXT"}]}
RESULT: {}
RESULT: {"script":"<script> [776 bytes]","args":[{"enterText":"1 - Calendar unit test patch","selector":{"id":"application-managecontracts-display-component---AddNewContract--calendarInput","interaction":{"idSuffix":"inner"}},"clearTextFirst":true,"interactionType":"ENTER_TEXT"}]}
COMMAND: POST /session/582ce5f850a124cd0c5f6fc14f02a0d2/actions - {"actions":[{"id":"action50","type":"key","parameters":{},"actions":[{"type":"keyDown","value":"î€‡"},{"type":"pause","duration":10},{"type":"keyUp","value":"î€‡"}]}]}
RESULT: {"actions":[{"id":"action50","type":"key","parameters":{},"actions":[{"type":"keyDown","value":"î€‡"},{"type":"pause","duration":10},{"type":"keyUp","value":"î€‡"}]}]}
COMMAND: POST /session/582ce5f850a124cd0c5f6fc14f02a0d2/execute/async - {"script":"<script> [1562 bytes]","args":[{"selector":{"id":"application-managecontracts-display-component---AddNewContract--languageCB","interaction":{"idSuffix":"inner"}},"wdio_ui5_key":"applicationmanagecontracts-display-component---AddNewContract--languageCB"}]}
COMMAND: GET /session/582ce5f850a124cd0c5f6fc14f02a0d2/screenshot - {}
RESULT: {"script":"<script> [1562 bytes]","args":[{"selector":{"id":"application-managecontracts-display-component---AddNewContract--languageCB","interaction":{"idSuffix":"inner"}},"wdio_ui5_key":"applicationmanagecontracts-display-component---AddNewContract--languageCB"}]}
RESULT: undefined
COMMAND: POST /session/582ce5f850a124cd0c5f6fc14f02a0d2/execute/async - {"script":"<script> [776 bytes]","args":[{"enterText":"EN - English","selector":{"id":"application-managecontracts-display-component---AddNewContract--languageCB","interaction":{"idSuffix":"inner"}},"clearTextFirst":true,"interactionType":"ENTER_TEXT"}]}
RESULT: {}
RESULT: {"script":"<script> [776 bytes]","args":[{"enterText":"EN - English","selector":{"id":"application-managecontracts-display-component---AddNewContract--languageCB","interaction":{"idSuffix":"inner"}},"clearTextFirst":true,"interactionType":"ENTER_TEXT"}]}
COMMAND: POST /session/582ce5f850a124cd0c5f6fc14f02a0d2/actions - {"actions":[{"id":"action51","type":"key","parameters":{},"actions":[{"type":"keyDown","value":"î€‡"},{"type":"pause","duration":10},{"type":"keyUp","value":"î€‡"}]}]}
RESULT: {"actions":[{"id":"action51","type":"key","parameters":{},"actions":[{"type":"keyDown","value":"î€‡"},{"type":"pause","duration":10},{"type":"keyUp","value":"î€‡"}]}]}
COMMAND: POST /session/582ce5f850a124cd0c5f6fc14f02a0d2/execute/async - {"script":"<script> [1562 bytes]","args":[{"selector":{"id":"application-managecontracts-display-component---AddNewContract--saveBtn","interaction":{"idSuffix":"BDI-content"}},"wdio_ui5_key":"applicationmanagecontracts-display-component---AddNewContract--saveBtn"}]}
COMMAND: GET /session/582ce5f850a124cd0c5f6fc14f02a0d2/screenshot - {}
RESULT: {"script":"<script> [1562 bytes]","args":[{"selector":{"id":"application-managecontracts-display-component---AddNewContract--saveBtn","interaction":{"idSuffix":"BDI-content"}},"wdio_ui5_key":"applicationmanagecontracts-display-component---AddNewContract--saveBtn"}]}
RESULT: undefined
COMMAND: POST /session/582ce5f850a124cd0c5f6fc14f02a0d2/element - {"using":"xpath","value":"//*[@id=\"application-managecontracts-display-component---AddNewContract--saveBtn\"]"}
RESULT: {}
RESULT: {"using":"xpath","value":"//*[@id=\"application-managecontracts-display-component---AddNewContract--saveBtn\"]"}
COMMAND: POST /session/582ce5f850a124cd0c5f6fc14f02a0d2/element/f.92142B0E1996143B500ED3F2A7F6BA2F.d.044BB02D5BF1467EB4587C49E537F49C.e.13165/click - {}
RESULT: {}
COMMAND: GET /session/582ce5f850a124cd0c5f6fc14f02a0d2/screenshot - {}
RESULT: {}
COMMAND: POST /session/582ce5f850a124cd0c5f6fc14f02a0d2/execute/async - {"script":"<script> [1562 bytes]","args":[{"selector":{"id":"contractDetailTitleNoExpanded","viewName":"etm.portal.ui.managecontracts.view.Detail"},"wdio_ui5_key":"contractDetailTitleNoExpandedetmportal.ui.managecontracts.view.Detail"}]}
RESULT: {"script":"<script> [1562 bytes]","args":[{"selector":{"id":"contractDetailTitleNoExpanded","viewName":"etm.portal.ui.managecontracts.view.Detail"},"wdio_ui5_key":"contractDetailTitleNoExpandedetmportal.ui.managecontracts.view.Detail"}]}
RESULT: undefined
COMMAND: POST /session/582ce5f850a124cd0c5f6fc14f02a0d2/execute/async - {"script":"<script> [6424 bytes]","args":[{"element-6066-11e4-a52e-4f735466cecf":"f.92142B0E1996143B500ED3F2A7F6BA2F.d.044BB02D5BF1467EB4587C49E537F49C.e.13187"},"getText",[]]}
RESULT: {"script":"<script> [6424 bytes]","args":[{"element-6066-11e4-a52e-4f735466cecf":"f.92142B0E1996143B500ED3F2A7F6BA2F.d.044BB02D5BF1467EB4587C49E537F49C.e.13187"},"getText",[]]}
]]></system-out>
    </testcase>
    <testcase classname="chrome.135_0_7049_96.windows.Provide_to_Site_w/o_warehouse_management_w_clarification" name="Should add resource to the contract" time="60.664">
      <system-out><![CDATA[
COMMAND: POST /session/582ce5f850a124cd0c5f6fc14f02a0d2/execute/async - {"script":"<script> [1562 bytes]","args":[{"selector":{"id":"contractDetailEditBtn","viewName":"etm.portal.ui.managecontracts.view.Detail","interaction":{"idSuffix":"BDI-content"}},"wdio_ui5_key":"contractDetailEditBtnetmportal.ui.managecontracts.view.Detail"}]}
RESULT: {"script":"<script> [1562 bytes]","args":[{"selector":{"id":"contractDetailEditBtn","viewName":"etm.portal.ui.managecontracts.view.Detail","interaction":{"idSuffix":"BDI-content"}},"wdio_ui5_key":"contractDetailEditBtnetmportal.ui.managecontracts.view.Detail"}]}
RESULT: undefined
COMMAND: POST /session/582ce5f850a124cd0c5f6fc14f02a0d2/element - {"using":"xpath","value":"//*[@id=\"__xmlview61--contractDetailEditBtn\"]"}
RESULT: {"using":"xpath","value":"//*[@id=\"__xmlview61--contractDetailEditBtn\"]"}
COMMAND: POST /session/582ce5f850a124cd0c5f6fc14f02a0d2/element/f.92142B0E1996143B500ED3F2A7F6BA2F.d.044BB02D5BF1467EB4587C49E537F49C.e.13189/click - {}
RESULT: {}
COMMAND: GET /session/582ce5f850a124cd0c5f6fc14f02a0d2/screenshot - {}
RESULT: {}
COMMAND: POST /session/582ce5f850a124cd0c5f6fc14f02a0d2/execute/async - {"script":"<script> [1562 bytes]","args":[{"selector":{"id":"additionalAddressesTabFilter","viewName":"etm.portal.ui.managecontracts.view.EditContract","interaction":{"idSuffix":"text"}},"wdio_ui5_key":"additionalAddressesTabFilteretmportal.ui.managecontracts.view.EditContract"}]}
RESULT: {"script":"<script> [1562 bytes]","args":[{"selector":{"id":"additionalAddressesTabFilter","viewName":"etm.portal.ui.managecontracts.view.EditContract","interaction":{"idSuffix":"text"}},"wdio_ui5_key":"additionalAddressesTabFilteretmportal.ui.managecontracts.view.EditContract"}]}
RESULT: undefined
COMMAND: POST /session/582ce5f850a124cd0c5f6fc14f02a0d2/element - {"using":"xpath","value":"//*[@id=\"__xmlview62--additionalAddressesTabFilter\"]"}
RESULT: {"using":"xpath","value":"//*[@id=\"__xmlview62--additionalAddressesTabFilter\"]"}
COMMAND: POST /session/582ce5f850a124cd0c5f6fc14f02a0d2/element/f.92142B0E1996143B500ED3F2A7F6BA2F.d.044BB02D5BF1467EB4587C49E537F49C.e.13248/click - {}
RESULT: {}
RESULT: undefined
COMMAND: POST /session/582ce5f850a124cd0c5f6fc14f02a0d2/element - {"using":"xpath","value":"//*[@id=\"__xmlview62--additionalAddressesTabFilter\"]"}
COMMAND: GET /session/582ce5f850a124cd0c5f6fc14f02a0d2/screenshot - {}
RESULT: {"using":"xpath","value":"//*[@id=\"__xmlview62--additionalAddressesTabFilter\"]"}
COMMAND: POST /session/582ce5f850a124cd0c5f6fc14f02a0d2/element/f.92142B0E1996143B500ED3F2A7F6BA2F.d.044BB02D5BF1467EB4587C49E537F49C.e.13248/click - {}
RESULT: {}
RESULT: {}
COMMAND: POST /session/582ce5f850a124cd0c5f6fc14f02a0d2/execute/async - {"script":"<script> [1562 bytes]","args":[{"selector":{"controlType":"sap.ui.core.Icon","viewName":"etm.portal.ui.managecontracts.view.EditContract","properties":{"src":{"regex":{"source":"add"}}}},"wdio_ui5_key":"etmportal.ui.managecontracts.view.EditContractsap.ui.core.Icon{\"src\":{\"regex\":{\"source\":\"add\"}}}"}]}
COMMAND: GET /session/582ce5f850a124cd0c5f6fc14f02a0d2/screenshot - {}
RESULT: {"script":"<script> [1562 bytes]","args":[{"selector":{"controlType":"sap.ui.core.Icon","viewName":"etm.portal.ui.managecontracts.view.EditContract","properties":{"src":{"regex":{"source":"add"}}}},"wdio_ui5_key":"etmportal.ui.managecontracts.view.EditContractsap.ui.core.Icon{\"src\":{\"regex\":{\"source\":\"add\"}}}"}]}
RESULT: undefined
COMMAND: POST /session/582ce5f850a124cd0c5f6fc14f02a0d2/element - {"using":"xpath","value":"//*[@id=\"__xmlview62--btnAddTableRow-img\"]"}
RESULT: {}
RESULT: {"using":"xpath","value":"//*[@id=\"__xmlview62--btnAddTableRow-img\"]"}
COMMAND: POST /session/582ce5f850a124cd0c5f6fc14f02a0d2/element/f.92142B0E1996143B500ED3F2A7F6BA2F.d.044BB02D5BF1467EB4587C49E537F49C.e.13251/click - {}
RESULT: {}
COMMAND: POST /session/582ce5f850a124cd0c5f6fc14f02a0d2/element - {"using":"xpath","value":"//div[(text() = 'Standard Entry' or . = 'Standard Entry')]"}
COMMAND: GET /session/582ce5f850a124cd0c5f6fc14f02a0d2/screenshot - {}
RESULT: {"using":"xpath","value":"//div[(text() = 'Standard Entry' or . = 'Standard Entry')]"}
COMMAND: POST /session/582ce5f850a124cd0c5f6fc14f02a0d2/element/f.92142B0E1996143B500ED3F2A7F6BA2F.d.044BB02D5BF1467EB4587C49E537F49C.e.13253/click - {}
RESULT: {}
RESULT: {}
COMMAND: POST /session/582ce5f850a124cd0c5f6fc14f02a0d2/execute/async - {"script":"<script> [1562 bytes]","args":[{"selector":{"controlType":"sap.ui.core.Icon","viewName":"etm.portal.ui.managecontracts.view.EditContract","properties":{"src":{"regex":{"source":"inspect"}}}},"wdio_ui5_key":"etmportal.ui.managecontracts.view.EditContractsap.ui.core.Icon{\"src\":{\"regex\":{\"source\":\"inspect\"}}}"}]}
COMMAND: GET /session/582ce5f850a124cd0c5f6fc14f02a0d2/screenshot - {}
RESULT: {"script":"<script> [1562 bytes]","args":[{"selector":{"controlType":"sap.ui.core.Icon","viewName":"etm.portal.ui.managecontracts.view.EditContract","properties":{"src":{"regex":{"source":"inspect"}}}},"wdio_ui5_key":"etmportal.ui.managecontracts.view.EditContractsap.ui.core.Icon{\"src\":{\"regex\":{\"source\":\"inspect\"}}}"}]}
RESULT: undefined
COMMAND: POST /session/582ce5f850a124cd0c5f6fc14f02a0d2/element - {"using":"xpath","value":"//*[@id=\"__button324-img\"]"}
RESULT: {}
RESULT: {"using":"xpath","value":"//*[@id=\"__button324-img\"]"}
COMMAND: POST /session/582ce5f850a124cd0c5f6fc14f02a0d2/element/f.92142B0E1996143B500ED3F2A7F6BA2F.d.044BB02D5BF1467EB4587C49E537F49C.e.13265/click - {}
RESULT: {}
COMMAND: GET /session/582ce5f850a124cd0c5f6fc14f02a0d2/screenshot - {}
RESULT: {}
COMMAND: POST /session/582ce5f850a124cd0c5f6fc14f02a0d2/element - {"using":"xpath","value":"//td[6]/div/div/input[1]"}
RESULT: {"using":"xpath","value":"//td[6]/div/div/input[1]"}
COMMAND: POST /session/582ce5f850a124cd0c5f6fc14f02a0d2/element/f.92142B0E1996143B500ED3F2A7F6BA2F.d.044BB02D5BF1467EB4587C49E537F49C.e.13255/clear - {}
RESULT: {}
COMMAND: GET /session/582ce5f850a124cd0c5f6fc14f02a0d2/screenshot - {}
RESULT: {}
COMMAND: POST /session/582ce5f850a124cd0c5f6fc14f02a0d2/element - {"using":"xpath","value":"//td[6]/div/div/input[1]"}
RESULT: {"using":"xpath","value":"//td[6]/div/div/input[1]"}
COMMAND: POST /session/582ce5f850a124cd0c5f6fc14f02a0d2/element/f.92142B0E1996143B500ED3F2A7F6BA2F.d.044BB02D5BF1467EB4587C49E537F49C.e.13281/click - {}
RESULT: {}
COMMAND: POST /session/582ce5f850a124cd0c5f6fc14f02a0d2/actions - {"actions":[{"id":"action52","type":"key","parameters":{},"actions":[{"type":"keyDown","value":"î€ƒ"},{"type":"pause","duration":10},{"type":"keyUp","value":"î€ƒ"}]}]}
COMMAND: GET /session/582ce5f850a124cd0c5f6fc14f02a0d2/screenshot - {}
RESULT: {"actions":[{"id":"action52","type":"key","parameters":{},"actions":[{"type":"keyDown","value":"î€ƒ"},{"type":"pause","duration":10},{"type":"keyUp","value":"î€ƒ"}]}]}
COMMAND: POST /session/582ce5f850a124cd0c5f6fc14f02a0d2/element - {"using":"xpath","value":"//td[6]/div/div/input[1]"}
COMMAND: GET /session/582ce5f850a124cd0c5f6fc14f02a0d2/screenshot - {}
RESULT: {}
RESULT: {"using":"xpath","value":"//td[6]/div/div/input[1]"}
COMMAND: POST /session/582ce5f850a124cd0c5f6fc14f02a0d2/element/f.92142B0E1996143B500ED3F2A7F6BA2F.d.044BB02D5BF1467EB4587C49E537F49C.e.13281/clear - {}
RESULT: {}
RESULT: {}
COMMAND: POST /session/582ce5f850a124cd0c5f6fc14f02a0d2/element/f.92142B0E1996143B500ED3F2A7F6BA2F.d.044BB02D5BF1467EB4587C49E537F49C.e.13281/value - {"text":"Material"}
COMMAND: GET /session/582ce5f850a124cd0c5f6fc14f02a0d2/screenshot - {}
RESULT: {"text":"Material"}
COMMAND: GET /session/582ce5f850a124cd0c5f6fc14f02a0d2/screenshot - {}
RESULT: {}
RESULT: {}
COMMAND: POST /session/582ce5f850a124cd0c5f6fc14f02a0d2/actions - {"actions":[{"id":"action53","type":"key","parameters":{},"actions":[{"type":"keyDown","value":"î€‡"},{"type":"pause","duration":10},{"type":"keyUp","value":"î€‡"}]}]}
RESULT: {"actions":[{"id":"action53","type":"key","parameters":{},"actions":[{"type":"keyDown","value":"î€‡"},{"type":"pause","duration":10},{"type":"keyUp","value":"î€‡"}]}]}
COMMAND: POST /session/582ce5f850a124cd0c5f6fc14f02a0d2/element - {"using":"xpath","value":"//td[7]/div/div/input[1]"}
COMMAND: GET /session/582ce5f850a124cd0c5f6fc14f02a0d2/screenshot - {}
RESULT: {"using":"xpath","value":"//td[7]/div/div/input[1]"}
COMMAND: POST /session/582ce5f850a124cd0c5f6fc14f02a0d2/element/f.92142B0E1996143B500ED3F2A7F6BA2F.d.044BB02D5BF1467EB4587C49E537F49C.e.13303/clear - {}
RESULT: {}
RESULT: {}
COMMAND: POST /session/582ce5f850a124cd0c5f6fc14f02a0d2/element/f.92142B0E1996143B500ED3F2A7F6BA2F.d.044BB02D5BF1467EB4587C49E537F49C.e.13303/value - {"text":"200201"}
COMMAND: GET /session/582ce5f850a124cd0c5f6fc14f02a0d2/screenshot - {}
RESULT: {"text":"200201"}
COMMAND: GET /session/582ce5f850a124cd0c5f6fc14f02a0d2/screenshot - {}
RESULT: {}
RESULT: {}
COMMAND: POST /session/582ce5f850a124cd0c5f6fc14f02a0d2/actions - {"actions":[{"id":"action54","type":"key","parameters":{},"actions":[{"type":"keyDown","value":"î€‡"},{"type":"pause","duration":10},{"type":"keyUp","value":"î€‡"}]}]}
RESULT: {"actions":[{"id":"action54","type":"key","parameters":{},"actions":[{"type":"keyDown","value":"î€‡"},{"type":"pause","duration":10},{"type":"keyUp","value":"î€‡"}]}]}
COMMAND: POST /session/582ce5f850a124cd0c5f6fc14f02a0d2/execute/async - {"script":"<script> [1562 bytes]","args":[{"selector":{"controlType":"sap.m.Button","properties":{"text":"OK"},"searchOpenDialogs":true,"interaction":{"idSuffix":"BDI-content"}},"wdio_ui5_key":"sapm.Button{\"text\":\"OK\"}"}]}
COMMAND: GET /session/582ce5f850a124cd0c5f6fc14f02a0d2/screenshot - {}
RESULT: {"script":"<script> [1562 bytes]","args":[{"selector":{"controlType":"sap.m.Button","properties":{"text":"OK"},"searchOpenDialogs":true,"interaction":{"idSuffix":"BDI-content"}},"wdio_ui5_key":"sapm.Button{\"text\":\"OK\"}"}]}
RESULT: undefined
COMMAND: POST /session/582ce5f850a124cd0c5f6fc14f02a0d2/element - {"using":"xpath","value":"//*[@id=\"__mbox-btn-1\"]"}
RESULT: {}
RESULT: {"using":"xpath","value":"//*[@id=\"__mbox-btn-1\"]"}
COMMAND: POST /session/582ce5f850a124cd0c5f6fc14f02a0d2/element/f.92142B0E1996143B500ED3F2A7F6BA2F.d.044BB02D5BF1467EB4587C49E537F49C.e.13324/click - {}
RESULT: {}
COMMAND: POST /session/582ce5f850a124cd0c5f6fc14f02a0d2/execute/async - {"script":"<script> [1562 bytes]","args":[{"selector":{"id":"saveBtn","viewName":"etm.portal.ui.managecontracts.view.EditContract","interaction":{"idSuffix":"BDI-content"}},"wdio_ui5_key":"saveBtnetmportal.ui.managecontracts.view.EditContract"}]}
COMMAND: GET /session/582ce5f850a124cd0c5f6fc14f02a0d2/screenshot - {}
RESULT: {"script":"<script> [1562 bytes]","args":[{"selector":{"id":"saveBtn","viewName":"etm.portal.ui.managecontracts.view.EditContract","interaction":{"idSuffix":"BDI-content"}},"wdio_ui5_key":"saveBtnetmportal.ui.managecontracts.view.EditContract"}]}
RESULT: undefined
COMMAND: POST /session/582ce5f850a124cd0c5f6fc14f02a0d2/element - {"using":"xpath","value":"//*[@id=\"__xmlview62--saveBtn\"]"}
RESULT: {}
RESULT: {"using":"xpath","value":"//*[@id=\"__xmlview62--saveBtn\"]"}
COMMAND: POST /session/582ce5f850a124cd0c5f6fc14f02a0d2/element/f.92142B0E1996143B500ED3F2A7F6BA2F.d.044BB02D5BF1467EB4587C49E537F49C.e.13350/click - {}
RESULT: {}
COMMAND: GET /session/582ce5f850a124cd0c5f6fc14f02a0d2/screenshot - {}
RESULT: {}
COMMAND: POST /session/582ce5f850a124cd0c5f6fc14f02a0d2/execute/async - {"script":"<script> [1562 bytes]","args":[{"selector":{"id":"additionalAddressesTabFilter","viewName":"etm.portal.ui.managecontracts.view.Detail","interaction":{"idSuffix":"text"}},"wdio_ui5_key":"additionalAddressesTabFilteretmportal.ui.managecontracts.view.Detail"}]}
RESULT: {"script":"<script> [1562 bytes]","args":[{"selector":{"id":"additionalAddressesTabFilter","viewName":"etm.portal.ui.managecontracts.view.Detail","interaction":{"idSuffix":"text"}},"wdio_ui5_key":"additionalAddressesTabFilteretmportal.ui.managecontracts.view.Detail"}]}
RESULT: undefined
COMMAND: POST /session/582ce5f850a124cd0c5f6fc14f02a0d2/element - {"using":"xpath","value":"//*[@id=\"__xmlview61--additionalAddressesTabFilter\"]"}
RESULT: {"using":"xpath","value":"//*[@id=\"__xmlview61--additionalAddressesTabFilter\"]"}
COMMAND: POST /session/582ce5f850a124cd0c5f6fc14f02a0d2/element/f.92142B0E1996143B500ED3F2A7F6BA2F.d.044BB02D5BF1467EB4587C49E537F49C.e.13354/click - {}
RESULT: {}
COMMAND: POST /session/582ce5f850a124cd0c5f6fc14f02a0d2/execute/async - {"script":"<script> [1562 bytes]","args":[{"selector":{"id":"contractDetailProvideButton","viewName":"etm.portal.ui.managecontracts.view.Detail","interaction":{"idSuffix":"BDI-content"}},"wdio_ui5_key":"contractDetailProvideButtonetmportal.ui.managecontracts.view.Detail"}]}
COMMAND: GET /session/582ce5f850a124cd0c5f6fc14f02a0d2/screenshot - {}
RESULT: {"script":"<script> [1562 bytes]","args":[{"selector":{"id":"contractDetailProvideButton","viewName":"etm.portal.ui.managecontracts.view.Detail","interaction":{"idSuffix":"BDI-content"}},"wdio_ui5_key":"contractDetailProvideButtonetmportal.ui.managecontracts.view.Detail"}]}
RESULT: undefined
COMMAND: POST /session/582ce5f850a124cd0c5f6fc14f02a0d2/element - {"using":"xpath","value":"//*[@id=\"__xmlview61--contractDetailProvideButton\"]"}
RESULT: {}
RESULT: {"using":"xpath","value":"//*[@id=\"__xmlview61--contractDetailProvideButton\"]"}
COMMAND: POST /session/582ce5f850a124cd0c5f6fc14f02a0d2/element/f.92142B0E1996143B500ED3F2A7F6BA2F.d.044BB02D5BF1467EB4587C49E537F49C.e.13361/click - {}
RESULT: {}
COMMAND: GET /session/582ce5f850a124cd0c5f6fc14f02a0d2/screenshot - {}
RESULT: {}
]]></system-out>
    </testcase>
    <testcase classname="chrome.135_0_7049_96.windows.Provide_to_Site_w/o_warehouse_management_w_clarification" name="Should Create HandOvers provide to site" time="187.665">
      <system-out><![CDATA[
COMMAND: POST /session/582ce5f850a124cd0c5f6fc14f02a0d2/element - {"using":"css selector","value":"#application-managehandovers-display-component---AddNewHO--dueDate-inner"}
RESULT: {"using":"css selector","value":"#application-managehandovers-display-component---AddNewHO--dueDate-inner"}
COMMAND: POST /session/582ce5f850a124cd0c5f6fc14f02a0d2/element/f.92142B0E1996143B500ED3F2A7F6BA2F.d.044BB02D5BF1467EB4587C49E537F49C.e.13437/clear - {}
RESULT: {}
COMMAND: POST /session/582ce5f850a124cd0c5f6fc14f02a0d2/element/f.92142B0E1996143B500ED3F2A7F6BA2F.d.044BB02D5BF1467EB4587C49E537F49C.e.13437/value - {"text":"4/29/25"}
COMMAND: GET /session/582ce5f850a124cd0c5f6fc14f02a0d2/screenshot - {}
RESULT: {"text":"4/29/25"}
COMMAND: POST /session/582ce5f850a124cd0c5f6fc14f02a0d2/element - {"using":"xpath","value":"//bdi[(text() = 'Items' or . = 'Items')]"}
COMMAND: GET /session/582ce5f850a124cd0c5f6fc14f02a0d2/screenshot - {}
RESULT: {}
RESULT: {"using":"xpath","value":"//bdi[(text() = 'Items' or . = 'Items')]"}
COMMAND: POST /session/582ce5f850a124cd0c5f6fc14f02a0d2/element/f.92142B0E1996143B500ED3F2A7F6BA2F.d.044BB02D5BF1467EB4587C49E537F49C.e.13533/click - {}
RESULT: {}
RESULT: {}
COMMAND: POST /session/582ce5f850a124cd0c5f6fc14f02a0d2/execute/async - {"script":"<script> [1562 bytes]","args":[{"selector":{"controlType":"sap.m.Button","viewName":"etm.portal.ui.managehandovers.view.AddNewHO","viewId":"application-managehandovers-display-component---AddNewHO","i18NText":{"propertyName":"tooltip","key":"addItems"}},"wdio_ui5_key":"etmportal.ui.managehandovers.view.AddNewHOsap.m.Button{\"propertyName\":\"tooltip\",\"key\":\"addItems\"}"}]}
COMMAND: GET /session/582ce5f850a124cd0c5f6fc14f02a0d2/screenshot - {}
RESULT: {"script":"<script> [1562 bytes]","args":[{"selector":{"controlType":"sap.m.Button","viewName":"etm.portal.ui.managehandovers.view.AddNewHO","viewId":"application-managehandovers-display-component---AddNewHO","i18NText":{"propertyName":"tooltip","key":"addItems"}},"wdio_ui5_key":"etmportal.ui.managehandovers.view.AddNewHOsap.m.Button{\"propertyName\":\"tooltip\",\"key\":\"addItems\"}"}]}
RESULT: undefined
COMMAND: POST /session/582ce5f850a124cd0c5f6fc14f02a0d2/element - {"using":"xpath","value":"//*[@id=\"__button349\"]"}
RESULT: {}
RESULT: {"using":"xpath","value":"//*[@id=\"__button349\"]"}
COMMAND: POST /session/582ce5f850a124cd0c5f6fc14f02a0d2/element/f.92142B0E1996143B500ED3F2A7F6BA2F.d.044BB02D5BF1467EB4587C49E537F49C.e.13538/click - {}
RESULT: {}
COMMAND: GET /session/582ce5f850a124cd0c5f6fc14f02a0d2/screenshot - {}
RESULT: {}
COMMAND: POST /session/582ce5f850a124cd0c5f6fc14f02a0d2/element - {"using":"css selector","value":"div[id= \"application-managehandovers-display-component---AddNewHO--popup-sa-CbBg\"]"}
RESULT: {"using":"css selector","value":"div[id= \"application-managehandovers-display-component---AddNewHO--popup-sa-CbBg\"]"}
COMMAND: POST /session/582ce5f850a124cd0c5f6fc14f02a0d2/element/f.92142B0E1996143B500ED3F2A7F6BA2F.d.044BB02D5BF1467EB4587C49E537F49C.e.13544/click - {}
RESULT: {}
COMMAND: GET /session/582ce5f850a124cd0c5f6fc14f02a0d2/screenshot - {}
RESULT: {}
COMMAND: POST /session/582ce5f850a124cd0c5f6fc14f02a0d2/element - {"using":"xpath","value":"//bdi[(text() = 'Select' or . = 'Select')]"}
RESULT: {"using":"xpath","value":"//bdi[(text() = 'Select' or . = 'Select')]"}
COMMAND: POST /session/582ce5f850a124cd0c5f6fc14f02a0d2/element/f.92142B0E1996143B500ED3F2A7F6BA2F.d.044BB02D5BF1467EB4587C49E537F49C.e.13545/click - {}
RESULT: {}
COMMAND: GET /session/582ce5f850a124cd0c5f6fc14f02a0d2/screenshot - {}
RESULT: {}
COMMAND: POST /session/582ce5f850a124cd0c5f6fc14f02a0d2/element - {"using":"xpath","value":"//bdi[(text() = 'Save' or . = 'Save')]"}
RESULT: {"using":"xpath","value":"//bdi[(text() = 'Save' or . = 'Save')]"}
COMMAND: POST /session/582ce5f850a124cd0c5f6fc14f02a0d2/element/f.92142B0E1996143B500ED3F2A7F6BA2F.d.044BB02D5BF1467EB4587C49E537F49C.e.13553/click - {}
RESULT: {}
COMMAND: GET /session/582ce5f850a124cd0c5f6fc14f02a0d2/screenshot - {}
RESULT: {}
COMMAND: POST /session/582ce5f850a124cd0c5f6fc14f02a0d2/element - {"using":"xpath","value":"//*[text()='OK']"}
RESULT: {"using":"xpath","value":"//*[text()='OK']"}
COMMAND: POST /session/582ce5f850a124cd0c5f6fc14f02a0d2/elements - {"using":"xpath","value":"//*[text()='OK']"}
RESULT: {"using":"xpath","value":"//*[text()='OK']"}
COMMAND: POST /session/582ce5f850a124cd0c5f6fc14f02a0d2/elements - {"using":"xpath","value":"//*[text()='OK']"}
RESULT: {"using":"xpath","value":"//*[text()='OK']"}
COMMAND: POST /session/582ce5f850a124cd0c5f6fc14f02a0d2/elements - {"using":"xpath","value":"//*[text()='OK']"}
RESULT: {"using":"xpath","value":"//*[text()='OK']"}
COMMAND: POST /session/582ce5f850a124cd0c5f6fc14f02a0d2/elements - {"using":"xpath","value":"//*[text()='OK']"}
RESULT: {"using":"xpath","value":"//*[text()='OK']"}
COMMAND: POST /session/582ce5f850a124cd0c5f6fc14f02a0d2/elements - {"using":"xpath","value":"//*[text()='OK']"}
RESULT: {"using":"xpath","value":"//*[text()='OK']"}
COMMAND: POST /session/582ce5f850a124cd0c5f6fc14f02a0d2/elements - {"using":"xpath","value":"//*[text()='OK']"}
RESULT: {"using":"xpath","value":"//*[text()='OK']"}
COMMAND: POST /session/582ce5f850a124cd0c5f6fc14f02a0d2/elements - {"using":"xpath","value":"//*[text()='OK']"}
RESULT: {"using":"xpath","value":"//*[text()='OK']"}
COMMAND: POST /session/582ce5f850a124cd0c5f6fc14f02a0d2/elements - {"using":"xpath","value":"//*[text()='OK']"}
RESULT: {"using":"xpath","value":"//*[text()='OK']"}
COMMAND: POST /session/582ce5f850a124cd0c5f6fc14f02a0d2/elements - {"using":"xpath","value":"//*[text()='OK']"}
RESULT: {"using":"xpath","value":"//*[text()='OK']"}
COMMAND: POST /session/582ce5f850a124cd0c5f6fc14f02a0d2/elements - {"using":"xpath","value":"//*[text()='OK']"}
RESULT: {"using":"xpath","value":"//*[text()='OK']"}
COMMAND: POST /session/582ce5f850a124cd0c5f6fc14f02a0d2/elements - {"using":"xpath","value":"//*[text()='OK']"}
RESULT: {"using":"xpath","value":"//*[text()='OK']"}
COMMAND: POST /session/582ce5f850a124cd0c5f6fc14f02a0d2/elements - {"using":"xpath","value":"//*[text()='OK']"}
RESULT: {"using":"xpath","value":"//*[text()='OK']"}
COMMAND: POST /session/582ce5f850a124cd0c5f6fc14f02a0d2/elements - {"using":"xpath","value":"//*[text()='OK']"}
RESULT: {"using":"xpath","value":"//*[text()='OK']"}
COMMAND: POST /session/582ce5f850a124cd0c5f6fc14f02a0d2/elements - {"using":"xpath","value":"//*[text()='OK']"}
RESULT: {"using":"xpath","value":"//*[text()='OK']"}
COMMAND: POST /session/582ce5f850a124cd0c5f6fc14f02a0d2/elements - {"using":"xpath","value":"//*[text()='OK']"}
RESULT: {"using":"xpath","value":"//*[text()='OK']"}
COMMAND: POST /session/582ce5f850a124cd0c5f6fc14f02a0d2/elements - {"using":"xpath","value":"//*[text()='OK']"}
RESULT: {"using":"xpath","value":"//*[text()='OK']"}
COMMAND: POST /session/582ce5f850a124cd0c5f6fc14f02a0d2/elements - {"using":"xpath","value":"//*[text()='OK']"}
RESULT: {"using":"xpath","value":"//*[text()='OK']"}
COMMAND: POST /session/582ce5f850a124cd0c5f6fc14f02a0d2/elements - {"using":"xpath","value":"//*[text()='OK']"}
RESULT: {"using":"xpath","value":"//*[text()='OK']"}
COMMAND: POST /session/582ce5f850a124cd0c5f6fc14f02a0d2/elements - {"using":"xpath","value":"//*[text()='OK']"}
RESULT: {"using":"xpath","value":"//*[text()='OK']"}
COMMAND: POST /session/582ce5f850a124cd0c5f6fc14f02a0d2/elements - {"using":"xpath","value":"//*[text()='OK']"}
RESULT: {"using":"xpath","value":"//*[text()='OK']"}
COMMAND: POST /session/582ce5f850a124cd0c5f6fc14f02a0d2/elements - {"using":"xpath","value":"//*[text()='OK']"}
RESULT: {"using":"xpath","value":"//*[text()='OK']"}
COMMAND: POST /session/582ce5f850a124cd0c5f6fc14f02a0d2/elements - {"using":"xpath","value":"//*[text()='OK']"}
RESULT: {"using":"xpath","value":"//*[text()='OK']"}
COMMAND: POST /session/582ce5f850a124cd0c5f6fc14f02a0d2/elements - {"using":"xpath","value":"//*[text()='OK']"}
RESULT: {"using":"xpath","value":"//*[text()='OK']"}
COMMAND: POST /session/582ce5f850a124cd0c5f6fc14f02a0d2/elements - {"using":"xpath","value":"//*[text()='OK']"}
RESULT: {"using":"xpath","value":"//*[text()='OK']"}
COMMAND: POST /session/582ce5f850a124cd0c5f6fc14f02a0d2/elements - {"using":"xpath","value":"//*[text()='OK']"}
RESULT: {"using":"xpath","value":"//*[text()='OK']"}
COMMAND: POST /session/582ce5f850a124cd0c5f6fc14f02a0d2/elements - {"using":"xpath","value":"//*[text()='OK']"}
RESULT: {"using":"xpath","value":"//*[text()='OK']"}
COMMAND: POST /session/582ce5f850a124cd0c5f6fc14f02a0d2/elements - {"using":"xpath","value":"//*[text()='OK']"}
RESULT: {"using":"xpath","value":"//*[text()='OK']"}
COMMAND: POST /session/582ce5f850a124cd0c5f6fc14f02a0d2/elements - {"using":"xpath","value":"//*[text()='OK']"}
RESULT: {"using":"xpath","value":"//*[text()='OK']"}
COMMAND: POST /session/582ce5f850a124cd0c5f6fc14f02a0d2/elements - {"using":"xpath","value":"//*[text()='OK']"}
RESULT: {"using":"xpath","value":"//*[text()='OK']"}
COMMAND: POST /session/582ce5f850a124cd0c5f6fc14f02a0d2/elements - {"using":"xpath","value":"//*[text()='OK']"}
RESULT: {"using":"xpath","value":"//*[text()='OK']"}
COMMAND: POST /session/582ce5f850a124cd0c5f6fc14f02a0d2/elements - {"using":"xpath","value":"//*[text()='OK']"}
RESULT: {"using":"xpath","value":"//*[text()='OK']"}
COMMAND: POST /session/582ce5f850a124cd0c5f6fc14f02a0d2/elements - {"using":"xpath","value":"//*[text()='OK']"}
RESULT: {"using":"xpath","value":"//*[text()='OK']"}
COMMAND: POST /session/582ce5f850a124cd0c5f6fc14f02a0d2/elements - {"using":"xpath","value":"//*[text()='OK']"}
RESULT: {"using":"xpath","value":"//*[text()='OK']"}
COMMAND: POST /session/582ce5f850a124cd0c5f6fc14f02a0d2/elements - {"using":"xpath","value":"//*[text()='OK']"}
RESULT: {"using":"xpath","value":"//*[text()='OK']"}
COMMAND: POST /session/582ce5f850a124cd0c5f6fc14f02a0d2/elements - {"using":"xpath","value":"//*[text()='OK']"}
RESULT: {"using":"xpath","value":"//*[text()='OK']"}
COMMAND: POST /session/582ce5f850a124cd0c5f6fc14f02a0d2/elements - {"using":"xpath","value":"//*[text()='OK']"}
RESULT: {"using":"xpath","value":"//*[text()='OK']"}
COMMAND: POST /session/582ce5f850a124cd0c5f6fc14f02a0d2/elements - {"using":"xpath","value":"//*[text()='OK']"}
RESULT: {"using":"xpath","value":"//*[text()='OK']"}
COMMAND: POST /session/582ce5f850a124cd0c5f6fc14f02a0d2/elements - {"using":"xpath","value":"//*[text()='OK']"}
RESULT: {"using":"xpath","value":"//*[text()='OK']"}
COMMAND: POST /session/582ce5f850a124cd0c5f6fc14f02a0d2/elements - {"using":"xpath","value":"//*[text()='OK']"}
RESULT: {"using":"xpath","value":"//*[text()='OK']"}
COMMAND: POST /session/582ce5f850a124cd0c5f6fc14f02a0d2/elements - {"using":"xpath","value":"//*[text()='OK']"}
RESULT: {"using":"xpath","value":"//*[text()='OK']"}
COMMAND: POST /session/582ce5f850a124cd0c5f6fc14f02a0d2/elements - {"using":"xpath","value":"//*[text()='OK']"}
RESULT: {"using":"xpath","value":"//*[text()='OK']"}
COMMAND: POST /session/582ce5f850a124cd0c5f6fc14f02a0d2/elements - {"using":"xpath","value":"//*[text()='OK']"}
RESULT: {"using":"xpath","value":"//*[text()='OK']"}
COMMAND: POST /session/582ce5f850a124cd0c5f6fc14f02a0d2/elements - {"using":"xpath","value":"//*[text()='OK']"}
RESULT: {"using":"xpath","value":"//*[text()='OK']"}
COMMAND: POST /session/582ce5f850a124cd0c5f6fc14f02a0d2/elements - {"using":"xpath","value":"//*[text()='OK']"}
RESULT: {"using":"xpath","value":"//*[text()='OK']"}
COMMAND: POST /session/582ce5f850a124cd0c5f6fc14f02a0d2/elements - {"using":"xpath","value":"//*[text()='OK']"}
RESULT: {"using":"xpath","value":"//*[text()='OK']"}
COMMAND: POST /session/582ce5f850a124cd0c5f6fc14f02a0d2/elements - {"using":"xpath","value":"//*[text()='OK']"}
RESULT: {"using":"xpath","value":"//*[text()='OK']"}
COMMAND: POST /session/582ce5f850a124cd0c5f6fc14f02a0d2/elements - {"using":"xpath","value":"//*[text()='OK']"}
RESULT: {"using":"xpath","value":"//*[text()='OK']"}
COMMAND: POST /session/582ce5f850a124cd0c5f6fc14f02a0d2/elements - {"using":"xpath","value":"//*[text()='OK']"}
RESULT: {"using":"xpath","value":"//*[text()='OK']"}
COMMAND: POST /session/582ce5f850a124cd0c5f6fc14f02a0d2/elements - {"using":"xpath","value":"//*[text()='OK']"}
RESULT: {"using":"xpath","value":"//*[text()='OK']"}
COMMAND: POST /session/582ce5f850a124cd0c5f6fc14f02a0d2/elements - {"using":"xpath","value":"//*[text()='OK']"}
RESULT: {"using":"xpath","value":"//*[text()='OK']"}
COMMAND: POST /session/582ce5f850a124cd0c5f6fc14f02a0d2/elements - {"using":"xpath","value":"//*[text()='OK']"}
RESULT: {"using":"xpath","value":"//*[text()='OK']"}
COMMAND: POST /session/582ce5f850a124cd0c5f6fc14f02a0d2/elements - {"using":"xpath","value":"//*[text()='OK']"}
RESULT: {"using":"xpath","value":"//*[text()='OK']"}
COMMAND: POST /session/582ce5f850a124cd0c5f6fc14f02a0d2/elements - {"using":"xpath","value":"//*[text()='OK']"}
RESULT: {"using":"xpath","value":"//*[text()='OK']"}
COMMAND: POST /session/582ce5f850a124cd0c5f6fc14f02a0d2/elements - {"using":"xpath","value":"//*[text()='OK']"}
RESULT: {"using":"xpath","value":"//*[text()='OK']"}
COMMAND: POST /session/582ce5f850a124cd0c5f6fc14f02a0d2/elements - {"using":"xpath","value":"//*[text()='OK']"}
RESULT: {"using":"xpath","value":"//*[text()='OK']"}
COMMAND: POST /session/582ce5f850a124cd0c5f6fc14f02a0d2/elements - {"using":"xpath","value":"//*[text()='OK']"}
RESULT: {"using":"xpath","value":"//*[text()='OK']"}
COMMAND: POST /session/582ce5f850a124cd0c5f6fc14f02a0d2/elements - {"using":"xpath","value":"//*[text()='OK']"}
RESULT: {"using":"xpath","value":"//*[text()='OK']"}
COMMAND: POST /session/582ce5f850a124cd0c5f6fc14f02a0d2/elements - {"using":"xpath","value":"//*[text()='OK']"}
RESULT: {"using":"xpath","value":"//*[text()='OK']"}
COMMAND: POST /session/582ce5f850a124cd0c5f6fc14f02a0d2/elements - {"using":"xpath","value":"//*[text()='OK']"}
RESULT: {"using":"xpath","value":"//*[text()='OK']"}
COMMAND: POST /session/582ce5f850a124cd0c5f6fc14f02a0d2/elements - {"using":"xpath","value":"//*[text()='OK']"}
RESULT: {"using":"xpath","value":"//*[text()='OK']"}
COMMAND: POST /session/582ce5f850a124cd0c5f6fc14f02a0d2/elements - {"using":"xpath","value":"//*[text()='OK']"}
RESULT: {"using":"xpath","value":"//*[text()='OK']"}
COMMAND: POST /session/582ce5f850a124cd0c5f6fc14f02a0d2/elements - {"using":"xpath","value":"//*[text()='OK']"}
RESULT: {"using":"xpath","value":"//*[text()='OK']"}
COMMAND: POST /session/582ce5f850a124cd0c5f6fc14f02a0d2/elements - {"using":"xpath","value":"//*[text()='OK']"}
RESULT: {"using":"xpath","value":"//*[text()='OK']"}
COMMAND: POST /session/582ce5f850a124cd0c5f6fc14f02a0d2/elements - {"using":"xpath","value":"//*[text()='OK']"}
RESULT: {"using":"xpath","value":"//*[text()='OK']"}
COMMAND: POST /session/582ce5f850a124cd0c5f6fc14f02a0d2/elements - {"using":"xpath","value":"//*[text()='OK']"}
RESULT: {"using":"xpath","value":"//*[text()='OK']"}
COMMAND: POST /session/582ce5f850a124cd0c5f6fc14f02a0d2/elements - {"using":"xpath","value":"//*[text()='OK']"}
RESULT: {"using":"xpath","value":"//*[text()='OK']"}
COMMAND: POST /session/582ce5f850a124cd0c5f6fc14f02a0d2/elements - {"using":"xpath","value":"//*[text()='OK']"}
RESULT: {"using":"xpath","value":"//*[text()='OK']"}
COMMAND: POST /session/582ce5f850a124cd0c5f6fc14f02a0d2/elements - {"using":"xpath","value":"//*[text()='OK']"}
RESULT: {"using":"xpath","value":"//*[text()='OK']"}
COMMAND: POST /session/582ce5f850a124cd0c5f6fc14f02a0d2/elements - {"using":"xpath","value":"//*[text()='OK']"}
RESULT: {"using":"xpath","value":"//*[text()='OK']"}
COMMAND: POST /session/582ce5f850a124cd0c5f6fc14f02a0d2/elements - {"using":"xpath","value":"//*[text()='OK']"}
RESULT: {"using":"xpath","value":"//*[text()='OK']"}
COMMAND: POST /session/582ce5f850a124cd0c5f6fc14f02a0d2/elements - {"using":"xpath","value":"//*[text()='OK']"}
RESULT: {"using":"xpath","value":"//*[text()='OK']"}
COMMAND: POST /session/582ce5f850a124cd0c5f6fc14f02a0d2/elements - {"using":"xpath","value":"//*[text()='OK']"}
RESULT: {"using":"xpath","value":"//*[text()='OK']"}
COMMAND: POST /session/582ce5f850a124cd0c5f6fc14f02a0d2/elements - {"using":"xpath","value":"//*[text()='OK']"}
RESULT: {"using":"xpath","value":"//*[text()='OK']"}
COMMAND: POST /session/582ce5f850a124cd0c5f6fc14f02a0d2/elements - {"using":"xpath","value":"//*[text()='OK']"}
RESULT: {"using":"xpath","value":"//*[text()='OK']"}
COMMAND: POST /session/582ce5f850a124cd0c5f6fc14f02a0d2/elements - {"using":"xpath","value":"//*[text()='OK']"}
RESULT: {"using":"xpath","value":"//*[text()='OK']"}
COMMAND: POST /session/582ce5f850a124cd0c5f6fc14f02a0d2/elements - {"using":"xpath","value":"//*[text()='OK']"}
RESULT: {"using":"xpath","value":"//*[text()='OK']"}
COMMAND: POST /session/582ce5f850a124cd0c5f6fc14f02a0d2/elements - {"using":"xpath","value":"//*[text()='OK']"}
RESULT: {"using":"xpath","value":"//*[text()='OK']"}
COMMAND: POST /session/582ce5f850a124cd0c5f6fc14f02a0d2/elements - {"using":"xpath","value":"//*[text()='OK']"}
RESULT: {"using":"xpath","value":"//*[text()='OK']"}
COMMAND: POST /session/582ce5f850a124cd0c5f6fc14f02a0d2/elements - {"using":"xpath","value":"//*[text()='OK']"}
RESULT: {"using":"xpath","value":"//*[text()='OK']"}
COMMAND: POST /session/582ce5f850a124cd0c5f6fc14f02a0d2/elements - {"using":"xpath","value":"//*[text()='OK']"}
RESULT: {"using":"xpath","value":"//*[text()='OK']"}
COMMAND: POST /session/582ce5f850a124cd0c5f6fc14f02a0d2/elements - {"using":"xpath","value":"//*[text()='OK']"}
RESULT: {"using":"xpath","value":"//*[text()='OK']"}
COMMAND: POST /session/582ce5f850a124cd0c5f6fc14f02a0d2/elements - {"using":"xpath","value":"//*[text()='OK']"}
RESULT: {"using":"xpath","value":"//*[text()='OK']"}
COMMAND: POST /session/582ce5f850a124cd0c5f6fc14f02a0d2/elements - {"using":"xpath","value":"//*[text()='OK']"}
RESULT: {"using":"xpath","value":"//*[text()='OK']"}
COMMAND: POST /session/582ce5f850a124cd0c5f6fc14f02a0d2/elements - {"using":"xpath","value":"//*[text()='OK']"}
RESULT: {"using":"xpath","value":"//*[text()='OK']"}
COMMAND: POST /session/582ce5f850a124cd0c5f6fc14f02a0d2/elements - {"using":"xpath","value":"//*[text()='OK']"}
RESULT: {"using":"xpath","value":"//*[text()='OK']"}
COMMAND: POST /session/582ce5f850a124cd0c5f6fc14f02a0d2/elements - {"using":"xpath","value":"//*[text()='OK']"}
RESULT: {"using":"xpath","value":"//*[text()='OK']"}
COMMAND: POST /session/582ce5f850a124cd0c5f6fc14f02a0d2/elements - {"using":"xpath","value":"//*[text()='OK']"}
RESULT: {"using":"xpath","value":"//*[text()='OK']"}
COMMAND: POST /session/582ce5f850a124cd0c5f6fc14f02a0d2/elements - {"using":"xpath","value":"//*[text()='OK']"}
RESULT: {"using":"xpath","value":"//*[text()='OK']"}
COMMAND: POST /session/582ce5f850a124cd0c5f6fc14f02a0d2/elements - {"using":"xpath","value":"//*[text()='OK']"}
RESULT: {"using":"xpath","value":"//*[text()='OK']"}
COMMAND: POST /session/582ce5f850a124cd0c5f6fc14f02a0d2/elements - {"using":"xpath","value":"//*[text()='OK']"}
RESULT: {"using":"xpath","value":"//*[text()='OK']"}
COMMAND: POST /session/582ce5f850a124cd0c5f6fc14f02a0d2/element - {"using":"xpath","value":"//*[text()='provide (prepared)']"}
RESULT: {"using":"xpath","value":"//*[text()='provide (prepared)']"}
COMMAND: GET /session/582ce5f850a124cd0c5f6fc14f02a0d2/element/f.92142B0E1996143B500ED3F2A7F6BA2F.d.044BB02D5BF1467EB4587C49E537F49C.e.13598/text - {}
RESULT: {}
COMMAND: POST /session/582ce5f850a124cd0c5f6fc14f02a0d2/element - {"using":"xpath","value":"//*[contains(text(), \"Instructions\")][@class=\"sapMITHTextContent\"]"}
RESULT: {"using":"xpath","value":"//*[contains(text(), \"Instructions\")][@class=\"sapMITHTextContent\"]"}
COMMAND: POST /session/582ce5f850a124cd0c5f6fc14f02a0d2/execute/sync - {"script":"<script> [8489 bytes]","args":[{"element-6066-11e4-a52e-4f735466cecf":"f.92142B0E1996143B500ED3F2A7F6BA2F.d.044BB02D5BF1467EB4587C49E537F49C.e.13599","ELEMENT":"f.92142B0E1996143B500ED3F2A7F6BA2F.d.044BB02D5BF1467EB4587C49E537F49C.e.13599"}]}
RESULT: {"script":"<script> [8489 bytes]","args":[{"element-6066-11e4-a52e-4f735466cecf":"f.92142B0E1996143B500ED3F2A7F6BA2F.d.044BB02D5BF1467EB4587C49E537F49C.e.13599","ELEMENT":"f.92142B0E1996143B500ED3F2A7F6BA2F.d.044BB02D5BF1467EB4587C49E537F49C.e.13599"}]}
COMMAND: POST /session/582ce5f850a124cd0c5f6fc14f02a0d2/execute/sync - {"script":"<script> [5351 bytes]","args":[{"element-6066-11e4-a52e-4f735466cecf":"f.92142B0E1996143B500ED3F2A7F6BA2F.d.044BB02D5BF1467EB4587C49E537F49C.e.13599","ELEMENT":"f.92142B0E1996143B500ED3F2A7F6BA2F.d.044BB02D5BF1467EB4587C49E537F49C.e.13599"}]}
COMMAND: GET /session/582ce5f850a124cd0c5f6fc14f02a0d2/screenshot - {}
RESULT: {"script":"<script> [5351 bytes]","args":[{"element-6066-11e4-a52e-4f735466cecf":"f.92142B0E1996143B500ED3F2A7F6BA2F.d.044BB02D5BF1467EB4587C49E537F49C.e.13599","ELEMENT":"f.92142B0E1996143B500ED3F2A7F6BA2F.d.044BB02D5BF1467EB4587C49E537F49C.e.13599"}]}
COMMAND: POST /session/582ce5f850a124cd0c5f6fc14f02a0d2/element/f.92142B0E1996143B500ED3F2A7F6BA2F.d.044BB02D5BF1467EB4587C49E537F49C.e.13599/click - {}
COMMAND: GET /session/582ce5f850a124cd0c5f6fc14f02a0d2/screenshot - {}
RESULT: {}
RESULT: {}
COMMAND: POST /session/582ce5f850a124cd0c5f6fc14f02a0d2/actions - {"actions":[{"id":"action55","type":"key","parameters":{},"actions":[{"type":"keyDown","value":"î€‡"},{"type":"pause","duration":10},{"type":"keyUp","value":"î€‡"}]}]}
COMMAND: GET /session/582ce5f850a124cd0c5f6fc14f02a0d2/screenshot - {}
RESULT: {}
RESULT: {"actions":[{"id":"action55","type":"key","parameters":{},"actions":[{"type":"keyDown","value":"î€‡"},{"type":"pause","duration":10},{"type":"keyUp","value":"î€‡"}]}]}
COMMAND: POST /session/582ce5f850a124cd0c5f6fc14f02a0d2/element - {"using":"css selector","value":"#pickDialog--hoItemsTable-sa-CbBg"}
COMMAND: GET /session/582ce5f850a124cd0c5f6fc14f02a0d2/screenshot - {}
RESULT: {}
RESULT: {"using":"css selector","value":"#pickDialog--hoItemsTable-sa-CbBg"}
COMMAND: GET /session/582ce5f850a124cd0c5f6fc14f02a0d2/element/f.92142B0E1996143B500ED3F2A7F6BA2F.d.044BB02D5BF1467EB4587C49E537F49C.e.13607/enabled - {}
RESULT: {}
RESULT: {}
COMMAND: POST /session/582ce5f850a124cd0c5f6fc14f02a0d2/execute/sync - {"script":"<script> [8489 bytes]","args":[{"element-6066-11e4-a52e-4f735466cecf":"f.92142B0E1996143B500ED3F2A7F6BA2F.d.044BB02D5BF1467EB4587C49E537F49C.e.13607","ELEMENT":"f.92142B0E1996143B500ED3F2A7F6BA2F.d.044BB02D5BF1467EB4587C49E537F49C.e.13607"}]}
COMMAND: GET /session/582ce5f850a124cd0c5f6fc14f02a0d2/screenshot - {}
RESULT: {"script":"<script> [8489 bytes]","args":[{"element-6066-11e4-a52e-4f735466cecf":"f.92142B0E1996143B500ED3F2A7F6BA2F.d.044BB02D5BF1467EB4587C49E537F49C.e.13607","ELEMENT":"f.92142B0E1996143B500ED3F2A7F6BA2F.d.044BB02D5BF1467EB4587C49E537F49C.e.13607"}]}
COMMAND: POST /session/582ce5f850a124cd0c5f6fc14f02a0d2/execute/sync - {"script":"<script> [5351 bytes]","args":[{"element-6066-11e4-a52e-4f735466cecf":"f.92142B0E1996143B500ED3F2A7F6BA2F.d.044BB02D5BF1467EB4587C49E537F49C.e.13607","ELEMENT":"f.92142B0E1996143B500ED3F2A7F6BA2F.d.044BB02D5BF1467EB4587C49E537F49C.e.13607"}]}
COMMAND: GET /session/582ce5f850a124cd0c5f6fc14f02a0d2/screenshot - {}
RESULT: {}
RESULT: {"script":"<script> [5351 bytes]","args":[{"element-6066-11e4-a52e-4f735466cecf":"f.92142B0E1996143B500ED3F2A7F6BA2F.d.044BB02D5BF1467EB4587C49E537F49C.e.13607","ELEMENT":"f.92142B0E1996143B500ED3F2A7F6BA2F.d.044BB02D5BF1467EB4587C49E537F49C.e.13607"}]}
COMMAND: POST /session/582ce5f850a124cd0c5f6fc14f02a0d2/element/f.92142B0E1996143B500ED3F2A7F6BA2F.d.044BB02D5BF1467EB4587C49E537F49C.e.13607/click - {}
COMMAND: GET /session/582ce5f850a124cd0c5f6fc14f02a0d2/screenshot - {}
RESULT: {}
RESULT: {}
COMMAND: POST /session/582ce5f850a124cd0c5f6fc14f02a0d2/element - {"using":"xpath","value":"//bdi[text()='Confirm All']"}
COMMAND: GET /session/582ce5f850a124cd0c5f6fc14f02a0d2/screenshot - {}
RESULT: {}
RESULT: {"using":"xpath","value":"//bdi[text()='Confirm All']"}
COMMAND: GET /session/582ce5f850a124cd0c5f6fc14f02a0d2/element/f.92142B0E1996143B500ED3F2A7F6BA2F.d.044BB02D5BF1467EB4587C49E537F49C.e.13610/enabled - {}
RESULT: {}
RESULT: {}
COMMAND: POST /session/582ce5f850a124cd0c5f6fc14f02a0d2/execute/sync - {"script":"<script> [8489 bytes]","args":[{"element-6066-11e4-a52e-4f735466cecf":"f.92142B0E1996143B500ED3F2A7F6BA2F.d.044BB02D5BF1467EB4587C49E537F49C.e.13610","ELEMENT":"f.92142B0E1996143B500ED3F2A7F6BA2F.d.044BB02D5BF1467EB4587C49E537F49C.e.13610"}]}
COMMAND: GET /session/582ce5f850a124cd0c5f6fc14f02a0d2/screenshot - {}
RESULT: {"script":"<script> [8489 bytes]","args":[{"element-6066-11e4-a52e-4f735466cecf":"f.92142B0E1996143B500ED3F2A7F6BA2F.d.044BB02D5BF1467EB4587C49E537F49C.e.13610","ELEMENT":"f.92142B0E1996143B500ED3F2A7F6BA2F.d.044BB02D5BF1467EB4587C49E537F49C.e.13610"}]}
COMMAND: POST /session/582ce5f850a124cd0c5f6fc14f02a0d2/execute/sync - {"script":"<script> [5351 bytes]","args":[{"element-6066-11e4-a52e-4f735466cecf":"f.92142B0E1996143B500ED3F2A7F6BA2F.d.044BB02D5BF1467EB4587C49E537F49C.e.13610","ELEMENT":"f.92142B0E1996143B500ED3F2A7F6BA2F.d.044BB02D5BF1467EB4587C49E537F49C.e.13610"}]}
COMMAND: GET /session/582ce5f850a124cd0c5f6fc14f02a0d2/screenshot - {}
RESULT: {}
RESULT: {"script":"<script> [5351 bytes]","args":[{"element-6066-11e4-a52e-4f735466cecf":"f.92142B0E1996143B500ED3F2A7F6BA2F.d.044BB02D5BF1467EB4587C49E537F49C.e.13610","ELEMENT":"f.92142B0E1996143B500ED3F2A7F6BA2F.d.044BB02D5BF1467EB4587C49E537F49C.e.13610"}]}
COMMAND: POST /session/582ce5f850a124cd0c5f6fc14f02a0d2/element/f.92142B0E1996143B500ED3F2A7F6BA2F.d.044BB02D5BF1467EB4587C49E537F49C.e.13610/click - {}
COMMAND: GET /session/582ce5f850a124cd0c5f6fc14f02a0d2/screenshot - {}
RESULT: {}
RESULT: {}
COMMAND: GET /session/582ce5f850a124cd0c5f6fc14f02a0d2/screenshot - {}
RESULT: {}
RESULT: {}
COMMAND: POST /session/582ce5f850a124cd0c5f6fc14f02a0d2/actions - {"actions":[{"id":"action56","type":"key","parameters":{},"actions":[{"type":"keyDown","value":"î€‡"},{"type":"pause","duration":10},{"type":"keyUp","value":"î€‡"}]}]}
RESULT: {"actions":[{"id":"action56","type":"key","parameters":{},"actions":[{"type":"keyDown","value":"î€‡"},{"type":"pause","duration":10},{"type":"keyUp","value":"î€‡"}]}]}
COMMAND: POST /session/582ce5f850a124cd0c5f6fc14f02a0d2/actions - {"actions":[{"id":"action57","type":"key","parameters":{},"actions":[{"type":"keyDown","value":"î€‡"},{"type":"pause","duration":10},{"type":"keyUp","value":"î€‡"}]}]}
COMMAND: GET /session/582ce5f850a124cd0c5f6fc14f02a0d2/screenshot - {}
RESULT: {"actions":[{"id":"action57","type":"key","parameters":{},"actions":[{"type":"keyDown","value":"î€‡"},{"type":"pause","duration":10},{"type":"keyUp","value":"î€‡"}]}]}
COMMAND: POST /session/582ce5f850a124cd0c5f6fc14f02a0d2/execute/async - {"script":"<script> [1562 bytes]","args":[{"selector":{"id":"statesDialog--okBttnStatesDialog","searchOpenDialogs":true,"interaction":{"idSuffix":"BDI-content"}},"wdio_ui5_key":"statesDialogokBttnStatesDialog"}]}
COMMAND: GET /session/582ce5f850a124cd0c5f6fc14f02a0d2/screenshot - {}
RESULT: {}
RESULT: {"script":"<script> [1562 bytes]","args":[{"selector":{"id":"statesDialog--okBttnStatesDialog","searchOpenDialogs":true,"interaction":{"idSuffix":"BDI-content"}},"wdio_ui5_key":"statesDialogokBttnStatesDialog"}]}
RESULT: undefined
RESULT: {}
RESULT: undefined
RESULT: undefined
COMMAND: POST /session/582ce5f850a124cd0c5f6fc14f02a0d2/actions - {"actions":[{"id":"action58","type":"key","parameters":{},"actions":[{"type":"keyDown","value":"î€‡"},{"type":"pause","duration":10},{"type":"keyUp","value":"î€‡"}]}]}
RESULT: {"actions":[{"id":"action58","type":"key","parameters":{},"actions":[{"type":"keyDown","value":"î€‡"},{"type":"pause","duration":10},{"type":"keyUp","value":"î€‡"}]}]}
COMMAND: POST /session/582ce5f850a124cd0c5f6fc14f02a0d2/execute/async - {"script":"<script> [1562 bytes]","args":[{"selector":{"controlType":"sap.m.Text","viewName":"etm.portal.ui.managehandovers.view.DetailExecuteHO","bindingPath":{"propertyPath":"NO","modelName":"catalogModel"}},"wdio_ui5_key":"etmportal.ui.managehandovers.view.DetailExecuteHOsap.m.Text{\"propertyPath\":\"NO\",\"modelName\":\"catalogModel\"}"}]}
COMMAND: GET /session/582ce5f850a124cd0c5f6fc14f02a0d2/screenshot - {}
RESULT: {"script":"<script> [1562 bytes]","args":[{"selector":{"controlType":"sap.m.Text","viewName":"etm.portal.ui.managehandovers.view.DetailExecuteHO","bindingPath":{"propertyPath":"NO","modelName":"catalogModel"}},"wdio_ui5_key":"etmportal.ui.managehandovers.view.DetailExecuteHOsap.m.Text{\"propertyPath\":\"NO\",\"modelName\":\"catalogModel\"}"}]}
RESULT: undefined
COMMAND: POST /session/582ce5f850a124cd0c5f6fc14f02a0d2/execute/async - {"script":"<script> [6424 bytes]","args":[{"element-6066-11e4-a52e-4f735466cecf":"f.92142B0E1996143B500ED3F2A7F6BA2F.d.044BB02D5BF1467EB4587C49E537F49C.e.13616"},"getText",[]]}
RESULT: {}
RESULT: {"script":"<script> [6424 bytes]","args":[{"element-6066-11e4-a52e-4f735466cecf":"f.92142B0E1996143B500ED3F2A7F6BA2F.d.044BB02D5BF1467EB4587C49E537F49C.e.13616"},"getText",[]]}
COMMAND: POST /session/582ce5f850a124cd0c5f6fc14f02a0d2/actions - {"actions":[{"id":"action59","type":"key","parameters":{},"actions":[{"type":"keyDown","value":"î€‡"},{"type":"pause","duration":10},{"type":"keyUp","value":"î€‡"}]}]}
RESULT: {"actions":[{"id":"action59","type":"key","parameters":{},"actions":[{"type":"keyDown","value":"î€‡"},{"type":"pause","duration":10},{"type":"keyUp","value":"î€‡"}]}]}
COMMAND: GET /session/582ce5f850a124cd0c5f6fc14f02a0d2/screenshot - {}
RESULT: {}
COMMAND: POST /session/582ce5f850a124cd0c5f6fc14f02a0d2/element - {"using":"xpath","value":"//bdi[text()='OK']"}
RESULT: {"using":"xpath","value":"//bdi[text()='OK']"}
COMMAND: POST /session/582ce5f850a124cd0c5f6fc14f02a0d2/element - {"using":"xpath","value":"//bdi[text()='OK']"}
RESULT: {"using":"xpath","value":"//bdi[text()='OK']"}
COMMAND: POST /session/582ce5f850a124cd0c5f6fc14f02a0d2/actions - {"actions":[{"id":"action60","type":"key","parameters":{},"actions":[{"type":"keyDown","value":"î€‡"},{"type":"pause","duration":10},{"type":"keyUp","value":"î€‡"}]}]}
RESULT: {"actions":[{"id":"action60","type":"key","parameters":{},"actions":[{"type":"keyDown","value":"î€‡"},{"type":"pause","duration":10},{"type":"keyUp","value":"î€‡"}]}]}
COMMAND: POST /session/582ce5f850a124cd0c5f6fc14f02a0d2/element - {"using":"xpath","value":"//bdi[(text() = 'Confirm' or . = 'Confirm')]"}
COMMAND: GET /session/582ce5f850a124cd0c5f6fc14f02a0d2/screenshot - {}
RESULT: {"using":"xpath","value":"//bdi[(text() = 'Confirm' or . = 'Confirm')]"}
COMMAND: POST /session/582ce5f850a124cd0c5f6fc14f02a0d2/execute/sync - {"script":"<script> [8489 bytes]","args":[{"element-6066-11e4-a52e-4f735466cecf":"f.92142B0E1996143B500ED3F2A7F6BA2F.d.044BB02D5BF1467EB4587C49E537F49C.e.13620","ELEMENT":"f.92142B0E1996143B500ED3F2A7F6BA2F.d.044BB02D5BF1467EB4587C49E537F49C.e.13620"}]}
RESULT: {}
RESULT: {"script":"<script> [8489 bytes]","args":[{"element-6066-11e4-a52e-4f735466cecf":"f.92142B0E1996143B500ED3F2A7F6BA2F.d.044BB02D5BF1467EB4587C49E537F49C.e.13620","ELEMENT":"f.92142B0E1996143B500ED3F2A7F6BA2F.d.044BB02D5BF1467EB4587C49E537F49C.e.13620"}]}
COMMAND: POST /session/582ce5f850a124cd0c5f6fc14f02a0d2/execute/sync - {"script":"<script> [8489 bytes]","args":[{"element-6066-11e4-a52e-4f735466cecf":"f.92142B0E1996143B500ED3F2A7F6BA2F.d.044BB02D5BF1467EB4587C49E537F49C.e.13620","ELEMENT":"f.92142B0E1996143B500ED3F2A7F6BA2F.d.044BB02D5BF1467EB4587C49E537F49C.e.13620"}]}
COMMAND: GET /session/582ce5f850a124cd0c5f6fc14f02a0d2/screenshot - {}
RESULT: {"script":"<script> [8489 bytes]","args":[{"element-6066-11e4-a52e-4f735466cecf":"f.92142B0E1996143B500ED3F2A7F6BA2F.d.044BB02D5BF1467EB4587C49E537F49C.e.13620","ELEMENT":"f.92142B0E1996143B500ED3F2A7F6BA2F.d.044BB02D5BF1467EB4587C49E537F49C.e.13620"}]}
COMMAND: POST /session/582ce5f850a124cd0c5f6fc14f02a0d2/execute/sync - {"script":"<script> [5351 bytes]","args":[{"element-6066-11e4-a52e-4f735466cecf":"f.92142B0E1996143B500ED3F2A7F6BA2F.d.044BB02D5BF1467EB4587C49E537F49C.e.13620","ELEMENT":"f.92142B0E1996143B500ED3F2A7F6BA2F.d.044BB02D5BF1467EB4587C49E537F49C.e.13620"}]}
COMMAND: GET /session/582ce5f850a124cd0c5f6fc14f02a0d2/screenshot - {}
RESULT: {}
RESULT: {}
RESULT: {"script":"<script> [5351 bytes]","args":[{"element-6066-11e4-a52e-4f735466cecf":"f.92142B0E1996143B500ED3F2A7F6BA2F.d.044BB02D5BF1467EB4587C49E537F49C.e.13620","ELEMENT":"f.92142B0E1996143B500ED3F2A7F6BA2F.d.044BB02D5BF1467EB4587C49E537F49C.e.13620"}]}
COMMAND: POST /session/582ce5f850a124cd0c5f6fc14f02a0d2/actions - {"actions":[{"id":"action61","type":"key","parameters":{},"actions":[{"type":"keyDown","value":"î€‡"},{"type":"pause","duration":10},{"type":"keyUp","value":"î€‡"}]}]}
COMMAND: GET /session/582ce5f850a124cd0c5f6fc14f02a0d2/screenshot - {}
RESULT: {"actions":[{"id":"action61","type":"key","parameters":{},"actions":[{"type":"keyDown","value":"î€‡"},{"type":"pause","duration":10},{"type":"keyUp","value":"î€‡"}]}]}
COMMAND: POST /session/582ce5f850a124cd0c5f6fc14f02a0d2/element - {"using":"xpath","value":"(//bdi[text()='Pick'])[1]"}
COMMAND: GET /session/582ce5f850a124cd0c5f6fc14f02a0d2/screenshot - {}
RESULT: {}
RESULT: {"using":"xpath","value":"(//bdi[text()='Pick'])[1]"}
COMMAND: GET /session/582ce5f850a124cd0c5f6fc14f02a0d2/element/f.92142B0E1996143B500ED3F2A7F6BA2F.d.044BB02D5BF1467EB4587C49E537F49C.e.13622/enabled - {}
RESULT: {}
RESULT: {}
COMMAND: POST /session/582ce5f850a124cd0c5f6fc14f02a0d2/execute/sync - {"script":"<script> [8489 bytes]","args":[{"element-6066-11e4-a52e-4f735466cecf":"f.92142B0E1996143B500ED3F2A7F6BA2F.d.044BB02D5BF1467EB4587C49E537F49C.e.13622","ELEMENT":"f.92142B0E1996143B500ED3F2A7F6BA2F.d.044BB02D5BF1467EB4587C49E537F49C.e.13622"}]}
COMMAND: GET /session/582ce5f850a124cd0c5f6fc14f02a0d2/screenshot - {}
RESULT: {"script":"<script> [8489 bytes]","args":[{"element-6066-11e4-a52e-4f735466cecf":"f.92142B0E1996143B500ED3F2A7F6BA2F.d.044BB02D5BF1467EB4587C49E537F49C.e.13622","ELEMENT":"f.92142B0E1996143B500ED3F2A7F6BA2F.d.044BB02D5BF1467EB4587C49E537F49C.e.13622"}]}
COMMAND: POST /session/582ce5f850a124cd0c5f6fc14f02a0d2/execute/sync - {"script":"<script> [5351 bytes]","args":[{"element-6066-11e4-a52e-4f735466cecf":"f.92142B0E1996143B500ED3F2A7F6BA2F.d.044BB02D5BF1467EB4587C49E537F49C.e.13622","ELEMENT":"f.92142B0E1996143B500ED3F2A7F6BA2F.d.044BB02D5BF1467EB4587C49E537F49C.e.13622"}]}
COMMAND: GET /session/582ce5f850a124cd0c5f6fc14f02a0d2/screenshot - {}
RESULT: {}
RESULT: {"script":"<script> [5351 bytes]","args":[{"element-6066-11e4-a52e-4f735466cecf":"f.92142B0E1996143B500ED3F2A7F6BA2F.d.044BB02D5BF1467EB4587C49E537F49C.e.13622","ELEMENT":"f.92142B0E1996143B500ED3F2A7F6BA2F.d.044BB02D5BF1467EB4587C49E537F49C.e.13622"}]}
COMMAND: POST /session/582ce5f850a124cd0c5f6fc14f02a0d2/element/f.92142B0E1996143B500ED3F2A7F6BA2F.d.044BB02D5BF1467EB4587C49E537F49C.e.13622/click - {}
COMMAND: GET /session/582ce5f850a124cd0c5f6fc14f02a0d2/screenshot - {}
RESULT: {}
RESULT: {}
COMMAND: POST /session/582ce5f850a124cd0c5f6fc14f02a0d2/actions - {"actions":[{"id":"action62","type":"key","parameters":{},"actions":[{"type":"keyDown","value":"î€‡"},{"type":"pause","duration":10},{"type":"keyUp","value":"î€‡"}]}]}
COMMAND: GET /session/582ce5f850a124cd0c5f6fc14f02a0d2/screenshot - {}
RESULT: {}
RESULT: {"actions":[{"id":"action62","type":"key","parameters":{},"actions":[{"type":"keyDown","value":"î€‡"},{"type":"pause","duration":10},{"type":"keyUp","value":"î€‡"}]}]}
COMMAND: GET /session/582ce5f850a124cd0c5f6fc14f02a0d2/screenshot - {}
RESULT: {}
RESULT: {}
COMMAND: POST /session/582ce5f850a124cd0c5f6fc14f02a0d2/execute/async - {"script":"<script> [1562 bytes]","args":[{"selector":{"controlType":"sap.m.SearchField","viewName":"etm.portal.ui.managehandovers.view.MasterHO","bindingPath":{"path":"","propertyPath":"/_BASIC_SEARCH_FIELD","modelName":"fi1t3rM0d31"},"interaction":{"idSuffix":"I"}},"wdio_ui5_key":"etmportal.ui.managehandovers.view.MasterHOsap.m.SearchField{\"path\":\"\",\"propertyPath\":\"/_BASIC_SEARCH_FIELD\",\"modelName\":\"fi1t3rM0d31\"}"}]}
RESULT: {"script":"<script> [1562 bytes]","args":[{"selector":{"controlType":"sap.m.SearchField","viewName":"etm.portal.ui.managehandovers.view.MasterHO","bindingPath":{"path":"","propertyPath":"/_BASIC_SEARCH_FIELD","modelName":"fi1t3rM0d31"},"interaction":{"idSuffix":"I"}},"wdio_ui5_key":"etmportal.ui.managehandovers.view.MasterHOsap.m.SearchField{\"path\":\"\",\"propertyPath\":\"/_BASIC_SEARCH_FIELD\",\"modelName\":\"fi1t3rM0d31\"}"}]}
RESULT: undefined
COMMAND: POST /session/582ce5f850a124cd0c5f6fc14f02a0d2/execute/async - {"script":"<script> [776 bytes]","args":[{"enterText":"30495","selector":{"controlType":"sap.m.SearchField","viewName":"etm.portal.ui.managehandovers.view.MasterHO","bindingPath":{"path":"","propertyPath":"/_BASIC_SEARCH_FIELD","modelName":"fi1t3rM0d31"},"interaction":{"idSuffix":"I"}},"clearTextFirst":true,"interactionType":"ENTER_TEXT"}]}
RESULT: {"script":"<script> [776 bytes]","args":[{"enterText":"30495","selector":{"controlType":"sap.m.SearchField","viewName":"etm.portal.ui.managehandovers.view.MasterHO","bindingPath":{"path":"","propertyPath":"/_BASIC_SEARCH_FIELD","modelName":"fi1t3rM0d31"},"interaction":{"idSuffix":"I"}},"clearTextFirst":true,"interactionType":"ENTER_TEXT"}]}
COMMAND: POST /session/582ce5f850a124cd0c5f6fc14f02a0d2/actions - {"actions":[{"id":"action63","type":"key","parameters":{},"actions":[{"type":"keyDown","value":"î€‡"},{"type":"pause","duration":10},{"type":"keyUp","value":"î€‡"}]}]}
RESULT: {"actions":[{"id":"action63","type":"key","parameters":{},"actions":[{"type":"keyDown","value":"î€‡"},{"type":"pause","duration":10},{"type":"keyUp","value":"î€‡"}]}]}
COMMAND: GET /session/582ce5f850a124cd0c5f6fc14f02a0d2/screenshot - {}
RESULT: {}
COMMAND: POST /session/582ce5f850a124cd0c5f6fc14f02a0d2/execute/async - {"script":"<script> [1562 bytes]","args":[{"selector":{"controlType":"sap.ui.core.Icon","viewName":"etm.portal.ui.managehandovers.view.MasterHO","properties":{"src":{"regex":{"source":"slim\\-arrow\\-right"}}}},"wdio_ui5_key":"etmportal.ui.managehandovers.view.MasterHOsap.ui.core.Icon{\"src\":{\"regex\":{\"source\":\"slim\\\\-arrow\\\\-right\"}}}"}]}
RESULT: {"script":"<script> [1562 bytes]","args":[{"selector":{"controlType":"sap.ui.core.Icon","viewName":"etm.portal.ui.managehandovers.view.MasterHO","properties":{"src":{"regex":{"source":"slim\\-arrow\\-right"}}}},"wdio_ui5_key":"etmportal.ui.managehandovers.view.MasterHOsap.ui.core.Icon{\"src\":{\"regex\":{\"source\":\"slim\\\\-arrow\\\\-right\"}}}"}]}
RESULT: undefined
COMMAND: POST /session/582ce5f850a124cd0c5f6fc14f02a0d2/element - {"using":"xpath","value":"//*[@id=\"__item2892-__clone8149-imgNav\"]"}
RESULT: {"using":"xpath","value":"//*[@id=\"__item2892-__clone8149-imgNav\"]"}
COMMAND: POST /session/582ce5f850a124cd0c5f6fc14f02a0d2/element/f.92142B0E1996143B500ED3F2A7F6BA2F.d.044BB02D5BF1467EB4587C49E537F49C.e.13954/click - {}
RESULT: {}
COMMAND: POST /session/582ce5f850a124cd0c5f6fc14f02a0d2/element - {"using":"xpath","value":"(//span[text()='Instructions'])[2]"}
COMMAND: GET /session/582ce5f850a124cd0c5f6fc14f02a0d2/screenshot - {}
RESULT: {"using":"xpath","value":"(//span[text()='Instructions'])[2]"}
COMMAND: GET /session/582ce5f850a124cd0c5f6fc14f02a0d2/element/f.92142B0E1996143B500ED3F2A7F6BA2F.d.044BB02D5BF1467EB4587C49E537F49C.e.13599/enabled - {}
RESULT: {}
RESULT: {}
COMMAND: POST /session/582ce5f850a124cd0c5f6fc14f02a0d2/execute/sync - {"script":"<script> [8489 bytes]","args":[{"element-6066-11e4-a52e-4f735466cecf":"f.92142B0E1996143B500ED3F2A7F6BA2F.d.044BB02D5BF1467EB4587C49E537F49C.e.13599","ELEMENT":"f.92142B0E1996143B500ED3F2A7F6BA2F.d.044BB02D5BF1467EB4587C49E537F49C.e.13599"}]}
COMMAND: GET /session/582ce5f850a124cd0c5f6fc14f02a0d2/screenshot - {}
RESULT: {"script":"<script> [8489 bytes]","args":[{"element-6066-11e4-a52e-4f735466cecf":"f.92142B0E1996143B500ED3F2A7F6BA2F.d.044BB02D5BF1467EB4587C49E537F49C.e.13599","ELEMENT":"f.92142B0E1996143B500ED3F2A7F6BA2F.d.044BB02D5BF1467EB4587C49E537F49C.e.13599"}]}
COMMAND: POST /session/582ce5f850a124cd0c5f6fc14f02a0d2/execute/sync - {"script":"<script> [5351 bytes]","args":[{"element-6066-11e4-a52e-4f735466cecf":"f.92142B0E1996143B500ED3F2A7F6BA2F.d.044BB02D5BF1467EB4587C49E537F49C.e.13599","ELEMENT":"f.92142B0E1996143B500ED3F2A7F6BA2F.d.044BB02D5BF1467EB4587C49E537F49C.e.13599"}]}
COMMAND: GET /session/582ce5f850a124cd0c5f6fc14f02a0d2/screenshot - {}
RESULT: {}
RESULT: {"script":"<script> [5351 bytes]","args":[{"element-6066-11e4-a52e-4f735466cecf":"f.92142B0E1996143B500ED3F2A7F6BA2F.d.044BB02D5BF1467EB4587C49E537F49C.e.13599","ELEMENT":"f.92142B0E1996143B500ED3F2A7F6BA2F.d.044BB02D5BF1467EB4587C49E537F49C.e.13599"}]}
COMMAND: POST /session/582ce5f850a124cd0c5f6fc14f02a0d2/element/f.92142B0E1996143B500ED3F2A7F6BA2F.d.044BB02D5BF1467EB4587C49E537F49C.e.13599/click - {}
COMMAND: GET /session/582ce5f850a124cd0c5f6fc14f02a0d2/screenshot - {}
RESULT: {}
RESULT: {}
COMMAND: POST /session/582ce5f850a124cd0c5f6fc14f02a0d2/element - {"using":"xpath","value":"//bdi[text()='Confirm']"}
COMMAND: GET /session/582ce5f850a124cd0c5f6fc14f02a0d2/screenshot - {}
RESULT: {}
RESULT: {"using":"xpath","value":"//bdi[text()='Confirm']"}
COMMAND: POST /session/582ce5f850a124cd0c5f6fc14f02a0d2/elements - {"using":"xpath","value":"//bdi[text()='Confirm']"}
RESULT: {}
RESULT: {"using":"xpath","value":"//bdi[text()='Confirm']"}
COMMAND: POST /session/582ce5f850a124cd0c5f6fc14f02a0d2/elements - {"using":"xpath","value":"//bdi[text()='Confirm']"}
RESULT: {"using":"xpath","value":"//bdi[text()='Confirm']"}
COMMAND: POST /session/582ce5f850a124cd0c5f6fc14f02a0d2/elements - {"using":"xpath","value":"//bdi[text()='Confirm']"}
RESULT: {"using":"xpath","value":"//bdi[text()='Confirm']"}
COMMAND: POST /session/582ce5f850a124cd0c5f6fc14f02a0d2/elements - {"using":"xpath","value":"//bdi[text()='Confirm']"}
RESULT: {"using":"xpath","value":"//bdi[text()='Confirm']"}
COMMAND: POST /session/582ce5f850a124cd0c5f6fc14f02a0d2/elements - {"using":"xpath","value":"//bdi[text()='Confirm']"}
RESULT: {"using":"xpath","value":"//bdi[text()='Confirm']"}
COMMAND: POST /session/582ce5f850a124cd0c5f6fc14f02a0d2/element - {"using":"xpath","value":"//bdi[text()='Confirm']"}
RESULT: {"using":"xpath","value":"//bdi[text()='Confirm']"}
COMMAND: GET /session/582ce5f850a124cd0c5f6fc14f02a0d2/element/f.92142B0E1996143B500ED3F2A7F6BA2F.d.044BB02D5BF1467EB4587C49E537F49C.e.14005/enabled - {}
RESULT: {}
COMMAND: POST /session/582ce5f850a124cd0c5f6fc14f02a0d2/execute/sync - {"script":"<script> [8489 bytes]","args":[{"element-6066-11e4-a52e-4f735466cecf":"f.92142B0E1996143B500ED3F2A7F6BA2F.d.044BB02D5BF1467EB4587C49E537F49C.e.14005","ELEMENT":"f.92142B0E1996143B500ED3F2A7F6BA2F.d.044BB02D5BF1467EB4587C49E537F49C.e.14005"}]}
COMMAND: GET /session/582ce5f850a124cd0c5f6fc14f02a0d2/screenshot - {}
RESULT: {"script":"<script> [8489 bytes]","args":[{"element-6066-11e4-a52e-4f735466cecf":"f.92142B0E1996143B500ED3F2A7F6BA2F.d.044BB02D5BF1467EB4587C49E537F49C.e.14005","ELEMENT":"f.92142B0E1996143B500ED3F2A7F6BA2F.d.044BB02D5BF1467EB4587C49E537F49C.e.14005"}]}
COMMAND: POST /session/582ce5f850a124cd0c5f6fc14f02a0d2/execute/sync - {"script":"<script> [5351 bytes]","args":[{"element-6066-11e4-a52e-4f735466cecf":"f.92142B0E1996143B500ED3F2A7F6BA2F.d.044BB02D5BF1467EB4587C49E537F49C.e.14005","ELEMENT":"f.92142B0E1996143B500ED3F2A7F6BA2F.d.044BB02D5BF1467EB4587C49E537F49C.e.14005"}]}
COMMAND: GET /session/582ce5f850a124cd0c5f6fc14f02a0d2/screenshot - {}
RESULT: {}
RESULT: {"script":"<script> [5351 bytes]","args":[{"element-6066-11e4-a52e-4f735466cecf":"f.92142B0E1996143B500ED3F2A7F6BA2F.d.044BB02D5BF1467EB4587C49E537F49C.e.14005","ELEMENT":"f.92142B0E1996143B500ED3F2A7F6BA2F.d.044BB02D5BF1467EB4587C49E537F49C.e.14005"}]}
COMMAND: POST /session/582ce5f850a124cd0c5f6fc14f02a0d2/element/f.92142B0E1996143B500ED3F2A7F6BA2F.d.044BB02D5BF1467EB4587C49E537F49C.e.14005/click - {}
COMMAND: GET /session/582ce5f850a124cd0c5f6fc14f02a0d2/screenshot - {}
RESULT: {}
RESULT: {}
COMMAND: POST /session/582ce5f850a124cd0c5f6fc14f02a0d2/actions - {"actions":[{"id":"action64","type":"key","parameters":{},"actions":[{"type":"keyDown","value":"î€‡"},{"type":"pause","duration":10},{"type":"keyUp","value":"î€‡"}]}]}
COMMAND: GET /session/582ce5f850a124cd0c5f6fc14f02a0d2/screenshot - {}
RESULT: {}
RESULT: {"actions":[{"id":"action64","type":"key","parameters":{},"actions":[{"type":"keyDown","value":"î€‡"},{"type":"pause","duration":10},{"type":"keyUp","value":"î€‡"}]}]}
COMMAND: POST /session/582ce5f850a124cd0c5f6fc14f02a0d2/element - {"using":"xpath","value":"//bdi[text()='Issue']"}
COMMAND: GET /session/582ce5f850a124cd0c5f6fc14f02a0d2/screenshot - {}
RESULT: {}
RESULT: {"using":"xpath","value":"//bdi[text()='Issue']"}
COMMAND: GET /session/582ce5f850a124cd0c5f6fc14f02a0d2/element/f.92142B0E1996143B500ED3F2A7F6BA2F.d.044BB02D5BF1467EB4587C49E537F49C.e.14009/enabled - {}
RESULT: {}
RESULT: {}
COMMAND: POST /session/582ce5f850a124cd0c5f6fc14f02a0d2/execute/sync - {"script":"<script> [8489 bytes]","args":[{"element-6066-11e4-a52e-4f735466cecf":"f.92142B0E1996143B500ED3F2A7F6BA2F.d.044BB02D5BF1467EB4587C49E537F49C.e.14009","ELEMENT":"f.92142B0E1996143B500ED3F2A7F6BA2F.d.044BB02D5BF1467EB4587C49E537F49C.e.14009"}]}
COMMAND: GET /session/582ce5f850a124cd0c5f6fc14f02a0d2/screenshot - {}
RESULT: {"script":"<script> [8489 bytes]","args":[{"element-6066-11e4-a52e-4f735466cecf":"f.92142B0E1996143B500ED3F2A7F6BA2F.d.044BB02D5BF1467EB4587C49E537F49C.e.14009","ELEMENT":"f.92142B0E1996143B500ED3F2A7F6BA2F.d.044BB02D5BF1467EB4587C49E537F49C.e.14009"}]}
COMMAND: POST /session/582ce5f850a124cd0c5f6fc14f02a0d2/execute/sync - {"script":"<script> [5351 bytes]","args":[{"element-6066-11e4-a52e-4f735466cecf":"f.92142B0E1996143B500ED3F2A7F6BA2F.d.044BB02D5BF1467EB4587C49E537F49C.e.14009","ELEMENT":"f.92142B0E1996143B500ED3F2A7F6BA2F.d.044BB02D5BF1467EB4587C49E537F49C.e.14009"}]}
COMMAND: GET /session/582ce5f850a124cd0c5f6fc14f02a0d2/screenshot - {}
RESULT: {}
RESULT: {"script":"<script> [5351 bytes]","args":[{"element-6066-11e4-a52e-4f735466cecf":"f.92142B0E1996143B500ED3F2A7F6BA2F.d.044BB02D5BF1467EB4587C49E537F49C.e.14009","ELEMENT":"f.92142B0E1996143B500ED3F2A7F6BA2F.d.044BB02D5BF1467EB4587C49E537F49C.e.14009"}]}
COMMAND: POST /session/582ce5f850a124cd0c5f6fc14f02a0d2/element/f.92142B0E1996143B500ED3F2A7F6BA2F.d.044BB02D5BF1467EB4587C49E537F49C.e.14009/click - {}
COMMAND: GET /session/582ce5f850a124cd0c5f6fc14f02a0d2/screenshot - {}
RESULT: {}
RESULT: {}
COMMAND: POST /session/582ce5f850a124cd0c5f6fc14f02a0d2/element - {"using":"xpath","value":"//*[text()='Provide to site']"}
COMMAND: GET /session/582ce5f850a124cd0c5f6fc14f02a0d2/screenshot - {}
RESULT: {}
RESULT: {"using":"xpath","value":"//*[text()='Provide to site']"}
COMMAND: POST /session/582ce5f850a124cd0c5f6fc14f02a0d2/elements - {"using":"xpath","value":"//*[text()='Provide to site']"}
RESULT: {}
RESULT: {"using":"xpath","value":"//*[text()='Provide to site']"}
COMMAND: POST /session/582ce5f850a124cd0c5f6fc14f02a0d2/elements - {"using":"xpath","value":"//*[text()='Provide to site']"}
RESULT: {"using":"xpath","value":"//*[text()='Provide to site']"}
COMMAND: POST /session/582ce5f850a124cd0c5f6fc14f02a0d2/elements - {"using":"xpath","value":"//*[text()='Provide to site']"}
RESULT: {"using":"xpath","value":"//*[text()='Provide to site']"}
COMMAND: POST /session/582ce5f850a124cd0c5f6fc14f02a0d2/elements - {"using":"xpath","value":"//*[text()='Provide to site']"}
RESULT: {"using":"xpath","value":"//*[text()='Provide to site']"}
COMMAND: POST /session/582ce5f850a124cd0c5f6fc14f02a0d2/elements - {"using":"xpath","value":"//*[text()='Provide to site']"}
RESULT: {"using":"xpath","value":"//*[text()='Provide to site']"}
COMMAND: POST /session/582ce5f850a124cd0c5f6fc14f02a0d2/elements - {"using":"xpath","value":"//*[text()='Provide to site']"}
RESULT: {"using":"xpath","value":"//*[text()='Provide to site']"}
COMMAND: POST /session/582ce5f850a124cd0c5f6fc14f02a0d2/elements - {"using":"xpath","value":"//*[text()='Provide to site']"}
RESULT: {"using":"xpath","value":"//*[text()='Provide to site']"}
COMMAND: POST /session/582ce5f850a124cd0c5f6fc14f02a0d2/elements - {"using":"xpath","value":"//*[text()='Provide to site']"}
RESULT: {"using":"xpath","value":"//*[text()='Provide to site']"}
COMMAND: POST /session/582ce5f850a124cd0c5f6fc14f02a0d2/elements - {"using":"xpath","value":"//*[text()='Provide to site']"}
RESULT: {"using":"xpath","value":"//*[text()='Provide to site']"}
COMMAND: POST /session/582ce5f850a124cd0c5f6fc14f02a0d2/elements - {"using":"xpath","value":"//*[text()='Provide to site']"}
RESULT: {"using":"xpath","value":"//*[text()='Provide to site']"}
COMMAND: POST /session/582ce5f850a124cd0c5f6fc14f02a0d2/elements - {"using":"xpath","value":"//*[text()='Provide to site']"}
RESULT: {"using":"xpath","value":"//*[text()='Provide to site']"}
COMMAND: POST /session/582ce5f850a124cd0c5f6fc14f02a0d2/elements - {"using":"xpath","value":"//*[text()='Provide to site']"}
RESULT: {"using":"xpath","value":"//*[text()='Provide to site']"}
COMMAND: POST /session/582ce5f850a124cd0c5f6fc14f02a0d2/elements - {"using":"xpath","value":"//*[text()='Provide to site']"}
RESULT: {"using":"xpath","value":"//*[text()='Provide to site']"}
COMMAND: POST /session/582ce5f850a124cd0c5f6fc14f02a0d2/elements - {"using":"xpath","value":"//*[text()='Provide to site']"}
RESULT: {"using":"xpath","value":"//*[text()='Provide to site']"}
COMMAND: POST /session/582ce5f850a124cd0c5f6fc14f02a0d2/elements - {"using":"xpath","value":"//*[text()='Provide to site']"}
RESULT: {"using":"xpath","value":"//*[text()='Provide to site']"}
COMMAND: POST /session/582ce5f850a124cd0c5f6fc14f02a0d2/elements - {"using":"xpath","value":"//*[text()='Provide to site']"}
RESULT: {"using":"xpath","value":"//*[text()='Provide to site']"}
COMMAND: POST /session/582ce5f850a124cd0c5f6fc14f02a0d2/elements - {"using":"xpath","value":"//*[text()='Provide to site']"}
RESULT: {"using":"xpath","value":"//*[text()='Provide to site']"}
COMMAND: POST /session/582ce5f850a124cd0c5f6fc14f02a0d2/elements - {"using":"xpath","value":"//*[text()='Provide to site']"}
RESULT: {"using":"xpath","value":"//*[text()='Provide to site']"}
COMMAND: POST /session/582ce5f850a124cd0c5f6fc14f02a0d2/elements - {"using":"xpath","value":"//*[text()='Provide to site']"}
RESULT: {"using":"xpath","value":"//*[text()='Provide to site']"}
COMMAND: POST /session/582ce5f850a124cd0c5f6fc14f02a0d2/elements - {"using":"xpath","value":"//*[text()='Provide to site']"}
RESULT: {"using":"xpath","value":"//*[text()='Provide to site']"}
COMMAND: POST /session/582ce5f850a124cd0c5f6fc14f02a0d2/elements - {"using":"xpath","value":"//*[text()='Provide to site']"}
RESULT: {"using":"xpath","value":"//*[text()='Provide to site']"}
COMMAND: POST /session/582ce5f850a124cd0c5f6fc14f02a0d2/elements - {"using":"xpath","value":"//*[text()='Provide to site']"}
RESULT: {"using":"xpath","value":"//*[text()='Provide to site']"}
COMMAND: POST /session/582ce5f850a124cd0c5f6fc14f02a0d2/elements - {"using":"xpath","value":"//*[text()='Provide to site']"}
RESULT: {"using":"xpath","value":"//*[text()='Provide to site']"}
COMMAND: POST /session/582ce5f850a124cd0c5f6fc14f02a0d2/elements - {"using":"xpath","value":"//*[text()='Provide to site']"}
RESULT: {"using":"xpath","value":"//*[text()='Provide to site']"}
COMMAND: POST /session/582ce5f850a124cd0c5f6fc14f02a0d2/elements - {"using":"xpath","value":"//*[text()='Provide to site']"}
RESULT: {"using":"xpath","value":"//*[text()='Provide to site']"}
COMMAND: POST /session/582ce5f850a124cd0c5f6fc14f02a0d2/elements - {"using":"xpath","value":"//*[text()='Provide to site']"}
RESULT: {"using":"xpath","value":"//*[text()='Provide to site']"}
COMMAND: POST /session/582ce5f850a124cd0c5f6fc14f02a0d2/elements - {"using":"xpath","value":"//*[text()='Provide to site']"}
RESULT: {"using":"xpath","value":"//*[text()='Provide to site']"}
COMMAND: POST /session/582ce5f850a124cd0c5f6fc14f02a0d2/elements - {"using":"xpath","value":"//*[text()='Provide to site']"}
RESULT: {"using":"xpath","value":"//*[text()='Provide to site']"}
COMMAND: POST /session/582ce5f850a124cd0c5f6fc14f02a0d2/elements - {"using":"xpath","value":"//*[text()='Provide to site']"}
RESULT: {"using":"xpath","value":"//*[text()='Provide to site']"}
COMMAND: POST /session/582ce5f850a124cd0c5f6fc14f02a0d2/elements - {"using":"xpath","value":"//*[text()='Provide to site']"}
RESULT: {"using":"xpath","value":"//*[text()='Provide to site']"}
COMMAND: POST /session/582ce5f850a124cd0c5f6fc14f02a0d2/elements - {"using":"xpath","value":"//*[text()='Provide to site']"}
RESULT: {"using":"xpath","value":"//*[text()='Provide to site']"}
COMMAND: POST /session/582ce5f850a124cd0c5f6fc14f02a0d2/elements - {"using":"xpath","value":"//*[text()='Provide to site']"}
RESULT: {"using":"xpath","value":"//*[text()='Provide to site']"}
COMMAND: POST /session/582ce5f850a124cd0c5f6fc14f02a0d2/elements - {"using":"xpath","value":"//*[text()='Provide to site']"}
RESULT: {"using":"xpath","value":"//*[text()='Provide to site']"}
COMMAND: POST /session/582ce5f850a124cd0c5f6fc14f02a0d2/elements - {"using":"xpath","value":"//*[text()='Provide to site']"}
RESULT: {"using":"xpath","value":"//*[text()='Provide to site']"}
COMMAND: POST /session/582ce5f850a124cd0c5f6fc14f02a0d2/elements - {"using":"xpath","value":"//*[text()='Provide to site']"}
RESULT: {"using":"xpath","value":"//*[text()='Provide to site']"}
COMMAND: POST /session/582ce5f850a124cd0c5f6fc14f02a0d2/elements - {"using":"xpath","value":"//*[text()='Provide to site']"}
RESULT: {"using":"xpath","value":"//*[text()='Provide to site']"}
COMMAND: POST /session/582ce5f850a124cd0c5f6fc14f02a0d2/elements - {"using":"xpath","value":"//*[text()='Provide to site']"}
RESULT: {"using":"xpath","value":"//*[text()='Provide to site']"}
COMMAND: POST /session/582ce5f850a124cd0c5f6fc14f02a0d2/elements - {"using":"xpath","value":"//*[text()='Provide to site']"}
RESULT: {"using":"xpath","value":"//*[text()='Provide to site']"}
COMMAND: POST /session/582ce5f850a124cd0c5f6fc14f02a0d2/elements - {"using":"xpath","value":"//*[text()='Provide to site']"}
RESULT: {"using":"xpath","value":"//*[text()='Provide to site']"}
COMMAND: POST /session/582ce5f850a124cd0c5f6fc14f02a0d2/elements - {"using":"xpath","value":"//*[text()='Provide to site']"}
RESULT: {"using":"xpath","value":"//*[text()='Provide to site']"}
COMMAND: POST /session/582ce5f850a124cd0c5f6fc14f02a0d2/elements - {"using":"xpath","value":"//*[text()='Provide to site']"}
RESULT: {"using":"xpath","value":"//*[text()='Provide to site']"}
COMMAND: POST /session/582ce5f850a124cd0c5f6fc14f02a0d2/elements - {"using":"xpath","value":"//*[text()='Provide to site']"}
RESULT: {"using":"xpath","value":"//*[text()='Provide to site']"}
COMMAND: POST /session/582ce5f850a124cd0c5f6fc14f02a0d2/elements - {"using":"xpath","value":"//*[text()='Provide to site']"}
RESULT: {"using":"xpath","value":"//*[text()='Provide to site']"}
COMMAND: POST /session/582ce5f850a124cd0c5f6fc14f02a0d2/elements - {"using":"xpath","value":"//*[text()='Provide to site']"}
RESULT: {"using":"xpath","value":"//*[text()='Provide to site']"}
COMMAND: POST /session/582ce5f850a124cd0c5f6fc14f02a0d2/elements - {"using":"xpath","value":"//*[text()='Provide to site']"}
RESULT: {"using":"xpath","value":"//*[text()='Provide to site']"}
COMMAND: POST /session/582ce5f850a124cd0c5f6fc14f02a0d2/elements - {"using":"xpath","value":"//*[text()='Provide to site']"}
RESULT: {"using":"xpath","value":"//*[text()='Provide to site']"}
COMMAND: POST /session/582ce5f850a124cd0c5f6fc14f02a0d2/elements - {"using":"xpath","value":"//*[text()='Provide to site']"}
RESULT: {"using":"xpath","value":"//*[text()='Provide to site']"}
COMMAND: POST /session/582ce5f850a124cd0c5f6fc14f02a0d2/elements - {"using":"xpath","value":"//*[text()='Provide to site']"}
RESULT: {"using":"xpath","value":"//*[text()='Provide to site']"}
COMMAND: POST /session/582ce5f850a124cd0c5f6fc14f02a0d2/elements - {"using":"xpath","value":"//*[text()='Provide to site']"}
RESULT: {"using":"xpath","value":"//*[text()='Provide to site']"}
COMMAND: POST /session/582ce5f850a124cd0c5f6fc14f02a0d2/elements - {"using":"xpath","value":"//*[text()='Provide to site']"}
RESULT: {"using":"xpath","value":"//*[text()='Provide to site']"}
COMMAND: POST /session/582ce5f850a124cd0c5f6fc14f02a0d2/elements - {"using":"xpath","value":"//*[text()='Provide to site']"}
RESULT: {"using":"xpath","value":"//*[text()='Provide to site']"}
COMMAND: POST /session/582ce5f850a124cd0c5f6fc14f02a0d2/elements - {"using":"xpath","value":"//*[text()='Provide to site']"}
RESULT: {"using":"xpath","value":"//*[text()='Provide to site']"}
COMMAND: POST /session/582ce5f850a124cd0c5f6fc14f02a0d2/elements - {"using":"xpath","value":"//*[text()='Provide to site']"}
RESULT: {"using":"xpath","value":"//*[text()='Provide to site']"}
COMMAND: POST /session/582ce5f850a124cd0c5f6fc14f02a0d2/elements - {"using":"xpath","value":"//*[text()='Provide to site']"}
RESULT: {"using":"xpath","value":"//*[text()='Provide to site']"}
COMMAND: POST /session/582ce5f850a124cd0c5f6fc14f02a0d2/elements - {"using":"xpath","value":"//*[text()='Provide to site']"}
RESULT: {"using":"xpath","value":"//*[text()='Provide to site']"}
COMMAND: POST /session/582ce5f850a124cd0c5f6fc14f02a0d2/elements - {"using":"xpath","value":"//*[text()='Provide to site']"}
RESULT: {"using":"xpath","value":"//*[text()='Provide to site']"}
COMMAND: POST /session/582ce5f850a124cd0c5f6fc14f02a0d2/elements - {"using":"xpath","value":"//*[text()='Provide to site']"}
RESULT: {"using":"xpath","value":"//*[text()='Provide to site']"}
COMMAND: POST /session/582ce5f850a124cd0c5f6fc14f02a0d2/elements - {"using":"xpath","value":"//*[text()='Provide to site']"}
RESULT: {"using":"xpath","value":"//*[text()='Provide to site']"}
COMMAND: POST /session/582ce5f850a124cd0c5f6fc14f02a0d2/elements - {"using":"xpath","value":"//*[text()='Provide to site']"}
RESULT: {"using":"xpath","value":"//*[text()='Provide to site']"}
COMMAND: POST /session/582ce5f850a124cd0c5f6fc14f02a0d2/elements - {"using":"xpath","value":"//*[text()='Provide to site']"}
RESULT: {"using":"xpath","value":"//*[text()='Provide to site']"}
COMMAND: POST /session/582ce5f850a124cd0c5f6fc14f02a0d2/elements - {"using":"xpath","value":"//*[text()='Provide to site']"}
RESULT: {"using":"xpath","value":"//*[text()='Provide to site']"}
COMMAND: POST /session/582ce5f850a124cd0c5f6fc14f02a0d2/elements - {"using":"xpath","value":"//*[text()='Provide to site']"}
RESULT: {"using":"xpath","value":"//*[text()='Provide to site']"}
COMMAND: POST /session/582ce5f850a124cd0c5f6fc14f02a0d2/elements - {"using":"xpath","value":"//*[text()='Provide to site']"}
RESULT: {"using":"xpath","value":"//*[text()='Provide to site']"}
COMMAND: POST /session/582ce5f850a124cd0c5f6fc14f02a0d2/elements - {"using":"xpath","value":"//*[text()='Provide to site']"}
RESULT: {"using":"xpath","value":"//*[text()='Provide to site']"}
COMMAND: POST /session/582ce5f850a124cd0c5f6fc14f02a0d2/elements - {"using":"xpath","value":"//*[text()='Provide to site']"}
RESULT: {"using":"xpath","value":"//*[text()='Provide to site']"}
COMMAND: POST /session/582ce5f850a124cd0c5f6fc14f02a0d2/elements - {"using":"xpath","value":"//*[text()='Provide to site']"}
RESULT: {"using":"xpath","value":"//*[text()='Provide to site']"}
COMMAND: POST /session/582ce5f850a124cd0c5f6fc14f02a0d2/elements - {"using":"xpath","value":"//*[text()='Provide to site']"}
RESULT: {"using":"xpath","value":"//*[text()='Provide to site']"}
COMMAND: POST /session/582ce5f850a124cd0c5f6fc14f02a0d2/elements - {"using":"xpath","value":"//*[text()='Provide to site']"}
RESULT: {"using":"xpath","value":"//*[text()='Provide to site']"}
COMMAND: POST /session/582ce5f850a124cd0c5f6fc14f02a0d2/elements - {"using":"xpath","value":"//*[text()='Provide to site']"}
RESULT: {"using":"xpath","value":"//*[text()='Provide to site']"}
COMMAND: POST /session/582ce5f850a124cd0c5f6fc14f02a0d2/elements - {"using":"xpath","value":"//*[text()='Provide to site']"}
RESULT: {"using":"xpath","value":"//*[text()='Provide to site']"}
COMMAND: POST /session/582ce5f850a124cd0c5f6fc14f02a0d2/elements - {"using":"xpath","value":"//*[text()='Provide to site']"}
RESULT: {"using":"xpath","value":"//*[text()='Provide to site']"}
COMMAND: POST /session/582ce5f850a124cd0c5f6fc14f02a0d2/elements - {"using":"xpath","value":"//*[text()='Provide to site']"}
RESULT: {"using":"xpath","value":"//*[text()='Provide to site']"}
COMMAND: POST /session/582ce5f850a124cd0c5f6fc14f02a0d2/elements - {"using":"xpath","value":"//*[text()='Provide to site']"}
RESULT: {"using":"xpath","value":"//*[text()='Provide to site']"}
COMMAND: POST /session/582ce5f850a124cd0c5f6fc14f02a0d2/elements - {"using":"xpath","value":"//*[text()='Provide to site']"}
RESULT: {"using":"xpath","value":"//*[text()='Provide to site']"}
COMMAND: POST /session/582ce5f850a124cd0c5f6fc14f02a0d2/elements - {"using":"xpath","value":"//*[text()='Provide to site']"}
RESULT: {"using":"xpath","value":"//*[text()='Provide to site']"}
COMMAND: POST /session/582ce5f850a124cd0c5f6fc14f02a0d2/elements - {"using":"xpath","value":"//*[text()='Provide to site']"}
RESULT: {"using":"xpath","value":"//*[text()='Provide to site']"}
COMMAND: POST /session/582ce5f850a124cd0c5f6fc14f02a0d2/elements - {"using":"xpath","value":"//*[text()='Provide to site']"}
RESULT: {"using":"xpath","value":"//*[text()='Provide to site']"}
COMMAND: POST /session/582ce5f850a124cd0c5f6fc14f02a0d2/elements - {"using":"xpath","value":"//*[text()='Provide to site']"}
RESULT: {"using":"xpath","value":"//*[text()='Provide to site']"}
COMMAND: POST /session/582ce5f850a124cd0c5f6fc14f02a0d2/elements - {"using":"xpath","value":"//*[text()='Provide to site']"}
RESULT: {"using":"xpath","value":"//*[text()='Provide to site']"}
COMMAND: POST /session/582ce5f850a124cd0c5f6fc14f02a0d2/elements - {"using":"xpath","value":"//*[text()='Provide to site']"}
RESULT: {"using":"xpath","value":"//*[text()='Provide to site']"}
COMMAND: POST /session/582ce5f850a124cd0c5f6fc14f02a0d2/elements - {"using":"xpath","value":"//*[text()='Provide to site']"}
RESULT: {"using":"xpath","value":"//*[text()='Provide to site']"}
COMMAND: POST /session/582ce5f850a124cd0c5f6fc14f02a0d2/elements - {"using":"xpath","value":"//*[text()='Provide to site']"}
RESULT: {"using":"xpath","value":"//*[text()='Provide to site']"}
COMMAND: POST /session/582ce5f850a124cd0c5f6fc14f02a0d2/elements - {"using":"xpath","value":"//*[text()='Provide to site']"}
RESULT: {"using":"xpath","value":"//*[text()='Provide to site']"}
COMMAND: POST /session/582ce5f850a124cd0c5f6fc14f02a0d2/elements - {"using":"xpath","value":"//*[text()='Provide to site']"}
RESULT: {"using":"xpath","value":"//*[text()='Provide to site']"}
COMMAND: POST /session/582ce5f850a124cd0c5f6fc14f02a0d2/elements - {"using":"xpath","value":"//*[text()='Provide to site']"}
RESULT: {"using":"xpath","value":"//*[text()='Provide to site']"}
COMMAND: POST /session/582ce5f850a124cd0c5f6fc14f02a0d2/elements - {"using":"xpath","value":"//*[text()='Provide to site']"}
RESULT: {"using":"xpath","value":"//*[text()='Provide to site']"}
COMMAND: POST /session/582ce5f850a124cd0c5f6fc14f02a0d2/elements - {"using":"xpath","value":"//*[text()='Provide to site']"}
RESULT: {"using":"xpath","value":"//*[text()='Provide to site']"}
COMMAND: POST /session/582ce5f850a124cd0c5f6fc14f02a0d2/elements - {"using":"xpath","value":"//*[text()='Provide to site']"}
RESULT: {"using":"xpath","value":"//*[text()='Provide to site']"}
COMMAND: POST /session/582ce5f850a124cd0c5f6fc14f02a0d2/elements - {"using":"xpath","value":"//*[text()='Provide to site']"}
RESULT: {"using":"xpath","value":"//*[text()='Provide to site']"}
COMMAND: POST /session/582ce5f850a124cd0c5f6fc14f02a0d2/elements - {"using":"xpath","value":"//*[text()='Provide to site']"}
RESULT: {"using":"xpath","value":"//*[text()='Provide to site']"}
COMMAND: POST /session/582ce5f850a124cd0c5f6fc14f02a0d2/elements - {"using":"xpath","value":"//*[text()='provide (received)']"}
RESULT: {"using":"xpath","value":"//*[text()='provide (received)']"}
]]></system-out>
    </testcase>
    <testcase classname="chrome.135_0_7049_96.windows.Provide_to_Site_w/o_warehouse_management_w_clarification" name="Should Test for Handover Execution" time="299.797">
      <system-out><![CDATA[
COMMAND: POST /session/582ce5f850a124cd0c5f6fc14f02a0d2/element - {"using":"xpath","value":"//*[text()='Provide to site']"}
RESULT: {"using":"xpath","value":"//*[text()='Provide to site']"}
COMMAND: POST /session/582ce5f850a124cd0c5f6fc14f02a0d2/elements - {"using":"xpath","value":"//*[text()='Provide to site']"}
RESULT: {"using":"xpath","value":"//*[text()='Provide to site']"}
COMMAND: POST /session/582ce5f850a124cd0c5f6fc14f02a0d2/elements - {"using":"xpath","value":"//*[text()='Provide to site']"}
RESULT: {"using":"xpath","value":"//*[text()='Provide to site']"}
COMMAND: POST /session/582ce5f850a124cd0c5f6fc14f02a0d2/elements - {"using":"xpath","value":"//*[text()='Provide to site']"}
RESULT: {"using":"xpath","value":"//*[text()='Provide to site']"}
COMMAND: POST /session/582ce5f850a124cd0c5f6fc14f02a0d2/elements - {"using":"xpath","value":"//*[text()='Provide to site']"}
RESULT: {"using":"xpath","value":"//*[text()='Provide to site']"}
COMMAND: POST /session/582ce5f850a124cd0c5f6fc14f02a0d2/elements - {"using":"xpath","value":"//*[text()='Provide to site']"}
RESULT: {"using":"xpath","value":"//*[text()='Provide to site']"}
COMMAND: POST /session/582ce5f850a124cd0c5f6fc14f02a0d2/elements - {"using":"xpath","value":"//*[text()='Provide to site']"}
RESULT: {"using":"xpath","value":"//*[text()='Provide to site']"}
COMMAND: POST /session/582ce5f850a124cd0c5f6fc14f02a0d2/elements - {"using":"xpath","value":"//*[text()='Provide to site']"}
RESULT: {"using":"xpath","value":"//*[text()='Provide to site']"}
COMMAND: POST /session/582ce5f850a124cd0c5f6fc14f02a0d2/elements - {"using":"xpath","value":"//*[text()='Provide to site']"}
RESULT: {"using":"xpath","value":"//*[text()='Provide to site']"}
COMMAND: POST /session/582ce5f850a124cd0c5f6fc14f02a0d2/elements - {"using":"xpath","value":"//*[text()='Provide to site']"}
RESULT: {"using":"xpath","value":"//*[text()='Provide to site']"}
COMMAND: POST /session/582ce5f850a124cd0c5f6fc14f02a0d2/elements - {"using":"xpath","value":"//*[text()='Provide to site']"}
RESULT: {"using":"xpath","value":"//*[text()='Provide to site']"}
COMMAND: POST /session/582ce5f850a124cd0c5f6fc14f02a0d2/elements - {"using":"xpath","value":"//*[text()='Provide to site']"}
RESULT: {"using":"xpath","value":"//*[text()='Provide to site']"}
COMMAND: POST /session/582ce5f850a124cd0c5f6fc14f02a0d2/elements - {"using":"xpath","value":"//*[text()='Provide to site']"}
RESULT: {"using":"xpath","value":"//*[text()='Provide to site']"}
COMMAND: POST /session/582ce5f850a124cd0c5f6fc14f02a0d2/elements - {"using":"xpath","value":"//*[text()='Provide to site']"}
RESULT: {"using":"xpath","value":"//*[text()='Provide to site']"}
COMMAND: POST /session/582ce5f850a124cd0c5f6fc14f02a0d2/elements - {"using":"xpath","value":"//*[text()='Provide to site']"}
RESULT: {"using":"xpath","value":"//*[text()='Provide to site']"}
COMMAND: POST /session/582ce5f850a124cd0c5f6fc14f02a0d2/elements - {"using":"xpath","value":"//*[text()='Provide to site']"}
RESULT: {"using":"xpath","value":"//*[text()='Provide to site']"}
COMMAND: POST /session/582ce5f850a124cd0c5f6fc14f02a0d2/elements - {"using":"xpath","value":"//*[text()='Provide to site']"}
RESULT: {"using":"xpath","value":"//*[text()='Provide to site']"}
COMMAND: POST /session/582ce5f850a124cd0c5f6fc14f02a0d2/elements - {"using":"xpath","value":"//*[text()='Provide to site']"}
RESULT: {"using":"xpath","value":"//*[text()='Provide to site']"}
COMMAND: POST /session/582ce5f850a124cd0c5f6fc14f02a0d2/elements - {"using":"xpath","value":"//*[text()='Provide to site']"}
RESULT: {"using":"xpath","value":"//*[text()='Provide to site']"}
COMMAND: POST /session/582ce5f850a124cd0c5f6fc14f02a0d2/elements - {"using":"xpath","value":"//*[text()='Provide to site']"}
RESULT: {"using":"xpath","value":"//*[text()='Provide to site']"}
COMMAND: POST /session/582ce5f850a124cd0c5f6fc14f02a0d2/elements - {"using":"xpath","value":"//*[text()='Provide to site']"}
RESULT: {"using":"xpath","value":"//*[text()='Provide to site']"}
COMMAND: POST /session/582ce5f850a124cd0c5f6fc14f02a0d2/elements - {"using":"xpath","value":"//*[text()='Provide to site']"}
RESULT: {"using":"xpath","value":"//*[text()='Provide to site']"}
COMMAND: POST /session/582ce5f850a124cd0c5f6fc14f02a0d2/elements - {"using":"xpath","value":"//*[text()='Provide to site']"}
RESULT: {"using":"xpath","value":"//*[text()='Provide to site']"}
COMMAND: POST /session/582ce5f850a124cd0c5f6fc14f02a0d2/elements - {"using":"xpath","value":"//*[text()='Provide to site']"}
RESULT: {"using":"xpath","value":"//*[text()='Provide to site']"}
COMMAND: POST /session/582ce5f850a124cd0c5f6fc14f02a0d2/elements - {"using":"xpath","value":"//*[text()='Provide to site']"}
RESULT: {"using":"xpath","value":"//*[text()='Provide to site']"}
COMMAND: POST /session/582ce5f850a124cd0c5f6fc14f02a0d2/elements - {"using":"xpath","value":"//*[text()='Provide to site']"}
RESULT: {"using":"xpath","value":"//*[text()='Provide to site']"}
COMMAND: POST /session/582ce5f850a124cd0c5f6fc14f02a0d2/elements - {"using":"xpath","value":"//*[text()='Provide to site']"}
RESULT: {"using":"xpath","value":"//*[text()='Provide to site']"}
COMMAND: POST /session/582ce5f850a124cd0c5f6fc14f02a0d2/elements - {"using":"xpath","value":"//*[text()='Provide to site']"}
RESULT: {"using":"xpath","value":"//*[text()='Provide to site']"}
COMMAND: POST /session/582ce5f850a124cd0c5f6fc14f02a0d2/elements - {"using":"xpath","value":"//*[text()='Provide to site']"}
RESULT: {"using":"xpath","value":"//*[text()='Provide to site']"}
COMMAND: POST /session/582ce5f850a124cd0c5f6fc14f02a0d2/elements - {"using":"xpath","value":"//*[text()='Provide to site']"}
RESULT: {"using":"xpath","value":"//*[text()='Provide to site']"}
COMMAND: POST /session/582ce5f850a124cd0c5f6fc14f02a0d2/elements - {"using":"xpath","value":"//*[text()='Provide to site']"}
RESULT: {"using":"xpath","value":"//*[text()='Provide to site']"}
COMMAND: POST /session/582ce5f850a124cd0c5f6fc14f02a0d2/elements - {"using":"xpath","value":"//*[text()='Provide to site']"}
RESULT: {"using":"xpath","value":"//*[text()='Provide to site']"}
COMMAND: POST /session/582ce5f850a124cd0c5f6fc14f02a0d2/elements - {"using":"xpath","value":"//*[text()='Provide to site']"}
RESULT: {"using":"xpath","value":"//*[text()='Provide to site']"}
COMMAND: POST /session/582ce5f850a124cd0c5f6fc14f02a0d2/elements - {"using":"xpath","value":"//*[text()='Provide to site']"}
RESULT: {"using":"xpath","value":"//*[text()='Provide to site']"}
COMMAND: POST /session/582ce5f850a124cd0c5f6fc14f02a0d2/elements - {"using":"xpath","value":"//*[text()='Provide to site']"}
RESULT: {"using":"xpath","value":"//*[text()='Provide to site']"}
COMMAND: POST /session/582ce5f850a124cd0c5f6fc14f02a0d2/elements - {"using":"xpath","value":"//*[text()='Provide to site']"}
RESULT: {"using":"xpath","value":"//*[text()='Provide to site']"}
COMMAND: POST /session/582ce5f850a124cd0c5f6fc14f02a0d2/elements - {"using":"xpath","value":"//*[text()='Provide to site']"}
RESULT: {"using":"xpath","value":"//*[text()='Provide to site']"}
COMMAND: POST /session/582ce5f850a124cd0c5f6fc14f02a0d2/elements - {"using":"xpath","value":"//*[text()='Provide to site']"}
RESULT: {"using":"xpath","value":"//*[text()='Provide to site']"}
COMMAND: POST /session/582ce5f850a124cd0c5f6fc14f02a0d2/elements - {"using":"xpath","value":"//*[text()='Provide to site']"}
RESULT: {"using":"xpath","value":"//*[text()='Provide to site']"}
COMMAND: POST /session/582ce5f850a124cd0c5f6fc14f02a0d2/elements - {"using":"xpath","value":"//*[text()='Provide to site']"}
RESULT: {"using":"xpath","value":"//*[text()='Provide to site']"}
COMMAND: POST /session/582ce5f850a124cd0c5f6fc14f02a0d2/elements - {"using":"xpath","value":"//*[text()='Provide to site']"}
RESULT: {"using":"xpath","value":"//*[text()='Provide to site']"}
COMMAND: POST /session/582ce5f850a124cd0c5f6fc14f02a0d2/elements - {"using":"xpath","value":"//*[text()='Provide to site']"}
RESULT: {"using":"xpath","value":"//*[text()='Provide to site']"}
COMMAND: POST /session/582ce5f850a124cd0c5f6fc14f02a0d2/elements - {"using":"xpath","value":"//*[text()='Provide to site']"}
RESULT: {"using":"xpath","value":"//*[text()='Provide to site']"}
COMMAND: POST /session/582ce5f850a124cd0c5f6fc14f02a0d2/elements - {"using":"xpath","value":"//*[text()='Provide to site']"}
RESULT: {"using":"xpath","value":"//*[text()='Provide to site']"}
COMMAND: POST /session/582ce5f850a124cd0c5f6fc14f02a0d2/elements - {"using":"xpath","value":"//*[text()='Provide to site']"}
RESULT: {"using":"xpath","value":"//*[text()='Provide to site']"}
COMMAND: POST /session/582ce5f850a124cd0c5f6fc14f02a0d2/elements - {"using":"xpath","value":"//*[text()='Provide to site']"}
RESULT: {"using":"xpath","value":"//*[text()='Provide to site']"}
COMMAND: POST /session/582ce5f850a124cd0c5f6fc14f02a0d2/elements - {"using":"xpath","value":"//*[text()='Provide to site']"}
RESULT: {"using":"xpath","value":"//*[text()='Provide to site']"}
COMMAND: POST /session/582ce5f850a124cd0c5f6fc14f02a0d2/elements - {"using":"xpath","value":"//*[text()='Provide to site']"}
RESULT: {"using":"xpath","value":"//*[text()='Provide to site']"}
COMMAND: POST /session/582ce5f850a124cd0c5f6fc14f02a0d2/elements - {"using":"xpath","value":"//*[text()='Provide to site']"}
RESULT: {"using":"xpath","value":"//*[text()='Provide to site']"}
COMMAND: POST /session/582ce5f850a124cd0c5f6fc14f02a0d2/elements - {"using":"xpath","value":"//*[text()='Provide to site']"}
RESULT: {"using":"xpath","value":"//*[text()='Provide to site']"}
COMMAND: POST /session/582ce5f850a124cd0c5f6fc14f02a0d2/elements - {"using":"xpath","value":"//*[text()='Provide to site']"}
RESULT: {"using":"xpath","value":"//*[text()='Provide to site']"}
COMMAND: POST /session/582ce5f850a124cd0c5f6fc14f02a0d2/elements - {"using":"xpath","value":"//*[text()='Provide to site']"}
RESULT: {"using":"xpath","value":"//*[text()='Provide to site']"}
COMMAND: POST /session/582ce5f850a124cd0c5f6fc14f02a0d2/elements - {"using":"xpath","value":"//*[text()='Provide to site']"}
RESULT: {"using":"xpath","value":"//*[text()='Provide to site']"}
COMMAND: POST /session/582ce5f850a124cd0c5f6fc14f02a0d2/elements - {"using":"xpath","value":"//*[text()='Provide to site']"}
RESULT: {"using":"xpath","value":"//*[text()='Provide to site']"}
COMMAND: POST /session/582ce5f850a124cd0c5f6fc14f02a0d2/elements - {"using":"xpath","value":"//*[text()='Provide to site']"}
RESULT: {"using":"xpath","value":"//*[text()='Provide to site']"}
COMMAND: POST /session/582ce5f850a124cd0c5f6fc14f02a0d2/elements - {"using":"xpath","value":"//*[text()='Provide to site']"}
RESULT: {"using":"xpath","value":"//*[text()='Provide to site']"}
COMMAND: POST /session/582ce5f850a124cd0c5f6fc14f02a0d2/elements - {"using":"xpath","value":"//*[text()='Provide to site']"}
RESULT: {"using":"xpath","value":"//*[text()='Provide to site']"}
COMMAND: POST /session/582ce5f850a124cd0c5f6fc14f02a0d2/elements - {"using":"xpath","value":"//*[text()='Provide to site']"}
RESULT: {"using":"xpath","value":"//*[text()='Provide to site']"}
COMMAND: POST /session/582ce5f850a124cd0c5f6fc14f02a0d2/elements - {"using":"xpath","value":"//*[text()='Provide to site']"}
RESULT: {"using":"xpath","value":"//*[text()='Provide to site']"}
COMMAND: POST /session/582ce5f850a124cd0c5f6fc14f02a0d2/elements - {"using":"xpath","value":"//*[text()='Provide to site']"}
RESULT: {"using":"xpath","value":"//*[text()='Provide to site']"}
COMMAND: POST /session/582ce5f850a124cd0c5f6fc14f02a0d2/elements - {"using":"xpath","value":"//*[text()='Provide to site']"}
RESULT: {"using":"xpath","value":"//*[text()='Provide to site']"}
COMMAND: POST /session/582ce5f850a124cd0c5f6fc14f02a0d2/elements - {"using":"xpath","value":"//*[text()='Provide to site']"}
RESULT: {"using":"xpath","value":"//*[text()='Provide to site']"}
COMMAND: POST /session/582ce5f850a124cd0c5f6fc14f02a0d2/elements - {"using":"xpath","value":"//*[text()='Provide to site']"}
RESULT: {"using":"xpath","value":"//*[text()='Provide to site']"}
COMMAND: POST /session/582ce5f850a124cd0c5f6fc14f02a0d2/elements - {"using":"xpath","value":"//*[text()='Provide to site']"}
RESULT: {"using":"xpath","value":"//*[text()='Provide to site']"}
COMMAND: POST /session/582ce5f850a124cd0c5f6fc14f02a0d2/elements - {"using":"xpath","value":"//*[text()='Provide to site']"}
RESULT: {"using":"xpath","value":"//*[text()='Provide to site']"}
COMMAND: POST /session/582ce5f850a124cd0c5f6fc14f02a0d2/elements - {"using":"xpath","value":"//*[text()='Provide to site']"}
RESULT: {"using":"xpath","value":"//*[text()='Provide to site']"}
COMMAND: POST /session/582ce5f850a124cd0c5f6fc14f02a0d2/elements - {"using":"xpath","value":"//*[text()='Provide to site']"}
RESULT: {"using":"xpath","value":"//*[text()='Provide to site']"}
COMMAND: POST /session/582ce5f850a124cd0c5f6fc14f02a0d2/elements - {"using":"xpath","value":"//*[text()='Provide to site']"}
RESULT: {"using":"xpath","value":"//*[text()='Provide to site']"}
COMMAND: POST /session/582ce5f850a124cd0c5f6fc14f02a0d2/elements - {"using":"xpath","value":"//*[text()='Provide to site']"}
RESULT: {"using":"xpath","value":"//*[text()='Provide to site']"}
COMMAND: POST /session/582ce5f850a124cd0c5f6fc14f02a0d2/elements - {"using":"xpath","value":"//*[text()='Provide to site']"}
RESULT: {"using":"xpath","value":"//*[text()='Provide to site']"}
COMMAND: POST /session/582ce5f850a124cd0c5f6fc14f02a0d2/elements - {"using":"xpath","value":"//*[text()='Provide to site']"}
RESULT: {"using":"xpath","value":"//*[text()='Provide to site']"}
COMMAND: POST /session/582ce5f850a124cd0c5f6fc14f02a0d2/elements - {"using":"xpath","value":"//*[text()='Provide to site']"}
RESULT: {"using":"xpath","value":"//*[text()='Provide to site']"}
COMMAND: POST /session/582ce5f850a124cd0c5f6fc14f02a0d2/elements - {"using":"xpath","value":"//*[text()='Provide to site']"}
RESULT: {"using":"xpath","value":"//*[text()='Provide to site']"}
COMMAND: POST /session/582ce5f850a124cd0c5f6fc14f02a0d2/elements - {"using":"xpath","value":"//*[text()='Provide to site']"}
RESULT: {"using":"xpath","value":"//*[text()='Provide to site']"}
COMMAND: POST /session/582ce5f850a124cd0c5f6fc14f02a0d2/elements - {"using":"xpath","value":"//*[text()='Provide to site']"}
RESULT: {"using":"xpath","value":"//*[text()='Provide to site']"}
COMMAND: POST /session/582ce5f850a124cd0c5f6fc14f02a0d2/elements - {"using":"xpath","value":"//*[text()='Provide to site']"}
RESULT: {"using":"xpath","value":"//*[text()='Provide to site']"}
COMMAND: POST /session/582ce5f850a124cd0c5f6fc14f02a0d2/elements - {"using":"xpath","value":"//*[text()='Provide to site']"}
RESULT: {"using":"xpath","value":"//*[text()='Provide to site']"}
COMMAND: POST /session/582ce5f850a124cd0c5f6fc14f02a0d2/elements - {"using":"xpath","value":"//*[text()='Provide to site']"}
RESULT: {"using":"xpath","value":"//*[text()='Provide to site']"}
COMMAND: POST /session/582ce5f850a124cd0c5f6fc14f02a0d2/elements - {"using":"xpath","value":"//*[text()='Provide to site']"}
RESULT: {"using":"xpath","value":"//*[text()='Provide to site']"}
COMMAND: POST /session/582ce5f850a124cd0c5f6fc14f02a0d2/elements - {"using":"xpath","value":"//*[text()='Provide to site']"}
RESULT: {"using":"xpath","value":"//*[text()='Provide to site']"}
COMMAND: POST /session/582ce5f850a124cd0c5f6fc14f02a0d2/elements - {"using":"xpath","value":"//*[text()='Provide to site']"}
RESULT: {"using":"xpath","value":"//*[text()='Provide to site']"}
COMMAND: POST /session/582ce5f850a124cd0c5f6fc14f02a0d2/elements - {"using":"xpath","value":"//*[text()='Provide to site']"}
RESULT: {"using":"xpath","value":"//*[text()='Provide to site']"}
COMMAND: POST /session/582ce5f850a124cd0c5f6fc14f02a0d2/elements - {"using":"xpath","value":"//*[text()='Provide to site']"}
RESULT: {"using":"xpath","value":"//*[text()='Provide to site']"}
COMMAND: POST /session/582ce5f850a124cd0c5f6fc14f02a0d2/elements - {"using":"xpath","value":"//*[text()='Provide to site']"}
RESULT: {"using":"xpath","value":"//*[text()='Provide to site']"}
COMMAND: POST /session/582ce5f850a124cd0c5f6fc14f02a0d2/elements - {"using":"xpath","value":"//*[text()='Provide to site']"}
RESULT: {"using":"xpath","value":"//*[text()='Provide to site']"}
COMMAND: POST /session/582ce5f850a124cd0c5f6fc14f02a0d2/elements - {"using":"xpath","value":"//*[text()='Provide to site']"}
RESULT: {"using":"xpath","value":"//*[text()='Provide to site']"}
COMMAND: POST /session/582ce5f850a124cd0c5f6fc14f02a0d2/elements - {"using":"xpath","value":"//*[text()='Provide to site']"}
RESULT: {"using":"xpath","value":"//*[text()='Provide to site']"}
COMMAND: POST /session/582ce5f850a124cd0c5f6fc14f02a0d2/elements - {"using":"xpath","value":"//*[text()='Provide to site']"}
RESULT: {"using":"xpath","value":"//*[text()='Provide to site']"}
COMMAND: POST /session/582ce5f850a124cd0c5f6fc14f02a0d2/elements - {"using":"xpath","value":"//*[text()='Provide to site']"}
RESULT: {"using":"xpath","value":"//*[text()='Provide to site']"}
COMMAND: POST /session/582ce5f850a124cd0c5f6fc14f02a0d2/elements - {"using":"xpath","value":"//*[text()='Provide to site']"}
RESULT: {"using":"xpath","value":"//*[text()='Provide to site']"}
COMMAND: POST /session/582ce5f850a124cd0c5f6fc14f02a0d2/elements - {"using":"xpath","value":"//*[text()='Provide to site']"}
RESULT: {"using":"xpath","value":"//*[text()='Provide to site']"}
COMMAND: POST /session/582ce5f850a124cd0c5f6fc14f02a0d2/elements - {"using":"xpath","value":"//*[text()='Provide to site']"}
COMMAND: POST /session/582ce5f850a124cd0c5f6fc14f02a0d2/element - {"using":"xpath","value":"//span[text()='Provide to site - Completed']"}
RESULT: {"using":"xpath","value":"//*[text()='Provide to site']"}
RESULT: {"using":"xpath","value":"//span[text()='Provide to site - Completed']"}
COMMAND: POST /session/582ce5f850a124cd0c5f6fc14f02a0d2/elements - {"using":"xpath","value":"//span[text()='Provide to site - Completed']"}
RESULT: {"using":"xpath","value":"//span[text()='Provide to site - Completed']"}
COMMAND: POST /session/582ce5f850a124cd0c5f6fc14f02a0d2/elements - {"using":"xpath","value":"//span[text()='Provide to site - Completed']"}
RESULT: {"using":"xpath","value":"//span[text()='Provide to site - Completed']"}
COMMAND: POST /session/582ce5f850a124cd0c5f6fc14f02a0d2/elements - {"using":"xpath","value":"//span[text()='Provide to site - Completed']"}
RESULT: {"using":"xpath","value":"//span[text()='Provide to site - Completed']"}
COMMAND: POST /session/582ce5f850a124cd0c5f6fc14f02a0d2/elements - {"using":"xpath","value":"//span[text()='Provide to site - Completed']"}
RESULT: {"using":"xpath","value":"//span[text()='Provide to site - Completed']"}
COMMAND: POST /session/582ce5f850a124cd0c5f6fc14f02a0d2/elements - {"using":"xpath","value":"//span[text()='Provide to site - Completed']"}
RESULT: {"using":"xpath","value":"//span[text()='Provide to site - Completed']"}
COMMAND: POST /session/582ce5f850a124cd0c5f6fc14f02a0d2/elements - {"using":"xpath","value":"//span[text()='Provide to site - Completed']"}
RESULT: {"using":"xpath","value":"//span[text()='Provide to site - Completed']"}
COMMAND: POST /session/582ce5f850a124cd0c5f6fc14f02a0d2/elements - {"using":"xpath","value":"//span[text()='Provide to site - Completed']"}
RESULT: {"using":"xpath","value":"//span[text()='Provide to site - Completed']"}
COMMAND: POST /session/582ce5f850a124cd0c5f6fc14f02a0d2/elements - {"using":"xpath","value":"//span[text()='Provide to site - Completed']"}
RESULT: {"using":"xpath","value":"//span[text()='Provide to site - Completed']"}
COMMAND: POST /session/582ce5f850a124cd0c5f6fc14f02a0d2/elements - {"using":"xpath","value":"//span[text()='Provide to site - Completed']"}
RESULT: {"using":"xpath","value":"//span[text()='Provide to site - Completed']"}
COMMAND: POST /session/582ce5f850a124cd0c5f6fc14f02a0d2/elements - {"using":"xpath","value":"//span[text()='Provide to site - Completed']"}
RESULT: {"using":"xpath","value":"//span[text()='Provide to site - Completed']"}
COMMAND: POST /session/582ce5f850a124cd0c5f6fc14f02a0d2/elements - {"using":"xpath","value":"//span[text()='Provide to site - Completed']"}
RESULT: {"using":"xpath","value":"//span[text()='Provide to site - Completed']"}
COMMAND: POST /session/582ce5f850a124cd0c5f6fc14f02a0d2/elements - {"using":"xpath","value":"//span[text()='Provide to site - Completed']"}
RESULT: {"using":"xpath","value":"//span[text()='Provide to site - Completed']"}
COMMAND: POST /session/582ce5f850a124cd0c5f6fc14f02a0d2/elements - {"using":"xpath","value":"//span[text()='Provide to site - Completed']"}
RESULT: {"using":"xpath","value":"//span[text()='Provide to site - Completed']"}
COMMAND: POST /session/582ce5f850a124cd0c5f6fc14f02a0d2/elements - {"using":"xpath","value":"//span[text()='Provide to site - Completed']"}
RESULT: {"using":"xpath","value":"//span[text()='Provide to site - Completed']"}
COMMAND: POST /session/582ce5f850a124cd0c5f6fc14f02a0d2/elements - {"using":"xpath","value":"//span[text()='Provide to site - Completed']"}
RESULT: {"using":"xpath","value":"//span[text()='Provide to site - Completed']"}
COMMAND: POST /session/582ce5f850a124cd0c5f6fc14f02a0d2/elements - {"using":"xpath","value":"//span[text()='Provide to site - Completed']"}
RESULT: {"using":"xpath","value":"//span[text()='Provide to site - Completed']"}
COMMAND: POST /session/582ce5f850a124cd0c5f6fc14f02a0d2/elements - {"using":"xpath","value":"//span[text()='Provide to site - Completed']"}
RESULT: {"using":"xpath","value":"//span[text()='Provide to site - Completed']"}
COMMAND: POST /session/582ce5f850a124cd0c5f6fc14f02a0d2/elements - {"using":"xpath","value":"//span[text()='Provide to site - Completed']"}
RESULT: {"using":"xpath","value":"//span[text()='Provide to site - Completed']"}
COMMAND: POST /session/582ce5f850a124cd0c5f6fc14f02a0d2/elements - {"using":"xpath","value":"//span[text()='Provide to site - Completed']"}
RESULT: {"using":"xpath","value":"//span[text()='Provide to site - Completed']"}
COMMAND: POST /session/582ce5f850a124cd0c5f6fc14f02a0d2/elements - {"using":"xpath","value":"//span[text()='Provide to site - Completed']"}
RESULT: {"using":"xpath","value":"//span[text()='Provide to site - Completed']"}
COMMAND: POST /session/582ce5f850a124cd0c5f6fc14f02a0d2/elements - {"using":"xpath","value":"//span[text()='Provide to site - Completed']"}
RESULT: {"using":"xpath","value":"//span[text()='Provide to site - Completed']"}
COMMAND: POST /session/582ce5f850a124cd0c5f6fc14f02a0d2/elements - {"using":"xpath","value":"//span[text()='Provide to site - Completed']"}
RESULT: {"using":"xpath","value":"//span[text()='Provide to site - Completed']"}
COMMAND: POST /session/582ce5f850a124cd0c5f6fc14f02a0d2/elements - {"using":"xpath","value":"//span[text()='Provide to site - Completed']"}
RESULT: {"using":"xpath","value":"//span[text()='Provide to site - Completed']"}
COMMAND: POST /session/582ce5f850a124cd0c5f6fc14f02a0d2/elements - {"using":"xpath","value":"//span[text()='Provide to site - Completed']"}
RESULT: {"using":"xpath","value":"//span[text()='Provide to site - Completed']"}
COMMAND: POST /session/582ce5f850a124cd0c5f6fc14f02a0d2/elements - {"using":"xpath","value":"//span[text()='Provide to site - Completed']"}
RESULT: {"using":"xpath","value":"//span[text()='Provide to site - Completed']"}
COMMAND: POST /session/582ce5f850a124cd0c5f6fc14f02a0d2/elements - {"using":"xpath","value":"//span[text()='Provide to site - Completed']"}
RESULT: {"using":"xpath","value":"//span[text()='Provide to site - Completed']"}
COMMAND: POST /session/582ce5f850a124cd0c5f6fc14f02a0d2/elements - {"using":"xpath","value":"//span[text()='Provide to site - Completed']"}
RESULT: {"using":"xpath","value":"//span[text()='Provide to site - Completed']"}
COMMAND: POST /session/582ce5f850a124cd0c5f6fc14f02a0d2/elements - {"using":"xpath","value":"//span[text()='Provide to site - Completed']"}
RESULT: {"using":"xpath","value":"//span[text()='Provide to site - Completed']"}
COMMAND: POST /session/582ce5f850a124cd0c5f6fc14f02a0d2/elements - {"using":"xpath","value":"//span[text()='Provide to site - Completed']"}
RESULT: {"using":"xpath","value":"//span[text()='Provide to site - Completed']"}
COMMAND: POST /session/582ce5f850a124cd0c5f6fc14f02a0d2/elements - {"using":"xpath","value":"//span[text()='Provide to site - Completed']"}
RESULT: {"using":"xpath","value":"//span[text()='Provide to site - Completed']"}
COMMAND: POST /session/582ce5f850a124cd0c5f6fc14f02a0d2/elements - {"using":"xpath","value":"//span[text()='Provide to site - Completed']"}
RESULT: {"using":"xpath","value":"//span[text()='Provide to site - Completed']"}
COMMAND: POST /session/582ce5f850a124cd0c5f6fc14f02a0d2/elements - {"using":"xpath","value":"//span[text()='Provide to site - Completed']"}
RESULT: {"using":"xpath","value":"//span[text()='Provide to site - Completed']"}
COMMAND: POST /session/582ce5f850a124cd0c5f6fc14f02a0d2/elements - {"using":"xpath","value":"//span[text()='Provide to site - Completed']"}
RESULT: {"using":"xpath","value":"//span[text()='Provide to site - Completed']"}
COMMAND: POST /session/582ce5f850a124cd0c5f6fc14f02a0d2/elements - {"using":"xpath","value":"//span[text()='Provide to site - Completed']"}
RESULT: {"using":"xpath","value":"//span[text()='Provide to site - Completed']"}
COMMAND: POST /session/582ce5f850a124cd0c5f6fc14f02a0d2/elements - {"using":"xpath","value":"//span[text()='Provide to site - Completed']"}
RESULT: {"using":"xpath","value":"//span[text()='Provide to site - Completed']"}
COMMAND: POST /session/582ce5f850a124cd0c5f6fc14f02a0d2/elements - {"using":"xpath","value":"//span[text()='Provide to site - Completed']"}
RESULT: {"using":"xpath","value":"//span[text()='Provide to site - Completed']"}
COMMAND: POST /session/582ce5f850a124cd0c5f6fc14f02a0d2/elements - {"using":"xpath","value":"//span[text()='Provide to site - Completed']"}
RESULT: {"using":"xpath","value":"//span[text()='Provide to site - Completed']"}
COMMAND: POST /session/582ce5f850a124cd0c5f6fc14f02a0d2/elements - {"using":"xpath","value":"//span[text()='Provide to site - Completed']"}
RESULT: {"using":"xpath","value":"//span[text()='Provide to site - Completed']"}
COMMAND: POST /session/582ce5f850a124cd0c5f6fc14f02a0d2/elements - {"using":"xpath","value":"//span[text()='Provide to site - Completed']"}
RESULT: {"using":"xpath","value":"//span[text()='Provide to site - Completed']"}
COMMAND: POST /session/582ce5f850a124cd0c5f6fc14f02a0d2/elements - {"using":"xpath","value":"//span[text()='Provide to site - Completed']"}
RESULT: {"using":"xpath","value":"//span[text()='Provide to site - Completed']"}
COMMAND: POST /session/582ce5f850a124cd0c5f6fc14f02a0d2/elements - {"using":"xpath","value":"//span[text()='Provide to site - Completed']"}
RESULT: {"using":"xpath","value":"//span[text()='Provide to site - Completed']"}
COMMAND: POST /session/582ce5f850a124cd0c5f6fc14f02a0d2/elements - {"using":"xpath","value":"//span[text()='Provide to site - Completed']"}
RESULT: {"using":"xpath","value":"//span[text()='Provide to site - Completed']"}
COMMAND: POST /session/582ce5f850a124cd0c5f6fc14f02a0d2/elements - {"using":"xpath","value":"//span[text()='Provide to site - Completed']"}
RESULT: {"using":"xpath","value":"//span[text()='Provide to site - Completed']"}
COMMAND: POST /session/582ce5f850a124cd0c5f6fc14f02a0d2/elements - {"using":"xpath","value":"//span[text()='Provide to site - Completed']"}
RESULT: {"using":"xpath","value":"//span[text()='Provide to site - Completed']"}
COMMAND: POST /session/582ce5f850a124cd0c5f6fc14f02a0d2/elements - {"using":"xpath","value":"//span[text()='Provide to site - Completed']"}
RESULT: {"using":"xpath","value":"//span[text()='Provide to site - Completed']"}
COMMAND: POST /session/582ce5f850a124cd0c5f6fc14f02a0d2/elements - {"using":"xpath","value":"//span[text()='Provide to site - Completed']"}
RESULT: {"using":"xpath","value":"//span[text()='Provide to site - Completed']"}
COMMAND: POST /session/582ce5f850a124cd0c5f6fc14f02a0d2/elements - {"using":"xpath","value":"//span[text()='Provide to site - Completed']"}
RESULT: {"using":"xpath","value":"//span[text()='Provide to site - Completed']"}
COMMAND: POST /session/582ce5f850a124cd0c5f6fc14f02a0d2/elements - {"using":"xpath","value":"//span[text()='Provide to site - Completed']"}
RESULT: {"using":"xpath","value":"//span[text()='Provide to site - Completed']"}
COMMAND: POST /session/582ce5f850a124cd0c5f6fc14f02a0d2/elements - {"using":"xpath","value":"//span[text()='Provide to site - Completed']"}
RESULT: {"using":"xpath","value":"//span[text()='Provide to site - Completed']"}
COMMAND: POST /session/582ce5f850a124cd0c5f6fc14f02a0d2/elements - {"using":"xpath","value":"//span[text()='Provide to site - Completed']"}
RESULT: {"using":"xpath","value":"//span[text()='Provide to site - Completed']"}
COMMAND: POST /session/582ce5f850a124cd0c5f6fc14f02a0d2/elements - {"using":"xpath","value":"//span[text()='Provide to site - Completed']"}
RESULT: {"using":"xpath","value":"//span[text()='Provide to site - Completed']"}
COMMAND: POST /session/582ce5f850a124cd0c5f6fc14f02a0d2/elements - {"using":"xpath","value":"//span[text()='Provide to site - Completed']"}
RESULT: {"using":"xpath","value":"//span[text()='Provide to site - Completed']"}
COMMAND: POST /session/582ce5f850a124cd0c5f6fc14f02a0d2/elements - {"using":"xpath","value":"//span[text()='Provide to site - Completed']"}
RESULT: {"using":"xpath","value":"//span[text()='Provide to site - Completed']"}
COMMAND: POST /session/582ce5f850a124cd0c5f6fc14f02a0d2/elements - {"using":"xpath","value":"//span[text()='Provide to site - Completed']"}
RESULT: {"using":"xpath","value":"//span[text()='Provide to site - Completed']"}
COMMAND: POST /session/582ce5f850a124cd0c5f6fc14f02a0d2/elements - {"using":"xpath","value":"//span[text()='Provide to site - Completed']"}
RESULT: {"using":"xpath","value":"//span[text()='Provide to site - Completed']"}
COMMAND: POST /session/582ce5f850a124cd0c5f6fc14f02a0d2/elements - {"using":"xpath","value":"//span[text()='Provide to site - Completed']"}
RESULT: {"using":"xpath","value":"//span[text()='Provide to site - Completed']"}
COMMAND: POST /session/582ce5f850a124cd0c5f6fc14f02a0d2/elements - {"using":"xpath","value":"//span[text()='Provide to site - Completed']"}
RESULT: {"using":"xpath","value":"//span[text()='Provide to site - Completed']"}
COMMAND: POST /session/582ce5f850a124cd0c5f6fc14f02a0d2/elements - {"using":"xpath","value":"//span[text()='Provide to site - Completed']"}
RESULT: {"using":"xpath","value":"//span[text()='Provide to site - Completed']"}
COMMAND: POST /session/582ce5f850a124cd0c5f6fc14f02a0d2/elements - {"using":"xpath","value":"//span[text()='Provide to site - Completed']"}
RESULT: {"using":"xpath","value":"//span[text()='Provide to site - Completed']"}
COMMAND: POST /session/582ce5f850a124cd0c5f6fc14f02a0d2/elements - {"using":"xpath","value":"//span[text()='Provide to site - Completed']"}
RESULT: {"using":"xpath","value":"//span[text()='Provide to site - Completed']"}
COMMAND: POST /session/582ce5f850a124cd0c5f6fc14f02a0d2/elements - {"using":"xpath","value":"//span[text()='Provide to site - Completed']"}
RESULT: {"using":"xpath","value":"//span[text()='Provide to site - Completed']"}
COMMAND: POST /session/582ce5f850a124cd0c5f6fc14f02a0d2/elements - {"using":"xpath","value":"//span[text()='Provide to site - Completed']"}
RESULT: {"using":"xpath","value":"//span[text()='Provide to site - Completed']"}
COMMAND: POST /session/582ce5f850a124cd0c5f6fc14f02a0d2/elements - {"using":"xpath","value":"//span[text()='Provide to site - Completed']"}
RESULT: {"using":"xpath","value":"//span[text()='Provide to site - Completed']"}
COMMAND: POST /session/582ce5f850a124cd0c5f6fc14f02a0d2/elements - {"using":"xpath","value":"//span[text()='Provide to site - Completed']"}
RESULT: {"using":"xpath","value":"//span[text()='Provide to site - Completed']"}
COMMAND: POST /session/582ce5f850a124cd0c5f6fc14f02a0d2/elements - {"using":"xpath","value":"//span[text()='Provide to site - Completed']"}
RESULT: {"using":"xpath","value":"//span[text()='Provide to site - Completed']"}
COMMAND: POST /session/582ce5f850a124cd0c5f6fc14f02a0d2/elements - {"using":"xpath","value":"//span[text()='Provide to site - Completed']"}
RESULT: {"using":"xpath","value":"//span[text()='Provide to site - Completed']"}
COMMAND: POST /session/582ce5f850a124cd0c5f6fc14f02a0d2/elements - {"using":"xpath","value":"//span[text()='Provide to site - Completed']"}
RESULT: {"using":"xpath","value":"//span[text()='Provide to site - Completed']"}
COMMAND: POST /session/582ce5f850a124cd0c5f6fc14f02a0d2/elements - {"using":"xpath","value":"//span[text()='Provide to site - Completed']"}
RESULT: {"using":"xpath","value":"//span[text()='Provide to site - Completed']"}
COMMAND: POST /session/582ce5f850a124cd0c5f6fc14f02a0d2/elements - {"using":"xpath","value":"//span[text()='Provide to site - Completed']"}
RESULT: {"using":"xpath","value":"//span[text()='Provide to site - Completed']"}
COMMAND: POST /session/582ce5f850a124cd0c5f6fc14f02a0d2/elements - {"using":"xpath","value":"//span[text()='Provide to site - Completed']"}
RESULT: {"using":"xpath","value":"//span[text()='Provide to site - Completed']"}
COMMAND: POST /session/582ce5f850a124cd0c5f6fc14f02a0d2/elements - {"using":"xpath","value":"//span[text()='Provide to site - Completed']"}
RESULT: {"using":"xpath","value":"//span[text()='Provide to site - Completed']"}
COMMAND: POST /session/582ce5f850a124cd0c5f6fc14f02a0d2/elements - {"using":"xpath","value":"//span[text()='Provide to site - Completed']"}
RESULT: {"using":"xpath","value":"//span[text()='Provide to site - Completed']"}
COMMAND: POST /session/582ce5f850a124cd0c5f6fc14f02a0d2/elements - {"using":"xpath","value":"//span[text()='Provide to site - Completed']"}
RESULT: {"using":"xpath","value":"//span[text()='Provide to site - Completed']"}
COMMAND: POST /session/582ce5f850a124cd0c5f6fc14f02a0d2/elements - {"using":"xpath","value":"//span[text()='Provide to site - Completed']"}
RESULT: {"using":"xpath","value":"//span[text()='Provide to site - Completed']"}
COMMAND: POST /session/582ce5f850a124cd0c5f6fc14f02a0d2/elements - {"using":"xpath","value":"//span[text()='Provide to site - Completed']"}
RESULT: {"using":"xpath","value":"//span[text()='Provide to site - Completed']"}
COMMAND: POST /session/582ce5f850a124cd0c5f6fc14f02a0d2/elements - {"using":"xpath","value":"//span[text()='Provide to site - Completed']"}
RESULT: {"using":"xpath","value":"//span[text()='Provide to site - Completed']"}
COMMAND: POST /session/582ce5f850a124cd0c5f6fc14f02a0d2/elements - {"using":"xpath","value":"//span[text()='Provide to site - Completed']"}
RESULT: {"using":"xpath","value":"//span[text()='Provide to site - Completed']"}
COMMAND: POST /session/582ce5f850a124cd0c5f6fc14f02a0d2/elements - {"using":"xpath","value":"//span[text()='Provide to site - Completed']"}
RESULT: {"using":"xpath","value":"//span[text()='Provide to site - Completed']"}
COMMAND: POST /session/582ce5f850a124cd0c5f6fc14f02a0d2/elements - {"using":"xpath","value":"//span[text()='Provide to site - Completed']"}
RESULT: {"using":"xpath","value":"//span[text()='Provide to site - Completed']"}
COMMAND: POST /session/582ce5f850a124cd0c5f6fc14f02a0d2/elements - {"using":"xpath","value":"//span[text()='Provide to site - Completed']"}
RESULT: {"using":"xpath","value":"//span[text()='Provide to site - Completed']"}
COMMAND: POST /session/582ce5f850a124cd0c5f6fc14f02a0d2/elements - {"using":"xpath","value":"//span[text()='Provide to site - Completed']"}
RESULT: {"using":"xpath","value":"//span[text()='Provide to site - Completed']"}
COMMAND: POST /session/582ce5f850a124cd0c5f6fc14f02a0d2/elements - {"using":"xpath","value":"//span[text()='Provide to site - Completed']"}
RESULT: {"using":"xpath","value":"//span[text()='Provide to site - Completed']"}
COMMAND: POST /session/582ce5f850a124cd0c5f6fc14f02a0d2/elements - {"using":"xpath","value":"//span[text()='Provide to site - Completed']"}
RESULT: {"using":"xpath","value":"//span[text()='Provide to site - Completed']"}
COMMAND: POST /session/582ce5f850a124cd0c5f6fc14f02a0d2/elements - {"using":"xpath","value":"//span[text()='Provide to site - Completed']"}
RESULT: {"using":"xpath","value":"//span[text()='Provide to site - Completed']"}
COMMAND: POST /session/582ce5f850a124cd0c5f6fc14f02a0d2/elements - {"using":"xpath","value":"//span[text()='Provide to site - Completed']"}
RESULT: {"using":"xpath","value":"//span[text()='Provide to site - Completed']"}
COMMAND: POST /session/582ce5f850a124cd0c5f6fc14f02a0d2/elements - {"using":"xpath","value":"//span[text()='Provide to site - Completed']"}
RESULT: {"using":"xpath","value":"//span[text()='Provide to site - Completed']"}
COMMAND: POST /session/582ce5f850a124cd0c5f6fc14f02a0d2/elements - {"using":"xpath","value":"//span[text()='Provide to site - Completed']"}
RESULT: {"using":"xpath","value":"//span[text()='Provide to site - Completed']"}
COMMAND: POST /session/582ce5f850a124cd0c5f6fc14f02a0d2/elements - {"using":"xpath","value":"//span[text()='Provide to site - Completed']"}
RESULT: {"using":"xpath","value":"//span[text()='Provide to site - Completed']"}
COMMAND: POST /session/582ce5f850a124cd0c5f6fc14f02a0d2/elements - {"using":"xpath","value":"//span[text()='Provide to site - Completed']"}
RESULT: {"using":"xpath","value":"//span[text()='Provide to site - Completed']"}
COMMAND: POST /session/582ce5f850a124cd0c5f6fc14f02a0d2/elements - {"using":"xpath","value":"//span[text()='Provide to site - Completed']"}
RESULT: {"using":"xpath","value":"//span[text()='Provide to site - Completed']"}
COMMAND: POST /session/582ce5f850a124cd0c5f6fc14f02a0d2/execute/async - {"script":"<script> [1562 bytes]","args":[{"selector":{"controlType":"sap.m.Button","viewName":"etm.portal.ui.managehandovers.view.DetailExecuteHO","i18NText":{"propertyName":"text","key":"pickQty"},"interaction":{"idSuffix":"BDI-content"}},"wdio_ui5_key":"etmportal.ui.managehandovers.view.DetailExecuteHOsap.m.Button{\"propertyName\":\"text\",\"key\":\"pickQty\"}"}]}
RESULT: {"script":"<script> [1562 bytes]","args":[{"selector":{"controlType":"sap.m.Button","viewName":"etm.portal.ui.managehandovers.view.DetailExecuteHO","i18NText":{"propertyName":"text","key":"pickQty"},"interaction":{"idSuffix":"BDI-content"}},"wdio_ui5_key":"etmportal.ui.managehandovers.view.DetailExecuteHOsap.m.Button{\"propertyName\":\"text\",\"key\":\"pickQty\"}"}]}
RESULT: undefined
COMMAND: POST /session/582ce5f850a124cd0c5f6fc14f02a0d2/execute/async - {"script":"<script> [1562 bytes]","args":[{"selector":{"controlType":"sap.m.Link","viewName":"etm.portal.ui.managehandovers.view.DetailExecuteHO","bindingPath":{"path":"","propertyPath":"/wmDoc","modelName":"warehouseMovModel"}},"wdio_ui5_key":"etmportal.ui.managehandovers.view.DetailExecuteHOsap.m.Link{\"path\":\"\",\"propertyPath\":\"/wmDoc\",\"modelName\":\"warehouseMovModel\"}"}]}
RESULT: {"script":"<script> [1562 bytes]","args":[{"selector":{"controlType":"sap.m.Link","viewName":"etm.portal.ui.managehandovers.view.DetailExecuteHO","bindingPath":{"path":"","propertyPath":"/wmDoc","modelName":"warehouseMovModel"}},"wdio_ui5_key":"etmportal.ui.managehandovers.view.DetailExecuteHOsap.m.Link{\"path\":\"\",\"propertyPath\":\"/wmDoc\",\"modelName\":\"warehouseMovModel\"}"}]}
RESULT: undefined
COMMAND: POST /session/582ce5f850a124cd0c5f6fc14f02a0d2/execute/async - {"script":"<script> [1562 bytes]","args":[{"selector":{"controlType":"sap.m.Link","viewName":"etm.portal.ui.managehandovers.view.DetailExecuteHO","properties":{"text":"Warehouse Overview"},"searchOpenDialogs":true},"wdio_ui5_key":"etmportal.ui.managehandovers.view.DetailExecuteHOsap.m.Link{\"text\":\"Warehouse Overview\"}"}]}
RESULT: {"script":"<script> [1562 bytes]","args":[{"selector":{"controlType":"sap.m.Link","viewName":"etm.portal.ui.managehandovers.view.DetailExecuteHO","properties":{"text":"Warehouse Overview"},"searchOpenDialogs":true},"wdio_ui5_key":"etmportal.ui.managehandovers.view.DetailExecuteHOsap.m.Link{\"text\":\"Warehouse Overview\"}"}]}
RESULT: undefined
COMMAND: POST /session/582ce5f850a124cd0c5f6fc14f02a0d2/execute/async - {"script":"<script> [1562 bytes]","args":[{"selector":{"controlType":"sap.m.Button","viewName":"etm.portal.ui.warehousemovements.view.DisplayMovement","viewId":"application-warehousemovements-display-component---displayMovement","i18NText":{"propertyName":"text","key":"execution"},"interaction":{"idSuffix":"BDI-content"}},"wdio_ui5_key":"etmportal.ui.warehousemovements.view.DisplayMovementsap.m.Button{\"propertyName\":\"text\",\"key\":\"execution\"}"}]}
RESULT: {"script":"<script> [1562 bytes]","args":[{"selector":{"controlType":"sap.m.Button","viewName":"etm.portal.ui.warehousemovements.view.DisplayMovement","viewId":"application-warehousemovements-display-component---displayMovement","i18NText":{"propertyName":"text","key":"execution"},"interaction":{"idSuffix":"BDI-content"}},"wdio_ui5_key":"etmportal.ui.warehousemovements.view.DisplayMovementsap.m.Button{\"propertyName\":\"text\",\"key\":\"execution\"}"}]}
RESULT: undefined
COMMAND: POST /session/582ce5f850a124cd0c5f6fc14f02a0d2/execute/async - {"script":"<script> [1562 bytes]","args":[{"selector":{"controlType":"sap.m.Button","viewName":"etm.portal.ui.warehousemovements.view.ExecuteMovement","viewId":"application-warehousemovements-display-component---executeMovement","properties":{"text":"Items"},"interaction":{"idSuffix":"BDI-content"}},"wdio_ui5_key":"etmportal.ui.warehousemovements.view.ExecuteMovementsap.m.Button{\"text\":\"Items\"}"}]}
RESULT: {"script":"<script> [1562 bytes]","args":[{"selector":{"controlType":"sap.m.Button","viewName":"etm.portal.ui.warehousemovements.view.ExecuteMovement","viewId":"application-warehousemovements-display-component---executeMovement","properties":{"text":"Items"},"interaction":{"idSuffix":"BDI-content"}},"wdio_ui5_key":"etmportal.ui.warehousemovements.view.ExecuteMovementsap.m.Button{\"text\":\"Items\"}"}]}
RESULT: undefined
COMMAND: POST /session/582ce5f850a124cd0c5f6fc14f02a0d2/execute/async - {"script":"<script> [1562 bytes]","args":[{"selector":{"controlType":"sap.m.ToggleButton","viewName":"etm.portal.ui.warehousemovements.view.ExecuteMovement","viewId":"application-warehousemovements-display-component---executeMovement","bindingPath":{"propertyPath":"STATUS","modelName":"catalogModel"},"interaction":{"idSuffix":"BDI-content"}},"wdio_ui5_key":"etmportal.ui.warehousemovements.view.ExecuteMovementsap.m.ToggleButton{\"propertyPath\":\"STATUS\",\"modelName\":\"catalogModel\"}"}]}
RESULT: {"script":"<script> [1562 bytes]","args":[{"selector":{"controlType":"sap.m.ToggleButton","viewName":"etm.portal.ui.warehousemovements.view.ExecuteMovement","viewId":"application-warehousemovements-display-component---executeMovement","bindingPath":{"propertyPath":"STATUS","modelName":"catalogModel"},"interaction":{"idSuffix":"BDI-content"}},"wdio_ui5_key":"etmportal.ui.warehousemovements.view.ExecuteMovementsap.m.ToggleButton{\"propertyPath\":\"STATUS\",\"modelName\":\"catalogModel\"}"}]}
RESULT: undefined
RESULT: undefined
RESULT: undefined
COMMAND: POST /session/582ce5f850a124cd0c5f6fc14f02a0d2/execute/async - {"script":"<script> [1562 bytes]","args":[{"selector":{"id":"application-warehousemovements-display-component---executeMovement--executeId","interaction":{"idSuffix":"BDI-content"}},"wdio_ui5_key":"applicationwarehousemovements-display-component---executeMovement--executeId"}]}
RESULT: {"script":"<script> [1562 bytes]","args":[{"selector":{"id":"application-warehousemovements-display-component---executeMovement--executeId","interaction":{"idSuffix":"BDI-content"}},"wdio_ui5_key":"applicationwarehousemovements-display-component---executeMovement--executeId"}]}
RESULT: undefined
COMMAND: POST /session/582ce5f850a124cd0c5f6fc14f02a0d2/element - {"using":"css selector","value":"#shell-header-logo"}
RESULT: {"using":"css selector","value":"#shell-header-logo"}
COMMAND: POST /session/582ce5f850a124cd0c5f6fc14f02a0d2/element/f.92142B0E1996143B500ED3F2A7F6BA2F.d.044BB02D5BF1467EB4587C49E537F49C.e.12835/click - {}
RESULT: {}
COMMAND: GET /session/582ce5f850a124cd0c5f6fc14f02a0d2/screenshot - {}
RESULT: {}
RESULT: undefined
COMMAND: POST /session/582ce5f850a124cd0c5f6fc14f02a0d2/element - {"using":"xpath","value":"//*[@id=\"__tile132\"]"}
RESULT: {"using":"xpath","value":"//*[@id=\"__tile132\"]"}
COMMAND: POST /session/582ce5f850a124cd0c5f6fc14f02a0d2/element/f.92142B0E1996143B500ED3F2A7F6BA2F.d.044BB02D5BF1467EB4587C49E537F49C.e.12072/click - {}
RESULT: {}
COMMAND: GET /session/582ce5f850a124cd0c5f6fc14f02a0d2/screenshot - {}
RESULT: {}
COMMAND: POST /session/582ce5f850a124cd0c5f6fc14f02a0d2/execute/async - {"script":"<script> [1562 bytes]","args":[{"selector":{"controlType":"sap.m.SearchField","viewName":"etm.portal.ui.managehandovers.view.MasterHO","bindingPath":{"propertyPath":"/_BASIC_SEARCH_FIELD","modelName":"fi1t3rM0d31"},"interaction":{"idSuffix":"I"}},"wdio_ui5_key":"etmportal.ui.managehandovers.view.MasterHOsap.m.SearchField{\"propertyPath\":\"/_BASIC_SEARCH_FIELD\",\"modelName\":\"fi1t3rM0d31\"}"}]}
RESULT: {"script":"<script> [1562 bytes]","args":[{"selector":{"controlType":"sap.m.SearchField","viewName":"etm.portal.ui.managehandovers.view.MasterHO","bindingPath":{"propertyPath":"/_BASIC_SEARCH_FIELD","modelName":"fi1t3rM0d31"},"interaction":{"idSuffix":"I"}},"wdio_ui5_key":"etmportal.ui.managehandovers.view.MasterHOsap.m.SearchField{\"propertyPath\":\"/_BASIC_SEARCH_FIELD\",\"modelName\":\"fi1t3rM0d31\"}"}]}
RESULT: undefined
COMMAND: POST /session/582ce5f850a124cd0c5f6fc14f02a0d2/execute/async - {"script":"<script> [776 bytes]","args":[{"enterText":"30495","selector":{"controlType":"sap.m.SearchField","viewName":"etm.portal.ui.managehandovers.view.MasterHO","bindingPath":{"propertyPath":"/_BASIC_SEARCH_FIELD","modelName":"fi1t3rM0d31"},"interaction":{"idSuffix":"I"}},"clearTextFirst":true,"interactionType":"ENTER_TEXT"}]}
RESULT: {"script":"<script> [776 bytes]","args":[{"enterText":"30495","selector":{"controlType":"sap.m.SearchField","viewName":"etm.portal.ui.managehandovers.view.MasterHO","bindingPath":{"propertyPath":"/_BASIC_SEARCH_FIELD","modelName":"fi1t3rM0d31"},"interaction":{"idSuffix":"I"}},"clearTextFirst":true,"interactionType":"ENTER_TEXT"}]}
COMMAND: POST /session/582ce5f850a124cd0c5f6fc14f02a0d2/actions - {"actions":[{"id":"action65","type":"key","parameters":{},"actions":[{"type":"keyDown","value":"î€‡"},{"type":"pause","duration":10},{"type":"keyUp","value":"î€‡"}]}]}
RESULT: {"actions":[{"id":"action65","type":"key","parameters":{},"actions":[{"type":"keyDown","value":"î€‡"},{"type":"pause","duration":10},{"type":"keyUp","value":"î€‡"}]}]}
COMMAND: GET /session/582ce5f850a124cd0c5f6fc14f02a0d2/screenshot - {}
RESULT: {}
RESULT: undefined
COMMAND: POST /session/582ce5f850a124cd0c5f6fc14f02a0d2/element - {"using":"xpath","value":"//*[@id=\"__item2892-__clone8149-imgNav\"]"}
RESULT: {"using":"xpath","value":"//*[@id=\"__item2892-__clone8149-imgNav\"]"}
COMMAND: POST /session/582ce5f850a124cd0c5f6fc14f02a0d2/elements - {"using":"xpath","value":"//*[@id=\"__item2892-__clone8149-imgNav\"]"}
RESULT: {"using":"xpath","value":"//*[@id=\"__item2892-__clone8149-imgNav\"]"}
COMMAND: POST /session/582ce5f850a124cd0c5f6fc14f02a0d2/elements - {"using":"xpath","value":"//*[@id=\"__item2892-__clone8149-imgNav\"]"}
RESULT: {"using":"xpath","value":"//*[@id=\"__item2892-__clone8149-imgNav\"]"}
COMMAND: POST /session/582ce5f850a124cd0c5f6fc14f02a0d2/elements - {"using":"xpath","value":"//*[@id=\"__item2892-__clone8149-imgNav\"]"}
RESULT: {"using":"xpath","value":"//*[@id=\"__item2892-__clone8149-imgNav\"]"}
COMMAND: POST /session/582ce5f850a124cd0c5f6fc14f02a0d2/elements - {"using":"xpath","value":"//*[@id=\"__item2892-__clone8149-imgNav\"]"}
RESULT: {"using":"xpath","value":"//*[@id=\"__item2892-__clone8149-imgNav\"]"}
COMMAND: POST /session/582ce5f850a124cd0c5f6fc14f02a0d2/elements - {"using":"xpath","value":"//*[@id=\"__item2892-__clone8149-imgNav\"]"}
RESULT: {"using":"xpath","value":"//*[@id=\"__item2892-__clone8149-imgNav\"]"}
COMMAND: POST /session/582ce5f850a124cd0c5f6fc14f02a0d2/elements - {"using":"xpath","value":"//*[@id=\"__item2892-__clone8149-imgNav\"]"}
RESULT: {"using":"xpath","value":"//*[@id=\"__item2892-__clone8149-imgNav\"]"}
COMMAND: POST /session/582ce5f850a124cd0c5f6fc14f02a0d2/elements - {"using":"xpath","value":"//*[@id=\"__item2892-__clone8149-imgNav\"]"}
RESULT: {"using":"xpath","value":"//*[@id=\"__item2892-__clone8149-imgNav\"]"}
COMMAND: POST /session/582ce5f850a124cd0c5f6fc14f02a0d2/elements - {"using":"xpath","value":"//*[@id=\"__item2892-__clone8149-imgNav\"]"}
RESULT: {"using":"xpath","value":"//*[@id=\"__item2892-__clone8149-imgNav\"]"}
COMMAND: POST /session/582ce5f850a124cd0c5f6fc14f02a0d2/elements - {"using":"xpath","value":"//*[@id=\"__item2892-__clone8149-imgNav\"]"}
RESULT: {"using":"xpath","value":"//*[@id=\"__item2892-__clone8149-imgNav\"]"}
COMMAND: POST /session/582ce5f850a124cd0c5f6fc14f02a0d2/elements - {"using":"xpath","value":"//*[@id=\"__item2892-__clone8149-imgNav\"]"}
RESULT: {"using":"xpath","value":"//*[@id=\"__item2892-__clone8149-imgNav\"]"}
COMMAND: POST /session/582ce5f850a124cd0c5f6fc14f02a0d2/elements - {"using":"xpath","value":"//*[@id=\"__item2892-__clone8149-imgNav\"]"}
RESULT: {"using":"xpath","value":"//*[@id=\"__item2892-__clone8149-imgNav\"]"}
COMMAND: POST /session/582ce5f850a124cd0c5f6fc14f02a0d2/elements - {"using":"xpath","value":"//*[@id=\"__item2892-__clone8149-imgNav\"]"}
RESULT: {"using":"xpath","value":"//*[@id=\"__item2892-__clone8149-imgNav\"]"}
COMMAND: POST /session/582ce5f850a124cd0c5f6fc14f02a0d2/elements - {"using":"xpath","value":"//*[@id=\"__item2892-__clone8149-imgNav\"]"}
RESULT: {"using":"xpath","value":"//*[@id=\"__item2892-__clone8149-imgNav\"]"}
COMMAND: POST /session/582ce5f850a124cd0c5f6fc14f02a0d2/elements - {"using":"xpath","value":"//*[@id=\"__item2892-__clone8149-imgNav\"]"}
RESULT: {"using":"xpath","value":"//*[@id=\"__item2892-__clone8149-imgNav\"]"}
COMMAND: POST /session/582ce5f850a124cd0c5f6fc14f02a0d2/elements - {"using":"xpath","value":"//*[@id=\"__item2892-__clone8149-imgNav\"]"}
RESULT: {"using":"xpath","value":"//*[@id=\"__item2892-__clone8149-imgNav\"]"}
COMMAND: POST /session/582ce5f850a124cd0c5f6fc14f02a0d2/elements - {"using":"xpath","value":"//*[@id=\"__item2892-__clone8149-imgNav\"]"}
RESULT: {"using":"xpath","value":"//*[@id=\"__item2892-__clone8149-imgNav\"]"}
COMMAND: POST /session/582ce5f850a124cd0c5f6fc14f02a0d2/elements - {"using":"xpath","value":"//*[@id=\"__item2892-__clone8149-imgNav\"]"}
RESULT: {"using":"xpath","value":"//*[@id=\"__item2892-__clone8149-imgNav\"]"}
COMMAND: POST /session/582ce5f850a124cd0c5f6fc14f02a0d2/elements - {"using":"xpath","value":"//*[@id=\"__item2892-__clone8149-imgNav\"]"}
RESULT: {"using":"xpath","value":"//*[@id=\"__item2892-__clone8149-imgNav\"]"}
COMMAND: POST /session/582ce5f850a124cd0c5f6fc14f02a0d2/elements - {"using":"xpath","value":"//*[@id=\"__item2892-__clone8149-imgNav\"]"}
RESULT: {"using":"xpath","value":"//*[@id=\"__item2892-__clone8149-imgNav\"]"}
COMMAND: POST /session/582ce5f850a124cd0c5f6fc14f02a0d2/elements - {"using":"xpath","value":"//*[@id=\"__item2892-__clone8149-imgNav\"]"}
RESULT: {"using":"xpath","value":"//*[@id=\"__item2892-__clone8149-imgNav\"]"}
COMMAND: POST /session/582ce5f850a124cd0c5f6fc14f02a0d2/elements - {"using":"xpath","value":"//*[@id=\"__item2892-__clone8149-imgNav\"]"}
RESULT: {"using":"xpath","value":"//*[@id=\"__item2892-__clone8149-imgNav\"]"}
COMMAND: POST /session/582ce5f850a124cd0c5f6fc14f02a0d2/elements - {"using":"xpath","value":"//*[@id=\"__item2892-__clone8149-imgNav\"]"}
RESULT: {"using":"xpath","value":"//*[@id=\"__item2892-__clone8149-imgNav\"]"}
COMMAND: POST /session/582ce5f850a124cd0c5f6fc14f02a0d2/elements - {"using":"xpath","value":"//*[@id=\"__item2892-__clone8149-imgNav\"]"}
RESULT: {"using":"xpath","value":"//*[@id=\"__item2892-__clone8149-imgNav\"]"}
COMMAND: POST /session/582ce5f850a124cd0c5f6fc14f02a0d2/elements - {"using":"xpath","value":"//*[@id=\"__item2892-__clone8149-imgNav\"]"}
RESULT: {"using":"xpath","value":"//*[@id=\"__item2892-__clone8149-imgNav\"]"}
COMMAND: POST /session/582ce5f850a124cd0c5f6fc14f02a0d2/elements - {"using":"xpath","value":"//*[@id=\"__item2892-__clone8149-imgNav\"]"}
RESULT: {"using":"xpath","value":"//*[@id=\"__item2892-__clone8149-imgNav\"]"}
COMMAND: POST /session/582ce5f850a124cd0c5f6fc14f02a0d2/elements - {"using":"xpath","value":"//*[@id=\"__item2892-__clone8149-imgNav\"]"}
RESULT: {"using":"xpath","value":"//*[@id=\"__item2892-__clone8149-imgNav\"]"}
COMMAND: POST /session/582ce5f850a124cd0c5f6fc14f02a0d2/elements - {"using":"xpath","value":"//*[@id=\"__item2892-__clone8149-imgNav\"]"}
RESULT: {"using":"xpath","value":"//*[@id=\"__item2892-__clone8149-imgNav\"]"}
COMMAND: POST /session/582ce5f850a124cd0c5f6fc14f02a0d2/elements - {"using":"xpath","value":"//*[@id=\"__item2892-__clone8149-imgNav\"]"}
RESULT: {"using":"xpath","value":"//*[@id=\"__item2892-__clone8149-imgNav\"]"}
COMMAND: POST /session/582ce5f850a124cd0c5f6fc14f02a0d2/elements - {"using":"xpath","value":"//*[@id=\"__item2892-__clone8149-imgNav\"]"}
RESULT: {"using":"xpath","value":"//*[@id=\"__item2892-__clone8149-imgNav\"]"}
COMMAND: POST /session/582ce5f850a124cd0c5f6fc14f02a0d2/elements - {"using":"xpath","value":"//*[@id=\"__item2892-__clone8149-imgNav\"]"}
RESULT: {"using":"xpath","value":"//*[@id=\"__item2892-__clone8149-imgNav\"]"}
COMMAND: POST /session/582ce5f850a124cd0c5f6fc14f02a0d2/elements - {"using":"xpath","value":"//*[@id=\"__item2892-__clone8149-imgNav\"]"}
RESULT: {"using":"xpath","value":"//*[@id=\"__item2892-__clone8149-imgNav\"]"}
COMMAND: POST /session/582ce5f850a124cd0c5f6fc14f02a0d2/elements - {"using":"xpath","value":"//*[@id=\"__item2892-__clone8149-imgNav\"]"}
RESULT: {"using":"xpath","value":"//*[@id=\"__item2892-__clone8149-imgNav\"]"}
COMMAND: POST /session/582ce5f850a124cd0c5f6fc14f02a0d2/elements - {"using":"xpath","value":"//*[@id=\"__item2892-__clone8149-imgNav\"]"}
RESULT: {"using":"xpath","value":"//*[@id=\"__item2892-__clone8149-imgNav\"]"}
COMMAND: POST /session/582ce5f850a124cd0c5f6fc14f02a0d2/elements - {"using":"xpath","value":"//*[@id=\"__item2892-__clone8149-imgNav\"]"}
RESULT: {"using":"xpath","value":"//*[@id=\"__item2892-__clone8149-imgNav\"]"}
COMMAND: POST /session/582ce5f850a124cd0c5f6fc14f02a0d2/elements - {"using":"xpath","value":"//*[@id=\"__item2892-__clone8149-imgNav\"]"}
RESULT: {"using":"xpath","value":"//*[@id=\"__item2892-__clone8149-imgNav\"]"}
COMMAND: POST /session/582ce5f850a124cd0c5f6fc14f02a0d2/elements - {"using":"xpath","value":"//*[@id=\"__item2892-__clone8149-imgNav\"]"}
RESULT: {"using":"xpath","value":"//*[@id=\"__item2892-__clone8149-imgNav\"]"}
COMMAND: POST /session/582ce5f850a124cd0c5f6fc14f02a0d2/elements - {"using":"xpath","value":"//*[@id=\"__item2892-__clone8149-imgNav\"]"}
RESULT: {"using":"xpath","value":"//*[@id=\"__item2892-__clone8149-imgNav\"]"}
COMMAND: POST /session/582ce5f850a124cd0c5f6fc14f02a0d2/elements - {"using":"xpath","value":"//*[@id=\"__item2892-__clone8149-imgNav\"]"}
RESULT: {"using":"xpath","value":"//*[@id=\"__item2892-__clone8149-imgNav\"]"}
COMMAND: POST /session/582ce5f850a124cd0c5f6fc14f02a0d2/elements - {"using":"xpath","value":"//*[@id=\"__item2892-__clone8149-imgNav\"]"}
RESULT: {"using":"xpath","value":"//*[@id=\"__item2892-__clone8149-imgNav\"]"}
COMMAND: POST /session/582ce5f850a124cd0c5f6fc14f02a0d2/elements - {"using":"xpath","value":"//*[@id=\"__item2892-__clone8149-imgNav\"]"}
RESULT: {"using":"xpath","value":"//*[@id=\"__item2892-__clone8149-imgNav\"]"}
COMMAND: POST /session/582ce5f850a124cd0c5f6fc14f02a0d2/elements - {"using":"xpath","value":"//*[@id=\"__item2892-__clone8149-imgNav\"]"}
RESULT: {"using":"xpath","value":"//*[@id=\"__item2892-__clone8149-imgNav\"]"}
COMMAND: POST /session/582ce5f850a124cd0c5f6fc14f02a0d2/elements - {"using":"xpath","value":"//*[@id=\"__item2892-__clone8149-imgNav\"]"}
RESULT: {"using":"xpath","value":"//*[@id=\"__item2892-__clone8149-imgNav\"]"}
COMMAND: POST /session/582ce5f850a124cd0c5f6fc14f02a0d2/elements - {"using":"xpath","value":"//*[@id=\"__item2892-__clone8149-imgNav\"]"}
RESULT: {"using":"xpath","value":"//*[@id=\"__item2892-__clone8149-imgNav\"]"}
COMMAND: POST /session/582ce5f850a124cd0c5f6fc14f02a0d2/elements - {"using":"xpath","value":"//*[@id=\"__item2892-__clone8149-imgNav\"]"}
RESULT: {"using":"xpath","value":"//*[@id=\"__item2892-__clone8149-imgNav\"]"}
COMMAND: POST /session/582ce5f850a124cd0c5f6fc14f02a0d2/elements - {"using":"xpath","value":"//*[@id=\"__item2892-__clone8149-imgNav\"]"}
RESULT: {"using":"xpath","value":"//*[@id=\"__item2892-__clone8149-imgNav\"]"}
COMMAND: POST /session/582ce5f850a124cd0c5f6fc14f02a0d2/elements - {"using":"xpath","value":"//*[@id=\"__item2892-__clone8149-imgNav\"]"}
RESULT: {"using":"xpath","value":"//*[@id=\"__item2892-__clone8149-imgNav\"]"}
COMMAND: POST /session/582ce5f850a124cd0c5f6fc14f02a0d2/elements - {"using":"xpath","value":"//*[@id=\"__item2892-__clone8149-imgNav\"]"}
RESULT: {"using":"xpath","value":"//*[@id=\"__item2892-__clone8149-imgNav\"]"}
COMMAND: POST /session/582ce5f850a124cd0c5f6fc14f02a0d2/elements - {"using":"xpath","value":"//*[@id=\"__item2892-__clone8149-imgNav\"]"}
RESULT: {"using":"xpath","value":"//*[@id=\"__item2892-__clone8149-imgNav\"]"}
COMMAND: POST /session/582ce5f850a124cd0c5f6fc14f02a0d2/elements - {"using":"xpath","value":"//*[@id=\"__item2892-__clone8149-imgNav\"]"}
RESULT: {"using":"xpath","value":"//*[@id=\"__item2892-__clone8149-imgNav\"]"}
COMMAND: POST /session/582ce5f850a124cd0c5f6fc14f02a0d2/elements - {"using":"xpath","value":"//*[@id=\"__item2892-__clone8149-imgNav\"]"}
RESULT: {"using":"xpath","value":"//*[@id=\"__item2892-__clone8149-imgNav\"]"}
COMMAND: POST /session/582ce5f850a124cd0c5f6fc14f02a0d2/elements - {"using":"xpath","value":"//*[@id=\"__item2892-__clone8149-imgNav\"]"}
RESULT: {"using":"xpath","value":"//*[@id=\"__item2892-__clone8149-imgNav\"]"}
COMMAND: POST /session/582ce5f850a124cd0c5f6fc14f02a0d2/elements - {"using":"xpath","value":"//*[@id=\"__item2892-__clone8149-imgNav\"]"}
RESULT: {"using":"xpath","value":"//*[@id=\"__item2892-__clone8149-imgNav\"]"}
COMMAND: POST /session/582ce5f850a124cd0c5f6fc14f02a0d2/elements - {"using":"xpath","value":"//*[@id=\"__item2892-__clone8149-imgNav\"]"}
RESULT: {"using":"xpath","value":"//*[@id=\"__item2892-__clone8149-imgNav\"]"}
COMMAND: POST /session/582ce5f850a124cd0c5f6fc14f02a0d2/elements - {"using":"xpath","value":"//*[@id=\"__item2892-__clone8149-imgNav\"]"}
RESULT: {"using":"xpath","value":"//*[@id=\"__item2892-__clone8149-imgNav\"]"}
COMMAND: POST /session/582ce5f850a124cd0c5f6fc14f02a0d2/elements - {"using":"xpath","value":"//*[@id=\"__item2892-__clone8149-imgNav\"]"}
RESULT: {"using":"xpath","value":"//*[@id=\"__item2892-__clone8149-imgNav\"]"}
COMMAND: POST /session/582ce5f850a124cd0c5f6fc14f02a0d2/elements - {"using":"xpath","value":"//*[@id=\"__item2892-__clone8149-imgNav\"]"}
RESULT: {"using":"xpath","value":"//*[@id=\"__item2892-__clone8149-imgNav\"]"}
COMMAND: POST /session/582ce5f850a124cd0c5f6fc14f02a0d2/elements - {"using":"xpath","value":"//*[@id=\"__item2892-__clone8149-imgNav\"]"}
RESULT: {"using":"xpath","value":"//*[@id=\"__item2892-__clone8149-imgNav\"]"}
COMMAND: POST /session/582ce5f850a124cd0c5f6fc14f02a0d2/elements - {"using":"xpath","value":"//*[@id=\"__item2892-__clone8149-imgNav\"]"}
RESULT: {"using":"xpath","value":"//*[@id=\"__item2892-__clone8149-imgNav\"]"}
COMMAND: POST /session/582ce5f850a124cd0c5f6fc14f02a0d2/elements - {"using":"xpath","value":"//*[@id=\"__item2892-__clone8149-imgNav\"]"}
RESULT: {"using":"xpath","value":"//*[@id=\"__item2892-__clone8149-imgNav\"]"}
COMMAND: POST /session/582ce5f850a124cd0c5f6fc14f02a0d2/elements - {"using":"xpath","value":"//*[@id=\"__item2892-__clone8149-imgNav\"]"}
RESULT: {"using":"xpath","value":"//*[@id=\"__item2892-__clone8149-imgNav\"]"}
COMMAND: POST /session/582ce5f850a124cd0c5f6fc14f02a0d2/elements - {"using":"xpath","value":"//*[@id=\"__item2892-__clone8149-imgNav\"]"}
RESULT: {"using":"xpath","value":"//*[@id=\"__item2892-__clone8149-imgNav\"]"}
COMMAND: POST /session/582ce5f850a124cd0c5f6fc14f02a0d2/elements - {"using":"xpath","value":"//*[@id=\"__item2892-__clone8149-imgNav\"]"}
RESULT: {"using":"xpath","value":"//*[@id=\"__item2892-__clone8149-imgNav\"]"}
COMMAND: POST /session/582ce5f850a124cd0c5f6fc14f02a0d2/elements - {"using":"xpath","value":"//*[@id=\"__item2892-__clone8149-imgNav\"]"}
RESULT: {"using":"xpath","value":"//*[@id=\"__item2892-__clone8149-imgNav\"]"}
COMMAND: POST /session/582ce5f850a124cd0c5f6fc14f02a0d2/elements - {"using":"xpath","value":"//*[@id=\"__item2892-__clone8149-imgNav\"]"}
RESULT: {"using":"xpath","value":"//*[@id=\"__item2892-__clone8149-imgNav\"]"}
COMMAND: POST /session/582ce5f850a124cd0c5f6fc14f02a0d2/elements - {"using":"xpath","value":"//*[@id=\"__item2892-__clone8149-imgNav\"]"}
RESULT: {"using":"xpath","value":"//*[@id=\"__item2892-__clone8149-imgNav\"]"}
COMMAND: POST /session/582ce5f850a124cd0c5f6fc14f02a0d2/elements - {"using":"xpath","value":"//*[@id=\"__item2892-__clone8149-imgNav\"]"}
RESULT: {"using":"xpath","value":"//*[@id=\"__item2892-__clone8149-imgNav\"]"}
COMMAND: POST /session/582ce5f850a124cd0c5f6fc14f02a0d2/elements - {"using":"xpath","value":"//*[@id=\"__item2892-__clone8149-imgNav\"]"}
RESULT: {"using":"xpath","value":"//*[@id=\"__item2892-__clone8149-imgNav\"]"}
COMMAND: POST /session/582ce5f850a124cd0c5f6fc14f02a0d2/elements - {"using":"xpath","value":"//*[@id=\"__item2892-__clone8149-imgNav\"]"}
RESULT: {"using":"xpath","value":"//*[@id=\"__item2892-__clone8149-imgNav\"]"}
COMMAND: POST /session/582ce5f850a124cd0c5f6fc14f02a0d2/elements - {"using":"xpath","value":"//*[@id=\"__item2892-__clone8149-imgNav\"]"}
RESULT: {"using":"xpath","value":"//*[@id=\"__item2892-__clone8149-imgNav\"]"}
COMMAND: POST /session/582ce5f850a124cd0c5f6fc14f02a0d2/elements - {"using":"xpath","value":"//*[@id=\"__item2892-__clone8149-imgNav\"]"}
RESULT: {"using":"xpath","value":"//*[@id=\"__item2892-__clone8149-imgNav\"]"}
COMMAND: POST /session/582ce5f850a124cd0c5f6fc14f02a0d2/elements - {"using":"xpath","value":"//*[@id=\"__item2892-__clone8149-imgNav\"]"}
RESULT: {"using":"xpath","value":"//*[@id=\"__item2892-__clone8149-imgNav\"]"}
COMMAND: POST /session/582ce5f850a124cd0c5f6fc14f02a0d2/elements - {"using":"xpath","value":"//*[@id=\"__item2892-__clone8149-imgNav\"]"}
RESULT: {"using":"xpath","value":"//*[@id=\"__item2892-__clone8149-imgNav\"]"}
COMMAND: POST /session/582ce5f850a124cd0c5f6fc14f02a0d2/elements - {"using":"xpath","value":"//*[@id=\"__item2892-__clone8149-imgNav\"]"}
RESULT: {"using":"xpath","value":"//*[@id=\"__item2892-__clone8149-imgNav\"]"}
COMMAND: POST /session/582ce5f850a124cd0c5f6fc14f02a0d2/elements - {"using":"xpath","value":"//*[@id=\"__item2892-__clone8149-imgNav\"]"}
RESULT: {"using":"xpath","value":"//*[@id=\"__item2892-__clone8149-imgNav\"]"}
COMMAND: POST /session/582ce5f850a124cd0c5f6fc14f02a0d2/elements - {"using":"xpath","value":"//*[@id=\"__item2892-__clone8149-imgNav\"]"}
RESULT: {"using":"xpath","value":"//*[@id=\"__item2892-__clone8149-imgNav\"]"}
COMMAND: POST /session/582ce5f850a124cd0c5f6fc14f02a0d2/elements - {"using":"xpath","value":"//*[@id=\"__item2892-__clone8149-imgNav\"]"}
RESULT: {"using":"xpath","value":"//*[@id=\"__item2892-__clone8149-imgNav\"]"}
COMMAND: POST /session/582ce5f850a124cd0c5f6fc14f02a0d2/elements - {"using":"xpath","value":"//*[@id=\"__item2892-__clone8149-imgNav\"]"}
RESULT: {"using":"xpath","value":"//*[@id=\"__item2892-__clone8149-imgNav\"]"}
COMMAND: POST /session/582ce5f850a124cd0c5f6fc14f02a0d2/elements - {"using":"xpath","value":"//*[@id=\"__item2892-__clone8149-imgNav\"]"}
RESULT: {"using":"xpath","value":"//*[@id=\"__item2892-__clone8149-imgNav\"]"}
COMMAND: POST /session/582ce5f850a124cd0c5f6fc14f02a0d2/elements - {"using":"xpath","value":"//*[@id=\"__item2892-__clone8149-imgNav\"]"}
RESULT: {"using":"xpath","value":"//*[@id=\"__item2892-__clone8149-imgNav\"]"}
COMMAND: POST /session/582ce5f850a124cd0c5f6fc14f02a0d2/elements - {"using":"xpath","value":"//*[@id=\"__item2892-__clone8149-imgNav\"]"}
RESULT: {"using":"xpath","value":"//*[@id=\"__item2892-__clone8149-imgNav\"]"}
COMMAND: POST /session/582ce5f850a124cd0c5f6fc14f02a0d2/elements - {"using":"xpath","value":"//*[@id=\"__item2892-__clone8149-imgNav\"]"}
RESULT: {"using":"xpath","value":"//*[@id=\"__item2892-__clone8149-imgNav\"]"}
COMMAND: POST /session/582ce5f850a124cd0c5f6fc14f02a0d2/elements - {"using":"xpath","value":"//*[@id=\"__item2892-__clone8149-imgNav\"]"}
RESULT: {"using":"xpath","value":"//*[@id=\"__item2892-__clone8149-imgNav\"]"}
COMMAND: POST /session/582ce5f850a124cd0c5f6fc14f02a0d2/elements - {"using":"xpath","value":"//*[@id=\"__item2892-__clone8149-imgNav\"]"}
RESULT: {"using":"xpath","value":"//*[@id=\"__item2892-__clone8149-imgNav\"]"}
COMMAND: POST /session/582ce5f850a124cd0c5f6fc14f02a0d2/elements - {"using":"xpath","value":"//*[@id=\"__item2892-__clone8149-imgNav\"]"}
RESULT: {"using":"xpath","value":"//*[@id=\"__item2892-__clone8149-imgNav\"]"}
COMMAND: POST /session/582ce5f850a124cd0c5f6fc14f02a0d2/elements - {"using":"xpath","value":"//*[@id=\"__item2892-__clone8149-imgNav\"]"}
RESULT: {"using":"xpath","value":"//*[@id=\"__item2892-__clone8149-imgNav\"]"}
COMMAND: POST /session/582ce5f850a124cd0c5f6fc14f02a0d2/elements - {"using":"xpath","value":"//*[@id=\"__item2892-__clone8149-imgNav\"]"}
RESULT: {"using":"xpath","value":"//*[@id=\"__item2892-__clone8149-imgNav\"]"}
COMMAND: POST /session/582ce5f850a124cd0c5f6fc14f02a0d2/elements - {"using":"xpath","value":"//*[@id=\"__item2892-__clone8149-imgNav\"]"}
RESULT: {"using":"xpath","value":"//*[@id=\"__item2892-__clone8149-imgNav\"]"}
COMMAND: POST /session/582ce5f850a124cd0c5f6fc14f02a0d2/elements - {"using":"xpath","value":"//*[@id=\"__item2892-__clone8149-imgNav\"]"}
RESULT: {"using":"xpath","value":"//*[@id=\"__item2892-__clone8149-imgNav\"]"}
COMMAND: POST /session/582ce5f850a124cd0c5f6fc14f02a0d2/elements - {"using":"xpath","value":"//*[@id=\"__item2892-__clone8149-imgNav\"]"}
RESULT: {"using":"xpath","value":"//*[@id=\"__item2892-__clone8149-imgNav\"]"}
COMMAND: POST /session/582ce5f850a124cd0c5f6fc14f02a0d2/elements - {"using":"xpath","value":"//*[@id=\"__item2892-__clone8149-imgNav\"]"}
RESULT: {"using":"xpath","value":"//*[@id=\"__item2892-__clone8149-imgNav\"]"}
COMMAND: POST /session/582ce5f850a124cd0c5f6fc14f02a0d2/elements - {"using":"xpath","value":"//*[@id=\"__item2892-__clone8149-imgNav\"]"}
RESULT: {"using":"xpath","value":"//*[@id=\"__item2892-__clone8149-imgNav\"]"}
COMMAND: POST /session/582ce5f850a124cd0c5f6fc14f02a0d2/elements - {"using":"xpath","value":"//*[@id=\"__item2892-__clone8149-imgNav\"]"}
RESULT: {"using":"xpath","value":"//*[@id=\"__item2892-__clone8149-imgNav\"]"}
COMMAND: POST /session/582ce5f850a124cd0c5f6fc14f02a0d2/elements - {"using":"xpath","value":"//*[@id=\"__item2892-__clone8149-imgNav\"]"}
RESULT: {"using":"xpath","value":"//*[@id=\"__item2892-__clone8149-imgNav\"]"}
COMMAND: POST /session/582ce5f850a124cd0c5f6fc14f02a0d2/elements - {"using":"xpath","value":"//*[@id=\"__item2892-__clone8149-imgNav\"]"}
RESULT: {"using":"xpath","value":"//*[@id=\"__item2892-__clone8149-imgNav\"]"}
COMMAND: POST /session/582ce5f850a124cd0c5f6fc14f02a0d2/elements - {"using":"xpath","value":"//*[@id=\"__item2892-__clone8149-imgNav\"]"}
RESULT: {"using":"xpath","value":"//*[@id=\"__item2892-__clone8149-imgNav\"]"}
COMMAND: POST /session/582ce5f850a124cd0c5f6fc14f02a0d2/elements - {"using":"xpath","value":"//*[@id=\"__item2892-__clone8149-imgNav\"]"}
RESULT: {"using":"xpath","value":"//*[@id=\"__item2892-__clone8149-imgNav\"]"}
COMMAND: POST /session/582ce5f850a124cd0c5f6fc14f02a0d2/elements - {"using":"xpath","value":"//*[@id=\"__item2892-__clone8149-imgNav\"]"}
RESULT: {"using":"xpath","value":"//*[@id=\"__item2892-__clone8149-imgNav\"]"}
COMMAND: POST /session/582ce5f850a124cd0c5f6fc14f02a0d2/elements - {"using":"xpath","value":"//*[@id=\"__item2892-__clone8149-imgNav\"]"}
RESULT: {"using":"xpath","value":"//*[@id=\"__item2892-__clone8149-imgNav\"]"}
COMMAND: POST /session/582ce5f850a124cd0c5f6fc14f02a0d2/elements - {"using":"xpath","value":"//*[@id=\"__item2892-__clone8149-imgNav\"]"}
RESULT: {"using":"xpath","value":"//*[@id=\"__item2892-__clone8149-imgNav\"]"}
COMMAND: POST /session/582ce5f850a124cd0c5f6fc14f02a0d2/elements - {"using":"xpath","value":"//*[@id=\"__item2892-__clone8149-imgNav\"]"}
RESULT: {"using":"xpath","value":"//*[@id=\"__item2892-__clone8149-imgNav\"]"}
COMMAND: POST /session/582ce5f850a124cd0c5f6fc14f02a0d2/elements - {"using":"xpath","value":"//*[@id=\"__item2892-__clone8149-imgNav\"]"}
RESULT: {"using":"xpath","value":"//*[@id=\"__item2892-__clone8149-imgNav\"]"}
COMMAND: POST /session/582ce5f850a124cd0c5f6fc14f02a0d2/elements - {"using":"xpath","value":"//*[@id=\"__item2892-__clone8149-imgNav\"]"}
RESULT: {"using":"xpath","value":"//*[@id=\"__item2892-__clone8149-imgNav\"]"}
COMMAND: POST /session/582ce5f850a124cd0c5f6fc14f02a0d2/elements - {"using":"xpath","value":"//*[@id=\"__item2892-__clone8149-imgNav\"]"}
RESULT: {"using":"xpath","value":"//*[@id=\"__item2892-__clone8149-imgNav\"]"}
COMMAND: POST /session/582ce5f850a124cd0c5f6fc14f02a0d2/elements - {"using":"xpath","value":"//*[@id=\"__item2892-__clone8149-imgNav\"]"}
RESULT: {"using":"xpath","value":"//*[@id=\"__item2892-__clone8149-imgNav\"]"}
COMMAND: POST /session/582ce5f850a124cd0c5f6fc14f02a0d2/elements - {"using":"xpath","value":"//*[@id=\"__item2892-__clone8149-imgNav\"]"}
RESULT: {"using":"xpath","value":"//*[@id=\"__item2892-__clone8149-imgNav\"]"}
COMMAND: POST /session/582ce5f850a124cd0c5f6fc14f02a0d2/elements - {"using":"xpath","value":"//*[@id=\"__item2892-__clone8149-imgNav\"]"}
RESULT: {"using":"xpath","value":"//*[@id=\"__item2892-__clone8149-imgNav\"]"}
COMMAND: POST /session/582ce5f850a124cd0c5f6fc14f02a0d2/elements - {"using":"xpath","value":"//*[@id=\"__item2892-__clone8149-imgNav\"]"}
RESULT: {"using":"xpath","value":"//*[@id=\"__item2892-__clone8149-imgNav\"]"}
COMMAND: POST /session/582ce5f850a124cd0c5f6fc14f02a0d2/elements - {"using":"xpath","value":"//*[@id=\"__item2892-__clone8149-imgNav\"]"}
RESULT: {"using":"xpath","value":"//*[@id=\"__item2892-__clone8149-imgNav\"]"}
COMMAND: POST /session/582ce5f850a124cd0c5f6fc14f02a0d2/elements - {"using":"xpath","value":"//*[@id=\"__item2892-__clone8149-imgNav\"]"}
RESULT: {"using":"xpath","value":"//*[@id=\"__item2892-__clone8149-imgNav\"]"}
COMMAND: POST /session/582ce5f850a124cd0c5f6fc14f02a0d2/elements - {"using":"xpath","value":"//*[@id=\"__item2892-__clone8149-imgNav\"]"}
RESULT: {"using":"xpath","value":"//*[@id=\"__item2892-__clone8149-imgNav\"]"}
COMMAND: POST /session/582ce5f850a124cd0c5f6fc14f02a0d2/elements - {"using":"xpath","value":"//*[@id=\"__item2892-__clone8149-imgNav\"]"}
RESULT: {"using":"xpath","value":"//*[@id=\"__item2892-__clone8149-imgNav\"]"}
COMMAND: POST /session/582ce5f850a124cd0c5f6fc14f02a0d2/elements - {"using":"xpath","value":"//*[@id=\"__item2892-__clone8149-imgNav\"]"}
RESULT: {"using":"xpath","value":"//*[@id=\"__item2892-__clone8149-imgNav\"]"}
COMMAND: POST /session/582ce5f850a124cd0c5f6fc14f02a0d2/elements - {"using":"xpath","value":"//*[@id=\"__item2892-__clone8149-imgNav\"]"}
RESULT: {"using":"xpath","value":"//*[@id=\"__item2892-__clone8149-imgNav\"]"}
COMMAND: POST /session/582ce5f850a124cd0c5f6fc14f02a0d2/elements - {"using":"xpath","value":"//*[@id=\"__item2892-__clone8149-imgNav\"]"}
RESULT: {"using":"xpath","value":"//*[@id=\"__item2892-__clone8149-imgNav\"]"}
COMMAND: POST /session/582ce5f850a124cd0c5f6fc14f02a0d2/elements - {"using":"xpath","value":"//*[@id=\"__item2892-__clone8149-imgNav\"]"}
RESULT: {"using":"xpath","value":"//*[@id=\"__item2892-__clone8149-imgNav\"]"}
COMMAND: POST /session/582ce5f850a124cd0c5f6fc14f02a0d2/elements - {"using":"xpath","value":"//*[@id=\"__item2892-__clone8149-imgNav\"]"}
RESULT: {"using":"xpath","value":"//*[@id=\"__item2892-__clone8149-imgNav\"]"}
COMMAND: POST /session/582ce5f850a124cd0c5f6fc14f02a0d2/elements - {"using":"xpath","value":"//*[@id=\"__item2892-__clone8149-imgNav\"]"}
RESULT: {"using":"xpath","value":"//*[@id=\"__item2892-__clone8149-imgNav\"]"}
COMMAND: POST /session/582ce5f850a124cd0c5f6fc14f02a0d2/elements - {"using":"xpath","value":"//*[@id=\"__item2892-__clone8149-imgNav\"]"}
RESULT: {"using":"xpath","value":"//*[@id=\"__item2892-__clone8149-imgNav\"]"}
COMMAND: POST /session/582ce5f850a124cd0c5f6fc14f02a0d2/elements - {"using":"xpath","value":"//*[@id=\"__item2892-__clone8149-imgNav\"]"}
RESULT: {"using":"xpath","value":"//*[@id=\"__item2892-__clone8149-imgNav\"]"}
COMMAND: POST /session/582ce5f850a124cd0c5f6fc14f02a0d2/elements - {"using":"xpath","value":"//*[@id=\"__item2892-__clone8149-imgNav\"]"}
RESULT: {"using":"xpath","value":"//*[@id=\"__item2892-__clone8149-imgNav\"]"}
COMMAND: POST /session/582ce5f850a124cd0c5f6fc14f02a0d2/elements - {"using":"xpath","value":"//*[@id=\"__item2892-__clone8149-imgNav\"]"}
COMMAND: POST /session/582ce5f850a124cd0c5f6fc14f02a0d2/execute/async - {"script":"<script> [1562 bytes]","args":[{"selector":{"controlType":"sap.m.Button","viewName":"etm.portal.ui.managehandovers.view.DetailExecuteHO","i18NText":{"propertyName":"text","key":"confirmAll"},"interaction":{"idSuffix":"BDI-content"}},"wdio_ui5_key":"etmportal.ui.managehandovers.view.DetailExecuteHOsap.m.Button{\"propertyName\":\"text\",\"key\":\"confirmAll\"}"}]}
RESULT: {"using":"xpath","value":"//*[@id=\"__item2892-__clone8149-imgNav\"]"}
RESULT: {"script":"<script> [1562 bytes]","args":[{"selector":{"controlType":"sap.m.Button","viewName":"etm.portal.ui.managehandovers.view.DetailExecuteHO","i18NText":{"propertyName":"text","key":"confirmAll"},"interaction":{"idSuffix":"BDI-content"}},"wdio_ui5_key":"etmportal.ui.managehandovers.view.DetailExecuteHOsap.m.Button{\"propertyName\":\"text\",\"key\":\"confirmAll\"}"}]}
RESULT: undefined
COMMAND: POST /session/582ce5f850a124cd0c5f6fc14f02a0d2/actions - {"actions":[{"id":"action66","type":"key","parameters":{},"actions":[{"type":"keyDown","value":"î€‡"},{"type":"pause","duration":10},{"type":"keyUp","value":"î€‡"}]}]}
RESULT: {"actions":[{"id":"action66","type":"key","parameters":{},"actions":[{"type":"keyDown","value":"î€‡"},{"type":"pause","duration":10},{"type":"keyUp","value":"î€‡"}]}]}
COMMAND: GET /session/582ce5f850a124cd0c5f6fc14f02a0d2/screenshot - {}
RESULT: {}
COMMAND: POST /session/582ce5f850a124cd0c5f6fc14f02a0d2/execute/async - {"script":"<script> [1562 bytes]","args":[{"selector":{"id":"confirmationButton","viewName":"etm.portal.ui.managehandovers.view.DetailExecuteHO","properties":{"text":"Issue"},"interaction":{"idSuffix":"BDI-content"}},"wdio_ui5_key":"confirmationButtonetmportal.ui.managehandovers.view.DetailExecuteHO{\"text\":\"Issue\"}"}]}
RESULT: {"script":"<script> [1562 bytes]","args":[{"selector":{"id":"confirmationButton","viewName":"etm.portal.ui.managehandovers.view.DetailExecuteHO","properties":{"text":"Issue"},"interaction":{"idSuffix":"BDI-content"}},"wdio_ui5_key":"confirmationButtonetmportal.ui.managehandovers.view.DetailExecuteHO{\"text\":\"Issue\"}"}]}
RESULT: undefined
RESULT: undefined
COMMAND: POST /session/582ce5f850a124cd0c5f6fc14f02a0d2/execute/async - {"script":"<script> [776 bytes]","args":[{"enterText":"30495","selector":{"controlType":"sap.m.SearchField","viewName":"etm.portal.ui.managehandovers.view.MasterHO","bindingPath":{"propertyPath":"/_BASIC_SEARCH_FIELD","modelName":"fi1t3rM0d31"},"interaction":{"idSuffix":"I"}},"clearTextFirst":true,"interactionType":"ENTER_TEXT"}]}
RESULT: {"script":"<script> [776 bytes]","args":[{"enterText":"30495","selector":{"controlType":"sap.m.SearchField","viewName":"etm.portal.ui.managehandovers.view.MasterHO","bindingPath":{"propertyPath":"/_BASIC_SEARCH_FIELD","modelName":"fi1t3rM0d31"},"interaction":{"idSuffix":"I"}},"clearTextFirst":true,"interactionType":"ENTER_TEXT"}]}
COMMAND: POST /session/582ce5f850a124cd0c5f6fc14f02a0d2/actions - {"actions":[{"id":"action67","type":"key","parameters":{},"actions":[{"type":"keyDown","value":"î€‡"},{"type":"pause","duration":10},{"type":"keyUp","value":"î€‡"}]}]}
RESULT: {"actions":[{"id":"action67","type":"key","parameters":{},"actions":[{"type":"keyDown","value":"î€‡"},{"type":"pause","duration":10},{"type":"keyUp","value":"î€‡"}]}]}
COMMAND: GET /session/582ce5f850a124cd0c5f6fc14f02a0d2/screenshot - {}
RESULT: {}
RESULT: undefined
COMMAND: POST /session/582ce5f850a124cd0c5f6fc14f02a0d2/element - {"using":"xpath","value":"//*[@id=\"__item2892-__clone8149-imgNav\"]"}
RESULT: {"using":"xpath","value":"//*[@id=\"__item2892-__clone8149-imgNav\"]"}
COMMAND: POST /session/582ce5f850a124cd0c5f6fc14f02a0d2/elements - {"using":"xpath","value":"//*[@id=\"__item2892-__clone8149-imgNav\"]"}
RESULT: {"using":"xpath","value":"//*[@id=\"__item2892-__clone8149-imgNav\"]"}
COMMAND: POST /session/582ce5f850a124cd0c5f6fc14f02a0d2/elements - {"using":"xpath","value":"//*[@id=\"__item2892-__clone8149-imgNav\"]"}
RESULT: {"using":"xpath","value":"//*[@id=\"__item2892-__clone8149-imgNav\"]"}
COMMAND: POST /session/582ce5f850a124cd0c5f6fc14f02a0d2/elements - {"using":"xpath","value":"//*[@id=\"__item2892-__clone8149-imgNav\"]"}
RESULT: {"using":"xpath","value":"//*[@id=\"__item2892-__clone8149-imgNav\"]"}
COMMAND: POST /session/582ce5f850a124cd0c5f6fc14f02a0d2/elements - {"using":"xpath","value":"//*[@id=\"__item2892-__clone8149-imgNav\"]"}
RESULT: {"using":"xpath","value":"//*[@id=\"__item2892-__clone8149-imgNav\"]"}
COMMAND: POST /session/582ce5f850a124cd0c5f6fc14f02a0d2/elements - {"using":"xpath","value":"//*[@id=\"__item2892-__clone8149-imgNav\"]"}
RESULT: {"using":"xpath","value":"//*[@id=\"__item2892-__clone8149-imgNav\"]"}
COMMAND: POST /session/582ce5f850a124cd0c5f6fc14f02a0d2/elements - {"using":"xpath","value":"//*[@id=\"__item2892-__clone8149-imgNav\"]"}
RESULT: {"using":"xpath","value":"//*[@id=\"__item2892-__clone8149-imgNav\"]"}
COMMAND: POST /session/582ce5f850a124cd0c5f6fc14f02a0d2/elements - {"using":"xpath","value":"//*[@id=\"__item2892-__clone8149-imgNav\"]"}
RESULT: {"using":"xpath","value":"//*[@id=\"__item2892-__clone8149-imgNav\"]"}
COMMAND: POST /session/582ce5f850a124cd0c5f6fc14f02a0d2/elements - {"using":"xpath","value":"//*[@id=\"__item2892-__clone8149-imgNav\"]"}
RESULT: {"using":"xpath","value":"//*[@id=\"__item2892-__clone8149-imgNav\"]"}
COMMAND: POST /session/582ce5f850a124cd0c5f6fc14f02a0d2/elements - {"using":"xpath","value":"//*[@id=\"__item2892-__clone8149-imgNav\"]"}
RESULT: {"using":"xpath","value":"//*[@id=\"__item2892-__clone8149-imgNav\"]"}
COMMAND: POST /session/582ce5f850a124cd0c5f6fc14f02a0d2/elements - {"using":"xpath","value":"//*[@id=\"__item2892-__clone8149-imgNav\"]"}
RESULT: {"using":"xpath","value":"//*[@id=\"__item2892-__clone8149-imgNav\"]"}
COMMAND: POST /session/582ce5f850a124cd0c5f6fc14f02a0d2/elements - {"using":"xpath","value":"//*[@id=\"__item2892-__clone8149-imgNav\"]"}
RESULT: {"using":"xpath","value":"//*[@id=\"__item2892-__clone8149-imgNav\"]"}
COMMAND: POST /session/582ce5f850a124cd0c5f6fc14f02a0d2/elements - {"using":"xpath","value":"//*[@id=\"__item2892-__clone8149-imgNav\"]"}
RESULT: {"using":"xpath","value":"//*[@id=\"__item2892-__clone8149-imgNav\"]"}
COMMAND: POST /session/582ce5f850a124cd0c5f6fc14f02a0d2/elements - {"using":"xpath","value":"//*[@id=\"__item2892-__clone8149-imgNav\"]"}
RESULT: {"using":"xpath","value":"//*[@id=\"__item2892-__clone8149-imgNav\"]"}
COMMAND: POST /session/582ce5f850a124cd0c5f6fc14f02a0d2/elements - {"using":"xpath","value":"//*[@id=\"__item2892-__clone8149-imgNav\"]"}
RESULT: {"using":"xpath","value":"//*[@id=\"__item2892-__clone8149-imgNav\"]"}
COMMAND: POST /session/582ce5f850a124cd0c5f6fc14f02a0d2/elements - {"using":"xpath","value":"//*[@id=\"__item2892-__clone8149-imgNav\"]"}
RESULT: {"using":"xpath","value":"//*[@id=\"__item2892-__clone8149-imgNav\"]"}
COMMAND: POST /session/582ce5f850a124cd0c5f6fc14f02a0d2/elements - {"using":"xpath","value":"//*[@id=\"__item2892-__clone8149-imgNav\"]"}
RESULT: {"using":"xpath","value":"//*[@id=\"__item2892-__clone8149-imgNav\"]"}
COMMAND: POST /session/582ce5f850a124cd0c5f6fc14f02a0d2/elements - {"using":"xpath","value":"//*[@id=\"__item2892-__clone8149-imgNav\"]"}
RESULT: {"using":"xpath","value":"//*[@id=\"__item2892-__clone8149-imgNav\"]"}
COMMAND: POST /session/582ce5f850a124cd0c5f6fc14f02a0d2/elements - {"using":"xpath","value":"//*[@id=\"__item2892-__clone8149-imgNav\"]"}
RESULT: {"using":"xpath","value":"//*[@id=\"__item2892-__clone8149-imgNav\"]"}
COMMAND: POST /session/582ce5f850a124cd0c5f6fc14f02a0d2/elements - {"using":"xpath","value":"//*[@id=\"__item2892-__clone8149-imgNav\"]"}
RESULT: {"using":"xpath","value":"//*[@id=\"__item2892-__clone8149-imgNav\"]"}
COMMAND: POST /session/582ce5f850a124cd0c5f6fc14f02a0d2/elements - {"using":"xpath","value":"//*[@id=\"__item2892-__clone8149-imgNav\"]"}
RESULT: {"using":"xpath","value":"//*[@id=\"__item2892-__clone8149-imgNav\"]"}
COMMAND: POST /session/582ce5f850a124cd0c5f6fc14f02a0d2/elements - {"using":"xpath","value":"//*[@id=\"__item2892-__clone8149-imgNav\"]"}
RESULT: {"using":"xpath","value":"//*[@id=\"__item2892-__clone8149-imgNav\"]"}
COMMAND: POST /session/582ce5f850a124cd0c5f6fc14f02a0d2/elements - {"using":"xpath","value":"//*[@id=\"__item2892-__clone8149-imgNav\"]"}
RESULT: {"using":"xpath","value":"//*[@id=\"__item2892-__clone8149-imgNav\"]"}
COMMAND: POST /session/582ce5f850a124cd0c5f6fc14f02a0d2/elements - {"using":"xpath","value":"//*[@id=\"__item2892-__clone8149-imgNav\"]"}
RESULT: {"using":"xpath","value":"//*[@id=\"__item2892-__clone8149-imgNav\"]"}
COMMAND: POST /session/582ce5f850a124cd0c5f6fc14f02a0d2/elements - {"using":"xpath","value":"//*[@id=\"__item2892-__clone8149-imgNav\"]"}
RESULT: {"using":"xpath","value":"//*[@id=\"__item2892-__clone8149-imgNav\"]"}
COMMAND: POST /session/582ce5f850a124cd0c5f6fc14f02a0d2/elements - {"using":"xpath","value":"//*[@id=\"__item2892-__clone8149-imgNav\"]"}
RESULT: {"using":"xpath","value":"//*[@id=\"__item2892-__clone8149-imgNav\"]"}
COMMAND: POST /session/582ce5f850a124cd0c5f6fc14f02a0d2/elements - {"using":"xpath","value":"//*[@id=\"__item2892-__clone8149-imgNav\"]"}
RESULT: {"using":"xpath","value":"//*[@id=\"__item2892-__clone8149-imgNav\"]"}
COMMAND: POST /session/582ce5f850a124cd0c5f6fc14f02a0d2/elements - {"using":"xpath","value":"//*[@id=\"__item2892-__clone8149-imgNav\"]"}
RESULT: {"using":"xpath","value":"//*[@id=\"__item2892-__clone8149-imgNav\"]"}
COMMAND: POST /session/582ce5f850a124cd0c5f6fc14f02a0d2/elements - {"using":"xpath","value":"//*[@id=\"__item2892-__clone8149-imgNav\"]"}
RESULT: {"using":"xpath","value":"//*[@id=\"__item2892-__clone8149-imgNav\"]"}
COMMAND: POST /session/582ce5f850a124cd0c5f6fc14f02a0d2/elements - {"using":"xpath","value":"//*[@id=\"__item2892-__clone8149-imgNav\"]"}
RESULT: {"using":"xpath","value":"//*[@id=\"__item2892-__clone8149-imgNav\"]"}
COMMAND: POST /session/582ce5f850a124cd0c5f6fc14f02a0d2/elements - {"using":"xpath","value":"//*[@id=\"__item2892-__clone8149-imgNav\"]"}
RESULT: {"using":"xpath","value":"//*[@id=\"__item2892-__clone8149-imgNav\"]"}
COMMAND: POST /session/582ce5f850a124cd0c5f6fc14f02a0d2/elements - {"using":"xpath","value":"//*[@id=\"__item2892-__clone8149-imgNav\"]"}
RESULT: {"using":"xpath","value":"//*[@id=\"__item2892-__clone8149-imgNav\"]"}
COMMAND: POST /session/582ce5f850a124cd0c5f6fc14f02a0d2/elements - {"using":"xpath","value":"//*[@id=\"__item2892-__clone8149-imgNav\"]"}
RESULT: {"using":"xpath","value":"//*[@id=\"__item2892-__clone8149-imgNav\"]"}
COMMAND: POST /session/582ce5f850a124cd0c5f6fc14f02a0d2/elements - {"using":"xpath","value":"//*[@id=\"__item2892-__clone8149-imgNav\"]"}
RESULT: {"using":"xpath","value":"//*[@id=\"__item2892-__clone8149-imgNav\"]"}
COMMAND: POST /session/582ce5f850a124cd0c5f6fc14f02a0d2/elements - {"using":"xpath","value":"//*[@id=\"__item2892-__clone8149-imgNav\"]"}
RESULT: {"using":"xpath","value":"//*[@id=\"__item2892-__clone8149-imgNav\"]"}
COMMAND: POST /session/582ce5f850a124cd0c5f6fc14f02a0d2/elements - {"using":"xpath","value":"//*[@id=\"__item2892-__clone8149-imgNav\"]"}
RESULT: {"using":"xpath","value":"//*[@id=\"__item2892-__clone8149-imgNav\"]"}
COMMAND: POST /session/582ce5f850a124cd0c5f6fc14f02a0d2/elements - {"using":"xpath","value":"//*[@id=\"__item2892-__clone8149-imgNav\"]"}
RESULT: {"using":"xpath","value":"//*[@id=\"__item2892-__clone8149-imgNav\"]"}
COMMAND: POST /session/582ce5f850a124cd0c5f6fc14f02a0d2/elements - {"using":"xpath","value":"//*[@id=\"__item2892-__clone8149-imgNav\"]"}
RESULT: {"using":"xpath","value":"//*[@id=\"__item2892-__clone8149-imgNav\"]"}
COMMAND: POST /session/582ce5f850a124cd0c5f6fc14f02a0d2/elements - {"using":"xpath","value":"//*[@id=\"__item2892-__clone8149-imgNav\"]"}
RESULT: {"using":"xpath","value":"//*[@id=\"__item2892-__clone8149-imgNav\"]"}
COMMAND: POST /session/582ce5f850a124cd0c5f6fc14f02a0d2/elements - {"using":"xpath","value":"//*[@id=\"__item2892-__clone8149-imgNav\"]"}
RESULT: {"using":"xpath","value":"//*[@id=\"__item2892-__clone8149-imgNav\"]"}
COMMAND: POST /session/582ce5f850a124cd0c5f6fc14f02a0d2/elements - {"using":"xpath","value":"//*[@id=\"__item2892-__clone8149-imgNav\"]"}
RESULT: {"using":"xpath","value":"//*[@id=\"__item2892-__clone8149-imgNav\"]"}
COMMAND: POST /session/582ce5f850a124cd0c5f6fc14f02a0d2/elements - {"using":"xpath","value":"//*[@id=\"__item2892-__clone8149-imgNav\"]"}
RESULT: {"using":"xpath","value":"//*[@id=\"__item2892-__clone8149-imgNav\"]"}
COMMAND: POST /session/582ce5f850a124cd0c5f6fc14f02a0d2/elements - {"using":"xpath","value":"//*[@id=\"__item2892-__clone8149-imgNav\"]"}
RESULT: {"using":"xpath","value":"//*[@id=\"__item2892-__clone8149-imgNav\"]"}
COMMAND: POST /session/582ce5f850a124cd0c5f6fc14f02a0d2/elements - {"using":"xpath","value":"//*[@id=\"__item2892-__clone8149-imgNav\"]"}
RESULT: {"using":"xpath","value":"//*[@id=\"__item2892-__clone8149-imgNav\"]"}
COMMAND: POST /session/582ce5f850a124cd0c5f6fc14f02a0d2/elements - {"using":"xpath","value":"//*[@id=\"__item2892-__clone8149-imgNav\"]"}
RESULT: {"using":"xpath","value":"//*[@id=\"__item2892-__clone8149-imgNav\"]"}
COMMAND: POST /session/582ce5f850a124cd0c5f6fc14f02a0d2/elements - {"using":"xpath","value":"//*[@id=\"__item2892-__clone8149-imgNav\"]"}
RESULT: {"using":"xpath","value":"//*[@id=\"__item2892-__clone8149-imgNav\"]"}
COMMAND: POST /session/582ce5f850a124cd0c5f6fc14f02a0d2/elements - {"using":"xpath","value":"//*[@id=\"__item2892-__clone8149-imgNav\"]"}
RESULT: {"using":"xpath","value":"//*[@id=\"__item2892-__clone8149-imgNav\"]"}
COMMAND: POST /session/582ce5f850a124cd0c5f6fc14f02a0d2/elements - {"using":"xpath","value":"//*[@id=\"__item2892-__clone8149-imgNav\"]"}
RESULT: {"using":"xpath","value":"//*[@id=\"__item2892-__clone8149-imgNav\"]"}
COMMAND: POST /session/582ce5f850a124cd0c5f6fc14f02a0d2/elements - {"using":"xpath","value":"//*[@id=\"__item2892-__clone8149-imgNav\"]"}
RESULT: {"using":"xpath","value":"//*[@id=\"__item2892-__clone8149-imgNav\"]"}
COMMAND: POST /session/582ce5f850a124cd0c5f6fc14f02a0d2/elements - {"using":"xpath","value":"//*[@id=\"__item2892-__clone8149-imgNav\"]"}
RESULT: {"using":"xpath","value":"//*[@id=\"__item2892-__clone8149-imgNav\"]"}
COMMAND: POST /session/582ce5f850a124cd0c5f6fc14f02a0d2/elements - {"using":"xpath","value":"//*[@id=\"__item2892-__clone8149-imgNav\"]"}
RESULT: {"using":"xpath","value":"//*[@id=\"__item2892-__clone8149-imgNav\"]"}
COMMAND: POST /session/582ce5f850a124cd0c5f6fc14f02a0d2/elements - {"using":"xpath","value":"//*[@id=\"__item2892-__clone8149-imgNav\"]"}
RESULT: {"using":"xpath","value":"//*[@id=\"__item2892-__clone8149-imgNav\"]"}
COMMAND: POST /session/582ce5f850a124cd0c5f6fc14f02a0d2/elements - {"using":"xpath","value":"//*[@id=\"__item2892-__clone8149-imgNav\"]"}
RESULT: {"using":"xpath","value":"//*[@id=\"__item2892-__clone8149-imgNav\"]"}
COMMAND: POST /session/582ce5f850a124cd0c5f6fc14f02a0d2/elements - {"using":"xpath","value":"//*[@id=\"__item2892-__clone8149-imgNav\"]"}
RESULT: {"using":"xpath","value":"//*[@id=\"__item2892-__clone8149-imgNav\"]"}
COMMAND: POST /session/582ce5f850a124cd0c5f6fc14f02a0d2/elements - {"using":"xpath","value":"//*[@id=\"__item2892-__clone8149-imgNav\"]"}
RESULT: {"using":"xpath","value":"//*[@id=\"__item2892-__clone8149-imgNav\"]"}
COMMAND: POST /session/582ce5f850a124cd0c5f6fc14f02a0d2/elements - {"using":"xpath","value":"//*[@id=\"__item2892-__clone8149-imgNav\"]"}
RESULT: {"using":"xpath","value":"//*[@id=\"__item2892-__clone8149-imgNav\"]"}
COMMAND: POST /session/582ce5f850a124cd0c5f6fc14f02a0d2/elements - {"using":"xpath","value":"//*[@id=\"__item2892-__clone8149-imgNav\"]"}
RESULT: {"using":"xpath","value":"//*[@id=\"__item2892-__clone8149-imgNav\"]"}
COMMAND: POST /session/582ce5f850a124cd0c5f6fc14f02a0d2/elements - {"using":"xpath","value":"//*[@id=\"__item2892-__clone8149-imgNav\"]"}
RESULT: {"using":"xpath","value":"//*[@id=\"__item2892-__clone8149-imgNav\"]"}
COMMAND: POST /session/582ce5f850a124cd0c5f6fc14f02a0d2/elements - {"using":"xpath","value":"//*[@id=\"__item2892-__clone8149-imgNav\"]"}
RESULT: {"using":"xpath","value":"//*[@id=\"__item2892-__clone8149-imgNav\"]"}
COMMAND: POST /session/582ce5f850a124cd0c5f6fc14f02a0d2/elements - {"using":"xpath","value":"//*[@id=\"__item2892-__clone8149-imgNav\"]"}
RESULT: {"using":"xpath","value":"//*[@id=\"__item2892-__clone8149-imgNav\"]"}
COMMAND: POST /session/582ce5f850a124cd0c5f6fc14f02a0d2/elements - {"using":"xpath","value":"//*[@id=\"__item2892-__clone8149-imgNav\"]"}
RESULT: {"using":"xpath","value":"//*[@id=\"__item2892-__clone8149-imgNav\"]"}
COMMAND: POST /session/582ce5f850a124cd0c5f6fc14f02a0d2/elements - {"using":"xpath","value":"//*[@id=\"__item2892-__clone8149-imgNav\"]"}
RESULT: {"using":"xpath","value":"//*[@id=\"__item2892-__clone8149-imgNav\"]"}
COMMAND: POST /session/582ce5f850a124cd0c5f6fc14f02a0d2/elements - {"using":"xpath","value":"//*[@id=\"__item2892-__clone8149-imgNav\"]"}
RESULT: {"using":"xpath","value":"//*[@id=\"__item2892-__clone8149-imgNav\"]"}
COMMAND: POST /session/582ce5f850a124cd0c5f6fc14f02a0d2/elements - {"using":"xpath","value":"//*[@id=\"__item2892-__clone8149-imgNav\"]"}
RESULT: {"using":"xpath","value":"//*[@id=\"__item2892-__clone8149-imgNav\"]"}
COMMAND: POST /session/582ce5f850a124cd0c5f6fc14f02a0d2/elements - {"using":"xpath","value":"//*[@id=\"__item2892-__clone8149-imgNav\"]"}
RESULT: {"using":"xpath","value":"//*[@id=\"__item2892-__clone8149-imgNav\"]"}
COMMAND: POST /session/582ce5f850a124cd0c5f6fc14f02a0d2/elements - {"using":"xpath","value":"//*[@id=\"__item2892-__clone8149-imgNav\"]"}
RESULT: {"using":"xpath","value":"//*[@id=\"__item2892-__clone8149-imgNav\"]"}
COMMAND: POST /session/582ce5f850a124cd0c5f6fc14f02a0d2/elements - {"using":"xpath","value":"//*[@id=\"__item2892-__clone8149-imgNav\"]"}
RESULT: {"using":"xpath","value":"//*[@id=\"__item2892-__clone8149-imgNav\"]"}
COMMAND: POST /session/582ce5f850a124cd0c5f6fc14f02a0d2/elements - {"using":"xpath","value":"//*[@id=\"__item2892-__clone8149-imgNav\"]"}
RESULT: {"using":"xpath","value":"//*[@id=\"__item2892-__clone8149-imgNav\"]"}
COMMAND: POST /session/582ce5f850a124cd0c5f6fc14f02a0d2/elements - {"using":"xpath","value":"//*[@id=\"__item2892-__clone8149-imgNav\"]"}
RESULT: {"using":"xpath","value":"//*[@id=\"__item2892-__clone8149-imgNav\"]"}
COMMAND: POST /session/582ce5f850a124cd0c5f6fc14f02a0d2/elements - {"using":"xpath","value":"//*[@id=\"__item2892-__clone8149-imgNav\"]"}
RESULT: {"using":"xpath","value":"//*[@id=\"__item2892-__clone8149-imgNav\"]"}
COMMAND: POST /session/582ce5f850a124cd0c5f6fc14f02a0d2/elements - {"using":"xpath","value":"//*[@id=\"__item2892-__clone8149-imgNav\"]"}
RESULT: {"using":"xpath","value":"//*[@id=\"__item2892-__clone8149-imgNav\"]"}
COMMAND: POST /session/582ce5f850a124cd0c5f6fc14f02a0d2/elements - {"using":"xpath","value":"//*[@id=\"__item2892-__clone8149-imgNav\"]"}
RESULT: {"using":"xpath","value":"//*[@id=\"__item2892-__clone8149-imgNav\"]"}
COMMAND: POST /session/582ce5f850a124cd0c5f6fc14f02a0d2/elements - {"using":"xpath","value":"//*[@id=\"__item2892-__clone8149-imgNav\"]"}
RESULT: {"using":"xpath","value":"//*[@id=\"__item2892-__clone8149-imgNav\"]"}
COMMAND: POST /session/582ce5f850a124cd0c5f6fc14f02a0d2/elements - {"using":"xpath","value":"//*[@id=\"__item2892-__clone8149-imgNav\"]"}
RESULT: {"using":"xpath","value":"//*[@id=\"__item2892-__clone8149-imgNav\"]"}
COMMAND: POST /session/582ce5f850a124cd0c5f6fc14f02a0d2/elements - {"using":"xpath","value":"//*[@id=\"__item2892-__clone8149-imgNav\"]"}
RESULT: {"using":"xpath","value":"//*[@id=\"__item2892-__clone8149-imgNav\"]"}
COMMAND: POST /session/582ce5f850a124cd0c5f6fc14f02a0d2/elements - {"using":"xpath","value":"//*[@id=\"__item2892-__clone8149-imgNav\"]"}
RESULT: {"using":"xpath","value":"//*[@id=\"__item2892-__clone8149-imgNav\"]"}
COMMAND: POST /session/582ce5f850a124cd0c5f6fc14f02a0d2/elements - {"using":"xpath","value":"//*[@id=\"__item2892-__clone8149-imgNav\"]"}
RESULT: {"using":"xpath","value":"//*[@id=\"__item2892-__clone8149-imgNav\"]"}
COMMAND: POST /session/582ce5f850a124cd0c5f6fc14f02a0d2/elements - {"using":"xpath","value":"//*[@id=\"__item2892-__clone8149-imgNav\"]"}
RESULT: {"using":"xpath","value":"//*[@id=\"__item2892-__clone8149-imgNav\"]"}
COMMAND: POST /session/582ce5f850a124cd0c5f6fc14f02a0d2/elements - {"using":"xpath","value":"//*[@id=\"__item2892-__clone8149-imgNav\"]"}
RESULT: {"using":"xpath","value":"//*[@id=\"__item2892-__clone8149-imgNav\"]"}
COMMAND: POST /session/582ce5f850a124cd0c5f6fc14f02a0d2/elements - {"using":"xpath","value":"//*[@id=\"__item2892-__clone8149-imgNav\"]"}
RESULT: {"using":"xpath","value":"//*[@id=\"__item2892-__clone8149-imgNav\"]"}
COMMAND: POST /session/582ce5f850a124cd0c5f6fc14f02a0d2/elements - {"using":"xpath","value":"//*[@id=\"__item2892-__clone8149-imgNav\"]"}
RESULT: {"using":"xpath","value":"//*[@id=\"__item2892-__clone8149-imgNav\"]"}
COMMAND: POST /session/582ce5f850a124cd0c5f6fc14f02a0d2/elements - {"using":"xpath","value":"//*[@id=\"__item2892-__clone8149-imgNav\"]"}
RESULT: {"using":"xpath","value":"//*[@id=\"__item2892-__clone8149-imgNav\"]"}
COMMAND: POST /session/582ce5f850a124cd0c5f6fc14f02a0d2/elements - {"using":"xpath","value":"//*[@id=\"__item2892-__clone8149-imgNav\"]"}
RESULT: {"using":"xpath","value":"//*[@id=\"__item2892-__clone8149-imgNav\"]"}
COMMAND: POST /session/582ce5f850a124cd0c5f6fc14f02a0d2/elements - {"using":"xpath","value":"//*[@id=\"__item2892-__clone8149-imgNav\"]"}
RESULT: {"using":"xpath","value":"//*[@id=\"__item2892-__clone8149-imgNav\"]"}
COMMAND: POST /session/582ce5f850a124cd0c5f6fc14f02a0d2/elements - {"using":"xpath","value":"//*[@id=\"__item2892-__clone8149-imgNav\"]"}
RESULT: {"using":"xpath","value":"//*[@id=\"__item2892-__clone8149-imgNav\"]"}
COMMAND: POST /session/582ce5f850a124cd0c5f6fc14f02a0d2/elements - {"using":"xpath","value":"//*[@id=\"__item2892-__clone8149-imgNav\"]"}
RESULT: {"using":"xpath","value":"//*[@id=\"__item2892-__clone8149-imgNav\"]"}
COMMAND: POST /session/582ce5f850a124cd0c5f6fc14f02a0d2/elements - {"using":"xpath","value":"//*[@id=\"__item2892-__clone8149-imgNav\"]"}
RESULT: {"using":"xpath","value":"//*[@id=\"__item2892-__clone8149-imgNav\"]"}
COMMAND: POST /session/582ce5f850a124cd0c5f6fc14f02a0d2/elements - {"using":"xpath","value":"//*[@id=\"__item2892-__clone8149-imgNav\"]"}
RESULT: {"using":"xpath","value":"//*[@id=\"__item2892-__clone8149-imgNav\"]"}
COMMAND: POST /session/582ce5f850a124cd0c5f6fc14f02a0d2/elements - {"using":"xpath","value":"//*[@id=\"__item2892-__clone8149-imgNav\"]"}
RESULT: {"using":"xpath","value":"//*[@id=\"__item2892-__clone8149-imgNav\"]"}
COMMAND: POST /session/582ce5f850a124cd0c5f6fc14f02a0d2/elements - {"using":"xpath","value":"//*[@id=\"__item2892-__clone8149-imgNav\"]"}
RESULT: {"using":"xpath","value":"//*[@id=\"__item2892-__clone8149-imgNav\"]"}
COMMAND: POST /session/582ce5f850a124cd0c5f6fc14f02a0d2/elements - {"using":"xpath","value":"//*[@id=\"__item2892-__clone8149-imgNav\"]"}
RESULT: {"using":"xpath","value":"//*[@id=\"__item2892-__clone8149-imgNav\"]"}
COMMAND: POST /session/582ce5f850a124cd0c5f6fc14f02a0d2/elements - {"using":"xpath","value":"//*[@id=\"__item2892-__clone8149-imgNav\"]"}
RESULT: {"using":"xpath","value":"//*[@id=\"__item2892-__clone8149-imgNav\"]"}
COMMAND: POST /session/582ce5f850a124cd0c5f6fc14f02a0d2/elements - {"using":"xpath","value":"//*[@id=\"__item2892-__clone8149-imgNav\"]"}
RESULT: {"using":"xpath","value":"//*[@id=\"__item2892-__clone8149-imgNav\"]"}
COMMAND: POST /session/582ce5f850a124cd0c5f6fc14f02a0d2/elements - {"using":"xpath","value":"//*[@id=\"__item2892-__clone8149-imgNav\"]"}
RESULT: {"using":"xpath","value":"//*[@id=\"__item2892-__clone8149-imgNav\"]"}
COMMAND: POST /session/582ce5f850a124cd0c5f6fc14f02a0d2/elements - {"using":"xpath","value":"//*[@id=\"__item2892-__clone8149-imgNav\"]"}
RESULT: {"using":"xpath","value":"//*[@id=\"__item2892-__clone8149-imgNav\"]"}
COMMAND: POST /session/582ce5f850a124cd0c5f6fc14f02a0d2/elements - {"using":"xpath","value":"//*[@id=\"__item2892-__clone8149-imgNav\"]"}
RESULT: {"using":"xpath","value":"//*[@id=\"__item2892-__clone8149-imgNav\"]"}
COMMAND: POST /session/582ce5f850a124cd0c5f6fc14f02a0d2/elements - {"using":"xpath","value":"//*[@id=\"__item2892-__clone8149-imgNav\"]"}
RESULT: {"using":"xpath","value":"//*[@id=\"__item2892-__clone8149-imgNav\"]"}
COMMAND: POST /session/582ce5f850a124cd0c5f6fc14f02a0d2/elements - {"using":"xpath","value":"//*[@id=\"__item2892-__clone8149-imgNav\"]"}
RESULT: {"using":"xpath","value":"//*[@id=\"__item2892-__clone8149-imgNav\"]"}
COMMAND: POST /session/582ce5f850a124cd0c5f6fc14f02a0d2/elements - {"using":"xpath","value":"//*[@id=\"__item2892-__clone8149-imgNav\"]"}
RESULT: {"using":"xpath","value":"//*[@id=\"__item2892-__clone8149-imgNav\"]"}
COMMAND: POST /session/582ce5f850a124cd0c5f6fc14f02a0d2/elements - {"using":"xpath","value":"//*[@id=\"__item2892-__clone8149-imgNav\"]"}
RESULT: {"using":"xpath","value":"//*[@id=\"__item2892-__clone8149-imgNav\"]"}
COMMAND: POST /session/582ce5f850a124cd0c5f6fc14f02a0d2/elements - {"using":"xpath","value":"//*[@id=\"__item2892-__clone8149-imgNav\"]"}
RESULT: {"using":"xpath","value":"//*[@id=\"__item2892-__clone8149-imgNav\"]"}
COMMAND: POST /session/582ce5f850a124cd0c5f6fc14f02a0d2/elements - {"using":"xpath","value":"//*[@id=\"__item2892-__clone8149-imgNav\"]"}
RESULT: {"using":"xpath","value":"//*[@id=\"__item2892-__clone8149-imgNav\"]"}
COMMAND: POST /session/582ce5f850a124cd0c5f6fc14f02a0d2/elements - {"using":"xpath","value":"//*[@id=\"__item2892-__clone8149-imgNav\"]"}
RESULT: {"using":"xpath","value":"//*[@id=\"__item2892-__clone8149-imgNav\"]"}
COMMAND: POST /session/582ce5f850a124cd0c5f6fc14f02a0d2/elements - {"using":"xpath","value":"//*[@id=\"__item2892-__clone8149-imgNav\"]"}
RESULT: {"using":"xpath","value":"//*[@id=\"__item2892-__clone8149-imgNav\"]"}
COMMAND: POST /session/582ce5f850a124cd0c5f6fc14f02a0d2/elements - {"using":"xpath","value":"//*[@id=\"__item2892-__clone8149-imgNav\"]"}
RESULT: {"using":"xpath","value":"//*[@id=\"__item2892-__clone8149-imgNav\"]"}
COMMAND: POST /session/582ce5f850a124cd0c5f6fc14f02a0d2/elements - {"using":"xpath","value":"//*[@id=\"__item2892-__clone8149-imgNav\"]"}
RESULT: {"using":"xpath","value":"//*[@id=\"__item2892-__clone8149-imgNav\"]"}
COMMAND: POST /session/582ce5f850a124cd0c5f6fc14f02a0d2/elements - {"using":"xpath","value":"//*[@id=\"__item2892-__clone8149-imgNav\"]"}
RESULT: {"using":"xpath","value":"//*[@id=\"__item2892-__clone8149-imgNav\"]"}
COMMAND: POST /session/582ce5f850a124cd0c5f6fc14f02a0d2/elements - {"using":"xpath","value":"//*[@id=\"__item2892-__clone8149-imgNav\"]"}
RESULT: {"using":"xpath","value":"//*[@id=\"__item2892-__clone8149-imgNav\"]"}
COMMAND: POST /session/582ce5f850a124cd0c5f6fc14f02a0d2/elements - {"using":"xpath","value":"//*[@id=\"__item2892-__clone8149-imgNav\"]"}
RESULT: {"using":"xpath","value":"//*[@id=\"__item2892-__clone8149-imgNav\"]"}
COMMAND: POST /session/582ce5f850a124cd0c5f6fc14f02a0d2/elements - {"using":"xpath","value":"//*[@id=\"__item2892-__clone8149-imgNav\"]"}
RESULT: {"using":"xpath","value":"//*[@id=\"__item2892-__clone8149-imgNav\"]"}
COMMAND: POST /session/582ce5f850a124cd0c5f6fc14f02a0d2/elements - {"using":"xpath","value":"//*[@id=\"__item2892-__clone8149-imgNav\"]"}
RESULT: {"using":"xpath","value":"//*[@id=\"__item2892-__clone8149-imgNav\"]"}
COMMAND: POST /session/582ce5f850a124cd0c5f6fc14f02a0d2/elements - {"using":"xpath","value":"//*[@id=\"__item2892-__clone8149-imgNav\"]"}
RESULT: {"using":"xpath","value":"//*[@id=\"__item2892-__clone8149-imgNav\"]"}
COMMAND: POST /session/582ce5f850a124cd0c5f6fc14f02a0d2/elements - {"using":"xpath","value":"//*[@id=\"__item2892-__clone8149-imgNav\"]"}
RESULT: {"using":"xpath","value":"//*[@id=\"__item2892-__clone8149-imgNav\"]"}
COMMAND: POST /session/582ce5f850a124cd0c5f6fc14f02a0d2/elements - {"using":"xpath","value":"//*[@id=\"__item2892-__clone8149-imgNav\"]"}
RESULT: {"using":"xpath","value":"//*[@id=\"__item2892-__clone8149-imgNav\"]"}
COMMAND: POST /session/582ce5f850a124cd0c5f6fc14f02a0d2/elements - {"using":"xpath","value":"//*[@id=\"__item2892-__clone8149-imgNav\"]"}
RESULT: {"using":"xpath","value":"//*[@id=\"__item2892-__clone8149-imgNav\"]"}
COMMAND: POST /session/582ce5f850a124cd0c5f6fc14f02a0d2/elements - {"using":"xpath","value":"//*[@id=\"__item2892-__clone8149-imgNav\"]"}
RESULT: {"using":"xpath","value":"//*[@id=\"__item2892-__clone8149-imgNav\"]"}
COMMAND: POST /session/582ce5f850a124cd0c5f6fc14f02a0d2/elements - {"using":"xpath","value":"//*[@id=\"__item2892-__clone8149-imgNav\"]"}
RESULT: {"using":"xpath","value":"//*[@id=\"__item2892-__clone8149-imgNav\"]"}
COMMAND: POST /session/582ce5f850a124cd0c5f6fc14f02a0d2/elements - {"using":"xpath","value":"//*[@id=\"__item2892-__clone8149-imgNav\"]"}
RESULT: {"using":"xpath","value":"//*[@id=\"__item2892-__clone8149-imgNav\"]"}
COMMAND: POST /session/582ce5f850a124cd0c5f6fc14f02a0d2/elements - {"using":"xpath","value":"//*[@id=\"__item2892-__clone8149-imgNav\"]"}
RESULT: {"using":"xpath","value":"//*[@id=\"__item2892-__clone8149-imgNav\"]"}
COMMAND: POST /session/582ce5f850a124cd0c5f6fc14f02a0d2/elements - {"using":"xpath","value":"//*[@id=\"__item2892-__clone8149-imgNav\"]"}
RESULT: {"using":"xpath","value":"//*[@id=\"__item2892-__clone8149-imgNav\"]"}
COMMAND: POST /session/582ce5f850a124cd0c5f6fc14f02a0d2/elements - {"using":"xpath","value":"//*[@id=\"__item2892-__clone8149-imgNav\"]"}
RESULT: {"using":"xpath","value":"//*[@id=\"__item2892-__clone8149-imgNav\"]"}
COMMAND: POST /session/582ce5f850a124cd0c5f6fc14f02a0d2/execute/async - {"script":"<script> [1562 bytes]","args":[{"selector":{"id":"instructionsTabFilter","viewName":"etm.portal.ui.managehandovers.view.DetailExecuteHO","interaction":{"idSuffix":"text"}},"wdio_ui5_key":"instructionsTabFilteretmportal.ui.managehandovers.view.DetailExecuteHO"}]}
RESULT: {"script":"<script> [1562 bytes]","args":[{"selector":{"id":"instructionsTabFilter","viewName":"etm.portal.ui.managehandovers.view.DetailExecuteHO","interaction":{"idSuffix":"text"}},"wdio_ui5_key":"instructionsTabFilteretmportal.ui.managehandovers.view.DetailExecuteHO"}]}
RESULT: undefined
RESULT: undefined
COMMAND: POST /session/582ce5f850a124cd0c5f6fc14f02a0d2/execute/async - {"script":"<script> [1562 bytes]","args":[{"selector":{"controlType":"sap.m.ComboBox","viewName":"etm.portal.ui.managehandovers.view.DetailExecuteHO","bindingPath":{"propertyPath":"RECEIVING_SECTION","modelName":"catalogModel"},"interaction":{"idSuffix":"inner"}},"wdio_ui5_key":"etmportal.ui.managehandovers.view.DetailExecuteHOsap.m.ComboBox{\"propertyPath\":\"RECEIVING_SECTION\",\"modelName\":\"catalogModel\"}"}]}
RESULT: {"script":"<script> [1562 bytes]","args":[{"selector":{"controlType":"sap.m.ComboBox","viewName":"etm.portal.ui.managehandovers.view.DetailExecuteHO","bindingPath":{"propertyPath":"RECEIVING_SECTION","modelName":"catalogModel"},"interaction":{"idSuffix":"inner"}},"wdio_ui5_key":"etmportal.ui.managehandovers.view.DetailExecuteHOsap.m.ComboBox{\"propertyPath\":\"RECEIVING_SECTION\",\"modelName\":\"catalogModel\"}"}]}
RESULT: undefined
COMMAND: POST /session/582ce5f850a124cd0c5f6fc14f02a0d2/actions - {"actions":[{"id":"action68","type":"key","parameters":{},"actions":[{"type":"keyDown","value":"î€‡"},{"type":"pause","duration":10},{"type":"keyUp","value":"î€‡"}]}]}
RESULT: {"actions":[{"id":"action68","type":"key","parameters":{},"actions":[{"type":"keyDown","value":"î€‡"},{"type":"pause","duration":10},{"type":"keyUp","value":"î€‡"}]}]}
COMMAND: GET /session/582ce5f850a124cd0c5f6fc14f02a0d2/screenshot - {}
RESULT: {}
COMMAND: POST /session/582ce5f850a124cd0c5f6fc14f02a0d2/execute/async - {"script":"<script> [1562 bytes]","args":[{"selector":{"id":"confirmationButton","viewName":"etm.portal.ui.managehandovers.view.DetailExecuteHO","properties":{"text":"Receive"},"interaction":{"idSuffix":"BDI-content"}},"wdio_ui5_key":"confirmationButtonetmportal.ui.managehandovers.view.DetailExecuteHO{\"text\":\"Receive\"}"}]}
RESULT: {"script":"<script> [1562 bytes]","args":[{"selector":{"id":"confirmationButton","viewName":"etm.portal.ui.managehandovers.view.DetailExecuteHO","properties":{"text":"Receive"},"interaction":{"idSuffix":"BDI-content"}},"wdio_ui5_key":"confirmationButtonetmportal.ui.managehandovers.view.DetailExecuteHO{\"text\":\"Receive\"}"}]}
RESULT: undefined
COMMAND: POST /session/582ce5f850a124cd0c5f6fc14f02a0d2/execute/async - {"script":"<script> [1562 bytes]","args":[{"selector":{"controlType":"sap.m.Button","properties":{"text":"Continue"},"searchOpenDialogs":true,"interaction":{"idSuffix":"content"}},"wdio_ui5_key":"sapm.Button{\"text\":\"Continue\"}"}]}
RESULT: {"script":"<script> [1562 bytes]","args":[{"selector":{"controlType":"sap.m.Button","properties":{"text":"Continue"},"searchOpenDialogs":true,"interaction":{"idSuffix":"content"}},"wdio_ui5_key":"sapm.Button{\"text\":\"Continue\"}"}]}
RESULT: undefined
]]></system-out>
    </testcase>
    <testcase classname="chrome.135_0_7049_96.windows.Provide_to_Site_w/o_warehouse_management_w_clarification" name="Should test for Clarification" time="90.76">
      <system-out><![CDATA[
RESULT: undefined
COMMAND: POST /session/582ce5f850a124cd0c5f6fc14f02a0d2/element - {"using":"xpath","value":"//*[@id=\"__tile132\"]"}
RESULT: {"using":"xpath","value":"//*[@id=\"__tile132\"]"}
COMMAND: POST /session/582ce5f850a124cd0c5f6fc14f02a0d2/element/f.92142B0E1996143B500ED3F2A7F6BA2F.d.044BB02D5BF1467EB4587C49E537F49C.e.12072/click - {}
RESULT: undefined
COMMAND: POST /session/582ce5f850a124cd0c5f6fc14f02a0d2/execute/async - {"script":"<script> [776 bytes]","args":[{"enterText":"30495","selector":{"controlType":"sap.m.SearchField","viewName":"etm.portal.ui.managehandovers.view.MasterHO","bindingPath":{"propertyPath":"/_BASIC_SEARCH_FIELD","modelName":"fi1t3rM0d31"},"interaction":{"idSuffix":"I"}},"clearTextFirst":true,"interactionType":"ENTER_TEXT"}]}
RESULT: {"script":"<script> [776 bytes]","args":[{"enterText":"30495","selector":{"controlType":"sap.m.SearchField","viewName":"etm.portal.ui.managehandovers.view.MasterHO","bindingPath":{"propertyPath":"/_BASIC_SEARCH_FIELD","modelName":"fi1t3rM0d31"},"interaction":{"idSuffix":"I"}},"clearTextFirst":true,"interactionType":"ENTER_TEXT"}]}
COMMAND: POST /session/582ce5f850a124cd0c5f6fc14f02a0d2/actions - {"actions":[{"id":"action69","type":"key","parameters":{},"actions":[{"type":"keyDown","value":"î€‡"},{"type":"pause","duration":10},{"type":"keyUp","value":"î€‡"}]}]}
RESULT: {"actions":[{"id":"action69","type":"key","parameters":{},"actions":[{"type":"keyDown","value":"î€‡"},{"type":"pause","duration":10},{"type":"keyUp","value":"î€‡"}]}]}
COMMAND: GET /session/582ce5f850a124cd0c5f6fc14f02a0d2/screenshot - {}
RESULT: {}
RESULT: undefined
COMMAND: POST /session/582ce5f850a124cd0c5f6fc14f02a0d2/element - {"using":"xpath","value":"//*[@id=\"__item2892-__clone8149-imgNav\"]"}
RESULT: {"using":"xpath","value":"//*[@id=\"__item2892-__clone8149-imgNav\"]"}
COMMAND: POST /session/582ce5f850a124cd0c5f6fc14f02a0d2/elements - {"using":"xpath","value":"//*[@id=\"__item2892-__clone8149-imgNav\"]"}
RESULT: {"using":"xpath","value":"//*[@id=\"__item2892-__clone8149-imgNav\"]"}
COMMAND: POST /session/582ce5f850a124cd0c5f6fc14f02a0d2/elements - {"using":"xpath","value":"//*[@id=\"__item2892-__clone8149-imgNav\"]"}
RESULT: {"using":"xpath","value":"//*[@id=\"__item2892-__clone8149-imgNav\"]"}
COMMAND: POST /session/582ce5f850a124cd0c5f6fc14f02a0d2/elements - {"using":"xpath","value":"//*[@id=\"__item2892-__clone8149-imgNav\"]"}
RESULT: {"using":"xpath","value":"//*[@id=\"__item2892-__clone8149-imgNav\"]"}
COMMAND: POST /session/582ce5f850a124cd0c5f6fc14f02a0d2/elements - {"using":"xpath","value":"//*[@id=\"__item2892-__clone8149-imgNav\"]"}
RESULT: {"using":"xpath","value":"//*[@id=\"__item2892-__clone8149-imgNav\"]"}
COMMAND: POST /session/582ce5f850a124cd0c5f6fc14f02a0d2/elements - {"using":"xpath","value":"//*[@id=\"__item2892-__clone8149-imgNav\"]"}
RESULT: {"using":"xpath","value":"//*[@id=\"__item2892-__clone8149-imgNav\"]"}
COMMAND: POST /session/582ce5f850a124cd0c5f6fc14f02a0d2/elements - {"using":"xpath","value":"//*[@id=\"__item2892-__clone8149-imgNav\"]"}
RESULT: {"using":"xpath","value":"//*[@id=\"__item2892-__clone8149-imgNav\"]"}
COMMAND: POST /session/582ce5f850a124cd0c5f6fc14f02a0d2/elements - {"using":"xpath","value":"//*[@id=\"__item2892-__clone8149-imgNav\"]"}
RESULT: {"using":"xpath","value":"//*[@id=\"__item2892-__clone8149-imgNav\"]"}
COMMAND: POST /session/582ce5f850a124cd0c5f6fc14f02a0d2/elements - {"using":"xpath","value":"//*[@id=\"__item2892-__clone8149-imgNav\"]"}
RESULT: {"using":"xpath","value":"//*[@id=\"__item2892-__clone8149-imgNav\"]"}
COMMAND: POST /session/582ce5f850a124cd0c5f6fc14f02a0d2/elements - {"using":"xpath","value":"//*[@id=\"__item2892-__clone8149-imgNav\"]"}
RESULT: {"using":"xpath","value":"//*[@id=\"__item2892-__clone8149-imgNav\"]"}
COMMAND: POST /session/582ce5f850a124cd0c5f6fc14f02a0d2/elements - {"using":"xpath","value":"//*[@id=\"__item2892-__clone8149-imgNav\"]"}
RESULT: {"using":"xpath","value":"//*[@id=\"__item2892-__clone8149-imgNav\"]"}
COMMAND: POST /session/582ce5f850a124cd0c5f6fc14f02a0d2/elements - {"using":"xpath","value":"//*[@id=\"__item2892-__clone8149-imgNav\"]"}
RESULT: {"using":"xpath","value":"//*[@id=\"__item2892-__clone8149-imgNav\"]"}
COMMAND: POST /session/582ce5f850a124cd0c5f6fc14f02a0d2/elements - {"using":"xpath","value":"//*[@id=\"__item2892-__clone8149-imgNav\"]"}
RESULT: {"using":"xpath","value":"//*[@id=\"__item2892-__clone8149-imgNav\"]"}
COMMAND: POST /session/582ce5f850a124cd0c5f6fc14f02a0d2/elements - {"using":"xpath","value":"//*[@id=\"__item2892-__clone8149-imgNav\"]"}
RESULT: {"using":"xpath","value":"//*[@id=\"__item2892-__clone8149-imgNav\"]"}
COMMAND: POST /session/582ce5f850a124cd0c5f6fc14f02a0d2/elements - {"using":"xpath","value":"//*[@id=\"__item2892-__clone8149-imgNav\"]"}
RESULT: {"using":"xpath","value":"//*[@id=\"__item2892-__clone8149-imgNav\"]"}
COMMAND: POST /session/582ce5f850a124cd0c5f6fc14f02a0d2/elements - {"using":"xpath","value":"//*[@id=\"__item2892-__clone8149-imgNav\"]"}
RESULT: {"using":"xpath","value":"//*[@id=\"__item2892-__clone8149-imgNav\"]"}
COMMAND: POST /session/582ce5f850a124cd0c5f6fc14f02a0d2/elements - {"using":"xpath","value":"//*[@id=\"__item2892-__clone8149-imgNav\"]"}
RESULT: {"using":"xpath","value":"//*[@id=\"__item2892-__clone8149-imgNav\"]"}
COMMAND: POST /session/582ce5f850a124cd0c5f6fc14f02a0d2/elements - {"using":"xpath","value":"//*[@id=\"__item2892-__clone8149-imgNav\"]"}
RESULT: {"using":"xpath","value":"//*[@id=\"__item2892-__clone8149-imgNav\"]"}
COMMAND: POST /session/582ce5f850a124cd0c5f6fc14f02a0d2/elements - {"using":"xpath","value":"//*[@id=\"__item2892-__clone8149-imgNav\"]"}
RESULT: {"using":"xpath","value":"//*[@id=\"__item2892-__clone8149-imgNav\"]"}
COMMAND: POST /session/582ce5f850a124cd0c5f6fc14f02a0d2/elements - {"using":"xpath","value":"//*[@id=\"__item2892-__clone8149-imgNav\"]"}
RESULT: {"using":"xpath","value":"//*[@id=\"__item2892-__clone8149-imgNav\"]"}
COMMAND: POST /session/582ce5f850a124cd0c5f6fc14f02a0d2/elements - {"using":"xpath","value":"//*[@id=\"__item2892-__clone8149-imgNav\"]"}
RESULT: {"using":"xpath","value":"//*[@id=\"__item2892-__clone8149-imgNav\"]"}
COMMAND: POST /session/582ce5f850a124cd0c5f6fc14f02a0d2/elements - {"using":"xpath","value":"//*[@id=\"__item2892-__clone8149-imgNav\"]"}
RESULT: {"using":"xpath","value":"//*[@id=\"__item2892-__clone8149-imgNav\"]"}
COMMAND: POST /session/582ce5f850a124cd0c5f6fc14f02a0d2/elements - {"using":"xpath","value":"//*[@id=\"__item2892-__clone8149-imgNav\"]"}
RESULT: {"using":"xpath","value":"//*[@id=\"__item2892-__clone8149-imgNav\"]"}
COMMAND: POST /session/582ce5f850a124cd0c5f6fc14f02a0d2/elements - {"using":"xpath","value":"//*[@id=\"__item2892-__clone8149-imgNav\"]"}
RESULT: {"using":"xpath","value":"//*[@id=\"__item2892-__clone8149-imgNav\"]"}
COMMAND: POST /session/582ce5f850a124cd0c5f6fc14f02a0d2/elements - {"using":"xpath","value":"//*[@id=\"__item2892-__clone8149-imgNav\"]"}
RESULT: {"using":"xpath","value":"//*[@id=\"__item2892-__clone8149-imgNav\"]"}
COMMAND: POST /session/582ce5f850a124cd0c5f6fc14f02a0d2/elements - {"using":"xpath","value":"//*[@id=\"__item2892-__clone8149-imgNav\"]"}
RESULT: {"using":"xpath","value":"//*[@id=\"__item2892-__clone8149-imgNav\"]"}
COMMAND: POST /session/582ce5f850a124cd0c5f6fc14f02a0d2/elements - {"using":"xpath","value":"//*[@id=\"__item2892-__clone8149-imgNav\"]"}
RESULT: {"using":"xpath","value":"//*[@id=\"__item2892-__clone8149-imgNav\"]"}
COMMAND: POST /session/582ce5f850a124cd0c5f6fc14f02a0d2/elements - {"using":"xpath","value":"//*[@id=\"__item2892-__clone8149-imgNav\"]"}
RESULT: {"using":"xpath","value":"//*[@id=\"__item2892-__clone8149-imgNav\"]"}
COMMAND: POST /session/582ce5f850a124cd0c5f6fc14f02a0d2/elements - {"using":"xpath","value":"//*[@id=\"__item2892-__clone8149-imgNav\"]"}
RESULT: {"using":"xpath","value":"//*[@id=\"__item2892-__clone8149-imgNav\"]"}
COMMAND: POST /session/582ce5f850a124cd0c5f6fc14f02a0d2/elements - {"using":"xpath","value":"//*[@id=\"__item2892-__clone8149-imgNav\"]"}
RESULT: {"using":"xpath","value":"//*[@id=\"__item2892-__clone8149-imgNav\"]"}
COMMAND: POST /session/582ce5f850a124cd0c5f6fc14f02a0d2/elements - {"using":"xpath","value":"//*[@id=\"__item2892-__clone8149-imgNav\"]"}
RESULT: {"using":"xpath","value":"//*[@id=\"__item2892-__clone8149-imgNav\"]"}
COMMAND: POST /session/582ce5f850a124cd0c5f6fc14f02a0d2/elements - {"using":"xpath","value":"//*[@id=\"__item2892-__clone8149-imgNav\"]"}
RESULT: {"using":"xpath","value":"//*[@id=\"__item2892-__clone8149-imgNav\"]"}
COMMAND: POST /session/582ce5f850a124cd0c5f6fc14f02a0d2/elements - {"using":"xpath","value":"//*[@id=\"__item2892-__clone8149-imgNav\"]"}
RESULT: {"using":"xpath","value":"//*[@id=\"__item2892-__clone8149-imgNav\"]"}
COMMAND: POST /session/582ce5f850a124cd0c5f6fc14f02a0d2/elements - {"using":"xpath","value":"//*[@id=\"__item2892-__clone8149-imgNav\"]"}
RESULT: {"using":"xpath","value":"//*[@id=\"__item2892-__clone8149-imgNav\"]"}
COMMAND: POST /session/582ce5f850a124cd0c5f6fc14f02a0d2/elements - {"using":"xpath","value":"//*[@id=\"__item2892-__clone8149-imgNav\"]"}
RESULT: {"using":"xpath","value":"//*[@id=\"__item2892-__clone8149-imgNav\"]"}
COMMAND: POST /session/582ce5f850a124cd0c5f6fc14f02a0d2/elements - {"using":"xpath","value":"//*[@id=\"__item2892-__clone8149-imgNav\"]"}
RESULT: {"using":"xpath","value":"//*[@id=\"__item2892-__clone8149-imgNav\"]"}
COMMAND: POST /session/582ce5f850a124cd0c5f6fc14f02a0d2/elements - {"using":"xpath","value":"//*[@id=\"__item2892-__clone8149-imgNav\"]"}
RESULT: {"using":"xpath","value":"//*[@id=\"__item2892-__clone8149-imgNav\"]"}
COMMAND: POST /session/582ce5f850a124cd0c5f6fc14f02a0d2/elements - {"using":"xpath","value":"//*[@id=\"__item2892-__clone8149-imgNav\"]"}
RESULT: {"using":"xpath","value":"//*[@id=\"__item2892-__clone8149-imgNav\"]"}
COMMAND: POST /session/582ce5f850a124cd0c5f6fc14f02a0d2/elements - {"using":"xpath","value":"//*[@id=\"__item2892-__clone8149-imgNav\"]"}
RESULT: {"using":"xpath","value":"//*[@id=\"__item2892-__clone8149-imgNav\"]"}
COMMAND: POST /session/582ce5f850a124cd0c5f6fc14f02a0d2/elements - {"using":"xpath","value":"//*[@id=\"__item2892-__clone8149-imgNav\"]"}
RESULT: {"using":"xpath","value":"//*[@id=\"__item2892-__clone8149-imgNav\"]"}
COMMAND: POST /session/582ce5f850a124cd0c5f6fc14f02a0d2/elements - {"using":"xpath","value":"//*[@id=\"__item2892-__clone8149-imgNav\"]"}
RESULT: {"using":"xpath","value":"//*[@id=\"__item2892-__clone8149-imgNav\"]"}
COMMAND: POST /session/582ce5f850a124cd0c5f6fc14f02a0d2/elements - {"using":"xpath","value":"//*[@id=\"__item2892-__clone8149-imgNav\"]"}
RESULT: {"using":"xpath","value":"//*[@id=\"__item2892-__clone8149-imgNav\"]"}
COMMAND: POST /session/582ce5f850a124cd0c5f6fc14f02a0d2/elements - {"using":"xpath","value":"//*[@id=\"__item2892-__clone8149-imgNav\"]"}
RESULT: {"using":"xpath","value":"//*[@id=\"__item2892-__clone8149-imgNav\"]"}
COMMAND: POST /session/582ce5f850a124cd0c5f6fc14f02a0d2/elements - {"using":"xpath","value":"//*[@id=\"__item2892-__clone8149-imgNav\"]"}
RESULT: {"using":"xpath","value":"//*[@id=\"__item2892-__clone8149-imgNav\"]"}
COMMAND: POST /session/582ce5f850a124cd0c5f6fc14f02a0d2/elements - {"using":"xpath","value":"//*[@id=\"__item2892-__clone8149-imgNav\"]"}
RESULT: {"using":"xpath","value":"//*[@id=\"__item2892-__clone8149-imgNav\"]"}
COMMAND: POST /session/582ce5f850a124cd0c5f6fc14f02a0d2/elements - {"using":"xpath","value":"//*[@id=\"__item2892-__clone8149-imgNav\"]"}
RESULT: {"using":"xpath","value":"//*[@id=\"__item2892-__clone8149-imgNav\"]"}
COMMAND: POST /session/582ce5f850a124cd0c5f6fc14f02a0d2/elements - {"using":"xpath","value":"//*[@id=\"__item2892-__clone8149-imgNav\"]"}
RESULT: {"using":"xpath","value":"//*[@id=\"__item2892-__clone8149-imgNav\"]"}
COMMAND: POST /session/582ce5f850a124cd0c5f6fc14f02a0d2/elements - {"using":"xpath","value":"//*[@id=\"__item2892-__clone8149-imgNav\"]"}
RESULT: {"using":"xpath","value":"//*[@id=\"__item2892-__clone8149-imgNav\"]"}
COMMAND: POST /session/582ce5f850a124cd0c5f6fc14f02a0d2/elements - {"using":"xpath","value":"//*[@id=\"__item2892-__clone8149-imgNav\"]"}
RESULT: {"using":"xpath","value":"//*[@id=\"__item2892-__clone8149-imgNav\"]"}
COMMAND: POST /session/582ce5f850a124cd0c5f6fc14f02a0d2/elements - {"using":"xpath","value":"//*[@id=\"__item2892-__clone8149-imgNav\"]"}
RESULT: {"using":"xpath","value":"//*[@id=\"__item2892-__clone8149-imgNav\"]"}
COMMAND: POST /session/582ce5f850a124cd0c5f6fc14f02a0d2/elements - {"using":"xpath","value":"//*[@id=\"__item2892-__clone8149-imgNav\"]"}
RESULT: {"using":"xpath","value":"//*[@id=\"__item2892-__clone8149-imgNav\"]"}
COMMAND: POST /session/582ce5f850a124cd0c5f6fc14f02a0d2/elements - {"using":"xpath","value":"//*[@id=\"__item2892-__clone8149-imgNav\"]"}
RESULT: {"using":"xpath","value":"//*[@id=\"__item2892-__clone8149-imgNav\"]"}
COMMAND: POST /session/582ce5f850a124cd0c5f6fc14f02a0d2/elements - {"using":"xpath","value":"//*[@id=\"__item2892-__clone8149-imgNav\"]"}
RESULT: {"using":"xpath","value":"//*[@id=\"__item2892-__clone8149-imgNav\"]"}
COMMAND: POST /session/582ce5f850a124cd0c5f6fc14f02a0d2/elements - {"using":"xpath","value":"//*[@id=\"__item2892-__clone8149-imgNav\"]"}
RESULT: {"using":"xpath","value":"//*[@id=\"__item2892-__clone8149-imgNav\"]"}
COMMAND: POST /session/582ce5f850a124cd0c5f6fc14f02a0d2/elements - {"using":"xpath","value":"//*[@id=\"__item2892-__clone8149-imgNav\"]"}
RESULT: {"using":"xpath","value":"//*[@id=\"__item2892-__clone8149-imgNav\"]"}
COMMAND: POST /session/582ce5f850a124cd0c5f6fc14f02a0d2/elements - {"using":"xpath","value":"//*[@id=\"__item2892-__clone8149-imgNav\"]"}
RESULT: {"using":"xpath","value":"//*[@id=\"__item2892-__clone8149-imgNav\"]"}
COMMAND: POST /session/582ce5f850a124cd0c5f6fc14f02a0d2/elements - {"using":"xpath","value":"//*[@id=\"__item2892-__clone8149-imgNav\"]"}
RESULT: {"using":"xpath","value":"//*[@id=\"__item2892-__clone8149-imgNav\"]"}
COMMAND: POST /session/582ce5f850a124cd0c5f6fc14f02a0d2/elements - {"using":"xpath","value":"//*[@id=\"__item2892-__clone8149-imgNav\"]"}
RESULT: {"using":"xpath","value":"//*[@id=\"__item2892-__clone8149-imgNav\"]"}
COMMAND: POST /session/582ce5f850a124cd0c5f6fc14f02a0d2/elements - {"using":"xpath","value":"//*[@id=\"__item2892-__clone8149-imgNav\"]"}
RESULT: {"using":"xpath","value":"//*[@id=\"__item2892-__clone8149-imgNav\"]"}
COMMAND: POST /session/582ce5f850a124cd0c5f6fc14f02a0d2/elements - {"using":"xpath","value":"//*[@id=\"__item2892-__clone8149-imgNav\"]"}
RESULT: {"using":"xpath","value":"//*[@id=\"__item2892-__clone8149-imgNav\"]"}
COMMAND: POST /session/582ce5f850a124cd0c5f6fc14f02a0d2/elements - {"using":"xpath","value":"//*[@id=\"__item2892-__clone8149-imgNav\"]"}
RESULT: {"using":"xpath","value":"//*[@id=\"__item2892-__clone8149-imgNav\"]"}
COMMAND: POST /session/582ce5f850a124cd0c5f6fc14f02a0d2/elements - {"using":"xpath","value":"//*[@id=\"__item2892-__clone8149-imgNav\"]"}
RESULT: {"using":"xpath","value":"//*[@id=\"__item2892-__clone8149-imgNav\"]"}
COMMAND: POST /session/582ce5f850a124cd0c5f6fc14f02a0d2/elements - {"using":"xpath","value":"//*[@id=\"__item2892-__clone8149-imgNav\"]"}
RESULT: {"using":"xpath","value":"//*[@id=\"__item2892-__clone8149-imgNav\"]"}
COMMAND: POST /session/582ce5f850a124cd0c5f6fc14f02a0d2/elements - {"using":"xpath","value":"//*[@id=\"__item2892-__clone8149-imgNav\"]"}
RESULT: {"using":"xpath","value":"//*[@id=\"__item2892-__clone8149-imgNav\"]"}
COMMAND: POST /session/582ce5f850a124cd0c5f6fc14f02a0d2/elements - {"using":"xpath","value":"//*[@id=\"__item2892-__clone8149-imgNav\"]"}
RESULT: {"using":"xpath","value":"//*[@id=\"__item2892-__clone8149-imgNav\"]"}
COMMAND: POST /session/582ce5f850a124cd0c5f6fc14f02a0d2/elements - {"using":"xpath","value":"//*[@id=\"__item2892-__clone8149-imgNav\"]"}
RESULT: {"using":"xpath","value":"//*[@id=\"__item2892-__clone8149-imgNav\"]"}
COMMAND: POST /session/582ce5f850a124cd0c5f6fc14f02a0d2/elements - {"using":"xpath","value":"//*[@id=\"__item2892-__clone8149-imgNav\"]"}
RESULT: {"using":"xpath","value":"//*[@id=\"__item2892-__clone8149-imgNav\"]"}
COMMAND: POST /session/582ce5f850a124cd0c5f6fc14f02a0d2/elements - {"using":"xpath","value":"//*[@id=\"__item2892-__clone8149-imgNav\"]"}
RESULT: {"using":"xpath","value":"//*[@id=\"__item2892-__clone8149-imgNav\"]"}
COMMAND: POST /session/582ce5f850a124cd0c5f6fc14f02a0d2/elements - {"using":"xpath","value":"//*[@id=\"__item2892-__clone8149-imgNav\"]"}
RESULT: {"using":"xpath","value":"//*[@id=\"__item2892-__clone8149-imgNav\"]"}
COMMAND: POST /session/582ce5f850a124cd0c5f6fc14f02a0d2/elements - {"using":"xpath","value":"//*[@id=\"__item2892-__clone8149-imgNav\"]"}
RESULT: {"using":"xpath","value":"//*[@id=\"__item2892-__clone8149-imgNav\"]"}
COMMAND: POST /session/582ce5f850a124cd0c5f6fc14f02a0d2/elements - {"using":"xpath","value":"//*[@id=\"__item2892-__clone8149-imgNav\"]"}
RESULT: {"using":"xpath","value":"//*[@id=\"__item2892-__clone8149-imgNav\"]"}
COMMAND: POST /session/582ce5f850a124cd0c5f6fc14f02a0d2/elements - {"using":"xpath","value":"//*[@id=\"__item2892-__clone8149-imgNav\"]"}
RESULT: {"using":"xpath","value":"//*[@id=\"__item2892-__clone8149-imgNav\"]"}
COMMAND: POST /session/582ce5f850a124cd0c5f6fc14f02a0d2/elements - {"using":"xpath","value":"//*[@id=\"__item2892-__clone8149-imgNav\"]"}
RESULT: {"using":"xpath","value":"//*[@id=\"__item2892-__clone8149-imgNav\"]"}
COMMAND: POST /session/582ce5f850a124cd0c5f6fc14f02a0d2/elements - {"using":"xpath","value":"//*[@id=\"__item2892-__clone8149-imgNav\"]"}
RESULT: {"using":"xpath","value":"//*[@id=\"__item2892-__clone8149-imgNav\"]"}
COMMAND: POST /session/582ce5f850a124cd0c5f6fc14f02a0d2/elements - {"using":"xpath","value":"//*[@id=\"__item2892-__clone8149-imgNav\"]"}
RESULT: {"using":"xpath","value":"//*[@id=\"__item2892-__clone8149-imgNav\"]"}
COMMAND: POST /session/582ce5f850a124cd0c5f6fc14f02a0d2/elements - {"using":"xpath","value":"//*[@id=\"__item2892-__clone8149-imgNav\"]"}
RESULT: {"using":"xpath","value":"//*[@id=\"__item2892-__clone8149-imgNav\"]"}
COMMAND: POST /session/582ce5f850a124cd0c5f6fc14f02a0d2/elements - {"using":"xpath","value":"//*[@id=\"__item2892-__clone8149-imgNav\"]"}
RESULT: {"using":"xpath","value":"//*[@id=\"__item2892-__clone8149-imgNav\"]"}
COMMAND: POST /session/582ce5f850a124cd0c5f6fc14f02a0d2/elements - {"using":"xpath","value":"//*[@id=\"__item2892-__clone8149-imgNav\"]"}
RESULT: {"using":"xpath","value":"//*[@id=\"__item2892-__clone8149-imgNav\"]"}
COMMAND: POST /session/582ce5f850a124cd0c5f6fc14f02a0d2/elements - {"using":"xpath","value":"//*[@id=\"__item2892-__clone8149-imgNav\"]"}
RESULT: {"using":"xpath","value":"//*[@id=\"__item2892-__clone8149-imgNav\"]"}
COMMAND: POST /session/582ce5f850a124cd0c5f6fc14f02a0d2/elements - {"using":"xpath","value":"//*[@id=\"__item2892-__clone8149-imgNav\"]"}
RESULT: {"using":"xpath","value":"//*[@id=\"__item2892-__clone8149-imgNav\"]"}
COMMAND: POST /session/582ce5f850a124cd0c5f6fc14f02a0d2/elements - {"using":"xpath","value":"//*[@id=\"__item2892-__clone8149-imgNav\"]"}
RESULT: {"using":"xpath","value":"//*[@id=\"__item2892-__clone8149-imgNav\"]"}
COMMAND: POST /session/582ce5f850a124cd0c5f6fc14f02a0d2/elements - {"using":"xpath","value":"//*[@id=\"__item2892-__clone8149-imgNav\"]"}
RESULT: {"using":"xpath","value":"//*[@id=\"__item2892-__clone8149-imgNav\"]"}
COMMAND: POST /session/582ce5f850a124cd0c5f6fc14f02a0d2/elements - {"using":"xpath","value":"//*[@id=\"__item2892-__clone8149-imgNav\"]"}
RESULT: {"using":"xpath","value":"//*[@id=\"__item2892-__clone8149-imgNav\"]"}
COMMAND: POST /session/582ce5f850a124cd0c5f6fc14f02a0d2/elements - {"using":"xpath","value":"//*[@id=\"__item2892-__clone8149-imgNav\"]"}
RESULT: {"using":"xpath","value":"//*[@id=\"__item2892-__clone8149-imgNav\"]"}
COMMAND: POST /session/582ce5f850a124cd0c5f6fc14f02a0d2/elements - {"using":"xpath","value":"//*[@id=\"__item2892-__clone8149-imgNav\"]"}
RESULT: {"using":"xpath","value":"//*[@id=\"__item2892-__clone8149-imgNav\"]"}
COMMAND: POST /session/582ce5f850a124cd0c5f6fc14f02a0d2/elements - {"using":"xpath","value":"//*[@id=\"__item2892-__clone8149-imgNav\"]"}
RESULT: {"using":"xpath","value":"//*[@id=\"__item2892-__clone8149-imgNav\"]"}
COMMAND: POST /session/582ce5f850a124cd0c5f6fc14f02a0d2/elements - {"using":"xpath","value":"//*[@id=\"__item2892-__clone8149-imgNav\"]"}
RESULT: {"using":"xpath","value":"//*[@id=\"__item2892-__clone8149-imgNav\"]"}
COMMAND: POST /session/582ce5f850a124cd0c5f6fc14f02a0d2/elements - {"using":"xpath","value":"//*[@id=\"__item2892-__clone8149-imgNav\"]"}
RESULT: {"using":"xpath","value":"//*[@id=\"__item2892-__clone8149-imgNav\"]"}
COMMAND: POST /session/582ce5f850a124cd0c5f6fc14f02a0d2/elements - {"using":"xpath","value":"//*[@id=\"__item2892-__clone8149-imgNav\"]"}
RESULT: {"using":"xpath","value":"//*[@id=\"__item2892-__clone8149-imgNav\"]"}
COMMAND: POST /session/582ce5f850a124cd0c5f6fc14f02a0d2/elements - {"using":"xpath","value":"//*[@id=\"__item2892-__clone8149-imgNav\"]"}
RESULT: {"using":"xpath","value":"//*[@id=\"__item2892-__clone8149-imgNav\"]"}
COMMAND: POST /session/582ce5f850a124cd0c5f6fc14f02a0d2/elements - {"using":"xpath","value":"//*[@id=\"__item2892-__clone8149-imgNav\"]"}
RESULT: {"using":"xpath","value":"//*[@id=\"__item2892-__clone8149-imgNav\"]"}
COMMAND: POST /session/582ce5f850a124cd0c5f6fc14f02a0d2/elements - {"using":"xpath","value":"//*[@id=\"__item2892-__clone8149-imgNav\"]"}
RESULT: {"using":"xpath","value":"//*[@id=\"__item2892-__clone8149-imgNav\"]"}
COMMAND: POST /session/582ce5f850a124cd0c5f6fc14f02a0d2/elements - {"using":"xpath","value":"//*[@id=\"__item2892-__clone8149-imgNav\"]"}
RESULT: {"using":"xpath","value":"//*[@id=\"__item2892-__clone8149-imgNav\"]"}
COMMAND: POST /session/582ce5f850a124cd0c5f6fc14f02a0d2/elements - {"using":"xpath","value":"//*[@id=\"__item2892-__clone8149-imgNav\"]"}
RESULT: {"using":"xpath","value":"//*[@id=\"__item2892-__clone8149-imgNav\"]"}
COMMAND: POST /session/582ce5f850a124cd0c5f6fc14f02a0d2/elements - {"using":"xpath","value":"//*[@id=\"__item2892-__clone8149-imgNav\"]"}
RESULT: {"using":"xpath","value":"//*[@id=\"__item2892-__clone8149-imgNav\"]"}
COMMAND: POST /session/582ce5f850a124cd0c5f6fc14f02a0d2/elements - {"using":"xpath","value":"//*[@id=\"__item2892-__clone8149-imgNav\"]"}
RESULT: {"using":"xpath","value":"//*[@id=\"__item2892-__clone8149-imgNav\"]"}
COMMAND: POST /session/582ce5f850a124cd0c5f6fc14f02a0d2/elements - {"using":"xpath","value":"//*[@id=\"__item2892-__clone8149-imgNav\"]"}
RESULT: {"using":"xpath","value":"//*[@id=\"__item2892-__clone8149-imgNav\"]"}
COMMAND: POST /session/582ce5f850a124cd0c5f6fc14f02a0d2/elements - {"using":"xpath","value":"//*[@id=\"__item2892-__clone8149-imgNav\"]"}
RESULT: {"using":"xpath","value":"//*[@id=\"__item2892-__clone8149-imgNav\"]"}
COMMAND: POST /session/582ce5f850a124cd0c5f6fc14f02a0d2/elements - {"using":"xpath","value":"//*[@id=\"__item2892-__clone8149-imgNav\"]"}
RESULT: {"using":"xpath","value":"//*[@id=\"__item2892-__clone8149-imgNav\"]"}
COMMAND: POST /session/582ce5f850a124cd0c5f6fc14f02a0d2/elements - {"using":"xpath","value":"//*[@id=\"__item2892-__clone8149-imgNav\"]"}
RESULT: {"using":"xpath","value":"//*[@id=\"__item2892-__clone8149-imgNav\"]"}
COMMAND: POST /session/582ce5f850a124cd0c5f6fc14f02a0d2/elements - {"using":"xpath","value":"//*[@id=\"__item2892-__clone8149-imgNav\"]"}
RESULT: {"using":"xpath","value":"//*[@id=\"__item2892-__clone8149-imgNav\"]"}
COMMAND: POST /session/582ce5f850a124cd0c5f6fc14f02a0d2/elements - {"using":"xpath","value":"//*[@id=\"__item2892-__clone8149-imgNav\"]"}
RESULT: {"using":"xpath","value":"//*[@id=\"__item2892-__clone8149-imgNav\"]"}
COMMAND: POST /session/582ce5f850a124cd0c5f6fc14f02a0d2/elements - {"using":"xpath","value":"//*[@id=\"__item2892-__clone8149-imgNav\"]"}
RESULT: {"using":"xpath","value":"//*[@id=\"__item2892-__clone8149-imgNav\"]"}
COMMAND: POST /session/582ce5f850a124cd0c5f6fc14f02a0d2/elements - {"using":"xpath","value":"//*[@id=\"__item2892-__clone8149-imgNav\"]"}
RESULT: {"using":"xpath","value":"//*[@id=\"__item2892-__clone8149-imgNav\"]"}
COMMAND: POST /session/582ce5f850a124cd0c5f6fc14f02a0d2/elements - {"using":"xpath","value":"//*[@id=\"__item2892-__clone8149-imgNav\"]"}
RESULT: {"using":"xpath","value":"//*[@id=\"__item2892-__clone8149-imgNav\"]"}
COMMAND: POST /session/582ce5f850a124cd0c5f6fc14f02a0d2/elements - {"using":"xpath","value":"//*[@id=\"__item2892-__clone8149-imgNav\"]"}
RESULT: {"using":"xpath","value":"//*[@id=\"__item2892-__clone8149-imgNav\"]"}
COMMAND: POST /session/582ce5f850a124cd0c5f6fc14f02a0d2/elements - {"using":"xpath","value":"//*[@id=\"__item2892-__clone8149-imgNav\"]"}
RESULT: {"using":"xpath","value":"//*[@id=\"__item2892-__clone8149-imgNav\"]"}
COMMAND: POST /session/582ce5f850a124cd0c5f6fc14f02a0d2/elements - {"using":"xpath","value":"//*[@id=\"__item2892-__clone8149-imgNav\"]"}
RESULT: {"using":"xpath","value":"//*[@id=\"__item2892-__clone8149-imgNav\"]"}
COMMAND: POST /session/582ce5f850a124cd0c5f6fc14f02a0d2/elements - {"using":"xpath","value":"//*[@id=\"__item2892-__clone8149-imgNav\"]"}
RESULT: {"using":"xpath","value":"//*[@id=\"__item2892-__clone8149-imgNav\"]"}
COMMAND: POST /session/582ce5f850a124cd0c5f6fc14f02a0d2/elements - {"using":"xpath","value":"//*[@id=\"__item2892-__clone8149-imgNav\"]"}
RESULT: {"using":"xpath","value":"//*[@id=\"__item2892-__clone8149-imgNav\"]"}
COMMAND: POST /session/582ce5f850a124cd0c5f6fc14f02a0d2/elements - {"using":"xpath","value":"//*[@id=\"__item2892-__clone8149-imgNav\"]"}
RESULT: {"using":"xpath","value":"//*[@id=\"__item2892-__clone8149-imgNav\"]"}
COMMAND: POST /session/582ce5f850a124cd0c5f6fc14f02a0d2/elements - {"using":"xpath","value":"//*[@id=\"__item2892-__clone8149-imgNav\"]"}
RESULT: {"using":"xpath","value":"//*[@id=\"__item2892-__clone8149-imgNav\"]"}
COMMAND: POST /session/582ce5f850a124cd0c5f6fc14f02a0d2/elements - {"using":"xpath","value":"//*[@id=\"__item2892-__clone8149-imgNav\"]"}
RESULT: {"using":"xpath","value":"//*[@id=\"__item2892-__clone8149-imgNav\"]"}
COMMAND: POST /session/582ce5f850a124cd0c5f6fc14f02a0d2/elements - {"using":"xpath","value":"//*[@id=\"__item2892-__clone8149-imgNav\"]"}
RESULT: {"using":"xpath","value":"//*[@id=\"__item2892-__clone8149-imgNav\"]"}
COMMAND: POST /session/582ce5f850a124cd0c5f6fc14f02a0d2/elements - {"using":"xpath","value":"//*[@id=\"__item2892-__clone8149-imgNav\"]"}
RESULT: {"using":"xpath","value":"//*[@id=\"__item2892-__clone8149-imgNav\"]"}
COMMAND: POST /session/582ce5f850a124cd0c5f6fc14f02a0d2/elements - {"using":"xpath","value":"//*[@id=\"__item2892-__clone8149-imgNav\"]"}
RESULT: {"using":"xpath","value":"//*[@id=\"__item2892-__clone8149-imgNav\"]"}
COMMAND: POST /session/582ce5f850a124cd0c5f6fc14f02a0d2/elements - {"using":"xpath","value":"//*[@id=\"__item2892-__clone8149-imgNav\"]"}
RESULT: {"using":"xpath","value":"//*[@id=\"__item2892-__clone8149-imgNav\"]"}
COMMAND: POST /session/582ce5f850a124cd0c5f6fc14f02a0d2/elements - {"using":"xpath","value":"//*[@id=\"__item2892-__clone8149-imgNav\"]"}
RESULT: {"using":"xpath","value":"//*[@id=\"__item2892-__clone8149-imgNav\"]"}
COMMAND: POST /session/582ce5f850a124cd0c5f6fc14f02a0d2/elements - {"using":"xpath","value":"//*[@id=\"__item2892-__clone8149-imgNav\"]"}
RESULT: {"using":"xpath","value":"//*[@id=\"__item2892-__clone8149-imgNav\"]"}
COMMAND: POST /session/582ce5f850a124cd0c5f6fc14f02a0d2/elements - {"using":"xpath","value":"//*[@id=\"__item2892-__clone8149-imgNav\"]"}
RESULT: {"using":"xpath","value":"//*[@id=\"__item2892-__clone8149-imgNav\"]"}
COMMAND: POST /session/582ce5f850a124cd0c5f6fc14f02a0d2/elements - {"using":"xpath","value":"//*[@id=\"__item2892-__clone8149-imgNav\"]"}
RESULT: {"using":"xpath","value":"//*[@id=\"__item2892-__clone8149-imgNav\"]"}
RESULT: undefined
RESULT: undefined
COMMAND: POST /session/582ce5f850a124cd0c5f6fc14f02a0d2/execute/async - {"script":"<script> [1562 bytes]","args":[{"selector":{"controlType":"sap.m.ToggleButton","viewName":"etm.portal.ui.managehandovers.view.DetailExecuteHO","i18NText":{"propertyName":"text","key":"refuse"},"interaction":{"idSuffix":"BDI-content"}},"wdio_ui5_key":"etmportal.ui.managehandovers.view.DetailExecuteHOsap.m.ToggleButton{\"propertyName\":\"text\",\"key\":\"refuse\"}"}]}
RESULT: {"script":"<script> [1562 bytes]","args":[{"selector":{"controlType":"sap.m.ToggleButton","viewName":"etm.portal.ui.managehandovers.view.DetailExecuteHO","i18NText":{"propertyName":"text","key":"refuse"},"interaction":{"idSuffix":"BDI-content"}},"wdio_ui5_key":"etmportal.ui.managehandovers.view.DetailExecuteHOsap.m.ToggleButton{\"propertyName\":\"text\",\"key\":\"refuse\"}"}]}
RESULT: undefined
COMMAND: POST /session/582ce5f850a124cd0c5f6fc14f02a0d2/execute/async - {"script":"<script> [1562 bytes]","args":[{"selector":{"id":"confirmationButton","viewName":"etm.portal.ui.managehandovers.view.DetailExecuteHO","interaction":{"idSuffix":"BDI-content"},"properties":{"text":"Receive / Refuse"}},"wdio_ui5_key":"confirmationButtonetmportal.ui.managehandovers.view.DetailExecuteHO{\"text\":\"Receive / Refuse\"}"}]}
RESULT: {"script":"<script> [1562 bytes]","args":[{"selector":{"id":"confirmationButton","viewName":"etm.portal.ui.managehandovers.view.DetailExecuteHO","interaction":{"idSuffix":"BDI-content"},"properties":{"text":"Receive / Refuse"}},"wdio_ui5_key":"confirmationButtonetmportal.ui.managehandovers.view.DetailExecuteHO{\"text\":\"Receive / Refuse\"}"}]}
RESULT: undefined
COMMAND: POST /session/582ce5f850a124cd0c5f6fc14f02a0d2/element - {"using":"css selector","value":"#j_username"}
COMMAND: POST /session/582ce5f850a124cd0c5f6fc14f02a0d2/url - {"url":"https://qa-testing-00-live-etm-ui.cfapps.eu10-004.hana.ondemand.com/"}
RESULT: {"using":"css selector","value":"#j_username"}
COMMAND: POST /session/582ce5f850a124cd0c5f6fc14f02a0d2/element - {"using":"css selector","value":"#j_username"}
RESULT: {"url":"https://qa-testing-00-live-etm-ui.cfapps.eu10-004.hana.ondemand.com/"}
RESULT: undefined
COMMAND: GET /session/582ce5f850a124cd0c5f6fc14f02a0d2/screenshot - {}
RESULT: {"using":"css selector","value":"#j_username"}
COMMAND: POST /session/582ce5f850a124cd0c5f6fc14f02a0d2/element - {"using":"css selector","value":"#shell-header-logo"}
RESULT: {}
RESULT: {"using":"css selector","value":"#shell-header-logo"}
COMMAND: POST /session/582ce5f850a124cd0c5f6fc14f02a0d2/execute/sync - {"script":"<script> [8489 bytes]","args":[{"element-6066-11e4-a52e-4f735466cecf":"f.92142B0E1996143B500ED3F2A7F6BA2F.d.1CEC8265D6C788269F885A3E0E60A9B9.e.14178","ELEMENT":"f.92142B0E1996143B500ED3F2A7F6BA2F.d.1CEC8265D6C788269F885A3E0E60A9B9.e.14178"}]}
RESULT: {"script":"<script> [8489 bytes]","args":[{"element-6066-11e4-a52e-4f735466cecf":"f.92142B0E1996143B500ED3F2A7F6BA2F.d.1CEC8265D6C788269F885A3E0E60A9B9.e.14178","ELEMENT":"f.92142B0E1996143B500ED3F2A7F6BA2F.d.1CEC8265D6C788269F885A3E0E60A9B9.e.14178"}]}
COMMAND: POST /session/582ce5f850a124cd0c5f6fc14f02a0d2/element - {"using":"css selector","value":"#shell-header-logo"}
COMMAND: GET /session/582ce5f850a124cd0c5f6fc14f02a0d2/screenshot - {}
RESULT: {"using":"css selector","value":"#shell-header-logo"}
COMMAND: POST /session/582ce5f850a124cd0c5f6fc14f02a0d2/execute/sync - {"script":"<script> [8489 bytes]","args":[{"element-6066-11e4-a52e-4f735466cecf":"f.92142B0E1996143B500ED3F2A7F6BA2F.d.1CEC8265D6C788269F885A3E0E60A9B9.e.14178","ELEMENT":"f.92142B0E1996143B500ED3F2A7F6BA2F.d.1CEC8265D6C788269F885A3E0E60A9B9.e.14178"}]}
RESULT: {}
RESULT: {"script":"<script> [8489 bytes]","args":[{"element-6066-11e4-a52e-4f735466cecf":"f.92142B0E1996143B500ED3F2A7F6BA2F.d.1CEC8265D6C788269F885A3E0E60A9B9.e.14178","ELEMENT":"f.92142B0E1996143B500ED3F2A7F6BA2F.d.1CEC8265D6C788269F885A3E0E60A9B9.e.14178"}]}
COMMAND: POST /session/582ce5f850a124cd0c5f6fc14f02a0d2/execute/sync - {"script":"<script> [5351 bytes]","args":[{"element-6066-11e4-a52e-4f735466cecf":"f.92142B0E1996143B500ED3F2A7F6BA2F.d.1CEC8265D6C788269F885A3E0E60A9B9.e.14178","ELEMENT":"f.92142B0E1996143B500ED3F2A7F6BA2F.d.1CEC8265D6C788269F885A3E0E60A9B9.e.14178"}]}
COMMAND: GET /session/582ce5f850a124cd0c5f6fc14f02a0d2/screenshot - {}
RESULT: {"script":"<script> [5351 bytes]","args":[{"element-6066-11e4-a52e-4f735466cecf":"f.92142B0E1996143B500ED3F2A7F6BA2F.d.1CEC8265D6C788269F885A3E0E60A9B9.e.14178","ELEMENT":"f.92142B0E1996143B500ED3F2A7F6BA2F.d.1CEC8265D6C788269F885A3E0E60A9B9.e.14178"}]}
COMMAND: POST /session/582ce5f850a124cd0c5f6fc14f02a0d2/element - {"using":"css selector","value":"#shell-header-logo"}
COMMAND: GET /session/582ce5f850a124cd0c5f6fc14f02a0d2/screenshot - {}
RESULT: {}
RESULT: {"using":"css selector","value":"#shell-header-logo"}
COMMAND: POST /session/582ce5f850a124cd0c5f6fc14f02a0d2/element/f.92142B0E1996143B500ED3F2A7F6BA2F.d.1CEC8265D6C788269F885A3E0E60A9B9.e.14178/click - {}
RESULT: {}
RESULT: {}
COMMAND: GET /session/582ce5f850a124cd0c5f6fc14f02a0d2/screenshot - {}
RESULT: {}
COMMAND: POST /session/582ce5f850a124cd0c5f6fc14f02a0d2/execute/async - {"script":"<script> [189 bytes]","args":[]}
RESULT: {"script":"<script> [189 bytes]","args":[]}
COMMAND: POST /session/582ce5f850a124cd0c5f6fc14f02a0d2/execute/async - {"script":"<script> [123 bytes]","args":[]}
RESULT: {"script":"<script> [123 bytes]","args":[]}
COMMAND: POST /session/582ce5f850a124cd0c5f6fc14f02a0d2/timeouts - {"script":"<number>"}
RESULT: {"script":"<number>"}
COMMAND: GET /session/582ce5f850a124cd0c5f6fc14f02a0d2/timeouts - {}
RESULT: {}
RESULT: undefined
COMMAND: POST /session/582ce5f850a124cd0c5f6fc14f02a0d2/execute/async - {"script":"<script> [2676 bytes]","args":[]}
RESULT: {"script":"<script> [2676 bytes]","args":[]}
COMMAND: POST /session/582ce5f850a124cd0c5f6fc14f02a0d2/execute/async - {"script":"<script> [2342 bytes]","args":[{"protocol":"http","hostname":"0.0.0.0","path":"/","capabilities":{"browserName":"chrome","goog:chromeOptions":{"binary":"C:\\Program Files\\Google\\Chrome\\Application\\chrome.exe","args":["--start-maximized"]}},"logLevel":"warn","connectionRetryTimeout":120000,"connectionRetryCount":3,"logLevels":{},"enableDirectConnect":true,"strictSSL":true,"_":"65 more keys: [\"cacheDir\",\"port\",\"requestedCapabilities\",\"automationProtocol\",\"baseUrl\",\"waitforInterval\",\"waitforTimeout\",\"onReload\",\"beforeCommand\",\"afterCommand\",\"rootDir\",\"specs\",\"suites\",\"exclude\",\"groupLogsByTestSpec\",\"excludeDriverLogs\",\"bail\",\"framework\",\"reporters\",\"services\",\"maxInstances\",\"maxInstancesPerCapability\",\"injectGlobals\",\"filesToWatch\",\"execArgv\",\"runnerEnv\",\"runner\",\"shard\",\"specFileRetries\",\"specFileRetriesDelay\",\"specFileRetriesDeferred\",\"reporterSyncInterval\",\"reporterSyncTimeout\",\"cucumberFeaturesWithLineNumbers\",\"autoCompileOpts\",\"mochaOpts\",\"jasmineOpts\",\"cucumberOpts\",\"onPrepare\",\"onWorkerStart\",\"onWorkerEnd\",\"before\",\"beforeSession\",\"beforeSuite\",\"beforeHook\",\"beforeTest\",\"afterTest\",\"afterHook\",\"afterSuite\",\"afterSession\",\"after\",\"onComplete\",\"beforeAssertion\",\"afterAssertion\",\"beforeFeature\",\"beforeScenario\",\"beforeStep\",\"afterStep\",\"afterScenario\",\"afterFeature\",\"_\",\"suite\",\"$0\",\"ignoredWorkerServices\",\"wdi5\"]"}]}
RESULT: {"script":"<script> [2342 bytes]","args":[{"protocol":"http","hostname":"0.0.0.0","path":"/","capabilities":{"browserName":"chrome","goog:chromeOptions":{"binary":"C:\\Program Files\\Google\\Chrome\\Application\\chrome.exe","args":["--start-maximized"]}},"logLevel":"warn","connectionRetryTimeout":120000,"connectionRetryCount":3,"logLevels":{},"enableDirectConnect":true,"strictSSL":true,"_":"65 more keys: [\"cacheDir\",\"port\",\"requestedCapabilities\",\"automationProtocol\",\"baseUrl\",\"waitforInterval\",\"waitforTimeout\",\"onReload\",\"beforeCommand\",\"afterCommand\",\"rootDir\",\"specs\",\"suites\",\"exclude\",\"groupLogsByTestSpec\",\"excludeDriverLogs\",\"bail\",\"framework\",\"reporters\",\"services\",\"maxInstances\",\"maxInstancesPerCapability\",\"injectGlobals\",\"filesToWatch\",\"execArgv\",\"runnerEnv\",\"runner\",\"shard\",\"specFileRetries\",\"specFileRetriesDelay\",\"specFileRetriesDeferred\",\"reporterSyncInterval\",\"reporterSyncTimeout\",\"cucumberFeaturesWithLineNumbers\",\"autoCompileOpts\",\"mochaOpts\",\"jasmineOpts\",\"cucumberOpts\",\"onPrepare\",\"onWorkerStart\",\"onWorkerEnd\",\"before\",\"beforeSession\",\"beforeSuite\",\"beforeHook\",\"beforeTest\",\"afterTest\",\"afterHook\",\"afterSuite\",\"afterSession\",\"after\",\"onComplete\",\"beforeAssertion\",\"afterAssertion\",\"beforeFeature\",\"beforeScenario\",\"beforeStep\",\"afterStep\",\"afterScenario\",\"afterFeature\",\"_\",\"suite\",\"$0\",\"ignoredWorkerServices\",\"wdi5\"]"}]}
COMMAND: POST /session/582ce5f850a124cd0c5f6fc14f02a0d2/execute/async - {"script":"<script> [21126 bytes]","args":[35000]}
RESULT: {"script":"<script> [21126 bytes]","args":[35000]}
COMMAND: POST /session/582ce5f850a124cd0c5f6fc14f02a0d2/window/maximize - {}
RESULT: {}
COMMAND: POST /session/582ce5f850a124cd0c5f6fc14f02a0d2/execute/async - {"script":"<script> [1562 bytes]","args":[{"selector":{"id":"shell-header","interaction":{"idSuffix":"icon"}},"wdio_ui5_key":"shellheader"}]}
COMMAND: GET /session/582ce5f850a124cd0c5f6fc14f02a0d2/screenshot - {}
RESULT: {"script":"<script> [1562 bytes]","args":[{"selector":{"id":"shell-header","interaction":{"idSuffix":"icon"}},"wdio_ui5_key":"shellheader"}]}
RESULT: undefined
]]></system-out>
    </testcase>
  </testsuite>
  <testsuite timestamp="2025-04-29T17:31:11" time="311.59" tests="4" failures="4" errors="4" skipped="0">
    <properties>
      <property name="specId" value="0" />
      <property name="suiteName" value="Provide to Site w/o warehouse management w/o clarification US116612" />
      <property name="capabilities" value="chrome.135_0_7049_96.windows" />
      <property name="file" value="file:///D:/a/1/s/test/specs/HTR/provide-to-site-wo-warehouse-wo-clarification.spec.js" />
    </properties>
  </testsuite>
  <testsuite timestamp="2025-04-29T17:36:22" time="433.999" tests="5" failures="4" errors="4" skipped="0">
    <properties>
      <property name="specId" value="0" />
      <property name="suiteName" value="Provide to Site w/o warehouse management wo clarification" />
      <property name="capabilities" value="chrome.135_0_7049_96.windows" />
      <property name="file" value="file:///D:/a/1/s/test/specs/HTR/provide-to-site-wo-warehouse-wo-clarification.spec.js" />
    </properties>
    <testcase classname="chrome.135_0_7049_96.windows.Provide_to_Site_w/o_warehouse_management_wo_clarification" name="Should Test for Handover Execution" time="173.911">
      <system-out><![CDATA[
COMMAND: POST /session/582ce5f850a124cd0c5f6fc14f02a0d2/element - {"using":"xpath","value":"//*[text()='false']"}
COMMAND: GET /session/582ce5f850a124cd0c5f6fc14f02a0d2/screenshot - {}
RESULT: {"using":"xpath","value":"//*[text()='false']"}
COMMAND: POST /session/582ce5f850a124cd0c5f6fc14f02a0d2/elements - {"using":"xpath","value":"//*[text()='false']"}
RESULT: {}
RESULT: {"using":"xpath","value":"//*[text()='false']"}
COMMAND: POST /session/582ce5f850a124cd0c5f6fc14f02a0d2/elements - {"using":"xpath","value":"//*[text()='false']"}
RESULT: {"using":"xpath","value":"//*[text()='false']"}
COMMAND: POST /session/582ce5f850a124cd0c5f6fc14f02a0d2/elements - {"using":"xpath","value":"//*[text()='false']"}
RESULT: {"using":"xpath","value":"//*[text()='false']"}
COMMAND: POST /session/582ce5f850a124cd0c5f6fc14f02a0d2/elements - {"using":"xpath","value":"//*[text()='false']"}
RESULT: {"using":"xpath","value":"//*[text()='false']"}
COMMAND: POST /session/582ce5f850a124cd0c5f6fc14f02a0d2/elements - {"using":"xpath","value":"//*[text()='false']"}
RESULT: {"using":"xpath","value":"//*[text()='false']"}
COMMAND: POST /session/582ce5f850a124cd0c5f6fc14f02a0d2/elements - {"using":"xpath","value":"//*[text()='false']"}
RESULT: {"using":"xpath","value":"//*[text()='false']"}
COMMAND: POST /session/582ce5f850a124cd0c5f6fc14f02a0d2/elements - {"using":"xpath","value":"//*[text()='false']"}
RESULT: {"using":"xpath","value":"//*[text()='false']"}
COMMAND: POST /session/582ce5f850a124cd0c5f6fc14f02a0d2/elements - {"using":"xpath","value":"//*[text()='false']"}
RESULT: {"using":"xpath","value":"//*[text()='false']"}
COMMAND: POST /session/582ce5f850a124cd0c5f6fc14f02a0d2/elements - {"using":"xpath","value":"//*[text()='false']"}
RESULT: {"using":"xpath","value":"//*[text()='false']"}
COMMAND: POST /session/582ce5f850a124cd0c5f6fc14f02a0d2/elements - {"using":"xpath","value":"//*[text()='false']"}
RESULT: {"using":"xpath","value":"//*[text()='false']"}
COMMAND: POST /session/582ce5f850a124cd0c5f6fc14f02a0d2/elements - {"using":"xpath","value":"//*[text()='false']"}
RESULT: {"using":"xpath","value":"//*[text()='false']"}
COMMAND: POST /session/582ce5f850a124cd0c5f6fc14f02a0d2/elements - {"using":"xpath","value":"//*[text()='false']"}
RESULT: {"using":"xpath","value":"//*[text()='false']"}
COMMAND: POST /session/582ce5f850a124cd0c5f6fc14f02a0d2/elements - {"using":"xpath","value":"//*[text()='false']"}
RESULT: {"using":"xpath","value":"//*[text()='false']"}
COMMAND: POST /session/582ce5f850a124cd0c5f6fc14f02a0d2/elements - {"using":"xpath","value":"//*[text()='false']"}
RESULT: {"using":"xpath","value":"//*[text()='false']"}
COMMAND: POST /session/582ce5f850a124cd0c5f6fc14f02a0d2/elements - {"using":"xpath","value":"//*[text()='false']"}
RESULT: {"using":"xpath","value":"//*[text()='false']"}
COMMAND: POST /session/582ce5f850a124cd0c5f6fc14f02a0d2/elements - {"using":"xpath","value":"//*[text()='false']"}
RESULT: {"using":"xpath","value":"//*[text()='false']"}
COMMAND: POST /session/582ce5f850a124cd0c5f6fc14f02a0d2/elements - {"using":"xpath","value":"//*[text()='false']"}
RESULT: {"using":"xpath","value":"//*[text()='false']"}
COMMAND: POST /session/582ce5f850a124cd0c5f6fc14f02a0d2/elements - {"using":"xpath","value":"//*[text()='false']"}
RESULT: {"using":"xpath","value":"//*[text()='false']"}
COMMAND: POST /session/582ce5f850a124cd0c5f6fc14f02a0d2/elements - {"using":"xpath","value":"//*[text()='false']"}
RESULT: {"using":"xpath","value":"//*[text()='false']"}
COMMAND: POST /session/582ce5f850a124cd0c5f6fc14f02a0d2/elements - {"using":"xpath","value":"//*[text()='false']"}
RESULT: {"using":"xpath","value":"//*[text()='false']"}
COMMAND: POST /session/582ce5f850a124cd0c5f6fc14f02a0d2/elements - {"using":"xpath","value":"//*[text()='false']"}
RESULT: {"using":"xpath","value":"//*[text()='false']"}
COMMAND: POST /session/582ce5f850a124cd0c5f6fc14f02a0d2/elements - {"using":"xpath","value":"//*[text()='false']"}
RESULT: {"using":"xpath","value":"//*[text()='false']"}
COMMAND: POST /session/582ce5f850a124cd0c5f6fc14f02a0d2/elements - {"using":"xpath","value":"//*[text()='false']"}
RESULT: {"using":"xpath","value":"//*[text()='false']"}
COMMAND: POST /session/582ce5f850a124cd0c5f6fc14f02a0d2/elements - {"using":"xpath","value":"//*[text()='false']"}
RESULT: {"using":"xpath","value":"//*[text()='false']"}
COMMAND: POST /session/582ce5f850a124cd0c5f6fc14f02a0d2/elements - {"using":"xpath","value":"//*[text()='false']"}
RESULT: {"using":"xpath","value":"//*[text()='false']"}
COMMAND: POST /session/582ce5f850a124cd0c5f6fc14f02a0d2/elements - {"using":"xpath","value":"//*[text()='false']"}
RESULT: {"using":"xpath","value":"//*[text()='false']"}
COMMAND: POST /session/582ce5f850a124cd0c5f6fc14f02a0d2/elements - {"using":"xpath","value":"//*[text()='false']"}
RESULT: {"using":"xpath","value":"//*[text()='false']"}
COMMAND: POST /session/582ce5f850a124cd0c5f6fc14f02a0d2/elements - {"using":"xpath","value":"//*[text()='false']"}
RESULT: {"using":"xpath","value":"//*[text()='false']"}
COMMAND: POST /session/582ce5f850a124cd0c5f6fc14f02a0d2/elements - {"using":"xpath","value":"//*[text()='false']"}
RESULT: {"using":"xpath","value":"//*[text()='false']"}
COMMAND: POST /session/582ce5f850a124cd0c5f6fc14f02a0d2/elements - {"using":"xpath","value":"//*[text()='false']"}
RESULT: {"using":"xpath","value":"//*[text()='false']"}
COMMAND: POST /session/582ce5f850a124cd0c5f6fc14f02a0d2/elements - {"using":"xpath","value":"//*[text()='false']"}
RESULT: {"using":"xpath","value":"//*[text()='false']"}
COMMAND: POST /session/582ce5f850a124cd0c5f6fc14f02a0d2/elements - {"using":"xpath","value":"//*[text()='false']"}
RESULT: {"using":"xpath","value":"//*[text()='false']"}
COMMAND: POST /session/582ce5f850a124cd0c5f6fc14f02a0d2/elements - {"using":"xpath","value":"//*[text()='false']"}
RESULT: {"using":"xpath","value":"//*[text()='false']"}
COMMAND: POST /session/582ce5f850a124cd0c5f6fc14f02a0d2/elements - {"using":"xpath","value":"//*[text()='false']"}
RESULT: {"using":"xpath","value":"//*[text()='false']"}
COMMAND: POST /session/582ce5f850a124cd0c5f6fc14f02a0d2/elements - {"using":"xpath","value":"//*[text()='false']"}
RESULT: {"using":"xpath","value":"//*[text()='false']"}
COMMAND: POST /session/582ce5f850a124cd0c5f6fc14f02a0d2/elements - {"using":"xpath","value":"//*[text()='false']"}
RESULT: {"using":"xpath","value":"//*[text()='false']"}
COMMAND: POST /session/582ce5f850a124cd0c5f6fc14f02a0d2/elements - {"using":"xpath","value":"//*[text()='false']"}
RESULT: {"using":"xpath","value":"//*[text()='false']"}
COMMAND: POST /session/582ce5f850a124cd0c5f6fc14f02a0d2/elements - {"using":"xpath","value":"//*[text()='false']"}
RESULT: {"using":"xpath","value":"//*[text()='false']"}
COMMAND: POST /session/582ce5f850a124cd0c5f6fc14f02a0d2/elements - {"using":"xpath","value":"//*[text()='false']"}
RESULT: {"using":"xpath","value":"//*[text()='false']"}
COMMAND: POST /session/582ce5f850a124cd0c5f6fc14f02a0d2/elements - {"using":"xpath","value":"//*[text()='false']"}
RESULT: {"using":"xpath","value":"//*[text()='false']"}
COMMAND: POST /session/582ce5f850a124cd0c5f6fc14f02a0d2/elements - {"using":"xpath","value":"//*[text()='false']"}
RESULT: {"using":"xpath","value":"//*[text()='false']"}
COMMAND: POST /session/582ce5f850a124cd0c5f6fc14f02a0d2/elements - {"using":"xpath","value":"//*[text()='false']"}
RESULT: {"using":"xpath","value":"//*[text()='false']"}
COMMAND: POST /session/582ce5f850a124cd0c5f6fc14f02a0d2/elements - {"using":"xpath","value":"//*[text()='false']"}
RESULT: {"using":"xpath","value":"//*[text()='false']"}
COMMAND: POST /session/582ce5f850a124cd0c5f6fc14f02a0d2/elements - {"using":"xpath","value":"//*[text()='false']"}
RESULT: {"using":"xpath","value":"//*[text()='false']"}
COMMAND: POST /session/582ce5f850a124cd0c5f6fc14f02a0d2/elements - {"using":"xpath","value":"//*[text()='false']"}
RESULT: {"using":"xpath","value":"//*[text()='false']"}
COMMAND: POST /session/582ce5f850a124cd0c5f6fc14f02a0d2/elements - {"using":"xpath","value":"//*[text()='false']"}
RESULT: {"using":"xpath","value":"//*[text()='false']"}
COMMAND: POST /session/582ce5f850a124cd0c5f6fc14f02a0d2/elements - {"using":"xpath","value":"//*[text()='false']"}
RESULT: {"using":"xpath","value":"//*[text()='false']"}
COMMAND: POST /session/582ce5f850a124cd0c5f6fc14f02a0d2/elements - {"using":"xpath","value":"//*[text()='false']"}
RESULT: {"using":"xpath","value":"//*[text()='false']"}
COMMAND: POST /session/582ce5f850a124cd0c5f6fc14f02a0d2/elements - {"using":"xpath","value":"//*[text()='false']"}
RESULT: {"using":"xpath","value":"//*[text()='false']"}
COMMAND: POST /session/582ce5f850a124cd0c5f6fc14f02a0d2/elements - {"using":"xpath","value":"//*[text()='false']"}
RESULT: {"using":"xpath","value":"//*[text()='false']"}
COMMAND: POST /session/582ce5f850a124cd0c5f6fc14f02a0d2/elements - {"using":"xpath","value":"//*[text()='false']"}
RESULT: {"using":"xpath","value":"//*[text()='false']"}
COMMAND: POST /session/582ce5f850a124cd0c5f6fc14f02a0d2/elements - {"using":"xpath","value":"//*[text()='false']"}
RESULT: {"using":"xpath","value":"//*[text()='false']"}
COMMAND: POST /session/582ce5f850a124cd0c5f6fc14f02a0d2/elements - {"using":"xpath","value":"//*[text()='false']"}
RESULT: {"using":"xpath","value":"//*[text()='false']"}
COMMAND: POST /session/582ce5f850a124cd0c5f6fc14f02a0d2/elements - {"using":"xpath","value":"//*[text()='false']"}
RESULT: {"using":"xpath","value":"//*[text()='false']"}
COMMAND: POST /session/582ce5f850a124cd0c5f6fc14f02a0d2/elements - {"using":"xpath","value":"//*[text()='false']"}
RESULT: {"using":"xpath","value":"//*[text()='false']"}
COMMAND: POST /session/582ce5f850a124cd0c5f6fc14f02a0d2/elements - {"using":"xpath","value":"//*[text()='false']"}
RESULT: {"using":"xpath","value":"//*[text()='false']"}
COMMAND: POST /session/582ce5f850a124cd0c5f6fc14f02a0d2/elements - {"using":"xpath","value":"//*[text()='false']"}
RESULT: {"using":"xpath","value":"//*[text()='false']"}
COMMAND: POST /session/582ce5f850a124cd0c5f6fc14f02a0d2/elements - {"using":"xpath","value":"//*[text()='false']"}
RESULT: {"using":"xpath","value":"//*[text()='false']"}
COMMAND: POST /session/582ce5f850a124cd0c5f6fc14f02a0d2/elements - {"using":"xpath","value":"//*[text()='false']"}
RESULT: {"using":"xpath","value":"//*[text()='false']"}
COMMAND: POST /session/582ce5f850a124cd0c5f6fc14f02a0d2/elements - {"using":"xpath","value":"//*[text()='false']"}
RESULT: {"using":"xpath","value":"//*[text()='false']"}
COMMAND: POST /session/582ce5f850a124cd0c5f6fc14f02a0d2/elements - {"using":"xpath","value":"//*[text()='false']"}
RESULT: {"using":"xpath","value":"//*[text()='false']"}
COMMAND: POST /session/582ce5f850a124cd0c5f6fc14f02a0d2/elements - {"using":"xpath","value":"//*[text()='false']"}
RESULT: {"using":"xpath","value":"//*[text()='false']"}
COMMAND: POST /session/582ce5f850a124cd0c5f6fc14f02a0d2/elements - {"using":"xpath","value":"//*[text()='false']"}
RESULT: {"using":"xpath","value":"//*[text()='false']"}
COMMAND: POST /session/582ce5f850a124cd0c5f6fc14f02a0d2/elements - {"using":"xpath","value":"//*[text()='false']"}
RESULT: {"using":"xpath","value":"//*[text()='false']"}
COMMAND: POST /session/582ce5f850a124cd0c5f6fc14f02a0d2/elements - {"using":"xpath","value":"//*[text()='false']"}
RESULT: {"using":"xpath","value":"//*[text()='false']"}
COMMAND: POST /session/582ce5f850a124cd0c5f6fc14f02a0d2/elements - {"using":"xpath","value":"//*[text()='false']"}
RESULT: {"using":"xpath","value":"//*[text()='false']"}
COMMAND: POST /session/582ce5f850a124cd0c5f6fc14f02a0d2/elements - {"using":"xpath","value":"//*[text()='false']"}
RESULT: {"using":"xpath","value":"//*[text()='false']"}
COMMAND: POST /session/582ce5f850a124cd0c5f6fc14f02a0d2/elements - {"using":"xpath","value":"//*[text()='false']"}
RESULT: {"using":"xpath","value":"//*[text()='false']"}
COMMAND: POST /session/582ce5f850a124cd0c5f6fc14f02a0d2/elements - {"using":"xpath","value":"//*[text()='false']"}
RESULT: {"using":"xpath","value":"//*[text()='false']"}
COMMAND: POST /session/582ce5f850a124cd0c5f6fc14f02a0d2/elements - {"using":"xpath","value":"//*[text()='false']"}
RESULT: {"using":"xpath","value":"//*[text()='false']"}
COMMAND: POST /session/582ce5f850a124cd0c5f6fc14f02a0d2/elements - {"using":"xpath","value":"//*[text()='false']"}
RESULT: {"using":"xpath","value":"//*[text()='false']"}
COMMAND: POST /session/582ce5f850a124cd0c5f6fc14f02a0d2/elements - {"using":"xpath","value":"//*[text()='false']"}
RESULT: {"using":"xpath","value":"//*[text()='false']"}
COMMAND: POST /session/582ce5f850a124cd0c5f6fc14f02a0d2/elements - {"using":"xpath","value":"//*[text()='false']"}
RESULT: {"using":"xpath","value":"//*[text()='false']"}
COMMAND: POST /session/582ce5f850a124cd0c5f6fc14f02a0d2/elements - {"using":"xpath","value":"//*[text()='false']"}
RESULT: {"using":"xpath","value":"//*[text()='false']"}
COMMAND: POST /session/582ce5f850a124cd0c5f6fc14f02a0d2/elements - {"using":"xpath","value":"//*[text()='false']"}
RESULT: {"using":"xpath","value":"//*[text()='false']"}
COMMAND: POST /session/582ce5f850a124cd0c5f6fc14f02a0d2/elements - {"using":"xpath","value":"//*[text()='false']"}
RESULT: {"using":"xpath","value":"//*[text()='false']"}
COMMAND: POST /session/582ce5f850a124cd0c5f6fc14f02a0d2/elements - {"using":"xpath","value":"//*[text()='false']"}
RESULT: {"using":"xpath","value":"//*[text()='false']"}
COMMAND: POST /session/582ce5f850a124cd0c5f6fc14f02a0d2/elements - {"using":"xpath","value":"//*[text()='false']"}
RESULT: {"using":"xpath","value":"//*[text()='false']"}
COMMAND: POST /session/582ce5f850a124cd0c5f6fc14f02a0d2/elements - {"using":"xpath","value":"//*[text()='false']"}
RESULT: {"using":"xpath","value":"//*[text()='false']"}
COMMAND: POST /session/582ce5f850a124cd0c5f6fc14f02a0d2/elements - {"using":"xpath","value":"//*[text()='false']"}
RESULT: {"using":"xpath","value":"//*[text()='false']"}
COMMAND: POST /session/582ce5f850a124cd0c5f6fc14f02a0d2/elements - {"using":"xpath","value":"//*[text()='false']"}
RESULT: {"using":"xpath","value":"//*[text()='false']"}
COMMAND: POST /session/582ce5f850a124cd0c5f6fc14f02a0d2/elements - {"using":"xpath","value":"//*[text()='false']"}
RESULT: {"using":"xpath","value":"//*[text()='false']"}
COMMAND: POST /session/582ce5f850a124cd0c5f6fc14f02a0d2/elements - {"using":"xpath","value":"//*[text()='false']"}
RESULT: {"using":"xpath","value":"//*[text()='false']"}
COMMAND: POST /session/582ce5f850a124cd0c5f6fc14f02a0d2/elements - {"using":"xpath","value":"//*[text()='false']"}
RESULT: {"using":"xpath","value":"//*[text()='false']"}
COMMAND: POST /session/582ce5f850a124cd0c5f6fc14f02a0d2/elements - {"using":"xpath","value":"//*[text()='false']"}
RESULT: {"using":"xpath","value":"//*[text()='false']"}
COMMAND: POST /session/582ce5f850a124cd0c5f6fc14f02a0d2/elements - {"using":"xpath","value":"//*[text()='false']"}
RESULT: {"using":"xpath","value":"//*[text()='false']"}
COMMAND: POST /session/582ce5f850a124cd0c5f6fc14f02a0d2/elements - {"using":"xpath","value":"//*[text()='false']"}
RESULT: {"using":"xpath","value":"//*[text()='false']"}
COMMAND: POST /session/582ce5f850a124cd0c5f6fc14f02a0d2/elements - {"using":"xpath","value":"//*[text()='false']"}
RESULT: {"using":"xpath","value":"//*[text()='false']"}
COMMAND: POST /session/582ce5f850a124cd0c5f6fc14f02a0d2/elements - {"using":"xpath","value":"//*[text()='false']"}
RESULT: {"using":"xpath","value":"//*[text()='false']"}
COMMAND: POST /session/582ce5f850a124cd0c5f6fc14f02a0d2/elements - {"using":"xpath","value":"//*[text()='false']"}
RESULT: {"using":"xpath","value":"//*[text()='false']"}
COMMAND: POST /session/582ce5f850a124cd0c5f6fc14f02a0d2/element - {"using":"xpath","value":"//span[text()='Provide to site - Completed']"}
RESULT: {"using":"xpath","value":"//span[text()='Provide to site - Completed']"}
COMMAND: POST /session/582ce5f850a124cd0c5f6fc14f02a0d2/elements - {"using":"xpath","value":"//span[text()='Provide to site - Completed']"}
RESULT: {"using":"xpath","value":"//span[text()='Provide to site - Completed']"}
COMMAND: POST /session/582ce5f850a124cd0c5f6fc14f02a0d2/elements - {"using":"xpath","value":"//span[text()='Provide to site - Completed']"}
RESULT: {"using":"xpath","value":"//span[text()='Provide to site - Completed']"}
COMMAND: POST /session/582ce5f850a124cd0c5f6fc14f02a0d2/elements - {"using":"xpath","value":"//span[text()='Provide to site - Completed']"}
RESULT: {"using":"xpath","value":"//span[text()='Provide to site - Completed']"}
COMMAND: POST /session/582ce5f850a124cd0c5f6fc14f02a0d2/elements - {"using":"xpath","value":"//span[text()='Provide to site - Completed']"}
RESULT: {"using":"xpath","value":"//span[text()='Provide to site - Completed']"}
COMMAND: POST /session/582ce5f850a124cd0c5f6fc14f02a0d2/elements - {"using":"xpath","value":"//span[text()='Provide to site - Completed']"}
RESULT: {"using":"xpath","value":"//span[text()='Provide to site - Completed']"}
COMMAND: POST /session/582ce5f850a124cd0c5f6fc14f02a0d2/elements - {"using":"xpath","value":"//span[text()='Provide to site - Completed']"}
RESULT: {"using":"xpath","value":"//span[text()='Provide to site - Completed']"}
COMMAND: POST /session/582ce5f850a124cd0c5f6fc14f02a0d2/elements - {"using":"xpath","value":"//span[text()='Provide to site - Completed']"}
RESULT: {"using":"xpath","value":"//span[text()='Provide to site - Completed']"}
COMMAND: POST /session/582ce5f850a124cd0c5f6fc14f02a0d2/elements - {"using":"xpath","value":"//span[text()='Provide to site - Completed']"}
RESULT: {"using":"xpath","value":"//span[text()='Provide to site - Completed']"}
COMMAND: POST /session/582ce5f850a124cd0c5f6fc14f02a0d2/elements - {"using":"xpath","value":"//span[text()='Provide to site - Completed']"}
RESULT: {"using":"xpath","value":"//span[text()='Provide to site - Completed']"}
COMMAND: POST /session/582ce5f850a124cd0c5f6fc14f02a0d2/elements - {"using":"xpath","value":"//span[text()='Provide to site - Completed']"}
RESULT: {"using":"xpath","value":"//span[text()='Provide to site - Completed']"}
COMMAND: POST /session/582ce5f850a124cd0c5f6fc14f02a0d2/elements - {"using":"xpath","value":"//span[text()='Provide to site - Completed']"}
RESULT: {"using":"xpath","value":"//span[text()='Provide to site - Completed']"}
COMMAND: POST /session/582ce5f850a124cd0c5f6fc14f02a0d2/elements - {"using":"xpath","value":"//span[text()='Provide to site - Completed']"}
RESULT: {"using":"xpath","value":"//span[text()='Provide to site - Completed']"}
COMMAND: POST /session/582ce5f850a124cd0c5f6fc14f02a0d2/elements - {"using":"xpath","value":"//span[text()='Provide to site - Completed']"}
RESULT: {"using":"xpath","value":"//span[text()='Provide to site - Completed']"}
COMMAND: POST /session/582ce5f850a124cd0c5f6fc14f02a0d2/elements - {"using":"xpath","value":"//span[text()='Provide to site - Completed']"}
RESULT: {"using":"xpath","value":"//span[text()='Provide to site - Completed']"}
COMMAND: POST /session/582ce5f850a124cd0c5f6fc14f02a0d2/elements - {"using":"xpath","value":"//span[text()='Provide to site - Completed']"}
RESULT: {"using":"xpath","value":"//span[text()='Provide to site - Completed']"}
COMMAND: POST /session/582ce5f850a124cd0c5f6fc14f02a0d2/elements - {"using":"xpath","value":"//span[text()='Provide to site - Completed']"}
RESULT: {"using":"xpath","value":"//span[text()='Provide to site - Completed']"}
COMMAND: POST /session/582ce5f850a124cd0c5f6fc14f02a0d2/elements - {"using":"xpath","value":"//span[text()='Provide to site - Completed']"}
RESULT: {"using":"xpath","value":"//span[text()='Provide to site - Completed']"}
COMMAND: POST /session/582ce5f850a124cd0c5f6fc14f02a0d2/elements - {"using":"xpath","value":"//span[text()='Provide to site - Completed']"}
RESULT: {"using":"xpath","value":"//span[text()='Provide to site - Completed']"}
COMMAND: POST /session/582ce5f850a124cd0c5f6fc14f02a0d2/elements - {"using":"xpath","value":"//span[text()='Provide to site - Completed']"}
RESULT: {"using":"xpath","value":"//span[text()='Provide to site - Completed']"}
COMMAND: POST /session/582ce5f850a124cd0c5f6fc14f02a0d2/elements - {"using":"xpath","value":"//span[text()='Provide to site - Completed']"}
RESULT: {"using":"xpath","value":"//span[text()='Provide to site - Completed']"}
COMMAND: POST /session/582ce5f850a124cd0c5f6fc14f02a0d2/elements - {"using":"xpath","value":"//span[text()='Provide to site - Completed']"}
RESULT: {"using":"xpath","value":"//span[text()='Provide to site - Completed']"}
COMMAND: POST /session/582ce5f850a124cd0c5f6fc14f02a0d2/elements - {"using":"xpath","value":"//span[text()='Provide to site - Completed']"}
RESULT: {"using":"xpath","value":"//span[text()='Provide to site - Completed']"}
COMMAND: POST /session/582ce5f850a124cd0c5f6fc14f02a0d2/elements - {"using":"xpath","value":"//span[text()='Provide to site - Completed']"}
RESULT: {"using":"xpath","value":"//span[text()='Provide to site - Completed']"}
COMMAND: POST /session/582ce5f850a124cd0c5f6fc14f02a0d2/elements - {"using":"xpath","value":"//span[text()='Provide to site - Completed']"}
RESULT: {"using":"xpath","value":"//span[text()='Provide to site - Completed']"}
COMMAND: POST /session/582ce5f850a124cd0c5f6fc14f02a0d2/elements - {"using":"xpath","value":"//span[text()='Provide to site - Completed']"}
RESULT: {"using":"xpath","value":"//span[text()='Provide to site - Completed']"}
COMMAND: POST /session/582ce5f850a124cd0c5f6fc14f02a0d2/elements - {"using":"xpath","value":"//span[text()='Provide to site - Completed']"}
RESULT: {"using":"xpath","value":"//span[text()='Provide to site - Completed']"}
COMMAND: POST /session/582ce5f850a124cd0c5f6fc14f02a0d2/elements - {"using":"xpath","value":"//span[text()='Provide to site - Completed']"}
RESULT: {"using":"xpath","value":"//span[text()='Provide to site - Completed']"}
COMMAND: POST /session/582ce5f850a124cd0c5f6fc14f02a0d2/elements - {"using":"xpath","value":"//span[text()='Provide to site - Completed']"}
RESULT: {"using":"xpath","value":"//span[text()='Provide to site - Completed']"}
COMMAND: POST /session/582ce5f850a124cd0c5f6fc14f02a0d2/elements - {"using":"xpath","value":"//span[text()='Provide to site - Completed']"}
RESULT: {"using":"xpath","value":"//span[text()='Provide to site - Completed']"}
COMMAND: POST /session/582ce5f850a124cd0c5f6fc14f02a0d2/elements - {"using":"xpath","value":"//span[text()='Provide to site - Completed']"}
RESULT: {"using":"xpath","value":"//span[text()='Provide to site - Completed']"}
COMMAND: POST /session/582ce5f850a124cd0c5f6fc14f02a0d2/elements - {"using":"xpath","value":"//span[text()='Provide to site - Completed']"}
RESULT: {"using":"xpath","value":"//span[text()='Provide to site - Completed']"}
COMMAND: POST /session/582ce5f850a124cd0c5f6fc14f02a0d2/elements - {"using":"xpath","value":"//span[text()='Provide to site - Completed']"}
RESULT: {"using":"xpath","value":"//span[text()='Provide to site - Completed']"}
COMMAND: POST /session/582ce5f850a124cd0c5f6fc14f02a0d2/elements - {"using":"xpath","value":"//span[text()='Provide to site - Completed']"}
RESULT: {"using":"xpath","value":"//span[text()='Provide to site - Completed']"}
COMMAND: POST /session/582ce5f850a124cd0c5f6fc14f02a0d2/elements - {"using":"xpath","value":"//span[text()='Provide to site - Completed']"}
RESULT: {"using":"xpath","value":"//span[text()='Provide to site - Completed']"}
COMMAND: POST /session/582ce5f850a124cd0c5f6fc14f02a0d2/elements - {"using":"xpath","value":"//span[text()='Provide to site - Completed']"}
RESULT: {"using":"xpath","value":"//span[text()='Provide to site - Completed']"}
COMMAND: POST /session/582ce5f850a124cd0c5f6fc14f02a0d2/elements - {"using":"xpath","value":"//span[text()='Provide to site - Completed']"}
RESULT: {"using":"xpath","value":"//span[text()='Provide to site - Completed']"}
COMMAND: POST /session/582ce5f850a124cd0c5f6fc14f02a0d2/elements - {"using":"xpath","value":"//span[text()='Provide to site - Completed']"}
RESULT: {"using":"xpath","value":"//span[text()='Provide to site - Completed']"}
COMMAND: POST /session/582ce5f850a124cd0c5f6fc14f02a0d2/elements - {"using":"xpath","value":"//span[text()='Provide to site - Completed']"}
RESULT: {"using":"xpath","value":"//span[text()='Provide to site - Completed']"}
COMMAND: POST /session/582ce5f850a124cd0c5f6fc14f02a0d2/elements - {"using":"xpath","value":"//span[text()='Provide to site - Completed']"}
RESULT: {"using":"xpath","value":"//span[text()='Provide to site - Completed']"}
COMMAND: POST /session/582ce5f850a124cd0c5f6fc14f02a0d2/elements - {"using":"xpath","value":"//span[text()='Provide to site - Completed']"}
RESULT: {"using":"xpath","value":"//span[text()='Provide to site - Completed']"}
COMMAND: POST /session/582ce5f850a124cd0c5f6fc14f02a0d2/elements - {"using":"xpath","value":"//span[text()='Provide to site - Completed']"}
RESULT: {"using":"xpath","value":"//span[text()='Provide to site - Completed']"}
COMMAND: POST /session/582ce5f850a124cd0c5f6fc14f02a0d2/elements - {"using":"xpath","value":"//span[text()='Provide to site - Completed']"}
RESULT: {"using":"xpath","value":"//span[text()='Provide to site - Completed']"}
COMMAND: POST /session/582ce5f850a124cd0c5f6fc14f02a0d2/elements - {"using":"xpath","value":"//span[text()='Provide to site - Completed']"}
RESULT: {"using":"xpath","value":"//span[text()='Provide to site - Completed']"}
COMMAND: POST /session/582ce5f850a124cd0c5f6fc14f02a0d2/elements - {"using":"xpath","value":"//span[text()='Provide to site - Completed']"}
RESULT: {"using":"xpath","value":"//span[text()='Provide to site - Completed']"}
COMMAND: POST /session/582ce5f850a124cd0c5f6fc14f02a0d2/elements - {"using":"xpath","value":"//span[text()='Provide to site - Completed']"}
RESULT: {"using":"xpath","value":"//span[text()='Provide to site - Completed']"}
COMMAND: POST /session/582ce5f850a124cd0c5f6fc14f02a0d2/elements - {"using":"xpath","value":"//span[text()='Provide to site - Completed']"}
RESULT: {"using":"xpath","value":"//span[text()='Provide to site - Completed']"}
COMMAND: POST /session/582ce5f850a124cd0c5f6fc14f02a0d2/elements - {"using":"xpath","value":"//span[text()='Provide to site - Completed']"}
RESULT: {"using":"xpath","value":"//span[text()='Provide to site - Completed']"}
COMMAND: POST /session/582ce5f850a124cd0c5f6fc14f02a0d2/elements - {"using":"xpath","value":"//span[text()='Provide to site - Completed']"}
RESULT: {"using":"xpath","value":"//span[text()='Provide to site - Completed']"}
COMMAND: POST /session/582ce5f850a124cd0c5f6fc14f02a0d2/elements - {"using":"xpath","value":"//span[text()='Provide to site - Completed']"}
RESULT: {"using":"xpath","value":"//span[text()='Provide to site - Completed']"}
COMMAND: POST /session/582ce5f850a124cd0c5f6fc14f02a0d2/elements - {"using":"xpath","value":"//span[text()='Provide to site - Completed']"}
RESULT: {"using":"xpath","value":"//span[text()='Provide to site - Completed']"}
COMMAND: POST /session/582ce5f850a124cd0c5f6fc14f02a0d2/elements - {"using":"xpath","value":"//span[text()='Provide to site - Completed']"}
RESULT: {"using":"xpath","value":"//span[text()='Provide to site - Completed']"}
COMMAND: POST /session/582ce5f850a124cd0c5f6fc14f02a0d2/elements - {"using":"xpath","value":"//span[text()='Provide to site - Completed']"}
RESULT: {"using":"xpath","value":"//span[text()='Provide to site - Completed']"}
COMMAND: POST /session/582ce5f850a124cd0c5f6fc14f02a0d2/elements - {"using":"xpath","value":"//span[text()='Provide to site - Completed']"}
RESULT: {"using":"xpath","value":"//span[text()='Provide to site - Completed']"}
COMMAND: POST /session/582ce5f850a124cd0c5f6fc14f02a0d2/elements - {"using":"xpath","value":"//span[text()='Provide to site - Completed']"}
RESULT: {"using":"xpath","value":"//span[text()='Provide to site - Completed']"}
COMMAND: POST /session/582ce5f850a124cd0c5f6fc14f02a0d2/elements - {"using":"xpath","value":"//span[text()='Provide to site - Completed']"}
RESULT: {"using":"xpath","value":"//span[text()='Provide to site - Completed']"}
COMMAND: POST /session/582ce5f850a124cd0c5f6fc14f02a0d2/elements - {"using":"xpath","value":"//span[text()='Provide to site - Completed']"}
RESULT: {"using":"xpath","value":"//span[text()='Provide to site - Completed']"}
COMMAND: POST /session/582ce5f850a124cd0c5f6fc14f02a0d2/elements - {"using":"xpath","value":"//span[text()='Provide to site - Completed']"}
RESULT: {"using":"xpath","value":"//span[text()='Provide to site - Completed']"}
COMMAND: POST /session/582ce5f850a124cd0c5f6fc14f02a0d2/elements - {"using":"xpath","value":"//span[text()='Provide to site - Completed']"}
RESULT: {"using":"xpath","value":"//span[text()='Provide to site - Completed']"}
COMMAND: POST /session/582ce5f850a124cd0c5f6fc14f02a0d2/elements - {"using":"xpath","value":"//span[text()='Provide to site - Completed']"}
RESULT: {"using":"xpath","value":"//span[text()='Provide to site - Completed']"}
COMMAND: POST /session/582ce5f850a124cd0c5f6fc14f02a0d2/elements - {"using":"xpath","value":"//span[text()='Provide to site - Completed']"}
RESULT: {"using":"xpath","value":"//span[text()='Provide to site - Completed']"}
COMMAND: POST /session/582ce5f850a124cd0c5f6fc14f02a0d2/elements - {"using":"xpath","value":"//span[text()='Provide to site - Completed']"}
RESULT: {"using":"xpath","value":"//span[text()='Provide to site - Completed']"}
COMMAND: POST /session/582ce5f850a124cd0c5f6fc14f02a0d2/elements - {"using":"xpath","value":"//span[text()='Provide to site - Completed']"}
RESULT: {"using":"xpath","value":"//span[text()='Provide to site - Completed']"}
COMMAND: POST /session/582ce5f850a124cd0c5f6fc14f02a0d2/elements - {"using":"xpath","value":"//span[text()='Provide to site - Completed']"}
RESULT: {"using":"xpath","value":"//span[text()='Provide to site - Completed']"}
COMMAND: POST /session/582ce5f850a124cd0c5f6fc14f02a0d2/elements - {"using":"xpath","value":"//span[text()='Provide to site - Completed']"}
RESULT: {"using":"xpath","value":"//span[text()='Provide to site - Completed']"}
COMMAND: POST /session/582ce5f850a124cd0c5f6fc14f02a0d2/elements - {"using":"xpath","value":"//span[text()='Provide to site - Completed']"}
RESULT: {"using":"xpath","value":"//span[text()='Provide to site - Completed']"}
COMMAND: POST /session/582ce5f850a124cd0c5f6fc14f02a0d2/elements - {"using":"xpath","value":"//span[text()='Provide to site - Completed']"}
RESULT: {"using":"xpath","value":"//span[text()='Provide to site - Completed']"}
COMMAND: POST /session/582ce5f850a124cd0c5f6fc14f02a0d2/elements - {"using":"xpath","value":"//span[text()='Provide to site - Completed']"}
RESULT: {"using":"xpath","value":"//span[text()='Provide to site - Completed']"}
COMMAND: POST /session/582ce5f850a124cd0c5f6fc14f02a0d2/elements - {"using":"xpath","value":"//span[text()='Provide to site - Completed']"}
RESULT: {"using":"xpath","value":"//span[text()='Provide to site - Completed']"}
COMMAND: POST /session/582ce5f850a124cd0c5f6fc14f02a0d2/elements - {"using":"xpath","value":"//span[text()='Provide to site - Completed']"}
RESULT: {"using":"xpath","value":"//span[text()='Provide to site - Completed']"}
COMMAND: POST /session/582ce5f850a124cd0c5f6fc14f02a0d2/elements - {"using":"xpath","value":"//span[text()='Provide to site - Completed']"}
RESULT: {"using":"xpath","value":"//span[text()='Provide to site - Completed']"}
COMMAND: POST /session/582ce5f850a124cd0c5f6fc14f02a0d2/elements - {"using":"xpath","value":"//span[text()='Provide to site - Completed']"}
RESULT: {"using":"xpath","value":"//span[text()='Provide to site - Completed']"}
COMMAND: POST /session/582ce5f850a124cd0c5f6fc14f02a0d2/elements - {"using":"xpath","value":"//span[text()='Provide to site - Completed']"}
RESULT: {"using":"xpath","value":"//span[text()='Provide to site - Completed']"}
COMMAND: POST /session/582ce5f850a124cd0c5f6fc14f02a0d2/elements - {"using":"xpath","value":"//span[text()='Provide to site - Completed']"}
RESULT: {"using":"xpath","value":"//span[text()='Provide to site - Completed']"}
COMMAND: POST /session/582ce5f850a124cd0c5f6fc14f02a0d2/elements - {"using":"xpath","value":"//span[text()='Provide to site - Completed']"}
RESULT: {"using":"xpath","value":"//span[text()='Provide to site - Completed']"}
COMMAND: POST /session/582ce5f850a124cd0c5f6fc14f02a0d2/elements - {"using":"xpath","value":"//span[text()='Provide to site - Completed']"}
RESULT: {"using":"xpath","value":"//span[text()='Provide to site - Completed']"}
COMMAND: POST /session/582ce5f850a124cd0c5f6fc14f02a0d2/elements - {"using":"xpath","value":"//span[text()='Provide to site - Completed']"}
RESULT: {"using":"xpath","value":"//span[text()='Provide to site - Completed']"}
COMMAND: POST /session/582ce5f850a124cd0c5f6fc14f02a0d2/elements - {"using":"xpath","value":"//span[text()='Provide to site - Completed']"}
RESULT: {"using":"xpath","value":"//span[text()='Provide to site - Completed']"}
COMMAND: POST /session/582ce5f850a124cd0c5f6fc14f02a0d2/elements - {"using":"xpath","value":"//span[text()='Provide to site - Completed']"}
RESULT: {"using":"xpath","value":"//span[text()='Provide to site - Completed']"}
COMMAND: POST /session/582ce5f850a124cd0c5f6fc14f02a0d2/elements - {"using":"xpath","value":"//span[text()='Provide to site - Completed']"}
RESULT: {"using":"xpath","value":"//span[text()='Provide to site - Completed']"}
COMMAND: POST /session/582ce5f850a124cd0c5f6fc14f02a0d2/elements - {"using":"xpath","value":"//span[text()='Provide to site - Completed']"}
RESULT: {"using":"xpath","value":"//span[text()='Provide to site - Completed']"}
COMMAND: POST /session/582ce5f850a124cd0c5f6fc14f02a0d2/elements - {"using":"xpath","value":"//span[text()='Provide to site - Completed']"}
RESULT: {"using":"xpath","value":"//span[text()='Provide to site - Completed']"}
COMMAND: POST /session/582ce5f850a124cd0c5f6fc14f02a0d2/elements - {"using":"xpath","value":"//span[text()='Provide to site - Completed']"}
RESULT: {"using":"xpath","value":"//span[text()='Provide to site - Completed']"}
COMMAND: POST /session/582ce5f850a124cd0c5f6fc14f02a0d2/elements - {"using":"xpath","value":"//span[text()='Provide to site - Completed']"}
RESULT: {"using":"xpath","value":"//span[text()='Provide to site - Completed']"}
COMMAND: POST /session/582ce5f850a124cd0c5f6fc14f02a0d2/elements - {"using":"xpath","value":"//span[text()='Provide to site - Completed']"}
RESULT: {"using":"xpath","value":"//span[text()='Provide to site - Completed']"}
COMMAND: POST /session/582ce5f850a124cd0c5f6fc14f02a0d2/elements - {"using":"xpath","value":"//span[text()='Provide to site - Completed']"}
RESULT: {"using":"xpath","value":"//span[text()='Provide to site - Completed']"}
COMMAND: POST /session/582ce5f850a124cd0c5f6fc14f02a0d2/elements - {"using":"xpath","value":"//span[text()='Provide to site - Completed']"}
RESULT: {"using":"xpath","value":"//span[text()='Provide to site - Completed']"}
COMMAND: POST /session/582ce5f850a124cd0c5f6fc14f02a0d2/elements - {"using":"xpath","value":"//span[text()='Provide to site - Completed']"}
RESULT: {"using":"xpath","value":"//span[text()='Provide to site - Completed']"}
COMMAND: POST /session/582ce5f850a124cd0c5f6fc14f02a0d2/elements - {"using":"xpath","value":"//span[text()='Provide to site - Completed']"}
RESULT: {"using":"xpath","value":"//span[text()='Provide to site - Completed']"}
COMMAND: POST /session/582ce5f850a124cd0c5f6fc14f02a0d2/elements - {"using":"xpath","value":"//span[text()='Provide to site - Completed']"}
RESULT: {"using":"xpath","value":"//span[text()='Provide to site - Completed']"}
COMMAND: POST /session/582ce5f850a124cd0c5f6fc14f02a0d2/elements - {"using":"xpath","value":"//span[text()='Provide to site - Completed']"}
RESULT: {"using":"xpath","value":"//span[text()='Provide to site - Completed']"}
COMMAND: POST /session/582ce5f850a124cd0c5f6fc14f02a0d2/elements - {"using":"xpath","value":"//span[text()='Provide to site - Completed']"}
COMMAND: POST /session/582ce5f850a124cd0c5f6fc14f02a0d2/execute/async - {"script":"<script> [1562 bytes]","args":[{"selector":{"controlType":"sap.m.Button","viewName":"etm.portal.ui.managehandovers.view.DetailExecuteHO","i18NText":{"propertyName":"text","key":"pickQty"},"interaction":{"idSuffix":"BDI-content"}},"wdio_ui5_key":"etmportal.ui.managehandovers.view.DetailExecuteHOsap.m.Button{\"propertyName\":\"text\",\"key\":\"pickQty\"}"}]}
RESULT: {"using":"xpath","value":"//span[text()='Provide to site - Completed']"}
RESULT: {"script":"<script> [1562 bytes]","args":[{"selector":{"controlType":"sap.m.Button","viewName":"etm.portal.ui.managehandovers.view.DetailExecuteHO","i18NText":{"propertyName":"text","key":"pickQty"},"interaction":{"idSuffix":"BDI-content"}},"wdio_ui5_key":"etmportal.ui.managehandovers.view.DetailExecuteHOsap.m.Button{\"propertyName\":\"text\",\"key\":\"pickQty\"}"}]}
RESULT: undefined
COMMAND: POST /session/582ce5f850a124cd0c5f6fc14f02a0d2/execute/async - {"script":"<script> [1562 bytes]","args":[{"selector":{"controlType":"sap.m.Link","viewName":"etm.portal.ui.managehandovers.view.DetailExecuteHO","bindingPath":{"path":"","propertyPath":"/wmDoc","modelName":"warehouseMovModel"}},"wdio_ui5_key":"etmportal.ui.managehandovers.view.DetailExecuteHOsap.m.Link{\"path\":\"\",\"propertyPath\":\"/wmDoc\",\"modelName\":\"warehouseMovModel\"}"}]}
RESULT: {"script":"<script> [1562 bytes]","args":[{"selector":{"controlType":"sap.m.Link","viewName":"etm.portal.ui.managehandovers.view.DetailExecuteHO","bindingPath":{"path":"","propertyPath":"/wmDoc","modelName":"warehouseMovModel"}},"wdio_ui5_key":"etmportal.ui.managehandovers.view.DetailExecuteHOsap.m.Link{\"path\":\"\",\"propertyPath\":\"/wmDoc\",\"modelName\":\"warehouseMovModel\"}"}]}
RESULT: undefined
COMMAND: POST /session/582ce5f850a124cd0c5f6fc14f02a0d2/execute/async - {"script":"<script> [1562 bytes]","args":[{"selector":{"controlType":"sap.m.Link","viewName":"etm.portal.ui.managehandovers.view.DetailExecuteHO","properties":{"text":"Warehouse Overview"},"searchOpenDialogs":true},"wdio_ui5_key":"etmportal.ui.managehandovers.view.DetailExecuteHOsap.m.Link{\"text\":\"Warehouse Overview\"}"}]}
RESULT: {"script":"<script> [1562 bytes]","args":[{"selector":{"controlType":"sap.m.Link","viewName":"etm.portal.ui.managehandovers.view.DetailExecuteHO","properties":{"text":"Warehouse Overview"},"searchOpenDialogs":true},"wdio_ui5_key":"etmportal.ui.managehandovers.view.DetailExecuteHOsap.m.Link{\"text\":\"Warehouse Overview\"}"}]}
RESULT: undefined
COMMAND: POST /session/582ce5f850a124cd0c5f6fc14f02a0d2/execute/async - {"script":"<script> [1562 bytes]","args":[{"selector":{"controlType":"sap.m.Button","viewName":"etm.portal.ui.warehousemovements.view.DisplayMovement","viewId":"application-warehousemovements-display-component---displayMovement","i18NText":{"propertyName":"text","key":"execution"},"interaction":{"idSuffix":"BDI-content"}},"wdio_ui5_key":"etmportal.ui.warehousemovements.view.DisplayMovementsap.m.Button{\"propertyName\":\"text\",\"key\":\"execution\"}"}]}
RESULT: {"script":"<script> [1562 bytes]","args":[{"selector":{"controlType":"sap.m.Button","viewName":"etm.portal.ui.warehousemovements.view.DisplayMovement","viewId":"application-warehousemovements-display-component---displayMovement","i18NText":{"propertyName":"text","key":"execution"},"interaction":{"idSuffix":"BDI-content"}},"wdio_ui5_key":"etmportal.ui.warehousemovements.view.DisplayMovementsap.m.Button{\"propertyName\":\"text\",\"key\":\"execution\"}"}]}
RESULT: undefined
COMMAND: POST /session/582ce5f850a124cd0c5f6fc14f02a0d2/execute/async - {"script":"<script> [1562 bytes]","args":[{"selector":{"controlType":"sap.m.Button","viewName":"etm.portal.ui.warehousemovements.view.ExecuteMovement","viewId":"application-warehousemovements-display-component---executeMovement","properties":{"text":"Items"},"interaction":{"idSuffix":"BDI-content"}},"wdio_ui5_key":"etmportal.ui.warehousemovements.view.ExecuteMovementsap.m.Button{\"text\":\"Items\"}"}]}
RESULT: {"script":"<script> [1562 bytes]","args":[{"selector":{"controlType":"sap.m.Button","viewName":"etm.portal.ui.warehousemovements.view.ExecuteMovement","viewId":"application-warehousemovements-display-component---executeMovement","properties":{"text":"Items"},"interaction":{"idSuffix":"BDI-content"}},"wdio_ui5_key":"etmportal.ui.warehousemovements.view.ExecuteMovementsap.m.Button{\"text\":\"Items\"}"}]}
RESULT: undefined
COMMAND: POST /session/582ce5f850a124cd0c5f6fc14f02a0d2/execute/async - {"script":"<script> [1562 bytes]","args":[{"selector":{"controlType":"sap.m.ToggleButton","viewName":"etm.portal.ui.warehousemovements.view.ExecuteMovement","viewId":"application-warehousemovements-display-component---executeMovement","bindingPath":{"propertyPath":"STATUS","modelName":"catalogModel"},"interaction":{"idSuffix":"BDI-content"}},"wdio_ui5_key":"etmportal.ui.warehousemovements.view.ExecuteMovementsap.m.ToggleButton{\"propertyPath\":\"STATUS\",\"modelName\":\"catalogModel\"}"}]}
RESULT: {"script":"<script> [1562 bytes]","args":[{"selector":{"controlType":"sap.m.ToggleButton","viewName":"etm.portal.ui.warehousemovements.view.ExecuteMovement","viewId":"application-warehousemovements-display-component---executeMovement","bindingPath":{"propertyPath":"STATUS","modelName":"catalogModel"},"interaction":{"idSuffix":"BDI-content"}},"wdio_ui5_key":"etmportal.ui.warehousemovements.view.ExecuteMovementsap.m.ToggleButton{\"propertyPath\":\"STATUS\",\"modelName\":\"catalogModel\"}"}]}
RESULT: undefined
RESULT: undefined
RESULT: undefined
COMMAND: POST /session/582ce5f850a124cd0c5f6fc14f02a0d2/execute/async - {"script":"<script> [1562 bytes]","args":[{"selector":{"id":"application-warehousemovements-display-component---executeMovement--executeId","interaction":{"idSuffix":"BDI-content"}},"wdio_ui5_key":"applicationwarehousemovements-display-component---executeMovement--executeId"}]}
RESULT: {"script":"<script> [1562 bytes]","args":[{"selector":{"id":"application-warehousemovements-display-component---executeMovement--executeId","interaction":{"idSuffix":"BDI-content"}},"wdio_ui5_key":"applicationwarehousemovements-display-component---executeMovement--executeId"}]}
RESULT: undefined
COMMAND: POST /session/582ce5f850a124cd0c5f6fc14f02a0d2/element - {"using":"css selector","value":"#shell-header-logo"}
RESULT: {"using":"css selector","value":"#shell-header-logo"}
COMMAND: POST /session/582ce5f850a124cd0c5f6fc14f02a0d2/element/f.92142B0E1996143B500ED3F2A7F6BA2F.d.1CEC8265D6C788269F885A3E0E60A9B9.e.14178/click - {}
RESULT: {}
COMMAND: GET /session/582ce5f850a124cd0c5f6fc14f02a0d2/screenshot - {}
RESULT: {}
RESULT: undefined
COMMAND: POST /session/582ce5f850a124cd0c5f6fc14f02a0d2/execute/async - {"script":"<script> [1562 bytes]","args":[{"selector":{"controlType":"sap.m.SearchField","viewName":"etm.portal.ui.managehandovers.view.MasterHO","bindingPath":{"propertyPath":"/_BASIC_SEARCH_FIELD","modelName":"fi1t3rM0d31"},"interaction":{"idSuffix":"I"}},"wdio_ui5_key":"etmportal.ui.managehandovers.view.MasterHOsap.m.SearchField{\"propertyPath\":\"/_BASIC_SEARCH_FIELD\",\"modelName\":\"fi1t3rM0d31\"}"}]}
RESULT: {"script":"<script> [1562 bytes]","args":[{"selector":{"controlType":"sap.m.SearchField","viewName":"etm.portal.ui.managehandovers.view.MasterHO","bindingPath":{"propertyPath":"/_BASIC_SEARCH_FIELD","modelName":"fi1t3rM0d31"},"interaction":{"idSuffix":"I"}},"wdio_ui5_key":"etmportal.ui.managehandovers.view.MasterHOsap.m.SearchField{\"propertyPath\":\"/_BASIC_SEARCH_FIELD\",\"modelName\":\"fi1t3rM0d31\"}"}]}
RESULT: undefined
COMMAND: POST /session/582ce5f850a124cd0c5f6fc14f02a0d2/actions - {"actions":[{"id":"action71","type":"key","parameters":{},"actions":[{"type":"keyDown","value":"î€‡"},{"type":"pause","duration":10},{"type":"keyUp","value":"î€‡"}]}]}
RESULT: {"actions":[{"id":"action71","type":"key","parameters":{},"actions":[{"type":"keyDown","value":"î€‡"},{"type":"pause","duration":10},{"type":"keyUp","value":"î€‡"}]}]}
COMMAND: GET /session/582ce5f850a124cd0c5f6fc14f02a0d2/screenshot - {}
COMMAND: POST /session/582ce5f850a124cd0c5f6fc14f02a0d2/execute/async - {"script":"<script> [1562 bytes]","args":[{"selector":{"controlType":"sap.ui.core.Icon","viewName":"etm.portal.ui.managehandovers.view.MasterHO","properties":{"src":{"regex":{"source":"slim\\-arrow\\-right"}}}},"wdio_ui5_key":"etmportal.ui.managehandovers.view.MasterHOsap.ui.core.Icon{\"src\":{\"regex\":{\"source\":\"slim\\\\-arrow\\\\-right\"}}}"}]}
RESULT: {}
RESULT: {"script":"<script> [1562 bytes]","args":[{"selector":{"controlType":"sap.ui.core.Icon","viewName":"etm.portal.ui.managehandovers.view.MasterHO","properties":{"src":{"regex":{"source":"slim\\-arrow\\-right"}}}},"wdio_ui5_key":"etmportal.ui.managehandovers.view.MasterHOsap.ui.core.Icon{\"src\":{\"regex\":{\"source\":\"slim\\\\-arrow\\\\-right\"}}}"}]}
RESULT: undefined
COMMAND: POST /session/582ce5f850a124cd0c5f6fc14f02a0d2/execute/async - {"script":"<script> [1562 bytes]","args":[{"selector":{"controlType":"sap.m.Button","viewName":"etm.portal.ui.managehandovers.view.DetailExecuteHO","i18NText":{"propertyName":"text","key":"confirmAll"},"interaction":{"idSuffix":"BDI-content"}},"wdio_ui5_key":"etmportal.ui.managehandovers.view.DetailExecuteHOsap.m.Button{\"propertyName\":\"text\",\"key\":\"confirmAll\"}"}]}
RESULT: {"script":"<script> [1562 bytes]","args":[{"selector":{"controlType":"sap.m.Button","viewName":"etm.portal.ui.managehandovers.view.DetailExecuteHO","i18NText":{"propertyName":"text","key":"confirmAll"},"interaction":{"idSuffix":"BDI-content"}},"wdio_ui5_key":"etmportal.ui.managehandovers.view.DetailExecuteHOsap.m.Button{\"propertyName\":\"text\",\"key\":\"confirmAll\"}"}]}
RESULT: undefined
COMMAND: POST /session/582ce5f850a124cd0c5f6fc14f02a0d2/actions - {"actions":[{"id":"action72","type":"key","parameters":{},"actions":[{"type":"keyDown","value":"î€‡"},{"type":"pause","duration":10},{"type":"keyUp","value":"î€‡"}]}]}
RESULT: {"actions":[{"id":"action72","type":"key","parameters":{},"actions":[{"type":"keyDown","value":"î€‡"},{"type":"pause","duration":10},{"type":"keyUp","value":"î€‡"}]}]}
COMMAND: GET /session/582ce5f850a124cd0c5f6fc14f02a0d2/screenshot - {}
RESULT: {}
COMMAND: POST /session/582ce5f850a124cd0c5f6fc14f02a0d2/execute/async - {"script":"<script> [1562 bytes]","args":[{"selector":{"id":"confirmationButton","viewName":"etm.portal.ui.managehandovers.view.DetailExecuteHO","properties":{"text":"Issue"},"interaction":{"idSuffix":"BDI-content"}},"wdio_ui5_key":"confirmationButtonetmportal.ui.managehandovers.view.DetailExecuteHO{\"text\":\"Issue\"}"}]}
RESULT: {"script":"<script> [1562 bytes]","args":[{"selector":{"id":"confirmationButton","viewName":"etm.portal.ui.managehandovers.view.DetailExecuteHO","properties":{"text":"Issue"},"interaction":{"idSuffix":"BDI-content"}},"wdio_ui5_key":"confirmationButtonetmportal.ui.managehandovers.view.DetailExecuteHO{\"text\":\"Issue\"}"}]}
RESULT: undefined
RESULT: undefined
COMMAND: POST /session/582ce5f850a124cd0c5f6fc14f02a0d2/actions - {"actions":[{"id":"action73","type":"key","parameters":{},"actions":[{"type":"keyDown","value":"î€‡"},{"type":"pause","duration":10},{"type":"keyUp","value":"î€‡"}]}]}
RESULT: {"actions":[{"id":"action73","type":"key","parameters":{},"actions":[{"type":"keyDown","value":"î€‡"},{"type":"pause","duration":10},{"type":"keyUp","value":"î€‡"}]}]}
COMMAND: GET /session/582ce5f850a124cd0c5f6fc14f02a0d2/screenshot - {}
RESULT: {}
RESULT: undefined
COMMAND: POST /session/582ce5f850a124cd0c5f6fc14f02a0d2/execute/async - {"script":"<script> [1562 bytes]","args":[{"selector":{"id":"instructionsTabFilter","viewName":"etm.portal.ui.managehandovers.view.DetailExecuteHO","interaction":{"idSuffix":"text"}},"wdio_ui5_key":"instructionsTabFilteretmportal.ui.managehandovers.view.DetailExecuteHO"}]}
RESULT: {"script":"<script> [1562 bytes]","args":[{"selector":{"id":"instructionsTabFilter","viewName":"etm.portal.ui.managehandovers.view.DetailExecuteHO","interaction":{"idSuffix":"text"}},"wdio_ui5_key":"instructionsTabFilteretmportal.ui.managehandovers.view.DetailExecuteHO"}]}
RESULT: undefined
RESULT: undefined
COMMAND: POST /session/582ce5f850a124cd0c5f6fc14f02a0d2/execute/async - {"script":"<script> [1562 bytes]","args":[{"selector":{"controlType":"sap.m.ComboBox","viewName":"etm.portal.ui.managehandovers.view.DetailExecuteHO","bindingPath":{"propertyPath":"RECEIVING_SECTION","modelName":"catalogModel"},"interaction":{"idSuffix":"inner"}},"wdio_ui5_key":"etmportal.ui.managehandovers.view.DetailExecuteHOsap.m.ComboBox{\"propertyPath\":\"RECEIVING_SECTION\",\"modelName\":\"catalogModel\"}"}]}
RESULT: {"script":"<script> [1562 bytes]","args":[{"selector":{"controlType":"sap.m.ComboBox","viewName":"etm.portal.ui.managehandovers.view.DetailExecuteHO","bindingPath":{"propertyPath":"RECEIVING_SECTION","modelName":"catalogModel"},"interaction":{"idSuffix":"inner"}},"wdio_ui5_key":"etmportal.ui.managehandovers.view.DetailExecuteHOsap.m.ComboBox{\"propertyPath\":\"RECEIVING_SECTION\",\"modelName\":\"catalogModel\"}"}]}
RESULT: undefined
COMMAND: POST /session/582ce5f850a124cd0c5f6fc14f02a0d2/actions - {"actions":[{"id":"action74","type":"key","parameters":{},"actions":[{"type":"keyDown","value":"î€‡"},{"type":"pause","duration":10},{"type":"keyUp","value":"î€‡"}]}]}
RESULT: {"actions":[{"id":"action74","type":"key","parameters":{},"actions":[{"type":"keyDown","value":"î€‡"},{"type":"pause","duration":10},{"type":"keyUp","value":"î€‡"}]}]}
COMMAND: GET /session/582ce5f850a124cd0c5f6fc14f02a0d2/screenshot - {}
RESULT: {}
COMMAND: POST /session/582ce5f850a124cd0c5f6fc14f02a0d2/execute/async - {"script":"<script> [1562 bytes]","args":[{"selector":{"id":"confirmationButton","viewName":"etm.portal.ui.managehandovers.view.DetailExecuteHO","properties":{"text":"Receive"},"interaction":{"idSuffix":"BDI-content"}},"wdio_ui5_key":"confirmationButtonetmportal.ui.managehandovers.view.DetailExecuteHO{\"text\":\"Receive\"}"}]}
RESULT: {"script":"<script> [1562 bytes]","args":[{"selector":{"id":"confirmationButton","viewName":"etm.portal.ui.managehandovers.view.DetailExecuteHO","properties":{"text":"Receive"},"interaction":{"idSuffix":"BDI-content"}},"wdio_ui5_key":"confirmationButtonetmportal.ui.managehandovers.view.DetailExecuteHO{\"text\":\"Receive\"}"}]}
RESULT: undefined
COMMAND: POST /session/582ce5f850a124cd0c5f6fc14f02a0d2/execute/async - {"script":"<script> [1562 bytes]","args":[{"selector":{"controlType":"sap.m.Button","properties":{"text":"Continue"},"searchOpenDialogs":true,"interaction":{"idSuffix":"content"}},"wdio_ui5_key":"sapm.Button{\"text\":\"Continue\"}"}]}
RESULT: {"script":"<script> [1562 bytes]","args":[{"selector":{"controlType":"sap.m.Button","properties":{"text":"Continue"},"searchOpenDialogs":true,"interaction":{"idSuffix":"content"}},"wdio_ui5_key":"sapm.Button{\"text\":\"Continue\"}"}]}
RESULT: undefined
COMMAND: POST /session/582ce5f850a124cd0c5f6fc14f02a0d2/element - {"using":"css selector","value":"#j_username"}
COMMAND: POST /session/582ce5f850a124cd0c5f6fc14f02a0d2/url - {"url":"https://qa-testing-00-live-etm-ui.cfapps.eu10-004.hana.ondemand.com/"}
COMMAND: GET /session/582ce5f850a124cd0c5f6fc14f02a0d2/screenshot - {}
RESULT: {"using":"css selector","value":"#j_username"}
COMMAND: POST /session/582ce5f850a124cd0c5f6fc14f02a0d2/element - {"using":"css selector","value":"#j_username"}
RESULT: {"url":"https://qa-testing-00-live-etm-ui.cfapps.eu10-004.hana.ondemand.com/"}
RESULT: undefined
COMMAND: GET /session/582ce5f850a124cd0c5f6fc14f02a0d2/screenshot - {}
RESULT: {}
RESULT: {"using":"css selector","value":"#j_username"}
COMMAND: POST /session/582ce5f850a124cd0c5f6fc14f02a0d2/element - {"using":"css selector","value":"#shell-header-logo"}
RESULT: {}
RESULT: {"using":"css selector","value":"#shell-header-logo"}
COMMAND: POST /session/582ce5f850a124cd0c5f6fc14f02a0d2/execute/sync - {"script":"<script> [8489 bytes]","args":[{"element-6066-11e4-a52e-4f735466cecf":"f.92142B0E1996143B500ED3F2A7F6BA2F.d.00EB8A99C2963987F448619374BEA7E9.e.14870","ELEMENT":"f.92142B0E1996143B500ED3F2A7F6BA2F.d.00EB8A99C2963987F448619374BEA7E9.e.14870"}]}
RESULT: {"script":"<script> [8489 bytes]","args":[{"element-6066-11e4-a52e-4f735466cecf":"f.92142B0E1996143B500ED3F2A7F6BA2F.d.00EB8A99C2963987F448619374BEA7E9.e.14870","ELEMENT":"f.92142B0E1996143B500ED3F2A7F6BA2F.d.00EB8A99C2963987F448619374BEA7E9.e.14870"}]}
COMMAND: POST /session/582ce5f850a124cd0c5f6fc14f02a0d2/element - {"using":"css selector","value":"#shell-header-logo"}
COMMAND: GET /session/582ce5f850a124cd0c5f6fc14f02a0d2/screenshot - {}
RESULT: {"using":"css selector","value":"#shell-header-logo"}
COMMAND: POST /session/582ce5f850a124cd0c5f6fc14f02a0d2/execute/sync - {"script":"<script> [8489 bytes]","args":[{"element-6066-11e4-a52e-4f735466cecf":"f.92142B0E1996143B500ED3F2A7F6BA2F.d.00EB8A99C2963987F448619374BEA7E9.e.14870","ELEMENT":"f.92142B0E1996143B500ED3F2A7F6BA2F.d.00EB8A99C2963987F448619374BEA7E9.e.14870"}]}
RESULT: {}
RESULT: {"script":"<script> [8489 bytes]","args":[{"element-6066-11e4-a52e-4f735466cecf":"f.92142B0E1996143B500ED3F2A7F6BA2F.d.00EB8A99C2963987F448619374BEA7E9.e.14870","ELEMENT":"f.92142B0E1996143B500ED3F2A7F6BA2F.d.00EB8A99C2963987F448619374BEA7E9.e.14870"}]}
COMMAND: POST /session/582ce5f850a124cd0c5f6fc14f02a0d2/execute/sync - {"script":"<script> [5351 bytes]","args":[{"element-6066-11e4-a52e-4f735466cecf":"f.92142B0E1996143B500ED3F2A7F6BA2F.d.00EB8A99C2963987F448619374BEA7E9.e.14870","ELEMENT":"f.92142B0E1996143B500ED3F2A7F6BA2F.d.00EB8A99C2963987F448619374BEA7E9.e.14870"}]}
COMMAND: GET /session/582ce5f850a124cd0c5f6fc14f02a0d2/screenshot - {}
RESULT: {"script":"<script> [5351 bytes]","args":[{"element-6066-11e4-a52e-4f735466cecf":"f.92142B0E1996143B500ED3F2A7F6BA2F.d.00EB8A99C2963987F448619374BEA7E9.e.14870","ELEMENT":"f.92142B0E1996143B500ED3F2A7F6BA2F.d.00EB8A99C2963987F448619374BEA7E9.e.14870"}]}
COMMAND: POST /session/582ce5f850a124cd0c5f6fc14f02a0d2/element - {"using":"css selector","value":"#shell-header-logo"}
COMMAND: GET /session/582ce5f850a124cd0c5f6fc14f02a0d2/screenshot - {}
RESULT: {}
RESULT: {"using":"css selector","value":"#shell-header-logo"}
COMMAND: POST /session/582ce5f850a124cd0c5f6fc14f02a0d2/element/f.92142B0E1996143B500ED3F2A7F6BA2F.d.00EB8A99C2963987F448619374BEA7E9.e.14870/click - {}
RESULT: {}
RESULT: {}
COMMAND: GET /session/582ce5f850a124cd0c5f6fc14f02a0d2/screenshot - {}
RESULT: {}
COMMAND: POST /session/582ce5f850a124cd0c5f6fc14f02a0d2/execute/async - {"script":"<script> [189 bytes]","args":[]}
RESULT: {"script":"<script> [189 bytes]","args":[]}
COMMAND: POST /session/582ce5f850a124cd0c5f6fc14f02a0d2/execute/async - {"script":"<script> [123 bytes]","args":[]}
RESULT: {"script":"<script> [123 bytes]","args":[]}
COMMAND: POST /session/582ce5f850a124cd0c5f6fc14f02a0d2/timeouts - {"script":"<number>"}
RESULT: {"script":"<number>"}
COMMAND: GET /session/582ce5f850a124cd0c5f6fc14f02a0d2/timeouts - {}
RESULT: {}
RESULT: undefined
COMMAND: POST /session/582ce5f850a124cd0c5f6fc14f02a0d2/execute/async - {"script":"<script> [2676 bytes]","args":[]}
RESULT: {"script":"<script> [2676 bytes]","args":[]}
COMMAND: POST /session/582ce5f850a124cd0c5f6fc14f02a0d2/execute/async - {"script":"<script> [2342 bytes]","args":[{"protocol":"http","hostname":"0.0.0.0","path":"/","capabilities":{"browserName":"chrome","goog:chromeOptions":{"binary":"C:\\Program Files\\Google\\Chrome\\Application\\chrome.exe","args":["--start-maximized"]}},"logLevel":"warn","connectionRetryTimeout":120000,"connectionRetryCount":3,"logLevels":{},"enableDirectConnect":true,"strictSSL":true,"_":"65 more keys: [\"cacheDir\",\"port\",\"requestedCapabilities\",\"automationProtocol\",\"baseUrl\",\"waitforInterval\",\"waitforTimeout\",\"onReload\",\"beforeCommand\",\"afterCommand\",\"rootDir\",\"specs\",\"suites\",\"exclude\",\"groupLogsByTestSpec\",\"excludeDriverLogs\",\"bail\",\"framework\",\"reporters\",\"services\",\"maxInstances\",\"maxInstancesPerCapability\",\"injectGlobals\",\"filesToWatch\",\"execArgv\",\"runnerEnv\",\"runner\",\"shard\",\"specFileRetries\",\"specFileRetriesDelay\",\"specFileRetriesDeferred\",\"reporterSyncInterval\",\"reporterSyncTimeout\",\"cucumberFeaturesWithLineNumbers\",\"autoCompileOpts\",\"mochaOpts\",\"jasmineOpts\",\"cucumberOpts\",\"onPrepare\",\"onWorkerStart\",\"onWorkerEnd\",\"before\",\"beforeSession\",\"beforeSuite\",\"beforeHook\",\"beforeTest\",\"afterTest\",\"afterHook\",\"afterSuite\",\"afterSession\",\"after\",\"onComplete\",\"beforeAssertion\",\"afterAssertion\",\"beforeFeature\",\"beforeScenario\",\"beforeStep\",\"afterStep\",\"afterScenario\",\"afterFeature\",\"_\",\"suite\",\"$0\",\"ignoredWorkerServices\",\"wdi5\"]"}]}
RESULT: {"script":"<script> [2342 bytes]","args":[{"protocol":"http","hostname":"0.0.0.0","path":"/","capabilities":{"browserName":"chrome","goog:chromeOptions":{"binary":"C:\\Program Files\\Google\\Chrome\\Application\\chrome.exe","args":["--start-maximized"]}},"logLevel":"warn","connectionRetryTimeout":120000,"connectionRetryCount":3,"logLevels":{},"enableDirectConnect":true,"strictSSL":true,"_":"65 more keys: [\"cacheDir\",\"port\",\"requestedCapabilities\",\"automationProtocol\",\"baseUrl\",\"waitforInterval\",\"waitforTimeout\",\"onReload\",\"beforeCommand\",\"afterCommand\",\"rootDir\",\"specs\",\"suites\",\"exclude\",\"groupLogsByTestSpec\",\"excludeDriverLogs\",\"bail\",\"framework\",\"reporters\",\"services\",\"maxInstances\",\"maxInstancesPerCapability\",\"injectGlobals\",\"filesToWatch\",\"execArgv\",\"runnerEnv\",\"runner\",\"shard\",\"specFileRetries\",\"specFileRetriesDelay\",\"specFileRetriesDeferred\",\"reporterSyncInterval\",\"reporterSyncTimeout\",\"cucumberFeaturesWithLineNumbers\",\"autoCompileOpts\",\"mochaOpts\",\"jasmineOpts\",\"cucumberOpts\",\"onPrepare\",\"onWorkerStart\",\"onWorkerEnd\",\"before\",\"beforeSession\",\"beforeSuite\",\"beforeHook\",\"beforeTest\",\"afterTest\",\"afterHook\",\"afterSuite\",\"afterSession\",\"after\",\"onComplete\",\"beforeAssertion\",\"afterAssertion\",\"beforeFeature\",\"beforeScenario\",\"beforeStep\",\"afterStep\",\"afterScenario\",\"afterFeature\",\"_\",\"suite\",\"$0\",\"ignoredWorkerServices\",\"wdi5\"]"}]}
COMMAND: POST /session/582ce5f850a124cd0c5f6fc14f02a0d2/execute/async - {"script":"<script> [21126 bytes]","args":[35000]}
RESULT: {"script":"<script> [21126 bytes]","args":[35000]}
COMMAND: POST /session/582ce5f850a124cd0c5f6fc14f02a0d2/window/maximize - {}
RESULT: {}
COMMAND: POST /session/582ce5f850a124cd0c5f6fc14f02a0d2/execute/async - {"script":"<script> [1562 bytes]","args":[{"selector":{"id":"shell-header","interaction":{"idSuffix":"icon"}},"wdio_ui5_key":"shellheader"}]}
COMMAND: GET /session/582ce5f850a124cd0c5f6fc14f02a0d2/screenshot - {}
RESULT: {"script":"<script> [1562 bytes]","args":[{"selector":{"id":"shell-header","interaction":{"idSuffix":"icon"}},"wdio_ui5_key":"shellheader"}]}
RESULT: undefined
]]></system-out>
    </testcase>
  </testsuite>
  <testsuite timestamp="2025-04-29T17:43:36" time="467.75" tests="6" failures="0" errors="0" skipped="0">
    <properties>
      <property name="specId" value="0" />
      <property name="suiteName" value="Return from Site w/ warehouse management w/ clarification US125588" />
      <property name="capabilities" value="chrome.135_0_7049_96.windows" />
      <property name="file" value="file:///D:/a/1/s/test/specs/HTR/return-from-site-w-warehouse-management-w-clarification.spec.js" />
    </properties>
    <testcase classname="chrome.135_0_7049_96.windows.Return_from_Site_w/_warehouse_management_w/_clarification_US125588" name="Should create a WHM yard" time="110.23">
      <system-out><![CDATA[
COMMAND: POST /session/582ce5f850a124cd0c5f6fc14f02a0d2/execute/async - {"script":"<script> [1562 bytes]","args":[{"selector":{"controlType":"sap.m.GenericTile","properties":{"header":"Manage Yards"}},"wdio_ui5_key":"sapm.GenericTile{\"header\":\"Manage Yards\"}"}]}
RESULT: {}
RESULT: {"script":"<script> [1562 bytes]","args":[{"selector":{"controlType":"sap.m.GenericTile","properties":{"header":"Manage Yards"}},"wdio_ui5_key":"sapm.GenericTile{\"header\":\"Manage Yards\"}"}]}
RESULT: undefined
COMMAND: POST /session/582ce5f850a124cd0c5f6fc14f02a0d2/element - {"using":"xpath","value":"//*[@id=\"__tile41\"]"}
RESULT: {"using":"xpath","value":"//*[@id=\"__tile41\"]"}
COMMAND: POST /session/582ce5f850a124cd0c5f6fc14f02a0d2/element/f.92142B0E1996143B500ED3F2A7F6BA2F.d.00EB8A99C2963987F448619374BEA7E9.e.14871/click - {}
RESULT: {}
COMMAND: POST /session/582ce5f850a124cd0c5f6fc14f02a0d2/execute/async - {"script":"<script> [1562 bytes]","args":[{"selector":{"controlType":"sap.ui.core.Icon","viewName":"etm.portal.ui.manageyards.view.Master","viewId":"application-manageyards-display-component---masterYard","properties":{"src":{"regex":{"source":"add"}}}},"wdio_ui5_key":"etmportal.ui.manageyards.view.Mastersap.ui.core.Icon{\"src\":{\"regex\":{\"source\":\"add\"}}}"}]}
COMMAND: GET /session/582ce5f850a124cd0c5f6fc14f02a0d2/screenshot - {}
RESULT: {"script":"<script> [1562 bytes]","args":[{"selector":{"controlType":"sap.ui.core.Icon","viewName":"etm.portal.ui.manageyards.view.Master","viewId":"application-manageyards-display-component---masterYard","properties":{"src":{"regex":{"source":"add"}}}},"wdio_ui5_key":"etmportal.ui.manageyards.view.Mastersap.ui.core.Icon{\"src\":{\"regex\":{\"source\":\"add\"}}}"}]}
RESULT: undefined
COMMAND: POST /session/582ce5f850a124cd0c5f6fc14f02a0d2/element - {"using":"xpath","value":"//*[@id=\"__button4-img\"]"}
RESULT: {}
RESULT: {"using":"xpath","value":"//*[@id=\"__button4-img\"]"}
COMMAND: POST /session/582ce5f850a124cd0c5f6fc14f02a0d2/element/f.92142B0E1996143B500ED3F2A7F6BA2F.d.00EB8A99C2963987F448619374BEA7E9.e.14917/click - {}
RESULT: {}
COMMAND: POST /session/582ce5f850a124cd0c5f6fc14f02a0d2/execute/async - {"script":"<script> [1562 bytes]","args":[{"selector":{"id":"application-manageyards-display-component---NewYard--addressDetailDetailsName1","interaction":{"idSuffix":"inner"}},"wdio_ui5_key":"applicationmanageyards-display-component---NewYard--addressDetailDetailsName1"}]}
COMMAND: GET /session/582ce5f850a124cd0c5f6fc14f02a0d2/screenshot - {}
RESULT: {"script":"<script> [1562 bytes]","args":[{"selector":{"id":"application-manageyards-display-component---NewYard--addressDetailDetailsName1","interaction":{"idSuffix":"inner"}},"wdio_ui5_key":"applicationmanageyards-display-component---NewYard--addressDetailDetailsName1"}]}
RESULT: undefined
COMMAND: POST /session/582ce5f850a124cd0c5f6fc14f02a0d2/execute/async - {"script":"<script> [776 bytes]","args":[{"enterText":"warehouse managed Yard","selector":{"id":"application-manageyards-display-component---NewYard--addressDetailDetailsName1","interaction":{"idSuffix":"inner"}},"clearTextFirst":true,"interactionType":"ENTER_TEXT"}]}
RESULT: {}
RESULT: {"script":"<script> [776 bytes]","args":[{"enterText":"warehouse managed Yard","selector":{"id":"application-manageyards-display-component---NewYard--addressDetailDetailsName1","interaction":{"idSuffix":"inner"}},"clearTextFirst":true,"interactionType":"ENTER_TEXT"}]}
COMMAND: POST /session/582ce5f850a124cd0c5f6fc14f02a0d2/execute/async - {"script":"<script> [1562 bytes]","args":[{"selector":{"id":"application-manageyards-display-component---NewYard--addressDetailDetailsLanguage-arrow"},"wdio_ui5_key":"applicationmanageyards-display-component---NewYard--addressDetailDetailsLanguage-arrow"}]}
RESULT: {"script":"<script> [1562 bytes]","args":[{"selector":{"id":"application-manageyards-display-component---NewYard--addressDetailDetailsLanguage-arrow"},"wdio_ui5_key":"applicationmanageyards-display-component---NewYard--addressDetailDetailsLanguage-arrow"}]}
RESULT: undefined
COMMAND: POST /session/582ce5f850a124cd0c5f6fc14f02a0d2/element - {"using":"xpath","value":"//*[@id=\"application-manageyards-display-component---NewYard--addressDetailDetailsLanguage-arrow\"]"}
RESULT: {"using":"xpath","value":"//*[@id=\"application-manageyards-display-component---NewYard--addressDetailDetailsLanguage-arrow\"]"}
COMMAND: POST /session/582ce5f850a124cd0c5f6fc14f02a0d2/element/f.92142B0E1996143B500ED3F2A7F6BA2F.d.00EB8A99C2963987F448619374BEA7E9.e.15323/click - {}
RESULT: {}
COMMAND: POST /session/582ce5f850a124cd0c5f6fc14f02a0d2/execute/async - {"script":"<script> [1562 bytes]","args":[{"selector":{"controlType":"sap.m.StandardListItem","viewName":"etm.portal.ui.manageyards.view.New","viewId":"application-manageyards-display-component---NewYard","properties":{"title":"English"},"searchOpenDialogs":true,"interaction":{"idSuffix":"content"}},"wdio_ui5_key":"etmportal.ui.manageyards.view.Newsap.m.StandardListItem{\"title\":\"English\"}"}]}
COMMAND: GET /session/582ce5f850a124cd0c5f6fc14f02a0d2/screenshot - {}
RESULT: {"script":"<script> [1562 bytes]","args":[{"selector":{"controlType":"sap.m.StandardListItem","viewName":"etm.portal.ui.manageyards.view.New","viewId":"application-manageyards-display-component---NewYard","properties":{"title":"English"},"searchOpenDialogs":true,"interaction":{"idSuffix":"content"}},"wdio_ui5_key":"etmportal.ui.manageyards.view.Newsap.m.StandardListItem{\"title\":\"English\"}"}]}
RESULT: undefined
COMMAND: POST /session/582ce5f850a124cd0c5f6fc14f02a0d2/element - {"using":"xpath","value":"//*[@id=\"__item101\"]"}
RESULT: {}
RESULT: {"using":"xpath","value":"//*[@id=\"__item101\"]"}
COMMAND: POST /session/582ce5f850a124cd0c5f6fc14f02a0d2/element/f.92142B0E1996143B500ED3F2A7F6BA2F.d.00EB8A99C2963987F448619374BEA7E9.e.15325/click - {}
RESULT: {}
COMMAND: POST /session/582ce5f850a124cd0c5f6fc14f02a0d2/execute/async - {"script":"<script> [1562 bytes]","args":[{"selector":{"id":"application-manageyards-display-component---NewYard--addressDetailDetailsCity1","interaction":{"idSuffix":"inner"}},"wdio_ui5_key":"applicationmanageyards-display-component---NewYard--addressDetailDetailsCity1"}]}
COMMAND: GET /session/582ce5f850a124cd0c5f6fc14f02a0d2/screenshot - {}
RESULT: {"script":"<script> [1562 bytes]","args":[{"selector":{"id":"application-manageyards-display-component---NewYard--addressDetailDetailsCity1","interaction":{"idSuffix":"inner"}},"wdio_ui5_key":"applicationmanageyards-display-component---NewYard--addressDetailDetailsCity1"}]}
RESULT: undefined
COMMAND: POST /session/582ce5f850a124cd0c5f6fc14f02a0d2/execute/async - {"script":"<script> [776 bytes]","args":[{"enterText":"Rosario","selector":{"id":"application-manageyards-display-component---NewYard--addressDetailDetailsCity1","interaction":{"idSuffix":"inner"}},"clearTextFirst":true,"interactionType":"ENTER_TEXT"}]}
RESULT: {}
RESULT: {"script":"<script> [776 bytes]","args":[{"enterText":"Rosario","selector":{"id":"application-manageyards-display-component---NewYard--addressDetailDetailsCity1","interaction":{"idSuffix":"inner"}},"clearTextFirst":true,"interactionType":"ENTER_TEXT"}]}
COMMAND: POST /session/582ce5f850a124cd0c5f6fc14f02a0d2/execute/async - {"script":"<script> [1562 bytes]","args":[{"selector":{"id":"application-manageyards-display-component---NewYard--addressDetailDetailsCountry-arrow"},"wdio_ui5_key":"applicationmanageyards-display-component---NewYard--addressDetailDetailsCountry-arrow"}]}
RESULT: {"script":"<script> [1562 bytes]","args":[{"selector":{"id":"application-manageyards-display-component---NewYard--addressDetailDetailsCountry-arrow"},"wdio_ui5_key":"applicationmanageyards-display-component---NewYard--addressDetailDetailsCountry-arrow"}]}
RESULT: undefined
COMMAND: POST /session/582ce5f850a124cd0c5f6fc14f02a0d2/element - {"using":"xpath","value":"//*[@id=\"application-manageyards-display-component---NewYard--addressDetailDetailsCountry-arrow\"]"}
RESULT: {"using":"xpath","value":"//*[@id=\"application-manageyards-display-component---NewYard--addressDetailDetailsCountry-arrow\"]"}
COMMAND: POST /session/582ce5f850a124cd0c5f6fc14f02a0d2/element/f.92142B0E1996143B500ED3F2A7F6BA2F.d.00EB8A99C2963987F448619374BEA7E9.e.15306/click - {}
RESULT: {}
COMMAND: POST /session/582ce5f850a124cd0c5f6fc14f02a0d2/execute/async - {"script":"<script> [1562 bytes]","args":[{"selector":{"controlType":"sap.m.StandardListItem","viewName":"etm.portal.ui.manageyards.view.New","viewId":"application-manageyards-display-component---NewYard","properties":{"title":"Argentina"},"searchOpenDialogs":true,"interaction":{"idSuffix":"content"}},"wdio_ui5_key":"etmportal.ui.manageyards.view.Newsap.m.StandardListItem{\"title\":\"Argentina\"}"}]}
COMMAND: GET /session/582ce5f850a124cd0c5f6fc14f02a0d2/screenshot - {}
RESULT: {"script":"<script> [1562 bytes]","args":[{"selector":{"controlType":"sap.m.StandardListItem","viewName":"etm.portal.ui.manageyards.view.New","viewId":"application-manageyards-display-component---NewYard","properties":{"title":"Argentina"},"searchOpenDialogs":true,"interaction":{"idSuffix":"content"}},"wdio_ui5_key":"etmportal.ui.manageyards.view.Newsap.m.StandardListItem{\"title\":\"Argentina\"}"}]}
RESULT: undefined
COMMAND: POST /session/582ce5f850a124cd0c5f6fc14f02a0d2/element - {"using":"xpath","value":"//*[@id=\"__item144\"]"}
RESULT: {}
RESULT: {"using":"xpath","value":"//*[@id=\"__item144\"]"}
COMMAND: POST /session/582ce5f850a124cd0c5f6fc14f02a0d2/element/f.92142B0E1996143B500ED3F2A7F6BA2F.d.00EB8A99C2963987F448619374BEA7E9.e.15329/click - {}
RESULT: {}
COMMAND: POST /session/582ce5f850a124cd0c5f6fc14f02a0d2/execute/async - {"script":"<script> [1562 bytes]","args":[{"selector":{"controlType":"sap.m.Button","viewName":"etm.portal.ui.manageyards.view.New","viewId":"application-manageyards-display-component---NewYard","properties":{"text":"Commercial"},"interaction":{"idSuffix":"BDI-content"}},"wdio_ui5_key":"etmportal.ui.manageyards.view.Newsap.m.Button{\"text\":\"Commercial\"}"}]}
COMMAND: GET /session/582ce5f850a124cd0c5f6fc14f02a0d2/screenshot - {}
RESULT: {"script":"<script> [1562 bytes]","args":[{"selector":{"controlType":"sap.m.Button","viewName":"etm.portal.ui.manageyards.view.New","viewId":"application-manageyards-display-component---NewYard","properties":{"text":"Commercial"},"interaction":{"idSuffix":"BDI-content"}},"wdio_ui5_key":"etmportal.ui.manageyards.view.Newsap.m.Button{\"text\":\"Commercial\"}"}]}
RESULT: undefined
COMMAND: POST /session/582ce5f850a124cd0c5f6fc14f02a0d2/element - {"using":"xpath","value":"//*[@id=\"application-manageyards-display-component---NewYard--ObjectPageLayout-anchBar-__section5-anchor\"]"}
RESULT: {}
RESULT: {"using":"xpath","value":"//*[@id=\"application-manageyards-display-component---NewYard--ObjectPageLayout-anchBar-__section5-anchor\"]"}
COMMAND: POST /session/582ce5f850a124cd0c5f6fc14f02a0d2/element/f.92142B0E1996143B500ED3F2A7F6BA2F.d.00EB8A99C2963987F448619374BEA7E9.e.15331/click - {}
RESULT: {}
COMMAND: GET /session/582ce5f850a124cd0c5f6fc14f02a0d2/screenshot - {}
COMMAND: POST /session/582ce5f850a124cd0c5f6fc14f02a0d2/execute/async - {"script":"<script> [1562 bytes]","args":[{"selector":{"id":"application-manageyards-display-component---NewYard--addressEditDetailsCostObjectCstType-arrow"},"wdio_ui5_key":"applicationmanageyards-display-component---NewYard--addressEditDetailsCostObjectCstType-arrow"}]}
RESULT: {}
RESULT: {"script":"<script> [1562 bytes]","args":[{"selector":{"id":"application-manageyards-display-component---NewYard--addressEditDetailsCostObjectCstType-arrow"},"wdio_ui5_key":"applicationmanageyards-display-component---NewYard--addressEditDetailsCostObjectCstType-arrow"}]}
RESULT: undefined
COMMAND: POST /session/582ce5f850a124cd0c5f6fc14f02a0d2/element - {"using":"xpath","value":"//*[@id=\"application-manageyards-display-component---NewYard--addressEditDetailsCostObjectCstType-arrow\"]"}
RESULT: {"using":"xpath","value":"//*[@id=\"application-manageyards-display-component---NewYard--addressEditDetailsCostObjectCstType-arrow\"]"}
COMMAND: POST /session/582ce5f850a124cd0c5f6fc14f02a0d2/element/f.92142B0E1996143B500ED3F2A7F6BA2F.d.00EB8A99C2963987F448619374BEA7E9.e.15344/click - {}
RESULT: {}
COMMAND: GET /session/582ce5f850a124cd0c5f6fc14f02a0d2/screenshot - {}
RESULT: {}
COMMAND: POST /session/582ce5f850a124cd0c5f6fc14f02a0d2/execute/async - {"script":"<script> [1562 bytes]","args":[{"selector":{"controlType":"sap.m.StandardListItem","viewName":"etm.portal.ui.manageyards.view.New","viewId":"application-manageyards-display-component---NewYard","properties":{"title":"Cost Center"},"searchOpenDialogs":true,"interaction":{"idSuffix":"titleText"}},"wdio_ui5_key":"etmportal.ui.manageyards.view.Newsap.m.StandardListItem{\"title\":\"Cost Center\"}"}]}
RESULT: {"script":"<script> [1562 bytes]","args":[{"selector":{"controlType":"sap.m.StandardListItem","viewName":"etm.portal.ui.manageyards.view.New","viewId":"application-manageyards-display-component---NewYard","properties":{"title":"Cost Center"},"searchOpenDialogs":true,"interaction":{"idSuffix":"titleText"}},"wdio_ui5_key":"etmportal.ui.manageyards.view.Newsap.m.StandardListItem{\"title\":\"Cost Center\"}"}]}
RESULT: undefined
COMMAND: POST /session/582ce5f850a124cd0c5f6fc14f02a0d2/element - {"using":"xpath","value":"//*[@id=\"__item234\"]"}
RESULT: {"using":"xpath","value":"//*[@id=\"__item234\"]"}
COMMAND: POST /session/582ce5f850a124cd0c5f6fc14f02a0d2/element/f.92142B0E1996143B500ED3F2A7F6BA2F.d.00EB8A99C2963987F448619374BEA7E9.e.15346/click - {}
RESULT: {}
COMMAND: POST /session/582ce5f850a124cd0c5f6fc14f02a0d2/element - {"using":"xpath","value":"//input[@id=\"application-manageyards-display-component---NewYard--addressNewCostObjectCstID-inner\"]"}
COMMAND: GET /session/582ce5f850a124cd0c5f6fc14f02a0d2/screenshot - {}
RESULT: {"using":"xpath","value":"//input[@id=\"application-manageyards-display-component---NewYard--addressNewCostObjectCstID-inner\"]"}
COMMAND: POST /session/582ce5f850a124cd0c5f6fc14f02a0d2/element/f.92142B0E1996143B500ED3F2A7F6BA2F.d.00EB8A99C2963987F448619374BEA7E9.e.15146/clear - {}
RESULT: {}
COMMAND: POST /session/582ce5f850a124cd0c5f6fc14f02a0d2/element - {"using":"xpath","value":"//input[@id=\"application-manageyards-display-component---NewYard--addressNewCostObjectCstID-inner\"]"}
RESULT: {"using":"xpath","value":"//input[@id=\"application-manageyards-display-component---NewYard--addressNewCostObjectCstID-inner\"]"}
COMMAND: POST /session/582ce5f850a124cd0c5f6fc14f02a0d2/element/f.92142B0E1996143B500ED3F2A7F6BA2F.d.00EB8A99C2963987F448619374BEA7E9.e.15146/clear - {}
COMMAND: POST /session/582ce5f850a124cd0c5f6fc14f02a0d2/element - {"using":"xpath","value":"//input[@id=\"application-manageyards-display-component---NewYard--addressNewCostObjectCstID-inner\"]"}
RESULT: {"using":"xpath","value":"//input[@id=\"application-manageyards-display-component---NewYard--addressNewCostObjectCstID-inner\"]"}
COMMAND: POST /session/582ce5f850a124cd0c5f6fc14f02a0d2/element/f.92142B0E1996143B500ED3F2A7F6BA2F.d.00EB8A99C2963987F448619374BEA7E9.e.15349/clear - {}
COMMAND: POST /session/582ce5f850a124cd0c5f6fc14f02a0d2/element - {"using":"xpath","value":"//input[@id=\"application-manageyards-display-component---NewYard--addressNewCostObjectCstID-inner\"]"}
RESULT: {"using":"xpath","value":"//input[@id=\"application-manageyards-display-component---NewYard--addressNewCostObjectCstID-inner\"]"}
COMMAND: POST /session/582ce5f850a124cd0c5f6fc14f02a0d2/element/f.92142B0E1996143B500ED3F2A7F6BA2F.d.00EB8A99C2963987F448619374BEA7E9.e.15349/clear - {}
COMMAND: POST /session/582ce5f850a124cd0c5f6fc14f02a0d2/element - {"using":"xpath","value":"//input[@id=\"application-manageyards-display-component---NewYard--addressNewCostObjectCstID-inner\"]"}
RESULT: {"using":"xpath","value":"//input[@id=\"application-manageyards-display-component---NewYard--addressNewCostObjectCstID-inner\"]"}
COMMAND: POST /session/582ce5f850a124cd0c5f6fc14f02a0d2/element/f.92142B0E1996143B500ED3F2A7F6BA2F.d.00EB8A99C2963987F448619374BEA7E9.e.15351/clear - {}
RESULT: {}
COMMAND: POST /session/582ce5f850a124cd0c5f6fc14f02a0d2/element/f.92142B0E1996143B500ED3F2A7F6BA2F.d.00EB8A99C2963987F448619374BEA7E9.e.15351/value - {"text":"10001013"}
COMMAND: GET /session/582ce5f850a124cd0c5f6fc14f02a0d2/screenshot - {}
RESULT: {"text":"10001013"}
COMMAND: GET /session/582ce5f850a124cd0c5f6fc14f02a0d2/screenshot - {}
RESULT: {}
RESULT: {}
COMMAND: POST /session/582ce5f850a124cd0c5f6fc14f02a0d2/execute/async - {"script":"<script> [1562 bytes]","args":[{"selector":{"controlType":"sap.m.StandardListItem","viewName":"etm.portal.ui.manageyards.view.New","viewId":"application-manageyards-display-component---NewYard","properties":{"type":"Active"},"searchOpenDialogs":true,"interaction":{"idSuffix":"titleText"}},"wdio_ui5_key":"etmportal.ui.manageyards.view.Newsap.m.StandardListItem{\"type\":\"Active\"}"}]}
RESULT: {"script":"<script> [1562 bytes]","args":[{"selector":{"controlType":"sap.m.StandardListItem","viewName":"etm.portal.ui.manageyards.view.New","viewId":"application-manageyards-display-component---NewYard","properties":{"type":"Active"},"searchOpenDialogs":true,"interaction":{"idSuffix":"titleText"}},"wdio_ui5_key":"etmportal.ui.manageyards.view.Newsap.m.StandardListItem{\"type\":\"Active\"}"}]}
RESULT: undefined
COMMAND: POST /session/582ce5f850a124cd0c5f6fc14f02a0d2/element - {"using":"xpath","value":"//*[@id=\"__item339\"]"}
RESULT: {"using":"xpath","value":"//*[@id=\"__item339\"]"}
COMMAND: POST /session/582ce5f850a124cd0c5f6fc14f02a0d2/element/f.92142B0E1996143B500ED3F2A7F6BA2F.d.00EB8A99C2963987F448619374BEA7E9.e.15355/click - {}
RESULT: {}
COMMAND: POST /session/582ce5f850a124cd0c5f6fc14f02a0d2/execute/async - {"script":"<script> [1562 bytes]","args":[{"selector":{"id":"application-manageyards-display-component---NewYard--addressEditDetailsCurrency-arrow"},"wdio_ui5_key":"applicationmanageyards-display-component---NewYard--addressEditDetailsCurrency-arrow"}]}
COMMAND: GET /session/582ce5f850a124cd0c5f6fc14f02a0d2/screenshot - {}
RESULT: {"script":"<script> [1562 bytes]","args":[{"selector":{"id":"application-manageyards-display-component---NewYard--addressEditDetailsCurrency-arrow"},"wdio_ui5_key":"applicationmanageyards-display-component---NewYard--addressEditDetailsCurrency-arrow"}]}
RESULT: undefined
COMMAND: POST /session/582ce5f850a124cd0c5f6fc14f02a0d2/element - {"using":"xpath","value":"//*[@id=\"application-manageyards-display-component---NewYard--addressEditDetailsCurrency-arrow\"]"}
RESULT: {}
RESULT: {"using":"xpath","value":"//*[@id=\"application-manageyards-display-component---NewYard--addressEditDetailsCurrency-arrow\"]"}
COMMAND: POST /session/582ce5f850a124cd0c5f6fc14f02a0d2/element/f.92142B0E1996143B500ED3F2A7F6BA2F.d.00EB8A99C2963987F448619374BEA7E9.e.15357/click - {}
RESULT: {}
COMMAND: POST /session/582ce5f850a124cd0c5f6fc14f02a0d2/execute/async - {"script":"<script> [1562 bytes]","args":[{"selector":{"controlType":"sap.m.StandardListItem","viewName":"etm.portal.ui.manageyards.view.New","viewId":"application-manageyards-display-component---NewYard","properties":{"title":"Euro"},"searchOpenDialogs":true,"interaction":{"idSuffix":"content"}},"wdio_ui5_key":"etmportal.ui.manageyards.view.Newsap.m.StandardListItem{\"title\":\"Euro\"}"}]}
COMMAND: GET /session/582ce5f850a124cd0c5f6fc14f02a0d2/screenshot - {}
RESULT: {"script":"<script> [1562 bytes]","args":[{"selector":{"controlType":"sap.m.StandardListItem","viewName":"etm.portal.ui.manageyards.view.New","viewId":"application-manageyards-display-component---NewYard","properties":{"title":"Euro"},"searchOpenDialogs":true,"interaction":{"idSuffix":"content"}},"wdio_ui5_key":"etmportal.ui.manageyards.view.Newsap.m.StandardListItem{\"title\":\"Euro\"}"}]}
RESULT: undefined
COMMAND: POST /session/582ce5f850a124cd0c5f6fc14f02a0d2/element - {"using":"xpath","value":"//*[@id=\"__item340\"]"}
RESULT: {}
RESULT: {"using":"xpath","value":"//*[@id=\"__item340\"]"}
COMMAND: POST /session/582ce5f850a124cd0c5f6fc14f02a0d2/element/f.92142B0E1996143B500ED3F2A7F6BA2F.d.00EB8A99C2963987F448619374BEA7E9.e.15359/click - {}
RESULT: {}
COMMAND: POST /session/582ce5f850a124cd0c5f6fc14f02a0d2/execute/async - {"script":"<script> [1562 bytes]","args":[{"selector":{"controlType":"sap.m.Input","viewName":"etm.portal.ui.manageyards.view.New","viewId":"application-manageyards-display-component---NewYard","bindingPath":{"path":"","propertyPath":"/CONTROLLING_AREA","modelName":"NewYardModel"},"interaction":{"idSuffix":"inner"}},"wdio_ui5_key":"etmportal.ui.manageyards.view.Newsap.m.Input{\"path\":\"\",\"propertyPath\":\"/CONTROLLING_AREA\",\"modelName\":\"NewYardModel\"}"}]}
COMMAND: GET /session/582ce5f850a124cd0c5f6fc14f02a0d2/screenshot - {}
RESULT: {"script":"<script> [1562 bytes]","args":[{"selector":{"controlType":"sap.m.Input","viewName":"etm.portal.ui.manageyards.view.New","viewId":"application-manageyards-display-component---NewYard","bindingPath":{"path":"","propertyPath":"/CONTROLLING_AREA","modelName":"NewYardModel"},"interaction":{"idSuffix":"inner"}},"wdio_ui5_key":"etmportal.ui.manageyards.view.Newsap.m.Input{\"path\":\"\",\"propertyPath\":\"/CONTROLLING_AREA\",\"modelName\":\"NewYardModel\"}"}]}
RESULT: undefined
COMMAND: POST /session/582ce5f850a124cd0c5f6fc14f02a0d2/execute/async - {"script":"<script> [776 bytes]","args":[{"enterText":"Z001","selector":{"controlType":"sap.m.Input","viewName":"etm.portal.ui.manageyards.view.New","viewId":"application-manageyards-display-component---NewYard","bindingPath":{"path":"","propertyPath":"/CONTROLLING_AREA","modelName":"NewYardModel"},"interaction":{"idSuffix":"inner"}},"clearTextFirst":true,"interactionType":"ENTER_TEXT"}]}
RESULT: {}
RESULT: {"script":"<script> [776 bytes]","args":[{"enterText":"Z001","selector":{"controlType":"sap.m.Input","viewName":"etm.portal.ui.manageyards.view.New","viewId":"application-manageyards-display-component---NewYard","bindingPath":{"path":"","propertyPath":"/CONTROLLING_AREA","modelName":"NewYardModel"},"interaction":{"idSuffix":"inner"}},"clearTextFirst":true,"interactionType":"ENTER_TEXT"}]}
COMMAND: POST /session/582ce5f850a124cd0c5f6fc14f02a0d2/execute/async - {"script":"<script> [1562 bytes]","args":[{"selector":{"id":"application-manageyards-display-component---NewYard--companyCodeComboBox","interaction":{"idSuffix":"inner"}},"wdio_ui5_key":"applicationmanageyards-display-component---NewYard--companyCodeComboBox"}]}
RESULT: {"script":"<script> [1562 bytes]","args":[{"selector":{"id":"application-manageyards-display-component---NewYard--companyCodeComboBox","interaction":{"idSuffix":"inner"}},"wdio_ui5_key":"applicationmanageyards-display-component---NewYard--companyCodeComboBox"}]}
RESULT: undefined
COMMAND: POST /session/582ce5f850a124cd0c5f6fc14f02a0d2/execute/async - {"script":"<script> [776 bytes]","args":[{"enterText":"1000","selector":{"id":"application-manageyards-display-component---NewYard--companyCodeComboBox","interaction":{"idSuffix":"inner"}},"clearTextFirst":true,"interactionType":"ENTER_TEXT"}]}
RESULT: {"script":"<script> [776 bytes]","args":[{"enterText":"1000","selector":{"id":"application-manageyards-display-component---NewYard--companyCodeComboBox","interaction":{"idSuffix":"inner"}},"clearTextFirst":true,"interactionType":"ENTER_TEXT"}]}
COMMAND: POST /session/582ce5f850a124cd0c5f6fc14f02a0d2/execute/async - {"script":"<script> [1562 bytes]","args":[{"selector":{"controlType":"sap.m.Input","viewName":"etm.portal.ui.manageyards.view.New","viewId":"application-manageyards-display-component---NewYard","bindingPath":{"path":"","propertyPath":"/PLANT","modelName":"NewYardModel"},"interaction":{"idSuffix":"inner"}},"wdio_ui5_key":"etmportal.ui.manageyards.view.Newsap.m.Input{\"path\":\"\",\"propertyPath\":\"/PLANT\",\"modelName\":\"NewYardModel\"}"}]}
RESULT: {"script":"<script> [1562 bytes]","args":[{"selector":{"controlType":"sap.m.Input","viewName":"etm.portal.ui.manageyards.view.New","viewId":"application-manageyards-display-component---NewYard","bindingPath":{"path":"","propertyPath":"/PLANT","modelName":"NewYardModel"},"interaction":{"idSuffix":"inner"}},"wdio_ui5_key":"etmportal.ui.manageyards.view.Newsap.m.Input{\"path\":\"\",\"propertyPath\":\"/PLANT\",\"modelName\":\"NewYardModel\"}"}]}
RESULT: undefined
COMMAND: POST /session/582ce5f850a124cd0c5f6fc14f02a0d2/execute/async - {"script":"<script> [776 bytes]","args":[{"enterText":"1001","selector":{"controlType":"sap.m.Input","viewName":"etm.portal.ui.manageyards.view.New","viewId":"application-manageyards-display-component---NewYard","bindingPath":{"path":"","propertyPath":"/PLANT","modelName":"NewYardModel"},"interaction":{"idSuffix":"inner"}},"clearTextFirst":true,"interactionType":"ENTER_TEXT"}]}
RESULT: {"script":"<script> [776 bytes]","args":[{"enterText":"1001","selector":{"controlType":"sap.m.Input","viewName":"etm.portal.ui.manageyards.view.New","viewId":"application-manageyards-display-component---NewYard","bindingPath":{"path":"","propertyPath":"/PLANT","modelName":"NewYardModel"},"interaction":{"idSuffix":"inner"}},"clearTextFirst":true,"interactionType":"ENTER_TEXT"}]}
COMMAND: POST /session/582ce5f850a124cd0c5f6fc14f02a0d2/execute/async - {"script":"<script> [1562 bytes]","args":[{"selector":{"controlType":"sap.m.Input","viewName":"etm.portal.ui.manageyards.view.New","viewId":"application-manageyards-display-component---NewYard","bindingPath":{"path":"","propertyPath":"/SALES_AREA_VKORG","modelName":"NewYardModel"},"interaction":{"idSuffix":"inner"}},"wdio_ui5_key":"etmportal.ui.manageyards.view.Newsap.m.Input{\"path\":\"\",\"propertyPath\":\"/SALES_AREA_VKORG\",\"modelName\":\"NewYardModel\"}"}]}
RESULT: {"script":"<script> [1562 bytes]","args":[{"selector":{"controlType":"sap.m.Input","viewName":"etm.portal.ui.manageyards.view.New","viewId":"application-manageyards-display-component---NewYard","bindingPath":{"path":"","propertyPath":"/SALES_AREA_VKORG","modelName":"NewYardModel"},"interaction":{"idSuffix":"inner"}},"wdio_ui5_key":"etmportal.ui.manageyards.view.Newsap.m.Input{\"path\":\"\",\"propertyPath\":\"/SALES_AREA_VKORG\",\"modelName\":\"NewYardModel\"}"}]}
RESULT: undefined
COMMAND: POST /session/582ce5f850a124cd0c5f6fc14f02a0d2/execute/async - {"script":"<script> [776 bytes]","args":[{"enterText":"C002","selector":{"controlType":"sap.m.Input","viewName":"etm.portal.ui.manageyards.view.New","viewId":"application-manageyards-display-component---NewYard","bindingPath":{"path":"","propertyPath":"/SALES_AREA_VKORG","modelName":"NewYardModel"},"interaction":{"idSuffix":"inner"}},"clearTextFirst":true,"interactionType":"ENTER_TEXT"}]}
RESULT: {"script":"<script> [776 bytes]","args":[{"enterText":"C002","selector":{"controlType":"sap.m.Input","viewName":"etm.portal.ui.manageyards.view.New","viewId":"application-manageyards-display-component---NewYard","bindingPath":{"path":"","propertyPath":"/SALES_AREA_VKORG","modelName":"NewYardModel"},"interaction":{"idSuffix":"inner"}},"clearTextFirst":true,"interactionType":"ENTER_TEXT"}]}
COMMAND: POST /session/582ce5f850a124cd0c5f6fc14f02a0d2/execute/async - {"script":"<script> [1562 bytes]","args":[{"selector":{"controlType":"sap.m.Input","viewName":"etm.portal.ui.manageyards.view.New","viewId":"application-manageyards-display-component---NewYard","bindingPath":{"path":"","propertyPath":"/SALES_AREA_VTWEG","modelName":"NewYardModel"},"interaction":{"idSuffix":"inner"}},"wdio_ui5_key":"etmportal.ui.manageyards.view.Newsap.m.Input{\"path\":\"\",\"propertyPath\":\"/SALES_AREA_VTWEG\",\"modelName\":\"NewYardModel\"}"}]}
RESULT: {"script":"<script> [1562 bytes]","args":[{"selector":{"controlType":"sap.m.Input","viewName":"etm.portal.ui.manageyards.view.New","viewId":"application-manageyards-display-component---NewYard","bindingPath":{"path":"","propertyPath":"/SALES_AREA_VTWEG","modelName":"NewYardModel"},"interaction":{"idSuffix":"inner"}},"wdio_ui5_key":"etmportal.ui.manageyards.view.Newsap.m.Input{\"path\":\"\",\"propertyPath\":\"/SALES_AREA_VTWEG\",\"modelName\":\"NewYardModel\"}"}]}
RESULT: undefined
COMMAND: POST /session/582ce5f850a124cd0c5f6fc14f02a0d2/execute/async - {"script":"<script> [776 bytes]","args":[{"enterText":"C2","selector":{"controlType":"sap.m.Input","viewName":"etm.portal.ui.manageyards.view.New","viewId":"application-manageyards-display-component---NewYard","bindingPath":{"path":"","propertyPath":"/SALES_AREA_VTWEG","modelName":"NewYardModel"},"interaction":{"idSuffix":"inner"}},"clearTextFirst":true,"interactionType":"ENTER_TEXT"}]}
RESULT: {"script":"<script> [776 bytes]","args":[{"enterText":"C2","selector":{"controlType":"sap.m.Input","viewName":"etm.portal.ui.manageyards.view.New","viewId":"application-manageyards-display-component---NewYard","bindingPath":{"path":"","propertyPath":"/SALES_AREA_VTWEG","modelName":"NewYardModel"},"interaction":{"idSuffix":"inner"}},"clearTextFirst":true,"interactionType":"ENTER_TEXT"}]}
COMMAND: POST /session/582ce5f850a124cd0c5f6fc14f02a0d2/execute/async - {"script":"<script> [1562 bytes]","args":[{"selector":{"controlType":"sap.m.Input","viewName":"etm.portal.ui.manageyards.view.New","viewId":"application-manageyards-display-component---NewYard","bindingPath":{"path":"","propertyPath":"/SALES_AREA_SPART","modelName":"NewYardModel"},"interaction":{"idSuffix":"inner"}},"wdio_ui5_key":"etmportal.ui.manageyards.view.Newsap.m.Input{\"path\":\"\",\"propertyPath\":\"/SALES_AREA_SPART\",\"modelName\":\"NewYardModel\"}"}]}
RESULT: {"script":"<script> [1562 bytes]","args":[{"selector":{"controlType":"sap.m.Input","viewName":"etm.portal.ui.manageyards.view.New","viewId":"application-manageyards-display-component---NewYard","bindingPath":{"path":"","propertyPath":"/SALES_AREA_SPART","modelName":"NewYardModel"},"interaction":{"idSuffix":"inner"}},"wdio_ui5_key":"etmportal.ui.manageyards.view.Newsap.m.Input{\"path\":\"\",\"propertyPath\":\"/SALES_AREA_SPART\",\"modelName\":\"NewYardModel\"}"}]}
RESULT: undefined
COMMAND: POST /session/582ce5f850a124cd0c5f6fc14f02a0d2/execute/async - {"script":"<script> [776 bytes]","args":[{"enterText":"C2","selector":{"controlType":"sap.m.Input","viewName":"etm.portal.ui.manageyards.view.New","viewId":"application-manageyards-display-component---NewYard","bindingPath":{"path":"","propertyPath":"/SALES_AREA_SPART","modelName":"NewYardModel"},"interaction":{"idSuffix":"inner"}},"clearTextFirst":true,"interactionType":"ENTER_TEXT"}]}
RESULT: {"script":"<script> [776 bytes]","args":[{"enterText":"C2","selector":{"controlType":"sap.m.Input","viewName":"etm.portal.ui.manageyards.view.New","viewId":"application-manageyards-display-component---NewYard","bindingPath":{"path":"","propertyPath":"/SALES_AREA_SPART","modelName":"NewYardModel"},"interaction":{"idSuffix":"inner"}},"clearTextFirst":true,"interactionType":"ENTER_TEXT"}]}
COMMAND: POST /session/582ce5f850a124cd0c5f6fc14f02a0d2/execute/async - {"script":"<script> [1562 bytes]","args":[{"selector":{"controlType":"sap.m.Input","viewName":"etm.portal.ui.manageyards.view.New","viewId":"application-manageyards-display-component---NewYard","bindingPath":{"path":"","propertyPath":"/SHIP_POINT","modelName":"NewYardModel"},"interaction":{"idSuffix":"inner"}},"wdio_ui5_key":"etmportal.ui.manageyards.view.Newsap.m.Input{\"path\":\"\",\"propertyPath\":\"/SHIP_POINT\",\"modelName\":\"NewYardModel\"}"}]}
RESULT: {"script":"<script> [1562 bytes]","args":[{"selector":{"controlType":"sap.m.Input","viewName":"etm.portal.ui.manageyards.view.New","viewId":"application-manageyards-display-component---NewYard","bindingPath":{"path":"","propertyPath":"/SHIP_POINT","modelName":"NewYardModel"},"interaction":{"idSuffix":"inner"}},"wdio_ui5_key":"etmportal.ui.manageyards.view.Newsap.m.Input{\"path\":\"\",\"propertyPath\":\"/SHIP_POINT\",\"modelName\":\"NewYardModel\"}"}]}
RESULT: undefined
COMMAND: POST /session/582ce5f850a124cd0c5f6fc14f02a0d2/execute/async - {"script":"<script> [776 bytes]","args":[{"enterText":"1710","selector":{"controlType":"sap.m.Input","viewName":"etm.portal.ui.manageyards.view.New","viewId":"application-manageyards-display-component---NewYard","bindingPath":{"path":"","propertyPath":"/SHIP_POINT","modelName":"NewYardModel"},"interaction":{"idSuffix":"inner"}},"clearTextFirst":true,"interactionType":"ENTER_TEXT"}]}
RESULT: {"script":"<script> [776 bytes]","args":[{"enterText":"1710","selector":{"controlType":"sap.m.Input","viewName":"etm.portal.ui.manageyards.view.New","viewId":"application-manageyards-display-component---NewYard","bindingPath":{"path":"","propertyPath":"/SHIP_POINT","modelName":"NewYardModel"},"interaction":{"idSuffix":"inner"}},"clearTextFirst":true,"interactionType":"ENTER_TEXT"}]}
COMMAND: POST /session/582ce5f850a124cd0c5f6fc14f02a0d2/execute/async - {"script":"<script> [1562 bytes]","args":[{"selector":{"controlType":"sap.m.Input","viewName":"etm.portal.ui.manageyards.view.New","viewId":"application-manageyards-display-component---NewYard","bindingPath":{"path":"","propertyPath":"/DELIVERY_TYPE","modelName":"NewYardModel"},"interaction":{"idSuffix":"inner"}},"wdio_ui5_key":"etmportal.ui.manageyards.view.Newsap.m.Input{\"path\":\"\",\"propertyPath\":\"/DELIVERY_TYPE\",\"modelName\":\"NewYardModel\"}"}]}
RESULT: {"script":"<script> [1562 bytes]","args":[{"selector":{"controlType":"sap.m.Input","viewName":"etm.portal.ui.manageyards.view.New","viewId":"application-manageyards-display-component---NewYard","bindingPath":{"path":"","propertyPath":"/DELIVERY_TYPE","modelName":"NewYardModel"},"interaction":{"idSuffix":"inner"}},"wdio_ui5_key":"etmportal.ui.manageyards.view.Newsap.m.Input{\"path\":\"\",\"propertyPath\":\"/DELIVERY_TYPE\",\"modelName\":\"NewYardModel\"}"}]}
RESULT: undefined
COMMAND: POST /session/582ce5f850a124cd0c5f6fc14f02a0d2/execute/async - {"script":"<script> [776 bytes]","args":[{"enterText":"ZL01","selector":{"controlType":"sap.m.Input","viewName":"etm.portal.ui.manageyards.view.New","viewId":"application-manageyards-display-component---NewYard","bindingPath":{"path":"","propertyPath":"/DELIVERY_TYPE","modelName":"NewYardModel"},"interaction":{"idSuffix":"inner"}},"clearTextFirst":true,"interactionType":"ENTER_TEXT"}]}
RESULT: {"script":"<script> [776 bytes]","args":[{"enterText":"ZL01","selector":{"controlType":"sap.m.Input","viewName":"etm.portal.ui.manageyards.view.New","viewId":"application-manageyards-display-component---NewYard","bindingPath":{"path":"","propertyPath":"/DELIVERY_TYPE","modelName":"NewYardModel"},"interaction":{"idSuffix":"inner"}},"clearTextFirst":true,"interactionType":"ENTER_TEXT"}]}
COMMAND: POST /session/582ce5f850a124cd0c5f6fc14f02a0d2/execute/async - {"script":"<script> [1562 bytes]","args":[{"selector":{"controlType":"sap.m.Input","viewName":"etm.portal.ui.manageyards.view.New","viewId":"application-manageyards-display-component---NewYard","bindingPath":{"path":"","propertyPath":"/AUART","modelName":"NewYardModel"},"interaction":{"idSuffix":"inner"}},"wdio_ui5_key":"etmportal.ui.manageyards.view.Newsap.m.Input{\"path\":\"\",\"propertyPath\":\"/AUART\",\"modelName\":\"NewYardModel\"}"}]}
RESULT: {"script":"<script> [1562 bytes]","args":[{"selector":{"controlType":"sap.m.Input","viewName":"etm.portal.ui.manageyards.view.New","viewId":"application-manageyards-display-component---NewYard","bindingPath":{"path":"","propertyPath":"/AUART","modelName":"NewYardModel"},"interaction":{"idSuffix":"inner"}},"wdio_ui5_key":"etmportal.ui.manageyards.view.Newsap.m.Input{\"path\":\"\",\"propertyPath\":\"/AUART\",\"modelName\":\"NewYardModel\"}"}]}
RESULT: undefined
COMMAND: POST /session/582ce5f850a124cd0c5f6fc14f02a0d2/execute/async - {"script":"<script> [776 bytes]","args":[{"enterText":"TA","selector":{"controlType":"sap.m.Input","viewName":"etm.portal.ui.manageyards.view.New","viewId":"application-manageyards-display-component---NewYard","bindingPath":{"path":"","propertyPath":"/AUART","modelName":"NewYardModel"},"interaction":{"idSuffix":"inner"}},"clearTextFirst":true,"interactionType":"ENTER_TEXT"}]}
RESULT: {"script":"<script> [776 bytes]","args":[{"enterText":"TA","selector":{"controlType":"sap.m.Input","viewName":"etm.portal.ui.manageyards.view.New","viewId":"application-manageyards-display-component---NewYard","bindingPath":{"path":"","propertyPath":"/AUART","modelName":"NewYardModel"},"interaction":{"idSuffix":"inner"}},"clearTextFirst":true,"interactionType":"ENTER_TEXT"}]}
COMMAND: POST /session/582ce5f850a124cd0c5f6fc14f02a0d2/execute/async - {"script":"<script> [1562 bytes]","args":[{"selector":{"id":"application-manageyards-display-component---NewYard--whmCheckBox","interaction":{"idSuffix":"CbBg"}},"wdio_ui5_key":"applicationmanageyards-display-component---NewYard--whmCheckBox"}]}
RESULT: {"script":"<script> [1562 bytes]","args":[{"selector":{"id":"application-manageyards-display-component---NewYard--whmCheckBox","interaction":{"idSuffix":"CbBg"}},"wdio_ui5_key":"applicationmanageyards-display-component---NewYard--whmCheckBox"}]}
RESULT: undefined
COMMAND: POST /session/582ce5f850a124cd0c5f6fc14f02a0d2/element - {"using":"xpath","value":"//*[@id=\"application-manageyards-display-component---NewYard--whmCheckBox\"]"}
RESULT: {"using":"xpath","value":"//*[@id=\"application-manageyards-display-component---NewYard--whmCheckBox\"]"}
COMMAND: POST /session/582ce5f850a124cd0c5f6fc14f02a0d2/element/f.92142B0E1996143B500ED3F2A7F6BA2F.d.00EB8A99C2963987F448619374BEA7E9.e.15370/click - {}
RESULT: {}
COMMAND: POST /session/582ce5f850a124cd0c5f6fc14f02a0d2/execute/async - {"script":"<script> [1562 bytes]","args":[{"selector":{"controlType":"sap.m.Button","viewName":"etm.portal.ui.manageyards.view.New","viewId":"application-manageyards-display-component---NewYard","i18NText":{"propertyName":"text","key":"save"},"interaction":{"idSuffix":"BDI-content"}},"wdio_ui5_key":"etmportal.ui.manageyards.view.Newsap.m.Button{\"propertyName\":\"text\",\"key\":\"save\"}"}]}
COMMAND: GET /session/582ce5f850a124cd0c5f6fc14f02a0d2/screenshot - {}
RESULT: {"script":"<script> [1562 bytes]","args":[{"selector":{"controlType":"sap.m.Button","viewName":"etm.portal.ui.manageyards.view.New","viewId":"application-manageyards-display-component---NewYard","i18NText":{"propertyName":"text","key":"save"},"interaction":{"idSuffix":"BDI-content"}},"wdio_ui5_key":"etmportal.ui.manageyards.view.Newsap.m.Button{\"propertyName\":\"text\",\"key\":\"save\"}"}]}
RESULT: undefined
COMMAND: POST /session/582ce5f850a124cd0c5f6fc14f02a0d2/element - {"using":"xpath","value":"//*[@id=\"__button18\"]"}
RESULT: {}
RESULT: {"using":"xpath","value":"//*[@id=\"__button18\"]"}
COMMAND: POST /session/582ce5f850a124cd0c5f6fc14f02a0d2/element/f.92142B0E1996143B500ED3F2A7F6BA2F.d.00EB8A99C2963987F448619374BEA7E9.e.15308/click - {}
RESULT: {}
COMMAND: GET /session/582ce5f850a124cd0c5f6fc14f02a0d2/screenshot - {}
COMMAND: POST /session/582ce5f850a124cd0c5f6fc14f02a0d2/execute/async - {"script":"<script> [1562 bytes]","args":[{"selector":{"controlType":"sap.m.Text","viewName":"etm.portal.ui.manageyards.view.Detail","viewId":"application-manageyards-display-component---detailYard","bindingPath":{"propertyPath":"ID","modelName":"catalogModel"}},"wdio_ui5_key":"etmportal.ui.manageyards.view.Detailsap.m.Text{\"propertyPath\":\"ID\",\"modelName\":\"catalogModel\"}"}]}
RESULT: {}
RESULT: {"script":"<script> [1562 bytes]","args":[{"selector":{"controlType":"sap.m.Text","viewName":"etm.portal.ui.manageyards.view.Detail","viewId":"application-manageyards-display-component---detailYard","bindingPath":{"propertyPath":"ID","modelName":"catalogModel"}},"wdio_ui5_key":"etmportal.ui.manageyards.view.Detailsap.m.Text{\"propertyPath\":\"ID\",\"modelName\":\"catalogModel\"}"}]}
RESULT: undefined
COMMAND: POST /session/582ce5f850a124cd0c5f6fc14f02a0d2/execute/async - {"script":"<script> [6424 bytes]","args":[{"element-6066-11e4-a52e-4f735466cecf":"f.92142B0E1996143B500ED3F2A7F6BA2F.d.00EB8A99C2963987F448619374BEA7E9.e.15565"},"getText",[]]}
RESULT: {"script":"<script> [6424 bytes]","args":[{"element-6066-11e4-a52e-4f735466cecf":"f.92142B0E1996143B500ED3F2A7F6BA2F.d.00EB8A99C2963987F448619374BEA7E9.e.15565"},"getText",[]]}
COMMAND: POST /session/582ce5f850a124cd0c5f6fc14f02a0d2/element - {"using":"css selector","value":"#shell-header-logo"}
RESULT: {"using":"css selector","value":"#shell-header-logo"}
COMMAND: POST /session/582ce5f850a124cd0c5f6fc14f02a0d2/element/f.92142B0E1996143B500ED3F2A7F6BA2F.d.00EB8A99C2963987F448619374BEA7E9.e.14870/click - {}
RESULT: {}
COMMAND: GET /session/582ce5f850a124cd0c5f6fc14f02a0d2/screenshot - {}
RESULT: {}
]]></system-out>
    </testcase>
    <testcase classname="chrome.135_0_7049_96.windows.Return_from_Site_w/_warehouse_management_w/_clarification_US125588" name="Should create WHM site" time="69.106">
      <system-out><![CDATA[
COMMAND: POST /session/582ce5f850a124cd0c5f6fc14f02a0d2/execute/async - {"script":"<script> [1562 bytes]","args":[{"selector":{"controlType":"sap.m.GenericTile","properties":{"header":"Manage Sites"}},"wdio_ui5_key":"sapm.GenericTile{\"header\":\"Manage Sites\"}"}]}
RESULT: {"script":"<script> [1562 bytes]","args":[{"selector":{"controlType":"sap.m.GenericTile","properties":{"header":"Manage Sites"}},"wdio_ui5_key":"sapm.GenericTile{\"header\":\"Manage Sites\"}"}]}
RESULT: undefined
COMMAND: POST /session/582ce5f850a124cd0c5f6fc14f02a0d2/element - {"using":"xpath","value":"//*[@id=\"__tile40\"]"}
RESULT: {"using":"xpath","value":"//*[@id=\"__tile40\"]"}
COMMAND: POST /session/582ce5f850a124cd0c5f6fc14f02a0d2/element/f.92142B0E1996143B500ED3F2A7F6BA2F.d.00EB8A99C2963987F448619374BEA7E9.e.15567/click - {}
RESULT: {}
COMMAND: GET /session/582ce5f850a124cd0c5f6fc14f02a0d2/screenshot - {}
RESULT: {}
COMMAND: POST /session/582ce5f850a124cd0c5f6fc14f02a0d2/execute/async - {"script":"<script> [1562 bytes]","args":[{"selector":{"controlType":"sap.ui.core.Icon","viewName":"etm.portal.ui.managesites.view.Master","viewId":"application-managesites-display-component---masterSite","properties":{"src":{"regex":{"source":"add"}}}},"wdio_ui5_key":"etmportal.ui.managesites.view.Mastersap.ui.core.Icon{\"src\":{\"regex\":{\"source\":\"add\"}}}"}]}
RESULT: {"script":"<script> [1562 bytes]","args":[{"selector":{"controlType":"sap.ui.core.Icon","viewName":"etm.portal.ui.managesites.view.Master","viewId":"application-managesites-display-component---masterSite","properties":{"src":{"regex":{"source":"add"}}}},"wdio_ui5_key":"etmportal.ui.managesites.view.Mastersap.ui.core.Icon{\"src\":{\"regex\":{\"source\":\"add\"}}}"}]}
RESULT: undefined
COMMAND: POST /session/582ce5f850a124cd0c5f6fc14f02a0d2/element - {"using":"xpath","value":"//*[@id=\"__button64-img\"]"}
RESULT: {"using":"xpath","value":"//*[@id=\"__button64-img\"]"}
COMMAND: POST /session/582ce5f850a124cd0c5f6fc14f02a0d2/element/f.92142B0E1996143B500ED3F2A7F6BA2F.d.00EB8A99C2963987F448619374BEA7E9.e.15615/click - {}
RESULT: {}
COMMAND: GET /session/582ce5f850a124cd0c5f6fc14f02a0d2/screenshot - {}
COMMAND: POST /session/582ce5f850a124cd0c5f6fc14f02a0d2/execute/async - {"script":"<script> [1562 bytes]","args":[{"selector":{"controlType":"sap.m.Button","viewName":"etm.portal.ui.managesites.view.NewSmartSite","viewId":"application-managesites-display-component---NewSite","properties":{"text":"General Information"},"interaction":{"idSuffix":"BDI-content"}},"wdio_ui5_key":"etmportal.ui.managesites.view.NewSmartSitesap.m.Button{\"text\":\"General Information\"}"}]}
RESULT: {}
RESULT: {"script":"<script> [1562 bytes]","args":[{"selector":{"controlType":"sap.m.Button","viewName":"etm.portal.ui.managesites.view.NewSmartSite","viewId":"application-managesites-display-component---NewSite","properties":{"text":"General Information"},"interaction":{"idSuffix":"BDI-content"}},"wdio_ui5_key":"etmportal.ui.managesites.view.NewSmartSitesap.m.Button{\"text\":\"General Information\"}"}]}
RESULT: undefined
COMMAND: POST /session/582ce5f850a124cd0c5f6fc14f02a0d2/element - {"using":"xpath","value":"//*[@id=\"application-managesites-display-component---NewSite--ObjectPageLayout-anchBar-__section31-anchor\"]"}
RESULT: {"using":"xpath","value":"//*[@id=\"application-managesites-display-component---NewSite--ObjectPageLayout-anchBar-__section31-anchor\"]"}
COMMAND: POST /session/582ce5f850a124cd0c5f6fc14f02a0d2/element/f.92142B0E1996143B500ED3F2A7F6BA2F.d.00EB8A99C2963987F448619374BEA7E9.e.16007/click - {}
RESULT: {}
COMMAND: POST /session/582ce5f850a124cd0c5f6fc14f02a0d2/execute/async - {"script":"<script> [1562 bytes]","args":[{"selector":{"id":"application-managesites-display-component---NewSite--addressDetailDetailsName1","interaction":{"idSuffix":"inner"}},"wdio_ui5_key":"applicationmanagesites-display-component---NewSite--addressDetailDetailsName1"}]}
COMMAND: GET /session/582ce5f850a124cd0c5f6fc14f02a0d2/screenshot - {}
RESULT: {"script":"<script> [1562 bytes]","args":[{"selector":{"id":"application-managesites-display-component---NewSite--addressDetailDetailsName1","interaction":{"idSuffix":"inner"}},"wdio_ui5_key":"applicationmanagesites-display-component---NewSite--addressDetailDetailsName1"}]}
RESULT: undefined
COMMAND: POST /session/582ce5f850a124cd0c5f6fc14f02a0d2/execute/async - {"script":"<script> [776 bytes]","args":[{"enterText":"WDI5 WHM Site","selector":{"id":"application-managesites-display-component---NewSite--addressDetailDetailsName1","interaction":{"idSuffix":"inner"}},"clearTextFirst":true,"interactionType":"ENTER_TEXT"}]}
RESULT: {}
RESULT: {"script":"<script> [776 bytes]","args":[{"enterText":"WDI5 WHM Site","selector":{"id":"application-managesites-display-component---NewSite--addressDetailDetailsName1","interaction":{"idSuffix":"inner"}},"clearTextFirst":true,"interactionType":"ENTER_TEXT"}]}
COMMAND: POST /session/582ce5f850a124cd0c5f6fc14f02a0d2/execute/async - {"script":"<script> [1562 bytes]","args":[{"selector":{"id":"application-managesites-display-component---NewSite--addressDetailDetailsLanguage","interaction":{"idSuffix":"inner"}},"wdio_ui5_key":"applicationmanagesites-display-component---NewSite--addressDetailDetailsLanguage"}]}
RESULT: {"script":"<script> [1562 bytes]","args":[{"selector":{"id":"application-managesites-display-component---NewSite--addressDetailDetailsLanguage","interaction":{"idSuffix":"inner"}},"wdio_ui5_key":"applicationmanagesites-display-component---NewSite--addressDetailDetailsLanguage"}]}
RESULT: undefined
COMMAND: POST /session/582ce5f850a124cd0c5f6fc14f02a0d2/execute/async - {"script":"<script> [776 bytes]","args":[{"enterText":"Romanian","selector":{"id":"application-managesites-display-component---NewSite--addressDetailDetailsLanguage","interaction":{"idSuffix":"inner"}},"clearTextFirst":true,"interactionType":"ENTER_TEXT"}]}
RESULT: {"script":"<script> [776 bytes]","args":[{"enterText":"Romanian","selector":{"id":"application-managesites-display-component---NewSite--addressDetailDetailsLanguage","interaction":{"idSuffix":"inner"}},"clearTextFirst":true,"interactionType":"ENTER_TEXT"}]}
COMMAND: POST /session/582ce5f850a124cd0c5f6fc14f02a0d2/execute/async - {"script":"<script> [1562 bytes]","args":[{"selector":{"id":"application-managesites-display-component---NewSite--addressDetailDetailsCity1","interaction":{"idSuffix":"inner"}},"wdio_ui5_key":"applicationmanagesites-display-component---NewSite--addressDetailDetailsCity1"}]}
RESULT: {"script":"<script> [1562 bytes]","args":[{"selector":{"id":"application-managesites-display-component---NewSite--addressDetailDetailsCity1","interaction":{"idSuffix":"inner"}},"wdio_ui5_key":"applicationmanagesites-display-component---NewSite--addressDetailDetailsCity1"}]}
RESULT: undefined
COMMAND: POST /session/582ce5f850a124cd0c5f6fc14f02a0d2/execute/async - {"script":"<script> [776 bytes]","args":[{"enterText":"Bucharest","selector":{"id":"application-managesites-display-component---NewSite--addressDetailDetailsCity1","interaction":{"idSuffix":"inner"}},"clearTextFirst":true,"interactionType":"ENTER_TEXT"}]}
RESULT: {"script":"<script> [776 bytes]","args":[{"enterText":"Bucharest","selector":{"id":"application-managesites-display-component---NewSite--addressDetailDetailsCity1","interaction":{"idSuffix":"inner"}},"clearTextFirst":true,"interactionType":"ENTER_TEXT"}]}
COMMAND: POST /session/582ce5f850a124cd0c5f6fc14f02a0d2/execute/async - {"script":"<script> [1562 bytes]","args":[{"selector":{"id":"application-managesites-display-component---NewSite--addressDetailDetailsCountry","interaction":{"idSuffix":"inner"}},"wdio_ui5_key":"applicationmanagesites-display-component---NewSite--addressDetailDetailsCountry"}]}
RESULT: {"script":"<script> [1562 bytes]","args":[{"selector":{"id":"application-managesites-display-component---NewSite--addressDetailDetailsCountry","interaction":{"idSuffix":"inner"}},"wdio_ui5_key":"applicationmanagesites-display-component---NewSite--addressDetailDetailsCountry"}]}
RESULT: undefined
COMMAND: POST /session/582ce5f850a124cd0c5f6fc14f02a0d2/execute/async - {"script":"<script> [6424 bytes]","args":[{"element-6066-11e4-a52e-4f735466cecf":"f.92142B0E1996143B500ED3F2A7F6BA2F.d.00EB8A99C2963987F448619374BEA7E9.e.15806"},"setValue",["Romania"]]}
RESULT: {"script":"<script> [6424 bytes]","args":[{"element-6066-11e4-a52e-4f735466cecf":"f.92142B0E1996143B500ED3F2A7F6BA2F.d.00EB8A99C2963987F448619374BEA7E9.e.15806"},"setValue",["Romania"]]}
COMMAND: POST /session/582ce5f850a124cd0c5f6fc14f02a0d2/execute/async - {"script":"<script> [1562 bytes]","args":[{"selector":{"id":"application-managesites-display-component---NewSite--addressDetailDetailsCalendar","interaction":{"idSuffix":"inner"}},"wdio_ui5_key":"applicationmanagesites-display-component---NewSite--addressDetailDetailsCalendar"}]}
RESULT: {"script":"<script> [1562 bytes]","args":[{"selector":{"id":"application-managesites-display-component---NewSite--addressDetailDetailsCalendar","interaction":{"idSuffix":"inner"}},"wdio_ui5_key":"applicationmanagesites-display-component---NewSite--addressDetailDetailsCalendar"}]}
RESULT: undefined
COMMAND: POST /session/582ce5f850a124cd0c5f6fc14f02a0d2/execute/async - {"script":"<script> [776 bytes]","args":[{"enterText":"8 - Germany (Standard)","selector":{"id":"application-managesites-display-component---NewSite--addressDetailDetailsCalendar","interaction":{"idSuffix":"inner"}},"clearTextFirst":true,"interactionType":"ENTER_TEXT"}]}
RESULT: {"script":"<script> [776 bytes]","args":[{"enterText":"8 - Germany (Standard)","selector":{"id":"application-managesites-display-component---NewSite--addressDetailDetailsCalendar","interaction":{"idSuffix":"inner"}},"clearTextFirst":true,"interactionType":"ENTER_TEXT"}]}
COMMAND: POST /session/582ce5f850a124cd0c5f6fc14f02a0d2/element - {"using":"xpath","value":"//input[@id=\"application-managesites-display-component---NewSite--addressDetailDetailsYard-inner\"]"}
RESULT: {"using":"xpath","value":"//input[@id=\"application-managesites-display-component---NewSite--addressDetailDetailsYard-inner\"]"}
COMMAND: POST /session/582ce5f850a124cd0c5f6fc14f02a0d2/element/f.92142B0E1996143B500ED3F2A7F6BA2F.d.00EB8A99C2963987F448619374BEA7E9.e.15817/clear - {}
RESULT: {}
COMMAND: POST /session/582ce5f850a124cd0c5f6fc14f02a0d2/element/f.92142B0E1996143B500ED3F2A7F6BA2F.d.00EB8A99C2963987F448619374BEA7E9.e.15817/value - {"text":"418"}
COMMAND: GET /session/582ce5f850a124cd0c5f6fc14f02a0d2/screenshot - {}
RESULT: {"text":"418"}
COMMAND: GET /session/582ce5f850a124cd0c5f6fc14f02a0d2/screenshot - {}
RESULT: {}
RESULT: {}
COMMAND: POST /session/582ce5f850a124cd0c5f6fc14f02a0d2/execute/async - {"script":"<script> [1562 bytes]","args":[{"selector":{"controlType":"sap.m.Button","viewName":"etm.portal.ui.managesites.view.NewSmartSite","viewId":"application-managesites-display-component---NewSite","properties":{"text":"Commercial"},"interaction":{"idSuffix":"BDI-content"}},"wdio_ui5_key":"etmportal.ui.managesites.view.NewSmartSitesap.m.Button{\"text\":\"Commercial\"}"}]}
RESULT: {"script":"<script> [1562 bytes]","args":[{"selector":{"controlType":"sap.m.Button","viewName":"etm.portal.ui.managesites.view.NewSmartSite","viewId":"application-managesites-display-component---NewSite","properties":{"text":"Commercial"},"interaction":{"idSuffix":"BDI-content"}},"wdio_ui5_key":"etmportal.ui.managesites.view.NewSmartSitesap.m.Button{\"text\":\"Commercial\"}"}]}
RESULT: undefined
COMMAND: POST /session/582ce5f850a124cd0c5f6fc14f02a0d2/element - {"using":"xpath","value":"//*[@id=\"application-managesites-display-component---NewSite--ObjectPageLayout-anchBar-__section33-anchor\"]"}
RESULT: {"using":"xpath","value":"//*[@id=\"application-managesites-display-component---NewSite--ObjectPageLayout-anchBar-__section33-anchor\"]"}
COMMAND: POST /session/582ce5f850a124cd0c5f6fc14f02a0d2/element/f.92142B0E1996143B500ED3F2A7F6BA2F.d.00EB8A99C2963987F448619374BEA7E9.e.16016/click - {}
RESULT: {}
COMMAND: POST /session/582ce5f850a124cd0c5f6fc14f02a0d2/execute/async - {"script":"<script> [1562 bytes]","args":[{"selector":{"id":"application-managesites-display-component---NewSite--siteWhmCheckBox-label","interaction":{"idSuffix":"bdi"}},"wdio_ui5_key":"applicationmanagesites-display-component---NewSite--siteWhmCheckBox-label"}]}
COMMAND: GET /session/582ce5f850a124cd0c5f6fc14f02a0d2/screenshot - {}
RESULT: {"script":"<script> [1562 bytes]","args":[{"selector":{"id":"application-managesites-display-component---NewSite--siteWhmCheckBox-label","interaction":{"idSuffix":"bdi"}},"wdio_ui5_key":"applicationmanagesites-display-component---NewSite--siteWhmCheckBox-label"}]}
RESULT: undefined
COMMAND: POST /session/582ce5f850a124cd0c5f6fc14f02a0d2/element - {"using":"xpath","value":"//*[@id=\"application-managesites-display-component---NewSite--siteWhmCheckBox-label\"]"}
RESULT: {}
RESULT: {"using":"xpath","value":"//*[@id=\"application-managesites-display-component---NewSite--siteWhmCheckBox-label\"]"}
COMMAND: POST /session/582ce5f850a124cd0c5f6fc14f02a0d2/element/f.92142B0E1996143B500ED3F2A7F6BA2F.d.00EB8A99C2963987F448619374BEA7E9.e.16027/click - {}
RESULT: {}
COMMAND: POST /session/582ce5f850a124cd0c5f6fc14f02a0d2/execute/async - {"script":"<script> [1562 bytes]","args":[{"selector":{"controlType":"sap.m.Button","viewName":"etm.portal.ui.managesites.view.NewSmartSite","viewId":"application-managesites-display-component---NewSite","i18NText":{"propertyName":"text","key":"save"},"interaction":{"idSuffix":"BDI-content"}},"wdio_ui5_key":"etmportal.ui.managesites.view.NewSmartSitesap.m.Button{\"propertyName\":\"text\",\"key\":\"save\"}"}]}
COMMAND: GET /session/582ce5f850a124cd0c5f6fc14f02a0d2/screenshot - {}
RESULT: {"script":"<script> [1562 bytes]","args":[{"selector":{"controlType":"sap.m.Button","viewName":"etm.portal.ui.managesites.view.NewSmartSite","viewId":"application-managesites-display-component---NewSite","i18NText":{"propertyName":"text","key":"save"},"interaction":{"idSuffix":"BDI-content"}},"wdio_ui5_key":"etmportal.ui.managesites.view.NewSmartSitesap.m.Button{\"propertyName\":\"text\",\"key\":\"save\"}"}]}
RESULT: undefined
COMMAND: POST /session/582ce5f850a124cd0c5f6fc14f02a0d2/element - {"using":"xpath","value":"//*[@id=\"__button76\"]"}
RESULT: {}
RESULT: {"using":"xpath","value":"//*[@id=\"__button76\"]"}
COMMAND: POST /session/582ce5f850a124cd0c5f6fc14f02a0d2/element/f.92142B0E1996143B500ED3F2A7F6BA2F.d.00EB8A99C2963987F448619374BEA7E9.e.15993/click - {}
RESULT: {}
COMMAND: GET /session/582ce5f850a124cd0c5f6fc14f02a0d2/screenshot - {}
RESULT: {}
COMMAND: POST /session/582ce5f850a124cd0c5f6fc14f02a0d2/execute/async - {"script":"<script> [1562 bytes]","args":[{"selector":{"controlType":"sap.m.Text","viewName":"etm.portal.ui.managesites.view.Detail","viewId":"application-managesites-display-component---detailSite","bindingPath":{"propertyPath":"ID","modelName":"catalogModel"}},"wdio_ui5_key":"etmportal.ui.managesites.view.Detailsap.m.Text{\"propertyPath\":\"ID\",\"modelName\":\"catalogModel\"}"}]}
RESULT: {"script":"<script> [1562 bytes]","args":[{"selector":{"controlType":"sap.m.Text","viewName":"etm.portal.ui.managesites.view.Detail","viewId":"application-managesites-display-component---detailSite","bindingPath":{"propertyPath":"ID","modelName":"catalogModel"}},"wdio_ui5_key":"etmportal.ui.managesites.view.Detailsap.m.Text{\"propertyPath\":\"ID\",\"modelName\":\"catalogModel\"}"}]}
RESULT: undefined
COMMAND: POST /session/582ce5f850a124cd0c5f6fc14f02a0d2/execute/async - {"script":"<script> [6424 bytes]","args":[{"element-6066-11e4-a52e-4f735466cecf":"f.92142B0E1996143B500ED3F2A7F6BA2F.d.00EB8A99C2963987F448619374BEA7E9.e.16218"},"getText",[]]}
RESULT: {"script":"<script> [6424 bytes]","args":[{"element-6066-11e4-a52e-4f735466cecf":"f.92142B0E1996143B500ED3F2A7F6BA2F.d.00EB8A99C2963987F448619374BEA7E9.e.16218"},"getText",[]]}
COMMAND: POST /session/582ce5f850a124cd0c5f6fc14f02a0d2/execute/async - {"script":"<script> [1562 bytes]","args":[{"selector":{"controlType":"sap.m.Label","viewName":"etm.portal.ui.managesites.view.Detail","viewId":"application-managesites-display-component---detailSite","i18NText":{"propertyName":"text","key":"status"}},"wdio_ui5_key":"etmportal.ui.managesites.view.Detailsap.m.Label{\"propertyName\":\"text\",\"key\":\"status\"}"}]}
RESULT: {"script":"<script> [1562 bytes]","args":[{"selector":{"controlType":"sap.m.Label","viewName":"etm.portal.ui.managesites.view.Detail","viewId":"application-managesites-display-component---detailSite","i18NText":{"propertyName":"text","key":"status"}},"wdio_ui5_key":"etmportal.ui.managesites.view.Detailsap.m.Label{\"propertyName\":\"text\",\"key\":\"status\"}"}]}
RESULT: undefined
COMMAND: POST /session/582ce5f850a124cd0c5f6fc14f02a0d2/execute/async - {"script":"<script> [6424 bytes]","args":[{"element-6066-11e4-a52e-4f735466cecf":"f.92142B0E1996143B500ED3F2A7F6BA2F.d.00EB8A99C2963987F448619374BEA7E9.e.16206"},"getText",[]]}
RESULT: {"script":"<script> [6424 bytes]","args":[{"element-6066-11e4-a52e-4f735466cecf":"f.92142B0E1996143B500ED3F2A7F6BA2F.d.00EB8A99C2963987F448619374BEA7E9.e.16206"},"getText",[]]}
RESULT: undefined
COMMAND: POST /session/582ce5f850a124cd0c5f6fc14f02a0d2/element - {"using":"xpath","value":"//*[@id=\"shell-header\"]"}
RESULT: {"using":"xpath","value":"//*[@id=\"shell-header\"]"}
COMMAND: POST /session/582ce5f850a124cd0c5f6fc14f02a0d2/element/f.92142B0E1996143B500ED3F2A7F6BA2F.d.00EB8A99C2963987F448619374BEA7E9.e.16219/click - {}
RESULT: {}
COMMAND: POST /session/582ce5f850a124cd0c5f6fc14f02a0d2/element - {"using":"css selector","value":"#shell-header-logo"}
COMMAND: GET /session/582ce5f850a124cd0c5f6fc14f02a0d2/screenshot - {}
RESULT: {"using":"css selector","value":"#shell-header-logo"}
COMMAND: POST /session/582ce5f850a124cd0c5f6fc14f02a0d2/element/f.92142B0E1996143B500ED3F2A7F6BA2F.d.00EB8A99C2963987F448619374BEA7E9.e.15571/click - {}
RESULT: {}
RESULT: {}
]]></system-out>
    </testcase>
    <testcase classname="chrome.135_0_7049_96.windows.Return_from_Site_w/_warehouse_management_w/_clarification_US125588" name="Should create WHM Partner" time="72.575">
      <system-out><![CDATA[
COMMAND: POST /session/582ce5f850a124cd0c5f6fc14f02a0d2/execute/async - {"script":"<script> [1562 bytes]","args":[{"selector":{"controlType":"sap.m.GenericTile","properties":{"header":"Manage Partners"}},"wdio_ui5_key":"sapm.GenericTile{\"header\":\"Manage Partners\"}"}]}
COMMAND: GET /session/582ce5f850a124cd0c5f6fc14f02a0d2/screenshot - {}
RESULT: {"script":"<script> [1562 bytes]","args":[{"selector":{"controlType":"sap.m.GenericTile","properties":{"header":"Manage Partners"}},"wdio_ui5_key":"sapm.GenericTile{\"header\":\"Manage Partners\"}"}]}
RESULT: undefined
COMMAND: POST /session/582ce5f850a124cd0c5f6fc14f02a0d2/element - {"using":"xpath","value":"//*[@id=\"__tile38\"]"}
RESULT: {}
RESULT: {"using":"xpath","value":"//*[@id=\"__tile38\"]"}
COMMAND: POST /session/582ce5f850a124cd0c5f6fc14f02a0d2/element/f.92142B0E1996143B500ED3F2A7F6BA2F.d.00EB8A99C2963987F448619374BEA7E9.e.16224/click - {}
RESULT: {}
COMMAND: GET /session/582ce5f850a124cd0c5f6fc14f02a0d2/screenshot - {}
COMMAND: POST /session/582ce5f850a124cd0c5f6fc14f02a0d2/element - {"using":"xpath","value":"//button[(@data-kt = 'addButton')]"}
RESULT: {}
RESULT: {"using":"xpath","value":"//button[(@data-kt = 'addButton')]"}
COMMAND: POST /session/582ce5f850a124cd0c5f6fc14f02a0d2/elements - {"using":"xpath","value":"//button[(@data-kt = 'addButton')]"}
RESULT: {"using":"xpath","value":"//button[(@data-kt = 'addButton')]"}
COMMAND: POST /session/582ce5f850a124cd0c5f6fc14f02a0d2/elements - {"using":"xpath","value":"//button[(@data-kt = 'addButton')]"}
RESULT: {"using":"xpath","value":"//button[(@data-kt = 'addButton')]"}
COMMAND: POST /session/582ce5f850a124cd0c5f6fc14f02a0d2/elements - {"using":"xpath","value":"//button[(@data-kt = 'addButton')]"}
RESULT: {"using":"xpath","value":"//button[(@data-kt = 'addButton')]"}
COMMAND: POST /session/582ce5f850a124cd0c5f6fc14f02a0d2/elements - {"using":"xpath","value":"//button[(@data-kt = 'addButton')]"}
RESULT: {"using":"xpath","value":"//button[(@data-kt = 'addButton')]"}
COMMAND: POST /session/582ce5f850a124cd0c5f6fc14f02a0d2/element - {"using":"xpath","value":"//button[(@data-kt = 'addButton')]"}
RESULT: {"using":"xpath","value":"//button[(@data-kt = 'addButton')]"}
COMMAND: POST /session/582ce5f850a124cd0c5f6fc14f02a0d2/element/f.92142B0E1996143B500ED3F2A7F6BA2F.d.00EB8A99C2963987F448619374BEA7E9.e.16274/click - {}
RESULT: {}
COMMAND: POST /session/582ce5f850a124cd0c5f6fc14f02a0d2/execute/async - {"script":"<script> [1562 bytes]","args":[{"selector":{"id":"application-managepartners-display-component---NewPartner--addressDetailDetailsName1","interaction":{"idSuffix":"inner"}},"wdio_ui5_key":"applicationmanagepartners-display-component---NewPartner--addressDetailDetailsName1"}]}
COMMAND: GET /session/582ce5f850a124cd0c5f6fc14f02a0d2/screenshot - {}
RESULT: {"script":"<script> [1562 bytes]","args":[{"selector":{"id":"application-managepartners-display-component---NewPartner--addressDetailDetailsName1","interaction":{"idSuffix":"inner"}},"wdio_ui5_key":"applicationmanagepartners-display-component---NewPartner--addressDetailDetailsName1"}]}
RESULT: undefined
COMMAND: POST /session/582ce5f850a124cd0c5f6fc14f02a0d2/execute/async - {"script":"<script> [776 bytes]","args":[{"enterText":"WDI5-Partners","selector":{"id":"application-managepartners-display-component---NewPartner--addressDetailDetailsName1","interaction":{"idSuffix":"inner"}},"clearTextFirst":true,"interactionType":"ENTER_TEXT"}]}
RESULT: {}
RESULT: {"script":"<script> [776 bytes]","args":[{"enterText":"WDI5-Partners","selector":{"id":"application-managepartners-display-component---NewPartner--addressDetailDetailsName1","interaction":{"idSuffix":"inner"}},"clearTextFirst":true,"interactionType":"ENTER_TEXT"}]}
COMMAND: POST /session/582ce5f850a124cd0c5f6fc14f02a0d2/execute/async - {"script":"<script> [1562 bytes]","args":[{"selector":{"id":"application-managepartners-display-component---NewPartner--addressDetailDetailsLanguage-arrow"},"wdio_ui5_key":"applicationmanagepartners-display-component---NewPartner--addressDetailDetailsLanguage-arrow"}]}
RESULT: {"script":"<script> [1562 bytes]","args":[{"selector":{"id":"application-managepartners-display-component---NewPartner--addressDetailDetailsLanguage-arrow"},"wdio_ui5_key":"applicationmanagepartners-display-component---NewPartner--addressDetailDetailsLanguage-arrow"}]}
RESULT: undefined
COMMAND: POST /session/582ce5f850a124cd0c5f6fc14f02a0d2/element - {"using":"xpath","value":"//*[@id=\"application-managepartners-display-component---NewPartner--addressDetailDetailsLanguage-arrow\"]"}
RESULT: {"using":"xpath","value":"//*[@id=\"application-managepartners-display-component---NewPartner--addressDetailDetailsLanguage-arrow\"]"}
COMMAND: POST /session/582ce5f850a124cd0c5f6fc14f02a0d2/element/f.92142B0E1996143B500ED3F2A7F6BA2F.d.00EB8A99C2963987F448619374BEA7E9.e.16692/click - {}
RESULT: {}
COMMAND: POST /session/582ce5f850a124cd0c5f6fc14f02a0d2/execute/async - {"script":"<script> [1562 bytes]","args":[{"selector":{"controlType":"sap.m.StandardListItem","viewName":"etm.portal.ui.managepartners.view.NewPartner","viewId":"application-managepartners-display-component---NewPartner","properties":{"title":"English"},"searchOpenDialogs":true,"interaction":{"idSuffix":"content"}},"wdio_ui5_key":"etmportal.ui.managepartners.view.NewPartnersap.m.StandardListItem{\"title\":\"English\"}"}]}
COMMAND: GET /session/582ce5f850a124cd0c5f6fc14f02a0d2/screenshot - {}
RESULT: {"script":"<script> [1562 bytes]","args":[{"selector":{"controlType":"sap.m.StandardListItem","viewName":"etm.portal.ui.managepartners.view.NewPartner","viewId":"application-managepartners-display-component---NewPartner","properties":{"title":"English"},"searchOpenDialogs":true,"interaction":{"idSuffix":"content"}},"wdio_ui5_key":"etmportal.ui.managepartners.view.NewPartnersap.m.StandardListItem{\"title\":\"English\"}"}]}
RESULT: undefined
COMMAND: POST /session/582ce5f850a124cd0c5f6fc14f02a0d2/element - {"using":"xpath","value":"//*[@id=\"__item1039\"]"}
RESULT: {}
RESULT: {"using":"xpath","value":"//*[@id=\"__item1039\"]"}
COMMAND: POST /session/582ce5f850a124cd0c5f6fc14f02a0d2/element/f.92142B0E1996143B500ED3F2A7F6BA2F.d.00EB8A99C2963987F448619374BEA7E9.e.16694/click - {}
RESULT: {}
COMMAND: POST /session/582ce5f850a124cd0c5f6fc14f02a0d2/execute/async - {"script":"<script> [1562 bytes]","args":[{"selector":{"id":"application-managepartners-display-component---NewPartner--addressDetailDetailsCity1","interaction":{"idSuffix":"inner"}},"wdio_ui5_key":"applicationmanagepartners-display-component---NewPartner--addressDetailDetailsCity1"}]}
COMMAND: GET /session/582ce5f850a124cd0c5f6fc14f02a0d2/screenshot - {}
RESULT: {"script":"<script> [1562 bytes]","args":[{"selector":{"id":"application-managepartners-display-component---NewPartner--addressDetailDetailsCity1","interaction":{"idSuffix":"inner"}},"wdio_ui5_key":"applicationmanagepartners-display-component---NewPartner--addressDetailDetailsCity1"}]}
RESULT: undefined
COMMAND: POST /session/582ce5f850a124cd0c5f6fc14f02a0d2/execute/async - {"script":"<script> [776 bytes]","args":[{"enterText":"Bangalore","selector":{"id":"application-managepartners-display-component---NewPartner--addressDetailDetailsCity1","interaction":{"idSuffix":"inner"}},"clearTextFirst":true,"interactionType":"ENTER_TEXT"}]}
RESULT: {}
RESULT: {"script":"<script> [776 bytes]","args":[{"enterText":"Bangalore","selector":{"id":"application-managepartners-display-component---NewPartner--addressDetailDetailsCity1","interaction":{"idSuffix":"inner"}},"clearTextFirst":true,"interactionType":"ENTER_TEXT"}]}
COMMAND: POST /session/582ce5f850a124cd0c5f6fc14f02a0d2/execute/async - {"script":"<script> [1562 bytes]","args":[{"selector":{"id":"application-managepartners-display-component---NewPartner--addressDetailDetailsCountry-arrow"},"wdio_ui5_key":"applicationmanagepartners-display-component---NewPartner--addressDetailDetailsCountry-arrow"}]}
RESULT: {"script":"<script> [1562 bytes]","args":[{"selector":{"id":"application-managepartners-display-component---NewPartner--addressDetailDetailsCountry-arrow"},"wdio_ui5_key":"applicationmanagepartners-display-component---NewPartner--addressDetailDetailsCountry-arrow"}]}
RESULT: undefined
COMMAND: POST /session/582ce5f850a124cd0c5f6fc14f02a0d2/element - {"using":"xpath","value":"//*[@id=\"application-managepartners-display-component---NewPartner--addressDetailDetailsCountry-arrow\"]"}
RESULT: {"using":"xpath","value":"//*[@id=\"application-managepartners-display-component---NewPartner--addressDetailDetailsCountry-arrow\"]"}
COMMAND: POST /session/582ce5f850a124cd0c5f6fc14f02a0d2/element/f.92142B0E1996143B500ED3F2A7F6BA2F.d.00EB8A99C2963987F448619374BEA7E9.e.16696/click - {}
RESULT: {}
COMMAND: POST /session/582ce5f850a124cd0c5f6fc14f02a0d2/execute/async - {"script":"<script> [1562 bytes]","args":[{"selector":{"id":"application-managepartners-display-component---NewPartner--addressDetailDetailsCountry","interaction":{"idSuffix":"inner"}},"wdio_ui5_key":"applicationmanagepartners-display-component---NewPartner--addressDetailDetailsCountry"}]}
COMMAND: GET /session/582ce5f850a124cd0c5f6fc14f02a0d2/screenshot - {}
RESULT: {"script":"<script> [1562 bytes]","args":[{"selector":{"id":"application-managepartners-display-component---NewPartner--addressDetailDetailsCountry","interaction":{"idSuffix":"inner"}},"wdio_ui5_key":"applicationmanagepartners-display-component---NewPartner--addressDetailDetailsCountry"}]}
RESULT: undefined
COMMAND: POST /session/582ce5f850a124cd0c5f6fc14f02a0d2/execute/async - {"script":"<script> [776 bytes]","args":[{"enterText":"India","selector":{"id":"application-managepartners-display-component---NewPartner--addressDetailDetailsCountry","interaction":{"idSuffix":"inner"}},"clearTextFirst":true,"interactionType":"ENTER_TEXT"}]}
RESULT: {}
RESULT: {"script":"<script> [776 bytes]","args":[{"enterText":"India","selector":{"id":"application-managepartners-display-component---NewPartner--addressDetailDetailsCountry","interaction":{"idSuffix":"inner"}},"clearTextFirst":true,"interactionType":"ENTER_TEXT"}]}
COMMAND: POST /session/582ce5f850a124cd0c5f6fc14f02a0d2/execute/async - {"script":"<script> [1562 bytes]","args":[{"selector":{"controlType":"sap.m.StandardListItem","viewName":"etm.portal.ui.managepartners.view.NewPartner","viewId":"application-managepartners-display-component---NewPartner","properties":{"title":"India"},"searchOpenDialogs":true,"interaction":{"idSuffix":"content"}},"wdio_ui5_key":"etmportal.ui.managepartners.view.NewPartnersap.m.StandardListItem{\"title\":\"India\"}"}]}
RESULT: {"script":"<script> [1562 bytes]","args":[{"selector":{"controlType":"sap.m.StandardListItem","viewName":"etm.portal.ui.managepartners.view.NewPartner","viewId":"application-managepartners-display-component---NewPartner","properties":{"title":"India"},"searchOpenDialogs":true,"interaction":{"idSuffix":"content"}},"wdio_ui5_key":"etmportal.ui.managepartners.view.NewPartnersap.m.StandardListItem{\"title\":\"India\"}"}]}
RESULT: undefined
COMMAND: POST /session/582ce5f850a124cd0c5f6fc14f02a0d2/execute/async - {"script":"<script> [1562 bytes]","args":[{"selector":{"controlType":"sap.m.Button","viewName":"etm.portal.ui.managepartners.view.NewPartner","viewId":"application-managepartners-display-component---NewPartner","properties":{"text":"Commercial"},"interaction":{"idSuffix":"BDI-content"}},"wdio_ui5_key":"etmportal.ui.managepartners.view.NewPartnersap.m.Button{\"text\":\"Commercial\"}"}]}
RESULT: {"script":"<script> [1562 bytes]","args":[{"selector":{"controlType":"sap.m.Button","viewName":"etm.portal.ui.managepartners.view.NewPartner","viewId":"application-managepartners-display-component---NewPartner","properties":{"text":"Commercial"},"interaction":{"idSuffix":"BDI-content"}},"wdio_ui5_key":"etmportal.ui.managepartners.view.NewPartnersap.m.Button{\"text\":\"Commercial\"}"}]}
RESULT: undefined
COMMAND: POST /session/582ce5f850a124cd0c5f6fc14f02a0d2/element - {"using":"xpath","value":"//*[@id=\"application-managepartners-display-component---NewPartner--ObjectPageLayout-anchBar-__section57-anchor\"]"}
RESULT: {"using":"xpath","value":"//*[@id=\"application-managepartners-display-component---NewPartner--ObjectPageLayout-anchBar-__section57-anchor\"]"}
COMMAND: POST /session/582ce5f850a124cd0c5f6fc14f02a0d2/element/f.92142B0E1996143B500ED3F2A7F6BA2F.d.00EB8A99C2963987F448619374BEA7E9.e.16701/click - {}
RESULT: {}
COMMAND: POST /session/582ce5f850a124cd0c5f6fc14f02a0d2/execute/async - {"script":"<script> [1562 bytes]","args":[{"selector":{"id":"application-managepartners-display-component---NewPartner--partnerDetailInternal-arrow"},"wdio_ui5_key":"applicationmanagepartners-display-component---NewPartner--partnerDetailInternal-arrow"}]}
COMMAND: GET /session/582ce5f850a124cd0c5f6fc14f02a0d2/screenshot - {}
RESULT: {"script":"<script> [1562 bytes]","args":[{"selector":{"id":"application-managepartners-display-component---NewPartner--partnerDetailInternal-arrow"},"wdio_ui5_key":"applicationmanagepartners-display-component---NewPartner--partnerDetailInternal-arrow"}]}
RESULT: undefined
COMMAND: POST /session/582ce5f850a124cd0c5f6fc14f02a0d2/element - {"using":"xpath","value":"//*[@id=\"application-managepartners-display-component---NewPartner--partnerDetailInternal-arrow\"]"}
RESULT: {}
RESULT: {"using":"xpath","value":"//*[@id=\"application-managepartners-display-component---NewPartner--partnerDetailInternal-arrow\"]"}
COMMAND: POST /session/582ce5f850a124cd0c5f6fc14f02a0d2/element/f.92142B0E1996143B500ED3F2A7F6BA2F.d.00EB8A99C2963987F448619374BEA7E9.e.16706/click - {}
RESULT: {}
COMMAND: POST /session/582ce5f850a124cd0c5f6fc14f02a0d2/execute/async - {"script":"<script> [1562 bytes]","args":[{"selector":{"controlType":"sap.m.StandardListItem","viewName":"etm.portal.ui.managepartners.view.NewPartner","viewId":"application-managepartners-display-component---NewPartner","properties":{"title":"External partner"},"searchOpenDialogs":true,"interaction":{"idSuffix":"content"}},"wdio_ui5_key":"etmportal.ui.managepartners.view.NewPartnersap.m.StandardListItem{\"title\":\"External partner\"}"}]}
COMMAND: GET /session/582ce5f850a124cd0c5f6fc14f02a0d2/screenshot - {}
RESULT: {"script":"<script> [1562 bytes]","args":[{"selector":{"controlType":"sap.m.StandardListItem","viewName":"etm.portal.ui.managepartners.view.NewPartner","viewId":"application-managepartners-display-component---NewPartner","properties":{"title":"External partner"},"searchOpenDialogs":true,"interaction":{"idSuffix":"content"}},"wdio_ui5_key":"etmportal.ui.managepartners.view.NewPartnersap.m.StandardListItem{\"title\":\"External partner\"}"}]}
RESULT: undefined
COMMAND: POST /session/582ce5f850a124cd0c5f6fc14f02a0d2/element - {"using":"xpath","value":"//*[@id=\"__item1173\"]"}
RESULT: {}
RESULT: {"using":"xpath","value":"//*[@id=\"__item1173\"]"}
COMMAND: POST /session/582ce5f850a124cd0c5f6fc14f02a0d2/element/f.92142B0E1996143B500ED3F2A7F6BA2F.d.00EB8A99C2963987F448619374BEA7E9.e.16708/click - {}
RESULT: {}
COMMAND: POST /session/582ce5f850a124cd0c5f6fc14f02a0d2/execute/async - {"script":"<script> [1562 bytes]","args":[{"selector":{"id":"application-managepartners-display-component---NewPartner--partnerDetailsCurrency-arrow"},"wdio_ui5_key":"applicationmanagepartners-display-component---NewPartner--partnerDetailsCurrency-arrow"}]}
COMMAND: GET /session/582ce5f850a124cd0c5f6fc14f02a0d2/screenshot - {}
RESULT: {"script":"<script> [1562 bytes]","args":[{"selector":{"id":"application-managepartners-display-component---NewPartner--partnerDetailsCurrency-arrow"},"wdio_ui5_key":"applicationmanagepartners-display-component---NewPartner--partnerDetailsCurrency-arrow"}]}
RESULT: undefined
COMMAND: POST /session/582ce5f850a124cd0c5f6fc14f02a0d2/element - {"using":"xpath","value":"//*[@id=\"application-managepartners-display-component---NewPartner--partnerDetailsCurrency-arrow\"]"}
RESULT: {}
RESULT: {"using":"xpath","value":"//*[@id=\"application-managepartners-display-component---NewPartner--partnerDetailsCurrency-arrow\"]"}
COMMAND: POST /session/582ce5f850a124cd0c5f6fc14f02a0d2/element/f.92142B0E1996143B500ED3F2A7F6BA2F.d.00EB8A99C2963987F448619374BEA7E9.e.16713/click - {}
RESULT: {}
COMMAND: POST /session/582ce5f850a124cd0c5f6fc14f02a0d2/execute/async - {"script":"<script> [1562 bytes]","args":[{"selector":{"controlType":"sap.m.StandardListItem","viewName":"etm.portal.ui.managepartners.view.NewPartner","viewId":"application-managepartners-display-component---NewPartner","properties":{"title":"Euro"},"searchOpenDialogs":true,"interaction":{"idSuffix":"content"}},"wdio_ui5_key":"etmportal.ui.managepartners.view.NewPartnersap.m.StandardListItem{\"title\":\"Euro\"}"}]}
COMMAND: GET /session/582ce5f850a124cd0c5f6fc14f02a0d2/screenshot - {}
RESULT: {"script":"<script> [1562 bytes]","args":[{"selector":{"controlType":"sap.m.StandardListItem","viewName":"etm.portal.ui.managepartners.view.NewPartner","viewId":"application-managepartners-display-component---NewPartner","properties":{"title":"Euro"},"searchOpenDialogs":true,"interaction":{"idSuffix":"content"}},"wdio_ui5_key":"etmportal.ui.managepartners.view.NewPartnersap.m.StandardListItem{\"title\":\"Euro\"}"}]}
RESULT: undefined
COMMAND: POST /session/582ce5f850a124cd0c5f6fc14f02a0d2/element - {"using":"xpath","value":"//*[@id=\"__item1175\"]"}
RESULT: {}
RESULT: {"using":"xpath","value":"//*[@id=\"__item1175\"]"}
COMMAND: POST /session/582ce5f850a124cd0c5f6fc14f02a0d2/element/f.92142B0E1996143B500ED3F2A7F6BA2F.d.00EB8A99C2963987F448619374BEA7E9.e.16715/click - {}
RESULT: {}
COMMAND: POST /session/582ce5f850a124cd0c5f6fc14f02a0d2/execute/async - {"script":"<script> [1562 bytes]","args":[{"selector":{"controlType":"sap.m.Button","viewName":"etm.portal.ui.managepartners.view.NewPartner","viewId":"application-managepartners-display-component---NewPartner","properties":{"text":"Assignments"},"interaction":{"idSuffix":"BDI-content"}},"wdio_ui5_key":"etmportal.ui.managepartners.view.NewPartnersap.m.Button{\"text\":\"Assignments\"}"}]}
COMMAND: GET /session/582ce5f850a124cd0c5f6fc14f02a0d2/screenshot - {}
RESULT: {"script":"<script> [1562 bytes]","args":[{"selector":{"controlType":"sap.m.Button","viewName":"etm.portal.ui.managepartners.view.NewPartner","viewId":"application-managepartners-display-component---NewPartner","properties":{"text":"Assignments"},"interaction":{"idSuffix":"BDI-content"}},"wdio_ui5_key":"etmportal.ui.managepartners.view.NewPartnersap.m.Button{\"text\":\"Assignments\"}"}]}
RESULT: undefined
COMMAND: POST /session/582ce5f850a124cd0c5f6fc14f02a0d2/element - {"using":"xpath","value":"//*[@id=\"application-managepartners-display-component---NewPartner--ObjectPageLayout-anchBar-__section61-anchor\"]"}
RESULT: {}
RESULT: {"using":"xpath","value":"//*[@id=\"application-managepartners-display-component---NewPartner--ObjectPageLayout-anchBar-__section61-anchor\"]"}
COMMAND: POST /session/582ce5f850a124cd0c5f6fc14f02a0d2/element/f.92142B0E1996143B500ED3F2A7F6BA2F.d.00EB8A99C2963987F448619374BEA7E9.e.16717/click - {}
RESULT: {}
COMMAND: POST /session/582ce5f850a124cd0c5f6fc14f02a0d2/execute/async - {"script":"<script> [1562 bytes]","args":[{"selector":{"id":"application-managepartners-display-component---NewPartner--btnAddTableRow","interaction":{"idSuffix":"inner"}},"wdio_ui5_key":"applicationmanagepartners-display-component---NewPartner--btnAddTableRow"}]}
COMMAND: GET /session/582ce5f850a124cd0c5f6fc14f02a0d2/screenshot - {}
RESULT: {"script":"<script> [1562 bytes]","args":[{"selector":{"id":"application-managepartners-display-component---NewPartner--btnAddTableRow","interaction":{"idSuffix":"inner"}},"wdio_ui5_key":"applicationmanagepartners-display-component---NewPartner--btnAddTableRow"}]}
RESULT: undefined
COMMAND: POST /session/582ce5f850a124cd0c5f6fc14f02a0d2/element - {"using":"xpath","value":"//*[@id=\"application-managepartners-display-component---NewPartner--btnAddTableRow\"]"}
RESULT: {}
RESULT: {"using":"xpath","value":"//*[@id=\"application-managepartners-display-component---NewPartner--btnAddTableRow\"]"}
COMMAND: POST /session/582ce5f850a124cd0c5f6fc14f02a0d2/element/f.92142B0E1996143B500ED3F2A7F6BA2F.d.00EB8A99C2963987F448619374BEA7E9.e.16722/click - {}
RESULT: {}
COMMAND: POST /session/582ce5f850a124cd0c5f6fc14f02a0d2/element - {"using":"css selector","value":"#application-managepartners-display-component---NewPartner--assignmentYard-application-managepartners-display-component---NewPartner--assignmentsTable-0-inner"}
COMMAND: GET /session/582ce5f850a124cd0c5f6fc14f02a0d2/screenshot - {}
RESULT: {"using":"css selector","value":"#application-managepartners-display-component---NewPartner--assignmentYard-application-managepartners-display-component---NewPartner--assignmentsTable-0-inner"}
COMMAND: POST /session/582ce5f850a124cd0c5f6fc14f02a0d2/element/f.92142B0E1996143B500ED3F2A7F6BA2F.d.00EB8A99C2963987F448619374BEA7E9.e.16725/clear - {}
RESULT: {}
RESULT: {}
COMMAND: POST /session/582ce5f850a124cd0c5f6fc14f02a0d2/element/f.92142B0E1996143B500ED3F2A7F6BA2F.d.00EB8A99C2963987F448619374BEA7E9.e.16725/value - {"text":"418"}
COMMAND: GET /session/582ce5f850a124cd0c5f6fc14f02a0d2/screenshot - {}
RESULT: {"text":"418"}
COMMAND: POST /session/582ce5f850a124cd0c5f6fc14f02a0d2/execute/async - {"script":"<script> [1562 bytes]","args":[{"selector":{"id":"application-managepartners-display-component---NewPartner--assignmentYard-application-managepartners-display-component---NewPartner--assignmentsTable-0-arrow"},"wdio_ui5_key":"applicationmanagepartners-display-component---NewPartner--assignmentYard-application-managepartners-display-component---NewPartner--assignmentsTable-0-arrow"}]}
COMMAND: GET /session/582ce5f850a124cd0c5f6fc14f02a0d2/screenshot - {}
RESULT: {}
RESULT: {"script":"<script> [1562 bytes]","args":[{"selector":{"id":"application-managepartners-display-component---NewPartner--assignmentYard-application-managepartners-display-component---NewPartner--assignmentsTable-0-arrow"},"wdio_ui5_key":"applicationmanagepartners-display-component---NewPartner--assignmentYard-application-managepartners-display-component---NewPartner--assignmentsTable-0-arrow"}]}
RESULT: undefined
COMMAND: POST /session/582ce5f850a124cd0c5f6fc14f02a0d2/element - {"using":"xpath","value":"//*[@id=\"application-managepartners-display-component---NewPartner--assignmentYard-application-managepartners-display-component---NewPartner--assignmentsTable-0-arrow\"]"}
RESULT: {}
RESULT: {"using":"xpath","value":"//*[@id=\"application-managepartners-display-component---NewPartner--assignmentYard-application-managepartners-display-component---NewPartner--assignmentsTable-0-arrow\"]"}
COMMAND: POST /session/582ce5f850a124cd0c5f6fc14f02a0d2/element/f.92142B0E1996143B500ED3F2A7F6BA2F.d.00EB8A99C2963987F448619374BEA7E9.e.16733/click - {}
RESULT: {}
COMMAND: GET /session/582ce5f850a124cd0c5f6fc14f02a0d2/screenshot - {}
RESULT: {}
COMMAND: POST /session/582ce5f850a124cd0c5f6fc14f02a0d2/execute/async - {"script":"<script> [1562 bytes]","args":[{"selector":{"controlType":"sap.m.Button","viewName":"etm.portal.ui.managepartners.view.NewPartner","viewId":"application-managepartners-display-component---NewPartner","i18NText":{"propertyName":"text","key":"save"},"interaction":{"idSuffix":"BDI-content"}},"wdio_ui5_key":"etmportal.ui.managepartners.view.NewPartnersap.m.Button{\"propertyName\":\"text\",\"key\":\"save\"}"}]}
RESULT: {"script":"<script> [1562 bytes]","args":[{"selector":{"controlType":"sap.m.Button","viewName":"etm.portal.ui.managepartners.view.NewPartner","viewId":"application-managepartners-display-component---NewPartner","i18NText":{"propertyName":"text","key":"save"},"interaction":{"idSuffix":"BDI-content"}},"wdio_ui5_key":"etmportal.ui.managepartners.view.NewPartnersap.m.Button{\"propertyName\":\"text\",\"key\":\"save\"}"}]}
RESULT: undefined
COMMAND: POST /session/582ce5f850a124cd0c5f6fc14f02a0d2/element - {"using":"xpath","value":"//*[@id=\"__button127\"]"}
RESULT: {"using":"xpath","value":"//*[@id=\"__button127\"]"}
COMMAND: POST /session/582ce5f850a124cd0c5f6fc14f02a0d2/element/f.92142B0E1996143B500ED3F2A7F6BA2F.d.00EB8A99C2963987F448619374BEA7E9.e.16673/click - {}
RESULT: {}
COMMAND: GET /session/582ce5f850a124cd0c5f6fc14f02a0d2/screenshot - {}
RESULT: {}
COMMAND: POST /session/582ce5f850a124cd0c5f6fc14f02a0d2/execute/async - {"script":"<script> [1562 bytes]","args":[{"selector":{"controlType":"sap.m.Text","viewName":"etm.portal.ui.managepartners.view.Detail","viewId":"application-managepartners-display-component---detailPtm","bindingPath":{"propertyPath":"ID","modelName":"catalogModel"}},"wdio_ui5_key":"etmportal.ui.managepartners.view.Detailsap.m.Text{\"propertyPath\":\"ID\",\"modelName\":\"catalogModel\"}"}]}
RESULT: {"script":"<script> [1562 bytes]","args":[{"selector":{"controlType":"sap.m.Text","viewName":"etm.portal.ui.managepartners.view.Detail","viewId":"application-managepartners-display-component---detailPtm","bindingPath":{"propertyPath":"ID","modelName":"catalogModel"}},"wdio_ui5_key":"etmportal.ui.managepartners.view.Detailsap.m.Text{\"propertyPath\":\"ID\",\"modelName\":\"catalogModel\"}"}]}
RESULT: undefined
COMMAND: POST /session/582ce5f850a124cd0c5f6fc14f02a0d2/execute/async - {"script":"<script> [6424 bytes]","args":[{"element-6066-11e4-a52e-4f735466cecf":"f.92142B0E1996143B500ED3F2A7F6BA2F.d.00EB8A99C2963987F448619374BEA7E9.e.16899"},"getText",[]]}
RESULT: {"script":"<script> [6424 bytes]","args":[{"element-6066-11e4-a52e-4f735466cecf":"f.92142B0E1996143B500ED3F2A7F6BA2F.d.00EB8A99C2963987F448619374BEA7E9.e.16899"},"getText",[]]}
COMMAND: POST /session/582ce5f850a124cd0c5f6fc14f02a0d2/element - {"using":"css selector","value":"#shell-header-logo"}
RESULT: {"using":"css selector","value":"#shell-header-logo"}
COMMAND: POST /session/582ce5f850a124cd0c5f6fc14f02a0d2/element/f.92142B0E1996143B500ED3F2A7F6BA2F.d.00EB8A99C2963987F448619374BEA7E9.e.16226/click - {}
RESULT: {}
]]></system-out>
    </testcase>
    <testcase classname="chrome.135_0_7049_96.windows.Return_from_Site_w/_warehouse_management_w/_clarification_US125588" name="Should create a new WHM Material" time="99.572">
      <system-out><![CDATA[
COMMAND: POST /session/582ce5f850a124cd0c5f6fc14f02a0d2/execute/async - {"script":"<script> [1562 bytes]","args":[{"selector":{"controlType":"sap.m.GenericTile","properties":{"header":"Manage Resources"}},"wdio_ui5_key":"sapm.GenericTile{\"header\":\"Manage Resources\"}"}]}
COMMAND: GET /session/582ce5f850a124cd0c5f6fc14f02a0d2/screenshot - {}
RESULT: {"script":"<script> [1562 bytes]","args":[{"selector":{"controlType":"sap.m.GenericTile","properties":{"header":"Manage Resources"}},"wdio_ui5_key":"sapm.GenericTile{\"header\":\"Manage Resources\"}"}]}
RESULT: undefined
COMMAND: POST /session/582ce5f850a124cd0c5f6fc14f02a0d2/element - {"using":"xpath","value":"//*[@id=\"__tile39\"]"}
RESULT: {}
RESULT: {"using":"xpath","value":"//*[@id=\"__tile39\"]"}
COMMAND: POST /session/582ce5f850a124cd0c5f6fc14f02a0d2/element/f.92142B0E1996143B500ED3F2A7F6BA2F.d.00EB8A99C2963987F448619374BEA7E9.e.16901/click - {}
RESULT: {}
COMMAND: POST /session/582ce5f850a124cd0c5f6fc14f02a0d2/execute/async - {"script":"<script> [1562 bytes]","args":[{"selector":{"controlType":"sap.m.OverflowToolbarButton","viewName":"etm.portal.ui.manageresources.view.Master","viewId":"application-manageresources-display-component---masterRU","bindingPath":{"path":"","propertyPath":"/isLogbook","modelName":"minimumStockRPGModel"},"interaction":{"idSuffix":"inner"}},"wdio_ui5_key":"etmportal.ui.manageresources.view.Mastersap.m.OverflowToolbarButton{\"path\":\"\",\"propertyPath\":\"/isLogbook\",\"modelName\":\"minimumStockRPGModel\"}"}]}
COMMAND: GET /session/582ce5f850a124cd0c5f6fc14f02a0d2/screenshot - {}
RESULT: {"script":"<script> [1562 bytes]","args":[{"selector":{"controlType":"sap.m.OverflowToolbarButton","viewName":"etm.portal.ui.manageresources.view.Master","viewId":"application-manageresources-display-component---masterRU","bindingPath":{"path":"","propertyPath":"/isLogbook","modelName":"minimumStockRPGModel"},"interaction":{"idSuffix":"inner"}},"wdio_ui5_key":"etmportal.ui.manageresources.view.Mastersap.m.OverflowToolbarButton{\"path\":\"\",\"propertyPath\":\"/isLogbook\",\"modelName\":\"minimumStockRPGModel\"}"}]}
RESULT: undefined
COMMAND: POST /session/582ce5f850a124cd0c5f6fc14f02a0d2/element - {"using":"xpath","value":"//*[@id=\"__button168\"]"}
RESULT: {}
RESULT: {"using":"xpath","value":"//*[@id=\"__button168\"]"}
COMMAND: POST /session/582ce5f850a124cd0c5f6fc14f02a0d2/element/f.92142B0E1996143B500ED3F2A7F6BA2F.d.00EB8A99C2963987F448619374BEA7E9.e.16942/click - {}
RESULT: {}
COMMAND: GET /session/582ce5f850a124cd0c5f6fc14f02a0d2/screenshot - {}
COMMAND: POST /session/582ce5f850a124cd0c5f6fc14f02a0d2/execute/async - {"script":"<script> [1562 bytes]","args":[{"selector":{"id":"application-manageresources-display-component---newResourceUnit--TYPE-arrow"},"wdio_ui5_key":"applicationmanageresources-display-component---newResourceUnit--TYPE-arrow"}]}
RESULT: {}
RESULT: {"script":"<script> [1562 bytes]","args":[{"selector":{"id":"application-manageresources-display-component---newResourceUnit--TYPE-arrow"},"wdio_ui5_key":"applicationmanageresources-display-component---newResourceUnit--TYPE-arrow"}]}
RESULT: undefined
COMMAND: POST /session/582ce5f850a124cd0c5f6fc14f02a0d2/element - {"using":"xpath","value":"//*[@id=\"application-manageresources-display-component---newResourceUnit--TYPE-arrow\"]"}
RESULT: {"using":"xpath","value":"//*[@id=\"application-manageresources-display-component---newResourceUnit--TYPE-arrow\"]"}
COMMAND: POST /session/582ce5f850a124cd0c5f6fc14f02a0d2/element/f.92142B0E1996143B500ED3F2A7F6BA2F.d.00EB8A99C2963987F448619374BEA7E9.e.17254/click - {}
RESULT: {}
COMMAND: POST /session/582ce5f850a124cd0c5f6fc14f02a0d2/execute/async - {"script":"<script> [1562 bytes]","args":[{"selector":{"controlType":"sap.m.StandardListItem","viewName":"reusables.view.manageresources.NewResourceUnit","viewId":"application-manageresources-display-component---newResourceUnit","properties":{"title":"Material"},"searchOpenDialogs":true,"interaction":{"idSuffix":"content"}},"wdio_ui5_key":"reusablesview.manageresources.NewResourceUnitsap.m.StandardListItem{\"title\":\"Material\"}"}]}
COMMAND: GET /session/582ce5f850a124cd0c5f6fc14f02a0d2/screenshot - {}
RESULT: {"script":"<script> [1562 bytes]","args":[{"selector":{"controlType":"sap.m.StandardListItem","viewName":"reusables.view.manageresources.NewResourceUnit","viewId":"application-manageresources-display-component---newResourceUnit","properties":{"title":"Material"},"searchOpenDialogs":true,"interaction":{"idSuffix":"content"}},"wdio_ui5_key":"reusablesview.manageresources.NewResourceUnitsap.m.StandardListItem{\"title\":\"Material\"}"}]}
RESULT: undefined
COMMAND: POST /session/582ce5f850a124cd0c5f6fc14f02a0d2/element - {"using":"xpath","value":"//*[@id=\"__item1448\"]"}
RESULT: {}
RESULT: {"using":"xpath","value":"//*[@id=\"__item1448\"]"}
COMMAND: POST /session/582ce5f850a124cd0c5f6fc14f02a0d2/element/f.92142B0E1996143B500ED3F2A7F6BA2F.d.00EB8A99C2963987F448619374BEA7E9.e.17257/click - {}
RESULT: {}
COMMAND: POST /session/582ce5f850a124cd0c5f6fc14f02a0d2/execute/async - {"script":"<script> [1562 bytes]","args":[{"selector":{"id":"application-manageresources-display-component---newResourceUnit--resourceId","interaction":{"idSuffix":"inner"}},"wdio_ui5_key":"applicationmanageresources-display-component---newResourceUnit--resourceId"}]}
COMMAND: GET /session/582ce5f850a124cd0c5f6fc14f02a0d2/screenshot - {}
RESULT: {"script":"<script> [1562 bytes]","args":[{"selector":{"id":"application-manageresources-display-component---newResourceUnit--resourceId","interaction":{"idSuffix":"inner"}},"wdio_ui5_key":"applicationmanageresources-display-component---newResourceUnit--resourceId"}]}
RESULT: undefined
COMMAND: POST /session/582ce5f850a124cd0c5f6fc14f02a0d2/execute/async - {"script":"<script> [1562 bytes]","args":[{"selector":{"id":"application-manageresources-display-component---newResourceUnit--SHORT_TEXT","interaction":{"idSuffix":"inner"}},"wdio_ui5_key":"applicationmanageresources-display-component---newResourceUnit--SHORT_TEXT"}]}
RESULT: {}
RESULT: {"script":"<script> [1562 bytes]","args":[{"selector":{"id":"application-manageresources-display-component---newResourceUnit--SHORT_TEXT","interaction":{"idSuffix":"inner"}},"wdio_ui5_key":"applicationmanageresources-display-component---newResourceUnit--SHORT_TEXT"}]}
RESULT: undefined
COMMAND: POST /session/582ce5f850a124cd0c5f6fc14f02a0d2/execute/async - {"script":"<script> [776 bytes]","args":[{"enterText":"material WHM","selector":{"id":"application-manageresources-display-component---newResourceUnit--SHORT_TEXT","interaction":{"idSuffix":"inner"}},"clearTextFirst":true,"interactionType":"ENTER_TEXT"}]}
RESULT: {"script":"<script> [776 bytes]","args":[{"enterText":"material WHM","selector":{"id":"application-manageresources-display-component---newResourceUnit--SHORT_TEXT","interaction":{"idSuffix":"inner"}},"clearTextFirst":true,"interactionType":"ENTER_TEXT"}]}
COMMAND: POST /session/582ce5f850a124cd0c5f6fc14f02a0d2/execute/async - {"script":"<script> [1562 bytes]","args":[{"selector":{"id":"application-manageresources-display-component---newResourceUnit--BASE_UNIT_OF_MEASURE","interaction":{"idSuffix":"inner"}},"wdio_ui5_key":"applicationmanageresources-display-component---newResourceUnit--BASE_UNIT_OF_MEASURE"}]}
RESULT: {"script":"<script> [1562 bytes]","args":[{"selector":{"id":"application-manageresources-display-component---newResourceUnit--BASE_UNIT_OF_MEASURE","interaction":{"idSuffix":"inner"}},"wdio_ui5_key":"applicationmanageresources-display-component---newResourceUnit--BASE_UNIT_OF_MEASURE"}]}
RESULT: undefined
COMMAND: POST /session/582ce5f850a124cd0c5f6fc14f02a0d2/execute/async - {"script":"<script> [776 bytes]","args":[{"enterText":"Piece","selector":{"id":"application-manageresources-display-component---newResourceUnit--BASE_UNIT_OF_MEASURE","interaction":{"idSuffix":"inner"}},"clearTextFirst":true,"interactionType":"ENTER_TEXT"}]}
RESULT: {"script":"<script> [776 bytes]","args":[{"enterText":"Piece","selector":{"id":"application-manageresources-display-component---newResourceUnit--BASE_UNIT_OF_MEASURE","interaction":{"idSuffix":"inner"}},"clearTextFirst":true,"interactionType":"ENTER_TEXT"}]}
COMMAND: POST /session/582ce5f850a124cd0c5f6fc14f02a0d2/execute/async - {"script":"<script> [1562 bytes]","args":[{"selector":{"id":"application-manageresources-display-component---newResourceUnit--WEIGHT_UNIT","interaction":{"idSuffix":"inner"}},"wdio_ui5_key":"applicationmanageresources-display-component---newResourceUnit--WEIGHT_UNIT"}]}
RESULT: {"script":"<script> [1562 bytes]","args":[{"selector":{"id":"application-manageresources-display-component---newResourceUnit--WEIGHT_UNIT","interaction":{"idSuffix":"inner"}},"wdio_ui5_key":"applicationmanageresources-display-component---newResourceUnit--WEIGHT_UNIT"}]}
RESULT: undefined
COMMAND: POST /session/582ce5f850a124cd0c5f6fc14f02a0d2/execute/async - {"script":"<script> [776 bytes]","args":[{"enterText":"Gram","selector":{"id":"application-manageresources-display-component---newResourceUnit--WEIGHT_UNIT","interaction":{"idSuffix":"inner"}},"clearTextFirst":true,"interactionType":"ENTER_TEXT"}]}
RESULT: {"script":"<script> [776 bytes]","args":[{"enterText":"Gram","selector":{"id":"application-manageresources-display-component---newResourceUnit--WEIGHT_UNIT","interaction":{"idSuffix":"inner"}},"clearTextFirst":true,"interactionType":"ENTER_TEXT"}]}
COMMAND: POST /session/582ce5f850a124cd0c5f6fc14f02a0d2/execute/async - {"script":"<script> [1562 bytes]","args":[{"selector":{"id":"application-manageresources-display-component---newResourceUnit--DIMENSION_UNIT","interaction":{"idSuffix":"inner"}},"wdio_ui5_key":"applicationmanageresources-display-component---newResourceUnit--DIMENSION_UNIT"}]}
RESULT: {"script":"<script> [1562 bytes]","args":[{"selector":{"id":"application-manageresources-display-component---newResourceUnit--DIMENSION_UNIT","interaction":{"idSuffix":"inner"}},"wdio_ui5_key":"applicationmanageresources-display-component---newResourceUnit--DIMENSION_UNIT"}]}
RESULT: undefined
COMMAND: POST /session/582ce5f850a124cd0c5f6fc14f02a0d2/execute/async - {"script":"<script> [776 bytes]","args":[{"enterText":"Meter","selector":{"id":"application-manageresources-display-component---newResourceUnit--DIMENSION_UNIT","interaction":{"idSuffix":"inner"}},"clearTextFirst":true,"interactionType":"ENTER_TEXT"}]}
RESULT: {"script":"<script> [776 bytes]","args":[{"enterText":"Meter","selector":{"id":"application-manageresources-display-component---newResourceUnit--DIMENSION_UNIT","interaction":{"idSuffix":"inner"}},"clearTextFirst":true,"interactionType":"ENTER_TEXT"}]}
COMMAND: POST /session/582ce5f850a124cd0c5f6fc14f02a0d2/execute/async - {"script":"<script> [1562 bytes]","args":[{"selector":{"id":"application-manageresources-display-component---newResourceUnit--newRRUPage-anchBar-application-manageresources-display-component---newResourceUnit--control-anchor","interaction":{"idSuffix":"content"}},"wdio_ui5_key":"applicationmanageresources-display-component---newResourceUnit--newRRUPage-anchBar-application-manageresources-display-component---newResourceUnit--control-anchor"}]}
RESULT: {"script":"<script> [1562 bytes]","args":[{"selector":{"id":"application-manageresources-display-component---newResourceUnit--newRRUPage-anchBar-application-manageresources-display-component---newResourceUnit--control-anchor","interaction":{"idSuffix":"content"}},"wdio_ui5_key":"applicationmanageresources-display-component---newResourceUnit--newRRUPage-anchBar-application-manageresources-display-component---newResourceUnit--control-anchor"}]}
RESULT: undefined
COMMAND: POST /session/582ce5f850a124cd0c5f6fc14f02a0d2/element - {"using":"xpath","value":"//*[@id=\"application-manageresources-display-component---newResourceUnit--newRRUPage-anchBar-application-manageresources-display-component---newResourceUnit--control-anchor\"]"}
RESULT: {"using":"xpath","value":"//*[@id=\"application-manageresources-display-component---newResourceUnit--newRRUPage-anchBar-application-manageresources-display-component---newResourceUnit--control-anchor\"]"}
COMMAND: POST /session/582ce5f850a124cd0c5f6fc14f02a0d2/element/f.92142B0E1996143B500ED3F2A7F6BA2F.d.00EB8A99C2963987F448619374BEA7E9.e.17321/click - {}
RESULT: {}
COMMAND: POST /session/582ce5f850a124cd0c5f6fc14f02a0d2/execute/async - {"script":"<script> [1562 bytes]","args":[{"selector":{"id":"application-manageresources-display-component---newResourceUnit--PLANNING_GROUP","interaction":{"idSuffix":"inner"}},"wdio_ui5_key":"applicationmanageresources-display-component---newResourceUnit--PLANNING_GROUP"}]}
COMMAND: GET /session/582ce5f850a124cd0c5f6fc14f02a0d2/screenshot - {}
RESULT: {"script":"<script> [1562 bytes]","args":[{"selector":{"id":"application-manageresources-display-component---newResourceUnit--PLANNING_GROUP","interaction":{"idSuffix":"inner"}},"wdio_ui5_key":"applicationmanageresources-display-component---newResourceUnit--PLANNING_GROUP"}]}
RESULT: undefined
COMMAND: POST /session/582ce5f850a124cd0c5f6fc14f02a0d2/execute/async - {"script":"<script> [776 bytes]","args":[{"enterText":"Heavy Equi","selector":{"id":"application-manageresources-display-component---newResourceUnit--PLANNING_GROUP","interaction":{"idSuffix":"inner"}},"clearTextFirst":true,"interactionType":"ENTER_TEXT"}]}
RESULT: {}
RESULT: {"script":"<script> [776 bytes]","args":[{"enterText":"Heavy Equi","selector":{"id":"application-manageresources-display-component---newResourceUnit--PLANNING_GROUP","interaction":{"idSuffix":"inner"}},"clearTextFirst":true,"interactionType":"ENTER_TEXT"}]}
COMMAND: POST /session/582ce5f850a124cd0c5f6fc14f02a0d2/execute/async - {"script":"<script> [1562 bytes]","args":[{"selector":{"id":"application-manageresources-display-component---newResourceUnit--PLANNING_INDICATOR","interaction":{"idSuffix":"inner"}},"wdio_ui5_key":"applicationmanageresources-display-component---newResourceUnit--PLANNING_INDICATOR"}]}
RESULT: {"script":"<script> [1562 bytes]","args":[{"selector":{"id":"application-manageresources-display-component---newResourceUnit--PLANNING_INDICATOR","interaction":{"idSuffix":"inner"}},"wdio_ui5_key":"applicationmanageresources-display-component---newResourceUnit--PLANNING_INDICATOR"}]}
RESULT: undefined
COMMAND: POST /session/582ce5f850a124cd0c5f6fc14f02a0d2/execute/async - {"script":"<script> [776 bytes]","args":[{"enterText":"10 - infinite","selector":{"id":"application-manageresources-display-component---newResourceUnit--PLANNING_INDICATOR","interaction":{"idSuffix":"inner"}},"clearTextFirst":true,"interactionType":"ENTER_TEXT"}]}
RESULT: {"script":"<script> [776 bytes]","args":[{"enterText":"10 - infinite","selector":{"id":"application-manageresources-display-component---newResourceUnit--PLANNING_INDICATOR","interaction":{"idSuffix":"inner"}},"clearTextFirst":true,"interactionType":"ENTER_TEXT"}]}
COMMAND: POST /session/582ce5f850a124cd0c5f6fc14f02a0d2/actions - {"actions":[{"id":"action75","type":"key","parameters":{},"actions":[{"type":"keyDown","value":"î€‡"},{"type":"pause","duration":10},{"type":"keyUp","value":"î€‡"}]}]}
RESULT: {"actions":[{"id":"action75","type":"key","parameters":{},"actions":[{"type":"keyDown","value":"î€‡"},{"type":"pause","duration":10},{"type":"keyUp","value":"î€‡"}]}]}
COMMAND: POST /session/582ce5f850a124cd0c5f6fc14f02a0d2/execute/async - {"script":"<script> [1562 bytes]","args":[{"selector":{"id":"application-manageresources-display-component---newResourceUnit--ITEM_TYPE-arrow"},"wdio_ui5_key":"applicationmanageresources-display-component---newResourceUnit--ITEM_TYPE-arrow"}]}
COMMAND: GET /session/582ce5f850a124cd0c5f6fc14f02a0d2/screenshot - {}
RESULT: {"script":"<script> [1562 bytes]","args":[{"selector":{"id":"application-manageresources-display-component---newResourceUnit--ITEM_TYPE-arrow"},"wdio_ui5_key":"applicationmanageresources-display-component---newResourceUnit--ITEM_TYPE-arrow"}]}
RESULT: undefined
COMMAND: POST /session/582ce5f850a124cd0c5f6fc14f02a0d2/element - {"using":"xpath","value":"//*[@id=\"application-manageresources-display-component---newResourceUnit--ITEM_TYPE-arrow\"]"}
RESULT: {}
RESULT: {"using":"xpath","value":"//*[@id=\"application-manageresources-display-component---newResourceUnit--ITEM_TYPE-arrow\"]"}
COMMAND: POST /session/582ce5f850a124cd0c5f6fc14f02a0d2/element/f.92142B0E1996143B500ED3F2A7F6BA2F.d.00EB8A99C2963987F448619374BEA7E9.e.17330/click - {}
RESULT: {}
COMMAND: POST /session/582ce5f850a124cd0c5f6fc14f02a0d2/execute/async - {"script":"<script> [1562 bytes]","args":[{"selector":{"controlType":"sap.m.StandardListItem","viewName":"reusables.view.manageresources.NewResourceUnit","viewId":"application-manageresources-display-component---newResourceUnit","properties":{"title":"Resource Unit"},"searchOpenDialogs":true,"interaction":{"idSuffix":"titleText"}},"wdio_ui5_key":"reusablesview.manageresources.NewResourceUnitsap.m.StandardListItem{\"title\":\"Resource Unit\"}"}]}
COMMAND: GET /session/582ce5f850a124cd0c5f6fc14f02a0d2/screenshot - {}
RESULT: {"script":"<script> [1562 bytes]","args":[{"selector":{"controlType":"sap.m.StandardListItem","viewName":"reusables.view.manageresources.NewResourceUnit","viewId":"application-manageresources-display-component---newResourceUnit","properties":{"title":"Resource Unit"},"searchOpenDialogs":true,"interaction":{"idSuffix":"titleText"}},"wdio_ui5_key":"reusablesview.manageresources.NewResourceUnitsap.m.StandardListItem{\"title\":\"Resource Unit\"}"}]}
RESULT: undefined
RESULT: {}
COMMAND: POST /session/582ce5f850a124cd0c5f6fc14f02a0d2/execute/async - {"script":"<script> [1562 bytes]","args":[{"selector":{"controlType":"sap.m.Label","viewName":"reusables.view.manageresources.NewResourceUnit","viewId":"application-manageresources-display-component---newResourceUnit","i18NText":{"propertyName":"text","key":"planningGroup"},"interaction":{"idSuffix":"bdi"}},"wdio_ui5_key":"reusablesview.manageresources.NewResourceUnitsap.m.Label{\"propertyName\":\"text\",\"key\":\"planningGroup\"}"}]}
RESULT: {"script":"<script> [1562 bytes]","args":[{"selector":{"controlType":"sap.m.Label","viewName":"reusables.view.manageresources.NewResourceUnit","viewId":"application-manageresources-display-component---newResourceUnit","i18NText":{"propertyName":"text","key":"planningGroup"},"interaction":{"idSuffix":"bdi"}},"wdio_ui5_key":"reusablesview.manageresources.NewResourceUnitsap.m.Label{\"propertyName\":\"text\",\"key\":\"planningGroup\"}"}]}
RESULT: undefined
COMMAND: POST /session/582ce5f850a124cd0c5f6fc14f02a0d2/element - {"using":"xpath","value":"//*[@id=\"__label263\"]"}
RESULT: {"using":"xpath","value":"//*[@id=\"__label263\"]"}
COMMAND: POST /session/582ce5f850a124cd0c5f6fc14f02a0d2/element/f.92142B0E1996143B500ED3F2A7F6BA2F.d.00EB8A99C2963987F448619374BEA7E9.e.17332/click - {}
RESULT: {}
COMMAND: GET /session/582ce5f850a124cd0c5f6fc14f02a0d2/screenshot - {}
RESULT: {}
COMMAND: POST /session/582ce5f850a124cd0c5f6fc14f02a0d2/actions - {"actions":[{"type":"key","id":"keyboard","actions":[{"type":"keyDown","value":"î›"}]}]}
RESULT: {"actions":[{"type":"key","id":"keyboard","actions":[{"type":"keyDown","value":"î›"}]}]}
COMMAND: GET /session/582ce5f850a124cd0c5f6fc14f02a0d2/screenshot - {}
RESULT: {}
COMMAND: POST /session/582ce5f850a124cd0c5f6fc14f02a0d2/actions - {"actions":[{"type":"key","id":"keyboard","actions":[{"type":"keyDown","value":"î›"}]}]}
RESULT: {"actions":[{"type":"key","id":"keyboard","actions":[{"type":"keyDown","value":"î›"}]}]}
COMMAND: GET /session/582ce5f850a124cd0c5f6fc14f02a0d2/screenshot - {}
RESULT: {}
COMMAND: POST /session/582ce5f850a124cd0c5f6fc14f02a0d2/actions - {"actions":[{"type":"key","id":"keyboard","actions":[{"type":"keyDown","value":"î›"}]}]}
RESULT: {"actions":[{"type":"key","id":"keyboard","actions":[{"type":"keyDown","value":"î›"}]}]}
COMMAND: GET /session/582ce5f850a124cd0c5f6fc14f02a0d2/screenshot - {}
RESULT: {}
COMMAND: POST /session/582ce5f850a124cd0c5f6fc14f02a0d2/actions - {"actions":[{"type":"key","id":"keyboard","actions":[{"type":"keyDown","value":"î›"}]}]}
RESULT: {"actions":[{"type":"key","id":"keyboard","actions":[{"type":"keyDown","value":"î›"}]}]}
COMMAND: GET /session/582ce5f850a124cd0c5f6fc14f02a0d2/screenshot - {}
COMMAND: POST /session/582ce5f850a124cd0c5f6fc14f02a0d2/actions - {"actions":[{"type":"key","id":"keyboard","actions":[{"type":"keyDown","value":"î›"}]}]}
RESULT: {}
RESULT: {"actions":[{"type":"key","id":"keyboard","actions":[{"type":"keyDown","value":"î›"}]}]}
COMMAND: GET /session/582ce5f850a124cd0c5f6fc14f02a0d2/screenshot - {}
RESULT: {}
COMMAND: POST /session/582ce5f850a124cd0c5f6fc14f02a0d2/actions - {"actions":[{"type":"key","id":"keyboard","actions":[{"type":"keyDown","value":"î›"}]}]}
RESULT: {"actions":[{"type":"key","id":"keyboard","actions":[{"type":"keyDown","value":"î›"}]}]}
COMMAND: GET /session/582ce5f850a124cd0c5f6fc14f02a0d2/screenshot - {}
RESULT: {}
COMMAND: POST /session/582ce5f850a124cd0c5f6fc14f02a0d2/execute/async - {"script":"<script> [1562 bytes]","args":[{"selector":{"id":"application-manageresources-display-component---newResourceUnit--btnAddTimeSegment-img"},"wdio_ui5_key":"applicationmanageresources-display-component---newResourceUnit--btnAddTimeSegment-img"}]}
RESULT: {"script":"<script> [1562 bytes]","args":[{"selector":{"id":"application-manageresources-display-component---newResourceUnit--btnAddTimeSegment-img"},"wdio_ui5_key":"applicationmanageresources-display-component---newResourceUnit--btnAddTimeSegment-img"}]}
RESULT: undefined
COMMAND: POST /session/582ce5f850a124cd0c5f6fc14f02a0d2/element - {"using":"xpath","value":"//*[@id=\"application-manageresources-display-component---newResourceUnit--btnAddTimeSegment-img\"]"}
RESULT: {"using":"xpath","value":"//*[@id=\"application-manageresources-display-component---newResourceUnit--btnAddTimeSegment-img\"]"}
COMMAND: POST /session/582ce5f850a124cd0c5f6fc14f02a0d2/element/f.92142B0E1996143B500ED3F2A7F6BA2F.d.00EB8A99C2963987F448619374BEA7E9.e.17333/click - {}
RESULT: {}
COMMAND: POST /session/582ce5f850a124cd0c5f6fc14f02a0d2/element - {"using":"xpath","value":"//input[@id=\"application-manageresources-display-component---newResourceUnit--idRuTSAdmin-application-manageresources-display-component---newResourceUnit--RUTimeSegment-0-inner\"]"}
COMMAND: GET /session/582ce5f850a124cd0c5f6fc14f02a0d2/screenshot - {}
RESULT: {"using":"xpath","value":"//input[@id=\"application-manageresources-display-component---newResourceUnit--idRuTSAdmin-application-manageresources-display-component---newResourceUnit--RUTimeSegment-0-inner\"]"}
COMMAND: POST /session/582ce5f850a124cd0c5f6fc14f02a0d2/element/f.92142B0E1996143B500ED3F2A7F6BA2F.d.00EB8A99C2963987F448619374BEA7E9.e.17336/clear - {}
RESULT: {}
RESULT: {}
COMMAND: POST /session/582ce5f850a124cd0c5f6fc14f02a0d2/element/f.92142B0E1996143B500ED3F2A7F6BA2F.d.00EB8A99C2963987F448619374BEA7E9.e.17336/value - {"text":"418"}
COMMAND: GET /session/582ce5f850a124cd0c5f6fc14f02a0d2/screenshot - {}
RESULT: {"text":"418"}
COMMAND: GET /session/582ce5f850a124cd0c5f6fc14f02a0d2/screenshot - {}
RESULT: {}
RESULT: {}
COMMAND: POST /session/582ce5f850a124cd0c5f6fc14f02a0d2/actions - {"actions":[{"id":"action76","type":"key","parameters":{},"actions":[{"type":"keyDown","value":"î€‡"},{"type":"pause","duration":10},{"type":"keyUp","value":"î€‡"}]}]}
RESULT: {"actions":[{"id":"action76","type":"key","parameters":{},"actions":[{"type":"keyDown","value":"î€‡"},{"type":"pause","duration":10},{"type":"keyUp","value":"î€‡"}]}]}
COMMAND: GET /session/582ce5f850a124cd0c5f6fc14f02a0d2/screenshot - {}
RESULT: {}
COMMAND: POST /session/582ce5f850a124cd0c5f6fc14f02a0d2/execute/async - {"script":"<script> [1562 bytes]","args":[{"selector":{"controlType":"sap.m.Button","viewName":"reusables.view.manageresources.NewResourceUnit","viewId":"application-manageresources-display-component---newResourceUnit","i18NText":{"propertyName":"tooltip","key":"save"},"interaction":{"idSuffix":"BDI-content"}},"wdio_ui5_key":"reusablesview.manageresources.NewResourceUnitsap.m.Button{\"propertyName\":\"tooltip\",\"key\":\"save\"}"}]}
RESULT: {"script":"<script> [1562 bytes]","args":[{"selector":{"controlType":"sap.m.Button","viewName":"reusables.view.manageresources.NewResourceUnit","viewId":"application-manageresources-display-component---newResourceUnit","i18NText":{"propertyName":"tooltip","key":"save"},"interaction":{"idSuffix":"BDI-content"}},"wdio_ui5_key":"reusablesview.manageresources.NewResourceUnitsap.m.Button{\"propertyName\":\"tooltip\",\"key\":\"save\"}"}]}
RESULT: undefined
COMMAND: POST /session/582ce5f850a124cd0c5f6fc14f02a0d2/element - {"using":"xpath","value":"//*[@id=\"application-manageresources-display-component---newResourceUnit--createRuButton\"]"}
RESULT: {"using":"xpath","value":"//*[@id=\"application-manageresources-display-component---newResourceUnit--createRuButton\"]"}
COMMAND: POST /session/582ce5f850a124cd0c5f6fc14f02a0d2/element/f.92142B0E1996143B500ED3F2A7F6BA2F.d.00EB8A99C2963987F448619374BEA7E9.e.17270/click - {}
RESULT: {}
COMMAND: POST /session/582ce5f850a124cd0c5f6fc14f02a0d2/execute/async - {"script":"<script> [1562 bytes]","args":[{"selector":{"controlType":"sap.m.Button","properties":{"text":"Close"},"searchOpenDialogs":true,"interaction":{"idSuffix":"BDI-content"}},"wdio_ui5_key":"sapm.Button{\"text\":\"Close\"}"}]}
COMMAND: GET /session/582ce5f850a124cd0c5f6fc14f02a0d2/screenshot - {}
RESULT: {"script":"<script> [1562 bytes]","args":[{"selector":{"controlType":"sap.m.Button","properties":{"text":"Close"},"searchOpenDialogs":true,"interaction":{"idSuffix":"BDI-content"}},"wdio_ui5_key":"sapm.Button{\"text\":\"Close\"}"}]}
RESULT: undefined
COMMAND: POST /session/582ce5f850a124cd0c5f6fc14f02a0d2/element - {"using":"xpath","value":"//*[@id=\"__mbox-btn-0\"]"}
RESULT: {}
RESULT: {"using":"xpath","value":"//*[@id=\"__mbox-btn-0\"]"}
COMMAND: POST /session/582ce5f850a124cd0c5f6fc14f02a0d2/element/f.92142B0E1996143B500ED3F2A7F6BA2F.d.00EB8A99C2963987F448619374BEA7E9.e.17350/click - {}
RESULT: {}
COMMAND: GET /session/582ce5f850a124cd0c5f6fc14f02a0d2/screenshot - {}
RESULT: {}
COMMAND: POST /session/582ce5f850a124cd0c5f6fc14f02a0d2/execute/async - {"script":"<script> [1562 bytes]","args":[{"selector":{"controlType":"sap.m.Text","viewName":"etm.portal.ui.manageresources.view.Detail","viewId":"application-manageresources-display-component---detailRU","bindingPath":{"propertyPath":"ID","modelName":"catalogModel"}},"wdio_ui5_key":"etmportal.ui.manageresources.view.Detailsap.m.Text{\"propertyPath\":\"ID\",\"modelName\":\"catalogModel\"}"}]}
RESULT: {"script":"<script> [1562 bytes]","args":[{"selector":{"controlType":"sap.m.Text","viewName":"etm.portal.ui.manageresources.view.Detail","viewId":"application-manageresources-display-component---detailRU","bindingPath":{"propertyPath":"ID","modelName":"catalogModel"}},"wdio_ui5_key":"etmportal.ui.manageresources.view.Detailsap.m.Text{\"propertyPath\":\"ID\",\"modelName\":\"catalogModel\"}"}]}
RESULT: undefined
COMMAND: POST /session/582ce5f850a124cd0c5f6fc14f02a0d2/execute/async - {"script":"<script> [6424 bytes]","args":[{"element-6066-11e4-a52e-4f735466cecf":"f.92142B0E1996143B500ED3F2A7F6BA2F.d.00EB8A99C2963987F448619374BEA7E9.e.17385"},"getText",[]]}
RESULT: {"script":"<script> [6424 bytes]","args":[{"element-6066-11e4-a52e-4f735466cecf":"f.92142B0E1996143B500ED3F2A7F6BA2F.d.00EB8A99C2963987F448619374BEA7E9.e.17385"},"getText",[]]}
COMMAND: POST /session/582ce5f850a124cd0c5f6fc14f02a0d2/element - {"using":"css selector","value":"#shell-header-logo"}
RESULT: {"using":"css selector","value":"#shell-header-logo"}
COMMAND: POST /session/582ce5f850a124cd0c5f6fc14f02a0d2/element/f.92142B0E1996143B500ED3F2A7F6BA2F.d.00EB8A99C2963987F448619374BEA7E9.e.16903/click - {}
RESULT: {}
COMMAND: GET /session/582ce5f850a124cd0c5f6fc14f02a0d2/screenshot - {}
RESULT: {}
]]></system-out>
    </testcase>
    <testcase classname="chrome.135_0_7049_96.windows.Return_from_Site_w/_warehouse_management_w/_clarification_US125588" name="Bin Status Report Should Create New Organization yard" time="43.936">
      <system-out><![CDATA[
COMMAND: POST /session/582ce5f850a124cd0c5f6fc14f02a0d2/execute/async - {"script":"<script> [1562 bytes]","args":[{"selector":{"controlType":"sap.m.GenericTile","properties":{"header":"Bin Status Report"}},"wdio_ui5_key":"sapm.GenericTile{\"header\":\"Bin Status Report\"}"}]}
RESULT: {"script":"<script> [1562 bytes]","args":[{"selector":{"controlType":"sap.m.GenericTile","properties":{"header":"Bin Status Report"}},"wdio_ui5_key":"sapm.GenericTile{\"header\":\"Bin Status Report\"}"}]}
RESULT: undefined
COMMAND: POST /session/582ce5f850a124cd0c5f6fc14f02a0d2/element - {"using":"xpath","value":"//*[@id=\"__tile104\"]"}
RESULT: {"using":"xpath","value":"//*[@id=\"__tile104\"]"}
COMMAND: POST /session/582ce5f850a124cd0c5f6fc14f02a0d2/element/f.92142B0E1996143B500ED3F2A7F6BA2F.d.00EB8A99C2963987F448619374BEA7E9.e.17387/click - {}
RESULT: {}
COMMAND: GET /session/582ce5f850a124cd0c5f6fc14f02a0d2/screenshot - {}
RESULT: {}
COMMAND: POST /session/582ce5f850a124cd0c5f6fc14f02a0d2/execute/async - {"script":"<script> [1562 bytes]","args":[{"selector":{"id":"application-binstatusreport-display-component---warehousing--createOrgBtn","interaction":{"idSuffix":"content"}},"wdio_ui5_key":"applicationbinstatusreport-display-component---warehousing--createOrgBtn"}]}
RESULT: {"script":"<script> [1562 bytes]","args":[{"selector":{"id":"application-binstatusreport-display-component---warehousing--createOrgBtn","interaction":{"idSuffix":"content"}},"wdio_ui5_key":"applicationbinstatusreport-display-component---warehousing--createOrgBtn"}]}
RESULT: undefined
COMMAND: POST /session/582ce5f850a124cd0c5f6fc14f02a0d2/element - {"using":"xpath","value":"//*[@id=\"application-binstatusreport-display-component---warehousing--createOrgBtn\"]"}
RESULT: {"using":"xpath","value":"//*[@id=\"application-binstatusreport-display-component---warehousing--createOrgBtn\"]"}
COMMAND: POST /session/582ce5f850a124cd0c5f6fc14f02a0d2/element/f.92142B0E1996143B500ED3F2A7F6BA2F.d.00EB8A99C2963987F448619374BEA7E9.e.17429/click - {}
RESULT: {}
COMMAND: POST /session/582ce5f850a124cd0c5f6fc14f02a0d2/execute/async - {"script":"<script> [1562 bytes]","args":[{"selector":{"id":"createOrganizationPop--sectionInput","searchOpenDialogs":true,"interaction":{"idSuffix":"inner"}},"wdio_ui5_key":"createOrganizationPopsectionInput"}]}
COMMAND: GET /session/582ce5f850a124cd0c5f6fc14f02a0d2/screenshot - {}
RESULT: {"script":"<script> [1562 bytes]","args":[{"selector":{"id":"createOrganizationPop--sectionInput","searchOpenDialogs":true,"interaction":{"idSuffix":"inner"}},"wdio_ui5_key":"createOrganizationPopsectionInput"}]}
RESULT: undefined
COMMAND: POST /session/582ce5f850a124cd0c5f6fc14f02a0d2/execute/async - {"script":"<script> [776 bytes]","args":[{"enterText":"WDI418","selector":{"id":"createOrganizationPop--sectionInput","searchOpenDialogs":true,"interaction":{"idSuffix":"inner"}},"clearTextFirst":true,"interactionType":"ENTER_TEXT"}]}
RESULT: {}
RESULT: {"script":"<script> [776 bytes]","args":[{"enterText":"WDI418","selector":{"id":"createOrganizationPop--sectionInput","searchOpenDialogs":true,"interaction":{"idSuffix":"inner"}},"clearTextFirst":true,"interactionType":"ENTER_TEXT"}]}
COMMAND: POST /session/582ce5f850a124cd0c5f6fc14f02a0d2/execute/async - {"script":"<script> [1562 bytes]","args":[{"selector":{"id":"createOrganizationPop--descriptionInput","searchOpenDialogs":true,"interaction":{"idSuffix":"inner"}},"wdio_ui5_key":"createOrganizationPopdescriptionInput"}]}
RESULT: {"script":"<script> [1562 bytes]","args":[{"selector":{"id":"createOrganizationPop--descriptionInput","searchOpenDialogs":true,"interaction":{"idSuffix":"inner"}},"wdio_ui5_key":"createOrganizationPopdescriptionInput"}]}
RESULT: undefined
COMMAND: POST /session/582ce5f850a124cd0c5f6fc14f02a0d2/execute/async - {"script":"<script> [776 bytes]","args":[{"enterText":"Shipping418","selector":{"id":"createOrganizationPop--descriptionInput","searchOpenDialogs":true,"interaction":{"idSuffix":"inner"}},"clearTextFirst":true,"interactionType":"ENTER_TEXT"}]}
RESULT: {"script":"<script> [776 bytes]","args":[{"enterText":"Shipping418","selector":{"id":"createOrganizationPop--descriptionInput","searchOpenDialogs":true,"interaction":{"idSuffix":"inner"}},"clearTextFirst":true,"interactionType":"ENTER_TEXT"}]}
COMMAND: POST /session/582ce5f850a124cd0c5f6fc14f02a0d2/element - {"using":"css selector","value":"#createOrganizationPop--yardOrg-inner"}
RESULT: {"using":"css selector","value":"#createOrganizationPop--yardOrg-inner"}
COMMAND: POST /session/582ce5f850a124cd0c5f6fc14f02a0d2/element/f.92142B0E1996143B500ED3F2A7F6BA2F.d.00EB8A99C2963987F448619374BEA7E9.e.17483/clear - {}
RESULT: {}
COMMAND: POST /session/582ce5f850a124cd0c5f6fc14f02a0d2/element/f.92142B0E1996143B500ED3F2A7F6BA2F.d.00EB8A99C2963987F448619374BEA7E9.e.17483/value - {"text":"418"}
COMMAND: GET /session/582ce5f850a124cd0c5f6fc14f02a0d2/screenshot - {}
RESULT: {"text":"418"}
COMMAND: GET /session/582ce5f850a124cd0c5f6fc14f02a0d2/screenshot - {}
RESULT: {}
RESULT: {}
COMMAND: POST /session/582ce5f850a124cd0c5f6fc14f02a0d2/actions - {"actions":[{"id":"action77","type":"key","parameters":{},"actions":[{"type":"keyDown","value":"î€‡"},{"type":"pause","duration":10},{"type":"keyUp","value":"î€‡"}]}]}
RESULT: {"actions":[{"id":"action77","type":"key","parameters":{},"actions":[{"type":"keyDown","value":"î€‡"},{"type":"pause","duration":10},{"type":"keyUp","value":"î€‡"}]}]}
COMMAND: POST /session/582ce5f850a124cd0c5f6fc14f02a0d2/execute/async - {"script":"<script> [1562 bytes]","args":[{"selector":{"id":"createOrganizationPop--grZone","searchOpenDialogs":true,"interaction":{"idSuffix":"CbBg"}},"wdio_ui5_key":"createOrganizationPopgrZone"}]}
COMMAND: GET /session/582ce5f850a124cd0c5f6fc14f02a0d2/screenshot - {}
RESULT: {"script":"<script> [1562 bytes]","args":[{"selector":{"id":"createOrganizationPop--grZone","searchOpenDialogs":true,"interaction":{"idSuffix":"CbBg"}},"wdio_ui5_key":"createOrganizationPopgrZone"}]}
RESULT: undefined
COMMAND: POST /session/582ce5f850a124cd0c5f6fc14f02a0d2/element - {"using":"xpath","value":"//*[@id=\"createOrganizationPop--grZone\"]"}
RESULT: {}
RESULT: {"using":"xpath","value":"//*[@id=\"createOrganizationPop--grZone\"]"}
COMMAND: POST /session/582ce5f850a124cd0c5f6fc14f02a0d2/element/f.92142B0E1996143B500ED3F2A7F6BA2F.d.00EB8A99C2963987F448619374BEA7E9.e.17503/click - {}
RESULT: {}
COMMAND: POST /session/582ce5f850a124cd0c5f6fc14f02a0d2/execute/async - {"script":"<script> [1562 bytes]","args":[{"selector":{"id":"createOrganizationPop--giZone","searchOpenDialogs":true,"interaction":{"idSuffix":"CbBg"}},"wdio_ui5_key":"createOrganizationPopgiZone"}]}
COMMAND: GET /session/582ce5f850a124cd0c5f6fc14f02a0d2/screenshot - {}
RESULT: {"script":"<script> [1562 bytes]","args":[{"selector":{"id":"createOrganizationPop--giZone","searchOpenDialogs":true,"interaction":{"idSuffix":"CbBg"}},"wdio_ui5_key":"createOrganizationPopgiZone"}]}
RESULT: undefined
COMMAND: POST /session/582ce5f850a124cd0c5f6fc14f02a0d2/element - {"using":"xpath","value":"//*[@id=\"createOrganizationPop--giZone\"]"}
RESULT: {}
RESULT: {"using":"xpath","value":"//*[@id=\"createOrganizationPop--giZone\"]"}
COMMAND: POST /session/582ce5f850a124cd0c5f6fc14f02a0d2/element/f.92142B0E1996143B500ED3F2A7F6BA2F.d.00EB8A99C2963987F448619374BEA7E9.e.17505/click - {}
RESULT: {}
COMMAND: POST /session/582ce5f850a124cd0c5f6fc14f02a0d2/execute/async - {"script":"<script> [1562 bytes]","args":[{"selector":{"id":"createOrganizationPop--binNoInput","searchOpenDialogs":true,"interaction":{"idSuffix":"inner"}},"wdio_ui5_key":"createOrganizationPopbinNoInput"}]}
COMMAND: GET /session/582ce5f850a124cd0c5f6fc14f02a0d2/screenshot - {}
RESULT: {"script":"<script> [1562 bytes]","args":[{"selector":{"id":"createOrganizationPop--binNoInput","searchOpenDialogs":true,"interaction":{"idSuffix":"inner"}},"wdio_ui5_key":"createOrganizationPopbinNoInput"}]}
RESULT: undefined
COMMAND: POST /session/582ce5f850a124cd0c5f6fc14f02a0d2/execute/async - {"script":"<script> [776 bytes]","args":[{"enterText":"Bin-Wd","selector":{"id":"createOrganizationPop--binNoInput","searchOpenDialogs":true,"interaction":{"idSuffix":"inner"}},"clearTextFirst":true,"interactionType":"ENTER_TEXT"}]}
RESULT: {}
RESULT: {"script":"<script> [776 bytes]","args":[{"enterText":"Bin-Wd","selector":{"id":"createOrganizationPop--binNoInput","searchOpenDialogs":true,"interaction":{"idSuffix":"inner"}},"clearTextFirst":true,"interactionType":"ENTER_TEXT"}]}
COMMAND: POST /session/582ce5f850a124cd0c5f6fc14f02a0d2/execute/async - {"script":"<script> [1562 bytes]","args":[{"selector":{"id":"createOrganizationPop--descriptionId","searchOpenDialogs":true,"interaction":{"idSuffix":"inner"}},"wdio_ui5_key":"createOrganizationPopdescriptionId"}]}
RESULT: {"script":"<script> [1562 bytes]","args":[{"selector":{"id":"createOrganizationPop--descriptionId","searchOpenDialogs":true,"interaction":{"idSuffix":"inner"}},"wdio_ui5_key":"createOrganizationPopdescriptionId"}]}
RESULT: undefined
COMMAND: POST /session/582ce5f850a124cd0c5f6fc14f02a0d2/execute/async - {"script":"<script> [776 bytes]","args":[{"enterText":"Shipping-Wd","selector":{"id":"createOrganizationPop--descriptionId","searchOpenDialogs":true,"interaction":{"idSuffix":"inner"}},"clearTextFirst":true,"interactionType":"ENTER_TEXT"}]}
RESULT: {"script":"<script> [776 bytes]","args":[{"enterText":"Shipping-Wd","selector":{"id":"createOrganizationPop--descriptionId","searchOpenDialogs":true,"interaction":{"idSuffix":"inner"}},"clearTextFirst":true,"interactionType":"ENTER_TEXT"}]}
COMMAND: POST /session/582ce5f850a124cd0c5f6fc14f02a0d2/execute/async - {"script":"<script> [1562 bytes]","args":[{"selector":{"controlType":"sap.m.CheckBox","viewName":"etm.portal.ui.binstatusreport.view.MasterWareBins","viewId":"application-binstatusreport-display-component---warehousing","bindingPath":{"path":"","propertyPath":"/ZONE","modelName":"newBin"},"searchOpenDialogs":true,"interaction":{"idSuffix":"CbBg"}},"wdio_ui5_key":"etmportal.ui.binstatusreport.view.MasterWareBinssap.m.CheckBox{\"path\":\"\",\"propertyPath\":\"/ZONE\",\"modelName\":\"newBin\"}"}]}
RESULT: {"script":"<script> [1562 bytes]","args":[{"selector":{"controlType":"sap.m.CheckBox","viewName":"etm.portal.ui.binstatusreport.view.MasterWareBins","viewId":"application-binstatusreport-display-component---warehousing","bindingPath":{"path":"","propertyPath":"/ZONE","modelName":"newBin"},"searchOpenDialogs":true,"interaction":{"idSuffix":"CbBg"}},"wdio_ui5_key":"etmportal.ui.binstatusreport.view.MasterWareBinssap.m.CheckBox{\"path\":\"\",\"propertyPath\":\"/ZONE\",\"modelName\":\"newBin\"}"}]}
RESULT: undefined
COMMAND: POST /session/582ce5f850a124cd0c5f6fc14f02a0d2/element - {"using":"xpath","value":"//*[@id=\"__box56\"]"}
RESULT: {"using":"xpath","value":"//*[@id=\"__box56\"]"}
COMMAND: POST /session/582ce5f850a124cd0c5f6fc14f02a0d2/element/f.92142B0E1996143B500ED3F2A7F6BA2F.d.00EB8A99C2963987F448619374BEA7E9.e.17509/click - {}
RESULT: {}
COMMAND: POST /session/582ce5f850a124cd0c5f6fc14f02a0d2/execute/async - {"script":"<script> [1562 bytes]","args":[{"selector":{"id":"createOrganizationPop--binTypesCB","searchOpenDialogs":true,"interaction":{"idSuffix":"inner"}},"wdio_ui5_key":"createOrganizationPopbinTypesCB"}]}
COMMAND: GET /session/582ce5f850a124cd0c5f6fc14f02a0d2/screenshot - {}
RESULT: {"script":"<script> [1562 bytes]","args":[{"selector":{"id":"createOrganizationPop--binTypesCB","searchOpenDialogs":true,"interaction":{"idSuffix":"inner"}},"wdio_ui5_key":"createOrganizationPopbinTypesCB"}]}
RESULT: undefined
COMMAND: POST /session/582ce5f850a124cd0c5f6fc14f02a0d2/execute/async - {"script":"<script> [776 bytes]","args":[{"enterText":"1 - General / No capacity check","selector":{"id":"createOrganizationPop--binTypesCB","searchOpenDialogs":true,"interaction":{"idSuffix":"inner"}},"clearTextFirst":true,"interactionType":"ENTER_TEXT"}]}
RESULT: {}
RESULT: {"script":"<script> [776 bytes]","args":[{"enterText":"1 - General / No capacity check","selector":{"id":"createOrganizationPop--binTypesCB","searchOpenDialogs":true,"interaction":{"idSuffix":"inner"}},"clearTextFirst":true,"interactionType":"ENTER_TEXT"}]}
COMMAND: POST /session/582ce5f850a124cd0c5f6fc14f02a0d2/actions - {"actions":[{"id":"action78","type":"key","parameters":{},"actions":[{"type":"keyDown","value":"î€‡"},{"type":"pause","duration":10},{"type":"keyUp","value":"î€‡"}]}]}
RESULT: {"actions":[{"id":"action78","type":"key","parameters":{},"actions":[{"type":"keyDown","value":"î€‡"},{"type":"pause","duration":10},{"type":"keyUp","value":"î€‡"}]}]}
COMMAND: GET /session/582ce5f850a124cd0c5f6fc14f02a0d2/screenshot - {}
RESULT: {}
COMMAND: POST /session/582ce5f850a124cd0c5f6fc14f02a0d2/execute/async - {"script":"<script> [1562 bytes]","args":[{"selector":{"id":"createOrganizationPop--finishBtn","searchOpenDialogs":true,"interaction":{"idSuffix":"BDI-content"}},"wdio_ui5_key":"createOrganizationPopfinishBtn"}]}
RESULT: {"script":"<script> [1562 bytes]","args":[{"selector":{"id":"createOrganizationPop--finishBtn","searchOpenDialogs":true,"interaction":{"idSuffix":"BDI-content"}},"wdio_ui5_key":"createOrganizationPopfinishBtn"}]}
RESULT: undefined
COMMAND: POST /session/582ce5f850a124cd0c5f6fc14f02a0d2/element - {"using":"xpath","value":"//*[@id=\"createOrganizationPop--finishBtn\"]"}
RESULT: {"using":"xpath","value":"//*[@id=\"createOrganizationPop--finishBtn\"]"}
COMMAND: POST /session/582ce5f850a124cd0c5f6fc14f02a0d2/element/f.92142B0E1996143B500ED3F2A7F6BA2F.d.00EB8A99C2963987F448619374BEA7E9.e.17512/click - {}
RESULT: {}
]]></system-out>
    </testcase>
    <testcase classname="chrome.135_0_7049_96.windows.Return_from_Site_w/_warehouse_management_w/_clarification_US125588" name="Bin Status Report Should Create New Organization for Site" time="39.866">
      <system-out><![CDATA[
COMMAND: GET /session/582ce5f850a124cd0c5f6fc14f02a0d2/screenshot - {}
RESULT: {}
RESULT: undefined
COMMAND: POST /session/582ce5f850a124cd0c5f6fc14f02a0d2/element - {"using":"xpath","value":"//*[@id=\"application-binstatusreport-display-component---warehousing--createOrgBtn\"]"}
RESULT: {"using":"xpath","value":"//*[@id=\"application-binstatusreport-display-component---warehousing--createOrgBtn\"]"}
COMMAND: POST /session/582ce5f850a124cd0c5f6fc14f02a0d2/element/f.92142B0E1996143B500ED3F2A7F6BA2F.d.00EB8A99C2963987F448619374BEA7E9.e.17429/click - {}
RESULT: {}
RESULT: undefined
COMMAND: POST /session/582ce5f850a124cd0c5f6fc14f02a0d2/execute/async - {"script":"<script> [776 bytes]","args":[{"enterText":"2258","selector":{"id":"createOrganizationPop--sectionInput","searchOpenDialogs":true,"interaction":{"idSuffix":"inner"}},"clearTextFirst":true,"interactionType":"ENTER_TEXT"}]}
COMMAND: GET /session/582ce5f850a124cd0c5f6fc14f02a0d2/screenshot - {}
RESULT: {"script":"<script> [776 bytes]","args":[{"enterText":"2258","selector":{"id":"createOrganizationPop--sectionInput","searchOpenDialogs":true,"interaction":{"idSuffix":"inner"}},"clearTextFirst":true,"interactionType":"ENTER_TEXT"}]}
RESULT: undefined
COMMAND: POST /session/582ce5f850a124cd0c5f6fc14f02a0d2/execute/async - {"script":"<script> [776 bytes]","args":[{"enterText":"WDI2258","selector":{"id":"createOrganizationPop--descriptionInput","searchOpenDialogs":true,"interaction":{"idSuffix":"inner"}},"clearTextFirst":true,"interactionType":"ENTER_TEXT"}]}
RESULT: {}
RESULT: {"script":"<script> [776 bytes]","args":[{"enterText":"WDI2258","selector":{"id":"createOrganizationPop--descriptionInput","searchOpenDialogs":true,"interaction":{"idSuffix":"inner"}},"clearTextFirst":true,"interactionType":"ENTER_TEXT"}]}
COMMAND: POST /session/582ce5f850a124cd0c5f6fc14f02a0d2/element - {"using":"css selector","value":"#createOrganizationPop--siteOrg-inner"}
RESULT: {"using":"css selector","value":"#createOrganizationPop--siteOrg-inner"}
COMMAND: POST /session/582ce5f850a124cd0c5f6fc14f02a0d2/element/f.92142B0E1996143B500ED3F2A7F6BA2F.d.00EB8A99C2963987F448619374BEA7E9.e.17518/clear - {}
RESULT: {}
COMMAND: POST /session/582ce5f850a124cd0c5f6fc14f02a0d2/element/f.92142B0E1996143B500ED3F2A7F6BA2F.d.00EB8A99C2963987F448619374BEA7E9.e.17518/value - {"text":"2258"}
COMMAND: GET /session/582ce5f850a124cd0c5f6fc14f02a0d2/screenshot - {}
RESULT: {"text":"2258"}
COMMAND: GET /session/582ce5f850a124cd0c5f6fc14f02a0d2/screenshot - {}
RESULT: {}
RESULT: {}
COMMAND: POST /session/582ce5f850a124cd0c5f6fc14f02a0d2/actions - {"actions":[{"id":"action79","type":"key","parameters":{},"actions":[{"type":"keyDown","value":"î€‡"},{"type":"pause","duration":10},{"type":"keyUp","value":"î€‡"}]}]}
RESULT: {"actions":[{"id":"action79","type":"key","parameters":{},"actions":[{"type":"keyDown","value":"î€‡"},{"type":"pause","duration":10},{"type":"keyUp","value":"î€‡"}]}]}
RESULT: undefined
COMMAND: POST /session/582ce5f850a124cd0c5f6fc14f02a0d2/element - {"using":"xpath","value":"//*[@id=\"createOrganizationPop--giZone\"]"}
COMMAND: GET /session/582ce5f850a124cd0c5f6fc14f02a0d2/screenshot - {}
RESULT: {"using":"xpath","value":"//*[@id=\"createOrganizationPop--giZone\"]"}
COMMAND: POST /session/582ce5f850a124cd0c5f6fc14f02a0d2/element/f.92142B0E1996143B500ED3F2A7F6BA2F.d.00EB8A99C2963987F448619374BEA7E9.e.17536/click - {}
RESULT: {}
RESULT: {}
RESULT: undefined
COMMAND: POST /session/582ce5f850a124cd0c5f6fc14f02a0d2/execute/async - {"script":"<script> [776 bytes]","args":[{"enterText":"WD-BIN","selector":{"id":"createOrganizationPop--binNoInput","searchOpenDialogs":true,"interaction":{"idSuffix":"inner"}},"clearTextFirst":true,"interactionType":"ENTER_TEXT"}]}
COMMAND: GET /session/582ce5f850a124cd0c5f6fc14f02a0d2/screenshot - {}
RESULT: {"script":"<script> [776 bytes]","args":[{"enterText":"WD-BIN","selector":{"id":"createOrganizationPop--binNoInput","searchOpenDialogs":true,"interaction":{"idSuffix":"inner"}},"clearTextFirst":true,"interactionType":"ENTER_TEXT"}]}
RESULT: undefined
COMMAND: POST /session/582ce5f850a124cd0c5f6fc14f02a0d2/execute/async - {"script":"<script> [776 bytes]","args":[{"enterText":"WD-BIN","selector":{"id":"createOrganizationPop--descriptionId","searchOpenDialogs":true,"interaction":{"idSuffix":"inner"}},"clearTextFirst":true,"interactionType":"ENTER_TEXT"}]}
RESULT: {}
RESULT: {"script":"<script> [776 bytes]","args":[{"enterText":"WD-BIN","selector":{"id":"createOrganizationPop--descriptionId","searchOpenDialogs":true,"interaction":{"idSuffix":"inner"}},"clearTextFirst":true,"interactionType":"ENTER_TEXT"}]}
COMMAND: POST /session/582ce5f850a124cd0c5f6fc14f02a0d2/execute/async - {"script":"<script> [1562 bytes]","args":[{"selector":{"controlType":"sap.m.CheckBox","viewName":"etm.portal.ui.binstatusreport.view.MasterWareBins","viewId":"application-binstatusreport-display-component---warehousing","bindingPath":{"propertyPath":"/ZONE","modelName":"newBin"},"searchOpenDialogs":true,"interaction":{"idSuffix":"CbBg"}},"wdio_ui5_key":"etmportal.ui.binstatusreport.view.MasterWareBinssap.m.CheckBox{\"propertyPath\":\"/ZONE\",\"modelName\":\"newBin\"}"}]}
RESULT: {"script":"<script> [1562 bytes]","args":[{"selector":{"controlType":"sap.m.CheckBox","viewName":"etm.portal.ui.binstatusreport.view.MasterWareBins","viewId":"application-binstatusreport-display-component---warehousing","bindingPath":{"propertyPath":"/ZONE","modelName":"newBin"},"searchOpenDialogs":true,"interaction":{"idSuffix":"CbBg"}},"wdio_ui5_key":"etmportal.ui.binstatusreport.view.MasterWareBinssap.m.CheckBox{\"propertyPath\":\"/ZONE\",\"modelName\":\"newBin\"}"}]}
RESULT: undefined
COMMAND: POST /session/582ce5f850a124cd0c5f6fc14f02a0d2/element - {"using":"xpath","value":"//*[@id=\"__box59\"]"}
RESULT: {"using":"xpath","value":"//*[@id=\"__box59\"]"}
COMMAND: POST /session/582ce5f850a124cd0c5f6fc14f02a0d2/element/f.92142B0E1996143B500ED3F2A7F6BA2F.d.00EB8A99C2963987F448619374BEA7E9.e.17538/click - {}
RESULT: {}
COMMAND: GET /session/582ce5f850a124cd0c5f6fc14f02a0d2/screenshot - {}
RESULT: {}
RESULT: undefined
COMMAND: POST /session/582ce5f850a124cd0c5f6fc14f02a0d2/execute/async - {"script":"<script> [776 bytes]","args":[{"enterText":"1 - General / No capacity check","selector":{"id":"createOrganizationPop--binTypesCB","searchOpenDialogs":true,"interaction":{"idSuffix":"inner"}},"clearTextFirst":true,"interactionType":"ENTER_TEXT"}]}
RESULT: {"script":"<script> [776 bytes]","args":[{"enterText":"1 - General / No capacity check","selector":{"id":"createOrganizationPop--binTypesCB","searchOpenDialogs":true,"interaction":{"idSuffix":"inner"}},"clearTextFirst":true,"interactionType":"ENTER_TEXT"}]}
COMMAND: POST /session/582ce5f850a124cd0c5f6fc14f02a0d2/execute/async - {"script":"<script> [1562 bytes]","args":[{"selector":{"id":"createOrganizationPop--capacityId","searchOpenDialogs":true,"interaction":{"idSuffix":"inner"}},"wdio_ui5_key":"createOrganizationPopcapacityId"}]}
RESULT: {"script":"<script> [1562 bytes]","args":[{"selector":{"id":"createOrganizationPop--capacityId","searchOpenDialogs":true,"interaction":{"idSuffix":"inner"}},"wdio_ui5_key":"createOrganizationPopcapacityId"}]}
RESULT: undefined
COMMAND: POST /session/582ce5f850a124cd0c5f6fc14f02a0d2/actions - {"actions":[{"id":"action80","type":"key","parameters":{},"actions":[{"type":"keyDown","value":"î€‡"},{"type":"pause","duration":10},{"type":"keyUp","value":"î€‡"}]}]}
RESULT: {"actions":[{"id":"action80","type":"key","parameters":{},"actions":[{"type":"keyDown","value":"î€‡"},{"type":"pause","duration":10},{"type":"keyUp","value":"î€‡"}]}]}
COMMAND: GET /session/582ce5f850a124cd0c5f6fc14f02a0d2/screenshot - {}
RESULT: {}
RESULT: undefined
COMMAND: POST /session/582ce5f850a124cd0c5f6fc14f02a0d2/element - {"using":"xpath","value":"//*[@id=\"createOrganizationPop--finishBtn\"]"}
RESULT: {"using":"xpath","value":"//*[@id=\"createOrganizationPop--finishBtn\"]"}
COMMAND: POST /session/582ce5f850a124cd0c5f6fc14f02a0d2/element/f.92142B0E1996143B500ED3F2A7F6BA2F.d.00EB8A99C2963987F448619374BEA7E9.e.17539/click - {}
RESULT: {}
COMMAND: POST /session/582ce5f850a124cd0c5f6fc14f02a0d2/element - {"using":"css selector","value":"#shell-header-logo"}
COMMAND: GET /session/582ce5f850a124cd0c5f6fc14f02a0d2/screenshot - {}
RESULT: {"using":"css selector","value":"#shell-header-logo"}
COMMAND: POST /session/582ce5f850a124cd0c5f6fc14f02a0d2/element/f.92142B0E1996143B500ED3F2A7F6BA2F.d.00EB8A99C2963987F448619374BEA7E9.e.17393/click - {}
RESULT: {}
RESULT: {}
]]></system-out>
    </testcase>
  </testsuite>
  <testsuite timestamp="2025-04-29T17:51:24" time="411.911" tests="7" failures="2" errors="2" skipped="0">
    <properties>
      <property name="specId" value="0" />
      <property name="suiteName" value="Provide to Site w/ warehouse management w clarification" />
      <property name="capabilities" value="chrome.135_0_7049_96.windows" />
      <property name="file" value="file:///D:/a/1/s/test/specs/HTR/return-from-site-w-warehouse-management-w-clarification.spec.js" />
    </properties>
    <testcase classname="chrome.135_0_7049_96.windows.Provide_to_Site_w/_warehouse_management_w_clarification" name="Should do a stock increase handover" time="92.537">
      <system-out><![CDATA[
COMMAND: POST /session/582ce5f850a124cd0c5f6fc14f02a0d2/execute/async - {"script":"<script> [1562 bytes]","args":[{"selector":{"controlType":"sap.m.GenericTile","properties":{"header":"Manage Handovers"}},"wdio_ui5_key":"sapm.GenericTile{\"header\":\"Manage Handovers\"}"}]}
COMMAND: GET /session/582ce5f850a124cd0c5f6fc14f02a0d2/screenshot - {}
RESULT: {"script":"<script> [1562 bytes]","args":[{"selector":{"controlType":"sap.m.GenericTile","properties":{"header":"Manage Handovers"}},"wdio_ui5_key":"sapm.GenericTile{\"header\":\"Manage Handovers\"}"}]}
RESULT: undefined
COMMAND: POST /session/582ce5f850a124cd0c5f6fc14f02a0d2/element - {"using":"xpath","value":"//*[@id=\"__tile130\"]"}
RESULT: {}
RESULT: {"using":"xpath","value":"//*[@id=\"__tile130\"]"}
COMMAND: POST /session/582ce5f850a124cd0c5f6fc14f02a0d2/element/f.92142B0E1996143B500ED3F2A7F6BA2F.d.00EB8A99C2963987F448619374BEA7E9.e.17545/click - {}
RESULT: {}
COMMAND: GET /session/582ce5f850a124cd0c5f6fc14f02a0d2/screenshot - {}
COMMAND: POST /session/582ce5f850a124cd0c5f6fc14f02a0d2/element - {"using":"xpath","value":"//button[(@data-kt = 'masterHOAddButton')]"}
RESULT: {}
RESULT: {"using":"xpath","value":"//button[(@data-kt = 'masterHOAddButton')]"}
COMMAND: POST /session/582ce5f850a124cd0c5f6fc14f02a0d2/elements - {"using":"xpath","value":"//button[(@data-kt = 'masterHOAddButton')]"}
RESULT: {"using":"xpath","value":"//button[(@data-kt = 'masterHOAddButton')]"}
COMMAND: POST /session/582ce5f850a124cd0c5f6fc14f02a0d2/elements - {"using":"xpath","value":"//button[(@data-kt = 'masterHOAddButton')]"}
RESULT: {"using":"xpath","value":"//button[(@data-kt = 'masterHOAddButton')]"}
COMMAND: POST /session/582ce5f850a124cd0c5f6fc14f02a0d2/element - {"using":"xpath","value":"//button[(@data-kt = 'masterHOAddButton')]"}
RESULT: {"using":"xpath","value":"//button[(@data-kt = 'masterHOAddButton')]"}
COMMAND: POST /session/582ce5f850a124cd0c5f6fc14f02a0d2/element/f.92142B0E1996143B500ED3F2A7F6BA2F.d.00EB8A99C2963987F448619374BEA7E9.e.17576/click - {}
RESULT: {}
COMMAND: POST /session/582ce5f850a124cd0c5f6fc14f02a0d2/element - {"using":"css selector","value":"span[id=\"application-managehandovers-display-component---AddNewHO--typeSelect-label\"]"}
COMMAND: GET /session/582ce5f850a124cd0c5f6fc14f02a0d2/screenshot - {}
RESULT: {"using":"css selector","value":"span[id=\"application-managehandovers-display-component---AddNewHO--typeSelect-label\"]"}
COMMAND: POST /session/582ce5f850a124cd0c5f6fc14f02a0d2/elements - {"using":"css selector","value":"span[id=\"application-managehandovers-display-component---AddNewHO--typeSelect-label\"]"}
RESULT: {}
RESULT: {"using":"css selector","value":"span[id=\"application-managehandovers-display-component---AddNewHO--typeSelect-label\"]"}
COMMAND: POST /session/582ce5f850a124cd0c5f6fc14f02a0d2/element - {"using":"css selector","value":"span[id=\"application-managehandovers-display-component---AddNewHO--typeSelect-label\"]"}
RESULT: {"using":"css selector","value":"span[id=\"application-managehandovers-display-component---AddNewHO--typeSelect-label\"]"}
COMMAND: POST /session/582ce5f850a124cd0c5f6fc14f02a0d2/element/f.92142B0E1996143B500ED3F2A7F6BA2F.d.00EB8A99C2963987F448619374BEA7E9.e.17881/click - {}
RESULT: {}
COMMAND: POST /session/582ce5f850a124cd0c5f6fc14f02a0d2/element - {"using":"css selector","value":"#application-managehandovers-display-component---AddNewHO--oneStep-CB"}
COMMAND: GET /session/582ce5f850a124cd0c5f6fc14f02a0d2/screenshot - {}
RESULT: {"using":"css selector","value":"#application-managehandovers-display-component---AddNewHO--oneStep-CB"}
COMMAND: GET /session/582ce5f850a124cd0c5f6fc14f02a0d2/element/f.92142B0E1996143B500ED3F2A7F6BA2F.d.00EB8A99C2963987F448619374BEA7E9.e.17820/selected - {}
RESULT: {}
RESULT: {}
COMMAND: POST /session/582ce5f850a124cd0c5f6fc14f02a0d2/element - {"using":"xpath","value":"//li[contains(text(), \"stock increase yard\")]"}
COMMAND: GET /session/582ce5f850a124cd0c5f6fc14f02a0d2/screenshot - {}
RESULT: {"using":"xpath","value":"//li[contains(text(), \"stock increase yard\")]"}
COMMAND: POST /session/582ce5f850a124cd0c5f6fc14f02a0d2/element/f.92142B0E1996143B500ED3F2A7F6BA2F.d.00EB8A99C2963987F448619374BEA7E9.e.17884/click - {}
RESULT: {}
RESULT: {}
COMMAND: GET /session/582ce5f850a124cd0c5f6fc14f02a0d2/screenshot - {}
RESULT: {}
COMMAND: POST /session/582ce5f850a124cd0c5f6fc14f02a0d2/element - {"using":"css selector","value":"input[id=\"generalSectionFrg--receiveYard-inner\"]"}
RESULT: {"using":"css selector","value":"input[id=\"generalSectionFrg--receiveYard-inner\"]"}
COMMAND: POST /session/582ce5f850a124cd0c5f6fc14f02a0d2/element/f.92142B0E1996143B500ED3F2A7F6BA2F.d.00EB8A99C2963987F448619374BEA7E9.e.17894/clear - {}
RESULT: {}
COMMAND: POST /session/582ce5f850a124cd0c5f6fc14f02a0d2/element/f.92142B0E1996143B500ED3F2A7F6BA2F.d.00EB8A99C2963987F448619374BEA7E9.e.17894/value - {"text":"418"}
COMMAND: GET /session/582ce5f850a124cd0c5f6fc14f02a0d2/screenshot - {}
RESULT: {"text":"418"}
COMMAND: GET /session/582ce5f850a124cd0c5f6fc14f02a0d2/screenshot - {}
RESULT: {}
RESULT: {}
COMMAND: POST /session/582ce5f850a124cd0c5f6fc14f02a0d2/element - {"using":"css selector","value":"#application-managehandovers-display-component---AddNewHO--dueDate-inner"}
RESULT: {"using":"css selector","value":"#application-managehandovers-display-component---AddNewHO--dueDate-inner"}
COMMAND: POST /session/582ce5f850a124cd0c5f6fc14f02a0d2/element/f.92142B0E1996143B500ED3F2A7F6BA2F.d.00EB8A99C2963987F448619374BEA7E9.e.17888/clear - {}
RESULT: {}
COMMAND: POST /session/582ce5f850a124cd0c5f6fc14f02a0d2/element/f.92142B0E1996143B500ED3F2A7F6BA2F.d.00EB8A99C2963987F448619374BEA7E9.e.17888/value - {"text":"4/29/25"}
COMMAND: GET /session/582ce5f850a124cd0c5f6fc14f02a0d2/screenshot - {}
RESULT: {"text":"4/29/25"}
COMMAND: GET /session/582ce5f850a124cd0c5f6fc14f02a0d2/screenshot - {}
RESULT: {}
RESULT: {}
COMMAND: POST /session/582ce5f850a124cd0c5f6fc14f02a0d2/element - {"using":"xpath","value":"//bdi[(text() = 'Items' or . = 'Items')]"}
RESULT: {"using":"xpath","value":"//bdi[(text() = 'Items' or . = 'Items')]"}
COMMAND: POST /session/582ce5f850a124cd0c5f6fc14f02a0d2/element/f.92142B0E1996143B500ED3F2A7F6BA2F.d.00EB8A99C2963987F448619374BEA7E9.e.17910/click - {}
RESULT: {}
COMMAND: GET /session/582ce5f850a124cd0c5f6fc14f02a0d2/screenshot - {}
RESULT: {}
COMMAND: POST /session/582ce5f850a124cd0c5f6fc14f02a0d2/element - {"using":"xpath","value":"//button[@aria-label=\"Add\"]"}
RESULT: {"using":"xpath","value":"//button[@aria-label=\"Add\"]"}
COMMAND: POST /session/582ce5f850a124cd0c5f6fc14f02a0d2/element/f.92142B0E1996143B500ED3F2A7F6BA2F.d.00EB8A99C2963987F448619374BEA7E9.e.17915/click - {}
RESULT: {}
COMMAND: GET /session/582ce5f850a124cd0c5f6fc14f02a0d2/screenshot - {}
COMMAND: POST /session/582ce5f850a124cd0c5f6fc14f02a0d2/element - {"using":"css selector","value":"input[id= \"application-managehandovers-display-component---AddNewHO--smartFilterBar-btnBasicSearch-I\"]"}
RESULT: {}
RESULT: {"using":"css selector","value":"input[id= \"application-managehandovers-display-component---AddNewHO--smartFilterBar-btnBasicSearch-I\"]"}
COMMAND: POST /session/582ce5f850a124cd0c5f6fc14f02a0d2/element/f.92142B0E1996143B500ED3F2A7F6BA2F.d.00EB8A99C2963987F448619374BEA7E9.e.17918/clear - {}
RESULT: {}
COMMAND: POST /session/582ce5f850a124cd0c5f6fc14f02a0d2/element/f.92142B0E1996143B500ED3F2A7F6BA2F.d.00EB8A99C2963987F448619374BEA7E9.e.17918/value - {"text":"200203"}
COMMAND: GET /session/582ce5f850a124cd0c5f6fc14f02a0d2/screenshot - {}
RESULT: {"text":"200203"}
COMMAND: POST /session/582ce5f850a124cd0c5f6fc14f02a0d2/actions - {"actions":[{"id":"action81","type":"key","parameters":{},"actions":[{"type":"keyDown","value":"î€‡"},{"type":"pause","duration":10},{"type":"keyUp","value":"î€‡"}]}]}
COMMAND: GET /session/582ce5f850a124cd0c5f6fc14f02a0d2/screenshot - {}
RESULT: {}
RESULT: {"actions":[{"id":"action81","type":"key","parameters":{},"actions":[{"type":"keyDown","value":"î€‡"},{"type":"pause","duration":10},{"type":"keyUp","value":"î€‡"}]}]}
COMMAND: POST /session/582ce5f850a124cd0c5f6fc14f02a0d2/element - {"using":"css selector","value":"div[id= \"application-managehandovers-display-component---AddNewHO--smartFilterBar-btnBasicSearch-search\"]"}
COMMAND: GET /session/582ce5f850a124cd0c5f6fc14f02a0d2/screenshot - {}
RESULT: {}
RESULT: {"using":"css selector","value":"div[id= \"application-managehandovers-display-component---AddNewHO--smartFilterBar-btnBasicSearch-search\"]"}
COMMAND: POST /session/582ce5f850a124cd0c5f6fc14f02a0d2/element/f.92142B0E1996143B500ED3F2A7F6BA2F.d.00EB8A99C2963987F448619374BEA7E9.e.18070/click - {}
RESULT: {}
RESULT: {}
COMMAND: GET /session/582ce5f850a124cd0c5f6fc14f02a0d2/screenshot - {}
RESULT: {}
COMMAND: POST /session/582ce5f850a124cd0c5f6fc14f02a0d2/element - {"using":"css selector","value":"div[id= \"application-managehandovers-display-component---AddNewHO--popup-sa-CbBg\"]"}
RESULT: {"using":"css selector","value":"div[id= \"application-managehandovers-display-component---AddNewHO--popup-sa-CbBg\"]"}
COMMAND: POST /session/582ce5f850a124cd0c5f6fc14f02a0d2/element/f.92142B0E1996143B500ED3F2A7F6BA2F.d.00EB8A99C2963987F448619374BEA7E9.e.18071/click - {}
RESULT: {}
COMMAND: POST /session/582ce5f850a124cd0c5f6fc14f02a0d2/element - {"using":"xpath","value":"//bdi[(text() = 'Select' or . = 'Select')]"}
COMMAND: GET /session/582ce5f850a124cd0c5f6fc14f02a0d2/screenshot - {}
RESULT: {"using":"xpath","value":"//bdi[(text() = 'Select' or . = 'Select')]"}
COMMAND: POST /session/582ce5f850a124cd0c5f6fc14f02a0d2/element/f.92142B0E1996143B500ED3F2A7F6BA2F.d.00EB8A99C2963987F448619374BEA7E9.e.18072/click - {}
RESULT: {}
RESULT: {}
COMMAND: GET /session/582ce5f850a124cd0c5f6fc14f02a0d2/screenshot - {}
RESULT: {}
COMMAND: POST /session/582ce5f850a124cd0c5f6fc14f02a0d2/element - {"using":"xpath","value":"//bdi[(text() = 'Save' or . = 'Save')]"}
RESULT: {"using":"xpath","value":"//bdi[(text() = 'Save' or . = 'Save')]"}
COMMAND: POST /session/582ce5f850a124cd0c5f6fc14f02a0d2/element/f.92142B0E1996143B500ED3F2A7F6BA2F.d.00EB8A99C2963987F448619374BEA7E9.e.18076/click - {}
RESULT: {}
COMMAND: GET /session/582ce5f850a124cd0c5f6fc14f02a0d2/screenshot - {}
RESULT: {}
COMMAND: POST /session/582ce5f850a124cd0c5f6fc14f02a0d2/element - {"using":"xpath","value":"//input[contains(@id ,\"receiptDatePicker-inner\")]"}
RESULT: {"using":"xpath","value":"//input[contains(@id ,\"receiptDatePicker-inner\")]"}
COMMAND: POST /session/582ce5f850a124cd0c5f6fc14f02a0d2/element/f.92142B0E1996143B500ED3F2A7F6BA2F.d.00EB8A99C2963987F448619374BEA7E9.e.18103/click - {}
RESULT: {}
COMMAND: POST /session/582ce5f850a124cd0c5f6fc14f02a0d2/element - {"using":"xpath","value":"//input[contains(@id ,\"receiptDatePicker-inner\")]"}
COMMAND: GET /session/582ce5f850a124cd0c5f6fc14f02a0d2/screenshot - {}
RESULT: {"using":"xpath","value":"//input[contains(@id ,\"receiptDatePicker-inner\")]"}
COMMAND: POST /session/582ce5f850a124cd0c5f6fc14f02a0d2/element/f.92142B0E1996143B500ED3F2A7F6BA2F.d.00EB8A99C2963987F448619374BEA7E9.e.18103/clear - {}
RESULT: {}
RESULT: {}
COMMAND: POST /session/582ce5f850a124cd0c5f6fc14f02a0d2/element/f.92142B0E1996143B500ED3F2A7F6BA2F.d.00EB8A99C2963987F448619374BEA7E9.e.18103/value - {"text":"4/29/25"}
COMMAND: GET /session/582ce5f850a124cd0c5f6fc14f02a0d2/screenshot - {}
RESULT: {"text":"4/29/25"}
COMMAND: GET /session/582ce5f850a124cd0c5f6fc14f02a0d2/screenshot - {}
RESULT: {}
RESULT: {}
COMMAND: POST /session/582ce5f850a124cd0c5f6fc14f02a0d2/execute/async - {"script":"<script> [1562 bytes]","args":[{"selector":{"id":"administrationTabFilter","viewName":"etm.portal.ui.managehandovers.view.DetailExecuteHO","interaction":{"idSuffix":"text"}},"wdio_ui5_key":"administrationTabFilteretmportal.ui.managehandovers.view.DetailExecuteHO"}]}
RESULT: {"script":"<script> [1562 bytes]","args":[{"selector":{"id":"administrationTabFilter","viewName":"etm.portal.ui.managehandovers.view.DetailExecuteHO","interaction":{"idSuffix":"text"}},"wdio_ui5_key":"administrationTabFilteretmportal.ui.managehandovers.view.DetailExecuteHO"}]}
RESULT: undefined
COMMAND: POST /session/582ce5f850a124cd0c5f6fc14f02a0d2/element - {"using":"xpath","value":"//*[@id=\"__xmlview61--administrationTabFilter\"]"}
RESULT: {"using":"xpath","value":"//*[@id=\"__xmlview61--administrationTabFilter\"]"}
COMMAND: POST /session/582ce5f850a124cd0c5f6fc14f02a0d2/element/f.92142B0E1996143B500ED3F2A7F6BA2F.d.00EB8A99C2963987F448619374BEA7E9.e.18123/click - {}
RESULT: {}
RESULT: undefined
COMMAND: POST /session/582ce5f850a124cd0c5f6fc14f02a0d2/element - {"using":"xpath","value":"//*[@id=\"__xmlview61--administrationTabFilter\"]"}
COMMAND: GET /session/582ce5f850a124cd0c5f6fc14f02a0d2/screenshot - {}
RESULT: {"using":"xpath","value":"//*[@id=\"__xmlview61--administrationTabFilter\"]"}
COMMAND: POST /session/582ce5f850a124cd0c5f6fc14f02a0d2/element/f.92142B0E1996143B500ED3F2A7F6BA2F.d.00EB8A99C2963987F448619374BEA7E9.e.18123/click - {}
RESULT: {}
RESULT: {}
COMMAND: GET /session/582ce5f850a124cd0c5f6fc14f02a0d2/screenshot - {}
RESULT: {}
COMMAND: POST /session/582ce5f850a124cd0c5f6fc14f02a0d2/element - {"using":"xpath","value":"//bdi[(text() = 'Confirm' or . = 'Confirm')]"}
RESULT: {"using":"xpath","value":"//bdi[(text() = 'Confirm' or . = 'Confirm')]"}
COMMAND: POST /session/582ce5f850a124cd0c5f6fc14f02a0d2/element/f.92142B0E1996143B500ED3F2A7F6BA2F.d.00EB8A99C2963987F448619374BEA7E9.e.18131/click - {}
RESULT: {}
COMMAND: GET /session/582ce5f850a124cd0c5f6fc14f02a0d2/screenshot - {}
RESULT: {}
COMMAND: POST /session/582ce5f850a124cd0c5f6fc14f02a0d2/execute/async - {"script":"<script> [1562 bytes]","args":[{"selector":{"id":"confirmationButton","viewName":"etm.portal.ui.managehandovers.view.DetailExecuteHO","interaction":{"idSuffix":"BDI-content"}},"wdio_ui5_key":"confirmationButtonetmportal.ui.managehandovers.view.DetailExecuteHO"}]}
RESULT: {"script":"<script> [1562 bytes]","args":[{"selector":{"id":"confirmationButton","viewName":"etm.portal.ui.managehandovers.view.DetailExecuteHO","interaction":{"idSuffix":"BDI-content"}},"wdio_ui5_key":"confirmationButtonetmportal.ui.managehandovers.view.DetailExecuteHO"}]}
RESULT: undefined
COMMAND: POST /session/582ce5f850a124cd0c5f6fc14f02a0d2/element - {"using":"xpath","value":"(//*[text()='Receive'])[2]"}
RESULT: {"using":"xpath","value":"(//*[text()='Receive'])[2]"}
COMMAND: GET /session/582ce5f850a124cd0c5f6fc14f02a0d2/element/f.92142B0E1996143B500ED3F2A7F6BA2F.d.00EB8A99C2963987F448619374BEA7E9.e.18135/enabled - {}
RESULT: {}
COMMAND: POST /session/582ce5f850a124cd0c5f6fc14f02a0d2/execute/sync - {"script":"<script> [8489 bytes]","args":[{"element-6066-11e4-a52e-4f735466cecf":"f.92142B0E1996143B500ED3F2A7F6BA2F.d.00EB8A99C2963987F448619374BEA7E9.e.18135","ELEMENT":"f.92142B0E1996143B500ED3F2A7F6BA2F.d.00EB8A99C2963987F448619374BEA7E9.e.18135"}]}
COMMAND: GET /session/582ce5f850a124cd0c5f6fc14f02a0d2/screenshot - {}
RESULT: {"script":"<script> [8489 bytes]","args":[{"element-6066-11e4-a52e-4f735466cecf":"f.92142B0E1996143B500ED3F2A7F6BA2F.d.00EB8A99C2963987F448619374BEA7E9.e.18135","ELEMENT":"f.92142B0E1996143B500ED3F2A7F6BA2F.d.00EB8A99C2963987F448619374BEA7E9.e.18135"}]}
COMMAND: POST /session/582ce5f850a124cd0c5f6fc14f02a0d2/execute/sync - {"script":"<script> [5351 bytes]","args":[{"element-6066-11e4-a52e-4f735466cecf":"f.92142B0E1996143B500ED3F2A7F6BA2F.d.00EB8A99C2963987F448619374BEA7E9.e.18135","ELEMENT":"f.92142B0E1996143B500ED3F2A7F6BA2F.d.00EB8A99C2963987F448619374BEA7E9.e.18135"}]}
COMMAND: GET /session/582ce5f850a124cd0c5f6fc14f02a0d2/screenshot - {}
RESULT: {}
RESULT: {"script":"<script> [5351 bytes]","args":[{"element-6066-11e4-a52e-4f735466cecf":"f.92142B0E1996143B500ED3F2A7F6BA2F.d.00EB8A99C2963987F448619374BEA7E9.e.18135","ELEMENT":"f.92142B0E1996143B500ED3F2A7F6BA2F.d.00EB8A99C2963987F448619374BEA7E9.e.18135"}]}
COMMAND: POST /session/582ce5f850a124cd0c5f6fc14f02a0d2/element/f.92142B0E1996143B500ED3F2A7F6BA2F.d.00EB8A99C2963987F448619374BEA7E9.e.18135/click - {}
COMMAND: GET /session/582ce5f850a124cd0c5f6fc14f02a0d2/screenshot - {}
RESULT: {}
RESULT: {}
COMMAND: GET /session/582ce5f850a124cd0c5f6fc14f02a0d2/screenshot - {}
RESULT: {}
RESULT: {}
COMMAND: POST /session/582ce5f850a124cd0c5f6fc14f02a0d2/element - {"using":"css selector","value":"#shell-header-logo"}
RESULT: {"using":"css selector","value":"#shell-header-logo"}
COMMAND: POST /session/582ce5f850a124cd0c5f6fc14f02a0d2/element/f.92142B0E1996143B500ED3F2A7F6BA2F.d.00EB8A99C2963987F448619374BEA7E9.e.17547/click - {}
RESULT: {}
COMMAND: GET /session/582ce5f850a124cd0c5f6fc14f02a0d2/screenshot - {}
RESULT: {}
]]></system-out>
    </testcase>
    <testcase classname="chrome.135_0_7049_96.windows.Provide_to_Site_w/_warehouse_management_w_clarification" name="Should create a new contract" time="65.985">
      <system-out><![CDATA[
COMMAND: POST /session/582ce5f850a124cd0c5f6fc14f02a0d2/execute/async - {"script":"<script> [1562 bytes]","args":[{"selector":{"controlType":"sap.m.GenericTile","properties":{"header":"Manage Contracts"}},"wdio_ui5_key":"sapm.GenericTile{\"header\":\"Manage Contracts\"}"}]}
RESULT: {"script":"<script> [1562 bytes]","args":[{"selector":{"controlType":"sap.m.GenericTile","properties":{"header":"Manage Contracts"}},"wdio_ui5_key":"sapm.GenericTile{\"header\":\"Manage Contracts\"}"}]}
RESULT: undefined
COMMAND: POST /session/582ce5f850a124cd0c5f6fc14f02a0d2/element - {"using":"xpath","value":"//*[@id=\"__tile132\"]"}
RESULT: {"using":"xpath","value":"//*[@id=\"__tile132\"]"}
COMMAND: POST /session/582ce5f850a124cd0c5f6fc14f02a0d2/element/f.92142B0E1996143B500ED3F2A7F6BA2F.d.00EB8A99C2963987F448619374BEA7E9.e.18426/click - {}
RESULT: {}
COMMAND: GET /session/582ce5f850a124cd0c5f6fc14f02a0d2/screenshot - {}
RESULT: {}
COMMAND: POST /session/582ce5f850a124cd0c5f6fc14f02a0d2/execute/async - {"script":"<script> [1562 bytes]","args":[{"selector":{"controlType":"sap.ui.core.Icon","viewName":"etm.portal.ui.managecontracts.view.Master","properties":{"src":{"regex":{"source":"add"}}}},"wdio_ui5_key":"etmportal.ui.managecontracts.view.Mastersap.ui.core.Icon{\"src\":{\"regex\":{\"source\":\"add\"}}}"}]}
RESULT: {"script":"<script> [1562 bytes]","args":[{"selector":{"controlType":"sap.ui.core.Icon","viewName":"etm.portal.ui.managecontracts.view.Master","properties":{"src":{"regex":{"source":"add"}}}},"wdio_ui5_key":"etmportal.ui.managecontracts.view.Mastersap.ui.core.Icon{\"src\":{\"regex\":{\"source\":\"add\"}}}"}]}
RESULT: undefined
COMMAND: POST /session/582ce5f850a124cd0c5f6fc14f02a0d2/element - {"using":"xpath","value":"//*[@id=\"__button303-img\"]"}
RESULT: {"using":"xpath","value":"//*[@id=\"__button303-img\"]"}
COMMAND: POST /session/582ce5f850a124cd0c5f6fc14f02a0d2/element/f.92142B0E1996143B500ED3F2A7F6BA2F.d.00EB8A99C2963987F448619374BEA7E9.e.18499/click - {}
RESULT: {}
COMMAND: POST /session/582ce5f850a124cd0c5f6fc14f02a0d2/execute/async - {"script":"<script> [1562 bytes]","args":[{"selector":{"id":"application-managecontracts-display-component---AddNewContract--projectDescription","interaction":{"idSuffix":"inner"}},"wdio_ui5_key":"applicationmanagecontracts-display-component---AddNewContract--projectDescription"}]}
COMMAND: GET /session/582ce5f850a124cd0c5f6fc14f02a0d2/screenshot - {}
RESULT: {"script":"<script> [1562 bytes]","args":[{"selector":{"id":"application-managecontracts-display-component---AddNewContract--projectDescription","interaction":{"idSuffix":"inner"}},"wdio_ui5_key":"applicationmanagecontracts-display-component---AddNewContract--projectDescription"}]}
RESULT: undefined
COMMAND: POST /session/582ce5f850a124cd0c5f6fc14f02a0d2/execute/async - {"script":"<script> [776 bytes]","args":[{"enterText":"wdi5 contract for billing","selector":{"id":"application-managecontracts-display-component---AddNewContract--projectDescription","interaction":{"idSuffix":"inner"}},"clearTextFirst":true,"interactionType":"ENTER_TEXT"}]}
RESULT: {}
RESULT: {"script":"<script> [776 bytes]","args":[{"enterText":"wdi5 contract for billing","selector":{"id":"application-managecontracts-display-component---AddNewContract--projectDescription","interaction":{"idSuffix":"inner"}},"clearTextFirst":true,"interactionType":"ENTER_TEXT"}]}
COMMAND: POST /session/582ce5f850a124cd0c5f6fc14f02a0d2/element - {"using":"xpath","value":"//input[@id=\"application-managecontracts-display-component---AddNewContract--customerSelect-inner\"]"}
RESULT: {"using":"xpath","value":"//input[@id=\"application-managecontracts-display-component---AddNewContract--customerSelect-inner\"]"}
COMMAND: POST /session/582ce5f850a124cd0c5f6fc14f02a0d2/element/f.92142B0E1996143B500ED3F2A7F6BA2F.d.00EB8A99C2963987F448619374BEA7E9.e.18763/clear - {}
RESULT: {}
COMMAND: POST /session/582ce5f850a124cd0c5f6fc14f02a0d2/element/f.92142B0E1996143B500ED3F2A7F6BA2F.d.00EB8A99C2963987F448619374BEA7E9.e.18763/value - {"text":"1287"}
COMMAND: GET /session/582ce5f850a124cd0c5f6fc14f02a0d2/screenshot - {}
RESULT: {"text":"1287"}
COMMAND: GET /session/582ce5f850a124cd0c5f6fc14f02a0d2/screenshot - {}
RESULT: {}
RESULT: {}
COMMAND: POST /session/582ce5f850a124cd0c5f6fc14f02a0d2/actions - {"actions":[{"id":"action82","type":"key","parameters":{},"actions":[{"type":"keyDown","value":"î€‡"},{"type":"pause","duration":10},{"type":"keyUp","value":"î€‡"}]}]}
RESULT: {"actions":[{"id":"action82","type":"key","parameters":{},"actions":[{"type":"keyDown","value":"î€‡"},{"type":"pause","duration":10},{"type":"keyUp","value":"î€‡"}]}]}
COMMAND: POST /session/582ce5f850a124cd0c5f6fc14f02a0d2/element - {"using":"xpath","value":"//input[@id=\"application-managecontracts-display-component---AddNewContract--site-inner\"]"}
COMMAND: GET /session/582ce5f850a124cd0c5f6fc14f02a0d2/screenshot - {}
RESULT: {"using":"xpath","value":"//input[@id=\"application-managecontracts-display-component---AddNewContract--site-inner\"]"}
COMMAND: POST /session/582ce5f850a124cd0c5f6fc14f02a0d2/element/f.92142B0E1996143B500ED3F2A7F6BA2F.d.00EB8A99C2963987F448619374BEA7E9.e.18764/clear - {}
RESULT: {}
RESULT: {}
COMMAND: POST /session/582ce5f850a124cd0c5f6fc14f02a0d2/element/f.92142B0E1996143B500ED3F2A7F6BA2F.d.00EB8A99C2963987F448619374BEA7E9.e.18764/value - {"text":"2258"}
COMMAND: GET /session/582ce5f850a124cd0c5f6fc14f02a0d2/screenshot - {}
RESULT: {"text":"2258"}
COMMAND: GET /session/582ce5f850a124cd0c5f6fc14f02a0d2/screenshot - {}
RESULT: {}
RESULT: {}
COMMAND: POST /session/582ce5f850a124cd0c5f6fc14f02a0d2/actions - {"actions":[{"id":"action83","type":"key","parameters":{},"actions":[{"type":"keyDown","value":"î€‡"},{"type":"pause","duration":10},{"type":"keyUp","value":"î€‡"}]}]}
RESULT: {"actions":[{"id":"action83","type":"key","parameters":{},"actions":[{"type":"keyDown","value":"î€‡"},{"type":"pause","duration":10},{"type":"keyUp","value":"î€‡"}]}]}
COMMAND: POST /session/582ce5f850a124cd0c5f6fc14f02a0d2/execute/async - {"script":"<script> [1562 bytes]","args":[{"selector":{"id":"application-managecontracts-display-component---AddNewContract--calendarInput","interaction":{"idSuffix":"inner"}},"wdio_ui5_key":"applicationmanagecontracts-display-component---AddNewContract--calendarInput"}]}
COMMAND: GET /session/582ce5f850a124cd0c5f6fc14f02a0d2/screenshot - {}
RESULT: {"script":"<script> [1562 bytes]","args":[{"selector":{"id":"application-managecontracts-display-component---AddNewContract--calendarInput","interaction":{"idSuffix":"inner"}},"wdio_ui5_key":"applicationmanagecontracts-display-component---AddNewContract--calendarInput"}]}
RESULT: undefined
COMMAND: POST /session/582ce5f850a124cd0c5f6fc14f02a0d2/execute/async - {"script":"<script> [776 bytes]","args":[{"enterText":"1 - Calendar unit test patch","selector":{"id":"application-managecontracts-display-component---AddNewContract--calendarInput","interaction":{"idSuffix":"inner"}},"clearTextFirst":true,"interactionType":"ENTER_TEXT"}]}
RESULT: {}
RESULT: {"script":"<script> [776 bytes]","args":[{"enterText":"1 - Calendar unit test patch","selector":{"id":"application-managecontracts-display-component---AddNewContract--calendarInput","interaction":{"idSuffix":"inner"}},"clearTextFirst":true,"interactionType":"ENTER_TEXT"}]}
COMMAND: POST /session/582ce5f850a124cd0c5f6fc14f02a0d2/actions - {"actions":[{"id":"action84","type":"key","parameters":{},"actions":[{"type":"keyDown","value":"î€‡"},{"type":"pause","duration":10},{"type":"keyUp","value":"î€‡"}]}]}
RESULT: {"actions":[{"id":"action84","type":"key","parameters":{},"actions":[{"type":"keyDown","value":"î€‡"},{"type":"pause","duration":10},{"type":"keyUp","value":"î€‡"}]}]}
COMMAND: POST /session/582ce5f850a124cd0c5f6fc14f02a0d2/execute/async - {"script":"<script> [1562 bytes]","args":[{"selector":{"id":"application-managecontracts-display-component---AddNewContract--languageCB","interaction":{"idSuffix":"inner"}},"wdio_ui5_key":"applicationmanagecontracts-display-component---AddNewContract--languageCB"}]}
COMMAND: GET /session/582ce5f850a124cd0c5f6fc14f02a0d2/screenshot - {}
RESULT: {"script":"<script> [1562 bytes]","args":[{"selector":{"id":"application-managecontracts-display-component---AddNewContract--languageCB","interaction":{"idSuffix":"inner"}},"wdio_ui5_key":"applicationmanagecontracts-display-component---AddNewContract--languageCB"}]}
RESULT: undefined
COMMAND: POST /session/582ce5f850a124cd0c5f6fc14f02a0d2/execute/async - {"script":"<script> [776 bytes]","args":[{"enterText":"EN - English","selector":{"id":"application-managecontracts-display-component---AddNewContract--languageCB","interaction":{"idSuffix":"inner"}},"clearTextFirst":true,"interactionType":"ENTER_TEXT"}]}
RESULT: {}
RESULT: {"script":"<script> [776 bytes]","args":[{"enterText":"EN - English","selector":{"id":"application-managecontracts-display-component---AddNewContract--languageCB","interaction":{"idSuffix":"inner"}},"clearTextFirst":true,"interactionType":"ENTER_TEXT"}]}
COMMAND: POST /session/582ce5f850a124cd0c5f6fc14f02a0d2/actions - {"actions":[{"id":"action85","type":"key","parameters":{},"actions":[{"type":"keyDown","value":"î€‡"},{"type":"pause","duration":10},{"type":"keyUp","value":"î€‡"}]}]}
RESULT: {"actions":[{"id":"action85","type":"key","parameters":{},"actions":[{"type":"keyDown","value":"î€‡"},{"type":"pause","duration":10},{"type":"keyUp","value":"î€‡"}]}]}
COMMAND: POST /session/582ce5f850a124cd0c5f6fc14f02a0d2/execute/async - {"script":"<script> [1562 bytes]","args":[{"selector":{"id":"application-managecontracts-display-component---AddNewContract--saveBtn","interaction":{"idSuffix":"BDI-content"}},"wdio_ui5_key":"applicationmanagecontracts-display-component---AddNewContract--saveBtn"}]}
COMMAND: GET /session/582ce5f850a124cd0c5f6fc14f02a0d2/screenshot - {}
RESULT: {"script":"<script> [1562 bytes]","args":[{"selector":{"id":"application-managecontracts-display-component---AddNewContract--saveBtn","interaction":{"idSuffix":"BDI-content"}},"wdio_ui5_key":"applicationmanagecontracts-display-component---AddNewContract--saveBtn"}]}
RESULT: undefined
COMMAND: POST /session/582ce5f850a124cd0c5f6fc14f02a0d2/element - {"using":"xpath","value":"//*[@id=\"application-managecontracts-display-component---AddNewContract--saveBtn\"]"}
RESULT: {}
RESULT: {"using":"xpath","value":"//*[@id=\"application-managecontracts-display-component---AddNewContract--saveBtn\"]"}
COMMAND: POST /session/582ce5f850a124cd0c5f6fc14f02a0d2/element/f.92142B0E1996143B500ED3F2A7F6BA2F.d.00EB8A99C2963987F448619374BEA7E9.e.18781/click - {}
RESULT: {}
COMMAND: GET /session/582ce5f850a124cd0c5f6fc14f02a0d2/screenshot - {}
RESULT: {}
COMMAND: POST /session/582ce5f850a124cd0c5f6fc14f02a0d2/execute/async - {"script":"<script> [1562 bytes]","args":[{"selector":{"id":"contractDetailTitleNoExpanded","viewName":"etm.portal.ui.managecontracts.view.Detail"},"wdio_ui5_key":"contractDetailTitleNoExpandedetmportal.ui.managecontracts.view.Detail"}]}
RESULT: {"script":"<script> [1562 bytes]","args":[{"selector":{"id":"contractDetailTitleNoExpanded","viewName":"etm.portal.ui.managecontracts.view.Detail"},"wdio_ui5_key":"contractDetailTitleNoExpandedetmportal.ui.managecontracts.view.Detail"}]}
RESULT: undefined
COMMAND: POST /session/582ce5f850a124cd0c5f6fc14f02a0d2/execute/async - {"script":"<script> [6424 bytes]","args":[{"element-6066-11e4-a52e-4f735466cecf":"f.92142B0E1996143B500ED3F2A7F6BA2F.d.00EB8A99C2963987F448619374BEA7E9.e.18808"},"getText",[]]}
RESULT: {"script":"<script> [6424 bytes]","args":[{"element-6066-11e4-a52e-4f735466cecf":"f.92142B0E1996143B500ED3F2A7F6BA2F.d.00EB8A99C2963987F448619374BEA7E9.e.18808"},"getText",[]]}
]]></system-out>
    </testcase>
    <testcase classname="chrome.135_0_7049_96.windows.Provide_to_Site_w/_warehouse_management_w_clarification" name="Should add resource to the contract" time="63.282">
      <system-out><![CDATA[
COMMAND: POST /session/582ce5f850a124cd0c5f6fc14f02a0d2/execute/async - {"script":"<script> [1562 bytes]","args":[{"selector":{"id":"contractDetailEditBtn","viewName":"etm.portal.ui.managecontracts.view.Detail","interaction":{"idSuffix":"BDI-content"}},"wdio_ui5_key":"contractDetailEditBtnetmportal.ui.managecontracts.view.Detail"}]}
RESULT: {"script":"<script> [1562 bytes]","args":[{"selector":{"id":"contractDetailEditBtn","viewName":"etm.portal.ui.managecontracts.view.Detail","interaction":{"idSuffix":"BDI-content"}},"wdio_ui5_key":"contractDetailEditBtnetmportal.ui.managecontracts.view.Detail"}]}
RESULT: undefined
COMMAND: POST /session/582ce5f850a124cd0c5f6fc14f02a0d2/element - {"using":"xpath","value":"//*[@id=\"__xmlview63--contractDetailEditBtn\"]"}
RESULT: {"using":"xpath","value":"//*[@id=\"__xmlview63--contractDetailEditBtn\"]"}
COMMAND: POST /session/582ce5f850a124cd0c5f6fc14f02a0d2/element/f.92142B0E1996143B500ED3F2A7F6BA2F.d.00EB8A99C2963987F448619374BEA7E9.e.18810/click - {}
RESULT: {}
COMMAND: GET /session/582ce5f850a124cd0c5f6fc14f02a0d2/screenshot - {}
RESULT: {}
COMMAND: POST /session/582ce5f850a124cd0c5f6fc14f02a0d2/execute/async - {"script":"<script> [1562 bytes]","args":[{"selector":{"id":"additionalAddressesTabFilter","viewName":"etm.portal.ui.managecontracts.view.EditContract","interaction":{"idSuffix":"text"}},"wdio_ui5_key":"additionalAddressesTabFilteretmportal.ui.managecontracts.view.EditContract"}]}
RESULT: {"script":"<script> [1562 bytes]","args":[{"selector":{"id":"additionalAddressesTabFilter","viewName":"etm.portal.ui.managecontracts.view.EditContract","interaction":{"idSuffix":"text"}},"wdio_ui5_key":"additionalAddressesTabFilteretmportal.ui.managecontracts.view.EditContract"}]}
RESULT: undefined
COMMAND: POST /session/582ce5f850a124cd0c5f6fc14f02a0d2/element - {"using":"xpath","value":"//*[@id=\"__xmlview64--additionalAddressesTabFilter\"]"}
RESULT: {"using":"xpath","value":"//*[@id=\"__xmlview64--additionalAddressesTabFilter\"]"}
COMMAND: POST /session/582ce5f850a124cd0c5f6fc14f02a0d2/element/f.92142B0E1996143B500ED3F2A7F6BA2F.d.00EB8A99C2963987F448619374BEA7E9.e.18867/click - {}
RESULT: {}
RESULT: undefined
COMMAND: POST /session/582ce5f850a124cd0c5f6fc14f02a0d2/element - {"using":"xpath","value":"//*[@id=\"__xmlview64--additionalAddressesTabFilter\"]"}
COMMAND: GET /session/582ce5f850a124cd0c5f6fc14f02a0d2/screenshot - {}
RESULT: {"using":"xpath","value":"//*[@id=\"__xmlview64--additionalAddressesTabFilter\"]"}
COMMAND: POST /session/582ce5f850a124cd0c5f6fc14f02a0d2/element/f.92142B0E1996143B500ED3F2A7F6BA2F.d.00EB8A99C2963987F448619374BEA7E9.e.18867/click - {}
RESULT: {}
RESULT: {}
COMMAND: POST /session/582ce5f850a124cd0c5f6fc14f02a0d2/execute/async - {"script":"<script> [1562 bytes]","args":[{"selector":{"controlType":"sap.ui.core.Icon","viewName":"etm.portal.ui.managecontracts.view.EditContract","properties":{"src":{"regex":{"source":"add"}}}},"wdio_ui5_key":"etmportal.ui.managecontracts.view.EditContractsap.ui.core.Icon{\"src\":{\"regex\":{\"source\":\"add\"}}}"}]}
COMMAND: GET /session/582ce5f850a124cd0c5f6fc14f02a0d2/screenshot - {}
RESULT: {"script":"<script> [1562 bytes]","args":[{"selector":{"controlType":"sap.ui.core.Icon","viewName":"etm.portal.ui.managecontracts.view.EditContract","properties":{"src":{"regex":{"source":"add"}}}},"wdio_ui5_key":"etmportal.ui.managecontracts.view.EditContractsap.ui.core.Icon{\"src\":{\"regex\":{\"source\":\"add\"}}}"}]}
RESULT: undefined
COMMAND: POST /session/582ce5f850a124cd0c5f6fc14f02a0d2/element - {"using":"xpath","value":"//*[@id=\"__xmlview64--btnAddTableRow-img\"]"}
RESULT: {}
RESULT: {"using":"xpath","value":"//*[@id=\"__xmlview64--btnAddTableRow-img\"]"}
COMMAND: POST /session/582ce5f850a124cd0c5f6fc14f02a0d2/element/f.92142B0E1996143B500ED3F2A7F6BA2F.d.00EB8A99C2963987F448619374BEA7E9.e.18872/click - {}
RESULT: {}
COMMAND: POST /session/582ce5f850a124cd0c5f6fc14f02a0d2/element - {"using":"xpath","value":"//div[(text() = 'Standard Entry' or . = 'Standard Entry')]"}
COMMAND: GET /session/582ce5f850a124cd0c5f6fc14f02a0d2/screenshot - {}
RESULT: {"using":"xpath","value":"//div[(text() = 'Standard Entry' or . = 'Standard Entry')]"}
COMMAND: POST /session/582ce5f850a124cd0c5f6fc14f02a0d2/element/f.92142B0E1996143B500ED3F2A7F6BA2F.d.00EB8A99C2963987F448619374BEA7E9.e.18874/click - {}
RESULT: {}
RESULT: {}
COMMAND: POST /session/582ce5f850a124cd0c5f6fc14f02a0d2/execute/async - {"script":"<script> [1562 bytes]","args":[{"selector":{"controlType":"sap.ui.core.Icon","viewName":"etm.portal.ui.managecontracts.view.EditContract","properties":{"src":{"regex":{"source":"inspect"}}}},"wdio_ui5_key":"etmportal.ui.managecontracts.view.EditContractsap.ui.core.Icon{\"src\":{\"regex\":{\"source\":\"inspect\"}}}"}]}
COMMAND: GET /session/582ce5f850a124cd0c5f6fc14f02a0d2/screenshot - {}
RESULT: {"script":"<script> [1562 bytes]","args":[{"selector":{"controlType":"sap.ui.core.Icon","viewName":"etm.portal.ui.managecontracts.view.EditContract","properties":{"src":{"regex":{"source":"inspect"}}}},"wdio_ui5_key":"etmportal.ui.managecontracts.view.EditContractsap.ui.core.Icon{\"src\":{\"regex\":{\"source\":\"inspect\"}}}"}]}
RESULT: undefined
COMMAND: POST /session/582ce5f850a124cd0c5f6fc14f02a0d2/element - {"using":"xpath","value":"//*[@id=\"__button329-img\"]"}
RESULT: {}
RESULT: {"using":"xpath","value":"//*[@id=\"__button329-img\"]"}
COMMAND: POST /session/582ce5f850a124cd0c5f6fc14f02a0d2/element/f.92142B0E1996143B500ED3F2A7F6BA2F.d.00EB8A99C2963987F448619374BEA7E9.e.18886/click - {}
RESULT: {}
COMMAND: GET /session/582ce5f850a124cd0c5f6fc14f02a0d2/screenshot - {}
RESULT: {}
COMMAND: POST /session/582ce5f850a124cd0c5f6fc14f02a0d2/element - {"using":"xpath","value":"//td[6]/div/div/input[1]"}
RESULT: {"using":"xpath","value":"//td[6]/div/div/input[1]"}
COMMAND: POST /session/582ce5f850a124cd0c5f6fc14f02a0d2/element/f.92142B0E1996143B500ED3F2A7F6BA2F.d.00EB8A99C2963987F448619374BEA7E9.e.18876/clear - {}
RESULT: {}
COMMAND: GET /session/582ce5f850a124cd0c5f6fc14f02a0d2/screenshot - {}
RESULT: {}
COMMAND: POST /session/582ce5f850a124cd0c5f6fc14f02a0d2/element - {"using":"xpath","value":"//td[6]/div/div/input[1]"}
RESULT: {"using":"xpath","value":"//td[6]/div/div/input[1]"}
COMMAND: POST /session/582ce5f850a124cd0c5f6fc14f02a0d2/element/f.92142B0E1996143B500ED3F2A7F6BA2F.d.00EB8A99C2963987F448619374BEA7E9.e.18902/click - {}
RESULT: {}
COMMAND: POST /session/582ce5f850a124cd0c5f6fc14f02a0d2/actions - {"actions":[{"id":"action86","type":"key","parameters":{},"actions":[{"type":"keyDown","value":"î€ƒ"},{"type":"pause","duration":10},{"type":"keyUp","value":"î€ƒ"}]}]}
COMMAND: GET /session/582ce5f850a124cd0c5f6fc14f02a0d2/screenshot - {}
RESULT: {"actions":[{"id":"action86","type":"key","parameters":{},"actions":[{"type":"keyDown","value":"î€ƒ"},{"type":"pause","duration":10},{"type":"keyUp","value":"î€ƒ"}]}]}
COMMAND: POST /session/582ce5f850a124cd0c5f6fc14f02a0d2/element - {"using":"xpath","value":"//td[6]/div/div/input[1]"}
COMMAND: GET /session/582ce5f850a124cd0c5f6fc14f02a0d2/screenshot - {}
RESULT: {}
RESULT: {"using":"xpath","value":"//td[6]/div/div/input[1]"}
COMMAND: POST /session/582ce5f850a124cd0c5f6fc14f02a0d2/element/f.92142B0E1996143B500ED3F2A7F6BA2F.d.00EB8A99C2963987F448619374BEA7E9.e.18902/clear - {}
RESULT: {}
RESULT: {}
COMMAND: POST /session/582ce5f850a124cd0c5f6fc14f02a0d2/element/f.92142B0E1996143B500ED3F2A7F6BA2F.d.00EB8A99C2963987F448619374BEA7E9.e.18902/value - {"text":"Material"}
COMMAND: GET /session/582ce5f850a124cd0c5f6fc14f02a0d2/screenshot - {}
RESULT: {"text":"Material"}
COMMAND: GET /session/582ce5f850a124cd0c5f6fc14f02a0d2/screenshot - {}
RESULT: {}
RESULT: {}
COMMAND: POST /session/582ce5f850a124cd0c5f6fc14f02a0d2/actions - {"actions":[{"id":"action87","type":"key","parameters":{},"actions":[{"type":"keyDown","value":"î€‡"},{"type":"pause","duration":10},{"type":"keyUp","value":"î€‡"}]}]}
RESULT: {"actions":[{"id":"action87","type":"key","parameters":{},"actions":[{"type":"keyDown","value":"î€‡"},{"type":"pause","duration":10},{"type":"keyUp","value":"î€‡"}]}]}
COMMAND: POST /session/582ce5f850a124cd0c5f6fc14f02a0d2/element - {"using":"xpath","value":"//td[7]/div/div/input[1]"}
COMMAND: GET /session/582ce5f850a124cd0c5f6fc14f02a0d2/screenshot - {}
RESULT: {"using":"xpath","value":"//td[7]/div/div/input[1]"}
COMMAND: POST /session/582ce5f850a124cd0c5f6fc14f02a0d2/element/f.92142B0E1996143B500ED3F2A7F6BA2F.d.00EB8A99C2963987F448619374BEA7E9.e.18924/clear - {}
RESULT: {}
RESULT: {}
COMMAND: POST /session/582ce5f850a124cd0c5f6fc14f02a0d2/element/f.92142B0E1996143B500ED3F2A7F6BA2F.d.00EB8A99C2963987F448619374BEA7E9.e.18924/value - {"text":"200203"}
COMMAND: GET /session/582ce5f850a124cd0c5f6fc14f02a0d2/screenshot - {}
RESULT: {"text":"200203"}
COMMAND: GET /session/582ce5f850a124cd0c5f6fc14f02a0d2/screenshot - {}
RESULT: {}
RESULT: {}
COMMAND: POST /session/582ce5f850a124cd0c5f6fc14f02a0d2/actions - {"actions":[{"id":"action88","type":"key","parameters":{},"actions":[{"type":"keyDown","value":"î€‡"},{"type":"pause","duration":10},{"type":"keyUp","value":"î€‡"}]}]}
RESULT: {"actions":[{"id":"action88","type":"key","parameters":{},"actions":[{"type":"keyDown","value":"î€‡"},{"type":"pause","duration":10},{"type":"keyUp","value":"î€‡"}]}]}
COMMAND: POST /session/582ce5f850a124cd0c5f6fc14f02a0d2/execute/async - {"script":"<script> [1562 bytes]","args":[{"selector":{"controlType":"sap.m.Button","properties":{"text":"OK"},"searchOpenDialogs":true,"interaction":{"idSuffix":"BDI-content"}},"wdio_ui5_key":"sapm.Button{\"text\":\"OK\"}"}]}
COMMAND: GET /session/582ce5f850a124cd0c5f6fc14f02a0d2/screenshot - {}
RESULT: {"script":"<script> [1562 bytes]","args":[{"selector":{"controlType":"sap.m.Button","properties":{"text":"OK"},"searchOpenDialogs":true,"interaction":{"idSuffix":"BDI-content"}},"wdio_ui5_key":"sapm.Button{\"text\":\"OK\"}"}]}
RESULT: undefined
COMMAND: POST /session/582ce5f850a124cd0c5f6fc14f02a0d2/element - {"using":"xpath","value":"//*[@id=\"__mbox-btn-1\"]"}
RESULT: {}
RESULT: {"using":"xpath","value":"//*[@id=\"__mbox-btn-1\"]"}
COMMAND: POST /session/582ce5f850a124cd0c5f6fc14f02a0d2/element/f.92142B0E1996143B500ED3F2A7F6BA2F.d.00EB8A99C2963987F448619374BEA7E9.e.18945/click - {}
RESULT: {}
COMMAND: POST /session/582ce5f850a124cd0c5f6fc14f02a0d2/execute/async - {"script":"<script> [1562 bytes]","args":[{"selector":{"id":"saveBtn","viewName":"etm.portal.ui.managecontracts.view.EditContract","interaction":{"idSuffix":"BDI-content"}},"wdio_ui5_key":"saveBtnetmportal.ui.managecontracts.view.EditContract"}]}
COMMAND: GET /session/582ce5f850a124cd0c5f6fc14f02a0d2/screenshot - {}
RESULT: {"script":"<script> [1562 bytes]","args":[{"selector":{"id":"saveBtn","viewName":"etm.portal.ui.managecontracts.view.EditContract","interaction":{"idSuffix":"BDI-content"}},"wdio_ui5_key":"saveBtnetmportal.ui.managecontracts.view.EditContract"}]}
RESULT: undefined
COMMAND: POST /session/582ce5f850a124cd0c5f6fc14f02a0d2/element - {"using":"xpath","value":"//*[@id=\"__xmlview64--saveBtn\"]"}
RESULT: {}
RESULT: {"using":"xpath","value":"//*[@id=\"__xmlview64--saveBtn\"]"}
COMMAND: POST /session/582ce5f850a124cd0c5f6fc14f02a0d2/element/f.92142B0E1996143B500ED3F2A7F6BA2F.d.00EB8A99C2963987F448619374BEA7E9.e.18971/click - {}
RESULT: {}
COMMAND: GET /session/582ce5f850a124cd0c5f6fc14f02a0d2/screenshot - {}
RESULT: {}
COMMAND: POST /session/582ce5f850a124cd0c5f6fc14f02a0d2/execute/async - {"script":"<script> [1562 bytes]","args":[{"selector":{"id":"additionalAddressesTabFilter","viewName":"etm.portal.ui.managecontracts.view.Detail","interaction":{"idSuffix":"text"}},"wdio_ui5_key":"additionalAddressesTabFilteretmportal.ui.managecontracts.view.Detail"}]}
RESULT: {"script":"<script> [1562 bytes]","args":[{"selector":{"id":"additionalAddressesTabFilter","viewName":"etm.portal.ui.managecontracts.view.Detail","interaction":{"idSuffix":"text"}},"wdio_ui5_key":"additionalAddressesTabFilteretmportal.ui.managecontracts.view.Detail"}]}
RESULT: undefined
COMMAND: POST /session/582ce5f850a124cd0c5f6fc14f02a0d2/element - {"using":"xpath","value":"//*[@id=\"__xmlview63--additionalAddressesTabFilter\"]"}
RESULT: {"using":"xpath","value":"//*[@id=\"__xmlview63--additionalAddressesTabFilter\"]"}
COMMAND: POST /session/582ce5f850a124cd0c5f6fc14f02a0d2/element/f.92142B0E1996143B500ED3F2A7F6BA2F.d.00EB8A99C2963987F448619374BEA7E9.e.18975/click - {}
RESULT: {}
COMMAND: POST /session/582ce5f850a124cd0c5f6fc14f02a0d2/execute/async - {"script":"<script> [1562 bytes]","args":[{"selector":{"id":"contractDetailProvideButton","viewName":"etm.portal.ui.managecontracts.view.Detail","interaction":{"idSuffix":"BDI-content"}},"wdio_ui5_key":"contractDetailProvideButtonetmportal.ui.managecontracts.view.Detail"}]}
COMMAND: GET /session/582ce5f850a124cd0c5f6fc14f02a0d2/screenshot - {}
RESULT: {"script":"<script> [1562 bytes]","args":[{"selector":{"id":"contractDetailProvideButton","viewName":"etm.portal.ui.managecontracts.view.Detail","interaction":{"idSuffix":"BDI-content"}},"wdio_ui5_key":"contractDetailProvideButtonetmportal.ui.managecontracts.view.Detail"}]}
RESULT: undefined
COMMAND: POST /session/582ce5f850a124cd0c5f6fc14f02a0d2/element - {"using":"xpath","value":"//*[@id=\"__xmlview63--contractDetailProvideButton\"]"}
RESULT: {}
RESULT: {"using":"xpath","value":"//*[@id=\"__xmlview63--contractDetailProvideButton\"]"}
COMMAND: POST /session/582ce5f850a124cd0c5f6fc14f02a0d2/element/f.92142B0E1996143B500ED3F2A7F6BA2F.d.00EB8A99C2963987F448619374BEA7E9.e.18982/click - {}
RESULT: {}
COMMAND: GET /session/582ce5f850a124cd0c5f6fc14f02a0d2/screenshot - {}
]]></system-out>
    </testcase>
    <testcase classname="chrome.135_0_7049_96.windows.Provide_to_Site_w/_warehouse_management_w_clarification" name="Should Create HandOvers provide to site" time="70.449">
      <system-out><![CDATA[
COMMAND: POST /session/582ce5f850a124cd0c5f6fc14f02a0d2/element - {"using":"css selector","value":"#application-managehandovers-display-component---AddNewHO--dueDate-inner"}
RESULT: {}
RESULT: {"using":"css selector","value":"#application-managehandovers-display-component---AddNewHO--dueDate-inner"}
COMMAND: POST /session/582ce5f850a124cd0c5f6fc14f02a0d2/element/f.92142B0E1996143B500ED3F2A7F6BA2F.d.00EB8A99C2963987F448619374BEA7E9.e.19057/clear - {}
RESULT: {}
COMMAND: POST /session/582ce5f850a124cd0c5f6fc14f02a0d2/element/f.92142B0E1996143B500ED3F2A7F6BA2F.d.00EB8A99C2963987F448619374BEA7E9.e.19057/value - {"text":"4/29/25"}
COMMAND: GET /session/582ce5f850a124cd0c5f6fc14f02a0d2/screenshot - {}
RESULT: {"text":"4/29/25"}
COMMAND: POST /session/582ce5f850a124cd0c5f6fc14f02a0d2/element - {"using":"xpath","value":"//bdi[(text() = 'Items' or . = 'Items')]"}
COMMAND: GET /session/582ce5f850a124cd0c5f6fc14f02a0d2/screenshot - {}
RESULT: {}
RESULT: {"using":"xpath","value":"//bdi[(text() = 'Items' or . = 'Items')]"}
COMMAND: POST /session/582ce5f850a124cd0c5f6fc14f02a0d2/element/f.92142B0E1996143B500ED3F2A7F6BA2F.d.00EB8A99C2963987F448619374BEA7E9.e.19171/click - {}
RESULT: {}
RESULT: {}
COMMAND: POST /session/582ce5f850a124cd0c5f6fc14f02a0d2/execute/async - {"script":"<script> [1562 bytes]","args":[{"selector":{"controlType":"sap.m.Button","viewName":"etm.portal.ui.managehandovers.view.AddNewHO","viewId":"application-managehandovers-display-component---AddNewHO","i18NText":{"propertyName":"tooltip","key":"addItems"}},"wdio_ui5_key":"etmportal.ui.managehandovers.view.AddNewHOsap.m.Button{\"propertyName\":\"tooltip\",\"key\":\"addItems\"}"}]}
COMMAND: GET /session/582ce5f850a124cd0c5f6fc14f02a0d2/screenshot - {}
RESULT: {"script":"<script> [1562 bytes]","args":[{"selector":{"controlType":"sap.m.Button","viewName":"etm.portal.ui.managehandovers.view.AddNewHO","viewId":"application-managehandovers-display-component---AddNewHO","i18NText":{"propertyName":"tooltip","key":"addItems"}},"wdio_ui5_key":"etmportal.ui.managehandovers.view.AddNewHOsap.m.Button{\"propertyName\":\"tooltip\",\"key\":\"addItems\"}"}]}
RESULT: undefined
COMMAND: POST /session/582ce5f850a124cd0c5f6fc14f02a0d2/element - {"using":"xpath","value":"//*[@id=\"__button354\"]"}
RESULT: {}
RESULT: {"using":"xpath","value":"//*[@id=\"__button354\"]"}
COMMAND: POST /session/582ce5f850a124cd0c5f6fc14f02a0d2/element/f.92142B0E1996143B500ED3F2A7F6BA2F.d.00EB8A99C2963987F448619374BEA7E9.e.19176/click - {}
RESULT: {}
COMMAND: GET /session/582ce5f850a124cd0c5f6fc14f02a0d2/screenshot - {}
RESULT: {}
COMMAND: POST /session/582ce5f850a124cd0c5f6fc14f02a0d2/element - {"using":"css selector","value":"div[id= \"application-managehandovers-display-component---AddNewHO--popup-sa-CbBg\"]"}
RESULT: {"using":"css selector","value":"div[id= \"application-managehandovers-display-component---AddNewHO--popup-sa-CbBg\"]"}
COMMAND: POST /session/582ce5f850a124cd0c5f6fc14f02a0d2/element/f.92142B0E1996143B500ED3F2A7F6BA2F.d.00EB8A99C2963987F448619374BEA7E9.e.19188/click - {}
RESULT: {}
COMMAND: GET /session/582ce5f850a124cd0c5f6fc14f02a0d2/screenshot - {}
RESULT: {}
COMMAND: POST /session/582ce5f850a124cd0c5f6fc14f02a0d2/element - {"using":"xpath","value":"//bdi[(text() = 'Select' or . = 'Select')]"}
RESULT: {"using":"xpath","value":"//bdi[(text() = 'Select' or . = 'Select')]"}
COMMAND: POST /session/582ce5f850a124cd0c5f6fc14f02a0d2/element/f.92142B0E1996143B500ED3F2A7F6BA2F.d.00EB8A99C2963987F448619374BEA7E9.e.19190/click - {}
RESULT: {}
COMMAND: GET /session/582ce5f850a124cd0c5f6fc14f02a0d2/screenshot - {}
RESULT: {}
COMMAND: POST /session/582ce5f850a124cd0c5f6fc14f02a0d2/element - {"using":"xpath","value":"//bdi[(text() = 'Save' or . = 'Save')]"}
RESULT: {"using":"xpath","value":"//bdi[(text() = 'Save' or . = 'Save')]"}
COMMAND: POST /session/582ce5f850a124cd0c5f6fc14f02a0d2/element/f.92142B0E1996143B500ED3F2A7F6BA2F.d.00EB8A99C2963987F448619374BEA7E9.e.19198/click - {}
RESULT: {}
COMMAND: GET /session/582ce5f850a124cd0c5f6fc14f02a0d2/screenshot - {}
RESULT: {}
COMMAND: POST /session/582ce5f850a124cd0c5f6fc14f02a0d2/elements - {"using":"xpath","value":"//*[text()='Close']"}
RESULT: {"using":"xpath","value":"//*[text()='Close']"}
COMMAND: GET /session/582ce5f850a124cd0c5f6fc14f02a0d2/element/f.92142B0E1996143B500ED3F2A7F6BA2F.d.00EB8A99C2963987F448619374BEA7E9.e.19239/enabled - {}
RESULT: {}
COMMAND: POST /session/582ce5f850a124cd0c5f6fc14f02a0d2/execute/sync - {"script":"<script> [8489 bytes]","args":[{"element-6066-11e4-a52e-4f735466cecf":"f.92142B0E1996143B500ED3F2A7F6BA2F.d.00EB8A99C2963987F448619374BEA7E9.e.19239","ELEMENT":"f.92142B0E1996143B500ED3F2A7F6BA2F.d.00EB8A99C2963987F448619374BEA7E9.e.19239"}]}
COMMAND: GET /session/582ce5f850a124cd0c5f6fc14f02a0d2/screenshot - {}
RESULT: {"script":"<script> [8489 bytes]","args":[{"element-6066-11e4-a52e-4f735466cecf":"f.92142B0E1996143B500ED3F2A7F6BA2F.d.00EB8A99C2963987F448619374BEA7E9.e.19239","ELEMENT":"f.92142B0E1996143B500ED3F2A7F6BA2F.d.00EB8A99C2963987F448619374BEA7E9.e.19239"}]}
COMMAND: GET /session/582ce5f850a124cd0c5f6fc14f02a0d2/screenshot - {}
RESULT: {}
COMMAND: POST /session/582ce5f850a124cd0c5f6fc14f02a0d2/execute/sync - {"script":"<script> [8489 bytes]","args":[{"element-6066-11e4-a52e-4f735466cecf":"f.92142B0E1996143B500ED3F2A7F6BA2F.d.00EB8A99C2963987F448619374BEA7E9.e.19239","ELEMENT":"f.92142B0E1996143B500ED3F2A7F6BA2F.d.00EB8A99C2963987F448619374BEA7E9.e.19239"}]}
RESULT: {}
RESULT: {"script":"<script> [8489 bytes]","args":[{"element-6066-11e4-a52e-4f735466cecf":"f.92142B0E1996143B500ED3F2A7F6BA2F.d.00EB8A99C2963987F448619374BEA7E9.e.19239","ELEMENT":"f.92142B0E1996143B500ED3F2A7F6BA2F.d.00EB8A99C2963987F448619374BEA7E9.e.19239"}]}
COMMAND: GET /session/582ce5f850a124cd0c5f6fc14f02a0d2/screenshot - {}
RESULT: {}
COMMAND: POST /session/582ce5f850a124cd0c5f6fc14f02a0d2/execute/sync - {"script":"<script> [8489 bytes]","args":[{"element-6066-11e4-a52e-4f735466cecf":"f.92142B0E1996143B500ED3F2A7F6BA2F.d.00EB8A99C2963987F448619374BEA7E9.e.19239","ELEMENT":"f.92142B0E1996143B500ED3F2A7F6BA2F.d.00EB8A99C2963987F448619374BEA7E9.e.19239"}]}
RESULT: {"script":"<script> [8489 bytes]","args":[{"element-6066-11e4-a52e-4f735466cecf":"f.92142B0E1996143B500ED3F2A7F6BA2F.d.00EB8A99C2963987F448619374BEA7E9.e.19239","ELEMENT":"f.92142B0E1996143B500ED3F2A7F6BA2F.d.00EB8A99C2963987F448619374BEA7E9.e.19239"}]}
COMMAND: GET /session/582ce5f850a124cd0c5f6fc14f02a0d2/screenshot - {}
RESULT: {}
COMMAND: POST /session/582ce5f850a124cd0c5f6fc14f02a0d2/execute/sync - {"script":"<script> [8489 bytes]","args":[{"element-6066-11e4-a52e-4f735466cecf":"f.92142B0E1996143B500ED3F2A7F6BA2F.d.00EB8A99C2963987F448619374BEA7E9.e.19239","ELEMENT":"f.92142B0E1996143B500ED3F2A7F6BA2F.d.00EB8A99C2963987F448619374BEA7E9.e.19239"}]}
RESULT: {"script":"<script> [8489 bytes]","args":[{"element-6066-11e4-a52e-4f735466cecf":"f.92142B0E1996143B500ED3F2A7F6BA2F.d.00EB8A99C2963987F448619374BEA7E9.e.19239","ELEMENT":"f.92142B0E1996143B500ED3F2A7F6BA2F.d.00EB8A99C2963987F448619374BEA7E9.e.19239"}]}
COMMAND: POST /session/582ce5f850a124cd0c5f6fc14f02a0d2/execute/sync - {"script":"<script> [8489 bytes]","args":[{"element-6066-11e4-a52e-4f735466cecf":"f.92142B0E1996143B500ED3F2A7F6BA2F.d.00EB8A99C2963987F448619374BEA7E9.e.19239","ELEMENT":"f.92142B0E1996143B500ED3F2A7F6BA2F.d.00EB8A99C2963987F448619374BEA7E9.e.19239"}]}
COMMAND: GET /session/582ce5f850a124cd0c5f6fc14f02a0d2/screenshot - {}
RESULT: {"script":"<script> [8489 bytes]","args":[{"element-6066-11e4-a52e-4f735466cecf":"f.92142B0E1996143B500ED3F2A7F6BA2F.d.00EB8A99C2963987F448619374BEA7E9.e.19239","ELEMENT":"f.92142B0E1996143B500ED3F2A7F6BA2F.d.00EB8A99C2963987F448619374BEA7E9.e.19239"}]}
COMMAND: POST /session/582ce5f850a124cd0c5f6fc14f02a0d2/execute/sync - {"script":"<script> [8489 bytes]","args":[{"element-6066-11e4-a52e-4f735466cecf":"f.92142B0E1996143B500ED3F2A7F6BA2F.d.00EB8A99C2963987F448619374BEA7E9.e.19239","ELEMENT":"f.92142B0E1996143B500ED3F2A7F6BA2F.d.00EB8A99C2963987F448619374BEA7E9.e.19239"}]}
COMMAND: GET /session/582ce5f850a124cd0c5f6fc14f02a0d2/screenshot - {}
RESULT: {}
RESULT: {"script":"<script> [8489 bytes]","args":[{"element-6066-11e4-a52e-4f735466cecf":"f.92142B0E1996143B500ED3F2A7F6BA2F.d.00EB8A99C2963987F448619374BEA7E9.e.19239","ELEMENT":"f.92142B0E1996143B500ED3F2A7F6BA2F.d.00EB8A99C2963987F448619374BEA7E9.e.19239"}]}
COMMAND: POST /session/582ce5f850a124cd0c5f6fc14f02a0d2/execute/sync - {"script":"<script> [8489 bytes]","args":[{"element-6066-11e4-a52e-4f735466cecf":"f.92142B0E1996143B500ED3F2A7F6BA2F.d.00EB8A99C2963987F448619374BEA7E9.e.19239","ELEMENT":"f.92142B0E1996143B500ED3F2A7F6BA2F.d.00EB8A99C2963987F448619374BEA7E9.e.19239"}]}
COMMAND: GET /session/582ce5f850a124cd0c5f6fc14f02a0d2/screenshot - {}
RESULT: {}
RESULT: {"script":"<script> [8489 bytes]","args":[{"element-6066-11e4-a52e-4f735466cecf":"f.92142B0E1996143B500ED3F2A7F6BA2F.d.00EB8A99C2963987F448619374BEA7E9.e.19239","ELEMENT":"f.92142B0E1996143B500ED3F2A7F6BA2F.d.00EB8A99C2963987F448619374BEA7E9.e.19239"}]}
COMMAND: GET /session/582ce5f850a124cd0c5f6fc14f02a0d2/screenshot - {}
COMMAND: POST /session/582ce5f850a124cd0c5f6fc14f02a0d2/execute/sync - {"script":"<script> [8489 bytes]","args":[{"element-6066-11e4-a52e-4f735466cecf":"f.92142B0E1996143B500ED3F2A7F6BA2F.d.00EB8A99C2963987F448619374BEA7E9.e.19239","ELEMENT":"f.92142B0E1996143B500ED3F2A7F6BA2F.d.00EB8A99C2963987F448619374BEA7E9.e.19239"}]}
RESULT: {}
RESULT: {}
RESULT: {"script":"<script> [8489 bytes]","args":[{"element-6066-11e4-a52e-4f735466cecf":"f.92142B0E1996143B500ED3F2A7F6BA2F.d.00EB8A99C2963987F448619374BEA7E9.e.19239","ELEMENT":"f.92142B0E1996143B500ED3F2A7F6BA2F.d.00EB8A99C2963987F448619374BEA7E9.e.19239"}]}
COMMAND: GET /session/582ce5f850a124cd0c5f6fc14f02a0d2/screenshot - {}
COMMAND: POST /session/582ce5f850a124cd0c5f6fc14f02a0d2/execute/sync - {"script":"<script> [8489 bytes]","args":[{"element-6066-11e4-a52e-4f735466cecf":"f.92142B0E1996143B500ED3F2A7F6BA2F.d.00EB8A99C2963987F448619374BEA7E9.e.19239","ELEMENT":"f.92142B0E1996143B500ED3F2A7F6BA2F.d.00EB8A99C2963987F448619374BEA7E9.e.19239"}]}
RESULT: {}
RESULT: {"script":"<script> [8489 bytes]","args":[{"element-6066-11e4-a52e-4f735466cecf":"f.92142B0E1996143B500ED3F2A7F6BA2F.d.00EB8A99C2963987F448619374BEA7E9.e.19239","ELEMENT":"f.92142B0E1996143B500ED3F2A7F6BA2F.d.00EB8A99C2963987F448619374BEA7E9.e.19239"}]}
COMMAND: GET /session/582ce5f850a124cd0c5f6fc14f02a0d2/screenshot - {}
RESULT: {}
COMMAND: POST /session/582ce5f850a124cd0c5f6fc14f02a0d2/execute/sync - {"script":"<script> [8489 bytes]","args":[{"element-6066-11e4-a52e-4f735466cecf":"f.92142B0E1996143B500ED3F2A7F6BA2F.d.00EB8A99C2963987F448619374BEA7E9.e.19239","ELEMENT":"f.92142B0E1996143B500ED3F2A7F6BA2F.d.00EB8A99C2963987F448619374BEA7E9.e.19239"}]}
RESULT: {"script":"<script> [8489 bytes]","args":[{"element-6066-11e4-a52e-4f735466cecf":"f.92142B0E1996143B500ED3F2A7F6BA2F.d.00EB8A99C2963987F448619374BEA7E9.e.19239","ELEMENT":"f.92142B0E1996143B500ED3F2A7F6BA2F.d.00EB8A99C2963987F448619374BEA7E9.e.19239"}]}
COMMAND: GET /session/582ce5f850a124cd0c5f6fc14f02a0d2/screenshot - {}
RESULT: {}
COMMAND: POST /session/582ce5f850a124cd0c5f6fc14f02a0d2/execute/sync - {"script":"<script> [8489 bytes]","args":[{"element-6066-11e4-a52e-4f735466cecf":"f.92142B0E1996143B500ED3F2A7F6BA2F.d.00EB8A99C2963987F448619374BEA7E9.e.19239","ELEMENT":"f.92142B0E1996143B500ED3F2A7F6BA2F.d.00EB8A99C2963987F448619374BEA7E9.e.19239"}]}
RESULT: {"script":"<script> [8489 bytes]","args":[{"element-6066-11e4-a52e-4f735466cecf":"f.92142B0E1996143B500ED3F2A7F6BA2F.d.00EB8A99C2963987F448619374BEA7E9.e.19239","ELEMENT":"f.92142B0E1996143B500ED3F2A7F6BA2F.d.00EB8A99C2963987F448619374BEA7E9.e.19239"}]}
COMMAND: GET /session/582ce5f850a124cd0c5f6fc14f02a0d2/screenshot - {}
RESULT: {}
COMMAND: POST /session/582ce5f850a124cd0c5f6fc14f02a0d2/execute/sync - {"script":"<script> [8489 bytes]","args":[{"element-6066-11e4-a52e-4f735466cecf":"f.92142B0E1996143B500ED3F2A7F6BA2F.d.00EB8A99C2963987F448619374BEA7E9.e.19239","ELEMENT":"f.92142B0E1996143B500ED3F2A7F6BA2F.d.00EB8A99C2963987F448619374BEA7E9.e.19239"}]}
RESULT: {"script":"<script> [8489 bytes]","args":[{"element-6066-11e4-a52e-4f735466cecf":"f.92142B0E1996143B500ED3F2A7F6BA2F.d.00EB8A99C2963987F448619374BEA7E9.e.19239","ELEMENT":"f.92142B0E1996143B500ED3F2A7F6BA2F.d.00EB8A99C2963987F448619374BEA7E9.e.19239"}]}
COMMAND: GET /session/582ce5f850a124cd0c5f6fc14f02a0d2/screenshot - {}
RESULT: {}
COMMAND: POST /session/582ce5f850a124cd0c5f6fc14f02a0d2/execute/sync - {"script":"<script> [8489 bytes]","args":[{"element-6066-11e4-a52e-4f735466cecf":"f.92142B0E1996143B500ED3F2A7F6BA2F.d.00EB8A99C2963987F448619374BEA7E9.e.19239","ELEMENT":"f.92142B0E1996143B500ED3F2A7F6BA2F.d.00EB8A99C2963987F448619374BEA7E9.e.19239"}]}
RESULT: {"script":"<script> [8489 bytes]","args":[{"element-6066-11e4-a52e-4f735466cecf":"f.92142B0E1996143B500ED3F2A7F6BA2F.d.00EB8A99C2963987F448619374BEA7E9.e.19239","ELEMENT":"f.92142B0E1996143B500ED3F2A7F6BA2F.d.00EB8A99C2963987F448619374BEA7E9.e.19239"}]}
COMMAND: GET /session/582ce5f850a124cd0c5f6fc14f02a0d2/screenshot - {}
RESULT: {}
COMMAND: POST /session/582ce5f850a124cd0c5f6fc14f02a0d2/execute/sync - {"script":"<script> [8489 bytes]","args":[{"element-6066-11e4-a52e-4f735466cecf":"f.92142B0E1996143B500ED3F2A7F6BA2F.d.00EB8A99C2963987F448619374BEA7E9.e.19239","ELEMENT":"f.92142B0E1996143B500ED3F2A7F6BA2F.d.00EB8A99C2963987F448619374BEA7E9.e.19239"}]}
RESULT: {"script":"<script> [8489 bytes]","args":[{"element-6066-11e4-a52e-4f735466cecf":"f.92142B0E1996143B500ED3F2A7F6BA2F.d.00EB8A99C2963987F448619374BEA7E9.e.19239","ELEMENT":"f.92142B0E1996143B500ED3F2A7F6BA2F.d.00EB8A99C2963987F448619374BEA7E9.e.19239"}]}
COMMAND: GET /session/582ce5f850a124cd0c5f6fc14f02a0d2/screenshot - {}
RESULT: {}
COMMAND: POST /session/582ce5f850a124cd0c5f6fc14f02a0d2/execute/sync - {"script":"<script> [8489 bytes]","args":[{"element-6066-11e4-a52e-4f735466cecf":"f.92142B0E1996143B500ED3F2A7F6BA2F.d.00EB8A99C2963987F448619374BEA7E9.e.19239","ELEMENT":"f.92142B0E1996143B500ED3F2A7F6BA2F.d.00EB8A99C2963987F448619374BEA7E9.e.19239"}]}
RESULT: {"script":"<script> [8489 bytes]","args":[{"element-6066-11e4-a52e-4f735466cecf":"f.92142B0E1996143B500ED3F2A7F6BA2F.d.00EB8A99C2963987F448619374BEA7E9.e.19239","ELEMENT":"f.92142B0E1996143B500ED3F2A7F6BA2F.d.00EB8A99C2963987F448619374BEA7E9.e.19239"}]}
COMMAND: GET /session/582ce5f850a124cd0c5f6fc14f02a0d2/screenshot - {}
RESULT: {}
COMMAND: POST /session/582ce5f850a124cd0c5f6fc14f02a0d2/execute/sync - {"script":"<script> [8489 bytes]","args":[{"element-6066-11e4-a52e-4f735466cecf":"f.92142B0E1996143B500ED3F2A7F6BA2F.d.00EB8A99C2963987F448619374BEA7E9.e.19239","ELEMENT":"f.92142B0E1996143B500ED3F2A7F6BA2F.d.00EB8A99C2963987F448619374BEA7E9.e.19239"}]}
RESULT: {"script":"<script> [8489 bytes]","args":[{"element-6066-11e4-a52e-4f735466cecf":"f.92142B0E1996143B500ED3F2A7F6BA2F.d.00EB8A99C2963987F448619374BEA7E9.e.19239","ELEMENT":"f.92142B0E1996143B500ED3F2A7F6BA2F.d.00EB8A99C2963987F448619374BEA7E9.e.19239"}]}
COMMAND: GET /session/582ce5f850a124cd0c5f6fc14f02a0d2/screenshot - {}
RESULT: {}
COMMAND: POST /session/582ce5f850a124cd0c5f6fc14f02a0d2/execute/sync - {"script":"<script> [8489 bytes]","args":[{"element-6066-11e4-a52e-4f735466cecf":"f.92142B0E1996143B500ED3F2A7F6BA2F.d.00EB8A99C2963987F448619374BEA7E9.e.19239","ELEMENT":"f.92142B0E1996143B500ED3F2A7F6BA2F.d.00EB8A99C2963987F448619374BEA7E9.e.19239"}]}
RESULT: {"script":"<script> [8489 bytes]","args":[{"element-6066-11e4-a52e-4f735466cecf":"f.92142B0E1996143B500ED3F2A7F6BA2F.d.00EB8A99C2963987F448619374BEA7E9.e.19239","ELEMENT":"f.92142B0E1996143B500ED3F2A7F6BA2F.d.00EB8A99C2963987F448619374BEA7E9.e.19239"}]}
COMMAND: GET /session/582ce5f850a124cd0c5f6fc14f02a0d2/screenshot - {}
RESULT: {}
COMMAND: POST /session/582ce5f850a124cd0c5f6fc14f02a0d2/execute/sync - {"script":"<script> [8489 bytes]","args":[{"element-6066-11e4-a52e-4f735466cecf":"f.92142B0E1996143B500ED3F2A7F6BA2F.d.00EB8A99C2963987F448619374BEA7E9.e.19239","ELEMENT":"f.92142B0E1996143B500ED3F2A7F6BA2F.d.00EB8A99C2963987F448619374BEA7E9.e.19239"}]}
RESULT: {"script":"<script> [8489 bytes]","args":[{"element-6066-11e4-a52e-4f735466cecf":"f.92142B0E1996143B500ED3F2A7F6BA2F.d.00EB8A99C2963987F448619374BEA7E9.e.19239","ELEMENT":"f.92142B0E1996143B500ED3F2A7F6BA2F.d.00EB8A99C2963987F448619374BEA7E9.e.19239"}]}
COMMAND: GET /session/582ce5f850a124cd0c5f6fc14f02a0d2/screenshot - {}
RESULT: {}
COMMAND: POST /session/582ce5f850a124cd0c5f6fc14f02a0d2/execute/sync - {"script":"<script> [8489 bytes]","args":[{"element-6066-11e4-a52e-4f735466cecf":"f.92142B0E1996143B500ED3F2A7F6BA2F.d.00EB8A99C2963987F448619374BEA7E9.e.19239","ELEMENT":"f.92142B0E1996143B500ED3F2A7F6BA2F.d.00EB8A99C2963987F448619374BEA7E9.e.19239"}]}
RESULT: {"script":"<script> [8489 bytes]","args":[{"element-6066-11e4-a52e-4f735466cecf":"f.92142B0E1996143B500ED3F2A7F6BA2F.d.00EB8A99C2963987F448619374BEA7E9.e.19239","ELEMENT":"f.92142B0E1996143B500ED3F2A7F6BA2F.d.00EB8A99C2963987F448619374BEA7E9.e.19239"}]}
COMMAND: GET /session/582ce5f850a124cd0c5f6fc14f02a0d2/screenshot - {}
RESULT: {}
COMMAND: POST /session/582ce5f850a124cd0c5f6fc14f02a0d2/execute/sync - {"script":"<script> [8489 bytes]","args":[{"element-6066-11e4-a52e-4f735466cecf":"f.92142B0E1996143B500ED3F2A7F6BA2F.d.00EB8A99C2963987F448619374BEA7E9.e.19239","ELEMENT":"f.92142B0E1996143B500ED3F2A7F6BA2F.d.00EB8A99C2963987F448619374BEA7E9.e.19239"}]}
RESULT: {"script":"<script> [8489 bytes]","args":[{"element-6066-11e4-a52e-4f735466cecf":"f.92142B0E1996143B500ED3F2A7F6BA2F.d.00EB8A99C2963987F448619374BEA7E9.e.19239","ELEMENT":"f.92142B0E1996143B500ED3F2A7F6BA2F.d.00EB8A99C2963987F448619374BEA7E9.e.19239"}]}
COMMAND: GET /session/582ce5f850a124cd0c5f6fc14f02a0d2/screenshot - {}
RESULT: {}
COMMAND: POST /session/582ce5f850a124cd0c5f6fc14f02a0d2/execute/sync - {"script":"<script> [8489 bytes]","args":[{"element-6066-11e4-a52e-4f735466cecf":"f.92142B0E1996143B500ED3F2A7F6BA2F.d.00EB8A99C2963987F448619374BEA7E9.e.19239","ELEMENT":"f.92142B0E1996143B500ED3F2A7F6BA2F.d.00EB8A99C2963987F448619374BEA7E9.e.19239"}]}
RESULT: {"script":"<script> [8489 bytes]","args":[{"element-6066-11e4-a52e-4f735466cecf":"f.92142B0E1996143B500ED3F2A7F6BA2F.d.00EB8A99C2963987F448619374BEA7E9.e.19239","ELEMENT":"f.92142B0E1996143B500ED3F2A7F6BA2F.d.00EB8A99C2963987F448619374BEA7E9.e.19239"}]}
COMMAND: GET /session/582ce5f850a124cd0c5f6fc14f02a0d2/screenshot - {}
RESULT: {}
COMMAND: POST /session/582ce5f850a124cd0c5f6fc14f02a0d2/execute/sync - {"script":"<script> [8489 bytes]","args":[{"element-6066-11e4-a52e-4f735466cecf":"f.92142B0E1996143B500ED3F2A7F6BA2F.d.00EB8A99C2963987F448619374BEA7E9.e.19239","ELEMENT":"f.92142B0E1996143B500ED3F2A7F6BA2F.d.00EB8A99C2963987F448619374BEA7E9.e.19239"}]}
RESULT: {"script":"<script> [8489 bytes]","args":[{"element-6066-11e4-a52e-4f735466cecf":"f.92142B0E1996143B500ED3F2A7F6BA2F.d.00EB8A99C2963987F448619374BEA7E9.e.19239","ELEMENT":"f.92142B0E1996143B500ED3F2A7F6BA2F.d.00EB8A99C2963987F448619374BEA7E9.e.19239"}]}
COMMAND: GET /session/582ce5f850a124cd0c5f6fc14f02a0d2/screenshot - {}
RESULT: {}
COMMAND: POST /session/582ce5f850a124cd0c5f6fc14f02a0d2/execute/sync - {"script":"<script> [8489 bytes]","args":[{"element-6066-11e4-a52e-4f735466cecf":"f.92142B0E1996143B500ED3F2A7F6BA2F.d.00EB8A99C2963987F448619374BEA7E9.e.19239","ELEMENT":"f.92142B0E1996143B500ED3F2A7F6BA2F.d.00EB8A99C2963987F448619374BEA7E9.e.19239"}]}
RESULT: {"script":"<script> [8489 bytes]","args":[{"element-6066-11e4-a52e-4f735466cecf":"f.92142B0E1996143B500ED3F2A7F6BA2F.d.00EB8A99C2963987F448619374BEA7E9.e.19239","ELEMENT":"f.92142B0E1996143B500ED3F2A7F6BA2F.d.00EB8A99C2963987F448619374BEA7E9.e.19239"}]}
COMMAND: GET /session/582ce5f850a124cd0c5f6fc14f02a0d2/screenshot - {}
RESULT: {}
COMMAND: POST /session/582ce5f850a124cd0c5f6fc14f02a0d2/execute/sync - {"script":"<script> [8489 bytes]","args":[{"element-6066-11e4-a52e-4f735466cecf":"f.92142B0E1996143B500ED3F2A7F6BA2F.d.00EB8A99C2963987F448619374BEA7E9.e.19239","ELEMENT":"f.92142B0E1996143B500ED3F2A7F6BA2F.d.00EB8A99C2963987F448619374BEA7E9.e.19239"}]}
RESULT: {"script":"<script> [8489 bytes]","args":[{"element-6066-11e4-a52e-4f735466cecf":"f.92142B0E1996143B500ED3F2A7F6BA2F.d.00EB8A99C2963987F448619374BEA7E9.e.19239","ELEMENT":"f.92142B0E1996143B500ED3F2A7F6BA2F.d.00EB8A99C2963987F448619374BEA7E9.e.19239"}]}
COMMAND: GET /session/582ce5f850a124cd0c5f6fc14f02a0d2/screenshot - {}
RESULT: {}
COMMAND: POST /session/582ce5f850a124cd0c5f6fc14f02a0d2/execute/sync - {"script":"<script> [8489 bytes]","args":[{"element-6066-11e4-a52e-4f735466cecf":"f.92142B0E1996143B500ED3F2A7F6BA2F.d.00EB8A99C2963987F448619374BEA7E9.e.19239","ELEMENT":"f.92142B0E1996143B500ED3F2A7F6BA2F.d.00EB8A99C2963987F448619374BEA7E9.e.19239"}]}
RESULT: {"script":"<script> [8489 bytes]","args":[{"element-6066-11e4-a52e-4f735466cecf":"f.92142B0E1996143B500ED3F2A7F6BA2F.d.00EB8A99C2963987F448619374BEA7E9.e.19239","ELEMENT":"f.92142B0E1996143B500ED3F2A7F6BA2F.d.00EB8A99C2963987F448619374BEA7E9.e.19239"}]}
COMMAND: GET /session/582ce5f850a124cd0c5f6fc14f02a0d2/screenshot - {}
RESULT: {}
COMMAND: POST /session/582ce5f850a124cd0c5f6fc14f02a0d2/execute/sync - {"script":"<script> [8489 bytes]","args":[{"element-6066-11e4-a52e-4f735466cecf":"f.92142B0E1996143B500ED3F2A7F6BA2F.d.00EB8A99C2963987F448619374BEA7E9.e.19239","ELEMENT":"f.92142B0E1996143B500ED3F2A7F6BA2F.d.00EB8A99C2963987F448619374BEA7E9.e.19239"}]}
RESULT: {"script":"<script> [8489 bytes]","args":[{"element-6066-11e4-a52e-4f735466cecf":"f.92142B0E1996143B500ED3F2A7F6BA2F.d.00EB8A99C2963987F448619374BEA7E9.e.19239","ELEMENT":"f.92142B0E1996143B500ED3F2A7F6BA2F.d.00EB8A99C2963987F448619374BEA7E9.e.19239"}]}
COMMAND: GET /session/582ce5f850a124cd0c5f6fc14f02a0d2/screenshot - {}
RESULT: {}
COMMAND: POST /session/582ce5f850a124cd0c5f6fc14f02a0d2/execute/sync - {"script":"<script> [8489 bytes]","args":[{"element-6066-11e4-a52e-4f735466cecf":"f.92142B0E1996143B500ED3F2A7F6BA2F.d.00EB8A99C2963987F448619374BEA7E9.e.19239","ELEMENT":"f.92142B0E1996143B500ED3F2A7F6BA2F.d.00EB8A99C2963987F448619374BEA7E9.e.19239"}]}
RESULT: {"script":"<script> [8489 bytes]","args":[{"element-6066-11e4-a52e-4f735466cecf":"f.92142B0E1996143B500ED3F2A7F6BA2F.d.00EB8A99C2963987F448619374BEA7E9.e.19239","ELEMENT":"f.92142B0E1996143B500ED3F2A7F6BA2F.d.00EB8A99C2963987F448619374BEA7E9.e.19239"}]}
COMMAND: GET /session/582ce5f850a124cd0c5f6fc14f02a0d2/screenshot - {}
RESULT: {}
COMMAND: POST /session/582ce5f850a124cd0c5f6fc14f02a0d2/execute/sync - {"script":"<script> [8489 bytes]","args":[{"element-6066-11e4-a52e-4f735466cecf":"f.92142B0E1996143B500ED3F2A7F6BA2F.d.00EB8A99C2963987F448619374BEA7E9.e.19239","ELEMENT":"f.92142B0E1996143B500ED3F2A7F6BA2F.d.00EB8A99C2963987F448619374BEA7E9.e.19239"}]}
RESULT: {"script":"<script> [8489 bytes]","args":[{"element-6066-11e4-a52e-4f735466cecf":"f.92142B0E1996143B500ED3F2A7F6BA2F.d.00EB8A99C2963987F448619374BEA7E9.e.19239","ELEMENT":"f.92142B0E1996143B500ED3F2A7F6BA2F.d.00EB8A99C2963987F448619374BEA7E9.e.19239"}]}
COMMAND: GET /session/582ce5f850a124cd0c5f6fc14f02a0d2/screenshot - {}
RESULT: {}
COMMAND: POST /session/582ce5f850a124cd0c5f6fc14f02a0d2/execute/sync - {"script":"<script> [8489 bytes]","args":[{"element-6066-11e4-a52e-4f735466cecf":"f.92142B0E1996143B500ED3F2A7F6BA2F.d.00EB8A99C2963987F448619374BEA7E9.e.19239","ELEMENT":"f.92142B0E1996143B500ED3F2A7F6BA2F.d.00EB8A99C2963987F448619374BEA7E9.e.19239"}]}
RESULT: {"script":"<script> [8489 bytes]","args":[{"element-6066-11e4-a52e-4f735466cecf":"f.92142B0E1996143B500ED3F2A7F6BA2F.d.00EB8A99C2963987F448619374BEA7E9.e.19239","ELEMENT":"f.92142B0E1996143B500ED3F2A7F6BA2F.d.00EB8A99C2963987F448619374BEA7E9.e.19239"}]}
COMMAND: GET /session/582ce5f850a124cd0c5f6fc14f02a0d2/screenshot - {}
RESULT: {}
COMMAND: POST /session/582ce5f850a124cd0c5f6fc14f02a0d2/execute/sync - {"script":"<script> [8489 bytes]","args":[{"element-6066-11e4-a52e-4f735466cecf":"f.92142B0E1996143B500ED3F2A7F6BA2F.d.00EB8A99C2963987F448619374BEA7E9.e.19239","ELEMENT":"f.92142B0E1996143B500ED3F2A7F6BA2F.d.00EB8A99C2963987F448619374BEA7E9.e.19239"}]}
RESULT: {"script":"<script> [8489 bytes]","args":[{"element-6066-11e4-a52e-4f735466cecf":"f.92142B0E1996143B500ED3F2A7F6BA2F.d.00EB8A99C2963987F448619374BEA7E9.e.19239","ELEMENT":"f.92142B0E1996143B500ED3F2A7F6BA2F.d.00EB8A99C2963987F448619374BEA7E9.e.19239"}]}
COMMAND: GET /session/582ce5f850a124cd0c5f6fc14f02a0d2/screenshot - {}
RESULT: {}
COMMAND: POST /session/582ce5f850a124cd0c5f6fc14f02a0d2/execute/sync - {"script":"<script> [8489 bytes]","args":[{"element-6066-11e4-a52e-4f735466cecf":"f.92142B0E1996143B500ED3F2A7F6BA2F.d.00EB8A99C2963987F448619374BEA7E9.e.19239","ELEMENT":"f.92142B0E1996143B500ED3F2A7F6BA2F.d.00EB8A99C2963987F448619374BEA7E9.e.19239"}]}
RESULT: {"script":"<script> [8489 bytes]","args":[{"element-6066-11e4-a52e-4f735466cecf":"f.92142B0E1996143B500ED3F2A7F6BA2F.d.00EB8A99C2963987F448619374BEA7E9.e.19239","ELEMENT":"f.92142B0E1996143B500ED3F2A7F6BA2F.d.00EB8A99C2963987F448619374BEA7E9.e.19239"}]}
COMMAND: GET /session/582ce5f850a124cd0c5f6fc14f02a0d2/screenshot - {}
RESULT: {}
COMMAND: POST /session/582ce5f850a124cd0c5f6fc14f02a0d2/execute/sync - {"script":"<script> [8489 bytes]","args":[{"element-6066-11e4-a52e-4f735466cecf":"f.92142B0E1996143B500ED3F2A7F6BA2F.d.00EB8A99C2963987F448619374BEA7E9.e.19239","ELEMENT":"f.92142B0E1996143B500ED3F2A7F6BA2F.d.00EB8A99C2963987F448619374BEA7E9.e.19239"}]}
RESULT: {"script":"<script> [8489 bytes]","args":[{"element-6066-11e4-a52e-4f735466cecf":"f.92142B0E1996143B500ED3F2A7F6BA2F.d.00EB8A99C2963987F448619374BEA7E9.e.19239","ELEMENT":"f.92142B0E1996143B500ED3F2A7F6BA2F.d.00EB8A99C2963987F448619374BEA7E9.e.19239"}]}
COMMAND: GET /session/582ce5f850a124cd0c5f6fc14f02a0d2/screenshot - {}
RESULT: {}
COMMAND: POST /session/582ce5f850a124cd0c5f6fc14f02a0d2/execute/sync - {"script":"<script> [8489 bytes]","args":[{"element-6066-11e4-a52e-4f735466cecf":"f.92142B0E1996143B500ED3F2A7F6BA2F.d.00EB8A99C2963987F448619374BEA7E9.e.19239","ELEMENT":"f.92142B0E1996143B500ED3F2A7F6BA2F.d.00EB8A99C2963987F448619374BEA7E9.e.19239"}]}
RESULT: {"script":"<script> [8489 bytes]","args":[{"element-6066-11e4-a52e-4f735466cecf":"f.92142B0E1996143B500ED3F2A7F6BA2F.d.00EB8A99C2963987F448619374BEA7E9.e.19239","ELEMENT":"f.92142B0E1996143B500ED3F2A7F6BA2F.d.00EB8A99C2963987F448619374BEA7E9.e.19239"}]}
COMMAND: GET /session/582ce5f850a124cd0c5f6fc14f02a0d2/screenshot - {}
RESULT: {}
COMMAND: POST /session/582ce5f850a124cd0c5f6fc14f02a0d2/execute/sync - {"script":"<script> [8489 bytes]","args":[{"element-6066-11e4-a52e-4f735466cecf":"f.92142B0E1996143B500ED3F2A7F6BA2F.d.00EB8A99C2963987F448619374BEA7E9.e.19239","ELEMENT":"f.92142B0E1996143B500ED3F2A7F6BA2F.d.00EB8A99C2963987F448619374BEA7E9.e.19239"}]}
RESULT: {"script":"<script> [8489 bytes]","args":[{"element-6066-11e4-a52e-4f735466cecf":"f.92142B0E1996143B500ED3F2A7F6BA2F.d.00EB8A99C2963987F448619374BEA7E9.e.19239","ELEMENT":"f.92142B0E1996143B500ED3F2A7F6BA2F.d.00EB8A99C2963987F448619374BEA7E9.e.19239"}]}
COMMAND: GET /session/582ce5f850a124cd0c5f6fc14f02a0d2/screenshot - {}
RESULT: {}
COMMAND: POST /session/582ce5f850a124cd0c5f6fc14f02a0d2/execute/sync - {"script":"<script> [8489 bytes]","args":[{"element-6066-11e4-a52e-4f735466cecf":"f.92142B0E1996143B500ED3F2A7F6BA2F.d.00EB8A99C2963987F448619374BEA7E9.e.19239","ELEMENT":"f.92142B0E1996143B500ED3F2A7F6BA2F.d.00EB8A99C2963987F448619374BEA7E9.e.19239"}]}
RESULT: {"script":"<script> [8489 bytes]","args":[{"element-6066-11e4-a52e-4f735466cecf":"f.92142B0E1996143B500ED3F2A7F6BA2F.d.00EB8A99C2963987F448619374BEA7E9.e.19239","ELEMENT":"f.92142B0E1996143B500ED3F2A7F6BA2F.d.00EB8A99C2963987F448619374BEA7E9.e.19239"}]}
COMMAND: GET /session/582ce5f850a124cd0c5f6fc14f02a0d2/screenshot - {}
RESULT: {}
COMMAND: POST /session/582ce5f850a124cd0c5f6fc14f02a0d2/execute/sync - {"script":"<script> [8489 bytes]","args":[{"element-6066-11e4-a52e-4f735466cecf":"f.92142B0E1996143B500ED3F2A7F6BA2F.d.00EB8A99C2963987F448619374BEA7E9.e.19239","ELEMENT":"f.92142B0E1996143B500ED3F2A7F6BA2F.d.00EB8A99C2963987F448619374BEA7E9.e.19239"}]}
RESULT: {"script":"<script> [8489 bytes]","args":[{"element-6066-11e4-a52e-4f735466cecf":"f.92142B0E1996143B500ED3F2A7F6BA2F.d.00EB8A99C2963987F448619374BEA7E9.e.19239","ELEMENT":"f.92142B0E1996143B500ED3F2A7F6BA2F.d.00EB8A99C2963987F448619374BEA7E9.e.19239"}]}
COMMAND: GET /session/582ce5f850a124cd0c5f6fc14f02a0d2/screenshot - {}
RESULT: {}
COMMAND: POST /session/582ce5f850a124cd0c5f6fc14f02a0d2/execute/sync - {"script":"<script> [8489 bytes]","args":[{"element-6066-11e4-a52e-4f735466cecf":"f.92142B0E1996143B500ED3F2A7F6BA2F.d.00EB8A99C2963987F448619374BEA7E9.e.19239","ELEMENT":"f.92142B0E1996143B500ED3F2A7F6BA2F.d.00EB8A99C2963987F448619374BEA7E9.e.19239"}]}
RESULT: {"script":"<script> [8489 bytes]","args":[{"element-6066-11e4-a52e-4f735466cecf":"f.92142B0E1996143B500ED3F2A7F6BA2F.d.00EB8A99C2963987F448619374BEA7E9.e.19239","ELEMENT":"f.92142B0E1996143B500ED3F2A7F6BA2F.d.00EB8A99C2963987F448619374BEA7E9.e.19239"}]}
COMMAND: GET /session/582ce5f850a124cd0c5f6fc14f02a0d2/screenshot - {}
RESULT: {}
COMMAND: POST /session/582ce5f850a124cd0c5f6fc14f02a0d2/execute/sync - {"script":"<script> [8489 bytes]","args":[{"element-6066-11e4-a52e-4f735466cecf":"f.92142B0E1996143B500ED3F2A7F6BA2F.d.00EB8A99C2963987F448619374BEA7E9.e.19239","ELEMENT":"f.92142B0E1996143B500ED3F2A7F6BA2F.d.00EB8A99C2963987F448619374BEA7E9.e.19239"}]}
RESULT: {"script":"<script> [8489 bytes]","args":[{"element-6066-11e4-a52e-4f735466cecf":"f.92142B0E1996143B500ED3F2A7F6BA2F.d.00EB8A99C2963987F448619374BEA7E9.e.19239","ELEMENT":"f.92142B0E1996143B500ED3F2A7F6BA2F.d.00EB8A99C2963987F448619374BEA7E9.e.19239"}]}
COMMAND: GET /session/582ce5f850a124cd0c5f6fc14f02a0d2/screenshot - {}
RESULT: {}
COMMAND: POST /session/582ce5f850a124cd0c5f6fc14f02a0d2/execute/sync - {"script":"<script> [8489 bytes]","args":[{"element-6066-11e4-a52e-4f735466cecf":"f.92142B0E1996143B500ED3F2A7F6BA2F.d.00EB8A99C2963987F448619374BEA7E9.e.19239","ELEMENT":"f.92142B0E1996143B500ED3F2A7F6BA2F.d.00EB8A99C2963987F448619374BEA7E9.e.19239"}]}
RESULT: {"script":"<script> [8489 bytes]","args":[{"element-6066-11e4-a52e-4f735466cecf":"f.92142B0E1996143B500ED3F2A7F6BA2F.d.00EB8A99C2963987F448619374BEA7E9.e.19239","ELEMENT":"f.92142B0E1996143B500ED3F2A7F6BA2F.d.00EB8A99C2963987F448619374BEA7E9.e.19239"}]}
COMMAND: GET /session/582ce5f850a124cd0c5f6fc14f02a0d2/screenshot - {}
RESULT: {}
COMMAND: POST /session/582ce5f850a124cd0c5f6fc14f02a0d2/execute/sync - {"script":"<script> [8489 bytes]","args":[{"element-6066-11e4-a52e-4f735466cecf":"f.92142B0E1996143B500ED3F2A7F6BA2F.d.00EB8A99C2963987F448619374BEA7E9.e.19239","ELEMENT":"f.92142B0E1996143B500ED3F2A7F6BA2F.d.00EB8A99C2963987F448619374BEA7E9.e.19239"}]}
RESULT: {"script":"<script> [8489 bytes]","args":[{"element-6066-11e4-a52e-4f735466cecf":"f.92142B0E1996143B500ED3F2A7F6BA2F.d.00EB8A99C2963987F448619374BEA7E9.e.19239","ELEMENT":"f.92142B0E1996143B500ED3F2A7F6BA2F.d.00EB8A99C2963987F448619374BEA7E9.e.19239"}]}
COMMAND: GET /session/582ce5f850a124cd0c5f6fc14f02a0d2/screenshot - {}
RESULT: {}
COMMAND: POST /session/582ce5f850a124cd0c5f6fc14f02a0d2/execute/sync - {"script":"<script> [8489 bytes]","args":[{"element-6066-11e4-a52e-4f735466cecf":"f.92142B0E1996143B500ED3F2A7F6BA2F.d.00EB8A99C2963987F448619374BEA7E9.e.19239","ELEMENT":"f.92142B0E1996143B500ED3F2A7F6BA2F.d.00EB8A99C2963987F448619374BEA7E9.e.19239"}]}
RESULT: {"script":"<script> [8489 bytes]","args":[{"element-6066-11e4-a52e-4f735466cecf":"f.92142B0E1996143B500ED3F2A7F6BA2F.d.00EB8A99C2963987F448619374BEA7E9.e.19239","ELEMENT":"f.92142B0E1996143B500ED3F2A7F6BA2F.d.00EB8A99C2963987F448619374BEA7E9.e.19239"}]}
COMMAND: GET /session/582ce5f850a124cd0c5f6fc14f02a0d2/screenshot - {}
RESULT: {}
COMMAND: POST /session/582ce5f850a124cd0c5f6fc14f02a0d2/execute/sync - {"script":"<script> [8489 bytes]","args":[{"element-6066-11e4-a52e-4f735466cecf":"f.92142B0E1996143B500ED3F2A7F6BA2F.d.00EB8A99C2963987F448619374BEA7E9.e.19239","ELEMENT":"f.92142B0E1996143B500ED3F2A7F6BA2F.d.00EB8A99C2963987F448619374BEA7E9.e.19239"}]}
RESULT: {"script":"<script> [8489 bytes]","args":[{"element-6066-11e4-a52e-4f735466cecf":"f.92142B0E1996143B500ED3F2A7F6BA2F.d.00EB8A99C2963987F448619374BEA7E9.e.19239","ELEMENT":"f.92142B0E1996143B500ED3F2A7F6BA2F.d.00EB8A99C2963987F448619374BEA7E9.e.19239"}]}
COMMAND: GET /session/582ce5f850a124cd0c5f6fc14f02a0d2/screenshot - {}
RESULT: {}
COMMAND: POST /session/582ce5f850a124cd0c5f6fc14f02a0d2/execute/sync - {"script":"<script> [8489 bytes]","args":[{"element-6066-11e4-a52e-4f735466cecf":"f.92142B0E1996143B500ED3F2A7F6BA2F.d.00EB8A99C2963987F448619374BEA7E9.e.19239","ELEMENT":"f.92142B0E1996143B500ED3F2A7F6BA2F.d.00EB8A99C2963987F448619374BEA7E9.e.19239"}]}
RESULT: {"script":"<script> [8489 bytes]","args":[{"element-6066-11e4-a52e-4f735466cecf":"f.92142B0E1996143B500ED3F2A7F6BA2F.d.00EB8A99C2963987F448619374BEA7E9.e.19239","ELEMENT":"f.92142B0E1996143B500ED3F2A7F6BA2F.d.00EB8A99C2963987F448619374BEA7E9.e.19239"}]}
COMMAND: GET /session/582ce5f850a124cd0c5f6fc14f02a0d2/screenshot - {}
RESULT: {}
COMMAND: POST /session/582ce5f850a124cd0c5f6fc14f02a0d2/execute/sync - {"script":"<script> [8489 bytes]","args":[{"element-6066-11e4-a52e-4f735466cecf":"f.92142B0E1996143B500ED3F2A7F6BA2F.d.00EB8A99C2963987F448619374BEA7E9.e.19239","ELEMENT":"f.92142B0E1996143B500ED3F2A7F6BA2F.d.00EB8A99C2963987F448619374BEA7E9.e.19239"}]}
RESULT: {"script":"<script> [8489 bytes]","args":[{"element-6066-11e4-a52e-4f735466cecf":"f.92142B0E1996143B500ED3F2A7F6BA2F.d.00EB8A99C2963987F448619374BEA7E9.e.19239","ELEMENT":"f.92142B0E1996143B500ED3F2A7F6BA2F.d.00EB8A99C2963987F448619374BEA7E9.e.19239"}]}
COMMAND: GET /session/582ce5f850a124cd0c5f6fc14f02a0d2/screenshot - {}
RESULT: {}
COMMAND: POST /session/582ce5f850a124cd0c5f6fc14f02a0d2/execute/sync - {"script":"<script> [8489 bytes]","args":[{"element-6066-11e4-a52e-4f735466cecf":"f.92142B0E1996143B500ED3F2A7F6BA2F.d.00EB8A99C2963987F448619374BEA7E9.e.19239","ELEMENT":"f.92142B0E1996143B500ED3F2A7F6BA2F.d.00EB8A99C2963987F448619374BEA7E9.e.19239"}]}
RESULT: {"script":"<script> [8489 bytes]","args":[{"element-6066-11e4-a52e-4f735466cecf":"f.92142B0E1996143B500ED3F2A7F6BA2F.d.00EB8A99C2963987F448619374BEA7E9.e.19239","ELEMENT":"f.92142B0E1996143B500ED3F2A7F6BA2F.d.00EB8A99C2963987F448619374BEA7E9.e.19239"}]}
COMMAND: GET /session/582ce5f850a124cd0c5f6fc14f02a0d2/screenshot - {}
RESULT: {}
COMMAND: POST /session/582ce5f850a124cd0c5f6fc14f02a0d2/execute/sync - {"script":"<script> [8489 bytes]","args":[{"element-6066-11e4-a52e-4f735466cecf":"f.92142B0E1996143B500ED3F2A7F6BA2F.d.00EB8A99C2963987F448619374BEA7E9.e.19239","ELEMENT":"f.92142B0E1996143B500ED3F2A7F6BA2F.d.00EB8A99C2963987F448619374BEA7E9.e.19239"}]}
RESULT: {"script":"<script> [8489 bytes]","args":[{"element-6066-11e4-a52e-4f735466cecf":"f.92142B0E1996143B500ED3F2A7F6BA2F.d.00EB8A99C2963987F448619374BEA7E9.e.19239","ELEMENT":"f.92142B0E1996143B500ED3F2A7F6BA2F.d.00EB8A99C2963987F448619374BEA7E9.e.19239"}]}
COMMAND: GET /session/582ce5f850a124cd0c5f6fc14f02a0d2/screenshot - {}
RESULT: {}
COMMAND: POST /session/582ce5f850a124cd0c5f6fc14f02a0d2/execute/sync - {"script":"<script> [8489 bytes]","args":[{"element-6066-11e4-a52e-4f735466cecf":"f.92142B0E1996143B500ED3F2A7F6BA2F.d.00EB8A99C2963987F448619374BEA7E9.e.19239","ELEMENT":"f.92142B0E1996143B500ED3F2A7F6BA2F.d.00EB8A99C2963987F448619374BEA7E9.e.19239"}]}
RESULT: {"script":"<script> [8489 bytes]","args":[{"element-6066-11e4-a52e-4f735466cecf":"f.92142B0E1996143B500ED3F2A7F6BA2F.d.00EB8A99C2963987F448619374BEA7E9.e.19239","ELEMENT":"f.92142B0E1996143B500ED3F2A7F6BA2F.d.00EB8A99C2963987F448619374BEA7E9.e.19239"}]}
COMMAND: GET /session/582ce5f850a124cd0c5f6fc14f02a0d2/screenshot - {}
COMMAND: POST /session/582ce5f850a124cd0c5f6fc14f02a0d2/execute/sync - {"script":"<script> [8489 bytes]","args":[{"element-6066-11e4-a52e-4f735466cecf":"f.92142B0E1996143B500ED3F2A7F6BA2F.d.00EB8A99C2963987F448619374BEA7E9.e.19239","ELEMENT":"f.92142B0E1996143B500ED3F2A7F6BA2F.d.00EB8A99C2963987F448619374BEA7E9.e.19239"}]}
RESULT: {}
RESULT: {"script":"<script> [8489 bytes]","args":[{"element-6066-11e4-a52e-4f735466cecf":"f.92142B0E1996143B500ED3F2A7F6BA2F.d.00EB8A99C2963987F448619374BEA7E9.e.19239","ELEMENT":"f.92142B0E1996143B500ED3F2A7F6BA2F.d.00EB8A99C2963987F448619374BEA7E9.e.19239"}]}
COMMAND: GET /session/582ce5f850a124cd0c5f6fc14f02a0d2/screenshot - {}
COMMAND: POST /session/582ce5f850a124cd0c5f6fc14f02a0d2/execute/sync - {"script":"<script> [8489 bytes]","args":[{"element-6066-11e4-a52e-4f735466cecf":"f.92142B0E1996143B500ED3F2A7F6BA2F.d.00EB8A99C2963987F448619374BEA7E9.e.19239","ELEMENT":"f.92142B0E1996143B500ED3F2A7F6BA2F.d.00EB8A99C2963987F448619374BEA7E9.e.19239"}]}
RESULT: {}
RESULT: {"script":"<script> [8489 bytes]","args":[{"element-6066-11e4-a52e-4f735466cecf":"f.92142B0E1996143B500ED3F2A7F6BA2F.d.00EB8A99C2963987F448619374BEA7E9.e.19239","ELEMENT":"f.92142B0E1996143B500ED3F2A7F6BA2F.d.00EB8A99C2963987F448619374BEA7E9.e.19239"}]}
COMMAND: GET /session/582ce5f850a124cd0c5f6fc14f02a0d2/screenshot - {}
RESULT: {}
COMMAND: POST /session/582ce5f850a124cd0c5f6fc14f02a0d2/execute/sync - {"script":"<script> [8489 bytes]","args":[{"element-6066-11e4-a52e-4f735466cecf":"f.92142B0E1996143B500ED3F2A7F6BA2F.d.00EB8A99C2963987F448619374BEA7E9.e.19239","ELEMENT":"f.92142B0E1996143B500ED3F2A7F6BA2F.d.00EB8A99C2963987F448619374BEA7E9.e.19239"}]}
RESULT: {"script":"<script> [8489 bytes]","args":[{"element-6066-11e4-a52e-4f735466cecf":"f.92142B0E1996143B500ED3F2A7F6BA2F.d.00EB8A99C2963987F448619374BEA7E9.e.19239","ELEMENT":"f.92142B0E1996143B500ED3F2A7F6BA2F.d.00EB8A99C2963987F448619374BEA7E9.e.19239"}]}
COMMAND: GET /session/582ce5f850a124cd0c5f6fc14f02a0d2/screenshot - {}
RESULT: {}
COMMAND: POST /session/582ce5f850a124cd0c5f6fc14f02a0d2/execute/sync - {"script":"<script> [8489 bytes]","args":[{"element-6066-11e4-a52e-4f735466cecf":"f.92142B0E1996143B500ED3F2A7F6BA2F.d.00EB8A99C2963987F448619374BEA7E9.e.19239","ELEMENT":"f.92142B0E1996143B500ED3F2A7F6BA2F.d.00EB8A99C2963987F448619374BEA7E9.e.19239"}]}
RESULT: {"script":"<script> [8489 bytes]","args":[{"element-6066-11e4-a52e-4f735466cecf":"f.92142B0E1996143B500ED3F2A7F6BA2F.d.00EB8A99C2963987F448619374BEA7E9.e.19239","ELEMENT":"f.92142B0E1996143B500ED3F2A7F6BA2F.d.00EB8A99C2963987F448619374BEA7E9.e.19239"}]}
COMMAND: GET /session/582ce5f850a124cd0c5f6fc14f02a0d2/screenshot - {}
RESULT: {}
COMMAND: POST /session/582ce5f850a124cd0c5f6fc14f02a0d2/execute/sync - {"script":"<script> [8489 bytes]","args":[{"element-6066-11e4-a52e-4f735466cecf":"f.92142B0E1996143B500ED3F2A7F6BA2F.d.00EB8A99C2963987F448619374BEA7E9.e.19239","ELEMENT":"f.92142B0E1996143B500ED3F2A7F6BA2F.d.00EB8A99C2963987F448619374BEA7E9.e.19239"}]}
RESULT: {"script":"<script> [8489 bytes]","args":[{"element-6066-11e4-a52e-4f735466cecf":"f.92142B0E1996143B500ED3F2A7F6BA2F.d.00EB8A99C2963987F448619374BEA7E9.e.19239","ELEMENT":"f.92142B0E1996143B500ED3F2A7F6BA2F.d.00EB8A99C2963987F448619374BEA7E9.e.19239"}]}
COMMAND: GET /session/582ce5f850a124cd0c5f6fc14f02a0d2/screenshot - {}
RESULT: {}
COMMAND: POST /session/582ce5f850a124cd0c5f6fc14f02a0d2/execute/sync - {"script":"<script> [8489 bytes]","args":[{"element-6066-11e4-a52e-4f735466cecf":"f.92142B0E1996143B500ED3F2A7F6BA2F.d.00EB8A99C2963987F448619374BEA7E9.e.19239","ELEMENT":"f.92142B0E1996143B500ED3F2A7F6BA2F.d.00EB8A99C2963987F448619374BEA7E9.e.19239"}]}
RESULT: {"script":"<script> [8489 bytes]","args":[{"element-6066-11e4-a52e-4f735466cecf":"f.92142B0E1996143B500ED3F2A7F6BA2F.d.00EB8A99C2963987F448619374BEA7E9.e.19239","ELEMENT":"f.92142B0E1996143B500ED3F2A7F6BA2F.d.00EB8A99C2963987F448619374BEA7E9.e.19239"}]}
COMMAND: GET /session/582ce5f850a124cd0c5f6fc14f02a0d2/screenshot - {}
RESULT: {}
COMMAND: POST /session/582ce5f850a124cd0c5f6fc14f02a0d2/execute/sync - {"script":"<script> [8489 bytes]","args":[{"element-6066-11e4-a52e-4f735466cecf":"f.92142B0E1996143B500ED3F2A7F6BA2F.d.00EB8A99C2963987F448619374BEA7E9.e.19239","ELEMENT":"f.92142B0E1996143B500ED3F2A7F6BA2F.d.00EB8A99C2963987F448619374BEA7E9.e.19239"}]}
RESULT: {"script":"<script> [8489 bytes]","args":[{"element-6066-11e4-a52e-4f735466cecf":"f.92142B0E1996143B500ED3F2A7F6BA2F.d.00EB8A99C2963987F448619374BEA7E9.e.19239","ELEMENT":"f.92142B0E1996143B500ED3F2A7F6BA2F.d.00EB8A99C2963987F448619374BEA7E9.e.19239"}]}
COMMAND: GET /session/582ce5f850a124cd0c5f6fc14f02a0d2/screenshot - {}
RESULT: {}
COMMAND: POST /session/582ce5f850a124cd0c5f6fc14f02a0d2/execute/sync - {"script":"<script> [8489 bytes]","args":[{"element-6066-11e4-a52e-4f735466cecf":"f.92142B0E1996143B500ED3F2A7F6BA2F.d.00EB8A99C2963987F448619374BEA7E9.e.19239","ELEMENT":"f.92142B0E1996143B500ED3F2A7F6BA2F.d.00EB8A99C2963987F448619374BEA7E9.e.19239"}]}
RESULT: {"script":"<script> [8489 bytes]","args":[{"element-6066-11e4-a52e-4f735466cecf":"f.92142B0E1996143B500ED3F2A7F6BA2F.d.00EB8A99C2963987F448619374BEA7E9.e.19239","ELEMENT":"f.92142B0E1996143B500ED3F2A7F6BA2F.d.00EB8A99C2963987F448619374BEA7E9.e.19239"}]}
COMMAND: GET /session/582ce5f850a124cd0c5f6fc14f02a0d2/screenshot - {}
RESULT: {}
COMMAND: POST /session/582ce5f850a124cd0c5f6fc14f02a0d2/execute/sync - {"script":"<script> [8489 bytes]","args":[{"element-6066-11e4-a52e-4f735466cecf":"f.92142B0E1996143B500ED3F2A7F6BA2F.d.00EB8A99C2963987F448619374BEA7E9.e.19239","ELEMENT":"f.92142B0E1996143B500ED3F2A7F6BA2F.d.00EB8A99C2963987F448619374BEA7E9.e.19239"}]}
RESULT: {"script":"<script> [8489 bytes]","args":[{"element-6066-11e4-a52e-4f735466cecf":"f.92142B0E1996143B500ED3F2A7F6BA2F.d.00EB8A99C2963987F448619374BEA7E9.e.19239","ELEMENT":"f.92142B0E1996143B500ED3F2A7F6BA2F.d.00EB8A99C2963987F448619374BEA7E9.e.19239"}]}
COMMAND: GET /session/582ce5f850a124cd0c5f6fc14f02a0d2/screenshot - {}
RESULT: {}
COMMAND: POST /session/582ce5f850a124cd0c5f6fc14f02a0d2/execute/sync - {"script":"<script> [8489 bytes]","args":[{"element-6066-11e4-a52e-4f735466cecf":"f.92142B0E1996143B500ED3F2A7F6BA2F.d.00EB8A99C2963987F448619374BEA7E9.e.19239","ELEMENT":"f.92142B0E1996143B500ED3F2A7F6BA2F.d.00EB8A99C2963987F448619374BEA7E9.e.19239"}]}
RESULT: {"script":"<script> [8489 bytes]","args":[{"element-6066-11e4-a52e-4f735466cecf":"f.92142B0E1996143B500ED3F2A7F6BA2F.d.00EB8A99C2963987F448619374BEA7E9.e.19239","ELEMENT":"f.92142B0E1996143B500ED3F2A7F6BA2F.d.00EB8A99C2963987F448619374BEA7E9.e.19239"}]}
COMMAND: GET /session/582ce5f850a124cd0c5f6fc14f02a0d2/screenshot - {}
RESULT: {}
COMMAND: POST /session/582ce5f850a124cd0c5f6fc14f02a0d2/execute/sync - {"script":"<script> [8489 bytes]","args":[{"element-6066-11e4-a52e-4f735466cecf":"f.92142B0E1996143B500ED3F2A7F6BA2F.d.00EB8A99C2963987F448619374BEA7E9.e.19239","ELEMENT":"f.92142B0E1996143B500ED3F2A7F6BA2F.d.00EB8A99C2963987F448619374BEA7E9.e.19239"}]}
RESULT: {"script":"<script> [8489 bytes]","args":[{"element-6066-11e4-a52e-4f735466cecf":"f.92142B0E1996143B500ED3F2A7F6BA2F.d.00EB8A99C2963987F448619374BEA7E9.e.19239","ELEMENT":"f.92142B0E1996143B500ED3F2A7F6BA2F.d.00EB8A99C2963987F448619374BEA7E9.e.19239"}]}
COMMAND: GET /session/582ce5f850a124cd0c5f6fc14f02a0d2/screenshot - {}
RESULT: {}
COMMAND: POST /session/582ce5f850a124cd0c5f6fc14f02a0d2/execute/sync - {"script":"<script> [8489 bytes]","args":[{"element-6066-11e4-a52e-4f735466cecf":"f.92142B0E1996143B500ED3F2A7F6BA2F.d.00EB8A99C2963987F448619374BEA7E9.e.19239","ELEMENT":"f.92142B0E1996143B500ED3F2A7F6BA2F.d.00EB8A99C2963987F448619374BEA7E9.e.19239"}]}
RESULT: {"script":"<script> [8489 bytes]","args":[{"element-6066-11e4-a52e-4f735466cecf":"f.92142B0E1996143B500ED3F2A7F6BA2F.d.00EB8A99C2963987F448619374BEA7E9.e.19239","ELEMENT":"f.92142B0E1996143B500ED3F2A7F6BA2F.d.00EB8A99C2963987F448619374BEA7E9.e.19239"}]}
COMMAND: GET /session/582ce5f850a124cd0c5f6fc14f02a0d2/screenshot - {}
RESULT: {}
COMMAND: POST /session/582ce5f850a124cd0c5f6fc14f02a0d2/execute/sync - {"script":"<script> [8489 bytes]","args":[{"element-6066-11e4-a52e-4f735466cecf":"f.92142B0E1996143B500ED3F2A7F6BA2F.d.00EB8A99C2963987F448619374BEA7E9.e.19239","ELEMENT":"f.92142B0E1996143B500ED3F2A7F6BA2F.d.00EB8A99C2963987F448619374BEA7E9.e.19239"}]}
RESULT: {"script":"<script> [8489 bytes]","args":[{"element-6066-11e4-a52e-4f735466cecf":"f.92142B0E1996143B500ED3F2A7F6BA2F.d.00EB8A99C2963987F448619374BEA7E9.e.19239","ELEMENT":"f.92142B0E1996143B500ED3F2A7F6BA2F.d.00EB8A99C2963987F448619374BEA7E9.e.19239"}]}
COMMAND: GET /session/582ce5f850a124cd0c5f6fc14f02a0d2/screenshot - {}
RESULT: {}
COMMAND: POST /session/582ce5f850a124cd0c5f6fc14f02a0d2/execute/sync - {"script":"<script> [8489 bytes]","args":[{"element-6066-11e4-a52e-4f735466cecf":"f.92142B0E1996143B500ED3F2A7F6BA2F.d.00EB8A99C2963987F448619374BEA7E9.e.19239","ELEMENT":"f.92142B0E1996143B500ED3F2A7F6BA2F.d.00EB8A99C2963987F448619374BEA7E9.e.19239"}]}
RESULT: {"script":"<script> [8489 bytes]","args":[{"element-6066-11e4-a52e-4f735466cecf":"f.92142B0E1996143B500ED3F2A7F6BA2F.d.00EB8A99C2963987F448619374BEA7E9.e.19239","ELEMENT":"f.92142B0E1996143B500ED3F2A7F6BA2F.d.00EB8A99C2963987F448619374BEA7E9.e.19239"}]}
COMMAND: GET /session/582ce5f850a124cd0c5f6fc14f02a0d2/screenshot - {}
RESULT: {}
COMMAND: POST /session/582ce5f850a124cd0c5f6fc14f02a0d2/execute/sync - {"script":"<script> [8489 bytes]","args":[{"element-6066-11e4-a52e-4f735466cecf":"f.92142B0E1996143B500ED3F2A7F6BA2F.d.00EB8A99C2963987F448619374BEA7E9.e.19239","ELEMENT":"f.92142B0E1996143B500ED3F2A7F6BA2F.d.00EB8A99C2963987F448619374BEA7E9.e.19239"}]}
RESULT: {"script":"<script> [8489 bytes]","args":[{"element-6066-11e4-a52e-4f735466cecf":"f.92142B0E1996143B500ED3F2A7F6BA2F.d.00EB8A99C2963987F448619374BEA7E9.e.19239","ELEMENT":"f.92142B0E1996143B500ED3F2A7F6BA2F.d.00EB8A99C2963987F448619374BEA7E9.e.19239"}]}
COMMAND: GET /session/582ce5f850a124cd0c5f6fc14f02a0d2/screenshot - {}
RESULT: {}
COMMAND: POST /session/582ce5f850a124cd0c5f6fc14f02a0d2/execute/sync - {"script":"<script> [8489 bytes]","args":[{"element-6066-11e4-a52e-4f735466cecf":"f.92142B0E1996143B500ED3F2A7F6BA2F.d.00EB8A99C2963987F448619374BEA7E9.e.19239","ELEMENT":"f.92142B0E1996143B500ED3F2A7F6BA2F.d.00EB8A99C2963987F448619374BEA7E9.e.19239"}]}
RESULT: {"script":"<script> [8489 bytes]","args":[{"element-6066-11e4-a52e-4f735466cecf":"f.92142B0E1996143B500ED3F2A7F6BA2F.d.00EB8A99C2963987F448619374BEA7E9.e.19239","ELEMENT":"f.92142B0E1996143B500ED3F2A7F6BA2F.d.00EB8A99C2963987F448619374BEA7E9.e.19239"}]}
COMMAND: GET /session/582ce5f850a124cd0c5f6fc14f02a0d2/screenshot - {}
RESULT: {}
COMMAND: POST /session/582ce5f850a124cd0c5f6fc14f02a0d2/execute/sync - {"script":"<script> [8489 bytes]","args":[{"element-6066-11e4-a52e-4f735466cecf":"f.92142B0E1996143B500ED3F2A7F6BA2F.d.00EB8A99C2963987F448619374BEA7E9.e.19239","ELEMENT":"f.92142B0E1996143B500ED3F2A7F6BA2F.d.00EB8A99C2963987F448619374BEA7E9.e.19239"}]}
RESULT: {"script":"<script> [8489 bytes]","args":[{"element-6066-11e4-a52e-4f735466cecf":"f.92142B0E1996143B500ED3F2A7F6BA2F.d.00EB8A99C2963987F448619374BEA7E9.e.19239","ELEMENT":"f.92142B0E1996143B500ED3F2A7F6BA2F.d.00EB8A99C2963987F448619374BEA7E9.e.19239"}]}
COMMAND: GET /session/582ce5f850a124cd0c5f6fc14f02a0d2/screenshot - {}
COMMAND: POST /session/582ce5f850a124cd0c5f6fc14f02a0d2/execute/sync - {"script":"<script> [8489 bytes]","args":[{"element-6066-11e4-a52e-4f735466cecf":"f.92142B0E1996143B500ED3F2A7F6BA2F.d.00EB8A99C2963987F448619374BEA7E9.e.19239","ELEMENT":"f.92142B0E1996143B500ED3F2A7F6BA2F.d.00EB8A99C2963987F448619374BEA7E9.e.19239"}]}
RESULT: {}
RESULT: {"script":"<script> [8489 bytes]","args":[{"element-6066-11e4-a52e-4f735466cecf":"f.92142B0E1996143B500ED3F2A7F6BA2F.d.00EB8A99C2963987F448619374BEA7E9.e.19239","ELEMENT":"f.92142B0E1996143B500ED3F2A7F6BA2F.d.00EB8A99C2963987F448619374BEA7E9.e.19239"}]}
COMMAND: GET /session/582ce5f850a124cd0c5f6fc14f02a0d2/screenshot - {}
COMMAND: POST /session/582ce5f850a124cd0c5f6fc14f02a0d2/execute/sync - {"script":"<script> [8489 bytes]","args":[{"element-6066-11e4-a52e-4f735466cecf":"f.92142B0E1996143B500ED3F2A7F6BA2F.d.00EB8A99C2963987F448619374BEA7E9.e.19239","ELEMENT":"f.92142B0E1996143B500ED3F2A7F6BA2F.d.00EB8A99C2963987F448619374BEA7E9.e.19239"}]}
RESULT: {}
RESULT: {"script":"<script> [8489 bytes]","args":[{"element-6066-11e4-a52e-4f735466cecf":"f.92142B0E1996143B500ED3F2A7F6BA2F.d.00EB8A99C2963987F448619374BEA7E9.e.19239","ELEMENT":"f.92142B0E1996143B500ED3F2A7F6BA2F.d.00EB8A99C2963987F448619374BEA7E9.e.19239"}]}
COMMAND: GET /session/582ce5f850a124cd0c5f6fc14f02a0d2/screenshot - {}
COMMAND: POST /session/582ce5f850a124cd0c5f6fc14f02a0d2/execute/sync - {"script":"<script> [8489 bytes]","args":[{"element-6066-11e4-a52e-4f735466cecf":"f.92142B0E1996143B500ED3F2A7F6BA2F.d.00EB8A99C2963987F448619374BEA7E9.e.19239","ELEMENT":"f.92142B0E1996143B500ED3F2A7F6BA2F.d.00EB8A99C2963987F448619374BEA7E9.e.19239"}]}
RESULT: {}
RESULT: {"script":"<script> [8489 bytes]","args":[{"element-6066-11e4-a52e-4f735466cecf":"f.92142B0E1996143B500ED3F2A7F6BA2F.d.00EB8A99C2963987F448619374BEA7E9.e.19239","ELEMENT":"f.92142B0E1996143B500ED3F2A7F6BA2F.d.00EB8A99C2963987F448619374BEA7E9.e.19239"}]}
COMMAND: GET /session/582ce5f850a124cd0c5f6fc14f02a0d2/screenshot - {}
RESULT: {}
COMMAND: POST /session/582ce5f850a124cd0c5f6fc14f02a0d2/execute/sync - {"script":"<script> [8489 bytes]","args":[{"element-6066-11e4-a52e-4f735466cecf":"f.92142B0E1996143B500ED3F2A7F6BA2F.d.00EB8A99C2963987F448619374BEA7E9.e.19239","ELEMENT":"f.92142B0E1996143B500ED3F2A7F6BA2F.d.00EB8A99C2963987F448619374BEA7E9.e.19239"}]}
RESULT: {"script":"<script> [8489 bytes]","args":[{"element-6066-11e4-a52e-4f735466cecf":"f.92142B0E1996143B500ED3F2A7F6BA2F.d.00EB8A99C2963987F448619374BEA7E9.e.19239","ELEMENT":"f.92142B0E1996143B500ED3F2A7F6BA2F.d.00EB8A99C2963987F448619374BEA7E9.e.19239"}]}
COMMAND: GET /session/582ce5f850a124cd0c5f6fc14f02a0d2/screenshot - {}
RESULT: {}
COMMAND: POST /session/582ce5f850a124cd0c5f6fc14f02a0d2/execute/sync - {"script":"<script> [8489 bytes]","args":[{"element-6066-11e4-a52e-4f735466cecf":"f.92142B0E1996143B500ED3F2A7F6BA2F.d.00EB8A99C2963987F448619374BEA7E9.e.19239","ELEMENT":"f.92142B0E1996143B500ED3F2A7F6BA2F.d.00EB8A99C2963987F448619374BEA7E9.e.19239"}]}
RESULT: {"script":"<script> [8489 bytes]","args":[{"element-6066-11e4-a52e-4f735466cecf":"f.92142B0E1996143B500ED3F2A7F6BA2F.d.00EB8A99C2963987F448619374BEA7E9.e.19239","ELEMENT":"f.92142B0E1996143B500ED3F2A7F6BA2F.d.00EB8A99C2963987F448619374BEA7E9.e.19239"}]}
COMMAND: GET /session/582ce5f850a124cd0c5f6fc14f02a0d2/screenshot - {}
RESULT: {}
COMMAND: POST /session/582ce5f850a124cd0c5f6fc14f02a0d2/execute/sync - {"script":"<script> [8489 bytes]","args":[{"element-6066-11e4-a52e-4f735466cecf":"f.92142B0E1996143B500ED3F2A7F6BA2F.d.00EB8A99C2963987F448619374BEA7E9.e.19239","ELEMENT":"f.92142B0E1996143B500ED3F2A7F6BA2F.d.00EB8A99C2963987F448619374BEA7E9.e.19239"}]}
RESULT: {"script":"<script> [8489 bytes]","args":[{"element-6066-11e4-a52e-4f735466cecf":"f.92142B0E1996143B500ED3F2A7F6BA2F.d.00EB8A99C2963987F448619374BEA7E9.e.19239","ELEMENT":"f.92142B0E1996143B500ED3F2A7F6BA2F.d.00EB8A99C2963987F448619374BEA7E9.e.19239"}]}
COMMAND: GET /session/582ce5f850a124cd0c5f6fc14f02a0d2/screenshot - {}
RESULT: {}
COMMAND: POST /session/582ce5f850a124cd0c5f6fc14f02a0d2/execute/sync - {"script":"<script> [8489 bytes]","args":[{"element-6066-11e4-a52e-4f735466cecf":"f.92142B0E1996143B500ED3F2A7F6BA2F.d.00EB8A99C2963987F448619374BEA7E9.e.19239","ELEMENT":"f.92142B0E1996143B500ED3F2A7F6BA2F.d.00EB8A99C2963987F448619374BEA7E9.e.19239"}]}
RESULT: {"script":"<script> [8489 bytes]","args":[{"element-6066-11e4-a52e-4f735466cecf":"f.92142B0E1996143B500ED3F2A7F6BA2F.d.00EB8A99C2963987F448619374BEA7E9.e.19239","ELEMENT":"f.92142B0E1996143B500ED3F2A7F6BA2F.d.00EB8A99C2963987F448619374BEA7E9.e.19239"}]}
COMMAND: GET /session/582ce5f850a124cd0c5f6fc14f02a0d2/screenshot - {}
RESULT: {}
COMMAND: POST /session/582ce5f850a124cd0c5f6fc14f02a0d2/execute/sync - {"script":"<script> [8489 bytes]","args":[{"element-6066-11e4-a52e-4f735466cecf":"f.92142B0E1996143B500ED3F2A7F6BA2F.d.00EB8A99C2963987F448619374BEA7E9.e.19239","ELEMENT":"f.92142B0E1996143B500ED3F2A7F6BA2F.d.00EB8A99C2963987F448619374BEA7E9.e.19239"}]}
RESULT: {"script":"<script> [8489 bytes]","args":[{"element-6066-11e4-a52e-4f735466cecf":"f.92142B0E1996143B500ED3F2A7F6BA2F.d.00EB8A99C2963987F448619374BEA7E9.e.19239","ELEMENT":"f.92142B0E1996143B500ED3F2A7F6BA2F.d.00EB8A99C2963987F448619374BEA7E9.e.19239"}]}
COMMAND: GET /session/582ce5f850a124cd0c5f6fc14f02a0d2/screenshot - {}
RESULT: {}
COMMAND: POST /session/582ce5f850a124cd0c5f6fc14f02a0d2/execute/sync - {"script":"<script> [8489 bytes]","args":[{"element-6066-11e4-a52e-4f735466cecf":"f.92142B0E1996143B500ED3F2A7F6BA2F.d.00EB8A99C2963987F448619374BEA7E9.e.19239","ELEMENT":"f.92142B0E1996143B500ED3F2A7F6BA2F.d.00EB8A99C2963987F448619374BEA7E9.e.19239"}]}
RESULT: {"script":"<script> [8489 bytes]","args":[{"element-6066-11e4-a52e-4f735466cecf":"f.92142B0E1996143B500ED3F2A7F6BA2F.d.00EB8A99C2963987F448619374BEA7E9.e.19239","ELEMENT":"f.92142B0E1996143B500ED3F2A7F6BA2F.d.00EB8A99C2963987F448619374BEA7E9.e.19239"}]}
COMMAND: GET /session/582ce5f850a124cd0c5f6fc14f02a0d2/screenshot - {}
RESULT: {}
COMMAND: POST /session/582ce5f850a124cd0c5f6fc14f02a0d2/execute/sync - {"script":"<script> [8489 bytes]","args":[{"element-6066-11e4-a52e-4f735466cecf":"f.92142B0E1996143B500ED3F2A7F6BA2F.d.00EB8A99C2963987F448619374BEA7E9.e.19239","ELEMENT":"f.92142B0E1996143B500ED3F2A7F6BA2F.d.00EB8A99C2963987F448619374BEA7E9.e.19239"}]}
RESULT: {"script":"<script> [8489 bytes]","args":[{"element-6066-11e4-a52e-4f735466cecf":"f.92142B0E1996143B500ED3F2A7F6BA2F.d.00EB8A99C2963987F448619374BEA7E9.e.19239","ELEMENT":"f.92142B0E1996143B500ED3F2A7F6BA2F.d.00EB8A99C2963987F448619374BEA7E9.e.19239"}]}
COMMAND: GET /session/582ce5f850a124cd0c5f6fc14f02a0d2/screenshot - {}
RESULT: {}
COMMAND: POST /session/582ce5f850a124cd0c5f6fc14f02a0d2/execute/sync - {"script":"<script> [8489 bytes]","args":[{"element-6066-11e4-a52e-4f735466cecf":"f.92142B0E1996143B500ED3F2A7F6BA2F.d.00EB8A99C2963987F448619374BEA7E9.e.19239","ELEMENT":"f.92142B0E1996143B500ED3F2A7F6BA2F.d.00EB8A99C2963987F448619374BEA7E9.e.19239"}]}
RESULT: {"script":"<script> [8489 bytes]","args":[{"element-6066-11e4-a52e-4f735466cecf":"f.92142B0E1996143B500ED3F2A7F6BA2F.d.00EB8A99C2963987F448619374BEA7E9.e.19239","ELEMENT":"f.92142B0E1996143B500ED3F2A7F6BA2F.d.00EB8A99C2963987F448619374BEA7E9.e.19239"}]}
COMMAND: GET /session/582ce5f850a124cd0c5f6fc14f02a0d2/screenshot - {}
RESULT: {}
COMMAND: POST /session/582ce5f850a124cd0c5f6fc14f02a0d2/execute/sync - {"script":"<script> [8489 bytes]","args":[{"element-6066-11e4-a52e-4f735466cecf":"f.92142B0E1996143B500ED3F2A7F6BA2F.d.00EB8A99C2963987F448619374BEA7E9.e.19239","ELEMENT":"f.92142B0E1996143B500ED3F2A7F6BA2F.d.00EB8A99C2963987F448619374BEA7E9.e.19239"}]}
RESULT: {"script":"<script> [8489 bytes]","args":[{"element-6066-11e4-a52e-4f735466cecf":"f.92142B0E1996143B500ED3F2A7F6BA2F.d.00EB8A99C2963987F448619374BEA7E9.e.19239","ELEMENT":"f.92142B0E1996143B500ED3F2A7F6BA2F.d.00EB8A99C2963987F448619374BEA7E9.e.19239"}]}
COMMAND: GET /session/582ce5f850a124cd0c5f6fc14f02a0d2/screenshot - {}
RESULT: {}
COMMAND: POST /session/582ce5f850a124cd0c5f6fc14f02a0d2/execute/sync - {"script":"<script> [8489 bytes]","args":[{"element-6066-11e4-a52e-4f735466cecf":"f.92142B0E1996143B500ED3F2A7F6BA2F.d.00EB8A99C2963987F448619374BEA7E9.e.19239","ELEMENT":"f.92142B0E1996143B500ED3F2A7F6BA2F.d.00EB8A99C2963987F448619374BEA7E9.e.19239"}]}
RESULT: {"script":"<script> [8489 bytes]","args":[{"element-6066-11e4-a52e-4f735466cecf":"f.92142B0E1996143B500ED3F2A7F6BA2F.d.00EB8A99C2963987F448619374BEA7E9.e.19239","ELEMENT":"f.92142B0E1996143B500ED3F2A7F6BA2F.d.00EB8A99C2963987F448619374BEA7E9.e.19239"}]}
COMMAND: GET /session/582ce5f850a124cd0c5f6fc14f02a0d2/screenshot - {}
RESULT: {}
COMMAND: POST /session/582ce5f850a124cd0c5f6fc14f02a0d2/execute/sync - {"script":"<script> [8489 bytes]","args":[{"element-6066-11e4-a52e-4f735466cecf":"f.92142B0E1996143B500ED3F2A7F6BA2F.d.00EB8A99C2963987F448619374BEA7E9.e.19239","ELEMENT":"f.92142B0E1996143B500ED3F2A7F6BA2F.d.00EB8A99C2963987F448619374BEA7E9.e.19239"}]}
RESULT: {"script":"<script> [8489 bytes]","args":[{"element-6066-11e4-a52e-4f735466cecf":"f.92142B0E1996143B500ED3F2A7F6BA2F.d.00EB8A99C2963987F448619374BEA7E9.e.19239","ELEMENT":"f.92142B0E1996143B500ED3F2A7F6BA2F.d.00EB8A99C2963987F448619374BEA7E9.e.19239"}]}
COMMAND: GET /session/582ce5f850a124cd0c5f6fc14f02a0d2/screenshot - {}
RESULT: {}
COMMAND: POST /session/582ce5f850a124cd0c5f6fc14f02a0d2/execute/sync - {"script":"<script> [8489 bytes]","args":[{"element-6066-11e4-a52e-4f735466cecf":"f.92142B0E1996143B500ED3F2A7F6BA2F.d.00EB8A99C2963987F448619374BEA7E9.e.19239","ELEMENT":"f.92142B0E1996143B500ED3F2A7F6BA2F.d.00EB8A99C2963987F448619374BEA7E9.e.19239"}]}
RESULT: {"script":"<script> [8489 bytes]","args":[{"element-6066-11e4-a52e-4f735466cecf":"f.92142B0E1996143B500ED3F2A7F6BA2F.d.00EB8A99C2963987F448619374BEA7E9.e.19239","ELEMENT":"f.92142B0E1996143B500ED3F2A7F6BA2F.d.00EB8A99C2963987F448619374BEA7E9.e.19239"}]}
COMMAND: GET /session/582ce5f850a124cd0c5f6fc14f02a0d2/screenshot - {}
RESULT: {}
COMMAND: POST /session/582ce5f850a124cd0c5f6fc14f02a0d2/execute/sync - {"script":"<script> [8489 bytes]","args":[{"element-6066-11e4-a52e-4f735466cecf":"f.92142B0E1996143B500ED3F2A7F6BA2F.d.00EB8A99C2963987F448619374BEA7E9.e.19239","ELEMENT":"f.92142B0E1996143B500ED3F2A7F6BA2F.d.00EB8A99C2963987F448619374BEA7E9.e.19239"}]}
RESULT: {"script":"<script> [8489 bytes]","args":[{"element-6066-11e4-a52e-4f735466cecf":"f.92142B0E1996143B500ED3F2A7F6BA2F.d.00EB8A99C2963987F448619374BEA7E9.e.19239","ELEMENT":"f.92142B0E1996143B500ED3F2A7F6BA2F.d.00EB8A99C2963987F448619374BEA7E9.e.19239"}]}
COMMAND: GET /session/582ce5f850a124cd0c5f6fc14f02a0d2/screenshot - {}
RESULT: {}
COMMAND: POST /session/582ce5f850a124cd0c5f6fc14f02a0d2/execute/sync - {"script":"<script> [8489 bytes]","args":[{"element-6066-11e4-a52e-4f735466cecf":"f.92142B0E1996143B500ED3F2A7F6BA2F.d.00EB8A99C2963987F448619374BEA7E9.e.19239","ELEMENT":"f.92142B0E1996143B500ED3F2A7F6BA2F.d.00EB8A99C2963987F448619374BEA7E9.e.19239"}]}
RESULT: {"script":"<script> [8489 bytes]","args":[{"element-6066-11e4-a52e-4f735466cecf":"f.92142B0E1996143B500ED3F2A7F6BA2F.d.00EB8A99C2963987F448619374BEA7E9.e.19239","ELEMENT":"f.92142B0E1996143B500ED3F2A7F6BA2F.d.00EB8A99C2963987F448619374BEA7E9.e.19239"}]}
COMMAND: GET /session/582ce5f850a124cd0c5f6fc14f02a0d2/screenshot - {}
RESULT: {}
COMMAND: POST /session/582ce5f850a124cd0c5f6fc14f02a0d2/execute/sync - {"script":"<script> [8489 bytes]","args":[{"element-6066-11e4-a52e-4f735466cecf":"f.92142B0E1996143B500ED3F2A7F6BA2F.d.00EB8A99C2963987F448619374BEA7E9.e.19239","ELEMENT":"f.92142B0E1996143B500ED3F2A7F6BA2F.d.00EB8A99C2963987F448619374BEA7E9.e.19239"}]}
RESULT: {"script":"<script> [8489 bytes]","args":[{"element-6066-11e4-a52e-4f735466cecf":"f.92142B0E1996143B500ED3F2A7F6BA2F.d.00EB8A99C2963987F448619374BEA7E9.e.19239","ELEMENT":"f.92142B0E1996143B500ED3F2A7F6BA2F.d.00EB8A99C2963987F448619374BEA7E9.e.19239"}]}
COMMAND: GET /session/582ce5f850a124cd0c5f6fc14f02a0d2/screenshot - {}
RESULT: {}
COMMAND: POST /session/582ce5f850a124cd0c5f6fc14f02a0d2/execute/sync - {"script":"<script> [8489 bytes]","args":[{"element-6066-11e4-a52e-4f735466cecf":"f.92142B0E1996143B500ED3F2A7F6BA2F.d.00EB8A99C2963987F448619374BEA7E9.e.19239","ELEMENT":"f.92142B0E1996143B500ED3F2A7F6BA2F.d.00EB8A99C2963987F448619374BEA7E9.e.19239"}]}
RESULT: {"script":"<script> [8489 bytes]","args":[{"element-6066-11e4-a52e-4f735466cecf":"f.92142B0E1996143B500ED3F2A7F6BA2F.d.00EB8A99C2963987F448619374BEA7E9.e.19239","ELEMENT":"f.92142B0E1996143B500ED3F2A7F6BA2F.d.00EB8A99C2963987F448619374BEA7E9.e.19239"}]}
COMMAND: GET /session/582ce5f850a124cd0c5f6fc14f02a0d2/screenshot - {}
RESULT: {}
COMMAND: POST /session/582ce5f850a124cd0c5f6fc14f02a0d2/execute/sync - {"script":"<script> [8489 bytes]","args":[{"element-6066-11e4-a52e-4f735466cecf":"f.92142B0E1996143B500ED3F2A7F6BA2F.d.00EB8A99C2963987F448619374BEA7E9.e.19239","ELEMENT":"f.92142B0E1996143B500ED3F2A7F6BA2F.d.00EB8A99C2963987F448619374BEA7E9.e.19239"}]}
RESULT: {"script":"<script> [8489 bytes]","args":[{"element-6066-11e4-a52e-4f735466cecf":"f.92142B0E1996143B500ED3F2A7F6BA2F.d.00EB8A99C2963987F448619374BEA7E9.e.19239","ELEMENT":"f.92142B0E1996143B500ED3F2A7F6BA2F.d.00EB8A99C2963987F448619374BEA7E9.e.19239"}]}
COMMAND: GET /session/582ce5f850a124cd0c5f6fc14f02a0d2/screenshot - {}
RESULT: {}
COMMAND: POST /session/582ce5f850a124cd0c5f6fc14f02a0d2/execute/sync - {"script":"<script> [8489 bytes]","args":[{"element-6066-11e4-a52e-4f735466cecf":"f.92142B0E1996143B500ED3F2A7F6BA2F.d.00EB8A99C2963987F448619374BEA7E9.e.19239","ELEMENT":"f.92142B0E1996143B500ED3F2A7F6BA2F.d.00EB8A99C2963987F448619374BEA7E9.e.19239"}]}
RESULT: {"script":"<script> [8489 bytes]","args":[{"element-6066-11e4-a52e-4f735466cecf":"f.92142B0E1996143B500ED3F2A7F6BA2F.d.00EB8A99C2963987F448619374BEA7E9.e.19239","ELEMENT":"f.92142B0E1996143B500ED3F2A7F6BA2F.d.00EB8A99C2963987F448619374BEA7E9.e.19239"}]}
COMMAND: GET /session/582ce5f850a124cd0c5f6fc14f02a0d2/screenshot - {}
RESULT: {}
COMMAND: POST /session/582ce5f850a124cd0c5f6fc14f02a0d2/execute/sync - {"script":"<script> [8489 bytes]","args":[{"element-6066-11e4-a52e-4f735466cecf":"f.92142B0E1996143B500ED3F2A7F6BA2F.d.00EB8A99C2963987F448619374BEA7E9.e.19239","ELEMENT":"f.92142B0E1996143B500ED3F2A7F6BA2F.d.00EB8A99C2963987F448619374BEA7E9.e.19239"}]}
RESULT: {"script":"<script> [8489 bytes]","args":[{"element-6066-11e4-a52e-4f735466cecf":"f.92142B0E1996143B500ED3F2A7F6BA2F.d.00EB8A99C2963987F448619374BEA7E9.e.19239","ELEMENT":"f.92142B0E1996143B500ED3F2A7F6BA2F.d.00EB8A99C2963987F448619374BEA7E9.e.19239"}]}
COMMAND: GET /session/582ce5f850a124cd0c5f6fc14f02a0d2/screenshot - {}
RESULT: {}
COMMAND: POST /session/582ce5f850a124cd0c5f6fc14f02a0d2/execute/sync - {"script":"<script> [8489 bytes]","args":[{"element-6066-11e4-a52e-4f735466cecf":"f.92142B0E1996143B500ED3F2A7F6BA2F.d.00EB8A99C2963987F448619374BEA7E9.e.19239","ELEMENT":"f.92142B0E1996143B500ED3F2A7F6BA2F.d.00EB8A99C2963987F448619374BEA7E9.e.19239"}]}
RESULT: {"script":"<script> [8489 bytes]","args":[{"element-6066-11e4-a52e-4f735466cecf":"f.92142B0E1996143B500ED3F2A7F6BA2F.d.00EB8A99C2963987F448619374BEA7E9.e.19239","ELEMENT":"f.92142B0E1996143B500ED3F2A7F6BA2F.d.00EB8A99C2963987F448619374BEA7E9.e.19239"}]}
COMMAND: GET /session/582ce5f850a124cd0c5f6fc14f02a0d2/screenshot - {}
RESULT: {}
COMMAND: POST /session/582ce5f850a124cd0c5f6fc14f02a0d2/execute/sync - {"script":"<script> [8489 bytes]","args":[{"element-6066-11e4-a52e-4f735466cecf":"f.92142B0E1996143B500ED3F2A7F6BA2F.d.00EB8A99C2963987F448619374BEA7E9.e.19239","ELEMENT":"f.92142B0E1996143B500ED3F2A7F6BA2F.d.00EB8A99C2963987F448619374BEA7E9.e.19239"}]}
RESULT: {"script":"<script> [8489 bytes]","args":[{"element-6066-11e4-a52e-4f735466cecf":"f.92142B0E1996143B500ED3F2A7F6BA2F.d.00EB8A99C2963987F448619374BEA7E9.e.19239","ELEMENT":"f.92142B0E1996143B500ED3F2A7F6BA2F.d.00EB8A99C2963987F448619374BEA7E9.e.19239"}]}
COMMAND: GET /session/582ce5f850a124cd0c5f6fc14f02a0d2/screenshot - {}
RESULT: {}
COMMAND: POST /session/582ce5f850a124cd0c5f6fc14f02a0d2/execute/sync - {"script":"<script> [8489 bytes]","args":[{"element-6066-11e4-a52e-4f735466cecf":"f.92142B0E1996143B500ED3F2A7F6BA2F.d.00EB8A99C2963987F448619374BEA7E9.e.19239","ELEMENT":"f.92142B0E1996143B500ED3F2A7F6BA2F.d.00EB8A99C2963987F448619374BEA7E9.e.19239"}]}
RESULT: {"script":"<script> [8489 bytes]","args":[{"element-6066-11e4-a52e-4f735466cecf":"f.92142B0E1996143B500ED3F2A7F6BA2F.d.00EB8A99C2963987F448619374BEA7E9.e.19239","ELEMENT":"f.92142B0E1996143B500ED3F2A7F6BA2F.d.00EB8A99C2963987F448619374BEA7E9.e.19239"}]}
COMMAND: GET /session/582ce5f850a124cd0c5f6fc14f02a0d2/screenshot - {}
RESULT: {}
COMMAND: POST /session/582ce5f850a124cd0c5f6fc14f02a0d2/execute/sync - {"script":"<script> [8489 bytes]","args":[{"element-6066-11e4-a52e-4f735466cecf":"f.92142B0E1996143B500ED3F2A7F6BA2F.d.00EB8A99C2963987F448619374BEA7E9.e.19239","ELEMENT":"f.92142B0E1996143B500ED3F2A7F6BA2F.d.00EB8A99C2963987F448619374BEA7E9.e.19239"}]}
RESULT: {"script":"<script> [8489 bytes]","args":[{"element-6066-11e4-a52e-4f735466cecf":"f.92142B0E1996143B500ED3F2A7F6BA2F.d.00EB8A99C2963987F448619374BEA7E9.e.19239","ELEMENT":"f.92142B0E1996143B500ED3F2A7F6BA2F.d.00EB8A99C2963987F448619374BEA7E9.e.19239"}]}
COMMAND: GET /session/582ce5f850a124cd0c5f6fc14f02a0d2/screenshot - {}
RESULT: {}
COMMAND: POST /session/582ce5f850a124cd0c5f6fc14f02a0d2/elements - {"using":"css selector","value":"div[viewname='etm.portal.ui.managehandovers.view.DetailExecuteHO'] span.sapMText"}
RESULT: {"using":"css selector","value":"div[viewname='etm.portal.ui.managehandovers.view.DetailExecuteHO'] span.sapMText"}
]]></system-out>
    </testcase>
    <testcase classname="chrome.135_0_7049_96.windows.Provide_to_Site_w/_warehouse_management_w_clarification" name="Should test for Clarification" time="35.57">
      <system-out><![CDATA[
RESULT: undefined
COMMAND: POST /session/582ce5f850a124cd0c5f6fc14f02a0d2/element - {"using":"xpath","value":"//*[@id=\"__tile130\"]"}
COMMAND: GET /session/582ce5f850a124cd0c5f6fc14f02a0d2/screenshot - {}
RESULT: {"script":"<script> [1562 bytes]","args":[{"selector":{"controlType":"sap.m.SearchField","viewName":"etm.portal.ui.managehandovers.view.MasterHO","bindingPath":{"propertyPath":"/_BASIC_SEARCH_FIELD","modelName":"fi1t3rM0d31"},"interaction":{"idSuffix":"I"}},"wdio_ui5_key":"etmportal.ui.managehandovers.view.MasterHOsap.m.SearchField{\"propertyPath\":\"/_BASIC_SEARCH_FIELD\",\"modelName\":\"fi1t3rM0d31\"}"}]}
RESULT: undefined
RESULT: {"using":"xpath","value":"//*[@id=\"__tile130\"]"}
COMMAND: POST /session/582ce5f850a124cd0c5f6fc14f02a0d2/element/f.92142B0E1996143B500ED3F2A7F6BA2F.d.00EB8A99C2963987F448619374BEA7E9.e.17545/click - {}
RESULT: {}
RESULT: undefined
COMMAND: POST /session/582ce5f850a124cd0c5f6fc14f02a0d2/execute/async - {"script":"<script> [776 bytes]","args":[{"enterText":"30495","selector":{"controlType":"sap.m.SearchField","viewName":"etm.portal.ui.managehandovers.view.MasterHO","bindingPath":{"propertyPath":"/_BASIC_SEARCH_FIELD","modelName":"fi1t3rM0d31"},"interaction":{"idSuffix":"I"}},"clearTextFirst":true,"interactionType":"ENTER_TEXT"}]}
RESULT: {"script":"<script> [776 bytes]","args":[{"enterText":"30495","selector":{"controlType":"sap.m.SearchField","viewName":"etm.portal.ui.managehandovers.view.MasterHO","bindingPath":{"propertyPath":"/_BASIC_SEARCH_FIELD","modelName":"fi1t3rM0d31"},"interaction":{"idSuffix":"I"}},"clearTextFirst":true,"interactionType":"ENTER_TEXT"}]}
COMMAND: POST /session/582ce5f850a124cd0c5f6fc14f02a0d2/actions - {"actions":[{"id":"action89","type":"key","parameters":{},"actions":[{"type":"keyDown","value":"î€‡"},{"type":"pause","duration":10},{"type":"keyUp","value":"î€‡"}]}]}
RESULT: {"actions":[{"id":"action89","type":"key","parameters":{},"actions":[{"type":"keyDown","value":"î€‡"},{"type":"pause","duration":10},{"type":"keyUp","value":"î€‡"}]}]}
COMMAND: GET /session/582ce5f850a124cd0c5f6fc14f02a0d2/screenshot - {}
RESULT: {}
COMMAND: POST /session/582ce5f850a124cd0c5f6fc14f02a0d2/element - {"using":"xpath","value":"//span[(text() = '30495' or . = '30495')]"}
RESULT: {"using":"xpath","value":"//span[(text() = '30495' or . = '30495')]"}
COMMAND: POST /session/582ce5f850a124cd0c5f6fc14f02a0d2/element/f.92142B0E1996143B500ED3F2A7F6BA2F.d.00EB8A99C2963987F448619374BEA7E9.e.19750/click - {}
RESULT: {}
COMMAND: GET /session/582ce5f850a124cd0c5f6fc14f02a0d2/screenshot - {}
RESULT: {}
COMMAND: POST /session/582ce5f850a124cd0c5f6fc14f02a0d2/execute/async - {"script":"<script> [1562 bytes]","args":[{"selector":{"id":"instructionsTabFilter","viewName":"etm.portal.ui.managehandovers.view.DetailExecuteHO","interaction":{"idSuffix":"text"}},"wdio_ui5_key":"instructionsTabFilteretmportal.ui.managehandovers.view.DetailExecuteHO"}]}
RESULT: {"script":"<script> [1562 bytes]","args":[{"selector":{"id":"instructionsTabFilter","viewName":"etm.portal.ui.managehandovers.view.DetailExecuteHO","interaction":{"idSuffix":"text"}},"wdio_ui5_key":"instructionsTabFilteretmportal.ui.managehandovers.view.DetailExecuteHO"}]}
RESULT: undefined
RESULT: undefined
COMMAND: POST /session/582ce5f850a124cd0c5f6fc14f02a0d2/execute/async - {"script":"<script> [1562 bytes]","args":[{"selector":{"controlType":"sap.m.ToggleButton","viewName":"etm.portal.ui.managehandovers.view.DetailExecuteHO","i18NText":{"propertyName":"text","key":"refuse"},"interaction":{"idSuffix":"BDI-content"}},"wdio_ui5_key":"etmportal.ui.managehandovers.view.DetailExecuteHOsap.m.ToggleButton{\"propertyName\":\"text\",\"key\":\"refuse\"}"}]}
RESULT: {"script":"<script> [1562 bytes]","args":[{"selector":{"controlType":"sap.m.ToggleButton","viewName":"etm.portal.ui.managehandovers.view.DetailExecuteHO","i18NText":{"propertyName":"text","key":"refuse"},"interaction":{"idSuffix":"BDI-content"}},"wdio_ui5_key":"etmportal.ui.managehandovers.view.DetailExecuteHOsap.m.ToggleButton{\"propertyName\":\"text\",\"key\":\"refuse\"}"}]}
RESULT: undefined
COMMAND: POST /session/582ce5f850a124cd0c5f6fc14f02a0d2/execute/async - {"script":"<script> [1562 bytes]","args":[{"selector":{"id":"confirmationButton","viewName":"etm.portal.ui.managehandovers.view.DetailExecuteHO","interaction":{"idSuffix":"BDI-content"},"properties":{"text":"Receive / Refuse"}},"wdio_ui5_key":"confirmationButtonetmportal.ui.managehandovers.view.DetailExecuteHO{\"text\":\"Receive / Refuse\"}"}]}
RESULT: {"script":"<script> [1562 bytes]","args":[{"selector":{"id":"confirmationButton","viewName":"etm.portal.ui.managehandovers.view.DetailExecuteHO","interaction":{"idSuffix":"BDI-content"},"properties":{"text":"Receive / Refuse"}},"wdio_ui5_key":"confirmationButtonetmportal.ui.managehandovers.view.DetailExecuteHO{\"text\":\"Receive / Refuse\"}"}]}
RESULT: undefined
]]></system-out>
    </testcase>
  </testsuite>
  <testsuite timestamp="2025-04-29T17:58:16" time="506.619" tests="9" failures="7" errors="7" skipped="0">
    <properties>
      <property name="specId" value="0" />
      <property name="suiteName" value="Create masterdata for Yard Overview - trigger provide US130988" />
      <property name="capabilities" value="chrome.135_0_7049_96.windows" />
      <property name="file" value="file:///D:/a/1/s/test/specs/HTR/stock-decrease.spec.js" />
    </properties>
    <testcase classname="chrome.135_0_7049_96.windows.Create_masterdata_for_Yard_Overview_-_trigger_provide_US130988" name="create a whm for yard" time="47.56">
      <system-out><![CDATA[
COMMAND: POST /session/582ce5f850a124cd0c5f6fc14f02a0d2/element - {"using":"css selector","value":"#shell-header-icon"}
COMMAND: GET /session/582ce5f850a124cd0c5f6fc14f02a0d2/screenshot - {}
RESULT: {"using":"css selector","value":"#shell-header-icon"}
COMMAND: POST /session/582ce5f850a124cd0c5f6fc14f02a0d2/execute/sync - {"script":"<script> [8489 bytes]","args":[{"element-6066-11e4-a52e-4f735466cecf":"f.92142B0E1996143B500ED3F2A7F6BA2F.d.1C6C4F7B8C186B758F64549269BB325F.e.19829","ELEMENT":"f.92142B0E1996143B500ED3F2A7F6BA2F.d.1C6C4F7B8C186B758F64549269BB325F.e.19829"}]}
RESULT: {}
RESULT: {"script":"<script> [8489 bytes]","args":[{"element-6066-11e4-a52e-4f735466cecf":"f.92142B0E1996143B500ED3F2A7F6BA2F.d.1C6C4F7B8C186B758F64549269BB325F.e.19829","ELEMENT":"f.92142B0E1996143B500ED3F2A7F6BA2F.d.1C6C4F7B8C186B758F64549269BB325F.e.19829"}]}
COMMAND: GET /session/582ce5f850a124cd0c5f6fc14f02a0d2/element/f.92142B0E1996143B500ED3F2A7F6BA2F.d.1C6C4F7B8C186B758F64549269BB325F.e.19829/enabled - {}
COMMAND: GET /session/582ce5f850a124cd0c5f6fc14f02a0d2/screenshot - {}
RESULT: {}
COMMAND: POST /session/582ce5f850a124cd0c5f6fc14f02a0d2/element/f.92142B0E1996143B500ED3F2A7F6BA2F.d.1C6C4F7B8C186B758F64549269BB325F.e.19829/click - {}
COMMAND: GET /session/582ce5f850a124cd0c5f6fc14f02a0d2/screenshot - {}
RESULT: {}
RESULT: {}
COMMAND: GET /session/582ce5f850a124cd0c5f6fc14f02a0d2/screenshot - {}
RESULT: {}
RESULT: {}
COMMAND: POST /session/582ce5f850a124cd0c5f6fc14f02a0d2/element - {"using":"xpath","value":"//div[text()='Warehouse']"}
RESULT: {"using":"xpath","value":"//div[text()='Warehouse']"}
COMMAND: POST /session/582ce5f850a124cd0c5f6fc14f02a0d2/elements - {"using":"xpath","value":"//div[text()='Warehouse']"}
RESULT: {"using":"xpath","value":"//div[text()='Warehouse']"}
COMMAND: POST /session/582ce5f850a124cd0c5f6fc14f02a0d2/element/f.92142B0E1996143B500ED3F2A7F6BA2F.d.1C6C4F7B8C186B758F64549269BB325F.e.20325/click - {}
RESULT: {}
COMMAND: POST /session/582ce5f850a124cd0c5f6fc14f02a0d2/element - {"using":"xpath","value":"//span[text()='Manage Warehouse Movements']"}
COMMAND: GET /session/582ce5f850a124cd0c5f6fc14f02a0d2/screenshot - {}
RESULT: {"using":"xpath","value":"//span[text()='Manage Warehouse Movements']"}
COMMAND: POST /session/582ce5f850a124cd0c5f6fc14f02a0d2/elements - {"using":"xpath","value":"//span[text()='Manage Warehouse Movements']"}
RESULT: {}
RESULT: {"using":"xpath","value":"//span[text()='Manage Warehouse Movements']"}
COMMAND: POST /session/582ce5f850a124cd0c5f6fc14f02a0d2/element - {"using":"xpath","value":"//input[@id='application-warehousemovements-display-component---warehouseMovements--smartFilterBar-filterItemControl_BASIC-YARD-inner']"}
RESULT: {"using":"xpath","value":"//input[@id='application-warehousemovements-display-component---warehouseMovements--smartFilterBar-filterItemControl_BASIC-YARD-inner']"}
COMMAND: POST /session/582ce5f850a124cd0c5f6fc14f02a0d2/element - {"using":"xpath","value":"//input[@id='application-warehousemovements-display-component---warehouseMovements--smartFilterBar-filterItemControl_BASIC-YARD-inner']"}
RESULT: {"using":"xpath","value":"//input[@id='application-warehousemovements-display-component---warehouseMovements--smartFilterBar-filterItemControl_BASIC-YARD-inner']"}
COMMAND: POST /session/582ce5f850a124cd0c5f6fc14f02a0d2/actions - {"actions":[{"id":"action90","type":"key","parameters":{},"actions":[{"type":"keyDown","value":"î€‡"},{"type":"pause","duration":10},{"type":"keyUp","value":"î€‡"}]}]}
RESULT: {"actions":[{"id":"action90","type":"key","parameters":{},"actions":[{"type":"keyDown","value":"î€‡"},{"type":"pause","duration":10},{"type":"keyUp","value":"î€‡"}]}]}
COMMAND: POST /session/582ce5f850a124cd0c5f6fc14f02a0d2/element - {"using":"xpath","value":"(//*[@title=\"Add New Movement\"])[1]"}
COMMAND: GET /session/582ce5f850a124cd0c5f6fc14f02a0d2/screenshot - {}
RESULT: {"using":"xpath","value":"(//*[@title=\"Add New Movement\"])[1]"}
COMMAND: POST /session/582ce5f850a124cd0c5f6fc14f02a0d2/element - {"using":"xpath","value":"(//*[@title=\"Add New Movement\"])[1]"}
RESULT: {}
RESULT: {"using":"xpath","value":"(//*[@title=\"Add New Movement\"])[1]"}
COMMAND: POST /session/582ce5f850a124cd0c5f6fc14f02a0d2/element - {"using":"xpath","value":"//*[@id=\"application-warehousemovements-display-component---addMovement--sectionsList-arrow\"]"}
RESULT: {"using":"xpath","value":"//*[@id=\"application-warehousemovements-display-component---addMovement--sectionsList-arrow\"]"}
COMMAND: POST /session/582ce5f850a124cd0c5f6fc14f02a0d2/element - {"using":"xpath","value":"//*[@id=\"application-warehousemovements-display-component---addMovement--sectionsList-arrow\"]"}
RESULT: {"using":"xpath","value":"//*[@id=\"application-warehousemovements-display-component---addMovement--sectionsList-arrow\"]"}
COMMAND: POST /session/582ce5f850a124cd0c5f6fc14f02a0d2/element - {"using":"xpath","value":"//*[@id=\"application-warehousemovements-display-component---addMovement--saveMovementBtn-BDI-content\" and text()=\"Save\"]"}
RESULT: {"using":"xpath","value":"//*[@id=\"application-warehousemovements-display-component---addMovement--saveMovementBtn-BDI-content\" and text()=\"Save\"]"}
COMMAND: POST /session/582ce5f850a124cd0c5f6fc14f02a0d2/element - {"using":"xpath","value":"//*[@id=\"application-warehousemovements-display-component---addMovement--saveMovementBtn-BDI-content\" and text()=\"Save\"]"}
RESULT: {"using":"xpath","value":"//*[@id=\"application-warehousemovements-display-component---addMovement--saveMovementBtn-BDI-content\" and text()=\"Save\"]"}
COMMAND: POST /session/582ce5f850a124cd0c5f6fc14f02a0d2/execute/sync - {"script":"<script> [8489 bytes]","args":[{"element-6066-11e4-a52e-4f735466cecf":"f.92142B0E1996143B500ED3F2A7F6BA2F.d.1C6C4F7B8C186B758F64549269BB325F.e.19829","ELEMENT":"f.92142B0E1996143B500ED3F2A7F6BA2F.d.1C6C4F7B8C186B758F64549269BB325F.e.19829"}]}
COMMAND: POST /session/582ce5f850a124cd0c5f6fc14f02a0d2/element - {"using":"css selector","value":"#shell-header-icon"}
RESULT: {"using":"css selector","value":"#shell-header-icon"}
COMMAND: POST /session/582ce5f850a124cd0c5f6fc14f02a0d2/execute/sync - {"script":"<script> [8489 bytes]","args":[{"element-6066-11e4-a52e-4f735466cecf":"f.92142B0E1996143B500ED3F2A7F6BA2F.d.1C6C4F7B8C186B758F64549269BB325F.e.20326","ELEMENT":"f.92142B0E1996143B500ED3F2A7F6BA2F.d.1C6C4F7B8C186B758F64549269BB325F.e.20326"}]}
RESULT: {"script":"<script> [8489 bytes]","args":[{"element-6066-11e4-a52e-4f735466cecf":"f.92142B0E1996143B500ED3F2A7F6BA2F.d.1C6C4F7B8C186B758F64549269BB325F.e.20326","ELEMENT":"f.92142B0E1996143B500ED3F2A7F6BA2F.d.1C6C4F7B8C186B758F64549269BB325F.e.20326"}]}
COMMAND: GET /session/582ce5f850a124cd0c5f6fc14f02a0d2/element/f.92142B0E1996143B500ED3F2A7F6BA2F.d.1C6C4F7B8C186B758F64549269BB325F.e.20326/enabled - {}
COMMAND: GET /session/582ce5f850a124cd0c5f6fc14f02a0d2/screenshot - {}
RESULT: {}
COMMAND: POST /session/582ce5f850a124cd0c5f6fc14f02a0d2/element/f.92142B0E1996143B500ED3F2A7F6BA2F.d.1C6C4F7B8C186B758F64549269BB325F.e.20326/click - {}
COMMAND: GET /session/582ce5f850a124cd0c5f6fc14f02a0d2/screenshot - {}
RESULT: {}
RESULT: {}
COMMAND: GET /session/582ce5f850a124cd0c5f6fc14f02a0d2/screenshot - {}
RESULT: {}
RESULT: {}
]]></system-out>
    </testcase>
    <testcase classname="chrome.135_0_7049_96.windows.Create_masterdata_for_Yard_Overview_-_trigger_provide_US130988" name="Set status to defect" time="25.548">
      <system-out><![CDATA[
COMMAND: POST /session/582ce5f850a124cd0c5f6fc14f02a0d2/execute/async - {"script":"<script> [1562 bytes]","args":[{"selector":{"controlType":"sap.ushell.ui.launchpad.AnchorItem","bindingPath":{"path":"/groups/3","propertyPath":"index"},"interaction":{"idSuffix":"inner"}},"wdio_ui5_key":"sapushell.ui.launchpad.AnchorItem{\"path\":\"/groups/3\",\"propertyPath\":\"index\"}"}]}
COMMAND: GET /session/582ce5f850a124cd0c5f6fc14f02a0d2/screenshot - {}
RESULT: {"script":"<script> [1562 bytes]","args":[{"selector":{"controlType":"sap.ushell.ui.launchpad.AnchorItem","bindingPath":{"path":"/groups/3","propertyPath":"index"},"interaction":{"idSuffix":"inner"}},"wdio_ui5_key":"sapushell.ui.launchpad.AnchorItem{\"path\":\"/groups/3\",\"propertyPath\":\"index\"}"}]}
RESULT: undefined
RESULT: {}
COMMAND: POST /session/582ce5f850a124cd0c5f6fc14f02a0d2/execute/async - {"script":"<script> [1562 bytes]","args":[{"selector":{"controlType":"sap.m.GenericTile","properties":{"header":"Manage States & Performance"}},"wdio_ui5_key":"sapm.GenericTile{\"header\":\"Manage States & Performance\"}"}]}
RESULT: {"script":"<script> [1562 bytes]","args":[{"selector":{"controlType":"sap.m.GenericTile","properties":{"header":"Manage States & Performance"}},"wdio_ui5_key":"sapm.GenericTile{\"header\":\"Manage States & Performance\"}"}]}
RESULT: undefined
COMMAND: POST /session/582ce5f850a124cd0c5f6fc14f02a0d2/execute/async - {"script":"<script> [1562 bytes]","args":[{"selector":{"controlType":"sap.ui.core.Icon","viewName":"etm.portal.ui.managestatesandperformance.view.Master","viewId":"application-managestatesandperformance-display-component---stateAndPerform","properties":{"src":{"regex":{"source":"inventory"}}}},"wdio_ui5_key":"etmportal.ui.managestatesandperformance.view.Mastersap.ui.core.Icon{\"src\":{\"regex\":{\"source\":\"inventory\"}}}"}]}
RESULT: {"script":"<script> [1562 bytes]","args":[{"selector":{"controlType":"sap.ui.core.Icon","viewName":"etm.portal.ui.managestatesandperformance.view.Master","viewId":"application-managestatesandperformance-display-component---stateAndPerform","properties":{"src":{"regex":{"source":"inventory"}}}},"wdio_ui5_key":"etmportal.ui.managestatesandperformance.view.Mastersap.ui.core.Icon{\"src\":{\"regex\":{\"source\":\"inventory\"}}}"}]}
RESULT: undefined
COMMAND: POST /session/582ce5f850a124cd0c5f6fc14f02a0d2/execute/async - {"script":"<script> [1562 bytes]","args":[{"selector":{"id":"application-managestatesandperformance-display-component---stateAndPerform--smartFilterBarYard-btnBasicSearch","interaction":{"idSuffix":"I"}},"wdio_ui5_key":"applicationmanagestatesandperformance-display-component---stateAndPerform--smartFilterBarYard-btnBasicSearch"}]}
RESULT: {"script":"<script> [1562 bytes]","args":[{"selector":{"id":"application-managestatesandperformance-display-component---stateAndPerform--smartFilterBarYard-btnBasicSearch","interaction":{"idSuffix":"I"}},"wdio_ui5_key":"applicationmanagestatesandperformance-display-component---stateAndPerform--smartFilterBarYard-btnBasicSearch"}]}
RESULT: undefined
COMMAND: POST /session/582ce5f850a124cd0c5f6fc14f02a0d2/execute/async - {"script":"<script> [1562 bytes]","args":[{"selector":{"controlType":"sap.m.ColumnListItem","viewName":"etm.portal.ui.managestatesandperformance.view.Master","viewId":"application-managestatesandperformance-display-component---stateAndPerform","properties":{"type":"Navigation"},"interaction":{"idSuffix":"cell0"}},"wdio_ui5_key":"etmportal.ui.managestatesandperformance.view.Mastersap.m.ColumnListItem{\"type\":\"Navigation\"}"}]}
RESULT: {"script":"<script> [1562 bytes]","args":[{"selector":{"controlType":"sap.m.ColumnListItem","viewName":"etm.portal.ui.managestatesandperformance.view.Master","viewId":"application-managestatesandperformance-display-component---stateAndPerform","properties":{"type":"Navigation"},"interaction":{"idSuffix":"cell0"}},"wdio_ui5_key":"etmportal.ui.managestatesandperformance.view.Mastersap.m.ColumnListItem{\"type\":\"Navigation\"}"}]}
RESULT: undefined
COMMAND: POST /session/582ce5f850a124cd0c5f6fc14f02a0d2/execute/async - {"script":"<script> [1562 bytes]","args":[{"selector":{"controlType":"sap.m.Button","viewName":"etm.portal.ui.managestatesandperformance.view.Detail","viewId":"application-managestatesandperformance-display-component---detailStateAndPerform","i18NText":{"propertyName":"text","key":"createStateChange"},"interaction":{"idSuffix":"content"}},"wdio_ui5_key":"etmportal.ui.managestatesandperformance.view.Detailsap.m.Button{\"propertyName\":\"text\",\"key\":\"createStateChange\"}"}]}
RESULT: {"script":"<script> [1562 bytes]","args":[{"selector":{"controlType":"sap.m.Button","viewName":"etm.portal.ui.managestatesandperformance.view.Detail","viewId":"application-managestatesandperformance-display-component---detailStateAndPerform","i18NText":{"propertyName":"text","key":"createStateChange"},"interaction":{"idSuffix":"content"}},"wdio_ui5_key":"etmportal.ui.managestatesandperformance.view.Detailsap.m.Button{\"propertyName\":\"text\",\"key\":\"createStateChange\"}"}]}
RESULT: undefined
COMMAND: POST /session/582ce5f850a124cd0c5f6fc14f02a0d2/execute/async - {"script":"<script> [1562 bytes]","args":[{"selector":{"id":"addStateDialog--stateSelect","searchOpenDialogs":true,"interaction":{"idSuffix":"arrow"}},"wdio_ui5_key":"addStateDialogstateSelect"}]}
RESULT: {"script":"<script> [1562 bytes]","args":[{"selector":{"id":"addStateDialog--stateSelect","searchOpenDialogs":true,"interaction":{"idSuffix":"arrow"}},"wdio_ui5_key":"addStateDialogstateSelect"}]}
RESULT: undefined
COMMAND: POST /session/582ce5f850a124cd0c5f6fc14f02a0d2/execute/async - {"script":"<script> [1562 bytes]","args":[{"selector":{"controlType":"sap.ui.core.Item","viewName":"etm.portal.ui.managestatesandperformance.view.Detail","viewId":"application-managestatesandperformance-display-component---detailStateAndPerform","bindingPath":{"path":"/StateTypes(70)","propertyPath":"STATE","modelName":"catalogModel"},"searchOpenDialogs":true},"wdio_ui5_key":"etmportal.ui.managestatesandperformance.view.Detailsap.ui.core.Item{\"path\":\"/StateTypes(70)\",\"propertyPath\":\"STATE\",\"modelName\":\"catalogModel\"}"}]}
RESULT: {"script":"<script> [1562 bytes]","args":[{"selector":{"controlType":"sap.ui.core.Item","viewName":"etm.portal.ui.managestatesandperformance.view.Detail","viewId":"application-managestatesandperformance-display-component---detailStateAndPerform","bindingPath":{"path":"/StateTypes(70)","propertyPath":"STATE","modelName":"catalogModel"},"searchOpenDialogs":true},"wdio_ui5_key":"etmportal.ui.managestatesandperformance.view.Detailsap.ui.core.Item{\"path\":\"/StateTypes(70)\",\"propertyPath\":\"STATE\",\"modelName\":\"catalogModel\"}"}]}
RESULT: undefined
COMMAND: POST /session/582ce5f850a124cd0c5f6fc14f02a0d2/execute/async - {"script":"<script> [1562 bytes]","args":[{"selector":{"controlType":"sap.m.NumericInput","viewName":"etm.portal.ui.managestatesandperformance.view.Detail","viewId":"application-managestatesandperformance-display-component---detailStateAndPerform","properties":{"value":"0"},"searchOpenDialogs":true,"interaction":{"idSuffix":"inner"}},"wdio_ui5_key":"etmportal.ui.managestatesandperformance.view.Detailsap.m.NumericInput{\"value\":\"0\"}"}]}
RESULT: {"script":"<script> [1562 bytes]","args":[{"selector":{"controlType":"sap.m.NumericInput","viewName":"etm.portal.ui.managestatesandperformance.view.Detail","viewId":"application-managestatesandperformance-display-component---detailStateAndPerform","properties":{"value":"0"},"searchOpenDialogs":true,"interaction":{"idSuffix":"inner"}},"wdio_ui5_key":"etmportal.ui.managestatesandperformance.view.Detailsap.m.NumericInput{\"value\":\"0\"}"}]}
RESULT: undefined
COMMAND: POST /session/582ce5f850a124cd0c5f6fc14f02a0d2/execute/async - {"script":"<script> [1562 bytes]","args":[{"selector":{"controlType":"sap.m.Button","viewName":"etm.portal.ui.managestatesandperformance.view.Detail","viewId":"application-managestatesandperformance-display-component---detailStateAndPerform","i18NText":{"propertyName":"text","key":"save"},"searchOpenDialogs":true,"interaction":{"idSuffix":"BDI-content"}},"wdio_ui5_key":"etmportal.ui.managestatesandperformance.view.Detailsap.m.Button{\"propertyName\":\"text\",\"key\":\"save\"}"}]}
RESULT: {"script":"<script> [1562 bytes]","args":[{"selector":{"controlType":"sap.m.Button","viewName":"etm.portal.ui.managestatesandperformance.view.Detail","viewId":"application-managestatesandperformance-display-component---detailStateAndPerform","i18NText":{"propertyName":"text","key":"save"},"searchOpenDialogs":true,"interaction":{"idSuffix":"BDI-content"}},"wdio_ui5_key":"etmportal.ui.managestatesandperformance.view.Detailsap.m.Button{\"propertyName\":\"text\",\"key\":\"save\"}"}]}
RESULT: undefined
COMMAND: POST /session/582ce5f850a124cd0c5f6fc14f02a0d2/element - {"using":"css selector","value":"#shell-header-logo"}
RESULT: {"using":"css selector","value":"#shell-header-logo"}
COMMAND: POST /session/582ce5f850a124cd0c5f6fc14f02a0d2/element/f.92142B0E1996143B500ED3F2A7F6BA2F.d.1C6C4F7B8C186B758F64549269BB325F.e.20332/click - {}
RESULT: {}
COMMAND: GET /session/582ce5f850a124cd0c5f6fc14f02a0d2/screenshot - {}
RESULT: {}
]]></system-out>
    </testcase>
  </testsuite>
  <testsuite timestamp="2025-04-29T18:06:43" time="304.607" tests="3" failures="1" errors="1" skipped="0">
    <properties>
      <property name="specId" value="0" />
      <property name="suiteName" value="Transfer Yard to Yard US131076" />
      <property name="capabilities" value="chrome.135_0_7049_96.windows" />
      <property name="file" value="file:///D:/a/1/s/test/specs/HTR/transfer-yard-to-yard.spec.js" />
    </properties>
    <testcase classname="chrome.135_0_7049_96.windows.Transfer_Yard_to_Yard_US131076" name="Should create one equipment and one multipart" time="177.188">
      <system-out><![CDATA[
COMMAND: POST /session/582ce5f850a124cd0c5f6fc14f02a0d2/execute/async - {"script":"<script> [1562 bytes]","args":[{"selector":{"controlType":"sap.m.GenericTile","properties":{"header":"Manage Resources"}},"wdio_ui5_key":"sapm.GenericTile{\"header\":\"Manage Resources\"}"}]}
RESULT: {}
RESULT: {"script":"<script> [1562 bytes]","args":[{"selector":{"controlType":"sap.m.GenericTile","properties":{"header":"Manage Resources"}},"wdio_ui5_key":"sapm.GenericTile{\"header\":\"Manage Resources\"}"}]}
RESULT: undefined
COMMAND: POST /session/582ce5f850a124cd0c5f6fc14f02a0d2/element - {"using":"xpath","value":"//*[@id=\"__tile39\"]"}
RESULT: {"using":"xpath","value":"//*[@id=\"__tile39\"]"}
COMMAND: POST /session/582ce5f850a124cd0c5f6fc14f02a0d2/element/f.92142B0E1996143B500ED3F2A7F6BA2F.d.DA4980FAA561FD44BFE544386FD17AD2.e.21182/click - {}
RESULT: {}
COMMAND: GET /session/582ce5f850a124cd0c5f6fc14f02a0d2/screenshot - {}
RESULT: {}
COMMAND: POST /session/582ce5f850a124cd0c5f6fc14f02a0d2/execute/async - {"script":"<script> [1562 bytes]","args":[{"selector":{"controlType":"sap.ui.core.Icon","viewName":"etm.portal.ui.manageresources.view.Master","viewId":"application-manageresources-display-component---masterRU","properties":{"src":{"regex":{"source":"add"}}}},"wdio_ui5_key":"etmportal.ui.manageresources.view.Mastersap.ui.core.Icon{\"src\":{\"regex\":{\"source\":\"add\"}}}"}]}
RESULT: {"script":"<script> [1562 bytes]","args":[{"selector":{"controlType":"sap.ui.core.Icon","viewName":"etm.portal.ui.manageresources.view.Master","viewId":"application-manageresources-display-component---masterRU","properties":{"src":{"regex":{"source":"add"}}}},"wdio_ui5_key":"etmportal.ui.manageresources.view.Mastersap.ui.core.Icon{\"src\":{\"regex\":{\"source\":\"add\"}}}"}]}
RESULT: undefined
COMMAND: POST /session/582ce5f850a124cd0c5f6fc14f02a0d2/element - {"using":"xpath","value":"//*[@id=\"__button5-img\"]"}
RESULT: {"using":"xpath","value":"//*[@id=\"__button5-img\"]"}
COMMAND: POST /session/582ce5f850a124cd0c5f6fc14f02a0d2/element/f.92142B0E1996143B500ED3F2A7F6BA2F.d.DA4980FAA561FD44BFE544386FD17AD2.e.21227/click - {}
RESULT: {}
COMMAND: GET /session/582ce5f850a124cd0c5f6fc14f02a0d2/screenshot - {}
COMMAND: POST /session/582ce5f850a124cd0c5f6fc14f02a0d2/execute/async - {"script":"<script> [1562 bytes]","args":[{"selector":{"id":"application-manageresources-display-component---newResourceUnit--TYPE-arrow"},"wdio_ui5_key":"applicationmanageresources-display-component---newResourceUnit--TYPE-arrow"}]}
RESULT: {}
RESULT: {"script":"<script> [1562 bytes]","args":[{"selector":{"id":"application-manageresources-display-component---newResourceUnit--TYPE-arrow"},"wdio_ui5_key":"applicationmanageresources-display-component---newResourceUnit--TYPE-arrow"}]}
RESULT: undefined
COMMAND: POST /session/582ce5f850a124cd0c5f6fc14f02a0d2/element - {"using":"xpath","value":"//*[@id=\"application-manageresources-display-component---newResourceUnit--TYPE-arrow\"]"}
RESULT: {"using":"xpath","value":"//*[@id=\"application-manageresources-display-component---newResourceUnit--TYPE-arrow\"]"}
COMMAND: POST /session/582ce5f850a124cd0c5f6fc14f02a0d2/element/f.92142B0E1996143B500ED3F2A7F6BA2F.d.DA4980FAA561FD44BFE544386FD17AD2.e.21537/click - {}
RESULT: {}
COMMAND: POST /session/582ce5f850a124cd0c5f6fc14f02a0d2/execute/async - {"script":"<script> [1562 bytes]","args":[{"selector":{"controlType":"sap.m.StandardListItem","viewName":"reusables.view.manageresources.NewResourceUnit","viewId":"application-manageresources-display-component---newResourceUnit","properties":{"title":"Equipment"},"searchOpenDialogs":true,"interaction":{"idSuffix":"content"}},"wdio_ui5_key":"reusablesview.manageresources.NewResourceUnitsap.m.StandardListItem{\"title\":\"Equipment\"}"}]}
COMMAND: GET /session/582ce5f850a124cd0c5f6fc14f02a0d2/screenshot - {}
RESULT: {"script":"<script> [1562 bytes]","args":[{"selector":{"controlType":"sap.m.StandardListItem","viewName":"reusables.view.manageresources.NewResourceUnit","viewId":"application-manageresources-display-component---newResourceUnit","properties":{"title":"Equipment"},"searchOpenDialogs":true,"interaction":{"idSuffix":"content"}},"wdio_ui5_key":"reusablesview.manageresources.NewResourceUnitsap.m.StandardListItem{\"title\":\"Equipment\"}"}]}
RESULT: undefined
COMMAND: POST /session/582ce5f850a124cd0c5f6fc14f02a0d2/element - {"using":"xpath","value":"//*[@id=\"__item141\"]"}
RESULT: {}
RESULT: {"using":"xpath","value":"//*[@id=\"__item141\"]"}
COMMAND: POST /session/582ce5f850a124cd0c5f6fc14f02a0d2/element/f.92142B0E1996143B500ED3F2A7F6BA2F.d.DA4980FAA561FD44BFE544386FD17AD2.e.21540/click - {}
RESULT: {}
COMMAND: POST /session/582ce5f850a124cd0c5f6fc14f02a0d2/execute/async - {"script":"<script> [1562 bytes]","args":[{"selector":{"id":"application-manageresources-display-component---newResourceUnit--resourceId","interaction":{"idSuffix":"inner"}},"wdio_ui5_key":"applicationmanageresources-display-component---newResourceUnit--resourceId"}]}
COMMAND: GET /session/582ce5f850a124cd0c5f6fc14f02a0d2/screenshot - {}
RESULT: {"script":"<script> [1562 bytes]","args":[{"selector":{"id":"application-manageresources-display-component---newResourceUnit--resourceId","interaction":{"idSuffix":"inner"}},"wdio_ui5_key":"applicationmanageresources-display-component---newResourceUnit--resourceId"}]}
RESULT: undefined
COMMAND: POST /session/582ce5f850a124cd0c5f6fc14f02a0d2/execute/async - {"script":"<script> [776 bytes]","args":[{"enterText":"TransferYardEquiprog9q","selector":{"id":"application-manageresources-display-component---newResourceUnit--resourceId","interaction":{"idSuffix":"inner"}},"clearTextFirst":true,"interactionType":"ENTER_TEXT"}]}
RESULT: {}
RESULT: {"script":"<script> [776 bytes]","args":[{"enterText":"TransferYardEquiprog9q","selector":{"id":"application-manageresources-display-component---newResourceUnit--resourceId","interaction":{"idSuffix":"inner"}},"clearTextFirst":true,"interactionType":"ENTER_TEXT"}]}
COMMAND: POST /session/582ce5f850a124cd0c5f6fc14f02a0d2/execute/async - {"script":"<script> [1562 bytes]","args":[{"selector":{"id":"application-manageresources-display-component---newResourceUnit--SHORT_TEXT","interaction":{"idSuffix":"inner"}},"wdio_ui5_key":"applicationmanageresources-display-component---newResourceUnit--SHORT_TEXT"}]}
RESULT: {"script":"<script> [1562 bytes]","args":[{"selector":{"id":"application-manageresources-display-component---newResourceUnit--SHORT_TEXT","interaction":{"idSuffix":"inner"}},"wdio_ui5_key":"applicationmanageresources-display-component---newResourceUnit--SHORT_TEXT"}]}
RESULT: undefined
COMMAND: POST /session/582ce5f850a124cd0c5f6fc14f02a0d2/execute/async - {"script":"<script> [776 bytes]","args":[{"enterText":"Equip4transfer","selector":{"id":"application-manageresources-display-component---newResourceUnit--SHORT_TEXT","interaction":{"idSuffix":"inner"}},"clearTextFirst":true,"interactionType":"ENTER_TEXT"}]}
RESULT: {"script":"<script> [776 bytes]","args":[{"enterText":"Equip4transfer","selector":{"id":"application-manageresources-display-component---newResourceUnit--SHORT_TEXT","interaction":{"idSuffix":"inner"}},"clearTextFirst":true,"interactionType":"ENTER_TEXT"}]}
COMMAND: POST /session/582ce5f850a124cd0c5f6fc14f02a0d2/execute/async - {"script":"<script> [1562 bytes]","args":[{"selector":{"id":"application-manageresources-display-component---newResourceUnit--BASE_UNIT_OF_MEASURE","interaction":{"idSuffix":"inner"}},"wdio_ui5_key":"applicationmanageresources-display-component---newResourceUnit--BASE_UNIT_OF_MEASURE"}]}
RESULT: {"script":"<script> [1562 bytes]","args":[{"selector":{"id":"application-manageresources-display-component---newResourceUnit--BASE_UNIT_OF_MEASURE","interaction":{"idSuffix":"inner"}},"wdio_ui5_key":"applicationmanageresources-display-component---newResourceUnit--BASE_UNIT_OF_MEASURE"}]}
RESULT: undefined
COMMAND: POST /session/582ce5f850a124cd0c5f6fc14f02a0d2/execute/async - {"script":"<script> [776 bytes]","args":[{"enterText":"Piece","selector":{"id":"application-manageresources-display-component---newResourceUnit--BASE_UNIT_OF_MEASURE","interaction":{"idSuffix":"inner"}},"clearTextFirst":true,"interactionType":"ENTER_TEXT"}]}
RESULT: {"script":"<script> [776 bytes]","args":[{"enterText":"Piece","selector":{"id":"application-manageresources-display-component---newResourceUnit--BASE_UNIT_OF_MEASURE","interaction":{"idSuffix":"inner"}},"clearTextFirst":true,"interactionType":"ENTER_TEXT"}]}
COMMAND: POST /session/582ce5f850a124cd0c5f6fc14f02a0d2/execute/async - {"script":"<script> [1562 bytes]","args":[{"selector":{"id":"application-manageresources-display-component---newResourceUnit--WEIGHT_UNIT","interaction":{"idSuffix":"inner"}},"wdio_ui5_key":"applicationmanageresources-display-component---newResourceUnit--WEIGHT_UNIT"}]}
RESULT: {"script":"<script> [1562 bytes]","args":[{"selector":{"id":"application-manageresources-display-component---newResourceUnit--WEIGHT_UNIT","interaction":{"idSuffix":"inner"}},"wdio_ui5_key":"applicationmanageresources-display-component---newResourceUnit--WEIGHT_UNIT"}]}
RESULT: undefined
COMMAND: POST /session/582ce5f850a124cd0c5f6fc14f02a0d2/execute/async - {"script":"<script> [776 bytes]","args":[{"enterText":"Gram","selector":{"id":"application-manageresources-display-component---newResourceUnit--WEIGHT_UNIT","interaction":{"idSuffix":"inner"}},"clearTextFirst":true,"interactionType":"ENTER_TEXT"}]}
RESULT: {"script":"<script> [776 bytes]","args":[{"enterText":"Gram","selector":{"id":"application-manageresources-display-component---newResourceUnit--WEIGHT_UNIT","interaction":{"idSuffix":"inner"}},"clearTextFirst":true,"interactionType":"ENTER_TEXT"}]}
COMMAND: POST /session/582ce5f850a124cd0c5f6fc14f02a0d2/execute/async - {"script":"<script> [1562 bytes]","args":[{"selector":{"id":"application-manageresources-display-component---newResourceUnit--DIMENSION_UNIT","interaction":{"idSuffix":"inner"}},"wdio_ui5_key":"applicationmanageresources-display-component---newResourceUnit--DIMENSION_UNIT"}]}
RESULT: {"script":"<script> [1562 bytes]","args":[{"selector":{"id":"application-manageresources-display-component---newResourceUnit--DIMENSION_UNIT","interaction":{"idSuffix":"inner"}},"wdio_ui5_key":"applicationmanageresources-display-component---newResourceUnit--DIMENSION_UNIT"}]}
RESULT: undefined
COMMAND: POST /session/582ce5f850a124cd0c5f6fc14f02a0d2/execute/async - {"script":"<script> [776 bytes]","args":[{"enterText":"Meter","selector":{"id":"application-manageresources-display-component---newResourceUnit--DIMENSION_UNIT","interaction":{"idSuffix":"inner"}},"clearTextFirst":true,"interactionType":"ENTER_TEXT"}]}
RESULT: {"script":"<script> [776 bytes]","args":[{"enterText":"Meter","selector":{"id":"application-manageresources-display-component---newResourceUnit--DIMENSION_UNIT","interaction":{"idSuffix":"inner"}},"clearTextFirst":true,"interactionType":"ENTER_TEXT"}]}
COMMAND: POST /session/582ce5f850a124cd0c5f6fc14f02a0d2/execute/async - {"script":"<script> [1562 bytes]","args":[{"selector":{"id":"application-manageresources-display-component---newResourceUnit--newRRUPage-anchBar-application-manageresources-display-component---newResourceUnit--control-anchor","interaction":{"idSuffix":"BDI-content"}},"wdio_ui5_key":"applicationmanageresources-display-component---newResourceUnit--newRRUPage-anchBar-application-manageresources-display-component---newResourceUnit--control-anchor"}]}
RESULT: {"script":"<script> [1562 bytes]","args":[{"selector":{"id":"application-manageresources-display-component---newResourceUnit--newRRUPage-anchBar-application-manageresources-display-component---newResourceUnit--control-anchor","interaction":{"idSuffix":"BDI-content"}},"wdio_ui5_key":"applicationmanageresources-display-component---newResourceUnit--newRRUPage-anchBar-application-manageresources-display-component---newResourceUnit--control-anchor"}]}
RESULT: undefined
COMMAND: POST /session/582ce5f850a124cd0c5f6fc14f02a0d2/element - {"using":"xpath","value":"//*[@id=\"application-manageresources-display-component---newResourceUnit--newRRUPage-anchBar-application-manageresources-display-component---newResourceUnit--control-anchor\"]"}
RESULT: {"using":"xpath","value":"//*[@id=\"application-manageresources-display-component---newResourceUnit--newRRUPage-anchBar-application-manageresources-display-component---newResourceUnit--control-anchor\"]"}
COMMAND: POST /session/582ce5f850a124cd0c5f6fc14f02a0d2/element/f.92142B0E1996143B500ED3F2A7F6BA2F.d.DA4980FAA561FD44BFE544386FD17AD2.e.21673/click - {}
RESULT: {}
COMMAND: POST /session/582ce5f850a124cd0c5f6fc14f02a0d2/execute/async - {"script":"<script> [1562 bytes]","args":[{"selector":{"id":"application-manageresources-display-component---newResourceUnit--PLANNING_GROUP","interaction":{"idSuffix":"inner"}},"wdio_ui5_key":"applicationmanageresources-display-component---newResourceUnit--PLANNING_GROUP"}]}
COMMAND: GET /session/582ce5f850a124cd0c5f6fc14f02a0d2/screenshot - {}
RESULT: {"script":"<script> [1562 bytes]","args":[{"selector":{"id":"application-manageresources-display-component---newResourceUnit--PLANNING_GROUP","interaction":{"idSuffix":"inner"}},"wdio_ui5_key":"applicationmanageresources-display-component---newResourceUnit--PLANNING_GROUP"}]}
RESULT: undefined
COMMAND: POST /session/582ce5f850a124cd0c5f6fc14f02a0d2/execute/async - {"script":"<script> [776 bytes]","args":[{"enterText":"Heavy Equi","selector":{"id":"application-manageresources-display-component---newResourceUnit--PLANNING_GROUP","interaction":{"idSuffix":"inner"}},"clearTextFirst":true,"interactionType":"ENTER_TEXT"}]}
RESULT: {}
RESULT: {"script":"<script> [776 bytes]","args":[{"enterText":"Heavy Equi","selector":{"id":"application-manageresources-display-component---newResourceUnit--PLANNING_GROUP","interaction":{"idSuffix":"inner"}},"clearTextFirst":true,"interactionType":"ENTER_TEXT"}]}
COMMAND: POST /session/582ce5f850a124cd0c5f6fc14f02a0d2/execute/async - {"script":"<script> [1562 bytes]","args":[{"selector":{"id":"application-manageresources-display-component---newResourceUnit--ITEM_TYPE-arrow"},"wdio_ui5_key":"applicationmanageresources-display-component---newResourceUnit--ITEM_TYPE-arrow"}]}
RESULT: {"script":"<script> [1562 bytes]","args":[{"selector":{"id":"application-manageresources-display-component---newResourceUnit--ITEM_TYPE-arrow"},"wdio_ui5_key":"applicationmanageresources-display-component---newResourceUnit--ITEM_TYPE-arrow"}]}
RESULT: undefined
COMMAND: POST /session/582ce5f850a124cd0c5f6fc14f02a0d2/element - {"using":"xpath","value":"//*[@id=\"application-manageresources-display-component---newResourceUnit--ITEM_TYPE-arrow\"]"}
RESULT: {"using":"xpath","value":"//*[@id=\"application-manageresources-display-component---newResourceUnit--ITEM_TYPE-arrow\"]"}
COMMAND: POST /session/582ce5f850a124cd0c5f6fc14f02a0d2/element/f.92142B0E1996143B500ED3F2A7F6BA2F.d.DA4980FAA561FD44BFE544386FD17AD2.e.21682/click - {}
RESULT: {}
COMMAND: POST /session/582ce5f850a124cd0c5f6fc14f02a0d2/execute/async - {"script":"<script> [1562 bytes]","args":[{"selector":{"controlType":"sap.m.StandardListItem","viewName":"reusables.view.manageresources.NewResourceUnit","viewId":"application-manageresources-display-component---newResourceUnit","properties":{"title":"Resource Unit"},"searchOpenDialogs":true,"interaction":{"idSuffix":"titleText"}},"wdio_ui5_key":"reusablesview.manageresources.NewResourceUnitsap.m.StandardListItem{\"title\":\"Resource Unit\"}"}]}
COMMAND: GET /session/582ce5f850a124cd0c5f6fc14f02a0d2/screenshot - {}
RESULT: {"script":"<script> [1562 bytes]","args":[{"selector":{"controlType":"sap.m.StandardListItem","viewName":"reusables.view.manageresources.NewResourceUnit","viewId":"application-manageresources-display-component---newResourceUnit","properties":{"title":"Resource Unit"},"searchOpenDialogs":true,"interaction":{"idSuffix":"titleText"}},"wdio_ui5_key":"reusablesview.manageresources.NewResourceUnitsap.m.StandardListItem{\"title\":\"Resource Unit\"}"}]}
RESULT: undefined
COMMAND: POST /session/582ce5f850a124cd0c5f6fc14f02a0d2/element - {"using":"xpath","value":"//*[@id=\"__item210\"]"}
RESULT: {}
RESULT: {"using":"xpath","value":"//*[@id=\"__item210\"]"}
COMMAND: POST /session/582ce5f850a124cd0c5f6fc14f02a0d2/element/f.92142B0E1996143B500ED3F2A7F6BA2F.d.DA4980FAA561FD44BFE544386FD17AD2.e.21684/click - {}
RESULT: {}
COMMAND: POST /session/582ce5f850a124cd0c5f6fc14f02a0d2/execute/async - {"script":"<script> [1562 bytes]","args":[{"selector":{"id":"application-manageresources-display-component---newResourceUnit--btnAddTimeSegment-img"},"wdio_ui5_key":"applicationmanageresources-display-component---newResourceUnit--btnAddTimeSegment-img"}]}
COMMAND: GET /session/582ce5f850a124cd0c5f6fc14f02a0d2/screenshot - {}
RESULT: {"script":"<script> [1562 bytes]","args":[{"selector":{"id":"application-manageresources-display-component---newResourceUnit--btnAddTimeSegment-img"},"wdio_ui5_key":"applicationmanageresources-display-component---newResourceUnit--btnAddTimeSegment-img"}]}
RESULT: undefined
COMMAND: POST /session/582ce5f850a124cd0c5f6fc14f02a0d2/element - {"using":"xpath","value":"//*[@id=\"application-manageresources-display-component---newResourceUnit--btnAddTimeSegment-img\"]"}
RESULT: {}
RESULT: {"using":"xpath","value":"//*[@id=\"application-manageresources-display-component---newResourceUnit--btnAddTimeSegment-img\"]"}
COMMAND: POST /session/582ce5f850a124cd0c5f6fc14f02a0d2/element/f.92142B0E1996143B500ED3F2A7F6BA2F.d.DA4980FAA561FD44BFE544386FD17AD2.e.21685/click - {}
RESULT: {}
COMMAND: POST /session/582ce5f850a124cd0c5f6fc14f02a0d2/element - {"using":"xpath","value":"//input[@id=\"application-manageresources-display-component---newResourceUnit--idRuTSAdmin-application-manageresources-display-component---newResourceUnit--RUTimeSegment-0-inner\"]"}
COMMAND: GET /session/582ce5f850a124cd0c5f6fc14f02a0d2/screenshot - {}
RESULT: {"using":"xpath","value":"//input[@id=\"application-manageresources-display-component---newResourceUnit--idRuTSAdmin-application-manageresources-display-component---newResourceUnit--RUTimeSegment-0-inner\"]"}
COMMAND: POST /session/582ce5f850a124cd0c5f6fc14f02a0d2/element/f.92142B0E1996143B500ED3F2A7F6BA2F.d.DA4980FAA561FD44BFE544386FD17AD2.e.21689/clear - {}
RESULT: {}
RESULT: {}
COMMAND: POST /session/582ce5f850a124cd0c5f6fc14f02a0d2/element/f.92142B0E1996143B500ED3F2A7F6BA2F.d.DA4980FAA561FD44BFE544386FD17AD2.e.21689/value - {"text":"106"}
COMMAND: GET /session/582ce5f850a124cd0c5f6fc14f02a0d2/screenshot - {}
RESULT: {"text":"106"}
COMMAND: GET /session/582ce5f850a124cd0c5f6fc14f02a0d2/screenshot - {}
RESULT: {}
RESULT: {}
COMMAND: POST /session/582ce5f850a124cd0c5f6fc14f02a0d2/actions - {"actions":[{"id":"action92","type":"key","parameters":{},"actions":[{"type":"keyDown","value":"î€‡"},{"type":"pause","duration":10},{"type":"keyUp","value":"î€‡"}]}]}
RESULT: {"actions":[{"id":"action92","type":"key","parameters":{},"actions":[{"type":"keyDown","value":"î€‡"},{"type":"pause","duration":10},{"type":"keyUp","value":"î€‡"}]}]}
COMMAND: POST /session/582ce5f850a124cd0c5f6fc14f02a0d2/execute/async - {"script":"<script> [1562 bytes]","args":[{"selector":{"controlType":"sap.ui.core.Icon","viewName":"reusables.view.manageresources.NewResourceUnit","viewId":"application-manageresources-display-component---newResourceUnit","properties":{"src":{"regex":{"source":"slim\\-arrow\\-down"}}},"ancestor":{"controlType":"sap.m.ComboBox","viewName":"reusables.view.manageresources.NewResourceUnit","viewId":"application-manageresources-display-component---newResourceUnit","bindingPath":{"path":"/RESOURCE_UNIT_TIME_SEQUENCES/0","propertyPath":"COST_OBJECT_ADMIN_CST_TYPE","modelName":"oNewRruModel"}}},"wdio_ui5_key":"reusablesview.manageresources.NewResourceUnitsap.ui.core.Icon{\"src\":{\"regex\":{\"source\":\"slim\\\\-arrow\\\\-down\"}}}{\"controlType\":\"sap.m.ComboBox\",\"viewName\":\"reusables.view.manageresources.NewResourceUnit\",\"viewId\":\"application-manageresources-display-component---newResourceUnit\",\"bindingPath\":{\"path\":\"/RESOURCE_UNIT_TIME_SEQUENCES/0\",\"propertyPath\":\"COST_OBJECT_ADMIN_CST_TYPE\",\"modelName\":\"oNewRruModel\"}}"}]}
COMMAND: GET /session/582ce5f850a124cd0c5f6fc14f02a0d2/screenshot - {}
RESULT: {"script":"<script> [1562 bytes]","args":[{"selector":{"controlType":"sap.ui.core.Icon","viewName":"reusables.view.manageresources.NewResourceUnit","viewId":"application-manageresources-display-component---newResourceUnit","properties":{"src":{"regex":{"source":"slim\\-arrow\\-down"}}},"ancestor":{"controlType":"sap.m.ComboBox","viewName":"reusables.view.manageresources.NewResourceUnit","viewId":"application-manageresources-display-component---newResourceUnit","bindingPath":{"path":"/RESOURCE_UNIT_TIME_SEQUENCES/0","propertyPath":"COST_OBJECT_ADMIN_CST_TYPE","modelName":"oNewRruModel"}}},"wdio_ui5_key":"reusablesview.manageresources.NewResourceUnitsap.ui.core.Icon{\"src\":{\"regex\":{\"source\":\"slim\\\\-arrow\\\\-down\"}}}{\"controlType\":\"sap.m.ComboBox\",\"viewName\":\"reusables.view.manageresources.NewResourceUnit\",\"viewId\":\"application-manageresources-display-component---newResourceUnit\",\"bindingPath\":{\"path\":\"/RESOURCE_UNIT_TIME_SEQUENCES/0\",\"propertyPath\":\"COST_OBJECT_ADMIN_CST_TYPE\",\"modelName\":\"oNewRruModel\"}}"}]}
RESULT: undefined
COMMAND: POST /session/582ce5f850a124cd0c5f6fc14f02a0d2/element - {"using":"xpath","value":"//*[@id=\"__box5-application-manageresources-display-component---newResourceUnit--RUTimeSegment-0-arrow\"]"}
RESULT: {}
RESULT: {"using":"xpath","value":"//*[@id=\"__box5-application-manageresources-display-component---newResourceUnit--RUTimeSegment-0-arrow\"]"}
COMMAND: POST /session/582ce5f850a124cd0c5f6fc14f02a0d2/element/f.92142B0E1996143B500ED3F2A7F6BA2F.d.DA4980FAA561FD44BFE544386FD17AD2.e.21703/click - {}
RESULT: {}
COMMAND: POST /session/582ce5f850a124cd0c5f6fc14f02a0d2/execute/async - {"script":"<script> [1562 bytes]","args":[{"selector":{"controlType":"sap.m.StandardListItem","viewName":"reusables.view.manageresources.NewResourceUnit","viewId":"application-manageresources-display-component---newResourceUnit","properties":{"title":"PM Order"},"searchOpenDialogs":true,"interaction":{"idSuffix":"titleText"}},"wdio_ui5_key":"reusablesview.manageresources.NewResourceUnitsap.m.StandardListItem{\"title\":\"PM Order\"}"}]}
COMMAND: GET /session/582ce5f850a124cd0c5f6fc14f02a0d2/screenshot - {}
RESULT: {"script":"<script> [1562 bytes]","args":[{"selector":{"controlType":"sap.m.StandardListItem","viewName":"reusables.view.manageresources.NewResourceUnit","viewId":"application-manageresources-display-component---newResourceUnit","properties":{"title":"PM Order"},"searchOpenDialogs":true,"interaction":{"idSuffix":"titleText"}},"wdio_ui5_key":"reusablesview.manageresources.NewResourceUnitsap.m.StandardListItem{\"title\":\"PM Order\"}"}]}
RESULT: undefined
COMMAND: POST /session/582ce5f850a124cd0c5f6fc14f02a0d2/element - {"using":"xpath","value":"//*[@id=\"__item530\"]"}
RESULT: {}
RESULT: {"using":"xpath","value":"//*[@id=\"__item530\"]"}
COMMAND: POST /session/582ce5f850a124cd0c5f6fc14f02a0d2/element/f.92142B0E1996143B500ED3F2A7F6BA2F.d.DA4980FAA561FD44BFE544386FD17AD2.e.21707/click - {}
RESULT: {}
COMMAND: POST /session/582ce5f850a124cd0c5f6fc14f02a0d2/element - {"using":"xpath","value":"(//input[contains(@id ,\"-application-manageresources-display-component---newResourceUnit--RUTimeSegment-0-inner\")])[8]"}
COMMAND: GET /session/582ce5f850a124cd0c5f6fc14f02a0d2/screenshot - {}
RESULT: {"using":"xpath","value":"(//input[contains(@id ,\"-application-manageresources-display-component---newResourceUnit--RUTimeSegment-0-inner\")])[8]"}
COMMAND: POST /session/582ce5f850a124cd0c5f6fc14f02a0d2/element/f.92142B0E1996143B500ED3F2A7F6BA2F.d.DA4980FAA561FD44BFE544386FD17AD2.e.21695/clear - {}
RESULT: {}
COMMAND: POST /session/582ce5f850a124cd0c5f6fc14f02a0d2/element - {"using":"xpath","value":"(//input[contains(@id ,\"-application-manageresources-display-component---newResourceUnit--RUTimeSegment-0-inner\")])[8]"}
RESULT: {"using":"xpath","value":"(//input[contains(@id ,\"-application-manageresources-display-component---newResourceUnit--RUTimeSegment-0-inner\")])[8]"}
COMMAND: POST /session/582ce5f850a124cd0c5f6fc14f02a0d2/element/f.92142B0E1996143B500ED3F2A7F6BA2F.d.DA4980FAA561FD44BFE544386FD17AD2.e.21695/clear - {}
COMMAND: POST /session/582ce5f850a124cd0c5f6fc14f02a0d2/element - {"using":"xpath","value":"(//input[contains(@id ,\"-application-manageresources-display-component---newResourceUnit--RUTimeSegment-0-inner\")])[8]"}
RESULT: {"using":"xpath","value":"(//input[contains(@id ,\"-application-manageresources-display-component---newResourceUnit--RUTimeSegment-0-inner\")])[8]"}
COMMAND: POST /session/582ce5f850a124cd0c5f6fc14f02a0d2/element/f.92142B0E1996143B500ED3F2A7F6BA2F.d.DA4980FAA561FD44BFE544386FD17AD2.e.21711/clear - {}
RESULT: {}
COMMAND: POST /session/582ce5f850a124cd0c5f6fc14f02a0d2/element/f.92142B0E1996143B500ED3F2A7F6BA2F.d.DA4980FAA561FD44BFE544386FD17AD2.e.21711/value - {"text":"4000360"}
COMMAND: GET /session/582ce5f850a124cd0c5f6fc14f02a0d2/screenshot - {}
RESULT: {"text":"4000360"}
COMMAND: GET /session/582ce5f850a124cd0c5f6fc14f02a0d2/screenshot - {}
RESULT: {}
RESULT: {}
COMMAND: POST /session/582ce5f850a124cd0c5f6fc14f02a0d2/actions - {"actions":[{"id":"action93","type":"key","parameters":{},"actions":[{"type":"keyDown","value":"î€‡"},{"type":"pause","duration":10},{"type":"keyUp","value":"î€‡"}]}]}
RESULT: {"actions":[{"id":"action93","type":"key","parameters":{},"actions":[{"type":"keyDown","value":"î€‡"},{"type":"pause","duration":10},{"type":"keyUp","value":"î€‡"}]}]}
COMMAND: GET /session/582ce5f850a124cd0c5f6fc14f02a0d2/screenshot - {}
RESULT: {}
COMMAND: POST /session/582ce5f850a124cd0c5f6fc14f02a0d2/execute/async - {"script":"<script> [1562 bytes]","args":[{"selector":{"id":"application-manageresources-display-component---newResourceUnit--newRRUPage-anchBar-application-manageresources-display-component---newResourceUnit--resource-anchor","interaction":{"idSuffix":"BDI-content"}},"wdio_ui5_key":"applicationmanageresources-display-component---newResourceUnit--newRRUPage-anchBar-application-manageresources-display-component---newResourceUnit--resource-anchor"}]}
RESULT: {"script":"<script> [1562 bytes]","args":[{"selector":{"id":"application-manageresources-display-component---newResourceUnit--newRRUPage-anchBar-application-manageresources-display-component---newResourceUnit--resource-anchor","interaction":{"idSuffix":"BDI-content"}},"wdio_ui5_key":"applicationmanageresources-display-component---newResourceUnit--newRRUPage-anchBar-application-manageresources-display-component---newResourceUnit--resource-anchor"}]}
RESULT: undefined
COMMAND: POST /session/582ce5f850a124cd0c5f6fc14f02a0d2/element - {"using":"xpath","value":"//*[@id=\"application-manageresources-display-component---newResourceUnit--newRRUPage-anchBar-application-manageresources-display-component---newResourceUnit--resource-anchor\"]"}
RESULT: {"using":"xpath","value":"//*[@id=\"application-manageresources-display-component---newResourceUnit--newRRUPage-anchBar-application-manageresources-display-component---newResourceUnit--resource-anchor\"]"}
COMMAND: POST /session/582ce5f850a124cd0c5f6fc14f02a0d2/element/f.92142B0E1996143B500ED3F2A7F6BA2F.d.DA4980FAA561FD44BFE544386FD17AD2.e.21727/click - {}
RESULT: {}
COMMAND: POST /session/582ce5f850a124cd0c5f6fc14f02a0d2/execute/async - {"script":"<script> [1562 bytes]","args":[{"selector":{"id":"application-manageresources-display-component---newResourceUnit--PLANNED_DELIVERY_DATE","interaction":{"idSuffix":"inner"}},"wdio_ui5_key":"applicationmanageresources-display-component---newResourceUnit--PLANNED_DELIVERY_DATE"}]}
COMMAND: GET /session/582ce5f850a124cd0c5f6fc14f02a0d2/screenshot - {}
RESULT: {}
RESULT: {"script":"<script> [1562 bytes]","args":[{"selector":{"id":"application-manageresources-display-component---newResourceUnit--PLANNED_DELIVERY_DATE","interaction":{"idSuffix":"inner"}},"wdio_ui5_key":"applicationmanageresources-display-component---newResourceUnit--PLANNED_DELIVERY_DATE"}]}
RESULT: undefined
COMMAND: POST /session/582ce5f850a124cd0c5f6fc14f02a0d2/execute/async - {"script":"<script> [6424 bytes]","args":[{"element-6066-11e4-a52e-4f735466cecf":"f.92142B0E1996143B500ED3F2A7F6BA2F.d.DA4980FAA561FD44BFE544386FD17AD2.e.21594"},"setValue",["4/29/25"]]}
RESULT: {"script":"<script> [6424 bytes]","args":[{"element-6066-11e4-a52e-4f735466cecf":"f.92142B0E1996143B500ED3F2A7F6BA2F.d.DA4980FAA561FD44BFE544386FD17AD2.e.21594"},"setValue",["4/29/25"]]}
COMMAND: POST /session/582ce5f850a124cd0c5f6fc14f02a0d2/execute/async - {"script":"<script> [1562 bytes]","args":[{"selector":{"controlType":"sap.m.Button","viewName":"reusables.view.manageresources.NewResourceUnit","viewId":"application-manageresources-display-component---newResourceUnit","i18NText":{"propertyName":"tooltip","key":"save"},"interaction":{"idSuffix":"BDI-content"}},"wdio_ui5_key":"reusablesview.manageresources.NewResourceUnitsap.m.Button{\"propertyName\":\"tooltip\",\"key\":\"save\"}"}]}
RESULT: {"script":"<script> [1562 bytes]","args":[{"selector":{"controlType":"sap.m.Button","viewName":"reusables.view.manageresources.NewResourceUnit","viewId":"application-manageresources-display-component---newResourceUnit","i18NText":{"propertyName":"tooltip","key":"save"},"interaction":{"idSuffix":"BDI-content"}},"wdio_ui5_key":"reusablesview.manageresources.NewResourceUnitsap.m.Button{\"propertyName\":\"tooltip\",\"key\":\"save\"}"}]}
RESULT: undefined
COMMAND: POST /session/582ce5f850a124cd0c5f6fc14f02a0d2/element - {"using":"xpath","value":"//*[@id=\"application-manageresources-display-component---newResourceUnit--createRuButton\"]"}
RESULT: {"using":"xpath","value":"//*[@id=\"application-manageresources-display-component---newResourceUnit--createRuButton\"]"}
COMMAND: POST /session/582ce5f850a124cd0c5f6fc14f02a0d2/element/f.92142B0E1996143B500ED3F2A7F6BA2F.d.DA4980FAA561FD44BFE544386FD17AD2.e.21555/click - {}
RESULT: {}
COMMAND: GET /session/582ce5f850a124cd0c5f6fc14f02a0d2/screenshot - {}
RESULT: {}
COMMAND: POST /session/582ce5f850a124cd0c5f6fc14f02a0d2/execute/async - {"script":"<script> [1562 bytes]","args":[{"selector":{"controlType":"sap.m.Button","properties":{"text":"Close"},"searchOpenDialogs":true,"interaction":{"idSuffix":"inner"}},"wdio_ui5_key":"sapm.Button{\"text\":\"Close\"}"}]}
RESULT: {"script":"<script> [1562 bytes]","args":[{"selector":{"controlType":"sap.m.Button","properties":{"text":"Close"},"searchOpenDialogs":true,"interaction":{"idSuffix":"inner"}},"wdio_ui5_key":"sapm.Button{\"text\":\"Close\"}"}]}
RESULT: undefined
COMMAND: POST /session/582ce5f850a124cd0c5f6fc14f02a0d2/element - {"using":"xpath","value":"//*[@id=\"__mbox-btn-0\"]"}
RESULT: {"using":"xpath","value":"//*[@id=\"__mbox-btn-0\"]"}
COMMAND: POST /session/582ce5f850a124cd0c5f6fc14f02a0d2/element/f.92142B0E1996143B500ED3F2A7F6BA2F.d.DA4980FAA561FD44BFE544386FD17AD2.e.21734/click - {}
RESULT: {}
COMMAND: GET /session/582ce5f850a124cd0c5f6fc14f02a0d2/screenshot - {}
COMMAND: POST /session/582ce5f850a124cd0c5f6fc14f02a0d2/execute/async - {"script":"<script> [1562 bytes]","args":[{"selector":{"controlType":"sap.m.Text","viewName":"etm.portal.ui.manageresources.view.Detail","viewId":"application-manageresources-display-component---detailRU","bindingPath":{"propertyPath":"ID","modelName":"catalogModel"}},"wdio_ui5_key":"etmportal.ui.manageresources.view.Detailsap.m.Text{\"propertyPath\":\"ID\",\"modelName\":\"catalogModel\"}"}]}
RESULT: {}
RESULT: {"script":"<script> [1562 bytes]","args":[{"selector":{"controlType":"sap.m.Text","viewName":"etm.portal.ui.manageresources.view.Detail","viewId":"application-manageresources-display-component---detailRU","bindingPath":{"propertyPath":"ID","modelName":"catalogModel"}},"wdio_ui5_key":"etmportal.ui.manageresources.view.Detailsap.m.Text{\"propertyPath\":\"ID\",\"modelName\":\"catalogModel\"}"}]}
RESULT: undefined
COMMAND: POST /session/582ce5f850a124cd0c5f6fc14f02a0d2/execute/async - {"script":"<script> [6424 bytes]","args":[{"element-6066-11e4-a52e-4f735466cecf":"f.92142B0E1996143B500ED3F2A7F6BA2F.d.DA4980FAA561FD44BFE544386FD17AD2.e.21769"},"getText",[]]}
RESULT: {"script":"<script> [6424 bytes]","args":[{"element-6066-11e4-a52e-4f735466cecf":"f.92142B0E1996143B500ED3F2A7F6BA2F.d.DA4980FAA561FD44BFE544386FD17AD2.e.21769"},"getText",[]]}
COMMAND: POST /session/582ce5f850a124cd0c5f6fc14f02a0d2/execute/async - {"script":"<script> [1562 bytes]","args":[{"selector":{"controlType":"sap.m.OverflowToolbarButton","viewName":"etm.portal.ui.manageresources.view.Master","viewId":"application-manageresources-display-component---masterRU","bindingPath":{"path":"","propertyPath":"/isLogbook","modelName":"minimumStockRPGModel"},"interaction":{"idSuffix":"inner"}},"wdio_ui5_key":"etmportal.ui.manageresources.view.Mastersap.m.OverflowToolbarButton{\"path\":\"\",\"propertyPath\":\"/isLogbook\",\"modelName\":\"minimumStockRPGModel\"}"}]}
RESULT: {"script":"<script> [1562 bytes]","args":[{"selector":{"controlType":"sap.m.OverflowToolbarButton","viewName":"etm.portal.ui.manageresources.view.Master","viewId":"application-manageresources-display-component---masterRU","bindingPath":{"path":"","propertyPath":"/isLogbook","modelName":"minimumStockRPGModel"},"interaction":{"idSuffix":"inner"}},"wdio_ui5_key":"etmportal.ui.manageresources.view.Mastersap.m.OverflowToolbarButton{\"path\":\"\",\"propertyPath\":\"/isLogbook\",\"modelName\":\"minimumStockRPGModel\"}"}]}
RESULT: undefined
COMMAND: POST /session/582ce5f850a124cd0c5f6fc14f02a0d2/element - {"using":"xpath","value":"//*[@id=\"__button5\"]"}
RESULT: {"using":"xpath","value":"//*[@id=\"__button5\"]"}
COMMAND: POST /session/582ce5f850a124cd0c5f6fc14f02a0d2/element/f.92142B0E1996143B500ED3F2A7F6BA2F.d.DA4980FAA561FD44BFE544386FD17AD2.e.21225/click - {}
RESULT: {}
COMMAND: GET /session/582ce5f850a124cd0c5f6fc14f02a0d2/screenshot - {}
RESULT: {}
RESULT: undefined
COMMAND: POST /session/582ce5f850a124cd0c5f6fc14f02a0d2/element - {"using":"xpath","value":"//*[@id=\"application-manageresources-display-component---newResourceUnit--TYPE-arrow\"]"}
RESULT: {"using":"xpath","value":"//*[@id=\"application-manageresources-display-component---newResourceUnit--TYPE-arrow\"]"}
COMMAND: POST /session/582ce5f850a124cd0c5f6fc14f02a0d2/element/f.92142B0E1996143B500ED3F2A7F6BA2F.d.DA4980FAA561FD44BFE544386FD17AD2.e.21537/click - {}
RESULT: {}
COMMAND: POST /session/582ce5f850a124cd0c5f6fc14f02a0d2/execute/async - {"script":"<script> [1562 bytes]","args":[{"selector":{"controlType":"sap.m.StandardListItem","viewName":"reusables.view.manageresources.NewResourceUnit","viewId":"application-manageresources-display-component---newResourceUnit","properties":{"title":"Equi Multipart"},"searchOpenDialogs":true,"interaction":{"idSuffix":"titleText"}},"wdio_ui5_key":"reusablesview.manageresources.NewResourceUnitsap.m.StandardListItem{\"title\":\"Equi Multipart\"}"}]}
COMMAND: GET /session/582ce5f850a124cd0c5f6fc14f02a0d2/screenshot - {}
RESULT: {"script":"<script> [1562 bytes]","args":[{"selector":{"controlType":"sap.m.StandardListItem","viewName":"reusables.view.manageresources.NewResourceUnit","viewId":"application-manageresources-display-component---newResourceUnit","properties":{"title":"Equi Multipart"},"searchOpenDialogs":true,"interaction":{"idSuffix":"titleText"}},"wdio_ui5_key":"reusablesview.manageresources.NewResourceUnitsap.m.StandardListItem{\"title\":\"Equi Multipart\"}"}]}
RESULT: undefined
COMMAND: POST /session/582ce5f850a124cd0c5f6fc14f02a0d2/element - {"using":"xpath","value":"//*[@id=\"__item146\"]"}
RESULT: {}
RESULT: {"using":"xpath","value":"//*[@id=\"__item146\"]"}
COMMAND: POST /session/582ce5f850a124cd0c5f6fc14f02a0d2/element/f.92142B0E1996143B500ED3F2A7F6BA2F.d.DA4980FAA561FD44BFE544386FD17AD2.e.21791/click - {}
RESULT: {}
RESULT: undefined
COMMAND: POST /session/582ce5f850a124cd0c5f6fc14f02a0d2/execute/async - {"script":"<script> [776 bytes]","args":[{"enterText":"TransferYardmultipartrog9q","selector":{"id":"application-manageresources-display-component---newResourceUnit--SHORT_TEXT","interaction":{"idSuffix":"inner"}},"clearTextFirst":true,"interactionType":"ENTER_TEXT"}]}
COMMAND: GET /session/582ce5f850a124cd0c5f6fc14f02a0d2/screenshot - {}
RESULT: {"script":"<script> [776 bytes]","args":[{"enterText":"TransferYardmultipartrog9q","selector":{"id":"application-manageresources-display-component---newResourceUnit--SHORT_TEXT","interaction":{"idSuffix":"inner"}},"clearTextFirst":true,"interactionType":"ENTER_TEXT"}]}
RESULT: undefined
COMMAND: POST /session/582ce5f850a124cd0c5f6fc14f02a0d2/execute/async - {"script":"<script> [776 bytes]","args":[{"enterText":"Piece","selector":{"id":"application-manageresources-display-component---newResourceUnit--BASE_UNIT_OF_MEASURE","interaction":{"idSuffix":"inner"}},"clearTextFirst":true,"interactionType":"ENTER_TEXT"}]}
RESULT: {}
RESULT: {"script":"<script> [776 bytes]","args":[{"enterText":"Piece","selector":{"id":"application-manageresources-display-component---newResourceUnit--BASE_UNIT_OF_MEASURE","interaction":{"idSuffix":"inner"}},"clearTextFirst":true,"interactionType":"ENTER_TEXT"}]}
RESULT: undefined
COMMAND: POST /session/582ce5f850a124cd0c5f6fc14f02a0d2/execute/async - {"script":"<script> [776 bytes]","args":[{"enterText":"Gram","selector":{"id":"application-manageresources-display-component---newResourceUnit--WEIGHT_UNIT","interaction":{"idSuffix":"inner"}},"clearTextFirst":true,"interactionType":"ENTER_TEXT"}]}
RESULT: {"script":"<script> [776 bytes]","args":[{"enterText":"Gram","selector":{"id":"application-manageresources-display-component---newResourceUnit--WEIGHT_UNIT","interaction":{"idSuffix":"inner"}},"clearTextFirst":true,"interactionType":"ENTER_TEXT"}]}
RESULT: undefined
COMMAND: POST /session/582ce5f850a124cd0c5f6fc14f02a0d2/execute/async - {"script":"<script> [776 bytes]","args":[{"enterText":"Meter","selector":{"id":"application-manageresources-display-component---newResourceUnit--DIMENSION_UNIT","interaction":{"idSuffix":"inner"}},"clearTextFirst":true,"interactionType":"ENTER_TEXT"}]}
RESULT: {"script":"<script> [776 bytes]","args":[{"enterText":"Meter","selector":{"id":"application-manageresources-display-component---newResourceUnit--DIMENSION_UNIT","interaction":{"idSuffix":"inner"}},"clearTextFirst":true,"interactionType":"ENTER_TEXT"}]}
RESULT: undefined
COMMAND: POST /session/582ce5f850a124cd0c5f6fc14f02a0d2/execute/async - {"script":"<script> [776 bytes]","args":[{"enterText":"Heavy equip","selector":{"id":"application-manageresources-display-component---newResourceUnit--PLANNING_GROUP","interaction":{"idSuffix":"inner"}},"clearTextFirst":true,"interactionType":"ENTER_TEXT"}]}
RESULT: {"script":"<script> [776 bytes]","args":[{"enterText":"Heavy equip","selector":{"id":"application-manageresources-display-component---newResourceUnit--PLANNING_GROUP","interaction":{"idSuffix":"inner"}},"clearTextFirst":true,"interactionType":"ENTER_TEXT"}]}
RESULT: undefined
COMMAND: POST /session/582ce5f850a124cd0c5f6fc14f02a0d2/element - {"using":"xpath","value":"//*[@id=\"application-manageresources-display-component---newResourceUnit--ITEM_TYPE-arrow\"]"}
RESULT: {"using":"xpath","value":"//*[@id=\"application-manageresources-display-component---newResourceUnit--ITEM_TYPE-arrow\"]"}
COMMAND: POST /session/582ce5f850a124cd0c5f6fc14f02a0d2/element/f.92142B0E1996143B500ED3F2A7F6BA2F.d.DA4980FAA561FD44BFE544386FD17AD2.e.21854/click - {}
RESULT: {}
COMMAND: POST /session/582ce5f850a124cd0c5f6fc14f02a0d2/execute/async - {"script":"<script> [1562 bytes]","args":[{"selector":{"controlType":"sap.m.StandardListItem","viewName":"reusables.view.manageresources.NewResourceUnit","viewId":"application-manageresources-display-component---newResourceUnit","properties":{"title":"Pool Equipment"},"searchOpenDialogs":true,"interaction":{"idSuffix":"content"}},"wdio_ui5_key":"reusablesview.manageresources.NewResourceUnitsap.m.StandardListItem{\"title\":\"Pool Equipment\"}"}]}
COMMAND: GET /session/582ce5f850a124cd0c5f6fc14f02a0d2/screenshot - {}
RESULT: {"script":"<script> [1562 bytes]","args":[{"selector":{"controlType":"sap.m.StandardListItem","viewName":"reusables.view.manageresources.NewResourceUnit","viewId":"application-manageresources-display-component---newResourceUnit","properties":{"title":"Pool Equipment"},"searchOpenDialogs":true,"interaction":{"idSuffix":"content"}},"wdio_ui5_key":"reusablesview.manageresources.NewResourceUnitsap.m.StandardListItem{\"title\":\"Pool Equipment\"}"}]}
RESULT: undefined
COMMAND: POST /session/582ce5f850a124cd0c5f6fc14f02a0d2/element - {"using":"xpath","value":"//*[@id=\"__item756\"]"}
RESULT: {}
RESULT: {"using":"xpath","value":"//*[@id=\"__item756\"]"}
COMMAND: POST /session/582ce5f850a124cd0c5f6fc14f02a0d2/element/f.92142B0E1996143B500ED3F2A7F6BA2F.d.DA4980FAA561FD44BFE544386FD17AD2.e.21856/click - {}
RESULT: {}
COMMAND: POST /session/582ce5f850a124cd0c5f6fc14f02a0d2/execute/async - {"script":"<script> [1562 bytes]","args":[{"selector":{"id":"application-manageresources-display-component---newResourceUnit--PLANNING_INDICATOR","interaction":{"idSuffix":"inner"}},"wdio_ui5_key":"applicationmanageresources-display-component---newResourceUnit--PLANNING_INDICATOR"}]}
COMMAND: GET /session/582ce5f850a124cd0c5f6fc14f02a0d2/screenshot - {}
RESULT: {"script":"<script> [1562 bytes]","args":[{"selector":{"id":"application-manageresources-display-component---newResourceUnit--PLANNING_INDICATOR","interaction":{"idSuffix":"inner"}},"wdio_ui5_key":"applicationmanageresources-display-component---newResourceUnit--PLANNING_INDICATOR"}]}
RESULT: undefined
COMMAND: POST /session/582ce5f850a124cd0c5f6fc14f02a0d2/execute/async - {"script":"<script> [776 bytes]","args":[{"enterText":"10 - infinite","selector":{"id":"application-manageresources-display-component---newResourceUnit--PLANNING_INDICATOR","interaction":{"idSuffix":"inner"}},"clearTextFirst":true,"interactionType":"ENTER_TEXT"}]}
RESULT: {}
RESULT: {"script":"<script> [776 bytes]","args":[{"enterText":"10 - infinite","selector":{"id":"application-manageresources-display-component---newResourceUnit--PLANNING_INDICATOR","interaction":{"idSuffix":"inner"}},"clearTextFirst":true,"interactionType":"ENTER_TEXT"}]}
COMMAND: POST /session/582ce5f850a124cd0c5f6fc14f02a0d2/actions - {"actions":[{"id":"action94","type":"key","parameters":{},"actions":[{"type":"keyDown","value":"î€‡"},{"type":"pause","duration":10},{"type":"keyUp","value":"î€‡"}]}]}
RESULT: {"actions":[{"id":"action94","type":"key","parameters":{},"actions":[{"type":"keyDown","value":"î€‡"},{"type":"pause","duration":10},{"type":"keyUp","value":"î€‡"}]}]}
RESULT: undefined
COMMAND: POST /session/582ce5f850a124cd0c5f6fc14f02a0d2/element - {"using":"xpath","value":"//*[@id=\"application-manageresources-display-component---newResourceUnit--newRRUPage-anchBar-application-manageresources-display-component---newResourceUnit--control-anchor\"]"}
COMMAND: GET /session/582ce5f850a124cd0c5f6fc14f02a0d2/screenshot - {}
RESULT: {"using":"xpath","value":"//*[@id=\"application-manageresources-display-component---newResourceUnit--newRRUPage-anchBar-application-manageresources-display-component---newResourceUnit--control-anchor\"]"}
COMMAND: POST /session/582ce5f850a124cd0c5f6fc14f02a0d2/element/f.92142B0E1996143B500ED3F2A7F6BA2F.d.DA4980FAA561FD44BFE544386FD17AD2.e.21858/click - {}
RESULT: {}
RESULT: {}
RESULT: undefined
COMMAND: POST /session/582ce5f850a124cd0c5f6fc14f02a0d2/element - {"using":"xpath","value":"//*[@id=\"application-manageresources-display-component---newResourceUnit--btnAddTimeSegment-img\"]"}
COMMAND: GET /session/582ce5f850a124cd0c5f6fc14f02a0d2/screenshot - {}
RESULT: {"using":"xpath","value":"//*[@id=\"application-manageresources-display-component---newResourceUnit--btnAddTimeSegment-img\"]"}
COMMAND: POST /session/582ce5f850a124cd0c5f6fc14f02a0d2/element/f.92142B0E1996143B500ED3F2A7F6BA2F.d.DA4980FAA561FD44BFE544386FD17AD2.e.21860/click - {}
RESULT: {}
RESULT: {}
COMMAND: POST /session/582ce5f850a124cd0c5f6fc14f02a0d2/element - {"using":"xpath","value":"//input[@id=\"application-manageresources-display-component---newResourceUnit--idRuTSAdmin-application-manageresources-display-component---newResourceUnit--RUTimeSegment-0-inner\"]"}
COMMAND: GET /session/582ce5f850a124cd0c5f6fc14f02a0d2/screenshot - {}
RESULT: {"using":"xpath","value":"//input[@id=\"application-manageresources-display-component---newResourceUnit--idRuTSAdmin-application-manageresources-display-component---newResourceUnit--RUTimeSegment-0-inner\"]"}
COMMAND: POST /session/582ce5f850a124cd0c5f6fc14f02a0d2/element/f.92142B0E1996143B500ED3F2A7F6BA2F.d.DA4980FAA561FD44BFE544386FD17AD2.e.21865/clear - {}
RESULT: {}
RESULT: {}
COMMAND: POST /session/582ce5f850a124cd0c5f6fc14f02a0d2/element/f.92142B0E1996143B500ED3F2A7F6BA2F.d.DA4980FAA561FD44BFE544386FD17AD2.e.21865/value - {"text":"106"}
COMMAND: GET /session/582ce5f850a124cd0c5f6fc14f02a0d2/screenshot - {}
RESULT: {"text":"106"}
COMMAND: GET /session/582ce5f850a124cd0c5f6fc14f02a0d2/screenshot - {}
RESULT: {}
RESULT: {}
COMMAND: POST /session/582ce5f850a124cd0c5f6fc14f02a0d2/actions - {"actions":[{"id":"action95","type":"key","parameters":{},"actions":[{"type":"keyDown","value":"î€‡"},{"type":"pause","duration":10},{"type":"keyUp","value":"î€‡"}]}]}
RESULT: {"actions":[{"id":"action95","type":"key","parameters":{},"actions":[{"type":"keyDown","value":"î€‡"},{"type":"pause","duration":10},{"type":"keyUp","value":"î€‡"}]}]}
COMMAND: GET /session/582ce5f850a124cd0c5f6fc14f02a0d2/screenshot - {}
RESULT: {}
COMMAND: POST /session/582ce5f850a124cd0c5f6fc14f02a0d2/element - {"using":"xpath","value":"//*[text()=\"Save\"]"}
RESULT: {"using":"xpath","value":"//*[text()=\"Save\"]"}
COMMAND: POST /session/582ce5f850a124cd0c5f6fc14f02a0d2/execute/sync - {"script":"<script> [8489 bytes]","args":[{"element-6066-11e4-a52e-4f735466cecf":"f.92142B0E1996143B500ED3F2A7F6BA2F.d.DA4980FAA561FD44BFE544386FD17AD2.e.21732","ELEMENT":"f.92142B0E1996143B500ED3F2A7F6BA2F.d.DA4980FAA561FD44BFE544386FD17AD2.e.21732"}]}
RESULT: {"script":"<script> [8489 bytes]","args":[{"element-6066-11e4-a52e-4f735466cecf":"f.92142B0E1996143B500ED3F2A7F6BA2F.d.DA4980FAA561FD44BFE544386FD17AD2.e.21732","ELEMENT":"f.92142B0E1996143B500ED3F2A7F6BA2F.d.DA4980FAA561FD44BFE544386FD17AD2.e.21732"}]}
COMMAND: POST /session/582ce5f850a124cd0c5f6fc14f02a0d2/execute/sync - {"script":"<script> [5351 bytes]","args":[{"element-6066-11e4-a52e-4f735466cecf":"f.92142B0E1996143B500ED3F2A7F6BA2F.d.DA4980FAA561FD44BFE544386FD17AD2.e.21732","ELEMENT":"f.92142B0E1996143B500ED3F2A7F6BA2F.d.DA4980FAA561FD44BFE544386FD17AD2.e.21732"}]}
COMMAND: GET /session/582ce5f850a124cd0c5f6fc14f02a0d2/screenshot - {}
RESULT: {"script":"<script> [5351 bytes]","args":[{"element-6066-11e4-a52e-4f735466cecf":"f.92142B0E1996143B500ED3F2A7F6BA2F.d.DA4980FAA561FD44BFE544386FD17AD2.e.21732","ELEMENT":"f.92142B0E1996143B500ED3F2A7F6BA2F.d.DA4980FAA561FD44BFE544386FD17AD2.e.21732"}]}
COMMAND: POST /session/582ce5f850a124cd0c5f6fc14f02a0d2/element/f.92142B0E1996143B500ED3F2A7F6BA2F.d.DA4980FAA561FD44BFE544386FD17AD2.e.21732/click - {}
COMMAND: GET /session/582ce5f850a124cd0c5f6fc14f02a0d2/screenshot - {}
RESULT: {}
RESULT: {}
COMMAND: GET /session/582ce5f850a124cd0c5f6fc14f02a0d2/screenshot - {}
RESULT: {}
RESULT: {}
COMMAND: POST /session/582ce5f850a124cd0c5f6fc14f02a0d2/element - {"using":"xpath","value":"//bdi[contains(text(), \"Close\")]"}
RESULT: {"using":"xpath","value":"//bdi[contains(text(), \"Close\")]"}
COMMAND: POST /session/582ce5f850a124cd0c5f6fc14f02a0d2/element/f.92142B0E1996143B500ED3F2A7F6BA2F.d.DA4980FAA561FD44BFE544386FD17AD2.e.21886/click - {}
RESULT: {}
COMMAND: GET /session/582ce5f850a124cd0c5f6fc14f02a0d2/screenshot - {}
RESULT: {}
RESULT: undefined
COMMAND: POST /session/582ce5f850a124cd0c5f6fc14f02a0d2/execute/async - {"script":"<script> [6424 bytes]","args":[{"element-6066-11e4-a52e-4f735466cecf":"f.92142B0E1996143B500ED3F2A7F6BA2F.d.DA4980FAA561FD44BFE544386FD17AD2.e.21769"},"getText",[]]}
RESULT: {"script":"<script> [6424 bytes]","args":[{"element-6066-11e4-a52e-4f735466cecf":"f.92142B0E1996143B500ED3F2A7F6BA2F.d.DA4980FAA561FD44BFE544386FD17AD2.e.21769"},"getText",[]]}
COMMAND: POST /session/582ce5f850a124cd0c5f6fc14f02a0d2/element - {"using":"css selector","value":"#shell-header-logo"}
RESULT: {"using":"css selector","value":"#shell-header-logo"}
COMMAND: POST /session/582ce5f850a124cd0c5f6fc14f02a0d2/element/f.92142B0E1996143B500ED3F2A7F6BA2F.d.DA4980FAA561FD44BFE544386FD17AD2.e.21174/click - {}
RESULT: {}
COMMAND: GET /session/582ce5f850a124cd0c5f6fc14f02a0d2/screenshot - {}
RESULT: {}
]]></system-out>
    </testcase>
    <testcase classname="chrome.135_0_7049_96.windows.Transfer_Yard_to_Yard_US131076" name="Should do a stock increase for the equipment and multipart" time="78.953">
      <system-out><![CDATA[
COMMAND: POST /session/582ce5f850a124cd0c5f6fc14f02a0d2/execute/async - {"script":"<script> [1562 bytes]","args":[{"selector":{"controlType":"sap.m.Text","viewName":"etm.portal.ui.managehandoverstile.view.Master","properties":{"text":"Manage Handovers"},"interaction":{"idSuffix":"inner"}},"wdio_ui5_key":"etmportal.ui.managehandoverstile.view.Mastersap.m.Text{\"text\":\"Manage Handovers\"}"}]}
RESULT: {"script":"<script> [1562 bytes]","args":[{"selector":{"controlType":"sap.m.Text","viewName":"etm.portal.ui.managehandoverstile.view.Master","properties":{"text":"Manage Handovers"},"interaction":{"idSuffix":"inner"}},"wdio_ui5_key":"etmportal.ui.managehandoverstile.view.Mastersap.m.Text{\"text\":\"Manage Handovers\"}"}]}
RESULT: undefined
COMMAND: POST /session/582ce5f850a124cd0c5f6fc14f02a0d2/element - {"using":"xpath","value":"//*[@id=\"__tile131-title\"]"}
RESULT: {"using":"xpath","value":"//*[@id=\"__tile131-title\"]"}
COMMAND: POST /session/582ce5f850a124cd0c5f6fc14f02a0d2/element/f.92142B0E1996143B500ED3F2A7F6BA2F.d.DA4980FAA561FD44BFE544386FD17AD2.e.21902/click - {}
RESULT: {}
COMMAND: GET /session/582ce5f850a124cd0c5f6fc14f02a0d2/screenshot - {}
COMMAND: POST /session/582ce5f850a124cd0c5f6fc14f02a0d2/execute/async - {"script":"<script> [1562 bytes]","args":[{"selector":{"controlType":"sap.ui.core.Icon","viewName":"etm.portal.ui.managehandovers.view.MasterHO","properties":{"src":{"regex":{"source":"add"}}}},"wdio_ui5_key":"etmportal.ui.managehandovers.view.MasterHOsap.ui.core.Icon{\"src\":{\"regex\":{\"source\":\"add\"}}}"}]}
RESULT: {}
RESULT: {"script":"<script> [1562 bytes]","args":[{"selector":{"controlType":"sap.ui.core.Icon","viewName":"etm.portal.ui.managehandovers.view.MasterHO","properties":{"src":{"regex":{"source":"add"}}}},"wdio_ui5_key":"etmportal.ui.managehandovers.view.MasterHOsap.ui.core.Icon{\"src\":{\"regex\":{\"source\":\"add\"}}}"}]}
RESULT: undefined
COMMAND: POST /session/582ce5f850a124cd0c5f6fc14f02a0d2/element - {"using":"xpath","value":"//*[@id=\"__button85-img\"]"}
RESULT: {"using":"xpath","value":"//*[@id=\"__button85-img\"]"}
COMMAND: POST /session/582ce5f850a124cd0c5f6fc14f02a0d2/element/f.92142B0E1996143B500ED3F2A7F6BA2F.d.DA4980FAA561FD44BFE544386FD17AD2.e.21941/click - {}
RESULT: {}
COMMAND: POST /session/582ce5f850a124cd0c5f6fc14f02a0d2/execute/async - {"script":"<script> [1562 bytes]","args":[{"selector":{"id":"application-managehandovers-display-component---AddNewHO--typeSelect","interaction":{"idSuffix":"arrow"}},"wdio_ui5_key":"applicationmanagehandovers-display-component---AddNewHO--typeSelect"}]}
COMMAND: GET /session/582ce5f850a124cd0c5f6fc14f02a0d2/screenshot - {}
RESULT: {"script":"<script> [1562 bytes]","args":[{"selector":{"id":"application-managehandovers-display-component---AddNewHO--typeSelect","interaction":{"idSuffix":"arrow"}},"wdio_ui5_key":"applicationmanagehandovers-display-component---AddNewHO--typeSelect"}]}
RESULT: undefined
COMMAND: POST /session/582ce5f850a124cd0c5f6fc14f02a0d2/element - {"using":"xpath","value":"//*[@id=\"application-managehandovers-display-component---AddNewHO--typeSelect\"]"}
RESULT: {}
RESULT: {"using":"xpath","value":"//*[@id=\"application-managehandovers-display-component---AddNewHO--typeSelect\"]"}
COMMAND: POST /session/582ce5f850a124cd0c5f6fc14f02a0d2/element/f.92142B0E1996143B500ED3F2A7F6BA2F.d.DA4980FAA561FD44BFE544386FD17AD2.e.22238/click - {}
RESULT: {}
COMMAND: POST /session/582ce5f850a124cd0c5f6fc14f02a0d2/execute/async - {"script":"<script> [1562 bytes]","args":[{"selector":{"controlType":"sap.ui.core.Item","viewName":"etm.portal.ui.managehandovers.view.AddNewHO","viewId":"application-managehandovers-display-component---AddNewHO","bindingPath":{"path":"/HandOverTypes('100')","propertyPath":"ID","modelName":"catalogModel"},"searchOpenDialogs":true},"wdio_ui5_key":"etmportal.ui.managehandovers.view.AddNewHOsap.ui.core.Item{\"path\":\"/HandOverTypes('100')\",\"propertyPath\":\"ID\",\"modelName\":\"catalogModel\"}"}]}
COMMAND: GET /session/582ce5f850a124cd0c5f6fc14f02a0d2/screenshot - {}
RESULT: {"script":"<script> [1562 bytes]","args":[{"selector":{"controlType":"sap.ui.core.Item","viewName":"etm.portal.ui.managehandovers.view.AddNewHO","viewId":"application-managehandovers-display-component---AddNewHO","bindingPath":{"path":"/HandOverTypes('100')","propertyPath":"ID","modelName":"catalogModel"},"searchOpenDialogs":true},"wdio_ui5_key":"etmportal.ui.managehandovers.view.AddNewHOsap.ui.core.Item{\"path\":\"/HandOverTypes('100')\",\"propertyPath\":\"ID\",\"modelName\":\"catalogModel\"}"}]}
RESULT: undefined
COMMAND: POST /session/582ce5f850a124cd0c5f6fc14f02a0d2/element - {"using":"xpath","value":"//*[@id=\"__item1104-application-managehandovers-display-component---AddNewHO--typeSelect-1\"]"}
RESULT: {}
RESULT: {"using":"xpath","value":"//*[@id=\"__item1104-application-managehandovers-display-component---AddNewHO--typeSelect-1\"]"}
COMMAND: POST /session/582ce5f850a124cd0c5f6fc14f02a0d2/element/f.92142B0E1996143B500ED3F2A7F6BA2F.d.DA4980FAA561FD44BFE544386FD17AD2.e.22239/click - {}
RESULT: {}
COMMAND: POST /session/582ce5f850a124cd0c5f6fc14f02a0d2/execute/async - {"script":"<script> [1562 bytes]","args":[{"selector":{"id":"application-managehandovers-display-component---AddNewHO--dueDate","interaction":{"idSuffix":"inner"}},"wdio_ui5_key":"applicationmanagehandovers-display-component---AddNewHO--dueDate"}]}
COMMAND: GET /session/582ce5f850a124cd0c5f6fc14f02a0d2/screenshot - {}
RESULT: {"script":"<script> [1562 bytes]","args":[{"selector":{"id":"application-managehandovers-display-component---AddNewHO--dueDate","interaction":{"idSuffix":"inner"}},"wdio_ui5_key":"applicationmanagehandovers-display-component---AddNewHO--dueDate"}]}
RESULT: undefined
COMMAND: POST /session/582ce5f850a124cd0c5f6fc14f02a0d2/element - {"using":"xpath","value":"//input[@id=\"generalSectionFrg--receiveYard-inner\"]"}
RESULT: {}
RESULT: {"using":"xpath","value":"//input[@id=\"generalSectionFrg--receiveYard-inner\"]"}
COMMAND: POST /session/582ce5f850a124cd0c5f6fc14f02a0d2/element/f.92142B0E1996143B500ED3F2A7F6BA2F.d.DA4980FAA561FD44BFE544386FD17AD2.e.22249/clear - {}
RESULT: {}
COMMAND: POST /session/582ce5f850a124cd0c5f6fc14f02a0d2/element/f.92142B0E1996143B500ED3F2A7F6BA2F.d.DA4980FAA561FD44BFE544386FD17AD2.e.22249/value - {"text":"106"}
COMMAND: GET /session/582ce5f850a124cd0c5f6fc14f02a0d2/screenshot - {}
RESULT: {"text":"106"}
COMMAND: GET /session/582ce5f850a124cd0c5f6fc14f02a0d2/screenshot - {}
RESULT: {}
RESULT: {}
COMMAND: POST /session/582ce5f850a124cd0c5f6fc14f02a0d2/element - {"using":"xpath","value":"//input[@id=\"application-managehandovers-display-component---AddNewHO--dueDate-inner\"]"}
RESULT: {"using":"xpath","value":"//input[@id=\"application-managehandovers-display-component---AddNewHO--dueDate-inner\"]"}
COMMAND: POST /session/582ce5f850a124cd0c5f6fc14f02a0d2/elements - {"using":"xpath","value":"//input[@id=\"application-managehandovers-display-component---AddNewHO--dueDate-inner\"]"}
RESULT: {"using":"xpath","value":"//input[@id=\"application-managehandovers-display-component---AddNewHO--dueDate-inner\"]"}
COMMAND: POST /session/582ce5f850a124cd0c5f6fc14f02a0d2/execute/sync - {"script":"<script> [8489 bytes]","args":[{"element-6066-11e4-a52e-4f735466cecf":"f.92142B0E1996143B500ED3F2A7F6BA2F.d.DA4980FAA561FD44BFE544386FD17AD2.e.22243","ELEMENT":"f.92142B0E1996143B500ED3F2A7F6BA2F.d.DA4980FAA561FD44BFE544386FD17AD2.e.22243"}]}
RESULT: {"script":"<script> [8489 bytes]","args":[{"element-6066-11e4-a52e-4f735466cecf":"f.92142B0E1996143B500ED3F2A7F6BA2F.d.DA4980FAA561FD44BFE544386FD17AD2.e.22243","ELEMENT":"f.92142B0E1996143B500ED3F2A7F6BA2F.d.DA4980FAA561FD44BFE544386FD17AD2.e.22243"}]}
COMMAND: GET /session/582ce5f850a124cd0c5f6fc14f02a0d2/element/f.92142B0E1996143B500ED3F2A7F6BA2F.d.DA4980FAA561FD44BFE544386FD17AD2.e.22243/enabled - {}
COMMAND: GET /session/582ce5f850a124cd0c5f6fc14f02a0d2/screenshot - {}
RESULT: {}
COMMAND: POST /session/582ce5f850a124cd0c5f6fc14f02a0d2/element/f.92142B0E1996143B500ED3F2A7F6BA2F.d.DA4980FAA561FD44BFE544386FD17AD2.e.22243/click - {}
COMMAND: GET /session/582ce5f850a124cd0c5f6fc14f02a0d2/screenshot - {}
RESULT: {}
RESULT: {}
COMMAND: POST /session/582ce5f850a124cd0c5f6fc14f02a0d2/element/f.92142B0E1996143B500ED3F2A7F6BA2F.d.DA4980FAA561FD44BFE544386FD17AD2.e.22243/clear - {}
COMMAND: GET /session/582ce5f850a124cd0c5f6fc14f02a0d2/screenshot - {}
RESULT: {}
RESULT: {}
COMMAND: POST /session/582ce5f850a124cd0c5f6fc14f02a0d2/element/f.92142B0E1996143B500ED3F2A7F6BA2F.d.DA4980FAA561FD44BFE544386FD17AD2.e.22243/clear - {}
COMMAND: GET /session/582ce5f850a124cd0c5f6fc14f02a0d2/screenshot - {}
RESULT: {}
RESULT: {}
COMMAND: POST /session/582ce5f850a124cd0c5f6fc14f02a0d2/element/f.92142B0E1996143B500ED3F2A7F6BA2F.d.DA4980FAA561FD44BFE544386FD17AD2.e.22243/value - {"text":"4/29/25"}
COMMAND: GET /session/582ce5f850a124cd0c5f6fc14f02a0d2/screenshot - {}
RESULT: {}
RESULT: {"text":"4/29/25"}
COMMAND: POST /session/582ce5f850a124cd0c5f6fc14f02a0d2/execute/async - {"script":"<script> [1562 bytes]","args":[{"selector":{"id":"application-managehandovers-display-component---AddNewHO--ObjectPageLayout-anchBar-application-managehandovers-display-component---AddNewHO--section4-anchor","interaction":{"idSuffix":"BDI-content"}},"wdio_ui5_key":"applicationmanagehandovers-display-component---AddNewHO--ObjectPageLayout-anchBar-application-managehandovers-display-component---AddNewHO--section4-anchor"}]}
COMMAND: GET /session/582ce5f850a124cd0c5f6fc14f02a0d2/screenshot - {}
RESULT: {}
RESULT: {"script":"<script> [1562 bytes]","args":[{"selector":{"id":"application-managehandovers-display-component---AddNewHO--ObjectPageLayout-anchBar-application-managehandovers-display-component---AddNewHO--section4-anchor","interaction":{"idSuffix":"BDI-content"}},"wdio_ui5_key":"applicationmanagehandovers-display-component---AddNewHO--ObjectPageLayout-anchBar-application-managehandovers-display-component---AddNewHO--section4-anchor"}]}
RESULT: undefined
COMMAND: POST /session/582ce5f850a124cd0c5f6fc14f02a0d2/element - {"using":"xpath","value":"//*[@id=\"application-managehandovers-display-component---AddNewHO--ObjectPageLayout-anchBar-application-managehandovers-display-component---AddNewHO--section4-anchor\"]"}
RESULT: {}
RESULT: {"using":"xpath","value":"//*[@id=\"application-managehandovers-display-component---AddNewHO--ObjectPageLayout-anchBar-application-managehandovers-display-component---AddNewHO--section4-anchor\"]"}
COMMAND: POST /session/582ce5f850a124cd0c5f6fc14f02a0d2/element/f.92142B0E1996143B500ED3F2A7F6BA2F.d.DA4980FAA561FD44BFE544386FD17AD2.e.22266/click - {}
RESULT: {}
COMMAND: POST /session/582ce5f850a124cd0c5f6fc14f02a0d2/execute/async - {"script":"<script> [1562 bytes]","args":[{"selector":{"controlType":"sap.ui.core.Icon","viewName":"etm.portal.ui.managehandovers.view.AddNewHO","viewId":"application-managehandovers-display-component---AddNewHO","properties":{"src":{"regex":{"source":"add"}}}},"wdio_ui5_key":"etmportal.ui.managehandovers.view.AddNewHOsap.ui.core.Icon{\"src\":{\"regex\":{\"source\":\"add\"}}}"}]}
COMMAND: GET /session/582ce5f850a124cd0c5f6fc14f02a0d2/screenshot - {}
RESULT: {"script":"<script> [1562 bytes]","args":[{"selector":{"controlType":"sap.ui.core.Icon","viewName":"etm.portal.ui.managehandovers.view.AddNewHO","viewId":"application-managehandovers-display-component---AddNewHO","properties":{"src":{"regex":{"source":"add"}}}},"wdio_ui5_key":"etmportal.ui.managehandovers.view.AddNewHOsap.ui.core.Icon{\"src\":{\"regex\":{\"source\":\"add\"}}}"}]}
RESULT: undefined
COMMAND: POST /session/582ce5f850a124cd0c5f6fc14f02a0d2/element - {"using":"xpath","value":"//*[@id=\"__button104-img\"]"}
RESULT: {}
RESULT: {"using":"xpath","value":"//*[@id=\"__button104-img\"]"}
COMMAND: POST /session/582ce5f850a124cd0c5f6fc14f02a0d2/element/f.92142B0E1996143B500ED3F2A7F6BA2F.d.DA4980FAA561FD44BFE544386FD17AD2.e.22270/click - {}
RESULT: {}
COMMAND: POST /session/582ce5f850a124cd0c5f6fc14f02a0d2/execute/async - {"script":"<script> [1562 bytes]","args":[{"selector":{"id":"application-managehandovers-display-component---AddNewHO--smartFilterBar-btnBasicSearch","searchOpenDialogs":true,"interaction":{"idSuffix":"I"}},"wdio_ui5_key":"applicationmanagehandovers-display-component---AddNewHO--smartFilterBar-btnBasicSearch"}]}
COMMAND: GET /session/582ce5f850a124cd0c5f6fc14f02a0d2/screenshot - {}
RESULT: {"script":"<script> [1562 bytes]","args":[{"selector":{"id":"application-managehandovers-display-component---AddNewHO--smartFilterBar-btnBasicSearch","searchOpenDialogs":true,"interaction":{"idSuffix":"I"}},"wdio_ui5_key":"applicationmanagehandovers-display-component---AddNewHO--smartFilterBar-btnBasicSearch"}]}
RESULT: undefined
COMMAND: POST /session/582ce5f850a124cd0c5f6fc14f02a0d2/execute/async - {"script":"<script> [776 bytes]","args":[{"enterText":"TransferYard","selector":{"id":"application-managehandovers-display-component---AddNewHO--smartFilterBar-btnBasicSearch","searchOpenDialogs":true,"interaction":{"idSuffix":"I"}},"clearTextFirst":true,"interactionType":"ENTER_TEXT"}]}
RESULT: {}
RESULT: {"script":"<script> [776 bytes]","args":[{"enterText":"TransferYard","selector":{"id":"application-managehandovers-display-component---AddNewHO--smartFilterBar-btnBasicSearch","searchOpenDialogs":true,"interaction":{"idSuffix":"I"}},"clearTextFirst":true,"interactionType":"ENTER_TEXT"}]}
COMMAND: POST /session/582ce5f850a124cd0c5f6fc14f02a0d2/actions - {"actions":[{"id":"action96","type":"key","parameters":{},"actions":[{"type":"keyDown","value":"î€‡"},{"type":"pause","duration":10},{"type":"keyUp","value":"î€‡"}]}]}
RESULT: {"actions":[{"id":"action96","type":"key","parameters":{},"actions":[{"type":"keyDown","value":"î€‡"},{"type":"pause","duration":10},{"type":"keyUp","value":"î€‡"}]}]}
COMMAND: POST /session/582ce5f850a124cd0c5f6fc14f02a0d2/execute/async - {"script":"<script> [1562 bytes]","args":[{"selector":{"id":"application-managehandovers-display-component---AddNewHO--popup-sa","searchOpenDialogs":true,"interaction":{"idSuffix":"CbBg"}},"wdio_ui5_key":"applicationmanagehandovers-display-component---AddNewHO--popup-sa"}]}
COMMAND: GET /session/582ce5f850a124cd0c5f6fc14f02a0d2/screenshot - {}
RESULT: {"script":"<script> [1562 bytes]","args":[{"selector":{"id":"application-managehandovers-display-component---AddNewHO--popup-sa","searchOpenDialogs":true,"interaction":{"idSuffix":"CbBg"}},"wdio_ui5_key":"applicationmanagehandovers-display-component---AddNewHO--popup-sa"}]}
RESULT: undefined
COMMAND: POST /session/582ce5f850a124cd0c5f6fc14f02a0d2/element - {"using":"xpath","value":"//*[@id=\"application-managehandovers-display-component---AddNewHO--popup-sa\"]"}
RESULT: {}
RESULT: {"using":"xpath","value":"//*[@id=\"application-managehandovers-display-component---AddNewHO--popup-sa\"]"}
COMMAND: POST /session/582ce5f850a124cd0c5f6fc14f02a0d2/element/f.92142B0E1996143B500ED3F2A7F6BA2F.d.DA4980FAA561FD44BFE544386FD17AD2.e.22429/click - {}
RESULT: {}
COMMAND: POST /session/582ce5f850a124cd0c5f6fc14f02a0d2/execute/async - {"script":"<script> [1562 bytes]","args":[{"selector":{"controlType":"sap.m.Button","viewName":"etm.portal.ui.managehandovers.view.AddNewHO","viewId":"application-managehandovers-display-component---AddNewHO","i18NText":{"propertyName":"text","key":"select"},"searchOpenDialogs":true,"interaction":{"idSuffix":"BDI-content"}},"wdio_ui5_key":"etmportal.ui.managehandovers.view.AddNewHOsap.m.Button{\"propertyName\":\"text\",\"key\":\"select\"}"}]}
COMMAND: GET /session/582ce5f850a124cd0c5f6fc14f02a0d2/screenshot - {}
RESULT: {"script":"<script> [1562 bytes]","args":[{"selector":{"controlType":"sap.m.Button","viewName":"etm.portal.ui.managehandovers.view.AddNewHO","viewId":"application-managehandovers-display-component---AddNewHO","i18NText":{"propertyName":"text","key":"select"},"searchOpenDialogs":true,"interaction":{"idSuffix":"BDI-content"}},"wdio_ui5_key":"etmportal.ui.managehandovers.view.AddNewHOsap.m.Button{\"propertyName\":\"text\",\"key\":\"select\"}"}]}
RESULT: undefined
COMMAND: POST /session/582ce5f850a124cd0c5f6fc14f02a0d2/element - {"using":"xpath","value":"//*[@id=\"__button107\"]"}
RESULT: {}
RESULT: {"using":"xpath","value":"//*[@id=\"__button107\"]"}
COMMAND: POST /session/582ce5f850a124cd0c5f6fc14f02a0d2/element/f.92142B0E1996143B500ED3F2A7F6BA2F.d.DA4980FAA561FD44BFE544386FD17AD2.e.22431/click - {}
RESULT: {}
COMMAND: GET /session/582ce5f850a124cd0c5f6fc14f02a0d2/screenshot - {}
RESULT: {}
COMMAND: POST /session/582ce5f850a124cd0c5f6fc14f02a0d2/execute/async - {"script":"<script> [1562 bytes]","args":[{"selector":{"controlType":"sap.m.Input","viewName":"etm.portal.ui.managehandovers.view.AddNewHO","viewId":"application-managehandovers-display-component---AddNewHO","bindingPath":{"path":"/items/0","propertyPath":"TYPE","modelName":"hoItemsModel"},"interaction":{"idSuffix":"inner"}},"wdio_ui5_key":"etmportal.ui.managehandovers.view.AddNewHOsap.m.Input{\"path\":\"/items/0\",\"propertyPath\":\"TYPE\",\"modelName\":\"hoItemsModel\"}"}]}
RESULT: {"script":"<script> [1562 bytes]","args":[{"selector":{"controlType":"sap.m.Input","viewName":"etm.portal.ui.managehandovers.view.AddNewHO","viewId":"application-managehandovers-display-component---AddNewHO","bindingPath":{"path":"/items/0","propertyPath":"TYPE","modelName":"hoItemsModel"},"interaction":{"idSuffix":"inner"}},"wdio_ui5_key":"etmportal.ui.managehandovers.view.AddNewHOsap.m.Input{\"path\":\"/items/0\",\"propertyPath\":\"TYPE\",\"modelName\":\"hoItemsModel\"}"}]}
RESULT: undefined
COMMAND: POST /session/582ce5f850a124cd0c5f6fc14f02a0d2/execute/async - {"script":"<script> [776 bytes]","args":[{"enterText":"100","selector":{"controlType":"sap.m.Input","viewName":"etm.portal.ui.managehandovers.view.AddNewHO","viewId":"application-managehandovers-display-component---AddNewHO","bindingPath":{"path":"/items/0","propertyPath":"TYPE","modelName":"hoItemsModel"},"interaction":{"idSuffix":"inner"}},"clearTextFirst":true,"interactionType":"ENTER_TEXT"}]}
RESULT: {"script":"<script> [776 bytes]","args":[{"enterText":"100","selector":{"controlType":"sap.m.Input","viewName":"etm.portal.ui.managehandovers.view.AddNewHO","viewId":"application-managehandovers-display-component---AddNewHO","bindingPath":{"path":"/items/0","propertyPath":"TYPE","modelName":"hoItemsModel"},"interaction":{"idSuffix":"inner"}},"clearTextFirst":true,"interactionType":"ENTER_TEXT"}]}
COMMAND: POST /session/582ce5f850a124cd0c5f6fc14f02a0d2/execute/async - {"script":"<script> [1562 bytes]","args":[{"selector":{"id":"application-managehandovers-display-component---AddNewHO--confirmCreationButton","interaction":{"idSuffix":"BDI-content"}},"wdio_ui5_key":"applicationmanagehandovers-display-component---AddNewHO--confirmCreationButton"}]}
RESULT: {"script":"<script> [1562 bytes]","args":[{"selector":{"id":"application-managehandovers-display-component---AddNewHO--confirmCreationButton","interaction":{"idSuffix":"BDI-content"}},"wdio_ui5_key":"applicationmanagehandovers-display-component---AddNewHO--confirmCreationButton"}]}
RESULT: undefined
COMMAND: POST /session/582ce5f850a124cd0c5f6fc14f02a0d2/element - {"using":"xpath","value":"//*[@id=\"application-managehandovers-display-component---AddNewHO--confirmCreationButton\"]"}
RESULT: {"using":"xpath","value":"//*[@id=\"application-managehandovers-display-component---AddNewHO--confirmCreationButton\"]"}
COMMAND: POST /session/582ce5f850a124cd0c5f6fc14f02a0d2/element/f.92142B0E1996143B500ED3F2A7F6BA2F.d.DA4980FAA561FD44BFE544386FD17AD2.e.22454/click - {}
RESULT: {}
COMMAND: GET /session/582ce5f850a124cd0c5f6fc14f02a0d2/screenshot - {}
COMMAND: POST /session/582ce5f850a124cd0c5f6fc14f02a0d2/execute/async - {"script":"<script> [1562 bytes]","args":[{"selector":{"controlType":"sap.m.Button","viewName":"etm.portal.ui.managehandovers.view.DetailExecuteHO","i18NText":{"propertyName":"text","key":"confirmAll"},"interaction":{"idSuffix":"BDI-content"}},"wdio_ui5_key":"etmportal.ui.managehandovers.view.DetailExecuteHOsap.m.Button{\"propertyName\":\"text\",\"key\":\"confirmAll\"}"}]}
RESULT: {}
RESULT: {"script":"<script> [1562 bytes]","args":[{"selector":{"controlType":"sap.m.Button","viewName":"etm.portal.ui.managehandovers.view.DetailExecuteHO","i18NText":{"propertyName":"text","key":"confirmAll"},"interaction":{"idSuffix":"BDI-content"}},"wdio_ui5_key":"etmportal.ui.managehandovers.view.DetailExecuteHOsap.m.Button{\"propertyName\":\"text\",\"key\":\"confirmAll\"}"}]}
RESULT: undefined
COMMAND: POST /session/582ce5f850a124cd0c5f6fc14f02a0d2/element - {"using":"xpath","value":"//*[@id=\"__button136\"]"}
RESULT: {"using":"xpath","value":"//*[@id=\"__button136\"]"}
COMMAND: POST /session/582ce5f850a124cd0c5f6fc14f02a0d2/element/f.92142B0E1996143B500ED3F2A7F6BA2F.d.DA4980FAA561FD44BFE544386FD17AD2.e.22526/click - {}
RESULT: {}
COMMAND: POST /session/582ce5f850a124cd0c5f6fc14f02a0d2/execute/async - {"script":"<script> [1562 bytes]","args":[{"selector":{"controlType":"sap.m.Button","properties":{"text":"OK"},"searchOpenDialogs":true,"interaction":{"idSuffix":"BDI-content"}},"wdio_ui5_key":"sapm.Button{\"text\":\"OK\"}"}]}
COMMAND: GET /session/582ce5f850a124cd0c5f6fc14f02a0d2/screenshot - {}
RESULT: {"script":"<script> [1562 bytes]","args":[{"selector":{"controlType":"sap.m.Button","properties":{"text":"OK"},"searchOpenDialogs":true,"interaction":{"idSuffix":"BDI-content"}},"wdio_ui5_key":"sapm.Button{\"text\":\"OK\"}"}]}
RESULT: undefined
COMMAND: POST /session/582ce5f850a124cd0c5f6fc14f02a0d2/element - {"using":"xpath","value":"//*[@id=\"__mbox-btn-2\"]"}
RESULT: {}
RESULT: {"using":"xpath","value":"//*[@id=\"__mbox-btn-2\"]"}
COMMAND: POST /session/582ce5f850a124cd0c5f6fc14f02a0d2/element/f.92142B0E1996143B500ED3F2A7F6BA2F.d.DA4980FAA561FD44BFE544386FD17AD2.e.22527/click - {}
RESULT: {}
COMMAND: GET /session/582ce5f850a124cd0c5f6fc14f02a0d2/screenshot - {}
RESULT: {}
COMMAND: POST /session/582ce5f850a124cd0c5f6fc14f02a0d2/element - {"using":"xpath","value":"//input[contains(@id, \"receiptDatePicker-inner\")]"}
RESULT: {"using":"xpath","value":"//input[contains(@id, \"receiptDatePicker-inner\")]"}
COMMAND: POST /session/582ce5f850a124cd0c5f6fc14f02a0d2/elements - {"using":"xpath","value":"//input[contains(@id, \"receiptDatePicker-inner\")]"}
RESULT: {"using":"xpath","value":"//input[contains(@id, \"receiptDatePicker-inner\")]"}
COMMAND: POST /session/582ce5f850a124cd0c5f6fc14f02a0d2/execute/sync - {"script":"<script> [8489 bytes]","args":[{"element-6066-11e4-a52e-4f735466cecf":"f.92142B0E1996143B500ED3F2A7F6BA2F.d.DA4980FAA561FD44BFE544386FD17AD2.e.22481","ELEMENT":"f.92142B0E1996143B500ED3F2A7F6BA2F.d.DA4980FAA561FD44BFE544386FD17AD2.e.22481"}]}
RESULT: {"script":"<script> [8489 bytes]","args":[{"element-6066-11e4-a52e-4f735466cecf":"f.92142B0E1996143B500ED3F2A7F6BA2F.d.DA4980FAA561FD44BFE544386FD17AD2.e.22481","ELEMENT":"f.92142B0E1996143B500ED3F2A7F6BA2F.d.DA4980FAA561FD44BFE544386FD17AD2.e.22481"}]}
COMMAND: GET /session/582ce5f850a124cd0c5f6fc14f02a0d2/element/f.92142B0E1996143B500ED3F2A7F6BA2F.d.DA4980FAA561FD44BFE544386FD17AD2.e.22481/enabled - {}
COMMAND: GET /session/582ce5f850a124cd0c5f6fc14f02a0d2/screenshot - {}
RESULT: {}
COMMAND: POST /session/582ce5f850a124cd0c5f6fc14f02a0d2/element/f.92142B0E1996143B500ED3F2A7F6BA2F.d.DA4980FAA561FD44BFE544386FD17AD2.e.22481/click - {}
COMMAND: GET /session/582ce5f850a124cd0c5f6fc14f02a0d2/screenshot - {}
RESULT: {}
RESULT: {}
COMMAND: POST /session/582ce5f850a124cd0c5f6fc14f02a0d2/element/f.92142B0E1996143B500ED3F2A7F6BA2F.d.DA4980FAA561FD44BFE544386FD17AD2.e.22481/clear - {}
COMMAND: GET /session/582ce5f850a124cd0c5f6fc14f02a0d2/screenshot - {}
RESULT: {}
RESULT: {}
COMMAND: POST /session/582ce5f850a124cd0c5f6fc14f02a0d2/element/f.92142B0E1996143B500ED3F2A7F6BA2F.d.DA4980FAA561FD44BFE544386FD17AD2.e.22481/clear - {}
COMMAND: GET /session/582ce5f850a124cd0c5f6fc14f02a0d2/screenshot - {}
RESULT: {}
RESULT: {}
COMMAND: POST /session/582ce5f850a124cd0c5f6fc14f02a0d2/element/f.92142B0E1996143B500ED3F2A7F6BA2F.d.DA4980FAA561FD44BFE544386FD17AD2.e.22481/value - {"text":"4/29/25"}
COMMAND: GET /session/582ce5f850a124cd0c5f6fc14f02a0d2/screenshot - {}
RESULT: {}
RESULT: {"text":"4/29/25"}
COMMAND: POST /session/582ce5f850a124cd0c5f6fc14f02a0d2/execute/async - {"script":"<script> [1562 bytes]","args":[{"selector":{"id":"confirmationButton","viewName":"etm.portal.ui.managehandovers.view.DetailExecuteHO","interaction":{"idSuffix":"BDI-content"}},"wdio_ui5_key":"confirmationButtonetmportal.ui.managehandovers.view.DetailExecuteHO"}]}
COMMAND: GET /session/582ce5f850a124cd0c5f6fc14f02a0d2/screenshot - {}
RESULT: {}
RESULT: {"script":"<script> [1562 bytes]","args":[{"selector":{"id":"confirmationButton","viewName":"etm.portal.ui.managehandovers.view.DetailExecuteHO","interaction":{"idSuffix":"BDI-content"}},"wdio_ui5_key":"confirmationButtonetmportal.ui.managehandovers.view.DetailExecuteHO"}]}
RESULT: undefined
RESULT: {}
]]></system-out>
    </testcase>
  </testsuite>
</testsuites>