<?xml version="1.0" encoding="UTF-8"?>
<testsuites tests="6" failures="1" errors="1" skipped="0">
  <testsuite timestamp="2025-05-24T16:28:08" time="493.076" tests="5" failures="0" errors="0" skipped="0">
    <properties>
      <property name="specId" value="0"/>
      <property name="suiteName" value="Bill of Resources tests for bundle creation &amp; replenishment US131067 US131070"/>
      <property name="capabilities" value="chrome.136_0_7103_93.windows"/>
      <property name="file" value="file:///D:/a/1/s/test/specs/HTR/create-bundle-replenishment.spec.js"/>
    </properties>
    <testcase classname="chrome.136_0_7103_93.windows.Bill_of_Resources_tests_for_bundle_creation_&amp;_replenishment_US131067_US131070" name="Prereq Should create a new yard used for all following tests in the module" time="137.835">
      <system-out><![CDATA[
COMMAND: POST /session/8ec9a5a82762f7d66849db7cf3411cd3/window/fullscreen - {}
RESULT: {}
COMMAND: POST /session/8ec9a5a82762f7d66849db7cf3411cd3/execute/async - {"script":"<script> [1562 bytes]","args":[{"selector":{"controlType":"sap.m.GenericTile","properties":{"header":"Manage Yards"}},"wdio_ui5_key":"sapm.GenericTile{\"header\":\"Manage Yards\"}"}]}
RESULT: {"script":"<script> [1562 bytes]","args":[{"selector":{"controlType":"sap.m.GenericTile","properties":{"header":"Manage Yards"}},"wdio_ui5_key":"sapm.GenericTile{\"header\":\"Manage Yards\"}"}]}
RESULT: undefined
COMMAND: POST /session/8ec9a5a82762f7d66849db7cf3411cd3/element - {"using":"xpath","value":"//*[@id=\"__tile41\"]"}
RESULT: {"using":"xpath","value":"//*[@id=\"__tile41\"]"}
COMMAND: POST /session/8ec9a5a82762f7d66849db7cf3411cd3/element/f.65A29F3FDC0D20C80C8CC99BA8EBED59.d.B4806465FD8689CC4BB4DBD51BFCE653.e.124/click - {}
RESULT: {}
COMMAND: GET /session/8ec9a5a82762f7d66849db7cf3411cd3/screenshot - {}
RESULT: {}
COMMAND: POST /session/8ec9a5a82762f7d66849db7cf3411cd3/elements - {"using":"xpath","value":"//span[text()='Error']"}
RESULT: {"using":"xpath","value":"//span[text()='Error']"}
COMMAND: POST /session/8ec9a5a82762f7d66849db7cf3411cd3/element - {"using":"xpath","value":"//button[@data-kt=\"addNewYardOverflowToolbarButton\"]"}
RESULT: {"using":"xpath","value":"//button[@data-kt=\"addNewYardOverflowToolbarButton\"]"}
COMMAND: POST /session/8ec9a5a82762f7d66849db7cf3411cd3/elements - {"using":"xpath","value":"//button[@data-kt=\"addNewYardOverflowToolbarButton\"]"}
RESULT: {"using":"xpath","value":"//button[@data-kt=\"addNewYardOverflowToolbarButton\"]"}
COMMAND: POST /session/8ec9a5a82762f7d66849db7cf3411cd3/execute/sync - {"script":"<script> [8489 bytes]","args":[{"element-6066-11e4-a52e-4f735466cecf":"f.65A29F3FDC0D20C80C8CC99BA8EBED59.d.B4806465FD8689CC4BB4DBD51BFCE653.e.263","ELEMENT":"f.65A29F3FDC0D20C80C8CC99BA8EBED59.d.B4806465FD8689CC4BB4DBD51BFCE653.e.263"}]}
RESULT: {"script":"<script> [8489 bytes]","args":[{"element-6066-11e4-a52e-4f735466cecf":"f.65A29F3FDC0D20C80C8CC99BA8EBED59.d.B4806465FD8689CC4BB4DBD51BFCE653.e.263","ELEMENT":"f.65A29F3FDC0D20C80C8CC99BA8EBED59.d.B4806465FD8689CC4BB4DBD51BFCE653.e.263"}]}
COMMAND: GET /session/8ec9a5a82762f7d66849db7cf3411cd3/element/f.65A29F3FDC0D20C80C8CC99BA8EBED59.d.B4806465FD8689CC4BB4DBD51BFCE653.e.263/enabled - {}
COMMAND: GET /session/8ec9a5a82762f7d66849db7cf3411cd3/screenshot - {}
RESULT: {}
COMMAND: POST /session/8ec9a5a82762f7d66849db7cf3411cd3/execute/sync - {"script":"<script> [8489 bytes]","args":[{"element-6066-11e4-a52e-4f735466cecf":"f.65A29F3FDC0D20C80C8CC99BA8EBED59.d.B4806465FD8689CC4BB4DBD51BFCE653.e.263","ELEMENT":"f.65A29F3FDC0D20C80C8CC99BA8EBED59.d.B4806465FD8689CC4BB4DBD51BFCE653.e.263"}]}
COMMAND: GET /session/8ec9a5a82762f7d66849db7cf3411cd3/screenshot - {}
RESULT: {}
RESULT: {"script":"<script> [8489 bytes]","args":[{"element-6066-11e4-a52e-4f735466cecf":"f.65A29F3FDC0D20C80C8CC99BA8EBED59.d.B4806465FD8689CC4BB4DBD51BFCE653.e.263","ELEMENT":"f.65A29F3FDC0D20C80C8CC99BA8EBED59.d.B4806465FD8689CC4BB4DBD51BFCE653.e.263"}]}
COMMAND: POST /session/8ec9a5a82762f7d66849db7cf3411cd3/execute/sync - {"script":"<script> [5351 bytes]","args":[{"element-6066-11e4-a52e-4f735466cecf":"f.65A29F3FDC0D20C80C8CC99BA8EBED59.d.B4806465FD8689CC4BB4DBD51BFCE653.e.263","ELEMENT":"f.65A29F3FDC0D20C80C8CC99BA8EBED59.d.B4806465FD8689CC4BB4DBD51BFCE653.e.263"}]}
COMMAND: GET /session/8ec9a5a82762f7d66849db7cf3411cd3/screenshot - {}
RESULT: {}
RESULT: {}
RESULT: {"script":"<script> [5351 bytes]","args":[{"element-6066-11e4-a52e-4f735466cecf":"f.65A29F3FDC0D20C80C8CC99BA8EBED59.d.B4806465FD8689CC4BB4DBD51BFCE653.e.263","ELEMENT":"f.65A29F3FDC0D20C80C8CC99BA8EBED59.d.B4806465FD8689CC4BB4DBD51BFCE653.e.263"}]}
COMMAND: POST /session/8ec9a5a82762f7d66849db7cf3411cd3/element/f.65A29F3FDC0D20C80C8CC99BA8EBED59.d.B4806465FD8689CC4BB4DBD51BFCE653.e.263/click - {}
COMMAND: GET /session/8ec9a5a82762f7d66849db7cf3411cd3/screenshot - {}
RESULT: {}
COMMAND: GET /session/8ec9a5a82762f7d66849db7cf3411cd3/screenshot - {}
RESULT: {}
RESULT: {}
COMMAND: POST /session/8ec9a5a82762f7d66849db7cf3411cd3/element - {"using":"xpath","value":"//input[@id=\"application-manageyards-display-component---NewYard--yardId-inner\"]"}
RESULT: {"using":"xpath","value":"//input[@id=\"application-manageyards-display-component---NewYard--yardId-inner\"]"}
COMMAND: POST /session/8ec9a5a82762f7d66849db7cf3411cd3/element - {"using":"xpath","value":"//input[@id=\"application-manageyards-display-component---NewYard--yardId-inner\"]"}
RESULT: {"using":"xpath","value":"//input[@id=\"application-manageyards-display-component---NewYard--yardId-inner\"]"}
COMMAND: POST /session/8ec9a5a82762f7d66849db7cf3411cd3/execute/async - {"script":"<script> [1562 bytes]","args":[{"selector":{"id":"application-manageyards-display-component---NewYard--addressDetailDetailsName1","interaction":{"idSuffix":"inner"}},"wdio_ui5_key":"applicationmanageyards-display-component---NewYard--addressDetailDetailsName1"}]}
RESULT: {"script":"<script> [1562 bytes]","args":[{"selector":{"id":"application-manageyards-display-component---NewYard--addressDetailDetailsName1","interaction":{"idSuffix":"inner"}},"wdio_ui5_key":"applicationmanageyards-display-component---NewYard--addressDetailDetailsName1"}]}
RESULT: undefined
COMMAND: POST /session/8ec9a5a82762f7d66849db7cf3411cd3/execute/async - {"script":"<script> [776 bytes]","args":[{"enterText":"Other Yard WDIO","selector":{"id":"application-manageyards-display-component---NewYard--addressDetailDetailsName1","interaction":{"idSuffix":"inner"}},"clearTextFirst":true,"interactionType":"ENTER_TEXT"}]}
RESULT: {"script":"<script> [776 bytes]","args":[{"enterText":"Other Yard WDIO","selector":{"id":"application-manageyards-display-component---NewYard--addressDetailDetailsName1","interaction":{"idSuffix":"inner"}},"clearTextFirst":true,"interactionType":"ENTER_TEXT"}]}
COMMAND: POST /session/8ec9a5a82762f7d66849db7cf3411cd3/execute/async - {"script":"<script> [1562 bytes]","args":[{"selector":{"id":"application-manageyards-display-component---NewYard--addressDetailDetailsLanguage-arrow"},"wdio_ui5_key":"applicationmanageyards-display-component---NewYard--addressDetailDetailsLanguage-arrow"}]}
RESULT: {"script":"<script> [1562 bytes]","args":[{"selector":{"id":"application-manageyards-display-component---NewYard--addressDetailDetailsLanguage-arrow"},"wdio_ui5_key":"applicationmanageyards-display-component---NewYard--addressDetailDetailsLanguage-arrow"}]}
RESULT: undefined
COMMAND: POST /session/8ec9a5a82762f7d66849db7cf3411cd3/element - {"using":"xpath","value":"//*[@id=\"application-manageyards-display-component---NewYard--addressDetailDetailsLanguage-arrow\"]"}
RESULT: {"using":"xpath","value":"//*[@id=\"application-manageyards-display-component---NewYard--addressDetailDetailsLanguage-arrow\"]"}
COMMAND: POST /session/8ec9a5a82762f7d66849db7cf3411cd3/element/f.65A29F3FDC0D20C80C8CC99BA8EBED59.d.B4806465FD8689CC4BB4DBD51BFCE653.e.684/click - {}
RESULT: {}
COMMAND: POST /session/8ec9a5a82762f7d66849db7cf3411cd3/element - {"using":"xpath","value":"//span[contains(text(), \"English\")]"}
COMMAND: GET /session/8ec9a5a82762f7d66849db7cf3411cd3/screenshot - {}
RESULT: {"using":"xpath","value":"//span[contains(text(), \"English\")]"}
COMMAND: POST /session/8ec9a5a82762f7d66849db7cf3411cd3/element/f.65A29F3FDC0D20C80C8CC99BA8EBED59.d.B4806465FD8689CC4BB4DBD51BFCE653.e.685/click - {}
RESULT: {}
RESULT: {}
COMMAND: POST /session/8ec9a5a82762f7d66849db7cf3411cd3/execute/async - {"script":"<script> [1562 bytes]","args":[{"selector":{"id":"application-manageyards-display-component---NewYard--addressDetailDetailsCity1","interaction":{"idSuffix":"inner"}},"wdio_ui5_key":"applicationmanageyards-display-component---NewYard--addressDetailDetailsCity1"}]}
COMMAND: GET /session/8ec9a5a82762f7d66849db7cf3411cd3/screenshot - {}
RESULT: {"script":"<script> [1562 bytes]","args":[{"selector":{"id":"application-manageyards-display-component---NewYard--addressDetailDetailsCity1","interaction":{"idSuffix":"inner"}},"wdio_ui5_key":"applicationmanageyards-display-component---NewYard--addressDetailDetailsCity1"}]}
RESULT: undefined
COMMAND: POST /session/8ec9a5a82762f7d66849db7cf3411cd3/execute/async - {"script":"<script> [776 bytes]","args":[{"enterText":"Rosario","selector":{"id":"application-manageyards-display-component---NewYard--addressDetailDetailsCity1","interaction":{"idSuffix":"inner"}},"clearTextFirst":true,"interactionType":"ENTER_TEXT"}]}
RESULT: {}
RESULT: {"script":"<script> [776 bytes]","args":[{"enterText":"Rosario","selector":{"id":"application-manageyards-display-component---NewYard--addressDetailDetailsCity1","interaction":{"idSuffix":"inner"}},"clearTextFirst":true,"interactionType":"ENTER_TEXT"}]}
COMMAND: POST /session/8ec9a5a82762f7d66849db7cf3411cd3/execute/async - {"script":"<script> [1562 bytes]","args":[{"selector":{"id":"application-manageyards-display-component---NewYard--addressDetailDetailsCountry-arrow"},"wdio_ui5_key":"applicationmanageyards-display-component---NewYard--addressDetailDetailsCountry-arrow"}]}
RESULT: {"script":"<script> [1562 bytes]","args":[{"selector":{"id":"application-manageyards-display-component---NewYard--addressDetailDetailsCountry-arrow"},"wdio_ui5_key":"applicationmanageyards-display-component---NewYard--addressDetailDetailsCountry-arrow"}]}
RESULT: undefined
COMMAND: POST /session/8ec9a5a82762f7d66849db7cf3411cd3/element - {"using":"xpath","value":"//*[@id=\"application-manageyards-display-component---NewYard--addressDetailDetailsCountry-arrow\"]"}
RESULT: {"using":"xpath","value":"//*[@id=\"application-manageyards-display-component---NewYard--addressDetailDetailsCountry-arrow\"]"}
COMMAND: POST /session/8ec9a5a82762f7d66849db7cf3411cd3/element/f.65A29F3FDC0D20C80C8CC99BA8EBED59.d.B4806465FD8689CC4BB4DBD51BFCE653.e.687/click - {}
RESULT: {}
COMMAND: POST /session/8ec9a5a82762f7d66849db7cf3411cd3/element - {"using":"xpath","value":"//span[contains(text(), \"Argentina\")]"}
COMMAND: GET /session/8ec9a5a82762f7d66849db7cf3411cd3/screenshot - {}
RESULT: {"using":"xpath","value":"//span[contains(text(), \"Argentina\")]"}
COMMAND: POST /session/8ec9a5a82762f7d66849db7cf3411cd3/element/f.65A29F3FDC0D20C80C8CC99BA8EBED59.d.B4806465FD8689CC4BB4DBD51BFCE653.e.689/click - {}
RESULT: {}
RESULT: {}
COMMAND: POST /session/8ec9a5a82762f7d66849db7cf3411cd3/execute/async - {"script":"<script> [1562 bytes]","args":[{"selector":{"id":"application-manageyards-display-component---NewYard--addressEditDetailsCostObjectCstType-arrow"},"wdio_ui5_key":"applicationmanageyards-display-component---NewYard--addressEditDetailsCostObjectCstType-arrow"}]}
COMMAND: GET /session/8ec9a5a82762f7d66849db7cf3411cd3/screenshot - {}
RESULT: {"script":"<script> [1562 bytes]","args":[{"selector":{"id":"application-manageyards-display-component---NewYard--addressEditDetailsCostObjectCstType-arrow"},"wdio_ui5_key":"applicationmanageyards-display-component---NewYard--addressEditDetailsCostObjectCstType-arrow"}]}
RESULT: undefined
COMMAND: POST /session/8ec9a5a82762f7d66849db7cf3411cd3/element - {"using":"xpath","value":"//*[@id=\"application-manageyards-display-component---NewYard--addressEditDetailsCostObjectCstType-arrow\"]"}
RESULT: {}
RESULT: {"using":"xpath","value":"//*[@id=\"application-manageyards-display-component---NewYard--addressEditDetailsCostObjectCstType-arrow\"]"}
COMMAND: POST /session/8ec9a5a82762f7d66849db7cf3411cd3/element/f.65A29F3FDC0D20C80C8CC99BA8EBED59.d.B4806465FD8689CC4BB4DBD51BFCE653.e.690/click - {}
RESULT: {}
COMMAND: POST /session/8ec9a5a82762f7d66849db7cf3411cd3/element - {"using":"xpath","value":"//span[contains(text(), \"Cost Center\")]"}
COMMAND: GET /session/8ec9a5a82762f7d66849db7cf3411cd3/screenshot - {}
RESULT: {"using":"xpath","value":"//span[contains(text(), \"Cost Center\")]"}
COMMAND: POST /session/8ec9a5a82762f7d66849db7cf3411cd3/element/f.65A29F3FDC0D20C80C8CC99BA8EBED59.d.B4806465FD8689CC4BB4DBD51BFCE653.e.691/click - {}
RESULT: {}
RESULT: {}
COMMAND: GET /session/8ec9a5a82762f7d66849db7cf3411cd3/screenshot - {}
RESULT: {}
COMMAND: POST /session/8ec9a5a82762f7d66849db7cf3411cd3/element - {"using":"xpath","value":"//span[@id=\"application-manageyards-display-component---NewYard--addressNewCostObjectCstID-vhi\"]"}
RESULT: {"using":"xpath","value":"//span[@id=\"application-manageyards-display-component---NewYard--addressNewCostObjectCstID-vhi\"]"}
COMMAND: POST /session/8ec9a5a82762f7d66849db7cf3411cd3/execute/sync - {"script":"<script> [8489 bytes]","args":[{"element-6066-11e4-a52e-4f735466cecf":"f.65A29F3FDC0D20C80C8CC99BA8EBED59.d.B4806465FD8689CC4BB4DBD51BFCE653.e.695","ELEMENT":"f.65A29F3FDC0D20C80C8CC99BA8EBED59.d.B4806465FD8689CC4BB4DBD51BFCE653.e.695"}]}
RESULT: {"script":"<script> [8489 bytes]","args":[{"element-6066-11e4-a52e-4f735466cecf":"f.65A29F3FDC0D20C80C8CC99BA8EBED59.d.B4806465FD8689CC4BB4DBD51BFCE653.e.695","ELEMENT":"f.65A29F3FDC0D20C80C8CC99BA8EBED59.d.B4806465FD8689CC4BB4DBD51BFCE653.e.695"}]}
COMMAND: POST /session/8ec9a5a82762f7d66849db7cf3411cd3/execute/async - {"script":"<script> [1562 bytes]","args":[{"selector":{"id":"application-manageyards-display-component---NewYard--addressNewCostObjectCstID-vhi"},"wdio_ui5_key":"applicationmanageyards-display-component---NewYard--addressNewCostObjectCstID-vhi"}]}
COMMAND: GET /session/8ec9a5a82762f7d66849db7cf3411cd3/screenshot - {}
RESULT: {"script":"<script> [1562 bytes]","args":[{"selector":{"id":"application-manageyards-display-component---NewYard--addressNewCostObjectCstID-vhi"},"wdio_ui5_key":"applicationmanageyards-display-component---NewYard--addressNewCostObjectCstID-vhi"}]}
RESULT: undefined
COMMAND: POST /session/8ec9a5a82762f7d66849db7cf3411cd3/element - {"using":"xpath","value":"//*[@id=\"application-manageyards-display-component---NewYard--addressNewCostObjectCstID-vhi\"]"}
RESULT: {}
RESULT: {"using":"xpath","value":"//*[@id=\"application-manageyards-display-component---NewYard--addressNewCostObjectCstID-vhi\"]"}
COMMAND: POST /session/8ec9a5a82762f7d66849db7cf3411cd3/element/f.65A29F3FDC0D20C80C8CC99BA8EBED59.d.B4806465FD8689CC4BB4DBD51BFCE653.e.695/click - {}
RESULT: {}
COMMAND: GET /session/8ec9a5a82762f7d66849db7cf3411cd3/screenshot - {}
RESULT: {}
COMMAND: POST /session/8ec9a5a82762f7d66849db7cf3411cd3/execute/async - {"script":"<script> [1562 bytes]","args":[{"selector":{"controlType":"sap.m.SearchField","properties":{"placeholder":"Search"},"searchOpenDialogs":true,"interaction":{"idSuffix":"I"}},"wdio_ui5_key":"sapm.SearchField{\"placeholder\":\"Search\"}"}]}
RESULT: {"script":"<script> [1562 bytes]","args":[{"selector":{"controlType":"sap.m.SearchField","properties":{"placeholder":"Search"},"searchOpenDialogs":true,"interaction":{"idSuffix":"I"}},"wdio_ui5_key":"sapm.SearchField{\"placeholder\":\"Search\"}"}]}
RESULT: undefined
COMMAND: POST /session/8ec9a5a82762f7d66849db7cf3411cd3/execute/async - {"script":"<script> [776 bytes]","args":[{"enterText":"bauh_b","selector":{"controlType":"sap.m.SearchField","properties":{"placeholder":"Search"},"searchOpenDialogs":true,"interaction":{"idSuffix":"I"}},"clearTextFirst":true,"interactionType":"ENTER_TEXT"}]}
RESULT: {"script":"<script> [776 bytes]","args":[{"enterText":"bauh_b","selector":{"controlType":"sap.m.SearchField","properties":{"placeholder":"Search"},"searchOpenDialogs":true,"interaction":{"idSuffix":"I"}},"clearTextFirst":true,"interactionType":"ENTER_TEXT"}]}
COMMAND: POST /session/8ec9a5a82762f7d66849db7cf3411cd3/actions - {"actions":[{"id":"action1","type":"key","parameters":{},"actions":[{"type":"keyDown","value":""},{"type":"pause","duration":10},{"type":"keyUp","value":""}]}]}
RESULT: {"actions":[{"id":"action1","type":"key","parameters":{},"actions":[{"type":"keyDown","value":""},{"type":"pause","duration":10},{"type":"keyUp","value":""}]}]}
COMMAND: GET /session/8ec9a5a82762f7d66849db7cf3411cd3/screenshot - {}
RESULT: {}
COMMAND: POST /session/8ec9a5a82762f7d66849db7cf3411cd3/element - {"using":"xpath","value":"//span[contains(text(), \"Demo Yard\")]"}
RESULT: {"using":"xpath","value":"//span[contains(text(), \"Demo Yard\")]"}
COMMAND: POST /session/8ec9a5a82762f7d66849db7cf3411cd3/element/f.65A29F3FDC0D20C80C8CC99BA8EBED59.d.B4806465FD8689CC4BB4DBD51BFCE653.e.736/click - {}
RESULT: {}
COMMAND: GET /session/8ec9a5a82762f7d66849db7cf3411cd3/screenshot - {}
RESULT: {}
COMMAND: POST /session/8ec9a5a82762f7d66849db7cf3411cd3/element - {"using":"xpath","value":"//bdi[contains(text(), \"OK\")]"}
RESULT: {"using":"xpath","value":"//bdi[contains(text(), \"OK\")]"}
COMMAND: POST /session/8ec9a5a82762f7d66849db7cf3411cd3/element/f.65A29F3FDC0D20C80C8CC99BA8EBED59.d.B4806465FD8689CC4BB4DBD51BFCE653.e.737/click - {}
RESULT: {}
COMMAND: GET /session/8ec9a5a82762f7d66849db7cf3411cd3/screenshot - {}
RESULT: {}
COMMAND: POST /session/8ec9a5a82762f7d66849db7cf3411cd3/execute/async - {"script":"<script> [1562 bytes]","args":[{"selector":{"id":"application-manageyards-display-component---NewYard--addressEditDetailsCurrency-arrow"},"wdio_ui5_key":"applicationmanageyards-display-component---NewYard--addressEditDetailsCurrency-arrow"}]}
RESULT: {"script":"<script> [1562 bytes]","args":[{"selector":{"id":"application-manageyards-display-component---NewYard--addressEditDetailsCurrency-arrow"},"wdio_ui5_key":"applicationmanageyards-display-component---NewYard--addressEditDetailsCurrency-arrow"}]}
RESULT: undefined
COMMAND: POST /session/8ec9a5a82762f7d66849db7cf3411cd3/element - {"using":"xpath","value":"//*[@id=\"application-manageyards-display-component---NewYard--addressEditDetailsCurrency-arrow\"]"}
RESULT: {"using":"xpath","value":"//*[@id=\"application-manageyards-display-component---NewYard--addressEditDetailsCurrency-arrow\"]"}
COMMAND: POST /session/8ec9a5a82762f7d66849db7cf3411cd3/element/f.65A29F3FDC0D20C80C8CC99BA8EBED59.d.B4806465FD8689CC4BB4DBD51BFCE653.e.740/click - {}
RESULT: {}
COMMAND: POST /session/8ec9a5a82762f7d66849db7cf3411cd3/element - {"using":"xpath","value":"//span[contains(text(), \"Euro\")]"}
COMMAND: GET /session/8ec9a5a82762f7d66849db7cf3411cd3/screenshot - {}
RESULT: {"using":"xpath","value":"//span[contains(text(), \"Euro\")]"}
COMMAND: POST /session/8ec9a5a82762f7d66849db7cf3411cd3/element/f.65A29F3FDC0D20C80C8CC99BA8EBED59.d.B4806465FD8689CC4BB4DBD51BFCE653.e.741/click - {}
RESULT: {}
RESULT: {}
COMMAND: POST /session/8ec9a5a82762f7d66849db7cf3411cd3/execute/async - {"script":"<script> [1562 bytes]","args":[{"selector":{"controlType":"sap.m.Input","viewName":"etm.portal.ui.manageyards.view.New","viewId":"application-manageyards-display-component---NewYard","bindingPath":{"path":"","propertyPath":"/CONTROLLING_AREA","modelName":"NewYardModel"},"interaction":{"idSuffix":"inner"}},"wdio_ui5_key":"etmportal.ui.manageyards.view.Newsap.m.Input{\"path\":\"\",\"propertyPath\":\"/CONTROLLING_AREA\",\"modelName\":\"NewYardModel\"}"}]}
COMMAND: GET /session/8ec9a5a82762f7d66849db7cf3411cd3/screenshot - {}
RESULT: {"script":"<script> [1562 bytes]","args":[{"selector":{"controlType":"sap.m.Input","viewName":"etm.portal.ui.manageyards.view.New","viewId":"application-manageyards-display-component---NewYard","bindingPath":{"path":"","propertyPath":"/CONTROLLING_AREA","modelName":"NewYardModel"},"interaction":{"idSuffix":"inner"}},"wdio_ui5_key":"etmportal.ui.manageyards.view.Newsap.m.Input{\"path\":\"\",\"propertyPath\":\"/CONTROLLING_AREA\",\"modelName\":\"NewYardModel\"}"}]}
RESULT: undefined
COMMAND: POST /session/8ec9a5a82762f7d66849db7cf3411cd3/execute/async - {"script":"<script> [776 bytes]","args":[{"enterText":"Z001","selector":{"controlType":"sap.m.Input","viewName":"etm.portal.ui.manageyards.view.New","viewId":"application-manageyards-display-component---NewYard","bindingPath":{"path":"","propertyPath":"/CONTROLLING_AREA","modelName":"NewYardModel"},"interaction":{"idSuffix":"inner"}},"clearTextFirst":true,"interactionType":"ENTER_TEXT"}]}
RESULT: {}
RESULT: {"script":"<script> [776 bytes]","args":[{"enterText":"Z001","selector":{"controlType":"sap.m.Input","viewName":"etm.portal.ui.manageyards.view.New","viewId":"application-manageyards-display-component---NewYard","bindingPath":{"path":"","propertyPath":"/CONTROLLING_AREA","modelName":"NewYardModel"},"interaction":{"idSuffix":"inner"}},"clearTextFirst":true,"interactionType":"ENTER_TEXT"}]}
COMMAND: POST /session/8ec9a5a82762f7d66849db7cf3411cd3/execute/async - {"script":"<script> [1562 bytes]","args":[{"selector":{"id":"application-manageyards-display-component---NewYard--companyCodeComboBox","interaction":{"idSuffix":"inner"}},"wdio_ui5_key":"applicationmanageyards-display-component---NewYard--companyCodeComboBox"}]}
RESULT: {"script":"<script> [1562 bytes]","args":[{"selector":{"id":"application-manageyards-display-component---NewYard--companyCodeComboBox","interaction":{"idSuffix":"inner"}},"wdio_ui5_key":"applicationmanageyards-display-component---NewYard--companyCodeComboBox"}]}
RESULT: undefined
COMMAND: POST /session/8ec9a5a82762f7d66849db7cf3411cd3/execute/async - {"script":"<script> [776 bytes]","args":[{"enterText":"1000","selector":{"id":"application-manageyards-display-component---NewYard--companyCodeComboBox","interaction":{"idSuffix":"inner"}},"clearTextFirst":true,"interactionType":"ENTER_TEXT"}]}
RESULT: {"script":"<script> [776 bytes]","args":[{"enterText":"1000","selector":{"id":"application-manageyards-display-component---NewYard--companyCodeComboBox","interaction":{"idSuffix":"inner"}},"clearTextFirst":true,"interactionType":"ENTER_TEXT"}]}
COMMAND: POST /session/8ec9a5a82762f7d66849db7cf3411cd3/execute/async - {"script":"<script> [1562 bytes]","args":[{"selector":{"controlType":"sap.m.Input","viewName":"etm.portal.ui.manageyards.view.New","viewId":"application-manageyards-display-component---NewYard","bindingPath":{"path":"","propertyPath":"/PLANT","modelName":"NewYardModel"},"interaction":{"idSuffix":"inner"}},"wdio_ui5_key":"etmportal.ui.manageyards.view.Newsap.m.Input{\"path\":\"\",\"propertyPath\":\"/PLANT\",\"modelName\":\"NewYardModel\"}"}]}
RESULT: {"script":"<script> [1562 bytes]","args":[{"selector":{"controlType":"sap.m.Input","viewName":"etm.portal.ui.manageyards.view.New","viewId":"application-manageyards-display-component---NewYard","bindingPath":{"path":"","propertyPath":"/PLANT","modelName":"NewYardModel"},"interaction":{"idSuffix":"inner"}},"wdio_ui5_key":"etmportal.ui.manageyards.view.Newsap.m.Input{\"path\":\"\",\"propertyPath\":\"/PLANT\",\"modelName\":\"NewYardModel\"}"}]}
RESULT: undefined
COMMAND: POST /session/8ec9a5a82762f7d66849db7cf3411cd3/execute/async - {"script":"<script> [776 bytes]","args":[{"enterText":"1001","selector":{"controlType":"sap.m.Input","viewName":"etm.portal.ui.manageyards.view.New","viewId":"application-manageyards-display-component---NewYard","bindingPath":{"path":"","propertyPath":"/PLANT","modelName":"NewYardModel"},"interaction":{"idSuffix":"inner"}},"clearTextFirst":true,"interactionType":"ENTER_TEXT"}]}
RESULT: {"script":"<script> [776 bytes]","args":[{"enterText":"1001","selector":{"controlType":"sap.m.Input","viewName":"etm.portal.ui.manageyards.view.New","viewId":"application-manageyards-display-component---NewYard","bindingPath":{"path":"","propertyPath":"/PLANT","modelName":"NewYardModel"},"interaction":{"idSuffix":"inner"}},"clearTextFirst":true,"interactionType":"ENTER_TEXT"}]}
COMMAND: POST /session/8ec9a5a82762f7d66849db7cf3411cd3/execute/async - {"script":"<script> [1562 bytes]","args":[{"selector":{"controlType":"sap.m.Input","viewName":"etm.portal.ui.manageyards.view.New","viewId":"application-manageyards-display-component---NewYard","bindingPath":{"path":"","propertyPath":"/SALES_AREA_VKORG","modelName":"NewYardModel"},"interaction":{"idSuffix":"inner"}},"wdio_ui5_key":"etmportal.ui.manageyards.view.Newsap.m.Input{\"path\":\"\",\"propertyPath\":\"/SALES_AREA_VKORG\",\"modelName\":\"NewYardModel\"}"}]}
RESULT: {"script":"<script> [1562 bytes]","args":[{"selector":{"controlType":"sap.m.Input","viewName":"etm.portal.ui.manageyards.view.New","viewId":"application-manageyards-display-component---NewYard","bindingPath":{"path":"","propertyPath":"/SALES_AREA_VKORG","modelName":"NewYardModel"},"interaction":{"idSuffix":"inner"}},"wdio_ui5_key":"etmportal.ui.manageyards.view.Newsap.m.Input{\"path\":\"\",\"propertyPath\":\"/SALES_AREA_VKORG\",\"modelName\":\"NewYardModel\"}"}]}
RESULT: undefined
COMMAND: POST /session/8ec9a5a82762f7d66849db7cf3411cd3/execute/async - {"script":"<script> [776 bytes]","args":[{"enterText":"C002","selector":{"controlType":"sap.m.Input","viewName":"etm.portal.ui.manageyards.view.New","viewId":"application-manageyards-display-component---NewYard","bindingPath":{"path":"","propertyPath":"/SALES_AREA_VKORG","modelName":"NewYardModel"},"interaction":{"idSuffix":"inner"}},"clearTextFirst":true,"interactionType":"ENTER_TEXT"}]}
RESULT: {"script":"<script> [776 bytes]","args":[{"enterText":"C002","selector":{"controlType":"sap.m.Input","viewName":"etm.portal.ui.manageyards.view.New","viewId":"application-manageyards-display-component---NewYard","bindingPath":{"path":"","propertyPath":"/SALES_AREA_VKORG","modelName":"NewYardModel"},"interaction":{"idSuffix":"inner"}},"clearTextFirst":true,"interactionType":"ENTER_TEXT"}]}
COMMAND: POST /session/8ec9a5a82762f7d66849db7cf3411cd3/execute/async - {"script":"<script> [1562 bytes]","args":[{"selector":{"controlType":"sap.m.Input","viewName":"etm.portal.ui.manageyards.view.New","viewId":"application-manageyards-display-component---NewYard","bindingPath":{"path":"","propertyPath":"/SALES_AREA_VTWEG","modelName":"NewYardModel"},"interaction":{"idSuffix":"inner"}},"wdio_ui5_key":"etmportal.ui.manageyards.view.Newsap.m.Input{\"path\":\"\",\"propertyPath\":\"/SALES_AREA_VTWEG\",\"modelName\":\"NewYardModel\"}"}]}
RESULT: {"script":"<script> [1562 bytes]","args":[{"selector":{"controlType":"sap.m.Input","viewName":"etm.portal.ui.manageyards.view.New","viewId":"application-manageyards-display-component---NewYard","bindingPath":{"path":"","propertyPath":"/SALES_AREA_VTWEG","modelName":"NewYardModel"},"interaction":{"idSuffix":"inner"}},"wdio_ui5_key":"etmportal.ui.manageyards.view.Newsap.m.Input{\"path\":\"\",\"propertyPath\":\"/SALES_AREA_VTWEG\",\"modelName\":\"NewYardModel\"}"}]}
RESULT: undefined
COMMAND: POST /session/8ec9a5a82762f7d66849db7cf3411cd3/execute/async - {"script":"<script> [776 bytes]","args":[{"enterText":"C2","selector":{"controlType":"sap.m.Input","viewName":"etm.portal.ui.manageyards.view.New","viewId":"application-manageyards-display-component---NewYard","bindingPath":{"path":"","propertyPath":"/SALES_AREA_VTWEG","modelName":"NewYardModel"},"interaction":{"idSuffix":"inner"}},"clearTextFirst":true,"interactionType":"ENTER_TEXT"}]}
RESULT: {"script":"<script> [776 bytes]","args":[{"enterText":"C2","selector":{"controlType":"sap.m.Input","viewName":"etm.portal.ui.manageyards.view.New","viewId":"application-manageyards-display-component---NewYard","bindingPath":{"path":"","propertyPath":"/SALES_AREA_VTWEG","modelName":"NewYardModel"},"interaction":{"idSuffix":"inner"}},"clearTextFirst":true,"interactionType":"ENTER_TEXT"}]}
COMMAND: POST /session/8ec9a5a82762f7d66849db7cf3411cd3/execute/async - {"script":"<script> [1562 bytes]","args":[{"selector":{"controlType":"sap.m.Input","viewName":"etm.portal.ui.manageyards.view.New","viewId":"application-manageyards-display-component---NewYard","bindingPath":{"path":"","propertyPath":"/SALES_AREA_SPART","modelName":"NewYardModel"},"interaction":{"idSuffix":"inner"}},"wdio_ui5_key":"etmportal.ui.manageyards.view.Newsap.m.Input{\"path\":\"\",\"propertyPath\":\"/SALES_AREA_SPART\",\"modelName\":\"NewYardModel\"}"}]}
RESULT: {"script":"<script> [1562 bytes]","args":[{"selector":{"controlType":"sap.m.Input","viewName":"etm.portal.ui.manageyards.view.New","viewId":"application-manageyards-display-component---NewYard","bindingPath":{"path":"","propertyPath":"/SALES_AREA_SPART","modelName":"NewYardModel"},"interaction":{"idSuffix":"inner"}},"wdio_ui5_key":"etmportal.ui.manageyards.view.Newsap.m.Input{\"path\":\"\",\"propertyPath\":\"/SALES_AREA_SPART\",\"modelName\":\"NewYardModel\"}"}]}
RESULT: undefined
COMMAND: POST /session/8ec9a5a82762f7d66849db7cf3411cd3/execute/async - {"script":"<script> [776 bytes]","args":[{"enterText":"C2","selector":{"controlType":"sap.m.Input","viewName":"etm.portal.ui.manageyards.view.New","viewId":"application-manageyards-display-component---NewYard","bindingPath":{"path":"","propertyPath":"/SALES_AREA_SPART","modelName":"NewYardModel"},"interaction":{"idSuffix":"inner"}},"clearTextFirst":true,"interactionType":"ENTER_TEXT"}]}
RESULT: {"script":"<script> [776 bytes]","args":[{"enterText":"C2","selector":{"controlType":"sap.m.Input","viewName":"etm.portal.ui.manageyards.view.New","viewId":"application-manageyards-display-component---NewYard","bindingPath":{"path":"","propertyPath":"/SALES_AREA_SPART","modelName":"NewYardModel"},"interaction":{"idSuffix":"inner"}},"clearTextFirst":true,"interactionType":"ENTER_TEXT"}]}
COMMAND: POST /session/8ec9a5a82762f7d66849db7cf3411cd3/execute/async - {"script":"<script> [1562 bytes]","args":[{"selector":{"controlType":"sap.m.Input","viewName":"etm.portal.ui.manageyards.view.New","viewId":"application-manageyards-display-component---NewYard","bindingPath":{"path":"","propertyPath":"/SHIP_POINT","modelName":"NewYardModel"},"interaction":{"idSuffix":"inner"}},"wdio_ui5_key":"etmportal.ui.manageyards.view.Newsap.m.Input{\"path\":\"\",\"propertyPath\":\"/SHIP_POINT\",\"modelName\":\"NewYardModel\"}"}]}
RESULT: {"script":"<script> [1562 bytes]","args":[{"selector":{"controlType":"sap.m.Input","viewName":"etm.portal.ui.manageyards.view.New","viewId":"application-manageyards-display-component---NewYard","bindingPath":{"path":"","propertyPath":"/SHIP_POINT","modelName":"NewYardModel"},"interaction":{"idSuffix":"inner"}},"wdio_ui5_key":"etmportal.ui.manageyards.view.Newsap.m.Input{\"path\":\"\",\"propertyPath\":\"/SHIP_POINT\",\"modelName\":\"NewYardModel\"}"}]}
RESULT: undefined
COMMAND: POST /session/8ec9a5a82762f7d66849db7cf3411cd3/execute/async - {"script":"<script> [776 bytes]","args":[{"enterText":"1710","selector":{"controlType":"sap.m.Input","viewName":"etm.portal.ui.manageyards.view.New","viewId":"application-manageyards-display-component---NewYard","bindingPath":{"path":"","propertyPath":"/SHIP_POINT","modelName":"NewYardModel"},"interaction":{"idSuffix":"inner"}},"clearTextFirst":true,"interactionType":"ENTER_TEXT"}]}
RESULT: {"script":"<script> [776 bytes]","args":[{"enterText":"1710","selector":{"controlType":"sap.m.Input","viewName":"etm.portal.ui.manageyards.view.New","viewId":"application-manageyards-display-component---NewYard","bindingPath":{"path":"","propertyPath":"/SHIP_POINT","modelName":"NewYardModel"},"interaction":{"idSuffix":"inner"}},"clearTextFirst":true,"interactionType":"ENTER_TEXT"}]}
COMMAND: POST /session/8ec9a5a82762f7d66849db7cf3411cd3/execute/async - {"script":"<script> [1562 bytes]","args":[{"selector":{"controlType":"sap.m.Input","viewName":"etm.portal.ui.manageyards.view.New","viewId":"application-manageyards-display-component---NewYard","bindingPath":{"path":"","propertyPath":"/DELIVERY_TYPE","modelName":"NewYardModel"},"interaction":{"idSuffix":"inner"}},"wdio_ui5_key":"etmportal.ui.manageyards.view.Newsap.m.Input{\"path\":\"\",\"propertyPath\":\"/DELIVERY_TYPE\",\"modelName\":\"NewYardModel\"}"}]}
RESULT: {"script":"<script> [1562 bytes]","args":[{"selector":{"controlType":"sap.m.Input","viewName":"etm.portal.ui.manageyards.view.New","viewId":"application-manageyards-display-component---NewYard","bindingPath":{"path":"","propertyPath":"/DELIVERY_TYPE","modelName":"NewYardModel"},"interaction":{"idSuffix":"inner"}},"wdio_ui5_key":"etmportal.ui.manageyards.view.Newsap.m.Input{\"path\":\"\",\"propertyPath\":\"/DELIVERY_TYPE\",\"modelName\":\"NewYardModel\"}"}]}
RESULT: undefined
COMMAND: POST /session/8ec9a5a82762f7d66849db7cf3411cd3/execute/async - {"script":"<script> [776 bytes]","args":[{"enterText":"ZL01","selector":{"controlType":"sap.m.Input","viewName":"etm.portal.ui.manageyards.view.New","viewId":"application-manageyards-display-component---NewYard","bindingPath":{"path":"","propertyPath":"/DELIVERY_TYPE","modelName":"NewYardModel"},"interaction":{"idSuffix":"inner"}},"clearTextFirst":true,"interactionType":"ENTER_TEXT"}]}
RESULT: {"script":"<script> [776 bytes]","args":[{"enterText":"ZL01","selector":{"controlType":"sap.m.Input","viewName":"etm.portal.ui.manageyards.view.New","viewId":"application-manageyards-display-component---NewYard","bindingPath":{"path":"","propertyPath":"/DELIVERY_TYPE","modelName":"NewYardModel"},"interaction":{"idSuffix":"inner"}},"clearTextFirst":true,"interactionType":"ENTER_TEXT"}]}
COMMAND: POST /session/8ec9a5a82762f7d66849db7cf3411cd3/execute/async - {"script":"<script> [1562 bytes]","args":[{"selector":{"controlType":"sap.m.Input","viewName":"etm.portal.ui.manageyards.view.New","viewId":"application-manageyards-display-component---NewYard","bindingPath":{"path":"","propertyPath":"/AUART","modelName":"NewYardModel"},"interaction":{"idSuffix":"inner"}},"wdio_ui5_key":"etmportal.ui.manageyards.view.Newsap.m.Input{\"path\":\"\",\"propertyPath\":\"/AUART\",\"modelName\":\"NewYardModel\"}"}]}
RESULT: {"script":"<script> [1562 bytes]","args":[{"selector":{"controlType":"sap.m.Input","viewName":"etm.portal.ui.manageyards.view.New","viewId":"application-manageyards-display-component---NewYard","bindingPath":{"path":"","propertyPath":"/AUART","modelName":"NewYardModel"},"interaction":{"idSuffix":"inner"}},"wdio_ui5_key":"etmportal.ui.manageyards.view.Newsap.m.Input{\"path\":\"\",\"propertyPath\":\"/AUART\",\"modelName\":\"NewYardModel\"}"}]}
RESULT: undefined
COMMAND: POST /session/8ec9a5a82762f7d66849db7cf3411cd3/execute/async - {"script":"<script> [776 bytes]","args":[{"enterText":"TA","selector":{"controlType":"sap.m.Input","viewName":"etm.portal.ui.manageyards.view.New","viewId":"application-manageyards-display-component---NewYard","bindingPath":{"path":"","propertyPath":"/AUART","modelName":"NewYardModel"},"interaction":{"idSuffix":"inner"}},"clearTextFirst":true,"interactionType":"ENTER_TEXT"}]}
RESULT: {"script":"<script> [776 bytes]","args":[{"enterText":"TA","selector":{"controlType":"sap.m.Input","viewName":"etm.portal.ui.manageyards.view.New","viewId":"application-manageyards-display-component---NewYard","bindingPath":{"path":"","propertyPath":"/AUART","modelName":"NewYardModel"},"interaction":{"idSuffix":"inner"}},"clearTextFirst":true,"interactionType":"ENTER_TEXT"}]}
COMMAND: POST /session/8ec9a5a82762f7d66849db7cf3411cd3/element - {"using":"xpath","value":"//button[@data-kt=\"newYardSaveButton\"]"}
RESULT: {"using":"xpath","value":"//button[@data-kt=\"newYardSaveButton\"]"}
COMMAND: POST /session/8ec9a5a82762f7d66849db7cf3411cd3/element/f.65A29F3FDC0D20C80C8CC99BA8EBED59.d.B4806465FD8689CC4BB4DBD51BFCE653.e.667/click - {}
RESULT: {}
COMMAND: GET /session/8ec9a5a82762f7d66849db7cf3411cd3/screenshot - {}
RESULT: {}
COMMAND: POST /session/8ec9a5a82762f7d66849db7cf3411cd3/element - {"using":"xpath","value":"//header[contains(@id, 'ObjectPageLayout-headerTitle')]/div[1]/div[2]/div[1]/span[1]"}
RESULT: {"using":"xpath","value":"//header[contains(@id, 'ObjectPageLayout-headerTitle')]/div[1]/div[2]/div[1]/span[1]"}
COMMAND: POST /session/8ec9a5a82762f7d66849db7cf3411cd3/elements - {"using":"xpath","value":"//header[contains(@id, 'ObjectPageLayout-headerTitle')]/div[1]/div[2]/div[1]/span[1]"}
RESULT: {"using":"xpath","value":"//header[contains(@id, 'ObjectPageLayout-headerTitle')]/div[1]/div[2]/div[1]/span[1]"}
COMMAND: POST /session/8ec9a5a82762f7d66849db7cf3411cd3/execute/sync - {"script":"<script> [56 bytes]","args":[{"element-6066-11e4-a52e-4f735466cecf":"f.65A29F3FDC0D20C80C8CC99BA8EBED59.d.B4806465FD8689CC4BB4DBD51BFCE653.e.958","ELEMENT":"f.65A29F3FDC0D20C80C8CC99BA8EBED59.d.B4806465FD8689CC4BB4DBD51BFCE653.e.958"}]}
RESULT: {"script":"<script> [56 bytes]","args":[{"element-6066-11e4-a52e-4f735466cecf":"f.65A29F3FDC0D20C80C8CC99BA8EBED59.d.B4806465FD8689CC4BB4DBD51BFCE653.e.958","ELEMENT":"f.65A29F3FDC0D20C80C8CC99BA8EBED59.d.B4806465FD8689CC4BB4DBD51BFCE653.e.958"}]}
COMMAND: GET /session/8ec9a5a82762f7d66849db7cf3411cd3/screenshot - {}
RESULT: {}
COMMAND: POST /session/8ec9a5a82762f7d66849db7cf3411cd3/element - {"using":"css selector","value":"#shell-header-logo"}
RESULT: {"using":"css selector","value":"#shell-header-logo"}
COMMAND: POST /session/8ec9a5a82762f7d66849db7cf3411cd3/element/f.65A29F3FDC0D20C80C8CC99BA8EBED59.d.B4806465FD8689CC4BB4DBD51BFCE653.e.222/click - {}
RESULT: {}
COMMAND: GET /session/8ec9a5a82762f7d66849db7cf3411cd3/screenshot - {}
RESULT: {}
COMMAND: POST /session/8ec9a5a82762f7d66849db7cf3411cd3/execute/sync - {"script":"<script> [299 bytes]","args":[["getModel","getResource"]]}
RESULT: {"script":"<script> [299 bytes]","args":[["getModel","getResource"]]}
]]></system-out>
    </testcase>
    <testcase classname="chrome.136_0_7103_93.windows.Bill_of_Resources_tests_for_bundle_creation_&amp;_replenishment_US131067_US131070" name="Should create two equipments one being a copy of the other" time="133.16">
      <system-out><![CDATA[
COMMAND: GET /session/8ec9a5a82762f7d66849db7cf3411cd3/screenshot - {}
COMMAND: POST /session/8ec9a5a82762f7d66849db7cf3411cd3/execute/async - {"script":"<script> [1562 bytes]","args":[{"selector":{"controlType":"sap.m.GenericTile","properties":{"header":"Manage Resources"}},"wdio_ui5_key":"sapm.GenericTile{\"header\":\"Manage Resources\"}"}]}
RESULT: {}
RESULT: {"script":"<script> [1562 bytes]","args":[{"selector":{"controlType":"sap.m.GenericTile","properties":{"header":"Manage Resources"}},"wdio_ui5_key":"sapm.GenericTile{\"header\":\"Manage Resources\"}"}]}
RESULT: undefined
COMMAND: POST /session/8ec9a5a82762f7d66849db7cf3411cd3/element - {"using":"xpath","value":"//*[@id=\"__tile39\"]"}
RESULT: {"using":"xpath","value":"//*[@id=\"__tile39\"]"}
COMMAND: POST /session/8ec9a5a82762f7d66849db7cf3411cd3/element/f.65A29F3FDC0D20C80C8CC99BA8EBED59.d.B4806465FD8689CC4BB4DBD51BFCE653.e.118/click - {}
RESULT: {}
COMMAND: GET /session/8ec9a5a82762f7d66849db7cf3411cd3/screenshot - {}
RESULT: {}
COMMAND: POST /session/8ec9a5a82762f7d66849db7cf3411cd3/elements - {"using":"xpath","value":"//span[text()='Error']"}
RESULT: {"using":"xpath","value":"//span[text()='Error']"}
COMMAND: POST /session/8ec9a5a82762f7d66849db7cf3411cd3/element - {"using":"xpath","value":"//button[@data-kt=\"addNewRUOverflowToolbarButton\"]"}
RESULT: {"using":"xpath","value":"//button[@data-kt=\"addNewRUOverflowToolbarButton\"]"}
COMMAND: POST /session/8ec9a5a82762f7d66849db7cf3411cd3/elements - {"using":"xpath","value":"//button[@data-kt=\"addNewRUOverflowToolbarButton\"]"}
RESULT: {"using":"xpath","value":"//button[@data-kt=\"addNewRUOverflowToolbarButton\"]"}
COMMAND: POST /session/8ec9a5a82762f7d66849db7cf3411cd3/execute/sync - {"script":"<script> [8489 bytes]","args":[{"element-6066-11e4-a52e-4f735466cecf":"f.65A29F3FDC0D20C80C8CC99BA8EBED59.d.B4806465FD8689CC4BB4DBD51BFCE653.e.991","ELEMENT":"f.65A29F3FDC0D20C80C8CC99BA8EBED59.d.B4806465FD8689CC4BB4DBD51BFCE653.e.991"}]}
RESULT: {"script":"<script> [8489 bytes]","args":[{"element-6066-11e4-a52e-4f735466cecf":"f.65A29F3FDC0D20C80C8CC99BA8EBED59.d.B4806465FD8689CC4BB4DBD51BFCE653.e.991","ELEMENT":"f.65A29F3FDC0D20C80C8CC99BA8EBED59.d.B4806465FD8689CC4BB4DBD51BFCE653.e.991"}]}
COMMAND: GET /session/8ec9a5a82762f7d66849db7cf3411cd3/element/f.65A29F3FDC0D20C80C8CC99BA8EBED59.d.B4806465FD8689CC4BB4DBD51BFCE653.e.991/enabled - {}
COMMAND: GET /session/8ec9a5a82762f7d66849db7cf3411cd3/screenshot - {}
RESULT: {}
COMMAND: POST /session/8ec9a5a82762f7d66849db7cf3411cd3/execute/sync - {"script":"<script> [8489 bytes]","args":[{"element-6066-11e4-a52e-4f735466cecf":"f.65A29F3FDC0D20C80C8CC99BA8EBED59.d.B4806465FD8689CC4BB4DBD51BFCE653.e.991","ELEMENT":"f.65A29F3FDC0D20C80C8CC99BA8EBED59.d.B4806465FD8689CC4BB4DBD51BFCE653.e.991"}]}
COMMAND: GET /session/8ec9a5a82762f7d66849db7cf3411cd3/screenshot - {}
RESULT: {}
RESULT: {"script":"<script> [8489 bytes]","args":[{"element-6066-11e4-a52e-4f735466cecf":"f.65A29F3FDC0D20C80C8CC99BA8EBED59.d.B4806465FD8689CC4BB4DBD51BFCE653.e.991","ELEMENT":"f.65A29F3FDC0D20C80C8CC99BA8EBED59.d.B4806465FD8689CC4BB4DBD51BFCE653.e.991"}]}
COMMAND: POST /session/8ec9a5a82762f7d66849db7cf3411cd3/execute/sync - {"script":"<script> [5351 bytes]","args":[{"element-6066-11e4-a52e-4f735466cecf":"f.65A29F3FDC0D20C80C8CC99BA8EBED59.d.B4806465FD8689CC4BB4DBD51BFCE653.e.991","ELEMENT":"f.65A29F3FDC0D20C80C8CC99BA8EBED59.d.B4806465FD8689CC4BB4DBD51BFCE653.e.991"}]}
COMMAND: GET /session/8ec9a5a82762f7d66849db7cf3411cd3/screenshot - {}
RESULT: {}
RESULT: {"script":"<script> [5351 bytes]","args":[{"element-6066-11e4-a52e-4f735466cecf":"f.65A29F3FDC0D20C80C8CC99BA8EBED59.d.B4806465FD8689CC4BB4DBD51BFCE653.e.991","ELEMENT":"f.65A29F3FDC0D20C80C8CC99BA8EBED59.d.B4806465FD8689CC4BB4DBD51BFCE653.e.991"}]}
COMMAND: POST /session/8ec9a5a82762f7d66849db7cf3411cd3/element/f.65A29F3FDC0D20C80C8CC99BA8EBED59.d.B4806465FD8689CC4BB4DBD51BFCE653.e.991/click - {}
COMMAND: GET /session/8ec9a5a82762f7d66849db7cf3411cd3/screenshot - {}
RESULT: {}
RESULT: {}
COMMAND: GET /session/8ec9a5a82762f7d66849db7cf3411cd3/screenshot - {}
COMMAND: POST /session/8ec9a5a82762f7d66849db7cf3411cd3/execute/async - {"script":"<script> [1562 bytes]","args":[{"selector":{"id":"application-manageresources-display-component---newResourceUnit--TYPE-arrow"},"wdio_ui5_key":"applicationmanageresources-display-component---newResourceUnit--TYPE-arrow"}]}
RESULT: {}
RESULT: {}
RESULT: {"script":"<script> [1562 bytes]","args":[{"selector":{"id":"application-manageresources-display-component---newResourceUnit--TYPE-arrow"},"wdio_ui5_key":"applicationmanageresources-display-component---newResourceUnit--TYPE-arrow"}]}
RESULT: undefined
COMMAND: POST /session/8ec9a5a82762f7d66849db7cf3411cd3/element - {"using":"xpath","value":"//*[@id=\"application-manageresources-display-component---newResourceUnit--TYPE-arrow\"]"}
RESULT: {"using":"xpath","value":"//*[@id=\"application-manageresources-display-component---newResourceUnit--TYPE-arrow\"]"}
COMMAND: POST /session/8ec9a5a82762f7d66849db7cf3411cd3/element/f.65A29F3FDC0D20C80C8CC99BA8EBED59.d.B4806465FD8689CC4BB4DBD51BFCE653.e.1348/click - {}
RESULT: {}
COMMAND: POST /session/8ec9a5a82762f7d66849db7cf3411cd3/execute/async - {"script":"<script> [1562 bytes]","args":[{"selector":{"controlType":"sap.m.StandardListItem","viewName":"reusables.view.manageresources.NewResourceUnit","viewId":"application-manageresources-display-component---newResourceUnit","properties":{"title":"Equipment"},"searchOpenDialogs":true,"interaction":{"idSuffix":"content"}},"wdio_ui5_key":"reusablesview.manageresources.NewResourceUnitsap.m.StandardListItem{\"title\":\"Equipment\"}"}]}
COMMAND: GET /session/8ec9a5a82762f7d66849db7cf3411cd3/screenshot - {}
RESULT: {"script":"<script> [1562 bytes]","args":[{"selector":{"controlType":"sap.m.StandardListItem","viewName":"reusables.view.manageresources.NewResourceUnit","viewId":"application-manageresources-display-component---newResourceUnit","properties":{"title":"Equipment"},"searchOpenDialogs":true,"interaction":{"idSuffix":"content"}},"wdio_ui5_key":"reusablesview.manageresources.NewResourceUnitsap.m.StandardListItem{\"title\":\"Equipment\"}"}]}
RESULT: undefined
COMMAND: POST /session/8ec9a5a82762f7d66849db7cf3411cd3/element - {"using":"xpath","value":"//*[@id=\"__item499\"]"}
RESULT: {}
RESULT: {"using":"xpath","value":"//*[@id=\"__item499\"]"}
COMMAND: POST /session/8ec9a5a82762f7d66849db7cf3411cd3/element/f.65A29F3FDC0D20C80C8CC99BA8EBED59.d.B4806465FD8689CC4BB4DBD51BFCE653.e.1351/click - {}
RESULT: {}
COMMAND: POST /session/8ec9a5a82762f7d66849db7cf3411cd3/execute/async - {"script":"<script> [1562 bytes]","args":[{"selector":{"id":"application-manageresources-display-component---newResourceUnit--resourceId","interaction":{"idSuffix":"inner"}},"wdio_ui5_key":"applicationmanageresources-display-component---newResourceUnit--resourceId"}]}
COMMAND: GET /session/8ec9a5a82762f7d66849db7cf3411cd3/screenshot - {}
RESULT: {"script":"<script> [1562 bytes]","args":[{"selector":{"id":"application-manageresources-display-component---newResourceUnit--resourceId","interaction":{"idSuffix":"inner"}},"wdio_ui5_key":"applicationmanageresources-display-component---newResourceUnit--resourceId"}]}
RESULT: undefined
COMMAND: POST /session/8ec9a5a82762f7d66849db7cf3411cd3/execute/async - {"script":"<script> [776 bytes]","args":[{"enterText":"VU7PCR0BM_1","selector":{"id":"application-manageresources-display-component---newResourceUnit--resourceId","interaction":{"idSuffix":"inner"}},"clearTextFirst":true,"interactionType":"ENTER_TEXT"}]}
RESULT: {}
RESULT: {"script":"<script> [776 bytes]","args":[{"enterText":"VU7PCR0BM_1","selector":{"id":"application-manageresources-display-component---newResourceUnit--resourceId","interaction":{"idSuffix":"inner"}},"clearTextFirst":true,"interactionType":"ENTER_TEXT"}]}
COMMAND: POST /session/8ec9a5a82762f7d66849db7cf3411cd3/execute/async - {"script":"<script> [1562 bytes]","args":[{"selector":{"id":"application-manageresources-display-component---newResourceUnit--SHORT_TEXT","interaction":{"idSuffix":"inner"}},"wdio_ui5_key":"applicationmanageresources-display-component---newResourceUnit--SHORT_TEXT"}]}
RESULT: {"script":"<script> [1562 bytes]","args":[{"selector":{"id":"application-manageresources-display-component---newResourceUnit--SHORT_TEXT","interaction":{"idSuffix":"inner"}},"wdio_ui5_key":"applicationmanageresources-display-component---newResourceUnit--SHORT_TEXT"}]}
RESULT: undefined
COMMAND: POST /session/8ec9a5a82762f7d66849db7cf3411cd3/execute/async - {"script":"<script> [776 bytes]","args":[{"enterText":"VU7PCR0BM_1","selector":{"id":"application-manageresources-display-component---newResourceUnit--SHORT_TEXT","interaction":{"idSuffix":"inner"}},"clearTextFirst":true,"interactionType":"ENTER_TEXT"}]}
RESULT: {"script":"<script> [776 bytes]","args":[{"enterText":"VU7PCR0BM_1","selector":{"id":"application-manageresources-display-component---newResourceUnit--SHORT_TEXT","interaction":{"idSuffix":"inner"}},"clearTextFirst":true,"interactionType":"ENTER_TEXT"}]}
COMMAND: POST /session/8ec9a5a82762f7d66849db7cf3411cd3/execute/async - {"script":"<script> [1562 bytes]","args":[{"selector":{"id":"application-manageresources-display-component---newResourceUnit--BASE_UNIT_OF_MEASURE","interaction":{"idSuffix":"inner"}},"wdio_ui5_key":"applicationmanageresources-display-component---newResourceUnit--BASE_UNIT_OF_MEASURE"}]}
RESULT: {"script":"<script> [1562 bytes]","args":[{"selector":{"id":"application-manageresources-display-component---newResourceUnit--BASE_UNIT_OF_MEASURE","interaction":{"idSuffix":"inner"}},"wdio_ui5_key":"applicationmanageresources-display-component---newResourceUnit--BASE_UNIT_OF_MEASURE"}]}
RESULT: undefined
COMMAND: POST /session/8ec9a5a82762f7d66849db7cf3411cd3/execute/async - {"script":"<script> [776 bytes]","args":[{"enterText":"Piece","selector":{"id":"application-manageresources-display-component---newResourceUnit--BASE_UNIT_OF_MEASURE","interaction":{"idSuffix":"inner"}},"clearTextFirst":true,"interactionType":"ENTER_TEXT"}]}
RESULT: {"script":"<script> [776 bytes]","args":[{"enterText":"Piece","selector":{"id":"application-manageresources-display-component---newResourceUnit--BASE_UNIT_OF_MEASURE","interaction":{"idSuffix":"inner"}},"clearTextFirst":true,"interactionType":"ENTER_TEXT"}]}
COMMAND: POST /session/8ec9a5a82762f7d66849db7cf3411cd3/execute/async - {"script":"<script> [1562 bytes]","args":[{"selector":{"id":"application-manageresources-display-component---newResourceUnit--WEIGHT_UNIT","interaction":{"idSuffix":"inner"}},"wdio_ui5_key":"applicationmanageresources-display-component---newResourceUnit--WEIGHT_UNIT"}]}
RESULT: {"script":"<script> [1562 bytes]","args":[{"selector":{"id":"application-manageresources-display-component---newResourceUnit--WEIGHT_UNIT","interaction":{"idSuffix":"inner"}},"wdio_ui5_key":"applicationmanageresources-display-component---newResourceUnit--WEIGHT_UNIT"}]}
RESULT: undefined
COMMAND: POST /session/8ec9a5a82762f7d66849db7cf3411cd3/execute/async - {"script":"<script> [776 bytes]","args":[{"enterText":"Gram","selector":{"id":"application-manageresources-display-component---newResourceUnit--WEIGHT_UNIT","interaction":{"idSuffix":"inner"}},"clearTextFirst":true,"interactionType":"ENTER_TEXT"}]}
RESULT: {"script":"<script> [776 bytes]","args":[{"enterText":"Gram","selector":{"id":"application-manageresources-display-component---newResourceUnit--WEIGHT_UNIT","interaction":{"idSuffix":"inner"}},"clearTextFirst":true,"interactionType":"ENTER_TEXT"}]}
COMMAND: POST /session/8ec9a5a82762f7d66849db7cf3411cd3/execute/async - {"script":"<script> [1562 bytes]","args":[{"selector":{"id":"application-manageresources-display-component---newResourceUnit--DIMENSION_UNIT","interaction":{"idSuffix":"inner"}},"wdio_ui5_key":"applicationmanageresources-display-component---newResourceUnit--DIMENSION_UNIT"}]}
RESULT: {"script":"<script> [1562 bytes]","args":[{"selector":{"id":"application-manageresources-display-component---newResourceUnit--DIMENSION_UNIT","interaction":{"idSuffix":"inner"}},"wdio_ui5_key":"applicationmanageresources-display-component---newResourceUnit--DIMENSION_UNIT"}]}
RESULT: undefined
COMMAND: POST /session/8ec9a5a82762f7d66849db7cf3411cd3/execute/async - {"script":"<script> [776 bytes]","args":[{"enterText":"Meter","selector":{"id":"application-manageresources-display-component---newResourceUnit--DIMENSION_UNIT","interaction":{"idSuffix":"inner"}},"clearTextFirst":true,"interactionType":"ENTER_TEXT"}]}
RESULT: {"script":"<script> [776 bytes]","args":[{"enterText":"Meter","selector":{"id":"application-manageresources-display-component---newResourceUnit--DIMENSION_UNIT","interaction":{"idSuffix":"inner"}},"clearTextFirst":true,"interactionType":"ENTER_TEXT"}]}
COMMAND: POST /session/8ec9a5a82762f7d66849db7cf3411cd3/execute/async - {"script":"<script> [1562 bytes]","args":[{"selector":{"id":"application-manageresources-display-component---newResourceUnit--newRRUPage-anchBar-application-manageresources-display-component---newResourceUnit--control-anchor","interaction":{"idSuffix":"BDI-content"}},"wdio_ui5_key":"applicationmanageresources-display-component---newResourceUnit--newRRUPage-anchBar-application-manageresources-display-component---newResourceUnit--control-anchor"}]}
RESULT: {"script":"<script> [1562 bytes]","args":[{"selector":{"id":"application-manageresources-display-component---newResourceUnit--newRRUPage-anchBar-application-manageresources-display-component---newResourceUnit--control-anchor","interaction":{"idSuffix":"BDI-content"}},"wdio_ui5_key":"applicationmanageresources-display-component---newResourceUnit--newRRUPage-anchBar-application-manageresources-display-component---newResourceUnit--control-anchor"}]}
RESULT: undefined
COMMAND: POST /session/8ec9a5a82762f7d66849db7cf3411cd3/element - {"using":"xpath","value":"//*[@id=\"application-manageresources-display-component---newResourceUnit--newRRUPage-anchBar-application-manageresources-display-component---newResourceUnit--control-anchor\"]"}
RESULT: {"using":"xpath","value":"//*[@id=\"application-manageresources-display-component---newResourceUnit--newRRUPage-anchBar-application-manageresources-display-component---newResourceUnit--control-anchor\"]"}
COMMAND: POST /session/8ec9a5a82762f7d66849db7cf3411cd3/element/f.65A29F3FDC0D20C80C8CC99BA8EBED59.d.B4806465FD8689CC4BB4DBD51BFCE653.e.1505/click - {}
RESULT: {}
COMMAND: POST /session/8ec9a5a82762f7d66849db7cf3411cd3/execute/async - {"script":"<script> [1562 bytes]","args":[{"selector":{"id":"application-manageresources-display-component---newResourceUnit--PLANNING_GROUP","interaction":{"idSuffix":"inner"}},"wdio_ui5_key":"applicationmanageresources-display-component---newResourceUnit--PLANNING_GROUP"}]}
COMMAND: GET /session/8ec9a5a82762f7d66849db7cf3411cd3/screenshot - {}
RESULT: {"script":"<script> [1562 bytes]","args":[{"selector":{"id":"application-manageresources-display-component---newResourceUnit--PLANNING_GROUP","interaction":{"idSuffix":"inner"}},"wdio_ui5_key":"applicationmanageresources-display-component---newResourceUnit--PLANNING_GROUP"}]}
RESULT: undefined
COMMAND: POST /session/8ec9a5a82762f7d66849db7cf3411cd3/execute/async - {"script":"<script> [776 bytes]","args":[{"enterText":"Heavy Equi","selector":{"id":"application-manageresources-display-component---newResourceUnit--PLANNING_GROUP","interaction":{"idSuffix":"inner"}},"clearTextFirst":true,"interactionType":"ENTER_TEXT"}]}
RESULT: {}
RESULT: {"script":"<script> [776 bytes]","args":[{"enterText":"Heavy Equi","selector":{"id":"application-manageresources-display-component---newResourceUnit--PLANNING_GROUP","interaction":{"idSuffix":"inner"}},"clearTextFirst":true,"interactionType":"ENTER_TEXT"}]}
COMMAND: POST /session/8ec9a5a82762f7d66849db7cf3411cd3/execute/async - {"script":"<script> [1562 bytes]","args":[{"selector":{"id":"application-manageresources-display-component---newResourceUnit--ITEM_TYPE-arrow"},"wdio_ui5_key":"applicationmanageresources-display-component---newResourceUnit--ITEM_TYPE-arrow"}]}
RESULT: {"script":"<script> [1562 bytes]","args":[{"selector":{"id":"application-manageresources-display-component---newResourceUnit--ITEM_TYPE-arrow"},"wdio_ui5_key":"applicationmanageresources-display-component---newResourceUnit--ITEM_TYPE-arrow"}]}
RESULT: undefined
COMMAND: POST /session/8ec9a5a82762f7d66849db7cf3411cd3/element - {"using":"xpath","value":"//*[@id=\"application-manageresources-display-component---newResourceUnit--ITEM_TYPE-arrow\"]"}
RESULT: {"using":"xpath","value":"//*[@id=\"application-manageresources-display-component---newResourceUnit--ITEM_TYPE-arrow\"]"}
COMMAND: POST /session/8ec9a5a82762f7d66849db7cf3411cd3/element/f.65A29F3FDC0D20C80C8CC99BA8EBED59.d.B4806465FD8689CC4BB4DBD51BFCE653.e.1512/click - {}
RESULT: {}
COMMAND: POST /session/8ec9a5a82762f7d66849db7cf3411cd3/execute/async - {"script":"<script> [1562 bytes]","args":[{"selector":{"controlType":"sap.m.StandardListItem","viewName":"reusables.view.manageresources.NewResourceUnit","viewId":"application-manageresources-display-component---newResourceUnit","properties":{"title":"Resource Unit"},"searchOpenDialogs":true,"interaction":{"idSuffix":"titleText"}},"wdio_ui5_key":"reusablesview.manageresources.NewResourceUnitsap.m.StandardListItem{\"title\":\"Resource Unit\"}"}]}
COMMAND: GET /session/8ec9a5a82762f7d66849db7cf3411cd3/screenshot - {}
RESULT: {"script":"<script> [1562 bytes]","args":[{"selector":{"controlType":"sap.m.StandardListItem","viewName":"reusables.view.manageresources.NewResourceUnit","viewId":"application-manageresources-display-component---newResourceUnit","properties":{"title":"Resource Unit"},"searchOpenDialogs":true,"interaction":{"idSuffix":"titleText"}},"wdio_ui5_key":"reusablesview.manageresources.NewResourceUnitsap.m.StandardListItem{\"title\":\"Resource Unit\"}"}]}
RESULT: undefined
COMMAND: POST /session/8ec9a5a82762f7d66849db7cf3411cd3/element - {"using":"xpath","value":"//*[@id=\"__item585\"]"}
RESULT: {}
RESULT: {"using":"xpath","value":"//*[@id=\"__item585\"]"}
COMMAND: POST /session/8ec9a5a82762f7d66849db7cf3411cd3/element/f.65A29F3FDC0D20C80C8CC99BA8EBED59.d.B4806465FD8689CC4BB4DBD51BFCE653.e.1514/click - {}
RESULT: {}
COMMAND: POST /session/8ec9a5a82762f7d66849db7cf3411cd3/execute/async - {"script":"<script> [1562 bytes]","args":[{"selector":{"id":"application-manageresources-display-component---newResourceUnit--btnAddTimeSegment-img"},"wdio_ui5_key":"applicationmanageresources-display-component---newResourceUnit--btnAddTimeSegment-img"}]}
COMMAND: GET /session/8ec9a5a82762f7d66849db7cf3411cd3/screenshot - {}
RESULT: {"script":"<script> [1562 bytes]","args":[{"selector":{"id":"application-manageresources-display-component---newResourceUnit--btnAddTimeSegment-img"},"wdio_ui5_key":"applicationmanageresources-display-component---newResourceUnit--btnAddTimeSegment-img"}]}
RESULT: undefined
COMMAND: POST /session/8ec9a5a82762f7d66849db7cf3411cd3/element - {"using":"xpath","value":"//*[@id=\"application-manageresources-display-component---newResourceUnit--btnAddTimeSegment-img\"]"}
RESULT: {}
RESULT: {"using":"xpath","value":"//*[@id=\"application-manageresources-display-component---newResourceUnit--btnAddTimeSegment-img\"]"}
COMMAND: POST /session/8ec9a5a82762f7d66849db7cf3411cd3/element/f.65A29F3FDC0D20C80C8CC99BA8EBED59.d.B4806465FD8689CC4BB4DBD51BFCE653.e.1521/click - {}
RESULT: {}
COMMAND: GET /session/8ec9a5a82762f7d66849db7cf3411cd3/screenshot - {}
RESULT: {}
COMMAND: POST /session/8ec9a5a82762f7d66849db7cf3411cd3/element - {"using":"xpath","value":"//input[@id=\"application-manageresources-display-component---newResourceUnit--idRuTSAdmin-application-manageresources-display-component---newResourceUnit--RUTimeSegment-0-inner\"]"}
RESULT: {"using":"xpath","value":"//input[@id=\"application-manageresources-display-component---newResourceUnit--idRuTSAdmin-application-manageresources-display-component---newResourceUnit--RUTimeSegment-0-inner\"]"}
COMMAND: POST /session/8ec9a5a82762f7d66849db7cf3411cd3/element/f.65A29F3FDC0D20C80C8CC99BA8EBED59.d.B4806465FD8689CC4BB4DBD51BFCE653.e.1525/clear - {}
RESULT: {}
COMMAND: POST /session/8ec9a5a82762f7d66849db7cf3411cd3/element/f.65A29F3FDC0D20C80C8CC99BA8EBED59.d.B4806465FD8689CC4BB4DBD51BFCE653.e.1525/value - {"text":"248"}
COMMAND: GET /session/8ec9a5a82762f7d66849db7cf3411cd3/screenshot - {}
RESULT: {"text":"248"}
COMMAND: GET /session/8ec9a5a82762f7d66849db7cf3411cd3/screenshot - {}
RESULT: {}
RESULT: {}
COMMAND: POST /session/8ec9a5a82762f7d66849db7cf3411cd3/element - {"using":"xpath","value":"//li[.//span[text()='248']]"}
RESULT: {"using":"xpath","value":"//li[.//span[text()='248']]"}
COMMAND: POST /session/8ec9a5a82762f7d66849db7cf3411cd3/element/f.65A29F3FDC0D20C80C8CC99BA8EBED59.d.B4806465FD8689CC4BB4DBD51BFCE653.e.1538/click - {}
RESULT: {}
COMMAND: GET /session/8ec9a5a82762f7d66849db7cf3411cd3/screenshot - {}
RESULT: {}
COMMAND: POST /session/8ec9a5a82762f7d66849db7cf3411cd3/execute/async - {"script":"<script> [1562 bytes]","args":[{"selector":{"controlType":"sap.ui.core.Icon","viewName":"reusables.view.manageresources.NewResourceUnit","viewId":"application-manageresources-display-component---newResourceUnit","properties":{"src":{"regex":{"source":"slim\\-arrow\\-down"}}},"ancestor":{"controlType":"sap.m.ComboBox","viewName":"reusables.view.manageresources.NewResourceUnit","viewId":"application-manageresources-display-component---newResourceUnit","bindingPath":{"path":"/RESOURCE_UNIT_TIME_SEQUENCES/0","propertyPath":"COST_OBJECT_ADMIN_CST_TYPE","modelName":"oNewRruModel"}}},"wdio_ui5_key":"reusablesview.manageresources.NewResourceUnitsap.ui.core.Icon{\"src\":{\"regex\":{\"source\":\"slim\\\\-arrow\\\\-down\"}}}{\"controlType\":\"sap.m.ComboBox\",\"viewName\":\"reusables.view.manageresources.NewResourceUnit\",\"viewId\":\"application-manageresources-display-component---newResourceUnit\",\"bindingPath\":{\"path\":\"/RESOURCE_UNIT_TIME_SEQUENCES/0\",\"propertyPath\":\"COST_OBJECT_ADMIN_CST_TYPE\",\"modelName\":\"oNewRruModel\"}}"}]}
RESULT: {"script":"<script> [1562 bytes]","args":[{"selector":{"controlType":"sap.ui.core.Icon","viewName":"reusables.view.manageresources.NewResourceUnit","viewId":"application-manageresources-display-component---newResourceUnit","properties":{"src":{"regex":{"source":"slim\\-arrow\\-down"}}},"ancestor":{"controlType":"sap.m.ComboBox","viewName":"reusables.view.manageresources.NewResourceUnit","viewId":"application-manageresources-display-component---newResourceUnit","bindingPath":{"path":"/RESOURCE_UNIT_TIME_SEQUENCES/0","propertyPath":"COST_OBJECT_ADMIN_CST_TYPE","modelName":"oNewRruModel"}}},"wdio_ui5_key":"reusablesview.manageresources.NewResourceUnitsap.ui.core.Icon{\"src\":{\"regex\":{\"source\":\"slim\\\\-arrow\\\\-down\"}}}{\"controlType\":\"sap.m.ComboBox\",\"viewName\":\"reusables.view.manageresources.NewResourceUnit\",\"viewId\":\"application-manageresources-display-component---newResourceUnit\",\"bindingPath\":{\"path\":\"/RESOURCE_UNIT_TIME_SEQUENCES/0\",\"propertyPath\":\"COST_OBJECT_ADMIN_CST_TYPE\",\"modelName\":\"oNewRruModel\"}}"}]}
RESULT: undefined
COMMAND: POST /session/8ec9a5a82762f7d66849db7cf3411cd3/element - {"using":"xpath","value":"//*[@id=\"__box20-application-manageresources-display-component---newResourceUnit--RUTimeSegment-0-arrow\"]"}
RESULT: {"using":"xpath","value":"//*[@id=\"__box20-application-manageresources-display-component---newResourceUnit--RUTimeSegment-0-arrow\"]"}
COMMAND: POST /session/8ec9a5a82762f7d66849db7cf3411cd3/element/f.65A29F3FDC0D20C80C8CC99BA8EBED59.d.B4806465FD8689CC4BB4DBD51BFCE653.e.1539/click - {}
RESULT: {}
COMMAND: POST /session/8ec9a5a82762f7d66849db7cf3411cd3/execute/async - {"script":"<script> [1562 bytes]","args":[{"selector":{"controlType":"sap.m.StandardListItem","viewName":"reusables.view.manageresources.NewResourceUnit","viewId":"application-manageresources-display-component---newResourceUnit","properties":{"title":"PM Order"},"searchOpenDialogs":true,"interaction":{"idSuffix":"titleText"}},"wdio_ui5_key":"reusablesview.manageresources.NewResourceUnitsap.m.StandardListItem{\"title\":\"PM Order\"}"}]}
COMMAND: GET /session/8ec9a5a82762f7d66849db7cf3411cd3/screenshot - {}
RESULT: {"script":"<script> [1562 bytes]","args":[{"selector":{"controlType":"sap.m.StandardListItem","viewName":"reusables.view.manageresources.NewResourceUnit","viewId":"application-manageresources-display-component---newResourceUnit","properties":{"title":"PM Order"},"searchOpenDialogs":true,"interaction":{"idSuffix":"titleText"}},"wdio_ui5_key":"reusablesview.manageresources.NewResourceUnitsap.m.StandardListItem{\"title\":\"PM Order\"}"}]}
RESULT: undefined
COMMAND: POST /session/8ec9a5a82762f7d66849db7cf3411cd3/element - {"using":"xpath","value":"//*[@id=\"__item741\"]"}
RESULT: {}
RESULT: {"using":"xpath","value":"//*[@id=\"__item741\"]"}
COMMAND: POST /session/8ec9a5a82762f7d66849db7cf3411cd3/element/f.65A29F3FDC0D20C80C8CC99BA8EBED59.d.B4806465FD8689CC4BB4DBD51BFCE653.e.1543/click - {}
RESULT: {}
COMMAND: GET /session/8ec9a5a82762f7d66849db7cf3411cd3/screenshot - {}
RESULT: {}
COMMAND: POST /session/8ec9a5a82762f7d66849db7cf3411cd3/element - {"using":"xpath","value":"(//input[contains(@id ,\"-application-manageresources-display-component---newResourceUnit--RUTimeSegment-0-inner\")])[8]"}
RESULT: {"using":"xpath","value":"(//input[contains(@id ,\"-application-manageresources-display-component---newResourceUnit--RUTimeSegment-0-inner\")])[8]"}
COMMAND: POST /session/8ec9a5a82762f7d66849db7cf3411cd3/element/f.65A29F3FDC0D20C80C8CC99BA8EBED59.d.B4806465FD8689CC4BB4DBD51BFCE653.e.1546/clear - {}
RESULT: {}
COMMAND: POST /session/8ec9a5a82762f7d66849db7cf3411cd3/element/f.65A29F3FDC0D20C80C8CC99BA8EBED59.d.B4806465FD8689CC4BB4DBD51BFCE653.e.1546/value - {"text":"4000360"}
COMMAND: GET /session/8ec9a5a82762f7d66849db7cf3411cd3/screenshot - {}
RESULT: {"text":"4000360"}
COMMAND: GET /session/8ec9a5a82762f7d66849db7cf3411cd3/screenshot - {}
RESULT: {}
RESULT: {}
COMMAND: POST /session/8ec9a5a82762f7d66849db7cf3411cd3/actions - {"actions":[{"id":"action2","type":"key","parameters":{},"actions":[{"type":"keyDown","value":""},{"type":"pause","duration":10},{"type":"keyUp","value":""}]}]}
RESULT: {"actions":[{"id":"action2","type":"key","parameters":{},"actions":[{"type":"keyDown","value":""},{"type":"pause","duration":10},{"type":"keyUp","value":""}]}]}
COMMAND: GET /session/8ec9a5a82762f7d66849db7cf3411cd3/screenshot - {}
RESULT: {}
COMMAND: POST /session/8ec9a5a82762f7d66849db7cf3411cd3/execute/async - {"script":"<script> [1562 bytes]","args":[{"selector":{"id":"application-manageresources-display-component---newResourceUnit--newRRUPage-anchBar-application-manageresources-display-component---newResourceUnit--resource-anchor","interaction":{"idSuffix":"BDI-content"}},"wdio_ui5_key":"applicationmanageresources-display-component---newResourceUnit--newRRUPage-anchBar-application-manageresources-display-component---newResourceUnit--resource-anchor"}]}
RESULT: {"script":"<script> [1562 bytes]","args":[{"selector":{"id":"application-manageresources-display-component---newResourceUnit--newRRUPage-anchBar-application-manageresources-display-component---newResourceUnit--resource-anchor","interaction":{"idSuffix":"BDI-content"}},"wdio_ui5_key":"applicationmanageresources-display-component---newResourceUnit--newRRUPage-anchBar-application-manageresources-display-component---newResourceUnit--resource-anchor"}]}
RESULT: undefined
COMMAND: POST /session/8ec9a5a82762f7d66849db7cf3411cd3/element - {"using":"xpath","value":"//*[@id=\"application-manageresources-display-component---newResourceUnit--newRRUPage-anchBar-application-manageresources-display-component---newResourceUnit--resource-anchor\"]"}
RESULT: {"using":"xpath","value":"//*[@id=\"application-manageresources-display-component---newResourceUnit--newRRUPage-anchBar-application-manageresources-display-component---newResourceUnit--resource-anchor\"]"}
COMMAND: POST /session/8ec9a5a82762f7d66849db7cf3411cd3/element/f.65A29F3FDC0D20C80C8CC99BA8EBED59.d.B4806465FD8689CC4BB4DBD51BFCE653.e.1577/click - {}
RESULT: {}
COMMAND: POST /session/8ec9a5a82762f7d66849db7cf3411cd3/execute/async - {"script":"<script> [1562 bytes]","args":[{"selector":{"id":"application-manageresources-display-component---newResourceUnit--PLANNED_DELIVERY_DATE","interaction":{"idSuffix":"inner"}},"wdio_ui5_key":"applicationmanageresources-display-component---newResourceUnit--PLANNED_DELIVERY_DATE"}]}
COMMAND: GET /session/8ec9a5a82762f7d66849db7cf3411cd3/screenshot - {}
RESULT: {"script":"<script> [1562 bytes]","args":[{"selector":{"id":"application-manageresources-display-component---newResourceUnit--PLANNED_DELIVERY_DATE","interaction":{"idSuffix":"inner"}},"wdio_ui5_key":"applicationmanageresources-display-component---newResourceUnit--PLANNED_DELIVERY_DATE"}]}
RESULT: undefined
COMMAND: POST /session/8ec9a5a82762f7d66849db7cf3411cd3/execute/async - {"script":"<script> [6424 bytes]","args":[{"element-6066-11e4-a52e-4f735466cecf":"f.65A29F3FDC0D20C80C8CC99BA8EBED59.d.B4806465FD8689CC4BB4DBD51BFCE653.e.1404"},"setValue",["5/24/25"]]}
RESULT: {}
RESULT: {"script":"<script> [6424 bytes]","args":[{"element-6066-11e4-a52e-4f735466cecf":"f.65A29F3FDC0D20C80C8CC99BA8EBED59.d.B4806465FD8689CC4BB4DBD51BFCE653.e.1404"},"setValue",["5/24/25"]]}
COMMAND: POST /session/8ec9a5a82762f7d66849db7cf3411cd3/execute/async - {"script":"<script> [1562 bytes]","args":[{"selector":{"controlType":"sap.m.Button","viewName":"reusables.view.manageresources.NewResourceUnit","viewId":"application-manageresources-display-component---newResourceUnit","i18NText":{"propertyName":"tooltip","key":"save"},"interaction":{"idSuffix":"BDI-content"}},"wdio_ui5_key":"reusablesview.manageresources.NewResourceUnitsap.m.Button{\"propertyName\":\"tooltip\",\"key\":\"save\"}"}]}
RESULT: {"script":"<script> [1562 bytes]","args":[{"selector":{"controlType":"sap.m.Button","viewName":"reusables.view.manageresources.NewResourceUnit","viewId":"application-manageresources-display-component---newResourceUnit","i18NText":{"propertyName":"tooltip","key":"save"},"interaction":{"idSuffix":"BDI-content"}},"wdio_ui5_key":"reusablesview.manageresources.NewResourceUnitsap.m.Button{\"propertyName\":\"tooltip\",\"key\":\"save\"}"}]}
RESULT: undefined
COMMAND: POST /session/8ec9a5a82762f7d66849db7cf3411cd3/element - {"using":"xpath","value":"//*[@id=\"application-manageresources-display-component---newResourceUnit--createRuButton\"]"}
RESULT: {"using":"xpath","value":"//*[@id=\"application-manageresources-display-component---newResourceUnit--createRuButton\"]"}
COMMAND: POST /session/8ec9a5a82762f7d66849db7cf3411cd3/element/f.65A29F3FDC0D20C80C8CC99BA8EBED59.d.B4806465FD8689CC4BB4DBD51BFCE653.e.1364/click - {}
RESULT: {}
COMMAND: GET /session/8ec9a5a82762f7d66849db7cf3411cd3/screenshot - {}
RESULT: {}
COMMAND: POST /session/8ec9a5a82762f7d66849db7cf3411cd3/execute/async - {"script":"<script> [1562 bytes]","args":[{"selector":{"controlType":"sap.m.Button","properties":{"text":"Close"},"searchOpenDialogs":true,"interaction":{"idSuffix":"inner"}},"wdio_ui5_key":"sapm.Button{\"text\":\"Close\"}"}]}
RESULT: {"script":"<script> [1562 bytes]","args":[{"selector":{"controlType":"sap.m.Button","properties":{"text":"Close"},"searchOpenDialogs":true,"interaction":{"idSuffix":"inner"}},"wdio_ui5_key":"sapm.Button{\"text\":\"Close\"}"}]}
RESULT: undefined
COMMAND: POST /session/8ec9a5a82762f7d66849db7cf3411cd3/element - {"using":"xpath","value":"//*[@id=\"__mbox-btn-0\"]"}
RESULT: {"using":"xpath","value":"//*[@id=\"__mbox-btn-0\"]"}
COMMAND: POST /session/8ec9a5a82762f7d66849db7cf3411cd3/element/f.65A29F3FDC0D20C80C8CC99BA8EBED59.d.B4806465FD8689CC4BB4DBD51BFCE653.e.1585/click - {}
RESULT: {}
COMMAND: GET /session/8ec9a5a82762f7d66849db7cf3411cd3/screenshot - {}
RESULT: {}
COMMAND: POST /session/8ec9a5a82762f7d66849db7cf3411cd3/element - {"using":"xpath","value":"(//button[contains(@id ,\"actionsToolbar-overflowButton\")])[1]"}
RESULT: {"using":"xpath","value":"(//button[contains(@id ,\"actionsToolbar-overflowButton\")])[1]"}
COMMAND: POST /session/8ec9a5a82762f7d66849db7cf3411cd3/element/f.65A29F3FDC0D20C80C8CC99BA8EBED59.d.B4806465FD8689CC4BB4DBD51BFCE653.e.1645/click - {}
RESULT: {}
COMMAND: GET /session/8ec9a5a82762f7d66849db7cf3411cd3/screenshot - {}
RESULT: {}
COMMAND: POST /session/8ec9a5a82762f7d66849db7cf3411cd3/execute/async - {"script":"<script> [1562 bytes]","args":[{"selector":{"controlType":"sap.m.Button","viewName":"etm.portal.ui.manageresources.view.Detail","viewId":"application-manageresources-display-component---detailRU","i18NText":{"propertyName":"text","key":"copy"},"searchOpenDialogs":true,"interaction":{"idSuffix":"BDI-content"}},"wdio_ui5_key":"etmportal.ui.manageresources.view.Detailsap.m.Button{\"propertyName\":\"text\",\"key\":\"copy\"}"}]}
RESULT: {"script":"<script> [1562 bytes]","args":[{"selector":{"controlType":"sap.m.Button","viewName":"etm.portal.ui.manageresources.view.Detail","viewId":"application-manageresources-display-component---detailRU","i18NText":{"propertyName":"text","key":"copy"},"searchOpenDialogs":true,"interaction":{"idSuffix":"BDI-content"}},"wdio_ui5_key":"etmportal.ui.manageresources.view.Detailsap.m.Button{\"propertyName\":\"text\",\"key\":\"copy\"}"}]}
RESULT: undefined
COMMAND: POST /session/8ec9a5a82762f7d66849db7cf3411cd3/element - {"using":"xpath","value":"//*[@id=\"__button105\"]"}
RESULT: {"using":"xpath","value":"//*[@id=\"__button105\"]"}
COMMAND: POST /session/8ec9a5a82762f7d66849db7cf3411cd3/element/f.65A29F3FDC0D20C80C8CC99BA8EBED59.d.B4806465FD8689CC4BB4DBD51BFCE653.e.1648/click - {}
RESULT: {}
COMMAND: POST /session/8ec9a5a82762f7d66849db7cf3411cd3/execute/async - {"script":"<script> [1562 bytes]","args":[{"selector":{"controlType":"sap.m.Button","viewName":"etm.portal.ui.manageresources.view.Detail","viewId":"application-manageresources-display-component---detailRU","i18NText":{"propertyName":"text","key":"selectAll"},"searchOpenDialogs":true,"interaction":{"idSuffix":"BDI-content"}},"wdio_ui5_key":"etmportal.ui.manageresources.view.Detailsap.m.Button{\"propertyName\":\"text\",\"key\":\"selectAll\"}"}]}
COMMAND: GET /session/8ec9a5a82762f7d66849db7cf3411cd3/screenshot - {}
RESULT: {"script":"<script> [1562 bytes]","args":[{"selector":{"controlType":"sap.m.Button","viewName":"etm.portal.ui.manageresources.view.Detail","viewId":"application-manageresources-display-component---detailRU","i18NText":{"propertyName":"text","key":"selectAll"},"searchOpenDialogs":true,"interaction":{"idSuffix":"BDI-content"}},"wdio_ui5_key":"etmportal.ui.manageresources.view.Detailsap.m.Button{\"propertyName\":\"text\",\"key\":\"selectAll\"}"}]}
RESULT: undefined
COMMAND: POST /session/8ec9a5a82762f7d66849db7cf3411cd3/element - {"using":"xpath","value":"//*[@id=\"__button156\"]"}
RESULT: {}
RESULT: {"using":"xpath","value":"//*[@id=\"__button156\"]"}
COMMAND: POST /session/8ec9a5a82762f7d66849db7cf3411cd3/element/f.65A29F3FDC0D20C80C8CC99BA8EBED59.d.B4806465FD8689CC4BB4DBD51BFCE653.e.1649/click - {}
RESULT: {}
COMMAND: POST /session/8ec9a5a82762f7d66849db7cf3411cd3/execute/async - {"script":"<script> [1562 bytes]","args":[{"selector":{"controlType":"sap.m.Button","viewName":"etm.portal.ui.manageresources.view.Detail","viewId":"application-manageresources-display-component---detailRU","i18NText":{"propertyName":"text","key":"confirm"},"searchOpenDialogs":true,"interaction":{"idSuffix":"BDI-content"}},"wdio_ui5_key":"etmportal.ui.manageresources.view.Detailsap.m.Button{\"propertyName\":\"text\",\"key\":\"confirm\"}"}]}
COMMAND: GET /session/8ec9a5a82762f7d66849db7cf3411cd3/screenshot - {}
RESULT: {"script":"<script> [1562 bytes]","args":[{"selector":{"controlType":"sap.m.Button","viewName":"etm.portal.ui.manageresources.view.Detail","viewId":"application-manageresources-display-component---detailRU","i18NText":{"propertyName":"text","key":"confirm"},"searchOpenDialogs":true,"interaction":{"idSuffix":"BDI-content"}},"wdio_ui5_key":"etmportal.ui.manageresources.view.Detailsap.m.Button{\"propertyName\":\"text\",\"key\":\"confirm\"}"}]}
RESULT: undefined
COMMAND: POST /session/8ec9a5a82762f7d66849db7cf3411cd3/element - {"using":"xpath","value":"//*[@id=\"__button157\"]"}
RESULT: {}
RESULT: {"using":"xpath","value":"//*[@id=\"__button157\"]"}
COMMAND: POST /session/8ec9a5a82762f7d66849db7cf3411cd3/element/f.65A29F3FDC0D20C80C8CC99BA8EBED59.d.B4806465FD8689CC4BB4DBD51BFCE653.e.1674/click - {}
RESULT: {}
COMMAND: GET /session/8ec9a5a82762f7d66849db7cf3411cd3/screenshot - {}
RESULT: {}
COMMAND: POST /session/8ec9a5a82762f7d66849db7cf3411cd3/execute/async - {"script":"<script> [1562 bytes]","args":[{"selector":{"id":"application-manageresources-display-component---newResourceUnit--newRRUPage-anchBar-application-manageresources-display-component---newResourceUnit--general-anchor","interaction":{"idSuffix":"BDI-content"}},"wdio_ui5_key":"applicationmanageresources-display-component---newResourceUnit--newRRUPage-anchBar-application-manageresources-display-component---newResourceUnit--general-anchor"}]}
RESULT: {"script":"<script> [1562 bytes]","args":[{"selector":{"id":"application-manageresources-display-component---newResourceUnit--newRRUPage-anchBar-application-manageresources-display-component---newResourceUnit--general-anchor","interaction":{"idSuffix":"BDI-content"}},"wdio_ui5_key":"applicationmanageresources-display-component---newResourceUnit--newRRUPage-anchBar-application-manageresources-display-component---newResourceUnit--general-anchor"}]}
RESULT: undefined
COMMAND: POST /session/8ec9a5a82762f7d66849db7cf3411cd3/element - {"using":"xpath","value":"//*[@id=\"application-manageresources-display-component---newResourceUnit--newRRUPage-anchBar-application-manageresources-display-component---newResourceUnit--general-anchor\"]"}
RESULT: {"using":"xpath","value":"//*[@id=\"application-manageresources-display-component---newResourceUnit--newRRUPage-anchBar-application-manageresources-display-component---newResourceUnit--general-anchor\"]"}
COMMAND: POST /session/8ec9a5a82762f7d66849db7cf3411cd3/element/f.65A29F3FDC0D20C80C8CC99BA8EBED59.d.B4806465FD8689CC4BB4DBD51BFCE653.e.1681/click - {}
RESULT: {}
COMMAND: GET /session/8ec9a5a82762f7d66849db7cf3411cd3/screenshot - {}
RESULT: {}
COMMAND: POST /session/8ec9a5a82762f7d66849db7cf3411cd3/actions - {"actions":[{"type":"key","id":"keyboard","actions":[{"type":"keyDown","value":""}]}]}
RESULT: {"actions":[{"type":"key","id":"keyboard","actions":[{"type":"keyDown","value":""}]}]}
COMMAND: GET /session/8ec9a5a82762f7d66849db7cf3411cd3/screenshot - {}
RESULT: {}
RESULT: undefined
COMMAND: POST /session/8ec9a5a82762f7d66849db7cf3411cd3/execute/async - {"script":"<script> [776 bytes]","args":[{"enterText":"VU7PCR0BM_2","selector":{"id":"application-manageresources-display-component---newResourceUnit--resourceId","interaction":{"idSuffix":"inner"}},"clearTextFirst":true,"interactionType":"ENTER_TEXT"}]}
RESULT: {"script":"<script> [776 bytes]","args":[{"enterText":"VU7PCR0BM_2","selector":{"id":"application-manageresources-display-component---newResourceUnit--resourceId","interaction":{"idSuffix":"inner"}},"clearTextFirst":true,"interactionType":"ENTER_TEXT"}]}
RESULT: undefined
RESULT: undefined
COMMAND: POST /session/8ec9a5a82762f7d66849db7cf3411cd3/execute/async - {"script":"<script> [776 bytes]","args":[{"enterText":"VU7PCR0BM_2","selector":{"id":"application-manageresources-display-component---newResourceUnit--SHORT_TEXT","interaction":{"idSuffix":"inner"}},"clearTextFirst":true,"interactionType":"ENTER_TEXT"}]}
RESULT: {"script":"<script> [776 bytes]","args":[{"enterText":"VU7PCR0BM_2","selector":{"id":"application-manageresources-display-component---newResourceUnit--SHORT_TEXT","interaction":{"idSuffix":"inner"}},"clearTextFirst":true,"interactionType":"ENTER_TEXT"}]}
RESULT: undefined
COMMAND: POST /session/8ec9a5a82762f7d66849db7cf3411cd3/element - {"using":"xpath","value":"//*[@id=\"application-manageresources-display-component---newResourceUnit--createRuButton\"]"}
RESULT: {"using":"xpath","value":"//*[@id=\"application-manageresources-display-component---newResourceUnit--createRuButton\"]"}
COMMAND: POST /session/8ec9a5a82762f7d66849db7cf3411cd3/element/f.65A29F3FDC0D20C80C8CC99BA8EBED59.d.B4806465FD8689CC4BB4DBD51BFCE653.e.1364/click - {}
RESULT: {}
COMMAND: GET /session/8ec9a5a82762f7d66849db7cf3411cd3/screenshot - {}
RESULT: {}
COMMAND: POST /session/8ec9a5a82762f7d66849db7cf3411cd3/element - {"using":"xpath","value":"//bdi[contains(text(), \"Close\")]"}
RESULT: {"using":"xpath","value":"//bdi[contains(text(), \"Close\")]"}
COMMAND: POST /session/8ec9a5a82762f7d66849db7cf3411cd3/element/f.65A29F3FDC0D20C80C8CC99BA8EBED59.d.B4806465FD8689CC4BB4DBD51BFCE653.e.1690/click - {}
RESULT: {}
COMMAND: GET /session/8ec9a5a82762f7d66849db7cf3411cd3/screenshot - {}
RESULT: {}
COMMAND: POST /session/8ec9a5a82762f7d66849db7cf3411cd3/element - {"using":"css selector","value":"#shell-header-logo"}
RESULT: {"using":"css selector","value":"#shell-header-logo"}
COMMAND: POST /session/8ec9a5a82762f7d66849db7cf3411cd3/element/f.65A29F3FDC0D20C80C8CC99BA8EBED59.d.B4806465FD8689CC4BB4DBD51BFCE653.e.963/click - {}
RESULT: {}
COMMAND: GET /session/8ec9a5a82762f7d66849db7cf3411cd3/screenshot - {}
RESULT: {}
]]></system-out>
    </testcase>
    <testcase classname="chrome.136_0_7103_93.windows.Bill_of_Resources_tests_for_bundle_creation_&amp;_replenishment_US131067_US131070" name="Should do a stock increase for the equipments" time="77.202">
      <system-out><![CDATA[
COMMAND: POST /session/8ec9a5a82762f7d66849db7cf3411cd3/execute/async - {"script":"<script> [1562 bytes]","args":[{"selector":{"controlType":"sap.m.GenericTile","properties":{"header":"Manage Handovers"}},"wdio_ui5_key":"sapm.GenericTile{\"header\":\"Manage Handovers\"}"}]}
RESULT: {"script":"<script> [1562 bytes]","args":[{"selector":{"controlType":"sap.m.GenericTile","properties":{"header":"Manage Handovers"}},"wdio_ui5_key":"sapm.GenericTile{\"header\":\"Manage Handovers\"}"}]}
RESULT: undefined
COMMAND: POST /session/8ec9a5a82762f7d66849db7cf3411cd3/element - {"using":"xpath","value":"//*[@id=\"__tile133\"]"}
RESULT: {"using":"xpath","value":"//*[@id=\"__tile133\"]"}
COMMAND: POST /session/8ec9a5a82762f7d66849db7cf3411cd3/element/f.65A29F3FDC0D20C80C8CC99BA8EBED59.d.B4806465FD8689CC4BB4DBD51BFCE653.e.196/click - {}
RESULT: {}
COMMAND: GET /session/8ec9a5a82762f7d66849db7cf3411cd3/screenshot - {}
RESULT: {}
COMMAND: POST /session/8ec9a5a82762f7d66849db7cf3411cd3/elements - {"using":"xpath","value":"//span[text()='Error']"}
RESULT: {"using":"xpath","value":"//span[text()='Error']"}
COMMAND: POST /session/8ec9a5a82762f7d66849db7cf3411cd3/element - {"using":"xpath","value":"//button[@data-kt=\"masterHOAddButton\"]"}
RESULT: {"using":"xpath","value":"//button[@data-kt=\"masterHOAddButton\"]"}
COMMAND: POST /session/8ec9a5a82762f7d66849db7cf3411cd3/elements - {"using":"xpath","value":"//button[@data-kt=\"masterHOAddButton\"]"}
RESULT: {"using":"xpath","value":"//button[@data-kt=\"masterHOAddButton\"]"}
COMMAND: POST /session/8ec9a5a82762f7d66849db7cf3411cd3/execute/sync - {"script":"<script> [8489 bytes]","args":[{"element-6066-11e4-a52e-4f735466cecf":"f.65A29F3FDC0D20C80C8CC99BA8EBED59.d.B4806465FD8689CC4BB4DBD51BFCE653.e.1731","ELEMENT":"f.65A29F3FDC0D20C80C8CC99BA8EBED59.d.B4806465FD8689CC4BB4DBD51BFCE653.e.1731"}]}
RESULT: {"script":"<script> [8489 bytes]","args":[{"element-6066-11e4-a52e-4f735466cecf":"f.65A29F3FDC0D20C80C8CC99BA8EBED59.d.B4806465FD8689CC4BB4DBD51BFCE653.e.1731","ELEMENT":"f.65A29F3FDC0D20C80C8CC99BA8EBED59.d.B4806465FD8689CC4BB4DBD51BFCE653.e.1731"}]}
COMMAND: GET /session/8ec9a5a82762f7d66849db7cf3411cd3/element/f.65A29F3FDC0D20C80C8CC99BA8EBED59.d.B4806465FD8689CC4BB4DBD51BFCE653.e.1731/enabled - {}
COMMAND: GET /session/8ec9a5a82762f7d66849db7cf3411cd3/screenshot - {}
RESULT: {}
COMMAND: POST /session/8ec9a5a82762f7d66849db7cf3411cd3/execute/sync - {"script":"<script> [8489 bytes]","args":[{"element-6066-11e4-a52e-4f735466cecf":"f.65A29F3FDC0D20C80C8CC99BA8EBED59.d.B4806465FD8689CC4BB4DBD51BFCE653.e.1731","ELEMENT":"f.65A29F3FDC0D20C80C8CC99BA8EBED59.d.B4806465FD8689CC4BB4DBD51BFCE653.e.1731"}]}
COMMAND: GET /session/8ec9a5a82762f7d66849db7cf3411cd3/screenshot - {}
RESULT: {}
RESULT: {"script":"<script> [8489 bytes]","args":[{"element-6066-11e4-a52e-4f735466cecf":"f.65A29F3FDC0D20C80C8CC99BA8EBED59.d.B4806465FD8689CC4BB4DBD51BFCE653.e.1731","ELEMENT":"f.65A29F3FDC0D20C80C8CC99BA8EBED59.d.B4806465FD8689CC4BB4DBD51BFCE653.e.1731"}]}
COMMAND: POST /session/8ec9a5a82762f7d66849db7cf3411cd3/execute/sync - {"script":"<script> [5351 bytes]","args":[{"element-6066-11e4-a52e-4f735466cecf":"f.65A29F3FDC0D20C80C8CC99BA8EBED59.d.B4806465FD8689CC4BB4DBD51BFCE653.e.1731","ELEMENT":"f.65A29F3FDC0D20C80C8CC99BA8EBED59.d.B4806465FD8689CC4BB4DBD51BFCE653.e.1731"}]}
COMMAND: GET /session/8ec9a5a82762f7d66849db7cf3411cd3/screenshot - {}
RESULT: {}
RESULT: {"script":"<script> [5351 bytes]","args":[{"element-6066-11e4-a52e-4f735466cecf":"f.65A29F3FDC0D20C80C8CC99BA8EBED59.d.B4806465FD8689CC4BB4DBD51BFCE653.e.1731","ELEMENT":"f.65A29F3FDC0D20C80C8CC99BA8EBED59.d.B4806465FD8689CC4BB4DBD51BFCE653.e.1731"}]}
COMMAND: POST /session/8ec9a5a82762f7d66849db7cf3411cd3/element/f.65A29F3FDC0D20C80C8CC99BA8EBED59.d.B4806465FD8689CC4BB4DBD51BFCE653.e.1731/click - {}
COMMAND: GET /session/8ec9a5a82762f7d66849db7cf3411cd3/screenshot - {}
RESULT: {}
RESULT: {}
COMMAND: GET /session/8ec9a5a82762f7d66849db7cf3411cd3/screenshot - {}
RESULT: {}
RESULT: {}
COMMAND: POST /session/8ec9a5a82762f7d66849db7cf3411cd3/element - {"using":"xpath","value":"//span[contains(@id ,\"AddNewHO--typeSelect-arrow\")]"}
RESULT: {"using":"xpath","value":"//span[contains(@id ,\"AddNewHO--typeSelect-arrow\")]"}
COMMAND: POST /session/8ec9a5a82762f7d66849db7cf3411cd3/element/f.65A29F3FDC0D20C80C8CC99BA8EBED59.d.B4806465FD8689CC4BB4DBD51BFCE653.e.2078/click - {}
RESULT: {}
COMMAND: GET /session/8ec9a5a82762f7d66849db7cf3411cd3/screenshot - {}
RESULT: {}
COMMAND: POST /session/8ec9a5a82762f7d66849db7cf3411cd3/element - {"using":"xpath","value":"(//li[contains(text(), \"stock increase yard\")])[1]"}
RESULT: {"using":"xpath","value":"(//li[contains(text(), \"stock increase yard\")])[1]"}
COMMAND: POST /session/8ec9a5a82762f7d66849db7cf3411cd3/element/f.65A29F3FDC0D20C80C8CC99BA8EBED59.d.B4806465FD8689CC4BB4DBD51BFCE653.e.2079/click - {}
RESULT: {}
COMMAND: GET /session/8ec9a5a82762f7d66849db7cf3411cd3/screenshot - {}
RESULT: {}
COMMAND: POST /session/8ec9a5a82762f7d66849db7cf3411cd3/execute/async - {"script":"<script> [1562 bytes]","args":[{"selector":{"id":"application-managehandovers-display-component---AddNewHO--dueDate","interaction":{"idSuffix":"inner"}},"wdio_ui5_key":"applicationmanagehandovers-display-component---AddNewHO--dueDate"}]}
RESULT: {"script":"<script> [1562 bytes]","args":[{"selector":{"id":"application-managehandovers-display-component---AddNewHO--dueDate","interaction":{"idSuffix":"inner"}},"wdio_ui5_key":"applicationmanagehandovers-display-component---AddNewHO--dueDate"}]}
RESULT: undefined
COMMAND: POST /session/8ec9a5a82762f7d66849db7cf3411cd3/execute/async - {"script":"<script> [6424 bytes]","args":[{"element-6066-11e4-a52e-4f735466cecf":"f.65A29F3FDC0D20C80C8CC99BA8EBED59.d.B4806465FD8689CC4BB4DBD51BFCE653.e.2081"},"setValue",["05/24/25"]]}
RESULT: {"script":"<script> [6424 bytes]","args":[{"element-6066-11e4-a52e-4f735466cecf":"f.65A29F3FDC0D20C80C8CC99BA8EBED59.d.B4806465FD8689CC4BB4DBD51BFCE653.e.2081"},"setValue",["05/24/25"]]}
COMMAND: POST /session/8ec9a5a82762f7d66849db7cf3411cd3/element - {"using":"xpath","value":"//input[@id=\"generalSectionFrg--receiveYard-inner\"]"}
RESULT: {"using":"xpath","value":"//input[@id=\"generalSectionFrg--receiveYard-inner\"]"}
COMMAND: POST /session/8ec9a5a82762f7d66849db7cf3411cd3/element/f.65A29F3FDC0D20C80C8CC99BA8EBED59.d.B4806465FD8689CC4BB4DBD51BFCE653.e.2087/clear - {}
RESULT: {}
COMMAND: POST /session/8ec9a5a82762f7d66849db7cf3411cd3/element/f.65A29F3FDC0D20C80C8CC99BA8EBED59.d.B4806465FD8689CC4BB4DBD51BFCE653.e.2087/value - {"text":"248"}
COMMAND: GET /session/8ec9a5a82762f7d66849db7cf3411cd3/screenshot - {}
RESULT: {"text":"248"}
COMMAND: GET /session/8ec9a5a82762f7d66849db7cf3411cd3/screenshot - {}
RESULT: {}
RESULT: {}
COMMAND: POST /session/8ec9a5a82762f7d66849db7cf3411cd3/element - {"using":"xpath","value":"//li[.//span[text()='248']]"}
RESULT: {"using":"xpath","value":"//li[.//span[text()='248']]"}
COMMAND: POST /session/8ec9a5a82762f7d66849db7cf3411cd3/element/f.65A29F3FDC0D20C80C8CC99BA8EBED59.d.B4806465FD8689CC4BB4DBD51BFCE653.e.2104/click - {}
RESULT: {}
COMMAND: GET /session/8ec9a5a82762f7d66849db7cf3411cd3/screenshot - {}
RESULT: {}
COMMAND: POST /session/8ec9a5a82762f7d66849db7cf3411cd3/execute/async - {"script":"<script> [1562 bytes]","args":[{"selector":{"id":"application-managehandovers-display-component---AddNewHO--ObjectPageLayout-anchBar-application-managehandovers-display-component---AddNewHO--section4-anchor","interaction":{"idSuffix":"BDI-content"}},"wdio_ui5_key":"applicationmanagehandovers-display-component---AddNewHO--ObjectPageLayout-anchBar-application-managehandovers-display-component---AddNewHO--section4-anchor"}]}
RESULT: {"script":"<script> [1562 bytes]","args":[{"selector":{"id":"application-managehandovers-display-component---AddNewHO--ObjectPageLayout-anchBar-application-managehandovers-display-component---AddNewHO--section4-anchor","interaction":{"idSuffix":"BDI-content"}},"wdio_ui5_key":"applicationmanagehandovers-display-component---AddNewHO--ObjectPageLayout-anchBar-application-managehandovers-display-component---AddNewHO--section4-anchor"}]}
RESULT: undefined
COMMAND: POST /session/8ec9a5a82762f7d66849db7cf3411cd3/element - {"using":"xpath","value":"//*[@id=\"application-managehandovers-display-component---AddNewHO--ObjectPageLayout-anchBar-application-managehandovers-display-component---AddNewHO--section4-anchor\"]"}
RESULT: {"using":"xpath","value":"//*[@id=\"application-managehandovers-display-component---AddNewHO--ObjectPageLayout-anchBar-application-managehandovers-display-component---AddNewHO--section4-anchor\"]"}
COMMAND: POST /session/8ec9a5a82762f7d66849db7cf3411cd3/element/f.65A29F3FDC0D20C80C8CC99BA8EBED59.d.B4806465FD8689CC4BB4DBD51BFCE653.e.2106/click - {}
RESULT: {}
COMMAND: POST /session/8ec9a5a82762f7d66849db7cf3411cd3/execute/async - {"script":"<script> [1562 bytes]","args":[{"selector":{"controlType":"sap.ui.core.Icon","viewName":"etm.portal.ui.managehandovers.view.AddNewHO","viewId":"application-managehandovers-display-component---AddNewHO","properties":{"src":{"regex":{"source":"add"}}}},"wdio_ui5_key":"etmportal.ui.managehandovers.view.AddNewHOsap.ui.core.Icon{\"src\":{\"regex\":{\"source\":\"add\"}}}"}]}
COMMAND: GET /session/8ec9a5a82762f7d66849db7cf3411cd3/screenshot - {}
RESULT: {"script":"<script> [1562 bytes]","args":[{"selector":{"controlType":"sap.ui.core.Icon","viewName":"etm.portal.ui.managehandovers.view.AddNewHO","viewId":"application-managehandovers-display-component---AddNewHO","properties":{"src":{"regex":{"source":"add"}}}},"wdio_ui5_key":"etmportal.ui.managehandovers.view.AddNewHOsap.ui.core.Icon{\"src\":{\"regex\":{\"source\":\"add\"}}}"}]}
RESULT: undefined
COMMAND: POST /session/8ec9a5a82762f7d66849db7cf3411cd3/element - {"using":"xpath","value":"//*[@id=\"__button186-img\"]"}
RESULT: {}
RESULT: {"using":"xpath","value":"//*[@id=\"__button186-img\"]"}
COMMAND: POST /session/8ec9a5a82762f7d66849db7cf3411cd3/element/f.65A29F3FDC0D20C80C8CC99BA8EBED59.d.B4806465FD8689CC4BB4DBD51BFCE653.e.2110/click - {}
RESULT: {}
COMMAND: POST /session/8ec9a5a82762f7d66849db7cf3411cd3/execute/async - {"script":"<script> [1562 bytes]","args":[{"selector":{"id":"application-managehandovers-display-component---AddNewHO--smartFilterBar-btnBasicSearch","searchOpenDialogs":true,"interaction":{"idSuffix":"I"}},"wdio_ui5_key":"applicationmanagehandovers-display-component---AddNewHO--smartFilterBar-btnBasicSearch"}]}
COMMAND: GET /session/8ec9a5a82762f7d66849db7cf3411cd3/screenshot - {}
RESULT: {"script":"<script> [1562 bytes]","args":[{"selector":{"id":"application-managehandovers-display-component---AddNewHO--smartFilterBar-btnBasicSearch","searchOpenDialogs":true,"interaction":{"idSuffix":"I"}},"wdio_ui5_key":"applicationmanagehandovers-display-component---AddNewHO--smartFilterBar-btnBasicSearch"}]}
RESULT: undefined
COMMAND: POST /session/8ec9a5a82762f7d66849db7cf3411cd3/execute/async - {"script":"<script> [776 bytes]","args":[{"enterText":"VU7PCR0BM_","selector":{"id":"application-managehandovers-display-component---AddNewHO--smartFilterBar-btnBasicSearch","searchOpenDialogs":true,"interaction":{"idSuffix":"I"}},"clearTextFirst":true,"interactionType":"ENTER_TEXT"}]}
RESULT: {}
RESULT: {"script":"<script> [776 bytes]","args":[{"enterText":"VU7PCR0BM_","selector":{"id":"application-managehandovers-display-component---AddNewHO--smartFilterBar-btnBasicSearch","searchOpenDialogs":true,"interaction":{"idSuffix":"I"}},"clearTextFirst":true,"interactionType":"ENTER_TEXT"}]}
COMMAND: POST /session/8ec9a5a82762f7d66849db7cf3411cd3/actions - {"actions":[{"id":"action3","type":"key","parameters":{},"actions":[{"type":"keyDown","value":""},{"type":"pause","duration":10},{"type":"keyUp","value":""}]}]}
RESULT: {"actions":[{"id":"action3","type":"key","parameters":{},"actions":[{"type":"keyDown","value":""},{"type":"pause","duration":10},{"type":"keyUp","value":""}]}]}
COMMAND: POST /session/8ec9a5a82762f7d66849db7cf3411cd3/execute/async - {"script":"<script> [1562 bytes]","args":[{"selector":{"id":"application-managehandovers-display-component---AddNewHO--popup-sa","searchOpenDialogs":true,"interaction":{"idSuffix":"CbBg"}},"wdio_ui5_key":"applicationmanagehandovers-display-component---AddNewHO--popup-sa"}]}
COMMAND: GET /session/8ec9a5a82762f7d66849db7cf3411cd3/screenshot - {}
RESULT: {"script":"<script> [1562 bytes]","args":[{"selector":{"id":"application-managehandovers-display-component---AddNewHO--popup-sa","searchOpenDialogs":true,"interaction":{"idSuffix":"CbBg"}},"wdio_ui5_key":"applicationmanagehandovers-display-component---AddNewHO--popup-sa"}]}
RESULT: undefined
COMMAND: POST /session/8ec9a5a82762f7d66849db7cf3411cd3/element - {"using":"xpath","value":"//*[@id=\"application-managehandovers-display-component---AddNewHO--popup-sa\"]"}
RESULT: {}
RESULT: {"using":"xpath","value":"//*[@id=\"application-managehandovers-display-component---AddNewHO--popup-sa\"]"}
COMMAND: POST /session/8ec9a5a82762f7d66849db7cf3411cd3/element/f.65A29F3FDC0D20C80C8CC99BA8EBED59.d.B4806465FD8689CC4BB4DBD51BFCE653.e.2267/click - {}
RESULT: {}
COMMAND: POST /session/8ec9a5a82762f7d66849db7cf3411cd3/execute/async - {"script":"<script> [1562 bytes]","args":[{"selector":{"controlType":"sap.m.Button","viewName":"etm.portal.ui.managehandovers.view.AddNewHO","viewId":"application-managehandovers-display-component---AddNewHO","i18NText":{"propertyName":"text","key":"select"},"searchOpenDialogs":true,"interaction":{"idSuffix":"BDI-content"}},"wdio_ui5_key":"etmportal.ui.managehandovers.view.AddNewHOsap.m.Button{\"propertyName\":\"text\",\"key\":\"select\"}"}]}
COMMAND: GET /session/8ec9a5a82762f7d66849db7cf3411cd3/screenshot - {}
RESULT: {"script":"<script> [1562 bytes]","args":[{"selector":{"controlType":"sap.m.Button","viewName":"etm.portal.ui.managehandovers.view.AddNewHO","viewId":"application-managehandovers-display-component---AddNewHO","i18NText":{"propertyName":"text","key":"select"},"searchOpenDialogs":true,"interaction":{"idSuffix":"BDI-content"}},"wdio_ui5_key":"etmportal.ui.managehandovers.view.AddNewHOsap.m.Button{\"propertyName\":\"text\",\"key\":\"select\"}"}]}
RESULT: undefined
COMMAND: POST /session/8ec9a5a82762f7d66849db7cf3411cd3/element - {"using":"xpath","value":"//*[@id=\"__button189\"]"}
RESULT: {}
RESULT: {"using":"xpath","value":"//*[@id=\"__button189\"]"}
COMMAND: POST /session/8ec9a5a82762f7d66849db7cf3411cd3/element/f.65A29F3FDC0D20C80C8CC99BA8EBED59.d.B4806465FD8689CC4BB4DBD51BFCE653.e.2269/click - {}
RESULT: {}
COMMAND: POST /session/8ec9a5a82762f7d66849db7cf3411cd3/execute/async - {"script":"<script> [1562 bytes]","args":[{"selector":{"id":"application-managehandovers-display-component---AddNewHO--confirmCreationButton","interaction":{"idSuffix":"BDI-content"}},"wdio_ui5_key":"applicationmanagehandovers-display-component---AddNewHO--confirmCreationButton"}]}
COMMAND: GET /session/8ec9a5a82762f7d66849db7cf3411cd3/screenshot - {}
RESULT: {"script":"<script> [1562 bytes]","args":[{"selector":{"id":"application-managehandovers-display-component---AddNewHO--confirmCreationButton","interaction":{"idSuffix":"BDI-content"}},"wdio_ui5_key":"applicationmanagehandovers-display-component---AddNewHO--confirmCreationButton"}]}
RESULT: undefined
COMMAND: POST /session/8ec9a5a82762f7d66849db7cf3411cd3/element - {"using":"xpath","value":"//*[@id=\"application-managehandovers-display-component---AddNewHO--confirmCreationButton\"]"}
RESULT: {}
RESULT: {"using":"xpath","value":"//*[@id=\"application-managehandovers-display-component---AddNewHO--confirmCreationButton\"]"}
COMMAND: POST /session/8ec9a5a82762f7d66849db7cf3411cd3/element/f.65A29F3FDC0D20C80C8CC99BA8EBED59.d.B4806465FD8689CC4BB4DBD51BFCE653.e.2284/click - {}
RESULT: {}
COMMAND: GET /session/8ec9a5a82762f7d66849db7cf3411cd3/screenshot - {}
COMMAND: POST /session/8ec9a5a82762f7d66849db7cf3411cd3/execute/async - {"script":"<script> [1562 bytes]","args":[{"selector":{"id":"receiptDatePicker","viewName":"etm.portal.ui.managehandovers.view.DetailExecuteHO","interaction":{"idSuffix":"inner"}},"wdio_ui5_key":"receiptDatePickeretmportal.ui.managehandovers.view.DetailExecuteHO"}]}
RESULT: {}
RESULT: {"script":"<script> [1562 bytes]","args":[{"selector":{"id":"receiptDatePicker","viewName":"etm.portal.ui.managehandovers.view.DetailExecuteHO","interaction":{"idSuffix":"inner"}},"wdio_ui5_key":"receiptDatePickeretmportal.ui.managehandovers.view.DetailExecuteHO"}]}
RESULT: undefined
COMMAND: POST /session/8ec9a5a82762f7d66849db7cf3411cd3/execute/async - {"script":"<script> [6424 bytes]","args":[{"element-6066-11e4-a52e-4f735466cecf":"f.65A29F3FDC0D20C80C8CC99BA8EBED59.d.B4806465FD8689CC4BB4DBD51BFCE653.e.2314"},"setValue",["05/24/25"]]}
RESULT: {"script":"<script> [6424 bytes]","args":[{"element-6066-11e4-a52e-4f735466cecf":"f.65A29F3FDC0D20C80C8CC99BA8EBED59.d.B4806465FD8689CC4BB4DBD51BFCE653.e.2314"},"setValue",["05/24/25"]]}
COMMAND: POST /session/8ec9a5a82762f7d66849db7cf3411cd3/element - {"using":"xpath","value":"//button[@data-kt=\"ReceivingTableConfirmAllButton\"]"}
RESULT: {"using":"xpath","value":"//button[@data-kt=\"ReceivingTableConfirmAllButton\"]"}
COMMAND: POST /session/8ec9a5a82762f7d66849db7cf3411cd3/element/f.65A29F3FDC0D20C80C8CC99BA8EBED59.d.B4806465FD8689CC4BB4DBD51BFCE653.e.2336/click - {}
RESULT: {}
COMMAND: GET /session/8ec9a5a82762f7d66849db7cf3411cd3/screenshot - {}
RESULT: {}
COMMAND: POST /session/8ec9a5a82762f7d66849db7cf3411cd3/element - {"using":"xpath","value":"//bdi[contains(text(), \"OK\")]"}
RESULT: {"using":"xpath","value":"//bdi[contains(text(), \"OK\")]"}
COMMAND: POST /session/8ec9a5a82762f7d66849db7cf3411cd3/element/f.65A29F3FDC0D20C80C8CC99BA8EBED59.d.B4806465FD8689CC4BB4DBD51BFCE653.e.2338/click - {}
RESULT: {}
COMMAND: GET /session/8ec9a5a82762f7d66849db7cf3411cd3/screenshot - {}
RESULT: {}
COMMAND: POST /session/8ec9a5a82762f7d66849db7cf3411cd3/execute/async - {"script":"<script> [1562 bytes]","args":[{"selector":{"id":"confirmationButton","viewName":"etm.portal.ui.managehandovers.view.DetailExecuteHO","interaction":{"idSuffix":"BDI-content"}},"wdio_ui5_key":"confirmationButtonetmportal.ui.managehandovers.view.DetailExecuteHO"}]}
RESULT: {"script":"<script> [1562 bytes]","args":[{"selector":{"id":"confirmationButton","viewName":"etm.portal.ui.managehandovers.view.DetailExecuteHO","interaction":{"idSuffix":"BDI-content"}},"wdio_ui5_key":"confirmationButtonetmportal.ui.managehandovers.view.DetailExecuteHO"}]}
RESULT: undefined
COMMAND: POST /session/8ec9a5a82762f7d66849db7cf3411cd3/element - {"using":"xpath","value":"(//bdi[contains(text(), \"Receive\")])[2]"}
RESULT: {"using":"xpath","value":"(//bdi[contains(text(), \"Receive\")])[2]"}
COMMAND: POST /session/8ec9a5a82762f7d66849db7cf3411cd3/element/f.65A29F3FDC0D20C80C8CC99BA8EBED59.d.B4806465FD8689CC4BB4DBD51BFCE653.e.2340/click - {}
RESULT: {}
COMMAND: GET /session/8ec9a5a82762f7d66849db7cf3411cd3/screenshot - {}
RESULT: {}
COMMAND: POST /session/8ec9a5a82762f7d66849db7cf3411cd3/element - {"using":"css selector","value":"#shell-header-logo"}
RESULT: {"using":"css selector","value":"#shell-header-logo"}
COMMAND: POST /session/8ec9a5a82762f7d66849db7cf3411cd3/element/f.65A29F3FDC0D20C80C8CC99BA8EBED59.d.B4806465FD8689CC4BB4DBD51BFCE653.e.1700/click - {}
RESULT: {}
COMMAND: GET /session/8ec9a5a82762f7d66849db7cf3411cd3/screenshot - {}
RESULT: {}
]]></system-out>
    </testcase>
    <testcase classname="chrome.136_0_7103_93.windows.Bill_of_Resources_tests_for_bundle_creation_&amp;_replenishment_US131067_US131070" name="Should create a new bundle with the 2 RUs using onto first one US131067" time="58.239">
      <system-out><![CDATA[
COMMAND: POST /session/8ec9a5a82762f7d66849db7cf3411cd3/execute/async - {"script":"<script> [1562 bytes]","args":[{"selector":{"controlType":"sap.m.GenericTile","properties":{"header":"Bill Of Resources"}},"wdio_ui5_key":"sapm.GenericTile{\"header\":\"Bill Of Resources\"}"}]}
RESULT: {"script":"<script> [1562 bytes]","args":[{"selector":{"controlType":"sap.m.GenericTile","properties":{"header":"Bill Of Resources"}},"wdio_ui5_key":"sapm.GenericTile{\"header\":\"Bill Of Resources\"}"}]}
RESULT: undefined
COMMAND: POST /session/8ec9a5a82762f7d66849db7cf3411cd3/element - {"using":"xpath","value":"//*[@id=\"__tile34\"]"}
RESULT: {"using":"xpath","value":"//*[@id=\"__tile34\"]"}
COMMAND: POST /session/8ec9a5a82762f7d66849db7cf3411cd3/element/f.65A29F3FDC0D20C80C8CC99BA8EBED59.d.B4806465FD8689CC4BB4DBD51BFCE653.e.185/click - {}
RESULT: {}
COMMAND: GET /session/8ec9a5a82762f7d66849db7cf3411cd3/screenshot - {}
RESULT: {}
COMMAND: POST /session/8ec9a5a82762f7d66849db7cf3411cd3/elements - {"using":"xpath","value":"//span[text()='Error']"}
RESULT: {"using":"xpath","value":"//span[text()='Error']"}
COMMAND: POST /session/8ec9a5a82762f7d66849db7cf3411cd3/element - {"using":"xpath","value":"//button[@data-kt=\"addBorMasterButton\"]"}
RESULT: {"using":"xpath","value":"//button[@data-kt=\"addBorMasterButton\"]"}
COMMAND: POST /session/8ec9a5a82762f7d66849db7cf3411cd3/elements - {"using":"xpath","value":"//button[@data-kt=\"addBorMasterButton\"]"}
RESULT: {"using":"xpath","value":"//button[@data-kt=\"addBorMasterButton\"]"}
COMMAND: POST /session/8ec9a5a82762f7d66849db7cf3411cd3/execute/sync - {"script":"<script> [8489 bytes]","args":[{"element-6066-11e4-a52e-4f735466cecf":"f.65A29F3FDC0D20C80C8CC99BA8EBED59.d.B4806465FD8689CC4BB4DBD51BFCE653.e.2561","ELEMENT":"f.65A29F3FDC0D20C80C8CC99BA8EBED59.d.B4806465FD8689CC4BB4DBD51BFCE653.e.2561"}]}
RESULT: {"script":"<script> [8489 bytes]","args":[{"element-6066-11e4-a52e-4f735466cecf":"f.65A29F3FDC0D20C80C8CC99BA8EBED59.d.B4806465FD8689CC4BB4DBD51BFCE653.e.2561","ELEMENT":"f.65A29F3FDC0D20C80C8CC99BA8EBED59.d.B4806465FD8689CC4BB4DBD51BFCE653.e.2561"}]}
COMMAND: GET /session/8ec9a5a82762f7d66849db7cf3411cd3/element/f.65A29F3FDC0D20C80C8CC99BA8EBED59.d.B4806465FD8689CC4BB4DBD51BFCE653.e.2561/enabled - {}
COMMAND: GET /session/8ec9a5a82762f7d66849db7cf3411cd3/screenshot - {}
RESULT: {}
COMMAND: POST /session/8ec9a5a82762f7d66849db7cf3411cd3/execute/sync - {"script":"<script> [8489 bytes]","args":[{"element-6066-11e4-a52e-4f735466cecf":"f.65A29F3FDC0D20C80C8CC99BA8EBED59.d.B4806465FD8689CC4BB4DBD51BFCE653.e.2561","ELEMENT":"f.65A29F3FDC0D20C80C8CC99BA8EBED59.d.B4806465FD8689CC4BB4DBD51BFCE653.e.2561"}]}
COMMAND: GET /session/8ec9a5a82762f7d66849db7cf3411cd3/screenshot - {}
RESULT: {}
RESULT: {"script":"<script> [8489 bytes]","args":[{"element-6066-11e4-a52e-4f735466cecf":"f.65A29F3FDC0D20C80C8CC99BA8EBED59.d.B4806465FD8689CC4BB4DBD51BFCE653.e.2561","ELEMENT":"f.65A29F3FDC0D20C80C8CC99BA8EBED59.d.B4806465FD8689CC4BB4DBD51BFCE653.e.2561"}]}
COMMAND: POST /session/8ec9a5a82762f7d66849db7cf3411cd3/execute/sync - {"script":"<script> [5351 bytes]","args":[{"element-6066-11e4-a52e-4f735466cecf":"f.65A29F3FDC0D20C80C8CC99BA8EBED59.d.B4806465FD8689CC4BB4DBD51BFCE653.e.2561","ELEMENT":"f.65A29F3FDC0D20C80C8CC99BA8EBED59.d.B4806465FD8689CC4BB4DBD51BFCE653.e.2561"}]}
COMMAND: GET /session/8ec9a5a82762f7d66849db7cf3411cd3/screenshot - {}
RESULT: {}
RESULT: {"script":"<script> [5351 bytes]","args":[{"element-6066-11e4-a52e-4f735466cecf":"f.65A29F3FDC0D20C80C8CC99BA8EBED59.d.B4806465FD8689CC4BB4DBD51BFCE653.e.2561","ELEMENT":"f.65A29F3FDC0D20C80C8CC99BA8EBED59.d.B4806465FD8689CC4BB4DBD51BFCE653.e.2561"}]}
COMMAND: POST /session/8ec9a5a82762f7d66849db7cf3411cd3/element/f.65A29F3FDC0D20C80C8CC99BA8EBED59.d.B4806465FD8689CC4BB4DBD51BFCE653.e.2561/click - {}
COMMAND: GET /session/8ec9a5a82762f7d66849db7cf3411cd3/screenshot - {}
RESULT: {}
RESULT: {}
COMMAND: GET /session/8ec9a5a82762f7d66849db7cf3411cd3/screenshot - {}
RESULT: {}
COMMAND: POST /session/8ec9a5a82762f7d66849db7cf3411cd3/execute/async - {"script":"<script> [1562 bytes]","args":[{"selector":{"id":"application-billofresources-display-component---newBoR--typeSelect","interaction":{"idSuffix":"arrow"}},"wdio_ui5_key":"applicationbillofresources-display-component---newBoR--typeSelect"}]}
RESULT: {}
RESULT: {"script":"<script> [1562 bytes]","args":[{"selector":{"id":"application-billofresources-display-component---newBoR--typeSelect","interaction":{"idSuffix":"arrow"}},"wdio_ui5_key":"applicationbillofresources-display-component---newBoR--typeSelect"}]}
RESULT: undefined
COMMAND: POST /session/8ec9a5a82762f7d66849db7cf3411cd3/element - {"using":"xpath","value":"//*[@id=\"application-billofresources-display-component---newBoR--typeSelect\"]"}
RESULT: {"using":"xpath","value":"//*[@id=\"application-billofresources-display-component---newBoR--typeSelect\"]"}
COMMAND: POST /session/8ec9a5a82762f7d66849db7cf3411cd3/element/f.65A29F3FDC0D20C80C8CC99BA8EBED59.d.B4806465FD8689CC4BB4DBD51BFCE653.e.2605/click - {}
RESULT: {}
COMMAND: POST /session/8ec9a5a82762f7d66849db7cf3411cd3/execute/async - {"script":"<script> [1562 bytes]","args":[{"selector":{"controlType":"sap.ui.core.Item","viewName":"etm.portal.ui.billofresources.view.NewBoR","viewId":"application-billofresources-display-component---newBoR","bindingPath":{"path":"/BoRHeaderTypes('50')","propertyPath":"TYPE","modelName":"catalogModel"},"searchOpenDialogs":true},"wdio_ui5_key":"etmportal.ui.billofresources.view.NewBoRsap.ui.core.Item{\"path\":\"/BoRHeaderTypes('50')\",\"propertyPath\":\"TYPE\",\"modelName\":\"catalogModel\"}"}]}
COMMAND: GET /session/8ec9a5a82762f7d66849db7cf3411cd3/screenshot - {}
RESULT: {"script":"<script> [1562 bytes]","args":[{"selector":{"controlType":"sap.ui.core.Item","viewName":"etm.portal.ui.billofresources.view.NewBoR","viewId":"application-billofresources-display-component---newBoR","bindingPath":{"path":"/BoRHeaderTypes('50')","propertyPath":"TYPE","modelName":"catalogModel"},"searchOpenDialogs":true},"wdio_ui5_key":"etmportal.ui.billofresources.view.NewBoRsap.ui.core.Item{\"path\":\"/BoRHeaderTypes('50')\",\"propertyPath\":\"TYPE\",\"modelName\":\"catalogModel\"}"}]}
RESULT: undefined
COMMAND: POST /session/8ec9a5a82762f7d66849db7cf3411cd3/element - {"using":"xpath","value":"//*[@id=\"__item1264-application-billofresources-display-component---newBoR--typeSelect-4\"]"}
RESULT: {}
RESULT: {"using":"xpath","value":"//*[@id=\"__item1264-application-billofresources-display-component---newBoR--typeSelect-4\"]"}
COMMAND: POST /session/8ec9a5a82762f7d66849db7cf3411cd3/element/f.65A29F3FDC0D20C80C8CC99BA8EBED59.d.B4806465FD8689CC4BB4DBD51BFCE653.e.2817/click - {}
RESULT: {}
COMMAND: POST /session/8ec9a5a82762f7d66849db7cf3411cd3/execute/async - {"script":"<script> [1562 bytes]","args":[{"selector":{"id":"application-billofresources-display-component---newBoR--headerRUInput-vhi"},"wdio_ui5_key":"applicationbillofresources-display-component---newBoR--headerRUInput-vhi"}]}
COMMAND: GET /session/8ec9a5a82762f7d66849db7cf3411cd3/screenshot - {}
RESULT: {"script":"<script> [1562 bytes]","args":[{"selector":{"id":"application-billofresources-display-component---newBoR--headerRUInput-vhi"},"wdio_ui5_key":"applicationbillofresources-display-component---newBoR--headerRUInput-vhi"}]}
RESULT: undefined
COMMAND: POST /session/8ec9a5a82762f7d66849db7cf3411cd3/element - {"using":"xpath","value":"//*[@id=\"application-billofresources-display-component---newBoR--headerRUInput-vhi\"]"}
RESULT: {}
RESULT: {"using":"xpath","value":"//*[@id=\"application-billofresources-display-component---newBoR--headerRUInput-vhi\"]"}
COMMAND: POST /session/8ec9a5a82762f7d66849db7cf3411cd3/element/f.65A29F3FDC0D20C80C8CC99BA8EBED59.d.B4806465FD8689CC4BB4DBD51BFCE653.e.2876/click - {}
RESULT: {}
COMMAND: POST /session/8ec9a5a82762f7d66849db7cf3411cd3/execute/async - {"script":"<script> [1562 bytes]","args":[{"selector":{"id":"application-billofresources-display-component---newBoR--ruDialogSearchField","searchOpenDialogs":true,"interaction":{"idSuffix":"I"}},"wdio_ui5_key":"applicationbillofresources-display-component---newBoR--ruDialogSearchField"}]}
COMMAND: GET /session/8ec9a5a82762f7d66849db7cf3411cd3/screenshot - {}
RESULT: {"script":"<script> [1562 bytes]","args":[{"selector":{"id":"application-billofresources-display-component---newBoR--ruDialogSearchField","searchOpenDialogs":true,"interaction":{"idSuffix":"I"}},"wdio_ui5_key":"applicationbillofresources-display-component---newBoR--ruDialogSearchField"}]}
RESULT: undefined
COMMAND: POST /session/8ec9a5a82762f7d66849db7cf3411cd3/execute/async - {"script":"<script> [6424 bytes]","args":[{"element-6066-11e4-a52e-4f735466cecf":"f.65A29F3FDC0D20C80C8CC99BA8EBED59.d.B4806465FD8689CC4BB4DBD51BFCE653.e.2878"},"setValue",["VU7PCR0BM_1"]]}
RESULT: {}
RESULT: {"script":"<script> [6424 bytes]","args":[{"element-6066-11e4-a52e-4f735466cecf":"f.65A29F3FDC0D20C80C8CC99BA8EBED59.d.B4806465FD8689CC4BB4DBD51BFCE653.e.2878"},"setValue",["VU7PCR0BM_1"]]}
COMMAND: POST /session/8ec9a5a82762f7d66849db7cf3411cd3/element - {"using":"xpath","value":"//div[@id=\"application-billofresources-display-component---newBoR--ruDialogSearchField-search\"]"}
RESULT: {"using":"xpath","value":"//div[@id=\"application-billofresources-display-component---newBoR--ruDialogSearchField-search\"]"}
COMMAND: POST /session/8ec9a5a82762f7d66849db7cf3411cd3/element/f.65A29F3FDC0D20C80C8CC99BA8EBED59.d.B4806465FD8689CC4BB4DBD51BFCE653.e.2895/click - {}
RESULT: {}
COMMAND: GET /session/8ec9a5a82762f7d66849db7cf3411cd3/screenshot - {}
RESULT: {}
COMMAND: POST /session/8ec9a5a82762f7d66849db7cf3411cd3/execute/async - {"script":"<script> [1562 bytes]","args":[{"selector":{"controlType":"sap.m.Text","viewName":"etm.portal.ui.billofresources.view.NewBoR","viewId":"application-billofresources-display-component---newBoR","bindingPath":{"propertyPath":"YARD_ADMIN_ID","modelName":"catalogModel"},"searchOpenDialogs":true},"wdio_ui5_key":"etmportal.ui.billofresources.view.NewBoRsap.m.Text{\"propertyPath\":\"YARD_ADMIN_ID\",\"modelName\":\"catalogModel\"}"}]}
RESULT: {"script":"<script> [1562 bytes]","args":[{"selector":{"controlType":"sap.m.Text","viewName":"etm.portal.ui.billofresources.view.NewBoR","viewId":"application-billofresources-display-component---newBoR","bindingPath":{"propertyPath":"YARD_ADMIN_ID","modelName":"catalogModel"},"searchOpenDialogs":true},"wdio_ui5_key":"etmportal.ui.billofresources.view.NewBoRsap.m.Text{\"propertyPath\":\"YARD_ADMIN_ID\",\"modelName\":\"catalogModel\"}"}]}
RESULT: undefined
COMMAND: POST /session/8ec9a5a82762f7d66849db7cf3411cd3/element - {"using":"xpath","value":"//*[@id=\"__text2096\"]"}
RESULT: {"using":"xpath","value":"//*[@id=\"__text2096\"]"}
COMMAND: POST /session/8ec9a5a82762f7d66849db7cf3411cd3/element/f.65A29F3FDC0D20C80C8CC99BA8EBED59.d.B4806465FD8689CC4BB4DBD51BFCE653.e.2899/click - {}
RESULT: {}
COMMAND: POST /session/8ec9a5a82762f7d66849db7cf3411cd3/execute/async - {"script":"<script> [1562 bytes]","args":[{"selector":{"controlType":"sap.m.Button","viewName":"etm.portal.ui.billofresources.view.NewBoR","viewId":"application-billofresources-display-component---newBoR","i18NText":{"propertyName":"text","key":"ok"},"searchOpenDialogs":true,"interaction":{"idSuffix":"BDI-content"}},"wdio_ui5_key":"etmportal.ui.billofresources.view.NewBoRsap.m.Button{\"propertyName\":\"text\",\"key\":\"ok\"}"}]}
COMMAND: GET /session/8ec9a5a82762f7d66849db7cf3411cd3/screenshot - {}
RESULT: {"script":"<script> [1562 bytes]","args":[{"selector":{"controlType":"sap.m.Button","viewName":"etm.portal.ui.billofresources.view.NewBoR","viewId":"application-billofresources-display-component---newBoR","i18NText":{"propertyName":"text","key":"ok"},"searchOpenDialogs":true,"interaction":{"idSuffix":"BDI-content"}},"wdio_ui5_key":"etmportal.ui.billofresources.view.NewBoRsap.m.Button{\"propertyName\":\"text\",\"key\":\"ok\"}"}]}
RESULT: undefined
COMMAND: POST /session/8ec9a5a82762f7d66849db7cf3411cd3/element - {"using":"xpath","value":"//*[@id=\"__button260\"]"}
RESULT: {}
RESULT: {"using":"xpath","value":"//*[@id=\"__button260\"]"}
COMMAND: POST /session/8ec9a5a82762f7d66849db7cf3411cd3/element/f.65A29F3FDC0D20C80C8CC99BA8EBED59.d.B4806465FD8689CC4BB4DBD51BFCE653.e.2902/click - {}
RESULT: {}
COMMAND: GET /session/8ec9a5a82762f7d66849db7cf3411cd3/screenshot - {}
RESULT: {}
COMMAND: POST /session/8ec9a5a82762f7d66849db7cf3411cd3/execute/async - {"script":"<script> [1562 bytes]","args":[{"selector":{"id":"application-billofresources-display-component---newBoR--borDescInput","interaction":{"idSuffix":"inner"}},"wdio_ui5_key":"applicationbillofresources-display-component---newBoR--borDescInput"}]}
RESULT: {"script":"<script> [1562 bytes]","args":[{"selector":{"id":"application-billofresources-display-component---newBoR--borDescInput","interaction":{"idSuffix":"inner"}},"wdio_ui5_key":"applicationbillofresources-display-component---newBoR--borDescInput"}]}
RESULT: undefined
COMMAND: POST /session/8ec9a5a82762f7d66849db7cf3411cd3/execute/async - {"script":"<script> [776 bytes]","args":[{"enterText":"VU7PCR0BM_1","selector":{"id":"application-billofresources-display-component---newBoR--borDescInput","interaction":{"idSuffix":"inner"}},"clearTextFirst":true,"interactionType":"ENTER_TEXT"}]}
RESULT: {"script":"<script> [776 bytes]","args":[{"enterText":"VU7PCR0BM_1","selector":{"id":"application-billofresources-display-component---newBoR--borDescInput","interaction":{"idSuffix":"inner"}},"clearTextFirst":true,"interactionType":"ENTER_TEXT"}]}
COMMAND: POST /session/8ec9a5a82762f7d66849db7cf3411cd3/execute/async - {"script":"<script> [1562 bytes]","args":[{"selector":{"controlType":"sap.ui.core.Icon","viewName":"etm.portal.ui.billofresources.view.NewBoR","viewId":"application-billofresources-display-component---newBoR","properties":{"src":{"regex":{"source":"add"}}},"ancestor":{"controlType":"sap.m.Button","viewName":"etm.portal.ui.billofresources.view.NewBoR","viewId":"application-billofresources-display-component---newBoR","bindingPath":{"path":"","propertyPath":"/isSelectionGroup","modelName":"tableConfig"}}},"wdio_ui5_key":"etmportal.ui.billofresources.view.NewBoRsap.ui.core.Icon{\"src\":{\"regex\":{\"source\":\"add\"}}}{\"controlType\":\"sap.m.Button\",\"viewName\":\"etm.portal.ui.billofresources.view.NewBoR\",\"viewId\":\"application-billofresources-display-component---newBoR\",\"bindingPath\":{\"path\":\"\",\"propertyPath\":\"/isSelectionGroup\",\"modelName\":\"tableConfig\"}}"}]}
RESULT: {"script":"<script> [1562 bytes]","args":[{"selector":{"controlType":"sap.ui.core.Icon","viewName":"etm.portal.ui.billofresources.view.NewBoR","viewId":"application-billofresources-display-component---newBoR","properties":{"src":{"regex":{"source":"add"}}},"ancestor":{"controlType":"sap.m.Button","viewName":"etm.portal.ui.billofresources.view.NewBoR","viewId":"application-billofresources-display-component---newBoR","bindingPath":{"path":"","propertyPath":"/isSelectionGroup","modelName":"tableConfig"}}},"wdio_ui5_key":"etmportal.ui.billofresources.view.NewBoRsap.ui.core.Icon{\"src\":{\"regex\":{\"source\":\"add\"}}}{\"controlType\":\"sap.m.Button\",\"viewName\":\"etm.portal.ui.billofresources.view.NewBoR\",\"viewId\":\"application-billofresources-display-component---newBoR\",\"bindingPath\":{\"path\":\"\",\"propertyPath\":\"/isSelectionGroup\",\"modelName\":\"tableConfig\"}}"}]}
RESULT: undefined
COMMAND: POST /session/8ec9a5a82762f7d66849db7cf3411cd3/element - {"using":"xpath","value":"//*[@id=\"__button244-img\"]"}
RESULT: {"using":"xpath","value":"//*[@id=\"__button244-img\"]"}
COMMAND: POST /session/8ec9a5a82762f7d66849db7cf3411cd3/element/f.65A29F3FDC0D20C80C8CC99BA8EBED59.d.B4806465FD8689CC4BB4DBD51BFCE653.e.2914/click - {}
RESULT: {}
COMMAND: POST /session/8ec9a5a82762f7d66849db7cf3411cd3/execute/async - {"script":"<script> [1562 bytes]","args":[{"selector":{"controlType":"sap.m.Input","viewName":"etm.portal.ui.billofresources.view.NewBoR","viewId":"application-billofresources-display-component---newBoR","bindingPath":{"path":"/ITEMS/0","propertyPath":"ITEM","modelName":"BoRModel"},"interaction":{"idSuffix":"inner"}},"wdio_ui5_key":"etmportal.ui.billofresources.view.NewBoRsap.m.Input{\"path\":\"/ITEMS/0\",\"propertyPath\":\"ITEM\",\"modelName\":\"BoRModel\"}"}]}
COMMAND: GET /session/8ec9a5a82762f7d66849db7cf3411cd3/screenshot - {}
RESULT: {"script":"<script> [1562 bytes]","args":[{"selector":{"controlType":"sap.m.Input","viewName":"etm.portal.ui.billofresources.view.NewBoR","viewId":"application-billofresources-display-component---newBoR","bindingPath":{"path":"/ITEMS/0","propertyPath":"ITEM","modelName":"BoRModel"},"interaction":{"idSuffix":"inner"}},"wdio_ui5_key":"etmportal.ui.billofresources.view.NewBoRsap.m.Input{\"path\":\"/ITEMS/0\",\"propertyPath\":\"ITEM\",\"modelName\":\"BoRModel\"}"}]}
RESULT: undefined
COMMAND: POST /session/8ec9a5a82762f7d66849db7cf3411cd3/execute/async - {"script":"<script> [776 bytes]","args":[{"enterText":"10","selector":{"controlType":"sap.m.Input","viewName":"etm.portal.ui.billofresources.view.NewBoR","viewId":"application-billofresources-display-component---newBoR","bindingPath":{"path":"/ITEMS/0","propertyPath":"ITEM","modelName":"BoRModel"},"interaction":{"idSuffix":"inner"}},"clearTextFirst":true,"interactionType":"ENTER_TEXT"}]}
RESULT: {}
RESULT: {"script":"<script> [776 bytes]","args":[{"enterText":"10","selector":{"controlType":"sap.m.Input","viewName":"etm.portal.ui.billofresources.view.NewBoR","viewId":"application-billofresources-display-component---newBoR","bindingPath":{"path":"/ITEMS/0","propertyPath":"ITEM","modelName":"BoRModel"},"interaction":{"idSuffix":"inner"}},"clearTextFirst":true,"interactionType":"ENTER_TEXT"}]}
COMMAND: POST /session/8ec9a5a82762f7d66849db7cf3411cd3/element - {"using":"xpath","value":"//input[@aria-labelledby=\"application-billofresources-display-component---newBoR--itemRUComboBoxCol\"][1]"}
RESULT: {"using":"xpath","value":"//input[@aria-labelledby=\"application-billofresources-display-component---newBoR--itemRUComboBoxCol\"][1]"}
COMMAND: POST /session/8ec9a5a82762f7d66849db7cf3411cd3/element/f.65A29F3FDC0D20C80C8CC99BA8EBED59.d.B4806465FD8689CC4BB4DBD51BFCE653.e.2903/clear - {}
RESULT: {}
COMMAND: POST /session/8ec9a5a82762f7d66849db7cf3411cd3/element/f.65A29F3FDC0D20C80C8CC99BA8EBED59.d.B4806465FD8689CC4BB4DBD51BFCE653.e.2903/value - {"text":"VU7PCR0BM_2"}
COMMAND: GET /session/8ec9a5a82762f7d66849db7cf3411cd3/screenshot - {}
RESULT: {"text":"VU7PCR0BM_2"}
COMMAND: GET /session/8ec9a5a82762f7d66849db7cf3411cd3/screenshot - {}
RESULT: {}
RESULT: {}
COMMAND: POST /session/8ec9a5a82762f7d66849db7cf3411cd3/actions - {"actions":[{"id":"action4","type":"key","parameters":{},"actions":[{"type":"keyDown","value":""},{"type":"pause","duration":10},{"type":"keyUp","value":""}]}]}
RESULT: {"actions":[{"id":"action4","type":"key","parameters":{},"actions":[{"type":"keyDown","value":""},{"type":"pause","duration":10},{"type":"keyUp","value":""}]}]}
COMMAND: POST /session/8ec9a5a82762f7d66849db7cf3411cd3/execute/async - {"script":"<script> [1562 bytes]","args":[{"selector":{"controlType":"sap.m.Button","viewName":"etm.portal.ui.billofresources.view.NewBoR","viewId":"application-billofresources-display-component---newBoR","i18NText":{"propertyName":"text","key":"save"},"interaction":{"idSuffix":"BDI-content"}},"wdio_ui5_key":"etmportal.ui.billofresources.view.NewBoRsap.m.Button{\"propertyName\":\"text\",\"key\":\"save\"}"}]}
COMMAND: GET /session/8ec9a5a82762f7d66849db7cf3411cd3/screenshot - {}
RESULT: {"script":"<script> [1562 bytes]","args":[{"selector":{"controlType":"sap.m.Button","viewName":"etm.portal.ui.billofresources.view.NewBoR","viewId":"application-billofresources-display-component---newBoR","i18NText":{"propertyName":"text","key":"save"},"interaction":{"idSuffix":"BDI-content"}},"wdio_ui5_key":"etmportal.ui.billofresources.view.NewBoRsap.m.Button{\"propertyName\":\"text\",\"key\":\"save\"}"}]}
RESULT: undefined
COMMAND: POST /session/8ec9a5a82762f7d66849db7cf3411cd3/element - {"using":"xpath","value":"//*[@id=\"__button250\"]"}
RESULT: {}
RESULT: {"using":"xpath","value":"//*[@id=\"__button250\"]"}
COMMAND: POST /session/8ec9a5a82762f7d66849db7cf3411cd3/element/f.65A29F3FDC0D20C80C8CC99BA8EBED59.d.B4806465FD8689CC4BB4DBD51BFCE653.e.2795/click - {}
RESULT: {}
COMMAND: GET /session/8ec9a5a82762f7d66849db7cf3411cd3/screenshot - {}
RESULT: {}
COMMAND: POST /session/8ec9a5a82762f7d66849db7cf3411cd3/execute/async - {"script":"<script> [1562 bytes]","args":[{"selector":{"controlType":"sap.m.Text","viewName":"etm.portal.ui.billofresources.view.DetailBoR","viewId":"application-billofresources-display-component---detailBoR","bindingPath":{"propertyPath":"LINK_TO_RESOURCE_UNITS/LINK_TO_RU_STATE/STATE_DESCR","modelName":"catalogModel"}},"wdio_ui5_key":"etmportal.ui.billofresources.view.DetailBoRsap.m.Text{\"propertyPath\":\"LINK_TO_RESOURCE_UNITS/LINK_TO_RU_STATE/STATE_DESCR\",\"modelName\":\"catalogModel\"}"}]}
RESULT: {"script":"<script> [1562 bytes]","args":[{"selector":{"controlType":"sap.m.Text","viewName":"etm.portal.ui.billofresources.view.DetailBoR","viewId":"application-billofresources-display-component---detailBoR","bindingPath":{"propertyPath":"LINK_TO_RESOURCE_UNITS/LINK_TO_RU_STATE/STATE_DESCR","modelName":"catalogModel"}},"wdio_ui5_key":"etmportal.ui.billofresources.view.DetailBoRsap.m.Text{\"propertyPath\":\"LINK_TO_RESOURCE_UNITS/LINK_TO_RU_STATE/STATE_DESCR\",\"modelName\":\"catalogModel\"}"}]}
RESULT: undefined
COMMAND: POST /session/8ec9a5a82762f7d66849db7cf3411cd3/execute/async - {"script":"<script> [6424 bytes]","args":[{"element-6066-11e4-a52e-4f735466cecf":"f.65A29F3FDC0D20C80C8CC99BA8EBED59.d.B4806465FD8689CC4BB4DBD51BFCE653.e.3203"},"getText",[]]}
RESULT: {"script":"<script> [6424 bytes]","args":[{"element-6066-11e4-a52e-4f735466cecf":"f.65A29F3FDC0D20C80C8CC99BA8EBED59.d.B4806465FD8689CC4BB4DBD51BFCE653.e.3203"},"getText",[]]}
]]></system-out>
    </testcase>
    <testcase classname="chrome.136_0_7103_93.windows.Bill_of_Resources_tests_for_bundle_creation_&amp;_replenishment_US131067_US131070" name="Should create replenishment handover from BOR US131070" time="68.071">
      <system-out><![CDATA[
COMMAND: POST /session/8ec9a5a82762f7d66849db7cf3411cd3/execute/async - {"script":"<script> [1562 bytes]","args":[{"selector":{"controlType":"sap.m.Button","viewName":"etm.portal.ui.billofresources.view.DetailBoR","viewId":"application-billofresources-display-component---detailBoR","i18NText":{"propertyName":"text","key":"replenish"},"interaction":{"idSuffix":"BDI-content"}},"wdio_ui5_key":"etmportal.ui.billofresources.view.DetailBoRsap.m.Button{\"propertyName\":\"text\",\"key\":\"replenish\"}"}]}
RESULT: {"script":"<script> [1562 bytes]","args":[{"selector":{"controlType":"sap.m.Button","viewName":"etm.portal.ui.billofresources.view.DetailBoR","viewId":"application-billofresources-display-component---detailBoR","i18NText":{"propertyName":"text","key":"replenish"},"interaction":{"idSuffix":"BDI-content"}},"wdio_ui5_key":"etmportal.ui.billofresources.view.DetailBoRsap.m.Button{\"propertyName\":\"text\",\"key\":\"replenish\"}"}]}
RESULT: undefined
COMMAND: POST /session/8ec9a5a82762f7d66849db7cf3411cd3/element - {"using":"xpath","value":"//*[@id=\"__button264\"]"}
RESULT: {"using":"xpath","value":"//*[@id=\"__button264\"]"}
COMMAND: POST /session/8ec9a5a82762f7d66849db7cf3411cd3/element/f.65A29F3FDC0D20C80C8CC99BA8EBED59.d.B4806465FD8689CC4BB4DBD51BFCE653.e.3205/click - {}
RESULT: {}
COMMAND: GET /session/8ec9a5a82762f7d66849db7cf3411cd3/screenshot - {}
RESULT: {}
COMMAND: POST /session/8ec9a5a82762f7d66849db7cf3411cd3/execute/async - {"script":"<script> [1562 bytes]","args":[{"selector":{"controlType":"sap.m.Button","viewName":"etm.portal.ui.billofresources.view.DetailBoR","viewId":"application-billofresources-display-component---detailBoR","i18NText":{"propertyName":"text","key":"execute"},"interaction":{"idSuffix":"BDI-content"}},"wdio_ui5_key":"etmportal.ui.billofresources.view.DetailBoRsap.m.Button{\"propertyName\":\"text\",\"key\":\"execute\"}"}]}
RESULT: {"script":"<script> [1562 bytes]","args":[{"selector":{"controlType":"sap.m.Button","viewName":"etm.portal.ui.billofresources.view.DetailBoR","viewId":"application-billofresources-display-component---detailBoR","i18NText":{"propertyName":"text","key":"execute"},"interaction":{"idSuffix":"BDI-content"}},"wdio_ui5_key":"etmportal.ui.billofresources.view.DetailBoRsap.m.Button{\"propertyName\":\"text\",\"key\":\"execute\"}"}]}
RESULT: undefined
COMMAND: POST /session/8ec9a5a82762f7d66849db7cf3411cd3/element - {"using":"xpath","value":"//*[@id=\"__button280\"]"}
RESULT: {"using":"xpath","value":"//*[@id=\"__button280\"]"}
COMMAND: POST /session/8ec9a5a82762f7d66849db7cf3411cd3/element/f.65A29F3FDC0D20C80C8CC99BA8EBED59.d.B4806465FD8689CC4BB4DBD51BFCE653.e.3224/click - {}
RESULT: {}
COMMAND: GET /session/8ec9a5a82762f7d66849db7cf3411cd3/screenshot - {}
RESULT: {}
COMMAND: POST /session/8ec9a5a82762f7d66849db7cf3411cd3/execute/async - {"script":"<script> [1562 bytes]","args":[{"selector":{"controlType":"sap.m.Text","viewName":"etm.portal.ui.managehandovers.view.DetailExecuteHO","bindingPath":{"path":"","propertyPath":"NO","modelName":"catalogModel"}},"wdio_ui5_key":"etmportal.ui.managehandovers.view.DetailExecuteHOsap.m.Text{\"path\":\"\",\"propertyPath\":\"NO\",\"modelName\":\"catalogModel\"}"}]}
RESULT: {"script":"<script> [1562 bytes]","args":[{"selector":{"controlType":"sap.m.Text","viewName":"etm.portal.ui.managehandovers.view.DetailExecuteHO","bindingPath":{"path":"","propertyPath":"NO","modelName":"catalogModel"}},"wdio_ui5_key":"etmportal.ui.managehandovers.view.DetailExecuteHOsap.m.Text{\"path\":\"\",\"propertyPath\":\"NO\",\"modelName\":\"catalogModel\"}"}]}
RESULT: undefined
COMMAND: POST /session/8ec9a5a82762f7d66849db7cf3411cd3/execute/async - {"script":"<script> [6424 bytes]","args":[{"element-6066-11e4-a52e-4f735466cecf":"f.65A29F3FDC0D20C80C8CC99BA8EBED59.d.B4806465FD8689CC4BB4DBD51BFCE653.e.3540"},"getText",[]]}
RESULT: {"script":"<script> [6424 bytes]","args":[{"element-6066-11e4-a52e-4f735466cecf":"f.65A29F3FDC0D20C80C8CC99BA8EBED59.d.B4806465FD8689CC4BB4DBD51BFCE653.e.3540"},"getText",[]]}
COMMAND: POST /session/8ec9a5a82762f7d66849db7cf3411cd3/element - {"using":"xpath","value":"//button[@data-kt=\"PickingTableConfirmAllButton\"]"}
RESULT: {"using":"xpath","value":"//button[@data-kt=\"PickingTableConfirmAllButton\"]"}
COMMAND: POST /session/8ec9a5a82762f7d66849db7cf3411cd3/element/f.65A29F3FDC0D20C80C8CC99BA8EBED59.d.B4806465FD8689CC4BB4DBD51BFCE653.e.3541/click - {}
RESULT: {}
COMMAND: GET /session/8ec9a5a82762f7d66849db7cf3411cd3/screenshot - {}
RESULT: {}
COMMAND: POST /session/8ec9a5a82762f7d66849db7cf3411cd3/element - {"using":"xpath","value":"//bdi[contains(text(), \"OK\")]"}
RESULT: {"using":"xpath","value":"//bdi[contains(text(), \"OK\")]"}
COMMAND: POST /session/8ec9a5a82762f7d66849db7cf3411cd3/element/f.65A29F3FDC0D20C80C8CC99BA8EBED59.d.B4806465FD8689CC4BB4DBD51BFCE653.e.3543/click - {}
RESULT: {}
COMMAND: GET /session/8ec9a5a82762f7d66849db7cf3411cd3/screenshot - {}
RESULT: {}
COMMAND: POST /session/8ec9a5a82762f7d66849db7cf3411cd3/element - {"using":"xpath","value":"(//bdi[contains(text(), \"Pick\")])[1]"}
RESULT: {"using":"xpath","value":"(//bdi[contains(text(), \"Pick\")])[1]"}
COMMAND: POST /session/8ec9a5a82762f7d66849db7cf3411cd3/element/f.65A29F3FDC0D20C80C8CC99BA8EBED59.d.B4806465FD8689CC4BB4DBD51BFCE653.e.3545/click - {}
RESULT: {}
COMMAND: GET /session/8ec9a5a82762f7d66849db7cf3411cd3/screenshot - {}
RESULT: {}
COMMAND: POST /session/8ec9a5a82762f7d66849db7cf3411cd3/execute/async - {"script":"<script> [1562 bytes]","args":[{"selector":{"controlType":"sap.m.SearchField","viewName":"etm.portal.ui.managehandovers.view.MasterHO","bindingPath":{"propertyPath":"/_BASIC_SEARCH_FIELD","modelName":"fi1t3rM0d31"},"interaction":{"idSuffix":"I"}},"wdio_ui5_key":"etmportal.ui.managehandovers.view.MasterHOsap.m.SearchField{\"propertyPath\":\"/_BASIC_SEARCH_FIELD\",\"modelName\":\"fi1t3rM0d31\"}"}]}
RESULT: {"script":"<script> [1562 bytes]","args":[{"selector":{"controlType":"sap.m.SearchField","viewName":"etm.portal.ui.managehandovers.view.MasterHO","bindingPath":{"propertyPath":"/_BASIC_SEARCH_FIELD","modelName":"fi1t3rM0d31"},"interaction":{"idSuffix":"I"}},"wdio_ui5_key":"etmportal.ui.managehandovers.view.MasterHOsap.m.SearchField{\"propertyPath\":\"/_BASIC_SEARCH_FIELD\",\"modelName\":\"fi1t3rM0d31\"}"}]}
RESULT: undefined
COMMAND: POST /session/8ec9a5a82762f7d66849db7cf3411cd3/execute/async - {"script":"<script> [776 bytes]","args":[{"enterText":"30363","selector":{"controlType":"sap.m.SearchField","viewName":"etm.portal.ui.managehandovers.view.MasterHO","bindingPath":{"propertyPath":"/_BASIC_SEARCH_FIELD","modelName":"fi1t3rM0d31"},"interaction":{"idSuffix":"I"}},"clearTextFirst":true,"interactionType":"ENTER_TEXT"}]}
RESULT: {"script":"<script> [776 bytes]","args":[{"enterText":"30363","selector":{"controlType":"sap.m.SearchField","viewName":"etm.portal.ui.managehandovers.view.MasterHO","bindingPath":{"propertyPath":"/_BASIC_SEARCH_FIELD","modelName":"fi1t3rM0d31"},"interaction":{"idSuffix":"I"}},"clearTextFirst":true,"interactionType":"ENTER_TEXT"}]}
COMMAND: POST /session/8ec9a5a82762f7d66849db7cf3411cd3/actions - {"actions":[{"id":"action5","type":"key","parameters":{},"actions":[{"type":"keyDown","value":""},{"type":"pause","duration":10},{"type":"keyUp","value":""}]}]}
RESULT: {"actions":[{"id":"action5","type":"key","parameters":{},"actions":[{"type":"keyDown","value":""},{"type":"pause","duration":10},{"type":"keyUp","value":""}]}]}
COMMAND: GET /session/8ec9a5a82762f7d66849db7cf3411cd3/screenshot - {}
RESULT: {}
COMMAND: POST /session/8ec9a5a82762f7d66849db7cf3411cd3/execute/async - {"script":"<script> [1562 bytes]","args":[{"selector":{"controlType":"sap.ui.core.Icon","viewName":"etm.portal.ui.managehandovers.view.MasterHO","properties":{"src":{"regex":{"source":"slim\\-arrow\\-right"}}}},"wdio_ui5_key":"etmportal.ui.managehandovers.view.MasterHOsap.ui.core.Icon{\"src\":{\"regex\":{\"source\":\"slim\\\\-arrow\\\\-right\"}}}"}]}
RESULT: {"script":"<script> [1562 bytes]","args":[{"selector":{"controlType":"sap.ui.core.Icon","viewName":"etm.portal.ui.managehandovers.view.MasterHO","properties":{"src":{"regex":{"source":"slim\\-arrow\\-right"}}}},"wdio_ui5_key":"etmportal.ui.managehandovers.view.MasterHOsap.ui.core.Icon{\"src\":{\"regex\":{\"source\":\"slim\\\\-arrow\\\\-right\"}}}"}]}
RESULT: undefined
COMMAND: POST /session/8ec9a5a82762f7d66849db7cf3411cd3/element - {"using":"xpath","value":"//*[@id=\"__item1529-__clone4050-imgNav\"]"}
RESULT: {"using":"xpath","value":"//*[@id=\"__item1529-__clone4050-imgNav\"]"}
COMMAND: POST /session/8ec9a5a82762f7d66849db7cf3411cd3/element/f.65A29F3FDC0D20C80C8CC99BA8EBED59.d.B4806465FD8689CC4BB4DBD51BFCE653.e.3627/click - {}
RESULT: {}
COMMAND: POST /session/8ec9a5a82762f7d66849db7cf3411cd3/execute/async - {"script":"<script> [1562 bytes]","args":[{"selector":{"controlType":"sap.m.ObjectStatus","viewName":"etm.portal.ui.managehandovers.view.DetailExecuteHO","bindingPath":{"path":"","propertyPath":"LINK_TO_STATUS/DESCRIPTION","modelName":"catalogModel"}},"wdio_ui5_key":"etmportal.ui.managehandovers.view.DetailExecuteHOsap.m.ObjectStatus{\"path\":\"\",\"propertyPath\":\"LINK_TO_STATUS/DESCRIPTION\",\"modelName\":\"catalogModel\"}"}]}
COMMAND: GET /session/8ec9a5a82762f7d66849db7cf3411cd3/screenshot - {}
RESULT: {"script":"<script> [1562 bytes]","args":[{"selector":{"controlType":"sap.m.ObjectStatus","viewName":"etm.portal.ui.managehandovers.view.DetailExecuteHO","bindingPath":{"path":"","propertyPath":"LINK_TO_STATUS/DESCRIPTION","modelName":"catalogModel"}},"wdio_ui5_key":"etmportal.ui.managehandovers.view.DetailExecuteHOsap.m.ObjectStatus{\"path\":\"\",\"propertyPath\":\"LINK_TO_STATUS/DESCRIPTION\",\"modelName\":\"catalogModel\"}"}]}
RESULT: undefined
COMMAND: POST /session/8ec9a5a82762f7d66849db7cf3411cd3/execute/async - {"script":"<script> [6424 bytes]","args":[{"element-6066-11e4-a52e-4f735466cecf":"f.65A29F3FDC0D20C80C8CC99BA8EBED59.d.B4806465FD8689CC4BB4DBD51BFCE653.e.3666"},"getText",[]]}
RESULT: {}
RESULT: {"script":"<script> [6424 bytes]","args":[{"element-6066-11e4-a52e-4f735466cecf":"f.65A29F3FDC0D20C80C8CC99BA8EBED59.d.B4806465FD8689CC4BB4DBD51BFCE653.e.3666"},"getText",[]]}
COMMAND: POST /session/8ec9a5a82762f7d66849db7cf3411cd3/element - {"using":"xpath","value":"//button[@data-kt=\"IssuingTableConfirmAllButton\"]"}
RESULT: {"using":"xpath","value":"//button[@data-kt=\"IssuingTableConfirmAllButton\"]"}
COMMAND: POST /session/8ec9a5a82762f7d66849db7cf3411cd3/element/f.65A29F3FDC0D20C80C8CC99BA8EBED59.d.B4806465FD8689CC4BB4DBD51BFCE653.e.3654/click - {}
RESULT: {}
COMMAND: GET /session/8ec9a5a82762f7d66849db7cf3411cd3/screenshot - {}
RESULT: {}
COMMAND: POST /session/8ec9a5a82762f7d66849db7cf3411cd3/element - {"using":"xpath","value":"//bdi[contains(text(), \"OK\")]"}
RESULT: {"using":"xpath","value":"//bdi[contains(text(), \"OK\")]"}
COMMAND: POST /session/8ec9a5a82762f7d66849db7cf3411cd3/element/f.65A29F3FDC0D20C80C8CC99BA8EBED59.d.B4806465FD8689CC4BB4DBD51BFCE653.e.3671/click - {}
RESULT: {}
COMMAND: GET /session/8ec9a5a82762f7d66849db7cf3411cd3/screenshot - {}
RESULT: {}
COMMAND: POST /session/8ec9a5a82762f7d66849db7cf3411cd3/element - {"using":"xpath","value":"(//bdi[contains(text(), \"Issue\")])[1]"}
RESULT: {"using":"xpath","value":"(//bdi[contains(text(), \"Issue\")])[1]"}
COMMAND: POST /session/8ec9a5a82762f7d66849db7cf3411cd3/element/f.65A29F3FDC0D20C80C8CC99BA8EBED59.d.B4806465FD8689CC4BB4DBD51BFCE653.e.3672/click - {}
RESULT: {}
COMMAND: GET /session/8ec9a5a82762f7d66849db7cf3411cd3/screenshot - {}
RESULT: {}
COMMAND: POST /session/8ec9a5a82762f7d66849db7cf3411cd3/element - {"using":"xpath","value":"//span[contains(@id, \"smartTable-header-inner\")]"}
RESULT: {"using":"xpath","value":"//span[contains(@id, \"smartTable-header-inner\")]"}
COMMAND: POST /session/8ec9a5a82762f7d66849db7cf3411cd3/elements - {"using":"xpath","value":"//span[contains(@id, \"smartTable-header-inner\")]"}
RESULT: {"using":"xpath","value":"//span[contains(@id, \"smartTable-header-inner\")]"}
COMMAND: POST /session/8ec9a5a82762f7d66849db7cf3411cd3/execute/sync - {"script":"<script> [56 bytes]","args":[{"element-6066-11e4-a52e-4f735466cecf":"f.65A29F3FDC0D20C80C8CC99BA8EBED59.d.B4806465FD8689CC4BB4DBD51BFCE653.e.3709","ELEMENT":"f.65A29F3FDC0D20C80C8CC99BA8EBED59.d.B4806465FD8689CC4BB4DBD51BFCE653.e.3709"}]}
RESULT: {"script":"<script> [56 bytes]","args":[{"element-6066-11e4-a52e-4f735466cecf":"f.65A29F3FDC0D20C80C8CC99BA8EBED59.d.B4806465FD8689CC4BB4DBD51BFCE653.e.3709","ELEMENT":"f.65A29F3FDC0D20C80C8CC99BA8EBED59.d.B4806465FD8689CC4BB4DBD51BFCE653.e.3709"}]}
COMMAND: POST /session/8ec9a5a82762f7d66849db7cf3411cd3/elements - {"using":"xpath","value":"//thead[contains(@class, \"sapMTableTH\")]/tr/th"}
COMMAND: GET /session/8ec9a5a82762f7d66849db7cf3411cd3/screenshot - {}
RESULT: {"using":"xpath","value":"//thead[contains(@class, \"sapMTableTH\")]/tr/th"}
COMMAND: GET /session/8ec9a5a82762f7d66849db7cf3411cd3/element/f.65A29F3FDC0D20C80C8CC99BA8EBED59.d.B4806465FD8689CC4BB4DBD51BFCE653.e.3710/text - {}
RESULT: {}
RESULT: {}
COMMAND: GET /session/8ec9a5a82762f7d66849db7cf3411cd3/element/f.65A29F3FDC0D20C80C8CC99BA8EBED59.d.B4806465FD8689CC4BB4DBD51BFCE653.e.3711/text - {}
RESULT: {}
COMMAND: GET /session/8ec9a5a82762f7d66849db7cf3411cd3/element/f.65A29F3FDC0D20C80C8CC99BA8EBED59.d.B4806465FD8689CC4BB4DBD51BFCE653.e.3331/text - {}
RESULT: {}
COMMAND: GET /session/8ec9a5a82762f7d66849db7cf3411cd3/element/f.65A29F3FDC0D20C80C8CC99BA8EBED59.d.B4806465FD8689CC4BB4DBD51BFCE653.e.3333/text - {}
RESULT: {}
COMMAND: GET /session/8ec9a5a82762f7d66849db7cf3411cd3/element/f.65A29F3FDC0D20C80C8CC99BA8EBED59.d.B4806465FD8689CC4BB4DBD51BFCE653.e.3678/text - {}
RESULT: {}
COMMAND: GET /session/8ec9a5a82762f7d66849db7cf3411cd3/element/f.65A29F3FDC0D20C80C8CC99BA8EBED59.d.B4806465FD8689CC4BB4DBD51BFCE653.e.3679/text - {}
RESULT: {}
COMMAND: GET /session/8ec9a5a82762f7d66849db7cf3411cd3/element/f.65A29F3FDC0D20C80C8CC99BA8EBED59.d.B4806465FD8689CC4BB4DBD51BFCE653.e.3680/text - {}
RESULT: {}
COMMAND: GET /session/8ec9a5a82762f7d66849db7cf3411cd3/element/f.65A29F3FDC0D20C80C8CC99BA8EBED59.d.B4806465FD8689CC4BB4DBD51BFCE653.e.3681/text - {}
RESULT: {}
COMMAND: GET /session/8ec9a5a82762f7d66849db7cf3411cd3/element/f.65A29F3FDC0D20C80C8CC99BA8EBED59.d.B4806465FD8689CC4BB4DBD51BFCE653.e.3682/text - {}
RESULT: {}
COMMAND: GET /session/8ec9a5a82762f7d66849db7cf3411cd3/element/f.65A29F3FDC0D20C80C8CC99BA8EBED59.d.B4806465FD8689CC4BB4DBD51BFCE653.e.3683/text - {}
RESULT: {}
COMMAND: GET /session/8ec9a5a82762f7d66849db7cf3411cd3/element/f.65A29F3FDC0D20C80C8CC99BA8EBED59.d.B4806465FD8689CC4BB4DBD51BFCE653.e.3684/text - {}
RESULT: {}
COMMAND: GET /session/8ec9a5a82762f7d66849db7cf3411cd3/element/f.65A29F3FDC0D20C80C8CC99BA8EBED59.d.B4806465FD8689CC4BB4DBD51BFCE653.e.3685/text - {}
RESULT: {}
COMMAND: GET /session/8ec9a5a82762f7d66849db7cf3411cd3/element/f.65A29F3FDC0D20C80C8CC99BA8EBED59.d.B4806465FD8689CC4BB4DBD51BFCE653.e.3686/text - {}
RESULT: {}
COMMAND: GET /session/8ec9a5a82762f7d66849db7cf3411cd3/element/f.65A29F3FDC0D20C80C8CC99BA8EBED59.d.B4806465FD8689CC4BB4DBD51BFCE653.e.3334/text - {}
RESULT: {}
COMMAND: POST /session/8ec9a5a82762f7d66849db7cf3411cd3/element - {"using":"xpath","value":"//tbody[contains(@id, \"customHandoversTable-tblBody\")]/tr[1]/td[14]/div/span"}
RESULT: {"using":"xpath","value":"//tbody[contains(@id, \"customHandoversTable-tblBody\")]/tr[1]/td[14]/div/span"}
COMMAND: POST /session/8ec9a5a82762f7d66849db7cf3411cd3/execute/sync - {"script":"<script> [56 bytes]","args":[{"element-6066-11e4-a52e-4f735466cecf":"f.65A29F3FDC0D20C80C8CC99BA8EBED59.d.B4806465FD8689CC4BB4DBD51BFCE653.e.3750","ELEMENT":"f.65A29F3FDC0D20C80C8CC99BA8EBED59.d.B4806465FD8689CC4BB4DBD51BFCE653.e.3750"}]}
RESULT: {"script":"<script> [56 bytes]","args":[{"element-6066-11e4-a52e-4f735466cecf":"f.65A29F3FDC0D20C80C8CC99BA8EBED59.d.B4806465FD8689CC4BB4DBD51BFCE653.e.3750","ELEMENT":"f.65A29F3FDC0D20C80C8CC99BA8EBED59.d.B4806465FD8689CC4BB4DBD51BFCE653.e.3750"}]}
COMMAND: POST /session/8ec9a5a82762f7d66849db7cf3411cd3/element - {"using":"css selector","value":"#shell-header-logo"}
COMMAND: GET /session/8ec9a5a82762f7d66849db7cf3411cd3/screenshot - {}
RESULT: {"using":"css selector","value":"#shell-header-logo"}
COMMAND: POST /session/8ec9a5a82762f7d66849db7cf3411cd3/element/f.65A29F3FDC0D20C80C8CC99BA8EBED59.d.B4806465FD8689CC4BB4DBD51BFCE653.e.2516/click - {}
RESULT: {}
RESULT: {}
COMMAND: GET /session/8ec9a5a82762f7d66849db7cf3411cd3/screenshot - {}
RESULT: {}
COMMAND: POST /session/8ec9a5a82762f7d66849db7cf3411cd3/element - {"using":"css selector","value":"#j_username"}
COMMAND: POST /session/8ec9a5a82762f7d66849db7cf3411cd3/url - {"url":"https://qa-testing-00-live-etm-ui.cfapps.eu10-004.hana.ondemand.com/"}
RESULT: {"using":"css selector","value":"#j_username"}
COMMAND: POST /session/8ec9a5a82762f7d66849db7cf3411cd3/element - {"using":"css selector","value":"#j_username"}
RESULT: {"url":"https://qa-testing-00-live-etm-ui.cfapps.eu10-004.hana.ondemand.com/"}
RESULT: undefined
COMMAND: GET /session/8ec9a5a82762f7d66849db7cf3411cd3/screenshot - {}
RESULT: {"using":"css selector","value":"#j_username"}
COMMAND: POST /session/8ec9a5a82762f7d66849db7cf3411cd3/element - {"using":"css selector","value":"#shell-header-logo"}
RESULT: {}
RESULT: {"using":"css selector","value":"#shell-header-logo"}
COMMAND: POST /session/8ec9a5a82762f7d66849db7cf3411cd3/execute/sync - {"script":"<script> [8489 bytes]","args":[{"element-6066-11e4-a52e-4f735466cecf":"f.65A29F3FDC0D20C80C8CC99BA8EBED59.d.872318D09C2E5A92BC9BE57EF5478CE0.e.3764","ELEMENT":"f.65A29F3FDC0D20C80C8CC99BA8EBED59.d.872318D09C2E5A92BC9BE57EF5478CE0.e.3764"}]}
RESULT: {"script":"<script> [8489 bytes]","args":[{"element-6066-11e4-a52e-4f735466cecf":"f.65A29F3FDC0D20C80C8CC99BA8EBED59.d.872318D09C2E5A92BC9BE57EF5478CE0.e.3764","ELEMENT":"f.65A29F3FDC0D20C80C8CC99BA8EBED59.d.872318D09C2E5A92BC9BE57EF5478CE0.e.3764"}]}
COMMAND: POST /session/8ec9a5a82762f7d66849db7cf3411cd3/element - {"using":"css selector","value":"#shell-header-logo"}
COMMAND: GET /session/8ec9a5a82762f7d66849db7cf3411cd3/screenshot - {}
RESULT: {"using":"css selector","value":"#shell-header-logo"}
COMMAND: POST /session/8ec9a5a82762f7d66849db7cf3411cd3/execute/sync - {"script":"<script> [8489 bytes]","args":[{"element-6066-11e4-a52e-4f735466cecf":"f.65A29F3FDC0D20C80C8CC99BA8EBED59.d.872318D09C2E5A92BC9BE57EF5478CE0.e.3764","ELEMENT":"f.65A29F3FDC0D20C80C8CC99BA8EBED59.d.872318D09C2E5A92BC9BE57EF5478CE0.e.3764"}]}
RESULT: {}
RESULT: {"script":"<script> [8489 bytes]","args":[{"element-6066-11e4-a52e-4f735466cecf":"f.65A29F3FDC0D20C80C8CC99BA8EBED59.d.872318D09C2E5A92BC9BE57EF5478CE0.e.3764","ELEMENT":"f.65A29F3FDC0D20C80C8CC99BA8EBED59.d.872318D09C2E5A92BC9BE57EF5478CE0.e.3764"}]}
COMMAND: POST /session/8ec9a5a82762f7d66849db7cf3411cd3/execute/sync - {"script":"<script> [5351 bytes]","args":[{"element-6066-11e4-a52e-4f735466cecf":"f.65A29F3FDC0D20C80C8CC99BA8EBED59.d.872318D09C2E5A92BC9BE57EF5478CE0.e.3764","ELEMENT":"f.65A29F3FDC0D20C80C8CC99BA8EBED59.d.872318D09C2E5A92BC9BE57EF5478CE0.e.3764"}]}
COMMAND: GET /session/8ec9a5a82762f7d66849db7cf3411cd3/screenshot - {}
RESULT: {"script":"<script> [5351 bytes]","args":[{"element-6066-11e4-a52e-4f735466cecf":"f.65A29F3FDC0D20C80C8CC99BA8EBED59.d.872318D09C2E5A92BC9BE57EF5478CE0.e.3764","ELEMENT":"f.65A29F3FDC0D20C80C8CC99BA8EBED59.d.872318D09C2E5A92BC9BE57EF5478CE0.e.3764"}]}
COMMAND: POST /session/8ec9a5a82762f7d66849db7cf3411cd3/element - {"using":"css selector","value":"#shell-header-logo"}
COMMAND: GET /session/8ec9a5a82762f7d66849db7cf3411cd3/screenshot - {}
RESULT: {}
RESULT: {"using":"css selector","value":"#shell-header-logo"}
COMMAND: POST /session/8ec9a5a82762f7d66849db7cf3411cd3/element/f.65A29F3FDC0D20C80C8CC99BA8EBED59.d.872318D09C2E5A92BC9BE57EF5478CE0.e.3764/click - {}
RESULT: {}
RESULT: {}
COMMAND: GET /session/8ec9a5a82762f7d66849db7cf3411cd3/screenshot - {}
RESULT: {}
COMMAND: POST /session/8ec9a5a82762f7d66849db7cf3411cd3/execute/async - {"script":"<script> [189 bytes]","args":[]}
RESULT: {"script":"<script> [189 bytes]","args":[]}
COMMAND: POST /session/8ec9a5a82762f7d66849db7cf3411cd3/execute/async - {"script":"<script> [123 bytes]","args":[]}
RESULT: {"script":"<script> [123 bytes]","args":[]}
COMMAND: POST /session/8ec9a5a82762f7d66849db7cf3411cd3/timeouts - {"script":"<number>"}
RESULT: {"script":"<number>"}
COMMAND: GET /session/8ec9a5a82762f7d66849db7cf3411cd3/timeouts - {}
RESULT: {}
RESULT: undefined
COMMAND: POST /session/8ec9a5a82762f7d66849db7cf3411cd3/execute/async - {"script":"<script> [2676 bytes]","args":[]}
RESULT: {"script":"<script> [2676 bytes]","args":[]}
COMMAND: POST /session/8ec9a5a82762f7d66849db7cf3411cd3/execute/async - {"script":"<script> [2342 bytes]","args":[{"protocol":"http","hostname":"0.0.0.0","path":"/","capabilities":{"browserName":"chrome","goog:chromeOptions":{"binary":"C:\\Program Files\\Google\\Chrome\\Application\\chrome.exe","args":["--start-maximized"]}},"logLevel":"warn","connectionRetryTimeout":120000,"connectionRetryCount":3,"logLevels":{},"enableDirectConnect":true,"strictSSL":true,"_":"65 more keys: [\"cacheDir\",\"port\",\"requestedCapabilities\",\"automationProtocol\",\"baseUrl\",\"waitforInterval\",\"waitforTimeout\",\"onReload\",\"beforeCommand\",\"afterCommand\",\"rootDir\",\"specs\",\"suites\",\"exclude\",\"groupLogsByTestSpec\",\"excludeDriverLogs\",\"bail\",\"framework\",\"reporters\",\"services\",\"maxInstances\",\"maxInstancesPerCapability\",\"injectGlobals\",\"filesToWatch\",\"execArgv\",\"runnerEnv\",\"runner\",\"shard\",\"specFileRetries\",\"specFileRetriesDelay\",\"specFileRetriesDeferred\",\"reporterSyncInterval\",\"reporterSyncTimeout\",\"cucumberFeaturesWithLineNumbers\",\"autoCompileOpts\",\"mochaOpts\",\"jasmineOpts\",\"cucumberOpts\",\"onPrepare\",\"onWorkerStart\",\"onWorkerEnd\",\"before\",\"beforeSession\",\"beforeSuite\",\"beforeHook\",\"beforeTest\",\"afterTest\",\"afterHook\",\"afterSuite\",\"afterSession\",\"after\",\"onComplete\",\"beforeAssertion\",\"afterAssertion\",\"beforeFeature\",\"beforeScenario\",\"beforeStep\",\"afterStep\",\"afterScenario\",\"afterFeature\",\"_\",\"suite\",\"$0\",\"ignoredWorkerServices\",\"wdi5\"]"}]}
RESULT: {"script":"<script> [2342 bytes]","args":[{"protocol":"http","hostname":"0.0.0.0","path":"/","capabilities":{"browserName":"chrome","goog:chromeOptions":{"binary":"C:\\Program Files\\Google\\Chrome\\Application\\chrome.exe","args":["--start-maximized"]}},"logLevel":"warn","connectionRetryTimeout":120000,"connectionRetryCount":3,"logLevels":{},"enableDirectConnect":true,"strictSSL":true,"_":"65 more keys: [\"cacheDir\",\"port\",\"requestedCapabilities\",\"automationProtocol\",\"baseUrl\",\"waitforInterval\",\"waitforTimeout\",\"onReload\",\"beforeCommand\",\"afterCommand\",\"rootDir\",\"specs\",\"suites\",\"exclude\",\"groupLogsByTestSpec\",\"excludeDriverLogs\",\"bail\",\"framework\",\"reporters\",\"services\",\"maxInstances\",\"maxInstancesPerCapability\",\"injectGlobals\",\"filesToWatch\",\"execArgv\",\"runnerEnv\",\"runner\",\"shard\",\"specFileRetries\",\"specFileRetriesDelay\",\"specFileRetriesDeferred\",\"reporterSyncInterval\",\"reporterSyncTimeout\",\"cucumberFeaturesWithLineNumbers\",\"autoCompileOpts\",\"mochaOpts\",\"jasmineOpts\",\"cucumberOpts\",\"onPrepare\",\"onWorkerStart\",\"onWorkerEnd\",\"before\",\"beforeSession\",\"beforeSuite\",\"beforeHook\",\"beforeTest\",\"afterTest\",\"afterHook\",\"afterSuite\",\"afterSession\",\"after\",\"onComplete\",\"beforeAssertion\",\"afterAssertion\",\"beforeFeature\",\"beforeScenario\",\"beforeStep\",\"afterStep\",\"afterScenario\",\"afterFeature\",\"_\",\"suite\",\"$0\",\"ignoredWorkerServices\",\"wdi5\"]"}]}
COMMAND: POST /session/8ec9a5a82762f7d66849db7cf3411cd3/execute/async - {"script":"<script> [21126 bytes]","args":[35000]}
RESULT: {"script":"<script> [21126 bytes]","args":[35000]}
COMMAND: POST /session/8ec9a5a82762f7d66849db7cf3411cd3/window/maximize - {}
RESULT: {}
COMMAND: POST /session/8ec9a5a82762f7d66849db7cf3411cd3/execute/async - {"script":"<script> [1562 bytes]","args":[{"selector":{"id":"shell-header","interaction":{"idSuffix":"icon"}},"wdio_ui5_key":"shellheader"}]}
COMMAND: GET /session/8ec9a5a82762f7d66849db7cf3411cd3/screenshot - {}
RESULT: {"script":"<script> [1562 bytes]","args":[{"selector":{"id":"shell-header","interaction":{"idSuffix":"icon"}},"wdio_ui5_key":"shellheader"}]}
RESULT: undefined
COMMAND: POST /session/8ec9a5a82762f7d66849db7cf3411cd3/window/fullscreen - {}
RESULT: {}
RESULT: {}
]]></system-out>
    </testcase>
  </testsuite>
  <testsuite timestamp="2025-05-24T16:36:21" time="126.252" tests="1" failures="1" errors="1" skipped="0">
    <properties>
      <property name="specId" value="0"/>
      <property name="suiteName" value="Bill of Resources Completeness check of created bundle US131059"/>
      <property name="capabilities" value="chrome.136_0_7103_93.windows"/>
      <property name="file" value="file:///D:/a/1/s/test/specs/HTR/bor-completeness-check.spec.js"/>
    </properties>
    <testcase classname="chrome.136_0_7103_93.windows.Bill_of_Resources_Completeness_check_of_created_bundle_US131059" name="Should check the completeness of bundle created US131059" time="107.299">
      <failure/>
      <error message="Cannot read properties of undefined (reading 'match')"/>
      <system-out><![CDATA[
COMMAND: POST /session/8ec9a5a82762f7d66849db7cf3411cd3/execute/async - {"script":"<script> [1562 bytes]","args":[{"selector":{"controlType":"sap.m.GenericTile","properties":{"header":"Bill Of Resources"}},"wdio_ui5_key":"sapm.GenericTile{\"header\":\"Bill Of Resources\"}"}]}
RESULT: {"script":"<script> [1562 bytes]","args":[{"selector":{"controlType":"sap.m.GenericTile","properties":{"header":"Bill Of Resources"}},"wdio_ui5_key":"sapm.GenericTile{\"header\":\"Bill Of Resources\"}"}]}
RESULT: undefined
COMMAND: POST /session/8ec9a5a82762f7d66849db7cf3411cd3/element - {"using":"xpath","value":"//*[@id=\"__tile26\"]"}
RESULT: {"using":"xpath","value":"//*[@id=\"__tile26\"]"}
COMMAND: POST /session/8ec9a5a82762f7d66849db7cf3411cd3/element/f.65A29F3FDC0D20C80C8CC99BA8EBED59.d.872318D09C2E5A92BC9BE57EF5478CE0.e.3869/click - {}
RESULT: {}
COMMAND: GET /session/8ec9a5a82762f7d66849db7cf3411cd3/screenshot - {}
RESULT: {}
COMMAND: POST /session/8ec9a5a82762f7d66849db7cf3411cd3/elements - {"using":"xpath","value":"//span[text()='Error']"}
RESULT: {"using":"xpath","value":"//span[text()='Error']"}
COMMAND: POST /session/8ec9a5a82762f7d66849db7cf3411cd3/execute/async - {"script":"<script> [1562 bytes]","args":[{"selector":{"id":"application-billofresources-display-component---BillOfResources--smartFilterBar-filterItemControl_BASIC-BOR_TYPE-vhi"},"wdio_ui5_key":"applicationbillofresources-display-component---BillOfResources--smartFilterBar-filterItemControl_BASIC-BOR_TYPE-vhi"}]}
RESULT: {"script":"<script> [1562 bytes]","args":[{"selector":{"id":"application-billofresources-display-component---BillOfResources--smartFilterBar-filterItemControl_BASIC-BOR_TYPE-vhi"},"wdio_ui5_key":"applicationbillofresources-display-component---BillOfResources--smartFilterBar-filterItemControl_BASIC-BOR_TYPE-vhi"}]}
RESULT: undefined
COMMAND: POST /session/8ec9a5a82762f7d66849db7cf3411cd3/element - {"using":"xpath","value":"//*[@id=\"application-billofresources-display-component---BillOfResources--smartFilterBar-filterItemControl_BASIC-BOR_TYPE-vhi\"]"}
RESULT: {"using":"xpath","value":"//*[@id=\"application-billofresources-display-component---BillOfResources--smartFilterBar-filterItemControl_BASIC-BOR_TYPE-vhi\"]"}
COMMAND: POST /session/8ec9a5a82762f7d66849db7cf3411cd3/element/f.65A29F3FDC0D20C80C8CC99BA8EBED59.d.872318D09C2E5A92BC9BE57EF5478CE0.e.3931/click - {}
RESULT: {}
COMMAND: GET /session/8ec9a5a82762f7d66849db7cf3411cd3/screenshot - {}
RESULT: {}
COMMAND: POST /session/8ec9a5a82762f7d66849db7cf3411cd3/element - {"using":"xpath","value":"//div[@id=\"application-billofresources-display-component---BillOfResources--smartFilterBar-filterItemControl_BASIC-BOR_TYPE-valueHelpDialog-table-rowsel4\"]"}
RESULT: {"using":"xpath","value":"//div[@id=\"application-billofresources-display-component---BillOfResources--smartFilterBar-filterItemControl_BASIC-BOR_TYPE-valueHelpDialog-table-rowsel4\"]"}
COMMAND: POST /session/8ec9a5a82762f7d66849db7cf3411cd3/element/f.65A29F3FDC0D20C80C8CC99BA8EBED59.d.872318D09C2E5A92BC9BE57EF5478CE0.e.3938/click - {}
RESULT: {}
COMMAND: GET /session/8ec9a5a82762f7d66849db7cf3411cd3/screenshot - {}
RESULT: {}
COMMAND: POST /session/8ec9a5a82762f7d66849db7cf3411cd3/execute/async - {"script":"<script> [1562 bytes]","args":[{"selector":{"id":"application-billofresources-display-component---BillOfResources--smartFilterBar-filterItemControl_BASIC-BOR_TYPE-valueHelpDialog-ok","searchOpenDialogs":true,"interaction":{"idSuffix":"BDI-content"}},"wdio_ui5_key":"applicationbillofresources-display-component---BillOfResources--smartFilterBar-filterItemControl_BASIC-BOR_TYPE-valueHelpDialog-ok"}]}
RESULT: {"script":"<script> [1562 bytes]","args":[{"selector":{"id":"application-billofresources-display-component---BillOfResources--smartFilterBar-filterItemControl_BASIC-BOR_TYPE-valueHelpDialog-ok","searchOpenDialogs":true,"interaction":{"idSuffix":"BDI-content"}},"wdio_ui5_key":"applicationbillofresources-display-component---BillOfResources--smartFilterBar-filterItemControl_BASIC-BOR_TYPE-valueHelpDialog-ok"}]}
RESULT: undefined
COMMAND: POST /session/8ec9a5a82762f7d66849db7cf3411cd3/element - {"using":"xpath","value":"//*[@id=\"application-billofresources-display-component---BillOfResources--smartFilterBar-filterItemControl_BASIC-BOR_TYPE-valueHelpDialog-ok\"]"}
RESULT: {"using":"xpath","value":"//*[@id=\"application-billofresources-display-component---BillOfResources--smartFilterBar-filterItemControl_BASIC-BOR_TYPE-valueHelpDialog-ok\"]"}
COMMAND: POST /session/8ec9a5a82762f7d66849db7cf3411cd3/element/f.65A29F3FDC0D20C80C8CC99BA8EBED59.d.872318D09C2E5A92BC9BE57EF5478CE0.e.3943/click - {}
RESULT: {}
COMMAND: GET /session/8ec9a5a82762f7d66849db7cf3411cd3/screenshot - {}
RESULT: {}
COMMAND: POST /session/8ec9a5a82762f7d66849db7cf3411cd3/execute/async - {"script":"<script> [1562 bytes]","args":[{"selector":{"id":"application-billofresources-display-component---BillOfResources--smartFilterBar-filterItemControl_BASIC-RESOURCE_UNIT-vhi"},"wdio_ui5_key":"applicationbillofresources-display-component---BillOfResources--smartFilterBar-filterItemControl_BASIC-RESOURCE_UNIT-vhi"}]}
RESULT: {"script":"<script> [1562 bytes]","args":[{"selector":{"id":"application-billofresources-display-component---BillOfResources--smartFilterBar-filterItemControl_BASIC-RESOURCE_UNIT-vhi"},"wdio_ui5_key":"applicationbillofresources-display-component---BillOfResources--smartFilterBar-filterItemControl_BASIC-RESOURCE_UNIT-vhi"}]}
RESULT: undefined
COMMAND: POST /session/8ec9a5a82762f7d66849db7cf3411cd3/element - {"using":"xpath","value":"//*[@id=\"application-billofresources-display-component---BillOfResources--smartFilterBar-filterItemControl_BASIC-RESOURCE_UNIT-vhi\"]"}
RESULT: {"using":"xpath","value":"//*[@id=\"application-billofresources-display-component---BillOfResources--smartFilterBar-filterItemControl_BASIC-RESOURCE_UNIT-vhi\"]"}
COMMAND: POST /session/8ec9a5a82762f7d66849db7cf3411cd3/element/f.65A29F3FDC0D20C80C8CC99BA8EBED59.d.872318D09C2E5A92BC9BE57EF5478CE0.e.3948/click - {}
RESULT: {}
COMMAND: GET /session/8ec9a5a82762f7d66849db7cf3411cd3/screenshot - {}
COMMAND: POST /session/8ec9a5a82762f7d66849db7cf3411cd3/execute/async - {"script":"<script> [1562 bytes]","args":[{"selector":{"id":"application-billofresources-display-component---BillOfResources--smartFilterBar-filterItemControl_BASIC-RESOURCE_UNIT-valueHelpDialog-smartFilterBar-btnBasicSearch","searchOpenDialogs":true,"interaction":{"idSuffix":"I"}},"wdio_ui5_key":"applicationbillofresources-display-component---BillOfResources--smartFilterBar-filterItemControl_BASIC-RESOURCE_UNIT-valueHelpDialog-smartFilterBar-btnBasicSearch"}]}
RESULT: {}
RESULT: {"script":"<script> [1562 bytes]","args":[{"selector":{"id":"application-billofresources-display-component---BillOfResources--smartFilterBar-filterItemControl_BASIC-RESOURCE_UNIT-valueHelpDialog-smartFilterBar-btnBasicSearch","searchOpenDialogs":true,"interaction":{"idSuffix":"I"}},"wdio_ui5_key":"applicationbillofresources-display-component---BillOfResources--smartFilterBar-filterItemControl_BASIC-RESOURCE_UNIT-valueHelpDialog-smartFilterBar-btnBasicSearch"}]}
RESULT: undefined
COMMAND: POST /session/8ec9a5a82762f7d66849db7cf3411cd3/execute/async - {"script":"<script> [776 bytes]","args":[{"enterText":"VU7PCR0BM_1","selector":{"id":"application-billofresources-display-component---BillOfResources--smartFilterBar-filterItemControl_BASIC-RESOURCE_UNIT-valueHelpDialog-smartFilterBar-btnBasicSearch","searchOpenDialogs":true,"interaction":{"idSuffix":"I"}},"clearTextFirst":true,"interactionType":"ENTER_TEXT"}]}
RESULT: {"script":"<script> [776 bytes]","args":[{"enterText":"VU7PCR0BM_1","selector":{"id":"application-billofresources-display-component---BillOfResources--smartFilterBar-filterItemControl_BASIC-RESOURCE_UNIT-valueHelpDialog-smartFilterBar-btnBasicSearch","searchOpenDialogs":true,"interaction":{"idSuffix":"I"}},"clearTextFirst":true,"interactionType":"ENTER_TEXT"}]}
COMMAND: POST /session/8ec9a5a82762f7d66849db7cf3411cd3/actions - {"actions":[{"id":"action6","type":"key","parameters":{},"actions":[{"type":"keyDown","value":""},{"type":"pause","duration":10},{"type":"keyUp","value":""}]}]}
RESULT: {"actions":[{"id":"action6","type":"key","parameters":{},"actions":[{"type":"keyDown","value":""},{"type":"pause","duration":10},{"type":"keyUp","value":""}]}]}
COMMAND: GET /session/8ec9a5a82762f7d66849db7cf3411cd3/screenshot - {}
RESULT: {}
COMMAND: POST /session/8ec9a5a82762f7d66849db7cf3411cd3/element - {"using":"xpath","value":"//div[@id=\"application-billofresources-display-component---BillOfResources--smartFilterBar-filterItemControl_BASIC-RESOURCE_UNIT-valueHelpDialog-table-rowsel0\"]"}
RESULT: {"using":"xpath","value":"//div[@id=\"application-billofresources-display-component---BillOfResources--smartFilterBar-filterItemControl_BASIC-RESOURCE_UNIT-valueHelpDialog-table-rowsel0\"]"}
COMMAND: POST /session/8ec9a5a82762f7d66849db7cf3411cd3/element/f.65A29F3FDC0D20C80C8CC99BA8EBED59.d.872318D09C2E5A92BC9BE57EF5478CE0.e.3957/click - {}
RESULT: {}
COMMAND: GET /session/8ec9a5a82762f7d66849db7cf3411cd3/screenshot - {}
RESULT: {}
COMMAND: POST /session/8ec9a5a82762f7d66849db7cf3411cd3/element - {"using":"xpath","value":"//bdi[contains(text(), \"OK\")]"}
RESULT: {"using":"xpath","value":"//bdi[contains(text(), \"OK\")]"}
COMMAND: POST /session/8ec9a5a82762f7d66849db7cf3411cd3/element/f.65A29F3FDC0D20C80C8CC99BA8EBED59.d.872318D09C2E5A92BC9BE57EF5478CE0.e.3959/click - {}
RESULT: {}
COMMAND: GET /session/8ec9a5a82762f7d66849db7cf3411cd3/screenshot - {}
RESULT: {}
COMMAND: POST /session/8ec9a5a82762f7d66849db7cf3411cd3/execute/async - {"script":"<script> [1562 bytes]","args":[{"selector":{"controlType":"sap.m.ColumnListItem","viewName":"etm.portal.ui.billofresources.view.MasterBoR","viewId":"application-billofresources-display-component---BillOfResources","properties":{"type":"Navigation"},"interaction":{"idSuffix":"cell2"}},"wdio_ui5_key":"etmportal.ui.billofresources.view.MasterBoRsap.m.ColumnListItem{\"type\":\"Navigation\"}"}]}
RESULT: {"script":"<script> [1562 bytes]","args":[{"selector":{"controlType":"sap.m.ColumnListItem","viewName":"etm.portal.ui.billofresources.view.MasterBoR","viewId":"application-billofresources-display-component---BillOfResources","properties":{"type":"Navigation"},"interaction":{"idSuffix":"cell2"}},"wdio_ui5_key":"etmportal.ui.billofresources.view.MasterBoRsap.m.ColumnListItem{\"type\":\"Navigation\"}"}]}
RESULT: undefined
COMMAND: POST /session/8ec9a5a82762f7d66849db7cf3411cd3/element - {"using":"xpath","value":"//*[@id=\"__item18-__clone17\"]"}
RESULT: {"using":"xpath","value":"//*[@id=\"__item18-__clone17\"]"}
COMMAND: POST /session/8ec9a5a82762f7d66849db7cf3411cd3/element/f.65A29F3FDC0D20C80C8CC99BA8EBED59.d.872318D09C2E5A92BC9BE57EF5478CE0.e.3963/click - {}
RESULT: {}
COMMAND: GET /session/8ec9a5a82762f7d66849db7cf3411cd3/screenshot - {}
RESULT: {}
COMMAND: POST /session/8ec9a5a82762f7d66849db7cf3411cd3/execute/async - {"script":"<script> [1562 bytes]","args":[{"selector":{"controlType":"sap.m.Button","viewName":"etm.portal.ui.billofresources.view.DetailBoR","viewId":"application-billofresources-display-component---detailBoR","i18NText":{"propertyName":"text","key":"inspectContent"},"interaction":{"idSuffix":"content"}},"wdio_ui5_key":"etmportal.ui.billofresources.view.DetailBoRsap.m.Button{\"propertyName\":\"text\",\"key\":\"inspectContent\"}"}]}
RESULT: {"script":"<script> [1562 bytes]","args":[{"selector":{"controlType":"sap.m.Button","viewName":"etm.portal.ui.billofresources.view.DetailBoR","viewId":"application-billofresources-display-component---detailBoR","i18NText":{"propertyName":"text","key":"inspectContent"},"interaction":{"idSuffix":"content"}},"wdio_ui5_key":"etmportal.ui.billofresources.view.DetailBoRsap.m.Button{\"propertyName\":\"text\",\"key\":\"inspectContent\"}"}]}
RESULT: undefined
COMMAND: POST /session/8ec9a5a82762f7d66849db7cf3411cd3/element - {"using":"xpath","value":"//*[@id=\"__button10\"]"}
RESULT: {"using":"xpath","value":"//*[@id=\"__button10\"]"}
COMMAND: POST /session/8ec9a5a82762f7d66849db7cf3411cd3/element/f.65A29F3FDC0D20C80C8CC99BA8EBED59.d.872318D09C2E5A92BC9BE57EF5478CE0.e.4228/click - {}
RESULT: {}
COMMAND: GET /session/8ec9a5a82762f7d66849db7cf3411cd3/screenshot - {}
RESULT: {}
COMMAND: POST /session/8ec9a5a82762f7d66849db7cf3411cd3/execute/async - {"script":"<script> [1562 bytes]","args":[{"selector":{"controlType":"sap.m.Button","properties":{"text":"OK"},"searchOpenDialogs":true,"interaction":{"idSuffix":"BDI-content"}},"wdio_ui5_key":"sapm.Button{\"text\":\"OK\"}"}]}
RESULT: {"script":"<script> [1562 bytes]","args":[{"selector":{"controlType":"sap.m.Button","properties":{"text":"OK"},"searchOpenDialogs":true,"interaction":{"idSuffix":"BDI-content"}},"wdio_ui5_key":"sapm.Button{\"text\":\"OK\"}"}]}
RESULT: undefined
COMMAND: POST /session/8ec9a5a82762f7d66849db7cf3411cd3/element - {"using":"xpath","value":"//*[@id=\"__mbox-btn-0\"]"}
RESULT: {"using":"xpath","value":"//*[@id=\"__mbox-btn-0\"]"}
COMMAND: POST /session/8ec9a5a82762f7d66849db7cf3411cd3/element/f.65A29F3FDC0D20C80C8CC99BA8EBED59.d.872318D09C2E5A92BC9BE57EF5478CE0.e.4229/click - {}
RESULT: {}
COMMAND: GET /session/8ec9a5a82762f7d66849db7cf3411cd3/screenshot - {}
RESULT: {}
COMMAND: POST /session/8ec9a5a82762f7d66849db7cf3411cd3/execute/async - {"script":"<script> [1562 bytes]","args":[{"selector":{"id":"application-iscorders-display-component---createOrder--orderTitle","interaction":{"idSuffix":"inner"}},"wdio_ui5_key":"applicationiscorders-display-component---createOrder--orderTitle"}]}
RESULT: {"script":"<script> [1562 bytes]","args":[{"selector":{"id":"application-iscorders-display-component---createOrder--orderTitle","interaction":{"idSuffix":"inner"}},"wdio_ui5_key":"applicationiscorders-display-component---createOrder--orderTitle"}]}
RESULT: undefined
COMMAND: POST /session/8ec9a5a82762f7d66849db7cf3411cd3/execute/async - {"script":"<script> [776 bytes]","args":[{"enterText":"Webdriver Order","selector":{"id":"application-iscorders-display-component---createOrder--orderTitle","interaction":{"idSuffix":"inner"}},"clearTextFirst":true,"interactionType":"ENTER_TEXT"}]}
RESULT: {"script":"<script> [776 bytes]","args":[{"enterText":"Webdriver Order","selector":{"id":"application-iscorders-display-component---createOrder--orderTitle","interaction":{"idSuffix":"inner"}},"clearTextFirst":true,"interactionType":"ENTER_TEXT"}]}
COMMAND: POST /session/8ec9a5a82762f7d66849db7cf3411cd3/execute/async - {"script":"<script> [1562 bytes]","args":[{"selector":{"id":"application-iscorders-display-component---createOrder--orderDesc","interaction":{"idSuffix":"inner"}},"wdio_ui5_key":"applicationiscorders-display-component---createOrder--orderDesc"}]}
RESULT: {"script":"<script> [1562 bytes]","args":[{"selector":{"id":"application-iscorders-display-component---createOrder--orderDesc","interaction":{"idSuffix":"inner"}},"wdio_ui5_key":"applicationiscorders-display-component---createOrder--orderDesc"}]}
RESULT: undefined
COMMAND: POST /session/8ec9a5a82762f7d66849db7cf3411cd3/execute/async - {"script":"<script> [776 bytes]","args":[{"enterText":"Order Description","selector":{"id":"application-iscorders-display-component---createOrder--orderDesc","interaction":{"idSuffix":"inner"}},"clearTextFirst":true,"interactionType":"ENTER_TEXT"}]}
RESULT: {"script":"<script> [776 bytes]","args":[{"enterText":"Order Description","selector":{"id":"application-iscorders-display-component---createOrder--orderDesc","interaction":{"idSuffix":"inner"}},"clearTextFirst":true,"interactionType":"ENTER_TEXT"}]}
COMMAND: POST /session/8ec9a5a82762f7d66849db7cf3411cd3/execute/async - {"script":"<script> [1562 bytes]","args":[{"selector":{"controlType":"sap.m.Button","viewName":"etm.portal.ui.iscorders.view.New","viewId":"application-iscorders-display-component---createOrder","properties":{"text":"Cost information"},"interaction":{"idSuffix":"BDI-content"}},"wdio_ui5_key":"etmportal.ui.iscorders.view.Newsap.m.Button{\"text\":\"Cost information\"}"}]}
RESULT: {"script":"<script> [1562 bytes]","args":[{"selector":{"controlType":"sap.m.Button","viewName":"etm.portal.ui.iscorders.view.New","viewId":"application-iscorders-display-component---createOrder","properties":{"text":"Cost information"},"interaction":{"idSuffix":"BDI-content"}},"wdio_ui5_key":"etmportal.ui.iscorders.view.Newsap.m.Button{\"text\":\"Cost information\"}"}]}
RESULT: undefined
COMMAND: POST /session/8ec9a5a82762f7d66849db7cf3411cd3/element - {"using":"xpath","value":"//*[@id=\"application-iscorders-display-component---createOrder--newOrderObjectPageLayout-anchBar-application-iscorders-display-component---createOrder--costInformation-anchor\"]"}
RESULT: {"using":"xpath","value":"//*[@id=\"application-iscorders-display-component---createOrder--newOrderObjectPageLayout-anchBar-application-iscorders-display-component---createOrder--costInformation-anchor\"]"}
COMMAND: POST /session/8ec9a5a82762f7d66849db7cf3411cd3/element/f.65A29F3FDC0D20C80C8CC99BA8EBED59.d.872318D09C2E5A92BC9BE57EF5478CE0.e.4626/click - {}
RESULT: {}
COMMAND: GET /session/8ec9a5a82762f7d66849db7cf3411cd3/screenshot - {}
RESULT: {}
COMMAND: POST /session/8ec9a5a82762f7d66849db7cf3411cd3/execute/async - {"script":"<script> [1562 bytes]","args":[{"selector":{"id":"application-iscorders-display-component---createOrder--durationDimension-arrow"},"wdio_ui5_key":"applicationiscorders-display-component---createOrder--durationDimension-arrow"}]}
RESULT: {"script":"<script> [1562 bytes]","args":[{"selector":{"id":"application-iscorders-display-component---createOrder--durationDimension-arrow"},"wdio_ui5_key":"applicationiscorders-display-component---createOrder--durationDimension-arrow"}]}
RESULT: undefined
COMMAND: POST /session/8ec9a5a82762f7d66849db7cf3411cd3/element - {"using":"xpath","value":"//*[@id=\"application-iscorders-display-component---createOrder--durationDimension-arrow\"]"}
RESULT: {"using":"xpath","value":"//*[@id=\"application-iscorders-display-component---createOrder--durationDimension-arrow\"]"}
COMMAND: POST /session/8ec9a5a82762f7d66849db7cf3411cd3/element/f.65A29F3FDC0D20C80C8CC99BA8EBED59.d.872318D09C2E5A92BC9BE57EF5478CE0.e.4631/click - {}
RESULT: {}
COMMAND: GET /session/8ec9a5a82762f7d66849db7cf3411cd3/screenshot - {}
RESULT: {}
COMMAND: POST /session/8ec9a5a82762f7d66849db7cf3411cd3/execute/async - {"script":"<script> [1562 bytes]","args":[{"selector":{"controlType":"sap.m.StandardListItem","viewName":"etm.portal.ui.iscorders.view.New","viewId":"application-iscorders-display-component---createOrder","properties":{"title":"Days"},"searchOpenDialogs":true,"interaction":{"idSuffix":"titleText"}},"wdio_ui5_key":"etmportal.ui.iscorders.view.Newsap.m.StandardListItem{\"title\":\"Days\"}"}]}
RESULT: {"script":"<script> [1562 bytes]","args":[{"selector":{"controlType":"sap.m.StandardListItem","viewName":"etm.portal.ui.iscorders.view.New","viewId":"application-iscorders-display-component---createOrder","properties":{"title":"Days"},"searchOpenDialogs":true,"interaction":{"idSuffix":"titleText"}},"wdio_ui5_key":"etmportal.ui.iscorders.view.Newsap.m.StandardListItem{\"title\":\"Days\"}"}]}
RESULT: undefined
COMMAND: POST /session/8ec9a5a82762f7d66849db7cf3411cd3/element - {"using":"xpath","value":"//*[@id=\"__item137\"]"}
RESULT: {"using":"xpath","value":"//*[@id=\"__item137\"]"}
COMMAND: POST /session/8ec9a5a82762f7d66849db7cf3411cd3/element/f.65A29F3FDC0D20C80C8CC99BA8EBED59.d.872318D09C2E5A92BC9BE57EF5478CE0.e.4633/click - {}
RESULT: {}
COMMAND: GET /session/8ec9a5a82762f7d66849db7cf3411cd3/screenshot - {}
RESULT: {}
COMMAND: POST /session/8ec9a5a82762f7d66849db7cf3411cd3/execute/async - {"script":"<script> [1562 bytes]","args":[{"selector":{"id":"application-iscorders-display-component---createOrder--addPersonButton","interaction":{"idSuffix":"inner"}},"wdio_ui5_key":"applicationiscorders-display-component---createOrder--addPersonButton"}]}
RESULT: {"script":"<script> [1562 bytes]","args":[{"selector":{"id":"application-iscorders-display-component---createOrder--addPersonButton","interaction":{"idSuffix":"inner"}},"wdio_ui5_key":"applicationiscorders-display-component---createOrder--addPersonButton"}]}
RESULT: undefined
COMMAND: POST /session/8ec9a5a82762f7d66849db7cf3411cd3/element - {"using":"xpath","value":"//*[@id=\"application-iscorders-display-component---createOrder--addPersonButton\"]"}
RESULT: {"using":"xpath","value":"//*[@id=\"application-iscorders-display-component---createOrder--addPersonButton\"]"}
COMMAND: POST /session/8ec9a5a82762f7d66849db7cf3411cd3/element/f.65A29F3FDC0D20C80C8CC99BA8EBED59.d.872318D09C2E5A92BC9BE57EF5478CE0.e.4635/click - {}
RESULT: {}
COMMAND: GET /session/8ec9a5a82762f7d66849db7cf3411cd3/screenshot - {}
RESULT: {}
COMMAND: POST /session/8ec9a5a82762f7d66849db7cf3411cd3/execute/async - {"script":"<script> [1562 bytes]","args":[{"selector":{"controlType":"sap.m.SearchField","viewName":"etm.portal.ui.iscorders.view.New","viewId":"application-iscorders-display-component---createOrder","properties":{"value":"Test unit update"},"searchOpenDialogs":true,"interaction":{"idSuffix":"I"}},"wdio_ui5_key":"etmportal.ui.iscorders.view.Newsap.m.SearchField{\"value\":\"Test unit update\"}"}]}
RESULT: {"script":"<script> [1562 bytes]","args":[{"selector":{"controlType":"sap.m.SearchField","viewName":"etm.portal.ui.iscorders.view.New","viewId":"application-iscorders-display-component---createOrder","properties":{"value":"Test unit update"},"searchOpenDialogs":true,"interaction":{"idSuffix":"I"}},"wdio_ui5_key":"etmportal.ui.iscorders.view.Newsap.m.SearchField{\"value\":\"Test unit update\"}"}]}
RESULT: undefined
COMMAND: POST /session/8ec9a5a82762f7d66849db7cf3411cd3/actions - {"actions":[{"id":"action7","type":"key","parameters":{},"actions":[{"type":"keyDown","value":""},{"type":"pause","duration":10},{"type":"keyUp","value":""}]}]}
RESULT: {"actions":[{"id":"action7","type":"key","parameters":{},"actions":[{"type":"keyDown","value":""},{"type":"pause","duration":10},{"type":"keyUp","value":""}]}]}
COMMAND: POST /session/8ec9a5a82762f7d66849db7cf3411cd3/execute/async - {"script":"<script> [1562 bytes]","args":[{"selector":{"controlType":"sap.m.ObjectAttribute","viewName":"etm.portal.ui.iscorders.view.New","viewId":"application-iscorders-display-component---createOrder","i18NText":{"propertyName":"title","key":"email"},"searchOpenDialogs":true},"wdio_ui5_key":"etmportal.ui.iscorders.view.Newsap.m.ObjectAttribute{\"propertyName\":\"title\",\"key\":\"email\"}"}]}
COMMAND: GET /session/8ec9a5a82762f7d66849db7cf3411cd3/screenshot - {}
RESULT: {"script":"<script> [1562 bytes]","args":[{"selector":{"controlType":"sap.m.ObjectAttribute","viewName":"etm.portal.ui.iscorders.view.New","viewId":"application-iscorders-display-component---createOrder","i18NText":{"propertyName":"title","key":"email"},"searchOpenDialogs":true},"wdio_ui5_key":"etmportal.ui.iscorders.view.Newsap.m.ObjectAttribute{\"propertyName\":\"title\",\"key\":\"email\"}"}]}
RESULT: undefined
COMMAND: GET /session/8ec9a5a82762f7d66849db7cf3411cd3/screenshot - {}
RESULT: {}
RESULT: {}
COMMAND: GET /session/8ec9a5a82762f7d66849db7cf3411cd3/screenshot - {}
COMMAND: GET /session/8ec9a5a82762f7d66849db7cf3411cd3/screenshot - {}
RESULT: {}
RESULT: {}
COMMAND: DELETE /session/8ec9a5a82762f7d66849db7cf3411cd3 - {}
RESULT: {}
]]></system-out>
      <system-err><![CDATA[
TypeError: Cannot read properties of undefined (reading 'match')
    at Proxy.press (file:///D:/a/1/s/node_modules/wdio-ui5-service/esm/lib/wdi5-control.js:210:50)
    at async Context.<anonymous> (D:\a\1\s\test\specs\HTR\bor-completeness-check.spec.js:202:9)
]]></system-err>
    </testcase>
  </testsuite>
</testsuites>