<?xml version="1.0" encoding="UTF-8"?>
<testsuites tests="11" failures="0" errors="0" skipped="0">
  <testsuite timestamp="2025-04-16T17:28:32" time="1438.604" tests="11" failures="0" errors="0" skipped="0">
    <properties>
      <property name="specId" value="0"/>
      <property name="suiteName" value="Partner specific tests US150819 US151080 US151654 US151176 US103444 US151078 US151079 US151109 US151174 US151175 US151189"/>
      <property name="capabilities" value="chrome.135_0_7049_42.windows"/>
      <property name="file" value="file:///D:/a/1/s/test/specs/BTS/manage-partners.spec.js"/>
    </properties>
    <testcase classname="chrome.135_0_7049_42.windows.Partner_specific_tests_US150819_US151080_US151654_US151176_US103444_US151078_US151079_US151109_US151174_US151175_US151189" name="Should create a new yard prerequisite" time="147.002">
      <system-out><![CDATA[
COMMAND: POST /session/2fb6d640d7e56baf8781ddfc65543b63/window/fullscreen - {}
RESULT: {}
COMMAND: POST /session/2fb6d640d7e56baf8781ddfc65543b63/element - {"using":"xpath","value":"//li[.//span[text()=\"Manage Partners\"]]"}
RESULT: {"using":"xpath","value":"//li[.//span[text()=\"Manage Partners\"]]"}
COMMAND: POST /session/2fb6d640d7e56baf8781ddfc65543b63/element - {"using":"xpath","value":"//li[.//span[text()=\"Manage Partners\"]]"}
RESULT: {"using":"xpath","value":"//li[.//span[text()=\"Manage Partners\"]]"}
COMMAND: POST /session/2fb6d640d7e56baf8781ddfc65543b63/element - {"using":"css selector","value":"#shell-header-logo"}
RESULT: {"using":"css selector","value":"#shell-header-logo"}
COMMAND: POST /session/2fb6d640d7e56baf8781ddfc65543b63/element/f.CCF77AB910636C8B118410FB7AEDA09C.d.555D0094D826B080768F94756AB4D949.e.257/click - {}
COMMAND: POST /session/2fb6d640d7e56baf8781ddfc65543b63/execute/sync - {"script":"<script> [8489 bytes]","args":[{"element-6066-11e4-a52e-4f735466cecf":"f.CCF77AB910636C8B118410FB7AEDA09C.d.555D0094D826B080768F94756AB4D949.e.257","ELEMENT":"f.CCF77AB910636C8B118410FB7AEDA09C.d.555D0094D826B080768F94756AB4D949.e.257"}]}
RESULT: {}
COMMAND: GET /session/2fb6d640d7e56baf8781ddfc65543b63/screenshot - {}
RESULT: {"script":"<script> [8489 bytes]","args":[{"element-6066-11e4-a52e-4f735466cecf":"f.CCF77AB910636C8B118410FB7AEDA09C.d.555D0094D826B080768F94756AB4D949.e.257","ELEMENT":"f.CCF77AB910636C8B118410FB7AEDA09C.d.555D0094D826B080768F94756AB4D949.e.257"}]}
COMMAND: POST /session/2fb6d640d7e56baf8781ddfc65543b63/execute/sync - {"script":"<script> [5351 bytes]","args":[{"element-6066-11e4-a52e-4f735466cecf":"f.CCF77AB910636C8B118410FB7AEDA09C.d.555D0094D826B080768F94756AB4D949.e.257","ELEMENT":"f.CCF77AB910636C8B118410FB7AEDA09C.d.555D0094D826B080768F94756AB4D949.e.257"}]}
COMMAND: GET /session/2fb6d640d7e56baf8781ddfc65543b63/screenshot - {}
RESULT: {}
RESULT: {"script":"<script> [5351 bytes]","args":[{"element-6066-11e4-a52e-4f735466cecf":"f.CCF77AB910636C8B118410FB7AEDA09C.d.555D0094D826B080768F94756AB4D949.e.257","ELEMENT":"f.CCF77AB910636C8B118410FB7AEDA09C.d.555D0094D826B080768F94756AB4D949.e.257"}]}
COMMAND: GET /session/2fb6d640d7e56baf8781ddfc65543b63/screenshot - {}
RESULT: {}
RESULT: {}
COMMAND: POST /session/2fb6d640d7e56baf8781ddfc65543b63/execute/async - {"script":"<script> [1562 bytes]","args":[{"selector":{"controlType":"sap.m.GenericTile","properties":{"header":"Manage Yards"}},"wdio_ui5_key":"sapm.GenericTile{\"header\":\"Manage Yards\"}"}]}
RESULT: {"script":"<script> [1562 bytes]","args":[{"selector":{"controlType":"sap.m.GenericTile","properties":{"header":"Manage Yards"}},"wdio_ui5_key":"sapm.GenericTile{\"header\":\"Manage Yards\"}"}]}
RESULT: undefined
COMMAND: POST /session/2fb6d640d7e56baf8781ddfc65543b63/element - {"using":"xpath","value":"//*[@id=\"__tile41\"]"}
RESULT: {"using":"xpath","value":"//*[@id=\"__tile41\"]"}
COMMAND: POST /session/2fb6d640d7e56baf8781ddfc65543b63/element/f.CCF77AB910636C8B118410FB7AEDA09C.d.555D0094D826B080768F94756AB4D949.e.157/click - {}
RESULT: {}
COMMAND: POST /session/2fb6d640d7e56baf8781ddfc65543b63/element - {"using":"xpath","value":"//button[@data-kt=\"addNewYardOverflowToolbarButton\"]"}
COMMAND: GET /session/2fb6d640d7e56baf8781ddfc65543b63/screenshot - {}
RESULT: {"using":"xpath","value":"//button[@data-kt=\"addNewYardOverflowToolbarButton\"]"}
COMMAND: POST /session/2fb6d640d7e56baf8781ddfc65543b63/elements - {"using":"xpath","value":"//button[@data-kt=\"addNewYardOverflowToolbarButton\"]"}
RESULT: {}
RESULT: {"using":"xpath","value":"//button[@data-kt=\"addNewYardOverflowToolbarButton\"]"}
COMMAND: POST /session/2fb6d640d7e56baf8781ddfc65543b63/elements - {"using":"xpath","value":"//button[@data-kt=\"addNewYardOverflowToolbarButton\"]"}
RESULT: {"using":"xpath","value":"//button[@data-kt=\"addNewYardOverflowToolbarButton\"]"}
COMMAND: POST /session/2fb6d640d7e56baf8781ddfc65543b63/elements - {"using":"xpath","value":"//button[@data-kt=\"addNewYardOverflowToolbarButton\"]"}
RESULT: {"using":"xpath","value":"//button[@data-kt=\"addNewYardOverflowToolbarButton\"]"}
COMMAND: POST /session/2fb6d640d7e56baf8781ddfc65543b63/elements - {"using":"xpath","value":"//button[@data-kt=\"addNewYardOverflowToolbarButton\"]"}
RESULT: {"using":"xpath","value":"//button[@data-kt=\"addNewYardOverflowToolbarButton\"]"}
COMMAND: POST /session/2fb6d640d7e56baf8781ddfc65543b63/elements - {"using":"xpath","value":"//button[@data-kt=\"addNewYardOverflowToolbarButton\"]"}
RESULT: {"using":"xpath","value":"//button[@data-kt=\"addNewYardOverflowToolbarButton\"]"}
COMMAND: POST /session/2fb6d640d7e56baf8781ddfc65543b63/elements - {"using":"xpath","value":"//button[@data-kt=\"addNewYardOverflowToolbarButton\"]"}
RESULT: {"using":"xpath","value":"//button[@data-kt=\"addNewYardOverflowToolbarButton\"]"}
COMMAND: POST /session/2fb6d640d7e56baf8781ddfc65543b63/elements - {"using":"xpath","value":"//button[@data-kt=\"addNewYardOverflowToolbarButton\"]"}
RESULT: {"using":"xpath","value":"//button[@data-kt=\"addNewYardOverflowToolbarButton\"]"}
COMMAND: POST /session/2fb6d640d7e56baf8781ddfc65543b63/elements - {"using":"xpath","value":"//button[@data-kt=\"addNewYardOverflowToolbarButton\"]"}
RESULT: {"using":"xpath","value":"//button[@data-kt=\"addNewYardOverflowToolbarButton\"]"}
COMMAND: POST /session/2fb6d640d7e56baf8781ddfc65543b63/elements - {"using":"xpath","value":"//button[@data-kt=\"addNewYardOverflowToolbarButton\"]"}
RESULT: {"using":"xpath","value":"//button[@data-kt=\"addNewYardOverflowToolbarButton\"]"}
COMMAND: POST /session/2fb6d640d7e56baf8781ddfc65543b63/elements - {"using":"xpath","value":"//button[@data-kt=\"addNewYardOverflowToolbarButton\"]"}
RESULT: {"using":"xpath","value":"//button[@data-kt=\"addNewYardOverflowToolbarButton\"]"}
COMMAND: POST /session/2fb6d640d7e56baf8781ddfc65543b63/elements - {"using":"xpath","value":"//button[@data-kt=\"addNewYardOverflowToolbarButton\"]"}
RESULT: {"using":"xpath","value":"//button[@data-kt=\"addNewYardOverflowToolbarButton\"]"}
COMMAND: POST /session/2fb6d640d7e56baf8781ddfc65543b63/elements - {"using":"xpath","value":"//button[@data-kt=\"addNewYardOverflowToolbarButton\"]"}
RESULT: {"using":"xpath","value":"//button[@data-kt=\"addNewYardOverflowToolbarButton\"]"}
COMMAND: POST /session/2fb6d640d7e56baf8781ddfc65543b63/elements - {"using":"xpath","value":"//button[@data-kt=\"addNewYardOverflowToolbarButton\"]"}
RESULT: {"using":"xpath","value":"//button[@data-kt=\"addNewYardOverflowToolbarButton\"]"}
COMMAND: POST /session/2fb6d640d7e56baf8781ddfc65543b63/elements - {"using":"xpath","value":"//button[@data-kt=\"addNewYardOverflowToolbarButton\"]"}
RESULT: {"using":"xpath","value":"//button[@data-kt=\"addNewYardOverflowToolbarButton\"]"}
COMMAND: POST /session/2fb6d640d7e56baf8781ddfc65543b63/elements - {"using":"xpath","value":"//button[@data-kt=\"addNewYardOverflowToolbarButton\"]"}
RESULT: {"using":"xpath","value":"//button[@data-kt=\"addNewYardOverflowToolbarButton\"]"}
COMMAND: POST /session/2fb6d640d7e56baf8781ddfc65543b63/elements - {"using":"xpath","value":"//button[@data-kt=\"addNewYardOverflowToolbarButton\"]"}
RESULT: {"using":"xpath","value":"//button[@data-kt=\"addNewYardOverflowToolbarButton\"]"}
COMMAND: POST /session/2fb6d640d7e56baf8781ddfc65543b63/elements - {"using":"xpath","value":"//button[@data-kt=\"addNewYardOverflowToolbarButton\"]"}
RESULT: {"using":"xpath","value":"//button[@data-kt=\"addNewYardOverflowToolbarButton\"]"}
COMMAND: POST /session/2fb6d640d7e56baf8781ddfc65543b63/elements - {"using":"xpath","value":"//button[@data-kt=\"addNewYardOverflowToolbarButton\"]"}
RESULT: {"using":"xpath","value":"//button[@data-kt=\"addNewYardOverflowToolbarButton\"]"}
COMMAND: POST /session/2fb6d640d7e56baf8781ddfc65543b63/elements - {"using":"xpath","value":"//button[@data-kt=\"addNewYardOverflowToolbarButton\"]"}
RESULT: {"using":"xpath","value":"//button[@data-kt=\"addNewYardOverflowToolbarButton\"]"}
COMMAND: POST /session/2fb6d640d7e56baf8781ddfc65543b63/elements - {"using":"xpath","value":"//button[@data-kt=\"addNewYardOverflowToolbarButton\"]"}
RESULT: {"using":"xpath","value":"//button[@data-kt=\"addNewYardOverflowToolbarButton\"]"}
COMMAND: POST /session/2fb6d640d7e56baf8781ddfc65543b63/elements - {"using":"xpath","value":"//button[@data-kt=\"addNewYardOverflowToolbarButton\"]"}
RESULT: {"using":"xpath","value":"//button[@data-kt=\"addNewYardOverflowToolbarButton\"]"}
COMMAND: POST /session/2fb6d640d7e56baf8781ddfc65543b63/elements - {"using":"xpath","value":"//button[@data-kt=\"addNewYardOverflowToolbarButton\"]"}
RESULT: {"using":"xpath","value":"//button[@data-kt=\"addNewYardOverflowToolbarButton\"]"}
COMMAND: POST /session/2fb6d640d7e56baf8781ddfc65543b63/elements - {"using":"xpath","value":"//button[@data-kt=\"addNewYardOverflowToolbarButton\"]"}
RESULT: {"using":"xpath","value":"//button[@data-kt=\"addNewYardOverflowToolbarButton\"]"}
COMMAND: POST /session/2fb6d640d7e56baf8781ddfc65543b63/elements - {"using":"xpath","value":"//button[@data-kt=\"addNewYardOverflowToolbarButton\"]"}
RESULT: {"using":"xpath","value":"//button[@data-kt=\"addNewYardOverflowToolbarButton\"]"}
COMMAND: POST /session/2fb6d640d7e56baf8781ddfc65543b63/elements - {"using":"xpath","value":"//button[@data-kt=\"addNewYardOverflowToolbarButton\"]"}
RESULT: {"using":"xpath","value":"//button[@data-kt=\"addNewYardOverflowToolbarButton\"]"}
COMMAND: POST /session/2fb6d640d7e56baf8781ddfc65543b63/elements - {"using":"xpath","value":"//button[@data-kt=\"addNewYardOverflowToolbarButton\"]"}
RESULT: {"using":"xpath","value":"//button[@data-kt=\"addNewYardOverflowToolbarButton\"]"}
COMMAND: POST /session/2fb6d640d7e56baf8781ddfc65543b63/elements - {"using":"xpath","value":"//button[@data-kt=\"addNewYardOverflowToolbarButton\"]"}
RESULT: {"using":"xpath","value":"//button[@data-kt=\"addNewYardOverflowToolbarButton\"]"}
COMMAND: POST /session/2fb6d640d7e56baf8781ddfc65543b63/elements - {"using":"xpath","value":"//button[@data-kt=\"addNewYardOverflowToolbarButton\"]"}
RESULT: {"using":"xpath","value":"//button[@data-kt=\"addNewYardOverflowToolbarButton\"]"}
COMMAND: POST /session/2fb6d640d7e56baf8781ddfc65543b63/elements - {"using":"xpath","value":"//button[@data-kt=\"addNewYardOverflowToolbarButton\"]"}
RESULT: {"using":"xpath","value":"//button[@data-kt=\"addNewYardOverflowToolbarButton\"]"}
COMMAND: POST /session/2fb6d640d7e56baf8781ddfc65543b63/elements - {"using":"xpath","value":"//button[@data-kt=\"addNewYardOverflowToolbarButton\"]"}
RESULT: {"using":"xpath","value":"//button[@data-kt=\"addNewYardOverflowToolbarButton\"]"}
COMMAND: POST /session/2fb6d640d7e56baf8781ddfc65543b63/elements - {"using":"xpath","value":"//button[@data-kt=\"addNewYardOverflowToolbarButton\"]"}
RESULT: {"using":"xpath","value":"//button[@data-kt=\"addNewYardOverflowToolbarButton\"]"}
COMMAND: POST /session/2fb6d640d7e56baf8781ddfc65543b63/elements - {"using":"xpath","value":"//button[@data-kt=\"addNewYardOverflowToolbarButton\"]"}
RESULT: {"using":"xpath","value":"//button[@data-kt=\"addNewYardOverflowToolbarButton\"]"}
COMMAND: POST /session/2fb6d640d7e56baf8781ddfc65543b63/elements - {"using":"xpath","value":"//button[@data-kt=\"addNewYardOverflowToolbarButton\"]"}
RESULT: {"using":"xpath","value":"//button[@data-kt=\"addNewYardOverflowToolbarButton\"]"}
COMMAND: POST /session/2fb6d640d7e56baf8781ddfc65543b63/elements - {"using":"xpath","value":"//button[@data-kt=\"addNewYardOverflowToolbarButton\"]"}
RESULT: {"using":"xpath","value":"//button[@data-kt=\"addNewYardOverflowToolbarButton\"]"}
COMMAND: POST /session/2fb6d640d7e56baf8781ddfc65543b63/elements - {"using":"xpath","value":"//button[@data-kt=\"addNewYardOverflowToolbarButton\"]"}
RESULT: {"using":"xpath","value":"//button[@data-kt=\"addNewYardOverflowToolbarButton\"]"}
COMMAND: POST /session/2fb6d640d7e56baf8781ddfc65543b63/elements - {"using":"xpath","value":"//button[@data-kt=\"addNewYardOverflowToolbarButton\"]"}
RESULT: {"using":"xpath","value":"//button[@data-kt=\"addNewYardOverflowToolbarButton\"]"}
COMMAND: POST /session/2fb6d640d7e56baf8781ddfc65543b63/elements - {"using":"xpath","value":"//button[@data-kt=\"addNewYardOverflowToolbarButton\"]"}
RESULT: {"using":"xpath","value":"//button[@data-kt=\"addNewYardOverflowToolbarButton\"]"}
COMMAND: POST /session/2fb6d640d7e56baf8781ddfc65543b63/elements - {"using":"xpath","value":"//button[@data-kt=\"addNewYardOverflowToolbarButton\"]"}
RESULT: {"using":"xpath","value":"//button[@data-kt=\"addNewYardOverflowToolbarButton\"]"}
COMMAND: POST /session/2fb6d640d7e56baf8781ddfc65543b63/elements - {"using":"xpath","value":"//button[@data-kt=\"addNewYardOverflowToolbarButton\"]"}
RESULT: {"using":"xpath","value":"//button[@data-kt=\"addNewYardOverflowToolbarButton\"]"}
COMMAND: POST /session/2fb6d640d7e56baf8781ddfc65543b63/elements - {"using":"xpath","value":"//button[@data-kt=\"addNewYardOverflowToolbarButton\"]"}
RESULT: {"using":"xpath","value":"//button[@data-kt=\"addNewYardOverflowToolbarButton\"]"}
COMMAND: POST /session/2fb6d640d7e56baf8781ddfc65543b63/elements - {"using":"xpath","value":"//button[@data-kt=\"addNewYardOverflowToolbarButton\"]"}
RESULT: {"using":"xpath","value":"//button[@data-kt=\"addNewYardOverflowToolbarButton\"]"}
COMMAND: POST /session/2fb6d640d7e56baf8781ddfc65543b63/elements - {"using":"xpath","value":"//button[@data-kt=\"addNewYardOverflowToolbarButton\"]"}
RESULT: {"using":"xpath","value":"//button[@data-kt=\"addNewYardOverflowToolbarButton\"]"}
COMMAND: POST /session/2fb6d640d7e56baf8781ddfc65543b63/elements - {"using":"xpath","value":"//button[@data-kt=\"addNewYardOverflowToolbarButton\"]"}
RESULT: {"using":"xpath","value":"//button[@data-kt=\"addNewYardOverflowToolbarButton\"]"}
COMMAND: POST /session/2fb6d640d7e56baf8781ddfc65543b63/elements - {"using":"xpath","value":"//button[@data-kt=\"addNewYardOverflowToolbarButton\"]"}
RESULT: {"using":"xpath","value":"//button[@data-kt=\"addNewYardOverflowToolbarButton\"]"}
COMMAND: POST /session/2fb6d640d7e56baf8781ddfc65543b63/elements - {"using":"xpath","value":"//button[@data-kt=\"addNewYardOverflowToolbarButton\"]"}
RESULT: {"using":"xpath","value":"//button[@data-kt=\"addNewYardOverflowToolbarButton\"]"}
COMMAND: POST /session/2fb6d640d7e56baf8781ddfc65543b63/elements - {"using":"xpath","value":"//button[@data-kt=\"addNewYardOverflowToolbarButton\"]"}
RESULT: {"using":"xpath","value":"//button[@data-kt=\"addNewYardOverflowToolbarButton\"]"}
COMMAND: POST /session/2fb6d640d7e56baf8781ddfc65543b63/elements - {"using":"xpath","value":"//button[@data-kt=\"addNewYardOverflowToolbarButton\"]"}
RESULT: {"using":"xpath","value":"//button[@data-kt=\"addNewYardOverflowToolbarButton\"]"}
COMMAND: POST /session/2fb6d640d7e56baf8781ddfc65543b63/elements - {"using":"xpath","value":"//button[@data-kt=\"addNewYardOverflowToolbarButton\"]"}
RESULT: {"using":"xpath","value":"//button[@data-kt=\"addNewYardOverflowToolbarButton\"]"}
COMMAND: POST /session/2fb6d640d7e56baf8781ddfc65543b63/elements - {"using":"xpath","value":"//button[@data-kt=\"addNewYardOverflowToolbarButton\"]"}
RESULT: {"using":"xpath","value":"//button[@data-kt=\"addNewYardOverflowToolbarButton\"]"}
COMMAND: POST /session/2fb6d640d7e56baf8781ddfc65543b63/elements - {"using":"xpath","value":"//button[@data-kt=\"addNewYardOverflowToolbarButton\"]"}
RESULT: {"using":"xpath","value":"//button[@data-kt=\"addNewYardOverflowToolbarButton\"]"}
COMMAND: POST /session/2fb6d640d7e56baf8781ddfc65543b63/elements - {"using":"xpath","value":"//button[@data-kt=\"addNewYardOverflowToolbarButton\"]"}
RESULT: {"using":"xpath","value":"//button[@data-kt=\"addNewYardOverflowToolbarButton\"]"}
COMMAND: POST /session/2fb6d640d7e56baf8781ddfc65543b63/elements - {"using":"xpath","value":"//button[@data-kt=\"addNewYardOverflowToolbarButton\"]"}
RESULT: {"using":"xpath","value":"//button[@data-kt=\"addNewYardOverflowToolbarButton\"]"}
COMMAND: POST /session/2fb6d640d7e56baf8781ddfc65543b63/elements - {"using":"xpath","value":"//button[@data-kt=\"addNewYardOverflowToolbarButton\"]"}
RESULT: {"using":"xpath","value":"//button[@data-kt=\"addNewYardOverflowToolbarButton\"]"}
COMMAND: POST /session/2fb6d640d7e56baf8781ddfc65543b63/elements - {"using":"xpath","value":"//button[@data-kt=\"addNewYardOverflowToolbarButton\"]"}
RESULT: {"using":"xpath","value":"//button[@data-kt=\"addNewYardOverflowToolbarButton\"]"}
COMMAND: POST /session/2fb6d640d7e56baf8781ddfc65543b63/elements - {"using":"xpath","value":"//button[@data-kt=\"addNewYardOverflowToolbarButton\"]"}
RESULT: {"using":"xpath","value":"//button[@data-kt=\"addNewYardOverflowToolbarButton\"]"}
COMMAND: POST /session/2fb6d640d7e56baf8781ddfc65543b63/elements - {"using":"xpath","value":"//button[@data-kt=\"addNewYardOverflowToolbarButton\"]"}
RESULT: {"using":"xpath","value":"//button[@data-kt=\"addNewYardOverflowToolbarButton\"]"}
COMMAND: POST /session/2fb6d640d7e56baf8781ddfc65543b63/elements - {"using":"xpath","value":"//button[@data-kt=\"addNewYardOverflowToolbarButton\"]"}
RESULT: {"using":"xpath","value":"//button[@data-kt=\"addNewYardOverflowToolbarButton\"]"}
COMMAND: POST /session/2fb6d640d7e56baf8781ddfc65543b63/elements - {"using":"xpath","value":"//button[@data-kt=\"addNewYardOverflowToolbarButton\"]"}
RESULT: {"using":"xpath","value":"//button[@data-kt=\"addNewYardOverflowToolbarButton\"]"}
COMMAND: POST /session/2fb6d640d7e56baf8781ddfc65543b63/elements - {"using":"xpath","value":"//button[@data-kt=\"addNewYardOverflowToolbarButton\"]"}
RESULT: {"using":"xpath","value":"//button[@data-kt=\"addNewYardOverflowToolbarButton\"]"}
COMMAND: POST /session/2fb6d640d7e56baf8781ddfc65543b63/elements - {"using":"xpath","value":"//button[@data-kt=\"addNewYardOverflowToolbarButton\"]"}
RESULT: {"using":"xpath","value":"//button[@data-kt=\"addNewYardOverflowToolbarButton\"]"}
COMMAND: POST /session/2fb6d640d7e56baf8781ddfc65543b63/elements - {"using":"xpath","value":"//button[@data-kt=\"addNewYardOverflowToolbarButton\"]"}
RESULT: {"using":"xpath","value":"//button[@data-kt=\"addNewYardOverflowToolbarButton\"]"}
COMMAND: POST /session/2fb6d640d7e56baf8781ddfc65543b63/elements - {"using":"xpath","value":"//button[@data-kt=\"addNewYardOverflowToolbarButton\"]"}
RESULT: {"using":"xpath","value":"//button[@data-kt=\"addNewYardOverflowToolbarButton\"]"}
COMMAND: POST /session/2fb6d640d7e56baf8781ddfc65543b63/elements - {"using":"xpath","value":"//button[@data-kt=\"addNewYardOverflowToolbarButton\"]"}
RESULT: {"using":"xpath","value":"//button[@data-kt=\"addNewYardOverflowToolbarButton\"]"}
COMMAND: POST /session/2fb6d640d7e56baf8781ddfc65543b63/elements - {"using":"xpath","value":"//button[@data-kt=\"addNewYardOverflowToolbarButton\"]"}
RESULT: {"using":"xpath","value":"//button[@data-kt=\"addNewYardOverflowToolbarButton\"]"}
COMMAND: POST /session/2fb6d640d7e56baf8781ddfc65543b63/elements - {"using":"xpath","value":"//button[@data-kt=\"addNewYardOverflowToolbarButton\"]"}
RESULT: {"using":"xpath","value":"//button[@data-kt=\"addNewYardOverflowToolbarButton\"]"}
COMMAND: POST /session/2fb6d640d7e56baf8781ddfc65543b63/elements - {"using":"xpath","value":"//button[@data-kt=\"addNewYardOverflowToolbarButton\"]"}
RESULT: {"using":"xpath","value":"//button[@data-kt=\"addNewYardOverflowToolbarButton\"]"}
COMMAND: POST /session/2fb6d640d7e56baf8781ddfc65543b63/elements - {"using":"xpath","value":"//button[@data-kt=\"addNewYardOverflowToolbarButton\"]"}
RESULT: {"using":"xpath","value":"//button[@data-kt=\"addNewYardOverflowToolbarButton\"]"}
COMMAND: POST /session/2fb6d640d7e56baf8781ddfc65543b63/element - {"using":"xpath","value":"//button[@data-kt=\"addNewYardOverflowToolbarButton\"]"}
RESULT: {"using":"xpath","value":"//button[@data-kt=\"addNewYardOverflowToolbarButton\"]"}
COMMAND: POST /session/2fb6d640d7e56baf8781ddfc65543b63/execute/sync - {"script":"<script> [8489 bytes]","args":[{"element-6066-11e4-a52e-4f735466cecf":"f.CCF77AB910636C8B118410FB7AEDA09C.d.555D0094D826B080768F94756AB4D949.e.290","ELEMENT":"f.CCF77AB910636C8B118410FB7AEDA09C.d.555D0094D826B080768F94756AB4D949.e.290"}]}
RESULT: {"script":"<script> [8489 bytes]","args":[{"element-6066-11e4-a52e-4f735466cecf":"f.CCF77AB910636C8B118410FB7AEDA09C.d.555D0094D826B080768F94756AB4D949.e.290","ELEMENT":"f.CCF77AB910636C8B118410FB7AEDA09C.d.555D0094D826B080768F94756AB4D949.e.290"}]}
COMMAND: GET /session/2fb6d640d7e56baf8781ddfc65543b63/element/f.CCF77AB910636C8B118410FB7AEDA09C.d.555D0094D826B080768F94756AB4D949.e.290/enabled - {}
COMMAND: GET /session/2fb6d640d7e56baf8781ddfc65543b63/screenshot - {}
RESULT: {}
COMMAND: POST /session/2fb6d640d7e56baf8781ddfc65543b63/execute/sync - {"script":"<script> [8489 bytes]","args":[{"element-6066-11e4-a52e-4f735466cecf":"f.CCF77AB910636C8B118410FB7AEDA09C.d.555D0094D826B080768F94756AB4D949.e.290","ELEMENT":"f.CCF77AB910636C8B118410FB7AEDA09C.d.555D0094D826B080768F94756AB4D949.e.290"}]}
COMMAND: GET /session/2fb6d640d7e56baf8781ddfc65543b63/screenshot - {}
RESULT: {}
RESULT: {"script":"<script> [8489 bytes]","args":[{"element-6066-11e4-a52e-4f735466cecf":"f.CCF77AB910636C8B118410FB7AEDA09C.d.555D0094D826B080768F94756AB4D949.e.290","ELEMENT":"f.CCF77AB910636C8B118410FB7AEDA09C.d.555D0094D826B080768F94756AB4D949.e.290"}]}
COMMAND: POST /session/2fb6d640d7e56baf8781ddfc65543b63/execute/sync - {"script":"<script> [5351 bytes]","args":[{"element-6066-11e4-a52e-4f735466cecf":"f.CCF77AB910636C8B118410FB7AEDA09C.d.555D0094D826B080768F94756AB4D949.e.290","ELEMENT":"f.CCF77AB910636C8B118410FB7AEDA09C.d.555D0094D826B080768F94756AB4D949.e.290"}]}
COMMAND: GET /session/2fb6d640d7e56baf8781ddfc65543b63/screenshot - {}
RESULT: {}
RESULT: {"script":"<script> [5351 bytes]","args":[{"element-6066-11e4-a52e-4f735466cecf":"f.CCF77AB910636C8B118410FB7AEDA09C.d.555D0094D826B080768F94756AB4D949.e.290","ELEMENT":"f.CCF77AB910636C8B118410FB7AEDA09C.d.555D0094D826B080768F94756AB4D949.e.290"}]}
COMMAND: POST /session/2fb6d640d7e56baf8781ddfc65543b63/element/f.CCF77AB910636C8B118410FB7AEDA09C.d.555D0094D826B080768F94756AB4D949.e.290/click - {}
COMMAND: GET /session/2fb6d640d7e56baf8781ddfc65543b63/screenshot - {}
RESULT: {}
RESULT: {}
COMMAND: GET /session/2fb6d640d7e56baf8781ddfc65543b63/screenshot - {}
COMMAND: POST /session/2fb6d640d7e56baf8781ddfc65543b63/element - {"using":"xpath","value":"//input[@id=\"application-manageyards-display-component---NewYard--yardId-inner\"]"}
RESULT: {}
RESULT: {}
RESULT: {"using":"xpath","value":"//input[@id=\"application-manageyards-display-component---NewYard--yardId-inner\"]"}
COMMAND: POST /session/2fb6d640d7e56baf8781ddfc65543b63/element - {"using":"xpath","value":"//input[@id=\"application-manageyards-display-component---NewYard--yardId-inner\"]"}
RESULT: {"using":"xpath","value":"//input[@id=\"application-manageyards-display-component---NewYard--yardId-inner\"]"}
COMMAND: POST /session/2fb6d640d7e56baf8781ddfc65543b63/execute/async - {"script":"<script> [1562 bytes]","args":[{"selector":{"id":"application-manageyards-display-component---NewYard--addressDetailDetailsName1","interaction":{"idSuffix":"inner"}},"wdio_ui5_key":"applicationmanageyards-display-component---NewYard--addressDetailDetailsName1"}]}
RESULT: {"script":"<script> [1562 bytes]","args":[{"selector":{"id":"application-manageyards-display-component---NewYard--addressDetailDetailsName1","interaction":{"idSuffix":"inner"}},"wdio_ui5_key":"applicationmanageyards-display-component---NewYard--addressDetailDetailsName1"}]}
RESULT: undefined
COMMAND: POST /session/2fb6d640d7e56baf8781ddfc65543b63/execute/async - {"script":"<script> [776 bytes]","args":[{"enterText":"Intracompany Yard wdIO","selector":{"id":"application-manageyards-display-component---NewYard--addressDetailDetailsName1","interaction":{"idSuffix":"inner"}},"clearTextFirst":true,"interactionType":"ENTER_TEXT"}]}
RESULT: {"script":"<script> [776 bytes]","args":[{"enterText":"Intracompany Yard wdIO","selector":{"id":"application-manageyards-display-component---NewYard--addressDetailDetailsName1","interaction":{"idSuffix":"inner"}},"clearTextFirst":true,"interactionType":"ENTER_TEXT"}]}
COMMAND: POST /session/2fb6d640d7e56baf8781ddfc65543b63/execute/async - {"script":"<script> [1562 bytes]","args":[{"selector":{"id":"application-manageyards-display-component---NewYard--addressDetailDetailsLanguage-arrow"},"wdio_ui5_key":"applicationmanageyards-display-component---NewYard--addressDetailDetailsLanguage-arrow"}]}
RESULT: {"script":"<script> [1562 bytes]","args":[{"selector":{"id":"application-manageyards-display-component---NewYard--addressDetailDetailsLanguage-arrow"},"wdio_ui5_key":"applicationmanageyards-display-component---NewYard--addressDetailDetailsLanguage-arrow"}]}
RESULT: undefined
COMMAND: POST /session/2fb6d640d7e56baf8781ddfc65543b63/element - {"using":"xpath","value":"//*[@id=\"application-manageyards-display-component---NewYard--addressDetailDetailsLanguage-arrow\"]"}
RESULT: {"using":"xpath","value":"//*[@id=\"application-manageyards-display-component---NewYard--addressDetailDetailsLanguage-arrow\"]"}
COMMAND: POST /session/2fb6d640d7e56baf8781ddfc65543b63/element/f.CCF77AB910636C8B118410FB7AEDA09C.d.555D0094D826B080768F94756AB4D949.e.721/click - {}
RESULT: {}
COMMAND: POST /session/2fb6d640d7e56baf8781ddfc65543b63/element - {"using":"xpath","value":"//span[contains(text(), \"English\")]"}
COMMAND: GET /session/2fb6d640d7e56baf8781ddfc65543b63/screenshot - {}
RESULT: {"using":"xpath","value":"//span[contains(text(), \"English\")]"}
COMMAND: POST /session/2fb6d640d7e56baf8781ddfc65543b63/element/f.CCF77AB910636C8B118410FB7AEDA09C.d.555D0094D826B080768F94756AB4D949.e.722/click - {}
RESULT: {}
RESULT: {}
COMMAND: POST /session/2fb6d640d7e56baf8781ddfc65543b63/execute/async - {"script":"<script> [1562 bytes]","args":[{"selector":{"id":"application-manageyards-display-component---NewYard--addressDetailDetailsCity1","interaction":{"idSuffix":"inner"}},"wdio_ui5_key":"applicationmanageyards-display-component---NewYard--addressDetailDetailsCity1"}]}
COMMAND: GET /session/2fb6d640d7e56baf8781ddfc65543b63/screenshot - {}
RESULT: {"script":"<script> [1562 bytes]","args":[{"selector":{"id":"application-manageyards-display-component---NewYard--addressDetailDetailsCity1","interaction":{"idSuffix":"inner"}},"wdio_ui5_key":"applicationmanageyards-display-component---NewYard--addressDetailDetailsCity1"}]}
RESULT: undefined
COMMAND: POST /session/2fb6d640d7e56baf8781ddfc65543b63/execute/async - {"script":"<script> [776 bytes]","args":[{"enterText":"Rosario","selector":{"id":"application-manageyards-display-component---NewYard--addressDetailDetailsCity1","interaction":{"idSuffix":"inner"}},"clearTextFirst":true,"interactionType":"ENTER_TEXT"}]}
RESULT: {}
RESULT: {"script":"<script> [776 bytes]","args":[{"enterText":"Rosario","selector":{"id":"application-manageyards-display-component---NewYard--addressDetailDetailsCity1","interaction":{"idSuffix":"inner"}},"clearTextFirst":true,"interactionType":"ENTER_TEXT"}]}
COMMAND: POST /session/2fb6d640d7e56baf8781ddfc65543b63/execute/async - {"script":"<script> [1562 bytes]","args":[{"selector":{"id":"application-manageyards-display-component---NewYard--addressDetailDetailsCountry-arrow"},"wdio_ui5_key":"applicationmanageyards-display-component---NewYard--addressDetailDetailsCountry-arrow"}]}
RESULT: {"script":"<script> [1562 bytes]","args":[{"selector":{"id":"application-manageyards-display-component---NewYard--addressDetailDetailsCountry-arrow"},"wdio_ui5_key":"applicationmanageyards-display-component---NewYard--addressDetailDetailsCountry-arrow"}]}
RESULT: undefined
COMMAND: POST /session/2fb6d640d7e56baf8781ddfc65543b63/element - {"using":"xpath","value":"//*[@id=\"application-manageyards-display-component---NewYard--addressDetailDetailsCountry-arrow\"]"}
RESULT: {"using":"xpath","value":"//*[@id=\"application-manageyards-display-component---NewYard--addressDetailDetailsCountry-arrow\"]"}
COMMAND: POST /session/2fb6d640d7e56baf8781ddfc65543b63/element/f.CCF77AB910636C8B118410FB7AEDA09C.d.555D0094D826B080768F94756AB4D949.e.724/click - {}
RESULT: {}
COMMAND: POST /session/2fb6d640d7e56baf8781ddfc65543b63/element - {"using":"xpath","value":"//span[contains(text(), \"Argentina\")]"}
COMMAND: GET /session/2fb6d640d7e56baf8781ddfc65543b63/screenshot - {}
RESULT: {"using":"xpath","value":"//span[contains(text(), \"Argentina\")]"}
COMMAND: POST /session/2fb6d640d7e56baf8781ddfc65543b63/element/f.CCF77AB910636C8B118410FB7AEDA09C.d.555D0094D826B080768F94756AB4D949.e.725/click - {}
RESULT: {}
RESULT: {}
COMMAND: POST /session/2fb6d640d7e56baf8781ddfc65543b63/execute/async - {"script":"<script> [1562 bytes]","args":[{"selector":{"id":"application-manageyards-display-component---NewYard--addressEditDetailsCostObjectCstType-arrow"},"wdio_ui5_key":"applicationmanageyards-display-component---NewYard--addressEditDetailsCostObjectCstType-arrow"}]}
COMMAND: GET /session/2fb6d640d7e56baf8781ddfc65543b63/screenshot - {}
RESULT: {"script":"<script> [1562 bytes]","args":[{"selector":{"id":"application-manageyards-display-component---NewYard--addressEditDetailsCostObjectCstType-arrow"},"wdio_ui5_key":"applicationmanageyards-display-component---NewYard--addressEditDetailsCostObjectCstType-arrow"}]}
RESULT: undefined
COMMAND: POST /session/2fb6d640d7e56baf8781ddfc65543b63/element - {"using":"xpath","value":"//*[@id=\"application-manageyards-display-component---NewYard--addressEditDetailsCostObjectCstType-arrow\"]"}
RESULT: {}
RESULT: {"using":"xpath","value":"//*[@id=\"application-manageyards-display-component---NewYard--addressEditDetailsCostObjectCstType-arrow\"]"}
COMMAND: POST /session/2fb6d640d7e56baf8781ddfc65543b63/element/f.CCF77AB910636C8B118410FB7AEDA09C.d.555D0094D826B080768F94756AB4D949.e.727/click - {}
RESULT: {}
COMMAND: POST /session/2fb6d640d7e56baf8781ddfc65543b63/element - {"using":"xpath","value":"//span[contains(text(), \"Cost Center\")]"}
COMMAND: GET /session/2fb6d640d7e56baf8781ddfc65543b63/screenshot - {}
RESULT: {"using":"xpath","value":"//span[contains(text(), \"Cost Center\")]"}
COMMAND: POST /session/2fb6d640d7e56baf8781ddfc65543b63/element/f.CCF77AB910636C8B118410FB7AEDA09C.d.555D0094D826B080768F94756AB4D949.e.728/click - {}
RESULT: {}
RESULT: {}
COMMAND: GET /session/2fb6d640d7e56baf8781ddfc65543b63/screenshot - {}
RESULT: {}
COMMAND: POST /session/2fb6d640d7e56baf8781ddfc65543b63/element - {"using":"xpath","value":"//span[@id=\"application-manageyards-display-component---NewYard--addressNewCostObjectCstID-vhi\"]"}
RESULT: {"using":"xpath","value":"//span[@id=\"application-manageyards-display-component---NewYard--addressNewCostObjectCstID-vhi\"]"}
COMMAND: POST /session/2fb6d640d7e56baf8781ddfc65543b63/execute/sync - {"script":"<script> [8489 bytes]","args":[{"element-6066-11e4-a52e-4f735466cecf":"f.CCF77AB910636C8B118410FB7AEDA09C.d.555D0094D826B080768F94756AB4D949.e.731","ELEMENT":"f.CCF77AB910636C8B118410FB7AEDA09C.d.555D0094D826B080768F94756AB4D949.e.731"}]}
RESULT: {"script":"<script> [8489 bytes]","args":[{"element-6066-11e4-a52e-4f735466cecf":"f.CCF77AB910636C8B118410FB7AEDA09C.d.555D0094D826B080768F94756AB4D949.e.731","ELEMENT":"f.CCF77AB910636C8B118410FB7AEDA09C.d.555D0094D826B080768F94756AB4D949.e.731"}]}
COMMAND: POST /session/2fb6d640d7e56baf8781ddfc65543b63/execute/async - {"script":"<script> [1562 bytes]","args":[{"selector":{"id":"application-manageyards-display-component---NewYard--addressNewCostObjectCstID-vhi"},"wdio_ui5_key":"applicationmanageyards-display-component---NewYard--addressNewCostObjectCstID-vhi"}]}
COMMAND: GET /session/2fb6d640d7e56baf8781ddfc65543b63/screenshot - {}
RESULT: {"script":"<script> [1562 bytes]","args":[{"selector":{"id":"application-manageyards-display-component---NewYard--addressNewCostObjectCstID-vhi"},"wdio_ui5_key":"applicationmanageyards-display-component---NewYard--addressNewCostObjectCstID-vhi"}]}
RESULT: undefined
COMMAND: POST /session/2fb6d640d7e56baf8781ddfc65543b63/element - {"using":"xpath","value":"//*[@id=\"application-manageyards-display-component---NewYard--addressNewCostObjectCstID-vhi\"]"}
RESULT: {}
RESULT: {"using":"xpath","value":"//*[@id=\"application-manageyards-display-component---NewYard--addressNewCostObjectCstID-vhi\"]"}
COMMAND: POST /session/2fb6d640d7e56baf8781ddfc65543b63/element/f.CCF77AB910636C8B118410FB7AEDA09C.d.555D0094D826B080768F94756AB4D949.e.731/click - {}
RESULT: {}
COMMAND: GET /session/2fb6d640d7e56baf8781ddfc65543b63/screenshot - {}
RESULT: {}
COMMAND: POST /session/2fb6d640d7e56baf8781ddfc65543b63/execute/async - {"script":"<script> [1562 bytes]","args":[{"selector":{"controlType":"sap.m.SearchField","properties":{"placeholder":"Search"},"searchOpenDialogs":true,"interaction":{"idSuffix":"I"}},"wdio_ui5_key":"sapm.SearchField{\"placeholder\":\"Search\"}"}]}
RESULT: {"script":"<script> [1562 bytes]","args":[{"selector":{"controlType":"sap.m.SearchField","properties":{"placeholder":"Search"},"searchOpenDialogs":true,"interaction":{"idSuffix":"I"}},"wdio_ui5_key":"sapm.SearchField{\"placeholder\":\"Search\"}"}]}
RESULT: undefined
COMMAND: POST /session/2fb6d640d7e56baf8781ddfc65543b63/execute/async - {"script":"<script> [776 bytes]","args":[{"enterText":"10001013","selector":{"controlType":"sap.m.SearchField","properties":{"placeholder":"Search"},"searchOpenDialogs":true,"interaction":{"idSuffix":"I"}},"clearTextFirst":true,"interactionType":"ENTER_TEXT"}]}
RESULT: {"script":"<script> [776 bytes]","args":[{"enterText":"10001013","selector":{"controlType":"sap.m.SearchField","properties":{"placeholder":"Search"},"searchOpenDialogs":true,"interaction":{"idSuffix":"I"}},"clearTextFirst":true,"interactionType":"ENTER_TEXT"}]}
COMMAND: POST /session/2fb6d640d7e56baf8781ddfc65543b63/actions - {"actions":[{"id":"action1","type":"key","parameters":{},"actions":[{"type":"keyDown","value":""},{"type":"pause","duration":10},{"type":"keyUp","value":""}]}]}
RESULT: {"actions":[{"id":"action1","type":"key","parameters":{},"actions":[{"type":"keyDown","value":""},{"type":"pause","duration":10},{"type":"keyUp","value":""}]}]}
COMMAND: GET /session/2fb6d640d7e56baf8781ddfc65543b63/screenshot - {}
RESULT: {}
COMMAND: POST /session/2fb6d640d7e56baf8781ddfc65543b63/element - {"using":"xpath","value":"//span[contains(text(), \"General Management\")]"}
RESULT: {"using":"xpath","value":"//span[contains(text(), \"General Management\")]"}
COMMAND: POST /session/2fb6d640d7e56baf8781ddfc65543b63/element/f.CCF77AB910636C8B118410FB7AEDA09C.d.555D0094D826B080768F94756AB4D949.e.771/click - {}
RESULT: {}
COMMAND: GET /session/2fb6d640d7e56baf8781ddfc65543b63/screenshot - {}
RESULT: {}
COMMAND: POST /session/2fb6d640d7e56baf8781ddfc65543b63/element - {"using":"xpath","value":"//bdi[contains(text(), \"OK\")]"}
RESULT: {"using":"xpath","value":"//bdi[contains(text(), \"OK\")]"}
COMMAND: POST /session/2fb6d640d7e56baf8781ddfc65543b63/element/f.CCF77AB910636C8B118410FB7AEDA09C.d.555D0094D826B080768F94756AB4D949.e.772/click - {}
RESULT: {}
COMMAND: GET /session/2fb6d640d7e56baf8781ddfc65543b63/screenshot - {}
RESULT: {}
COMMAND: POST /session/2fb6d640d7e56baf8781ddfc65543b63/execute/async - {"script":"<script> [1562 bytes]","args":[{"selector":{"id":"application-manageyards-display-component---NewYard--addressEditDetailsCurrency-arrow"},"wdio_ui5_key":"applicationmanageyards-display-component---NewYard--addressEditDetailsCurrency-arrow"}]}
RESULT: {"script":"<script> [1562 bytes]","args":[{"selector":{"id":"application-manageyards-display-component---NewYard--addressEditDetailsCurrency-arrow"},"wdio_ui5_key":"applicationmanageyards-display-component---NewYard--addressEditDetailsCurrency-arrow"}]}
RESULT: undefined
COMMAND: POST /session/2fb6d640d7e56baf8781ddfc65543b63/element - {"using":"xpath","value":"//*[@id=\"application-manageyards-display-component---NewYard--addressEditDetailsCurrency-arrow\"]"}
RESULT: {"using":"xpath","value":"//*[@id=\"application-manageyards-display-component---NewYard--addressEditDetailsCurrency-arrow\"]"}
COMMAND: POST /session/2fb6d640d7e56baf8781ddfc65543b63/element/f.CCF77AB910636C8B118410FB7AEDA09C.d.555D0094D826B080768F94756AB4D949.e.775/click - {}
RESULT: {}
COMMAND: POST /session/2fb6d640d7e56baf8781ddfc65543b63/element - {"using":"xpath","value":"//span[contains(text(), \"Euro\")]"}
COMMAND: GET /session/2fb6d640d7e56baf8781ddfc65543b63/screenshot - {}
RESULT: {"using":"xpath","value":"//span[contains(text(), \"Euro\")]"}
COMMAND: POST /session/2fb6d640d7e56baf8781ddfc65543b63/element/f.CCF77AB910636C8B118410FB7AEDA09C.d.555D0094D826B080768F94756AB4D949.e.776/click - {}
RESULT: {}
RESULT: {}
COMMAND: POST /session/2fb6d640d7e56baf8781ddfc65543b63/execute/async - {"script":"<script> [1562 bytes]","args":[{"selector":{"controlType":"sap.m.Input","viewName":"etm.portal.ui.manageyards.view.New","viewId":"application-manageyards-display-component---NewYard","bindingPath":{"path":"","propertyPath":"/CONTROLLING_AREA","modelName":"NewYardModel"},"interaction":{"idSuffix":"inner"}},"wdio_ui5_key":"etmportal.ui.manageyards.view.Newsap.m.Input{\"path\":\"\",\"propertyPath\":\"/CONTROLLING_AREA\",\"modelName\":\"NewYardModel\"}"}]}
COMMAND: GET /session/2fb6d640d7e56baf8781ddfc65543b63/screenshot - {}
RESULT: {"script":"<script> [1562 bytes]","args":[{"selector":{"controlType":"sap.m.Input","viewName":"etm.portal.ui.manageyards.view.New","viewId":"application-manageyards-display-component---NewYard","bindingPath":{"path":"","propertyPath":"/CONTROLLING_AREA","modelName":"NewYardModel"},"interaction":{"idSuffix":"inner"}},"wdio_ui5_key":"etmportal.ui.manageyards.view.Newsap.m.Input{\"path\":\"\",\"propertyPath\":\"/CONTROLLING_AREA\",\"modelName\":\"NewYardModel\"}"}]}
RESULT: undefined
COMMAND: POST /session/2fb6d640d7e56baf8781ddfc65543b63/execute/async - {"script":"<script> [776 bytes]","args":[{"enterText":"Z001","selector":{"controlType":"sap.m.Input","viewName":"etm.portal.ui.manageyards.view.New","viewId":"application-manageyards-display-component---NewYard","bindingPath":{"path":"","propertyPath":"/CONTROLLING_AREA","modelName":"NewYardModel"},"interaction":{"idSuffix":"inner"}},"clearTextFirst":true,"interactionType":"ENTER_TEXT"}]}
RESULT: {}
RESULT: {"script":"<script> [776 bytes]","args":[{"enterText":"Z001","selector":{"controlType":"sap.m.Input","viewName":"etm.portal.ui.manageyards.view.New","viewId":"application-manageyards-display-component---NewYard","bindingPath":{"path":"","propertyPath":"/CONTROLLING_AREA","modelName":"NewYardModel"},"interaction":{"idSuffix":"inner"}},"clearTextFirst":true,"interactionType":"ENTER_TEXT"}]}
COMMAND: POST /session/2fb6d640d7e56baf8781ddfc65543b63/execute/async - {"script":"<script> [1562 bytes]","args":[{"selector":{"id":"application-manageyards-display-component---NewYard--companyCodeComboBox","interaction":{"idSuffix":"inner"}},"wdio_ui5_key":"applicationmanageyards-display-component---NewYard--companyCodeComboBox"}]}
RESULT: {"script":"<script> [1562 bytes]","args":[{"selector":{"id":"application-manageyards-display-component---NewYard--companyCodeComboBox","interaction":{"idSuffix":"inner"}},"wdio_ui5_key":"applicationmanageyards-display-component---NewYard--companyCodeComboBox"}]}
RESULT: undefined
COMMAND: POST /session/2fb6d640d7e56baf8781ddfc65543b63/execute/async - {"script":"<script> [776 bytes]","args":[{"enterText":"1000","selector":{"id":"application-manageyards-display-component---NewYard--companyCodeComboBox","interaction":{"idSuffix":"inner"}},"clearTextFirst":true,"interactionType":"ENTER_TEXT"}]}
RESULT: {"script":"<script> [776 bytes]","args":[{"enterText":"1000","selector":{"id":"application-manageyards-display-component---NewYard--companyCodeComboBox","interaction":{"idSuffix":"inner"}},"clearTextFirst":true,"interactionType":"ENTER_TEXT"}]}
COMMAND: POST /session/2fb6d640d7e56baf8781ddfc65543b63/execute/async - {"script":"<script> [1562 bytes]","args":[{"selector":{"controlType":"sap.m.Input","viewName":"etm.portal.ui.manageyards.view.New","viewId":"application-manageyards-display-component---NewYard","bindingPath":{"path":"","propertyPath":"/PLANT","modelName":"NewYardModel"},"interaction":{"idSuffix":"inner"}},"wdio_ui5_key":"etmportal.ui.manageyards.view.Newsap.m.Input{\"path\":\"\",\"propertyPath\":\"/PLANT\",\"modelName\":\"NewYardModel\"}"}]}
RESULT: {"script":"<script> [1562 bytes]","args":[{"selector":{"controlType":"sap.m.Input","viewName":"etm.portal.ui.manageyards.view.New","viewId":"application-manageyards-display-component---NewYard","bindingPath":{"path":"","propertyPath":"/PLANT","modelName":"NewYardModel"},"interaction":{"idSuffix":"inner"}},"wdio_ui5_key":"etmportal.ui.manageyards.view.Newsap.m.Input{\"path\":\"\",\"propertyPath\":\"/PLANT\",\"modelName\":\"NewYardModel\"}"}]}
RESULT: undefined
COMMAND: POST /session/2fb6d640d7e56baf8781ddfc65543b63/execute/async - {"script":"<script> [776 bytes]","args":[{"enterText":"1001","selector":{"controlType":"sap.m.Input","viewName":"etm.portal.ui.manageyards.view.New","viewId":"application-manageyards-display-component---NewYard","bindingPath":{"path":"","propertyPath":"/PLANT","modelName":"NewYardModel"},"interaction":{"idSuffix":"inner"}},"clearTextFirst":true,"interactionType":"ENTER_TEXT"}]}
RESULT: {"script":"<script> [776 bytes]","args":[{"enterText":"1001","selector":{"controlType":"sap.m.Input","viewName":"etm.portal.ui.manageyards.view.New","viewId":"application-manageyards-display-component---NewYard","bindingPath":{"path":"","propertyPath":"/PLANT","modelName":"NewYardModel"},"interaction":{"idSuffix":"inner"}},"clearTextFirst":true,"interactionType":"ENTER_TEXT"}]}
COMMAND: POST /session/2fb6d640d7e56baf8781ddfc65543b63/execute/async - {"script":"<script> [1562 bytes]","args":[{"selector":{"controlType":"sap.m.Input","viewName":"etm.portal.ui.manageyards.view.New","viewId":"application-manageyards-display-component---NewYard","bindingPath":{"path":"","propertyPath":"/SALES_AREA_VKORG","modelName":"NewYardModel"},"interaction":{"idSuffix":"inner"}},"wdio_ui5_key":"etmportal.ui.manageyards.view.Newsap.m.Input{\"path\":\"\",\"propertyPath\":\"/SALES_AREA_VKORG\",\"modelName\":\"NewYardModel\"}"}]}
RESULT: {"script":"<script> [1562 bytes]","args":[{"selector":{"controlType":"sap.m.Input","viewName":"etm.portal.ui.manageyards.view.New","viewId":"application-manageyards-display-component---NewYard","bindingPath":{"path":"","propertyPath":"/SALES_AREA_VKORG","modelName":"NewYardModel"},"interaction":{"idSuffix":"inner"}},"wdio_ui5_key":"etmportal.ui.manageyards.view.Newsap.m.Input{\"path\":\"\",\"propertyPath\":\"/SALES_AREA_VKORG\",\"modelName\":\"NewYardModel\"}"}]}
RESULT: undefined
COMMAND: POST /session/2fb6d640d7e56baf8781ddfc65543b63/execute/async - {"script":"<script> [776 bytes]","args":[{"enterText":"C002","selector":{"controlType":"sap.m.Input","viewName":"etm.portal.ui.manageyards.view.New","viewId":"application-manageyards-display-component---NewYard","bindingPath":{"path":"","propertyPath":"/SALES_AREA_VKORG","modelName":"NewYardModel"},"interaction":{"idSuffix":"inner"}},"clearTextFirst":true,"interactionType":"ENTER_TEXT"}]}
RESULT: {"script":"<script> [776 bytes]","args":[{"enterText":"C002","selector":{"controlType":"sap.m.Input","viewName":"etm.portal.ui.manageyards.view.New","viewId":"application-manageyards-display-component---NewYard","bindingPath":{"path":"","propertyPath":"/SALES_AREA_VKORG","modelName":"NewYardModel"},"interaction":{"idSuffix":"inner"}},"clearTextFirst":true,"interactionType":"ENTER_TEXT"}]}
COMMAND: POST /session/2fb6d640d7e56baf8781ddfc65543b63/execute/async - {"script":"<script> [1562 bytes]","args":[{"selector":{"controlType":"sap.m.Input","viewName":"etm.portal.ui.manageyards.view.New","viewId":"application-manageyards-display-component---NewYard","bindingPath":{"path":"","propertyPath":"/SALES_AREA_VTWEG","modelName":"NewYardModel"},"interaction":{"idSuffix":"inner"}},"wdio_ui5_key":"etmportal.ui.manageyards.view.Newsap.m.Input{\"path\":\"\",\"propertyPath\":\"/SALES_AREA_VTWEG\",\"modelName\":\"NewYardModel\"}"}]}
RESULT: {"script":"<script> [1562 bytes]","args":[{"selector":{"controlType":"sap.m.Input","viewName":"etm.portal.ui.manageyards.view.New","viewId":"application-manageyards-display-component---NewYard","bindingPath":{"path":"","propertyPath":"/SALES_AREA_VTWEG","modelName":"NewYardModel"},"interaction":{"idSuffix":"inner"}},"wdio_ui5_key":"etmportal.ui.manageyards.view.Newsap.m.Input{\"path\":\"\",\"propertyPath\":\"/SALES_AREA_VTWEG\",\"modelName\":\"NewYardModel\"}"}]}
RESULT: undefined
COMMAND: POST /session/2fb6d640d7e56baf8781ddfc65543b63/execute/async - {"script":"<script> [776 bytes]","args":[{"enterText":"C2","selector":{"controlType":"sap.m.Input","viewName":"etm.portal.ui.manageyards.view.New","viewId":"application-manageyards-display-component---NewYard","bindingPath":{"path":"","propertyPath":"/SALES_AREA_VTWEG","modelName":"NewYardModel"},"interaction":{"idSuffix":"inner"}},"clearTextFirst":true,"interactionType":"ENTER_TEXT"}]}
RESULT: {"script":"<script> [776 bytes]","args":[{"enterText":"C2","selector":{"controlType":"sap.m.Input","viewName":"etm.portal.ui.manageyards.view.New","viewId":"application-manageyards-display-component---NewYard","bindingPath":{"path":"","propertyPath":"/SALES_AREA_VTWEG","modelName":"NewYardModel"},"interaction":{"idSuffix":"inner"}},"clearTextFirst":true,"interactionType":"ENTER_TEXT"}]}
COMMAND: POST /session/2fb6d640d7e56baf8781ddfc65543b63/execute/async - {"script":"<script> [1562 bytes]","args":[{"selector":{"controlType":"sap.m.Input","viewName":"etm.portal.ui.manageyards.view.New","viewId":"application-manageyards-display-component---NewYard","bindingPath":{"path":"","propertyPath":"/SALES_AREA_SPART","modelName":"NewYardModel"},"interaction":{"idSuffix":"inner"}},"wdio_ui5_key":"etmportal.ui.manageyards.view.Newsap.m.Input{\"path\":\"\",\"propertyPath\":\"/SALES_AREA_SPART\",\"modelName\":\"NewYardModel\"}"}]}
RESULT: {"script":"<script> [1562 bytes]","args":[{"selector":{"controlType":"sap.m.Input","viewName":"etm.portal.ui.manageyards.view.New","viewId":"application-manageyards-display-component---NewYard","bindingPath":{"path":"","propertyPath":"/SALES_AREA_SPART","modelName":"NewYardModel"},"interaction":{"idSuffix":"inner"}},"wdio_ui5_key":"etmportal.ui.manageyards.view.Newsap.m.Input{\"path\":\"\",\"propertyPath\":\"/SALES_AREA_SPART\",\"modelName\":\"NewYardModel\"}"}]}
RESULT: undefined
COMMAND: POST /session/2fb6d640d7e56baf8781ddfc65543b63/execute/async - {"script":"<script> [776 bytes]","args":[{"enterText":"C2","selector":{"controlType":"sap.m.Input","viewName":"etm.portal.ui.manageyards.view.New","viewId":"application-manageyards-display-component---NewYard","bindingPath":{"path":"","propertyPath":"/SALES_AREA_SPART","modelName":"NewYardModel"},"interaction":{"idSuffix":"inner"}},"clearTextFirst":true,"interactionType":"ENTER_TEXT"}]}
RESULT: {"script":"<script> [776 bytes]","args":[{"enterText":"C2","selector":{"controlType":"sap.m.Input","viewName":"etm.portal.ui.manageyards.view.New","viewId":"application-manageyards-display-component---NewYard","bindingPath":{"path":"","propertyPath":"/SALES_AREA_SPART","modelName":"NewYardModel"},"interaction":{"idSuffix":"inner"}},"clearTextFirst":true,"interactionType":"ENTER_TEXT"}]}
COMMAND: POST /session/2fb6d640d7e56baf8781ddfc65543b63/execute/async - {"script":"<script> [1562 bytes]","args":[{"selector":{"controlType":"sap.m.Input","viewName":"etm.portal.ui.manageyards.view.New","viewId":"application-manageyards-display-component---NewYard","bindingPath":{"path":"","propertyPath":"/SHIP_POINT","modelName":"NewYardModel"},"interaction":{"idSuffix":"inner"}},"wdio_ui5_key":"etmportal.ui.manageyards.view.Newsap.m.Input{\"path\":\"\",\"propertyPath\":\"/SHIP_POINT\",\"modelName\":\"NewYardModel\"}"}]}
RESULT: {"script":"<script> [1562 bytes]","args":[{"selector":{"controlType":"sap.m.Input","viewName":"etm.portal.ui.manageyards.view.New","viewId":"application-manageyards-display-component---NewYard","bindingPath":{"path":"","propertyPath":"/SHIP_POINT","modelName":"NewYardModel"},"interaction":{"idSuffix":"inner"}},"wdio_ui5_key":"etmportal.ui.manageyards.view.Newsap.m.Input{\"path\":\"\",\"propertyPath\":\"/SHIP_POINT\",\"modelName\":\"NewYardModel\"}"}]}
RESULT: undefined
COMMAND: POST /session/2fb6d640d7e56baf8781ddfc65543b63/execute/async - {"script":"<script> [776 bytes]","args":[{"enterText":"1710","selector":{"controlType":"sap.m.Input","viewName":"etm.portal.ui.manageyards.view.New","viewId":"application-manageyards-display-component---NewYard","bindingPath":{"path":"","propertyPath":"/SHIP_POINT","modelName":"NewYardModel"},"interaction":{"idSuffix":"inner"}},"clearTextFirst":true,"interactionType":"ENTER_TEXT"}]}
RESULT: {"script":"<script> [776 bytes]","args":[{"enterText":"1710","selector":{"controlType":"sap.m.Input","viewName":"etm.portal.ui.manageyards.view.New","viewId":"application-manageyards-display-component---NewYard","bindingPath":{"path":"","propertyPath":"/SHIP_POINT","modelName":"NewYardModel"},"interaction":{"idSuffix":"inner"}},"clearTextFirst":true,"interactionType":"ENTER_TEXT"}]}
COMMAND: POST /session/2fb6d640d7e56baf8781ddfc65543b63/execute/async - {"script":"<script> [1562 bytes]","args":[{"selector":{"controlType":"sap.m.Input","viewName":"etm.portal.ui.manageyards.view.New","viewId":"application-manageyards-display-component---NewYard","bindingPath":{"path":"","propertyPath":"/DELIVERY_TYPE","modelName":"NewYardModel"},"interaction":{"idSuffix":"inner"}},"wdio_ui5_key":"etmportal.ui.manageyards.view.Newsap.m.Input{\"path\":\"\",\"propertyPath\":\"/DELIVERY_TYPE\",\"modelName\":\"NewYardModel\"}"}]}
RESULT: {"script":"<script> [1562 bytes]","args":[{"selector":{"controlType":"sap.m.Input","viewName":"etm.portal.ui.manageyards.view.New","viewId":"application-manageyards-display-component---NewYard","bindingPath":{"path":"","propertyPath":"/DELIVERY_TYPE","modelName":"NewYardModel"},"interaction":{"idSuffix":"inner"}},"wdio_ui5_key":"etmportal.ui.manageyards.view.Newsap.m.Input{\"path\":\"\",\"propertyPath\":\"/DELIVERY_TYPE\",\"modelName\":\"NewYardModel\"}"}]}
RESULT: undefined
COMMAND: POST /session/2fb6d640d7e56baf8781ddfc65543b63/execute/async - {"script":"<script> [776 bytes]","args":[{"enterText":"ZL01","selector":{"controlType":"sap.m.Input","viewName":"etm.portal.ui.manageyards.view.New","viewId":"application-manageyards-display-component---NewYard","bindingPath":{"path":"","propertyPath":"/DELIVERY_TYPE","modelName":"NewYardModel"},"interaction":{"idSuffix":"inner"}},"clearTextFirst":true,"interactionType":"ENTER_TEXT"}]}
RESULT: {"script":"<script> [776 bytes]","args":[{"enterText":"ZL01","selector":{"controlType":"sap.m.Input","viewName":"etm.portal.ui.manageyards.view.New","viewId":"application-manageyards-display-component---NewYard","bindingPath":{"path":"","propertyPath":"/DELIVERY_TYPE","modelName":"NewYardModel"},"interaction":{"idSuffix":"inner"}},"clearTextFirst":true,"interactionType":"ENTER_TEXT"}]}
COMMAND: POST /session/2fb6d640d7e56baf8781ddfc65543b63/execute/async - {"script":"<script> [1562 bytes]","args":[{"selector":{"controlType":"sap.m.Input","viewName":"etm.portal.ui.manageyards.view.New","viewId":"application-manageyards-display-component---NewYard","bindingPath":{"path":"","propertyPath":"/AUART","modelName":"NewYardModel"},"interaction":{"idSuffix":"inner"}},"wdio_ui5_key":"etmportal.ui.manageyards.view.Newsap.m.Input{\"path\":\"\",\"propertyPath\":\"/AUART\",\"modelName\":\"NewYardModel\"}"}]}
RESULT: {"script":"<script> [1562 bytes]","args":[{"selector":{"controlType":"sap.m.Input","viewName":"etm.portal.ui.manageyards.view.New","viewId":"application-manageyards-display-component---NewYard","bindingPath":{"path":"","propertyPath":"/AUART","modelName":"NewYardModel"},"interaction":{"idSuffix":"inner"}},"wdio_ui5_key":"etmportal.ui.manageyards.view.Newsap.m.Input{\"path\":\"\",\"propertyPath\":\"/AUART\",\"modelName\":\"NewYardModel\"}"}]}
RESULT: undefined
COMMAND: POST /session/2fb6d640d7e56baf8781ddfc65543b63/execute/async - {"script":"<script> [776 bytes]","args":[{"enterText":"TA","selector":{"controlType":"sap.m.Input","viewName":"etm.portal.ui.manageyards.view.New","viewId":"application-manageyards-display-component---NewYard","bindingPath":{"path":"","propertyPath":"/AUART","modelName":"NewYardModel"},"interaction":{"idSuffix":"inner"}},"clearTextFirst":true,"interactionType":"ENTER_TEXT"}]}
RESULT: {"script":"<script> [776 bytes]","args":[{"enterText":"TA","selector":{"controlType":"sap.m.Input","viewName":"etm.portal.ui.manageyards.view.New","viewId":"application-manageyards-display-component---NewYard","bindingPath":{"path":"","propertyPath":"/AUART","modelName":"NewYardModel"},"interaction":{"idSuffix":"inner"}},"clearTextFirst":true,"interactionType":"ENTER_TEXT"}]}
COMMAND: POST /session/2fb6d640d7e56baf8781ddfc65543b63/element - {"using":"xpath","value":"//button[@data-kt=\"newYardSaveButton\"]"}
RESULT: {"using":"xpath","value":"//button[@data-kt=\"newYardSaveButton\"]"}
COMMAND: POST /session/2fb6d640d7e56baf8781ddfc65543b63/element/f.CCF77AB910636C8B118410FB7AEDA09C.d.555D0094D826B080768F94756AB4D949.e.714/click - {}
RESULT: {}
COMMAND: GET /session/2fb6d640d7e56baf8781ddfc65543b63/screenshot - {}
RESULT: {}
COMMAND: POST /session/2fb6d640d7e56baf8781ddfc65543b63/element - {"using":"xpath","value":"//header[contains(@id, 'ObjectPageLayout-headerTitle')]/div[1]/div[2]/div[1]/span[1]"}
RESULT: {"using":"xpath","value":"//header[contains(@id, 'ObjectPageLayout-headerTitle')]/div[1]/div[2]/div[1]/span[1]"}
COMMAND: POST /session/2fb6d640d7e56baf8781ddfc65543b63/elements - {"using":"xpath","value":"//header[contains(@id, 'ObjectPageLayout-headerTitle')]/div[1]/div[2]/div[1]/span[1]"}
RESULT: {"using":"xpath","value":"//header[contains(@id, 'ObjectPageLayout-headerTitle')]/div[1]/div[2]/div[1]/span[1]"}
COMMAND: POST /session/2fb6d640d7e56baf8781ddfc65543b63/execute/sync - {"script":"<script> [56 bytes]","args":[{"element-6066-11e4-a52e-4f735466cecf":"f.CCF77AB910636C8B118410FB7AEDA09C.d.555D0094D826B080768F94756AB4D949.e.1002","ELEMENT":"f.CCF77AB910636C8B118410FB7AEDA09C.d.555D0094D826B080768F94756AB4D949.e.1002"}]}
RESULT: {"script":"<script> [56 bytes]","args":[{"element-6066-11e4-a52e-4f735466cecf":"f.CCF77AB910636C8B118410FB7AEDA09C.d.555D0094D826B080768F94756AB4D949.e.1002","ELEMENT":"f.CCF77AB910636C8B118410FB7AEDA09C.d.555D0094D826B080768F94756AB4D949.e.1002"}]}
COMMAND: GET /session/2fb6d640d7e56baf8781ddfc65543b63/screenshot - {}
RESULT: {}
COMMAND: POST /session/2fb6d640d7e56baf8781ddfc65543b63/element - {"using":"css selector","value":"#shell-header-logo"}
RESULT: {"using":"css selector","value":"#shell-header-logo"}
COMMAND: POST /session/2fb6d640d7e56baf8781ddfc65543b63/element/f.CCF77AB910636C8B118410FB7AEDA09C.d.555D0094D826B080768F94756AB4D949.e.257/click - {}
RESULT: {}
COMMAND: GET /session/2fb6d640d7e56baf8781ddfc65543b63/screenshot - {}
RESULT: {}
COMMAND: POST /session/2fb6d640d7e56baf8781ddfc65543b63/execute/sync - {"script":"<script> [299 bytes]","args":[["getModel","getResource"]]}
RESULT: {"script":"<script> [299 bytes]","args":[["getModel","getResource"]]}
]]></system-out>
    </testcase>
    <testcase classname="chrome.135_0_7049_42.windows.Partner_specific_tests_US150819_US151080_US151654_US151176_US103444_US151078_US151079_US151109_US151174_US151175_US151189" name="Should create new external partner US150819" time="101.513">
      <system-out><![CDATA[
COMMAND: POST /session/2fb6d640d7e56baf8781ddfc65543b63/element - {"using":"xpath","value":"//li[.//span[text()=\"Manage Partners\"]]"}
COMMAND: GET /session/2fb6d640d7e56baf8781ddfc65543b63/screenshot - {}
RESULT: {"using":"xpath","value":"//li[.//span[text()=\"Manage Partners\"]]"}
COMMAND: POST /session/2fb6d640d7e56baf8781ddfc65543b63/element - {"using":"xpath","value":"//li[.//span[text()=\"Manage Partners\"]]"}
RESULT: {}
RESULT: {"using":"xpath","value":"//li[.//span[text()=\"Manage Partners\"]]"}
COMMAND: POST /session/2fb6d640d7e56baf8781ddfc65543b63/element - {"using":"css selector","value":"#shell-header-logo"}
RESULT: {"using":"css selector","value":"#shell-header-logo"}
COMMAND: POST /session/2fb6d640d7e56baf8781ddfc65543b63/element/f.CCF77AB910636C8B118410FB7AEDA09C.d.555D0094D826B080768F94756AB4D949.e.1004/click - {}
COMMAND: POST /session/2fb6d640d7e56baf8781ddfc65543b63/execute/sync - {"script":"<script> [8489 bytes]","args":[{"element-6066-11e4-a52e-4f735466cecf":"f.CCF77AB910636C8B118410FB7AEDA09C.d.555D0094D826B080768F94756AB4D949.e.1004","ELEMENT":"f.CCF77AB910636C8B118410FB7AEDA09C.d.555D0094D826B080768F94756AB4D949.e.1004"}]}
RESULT: {}
COMMAND: GET /session/2fb6d640d7e56baf8781ddfc65543b63/screenshot - {}
RESULT: {"script":"<script> [8489 bytes]","args":[{"element-6066-11e4-a52e-4f735466cecf":"f.CCF77AB910636C8B118410FB7AEDA09C.d.555D0094D826B080768F94756AB4D949.e.1004","ELEMENT":"f.CCF77AB910636C8B118410FB7AEDA09C.d.555D0094D826B080768F94756AB4D949.e.1004"}]}
COMMAND: POST /session/2fb6d640d7e56baf8781ddfc65543b63/execute/sync - {"script":"<script> [5351 bytes]","args":[{"element-6066-11e4-a52e-4f735466cecf":"f.CCF77AB910636C8B118410FB7AEDA09C.d.555D0094D826B080768F94756AB4D949.e.1004","ELEMENT":"f.CCF77AB910636C8B118410FB7AEDA09C.d.555D0094D826B080768F94756AB4D949.e.1004"}]}
COMMAND: GET /session/2fb6d640d7e56baf8781ddfc65543b63/screenshot - {}
RESULT: {}
RESULT: {}
RESULT: {"script":"<script> [5351 bytes]","args":[{"element-6066-11e4-a52e-4f735466cecf":"f.CCF77AB910636C8B118410FB7AEDA09C.d.555D0094D826B080768F94756AB4D949.e.1004","ELEMENT":"f.CCF77AB910636C8B118410FB7AEDA09C.d.555D0094D826B080768F94756AB4D949.e.1004"}]}
COMMAND: GET /session/2fb6d640d7e56baf8781ddfc65543b63/screenshot - {}
RESULT: {}
COMMAND: POST /session/2fb6d640d7e56baf8781ddfc65543b63/window/fullscreen - {}
RESULT: {}
COMMAND: POST /session/2fb6d640d7e56baf8781ddfc65543b63/execute/async - {"script":"<script> [1562 bytes]","args":[{"selector":{"controlType":"sap.m.GenericTile","properties":{"header":"Manage Partners"}},"wdio_ui5_key":"sapm.GenericTile{\"header\":\"Manage Partners\"}"}]}
RESULT: {"script":"<script> [1562 bytes]","args":[{"selector":{"controlType":"sap.m.GenericTile","properties":{"header":"Manage Partners"}},"wdio_ui5_key":"sapm.GenericTile{\"header\":\"Manage Partners\"}"}]}
RESULT: undefined
COMMAND: POST /session/2fb6d640d7e56baf8781ddfc65543b63/element - {"using":"xpath","value":"//*[@id=\"__tile38\"]"}
RESULT: {"using":"xpath","value":"//*[@id=\"__tile38\"]"}
COMMAND: POST /session/2fb6d640d7e56baf8781ddfc65543b63/element/f.CCF77AB910636C8B118410FB7AEDA09C.d.555D0094D826B080768F94756AB4D949.e.148/click - {}
RESULT: {}
COMMAND: POST /session/2fb6d640d7e56baf8781ddfc65543b63/element - {"using":"xpath","value":"//button[@data-kt=\"addButton\"]"}
COMMAND: GET /session/2fb6d640d7e56baf8781ddfc65543b63/screenshot - {}
RESULT: {"using":"xpath","value":"//button[@data-kt=\"addButton\"]"}
COMMAND: POST /session/2fb6d640d7e56baf8781ddfc65543b63/elements - {"using":"xpath","value":"//button[@data-kt=\"addButton\"]"}
RESULT: {}
RESULT: {"using":"xpath","value":"//button[@data-kt=\"addButton\"]"}
COMMAND: POST /session/2fb6d640d7e56baf8781ddfc65543b63/elements - {"using":"xpath","value":"//button[@data-kt=\"addButton\"]"}
RESULT: {"using":"xpath","value":"//button[@data-kt=\"addButton\"]"}
COMMAND: POST /session/2fb6d640d7e56baf8781ddfc65543b63/elements - {"using":"xpath","value":"//button[@data-kt=\"addButton\"]"}
RESULT: {"using":"xpath","value":"//button[@data-kt=\"addButton\"]"}
COMMAND: POST /session/2fb6d640d7e56baf8781ddfc65543b63/elements - {"using":"xpath","value":"//button[@data-kt=\"addButton\"]"}
RESULT: {"using":"xpath","value":"//button[@data-kt=\"addButton\"]"}
COMMAND: POST /session/2fb6d640d7e56baf8781ddfc65543b63/elements - {"using":"xpath","value":"//button[@data-kt=\"addButton\"]"}
RESULT: {"using":"xpath","value":"//button[@data-kt=\"addButton\"]"}
COMMAND: POST /session/2fb6d640d7e56baf8781ddfc65543b63/elements - {"using":"xpath","value":"//button[@data-kt=\"addButton\"]"}
RESULT: {"using":"xpath","value":"//button[@data-kt=\"addButton\"]"}
COMMAND: POST /session/2fb6d640d7e56baf8781ddfc65543b63/elements - {"using":"xpath","value":"//button[@data-kt=\"addButton\"]"}
RESULT: {"using":"xpath","value":"//button[@data-kt=\"addButton\"]"}
COMMAND: POST /session/2fb6d640d7e56baf8781ddfc65543b63/elements - {"using":"xpath","value":"//button[@data-kt=\"addButton\"]"}
RESULT: {"using":"xpath","value":"//button[@data-kt=\"addButton\"]"}
COMMAND: POST /session/2fb6d640d7e56baf8781ddfc65543b63/elements - {"using":"xpath","value":"//button[@data-kt=\"addButton\"]"}
RESULT: {"using":"xpath","value":"//button[@data-kt=\"addButton\"]"}
COMMAND: POST /session/2fb6d640d7e56baf8781ddfc65543b63/elements - {"using":"xpath","value":"//button[@data-kt=\"addButton\"]"}
RESULT: {"using":"xpath","value":"//button[@data-kt=\"addButton\"]"}
COMMAND: POST /session/2fb6d640d7e56baf8781ddfc65543b63/elements - {"using":"xpath","value":"//button[@data-kt=\"addButton\"]"}
RESULT: {"using":"xpath","value":"//button[@data-kt=\"addButton\"]"}
COMMAND: POST /session/2fb6d640d7e56baf8781ddfc65543b63/elements - {"using":"xpath","value":"//button[@data-kt=\"addButton\"]"}
RESULT: {"using":"xpath","value":"//button[@data-kt=\"addButton\"]"}
COMMAND: POST /session/2fb6d640d7e56baf8781ddfc65543b63/elements - {"using":"xpath","value":"//button[@data-kt=\"addButton\"]"}
RESULT: {"using":"xpath","value":"//button[@data-kt=\"addButton\"]"}
COMMAND: POST /session/2fb6d640d7e56baf8781ddfc65543b63/elements - {"using":"xpath","value":"//button[@data-kt=\"addButton\"]"}
RESULT: {"using":"xpath","value":"//button[@data-kt=\"addButton\"]"}
COMMAND: POST /session/2fb6d640d7e56baf8781ddfc65543b63/element - {"using":"xpath","value":"//button[@data-kt=\"addButton\"]"}
RESULT: {"using":"xpath","value":"//button[@data-kt=\"addButton\"]"}
COMMAND: POST /session/2fb6d640d7e56baf8781ddfc65543b63/execute/sync - {"script":"<script> [8489 bytes]","args":[{"element-6066-11e4-a52e-4f735466cecf":"f.CCF77AB910636C8B118410FB7AEDA09C.d.555D0094D826B080768F94756AB4D949.e.1040","ELEMENT":"f.CCF77AB910636C8B118410FB7AEDA09C.d.555D0094D826B080768F94756AB4D949.e.1040"}]}
RESULT: {"script":"<script> [8489 bytes]","args":[{"element-6066-11e4-a52e-4f735466cecf":"f.CCF77AB910636C8B118410FB7AEDA09C.d.555D0094D826B080768F94756AB4D949.e.1040","ELEMENT":"f.CCF77AB910636C8B118410FB7AEDA09C.d.555D0094D826B080768F94756AB4D949.e.1040"}]}
COMMAND: GET /session/2fb6d640d7e56baf8781ddfc65543b63/element/f.CCF77AB910636C8B118410FB7AEDA09C.d.555D0094D826B080768F94756AB4D949.e.1040/enabled - {}
COMMAND: GET /session/2fb6d640d7e56baf8781ddfc65543b63/screenshot - {}
RESULT: {}
COMMAND: POST /session/2fb6d640d7e56baf8781ddfc65543b63/execute/sync - {"script":"<script> [8489 bytes]","args":[{"element-6066-11e4-a52e-4f735466cecf":"f.CCF77AB910636C8B118410FB7AEDA09C.d.555D0094D826B080768F94756AB4D949.e.1040","ELEMENT":"f.CCF77AB910636C8B118410FB7AEDA09C.d.555D0094D826B080768F94756AB4D949.e.1040"}]}
COMMAND: GET /session/2fb6d640d7e56baf8781ddfc65543b63/screenshot - {}
RESULT: {}
RESULT: {"script":"<script> [8489 bytes]","args":[{"element-6066-11e4-a52e-4f735466cecf":"f.CCF77AB910636C8B118410FB7AEDA09C.d.555D0094D826B080768F94756AB4D949.e.1040","ELEMENT":"f.CCF77AB910636C8B118410FB7AEDA09C.d.555D0094D826B080768F94756AB4D949.e.1040"}]}
COMMAND: POST /session/2fb6d640d7e56baf8781ddfc65543b63/execute/sync - {"script":"<script> [5351 bytes]","args":[{"element-6066-11e4-a52e-4f735466cecf":"f.CCF77AB910636C8B118410FB7AEDA09C.d.555D0094D826B080768F94756AB4D949.e.1040","ELEMENT":"f.CCF77AB910636C8B118410FB7AEDA09C.d.555D0094D826B080768F94756AB4D949.e.1040"}]}
COMMAND: GET /session/2fb6d640d7e56baf8781ddfc65543b63/screenshot - {}
RESULT: {}
RESULT: {"script":"<script> [5351 bytes]","args":[{"element-6066-11e4-a52e-4f735466cecf":"f.CCF77AB910636C8B118410FB7AEDA09C.d.555D0094D826B080768F94756AB4D949.e.1040","ELEMENT":"f.CCF77AB910636C8B118410FB7AEDA09C.d.555D0094D826B080768F94756AB4D949.e.1040"}]}
COMMAND: POST /session/2fb6d640d7e56baf8781ddfc65543b63/element/f.CCF77AB910636C8B118410FB7AEDA09C.d.555D0094D826B080768F94756AB4D949.e.1040/click - {}
COMMAND: GET /session/2fb6d640d7e56baf8781ddfc65543b63/screenshot - {}
RESULT: {}
RESULT: {}
COMMAND: GET /session/2fb6d640d7e56baf8781ddfc65543b63/screenshot - {}
COMMAND: POST /session/2fb6d640d7e56baf8781ddfc65543b63/execute/async - {"script":"<script> [1562 bytes]","args":[{"selector":{"id":"application-managepartners-display-component---NewPartner--addressDetailDetailsName1","interaction":{"idSuffix":"inner"}},"wdio_ui5_key":"applicationmanagepartners-display-component---NewPartner--addressDetailDetailsName1"}]}
RESULT: {}
RESULT: {}
RESULT: {"script":"<script> [1562 bytes]","args":[{"selector":{"id":"application-managepartners-display-component---NewPartner--addressDetailDetailsName1","interaction":{"idSuffix":"inner"}},"wdio_ui5_key":"applicationmanagepartners-display-component---NewPartner--addressDetailDetailsName1"}]}
RESULT: undefined
COMMAND: POST /session/2fb6d640d7e56baf8781ddfc65543b63/execute/async - {"script":"<script> [776 bytes]","args":[{"enterText":"External Partner WDIO","selector":{"id":"application-managepartners-display-component---NewPartner--addressDetailDetailsName1","interaction":{"idSuffix":"inner"}},"clearTextFirst":true,"interactionType":"ENTER_TEXT"}]}
RESULT: {"script":"<script> [776 bytes]","args":[{"enterText":"External Partner WDIO","selector":{"id":"application-managepartners-display-component---NewPartner--addressDetailDetailsName1","interaction":{"idSuffix":"inner"}},"clearTextFirst":true,"interactionType":"ENTER_TEXT"}]}
COMMAND: POST /session/2fb6d640d7e56baf8781ddfc65543b63/execute/async - {"script":"<script> [1562 bytes]","args":[{"selector":{"id":"application-managepartners-display-component---NewPartner--addressDetailDetailsLanguage-arrow"},"wdio_ui5_key":"applicationmanagepartners-display-component---NewPartner--addressDetailDetailsLanguage-arrow"}]}
RESULT: {"script":"<script> [1562 bytes]","args":[{"selector":{"id":"application-managepartners-display-component---NewPartner--addressDetailDetailsLanguage-arrow"},"wdio_ui5_key":"applicationmanagepartners-display-component---NewPartner--addressDetailDetailsLanguage-arrow"}]}
RESULT: undefined
COMMAND: POST /session/2fb6d640d7e56baf8781ddfc65543b63/element - {"using":"xpath","value":"//*[@id=\"application-managepartners-display-component---NewPartner--addressDetailDetailsLanguage-arrow\"]"}
RESULT: {"using":"xpath","value":"//*[@id=\"application-managepartners-display-component---NewPartner--addressDetailDetailsLanguage-arrow\"]"}
COMMAND: POST /session/2fb6d640d7e56baf8781ddfc65543b63/element/f.CCF77AB910636C8B118410FB7AEDA09C.d.555D0094D826B080768F94756AB4D949.e.1491/click - {}
RESULT: {}
COMMAND: POST /session/2fb6d640d7e56baf8781ddfc65543b63/element - {"using":"xpath","value":"//span[contains(text(), \"English\")]"}
COMMAND: GET /session/2fb6d640d7e56baf8781ddfc65543b63/screenshot - {}
RESULT: {"using":"xpath","value":"//span[contains(text(), \"English\")]"}
COMMAND: POST /session/2fb6d640d7e56baf8781ddfc65543b63/element/f.CCF77AB910636C8B118410FB7AEDA09C.d.555D0094D826B080768F94756AB4D949.e.1492/click - {}
RESULT: {}
RESULT: {}
COMMAND: GET /session/2fb6d640d7e56baf8781ddfc65543b63/screenshot - {}
RESULT: {}
COMMAND: POST /session/2fb6d640d7e56baf8781ddfc65543b63/execute/async - {"script":"<script> [1562 bytes]","args":[{"selector":{"id":"application-managepartners-display-component---NewPartner--addressDetailDetailsCity1","interaction":{"idSuffix":"inner"}},"wdio_ui5_key":"applicationmanagepartners-display-component---NewPartner--addressDetailDetailsCity1"}]}
RESULT: {"script":"<script> [1562 bytes]","args":[{"selector":{"id":"application-managepartners-display-component---NewPartner--addressDetailDetailsCity1","interaction":{"idSuffix":"inner"}},"wdio_ui5_key":"applicationmanagepartners-display-component---NewPartner--addressDetailDetailsCity1"}]}
RESULT: undefined
COMMAND: POST /session/2fb6d640d7e56baf8781ddfc65543b63/execute/async - {"script":"<script> [776 bytes]","args":[{"enterText":"Rosario","selector":{"id":"application-managepartners-display-component---NewPartner--addressDetailDetailsCity1","interaction":{"idSuffix":"inner"}},"clearTextFirst":true,"interactionType":"ENTER_TEXT"}]}
RESULT: {"script":"<script> [776 bytes]","args":[{"enterText":"Rosario","selector":{"id":"application-managepartners-display-component---NewPartner--addressDetailDetailsCity1","interaction":{"idSuffix":"inner"}},"clearTextFirst":true,"interactionType":"ENTER_TEXT"}]}
COMMAND: POST /session/2fb6d640d7e56baf8781ddfc65543b63/execute/async - {"script":"<script> [1562 bytes]","args":[{"selector":{"id":"application-managepartners-display-component---NewPartner--addressDetailDetailsCountry-arrow"},"wdio_ui5_key":"applicationmanagepartners-display-component---NewPartner--addressDetailDetailsCountry-arrow"}]}
RESULT: {"script":"<script> [1562 bytes]","args":[{"selector":{"id":"application-managepartners-display-component---NewPartner--addressDetailDetailsCountry-arrow"},"wdio_ui5_key":"applicationmanagepartners-display-component---NewPartner--addressDetailDetailsCountry-arrow"}]}
RESULT: undefined
COMMAND: POST /session/2fb6d640d7e56baf8781ddfc65543b63/element - {"using":"xpath","value":"//*[@id=\"application-managepartners-display-component---NewPartner--addressDetailDetailsCountry-arrow\"]"}
RESULT: {"using":"xpath","value":"//*[@id=\"application-managepartners-display-component---NewPartner--addressDetailDetailsCountry-arrow\"]"}
COMMAND: POST /session/2fb6d640d7e56baf8781ddfc65543b63/element/f.CCF77AB910636C8B118410FB7AEDA09C.d.555D0094D826B080768F94756AB4D949.e.1455/click - {}
RESULT: {}
COMMAND: POST /session/2fb6d640d7e56baf8781ddfc65543b63/element - {"using":"xpath","value":"//span[contains(text(), \"Argentina\")]"}
COMMAND: GET /session/2fb6d640d7e56baf8781ddfc65543b63/screenshot - {}
RESULT: {"using":"xpath","value":"//span[contains(text(), \"Argentina\")]"}
COMMAND: POST /session/2fb6d640d7e56baf8781ddfc65543b63/element/f.CCF77AB910636C8B118410FB7AEDA09C.d.555D0094D826B080768F94756AB4D949.e.1494/click - {}
RESULT: {}
RESULT: {}
COMMAND: GET /session/2fb6d640d7e56baf8781ddfc65543b63/screenshot - {}
RESULT: {}
COMMAND: POST /session/2fb6d640d7e56baf8781ddfc65543b63/element - {"using":"xpath","value":"//bdi[contains(text(), \"Commercial\")]"}
RESULT: {"using":"xpath","value":"//bdi[contains(text(), \"Commercial\")]"}
COMMAND: POST /session/2fb6d640d7e56baf8781ddfc65543b63/element/f.CCF77AB910636C8B118410FB7AEDA09C.d.555D0094D826B080768F94756AB4D949.e.1495/click - {}
RESULT: {}
COMMAND: GET /session/2fb6d640d7e56baf8781ddfc65543b63/screenshot - {}
RESULT: {}
COMMAND: POST /session/2fb6d640d7e56baf8781ddfc65543b63/execute/async - {"script":"<script> [1562 bytes]","args":[{"selector":{"id":"application-managepartners-display-component---NewPartner--partnerDetailInternal-arrow"},"wdio_ui5_key":"applicationmanagepartners-display-component---NewPartner--partnerDetailInternal-arrow"}]}
RESULT: {"script":"<script> [1562 bytes]","args":[{"selector":{"id":"application-managepartners-display-component---NewPartner--partnerDetailInternal-arrow"},"wdio_ui5_key":"applicationmanagepartners-display-component---NewPartner--partnerDetailInternal-arrow"}]}
RESULT: undefined
COMMAND: POST /session/2fb6d640d7e56baf8781ddfc65543b63/element - {"using":"xpath","value":"//*[@id=\"application-managepartners-display-component---NewPartner--partnerDetailInternal-arrow\"]"}
RESULT: {"using":"xpath","value":"//*[@id=\"application-managepartners-display-component---NewPartner--partnerDetailInternal-arrow\"]"}
COMMAND: POST /session/2fb6d640d7e56baf8781ddfc65543b63/element/f.CCF77AB910636C8B118410FB7AEDA09C.d.555D0094D826B080768F94756AB4D949.e.1501/click - {}
RESULT: {}
COMMAND: POST /session/2fb6d640d7e56baf8781ddfc65543b63/element - {"using":"xpath","value":"//span[contains(text(), \"External partner\")]"}
COMMAND: GET /session/2fb6d640d7e56baf8781ddfc65543b63/screenshot - {}
RESULT: {"using":"xpath","value":"//span[contains(text(), \"External partner\")]"}
COMMAND: POST /session/2fb6d640d7e56baf8781ddfc65543b63/element/f.CCF77AB910636C8B118410FB7AEDA09C.d.555D0094D826B080768F94756AB4D949.e.1502/click - {}
RESULT: {}
RESULT: {}
COMMAND: POST /session/2fb6d640d7e56baf8781ddfc65543b63/execute/async - {"script":"<script> [1562 bytes]","args":[{"selector":{"id":"application-managepartners-display-component---NewPartner--partnerDetailsCurrency-arrow"},"wdio_ui5_key":"applicationmanagepartners-display-component---NewPartner--partnerDetailsCurrency-arrow"}]}
COMMAND: GET /session/2fb6d640d7e56baf8781ddfc65543b63/screenshot - {}
RESULT: {"script":"<script> [1562 bytes]","args":[{"selector":{"id":"application-managepartners-display-component---NewPartner--partnerDetailsCurrency-arrow"},"wdio_ui5_key":"applicationmanagepartners-display-component---NewPartner--partnerDetailsCurrency-arrow"}]}
RESULT: undefined
COMMAND: POST /session/2fb6d640d7e56baf8781ddfc65543b63/element - {"using":"xpath","value":"//*[@id=\"application-managepartners-display-component---NewPartner--partnerDetailsCurrency-arrow\"]"}
RESULT: {}
RESULT: {"using":"xpath","value":"//*[@id=\"application-managepartners-display-component---NewPartner--partnerDetailsCurrency-arrow\"]"}
COMMAND: POST /session/2fb6d640d7e56baf8781ddfc65543b63/element/f.CCF77AB910636C8B118410FB7AEDA09C.d.555D0094D826B080768F94756AB4D949.e.1507/click - {}
RESULT: {}
COMMAND: POST /session/2fb6d640d7e56baf8781ddfc65543b63/element - {"using":"xpath","value":"//span[contains(text(), \"US Dollar\")]"}
COMMAND: GET /session/2fb6d640d7e56baf8781ddfc65543b63/screenshot - {}
RESULT: {"using":"xpath","value":"//span[contains(text(), \"US Dollar\")]"}
COMMAND: POST /session/2fb6d640d7e56baf8781ddfc65543b63/element/f.CCF77AB910636C8B118410FB7AEDA09C.d.555D0094D826B080768F94756AB4D949.e.1508/click - {}
RESULT: {}
RESULT: {}
COMMAND: GET /session/2fb6d640d7e56baf8781ddfc65543b63/screenshot - {}
RESULT: {}
COMMAND: POST /session/2fb6d640d7e56baf8781ddfc65543b63/element - {"using":"xpath","value":"//input[@id=\"application-managepartners-display-component---NewPartner--companyCodeComboBox-inner\"]"}
RESULT: {"using":"xpath","value":"//input[@id=\"application-managepartners-display-component---NewPartner--companyCodeComboBox-inner\"]"}
COMMAND: POST /session/2fb6d640d7e56baf8781ddfc65543b63/element/f.CCF77AB910636C8B118410FB7AEDA09C.d.555D0094D826B080768F94756AB4D949.e.1450/clear - {}
RESULT: {}
COMMAND: POST /session/2fb6d640d7e56baf8781ddfc65543b63/element/f.CCF77AB910636C8B118410FB7AEDA09C.d.555D0094D826B080768F94756AB4D949.e.1450/value - {"text":"C002"}
COMMAND: GET /session/2fb6d640d7e56baf8781ddfc65543b63/screenshot - {}
RESULT: {"text":"C002"}
COMMAND: GET /session/2fb6d640d7e56baf8781ddfc65543b63/screenshot - {}
RESULT: {}
RESULT: {}
COMMAND: POST /session/2fb6d640d7e56baf8781ddfc65543b63/element - {"using":"xpath","value":"//span[contains(text(), \"C002\")]"}
RESULT: {"using":"xpath","value":"//span[contains(text(), \"C002\")]"}
COMMAND: POST /session/2fb6d640d7e56baf8781ddfc65543b63/element/f.CCF77AB910636C8B118410FB7AEDA09C.d.555D0094D826B080768F94756AB4D949.e.1512/click - {}
RESULT: {}
COMMAND: GET /session/2fb6d640d7e56baf8781ddfc65543b63/screenshot - {}
RESULT: {}
COMMAND: POST /session/2fb6d640d7e56baf8781ddfc65543b63/execute/async - {"script":"<script> [1562 bytes]","args":[{"selector":{"id":"application-managepartners-display-component---NewPartner--btnAddTableRow-img"},"wdio_ui5_key":"applicationmanagepartners-display-component---NewPartner--btnAddTableRow-img"}]}
RESULT: {"script":"<script> [1562 bytes]","args":[{"selector":{"id":"application-managepartners-display-component---NewPartner--btnAddTableRow-img"},"wdio_ui5_key":"applicationmanagepartners-display-component---NewPartner--btnAddTableRow-img"}]}
RESULT: undefined
COMMAND: POST /session/2fb6d640d7e56baf8781ddfc65543b63/element - {"using":"xpath","value":"//*[@id=\"application-managepartners-display-component---NewPartner--btnAddTableRow-img\"]"}
RESULT: {"using":"xpath","value":"//*[@id=\"application-managepartners-display-component---NewPartner--btnAddTableRow-img\"]"}
COMMAND: POST /session/2fb6d640d7e56baf8781ddfc65543b63/element/f.CCF77AB910636C8B118410FB7AEDA09C.d.555D0094D826B080768F94756AB4D949.e.1513/click - {}
RESULT: {}
COMMAND: GET /session/2fb6d640d7e56baf8781ddfc65543b63/screenshot - {}
RESULT: {}
COMMAND: POST /session/2fb6d640d7e56baf8781ddfc65543b63/element - {"using":"xpath","value":"//input[@id=\"application-managepartners-display-component---NewPartner--assignmentYard-application-managepartners-display-component---NewPartner--assignmentsTable-0-inner\"]"}
RESULT: {"using":"xpath","value":"//input[@id=\"application-managepartners-display-component---NewPartner--assignmentYard-application-managepartners-display-component---NewPartner--assignmentsTable-0-inner\"]"}
COMMAND: POST /session/2fb6d640d7e56baf8781ddfc65543b63/element/f.CCF77AB910636C8B118410FB7AEDA09C.d.555D0094D826B080768F94756AB4D949.e.1516/clear - {}
RESULT: {}
COMMAND: POST /session/2fb6d640d7e56baf8781ddfc65543b63/element/f.CCF77AB910636C8B118410FB7AEDA09C.d.555D0094D826B080768F94756AB4D949.e.1516/value - {"text":"454"}
COMMAND: GET /session/2fb6d640d7e56baf8781ddfc65543b63/screenshot - {}
RESULT: {"text":"454"}
COMMAND: GET /session/2fb6d640d7e56baf8781ddfc65543b63/screenshot - {}
RESULT: {}
RESULT: {}
COMMAND: POST /session/2fb6d640d7e56baf8781ddfc65543b63/element - {"using":"xpath","value":"//li[.//span[text()='454']]"}
RESULT: {"using":"xpath","value":"//li[.//span[text()='454']]"}
COMMAND: POST /session/2fb6d640d7e56baf8781ddfc65543b63/element/f.CCF77AB910636C8B118410FB7AEDA09C.d.555D0094D826B080768F94756AB4D949.e.1524/click - {}
RESULT: {}
COMMAND: GET /session/2fb6d640d7e56baf8781ddfc65543b63/screenshot - {}
RESULT: {}
COMMAND: POST /session/2fb6d640d7e56baf8781ddfc65543b63/actions - {"actions":[{"id":"action2","type":"key","parameters":{},"actions":[{"type":"keyDown","value":""},{"type":"pause","duration":10},{"type":"keyUp","value":""}]}]}
RESULT: {"actions":[{"id":"action2","type":"key","parameters":{},"actions":[{"type":"keyDown","value":""},{"type":"pause","duration":10},{"type":"keyUp","value":""}]}]}
COMMAND: POST /session/2fb6d640d7e56baf8781ddfc65543b63/element - {"using":"xpath","value":"//td[contains(@id, \"assignmentsTable-0-cell2\")]/div/div"}
COMMAND: GET /session/2fb6d640d7e56baf8781ddfc65543b63/screenshot - {}
RESULT: {"using":"xpath","value":"//td[contains(@id, \"assignmentsTable-0-cell2\")]/div/div"}
COMMAND: POST /session/2fb6d640d7e56baf8781ddfc65543b63/element/f.CCF77AB910636C8B118410FB7AEDA09C.d.555D0094D826B080768F94756AB4D949.e.1527/click - {}
RESULT: {}
RESULT: {}
COMMAND: GET /session/2fb6d640d7e56baf8781ddfc65543b63/screenshot - {}
RESULT: {}
COMMAND: POST /session/2fb6d640d7e56baf8781ddfc65543b63/element - {"using":"xpath","value":"//button[@data-kt=\"saveButton\"]"}
RESULT: {"using":"xpath","value":"//button[@data-kt=\"saveButton\"]"}
COMMAND: POST /session/2fb6d640d7e56baf8781ddfc65543b63/element/f.CCF77AB910636C8B118410FB7AEDA09C.d.555D0094D826B080768F94756AB4D949.e.1476/click - {}
RESULT: {}
COMMAND: GET /session/2fb6d640d7e56baf8781ddfc65543b63/screenshot - {}
RESULT: {}
COMMAND: POST /session/2fb6d640d7e56baf8781ddfc65543b63/element - {"using":"xpath","value":"//header[contains(@id, 'ObjectPageLayout-headerTitle')]/div[1]/div[2]/div[2]/span[1]"}
RESULT: {"using":"xpath","value":"//header[contains(@id, 'ObjectPageLayout-headerTitle')]/div[1]/div[2]/div[2]/span[1]"}
COMMAND: POST /session/2fb6d640d7e56baf8781ddfc65543b63/elements - {"using":"xpath","value":"//header[contains(@id, 'ObjectPageLayout-headerTitle')]/div[1]/div[2]/div[2]/span[1]"}
RESULT: {"using":"xpath","value":"//header[contains(@id, 'ObjectPageLayout-headerTitle')]/div[1]/div[2]/div[2]/span[1]"}
COMMAND: POST /session/2fb6d640d7e56baf8781ddfc65543b63/execute/sync - {"script":"<script> [56 bytes]","args":[{"element-6066-11e4-a52e-4f735466cecf":"f.CCF77AB910636C8B118410FB7AEDA09C.d.555D0094D826B080768F94756AB4D949.e.1691","ELEMENT":"f.CCF77AB910636C8B118410FB7AEDA09C.d.555D0094D826B080768F94756AB4D949.e.1691"}]}
RESULT: {"script":"<script> [56 bytes]","args":[{"element-6066-11e4-a52e-4f735466cecf":"f.CCF77AB910636C8B118410FB7AEDA09C.d.555D0094D826B080768F94756AB4D949.e.1691","ELEMENT":"f.CCF77AB910636C8B118410FB7AEDA09C.d.555D0094D826B080768F94756AB4D949.e.1691"}]}
COMMAND: POST /session/2fb6d640d7e56baf8781ddfc65543b63/element - {"using":"css selector","value":"#shell-header-logo"}
COMMAND: GET /session/2fb6d640d7e56baf8781ddfc65543b63/screenshot - {}
RESULT: {"using":"css selector","value":"#shell-header-logo"}
COMMAND: POST /session/2fb6d640d7e56baf8781ddfc65543b63/element/f.CCF77AB910636C8B118410FB7AEDA09C.d.555D0094D826B080768F94756AB4D949.e.1004/click - {}
RESULT: {}
RESULT: {}
COMMAND: GET /session/2fb6d640d7e56baf8781ddfc65543b63/screenshot - {}
RESULT: {}
COMMAND: POST /session/2fb6d640d7e56baf8781ddfc65543b63/execute/sync - {"script":"<script> [299 bytes]","args":[["getModel","getResource"]]}
RESULT: {"script":"<script> [299 bytes]","args":[["getModel","getResource"]]}
]]></system-out>
    </testcase>
    <testcase classname="chrome.135_0_7049_42.windows.Partner_specific_tests_US150819_US151080_US151654_US151176_US103444_US151078_US151079_US151109_US151174_US151175_US151189" name="Should filter and search partners US151080" time="100.579">
      <system-out><![CDATA[
COMMAND: GET /session/2fb6d640d7e56baf8781ddfc65543b63/screenshot - {}
COMMAND: POST /session/2fb6d640d7e56baf8781ddfc65543b63/element - {"using":"xpath","value":"//li[.//span[text()=\"Manage Partners\"]]"}
RESULT: {}
RESULT: {"using":"xpath","value":"//li[.//span[text()=\"Manage Partners\"]]"}
COMMAND: POST /session/2fb6d640d7e56baf8781ddfc65543b63/element - {"using":"xpath","value":"//li[.//span[text()=\"Manage Partners\"]]"}
RESULT: {"using":"xpath","value":"//li[.//span[text()=\"Manage Partners\"]]"}
COMMAND: POST /session/2fb6d640d7e56baf8781ddfc65543b63/element - {"using":"css selector","value":"#shell-header-logo"}
RESULT: {"using":"css selector","value":"#shell-header-logo"}
COMMAND: POST /session/2fb6d640d7e56baf8781ddfc65543b63/element/f.CCF77AB910636C8B118410FB7AEDA09C.d.555D0094D826B080768F94756AB4D949.e.1693/click - {}
COMMAND: POST /session/2fb6d640d7e56baf8781ddfc65543b63/execute/sync - {"script":"<script> [8489 bytes]","args":[{"element-6066-11e4-a52e-4f735466cecf":"f.CCF77AB910636C8B118410FB7AEDA09C.d.555D0094D826B080768F94756AB4D949.e.1693","ELEMENT":"f.CCF77AB910636C8B118410FB7AEDA09C.d.555D0094D826B080768F94756AB4D949.e.1693"}]}
RESULT: {}
COMMAND: GET /session/2fb6d640d7e56baf8781ddfc65543b63/screenshot - {}
RESULT: {"script":"<script> [8489 bytes]","args":[{"element-6066-11e4-a52e-4f735466cecf":"f.CCF77AB910636C8B118410FB7AEDA09C.d.555D0094D826B080768F94756AB4D949.e.1693","ELEMENT":"f.CCF77AB910636C8B118410FB7AEDA09C.d.555D0094D826B080768F94756AB4D949.e.1693"}]}
COMMAND: POST /session/2fb6d640d7e56baf8781ddfc65543b63/execute/sync - {"script":"<script> [5351 bytes]","args":[{"element-6066-11e4-a52e-4f735466cecf":"f.CCF77AB910636C8B118410FB7AEDA09C.d.555D0094D826B080768F94756AB4D949.e.1693","ELEMENT":"f.CCF77AB910636C8B118410FB7AEDA09C.d.555D0094D826B080768F94756AB4D949.e.1693"}]}
COMMAND: GET /session/2fb6d640d7e56baf8781ddfc65543b63/screenshot - {}
RESULT: {}
RESULT: {"script":"<script> [5351 bytes]","args":[{"element-6066-11e4-a52e-4f735466cecf":"f.CCF77AB910636C8B118410FB7AEDA09C.d.555D0094D826B080768F94756AB4D949.e.1693","ELEMENT":"f.CCF77AB910636C8B118410FB7AEDA09C.d.555D0094D826B080768F94756AB4D949.e.1693"}]}
COMMAND: GET /session/2fb6d640d7e56baf8781ddfc65543b63/screenshot - {}
RESULT: {}
RESULT: {}
RESULT: undefined
COMMAND: POST /session/2fb6d640d7e56baf8781ddfc65543b63/element - {"using":"xpath","value":"//*[@id=\"__tile38\"]"}
RESULT: {"using":"xpath","value":"//*[@id=\"__tile38\"]"}
COMMAND: POST /session/2fb6d640d7e56baf8781ddfc65543b63/element/f.CCF77AB910636C8B118410FB7AEDA09C.d.555D0094D826B080768F94756AB4D949.e.148/click - {}
RESULT: {}
COMMAND: POST /session/2fb6d640d7e56baf8781ddfc65543b63/element - {"using":"xpath","value":"//button[@data-kt=\"addButton\"]"}
COMMAND: GET /session/2fb6d640d7e56baf8781ddfc65543b63/screenshot - {}
RESULT: {"using":"xpath","value":"//button[@data-kt=\"addButton\"]"}
COMMAND: POST /session/2fb6d640d7e56baf8781ddfc65543b63/elements - {"using":"xpath","value":"//button[@data-kt=\"addButton\"]"}
RESULT: {}
RESULT: {"using":"xpath","value":"//button[@data-kt=\"addButton\"]"}
COMMAND: POST /session/2fb6d640d7e56baf8781ddfc65543b63/execute/sync - {"script":"<script> [8489 bytes]","args":[{"element-6066-11e4-a52e-4f735466cecf":"f.CCF77AB910636C8B118410FB7AEDA09C.d.555D0094D826B080768F94756AB4D949.e.1727","ELEMENT":"f.CCF77AB910636C8B118410FB7AEDA09C.d.555D0094D826B080768F94756AB4D949.e.1727"}]}
RESULT: {"script":"<script> [8489 bytes]","args":[{"element-6066-11e4-a52e-4f735466cecf":"f.CCF77AB910636C8B118410FB7AEDA09C.d.555D0094D826B080768F94756AB4D949.e.1727","ELEMENT":"f.CCF77AB910636C8B118410FB7AEDA09C.d.555D0094D826B080768F94756AB4D949.e.1727"}]}
COMMAND: GET /session/2fb6d640d7e56baf8781ddfc65543b63/element/f.CCF77AB910636C8B118410FB7AEDA09C.d.555D0094D826B080768F94756AB4D949.e.1727/enabled - {}
COMMAND: GET /session/2fb6d640d7e56baf8781ddfc65543b63/screenshot - {}
RESULT: {}
COMMAND: POST /session/2fb6d640d7e56baf8781ddfc65543b63/execute/sync - {"script":"<script> [8489 bytes]","args":[{"element-6066-11e4-a52e-4f735466cecf":"f.CCF77AB910636C8B118410FB7AEDA09C.d.555D0094D826B080768F94756AB4D949.e.1727","ELEMENT":"f.CCF77AB910636C8B118410FB7AEDA09C.d.555D0094D826B080768F94756AB4D949.e.1727"}]}
COMMAND: GET /session/2fb6d640d7e56baf8781ddfc65543b63/screenshot - {}
RESULT: {}
RESULT: {}
RESULT: {"script":"<script> [8489 bytes]","args":[{"element-6066-11e4-a52e-4f735466cecf":"f.CCF77AB910636C8B118410FB7AEDA09C.d.555D0094D826B080768F94756AB4D949.e.1727","ELEMENT":"f.CCF77AB910636C8B118410FB7AEDA09C.d.555D0094D826B080768F94756AB4D949.e.1727"}]}
COMMAND: POST /session/2fb6d640d7e56baf8781ddfc65543b63/execute/sync - {"script":"<script> [5351 bytes]","args":[{"element-6066-11e4-a52e-4f735466cecf":"f.CCF77AB910636C8B118410FB7AEDA09C.d.555D0094D826B080768F94756AB4D949.e.1727","ELEMENT":"f.CCF77AB910636C8B118410FB7AEDA09C.d.555D0094D826B080768F94756AB4D949.e.1727"}]}
COMMAND: GET /session/2fb6d640d7e56baf8781ddfc65543b63/screenshot - {}
RESULT: {"script":"<script> [5351 bytes]","args":[{"element-6066-11e4-a52e-4f735466cecf":"f.CCF77AB910636C8B118410FB7AEDA09C.d.555D0094D826B080768F94756AB4D949.e.1727","ELEMENT":"f.CCF77AB910636C8B118410FB7AEDA09C.d.555D0094D826B080768F94756AB4D949.e.1727"}]}
COMMAND: GET /session/2fb6d640d7e56baf8781ddfc65543b63/screenshot - {}
RESULT: {}
RESULT: {}
COMMAND: POST /session/2fb6d640d7e56baf8781ddfc65543b63/execute/async - {"script":"<script> [1562 bytes]","args":[{"selector":{"id":"application-managepartners-display-component---masterPtm--smartTable-btnPersonalisation-img"},"wdio_ui5_key":"applicationmanagepartners-display-component---masterPtm--smartTable-btnPersonalisation-img"}]}
RESULT: {"script":"<script> [1562 bytes]","args":[{"selector":{"id":"application-managepartners-display-component---masterPtm--smartTable-btnPersonalisation-img"},"wdio_ui5_key":"applicationmanagepartners-display-component---masterPtm--smartTable-btnPersonalisation-img"}]}
RESULT: undefined
COMMAND: POST /session/2fb6d640d7e56baf8781ddfc65543b63/element - {"using":"xpath","value":"//*[@id=\"application-managepartners-display-component---masterPtm--smartTable-btnPersonalisation-img\"]"}
RESULT: {"using":"xpath","value":"//*[@id=\"application-managepartners-display-component---masterPtm--smartTable-btnPersonalisation-img\"]"}
COMMAND: POST /session/2fb6d640d7e56baf8781ddfc65543b63/element/f.CCF77AB910636C8B118410FB7AEDA09C.d.555D0094D826B080768F94756AB4D949.e.1743/click - {}
RESULT: {}
COMMAND: GET /session/2fb6d640d7e56baf8781ddfc65543b63/screenshot - {}
RESULT: {}
COMMAND: POST /session/2fb6d640d7e56baf8781ddfc65543b63/execute/async - {"script":"<script> [1562 bytes]","args":[{"selector":{"controlType":"sap.m.IconTabFilter","viewName":"etm.portal.ui.managepartners.view.Master","viewId":"application-managepartners-display-component---masterPtm","properties":{"text":"Sort"},"searchOpenDialogs":true,"interaction":{"idSuffix":"text"}},"wdio_ui5_key":"etmportal.ui.managepartners.view.Mastersap.m.IconTabFilter{\"text\":\"Sort\"}"}]}
RESULT: {"script":"<script> [1562 bytes]","args":[{"selector":{"controlType":"sap.m.IconTabFilter","viewName":"etm.portal.ui.managepartners.view.Master","viewId":"application-managepartners-display-component---masterPtm","properties":{"text":"Sort"},"searchOpenDialogs":true,"interaction":{"idSuffix":"text"}},"wdio_ui5_key":"etmportal.ui.managepartners.view.Mastersap.m.IconTabFilter{\"text\":\"Sort\"}"}]}
RESULT: undefined
COMMAND: POST /session/2fb6d640d7e56baf8781ddfc65543b63/element - {"using":"xpath","value":"//*[@id=\"__filter1\"]"}
RESULT: {"using":"xpath","value":"//*[@id=\"__filter1\"]"}
COMMAND: POST /session/2fb6d640d7e56baf8781ddfc65543b63/element/f.CCF77AB910636C8B118410FB7AEDA09C.d.555D0094D826B080768F94756AB4D949.e.1886/click - {}
RESULT: {}
COMMAND: GET /session/2fb6d640d7e56baf8781ddfc65543b63/screenshot - {}
RESULT: {}
COMMAND: POST /session/2fb6d640d7e56baf8781ddfc65543b63/element - {"using":"xpath","value":"//input[@placeholder=\"Sort by\"]/following-sibling::div//span"}
RESULT: {"using":"xpath","value":"//input[@placeholder=\"Sort by\"]/following-sibling::div//span"}
COMMAND: POST /session/2fb6d640d7e56baf8781ddfc65543b63/element/f.CCF77AB910636C8B118410FB7AEDA09C.d.555D0094D826B080768F94756AB4D949.e.1888/click - {}
RESULT: {}
COMMAND: GET /session/2fb6d640d7e56baf8781ddfc65543b63/screenshot - {}
RESULT: {}
COMMAND: POST /session/2fb6d640d7e56baf8781ddfc65543b63/element - {"using":"xpath","value":"//li[.//span[text()=\"Language\"]]"}
RESULT: {"using":"xpath","value":"//li[.//span[text()=\"Language\"]]"}
COMMAND: POST /session/2fb6d640d7e56baf8781ddfc65543b63/element/f.CCF77AB910636C8B118410FB7AEDA09C.d.555D0094D826B080768F94756AB4D949.e.1889/click - {}
RESULT: {}
COMMAND: GET /session/2fb6d640d7e56baf8781ddfc65543b63/screenshot - {}
RESULT: {}
COMMAND: POST /session/2fb6d640d7e56baf8781ddfc65543b63/element - {"using":"xpath","value":"//bdi[contains(text(), \"OK\")]"}
RESULT: {"using":"xpath","value":"//bdi[contains(text(), \"OK\")]"}
COMMAND: POST /session/2fb6d640d7e56baf8781ddfc65543b63/element/f.CCF77AB910636C8B118410FB7AEDA09C.d.555D0094D826B080768F94756AB4D949.e.1893/click - {}
RESULT: {}
COMMAND: GET /session/2fb6d640d7e56baf8781ddfc65543b63/screenshot - {}
RESULT: {}
COMMAND: POST /session/2fb6d640d7e56baf8781ddfc65543b63/element - {"using":"xpath","value":"//table[contains(@id, \"customPartnersTable\")]//tbody/tr[1]/td[3]/span"}
RESULT: {"using":"xpath","value":"//table[contains(@id, \"customPartnersTable\")]//tbody/tr[1]/td[3]/span"}
COMMAND: POST /session/2fb6d640d7e56baf8781ddfc65543b63/execute/sync - {"script":"<script> [56 bytes]","args":[{"element-6066-11e4-a52e-4f735466cecf":"f.CCF77AB910636C8B118410FB7AEDA09C.d.555D0094D826B080768F94756AB4D949.e.2023","ELEMENT":"f.CCF77AB910636C8B118410FB7AEDA09C.d.555D0094D826B080768F94756AB4D949.e.2023"}]}
RESULT: {"script":"<script> [56 bytes]","args":[{"element-6066-11e4-a52e-4f735466cecf":"f.CCF77AB910636C8B118410FB7AEDA09C.d.555D0094D826B080768F94756AB4D949.e.2023","ELEMENT":"f.CCF77AB910636C8B118410FB7AEDA09C.d.555D0094D826B080768F94756AB4D949.e.2023"}]}
RESULT: undefined
COMMAND: POST /session/2fb6d640d7e56baf8781ddfc65543b63/element - {"using":"xpath","value":"//*[@id=\"application-managepartners-display-component---masterPtm--smartTable-btnPersonalisation-img\"]"}
COMMAND: GET /session/2fb6d640d7e56baf8781ddfc65543b63/screenshot - {}
RESULT: {"using":"xpath","value":"//*[@id=\"application-managepartners-display-component---masterPtm--smartTable-btnPersonalisation-img\"]"}
COMMAND: POST /session/2fb6d640d7e56baf8781ddfc65543b63/element/f.CCF77AB910636C8B118410FB7AEDA09C.d.555D0094D826B080768F94756AB4D949.e.1743/click - {}
RESULT: {}
RESULT: {}
COMMAND: GET /session/2fb6d640d7e56baf8781ddfc65543b63/screenshot - {}
RESULT: {}
COMMAND: POST /session/2fb6d640d7e56baf8781ddfc65543b63/element - {"using":"xpath","value":"//bdi[contains(text(), \"Reset\")]"}
RESULT: {"using":"xpath","value":"//bdi[contains(text(), \"Reset\")]"}
COMMAND: POST /session/2fb6d640d7e56baf8781ddfc65543b63/element/f.CCF77AB910636C8B118410FB7AEDA09C.d.555D0094D826B080768F94756AB4D949.e.2029/click - {}
RESULT: {}
COMMAND: GET /session/2fb6d640d7e56baf8781ddfc65543b63/screenshot - {}
RESULT: {}
COMMAND: POST /session/2fb6d640d7e56baf8781ddfc65543b63/element - {"using":"xpath","value":"(//bdi[contains(text(), \"OK\")])[2]"}
RESULT: {"using":"xpath","value":"(//bdi[contains(text(), \"OK\")])[2]"}
COMMAND: POST /session/2fb6d640d7e56baf8781ddfc65543b63/element/f.CCF77AB910636C8B118410FB7AEDA09C.d.555D0094D826B080768F94756AB4D949.e.2031/click - {}
RESULT: {}
COMMAND: GET /session/2fb6d640d7e56baf8781ddfc65543b63/screenshot - {}
COMMAND: POST /session/2fb6d640d7e56baf8781ddfc65543b63/element - {"using":"xpath","value":"//bdi[contains(text(), \"OK\")]"}
RESULT: {}
RESULT: {"using":"xpath","value":"//bdi[contains(text(), \"OK\")]"}
COMMAND: POST /session/2fb6d640d7e56baf8781ddfc65543b63/element/f.CCF77AB910636C8B118410FB7AEDA09C.d.555D0094D826B080768F94756AB4D949.e.2089/click - {}
RESULT: {}
COMMAND: GET /session/2fb6d640d7e56baf8781ddfc65543b63/screenshot - {}
RESULT: {}
COMMAND: POST /session/2fb6d640d7e56baf8781ddfc65543b63/element - {"using":"xpath","value":"//table[contains(@id, \"customPartnersTable\")]//tbody/tr[1]/td[3]/span"}
RESULT: {"using":"xpath","value":"//table[contains(@id, \"customPartnersTable\")]//tbody/tr[1]/td[3]/span"}
COMMAND: POST /session/2fb6d640d7e56baf8781ddfc65543b63/execute/sync - {"script":"<script> [56 bytes]","args":[{"element-6066-11e4-a52e-4f735466cecf":"f.CCF77AB910636C8B118410FB7AEDA09C.d.555D0094D826B080768F94756AB4D949.e.2091","ELEMENT":"f.CCF77AB910636C8B118410FB7AEDA09C.d.555D0094D826B080768F94756AB4D949.e.2091"}]}
RESULT: {"script":"<script> [56 bytes]","args":[{"element-6066-11e4-a52e-4f735466cecf":"f.CCF77AB910636C8B118410FB7AEDA09C.d.555D0094D826B080768F94756AB4D949.e.2091","ELEMENT":"f.CCF77AB910636C8B118410FB7AEDA09C.d.555D0094D826B080768F94756AB4D949.e.2091"}]}
RESULT: undefined
COMMAND: POST /session/2fb6d640d7e56baf8781ddfc65543b63/element - {"using":"xpath","value":"//*[@id=\"application-managepartners-display-component---masterPtm--smartTable-btnPersonalisation-img\"]"}
COMMAND: GET /session/2fb6d640d7e56baf8781ddfc65543b63/screenshot - {}
RESULT: {"using":"xpath","value":"//*[@id=\"application-managepartners-display-component---masterPtm--smartTable-btnPersonalisation-img\"]"}
COMMAND: POST /session/2fb6d640d7e56baf8781ddfc65543b63/element/f.CCF77AB910636C8B118410FB7AEDA09C.d.555D0094D826B080768F94756AB4D949.e.1743/click - {}
RESULT: {}
RESULT: {}
COMMAND: GET /session/2fb6d640d7e56baf8781ddfc65543b63/screenshot - {}
RESULT: {}
COMMAND: POST /session/2fb6d640d7e56baf8781ddfc65543b63/execute/async - {"script":"<script> [1562 bytes]","args":[{"selector":{"controlType":"sap.m.IconTabFilter","viewName":"etm.portal.ui.managepartners.view.Master","viewId":"application-managepartners-display-component---masterPtm","properties":{"text":"Filter"},"searchOpenDialogs":true,"interaction":{"idSuffix":"text"}},"wdio_ui5_key":"etmportal.ui.managepartners.view.Mastersap.m.IconTabFilter{\"text\":\"Filter\"}"}]}
RESULT: {"script":"<script> [1562 bytes]","args":[{"selector":{"controlType":"sap.m.IconTabFilter","viewName":"etm.portal.ui.managepartners.view.Master","viewId":"application-managepartners-display-component---masterPtm","properties":{"text":"Filter"},"searchOpenDialogs":true,"interaction":{"idSuffix":"text"}},"wdio_ui5_key":"etmportal.ui.managepartners.view.Mastersap.m.IconTabFilter{\"text\":\"Filter\"}"}]}
RESULT: undefined
COMMAND: POST /session/2fb6d640d7e56baf8781ddfc65543b63/element - {"using":"xpath","value":"//*[@id=\"__filter10\"]"}
RESULT: {"using":"xpath","value":"//*[@id=\"__filter10\"]"}
COMMAND: POST /session/2fb6d640d7e56baf8781ddfc65543b63/element/f.CCF77AB910636C8B118410FB7AEDA09C.d.555D0094D826B080768F94756AB4D949.e.2096/click - {}
RESULT: {}
COMMAND: GET /session/2fb6d640d7e56baf8781ddfc65543b63/screenshot - {}
RESULT: {}
COMMAND: POST /session/2fb6d640d7e56baf8781ddfc65543b63/element - {"using":"xpath","value":"//input[@placeholder=\"Filter by\"]/following-sibling::div//span"}
RESULT: {"using":"xpath","value":"//input[@placeholder=\"Filter by\"]/following-sibling::div//span"}
COMMAND: POST /session/2fb6d640d7e56baf8781ddfc65543b63/element/f.CCF77AB910636C8B118410FB7AEDA09C.d.555D0094D826B080768F94756AB4D949.e.2098/click - {}
RESULT: {}
COMMAND: GET /session/2fb6d640d7e56baf8781ddfc65543b63/screenshot - {}
RESULT: {}
COMMAND: POST /session/2fb6d640d7e56baf8781ddfc65543b63/element - {"using":"xpath","value":"//li[.//span[text()=\"Preferred Yard\"]]"}
RESULT: {"using":"xpath","value":"//li[.//span[text()=\"Preferred Yard\"]]"}
COMMAND: POST /session/2fb6d640d7e56baf8781ddfc65543b63/element/f.CCF77AB910636C8B118410FB7AEDA09C.d.555D0094D826B080768F94756AB4D949.e.2099/click - {}
RESULT: {}
COMMAND: GET /session/2fb6d640d7e56baf8781ddfc65543b63/screenshot - {}
RESULT: {}
COMMAND: POST /session/2fb6d640d7e56baf8781ddfc65543b63/execute/async - {"script":"<script> [1562 bytes]","args":[{"selector":{"id":"FilterPanel-filterItemControl_BASIC-application-managepartners-display-component---masterPtm--smartTable-YARDYARD-vhi","searchOpenDialogs":true},"wdio_ui5_key":"FilterPanelfilterItemControl_BASIC-application-managepartners-display-component---masterPtm--smartTable-YARDYARD-vhi"}]}
RESULT: {"script":"<script> [1562 bytes]","args":[{"selector":{"id":"FilterPanel-filterItemControl_BASIC-application-managepartners-display-component---masterPtm--smartTable-YARDYARD-vhi","searchOpenDialogs":true},"wdio_ui5_key":"FilterPanelfilterItemControl_BASIC-application-managepartners-display-component---masterPtm--smartTable-YARDYARD-vhi"}]}
RESULT: undefined
COMMAND: POST /session/2fb6d640d7e56baf8781ddfc65543b63/element - {"using":"xpath","value":"//*[@id=\"FilterPanel-filterItemControl_BASIC-application-managepartners-display-component---masterPtm--smartTable-YARDYARD-vhi\"]"}
RESULT: {"using":"xpath","value":"//*[@id=\"FilterPanel-filterItemControl_BASIC-application-managepartners-display-component---masterPtm--smartTable-YARDYARD-vhi\"]"}
COMMAND: POST /session/2fb6d640d7e56baf8781ddfc65543b63/element/f.CCF77AB910636C8B118410FB7AEDA09C.d.555D0094D826B080768F94756AB4D949.e.2102/click - {}
RESULT: {}
COMMAND: GET /session/2fb6d640d7e56baf8781ddfc65543b63/screenshot - {}
RESULT: {}
COMMAND: POST /session/2fb6d640d7e56baf8781ddfc65543b63/execute/async - {"script":"<script> [1562 bytes]","args":[{"selector":{"id":"FilterPanel-filterItemControl_BASIC-application-managepartners-display-component---masterPtm--smartTable-YARDYARD-valueHelpDialog-smartFilterBar-btnBasicSearch","searchOpenDialogs":true,"interaction":{"idSuffix":"I"}},"wdio_ui5_key":"FilterPanelfilterItemControl_BASIC-application-managepartners-display-component---masterPtm--smartTable-YARDYARD-valueHelpDialog-smartFilterBar-btnBasicSearch"}]}
RESULT: {"script":"<script> [1562 bytes]","args":[{"selector":{"id":"FilterPanel-filterItemControl_BASIC-application-managepartners-display-component---masterPtm--smartTable-YARDYARD-valueHelpDialog-smartFilterBar-btnBasicSearch","searchOpenDialogs":true,"interaction":{"idSuffix":"I"}},"wdio_ui5_key":"FilterPanelfilterItemControl_BASIC-application-managepartners-display-component---masterPtm--smartTable-YARDYARD-valueHelpDialog-smartFilterBar-btnBasicSearch"}]}
RESULT: undefined
COMMAND: POST /session/2fb6d640d7e56baf8781ddfc65543b63/execute/async - {"script":"<script> [776 bytes]","args":[{"enterText":"454","selector":{"id":"FilterPanel-filterItemControl_BASIC-application-managepartners-display-component---masterPtm--smartTable-YARDYARD-valueHelpDialog-smartFilterBar-btnBasicSearch","searchOpenDialogs":true,"interaction":{"idSuffix":"I"}},"clearTextFirst":true,"interactionType":"ENTER_TEXT"}]}
RESULT: {"script":"<script> [776 bytes]","args":[{"enterText":"454","selector":{"id":"FilterPanel-filterItemControl_BASIC-application-managepartners-display-component---masterPtm--smartTable-YARDYARD-valueHelpDialog-smartFilterBar-btnBasicSearch","searchOpenDialogs":true,"interaction":{"idSuffix":"I"}},"clearTextFirst":true,"interactionType":"ENTER_TEXT"}]}
COMMAND: POST /session/2fb6d640d7e56baf8781ddfc65543b63/actions - {"actions":[{"id":"action3","type":"key","parameters":{},"actions":[{"type":"keyDown","value":""},{"type":"pause","duration":10},{"type":"keyUp","value":""}]}]}
RESULT: {"actions":[{"id":"action3","type":"key","parameters":{},"actions":[{"type":"keyDown","value":""},{"type":"pause","duration":10},{"type":"keyUp","value":""}]}]}
COMMAND: GET /session/2fb6d640d7e56baf8781ddfc65543b63/screenshot - {}
RESULT: {}
COMMAND: POST /session/2fb6d640d7e56baf8781ddfc65543b63/elements - {"using":"xpath","value":"//table[contains(@id, \"smartTable-YARDYARD-valueHelpDialog-table-table\")]/tbody/tr"}
RESULT: {"using":"xpath","value":"//table[contains(@id, \"smartTable-YARDYARD-valueHelpDialog-table-table\")]/tbody/tr"}
COMMAND: POST /session/2fb6d640d7e56baf8781ddfc65543b63/element - {"using":"xpath","value":"//table[contains(@id, \"smartTable-YARDYARD-valueHelpDialog-table-table\")]/tbody/tr[1]/td[1]/div/span"}
RESULT: {"using":"xpath","value":"//table[contains(@id, \"smartTable-YARDYARD-valueHelpDialog-table-table\")]/tbody/tr[1]/td[1]/div/span"}
COMMAND: POST /session/2fb6d640d7e56baf8781ddfc65543b63/elements - {"using":"xpath","value":"//table[contains(@id, \"smartTable-YARDYARD-valueHelpDialog-table-table\")]/tbody/tr[1]/td[1]/div/span"}
RESULT: {"using":"xpath","value":"//table[contains(@id, \"smartTable-YARDYARD-valueHelpDialog-table-table\")]/tbody/tr[1]/td[1]/div/span"}
COMMAND: POST /session/2fb6d640d7e56baf8781ddfc65543b63/execute/sync - {"script":"<script> [56 bytes]","args":[{"element-6066-11e4-a52e-4f735466cecf":"f.CCF77AB910636C8B118410FB7AEDA09C.d.555D0094D826B080768F94756AB4D949.e.2121","ELEMENT":"f.CCF77AB910636C8B118410FB7AEDA09C.d.555D0094D826B080768F94756AB4D949.e.2121"}]}
RESULT: {"script":"<script> [56 bytes]","args":[{"element-6066-11e4-a52e-4f735466cecf":"f.CCF77AB910636C8B118410FB7AEDA09C.d.555D0094D826B080768F94756AB4D949.e.2121","ELEMENT":"f.CCF77AB910636C8B118410FB7AEDA09C.d.555D0094D826B080768F94756AB4D949.e.2121"}]}
COMMAND: POST /session/2fb6d640d7e56baf8781ddfc65543b63/element - {"using":"xpath","value":"//table[contains(@id, \"smartTable-YARDYARD-valueHelpDialog-table-table\")]/tbody/tr[2]/td[1]/div/span"}
COMMAND: GET /session/2fb6d640d7e56baf8781ddfc65543b63/screenshot - {}
RESULT: {"using":"xpath","value":"//table[contains(@id, \"smartTable-YARDYARD-valueHelpDialog-table-table\")]/tbody/tr[2]/td[1]/div/span"}
COMMAND: POST /session/2fb6d640d7e56baf8781ddfc65543b63/elements - {"using":"xpath","value":"//table[contains(@id, \"smartTable-YARDYARD-valueHelpDialog-table-table\")]/tbody/tr[2]/td[1]/div/span"}
RESULT: {}
RESULT: {"using":"xpath","value":"//table[contains(@id, \"smartTable-YARDYARD-valueHelpDialog-table-table\")]/tbody/tr[2]/td[1]/div/span"}
COMMAND: POST /session/2fb6d640d7e56baf8781ddfc65543b63/execute/sync - {"script":"<script> [56 bytes]","args":[{"element-6066-11e4-a52e-4f735466cecf":"f.CCF77AB910636C8B118410FB7AEDA09C.d.555D0094D826B080768F94756AB4D949.e.2122","ELEMENT":"f.CCF77AB910636C8B118410FB7AEDA09C.d.555D0094D826B080768F94756AB4D949.e.2122"}]}
RESULT: {"script":"<script> [56 bytes]","args":[{"element-6066-11e4-a52e-4f735466cecf":"f.CCF77AB910636C8B118410FB7AEDA09C.d.555D0094D826B080768F94756AB4D949.e.2122","ELEMENT":"f.CCF77AB910636C8B118410FB7AEDA09C.d.555D0094D826B080768F94756AB4D949.e.2122"}]}
COMMAND: POST /session/2fb6d640d7e56baf8781ddfc65543b63/element - {"using":"xpath","value":"//div[contains(@id, \"YARDYARD-valueHelpDialog-table-rowsel1\")]"}
COMMAND: GET /session/2fb6d640d7e56baf8781ddfc65543b63/screenshot - {}
RESULT: {"using":"xpath","value":"//div[contains(@id, \"YARDYARD-valueHelpDialog-table-rowsel1\")]"}
COMMAND: POST /session/2fb6d640d7e56baf8781ddfc65543b63/element/f.CCF77AB910636C8B118410FB7AEDA09C.d.555D0094D826B080768F94756AB4D949.e.2123/click - {}
RESULT: {}
RESULT: {}
COMMAND: GET /session/2fb6d640d7e56baf8781ddfc65543b63/screenshot - {}
RESULT: {}
COMMAND: POST /session/2fb6d640d7e56baf8781ddfc65543b63/element - {"using":"xpath","value":"(//bdi[contains(text(), \"OK\")])[2]"}
RESULT: {"using":"xpath","value":"(//bdi[contains(text(), \"OK\")])[2]"}
COMMAND: POST /session/2fb6d640d7e56baf8781ddfc65543b63/element/f.CCF77AB910636C8B118410FB7AEDA09C.d.555D0094D826B080768F94756AB4D949.e.2125/click - {}
RESULT: {}
COMMAND: GET /session/2fb6d640d7e56baf8781ddfc65543b63/screenshot - {}
RESULT: {}
COMMAND: POST /session/2fb6d640d7e56baf8781ddfc65543b63/element - {"using":"xpath","value":"//bdi[contains(text(), \"OK\")]"}
RESULT: {"using":"xpath","value":"//bdi[contains(text(), \"OK\")]"}
COMMAND: POST /session/2fb6d640d7e56baf8781ddfc65543b63/element/f.CCF77AB910636C8B118410FB7AEDA09C.d.555D0094D826B080768F94756AB4D949.e.2128/click - {}
RESULT: {}
COMMAND: GET /session/2fb6d640d7e56baf8781ddfc65543b63/screenshot - {}
RESULT: {}
COMMAND: POST /session/2fb6d640d7e56baf8781ddfc65543b63/element - {"using":"xpath","value":"//table[contains(@id, \"customPartnersTable\")]//tbody/tr[1]/td[3]/span"}
RESULT: {"using":"xpath","value":"//table[contains(@id, \"customPartnersTable\")]//tbody/tr[1]/td[3]/span"}
COMMAND: POST /session/2fb6d640d7e56baf8781ddfc65543b63/execute/sync - {"script":"<script> [56 bytes]","args":[{"element-6066-11e4-a52e-4f735466cecf":"f.CCF77AB910636C8B118410FB7AEDA09C.d.555D0094D826B080768F94756AB4D949.e.2091","ELEMENT":"f.CCF77AB910636C8B118410FB7AEDA09C.d.555D0094D826B080768F94756AB4D949.e.2091"}]}
RESULT: {"script":"<script> [56 bytes]","args":[{"element-6066-11e4-a52e-4f735466cecf":"f.CCF77AB910636C8B118410FB7AEDA09C.d.555D0094D826B080768F94756AB4D949.e.2091","ELEMENT":"f.CCF77AB910636C8B118410FB7AEDA09C.d.555D0094D826B080768F94756AB4D949.e.2091"}]}
COMMAND: POST /session/2fb6d640d7e56baf8781ddfc65543b63/element - {"using":"css selector","value":"#shell-header-logo"}
COMMAND: GET /session/2fb6d640d7e56baf8781ddfc65543b63/screenshot - {}
RESULT: {"using":"css selector","value":"#shell-header-logo"}
COMMAND: POST /session/2fb6d640d7e56baf8781ddfc65543b63/element/f.CCF77AB910636C8B118410FB7AEDA09C.d.555D0094D826B080768F94756AB4D949.e.1693/click - {}
RESULT: {}
RESULT: {}
COMMAND: GET /session/2fb6d640d7e56baf8781ddfc65543b63/screenshot - {}
RESULT: {}
]]></system-out>
    </testcase>
    <testcase classname="chrome.135_0_7049_42.windows.Partner_specific_tests_US150819_US151080_US151654_US151176_US103444_US151078_US151079_US151109_US151174_US151175_US151189" name="Should deactivate the created partner in earlier step US151654" time="56.051">
      <system-out><![CDATA[
COMMAND: POST /session/2fb6d640d7e56baf8781ddfc65543b63/element - {"using":"xpath","value":"//li[.//span[text()=\"Manage Partners\"]]"}
RESULT: {"using":"xpath","value":"//li[.//span[text()=\"Manage Partners\"]]"}
COMMAND: POST /session/2fb6d640d7e56baf8781ddfc65543b63/element - {"using":"xpath","value":"//li[.//span[text()=\"Manage Partners\"]]"}
RESULT: {"using":"xpath","value":"//li[.//span[text()=\"Manage Partners\"]]"}
COMMAND: POST /session/2fb6d640d7e56baf8781ddfc65543b63/element - {"using":"css selector","value":"#shell-header-logo"}
RESULT: {"using":"css selector","value":"#shell-header-logo"}
COMMAND: POST /session/2fb6d640d7e56baf8781ddfc65543b63/element/f.CCF77AB910636C8B118410FB7AEDA09C.d.555D0094D826B080768F94756AB4D949.e.2177/click - {}
COMMAND: POST /session/2fb6d640d7e56baf8781ddfc65543b63/execute/sync - {"script":"<script> [8489 bytes]","args":[{"element-6066-11e4-a52e-4f735466cecf":"f.CCF77AB910636C8B118410FB7AEDA09C.d.555D0094D826B080768F94756AB4D949.e.2177","ELEMENT":"f.CCF77AB910636C8B118410FB7AEDA09C.d.555D0094D826B080768F94756AB4D949.e.2177"}]}
RESULT: {}
COMMAND: GET /session/2fb6d640d7e56baf8781ddfc65543b63/screenshot - {}
RESULT: {"script":"<script> [8489 bytes]","args":[{"element-6066-11e4-a52e-4f735466cecf":"f.CCF77AB910636C8B118410FB7AEDA09C.d.555D0094D826B080768F94756AB4D949.e.2177","ELEMENT":"f.CCF77AB910636C8B118410FB7AEDA09C.d.555D0094D826B080768F94756AB4D949.e.2177"}]}
COMMAND: POST /session/2fb6d640d7e56baf8781ddfc65543b63/execute/sync - {"script":"<script> [5351 bytes]","args":[{"element-6066-11e4-a52e-4f735466cecf":"f.CCF77AB910636C8B118410FB7AEDA09C.d.555D0094D826B080768F94756AB4D949.e.2177","ELEMENT":"f.CCF77AB910636C8B118410FB7AEDA09C.d.555D0094D826B080768F94756AB4D949.e.2177"}]}
COMMAND: GET /session/2fb6d640d7e56baf8781ddfc65543b63/screenshot - {}
RESULT: {}
RESULT: {"script":"<script> [5351 bytes]","args":[{"element-6066-11e4-a52e-4f735466cecf":"f.CCF77AB910636C8B118410FB7AEDA09C.d.555D0094D826B080768F94756AB4D949.e.2177","ELEMENT":"f.CCF77AB910636C8B118410FB7AEDA09C.d.555D0094D826B080768F94756AB4D949.e.2177"}]}
COMMAND: GET /session/2fb6d640d7e56baf8781ddfc65543b63/screenshot - {}
RESULT: {}
RESULT: {}
RESULT: undefined
COMMAND: POST /session/2fb6d640d7e56baf8781ddfc65543b63/element - {"using":"xpath","value":"//*[@id=\"__tile38\"]"}
RESULT: {"using":"xpath","value":"//*[@id=\"__tile38\"]"}
COMMAND: POST /session/2fb6d640d7e56baf8781ddfc65543b63/element/f.CCF77AB910636C8B118410FB7AEDA09C.d.555D0094D826B080768F94756AB4D949.e.148/click - {}
RESULT: {}
COMMAND: POST /session/2fb6d640d7e56baf8781ddfc65543b63/element - {"using":"xpath","value":"//button[@data-kt=\"addButton\"]"}
COMMAND: GET /session/2fb6d640d7e56baf8781ddfc65543b63/screenshot - {}
RESULT: {"using":"xpath","value":"//button[@data-kt=\"addButton\"]"}
COMMAND: POST /session/2fb6d640d7e56baf8781ddfc65543b63/elements - {"using":"xpath","value":"//button[@data-kt=\"addButton\"]"}
RESULT: {}
RESULT: {"using":"xpath","value":"//button[@data-kt=\"addButton\"]"}
COMMAND: POST /session/2fb6d640d7e56baf8781ddfc65543b63/element - {"using":"xpath","value":"//button[@data-kt=\"addButton\"]"}
RESULT: {"using":"xpath","value":"//button[@data-kt=\"addButton\"]"}
COMMAND: POST /session/2fb6d640d7e56baf8781ddfc65543b63/execute/sync - {"script":"<script> [8489 bytes]","args":[{"element-6066-11e4-a52e-4f735466cecf":"f.CCF77AB910636C8B118410FB7AEDA09C.d.555D0094D826B080768F94756AB4D949.e.2212","ELEMENT":"f.CCF77AB910636C8B118410FB7AEDA09C.d.555D0094D826B080768F94756AB4D949.e.2212"}]}
RESULT: {"script":"<script> [8489 bytes]","args":[{"element-6066-11e4-a52e-4f735466cecf":"f.CCF77AB910636C8B118410FB7AEDA09C.d.555D0094D826B080768F94756AB4D949.e.2212","ELEMENT":"f.CCF77AB910636C8B118410FB7AEDA09C.d.555D0094D826B080768F94756AB4D949.e.2212"}]}
COMMAND: GET /session/2fb6d640d7e56baf8781ddfc65543b63/element/f.CCF77AB910636C8B118410FB7AEDA09C.d.555D0094D826B080768F94756AB4D949.e.2212/enabled - {}
COMMAND: GET /session/2fb6d640d7e56baf8781ddfc65543b63/screenshot - {}
RESULT: {}
COMMAND: POST /session/2fb6d640d7e56baf8781ddfc65543b63/execute/sync - {"script":"<script> [8489 bytes]","args":[{"element-6066-11e4-a52e-4f735466cecf":"f.CCF77AB910636C8B118410FB7AEDA09C.d.555D0094D826B080768F94756AB4D949.e.2212","ELEMENT":"f.CCF77AB910636C8B118410FB7AEDA09C.d.555D0094D826B080768F94756AB4D949.e.2212"}]}
COMMAND: GET /session/2fb6d640d7e56baf8781ddfc65543b63/screenshot - {}
RESULT: {}
RESULT: {"script":"<script> [8489 bytes]","args":[{"element-6066-11e4-a52e-4f735466cecf":"f.CCF77AB910636C8B118410FB7AEDA09C.d.555D0094D826B080768F94756AB4D949.e.2212","ELEMENT":"f.CCF77AB910636C8B118410FB7AEDA09C.d.555D0094D826B080768F94756AB4D949.e.2212"}]}
COMMAND: POST /session/2fb6d640d7e56baf8781ddfc65543b63/execute/sync - {"script":"<script> [5351 bytes]","args":[{"element-6066-11e4-a52e-4f735466cecf":"f.CCF77AB910636C8B118410FB7AEDA09C.d.555D0094D826B080768F94756AB4D949.e.2212","ELEMENT":"f.CCF77AB910636C8B118410FB7AEDA09C.d.555D0094D826B080768F94756AB4D949.e.2212"}]}
COMMAND: GET /session/2fb6d640d7e56baf8781ddfc65543b63/screenshot - {}
RESULT: {}
RESULT: {"script":"<script> [5351 bytes]","args":[{"element-6066-11e4-a52e-4f735466cecf":"f.CCF77AB910636C8B118410FB7AEDA09C.d.555D0094D826B080768F94756AB4D949.e.2212","ELEMENT":"f.CCF77AB910636C8B118410FB7AEDA09C.d.555D0094D826B080768F94756AB4D949.e.2212"}]}
COMMAND: GET /session/2fb6d640d7e56baf8781ddfc65543b63/screenshot - {}
RESULT: {}
RESULT: {}
COMMAND: POST /session/2fb6d640d7e56baf8781ddfc65543b63/execute/async - {"script":"<script> [1562 bytes]","args":[{"selector":{"id":"application-managepartners-display-component---masterPtm--smartFilterBar-btnBasicSearch","interaction":{"idSuffix":"I"}},"wdio_ui5_key":"applicationmanagepartners-display-component---masterPtm--smartFilterBar-btnBasicSearch"}]}
RESULT: {"script":"<script> [1562 bytes]","args":[{"selector":{"id":"application-managepartners-display-component---masterPtm--smartFilterBar-btnBasicSearch","interaction":{"idSuffix":"I"}},"wdio_ui5_key":"applicationmanagepartners-display-component---masterPtm--smartFilterBar-btnBasicSearch"}]}
RESULT: undefined
COMMAND: POST /session/2fb6d640d7e56baf8781ddfc65543b63/execute/async - {"script":"<script> [776 bytes]","args":[{"enterText":"1314","selector":{"id":"application-managepartners-display-component---masterPtm--smartFilterBar-btnBasicSearch","interaction":{"idSuffix":"I"}},"clearTextFirst":true,"interactionType":"ENTER_TEXT"}]}
RESULT: {"script":"<script> [776 bytes]","args":[{"enterText":"1314","selector":{"id":"application-managepartners-display-component---masterPtm--smartFilterBar-btnBasicSearch","interaction":{"idSuffix":"I"}},"clearTextFirst":true,"interactionType":"ENTER_TEXT"}]}
COMMAND: POST /session/2fb6d640d7e56baf8781ddfc65543b63/actions - {"actions":[{"id":"action4","type":"key","parameters":{},"actions":[{"type":"keyDown","value":""},{"type":"pause","duration":10},{"type":"keyUp","value":""}]}]}
RESULT: {"actions":[{"id":"action4","type":"key","parameters":{},"actions":[{"type":"keyDown","value":""},{"type":"pause","duration":10},{"type":"keyUp","value":""}]}]}
COMMAND: GET /session/2fb6d640d7e56baf8781ddfc65543b63/screenshot - {}
RESULT: {}
COMMAND: POST /session/2fb6d640d7e56baf8781ddfc65543b63/elements - {"using":"xpath","value":"//table[contains(@id, \"customPartnersTable-listUl\")]/tbody/tr"}
RESULT: {"using":"xpath","value":"//table[contains(@id, \"customPartnersTable-listUl\")]/tbody/tr"}
COMMAND: POST /session/2fb6d640d7e56baf8781ddfc65543b63/element - {"using":"xpath","value":"//table[contains(@id, \"customPartnersTable-listUl\")]/tbody/tr[1]/td[3]/span"}
RESULT: {"using":"xpath","value":"//table[contains(@id, \"customPartnersTable-listUl\")]/tbody/tr[1]/td[3]/span"}
COMMAND: POST /session/2fb6d640d7e56baf8781ddfc65543b63/elements - {"using":"xpath","value":"//table[contains(@id, \"customPartnersTable-listUl\")]/tbody/tr[1]/td[3]/span"}
RESULT: {"using":"xpath","value":"//table[contains(@id, \"customPartnersTable-listUl\")]/tbody/tr[1]/td[3]/span"}
COMMAND: POST /session/2fb6d640d7e56baf8781ddfc65543b63/execute/sync - {"script":"<script> [56 bytes]","args":[{"element-6066-11e4-a52e-4f735466cecf":"f.CCF77AB910636C8B118410FB7AEDA09C.d.555D0094D826B080768F94756AB4D949.e.2360","ELEMENT":"f.CCF77AB910636C8B118410FB7AEDA09C.d.555D0094D826B080768F94756AB4D949.e.2360"}]}
RESULT: {"script":"<script> [56 bytes]","args":[{"element-6066-11e4-a52e-4f735466cecf":"f.CCF77AB910636C8B118410FB7AEDA09C.d.555D0094D826B080768F94756AB4D949.e.2360","ELEMENT":"f.CCF77AB910636C8B118410FB7AEDA09C.d.555D0094D826B080768F94756AB4D949.e.2360"}]}
COMMAND: POST /session/2fb6d640d7e56baf8781ddfc65543b63/element - {"using":"xpath","value":"//table[contains(@id, \"customPartnersTable-listUl\")]/tbody/tr[1]/td[7]/div/span"}
COMMAND: GET /session/2fb6d640d7e56baf8781ddfc65543b63/screenshot - {}
RESULT: {"using":"xpath","value":"//table[contains(@id, \"customPartnersTable-listUl\")]/tbody/tr[1]/td[7]/div/span"}
COMMAND: POST /session/2fb6d640d7e56baf8781ddfc65543b63/execute/sync - {"script":"<script> [56 bytes]","args":[{"element-6066-11e4-a52e-4f735466cecf":"f.CCF77AB910636C8B118410FB7AEDA09C.d.555D0094D826B080768F94756AB4D949.e.2361","ELEMENT":"f.CCF77AB910636C8B118410FB7AEDA09C.d.555D0094D826B080768F94756AB4D949.e.2361"}]}
RESULT: {}
RESULT: {"script":"<script> [56 bytes]","args":[{"element-6066-11e4-a52e-4f735466cecf":"f.CCF77AB910636C8B118410FB7AEDA09C.d.555D0094D826B080768F94756AB4D949.e.2361","ELEMENT":"f.CCF77AB910636C8B118410FB7AEDA09C.d.555D0094D826B080768F94756AB4D949.e.2361"}]}
COMMAND: POST /session/2fb6d640d7e56baf8781ddfc65543b63/element - {"using":"xpath","value":"//table[contains(@id, \"customPartnersTable-listUl\")]/tbody/tr[1]/td[2]/div/div"}
COMMAND: GET /session/2fb6d640d7e56baf8781ddfc65543b63/screenshot - {}
RESULT: {"using":"xpath","value":"//table[contains(@id, \"customPartnersTable-listUl\")]/tbody/tr[1]/td[2]/div/div"}
COMMAND: POST /session/2fb6d640d7e56baf8781ddfc65543b63/element/f.CCF77AB910636C8B118410FB7AEDA09C.d.555D0094D826B080768F94756AB4D949.e.2362/click - {}
RESULT: {}
RESULT: {}
COMMAND: GET /session/2fb6d640d7e56baf8781ddfc65543b63/screenshot - {}
RESULT: {}
COMMAND: POST /session/2fb6d640d7e56baf8781ddfc65543b63/element - {"using":"xpath","value":"//bdi[contains(text(), \"Deactivate\")]"}
RESULT: {"using":"xpath","value":"//bdi[contains(text(), \"Deactivate\")]"}
COMMAND: POST /session/2fb6d640d7e56baf8781ddfc65543b63/element/f.CCF77AB910636C8B118410FB7AEDA09C.d.555D0094D826B080768F94756AB4D949.e.2363/click - {}
RESULT: {}
COMMAND: GET /session/2fb6d640d7e56baf8781ddfc65543b63/screenshot - {}
RESULT: {}
COMMAND: POST /session/2fb6d640d7e56baf8781ddfc65543b63/element - {"using":"xpath","value":"//bdi[contains(text(), \"Yes\")]"}
RESULT: {"using":"xpath","value":"//bdi[contains(text(), \"Yes\")]"}
COMMAND: POST /session/2fb6d640d7e56baf8781ddfc65543b63/element/f.CCF77AB910636C8B118410FB7AEDA09C.d.555D0094D826B080768F94756AB4D949.e.2365/click - {}
RESULT: {}
COMMAND: GET /session/2fb6d640d7e56baf8781ddfc65543b63/screenshot - {}
RESULT: {}
COMMAND: POST /session/2fb6d640d7e56baf8781ddfc65543b63/element - {"using":"xpath","value":"//table[contains(@id, \"customPartnersTable-listUl\")]/tbody/tr[1]/td[7]/div/span"}
RESULT: {"using":"xpath","value":"//table[contains(@id, \"customPartnersTable-listUl\")]/tbody/tr[1]/td[7]/div/span"}
COMMAND: POST /session/2fb6d640d7e56baf8781ddfc65543b63/execute/sync - {"script":"<script> [56 bytes]","args":[{"element-6066-11e4-a52e-4f735466cecf":"f.CCF77AB910636C8B118410FB7AEDA09C.d.555D0094D826B080768F94756AB4D949.e.2361","ELEMENT":"f.CCF77AB910636C8B118410FB7AEDA09C.d.555D0094D826B080768F94756AB4D949.e.2361"}]}
RESULT: {"script":"<script> [56 bytes]","args":[{"element-6066-11e4-a52e-4f735466cecf":"f.CCF77AB910636C8B118410FB7AEDA09C.d.555D0094D826B080768F94756AB4D949.e.2361","ELEMENT":"f.CCF77AB910636C8B118410FB7AEDA09C.d.555D0094D826B080768F94756AB4D949.e.2361"}]}
COMMAND: GET /session/2fb6d640d7e56baf8781ddfc65543b63/screenshot - {}
RESULT: {}
COMMAND: POST /session/2fb6d640d7e56baf8781ddfc65543b63/element - {"using":"css selector","value":"#shell-header-logo"}
RESULT: {"using":"css selector","value":"#shell-header-logo"}
COMMAND: POST /session/2fb6d640d7e56baf8781ddfc65543b63/element/f.CCF77AB910636C8B118410FB7AEDA09C.d.555D0094D826B080768F94756AB4D949.e.2177/click - {}
RESULT: {}
COMMAND: GET /session/2fb6d640d7e56baf8781ddfc65543b63/screenshot - {}
RESULT: {}
]]></system-out>
    </testcase>
    <testcase classname="chrome.135_0_7049_42.windows.Partner_specific_tests_US150819_US151080_US151654_US151176_US103444_US151078_US151079_US151109_US151174_US151175_US151189" name="Should activate the created partner again US151176" time="57.081">
      <system-out><![CDATA[
COMMAND: POST /session/2fb6d640d7e56baf8781ddfc65543b63/element - {"using":"xpath","value":"//li[.//span[text()=\"Manage Partners\"]]"}
RESULT: {"using":"xpath","value":"//li[.//span[text()=\"Manage Partners\"]]"}
COMMAND: POST /session/2fb6d640d7e56baf8781ddfc65543b63/element - {"using":"xpath","value":"//li[.//span[text()=\"Manage Partners\"]]"}
RESULT: {"using":"xpath","value":"//li[.//span[text()=\"Manage Partners\"]]"}
COMMAND: POST /session/2fb6d640d7e56baf8781ddfc65543b63/element - {"using":"css selector","value":"#shell-header-logo"}
RESULT: {"using":"css selector","value":"#shell-header-logo"}
COMMAND: POST /session/2fb6d640d7e56baf8781ddfc65543b63/element/f.CCF77AB910636C8B118410FB7AEDA09C.d.555D0094D826B080768F94756AB4D949.e.2369/click - {}
COMMAND: POST /session/2fb6d640d7e56baf8781ddfc65543b63/execute/sync - {"script":"<script> [8489 bytes]","args":[{"element-6066-11e4-a52e-4f735466cecf":"f.CCF77AB910636C8B118410FB7AEDA09C.d.555D0094D826B080768F94756AB4D949.e.2369","ELEMENT":"f.CCF77AB910636C8B118410FB7AEDA09C.d.555D0094D826B080768F94756AB4D949.e.2369"}]}
RESULT: {"script":"<script> [8489 bytes]","args":[{"element-6066-11e4-a52e-4f735466cecf":"f.CCF77AB910636C8B118410FB7AEDA09C.d.555D0094D826B080768F94756AB4D949.e.2369","ELEMENT":"f.CCF77AB910636C8B118410FB7AEDA09C.d.555D0094D826B080768F94756AB4D949.e.2369"}]}
COMMAND: POST /session/2fb6d640d7e56baf8781ddfc65543b63/execute/sync - {"script":"<script> [5351 bytes]","args":[{"element-6066-11e4-a52e-4f735466cecf":"f.CCF77AB910636C8B118410FB7AEDA09C.d.555D0094D826B080768F94756AB4D949.e.2369","ELEMENT":"f.CCF77AB910636C8B118410FB7AEDA09C.d.555D0094D826B080768F94756AB4D949.e.2369"}]}
COMMAND: GET /session/2fb6d640d7e56baf8781ddfc65543b63/screenshot - {}
RESULT: {}
COMMAND: GET /session/2fb6d640d7e56baf8781ddfc65543b63/screenshot - {}
RESULT: {"script":"<script> [5351 bytes]","args":[{"element-6066-11e4-a52e-4f735466cecf":"f.CCF77AB910636C8B118410FB7AEDA09C.d.555D0094D826B080768F94756AB4D949.e.2369","ELEMENT":"f.CCF77AB910636C8B118410FB7AEDA09C.d.555D0094D826B080768F94756AB4D949.e.2369"}]}
COMMAND: GET /session/2fb6d640d7e56baf8781ddfc65543b63/screenshot - {}
RESULT: {}
RESULT: {}
RESULT: {}
RESULT: undefined
COMMAND: POST /session/2fb6d640d7e56baf8781ddfc65543b63/element - {"using":"xpath","value":"//*[@id=\"__tile38\"]"}
RESULT: {"using":"xpath","value":"//*[@id=\"__tile38\"]"}
COMMAND: POST /session/2fb6d640d7e56baf8781ddfc65543b63/element/f.CCF77AB910636C8B118410FB7AEDA09C.d.555D0094D826B080768F94756AB4D949.e.148/click - {}
RESULT: {}
COMMAND: POST /session/2fb6d640d7e56baf8781ddfc65543b63/element - {"using":"xpath","value":"//button[@data-kt=\"addButton\"]"}
COMMAND: GET /session/2fb6d640d7e56baf8781ddfc65543b63/screenshot - {}
RESULT: {"using":"xpath","value":"//button[@data-kt=\"addButton\"]"}
COMMAND: POST /session/2fb6d640d7e56baf8781ddfc65543b63/elements - {"using":"xpath","value":"//button[@data-kt=\"addButton\"]"}
RESULT: {}
RESULT: {"using":"xpath","value":"//button[@data-kt=\"addButton\"]"}
COMMAND: POST /session/2fb6d640d7e56baf8781ddfc65543b63/elements - {"using":"xpath","value":"//button[@data-kt=\"addButton\"]"}
RESULT: {"using":"xpath","value":"//button[@data-kt=\"addButton\"]"}
COMMAND: POST /session/2fb6d640d7e56baf8781ddfc65543b63/element - {"using":"xpath","value":"//button[@data-kt=\"addButton\"]"}
RESULT: {"using":"xpath","value":"//button[@data-kt=\"addButton\"]"}
COMMAND: POST /session/2fb6d640d7e56baf8781ddfc65543b63/execute/sync - {"script":"<script> [8489 bytes]","args":[{"element-6066-11e4-a52e-4f735466cecf":"f.CCF77AB910636C8B118410FB7AEDA09C.d.555D0094D826B080768F94756AB4D949.e.2404","ELEMENT":"f.CCF77AB910636C8B118410FB7AEDA09C.d.555D0094D826B080768F94756AB4D949.e.2404"}]}
RESULT: {"script":"<script> [8489 bytes]","args":[{"element-6066-11e4-a52e-4f735466cecf":"f.CCF77AB910636C8B118410FB7AEDA09C.d.555D0094D826B080768F94756AB4D949.e.2404","ELEMENT":"f.CCF77AB910636C8B118410FB7AEDA09C.d.555D0094D826B080768F94756AB4D949.e.2404"}]}
COMMAND: GET /session/2fb6d640d7e56baf8781ddfc65543b63/element/f.CCF77AB910636C8B118410FB7AEDA09C.d.555D0094D826B080768F94756AB4D949.e.2404/enabled - {}
COMMAND: GET /session/2fb6d640d7e56baf8781ddfc65543b63/screenshot - {}
RESULT: {}
COMMAND: POST /session/2fb6d640d7e56baf8781ddfc65543b63/execute/sync - {"script":"<script> [8489 bytes]","args":[{"element-6066-11e4-a52e-4f735466cecf":"f.CCF77AB910636C8B118410FB7AEDA09C.d.555D0094D826B080768F94756AB4D949.e.2404","ELEMENT":"f.CCF77AB910636C8B118410FB7AEDA09C.d.555D0094D826B080768F94756AB4D949.e.2404"}]}
COMMAND: GET /session/2fb6d640d7e56baf8781ddfc65543b63/screenshot - {}
RESULT: {}
RESULT: {"script":"<script> [8489 bytes]","args":[{"element-6066-11e4-a52e-4f735466cecf":"f.CCF77AB910636C8B118410FB7AEDA09C.d.555D0094D826B080768F94756AB4D949.e.2404","ELEMENT":"f.CCF77AB910636C8B118410FB7AEDA09C.d.555D0094D826B080768F94756AB4D949.e.2404"}]}
COMMAND: POST /session/2fb6d640d7e56baf8781ddfc65543b63/execute/sync - {"script":"<script> [5351 bytes]","args":[{"element-6066-11e4-a52e-4f735466cecf":"f.CCF77AB910636C8B118410FB7AEDA09C.d.555D0094D826B080768F94756AB4D949.e.2404","ELEMENT":"f.CCF77AB910636C8B118410FB7AEDA09C.d.555D0094D826B080768F94756AB4D949.e.2404"}]}
COMMAND: GET /session/2fb6d640d7e56baf8781ddfc65543b63/screenshot - {}
RESULT: {}
RESULT: {"script":"<script> [5351 bytes]","args":[{"element-6066-11e4-a52e-4f735466cecf":"f.CCF77AB910636C8B118410FB7AEDA09C.d.555D0094D826B080768F94756AB4D949.e.2404","ELEMENT":"f.CCF77AB910636C8B118410FB7AEDA09C.d.555D0094D826B080768F94756AB4D949.e.2404"}]}
COMMAND: GET /session/2fb6d640d7e56baf8781ddfc65543b63/screenshot - {}
RESULT: {}
RESULT: {}
RESULT: undefined
COMMAND: POST /session/2fb6d640d7e56baf8781ddfc65543b63/execute/async - {"script":"<script> [776 bytes]","args":[{"enterText":"1314","selector":{"id":"application-managepartners-display-component---masterPtm--smartFilterBar-btnBasicSearch","interaction":{"idSuffix":"I"}},"clearTextFirst":true,"interactionType":"ENTER_TEXT"}]}
RESULT: {"script":"<script> [776 bytes]","args":[{"enterText":"1314","selector":{"id":"application-managepartners-display-component---masterPtm--smartFilterBar-btnBasicSearch","interaction":{"idSuffix":"I"}},"clearTextFirst":true,"interactionType":"ENTER_TEXT"}]}
COMMAND: POST /session/2fb6d640d7e56baf8781ddfc65543b63/actions - {"actions":[{"id":"action5","type":"key","parameters":{},"actions":[{"type":"keyDown","value":""},{"type":"pause","duration":10},{"type":"keyUp","value":""}]}]}
RESULT: {"actions":[{"id":"action5","type":"key","parameters":{},"actions":[{"type":"keyDown","value":""},{"type":"pause","duration":10},{"type":"keyUp","value":""}]}]}
COMMAND: GET /session/2fb6d640d7e56baf8781ddfc65543b63/screenshot - {}
RESULT: {}
COMMAND: POST /session/2fb6d640d7e56baf8781ddfc65543b63/elements - {"using":"xpath","value":"//table[contains(@id, \"customPartnersTable-listUl\")]/tbody/tr"}
RESULT: {"using":"xpath","value":"//table[contains(@id, \"customPartnersTable-listUl\")]/tbody/tr"}
COMMAND: POST /session/2fb6d640d7e56baf8781ddfc65543b63/element - {"using":"xpath","value":"//table[contains(@id, \"customPartnersTable-listUl\")]/tbody/tr[1]/td[3]/span"}
RESULT: {"using":"xpath","value":"//table[contains(@id, \"customPartnersTable-listUl\")]/tbody/tr[1]/td[3]/span"}
COMMAND: POST /session/2fb6d640d7e56baf8781ddfc65543b63/elements - {"using":"xpath","value":"//table[contains(@id, \"customPartnersTable-listUl\")]/tbody/tr[1]/td[3]/span"}
RESULT: {"using":"xpath","value":"//table[contains(@id, \"customPartnersTable-listUl\")]/tbody/tr[1]/td[3]/span"}
COMMAND: POST /session/2fb6d640d7e56baf8781ddfc65543b63/execute/sync - {"script":"<script> [56 bytes]","args":[{"element-6066-11e4-a52e-4f735466cecf":"f.CCF77AB910636C8B118410FB7AEDA09C.d.555D0094D826B080768F94756AB4D949.e.2548","ELEMENT":"f.CCF77AB910636C8B118410FB7AEDA09C.d.555D0094D826B080768F94756AB4D949.e.2548"}]}
RESULT: {"script":"<script> [56 bytes]","args":[{"element-6066-11e4-a52e-4f735466cecf":"f.CCF77AB910636C8B118410FB7AEDA09C.d.555D0094D826B080768F94756AB4D949.e.2548","ELEMENT":"f.CCF77AB910636C8B118410FB7AEDA09C.d.555D0094D826B080768F94756AB4D949.e.2548"}]}
COMMAND: POST /session/2fb6d640d7e56baf8781ddfc65543b63/element - {"using":"xpath","value":"//table[contains(@id, \"customPartnersTable-listUl\")]/tbody/tr[1]/td[7]/div/span"}
COMMAND: GET /session/2fb6d640d7e56baf8781ddfc65543b63/screenshot - {}
RESULT: {"using":"xpath","value":"//table[contains(@id, \"customPartnersTable-listUl\")]/tbody/tr[1]/td[7]/div/span"}
COMMAND: POST /session/2fb6d640d7e56baf8781ddfc65543b63/execute/sync - {"script":"<script> [56 bytes]","args":[{"element-6066-11e4-a52e-4f735466cecf":"f.CCF77AB910636C8B118410FB7AEDA09C.d.555D0094D826B080768F94756AB4D949.e.2549","ELEMENT":"f.CCF77AB910636C8B118410FB7AEDA09C.d.555D0094D826B080768F94756AB4D949.e.2549"}]}
RESULT: {}
RESULT: {"script":"<script> [56 bytes]","args":[{"element-6066-11e4-a52e-4f735466cecf":"f.CCF77AB910636C8B118410FB7AEDA09C.d.555D0094D826B080768F94756AB4D949.e.2549","ELEMENT":"f.CCF77AB910636C8B118410FB7AEDA09C.d.555D0094D826B080768F94756AB4D949.e.2549"}]}
COMMAND: POST /session/2fb6d640d7e56baf8781ddfc65543b63/element - {"using":"xpath","value":"//table[contains(@id, \"customPartnersTable-listUl\")]/tbody/tr[1]/td[2]/div/div"}
COMMAND: GET /session/2fb6d640d7e56baf8781ddfc65543b63/screenshot - {}
RESULT: {"using":"xpath","value":"//table[contains(@id, \"customPartnersTable-listUl\")]/tbody/tr[1]/td[2]/div/div"}
COMMAND: POST /session/2fb6d640d7e56baf8781ddfc65543b63/element/f.CCF77AB910636C8B118410FB7AEDA09C.d.555D0094D826B080768F94756AB4D949.e.2550/click - {}
RESULT: {}
RESULT: {}
COMMAND: GET /session/2fb6d640d7e56baf8781ddfc65543b63/screenshot - {}
RESULT: {}
COMMAND: POST /session/2fb6d640d7e56baf8781ddfc65543b63/element - {"using":"xpath","value":"//bdi[contains(text(), \"Activate\")]"}
RESULT: {"using":"xpath","value":"//bdi[contains(text(), \"Activate\")]"}
COMMAND: POST /session/2fb6d640d7e56baf8781ddfc65543b63/element/f.CCF77AB910636C8B118410FB7AEDA09C.d.555D0094D826B080768F94756AB4D949.e.2551/click - {}
RESULT: {}
COMMAND: GET /session/2fb6d640d7e56baf8781ddfc65543b63/screenshot - {}
RESULT: {}
COMMAND: POST /session/2fb6d640d7e56baf8781ddfc65543b63/element - {"using":"xpath","value":"//bdi[contains(text(), \"Yes\")]"}
RESULT: {"using":"xpath","value":"//bdi[contains(text(), \"Yes\")]"}
COMMAND: POST /session/2fb6d640d7e56baf8781ddfc65543b63/element/f.CCF77AB910636C8B118410FB7AEDA09C.d.555D0094D826B080768F94756AB4D949.e.2553/click - {}
RESULT: {}
COMMAND: GET /session/2fb6d640d7e56baf8781ddfc65543b63/screenshot - {}
RESULT: {}
COMMAND: POST /session/2fb6d640d7e56baf8781ddfc65543b63/element - {"using":"xpath","value":"//table[contains(@id, \"customPartnersTable-listUl\")]/tbody/tr[1]/td[7]/div/span"}
RESULT: {"using":"xpath","value":"//table[contains(@id, \"customPartnersTable-listUl\")]/tbody/tr[1]/td[7]/div/span"}
COMMAND: POST /session/2fb6d640d7e56baf8781ddfc65543b63/execute/sync - {"script":"<script> [56 bytes]","args":[{"element-6066-11e4-a52e-4f735466cecf":"f.CCF77AB910636C8B118410FB7AEDA09C.d.555D0094D826B080768F94756AB4D949.e.2549","ELEMENT":"f.CCF77AB910636C8B118410FB7AEDA09C.d.555D0094D826B080768F94756AB4D949.e.2549"}]}
RESULT: {"script":"<script> [56 bytes]","args":[{"element-6066-11e4-a52e-4f735466cecf":"f.CCF77AB910636C8B118410FB7AEDA09C.d.555D0094D826B080768F94756AB4D949.e.2549","ELEMENT":"f.CCF77AB910636C8B118410FB7AEDA09C.d.555D0094D826B080768F94756AB4D949.e.2549"}]}
COMMAND: GET /session/2fb6d640d7e56baf8781ddfc65543b63/screenshot - {}
RESULT: {}
COMMAND: POST /session/2fb6d640d7e56baf8781ddfc65543b63/element - {"using":"css selector","value":"#shell-header-logo"}
RESULT: {"using":"css selector","value":"#shell-header-logo"}
COMMAND: POST /session/2fb6d640d7e56baf8781ddfc65543b63/element/f.CCF77AB910636C8B118410FB7AEDA09C.d.555D0094D826B080768F94756AB4D949.e.2369/click - {}
RESULT: {}
COMMAND: GET /session/2fb6d640d7e56baf8781ddfc65543b63/screenshot - {}
RESULT: {}
]]></system-out>
    </testcase>
    <testcase classname="chrome.135_0_7049_42.windows.Partner_specific_tests_US150819_US151080_US151654_US151176_US103444_US151078_US151079_US151109_US151174_US151175_US151189" name="Should edit the created external partner and save it and check its content US103444" time="66.258">
      <system-out><![CDATA[
COMMAND: POST /session/2fb6d640d7e56baf8781ddfc65543b63/element - {"using":"xpath","value":"//li[.//span[text()=\"Manage Partners\"]]"}
RESULT: {"using":"xpath","value":"//li[.//span[text()=\"Manage Partners\"]]"}
COMMAND: POST /session/2fb6d640d7e56baf8781ddfc65543b63/element - {"using":"xpath","value":"//li[.//span[text()=\"Manage Partners\"]]"}
RESULT: {"using":"xpath","value":"//li[.//span[text()=\"Manage Partners\"]]"}
COMMAND: POST /session/2fb6d640d7e56baf8781ddfc65543b63/element - {"using":"css selector","value":"#shell-header-logo"}
RESULT: {"using":"css selector","value":"#shell-header-logo"}
COMMAND: POST /session/2fb6d640d7e56baf8781ddfc65543b63/element/f.CCF77AB910636C8B118410FB7AEDA09C.d.555D0094D826B080768F94756AB4D949.e.2557/click - {}
COMMAND: POST /session/2fb6d640d7e56baf8781ddfc65543b63/execute/sync - {"script":"<script> [8489 bytes]","args":[{"element-6066-11e4-a52e-4f735466cecf":"f.CCF77AB910636C8B118410FB7AEDA09C.d.555D0094D826B080768F94756AB4D949.e.2557","ELEMENT":"f.CCF77AB910636C8B118410FB7AEDA09C.d.555D0094D826B080768F94756AB4D949.e.2557"}]}
RESULT: {"script":"<script> [8489 bytes]","args":[{"element-6066-11e4-a52e-4f735466cecf":"f.CCF77AB910636C8B118410FB7AEDA09C.d.555D0094D826B080768F94756AB4D949.e.2557","ELEMENT":"f.CCF77AB910636C8B118410FB7AEDA09C.d.555D0094D826B080768F94756AB4D949.e.2557"}]}
COMMAND: POST /session/2fb6d640d7e56baf8781ddfc65543b63/execute/sync - {"script":"<script> [5351 bytes]","args":[{"element-6066-11e4-a52e-4f735466cecf":"f.CCF77AB910636C8B118410FB7AEDA09C.d.555D0094D826B080768F94756AB4D949.e.2557","ELEMENT":"f.CCF77AB910636C8B118410FB7AEDA09C.d.555D0094D826B080768F94756AB4D949.e.2557"}]}
COMMAND: GET /session/2fb6d640d7e56baf8781ddfc65543b63/screenshot - {}
RESULT: {}
COMMAND: GET /session/2fb6d640d7e56baf8781ddfc65543b63/screenshot - {}
RESULT: {"script":"<script> [5351 bytes]","args":[{"element-6066-11e4-a52e-4f735466cecf":"f.CCF77AB910636C8B118410FB7AEDA09C.d.555D0094D826B080768F94756AB4D949.e.2557","ELEMENT":"f.CCF77AB910636C8B118410FB7AEDA09C.d.555D0094D826B080768F94756AB4D949.e.2557"}]}
COMMAND: GET /session/2fb6d640d7e56baf8781ddfc65543b63/screenshot - {}
RESULT: {}
RESULT: {}
RESULT: {}
RESULT: undefined
COMMAND: POST /session/2fb6d640d7e56baf8781ddfc65543b63/element - {"using":"xpath","value":"//*[@id=\"__tile38\"]"}
RESULT: {"using":"xpath","value":"//*[@id=\"__tile38\"]"}
COMMAND: POST /session/2fb6d640d7e56baf8781ddfc65543b63/element/f.CCF77AB910636C8B118410FB7AEDA09C.d.555D0094D826B080768F94756AB4D949.e.148/click - {}
RESULT: {}
COMMAND: POST /session/2fb6d640d7e56baf8781ddfc65543b63/element - {"using":"xpath","value":"//button[@data-kt=\"addButton\"]"}
COMMAND: GET /session/2fb6d640d7e56baf8781ddfc65543b63/screenshot - {}
RESULT: {}
RESULT: {"using":"xpath","value":"//button[@data-kt=\"addButton\"]"}
COMMAND: POST /session/2fb6d640d7e56baf8781ddfc65543b63/elements - {"using":"xpath","value":"//button[@data-kt=\"addButton\"]"}
RESULT: {"using":"xpath","value":"//button[@data-kt=\"addButton\"]"}
COMMAND: POST /session/2fb6d640d7e56baf8781ddfc65543b63/execute/sync - {"script":"<script> [8489 bytes]","args":[{"element-6066-11e4-a52e-4f735466cecf":"f.CCF77AB910636C8B118410FB7AEDA09C.d.555D0094D826B080768F94756AB4D949.e.2603","ELEMENT":"f.CCF77AB910636C8B118410FB7AEDA09C.d.555D0094D826B080768F94756AB4D949.e.2603"}]}
RESULT: {"script":"<script> [8489 bytes]","args":[{"element-6066-11e4-a52e-4f735466cecf":"f.CCF77AB910636C8B118410FB7AEDA09C.d.555D0094D826B080768F94756AB4D949.e.2603","ELEMENT":"f.CCF77AB910636C8B118410FB7AEDA09C.d.555D0094D826B080768F94756AB4D949.e.2603"}]}
COMMAND: GET /session/2fb6d640d7e56baf8781ddfc65543b63/element/f.CCF77AB910636C8B118410FB7AEDA09C.d.555D0094D826B080768F94756AB4D949.e.2603/enabled - {}
COMMAND: GET /session/2fb6d640d7e56baf8781ddfc65543b63/screenshot - {}
RESULT: {}
RESULT: {}
COMMAND: POST /session/2fb6d640d7e56baf8781ddfc65543b63/execute/sync - {"script":"<script> [8489 bytes]","args":[{"element-6066-11e4-a52e-4f735466cecf":"f.CCF77AB910636C8B118410FB7AEDA09C.d.555D0094D826B080768F94756AB4D949.e.2603","ELEMENT":"f.CCF77AB910636C8B118410FB7AEDA09C.d.555D0094D826B080768F94756AB4D949.e.2603"}]}
COMMAND: GET /session/2fb6d640d7e56baf8781ddfc65543b63/screenshot - {}
RESULT: {"script":"<script> [8489 bytes]","args":[{"element-6066-11e4-a52e-4f735466cecf":"f.CCF77AB910636C8B118410FB7AEDA09C.d.555D0094D826B080768F94756AB4D949.e.2603","ELEMENT":"f.CCF77AB910636C8B118410FB7AEDA09C.d.555D0094D826B080768F94756AB4D949.e.2603"}]}
COMMAND: POST /session/2fb6d640d7e56baf8781ddfc65543b63/execute/sync - {"script":"<script> [5351 bytes]","args":[{"element-6066-11e4-a52e-4f735466cecf":"f.CCF77AB910636C8B118410FB7AEDA09C.d.555D0094D826B080768F94756AB4D949.e.2603","ELEMENT":"f.CCF77AB910636C8B118410FB7AEDA09C.d.555D0094D826B080768F94756AB4D949.e.2603"}]}
COMMAND: GET /session/2fb6d640d7e56baf8781ddfc65543b63/screenshot - {}
RESULT: {}
RESULT: {"script":"<script> [5351 bytes]","args":[{"element-6066-11e4-a52e-4f735466cecf":"f.CCF77AB910636C8B118410FB7AEDA09C.d.555D0094D826B080768F94756AB4D949.e.2603","ELEMENT":"f.CCF77AB910636C8B118410FB7AEDA09C.d.555D0094D826B080768F94756AB4D949.e.2603"}]}
COMMAND: GET /session/2fb6d640d7e56baf8781ddfc65543b63/screenshot - {}
RESULT: {}
RESULT: {}
RESULT: undefined
COMMAND: POST /session/2fb6d640d7e56baf8781ddfc65543b63/execute/async - {"script":"<script> [776 bytes]","args":[{"enterText":"1314","selector":{"id":"application-managepartners-display-component---masterPtm--smartFilterBar-btnBasicSearch","interaction":{"idSuffix":"I"}},"clearTextFirst":true,"interactionType":"ENTER_TEXT"}]}
RESULT: {"script":"<script> [776 bytes]","args":[{"enterText":"1314","selector":{"id":"application-managepartners-display-component---masterPtm--smartFilterBar-btnBasicSearch","interaction":{"idSuffix":"I"}},"clearTextFirst":true,"interactionType":"ENTER_TEXT"}]}
COMMAND: POST /session/2fb6d640d7e56baf8781ddfc65543b63/actions - {"actions":[{"id":"action6","type":"key","parameters":{},"actions":[{"type":"keyDown","value":""},{"type":"pause","duration":10},{"type":"keyUp","value":""}]}]}
RESULT: {"actions":[{"id":"action6","type":"key","parameters":{},"actions":[{"type":"keyDown","value":""},{"type":"pause","duration":10},{"type":"keyUp","value":""}]}]}
COMMAND: GET /session/2fb6d640d7e56baf8781ddfc65543b63/screenshot - {}
RESULT: {}
COMMAND: POST /session/2fb6d640d7e56baf8781ddfc65543b63/elements - {"using":"xpath","value":"//table[contains(@id, \"customPartnersTable-listUl\")]/tbody/tr"}
RESULT: {"using":"xpath","value":"//table[contains(@id, \"customPartnersTable-listUl\")]/tbody/tr"}
COMMAND: POST /session/2fb6d640d7e56baf8781ddfc65543b63/element - {"using":"xpath","value":"//table[contains(@id, \"customPartnersTable-listUl\")]/tbody/tr[1]/td[3]/span"}
RESULT: {"using":"xpath","value":"//table[contains(@id, \"customPartnersTable-listUl\")]/tbody/tr[1]/td[3]/span"}
COMMAND: POST /session/2fb6d640d7e56baf8781ddfc65543b63/elements - {"using":"xpath","value":"//table[contains(@id, \"customPartnersTable-listUl\")]/tbody/tr[1]/td[3]/span"}
RESULT: {"using":"xpath","value":"//table[contains(@id, \"customPartnersTable-listUl\")]/tbody/tr[1]/td[3]/span"}
COMMAND: POST /session/2fb6d640d7e56baf8781ddfc65543b63/execute/sync - {"script":"<script> [56 bytes]","args":[{"element-6066-11e4-a52e-4f735466cecf":"f.CCF77AB910636C8B118410FB7AEDA09C.d.555D0094D826B080768F94756AB4D949.e.2741","ELEMENT":"f.CCF77AB910636C8B118410FB7AEDA09C.d.555D0094D826B080768F94756AB4D949.e.2741"}]}
RESULT: {"script":"<script> [56 bytes]","args":[{"element-6066-11e4-a52e-4f735466cecf":"f.CCF77AB910636C8B118410FB7AEDA09C.d.555D0094D826B080768F94756AB4D949.e.2741","ELEMENT":"f.CCF77AB910636C8B118410FB7AEDA09C.d.555D0094D826B080768F94756AB4D949.e.2741"}]}
COMMAND: POST /session/2fb6d640d7e56baf8781ddfc65543b63/element - {"using":"xpath","value":"(//span[contains(@id, \"imgNav\")])[1]"}
COMMAND: GET /session/2fb6d640d7e56baf8781ddfc65543b63/screenshot - {}
RESULT: {"using":"xpath","value":"(//span[contains(@id, \"imgNav\")])[1]"}
COMMAND: POST /session/2fb6d640d7e56baf8781ddfc65543b63/element/f.CCF77AB910636C8B118410FB7AEDA09C.d.555D0094D826B080768F94756AB4D949.e.2739/click - {}
RESULT: {}
RESULT: {}
COMMAND: GET /session/2fb6d640d7e56baf8781ddfc65543b63/screenshot - {}
RESULT: {}
COMMAND: POST /session/2fb6d640d7e56baf8781ddfc65543b63/element - {"using":"xpath","value":"//bdi[contains(text(), \"Edit\")]"}
RESULT: {"using":"xpath","value":"//bdi[contains(text(), \"Edit\")]"}
COMMAND: POST /session/2fb6d640d7e56baf8781ddfc65543b63/element/f.CCF77AB910636C8B118410FB7AEDA09C.d.555D0094D826B080768F94756AB4D949.e.2883/click - {}
RESULT: {}
COMMAND: GET /session/2fb6d640d7e56baf8781ddfc65543b63/screenshot - {}
RESULT: {}
COMMAND: POST /session/2fb6d640d7e56baf8781ddfc65543b63/execute/async - {"script":"<script> [1562 bytes]","args":[{"selector":{"controlType":"sap.m.Input","viewName":"etm.portal.ui.managepartners.view.EditDetail","labelFor":{"text":"Name"},"interaction":{"idSuffix":"inner"}},"wdio_ui5_key":"etmportal.ui.managepartners.view.EditDetailsap.m.Input{\"text\":\"Name\"}"}]}
RESULT: {"script":"<script> [1562 bytes]","args":[{"selector":{"controlType":"sap.m.Input","viewName":"etm.portal.ui.managepartners.view.EditDetail","labelFor":{"text":"Name"},"interaction":{"idSuffix":"inner"}},"wdio_ui5_key":"etmportal.ui.managepartners.view.EditDetailsap.m.Input{\"text\":\"Name\"}"}]}
RESULT: undefined
COMMAND: POST /session/2fb6d640d7e56baf8781ddfc65543b63/execute/async - {"script":"<script> [776 bytes]","args":[{"enterText":"External EDIT","selector":{"controlType":"sap.m.Input","viewName":"etm.portal.ui.managepartners.view.EditDetail","labelFor":{"text":"Name"},"interaction":{"idSuffix":"inner"}},"clearTextFirst":true,"interactionType":"ENTER_TEXT"}]}
RESULT: {"script":"<script> [776 bytes]","args":[{"enterText":"External EDIT","selector":{"controlType":"sap.m.Input","viewName":"etm.portal.ui.managepartners.view.EditDetail","labelFor":{"text":"Name"},"interaction":{"idSuffix":"inner"}},"clearTextFirst":true,"interactionType":"ENTER_TEXT"}]}
COMMAND: POST /session/2fb6d640d7e56baf8781ddfc65543b63/element - {"using":"xpath","value":"(//span[contains(@id,\"addressDetailDetailsLanguage-arrow\")])[1]"}
RESULT: {"using":"xpath","value":"(//span[contains(@id,\"addressDetailDetailsLanguage-arrow\")])[1]"}
COMMAND: POST /session/2fb6d640d7e56baf8781ddfc65543b63/element/f.CCF77AB910636C8B118410FB7AEDA09C.d.555D0094D826B080768F94756AB4D949.e.2962/click - {}
RESULT: {}
COMMAND: POST /session/2fb6d640d7e56baf8781ddfc65543b63/element - {"using":"xpath","value":"//span[contains(text(), \"Chinese\")]"}
COMMAND: GET /session/2fb6d640d7e56baf8781ddfc65543b63/screenshot - {}
RESULT: {"using":"xpath","value":"//span[contains(text(), \"Chinese\")]"}
COMMAND: POST /session/2fb6d640d7e56baf8781ddfc65543b63/element/f.CCF77AB910636C8B118410FB7AEDA09C.d.555D0094D826B080768F94756AB4D949.e.2963/click - {}
RESULT: {}
RESULT: {}
COMMAND: GET /session/2fb6d640d7e56baf8781ddfc65543b63/screenshot - {}
RESULT: {}
COMMAND: POST /session/2fb6d640d7e56baf8781ddfc65543b63/execute/async - {"script":"<script> [1562 bytes]","args":[{"selector":{"controlType":"sap.m.Input","viewName":"etm.portal.ui.managepartners.view.EditDetail","labelFor":{"text":"City"},"interaction":{"idSuffix":"inner"}},"wdio_ui5_key":"etmportal.ui.managepartners.view.EditDetailsap.m.Input{\"text\":\"City\"}"}]}
RESULT: {"script":"<script> [1562 bytes]","args":[{"selector":{"controlType":"sap.m.Input","viewName":"etm.portal.ui.managepartners.view.EditDetail","labelFor":{"text":"City"},"interaction":{"idSuffix":"inner"}},"wdio_ui5_key":"etmportal.ui.managepartners.view.EditDetailsap.m.Input{\"text\":\"City\"}"}]}
RESULT: undefined
COMMAND: POST /session/2fb6d640d7e56baf8781ddfc65543b63/execute/async - {"script":"<script> [776 bytes]","args":[{"enterText":"Clooj-Napoca","selector":{"controlType":"sap.m.Input","viewName":"etm.portal.ui.managepartners.view.EditDetail","labelFor":{"text":"City"},"interaction":{"idSuffix":"inner"}},"clearTextFirst":true,"interactionType":"ENTER_TEXT"}]}
RESULT: {"script":"<script> [776 bytes]","args":[{"enterText":"Clooj-Napoca","selector":{"controlType":"sap.m.Input","viewName":"etm.portal.ui.managepartners.view.EditDetail","labelFor":{"text":"City"},"interaction":{"idSuffix":"inner"}},"clearTextFirst":true,"interactionType":"ENTER_TEXT"}]}
COMMAND: POST /session/2fb6d640d7e56baf8781ddfc65543b63/element - {"using":"xpath","value":"//button[@data-kt=\"saveButton\"]"}
RESULT: {"using":"xpath","value":"//button[@data-kt=\"saveButton\"]"}
COMMAND: POST /session/2fb6d640d7e56baf8781ddfc65543b63/element/f.CCF77AB910636C8B118410FB7AEDA09C.d.555D0094D826B080768F94756AB4D949.e.2945/click - {}
RESULT: {}
COMMAND: GET /session/2fb6d640d7e56baf8781ddfc65543b63/screenshot - {}
RESULT: {}
COMMAND: POST /session/2fb6d640d7e56baf8781ddfc65543b63/execute/async - {"script":"<script> [1562 bytes]","args":[{"selector":{"id":"application-managepartners-display-component---detailPtm--addressDetailDetailsName1"},"wdio_ui5_key":"applicationmanagepartners-display-component---detailPtm--addressDetailDetailsName1"}]}
RESULT: {"script":"<script> [1562 bytes]","args":[{"selector":{"id":"application-managepartners-display-component---detailPtm--addressDetailDetailsName1"},"wdio_ui5_key":"applicationmanagepartners-display-component---detailPtm--addressDetailDetailsName1"}]}
RESULT: undefined
COMMAND: POST /session/2fb6d640d7e56baf8781ddfc65543b63/execute/async - {"script":"<script> [6424 bytes]","args":[{"element-6066-11e4-a52e-4f735466cecf":"f.CCF77AB910636C8B118410FB7AEDA09C.d.555D0094D826B080768F94756AB4D949.e.2994"},"getValue",[]]}
RESULT: {"script":"<script> [6424 bytes]","args":[{"element-6066-11e4-a52e-4f735466cecf":"f.CCF77AB910636C8B118410FB7AEDA09C.d.555D0094D826B080768F94756AB4D949.e.2994"},"getValue",[]]}
COMMAND: POST /session/2fb6d640d7e56baf8781ddfc65543b63/element - {"using":"xpath","value":"//input[@id = \"application-managepartners-display-component---detailPtm--addressDetailDetailsLanguage-inner\"]"}
RESULT: {"using":"xpath","value":"//input[@id = \"application-managepartners-display-component---detailPtm--addressDetailDetailsLanguage-inner\"]"}
COMMAND: GET /session/2fb6d640d7e56baf8781ddfc65543b63/element/f.CCF77AB910636C8B118410FB7AEDA09C.d.555D0094D826B080768F94756AB4D949.e.2995/property/value - {}
RESULT: {}
COMMAND: POST /session/2fb6d640d7e56baf8781ddfc65543b63/execute/async - {"script":"<script> [1562 bytes]","args":[{"selector":{"id":"application-managepartners-display-component---detailPtm--addressDetailDetailsCity1"},"wdio_ui5_key":"applicationmanagepartners-display-component---detailPtm--addressDetailDetailsCity1"}]}
COMMAND: GET /session/2fb6d640d7e56baf8781ddfc65543b63/screenshot - {}
RESULT: {"script":"<script> [1562 bytes]","args":[{"selector":{"id":"application-managepartners-display-component---detailPtm--addressDetailDetailsCity1"},"wdio_ui5_key":"applicationmanagepartners-display-component---detailPtm--addressDetailDetailsCity1"}]}
RESULT: undefined
COMMAND: POST /session/2fb6d640d7e56baf8781ddfc65543b63/execute/async - {"script":"<script> [6424 bytes]","args":[{"element-6066-11e4-a52e-4f735466cecf":"f.CCF77AB910636C8B118410FB7AEDA09C.d.555D0094D826B080768F94756AB4D949.e.2996"},"getValue",[]]}
RESULT: {}
RESULT: {"script":"<script> [6424 bytes]","args":[{"element-6066-11e4-a52e-4f735466cecf":"f.CCF77AB910636C8B118410FB7AEDA09C.d.555D0094D826B080768F94756AB4D949.e.2996"},"getValue",[]]}
COMMAND: POST /session/2fb6d640d7e56baf8781ddfc65543b63/element - {"using":"css selector","value":"#shell-header-logo"}
RESULT: {"using":"css selector","value":"#shell-header-logo"}
COMMAND: POST /session/2fb6d640d7e56baf8781ddfc65543b63/element/f.CCF77AB910636C8B118410FB7AEDA09C.d.555D0094D826B080768F94756AB4D949.e.2557/click - {}
RESULT: {}
COMMAND: GET /session/2fb6d640d7e56baf8781ddfc65543b63/screenshot - {}
RESULT: {}
]]></system-out>
    </testcase>
    <testcase classname="chrome.135_0_7049_42.windows.Partner_specific_tests_US150819_US151080_US151654_US151176_US103444_US151078_US151079_US151109_US151174_US151175_US151189" name="Should create a new intercompany partner edit some of its fields US151078" time="236.749">
      <system-out><![CDATA[
COMMAND: POST /session/2fb6d640d7e56baf8781ddfc65543b63/element - {"using":"xpath","value":"//li[.//span[text()=\"Manage Partners\"]]"}
RESULT: {"using":"xpath","value":"//li[.//span[text()=\"Manage Partners\"]]"}
COMMAND: POST /session/2fb6d640d7e56baf8781ddfc65543b63/element - {"using":"xpath","value":"//li[.//span[text()=\"Manage Partners\"]]"}
RESULT: {"using":"xpath","value":"//li[.//span[text()=\"Manage Partners\"]]"}
COMMAND: POST /session/2fb6d640d7e56baf8781ddfc65543b63/element - {"using":"css selector","value":"#shell-header-logo"}
RESULT: {"using":"css selector","value":"#shell-header-logo"}
COMMAND: POST /session/2fb6d640d7e56baf8781ddfc65543b63/element/f.CCF77AB910636C8B118410FB7AEDA09C.d.555D0094D826B080768F94756AB4D949.e.3026/click - {}
COMMAND: POST /session/2fb6d640d7e56baf8781ddfc65543b63/execute/sync - {"script":"<script> [8489 bytes]","args":[{"element-6066-11e4-a52e-4f735466cecf":"f.CCF77AB910636C8B118410FB7AEDA09C.d.555D0094D826B080768F94756AB4D949.e.3026","ELEMENT":"f.CCF77AB910636C8B118410FB7AEDA09C.d.555D0094D826B080768F94756AB4D949.e.3026"}]}
RESULT: {}
COMMAND: GET /session/2fb6d640d7e56baf8781ddfc65543b63/screenshot - {}
RESULT: {"script":"<script> [8489 bytes]","args":[{"element-6066-11e4-a52e-4f735466cecf":"f.CCF77AB910636C8B118410FB7AEDA09C.d.555D0094D826B080768F94756AB4D949.e.3026","ELEMENT":"f.CCF77AB910636C8B118410FB7AEDA09C.d.555D0094D826B080768F94756AB4D949.e.3026"}]}
COMMAND: POST /session/2fb6d640d7e56baf8781ddfc65543b63/execute/sync - {"script":"<script> [5351 bytes]","args":[{"element-6066-11e4-a52e-4f735466cecf":"f.CCF77AB910636C8B118410FB7AEDA09C.d.555D0094D826B080768F94756AB4D949.e.3026","ELEMENT":"f.CCF77AB910636C8B118410FB7AEDA09C.d.555D0094D826B080768F94756AB4D949.e.3026"}]}
COMMAND: GET /session/2fb6d640d7e56baf8781ddfc65543b63/screenshot - {}
RESULT: {}
RESULT: {"script":"<script> [5351 bytes]","args":[{"element-6066-11e4-a52e-4f735466cecf":"f.CCF77AB910636C8B118410FB7AEDA09C.d.555D0094D826B080768F94756AB4D949.e.3026","ELEMENT":"f.CCF77AB910636C8B118410FB7AEDA09C.d.555D0094D826B080768F94756AB4D949.e.3026"}]}
COMMAND: GET /session/2fb6d640d7e56baf8781ddfc65543b63/screenshot - {}
RESULT: {}
RESULT: {}
COMMAND: POST /session/2fb6d640d7e56baf8781ddfc65543b63/refresh - {}
RESULT: {}
COMMAND: GET /session/2fb6d640d7e56baf8781ddfc65543b63/screenshot - {}
RESULT: {}
COMMAND: POST /session/2fb6d640d7e56baf8781ddfc65543b63/refresh - {}
RESULT: {}
COMMAND: GET /session/2fb6d640d7e56baf8781ddfc65543b63/screenshot - {}
RESULT: {}
COMMAND: POST /session/2fb6d640d7e56baf8781ddfc65543b63/execute/async - {"script":"<script> [189 bytes]","args":[]}
RESULT: {"script":"<script> [189 bytes]","args":[]}
COMMAND: POST /session/2fb6d640d7e56baf8781ddfc65543b63/execute/async - {"script":"<script> [123 bytes]","args":[]}
RESULT: {"script":"<script> [123 bytes]","args":[]}
COMMAND: POST /session/2fb6d640d7e56baf8781ddfc65543b63/timeouts - {"script":"<number>"}
RESULT: {"script":"<number>"}
COMMAND: GET /session/2fb6d640d7e56baf8781ddfc65543b63/timeouts - {}
RESULT: {}
RESULT: undefined
COMMAND: POST /session/2fb6d640d7e56baf8781ddfc65543b63/execute/async - {"script":"<script> [2676 bytes]","args":[]}
RESULT: {"script":"<script> [2676 bytes]","args":[]}
COMMAND: POST /session/2fb6d640d7e56baf8781ddfc65543b63/execute/async - {"script":"<script> [2342 bytes]","args":[{"protocol":"http","hostname":"0.0.0.0","path":"/","capabilities":{"browserName":"chrome","goog:chromeOptions":{"binary":"C:\\Program Files\\Google\\Chrome\\Application\\chrome.exe","args":["--start-maximized"]}},"logLevel":"warn","connectionRetryTimeout":120000,"connectionRetryCount":3,"logLevels":{},"enableDirectConnect":true,"strictSSL":true,"_":"65 more keys: [\"cacheDir\",\"port\",\"requestedCapabilities\",\"automationProtocol\",\"baseUrl\",\"waitforInterval\",\"waitforTimeout\",\"onReload\",\"beforeCommand\",\"afterCommand\",\"rootDir\",\"specs\",\"suites\",\"exclude\",\"groupLogsByTestSpec\",\"excludeDriverLogs\",\"bail\",\"framework\",\"reporters\",\"services\",\"maxInstances\",\"maxInstancesPerCapability\",\"injectGlobals\",\"filesToWatch\",\"execArgv\",\"runnerEnv\",\"runner\",\"shard\",\"specFileRetries\",\"specFileRetriesDelay\",\"specFileRetriesDeferred\",\"reporterSyncInterval\",\"reporterSyncTimeout\",\"cucumberFeaturesWithLineNumbers\",\"autoCompileOpts\",\"mochaOpts\",\"jasmineOpts\",\"cucumberOpts\",\"onPrepare\",\"onWorkerStart\",\"onWorkerEnd\",\"before\",\"beforeSession\",\"beforeSuite\",\"beforeHook\",\"beforeTest\",\"afterTest\",\"afterHook\",\"afterSuite\",\"afterSession\",\"after\",\"onComplete\",\"beforeAssertion\",\"afterAssertion\",\"beforeFeature\",\"beforeScenario\",\"beforeStep\",\"afterStep\",\"afterScenario\",\"afterFeature\",\"_\",\"suite\",\"$0\",\"ignoredWorkerServices\",\"wdi5\"]"}]}
RESULT: {"script":"<script> [2342 bytes]","args":[{"protocol":"http","hostname":"0.0.0.0","path":"/","capabilities":{"browserName":"chrome","goog:chromeOptions":{"binary":"C:\\Program Files\\Google\\Chrome\\Application\\chrome.exe","args":["--start-maximized"]}},"logLevel":"warn","connectionRetryTimeout":120000,"connectionRetryCount":3,"logLevels":{},"enableDirectConnect":true,"strictSSL":true,"_":"65 more keys: [\"cacheDir\",\"port\",\"requestedCapabilities\",\"automationProtocol\",\"baseUrl\",\"waitforInterval\",\"waitforTimeout\",\"onReload\",\"beforeCommand\",\"afterCommand\",\"rootDir\",\"specs\",\"suites\",\"exclude\",\"groupLogsByTestSpec\",\"excludeDriverLogs\",\"bail\",\"framework\",\"reporters\",\"services\",\"maxInstances\",\"maxInstancesPerCapability\",\"injectGlobals\",\"filesToWatch\",\"execArgv\",\"runnerEnv\",\"runner\",\"shard\",\"specFileRetries\",\"specFileRetriesDelay\",\"specFileRetriesDeferred\",\"reporterSyncInterval\",\"reporterSyncTimeout\",\"cucumberFeaturesWithLineNumbers\",\"autoCompileOpts\",\"mochaOpts\",\"jasmineOpts\",\"cucumberOpts\",\"onPrepare\",\"onWorkerStart\",\"onWorkerEnd\",\"before\",\"beforeSession\",\"beforeSuite\",\"beforeHook\",\"beforeTest\",\"afterTest\",\"afterHook\",\"afterSuite\",\"afterSession\",\"after\",\"onComplete\",\"beforeAssertion\",\"afterAssertion\",\"beforeFeature\",\"beforeScenario\",\"beforeStep\",\"afterStep\",\"afterScenario\",\"afterFeature\",\"_\",\"suite\",\"$0\",\"ignoredWorkerServices\",\"wdi5\"]"}]}
COMMAND: POST /session/2fb6d640d7e56baf8781ddfc65543b63/execute/async - {"script":"<script> [21126 bytes]","args":[35000]}
RESULT: {"script":"<script> [21126 bytes]","args":[35000]}
COMMAND: POST /session/2fb6d640d7e56baf8781ddfc65543b63/window/fullscreen - {}
RESULT: {}
COMMAND: POST /session/2fb6d640d7e56baf8781ddfc65543b63/window/fullscreen - {}
RESULT: {}
COMMAND: POST /session/2fb6d640d7e56baf8781ddfc65543b63/execute/async - {"script":"<script> [1562 bytes]","args":[{"selector":{"controlType":"sap.m.GenericTile","properties":{"header":"Manage Partners"}},"wdio_ui5_key":"sapm.GenericTile{\"header\":\"Manage Partners\"}"}]}
RESULT: {"script":"<script> [1562 bytes]","args":[{"selector":{"controlType":"sap.m.GenericTile","properties":{"header":"Manage Partners"}},"wdio_ui5_key":"sapm.GenericTile{\"header\":\"Manage Partners\"}"}]}
RESULT: undefined
COMMAND: POST /session/2fb6d640d7e56baf8781ddfc65543b63/element - {"using":"xpath","value":"//*[@id=\"__tile30\"]"}
RESULT: {"using":"xpath","value":"//*[@id=\"__tile30\"]"}
COMMAND: POST /session/2fb6d640d7e56baf8781ddfc65543b63/element/f.CCF77AB910636C8B118410FB7AEDA09C.d.5AAD51D0A38ABEC59A338A5338D8251B.e.3094/click - {}
RESULT: {}
COMMAND: POST /session/2fb6d640d7e56baf8781ddfc65543b63/element - {"using":"xpath","value":"//button[@data-kt=\"addButton\"]"}
COMMAND: GET /session/2fb6d640d7e56baf8781ddfc65543b63/screenshot - {}
RESULT: {"using":"xpath","value":"//button[@data-kt=\"addButton\"]"}
COMMAND: POST /session/2fb6d640d7e56baf8781ddfc65543b63/elements - {"using":"xpath","value":"//button[@data-kt=\"addButton\"]"}
RESULT: {}
RESULT: {"using":"xpath","value":"//button[@data-kt=\"addButton\"]"}
COMMAND: POST /session/2fb6d640d7e56baf8781ddfc65543b63/elements - {"using":"xpath","value":"//button[@data-kt=\"addButton\"]"}
RESULT: {"using":"xpath","value":"//button[@data-kt=\"addButton\"]"}
COMMAND: POST /session/2fb6d640d7e56baf8781ddfc65543b63/elements - {"using":"xpath","value":"//button[@data-kt=\"addButton\"]"}
RESULT: {"using":"xpath","value":"//button[@data-kt=\"addButton\"]"}
COMMAND: POST /session/2fb6d640d7e56baf8781ddfc65543b63/elements - {"using":"xpath","value":"//button[@data-kt=\"addButton\"]"}
RESULT: {"using":"xpath","value":"//button[@data-kt=\"addButton\"]"}
COMMAND: POST /session/2fb6d640d7e56baf8781ddfc65543b63/elements - {"using":"xpath","value":"//button[@data-kt=\"addButton\"]"}
RESULT: {"using":"xpath","value":"//button[@data-kt=\"addButton\"]"}
COMMAND: POST /session/2fb6d640d7e56baf8781ddfc65543b63/elements - {"using":"xpath","value":"//button[@data-kt=\"addButton\"]"}
RESULT: {"using":"xpath","value":"//button[@data-kt=\"addButton\"]"}
COMMAND: POST /session/2fb6d640d7e56baf8781ddfc65543b63/elements - {"using":"xpath","value":"//button[@data-kt=\"addButton\"]"}
RESULT: {"using":"xpath","value":"//button[@data-kt=\"addButton\"]"}
COMMAND: POST /session/2fb6d640d7e56baf8781ddfc65543b63/elements - {"using":"xpath","value":"//button[@data-kt=\"addButton\"]"}
RESULT: {"using":"xpath","value":"//button[@data-kt=\"addButton\"]"}
COMMAND: POST /session/2fb6d640d7e56baf8781ddfc65543b63/elements - {"using":"xpath","value":"//button[@data-kt=\"addButton\"]"}
RESULT: {"using":"xpath","value":"//button[@data-kt=\"addButton\"]"}
COMMAND: POST /session/2fb6d640d7e56baf8781ddfc65543b63/elements - {"using":"xpath","value":"//button[@data-kt=\"addButton\"]"}
RESULT: {"using":"xpath","value":"//button[@data-kt=\"addButton\"]"}
COMMAND: POST /session/2fb6d640d7e56baf8781ddfc65543b63/elements - {"using":"xpath","value":"//button[@data-kt=\"addButton\"]"}
RESULT: {"using":"xpath","value":"//button[@data-kt=\"addButton\"]"}
COMMAND: POST /session/2fb6d640d7e56baf8781ddfc65543b63/elements - {"using":"xpath","value":"//button[@data-kt=\"addButton\"]"}
RESULT: {"using":"xpath","value":"//button[@data-kt=\"addButton\"]"}
COMMAND: POST /session/2fb6d640d7e56baf8781ddfc65543b63/elements - {"using":"xpath","value":"//button[@data-kt=\"addButton\"]"}
RESULT: {"using":"xpath","value":"//button[@data-kt=\"addButton\"]"}
COMMAND: POST /session/2fb6d640d7e56baf8781ddfc65543b63/elements - {"using":"xpath","value":"//button[@data-kt=\"addButton\"]"}
RESULT: {"using":"xpath","value":"//button[@data-kt=\"addButton\"]"}
COMMAND: POST /session/2fb6d640d7e56baf8781ddfc65543b63/elements - {"using":"xpath","value":"//button[@data-kt=\"addButton\"]"}
RESULT: {"using":"xpath","value":"//button[@data-kt=\"addButton\"]"}
COMMAND: POST /session/2fb6d640d7e56baf8781ddfc65543b63/elements - {"using":"xpath","value":"//button[@data-kt=\"addButton\"]"}
RESULT: {"using":"xpath","value":"//button[@data-kt=\"addButton\"]"}
COMMAND: POST /session/2fb6d640d7e56baf8781ddfc65543b63/elements - {"using":"xpath","value":"//button[@data-kt=\"addButton\"]"}
RESULT: {"using":"xpath","value":"//button[@data-kt=\"addButton\"]"}
COMMAND: POST /session/2fb6d640d7e56baf8781ddfc65543b63/elements - {"using":"xpath","value":"//button[@data-kt=\"addButton\"]"}
RESULT: {"using":"xpath","value":"//button[@data-kt=\"addButton\"]"}
COMMAND: POST /session/2fb6d640d7e56baf8781ddfc65543b63/elements - {"using":"xpath","value":"//button[@data-kt=\"addButton\"]"}
RESULT: {"using":"xpath","value":"//button[@data-kt=\"addButton\"]"}
COMMAND: POST /session/2fb6d640d7e56baf8781ddfc65543b63/elements - {"using":"xpath","value":"//button[@data-kt=\"addButton\"]"}
RESULT: {"using":"xpath","value":"//button[@data-kt=\"addButton\"]"}
COMMAND: POST /session/2fb6d640d7e56baf8781ddfc65543b63/elements - {"using":"xpath","value":"//button[@data-kt=\"addButton\"]"}
RESULT: {"using":"xpath","value":"//button[@data-kt=\"addButton\"]"}
COMMAND: POST /session/2fb6d640d7e56baf8781ddfc65543b63/elements - {"using":"xpath","value":"//button[@data-kt=\"addButton\"]"}
RESULT: {"using":"xpath","value":"//button[@data-kt=\"addButton\"]"}
COMMAND: POST /session/2fb6d640d7e56baf8781ddfc65543b63/elements - {"using":"xpath","value":"//button[@data-kt=\"addButton\"]"}
RESULT: {"using":"xpath","value":"//button[@data-kt=\"addButton\"]"}
COMMAND: POST /session/2fb6d640d7e56baf8781ddfc65543b63/elements - {"using":"xpath","value":"//button[@data-kt=\"addButton\"]"}
RESULT: {"using":"xpath","value":"//button[@data-kt=\"addButton\"]"}
COMMAND: POST /session/2fb6d640d7e56baf8781ddfc65543b63/elements - {"using":"xpath","value":"//button[@data-kt=\"addButton\"]"}
RESULT: {"using":"xpath","value":"//button[@data-kt=\"addButton\"]"}
COMMAND: POST /session/2fb6d640d7e56baf8781ddfc65543b63/elements - {"using":"xpath","value":"//button[@data-kt=\"addButton\"]"}
RESULT: {"using":"xpath","value":"//button[@data-kt=\"addButton\"]"}
COMMAND: POST /session/2fb6d640d7e56baf8781ddfc65543b63/elements - {"using":"xpath","value":"//button[@data-kt=\"addButton\"]"}
RESULT: {"using":"xpath","value":"//button[@data-kt=\"addButton\"]"}
COMMAND: POST /session/2fb6d640d7e56baf8781ddfc65543b63/elements - {"using":"xpath","value":"//button[@data-kt=\"addButton\"]"}
RESULT: {"using":"xpath","value":"//button[@data-kt=\"addButton\"]"}
COMMAND: POST /session/2fb6d640d7e56baf8781ddfc65543b63/elements - {"using":"xpath","value":"//button[@data-kt=\"addButton\"]"}
RESULT: {"using":"xpath","value":"//button[@data-kt=\"addButton\"]"}
COMMAND: POST /session/2fb6d640d7e56baf8781ddfc65543b63/elements - {"using":"xpath","value":"//button[@data-kt=\"addButton\"]"}
RESULT: {"using":"xpath","value":"//button[@data-kt=\"addButton\"]"}
COMMAND: POST /session/2fb6d640d7e56baf8781ddfc65543b63/elements - {"using":"xpath","value":"//button[@data-kt=\"addButton\"]"}
RESULT: {"using":"xpath","value":"//button[@data-kt=\"addButton\"]"}
COMMAND: POST /session/2fb6d640d7e56baf8781ddfc65543b63/element - {"using":"xpath","value":"//button[@data-kt=\"addButton\"]"}
RESULT: {"using":"xpath","value":"//button[@data-kt=\"addButton\"]"}
COMMAND: POST /session/2fb6d640d7e56baf8781ddfc65543b63/execute/sync - {"script":"<script> [8489 bytes]","args":[{"element-6066-11e4-a52e-4f735466cecf":"f.CCF77AB910636C8B118410FB7AEDA09C.d.5AAD51D0A38ABEC59A338A5338D8251B.e.3210","ELEMENT":"f.CCF77AB910636C8B118410FB7AEDA09C.d.5AAD51D0A38ABEC59A338A5338D8251B.e.3210"}]}
RESULT: {"script":"<script> [8489 bytes]","args":[{"element-6066-11e4-a52e-4f735466cecf":"f.CCF77AB910636C8B118410FB7AEDA09C.d.5AAD51D0A38ABEC59A338A5338D8251B.e.3210","ELEMENT":"f.CCF77AB910636C8B118410FB7AEDA09C.d.5AAD51D0A38ABEC59A338A5338D8251B.e.3210"}]}
COMMAND: GET /session/2fb6d640d7e56baf8781ddfc65543b63/element/f.CCF77AB910636C8B118410FB7AEDA09C.d.5AAD51D0A38ABEC59A338A5338D8251B.e.3210/enabled - {}
COMMAND: GET /session/2fb6d640d7e56baf8781ddfc65543b63/screenshot - {}
RESULT: {}
COMMAND: POST /session/2fb6d640d7e56baf8781ddfc65543b63/execute/sync - {"script":"<script> [8489 bytes]","args":[{"element-6066-11e4-a52e-4f735466cecf":"f.CCF77AB910636C8B118410FB7AEDA09C.d.5AAD51D0A38ABEC59A338A5338D8251B.e.3210","ELEMENT":"f.CCF77AB910636C8B118410FB7AEDA09C.d.5AAD51D0A38ABEC59A338A5338D8251B.e.3210"}]}
COMMAND: GET /session/2fb6d640d7e56baf8781ddfc65543b63/screenshot - {}
RESULT: {}
RESULT: {"script":"<script> [8489 bytes]","args":[{"element-6066-11e4-a52e-4f735466cecf":"f.CCF77AB910636C8B118410FB7AEDA09C.d.5AAD51D0A38ABEC59A338A5338D8251B.e.3210","ELEMENT":"f.CCF77AB910636C8B118410FB7AEDA09C.d.5AAD51D0A38ABEC59A338A5338D8251B.e.3210"}]}
COMMAND: POST /session/2fb6d640d7e56baf8781ddfc65543b63/execute/sync - {"script":"<script> [5351 bytes]","args":[{"element-6066-11e4-a52e-4f735466cecf":"f.CCF77AB910636C8B118410FB7AEDA09C.d.5AAD51D0A38ABEC59A338A5338D8251B.e.3210","ELEMENT":"f.CCF77AB910636C8B118410FB7AEDA09C.d.5AAD51D0A38ABEC59A338A5338D8251B.e.3210"}]}
COMMAND: GET /session/2fb6d640d7e56baf8781ddfc65543b63/screenshot - {}
RESULT: {}
RESULT: {}
RESULT: {"script":"<script> [5351 bytes]","args":[{"element-6066-11e4-a52e-4f735466cecf":"f.CCF77AB910636C8B118410FB7AEDA09C.d.5AAD51D0A38ABEC59A338A5338D8251B.e.3210","ELEMENT":"f.CCF77AB910636C8B118410FB7AEDA09C.d.5AAD51D0A38ABEC59A338A5338D8251B.e.3210"}]}
COMMAND: POST /session/2fb6d640d7e56baf8781ddfc65543b63/element/f.CCF77AB910636C8B118410FB7AEDA09C.d.5AAD51D0A38ABEC59A338A5338D8251B.e.3210/click - {}
COMMAND: GET /session/2fb6d640d7e56baf8781ddfc65543b63/screenshot - {}
RESULT: {}
COMMAND: GET /session/2fb6d640d7e56baf8781ddfc65543b63/screenshot - {}
RESULT: {}
COMMAND: POST /session/2fb6d640d7e56baf8781ddfc65543b63/execute/async - {"script":"<script> [1562 bytes]","args":[{"selector":{"id":"application-managepartners-display-component---NewPartner--addressDetailDetailsName1","interaction":{"idSuffix":"inner"}},"wdio_ui5_key":"applicationmanagepartners-display-component---NewPartner--addressDetailDetailsName1"}]}
RESULT: {}
RESULT: {"script":"<script> [1562 bytes]","args":[{"selector":{"id":"application-managepartners-display-component---NewPartner--addressDetailDetailsName1","interaction":{"idSuffix":"inner"}},"wdio_ui5_key":"applicationmanagepartners-display-component---NewPartner--addressDetailDetailsName1"}]}
RESULT: undefined
COMMAND: POST /session/2fb6d640d7e56baf8781ddfc65543b63/execute/async - {"script":"<script> [776 bytes]","args":[{"enterText":"Intercompany Partner WDIO","selector":{"id":"application-managepartners-display-component---NewPartner--addressDetailDetailsName1","interaction":{"idSuffix":"inner"}},"clearTextFirst":true,"interactionType":"ENTER_TEXT"}]}
RESULT: {"script":"<script> [776 bytes]","args":[{"enterText":"Intercompany Partner WDIO","selector":{"id":"application-managepartners-display-component---NewPartner--addressDetailDetailsName1","interaction":{"idSuffix":"inner"}},"clearTextFirst":true,"interactionType":"ENTER_TEXT"}]}
COMMAND: POST /session/2fb6d640d7e56baf8781ddfc65543b63/execute/async - {"script":"<script> [1562 bytes]","args":[{"selector":{"id":"application-managepartners-display-component---NewPartner--addressDetailDetailsLanguage-arrow"},"wdio_ui5_key":"applicationmanagepartners-display-component---NewPartner--addressDetailDetailsLanguage-arrow"}]}
RESULT: {"script":"<script> [1562 bytes]","args":[{"selector":{"id":"application-managepartners-display-component---NewPartner--addressDetailDetailsLanguage-arrow"},"wdio_ui5_key":"applicationmanagepartners-display-component---NewPartner--addressDetailDetailsLanguage-arrow"}]}
RESULT: undefined
COMMAND: POST /session/2fb6d640d7e56baf8781ddfc65543b63/element - {"using":"xpath","value":"//*[@id=\"application-managepartners-display-component---NewPartner--addressDetailDetailsLanguage-arrow\"]"}
RESULT: {"using":"xpath","value":"//*[@id=\"application-managepartners-display-component---NewPartner--addressDetailDetailsLanguage-arrow\"]"}
COMMAND: POST /session/2fb6d640d7e56baf8781ddfc65543b63/element/f.CCF77AB910636C8B118410FB7AEDA09C.d.5AAD51D0A38ABEC59A338A5338D8251B.e.3651/click - {}
RESULT: {}
COMMAND: POST /session/2fb6d640d7e56baf8781ddfc65543b63/element - {"using":"xpath","value":"//span[contains(text(), \"English\")]"}
COMMAND: GET /session/2fb6d640d7e56baf8781ddfc65543b63/screenshot - {}
RESULT: {"using":"xpath","value":"//span[contains(text(), \"English\")]"}
COMMAND: POST /session/2fb6d640d7e56baf8781ddfc65543b63/element/f.CCF77AB910636C8B118410FB7AEDA09C.d.5AAD51D0A38ABEC59A338A5338D8251B.e.3652/click - {}
RESULT: {}
RESULT: {}
COMMAND: GET /session/2fb6d640d7e56baf8781ddfc65543b63/screenshot - {}
RESULT: {}
COMMAND: POST /session/2fb6d640d7e56baf8781ddfc65543b63/execute/async - {"script":"<script> [1562 bytes]","args":[{"selector":{"id":"application-managepartners-display-component---NewPartner--addressDetailDetailsCity1","interaction":{"idSuffix":"inner"}},"wdio_ui5_key":"applicationmanagepartners-display-component---NewPartner--addressDetailDetailsCity1"}]}
RESULT: {"script":"<script> [1562 bytes]","args":[{"selector":{"id":"application-managepartners-display-component---NewPartner--addressDetailDetailsCity1","interaction":{"idSuffix":"inner"}},"wdio_ui5_key":"applicationmanagepartners-display-component---NewPartner--addressDetailDetailsCity1"}]}
RESULT: undefined
COMMAND: POST /session/2fb6d640d7e56baf8781ddfc65543b63/execute/async - {"script":"<script> [776 bytes]","args":[{"enterText":"Rosario","selector":{"id":"application-managepartners-display-component---NewPartner--addressDetailDetailsCity1","interaction":{"idSuffix":"inner"}},"clearTextFirst":true,"interactionType":"ENTER_TEXT"}]}
RESULT: {"script":"<script> [776 bytes]","args":[{"enterText":"Rosario","selector":{"id":"application-managepartners-display-component---NewPartner--addressDetailDetailsCity1","interaction":{"idSuffix":"inner"}},"clearTextFirst":true,"interactionType":"ENTER_TEXT"}]}
COMMAND: POST /session/2fb6d640d7e56baf8781ddfc65543b63/execute/async - {"script":"<script> [1562 bytes]","args":[{"selector":{"id":"application-managepartners-display-component---NewPartner--addressDetailDetailsCountry-arrow"},"wdio_ui5_key":"applicationmanagepartners-display-component---NewPartner--addressDetailDetailsCountry-arrow"}]}
RESULT: {"script":"<script> [1562 bytes]","args":[{"selector":{"id":"application-managepartners-display-component---NewPartner--addressDetailDetailsCountry-arrow"},"wdio_ui5_key":"applicationmanagepartners-display-component---NewPartner--addressDetailDetailsCountry-arrow"}]}
RESULT: undefined
COMMAND: POST /session/2fb6d640d7e56baf8781ddfc65543b63/element - {"using":"xpath","value":"//*[@id=\"application-managepartners-display-component---NewPartner--addressDetailDetailsCountry-arrow\"]"}
RESULT: {"using":"xpath","value":"//*[@id=\"application-managepartners-display-component---NewPartner--addressDetailDetailsCountry-arrow\"]"}
COMMAND: POST /session/2fb6d640d7e56baf8781ddfc65543b63/element/f.CCF77AB910636C8B118410FB7AEDA09C.d.5AAD51D0A38ABEC59A338A5338D8251B.e.3627/click - {}
RESULT: {}
COMMAND: POST /session/2fb6d640d7e56baf8781ddfc65543b63/element - {"using":"xpath","value":"//span[contains(text(), \"Argentina\")]"}
COMMAND: GET /session/2fb6d640d7e56baf8781ddfc65543b63/screenshot - {}
RESULT: {"using":"xpath","value":"//span[contains(text(), \"Argentina\")]"}
COMMAND: POST /session/2fb6d640d7e56baf8781ddfc65543b63/element/f.CCF77AB910636C8B118410FB7AEDA09C.d.5AAD51D0A38ABEC59A338A5338D8251B.e.3654/click - {}
RESULT: {}
RESULT: {}
COMMAND: GET /session/2fb6d640d7e56baf8781ddfc65543b63/screenshot - {}
RESULT: {}
COMMAND: POST /session/2fb6d640d7e56baf8781ddfc65543b63/element - {"using":"xpath","value":"//bdi[contains(text(), \"Commercial\")]"}
RESULT: {"using":"xpath","value":"//bdi[contains(text(), \"Commercial\")]"}
COMMAND: POST /session/2fb6d640d7e56baf8781ddfc65543b63/element/f.CCF77AB910636C8B118410FB7AEDA09C.d.5AAD51D0A38ABEC59A338A5338D8251B.e.3655/click - {}
RESULT: {}
COMMAND: GET /session/2fb6d640d7e56baf8781ddfc65543b63/screenshot - {}
RESULT: {}
COMMAND: POST /session/2fb6d640d7e56baf8781ddfc65543b63/execute/async - {"script":"<script> [1562 bytes]","args":[{"selector":{"id":"application-managepartners-display-component---NewPartner--partnerDetailInternal-arrow"},"wdio_ui5_key":"applicationmanagepartners-display-component---NewPartner--partnerDetailInternal-arrow"}]}
RESULT: {"script":"<script> [1562 bytes]","args":[{"selector":{"id":"application-managepartners-display-component---NewPartner--partnerDetailInternal-arrow"},"wdio_ui5_key":"applicationmanagepartners-display-component---NewPartner--partnerDetailInternal-arrow"}]}
RESULT: undefined
COMMAND: POST /session/2fb6d640d7e56baf8781ddfc65543b63/element - {"using":"xpath","value":"//*[@id=\"application-managepartners-display-component---NewPartner--partnerDetailInternal-arrow\"]"}
RESULT: {"using":"xpath","value":"//*[@id=\"application-managepartners-display-component---NewPartner--partnerDetailInternal-arrow\"]"}
COMMAND: POST /session/2fb6d640d7e56baf8781ddfc65543b63/element/f.CCF77AB910636C8B118410FB7AEDA09C.d.5AAD51D0A38ABEC59A338A5338D8251B.e.3663/click - {}
RESULT: {}
COMMAND: POST /session/2fb6d640d7e56baf8781ddfc65543b63/element - {"using":"xpath","value":"//span[contains(text(), \"Affiliated company\")]"}
COMMAND: GET /session/2fb6d640d7e56baf8781ddfc65543b63/screenshot - {}
RESULT: {"using":"xpath","value":"//span[contains(text(), \"Affiliated company\")]"}
COMMAND: POST /session/2fb6d640d7e56baf8781ddfc65543b63/element/f.CCF77AB910636C8B118410FB7AEDA09C.d.5AAD51D0A38ABEC59A338A5338D8251B.e.3664/click - {}
RESULT: {}
RESULT: {}
COMMAND: POST /session/2fb6d640d7e56baf8781ddfc65543b63/execute/async - {"script":"<script> [1562 bytes]","args":[{"selector":{"id":"application-managepartners-display-component---NewPartner--partnerDetailsCurrency-arrow"},"wdio_ui5_key":"applicationmanagepartners-display-component---NewPartner--partnerDetailsCurrency-arrow"}]}
COMMAND: GET /session/2fb6d640d7e56baf8781ddfc65543b63/screenshot - {}
RESULT: {"script":"<script> [1562 bytes]","args":[{"selector":{"id":"application-managepartners-display-component---NewPartner--partnerDetailsCurrency-arrow"},"wdio_ui5_key":"applicationmanagepartners-display-component---NewPartner--partnerDetailsCurrency-arrow"}]}
RESULT: undefined
COMMAND: POST /session/2fb6d640d7e56baf8781ddfc65543b63/element - {"using":"xpath","value":"//*[@id=\"application-managepartners-display-component---NewPartner--partnerDetailsCurrency-arrow\"]"}
RESULT: {}
RESULT: {"using":"xpath","value":"//*[@id=\"application-managepartners-display-component---NewPartner--partnerDetailsCurrency-arrow\"]"}
COMMAND: POST /session/2fb6d640d7e56baf8781ddfc65543b63/element/f.CCF77AB910636C8B118410FB7AEDA09C.d.5AAD51D0A38ABEC59A338A5338D8251B.e.3671/click - {}
RESULT: {}
COMMAND: POST /session/2fb6d640d7e56baf8781ddfc65543b63/element - {"using":"xpath","value":"//span[contains(text(), \"Euro\")]"}
COMMAND: GET /session/2fb6d640d7e56baf8781ddfc65543b63/screenshot - {}
RESULT: {"using":"xpath","value":"//span[contains(text(), \"Euro\")]"}
COMMAND: POST /session/2fb6d640d7e56baf8781ddfc65543b63/element/f.CCF77AB910636C8B118410FB7AEDA09C.d.5AAD51D0A38ABEC59A338A5338D8251B.e.3672/click - {}
RESULT: {}
RESULT: {}
COMMAND: POST /session/2fb6d640d7e56baf8781ddfc65543b63/execute/async - {"script":"<script> [1562 bytes]","args":[{"selector":{"id":"application-managepartners-display-component---NewPartner--addressEditDetailsCostObjectCstType-arrow"},"wdio_ui5_key":"applicationmanagepartners-display-component---NewPartner--addressEditDetailsCostObjectCstType-arrow"}]}
COMMAND: GET /session/2fb6d640d7e56baf8781ddfc65543b63/screenshot - {}
RESULT: {"script":"<script> [1562 bytes]","args":[{"selector":{"id":"application-managepartners-display-component---NewPartner--addressEditDetailsCostObjectCstType-arrow"},"wdio_ui5_key":"applicationmanagepartners-display-component---NewPartner--addressEditDetailsCostObjectCstType-arrow"}]}
RESULT: undefined
COMMAND: POST /session/2fb6d640d7e56baf8781ddfc65543b63/element - {"using":"xpath","value":"//*[@id=\"application-managepartners-display-component---NewPartner--addressEditDetailsCostObjectCstType-arrow\"]"}
RESULT: {}
RESULT: {"using":"xpath","value":"//*[@id=\"application-managepartners-display-component---NewPartner--addressEditDetailsCostObjectCstType-arrow\"]"}
COMMAND: POST /session/2fb6d640d7e56baf8781ddfc65543b63/element/f.CCF77AB910636C8B118410FB7AEDA09C.d.5AAD51D0A38ABEC59A338A5338D8251B.e.3673/click - {}
RESULT: {}
COMMAND: POST /session/2fb6d640d7e56baf8781ddfc65543b63/element - {"using":"xpath","value":"//span[contains(text(), \"Cost Center\")]"}
COMMAND: GET /session/2fb6d640d7e56baf8781ddfc65543b63/screenshot - {}
RESULT: {"using":"xpath","value":"//span[contains(text(), \"Cost Center\")]"}
COMMAND: POST /session/2fb6d640d7e56baf8781ddfc65543b63/element/f.CCF77AB910636C8B118410FB7AEDA09C.d.5AAD51D0A38ABEC59A338A5338D8251B.e.3674/click - {}
RESULT: {}
RESULT: {}
COMMAND: GET /session/2fb6d640d7e56baf8781ddfc65543b63/screenshot - {}
RESULT: {}
COMMAND: POST /session/2fb6d640d7e56baf8781ddfc65543b63/element - {"using":"xpath","value":"//span[@id=\"application-managepartners-display-component---NewPartner--addressNewCostObjectCstID-vhi\"]"}
RESULT: {"using":"xpath","value":"//span[@id=\"application-managepartners-display-component---NewPartner--addressNewCostObjectCstID-vhi\"]"}
COMMAND: POST /session/2fb6d640d7e56baf8781ddfc65543b63/execute/sync - {"script":"<script> [8489 bytes]","args":[{"element-6066-11e4-a52e-4f735466cecf":"f.CCF77AB910636C8B118410FB7AEDA09C.d.5AAD51D0A38ABEC59A338A5338D8251B.e.3677","ELEMENT":"f.CCF77AB910636C8B118410FB7AEDA09C.d.5AAD51D0A38ABEC59A338A5338D8251B.e.3677"}]}
RESULT: {"script":"<script> [8489 bytes]","args":[{"element-6066-11e4-a52e-4f735466cecf":"f.CCF77AB910636C8B118410FB7AEDA09C.d.5AAD51D0A38ABEC59A338A5338D8251B.e.3677","ELEMENT":"f.CCF77AB910636C8B118410FB7AEDA09C.d.5AAD51D0A38ABEC59A338A5338D8251B.e.3677"}]}
COMMAND: POST /session/2fb6d640d7e56baf8781ddfc65543b63/execute/async - {"script":"<script> [1562 bytes]","args":[{"selector":{"id":"application-managepartners-display-component---NewPartner--addressNewCostObjectCstID-vhi"},"wdio_ui5_key":"applicationmanagepartners-display-component---NewPartner--addressNewCostObjectCstID-vhi"}]}
COMMAND: GET /session/2fb6d640d7e56baf8781ddfc65543b63/screenshot - {}
RESULT: {"script":"<script> [1562 bytes]","args":[{"selector":{"id":"application-managepartners-display-component---NewPartner--addressNewCostObjectCstID-vhi"},"wdio_ui5_key":"applicationmanagepartners-display-component---NewPartner--addressNewCostObjectCstID-vhi"}]}
RESULT: undefined
COMMAND: POST /session/2fb6d640d7e56baf8781ddfc65543b63/element - {"using":"xpath","value":"//*[@id=\"application-managepartners-display-component---NewPartner--addressNewCostObjectCstID-vhi\"]"}
RESULT: {}
RESULT: {"using":"xpath","value":"//*[@id=\"application-managepartners-display-component---NewPartner--addressNewCostObjectCstID-vhi\"]"}
COMMAND: POST /session/2fb6d640d7e56baf8781ddfc65543b63/element/f.CCF77AB910636C8B118410FB7AEDA09C.d.5AAD51D0A38ABEC59A338A5338D8251B.e.3677/click - {}
RESULT: {}
COMMAND: GET /session/2fb6d640d7e56baf8781ddfc65543b63/screenshot - {}
RESULT: {}
COMMAND: POST /session/2fb6d640d7e56baf8781ddfc65543b63/execute/async - {"script":"<script> [1562 bytes]","args":[{"selector":{"controlType":"sap.m.SearchField","properties":{"placeholder":"Search"},"searchOpenDialogs":true,"interaction":{"idSuffix":"I"}},"wdio_ui5_key":"sapm.SearchField{\"placeholder\":\"Search\"}"}]}
RESULT: {"script":"<script> [1562 bytes]","args":[{"selector":{"controlType":"sap.m.SearchField","properties":{"placeholder":"Search"},"searchOpenDialogs":true,"interaction":{"idSuffix":"I"}},"wdio_ui5_key":"sapm.SearchField{\"placeholder\":\"Search\"}"}]}
RESULT: undefined
COMMAND: POST /session/2fb6d640d7e56baf8781ddfc65543b63/execute/async - {"script":"<script> [776 bytes]","args":[{"enterText":"10001013","selector":{"controlType":"sap.m.SearchField","properties":{"placeholder":"Search"},"searchOpenDialogs":true,"interaction":{"idSuffix":"I"}},"clearTextFirst":true,"interactionType":"ENTER_TEXT"}]}
RESULT: {"script":"<script> [776 bytes]","args":[{"enterText":"10001013","selector":{"controlType":"sap.m.SearchField","properties":{"placeholder":"Search"},"searchOpenDialogs":true,"interaction":{"idSuffix":"I"}},"clearTextFirst":true,"interactionType":"ENTER_TEXT"}]}
COMMAND: POST /session/2fb6d640d7e56baf8781ddfc65543b63/actions - {"actions":[{"id":"action7","type":"key","parameters":{},"actions":[{"type":"keyDown","value":""},{"type":"pause","duration":10},{"type":"keyUp","value":""}]}]}
RESULT: {"actions":[{"id":"action7","type":"key","parameters":{},"actions":[{"type":"keyDown","value":""},{"type":"pause","duration":10},{"type":"keyUp","value":""}]}]}
COMMAND: GET /session/2fb6d640d7e56baf8781ddfc65543b63/screenshot - {}
RESULT: {}
COMMAND: POST /session/2fb6d640d7e56baf8781ddfc65543b63/element - {"using":"xpath","value":"//span[contains(text(), \"General Management\")]"}
RESULT: {"using":"xpath","value":"//span[contains(text(), \"General Management\")]"}
COMMAND: POST /session/2fb6d640d7e56baf8781ddfc65543b63/element/f.CCF77AB910636C8B118410FB7AEDA09C.d.5AAD51D0A38ABEC59A338A5338D8251B.e.3720/click - {}
RESULT: {}
COMMAND: GET /session/2fb6d640d7e56baf8781ddfc65543b63/screenshot - {}
RESULT: {}
COMMAND: POST /session/2fb6d640d7e56baf8781ddfc65543b63/element - {"using":"xpath","value":"//bdi[contains(text(), \"OK\")]"}
RESULT: {"using":"xpath","value":"//bdi[contains(text(), \"OK\")]"}
COMMAND: POST /session/2fb6d640d7e56baf8781ddfc65543b63/element/f.CCF77AB910636C8B118410FB7AEDA09C.d.5AAD51D0A38ABEC59A338A5338D8251B.e.3721/click - {}
RESULT: {}
COMMAND: GET /session/2fb6d640d7e56baf8781ddfc65543b63/screenshot - {}
RESULT: {}
COMMAND: POST /session/2fb6d640d7e56baf8781ddfc65543b63/element - {"using":"xpath","value":"//input[@id=\"application-managepartners-display-component---NewPartner--companyCodeComboBox-inner\"]"}
RESULT: {"using":"xpath","value":"//input[@id=\"application-managepartners-display-component---NewPartner--companyCodeComboBox-inner\"]"}
COMMAND: POST /session/2fb6d640d7e56baf8781ddfc65543b63/element/f.CCF77AB910636C8B118410FB7AEDA09C.d.5AAD51D0A38ABEC59A338A5338D8251B.e.3603/clear - {}
RESULT: {}
COMMAND: POST /session/2fb6d640d7e56baf8781ddfc65543b63/element/f.CCF77AB910636C8B118410FB7AEDA09C.d.5AAD51D0A38ABEC59A338A5338D8251B.e.3603/value - {"text":"C002"}
COMMAND: GET /session/2fb6d640d7e56baf8781ddfc65543b63/screenshot - {}
RESULT: {"text":"C002"}
COMMAND: GET /session/2fb6d640d7e56baf8781ddfc65543b63/screenshot - {}
RESULT: {}
RESULT: {}
COMMAND: POST /session/2fb6d640d7e56baf8781ddfc65543b63/element - {"using":"xpath","value":"//span[contains(text(), \"C002\")]"}
RESULT: {"using":"xpath","value":"//span[contains(text(), \"C002\")]"}
COMMAND: POST /session/2fb6d640d7e56baf8781ddfc65543b63/element/f.CCF77AB910636C8B118410FB7AEDA09C.d.5AAD51D0A38ABEC59A338A5338D8251B.e.3727/click - {}
RESULT: {}
COMMAND: GET /session/2fb6d640d7e56baf8781ddfc65543b63/screenshot - {}
RESULT: {}
COMMAND: POST /session/2fb6d640d7e56baf8781ddfc65543b63/execute/async - {"script":"<script> [1562 bytes]","args":[{"selector":{"id":"application-managepartners-display-component---NewPartner--btnAddTableRow-img"},"wdio_ui5_key":"applicationmanagepartners-display-component---NewPartner--btnAddTableRow-img"}]}
RESULT: {"script":"<script> [1562 bytes]","args":[{"selector":{"id":"application-managepartners-display-component---NewPartner--btnAddTableRow-img"},"wdio_ui5_key":"applicationmanagepartners-display-component---NewPartner--btnAddTableRow-img"}]}
RESULT: undefined
COMMAND: POST /session/2fb6d640d7e56baf8781ddfc65543b63/element - {"using":"xpath","value":"//*[@id=\"application-managepartners-display-component---NewPartner--btnAddTableRow-img\"]"}
RESULT: {"using":"xpath","value":"//*[@id=\"application-managepartners-display-component---NewPartner--btnAddTableRow-img\"]"}
COMMAND: POST /session/2fb6d640d7e56baf8781ddfc65543b63/element/f.CCF77AB910636C8B118410FB7AEDA09C.d.5AAD51D0A38ABEC59A338A5338D8251B.e.3728/click - {}
RESULT: {}
COMMAND: GET /session/2fb6d640d7e56baf8781ddfc65543b63/screenshot - {}
RESULT: {}
COMMAND: POST /session/2fb6d640d7e56baf8781ddfc65543b63/element - {"using":"xpath","value":"//input[@id=\"application-managepartners-display-component---NewPartner--assignmentYard-application-managepartners-display-component---NewPartner--assignmentsTable-0-inner\"]"}
RESULT: {"using":"xpath","value":"//input[@id=\"application-managepartners-display-component---NewPartner--assignmentYard-application-managepartners-display-component---NewPartner--assignmentsTable-0-inner\"]"}
COMMAND: POST /session/2fb6d640d7e56baf8781ddfc65543b63/element/f.CCF77AB910636C8B118410FB7AEDA09C.d.5AAD51D0A38ABEC59A338A5338D8251B.e.3731/clear - {}
RESULT: {}
COMMAND: POST /session/2fb6d640d7e56baf8781ddfc65543b63/element/f.CCF77AB910636C8B118410FB7AEDA09C.d.5AAD51D0A38ABEC59A338A5338D8251B.e.3731/value - {"text":"454"}
COMMAND: GET /session/2fb6d640d7e56baf8781ddfc65543b63/screenshot - {}
RESULT: {"text":"454"}
COMMAND: GET /session/2fb6d640d7e56baf8781ddfc65543b63/screenshot - {}
RESULT: {}
RESULT: {}
COMMAND: POST /session/2fb6d640d7e56baf8781ddfc65543b63/element - {"using":"xpath","value":"//li[.//span[text()='454']]"}
RESULT: {"using":"xpath","value":"//li[.//span[text()='454']]"}
COMMAND: POST /session/2fb6d640d7e56baf8781ddfc65543b63/element/f.CCF77AB910636C8B118410FB7AEDA09C.d.5AAD51D0A38ABEC59A338A5338D8251B.e.3740/click - {}
RESULT: {}
COMMAND: GET /session/2fb6d640d7e56baf8781ddfc65543b63/screenshot - {}
RESULT: {}
COMMAND: POST /session/2fb6d640d7e56baf8781ddfc65543b63/actions - {"actions":[{"id":"action8","type":"key","parameters":{},"actions":[{"type":"keyDown","value":""},{"type":"pause","duration":10},{"type":"keyUp","value":""}]}]}
RESULT: {"actions":[{"id":"action8","type":"key","parameters":{},"actions":[{"type":"keyDown","value":""},{"type":"pause","duration":10},{"type":"keyUp","value":""}]}]}
COMMAND: POST /session/2fb6d640d7e56baf8781ddfc65543b63/execute/async - {"script":"<script> [1562 bytes]","args":[{"selector":{"id":"application-managepartners-display-component---NewPartner--externalCustomerComboBox-application-managepartners-display-component---NewPartner--assignmentsTable-0-vhi"},"wdio_ui5_key":"applicationmanagepartners-display-component---NewPartner--externalCustomerComboBox-application-managepartners-display-component---NewPartner--assignmentsTable-0-vhi"}]}
COMMAND: GET /session/2fb6d640d7e56baf8781ddfc65543b63/screenshot - {}
RESULT: {"script":"<script> [1562 bytes]","args":[{"selector":{"id":"application-managepartners-display-component---NewPartner--externalCustomerComboBox-application-managepartners-display-component---NewPartner--assignmentsTable-0-vhi"},"wdio_ui5_key":"applicationmanagepartners-display-component---NewPartner--externalCustomerComboBox-application-managepartners-display-component---NewPartner--assignmentsTable-0-vhi"}]}
RESULT: undefined
COMMAND: POST /session/2fb6d640d7e56baf8781ddfc65543b63/element - {"using":"xpath","value":"//*[@id=\"application-managepartners-display-component---NewPartner--externalCustomerComboBox-application-managepartners-display-component---NewPartner--assignmentsTable-0-vhi\"]"}
RESULT: {}
RESULT: {"using":"xpath","value":"//*[@id=\"application-managepartners-display-component---NewPartner--externalCustomerComboBox-application-managepartners-display-component---NewPartner--assignmentsTable-0-vhi\"]"}
COMMAND: POST /session/2fb6d640d7e56baf8781ddfc65543b63/element/f.CCF77AB910636C8B118410FB7AEDA09C.d.5AAD51D0A38ABEC59A338A5338D8251B.e.3744/click - {}
RESULT: {}
RESULT: undefined
COMMAND: POST /session/2fb6d640d7e56baf8781ddfc65543b63/execute/async - {"script":"<script> [776 bytes]","args":[{"enterText":"300003","selector":{"controlType":"sap.m.SearchField","properties":{"placeholder":"Search"},"searchOpenDialogs":true,"interaction":{"idSuffix":"I"}},"clearTextFirst":true,"interactionType":"ENTER_TEXT"}]}
COMMAND: GET /session/2fb6d640d7e56baf8781ddfc65543b63/screenshot - {}
RESULT: {"script":"<script> [776 bytes]","args":[{"enterText":"300003","selector":{"controlType":"sap.m.SearchField","properties":{"placeholder":"Search"},"searchOpenDialogs":true,"interaction":{"idSuffix":"I"}},"clearTextFirst":true,"interactionType":"ENTER_TEXT"}]}
COMMAND: POST /session/2fb6d640d7e56baf8781ddfc65543b63/actions - {"actions":[{"id":"action9","type":"key","parameters":{},"actions":[{"type":"keyDown","value":""},{"type":"pause","duration":10},{"type":"keyUp","value":""}]}]}
RESULT: {}
RESULT: {"actions":[{"id":"action9","type":"key","parameters":{},"actions":[{"type":"keyDown","value":""},{"type":"pause","duration":10},{"type":"keyUp","value":""}]}]}
COMMAND: GET /session/2fb6d640d7e56baf8781ddfc65543b63/screenshot - {}
RESULT: {}
COMMAND: POST /session/2fb6d640d7e56baf8781ddfc65543b63/element - {"using":"xpath","value":"//span[contains(text(), \"300003\")]"}
RESULT: {"using":"xpath","value":"//span[contains(text(), \"300003\")]"}
COMMAND: POST /session/2fb6d640d7e56baf8781ddfc65543b63/element/f.CCF77AB910636C8B118410FB7AEDA09C.d.5AAD51D0A38ABEC59A338A5338D8251B.e.3763/click - {}
RESULT: {}
COMMAND: GET /session/2fb6d640d7e56baf8781ddfc65543b63/screenshot - {}
RESULT: {}
COMMAND: POST /session/2fb6d640d7e56baf8781ddfc65543b63/element - {"using":"xpath","value":"//bdi[contains(text(), \"OK\")]"}
RESULT: {"using":"xpath","value":"//bdi[contains(text(), \"OK\")]"}
COMMAND: POST /session/2fb6d640d7e56baf8781ddfc65543b63/element/f.CCF77AB910636C8B118410FB7AEDA09C.d.5AAD51D0A38ABEC59A338A5338D8251B.e.3765/click - {}
RESULT: {}
COMMAND: GET /session/2fb6d640d7e56baf8781ddfc65543b63/screenshot - {}
RESULT: {}
COMMAND: POST /session/2fb6d640d7e56baf8781ddfc65543b63/execute/async - {"script":"<script> [1562 bytes]","args":[{"selector":{"id":"application-managepartners-display-component---NewPartner--intercompVendorComboBox-application-managepartners-display-component---NewPartner--assignmentsTable-0-vhi"},"wdio_ui5_key":"applicationmanagepartners-display-component---NewPartner--intercompVendorComboBox-application-managepartners-display-component---NewPartner--assignmentsTable-0-vhi"}]}
RESULT: {"script":"<script> [1562 bytes]","args":[{"selector":{"id":"application-managepartners-display-component---NewPartner--intercompVendorComboBox-application-managepartners-display-component---NewPartner--assignmentsTable-0-vhi"},"wdio_ui5_key":"applicationmanagepartners-display-component---NewPartner--intercompVendorComboBox-application-managepartners-display-component---NewPartner--assignmentsTable-0-vhi"}]}
RESULT: undefined
COMMAND: POST /session/2fb6d640d7e56baf8781ddfc65543b63/element - {"using":"xpath","value":"//*[@id=\"application-managepartners-display-component---NewPartner--intercompVendorComboBox-application-managepartners-display-component---NewPartner--assignmentsTable-0-vhi\"]"}
RESULT: {"using":"xpath","value":"//*[@id=\"application-managepartners-display-component---NewPartner--intercompVendorComboBox-application-managepartners-display-component---NewPartner--assignmentsTable-0-vhi\"]"}
COMMAND: POST /session/2fb6d640d7e56baf8781ddfc65543b63/element/f.CCF77AB910636C8B118410FB7AEDA09C.d.5AAD51D0A38ABEC59A338A5338D8251B.e.3769/click - {}
RESULT: {}
RESULT: undefined
COMMAND: POST /session/2fb6d640d7e56baf8781ddfc65543b63/execute/async - {"script":"<script> [776 bytes]","args":[{"enterText":"100005","selector":{"controlType":"sap.m.SearchField","properties":{"placeholder":"Search"},"searchOpenDialogs":true,"interaction":{"idSuffix":"I"}},"clearTextFirst":true,"interactionType":"ENTER_TEXT"}]}
COMMAND: GET /session/2fb6d640d7e56baf8781ddfc65543b63/screenshot - {}
RESULT: {"script":"<script> [776 bytes]","args":[{"enterText":"100005","selector":{"controlType":"sap.m.SearchField","properties":{"placeholder":"Search"},"searchOpenDialogs":true,"interaction":{"idSuffix":"I"}},"clearTextFirst":true,"interactionType":"ENTER_TEXT"}]}
COMMAND: POST /session/2fb6d640d7e56baf8781ddfc65543b63/actions - {"actions":[{"id":"action10","type":"key","parameters":{},"actions":[{"type":"keyDown","value":""},{"type":"pause","duration":10},{"type":"keyUp","value":""}]}]}
RESULT: {}
RESULT: {"actions":[{"id":"action10","type":"key","parameters":{},"actions":[{"type":"keyDown","value":""},{"type":"pause","duration":10},{"type":"keyUp","value":""}]}]}
COMMAND: GET /session/2fb6d640d7e56baf8781ddfc65543b63/screenshot - {}
RESULT: {}
COMMAND: POST /session/2fb6d640d7e56baf8781ddfc65543b63/element - {"using":"xpath","value":"//span[contains(text(), \"Penguins - Field/12345 Berlin\")]"}
RESULT: {"using":"xpath","value":"//span[contains(text(), \"Penguins - Field/12345 Berlin\")]"}
COMMAND: POST /session/2fb6d640d7e56baf8781ddfc65543b63/element/f.CCF77AB910636C8B118410FB7AEDA09C.d.5AAD51D0A38ABEC59A338A5338D8251B.e.3787/click - {}
RESULT: {}
COMMAND: GET /session/2fb6d640d7e56baf8781ddfc65543b63/screenshot - {}
RESULT: {}
COMMAND: POST /session/2fb6d640d7e56baf8781ddfc65543b63/element - {"using":"xpath","value":"//bdi[contains(text(), \"OK\")]"}
RESULT: {"using":"xpath","value":"//bdi[contains(text(), \"OK\")]"}
COMMAND: POST /session/2fb6d640d7e56baf8781ddfc65543b63/element/f.CCF77AB910636C8B118410FB7AEDA09C.d.5AAD51D0A38ABEC59A338A5338D8251B.e.3788/click - {}
RESULT: {}
COMMAND: GET /session/2fb6d640d7e56baf8781ddfc65543b63/screenshot - {}
RESULT: {}
COMMAND: POST /session/2fb6d640d7e56baf8781ddfc65543b63/element - {"using":"xpath","value":"//button[@data-kt=\"saveButton\"]"}
RESULT: {"using":"xpath","value":"//button[@data-kt=\"saveButton\"]"}
COMMAND: POST /session/2fb6d640d7e56baf8781ddfc65543b63/element/f.CCF77AB910636C8B118410FB7AEDA09C.d.5AAD51D0A38ABEC59A338A5338D8251B.e.3629/click - {}
RESULT: {}
COMMAND: GET /session/2fb6d640d7e56baf8781ddfc65543b63/screenshot - {}
RESULT: {}
COMMAND: POST /session/2fb6d640d7e56baf8781ddfc65543b63/element - {"using":"xpath","value":"//header[contains(@id, 'ObjectPageLayout-headerTitle')]/div[1]/div[2]/div[2]/span[1]"}
RESULT: {"using":"xpath","value":"//header[contains(@id, 'ObjectPageLayout-headerTitle')]/div[1]/div[2]/div[2]/span[1]"}
COMMAND: POST /session/2fb6d640d7e56baf8781ddfc65543b63/elements - {"using":"xpath","value":"//header[contains(@id, 'ObjectPageLayout-headerTitle')]/div[1]/div[2]/div[2]/span[1]"}
RESULT: {"using":"xpath","value":"//header[contains(@id, 'ObjectPageLayout-headerTitle')]/div[1]/div[2]/div[2]/span[1]"}
COMMAND: POST /session/2fb6d640d7e56baf8781ddfc65543b63/execute/sync - {"script":"<script> [56 bytes]","args":[{"element-6066-11e4-a52e-4f735466cecf":"f.CCF77AB910636C8B118410FB7AEDA09C.d.5AAD51D0A38ABEC59A338A5338D8251B.e.3952","ELEMENT":"f.CCF77AB910636C8B118410FB7AEDA09C.d.5AAD51D0A38ABEC59A338A5338D8251B.e.3952"}]}
RESULT: {"script":"<script> [56 bytes]","args":[{"element-6066-11e4-a52e-4f735466cecf":"f.CCF77AB910636C8B118410FB7AEDA09C.d.5AAD51D0A38ABEC59A338A5338D8251B.e.3952","ELEMENT":"f.CCF77AB910636C8B118410FB7AEDA09C.d.5AAD51D0A38ABEC59A338A5338D8251B.e.3952"}]}
COMMAND: POST /session/2fb6d640d7e56baf8781ddfc65543b63/element - {"using":"css selector","value":"#shell-header-logo"}
COMMAND: GET /session/2fb6d640d7e56baf8781ddfc65543b63/screenshot - {}
RESULT: {"using":"css selector","value":"#shell-header-logo"}
COMMAND: POST /session/2fb6d640d7e56baf8781ddfc65543b63/element/f.CCF77AB910636C8B118410FB7AEDA09C.d.5AAD51D0A38ABEC59A338A5338D8251B.e.3174/click - {}
RESULT: {}
RESULT: {}
COMMAND: GET /session/2fb6d640d7e56baf8781ddfc65543b63/screenshot - {}
RESULT: {}
COMMAND: POST /session/2fb6d640d7e56baf8781ddfc65543b63/execute/sync - {"script":"<script> [299 bytes]","args":[["getModel","getResource"]]}
RESULT: {"script":"<script> [299 bytes]","args":[["getModel","getResource"]]}
RESULT: undefined
COMMAND: POST /session/2fb6d640d7e56baf8781ddfc65543b63/element - {"using":"xpath","value":"//*[@id=\"__tile30\"]"}
COMMAND: GET /session/2fb6d640d7e56baf8781ddfc65543b63/screenshot - {}
RESULT: {"using":"xpath","value":"//*[@id=\"__tile30\"]"}
COMMAND: POST /session/2fb6d640d7e56baf8781ddfc65543b63/element/f.CCF77AB910636C8B118410FB7AEDA09C.d.5AAD51D0A38ABEC59A338A5338D8251B.e.3094/click - {}
RESULT: {}
RESULT: {}
COMMAND: POST /session/2fb6d640d7e56baf8781ddfc65543b63/element - {"using":"xpath","value":"//button[@data-kt=\"addButton\"]"}
COMMAND: GET /session/2fb6d640d7e56baf8781ddfc65543b63/screenshot - {}
RESULT: {"using":"xpath","value":"//button[@data-kt=\"addButton\"]"}
COMMAND: POST /session/2fb6d640d7e56baf8781ddfc65543b63/elements - {"using":"xpath","value":"//button[@data-kt=\"addButton\"]"}
RESULT: {}
RESULT: {"using":"xpath","value":"//button[@data-kt=\"addButton\"]"}
COMMAND: POST /session/2fb6d640d7e56baf8781ddfc65543b63/elements - {"using":"xpath","value":"//button[@data-kt=\"addButton\"]"}
RESULT: {"using":"xpath","value":"//button[@data-kt=\"addButton\"]"}
COMMAND: POST /session/2fb6d640d7e56baf8781ddfc65543b63/elements - {"using":"xpath","value":"//button[@data-kt=\"addButton\"]"}
RESULT: {"using":"xpath","value":"//button[@data-kt=\"addButton\"]"}
COMMAND: POST /session/2fb6d640d7e56baf8781ddfc65543b63/elements - {"using":"xpath","value":"//button[@data-kt=\"addButton\"]"}
RESULT: {"using":"xpath","value":"//button[@data-kt=\"addButton\"]"}
COMMAND: POST /session/2fb6d640d7e56baf8781ddfc65543b63/elements - {"using":"xpath","value":"//button[@data-kt=\"addButton\"]"}
RESULT: {"using":"xpath","value":"//button[@data-kt=\"addButton\"]"}
COMMAND: POST /session/2fb6d640d7e56baf8781ddfc65543b63/elements - {"using":"xpath","value":"//button[@data-kt=\"addButton\"]"}
RESULT: {"using":"xpath","value":"//button[@data-kt=\"addButton\"]"}
COMMAND: POST /session/2fb6d640d7e56baf8781ddfc65543b63/elements - {"using":"xpath","value":"//button[@data-kt=\"addButton\"]"}
RESULT: {"using":"xpath","value":"//button[@data-kt=\"addButton\"]"}
COMMAND: POST /session/2fb6d640d7e56baf8781ddfc65543b63/elements - {"using":"xpath","value":"//button[@data-kt=\"addButton\"]"}
RESULT: {"using":"xpath","value":"//button[@data-kt=\"addButton\"]"}
COMMAND: POST /session/2fb6d640d7e56baf8781ddfc65543b63/elements - {"using":"xpath","value":"//button[@data-kt=\"addButton\"]"}
RESULT: {"using":"xpath","value":"//button[@data-kt=\"addButton\"]"}
COMMAND: POST /session/2fb6d640d7e56baf8781ddfc65543b63/elements - {"using":"xpath","value":"//button[@data-kt=\"addButton\"]"}
RESULT: {"using":"xpath","value":"//button[@data-kt=\"addButton\"]"}
COMMAND: POST /session/2fb6d640d7e56baf8781ddfc65543b63/elements - {"using":"xpath","value":"//button[@data-kt=\"addButton\"]"}
RESULT: {"using":"xpath","value":"//button[@data-kt=\"addButton\"]"}
COMMAND: POST /session/2fb6d640d7e56baf8781ddfc65543b63/elements - {"using":"xpath","value":"//button[@data-kt=\"addButton\"]"}
RESULT: {"using":"xpath","value":"//button[@data-kt=\"addButton\"]"}
COMMAND: POST /session/2fb6d640d7e56baf8781ddfc65543b63/elements - {"using":"xpath","value":"//button[@data-kt=\"addButton\"]"}
RESULT: {"using":"xpath","value":"//button[@data-kt=\"addButton\"]"}
COMMAND: POST /session/2fb6d640d7e56baf8781ddfc65543b63/element - {"using":"xpath","value":"//button[@data-kt=\"addButton\"]"}
RESULT: {"using":"xpath","value":"//button[@data-kt=\"addButton\"]"}
COMMAND: POST /session/2fb6d640d7e56baf8781ddfc65543b63/execute/sync - {"script":"<script> [8489 bytes]","args":[{"element-6066-11e4-a52e-4f735466cecf":"f.CCF77AB910636C8B118410FB7AEDA09C.d.5AAD51D0A38ABEC59A338A5338D8251B.e.3999","ELEMENT":"f.CCF77AB910636C8B118410FB7AEDA09C.d.5AAD51D0A38ABEC59A338A5338D8251B.e.3999"}]}
RESULT: {"script":"<script> [8489 bytes]","args":[{"element-6066-11e4-a52e-4f735466cecf":"f.CCF77AB910636C8B118410FB7AEDA09C.d.5AAD51D0A38ABEC59A338A5338D8251B.e.3999","ELEMENT":"f.CCF77AB910636C8B118410FB7AEDA09C.d.5AAD51D0A38ABEC59A338A5338D8251B.e.3999"}]}
COMMAND: GET /session/2fb6d640d7e56baf8781ddfc65543b63/element/f.CCF77AB910636C8B118410FB7AEDA09C.d.5AAD51D0A38ABEC59A338A5338D8251B.e.3999/enabled - {}
COMMAND: GET /session/2fb6d640d7e56baf8781ddfc65543b63/screenshot - {}
RESULT: {}
COMMAND: POST /session/2fb6d640d7e56baf8781ddfc65543b63/execute/sync - {"script":"<script> [8489 bytes]","args":[{"element-6066-11e4-a52e-4f735466cecf":"f.CCF77AB910636C8B118410FB7AEDA09C.d.5AAD51D0A38ABEC59A338A5338D8251B.e.3999","ELEMENT":"f.CCF77AB910636C8B118410FB7AEDA09C.d.5AAD51D0A38ABEC59A338A5338D8251B.e.3999"}]}
COMMAND: GET /session/2fb6d640d7e56baf8781ddfc65543b63/screenshot - {}
RESULT: {}
RESULT: {"script":"<script> [8489 bytes]","args":[{"element-6066-11e4-a52e-4f735466cecf":"f.CCF77AB910636C8B118410FB7AEDA09C.d.5AAD51D0A38ABEC59A338A5338D8251B.e.3999","ELEMENT":"f.CCF77AB910636C8B118410FB7AEDA09C.d.5AAD51D0A38ABEC59A338A5338D8251B.e.3999"}]}
COMMAND: POST /session/2fb6d640d7e56baf8781ddfc65543b63/execute/sync - {"script":"<script> [5351 bytes]","args":[{"element-6066-11e4-a52e-4f735466cecf":"f.CCF77AB910636C8B118410FB7AEDA09C.d.5AAD51D0A38ABEC59A338A5338D8251B.e.3999","ELEMENT":"f.CCF77AB910636C8B118410FB7AEDA09C.d.5AAD51D0A38ABEC59A338A5338D8251B.e.3999"}]}
COMMAND: GET /session/2fb6d640d7e56baf8781ddfc65543b63/screenshot - {}
RESULT: {}
RESULT: {"script":"<script> [5351 bytes]","args":[{"element-6066-11e4-a52e-4f735466cecf":"f.CCF77AB910636C8B118410FB7AEDA09C.d.5AAD51D0A38ABEC59A338A5338D8251B.e.3999","ELEMENT":"f.CCF77AB910636C8B118410FB7AEDA09C.d.5AAD51D0A38ABEC59A338A5338D8251B.e.3999"}]}
COMMAND: GET /session/2fb6d640d7e56baf8781ddfc65543b63/screenshot - {}
RESULT: {}
RESULT: {}
COMMAND: POST /session/2fb6d640d7e56baf8781ddfc65543b63/execute/async - {"script":"<script> [1562 bytes]","args":[{"selector":{"id":"application-managepartners-display-component---masterPtm--smartFilterBar-btnBasicSearch","interaction":{"idSuffix":"I"}},"wdio_ui5_key":"applicationmanagepartners-display-component---masterPtm--smartFilterBar-btnBasicSearch"}]}
RESULT: {"script":"<script> [1562 bytes]","args":[{"selector":{"id":"application-managepartners-display-component---masterPtm--smartFilterBar-btnBasicSearch","interaction":{"idSuffix":"I"}},"wdio_ui5_key":"applicationmanagepartners-display-component---masterPtm--smartFilterBar-btnBasicSearch"}]}
RESULT: undefined
COMMAND: POST /session/2fb6d640d7e56baf8781ddfc65543b63/execute/async - {"script":"<script> [776 bytes]","args":[{"enterText":"1317","selector":{"id":"application-managepartners-display-component---masterPtm--smartFilterBar-btnBasicSearch","interaction":{"idSuffix":"I"}},"clearTextFirst":true,"interactionType":"ENTER_TEXT"}]}
RESULT: {"script":"<script> [776 bytes]","args":[{"enterText":"1317","selector":{"id":"application-managepartners-display-component---masterPtm--smartFilterBar-btnBasicSearch","interaction":{"idSuffix":"I"}},"clearTextFirst":true,"interactionType":"ENTER_TEXT"}]}
COMMAND: POST /session/2fb6d640d7e56baf8781ddfc65543b63/actions - {"actions":[{"id":"action11","type":"key","parameters":{},"actions":[{"type":"keyDown","value":""},{"type":"pause","duration":10},{"type":"keyUp","value":""}]}]}
RESULT: {"actions":[{"id":"action11","type":"key","parameters":{},"actions":[{"type":"keyDown","value":""},{"type":"pause","duration":10},{"type":"keyUp","value":""}]}]}
COMMAND: GET /session/2fb6d640d7e56baf8781ddfc65543b63/screenshot - {}
RESULT: {}
COMMAND: POST /session/2fb6d640d7e56baf8781ddfc65543b63/elements - {"using":"xpath","value":"//table[contains(@id, \"customPartnersTable-listUl\")]/tbody/tr"}
RESULT: {"using":"xpath","value":"//table[contains(@id, \"customPartnersTable-listUl\")]/tbody/tr"}
COMMAND: POST /session/2fb6d640d7e56baf8781ddfc65543b63/element - {"using":"xpath","value":"//table[contains(@id, \"customPartnersTable-listUl\")]/tbody/tr[1]/td[3]/span"}
RESULT: {"using":"xpath","value":"//table[contains(@id, \"customPartnersTable-listUl\")]/tbody/tr[1]/td[3]/span"}
COMMAND: POST /session/2fb6d640d7e56baf8781ddfc65543b63/elements - {"using":"xpath","value":"//table[contains(@id, \"customPartnersTable-listUl\")]/tbody/tr[1]/td[3]/span"}
RESULT: {"using":"xpath","value":"//table[contains(@id, \"customPartnersTable-listUl\")]/tbody/tr[1]/td[3]/span"}
COMMAND: POST /session/2fb6d640d7e56baf8781ddfc65543b63/execute/sync - {"script":"<script> [56 bytes]","args":[{"element-6066-11e4-a52e-4f735466cecf":"f.CCF77AB910636C8B118410FB7AEDA09C.d.5AAD51D0A38ABEC59A338A5338D8251B.e.4135","ELEMENT":"f.CCF77AB910636C8B118410FB7AEDA09C.d.5AAD51D0A38ABEC59A338A5338D8251B.e.4135"}]}
RESULT: {"script":"<script> [56 bytes]","args":[{"element-6066-11e4-a52e-4f735466cecf":"f.CCF77AB910636C8B118410FB7AEDA09C.d.5AAD51D0A38ABEC59A338A5338D8251B.e.4135","ELEMENT":"f.CCF77AB910636C8B118410FB7AEDA09C.d.5AAD51D0A38ABEC59A338A5338D8251B.e.4135"}]}
COMMAND: POST /session/2fb6d640d7e56baf8781ddfc65543b63/element - {"using":"xpath","value":"(//span[contains(@id, \"imgNav\")])[1]"}
COMMAND: GET /session/2fb6d640d7e56baf8781ddfc65543b63/screenshot - {}
RESULT: {"using":"xpath","value":"(//span[contains(@id, \"imgNav\")])[1]"}
COMMAND: POST /session/2fb6d640d7e56baf8781ddfc65543b63/element/f.CCF77AB910636C8B118410FB7AEDA09C.d.5AAD51D0A38ABEC59A338A5338D8251B.e.4132/click - {}
RESULT: {}
RESULT: {}
COMMAND: GET /session/2fb6d640d7e56baf8781ddfc65543b63/screenshot - {}
RESULT: {}
COMMAND: POST /session/2fb6d640d7e56baf8781ddfc65543b63/element - {"using":"xpath","value":"//bdi[contains(text(), \"Edit\")]"}
RESULT: {"using":"xpath","value":"//bdi[contains(text(), \"Edit\")]"}
COMMAND: POST /session/2fb6d640d7e56baf8781ddfc65543b63/element/f.CCF77AB910636C8B118410FB7AEDA09C.d.5AAD51D0A38ABEC59A338A5338D8251B.e.4281/click - {}
RESULT: {}
COMMAND: GET /session/2fb6d640d7e56baf8781ddfc65543b63/screenshot - {}
RESULT: {}
COMMAND: POST /session/2fb6d640d7e56baf8781ddfc65543b63/execute/async - {"script":"<script> [1562 bytes]","args":[{"selector":{"controlType":"sap.m.Input","viewName":"etm.portal.ui.managepartners.view.EditDetail","labelFor":{"text":"Name"},"interaction":{"idSuffix":"inner"}},"wdio_ui5_key":"etmportal.ui.managepartners.view.EditDetailsap.m.Input{\"text\":\"Name\"}"}]}
RESULT: {"script":"<script> [1562 bytes]","args":[{"selector":{"controlType":"sap.m.Input","viewName":"etm.portal.ui.managepartners.view.EditDetail","labelFor":{"text":"Name"},"interaction":{"idSuffix":"inner"}},"wdio_ui5_key":"etmportal.ui.managepartners.view.EditDetailsap.m.Input{\"text\":\"Name\"}"}]}
RESULT: undefined
COMMAND: POST /session/2fb6d640d7e56baf8781ddfc65543b63/execute/async - {"script":"<script> [776 bytes]","args":[{"enterText":"Intercompany EDIT","selector":{"controlType":"sap.m.Input","viewName":"etm.portal.ui.managepartners.view.EditDetail","labelFor":{"text":"Name"},"interaction":{"idSuffix":"inner"}},"clearTextFirst":true,"interactionType":"ENTER_TEXT"}]}
RESULT: {"script":"<script> [776 bytes]","args":[{"enterText":"Intercompany EDIT","selector":{"controlType":"sap.m.Input","viewName":"etm.portal.ui.managepartners.view.EditDetail","labelFor":{"text":"Name"},"interaction":{"idSuffix":"inner"}},"clearTextFirst":true,"interactionType":"ENTER_TEXT"}]}
COMMAND: POST /session/2fb6d640d7e56baf8781ddfc65543b63/element - {"using":"xpath","value":"(//span[contains(@id,\"addressDetailDetailsLanguage-arrow\")])[1]"}
RESULT: {"using":"xpath","value":"(//span[contains(@id,\"addressDetailDetailsLanguage-arrow\")])[1]"}
COMMAND: POST /session/2fb6d640d7e56baf8781ddfc65543b63/element/f.CCF77AB910636C8B118410FB7AEDA09C.d.5AAD51D0A38ABEC59A338A5338D8251B.e.4364/click - {}
RESULT: {}
COMMAND: POST /session/2fb6d640d7e56baf8781ddfc65543b63/element - {"using":"xpath","value":"//span[contains(text(), \"Chinese\")]"}
COMMAND: GET /session/2fb6d640d7e56baf8781ddfc65543b63/screenshot - {}
RESULT: {"using":"xpath","value":"//span[contains(text(), \"Chinese\")]"}
COMMAND: POST /session/2fb6d640d7e56baf8781ddfc65543b63/element/f.CCF77AB910636C8B118410FB7AEDA09C.d.5AAD51D0A38ABEC59A338A5338D8251B.e.4365/click - {}
RESULT: {}
RESULT: {}
COMMAND: GET /session/2fb6d640d7e56baf8781ddfc65543b63/screenshot - {}
RESULT: {}
COMMAND: POST /session/2fb6d640d7e56baf8781ddfc65543b63/execute/async - {"script":"<script> [1562 bytes]","args":[{"selector":{"controlType":"sap.m.Input","viewName":"etm.portal.ui.managepartners.view.EditDetail","labelFor":{"text":"City"},"interaction":{"idSuffix":"inner"}},"wdio_ui5_key":"etmportal.ui.managepartners.view.EditDetailsap.m.Input{\"text\":\"City\"}"}]}
RESULT: {"script":"<script> [1562 bytes]","args":[{"selector":{"controlType":"sap.m.Input","viewName":"etm.portal.ui.managepartners.view.EditDetail","labelFor":{"text":"City"},"interaction":{"idSuffix":"inner"}},"wdio_ui5_key":"etmportal.ui.managepartners.view.EditDetailsap.m.Input{\"text\":\"City\"}"}]}
RESULT: undefined
COMMAND: POST /session/2fb6d640d7e56baf8781ddfc65543b63/execute/async - {"script":"<script> [776 bytes]","args":[{"enterText":"Clooj-Napoca","selector":{"controlType":"sap.m.Input","viewName":"etm.portal.ui.managepartners.view.EditDetail","labelFor":{"text":"City"},"interaction":{"idSuffix":"inner"}},"clearTextFirst":true,"interactionType":"ENTER_TEXT"}]}
RESULT: {"script":"<script> [776 bytes]","args":[{"enterText":"Clooj-Napoca","selector":{"controlType":"sap.m.Input","viewName":"etm.portal.ui.managepartners.view.EditDetail","labelFor":{"text":"City"},"interaction":{"idSuffix":"inner"}},"clearTextFirst":true,"interactionType":"ENTER_TEXT"}]}
COMMAND: POST /session/2fb6d640d7e56baf8781ddfc65543b63/element - {"using":"xpath","value":"//button[@data-kt=\"saveButton\"]"}
RESULT: {"using":"xpath","value":"//button[@data-kt=\"saveButton\"]"}
COMMAND: POST /session/2fb6d640d7e56baf8781ddfc65543b63/element/f.CCF77AB910636C8B118410FB7AEDA09C.d.5AAD51D0A38ABEC59A338A5338D8251B.e.4343/click - {}
RESULT: {}
COMMAND: GET /session/2fb6d640d7e56baf8781ddfc65543b63/screenshot - {}
RESULT: {}
COMMAND: POST /session/2fb6d640d7e56baf8781ddfc65543b63/execute/async - {"script":"<script> [1562 bytes]","args":[{"selector":{"id":"application-managepartners-display-component---detailPtm--addressDetailDetailsName1"},"wdio_ui5_key":"applicationmanagepartners-display-component---detailPtm--addressDetailDetailsName1"}]}
RESULT: {"script":"<script> [1562 bytes]","args":[{"selector":{"id":"application-managepartners-display-component---detailPtm--addressDetailDetailsName1"},"wdio_ui5_key":"applicationmanagepartners-display-component---detailPtm--addressDetailDetailsName1"}]}
RESULT: undefined
COMMAND: POST /session/2fb6d640d7e56baf8781ddfc65543b63/execute/async - {"script":"<script> [6424 bytes]","args":[{"element-6066-11e4-a52e-4f735466cecf":"f.CCF77AB910636C8B118410FB7AEDA09C.d.5AAD51D0A38ABEC59A338A5338D8251B.e.4396"},"getValue",[]]}
RESULT: {"script":"<script> [6424 bytes]","args":[{"element-6066-11e4-a52e-4f735466cecf":"f.CCF77AB910636C8B118410FB7AEDA09C.d.5AAD51D0A38ABEC59A338A5338D8251B.e.4396"},"getValue",[]]}
COMMAND: POST /session/2fb6d640d7e56baf8781ddfc65543b63/element - {"using":"xpath","value":"//input[@id = \"application-managepartners-display-component---detailPtm--addressDetailDetailsLanguage-inner\"]"}
RESULT: {"using":"xpath","value":"//input[@id = \"application-managepartners-display-component---detailPtm--addressDetailDetailsLanguage-inner\"]"}
COMMAND: GET /session/2fb6d640d7e56baf8781ddfc65543b63/element/f.CCF77AB910636C8B118410FB7AEDA09C.d.5AAD51D0A38ABEC59A338A5338D8251B.e.4397/property/value - {}
RESULT: {}
COMMAND: POST /session/2fb6d640d7e56baf8781ddfc65543b63/execute/async - {"script":"<script> [1562 bytes]","args":[{"selector":{"id":"application-managepartners-display-component---detailPtm--addressDetailDetailsCity1"},"wdio_ui5_key":"applicationmanagepartners-display-component---detailPtm--addressDetailDetailsCity1"}]}
COMMAND: GET /session/2fb6d640d7e56baf8781ddfc65543b63/screenshot - {}
RESULT: {"script":"<script> [1562 bytes]","args":[{"selector":{"id":"application-managepartners-display-component---detailPtm--addressDetailDetailsCity1"},"wdio_ui5_key":"applicationmanagepartners-display-component---detailPtm--addressDetailDetailsCity1"}]}
RESULT: undefined
COMMAND: POST /session/2fb6d640d7e56baf8781ddfc65543b63/execute/async - {"script":"<script> [6424 bytes]","args":[{"element-6066-11e4-a52e-4f735466cecf":"f.CCF77AB910636C8B118410FB7AEDA09C.d.5AAD51D0A38ABEC59A338A5338D8251B.e.4398"},"getValue",[]]}
RESULT: {}
RESULT: {"script":"<script> [6424 bytes]","args":[{"element-6066-11e4-a52e-4f735466cecf":"f.CCF77AB910636C8B118410FB7AEDA09C.d.5AAD51D0A38ABEC59A338A5338D8251B.e.4398"},"getValue",[]]}
COMMAND: POST /session/2fb6d640d7e56baf8781ddfc65543b63/element - {"using":"css selector","value":"#shell-header-logo"}
RESULT: {"using":"css selector","value":"#shell-header-logo"}
COMMAND: POST /session/2fb6d640d7e56baf8781ddfc65543b63/element/f.CCF77AB910636C8B118410FB7AEDA09C.d.5AAD51D0A38ABEC59A338A5338D8251B.e.3955/click - {}
RESULT: {}
COMMAND: GET /session/2fb6d640d7e56baf8781ddfc65543b63/screenshot - {}
RESULT: {}
]]></system-out>
    </testcase>
    <testcase classname="chrome.135_0_7049_42.windows.Partner_specific_tests_US150819_US151080_US151654_US151176_US103444_US151078_US151079_US151109_US151174_US151175_US151189" name="Should create a new intracompany partner edit some of its fields US151079" time="238.72">
      <system-out><![CDATA[
COMMAND: POST /session/2fb6d640d7e56baf8781ddfc65543b63/element - {"using":"xpath","value":"//li[.//span[text()=\"Manage Partners\"]]"}
RESULT: {"using":"xpath","value":"//li[.//span[text()=\"Manage Partners\"]]"}
COMMAND: POST /session/2fb6d640d7e56baf8781ddfc65543b63/element - {"using":"xpath","value":"//li[.//span[text()=\"Manage Partners\"]]"}
RESULT: {"using":"xpath","value":"//li[.//span[text()=\"Manage Partners\"]]"}
COMMAND: POST /session/2fb6d640d7e56baf8781ddfc65543b63/element - {"using":"css selector","value":"#shell-header-logo"}
RESULT: {"using":"css selector","value":"#shell-header-logo"}
COMMAND: POST /session/2fb6d640d7e56baf8781ddfc65543b63/element/f.CCF77AB910636C8B118410FB7AEDA09C.d.5AAD51D0A38ABEC59A338A5338D8251B.e.4428/click - {}
COMMAND: POST /session/2fb6d640d7e56baf8781ddfc65543b63/execute/sync - {"script":"<script> [8489 bytes]","args":[{"element-6066-11e4-a52e-4f735466cecf":"f.CCF77AB910636C8B118410FB7AEDA09C.d.5AAD51D0A38ABEC59A338A5338D8251B.e.4428","ELEMENT":"f.CCF77AB910636C8B118410FB7AEDA09C.d.5AAD51D0A38ABEC59A338A5338D8251B.e.4428"}]}
RESULT: {}
COMMAND: GET /session/2fb6d640d7e56baf8781ddfc65543b63/screenshot - {}
RESULT: {"script":"<script> [8489 bytes]","args":[{"element-6066-11e4-a52e-4f735466cecf":"f.CCF77AB910636C8B118410FB7AEDA09C.d.5AAD51D0A38ABEC59A338A5338D8251B.e.4428","ELEMENT":"f.CCF77AB910636C8B118410FB7AEDA09C.d.5AAD51D0A38ABEC59A338A5338D8251B.e.4428"}]}
COMMAND: POST /session/2fb6d640d7e56baf8781ddfc65543b63/execute/sync - {"script":"<script> [5351 bytes]","args":[{"element-6066-11e4-a52e-4f735466cecf":"f.CCF77AB910636C8B118410FB7AEDA09C.d.5AAD51D0A38ABEC59A338A5338D8251B.e.4428","ELEMENT":"f.CCF77AB910636C8B118410FB7AEDA09C.d.5AAD51D0A38ABEC59A338A5338D8251B.e.4428"}]}
COMMAND: GET /session/2fb6d640d7e56baf8781ddfc65543b63/screenshot - {}
RESULT: {}
RESULT: {"script":"<script> [5351 bytes]","args":[{"element-6066-11e4-a52e-4f735466cecf":"f.CCF77AB910636C8B118410FB7AEDA09C.d.5AAD51D0A38ABEC59A338A5338D8251B.e.4428","ELEMENT":"f.CCF77AB910636C8B118410FB7AEDA09C.d.5AAD51D0A38ABEC59A338A5338D8251B.e.4428"}]}
COMMAND: GET /session/2fb6d640d7e56baf8781ddfc65543b63/screenshot - {}
RESULT: {}
RESULT: {}
COMMAND: POST /session/2fb6d640d7e56baf8781ddfc65543b63/refresh - {}
RESULT: {}
COMMAND: GET /session/2fb6d640d7e56baf8781ddfc65543b63/screenshot - {}
RESULT: {}
COMMAND: POST /session/2fb6d640d7e56baf8781ddfc65543b63/refresh - {}
RESULT: {}
COMMAND: GET /session/2fb6d640d7e56baf8781ddfc65543b63/screenshot - {}
RESULT: {}
COMMAND: POST /session/2fb6d640d7e56baf8781ddfc65543b63/execute/async - {"script":"<script> [189 bytes]","args":[]}
RESULT: {"script":"<script> [189 bytes]","args":[]}
COMMAND: POST /session/2fb6d640d7e56baf8781ddfc65543b63/execute/async - {"script":"<script> [123 bytes]","args":[]}
RESULT: {"script":"<script> [123 bytes]","args":[]}
COMMAND: POST /session/2fb6d640d7e56baf8781ddfc65543b63/timeouts - {"script":"<number>"}
RESULT: {"script":"<number>"}
COMMAND: GET /session/2fb6d640d7e56baf8781ddfc65543b63/timeouts - {}
RESULT: {}
RESULT: undefined
COMMAND: POST /session/2fb6d640d7e56baf8781ddfc65543b63/execute/async - {"script":"<script> [2676 bytes]","args":[]}
RESULT: {"script":"<script> [2676 bytes]","args":[]}
COMMAND: POST /session/2fb6d640d7e56baf8781ddfc65543b63/execute/async - {"script":"<script> [2342 bytes]","args":[{"protocol":"http","hostname":"0.0.0.0","path":"/","capabilities":{"browserName":"chrome","goog:chromeOptions":{"binary":"C:\\Program Files\\Google\\Chrome\\Application\\chrome.exe","args":["--start-maximized"]}},"logLevel":"warn","connectionRetryTimeout":120000,"connectionRetryCount":3,"logLevels":{},"enableDirectConnect":true,"strictSSL":true,"_":"65 more keys: [\"cacheDir\",\"port\",\"requestedCapabilities\",\"automationProtocol\",\"baseUrl\",\"waitforInterval\",\"waitforTimeout\",\"onReload\",\"beforeCommand\",\"afterCommand\",\"rootDir\",\"specs\",\"suites\",\"exclude\",\"groupLogsByTestSpec\",\"excludeDriverLogs\",\"bail\",\"framework\",\"reporters\",\"services\",\"maxInstances\",\"maxInstancesPerCapability\",\"injectGlobals\",\"filesToWatch\",\"execArgv\",\"runnerEnv\",\"runner\",\"shard\",\"specFileRetries\",\"specFileRetriesDelay\",\"specFileRetriesDeferred\",\"reporterSyncInterval\",\"reporterSyncTimeout\",\"cucumberFeaturesWithLineNumbers\",\"autoCompileOpts\",\"mochaOpts\",\"jasmineOpts\",\"cucumberOpts\",\"onPrepare\",\"onWorkerStart\",\"onWorkerEnd\",\"before\",\"beforeSession\",\"beforeSuite\",\"beforeHook\",\"beforeTest\",\"afterTest\",\"afterHook\",\"afterSuite\",\"afterSession\",\"after\",\"onComplete\",\"beforeAssertion\",\"afterAssertion\",\"beforeFeature\",\"beforeScenario\",\"beforeStep\",\"afterStep\",\"afterScenario\",\"afterFeature\",\"_\",\"suite\",\"$0\",\"ignoredWorkerServices\",\"wdi5\"]"}]}
RESULT: {"script":"<script> [2342 bytes]","args":[{"protocol":"http","hostname":"0.0.0.0","path":"/","capabilities":{"browserName":"chrome","goog:chromeOptions":{"binary":"C:\\Program Files\\Google\\Chrome\\Application\\chrome.exe","args":["--start-maximized"]}},"logLevel":"warn","connectionRetryTimeout":120000,"connectionRetryCount":3,"logLevels":{},"enableDirectConnect":true,"strictSSL":true,"_":"65 more keys: [\"cacheDir\",\"port\",\"requestedCapabilities\",\"automationProtocol\",\"baseUrl\",\"waitforInterval\",\"waitforTimeout\",\"onReload\",\"beforeCommand\",\"afterCommand\",\"rootDir\",\"specs\",\"suites\",\"exclude\",\"groupLogsByTestSpec\",\"excludeDriverLogs\",\"bail\",\"framework\",\"reporters\",\"services\",\"maxInstances\",\"maxInstancesPerCapability\",\"injectGlobals\",\"filesToWatch\",\"execArgv\",\"runnerEnv\",\"runner\",\"shard\",\"specFileRetries\",\"specFileRetriesDelay\",\"specFileRetriesDeferred\",\"reporterSyncInterval\",\"reporterSyncTimeout\",\"cucumberFeaturesWithLineNumbers\",\"autoCompileOpts\",\"mochaOpts\",\"jasmineOpts\",\"cucumberOpts\",\"onPrepare\",\"onWorkerStart\",\"onWorkerEnd\",\"before\",\"beforeSession\",\"beforeSuite\",\"beforeHook\",\"beforeTest\",\"afterTest\",\"afterHook\",\"afterSuite\",\"afterSession\",\"after\",\"onComplete\",\"beforeAssertion\",\"afterAssertion\",\"beforeFeature\",\"beforeScenario\",\"beforeStep\",\"afterStep\",\"afterScenario\",\"afterFeature\",\"_\",\"suite\",\"$0\",\"ignoredWorkerServices\",\"wdi5\"]"}]}
COMMAND: POST /session/2fb6d640d7e56baf8781ddfc65543b63/execute/async - {"script":"<script> [21126 bytes]","args":[35000]}
RESULT: {"script":"<script> [21126 bytes]","args":[35000]}
COMMAND: POST /session/2fb6d640d7e56baf8781ddfc65543b63/window/fullscreen - {}
RESULT: {}
COMMAND: POST /session/2fb6d640d7e56baf8781ddfc65543b63/window/fullscreen - {}
RESULT: {}
COMMAND: POST /session/2fb6d640d7e56baf8781ddfc65543b63/execute/async - {"script":"<script> [1562 bytes]","args":[{"selector":{"controlType":"sap.m.GenericTile","properties":{"header":"Manage Partners"}},"wdio_ui5_key":"sapm.GenericTile{\"header\":\"Manage Partners\"}"}]}
RESULT: {"script":"<script> [1562 bytes]","args":[{"selector":{"controlType":"sap.m.GenericTile","properties":{"header":"Manage Partners"}},"wdio_ui5_key":"sapm.GenericTile{\"header\":\"Manage Partners\"}"}]}
RESULT: undefined
COMMAND: POST /session/2fb6d640d7e56baf8781ddfc65543b63/element - {"using":"xpath","value":"//*[@id=\"__tile30\"]"}
RESULT: {"using":"xpath","value":"//*[@id=\"__tile30\"]"}
COMMAND: POST /session/2fb6d640d7e56baf8781ddfc65543b63/element/f.CCF77AB910636C8B118410FB7AEDA09C.d.A96CB39554E9C83B1781C63DAA0155F1.e.4496/click - {}
RESULT: {}
COMMAND: POST /session/2fb6d640d7e56baf8781ddfc65543b63/element - {"using":"xpath","value":"//button[@data-kt=\"addButton\"]"}
COMMAND: GET /session/2fb6d640d7e56baf8781ddfc65543b63/screenshot - {}
RESULT: {"using":"xpath","value":"//button[@data-kt=\"addButton\"]"}
COMMAND: POST /session/2fb6d640d7e56baf8781ddfc65543b63/elements - {"using":"xpath","value":"//button[@data-kt=\"addButton\"]"}
RESULT: {}
RESULT: {"using":"xpath","value":"//button[@data-kt=\"addButton\"]"}
COMMAND: POST /session/2fb6d640d7e56baf8781ddfc65543b63/elements - {"using":"xpath","value":"//button[@data-kt=\"addButton\"]"}
RESULT: {"using":"xpath","value":"//button[@data-kt=\"addButton\"]"}
COMMAND: POST /session/2fb6d640d7e56baf8781ddfc65543b63/elements - {"using":"xpath","value":"//button[@data-kt=\"addButton\"]"}
RESULT: {"using":"xpath","value":"//button[@data-kt=\"addButton\"]"}
COMMAND: POST /session/2fb6d640d7e56baf8781ddfc65543b63/elements - {"using":"xpath","value":"//button[@data-kt=\"addButton\"]"}
RESULT: {"using":"xpath","value":"//button[@data-kt=\"addButton\"]"}
COMMAND: POST /session/2fb6d640d7e56baf8781ddfc65543b63/elements - {"using":"xpath","value":"//button[@data-kt=\"addButton\"]"}
RESULT: {"using":"xpath","value":"//button[@data-kt=\"addButton\"]"}
COMMAND: POST /session/2fb6d640d7e56baf8781ddfc65543b63/elements - {"using":"xpath","value":"//button[@data-kt=\"addButton\"]"}
RESULT: {"using":"xpath","value":"//button[@data-kt=\"addButton\"]"}
COMMAND: POST /session/2fb6d640d7e56baf8781ddfc65543b63/elements - {"using":"xpath","value":"//button[@data-kt=\"addButton\"]"}
RESULT: {"using":"xpath","value":"//button[@data-kt=\"addButton\"]"}
COMMAND: POST /session/2fb6d640d7e56baf8781ddfc65543b63/elements - {"using":"xpath","value":"//button[@data-kt=\"addButton\"]"}
RESULT: {"using":"xpath","value":"//button[@data-kt=\"addButton\"]"}
COMMAND: POST /session/2fb6d640d7e56baf8781ddfc65543b63/elements - {"using":"xpath","value":"//button[@data-kt=\"addButton\"]"}
RESULT: {"using":"xpath","value":"//button[@data-kt=\"addButton\"]"}
COMMAND: POST /session/2fb6d640d7e56baf8781ddfc65543b63/elements - {"using":"xpath","value":"//button[@data-kt=\"addButton\"]"}
RESULT: {"using":"xpath","value":"//button[@data-kt=\"addButton\"]"}
COMMAND: POST /session/2fb6d640d7e56baf8781ddfc65543b63/elements - {"using":"xpath","value":"//button[@data-kt=\"addButton\"]"}
RESULT: {"using":"xpath","value":"//button[@data-kt=\"addButton\"]"}
COMMAND: POST /session/2fb6d640d7e56baf8781ddfc65543b63/elements - {"using":"xpath","value":"//button[@data-kt=\"addButton\"]"}
RESULT: {"using":"xpath","value":"//button[@data-kt=\"addButton\"]"}
COMMAND: POST /session/2fb6d640d7e56baf8781ddfc65543b63/elements - {"using":"xpath","value":"//button[@data-kt=\"addButton\"]"}
RESULT: {"using":"xpath","value":"//button[@data-kt=\"addButton\"]"}
COMMAND: POST /session/2fb6d640d7e56baf8781ddfc65543b63/elements - {"using":"xpath","value":"//button[@data-kt=\"addButton\"]"}
RESULT: {"using":"xpath","value":"//button[@data-kt=\"addButton\"]"}
COMMAND: POST /session/2fb6d640d7e56baf8781ddfc65543b63/elements - {"using":"xpath","value":"//button[@data-kt=\"addButton\"]"}
RESULT: {"using":"xpath","value":"//button[@data-kt=\"addButton\"]"}
COMMAND: POST /session/2fb6d640d7e56baf8781ddfc65543b63/elements - {"using":"xpath","value":"//button[@data-kt=\"addButton\"]"}
RESULT: {"using":"xpath","value":"//button[@data-kt=\"addButton\"]"}
COMMAND: POST /session/2fb6d640d7e56baf8781ddfc65543b63/elements - {"using":"xpath","value":"//button[@data-kt=\"addButton\"]"}
RESULT: {"using":"xpath","value":"//button[@data-kt=\"addButton\"]"}
COMMAND: POST /session/2fb6d640d7e56baf8781ddfc65543b63/elements - {"using":"xpath","value":"//button[@data-kt=\"addButton\"]"}
RESULT: {"using":"xpath","value":"//button[@data-kt=\"addButton\"]"}
COMMAND: POST /session/2fb6d640d7e56baf8781ddfc65543b63/elements - {"using":"xpath","value":"//button[@data-kt=\"addButton\"]"}
RESULT: {"using":"xpath","value":"//button[@data-kt=\"addButton\"]"}
COMMAND: POST /session/2fb6d640d7e56baf8781ddfc65543b63/elements - {"using":"xpath","value":"//button[@data-kt=\"addButton\"]"}
RESULT: {"using":"xpath","value":"//button[@data-kt=\"addButton\"]"}
COMMAND: POST /session/2fb6d640d7e56baf8781ddfc65543b63/elements - {"using":"xpath","value":"//button[@data-kt=\"addButton\"]"}
RESULT: {"using":"xpath","value":"//button[@data-kt=\"addButton\"]"}
COMMAND: POST /session/2fb6d640d7e56baf8781ddfc65543b63/elements - {"using":"xpath","value":"//button[@data-kt=\"addButton\"]"}
RESULT: {"using":"xpath","value":"//button[@data-kt=\"addButton\"]"}
COMMAND: POST /session/2fb6d640d7e56baf8781ddfc65543b63/elements - {"using":"xpath","value":"//button[@data-kt=\"addButton\"]"}
RESULT: {"using":"xpath","value":"//button[@data-kt=\"addButton\"]"}
COMMAND: POST /session/2fb6d640d7e56baf8781ddfc65543b63/elements - {"using":"xpath","value":"//button[@data-kt=\"addButton\"]"}
RESULT: {"using":"xpath","value":"//button[@data-kt=\"addButton\"]"}
COMMAND: POST /session/2fb6d640d7e56baf8781ddfc65543b63/element - {"using":"xpath","value":"//button[@data-kt=\"addButton\"]"}
RESULT: {"using":"xpath","value":"//button[@data-kt=\"addButton\"]"}
COMMAND: POST /session/2fb6d640d7e56baf8781ddfc65543b63/execute/sync - {"script":"<script> [8489 bytes]","args":[{"element-6066-11e4-a52e-4f735466cecf":"f.CCF77AB910636C8B118410FB7AEDA09C.d.A96CB39554E9C83B1781C63DAA0155F1.e.4611","ELEMENT":"f.CCF77AB910636C8B118410FB7AEDA09C.d.A96CB39554E9C83B1781C63DAA0155F1.e.4611"}]}
RESULT: {"script":"<script> [8489 bytes]","args":[{"element-6066-11e4-a52e-4f735466cecf":"f.CCF77AB910636C8B118410FB7AEDA09C.d.A96CB39554E9C83B1781C63DAA0155F1.e.4611","ELEMENT":"f.CCF77AB910636C8B118410FB7AEDA09C.d.A96CB39554E9C83B1781C63DAA0155F1.e.4611"}]}
COMMAND: GET /session/2fb6d640d7e56baf8781ddfc65543b63/element/f.CCF77AB910636C8B118410FB7AEDA09C.d.A96CB39554E9C83B1781C63DAA0155F1.e.4611/enabled - {}
COMMAND: GET /session/2fb6d640d7e56baf8781ddfc65543b63/screenshot - {}
RESULT: {}
COMMAND: POST /session/2fb6d640d7e56baf8781ddfc65543b63/execute/sync - {"script":"<script> [8489 bytes]","args":[{"element-6066-11e4-a52e-4f735466cecf":"f.CCF77AB910636C8B118410FB7AEDA09C.d.A96CB39554E9C83B1781C63DAA0155F1.e.4611","ELEMENT":"f.CCF77AB910636C8B118410FB7AEDA09C.d.A96CB39554E9C83B1781C63DAA0155F1.e.4611"}]}
COMMAND: GET /session/2fb6d640d7e56baf8781ddfc65543b63/screenshot - {}
RESULT: {}
RESULT: {"script":"<script> [8489 bytes]","args":[{"element-6066-11e4-a52e-4f735466cecf":"f.CCF77AB910636C8B118410FB7AEDA09C.d.A96CB39554E9C83B1781C63DAA0155F1.e.4611","ELEMENT":"f.CCF77AB910636C8B118410FB7AEDA09C.d.A96CB39554E9C83B1781C63DAA0155F1.e.4611"}]}
COMMAND: POST /session/2fb6d640d7e56baf8781ddfc65543b63/execute/sync - {"script":"<script> [5351 bytes]","args":[{"element-6066-11e4-a52e-4f735466cecf":"f.CCF77AB910636C8B118410FB7AEDA09C.d.A96CB39554E9C83B1781C63DAA0155F1.e.4611","ELEMENT":"f.CCF77AB910636C8B118410FB7AEDA09C.d.A96CB39554E9C83B1781C63DAA0155F1.e.4611"}]}
COMMAND: GET /session/2fb6d640d7e56baf8781ddfc65543b63/screenshot - {}
RESULT: {}
RESULT: {"script":"<script> [5351 bytes]","args":[{"element-6066-11e4-a52e-4f735466cecf":"f.CCF77AB910636C8B118410FB7AEDA09C.d.A96CB39554E9C83B1781C63DAA0155F1.e.4611","ELEMENT":"f.CCF77AB910636C8B118410FB7AEDA09C.d.A96CB39554E9C83B1781C63DAA0155F1.e.4611"}]}
COMMAND: POST /session/2fb6d640d7e56baf8781ddfc65543b63/element/f.CCF77AB910636C8B118410FB7AEDA09C.d.A96CB39554E9C83B1781C63DAA0155F1.e.4611/click - {}
COMMAND: GET /session/2fb6d640d7e56baf8781ddfc65543b63/screenshot - {}
RESULT: {}
RESULT: {}
COMMAND: GET /session/2fb6d640d7e56baf8781ddfc65543b63/screenshot - {}
RESULT: {}
RESULT: {}
COMMAND: POST /session/2fb6d640d7e56baf8781ddfc65543b63/execute/async - {"script":"<script> [1562 bytes]","args":[{"selector":{"id":"application-managepartners-display-component---NewPartner--addressDetailDetailsName1","interaction":{"idSuffix":"inner"}},"wdio_ui5_key":"applicationmanagepartners-display-component---NewPartner--addressDetailDetailsName1"}]}
RESULT: {"script":"<script> [1562 bytes]","args":[{"selector":{"id":"application-managepartners-display-component---NewPartner--addressDetailDetailsName1","interaction":{"idSuffix":"inner"}},"wdio_ui5_key":"applicationmanagepartners-display-component---NewPartner--addressDetailDetailsName1"}]}
RESULT: undefined
COMMAND: POST /session/2fb6d640d7e56baf8781ddfc65543b63/execute/async - {"script":"<script> [776 bytes]","args":[{"enterText":"Intracompany Partner WDIO","selector":{"id":"application-managepartners-display-component---NewPartner--addressDetailDetailsName1","interaction":{"idSuffix":"inner"}},"clearTextFirst":true,"interactionType":"ENTER_TEXT"}]}
RESULT: {"script":"<script> [776 bytes]","args":[{"enterText":"Intracompany Partner WDIO","selector":{"id":"application-managepartners-display-component---NewPartner--addressDetailDetailsName1","interaction":{"idSuffix":"inner"}},"clearTextFirst":true,"interactionType":"ENTER_TEXT"}]}
COMMAND: POST /session/2fb6d640d7e56baf8781ddfc65543b63/execute/async - {"script":"<script> [1562 bytes]","args":[{"selector":{"id":"application-managepartners-display-component---NewPartner--addressDetailDetailsLanguage-arrow"},"wdio_ui5_key":"applicationmanagepartners-display-component---NewPartner--addressDetailDetailsLanguage-arrow"}]}
RESULT: {"script":"<script> [1562 bytes]","args":[{"selector":{"id":"application-managepartners-display-component---NewPartner--addressDetailDetailsLanguage-arrow"},"wdio_ui5_key":"applicationmanagepartners-display-component---NewPartner--addressDetailDetailsLanguage-arrow"}]}
RESULT: undefined
COMMAND: POST /session/2fb6d640d7e56baf8781ddfc65543b63/element - {"using":"xpath","value":"//*[@id=\"application-managepartners-display-component---NewPartner--addressDetailDetailsLanguage-arrow\"]"}
RESULT: {"using":"xpath","value":"//*[@id=\"application-managepartners-display-component---NewPartner--addressDetailDetailsLanguage-arrow\"]"}
COMMAND: POST /session/2fb6d640d7e56baf8781ddfc65543b63/element/f.CCF77AB910636C8B118410FB7AEDA09C.d.A96CB39554E9C83B1781C63DAA0155F1.e.4840/click - {}
RESULT: {}
COMMAND: POST /session/2fb6d640d7e56baf8781ddfc65543b63/element - {"using":"xpath","value":"//span[contains(text(), \"English\")]"}
COMMAND: GET /session/2fb6d640d7e56baf8781ddfc65543b63/screenshot - {}
RESULT: {"using":"xpath","value":"//span[contains(text(), \"English\")]"}
COMMAND: POST /session/2fb6d640d7e56baf8781ddfc65543b63/element/f.CCF77AB910636C8B118410FB7AEDA09C.d.A96CB39554E9C83B1781C63DAA0155F1.e.4841/click - {}
RESULT: {}
RESULT: {}
COMMAND: GET /session/2fb6d640d7e56baf8781ddfc65543b63/screenshot - {}
RESULT: {}
COMMAND: POST /session/2fb6d640d7e56baf8781ddfc65543b63/execute/async - {"script":"<script> [1562 bytes]","args":[{"selector":{"id":"application-managepartners-display-component---NewPartner--addressDetailDetailsCity1","interaction":{"idSuffix":"inner"}},"wdio_ui5_key":"applicationmanagepartners-display-component---NewPartner--addressDetailDetailsCity1"}]}
RESULT: {"script":"<script> [1562 bytes]","args":[{"selector":{"id":"application-managepartners-display-component---NewPartner--addressDetailDetailsCity1","interaction":{"idSuffix":"inner"}},"wdio_ui5_key":"applicationmanagepartners-display-component---NewPartner--addressDetailDetailsCity1"}]}
RESULT: undefined
COMMAND: POST /session/2fb6d640d7e56baf8781ddfc65543b63/execute/async - {"script":"<script> [776 bytes]","args":[{"enterText":"Rosario","selector":{"id":"application-managepartners-display-component---NewPartner--addressDetailDetailsCity1","interaction":{"idSuffix":"inner"}},"clearTextFirst":true,"interactionType":"ENTER_TEXT"}]}
RESULT: {"script":"<script> [776 bytes]","args":[{"enterText":"Rosario","selector":{"id":"application-managepartners-display-component---NewPartner--addressDetailDetailsCity1","interaction":{"idSuffix":"inner"}},"clearTextFirst":true,"interactionType":"ENTER_TEXT"}]}
COMMAND: POST /session/2fb6d640d7e56baf8781ddfc65543b63/execute/async - {"script":"<script> [1562 bytes]","args":[{"selector":{"id":"application-managepartners-display-component---NewPartner--addressDetailDetailsCountry-arrow"},"wdio_ui5_key":"applicationmanagepartners-display-component---NewPartner--addressDetailDetailsCountry-arrow"}]}
RESULT: {"script":"<script> [1562 bytes]","args":[{"selector":{"id":"application-managepartners-display-component---NewPartner--addressDetailDetailsCountry-arrow"},"wdio_ui5_key":"applicationmanagepartners-display-component---NewPartner--addressDetailDetailsCountry-arrow"}]}
RESULT: undefined
COMMAND: POST /session/2fb6d640d7e56baf8781ddfc65543b63/element - {"using":"xpath","value":"//*[@id=\"application-managepartners-display-component---NewPartner--addressDetailDetailsCountry-arrow\"]"}
RESULT: {"using":"xpath","value":"//*[@id=\"application-managepartners-display-component---NewPartner--addressDetailDetailsCountry-arrow\"]"}
COMMAND: POST /session/2fb6d640d7e56baf8781ddfc65543b63/element/f.CCF77AB910636C8B118410FB7AEDA09C.d.A96CB39554E9C83B1781C63DAA0155F1.e.4729/click - {}
RESULT: {}
COMMAND: POST /session/2fb6d640d7e56baf8781ddfc65543b63/element - {"using":"xpath","value":"//span[contains(text(), \"Argentina\")]"}
COMMAND: GET /session/2fb6d640d7e56baf8781ddfc65543b63/screenshot - {}
RESULT: {"using":"xpath","value":"//span[contains(text(), \"Argentina\")]"}
COMMAND: POST /session/2fb6d640d7e56baf8781ddfc65543b63/element/f.CCF77AB910636C8B118410FB7AEDA09C.d.A96CB39554E9C83B1781C63DAA0155F1.e.4843/click - {}
RESULT: {}
RESULT: {}
COMMAND: GET /session/2fb6d640d7e56baf8781ddfc65543b63/screenshot - {}
RESULT: {}
COMMAND: POST /session/2fb6d640d7e56baf8781ddfc65543b63/element - {"using":"xpath","value":"//bdi[contains(text(), \"Commercial\")]"}
RESULT: {"using":"xpath","value":"//bdi[contains(text(), \"Commercial\")]"}
COMMAND: POST /session/2fb6d640d7e56baf8781ddfc65543b63/element/f.CCF77AB910636C8B118410FB7AEDA09C.d.A96CB39554E9C83B1781C63DAA0155F1.e.4844/click - {}
RESULT: {}
COMMAND: GET /session/2fb6d640d7e56baf8781ddfc65543b63/screenshot - {}
RESULT: {}
COMMAND: POST /session/2fb6d640d7e56baf8781ddfc65543b63/execute/async - {"script":"<script> [1562 bytes]","args":[{"selector":{"id":"application-managepartners-display-component---NewPartner--partnerDetailInternal-arrow"},"wdio_ui5_key":"applicationmanagepartners-display-component---NewPartner--partnerDetailInternal-arrow"}]}
RESULT: {"script":"<script> [1562 bytes]","args":[{"selector":{"id":"application-managepartners-display-component---NewPartner--partnerDetailInternal-arrow"},"wdio_ui5_key":"applicationmanagepartners-display-component---NewPartner--partnerDetailInternal-arrow"}]}
RESULT: undefined
COMMAND: POST /session/2fb6d640d7e56baf8781ddfc65543b63/element - {"using":"xpath","value":"//*[@id=\"application-managepartners-display-component---NewPartner--partnerDetailInternal-arrow\"]"}
RESULT: {"using":"xpath","value":"//*[@id=\"application-managepartners-display-component---NewPartner--partnerDetailInternal-arrow\"]"}
COMMAND: POST /session/2fb6d640d7e56baf8781ddfc65543b63/element/f.CCF77AB910636C8B118410FB7AEDA09C.d.A96CB39554E9C83B1781C63DAA0155F1.e.4850/click - {}
RESULT: {}
COMMAND: POST /session/2fb6d640d7e56baf8781ddfc65543b63/element - {"using":"xpath","value":"//span[contains(text(), \"Affiliated company\")]"}
COMMAND: GET /session/2fb6d640d7e56baf8781ddfc65543b63/screenshot - {}
RESULT: {"using":"xpath","value":"//span[contains(text(), \"Affiliated company\")]"}
COMMAND: POST /session/2fb6d640d7e56baf8781ddfc65543b63/element/f.CCF77AB910636C8B118410FB7AEDA09C.d.A96CB39554E9C83B1781C63DAA0155F1.e.4853/click - {}
RESULT: {}
RESULT: {}
COMMAND: POST /session/2fb6d640d7e56baf8781ddfc65543b63/execute/async - {"script":"<script> [1562 bytes]","args":[{"selector":{"id":"application-managepartners-display-component---NewPartner--partnerDetailsCurrency-arrow"},"wdio_ui5_key":"applicationmanagepartners-display-component---NewPartner--partnerDetailsCurrency-arrow"}]}
COMMAND: GET /session/2fb6d640d7e56baf8781ddfc65543b63/screenshot - {}
RESULT: {"script":"<script> [1562 bytes]","args":[{"selector":{"id":"application-managepartners-display-component---NewPartner--partnerDetailsCurrency-arrow"},"wdio_ui5_key":"applicationmanagepartners-display-component---NewPartner--partnerDetailsCurrency-arrow"}]}
RESULT: undefined
COMMAND: POST /session/2fb6d640d7e56baf8781ddfc65543b63/element - {"using":"xpath","value":"//*[@id=\"application-managepartners-display-component---NewPartner--partnerDetailsCurrency-arrow\"]"}
RESULT: {}
RESULT: {"using":"xpath","value":"//*[@id=\"application-managepartners-display-component---NewPartner--partnerDetailsCurrency-arrow\"]"}
COMMAND: POST /session/2fb6d640d7e56baf8781ddfc65543b63/element/f.CCF77AB910636C8B118410FB7AEDA09C.d.A96CB39554E9C83B1781C63DAA0155F1.e.4860/click - {}
RESULT: {}
COMMAND: POST /session/2fb6d640d7e56baf8781ddfc65543b63/element - {"using":"xpath","value":"//span[contains(text(), \"Euro\")]"}
COMMAND: GET /session/2fb6d640d7e56baf8781ddfc65543b63/screenshot - {}
RESULT: {"using":"xpath","value":"//span[contains(text(), \"Euro\")]"}
COMMAND: POST /session/2fb6d640d7e56baf8781ddfc65543b63/element/f.CCF77AB910636C8B118410FB7AEDA09C.d.A96CB39554E9C83B1781C63DAA0155F1.e.4861/click - {}
RESULT: {}
RESULT: {}
COMMAND: POST /session/2fb6d640d7e56baf8781ddfc65543b63/execute/async - {"script":"<script> [1562 bytes]","args":[{"selector":{"id":"application-managepartners-display-component---NewPartner--addressEditDetailsCostObjectCstType-arrow"},"wdio_ui5_key":"applicationmanagepartners-display-component---NewPartner--addressEditDetailsCostObjectCstType-arrow"}]}
COMMAND: GET /session/2fb6d640d7e56baf8781ddfc65543b63/screenshot - {}
RESULT: {"script":"<script> [1562 bytes]","args":[{"selector":{"id":"application-managepartners-display-component---NewPartner--addressEditDetailsCostObjectCstType-arrow"},"wdio_ui5_key":"applicationmanagepartners-display-component---NewPartner--addressEditDetailsCostObjectCstType-arrow"}]}
RESULT: undefined
COMMAND: POST /session/2fb6d640d7e56baf8781ddfc65543b63/element - {"using":"xpath","value":"//*[@id=\"application-managepartners-display-component---NewPartner--addressEditDetailsCostObjectCstType-arrow\"]"}
RESULT: {}
RESULT: {"using":"xpath","value":"//*[@id=\"application-managepartners-display-component---NewPartner--addressEditDetailsCostObjectCstType-arrow\"]"}
COMMAND: POST /session/2fb6d640d7e56baf8781ddfc65543b63/element/f.CCF77AB910636C8B118410FB7AEDA09C.d.A96CB39554E9C83B1781C63DAA0155F1.e.4862/click - {}
RESULT: {}
COMMAND: POST /session/2fb6d640d7e56baf8781ddfc65543b63/element - {"using":"xpath","value":"//span[contains(text(), \"Cost Center\")]"}
COMMAND: GET /session/2fb6d640d7e56baf8781ddfc65543b63/screenshot - {}
RESULT: {"using":"xpath","value":"//span[contains(text(), \"Cost Center\")]"}
COMMAND: POST /session/2fb6d640d7e56baf8781ddfc65543b63/element/f.CCF77AB910636C8B118410FB7AEDA09C.d.A96CB39554E9C83B1781C63DAA0155F1.e.4863/click - {}
RESULT: {}
RESULT: {}
COMMAND: GET /session/2fb6d640d7e56baf8781ddfc65543b63/screenshot - {}
RESULT: {}
COMMAND: POST /session/2fb6d640d7e56baf8781ddfc65543b63/element - {"using":"xpath","value":"//span[@id=\"application-managepartners-display-component---NewPartner--addressNewCostObjectCstID-vhi\"]"}
RESULT: {"using":"xpath","value":"//span[@id=\"application-managepartners-display-component---NewPartner--addressNewCostObjectCstID-vhi\"]"}
COMMAND: POST /session/2fb6d640d7e56baf8781ddfc65543b63/execute/sync - {"script":"<script> [8489 bytes]","args":[{"element-6066-11e4-a52e-4f735466cecf":"f.CCF77AB910636C8B118410FB7AEDA09C.d.A96CB39554E9C83B1781C63DAA0155F1.e.4866","ELEMENT":"f.CCF77AB910636C8B118410FB7AEDA09C.d.A96CB39554E9C83B1781C63DAA0155F1.e.4866"}]}
RESULT: {"script":"<script> [8489 bytes]","args":[{"element-6066-11e4-a52e-4f735466cecf":"f.CCF77AB910636C8B118410FB7AEDA09C.d.A96CB39554E9C83B1781C63DAA0155F1.e.4866","ELEMENT":"f.CCF77AB910636C8B118410FB7AEDA09C.d.A96CB39554E9C83B1781C63DAA0155F1.e.4866"}]}
COMMAND: POST /session/2fb6d640d7e56baf8781ddfc65543b63/execute/async - {"script":"<script> [1562 bytes]","args":[{"selector":{"id":"application-managepartners-display-component---NewPartner--addressNewCostObjectCstID-vhi"},"wdio_ui5_key":"applicationmanagepartners-display-component---NewPartner--addressNewCostObjectCstID-vhi"}]}
COMMAND: GET /session/2fb6d640d7e56baf8781ddfc65543b63/screenshot - {}
RESULT: {"script":"<script> [1562 bytes]","args":[{"selector":{"id":"application-managepartners-display-component---NewPartner--addressNewCostObjectCstID-vhi"},"wdio_ui5_key":"applicationmanagepartners-display-component---NewPartner--addressNewCostObjectCstID-vhi"}]}
RESULT: undefined
COMMAND: POST /session/2fb6d640d7e56baf8781ddfc65543b63/element - {"using":"xpath","value":"//*[@id=\"application-managepartners-display-component---NewPartner--addressNewCostObjectCstID-vhi\"]"}
RESULT: {}
RESULT: {"using":"xpath","value":"//*[@id=\"application-managepartners-display-component---NewPartner--addressNewCostObjectCstID-vhi\"]"}
COMMAND: POST /session/2fb6d640d7e56baf8781ddfc65543b63/element/f.CCF77AB910636C8B118410FB7AEDA09C.d.A96CB39554E9C83B1781C63DAA0155F1.e.4866/click - {}
RESULT: {}
COMMAND: GET /session/2fb6d640d7e56baf8781ddfc65543b63/screenshot - {}
RESULT: {}
COMMAND: POST /session/2fb6d640d7e56baf8781ddfc65543b63/execute/async - {"script":"<script> [1562 bytes]","args":[{"selector":{"controlType":"sap.m.SearchField","properties":{"placeholder":"Search"},"searchOpenDialogs":true,"interaction":{"idSuffix":"I"}},"wdio_ui5_key":"sapm.SearchField{\"placeholder\":\"Search\"}"}]}
RESULT: {"script":"<script> [1562 bytes]","args":[{"selector":{"controlType":"sap.m.SearchField","properties":{"placeholder":"Search"},"searchOpenDialogs":true,"interaction":{"idSuffix":"I"}},"wdio_ui5_key":"sapm.SearchField{\"placeholder\":\"Search\"}"}]}
RESULT: undefined
COMMAND: POST /session/2fb6d640d7e56baf8781ddfc65543b63/execute/async - {"script":"<script> [776 bytes]","args":[{"enterText":"10001013","selector":{"controlType":"sap.m.SearchField","properties":{"placeholder":"Search"},"searchOpenDialogs":true,"interaction":{"idSuffix":"I"}},"clearTextFirst":true,"interactionType":"ENTER_TEXT"}]}
RESULT: {"script":"<script> [776 bytes]","args":[{"enterText":"10001013","selector":{"controlType":"sap.m.SearchField","properties":{"placeholder":"Search"},"searchOpenDialogs":true,"interaction":{"idSuffix":"I"}},"clearTextFirst":true,"interactionType":"ENTER_TEXT"}]}
COMMAND: POST /session/2fb6d640d7e56baf8781ddfc65543b63/actions - {"actions":[{"id":"action12","type":"key","parameters":{},"actions":[{"type":"keyDown","value":""},{"type":"pause","duration":10},{"type":"keyUp","value":""}]}]}
RESULT: {"actions":[{"id":"action12","type":"key","parameters":{},"actions":[{"type":"keyDown","value":""},{"type":"pause","duration":10},{"type":"keyUp","value":""}]}]}
COMMAND: GET /session/2fb6d640d7e56baf8781ddfc65543b63/screenshot - {}
RESULT: {}
COMMAND: POST /session/2fb6d640d7e56baf8781ddfc65543b63/element - {"using":"xpath","value":"//span[contains(text(), \"General Management\")]"}
RESULT: {"using":"xpath","value":"//span[contains(text(), \"General Management\")]"}
COMMAND: POST /session/2fb6d640d7e56baf8781ddfc65543b63/element/f.CCF77AB910636C8B118410FB7AEDA09C.d.A96CB39554E9C83B1781C63DAA0155F1.e.4908/click - {}
RESULT: {}
COMMAND: GET /session/2fb6d640d7e56baf8781ddfc65543b63/screenshot - {}
RESULT: {}
COMMAND: POST /session/2fb6d640d7e56baf8781ddfc65543b63/element - {"using":"xpath","value":"//bdi[contains(text(), \"OK\")]"}
RESULT: {"using":"xpath","value":"//bdi[contains(text(), \"OK\")]"}
COMMAND: POST /session/2fb6d640d7e56baf8781ddfc65543b63/element/f.CCF77AB910636C8B118410FB7AEDA09C.d.A96CB39554E9C83B1781C63DAA0155F1.e.4909/click - {}
RESULT: {}
COMMAND: GET /session/2fb6d640d7e56baf8781ddfc65543b63/screenshot - {}
RESULT: {}
COMMAND: POST /session/2fb6d640d7e56baf8781ddfc65543b63/element - {"using":"xpath","value":"//input[@id=\"application-managepartners-display-component---NewPartner--companyCodeComboBox-inner\"]"}
RESULT: {"using":"xpath","value":"//input[@id=\"application-managepartners-display-component---NewPartner--companyCodeComboBox-inner\"]"}
COMMAND: POST /session/2fb6d640d7e56baf8781ddfc65543b63/element/f.CCF77AB910636C8B118410FB7AEDA09C.d.A96CB39554E9C83B1781C63DAA0155F1.e.4675/clear - {}
RESULT: {}
COMMAND: POST /session/2fb6d640d7e56baf8781ddfc65543b63/element/f.CCF77AB910636C8B118410FB7AEDA09C.d.A96CB39554E9C83B1781C63DAA0155F1.e.4675/value - {"text":"1000"}
COMMAND: GET /session/2fb6d640d7e56baf8781ddfc65543b63/screenshot - {}
RESULT: {"text":"1000"}
COMMAND: GET /session/2fb6d640d7e56baf8781ddfc65543b63/screenshot - {}
RESULT: {}
RESULT: {}
COMMAND: POST /session/2fb6d640d7e56baf8781ddfc65543b63/element - {"using":"xpath","value":"//span[contains(text(), \"1000\")]"}
RESULT: {"using":"xpath","value":"//span[contains(text(), \"1000\")]"}
COMMAND: POST /session/2fb6d640d7e56baf8781ddfc65543b63/element/f.CCF77AB910636C8B118410FB7AEDA09C.d.A96CB39554E9C83B1781C63DAA0155F1.e.4915/click - {}
RESULT: {}
COMMAND: GET /session/2fb6d640d7e56baf8781ddfc65543b63/screenshot - {}
RESULT: {}
COMMAND: POST /session/2fb6d640d7e56baf8781ddfc65543b63/execute/async - {"script":"<script> [1562 bytes]","args":[{"selector":{"id":"application-managepartners-display-component---NewPartner--btnAddTableRow-img"},"wdio_ui5_key":"applicationmanagepartners-display-component---NewPartner--btnAddTableRow-img"}]}
RESULT: {"script":"<script> [1562 bytes]","args":[{"selector":{"id":"application-managepartners-display-component---NewPartner--btnAddTableRow-img"},"wdio_ui5_key":"applicationmanagepartners-display-component---NewPartner--btnAddTableRow-img"}]}
RESULT: undefined
COMMAND: POST /session/2fb6d640d7e56baf8781ddfc65543b63/element - {"using":"xpath","value":"//*[@id=\"application-managepartners-display-component---NewPartner--btnAddTableRow-img\"]"}
RESULT: {"using":"xpath","value":"//*[@id=\"application-managepartners-display-component---NewPartner--btnAddTableRow-img\"]"}
COMMAND: POST /session/2fb6d640d7e56baf8781ddfc65543b63/element/f.CCF77AB910636C8B118410FB7AEDA09C.d.A96CB39554E9C83B1781C63DAA0155F1.e.4916/click - {}
RESULT: {}
COMMAND: GET /session/2fb6d640d7e56baf8781ddfc65543b63/screenshot - {}
RESULT: {}
COMMAND: POST /session/2fb6d640d7e56baf8781ddfc65543b63/element - {"using":"xpath","value":"//input[@id=\"application-managepartners-display-component---NewPartner--assignmentYard-application-managepartners-display-component---NewPartner--assignmentsTable-0-inner\"]"}
RESULT: {"using":"xpath","value":"//input[@id=\"application-managepartners-display-component---NewPartner--assignmentYard-application-managepartners-display-component---NewPartner--assignmentsTable-0-inner\"]"}
COMMAND: POST /session/2fb6d640d7e56baf8781ddfc65543b63/element/f.CCF77AB910636C8B118410FB7AEDA09C.d.A96CB39554E9C83B1781C63DAA0155F1.e.4919/clear - {}
RESULT: {}
COMMAND: POST /session/2fb6d640d7e56baf8781ddfc65543b63/element/f.CCF77AB910636C8B118410FB7AEDA09C.d.A96CB39554E9C83B1781C63DAA0155F1.e.4919/value - {"text":"454"}
COMMAND: GET /session/2fb6d640d7e56baf8781ddfc65543b63/screenshot - {}
RESULT: {}
RESULT: {"text":"454"}
COMMAND: GET /session/2fb6d640d7e56baf8781ddfc65543b63/screenshot - {}
RESULT: {}
COMMAND: POST /session/2fb6d640d7e56baf8781ddfc65543b63/element - {"using":"xpath","value":"//li[.//span[text()='454']]"}
RESULT: {"using":"xpath","value":"//li[.//span[text()='454']]"}
COMMAND: POST /session/2fb6d640d7e56baf8781ddfc65543b63/element/f.CCF77AB910636C8B118410FB7AEDA09C.d.A96CB39554E9C83B1781C63DAA0155F1.e.4928/click - {}
RESULT: {}
COMMAND: GET /session/2fb6d640d7e56baf8781ddfc65543b63/screenshot - {}
RESULT: {}
COMMAND: POST /session/2fb6d640d7e56baf8781ddfc65543b63/actions - {"actions":[{"id":"action13","type":"key","parameters":{},"actions":[{"type":"keyDown","value":""},{"type":"pause","duration":10},{"type":"keyUp","value":""}]}]}
RESULT: {"actions":[{"id":"action13","type":"key","parameters":{},"actions":[{"type":"keyDown","value":""},{"type":"pause","duration":10},{"type":"keyUp","value":""}]}]}
COMMAND: POST /session/2fb6d640d7e56baf8781ddfc65543b63/execute/async - {"script":"<script> [1562 bytes]","args":[{"selector":{"id":"application-managepartners-display-component---NewPartner--externalCustomerComboBox-application-managepartners-display-component---NewPartner--assignmentsTable-0-vhi"},"wdio_ui5_key":"applicationmanagepartners-display-component---NewPartner--externalCustomerComboBox-application-managepartners-display-component---NewPartner--assignmentsTable-0-vhi"}]}
COMMAND: GET /session/2fb6d640d7e56baf8781ddfc65543b63/screenshot - {}
RESULT: {"script":"<script> [1562 bytes]","args":[{"selector":{"id":"application-managepartners-display-component---NewPartner--externalCustomerComboBox-application-managepartners-display-component---NewPartner--assignmentsTable-0-vhi"},"wdio_ui5_key":"applicationmanagepartners-display-component---NewPartner--externalCustomerComboBox-application-managepartners-display-component---NewPartner--assignmentsTable-0-vhi"}]}
RESULT: undefined
COMMAND: POST /session/2fb6d640d7e56baf8781ddfc65543b63/element - {"using":"xpath","value":"//*[@id=\"application-managepartners-display-component---NewPartner--externalCustomerComboBox-application-managepartners-display-component---NewPartner--assignmentsTable-0-vhi\"]"}
RESULT: {}
RESULT: {"using":"xpath","value":"//*[@id=\"application-managepartners-display-component---NewPartner--externalCustomerComboBox-application-managepartners-display-component---NewPartner--assignmentsTable-0-vhi\"]"}
COMMAND: POST /session/2fb6d640d7e56baf8781ddfc65543b63/element/f.CCF77AB910636C8B118410FB7AEDA09C.d.A96CB39554E9C83B1781C63DAA0155F1.e.4932/click - {}
RESULT: {}
RESULT: undefined
COMMAND: POST /session/2fb6d640d7e56baf8781ddfc65543b63/execute/async - {"script":"<script> [776 bytes]","args":[{"enterText":"300003","selector":{"controlType":"sap.m.SearchField","properties":{"placeholder":"Search"},"searchOpenDialogs":true,"interaction":{"idSuffix":"I"}},"clearTextFirst":true,"interactionType":"ENTER_TEXT"}]}
COMMAND: GET /session/2fb6d640d7e56baf8781ddfc65543b63/screenshot - {}
RESULT: {"script":"<script> [776 bytes]","args":[{"enterText":"300003","selector":{"controlType":"sap.m.SearchField","properties":{"placeholder":"Search"},"searchOpenDialogs":true,"interaction":{"idSuffix":"I"}},"clearTextFirst":true,"interactionType":"ENTER_TEXT"}]}
COMMAND: POST /session/2fb6d640d7e56baf8781ddfc65543b63/actions - {"actions":[{"id":"action14","type":"key","parameters":{},"actions":[{"type":"keyDown","value":""},{"type":"pause","duration":10},{"type":"keyUp","value":""}]}]}
RESULT: {}
RESULT: {"actions":[{"id":"action14","type":"key","parameters":{},"actions":[{"type":"keyDown","value":""},{"type":"pause","duration":10},{"type":"keyUp","value":""}]}]}
COMMAND: GET /session/2fb6d640d7e56baf8781ddfc65543b63/screenshot - {}
RESULT: {}
COMMAND: POST /session/2fb6d640d7e56baf8781ddfc65543b63/element - {"using":"xpath","value":"//span[contains(text(), \"300003\")]"}
RESULT: {"using":"xpath","value":"//span[contains(text(), \"300003\")]"}
COMMAND: POST /session/2fb6d640d7e56baf8781ddfc65543b63/element/f.CCF77AB910636C8B118410FB7AEDA09C.d.A96CB39554E9C83B1781C63DAA0155F1.e.4951/click - {}
RESULT: {}
COMMAND: GET /session/2fb6d640d7e56baf8781ddfc65543b63/screenshot - {}
RESULT: {}
COMMAND: POST /session/2fb6d640d7e56baf8781ddfc65543b63/element - {"using":"xpath","value":"//bdi[contains(text(), \"OK\")]"}
RESULT: {"using":"xpath","value":"//bdi[contains(text(), \"OK\")]"}
COMMAND: POST /session/2fb6d640d7e56baf8781ddfc65543b63/element/f.CCF77AB910636C8B118410FB7AEDA09C.d.A96CB39554E9C83B1781C63DAA0155F1.e.4953/click - {}
RESULT: {}
COMMAND: GET /session/2fb6d640d7e56baf8781ddfc65543b63/screenshot - {}
RESULT: {}
COMMAND: POST /session/2fb6d640d7e56baf8781ddfc65543b63/execute/async - {"script":"<script> [1562 bytes]","args":[{"selector":{"id":"application-managepartners-display-component---NewPartner--intercompVendorComboBox-application-managepartners-display-component---NewPartner--assignmentsTable-0-vhi"},"wdio_ui5_key":"applicationmanagepartners-display-component---NewPartner--intercompVendorComboBox-application-managepartners-display-component---NewPartner--assignmentsTable-0-vhi"}]}
RESULT: {"script":"<script> [1562 bytes]","args":[{"selector":{"id":"application-managepartners-display-component---NewPartner--intercompVendorComboBox-application-managepartners-display-component---NewPartner--assignmentsTable-0-vhi"},"wdio_ui5_key":"applicationmanagepartners-display-component---NewPartner--intercompVendorComboBox-application-managepartners-display-component---NewPartner--assignmentsTable-0-vhi"}]}
RESULT: undefined
COMMAND: POST /session/2fb6d640d7e56baf8781ddfc65543b63/element - {"using":"xpath","value":"//*[@id=\"application-managepartners-display-component---NewPartner--intercompVendorComboBox-application-managepartners-display-component---NewPartner--assignmentsTable-0-vhi\"]"}
RESULT: {"using":"xpath","value":"//*[@id=\"application-managepartners-display-component---NewPartner--intercompVendorComboBox-application-managepartners-display-component---NewPartner--assignmentsTable-0-vhi\"]"}
COMMAND: POST /session/2fb6d640d7e56baf8781ddfc65543b63/element/f.CCF77AB910636C8B118410FB7AEDA09C.d.A96CB39554E9C83B1781C63DAA0155F1.e.4957/click - {}
RESULT: {}
RESULT: undefined
COMMAND: POST /session/2fb6d640d7e56baf8781ddfc65543b63/execute/async - {"script":"<script> [776 bytes]","args":[{"enterText":"100005","selector":{"controlType":"sap.m.SearchField","properties":{"placeholder":"Search"},"searchOpenDialogs":true,"interaction":{"idSuffix":"I"}},"clearTextFirst":true,"interactionType":"ENTER_TEXT"}]}
COMMAND: GET /session/2fb6d640d7e56baf8781ddfc65543b63/screenshot - {}
RESULT: {"script":"<script> [776 bytes]","args":[{"enterText":"100005","selector":{"controlType":"sap.m.SearchField","properties":{"placeholder":"Search"},"searchOpenDialogs":true,"interaction":{"idSuffix":"I"}},"clearTextFirst":true,"interactionType":"ENTER_TEXT"}]}
COMMAND: POST /session/2fb6d640d7e56baf8781ddfc65543b63/actions - {"actions":[{"id":"action15","type":"key","parameters":{},"actions":[{"type":"keyDown","value":""},{"type":"pause","duration":10},{"type":"keyUp","value":""}]}]}
RESULT: {}
RESULT: {"actions":[{"id":"action15","type":"key","parameters":{},"actions":[{"type":"keyDown","value":""},{"type":"pause","duration":10},{"type":"keyUp","value":""}]}]}
COMMAND: GET /session/2fb6d640d7e56baf8781ddfc65543b63/screenshot - {}
RESULT: {}
COMMAND: POST /session/2fb6d640d7e56baf8781ddfc65543b63/element - {"using":"xpath","value":"//span[contains(text(), \"Penguins - Field/12345 Berlin\")]"}
RESULT: {"using":"xpath","value":"//span[contains(text(), \"Penguins - Field/12345 Berlin\")]"}
COMMAND: POST /session/2fb6d640d7e56baf8781ddfc65543b63/element/f.CCF77AB910636C8B118410FB7AEDA09C.d.A96CB39554E9C83B1781C63DAA0155F1.e.4977/click - {}
RESULT: {}
COMMAND: GET /session/2fb6d640d7e56baf8781ddfc65543b63/screenshot - {}
RESULT: {}
COMMAND: POST /session/2fb6d640d7e56baf8781ddfc65543b63/element - {"using":"xpath","value":"//bdi[contains(text(), \"OK\")]"}
RESULT: {"using":"xpath","value":"//bdi[contains(text(), \"OK\")]"}
COMMAND: POST /session/2fb6d640d7e56baf8781ddfc65543b63/element/f.CCF77AB910636C8B118410FB7AEDA09C.d.A96CB39554E9C83B1781C63DAA0155F1.e.4978/click - {}
RESULT: {}
COMMAND: GET /session/2fb6d640d7e56baf8781ddfc65543b63/screenshot - {}
RESULT: {}
COMMAND: POST /session/2fb6d640d7e56baf8781ddfc65543b63/element - {"using":"xpath","value":"//button[@data-kt=\"saveButton\"]"}
RESULT: {"using":"xpath","value":"//button[@data-kt=\"saveButton\"]"}
COMMAND: POST /session/2fb6d640d7e56baf8781ddfc65543b63/element/f.CCF77AB910636C8B118410FB7AEDA09C.d.A96CB39554E9C83B1781C63DAA0155F1.e.4710/click - {}
RESULT: {}
COMMAND: GET /session/2fb6d640d7e56baf8781ddfc65543b63/screenshot - {}
RESULT: {}
COMMAND: POST /session/2fb6d640d7e56baf8781ddfc65543b63/element - {"using":"xpath","value":"//header[contains(@id, 'ObjectPageLayout-headerTitle')]/div[1]/div[2]/div[2]/span[1]"}
RESULT: {"using":"xpath","value":"//header[contains(@id, 'ObjectPageLayout-headerTitle')]/div[1]/div[2]/div[2]/span[1]"}
COMMAND: POST /session/2fb6d640d7e56baf8781ddfc65543b63/elements - {"using":"xpath","value":"//header[contains(@id, 'ObjectPageLayout-headerTitle')]/div[1]/div[2]/div[2]/span[1]"}
RESULT: {"using":"xpath","value":"//header[contains(@id, 'ObjectPageLayout-headerTitle')]/div[1]/div[2]/div[2]/span[1]"}
COMMAND: POST /session/2fb6d640d7e56baf8781ddfc65543b63/execute/sync - {"script":"<script> [56 bytes]","args":[{"element-6066-11e4-a52e-4f735466cecf":"f.CCF77AB910636C8B118410FB7AEDA09C.d.A96CB39554E9C83B1781C63DAA0155F1.e.5142","ELEMENT":"f.CCF77AB910636C8B118410FB7AEDA09C.d.A96CB39554E9C83B1781C63DAA0155F1.e.5142"}]}
RESULT: {"script":"<script> [56 bytes]","args":[{"element-6066-11e4-a52e-4f735466cecf":"f.CCF77AB910636C8B118410FB7AEDA09C.d.A96CB39554E9C83B1781C63DAA0155F1.e.5142","ELEMENT":"f.CCF77AB910636C8B118410FB7AEDA09C.d.A96CB39554E9C83B1781C63DAA0155F1.e.5142"}]}
COMMAND: POST /session/2fb6d640d7e56baf8781ddfc65543b63/element - {"using":"css selector","value":"#shell-header-logo"}
COMMAND: GET /session/2fb6d640d7e56baf8781ddfc65543b63/screenshot - {}
RESULT: {"using":"css selector","value":"#shell-header-logo"}
COMMAND: POST /session/2fb6d640d7e56baf8781ddfc65543b63/element/f.CCF77AB910636C8B118410FB7AEDA09C.d.A96CB39554E9C83B1781C63DAA0155F1.e.4575/click - {}
RESULT: {}
RESULT: {}
COMMAND: GET /session/2fb6d640d7e56baf8781ddfc65543b63/screenshot - {}
RESULT: {}
COMMAND: POST /session/2fb6d640d7e56baf8781ddfc65543b63/execute/sync - {"script":"<script> [299 bytes]","args":[["getModel","getResource"]]}
RESULT: {"script":"<script> [299 bytes]","args":[["getModel","getResource"]]}
RESULT: undefined
COMMAND: POST /session/2fb6d640d7e56baf8781ddfc65543b63/element - {"using":"xpath","value":"//*[@id=\"__tile30\"]"}
COMMAND: GET /session/2fb6d640d7e56baf8781ddfc65543b63/screenshot - {}
RESULT: {"using":"xpath","value":"//*[@id=\"__tile30\"]"}
COMMAND: POST /session/2fb6d640d7e56baf8781ddfc65543b63/element/f.CCF77AB910636C8B118410FB7AEDA09C.d.A96CB39554E9C83B1781C63DAA0155F1.e.4496/click - {}
RESULT: {}
RESULT: {}
COMMAND: POST /session/2fb6d640d7e56baf8781ddfc65543b63/element - {"using":"xpath","value":"//button[@data-kt=\"addButton\"]"}
COMMAND: GET /session/2fb6d640d7e56baf8781ddfc65543b63/screenshot - {}
RESULT: {"using":"xpath","value":"//button[@data-kt=\"addButton\"]"}
COMMAND: POST /session/2fb6d640d7e56baf8781ddfc65543b63/elements - {"using":"xpath","value":"//button[@data-kt=\"addButton\"]"}
RESULT: {}
RESULT: {"using":"xpath","value":"//button[@data-kt=\"addButton\"]"}
COMMAND: POST /session/2fb6d640d7e56baf8781ddfc65543b63/element - {"using":"xpath","value":"//button[@data-kt=\"addButton\"]"}
RESULT: {"using":"xpath","value":"//button[@data-kt=\"addButton\"]"}
COMMAND: POST /session/2fb6d640d7e56baf8781ddfc65543b63/execute/sync - {"script":"<script> [8489 bytes]","args":[{"element-6066-11e4-a52e-4f735466cecf":"f.CCF77AB910636C8B118410FB7AEDA09C.d.A96CB39554E9C83B1781C63DAA0155F1.e.5189","ELEMENT":"f.CCF77AB910636C8B118410FB7AEDA09C.d.A96CB39554E9C83B1781C63DAA0155F1.e.5189"}]}
RESULT: {"script":"<script> [8489 bytes]","args":[{"element-6066-11e4-a52e-4f735466cecf":"f.CCF77AB910636C8B118410FB7AEDA09C.d.A96CB39554E9C83B1781C63DAA0155F1.e.5189","ELEMENT":"f.CCF77AB910636C8B118410FB7AEDA09C.d.A96CB39554E9C83B1781C63DAA0155F1.e.5189"}]}
COMMAND: GET /session/2fb6d640d7e56baf8781ddfc65543b63/element/f.CCF77AB910636C8B118410FB7AEDA09C.d.A96CB39554E9C83B1781C63DAA0155F1.e.5189/enabled - {}
COMMAND: GET /session/2fb6d640d7e56baf8781ddfc65543b63/screenshot - {}
RESULT: {}
COMMAND: POST /session/2fb6d640d7e56baf8781ddfc65543b63/execute/sync - {"script":"<script> [8489 bytes]","args":[{"element-6066-11e4-a52e-4f735466cecf":"f.CCF77AB910636C8B118410FB7AEDA09C.d.A96CB39554E9C83B1781C63DAA0155F1.e.5189","ELEMENT":"f.CCF77AB910636C8B118410FB7AEDA09C.d.A96CB39554E9C83B1781C63DAA0155F1.e.5189"}]}
COMMAND: GET /session/2fb6d640d7e56baf8781ddfc65543b63/screenshot - {}
RESULT: {}
RESULT: {"script":"<script> [8489 bytes]","args":[{"element-6066-11e4-a52e-4f735466cecf":"f.CCF77AB910636C8B118410FB7AEDA09C.d.A96CB39554E9C83B1781C63DAA0155F1.e.5189","ELEMENT":"f.CCF77AB910636C8B118410FB7AEDA09C.d.A96CB39554E9C83B1781C63DAA0155F1.e.5189"}]}
COMMAND: POST /session/2fb6d640d7e56baf8781ddfc65543b63/execute/sync - {"script":"<script> [5351 bytes]","args":[{"element-6066-11e4-a52e-4f735466cecf":"f.CCF77AB910636C8B118410FB7AEDA09C.d.A96CB39554E9C83B1781C63DAA0155F1.e.5189","ELEMENT":"f.CCF77AB910636C8B118410FB7AEDA09C.d.A96CB39554E9C83B1781C63DAA0155F1.e.5189"}]}
COMMAND: GET /session/2fb6d640d7e56baf8781ddfc65543b63/screenshot - {}
RESULT: {}
RESULT: {"script":"<script> [5351 bytes]","args":[{"element-6066-11e4-a52e-4f735466cecf":"f.CCF77AB910636C8B118410FB7AEDA09C.d.A96CB39554E9C83B1781C63DAA0155F1.e.5189","ELEMENT":"f.CCF77AB910636C8B118410FB7AEDA09C.d.A96CB39554E9C83B1781C63DAA0155F1.e.5189"}]}
COMMAND: GET /session/2fb6d640d7e56baf8781ddfc65543b63/screenshot - {}
RESULT: {}
RESULT: {}
COMMAND: POST /session/2fb6d640d7e56baf8781ddfc65543b63/execute/async - {"script":"<script> [1562 bytes]","args":[{"selector":{"id":"application-managepartners-display-component---masterPtm--smartFilterBar-btnBasicSearch","interaction":{"idSuffix":"I"}},"wdio_ui5_key":"applicationmanagepartners-display-component---masterPtm--smartFilterBar-btnBasicSearch"}]}
RESULT: {"script":"<script> [1562 bytes]","args":[{"selector":{"id":"application-managepartners-display-component---masterPtm--smartFilterBar-btnBasicSearch","interaction":{"idSuffix":"I"}},"wdio_ui5_key":"applicationmanagepartners-display-component---masterPtm--smartFilterBar-btnBasicSearch"}]}
RESULT: undefined
COMMAND: POST /session/2fb6d640d7e56baf8781ddfc65543b63/execute/async - {"script":"<script> [776 bytes]","args":[{"enterText":"1318","selector":{"id":"application-managepartners-display-component---masterPtm--smartFilterBar-btnBasicSearch","interaction":{"idSuffix":"I"}},"clearTextFirst":true,"interactionType":"ENTER_TEXT"}]}
RESULT: {"script":"<script> [776 bytes]","args":[{"enterText":"1318","selector":{"id":"application-managepartners-display-component---masterPtm--smartFilterBar-btnBasicSearch","interaction":{"idSuffix":"I"}},"clearTextFirst":true,"interactionType":"ENTER_TEXT"}]}
COMMAND: POST /session/2fb6d640d7e56baf8781ddfc65543b63/actions - {"actions":[{"id":"action16","type":"key","parameters":{},"actions":[{"type":"keyDown","value":""},{"type":"pause","duration":10},{"type":"keyUp","value":""}]}]}
RESULT: {"actions":[{"id":"action16","type":"key","parameters":{},"actions":[{"type":"keyDown","value":""},{"type":"pause","duration":10},{"type":"keyUp","value":""}]}]}
COMMAND: GET /session/2fb6d640d7e56baf8781ddfc65543b63/screenshot - {}
RESULT: {}
COMMAND: POST /session/2fb6d640d7e56baf8781ddfc65543b63/elements - {"using":"xpath","value":"//table[contains(@id, \"customPartnersTable-listUl\")]/tbody/tr"}
RESULT: {"using":"xpath","value":"//table[contains(@id, \"customPartnersTable-listUl\")]/tbody/tr"}
COMMAND: POST /session/2fb6d640d7e56baf8781ddfc65543b63/element - {"using":"xpath","value":"//table[contains(@id, \"customPartnersTable-listUl\")]/tbody/tr[1]/td[3]/span"}
RESULT: {"using":"xpath","value":"//table[contains(@id, \"customPartnersTable-listUl\")]/tbody/tr[1]/td[3]/span"}
COMMAND: POST /session/2fb6d640d7e56baf8781ddfc65543b63/elements - {"using":"xpath","value":"//table[contains(@id, \"customPartnersTable-listUl\")]/tbody/tr[1]/td[3]/span"}
RESULT: {"using":"xpath","value":"//table[contains(@id, \"customPartnersTable-listUl\")]/tbody/tr[1]/td[3]/span"}
COMMAND: POST /session/2fb6d640d7e56baf8781ddfc65543b63/execute/sync - {"script":"<script> [56 bytes]","args":[{"element-6066-11e4-a52e-4f735466cecf":"f.CCF77AB910636C8B118410FB7AEDA09C.d.A96CB39554E9C83B1781C63DAA0155F1.e.5327","ELEMENT":"f.CCF77AB910636C8B118410FB7AEDA09C.d.A96CB39554E9C83B1781C63DAA0155F1.e.5327"}]}
RESULT: {"script":"<script> [56 bytes]","args":[{"element-6066-11e4-a52e-4f735466cecf":"f.CCF77AB910636C8B118410FB7AEDA09C.d.A96CB39554E9C83B1781C63DAA0155F1.e.5327","ELEMENT":"f.CCF77AB910636C8B118410FB7AEDA09C.d.A96CB39554E9C83B1781C63DAA0155F1.e.5327"}]}
COMMAND: POST /session/2fb6d640d7e56baf8781ddfc65543b63/element - {"using":"xpath","value":"(//span[contains(@id, \"imgNav\")])[1]"}
COMMAND: GET /session/2fb6d640d7e56baf8781ddfc65543b63/screenshot - {}
RESULT: {"using":"xpath","value":"(//span[contains(@id, \"imgNav\")])[1]"}
COMMAND: POST /session/2fb6d640d7e56baf8781ddfc65543b63/element/f.CCF77AB910636C8B118410FB7AEDA09C.d.A96CB39554E9C83B1781C63DAA0155F1.e.5325/click - {}
RESULT: {}
RESULT: {}
COMMAND: GET /session/2fb6d640d7e56baf8781ddfc65543b63/screenshot - {}
RESULT: {}
COMMAND: POST /session/2fb6d640d7e56baf8781ddfc65543b63/element - {"using":"xpath","value":"//bdi[contains(text(), \"Edit\")]"}
RESULT: {"using":"xpath","value":"//bdi[contains(text(), \"Edit\")]"}
COMMAND: POST /session/2fb6d640d7e56baf8781ddfc65543b63/element/f.CCF77AB910636C8B118410FB7AEDA09C.d.A96CB39554E9C83B1781C63DAA0155F1.e.5463/click - {}
RESULT: {}
COMMAND: GET /session/2fb6d640d7e56baf8781ddfc65543b63/screenshot - {}
RESULT: {}
COMMAND: POST /session/2fb6d640d7e56baf8781ddfc65543b63/execute/async - {"script":"<script> [1562 bytes]","args":[{"selector":{"controlType":"sap.m.Input","viewName":"etm.portal.ui.managepartners.view.EditDetail","labelFor":{"text":"Name"},"interaction":{"idSuffix":"inner"}},"wdio_ui5_key":"etmportal.ui.managepartners.view.EditDetailsap.m.Input{\"text\":\"Name\"}"}]}
RESULT: {"script":"<script> [1562 bytes]","args":[{"selector":{"controlType":"sap.m.Input","viewName":"etm.portal.ui.managepartners.view.EditDetail","labelFor":{"text":"Name"},"interaction":{"idSuffix":"inner"}},"wdio_ui5_key":"etmportal.ui.managepartners.view.EditDetailsap.m.Input{\"text\":\"Name\"}"}]}
RESULT: undefined
COMMAND: POST /session/2fb6d640d7e56baf8781ddfc65543b63/execute/async - {"script":"<script> [776 bytes]","args":[{"enterText":"Intracompany EDIT","selector":{"controlType":"sap.m.Input","viewName":"etm.portal.ui.managepartners.view.EditDetail","labelFor":{"text":"Name"},"interaction":{"idSuffix":"inner"}},"clearTextFirst":true,"interactionType":"ENTER_TEXT"}]}
RESULT: {"script":"<script> [776 bytes]","args":[{"enterText":"Intracompany EDIT","selector":{"controlType":"sap.m.Input","viewName":"etm.portal.ui.managepartners.view.EditDetail","labelFor":{"text":"Name"},"interaction":{"idSuffix":"inner"}},"clearTextFirst":true,"interactionType":"ENTER_TEXT"}]}
COMMAND: POST /session/2fb6d640d7e56baf8781ddfc65543b63/element - {"using":"xpath","value":"(//span[contains(@id,\"addressDetailDetailsLanguage-arrow\")])[1]"}
RESULT: {"using":"xpath","value":"(//span[contains(@id,\"addressDetailDetailsLanguage-arrow\")])[1]"}
COMMAND: POST /session/2fb6d640d7e56baf8781ddfc65543b63/element/f.CCF77AB910636C8B118410FB7AEDA09C.d.A96CB39554E9C83B1781C63DAA0155F1.e.5547/click - {}
RESULT: {}
COMMAND: POST /session/2fb6d640d7e56baf8781ddfc65543b63/element - {"using":"xpath","value":"//span[contains(text(), \"Chinese\")]"}
COMMAND: GET /session/2fb6d640d7e56baf8781ddfc65543b63/screenshot - {}
RESULT: {"using":"xpath","value":"//span[contains(text(), \"Chinese\")]"}
COMMAND: POST /session/2fb6d640d7e56baf8781ddfc65543b63/element/f.CCF77AB910636C8B118410FB7AEDA09C.d.A96CB39554E9C83B1781C63DAA0155F1.e.5548/click - {}
RESULT: {}
RESULT: {}
COMMAND: GET /session/2fb6d640d7e56baf8781ddfc65543b63/screenshot - {}
RESULT: {}
COMMAND: POST /session/2fb6d640d7e56baf8781ddfc65543b63/execute/async - {"script":"<script> [1562 bytes]","args":[{"selector":{"controlType":"sap.m.Input","viewName":"etm.portal.ui.managepartners.view.EditDetail","labelFor":{"text":"City"},"interaction":{"idSuffix":"inner"}},"wdio_ui5_key":"etmportal.ui.managepartners.view.EditDetailsap.m.Input{\"text\":\"City\"}"}]}
RESULT: {"script":"<script> [1562 bytes]","args":[{"selector":{"controlType":"sap.m.Input","viewName":"etm.portal.ui.managepartners.view.EditDetail","labelFor":{"text":"City"},"interaction":{"idSuffix":"inner"}},"wdio_ui5_key":"etmportal.ui.managepartners.view.EditDetailsap.m.Input{\"text\":\"City\"}"}]}
RESULT: undefined
COMMAND: POST /session/2fb6d640d7e56baf8781ddfc65543b63/execute/async - {"script":"<script> [776 bytes]","args":[{"enterText":"Clooj-Napoca","selector":{"controlType":"sap.m.Input","viewName":"etm.portal.ui.managepartners.view.EditDetail","labelFor":{"text":"City"},"interaction":{"idSuffix":"inner"}},"clearTextFirst":true,"interactionType":"ENTER_TEXT"}]}
RESULT: {"script":"<script> [776 bytes]","args":[{"enterText":"Clooj-Napoca","selector":{"controlType":"sap.m.Input","viewName":"etm.portal.ui.managepartners.view.EditDetail","labelFor":{"text":"City"},"interaction":{"idSuffix":"inner"}},"clearTextFirst":true,"interactionType":"ENTER_TEXT"}]}
COMMAND: POST /session/2fb6d640d7e56baf8781ddfc65543b63/element - {"using":"xpath","value":"//button[@data-kt=\"saveButton\"]"}
RESULT: {"using":"xpath","value":"//button[@data-kt=\"saveButton\"]"}
COMMAND: POST /session/2fb6d640d7e56baf8781ddfc65543b63/element/f.CCF77AB910636C8B118410FB7AEDA09C.d.A96CB39554E9C83B1781C63DAA0155F1.e.5525/click - {}
RESULT: {}
COMMAND: GET /session/2fb6d640d7e56baf8781ddfc65543b63/screenshot - {}
RESULT: {}
COMMAND: POST /session/2fb6d640d7e56baf8781ddfc65543b63/execute/async - {"script":"<script> [1562 bytes]","args":[{"selector":{"id":"application-managepartners-display-component---detailPtm--addressDetailDetailsName1"},"wdio_ui5_key":"applicationmanagepartners-display-component---detailPtm--addressDetailDetailsName1"}]}
RESULT: {"script":"<script> [1562 bytes]","args":[{"selector":{"id":"application-managepartners-display-component---detailPtm--addressDetailDetailsName1"},"wdio_ui5_key":"applicationmanagepartners-display-component---detailPtm--addressDetailDetailsName1"}]}
RESULT: undefined
COMMAND: POST /session/2fb6d640d7e56baf8781ddfc65543b63/execute/async - {"script":"<script> [6424 bytes]","args":[{"element-6066-11e4-a52e-4f735466cecf":"f.CCF77AB910636C8B118410FB7AEDA09C.d.A96CB39554E9C83B1781C63DAA0155F1.e.5579"},"getValue",[]]}
RESULT: {"script":"<script> [6424 bytes]","args":[{"element-6066-11e4-a52e-4f735466cecf":"f.CCF77AB910636C8B118410FB7AEDA09C.d.A96CB39554E9C83B1781C63DAA0155F1.e.5579"},"getValue",[]]}
COMMAND: POST /session/2fb6d640d7e56baf8781ddfc65543b63/element - {"using":"xpath","value":"//input[@id = \"application-managepartners-display-component---detailPtm--addressDetailDetailsLanguage-inner\"]"}
RESULT: {"using":"xpath","value":"//input[@id = \"application-managepartners-display-component---detailPtm--addressDetailDetailsLanguage-inner\"]"}
COMMAND: GET /session/2fb6d640d7e56baf8781ddfc65543b63/element/f.CCF77AB910636C8B118410FB7AEDA09C.d.A96CB39554E9C83B1781C63DAA0155F1.e.5580/property/value - {}
RESULT: {}
COMMAND: POST /session/2fb6d640d7e56baf8781ddfc65543b63/execute/async - {"script":"<script> [1562 bytes]","args":[{"selector":{"id":"application-managepartners-display-component---detailPtm--addressDetailDetailsCity1"},"wdio_ui5_key":"applicationmanagepartners-display-component---detailPtm--addressDetailDetailsCity1"}]}
COMMAND: GET /session/2fb6d640d7e56baf8781ddfc65543b63/screenshot - {}
RESULT: {"script":"<script> [1562 bytes]","args":[{"selector":{"id":"application-managepartners-display-component---detailPtm--addressDetailDetailsCity1"},"wdio_ui5_key":"applicationmanagepartners-display-component---detailPtm--addressDetailDetailsCity1"}]}
RESULT: undefined
COMMAND: POST /session/2fb6d640d7e56baf8781ddfc65543b63/execute/async - {"script":"<script> [6424 bytes]","args":[{"element-6066-11e4-a52e-4f735466cecf":"f.CCF77AB910636C8B118410FB7AEDA09C.d.A96CB39554E9C83B1781C63DAA0155F1.e.5581"},"getValue",[]]}
RESULT: {}
RESULT: {"script":"<script> [6424 bytes]","args":[{"element-6066-11e4-a52e-4f735466cecf":"f.CCF77AB910636C8B118410FB7AEDA09C.d.A96CB39554E9C83B1781C63DAA0155F1.e.5581"},"getValue",[]]}
COMMAND: POST /session/2fb6d640d7e56baf8781ddfc65543b63/element - {"using":"css selector","value":"#shell-header-logo"}
RESULT: {"using":"css selector","value":"#shell-header-logo"}
COMMAND: POST /session/2fb6d640d7e56baf8781ddfc65543b63/element/f.CCF77AB910636C8B118410FB7AEDA09C.d.A96CB39554E9C83B1781C63DAA0155F1.e.5145/click - {}
RESULT: {}
COMMAND: GET /session/2fb6d640d7e56baf8781ddfc65543b63/screenshot - {}
RESULT: {}
]]></system-out>
    </testcase>
    <testcase classname="chrome.135_0_7049_42.windows.Partner_specific_tests_US150819_US151080_US151654_US151176_US103444_US151078_US151079_US151109_US151174_US151175_US151189" name="Should do filtering and navigation tests US151109" time="167.964">
      <system-out><![CDATA[
COMMAND: POST /session/2fb6d640d7e56baf8781ddfc65543b63/element - {"using":"xpath","value":"//li[.//span[text()=\"Manage Partners\"]]"}
RESULT: {"using":"xpath","value":"//li[.//span[text()=\"Manage Partners\"]]"}
COMMAND: POST /session/2fb6d640d7e56baf8781ddfc65543b63/element - {"using":"xpath","value":"//li[.//span[text()=\"Manage Partners\"]]"}
RESULT: {"using":"xpath","value":"//li[.//span[text()=\"Manage Partners\"]]"}
COMMAND: POST /session/2fb6d640d7e56baf8781ddfc65543b63/element - {"using":"css selector","value":"#shell-header-logo"}
RESULT: {"using":"css selector","value":"#shell-header-logo"}
COMMAND: POST /session/2fb6d640d7e56baf8781ddfc65543b63/element/f.CCF77AB910636C8B118410FB7AEDA09C.d.A96CB39554E9C83B1781C63DAA0155F1.e.5611/click - {}
COMMAND: POST /session/2fb6d640d7e56baf8781ddfc65543b63/execute/sync - {"script":"<script> [8489 bytes]","args":[{"element-6066-11e4-a52e-4f735466cecf":"f.CCF77AB910636C8B118410FB7AEDA09C.d.A96CB39554E9C83B1781C63DAA0155F1.e.5611","ELEMENT":"f.CCF77AB910636C8B118410FB7AEDA09C.d.A96CB39554E9C83B1781C63DAA0155F1.e.5611"}]}
RESULT: {}
COMMAND: GET /session/2fb6d640d7e56baf8781ddfc65543b63/screenshot - {}
RESULT: {"script":"<script> [8489 bytes]","args":[{"element-6066-11e4-a52e-4f735466cecf":"f.CCF77AB910636C8B118410FB7AEDA09C.d.A96CB39554E9C83B1781C63DAA0155F1.e.5611","ELEMENT":"f.CCF77AB910636C8B118410FB7AEDA09C.d.A96CB39554E9C83B1781C63DAA0155F1.e.5611"}]}
COMMAND: POST /session/2fb6d640d7e56baf8781ddfc65543b63/execute/sync - {"script":"<script> [5351 bytes]","args":[{"element-6066-11e4-a52e-4f735466cecf":"f.CCF77AB910636C8B118410FB7AEDA09C.d.A96CB39554E9C83B1781C63DAA0155F1.e.5611","ELEMENT":"f.CCF77AB910636C8B118410FB7AEDA09C.d.A96CB39554E9C83B1781C63DAA0155F1.e.5611"}]}
COMMAND: GET /session/2fb6d640d7e56baf8781ddfc65543b63/screenshot - {}
RESULT: {}
RESULT: {"script":"<script> [5351 bytes]","args":[{"element-6066-11e4-a52e-4f735466cecf":"f.CCF77AB910636C8B118410FB7AEDA09C.d.A96CB39554E9C83B1781C63DAA0155F1.e.5611","ELEMENT":"f.CCF77AB910636C8B118410FB7AEDA09C.d.A96CB39554E9C83B1781C63DAA0155F1.e.5611"}]}
COMMAND: GET /session/2fb6d640d7e56baf8781ddfc65543b63/screenshot - {}
RESULT: {}
RESULT: {}
RESULT: undefined
COMMAND: POST /session/2fb6d640d7e56baf8781ddfc65543b63/element - {"using":"xpath","value":"//*[@id=\"__tile30\"]"}
RESULT: {"using":"xpath","value":"//*[@id=\"__tile30\"]"}
COMMAND: POST /session/2fb6d640d7e56baf8781ddfc65543b63/element/f.CCF77AB910636C8B118410FB7AEDA09C.d.A96CB39554E9C83B1781C63DAA0155F1.e.4496/click - {}
RESULT: {}
COMMAND: POST /session/2fb6d640d7e56baf8781ddfc65543b63/element - {"using":"xpath","value":"//button[@data-kt=\"addButton\"]"}
COMMAND: GET /session/2fb6d640d7e56baf8781ddfc65543b63/screenshot - {}
RESULT: {"using":"xpath","value":"//button[@data-kt=\"addButton\"]"}
COMMAND: POST /session/2fb6d640d7e56baf8781ddfc65543b63/elements - {"using":"xpath","value":"//button[@data-kt=\"addButton\"]"}
RESULT: {}
RESULT: {"using":"xpath","value":"//button[@data-kt=\"addButton\"]"}
COMMAND: POST /session/2fb6d640d7e56baf8781ddfc65543b63/element - {"using":"xpath","value":"//button[@data-kt=\"addButton\"]"}
RESULT: {"using":"xpath","value":"//button[@data-kt=\"addButton\"]"}
COMMAND: POST /session/2fb6d640d7e56baf8781ddfc65543b63/execute/sync - {"script":"<script> [8489 bytes]","args":[{"element-6066-11e4-a52e-4f735466cecf":"f.CCF77AB910636C8B118410FB7AEDA09C.d.A96CB39554E9C83B1781C63DAA0155F1.e.5646","ELEMENT":"f.CCF77AB910636C8B118410FB7AEDA09C.d.A96CB39554E9C83B1781C63DAA0155F1.e.5646"}]}
RESULT: {"script":"<script> [8489 bytes]","args":[{"element-6066-11e4-a52e-4f735466cecf":"f.CCF77AB910636C8B118410FB7AEDA09C.d.A96CB39554E9C83B1781C63DAA0155F1.e.5646","ELEMENT":"f.CCF77AB910636C8B118410FB7AEDA09C.d.A96CB39554E9C83B1781C63DAA0155F1.e.5646"}]}
COMMAND: GET /session/2fb6d640d7e56baf8781ddfc65543b63/element/f.CCF77AB910636C8B118410FB7AEDA09C.d.A96CB39554E9C83B1781C63DAA0155F1.e.5646/enabled - {}
COMMAND: GET /session/2fb6d640d7e56baf8781ddfc65543b63/screenshot - {}
RESULT: {}
COMMAND: POST /session/2fb6d640d7e56baf8781ddfc65543b63/execute/sync - {"script":"<script> [8489 bytes]","args":[{"element-6066-11e4-a52e-4f735466cecf":"f.CCF77AB910636C8B118410FB7AEDA09C.d.A96CB39554E9C83B1781C63DAA0155F1.e.5646","ELEMENT":"f.CCF77AB910636C8B118410FB7AEDA09C.d.A96CB39554E9C83B1781C63DAA0155F1.e.5646"}]}
COMMAND: GET /session/2fb6d640d7e56baf8781ddfc65543b63/screenshot - {}
RESULT: {}
RESULT: {"script":"<script> [8489 bytes]","args":[{"element-6066-11e4-a52e-4f735466cecf":"f.CCF77AB910636C8B118410FB7AEDA09C.d.A96CB39554E9C83B1781C63DAA0155F1.e.5646","ELEMENT":"f.CCF77AB910636C8B118410FB7AEDA09C.d.A96CB39554E9C83B1781C63DAA0155F1.e.5646"}]}
COMMAND: POST /session/2fb6d640d7e56baf8781ddfc65543b63/execute/sync - {"script":"<script> [5351 bytes]","args":[{"element-6066-11e4-a52e-4f735466cecf":"f.CCF77AB910636C8B118410FB7AEDA09C.d.A96CB39554E9C83B1781C63DAA0155F1.e.5646","ELEMENT":"f.CCF77AB910636C8B118410FB7AEDA09C.d.A96CB39554E9C83B1781C63DAA0155F1.e.5646"}]}
COMMAND: GET /session/2fb6d640d7e56baf8781ddfc65543b63/screenshot - {}
RESULT: {}
RESULT: {"script":"<script> [5351 bytes]","args":[{"element-6066-11e4-a52e-4f735466cecf":"f.CCF77AB910636C8B118410FB7AEDA09C.d.A96CB39554E9C83B1781C63DAA0155F1.e.5646","ELEMENT":"f.CCF77AB910636C8B118410FB7AEDA09C.d.A96CB39554E9C83B1781C63DAA0155F1.e.5646"}]}
COMMAND: GET /session/2fb6d640d7e56baf8781ddfc65543b63/screenshot - {}
RESULT: {}
RESULT: {}
COMMAND: POST /session/2fb6d640d7e56baf8781ddfc65543b63/element - {"using":"xpath","value":"//span[@id=\"application-managepartners-display-component---masterPtm--smartTable-header-inner\"]"}
RESULT: {"using":"xpath","value":"//span[@id=\"application-managepartners-display-component---masterPtm--smartTable-header-inner\"]"}
COMMAND: POST /session/2fb6d640d7e56baf8781ddfc65543b63/elements - {"using":"xpath","value":"//span[@id=\"application-managepartners-display-component---masterPtm--smartTable-header-inner\"]"}
RESULT: {"using":"xpath","value":"//span[@id=\"application-managepartners-display-component---masterPtm--smartTable-header-inner\"]"}
COMMAND: POST /session/2fb6d640d7e56baf8781ddfc65543b63/execute/sync - {"script":"<script> [56 bytes]","args":[{"element-6066-11e4-a52e-4f735466cecf":"f.CCF77AB910636C8B118410FB7AEDA09C.d.A96CB39554E9C83B1781C63DAA0155F1.e.5782","ELEMENT":"f.CCF77AB910636C8B118410FB7AEDA09C.d.A96CB39554E9C83B1781C63DAA0155F1.e.5782"}]}
RESULT: {"script":"<script> [56 bytes]","args":[{"element-6066-11e4-a52e-4f735466cecf":"f.CCF77AB910636C8B118410FB7AEDA09C.d.A96CB39554E9C83B1781C63DAA0155F1.e.5782","ELEMENT":"f.CCF77AB910636C8B118410FB7AEDA09C.d.A96CB39554E9C83B1781C63DAA0155F1.e.5782"}]}
RESULT: undefined
COMMAND: POST /session/2fb6d640d7e56baf8781ddfc65543b63/execute/async - {"script":"<script> [776 bytes]","args":[{"enterText":"External Partner WDIO","selector":{"id":"application-managepartners-display-component---masterPtm--smartFilterBar-btnBasicSearch","interaction":{"idSuffix":"I"}},"clearTextFirst":true,"interactionType":"ENTER_TEXT"}]}
COMMAND: GET /session/2fb6d640d7e56baf8781ddfc65543b63/screenshot - {}
RESULT: {"script":"<script> [776 bytes]","args":[{"enterText":"External Partner WDIO","selector":{"id":"application-managepartners-display-component---masterPtm--smartFilterBar-btnBasicSearch","interaction":{"idSuffix":"I"}},"clearTextFirst":true,"interactionType":"ENTER_TEXT"}]}
RESULT: {}
COMMAND: POST /session/2fb6d640d7e56baf8781ddfc65543b63/actions - {"actions":[{"id":"action17","type":"key","parameters":{},"actions":[{"type":"keyDown","value":""},{"type":"pause","duration":10},{"type":"keyUp","value":""}]}]}
RESULT: {"actions":[{"id":"action17","type":"key","parameters":{},"actions":[{"type":"keyDown","value":""},{"type":"pause","duration":10},{"type":"keyUp","value":""}]}]}
COMMAND: GET /session/2fb6d640d7e56baf8781ddfc65543b63/screenshot - {}
RESULT: {}
COMMAND: POST /session/2fb6d640d7e56baf8781ddfc65543b63/element - {"using":"xpath","value":"//span[@id=\"application-managepartners-display-component---masterPtm--smartTable-header-inner\"]"}
RESULT: {"using":"xpath","value":"//span[@id=\"application-managepartners-display-component---masterPtm--smartTable-header-inner\"]"}
COMMAND: POST /session/2fb6d640d7e56baf8781ddfc65543b63/elements - {"using":"xpath","value":"//span[@id=\"application-managepartners-display-component---masterPtm--smartTable-header-inner\"]"}
RESULT: {"using":"xpath","value":"//span[@id=\"application-managepartners-display-component---masterPtm--smartTable-header-inner\"]"}
COMMAND: POST /session/2fb6d640d7e56baf8781ddfc65543b63/execute/sync - {"script":"<script> [56 bytes]","args":[{"element-6066-11e4-a52e-4f735466cecf":"f.CCF77AB910636C8B118410FB7AEDA09C.d.A96CB39554E9C83B1781C63DAA0155F1.e.5782","ELEMENT":"f.CCF77AB910636C8B118410FB7AEDA09C.d.A96CB39554E9C83B1781C63DAA0155F1.e.5782"}]}
RESULT: {"script":"<script> [56 bytes]","args":[{"element-6066-11e4-a52e-4f735466cecf":"f.CCF77AB910636C8B118410FB7AEDA09C.d.A96CB39554E9C83B1781C63DAA0155F1.e.5782","ELEMENT":"f.CCF77AB910636C8B118410FB7AEDA09C.d.A96CB39554E9C83B1781C63DAA0155F1.e.5782"}]}
COMMAND: POST /session/2fb6d640d7e56baf8781ddfc65543b63/element - {"using":"xpath","value":"//div[contains(@id, \"managepartners-display-component---masterPtm--smartFilterBar-btnBasicSearch-reset\")]"}
COMMAND: GET /session/2fb6d640d7e56baf8781ddfc65543b63/screenshot - {}
RESULT: {"using":"xpath","value":"//div[contains(@id, \"managepartners-display-component---masterPtm--smartFilterBar-btnBasicSearch-reset\")]"}
COMMAND: POST /session/2fb6d640d7e56baf8781ddfc65543b63/element/f.CCF77AB910636C8B118410FB7AEDA09C.d.A96CB39554E9C83B1781C63DAA0155F1.e.5913/click - {}
RESULT: {}
RESULT: {}
COMMAND: GET /session/2fb6d640d7e56baf8781ddfc65543b63/screenshot - {}
RESULT: {}
COMMAND: POST /session/2fb6d640d7e56baf8781ddfc65543b63/execute/async - {"script":"<script> [1562 bytes]","args":[{"selector":{"id":"application-managepartners-display-component---masterPtm--smartFilterBar-filterItemControl_BASIC-MAIN_ADDRESS-vhi"},"wdio_ui5_key":"applicationmanagepartners-display-component---masterPtm--smartFilterBar-filterItemControl_BASIC-MAIN_ADDRESS-vhi"}]}
RESULT: {"script":"<script> [1562 bytes]","args":[{"selector":{"id":"application-managepartners-display-component---masterPtm--smartFilterBar-filterItemControl_BASIC-MAIN_ADDRESS-vhi"},"wdio_ui5_key":"applicationmanagepartners-display-component---masterPtm--smartFilterBar-filterItemControl_BASIC-MAIN_ADDRESS-vhi"}]}
RESULT: undefined
COMMAND: POST /session/2fb6d640d7e56baf8781ddfc65543b63/element - {"using":"xpath","value":"//*[@id=\"application-managepartners-display-component---masterPtm--smartFilterBar-filterItemControl_BASIC-MAIN_ADDRESS-vhi\"]"}
RESULT: {"using":"xpath","value":"//*[@id=\"application-managepartners-display-component---masterPtm--smartFilterBar-filterItemControl_BASIC-MAIN_ADDRESS-vhi\"]"}
COMMAND: POST /session/2fb6d640d7e56baf8781ddfc65543b63/element/f.CCF77AB910636C8B118410FB7AEDA09C.d.A96CB39554E9C83B1781C63DAA0155F1.e.6004/click - {}
RESULT: {}
COMMAND: GET /session/2fb6d640d7e56baf8781ddfc65543b63/screenshot - {}
RESULT: {}
COMMAND: POST /session/2fb6d640d7e56baf8781ddfc65543b63/execute/async - {"script":"<script> [1562 bytes]","args":[{"selector":{"id":"application-managepartners-display-component---masterPtm--smartFilterBar-filterItemControl_BASIC-MAIN_ADDRESS-valueHelpDialog-smartFilterBar-btnBasicSearch","searchOpenDialogs":true,"interaction":{"idSuffix":"I"}},"wdio_ui5_key":"applicationmanagepartners-display-component---masterPtm--smartFilterBar-filterItemControl_BASIC-MAIN_ADDRESS-valueHelpDialog-smartFilterBar-btnBasicSearch"}]}
RESULT: {"script":"<script> [1562 bytes]","args":[{"selector":{"id":"application-managepartners-display-component---masterPtm--smartFilterBar-filterItemControl_BASIC-MAIN_ADDRESS-valueHelpDialog-smartFilterBar-btnBasicSearch","searchOpenDialogs":true,"interaction":{"idSuffix":"I"}},"wdio_ui5_key":"applicationmanagepartners-display-component---masterPtm--smartFilterBar-filterItemControl_BASIC-MAIN_ADDRESS-valueHelpDialog-smartFilterBar-btnBasicSearch"}]}
RESULT: undefined
COMMAND: POST /session/2fb6d640d7e56baf8781ddfc65543b63/execute/async - {"script":"<script> [776 bytes]","args":[{"enterText":"Romania","selector":{"id":"application-managepartners-display-component---masterPtm--smartFilterBar-filterItemControl_BASIC-MAIN_ADDRESS-valueHelpDialog-smartFilterBar-btnBasicSearch","searchOpenDialogs":true,"interaction":{"idSuffix":"I"}},"clearTextFirst":true,"interactionType":"ENTER_TEXT"}]}
RESULT: {"script":"<script> [776 bytes]","args":[{"enterText":"Romania","selector":{"id":"application-managepartners-display-component---masterPtm--smartFilterBar-filterItemControl_BASIC-MAIN_ADDRESS-valueHelpDialog-smartFilterBar-btnBasicSearch","searchOpenDialogs":true,"interaction":{"idSuffix":"I"}},"clearTextFirst":true,"interactionType":"ENTER_TEXT"}]}
COMMAND: POST /session/2fb6d640d7e56baf8781ddfc65543b63/actions - {"actions":[{"id":"action18","type":"key","parameters":{},"actions":[{"type":"keyDown","value":""},{"type":"pause","duration":10},{"type":"keyUp","value":""}]}]}
RESULT: {"actions":[{"id":"action18","type":"key","parameters":{},"actions":[{"type":"keyDown","value":""},{"type":"pause","duration":10},{"type":"keyUp","value":""}]}]}
COMMAND: POST /session/2fb6d640d7e56baf8781ddfc65543b63/elements - {"using":"xpath","value":"//table[contains(@id, \"smartFilterBar-filterItemControl_BASIC-MAIN_ADDRESS-valueHelpDialog-table-table\")]/tbody/tr"}
COMMAND: GET /session/2fb6d640d7e56baf8781ddfc65543b63/screenshot - {}
RESULT: {"using":"xpath","value":"//table[contains(@id, \"smartFilterBar-filterItemControl_BASIC-MAIN_ADDRESS-valueHelpDialog-table-table\")]/tbody/tr"}
COMMAND: POST /session/2fb6d640d7e56baf8781ddfc65543b63/element - {"using":"xpath","value":"//table[contains(@id, \"smartFilterBar-filterItemControl_BASIC-MAIN_ADDRESS-valueHelpDialog-table-table\")]/tbody/tr[1]/td[1]/div/span"}
RESULT: {}
RESULT: {"using":"xpath","value":"//table[contains(@id, \"smartFilterBar-filterItemControl_BASIC-MAIN_ADDRESS-valueHelpDialog-table-table\")]/tbody/tr[1]/td[1]/div/span"}
COMMAND: POST /session/2fb6d640d7e56baf8781ddfc65543b63/elements - {"using":"xpath","value":"//table[contains(@id, \"smartFilterBar-filterItemControl_BASIC-MAIN_ADDRESS-valueHelpDialog-table-table\")]/tbody/tr[1]/td[1]/div/span"}
RESULT: {"using":"xpath","value":"//table[contains(@id, \"smartFilterBar-filterItemControl_BASIC-MAIN_ADDRESS-valueHelpDialog-table-table\")]/tbody/tr[1]/td[1]/div/span"}
COMMAND: POST /session/2fb6d640d7e56baf8781ddfc65543b63/execute/sync - {"script":"<script> [56 bytes]","args":[{"element-6066-11e4-a52e-4f735466cecf":"f.CCF77AB910636C8B118410FB7AEDA09C.d.A96CB39554E9C83B1781C63DAA0155F1.e.6025","ELEMENT":"f.CCF77AB910636C8B118410FB7AEDA09C.d.A96CB39554E9C83B1781C63DAA0155F1.e.6025"}]}
RESULT: {"script":"<script> [56 bytes]","args":[{"element-6066-11e4-a52e-4f735466cecf":"f.CCF77AB910636C8B118410FB7AEDA09C.d.A96CB39554E9C83B1781C63DAA0155F1.e.6025","ELEMENT":"f.CCF77AB910636C8B118410FB7AEDA09C.d.A96CB39554E9C83B1781C63DAA0155F1.e.6025"}]}
COMMAND: POST /session/2fb6d640d7e56baf8781ddfc65543b63/element - {"using":"xpath","value":"//div[contains(@id, \"filterItemControl_BASIC-MAIN_ADDRESS-valueHelpDialog-table-rowsel0\")]"}
COMMAND: GET /session/2fb6d640d7e56baf8781ddfc65543b63/screenshot - {}
RESULT: {"using":"xpath","value":"//div[contains(@id, \"filterItemControl_BASIC-MAIN_ADDRESS-valueHelpDialog-table-rowsel0\")]"}
COMMAND: POST /session/2fb6d640d7e56baf8781ddfc65543b63/element/f.CCF77AB910636C8B118410FB7AEDA09C.d.A96CB39554E9C83B1781C63DAA0155F1.e.6026/click - {}
RESULT: {}
RESULT: {}
COMMAND: GET /session/2fb6d640d7e56baf8781ddfc65543b63/screenshot - {}
RESULT: {}
COMMAND: POST /session/2fb6d640d7e56baf8781ddfc65543b63/element - {"using":"xpath","value":"(//bdi[contains(text(), \"OK\")])[1]"}
RESULT: {"using":"xpath","value":"(//bdi[contains(text(), \"OK\")])[1]"}
COMMAND: POST /session/2fb6d640d7e56baf8781ddfc65543b63/element/f.CCF77AB910636C8B118410FB7AEDA09C.d.A96CB39554E9C83B1781C63DAA0155F1.e.6028/click - {}
RESULT: {}
COMMAND: GET /session/2fb6d640d7e56baf8781ddfc65543b63/screenshot - {}
RESULT: {}
COMMAND: POST /session/2fb6d640d7e56baf8781ddfc65543b63/element - {"using":"xpath","value":"//span[@id=\"application-managepartners-display-component---masterPtm--smartTable-header-inner\"]"}
RESULT: {"using":"xpath","value":"//span[@id=\"application-managepartners-display-component---masterPtm--smartTable-header-inner\"]"}
COMMAND: POST /session/2fb6d640d7e56baf8781ddfc65543b63/elements - {"using":"xpath","value":"//span[@id=\"application-managepartners-display-component---masterPtm--smartTable-header-inner\"]"}
RESULT: {"using":"xpath","value":"//span[@id=\"application-managepartners-display-component---masterPtm--smartTable-header-inner\"]"}
COMMAND: POST /session/2fb6d640d7e56baf8781ddfc65543b63/execute/sync - {"script":"<script> [56 bytes]","args":[{"element-6066-11e4-a52e-4f735466cecf":"f.CCF77AB910636C8B118410FB7AEDA09C.d.A96CB39554E9C83B1781C63DAA0155F1.e.5782","ELEMENT":"f.CCF77AB910636C8B118410FB7AEDA09C.d.A96CB39554E9C83B1781C63DAA0155F1.e.5782"}]}
RESULT: {"script":"<script> [56 bytes]","args":[{"element-6066-11e4-a52e-4f735466cecf":"f.CCF77AB910636C8B118410FB7AEDA09C.d.A96CB39554E9C83B1781C63DAA0155F1.e.5782","ELEMENT":"f.CCF77AB910636C8B118410FB7AEDA09C.d.A96CB39554E9C83B1781C63DAA0155F1.e.5782"}]}
COMMAND: POST /session/2fb6d640d7e56baf8781ddfc65543b63/element - {"using":"xpath","value":"//span[contains(@title, \"Remove\")]"}
COMMAND: GET /session/2fb6d640d7e56baf8781ddfc65543b63/screenshot - {}
RESULT: {"using":"xpath","value":"//span[contains(@title, \"Remove\")]"}
COMMAND: POST /session/2fb6d640d7e56baf8781ddfc65543b63/element/f.CCF77AB910636C8B118410FB7AEDA09C.d.A96CB39554E9C83B1781C63DAA0155F1.e.6041/click - {}
RESULT: {}
RESULT: {}
COMMAND: GET /session/2fb6d640d7e56baf8781ddfc65543b63/screenshot - {}
COMMAND: POST /session/2fb6d640d7e56baf8781ddfc65543b63/element - {"using":"xpath","value":"//span[@id=\"application-managepartners-display-component---masterPtm--smartTable-header-inner\"]"}
RESULT: {}
RESULT: {"using":"xpath","value":"//span[@id=\"application-managepartners-display-component---masterPtm--smartTable-header-inner\"]"}
COMMAND: POST /session/2fb6d640d7e56baf8781ddfc65543b63/elements - {"using":"xpath","value":"//span[@id=\"application-managepartners-display-component---masterPtm--smartTable-header-inner\"]"}
RESULT: {"using":"xpath","value":"//span[@id=\"application-managepartners-display-component---masterPtm--smartTable-header-inner\"]"}
COMMAND: POST /session/2fb6d640d7e56baf8781ddfc65543b63/execute/sync - {"script":"<script> [56 bytes]","args":[{"element-6066-11e4-a52e-4f735466cecf":"f.CCF77AB910636C8B118410FB7AEDA09C.d.A96CB39554E9C83B1781C63DAA0155F1.e.5782","ELEMENT":"f.CCF77AB910636C8B118410FB7AEDA09C.d.A96CB39554E9C83B1781C63DAA0155F1.e.5782"}]}
RESULT: {"script":"<script> [56 bytes]","args":[{"element-6066-11e4-a52e-4f735466cecf":"f.CCF77AB910636C8B118410FB7AEDA09C.d.A96CB39554E9C83B1781C63DAA0155F1.e.5782","ELEMENT":"f.CCF77AB910636C8B118410FB7AEDA09C.d.A96CB39554E9C83B1781C63DAA0155F1.e.5782"}]}
COMMAND: POST /session/2fb6d640d7e56baf8781ddfc65543b63/execute/async - {"script":"<script> [1562 bytes]","args":[{"selector":{"id":"application-managepartners-display-component---masterPtm--smartFilterBar-filterItemControl_BASIC-YARD-vhi"},"wdio_ui5_key":"applicationmanagepartners-display-component---masterPtm--smartFilterBar-filterItemControl_BASIC-YARD-vhi"}]}
COMMAND: GET /session/2fb6d640d7e56baf8781ddfc65543b63/screenshot - {}
RESULT: {"script":"<script> [1562 bytes]","args":[{"selector":{"id":"application-managepartners-display-component---masterPtm--smartFilterBar-filterItemControl_BASIC-YARD-vhi"},"wdio_ui5_key":"applicationmanagepartners-display-component---masterPtm--smartFilterBar-filterItemControl_BASIC-YARD-vhi"}]}
RESULT: undefined
COMMAND: POST /session/2fb6d640d7e56baf8781ddfc65543b63/element - {"using":"xpath","value":"//*[@id=\"application-managepartners-display-component---masterPtm--smartFilterBar-filterItemControl_BASIC-YARD-vhi\"]"}
RESULT: {}
RESULT: {"using":"xpath","value":"//*[@id=\"application-managepartners-display-component---masterPtm--smartFilterBar-filterItemControl_BASIC-YARD-vhi\"]"}
COMMAND: POST /session/2fb6d640d7e56baf8781ddfc65543b63/element/f.CCF77AB910636C8B118410FB7AEDA09C.d.A96CB39554E9C83B1781C63DAA0155F1.e.6143/click - {}
RESULT: {}
COMMAND: GET /session/2fb6d640d7e56baf8781ddfc65543b63/screenshot - {}
RESULT: {}
COMMAND: POST /session/2fb6d640d7e56baf8781ddfc65543b63/execute/async - {"script":"<script> [1562 bytes]","args":[{"selector":{"id":"application-managepartners-display-component---masterPtm--smartFilterBar-filterItemControl_BASIC-YARD-valueHelpDialog-smartFilterBar-btnBasicSearch","searchOpenDialogs":true,"interaction":{"idSuffix":"I"}},"wdio_ui5_key":"applicationmanagepartners-display-component---masterPtm--smartFilterBar-filterItemControl_BASIC-YARD-valueHelpDialog-smartFilterBar-btnBasicSearch"}]}
RESULT: {"script":"<script> [1562 bytes]","args":[{"selector":{"id":"application-managepartners-display-component---masterPtm--smartFilterBar-filterItemControl_BASIC-YARD-valueHelpDialog-smartFilterBar-btnBasicSearch","searchOpenDialogs":true,"interaction":{"idSuffix":"I"}},"wdio_ui5_key":"applicationmanagepartners-display-component---masterPtm--smartFilterBar-filterItemControl_BASIC-YARD-valueHelpDialog-smartFilterBar-btnBasicSearch"}]}
RESULT: undefined
COMMAND: POST /session/2fb6d640d7e56baf8781ddfc65543b63/execute/async - {"script":"<script> [776 bytes]","args":[{"enterText":"Test","selector":{"id":"application-managepartners-display-component---masterPtm--smartFilterBar-filterItemControl_BASIC-YARD-valueHelpDialog-smartFilterBar-btnBasicSearch","searchOpenDialogs":true,"interaction":{"idSuffix":"I"}},"clearTextFirst":true,"interactionType":"ENTER_TEXT"}]}
RESULT: {"script":"<script> [776 bytes]","args":[{"enterText":"Test","selector":{"id":"application-managepartners-display-component---masterPtm--smartFilterBar-filterItemControl_BASIC-YARD-valueHelpDialog-smartFilterBar-btnBasicSearch","searchOpenDialogs":true,"interaction":{"idSuffix":"I"}},"clearTextFirst":true,"interactionType":"ENTER_TEXT"}]}
COMMAND: POST /session/2fb6d640d7e56baf8781ddfc65543b63/actions - {"actions":[{"id":"action19","type":"key","parameters":{},"actions":[{"type":"keyDown","value":""},{"type":"pause","duration":10},{"type":"keyUp","value":""}]}]}
RESULT: {"actions":[{"id":"action19","type":"key","parameters":{},"actions":[{"type":"keyDown","value":""},{"type":"pause","duration":10},{"type":"keyUp","value":""}]}]}
COMMAND: POST /session/2fb6d640d7e56baf8781ddfc65543b63/elements - {"using":"xpath","value":"//table[contains(@id, \"smartFilterBar-filterItemControl_BASIC-YARD-valueHelpDialog-table-table\")]/tbody/tr"}
COMMAND: GET /session/2fb6d640d7e56baf8781ddfc65543b63/screenshot - {}
RESULT: {"using":"xpath","value":"//table[contains(@id, \"smartFilterBar-filterItemControl_BASIC-YARD-valueHelpDialog-table-table\")]/tbody/tr"}
COMMAND: POST /session/2fb6d640d7e56baf8781ddfc65543b63/element - {"using":"xpath","value":"//table[contains(@id, \"smartFilterBar-filterItemControl_BASIC-YARD-valueHelpDialog-table-table\")]/tbody/tr[1]/td[1]/div/span"}
RESULT: {}
RESULT: {"using":"xpath","value":"//table[contains(@id, \"smartFilterBar-filterItemControl_BASIC-YARD-valueHelpDialog-table-table\")]/tbody/tr[1]/td[1]/div/span"}
COMMAND: POST /session/2fb6d640d7e56baf8781ddfc65543b63/elements - {"using":"xpath","value":"//table[contains(@id, \"smartFilterBar-filterItemControl_BASIC-YARD-valueHelpDialog-table-table\")]/tbody/tr[1]/td[1]/div/span"}
RESULT: {"using":"xpath","value":"//table[contains(@id, \"smartFilterBar-filterItemControl_BASIC-YARD-valueHelpDialog-table-table\")]/tbody/tr[1]/td[1]/div/span"}
COMMAND: POST /session/2fb6d640d7e56baf8781ddfc65543b63/execute/sync - {"script":"<script> [56 bytes]","args":[{"element-6066-11e4-a52e-4f735466cecf":"f.CCF77AB910636C8B118410FB7AEDA09C.d.A96CB39554E9C83B1781C63DAA0155F1.e.6165","ELEMENT":"f.CCF77AB910636C8B118410FB7AEDA09C.d.A96CB39554E9C83B1781C63DAA0155F1.e.6165"}]}
RESULT: {"script":"<script> [56 bytes]","args":[{"element-6066-11e4-a52e-4f735466cecf":"f.CCF77AB910636C8B118410FB7AEDA09C.d.A96CB39554E9C83B1781C63DAA0155F1.e.6165","ELEMENT":"f.CCF77AB910636C8B118410FB7AEDA09C.d.A96CB39554E9C83B1781C63DAA0155F1.e.6165"}]}
COMMAND: POST /session/2fb6d640d7e56baf8781ddfc65543b63/element - {"using":"xpath","value":"//table[contains(@id, \"smartFilterBar-filterItemControl_BASIC-YARD-valueHelpDialog-table-table\")]/tbody/tr[2]/td[1]/div/span"}
COMMAND: GET /session/2fb6d640d7e56baf8781ddfc65543b63/screenshot - {}
RESULT: {"using":"xpath","value":"//table[contains(@id, \"smartFilterBar-filterItemControl_BASIC-YARD-valueHelpDialog-table-table\")]/tbody/tr[2]/td[1]/div/span"}
COMMAND: POST /session/2fb6d640d7e56baf8781ddfc65543b63/elements - {"using":"xpath","value":"//table[contains(@id, \"smartFilterBar-filterItemControl_BASIC-YARD-valueHelpDialog-table-table\")]/tbody/tr[2]/td[1]/div/span"}
RESULT: {}
RESULT: {"using":"xpath","value":"//table[contains(@id, \"smartFilterBar-filterItemControl_BASIC-YARD-valueHelpDialog-table-table\")]/tbody/tr[2]/td[1]/div/span"}
COMMAND: POST /session/2fb6d640d7e56baf8781ddfc65543b63/execute/sync - {"script":"<script> [56 bytes]","args":[{"element-6066-11e4-a52e-4f735466cecf":"f.CCF77AB910636C8B118410FB7AEDA09C.d.A96CB39554E9C83B1781C63DAA0155F1.e.6166","ELEMENT":"f.CCF77AB910636C8B118410FB7AEDA09C.d.A96CB39554E9C83B1781C63DAA0155F1.e.6166"}]}
RESULT: {"script":"<script> [56 bytes]","args":[{"element-6066-11e4-a52e-4f735466cecf":"f.CCF77AB910636C8B118410FB7AEDA09C.d.A96CB39554E9C83B1781C63DAA0155F1.e.6166","ELEMENT":"f.CCF77AB910636C8B118410FB7AEDA09C.d.A96CB39554E9C83B1781C63DAA0155F1.e.6166"}]}
COMMAND: POST /session/2fb6d640d7e56baf8781ddfc65543b63/element - {"using":"xpath","value":"//table[contains(@id, \"smartFilterBar-filterItemControl_BASIC-YARD-valueHelpDialog-table-table\")]/tbody/tr[3]/td[1]/div/span"}
COMMAND: GET /session/2fb6d640d7e56baf8781ddfc65543b63/screenshot - {}
RESULT: {"using":"xpath","value":"//table[contains(@id, \"smartFilterBar-filterItemControl_BASIC-YARD-valueHelpDialog-table-table\")]/tbody/tr[3]/td[1]/div/span"}
COMMAND: POST /session/2fb6d640d7e56baf8781ddfc65543b63/elements - {"using":"xpath","value":"//table[contains(@id, \"smartFilterBar-filterItemControl_BASIC-YARD-valueHelpDialog-table-table\")]/tbody/tr[3]/td[1]/div/span"}
RESULT: {}
RESULT: {"using":"xpath","value":"//table[contains(@id, \"smartFilterBar-filterItemControl_BASIC-YARD-valueHelpDialog-table-table\")]/tbody/tr[3]/td[1]/div/span"}
COMMAND: POST /session/2fb6d640d7e56baf8781ddfc65543b63/execute/sync - {"script":"<script> [56 bytes]","args":[{"element-6066-11e4-a52e-4f735466cecf":"f.CCF77AB910636C8B118410FB7AEDA09C.d.A96CB39554E9C83B1781C63DAA0155F1.e.6167","ELEMENT":"f.CCF77AB910636C8B118410FB7AEDA09C.d.A96CB39554E9C83B1781C63DAA0155F1.e.6167"}]}
RESULT: {"script":"<script> [56 bytes]","args":[{"element-6066-11e4-a52e-4f735466cecf":"f.CCF77AB910636C8B118410FB7AEDA09C.d.A96CB39554E9C83B1781C63DAA0155F1.e.6167","ELEMENT":"f.CCF77AB910636C8B118410FB7AEDA09C.d.A96CB39554E9C83B1781C63DAA0155F1.e.6167"}]}
COMMAND: POST /session/2fb6d640d7e56baf8781ddfc65543b63/element - {"using":"xpath","value":"//div[contains(@id, \"filterItemControl_BASIC-YARD-valueHelpDialog-table-rowsel2\")]"}
COMMAND: GET /session/2fb6d640d7e56baf8781ddfc65543b63/screenshot - {}
RESULT: {"using":"xpath","value":"//div[contains(@id, \"filterItemControl_BASIC-YARD-valueHelpDialog-table-rowsel2\")]"}
COMMAND: POST /session/2fb6d640d7e56baf8781ddfc65543b63/element/f.CCF77AB910636C8B118410FB7AEDA09C.d.A96CB39554E9C83B1781C63DAA0155F1.e.6168/click - {}
RESULT: {}
RESULT: {}
COMMAND: GET /session/2fb6d640d7e56baf8781ddfc65543b63/screenshot - {}
RESULT: {}
COMMAND: POST /session/2fb6d640d7e56baf8781ddfc65543b63/element - {"using":"xpath","value":"(//bdi[contains(text(), \"OK\")])[1]"}
RESULT: {"using":"xpath","value":"(//bdi[contains(text(), \"OK\")])[1]"}
COMMAND: POST /session/2fb6d640d7e56baf8781ddfc65543b63/element/f.CCF77AB910636C8B118410FB7AEDA09C.d.A96CB39554E9C83B1781C63DAA0155F1.e.6170/click - {}
RESULT: {}
COMMAND: GET /session/2fb6d640d7e56baf8781ddfc65543b63/screenshot - {}
RESULT: {}
COMMAND: POST /session/2fb6d640d7e56baf8781ddfc65543b63/element - {"using":"xpath","value":"//span[@id=\"application-managepartners-display-component---masterPtm--smartTable-header-inner\"]"}
RESULT: {"using":"xpath","value":"//span[@id=\"application-managepartners-display-component---masterPtm--smartTable-header-inner\"]"}
COMMAND: POST /session/2fb6d640d7e56baf8781ddfc65543b63/elements - {"using":"xpath","value":"//span[@id=\"application-managepartners-display-component---masterPtm--smartTable-header-inner\"]"}
RESULT: {"using":"xpath","value":"//span[@id=\"application-managepartners-display-component---masterPtm--smartTable-header-inner\"]"}
COMMAND: POST /session/2fb6d640d7e56baf8781ddfc65543b63/execute/sync - {"script":"<script> [56 bytes]","args":[{"element-6066-11e4-a52e-4f735466cecf":"f.CCF77AB910636C8B118410FB7AEDA09C.d.A96CB39554E9C83B1781C63DAA0155F1.e.5782","ELEMENT":"f.CCF77AB910636C8B118410FB7AEDA09C.d.A96CB39554E9C83B1781C63DAA0155F1.e.5782"}]}
RESULT: {"script":"<script> [56 bytes]","args":[{"element-6066-11e4-a52e-4f735466cecf":"f.CCF77AB910636C8B118410FB7AEDA09C.d.A96CB39554E9C83B1781C63DAA0155F1.e.5782","ELEMENT":"f.CCF77AB910636C8B118410FB7AEDA09C.d.A96CB39554E9C83B1781C63DAA0155F1.e.5782"}]}
COMMAND: POST /session/2fb6d640d7e56baf8781ddfc65543b63/element - {"using":"xpath","value":"//span[contains(@title, \"Remove\")]"}
COMMAND: GET /session/2fb6d640d7e56baf8781ddfc65543b63/screenshot - {}
RESULT: {"using":"xpath","value":"//span[contains(@title, \"Remove\")]"}
COMMAND: POST /session/2fb6d640d7e56baf8781ddfc65543b63/element/f.CCF77AB910636C8B118410FB7AEDA09C.d.A96CB39554E9C83B1781C63DAA0155F1.e.6183/click - {}
RESULT: {}
RESULT: {}
COMMAND: GET /session/2fb6d640d7e56baf8781ddfc65543b63/screenshot - {}
RESULT: {}
COMMAND: POST /session/2fb6d640d7e56baf8781ddfc65543b63/element - {"using":"xpath","value":"//span[@id=\"application-managepartners-display-component---masterPtm--smartTable-header-inner\"]"}
RESULT: {"using":"xpath","value":"//span[@id=\"application-managepartners-display-component---masterPtm--smartTable-header-inner\"]"}
COMMAND: POST /session/2fb6d640d7e56baf8781ddfc65543b63/elements - {"using":"xpath","value":"//span[@id=\"application-managepartners-display-component---masterPtm--smartTable-header-inner\"]"}
RESULT: {"using":"xpath","value":"//span[@id=\"application-managepartners-display-component---masterPtm--smartTable-header-inner\"]"}
COMMAND: POST /session/2fb6d640d7e56baf8781ddfc65543b63/execute/sync - {"script":"<script> [56 bytes]","args":[{"element-6066-11e4-a52e-4f735466cecf":"f.CCF77AB910636C8B118410FB7AEDA09C.d.A96CB39554E9C83B1781C63DAA0155F1.e.5782","ELEMENT":"f.CCF77AB910636C8B118410FB7AEDA09C.d.A96CB39554E9C83B1781C63DAA0155F1.e.5782"}]}
RESULT: {"script":"<script> [56 bytes]","args":[{"element-6066-11e4-a52e-4f735466cecf":"f.CCF77AB910636C8B118410FB7AEDA09C.d.A96CB39554E9C83B1781C63DAA0155F1.e.5782","ELEMENT":"f.CCF77AB910636C8B118410FB7AEDA09C.d.A96CB39554E9C83B1781C63DAA0155F1.e.5782"}]}
COMMAND: POST /session/2fb6d640d7e56baf8781ddfc65543b63/execute/async - {"script":"<script> [1562 bytes]","args":[{"selector":{"id":"application-managepartners-display-component---masterPtm--smartFilterBar-filterItemControl_BASIC-ALL_TAGS-vhi"},"wdio_ui5_key":"applicationmanagepartners-display-component---masterPtm--smartFilterBar-filterItemControl_BASIC-ALL_TAGS-vhi"}]}
COMMAND: GET /session/2fb6d640d7e56baf8781ddfc65543b63/screenshot - {}
RESULT: {"script":"<script> [1562 bytes]","args":[{"selector":{"id":"application-managepartners-display-component---masterPtm--smartFilterBar-filterItemControl_BASIC-ALL_TAGS-vhi"},"wdio_ui5_key":"applicationmanagepartners-display-component---masterPtm--smartFilterBar-filterItemControl_BASIC-ALL_TAGS-vhi"}]}
RESULT: undefined
COMMAND: POST /session/2fb6d640d7e56baf8781ddfc65543b63/element - {"using":"xpath","value":"//*[@id=\"application-managepartners-display-component---masterPtm--smartFilterBar-filterItemControl_BASIC-ALL_TAGS-vhi\"]"}
RESULT: {}
RESULT: {"using":"xpath","value":"//*[@id=\"application-managepartners-display-component---masterPtm--smartFilterBar-filterItemControl_BASIC-ALL_TAGS-vhi\"]"}
COMMAND: POST /session/2fb6d640d7e56baf8781ddfc65543b63/element/f.CCF77AB910636C8B118410FB7AEDA09C.d.A96CB39554E9C83B1781C63DAA0155F1.e.6290/click - {}
RESULT: {}
COMMAND: GET /session/2fb6d640d7e56baf8781ddfc65543b63/screenshot - {}
RESULT: {}
COMMAND: POST /session/2fb6d640d7e56baf8781ddfc65543b63/execute/async - {"script":"<script> [1562 bytes]","args":[{"selector":{"id":"application-managepartners-display-component---masterPtm--smartFilterBar-filterItemControl_BASIC-ALL_TAGS-valueHelpDialog-smartFilterBar-btnBasicSearch","searchOpenDialogs":true,"interaction":{"idSuffix":"I"}},"wdio_ui5_key":"applicationmanagepartners-display-component---masterPtm--smartFilterBar-filterItemControl_BASIC-ALL_TAGS-valueHelpDialog-smartFilterBar-btnBasicSearch"}]}
RESULT: {"script":"<script> [1562 bytes]","args":[{"selector":{"id":"application-managepartners-display-component---masterPtm--smartFilterBar-filterItemControl_BASIC-ALL_TAGS-valueHelpDialog-smartFilterBar-btnBasicSearch","searchOpenDialogs":true,"interaction":{"idSuffix":"I"}},"wdio_ui5_key":"applicationmanagepartners-display-component---masterPtm--smartFilterBar-filterItemControl_BASIC-ALL_TAGS-valueHelpDialog-smartFilterBar-btnBasicSearch"}]}
RESULT: undefined
COMMAND: POST /session/2fb6d640d7e56baf8781ddfc65543b63/execute/async - {"script":"<script> [776 bytes]","args":[{"enterText":"test-tag-1","selector":{"id":"application-managepartners-display-component---masterPtm--smartFilterBar-filterItemControl_BASIC-ALL_TAGS-valueHelpDialog-smartFilterBar-btnBasicSearch","searchOpenDialogs":true,"interaction":{"idSuffix":"I"}},"clearTextFirst":true,"interactionType":"ENTER_TEXT"}]}
RESULT: {"script":"<script> [776 bytes]","args":[{"enterText":"test-tag-1","selector":{"id":"application-managepartners-display-component---masterPtm--smartFilterBar-filterItemControl_BASIC-ALL_TAGS-valueHelpDialog-smartFilterBar-btnBasicSearch","searchOpenDialogs":true,"interaction":{"idSuffix":"I"}},"clearTextFirst":true,"interactionType":"ENTER_TEXT"}]}
COMMAND: POST /session/2fb6d640d7e56baf8781ddfc65543b63/actions - {"actions":[{"id":"action20","type":"key","parameters":{},"actions":[{"type":"keyDown","value":""},{"type":"pause","duration":10},{"type":"keyUp","value":""}]}]}
RESULT: {"actions":[{"id":"action20","type":"key","parameters":{},"actions":[{"type":"keyDown","value":""},{"type":"pause","duration":10},{"type":"keyUp","value":""}]}]}
COMMAND: POST /session/2fb6d640d7e56baf8781ddfc65543b63/elements - {"using":"xpath","value":"//table[contains(@id, \"smartFilterBar-filterItemControl_BASIC-ALL_TAGS-valueHelpDialog-table-table\")]/tbody/tr"}
COMMAND: GET /session/2fb6d640d7e56baf8781ddfc65543b63/screenshot - {}
RESULT: {"using":"xpath","value":"//table[contains(@id, \"smartFilterBar-filterItemControl_BASIC-ALL_TAGS-valueHelpDialog-table-table\")]/tbody/tr"}
COMMAND: POST /session/2fb6d640d7e56baf8781ddfc65543b63/element - {"using":"xpath","value":"//table[contains(@id, \"smartFilterBar-filterItemControl_BASIC-ALL_TAGS-valueHelpDialog-table-table\")]/tbody/tr[1]/td[1]/div/span"}
RESULT: {}
RESULT: {"using":"xpath","value":"//table[contains(@id, \"smartFilterBar-filterItemControl_BASIC-ALL_TAGS-valueHelpDialog-table-table\")]/tbody/tr[1]/td[1]/div/span"}
COMMAND: POST /session/2fb6d640d7e56baf8781ddfc65543b63/elements - {"using":"xpath","value":"//table[contains(@id, \"smartFilterBar-filterItemControl_BASIC-ALL_TAGS-valueHelpDialog-table-table\")]/tbody/tr[1]/td[1]/div/span"}
RESULT: {"using":"xpath","value":"//table[contains(@id, \"smartFilterBar-filterItemControl_BASIC-ALL_TAGS-valueHelpDialog-table-table\")]/tbody/tr[1]/td[1]/div/span"}
COMMAND: POST /session/2fb6d640d7e56baf8781ddfc65543b63/execute/sync - {"script":"<script> [56 bytes]","args":[{"element-6066-11e4-a52e-4f735466cecf":"f.CCF77AB910636C8B118410FB7AEDA09C.d.A96CB39554E9C83B1781C63DAA0155F1.e.6312","ELEMENT":"f.CCF77AB910636C8B118410FB7AEDA09C.d.A96CB39554E9C83B1781C63DAA0155F1.e.6312"}]}
RESULT: {"script":"<script> [56 bytes]","args":[{"element-6066-11e4-a52e-4f735466cecf":"f.CCF77AB910636C8B118410FB7AEDA09C.d.A96CB39554E9C83B1781C63DAA0155F1.e.6312","ELEMENT":"f.CCF77AB910636C8B118410FB7AEDA09C.d.A96CB39554E9C83B1781C63DAA0155F1.e.6312"}]}
COMMAND: POST /session/2fb6d640d7e56baf8781ddfc65543b63/element - {"using":"xpath","value":"//div[contains(@id, \"filterItemControl_BASIC-ALL_TAGS-valueHelpDialog-table-rowsel0\")]"}
COMMAND: GET /session/2fb6d640d7e56baf8781ddfc65543b63/screenshot - {}
RESULT: {"using":"xpath","value":"//div[contains(@id, \"filterItemControl_BASIC-ALL_TAGS-valueHelpDialog-table-rowsel0\")]"}
COMMAND: POST /session/2fb6d640d7e56baf8781ddfc65543b63/element/f.CCF77AB910636C8B118410FB7AEDA09C.d.A96CB39554E9C83B1781C63DAA0155F1.e.6313/click - {}
RESULT: {}
RESULT: {}
COMMAND: GET /session/2fb6d640d7e56baf8781ddfc65543b63/screenshot - {}
RESULT: {}
COMMAND: POST /session/2fb6d640d7e56baf8781ddfc65543b63/element - {"using":"xpath","value":"(//bdi[contains(text(), \"OK\")])[1]"}
RESULT: {"using":"xpath","value":"(//bdi[contains(text(), \"OK\")])[1]"}
COMMAND: POST /session/2fb6d640d7e56baf8781ddfc65543b63/element/f.CCF77AB910636C8B118410FB7AEDA09C.d.A96CB39554E9C83B1781C63DAA0155F1.e.6315/click - {}
RESULT: {}
COMMAND: GET /session/2fb6d640d7e56baf8781ddfc65543b63/screenshot - {}
RESULT: {}
COMMAND: POST /session/2fb6d640d7e56baf8781ddfc65543b63/element - {"using":"xpath","value":"//span[@id=\"application-managepartners-display-component---masterPtm--smartTable-header-inner\"]"}
RESULT: {"using":"xpath","value":"//span[@id=\"application-managepartners-display-component---masterPtm--smartTable-header-inner\"]"}
COMMAND: POST /session/2fb6d640d7e56baf8781ddfc65543b63/elements - {"using":"xpath","value":"//span[@id=\"application-managepartners-display-component---masterPtm--smartTable-header-inner\"]"}
RESULT: {"using":"xpath","value":"//span[@id=\"application-managepartners-display-component---masterPtm--smartTable-header-inner\"]"}
COMMAND: POST /session/2fb6d640d7e56baf8781ddfc65543b63/execute/sync - {"script":"<script> [56 bytes]","args":[{"element-6066-11e4-a52e-4f735466cecf":"f.CCF77AB910636C8B118410FB7AEDA09C.d.A96CB39554E9C83B1781C63DAA0155F1.e.5782","ELEMENT":"f.CCF77AB910636C8B118410FB7AEDA09C.d.A96CB39554E9C83B1781C63DAA0155F1.e.5782"}]}
RESULT: {"script":"<script> [56 bytes]","args":[{"element-6066-11e4-a52e-4f735466cecf":"f.CCF77AB910636C8B118410FB7AEDA09C.d.A96CB39554E9C83B1781C63DAA0155F1.e.5782","ELEMENT":"f.CCF77AB910636C8B118410FB7AEDA09C.d.A96CB39554E9C83B1781C63DAA0155F1.e.5782"}]}
COMMAND: POST /session/2fb6d640d7e56baf8781ddfc65543b63/element - {"using":"xpath","value":"//span[contains(@title, \"Remove\")]"}
COMMAND: GET /session/2fb6d640d7e56baf8781ddfc65543b63/screenshot - {}
RESULT: {"using":"xpath","value":"//span[contains(@title, \"Remove\")]"}
COMMAND: POST /session/2fb6d640d7e56baf8781ddfc65543b63/element/f.CCF77AB910636C8B118410FB7AEDA09C.d.A96CB39554E9C83B1781C63DAA0155F1.e.6337/click - {}
RESULT: {}
RESULT: {}
COMMAND: GET /session/2fb6d640d7e56baf8781ddfc65543b63/screenshot - {}
COMMAND: POST /session/2fb6d640d7e56baf8781ddfc65543b63/execute/async - {"script":"<script> [1562 bytes]","args":[{"selector":{"id":"application-managepartners-display-component---masterPtm--partnerTypes-arrow"},"wdio_ui5_key":"applicationmanagepartners-display-component---masterPtm--partnerTypes-arrow"}]}
RESULT: {}
RESULT: {"script":"<script> [1562 bytes]","args":[{"selector":{"id":"application-managepartners-display-component---masterPtm--partnerTypes-arrow"},"wdio_ui5_key":"applicationmanagepartners-display-component---masterPtm--partnerTypes-arrow"}]}
RESULT: undefined
COMMAND: POST /session/2fb6d640d7e56baf8781ddfc65543b63/element - {"using":"xpath","value":"//*[@id=\"application-managepartners-display-component---masterPtm--partnerTypes-arrow\"]"}
RESULT: {"using":"xpath","value":"//*[@id=\"application-managepartners-display-component---masterPtm--partnerTypes-arrow\"]"}
COMMAND: POST /session/2fb6d640d7e56baf8781ddfc65543b63/element/f.CCF77AB910636C8B118410FB7AEDA09C.d.A96CB39554E9C83B1781C63DAA0155F1.e.6442/click - {}
RESULT: {}
COMMAND: GET /session/2fb6d640d7e56baf8781ddfc65543b63/screenshot - {}
RESULT: {}
COMMAND: POST /session/2fb6d640d7e56baf8781ddfc65543b63/element - {"using":"xpath","value":"//li[.//span[text()=\"External partner\"]]//div[contains(@class,\"sapMCbBg\")]"}
RESULT: {"using":"xpath","value":"//li[.//span[text()=\"External partner\"]]//div[contains(@class,\"sapMCbBg\")]"}
COMMAND: POST /session/2fb6d640d7e56baf8781ddfc65543b63/element/f.CCF77AB910636C8B118410FB7AEDA09C.d.A96CB39554E9C83B1781C63DAA0155F1.e.6447/click - {}
RESULT: {}
COMMAND: GET /session/2fb6d640d7e56baf8781ddfc65543b63/screenshot - {}
RESULT: {}
COMMAND: POST /session/2fb6d640d7e56baf8781ddfc65543b63/element - {"using":"xpath","value":"//span[@id=\"application-managepartners-display-component---masterPtm--smartTable-header-inner\"]"}
RESULT: {"using":"xpath","value":"//span[@id=\"application-managepartners-display-component---masterPtm--smartTable-header-inner\"]"}
COMMAND: POST /session/2fb6d640d7e56baf8781ddfc65543b63/elements - {"using":"xpath","value":"//span[@id=\"application-managepartners-display-component---masterPtm--smartTable-header-inner\"]"}
RESULT: {"using":"xpath","value":"//span[@id=\"application-managepartners-display-component---masterPtm--smartTable-header-inner\"]"}
COMMAND: POST /session/2fb6d640d7e56baf8781ddfc65543b63/execute/sync - {"script":"<script> [56 bytes]","args":[{"element-6066-11e4-a52e-4f735466cecf":"f.CCF77AB910636C8B118410FB7AEDA09C.d.A96CB39554E9C83B1781C63DAA0155F1.e.5782","ELEMENT":"f.CCF77AB910636C8B118410FB7AEDA09C.d.A96CB39554E9C83B1781C63DAA0155F1.e.5782"}]}
RESULT: {"script":"<script> [56 bytes]","args":[{"element-6066-11e4-a52e-4f735466cecf":"f.CCF77AB910636C8B118410FB7AEDA09C.d.A96CB39554E9C83B1781C63DAA0155F1.e.5782","ELEMENT":"f.CCF77AB910636C8B118410FB7AEDA09C.d.A96CB39554E9C83B1781C63DAA0155F1.e.5782"}]}
COMMAND: POST /session/2fb6d640d7e56baf8781ddfc65543b63/element - {"using":"xpath","value":"//span[contains(@title, \"Remove\")]"}
COMMAND: GET /session/2fb6d640d7e56baf8781ddfc65543b63/screenshot - {}
RESULT: {"using":"xpath","value":"//span[contains(@title, \"Remove\")]"}
COMMAND: POST /session/2fb6d640d7e56baf8781ddfc65543b63/element/f.CCF77AB910636C8B118410FB7AEDA09C.d.A96CB39554E9C83B1781C63DAA0155F1.e.6524/click - {}
RESULT: {}
RESULT: {}
COMMAND: GET /session/2fb6d640d7e56baf8781ddfc65543b63/screenshot - {}
RESULT: {}
COMMAND: POST /session/2fb6d640d7e56baf8781ddfc65543b63/execute/async - {"script":"<script> [1562 bytes]","args":[{"selector":{"id":"application-managepartners-display-component---masterPtm--smartFilterBar-btnFilters","interaction":{"idSuffix":"BDI-content"}},"wdio_ui5_key":"applicationmanagepartners-display-component---masterPtm--smartFilterBar-btnFilters"}]}
RESULT: {"script":"<script> [1562 bytes]","args":[{"selector":{"id":"application-managepartners-display-component---masterPtm--smartFilterBar-btnFilters","interaction":{"idSuffix":"BDI-content"}},"wdio_ui5_key":"applicationmanagepartners-display-component---masterPtm--smartFilterBar-btnFilters"}]}
RESULT: undefined
COMMAND: POST /session/2fb6d640d7e56baf8781ddfc65543b63/element - {"using":"xpath","value":"//*[@id=\"application-managepartners-display-component---masterPtm--smartFilterBar-btnFilters\"]"}
RESULT: {"using":"xpath","value":"//*[@id=\"application-managepartners-display-component---masterPtm--smartFilterBar-btnFilters\"]"}
COMMAND: POST /session/2fb6d640d7e56baf8781ddfc65543b63/element/f.CCF77AB910636C8B118410FB7AEDA09C.d.A96CB39554E9C83B1781C63DAA0155F1.e.5622/click - {}
RESULT: {}
COMMAND: GET /session/2fb6d640d7e56baf8781ddfc65543b63/screenshot - {}
RESULT: {}
COMMAND: POST /session/2fb6d640d7e56baf8781ddfc65543b63/elements - {"using":"xpath","value":"//table[contains(@id, \"listView-innerSelectionPanelTable-listUl\")]/tbody/tr"}
RESULT: {"using":"xpath","value":"//table[contains(@id, \"listView-innerSelectionPanelTable-listUl\")]/tbody/tr"}
COMMAND: POST /session/2fb6d640d7e56baf8781ddfc65543b63/element - {"using":"xpath","value":"//table[contains(@id, \"listView-innerSelectionPanelTable-listUl\")]/tbody/tr[2]/td[2]/div/div"}
RESULT: {"using":"xpath","value":"//table[contains(@id, \"listView-innerSelectionPanelTable-listUl\")]/tbody/tr[2]/td[2]/div/div"}
COMMAND: POST /session/2fb6d640d7e56baf8781ddfc65543b63/element - {"using":"xpath","value":"//table[contains(@id, \"listView-innerSelectionPanelTable-listUl\")]/tbody/tr[2]/td[2]/div"}
RESULT: {"using":"xpath","value":"//table[contains(@id, \"listView-innerSelectionPanelTable-listUl\")]/tbody/tr[2]/td[2]/div"}
COMMAND: POST /session/2fb6d640d7e56baf8781ddfc65543b63/element - {"using":"xpath","value":"//table[contains(@id, \"listView-innerSelectionPanelTable-listUl\")]/tbody/tr[2]/td[3]/div/div/span/span[1]/bdi"}
RESULT: {"using":"xpath","value":"//table[contains(@id, \"listView-innerSelectionPanelTable-listUl\")]/tbody/tr[2]/td[3]/div/div/span/span[1]/bdi"}
COMMAND: POST /session/2fb6d640d7e56baf8781ddfc65543b63/execute/sync - {"script":"<script> [56 bytes]","args":[{"element-6066-11e4-a52e-4f735466cecf":"f.CCF77AB910636C8B118410FB7AEDA09C.d.A96CB39554E9C83B1781C63DAA0155F1.e.6628","ELEMENT":"f.CCF77AB910636C8B118410FB7AEDA09C.d.A96CB39554E9C83B1781C63DAA0155F1.e.6628"}]}
RESULT: {"script":"<script> [56 bytes]","args":[{"element-6066-11e4-a52e-4f735466cecf":"f.CCF77AB910636C8B118410FB7AEDA09C.d.A96CB39554E9C83B1781C63DAA0155F1.e.6628","ELEMENT":"f.CCF77AB910636C8B118410FB7AEDA09C.d.A96CB39554E9C83B1781C63DAA0155F1.e.6628"}]}
COMMAND: GET /session/2fb6d640d7e56baf8781ddfc65543b63/element/f.CCF77AB910636C8B118410FB7AEDA09C.d.A96CB39554E9C83B1781C63DAA0155F1.e.6627/attribute/aria-checked - {}
COMMAND: GET /session/2fb6d640d7e56baf8781ddfc65543b63/screenshot - {}
RESULT: {}
COMMAND: POST /session/2fb6d640d7e56baf8781ddfc65543b63/element - {"using":"xpath","value":"//table[contains(@id, \"listView-innerSelectionPanelTable-listUl\")]/tbody/tr[3]/td[2]/div/div"}
RESULT: {}
RESULT: {"using":"xpath","value":"//table[contains(@id, \"listView-innerSelectionPanelTable-listUl\")]/tbody/tr[3]/td[2]/div/div"}
COMMAND: POST /session/2fb6d640d7e56baf8781ddfc65543b63/element - {"using":"xpath","value":"//table[contains(@id, \"listView-innerSelectionPanelTable-listUl\")]/tbody/tr[3]/td[2]/div"}
RESULT: {"using":"xpath","value":"//table[contains(@id, \"listView-innerSelectionPanelTable-listUl\")]/tbody/tr[3]/td[2]/div"}
COMMAND: POST /session/2fb6d640d7e56baf8781ddfc65543b63/element - {"using":"xpath","value":"//table[contains(@id, \"listView-innerSelectionPanelTable-listUl\")]/tbody/tr[3]/td[3]/div/div/span/span[1]/bdi"}
RESULT: {"using":"xpath","value":"//table[contains(@id, \"listView-innerSelectionPanelTable-listUl\")]/tbody/tr[3]/td[3]/div/div/span/span[1]/bdi"}
COMMAND: POST /session/2fb6d640d7e56baf8781ddfc65543b63/execute/sync - {"script":"<script> [56 bytes]","args":[{"element-6066-11e4-a52e-4f735466cecf":"f.CCF77AB910636C8B118410FB7AEDA09C.d.A96CB39554E9C83B1781C63DAA0155F1.e.6631","ELEMENT":"f.CCF77AB910636C8B118410FB7AEDA09C.d.A96CB39554E9C83B1781C63DAA0155F1.e.6631"}]}
RESULT: {"script":"<script> [56 bytes]","args":[{"element-6066-11e4-a52e-4f735466cecf":"f.CCF77AB910636C8B118410FB7AEDA09C.d.A96CB39554E9C83B1781C63DAA0155F1.e.6631","ELEMENT":"f.CCF77AB910636C8B118410FB7AEDA09C.d.A96CB39554E9C83B1781C63DAA0155F1.e.6631"}]}
COMMAND: GET /session/2fb6d640d7e56baf8781ddfc65543b63/element/f.CCF77AB910636C8B118410FB7AEDA09C.d.A96CB39554E9C83B1781C63DAA0155F1.e.6630/attribute/aria-checked - {}
COMMAND: GET /session/2fb6d640d7e56baf8781ddfc65543b63/screenshot - {}
RESULT: {}
COMMAND: POST /session/2fb6d640d7e56baf8781ddfc65543b63/element - {"using":"xpath","value":"//table[contains(@id, \"listView-innerSelectionPanelTable-listUl\")]/tbody/tr[4]/td[2]/div/div"}
RESULT: {}
RESULT: {"using":"xpath","value":"//table[contains(@id, \"listView-innerSelectionPanelTable-listUl\")]/tbody/tr[4]/td[2]/div/div"}
COMMAND: POST /session/2fb6d640d7e56baf8781ddfc65543b63/element - {"using":"xpath","value":"//table[contains(@id, \"listView-innerSelectionPanelTable-listUl\")]/tbody/tr[4]/td[2]/div"}
RESULT: {"using":"xpath","value":"//table[contains(@id, \"listView-innerSelectionPanelTable-listUl\")]/tbody/tr[4]/td[2]/div"}
COMMAND: POST /session/2fb6d640d7e56baf8781ddfc65543b63/element - {"using":"xpath","value":"//table[contains(@id, \"listView-innerSelectionPanelTable-listUl\")]/tbody/tr[4]/td[3]/div/div/span/span[1]/bdi"}
RESULT: {"using":"xpath","value":"//table[contains(@id, \"listView-innerSelectionPanelTable-listUl\")]/tbody/tr[4]/td[3]/div/div/span/span[1]/bdi"}
COMMAND: POST /session/2fb6d640d7e56baf8781ddfc65543b63/execute/sync - {"script":"<script> [56 bytes]","args":[{"element-6066-11e4-a52e-4f735466cecf":"f.CCF77AB910636C8B118410FB7AEDA09C.d.A96CB39554E9C83B1781C63DAA0155F1.e.6634","ELEMENT":"f.CCF77AB910636C8B118410FB7AEDA09C.d.A96CB39554E9C83B1781C63DAA0155F1.e.6634"}]}
RESULT: {"script":"<script> [56 bytes]","args":[{"element-6066-11e4-a52e-4f735466cecf":"f.CCF77AB910636C8B118410FB7AEDA09C.d.A96CB39554E9C83B1781C63DAA0155F1.e.6634","ELEMENT":"f.CCF77AB910636C8B118410FB7AEDA09C.d.A96CB39554E9C83B1781C63DAA0155F1.e.6634"}]}
COMMAND: GET /session/2fb6d640d7e56baf8781ddfc65543b63/element/f.CCF77AB910636C8B118410FB7AEDA09C.d.A96CB39554E9C83B1781C63DAA0155F1.e.6633/attribute/aria-checked - {}
COMMAND: GET /session/2fb6d640d7e56baf8781ddfc65543b63/screenshot - {}
RESULT: {}
COMMAND: POST /session/2fb6d640d7e56baf8781ddfc65543b63/element - {"using":"xpath","value":"//table[contains(@id, \"listView-innerSelectionPanelTable-listUl\")]/tbody/tr[5]/td[2]/div/div"}
RESULT: {}
RESULT: {"using":"xpath","value":"//table[contains(@id, \"listView-innerSelectionPanelTable-listUl\")]/tbody/tr[5]/td[2]/div/div"}
COMMAND: POST /session/2fb6d640d7e56baf8781ddfc65543b63/element - {"using":"xpath","value":"//table[contains(@id, \"listView-innerSelectionPanelTable-listUl\")]/tbody/tr[5]/td[2]/div"}
RESULT: {"using":"xpath","value":"//table[contains(@id, \"listView-innerSelectionPanelTable-listUl\")]/tbody/tr[5]/td[2]/div"}
COMMAND: POST /session/2fb6d640d7e56baf8781ddfc65543b63/element - {"using":"xpath","value":"//table[contains(@id, \"listView-innerSelectionPanelTable-listUl\")]/tbody/tr[5]/td[3]/div/div/span/span[1]/bdi"}
RESULT: {"using":"xpath","value":"//table[contains(@id, \"listView-innerSelectionPanelTable-listUl\")]/tbody/tr[5]/td[3]/div/div/span/span[1]/bdi"}
COMMAND: POST /session/2fb6d640d7e56baf8781ddfc65543b63/execute/sync - {"script":"<script> [56 bytes]","args":[{"element-6066-11e4-a52e-4f735466cecf":"f.CCF77AB910636C8B118410FB7AEDA09C.d.A96CB39554E9C83B1781C63DAA0155F1.e.6637","ELEMENT":"f.CCF77AB910636C8B118410FB7AEDA09C.d.A96CB39554E9C83B1781C63DAA0155F1.e.6637"}]}
RESULT: {"script":"<script> [56 bytes]","args":[{"element-6066-11e4-a52e-4f735466cecf":"f.CCF77AB910636C8B118410FB7AEDA09C.d.A96CB39554E9C83B1781C63DAA0155F1.e.6637","ELEMENT":"f.CCF77AB910636C8B118410FB7AEDA09C.d.A96CB39554E9C83B1781C63DAA0155F1.e.6637"}]}
COMMAND: GET /session/2fb6d640d7e56baf8781ddfc65543b63/element/f.CCF77AB910636C8B118410FB7AEDA09C.d.A96CB39554E9C83B1781C63DAA0155F1.e.6636/attribute/aria-checked - {}
COMMAND: GET /session/2fb6d640d7e56baf8781ddfc65543b63/screenshot - {}
RESULT: {}
COMMAND: POST /session/2fb6d640d7e56baf8781ddfc65543b63/element - {"using":"xpath","value":"//table[contains(@id, \"listView-innerSelectionPanelTable-listUl\")]/tbody/tr[6]/td[2]/div/div"}
RESULT: {}
RESULT: {"using":"xpath","value":"//table[contains(@id, \"listView-innerSelectionPanelTable-listUl\")]/tbody/tr[6]/td[2]/div/div"}
COMMAND: POST /session/2fb6d640d7e56baf8781ddfc65543b63/element - {"using":"xpath","value":"//table[contains(@id, \"listView-innerSelectionPanelTable-listUl\")]/tbody/tr[6]/td[2]/div"}
RESULT: {"using":"xpath","value":"//table[contains(@id, \"listView-innerSelectionPanelTable-listUl\")]/tbody/tr[6]/td[2]/div"}
COMMAND: POST /session/2fb6d640d7e56baf8781ddfc65543b63/element - {"using":"xpath","value":"//table[contains(@id, \"listView-innerSelectionPanelTable-listUl\")]/tbody/tr[6]/td[3]/div/div/span/span[1]/bdi"}
RESULT: {"using":"xpath","value":"//table[contains(@id, \"listView-innerSelectionPanelTable-listUl\")]/tbody/tr[6]/td[3]/div/div/span/span[1]/bdi"}
COMMAND: POST /session/2fb6d640d7e56baf8781ddfc65543b63/execute/sync - {"script":"<script> [56 bytes]","args":[{"element-6066-11e4-a52e-4f735466cecf":"f.CCF77AB910636C8B118410FB7AEDA09C.d.A96CB39554E9C83B1781C63DAA0155F1.e.6640","ELEMENT":"f.CCF77AB910636C8B118410FB7AEDA09C.d.A96CB39554E9C83B1781C63DAA0155F1.e.6640"}]}
RESULT: {"script":"<script> [56 bytes]","args":[{"element-6066-11e4-a52e-4f735466cecf":"f.CCF77AB910636C8B118410FB7AEDA09C.d.A96CB39554E9C83B1781C63DAA0155F1.e.6640","ELEMENT":"f.CCF77AB910636C8B118410FB7AEDA09C.d.A96CB39554E9C83B1781C63DAA0155F1.e.6640"}]}
COMMAND: GET /session/2fb6d640d7e56baf8781ddfc65543b63/element/f.CCF77AB910636C8B118410FB7AEDA09C.d.A96CB39554E9C83B1781C63DAA0155F1.e.6639/attribute/aria-checked - {}
COMMAND: GET /session/2fb6d640d7e56baf8781ddfc65543b63/screenshot - {}
RESULT: {}
COMMAND: POST /session/2fb6d640d7e56baf8781ddfc65543b63/element - {"using":"xpath","value":"//table[contains(@id, \"listView-innerSelectionPanelTable-listUl\")]/tbody/tr[7]/td[2]/div/div"}
RESULT: {}
RESULT: {"using":"xpath","value":"//table[contains(@id, \"listView-innerSelectionPanelTable-listUl\")]/tbody/tr[7]/td[2]/div/div"}
COMMAND: POST /session/2fb6d640d7e56baf8781ddfc65543b63/element - {"using":"xpath","value":"//table[contains(@id, \"listView-innerSelectionPanelTable-listUl\")]/tbody/tr[7]/td[2]/div"}
RESULT: {"using":"xpath","value":"//table[contains(@id, \"listView-innerSelectionPanelTable-listUl\")]/tbody/tr[7]/td[2]/div"}
COMMAND: POST /session/2fb6d640d7e56baf8781ddfc65543b63/element - {"using":"xpath","value":"//table[contains(@id, \"listView-innerSelectionPanelTable-listUl\")]/tbody/tr[7]/td[3]/div/div/span/span[1]/bdi"}
RESULT: {"using":"xpath","value":"//table[contains(@id, \"listView-innerSelectionPanelTable-listUl\")]/tbody/tr[7]/td[3]/div/div/span/span[1]/bdi"}
COMMAND: POST /session/2fb6d640d7e56baf8781ddfc65543b63/execute/sync - {"script":"<script> [56 bytes]","args":[{"element-6066-11e4-a52e-4f735466cecf":"f.CCF77AB910636C8B118410FB7AEDA09C.d.A96CB39554E9C83B1781C63DAA0155F1.e.6643","ELEMENT":"f.CCF77AB910636C8B118410FB7AEDA09C.d.A96CB39554E9C83B1781C63DAA0155F1.e.6643"}]}
RESULT: {"script":"<script> [56 bytes]","args":[{"element-6066-11e4-a52e-4f735466cecf":"f.CCF77AB910636C8B118410FB7AEDA09C.d.A96CB39554E9C83B1781C63DAA0155F1.e.6643","ELEMENT":"f.CCF77AB910636C8B118410FB7AEDA09C.d.A96CB39554E9C83B1781C63DAA0155F1.e.6643"}]}
COMMAND: GET /session/2fb6d640d7e56baf8781ddfc65543b63/element/f.CCF77AB910636C8B118410FB7AEDA09C.d.A96CB39554E9C83B1781C63DAA0155F1.e.6642/attribute/aria-checked - {}
COMMAND: GET /session/2fb6d640d7e56baf8781ddfc65543b63/screenshot - {}
RESULT: {}
COMMAND: POST /session/2fb6d640d7e56baf8781ddfc65543b63/element - {"using":"xpath","value":"//table[contains(@id, \"listView-innerSelectionPanelTable-listUl\")]/tbody/tr[8]/td[2]/div/div"}
RESULT: {}
RESULT: {"using":"xpath","value":"//table[contains(@id, \"listView-innerSelectionPanelTable-listUl\")]/tbody/tr[8]/td[2]/div/div"}
COMMAND: POST /session/2fb6d640d7e56baf8781ddfc65543b63/element - {"using":"xpath","value":"//table[contains(@id, \"listView-innerSelectionPanelTable-listUl\")]/tbody/tr[8]/td[2]/div"}
RESULT: {"using":"xpath","value":"//table[contains(@id, \"listView-innerSelectionPanelTable-listUl\")]/tbody/tr[8]/td[2]/div"}
COMMAND: POST /session/2fb6d640d7e56baf8781ddfc65543b63/element - {"using":"xpath","value":"//table[contains(@id, \"listView-innerSelectionPanelTable-listUl\")]/tbody/tr[8]/td[3]/div/div/span/span[1]/bdi"}
RESULT: {"using":"xpath","value":"//table[contains(@id, \"listView-innerSelectionPanelTable-listUl\")]/tbody/tr[8]/td[3]/div/div/span/span[1]/bdi"}
COMMAND: POST /session/2fb6d640d7e56baf8781ddfc65543b63/execute/sync - {"script":"<script> [56 bytes]","args":[{"element-6066-11e4-a52e-4f735466cecf":"f.CCF77AB910636C8B118410FB7AEDA09C.d.A96CB39554E9C83B1781C63DAA0155F1.e.6646","ELEMENT":"f.CCF77AB910636C8B118410FB7AEDA09C.d.A96CB39554E9C83B1781C63DAA0155F1.e.6646"}]}
RESULT: {"script":"<script> [56 bytes]","args":[{"element-6066-11e4-a52e-4f735466cecf":"f.CCF77AB910636C8B118410FB7AEDA09C.d.A96CB39554E9C83B1781C63DAA0155F1.e.6646","ELEMENT":"f.CCF77AB910636C8B118410FB7AEDA09C.d.A96CB39554E9C83B1781C63DAA0155F1.e.6646"}]}
COMMAND: GET /session/2fb6d640d7e56baf8781ddfc65543b63/element/f.CCF77AB910636C8B118410FB7AEDA09C.d.A96CB39554E9C83B1781C63DAA0155F1.e.6645/attribute/aria-checked - {}
COMMAND: GET /session/2fb6d640d7e56baf8781ddfc65543b63/screenshot - {}
RESULT: {}
COMMAND: POST /session/2fb6d640d7e56baf8781ddfc65543b63/element - {"using":"xpath","value":"//table[contains(@id, \"listView-innerSelectionPanelTable-listUl\")]/tbody/tr[9]/td[2]/div/div"}
RESULT: {}
RESULT: {"using":"xpath","value":"//table[contains(@id, \"listView-innerSelectionPanelTable-listUl\")]/tbody/tr[9]/td[2]/div/div"}
COMMAND: POST /session/2fb6d640d7e56baf8781ddfc65543b63/element - {"using":"xpath","value":"//table[contains(@id, \"listView-innerSelectionPanelTable-listUl\")]/tbody/tr[9]/td[2]/div"}
RESULT: {"using":"xpath","value":"//table[contains(@id, \"listView-innerSelectionPanelTable-listUl\")]/tbody/tr[9]/td[2]/div"}
COMMAND: POST /session/2fb6d640d7e56baf8781ddfc65543b63/element - {"using":"xpath","value":"//table[contains(@id, \"listView-innerSelectionPanelTable-listUl\")]/tbody/tr[9]/td[3]/div/div/span/span[1]/bdi"}
RESULT: {"using":"xpath","value":"//table[contains(@id, \"listView-innerSelectionPanelTable-listUl\")]/tbody/tr[9]/td[3]/div/div/span/span[1]/bdi"}
COMMAND: POST /session/2fb6d640d7e56baf8781ddfc65543b63/execute/sync - {"script":"<script> [56 bytes]","args":[{"element-6066-11e4-a52e-4f735466cecf":"f.CCF77AB910636C8B118410FB7AEDA09C.d.A96CB39554E9C83B1781C63DAA0155F1.e.6649","ELEMENT":"f.CCF77AB910636C8B118410FB7AEDA09C.d.A96CB39554E9C83B1781C63DAA0155F1.e.6649"}]}
RESULT: {"script":"<script> [56 bytes]","args":[{"element-6066-11e4-a52e-4f735466cecf":"f.CCF77AB910636C8B118410FB7AEDA09C.d.A96CB39554E9C83B1781C63DAA0155F1.e.6649","ELEMENT":"f.CCF77AB910636C8B118410FB7AEDA09C.d.A96CB39554E9C83B1781C63DAA0155F1.e.6649"}]}
COMMAND: GET /session/2fb6d640d7e56baf8781ddfc65543b63/element/f.CCF77AB910636C8B118410FB7AEDA09C.d.A96CB39554E9C83B1781C63DAA0155F1.e.6648/attribute/aria-checked - {}
COMMAND: GET /session/2fb6d640d7e56baf8781ddfc65543b63/screenshot - {}
RESULT: {}
COMMAND: POST /session/2fb6d640d7e56baf8781ddfc65543b63/element - {"using":"xpath","value":"//table[contains(@id, \"listView-innerSelectionPanelTable-listUl\")]/tbody/tr[10]/td[2]/div/div"}
RESULT: {}
RESULT: {"using":"xpath","value":"//table[contains(@id, \"listView-innerSelectionPanelTable-listUl\")]/tbody/tr[10]/td[2]/div/div"}
COMMAND: POST /session/2fb6d640d7e56baf8781ddfc65543b63/element - {"using":"xpath","value":"//table[contains(@id, \"listView-innerSelectionPanelTable-listUl\")]/tbody/tr[10]/td[2]/div"}
RESULT: {"using":"xpath","value":"//table[contains(@id, \"listView-innerSelectionPanelTable-listUl\")]/tbody/tr[10]/td[2]/div"}
COMMAND: POST /session/2fb6d640d7e56baf8781ddfc65543b63/element - {"using":"xpath","value":"//table[contains(@id, \"listView-innerSelectionPanelTable-listUl\")]/tbody/tr[10]/td[3]/div/div/span/span[1]/bdi"}
RESULT: {"using":"xpath","value":"//table[contains(@id, \"listView-innerSelectionPanelTable-listUl\")]/tbody/tr[10]/td[3]/div/div/span/span[1]/bdi"}
COMMAND: POST /session/2fb6d640d7e56baf8781ddfc65543b63/execute/sync - {"script":"<script> [56 bytes]","args":[{"element-6066-11e4-a52e-4f735466cecf":"f.CCF77AB910636C8B118410FB7AEDA09C.d.A96CB39554E9C83B1781C63DAA0155F1.e.6652","ELEMENT":"f.CCF77AB910636C8B118410FB7AEDA09C.d.A96CB39554E9C83B1781C63DAA0155F1.e.6652"}]}
RESULT: {"script":"<script> [56 bytes]","args":[{"element-6066-11e4-a52e-4f735466cecf":"f.CCF77AB910636C8B118410FB7AEDA09C.d.A96CB39554E9C83B1781C63DAA0155F1.e.6652","ELEMENT":"f.CCF77AB910636C8B118410FB7AEDA09C.d.A96CB39554E9C83B1781C63DAA0155F1.e.6652"}]}
COMMAND: GET /session/2fb6d640d7e56baf8781ddfc65543b63/element/f.CCF77AB910636C8B118410FB7AEDA09C.d.A96CB39554E9C83B1781C63DAA0155F1.e.6651/attribute/aria-checked - {}
COMMAND: GET /session/2fb6d640d7e56baf8781ddfc65543b63/screenshot - {}
RESULT: {}
COMMAND: POST /session/2fb6d640d7e56baf8781ddfc65543b63/element - {"using":"xpath","value":"//table[contains(@id, \"listView-innerSelectionPanelTable-listUl\")]/tbody/tr[11]/td[2]/div/div"}
RESULT: {}
RESULT: {"using":"xpath","value":"//table[contains(@id, \"listView-innerSelectionPanelTable-listUl\")]/tbody/tr[11]/td[2]/div/div"}
COMMAND: POST /session/2fb6d640d7e56baf8781ddfc65543b63/element - {"using":"xpath","value":"//table[contains(@id, \"listView-innerSelectionPanelTable-listUl\")]/tbody/tr[11]/td[2]/div"}
RESULT: {"using":"xpath","value":"//table[contains(@id, \"listView-innerSelectionPanelTable-listUl\")]/tbody/tr[11]/td[2]/div"}
COMMAND: POST /session/2fb6d640d7e56baf8781ddfc65543b63/element - {"using":"xpath","value":"//table[contains(@id, \"listView-innerSelectionPanelTable-listUl\")]/tbody/tr[11]/td[3]/div/div/span/span[1]/bdi"}
RESULT: {"using":"xpath","value":"//table[contains(@id, \"listView-innerSelectionPanelTable-listUl\")]/tbody/tr[11]/td[3]/div/div/span/span[1]/bdi"}
COMMAND: POST /session/2fb6d640d7e56baf8781ddfc65543b63/execute/sync - {"script":"<script> [56 bytes]","args":[{"element-6066-11e4-a52e-4f735466cecf":"f.CCF77AB910636C8B118410FB7AEDA09C.d.A96CB39554E9C83B1781C63DAA0155F1.e.6655","ELEMENT":"f.CCF77AB910636C8B118410FB7AEDA09C.d.A96CB39554E9C83B1781C63DAA0155F1.e.6655"}]}
RESULT: {"script":"<script> [56 bytes]","args":[{"element-6066-11e4-a52e-4f735466cecf":"f.CCF77AB910636C8B118410FB7AEDA09C.d.A96CB39554E9C83B1781C63DAA0155F1.e.6655","ELEMENT":"f.CCF77AB910636C8B118410FB7AEDA09C.d.A96CB39554E9C83B1781C63DAA0155F1.e.6655"}]}
COMMAND: GET /session/2fb6d640d7e56baf8781ddfc65543b63/element/f.CCF77AB910636C8B118410FB7AEDA09C.d.A96CB39554E9C83B1781C63DAA0155F1.e.6654/attribute/aria-checked - {}
COMMAND: GET /session/2fb6d640d7e56baf8781ddfc65543b63/screenshot - {}
RESULT: {}
COMMAND: POST /session/2fb6d640d7e56baf8781ddfc65543b63/element - {"using":"xpath","value":"//table[contains(@id, \"listView-innerSelectionPanelTable-listUl\")]/tbody/tr[12]/td[2]/div/div"}
RESULT: {}
RESULT: {"using":"xpath","value":"//table[contains(@id, \"listView-innerSelectionPanelTable-listUl\")]/tbody/tr[12]/td[2]/div/div"}
COMMAND: POST /session/2fb6d640d7e56baf8781ddfc65543b63/element - {"using":"xpath","value":"//table[contains(@id, \"listView-innerSelectionPanelTable-listUl\")]/tbody/tr[12]/td[2]/div"}
RESULT: {"using":"xpath","value":"//table[contains(@id, \"listView-innerSelectionPanelTable-listUl\")]/tbody/tr[12]/td[2]/div"}
COMMAND: POST /session/2fb6d640d7e56baf8781ddfc65543b63/element - {"using":"xpath","value":"//table[contains(@id, \"listView-innerSelectionPanelTable-listUl\")]/tbody/tr[12]/td[3]/div/div/span/span[1]/bdi"}
RESULT: {"using":"xpath","value":"//table[contains(@id, \"listView-innerSelectionPanelTable-listUl\")]/tbody/tr[12]/td[3]/div/div/span/span[1]/bdi"}
COMMAND: POST /session/2fb6d640d7e56baf8781ddfc65543b63/execute/sync - {"script":"<script> [56 bytes]","args":[{"element-6066-11e4-a52e-4f735466cecf":"f.CCF77AB910636C8B118410FB7AEDA09C.d.A96CB39554E9C83B1781C63DAA0155F1.e.6658","ELEMENT":"f.CCF77AB910636C8B118410FB7AEDA09C.d.A96CB39554E9C83B1781C63DAA0155F1.e.6658"}]}
RESULT: {"script":"<script> [56 bytes]","args":[{"element-6066-11e4-a52e-4f735466cecf":"f.CCF77AB910636C8B118410FB7AEDA09C.d.A96CB39554E9C83B1781C63DAA0155F1.e.6658","ELEMENT":"f.CCF77AB910636C8B118410FB7AEDA09C.d.A96CB39554E9C83B1781C63DAA0155F1.e.6658"}]}
COMMAND: GET /session/2fb6d640d7e56baf8781ddfc65543b63/element/f.CCF77AB910636C8B118410FB7AEDA09C.d.A96CB39554E9C83B1781C63DAA0155F1.e.6657/attribute/aria-checked - {}
COMMAND: GET /session/2fb6d640d7e56baf8781ddfc65543b63/screenshot - {}
RESULT: {}
COMMAND: POST /session/2fb6d640d7e56baf8781ddfc65543b63/element - {"using":"xpath","value":"//table[contains(@id, \"listView-innerSelectionPanelTable-listUl\")]/tbody/tr[13]/td[2]/div/div"}
RESULT: {}
RESULT: {"using":"xpath","value":"//table[contains(@id, \"listView-innerSelectionPanelTable-listUl\")]/tbody/tr[13]/td[2]/div/div"}
COMMAND: POST /session/2fb6d640d7e56baf8781ddfc65543b63/element - {"using":"xpath","value":"//table[contains(@id, \"listView-innerSelectionPanelTable-listUl\")]/tbody/tr[13]/td[2]/div"}
RESULT: {"using":"xpath","value":"//table[contains(@id, \"listView-innerSelectionPanelTable-listUl\")]/tbody/tr[13]/td[2]/div"}
COMMAND: POST /session/2fb6d640d7e56baf8781ddfc65543b63/element - {"using":"xpath","value":"//table[contains(@id, \"listView-innerSelectionPanelTable-listUl\")]/tbody/tr[13]/td[3]/div/div/span/span[1]/bdi"}
RESULT: {"using":"xpath","value":"//table[contains(@id, \"listView-innerSelectionPanelTable-listUl\")]/tbody/tr[13]/td[3]/div/div/span/span[1]/bdi"}
COMMAND: POST /session/2fb6d640d7e56baf8781ddfc65543b63/execute/sync - {"script":"<script> [56 bytes]","args":[{"element-6066-11e4-a52e-4f735466cecf":"f.CCF77AB910636C8B118410FB7AEDA09C.d.A96CB39554E9C83B1781C63DAA0155F1.e.6661","ELEMENT":"f.CCF77AB910636C8B118410FB7AEDA09C.d.A96CB39554E9C83B1781C63DAA0155F1.e.6661"}]}
RESULT: {"script":"<script> [56 bytes]","args":[{"element-6066-11e4-a52e-4f735466cecf":"f.CCF77AB910636C8B118410FB7AEDA09C.d.A96CB39554E9C83B1781C63DAA0155F1.e.6661","ELEMENT":"f.CCF77AB910636C8B118410FB7AEDA09C.d.A96CB39554E9C83B1781C63DAA0155F1.e.6661"}]}
COMMAND: GET /session/2fb6d640d7e56baf8781ddfc65543b63/element/f.CCF77AB910636C8B118410FB7AEDA09C.d.A96CB39554E9C83B1781C63DAA0155F1.e.6660/attribute/aria-checked - {}
COMMAND: GET /session/2fb6d640d7e56baf8781ddfc65543b63/screenshot - {}
RESULT: {}
COMMAND: POST /session/2fb6d640d7e56baf8781ddfc65543b63/element - {"using":"xpath","value":"//table[contains(@id, \"listView-innerSelectionPanelTable-listUl\")]/tbody/tr[14]/td[2]/div/div"}
COMMAND: POST /session/2fb6d640d7e56baf8781ddfc65543b63/element/f.CCF77AB910636C8B118410FB7AEDA09C.d.A96CB39554E9C83B1781C63DAA0155F1.e.6659/click - {}
RESULT: {}
RESULT: {}
COMMAND: GET /session/2fb6d640d7e56baf8781ddfc65543b63/screenshot - {}
RESULT: {"using":"xpath","value":"//table[contains(@id, \"listView-innerSelectionPanelTable-listUl\")]/tbody/tr[14]/td[2]/div/div"}
COMMAND: POST /session/2fb6d640d7e56baf8781ddfc65543b63/element - {"using":"xpath","value":"//table[contains(@id, \"listView-innerSelectionPanelTable-listUl\")]/tbody/tr[14]/td[2]/div"}
RESULT: {}
RESULT: {"using":"xpath","value":"//table[contains(@id, \"listView-innerSelectionPanelTable-listUl\")]/tbody/tr[14]/td[2]/div"}
COMMAND: POST /session/2fb6d640d7e56baf8781ddfc65543b63/element - {"using":"xpath","value":"//table[contains(@id, \"listView-innerSelectionPanelTable-listUl\")]/tbody/tr[14]/td[3]/div/div/span/span[1]/bdi"}
RESULT: {"using":"xpath","value":"//table[contains(@id, \"listView-innerSelectionPanelTable-listUl\")]/tbody/tr[14]/td[3]/div/div/span/span[1]/bdi"}
COMMAND: POST /session/2fb6d640d7e56baf8781ddfc65543b63/execute/sync - {"script":"<script> [56 bytes]","args":[{"element-6066-11e4-a52e-4f735466cecf":"f.CCF77AB910636C8B118410FB7AEDA09C.d.A96CB39554E9C83B1781C63DAA0155F1.e.6665","ELEMENT":"f.CCF77AB910636C8B118410FB7AEDA09C.d.A96CB39554E9C83B1781C63DAA0155F1.e.6665"}]}
RESULT: {"script":"<script> [56 bytes]","args":[{"element-6066-11e4-a52e-4f735466cecf":"f.CCF77AB910636C8B118410FB7AEDA09C.d.A96CB39554E9C83B1781C63DAA0155F1.e.6665","ELEMENT":"f.CCF77AB910636C8B118410FB7AEDA09C.d.A96CB39554E9C83B1781C63DAA0155F1.e.6665"}]}
COMMAND: GET /session/2fb6d640d7e56baf8781ddfc65543b63/element/f.CCF77AB910636C8B118410FB7AEDA09C.d.A96CB39554E9C83B1781C63DAA0155F1.e.6664/attribute/aria-checked - {}
COMMAND: GET /session/2fb6d640d7e56baf8781ddfc65543b63/screenshot - {}
RESULT: {}
COMMAND: POST /session/2fb6d640d7e56baf8781ddfc65543b63/element - {"using":"xpath","value":"//table[contains(@id, \"listView-innerSelectionPanelTable-listUl\")]/tbody/tr[15]/td[2]/div/div"}
RESULT: {}
RESULT: {"using":"xpath","value":"//table[contains(@id, \"listView-innerSelectionPanelTable-listUl\")]/tbody/tr[15]/td[2]/div/div"}
COMMAND: POST /session/2fb6d640d7e56baf8781ddfc65543b63/element - {"using":"xpath","value":"//table[contains(@id, \"listView-innerSelectionPanelTable-listUl\")]/tbody/tr[15]/td[2]/div"}
RESULT: {"using":"xpath","value":"//table[contains(@id, \"listView-innerSelectionPanelTable-listUl\")]/tbody/tr[15]/td[2]/div"}
COMMAND: POST /session/2fb6d640d7e56baf8781ddfc65543b63/element - {"using":"xpath","value":"//table[contains(@id, \"listView-innerSelectionPanelTable-listUl\")]/tbody/tr[15]/td[3]/div/div/span/span[1]/bdi"}
RESULT: {"using":"xpath","value":"//table[contains(@id, \"listView-innerSelectionPanelTable-listUl\")]/tbody/tr[15]/td[3]/div/div/span/span[1]/bdi"}
COMMAND: POST /session/2fb6d640d7e56baf8781ddfc65543b63/execute/sync - {"script":"<script> [56 bytes]","args":[{"element-6066-11e4-a52e-4f735466cecf":"f.CCF77AB910636C8B118410FB7AEDA09C.d.A96CB39554E9C83B1781C63DAA0155F1.e.6668","ELEMENT":"f.CCF77AB910636C8B118410FB7AEDA09C.d.A96CB39554E9C83B1781C63DAA0155F1.e.6668"}]}
RESULT: {"script":"<script> [56 bytes]","args":[{"element-6066-11e4-a52e-4f735466cecf":"f.CCF77AB910636C8B118410FB7AEDA09C.d.A96CB39554E9C83B1781C63DAA0155F1.e.6668","ELEMENT":"f.CCF77AB910636C8B118410FB7AEDA09C.d.A96CB39554E9C83B1781C63DAA0155F1.e.6668"}]}
COMMAND: GET /session/2fb6d640d7e56baf8781ddfc65543b63/element/f.CCF77AB910636C8B118410FB7AEDA09C.d.A96CB39554E9C83B1781C63DAA0155F1.e.6667/attribute/aria-checked - {}
COMMAND: GET /session/2fb6d640d7e56baf8781ddfc65543b63/screenshot - {}
RESULT: {}
COMMAND: POST /session/2fb6d640d7e56baf8781ddfc65543b63/element - {"using":"xpath","value":"//table[contains(@id, \"listView-innerSelectionPanelTable-listUl\")]/tbody/tr[16]/td[2]/div/div"}
RESULT: {}
RESULT: {"using":"xpath","value":"//table[contains(@id, \"listView-innerSelectionPanelTable-listUl\")]/tbody/tr[16]/td[2]/div/div"}
COMMAND: POST /session/2fb6d640d7e56baf8781ddfc65543b63/element - {"using":"xpath","value":"//table[contains(@id, \"listView-innerSelectionPanelTable-listUl\")]/tbody/tr[16]/td[2]/div"}
RESULT: {"using":"xpath","value":"//table[contains(@id, \"listView-innerSelectionPanelTable-listUl\")]/tbody/tr[16]/td[2]/div"}
COMMAND: POST /session/2fb6d640d7e56baf8781ddfc65543b63/element - {"using":"xpath","value":"//table[contains(@id, \"listView-innerSelectionPanelTable-listUl\")]/tbody/tr[16]/td[3]/div/div/span/span[1]/bdi"}
RESULT: {"using":"xpath","value":"//table[contains(@id, \"listView-innerSelectionPanelTable-listUl\")]/tbody/tr[16]/td[3]/div/div/span/span[1]/bdi"}
COMMAND: POST /session/2fb6d640d7e56baf8781ddfc65543b63/execute/sync - {"script":"<script> [56 bytes]","args":[{"element-6066-11e4-a52e-4f735466cecf":"f.CCF77AB910636C8B118410FB7AEDA09C.d.A96CB39554E9C83B1781C63DAA0155F1.e.6671","ELEMENT":"f.CCF77AB910636C8B118410FB7AEDA09C.d.A96CB39554E9C83B1781C63DAA0155F1.e.6671"}]}
RESULT: {"script":"<script> [56 bytes]","args":[{"element-6066-11e4-a52e-4f735466cecf":"f.CCF77AB910636C8B118410FB7AEDA09C.d.A96CB39554E9C83B1781C63DAA0155F1.e.6671","ELEMENT":"f.CCF77AB910636C8B118410FB7AEDA09C.d.A96CB39554E9C83B1781C63DAA0155F1.e.6671"}]}
COMMAND: GET /session/2fb6d640d7e56baf8781ddfc65543b63/element/f.CCF77AB910636C8B118410FB7AEDA09C.d.A96CB39554E9C83B1781C63DAA0155F1.e.6670/attribute/aria-checked - {}
COMMAND: GET /session/2fb6d640d7e56baf8781ddfc65543b63/screenshot - {}
RESULT: {}
COMMAND: POST /session/2fb6d640d7e56baf8781ddfc65543b63/element - {"using":"xpath","value":"//table[contains(@id, \"listView-innerSelectionPanelTable-listUl\")]/tbody/tr[17]/td[2]/div/div"}
RESULT: {}
RESULT: {"using":"xpath","value":"//table[contains(@id, \"listView-innerSelectionPanelTable-listUl\")]/tbody/tr[17]/td[2]/div/div"}
COMMAND: POST /session/2fb6d640d7e56baf8781ddfc65543b63/element - {"using":"xpath","value":"//table[contains(@id, \"listView-innerSelectionPanelTable-listUl\")]/tbody/tr[17]/td[2]/div"}
RESULT: {"using":"xpath","value":"//table[contains(@id, \"listView-innerSelectionPanelTable-listUl\")]/tbody/tr[17]/td[2]/div"}
COMMAND: POST /session/2fb6d640d7e56baf8781ddfc65543b63/element - {"using":"xpath","value":"//table[contains(@id, \"listView-innerSelectionPanelTable-listUl\")]/tbody/tr[17]/td[3]/div/div/span/span[1]/bdi"}
RESULT: {"using":"xpath","value":"//table[contains(@id, \"listView-innerSelectionPanelTable-listUl\")]/tbody/tr[17]/td[3]/div/div/span/span[1]/bdi"}
COMMAND: POST /session/2fb6d640d7e56baf8781ddfc65543b63/execute/sync - {"script":"<script> [56 bytes]","args":[{"element-6066-11e4-a52e-4f735466cecf":"f.CCF77AB910636C8B118410FB7AEDA09C.d.A96CB39554E9C83B1781C63DAA0155F1.e.6674","ELEMENT":"f.CCF77AB910636C8B118410FB7AEDA09C.d.A96CB39554E9C83B1781C63DAA0155F1.e.6674"}]}
RESULT: {"script":"<script> [56 bytes]","args":[{"element-6066-11e4-a52e-4f735466cecf":"f.CCF77AB910636C8B118410FB7AEDA09C.d.A96CB39554E9C83B1781C63DAA0155F1.e.6674","ELEMENT":"f.CCF77AB910636C8B118410FB7AEDA09C.d.A96CB39554E9C83B1781C63DAA0155F1.e.6674"}]}
COMMAND: GET /session/2fb6d640d7e56baf8781ddfc65543b63/element/f.CCF77AB910636C8B118410FB7AEDA09C.d.A96CB39554E9C83B1781C63DAA0155F1.e.6673/attribute/aria-checked - {}
COMMAND: GET /session/2fb6d640d7e56baf8781ddfc65543b63/screenshot - {}
RESULT: {}
COMMAND: POST /session/2fb6d640d7e56baf8781ddfc65543b63/element - {"using":"xpath","value":"//table[contains(@id, \"listView-innerSelectionPanelTable-listUl\")]/tbody/tr[18]/td[2]/div/div"}
RESULT: {}
RESULT: {"using":"xpath","value":"//table[contains(@id, \"listView-innerSelectionPanelTable-listUl\")]/tbody/tr[18]/td[2]/div/div"}
COMMAND: POST /session/2fb6d640d7e56baf8781ddfc65543b63/element - {"using":"xpath","value":"//table[contains(@id, \"listView-innerSelectionPanelTable-listUl\")]/tbody/tr[18]/td[2]/div"}
RESULT: {"using":"xpath","value":"//table[contains(@id, \"listView-innerSelectionPanelTable-listUl\")]/tbody/tr[18]/td[2]/div"}
COMMAND: POST /session/2fb6d640d7e56baf8781ddfc65543b63/element - {"using":"xpath","value":"//table[contains(@id, \"listView-innerSelectionPanelTable-listUl\")]/tbody/tr[18]/td[3]/div/div/span/span[1]/bdi"}
RESULT: {"using":"xpath","value":"//table[contains(@id, \"listView-innerSelectionPanelTable-listUl\")]/tbody/tr[18]/td[3]/div/div/span/span[1]/bdi"}
COMMAND: POST /session/2fb6d640d7e56baf8781ddfc65543b63/execute/sync - {"script":"<script> [56 bytes]","args":[{"element-6066-11e4-a52e-4f735466cecf":"f.CCF77AB910636C8B118410FB7AEDA09C.d.A96CB39554E9C83B1781C63DAA0155F1.e.6677","ELEMENT":"f.CCF77AB910636C8B118410FB7AEDA09C.d.A96CB39554E9C83B1781C63DAA0155F1.e.6677"}]}
RESULT: {"script":"<script> [56 bytes]","args":[{"element-6066-11e4-a52e-4f735466cecf":"f.CCF77AB910636C8B118410FB7AEDA09C.d.A96CB39554E9C83B1781C63DAA0155F1.e.6677","ELEMENT":"f.CCF77AB910636C8B118410FB7AEDA09C.d.A96CB39554E9C83B1781C63DAA0155F1.e.6677"}]}
COMMAND: GET /session/2fb6d640d7e56baf8781ddfc65543b63/element/f.CCF77AB910636C8B118410FB7AEDA09C.d.A96CB39554E9C83B1781C63DAA0155F1.e.6676/attribute/aria-checked - {}
COMMAND: GET /session/2fb6d640d7e56baf8781ddfc65543b63/screenshot - {}
RESULT: {}
COMMAND: POST /session/2fb6d640d7e56baf8781ddfc65543b63/element - {"using":"xpath","value":"//table[contains(@id, \"listView-innerSelectionPanelTable-listUl\")]/tbody/tr[19]/td[2]/div/div"}
RESULT: {}
RESULT: {"using":"xpath","value":"//table[contains(@id, \"listView-innerSelectionPanelTable-listUl\")]/tbody/tr[19]/td[2]/div/div"}
COMMAND: POST /session/2fb6d640d7e56baf8781ddfc65543b63/element - {"using":"xpath","value":"//table[contains(@id, \"listView-innerSelectionPanelTable-listUl\")]/tbody/tr[19]/td[2]/div"}
RESULT: {"using":"xpath","value":"//table[contains(@id, \"listView-innerSelectionPanelTable-listUl\")]/tbody/tr[19]/td[2]/div"}
COMMAND: POST /session/2fb6d640d7e56baf8781ddfc65543b63/element - {"using":"xpath","value":"//table[contains(@id, \"listView-innerSelectionPanelTable-listUl\")]/tbody/tr[19]/td[3]/div/div/span/span[1]/bdi"}
RESULT: {"using":"xpath","value":"//table[contains(@id, \"listView-innerSelectionPanelTable-listUl\")]/tbody/tr[19]/td[3]/div/div/span/span[1]/bdi"}
COMMAND: POST /session/2fb6d640d7e56baf8781ddfc65543b63/execute/sync - {"script":"<script> [56 bytes]","args":[{"element-6066-11e4-a52e-4f735466cecf":"f.CCF77AB910636C8B118410FB7AEDA09C.d.A96CB39554E9C83B1781C63DAA0155F1.e.6680","ELEMENT":"f.CCF77AB910636C8B118410FB7AEDA09C.d.A96CB39554E9C83B1781C63DAA0155F1.e.6680"}]}
RESULT: {"script":"<script> [56 bytes]","args":[{"element-6066-11e4-a52e-4f735466cecf":"f.CCF77AB910636C8B118410FB7AEDA09C.d.A96CB39554E9C83B1781C63DAA0155F1.e.6680","ELEMENT":"f.CCF77AB910636C8B118410FB7AEDA09C.d.A96CB39554E9C83B1781C63DAA0155F1.e.6680"}]}
COMMAND: GET /session/2fb6d640d7e56baf8781ddfc65543b63/element/f.CCF77AB910636C8B118410FB7AEDA09C.d.A96CB39554E9C83B1781C63DAA0155F1.e.6679/attribute/aria-checked - {}
COMMAND: GET /session/2fb6d640d7e56baf8781ddfc65543b63/screenshot - {}
RESULT: {}
COMMAND: POST /session/2fb6d640d7e56baf8781ddfc65543b63/element - {"using":"xpath","value":"//table[contains(@id, \"listView-innerSelectionPanelTable-listUl\")]/tbody/tr[20]/td[2]/div/div"}
RESULT: {}
RESULT: {"using":"xpath","value":"//table[contains(@id, \"listView-innerSelectionPanelTable-listUl\")]/tbody/tr[20]/td[2]/div/div"}
COMMAND: POST /session/2fb6d640d7e56baf8781ddfc65543b63/element - {"using":"xpath","value":"//table[contains(@id, \"listView-innerSelectionPanelTable-listUl\")]/tbody/tr[20]/td[2]/div"}
RESULT: {"using":"xpath","value":"//table[contains(@id, \"listView-innerSelectionPanelTable-listUl\")]/tbody/tr[20]/td[2]/div"}
COMMAND: POST /session/2fb6d640d7e56baf8781ddfc65543b63/element - {"using":"xpath","value":"//table[contains(@id, \"listView-innerSelectionPanelTable-listUl\")]/tbody/tr[20]/td[3]/div/div/span/span[1]/bdi"}
RESULT: {"using":"xpath","value":"//table[contains(@id, \"listView-innerSelectionPanelTable-listUl\")]/tbody/tr[20]/td[3]/div/div/span/span[1]/bdi"}
COMMAND: POST /session/2fb6d640d7e56baf8781ddfc65543b63/execute/sync - {"script":"<script> [56 bytes]","args":[{"element-6066-11e4-a52e-4f735466cecf":"f.CCF77AB910636C8B118410FB7AEDA09C.d.A96CB39554E9C83B1781C63DAA0155F1.e.6683","ELEMENT":"f.CCF77AB910636C8B118410FB7AEDA09C.d.A96CB39554E9C83B1781C63DAA0155F1.e.6683"}]}
RESULT: {"script":"<script> [56 bytes]","args":[{"element-6066-11e4-a52e-4f735466cecf":"f.CCF77AB910636C8B118410FB7AEDA09C.d.A96CB39554E9C83B1781C63DAA0155F1.e.6683","ELEMENT":"f.CCF77AB910636C8B118410FB7AEDA09C.d.A96CB39554E9C83B1781C63DAA0155F1.e.6683"}]}
COMMAND: GET /session/2fb6d640d7e56baf8781ddfc65543b63/element/f.CCF77AB910636C8B118410FB7AEDA09C.d.A96CB39554E9C83B1781C63DAA0155F1.e.6682/attribute/aria-checked - {}
COMMAND: GET /session/2fb6d640d7e56baf8781ddfc65543b63/screenshot - {}
RESULT: {}
COMMAND: POST /session/2fb6d640d7e56baf8781ddfc65543b63/element - {"using":"xpath","value":"//table[contains(@id, \"listView-innerSelectionPanelTable-listUl\")]/tbody/tr[21]/td[2]/div/div"}
RESULT: {}
RESULT: {"using":"xpath","value":"//table[contains(@id, \"listView-innerSelectionPanelTable-listUl\")]/tbody/tr[21]/td[2]/div/div"}
COMMAND: POST /session/2fb6d640d7e56baf8781ddfc65543b63/element - {"using":"xpath","value":"//table[contains(@id, \"listView-innerSelectionPanelTable-listUl\")]/tbody/tr[21]/td[2]/div"}
RESULT: {"using":"xpath","value":"//table[contains(@id, \"listView-innerSelectionPanelTable-listUl\")]/tbody/tr[21]/td[2]/div"}
COMMAND: POST /session/2fb6d640d7e56baf8781ddfc65543b63/element - {"using":"xpath","value":"//table[contains(@id, \"listView-innerSelectionPanelTable-listUl\")]/tbody/tr[21]/td[3]/div/div/span/span[1]/bdi"}
RESULT: {"using":"xpath","value":"//table[contains(@id, \"listView-innerSelectionPanelTable-listUl\")]/tbody/tr[21]/td[3]/div/div/span/span[1]/bdi"}
COMMAND: POST /session/2fb6d640d7e56baf8781ddfc65543b63/execute/sync - {"script":"<script> [56 bytes]","args":[{"element-6066-11e4-a52e-4f735466cecf":"f.CCF77AB910636C8B118410FB7AEDA09C.d.A96CB39554E9C83B1781C63DAA0155F1.e.6686","ELEMENT":"f.CCF77AB910636C8B118410FB7AEDA09C.d.A96CB39554E9C83B1781C63DAA0155F1.e.6686"}]}
RESULT: {"script":"<script> [56 bytes]","args":[{"element-6066-11e4-a52e-4f735466cecf":"f.CCF77AB910636C8B118410FB7AEDA09C.d.A96CB39554E9C83B1781C63DAA0155F1.e.6686","ELEMENT":"f.CCF77AB910636C8B118410FB7AEDA09C.d.A96CB39554E9C83B1781C63DAA0155F1.e.6686"}]}
COMMAND: GET /session/2fb6d640d7e56baf8781ddfc65543b63/element/f.CCF77AB910636C8B118410FB7AEDA09C.d.A96CB39554E9C83B1781C63DAA0155F1.e.6685/attribute/aria-checked - {}
COMMAND: GET /session/2fb6d640d7e56baf8781ddfc65543b63/screenshot - {}
RESULT: {}
COMMAND: POST /session/2fb6d640d7e56baf8781ddfc65543b63/element - {"using":"xpath","value":"//table[contains(@id, \"listView-innerSelectionPanelTable-listUl\")]/tbody/tr[22]/td[2]/div/div"}
RESULT: {}
RESULT: {"using":"xpath","value":"//table[contains(@id, \"listView-innerSelectionPanelTable-listUl\")]/tbody/tr[22]/td[2]/div/div"}
COMMAND: POST /session/2fb6d640d7e56baf8781ddfc65543b63/element - {"using":"xpath","value":"//table[contains(@id, \"listView-innerSelectionPanelTable-listUl\")]/tbody/tr[22]/td[2]/div"}
RESULT: {"using":"xpath","value":"//table[contains(@id, \"listView-innerSelectionPanelTable-listUl\")]/tbody/tr[22]/td[2]/div"}
COMMAND: POST /session/2fb6d640d7e56baf8781ddfc65543b63/element - {"using":"xpath","value":"//table[contains(@id, \"listView-innerSelectionPanelTable-listUl\")]/tbody/tr[22]/td[3]/div/div/span/span[1]/bdi"}
RESULT: {"using":"xpath","value":"//table[contains(@id, \"listView-innerSelectionPanelTable-listUl\")]/tbody/tr[22]/td[3]/div/div/span/span[1]/bdi"}
COMMAND: POST /session/2fb6d640d7e56baf8781ddfc65543b63/execute/sync - {"script":"<script> [56 bytes]","args":[{"element-6066-11e4-a52e-4f735466cecf":"f.CCF77AB910636C8B118410FB7AEDA09C.d.A96CB39554E9C83B1781C63DAA0155F1.e.6689","ELEMENT":"f.CCF77AB910636C8B118410FB7AEDA09C.d.A96CB39554E9C83B1781C63DAA0155F1.e.6689"}]}
RESULT: {"script":"<script> [56 bytes]","args":[{"element-6066-11e4-a52e-4f735466cecf":"f.CCF77AB910636C8B118410FB7AEDA09C.d.A96CB39554E9C83B1781C63DAA0155F1.e.6689","ELEMENT":"f.CCF77AB910636C8B118410FB7AEDA09C.d.A96CB39554E9C83B1781C63DAA0155F1.e.6689"}]}
COMMAND: GET /session/2fb6d640d7e56baf8781ddfc65543b63/element/f.CCF77AB910636C8B118410FB7AEDA09C.d.A96CB39554E9C83B1781C63DAA0155F1.e.6688/attribute/aria-checked - {}
COMMAND: GET /session/2fb6d640d7e56baf8781ddfc65543b63/screenshot - {}
RESULT: {}
COMMAND: POST /session/2fb6d640d7e56baf8781ddfc65543b63/element - {"using":"xpath","value":"//table[contains(@id, \"listView-innerSelectionPanelTable-listUl\")]/tbody/tr[23]/td[2]/div/div"}
RESULT: {}
RESULT: {"using":"xpath","value":"//table[contains(@id, \"listView-innerSelectionPanelTable-listUl\")]/tbody/tr[23]/td[2]/div/div"}
COMMAND: POST /session/2fb6d640d7e56baf8781ddfc65543b63/element - {"using":"xpath","value":"//table[contains(@id, \"listView-innerSelectionPanelTable-listUl\")]/tbody/tr[23]/td[2]/div"}
RESULT: {"using":"xpath","value":"//table[contains(@id, \"listView-innerSelectionPanelTable-listUl\")]/tbody/tr[23]/td[2]/div"}
COMMAND: POST /session/2fb6d640d7e56baf8781ddfc65543b63/element - {"using":"xpath","value":"//table[contains(@id, \"listView-innerSelectionPanelTable-listUl\")]/tbody/tr[23]/td[3]/div/div/span/span[1]/bdi"}
RESULT: {"using":"xpath","value":"//table[contains(@id, \"listView-innerSelectionPanelTable-listUl\")]/tbody/tr[23]/td[3]/div/div/span/span[1]/bdi"}
COMMAND: POST /session/2fb6d640d7e56baf8781ddfc65543b63/execute/sync - {"script":"<script> [56 bytes]","args":[{"element-6066-11e4-a52e-4f735466cecf":"f.CCF77AB910636C8B118410FB7AEDA09C.d.A96CB39554E9C83B1781C63DAA0155F1.e.6692","ELEMENT":"f.CCF77AB910636C8B118410FB7AEDA09C.d.A96CB39554E9C83B1781C63DAA0155F1.e.6692"}]}
RESULT: {"script":"<script> [56 bytes]","args":[{"element-6066-11e4-a52e-4f735466cecf":"f.CCF77AB910636C8B118410FB7AEDA09C.d.A96CB39554E9C83B1781C63DAA0155F1.e.6692","ELEMENT":"f.CCF77AB910636C8B118410FB7AEDA09C.d.A96CB39554E9C83B1781C63DAA0155F1.e.6692"}]}
COMMAND: GET /session/2fb6d640d7e56baf8781ddfc65543b63/element/f.CCF77AB910636C8B118410FB7AEDA09C.d.A96CB39554E9C83B1781C63DAA0155F1.e.6691/attribute/aria-checked - {}
COMMAND: GET /session/2fb6d640d7e56baf8781ddfc65543b63/screenshot - {}
RESULT: {}
COMMAND: POST /session/2fb6d640d7e56baf8781ddfc65543b63/element - {"using":"xpath","value":"//table[contains(@id, \"listView-innerSelectionPanelTable-listUl\")]/tbody/tr[24]/td[2]/div/div"}
RESULT: {}
RESULT: {"using":"xpath","value":"//table[contains(@id, \"listView-innerSelectionPanelTable-listUl\")]/tbody/tr[24]/td[2]/div/div"}
COMMAND: POST /session/2fb6d640d7e56baf8781ddfc65543b63/element - {"using":"xpath","value":"//table[contains(@id, \"listView-innerSelectionPanelTable-listUl\")]/tbody/tr[24]/td[2]/div"}
RESULT: {"using":"xpath","value":"//table[contains(@id, \"listView-innerSelectionPanelTable-listUl\")]/tbody/tr[24]/td[2]/div"}
COMMAND: POST /session/2fb6d640d7e56baf8781ddfc65543b63/element - {"using":"xpath","value":"//table[contains(@id, \"listView-innerSelectionPanelTable-listUl\")]/tbody/tr[24]/td[3]/div/div/span/span[1]/bdi"}
RESULT: {"using":"xpath","value":"//table[contains(@id, \"listView-innerSelectionPanelTable-listUl\")]/tbody/tr[24]/td[3]/div/div/span/span[1]/bdi"}
COMMAND: POST /session/2fb6d640d7e56baf8781ddfc65543b63/execute/sync - {"script":"<script> [56 bytes]","args":[{"element-6066-11e4-a52e-4f735466cecf":"f.CCF77AB910636C8B118410FB7AEDA09C.d.A96CB39554E9C83B1781C63DAA0155F1.e.6695","ELEMENT":"f.CCF77AB910636C8B118410FB7AEDA09C.d.A96CB39554E9C83B1781C63DAA0155F1.e.6695"}]}
RESULT: {"script":"<script> [56 bytes]","args":[{"element-6066-11e4-a52e-4f735466cecf":"f.CCF77AB910636C8B118410FB7AEDA09C.d.A96CB39554E9C83B1781C63DAA0155F1.e.6695","ELEMENT":"f.CCF77AB910636C8B118410FB7AEDA09C.d.A96CB39554E9C83B1781C63DAA0155F1.e.6695"}]}
COMMAND: GET /session/2fb6d640d7e56baf8781ddfc65543b63/element/f.CCF77AB910636C8B118410FB7AEDA09C.d.A96CB39554E9C83B1781C63DAA0155F1.e.6694/attribute/aria-checked - {}
COMMAND: GET /session/2fb6d640d7e56baf8781ddfc65543b63/screenshot - {}
RESULT: {}
COMMAND: POST /session/2fb6d640d7e56baf8781ddfc65543b63/element - {"using":"xpath","value":"//table[contains(@id, \"listView-innerSelectionPanelTable-listUl\")]/tbody/tr[25]/td[2]/div/div"}
RESULT: {}
RESULT: {"using":"xpath","value":"//table[contains(@id, \"listView-innerSelectionPanelTable-listUl\")]/tbody/tr[25]/td[2]/div/div"}
COMMAND: POST /session/2fb6d640d7e56baf8781ddfc65543b63/element - {"using":"xpath","value":"//table[contains(@id, \"listView-innerSelectionPanelTable-listUl\")]/tbody/tr[25]/td[2]/div"}
RESULT: {"using":"xpath","value":"//table[contains(@id, \"listView-innerSelectionPanelTable-listUl\")]/tbody/tr[25]/td[2]/div"}
COMMAND: POST /session/2fb6d640d7e56baf8781ddfc65543b63/element - {"using":"xpath","value":"//table[contains(@id, \"listView-innerSelectionPanelTable-listUl\")]/tbody/tr[25]/td[3]/div/div/span/span[1]/bdi"}
RESULT: {"using":"xpath","value":"//table[contains(@id, \"listView-innerSelectionPanelTable-listUl\")]/tbody/tr[25]/td[3]/div/div/span/span[1]/bdi"}
COMMAND: POST /session/2fb6d640d7e56baf8781ddfc65543b63/execute/sync - {"script":"<script> [56 bytes]","args":[{"element-6066-11e4-a52e-4f735466cecf":"f.CCF77AB910636C8B118410FB7AEDA09C.d.A96CB39554E9C83B1781C63DAA0155F1.e.6698","ELEMENT":"f.CCF77AB910636C8B118410FB7AEDA09C.d.A96CB39554E9C83B1781C63DAA0155F1.e.6698"}]}
RESULT: {"script":"<script> [56 bytes]","args":[{"element-6066-11e4-a52e-4f735466cecf":"f.CCF77AB910636C8B118410FB7AEDA09C.d.A96CB39554E9C83B1781C63DAA0155F1.e.6698","ELEMENT":"f.CCF77AB910636C8B118410FB7AEDA09C.d.A96CB39554E9C83B1781C63DAA0155F1.e.6698"}]}
COMMAND: GET /session/2fb6d640d7e56baf8781ddfc65543b63/element/f.CCF77AB910636C8B118410FB7AEDA09C.d.A96CB39554E9C83B1781C63DAA0155F1.e.6697/attribute/aria-checked - {}
COMMAND: GET /session/2fb6d640d7e56baf8781ddfc65543b63/screenshot - {}
RESULT: {}
COMMAND: POST /session/2fb6d640d7e56baf8781ddfc65543b63/element - {"using":"xpath","value":"//bdi[contains(text(), \"OK\")]"}
RESULT: {}
RESULT: {"using":"xpath","value":"//bdi[contains(text(), \"OK\")]"}
COMMAND: POST /session/2fb6d640d7e56baf8781ddfc65543b63/element/f.CCF77AB910636C8B118410FB7AEDA09C.d.A96CB39554E9C83B1781C63DAA0155F1.e.6699/click - {}
RESULT: {}
COMMAND: GET /session/2fb6d640d7e56baf8781ddfc65543b63/screenshot - {}
RESULT: {}
COMMAND: POST /session/2fb6d640d7e56baf8781ddfc65543b63/execute/async - {"script":"<script> [1562 bytes]","args":[{"selector":{"id":"application-managepartners-display-component---masterPtm--smartFilterBar-filterItemControlA_-LINK_TO_ADDRESSES_MAIN.CITY1-vhi"},"wdio_ui5_key":"applicationmanagepartners-display-component---masterPtm--smartFilterBar-filterItemControlA_-LINK_TO_ADDRESSES_MAIN.CITY1-vhi"}]}
RESULT: {"script":"<script> [1562 bytes]","args":[{"selector":{"id":"application-managepartners-display-component---masterPtm--smartFilterBar-filterItemControlA_-LINK_TO_ADDRESSES_MAIN.CITY1-vhi"},"wdio_ui5_key":"applicationmanagepartners-display-component---masterPtm--smartFilterBar-filterItemControlA_-LINK_TO_ADDRESSES_MAIN.CITY1-vhi"}]}
RESULT: undefined
COMMAND: POST /session/2fb6d640d7e56baf8781ddfc65543b63/element - {"using":"xpath","value":"//*[@id=\"application-managepartners-display-component---masterPtm--smartFilterBar-filterItemControlA_-LINK_TO_ADDRESSES_MAIN.CITY1-vhi\"]"}
RESULT: {"using":"xpath","value":"//*[@id=\"application-managepartners-display-component---masterPtm--smartFilterBar-filterItemControlA_-LINK_TO_ADDRESSES_MAIN.CITY1-vhi\"]"}
COMMAND: POST /session/2fb6d640d7e56baf8781ddfc65543b63/element/f.CCF77AB910636C8B118410FB7AEDA09C.d.A96CB39554E9C83B1781C63DAA0155F1.e.6713/click - {}
RESULT: {}
COMMAND: GET /session/2fb6d640d7e56baf8781ddfc65543b63/screenshot - {}
RESULT: {}
COMMAND: POST /session/2fb6d640d7e56baf8781ddfc65543b63/execute/async - {"script":"<script> [1562 bytes]","args":[{"selector":{"controlType":"sap.m.Input","viewName":"etm.portal.ui.managepartners.view.Master","viewId":"application-managepartners-display-component---masterPtm","properties":{"valueState":"None"},"searchOpenDialogs":true,"interaction":{"idSuffix":"inner"}},"wdio_ui5_key":"etmportal.ui.managepartners.view.Mastersap.m.Input{\"valueState\":\"None\"}"}]}
RESULT: {"script":"<script> [1562 bytes]","args":[{"selector":{"controlType":"sap.m.Input","viewName":"etm.portal.ui.managepartners.view.Master","viewId":"application-managepartners-display-component---masterPtm","properties":{"valueState":"None"},"searchOpenDialogs":true,"interaction":{"idSuffix":"inner"}},"wdio_ui5_key":"etmportal.ui.managepartners.view.Mastersap.m.Input{\"valueState\":\"None\"}"}]}
RESULT: undefined
COMMAND: POST /session/2fb6d640d7e56baf8781ddfc65543b63/execute/async - {"script":"<script> [776 bytes]","args":[{"enterText":"Bangalore","selector":{"controlType":"sap.m.Input","viewName":"etm.portal.ui.managepartners.view.Master","viewId":"application-managepartners-display-component---masterPtm","properties":{"valueState":"None"},"searchOpenDialogs":true,"interaction":{"idSuffix":"inner"}},"clearTextFirst":true,"interactionType":"ENTER_TEXT"}]}
RESULT: {"script":"<script> [776 bytes]","args":[{"enterText":"Bangalore","selector":{"controlType":"sap.m.Input","viewName":"etm.portal.ui.managepartners.view.Master","viewId":"application-managepartners-display-component---masterPtm","properties":{"valueState":"None"},"searchOpenDialogs":true,"interaction":{"idSuffix":"inner"}},"clearTextFirst":true,"interactionType":"ENTER_TEXT"}]}
COMMAND: POST /session/2fb6d640d7e56baf8781ddfc65543b63/actions - {"actions":[{"id":"action21","type":"key","parameters":{},"actions":[{"type":"keyDown","value":""},{"type":"pause","duration":10},{"type":"keyUp","value":""}]}]}
RESULT: {"actions":[{"id":"action21","type":"key","parameters":{},"actions":[{"type":"keyDown","value":""},{"type":"pause","duration":10},{"type":"keyUp","value":""}]}]}
COMMAND: GET /session/2fb6d640d7e56baf8781ddfc65543b63/screenshot - {}
RESULT: {}
COMMAND: POST /session/2fb6d640d7e56baf8781ddfc65543b63/element - {"using":"xpath","value":"(//bdi[contains(text(), \"OK\")])[1]"}
RESULT: {"using":"xpath","value":"(//bdi[contains(text(), \"OK\")])[1]"}
COMMAND: POST /session/2fb6d640d7e56baf8781ddfc65543b63/element/f.CCF77AB910636C8B118410FB7AEDA09C.d.A96CB39554E9C83B1781C63DAA0155F1.e.6719/click - {}
RESULT: {}
COMMAND: GET /session/2fb6d640d7e56baf8781ddfc65543b63/screenshot - {}
RESULT: {}
COMMAND: POST /session/2fb6d640d7e56baf8781ddfc65543b63/element - {"using":"xpath","value":"//span[@id=\"application-managepartners-display-component---masterPtm--smartTable-header-inner\"]"}
RESULT: {"using":"xpath","value":"//span[@id=\"application-managepartners-display-component---masterPtm--smartTable-header-inner\"]"}
COMMAND: POST /session/2fb6d640d7e56baf8781ddfc65543b63/elements - {"using":"xpath","value":"//span[@id=\"application-managepartners-display-component---masterPtm--smartTable-header-inner\"]"}
RESULT: {"using":"xpath","value":"//span[@id=\"application-managepartners-display-component---masterPtm--smartTable-header-inner\"]"}
COMMAND: POST /session/2fb6d640d7e56baf8781ddfc65543b63/execute/sync - {"script":"<script> [56 bytes]","args":[{"element-6066-11e4-a52e-4f735466cecf":"f.CCF77AB910636C8B118410FB7AEDA09C.d.A96CB39554E9C83B1781C63DAA0155F1.e.5782","ELEMENT":"f.CCF77AB910636C8B118410FB7AEDA09C.d.A96CB39554E9C83B1781C63DAA0155F1.e.5782"}]}
RESULT: {"script":"<script> [56 bytes]","args":[{"element-6066-11e4-a52e-4f735466cecf":"f.CCF77AB910636C8B118410FB7AEDA09C.d.A96CB39554E9C83B1781C63DAA0155F1.e.5782","ELEMENT":"f.CCF77AB910636C8B118410FB7AEDA09C.d.A96CB39554E9C83B1781C63DAA0155F1.e.5782"}]}
COMMAND: POST /session/2fb6d640d7e56baf8781ddfc65543b63/element - {"using":"xpath","value":"//span[contains(@title, \"Remove\")]"}
COMMAND: GET /session/2fb6d640d7e56baf8781ddfc65543b63/screenshot - {}
RESULT: {"using":"xpath","value":"//span[contains(@title, \"Remove\")]"}
COMMAND: POST /session/2fb6d640d7e56baf8781ddfc65543b63/element/f.CCF77AB910636C8B118410FB7AEDA09C.d.A96CB39554E9C83B1781C63DAA0155F1.e.6884/click - {}
RESULT: {}
RESULT: {}
COMMAND: GET /session/2fb6d640d7e56baf8781ddfc65543b63/screenshot - {}
COMMAND: POST /session/2fb6d640d7e56baf8781ddfc65543b63/element - {"using":"xpath","value":"//span[@id=\"application-managepartners-display-component---masterPtm--smartTable-header-inner\"]"}
RESULT: {}
RESULT: {"using":"xpath","value":"//span[@id=\"application-managepartners-display-component---masterPtm--smartTable-header-inner\"]"}
COMMAND: POST /session/2fb6d640d7e56baf8781ddfc65543b63/elements - {"using":"xpath","value":"//span[@id=\"application-managepartners-display-component---masterPtm--smartTable-header-inner\"]"}
RESULT: {"using":"xpath","value":"//span[@id=\"application-managepartners-display-component---masterPtm--smartTable-header-inner\"]"}
COMMAND: POST /session/2fb6d640d7e56baf8781ddfc65543b63/execute/sync - {"script":"<script> [56 bytes]","args":[{"element-6066-11e4-a52e-4f735466cecf":"f.CCF77AB910636C8B118410FB7AEDA09C.d.A96CB39554E9C83B1781C63DAA0155F1.e.5782","ELEMENT":"f.CCF77AB910636C8B118410FB7AEDA09C.d.A96CB39554E9C83B1781C63DAA0155F1.e.5782"}]}
RESULT: {"script":"<script> [56 bytes]","args":[{"element-6066-11e4-a52e-4f735466cecf":"f.CCF77AB910636C8B118410FB7AEDA09C.d.A96CB39554E9C83B1781C63DAA0155F1.e.5782","ELEMENT":"f.CCF77AB910636C8B118410FB7AEDA09C.d.A96CB39554E9C83B1781C63DAA0155F1.e.5782"}]}
COMMAND: POST /session/2fb6d640d7e56baf8781ddfc65543b63/element - {"using":"css selector","value":"#shell-header-logo"}
COMMAND: GET /session/2fb6d640d7e56baf8781ddfc65543b63/screenshot - {}
RESULT: {"using":"css selector","value":"#shell-header-logo"}
COMMAND: POST /session/2fb6d640d7e56baf8781ddfc65543b63/element/f.CCF77AB910636C8B118410FB7AEDA09C.d.A96CB39554E9C83B1781C63DAA0155F1.e.5611/click - {}
RESULT: {}
RESULT: {}
COMMAND: GET /session/2fb6d640d7e56baf8781ddfc65543b63/screenshot - {}
RESULT: {}
]]></system-out>
    </testcase>
    <testcase classname="chrome.135_0_7049_42.windows.Partner_specific_tests_US150819_US151080_US151654_US151176_US103444_US151078_US151079_US151109_US151174_US151175_US151189" name="Should try to save empty partner US151174" time="47.944">
      <system-out><![CDATA[
COMMAND: POST /session/2fb6d640d7e56baf8781ddfc65543b63/element - {"using":"xpath","value":"//li[.//span[text()=\"Manage Partners\"]]"}
RESULT: {"using":"xpath","value":"//li[.//span[text()=\"Manage Partners\"]]"}
COMMAND: POST /session/2fb6d640d7e56baf8781ddfc65543b63/element - {"using":"xpath","value":"//li[.//span[text()=\"Manage Partners\"]]"}
RESULT: {"using":"xpath","value":"//li[.//span[text()=\"Manage Partners\"]]"}
COMMAND: POST /session/2fb6d640d7e56baf8781ddfc65543b63/element - {"using":"css selector","value":"#shell-header-logo"}
RESULT: {"using":"css selector","value":"#shell-header-logo"}
COMMAND: POST /session/2fb6d640d7e56baf8781ddfc65543b63/element/f.CCF77AB910636C8B118410FB7AEDA09C.d.A96CB39554E9C83B1781C63DAA0155F1.e.6973/click - {}
COMMAND: POST /session/2fb6d640d7e56baf8781ddfc65543b63/execute/sync - {"script":"<script> [8489 bytes]","args":[{"element-6066-11e4-a52e-4f735466cecf":"f.CCF77AB910636C8B118410FB7AEDA09C.d.A96CB39554E9C83B1781C63DAA0155F1.e.6973","ELEMENT":"f.CCF77AB910636C8B118410FB7AEDA09C.d.A96CB39554E9C83B1781C63DAA0155F1.e.6973"}]}
RESULT: {}
COMMAND: GET /session/2fb6d640d7e56baf8781ddfc65543b63/screenshot - {}
RESULT: {"script":"<script> [8489 bytes]","args":[{"element-6066-11e4-a52e-4f735466cecf":"f.CCF77AB910636C8B118410FB7AEDA09C.d.A96CB39554E9C83B1781C63DAA0155F1.e.6973","ELEMENT":"f.CCF77AB910636C8B118410FB7AEDA09C.d.A96CB39554E9C83B1781C63DAA0155F1.e.6973"}]}
COMMAND: POST /session/2fb6d640d7e56baf8781ddfc65543b63/execute/sync - {"script":"<script> [5351 bytes]","args":[{"element-6066-11e4-a52e-4f735466cecf":"f.CCF77AB910636C8B118410FB7AEDA09C.d.A96CB39554E9C83B1781C63DAA0155F1.e.6973","ELEMENT":"f.CCF77AB910636C8B118410FB7AEDA09C.d.A96CB39554E9C83B1781C63DAA0155F1.e.6973"}]}
COMMAND: GET /session/2fb6d640d7e56baf8781ddfc65543b63/screenshot - {}
RESULT: {}
RESULT: {"script":"<script> [5351 bytes]","args":[{"element-6066-11e4-a52e-4f735466cecf":"f.CCF77AB910636C8B118410FB7AEDA09C.d.A96CB39554E9C83B1781C63DAA0155F1.e.6973","ELEMENT":"f.CCF77AB910636C8B118410FB7AEDA09C.d.A96CB39554E9C83B1781C63DAA0155F1.e.6973"}]}
COMMAND: GET /session/2fb6d640d7e56baf8781ddfc65543b63/screenshot - {}
RESULT: {}
RESULT: {}
RESULT: undefined
COMMAND: POST /session/2fb6d640d7e56baf8781ddfc65543b63/element - {"using":"xpath","value":"//*[@id=\"__tile30\"]"}
RESULT: {"using":"xpath","value":"//*[@id=\"__tile30\"]"}
COMMAND: POST /session/2fb6d640d7e56baf8781ddfc65543b63/element/f.CCF77AB910636C8B118410FB7AEDA09C.d.A96CB39554E9C83B1781C63DAA0155F1.e.4496/click - {}
RESULT: {}
COMMAND: POST /session/2fb6d640d7e56baf8781ddfc65543b63/element - {"using":"xpath","value":"//button[@data-kt=\"addButton\"]"}
COMMAND: GET /session/2fb6d640d7e56baf8781ddfc65543b63/screenshot - {}
RESULT: {"using":"xpath","value":"//button[@data-kt=\"addButton\"]"}
COMMAND: POST /session/2fb6d640d7e56baf8781ddfc65543b63/elements - {"using":"xpath","value":"//button[@data-kt=\"addButton\"]"}
RESULT: {}
RESULT: {"using":"xpath","value":"//button[@data-kt=\"addButton\"]"}
COMMAND: POST /session/2fb6d640d7e56baf8781ddfc65543b63/element - {"using":"xpath","value":"//button[@data-kt=\"addButton\"]"}
RESULT: {"using":"xpath","value":"//button[@data-kt=\"addButton\"]"}
COMMAND: POST /session/2fb6d640d7e56baf8781ddfc65543b63/execute/sync - {"script":"<script> [8489 bytes]","args":[{"element-6066-11e4-a52e-4f735466cecf":"f.CCF77AB910636C8B118410FB7AEDA09C.d.A96CB39554E9C83B1781C63DAA0155F1.e.7008","ELEMENT":"f.CCF77AB910636C8B118410FB7AEDA09C.d.A96CB39554E9C83B1781C63DAA0155F1.e.7008"}]}
RESULT: {"script":"<script> [8489 bytes]","args":[{"element-6066-11e4-a52e-4f735466cecf":"f.CCF77AB910636C8B118410FB7AEDA09C.d.A96CB39554E9C83B1781C63DAA0155F1.e.7008","ELEMENT":"f.CCF77AB910636C8B118410FB7AEDA09C.d.A96CB39554E9C83B1781C63DAA0155F1.e.7008"}]}
COMMAND: GET /session/2fb6d640d7e56baf8781ddfc65543b63/element/f.CCF77AB910636C8B118410FB7AEDA09C.d.A96CB39554E9C83B1781C63DAA0155F1.e.7008/enabled - {}
COMMAND: GET /session/2fb6d640d7e56baf8781ddfc65543b63/screenshot - {}
RESULT: {}
COMMAND: POST /session/2fb6d640d7e56baf8781ddfc65543b63/execute/sync - {"script":"<script> [8489 bytes]","args":[{"element-6066-11e4-a52e-4f735466cecf":"f.CCF77AB910636C8B118410FB7AEDA09C.d.A96CB39554E9C83B1781C63DAA0155F1.e.7008","ELEMENT":"f.CCF77AB910636C8B118410FB7AEDA09C.d.A96CB39554E9C83B1781C63DAA0155F1.e.7008"}]}
COMMAND: GET /session/2fb6d640d7e56baf8781ddfc65543b63/screenshot - {}
RESULT: {}
RESULT: {"script":"<script> [8489 bytes]","args":[{"element-6066-11e4-a52e-4f735466cecf":"f.CCF77AB910636C8B118410FB7AEDA09C.d.A96CB39554E9C83B1781C63DAA0155F1.e.7008","ELEMENT":"f.CCF77AB910636C8B118410FB7AEDA09C.d.A96CB39554E9C83B1781C63DAA0155F1.e.7008"}]}
COMMAND: POST /session/2fb6d640d7e56baf8781ddfc65543b63/execute/sync - {"script":"<script> [5351 bytes]","args":[{"element-6066-11e4-a52e-4f735466cecf":"f.CCF77AB910636C8B118410FB7AEDA09C.d.A96CB39554E9C83B1781C63DAA0155F1.e.7008","ELEMENT":"f.CCF77AB910636C8B118410FB7AEDA09C.d.A96CB39554E9C83B1781C63DAA0155F1.e.7008"}]}
COMMAND: GET /session/2fb6d640d7e56baf8781ddfc65543b63/screenshot - {}
RESULT: {}
RESULT: {"script":"<script> [5351 bytes]","args":[{"element-6066-11e4-a52e-4f735466cecf":"f.CCF77AB910636C8B118410FB7AEDA09C.d.A96CB39554E9C83B1781C63DAA0155F1.e.7008","ELEMENT":"f.CCF77AB910636C8B118410FB7AEDA09C.d.A96CB39554E9C83B1781C63DAA0155F1.e.7008"}]}
COMMAND: POST /session/2fb6d640d7e56baf8781ddfc65543b63/element/f.CCF77AB910636C8B118410FB7AEDA09C.d.A96CB39554E9C83B1781C63DAA0155F1.e.7008/click - {}
COMMAND: GET /session/2fb6d640d7e56baf8781ddfc65543b63/screenshot - {}
RESULT: {}
RESULT: {}
COMMAND: GET /session/2fb6d640d7e56baf8781ddfc65543b63/screenshot - {}
COMMAND: POST /session/2fb6d640d7e56baf8781ddfc65543b63/element - {"using":"xpath","value":"//button[@data-kt=\"saveButton\"]"}
RESULT: {}
RESULT: {}
RESULT: {"using":"xpath","value":"//button[@data-kt=\"saveButton\"]"}
COMMAND: POST /session/2fb6d640d7e56baf8781ddfc65543b63/element/f.CCF77AB910636C8B118410FB7AEDA09C.d.A96CB39554E9C83B1781C63DAA0155F1.e.7447/click - {}
RESULT: {}
COMMAND: GET /session/2fb6d640d7e56baf8781ddfc65543b63/screenshot - {}
RESULT: {}
COMMAND: POST /session/2fb6d640d7e56baf8781ddfc65543b63/element - {"using":"xpath","value":"//span[contains(@class, \"sapMMsgBoxText\")]"}
RESULT: {"using":"xpath","value":"//span[contains(@class, \"sapMMsgBoxText\")]"}
COMMAND: POST /session/2fb6d640d7e56baf8781ddfc65543b63/execute/sync - {"script":"<script> [56 bytes]","args":[{"element-6066-11e4-a52e-4f735466cecf":"f.CCF77AB910636C8B118410FB7AEDA09C.d.A96CB39554E9C83B1781C63DAA0155F1.e.7455","ELEMENT":"f.CCF77AB910636C8B118410FB7AEDA09C.d.A96CB39554E9C83B1781C63DAA0155F1.e.7455"}]}
RESULT: {"script":"<script> [56 bytes]","args":[{"element-6066-11e4-a52e-4f735466cecf":"f.CCF77AB910636C8B118410FB7AEDA09C.d.A96CB39554E9C83B1781C63DAA0155F1.e.7455","ELEMENT":"f.CCF77AB910636C8B118410FB7AEDA09C.d.A96CB39554E9C83B1781C63DAA0155F1.e.7455"}]}
COMMAND: POST /session/2fb6d640d7e56baf8781ddfc65543b63/element - {"using":"xpath","value":"(//bdi[contains(text(), \"Close\")])[1]"}
COMMAND: POST /session/2fb6d640d7e56baf8781ddfc65543b63/elements - {"using":"xpath","value":"//span[contains(@class, \"sapMMsgBoxText\")]"}
COMMAND: GET /session/2fb6d640d7e56baf8781ddfc65543b63/screenshot - {}
RESULT: {"using":"xpath","value":"//span[contains(@class, \"sapMMsgBoxText\")]"}
RESULT: {"using":"xpath","value":"(//bdi[contains(text(), \"Close\")])[1]"}
COMMAND: POST /session/2fb6d640d7e56baf8781ddfc65543b63/element/f.CCF77AB910636C8B118410FB7AEDA09C.d.A96CB39554E9C83B1781C63DAA0155F1.e.7456/click - {}
RESULT: {}
RESULT: {}
COMMAND: GET /session/2fb6d640d7e56baf8781ddfc65543b63/screenshot - {}
RESULT: {}
COMMAND: POST /session/2fb6d640d7e56baf8781ddfc65543b63/element - {"using":"css selector","value":"#shell-header-logo"}
RESULT: {"using":"css selector","value":"#shell-header-logo"}
COMMAND: POST /session/2fb6d640d7e56baf8781ddfc65543b63/element/f.CCF77AB910636C8B118410FB7AEDA09C.d.A96CB39554E9C83B1781C63DAA0155F1.e.6973/click - {}
RESULT: {}
COMMAND: GET /session/2fb6d640d7e56baf8781ddfc65543b63/screenshot - {}
RESULT: {}
]]></system-out>
    </testcase>
    <testcase classname="chrome.135_0_7049_42.windows.Partner_specific_tests_US150819_US151080_US151654_US151176_US103444_US151078_US151079_US151109_US151174_US151175_US151189" name="Should do various searches US151175" time="162.057">
      <system-out><![CDATA[
COMMAND: POST /session/2fb6d640d7e56baf8781ddfc65543b63/element - {"using":"xpath","value":"//li[.//span[text()=\"Manage Partners\"]]"}
RESULT: {"using":"xpath","value":"//li[.//span[text()=\"Manage Partners\"]]"}
COMMAND: POST /session/2fb6d640d7e56baf8781ddfc65543b63/element - {"using":"xpath","value":"//li[.//span[text()=\"Manage Partners\"]]"}
RESULT: {"using":"xpath","value":"//li[.//span[text()=\"Manage Partners\"]]"}
COMMAND: POST /session/2fb6d640d7e56baf8781ddfc65543b63/element - {"using":"css selector","value":"#shell-header-logo"}
RESULT: {"using":"css selector","value":"#shell-header-logo"}
COMMAND: POST /session/2fb6d640d7e56baf8781ddfc65543b63/element/f.CCF77AB910636C8B118410FB7AEDA09C.d.A96CB39554E9C83B1781C63DAA0155F1.e.7458/click - {}
COMMAND: POST /session/2fb6d640d7e56baf8781ddfc65543b63/execute/sync - {"script":"<script> [8489 bytes]","args":[{"element-6066-11e4-a52e-4f735466cecf":"f.CCF77AB910636C8B118410FB7AEDA09C.d.A96CB39554E9C83B1781C63DAA0155F1.e.7458","ELEMENT":"f.CCF77AB910636C8B118410FB7AEDA09C.d.A96CB39554E9C83B1781C63DAA0155F1.e.7458"}]}
RESULT: {}
COMMAND: GET /session/2fb6d640d7e56baf8781ddfc65543b63/screenshot - {}
RESULT: {"script":"<script> [8489 bytes]","args":[{"element-6066-11e4-a52e-4f735466cecf":"f.CCF77AB910636C8B118410FB7AEDA09C.d.A96CB39554E9C83B1781C63DAA0155F1.e.7458","ELEMENT":"f.CCF77AB910636C8B118410FB7AEDA09C.d.A96CB39554E9C83B1781C63DAA0155F1.e.7458"}]}
COMMAND: POST /session/2fb6d640d7e56baf8781ddfc65543b63/execute/sync - {"script":"<script> [5351 bytes]","args":[{"element-6066-11e4-a52e-4f735466cecf":"f.CCF77AB910636C8B118410FB7AEDA09C.d.A96CB39554E9C83B1781C63DAA0155F1.e.7458","ELEMENT":"f.CCF77AB910636C8B118410FB7AEDA09C.d.A96CB39554E9C83B1781C63DAA0155F1.e.7458"}]}
COMMAND: GET /session/2fb6d640d7e56baf8781ddfc65543b63/screenshot - {}
RESULT: {}
RESULT: {"script":"<script> [5351 bytes]","args":[{"element-6066-11e4-a52e-4f735466cecf":"f.CCF77AB910636C8B118410FB7AEDA09C.d.A96CB39554E9C83B1781C63DAA0155F1.e.7458","ELEMENT":"f.CCF77AB910636C8B118410FB7AEDA09C.d.A96CB39554E9C83B1781C63DAA0155F1.e.7458"}]}
COMMAND: GET /session/2fb6d640d7e56baf8781ddfc65543b63/screenshot - {}
RESULT: {}
RESULT: {}
RESULT: undefined
COMMAND: POST /session/2fb6d640d7e56baf8781ddfc65543b63/element - {"using":"xpath","value":"//*[@id=\"__tile30\"]"}
RESULT: {"using":"xpath","value":"//*[@id=\"__tile30\"]"}
COMMAND: POST /session/2fb6d640d7e56baf8781ddfc65543b63/element/f.CCF77AB910636C8B118410FB7AEDA09C.d.A96CB39554E9C83B1781C63DAA0155F1.e.4496/click - {}
RESULT: {}
COMMAND: POST /session/2fb6d640d7e56baf8781ddfc65543b63/element - {"using":"xpath","value":"//button[@data-kt=\"addButton\"]"}
COMMAND: GET /session/2fb6d640d7e56baf8781ddfc65543b63/screenshot - {}
RESULT: {"using":"xpath","value":"//button[@data-kt=\"addButton\"]"}
COMMAND: POST /session/2fb6d640d7e56baf8781ddfc65543b63/elements - {"using":"xpath","value":"//button[@data-kt=\"addButton\"]"}
RESULT: {}
RESULT: {"using":"xpath","value":"//button[@data-kt=\"addButton\"]"}
COMMAND: POST /session/2fb6d640d7e56baf8781ddfc65543b63/elements - {"using":"xpath","value":"//button[@data-kt=\"addButton\"]"}
RESULT: {"using":"xpath","value":"//button[@data-kt=\"addButton\"]"}
COMMAND: POST /session/2fb6d640d7e56baf8781ddfc65543b63/element - {"using":"xpath","value":"//button[@data-kt=\"addButton\"]"}
RESULT: {"using":"xpath","value":"//button[@data-kt=\"addButton\"]"}
COMMAND: POST /session/2fb6d640d7e56baf8781ddfc65543b63/execute/sync - {"script":"<script> [8489 bytes]","args":[{"element-6066-11e4-a52e-4f735466cecf":"f.CCF77AB910636C8B118410FB7AEDA09C.d.A96CB39554E9C83B1781C63DAA0155F1.e.7493","ELEMENT":"f.CCF77AB910636C8B118410FB7AEDA09C.d.A96CB39554E9C83B1781C63DAA0155F1.e.7493"}]}
RESULT: {"script":"<script> [8489 bytes]","args":[{"element-6066-11e4-a52e-4f735466cecf":"f.CCF77AB910636C8B118410FB7AEDA09C.d.A96CB39554E9C83B1781C63DAA0155F1.e.7493","ELEMENT":"f.CCF77AB910636C8B118410FB7AEDA09C.d.A96CB39554E9C83B1781C63DAA0155F1.e.7493"}]}
COMMAND: GET /session/2fb6d640d7e56baf8781ddfc65543b63/element/f.CCF77AB910636C8B118410FB7AEDA09C.d.A96CB39554E9C83B1781C63DAA0155F1.e.7493/enabled - {}
COMMAND: GET /session/2fb6d640d7e56baf8781ddfc65543b63/screenshot - {}
RESULT: {}
COMMAND: POST /session/2fb6d640d7e56baf8781ddfc65543b63/execute/sync - {"script":"<script> [8489 bytes]","args":[{"element-6066-11e4-a52e-4f735466cecf":"f.CCF77AB910636C8B118410FB7AEDA09C.d.A96CB39554E9C83B1781C63DAA0155F1.e.7493","ELEMENT":"f.CCF77AB910636C8B118410FB7AEDA09C.d.A96CB39554E9C83B1781C63DAA0155F1.e.7493"}]}
COMMAND: GET /session/2fb6d640d7e56baf8781ddfc65543b63/screenshot - {}
RESULT: {}
RESULT: {"script":"<script> [8489 bytes]","args":[{"element-6066-11e4-a52e-4f735466cecf":"f.CCF77AB910636C8B118410FB7AEDA09C.d.A96CB39554E9C83B1781C63DAA0155F1.e.7493","ELEMENT":"f.CCF77AB910636C8B118410FB7AEDA09C.d.A96CB39554E9C83B1781C63DAA0155F1.e.7493"}]}
COMMAND: POST /session/2fb6d640d7e56baf8781ddfc65543b63/execute/sync - {"script":"<script> [5351 bytes]","args":[{"element-6066-11e4-a52e-4f735466cecf":"f.CCF77AB910636C8B118410FB7AEDA09C.d.A96CB39554E9C83B1781C63DAA0155F1.e.7493","ELEMENT":"f.CCF77AB910636C8B118410FB7AEDA09C.d.A96CB39554E9C83B1781C63DAA0155F1.e.7493"}]}
COMMAND: GET /session/2fb6d640d7e56baf8781ddfc65543b63/screenshot - {}
RESULT: {}
RESULT: {"script":"<script> [5351 bytes]","args":[{"element-6066-11e4-a52e-4f735466cecf":"f.CCF77AB910636C8B118410FB7AEDA09C.d.A96CB39554E9C83B1781C63DAA0155F1.e.7493","ELEMENT":"f.CCF77AB910636C8B118410FB7AEDA09C.d.A96CB39554E9C83B1781C63DAA0155F1.e.7493"}]}
COMMAND: GET /session/2fb6d640d7e56baf8781ddfc65543b63/screenshot - {}
RESULT: {}
RESULT: {}
COMMAND: POST /session/2fb6d640d7e56baf8781ddfc65543b63/element - {"using":"xpath","value":"//span[@id=\"application-managepartners-display-component---masterPtm--smartTable-header-inner\"]"}
RESULT: {"using":"xpath","value":"//span[@id=\"application-managepartners-display-component---masterPtm--smartTable-header-inner\"]"}
COMMAND: POST /session/2fb6d640d7e56baf8781ddfc65543b63/elements - {"using":"xpath","value":"//span[@id=\"application-managepartners-display-component---masterPtm--smartTable-header-inner\"]"}
RESULT: {"using":"xpath","value":"//span[@id=\"application-managepartners-display-component---masterPtm--smartTable-header-inner\"]"}
COMMAND: POST /session/2fb6d640d7e56baf8781ddfc65543b63/execute/sync - {"script":"<script> [56 bytes]","args":[{"element-6066-11e4-a52e-4f735466cecf":"f.CCF77AB910636C8B118410FB7AEDA09C.d.A96CB39554E9C83B1781C63DAA0155F1.e.7632","ELEMENT":"f.CCF77AB910636C8B118410FB7AEDA09C.d.A96CB39554E9C83B1781C63DAA0155F1.e.7632"}]}
RESULT: {"script":"<script> [56 bytes]","args":[{"element-6066-11e4-a52e-4f735466cecf":"f.CCF77AB910636C8B118410FB7AEDA09C.d.A96CB39554E9C83B1781C63DAA0155F1.e.7632","ELEMENT":"f.CCF77AB910636C8B118410FB7AEDA09C.d.A96CB39554E9C83B1781C63DAA0155F1.e.7632"}]}
RESULT: undefined
COMMAND: POST /session/2fb6d640d7e56baf8781ddfc65543b63/element - {"using":"xpath","value":"//*[@id=\"application-managepartners-display-component---masterPtm--smartFilterBar-btnFilters\"]"}
COMMAND: GET /session/2fb6d640d7e56baf8781ddfc65543b63/screenshot - {}
RESULT: {"using":"xpath","value":"//*[@id=\"application-managepartners-display-component---masterPtm--smartFilterBar-btnFilters\"]"}
COMMAND: POST /session/2fb6d640d7e56baf8781ddfc65543b63/element/f.CCF77AB910636C8B118410FB7AEDA09C.d.A96CB39554E9C83B1781C63DAA0155F1.e.7469/click - {}
RESULT: {}
RESULT: {}
COMMAND: GET /session/2fb6d640d7e56baf8781ddfc65543b63/screenshot - {}
RESULT: {}
COMMAND: POST /session/2fb6d640d7e56baf8781ddfc65543b63/elements - {"using":"xpath","value":"//table[contains(@id, \"listView-innerSelectionPanelTable-listUl\")]/tbody/tr"}
RESULT: {"using":"xpath","value":"//table[contains(@id, \"listView-innerSelectionPanelTable-listUl\")]/tbody/tr"}
COMMAND: POST /session/2fb6d640d7e56baf8781ddfc65543b63/element - {"using":"xpath","value":"//table[contains(@id, \"listView-innerSelectionPanelTable-listUl\")]/tbody/tr[2]/td[2]/div/div"}
RESULT: {"using":"xpath","value":"//table[contains(@id, \"listView-innerSelectionPanelTable-listUl\")]/tbody/tr[2]/td[2]/div/div"}
COMMAND: POST /session/2fb6d640d7e56baf8781ddfc65543b63/element - {"using":"xpath","value":"//table[contains(@id, \"listView-innerSelectionPanelTable-listUl\")]/tbody/tr[2]/td[2]/div"}
RESULT: {"using":"xpath","value":"//table[contains(@id, \"listView-innerSelectionPanelTable-listUl\")]/tbody/tr[2]/td[2]/div"}
COMMAND: POST /session/2fb6d640d7e56baf8781ddfc65543b63/element - {"using":"xpath","value":"//table[contains(@id, \"listView-innerSelectionPanelTable-listUl\")]/tbody/tr[2]/td[3]/div/div/span/span[1]/bdi"}
RESULT: {"using":"xpath","value":"//table[contains(@id, \"listView-innerSelectionPanelTable-listUl\")]/tbody/tr[2]/td[3]/div/div/span/span[1]/bdi"}
COMMAND: POST /session/2fb6d640d7e56baf8781ddfc65543b63/execute/sync - {"script":"<script> [56 bytes]","args":[{"element-6066-11e4-a52e-4f735466cecf":"f.CCF77AB910636C8B118410FB7AEDA09C.d.A96CB39554E9C83B1781C63DAA0155F1.e.7700","ELEMENT":"f.CCF77AB910636C8B118410FB7AEDA09C.d.A96CB39554E9C83B1781C63DAA0155F1.e.7700"}]}
RESULT: {"script":"<script> [56 bytes]","args":[{"element-6066-11e4-a52e-4f735466cecf":"f.CCF77AB910636C8B118410FB7AEDA09C.d.A96CB39554E9C83B1781C63DAA0155F1.e.7700","ELEMENT":"f.CCF77AB910636C8B118410FB7AEDA09C.d.A96CB39554E9C83B1781C63DAA0155F1.e.7700"}]}
COMMAND: GET /session/2fb6d640d7e56baf8781ddfc65543b63/element/f.CCF77AB910636C8B118410FB7AEDA09C.d.A96CB39554E9C83B1781C63DAA0155F1.e.7699/attribute/aria-checked - {}
COMMAND: GET /session/2fb6d640d7e56baf8781ddfc65543b63/screenshot - {}
RESULT: {}
COMMAND: POST /session/2fb6d640d7e56baf8781ddfc65543b63/element - {"using":"xpath","value":"//table[contains(@id, \"listView-innerSelectionPanelTable-listUl\")]/tbody/tr[3]/td[2]/div/div"}
RESULT: {}
RESULT: {"using":"xpath","value":"//table[contains(@id, \"listView-innerSelectionPanelTable-listUl\")]/tbody/tr[3]/td[2]/div/div"}
COMMAND: POST /session/2fb6d640d7e56baf8781ddfc65543b63/element - {"using":"xpath","value":"//table[contains(@id, \"listView-innerSelectionPanelTable-listUl\")]/tbody/tr[3]/td[2]/div"}
RESULT: {"using":"xpath","value":"//table[contains(@id, \"listView-innerSelectionPanelTable-listUl\")]/tbody/tr[3]/td[2]/div"}
COMMAND: POST /session/2fb6d640d7e56baf8781ddfc65543b63/element - {"using":"xpath","value":"//table[contains(@id, \"listView-innerSelectionPanelTable-listUl\")]/tbody/tr[3]/td[3]/div/div/span/span[1]/bdi"}
RESULT: {"using":"xpath","value":"//table[contains(@id, \"listView-innerSelectionPanelTable-listUl\")]/tbody/tr[3]/td[3]/div/div/span/span[1]/bdi"}
COMMAND: POST /session/2fb6d640d7e56baf8781ddfc65543b63/execute/sync - {"script":"<script> [56 bytes]","args":[{"element-6066-11e4-a52e-4f735466cecf":"f.CCF77AB910636C8B118410FB7AEDA09C.d.A96CB39554E9C83B1781C63DAA0155F1.e.7703","ELEMENT":"f.CCF77AB910636C8B118410FB7AEDA09C.d.A96CB39554E9C83B1781C63DAA0155F1.e.7703"}]}
RESULT: {"script":"<script> [56 bytes]","args":[{"element-6066-11e4-a52e-4f735466cecf":"f.CCF77AB910636C8B118410FB7AEDA09C.d.A96CB39554E9C83B1781C63DAA0155F1.e.7703","ELEMENT":"f.CCF77AB910636C8B118410FB7AEDA09C.d.A96CB39554E9C83B1781C63DAA0155F1.e.7703"}]}
COMMAND: GET /session/2fb6d640d7e56baf8781ddfc65543b63/element/f.CCF77AB910636C8B118410FB7AEDA09C.d.A96CB39554E9C83B1781C63DAA0155F1.e.7702/attribute/aria-checked - {}
COMMAND: GET /session/2fb6d640d7e56baf8781ddfc65543b63/screenshot - {}
RESULT: {}
COMMAND: POST /session/2fb6d640d7e56baf8781ddfc65543b63/element - {"using":"xpath","value":"//table[contains(@id, \"listView-innerSelectionPanelTable-listUl\")]/tbody/tr[4]/td[2]/div/div"}
RESULT: {}
RESULT: {"using":"xpath","value":"//table[contains(@id, \"listView-innerSelectionPanelTable-listUl\")]/tbody/tr[4]/td[2]/div/div"}
COMMAND: POST /session/2fb6d640d7e56baf8781ddfc65543b63/element - {"using":"xpath","value":"//table[contains(@id, \"listView-innerSelectionPanelTable-listUl\")]/tbody/tr[4]/td[2]/div"}
RESULT: {"using":"xpath","value":"//table[contains(@id, \"listView-innerSelectionPanelTable-listUl\")]/tbody/tr[4]/td[2]/div"}
COMMAND: POST /session/2fb6d640d7e56baf8781ddfc65543b63/element - {"using":"xpath","value":"//table[contains(@id, \"listView-innerSelectionPanelTable-listUl\")]/tbody/tr[4]/td[3]/div/div/span/span[1]/bdi"}
RESULT: {"using":"xpath","value":"//table[contains(@id, \"listView-innerSelectionPanelTable-listUl\")]/tbody/tr[4]/td[3]/div/div/span/span[1]/bdi"}
COMMAND: POST /session/2fb6d640d7e56baf8781ddfc65543b63/execute/sync - {"script":"<script> [56 bytes]","args":[{"element-6066-11e4-a52e-4f735466cecf":"f.CCF77AB910636C8B118410FB7AEDA09C.d.A96CB39554E9C83B1781C63DAA0155F1.e.7706","ELEMENT":"f.CCF77AB910636C8B118410FB7AEDA09C.d.A96CB39554E9C83B1781C63DAA0155F1.e.7706"}]}
RESULT: {"script":"<script> [56 bytes]","args":[{"element-6066-11e4-a52e-4f735466cecf":"f.CCF77AB910636C8B118410FB7AEDA09C.d.A96CB39554E9C83B1781C63DAA0155F1.e.7706","ELEMENT":"f.CCF77AB910636C8B118410FB7AEDA09C.d.A96CB39554E9C83B1781C63DAA0155F1.e.7706"}]}
COMMAND: GET /session/2fb6d640d7e56baf8781ddfc65543b63/element/f.CCF77AB910636C8B118410FB7AEDA09C.d.A96CB39554E9C83B1781C63DAA0155F1.e.7705/attribute/aria-checked - {}
COMMAND: GET /session/2fb6d640d7e56baf8781ddfc65543b63/screenshot - {}
RESULT: {}
COMMAND: POST /session/2fb6d640d7e56baf8781ddfc65543b63/element - {"using":"xpath","value":"//table[contains(@id, \"listView-innerSelectionPanelTable-listUl\")]/tbody/tr[5]/td[2]/div/div"}
RESULT: {}
RESULT: {"using":"xpath","value":"//table[contains(@id, \"listView-innerSelectionPanelTable-listUl\")]/tbody/tr[5]/td[2]/div/div"}
COMMAND: POST /session/2fb6d640d7e56baf8781ddfc65543b63/element - {"using":"xpath","value":"//table[contains(@id, \"listView-innerSelectionPanelTable-listUl\")]/tbody/tr[5]/td[2]/div"}
RESULT: {"using":"xpath","value":"//table[contains(@id, \"listView-innerSelectionPanelTable-listUl\")]/tbody/tr[5]/td[2]/div"}
COMMAND: POST /session/2fb6d640d7e56baf8781ddfc65543b63/element - {"using":"xpath","value":"//table[contains(@id, \"listView-innerSelectionPanelTable-listUl\")]/tbody/tr[5]/td[3]/div/div/span/span[1]/bdi"}
RESULT: {"using":"xpath","value":"//table[contains(@id, \"listView-innerSelectionPanelTable-listUl\")]/tbody/tr[5]/td[3]/div/div/span/span[1]/bdi"}
COMMAND: POST /session/2fb6d640d7e56baf8781ddfc65543b63/execute/sync - {"script":"<script> [56 bytes]","args":[{"element-6066-11e4-a52e-4f735466cecf":"f.CCF77AB910636C8B118410FB7AEDA09C.d.A96CB39554E9C83B1781C63DAA0155F1.e.7709","ELEMENT":"f.CCF77AB910636C8B118410FB7AEDA09C.d.A96CB39554E9C83B1781C63DAA0155F1.e.7709"}]}
RESULT: {"script":"<script> [56 bytes]","args":[{"element-6066-11e4-a52e-4f735466cecf":"f.CCF77AB910636C8B118410FB7AEDA09C.d.A96CB39554E9C83B1781C63DAA0155F1.e.7709","ELEMENT":"f.CCF77AB910636C8B118410FB7AEDA09C.d.A96CB39554E9C83B1781C63DAA0155F1.e.7709"}]}
COMMAND: GET /session/2fb6d640d7e56baf8781ddfc65543b63/element/f.CCF77AB910636C8B118410FB7AEDA09C.d.A96CB39554E9C83B1781C63DAA0155F1.e.7708/attribute/aria-checked - {}
COMMAND: GET /session/2fb6d640d7e56baf8781ddfc65543b63/screenshot - {}
RESULT: {}
COMMAND: POST /session/2fb6d640d7e56baf8781ddfc65543b63/element - {"using":"xpath","value":"//table[contains(@id, \"listView-innerSelectionPanelTable-listUl\")]/tbody/tr[6]/td[2]/div/div"}
RESULT: {}
RESULT: {"using":"xpath","value":"//table[contains(@id, \"listView-innerSelectionPanelTable-listUl\")]/tbody/tr[6]/td[2]/div/div"}
COMMAND: POST /session/2fb6d640d7e56baf8781ddfc65543b63/element - {"using":"xpath","value":"//table[contains(@id, \"listView-innerSelectionPanelTable-listUl\")]/tbody/tr[6]/td[2]/div"}
RESULT: {"using":"xpath","value":"//table[contains(@id, \"listView-innerSelectionPanelTable-listUl\")]/tbody/tr[6]/td[2]/div"}
COMMAND: POST /session/2fb6d640d7e56baf8781ddfc65543b63/element - {"using":"xpath","value":"//table[contains(@id, \"listView-innerSelectionPanelTable-listUl\")]/tbody/tr[6]/td[3]/div/div/span/span[1]/bdi"}
RESULT: {"using":"xpath","value":"//table[contains(@id, \"listView-innerSelectionPanelTable-listUl\")]/tbody/tr[6]/td[3]/div/div/span/span[1]/bdi"}
COMMAND: POST /session/2fb6d640d7e56baf8781ddfc65543b63/execute/sync - {"script":"<script> [56 bytes]","args":[{"element-6066-11e4-a52e-4f735466cecf":"f.CCF77AB910636C8B118410FB7AEDA09C.d.A96CB39554E9C83B1781C63DAA0155F1.e.7712","ELEMENT":"f.CCF77AB910636C8B118410FB7AEDA09C.d.A96CB39554E9C83B1781C63DAA0155F1.e.7712"}]}
RESULT: {"script":"<script> [56 bytes]","args":[{"element-6066-11e4-a52e-4f735466cecf":"f.CCF77AB910636C8B118410FB7AEDA09C.d.A96CB39554E9C83B1781C63DAA0155F1.e.7712","ELEMENT":"f.CCF77AB910636C8B118410FB7AEDA09C.d.A96CB39554E9C83B1781C63DAA0155F1.e.7712"}]}
COMMAND: GET /session/2fb6d640d7e56baf8781ddfc65543b63/element/f.CCF77AB910636C8B118410FB7AEDA09C.d.A96CB39554E9C83B1781C63DAA0155F1.e.7711/attribute/aria-checked - {}
COMMAND: GET /session/2fb6d640d7e56baf8781ddfc65543b63/screenshot - {}
RESULT: {}
COMMAND: POST /session/2fb6d640d7e56baf8781ddfc65543b63/element - {"using":"xpath","value":"//table[contains(@id, \"listView-innerSelectionPanelTable-listUl\")]/tbody/tr[7]/td[2]/div/div"}
RESULT: {}
RESULT: {"using":"xpath","value":"//table[contains(@id, \"listView-innerSelectionPanelTable-listUl\")]/tbody/tr[7]/td[2]/div/div"}
COMMAND: POST /session/2fb6d640d7e56baf8781ddfc65543b63/element - {"using":"xpath","value":"//table[contains(@id, \"listView-innerSelectionPanelTable-listUl\")]/tbody/tr[7]/td[2]/div"}
RESULT: {"using":"xpath","value":"//table[contains(@id, \"listView-innerSelectionPanelTable-listUl\")]/tbody/tr[7]/td[2]/div"}
COMMAND: POST /session/2fb6d640d7e56baf8781ddfc65543b63/element - {"using":"xpath","value":"//table[contains(@id, \"listView-innerSelectionPanelTable-listUl\")]/tbody/tr[7]/td[3]/div/div/span/span[1]/bdi"}
RESULT: {"using":"xpath","value":"//table[contains(@id, \"listView-innerSelectionPanelTable-listUl\")]/tbody/tr[7]/td[3]/div/div/span/span[1]/bdi"}
COMMAND: POST /session/2fb6d640d7e56baf8781ddfc65543b63/execute/sync - {"script":"<script> [56 bytes]","args":[{"element-6066-11e4-a52e-4f735466cecf":"f.CCF77AB910636C8B118410FB7AEDA09C.d.A96CB39554E9C83B1781C63DAA0155F1.e.7715","ELEMENT":"f.CCF77AB910636C8B118410FB7AEDA09C.d.A96CB39554E9C83B1781C63DAA0155F1.e.7715"}]}
RESULT: {"script":"<script> [56 bytes]","args":[{"element-6066-11e4-a52e-4f735466cecf":"f.CCF77AB910636C8B118410FB7AEDA09C.d.A96CB39554E9C83B1781C63DAA0155F1.e.7715","ELEMENT":"f.CCF77AB910636C8B118410FB7AEDA09C.d.A96CB39554E9C83B1781C63DAA0155F1.e.7715"}]}
COMMAND: GET /session/2fb6d640d7e56baf8781ddfc65543b63/element/f.CCF77AB910636C8B118410FB7AEDA09C.d.A96CB39554E9C83B1781C63DAA0155F1.e.7714/attribute/aria-checked - {}
COMMAND: GET /session/2fb6d640d7e56baf8781ddfc65543b63/screenshot - {}
RESULT: {}
COMMAND: POST /session/2fb6d640d7e56baf8781ddfc65543b63/element - {"using":"xpath","value":"//table[contains(@id, \"listView-innerSelectionPanelTable-listUl\")]/tbody/tr[8]/td[2]/div/div"}
RESULT: {}
RESULT: {"using":"xpath","value":"//table[contains(@id, \"listView-innerSelectionPanelTable-listUl\")]/tbody/tr[8]/td[2]/div/div"}
COMMAND: POST /session/2fb6d640d7e56baf8781ddfc65543b63/element - {"using":"xpath","value":"//table[contains(@id, \"listView-innerSelectionPanelTable-listUl\")]/tbody/tr[8]/td[2]/div"}
RESULT: {"using":"xpath","value":"//table[contains(@id, \"listView-innerSelectionPanelTable-listUl\")]/tbody/tr[8]/td[2]/div"}
COMMAND: POST /session/2fb6d640d7e56baf8781ddfc65543b63/element - {"using":"xpath","value":"//table[contains(@id, \"listView-innerSelectionPanelTable-listUl\")]/tbody/tr[8]/td[3]/div/div/span/span[1]/bdi"}
RESULT: {"using":"xpath","value":"//table[contains(@id, \"listView-innerSelectionPanelTable-listUl\")]/tbody/tr[8]/td[3]/div/div/span/span[1]/bdi"}
COMMAND: POST /session/2fb6d640d7e56baf8781ddfc65543b63/execute/sync - {"script":"<script> [56 bytes]","args":[{"element-6066-11e4-a52e-4f735466cecf":"f.CCF77AB910636C8B118410FB7AEDA09C.d.A96CB39554E9C83B1781C63DAA0155F1.e.7718","ELEMENT":"f.CCF77AB910636C8B118410FB7AEDA09C.d.A96CB39554E9C83B1781C63DAA0155F1.e.7718"}]}
RESULT: {"script":"<script> [56 bytes]","args":[{"element-6066-11e4-a52e-4f735466cecf":"f.CCF77AB910636C8B118410FB7AEDA09C.d.A96CB39554E9C83B1781C63DAA0155F1.e.7718","ELEMENT":"f.CCF77AB910636C8B118410FB7AEDA09C.d.A96CB39554E9C83B1781C63DAA0155F1.e.7718"}]}
COMMAND: GET /session/2fb6d640d7e56baf8781ddfc65543b63/element/f.CCF77AB910636C8B118410FB7AEDA09C.d.A96CB39554E9C83B1781C63DAA0155F1.e.7717/attribute/aria-checked - {}
COMMAND: GET /session/2fb6d640d7e56baf8781ddfc65543b63/screenshot - {}
RESULT: {}
COMMAND: POST /session/2fb6d640d7e56baf8781ddfc65543b63/element - {"using":"xpath","value":"//table[contains(@id, \"listView-innerSelectionPanelTable-listUl\")]/tbody/tr[9]/td[2]/div/div"}
RESULT: {}
RESULT: {"using":"xpath","value":"//table[contains(@id, \"listView-innerSelectionPanelTable-listUl\")]/tbody/tr[9]/td[2]/div/div"}
COMMAND: POST /session/2fb6d640d7e56baf8781ddfc65543b63/element - {"using":"xpath","value":"//table[contains(@id, \"listView-innerSelectionPanelTable-listUl\")]/tbody/tr[9]/td[2]/div"}
RESULT: {"using":"xpath","value":"//table[contains(@id, \"listView-innerSelectionPanelTable-listUl\")]/tbody/tr[9]/td[2]/div"}
COMMAND: POST /session/2fb6d640d7e56baf8781ddfc65543b63/element - {"using":"xpath","value":"//table[contains(@id, \"listView-innerSelectionPanelTable-listUl\")]/tbody/tr[9]/td[3]/div/div/span/span[1]/bdi"}
RESULT: {"using":"xpath","value":"//table[contains(@id, \"listView-innerSelectionPanelTable-listUl\")]/tbody/tr[9]/td[3]/div/div/span/span[1]/bdi"}
COMMAND: POST /session/2fb6d640d7e56baf8781ddfc65543b63/execute/sync - {"script":"<script> [56 bytes]","args":[{"element-6066-11e4-a52e-4f735466cecf":"f.CCF77AB910636C8B118410FB7AEDA09C.d.A96CB39554E9C83B1781C63DAA0155F1.e.7721","ELEMENT":"f.CCF77AB910636C8B118410FB7AEDA09C.d.A96CB39554E9C83B1781C63DAA0155F1.e.7721"}]}
RESULT: {"script":"<script> [56 bytes]","args":[{"element-6066-11e4-a52e-4f735466cecf":"f.CCF77AB910636C8B118410FB7AEDA09C.d.A96CB39554E9C83B1781C63DAA0155F1.e.7721","ELEMENT":"f.CCF77AB910636C8B118410FB7AEDA09C.d.A96CB39554E9C83B1781C63DAA0155F1.e.7721"}]}
COMMAND: GET /session/2fb6d640d7e56baf8781ddfc65543b63/element/f.CCF77AB910636C8B118410FB7AEDA09C.d.A96CB39554E9C83B1781C63DAA0155F1.e.7720/attribute/aria-checked - {}
COMMAND: GET /session/2fb6d640d7e56baf8781ddfc65543b63/screenshot - {}
RESULT: {}
COMMAND: POST /session/2fb6d640d7e56baf8781ddfc65543b63/element - {"using":"xpath","value":"//table[contains(@id, \"listView-innerSelectionPanelTable-listUl\")]/tbody/tr[10]/td[2]/div/div"}
RESULT: {}
RESULT: {"using":"xpath","value":"//table[contains(@id, \"listView-innerSelectionPanelTable-listUl\")]/tbody/tr[10]/td[2]/div/div"}
COMMAND: POST /session/2fb6d640d7e56baf8781ddfc65543b63/element - {"using":"xpath","value":"//table[contains(@id, \"listView-innerSelectionPanelTable-listUl\")]/tbody/tr[10]/td[2]/div"}
RESULT: {"using":"xpath","value":"//table[contains(@id, \"listView-innerSelectionPanelTable-listUl\")]/tbody/tr[10]/td[2]/div"}
COMMAND: POST /session/2fb6d640d7e56baf8781ddfc65543b63/element - {"using":"xpath","value":"//table[contains(@id, \"listView-innerSelectionPanelTable-listUl\")]/tbody/tr[10]/td[3]/div/div/span/span[1]/bdi"}
RESULT: {"using":"xpath","value":"//table[contains(@id, \"listView-innerSelectionPanelTable-listUl\")]/tbody/tr[10]/td[3]/div/div/span/span[1]/bdi"}
COMMAND: POST /session/2fb6d640d7e56baf8781ddfc65543b63/execute/sync - {"script":"<script> [56 bytes]","args":[{"element-6066-11e4-a52e-4f735466cecf":"f.CCF77AB910636C8B118410FB7AEDA09C.d.A96CB39554E9C83B1781C63DAA0155F1.e.7724","ELEMENT":"f.CCF77AB910636C8B118410FB7AEDA09C.d.A96CB39554E9C83B1781C63DAA0155F1.e.7724"}]}
RESULT: {"script":"<script> [56 bytes]","args":[{"element-6066-11e4-a52e-4f735466cecf":"f.CCF77AB910636C8B118410FB7AEDA09C.d.A96CB39554E9C83B1781C63DAA0155F1.e.7724","ELEMENT":"f.CCF77AB910636C8B118410FB7AEDA09C.d.A96CB39554E9C83B1781C63DAA0155F1.e.7724"}]}
COMMAND: GET /session/2fb6d640d7e56baf8781ddfc65543b63/element/f.CCF77AB910636C8B118410FB7AEDA09C.d.A96CB39554E9C83B1781C63DAA0155F1.e.7723/attribute/aria-checked - {}
COMMAND: GET /session/2fb6d640d7e56baf8781ddfc65543b63/screenshot - {}
RESULT: {}
COMMAND: POST /session/2fb6d640d7e56baf8781ddfc65543b63/element - {"using":"xpath","value":"//table[contains(@id, \"listView-innerSelectionPanelTable-listUl\")]/tbody/tr[11]/td[2]/div/div"}
RESULT: {}
RESULT: {"using":"xpath","value":"//table[contains(@id, \"listView-innerSelectionPanelTable-listUl\")]/tbody/tr[11]/td[2]/div/div"}
COMMAND: POST /session/2fb6d640d7e56baf8781ddfc65543b63/element - {"using":"xpath","value":"//table[contains(@id, \"listView-innerSelectionPanelTable-listUl\")]/tbody/tr[11]/td[2]/div"}
RESULT: {"using":"xpath","value":"//table[contains(@id, \"listView-innerSelectionPanelTable-listUl\")]/tbody/tr[11]/td[2]/div"}
COMMAND: POST /session/2fb6d640d7e56baf8781ddfc65543b63/element - {"using":"xpath","value":"//table[contains(@id, \"listView-innerSelectionPanelTable-listUl\")]/tbody/tr[11]/td[3]/div/div/span/span[1]/bdi"}
RESULT: {"using":"xpath","value":"//table[contains(@id, \"listView-innerSelectionPanelTable-listUl\")]/tbody/tr[11]/td[3]/div/div/span/span[1]/bdi"}
COMMAND: POST /session/2fb6d640d7e56baf8781ddfc65543b63/execute/sync - {"script":"<script> [56 bytes]","args":[{"element-6066-11e4-a52e-4f735466cecf":"f.CCF77AB910636C8B118410FB7AEDA09C.d.A96CB39554E9C83B1781C63DAA0155F1.e.7727","ELEMENT":"f.CCF77AB910636C8B118410FB7AEDA09C.d.A96CB39554E9C83B1781C63DAA0155F1.e.7727"}]}
RESULT: {"script":"<script> [56 bytes]","args":[{"element-6066-11e4-a52e-4f735466cecf":"f.CCF77AB910636C8B118410FB7AEDA09C.d.A96CB39554E9C83B1781C63DAA0155F1.e.7727","ELEMENT":"f.CCF77AB910636C8B118410FB7AEDA09C.d.A96CB39554E9C83B1781C63DAA0155F1.e.7727"}]}
COMMAND: GET /session/2fb6d640d7e56baf8781ddfc65543b63/element/f.CCF77AB910636C8B118410FB7AEDA09C.d.A96CB39554E9C83B1781C63DAA0155F1.e.7726/attribute/aria-checked - {}
COMMAND: GET /session/2fb6d640d7e56baf8781ddfc65543b63/screenshot - {}
RESULT: {}
COMMAND: POST /session/2fb6d640d7e56baf8781ddfc65543b63/element - {"using":"xpath","value":"//table[contains(@id, \"listView-innerSelectionPanelTable-listUl\")]/tbody/tr[12]/td[2]/div/div"}
RESULT: {}
RESULT: {"using":"xpath","value":"//table[contains(@id, \"listView-innerSelectionPanelTable-listUl\")]/tbody/tr[12]/td[2]/div/div"}
COMMAND: POST /session/2fb6d640d7e56baf8781ddfc65543b63/element - {"using":"xpath","value":"//table[contains(@id, \"listView-innerSelectionPanelTable-listUl\")]/tbody/tr[12]/td[2]/div"}
RESULT: {"using":"xpath","value":"//table[contains(@id, \"listView-innerSelectionPanelTable-listUl\")]/tbody/tr[12]/td[2]/div"}
COMMAND: POST /session/2fb6d640d7e56baf8781ddfc65543b63/element - {"using":"xpath","value":"//table[contains(@id, \"listView-innerSelectionPanelTable-listUl\")]/tbody/tr[12]/td[3]/div/div/span/span[1]/bdi"}
RESULT: {"using":"xpath","value":"//table[contains(@id, \"listView-innerSelectionPanelTable-listUl\")]/tbody/tr[12]/td[3]/div/div/span/span[1]/bdi"}
COMMAND: POST /session/2fb6d640d7e56baf8781ddfc65543b63/execute/sync - {"script":"<script> [56 bytes]","args":[{"element-6066-11e4-a52e-4f735466cecf":"f.CCF77AB910636C8B118410FB7AEDA09C.d.A96CB39554E9C83B1781C63DAA0155F1.e.7730","ELEMENT":"f.CCF77AB910636C8B118410FB7AEDA09C.d.A96CB39554E9C83B1781C63DAA0155F1.e.7730"}]}
RESULT: {"script":"<script> [56 bytes]","args":[{"element-6066-11e4-a52e-4f735466cecf":"f.CCF77AB910636C8B118410FB7AEDA09C.d.A96CB39554E9C83B1781C63DAA0155F1.e.7730","ELEMENT":"f.CCF77AB910636C8B118410FB7AEDA09C.d.A96CB39554E9C83B1781C63DAA0155F1.e.7730"}]}
COMMAND: GET /session/2fb6d640d7e56baf8781ddfc65543b63/element/f.CCF77AB910636C8B118410FB7AEDA09C.d.A96CB39554E9C83B1781C63DAA0155F1.e.7729/attribute/aria-checked - {}
COMMAND: GET /session/2fb6d640d7e56baf8781ddfc65543b63/screenshot - {}
RESULT: {}
COMMAND: POST /session/2fb6d640d7e56baf8781ddfc65543b63/element - {"using":"xpath","value":"//table[contains(@id, \"listView-innerSelectionPanelTable-listUl\")]/tbody/tr[13]/td[2]/div/div"}
RESULT: {}
RESULT: {"using":"xpath","value":"//table[contains(@id, \"listView-innerSelectionPanelTable-listUl\")]/tbody/tr[13]/td[2]/div/div"}
COMMAND: POST /session/2fb6d640d7e56baf8781ddfc65543b63/element - {"using":"xpath","value":"//table[contains(@id, \"listView-innerSelectionPanelTable-listUl\")]/tbody/tr[13]/td[2]/div"}
RESULT: {"using":"xpath","value":"//table[contains(@id, \"listView-innerSelectionPanelTable-listUl\")]/tbody/tr[13]/td[2]/div"}
COMMAND: POST /session/2fb6d640d7e56baf8781ddfc65543b63/element - {"using":"xpath","value":"//table[contains(@id, \"listView-innerSelectionPanelTable-listUl\")]/tbody/tr[13]/td[3]/div/div/span/span[1]/bdi"}
RESULT: {"using":"xpath","value":"//table[contains(@id, \"listView-innerSelectionPanelTable-listUl\")]/tbody/tr[13]/td[3]/div/div/span/span[1]/bdi"}
COMMAND: POST /session/2fb6d640d7e56baf8781ddfc65543b63/execute/sync - {"script":"<script> [56 bytes]","args":[{"element-6066-11e4-a52e-4f735466cecf":"f.CCF77AB910636C8B118410FB7AEDA09C.d.A96CB39554E9C83B1781C63DAA0155F1.e.7733","ELEMENT":"f.CCF77AB910636C8B118410FB7AEDA09C.d.A96CB39554E9C83B1781C63DAA0155F1.e.7733"}]}
RESULT: {"script":"<script> [56 bytes]","args":[{"element-6066-11e4-a52e-4f735466cecf":"f.CCF77AB910636C8B118410FB7AEDA09C.d.A96CB39554E9C83B1781C63DAA0155F1.e.7733","ELEMENT":"f.CCF77AB910636C8B118410FB7AEDA09C.d.A96CB39554E9C83B1781C63DAA0155F1.e.7733"}]}
COMMAND: GET /session/2fb6d640d7e56baf8781ddfc65543b63/element/f.CCF77AB910636C8B118410FB7AEDA09C.d.A96CB39554E9C83B1781C63DAA0155F1.e.7732/attribute/aria-checked - {}
COMMAND: GET /session/2fb6d640d7e56baf8781ddfc65543b63/screenshot - {}
RESULT: {}
COMMAND: POST /session/2fb6d640d7e56baf8781ddfc65543b63/element - {"using":"xpath","value":"//table[contains(@id, \"listView-innerSelectionPanelTable-listUl\")]/tbody/tr[14]/td[2]/div/div"}
RESULT: {}
RESULT: {"using":"xpath","value":"//table[contains(@id, \"listView-innerSelectionPanelTable-listUl\")]/tbody/tr[14]/td[2]/div/div"}
COMMAND: POST /session/2fb6d640d7e56baf8781ddfc65543b63/element - {"using":"xpath","value":"//table[contains(@id, \"listView-innerSelectionPanelTable-listUl\")]/tbody/tr[14]/td[2]/div"}
RESULT: {"using":"xpath","value":"//table[contains(@id, \"listView-innerSelectionPanelTable-listUl\")]/tbody/tr[14]/td[2]/div"}
COMMAND: POST /session/2fb6d640d7e56baf8781ddfc65543b63/element - {"using":"xpath","value":"//table[contains(@id, \"listView-innerSelectionPanelTable-listUl\")]/tbody/tr[14]/td[3]/div/div/span/span[1]/bdi"}
RESULT: {"using":"xpath","value":"//table[contains(@id, \"listView-innerSelectionPanelTable-listUl\")]/tbody/tr[14]/td[3]/div/div/span/span[1]/bdi"}
COMMAND: POST /session/2fb6d640d7e56baf8781ddfc65543b63/execute/sync - {"script":"<script> [56 bytes]","args":[{"element-6066-11e4-a52e-4f735466cecf":"f.CCF77AB910636C8B118410FB7AEDA09C.d.A96CB39554E9C83B1781C63DAA0155F1.e.7736","ELEMENT":"f.CCF77AB910636C8B118410FB7AEDA09C.d.A96CB39554E9C83B1781C63DAA0155F1.e.7736"}]}
RESULT: {"script":"<script> [56 bytes]","args":[{"element-6066-11e4-a52e-4f735466cecf":"f.CCF77AB910636C8B118410FB7AEDA09C.d.A96CB39554E9C83B1781C63DAA0155F1.e.7736","ELEMENT":"f.CCF77AB910636C8B118410FB7AEDA09C.d.A96CB39554E9C83B1781C63DAA0155F1.e.7736"}]}
COMMAND: GET /session/2fb6d640d7e56baf8781ddfc65543b63/element/f.CCF77AB910636C8B118410FB7AEDA09C.d.A96CB39554E9C83B1781C63DAA0155F1.e.7735/attribute/aria-checked - {}
COMMAND: GET /session/2fb6d640d7e56baf8781ddfc65543b63/screenshot - {}
RESULT: {}
COMMAND: POST /session/2fb6d640d7e56baf8781ddfc65543b63/element - {"using":"xpath","value":"//table[contains(@id, \"listView-innerSelectionPanelTable-listUl\")]/tbody/tr[15]/td[2]/div/div"}
RESULT: {}
RESULT: {"using":"xpath","value":"//table[contains(@id, \"listView-innerSelectionPanelTable-listUl\")]/tbody/tr[15]/td[2]/div/div"}
COMMAND: POST /session/2fb6d640d7e56baf8781ddfc65543b63/element - {"using":"xpath","value":"//table[contains(@id, \"listView-innerSelectionPanelTable-listUl\")]/tbody/tr[15]/td[2]/div"}
RESULT: {"using":"xpath","value":"//table[contains(@id, \"listView-innerSelectionPanelTable-listUl\")]/tbody/tr[15]/td[2]/div"}
COMMAND: POST /session/2fb6d640d7e56baf8781ddfc65543b63/element - {"using":"xpath","value":"//table[contains(@id, \"listView-innerSelectionPanelTable-listUl\")]/tbody/tr[15]/td[3]/div/div/span/span[1]/bdi"}
RESULT: {"using":"xpath","value":"//table[contains(@id, \"listView-innerSelectionPanelTable-listUl\")]/tbody/tr[15]/td[3]/div/div/span/span[1]/bdi"}
COMMAND: POST /session/2fb6d640d7e56baf8781ddfc65543b63/execute/sync - {"script":"<script> [56 bytes]","args":[{"element-6066-11e4-a52e-4f735466cecf":"f.CCF77AB910636C8B118410FB7AEDA09C.d.A96CB39554E9C83B1781C63DAA0155F1.e.7739","ELEMENT":"f.CCF77AB910636C8B118410FB7AEDA09C.d.A96CB39554E9C83B1781C63DAA0155F1.e.7739"}]}
RESULT: {"script":"<script> [56 bytes]","args":[{"element-6066-11e4-a52e-4f735466cecf":"f.CCF77AB910636C8B118410FB7AEDA09C.d.A96CB39554E9C83B1781C63DAA0155F1.e.7739","ELEMENT":"f.CCF77AB910636C8B118410FB7AEDA09C.d.A96CB39554E9C83B1781C63DAA0155F1.e.7739"}]}
COMMAND: GET /session/2fb6d640d7e56baf8781ddfc65543b63/element/f.CCF77AB910636C8B118410FB7AEDA09C.d.A96CB39554E9C83B1781C63DAA0155F1.e.7738/attribute/aria-checked - {}
COMMAND: GET /session/2fb6d640d7e56baf8781ddfc65543b63/screenshot - {}
RESULT: {}
COMMAND: POST /session/2fb6d640d7e56baf8781ddfc65543b63/element - {"using":"xpath","value":"//table[contains(@id, \"listView-innerSelectionPanelTable-listUl\")]/tbody/tr[16]/td[2]/div/div"}
RESULT: {}
RESULT: {"using":"xpath","value":"//table[contains(@id, \"listView-innerSelectionPanelTable-listUl\")]/tbody/tr[16]/td[2]/div/div"}
COMMAND: POST /session/2fb6d640d7e56baf8781ddfc65543b63/element - {"using":"xpath","value":"//table[contains(@id, \"listView-innerSelectionPanelTable-listUl\")]/tbody/tr[16]/td[2]/div"}
RESULT: {"using":"xpath","value":"//table[contains(@id, \"listView-innerSelectionPanelTable-listUl\")]/tbody/tr[16]/td[2]/div"}
COMMAND: POST /session/2fb6d640d7e56baf8781ddfc65543b63/element - {"using":"xpath","value":"//table[contains(@id, \"listView-innerSelectionPanelTable-listUl\")]/tbody/tr[16]/td[3]/div/div/span/span[1]/bdi"}
RESULT: {"using":"xpath","value":"//table[contains(@id, \"listView-innerSelectionPanelTable-listUl\")]/tbody/tr[16]/td[3]/div/div/span/span[1]/bdi"}
COMMAND: POST /session/2fb6d640d7e56baf8781ddfc65543b63/execute/sync - {"script":"<script> [56 bytes]","args":[{"element-6066-11e4-a52e-4f735466cecf":"f.CCF77AB910636C8B118410FB7AEDA09C.d.A96CB39554E9C83B1781C63DAA0155F1.e.7742","ELEMENT":"f.CCF77AB910636C8B118410FB7AEDA09C.d.A96CB39554E9C83B1781C63DAA0155F1.e.7742"}]}
RESULT: {"script":"<script> [56 bytes]","args":[{"element-6066-11e4-a52e-4f735466cecf":"f.CCF77AB910636C8B118410FB7AEDA09C.d.A96CB39554E9C83B1781C63DAA0155F1.e.7742","ELEMENT":"f.CCF77AB910636C8B118410FB7AEDA09C.d.A96CB39554E9C83B1781C63DAA0155F1.e.7742"}]}
COMMAND: GET /session/2fb6d640d7e56baf8781ddfc65543b63/element/f.CCF77AB910636C8B118410FB7AEDA09C.d.A96CB39554E9C83B1781C63DAA0155F1.e.7741/attribute/aria-checked - {}
COMMAND: GET /session/2fb6d640d7e56baf8781ddfc65543b63/screenshot - {}
RESULT: {}
COMMAND: POST /session/2fb6d640d7e56baf8781ddfc65543b63/element - {"using":"xpath","value":"//table[contains(@id, \"listView-innerSelectionPanelTable-listUl\")]/tbody/tr[17]/td[2]/div/div"}
RESULT: {}
RESULT: {"using":"xpath","value":"//table[contains(@id, \"listView-innerSelectionPanelTable-listUl\")]/tbody/tr[17]/td[2]/div/div"}
COMMAND: POST /session/2fb6d640d7e56baf8781ddfc65543b63/element - {"using":"xpath","value":"//table[contains(@id, \"listView-innerSelectionPanelTable-listUl\")]/tbody/tr[17]/td[2]/div"}
RESULT: {"using":"xpath","value":"//table[contains(@id, \"listView-innerSelectionPanelTable-listUl\")]/tbody/tr[17]/td[2]/div"}
COMMAND: POST /session/2fb6d640d7e56baf8781ddfc65543b63/element - {"using":"xpath","value":"//table[contains(@id, \"listView-innerSelectionPanelTable-listUl\")]/tbody/tr[17]/td[3]/div/div/span/span[1]/bdi"}
RESULT: {"using":"xpath","value":"//table[contains(@id, \"listView-innerSelectionPanelTable-listUl\")]/tbody/tr[17]/td[3]/div/div/span/span[1]/bdi"}
COMMAND: POST /session/2fb6d640d7e56baf8781ddfc65543b63/execute/sync - {"script":"<script> [56 bytes]","args":[{"element-6066-11e4-a52e-4f735466cecf":"f.CCF77AB910636C8B118410FB7AEDA09C.d.A96CB39554E9C83B1781C63DAA0155F1.e.7745","ELEMENT":"f.CCF77AB910636C8B118410FB7AEDA09C.d.A96CB39554E9C83B1781C63DAA0155F1.e.7745"}]}
RESULT: {"script":"<script> [56 bytes]","args":[{"element-6066-11e4-a52e-4f735466cecf":"f.CCF77AB910636C8B118410FB7AEDA09C.d.A96CB39554E9C83B1781C63DAA0155F1.e.7745","ELEMENT":"f.CCF77AB910636C8B118410FB7AEDA09C.d.A96CB39554E9C83B1781C63DAA0155F1.e.7745"}]}
COMMAND: GET /session/2fb6d640d7e56baf8781ddfc65543b63/element/f.CCF77AB910636C8B118410FB7AEDA09C.d.A96CB39554E9C83B1781C63DAA0155F1.e.7744/attribute/aria-checked - {}
COMMAND: GET /session/2fb6d640d7e56baf8781ddfc65543b63/screenshot - {}
RESULT: {}
COMMAND: POST /session/2fb6d640d7e56baf8781ddfc65543b63/element - {"using":"xpath","value":"//table[contains(@id, \"listView-innerSelectionPanelTable-listUl\")]/tbody/tr[18]/td[2]/div/div"}
RESULT: {}
RESULT: {"using":"xpath","value":"//table[contains(@id, \"listView-innerSelectionPanelTable-listUl\")]/tbody/tr[18]/td[2]/div/div"}
COMMAND: POST /session/2fb6d640d7e56baf8781ddfc65543b63/element - {"using":"xpath","value":"//table[contains(@id, \"listView-innerSelectionPanelTable-listUl\")]/tbody/tr[18]/td[2]/div"}
RESULT: {"using":"xpath","value":"//table[contains(@id, \"listView-innerSelectionPanelTable-listUl\")]/tbody/tr[18]/td[2]/div"}
COMMAND: POST /session/2fb6d640d7e56baf8781ddfc65543b63/element - {"using":"xpath","value":"//table[contains(@id, \"listView-innerSelectionPanelTable-listUl\")]/tbody/tr[18]/td[3]/div/div/span/span[1]/bdi"}
RESULT: {"using":"xpath","value":"//table[contains(@id, \"listView-innerSelectionPanelTable-listUl\")]/tbody/tr[18]/td[3]/div/div/span/span[1]/bdi"}
COMMAND: POST /session/2fb6d640d7e56baf8781ddfc65543b63/execute/sync - {"script":"<script> [56 bytes]","args":[{"element-6066-11e4-a52e-4f735466cecf":"f.CCF77AB910636C8B118410FB7AEDA09C.d.A96CB39554E9C83B1781C63DAA0155F1.e.7748","ELEMENT":"f.CCF77AB910636C8B118410FB7AEDA09C.d.A96CB39554E9C83B1781C63DAA0155F1.e.7748"}]}
RESULT: {"script":"<script> [56 bytes]","args":[{"element-6066-11e4-a52e-4f735466cecf":"f.CCF77AB910636C8B118410FB7AEDA09C.d.A96CB39554E9C83B1781C63DAA0155F1.e.7748","ELEMENT":"f.CCF77AB910636C8B118410FB7AEDA09C.d.A96CB39554E9C83B1781C63DAA0155F1.e.7748"}]}
COMMAND: GET /session/2fb6d640d7e56baf8781ddfc65543b63/element/f.CCF77AB910636C8B118410FB7AEDA09C.d.A96CB39554E9C83B1781C63DAA0155F1.e.7747/attribute/aria-checked - {}
COMMAND: GET /session/2fb6d640d7e56baf8781ddfc65543b63/screenshot - {}
RESULT: {}
COMMAND: POST /session/2fb6d640d7e56baf8781ddfc65543b63/element - {"using":"xpath","value":"//table[contains(@id, \"listView-innerSelectionPanelTable-listUl\")]/tbody/tr[19]/td[2]/div/div"}
RESULT: {}
RESULT: {"using":"xpath","value":"//table[contains(@id, \"listView-innerSelectionPanelTable-listUl\")]/tbody/tr[19]/td[2]/div/div"}
COMMAND: POST /session/2fb6d640d7e56baf8781ddfc65543b63/element - {"using":"xpath","value":"//table[contains(@id, \"listView-innerSelectionPanelTable-listUl\")]/tbody/tr[19]/td[2]/div"}
RESULT: {"using":"xpath","value":"//table[contains(@id, \"listView-innerSelectionPanelTable-listUl\")]/tbody/tr[19]/td[2]/div"}
COMMAND: POST /session/2fb6d640d7e56baf8781ddfc65543b63/element - {"using":"xpath","value":"//table[contains(@id, \"listView-innerSelectionPanelTable-listUl\")]/tbody/tr[19]/td[3]/div/div/span/span[1]/bdi"}
RESULT: {"using":"xpath","value":"//table[contains(@id, \"listView-innerSelectionPanelTable-listUl\")]/tbody/tr[19]/td[3]/div/div/span/span[1]/bdi"}
COMMAND: POST /session/2fb6d640d7e56baf8781ddfc65543b63/execute/sync - {"script":"<script> [56 bytes]","args":[{"element-6066-11e4-a52e-4f735466cecf":"f.CCF77AB910636C8B118410FB7AEDA09C.d.A96CB39554E9C83B1781C63DAA0155F1.e.7751","ELEMENT":"f.CCF77AB910636C8B118410FB7AEDA09C.d.A96CB39554E9C83B1781C63DAA0155F1.e.7751"}]}
RESULT: {"script":"<script> [56 bytes]","args":[{"element-6066-11e4-a52e-4f735466cecf":"f.CCF77AB910636C8B118410FB7AEDA09C.d.A96CB39554E9C83B1781C63DAA0155F1.e.7751","ELEMENT":"f.CCF77AB910636C8B118410FB7AEDA09C.d.A96CB39554E9C83B1781C63DAA0155F1.e.7751"}]}
COMMAND: GET /session/2fb6d640d7e56baf8781ddfc65543b63/element/f.CCF77AB910636C8B118410FB7AEDA09C.d.A96CB39554E9C83B1781C63DAA0155F1.e.7750/attribute/aria-checked - {}
COMMAND: GET /session/2fb6d640d7e56baf8781ddfc65543b63/screenshot - {}
RESULT: {}
COMMAND: POST /session/2fb6d640d7e56baf8781ddfc65543b63/element - {"using":"xpath","value":"//table[contains(@id, \"listView-innerSelectionPanelTable-listUl\")]/tbody/tr[20]/td[2]/div/div"}
RESULT: {}
RESULT: {"using":"xpath","value":"//table[contains(@id, \"listView-innerSelectionPanelTable-listUl\")]/tbody/tr[20]/td[2]/div/div"}
COMMAND: POST /session/2fb6d640d7e56baf8781ddfc65543b63/element - {"using":"xpath","value":"//table[contains(@id, \"listView-innerSelectionPanelTable-listUl\")]/tbody/tr[20]/td[2]/div"}
RESULT: {"using":"xpath","value":"//table[contains(@id, \"listView-innerSelectionPanelTable-listUl\")]/tbody/tr[20]/td[2]/div"}
COMMAND: POST /session/2fb6d640d7e56baf8781ddfc65543b63/element - {"using":"xpath","value":"//table[contains(@id, \"listView-innerSelectionPanelTable-listUl\")]/tbody/tr[20]/td[3]/div/div/span/span[1]/bdi"}
RESULT: {"using":"xpath","value":"//table[contains(@id, \"listView-innerSelectionPanelTable-listUl\")]/tbody/tr[20]/td[3]/div/div/span/span[1]/bdi"}
COMMAND: POST /session/2fb6d640d7e56baf8781ddfc65543b63/execute/sync - {"script":"<script> [56 bytes]","args":[{"element-6066-11e4-a52e-4f735466cecf":"f.CCF77AB910636C8B118410FB7AEDA09C.d.A96CB39554E9C83B1781C63DAA0155F1.e.7754","ELEMENT":"f.CCF77AB910636C8B118410FB7AEDA09C.d.A96CB39554E9C83B1781C63DAA0155F1.e.7754"}]}
RESULT: {"script":"<script> [56 bytes]","args":[{"element-6066-11e4-a52e-4f735466cecf":"f.CCF77AB910636C8B118410FB7AEDA09C.d.A96CB39554E9C83B1781C63DAA0155F1.e.7754","ELEMENT":"f.CCF77AB910636C8B118410FB7AEDA09C.d.A96CB39554E9C83B1781C63DAA0155F1.e.7754"}]}
COMMAND: GET /session/2fb6d640d7e56baf8781ddfc65543b63/element/f.CCF77AB910636C8B118410FB7AEDA09C.d.A96CB39554E9C83B1781C63DAA0155F1.e.7753/attribute/aria-checked - {}
COMMAND: GET /session/2fb6d640d7e56baf8781ddfc65543b63/screenshot - {}
RESULT: {}
COMMAND: POST /session/2fb6d640d7e56baf8781ddfc65543b63/element - {"using":"xpath","value":"//table[contains(@id, \"listView-innerSelectionPanelTable-listUl\")]/tbody/tr[21]/td[2]/div/div"}
COMMAND: POST /session/2fb6d640d7e56baf8781ddfc65543b63/element/f.CCF77AB910636C8B118410FB7AEDA09C.d.A96CB39554E9C83B1781C63DAA0155F1.e.7752/click - {}
RESULT: {}
RESULT: {"using":"xpath","value":"//table[contains(@id, \"listView-innerSelectionPanelTable-listUl\")]/tbody/tr[21]/td[2]/div/div"}
COMMAND: POST /session/2fb6d640d7e56baf8781ddfc65543b63/element - {"using":"xpath","value":"//table[contains(@id, \"listView-innerSelectionPanelTable-listUl\")]/tbody/tr[21]/td[2]/div"}
RESULT: {}
COMMAND: GET /session/2fb6d640d7e56baf8781ddfc65543b63/screenshot - {}
RESULT: {"using":"xpath","value":"//table[contains(@id, \"listView-innerSelectionPanelTable-listUl\")]/tbody/tr[21]/td[2]/div"}
COMMAND: POST /session/2fb6d640d7e56baf8781ddfc65543b63/element - {"using":"xpath","value":"//table[contains(@id, \"listView-innerSelectionPanelTable-listUl\")]/tbody/tr[21]/td[3]/div/div/span/span[1]/bdi"}
RESULT: {}
RESULT: {"using":"xpath","value":"//table[contains(@id, \"listView-innerSelectionPanelTable-listUl\")]/tbody/tr[21]/td[3]/div/div/span/span[1]/bdi"}
COMMAND: POST /session/2fb6d640d7e56baf8781ddfc65543b63/execute/sync - {"script":"<script> [56 bytes]","args":[{"element-6066-11e4-a52e-4f735466cecf":"f.CCF77AB910636C8B118410FB7AEDA09C.d.A96CB39554E9C83B1781C63DAA0155F1.e.7760","ELEMENT":"f.CCF77AB910636C8B118410FB7AEDA09C.d.A96CB39554E9C83B1781C63DAA0155F1.e.7760"}]}
RESULT: {"script":"<script> [56 bytes]","args":[{"element-6066-11e4-a52e-4f735466cecf":"f.CCF77AB910636C8B118410FB7AEDA09C.d.A96CB39554E9C83B1781C63DAA0155F1.e.7760","ELEMENT":"f.CCF77AB910636C8B118410FB7AEDA09C.d.A96CB39554E9C83B1781C63DAA0155F1.e.7760"}]}
COMMAND: GET /session/2fb6d640d7e56baf8781ddfc65543b63/element/f.CCF77AB910636C8B118410FB7AEDA09C.d.A96CB39554E9C83B1781C63DAA0155F1.e.7759/attribute/aria-checked - {}
COMMAND: GET /session/2fb6d640d7e56baf8781ddfc65543b63/screenshot - {}
RESULT: {}
COMMAND: POST /session/2fb6d640d7e56baf8781ddfc65543b63/element - {"using":"xpath","value":"//table[contains(@id, \"listView-innerSelectionPanelTable-listUl\")]/tbody/tr[22]/td[2]/div/div"}
COMMAND: POST /session/2fb6d640d7e56baf8781ddfc65543b63/element/f.CCF77AB910636C8B118410FB7AEDA09C.d.A96CB39554E9C83B1781C63DAA0155F1.e.7755/click - {}
RESULT: {}
RESULT: {"using":"xpath","value":"//table[contains(@id, \"listView-innerSelectionPanelTable-listUl\")]/tbody/tr[22]/td[2]/div/div"}
COMMAND: POST /session/2fb6d640d7e56baf8781ddfc65543b63/element - {"using":"xpath","value":"//table[contains(@id, \"listView-innerSelectionPanelTable-listUl\")]/tbody/tr[22]/td[2]/div"}
RESULT: {}
COMMAND: GET /session/2fb6d640d7e56baf8781ddfc65543b63/screenshot - {}
RESULT: {"using":"xpath","value":"//table[contains(@id, \"listView-innerSelectionPanelTable-listUl\")]/tbody/tr[22]/td[2]/div"}
COMMAND: POST /session/2fb6d640d7e56baf8781ddfc65543b63/element - {"using":"xpath","value":"//table[contains(@id, \"listView-innerSelectionPanelTable-listUl\")]/tbody/tr[22]/td[3]/div/div/span/span[1]/bdi"}
RESULT: {}
RESULT: {"using":"xpath","value":"//table[contains(@id, \"listView-innerSelectionPanelTable-listUl\")]/tbody/tr[22]/td[3]/div/div/span/span[1]/bdi"}
COMMAND: POST /session/2fb6d640d7e56baf8781ddfc65543b63/execute/sync - {"script":"<script> [56 bytes]","args":[{"element-6066-11e4-a52e-4f735466cecf":"f.CCF77AB910636C8B118410FB7AEDA09C.d.A96CB39554E9C83B1781C63DAA0155F1.e.7764","ELEMENT":"f.CCF77AB910636C8B118410FB7AEDA09C.d.A96CB39554E9C83B1781C63DAA0155F1.e.7764"}]}
RESULT: {"script":"<script> [56 bytes]","args":[{"element-6066-11e4-a52e-4f735466cecf":"f.CCF77AB910636C8B118410FB7AEDA09C.d.A96CB39554E9C83B1781C63DAA0155F1.e.7764","ELEMENT":"f.CCF77AB910636C8B118410FB7AEDA09C.d.A96CB39554E9C83B1781C63DAA0155F1.e.7764"}]}
COMMAND: GET /session/2fb6d640d7e56baf8781ddfc65543b63/element/f.CCF77AB910636C8B118410FB7AEDA09C.d.A96CB39554E9C83B1781C63DAA0155F1.e.7763/attribute/aria-checked - {}
COMMAND: GET /session/2fb6d640d7e56baf8781ddfc65543b63/screenshot - {}
RESULT: {}
COMMAND: POST /session/2fb6d640d7e56baf8781ddfc65543b63/element - {"using":"xpath","value":"//table[contains(@id, \"listView-innerSelectionPanelTable-listUl\")]/tbody/tr[23]/td[2]/div/div"}
RESULT: {}
RESULT: {"using":"xpath","value":"//table[contains(@id, \"listView-innerSelectionPanelTable-listUl\")]/tbody/tr[23]/td[2]/div/div"}
COMMAND: POST /session/2fb6d640d7e56baf8781ddfc65543b63/element - {"using":"xpath","value":"//table[contains(@id, \"listView-innerSelectionPanelTable-listUl\")]/tbody/tr[23]/td[2]/div"}
RESULT: {"using":"xpath","value":"//table[contains(@id, \"listView-innerSelectionPanelTable-listUl\")]/tbody/tr[23]/td[2]/div"}
COMMAND: POST /session/2fb6d640d7e56baf8781ddfc65543b63/element - {"using":"xpath","value":"//table[contains(@id, \"listView-innerSelectionPanelTable-listUl\")]/tbody/tr[23]/td[3]/div/div/span/span[1]/bdi"}
RESULT: {"using":"xpath","value":"//table[contains(@id, \"listView-innerSelectionPanelTable-listUl\")]/tbody/tr[23]/td[3]/div/div/span/span[1]/bdi"}
COMMAND: POST /session/2fb6d640d7e56baf8781ddfc65543b63/execute/sync - {"script":"<script> [56 bytes]","args":[{"element-6066-11e4-a52e-4f735466cecf":"f.CCF77AB910636C8B118410FB7AEDA09C.d.A96CB39554E9C83B1781C63DAA0155F1.e.7767","ELEMENT":"f.CCF77AB910636C8B118410FB7AEDA09C.d.A96CB39554E9C83B1781C63DAA0155F1.e.7767"}]}
RESULT: {"script":"<script> [56 bytes]","args":[{"element-6066-11e4-a52e-4f735466cecf":"f.CCF77AB910636C8B118410FB7AEDA09C.d.A96CB39554E9C83B1781C63DAA0155F1.e.7767","ELEMENT":"f.CCF77AB910636C8B118410FB7AEDA09C.d.A96CB39554E9C83B1781C63DAA0155F1.e.7767"}]}
COMMAND: GET /session/2fb6d640d7e56baf8781ddfc65543b63/element/f.CCF77AB910636C8B118410FB7AEDA09C.d.A96CB39554E9C83B1781C63DAA0155F1.e.7766/attribute/aria-checked - {}
COMMAND: GET /session/2fb6d640d7e56baf8781ddfc65543b63/screenshot - {}
RESULT: {}
COMMAND: POST /session/2fb6d640d7e56baf8781ddfc65543b63/element - {"using":"xpath","value":"//table[contains(@id, \"listView-innerSelectionPanelTable-listUl\")]/tbody/tr[24]/td[2]/div/div"}
RESULT: {}
RESULT: {"using":"xpath","value":"//table[contains(@id, \"listView-innerSelectionPanelTable-listUl\")]/tbody/tr[24]/td[2]/div/div"}
COMMAND: POST /session/2fb6d640d7e56baf8781ddfc65543b63/element - {"using":"xpath","value":"//table[contains(@id, \"listView-innerSelectionPanelTable-listUl\")]/tbody/tr[24]/td[2]/div"}
RESULT: {"using":"xpath","value":"//table[contains(@id, \"listView-innerSelectionPanelTable-listUl\")]/tbody/tr[24]/td[2]/div"}
COMMAND: POST /session/2fb6d640d7e56baf8781ddfc65543b63/element - {"using":"xpath","value":"//table[contains(@id, \"listView-innerSelectionPanelTable-listUl\")]/tbody/tr[24]/td[3]/div/div/span/span[1]/bdi"}
RESULT: {"using":"xpath","value":"//table[contains(@id, \"listView-innerSelectionPanelTable-listUl\")]/tbody/tr[24]/td[3]/div/div/span/span[1]/bdi"}
COMMAND: POST /session/2fb6d640d7e56baf8781ddfc65543b63/execute/sync - {"script":"<script> [56 bytes]","args":[{"element-6066-11e4-a52e-4f735466cecf":"f.CCF77AB910636C8B118410FB7AEDA09C.d.A96CB39554E9C83B1781C63DAA0155F1.e.7770","ELEMENT":"f.CCF77AB910636C8B118410FB7AEDA09C.d.A96CB39554E9C83B1781C63DAA0155F1.e.7770"}]}
RESULT: {"script":"<script> [56 bytes]","args":[{"element-6066-11e4-a52e-4f735466cecf":"f.CCF77AB910636C8B118410FB7AEDA09C.d.A96CB39554E9C83B1781C63DAA0155F1.e.7770","ELEMENT":"f.CCF77AB910636C8B118410FB7AEDA09C.d.A96CB39554E9C83B1781C63DAA0155F1.e.7770"}]}
COMMAND: GET /session/2fb6d640d7e56baf8781ddfc65543b63/element/f.CCF77AB910636C8B118410FB7AEDA09C.d.A96CB39554E9C83B1781C63DAA0155F1.e.7769/attribute/aria-checked - {}
COMMAND: GET /session/2fb6d640d7e56baf8781ddfc65543b63/screenshot - {}
RESULT: {}
COMMAND: POST /session/2fb6d640d7e56baf8781ddfc65543b63/element - {"using":"xpath","value":"//table[contains(@id, \"listView-innerSelectionPanelTable-listUl\")]/tbody/tr[25]/td[2]/div/div"}
RESULT: {}
RESULT: {"using":"xpath","value":"//table[contains(@id, \"listView-innerSelectionPanelTable-listUl\")]/tbody/tr[25]/td[2]/div/div"}
COMMAND: POST /session/2fb6d640d7e56baf8781ddfc65543b63/element - {"using":"xpath","value":"//table[contains(@id, \"listView-innerSelectionPanelTable-listUl\")]/tbody/tr[25]/td[2]/div"}
RESULT: {"using":"xpath","value":"//table[contains(@id, \"listView-innerSelectionPanelTable-listUl\")]/tbody/tr[25]/td[2]/div"}
COMMAND: POST /session/2fb6d640d7e56baf8781ddfc65543b63/element - {"using":"xpath","value":"//table[contains(@id, \"listView-innerSelectionPanelTable-listUl\")]/tbody/tr[25]/td[3]/div/div/span/span[1]/bdi"}
RESULT: {"using":"xpath","value":"//table[contains(@id, \"listView-innerSelectionPanelTable-listUl\")]/tbody/tr[25]/td[3]/div/div/span/span[1]/bdi"}
COMMAND: POST /session/2fb6d640d7e56baf8781ddfc65543b63/execute/sync - {"script":"<script> [56 bytes]","args":[{"element-6066-11e4-a52e-4f735466cecf":"f.CCF77AB910636C8B118410FB7AEDA09C.d.A96CB39554E9C83B1781C63DAA0155F1.e.7773","ELEMENT":"f.CCF77AB910636C8B118410FB7AEDA09C.d.A96CB39554E9C83B1781C63DAA0155F1.e.7773"}]}
RESULT: {"script":"<script> [56 bytes]","args":[{"element-6066-11e4-a52e-4f735466cecf":"f.CCF77AB910636C8B118410FB7AEDA09C.d.A96CB39554E9C83B1781C63DAA0155F1.e.7773","ELEMENT":"f.CCF77AB910636C8B118410FB7AEDA09C.d.A96CB39554E9C83B1781C63DAA0155F1.e.7773"}]}
COMMAND: GET /session/2fb6d640d7e56baf8781ddfc65543b63/element/f.CCF77AB910636C8B118410FB7AEDA09C.d.A96CB39554E9C83B1781C63DAA0155F1.e.7772/attribute/aria-checked - {}
COMMAND: GET /session/2fb6d640d7e56baf8781ddfc65543b63/screenshot - {}
RESULT: {}
COMMAND: POST /session/2fb6d640d7e56baf8781ddfc65543b63/element - {"using":"xpath","value":"//bdi[contains(text(), \"OK\")]"}
RESULT: {}
RESULT: {"using":"xpath","value":"//bdi[contains(text(), \"OK\")]"}
COMMAND: POST /session/2fb6d640d7e56baf8781ddfc65543b63/element/f.CCF77AB910636C8B118410FB7AEDA09C.d.A96CB39554E9C83B1781C63DAA0155F1.e.7774/click - {}
RESULT: {}
COMMAND: GET /session/2fb6d640d7e56baf8781ddfc65543b63/screenshot - {}
RESULT: {}
COMMAND: POST /session/2fb6d640d7e56baf8781ddfc65543b63/execute/async - {"script":"<script> [1562 bytes]","args":[{"selector":{"id":"application-managepartners-display-component---masterPtm--smartFilterBar-filterItemControlA_-LINK_TO_ADDRESSES_MAIN.ID-vhi"},"wdio_ui5_key":"applicationmanagepartners-display-component---masterPtm--smartFilterBar-filterItemControlA_-LINK_TO_ADDRESSES_MAIN.ID-vhi"}]}
RESULT: {"script":"<script> [1562 bytes]","args":[{"selector":{"id":"application-managepartners-display-component---masterPtm--smartFilterBar-filterItemControlA_-LINK_TO_ADDRESSES_MAIN.ID-vhi"},"wdio_ui5_key":"applicationmanagepartners-display-component---masterPtm--smartFilterBar-filterItemControlA_-LINK_TO_ADDRESSES_MAIN.ID-vhi"}]}
RESULT: undefined
COMMAND: POST /session/2fb6d640d7e56baf8781ddfc65543b63/element - {"using":"xpath","value":"//*[@id=\"application-managepartners-display-component---masterPtm--smartFilterBar-filterItemControlA_-LINK_TO_ADDRESSES_MAIN.ID-vhi\"]"}
RESULT: {"using":"xpath","value":"//*[@id=\"application-managepartners-display-component---masterPtm--smartFilterBar-filterItemControlA_-LINK_TO_ADDRESSES_MAIN.ID-vhi\"]"}
COMMAND: POST /session/2fb6d640d7e56baf8781ddfc65543b63/element/f.CCF77AB910636C8B118410FB7AEDA09C.d.A96CB39554E9C83B1781C63DAA0155F1.e.7787/click - {}
RESULT: {}
COMMAND: GET /session/2fb6d640d7e56baf8781ddfc65543b63/screenshot - {}
RESULT: {}
COMMAND: POST /session/2fb6d640d7e56baf8781ddfc65543b63/execute/async - {"script":"<script> [1562 bytes]","args":[{"selector":{"controlType":"sap.ui.core.Icon","viewName":"etm.portal.ui.managepartners.view.Master","viewId":"application-managepartners-display-component---masterPtm","properties":{"src":{"regex":{"source":"slim\\-arrow\\-down"}}},"searchOpenDialogs":true},"wdio_ui5_key":"etmportal.ui.managepartners.view.Mastersap.ui.core.Icon{\"src\":{\"regex\":{\"source\":\"slim\\\\-arrow\\\\-down\"}}}"}]}
RESULT: {"script":"<script> [1562 bytes]","args":[{"selector":{"controlType":"sap.ui.core.Icon","viewName":"etm.portal.ui.managepartners.view.Master","viewId":"application-managepartners-display-component---masterPtm","properties":{"src":{"regex":{"source":"slim\\-arrow\\-down"}}},"searchOpenDialogs":true},"wdio_ui5_key":"etmportal.ui.managepartners.view.Mastersap.ui.core.Icon{\"src\":{\"regex\":{\"source\":\"slim\\\\-arrow\\\\-down\"}}}"}]}
RESULT: undefined
COMMAND: POST /session/2fb6d640d7e56baf8781ddfc65543b63/element - {"using":"xpath","value":"//*[@id=\"__box77-arrow\"]"}
RESULT: {"using":"xpath","value":"//*[@id=\"__box77-arrow\"]"}
COMMAND: POST /session/2fb6d640d7e56baf8781ddfc65543b63/element/f.CCF77AB910636C8B118410FB7AEDA09C.d.A96CB39554E9C83B1781C63DAA0155F1.e.7792/click - {}
RESULT: {}
COMMAND: GET /session/2fb6d640d7e56baf8781ddfc65543b63/screenshot - {}
RESULT: {}
COMMAND: POST /session/2fb6d640d7e56baf8781ddfc65543b63/element - {"using":"xpath","value":"//li[.//span[text()='equal to']]"}
RESULT: {"using":"xpath","value":"//li[.//span[text()='equal to']]"}
COMMAND: POST /session/2fb6d640d7e56baf8781ddfc65543b63/element/f.CCF77AB910636C8B118410FB7AEDA09C.d.A96CB39554E9C83B1781C63DAA0155F1.e.7793/click - {}
RESULT: {}
COMMAND: GET /session/2fb6d640d7e56baf8781ddfc65543b63/screenshot - {}
RESULT: {}
RESULT: undefined
COMMAND: POST /session/2fb6d640d7e56baf8781ddfc65543b63/execute/async - {"script":"<script> [776 bytes]","args":[{"enterText":"1006","selector":{"controlType":"sap.m.Input","viewName":"etm.portal.ui.managepartners.view.Master","viewId":"application-managepartners-display-component---masterPtm","properties":{"valueState":"None"},"searchOpenDialogs":true,"interaction":{"idSuffix":"inner"}},"clearTextFirst":true,"interactionType":"ENTER_TEXT"}]}
RESULT: {"script":"<script> [776 bytes]","args":[{"enterText":"1006","selector":{"controlType":"sap.m.Input","viewName":"etm.portal.ui.managepartners.view.Master","viewId":"application-managepartners-display-component---masterPtm","properties":{"valueState":"None"},"searchOpenDialogs":true,"interaction":{"idSuffix":"inner"}},"clearTextFirst":true,"interactionType":"ENTER_TEXT"}]}
COMMAND: POST /session/2fb6d640d7e56baf8781ddfc65543b63/actions - {"actions":[{"id":"action22","type":"key","parameters":{},"actions":[{"type":"keyDown","value":""},{"type":"pause","duration":10},{"type":"keyUp","value":""}]}]}
RESULT: {"actions":[{"id":"action22","type":"key","parameters":{},"actions":[{"type":"keyDown","value":""},{"type":"pause","duration":10},{"type":"keyUp","value":""}]}]}
COMMAND: GET /session/2fb6d640d7e56baf8781ddfc65543b63/screenshot - {}
RESULT: {}
COMMAND: POST /session/2fb6d640d7e56baf8781ddfc65543b63/element - {"using":"xpath","value":"(//bdi[contains(text(), \"OK\")])[1]"}
RESULT: {"using":"xpath","value":"(//bdi[contains(text(), \"OK\")])[1]"}
COMMAND: POST /session/2fb6d640d7e56baf8781ddfc65543b63/element/f.CCF77AB910636C8B118410FB7AEDA09C.d.A96CB39554E9C83B1781C63DAA0155F1.e.7794/click - {}
RESULT: {}
COMMAND: GET /session/2fb6d640d7e56baf8781ddfc65543b63/screenshot - {}
RESULT: {}
COMMAND: POST /session/2fb6d640d7e56baf8781ddfc65543b63/element - {"using":"xpath","value":"//span[@id=\"application-managepartners-display-component---masterPtm--smartTable-header-inner\"]"}
RESULT: {"using":"xpath","value":"//span[@id=\"application-managepartners-display-component---masterPtm--smartTable-header-inner\"]"}
COMMAND: POST /session/2fb6d640d7e56baf8781ddfc65543b63/elements - {"using":"xpath","value":"//span[@id=\"application-managepartners-display-component---masterPtm--smartTable-header-inner\"]"}
RESULT: {"using":"xpath","value":"//span[@id=\"application-managepartners-display-component---masterPtm--smartTable-header-inner\"]"}
COMMAND: POST /session/2fb6d640d7e56baf8781ddfc65543b63/execute/sync - {"script":"<script> [56 bytes]","args":[{"element-6066-11e4-a52e-4f735466cecf":"f.CCF77AB910636C8B118410FB7AEDA09C.d.A96CB39554E9C83B1781C63DAA0155F1.e.7632","ELEMENT":"f.CCF77AB910636C8B118410FB7AEDA09C.d.A96CB39554E9C83B1781C63DAA0155F1.e.7632"}]}
RESULT: {"script":"<script> [56 bytes]","args":[{"element-6066-11e4-a52e-4f735466cecf":"f.CCF77AB910636C8B118410FB7AEDA09C.d.A96CB39554E9C83B1781C63DAA0155F1.e.7632","ELEMENT":"f.CCF77AB910636C8B118410FB7AEDA09C.d.A96CB39554E9C83B1781C63DAA0155F1.e.7632"}]}
COMMAND: POST /session/2fb6d640d7e56baf8781ddfc65543b63/element - {"using":"xpath","value":"//span[contains(@title, \"Remove\")]"}
COMMAND: GET /session/2fb6d640d7e56baf8781ddfc65543b63/screenshot - {}
RESULT: {"using":"xpath","value":"//span[contains(@title, \"Remove\")]"}
COMMAND: POST /session/2fb6d640d7e56baf8781ddfc65543b63/element/f.CCF77AB910636C8B118410FB7AEDA09C.d.A96CB39554E9C83B1781C63DAA0155F1.e.7798/click - {}
RESULT: {}
RESULT: {}
COMMAND: GET /session/2fb6d640d7e56baf8781ddfc65543b63/screenshot - {}
RESULT: {}
RESULT: undefined
COMMAND: POST /session/2fb6d640d7e56baf8781ddfc65543b63/element - {"using":"xpath","value":"//*[@id=\"application-managepartners-display-component---masterPtm--smartFilterBar-filterItemControl_BASIC-YARD-vhi\"]"}
RESULT: {"using":"xpath","value":"//*[@id=\"application-managepartners-display-component---masterPtm--smartFilterBar-filterItemControl_BASIC-YARD-vhi\"]"}
COMMAND: POST /session/2fb6d640d7e56baf8781ddfc65543b63/element/f.CCF77AB910636C8B118410FB7AEDA09C.d.A96CB39554E9C83B1781C63DAA0155F1.e.7904/click - {}
RESULT: {}
COMMAND: GET /session/2fb6d640d7e56baf8781ddfc65543b63/screenshot - {}
RESULT: {}
RESULT: undefined
COMMAND: POST /session/2fb6d640d7e56baf8781ddfc65543b63/execute/async - {"script":"<script> [776 bytes]","args":[{"enterText":"Test","selector":{"id":"application-managepartners-display-component---masterPtm--smartFilterBar-filterItemControl_BASIC-YARD-valueHelpDialog-smartFilterBar-btnBasicSearch","searchOpenDialogs":true,"interaction":{"idSuffix":"I"}},"clearTextFirst":true,"interactionType":"ENTER_TEXT"}]}
RESULT: {"script":"<script> [776 bytes]","args":[{"enterText":"Test","selector":{"id":"application-managepartners-display-component---masterPtm--smartFilterBar-filterItemControl_BASIC-YARD-valueHelpDialog-smartFilterBar-btnBasicSearch","searchOpenDialogs":true,"interaction":{"idSuffix":"I"}},"clearTextFirst":true,"interactionType":"ENTER_TEXT"}]}
COMMAND: POST /session/2fb6d640d7e56baf8781ddfc65543b63/actions - {"actions":[{"id":"action23","type":"key","parameters":{},"actions":[{"type":"keyDown","value":""},{"type":"pause","duration":10},{"type":"keyUp","value":""}]}]}
RESULT: {"actions":[{"id":"action23","type":"key","parameters":{},"actions":[{"type":"keyDown","value":""},{"type":"pause","duration":10},{"type":"keyUp","value":""}]}]}
COMMAND: POST /session/2fb6d640d7e56baf8781ddfc65543b63/elements - {"using":"xpath","value":"//table[contains(@id, \"smartFilterBar-filterItemControl_BASIC-YARD-valueHelpDialog-table-table\")]/tbody/tr"}
COMMAND: GET /session/2fb6d640d7e56baf8781ddfc65543b63/screenshot - {}
RESULT: {"using":"xpath","value":"//table[contains(@id, \"smartFilterBar-filterItemControl_BASIC-YARD-valueHelpDialog-table-table\")]/tbody/tr"}
COMMAND: POST /session/2fb6d640d7e56baf8781ddfc65543b63/element - {"using":"xpath","value":"//table[contains(@id, \"smartFilterBar-filterItemControl_BASIC-YARD-valueHelpDialog-table-table\")]/tbody/tr[1]/td[1]/div/span"}
RESULT: {}
RESULT: {"using":"xpath","value":"//table[contains(@id, \"smartFilterBar-filterItemControl_BASIC-YARD-valueHelpDialog-table-table\")]/tbody/tr[1]/td[1]/div/span"}
COMMAND: POST /session/2fb6d640d7e56baf8781ddfc65543b63/elements - {"using":"xpath","value":"//table[contains(@id, \"smartFilterBar-filterItemControl_BASIC-YARD-valueHelpDialog-table-table\")]/tbody/tr[1]/td[1]/div/span"}
RESULT: {"using":"xpath","value":"//table[contains(@id, \"smartFilterBar-filterItemControl_BASIC-YARD-valueHelpDialog-table-table\")]/tbody/tr[1]/td[1]/div/span"}
COMMAND: POST /session/2fb6d640d7e56baf8781ddfc65543b63/execute/sync - {"script":"<script> [56 bytes]","args":[{"element-6066-11e4-a52e-4f735466cecf":"f.CCF77AB910636C8B118410FB7AEDA09C.d.A96CB39554E9C83B1781C63DAA0155F1.e.7924","ELEMENT":"f.CCF77AB910636C8B118410FB7AEDA09C.d.A96CB39554E9C83B1781C63DAA0155F1.e.7924"}]}
RESULT: {"script":"<script> [56 bytes]","args":[{"element-6066-11e4-a52e-4f735466cecf":"f.CCF77AB910636C8B118410FB7AEDA09C.d.A96CB39554E9C83B1781C63DAA0155F1.e.7924","ELEMENT":"f.CCF77AB910636C8B118410FB7AEDA09C.d.A96CB39554E9C83B1781C63DAA0155F1.e.7924"}]}
COMMAND: POST /session/2fb6d640d7e56baf8781ddfc65543b63/element - {"using":"xpath","value":"//table[contains(@id, \"smartFilterBar-filterItemControl_BASIC-YARD-valueHelpDialog-table-table\")]/tbody/tr[2]/td[1]/div/span"}
COMMAND: GET /session/2fb6d640d7e56baf8781ddfc65543b63/screenshot - {}
RESULT: {"using":"xpath","value":"//table[contains(@id, \"smartFilterBar-filterItemControl_BASIC-YARD-valueHelpDialog-table-table\")]/tbody/tr[2]/td[1]/div/span"}
COMMAND: POST /session/2fb6d640d7e56baf8781ddfc65543b63/elements - {"using":"xpath","value":"//table[contains(@id, \"smartFilterBar-filterItemControl_BASIC-YARD-valueHelpDialog-table-table\")]/tbody/tr[2]/td[1]/div/span"}
RESULT: {}
RESULT: {"using":"xpath","value":"//table[contains(@id, \"smartFilterBar-filterItemControl_BASIC-YARD-valueHelpDialog-table-table\")]/tbody/tr[2]/td[1]/div/span"}
COMMAND: POST /session/2fb6d640d7e56baf8781ddfc65543b63/execute/sync - {"script":"<script> [56 bytes]","args":[{"element-6066-11e4-a52e-4f735466cecf":"f.CCF77AB910636C8B118410FB7AEDA09C.d.A96CB39554E9C83B1781C63DAA0155F1.e.7925","ELEMENT":"f.CCF77AB910636C8B118410FB7AEDA09C.d.A96CB39554E9C83B1781C63DAA0155F1.e.7925"}]}
RESULT: {"script":"<script> [56 bytes]","args":[{"element-6066-11e4-a52e-4f735466cecf":"f.CCF77AB910636C8B118410FB7AEDA09C.d.A96CB39554E9C83B1781C63DAA0155F1.e.7925","ELEMENT":"f.CCF77AB910636C8B118410FB7AEDA09C.d.A96CB39554E9C83B1781C63DAA0155F1.e.7925"}]}
COMMAND: POST /session/2fb6d640d7e56baf8781ddfc65543b63/element - {"using":"xpath","value":"//table[contains(@id, \"smartFilterBar-filterItemControl_BASIC-YARD-valueHelpDialog-table-table\")]/tbody/tr[3]/td[1]/div/span"}
COMMAND: GET /session/2fb6d640d7e56baf8781ddfc65543b63/screenshot - {}
RESULT: {"using":"xpath","value":"//table[contains(@id, \"smartFilterBar-filterItemControl_BASIC-YARD-valueHelpDialog-table-table\")]/tbody/tr[3]/td[1]/div/span"}
COMMAND: POST /session/2fb6d640d7e56baf8781ddfc65543b63/elements - {"using":"xpath","value":"//table[contains(@id, \"smartFilterBar-filterItemControl_BASIC-YARD-valueHelpDialog-table-table\")]/tbody/tr[3]/td[1]/div/span"}
RESULT: {}
RESULT: {"using":"xpath","value":"//table[contains(@id, \"smartFilterBar-filterItemControl_BASIC-YARD-valueHelpDialog-table-table\")]/tbody/tr[3]/td[1]/div/span"}
COMMAND: POST /session/2fb6d640d7e56baf8781ddfc65543b63/execute/sync - {"script":"<script> [56 bytes]","args":[{"element-6066-11e4-a52e-4f735466cecf":"f.CCF77AB910636C8B118410FB7AEDA09C.d.A96CB39554E9C83B1781C63DAA0155F1.e.7926","ELEMENT":"f.CCF77AB910636C8B118410FB7AEDA09C.d.A96CB39554E9C83B1781C63DAA0155F1.e.7926"}]}
RESULT: {"script":"<script> [56 bytes]","args":[{"element-6066-11e4-a52e-4f735466cecf":"f.CCF77AB910636C8B118410FB7AEDA09C.d.A96CB39554E9C83B1781C63DAA0155F1.e.7926","ELEMENT":"f.CCF77AB910636C8B118410FB7AEDA09C.d.A96CB39554E9C83B1781C63DAA0155F1.e.7926"}]}
COMMAND: POST /session/2fb6d640d7e56baf8781ddfc65543b63/element - {"using":"xpath","value":"//div[contains(@id, \"filterItemControl_BASIC-YARD-valueHelpDialog-table-rowsel2\")]"}
COMMAND: GET /session/2fb6d640d7e56baf8781ddfc65543b63/screenshot - {}
RESULT: {"using":"xpath","value":"//div[contains(@id, \"filterItemControl_BASIC-YARD-valueHelpDialog-table-rowsel2\")]"}
COMMAND: POST /session/2fb6d640d7e56baf8781ddfc65543b63/element/f.CCF77AB910636C8B118410FB7AEDA09C.d.A96CB39554E9C83B1781C63DAA0155F1.e.7927/click - {}
RESULT: {}
RESULT: {}
COMMAND: GET /session/2fb6d640d7e56baf8781ddfc65543b63/screenshot - {}
RESULT: {}
COMMAND: POST /session/2fb6d640d7e56baf8781ddfc65543b63/element - {"using":"xpath","value":"(//bdi[contains(text(), \"OK\")])[1]"}
RESULT: {"using":"xpath","value":"(//bdi[contains(text(), \"OK\")])[1]"}
COMMAND: POST /session/2fb6d640d7e56baf8781ddfc65543b63/element/f.CCF77AB910636C8B118410FB7AEDA09C.d.A96CB39554E9C83B1781C63DAA0155F1.e.7929/click - {}
RESULT: {}
COMMAND: GET /session/2fb6d640d7e56baf8781ddfc65543b63/screenshot - {}
RESULT: {}
COMMAND: POST /session/2fb6d640d7e56baf8781ddfc65543b63/element - {"using":"xpath","value":"//span[@id=\"application-managepartners-display-component---masterPtm--smartTable-header-inner\"]"}
RESULT: {"using":"xpath","value":"//span[@id=\"application-managepartners-display-component---masterPtm--smartTable-header-inner\"]"}
COMMAND: POST /session/2fb6d640d7e56baf8781ddfc65543b63/elements - {"using":"xpath","value":"//span[@id=\"application-managepartners-display-component---masterPtm--smartTable-header-inner\"]"}
RESULT: {"using":"xpath","value":"//span[@id=\"application-managepartners-display-component---masterPtm--smartTable-header-inner\"]"}
COMMAND: POST /session/2fb6d640d7e56baf8781ddfc65543b63/execute/sync - {"script":"<script> [56 bytes]","args":[{"element-6066-11e4-a52e-4f735466cecf":"f.CCF77AB910636C8B118410FB7AEDA09C.d.A96CB39554E9C83B1781C63DAA0155F1.e.7632","ELEMENT":"f.CCF77AB910636C8B118410FB7AEDA09C.d.A96CB39554E9C83B1781C63DAA0155F1.e.7632"}]}
RESULT: {"script":"<script> [56 bytes]","args":[{"element-6066-11e4-a52e-4f735466cecf":"f.CCF77AB910636C8B118410FB7AEDA09C.d.A96CB39554E9C83B1781C63DAA0155F1.e.7632","ELEMENT":"f.CCF77AB910636C8B118410FB7AEDA09C.d.A96CB39554E9C83B1781C63DAA0155F1.e.7632"}]}
COMMAND: POST /session/2fb6d640d7e56baf8781ddfc65543b63/element - {"using":"xpath","value":"//span[contains(@title, \"Remove\")]"}
COMMAND: GET /session/2fb6d640d7e56baf8781ddfc65543b63/screenshot - {}
RESULT: {"using":"xpath","value":"//span[contains(@title, \"Remove\")]"}
COMMAND: POST /session/2fb6d640d7e56baf8781ddfc65543b63/element/f.CCF77AB910636C8B118410FB7AEDA09C.d.A96CB39554E9C83B1781C63DAA0155F1.e.7942/click - {}
RESULT: {}
RESULT: {}
COMMAND: GET /session/2fb6d640d7e56baf8781ddfc65543b63/screenshot - {}
RESULT: undefined
COMMAND: POST /session/2fb6d640d7e56baf8781ddfc65543b63/element - {"using":"xpath","value":"//*[@id=\"application-managepartners-display-component---masterPtm--smartFilterBar-filterItemControl_BASIC-MAIN_ADDRESS-vhi\"]"}
RESULT: {}
RESULT: {"using":"xpath","value":"//*[@id=\"application-managepartners-display-component---masterPtm--smartFilterBar-filterItemControl_BASIC-MAIN_ADDRESS-vhi\"]"}
COMMAND: POST /session/2fb6d640d7e56baf8781ddfc65543b63/element/f.CCF77AB910636C8B118410FB7AEDA09C.d.A96CB39554E9C83B1781C63DAA0155F1.e.8045/click - {}
RESULT: {}
COMMAND: GET /session/2fb6d640d7e56baf8781ddfc65543b63/screenshot - {}
RESULT: {}
RESULT: undefined
COMMAND: POST /session/2fb6d640d7e56baf8781ddfc65543b63/execute/async - {"script":"<script> [776 bytes]","args":[{"enterText":"Romania","selector":{"id":"application-managepartners-display-component---masterPtm--smartFilterBar-filterItemControl_BASIC-MAIN_ADDRESS-valueHelpDialog-smartFilterBar-btnBasicSearch","searchOpenDialogs":true,"interaction":{"idSuffix":"I"}},"clearTextFirst":true,"interactionType":"ENTER_TEXT"}]}
RESULT: {"script":"<script> [776 bytes]","args":[{"enterText":"Romania","selector":{"id":"application-managepartners-display-component---masterPtm--smartFilterBar-filterItemControl_BASIC-MAIN_ADDRESS-valueHelpDialog-smartFilterBar-btnBasicSearch","searchOpenDialogs":true,"interaction":{"idSuffix":"I"}},"clearTextFirst":true,"interactionType":"ENTER_TEXT"}]}
COMMAND: POST /session/2fb6d640d7e56baf8781ddfc65543b63/actions - {"actions":[{"id":"action24","type":"key","parameters":{},"actions":[{"type":"keyDown","value":""},{"type":"pause","duration":10},{"type":"keyUp","value":""}]}]}
RESULT: {"actions":[{"id":"action24","type":"key","parameters":{},"actions":[{"type":"keyDown","value":""},{"type":"pause","duration":10},{"type":"keyUp","value":""}]}]}
COMMAND: POST /session/2fb6d640d7e56baf8781ddfc65543b63/elements - {"using":"xpath","value":"//table[contains(@id, \"smartFilterBar-filterItemControl_BASIC-MAIN_ADDRESS-valueHelpDialog-table-table\")]/tbody/tr"}
COMMAND: GET /session/2fb6d640d7e56baf8781ddfc65543b63/screenshot - {}
RESULT: {"using":"xpath","value":"//table[contains(@id, \"smartFilterBar-filterItemControl_BASIC-MAIN_ADDRESS-valueHelpDialog-table-table\")]/tbody/tr"}
COMMAND: POST /session/2fb6d640d7e56baf8781ddfc65543b63/element - {"using":"xpath","value":"//table[contains(@id, \"smartFilterBar-filterItemControl_BASIC-MAIN_ADDRESS-valueHelpDialog-table-table\")]/tbody/tr[1]/td[1]/div/span"}
RESULT: {}
RESULT: {"using":"xpath","value":"//table[contains(@id, \"smartFilterBar-filterItemControl_BASIC-MAIN_ADDRESS-valueHelpDialog-table-table\")]/tbody/tr[1]/td[1]/div/span"}
COMMAND: POST /session/2fb6d640d7e56baf8781ddfc65543b63/elements - {"using":"xpath","value":"//table[contains(@id, \"smartFilterBar-filterItemControl_BASIC-MAIN_ADDRESS-valueHelpDialog-table-table\")]/tbody/tr[1]/td[1]/div/span"}
RESULT: {"using":"xpath","value":"//table[contains(@id, \"smartFilterBar-filterItemControl_BASIC-MAIN_ADDRESS-valueHelpDialog-table-table\")]/tbody/tr[1]/td[1]/div/span"}
COMMAND: POST /session/2fb6d640d7e56baf8781ddfc65543b63/execute/sync - {"script":"<script> [56 bytes]","args":[{"element-6066-11e4-a52e-4f735466cecf":"f.CCF77AB910636C8B118410FB7AEDA09C.d.A96CB39554E9C83B1781C63DAA0155F1.e.8065","ELEMENT":"f.CCF77AB910636C8B118410FB7AEDA09C.d.A96CB39554E9C83B1781C63DAA0155F1.e.8065"}]}
RESULT: {"script":"<script> [56 bytes]","args":[{"element-6066-11e4-a52e-4f735466cecf":"f.CCF77AB910636C8B118410FB7AEDA09C.d.A96CB39554E9C83B1781C63DAA0155F1.e.8065","ELEMENT":"f.CCF77AB910636C8B118410FB7AEDA09C.d.A96CB39554E9C83B1781C63DAA0155F1.e.8065"}]}
COMMAND: POST /session/2fb6d640d7e56baf8781ddfc65543b63/element - {"using":"xpath","value":"//div[contains(@id, \"filterItemControl_BASIC-MAIN_ADDRESS-valueHelpDialog-table-rowsel0\")]"}
COMMAND: GET /session/2fb6d640d7e56baf8781ddfc65543b63/screenshot - {}
RESULT: {"using":"xpath","value":"//div[contains(@id, \"filterItemControl_BASIC-MAIN_ADDRESS-valueHelpDialog-table-rowsel0\")]"}
COMMAND: POST /session/2fb6d640d7e56baf8781ddfc65543b63/element/f.CCF77AB910636C8B118410FB7AEDA09C.d.A96CB39554E9C83B1781C63DAA0155F1.e.8066/click - {}
RESULT: {}
RESULT: {}
COMMAND: GET /session/2fb6d640d7e56baf8781ddfc65543b63/screenshot - {}
RESULT: {}
COMMAND: POST /session/2fb6d640d7e56baf8781ddfc65543b63/element - {"using":"xpath","value":"(//bdi[contains(text(), \"OK\")])[1]"}
RESULT: {"using":"xpath","value":"(//bdi[contains(text(), \"OK\")])[1]"}
COMMAND: POST /session/2fb6d640d7e56baf8781ddfc65543b63/element/f.CCF77AB910636C8B118410FB7AEDA09C.d.A96CB39554E9C83B1781C63DAA0155F1.e.8068/click - {}
RESULT: {}
COMMAND: GET /session/2fb6d640d7e56baf8781ddfc65543b63/screenshot - {}
RESULT: {}
COMMAND: POST /session/2fb6d640d7e56baf8781ddfc65543b63/element - {"using":"xpath","value":"//span[@id=\"application-managepartners-display-component---masterPtm--smartTable-header-inner\"]"}
RESULT: {"using":"xpath","value":"//span[@id=\"application-managepartners-display-component---masterPtm--smartTable-header-inner\"]"}
COMMAND: POST /session/2fb6d640d7e56baf8781ddfc65543b63/elements - {"using":"xpath","value":"//span[@id=\"application-managepartners-display-component---masterPtm--smartTable-header-inner\"]"}
RESULT: {"using":"xpath","value":"//span[@id=\"application-managepartners-display-component---masterPtm--smartTable-header-inner\"]"}
COMMAND: POST /session/2fb6d640d7e56baf8781ddfc65543b63/execute/sync - {"script":"<script> [56 bytes]","args":[{"element-6066-11e4-a52e-4f735466cecf":"f.CCF77AB910636C8B118410FB7AEDA09C.d.A96CB39554E9C83B1781C63DAA0155F1.e.7632","ELEMENT":"f.CCF77AB910636C8B118410FB7AEDA09C.d.A96CB39554E9C83B1781C63DAA0155F1.e.7632"}]}
RESULT: {"script":"<script> [56 bytes]","args":[{"element-6066-11e4-a52e-4f735466cecf":"f.CCF77AB910636C8B118410FB7AEDA09C.d.A96CB39554E9C83B1781C63DAA0155F1.e.7632","ELEMENT":"f.CCF77AB910636C8B118410FB7AEDA09C.d.A96CB39554E9C83B1781C63DAA0155F1.e.7632"}]}
COMMAND: POST /session/2fb6d640d7e56baf8781ddfc65543b63/element - {"using":"xpath","value":"//span[contains(@title, \"Remove\")]"}
COMMAND: GET /session/2fb6d640d7e56baf8781ddfc65543b63/screenshot - {}
RESULT: {"using":"xpath","value":"//span[contains(@title, \"Remove\")]"}
COMMAND: POST /session/2fb6d640d7e56baf8781ddfc65543b63/element/f.CCF77AB910636C8B118410FB7AEDA09C.d.A96CB39554E9C83B1781C63DAA0155F1.e.8080/click - {}
RESULT: {}
RESULT: {}
COMMAND: GET /session/2fb6d640d7e56baf8781ddfc65543b63/screenshot - {}
COMMAND: POST /session/2fb6d640d7e56baf8781ddfc65543b63/execute/async - {"script":"<script> [1562 bytes]","args":[{"selector":{"id":"application-managepartners-display-component---masterPtm--catalogs-arrow"},"wdio_ui5_key":"applicationmanagepartners-display-component---masterPtm--catalogs-arrow"}]}
RESULT: {}
RESULT: {"script":"<script> [1562 bytes]","args":[{"selector":{"id":"application-managepartners-display-component---masterPtm--catalogs-arrow"},"wdio_ui5_key":"applicationmanagepartners-display-component---masterPtm--catalogs-arrow"}]}
RESULT: undefined
COMMAND: POST /session/2fb6d640d7e56baf8781ddfc65543b63/element - {"using":"xpath","value":"//*[@id=\"application-managepartners-display-component---masterPtm--catalogs-arrow\"]"}
RESULT: {"using":"xpath","value":"//*[@id=\"application-managepartners-display-component---masterPtm--catalogs-arrow\"]"}
COMMAND: POST /session/2fb6d640d7e56baf8781ddfc65543b63/element/f.CCF77AB910636C8B118410FB7AEDA09C.d.A96CB39554E9C83B1781C63DAA0155F1.e.8188/click - {}
RESULT: {}
COMMAND: GET /session/2fb6d640d7e56baf8781ddfc65543b63/screenshot - {}
RESULT: {}
COMMAND: POST /session/2fb6d640d7e56baf8781ddfc65543b63/element - {"using":"xpath","value":"//li[.//span[text()=\"Webshop Catalog\"]]//div[contains(@class,\"sapMCbBg\")]"}
RESULT: {"using":"xpath","value":"//li[.//span[text()=\"Webshop Catalog\"]]//div[contains(@class,\"sapMCbBg\")]"}
COMMAND: POST /session/2fb6d640d7e56baf8781ddfc65543b63/element/f.CCF77AB910636C8B118410FB7AEDA09C.d.A96CB39554E9C83B1781C63DAA0155F1.e.8200/click - {}
RESULT: {}
COMMAND: GET /session/2fb6d640d7e56baf8781ddfc65543b63/screenshot - {}
RESULT: {}
RESULT: undefined
COMMAND: POST /session/2fb6d640d7e56baf8781ddfc65543b63/element - {"using":"xpath","value":"//*[@id=\"application-managepartners-display-component---masterPtm--catalogs-arrow\"]"}
RESULT: {"using":"xpath","value":"//*[@id=\"application-managepartners-display-component---masterPtm--catalogs-arrow\"]"}
COMMAND: POST /session/2fb6d640d7e56baf8781ddfc65543b63/element/f.CCF77AB910636C8B118410FB7AEDA09C.d.A96CB39554E9C83B1781C63DAA0155F1.e.8188/click - {}
RESULT: {}
COMMAND: POST /session/2fb6d640d7e56baf8781ddfc65543b63/element - {"using":"xpath","value":"//span[@id=\"application-managepartners-display-component---masterPtm--smartTable-header-inner\"]"}
COMMAND: GET /session/2fb6d640d7e56baf8781ddfc65543b63/screenshot - {}
RESULT: {"using":"xpath","value":"//span[@id=\"application-managepartners-display-component---masterPtm--smartTable-header-inner\"]"}
COMMAND: POST /session/2fb6d640d7e56baf8781ddfc65543b63/elements - {"using":"xpath","value":"//span[@id=\"application-managepartners-display-component---masterPtm--smartTable-header-inner\"]"}
RESULT: {}
RESULT: {"using":"xpath","value":"//span[@id=\"application-managepartners-display-component---masterPtm--smartTable-header-inner\"]"}
COMMAND: POST /session/2fb6d640d7e56baf8781ddfc65543b63/execute/sync - {"script":"<script> [56 bytes]","args":[{"element-6066-11e4-a52e-4f735466cecf":"f.CCF77AB910636C8B118410FB7AEDA09C.d.A96CB39554E9C83B1781C63DAA0155F1.e.7632","ELEMENT":"f.CCF77AB910636C8B118410FB7AEDA09C.d.A96CB39554E9C83B1781C63DAA0155F1.e.7632"}]}
RESULT: {"script":"<script> [56 bytes]","args":[{"element-6066-11e4-a52e-4f735466cecf":"f.CCF77AB910636C8B118410FB7AEDA09C.d.A96CB39554E9C83B1781C63DAA0155F1.e.7632","ELEMENT":"f.CCF77AB910636C8B118410FB7AEDA09C.d.A96CB39554E9C83B1781C63DAA0155F1.e.7632"}]}
COMMAND: POST /session/2fb6d640d7e56baf8781ddfc65543b63/element - {"using":"xpath","value":"//span[contains(@title, \"Remove\")]"}
COMMAND: GET /session/2fb6d640d7e56baf8781ddfc65543b63/screenshot - {}
RESULT: {"using":"xpath","value":"//span[contains(@title, \"Remove\")]"}
COMMAND: POST /session/2fb6d640d7e56baf8781ddfc65543b63/element/f.CCF77AB910636C8B118410FB7AEDA09C.d.A96CB39554E9C83B1781C63DAA0155F1.e.8224/click - {}
RESULT: {}
RESULT: {}
COMMAND: GET /session/2fb6d640d7e56baf8781ddfc65543b63/screenshot - {}
COMMAND: POST /session/2fb6d640d7e56baf8781ddfc65543b63/execute/async - {"script":"<script> [1562 bytes]","args":[{"selector":{"id":"application-managepartners-display-component---masterPtm--currencies-arrow"},"wdio_ui5_key":"applicationmanagepartners-display-component---masterPtm--currencies-arrow"}]}
RESULT: {}
RESULT: {"script":"<script> [1562 bytes]","args":[{"selector":{"id":"application-managepartners-display-component---masterPtm--currencies-arrow"},"wdio_ui5_key":"applicationmanagepartners-display-component---masterPtm--currencies-arrow"}]}
RESULT: undefined
COMMAND: POST /session/2fb6d640d7e56baf8781ddfc65543b63/element - {"using":"xpath","value":"//*[@id=\"application-managepartners-display-component---masterPtm--currencies-arrow\"]"}
RESULT: {"using":"xpath","value":"//*[@id=\"application-managepartners-display-component---masterPtm--currencies-arrow\"]"}
COMMAND: POST /session/2fb6d640d7e56baf8781ddfc65543b63/element/f.CCF77AB910636C8B118410FB7AEDA09C.d.A96CB39554E9C83B1781C63DAA0155F1.e.8338/click - {}
RESULT: {}
COMMAND: GET /session/2fb6d640d7e56baf8781ddfc65543b63/screenshot - {}
RESULT: {}
COMMAND: POST /session/2fb6d640d7e56baf8781ddfc65543b63/element - {"using":"xpath","value":"//li[.//span[text()=\"US Dollar\"]]//div[contains(@class,\"sapMCbBg\")]"}
RESULT: {"using":"xpath","value":"//li[.//span[text()=\"US Dollar\"]]//div[contains(@class,\"sapMCbBg\")]"}
COMMAND: POST /session/2fb6d640d7e56baf8781ddfc65543b63/element/f.CCF77AB910636C8B118410FB7AEDA09C.d.A96CB39554E9C83B1781C63DAA0155F1.e.8343/click - {}
RESULT: {}
COMMAND: GET /session/2fb6d640d7e56baf8781ddfc65543b63/screenshot - {}
RESULT: {}
RESULT: undefined
COMMAND: POST /session/2fb6d640d7e56baf8781ddfc65543b63/element - {"using":"xpath","value":"//*[@id=\"application-managepartners-display-component---masterPtm--currencies-arrow\"]"}
RESULT: {"using":"xpath","value":"//*[@id=\"application-managepartners-display-component---masterPtm--currencies-arrow\"]"}
COMMAND: POST /session/2fb6d640d7e56baf8781ddfc65543b63/element/f.CCF77AB910636C8B118410FB7AEDA09C.d.A96CB39554E9C83B1781C63DAA0155F1.e.8338/click - {}
RESULT: {}
COMMAND: POST /session/2fb6d640d7e56baf8781ddfc65543b63/element - {"using":"xpath","value":"//span[@id=\"application-managepartners-display-component---masterPtm--smartTable-header-inner\"]"}
COMMAND: GET /session/2fb6d640d7e56baf8781ddfc65543b63/screenshot - {}
RESULT: {"using":"xpath","value":"//span[@id=\"application-managepartners-display-component---masterPtm--smartTable-header-inner\"]"}
COMMAND: POST /session/2fb6d640d7e56baf8781ddfc65543b63/elements - {"using":"xpath","value":"//span[@id=\"application-managepartners-display-component---masterPtm--smartTable-header-inner\"]"}
RESULT: {}
RESULT: {"using":"xpath","value":"//span[@id=\"application-managepartners-display-component---masterPtm--smartTable-header-inner\"]"}
COMMAND: POST /session/2fb6d640d7e56baf8781ddfc65543b63/execute/sync - {"script":"<script> [56 bytes]","args":[{"element-6066-11e4-a52e-4f735466cecf":"f.CCF77AB910636C8B118410FB7AEDA09C.d.A96CB39554E9C83B1781C63DAA0155F1.e.7632","ELEMENT":"f.CCF77AB910636C8B118410FB7AEDA09C.d.A96CB39554E9C83B1781C63DAA0155F1.e.7632"}]}
RESULT: {"script":"<script> [56 bytes]","args":[{"element-6066-11e4-a52e-4f735466cecf":"f.CCF77AB910636C8B118410FB7AEDA09C.d.A96CB39554E9C83B1781C63DAA0155F1.e.7632","ELEMENT":"f.CCF77AB910636C8B118410FB7AEDA09C.d.A96CB39554E9C83B1781C63DAA0155F1.e.7632"}]}
COMMAND: POST /session/2fb6d640d7e56baf8781ddfc65543b63/element - {"using":"xpath","value":"//span[contains(@title, \"Remove\")]"}
COMMAND: GET /session/2fb6d640d7e56baf8781ddfc65543b63/screenshot - {}
RESULT: {"using":"xpath","value":"//span[contains(@title, \"Remove\")]"}
COMMAND: POST /session/2fb6d640d7e56baf8781ddfc65543b63/element/f.CCF77AB910636C8B118410FB7AEDA09C.d.A96CB39554E9C83B1781C63DAA0155F1.e.8351/click - {}
RESULT: {}
RESULT: {}
COMMAND: GET /session/2fb6d640d7e56baf8781ddfc65543b63/screenshot - {}
COMMAND: POST /session/2fb6d640d7e56baf8781ddfc65543b63/execute/async - {"script":"<script> [1562 bytes]","args":[{"selector":{"id":"application-managepartners-display-component---masterPtm--languages-arrow"},"wdio_ui5_key":"applicationmanagepartners-display-component---masterPtm--languages-arrow"}]}
RESULT: {}
RESULT: {"script":"<script> [1562 bytes]","args":[{"selector":{"id":"application-managepartners-display-component---masterPtm--languages-arrow"},"wdio_ui5_key":"applicationmanagepartners-display-component---masterPtm--languages-arrow"}]}
RESULT: undefined
COMMAND: POST /session/2fb6d640d7e56baf8781ddfc65543b63/element - {"using":"xpath","value":"//*[@id=\"application-managepartners-display-component---masterPtm--languages-arrow\"]"}
RESULT: {"using":"xpath","value":"//*[@id=\"application-managepartners-display-component---masterPtm--languages-arrow\"]"}
COMMAND: POST /session/2fb6d640d7e56baf8781ddfc65543b63/element/f.CCF77AB910636C8B118410FB7AEDA09C.d.A96CB39554E9C83B1781C63DAA0155F1.e.8438/click - {}
RESULT: {}
COMMAND: GET /session/2fb6d640d7e56baf8781ddfc65543b63/screenshot - {}
RESULT: {}
COMMAND: POST /session/2fb6d640d7e56baf8781ddfc65543b63/element - {"using":"xpath","value":"//li[.//span[text()=\"German\"]]//div[contains(@class,\"sapMCbBg\")]"}
RESULT: {"using":"xpath","value":"//li[.//span[text()=\"German\"]]//div[contains(@class,\"sapMCbBg\")]"}
COMMAND: POST /session/2fb6d640d7e56baf8781ddfc65543b63/element/f.CCF77AB910636C8B118410FB7AEDA09C.d.A96CB39554E9C83B1781C63DAA0155F1.e.8482/click - {}
RESULT: {}
COMMAND: GET /session/2fb6d640d7e56baf8781ddfc65543b63/screenshot - {}
RESULT: {}
RESULT: undefined
COMMAND: POST /session/2fb6d640d7e56baf8781ddfc65543b63/element - {"using":"xpath","value":"//*[@id=\"application-managepartners-display-component---masterPtm--languages-arrow\"]"}
RESULT: {"using":"xpath","value":"//*[@id=\"application-managepartners-display-component---masterPtm--languages-arrow\"]"}
COMMAND: POST /session/2fb6d640d7e56baf8781ddfc65543b63/element/f.CCF77AB910636C8B118410FB7AEDA09C.d.A96CB39554E9C83B1781C63DAA0155F1.e.8438/click - {}
RESULT: {}
COMMAND: POST /session/2fb6d640d7e56baf8781ddfc65543b63/element - {"using":"xpath","value":"//span[@id=\"application-managepartners-display-component---masterPtm--smartTable-header-inner\"]"}
COMMAND: GET /session/2fb6d640d7e56baf8781ddfc65543b63/screenshot - {}
RESULT: {"using":"xpath","value":"//span[@id=\"application-managepartners-display-component---masterPtm--smartTable-header-inner\"]"}
COMMAND: POST /session/2fb6d640d7e56baf8781ddfc65543b63/elements - {"using":"xpath","value":"//span[@id=\"application-managepartners-display-component---masterPtm--smartTable-header-inner\"]"}
RESULT: {}
RESULT: {"using":"xpath","value":"//span[@id=\"application-managepartners-display-component---masterPtm--smartTable-header-inner\"]"}
COMMAND: POST /session/2fb6d640d7e56baf8781ddfc65543b63/execute/sync - {"script":"<script> [56 bytes]","args":[{"element-6066-11e4-a52e-4f735466cecf":"f.CCF77AB910636C8B118410FB7AEDA09C.d.A96CB39554E9C83B1781C63DAA0155F1.e.7632","ELEMENT":"f.CCF77AB910636C8B118410FB7AEDA09C.d.A96CB39554E9C83B1781C63DAA0155F1.e.7632"}]}
RESULT: {"script":"<script> [56 bytes]","args":[{"element-6066-11e4-a52e-4f735466cecf":"f.CCF77AB910636C8B118410FB7AEDA09C.d.A96CB39554E9C83B1781C63DAA0155F1.e.7632","ELEMENT":"f.CCF77AB910636C8B118410FB7AEDA09C.d.A96CB39554E9C83B1781C63DAA0155F1.e.7632"}]}
COMMAND: POST /session/2fb6d640d7e56baf8781ddfc65543b63/element - {"using":"css selector","value":"#shell-header-logo"}
COMMAND: GET /session/2fb6d640d7e56baf8781ddfc65543b63/screenshot - {}
RESULT: {"using":"css selector","value":"#shell-header-logo"}
COMMAND: POST /session/2fb6d640d7e56baf8781ddfc65543b63/element/f.CCF77AB910636C8B118410FB7AEDA09C.d.A96CB39554E9C83B1781C63DAA0155F1.e.7458/click - {}
RESULT: {}
RESULT: {}
COMMAND: GET /session/2fb6d640d7e56baf8781ddfc65543b63/screenshot - {}
RESULT: {}
COMMAND: DELETE /session/2fb6d640d7e56baf8781ddfc65543b63 - {}
RESULT: {}
]]></system-out>
    </testcase>
  </testsuite>
</testsuites>