<?xml version="1.0" encoding="UTF-8"?>
<testsuites tests="21" failures="3" errors="3" skipped="0">
  <testsuite timestamp="2025-04-25T17:02:06" time="341.418" tests="3" failures="2" errors="2" skipped="0">
    <properties>
      <property name="specId" value="0" />
      <property name="suiteName" value="Create condition pricing US117289 US134625" />
      <property name="capabilities" value="chrome.135_0_7049_96.windows" />
      <property name="file" value="file:///D:/a/1/s/test/specs/BTS/create-condition-pricing.spec.js" />
    </properties>
    <testcase classname="chrome.135_0_7049_96.windows.Create_condition_pricing_US117289_US134625" name="Should create a new yard used for all following tests" time="97.913">
      <system-out><![CDATA[
COMMAND: POST /session/d9a998879d5a0ca5d611ed7923943cd8/window/fullscreen - {}
RESULT: {}
COMMAND: POST /session/d9a998879d5a0ca5d611ed7923943cd8/execute/async - {"script":"<script> [1562 bytes]","args":[{"selector":{"controlType":"sap.m.GenericTile","properties":{"header":"Manage Yards"}},"wdio_ui5_key":"sapm.GenericTile{\"header\":\"Manage Yards\"}"}]}
RESULT: {"script":"<script> [1562 bytes]","args":[{"selector":{"controlType":"sap.m.GenericTile","properties":{"header":"Manage Yards"}},"wdio_ui5_key":"sapm.GenericTile{\"header\":\"Manage Yards\"}"}]}
RESULT: undefined
COMMAND: POST /session/d9a998879d5a0ca5d611ed7923943cd8/element - {"using":"xpath","value":"//*[@id=\"__tile41\"]"}
RESULT: {"using":"xpath","value":"//*[@id=\"__tile41\"]"}
COMMAND: POST /session/d9a998879d5a0ca5d611ed7923943cd8/element/f.176CCEC0CFC1BEF50F2A214319D4C569.d.4734BD9972231530F51F1C4B2F33CD72.e.149/click - {}
RESULT: {}
COMMAND: POST /session/d9a998879d5a0ca5d611ed7923943cd8/element - {"using":"xpath","value":"//button[@data-kt=\"addNewYardOverflowToolbarButton\"]"}
COMMAND: GET /session/d9a998879d5a0ca5d611ed7923943cd8/screenshot - {}
RESULT: {"using":"xpath","value":"//button[@data-kt=\"addNewYardOverflowToolbarButton\"]"}
COMMAND: POST /session/d9a998879d5a0ca5d611ed7923943cd8/elements - {"using":"xpath","value":"//button[@data-kt=\"addNewYardOverflowToolbarButton\"]"}
RESULT: {}
RESULT: {"using":"xpath","value":"//button[@data-kt=\"addNewYardOverflowToolbarButton\"]"}
COMMAND: POST /session/d9a998879d5a0ca5d611ed7923943cd8/elements - {"using":"xpath","value":"//button[@data-kt=\"addNewYardOverflowToolbarButton\"]"}
RESULT: {"using":"xpath","value":"//button[@data-kt=\"addNewYardOverflowToolbarButton\"]"}
COMMAND: POST /session/d9a998879d5a0ca5d611ed7923943cd8/elements - {"using":"xpath","value":"//button[@data-kt=\"addNewYardOverflowToolbarButton\"]"}
RESULT: {"using":"xpath","value":"//button[@data-kt=\"addNewYardOverflowToolbarButton\"]"}
COMMAND: POST /session/d9a998879d5a0ca5d611ed7923943cd8/elements - {"using":"xpath","value":"//button[@data-kt=\"addNewYardOverflowToolbarButton\"]"}
RESULT: {"using":"xpath","value":"//button[@data-kt=\"addNewYardOverflowToolbarButton\"]"}
COMMAND: POST /session/d9a998879d5a0ca5d611ed7923943cd8/elements - {"using":"xpath","value":"//button[@data-kt=\"addNewYardOverflowToolbarButton\"]"}
RESULT: {"using":"xpath","value":"//button[@data-kt=\"addNewYardOverflowToolbarButton\"]"}
COMMAND: POST /session/d9a998879d5a0ca5d611ed7923943cd8/elements - {"using":"xpath","value":"//button[@data-kt=\"addNewYardOverflowToolbarButton\"]"}
RESULT: {"using":"xpath","value":"//button[@data-kt=\"addNewYardOverflowToolbarButton\"]"}
COMMAND: POST /session/d9a998879d5a0ca5d611ed7923943cd8/elements - {"using":"xpath","value":"//button[@data-kt=\"addNewYardOverflowToolbarButton\"]"}
RESULT: {"using":"xpath","value":"//button[@data-kt=\"addNewYardOverflowToolbarButton\"]"}
COMMAND: POST /session/d9a998879d5a0ca5d611ed7923943cd8/elements - {"using":"xpath","value":"//button[@data-kt=\"addNewYardOverflowToolbarButton\"]"}
RESULT: {"using":"xpath","value":"//button[@data-kt=\"addNewYardOverflowToolbarButton\"]"}
COMMAND: POST /session/d9a998879d5a0ca5d611ed7923943cd8/elements - {"using":"xpath","value":"//button[@data-kt=\"addNewYardOverflowToolbarButton\"]"}
RESULT: {"using":"xpath","value":"//button[@data-kt=\"addNewYardOverflowToolbarButton\"]"}
COMMAND: POST /session/d9a998879d5a0ca5d611ed7923943cd8/elements - {"using":"xpath","value":"//button[@data-kt=\"addNewYardOverflowToolbarButton\"]"}
RESULT: {"using":"xpath","value":"//button[@data-kt=\"addNewYardOverflowToolbarButton\"]"}
COMMAND: POST /session/d9a998879d5a0ca5d611ed7923943cd8/elements - {"using":"xpath","value":"//button[@data-kt=\"addNewYardOverflowToolbarButton\"]"}
RESULT: {"using":"xpath","value":"//button[@data-kt=\"addNewYardOverflowToolbarButton\"]"}
COMMAND: POST /session/d9a998879d5a0ca5d611ed7923943cd8/elements - {"using":"xpath","value":"//button[@data-kt=\"addNewYardOverflowToolbarButton\"]"}
RESULT: {"using":"xpath","value":"//button[@data-kt=\"addNewYardOverflowToolbarButton\"]"}
COMMAND: POST /session/d9a998879d5a0ca5d611ed7923943cd8/elements - {"using":"xpath","value":"//button[@data-kt=\"addNewYardOverflowToolbarButton\"]"}
RESULT: {"using":"xpath","value":"//button[@data-kt=\"addNewYardOverflowToolbarButton\"]"}
COMMAND: POST /session/d9a998879d5a0ca5d611ed7923943cd8/elements - {"using":"xpath","value":"//button[@data-kt=\"addNewYardOverflowToolbarButton\"]"}
RESULT: {"using":"xpath","value":"//button[@data-kt=\"addNewYardOverflowToolbarButton\"]"}
COMMAND: POST /session/d9a998879d5a0ca5d611ed7923943cd8/elements - {"using":"xpath","value":"//button[@data-kt=\"addNewYardOverflowToolbarButton\"]"}
RESULT: {"using":"xpath","value":"//button[@data-kt=\"addNewYardOverflowToolbarButton\"]"}
COMMAND: POST /session/d9a998879d5a0ca5d611ed7923943cd8/elements - {"using":"xpath","value":"//button[@data-kt=\"addNewYardOverflowToolbarButton\"]"}
RESULT: {"using":"xpath","value":"//button[@data-kt=\"addNewYardOverflowToolbarButton\"]"}
COMMAND: POST /session/d9a998879d5a0ca5d611ed7923943cd8/elements - {"using":"xpath","value":"//button[@data-kt=\"addNewYardOverflowToolbarButton\"]"}
RESULT: {"using":"xpath","value":"//button[@data-kt=\"addNewYardOverflowToolbarButton\"]"}
COMMAND: POST /session/d9a998879d5a0ca5d611ed7923943cd8/elements - {"using":"xpath","value":"//button[@data-kt=\"addNewYardOverflowToolbarButton\"]"}
RESULT: {"using":"xpath","value":"//button[@data-kt=\"addNewYardOverflowToolbarButton\"]"}
COMMAND: POST /session/d9a998879d5a0ca5d611ed7923943cd8/elements - {"using":"xpath","value":"//button[@data-kt=\"addNewYardOverflowToolbarButton\"]"}
RESULT: {"using":"xpath","value":"//button[@data-kt=\"addNewYardOverflowToolbarButton\"]"}
COMMAND: POST /session/d9a998879d5a0ca5d611ed7923943cd8/elements - {"using":"xpath","value":"//button[@data-kt=\"addNewYardOverflowToolbarButton\"]"}
RESULT: {"using":"xpath","value":"//button[@data-kt=\"addNewYardOverflowToolbarButton\"]"}
COMMAND: POST /session/d9a998879d5a0ca5d611ed7923943cd8/elements - {"using":"xpath","value":"//button[@data-kt=\"addNewYardOverflowToolbarButton\"]"}
RESULT: {"using":"xpath","value":"//button[@data-kt=\"addNewYardOverflowToolbarButton\"]"}
COMMAND: POST /session/d9a998879d5a0ca5d611ed7923943cd8/elements - {"using":"xpath","value":"//button[@data-kt=\"addNewYardOverflowToolbarButton\"]"}
RESULT: {"using":"xpath","value":"//button[@data-kt=\"addNewYardOverflowToolbarButton\"]"}
COMMAND: POST /session/d9a998879d5a0ca5d611ed7923943cd8/element - {"using":"xpath","value":"//button[@data-kt=\"addNewYardOverflowToolbarButton\"]"}
RESULT: {"using":"xpath","value":"//button[@data-kt=\"addNewYardOverflowToolbarButton\"]"}
COMMAND: POST /session/d9a998879d5a0ca5d611ed7923943cd8/execute/sync - {"script":"<script> [8489 bytes]","args":[{"element-6066-11e4-a52e-4f735466cecf":"f.176CCEC0CFC1BEF50F2A214319D4C569.d.4734BD9972231530F51F1C4B2F33CD72.e.292","ELEMENT":"f.176CCEC0CFC1BEF50F2A214319D4C569.d.4734BD9972231530F51F1C4B2F33CD72.e.292"}]}
RESULT: {"script":"<script> [8489 bytes]","args":[{"element-6066-11e4-a52e-4f735466cecf":"f.176CCEC0CFC1BEF50F2A214319D4C569.d.4734BD9972231530F51F1C4B2F33CD72.e.292","ELEMENT":"f.176CCEC0CFC1BEF50F2A214319D4C569.d.4734BD9972231530F51F1C4B2F33CD72.e.292"}]}
COMMAND: GET /session/d9a998879d5a0ca5d611ed7923943cd8/element/f.176CCEC0CFC1BEF50F2A214319D4C569.d.4734BD9972231530F51F1C4B2F33CD72.e.292/enabled - {}
COMMAND: GET /session/d9a998879d5a0ca5d611ed7923943cd8/screenshot - {}
RESULT: {}
COMMAND: POST /session/d9a998879d5a0ca5d611ed7923943cd8/execute/sync - {"script":"<script> [8489 bytes]","args":[{"element-6066-11e4-a52e-4f735466cecf":"f.176CCEC0CFC1BEF50F2A214319D4C569.d.4734BD9972231530F51F1C4B2F33CD72.e.292","ELEMENT":"f.176CCEC0CFC1BEF50F2A214319D4C569.d.4734BD9972231530F51F1C4B2F33CD72.e.292"}]}
COMMAND: GET /session/d9a998879d5a0ca5d611ed7923943cd8/screenshot - {}
RESULT: {}
RESULT: {"script":"<script> [8489 bytes]","args":[{"element-6066-11e4-a52e-4f735466cecf":"f.176CCEC0CFC1BEF50F2A214319D4C569.d.4734BD9972231530F51F1C4B2F33CD72.e.292","ELEMENT":"f.176CCEC0CFC1BEF50F2A214319D4C569.d.4734BD9972231530F51F1C4B2F33CD72.e.292"}]}
COMMAND: POST /session/d9a998879d5a0ca5d611ed7923943cd8/execute/sync - {"script":"<script> [5351 bytes]","args":[{"element-6066-11e4-a52e-4f735466cecf":"f.176CCEC0CFC1BEF50F2A214319D4C569.d.4734BD9972231530F51F1C4B2F33CD72.e.292","ELEMENT":"f.176CCEC0CFC1BEF50F2A214319D4C569.d.4734BD9972231530F51F1C4B2F33CD72.e.292"}]}
COMMAND: GET /session/d9a998879d5a0ca5d611ed7923943cd8/screenshot - {}
RESULT: {}
RESULT: {"script":"<script> [5351 bytes]","args":[{"element-6066-11e4-a52e-4f735466cecf":"f.176CCEC0CFC1BEF50F2A214319D4C569.d.4734BD9972231530F51F1C4B2F33CD72.e.292","ELEMENT":"f.176CCEC0CFC1BEF50F2A214319D4C569.d.4734BD9972231530F51F1C4B2F33CD72.e.292"}]}
COMMAND: POST /session/d9a998879d5a0ca5d611ed7923943cd8/element/f.176CCEC0CFC1BEF50F2A214319D4C569.d.4734BD9972231530F51F1C4B2F33CD72.e.292/click - {}
COMMAND: GET /session/d9a998879d5a0ca5d611ed7923943cd8/screenshot - {}
RESULT: {}
RESULT: {}
COMMAND: GET /session/d9a998879d5a0ca5d611ed7923943cd8/screenshot - {}
RESULT: {}
COMMAND: POST /session/d9a998879d5a0ca5d611ed7923943cd8/element - {"using":"xpath","value":"//input[@id=\"application-manageyards-display-component---NewYard--yardId-inner\"]"}
RESULT: {}
RESULT: {"using":"xpath","value":"//input[@id=\"application-manageyards-display-component---NewYard--yardId-inner\"]"}
COMMAND: POST /session/d9a998879d5a0ca5d611ed7923943cd8/element - {"using":"xpath","value":"//input[@id=\"application-manageyards-display-component---NewYard--yardId-inner\"]"}
RESULT: {"using":"xpath","value":"//input[@id=\"application-manageyards-display-component---NewYard--yardId-inner\"]"}
COMMAND: POST /session/d9a998879d5a0ca5d611ed7923943cd8/execute/async - {"script":"<script> [1562 bytes]","args":[{"selector":{"id":"application-manageyards-display-component---NewYard--addressDetailDetailsName1","interaction":{"idSuffix":"inner"}},"wdio_ui5_key":"applicationmanageyards-display-component---NewYard--addressDetailDetailsName1"}]}
RESULT: {"script":"<script> [1562 bytes]","args":[{"selector":{"id":"application-manageyards-display-component---NewYard--addressDetailDetailsName1","interaction":{"idSuffix":"inner"}},"wdio_ui5_key":"applicationmanageyards-display-component---NewYard--addressDetailDetailsName1"}]}
RESULT: undefined
COMMAND: POST /session/d9a998879d5a0ca5d611ed7923943cd8/execute/async - {"script":"<script> [776 bytes]","args":[{"enterText":"DailyPrice WDIO","selector":{"id":"application-manageyards-display-component---NewYard--addressDetailDetailsName1","interaction":{"idSuffix":"inner"}},"clearTextFirst":true,"interactionType":"ENTER_TEXT"}]}
RESULT: {"script":"<script> [776 bytes]","args":[{"enterText":"DailyPrice WDIO","selector":{"id":"application-manageyards-display-component---NewYard--addressDetailDetailsName1","interaction":{"idSuffix":"inner"}},"clearTextFirst":true,"interactionType":"ENTER_TEXT"}]}
COMMAND: POST /session/d9a998879d5a0ca5d611ed7923943cd8/execute/async - {"script":"<script> [1562 bytes]","args":[{"selector":{"id":"application-manageyards-display-component---NewYard--addressDetailDetailsLanguage-arrow"},"wdio_ui5_key":"applicationmanageyards-display-component---NewYard--addressDetailDetailsLanguage-arrow"}]}
RESULT: {"script":"<script> [1562 bytes]","args":[{"selector":{"id":"application-manageyards-display-component---NewYard--addressDetailDetailsLanguage-arrow"},"wdio_ui5_key":"applicationmanageyards-display-component---NewYard--addressDetailDetailsLanguage-arrow"}]}
RESULT: undefined
COMMAND: POST /session/d9a998879d5a0ca5d611ed7923943cd8/element - {"using":"xpath","value":"//*[@id=\"application-manageyards-display-component---NewYard--addressDetailDetailsLanguage-arrow\"]"}
RESULT: {"using":"xpath","value":"//*[@id=\"application-manageyards-display-component---NewYard--addressDetailDetailsLanguage-arrow\"]"}
COMMAND: POST /session/d9a998879d5a0ca5d611ed7923943cd8/element/f.176CCEC0CFC1BEF50F2A214319D4C569.d.4734BD9972231530F51F1C4B2F33CD72.e.736/click - {}
RESULT: {}
COMMAND: POST /session/d9a998879d5a0ca5d611ed7923943cd8/element - {"using":"xpath","value":"//span[contains(text(), \"English\")]"}
COMMAND: GET /session/d9a998879d5a0ca5d611ed7923943cd8/screenshot - {}
RESULT: {"using":"xpath","value":"//span[contains(text(), \"English\")]"}
COMMAND: POST /session/d9a998879d5a0ca5d611ed7923943cd8/element/f.176CCEC0CFC1BEF50F2A214319D4C569.d.4734BD9972231530F51F1C4B2F33CD72.e.737/click - {}
RESULT: {}
RESULT: {}
COMMAND: POST /session/d9a998879d5a0ca5d611ed7923943cd8/execute/async - {"script":"<script> [1562 bytes]","args":[{"selector":{"id":"application-manageyards-display-component---NewYard--addressDetailDetailsCity1","interaction":{"idSuffix":"inner"}},"wdio_ui5_key":"applicationmanageyards-display-component---NewYard--addressDetailDetailsCity1"}]}
COMMAND: GET /session/d9a998879d5a0ca5d611ed7923943cd8/screenshot - {}
RESULT: {"script":"<script> [1562 bytes]","args":[{"selector":{"id":"application-manageyards-display-component---NewYard--addressDetailDetailsCity1","interaction":{"idSuffix":"inner"}},"wdio_ui5_key":"applicationmanageyards-display-component---NewYard--addressDetailDetailsCity1"}]}
RESULT: undefined
COMMAND: POST /session/d9a998879d5a0ca5d611ed7923943cd8/execute/async - {"script":"<script> [776 bytes]","args":[{"enterText":"Rosario","selector":{"id":"application-manageyards-display-component---NewYard--addressDetailDetailsCity1","interaction":{"idSuffix":"inner"}},"clearTextFirst":true,"interactionType":"ENTER_TEXT"}]}
RESULT: {}
RESULT: {"script":"<script> [776 bytes]","args":[{"enterText":"Rosario","selector":{"id":"application-manageyards-display-component---NewYard--addressDetailDetailsCity1","interaction":{"idSuffix":"inner"}},"clearTextFirst":true,"interactionType":"ENTER_TEXT"}]}
COMMAND: POST /session/d9a998879d5a0ca5d611ed7923943cd8/execute/async - {"script":"<script> [1562 bytes]","args":[{"selector":{"id":"application-manageyards-display-component---NewYard--addressDetailDetailsCountry-arrow"},"wdio_ui5_key":"applicationmanageyards-display-component---NewYard--addressDetailDetailsCountry-arrow"}]}
RESULT: {"script":"<script> [1562 bytes]","args":[{"selector":{"id":"application-manageyards-display-component---NewYard--addressDetailDetailsCountry-arrow"},"wdio_ui5_key":"applicationmanageyards-display-component---NewYard--addressDetailDetailsCountry-arrow"}]}
RESULT: undefined
COMMAND: POST /session/d9a998879d5a0ca5d611ed7923943cd8/element - {"using":"xpath","value":"//*[@id=\"application-manageyards-display-component---NewYard--addressDetailDetailsCountry-arrow\"]"}
RESULT: {"using":"xpath","value":"//*[@id=\"application-manageyards-display-component---NewYard--addressDetailDetailsCountry-arrow\"]"}
COMMAND: POST /session/d9a998879d5a0ca5d611ed7923943cd8/element/f.176CCEC0CFC1BEF50F2A214319D4C569.d.4734BD9972231530F51F1C4B2F33CD72.e.739/click - {}
RESULT: {}
COMMAND: POST /session/d9a998879d5a0ca5d611ed7923943cd8/element - {"using":"xpath","value":"//span[contains(text(), \"Argentina\")]"}
COMMAND: GET /session/d9a998879d5a0ca5d611ed7923943cd8/screenshot - {}
RESULT: {"using":"xpath","value":"//span[contains(text(), \"Argentina\")]"}
COMMAND: POST /session/d9a998879d5a0ca5d611ed7923943cd8/element/f.176CCEC0CFC1BEF50F2A214319D4C569.d.4734BD9972231530F51F1C4B2F33CD72.e.740/click - {}
RESULT: {}
RESULT: {}
COMMAND: POST /session/d9a998879d5a0ca5d611ed7923943cd8/execute/async - {"script":"<script> [1562 bytes]","args":[{"selector":{"id":"application-manageyards-display-component---NewYard--addressEditDetailsCostObjectCstType-arrow"},"wdio_ui5_key":"applicationmanageyards-display-component---NewYard--addressEditDetailsCostObjectCstType-arrow"}]}
COMMAND: GET /session/d9a998879d5a0ca5d611ed7923943cd8/screenshot - {}
RESULT: {"script":"<script> [1562 bytes]","args":[{"selector":{"id":"application-manageyards-display-component---NewYard--addressEditDetailsCostObjectCstType-arrow"},"wdio_ui5_key":"applicationmanageyards-display-component---NewYard--addressEditDetailsCostObjectCstType-arrow"}]}
RESULT: undefined
COMMAND: POST /session/d9a998879d5a0ca5d611ed7923943cd8/element - {"using":"xpath","value":"//*[@id=\"application-manageyards-display-component---NewYard--addressEditDetailsCostObjectCstType-arrow\"]"}
RESULT: {}
RESULT: {"using":"xpath","value":"//*[@id=\"application-manageyards-display-component---NewYard--addressEditDetailsCostObjectCstType-arrow\"]"}
COMMAND: POST /session/d9a998879d5a0ca5d611ed7923943cd8/element/f.176CCEC0CFC1BEF50F2A214319D4C569.d.4734BD9972231530F51F1C4B2F33CD72.e.742/click - {}
RESULT: {}
COMMAND: POST /session/d9a998879d5a0ca5d611ed7923943cd8/element - {"using":"xpath","value":"//span[contains(text(), \"Cost Center\")]"}
COMMAND: GET /session/d9a998879d5a0ca5d611ed7923943cd8/screenshot - {}
RESULT: {"using":"xpath","value":"//span[contains(text(), \"Cost Center\")]"}
COMMAND: POST /session/d9a998879d5a0ca5d611ed7923943cd8/element/f.176CCEC0CFC1BEF50F2A214319D4C569.d.4734BD9972231530F51F1C4B2F33CD72.e.743/click - {}
RESULT: {}
RESULT: {}
COMMAND: GET /session/d9a998879d5a0ca5d611ed7923943cd8/screenshot - {}
RESULT: {}
COMMAND: POST /session/d9a998879d5a0ca5d611ed7923943cd8/element - {"using":"xpath","value":"//span[@id=\"application-manageyards-display-component---NewYard--addressNewCostObjectCstID-vhi\"]"}
RESULT: {"using":"xpath","value":"//span[@id=\"application-manageyards-display-component---NewYard--addressNewCostObjectCstID-vhi\"]"}
COMMAND: POST /session/d9a998879d5a0ca5d611ed7923943cd8/execute/sync - {"script":"<script> [8489 bytes]","args":[{"element-6066-11e4-a52e-4f735466cecf":"f.176CCEC0CFC1BEF50F2A214319D4C569.d.4734BD9972231530F51F1C4B2F33CD72.e.747","ELEMENT":"f.176CCEC0CFC1BEF50F2A214319D4C569.d.4734BD9972231530F51F1C4B2F33CD72.e.747"}]}
RESULT: {"script":"<script> [8489 bytes]","args":[{"element-6066-11e4-a52e-4f735466cecf":"f.176CCEC0CFC1BEF50F2A214319D4C569.d.4734BD9972231530F51F1C4B2F33CD72.e.747","ELEMENT":"f.176CCEC0CFC1BEF50F2A214319D4C569.d.4734BD9972231530F51F1C4B2F33CD72.e.747"}]}
COMMAND: POST /session/d9a998879d5a0ca5d611ed7923943cd8/execute/async - {"script":"<script> [1562 bytes]","args":[{"selector":{"id":"application-manageyards-display-component---NewYard--addressNewCostObjectCstID-vhi"},"wdio_ui5_key":"applicationmanageyards-display-component---NewYard--addressNewCostObjectCstID-vhi"}]}
COMMAND: GET /session/d9a998879d5a0ca5d611ed7923943cd8/screenshot - {}
RESULT: {"script":"<script> [1562 bytes]","args":[{"selector":{"id":"application-manageyards-display-component---NewYard--addressNewCostObjectCstID-vhi"},"wdio_ui5_key":"applicationmanageyards-display-component---NewYard--addressNewCostObjectCstID-vhi"}]}
RESULT: undefined
COMMAND: POST /session/d9a998879d5a0ca5d611ed7923943cd8/element - {"using":"xpath","value":"//*[@id=\"application-manageyards-display-component---NewYard--addressNewCostObjectCstID-vhi\"]"}
RESULT: {}
RESULT: {"using":"xpath","value":"//*[@id=\"application-manageyards-display-component---NewYard--addressNewCostObjectCstID-vhi\"]"}
COMMAND: POST /session/d9a998879d5a0ca5d611ed7923943cd8/element/f.176CCEC0CFC1BEF50F2A214319D4C569.d.4734BD9972231530F51F1C4B2F33CD72.e.747/click - {}
RESULT: {}
COMMAND: GET /session/d9a998879d5a0ca5d611ed7923943cd8/screenshot - {}
RESULT: {}
COMMAND: POST /session/d9a998879d5a0ca5d611ed7923943cd8/execute/async - {"script":"<script> [1562 bytes]","args":[{"selector":{"controlType":"sap.m.SearchField","properties":{"placeholder":"Search"},"searchOpenDialogs":true,"interaction":{"idSuffix":"I"}},"wdio_ui5_key":"sapm.SearchField{\"placeholder\":\"Search\"}"}]}
RESULT: {"script":"<script> [1562 bytes]","args":[{"selector":{"controlType":"sap.m.SearchField","properties":{"placeholder":"Search"},"searchOpenDialogs":true,"interaction":{"idSuffix":"I"}},"wdio_ui5_key":"sapm.SearchField{\"placeholder\":\"Search\"}"}]}
RESULT: undefined
COMMAND: POST /session/d9a998879d5a0ca5d611ed7923943cd8/execute/async - {"script":"<script> [776 bytes]","args":[{"enterText":"10001013","selector":{"controlType":"sap.m.SearchField","properties":{"placeholder":"Search"},"searchOpenDialogs":true,"interaction":{"idSuffix":"I"}},"clearTextFirst":true,"interactionType":"ENTER_TEXT"}]}
RESULT: {"script":"<script> [776 bytes]","args":[{"enterText":"10001013","selector":{"controlType":"sap.m.SearchField","properties":{"placeholder":"Search"},"searchOpenDialogs":true,"interaction":{"idSuffix":"I"}},"clearTextFirst":true,"interactionType":"ENTER_TEXT"}]}
COMMAND: POST /session/d9a998879d5a0ca5d611ed7923943cd8/actions - {"actions":[{"id":"action1","type":"key","parameters":{},"actions":[{"type":"keyDown","value":"î€‡"},{"type":"pause","duration":10},{"type":"keyUp","value":"î€‡"}]}]}
RESULT: {"actions":[{"id":"action1","type":"key","parameters":{},"actions":[{"type":"keyDown","value":"î€‡"},{"type":"pause","duration":10},{"type":"keyUp","value":"î€‡"}]}]}
COMMAND: GET /session/d9a998879d5a0ca5d611ed7923943cd8/screenshot - {}
RESULT: {}
COMMAND: POST /session/d9a998879d5a0ca5d611ed7923943cd8/element - {"using":"xpath","value":"//span[contains(text(), \"General Management\")]"}
RESULT: {"using":"xpath","value":"//span[contains(text(), \"General Management\")]"}
COMMAND: POST /session/d9a998879d5a0ca5d611ed7923943cd8/element/f.176CCEC0CFC1BEF50F2A214319D4C569.d.4734BD9972231530F51F1C4B2F33CD72.e.788/click - {}
RESULT: {}
COMMAND: GET /session/d9a998879d5a0ca5d611ed7923943cd8/screenshot - {}
RESULT: {}
COMMAND: POST /session/d9a998879d5a0ca5d611ed7923943cd8/element - {"using":"xpath","value":"//bdi[contains(text(), \"OK\")]"}
RESULT: {"using":"xpath","value":"//bdi[contains(text(), \"OK\")]"}
COMMAND: POST /session/d9a998879d5a0ca5d611ed7923943cd8/element/f.176CCEC0CFC1BEF50F2A214319D4C569.d.4734BD9972231530F51F1C4B2F33CD72.e.789/click - {}
RESULT: {}
COMMAND: GET /session/d9a998879d5a0ca5d611ed7923943cd8/screenshot - {}
RESULT: {}
COMMAND: POST /session/d9a998879d5a0ca5d611ed7923943cd8/execute/async - {"script":"<script> [1562 bytes]","args":[{"selector":{"id":"application-manageyards-display-component---NewYard--addressEditDetailsCurrency-arrow"},"wdio_ui5_key":"applicationmanageyards-display-component---NewYard--addressEditDetailsCurrency-arrow"}]}
RESULT: {"script":"<script> [1562 bytes]","args":[{"selector":{"id":"application-manageyards-display-component---NewYard--addressEditDetailsCurrency-arrow"},"wdio_ui5_key":"applicationmanageyards-display-component---NewYard--addressEditDetailsCurrency-arrow"}]}
RESULT: undefined
COMMAND: POST /session/d9a998879d5a0ca5d611ed7923943cd8/element - {"using":"xpath","value":"//*[@id=\"application-manageyards-display-component---NewYard--addressEditDetailsCurrency-arrow\"]"}
RESULT: {"using":"xpath","value":"//*[@id=\"application-manageyards-display-component---NewYard--addressEditDetailsCurrency-arrow\"]"}
COMMAND: POST /session/d9a998879d5a0ca5d611ed7923943cd8/element/f.176CCEC0CFC1BEF50F2A214319D4C569.d.4734BD9972231530F51F1C4B2F33CD72.e.792/click - {}
RESULT: {}
COMMAND: POST /session/d9a998879d5a0ca5d611ed7923943cd8/element - {"using":"xpath","value":"//span[contains(text(), \"Euro\")]"}
COMMAND: GET /session/d9a998879d5a0ca5d611ed7923943cd8/screenshot - {}
RESULT: {"using":"xpath","value":"//span[contains(text(), \"Euro\")]"}
COMMAND: POST /session/d9a998879d5a0ca5d611ed7923943cd8/element/f.176CCEC0CFC1BEF50F2A214319D4C569.d.4734BD9972231530F51F1C4B2F33CD72.e.793/click - {}
RESULT: {}
RESULT: {}
COMMAND: POST /session/d9a998879d5a0ca5d611ed7923943cd8/execute/async - {"script":"<script> [1562 bytes]","args":[{"selector":{"controlType":"sap.m.Input","viewName":"etm.portal.ui.manageyards.view.New","viewId":"application-manageyards-display-component---NewYard","bindingPath":{"path":"","propertyPath":"/CONTROLLING_AREA","modelName":"NewYardModel"},"interaction":{"idSuffix":"inner"}},"wdio_ui5_key":"etmportal.ui.manageyards.view.Newsap.m.Input{\"path\":\"\",\"propertyPath\":\"/CONTROLLING_AREA\",\"modelName\":\"NewYardModel\"}"}]}
COMMAND: GET /session/d9a998879d5a0ca5d611ed7923943cd8/screenshot - {}
RESULT: {"script":"<script> [1562 bytes]","args":[{"selector":{"controlType":"sap.m.Input","viewName":"etm.portal.ui.manageyards.view.New","viewId":"application-manageyards-display-component---NewYard","bindingPath":{"path":"","propertyPath":"/CONTROLLING_AREA","modelName":"NewYardModel"},"interaction":{"idSuffix":"inner"}},"wdio_ui5_key":"etmportal.ui.manageyards.view.Newsap.m.Input{\"path\":\"\",\"propertyPath\":\"/CONTROLLING_AREA\",\"modelName\":\"NewYardModel\"}"}]}
RESULT: undefined
COMMAND: POST /session/d9a998879d5a0ca5d611ed7923943cd8/execute/async - {"script":"<script> [776 bytes]","args":[{"enterText":"Z001","selector":{"controlType":"sap.m.Input","viewName":"etm.portal.ui.manageyards.view.New","viewId":"application-manageyards-display-component---NewYard","bindingPath":{"path":"","propertyPath":"/CONTROLLING_AREA","modelName":"NewYardModel"},"interaction":{"idSuffix":"inner"}},"clearTextFirst":true,"interactionType":"ENTER_TEXT"}]}
RESULT: {}
RESULT: {"script":"<script> [776 bytes]","args":[{"enterText":"Z001","selector":{"controlType":"sap.m.Input","viewName":"etm.portal.ui.manageyards.view.New","viewId":"application-manageyards-display-component---NewYard","bindingPath":{"path":"","propertyPath":"/CONTROLLING_AREA","modelName":"NewYardModel"},"interaction":{"idSuffix":"inner"}},"clearTextFirst":true,"interactionType":"ENTER_TEXT"}]}
COMMAND: POST /session/d9a998879d5a0ca5d611ed7923943cd8/execute/async - {"script":"<script> [1562 bytes]","args":[{"selector":{"id":"application-manageyards-display-component---NewYard--companyCodeComboBox","interaction":{"idSuffix":"inner"}},"wdio_ui5_key":"applicationmanageyards-display-component---NewYard--companyCodeComboBox"}]}
RESULT: {"script":"<script> [1562 bytes]","args":[{"selector":{"id":"application-manageyards-display-component---NewYard--companyCodeComboBox","interaction":{"idSuffix":"inner"}},"wdio_ui5_key":"applicationmanageyards-display-component---NewYard--companyCodeComboBox"}]}
RESULT: undefined
COMMAND: POST /session/d9a998879d5a0ca5d611ed7923943cd8/execute/async - {"script":"<script> [776 bytes]","args":[{"enterText":"1000","selector":{"id":"application-manageyards-display-component---NewYard--companyCodeComboBox","interaction":{"idSuffix":"inner"}},"clearTextFirst":true,"interactionType":"ENTER_TEXT"}]}
RESULT: {"script":"<script> [776 bytes]","args":[{"enterText":"1000","selector":{"id":"application-manageyards-display-component---NewYard--companyCodeComboBox","interaction":{"idSuffix":"inner"}},"clearTextFirst":true,"interactionType":"ENTER_TEXT"}]}
COMMAND: POST /session/d9a998879d5a0ca5d611ed7923943cd8/execute/async - {"script":"<script> [1562 bytes]","args":[{"selector":{"controlType":"sap.m.Input","viewName":"etm.portal.ui.manageyards.view.New","viewId":"application-manageyards-display-component---NewYard","bindingPath":{"path":"","propertyPath":"/PLANT","modelName":"NewYardModel"},"interaction":{"idSuffix":"inner"}},"wdio_ui5_key":"etmportal.ui.manageyards.view.Newsap.m.Input{\"path\":\"\",\"propertyPath\":\"/PLANT\",\"modelName\":\"NewYardModel\"}"}]}
RESULT: {"script":"<script> [1562 bytes]","args":[{"selector":{"controlType":"sap.m.Input","viewName":"etm.portal.ui.manageyards.view.New","viewId":"application-manageyards-display-component---NewYard","bindingPath":{"path":"","propertyPath":"/PLANT","modelName":"NewYardModel"},"interaction":{"idSuffix":"inner"}},"wdio_ui5_key":"etmportal.ui.manageyards.view.Newsap.m.Input{\"path\":\"\",\"propertyPath\":\"/PLANT\",\"modelName\":\"NewYardModel\"}"}]}
RESULT: undefined
COMMAND: POST /session/d9a998879d5a0ca5d611ed7923943cd8/execute/async - {"script":"<script> [776 bytes]","args":[{"enterText":"1001","selector":{"controlType":"sap.m.Input","viewName":"etm.portal.ui.manageyards.view.New","viewId":"application-manageyards-display-component---NewYard","bindingPath":{"path":"","propertyPath":"/PLANT","modelName":"NewYardModel"},"interaction":{"idSuffix":"inner"}},"clearTextFirst":true,"interactionType":"ENTER_TEXT"}]}
RESULT: {"script":"<script> [776 bytes]","args":[{"enterText":"1001","selector":{"controlType":"sap.m.Input","viewName":"etm.portal.ui.manageyards.view.New","viewId":"application-manageyards-display-component---NewYard","bindingPath":{"path":"","propertyPath":"/PLANT","modelName":"NewYardModel"},"interaction":{"idSuffix":"inner"}},"clearTextFirst":true,"interactionType":"ENTER_TEXT"}]}
COMMAND: POST /session/d9a998879d5a0ca5d611ed7923943cd8/execute/async - {"script":"<script> [1562 bytes]","args":[{"selector":{"controlType":"sap.m.Input","viewName":"etm.portal.ui.manageyards.view.New","viewId":"application-manageyards-display-component---NewYard","bindingPath":{"path":"","propertyPath":"/SALES_AREA_VKORG","modelName":"NewYardModel"},"interaction":{"idSuffix":"inner"}},"wdio_ui5_key":"etmportal.ui.manageyards.view.Newsap.m.Input{\"path\":\"\",\"propertyPath\":\"/SALES_AREA_VKORG\",\"modelName\":\"NewYardModel\"}"}]}
RESULT: {"script":"<script> [1562 bytes]","args":[{"selector":{"controlType":"sap.m.Input","viewName":"etm.portal.ui.manageyards.view.New","viewId":"application-manageyards-display-component---NewYard","bindingPath":{"path":"","propertyPath":"/SALES_AREA_VKORG","modelName":"NewYardModel"},"interaction":{"idSuffix":"inner"}},"wdio_ui5_key":"etmportal.ui.manageyards.view.Newsap.m.Input{\"path\":\"\",\"propertyPath\":\"/SALES_AREA_VKORG\",\"modelName\":\"NewYardModel\"}"}]}
RESULT: undefined
COMMAND: POST /session/d9a998879d5a0ca5d611ed7923943cd8/execute/async - {"script":"<script> [776 bytes]","args":[{"enterText":"C002","selector":{"controlType":"sap.m.Input","viewName":"etm.portal.ui.manageyards.view.New","viewId":"application-manageyards-display-component---NewYard","bindingPath":{"path":"","propertyPath":"/SALES_AREA_VKORG","modelName":"NewYardModel"},"interaction":{"idSuffix":"inner"}},"clearTextFirst":true,"interactionType":"ENTER_TEXT"}]}
RESULT: {"script":"<script> [776 bytes]","args":[{"enterText":"C002","selector":{"controlType":"sap.m.Input","viewName":"etm.portal.ui.manageyards.view.New","viewId":"application-manageyards-display-component---NewYard","bindingPath":{"path":"","propertyPath":"/SALES_AREA_VKORG","modelName":"NewYardModel"},"interaction":{"idSuffix":"inner"}},"clearTextFirst":true,"interactionType":"ENTER_TEXT"}]}
COMMAND: POST /session/d9a998879d5a0ca5d611ed7923943cd8/execute/async - {"script":"<script> [1562 bytes]","args":[{"selector":{"controlType":"sap.m.Input","viewName":"etm.portal.ui.manageyards.view.New","viewId":"application-manageyards-display-component---NewYard","bindingPath":{"path":"","propertyPath":"/SALES_AREA_VTWEG","modelName":"NewYardModel"},"interaction":{"idSuffix":"inner"}},"wdio_ui5_key":"etmportal.ui.manageyards.view.Newsap.m.Input{\"path\":\"\",\"propertyPath\":\"/SALES_AREA_VTWEG\",\"modelName\":\"NewYardModel\"}"}]}
RESULT: {"script":"<script> [1562 bytes]","args":[{"selector":{"controlType":"sap.m.Input","viewName":"etm.portal.ui.manageyards.view.New","viewId":"application-manageyards-display-component---NewYard","bindingPath":{"path":"","propertyPath":"/SALES_AREA_VTWEG","modelName":"NewYardModel"},"interaction":{"idSuffix":"inner"}},"wdio_ui5_key":"etmportal.ui.manageyards.view.Newsap.m.Input{\"path\":\"\",\"propertyPath\":\"/SALES_AREA_VTWEG\",\"modelName\":\"NewYardModel\"}"}]}
RESULT: undefined
COMMAND: POST /session/d9a998879d5a0ca5d611ed7923943cd8/execute/async - {"script":"<script> [776 bytes]","args":[{"enterText":"C2","selector":{"controlType":"sap.m.Input","viewName":"etm.portal.ui.manageyards.view.New","viewId":"application-manageyards-display-component---NewYard","bindingPath":{"path":"","propertyPath":"/SALES_AREA_VTWEG","modelName":"NewYardModel"},"interaction":{"idSuffix":"inner"}},"clearTextFirst":true,"interactionType":"ENTER_TEXT"}]}
RESULT: {"script":"<script> [776 bytes]","args":[{"enterText":"C2","selector":{"controlType":"sap.m.Input","viewName":"etm.portal.ui.manageyards.view.New","viewId":"application-manageyards-display-component---NewYard","bindingPath":{"path":"","propertyPath":"/SALES_AREA_VTWEG","modelName":"NewYardModel"},"interaction":{"idSuffix":"inner"}},"clearTextFirst":true,"interactionType":"ENTER_TEXT"}]}
COMMAND: POST /session/d9a998879d5a0ca5d611ed7923943cd8/execute/async - {"script":"<script> [1562 bytes]","args":[{"selector":{"controlType":"sap.m.Input","viewName":"etm.portal.ui.manageyards.view.New","viewId":"application-manageyards-display-component---NewYard","bindingPath":{"path":"","propertyPath":"/SALES_AREA_SPART","modelName":"NewYardModel"},"interaction":{"idSuffix":"inner"}},"wdio_ui5_key":"etmportal.ui.manageyards.view.Newsap.m.Input{\"path\":\"\",\"propertyPath\":\"/SALES_AREA_SPART\",\"modelName\":\"NewYardModel\"}"}]}
RESULT: {"script":"<script> [1562 bytes]","args":[{"selector":{"controlType":"sap.m.Input","viewName":"etm.portal.ui.manageyards.view.New","viewId":"application-manageyards-display-component---NewYard","bindingPath":{"path":"","propertyPath":"/SALES_AREA_SPART","modelName":"NewYardModel"},"interaction":{"idSuffix":"inner"}},"wdio_ui5_key":"etmportal.ui.manageyards.view.Newsap.m.Input{\"path\":\"\",\"propertyPath\":\"/SALES_AREA_SPART\",\"modelName\":\"NewYardModel\"}"}]}
RESULT: undefined
COMMAND: POST /session/d9a998879d5a0ca5d611ed7923943cd8/execute/async - {"script":"<script> [776 bytes]","args":[{"enterText":"C2","selector":{"controlType":"sap.m.Input","viewName":"etm.portal.ui.manageyards.view.New","viewId":"application-manageyards-display-component---NewYard","bindingPath":{"path":"","propertyPath":"/SALES_AREA_SPART","modelName":"NewYardModel"},"interaction":{"idSuffix":"inner"}},"clearTextFirst":true,"interactionType":"ENTER_TEXT"}]}
RESULT: {"script":"<script> [776 bytes]","args":[{"enterText":"C2","selector":{"controlType":"sap.m.Input","viewName":"etm.portal.ui.manageyards.view.New","viewId":"application-manageyards-display-component---NewYard","bindingPath":{"path":"","propertyPath":"/SALES_AREA_SPART","modelName":"NewYardModel"},"interaction":{"idSuffix":"inner"}},"clearTextFirst":true,"interactionType":"ENTER_TEXT"}]}
COMMAND: POST /session/d9a998879d5a0ca5d611ed7923943cd8/execute/async - {"script":"<script> [1562 bytes]","args":[{"selector":{"controlType":"sap.m.Input","viewName":"etm.portal.ui.manageyards.view.New","viewId":"application-manageyards-display-component---NewYard","bindingPath":{"path":"","propertyPath":"/SHIP_POINT","modelName":"NewYardModel"},"interaction":{"idSuffix":"inner"}},"wdio_ui5_key":"etmportal.ui.manageyards.view.Newsap.m.Input{\"path\":\"\",\"propertyPath\":\"/SHIP_POINT\",\"modelName\":\"NewYardModel\"}"}]}
RESULT: {"script":"<script> [1562 bytes]","args":[{"selector":{"controlType":"sap.m.Input","viewName":"etm.portal.ui.manageyards.view.New","viewId":"application-manageyards-display-component---NewYard","bindingPath":{"path":"","propertyPath":"/SHIP_POINT","modelName":"NewYardModel"},"interaction":{"idSuffix":"inner"}},"wdio_ui5_key":"etmportal.ui.manageyards.view.Newsap.m.Input{\"path\":\"\",\"propertyPath\":\"/SHIP_POINT\",\"modelName\":\"NewYardModel\"}"}]}
RESULT: undefined
COMMAND: POST /session/d9a998879d5a0ca5d611ed7923943cd8/execute/async - {"script":"<script> [776 bytes]","args":[{"enterText":"1710","selector":{"controlType":"sap.m.Input","viewName":"etm.portal.ui.manageyards.view.New","viewId":"application-manageyards-display-component---NewYard","bindingPath":{"path":"","propertyPath":"/SHIP_POINT","modelName":"NewYardModel"},"interaction":{"idSuffix":"inner"}},"clearTextFirst":true,"interactionType":"ENTER_TEXT"}]}
RESULT: {"script":"<script> [776 bytes]","args":[{"enterText":"1710","selector":{"controlType":"sap.m.Input","viewName":"etm.portal.ui.manageyards.view.New","viewId":"application-manageyards-display-component---NewYard","bindingPath":{"path":"","propertyPath":"/SHIP_POINT","modelName":"NewYardModel"},"interaction":{"idSuffix":"inner"}},"clearTextFirst":true,"interactionType":"ENTER_TEXT"}]}
COMMAND: POST /session/d9a998879d5a0ca5d611ed7923943cd8/execute/async - {"script":"<script> [1562 bytes]","args":[{"selector":{"controlType":"sap.m.Input","viewName":"etm.portal.ui.manageyards.view.New","viewId":"application-manageyards-display-component---NewYard","bindingPath":{"path":"","propertyPath":"/DELIVERY_TYPE","modelName":"NewYardModel"},"interaction":{"idSuffix":"inner"}},"wdio_ui5_key":"etmportal.ui.manageyards.view.Newsap.m.Input{\"path\":\"\",\"propertyPath\":\"/DELIVERY_TYPE\",\"modelName\":\"NewYardModel\"}"}]}
RESULT: {"script":"<script> [1562 bytes]","args":[{"selector":{"controlType":"sap.m.Input","viewName":"etm.portal.ui.manageyards.view.New","viewId":"application-manageyards-display-component---NewYard","bindingPath":{"path":"","propertyPath":"/DELIVERY_TYPE","modelName":"NewYardModel"},"interaction":{"idSuffix":"inner"}},"wdio_ui5_key":"etmportal.ui.manageyards.view.Newsap.m.Input{\"path\":\"\",\"propertyPath\":\"/DELIVERY_TYPE\",\"modelName\":\"NewYardModel\"}"}]}
RESULT: undefined
COMMAND: POST /session/d9a998879d5a0ca5d611ed7923943cd8/execute/async - {"script":"<script> [776 bytes]","args":[{"enterText":"ZL01","selector":{"controlType":"sap.m.Input","viewName":"etm.portal.ui.manageyards.view.New","viewId":"application-manageyards-display-component---NewYard","bindingPath":{"path":"","propertyPath":"/DELIVERY_TYPE","modelName":"NewYardModel"},"interaction":{"idSuffix":"inner"}},"clearTextFirst":true,"interactionType":"ENTER_TEXT"}]}
RESULT: {"script":"<script> [776 bytes]","args":[{"enterText":"ZL01","selector":{"controlType":"sap.m.Input","viewName":"etm.portal.ui.manageyards.view.New","viewId":"application-manageyards-display-component---NewYard","bindingPath":{"path":"","propertyPath":"/DELIVERY_TYPE","modelName":"NewYardModel"},"interaction":{"idSuffix":"inner"}},"clearTextFirst":true,"interactionType":"ENTER_TEXT"}]}
COMMAND: POST /session/d9a998879d5a0ca5d611ed7923943cd8/execute/async - {"script":"<script> [1562 bytes]","args":[{"selector":{"controlType":"sap.m.Input","viewName":"etm.portal.ui.manageyards.view.New","viewId":"application-manageyards-display-component---NewYard","bindingPath":{"path":"","propertyPath":"/AUART","modelName":"NewYardModel"},"interaction":{"idSuffix":"inner"}},"wdio_ui5_key":"etmportal.ui.manageyards.view.Newsap.m.Input{\"path\":\"\",\"propertyPath\":\"/AUART\",\"modelName\":\"NewYardModel\"}"}]}
RESULT: {"script":"<script> [1562 bytes]","args":[{"selector":{"controlType":"sap.m.Input","viewName":"etm.portal.ui.manageyards.view.New","viewId":"application-manageyards-display-component---NewYard","bindingPath":{"path":"","propertyPath":"/AUART","modelName":"NewYardModel"},"interaction":{"idSuffix":"inner"}},"wdio_ui5_key":"etmportal.ui.manageyards.view.Newsap.m.Input{\"path\":\"\",\"propertyPath\":\"/AUART\",\"modelName\":\"NewYardModel\"}"}]}
RESULT: undefined
COMMAND: POST /session/d9a998879d5a0ca5d611ed7923943cd8/execute/async - {"script":"<script> [776 bytes]","args":[{"enterText":"TA","selector":{"controlType":"sap.m.Input","viewName":"etm.portal.ui.manageyards.view.New","viewId":"application-manageyards-display-component---NewYard","bindingPath":{"path":"","propertyPath":"/AUART","modelName":"NewYardModel"},"interaction":{"idSuffix":"inner"}},"clearTextFirst":true,"interactionType":"ENTER_TEXT"}]}
RESULT: {"script":"<script> [776 bytes]","args":[{"enterText":"TA","selector":{"controlType":"sap.m.Input","viewName":"etm.portal.ui.manageyards.view.New","viewId":"application-manageyards-display-component---NewYard","bindingPath":{"path":"","propertyPath":"/AUART","modelName":"NewYardModel"},"interaction":{"idSuffix":"inner"}},"clearTextFirst":true,"interactionType":"ENTER_TEXT"}]}
COMMAND: POST /session/d9a998879d5a0ca5d611ed7923943cd8/element - {"using":"xpath","value":"//button[@data-kt=\"newYardSaveButton\"]"}
RESULT: {"using":"xpath","value":"//button[@data-kt=\"newYardSaveButton\"]"}
COMMAND: POST /session/d9a998879d5a0ca5d611ed7923943cd8/element/f.176CCEC0CFC1BEF50F2A214319D4C569.d.4734BD9972231530F51F1C4B2F33CD72.e.719/click - {}
RESULT: {}
COMMAND: GET /session/d9a998879d5a0ca5d611ed7923943cd8/screenshot - {}
RESULT: {}
COMMAND: POST /session/d9a998879d5a0ca5d611ed7923943cd8/element - {"using":"xpath","value":"//header[contains(@id, 'ObjectPageLayout-headerTitle')]/div[1]/div[2]/div[1]/span[1]"}
RESULT: {"using":"xpath","value":"//header[contains(@id, 'ObjectPageLayout-headerTitle')]/div[1]/div[2]/div[1]/span[1]"}
COMMAND: POST /session/d9a998879d5a0ca5d611ed7923943cd8/elements - {"using":"xpath","value":"//header[contains(@id, 'ObjectPageLayout-headerTitle')]/div[1]/div[2]/div[1]/span[1]"}
RESULT: {"using":"xpath","value":"//header[contains(@id, 'ObjectPageLayout-headerTitle')]/div[1]/div[2]/div[1]/span[1]"}
COMMAND: POST /session/d9a998879d5a0ca5d611ed7923943cd8/execute/sync - {"script":"<script> [56 bytes]","args":[{"element-6066-11e4-a52e-4f735466cecf":"f.176CCEC0CFC1BEF50F2A214319D4C569.d.4734BD9972231530F51F1C4B2F33CD72.e.1016","ELEMENT":"f.176CCEC0CFC1BEF50F2A214319D4C569.d.4734BD9972231530F51F1C4B2F33CD72.e.1016"}]}
RESULT: {"script":"<script> [56 bytes]","args":[{"element-6066-11e4-a52e-4f735466cecf":"f.176CCEC0CFC1BEF50F2A214319D4C569.d.4734BD9972231530F51F1C4B2F33CD72.e.1016","ELEMENT":"f.176CCEC0CFC1BEF50F2A214319D4C569.d.4734BD9972231530F51F1C4B2F33CD72.e.1016"}]}
COMMAND: GET /session/d9a998879d5a0ca5d611ed7923943cd8/screenshot - {}
RESULT: {}
COMMAND: POST /session/d9a998879d5a0ca5d611ed7923943cd8/element - {"using":"css selector","value":"#shell-header-logo"}
RESULT: {"using":"css selector","value":"#shell-header-logo"}
COMMAND: POST /session/d9a998879d5a0ca5d611ed7923943cd8/element/f.176CCEC0CFC1BEF50F2A214319D4C569.d.4734BD9972231530F51F1C4B2F33CD72.e.259/click - {}
RESULT: {}
COMMAND: GET /session/d9a998879d5a0ca5d611ed7923943cd8/screenshot - {}
RESULT: {}
COMMAND: POST /session/d9a998879d5a0ca5d611ed7923943cd8/execute/sync - {"script":"<script> [299 bytes]","args":[["getModel","getResource"]]}
RESULT: {"script":"<script> [299 bytes]","args":[["getModel","getResource"]]}
COMMAND: GET /session/d9a998879d5a0ca5d611ed7923943cd8/screenshot - {}
]]></system-out>
    </testcase>
  </testsuite>
  <testsuite timestamp="2025-04-25T17:07:47" time="118.158" tests="3" failures="1" errors="1" skipped="0">
    <properties>
      <property name="specId" value="0" />
      <property name="suiteName" value="Set up pricing rule(OT) 104624" />
      <property name="capabilities" value="chrome.135_0_7049_96.windows" />
      <property name="file" value="file:///D:/a/1/s/test/specs/BTS/create-pricing-rule.spec.js" />
    </properties>
    <testcase classname="chrome.135_0_7049_96.windows.Set_up_pricing_rule(OT)_104624" name="Should create a new yard used for all following tests" time="0.011">
      <system-out><![CDATA[
COMMAND: POST /session/d9a998879d5a0ca5d611ed7923943cd8/window/fullscreen - {}
RESULT: {}
]]></system-out>
    </testcase>
    <testcase classname="chrome.135_0_7049_96.windows.Set_up_pricing_rule(OT)_104624" name="Should create a new equipment used for all following tests" time="0.004" />
  </testsuite>
  <testsuite timestamp="2025-04-25T17:09:45" time="318.138" tests="6" failures="0" errors="0" skipped="0">
    <properties>
      <property name="specId" value="0" />
      <property name="suiteName" value="Edit and delete daily price US134629 US134627" />
      <property name="capabilities" value="chrome.135_0_7049_96.windows" />
      <property name="file" value="file:///D:/a/1/s/test/specs/BTS/conditions-prices-daily-price.spec.js" />
    </properties>
    <testcase classname="chrome.135_0_7049_96.windows.Edit_and_delete_daily_price_US134629_US134627" name="Should create a new yard used for all following tests" time="0.016">
      <system-out><![CDATA[
COMMAND: POST /session/d9a998879d5a0ca5d611ed7923943cd8/window/fullscreen - {}
RESULT: {}
]]></system-out>
    </testcase>
    <testcase classname="chrome.135_0_7049_96.windows.Edit_and_delete_daily_price_US134629_US134627" name="Should create a new partner" time="113.846">
      <system-out><![CDATA[
COMMAND: POST /session/d9a998879d5a0ca5d611ed7923943cd8/window/fullscreen - {}
RESULT: {}
COMMAND: POST /session/d9a998879d5a0ca5d611ed7923943cd8/execute/async - {"script":"<script> [1562 bytes]","args":[{"selector":{"controlType":"sap.m.GenericTile","properties":{"header":"Manage Partners"}},"wdio_ui5_key":"sapm.GenericTile{\"header\":\"Manage Partners\"}"}]}
RESULT: {"script":"<script> [1562 bytes]","args":[{"selector":{"controlType":"sap.m.GenericTile","properties":{"header":"Manage Partners"}},"wdio_ui5_key":"sapm.GenericTile{\"header\":\"Manage Partners\"}"}]}
RESULT: undefined
COMMAND: POST /session/d9a998879d5a0ca5d611ed7923943cd8/element - {"using":"xpath","value":"//*[@id=\"__tile38\"]"}
RESULT: {"using":"xpath","value":"//*[@id=\"__tile38\"]"}
COMMAND: POST /session/d9a998879d5a0ca5d611ed7923943cd8/element/f.176CCEC0CFC1BEF50F2A214319D4C569.d.5DD68870CC2FD91A0AE0EAAE2A7B4A47.e.2405/click - {}
RESULT: {}
COMMAND: POST /session/d9a998879d5a0ca5d611ed7923943cd8/element - {"using":"xpath","value":"//button[@data-kt=\"addButton\"]"}
COMMAND: GET /session/d9a998879d5a0ca5d611ed7923943cd8/screenshot - {}
RESULT: {"using":"xpath","value":"//button[@data-kt=\"addButton\"]"}
COMMAND: POST /session/d9a998879d5a0ca5d611ed7923943cd8/elements - {"using":"xpath","value":"//button[@data-kt=\"addButton\"]"}
RESULT: {}
RESULT: {"using":"xpath","value":"//button[@data-kt=\"addButton\"]"}
COMMAND: POST /session/d9a998879d5a0ca5d611ed7923943cd8/elements - {"using":"xpath","value":"//button[@data-kt=\"addButton\"]"}
RESULT: {"using":"xpath","value":"//button[@data-kt=\"addButton\"]"}
COMMAND: POST /session/d9a998879d5a0ca5d611ed7923943cd8/elements - {"using":"xpath","value":"//button[@data-kt=\"addButton\"]"}
RESULT: {"using":"xpath","value":"//button[@data-kt=\"addButton\"]"}
COMMAND: POST /session/d9a998879d5a0ca5d611ed7923943cd8/elements - {"using":"xpath","value":"//button[@data-kt=\"addButton\"]"}
RESULT: {"using":"xpath","value":"//button[@data-kt=\"addButton\"]"}
COMMAND: POST /session/d9a998879d5a0ca5d611ed7923943cd8/elements - {"using":"xpath","value":"//button[@data-kt=\"addButton\"]"}
RESULT: {"using":"xpath","value":"//button[@data-kt=\"addButton\"]"}
COMMAND: POST /session/d9a998879d5a0ca5d611ed7923943cd8/elements - {"using":"xpath","value":"//button[@data-kt=\"addButton\"]"}
RESULT: {"using":"xpath","value":"//button[@data-kt=\"addButton\"]"}
COMMAND: POST /session/d9a998879d5a0ca5d611ed7923943cd8/elements - {"using":"xpath","value":"//button[@data-kt=\"addButton\"]"}
RESULT: {"using":"xpath","value":"//button[@data-kt=\"addButton\"]"}
COMMAND: POST /session/d9a998879d5a0ca5d611ed7923943cd8/elements - {"using":"xpath","value":"//button[@data-kt=\"addButton\"]"}
RESULT: {"using":"xpath","value":"//button[@data-kt=\"addButton\"]"}
COMMAND: POST /session/d9a998879d5a0ca5d611ed7923943cd8/elements - {"using":"xpath","value":"//button[@data-kt=\"addButton\"]"}
RESULT: {"using":"xpath","value":"//button[@data-kt=\"addButton\"]"}
COMMAND: POST /session/d9a998879d5a0ca5d611ed7923943cd8/elements - {"using":"xpath","value":"//button[@data-kt=\"addButton\"]"}
RESULT: {"using":"xpath","value":"//button[@data-kt=\"addButton\"]"}
COMMAND: POST /session/d9a998879d5a0ca5d611ed7923943cd8/elements - {"using":"xpath","value":"//button[@data-kt=\"addButton\"]"}
RESULT: {"using":"xpath","value":"//button[@data-kt=\"addButton\"]"}
COMMAND: POST /session/d9a998879d5a0ca5d611ed7923943cd8/elements - {"using":"xpath","value":"//button[@data-kt=\"addButton\"]"}
RESULT: {"using":"xpath","value":"//button[@data-kt=\"addButton\"]"}
COMMAND: POST /session/d9a998879d5a0ca5d611ed7923943cd8/elements - {"using":"xpath","value":"//button[@data-kt=\"addButton\"]"}
RESULT: {"using":"xpath","value":"//button[@data-kt=\"addButton\"]"}
COMMAND: POST /session/d9a998879d5a0ca5d611ed7923943cd8/elements - {"using":"xpath","value":"//button[@data-kt=\"addButton\"]"}
RESULT: {"using":"xpath","value":"//button[@data-kt=\"addButton\"]"}
COMMAND: POST /session/d9a998879d5a0ca5d611ed7923943cd8/elements - {"using":"xpath","value":"//button[@data-kt=\"addButton\"]"}
RESULT: {"using":"xpath","value":"//button[@data-kt=\"addButton\"]"}
COMMAND: POST /session/d9a998879d5a0ca5d611ed7923943cd8/elements - {"using":"xpath","value":"//button[@data-kt=\"addButton\"]"}
RESULT: {"using":"xpath","value":"//button[@data-kt=\"addButton\"]"}
COMMAND: POST /session/d9a998879d5a0ca5d611ed7923943cd8/elements - {"using":"xpath","value":"//button[@data-kt=\"addButton\"]"}
RESULT: {"using":"xpath","value":"//button[@data-kt=\"addButton\"]"}
COMMAND: POST /session/d9a998879d5a0ca5d611ed7923943cd8/elements - {"using":"xpath","value":"//button[@data-kt=\"addButton\"]"}
RESULT: {"using":"xpath","value":"//button[@data-kt=\"addButton\"]"}
COMMAND: POST /session/d9a998879d5a0ca5d611ed7923943cd8/elements - {"using":"xpath","value":"//button[@data-kt=\"addButton\"]"}
RESULT: {"using":"xpath","value":"//button[@data-kt=\"addButton\"]"}
COMMAND: POST /session/d9a998879d5a0ca5d611ed7923943cd8/elements - {"using":"xpath","value":"//button[@data-kt=\"addButton\"]"}
RESULT: {"using":"xpath","value":"//button[@data-kt=\"addButton\"]"}
COMMAND: POST /session/d9a998879d5a0ca5d611ed7923943cd8/elements - {"using":"xpath","value":"//button[@data-kt=\"addButton\"]"}
RESULT: {"using":"xpath","value":"//button[@data-kt=\"addButton\"]"}
COMMAND: POST /session/d9a998879d5a0ca5d611ed7923943cd8/elements - {"using":"xpath","value":"//button[@data-kt=\"addButton\"]"}
RESULT: {"using":"xpath","value":"//button[@data-kt=\"addButton\"]"}
COMMAND: POST /session/d9a998879d5a0ca5d611ed7923943cd8/element - {"using":"xpath","value":"//button[@data-kt=\"addButton\"]"}
RESULT: {"using":"xpath","value":"//button[@data-kt=\"addButton\"]"}
COMMAND: POST /session/d9a998879d5a0ca5d611ed7923943cd8/execute/sync - {"script":"<script> [8489 bytes]","args":[{"element-6066-11e4-a52e-4f735466cecf":"f.176CCEC0CFC1BEF50F2A214319D4C569.d.5DD68870CC2FD91A0AE0EAAE2A7B4A47.e.2550","ELEMENT":"f.176CCEC0CFC1BEF50F2A214319D4C569.d.5DD68870CC2FD91A0AE0EAAE2A7B4A47.e.2550"}]}
RESULT: {"script":"<script> [8489 bytes]","args":[{"element-6066-11e4-a52e-4f735466cecf":"f.176CCEC0CFC1BEF50F2A214319D4C569.d.5DD68870CC2FD91A0AE0EAAE2A7B4A47.e.2550","ELEMENT":"f.176CCEC0CFC1BEF50F2A214319D4C569.d.5DD68870CC2FD91A0AE0EAAE2A7B4A47.e.2550"}]}
COMMAND: GET /session/d9a998879d5a0ca5d611ed7923943cd8/element/f.176CCEC0CFC1BEF50F2A214319D4C569.d.5DD68870CC2FD91A0AE0EAAE2A7B4A47.e.2550/enabled - {}
COMMAND: GET /session/d9a998879d5a0ca5d611ed7923943cd8/screenshot - {}
RESULT: {}
COMMAND: POST /session/d9a998879d5a0ca5d611ed7923943cd8/execute/sync - {"script":"<script> [8489 bytes]","args":[{"element-6066-11e4-a52e-4f735466cecf":"f.176CCEC0CFC1BEF50F2A214319D4C569.d.5DD68870CC2FD91A0AE0EAAE2A7B4A47.e.2550","ELEMENT":"f.176CCEC0CFC1BEF50F2A214319D4C569.d.5DD68870CC2FD91A0AE0EAAE2A7B4A47.e.2550"}]}
COMMAND: GET /session/d9a998879d5a0ca5d611ed7923943cd8/screenshot - {}
RESULT: {}
RESULT: {"script":"<script> [8489 bytes]","args":[{"element-6066-11e4-a52e-4f735466cecf":"f.176CCEC0CFC1BEF50F2A214319D4C569.d.5DD68870CC2FD91A0AE0EAAE2A7B4A47.e.2550","ELEMENT":"f.176CCEC0CFC1BEF50F2A214319D4C569.d.5DD68870CC2FD91A0AE0EAAE2A7B4A47.e.2550"}]}
COMMAND: POST /session/d9a998879d5a0ca5d611ed7923943cd8/execute/sync - {"script":"<script> [5351 bytes]","args":[{"element-6066-11e4-a52e-4f735466cecf":"f.176CCEC0CFC1BEF50F2A214319D4C569.d.5DD68870CC2FD91A0AE0EAAE2A7B4A47.e.2550","ELEMENT":"f.176CCEC0CFC1BEF50F2A214319D4C569.d.5DD68870CC2FD91A0AE0EAAE2A7B4A47.e.2550"}]}
COMMAND: GET /session/d9a998879d5a0ca5d611ed7923943cd8/screenshot - {}
RESULT: {}
RESULT: {"script":"<script> [5351 bytes]","args":[{"element-6066-11e4-a52e-4f735466cecf":"f.176CCEC0CFC1BEF50F2A214319D4C569.d.5DD68870CC2FD91A0AE0EAAE2A7B4A47.e.2550","ELEMENT":"f.176CCEC0CFC1BEF50F2A214319D4C569.d.5DD68870CC2FD91A0AE0EAAE2A7B4A47.e.2550"}]}
COMMAND: POST /session/d9a998879d5a0ca5d611ed7923943cd8/element/f.176CCEC0CFC1BEF50F2A214319D4C569.d.5DD68870CC2FD91A0AE0EAAE2A7B4A47.e.2550/click - {}
COMMAND: GET /session/d9a998879d5a0ca5d611ed7923943cd8/screenshot - {}
RESULT: {}
RESULT: {}
COMMAND: GET /session/d9a998879d5a0ca5d611ed7923943cd8/screenshot - {}
COMMAND: POST /session/d9a998879d5a0ca5d611ed7923943cd8/execute/async - {"script":"<script> [1562 bytes]","args":[{"selector":{"id":"application-managepartners-display-component---NewPartner--addressDetailDetailsName1","interaction":{"idSuffix":"inner"}},"wdio_ui5_key":"applicationmanagepartners-display-component---NewPartner--addressDetailDetailsName1"}]}
RESULT: {}
RESULT: {}
RESULT: {"script":"<script> [1562 bytes]","args":[{"selector":{"id":"application-managepartners-display-component---NewPartner--addressDetailDetailsName1","interaction":{"idSuffix":"inner"}},"wdio_ui5_key":"applicationmanagepartners-display-component---NewPartner--addressDetailDetailsName1"}]}
RESULT: undefined
COMMAND: POST /session/d9a998879d5a0ca5d611ed7923943cd8/execute/async - {"script":"<script> [776 bytes]","args":[{"enterText":"DailyPrice Partner WDIO","selector":{"id":"application-managepartners-display-component---NewPartner--addressDetailDetailsName1","interaction":{"idSuffix":"inner"}},"clearTextFirst":true,"interactionType":"ENTER_TEXT"}]}
RESULT: {"script":"<script> [776 bytes]","args":[{"enterText":"DailyPrice Partner WDIO","selector":{"id":"application-managepartners-display-component---NewPartner--addressDetailDetailsName1","interaction":{"idSuffix":"inner"}},"clearTextFirst":true,"interactionType":"ENTER_TEXT"}]}
COMMAND: POST /session/d9a998879d5a0ca5d611ed7923943cd8/execute/async - {"script":"<script> [1562 bytes]","args":[{"selector":{"id":"application-managepartners-display-component---NewPartner--addressDetailDetailsLanguage-arrow"},"wdio_ui5_key":"applicationmanagepartners-display-component---NewPartner--addressDetailDetailsLanguage-arrow"}]}
RESULT: {"script":"<script> [1562 bytes]","args":[{"selector":{"id":"application-managepartners-display-component---NewPartner--addressDetailDetailsLanguage-arrow"},"wdio_ui5_key":"applicationmanagepartners-display-component---NewPartner--addressDetailDetailsLanguage-arrow"}]}
RESULT: undefined
COMMAND: POST /session/d9a998879d5a0ca5d611ed7923943cd8/element - {"using":"xpath","value":"//*[@id=\"application-managepartners-display-component---NewPartner--addressDetailDetailsLanguage-arrow\"]"}
RESULT: {"using":"xpath","value":"//*[@id=\"application-managepartners-display-component---NewPartner--addressDetailDetailsLanguage-arrow\"]"}
COMMAND: POST /session/d9a998879d5a0ca5d611ed7923943cd8/element/f.176CCEC0CFC1BEF50F2A214319D4C569.d.5DD68870CC2FD91A0AE0EAAE2A7B4A47.e.2977/click - {}
RESULT: {}
COMMAND: POST /session/d9a998879d5a0ca5d611ed7923943cd8/element - {"using":"xpath","value":"//span[contains(text(), \"English\")]"}
COMMAND: GET /session/d9a998879d5a0ca5d611ed7923943cd8/screenshot - {}
RESULT: {"using":"xpath","value":"//span[contains(text(), \"English\")]"}
COMMAND: POST /session/d9a998879d5a0ca5d611ed7923943cd8/element/f.176CCEC0CFC1BEF50F2A214319D4C569.d.5DD68870CC2FD91A0AE0EAAE2A7B4A47.e.2978/click - {}
RESULT: {}
RESULT: {}
COMMAND: GET /session/d9a998879d5a0ca5d611ed7923943cd8/screenshot - {}
RESULT: {}
COMMAND: POST /session/d9a998879d5a0ca5d611ed7923943cd8/execute/async - {"script":"<script> [1562 bytes]","args":[{"selector":{"id":"application-managepartners-display-component---NewPartner--addressDetailDetailsCity1","interaction":{"idSuffix":"inner"}},"wdio_ui5_key":"applicationmanagepartners-display-component---NewPartner--addressDetailDetailsCity1"}]}
RESULT: {"script":"<script> [1562 bytes]","args":[{"selector":{"id":"application-managepartners-display-component---NewPartner--addressDetailDetailsCity1","interaction":{"idSuffix":"inner"}},"wdio_ui5_key":"applicationmanagepartners-display-component---NewPartner--addressDetailDetailsCity1"}]}
RESULT: undefined
COMMAND: POST /session/d9a998879d5a0ca5d611ed7923943cd8/execute/async - {"script":"<script> [776 bytes]","args":[{"enterText":"Rosario","selector":{"id":"application-managepartners-display-component---NewPartner--addressDetailDetailsCity1","interaction":{"idSuffix":"inner"}},"clearTextFirst":true,"interactionType":"ENTER_TEXT"}]}
RESULT: {"script":"<script> [776 bytes]","args":[{"enterText":"Rosario","selector":{"id":"application-managepartners-display-component---NewPartner--addressDetailDetailsCity1","interaction":{"idSuffix":"inner"}},"clearTextFirst":true,"interactionType":"ENTER_TEXT"}]}
COMMAND: POST /session/d9a998879d5a0ca5d611ed7923943cd8/execute/async - {"script":"<script> [1562 bytes]","args":[{"selector":{"id":"application-managepartners-display-component---NewPartner--addressDetailDetailsCountry-arrow"},"wdio_ui5_key":"applicationmanagepartners-display-component---NewPartner--addressDetailDetailsCountry-arrow"}]}
RESULT: {"script":"<script> [1562 bytes]","args":[{"selector":{"id":"application-managepartners-display-component---NewPartner--addressDetailDetailsCountry-arrow"},"wdio_ui5_key":"applicationmanagepartners-display-component---NewPartner--addressDetailDetailsCountry-arrow"}]}
RESULT: undefined
COMMAND: POST /session/d9a998879d5a0ca5d611ed7923943cd8/element - {"using":"xpath","value":"//*[@id=\"application-managepartners-display-component---NewPartner--addressDetailDetailsCountry-arrow\"]"}
RESULT: {"using":"xpath","value":"//*[@id=\"application-managepartners-display-component---NewPartner--addressDetailDetailsCountry-arrow\"]"}
COMMAND: POST /session/d9a998879d5a0ca5d611ed7923943cd8/element/f.176CCEC0CFC1BEF50F2A214319D4C569.d.5DD68870CC2FD91A0AE0EAAE2A7B4A47.e.2964/click - {}
RESULT: {}
COMMAND: POST /session/d9a998879d5a0ca5d611ed7923943cd8/element - {"using":"xpath","value":"//span[contains(text(), \"Argentina\")]"}
COMMAND: GET /session/d9a998879d5a0ca5d611ed7923943cd8/screenshot - {}
RESULT: {"using":"xpath","value":"//span[contains(text(), \"Argentina\")]"}
COMMAND: POST /session/d9a998879d5a0ca5d611ed7923943cd8/element/f.176CCEC0CFC1BEF50F2A214319D4C569.d.5DD68870CC2FD91A0AE0EAAE2A7B4A47.e.2980/click - {}
RESULT: {}
RESULT: {}
COMMAND: GET /session/d9a998879d5a0ca5d611ed7923943cd8/screenshot - {}
RESULT: {}
COMMAND: POST /session/d9a998879d5a0ca5d611ed7923943cd8/element - {"using":"xpath","value":"//bdi[contains(text(), \"Commercial\")]"}
RESULT: {"using":"xpath","value":"//bdi[contains(text(), \"Commercial\")]"}
COMMAND: POST /session/d9a998879d5a0ca5d611ed7923943cd8/element/f.176CCEC0CFC1BEF50F2A214319D4C569.d.5DD68870CC2FD91A0AE0EAAE2A7B4A47.e.2981/click - {}
RESULT: {}
COMMAND: GET /session/d9a998879d5a0ca5d611ed7923943cd8/screenshot - {}
RESULT: {}
COMMAND: POST /session/d9a998879d5a0ca5d611ed7923943cd8/execute/async - {"script":"<script> [1562 bytes]","args":[{"selector":{"id":"application-managepartners-display-component---NewPartner--partnerDetailInternal-arrow"},"wdio_ui5_key":"applicationmanagepartners-display-component---NewPartner--partnerDetailInternal-arrow"}]}
RESULT: {"script":"<script> [1562 bytes]","args":[{"selector":{"id":"application-managepartners-display-component---NewPartner--partnerDetailInternal-arrow"},"wdio_ui5_key":"applicationmanagepartners-display-component---NewPartner--partnerDetailInternal-arrow"}]}
RESULT: undefined
COMMAND: POST /session/d9a998879d5a0ca5d611ed7923943cd8/element - {"using":"xpath","value":"//*[@id=\"application-managepartners-display-component---NewPartner--partnerDetailInternal-arrow\"]"}
RESULT: {"using":"xpath","value":"//*[@id=\"application-managepartners-display-component---NewPartner--partnerDetailInternal-arrow\"]"}
COMMAND: POST /session/d9a998879d5a0ca5d611ed7923943cd8/element/f.176CCEC0CFC1BEF50F2A214319D4C569.d.5DD68870CC2FD91A0AE0EAAE2A7B4A47.e.2987/click - {}
RESULT: {}
COMMAND: POST /session/d9a998879d5a0ca5d611ed7923943cd8/element - {"using":"xpath","value":"//span[contains(text(), \"Affiliated company\")]"}
COMMAND: GET /session/d9a998879d5a0ca5d611ed7923943cd8/screenshot - {}
RESULT: {"using":"xpath","value":"//span[contains(text(), \"Affiliated company\")]"}
COMMAND: POST /session/d9a998879d5a0ca5d611ed7923943cd8/element/f.176CCEC0CFC1BEF50F2A214319D4C569.d.5DD68870CC2FD91A0AE0EAAE2A7B4A47.e.2988/click - {}
RESULT: {}
RESULT: {}
COMMAND: POST /session/d9a998879d5a0ca5d611ed7923943cd8/execute/async - {"script":"<script> [1562 bytes]","args":[{"selector":{"id":"application-managepartners-display-component---NewPartner--partnerDetailsCurrency-arrow"},"wdio_ui5_key":"applicationmanagepartners-display-component---NewPartner--partnerDetailsCurrency-arrow"}]}
COMMAND: GET /session/d9a998879d5a0ca5d611ed7923943cd8/screenshot - {}
RESULT: {"script":"<script> [1562 bytes]","args":[{"selector":{"id":"application-managepartners-display-component---NewPartner--partnerDetailsCurrency-arrow"},"wdio_ui5_key":"applicationmanagepartners-display-component---NewPartner--partnerDetailsCurrency-arrow"}]}
RESULT: undefined
COMMAND: POST /session/d9a998879d5a0ca5d611ed7923943cd8/element - {"using":"xpath","value":"//*[@id=\"application-managepartners-display-component---NewPartner--partnerDetailsCurrency-arrow\"]"}
RESULT: {}
RESULT: {"using":"xpath","value":"//*[@id=\"application-managepartners-display-component---NewPartner--partnerDetailsCurrency-arrow\"]"}
COMMAND: POST /session/d9a998879d5a0ca5d611ed7923943cd8/element/f.176CCEC0CFC1BEF50F2A214319D4C569.d.5DD68870CC2FD91A0AE0EAAE2A7B4A47.e.2995/click - {}
RESULT: {}
COMMAND: POST /session/d9a998879d5a0ca5d611ed7923943cd8/element - {"using":"xpath","value":"//span[contains(text(), \"Euro\")]"}
COMMAND: GET /session/d9a998879d5a0ca5d611ed7923943cd8/screenshot - {}
RESULT: {"using":"xpath","value":"//span[contains(text(), \"Euro\")]"}
COMMAND: POST /session/d9a998879d5a0ca5d611ed7923943cd8/element/f.176CCEC0CFC1BEF50F2A214319D4C569.d.5DD68870CC2FD91A0AE0EAAE2A7B4A47.e.2996/click - {}
RESULT: {}
RESULT: {}
COMMAND: POST /session/d9a998879d5a0ca5d611ed7923943cd8/execute/async - {"script":"<script> [1562 bytes]","args":[{"selector":{"id":"application-managepartners-display-component---NewPartner--addressEditDetailsCostObjectCstType-arrow"},"wdio_ui5_key":"applicationmanagepartners-display-component---NewPartner--addressEditDetailsCostObjectCstType-arrow"}]}
COMMAND: GET /session/d9a998879d5a0ca5d611ed7923943cd8/screenshot - {}
RESULT: {"script":"<script> [1562 bytes]","args":[{"selector":{"id":"application-managepartners-display-component---NewPartner--addressEditDetailsCostObjectCstType-arrow"},"wdio_ui5_key":"applicationmanagepartners-display-component---NewPartner--addressEditDetailsCostObjectCstType-arrow"}]}
RESULT: undefined
COMMAND: POST /session/d9a998879d5a0ca5d611ed7923943cd8/element - {"using":"xpath","value":"//*[@id=\"application-managepartners-display-component---NewPartner--addressEditDetailsCostObjectCstType-arrow\"]"}
RESULT: {}
RESULT: {"using":"xpath","value":"//*[@id=\"application-managepartners-display-component---NewPartner--addressEditDetailsCostObjectCstType-arrow\"]"}
COMMAND: POST /session/d9a998879d5a0ca5d611ed7923943cd8/element/f.176CCEC0CFC1BEF50F2A214319D4C569.d.5DD68870CC2FD91A0AE0EAAE2A7B4A47.e.2997/click - {}
RESULT: {}
COMMAND: POST /session/d9a998879d5a0ca5d611ed7923943cd8/element - {"using":"xpath","value":"//span[contains(text(), \"Cost Center\")]"}
COMMAND: GET /session/d9a998879d5a0ca5d611ed7923943cd8/screenshot - {}
RESULT: {"using":"xpath","value":"//span[contains(text(), \"Cost Center\")]"}
COMMAND: POST /session/d9a998879d5a0ca5d611ed7923943cd8/element/f.176CCEC0CFC1BEF50F2A214319D4C569.d.5DD68870CC2FD91A0AE0EAAE2A7B4A47.e.2998/click - {}
RESULT: {}
RESULT: {}
COMMAND: GET /session/d9a998879d5a0ca5d611ed7923943cd8/screenshot - {}
RESULT: {}
COMMAND: POST /session/d9a998879d5a0ca5d611ed7923943cd8/element - {"using":"xpath","value":"//span[@id=\"application-managepartners-display-component---NewPartner--addressNewCostObjectCstID-vhi\"]"}
RESULT: {"using":"xpath","value":"//span[@id=\"application-managepartners-display-component---NewPartner--addressNewCostObjectCstID-vhi\"]"}
COMMAND: POST /session/d9a998879d5a0ca5d611ed7923943cd8/execute/sync - {"script":"<script> [8489 bytes]","args":[{"element-6066-11e4-a52e-4f735466cecf":"f.176CCEC0CFC1BEF50F2A214319D4C569.d.5DD68870CC2FD91A0AE0EAAE2A7B4A47.e.3002","ELEMENT":"f.176CCEC0CFC1BEF50F2A214319D4C569.d.5DD68870CC2FD91A0AE0EAAE2A7B4A47.e.3002"}]}
RESULT: {"script":"<script> [8489 bytes]","args":[{"element-6066-11e4-a52e-4f735466cecf":"f.176CCEC0CFC1BEF50F2A214319D4C569.d.5DD68870CC2FD91A0AE0EAAE2A7B4A47.e.3002","ELEMENT":"f.176CCEC0CFC1BEF50F2A214319D4C569.d.5DD68870CC2FD91A0AE0EAAE2A7B4A47.e.3002"}]}
COMMAND: POST /session/d9a998879d5a0ca5d611ed7923943cd8/execute/async - {"script":"<script> [1562 bytes]","args":[{"selector":{"id":"application-managepartners-display-component---NewPartner--addressNewCostObjectCstID-vhi"},"wdio_ui5_key":"applicationmanagepartners-display-component---NewPartner--addressNewCostObjectCstID-vhi"}]}
COMMAND: GET /session/d9a998879d5a0ca5d611ed7923943cd8/screenshot - {}
RESULT: {"script":"<script> [1562 bytes]","args":[{"selector":{"id":"application-managepartners-display-component---NewPartner--addressNewCostObjectCstID-vhi"},"wdio_ui5_key":"applicationmanagepartners-display-component---NewPartner--addressNewCostObjectCstID-vhi"}]}
RESULT: undefined
COMMAND: POST /session/d9a998879d5a0ca5d611ed7923943cd8/element - {"using":"xpath","value":"//*[@id=\"application-managepartners-display-component---NewPartner--addressNewCostObjectCstID-vhi\"]"}
RESULT: {}
RESULT: {"using":"xpath","value":"//*[@id=\"application-managepartners-display-component---NewPartner--addressNewCostObjectCstID-vhi\"]"}
COMMAND: POST /session/d9a998879d5a0ca5d611ed7923943cd8/element/f.176CCEC0CFC1BEF50F2A214319D4C569.d.5DD68870CC2FD91A0AE0EAAE2A7B4A47.e.3002/click - {}
RESULT: {}
COMMAND: GET /session/d9a998879d5a0ca5d611ed7923943cd8/screenshot - {}
RESULT: {}
COMMAND: POST /session/d9a998879d5a0ca5d611ed7923943cd8/execute/async - {"script":"<script> [1562 bytes]","args":[{"selector":{"controlType":"sap.m.SearchField","properties":{"placeholder":"Search"},"searchOpenDialogs":true,"interaction":{"idSuffix":"I"}},"wdio_ui5_key":"sapm.SearchField{\"placeholder\":\"Search\"}"}]}
RESULT: {"script":"<script> [1562 bytes]","args":[{"selector":{"controlType":"sap.m.SearchField","properties":{"placeholder":"Search"},"searchOpenDialogs":true,"interaction":{"idSuffix":"I"}},"wdio_ui5_key":"sapm.SearchField{\"placeholder\":\"Search\"}"}]}
RESULT: undefined
COMMAND: POST /session/d9a998879d5a0ca5d611ed7923943cd8/execute/async - {"script":"<script> [776 bytes]","args":[{"enterText":"10001013","selector":{"controlType":"sap.m.SearchField","properties":{"placeholder":"Search"},"searchOpenDialogs":true,"interaction":{"idSuffix":"I"}},"clearTextFirst":true,"interactionType":"ENTER_TEXT"}]}
RESULT: {"script":"<script> [776 bytes]","args":[{"enterText":"10001013","selector":{"controlType":"sap.m.SearchField","properties":{"placeholder":"Search"},"searchOpenDialogs":true,"interaction":{"idSuffix":"I"}},"clearTextFirst":true,"interactionType":"ENTER_TEXT"}]}
COMMAND: POST /session/d9a998879d5a0ca5d611ed7923943cd8/actions - {"actions":[{"id":"action5","type":"key","parameters":{},"actions":[{"type":"keyDown","value":"î€‡"},{"type":"pause","duration":10},{"type":"keyUp","value":"î€‡"}]}]}
RESULT: {"actions":[{"id":"action5","type":"key","parameters":{},"actions":[{"type":"keyDown","value":"î€‡"},{"type":"pause","duration":10},{"type":"keyUp","value":"î€‡"}]}]}
COMMAND: GET /session/d9a998879d5a0ca5d611ed7923943cd8/screenshot - {}
RESULT: {}
COMMAND: POST /session/d9a998879d5a0ca5d611ed7923943cd8/element - {"using":"xpath","value":"//span[contains(text(), \"General Management\")]"}
RESULT: {"using":"xpath","value":"//span[contains(text(), \"General Management\")]"}
COMMAND: POST /session/d9a998879d5a0ca5d611ed7923943cd8/element/f.176CCEC0CFC1BEF50F2A214319D4C569.d.5DD68870CC2FD91A0AE0EAAE2A7B4A47.e.3045/click - {}
RESULT: {}
COMMAND: GET /session/d9a998879d5a0ca5d611ed7923943cd8/screenshot - {}
RESULT: {}
COMMAND: POST /session/d9a998879d5a0ca5d611ed7923943cd8/element - {"using":"xpath","value":"//bdi[contains(text(), \"OK\")]"}
RESULT: {"using":"xpath","value":"//bdi[contains(text(), \"OK\")]"}
COMMAND: POST /session/d9a998879d5a0ca5d611ed7923943cd8/element/f.176CCEC0CFC1BEF50F2A214319D4C569.d.5DD68870CC2FD91A0AE0EAAE2A7B4A47.e.3046/click - {}
RESULT: {}
COMMAND: GET /session/d9a998879d5a0ca5d611ed7923943cd8/screenshot - {}
RESULT: {}
COMMAND: POST /session/d9a998879d5a0ca5d611ed7923943cd8/element - {"using":"xpath","value":"//input[@id=\"application-managepartners-display-component---NewPartner--companyCodeComboBox-inner\"]"}
RESULT: {"using":"xpath","value":"//input[@id=\"application-managepartners-display-component---NewPartner--companyCodeComboBox-inner\"]"}
COMMAND: POST /session/d9a998879d5a0ca5d611ed7923943cd8/element/f.176CCEC0CFC1BEF50F2A214319D4C569.d.5DD68870CC2FD91A0AE0EAAE2A7B4A47.e.2832/clear - {}
RESULT: {}
COMMAND: POST /session/d9a998879d5a0ca5d611ed7923943cd8/element/f.176CCEC0CFC1BEF50F2A214319D4C569.d.5DD68870CC2FD91A0AE0EAAE2A7B4A47.e.2832/value - {"text":"C002"}
COMMAND: GET /session/d9a998879d5a0ca5d611ed7923943cd8/screenshot - {}
RESULT: {"text":"C002"}
COMMAND: GET /session/d9a998879d5a0ca5d611ed7923943cd8/screenshot - {}
RESULT: {}
RESULT: {}
COMMAND: POST /session/d9a998879d5a0ca5d611ed7923943cd8/element - {"using":"xpath","value":"//span[contains(text(), \"C002\")]"}
RESULT: {"using":"xpath","value":"//span[contains(text(), \"C002\")]"}
COMMAND: POST /session/d9a998879d5a0ca5d611ed7923943cd8/element/f.176CCEC0CFC1BEF50F2A214319D4C569.d.5DD68870CC2FD91A0AE0EAAE2A7B4A47.e.3052/click - {}
RESULT: {}
COMMAND: GET /session/d9a998879d5a0ca5d611ed7923943cd8/screenshot - {}
RESULT: {}
COMMAND: POST /session/d9a998879d5a0ca5d611ed7923943cd8/execute/async - {"script":"<script> [1562 bytes]","args":[{"selector":{"id":"application-managepartners-display-component---NewPartner--btnAddTableRow-img"},"wdio_ui5_key":"applicationmanagepartners-display-component---NewPartner--btnAddTableRow-img"}]}
RESULT: {"script":"<script> [1562 bytes]","args":[{"selector":{"id":"application-managepartners-display-component---NewPartner--btnAddTableRow-img"},"wdio_ui5_key":"applicationmanagepartners-display-component---NewPartner--btnAddTableRow-img"}]}
RESULT: undefined
COMMAND: POST /session/d9a998879d5a0ca5d611ed7923943cd8/element - {"using":"xpath","value":"//*[@id=\"application-managepartners-display-component---NewPartner--btnAddTableRow-img\"]"}
RESULT: {"using":"xpath","value":"//*[@id=\"application-managepartners-display-component---NewPartner--btnAddTableRow-img\"]"}
COMMAND: POST /session/d9a998879d5a0ca5d611ed7923943cd8/element/f.176CCEC0CFC1BEF50F2A214319D4C569.d.5DD68870CC2FD91A0AE0EAAE2A7B4A47.e.3053/click - {}
RESULT: {}
COMMAND: GET /session/d9a998879d5a0ca5d611ed7923943cd8/screenshot - {}
RESULT: {}
COMMAND: POST /session/d9a998879d5a0ca5d611ed7923943cd8/element - {"using":"xpath","value":"//input[@id=\"application-managepartners-display-component---NewPartner--assignmentYard-application-managepartners-display-component---NewPartner--assignmentsTable-0-inner\"]"}
RESULT: {"using":"xpath","value":"//input[@id=\"application-managepartners-display-component---NewPartner--assignmentYard-application-managepartners-display-component---NewPartner--assignmentsTable-0-inner\"]"}
COMMAND: POST /session/d9a998879d5a0ca5d611ed7923943cd8/element/f.176CCEC0CFC1BEF50F2A214319D4C569.d.5DD68870CC2FD91A0AE0EAAE2A7B4A47.e.3056/clear - {}
RESULT: {}
COMMAND: POST /session/d9a998879d5a0ca5d611ed7923943cd8/element/f.176CCEC0CFC1BEF50F2A214319D4C569.d.5DD68870CC2FD91A0AE0EAAE2A7B4A47.e.3056/value - {"text":"232"}
COMMAND: GET /session/d9a998879d5a0ca5d611ed7923943cd8/screenshot - {}
RESULT: {"text":"232"}
COMMAND: GET /session/d9a998879d5a0ca5d611ed7923943cd8/screenshot - {}
RESULT: {}
RESULT: {}
COMMAND: POST /session/d9a998879d5a0ca5d611ed7923943cd8/element - {"using":"xpath","value":"//li[.//span[text()='232']]"}
RESULT: {"using":"xpath","value":"//li[.//span[text()='232']]"}
COMMAND: POST /session/d9a998879d5a0ca5d611ed7923943cd8/element/f.176CCEC0CFC1BEF50F2A214319D4C569.d.5DD68870CC2FD91A0AE0EAAE2A7B4A47.e.3065/click - {}
RESULT: {}
COMMAND: GET /session/d9a998879d5a0ca5d611ed7923943cd8/screenshot - {}
RESULT: {}
COMMAND: POST /session/d9a998879d5a0ca5d611ed7923943cd8/actions - {"actions":[{"id":"action6","type":"key","parameters":{},"actions":[{"type":"keyDown","value":"î€‡"},{"type":"pause","duration":10},{"type":"keyUp","value":"î€‡"}]}]}
RESULT: {"actions":[{"id":"action6","type":"key","parameters":{},"actions":[{"type":"keyDown","value":"î€‡"},{"type":"pause","duration":10},{"type":"keyUp","value":"î€‡"}]}]}
COMMAND: POST /session/d9a998879d5a0ca5d611ed7923943cd8/execute/async - {"script":"<script> [1562 bytes]","args":[{"selector":{"id":"application-managepartners-display-component---NewPartner--externalCustomerComboBox-application-managepartners-display-component---NewPartner--assignmentsTable-0-vhi"},"wdio_ui5_key":"applicationmanagepartners-display-component---NewPartner--externalCustomerComboBox-application-managepartners-display-component---NewPartner--assignmentsTable-0-vhi"}]}
COMMAND: GET /session/d9a998879d5a0ca5d611ed7923943cd8/screenshot - {}
RESULT: {"script":"<script> [1562 bytes]","args":[{"selector":{"id":"application-managepartners-display-component---NewPartner--externalCustomerComboBox-application-managepartners-display-component---NewPartner--assignmentsTable-0-vhi"},"wdio_ui5_key":"applicationmanagepartners-display-component---NewPartner--externalCustomerComboBox-application-managepartners-display-component---NewPartner--assignmentsTable-0-vhi"}]}
RESULT: undefined
COMMAND: POST /session/d9a998879d5a0ca5d611ed7923943cd8/element - {"using":"xpath","value":"//*[@id=\"application-managepartners-display-component---NewPartner--externalCustomerComboBox-application-managepartners-display-component---NewPartner--assignmentsTable-0-vhi\"]"}
RESULT: {}
RESULT: {"using":"xpath","value":"//*[@id=\"application-managepartners-display-component---NewPartner--externalCustomerComboBox-application-managepartners-display-component---NewPartner--assignmentsTable-0-vhi\"]"}
COMMAND: POST /session/d9a998879d5a0ca5d611ed7923943cd8/element/f.176CCEC0CFC1BEF50F2A214319D4C569.d.5DD68870CC2FD91A0AE0EAAE2A7B4A47.e.3069/click - {}
RESULT: {}
RESULT: undefined
COMMAND: POST /session/d9a998879d5a0ca5d611ed7923943cd8/execute/async - {"script":"<script> [776 bytes]","args":[{"enterText":"300003","selector":{"controlType":"sap.m.SearchField","properties":{"placeholder":"Search"},"searchOpenDialogs":true,"interaction":{"idSuffix":"I"}},"clearTextFirst":true,"interactionType":"ENTER_TEXT"}]}
COMMAND: GET /session/d9a998879d5a0ca5d611ed7923943cd8/screenshot - {}
RESULT: {"script":"<script> [776 bytes]","args":[{"enterText":"300003","selector":{"controlType":"sap.m.SearchField","properties":{"placeholder":"Search"},"searchOpenDialogs":true,"interaction":{"idSuffix":"I"}},"clearTextFirst":true,"interactionType":"ENTER_TEXT"}]}
COMMAND: POST /session/d9a998879d5a0ca5d611ed7923943cd8/actions - {"actions":[{"id":"action7","type":"key","parameters":{},"actions":[{"type":"keyDown","value":"î€‡"},{"type":"pause","duration":10},{"type":"keyUp","value":"î€‡"}]}]}
RESULT: {}
RESULT: {"actions":[{"id":"action7","type":"key","parameters":{},"actions":[{"type":"keyDown","value":"î€‡"},{"type":"pause","duration":10},{"type":"keyUp","value":"î€‡"}]}]}
COMMAND: GET /session/d9a998879d5a0ca5d611ed7923943cd8/screenshot - {}
RESULT: {}
COMMAND: POST /session/d9a998879d5a0ca5d611ed7923943cd8/element - {"using":"xpath","value":"//span[contains(text(), \"300003\")]"}
RESULT: {"using":"xpath","value":"//span[contains(text(), \"300003\")]"}
COMMAND: POST /session/d9a998879d5a0ca5d611ed7923943cd8/element/f.176CCEC0CFC1BEF50F2A214319D4C569.d.5DD68870CC2FD91A0AE0EAAE2A7B4A47.e.3087/click - {}
RESULT: {}
COMMAND: GET /session/d9a998879d5a0ca5d611ed7923943cd8/screenshot - {}
RESULT: {}
COMMAND: POST /session/d9a998879d5a0ca5d611ed7923943cd8/element - {"using":"xpath","value":"//bdi[contains(text(), \"OK\")]"}
RESULT: {"using":"xpath","value":"//bdi[contains(text(), \"OK\")]"}
COMMAND: POST /session/d9a998879d5a0ca5d611ed7923943cd8/element/f.176CCEC0CFC1BEF50F2A214319D4C569.d.5DD68870CC2FD91A0AE0EAAE2A7B4A47.e.3089/click - {}
RESULT: {}
COMMAND: GET /session/d9a998879d5a0ca5d611ed7923943cd8/screenshot - {}
RESULT: {}
COMMAND: POST /session/d9a998879d5a0ca5d611ed7923943cd8/execute/async - {"script":"<script> [1562 bytes]","args":[{"selector":{"id":"application-managepartners-display-component---NewPartner--intercompVendorComboBox-application-managepartners-display-component---NewPartner--assignmentsTable-0-vhi"},"wdio_ui5_key":"applicationmanagepartners-display-component---NewPartner--intercompVendorComboBox-application-managepartners-display-component---NewPartner--assignmentsTable-0-vhi"}]}
RESULT: {"script":"<script> [1562 bytes]","args":[{"selector":{"id":"application-managepartners-display-component---NewPartner--intercompVendorComboBox-application-managepartners-display-component---NewPartner--assignmentsTable-0-vhi"},"wdio_ui5_key":"applicationmanagepartners-display-component---NewPartner--intercompVendorComboBox-application-managepartners-display-component---NewPartner--assignmentsTable-0-vhi"}]}
RESULT: undefined
COMMAND: POST /session/d9a998879d5a0ca5d611ed7923943cd8/element - {"using":"xpath","value":"//*[@id=\"application-managepartners-display-component---NewPartner--intercompVendorComboBox-application-managepartners-display-component---NewPartner--assignmentsTable-0-vhi\"]"}
RESULT: {"using":"xpath","value":"//*[@id=\"application-managepartners-display-component---NewPartner--intercompVendorComboBox-application-managepartners-display-component---NewPartner--assignmentsTable-0-vhi\"]"}
COMMAND: POST /session/d9a998879d5a0ca5d611ed7923943cd8/element/f.176CCEC0CFC1BEF50F2A214319D4C569.d.5DD68870CC2FD91A0AE0EAAE2A7B4A47.e.3092/click - {}
RESULT: {}
RESULT: undefined
COMMAND: POST /session/d9a998879d5a0ca5d611ed7923943cd8/execute/async - {"script":"<script> [776 bytes]","args":[{"enterText":"100005","selector":{"controlType":"sap.m.SearchField","properties":{"placeholder":"Search"},"searchOpenDialogs":true,"interaction":{"idSuffix":"I"}},"clearTextFirst":true,"interactionType":"ENTER_TEXT"}]}
COMMAND: GET /session/d9a998879d5a0ca5d611ed7923943cd8/screenshot - {}
RESULT: {"script":"<script> [776 bytes]","args":[{"enterText":"100005","selector":{"controlType":"sap.m.SearchField","properties":{"placeholder":"Search"},"searchOpenDialogs":true,"interaction":{"idSuffix":"I"}},"clearTextFirst":true,"interactionType":"ENTER_TEXT"}]}
COMMAND: POST /session/d9a998879d5a0ca5d611ed7923943cd8/actions - {"actions":[{"id":"action8","type":"key","parameters":{},"actions":[{"type":"keyDown","value":"î€‡"},{"type":"pause","duration":10},{"type":"keyUp","value":"î€‡"}]}]}
RESULT: {}
RESULT: {"actions":[{"id":"action8","type":"key","parameters":{},"actions":[{"type":"keyDown","value":"î€‡"},{"type":"pause","duration":10},{"type":"keyUp","value":"î€‡"}]}]}
COMMAND: GET /session/d9a998879d5a0ca5d611ed7923943cd8/screenshot - {}
RESULT: {}
COMMAND: POST /session/d9a998879d5a0ca5d611ed7923943cd8/element - {"using":"xpath","value":"//span[contains(text(), \"Penguins - Field/12345 Berlin\")]"}
RESULT: {"using":"xpath","value":"//span[contains(text(), \"Penguins - Field/12345 Berlin\")]"}
COMMAND: POST /session/d9a998879d5a0ca5d611ed7923943cd8/element/f.176CCEC0CFC1BEF50F2A214319D4C569.d.5DD68870CC2FD91A0AE0EAAE2A7B4A47.e.3108/click - {}
RESULT: {}
COMMAND: GET /session/d9a998879d5a0ca5d611ed7923943cd8/screenshot - {}
RESULT: {}
COMMAND: POST /session/d9a998879d5a0ca5d611ed7923943cd8/element - {"using":"xpath","value":"//bdi[contains(text(), \"OK\")]"}
RESULT: {"using":"xpath","value":"//bdi[contains(text(), \"OK\")]"}
COMMAND: POST /session/d9a998879d5a0ca5d611ed7923943cd8/element/f.176CCEC0CFC1BEF50F2A214319D4C569.d.5DD68870CC2FD91A0AE0EAAE2A7B4A47.e.3109/click - {}
RESULT: {}
COMMAND: GET /session/d9a998879d5a0ca5d611ed7923943cd8/screenshot - {}
RESULT: {}
COMMAND: POST /session/d9a998879d5a0ca5d611ed7923943cd8/element - {"using":"xpath","value":"//button[@data-kt=\"saveButton\"]"}
RESULT: {"using":"xpath","value":"//button[@data-kt=\"saveButton\"]"}
COMMAND: POST /session/d9a998879d5a0ca5d611ed7923943cd8/element/f.176CCEC0CFC1BEF50F2A214319D4C569.d.5DD68870CC2FD91A0AE0EAAE2A7B4A47.e.2914/click - {}
RESULT: {}
COMMAND: GET /session/d9a998879d5a0ca5d611ed7923943cd8/screenshot - {}
RESULT: {}
COMMAND: POST /session/d9a998879d5a0ca5d611ed7923943cd8/element - {"using":"xpath","value":"//header[contains(@id, 'ObjectPageLayout-headerTitle')]/div[1]/div[2]/div[2]/span[1]"}
RESULT: {"using":"xpath","value":"//header[contains(@id, 'ObjectPageLayout-headerTitle')]/div[1]/div[2]/div[2]/span[1]"}
COMMAND: POST /session/d9a998879d5a0ca5d611ed7923943cd8/elements - {"using":"xpath","value":"//header[contains(@id, 'ObjectPageLayout-headerTitle')]/div[1]/div[2]/div[2]/span[1]"}
RESULT: {"using":"xpath","value":"//header[contains(@id, 'ObjectPageLayout-headerTitle')]/div[1]/div[2]/div[2]/span[1]"}
COMMAND: POST /session/d9a998879d5a0ca5d611ed7923943cd8/execute/sync - {"script":"<script> [56 bytes]","args":[{"element-6066-11e4-a52e-4f735466cecf":"f.176CCEC0CFC1BEF50F2A214319D4C569.d.5DD68870CC2FD91A0AE0EAAE2A7B4A47.e.3257","ELEMENT":"f.176CCEC0CFC1BEF50F2A214319D4C569.d.5DD68870CC2FD91A0AE0EAAE2A7B4A47.e.3257"}]}
RESULT: {"script":"<script> [56 bytes]","args":[{"element-6066-11e4-a52e-4f735466cecf":"f.176CCEC0CFC1BEF50F2A214319D4C569.d.5DD68870CC2FD91A0AE0EAAE2A7B4A47.e.3257","ELEMENT":"f.176CCEC0CFC1BEF50F2A214319D4C569.d.5DD68870CC2FD91A0AE0EAAE2A7B4A47.e.3257"}]}
COMMAND: POST /session/d9a998879d5a0ca5d611ed7923943cd8/element - {"using":"css selector","value":"#shell-header-logo"}
COMMAND: GET /session/d9a998879d5a0ca5d611ed7923943cd8/screenshot - {}
RESULT: {"using":"css selector","value":"#shell-header-logo"}
COMMAND: POST /session/d9a998879d5a0ca5d611ed7923943cd8/element/f.176CCEC0CFC1BEF50F2A214319D4C569.d.5DD68870CC2FD91A0AE0EAAE2A7B4A47.e.2515/click - {}
RESULT: {}
RESULT: {}
COMMAND: GET /session/d9a998879d5a0ca5d611ed7923943cd8/screenshot - {}
RESULT: {}
COMMAND: POST /session/d9a998879d5a0ca5d611ed7923943cd8/execute/sync - {"script":"<script> [299 bytes]","args":[["getModel","getResource"]]}
RESULT: {"script":"<script> [299 bytes]","args":[["getModel","getResource"]]}
COMMAND: GET /session/d9a998879d5a0ca5d611ed7923943cd8/screenshot - {}
]]></system-out>
    </testcase>
    <testcase classname="chrome.135_0_7049_96.windows.Edit_and_delete_daily_price_US134629_US134627" name="Should create a new site used for following tests" time="76.329">
      <system-out><![CDATA[
COMMAND: POST /session/d9a998879d5a0ca5d611ed7923943cd8/execute/async - {"script":"<script> [1562 bytes]","args":[{"selector":{"controlType":"sap.m.TileContent","bindingPath":{"path":"","propertyPath":"/properties/info"},"ancestor":{"controlType":"sap.m.GenericTile","properties":{"header":"Manage Sites"}}},"wdio_ui5_key":"sapm.TileContent{\"path\":\"\",\"propertyPath\":\"/properties/info\"}{\"controlType\":\"sap.m.GenericTile\",\"properties\":{\"header\":\"Manage Sites\"}}"}]}
RESULT: {}
RESULT: {"script":"<script> [1562 bytes]","args":[{"selector":{"controlType":"sap.m.TileContent","bindingPath":{"path":"","propertyPath":"/properties/info"},"ancestor":{"controlType":"sap.m.GenericTile","properties":{"header":"Manage Sites"}}},"wdio_ui5_key":"sapm.TileContent{\"path\":\"\",\"propertyPath\":\"/properties/info\"}{\"controlType\":\"sap.m.GenericTile\",\"properties\":{\"header\":\"Manage Sites\"}}"}]}
RESULT: undefined
COMMAND: POST /session/d9a998879d5a0ca5d611ed7923943cd8/element - {"using":"xpath","value":"//*[@id=\"__xmlview7--numericTileContent\"]"}
RESULT: {"using":"xpath","value":"//*[@id=\"__xmlview7--numericTileContent\"]"}
COMMAND: POST /session/d9a998879d5a0ca5d611ed7923943cd8/element/f.176CCEC0CFC1BEF50F2A214319D4C569.d.5DD68870CC2FD91A0AE0EAAE2A7B4A47.e.3259/click - {}
RESULT: {}
COMMAND: POST /session/d9a998879d5a0ca5d611ed7923943cd8/element - {"using":"xpath","value":"//button[@data-kt=\"addOverflowToolbarButton\"]"}
COMMAND: GET /session/d9a998879d5a0ca5d611ed7923943cd8/screenshot - {}
RESULT: {"using":"xpath","value":"//button[@data-kt=\"addOverflowToolbarButton\"]"}
COMMAND: POST /session/d9a998879d5a0ca5d611ed7923943cd8/elements - {"using":"xpath","value":"//button[@data-kt=\"addOverflowToolbarButton\"]"}
RESULT: {}
RESULT: {"using":"xpath","value":"//button[@data-kt=\"addOverflowToolbarButton\"]"}
COMMAND: POST /session/d9a998879d5a0ca5d611ed7923943cd8/elements - {"using":"xpath","value":"//button[@data-kt=\"addOverflowToolbarButton\"]"}
RESULT: {"using":"xpath","value":"//button[@data-kt=\"addOverflowToolbarButton\"]"}
COMMAND: POST /session/d9a998879d5a0ca5d611ed7923943cd8/elements - {"using":"xpath","value":"//button[@data-kt=\"addOverflowToolbarButton\"]"}
RESULT: {"using":"xpath","value":"//button[@data-kt=\"addOverflowToolbarButton\"]"}
COMMAND: POST /session/d9a998879d5a0ca5d611ed7923943cd8/element - {"using":"xpath","value":"//button[@data-kt=\"addOverflowToolbarButton\"]"}
RESULT: {"using":"xpath","value":"//button[@data-kt=\"addOverflowToolbarButton\"]"}
COMMAND: POST /session/d9a998879d5a0ca5d611ed7923943cd8/execute/sync - {"script":"<script> [8489 bytes]","args":[{"element-6066-11e4-a52e-4f735466cecf":"f.176CCEC0CFC1BEF50F2A214319D4C569.d.5DD68870CC2FD91A0AE0EAAE2A7B4A47.e.3274","ELEMENT":"f.176CCEC0CFC1BEF50F2A214319D4C569.d.5DD68870CC2FD91A0AE0EAAE2A7B4A47.e.3274"}]}
RESULT: {"script":"<script> [8489 bytes]","args":[{"element-6066-11e4-a52e-4f735466cecf":"f.176CCEC0CFC1BEF50F2A214319D4C569.d.5DD68870CC2FD91A0AE0EAAE2A7B4A47.e.3274","ELEMENT":"f.176CCEC0CFC1BEF50F2A214319D4C569.d.5DD68870CC2FD91A0AE0EAAE2A7B4A47.e.3274"}]}
COMMAND: GET /session/d9a998879d5a0ca5d611ed7923943cd8/element/f.176CCEC0CFC1BEF50F2A214319D4C569.d.5DD68870CC2FD91A0AE0EAAE2A7B4A47.e.3274/enabled - {}
COMMAND: GET /session/d9a998879d5a0ca5d611ed7923943cd8/screenshot - {}
RESULT: {}
COMMAND: POST /session/d9a998879d5a0ca5d611ed7923943cd8/execute/sync - {"script":"<script> [8489 bytes]","args":[{"element-6066-11e4-a52e-4f735466cecf":"f.176CCEC0CFC1BEF50F2A214319D4C569.d.5DD68870CC2FD91A0AE0EAAE2A7B4A47.e.3274","ELEMENT":"f.176CCEC0CFC1BEF50F2A214319D4C569.d.5DD68870CC2FD91A0AE0EAAE2A7B4A47.e.3274"}]}
COMMAND: GET /session/d9a998879d5a0ca5d611ed7923943cd8/screenshot - {}
RESULT: {}
RESULT: {"script":"<script> [8489 bytes]","args":[{"element-6066-11e4-a52e-4f735466cecf":"f.176CCEC0CFC1BEF50F2A214319D4C569.d.5DD68870CC2FD91A0AE0EAAE2A7B4A47.e.3274","ELEMENT":"f.176CCEC0CFC1BEF50F2A214319D4C569.d.5DD68870CC2FD91A0AE0EAAE2A7B4A47.e.3274"}]}
COMMAND: POST /session/d9a998879d5a0ca5d611ed7923943cd8/execute/sync - {"script":"<script> [5351 bytes]","args":[{"element-6066-11e4-a52e-4f735466cecf":"f.176CCEC0CFC1BEF50F2A214319D4C569.d.5DD68870CC2FD91A0AE0EAAE2A7B4A47.e.3274","ELEMENT":"f.176CCEC0CFC1BEF50F2A214319D4C569.d.5DD68870CC2FD91A0AE0EAAE2A7B4A47.e.3274"}]}
COMMAND: GET /session/d9a998879d5a0ca5d611ed7923943cd8/screenshot - {}
RESULT: {}
RESULT: {"script":"<script> [5351 bytes]","args":[{"element-6066-11e4-a52e-4f735466cecf":"f.176CCEC0CFC1BEF50F2A214319D4C569.d.5DD68870CC2FD91A0AE0EAAE2A7B4A47.e.3274","ELEMENT":"f.176CCEC0CFC1BEF50F2A214319D4C569.d.5DD68870CC2FD91A0AE0EAAE2A7B4A47.e.3274"}]}
COMMAND: POST /session/d9a998879d5a0ca5d611ed7923943cd8/element/f.176CCEC0CFC1BEF50F2A214319D4C569.d.5DD68870CC2FD91A0AE0EAAE2A7B4A47.e.3274/click - {}
COMMAND: GET /session/d9a998879d5a0ca5d611ed7923943cd8/screenshot - {}
RESULT: {}
RESULT: {}
COMMAND: GET /session/d9a998879d5a0ca5d611ed7923943cd8/screenshot - {}
RESULT: {}
COMMAND: POST /session/d9a998879d5a0ca5d611ed7923943cd8/execute/async - {"script":"<script> [1562 bytes]","args":[{"selector":{"id":"application-managesites-display-component---NewSite--addressDetailDetailsName1","interaction":{"idSuffix":"inner"}},"wdio_ui5_key":"applicationmanagesites-display-component---NewSite--addressDetailDetailsName1"}]}
RESULT: {}
RESULT: {"script":"<script> [1562 bytes]","args":[{"selector":{"id":"application-managesites-display-component---NewSite--addressDetailDetailsName1","interaction":{"idSuffix":"inner"}},"wdio_ui5_key":"applicationmanagesites-display-component---NewSite--addressDetailDetailsName1"}]}
RESULT: undefined
COMMAND: POST /session/d9a998879d5a0ca5d611ed7923943cd8/execute/async - {"script":"<script> [776 bytes]","args":[{"enterText":"DailyPrice WDIO","selector":{"id":"application-managesites-display-component---NewSite--addressDetailDetailsName1","interaction":{"idSuffix":"inner"}},"clearTextFirst":true,"interactionType":"ENTER_TEXT"}]}
RESULT: {"script":"<script> [776 bytes]","args":[{"enterText":"DailyPrice WDIO","selector":{"id":"application-managesites-display-component---NewSite--addressDetailDetailsName1","interaction":{"idSuffix":"inner"}},"clearTextFirst":true,"interactionType":"ENTER_TEXT"}]}
COMMAND: POST /session/d9a998879d5a0ca5d611ed7923943cd8/execute/async - {"script":"<script> [1562 bytes]","args":[{"selector":{"id":"application-managesites-display-component---NewSite--addressDetailDetailsLanguage-arrow"},"wdio_ui5_key":"applicationmanagesites-display-component---NewSite--addressDetailDetailsLanguage-arrow"}]}
RESULT: {"script":"<script> [1562 bytes]","args":[{"selector":{"id":"application-managesites-display-component---NewSite--addressDetailDetailsLanguage-arrow"},"wdio_ui5_key":"applicationmanagesites-display-component---NewSite--addressDetailDetailsLanguage-arrow"}]}
RESULT: undefined
COMMAND: POST /session/d9a998879d5a0ca5d611ed7923943cd8/element - {"using":"xpath","value":"//*[@id=\"application-managesites-display-component---NewSite--addressDetailDetailsLanguage-arrow\"]"}
RESULT: {"using":"xpath","value":"//*[@id=\"application-managesites-display-component---NewSite--addressDetailDetailsLanguage-arrow\"]"}
COMMAND: POST /session/d9a998879d5a0ca5d611ed7923943cd8/element/f.176CCEC0CFC1BEF50F2A214319D4C569.d.5DD68870CC2FD91A0AE0EAAE2A7B4A47.e.3746/click - {}
RESULT: {}
COMMAND: POST /session/d9a998879d5a0ca5d611ed7923943cd8/element - {"using":"xpath","value":"//span[contains(text(), \"English\")]"}
COMMAND: GET /session/d9a998879d5a0ca5d611ed7923943cd8/screenshot - {}
RESULT: {"using":"xpath","value":"//span[contains(text(), \"English\")]"}
COMMAND: POST /session/d9a998879d5a0ca5d611ed7923943cd8/element/f.176CCEC0CFC1BEF50F2A214319D4C569.d.5DD68870CC2FD91A0AE0EAAE2A7B4A47.e.3747/click - {}
RESULT: {}
RESULT: {}
COMMAND: POST /session/d9a998879d5a0ca5d611ed7923943cd8/execute/async - {"script":"<script> [1562 bytes]","args":[{"selector":{"id":"application-managesites-display-component---NewSite--addressDetailDetailsCity1","interaction":{"idSuffix":"inner"}},"wdio_ui5_key":"applicationmanagesites-display-component---NewSite--addressDetailDetailsCity1"}]}
COMMAND: GET /session/d9a998879d5a0ca5d611ed7923943cd8/screenshot - {}
RESULT: {"script":"<script> [1562 bytes]","args":[{"selector":{"id":"application-managesites-display-component---NewSite--addressDetailDetailsCity1","interaction":{"idSuffix":"inner"}},"wdio_ui5_key":"applicationmanagesites-display-component---NewSite--addressDetailDetailsCity1"}]}
RESULT: undefined
COMMAND: POST /session/d9a998879d5a0ca5d611ed7923943cd8/execute/async - {"script":"<script> [776 bytes]","args":[{"enterText":"Rosario","selector":{"id":"application-managesites-display-component---NewSite--addressDetailDetailsCity1","interaction":{"idSuffix":"inner"}},"clearTextFirst":true,"interactionType":"ENTER_TEXT"}]}
RESULT: {}
RESULT: {"script":"<script> [776 bytes]","args":[{"enterText":"Rosario","selector":{"id":"application-managesites-display-component---NewSite--addressDetailDetailsCity1","interaction":{"idSuffix":"inner"}},"clearTextFirst":true,"interactionType":"ENTER_TEXT"}]}
COMMAND: POST /session/d9a998879d5a0ca5d611ed7923943cd8/execute/async - {"script":"<script> [1562 bytes]","args":[{"selector":{"id":"application-managesites-display-component---NewSite--addressDetailDetailsCountry-arrow"},"wdio_ui5_key":"applicationmanagesites-display-component---NewSite--addressDetailDetailsCountry-arrow"}]}
RESULT: {"script":"<script> [1562 bytes]","args":[{"selector":{"id":"application-managesites-display-component---NewSite--addressDetailDetailsCountry-arrow"},"wdio_ui5_key":"applicationmanagesites-display-component---NewSite--addressDetailDetailsCountry-arrow"}]}
RESULT: undefined
COMMAND: POST /session/d9a998879d5a0ca5d611ed7923943cd8/element - {"using":"xpath","value":"//*[@id=\"application-managesites-display-component---NewSite--addressDetailDetailsCountry-arrow\"]"}
RESULT: {"using":"xpath","value":"//*[@id=\"application-managesites-display-component---NewSite--addressDetailDetailsCountry-arrow\"]"}
COMMAND: POST /session/d9a998879d5a0ca5d611ed7923943cd8/element/f.176CCEC0CFC1BEF50F2A214319D4C569.d.5DD68870CC2FD91A0AE0EAAE2A7B4A47.e.3749/click - {}
RESULT: {}
COMMAND: POST /session/d9a998879d5a0ca5d611ed7923943cd8/element - {"using":"xpath","value":"//span[contains(text(), \"Argentina\")]"}
COMMAND: GET /session/d9a998879d5a0ca5d611ed7923943cd8/screenshot - {}
RESULT: {"using":"xpath","value":"//span[contains(text(), \"Argentina\")]"}
COMMAND: POST /session/d9a998879d5a0ca5d611ed7923943cd8/element/f.176CCEC0CFC1BEF50F2A214319D4C569.d.5DD68870CC2FD91A0AE0EAAE2A7B4A47.e.3750/click - {}
RESULT: {}
RESULT: {}
COMMAND: GET /session/d9a998879d5a0ca5d611ed7923943cd8/screenshot - {}
RESULT: {}
COMMAND: POST /session/d9a998879d5a0ca5d611ed7923943cd8/execute/async - {"script":"<script> [1562 bytes]","args":[{"selector":{"id":"application-managesites-display-component---NewSite--addressEditDetailsCostObjectCstType-arrow"},"wdio_ui5_key":"applicationmanagesites-display-component---NewSite--addressEditDetailsCostObjectCstType-arrow"}]}
RESULT: {"script":"<script> [1562 bytes]","args":[{"selector":{"id":"application-managesites-display-component---NewSite--addressEditDetailsCostObjectCstType-arrow"},"wdio_ui5_key":"applicationmanagesites-display-component---NewSite--addressEditDetailsCostObjectCstType-arrow"}]}
RESULT: undefined
COMMAND: POST /session/d9a998879d5a0ca5d611ed7923943cd8/element - {"using":"xpath","value":"//*[@id=\"application-managesites-display-component---NewSite--addressEditDetailsCostObjectCstType-arrow\"]"}
RESULT: {"using":"xpath","value":"//*[@id=\"application-managesites-display-component---NewSite--addressEditDetailsCostObjectCstType-arrow\"]"}
COMMAND: POST /session/d9a998879d5a0ca5d611ed7923943cd8/element/f.176CCEC0CFC1BEF50F2A214319D4C569.d.5DD68870CC2FD91A0AE0EAAE2A7B4A47.e.3752/click - {}
RESULT: {}
COMMAND: POST /session/d9a998879d5a0ca5d611ed7923943cd8/element - {"using":"xpath","value":"//span[contains(text(), \"Cost Center\")]"}
COMMAND: GET /session/d9a998879d5a0ca5d611ed7923943cd8/screenshot - {}
RESULT: {"using":"xpath","value":"//span[contains(text(), \"Cost Center\")]"}
COMMAND: POST /session/d9a998879d5a0ca5d611ed7923943cd8/element/f.176CCEC0CFC1BEF50F2A214319D4C569.d.5DD68870CC2FD91A0AE0EAAE2A7B4A47.e.3753/click - {}
RESULT: {}
RESULT: {}
COMMAND: GET /session/d9a998879d5a0ca5d611ed7923943cd8/screenshot - {}
RESULT: {}
COMMAND: POST /session/d9a998879d5a0ca5d611ed7923943cd8/element - {"using":"xpath","value":"//span[@id=\"application-managesites-display-component---NewSite--addressNewCostObjectCstID-vhi\"]"}
RESULT: {"using":"xpath","value":"//span[@id=\"application-managesites-display-component---NewSite--addressNewCostObjectCstID-vhi\"]"}
COMMAND: POST /session/d9a998879d5a0ca5d611ed7923943cd8/execute/sync - {"script":"<script> [8489 bytes]","args":[{"element-6066-11e4-a52e-4f735466cecf":"f.176CCEC0CFC1BEF50F2A214319D4C569.d.5DD68870CC2FD91A0AE0EAAE2A7B4A47.e.3758","ELEMENT":"f.176CCEC0CFC1BEF50F2A214319D4C569.d.5DD68870CC2FD91A0AE0EAAE2A7B4A47.e.3758"}]}
RESULT: {"script":"<script> [8489 bytes]","args":[{"element-6066-11e4-a52e-4f735466cecf":"f.176CCEC0CFC1BEF50F2A214319D4C569.d.5DD68870CC2FD91A0AE0EAAE2A7B4A47.e.3758","ELEMENT":"f.176CCEC0CFC1BEF50F2A214319D4C569.d.5DD68870CC2FD91A0AE0EAAE2A7B4A47.e.3758"}]}
COMMAND: POST /session/d9a998879d5a0ca5d611ed7923943cd8/execute/async - {"script":"<script> [1562 bytes]","args":[{"selector":{"id":"application-managesites-display-component---NewSite--addressNewCostObjectCstID-vhi"},"wdio_ui5_key":"applicationmanagesites-display-component---NewSite--addressNewCostObjectCstID-vhi"}]}
COMMAND: GET /session/d9a998879d5a0ca5d611ed7923943cd8/screenshot - {}
RESULT: {"script":"<script> [1562 bytes]","args":[{"selector":{"id":"application-managesites-display-component---NewSite--addressNewCostObjectCstID-vhi"},"wdio_ui5_key":"applicationmanagesites-display-component---NewSite--addressNewCostObjectCstID-vhi"}]}
RESULT: undefined
COMMAND: POST /session/d9a998879d5a0ca5d611ed7923943cd8/element - {"using":"xpath","value":"//*[@id=\"application-managesites-display-component---NewSite--addressNewCostObjectCstID-vhi\"]"}
RESULT: {}
RESULT: {"using":"xpath","value":"//*[@id=\"application-managesites-display-component---NewSite--addressNewCostObjectCstID-vhi\"]"}
COMMAND: POST /session/d9a998879d5a0ca5d611ed7923943cd8/element/f.176CCEC0CFC1BEF50F2A214319D4C569.d.5DD68870CC2FD91A0AE0EAAE2A7B4A47.e.3758/click - {}
RESULT: {}
COMMAND: GET /session/d9a998879d5a0ca5d611ed7923943cd8/screenshot - {}
RESULT: {}
RESULT: undefined
COMMAND: POST /session/d9a998879d5a0ca5d611ed7923943cd8/execute/async - {"script":"<script> [776 bytes]","args":[{"enterText":"10001013","selector":{"controlType":"sap.m.SearchField","properties":{"placeholder":"Search"},"searchOpenDialogs":true,"interaction":{"idSuffix":"I"}},"clearTextFirst":true,"interactionType":"ENTER_TEXT"}]}
RESULT: {"script":"<script> [776 bytes]","args":[{"enterText":"10001013","selector":{"controlType":"sap.m.SearchField","properties":{"placeholder":"Search"},"searchOpenDialogs":true,"interaction":{"idSuffix":"I"}},"clearTextFirst":true,"interactionType":"ENTER_TEXT"}]}
COMMAND: POST /session/d9a998879d5a0ca5d611ed7923943cd8/actions - {"actions":[{"id":"action9","type":"key","parameters":{},"actions":[{"type":"keyDown","value":"î€‡"},{"type":"pause","duration":10},{"type":"keyUp","value":"î€‡"}]}]}
RESULT: {"actions":[{"id":"action9","type":"key","parameters":{},"actions":[{"type":"keyDown","value":"î€‡"},{"type":"pause","duration":10},{"type":"keyUp","value":"î€‡"}]}]}
COMMAND: GET /session/d9a998879d5a0ca5d611ed7923943cd8/screenshot - {}
RESULT: {}
COMMAND: POST /session/d9a998879d5a0ca5d611ed7923943cd8/element - {"using":"xpath","value":"//span[contains(text(), \"General Management\")]"}
RESULT: {"using":"xpath","value":"//span[contains(text(), \"General Management\")]"}
COMMAND: POST /session/d9a998879d5a0ca5d611ed7923943cd8/element/f.176CCEC0CFC1BEF50F2A214319D4C569.d.5DD68870CC2FD91A0AE0EAAE2A7B4A47.e.3796/click - {}
RESULT: {}
COMMAND: GET /session/d9a998879d5a0ca5d611ed7923943cd8/screenshot - {}
RESULT: {}
COMMAND: POST /session/d9a998879d5a0ca5d611ed7923943cd8/element - {"using":"xpath","value":"//bdi[contains(text(), \"OK\")]"}
RESULT: {"using":"xpath","value":"//bdi[contains(text(), \"OK\")]"}
COMMAND: POST /session/d9a998879d5a0ca5d611ed7923943cd8/element/f.176CCEC0CFC1BEF50F2A214319D4C569.d.5DD68870CC2FD91A0AE0EAAE2A7B4A47.e.3797/click - {}
RESULT: {}
COMMAND: GET /session/d9a998879d5a0ca5d611ed7923943cd8/screenshot - {}
RESULT: {}
COMMAND: POST /session/d9a998879d5a0ca5d611ed7923943cd8/element - {"using":"xpath","value":"//input[@id=\"application-managesites-display-component---NewSite--addressDetailDetailsCalendar-inner\"]"}
RESULT: {"using":"xpath","value":"//input[@id=\"application-managesites-display-component---NewSite--addressDetailDetailsCalendar-inner\"]"}
COMMAND: POST /session/d9a998879d5a0ca5d611ed7923943cd8/element/f.176CCEC0CFC1BEF50F2A214319D4C569.d.5DD68870CC2FD91A0AE0EAAE2A7B4A47.e.3559/clear - {}
RESULT: {}
COMMAND: POST /session/d9a998879d5a0ca5d611ed7923943cd8/element/f.176CCEC0CFC1BEF50F2A214319D4C569.d.5DD68870CC2FD91A0AE0EAAE2A7B4A47.e.3559/value - {"text":"Unit"}
COMMAND: GET /session/d9a998879d5a0ca5d611ed7923943cd8/screenshot - {}
RESULT: {"text":"Unit"}
COMMAND: GET /session/d9a998879d5a0ca5d611ed7923943cd8/screenshot - {}
RESULT: {}
RESULT: {}
COMMAND: POST /session/d9a998879d5a0ca5d611ed7923943cd8/actions - {"actions":[{"id":"action10","type":"key","parameters":{},"actions":[{"type":"keyDown","value":"î€‡"},{"type":"pause","duration":10},{"type":"keyUp","value":"î€‡"}]}]}
RESULT: {"actions":[{"id":"action10","type":"key","parameters":{},"actions":[{"type":"keyDown","value":"î€‡"},{"type":"pause","duration":10},{"type":"keyUp","value":"î€‡"}]}]}
COMMAND: POST /session/d9a998879d5a0ca5d611ed7923943cd8/element - {"using":"xpath","value":"//input[@id=\"application-managesites-display-component---NewSite--addressDetailDetailsYard-inner\"]"}
COMMAND: GET /session/d9a998879d5a0ca5d611ed7923943cd8/screenshot - {}
RESULT: {"using":"xpath","value":"//input[@id=\"application-managesites-display-component---NewSite--addressDetailDetailsYard-inner\"]"}
COMMAND: POST /session/d9a998879d5a0ca5d611ed7923943cd8/element/f.176CCEC0CFC1BEF50F2A214319D4C569.d.5DD68870CC2FD91A0AE0EAAE2A7B4A47.e.3560/clear - {}
RESULT: {}
RESULT: {}
COMMAND: POST /session/d9a998879d5a0ca5d611ed7923943cd8/element/f.176CCEC0CFC1BEF50F2A214319D4C569.d.5DD68870CC2FD91A0AE0EAAE2A7B4A47.e.3560/value - {"text":"232"}
COMMAND: GET /session/d9a998879d5a0ca5d611ed7923943cd8/screenshot - {}
RESULT: {"text":"232"}
COMMAND: GET /session/d9a998879d5a0ca5d611ed7923943cd8/screenshot - {}
RESULT: {}
RESULT: {}
COMMAND: POST /session/d9a998879d5a0ca5d611ed7923943cd8/element - {"using":"xpath","value":"//li[.//span[text()='232']]"}
RESULT: {"using":"xpath","value":"//li[.//span[text()='232']]"}
COMMAND: POST /session/d9a998879d5a0ca5d611ed7923943cd8/element/f.176CCEC0CFC1BEF50F2A214319D4C569.d.5DD68870CC2FD91A0AE0EAAE2A7B4A47.e.3805/click - {}
RESULT: {}
COMMAND: GET /session/d9a998879d5a0ca5d611ed7923943cd8/screenshot - {}
RESULT: {}
COMMAND: POST /session/d9a998879d5a0ca5d611ed7923943cd8/element - {"using":"xpath","value":"//input[@id=\"application-managesites-display-component---NewSite--addressDetailDetailsPartner-inner\"]"}
RESULT: {"using":"xpath","value":"//input[@id=\"application-managesites-display-component---NewSite--addressDetailDetailsPartner-inner\"]"}
COMMAND: POST /session/d9a998879d5a0ca5d611ed7923943cd8/element - {"using":"xpath","value":"//input[@id=\"application-managesites-display-component---NewSite--addressDetailDetailsPartner-inner\"]"}
RESULT: {"using":"xpath","value":"//input[@id=\"application-managesites-display-component---NewSite--addressDetailDetailsPartner-inner\"]"}
COMMAND: POST /session/d9a998879d5a0ca5d611ed7923943cd8/element - {"using":"xpath","value":"//button[@data-kt=\"saveButton\"]"}
RESULT: {"using":"xpath","value":"//button[@data-kt=\"saveButton\"]"}
COMMAND: POST /session/d9a998879d5a0ca5d611ed7923943cd8/element/f.176CCEC0CFC1BEF50F2A214319D4C569.d.5DD68870CC2FD91A0AE0EAAE2A7B4A47.e.3731/click - {}
RESULT: {}
COMMAND: GET /session/d9a998879d5a0ca5d611ed7923943cd8/screenshot - {}
RESULT: {}
COMMAND: POST /session/d9a998879d5a0ca5d611ed7923943cd8/element - {"using":"xpath","value":"//header[contains(@id, 'ObjectPageLayout-headerTitle')]/div[1]/div[2]/div[2]/span[1]"}
RESULT: {"using":"xpath","value":"//header[contains(@id, 'ObjectPageLayout-headerTitle')]/div[1]/div[2]/div[2]/span[1]"}
COMMAND: POST /session/d9a998879d5a0ca5d611ed7923943cd8/elements - {"using":"xpath","value":"//header[contains(@id, 'ObjectPageLayout-headerTitle')]/div[1]/div[2]/div[2]/span[1]"}
RESULT: {"using":"xpath","value":"//header[contains(@id, 'ObjectPageLayout-headerTitle')]/div[1]/div[2]/div[2]/span[1]"}
COMMAND: POST /session/d9a998879d5a0ca5d611ed7923943cd8/execute/sync - {"script":"<script> [56 bytes]","args":[{"element-6066-11e4-a52e-4f735466cecf":"f.176CCEC0CFC1BEF50F2A214319D4C569.d.5DD68870CC2FD91A0AE0EAAE2A7B4A47.e.3994","ELEMENT":"f.176CCEC0CFC1BEF50F2A214319D4C569.d.5DD68870CC2FD91A0AE0EAAE2A7B4A47.e.3994"}]}
RESULT: {"script":"<script> [56 bytes]","args":[{"element-6066-11e4-a52e-4f735466cecf":"f.176CCEC0CFC1BEF50F2A214319D4C569.d.5DD68870CC2FD91A0AE0EAAE2A7B4A47.e.3994","ELEMENT":"f.176CCEC0CFC1BEF50F2A214319D4C569.d.5DD68870CC2FD91A0AE0EAAE2A7B4A47.e.3994"}]}
COMMAND: POST /session/d9a998879d5a0ca5d611ed7923943cd8/element - {"using":"css selector","value":"#shell-header-logo"}
COMMAND: GET /session/d9a998879d5a0ca5d611ed7923943cd8/screenshot - {}
RESULT: {"using":"css selector","value":"#shell-header-logo"}
COMMAND: POST /session/d9a998879d5a0ca5d611ed7923943cd8/element/f.176CCEC0CFC1BEF50F2A214319D4C569.d.5DD68870CC2FD91A0AE0EAAE2A7B4A47.e.3264/click - {}
RESULT: {}
RESULT: {}
COMMAND: GET /session/d9a998879d5a0ca5d611ed7923943cd8/screenshot - {}
RESULT: {}
COMMAND: POST /session/d9a998879d5a0ca5d611ed7923943cd8/execute/sync - {"script":"<script> [299 bytes]","args":[["getModel","getResource"]]}
RESULT: {"script":"<script> [299 bytes]","args":[["getModel","getResource"]]}
COMMAND: GET /session/d9a998879d5a0ca5d611ed7923943cd8/screenshot - {}
]]></system-out>
    </testcase>
    <testcase classname="chrome.135_0_7049_96.windows.Edit_and_delete_daily_price_US134629_US134627" name="Should go to Manage Conditions Daily Price and add the 2 rows one with yard site and one with yard" time="51.642">
      <system-out><![CDATA[
COMMAND: POST /session/d9a998879d5a0ca5d611ed7923943cd8/window/fullscreen - {}
RESULT: {}
RESULT: {}
COMMAND: POST /session/d9a998879d5a0ca5d611ed7923943cd8/execute/async - {"script":"<script> [1562 bytes]","args":[{"selector":{"controlType":"sap.m.GenericTile","properties":{"header":"Manage Conditions & Prices"}},"wdio_ui5_key":"sapm.GenericTile{\"header\":\"Manage Conditions & Prices\"}"}]}
RESULT: {"script":"<script> [1562 bytes]","args":[{"selector":{"controlType":"sap.m.GenericTile","properties":{"header":"Manage Conditions & Prices"}},"wdio_ui5_key":"sapm.GenericTile{\"header\":\"Manage Conditions & Prices\"}"}]}
RESULT: undefined
COMMAND: POST /session/d9a998879d5a0ca5d611ed7923943cd8/element - {"using":"xpath","value":"//*[@id=\"__tile53\"]"}
RESULT: {"using":"xpath","value":"//*[@id=\"__tile53\"]"}
COMMAND: POST /session/d9a998879d5a0ca5d611ed7923943cd8/element/f.176CCEC0CFC1BEF50F2A214319D4C569.d.5DD68870CC2FD91A0AE0EAAE2A7B4A47.e.2454/click - {}
RESULT: {}
COMMAND: POST /session/d9a998879d5a0ca5d611ed7923943cd8/element - {"using":"xpath","value":"//button[@aria-label=\"Create\"]"}
COMMAND: GET /session/d9a998879d5a0ca5d611ed7923943cd8/screenshot - {}
RESULT: {"using":"xpath","value":"//button[@aria-label=\"Create\"]"}
COMMAND: POST /session/d9a998879d5a0ca5d611ed7923943cd8/elements - {"using":"xpath","value":"//button[@aria-label=\"Create\"]"}
RESULT: {}
RESULT: {"using":"xpath","value":"//button[@aria-label=\"Create\"]"}
COMMAND: POST /session/d9a998879d5a0ca5d611ed7923943cd8/elements - {"using":"xpath","value":"//button[@aria-label=\"Create\"]"}
RESULT: {"using":"xpath","value":"//button[@aria-label=\"Create\"]"}
COMMAND: POST /session/d9a998879d5a0ca5d611ed7923943cd8/elements - {"using":"xpath","value":"//button[@aria-label=\"Create\"]"}
RESULT: {"using":"xpath","value":"//button[@aria-label=\"Create\"]"}
COMMAND: POST /session/d9a998879d5a0ca5d611ed7923943cd8/elements - {"using":"xpath","value":"//button[@aria-label=\"Create\"]"}
RESULT: {"using":"xpath","value":"//button[@aria-label=\"Create\"]"}
COMMAND: POST /session/d9a998879d5a0ca5d611ed7923943cd8/elements - {"using":"xpath","value":"//button[@aria-label=\"Create\"]"}
RESULT: {"using":"xpath","value":"//button[@aria-label=\"Create\"]"}
COMMAND: POST /session/d9a998879d5a0ca5d611ed7923943cd8/element - {"using":"xpath","value":"//button[@aria-label=\"Create\"]"}
RESULT: {"using":"xpath","value":"//button[@aria-label=\"Create\"]"}
COMMAND: POST /session/d9a998879d5a0ca5d611ed7923943cd8/element/f.176CCEC0CFC1BEF50F2A214319D4C569.d.5DD68870CC2FD91A0AE0EAAE2A7B4A47.e.4036/click - {}
RESULT: {}
COMMAND: GET /session/d9a998879d5a0ca5d611ed7923943cd8/screenshot - {}
RESULT: {}
COMMAND: POST /session/d9a998879d5a0ca5d611ed7923943cd8/actions - {"actions":[{"id":"action11","type":"key","parameters":{},"actions":[{"type":"keyDown","value":"î€•"},{"type":"pause","duration":10},{"type":"keyUp","value":"î€•"}]}]}
RESULT: {"actions":[{"id":"action11","type":"key","parameters":{},"actions":[{"type":"keyDown","value":"î€•"},{"type":"pause","duration":10},{"type":"keyUp","value":"î€•"}]}]}
COMMAND: POST /session/d9a998879d5a0ca5d611ed7923943cd8/actions - {"actions":[{"id":"action12","type":"key","parameters":{},"actions":[{"type":"keyDown","value":"î€‡"},{"type":"pause","duration":10},{"type":"keyUp","value":"î€‡"}]}]}
COMMAND: GET /session/d9a998879d5a0ca5d611ed7923943cd8/screenshot - {}
RESULT: {"actions":[{"id":"action12","type":"key","parameters":{},"actions":[{"type":"keyDown","value":"î€‡"},{"type":"pause","duration":10},{"type":"keyUp","value":"î€‡"}]}]}
COMMAND: POST /session/d9a998879d5a0ca5d611ed7923943cd8/execute/async - {"script":"<script> [1562 bytes]","args":[{"selector":{"controlType":"sap.m.Title","viewName":"etm.portal.ui.manageconditionprice.view.DailyPrices","viewId":"application-manageconditionprice-display-component---dailyPrices","i18NText":{"propertyName":"text","key":"dailyPrices"}},"wdio_ui5_key":"etmportal.ui.manageconditionprice.view.DailyPricessap.m.Title{\"propertyName\":\"text\",\"key\":\"dailyPrices\"}"}]}
COMMAND: GET /session/d9a998879d5a0ca5d611ed7923943cd8/screenshot - {}
RESULT: {}
RESULT: {"script":"<script> [1562 bytes]","args":[{"selector":{"controlType":"sap.m.Title","viewName":"etm.portal.ui.manageconditionprice.view.DailyPrices","viewId":"application-manageconditionprice-display-component---dailyPrices","i18NText":{"propertyName":"text","key":"dailyPrices"}},"wdio_ui5_key":"etmportal.ui.manageconditionprice.view.DailyPricessap.m.Title{\"propertyName\":\"text\",\"key\":\"dailyPrices\"}"}]}
RESULT: undefined
COMMAND: POST /session/d9a998879d5a0ca5d611ed7923943cd8/execute/async - {"script":"<script> [6424 bytes]","args":[{"element-6066-11e4-a52e-4f735466cecf":"f.176CCEC0CFC1BEF50F2A214319D4C569.d.5DD68870CC2FD91A0AE0EAAE2A7B4A47.e.4288"},"getText",[]]}
RESULT: {}
RESULT: {"script":"<script> [6424 bytes]","args":[{"element-6066-11e4-a52e-4f735466cecf":"f.176CCEC0CFC1BEF50F2A214319D4C569.d.5DD68870CC2FD91A0AE0EAAE2A7B4A47.e.4288"},"getText",[]]}
COMMAND: POST /session/d9a998879d5a0ca5d611ed7923943cd8/execute/async - {"script":"<script> [1562 bytes]","args":[{"selector":{"id":"application-manageconditionprice-display-component---dailyPrices--condBillCond","interaction":{"idSuffix":"inner"}},"wdio_ui5_key":"applicationmanageconditionprice-display-component---dailyPrices--condBillCond"}]}
RESULT: {"script":"<script> [1562 bytes]","args":[{"selector":{"id":"application-manageconditionprice-display-component---dailyPrices--condBillCond","interaction":{"idSuffix":"inner"}},"wdio_ui5_key":"applicationmanageconditionprice-display-component---dailyPrices--condBillCond"}]}
RESULT: undefined
COMMAND: POST /session/d9a998879d5a0ca5d611ed7923943cd8/execute/async - {"script":"<script> [776 bytes]","args":[{"enterText":"Residual Value %","selector":{"id":"application-manageconditionprice-display-component---dailyPrices--condBillCond","interaction":{"idSuffix":"inner"}},"clearTextFirst":true,"interactionType":"ENTER_TEXT"}]}
RESULT: {"script":"<script> [776 bytes]","args":[{"enterText":"Residual Value %","selector":{"id":"application-manageconditionprice-display-component---dailyPrices--condBillCond","interaction":{"idSuffix":"inner"}},"clearTextFirst":true,"interactionType":"ENTER_TEXT"}]}
COMMAND: POST /session/d9a998879d5a0ca5d611ed7923943cd8/execute/async - {"script":"<script> [1562 bytes]","args":[{"selector":{"controlType":"sap.m.StandardListItem","viewName":"etm.portal.ui.manageconditionprice.view.DailyPrices","viewId":"application-manageconditionprice-display-component---dailyPrices","properties":{"type":"Active"},"searchOpenDialogs":true,"interaction":{"idSuffix":"titleText"}},"wdio_ui5_key":"etmportal.ui.manageconditionprice.view.DailyPricessap.m.StandardListItem{\"type\":\"Active\"}"}]}
RESULT: {"script":"<script> [1562 bytes]","args":[{"selector":{"controlType":"sap.m.StandardListItem","viewName":"etm.portal.ui.manageconditionprice.view.DailyPrices","viewId":"application-manageconditionprice-display-component---dailyPrices","properties":{"type":"Active"},"searchOpenDialogs":true,"interaction":{"idSuffix":"titleText"}},"wdio_ui5_key":"etmportal.ui.manageconditionprice.view.DailyPricessap.m.StandardListItem{\"type\":\"Active\"}"}]}
RESULT: undefined
COMMAND: POST /session/d9a998879d5a0ca5d611ed7923943cd8/element - {"using":"xpath","value":"//*[@id=\"__item931\"]"}
RESULT: {"using":"xpath","value":"//*[@id=\"__item931\"]"}
COMMAND: POST /session/d9a998879d5a0ca5d611ed7923943cd8/element/f.176CCEC0CFC1BEF50F2A214319D4C569.d.5DD68870CC2FD91A0AE0EAAE2A7B4A47.e.4292/click - {}
RESULT: {}
COMMAND: POST /session/d9a998879d5a0ca5d611ed7923943cd8/execute/async - {"script":"<script> [1562 bytes]","args":[{"selector":{"id":"application-manageconditionprice-display-component---dailyPrices--editBtn","interaction":{"idSuffix":"BDI-content"}},"wdio_ui5_key":"applicationmanageconditionprice-display-component---dailyPrices--editBtn"}]}
COMMAND: GET /session/d9a998879d5a0ca5d611ed7923943cd8/screenshot - {}
RESULT: {"script":"<script> [1562 bytes]","args":[{"selector":{"id":"application-manageconditionprice-display-component---dailyPrices--editBtn","interaction":{"idSuffix":"BDI-content"}},"wdio_ui5_key":"applicationmanageconditionprice-display-component---dailyPrices--editBtn"}]}
RESULT: undefined
COMMAND: POST /session/d9a998879d5a0ca5d611ed7923943cd8/element - {"using":"xpath","value":"//*[@id=\"application-manageconditionprice-display-component---dailyPrices--editBtn\"]"}
RESULT: {}
RESULT: {"using":"xpath","value":"//*[@id=\"application-manageconditionprice-display-component---dailyPrices--editBtn\"]"}
COMMAND: POST /session/d9a998879d5a0ca5d611ed7923943cd8/element/f.176CCEC0CFC1BEF50F2A214319D4C569.d.5DD68870CC2FD91A0AE0EAAE2A7B4A47.e.4290/click - {}
RESULT: {}
COMMAND: POST /session/d9a998879d5a0ca5d611ed7923943cd8/execute/async - {"script":"<script> [1562 bytes]","args":[{"selector":{"controlType":"sap.m.Button","viewName":"etm.portal.ui.manageconditionprice.view.DailyPrices","viewId":"application-manageconditionprice-display-component---dailyPrices","i18NText":{"propertyName":"text","key":"add"},"interaction":{"idSuffix":"BDI-content"}},"wdio_ui5_key":"etmportal.ui.manageconditionprice.view.DailyPricessap.m.Button{\"propertyName\":\"text\",\"key\":\"add\"}"}]}
COMMAND: GET /session/d9a998879d5a0ca5d611ed7923943cd8/screenshot - {}
RESULT: {"script":"<script> [1562 bytes]","args":[{"selector":{"controlType":"sap.m.Button","viewName":"etm.portal.ui.manageconditionprice.view.DailyPrices","viewId":"application-manageconditionprice-display-component---dailyPrices","i18NText":{"propertyName":"text","key":"add"},"interaction":{"idSuffix":"BDI-content"}},"wdio_ui5_key":"etmportal.ui.manageconditionprice.view.DailyPricessap.m.Button{\"propertyName\":\"text\",\"key\":\"add\"}"}]}
RESULT: undefined
COMMAND: POST /session/d9a998879d5a0ca5d611ed7923943cd8/element - {"using":"xpath","value":"//*[@id=\"__button113\"]"}
RESULT: {}
RESULT: {"using":"xpath","value":"//*[@id=\"__button113\"]"}
COMMAND: POST /session/d9a998879d5a0ca5d611ed7923943cd8/element/f.176CCEC0CFC1BEF50F2A214319D4C569.d.5DD68870CC2FD91A0AE0EAAE2A7B4A47.e.4300/click - {}
RESULT: {}
COMMAND: POST /session/d9a998879d5a0ca5d611ed7923943cd8/elements - {"using":"css selector","value":"table tr"}
COMMAND: GET /session/d9a998879d5a0ca5d611ed7923943cd8/screenshot - {}
RESULT: {"using":"css selector","value":"table tr"}
COMMAND: POST /session/d9a998879d5a0ca5d611ed7923943cd8/element/f.176CCEC0CFC1BEF50F2A214319D4C569.d.5DD68870CC2FD91A0AE0EAAE2A7B4A47.e.4378/elements - {"using":"css selector","value":"input"}
RESULT: {}
RESULT: {"using":"css selector","value":"input"}
COMMAND: POST /session/d9a998879d5a0ca5d611ed7923943cd8/element/f.176CCEC0CFC1BEF50F2A214319D4C569.d.5DD68870CC2FD91A0AE0EAAE2A7B4A47.e.4381/clear - {}
COMMAND: POST /session/d9a998879d5a0ca5d611ed7923943cd8/element/f.176CCEC0CFC1BEF50F2A214319D4C569.d.5DD68870CC2FD91A0AE0EAAE2A7B4A47.e.4379/clear - {}
COMMAND: POST /session/d9a998879d5a0ca5d611ed7923943cd8/element/f.176CCEC0CFC1BEF50F2A214319D4C569.d.5DD68870CC2FD91A0AE0EAAE2A7B4A47.e.4382/clear - {}
COMMAND: POST /session/d9a998879d5a0ca5d611ed7923943cd8/element/f.176CCEC0CFC1BEF50F2A214319D4C569.d.5DD68870CC2FD91A0AE0EAAE2A7B4A47.e.4380/clear - {}
COMMAND: POST /session/d9a998879d5a0ca5d611ed7923943cd8/element/f.176CCEC0CFC1BEF50F2A214319D4C569.d.5DD68870CC2FD91A0AE0EAAE2A7B4A47.e.4378/elements - {"using":"css selector","value":"td"}
RESULT: {"using":"css selector","value":"td"}
COMMAND: POST /session/d9a998879d5a0ca5d611ed7923943cd8/element - {"using":"xpath","value":".//li[contains(., \"2090\") and not(.//li)]"}
COMMAND: POST /session/d9a998879d5a0ca5d611ed7923943cd8/element/f.176CCEC0CFC1BEF50F2A214319D4C569.d.5DD68870CC2FD91A0AE0EAAE2A7B4A47.e.4400/element - {"using":"css selector","value":"input"}
COMMAND: POST /session/d9a998879d5a0ca5d611ed7923943cd8/element/f.176CCEC0CFC1BEF50F2A214319D4C569.d.5DD68870CC2FD91A0AE0EAAE2A7B4A47.e.4400/element - {"using":"css selector","value":"input"}
RESULT: {}
COMMAND: POST /session/d9a998879d5a0ca5d611ed7923943cd8/element/f.176CCEC0CFC1BEF50F2A214319D4C569.d.5DD68870CC2FD91A0AE0EAAE2A7B4A47.e.4380/value - {"text":"09/25/25"}
COMMAND: GET /session/d9a998879d5a0ca5d611ed7923943cd8/screenshot - {}
RESULT: {}
COMMAND: POST /session/d9a998879d5a0ca5d611ed7923943cd8/element/f.176CCEC0CFC1BEF50F2A214319D4C569.d.5DD68870CC2FD91A0AE0EAAE2A7B4A47.e.4382/value - {"text":"Euro"}
COMMAND: GET /session/d9a998879d5a0ca5d611ed7923943cd8/screenshot - {}
RESULT: {}
COMMAND: POST /session/d9a998879d5a0ca5d611ed7923943cd8/element/f.176CCEC0CFC1BEF50F2A214319D4C569.d.5DD68870CC2FD91A0AE0EAAE2A7B4A47.e.4379/value - {"text":"04/25/25"}
COMMAND: GET /session/d9a998879d5a0ca5d611ed7923943cd8/screenshot - {}
RESULT: {}
COMMAND: POST /session/d9a998879d5a0ca5d611ed7923943cd8/element/f.176CCEC0CFC1BEF50F2A214319D4C569.d.5DD68870CC2FD91A0AE0EAAE2A7B4A47.e.4381/value - {"text":"705.60"}
COMMAND: GET /session/d9a998879d5a0ca5d611ed7923943cd8/screenshot - {}
RESULT: {"using":"xpath","value":".//li[contains(., \"2090\") and not(.//li)]"}
RESULT: {"using":"css selector","value":"input"}
COMMAND: POST /session/d9a998879d5a0ca5d611ed7923943cd8/element/f.176CCEC0CFC1BEF50F2A214319D4C569.d.5DD68870CC2FD91A0AE0EAAE2A7B4A47.e.4383/click - {}
RESULT: {"using":"css selector","value":"input"}
COMMAND: POST /session/d9a998879d5a0ca5d611ed7923943cd8/element/f.176CCEC0CFC1BEF50F2A214319D4C569.d.5DD68870CC2FD91A0AE0EAAE2A7B4A47.e.4383/clear - {}
RESULT: {"text":"09/25/25"}
COMMAND: GET /session/d9a998879d5a0ca5d611ed7923943cd8/screenshot - {}
RESULT: {}
RESULT: {"text":"Euro"}
COMMAND: GET /session/d9a998879d5a0ca5d611ed7923943cd8/screenshot - {}
COMMAND: POST /session/d9a998879d5a0ca5d611ed7923943cd8/elements - {"using":"xpath","value":".//li[contains(., \"2090\") and not(.//li)]"}
RESULT: {}
RESULT: {"text":"04/25/25"}
COMMAND: GET /session/d9a998879d5a0ca5d611ed7923943cd8/screenshot - {}
RESULT: {}
RESULT: {"text":"705.60"}
COMMAND: GET /session/d9a998879d5a0ca5d611ed7923943cd8/screenshot - {}
RESULT: {}
RESULT: {}
COMMAND: GET /session/d9a998879d5a0ca5d611ed7923943cd8/screenshot - {}
RESULT: {}
COMMAND: POST /session/d9a998879d5a0ca5d611ed7923943cd8/element/f.176CCEC0CFC1BEF50F2A214319D4C569.d.5DD68870CC2FD91A0AE0EAAE2A7B4A47.e.4383/value - {"text":"2090"}
COMMAND: GET /session/d9a998879d5a0ca5d611ed7923943cd8/screenshot - {}
RESULT: {}
RESULT: {}
RESULT: {"using":"xpath","value":".//li[contains(., \"2090\") and not(.//li)]"}
COMMAND: POST /session/d9a998879d5a0ca5d611ed7923943cd8/elements - {"using":"xpath","value":".//li[contains(., \"2090\") and not(.//li)]"}
RESULT: {}
RESULT: {}
RESULT: {}
RESULT: {"text":"2090"}
COMMAND: GET /session/d9a998879d5a0ca5d611ed7923943cd8/screenshot - {}
RESULT: {}
RESULT: {"using":"xpath","value":".//li[contains(., \"2090\") and not(.//li)]"}
COMMAND: POST /session/d9a998879d5a0ca5d611ed7923943cd8/element - {"using":"xpath","value":".//li[contains(., \"2090\") and not(.//li)]"}
RESULT: {}
RESULT: {"using":"xpath","value":".//li[contains(., \"2090\") and not(.//li)]"}
COMMAND: POST /session/d9a998879d5a0ca5d611ed7923943cd8/element/f.176CCEC0CFC1BEF50F2A214319D4C569.d.5DD68870CC2FD91A0AE0EAAE2A7B4A47.e.4408/click - {}
RESULT: {}
COMMAND: POST /session/d9a998879d5a0ca5d611ed7923943cd8/element - {"using":"xpath","value":".//li[contains(., \"232\") and not(.//li)]"}
COMMAND: POST /session/d9a998879d5a0ca5d611ed7923943cd8/element/f.176CCEC0CFC1BEF50F2A214319D4C569.d.5DD68870CC2FD91A0AE0EAAE2A7B4A47.e.4401/element - {"using":"css selector","value":"input"}
COMMAND: POST /session/d9a998879d5a0ca5d611ed7923943cd8/element/f.176CCEC0CFC1BEF50F2A214319D4C569.d.5DD68870CC2FD91A0AE0EAAE2A7B4A47.e.4401/element - {"using":"css selector","value":"input"}
COMMAND: GET /session/d9a998879d5a0ca5d611ed7923943cd8/screenshot - {}
RESULT: {"using":"css selector","value":"input"}
COMMAND: POST /session/d9a998879d5a0ca5d611ed7923943cd8/element/f.176CCEC0CFC1BEF50F2A214319D4C569.d.5DD68870CC2FD91A0AE0EAAE2A7B4A47.e.4384/click - {}
RESULT: {"using":"css selector","value":"input"}
COMMAND: POST /session/d9a998879d5a0ca5d611ed7923943cd8/element/f.176CCEC0CFC1BEF50F2A214319D4C569.d.5DD68870CC2FD91A0AE0EAAE2A7B4A47.e.4384/clear - {}
RESULT: {"using":"xpath","value":".//li[contains(., \"232\") and not(.//li)]"}
RESULT: {}
RESULT: {}
COMMAND: GET /session/d9a998879d5a0ca5d611ed7923943cd8/screenshot - {}
RESULT: {}
COMMAND: POST /session/d9a998879d5a0ca5d611ed7923943cd8/element/f.176CCEC0CFC1BEF50F2A214319D4C569.d.5DD68870CC2FD91A0AE0EAAE2A7B4A47.e.4384/value - {"text":"232"}
COMMAND: GET /session/d9a998879d5a0ca5d611ed7923943cd8/screenshot - {}
RESULT: {}
COMMAND: POST /session/d9a998879d5a0ca5d611ed7923943cd8/elements - {"using":"xpath","value":".//li[contains(., \"232\") and not(.//li)]"}
RESULT: {"text":"232"}
COMMAND: GET /session/d9a998879d5a0ca5d611ed7923943cd8/screenshot - {}
RESULT: {}
RESULT: {"using":"xpath","value":".//li[contains(., \"232\") and not(.//li)]"}
COMMAND: POST /session/d9a998879d5a0ca5d611ed7923943cd8/element - {"using":"xpath","value":".//li[contains(., \"232\") and not(.//li)]"}
RESULT: {}
RESULT: {"using":"xpath","value":".//li[contains(., \"232\") and not(.//li)]"}
COMMAND: POST /session/d9a998879d5a0ca5d611ed7923943cd8/element/f.176CCEC0CFC1BEF50F2A214319D4C569.d.5DD68870CC2FD91A0AE0EAAE2A7B4A47.e.4409/click - {}
RESULT: {}
RESULT: undefined
COMMAND: POST /session/d9a998879d5a0ca5d611ed7923943cd8/element - {"using":"xpath","value":"//*[@id=\"__button113\"]"}
COMMAND: GET /session/d9a998879d5a0ca5d611ed7923943cd8/screenshot - {}
RESULT: {"using":"xpath","value":"//*[@id=\"__button113\"]"}
COMMAND: POST /session/d9a998879d5a0ca5d611ed7923943cd8/element/f.176CCEC0CFC1BEF50F2A214319D4C569.d.5DD68870CC2FD91A0AE0EAAE2A7B4A47.e.4300/click - {}
RESULT: {}
RESULT: {}
COMMAND: POST /session/d9a998879d5a0ca5d611ed7923943cd8/elements - {"using":"css selector","value":"table tr"}
COMMAND: GET /session/d9a998879d5a0ca5d611ed7923943cd8/screenshot - {}
RESULT: {"using":"css selector","value":"table tr"}
COMMAND: POST /session/d9a998879d5a0ca5d611ed7923943cd8/element/f.176CCEC0CFC1BEF50F2A214319D4C569.d.5DD68870CC2FD91A0AE0EAAE2A7B4A47.e.4411/elements - {"using":"css selector","value":"input"}
RESULT: {}
RESULT: {"using":"css selector","value":"input"}
COMMAND: POST /session/d9a998879d5a0ca5d611ed7923943cd8/element/f.176CCEC0CFC1BEF50F2A214319D4C569.d.5DD68870CC2FD91A0AE0EAAE2A7B4A47.e.4414/clear - {}
COMMAND: POST /session/d9a998879d5a0ca5d611ed7923943cd8/element/f.176CCEC0CFC1BEF50F2A214319D4C569.d.5DD68870CC2FD91A0AE0EAAE2A7B4A47.e.4412/clear - {}
COMMAND: POST /session/d9a998879d5a0ca5d611ed7923943cd8/element/f.176CCEC0CFC1BEF50F2A214319D4C569.d.5DD68870CC2FD91A0AE0EAAE2A7B4A47.e.4415/clear - {}
COMMAND: POST /session/d9a998879d5a0ca5d611ed7923943cd8/element/f.176CCEC0CFC1BEF50F2A214319D4C569.d.5DD68870CC2FD91A0AE0EAAE2A7B4A47.e.4413/clear - {}
COMMAND: POST /session/d9a998879d5a0ca5d611ed7923943cd8/element/f.176CCEC0CFC1BEF50F2A214319D4C569.d.5DD68870CC2FD91A0AE0EAAE2A7B4A47.e.4411/elements - {"using":"css selector","value":"td"}
RESULT: {"using":"css selector","value":"td"}
COMMAND: POST /session/d9a998879d5a0ca5d611ed7923943cd8/element - {"using":"xpath","value":"(//li[div//span[contains(text(), '2090')]])[2]"}
COMMAND: POST /session/d9a998879d5a0ca5d611ed7923943cd8/element/f.176CCEC0CFC1BEF50F2A214319D4C569.d.5DD68870CC2FD91A0AE0EAAE2A7B4A47.e.4433/element - {"using":"css selector","value":"input"}
COMMAND: POST /session/d9a998879d5a0ca5d611ed7923943cd8/element/f.176CCEC0CFC1BEF50F2A214319D4C569.d.5DD68870CC2FD91A0AE0EAAE2A7B4A47.e.4433/element - {"using":"css selector","value":"input"}
RESULT: {}
COMMAND: POST /session/d9a998879d5a0ca5d611ed7923943cd8/element/f.176CCEC0CFC1BEF50F2A214319D4C569.d.5DD68870CC2FD91A0AE0EAAE2A7B4A47.e.4413/value - {"text":"09/25/25"}
COMMAND: GET /session/d9a998879d5a0ca5d611ed7923943cd8/screenshot - {}
RESULT: {}
COMMAND: POST /session/d9a998879d5a0ca5d611ed7923943cd8/element/f.176CCEC0CFC1BEF50F2A214319D4C569.d.5DD68870CC2FD91A0AE0EAAE2A7B4A47.e.4415/value - {"text":"US Dollar"}
COMMAND: GET /session/d9a998879d5a0ca5d611ed7923943cd8/screenshot - {}
RESULT: {}
COMMAND: POST /session/d9a998879d5a0ca5d611ed7923943cd8/element/f.176CCEC0CFC1BEF50F2A214319D4C569.d.5DD68870CC2FD91A0AE0EAAE2A7B4A47.e.4412/value - {"text":"04/25/25"}
COMMAND: GET /session/d9a998879d5a0ca5d611ed7923943cd8/screenshot - {}
RESULT: {}
COMMAND: POST /session/d9a998879d5a0ca5d611ed7923943cd8/element/f.176CCEC0CFC1BEF50F2A214319D4C569.d.5DD68870CC2FD91A0AE0EAAE2A7B4A47.e.4414/value - {"text":"99.5"}
COMMAND: GET /session/d9a998879d5a0ca5d611ed7923943cd8/screenshot - {}
RESULT: {"using":"css selector","value":"input"}
COMMAND: POST /session/d9a998879d5a0ca5d611ed7923943cd8/element/f.176CCEC0CFC1BEF50F2A214319D4C569.d.5DD68870CC2FD91A0AE0EAAE2A7B4A47.e.4416/clear - {}
RESULT: {"using":"css selector","value":"input"}
COMMAND: POST /session/d9a998879d5a0ca5d611ed7923943cd8/element/f.176CCEC0CFC1BEF50F2A214319D4C569.d.5DD68870CC2FD91A0AE0EAAE2A7B4A47.e.4416/click - {}
RESULT: {"using":"xpath","value":"(//li[div//span[contains(text(), '2090')]])[2]"}
RESULT: {"text":"09/25/25"}
COMMAND: GET /session/d9a998879d5a0ca5d611ed7923943cd8/screenshot - {}
RESULT: {}
RESULT: {"text":"US Dollar"}
COMMAND: GET /session/d9a998879d5a0ca5d611ed7923943cd8/screenshot - {}
RESULT: {}
COMMAND: POST /session/d9a998879d5a0ca5d611ed7923943cd8/elements - {"using":"xpath","value":"(//li[div//span[contains(text(), '2090')]])[2]"}
RESULT: {"text":"04/25/25"}
COMMAND: GET /session/d9a998879d5a0ca5d611ed7923943cd8/screenshot - {}
RESULT: {}
RESULT: {"text":"99.5"}
COMMAND: GET /session/d9a998879d5a0ca5d611ed7923943cd8/screenshot - {}
RESULT: {}
RESULT: {}
COMMAND: POST /session/d9a998879d5a0ca5d611ed7923943cd8/element/f.176CCEC0CFC1BEF50F2A214319D4C569.d.5DD68870CC2FD91A0AE0EAAE2A7B4A47.e.4416/value - {"text":"2090"}
COMMAND: GET /session/d9a998879d5a0ca5d611ed7923943cd8/screenshot - {}
RESULT: {}
COMMAND: GET /session/d9a998879d5a0ca5d611ed7923943cd8/screenshot - {}
RESULT: {}
RESULT: {}
RESULT: {"using":"xpath","value":"(//li[div//span[contains(text(), '2090')]])[2]"}
COMMAND: POST /session/d9a998879d5a0ca5d611ed7923943cd8/elements - {"using":"xpath","value":"(//li[div//span[contains(text(), '2090')]])[2]"}
RESULT: {}
RESULT: {}
RESULT: {"text":"2090"}
COMMAND: GET /session/d9a998879d5a0ca5d611ed7923943cd8/screenshot - {}
RESULT: {}
RESULT: {}
RESULT: {"using":"xpath","value":"(//li[div//span[contains(text(), '2090')]])[2]"}
COMMAND: POST /session/d9a998879d5a0ca5d611ed7923943cd8/element - {"using":"xpath","value":"(//li[div//span[contains(text(), '2090')]])[2]"}
RESULT: {}
RESULT: {"using":"xpath","value":"(//li[div//span[contains(text(), '2090')]])[2]"}
COMMAND: POST /session/d9a998879d5a0ca5d611ed7923943cd8/element/f.176CCEC0CFC1BEF50F2A214319D4C569.d.5DD68870CC2FD91A0AE0EAAE2A7B4A47.e.4439/click - {}
RESULT: {}
COMMAND: POST /session/d9a998879d5a0ca5d611ed7923943cd8/execute/async - {"script":"<script> [1562 bytes]","args":[{"selector":{"controlType":"sap.m.Button","viewName":"etm.portal.ui.manageconditionprice.view.DailyPrices","viewId":"application-manageconditionprice-display-component---dailyPrices","i18NText":{"propertyName":"tooltip","key":"save"},"interaction":{"idSuffix":"BDI-content"}},"wdio_ui5_key":"etmportal.ui.manageconditionprice.view.DailyPricessap.m.Button{\"propertyName\":\"tooltip\",\"key\":\"save\"}"}]}
COMMAND: GET /session/d9a998879d5a0ca5d611ed7923943cd8/screenshot - {}
RESULT: {"script":"<script> [1562 bytes]","args":[{"selector":{"controlType":"sap.m.Button","viewName":"etm.portal.ui.manageconditionprice.view.DailyPrices","viewId":"application-manageconditionprice-display-component---dailyPrices","i18NText":{"propertyName":"tooltip","key":"save"},"interaction":{"idSuffix":"BDI-content"}},"wdio_ui5_key":"etmportal.ui.manageconditionprice.view.DailyPricessap.m.Button{\"propertyName\":\"tooltip\",\"key\":\"save\"}"}]}
RESULT: undefined
COMMAND: POST /session/d9a998879d5a0ca5d611ed7923943cd8/element - {"using":"xpath","value":"//*[@id=\"__button115\"]"}
RESULT: {}
RESULT: {"using":"xpath","value":"//*[@id=\"__button115\"]"}
COMMAND: POST /session/d9a998879d5a0ca5d611ed7923943cd8/element/f.176CCEC0CFC1BEF50F2A214319D4C569.d.5DD68870CC2FD91A0AE0EAAE2A7B4A47.e.4294/click - {}
RESULT: {}
COMMAND: GET /session/d9a998879d5a0ca5d611ed7923943cd8/screenshot - {}
RESULT: {}
]]></system-out>
    </testcase>
    <testcase classname="chrome.135_0_7049_96.windows.Edit_and_delete_daily_price_US134629_US134627" name="Should check whether the 2 rows have been added then edit one of the rows s currency and value and save and check the edited values" time="10.7">
      <system-out><![CDATA[
COMMAND: POST /session/d9a998879d5a0ca5d611ed7923943cd8/elements - {"using":"css selector","value":"table tr"}
RESULT: {"using":"css selector","value":"table tr"}
COMMAND: POST /session/d9a998879d5a0ca5d611ed7923943cd8/element/f.176CCEC0CFC1BEF50F2A214319D4C569.d.5DD68870CC2FD91A0AE0EAAE2A7B4A47.e.4411/elements - {"using":"css selector","value":"td"}
RESULT: {"using":"css selector","value":"td"}
COMMAND: POST /session/d9a998879d5a0ca5d611ed7923943cd8/element/f.176CCEC0CFC1BEF50F2A214319D4C569.d.5DD68870CC2FD91A0AE0EAAE2A7B4A47.e.4378/elements - {"using":"css selector","value":"td"}
RESULT: {"using":"css selector","value":"td"}
COMMAND: POST /session/d9a998879d5a0ca5d611ed7923943cd8/element/f.176CCEC0CFC1BEF50F2A214319D4C569.d.5DD68870CC2FD91A0AE0EAAE2A7B4A47.e.4442/element - {"using":"css selector","value":".sapMObjectNumberText"}
RESULT: {"using":"css selector","value":".sapMObjectNumberText"}
COMMAND: GET /session/d9a998879d5a0ca5d611ed7923943cd8/element/f.176CCEC0CFC1BEF50F2A214319D4C569.d.5DD68870CC2FD91A0AE0EAAE2A7B4A47.e.4444/text - {}
RESULT: {}
COMMAND: POST /session/d9a998879d5a0ca5d611ed7923943cd8/element/f.176CCEC0CFC1BEF50F2A214319D4C569.d.5DD68870CC2FD91A0AE0EAAE2A7B4A47.e.4443/element - {"using":"css selector","value":".sapMObjectNumberText"}
RESULT: {"using":"css selector","value":".sapMObjectNumberText"}
COMMAND: GET /session/d9a998879d5a0ca5d611ed7923943cd8/element/f.176CCEC0CFC1BEF50F2A214319D4C569.d.5DD68870CC2FD91A0AE0EAAE2A7B4A47.e.4445/text - {}
RESULT: {}
RESULT: undefined
COMMAND: POST /session/d9a998879d5a0ca5d611ed7923943cd8/element - {"using":"xpath","value":"//*[@id=\"application-manageconditionprice-display-component---dailyPrices--editBtn\"]"}
RESULT: {"using":"xpath","value":"//*[@id=\"application-manageconditionprice-display-component---dailyPrices--editBtn\"]"}
COMMAND: POST /session/d9a998879d5a0ca5d611ed7923943cd8/element/f.176CCEC0CFC1BEF50F2A214319D4C569.d.5DD68870CC2FD91A0AE0EAAE2A7B4A47.e.4441/click - {}
RESULT: {}
COMMAND: POST /session/d9a998879d5a0ca5d611ed7923943cd8/elements - {"using":"css selector","value":"table tr"}
COMMAND: GET /session/d9a998879d5a0ca5d611ed7923943cd8/screenshot - {}
RESULT: {"using":"css selector","value":"table tr"}
COMMAND: POST /session/d9a998879d5a0ca5d611ed7923943cd8/element/f.176CCEC0CFC1BEF50F2A214319D4C569.d.5DD68870CC2FD91A0AE0EAAE2A7B4A47.e.4411/elements - {"using":"css selector","value":"input"}
RESULT: {}
RESULT: {"using":"css selector","value":"input"}
COMMAND: POST /session/d9a998879d5a0ca5d611ed7923943cd8/element/f.176CCEC0CFC1BEF50F2A214319D4C569.d.5DD68870CC2FD91A0AE0EAAE2A7B4A47.e.4460/clear - {}
COMMAND: POST /session/d9a998879d5a0ca5d611ed7923943cd8/element/f.176CCEC0CFC1BEF50F2A214319D4C569.d.5DD68870CC2FD91A0AE0EAAE2A7B4A47.e.4461/clear - {}
RESULT: {}
COMMAND: POST /session/d9a998879d5a0ca5d611ed7923943cd8/element/f.176CCEC0CFC1BEF50F2A214319D4C569.d.5DD68870CC2FD91A0AE0EAAE2A7B4A47.e.4460/value - {"text":"566.1"}
COMMAND: GET /session/d9a998879d5a0ca5d611ed7923943cd8/screenshot - {}
RESULT: {}
COMMAND: POST /session/d9a998879d5a0ca5d611ed7923943cd8/element/f.176CCEC0CFC1BEF50F2A214319D4C569.d.5DD68870CC2FD91A0AE0EAAE2A7B4A47.e.4461/value - {"text":"US Dollar"}
COMMAND: GET /session/d9a998879d5a0ca5d611ed7923943cd8/screenshot - {}
RESULT: {"text":"566.1"}
COMMAND: GET /session/d9a998879d5a0ca5d611ed7923943cd8/screenshot - {}
RESULT: {}
RESULT: {"text":"US Dollar"}
COMMAND: GET /session/d9a998879d5a0ca5d611ed7923943cd8/screenshot - {}
RESULT: undefined
COMMAND: POST /session/d9a998879d5a0ca5d611ed7923943cd8/element - {"using":"xpath","value":"//*[@id=\"__button115\"]"}
RESULT: {}
RESULT: {}
RESULT: {}
RESULT: {"using":"xpath","value":"//*[@id=\"__button115\"]"}
COMMAND: POST /session/d9a998879d5a0ca5d611ed7923943cd8/element/f.176CCEC0CFC1BEF50F2A214319D4C569.d.5DD68870CC2FD91A0AE0EAAE2A7B4A47.e.4446/click - {}
RESULT: {}
COMMAND: GET /session/d9a998879d5a0ca5d611ed7923943cd8/screenshot - {}
RESULT: {}
COMMAND: POST /session/d9a998879d5a0ca5d611ed7923943cd8/elements - {"using":"css selector","value":"table tr"}
RESULT: {"using":"css selector","value":"table tr"}
COMMAND: POST /session/d9a998879d5a0ca5d611ed7923943cd8/element/f.176CCEC0CFC1BEF50F2A214319D4C569.d.5DD68870CC2FD91A0AE0EAAE2A7B4A47.e.4411/elements - {"using":"css selector","value":"td"}
RESULT: {"using":"css selector","value":"td"}
COMMAND: POST /session/d9a998879d5a0ca5d611ed7923943cd8/element/f.176CCEC0CFC1BEF50F2A214319D4C569.d.5DD68870CC2FD91A0AE0EAAE2A7B4A47.e.4465/element - {"using":"css selector","value":".sapMObjectNumberText"}
RESULT: {"using":"css selector","value":".sapMObjectNumberText"}
COMMAND: GET /session/d9a998879d5a0ca5d611ed7923943cd8/element/f.176CCEC0CFC1BEF50F2A214319D4C569.d.5DD68870CC2FD91A0AE0EAAE2A7B4A47.e.4467/text - {}
RESULT: {}
]]></system-out>
    </testcase>
    <testcase classname="chrome.135_0_7049_96.windows.Edit_and_delete_daily_price_US134629_US134627" name="Should go into edit and delete all the rows that match the yard we have created for this scenario check if all rows deleted" time="19.032">
      <system-out><![CDATA[
RESULT: undefined
COMMAND: POST /session/d9a998879d5a0ca5d611ed7923943cd8/element - {"using":"xpath","value":"//*[@id=\"application-manageconditionprice-display-component---dailyPrices--editBtn\"]"}
RESULT: {"using":"xpath","value":"//*[@id=\"application-manageconditionprice-display-component---dailyPrices--editBtn\"]"}
COMMAND: POST /session/d9a998879d5a0ca5d611ed7923943cd8/element/f.176CCEC0CFC1BEF50F2A214319D4C569.d.5DD68870CC2FD91A0AE0EAAE2A7B4A47.e.4464/click - {}
RESULT: {}
COMMAND: GET /session/d9a998879d5a0ca5d611ed7923943cd8/screenshot - {}
RESULT: {}
COMMAND: POST /session/d9a998879d5a0ca5d611ed7923943cd8/elements - {"using":"css selector","value":"table tr"}
RESULT: {"using":"css selector","value":"table tr"}
COMMAND: POST /session/d9a998879d5a0ca5d611ed7923943cd8/element/f.176CCEC0CFC1BEF50F2A214319D4C569.d.5DD68870CC2FD91A0AE0EAAE2A7B4A47.e.4302/elements - {"using":"css selector","value":"td"}
RESULT: {"using":"css selector","value":"td"}
COMMAND: POST /session/d9a998879d5a0ca5d611ed7923943cd8/element/f.176CCEC0CFC1BEF50F2A214319D4C569.d.5DD68870CC2FD91A0AE0EAAE2A7B4A47.e.4303/elements - {"using":"css selector","value":"td"}
RESULT: {"using":"css selector","value":"td"}
COMMAND: POST /session/d9a998879d5a0ca5d611ed7923943cd8/element/f.176CCEC0CFC1BEF50F2A214319D4C569.d.5DD68870CC2FD91A0AE0EAAE2A7B4A47.e.4304/elements - {"using":"css selector","value":"td"}
RESULT: {"using":"css selector","value":"td"}
COMMAND: POST /session/d9a998879d5a0ca5d611ed7923943cd8/element/f.176CCEC0CFC1BEF50F2A214319D4C569.d.5DD68870CC2FD91A0AE0EAAE2A7B4A47.e.4242/elements - {"using":"css selector","value":"td"}
RESULT: {"using":"css selector","value":"td"}
COMMAND: POST /session/d9a998879d5a0ca5d611ed7923943cd8/element/f.176CCEC0CFC1BEF50F2A214319D4C569.d.5DD68870CC2FD91A0AE0EAAE2A7B4A47.e.4243/elements - {"using":"css selector","value":"td"}
RESULT: {"using":"css selector","value":"td"}
COMMAND: POST /session/d9a998879d5a0ca5d611ed7923943cd8/element/f.176CCEC0CFC1BEF50F2A214319D4C569.d.5DD68870CC2FD91A0AE0EAAE2A7B4A47.e.4246/elements - {"using":"css selector","value":"td"}
RESULT: {"using":"css selector","value":"td"}
COMMAND: POST /session/d9a998879d5a0ca5d611ed7923943cd8/element/f.176CCEC0CFC1BEF50F2A214319D4C569.d.5DD68870CC2FD91A0AE0EAAE2A7B4A47.e.4247/elements - {"using":"css selector","value":"td"}
RESULT: {"using":"css selector","value":"td"}
COMMAND: POST /session/d9a998879d5a0ca5d611ed7923943cd8/element/f.176CCEC0CFC1BEF50F2A214319D4C569.d.5DD68870CC2FD91A0AE0EAAE2A7B4A47.e.4253/elements - {"using":"css selector","value":"td"}
RESULT: {"using":"css selector","value":"td"}
COMMAND: POST /session/d9a998879d5a0ca5d611ed7923943cd8/element/f.176CCEC0CFC1BEF50F2A214319D4C569.d.5DD68870CC2FD91A0AE0EAAE2A7B4A47.e.4254/elements - {"using":"css selector","value":"td"}
RESULT: {"using":"css selector","value":"td"}
COMMAND: POST /session/d9a998879d5a0ca5d611ed7923943cd8/element/f.176CCEC0CFC1BEF50F2A214319D4C569.d.5DD68870CC2FD91A0AE0EAAE2A7B4A47.e.4260/elements - {"using":"css selector","value":"td"}
RESULT: {"using":"css selector","value":"td"}
COMMAND: POST /session/d9a998879d5a0ca5d611ed7923943cd8/element/f.176CCEC0CFC1BEF50F2A214319D4C569.d.5DD68870CC2FD91A0AE0EAAE2A7B4A47.e.4305/elements - {"using":"css selector","value":"td"}
RESULT: {"using":"css selector","value":"td"}
COMMAND: POST /session/d9a998879d5a0ca5d611ed7923943cd8/element/f.176CCEC0CFC1BEF50F2A214319D4C569.d.5DD68870CC2FD91A0AE0EAAE2A7B4A47.e.4306/elements - {"using":"css selector","value":"td"}
RESULT: {"using":"css selector","value":"td"}
COMMAND: POST /session/d9a998879d5a0ca5d611ed7923943cd8/element/f.176CCEC0CFC1BEF50F2A214319D4C569.d.5DD68870CC2FD91A0AE0EAAE2A7B4A47.e.4307/elements - {"using":"css selector","value":"td"}
RESULT: {"using":"css selector","value":"td"}
COMMAND: POST /session/d9a998879d5a0ca5d611ed7923943cd8/element/f.176CCEC0CFC1BEF50F2A214319D4C569.d.5DD68870CC2FD91A0AE0EAAE2A7B4A47.e.4308/elements - {"using":"css selector","value":"td"}
RESULT: {"using":"css selector","value":"td"}
COMMAND: POST /session/d9a998879d5a0ca5d611ed7923943cd8/element/f.176CCEC0CFC1BEF50F2A214319D4C569.d.5DD68870CC2FD91A0AE0EAAE2A7B4A47.e.4309/elements - {"using":"css selector","value":"td"}
RESULT: {"using":"css selector","value":"td"}
COMMAND: POST /session/d9a998879d5a0ca5d611ed7923943cd8/element/f.176CCEC0CFC1BEF50F2A214319D4C569.d.5DD68870CC2FD91A0AE0EAAE2A7B4A47.e.4310/elements - {"using":"css selector","value":"td"}
RESULT: {"using":"css selector","value":"td"}
COMMAND: POST /session/d9a998879d5a0ca5d611ed7923943cd8/element/f.176CCEC0CFC1BEF50F2A214319D4C569.d.5DD68870CC2FD91A0AE0EAAE2A7B4A47.e.4311/elements - {"using":"css selector","value":"td"}
RESULT: {"using":"css selector","value":"td"}
COMMAND: POST /session/d9a998879d5a0ca5d611ed7923943cd8/element/f.176CCEC0CFC1BEF50F2A214319D4C569.d.5DD68870CC2FD91A0AE0EAAE2A7B4A47.e.4312/elements - {"using":"css selector","value":"td"}
RESULT: {"using":"css selector","value":"td"}
COMMAND: POST /session/d9a998879d5a0ca5d611ed7923943cd8/element/f.176CCEC0CFC1BEF50F2A214319D4C569.d.5DD68870CC2FD91A0AE0EAAE2A7B4A47.e.4313/elements - {"using":"css selector","value":"td"}
RESULT: {"using":"css selector","value":"td"}
COMMAND: POST /session/d9a998879d5a0ca5d611ed7923943cd8/element/f.176CCEC0CFC1BEF50F2A214319D4C569.d.5DD68870CC2FD91A0AE0EAAE2A7B4A47.e.4314/elements - {"using":"css selector","value":"td"}
RESULT: {"using":"css selector","value":"td"}
COMMAND: POST /session/d9a998879d5a0ca5d611ed7923943cd8/element/f.176CCEC0CFC1BEF50F2A214319D4C569.d.5DD68870CC2FD91A0AE0EAAE2A7B4A47.e.4315/elements - {"using":"css selector","value":"td"}
RESULT: {"using":"css selector","value":"td"}
COMMAND: POST /session/d9a998879d5a0ca5d611ed7923943cd8/element/f.176CCEC0CFC1BEF50F2A214319D4C569.d.5DD68870CC2FD91A0AE0EAAE2A7B4A47.e.4316/elements - {"using":"css selector","value":"td"}
RESULT: {"using":"css selector","value":"td"}
COMMAND: POST /session/d9a998879d5a0ca5d611ed7923943cd8/element/f.176CCEC0CFC1BEF50F2A214319D4C569.d.5DD68870CC2FD91A0AE0EAAE2A7B4A47.e.4317/elements - {"using":"css selector","value":"td"}
RESULT: {"using":"css selector","value":"td"}
COMMAND: POST /session/d9a998879d5a0ca5d611ed7923943cd8/element/f.176CCEC0CFC1BEF50F2A214319D4C569.d.5DD68870CC2FD91A0AE0EAAE2A7B4A47.e.4318/elements - {"using":"css selector","value":"td"}
RESULT: {"using":"css selector","value":"td"}
COMMAND: POST /session/d9a998879d5a0ca5d611ed7923943cd8/element/f.176CCEC0CFC1BEF50F2A214319D4C569.d.5DD68870CC2FD91A0AE0EAAE2A7B4A47.e.4319/elements - {"using":"css selector","value":"td"}
RESULT: {"using":"css selector","value":"td"}
COMMAND: POST /session/d9a998879d5a0ca5d611ed7923943cd8/element/f.176CCEC0CFC1BEF50F2A214319D4C569.d.5DD68870CC2FD91A0AE0EAAE2A7B4A47.e.4320/elements - {"using":"css selector","value":"td"}
RESULT: {"using":"css selector","value":"td"}
COMMAND: POST /session/d9a998879d5a0ca5d611ed7923943cd8/element/f.176CCEC0CFC1BEF50F2A214319D4C569.d.5DD68870CC2FD91A0AE0EAAE2A7B4A47.e.4321/elements - {"using":"css selector","value":"td"}
RESULT: {"using":"css selector","value":"td"}
COMMAND: POST /session/d9a998879d5a0ca5d611ed7923943cd8/element/f.176CCEC0CFC1BEF50F2A214319D4C569.d.5DD68870CC2FD91A0AE0EAAE2A7B4A47.e.4322/elements - {"using":"css selector","value":"td"}
RESULT: {"using":"css selector","value":"td"}
COMMAND: POST /session/d9a998879d5a0ca5d611ed7923943cd8/element/f.176CCEC0CFC1BEF50F2A214319D4C569.d.5DD68870CC2FD91A0AE0EAAE2A7B4A47.e.4323/elements - {"using":"css selector","value":"td"}
RESULT: {"using":"css selector","value":"td"}
COMMAND: POST /session/d9a998879d5a0ca5d611ed7923943cd8/element/f.176CCEC0CFC1BEF50F2A214319D4C569.d.5DD68870CC2FD91A0AE0EAAE2A7B4A47.e.4324/elements - {"using":"css selector","value":"td"}
RESULT: {"using":"css selector","value":"td"}
COMMAND: POST /session/d9a998879d5a0ca5d611ed7923943cd8/element/f.176CCEC0CFC1BEF50F2A214319D4C569.d.5DD68870CC2FD91A0AE0EAAE2A7B4A47.e.4325/elements - {"using":"css selector","value":"td"}
RESULT: {"using":"css selector","value":"td"}
COMMAND: POST /session/d9a998879d5a0ca5d611ed7923943cd8/element/f.176CCEC0CFC1BEF50F2A214319D4C569.d.5DD68870CC2FD91A0AE0EAAE2A7B4A47.e.4326/elements - {"using":"css selector","value":"td"}
RESULT: {"using":"css selector","value":"td"}
COMMAND: POST /session/d9a998879d5a0ca5d611ed7923943cd8/element/f.176CCEC0CFC1BEF50F2A214319D4C569.d.5DD68870CC2FD91A0AE0EAAE2A7B4A47.e.4327/elements - {"using":"css selector","value":"td"}
RESULT: {"using":"css selector","value":"td"}
COMMAND: POST /session/d9a998879d5a0ca5d611ed7923943cd8/element/f.176CCEC0CFC1BEF50F2A214319D4C569.d.5DD68870CC2FD91A0AE0EAAE2A7B4A47.e.4328/elements - {"using":"css selector","value":"td"}
RESULT: {"using":"css selector","value":"td"}
COMMAND: POST /session/d9a998879d5a0ca5d611ed7923943cd8/element/f.176CCEC0CFC1BEF50F2A214319D4C569.d.5DD68870CC2FD91A0AE0EAAE2A7B4A47.e.4329/elements - {"using":"css selector","value":"td"}
RESULT: {"using":"css selector","value":"td"}
COMMAND: POST /session/d9a998879d5a0ca5d611ed7923943cd8/element/f.176CCEC0CFC1BEF50F2A214319D4C569.d.5DD68870CC2FD91A0AE0EAAE2A7B4A47.e.4330/elements - {"using":"css selector","value":"td"}
RESULT: {"using":"css selector","value":"td"}
COMMAND: POST /session/d9a998879d5a0ca5d611ed7923943cd8/element/f.176CCEC0CFC1BEF50F2A214319D4C569.d.5DD68870CC2FD91A0AE0EAAE2A7B4A47.e.4331/elements - {"using":"css selector","value":"td"}
RESULT: {"using":"css selector","value":"td"}
COMMAND: POST /session/d9a998879d5a0ca5d611ed7923943cd8/element/f.176CCEC0CFC1BEF50F2A214319D4C569.d.5DD68870CC2FD91A0AE0EAAE2A7B4A47.e.4332/elements - {"using":"css selector","value":"td"}
RESULT: {"using":"css selector","value":"td"}
COMMAND: POST /session/d9a998879d5a0ca5d611ed7923943cd8/element/f.176CCEC0CFC1BEF50F2A214319D4C569.d.5DD68870CC2FD91A0AE0EAAE2A7B4A47.e.4333/elements - {"using":"css selector","value":"td"}
RESULT: {"using":"css selector","value":"td"}
COMMAND: POST /session/d9a998879d5a0ca5d611ed7923943cd8/element/f.176CCEC0CFC1BEF50F2A214319D4C569.d.5DD68870CC2FD91A0AE0EAAE2A7B4A47.e.4334/elements - {"using":"css selector","value":"td"}
RESULT: {"using":"css selector","value":"td"}
COMMAND: POST /session/d9a998879d5a0ca5d611ed7923943cd8/element/f.176CCEC0CFC1BEF50F2A214319D4C569.d.5DD68870CC2FD91A0AE0EAAE2A7B4A47.e.4335/elements - {"using":"css selector","value":"td"}
RESULT: {"using":"css selector","value":"td"}
COMMAND: POST /session/d9a998879d5a0ca5d611ed7923943cd8/element/f.176CCEC0CFC1BEF50F2A214319D4C569.d.5DD68870CC2FD91A0AE0EAAE2A7B4A47.e.4336/elements - {"using":"css selector","value":"td"}
RESULT: {"using":"css selector","value":"td"}
COMMAND: POST /session/d9a998879d5a0ca5d611ed7923943cd8/element/f.176CCEC0CFC1BEF50F2A214319D4C569.d.5DD68870CC2FD91A0AE0EAAE2A7B4A47.e.4337/elements - {"using":"css selector","value":"td"}
RESULT: {"using":"css selector","value":"td"}
COMMAND: POST /session/d9a998879d5a0ca5d611ed7923943cd8/element/f.176CCEC0CFC1BEF50F2A214319D4C569.d.5DD68870CC2FD91A0AE0EAAE2A7B4A47.e.4338/elements - {"using":"css selector","value":"td"}
RESULT: {"using":"css selector","value":"td"}
COMMAND: POST /session/d9a998879d5a0ca5d611ed7923943cd8/element/f.176CCEC0CFC1BEF50F2A214319D4C569.d.5DD68870CC2FD91A0AE0EAAE2A7B4A47.e.4339/elements - {"using":"css selector","value":"td"}
RESULT: {"using":"css selector","value":"td"}
COMMAND: POST /session/d9a998879d5a0ca5d611ed7923943cd8/element/f.176CCEC0CFC1BEF50F2A214319D4C569.d.5DD68870CC2FD91A0AE0EAAE2A7B4A47.e.4340/elements - {"using":"css selector","value":"td"}
RESULT: {"using":"css selector","value":"td"}
COMMAND: POST /session/d9a998879d5a0ca5d611ed7923943cd8/element/f.176CCEC0CFC1BEF50F2A214319D4C569.d.5DD68870CC2FD91A0AE0EAAE2A7B4A47.e.4341/elements - {"using":"css selector","value":"td"}
RESULT: {"using":"css selector","value":"td"}
COMMAND: POST /session/d9a998879d5a0ca5d611ed7923943cd8/element/f.176CCEC0CFC1BEF50F2A214319D4C569.d.5DD68870CC2FD91A0AE0EAAE2A7B4A47.e.4342/elements - {"using":"css selector","value":"td"}
RESULT: {"using":"css selector","value":"td"}
COMMAND: POST /session/d9a998879d5a0ca5d611ed7923943cd8/element/f.176CCEC0CFC1BEF50F2A214319D4C569.d.5DD68870CC2FD91A0AE0EAAE2A7B4A47.e.4343/elements - {"using":"css selector","value":"td"}
RESULT: {"using":"css selector","value":"td"}
COMMAND: POST /session/d9a998879d5a0ca5d611ed7923943cd8/element/f.176CCEC0CFC1BEF50F2A214319D4C569.d.5DD68870CC2FD91A0AE0EAAE2A7B4A47.e.4344/elements - {"using":"css selector","value":"td"}
RESULT: {"using":"css selector","value":"td"}
COMMAND: POST /session/d9a998879d5a0ca5d611ed7923943cd8/element/f.176CCEC0CFC1BEF50F2A214319D4C569.d.5DD68870CC2FD91A0AE0EAAE2A7B4A47.e.4345/elements - {"using":"css selector","value":"td"}
RESULT: {"using":"css selector","value":"td"}
COMMAND: POST /session/d9a998879d5a0ca5d611ed7923943cd8/element/f.176CCEC0CFC1BEF50F2A214319D4C569.d.5DD68870CC2FD91A0AE0EAAE2A7B4A47.e.4346/elements - {"using":"css selector","value":"td"}
RESULT: {"using":"css selector","value":"td"}
COMMAND: POST /session/d9a998879d5a0ca5d611ed7923943cd8/element/f.176CCEC0CFC1BEF50F2A214319D4C569.d.5DD68870CC2FD91A0AE0EAAE2A7B4A47.e.4347/elements - {"using":"css selector","value":"td"}
RESULT: {"using":"css selector","value":"td"}
COMMAND: POST /session/d9a998879d5a0ca5d611ed7923943cd8/element/f.176CCEC0CFC1BEF50F2A214319D4C569.d.5DD68870CC2FD91A0AE0EAAE2A7B4A47.e.4348/elements - {"using":"css selector","value":"td"}
RESULT: {"using":"css selector","value":"td"}
COMMAND: POST /session/d9a998879d5a0ca5d611ed7923943cd8/element/f.176CCEC0CFC1BEF50F2A214319D4C569.d.5DD68870CC2FD91A0AE0EAAE2A7B4A47.e.4349/elements - {"using":"css selector","value":"td"}
RESULT: {"using":"css selector","value":"td"}
COMMAND: POST /session/d9a998879d5a0ca5d611ed7923943cd8/element/f.176CCEC0CFC1BEF50F2A214319D4C569.d.5DD68870CC2FD91A0AE0EAAE2A7B4A47.e.4350/elements - {"using":"css selector","value":"td"}
RESULT: {"using":"css selector","value":"td"}
COMMAND: POST /session/d9a998879d5a0ca5d611ed7923943cd8/element/f.176CCEC0CFC1BEF50F2A214319D4C569.d.5DD68870CC2FD91A0AE0EAAE2A7B4A47.e.4351/elements - {"using":"css selector","value":"td"}
RESULT: {"using":"css selector","value":"td"}
COMMAND: POST /session/d9a998879d5a0ca5d611ed7923943cd8/element/f.176CCEC0CFC1BEF50F2A214319D4C569.d.5DD68870CC2FD91A0AE0EAAE2A7B4A47.e.4352/elements - {"using":"css selector","value":"td"}
RESULT: {"using":"css selector","value":"td"}
COMMAND: POST /session/d9a998879d5a0ca5d611ed7923943cd8/element/f.176CCEC0CFC1BEF50F2A214319D4C569.d.5DD68870CC2FD91A0AE0EAAE2A7B4A47.e.4353/elements - {"using":"css selector","value":"td"}
RESULT: {"using":"css selector","value":"td"}
COMMAND: POST /session/d9a998879d5a0ca5d611ed7923943cd8/element/f.176CCEC0CFC1BEF50F2A214319D4C569.d.5DD68870CC2FD91A0AE0EAAE2A7B4A47.e.4354/elements - {"using":"css selector","value":"td"}
RESULT: {"using":"css selector","value":"td"}
COMMAND: POST /session/d9a998879d5a0ca5d611ed7923943cd8/element/f.176CCEC0CFC1BEF50F2A214319D4C569.d.5DD68870CC2FD91A0AE0EAAE2A7B4A47.e.4355/elements - {"using":"css selector","value":"td"}
RESULT: {"using":"css selector","value":"td"}
COMMAND: POST /session/d9a998879d5a0ca5d611ed7923943cd8/element/f.176CCEC0CFC1BEF50F2A214319D4C569.d.5DD68870CC2FD91A0AE0EAAE2A7B4A47.e.4356/elements - {"using":"css selector","value":"td"}
RESULT: {"using":"css selector","value":"td"}
COMMAND: POST /session/d9a998879d5a0ca5d611ed7923943cd8/element/f.176CCEC0CFC1BEF50F2A214319D4C569.d.5DD68870CC2FD91A0AE0EAAE2A7B4A47.e.4357/elements - {"using":"css selector","value":"td"}
RESULT: {"using":"css selector","value":"td"}
COMMAND: POST /session/d9a998879d5a0ca5d611ed7923943cd8/element/f.176CCEC0CFC1BEF50F2A214319D4C569.d.5DD68870CC2FD91A0AE0EAAE2A7B4A47.e.4358/elements - {"using":"css selector","value":"td"}
RESULT: {"using":"css selector","value":"td"}
COMMAND: POST /session/d9a998879d5a0ca5d611ed7923943cd8/element/f.176CCEC0CFC1BEF50F2A214319D4C569.d.5DD68870CC2FD91A0AE0EAAE2A7B4A47.e.4359/elements - {"using":"css selector","value":"td"}
RESULT: {"using":"css selector","value":"td"}
COMMAND: POST /session/d9a998879d5a0ca5d611ed7923943cd8/element/f.176CCEC0CFC1BEF50F2A214319D4C569.d.5DD68870CC2FD91A0AE0EAAE2A7B4A47.e.4360/elements - {"using":"css selector","value":"td"}
RESULT: {"using":"css selector","value":"td"}
COMMAND: POST /session/d9a998879d5a0ca5d611ed7923943cd8/element/f.176CCEC0CFC1BEF50F2A214319D4C569.d.5DD68870CC2FD91A0AE0EAAE2A7B4A47.e.4361/elements - {"using":"css selector","value":"td"}
RESULT: {"using":"css selector","value":"td"}
COMMAND: POST /session/d9a998879d5a0ca5d611ed7923943cd8/element/f.176CCEC0CFC1BEF50F2A214319D4C569.d.5DD68870CC2FD91A0AE0EAAE2A7B4A47.e.4362/elements - {"using":"css selector","value":"td"}
RESULT: {"using":"css selector","value":"td"}
COMMAND: POST /session/d9a998879d5a0ca5d611ed7923943cd8/element/f.176CCEC0CFC1BEF50F2A214319D4C569.d.5DD68870CC2FD91A0AE0EAAE2A7B4A47.e.4363/elements - {"using":"css selector","value":"td"}
RESULT: {"using":"css selector","value":"td"}
COMMAND: POST /session/d9a998879d5a0ca5d611ed7923943cd8/element/f.176CCEC0CFC1BEF50F2A214319D4C569.d.5DD68870CC2FD91A0AE0EAAE2A7B4A47.e.4364/elements - {"using":"css selector","value":"td"}
RESULT: {"using":"css selector","value":"td"}
COMMAND: POST /session/d9a998879d5a0ca5d611ed7923943cd8/element/f.176CCEC0CFC1BEF50F2A214319D4C569.d.5DD68870CC2FD91A0AE0EAAE2A7B4A47.e.4365/elements - {"using":"css selector","value":"td"}
RESULT: {"using":"css selector","value":"td"}
COMMAND: POST /session/d9a998879d5a0ca5d611ed7923943cd8/element/f.176CCEC0CFC1BEF50F2A214319D4C569.d.5DD68870CC2FD91A0AE0EAAE2A7B4A47.e.4366/elements - {"using":"css selector","value":"td"}
RESULT: {"using":"css selector","value":"td"}
COMMAND: POST /session/d9a998879d5a0ca5d611ed7923943cd8/element/f.176CCEC0CFC1BEF50F2A214319D4C569.d.5DD68870CC2FD91A0AE0EAAE2A7B4A47.e.4367/elements - {"using":"css selector","value":"td"}
RESULT: {"using":"css selector","value":"td"}
COMMAND: POST /session/d9a998879d5a0ca5d611ed7923943cd8/element/f.176CCEC0CFC1BEF50F2A214319D4C569.d.5DD68870CC2FD91A0AE0EAAE2A7B4A47.e.4368/elements - {"using":"css selector","value":"td"}
RESULT: {"using":"css selector","value":"td"}
COMMAND: POST /session/d9a998879d5a0ca5d611ed7923943cd8/element/f.176CCEC0CFC1BEF50F2A214319D4C569.d.5DD68870CC2FD91A0AE0EAAE2A7B4A47.e.4369/elements - {"using":"css selector","value":"td"}
RESULT: {"using":"css selector","value":"td"}
COMMAND: POST /session/d9a998879d5a0ca5d611ed7923943cd8/element/f.176CCEC0CFC1BEF50F2A214319D4C569.d.5DD68870CC2FD91A0AE0EAAE2A7B4A47.e.4370/elements - {"using":"css selector","value":"td"}
RESULT: {"using":"css selector","value":"td"}
COMMAND: POST /session/d9a998879d5a0ca5d611ed7923943cd8/element/f.176CCEC0CFC1BEF50F2A214319D4C569.d.5DD68870CC2FD91A0AE0EAAE2A7B4A47.e.4371/elements - {"using":"css selector","value":"td"}
RESULT: {"using":"css selector","value":"td"}
COMMAND: POST /session/d9a998879d5a0ca5d611ed7923943cd8/element/f.176CCEC0CFC1BEF50F2A214319D4C569.d.5DD68870CC2FD91A0AE0EAAE2A7B4A47.e.4372/elements - {"using":"css selector","value":"td"}
RESULT: {"using":"css selector","value":"td"}
COMMAND: POST /session/d9a998879d5a0ca5d611ed7923943cd8/element/f.176CCEC0CFC1BEF50F2A214319D4C569.d.5DD68870CC2FD91A0AE0EAAE2A7B4A47.e.4373/elements - {"using":"css selector","value":"td"}
RESULT: {"using":"css selector","value":"td"}
COMMAND: POST /session/d9a998879d5a0ca5d611ed7923943cd8/element/f.176CCEC0CFC1BEF50F2A214319D4C569.d.5DD68870CC2FD91A0AE0EAAE2A7B4A47.e.4374/elements - {"using":"css selector","value":"td"}
RESULT: {"using":"css selector","value":"td"}
COMMAND: POST /session/d9a998879d5a0ca5d611ed7923943cd8/element/f.176CCEC0CFC1BEF50F2A214319D4C569.d.5DD68870CC2FD91A0AE0EAAE2A7B4A47.e.4375/elements - {"using":"css selector","value":"td"}
RESULT: {"using":"css selector","value":"td"}
COMMAND: POST /session/d9a998879d5a0ca5d611ed7923943cd8/element/f.176CCEC0CFC1BEF50F2A214319D4C569.d.5DD68870CC2FD91A0AE0EAAE2A7B4A47.e.4376/elements - {"using":"css selector","value":"td"}
RESULT: {"using":"css selector","value":"td"}
COMMAND: POST /session/d9a998879d5a0ca5d611ed7923943cd8/element/f.176CCEC0CFC1BEF50F2A214319D4C569.d.5DD68870CC2FD91A0AE0EAAE2A7B4A47.e.4377/elements - {"using":"css selector","value":"td"}
RESULT: {"using":"css selector","value":"td"}
COMMAND: POST /session/d9a998879d5a0ca5d611ed7923943cd8/element/f.176CCEC0CFC1BEF50F2A214319D4C569.d.5DD68870CC2FD91A0AE0EAAE2A7B4A47.e.4378/elements - {"using":"css selector","value":"td"}
RESULT: {"using":"css selector","value":"td"}
COMMAND: POST /session/d9a998879d5a0ca5d611ed7923943cd8/element/f.176CCEC0CFC1BEF50F2A214319D4C569.d.5DD68870CC2FD91A0AE0EAAE2A7B4A47.e.4400/element - {"using":"css selector","value":"input"}
RESULT: {"using":"css selector","value":"input"}
COMMAND: GET /session/d9a998879d5a0ca5d611ed7923943cd8/element/f.176CCEC0CFC1BEF50F2A214319D4C569.d.5DD68870CC2FD91A0AE0EAAE2A7B4A47.e.4383/property/value - {}
RESULT: {}
COMMAND: POST /session/d9a998879d5a0ca5d611ed7923943cd8/element/f.176CCEC0CFC1BEF50F2A214319D4C569.d.5DD68870CC2FD91A0AE0EAAE2A7B4A47.e.4378/element - {"using":"css selector","value":".sapMCbBg"}
COMMAND: GET /session/d9a998879d5a0ca5d611ed7923943cd8/screenshot - {}
RESULT: {"using":"css selector","value":".sapMCbBg"}
COMMAND: GET /session/d9a998879d5a0ca5d611ed7923943cd8/element/f.176CCEC0CFC1BEF50F2A214319D4C569.d.5DD68870CC2FD91A0AE0EAAE2A7B4A47.e.4793/selected - {}
RESULT: {}
RESULT: {}
COMMAND: POST /session/d9a998879d5a0ca5d611ed7923943cd8/element/f.176CCEC0CFC1BEF50F2A214319D4C569.d.5DD68870CC2FD91A0AE0EAAE2A7B4A47.e.4793/click - {}
COMMAND: GET /session/d9a998879d5a0ca5d611ed7923943cd8/screenshot - {}
RESULT: {}
COMMAND: POST /session/d9a998879d5a0ca5d611ed7923943cd8/element/f.176CCEC0CFC1BEF50F2A214319D4C569.d.5DD68870CC2FD91A0AE0EAAE2A7B4A47.e.4411/elements - {"using":"css selector","value":"td"}
COMMAND: GET /session/d9a998879d5a0ca5d611ed7923943cd8/screenshot - {}
RESULT: {}
RESULT: {"using":"css selector","value":"td"}
COMMAND: POST /session/d9a998879d5a0ca5d611ed7923943cd8/element/f.176CCEC0CFC1BEF50F2A214319D4C569.d.5DD68870CC2FD91A0AE0EAAE2A7B4A47.e.4433/element - {"using":"css selector","value":"input"}
RESULT: {}
RESULT: {"using":"css selector","value":"input"}
COMMAND: GET /session/d9a998879d5a0ca5d611ed7923943cd8/element/f.176CCEC0CFC1BEF50F2A214319D4C569.d.5DD68870CC2FD91A0AE0EAAE2A7B4A47.e.4416/property/value - {}
RESULT: {}
COMMAND: POST /session/d9a998879d5a0ca5d611ed7923943cd8/element/f.176CCEC0CFC1BEF50F2A214319D4C569.d.5DD68870CC2FD91A0AE0EAAE2A7B4A47.e.4411/element - {"using":"css selector","value":".sapMCbBg"}
COMMAND: GET /session/d9a998879d5a0ca5d611ed7923943cd8/screenshot - {}
RESULT: {"using":"css selector","value":".sapMCbBg"}
COMMAND: GET /session/d9a998879d5a0ca5d611ed7923943cd8/element/f.176CCEC0CFC1BEF50F2A214319D4C569.d.5DD68870CC2FD91A0AE0EAAE2A7B4A47.e.4797/selected - {}
RESULT: {}
RESULT: {}
COMMAND: POST /session/d9a998879d5a0ca5d611ed7923943cd8/element/f.176CCEC0CFC1BEF50F2A214319D4C569.d.5DD68870CC2FD91A0AE0EAAE2A7B4A47.e.4797/click - {}
COMMAND: GET /session/d9a998879d5a0ca5d611ed7923943cd8/screenshot - {}
RESULT: {}
COMMAND: GET /session/d9a998879d5a0ca5d611ed7923943cd8/screenshot - {}
RESULT: {}
RESULT: {}
COMMAND: POST /session/d9a998879d5a0ca5d611ed7923943cd8/execute/async - {"script":"<script> [1562 bytes]","args":[{"selector":{"id":"application-manageconditionprice-display-component---dailyPrices--deleteBtn","interaction":{"idSuffix":"content"}},"wdio_ui5_key":"applicationmanageconditionprice-display-component---dailyPrices--deleteBtn"}]}
RESULT: {"script":"<script> [1562 bytes]","args":[{"selector":{"id":"application-manageconditionprice-display-component---dailyPrices--deleteBtn","interaction":{"idSuffix":"content"}},"wdio_ui5_key":"applicationmanageconditionprice-display-component---dailyPrices--deleteBtn"}]}
RESULT: undefined
COMMAND: POST /session/d9a998879d5a0ca5d611ed7923943cd8/element - {"using":"xpath","value":"//*[@id=\"application-manageconditionprice-display-component---dailyPrices--deleteBtn\"]"}
RESULT: {"using":"xpath","value":"//*[@id=\"application-manageconditionprice-display-component---dailyPrices--deleteBtn\"]"}
COMMAND: POST /session/d9a998879d5a0ca5d611ed7923943cd8/element/f.176CCEC0CFC1BEF50F2A214319D4C569.d.5DD68870CC2FD91A0AE0EAAE2A7B4A47.e.4799/click - {}
RESULT: {}
COMMAND: POST /session/d9a998879d5a0ca5d611ed7923943cd8/execute/async - {"script":"<script> [1562 bytes]","args":[{"selector":{"controlType":"sap.m.Button","properties":{"text":"OK"},"searchOpenDialogs":true,"interaction":{"idSuffix":"BDI-content"}},"wdio_ui5_key":"sapm.Button{\"text\":\"OK\"}"}]}
COMMAND: GET /session/d9a998879d5a0ca5d611ed7923943cd8/screenshot - {}
RESULT: {"script":"<script> [1562 bytes]","args":[{"selector":{"controlType":"sap.m.Button","properties":{"text":"OK"},"searchOpenDialogs":true,"interaction":{"idSuffix":"BDI-content"}},"wdio_ui5_key":"sapm.Button{\"text\":\"OK\"}"}]}
RESULT: undefined
COMMAND: POST /session/d9a998879d5a0ca5d611ed7923943cd8/element - {"using":"xpath","value":"//*[@id=\"__mbox-btn-0\"]"}
RESULT: {}
RESULT: {"using":"xpath","value":"//*[@id=\"__mbox-btn-0\"]"}
COMMAND: POST /session/d9a998879d5a0ca5d611ed7923943cd8/element/f.176CCEC0CFC1BEF50F2A214319D4C569.d.5DD68870CC2FD91A0AE0EAAE2A7B4A47.e.4800/click - {}
RESULT: {}
COMMAND: GET /session/d9a998879d5a0ca5d611ed7923943cd8/screenshot - {}
RESULT: {}
RESULT: undefined
COMMAND: POST /session/d9a998879d5a0ca5d611ed7923943cd8/element - {"using":"xpath","value":"//*[@id=\"__button115\"]"}
RESULT: {"using":"xpath","value":"//*[@id=\"__button115\"]"}
COMMAND: POST /session/d9a998879d5a0ca5d611ed7923943cd8/element/f.176CCEC0CFC1BEF50F2A214319D4C569.d.5DD68870CC2FD91A0AE0EAAE2A7B4A47.e.4468/click - {}
RESULT: {}
COMMAND: GET /session/d9a998879d5a0ca5d611ed7923943cd8/screenshot - {}
RESULT: {}
COMMAND: POST /session/d9a998879d5a0ca5d611ed7923943cd8/elements - {"using":"css selector","value":"table tr"}
RESULT: {"using":"css selector","value":"table tr"}
COMMAND: POST /session/d9a998879d5a0ca5d611ed7923943cd8/element/f.176CCEC0CFC1BEF50F2A214319D4C569.d.5DD68870CC2FD91A0AE0EAAE2A7B4A47.e.4302/elements - {"using":"css selector","value":"td"}
RESULT: {"using":"css selector","value":"td"}
COMMAND: POST /session/d9a998879d5a0ca5d611ed7923943cd8/element/f.176CCEC0CFC1BEF50F2A214319D4C569.d.5DD68870CC2FD91A0AE0EAAE2A7B4A47.e.4303/elements - {"using":"css selector","value":"td"}
RESULT: {"using":"css selector","value":"td"}
COMMAND: POST /session/d9a998879d5a0ca5d611ed7923943cd8/element/f.176CCEC0CFC1BEF50F2A214319D4C569.d.5DD68870CC2FD91A0AE0EAAE2A7B4A47.e.4304/elements - {"using":"css selector","value":"td"}
RESULT: {"using":"css selector","value":"td"}
COMMAND: POST /session/d9a998879d5a0ca5d611ed7923943cd8/element/f.176CCEC0CFC1BEF50F2A214319D4C569.d.5DD68870CC2FD91A0AE0EAAE2A7B4A47.e.4242/elements - {"using":"css selector","value":"td"}
RESULT: {"using":"css selector","value":"td"}
COMMAND: POST /session/d9a998879d5a0ca5d611ed7923943cd8/element/f.176CCEC0CFC1BEF50F2A214319D4C569.d.5DD68870CC2FD91A0AE0EAAE2A7B4A47.e.4243/elements - {"using":"css selector","value":"td"}
RESULT: {"using":"css selector","value":"td"}
COMMAND: POST /session/d9a998879d5a0ca5d611ed7923943cd8/element/f.176CCEC0CFC1BEF50F2A214319D4C569.d.5DD68870CC2FD91A0AE0EAAE2A7B4A47.e.4246/elements - {"using":"css selector","value":"td"}
RESULT: {"using":"css selector","value":"td"}
COMMAND: POST /session/d9a998879d5a0ca5d611ed7923943cd8/element/f.176CCEC0CFC1BEF50F2A214319D4C569.d.5DD68870CC2FD91A0AE0EAAE2A7B4A47.e.4247/elements - {"using":"css selector","value":"td"}
RESULT: {"using":"css selector","value":"td"}
COMMAND: POST /session/d9a998879d5a0ca5d611ed7923943cd8/element/f.176CCEC0CFC1BEF50F2A214319D4C569.d.5DD68870CC2FD91A0AE0EAAE2A7B4A47.e.4253/elements - {"using":"css selector","value":"td"}
RESULT: {"using":"css selector","value":"td"}
COMMAND: POST /session/d9a998879d5a0ca5d611ed7923943cd8/element/f.176CCEC0CFC1BEF50F2A214319D4C569.d.5DD68870CC2FD91A0AE0EAAE2A7B4A47.e.4254/elements - {"using":"css selector","value":"td"}
RESULT: {"using":"css selector","value":"td"}
COMMAND: POST /session/d9a998879d5a0ca5d611ed7923943cd8/element/f.176CCEC0CFC1BEF50F2A214319D4C569.d.5DD68870CC2FD91A0AE0EAAE2A7B4A47.e.4260/elements - {"using":"css selector","value":"td"}
RESULT: {"using":"css selector","value":"td"}
COMMAND: POST /session/d9a998879d5a0ca5d611ed7923943cd8/element/f.176CCEC0CFC1BEF50F2A214319D4C569.d.5DD68870CC2FD91A0AE0EAAE2A7B4A47.e.4305/elements - {"using":"css selector","value":"td"}
RESULT: {"using":"css selector","value":"td"}
COMMAND: POST /session/d9a998879d5a0ca5d611ed7923943cd8/element/f.176CCEC0CFC1BEF50F2A214319D4C569.d.5DD68870CC2FD91A0AE0EAAE2A7B4A47.e.4306/elements - {"using":"css selector","value":"td"}
RESULT: {"using":"css selector","value":"td"}
COMMAND: POST /session/d9a998879d5a0ca5d611ed7923943cd8/element/f.176CCEC0CFC1BEF50F2A214319D4C569.d.5DD68870CC2FD91A0AE0EAAE2A7B4A47.e.4307/elements - {"using":"css selector","value":"td"}
RESULT: {"using":"css selector","value":"td"}
COMMAND: POST /session/d9a998879d5a0ca5d611ed7923943cd8/element/f.176CCEC0CFC1BEF50F2A214319D4C569.d.5DD68870CC2FD91A0AE0EAAE2A7B4A47.e.4308/elements - {"using":"css selector","value":"td"}
RESULT: {"using":"css selector","value":"td"}
COMMAND: POST /session/d9a998879d5a0ca5d611ed7923943cd8/element/f.176CCEC0CFC1BEF50F2A214319D4C569.d.5DD68870CC2FD91A0AE0EAAE2A7B4A47.e.4309/elements - {"using":"css selector","value":"td"}
RESULT: {"using":"css selector","value":"td"}
COMMAND: POST /session/d9a998879d5a0ca5d611ed7923943cd8/element/f.176CCEC0CFC1BEF50F2A214319D4C569.d.5DD68870CC2FD91A0AE0EAAE2A7B4A47.e.4310/elements - {"using":"css selector","value":"td"}
RESULT: {"using":"css selector","value":"td"}
COMMAND: POST /session/d9a998879d5a0ca5d611ed7923943cd8/element/f.176CCEC0CFC1BEF50F2A214319D4C569.d.5DD68870CC2FD91A0AE0EAAE2A7B4A47.e.4311/elements - {"using":"css selector","value":"td"}
RESULT: {"using":"css selector","value":"td"}
COMMAND: POST /session/d9a998879d5a0ca5d611ed7923943cd8/element/f.176CCEC0CFC1BEF50F2A214319D4C569.d.5DD68870CC2FD91A0AE0EAAE2A7B4A47.e.4312/elements - {"using":"css selector","value":"td"}
RESULT: {"using":"css selector","value":"td"}
COMMAND: POST /session/d9a998879d5a0ca5d611ed7923943cd8/element/f.176CCEC0CFC1BEF50F2A214319D4C569.d.5DD68870CC2FD91A0AE0EAAE2A7B4A47.e.4313/elements - {"using":"css selector","value":"td"}
RESULT: {"using":"css selector","value":"td"}
COMMAND: POST /session/d9a998879d5a0ca5d611ed7923943cd8/element/f.176CCEC0CFC1BEF50F2A214319D4C569.d.5DD68870CC2FD91A0AE0EAAE2A7B4A47.e.4314/elements - {"using":"css selector","value":"td"}
RESULT: {"using":"css selector","value":"td"}
COMMAND: POST /session/d9a998879d5a0ca5d611ed7923943cd8/element/f.176CCEC0CFC1BEF50F2A214319D4C569.d.5DD68870CC2FD91A0AE0EAAE2A7B4A47.e.4315/elements - {"using":"css selector","value":"td"}
RESULT: {"using":"css selector","value":"td"}
COMMAND: POST /session/d9a998879d5a0ca5d611ed7923943cd8/element/f.176CCEC0CFC1BEF50F2A214319D4C569.d.5DD68870CC2FD91A0AE0EAAE2A7B4A47.e.4316/elements - {"using":"css selector","value":"td"}
RESULT: {"using":"css selector","value":"td"}
COMMAND: POST /session/d9a998879d5a0ca5d611ed7923943cd8/element/f.176CCEC0CFC1BEF50F2A214319D4C569.d.5DD68870CC2FD91A0AE0EAAE2A7B4A47.e.4317/elements - {"using":"css selector","value":"td"}
RESULT: {"using":"css selector","value":"td"}
COMMAND: POST /session/d9a998879d5a0ca5d611ed7923943cd8/element/f.176CCEC0CFC1BEF50F2A214319D4C569.d.5DD68870CC2FD91A0AE0EAAE2A7B4A47.e.4318/elements - {"using":"css selector","value":"td"}
RESULT: {"using":"css selector","value":"td"}
COMMAND: POST /session/d9a998879d5a0ca5d611ed7923943cd8/element/f.176CCEC0CFC1BEF50F2A214319D4C569.d.5DD68870CC2FD91A0AE0EAAE2A7B4A47.e.4319/elements - {"using":"css selector","value":"td"}
RESULT: {"using":"css selector","value":"td"}
COMMAND: POST /session/d9a998879d5a0ca5d611ed7923943cd8/element/f.176CCEC0CFC1BEF50F2A214319D4C569.d.5DD68870CC2FD91A0AE0EAAE2A7B4A47.e.4320/elements - {"using":"css selector","value":"td"}
RESULT: {"using":"css selector","value":"td"}
COMMAND: POST /session/d9a998879d5a0ca5d611ed7923943cd8/element/f.176CCEC0CFC1BEF50F2A214319D4C569.d.5DD68870CC2FD91A0AE0EAAE2A7B4A47.e.4321/elements - {"using":"css selector","value":"td"}
RESULT: {"using":"css selector","value":"td"}
COMMAND: POST /session/d9a998879d5a0ca5d611ed7923943cd8/element/f.176CCEC0CFC1BEF50F2A214319D4C569.d.5DD68870CC2FD91A0AE0EAAE2A7B4A47.e.4322/elements - {"using":"css selector","value":"td"}
RESULT: {"using":"css selector","value":"td"}
COMMAND: POST /session/d9a998879d5a0ca5d611ed7923943cd8/element/f.176CCEC0CFC1BEF50F2A214319D4C569.d.5DD68870CC2FD91A0AE0EAAE2A7B4A47.e.4323/elements - {"using":"css selector","value":"td"}
RESULT: {"using":"css selector","value":"td"}
COMMAND: POST /session/d9a998879d5a0ca5d611ed7923943cd8/element/f.176CCEC0CFC1BEF50F2A214319D4C569.d.5DD68870CC2FD91A0AE0EAAE2A7B4A47.e.4324/elements - {"using":"css selector","value":"td"}
RESULT: {"using":"css selector","value":"td"}
COMMAND: POST /session/d9a998879d5a0ca5d611ed7923943cd8/element/f.176CCEC0CFC1BEF50F2A214319D4C569.d.5DD68870CC2FD91A0AE0EAAE2A7B4A47.e.4325/elements - {"using":"css selector","value":"td"}
RESULT: {"using":"css selector","value":"td"}
COMMAND: POST /session/d9a998879d5a0ca5d611ed7923943cd8/element/f.176CCEC0CFC1BEF50F2A214319D4C569.d.5DD68870CC2FD91A0AE0EAAE2A7B4A47.e.4326/elements - {"using":"css selector","value":"td"}
RESULT: {"using":"css selector","value":"td"}
COMMAND: POST /session/d9a998879d5a0ca5d611ed7923943cd8/element/f.176CCEC0CFC1BEF50F2A214319D4C569.d.5DD68870CC2FD91A0AE0EAAE2A7B4A47.e.4327/elements - {"using":"css selector","value":"td"}
RESULT: {"using":"css selector","value":"td"}
COMMAND: POST /session/d9a998879d5a0ca5d611ed7923943cd8/element/f.176CCEC0CFC1BEF50F2A214319D4C569.d.5DD68870CC2FD91A0AE0EAAE2A7B4A47.e.4328/elements - {"using":"css selector","value":"td"}
RESULT: {"using":"css selector","value":"td"}
COMMAND: POST /session/d9a998879d5a0ca5d611ed7923943cd8/element/f.176CCEC0CFC1BEF50F2A214319D4C569.d.5DD68870CC2FD91A0AE0EAAE2A7B4A47.e.4329/elements - {"using":"css selector","value":"td"}
RESULT: {"using":"css selector","value":"td"}
COMMAND: POST /session/d9a998879d5a0ca5d611ed7923943cd8/element/f.176CCEC0CFC1BEF50F2A214319D4C569.d.5DD68870CC2FD91A0AE0EAAE2A7B4A47.e.4330/elements - {"using":"css selector","value":"td"}
RESULT: {"using":"css selector","value":"td"}
COMMAND: POST /session/d9a998879d5a0ca5d611ed7923943cd8/element/f.176CCEC0CFC1BEF50F2A214319D4C569.d.5DD68870CC2FD91A0AE0EAAE2A7B4A47.e.4331/elements - {"using":"css selector","value":"td"}
RESULT: {"using":"css selector","value":"td"}
COMMAND: POST /session/d9a998879d5a0ca5d611ed7923943cd8/element/f.176CCEC0CFC1BEF50F2A214319D4C569.d.5DD68870CC2FD91A0AE0EAAE2A7B4A47.e.4332/elements - {"using":"css selector","value":"td"}
RESULT: {"using":"css selector","value":"td"}
COMMAND: POST /session/d9a998879d5a0ca5d611ed7923943cd8/element/f.176CCEC0CFC1BEF50F2A214319D4C569.d.5DD68870CC2FD91A0AE0EAAE2A7B4A47.e.4333/elements - {"using":"css selector","value":"td"}
RESULT: {"using":"css selector","value":"td"}
COMMAND: POST /session/d9a998879d5a0ca5d611ed7923943cd8/element/f.176CCEC0CFC1BEF50F2A214319D4C569.d.5DD68870CC2FD91A0AE0EAAE2A7B4A47.e.4334/elements - {"using":"css selector","value":"td"}
RESULT: {"using":"css selector","value":"td"}
COMMAND: POST /session/d9a998879d5a0ca5d611ed7923943cd8/element/f.176CCEC0CFC1BEF50F2A214319D4C569.d.5DD68870CC2FD91A0AE0EAAE2A7B4A47.e.4335/elements - {"using":"css selector","value":"td"}
RESULT: {"using":"css selector","value":"td"}
COMMAND: POST /session/d9a998879d5a0ca5d611ed7923943cd8/element/f.176CCEC0CFC1BEF50F2A214319D4C569.d.5DD68870CC2FD91A0AE0EAAE2A7B4A47.e.4336/elements - {"using":"css selector","value":"td"}
RESULT: {"using":"css selector","value":"td"}
COMMAND: POST /session/d9a998879d5a0ca5d611ed7923943cd8/element/f.176CCEC0CFC1BEF50F2A214319D4C569.d.5DD68870CC2FD91A0AE0EAAE2A7B4A47.e.4337/elements - {"using":"css selector","value":"td"}
RESULT: {"using":"css selector","value":"td"}
COMMAND: POST /session/d9a998879d5a0ca5d611ed7923943cd8/element/f.176CCEC0CFC1BEF50F2A214319D4C569.d.5DD68870CC2FD91A0AE0EAAE2A7B4A47.e.4338/elements - {"using":"css selector","value":"td"}
RESULT: {"using":"css selector","value":"td"}
COMMAND: POST /session/d9a998879d5a0ca5d611ed7923943cd8/element/f.176CCEC0CFC1BEF50F2A214319D4C569.d.5DD68870CC2FD91A0AE0EAAE2A7B4A47.e.4339/elements - {"using":"css selector","value":"td"}
RESULT: {"using":"css selector","value":"td"}
COMMAND: POST /session/d9a998879d5a0ca5d611ed7923943cd8/element/f.176CCEC0CFC1BEF50F2A214319D4C569.d.5DD68870CC2FD91A0AE0EAAE2A7B4A47.e.4340/elements - {"using":"css selector","value":"td"}
RESULT: {"using":"css selector","value":"td"}
COMMAND: POST /session/d9a998879d5a0ca5d611ed7923943cd8/element/f.176CCEC0CFC1BEF50F2A214319D4C569.d.5DD68870CC2FD91A0AE0EAAE2A7B4A47.e.4341/elements - {"using":"css selector","value":"td"}
RESULT: {"using":"css selector","value":"td"}
COMMAND: POST /session/d9a998879d5a0ca5d611ed7923943cd8/element/f.176CCEC0CFC1BEF50F2A214319D4C569.d.5DD68870CC2FD91A0AE0EAAE2A7B4A47.e.4342/elements - {"using":"css selector","value":"td"}
RESULT: {"using":"css selector","value":"td"}
COMMAND: POST /session/d9a998879d5a0ca5d611ed7923943cd8/element/f.176CCEC0CFC1BEF50F2A214319D4C569.d.5DD68870CC2FD91A0AE0EAAE2A7B4A47.e.4343/elements - {"using":"css selector","value":"td"}
RESULT: {"using":"css selector","value":"td"}
COMMAND: POST /session/d9a998879d5a0ca5d611ed7923943cd8/element/f.176CCEC0CFC1BEF50F2A214319D4C569.d.5DD68870CC2FD91A0AE0EAAE2A7B4A47.e.4344/elements - {"using":"css selector","value":"td"}
RESULT: {"using":"css selector","value":"td"}
COMMAND: POST /session/d9a998879d5a0ca5d611ed7923943cd8/element/f.176CCEC0CFC1BEF50F2A214319D4C569.d.5DD68870CC2FD91A0AE0EAAE2A7B4A47.e.4345/elements - {"using":"css selector","value":"td"}
RESULT: {"using":"css selector","value":"td"}
COMMAND: POST /session/d9a998879d5a0ca5d611ed7923943cd8/element/f.176CCEC0CFC1BEF50F2A214319D4C569.d.5DD68870CC2FD91A0AE0EAAE2A7B4A47.e.4346/elements - {"using":"css selector","value":"td"}
RESULT: {"using":"css selector","value":"td"}
COMMAND: POST /session/d9a998879d5a0ca5d611ed7923943cd8/element/f.176CCEC0CFC1BEF50F2A214319D4C569.d.5DD68870CC2FD91A0AE0EAAE2A7B4A47.e.4347/elements - {"using":"css selector","value":"td"}
RESULT: {"using":"css selector","value":"td"}
COMMAND: POST /session/d9a998879d5a0ca5d611ed7923943cd8/element/f.176CCEC0CFC1BEF50F2A214319D4C569.d.5DD68870CC2FD91A0AE0EAAE2A7B4A47.e.4348/elements - {"using":"css selector","value":"td"}
RESULT: {"using":"css selector","value":"td"}
COMMAND: POST /session/d9a998879d5a0ca5d611ed7923943cd8/element/f.176CCEC0CFC1BEF50F2A214319D4C569.d.5DD68870CC2FD91A0AE0EAAE2A7B4A47.e.4349/elements - {"using":"css selector","value":"td"}
RESULT: {"using":"css selector","value":"td"}
COMMAND: POST /session/d9a998879d5a0ca5d611ed7923943cd8/element/f.176CCEC0CFC1BEF50F2A214319D4C569.d.5DD68870CC2FD91A0AE0EAAE2A7B4A47.e.4350/elements - {"using":"css selector","value":"td"}
RESULT: {"using":"css selector","value":"td"}
COMMAND: POST /session/d9a998879d5a0ca5d611ed7923943cd8/element/f.176CCEC0CFC1BEF50F2A214319D4C569.d.5DD68870CC2FD91A0AE0EAAE2A7B4A47.e.4351/elements - {"using":"css selector","value":"td"}
RESULT: {"using":"css selector","value":"td"}
COMMAND: POST /session/d9a998879d5a0ca5d611ed7923943cd8/element/f.176CCEC0CFC1BEF50F2A214319D4C569.d.5DD68870CC2FD91A0AE0EAAE2A7B4A47.e.4352/elements - {"using":"css selector","value":"td"}
RESULT: {"using":"css selector","value":"td"}
COMMAND: POST /session/d9a998879d5a0ca5d611ed7923943cd8/element/f.176CCEC0CFC1BEF50F2A214319D4C569.d.5DD68870CC2FD91A0AE0EAAE2A7B4A47.e.4353/elements - {"using":"css selector","value":"td"}
RESULT: {"using":"css selector","value":"td"}
COMMAND: POST /session/d9a998879d5a0ca5d611ed7923943cd8/element/f.176CCEC0CFC1BEF50F2A214319D4C569.d.5DD68870CC2FD91A0AE0EAAE2A7B4A47.e.4354/elements - {"using":"css selector","value":"td"}
RESULT: {"using":"css selector","value":"td"}
COMMAND: POST /session/d9a998879d5a0ca5d611ed7923943cd8/element/f.176CCEC0CFC1BEF50F2A214319D4C569.d.5DD68870CC2FD91A0AE0EAAE2A7B4A47.e.4355/elements - {"using":"css selector","value":"td"}
RESULT: {"using":"css selector","value":"td"}
COMMAND: POST /session/d9a998879d5a0ca5d611ed7923943cd8/element/f.176CCEC0CFC1BEF50F2A214319D4C569.d.5DD68870CC2FD91A0AE0EAAE2A7B4A47.e.4356/elements - {"using":"css selector","value":"td"}
RESULT: {"using":"css selector","value":"td"}
COMMAND: POST /session/d9a998879d5a0ca5d611ed7923943cd8/element/f.176CCEC0CFC1BEF50F2A214319D4C569.d.5DD68870CC2FD91A0AE0EAAE2A7B4A47.e.4357/elements - {"using":"css selector","value":"td"}
RESULT: {"using":"css selector","value":"td"}
COMMAND: POST /session/d9a998879d5a0ca5d611ed7923943cd8/element/f.176CCEC0CFC1BEF50F2A214319D4C569.d.5DD68870CC2FD91A0AE0EAAE2A7B4A47.e.4358/elements - {"using":"css selector","value":"td"}
RESULT: {"using":"css selector","value":"td"}
COMMAND: POST /session/d9a998879d5a0ca5d611ed7923943cd8/element/f.176CCEC0CFC1BEF50F2A214319D4C569.d.5DD68870CC2FD91A0AE0EAAE2A7B4A47.e.4359/elements - {"using":"css selector","value":"td"}
RESULT: {"using":"css selector","value":"td"}
COMMAND: POST /session/d9a998879d5a0ca5d611ed7923943cd8/element/f.176CCEC0CFC1BEF50F2A214319D4C569.d.5DD68870CC2FD91A0AE0EAAE2A7B4A47.e.4360/elements - {"using":"css selector","value":"td"}
RESULT: {"using":"css selector","value":"td"}
COMMAND: POST /session/d9a998879d5a0ca5d611ed7923943cd8/element/f.176CCEC0CFC1BEF50F2A214319D4C569.d.5DD68870CC2FD91A0AE0EAAE2A7B4A47.e.4361/elements - {"using":"css selector","value":"td"}
RESULT: {"using":"css selector","value":"td"}
COMMAND: POST /session/d9a998879d5a0ca5d611ed7923943cd8/element/f.176CCEC0CFC1BEF50F2A214319D4C569.d.5DD68870CC2FD91A0AE0EAAE2A7B4A47.e.4362/elements - {"using":"css selector","value":"td"}
RESULT: {"using":"css selector","value":"td"}
COMMAND: POST /session/d9a998879d5a0ca5d611ed7923943cd8/element/f.176CCEC0CFC1BEF50F2A214319D4C569.d.5DD68870CC2FD91A0AE0EAAE2A7B4A47.e.4363/elements - {"using":"css selector","value":"td"}
RESULT: {"using":"css selector","value":"td"}
COMMAND: POST /session/d9a998879d5a0ca5d611ed7923943cd8/element/f.176CCEC0CFC1BEF50F2A214319D4C569.d.5DD68870CC2FD91A0AE0EAAE2A7B4A47.e.4364/elements - {"using":"css selector","value":"td"}
RESULT: {"using":"css selector","value":"td"}
COMMAND: POST /session/d9a998879d5a0ca5d611ed7923943cd8/element/f.176CCEC0CFC1BEF50F2A214319D4C569.d.5DD68870CC2FD91A0AE0EAAE2A7B4A47.e.4365/elements - {"using":"css selector","value":"td"}
RESULT: {"using":"css selector","value":"td"}
COMMAND: POST /session/d9a998879d5a0ca5d611ed7923943cd8/element/f.176CCEC0CFC1BEF50F2A214319D4C569.d.5DD68870CC2FD91A0AE0EAAE2A7B4A47.e.4366/elements - {"using":"css selector","value":"td"}
RESULT: {"using":"css selector","value":"td"}
COMMAND: POST /session/d9a998879d5a0ca5d611ed7923943cd8/element/f.176CCEC0CFC1BEF50F2A214319D4C569.d.5DD68870CC2FD91A0AE0EAAE2A7B4A47.e.4367/elements - {"using":"css selector","value":"td"}
RESULT: {"using":"css selector","value":"td"}
COMMAND: POST /session/d9a998879d5a0ca5d611ed7923943cd8/element/f.176CCEC0CFC1BEF50F2A214319D4C569.d.5DD68870CC2FD91A0AE0EAAE2A7B4A47.e.4368/elements - {"using":"css selector","value":"td"}
RESULT: {"using":"css selector","value":"td"}
COMMAND: POST /session/d9a998879d5a0ca5d611ed7923943cd8/element/f.176CCEC0CFC1BEF50F2A214319D4C569.d.5DD68870CC2FD91A0AE0EAAE2A7B4A47.e.4369/elements - {"using":"css selector","value":"td"}
RESULT: {"using":"css selector","value":"td"}
COMMAND: POST /session/d9a998879d5a0ca5d611ed7923943cd8/element/f.176CCEC0CFC1BEF50F2A214319D4C569.d.5DD68870CC2FD91A0AE0EAAE2A7B4A47.e.4370/elements - {"using":"css selector","value":"td"}
RESULT: {"using":"css selector","value":"td"}
COMMAND: POST /session/d9a998879d5a0ca5d611ed7923943cd8/element/f.176CCEC0CFC1BEF50F2A214319D4C569.d.5DD68870CC2FD91A0AE0EAAE2A7B4A47.e.4371/elements - {"using":"css selector","value":"td"}
RESULT: {"using":"css selector","value":"td"}
COMMAND: POST /session/d9a998879d5a0ca5d611ed7923943cd8/element/f.176CCEC0CFC1BEF50F2A214319D4C569.d.5DD68870CC2FD91A0AE0EAAE2A7B4A47.e.4372/elements - {"using":"css selector","value":"td"}
RESULT: {"using":"css selector","value":"td"}
COMMAND: POST /session/d9a998879d5a0ca5d611ed7923943cd8/element/f.176CCEC0CFC1BEF50F2A214319D4C569.d.5DD68870CC2FD91A0AE0EAAE2A7B4A47.e.4373/elements - {"using":"css selector","value":"td"}
RESULT: {"using":"css selector","value":"td"}
COMMAND: POST /session/d9a998879d5a0ca5d611ed7923943cd8/element/f.176CCEC0CFC1BEF50F2A214319D4C569.d.5DD68870CC2FD91A0AE0EAAE2A7B4A47.e.4374/elements - {"using":"css selector","value":"td"}
RESULT: {"using":"css selector","value":"td"}
COMMAND: POST /session/d9a998879d5a0ca5d611ed7923943cd8/element/f.176CCEC0CFC1BEF50F2A214319D4C569.d.5DD68870CC2FD91A0AE0EAAE2A7B4A47.e.4375/elements - {"using":"css selector","value":"td"}
RESULT: {"using":"css selector","value":"td"}
COMMAND: POST /session/d9a998879d5a0ca5d611ed7923943cd8/element/f.176CCEC0CFC1BEF50F2A214319D4C569.d.5DD68870CC2FD91A0AE0EAAE2A7B4A47.e.4376/elements - {"using":"css selector","value":"td"}
RESULT: {"using":"css selector","value":"td"}
COMMAND: POST /session/d9a998879d5a0ca5d611ed7923943cd8/element/f.176CCEC0CFC1BEF50F2A214319D4C569.d.5DD68870CC2FD91A0AE0EAAE2A7B4A47.e.4377/elements - {"using":"css selector","value":"td"}
RESULT: {"using":"css selector","value":"td"}
COMMAND: POST /session/d9a998879d5a0ca5d611ed7923943cd8/element/f.176CCEC0CFC1BEF50F2A214319D4C569.d.5DD68870CC2FD91A0AE0EAAE2A7B4A47.e.4805/elements - {"using":"css selector","value":"td"}
RESULT: {"using":"css selector","value":"td"}
COMMAND: POST /session/d9a998879d5a0ca5d611ed7923943cd8/element - {"using":"css selector","value":"#j_username"}
COMMAND: POST /session/d9a998879d5a0ca5d611ed7923943cd8/url - {"url":"https://qa-testing-00-live-etm-ui.cfapps.eu10-004.hana.ondemand.com/"}
RESULT: {"using":"css selector","value":"#j_username"}
COMMAND: POST /session/d9a998879d5a0ca5d611ed7923943cd8/element - {"using":"css selector","value":"#j_username"}
RESULT: {"url":"https://qa-testing-00-live-etm-ui.cfapps.eu10-004.hana.ondemand.com/"}
RESULT: undefined
COMMAND: GET /session/d9a998879d5a0ca5d611ed7923943cd8/screenshot - {}
RESULT: {"using":"css selector","value":"#j_username"}
COMMAND: POST /session/d9a998879d5a0ca5d611ed7923943cd8/element - {"using":"css selector","value":"#shell-header-logo"}
RESULT: {}
RESULT: {"using":"css selector","value":"#shell-header-logo"}
COMMAND: POST /session/d9a998879d5a0ca5d611ed7923943cd8/execute/sync - {"script":"<script> [8489 bytes]","args":[{"element-6066-11e4-a52e-4f735466cecf":"f.176CCEC0CFC1BEF50F2A214319D4C569.d.2744ED9490B34D7DFB1830022B41EC70.e.4818","ELEMENT":"f.176CCEC0CFC1BEF50F2A214319D4C569.d.2744ED9490B34D7DFB1830022B41EC70.e.4818"}]}
RESULT: {"script":"<script> [8489 bytes]","args":[{"element-6066-11e4-a52e-4f735466cecf":"f.176CCEC0CFC1BEF50F2A214319D4C569.d.2744ED9490B34D7DFB1830022B41EC70.e.4818","ELEMENT":"f.176CCEC0CFC1BEF50F2A214319D4C569.d.2744ED9490B34D7DFB1830022B41EC70.e.4818"}]}
COMMAND: POST /session/d9a998879d5a0ca5d611ed7923943cd8/element - {"using":"css selector","value":"#shell-header-logo"}
COMMAND: GET /session/d9a998879d5a0ca5d611ed7923943cd8/screenshot - {}
RESULT: {"using":"css selector","value":"#shell-header-logo"}
COMMAND: POST /session/d9a998879d5a0ca5d611ed7923943cd8/execute/sync - {"script":"<script> [8489 bytes]","args":[{"element-6066-11e4-a52e-4f735466cecf":"f.176CCEC0CFC1BEF50F2A214319D4C569.d.2744ED9490B34D7DFB1830022B41EC70.e.4818","ELEMENT":"f.176CCEC0CFC1BEF50F2A214319D4C569.d.2744ED9490B34D7DFB1830022B41EC70.e.4818"}]}
RESULT: {}
RESULT: {"script":"<script> [8489 bytes]","args":[{"element-6066-11e4-a52e-4f735466cecf":"f.176CCEC0CFC1BEF50F2A214319D4C569.d.2744ED9490B34D7DFB1830022B41EC70.e.4818","ELEMENT":"f.176CCEC0CFC1BEF50F2A214319D4C569.d.2744ED9490B34D7DFB1830022B41EC70.e.4818"}]}
COMMAND: POST /session/d9a998879d5a0ca5d611ed7923943cd8/execute/sync - {"script":"<script> [5351 bytes]","args":[{"element-6066-11e4-a52e-4f735466cecf":"f.176CCEC0CFC1BEF50F2A214319D4C569.d.2744ED9490B34D7DFB1830022B41EC70.e.4818","ELEMENT":"f.176CCEC0CFC1BEF50F2A214319D4C569.d.2744ED9490B34D7DFB1830022B41EC70.e.4818"}]}
COMMAND: GET /session/d9a998879d5a0ca5d611ed7923943cd8/screenshot - {}
RESULT: {"script":"<script> [5351 bytes]","args":[{"element-6066-11e4-a52e-4f735466cecf":"f.176CCEC0CFC1BEF50F2A214319D4C569.d.2744ED9490B34D7DFB1830022B41EC70.e.4818","ELEMENT":"f.176CCEC0CFC1BEF50F2A214319D4C569.d.2744ED9490B34D7DFB1830022B41EC70.e.4818"}]}
COMMAND: POST /session/d9a998879d5a0ca5d611ed7923943cd8/element - {"using":"css selector","value":"#shell-header-logo"}
COMMAND: GET /session/d9a998879d5a0ca5d611ed7923943cd8/screenshot - {}
RESULT: {}
RESULT: {"using":"css selector","value":"#shell-header-logo"}
COMMAND: POST /session/d9a998879d5a0ca5d611ed7923943cd8/element/f.176CCEC0CFC1BEF50F2A214319D4C569.d.2744ED9490B34D7DFB1830022B41EC70.e.4818/click - {}
RESULT: {}
RESULT: {}
COMMAND: GET /session/d9a998879d5a0ca5d611ed7923943cd8/screenshot - {}
RESULT: {}
COMMAND: POST /session/d9a998879d5a0ca5d611ed7923943cd8/execute/async - {"script":"<script> [189 bytes]","args":[]}
RESULT: {"script":"<script> [189 bytes]","args":[]}
COMMAND: POST /session/d9a998879d5a0ca5d611ed7923943cd8/execute/async - {"script":"<script> [123 bytes]","args":[]}
RESULT: {"script":"<script> [123 bytes]","args":[]}
COMMAND: POST /session/d9a998879d5a0ca5d611ed7923943cd8/timeouts - {"script":"<number>"}
RESULT: {"script":"<number>"}
COMMAND: GET /session/d9a998879d5a0ca5d611ed7923943cd8/timeouts - {}
RESULT: {}
RESULT: undefined
COMMAND: POST /session/d9a998879d5a0ca5d611ed7923943cd8/execute/async - {"script":"<script> [2676 bytes]","args":[]}
RESULT: {"script":"<script> [2676 bytes]","args":[]}
COMMAND: POST /session/d9a998879d5a0ca5d611ed7923943cd8/execute/async - {"script":"<script> [2342 bytes]","args":[{"protocol":"http","hostname":"0.0.0.0","path":"/","capabilities":{"browserName":"chrome","goog:chromeOptions":{"binary":"C:\\Program Files\\Google\\Chrome\\Application\\chrome.exe","args":["--start-maximized"]}},"logLevel":"warn","connectionRetryTimeout":120000,"connectionRetryCount":3,"logLevels":{},"enableDirectConnect":true,"strictSSL":true,"_":"65 more keys: [\"cacheDir\",\"port\",\"requestedCapabilities\",\"automationProtocol\",\"baseUrl\",\"waitforInterval\",\"waitforTimeout\",\"onReload\",\"beforeCommand\",\"afterCommand\",\"rootDir\",\"specs\",\"suites\",\"exclude\",\"groupLogsByTestSpec\",\"excludeDriverLogs\",\"bail\",\"framework\",\"reporters\",\"services\",\"maxInstances\",\"maxInstancesPerCapability\",\"injectGlobals\",\"filesToWatch\",\"execArgv\",\"runnerEnv\",\"runner\",\"shard\",\"specFileRetries\",\"specFileRetriesDelay\",\"specFileRetriesDeferred\",\"reporterSyncInterval\",\"reporterSyncTimeout\",\"cucumberFeaturesWithLineNumbers\",\"autoCompileOpts\",\"mochaOpts\",\"jasmineOpts\",\"cucumberOpts\",\"onPrepare\",\"onWorkerStart\",\"onWorkerEnd\",\"before\",\"beforeSession\",\"beforeSuite\",\"beforeHook\",\"beforeTest\",\"afterTest\",\"afterHook\",\"afterSuite\",\"afterSession\",\"after\",\"onComplete\",\"beforeAssertion\",\"afterAssertion\",\"beforeFeature\",\"beforeScenario\",\"beforeStep\",\"afterStep\",\"afterScenario\",\"afterFeature\",\"_\",\"suite\",\"$0\",\"ignoredWorkerServices\",\"wdi5\"]"}]}
RESULT: {"script":"<script> [2342 bytes]","args":[{"protocol":"http","hostname":"0.0.0.0","path":"/","capabilities":{"browserName":"chrome","goog:chromeOptions":{"binary":"C:\\Program Files\\Google\\Chrome\\Application\\chrome.exe","args":["--start-maximized"]}},"logLevel":"warn","connectionRetryTimeout":120000,"connectionRetryCount":3,"logLevels":{},"enableDirectConnect":true,"strictSSL":true,"_":"65 more keys: [\"cacheDir\",\"port\",\"requestedCapabilities\",\"automationProtocol\",\"baseUrl\",\"waitforInterval\",\"waitforTimeout\",\"onReload\",\"beforeCommand\",\"afterCommand\",\"rootDir\",\"specs\",\"suites\",\"exclude\",\"groupLogsByTestSpec\",\"excludeDriverLogs\",\"bail\",\"framework\",\"reporters\",\"services\",\"maxInstances\",\"maxInstancesPerCapability\",\"injectGlobals\",\"filesToWatch\",\"execArgv\",\"runnerEnv\",\"runner\",\"shard\",\"specFileRetries\",\"specFileRetriesDelay\",\"specFileRetriesDeferred\",\"reporterSyncInterval\",\"reporterSyncTimeout\",\"cucumberFeaturesWithLineNumbers\",\"autoCompileOpts\",\"mochaOpts\",\"jasmineOpts\",\"cucumberOpts\",\"onPrepare\",\"onWorkerStart\",\"onWorkerEnd\",\"before\",\"beforeSession\",\"beforeSuite\",\"beforeHook\",\"beforeTest\",\"afterTest\",\"afterHook\",\"afterSuite\",\"afterSession\",\"after\",\"onComplete\",\"beforeAssertion\",\"afterAssertion\",\"beforeFeature\",\"beforeScenario\",\"beforeStep\",\"afterStep\",\"afterScenario\",\"afterFeature\",\"_\",\"suite\",\"$0\",\"ignoredWorkerServices\",\"wdi5\"]"}]}
COMMAND: POST /session/d9a998879d5a0ca5d611ed7923943cd8/execute/async - {"script":"<script> [21126 bytes]","args":[35000]}
RESULT: {"script":"<script> [21126 bytes]","args":[35000]}
COMMAND: POST /session/d9a998879d5a0ca5d611ed7923943cd8/window/maximize - {}
RESULT: {}
COMMAND: POST /session/d9a998879d5a0ca5d611ed7923943cd8/execute/async - {"script":"<script> [1562 bytes]","args":[{"selector":{"id":"shell-header","interaction":{"idSuffix":"icon"}},"wdio_ui5_key":"shellheader"}]}
COMMAND: GET /session/d9a998879d5a0ca5d611ed7923943cd8/screenshot - {}
RESULT: {"script":"<script> [1562 bytes]","args":[{"selector":{"id":"shell-header","interaction":{"idSuffix":"icon"}},"wdio_ui5_key":"shellheader"}]}
RESULT: undefined
COMMAND: POST /session/d9a998879d5a0ca5d611ed7923943cd8/refresh - {}
RESULT: {}
RESULT: {}
COMMAND: GET /session/d9a998879d5a0ca5d611ed7923943cd8/screenshot - {}
RESULT: {}
COMMAND: POST /session/d9a998879d5a0ca5d611ed7923943cd8/refresh - {}
RESULT: {}
COMMAND: GET /session/d9a998879d5a0ca5d611ed7923943cd8/screenshot - {}
RESULT: {}
COMMAND: POST /session/d9a998879d5a0ca5d611ed7923943cd8/window/fullscreen - {}
RESULT: {}
COMMAND: POST /session/d9a998879d5a0ca5d611ed7923943cd8/execute/async - {"script":"<script> [189 bytes]","args":[]}
RESULT: {"script":"<script> [189 bytes]","args":[]}
COMMAND: POST /session/d9a998879d5a0ca5d611ed7923943cd8/execute/async - {"script":"<script> [123 bytes]","args":[]}
RESULT: {"script":"<script> [123 bytes]","args":[]}
COMMAND: POST /session/d9a998879d5a0ca5d611ed7923943cd8/timeouts - {"script":"<number>"}
RESULT: {"script":"<number>"}
COMMAND: GET /session/d9a998879d5a0ca5d611ed7923943cd8/timeouts - {}
RESULT: {}
RESULT: undefined
COMMAND: POST /session/d9a998879d5a0ca5d611ed7923943cd8/execute/async - {"script":"<script> [2676 bytes]","args":[]}
RESULT: {"script":"<script> [2676 bytes]","args":[]}
COMMAND: POST /session/d9a998879d5a0ca5d611ed7923943cd8/execute/async - {"script":"<script> [2342 bytes]","args":[{"protocol":"http","hostname":"0.0.0.0","path":"/","capabilities":{"browserName":"chrome","goog:chromeOptions":{"binary":"C:\\Program Files\\Google\\Chrome\\Application\\chrome.exe","args":["--start-maximized"]}},"logLevel":"warn","connectionRetryTimeout":120000,"connectionRetryCount":3,"logLevels":{},"enableDirectConnect":true,"strictSSL":true,"_":"65 more keys: [\"cacheDir\",\"port\",\"requestedCapabilities\",\"automationProtocol\",\"baseUrl\",\"waitforInterval\",\"waitforTimeout\",\"onReload\",\"beforeCommand\",\"afterCommand\",\"rootDir\",\"specs\",\"suites\",\"exclude\",\"groupLogsByTestSpec\",\"excludeDriverLogs\",\"bail\",\"framework\",\"reporters\",\"services\",\"maxInstances\",\"maxInstancesPerCapability\",\"injectGlobals\",\"filesToWatch\",\"execArgv\",\"runnerEnv\",\"runner\",\"shard\",\"specFileRetries\",\"specFileRetriesDelay\",\"specFileRetriesDeferred\",\"reporterSyncInterval\",\"reporterSyncTimeout\",\"cucumberFeaturesWithLineNumbers\",\"autoCompileOpts\",\"mochaOpts\",\"jasmineOpts\",\"cucumberOpts\",\"onPrepare\",\"onWorkerStart\",\"onWorkerEnd\",\"before\",\"beforeSession\",\"beforeSuite\",\"beforeHook\",\"beforeTest\",\"afterTest\",\"afterHook\",\"afterSuite\",\"afterSession\",\"after\",\"onComplete\",\"beforeAssertion\",\"afterAssertion\",\"beforeFeature\",\"beforeScenario\",\"beforeStep\",\"afterStep\",\"afterScenario\",\"afterFeature\",\"_\",\"suite\",\"$0\",\"ignoredWorkerServices\",\"wdi5\"]"}]}
RESULT: {"script":"<script> [2342 bytes]","args":[{"protocol":"http","hostname":"0.0.0.0","path":"/","capabilities":{"browserName":"chrome","goog:chromeOptions":{"binary":"C:\\Program Files\\Google\\Chrome\\Application\\chrome.exe","args":["--start-maximized"]}},"logLevel":"warn","connectionRetryTimeout":120000,"connectionRetryCount":3,"logLevels":{},"enableDirectConnect":true,"strictSSL":true,"_":"65 more keys: [\"cacheDir\",\"port\",\"requestedCapabilities\",\"automationProtocol\",\"baseUrl\",\"waitforInterval\",\"waitforTimeout\",\"onReload\",\"beforeCommand\",\"afterCommand\",\"rootDir\",\"specs\",\"suites\",\"exclude\",\"groupLogsByTestSpec\",\"excludeDriverLogs\",\"bail\",\"framework\",\"reporters\",\"services\",\"maxInstances\",\"maxInstancesPerCapability\",\"injectGlobals\",\"filesToWatch\",\"execArgv\",\"runnerEnv\",\"runner\",\"shard\",\"specFileRetries\",\"specFileRetriesDelay\",\"specFileRetriesDeferred\",\"reporterSyncInterval\",\"reporterSyncTimeout\",\"cucumberFeaturesWithLineNumbers\",\"autoCompileOpts\",\"mochaOpts\",\"jasmineOpts\",\"cucumberOpts\",\"onPrepare\",\"onWorkerStart\",\"onWorkerEnd\",\"before\",\"beforeSession\",\"beforeSuite\",\"beforeHook\",\"beforeTest\",\"afterTest\",\"afterHook\",\"afterSuite\",\"afterSession\",\"after\",\"onComplete\",\"beforeAssertion\",\"afterAssertion\",\"beforeFeature\",\"beforeScenario\",\"beforeStep\",\"afterStep\",\"afterScenario\",\"afterFeature\",\"_\",\"suite\",\"$0\",\"ignoredWorkerServices\",\"wdi5\"]"}]}
COMMAND: POST /session/d9a998879d5a0ca5d611ed7923943cd8/execute/async - {"script":"<script> [21126 bytes]","args":[35000]}
RESULT: {"script":"<script> [21126 bytes]","args":[35000]}
]]></system-out>
    </testcase>
  </testsuite>
  <testsuite timestamp="2025-04-25T17:15:04" time="365.798" tests="9" failures="0" errors="0" skipped="0">
    <properties>
      <property name="specId" value="0" />
      <property name="suiteName" value="US134625 Set up price condition - one time" />
      <property name="capabilities" value="chrome.135_0_7049_96.windows" />
      <property name="file" value="file:///D:/a/1/s/test/specs/BTS/set-up-price-condition-one-time.spec.js" />
    </properties>
    <testcase classname="chrome.135_0_7049_96.windows.US134625_Set_up_price_condition_-_one_time" name="Should create a new yard used for all following tests" time="0.013">
      <system-out><![CDATA[
COMMAND: POST /session/d9a998879d5a0ca5d611ed7923943cd8/window/fullscreen - {}
RESULT: {}
]]></system-out>
    </testcase>
    <testcase classname="chrome.135_0_7049_96.windows.US134625_Set_up_price_condition_-_one_time" name="Should create a new partner" time="0.004" />
    <testcase classname="chrome.135_0_7049_96.windows.US134625_Set_up_price_condition_-_one_time" name="Should create a new site used for following tests" time="0.004" />
    <testcase classname="chrome.135_0_7049_96.windows.US134625_Set_up_price_condition_-_one_time" name="Should create a new material for billing type one time" time="99.085">
      <system-out><![CDATA[
COMMAND: POST /session/d9a998879d5a0ca5d611ed7923943cd8/execute/async - {"script":"<script> [1562 bytes]","args":[{"selector":{"controlType":"sap.m.GenericTile","properties":{"header":"Manage Resources"}},"wdio_ui5_key":"sapm.GenericTile{\"header\":\"Manage Resources\"}"}]}
RESULT: {"script":"<script> [1562 bytes]","args":[{"selector":{"controlType":"sap.m.GenericTile","properties":{"header":"Manage Resources"}},"wdio_ui5_key":"sapm.GenericTile{\"header\":\"Manage Resources\"}"}]}
RESULT: undefined
COMMAND: POST /session/d9a998879d5a0ca5d611ed7923943cd8/element - {"using":"xpath","value":"//*[@id=\"__tile39\"]"}
RESULT: {"using":"xpath","value":"//*[@id=\"__tile39\"]"}
COMMAND: POST /session/d9a998879d5a0ca5d611ed7923943cd8/element/f.176CCEC0CFC1BEF50F2A214319D4C569.d.9F8251997620A413819F1BC7C1994ABC.e.4970/click - {}
RESULT: {}
COMMAND: POST /session/d9a998879d5a0ca5d611ed7923943cd8/element - {"using":"xpath","value":"//button[@data-kt=\"addNewRUOverflowToolbarButton\"]"}
COMMAND: GET /session/d9a998879d5a0ca5d611ed7923943cd8/screenshot - {}
RESULT: {"using":"xpath","value":"//button[@data-kt=\"addNewRUOverflowToolbarButton\"]"}
COMMAND: POST /session/d9a998879d5a0ca5d611ed7923943cd8/elements - {"using":"xpath","value":"//button[@data-kt=\"addNewRUOverflowToolbarButton\"]"}
RESULT: {}
RESULT: {"using":"xpath","value":"//button[@data-kt=\"addNewRUOverflowToolbarButton\"]"}
COMMAND: POST /session/d9a998879d5a0ca5d611ed7923943cd8/elements - {"using":"xpath","value":"//button[@data-kt=\"addNewRUOverflowToolbarButton\"]"}
RESULT: {"using":"xpath","value":"//button[@data-kt=\"addNewRUOverflowToolbarButton\"]"}
COMMAND: POST /session/d9a998879d5a0ca5d611ed7923943cd8/elements - {"using":"xpath","value":"//button[@data-kt=\"addNewRUOverflowToolbarButton\"]"}
RESULT: {"using":"xpath","value":"//button[@data-kt=\"addNewRUOverflowToolbarButton\"]"}
COMMAND: POST /session/d9a998879d5a0ca5d611ed7923943cd8/elements - {"using":"xpath","value":"//button[@data-kt=\"addNewRUOverflowToolbarButton\"]"}
RESULT: {"using":"xpath","value":"//button[@data-kt=\"addNewRUOverflowToolbarButton\"]"}
COMMAND: POST /session/d9a998879d5a0ca5d611ed7923943cd8/elements - {"using":"xpath","value":"//button[@data-kt=\"addNewRUOverflowToolbarButton\"]"}
RESULT: {"using":"xpath","value":"//button[@data-kt=\"addNewRUOverflowToolbarButton\"]"}
COMMAND: POST /session/d9a998879d5a0ca5d611ed7923943cd8/elements - {"using":"xpath","value":"//button[@data-kt=\"addNewRUOverflowToolbarButton\"]"}
RESULT: {"using":"xpath","value":"//button[@data-kt=\"addNewRUOverflowToolbarButton\"]"}
COMMAND: POST /session/d9a998879d5a0ca5d611ed7923943cd8/elements - {"using":"xpath","value":"//button[@data-kt=\"addNewRUOverflowToolbarButton\"]"}
RESULT: {"using":"xpath","value":"//button[@data-kt=\"addNewRUOverflowToolbarButton\"]"}
COMMAND: POST /session/d9a998879d5a0ca5d611ed7923943cd8/elements - {"using":"xpath","value":"//button[@data-kt=\"addNewRUOverflowToolbarButton\"]"}
RESULT: {"using":"xpath","value":"//button[@data-kt=\"addNewRUOverflowToolbarButton\"]"}
COMMAND: POST /session/d9a998879d5a0ca5d611ed7923943cd8/elements - {"using":"xpath","value":"//button[@data-kt=\"addNewRUOverflowToolbarButton\"]"}
RESULT: {"using":"xpath","value":"//button[@data-kt=\"addNewRUOverflowToolbarButton\"]"}
COMMAND: POST /session/d9a998879d5a0ca5d611ed7923943cd8/elements - {"using":"xpath","value":"//button[@data-kt=\"addNewRUOverflowToolbarButton\"]"}
RESULT: {"using":"xpath","value":"//button[@data-kt=\"addNewRUOverflowToolbarButton\"]"}
COMMAND: POST /session/d9a998879d5a0ca5d611ed7923943cd8/elements - {"using":"xpath","value":"//button[@data-kt=\"addNewRUOverflowToolbarButton\"]"}
RESULT: {"using":"xpath","value":"//button[@data-kt=\"addNewRUOverflowToolbarButton\"]"}
COMMAND: POST /session/d9a998879d5a0ca5d611ed7923943cd8/elements - {"using":"xpath","value":"//button[@data-kt=\"addNewRUOverflowToolbarButton\"]"}
RESULT: {"using":"xpath","value":"//button[@data-kt=\"addNewRUOverflowToolbarButton\"]"}
COMMAND: POST /session/d9a998879d5a0ca5d611ed7923943cd8/elements - {"using":"xpath","value":"//button[@data-kt=\"addNewRUOverflowToolbarButton\"]"}
RESULT: {"using":"xpath","value":"//button[@data-kt=\"addNewRUOverflowToolbarButton\"]"}
COMMAND: POST /session/d9a998879d5a0ca5d611ed7923943cd8/elements - {"using":"xpath","value":"//button[@data-kt=\"addNewRUOverflowToolbarButton\"]"}
RESULT: {"using":"xpath","value":"//button[@data-kt=\"addNewRUOverflowToolbarButton\"]"}
COMMAND: POST /session/d9a998879d5a0ca5d611ed7923943cd8/element - {"using":"xpath","value":"//button[@data-kt=\"addNewRUOverflowToolbarButton\"]"}
RESULT: {"using":"xpath","value":"//button[@data-kt=\"addNewRUOverflowToolbarButton\"]"}
COMMAND: POST /session/d9a998879d5a0ca5d611ed7923943cd8/execute/sync - {"script":"<script> [8489 bytes]","args":[{"element-6066-11e4-a52e-4f735466cecf":"f.176CCEC0CFC1BEF50F2A214319D4C569.d.9F8251997620A413819F1BC7C1994ABC.e.5104","ELEMENT":"f.176CCEC0CFC1BEF50F2A214319D4C569.d.9F8251997620A413819F1BC7C1994ABC.e.5104"}]}
RESULT: {"script":"<script> [8489 bytes]","args":[{"element-6066-11e4-a52e-4f735466cecf":"f.176CCEC0CFC1BEF50F2A214319D4C569.d.9F8251997620A413819F1BC7C1994ABC.e.5104","ELEMENT":"f.176CCEC0CFC1BEF50F2A214319D4C569.d.9F8251997620A413819F1BC7C1994ABC.e.5104"}]}
COMMAND: GET /session/d9a998879d5a0ca5d611ed7923943cd8/element/f.176CCEC0CFC1BEF50F2A214319D4C569.d.9F8251997620A413819F1BC7C1994ABC.e.5104/enabled - {}
COMMAND: GET /session/d9a998879d5a0ca5d611ed7923943cd8/screenshot - {}
RESULT: {}
COMMAND: POST /session/d9a998879d5a0ca5d611ed7923943cd8/execute/sync - {"script":"<script> [8489 bytes]","args":[{"element-6066-11e4-a52e-4f735466cecf":"f.176CCEC0CFC1BEF50F2A214319D4C569.d.9F8251997620A413819F1BC7C1994ABC.e.5104","ELEMENT":"f.176CCEC0CFC1BEF50F2A214319D4C569.d.9F8251997620A413819F1BC7C1994ABC.e.5104"}]}
COMMAND: GET /session/d9a998879d5a0ca5d611ed7923943cd8/screenshot - {}
RESULT: {}
RESULT: {"script":"<script> [8489 bytes]","args":[{"element-6066-11e4-a52e-4f735466cecf":"f.176CCEC0CFC1BEF50F2A214319D4C569.d.9F8251997620A413819F1BC7C1994ABC.e.5104","ELEMENT":"f.176CCEC0CFC1BEF50F2A214319D4C569.d.9F8251997620A413819F1BC7C1994ABC.e.5104"}]}
COMMAND: POST /session/d9a998879d5a0ca5d611ed7923943cd8/execute/sync - {"script":"<script> [5351 bytes]","args":[{"element-6066-11e4-a52e-4f735466cecf":"f.176CCEC0CFC1BEF50F2A214319D4C569.d.9F8251997620A413819F1BC7C1994ABC.e.5104","ELEMENT":"f.176CCEC0CFC1BEF50F2A214319D4C569.d.9F8251997620A413819F1BC7C1994ABC.e.5104"}]}
COMMAND: GET /session/d9a998879d5a0ca5d611ed7923943cd8/screenshot - {}
RESULT: {}
RESULT: {"script":"<script> [5351 bytes]","args":[{"element-6066-11e4-a52e-4f735466cecf":"f.176CCEC0CFC1BEF50F2A214319D4C569.d.9F8251997620A413819F1BC7C1994ABC.e.5104","ELEMENT":"f.176CCEC0CFC1BEF50F2A214319D4C569.d.9F8251997620A413819F1BC7C1994ABC.e.5104"}]}
COMMAND: POST /session/d9a998879d5a0ca5d611ed7923943cd8/element/f.176CCEC0CFC1BEF50F2A214319D4C569.d.9F8251997620A413819F1BC7C1994ABC.e.5104/click - {}
COMMAND: GET /session/d9a998879d5a0ca5d611ed7923943cd8/screenshot - {}
RESULT: {}
RESULT: {}
COMMAND: GET /session/d9a998879d5a0ca5d611ed7923943cd8/screenshot - {}
RESULT: {}
COMMAND: POST /session/d9a998879d5a0ca5d611ed7923943cd8/execute/async - {"script":"<script> [1562 bytes]","args":[{"selector":{"id":"application-manageresources-display-component---newResourceUnit--TYPE-arrow"},"wdio_ui5_key":"applicationmanageresources-display-component---newResourceUnit--TYPE-arrow"}]}
RESULT: {}
RESULT: {"script":"<script> [1562 bytes]","args":[{"selector":{"id":"application-manageresources-display-component---newResourceUnit--TYPE-arrow"},"wdio_ui5_key":"applicationmanageresources-display-component---newResourceUnit--TYPE-arrow"}]}
RESULT: undefined
COMMAND: POST /session/d9a998879d5a0ca5d611ed7923943cd8/element - {"using":"xpath","value":"//*[@id=\"application-manageresources-display-component---newResourceUnit--TYPE-arrow\"]"}
RESULT: {"using":"xpath","value":"//*[@id=\"application-manageresources-display-component---newResourceUnit--TYPE-arrow\"]"}
COMMAND: POST /session/d9a998879d5a0ca5d611ed7923943cd8/element/f.176CCEC0CFC1BEF50F2A214319D4C569.d.9F8251997620A413819F1BC7C1994ABC.e.5471/click - {}
RESULT: {}
COMMAND: POST /session/d9a998879d5a0ca5d611ed7923943cd8/element - {"using":"xpath","value":"//input[@id=\"application-manageresources-display-component---newResourceUnit--TYPE-inner\"]"}
COMMAND: GET /session/d9a998879d5a0ca5d611ed7923943cd8/screenshot - {}
RESULT: {"using":"xpath","value":"//input[@id=\"application-manageresources-display-component---newResourceUnit--TYPE-inner\"]"}
COMMAND: POST /session/d9a998879d5a0ca5d611ed7923943cd8/element/f.176CCEC0CFC1BEF50F2A214319D4C569.d.9F8251997620A413819F1BC7C1994ABC.e.5454/clear - {}
RESULT: {}
RESULT: {}
COMMAND: POST /session/d9a998879d5a0ca5d611ed7923943cd8/element/f.176CCEC0CFC1BEF50F2A214319D4C569.d.9F8251997620A413819F1BC7C1994ABC.e.5454/value - {"text":"Material"}
COMMAND: GET /session/d9a998879d5a0ca5d611ed7923943cd8/screenshot - {}
RESULT: {"text":"Material"}
COMMAND: GET /session/d9a998879d5a0ca5d611ed7923943cd8/screenshot - {}
RESULT: {}
RESULT: {}
COMMAND: POST /session/d9a998879d5a0ca5d611ed7923943cd8/actions - {"actions":[{"id":"action13","type":"key","parameters":{},"actions":[{"type":"keyDown","value":"î€‡"},{"type":"pause","duration":10},{"type":"keyUp","value":"î€‡"}]}]}
RESULT: {"actions":[{"id":"action13","type":"key","parameters":{},"actions":[{"type":"keyDown","value":"î€‡"},{"type":"pause","duration":10},{"type":"keyUp","value":"î€‡"}]}]}
COMMAND: POST /session/d9a998879d5a0ca5d611ed7923943cd8/execute/async - {"script":"<script> [1562 bytes]","args":[{"selector":{"id":"application-manageresources-display-component---newResourceUnit--SHORT_TEXT","interaction":{"idSuffix":"inner"}},"wdio_ui5_key":"applicationmanageresources-display-component---newResourceUnit--SHORT_TEXT"}]}
COMMAND: GET /session/d9a998879d5a0ca5d611ed7923943cd8/screenshot - {}
RESULT: {"script":"<script> [1562 bytes]","args":[{"selector":{"id":"application-manageresources-display-component---newResourceUnit--SHORT_TEXT","interaction":{"idSuffix":"inner"}},"wdio_ui5_key":"applicationmanageresources-display-component---newResourceUnit--SHORT_TEXT"}]}
RESULT: undefined
COMMAND: POST /session/d9a998879d5a0ca5d611ed7923943cd8/execute/async - {"script":"<script> [776 bytes]","args":[{"enterText":"Cement WDIO","selector":{"id":"application-manageresources-display-component---newResourceUnit--SHORT_TEXT","interaction":{"idSuffix":"inner"}},"clearTextFirst":true,"interactionType":"ENTER_TEXT"}]}
RESULT: {}
RESULT: {"script":"<script> [776 bytes]","args":[{"enterText":"Cement WDIO","selector":{"id":"application-manageresources-display-component---newResourceUnit--SHORT_TEXT","interaction":{"idSuffix":"inner"}},"clearTextFirst":true,"interactionType":"ENTER_TEXT"}]}
COMMAND: POST /session/d9a998879d5a0ca5d611ed7923943cd8/execute/async - {"script":"<script> [1562 bytes]","args":[{"selector":{"id":"application-manageresources-display-component---newResourceUnit--BASE_UNIT_OF_MEASURE","interaction":{"idSuffix":"inner"}},"wdio_ui5_key":"applicationmanageresources-display-component---newResourceUnit--BASE_UNIT_OF_MEASURE"}]}
RESULT: {"script":"<script> [1562 bytes]","args":[{"selector":{"id":"application-manageresources-display-component---newResourceUnit--BASE_UNIT_OF_MEASURE","interaction":{"idSuffix":"inner"}},"wdio_ui5_key":"applicationmanageresources-display-component---newResourceUnit--BASE_UNIT_OF_MEASURE"}]}
RESULT: undefined
COMMAND: POST /session/d9a998879d5a0ca5d611ed7923943cd8/execute/async - {"script":"<script> [776 bytes]","args":[{"enterText":"Piece","selector":{"id":"application-manageresources-display-component---newResourceUnit--BASE_UNIT_OF_MEASURE","interaction":{"idSuffix":"inner"}},"clearTextFirst":true,"interactionType":"ENTER_TEXT"}]}
RESULT: {"script":"<script> [776 bytes]","args":[{"enterText":"Piece","selector":{"id":"application-manageresources-display-component---newResourceUnit--BASE_UNIT_OF_MEASURE","interaction":{"idSuffix":"inner"}},"clearTextFirst":true,"interactionType":"ENTER_TEXT"}]}
COMMAND: POST /session/d9a998879d5a0ca5d611ed7923943cd8/execute/async - {"script":"<script> [1562 bytes]","args":[{"selector":{"id":"application-manageresources-display-component---newResourceUnit--WEIGHT_UNIT","interaction":{"idSuffix":"inner"}},"wdio_ui5_key":"applicationmanageresources-display-component---newResourceUnit--WEIGHT_UNIT"}]}
RESULT: {"script":"<script> [1562 bytes]","args":[{"selector":{"id":"application-manageresources-display-component---newResourceUnit--WEIGHT_UNIT","interaction":{"idSuffix":"inner"}},"wdio_ui5_key":"applicationmanageresources-display-component---newResourceUnit--WEIGHT_UNIT"}]}
RESULT: undefined
COMMAND: POST /session/d9a998879d5a0ca5d611ed7923943cd8/execute/async - {"script":"<script> [776 bytes]","args":[{"enterText":"Gram","selector":{"id":"application-manageresources-display-component---newResourceUnit--WEIGHT_UNIT","interaction":{"idSuffix":"inner"}},"clearTextFirst":true,"interactionType":"ENTER_TEXT"}]}
RESULT: {"script":"<script> [776 bytes]","args":[{"enterText":"Gram","selector":{"id":"application-manageresources-display-component---newResourceUnit--WEIGHT_UNIT","interaction":{"idSuffix":"inner"}},"clearTextFirst":true,"interactionType":"ENTER_TEXT"}]}
COMMAND: POST /session/d9a998879d5a0ca5d611ed7923943cd8/execute/async - {"script":"<script> [1562 bytes]","args":[{"selector":{"id":"application-manageresources-display-component---newResourceUnit--DIMENSION_UNIT","interaction":{"idSuffix":"inner"}},"wdio_ui5_key":"applicationmanageresources-display-component---newResourceUnit--DIMENSION_UNIT"}]}
RESULT: {"script":"<script> [1562 bytes]","args":[{"selector":{"id":"application-manageresources-display-component---newResourceUnit--DIMENSION_UNIT","interaction":{"idSuffix":"inner"}},"wdio_ui5_key":"applicationmanageresources-display-component---newResourceUnit--DIMENSION_UNIT"}]}
RESULT: undefined
COMMAND: POST /session/d9a998879d5a0ca5d611ed7923943cd8/execute/async - {"script":"<script> [776 bytes]","args":[{"enterText":"Meter","selector":{"id":"application-manageresources-display-component---newResourceUnit--DIMENSION_UNIT","interaction":{"idSuffix":"inner"}},"clearTextFirst":true,"interactionType":"ENTER_TEXT"}]}
RESULT: {"script":"<script> [776 bytes]","args":[{"enterText":"Meter","selector":{"id":"application-manageresources-display-component---newResourceUnit--DIMENSION_UNIT","interaction":{"idSuffix":"inner"}},"clearTextFirst":true,"interactionType":"ENTER_TEXT"}]}
COMMAND: POST /session/d9a998879d5a0ca5d611ed7923943cd8/execute/async - {"script":"<script> [1562 bytes]","args":[{"selector":{"id":"application-manageresources-display-component---newResourceUnit--newRRUPage-anchBar-application-manageresources-display-component---newResourceUnit--control-anchor","interaction":{"idSuffix":"BDI-content"}},"wdio_ui5_key":"applicationmanageresources-display-component---newResourceUnit--newRRUPage-anchBar-application-manageresources-display-component---newResourceUnit--control-anchor"}]}
RESULT: {"script":"<script> [1562 bytes]","args":[{"selector":{"id":"application-manageresources-display-component---newResourceUnit--newRRUPage-anchBar-application-manageresources-display-component---newResourceUnit--control-anchor","interaction":{"idSuffix":"BDI-content"}},"wdio_ui5_key":"applicationmanageresources-display-component---newResourceUnit--newRRUPage-anchBar-application-manageresources-display-component---newResourceUnit--control-anchor"}]}
RESULT: undefined
COMMAND: POST /session/d9a998879d5a0ca5d611ed7923943cd8/element - {"using":"xpath","value":"//*[@id=\"application-manageresources-display-component---newResourceUnit--newRRUPage-anchBar-application-manageresources-display-component---newResourceUnit--control-anchor\"]"}
RESULT: {"using":"xpath","value":"//*[@id=\"application-manageresources-display-component---newResourceUnit--newRRUPage-anchBar-application-manageresources-display-component---newResourceUnit--control-anchor\"]"}
COMMAND: POST /session/d9a998879d5a0ca5d611ed7923943cd8/element/f.176CCEC0CFC1BEF50F2A214319D4C569.d.9F8251997620A413819F1BC7C1994ABC.e.5540/click - {}
RESULT: {}
COMMAND: POST /session/d9a998879d5a0ca5d611ed7923943cd8/execute/async - {"script":"<script> [1562 bytes]","args":[{"selector":{"id":"application-manageresources-display-component---newResourceUnit--PLANNING_GROUP","interaction":{"idSuffix":"inner"}},"wdio_ui5_key":"applicationmanageresources-display-component---newResourceUnit--PLANNING_GROUP"}]}
COMMAND: GET /session/d9a998879d5a0ca5d611ed7923943cd8/screenshot - {}
RESULT: {"script":"<script> [1562 bytes]","args":[{"selector":{"id":"application-manageresources-display-component---newResourceUnit--PLANNING_GROUP","interaction":{"idSuffix":"inner"}},"wdio_ui5_key":"applicationmanageresources-display-component---newResourceUnit--PLANNING_GROUP"}]}
RESULT: undefined
COMMAND: POST /session/d9a998879d5a0ca5d611ed7923943cd8/execute/async - {"script":"<script> [776 bytes]","args":[{"enterText":"Material","selector":{"id":"application-manageresources-display-component---newResourceUnit--PLANNING_GROUP","interaction":{"idSuffix":"inner"}},"clearTextFirst":true,"interactionType":"ENTER_TEXT"}]}
RESULT: {}
RESULT: {"script":"<script> [776 bytes]","args":[{"enterText":"Material","selector":{"id":"application-manageresources-display-component---newResourceUnit--PLANNING_GROUP","interaction":{"idSuffix":"inner"}},"clearTextFirst":true,"interactionType":"ENTER_TEXT"}]}
COMMAND: POST /session/d9a998879d5a0ca5d611ed7923943cd8/execute/async - {"script":"<script> [1562 bytes]","args":[{"selector":{"id":"application-manageresources-display-component---newResourceUnit--PLANNING_INDICATOR","interaction":{"idSuffix":"inner"}},"wdio_ui5_key":"applicationmanageresources-display-component---newResourceUnit--PLANNING_INDICATOR"}]}
RESULT: {"script":"<script> [1562 bytes]","args":[{"selector":{"id":"application-manageresources-display-component---newResourceUnit--PLANNING_INDICATOR","interaction":{"idSuffix":"inner"}},"wdio_ui5_key":"applicationmanageresources-display-component---newResourceUnit--PLANNING_INDICATOR"}]}
RESULT: undefined
COMMAND: POST /session/d9a998879d5a0ca5d611ed7923943cd8/execute/async - {"script":"<script> [776 bytes]","args":[{"enterText":"10 - infinite","selector":{"id":"application-manageresources-display-component---newResourceUnit--PLANNING_INDICATOR","interaction":{"idSuffix":"inner"}},"clearTextFirst":true,"interactionType":"ENTER_TEXT"}]}
RESULT: {"script":"<script> [776 bytes]","args":[{"enterText":"10 - infinite","selector":{"id":"application-manageresources-display-component---newResourceUnit--PLANNING_INDICATOR","interaction":{"idSuffix":"inner"}},"clearTextFirst":true,"interactionType":"ENTER_TEXT"}]}
COMMAND: POST /session/d9a998879d5a0ca5d611ed7923943cd8/element - {"using":"css selector","value":"#application-manageresources-display-component---newResourceUnit--btnAddTimeSegment"}
RESULT: {"using":"css selector","value":"#application-manageresources-display-component---newResourceUnit--btnAddTimeSegment"}
COMMAND: GET /session/d9a998879d5a0ca5d611ed7923943cd8/element/f.176CCEC0CFC1BEF50F2A214319D4C569.d.9F8251997620A413819F1BC7C1994ABC.e.5548/rect - {}
RESULT: {}
COMMAND: GET /session/d9a998879d5a0ca5d611ed7923943cd8/window/rect - {}
RESULT: {}
COMMAND: POST /session/d9a998879d5a0ca5d611ed7923943cd8/execute/sync - {"script":"<script> [92 bytes]","args":[]}
RESULT: {"script":"<script> [92 bytes]","args":[]}
COMMAND: POST /session/d9a998879d5a0ca5d611ed7923943cd8/actions - {"actions":[{"id":"action14","type":"wheel","parameters":{},"actions":[{"type":"scroll","x":-1888,"y":-32,"deltaX":0,"deltaY":0,"duration":0,"origin":{"element-6066-11e4-a52e-4f735466cecf":"f.176CCEC0CFC1BEF50F2A214319D4C569.d.9F8251997620A413819F1BC7C1994ABC.e.5548"}}]}]}
COMMAND: GET /session/d9a998879d5a0ca5d611ed7923943cd8/screenshot - {}
RESULT: {}
COMMAND: POST /session/d9a998879d5a0ca5d611ed7923943cd8/execute/sync - {"script":"<script> [79 bytes]","args":[{"element-6066-11e4-a52e-4f735466cecf":"f.176CCEC0CFC1BEF50F2A214319D4C569.d.9F8251997620A413819F1BC7C1994ABC.e.5548","ELEMENT":"f.176CCEC0CFC1BEF50F2A214319D4C569.d.9F8251997620A413819F1BC7C1994ABC.e.5548"},{"block":"start","inline":"nearest"}]}
RESULT: {"script":"<script> [79 bytes]","args":[{"element-6066-11e4-a52e-4f735466cecf":"f.176CCEC0CFC1BEF50F2A214319D4C569.d.9F8251997620A413819F1BC7C1994ABC.e.5548","ELEMENT":"f.176CCEC0CFC1BEF50F2A214319D4C569.d.9F8251997620A413819F1BC7C1994ABC.e.5548"},{"block":"start","inline":"nearest"}]}
COMMAND: POST /session/d9a998879d5a0ca5d611ed7923943cd8/execute/async - {"script":"<script> [1562 bytes]","args":[{"selector":{"id":"application-manageresources-display-component---newResourceUnit--btnAddTimeSegment","interaction":{"idSuffix":"inner"}},"wdio_ui5_key":"applicationmanageresources-display-component---newResourceUnit--btnAddTimeSegment"}]}
COMMAND: GET /session/d9a998879d5a0ca5d611ed7923943cd8/screenshot - {}
RESULT: {"script":"<script> [1562 bytes]","args":[{"selector":{"id":"application-manageresources-display-component---newResourceUnit--btnAddTimeSegment","interaction":{"idSuffix":"inner"}},"wdio_ui5_key":"applicationmanageresources-display-component---newResourceUnit--btnAddTimeSegment"}]}
RESULT: undefined
COMMAND: POST /session/d9a998879d5a0ca5d611ed7923943cd8/element - {"using":"xpath","value":"//*[@id=\"application-manageresources-display-component---newResourceUnit--btnAddTimeSegment\"]"}
RESULT: {}
RESULT: {"using":"xpath","value":"//*[@id=\"application-manageresources-display-component---newResourceUnit--btnAddTimeSegment\"]"}
COMMAND: POST /session/d9a998879d5a0ca5d611ed7923943cd8/element/f.176CCEC0CFC1BEF50F2A214319D4C569.d.9F8251997620A413819F1BC7C1994ABC.e.5548/click - {}
RESULT: {}
COMMAND: GET /session/d9a998879d5a0ca5d611ed7923943cd8/screenshot - {}
RESULT: {}
COMMAND: POST /session/d9a998879d5a0ca5d611ed7923943cd8/element - {"using":"xpath","value":"//input[@id=\"application-manageresources-display-component---newResourceUnit--idRuTSAdmin-application-manageresources-display-component---newResourceUnit--RUTimeSegment-0-inner\"]"}
RESULT: {"using":"xpath","value":"//input[@id=\"application-manageresources-display-component---newResourceUnit--idRuTSAdmin-application-manageresources-display-component---newResourceUnit--RUTimeSegment-0-inner\"]"}
COMMAND: POST /session/d9a998879d5a0ca5d611ed7923943cd8/element/f.176CCEC0CFC1BEF50F2A214319D4C569.d.9F8251997620A413819F1BC7C1994ABC.e.5553/clear - {}
RESULT: {}
COMMAND: POST /session/d9a998879d5a0ca5d611ed7923943cd8/element/f.176CCEC0CFC1BEF50F2A214319D4C569.d.9F8251997620A413819F1BC7C1994ABC.e.5553/value - {"text":"232"}
COMMAND: GET /session/d9a998879d5a0ca5d611ed7923943cd8/screenshot - {}
RESULT: {"text":"232"}
COMMAND: GET /session/d9a998879d5a0ca5d611ed7923943cd8/screenshot - {}
RESULT: {}
RESULT: {}
COMMAND: POST /session/d9a998879d5a0ca5d611ed7923943cd8/element - {"using":"xpath","value":"//li[.//span[text()='232']]"}
RESULT: {"using":"xpath","value":"//li[.//span[text()='232']]"}
COMMAND: POST /session/d9a998879d5a0ca5d611ed7923943cd8/element/f.176CCEC0CFC1BEF50F2A214319D4C569.d.9F8251997620A413819F1BC7C1994ABC.e.5562/click - {}
RESULT: {}
COMMAND: GET /session/d9a998879d5a0ca5d611ed7923943cd8/screenshot - {}
RESULT: {}
COMMAND: POST /session/d9a998879d5a0ca5d611ed7923943cd8/element - {"using":"xpath","value":"(//span[contains(@id, \"-application-manageresources-display-component---newResourceUnit--RUTimeSegment-0-arrow\")])[2]"}
RESULT: {"using":"xpath","value":"(//span[contains(@id, \"-application-manageresources-display-component---newResourceUnit--RUTimeSegment-0-arrow\")])[2]"}
COMMAND: POST /session/d9a998879d5a0ca5d611ed7923943cd8/element/f.176CCEC0CFC1BEF50F2A214319D4C569.d.9F8251997620A413819F1BC7C1994ABC.e.5563/click - {}
RESULT: {}
COMMAND: POST /session/d9a998879d5a0ca5d611ed7923943cd8/element - {"using":"xpath","value":"//span[contains(text(), \"PM Order\")]"}
COMMAND: GET /session/d9a998879d5a0ca5d611ed7923943cd8/screenshot - {}
RESULT: {"using":"xpath","value":"//span[contains(text(), \"PM Order\")]"}
COMMAND: POST /session/d9a998879d5a0ca5d611ed7923943cd8/element/f.176CCEC0CFC1BEF50F2A214319D4C569.d.9F8251997620A413819F1BC7C1994ABC.e.5564/click - {}
RESULT: {}
RESULT: {}
COMMAND: GET /session/d9a998879d5a0ca5d611ed7923943cd8/screenshot - {}
RESULT: {}
COMMAND: POST /session/d9a998879d5a0ca5d611ed7923943cd8/element - {"using":"xpath","value":"//td/div/div/div/span[contains(@id, \"newResourceUnit--RUTimeSegment-0-vhi\")][1]"}
RESULT: {"using":"xpath","value":"//td/div/div/div/span[contains(@id, \"newResourceUnit--RUTimeSegment-0-vhi\")][1]"}
COMMAND: POST /session/d9a998879d5a0ca5d611ed7923943cd8/element/f.176CCEC0CFC1BEF50F2A214319D4C569.d.9F8251997620A413819F1BC7C1994ABC.e.5568/click - {}
RESULT: {}
COMMAND: GET /session/d9a998879d5a0ca5d611ed7923943cd8/screenshot - {}
RESULT: {}
COMMAND: POST /session/d9a998879d5a0ca5d611ed7923943cd8/execute/async - {"script":"<script> [1562 bytes]","args":[{"selector":{"controlType":"sap.m.SearchField","properties":{"placeholder":"Search"},"searchOpenDialogs":true,"interaction":{"idSuffix":"I"}},"wdio_ui5_key":"sapm.SearchField{\"placeholder\":\"Search\"}"}]}
RESULT: {"script":"<script> [1562 bytes]","args":[{"selector":{"controlType":"sap.m.SearchField","properties":{"placeholder":"Search"},"searchOpenDialogs":true,"interaction":{"idSuffix":"I"}},"wdio_ui5_key":"sapm.SearchField{\"placeholder\":\"Search\"}"}]}
RESULT: undefined
COMMAND: POST /session/d9a998879d5a0ca5d611ed7923943cd8/execute/async - {"script":"<script> [776 bytes]","args":[{"enterText":"4000360","selector":{"controlType":"sap.m.SearchField","properties":{"placeholder":"Search"},"searchOpenDialogs":true,"interaction":{"idSuffix":"I"}},"clearTextFirst":true,"interactionType":"ENTER_TEXT"}]}
RESULT: {"script":"<script> [776 bytes]","args":[{"enterText":"4000360","selector":{"controlType":"sap.m.SearchField","properties":{"placeholder":"Search"},"searchOpenDialogs":true,"interaction":{"idSuffix":"I"}},"clearTextFirst":true,"interactionType":"ENTER_TEXT"}]}
COMMAND: POST /session/d9a998879d5a0ca5d611ed7923943cd8/actions - {"actions":[{"id":"action15","type":"key","parameters":{},"actions":[{"type":"keyDown","value":"î€‡"},{"type":"pause","duration":10},{"type":"keyUp","value":"î€‡"}]}]}
RESULT: {"actions":[{"id":"action15","type":"key","parameters":{},"actions":[{"type":"keyDown","value":"î€‡"},{"type":"pause","duration":10},{"type":"keyUp","value":"î€‡"}]}]}
COMMAND: GET /session/d9a998879d5a0ca5d611ed7923943cd8/screenshot - {}
RESULT: {}
COMMAND: POST /session/d9a998879d5a0ca5d611ed7923943cd8/element - {"using":"xpath","value":"//td/div/span[contains(text(), \"BGL Vehicles\")]"}
RESULT: {"using":"xpath","value":"//td/div/span[contains(text(), \"BGL Vehicles\")]"}
COMMAND: POST /session/d9a998879d5a0ca5d611ed7923943cd8/element/f.176CCEC0CFC1BEF50F2A214319D4C569.d.9F8251997620A413819F1BC7C1994ABC.e.5588/click - {}
RESULT: {}
COMMAND: GET /session/d9a998879d5a0ca5d611ed7923943cd8/screenshot - {}
RESULT: {}
COMMAND: POST /session/d9a998879d5a0ca5d611ed7923943cd8/element - {"using":"xpath","value":"//bdi[contains(text(), \"OK\")]"}
RESULT: {"using":"xpath","value":"//bdi[contains(text(), \"OK\")]"}
COMMAND: POST /session/d9a998879d5a0ca5d611ed7923943cd8/element/f.176CCEC0CFC1BEF50F2A214319D4C569.d.9F8251997620A413819F1BC7C1994ABC.e.5589/click - {}
RESULT: {}
COMMAND: GET /session/d9a998879d5a0ca5d611ed7923943cd8/screenshot - {}
RESULT: {}
COMMAND: POST /session/d9a998879d5a0ca5d611ed7923943cd8/element - {"using":"xpath","value":"//button[@data-kt=\"resourceUnitSaveButton\"]"}
RESULT: {"using":"xpath","value":"//button[@data-kt=\"resourceUnitSaveButton\"]"}
COMMAND: POST /session/d9a998879d5a0ca5d611ed7923943cd8/element/f.176CCEC0CFC1BEF50F2A214319D4C569.d.9F8251997620A413819F1BC7C1994ABC.e.5490/click - {}
RESULT: {}
COMMAND: GET /session/d9a998879d5a0ca5d611ed7923943cd8/screenshot - {}
RESULT: {}
COMMAND: POST /session/d9a998879d5a0ca5d611ed7923943cd8/element - {"using":"xpath","value":"//bdi[contains(text(), \"Close\")]"}
RESULT: {"using":"xpath","value":"//bdi[contains(text(), \"Close\")]"}
COMMAND: POST /session/d9a998879d5a0ca5d611ed7923943cd8/element/f.176CCEC0CFC1BEF50F2A214319D4C569.d.9F8251997620A413819F1BC7C1994ABC.e.5596/click - {}
RESULT: {}
COMMAND: GET /session/d9a998879d5a0ca5d611ed7923943cd8/screenshot - {}
RESULT: {}
COMMAND: POST /session/d9a998879d5a0ca5d611ed7923943cd8/element - {"using":"xpath","value":"//header[contains(@id, 'detailRruPage-headerTitle')]/div[1]/div[2]/div[2]/span[1]"}
RESULT: {"using":"xpath","value":"//header[contains(@id, 'detailRruPage-headerTitle')]/div[1]/div[2]/div[2]/span[1]"}
COMMAND: POST /session/d9a998879d5a0ca5d611ed7923943cd8/elements - {"using":"xpath","value":"//header[contains(@id, 'detailRruPage-headerTitle')]/div[1]/div[2]/div[2]/span[1]"}
RESULT: {"using":"xpath","value":"//header[contains(@id, 'detailRruPage-headerTitle')]/div[1]/div[2]/div[2]/span[1]"}
COMMAND: POST /session/d9a998879d5a0ca5d611ed7923943cd8/execute/sync - {"script":"<script> [56 bytes]","args":[{"element-6066-11e4-a52e-4f735466cecf":"f.176CCEC0CFC1BEF50F2A214319D4C569.d.9F8251997620A413819F1BC7C1994ABC.e.5624","ELEMENT":"f.176CCEC0CFC1BEF50F2A214319D4C569.d.9F8251997620A413819F1BC7C1994ABC.e.5624"}]}
RESULT: {"script":"<script> [56 bytes]","args":[{"element-6066-11e4-a52e-4f735466cecf":"f.176CCEC0CFC1BEF50F2A214319D4C569.d.9F8251997620A413819F1BC7C1994ABC.e.5624","ELEMENT":"f.176CCEC0CFC1BEF50F2A214319D4C569.d.9F8251997620A413819F1BC7C1994ABC.e.5624"}]}
]]></system-out>
    </testcase>
    <testcase classname="chrome.135_0_7049_96.windows.US134625_Set_up_price_condition_-_one_time" name="Should create new pricing rule one time" time="55.433">
      <system-out><![CDATA[
COMMAND: GET /session/d9a998879d5a0ca5d611ed7923943cd8/screenshot - {}
COMMAND: POST /session/d9a998879d5a0ca5d611ed7923943cd8/element - {"using":"xpath","value":"(//button[contains(@id ,\"actionsToolbar-overflowButton\")])[1]"}
RESULT: {}
RESULT: {"using":"xpath","value":"(//button[contains(@id ,\"actionsToolbar-overflowButton\")])[1]"}
COMMAND: POST /session/d9a998879d5a0ca5d611ed7923943cd8/element/f.176CCEC0CFC1BEF50F2A214319D4C569.d.9F8251997620A413819F1BC7C1994ABC.e.5625/click - {}
RESULT: {}
COMMAND: GET /session/d9a998879d5a0ca5d611ed7923943cd8/screenshot - {}
RESULT: {}
COMMAND: POST /session/d9a998879d5a0ca5d611ed7923943cd8/element - {"using":"xpath","value":"//button[@data-kt=\"priceInfoButton\"]"}
RESULT: {"using":"xpath","value":"//button[@data-kt=\"priceInfoButton\"]"}
COMMAND: POST /session/d9a998879d5a0ca5d611ed7923943cd8/element/f.176CCEC0CFC1BEF50F2A214319D4C569.d.9F8251997620A413819F1BC7C1994ABC.e.5627/click - {}
RESULT: {}
COMMAND: GET /session/d9a998879d5a0ca5d611ed7923943cd8/screenshot - {}
RESULT: {}
COMMAND: POST /session/d9a998879d5a0ca5d611ed7923943cd8/element - {"using":"xpath","value":"//button[@data-kt=\"addButton\"]"}
RESULT: {"using":"xpath","value":"//button[@data-kt=\"addButton\"]"}
COMMAND: POST /session/d9a998879d5a0ca5d611ed7923943cd8/elements - {"using":"xpath","value":"//button[@data-kt=\"addButton\"]"}
RESULT: {"using":"xpath","value":"//button[@data-kt=\"addButton\"]"}
COMMAND: POST /session/d9a998879d5a0ca5d611ed7923943cd8/execute/sync - {"script":"<script> [8489 bytes]","args":[{"element-6066-11e4-a52e-4f735466cecf":"f.176CCEC0CFC1BEF50F2A214319D4C569.d.9F8251997620A413819F1BC7C1994ABC.e.5663","ELEMENT":"f.176CCEC0CFC1BEF50F2A214319D4C569.d.9F8251997620A413819F1BC7C1994ABC.e.5663"}]}
RESULT: {"script":"<script> [8489 bytes]","args":[{"element-6066-11e4-a52e-4f735466cecf":"f.176CCEC0CFC1BEF50F2A214319D4C569.d.9F8251997620A413819F1BC7C1994ABC.e.5663","ELEMENT":"f.176CCEC0CFC1BEF50F2A214319D4C569.d.9F8251997620A413819F1BC7C1994ABC.e.5663"}]}
COMMAND: GET /session/d9a998879d5a0ca5d611ed7923943cd8/element/f.176CCEC0CFC1BEF50F2A214319D4C569.d.9F8251997620A413819F1BC7C1994ABC.e.5663/enabled - {}
COMMAND: GET /session/d9a998879d5a0ca5d611ed7923943cd8/screenshot - {}
RESULT: {}
COMMAND: POST /session/d9a998879d5a0ca5d611ed7923943cd8/execute/sync - {"script":"<script> [8489 bytes]","args":[{"element-6066-11e4-a52e-4f735466cecf":"f.176CCEC0CFC1BEF50F2A214319D4C569.d.9F8251997620A413819F1BC7C1994ABC.e.5663","ELEMENT":"f.176CCEC0CFC1BEF50F2A214319D4C569.d.9F8251997620A413819F1BC7C1994ABC.e.5663"}]}
COMMAND: GET /session/d9a998879d5a0ca5d611ed7923943cd8/screenshot - {}
RESULT: {}
RESULT: {"script":"<script> [8489 bytes]","args":[{"element-6066-11e4-a52e-4f735466cecf":"f.176CCEC0CFC1BEF50F2A214319D4C569.d.9F8251997620A413819F1BC7C1994ABC.e.5663","ELEMENT":"f.176CCEC0CFC1BEF50F2A214319D4C569.d.9F8251997620A413819F1BC7C1994ABC.e.5663"}]}
COMMAND: POST /session/d9a998879d5a0ca5d611ed7923943cd8/execute/sync - {"script":"<script> [5351 bytes]","args":[{"element-6066-11e4-a52e-4f735466cecf":"f.176CCEC0CFC1BEF50F2A214319D4C569.d.9F8251997620A413819F1BC7C1994ABC.e.5663","ELEMENT":"f.176CCEC0CFC1BEF50F2A214319D4C569.d.9F8251997620A413819F1BC7C1994ABC.e.5663"}]}
COMMAND: GET /session/d9a998879d5a0ca5d611ed7923943cd8/screenshot - {}
RESULT: {}
RESULT: {"script":"<script> [5351 bytes]","args":[{"element-6066-11e4-a52e-4f735466cecf":"f.176CCEC0CFC1BEF50F2A214319D4C569.d.9F8251997620A413819F1BC7C1994ABC.e.5663","ELEMENT":"f.176CCEC0CFC1BEF50F2A214319D4C569.d.9F8251997620A413819F1BC7C1994ABC.e.5663"}]}
COMMAND: POST /session/d9a998879d5a0ca5d611ed7923943cd8/element/f.176CCEC0CFC1BEF50F2A214319D4C569.d.9F8251997620A413819F1BC7C1994ABC.e.5663/click - {}
COMMAND: GET /session/d9a998879d5a0ca5d611ed7923943cd8/screenshot - {}
RESULT: {}
RESULT: {}
COMMAND: GET /session/d9a998879d5a0ca5d611ed7923943cd8/screenshot - {}
RESULT: {}
RESULT: {}
COMMAND: POST /session/d9a998879d5a0ca5d611ed7923943cd8/execute/async - {"script":"<script> [1562 bytes]","args":[{"selector":{"controlType":"sap.m.Title","viewName":"etm.portal.ui.managepricingrules.view.NewItem","viewId":"application-managepricingrules-display-component---newInfoPriceItem","properties":{"text":"New Pricing Rules - Item Level"}},"wdio_ui5_key":"etmportal.ui.managepricingrules.view.NewItemsap.m.Title{\"text\":\"New Pricing Rules - Item Level\"}"}]}
RESULT: {"script":"<script> [1562 bytes]","args":[{"selector":{"controlType":"sap.m.Title","viewName":"etm.portal.ui.managepricingrules.view.NewItem","viewId":"application-managepricingrules-display-component---newInfoPriceItem","properties":{"text":"New Pricing Rules - Item Level"}},"wdio_ui5_key":"etmportal.ui.managepricingrules.view.NewItemsap.m.Title{\"text\":\"New Pricing Rules - Item Level\"}"}]}
RESULT: undefined
COMMAND: POST /session/d9a998879d5a0ca5d611ed7923943cd8/execute/async - {"script":"<script> [6424 bytes]","args":[{"element-6066-11e4-a52e-4f735466cecf":"f.176CCEC0CFC1BEF50F2A214319D4C569.d.9F8251997620A413819F1BC7C1994ABC.e.5832"},"getText",[]]}
RESULT: {"script":"<script> [6424 bytes]","args":[{"element-6066-11e4-a52e-4f735466cecf":"f.176CCEC0CFC1BEF50F2A214319D4C569.d.9F8251997620A413819F1BC7C1994ABC.e.5832"},"getText",[]]}
COMMAND: POST /session/d9a998879d5a0ca5d611ed7923943cd8/execute/async - {"script":"<script> [1562 bytes]","args":[{"selector":{"id":"application-managepricingrules-display-component---newInfoPriceItem--condValidTo","interaction":{"idSuffix":"inner"}},"wdio_ui5_key":"applicationmanagepricingrules-display-component---newInfoPriceItem--condValidTo"}]}
RESULT: {"script":"<script> [1562 bytes]","args":[{"selector":{"id":"application-managepricingrules-display-component---newInfoPriceItem--condValidTo","interaction":{"idSuffix":"inner"}},"wdio_ui5_key":"applicationmanagepricingrules-display-component---newInfoPriceItem--condValidTo"}]}
RESULT: undefined
COMMAND: POST /session/d9a998879d5a0ca5d611ed7923943cd8/execute/async - {"script":"<script> [776 bytes]","args":[{"enterText":"12/25/25","selector":{"id":"application-managepricingrules-display-component---newInfoPriceItem--condValidTo","interaction":{"idSuffix":"inner"}},"clearTextFirst":true,"interactionType":"ENTER_TEXT"}]}
RESULT: {"script":"<script> [776 bytes]","args":[{"enterText":"12/25/25","selector":{"id":"application-managepricingrules-display-component---newInfoPriceItem--condValidTo","interaction":{"idSuffix":"inner"}},"clearTextFirst":true,"interactionType":"ENTER_TEXT"}]}
COMMAND: POST /session/d9a998879d5a0ca5d611ed7923943cd8/execute/async - {"script":"<script> [1562 bytes]","args":[{"selector":{"id":"application-managepricingrules-display-component---newInfoPriceItem--billType-arrow"},"wdio_ui5_key":"applicationmanagepricingrules-display-component---newInfoPriceItem--billType-arrow"}]}
RESULT: {"script":"<script> [1562 bytes]","args":[{"selector":{"id":"application-managepricingrules-display-component---newInfoPriceItem--billType-arrow"},"wdio_ui5_key":"applicationmanagepricingrules-display-component---newInfoPriceItem--billType-arrow"}]}
RESULT: undefined
COMMAND: POST /session/d9a998879d5a0ca5d611ed7923943cd8/element - {"using":"xpath","value":"//*[@id=\"application-managepricingrules-display-component---newInfoPriceItem--billType-arrow\"]"}
RESULT: {"using":"xpath","value":"//*[@id=\"application-managepricingrules-display-component---newInfoPriceItem--billType-arrow\"]"}
COMMAND: POST /session/d9a998879d5a0ca5d611ed7923943cd8/element/f.176CCEC0CFC1BEF50F2A214319D4C569.d.9F8251997620A413819F1BC7C1994ABC.e.5792/click - {}
RESULT: {}
COMMAND: POST /session/d9a998879d5a0ca5d611ed7923943cd8/element - {"using":"xpath","value":"//span[contains(text(), \"OT - Sales (one-time)\")]"}
COMMAND: GET /session/d9a998879d5a0ca5d611ed7923943cd8/screenshot - {}
RESULT: {"using":"xpath","value":"//span[contains(text(), \"OT - Sales (one-time)\")]"}
COMMAND: POST /session/d9a998879d5a0ca5d611ed7923943cd8/element/f.176CCEC0CFC1BEF50F2A214319D4C569.d.9F8251997620A413819F1BC7C1994ABC.e.5836/click - {}
RESULT: {}
RESULT: {}
COMMAND: POST /session/d9a998879d5a0ca5d611ed7923943cd8/execute/async - {"script":"<script> [1562 bytes]","args":[{"selector":{"id":"application-managepricingrules-display-component---newInfoPriceItem--priceProc-arrow"},"wdio_ui5_key":"applicationmanagepricingrules-display-component---newInfoPriceItem--priceProc-arrow"}]}
COMMAND: GET /session/d9a998879d5a0ca5d611ed7923943cd8/screenshot - {}
RESULT: {"script":"<script> [1562 bytes]","args":[{"selector":{"id":"application-managepricingrules-display-component---newInfoPriceItem--priceProc-arrow"},"wdio_ui5_key":"applicationmanagepricingrules-display-component---newInfoPriceItem--priceProc-arrow"}]}
RESULT: undefined
COMMAND: POST /session/d9a998879d5a0ca5d611ed7923943cd8/element - {"using":"xpath","value":"//*[@id=\"application-managepricingrules-display-component---newInfoPriceItem--priceProc-arrow\"]"}
RESULT: {}
RESULT: {"using":"xpath","value":"//*[@id=\"application-managepricingrules-display-component---newInfoPriceItem--priceProc-arrow\"]"}
COMMAND: POST /session/d9a998879d5a0ca5d611ed7923943cd8/element/f.176CCEC0CFC1BEF50F2A214319D4C569.d.9F8251997620A413819F1BC7C1994ABC.e.5799/click - {}
RESULT: {}
COMMAND: POST /session/d9a998879d5a0ca5d611ed7923943cd8/element - {"using":"xpath","value":"//span[contains(text(), \"MAT - Material\")]"}
COMMAND: GET /session/d9a998879d5a0ca5d611ed7923943cd8/screenshot - {}
RESULT: {"using":"xpath","value":"//span[contains(text(), \"MAT - Material\")]"}
COMMAND: POST /session/d9a998879d5a0ca5d611ed7923943cd8/element/f.176CCEC0CFC1BEF50F2A214319D4C569.d.9F8251997620A413819F1BC7C1994ABC.e.5837/click - {}
RESULT: {}
RESULT: {}
COMMAND: POST /session/d9a998879d5a0ca5d611ed7923943cd8/execute/async - {"script":"<script> [1562 bytes]","args":[{"selector":{"id":"application-managepricingrules-display-component---newInfoPriceItem--calcBase-arrow"},"wdio_ui5_key":"applicationmanagepricingrules-display-component---newInfoPriceItem--calcBase-arrow"}]}
COMMAND: GET /session/d9a998879d5a0ca5d611ed7923943cd8/screenshot - {}
RESULT: {"script":"<script> [1562 bytes]","args":[{"selector":{"id":"application-managepricingrules-display-component---newInfoPriceItem--calcBase-arrow"},"wdio_ui5_key":"applicationmanagepricingrules-display-component---newInfoPriceItem--calcBase-arrow"}]}
RESULT: undefined
COMMAND: POST /session/d9a998879d5a0ca5d611ed7923943cd8/element - {"using":"xpath","value":"//*[@id=\"application-managepricingrules-display-component---newInfoPriceItem--calcBase-arrow\"]"}
RESULT: {}
RESULT: {"using":"xpath","value":"//*[@id=\"application-managepricingrules-display-component---newInfoPriceItem--calcBase-arrow\"]"}
COMMAND: POST /session/d9a998879d5a0ca5d611ed7923943cd8/element/f.176CCEC0CFC1BEF50F2A214319D4C569.d.9F8251997620A413819F1BC7C1994ABC.e.5806/click - {}
RESULT: {}
COMMAND: GET /session/d9a998879d5a0ca5d611ed7923943cd8/screenshot - {}
RESULT: {}
COMMAND: POST /session/d9a998879d5a0ca5d611ed7923943cd8/element - {"using":"xpath","value":"//span[contains(text(), \"0001 - TB(exact month + cal_days)\")]"}
RESULT: {"using":"xpath","value":"//span[contains(text(), \"0001 - TB(exact month + cal_days)\")]"}
COMMAND: POST /session/d9a998879d5a0ca5d611ed7923943cd8/element/f.176CCEC0CFC1BEF50F2A214319D4C569.d.9F8251997620A413819F1BC7C1994ABC.e.5838/click - {}
RESULT: {}
COMMAND: GET /session/d9a998879d5a0ca5d611ed7923943cd8/screenshot - {}
RESULT: {}
COMMAND: POST /session/d9a998879d5a0ca5d611ed7923943cd8/element - {"using":"xpath","value":"//button[@data-kt=\"saveNewRuleButton\"]"}
RESULT: {"using":"xpath","value":"//button[@data-kt=\"saveNewRuleButton\"]"}
COMMAND: POST /session/d9a998879d5a0ca5d611ed7923943cd8/element/f.176CCEC0CFC1BEF50F2A214319D4C569.d.9F8251997620A413819F1BC7C1994ABC.e.5826/click - {}
RESULT: {}
COMMAND: GET /session/d9a998879d5a0ca5d611ed7923943cd8/screenshot - {}
RESULT: {}
COMMAND: POST /session/d9a998879d5a0ca5d611ed7923943cd8/execute/async - {"script":"<script> [1562 bytes]","args":[{"selector":{"id":"application-managepricingrules-display-component---priceInfoItem--smartFilterBar-btnBasicSearch","interaction":{"idSuffix":"I"}},"wdio_ui5_key":"applicationmanagepricingrules-display-component---priceInfoItem--smartFilterBar-btnBasicSearch"}]}
RESULT: {"script":"<script> [1562 bytes]","args":[{"selector":{"id":"application-managepricingrules-display-component---priceInfoItem--smartFilterBar-btnBasicSearch","interaction":{"idSuffix":"I"}},"wdio_ui5_key":"applicationmanagepricingrules-display-component---priceInfoItem--smartFilterBar-btnBasicSearch"}]}
RESULT: undefined
COMMAND: POST /session/d9a998879d5a0ca5d611ed7923943cd8/execute/async - {"script":"<script> [776 bytes]","args":[{"enterText":"200082","selector":{"id":"application-managepricingrules-display-component---priceInfoItem--smartFilterBar-btnBasicSearch","interaction":{"idSuffix":"I"}},"clearTextFirst":true,"interactionType":"ENTER_TEXT"}]}
RESULT: {"script":"<script> [776 bytes]","args":[{"enterText":"200082","selector":{"id":"application-managepricingrules-display-component---priceInfoItem--smartFilterBar-btnBasicSearch","interaction":{"idSuffix":"I"}},"clearTextFirst":true,"interactionType":"ENTER_TEXT"}]}
COMMAND: POST /session/d9a998879d5a0ca5d611ed7923943cd8/actions - {"actions":[{"id":"action16","type":"key","parameters":{},"actions":[{"type":"keyDown","value":"î€‡"},{"type":"pause","duration":10},{"type":"keyUp","value":"î€‡"}]}]}
RESULT: {"actions":[{"id":"action16","type":"key","parameters":{},"actions":[{"type":"keyDown","value":"î€‡"},{"type":"pause","duration":10},{"type":"keyUp","value":"î€‡"}]}]}
COMMAND: GET /session/d9a998879d5a0ca5d611ed7923943cd8/screenshot - {}
RESULT: {}
COMMAND: POST /session/d9a998879d5a0ca5d611ed7923943cd8/element - {"using":"xpath","value":"//span[@id=\"application-managepricingrules-display-component---priceInfoItem--smartTable-header-inner\"]"}
RESULT: {"using":"xpath","value":"//span[@id=\"application-managepricingrules-display-component---priceInfoItem--smartTable-header-inner\"]"}
COMMAND: POST /session/d9a998879d5a0ca5d611ed7923943cd8/elements - {"using":"xpath","value":"//span[@id=\"application-managepricingrules-display-component---priceInfoItem--smartTable-header-inner\"]"}
RESULT: {"using":"xpath","value":"//span[@id=\"application-managepricingrules-display-component---priceInfoItem--smartTable-header-inner\"]"}
COMMAND: POST /session/d9a998879d5a0ca5d611ed7923943cd8/execute/sync - {"script":"<script> [56 bytes]","args":[{"element-6066-11e4-a52e-4f735466cecf":"f.176CCEC0CFC1BEF50F2A214319D4C569.d.9F8251997620A413819F1BC7C1994ABC.e.5850","ELEMENT":"f.176CCEC0CFC1BEF50F2A214319D4C569.d.9F8251997620A413819F1BC7C1994ABC.e.5850"}]}
RESULT: {"script":"<script> [56 bytes]","args":[{"element-6066-11e4-a52e-4f735466cecf":"f.176CCEC0CFC1BEF50F2A214319D4C569.d.9F8251997620A413819F1BC7C1994ABC.e.5850","ELEMENT":"f.176CCEC0CFC1BEF50F2A214319D4C569.d.9F8251997620A413819F1BC7C1994ABC.e.5850"}]}
COMMAND: POST /session/d9a998879d5a0ca5d611ed7923943cd8/element - {"using":"css selector","value":"#shell-header-logo"}
COMMAND: GET /session/d9a998879d5a0ca5d611ed7923943cd8/screenshot - {}
RESULT: {"using":"css selector","value":"#shell-header-logo"}
COMMAND: POST /session/d9a998879d5a0ca5d611ed7923943cd8/element/f.176CCEC0CFC1BEF50F2A214319D4C569.d.9F8251997620A413819F1BC7C1994ABC.e.5074/click - {}
RESULT: {}
RESULT: {}
COMMAND: GET /session/d9a998879d5a0ca5d611ed7923943cd8/screenshot - {}
RESULT: {}
]]></system-out>
    </testcase>
    <testcase classname="chrome.135_0_7049_96.windows.US134625_Set_up_price_condition_-_one_time" name="Should create new condition one time" time="60.863">
      <system-out><![CDATA[
COMMAND: POST /session/d9a998879d5a0ca5d611ed7923943cd8/execute/async - {"script":"<script> [1562 bytes]","args":[{"selector":{"controlType":"sap.m.Text","properties":{"text":"Manage Conditions & Prices"},"interaction":{"idSuffix":"inner"}},"wdio_ui5_key":"sapm.Text{\"text\":\"Manage Conditions & Prices\"}"}]}
RESULT: {"script":"<script> [1562 bytes]","args":[{"selector":{"controlType":"sap.m.Text","properties":{"text":"Manage Conditions & Prices"},"interaction":{"idSuffix":"inner"}},"wdio_ui5_key":"sapm.Text{\"text\":\"Manage Conditions & Prices\"}"}]}
RESULT: undefined
COMMAND: POST /session/d9a998879d5a0ca5d611ed7923943cd8/element - {"using":"xpath","value":"//*[@id=\"__tile53-title\"]"}
RESULT: {"using":"xpath","value":"//*[@id=\"__tile53-title\"]"}
COMMAND: POST /session/d9a998879d5a0ca5d611ed7923943cd8/element/f.176CCEC0CFC1BEF50F2A214319D4C569.d.9F8251997620A413819F1BC7C1994ABC.e.5853/click - {}
RESULT: {}
COMMAND: POST /session/d9a998879d5a0ca5d611ed7923943cd8/element - {"using":"xpath","value":"//button[@aria-label=\"Create\"]"}
COMMAND: GET /session/d9a998879d5a0ca5d611ed7923943cd8/screenshot - {}
RESULT: {"using":"xpath","value":"//button[@aria-label=\"Create\"]"}
COMMAND: POST /session/d9a998879d5a0ca5d611ed7923943cd8/elements - {"using":"xpath","value":"//button[@aria-label=\"Create\"]"}
RESULT: {}
RESULT: {"using":"xpath","value":"//button[@aria-label=\"Create\"]"}
COMMAND: POST /session/d9a998879d5a0ca5d611ed7923943cd8/elements - {"using":"xpath","value":"//button[@aria-label=\"Create\"]"}
RESULT: {"using":"xpath","value":"//button[@aria-label=\"Create\"]"}
COMMAND: POST /session/d9a998879d5a0ca5d611ed7923943cd8/elements - {"using":"xpath","value":"//button[@aria-label=\"Create\"]"}
RESULT: {"using":"xpath","value":"//button[@aria-label=\"Create\"]"}
COMMAND: POST /session/d9a998879d5a0ca5d611ed7923943cd8/elements - {"using":"xpath","value":"//button[@aria-label=\"Create\"]"}
RESULT: {"using":"xpath","value":"//button[@aria-label=\"Create\"]"}
COMMAND: POST /session/d9a998879d5a0ca5d611ed7923943cd8/elements - {"using":"xpath","value":"//button[@aria-label=\"Create\"]"}
RESULT: {"using":"xpath","value":"//button[@aria-label=\"Create\"]"}
COMMAND: POST /session/d9a998879d5a0ca5d611ed7923943cd8/elements - {"using":"xpath","value":"//button[@aria-label=\"Create\"]"}
RESULT: {"using":"xpath","value":"//button[@aria-label=\"Create\"]"}
COMMAND: POST /session/d9a998879d5a0ca5d611ed7923943cd8/elements - {"using":"xpath","value":"//button[@aria-label=\"Create\"]"}
RESULT: {"using":"xpath","value":"//button[@aria-label=\"Create\"]"}
COMMAND: POST /session/d9a998879d5a0ca5d611ed7923943cd8/elements - {"using":"xpath","value":"//button[@aria-label=\"Create\"]"}
RESULT: {"using":"xpath","value":"//button[@aria-label=\"Create\"]"}
COMMAND: POST /session/d9a998879d5a0ca5d611ed7923943cd8/elements - {"using":"xpath","value":"//button[@aria-label=\"Create\"]"}
RESULT: {"using":"xpath","value":"//button[@aria-label=\"Create\"]"}
COMMAND: POST /session/d9a998879d5a0ca5d611ed7923943cd8/elements - {"using":"xpath","value":"//button[@aria-label=\"Create\"]"}
RESULT: {"using":"xpath","value":"//button[@aria-label=\"Create\"]"}
COMMAND: POST /session/d9a998879d5a0ca5d611ed7923943cd8/elements - {"using":"xpath","value":"//button[@aria-label=\"Create\"]"}
RESULT: {"using":"xpath","value":"//button[@aria-label=\"Create\"]"}
COMMAND: POST /session/d9a998879d5a0ca5d611ed7923943cd8/elements - {"using":"xpath","value":"//button[@aria-label=\"Create\"]"}
RESULT: {"using":"xpath","value":"//button[@aria-label=\"Create\"]"}
COMMAND: POST /session/d9a998879d5a0ca5d611ed7923943cd8/elements - {"using":"xpath","value":"//button[@aria-label=\"Create\"]"}
RESULT: {"using":"xpath","value":"//button[@aria-label=\"Create\"]"}
COMMAND: POST /session/d9a998879d5a0ca5d611ed7923943cd8/elements - {"using":"xpath","value":"//button[@aria-label=\"Create\"]"}
RESULT: {"using":"xpath","value":"//button[@aria-label=\"Create\"]"}
COMMAND: POST /session/d9a998879d5a0ca5d611ed7923943cd8/element - {"using":"xpath","value":"//button[@aria-label=\"Create\"]"}
RESULT: {"using":"xpath","value":"//button[@aria-label=\"Create\"]"}
COMMAND: POST /session/d9a998879d5a0ca5d611ed7923943cd8/execute/sync - {"script":"<script> [8489 bytes]","args":[{"element-6066-11e4-a52e-4f735466cecf":"f.176CCEC0CFC1BEF50F2A214319D4C569.d.9F8251997620A413819F1BC7C1994ABC.e.5888","ELEMENT":"f.176CCEC0CFC1BEF50F2A214319D4C569.d.9F8251997620A413819F1BC7C1994ABC.e.5888"}]}
RESULT: {"script":"<script> [8489 bytes]","args":[{"element-6066-11e4-a52e-4f735466cecf":"f.176CCEC0CFC1BEF50F2A214319D4C569.d.9F8251997620A413819F1BC7C1994ABC.e.5888","ELEMENT":"f.176CCEC0CFC1BEF50F2A214319D4C569.d.9F8251997620A413819F1BC7C1994ABC.e.5888"}]}
COMMAND: GET /session/d9a998879d5a0ca5d611ed7923943cd8/element/f.176CCEC0CFC1BEF50F2A214319D4C569.d.9F8251997620A413819F1BC7C1994ABC.e.5888/enabled - {}
COMMAND: GET /session/d9a998879d5a0ca5d611ed7923943cd8/screenshot - {}
RESULT: {}
COMMAND: POST /session/d9a998879d5a0ca5d611ed7923943cd8/execute/sync - {"script":"<script> [8489 bytes]","args":[{"element-6066-11e4-a52e-4f735466cecf":"f.176CCEC0CFC1BEF50F2A214319D4C569.d.9F8251997620A413819F1BC7C1994ABC.e.5888","ELEMENT":"f.176CCEC0CFC1BEF50F2A214319D4C569.d.9F8251997620A413819F1BC7C1994ABC.e.5888"}]}
COMMAND: GET /session/d9a998879d5a0ca5d611ed7923943cd8/screenshot - {}
RESULT: {}
RESULT: {"script":"<script> [8489 bytes]","args":[{"element-6066-11e4-a52e-4f735466cecf":"f.176CCEC0CFC1BEF50F2A214319D4C569.d.9F8251997620A413819F1BC7C1994ABC.e.5888","ELEMENT":"f.176CCEC0CFC1BEF50F2A214319D4C569.d.9F8251997620A413819F1BC7C1994ABC.e.5888"}]}
COMMAND: POST /session/d9a998879d5a0ca5d611ed7923943cd8/execute/sync - {"script":"<script> [5351 bytes]","args":[{"element-6066-11e4-a52e-4f735466cecf":"f.176CCEC0CFC1BEF50F2A214319D4C569.d.9F8251997620A413819F1BC7C1994ABC.e.5888","ELEMENT":"f.176CCEC0CFC1BEF50F2A214319D4C569.d.9F8251997620A413819F1BC7C1994ABC.e.5888"}]}
COMMAND: GET /session/d9a998879d5a0ca5d611ed7923943cd8/screenshot - {}
RESULT: {}
RESULT: {"script":"<script> [5351 bytes]","args":[{"element-6066-11e4-a52e-4f735466cecf":"f.176CCEC0CFC1BEF50F2A214319D4C569.d.9F8251997620A413819F1BC7C1994ABC.e.5888","ELEMENT":"f.176CCEC0CFC1BEF50F2A214319D4C569.d.9F8251997620A413819F1BC7C1994ABC.e.5888"}]}
COMMAND: POST /session/d9a998879d5a0ca5d611ed7923943cd8/element/f.176CCEC0CFC1BEF50F2A214319D4C569.d.9F8251997620A413819F1BC7C1994ABC.e.5888/click - {}
COMMAND: GET /session/d9a998879d5a0ca5d611ed7923943cd8/screenshot - {}
RESULT: {}
RESULT: {}
COMMAND: GET /session/d9a998879d5a0ca5d611ed7923943cd8/screenshot - {}
RESULT: {}
RESULT: {}
COMMAND: POST /session/d9a998879d5a0ca5d611ed7923943cd8/actions - {"actions":[{"id":"action17","type":"key","parameters":{},"actions":[{"type":"keyDown","value":"î€‡"},{"type":"pause","duration":10},{"type":"keyUp","value":"î€‡"}]}]}
RESULT: {"actions":[{"id":"action17","type":"key","parameters":{},"actions":[{"type":"keyDown","value":"î€‡"},{"type":"pause","duration":10},{"type":"keyUp","value":"î€‡"}]}]}
COMMAND: GET /session/d9a998879d5a0ca5d611ed7923943cd8/screenshot - {}
RESULT: {}
COMMAND: POST /session/d9a998879d5a0ca5d611ed7923943cd8/execute/async - {"script":"<script> [1562 bytes]","args":[{"selector":{"id":"application-manageconditionprice-display-component---newCondition--condBillCond-arrow"},"wdio_ui5_key":"applicationmanageconditionprice-display-component---newCondition--condBillCond-arrow"}]}
RESULT: {"script":"<script> [1562 bytes]","args":[{"selector":{"id":"application-manageconditionprice-display-component---newCondition--condBillCond-arrow"},"wdio_ui5_key":"applicationmanageconditionprice-display-component---newCondition--condBillCond-arrow"}]}
RESULT: undefined
COMMAND: POST /session/d9a998879d5a0ca5d611ed7923943cd8/element - {"using":"xpath","value":"//*[@id=\"application-manageconditionprice-display-component---newCondition--condBillCond-arrow\"]"}
RESULT: {"using":"xpath","value":"//*[@id=\"application-manageconditionprice-display-component---newCondition--condBillCond-arrow\"]"}
COMMAND: POST /session/d9a998879d5a0ca5d611ed7923943cd8/element/f.176CCEC0CFC1BEF50F2A214319D4C569.d.9F8251997620A413819F1BC7C1994ABC.e.6063/click - {}
RESULT: {}
COMMAND: GET /session/d9a998879d5a0ca5d611ed7923943cd8/screenshot - {}
RESULT: {}
COMMAND: POST /session/d9a998879d5a0ca5d611ed7923943cd8/element - {"using":"xpath","value":"//li[.//span[contains(text(), \"SAPR - Sales price\")]]"}
RESULT: {"using":"xpath","value":"//li[.//span[contains(text(), \"SAPR - Sales price\")]]"}
COMMAND: POST /session/d9a998879d5a0ca5d611ed7923943cd8/element/f.176CCEC0CFC1BEF50F2A214319D4C569.d.9F8251997620A413819F1BC7C1994ABC.e.6067/click - {}
RESULT: {}
COMMAND: GET /session/d9a998879d5a0ca5d611ed7923943cd8/screenshot - {}
RESULT: {}
COMMAND: POST /session/d9a998879d5a0ca5d611ed7923943cd8/execute/async - {"script":"<script> [1562 bytes]","args":[{"selector":{"id":"application-manageconditionprice-display-component---newCondition--condValidTo","interaction":{"idSuffix":"inner"}},"wdio_ui5_key":"applicationmanageconditionprice-display-component---newCondition--condValidTo"}]}
RESULT: {"script":"<script> [1562 bytes]","args":[{"selector":{"id":"application-manageconditionprice-display-component---newCondition--condValidTo","interaction":{"idSuffix":"inner"}},"wdio_ui5_key":"applicationmanageconditionprice-display-component---newCondition--condValidTo"}]}
RESULT: undefined
COMMAND: POST /session/d9a998879d5a0ca5d611ed7923943cd8/execute/async - {"script":"<script> [776 bytes]","args":[{"enterText":"12/25/25","selector":{"id":"application-manageconditionprice-display-component---newCondition--condValidTo","interaction":{"idSuffix":"inner"}},"clearTextFirst":true,"interactionType":"ENTER_TEXT"}]}
RESULT: {"script":"<script> [776 bytes]","args":[{"enterText":"12/25/25","selector":{"id":"application-manageconditionprice-display-component---newCondition--condValidTo","interaction":{"idSuffix":"inner"}},"clearTextFirst":true,"interactionType":"ENTER_TEXT"}]}
COMMAND: POST /session/d9a998879d5a0ca5d611ed7923943cd8/element - {"using":"xpath","value":"//input[@id=\"application-manageconditionprice-display-component---newCondition--condRU-inner\"]"}
RESULT: {"using":"xpath","value":"//input[@id=\"application-manageconditionprice-display-component---newCondition--condRU-inner\"]"}
COMMAND: POST /session/d9a998879d5a0ca5d611ed7923943cd8/element/f.176CCEC0CFC1BEF50F2A214319D4C569.d.9F8251997620A413819F1BC7C1994ABC.e.5929/clear - {}
RESULT: {}
COMMAND: POST /session/d9a998879d5a0ca5d611ed7923943cd8/element/f.176CCEC0CFC1BEF50F2A214319D4C569.d.9F8251997620A413819F1BC7C1994ABC.e.5929/value - {"text":"200082"}
COMMAND: GET /session/d9a998879d5a0ca5d611ed7923943cd8/screenshot - {}
RESULT: {"text":"200082"}
COMMAND: GET /session/d9a998879d5a0ca5d611ed7923943cd8/screenshot - {}
RESULT: {}
RESULT: {}
COMMAND: POST /session/d9a998879d5a0ca5d611ed7923943cd8/actions - {"actions":[{"id":"action18","type":"key","parameters":{},"actions":[{"type":"keyDown","value":"î€‡"},{"type":"pause","duration":10},{"type":"keyUp","value":"î€‡"}]}]}
RESULT: {"actions":[{"id":"action18","type":"key","parameters":{},"actions":[{"type":"keyDown","value":"î€‡"},{"type":"pause","duration":10},{"type":"keyUp","value":"î€‡"}]}]}
COMMAND: POST /session/d9a998879d5a0ca5d611ed7923943cd8/execute/async - {"script":"<script> [1562 bytes]","args":[{"selector":{"id":"application-manageconditionprice-display-component---newCondition--condBaseQty","interaction":{"idSuffix":"inner"}},"wdio_ui5_key":"applicationmanageconditionprice-display-component---newCondition--condBaseQty"}]}
COMMAND: GET /session/d9a998879d5a0ca5d611ed7923943cd8/screenshot - {}
RESULT: {"script":"<script> [1562 bytes]","args":[{"selector":{"id":"application-manageconditionprice-display-component---newCondition--condBaseQty","interaction":{"idSuffix":"inner"}},"wdio_ui5_key":"applicationmanageconditionprice-display-component---newCondition--condBaseQty"}]}
RESULT: undefined
COMMAND: POST /session/d9a998879d5a0ca5d611ed7923943cd8/execute/async - {"script":"<script> [776 bytes]","args":[{"enterText":"1","selector":{"id":"application-manageconditionprice-display-component---newCondition--condBaseQty","interaction":{"idSuffix":"inner"}},"clearTextFirst":true,"interactionType":"ENTER_TEXT"}]}
RESULT: {}
RESULT: {"script":"<script> [776 bytes]","args":[{"enterText":"1","selector":{"id":"application-manageconditionprice-display-component---newCondition--condBaseQty","interaction":{"idSuffix":"inner"}},"clearTextFirst":true,"interactionType":"ENTER_TEXT"}]}
COMMAND: POST /session/d9a998879d5a0ca5d611ed7923943cd8/execute/async - {"script":"<script> [1562 bytes]","args":[{"selector":{"id":"application-manageconditionprice-display-component---newCondition--condValue","interaction":{"idSuffix":"inner"}},"wdio_ui5_key":"applicationmanageconditionprice-display-component---newCondition--condValue"}]}
RESULT: {"script":"<script> [1562 bytes]","args":[{"selector":{"id":"application-manageconditionprice-display-component---newCondition--condValue","interaction":{"idSuffix":"inner"}},"wdio_ui5_key":"applicationmanageconditionprice-display-component---newCondition--condValue"}]}
RESULT: undefined
COMMAND: POST /session/d9a998879d5a0ca5d611ed7923943cd8/execute/async - {"script":"<script> [776 bytes]","args":[{"enterText":"100.00","selector":{"id":"application-manageconditionprice-display-component---newCondition--condValue","interaction":{"idSuffix":"inner"}},"clearTextFirst":true,"interactionType":"ENTER_TEXT"}]}
RESULT: {"script":"<script> [776 bytes]","args":[{"enterText":"100.00","selector":{"id":"application-manageconditionprice-display-component---newCondition--condValue","interaction":{"idSuffix":"inner"}},"clearTextFirst":true,"interactionType":"ENTER_TEXT"}]}
COMMAND: POST /session/d9a998879d5a0ca5d611ed7923943cd8/execute/async - {"script":"<script> [1562 bytes]","args":[{"selector":{"id":"application-manageconditionprice-display-component---newCondition--condCurr-arrow"},"wdio_ui5_key":"applicationmanageconditionprice-display-component---newCondition--condCurr-arrow"}]}
RESULT: {"script":"<script> [1562 bytes]","args":[{"selector":{"id":"application-manageconditionprice-display-component---newCondition--condCurr-arrow"},"wdio_ui5_key":"applicationmanageconditionprice-display-component---newCondition--condCurr-arrow"}]}
RESULT: undefined
COMMAND: POST /session/d9a998879d5a0ca5d611ed7923943cd8/element - {"using":"xpath","value":"//*[@id=\"application-manageconditionprice-display-component---newCondition--condCurr-arrow\"]"}
RESULT: {"using":"xpath","value":"//*[@id=\"application-manageconditionprice-display-component---newCondition--condCurr-arrow\"]"}
COMMAND: POST /session/d9a998879d5a0ca5d611ed7923943cd8/element/f.176CCEC0CFC1BEF50F2A214319D4C569.d.9F8251997620A413819F1BC7C1994ABC.e.6039/click - {}
RESULT: {}
COMMAND: POST /session/d9a998879d5a0ca5d611ed7923943cd8/element - {"using":"xpath","value":"//span[contains(text(), \"Euro\")]"}
COMMAND: GET /session/d9a998879d5a0ca5d611ed7923943cd8/screenshot - {}
RESULT: {"using":"xpath","value":"//span[contains(text(), \"Euro\")]"}
COMMAND: POST /session/d9a998879d5a0ca5d611ed7923943cd8/element/f.176CCEC0CFC1BEF50F2A214319D4C569.d.9F8251997620A413819F1BC7C1994ABC.e.6105/click - {}
RESULT: {}
RESULT: {}
COMMAND: POST /session/d9a998879d5a0ca5d611ed7923943cd8/element - {"using":"xpath","value":"//button[@data-kt=\"saveButton\"]"}
COMMAND: GET /session/d9a998879d5a0ca5d611ed7923943cd8/screenshot - {}
RESULT: {"using":"xpath","value":"//button[@data-kt=\"saveButton\"]"}
COMMAND: POST /session/d9a998879d5a0ca5d611ed7923943cd8/element/f.176CCEC0CFC1BEF50F2A214319D4C569.d.9F8251997620A413819F1BC7C1994ABC.e.6040/click - {}
RESULT: {}
RESULT: {}
COMMAND: GET /session/d9a998879d5a0ca5d611ed7923943cd8/screenshot - {}
RESULT: {}
COMMAND: POST /session/d9a998879d5a0ca5d611ed7923943cd8/execute/async - {"script":"<script> [1562 bytes]","args":[{"selector":{"id":"application-manageconditionprice-display-component---conditions--smartFilterBar-btnBasicSearch","interaction":{"idSuffix":"I"}},"wdio_ui5_key":"applicationmanageconditionprice-display-component---conditions--smartFilterBar-btnBasicSearch"}]}
RESULT: {"script":"<script> [1562 bytes]","args":[{"selector":{"id":"application-manageconditionprice-display-component---conditions--smartFilterBar-btnBasicSearch","interaction":{"idSuffix":"I"}},"wdio_ui5_key":"applicationmanageconditionprice-display-component---conditions--smartFilterBar-btnBasicSearch"}]}
RESULT: undefined
COMMAND: POST /session/d9a998879d5a0ca5d611ed7923943cd8/execute/async - {"script":"<script> [776 bytes]","args":[{"enterText":"200082","selector":{"id":"application-manageconditionprice-display-component---conditions--smartFilterBar-btnBasicSearch","interaction":{"idSuffix":"I"}},"clearTextFirst":true,"interactionType":"ENTER_TEXT"}]}
RESULT: {"script":"<script> [776 bytes]","args":[{"enterText":"200082","selector":{"id":"application-manageconditionprice-display-component---conditions--smartFilterBar-btnBasicSearch","interaction":{"idSuffix":"I"}},"clearTextFirst":true,"interactionType":"ENTER_TEXT"}]}
COMMAND: POST /session/d9a998879d5a0ca5d611ed7923943cd8/actions - {"actions":[{"id":"action19","type":"key","parameters":{},"actions":[{"type":"keyDown","value":"î€‡"},{"type":"pause","duration":10},{"type":"keyUp","value":"î€‡"}]}]}
RESULT: {"actions":[{"id":"action19","type":"key","parameters":{},"actions":[{"type":"keyDown","value":"î€‡"},{"type":"pause","duration":10},{"type":"keyUp","value":"î€‡"}]}]}
COMMAND: GET /session/d9a998879d5a0ca5d611ed7923943cd8/screenshot - {}
RESULT: {}
COMMAND: POST /session/d9a998879d5a0ca5d611ed7923943cd8/execute/async - {"script":"<script> [1562 bytes]","args":[{"selector":{"id":"application-manageconditionprice-display-component---conditions--smartFilterBar-filterItemControl_BASIC-BILL_TYPES-vhi"},"wdio_ui5_key":"applicationmanageconditionprice-display-component---conditions--smartFilterBar-filterItemControl_BASIC-BILL_TYPES-vhi"}]}
RESULT: {"script":"<script> [1562 bytes]","args":[{"selector":{"id":"application-manageconditionprice-display-component---conditions--smartFilterBar-filterItemControl_BASIC-BILL_TYPES-vhi"},"wdio_ui5_key":"applicationmanageconditionprice-display-component---conditions--smartFilterBar-filterItemControl_BASIC-BILL_TYPES-vhi"}]}
RESULT: undefined
COMMAND: POST /session/d9a998879d5a0ca5d611ed7923943cd8/element - {"using":"xpath","value":"//*[@id=\"application-manageconditionprice-display-component---conditions--smartFilterBar-filterItemControl_BASIC-BILL_TYPES-vhi\"]"}
RESULT: {"using":"xpath","value":"//*[@id=\"application-manageconditionprice-display-component---conditions--smartFilterBar-filterItemControl_BASIC-BILL_TYPES-vhi\"]"}
COMMAND: POST /session/d9a998879d5a0ca5d611ed7923943cd8/element/f.176CCEC0CFC1BEF50F2A214319D4C569.d.9F8251997620A413819F1BC7C1994ABC.e.6122/click - {}
RESULT: {}
COMMAND: POST /session/d9a998879d5a0ca5d611ed7923943cd8/execute/async - {"script":"<script> [1562 bytes]","args":[{"selector":{"id":"application-manageconditionprice-display-component---conditions--smartFilterBar-filterItemControl_BASIC-BILL_TYPES-valueHelpDialog-smartFilterBar-btnBasicSearch","searchOpenDialogs":true,"interaction":{"idSuffix":"I"}},"wdio_ui5_key":"applicationmanageconditionprice-display-component---conditions--smartFilterBar-filterItemControl_BASIC-BILL_TYPES-valueHelpDialog-smartFilterBar-btnBasicSearch"}]}
COMMAND: GET /session/d9a998879d5a0ca5d611ed7923943cd8/screenshot - {}
RESULT: {"script":"<script> [1562 bytes]","args":[{"selector":{"id":"application-manageconditionprice-display-component---conditions--smartFilterBar-filterItemControl_BASIC-BILL_TYPES-valueHelpDialog-smartFilterBar-btnBasicSearch","searchOpenDialogs":true,"interaction":{"idSuffix":"I"}},"wdio_ui5_key":"applicationmanageconditionprice-display-component---conditions--smartFilterBar-filterItemControl_BASIC-BILL_TYPES-valueHelpDialog-smartFilterBar-btnBasicSearch"}]}
RESULT: undefined
COMMAND: POST /session/d9a998879d5a0ca5d611ed7923943cd8/execute/async - {"script":"<script> [776 bytes]","args":[{"enterText":"one","selector":{"id":"application-manageconditionprice-display-component---conditions--smartFilterBar-filterItemControl_BASIC-BILL_TYPES-valueHelpDialog-smartFilterBar-btnBasicSearch","searchOpenDialogs":true,"interaction":{"idSuffix":"I"}},"clearTextFirst":true,"interactionType":"ENTER_TEXT"}]}
RESULT: {}
RESULT: {"script":"<script> [776 bytes]","args":[{"enterText":"one","selector":{"id":"application-manageconditionprice-display-component---conditions--smartFilterBar-filterItemControl_BASIC-BILL_TYPES-valueHelpDialog-smartFilterBar-btnBasicSearch","searchOpenDialogs":true,"interaction":{"idSuffix":"I"}},"clearTextFirst":true,"interactionType":"ENTER_TEXT"}]}
COMMAND: POST /session/d9a998879d5a0ca5d611ed7923943cd8/actions - {"actions":[{"id":"action20","type":"key","parameters":{},"actions":[{"type":"keyDown","value":"î€‡"},{"type":"pause","duration":10},{"type":"keyUp","value":"î€‡"}]}]}
RESULT: {"actions":[{"id":"action20","type":"key","parameters":{},"actions":[{"type":"keyDown","value":"î€‡"},{"type":"pause","duration":10},{"type":"keyUp","value":"î€‡"}]}]}
COMMAND: GET /session/d9a998879d5a0ca5d611ed7923943cd8/screenshot - {}
RESULT: {}
COMMAND: POST /session/d9a998879d5a0ca5d611ed7923943cd8/element - {"using":"xpath","value":"//div[contains(@id, 'application-manageconditionprice-display-component---conditions--smartFilterBar-filterItemControl_BASIC-BILL_TYPES-valueHelpDialog-table-rowsel0')]"}
RESULT: {"using":"xpath","value":"//div[contains(@id, 'application-manageconditionprice-display-component---conditions--smartFilterBar-filterItemControl_BASIC-BILL_TYPES-valueHelpDialog-table-rowsel0')]"}
COMMAND: POST /session/d9a998879d5a0ca5d611ed7923943cd8/element/f.176CCEC0CFC1BEF50F2A214319D4C569.d.9F8251997620A413819F1BC7C1994ABC.e.6131/click - {}
RESULT: {}
COMMAND: GET /session/d9a998879d5a0ca5d611ed7923943cd8/screenshot - {}
RESULT: {}
COMMAND: POST /session/d9a998879d5a0ca5d611ed7923943cd8/element - {"using":"xpath","value":"//bdi[contains(text(), \"OK\")]"}
RESULT: {"using":"xpath","value":"//bdi[contains(text(), \"OK\")]"}
COMMAND: POST /session/d9a998879d5a0ca5d611ed7923943cd8/element/f.176CCEC0CFC1BEF50F2A214319D4C569.d.9F8251997620A413819F1BC7C1994ABC.e.6133/click - {}
RESULT: {}
COMMAND: GET /session/d9a998879d5a0ca5d611ed7923943cd8/screenshot - {}
RESULT: {}
COMMAND: POST /session/d9a998879d5a0ca5d611ed7923943cd8/element - {"using":"xpath","value":"//span[@id=\"application-manageconditionprice-display-component---conditions--smartTable-header-inner\"]"}
RESULT: {"using":"xpath","value":"//span[@id=\"application-manageconditionprice-display-component---conditions--smartTable-header-inner\"]"}
COMMAND: POST /session/d9a998879d5a0ca5d611ed7923943cd8/elements - {"using":"xpath","value":"//span[@id=\"application-manageconditionprice-display-component---conditions--smartTable-header-inner\"]"}
RESULT: {"using":"xpath","value":"//span[@id=\"application-manageconditionprice-display-component---conditions--smartTable-header-inner\"]"}
COMMAND: POST /session/d9a998879d5a0ca5d611ed7923943cd8/execute/sync - {"script":"<script> [56 bytes]","args":[{"element-6066-11e4-a52e-4f735466cecf":"f.176CCEC0CFC1BEF50F2A214319D4C569.d.9F8251997620A413819F1BC7C1994ABC.e.6136","ELEMENT":"f.176CCEC0CFC1BEF50F2A214319D4C569.d.9F8251997620A413819F1BC7C1994ABC.e.6136"}]}
RESULT: {"script":"<script> [56 bytes]","args":[{"element-6066-11e4-a52e-4f735466cecf":"f.176CCEC0CFC1BEF50F2A214319D4C569.d.9F8251997620A413819F1BC7C1994ABC.e.6136","ELEMENT":"f.176CCEC0CFC1BEF50F2A214319D4C569.d.9F8251997620A413819F1BC7C1994ABC.e.6136"}]}
COMMAND: POST /session/d9a998879d5a0ca5d611ed7923943cd8/element - {"using":"css selector","value":"#shell-header-logo"}
COMMAND: GET /session/d9a998879d5a0ca5d611ed7923943cd8/screenshot - {}
RESULT: {"using":"css selector","value":"#shell-header-logo"}
COMMAND: POST /session/d9a998879d5a0ca5d611ed7923943cd8/element/f.176CCEC0CFC1BEF50F2A214319D4C569.d.9F8251997620A413819F1BC7C1994ABC.e.5856/click - {}
RESULT: {}
RESULT: {}
COMMAND: GET /session/d9a998879d5a0ca5d611ed7923943cd8/screenshot - {}
RESULT: {}
]]></system-out>
    </testcase>
    <testcase classname="chrome.135_0_7049_96.windows.US134625_Set_up_price_condition_-_one_time" name="Should create a new contract" time="45.284">
      <system-out><![CDATA[
COMMAND: POST /session/d9a998879d5a0ca5d611ed7923943cd8/execute/async - {"script":"<script> [1562 bytes]","args":[{"selector":{"controlType":"sap.m.Text","viewName":"etm.portal.ui.managecontractstile.view.Master","properties":{"text":"Manage Contracts"},"interaction":{"idSuffix":"inner"}},"wdio_ui5_key":"etmportal.ui.managecontractstile.view.Mastersap.m.Text{\"text\":\"Manage Contracts\"}"}]}
RESULT: {"script":"<script> [1562 bytes]","args":[{"selector":{"controlType":"sap.m.Text","viewName":"etm.portal.ui.managecontractstile.view.Master","properties":{"text":"Manage Contracts"},"interaction":{"idSuffix":"inner"}},"wdio_ui5_key":"etmportal.ui.managecontractstile.view.Mastersap.m.Text{\"text\":\"Manage Contracts\"}"}]}
RESULT: undefined
COMMAND: POST /session/d9a998879d5a0ca5d611ed7923943cd8/element - {"using":"xpath","value":"//*[@id=\"__tile131-title\"]"}
RESULT: {"using":"xpath","value":"//*[@id=\"__tile131-title\"]"}
COMMAND: POST /session/d9a998879d5a0ca5d611ed7923943cd8/element/f.176CCEC0CFC1BEF50F2A214319D4C569.d.9F8251997620A413819F1BC7C1994ABC.e.6140/click - {}
RESULT: {}
COMMAND: GET /session/d9a998879d5a0ca5d611ed7923943cd8/screenshot - {}
RESULT: {}
COMMAND: POST /session/d9a998879d5a0ca5d611ed7923943cd8/element - {"using":"xpath","value":"//button[@data-kt=\"addButton\"]"}
RESULT: {"using":"xpath","value":"//button[@data-kt=\"addButton\"]"}
COMMAND: POST /session/d9a998879d5a0ca5d611ed7923943cd8/elements - {"using":"xpath","value":"//button[@data-kt=\"addButton\"]"}
RESULT: {"using":"xpath","value":"//button[@data-kt=\"addButton\"]"}
COMMAND: POST /session/d9a998879d5a0ca5d611ed7923943cd8/elements - {"using":"xpath","value":"//button[@data-kt=\"addButton\"]"}
RESULT: {"using":"xpath","value":"//button[@data-kt=\"addButton\"]"}
COMMAND: POST /session/d9a998879d5a0ca5d611ed7923943cd8/elements - {"using":"xpath","value":"//button[@data-kt=\"addButton\"]"}
RESULT: {"using":"xpath","value":"//button[@data-kt=\"addButton\"]"}
COMMAND: POST /session/d9a998879d5a0ca5d611ed7923943cd8/element - {"using":"xpath","value":"//button[@data-kt=\"addButton\"]"}
RESULT: {"using":"xpath","value":"//button[@data-kt=\"addButton\"]"}
COMMAND: POST /session/d9a998879d5a0ca5d611ed7923943cd8/execute/sync - {"script":"<script> [8489 bytes]","args":[{"element-6066-11e4-a52e-4f735466cecf":"f.176CCEC0CFC1BEF50F2A214319D4C569.d.9F8251997620A413819F1BC7C1994ABC.e.6188","ELEMENT":"f.176CCEC0CFC1BEF50F2A214319D4C569.d.9F8251997620A413819F1BC7C1994ABC.e.6188"}]}
RESULT: {"script":"<script> [8489 bytes]","args":[{"element-6066-11e4-a52e-4f735466cecf":"f.176CCEC0CFC1BEF50F2A214319D4C569.d.9F8251997620A413819F1BC7C1994ABC.e.6188","ELEMENT":"f.176CCEC0CFC1BEF50F2A214319D4C569.d.9F8251997620A413819F1BC7C1994ABC.e.6188"}]}
COMMAND: GET /session/d9a998879d5a0ca5d611ed7923943cd8/element/f.176CCEC0CFC1BEF50F2A214319D4C569.d.9F8251997620A413819F1BC7C1994ABC.e.6188/enabled - {}
COMMAND: GET /session/d9a998879d5a0ca5d611ed7923943cd8/screenshot - {}
RESULT: {}
COMMAND: POST /session/d9a998879d5a0ca5d611ed7923943cd8/execute/sync - {"script":"<script> [8489 bytes]","args":[{"element-6066-11e4-a52e-4f735466cecf":"f.176CCEC0CFC1BEF50F2A214319D4C569.d.9F8251997620A413819F1BC7C1994ABC.e.6188","ELEMENT":"f.176CCEC0CFC1BEF50F2A214319D4C569.d.9F8251997620A413819F1BC7C1994ABC.e.6188"}]}
COMMAND: GET /session/d9a998879d5a0ca5d611ed7923943cd8/screenshot - {}
RESULT: {}
RESULT: {"script":"<script> [8489 bytes]","args":[{"element-6066-11e4-a52e-4f735466cecf":"f.176CCEC0CFC1BEF50F2A214319D4C569.d.9F8251997620A413819F1BC7C1994ABC.e.6188","ELEMENT":"f.176CCEC0CFC1BEF50F2A214319D4C569.d.9F8251997620A413819F1BC7C1994ABC.e.6188"}]}
COMMAND: POST /session/d9a998879d5a0ca5d611ed7923943cd8/execute/sync - {"script":"<script> [5351 bytes]","args":[{"element-6066-11e4-a52e-4f735466cecf":"f.176CCEC0CFC1BEF50F2A214319D4C569.d.9F8251997620A413819F1BC7C1994ABC.e.6188","ELEMENT":"f.176CCEC0CFC1BEF50F2A214319D4C569.d.9F8251997620A413819F1BC7C1994ABC.e.6188"}]}
COMMAND: GET /session/d9a998879d5a0ca5d611ed7923943cd8/screenshot - {}
RESULT: {}
RESULT: {"script":"<script> [5351 bytes]","args":[{"element-6066-11e4-a52e-4f735466cecf":"f.176CCEC0CFC1BEF50F2A214319D4C569.d.9F8251997620A413819F1BC7C1994ABC.e.6188","ELEMENT":"f.176CCEC0CFC1BEF50F2A214319D4C569.d.9F8251997620A413819F1BC7C1994ABC.e.6188"}]}
COMMAND: GET /session/d9a998879d5a0ca5d611ed7923943cd8/screenshot - {}
RESULT: {}
RESULT: {}
COMMAND: POST /session/d9a998879d5a0ca5d611ed7923943cd8/element/f.176CCEC0CFC1BEF50F2A214319D4C569.d.9F8251997620A413819F1BC7C1994ABC.e.6188/click - {}
RESULT: {}
COMMAND: GET /session/d9a998879d5a0ca5d611ed7923943cd8/screenshot - {}
COMMAND: POST /session/d9a998879d5a0ca5d611ed7923943cd8/execute/async - {"script":"<script> [1562 bytes]","args":[{"selector":{"id":"application-managecontracts-display-component---AddNewContract--projectDescription","interaction":{"idSuffix":"inner"}},"wdio_ui5_key":"applicationmanagecontracts-display-component---AddNewContract--projectDescription"}]}
RESULT: {}
RESULT: {"script":"<script> [1562 bytes]","args":[{"selector":{"id":"application-managecontracts-display-component---AddNewContract--projectDescription","interaction":{"idSuffix":"inner"}},"wdio_ui5_key":"applicationmanagecontracts-display-component---AddNewContract--projectDescription"}]}
RESULT: undefined
COMMAND: POST /session/d9a998879d5a0ca5d611ed7923943cd8/execute/async - {"script":"<script> [776 bytes]","args":[{"enterText":"Intercompany Contract WDIO","selector":{"id":"application-managecontracts-display-component---AddNewContract--projectDescription","interaction":{"idSuffix":"inner"}},"clearTextFirst":true,"interactionType":"ENTER_TEXT"}]}
RESULT: {"script":"<script> [776 bytes]","args":[{"enterText":"Intercompany Contract WDIO","selector":{"id":"application-managecontracts-display-component---AddNewContract--projectDescription","interaction":{"idSuffix":"inner"}},"clearTextFirst":true,"interactionType":"ENTER_TEXT"}]}
COMMAND: POST /session/d9a998879d5a0ca5d611ed7923943cd8/element - {"using":"xpath","value":"//input[@id=\"application-managecontracts-display-component---AddNewContract--site-inner\"]"}
RESULT: {"using":"xpath","value":"//input[@id=\"application-managecontracts-display-component---AddNewContract--site-inner\"]"}
COMMAND: POST /session/d9a998879d5a0ca5d611ed7923943cd8/element/f.176CCEC0CFC1BEF50F2A214319D4C569.d.9F8251997620A413819F1BC7C1994ABC.e.6519/clear - {}
RESULT: {}
COMMAND: POST /session/d9a998879d5a0ca5d611ed7923943cd8/element/f.176CCEC0CFC1BEF50F2A214319D4C569.d.9F8251997620A413819F1BC7C1994ABC.e.6519/value - {"text":"2090"}
COMMAND: GET /session/d9a998879d5a0ca5d611ed7923943cd8/screenshot - {}
RESULT: {"text":"2090"}
COMMAND: GET /session/d9a998879d5a0ca5d611ed7923943cd8/screenshot - {}
RESULT: {}
RESULT: {}
COMMAND: POST /session/d9a998879d5a0ca5d611ed7923943cd8/element - {"using":"xpath","value":"//li[.//span[text()='2090']]"}
RESULT: {"using":"xpath","value":"//li[.//span[text()='2090']]"}
COMMAND: POST /session/d9a998879d5a0ca5d611ed7923943cd8/element/f.176CCEC0CFC1BEF50F2A214319D4C569.d.9F8251997620A413819F1BC7C1994ABC.e.6550/click - {}
RESULT: {}
COMMAND: GET /session/d9a998879d5a0ca5d611ed7923943cd8/screenshot - {}
RESULT: {}
COMMAND: POST /session/d9a998879d5a0ca5d611ed7923943cd8/element - {"using":"xpath","value":"//input[@id=\"application-managecontracts-display-component---AddNewContract--yardId-inner\"]"}
RESULT: {"using":"xpath","value":"//input[@id=\"application-managecontracts-display-component---AddNewContract--yardId-inner\"]"}
COMMAND: GET /session/d9a998879d5a0ca5d611ed7923943cd8/element/f.176CCEC0CFC1BEF50F2A214319D4C569.d.9F8251997620A413819F1BC7C1994ABC.e.6520/property/value - {}
RESULT: {}
COMMAND: POST /session/d9a998879d5a0ca5d611ed7923943cd8/element - {"using":"xpath","value":"//input[@id=\"application-managecontracts-display-component---AddNewContract--customerSelect-inner\"]"}
COMMAND: GET /session/d9a998879d5a0ca5d611ed7923943cd8/screenshot - {}
RESULT: {"using":"xpath","value":"//input[@id=\"application-managecontracts-display-component---AddNewContract--customerSelect-inner\"]"}
COMMAND: POST /session/d9a998879d5a0ca5d611ed7923943cd8/element/f.176CCEC0CFC1BEF50F2A214319D4C569.d.9F8251997620A413819F1BC7C1994ABC.e.6518/clear - {}
RESULT: {}
RESULT: {}
COMMAND: POST /session/d9a998879d5a0ca5d611ed7923943cd8/element/f.176CCEC0CFC1BEF50F2A214319D4C569.d.9F8251997620A413819F1BC7C1994ABC.e.6518/value - {"text":"1093"}
COMMAND: GET /session/d9a998879d5a0ca5d611ed7923943cd8/screenshot - {}
RESULT: {"text":"1093"}
COMMAND: GET /session/d9a998879d5a0ca5d611ed7923943cd8/screenshot - {}
RESULT: {}
RESULT: {}
COMMAND: POST /session/d9a998879d5a0ca5d611ed7923943cd8/element - {"using":"xpath","value":"//li[.//span[text()='1093']]"}
RESULT: {"using":"xpath","value":"//li[.//span[text()='1093']]"}
COMMAND: POST /session/d9a998879d5a0ca5d611ed7923943cd8/element/f.176CCEC0CFC1BEF50F2A214319D4C569.d.9F8251997620A413819F1BC7C1994ABC.e.6553/click - {}
RESULT: {}
COMMAND: GET /session/d9a998879d5a0ca5d611ed7923943cd8/screenshot - {}
RESULT: {}
COMMAND: POST /session/d9a998879d5a0ca5d611ed7923943cd8/element - {"using":"xpath","value":"//button[@data-kt=\"saveButton\"]"}
RESULT: {"using":"xpath","value":"//button[@data-kt=\"saveButton\"]"}
COMMAND: POST /session/d9a998879d5a0ca5d611ed7923943cd8/element/f.176CCEC0CFC1BEF50F2A214319D4C569.d.9F8251997620A413819F1BC7C1994ABC.e.6543/click - {}
RESULT: {}
COMMAND: GET /session/d9a998879d5a0ca5d611ed7923943cd8/screenshot - {}
RESULT: {}
COMMAND: POST /session/d9a998879d5a0ca5d611ed7923943cd8/element - {"using":"xpath","value":"//span[contains(@id ,\"contractDetailTitleNoExpanded\")]"}
RESULT: {"using":"xpath","value":"//span[contains(@id ,\"contractDetailTitleNoExpanded\")]"}
COMMAND: POST /session/d9a998879d5a0ca5d611ed7923943cd8/elements - {"using":"xpath","value":"//span[contains(@id ,\"contractDetailTitleNoExpanded\")]"}
RESULT: {"using":"xpath","value":"//span[contains(@id ,\"contractDetailTitleNoExpanded\")]"}
COMMAND: POST /session/d9a998879d5a0ca5d611ed7923943cd8/execute/sync - {"script":"<script> [56 bytes]","args":[{"element-6066-11e4-a52e-4f735466cecf":"f.176CCEC0CFC1BEF50F2A214319D4C569.d.9F8251997620A413819F1BC7C1994ABC.e.6564","ELEMENT":"f.176CCEC0CFC1BEF50F2A214319D4C569.d.9F8251997620A413819F1BC7C1994ABC.e.6564"}]}
RESULT: {"script":"<script> [56 bytes]","args":[{"element-6066-11e4-a52e-4f735466cecf":"f.176CCEC0CFC1BEF50F2A214319D4C569.d.9F8251997620A413819F1BC7C1994ABC.e.6564","ELEMENT":"f.176CCEC0CFC1BEF50F2A214319D4C569.d.9F8251997620A413819F1BC7C1994ABC.e.6564"}]}
COMMAND: GET /session/d9a998879d5a0ca5d611ed7923943cd8/screenshot - {}
RESULT: {}
]]></system-out>
    </testcase>
    <testcase classname="chrome.135_0_7049_96.windows.US134625_Set_up_price_condition_-_one_time" name="Should add the material to the contract" time="47.681">
      <system-out><![CDATA[
COMMAND: POST /session/d9a998879d5a0ca5d611ed7923943cd8/element - {"using":"xpath","value":"//button[@data-kt=\"contractDetailEditBtnButton\"]"}
RESULT: {"using":"xpath","value":"//button[@data-kt=\"contractDetailEditBtnButton\"]"}
COMMAND: POST /session/d9a998879d5a0ca5d611ed7923943cd8/element/f.176CCEC0CFC1BEF50F2A214319D4C569.d.9F8251997620A413819F1BC7C1994ABC.e.6566/click - {}
RESULT: {}
COMMAND: GET /session/d9a998879d5a0ca5d611ed7923943cd8/screenshot - {}
RESULT: {}
COMMAND: POST /session/d9a998879d5a0ca5d611ed7923943cd8/element - {"using":"xpath","value":"(//span[contains(text(), \"Additional Addresses\")])[2]"}
RESULT: {"using":"xpath","value":"(//span[contains(text(), \"Additional Addresses\")])[2]"}
COMMAND: POST /session/d9a998879d5a0ca5d611ed7923943cd8/element/f.176CCEC0CFC1BEF50F2A214319D4C569.d.9F8251997620A413819F1BC7C1994ABC.e.6620/click - {}
RESULT: {}
COMMAND: GET /session/d9a998879d5a0ca5d611ed7923943cd8/screenshot - {}
RESULT: {}
COMMAND: POST /session/d9a998879d5a0ca5d611ed7923943cd8/element - {"using":"xpath","value":"//button[@data-kt=\"btnAddTableRowOverflowToolbarButton\"]"}
RESULT: {"using":"xpath","value":"//button[@data-kt=\"btnAddTableRowOverflowToolbarButton\"]"}
COMMAND: POST /session/d9a998879d5a0ca5d611ed7923943cd8/element/f.176CCEC0CFC1BEF50F2A214319D4C569.d.9F8251997620A413819F1BC7C1994ABC.e.6624/click - {}
RESULT: {}
COMMAND: GET /session/d9a998879d5a0ca5d611ed7923943cd8/screenshot - {}
RESULT: {}
COMMAND: POST /session/d9a998879d5a0ca5d611ed7923943cd8/element - {"using":"xpath","value":"//div[(text() = 'Standard Entry' or . = 'Standard Entry')]"}
RESULT: {"using":"xpath","value":"//div[(text() = 'Standard Entry' or . = 'Standard Entry')]"}
COMMAND: POST /session/d9a998879d5a0ca5d611ed7923943cd8/element/f.176CCEC0CFC1BEF50F2A214319D4C569.d.9F8251997620A413819F1BC7C1994ABC.e.6626/click - {}
RESULT: {}
COMMAND: GET /session/d9a998879d5a0ca5d611ed7923943cd8/screenshot - {}
RESULT: {}
COMMAND: POST /session/d9a998879d5a0ca5d611ed7923943cd8/element - {"using":"xpath","value":"//td[6]/div/div/div/span"}
RESULT: {"using":"xpath","value":"//td[6]/div/div/div/span"}
COMMAND: POST /session/d9a998879d5a0ca5d611ed7923943cd8/element/f.176CCEC0CFC1BEF50F2A214319D4C569.d.9F8251997620A413819F1BC7C1994ABC.e.6638/click - {}
RESULT: {}
COMMAND: GET /session/d9a998879d5a0ca5d611ed7923943cd8/screenshot - {}
RESULT: {}
COMMAND: POST /session/d9a998879d5a0ca5d611ed7923943cd8/element - {"using":"xpath","value":"(//span[contains(text(), \"Material\")])"}
RESULT: {"using":"xpath","value":"(//span[contains(text(), \"Material\")])"}
COMMAND: POST /session/d9a998879d5a0ca5d611ed7923943cd8/element/f.176CCEC0CFC1BEF50F2A214319D4C569.d.9F8251997620A413819F1BC7C1994ABC.e.6639/click - {}
RESULT: {}
COMMAND: GET /session/d9a998879d5a0ca5d611ed7923943cd8/screenshot - {}
RESULT: {}
COMMAND: POST /session/d9a998879d5a0ca5d611ed7923943cd8/element - {"using":"xpath","value":"//td[7]/div/div/input"}
RESULT: {"using":"xpath","value":"//td[7]/div/div/input"}
COMMAND: POST /session/d9a998879d5a0ca5d611ed7923943cd8/element/f.176CCEC0CFC1BEF50F2A214319D4C569.d.9F8251997620A413819F1BC7C1994ABC.e.6643/clear - {}
RESULT: {}
COMMAND: POST /session/d9a998879d5a0ca5d611ed7923943cd8/element/f.176CCEC0CFC1BEF50F2A214319D4C569.d.9F8251997620A413819F1BC7C1994ABC.e.6643/value - {"text":"200082"}
COMMAND: GET /session/d9a998879d5a0ca5d611ed7923943cd8/screenshot - {}
RESULT: {"text":"200082"}
COMMAND: GET /session/d9a998879d5a0ca5d611ed7923943cd8/screenshot - {}
RESULT: {}
RESULT: {}
COMMAND: POST /session/d9a998879d5a0ca5d611ed7923943cd8/actions - {"actions":[{"id":"action21","type":"key","parameters":{},"actions":[{"type":"keyDown","value":"î€‡"},{"type":"pause","duration":10},{"type":"keyUp","value":"î€‡"}]}]}
RESULT: {"actions":[{"id":"action21","type":"key","parameters":{},"actions":[{"type":"keyDown","value":"î€‡"},{"type":"pause","duration":10},{"type":"keyUp","value":"î€‡"}]}]}
COMMAND: GET /session/d9a998879d5a0ca5d611ed7923943cd8/screenshot - {}
RESULT: {}
COMMAND: POST /session/d9a998879d5a0ca5d611ed7923943cd8/element - {"using":"xpath","value":"(//button[@data-kt=\"saveButton\"])[2]"}
RESULT: {"using":"xpath","value":"(//button[@data-kt=\"saveButton\"])[2]"}
COMMAND: POST /session/d9a998879d5a0ca5d611ed7923943cd8/element/f.176CCEC0CFC1BEF50F2A214319D4C569.d.9F8251997620A413819F1BC7C1994ABC.e.6666/click - {}
RESULT: {}
COMMAND: GET /session/d9a998879d5a0ca5d611ed7923943cd8/screenshot - {}
RESULT: {}
COMMAND: POST /session/d9a998879d5a0ca5d611ed7923943cd8/element - {"using":"xpath","value":"//span[contains(@id ,\"contractItemsSmartTable-header-inner\")]"}
RESULT: {"using":"xpath","value":"//span[contains(@id ,\"contractItemsSmartTable-header-inner\")]"}
COMMAND: POST /session/d9a998879d5a0ca5d611ed7923943cd8/elements - {"using":"xpath","value":"//span[contains(@id ,\"contractItemsSmartTable-header-inner\")]"}
RESULT: {"using":"xpath","value":"//span[contains(@id ,\"contractItemsSmartTable-header-inner\")]"}
COMMAND: POST /session/d9a998879d5a0ca5d611ed7923943cd8/execute/sync - {"script":"<script> [56 bytes]","args":[{"element-6066-11e4-a52e-4f735466cecf":"f.176CCEC0CFC1BEF50F2A214319D4C569.d.9F8251997620A413819F1BC7C1994ABC.e.6672","ELEMENT":"f.176CCEC0CFC1BEF50F2A214319D4C569.d.9F8251997620A413819F1BC7C1994ABC.e.6672"}]}
RESULT: {"script":"<script> [56 bytes]","args":[{"element-6066-11e4-a52e-4f735466cecf":"f.176CCEC0CFC1BEF50F2A214319D4C569.d.9F8251997620A413819F1BC7C1994ABC.e.6672","ELEMENT":"f.176CCEC0CFC1BEF50F2A214319D4C569.d.9F8251997620A413819F1BC7C1994ABC.e.6672"}]}
]]></system-out>
    </testcase>
    <testcase classname="chrome.135_0_7049_96.windows.US134625_Set_up_price_condition_-_one_time" name="Should verify the bill item creation and pricing condition" time="10.844">
      <system-out><![CDATA[
COMMAND: POST /session/d9a998879d5a0ca5d611ed7923943cd8/execute/async - {"script":"<script> [1562 bytes]","args":[{"selector":{"controlType":"sap.ui.core.Icon","viewName":"etm.portal.ui.managecontracts.view.Detail","properties":{"src":{"regex":{"source":"slim\\-arrow\\-right"}}}},"wdio_ui5_key":"etmportal.ui.managecontracts.view.Detailsap.ui.core.Icon{\"src\":{\"regex\":{\"source\":\"slim\\\\-arrow\\\\-right\"}}}"}]}
COMMAND: GET /session/d9a998879d5a0ca5d611ed7923943cd8/screenshot - {}
RESULT: {"script":"<script> [1562 bytes]","args":[{"selector":{"controlType":"sap.ui.core.Icon","viewName":"etm.portal.ui.managecontracts.view.Detail","properties":{"src":{"regex":{"source":"slim\\-arrow\\-right"}}}},"wdio_ui5_key":"etmportal.ui.managecontracts.view.Detailsap.ui.core.Icon{\"src\":{\"regex\":{\"source\":\"slim\\\\-arrow\\\\-right\"}}}"}]}
RESULT: undefined
COMMAND: POST /session/d9a998879d5a0ca5d611ed7923943cd8/element - {"using":"xpath","value":"//*[@id=\"__item921-__clone2103-imgNav\"]"}
RESULT: {}
RESULT: {"using":"xpath","value":"//*[@id=\"__item921-__clone2103-imgNav\"]"}
COMMAND: POST /session/d9a998879d5a0ca5d611ed7923943cd8/element/f.176CCEC0CFC1BEF50F2A214319D4C569.d.9F8251997620A413819F1BC7C1994ABC.e.6673/click - {}
RESULT: {}
COMMAND: GET /session/d9a998879d5a0ca5d611ed7923943cd8/screenshot - {}
RESULT: {}
COMMAND: POST /session/d9a998879d5a0ca5d611ed7923943cd8/execute/async - {"script":"<script> [1562 bytes]","args":[{"selector":{"controlType":"sap.m.Text","viewName":"etm.portal.ui.managecontracts.view.BillingItem","viewId":"application-managecontracts-display-component---BillingItem","bindingPath":{"propertyPath":"LINK_TO_C_BILL_TYPES/DESCRIPTION"}},"wdio_ui5_key":"etmportal.ui.managecontracts.view.BillingItemsap.m.Text{\"propertyPath\":\"LINK_TO_C_BILL_TYPES/DESCRIPTION\"}"}]}
RESULT: {"script":"<script> [1562 bytes]","args":[{"selector":{"controlType":"sap.m.Text","viewName":"etm.portal.ui.managecontracts.view.BillingItem","viewId":"application-managecontracts-display-component---BillingItem","bindingPath":{"propertyPath":"LINK_TO_C_BILL_TYPES/DESCRIPTION"}},"wdio_ui5_key":"etmportal.ui.managecontracts.view.BillingItemsap.m.Text{\"propertyPath\":\"LINK_TO_C_BILL_TYPES/DESCRIPTION\"}"}]}
RESULT: undefined
COMMAND: POST /session/d9a998879d5a0ca5d611ed7923943cd8/execute/async - {"script":"<script> [6424 bytes]","args":[{"element-6066-11e4-a52e-4f735466cecf":"f.176CCEC0CFC1BEF50F2A214319D4C569.d.9F8251997620A413819F1BC7C1994ABC.e.6714"},"getText",[]]}
RESULT: {"script":"<script> [6424 bytes]","args":[{"element-6066-11e4-a52e-4f735466cecf":"f.176CCEC0CFC1BEF50F2A214319D4C569.d.9F8251997620A413819F1BC7C1994ABC.e.6714"},"getText",[]]}
COMMAND: POST /session/d9a998879d5a0ca5d611ed7923943cd8/execute/async - {"script":"<script> [1562 bytes]","args":[{"selector":{"controlType":"sap.m.ObjectNumber","viewName":"etm.portal.ui.managecontracts.view.BillingItem","viewId":"application-managecontracts-display-component---BillingItem","bindingPath":{"propertyPath":"BASE_PRICE"}},"wdio_ui5_key":"etmportal.ui.managecontracts.view.BillingItemsap.m.ObjectNumber{\"propertyPath\":\"BASE_PRICE\"}"}]}
RESULT: {"script":"<script> [1562 bytes]","args":[{"selector":{"controlType":"sap.m.ObjectNumber","viewName":"etm.portal.ui.managecontracts.view.BillingItem","viewId":"application-managecontracts-display-component---BillingItem","bindingPath":{"propertyPath":"BASE_PRICE"}},"wdio_ui5_key":"etmportal.ui.managecontracts.view.BillingItemsap.m.ObjectNumber{\"propertyPath\":\"BASE_PRICE\"}"}]}
RESULT: undefined
COMMAND: POST /session/d9a998879d5a0ca5d611ed7923943cd8/execute/async - {"script":"<script> [6424 bytes]","args":[{"element-6066-11e4-a52e-4f735466cecf":"f.176CCEC0CFC1BEF50F2A214319D4C569.d.9F8251997620A413819F1BC7C1994ABC.e.6715"},"getNumber",[]]}
RESULT: {"script":"<script> [6424 bytes]","args":[{"element-6066-11e4-a52e-4f735466cecf":"f.176CCEC0CFC1BEF50F2A214319D4C569.d.9F8251997620A413819F1BC7C1994ABC.e.6715"},"getNumber",[]]}
COMMAND: POST /session/d9a998879d5a0ca5d611ed7923943cd8/execute/async - {"script":"<script> [1562 bytes]","args":[{"selector":{"controlType":"sap.m.ObjectNumber","viewName":"etm.portal.ui.managecontracts.view.BillingItem","viewId":"application-managecontracts-display-component---BillingItem","bindingPath":{"propertyPath":"BASE_QUANTITY"}},"wdio_ui5_key":"etmportal.ui.managecontracts.view.BillingItemsap.m.ObjectNumber{\"propertyPath\":\"BASE_QUANTITY\"}"}]}
RESULT: {"script":"<script> [1562 bytes]","args":[{"selector":{"controlType":"sap.m.ObjectNumber","viewName":"etm.portal.ui.managecontracts.view.BillingItem","viewId":"application-managecontracts-display-component---BillingItem","bindingPath":{"propertyPath":"BASE_QUANTITY"}},"wdio_ui5_key":"etmportal.ui.managecontracts.view.BillingItemsap.m.ObjectNumber{\"propertyPath\":\"BASE_QUANTITY\"}"}]}
RESULT: undefined
COMMAND: POST /session/d9a998879d5a0ca5d611ed7923943cd8/execute/async - {"script":"<script> [6424 bytes]","args":[{"element-6066-11e4-a52e-4f735466cecf":"f.176CCEC0CFC1BEF50F2A214319D4C569.d.9F8251997620A413819F1BC7C1994ABC.e.6716"},"getNumber",[]]}
RESULT: {"script":"<script> [6424 bytes]","args":[{"element-6066-11e4-a52e-4f735466cecf":"f.176CCEC0CFC1BEF50F2A214319D4C569.d.9F8251997620A413819F1BC7C1994ABC.e.6716"},"getNumber",[]]}
COMMAND: DELETE /session/d9a998879d5a0ca5d611ed7923943cd8 - {}
RESULT: {}
]]></system-out>
    </testcase>
  </testsuite>
</testsuites>