<?xml version="1.0" encoding="UTF-8"?>
<testsuites tests="24" failures="0" errors="0" skipped="0">
  <testsuite timestamp="2025-04-17T05:48:18" time="594.558" tests="5" failures="0" errors="0" skipped="0">
    <properties>
      <property name="specId" value="0"/>
      <property name="suiteName" value="Manage Requests Tags Tests US120163"/>
      <property name="capabilities" value="chrome.135_0_7049_42.windows"/>
      <property name="file" value="file:///D:/a/1/s/test/specs/R2C/create-request-Tags.spec.js"/>
    </properties>
    <testcase classname="chrome.135_0_7049_42.windows.Manage_Requests_Tags_Tests_US120163" name="Should create a new yard" time="151.794">
      <system-out><![CDATA[
COMMAND: POST /session/0c2956f598ca806f9665356f353b70f0/execute/async - {"script":"<script> [1562 bytes]","args":[{"selector":{"controlType":"sap.m.GenericTile","properties":{"header":"Manage Yards"}},"wdio_ui5_key":"sapm.GenericTile{\"header\":\"Manage Yards\"}"}]}
RESULT: {"script":"<script> [1562 bytes]","args":[{"selector":{"controlType":"sap.m.GenericTile","properties":{"header":"Manage Yards"}},"wdio_ui5_key":"sapm.GenericTile{\"header\":\"Manage Yards\"}"}]}
RESULT: undefined
COMMAND: POST /session/0c2956f598ca806f9665356f353b70f0/element - {"using":"xpath","value":"//*[@id=\"__tile41\"]"}
RESULT: {"using":"xpath","value":"//*[@id=\"__tile41\"]"}
COMMAND: POST /session/0c2956f598ca806f9665356f353b70f0/element/f.20C66F91A75546181850ABA8914744C8.d.BE5C745FA29EDBC5CC6AC37E6B782900.e.112/click - {}
RESULT: {}
COMMAND: GET /session/0c2956f598ca806f9665356f353b70f0/screenshot - {}
RESULT: {}
COMMAND: POST /session/0c2956f598ca806f9665356f353b70f0/execute/async - {"script":"<script> [1562 bytes]","args":[{"selector":{"controlType":"sap.ui.core.Icon","viewName":"etm.portal.ui.manageyards.view.Master","viewId":"application-manageyards-display-component---masterYard","properties":{"src":{"regex":{"source":"add"}}}},"wdio_ui5_key":"etmportal.ui.manageyards.view.Mastersap.ui.core.Icon{\"src\":{\"regex\":{\"source\":\"add\"}}}"}]}
RESULT: {"script":"<script> [1562 bytes]","args":[{"selector":{"controlType":"sap.ui.core.Icon","viewName":"etm.portal.ui.manageyards.view.Master","viewId":"application-manageyards-display-component---masterYard","properties":{"src":{"regex":{"source":"add"}}}},"wdio_ui5_key":"etmportal.ui.manageyards.view.Mastersap.ui.core.Icon{\"src\":{\"regex\":{\"source\":\"add\"}}}"}]}
RESULT: undefined
COMMAND: POST /session/0c2956f598ca806f9665356f353b70f0/element - {"using":"xpath","value":"//*[@id=\"__button4-img\"]"}
RESULT: {"using":"xpath","value":"//*[@id=\"__button4-img\"]"}
COMMAND: POST /session/0c2956f598ca806f9665356f353b70f0/element/f.20C66F91A75546181850ABA8914744C8.d.BE5C745FA29EDBC5CC6AC37E6B782900.e.159/click - {}
RESULT: {}
COMMAND: GET /session/0c2956f598ca806f9665356f353b70f0/screenshot - {}
RESULT: {}
COMMAND: POST /session/0c2956f598ca806f9665356f353b70f0/execute/async - {"script":"<script> [1562 bytes]","args":[{"selector":{"id":"application-manageyards-display-component---NewYard--yardId","interaction":{"idSuffix":"inner"}},"wdio_ui5_key":"applicationmanageyards-display-component---NewYard--yardId"}]}
RESULT: {"script":"<script> [1562 bytes]","args":[{"selector":{"id":"application-manageyards-display-component---NewYard--yardId","interaction":{"idSuffix":"inner"}},"wdio_ui5_key":"applicationmanageyards-display-component---NewYard--yardId"}]}
RESULT: undefined
COMMAND: POST /session/0c2956f598ca806f9665356f353b70f0/element - {"using":"xpath","value":"//*[@id=\"application-manageyards-display-component---NewYard--addressDetailDetailsName1-inner\"]"}
RESULT: {"using":"xpath","value":"//*[@id=\"application-manageyards-display-component---NewYard--addressDetailDetailsName1-inner\"]"}
COMMAND: POST /session/0c2956f598ca806f9665356f353b70f0/element/f.20C66F91A75546181850ABA8914744C8.d.BE5C745FA29EDBC5CC6AC37E6B782900.e.374/clear - {}
RESULT: {}
COMMAND: POST /session/0c2956f598ca806f9665356f353b70f0/element/f.20C66F91A75546181850ABA8914744C8.d.BE5C745FA29EDBC5CC6AC37E6B782900.e.374/value - {"text":"WebdriverYardi7zud"}
COMMAND: GET /session/0c2956f598ca806f9665356f353b70f0/screenshot - {}
RESULT: {"text":"WebdriverYardi7zud"}
COMMAND: POST /session/0c2956f598ca806f9665356f353b70f0/element - {"using":"xpath","value":"//*[@id=\"application-manageyards-display-component---NewYard--addressDetailDetailsLanguage-inner\"]"}
COMMAND: GET /session/0c2956f598ca806f9665356f353b70f0/screenshot - {}
RESULT: {}
RESULT: {"using":"xpath","value":"//*[@id=\"application-manageyards-display-component---NewYard--addressDetailDetailsLanguage-inner\"]"}
COMMAND: POST /session/0c2956f598ca806f9665356f353b70f0/element/f.20C66F91A75546181850ABA8914744C8.d.BE5C745FA29EDBC5CC6AC37E6B782900.e.375/clear - {}
RESULT: {}
RESULT: {}
COMMAND: POST /session/0c2956f598ca806f9665356f353b70f0/element/f.20C66F91A75546181850ABA8914744C8.d.BE5C745FA29EDBC5CC6AC37E6B782900.e.375/value - {"text":"Romanian"}
COMMAND: GET /session/0c2956f598ca806f9665356f353b70f0/screenshot - {}
RESULT: {"text":"Romanian"}
COMMAND: POST /session/0c2956f598ca806f9665356f353b70f0/element - {"using":"xpath","value":"//input[contains(@id ,\"application-manageyards-display-component---NewYard--addressDetailDetailsName1-inner\")]"}
COMMAND: GET /session/0c2956f598ca806f9665356f353b70f0/screenshot - {}
RESULT: {}
RESULT: {"using":"xpath","value":"//input[contains(@id ,\"application-manageyards-display-component---NewYard--addressDetailDetailsName1-inner\")]"}
COMMAND: GET /session/0c2956f598ca806f9665356f353b70f0/element/f.20C66F91A75546181850ABA8914744C8.d.BE5C745FA29EDBC5CC6AC37E6B782900.e.374/property/value - {}
RESULT: {}
RESULT: {}
COMMAND: GET /session/0c2956f598ca806f9665356f353b70f0/screenshot - {}
RESULT: {}
COMMAND: POST /session/0c2956f598ca806f9665356f353b70f0/element - {"using":"xpath","value":"//*[@id=\"application-manageyards-display-component---NewYard--addressDetailDetailsCity1-inner\"]"}
RESULT: {"using":"xpath","value":"//*[@id=\"application-manageyards-display-component---NewYard--addressDetailDetailsCity1-inner\"]"}
COMMAND: POST /session/0c2956f598ca806f9665356f353b70f0/element/f.20C66F91A75546181850ABA8914744C8.d.BE5C745FA29EDBC5CC6AC37E6B782900.e.377/clear - {}
RESULT: {}
COMMAND: POST /session/0c2956f598ca806f9665356f353b70f0/element/f.20C66F91A75546181850ABA8914744C8.d.BE5C745FA29EDBC5CC6AC37E6B782900.e.377/value - {"text":"Bucuresti"}
COMMAND: GET /session/0c2956f598ca806f9665356f353b70f0/screenshot - {}
RESULT: {"text":"Bucuresti"}
COMMAND: GET /session/0c2956f598ca806f9665356f353b70f0/screenshot - {}
RESULT: {}
RESULT: {}
COMMAND: POST /session/0c2956f598ca806f9665356f353b70f0/element - {"using":"xpath","value":"//*[@id=\"application-manageyards-display-component---NewYard--addressDetailDetailsCountry-inner\"]"}
RESULT: {"using":"xpath","value":"//*[@id=\"application-manageyards-display-component---NewYard--addressDetailDetailsCountry-inner\"]"}
COMMAND: POST /session/0c2956f598ca806f9665356f353b70f0/element/f.20C66F91A75546181850ABA8914744C8.d.BE5C745FA29EDBC5CC6AC37E6B782900.e.381/clear - {}
RESULT: {}
COMMAND: POST /session/0c2956f598ca806f9665356f353b70f0/element/f.20C66F91A75546181850ABA8914744C8.d.BE5C745FA29EDBC5CC6AC37E6B782900.e.381/value - {"text":"Romania"}
COMMAND: GET /session/0c2956f598ca806f9665356f353b70f0/screenshot - {}
RESULT: {"text":"Romania"}
COMMAND: GET /session/0c2956f598ca806f9665356f353b70f0/screenshot - {}
RESULT: {}
RESULT: {}
COMMAND: POST /session/0c2956f598ca806f9665356f353b70f0/element - {"using":"xpath","value":"//div[contains(text(), \"Commercial\")]"}
RESULT: {"using":"xpath","value":"//div[contains(text(), \"Commercial\")]"}
COMMAND: GET /session/0c2956f598ca806f9665356f353b70f0/element/f.20C66F91A75546181850ABA8914744C8.d.BE5C745FA29EDBC5CC6AC37E6B782900.e.573/rect - {}
RESULT: {}
COMMAND: GET /session/0c2956f598ca806f9665356f353b70f0/window/rect - {}
RESULT: {}
COMMAND: POST /session/0c2956f598ca806f9665356f353b70f0/execute/sync - {"script":"<script> [92 bytes]","args":[]}
RESULT: {"script":"<script> [92 bytes]","args":[]}
COMMAND: POST /session/0c2956f598ca806f9665356f353b70f0/actions - {"actions":[{"id":"action1","type":"wheel","parameters":{},"actions":[{"type":"scroll","x":-1841,"y":-44,"deltaX":0,"deltaY":0,"duration":0,"origin":{"element-6066-11e4-a52e-4f735466cecf":"f.20C66F91A75546181850ABA8914744C8.d.BE5C745FA29EDBC5CC6AC37E6B782900.e.573"}}]}]}
COMMAND: GET /session/0c2956f598ca806f9665356f353b70f0/screenshot - {}
RESULT: {}
COMMAND: POST /session/0c2956f598ca806f9665356f353b70f0/execute/sync - {"script":"<script> [79 bytes]","args":[{"element-6066-11e4-a52e-4f735466cecf":"f.20C66F91A75546181850ABA8914744C8.d.BE5C745FA29EDBC5CC6AC37E6B782900.e.573","ELEMENT":"f.20C66F91A75546181850ABA8914744C8.d.BE5C745FA29EDBC5CC6AC37E6B782900.e.573"},{"block":"start","inline":"nearest"}]}
RESULT: {"script":"<script> [79 bytes]","args":[{"element-6066-11e4-a52e-4f735466cecf":"f.20C66F91A75546181850ABA8914744C8.d.BE5C745FA29EDBC5CC6AC37E6B782900.e.573","ELEMENT":"f.20C66F91A75546181850ABA8914744C8.d.BE5C745FA29EDBC5CC6AC37E6B782900.e.573"},{"block":"start","inline":"nearest"}]}
COMMAND: GET /session/0c2956f598ca806f9665356f353b70f0/screenshot - {}
RESULT: {}
COMMAND: POST /session/0c2956f598ca806f9665356f353b70f0/execute/async - {"script":"<script> [1562 bytes]","args":[{"selector":{"id":"application-manageyards-display-component---NewYard--addressEditDetailsCostObjectCstType-arrow"},"wdio_ui5_key":"applicationmanageyards-display-component---NewYard--addressEditDetailsCostObjectCstType-arrow"}]}
RESULT: {"script":"<script> [1562 bytes]","args":[{"selector":{"id":"application-manageyards-display-component---NewYard--addressEditDetailsCostObjectCstType-arrow"},"wdio_ui5_key":"applicationmanageyards-display-component---NewYard--addressEditDetailsCostObjectCstType-arrow"}]}
RESULT: undefined
COMMAND: POST /session/0c2956f598ca806f9665356f353b70f0/element - {"using":"xpath","value":"//*[@id=\"application-manageyards-display-component---NewYard--addressEditDetailsCostObjectCstType-arrow\"]"}
RESULT: {"using":"xpath","value":"//*[@id=\"application-manageyards-display-component---NewYard--addressEditDetailsCostObjectCstType-arrow\"]"}
COMMAND: POST /session/0c2956f598ca806f9665356f353b70f0/element/f.20C66F91A75546181850ABA8914744C8.d.BE5C745FA29EDBC5CC6AC37E6B782900.e.581/click - {}
RESULT: {}
COMMAND: POST /session/0c2956f598ca806f9665356f353b70f0/element - {"using":"xpath","value":"//span[contains(text(), \"Cost Center\")]"}
COMMAND: GET /session/0c2956f598ca806f9665356f353b70f0/screenshot - {}
RESULT: {"using":"xpath","value":"//span[contains(text(), \"Cost Center\")]"}
COMMAND: POST /session/0c2956f598ca806f9665356f353b70f0/element/f.20C66F91A75546181850ABA8914744C8.d.BE5C745FA29EDBC5CC6AC37E6B782900.e.582/click - {}
RESULT: {}
RESULT: {}
COMMAND: GET /session/0c2956f598ca806f9665356f353b70f0/screenshot - {}
RESULT: {}
COMMAND: POST /session/0c2956f598ca806f9665356f353b70f0/execute/async - {"script":"<script> [1562 bytes]","args":[{"selector":{"id":"application-manageyards-display-component---NewYard--addressNewCostObjectCstID-vhi"},"wdio_ui5_key":"applicationmanageyards-display-component---NewYard--addressNewCostObjectCstID-vhi"}]}
RESULT: {"script":"<script> [1562 bytes]","args":[{"selector":{"id":"application-manageyards-display-component---NewYard--addressNewCostObjectCstID-vhi"},"wdio_ui5_key":"applicationmanageyards-display-component---NewYard--addressNewCostObjectCstID-vhi"}]}
RESULT: undefined
COMMAND: POST /session/0c2956f598ca806f9665356f353b70f0/element - {"using":"xpath","value":"//*[@id=\"application-manageyards-display-component---NewYard--addressNewCostObjectCstID-vhi\"]"}
RESULT: {"using":"xpath","value":"//*[@id=\"application-manageyards-display-component---NewYard--addressNewCostObjectCstID-vhi\"]"}
COMMAND: POST /session/0c2956f598ca806f9665356f353b70f0/element/f.20C66F91A75546181850ABA8914744C8.d.BE5C745FA29EDBC5CC6AC37E6B782900.e.585/click - {}
RESULT: {}
COMMAND: GET /session/0c2956f598ca806f9665356f353b70f0/screenshot - {}
RESULT: {}
COMMAND: POST /session/0c2956f598ca806f9665356f353b70f0/execute/async - {"script":"<script> [1562 bytes]","args":[{"selector":{"controlType":"sap.m.SearchField","properties":{"placeholder":"Search"},"searchOpenDialogs":true,"interaction":{"idSuffix":"I"}},"wdio_ui5_key":"sapm.SearchField{\"placeholder\":\"Search\"}"}]}
RESULT: {"script":"<script> [1562 bytes]","args":[{"selector":{"controlType":"sap.m.SearchField","properties":{"placeholder":"Search"},"searchOpenDialogs":true,"interaction":{"idSuffix":"I"}},"wdio_ui5_key":"sapm.SearchField{\"placeholder\":\"Search\"}"}]}
RESULT: undefined
COMMAND: POST /session/0c2956f598ca806f9665356f353b70f0/execute/async - {"script":"<script> [776 bytes]","args":[{"enterText":"10001013","selector":{"controlType":"sap.m.SearchField","properties":{"placeholder":"Search"},"searchOpenDialogs":true,"interaction":{"idSuffix":"I"}},"clearTextFirst":true,"interactionType":"ENTER_TEXT"}]}
RESULT: {"script":"<script> [776 bytes]","args":[{"enterText":"10001013","selector":{"controlType":"sap.m.SearchField","properties":{"placeholder":"Search"},"searchOpenDialogs":true,"interaction":{"idSuffix":"I"}},"clearTextFirst":true,"interactionType":"ENTER_TEXT"}]}
COMMAND: POST /session/0c2956f598ca806f9665356f353b70f0/actions - {"actions":[{"id":"action2","type":"key","parameters":{},"actions":[{"type":"keyDown","value":""},{"type":"pause","duration":10},{"type":"keyUp","value":""}]}]}
RESULT: {"actions":[{"id":"action2","type":"key","parameters":{},"actions":[{"type":"keyDown","value":""},{"type":"pause","duration":10},{"type":"keyUp","value":""}]}]}
COMMAND: GET /session/0c2956f598ca806f9665356f353b70f0/screenshot - {}
RESULT: {}
COMMAND: POST /session/0c2956f598ca806f9665356f353b70f0/element - {"using":"xpath","value":"//span[contains(text(), \"General Management\")]"}
RESULT: {"using":"xpath","value":"//span[contains(text(), \"General Management\")]"}
COMMAND: POST /session/0c2956f598ca806f9665356f353b70f0/element/f.20C66F91A75546181850ABA8914744C8.d.BE5C745FA29EDBC5CC6AC37E6B782900.e.627/click - {}
RESULT: {}
COMMAND: GET /session/0c2956f598ca806f9665356f353b70f0/screenshot - {}
RESULT: {}
COMMAND: POST /session/0c2956f598ca806f9665356f353b70f0/element - {"using":"xpath","value":"//bdi[contains(text(), \"OK\")]"}
RESULT: {"using":"xpath","value":"//bdi[contains(text(), \"OK\")]"}
COMMAND: POST /session/0c2956f598ca806f9665356f353b70f0/element/f.20C66F91A75546181850ABA8914744C8.d.BE5C745FA29EDBC5CC6AC37E6B782900.e.628/click - {}
RESULT: {}
COMMAND: GET /session/0c2956f598ca806f9665356f353b70f0/screenshot - {}
RESULT: {}
COMMAND: POST /session/0c2956f598ca806f9665356f353b70f0/execute/async - {"script":"<script> [1562 bytes]","args":[{"selector":{"controlType":"sap.m.Button","viewName":"etm.portal.ui.manageyards.view.New","viewId":"application-manageyards-display-component---NewYard","i18NText":{"propertyName":"text","key":"save"},"interaction":{"idSuffix":"inner"}},"wdio_ui5_key":"etmportal.ui.manageyards.view.Newsap.m.Button{\"propertyName\":\"text\",\"key\":\"save\"}"}]}
RESULT: {"script":"<script> [1562 bytes]","args":[{"selector":{"controlType":"sap.m.Button","viewName":"etm.portal.ui.manageyards.view.New","viewId":"application-manageyards-display-component---NewYard","i18NText":{"propertyName":"text","key":"save"},"interaction":{"idSuffix":"inner"}},"wdio_ui5_key":"etmportal.ui.manageyards.view.Newsap.m.Button{\"propertyName\":\"text\",\"key\":\"save\"}"}]}
RESULT: undefined
COMMAND: POST /session/0c2956f598ca806f9665356f353b70f0/element - {"using":"xpath","value":"//*[@id=\"__button18\"]"}
RESULT: {"using":"xpath","value":"//*[@id=\"__button18\"]"}
COMMAND: POST /session/0c2956f598ca806f9665356f353b70f0/element/f.20C66F91A75546181850ABA8914744C8.d.BE5C745FA29EDBC5CC6AC37E6B782900.e.535/click - {}
RESULT: {}
COMMAND: GET /session/0c2956f598ca806f9665356f353b70f0/screenshot - {}
RESULT: {}
COMMAND: POST /session/0c2956f598ca806f9665356f353b70f0/element - {"using":"xpath","value":"//header/div/div[2]/div[2]/span"}
RESULT: {"using":"xpath","value":"//header/div/div[2]/div[2]/span"}
COMMAND: GET /session/0c2956f598ca806f9665356f353b70f0/element/f.20C66F91A75546181850ABA8914744C8.d.BE5C745FA29EDBC5CC6AC37E6B782900.e.825/text - {}
RESULT: {}
COMMAND: POST /session/0c2956f598ca806f9665356f353b70f0/execute/async - {"script":"<script> [1562 bytes]","args":[{"selector":{"controlType":"sap.m.OverflowToolbarButton","viewName":"etm.portal.ui.manageyards.view.Detail","viewId":"application-manageyards-display-component---detailYard","i18NText":{"propertyName":"tooltip","key":"closeColumn"},"interaction":{"idSuffix":"inner"}},"wdio_ui5_key":"etmportal.ui.manageyards.view.Detailsap.m.OverflowToolbarButton{\"propertyName\":\"tooltip\",\"key\":\"closeColumn\"}"}]}
RESULT: {"script":"<script> [1562 bytes]","args":[{"selector":{"controlType":"sap.m.OverflowToolbarButton","viewName":"etm.portal.ui.manageyards.view.Detail","viewId":"application-manageyards-display-component---detailYard","i18NText":{"propertyName":"tooltip","key":"closeColumn"},"interaction":{"idSuffix":"inner"}},"wdio_ui5_key":"etmportal.ui.manageyards.view.Detailsap.m.OverflowToolbarButton{\"propertyName\":\"tooltip\",\"key\":\"closeColumn\"}"}]}
RESULT: undefined
COMMAND: POST /session/0c2956f598ca806f9665356f353b70f0/element - {"using":"xpath","value":"//*[@id=\"__button42\"]"}
RESULT: {"using":"xpath","value":"//*[@id=\"__button42\"]"}
COMMAND: POST /session/0c2956f598ca806f9665356f353b70f0/element/f.20C66F91A75546181850ABA8914744C8.d.BE5C745FA29EDBC5CC6AC37E6B782900.e.827/click - {}
RESULT: {}
COMMAND: GET /session/0c2956f598ca806f9665356f353b70f0/screenshot - {}
RESULT: {}
COMMAND: POST /session/0c2956f598ca806f9665356f353b70f0/element - {"using":"css selector","value":"#shell-header-logo"}
RESULT: {"using":"css selector","value":"#shell-header-logo"}
COMMAND: POST /session/0c2956f598ca806f9665356f353b70f0/element/f.20C66F91A75546181850ABA8914744C8.d.BE5C745FA29EDBC5CC6AC37E6B782900.e.115/click - {}
RESULT: {}
COMMAND: GET /session/0c2956f598ca806f9665356f353b70f0/screenshot - {}
RESULT: {}
COMMAND: POST /session/0c2956f598ca806f9665356f353b70f0/refresh - {}
RESULT: {}
COMMAND: GET /session/0c2956f598ca806f9665356f353b70f0/screenshot - {}
RESULT: {}
COMMAND: POST /session/0c2956f598ca806f9665356f353b70f0/refresh - {}
RESULT: {}
COMMAND: GET /session/0c2956f598ca806f9665356f353b70f0/screenshot - {}
RESULT: {}
COMMAND: POST /session/0c2956f598ca806f9665356f353b70f0/execute/async - {"script":"<script> [189 bytes]","args":[]}
RESULT: {"script":"<script> [189 bytes]","args":[]}
COMMAND: POST /session/0c2956f598ca806f9665356f353b70f0/execute/async - {"script":"<script> [123 bytes]","args":[]}
RESULT: {"script":"<script> [123 bytes]","args":[]}
COMMAND: POST /session/0c2956f598ca806f9665356f353b70f0/timeouts - {"script":"<number>"}
RESULT: {"script":"<number>"}
COMMAND: GET /session/0c2956f598ca806f9665356f353b70f0/timeouts - {}
RESULT: {}
RESULT: undefined
COMMAND: POST /session/0c2956f598ca806f9665356f353b70f0/execute/async - {"script":"<script> [2676 bytes]","args":[]}
RESULT: {"script":"<script> [2676 bytes]","args":[]}
COMMAND: POST /session/0c2956f598ca806f9665356f353b70f0/execute/async - {"script":"<script> [2342 bytes]","args":[{"protocol":"http","hostname":"0.0.0.0","path":"/","capabilities":{"browserName":"chrome","goog:chromeOptions":{"binary":"C:\\Program Files\\Google\\Chrome\\Application\\chrome.exe","args":["--start-maximized"]}},"logLevel":"warn","connectionRetryTimeout":120000,"connectionRetryCount":3,"logLevels":{},"enableDirectConnect":true,"strictSSL":true,"_":"65 more keys: [\"cacheDir\",\"port\",\"requestedCapabilities\",\"automationProtocol\",\"baseUrl\",\"waitforInterval\",\"waitforTimeout\",\"onReload\",\"beforeCommand\",\"afterCommand\",\"rootDir\",\"specs\",\"suites\",\"exclude\",\"groupLogsByTestSpec\",\"excludeDriverLogs\",\"bail\",\"framework\",\"reporters\",\"services\",\"maxInstances\",\"maxInstancesPerCapability\",\"injectGlobals\",\"filesToWatch\",\"execArgv\",\"runnerEnv\",\"runner\",\"shard\",\"specFileRetries\",\"specFileRetriesDelay\",\"specFileRetriesDeferred\",\"reporterSyncInterval\",\"reporterSyncTimeout\",\"cucumberFeaturesWithLineNumbers\",\"autoCompileOpts\",\"mochaOpts\",\"jasmineOpts\",\"cucumberOpts\",\"onPrepare\",\"onWorkerStart\",\"onWorkerEnd\",\"before\",\"beforeSession\",\"beforeSuite\",\"beforeHook\",\"beforeTest\",\"afterTest\",\"afterHook\",\"afterSuite\",\"afterSession\",\"after\",\"onComplete\",\"beforeAssertion\",\"afterAssertion\",\"beforeFeature\",\"beforeScenario\",\"beforeStep\",\"afterStep\",\"afterScenario\",\"afterFeature\",\"_\",\"suite\",\"$0\",\"ignoredWorkerServices\",\"wdi5\"]"}]}
RESULT: {"script":"<script> [2342 bytes]","args":[{"protocol":"http","hostname":"0.0.0.0","path":"/","capabilities":{"browserName":"chrome","goog:chromeOptions":{"binary":"C:\\Program Files\\Google\\Chrome\\Application\\chrome.exe","args":["--start-maximized"]}},"logLevel":"warn","connectionRetryTimeout":120000,"connectionRetryCount":3,"logLevels":{},"enableDirectConnect":true,"strictSSL":true,"_":"65 more keys: [\"cacheDir\",\"port\",\"requestedCapabilities\",\"automationProtocol\",\"baseUrl\",\"waitforInterval\",\"waitforTimeout\",\"onReload\",\"beforeCommand\",\"afterCommand\",\"rootDir\",\"specs\",\"suites\",\"exclude\",\"groupLogsByTestSpec\",\"excludeDriverLogs\",\"bail\",\"framework\",\"reporters\",\"services\",\"maxInstances\",\"maxInstancesPerCapability\",\"injectGlobals\",\"filesToWatch\",\"execArgv\",\"runnerEnv\",\"runner\",\"shard\",\"specFileRetries\",\"specFileRetriesDelay\",\"specFileRetriesDeferred\",\"reporterSyncInterval\",\"reporterSyncTimeout\",\"cucumberFeaturesWithLineNumbers\",\"autoCompileOpts\",\"mochaOpts\",\"jasmineOpts\",\"cucumberOpts\",\"onPrepare\",\"onWorkerStart\",\"onWorkerEnd\",\"before\",\"beforeSession\",\"beforeSuite\",\"beforeHook\",\"beforeTest\",\"afterTest\",\"afterHook\",\"afterSuite\",\"afterSession\",\"after\",\"onComplete\",\"beforeAssertion\",\"afterAssertion\",\"beforeFeature\",\"beforeScenario\",\"beforeStep\",\"afterStep\",\"afterScenario\",\"afterFeature\",\"_\",\"suite\",\"$0\",\"ignoredWorkerServices\",\"wdi5\"]"}]}
COMMAND: POST /session/0c2956f598ca806f9665356f353b70f0/execute/async - {"script":"<script> [21126 bytes]","args":[35000]}
RESULT: {"script":"<script> [21126 bytes]","args":[35000]}
]]></system-out>
    </testcase>
    <testcase classname="chrome.135_0_7049_42.windows.Manage_Requests_Tags_Tests_US120163" name="Should create a new partner" time="70.583">
      <system-out><![CDATA[
COMMAND: POST /session/0c2956f598ca806f9665356f353b70f0/execute/async - {"script":"<script> [1562 bytes]","args":[{"selector":{"controlType":"sap.m.GenericTile","properties":{"header":"Manage Partners"}},"wdio_ui5_key":"sapm.GenericTile{\"header\":\"Manage Partners\"}"}]}
RESULT: {"script":"<script> [1562 bytes]","args":[{"selector":{"controlType":"sap.m.GenericTile","properties":{"header":"Manage Partners"}},"wdio_ui5_key":"sapm.GenericTile{\"header\":\"Manage Partners\"}"}]}
RESULT: undefined
COMMAND: POST /session/0c2956f598ca806f9665356f353b70f0/element - {"using":"xpath","value":"//*[@id=\"__tile38\"]"}
RESULT: {"using":"xpath","value":"//*[@id=\"__tile38\"]"}
COMMAND: POST /session/0c2956f598ca806f9665356f353b70f0/element/f.20C66F91A75546181850ABA8914744C8.d.B3375B1D6D0651CABDC8FFCF51130027.e.1200/click - {}
RESULT: {}
COMMAND: GET /session/0c2956f598ca806f9665356f353b70f0/screenshot - {}
RESULT: {}
COMMAND: POST /session/0c2956f598ca806f9665356f353b70f0/execute/async - {"script":"<script> [1562 bytes]","args":[{"selector":{"controlType":"sap.ui.core.Icon","viewName":"etm.portal.ui.managepartners.view.Master","viewId":"application-managepartners-display-component---masterPtm","properties":{"src":{"regex":{"source":"add"}}}},"wdio_ui5_key":"etmportal.ui.managepartners.view.Mastersap.ui.core.Icon{\"src\":{\"regex\":{\"source\":\"add\"}}}"}]}
RESULT: {"script":"<script> [1562 bytes]","args":[{"selector":{"controlType":"sap.ui.core.Icon","viewName":"etm.portal.ui.managepartners.view.Master","viewId":"application-managepartners-display-component---masterPtm","properties":{"src":{"regex":{"source":"add"}}}},"wdio_ui5_key":"etmportal.ui.managepartners.view.Mastersap.ui.core.Icon{\"src\":{\"regex\":{\"source\":\"add\"}}}"}]}
RESULT: undefined
COMMAND: POST /session/0c2956f598ca806f9665356f353b70f0/element - {"using":"xpath","value":"//*[@id=\"__button4-img\"]"}
RESULT: {"using":"xpath","value":"//*[@id=\"__button4-img\"]"}
COMMAND: POST /session/0c2956f598ca806f9665356f353b70f0/element/f.20C66F91A75546181850ABA8914744C8.d.B3375B1D6D0651CABDC8FFCF51130027.e.1251/click - {}
RESULT: {}
COMMAND: GET /session/0c2956f598ca806f9665356f353b70f0/screenshot - {}
RESULT: {}
COMMAND: POST /session/0c2956f598ca806f9665356f353b70f0/execute/async - {"script":"<script> [1562 bytes]","args":[{"selector":{"id":"application-managepartners-display-component---NewPartner--partnerId","interaction":{"idSuffix":"inner"}},"wdio_ui5_key":"applicationmanagepartners-display-component---NewPartner--partnerId"}]}
RESULT: {"script":"<script> [1562 bytes]","args":[{"selector":{"id":"application-managepartners-display-component---NewPartner--partnerId","interaction":{"idSuffix":"inner"}},"wdio_ui5_key":"applicationmanagepartners-display-component---NewPartner--partnerId"}]}
RESULT: undefined
COMMAND: POST /session/0c2956f598ca806f9665356f353b70f0/execute/async - {"script":"<script> [1562 bytes]","args":[{"selector":{"id":"application-managepartners-display-component---NewPartner--addressDetailDetailsName1","interaction":{"idSuffix":"inner"}},"wdio_ui5_key":"applicationmanagepartners-display-component---NewPartner--addressDetailDetailsName1"}]}
RESULT: {"script":"<script> [1562 bytes]","args":[{"selector":{"id":"application-managepartners-display-component---NewPartner--addressDetailDetailsName1","interaction":{"idSuffix":"inner"}},"wdio_ui5_key":"applicationmanagepartners-display-component---NewPartner--addressDetailDetailsName1"}]}
RESULT: undefined
COMMAND: POST /session/0c2956f598ca806f9665356f353b70f0/execute/async - {"script":"<script> [776 bytes]","args":[{"enterText":"WebdriverPartner4gxjz","selector":{"id":"application-managepartners-display-component---NewPartner--addressDetailDetailsName1","interaction":{"idSuffix":"inner"}},"clearTextFirst":true,"interactionType":"ENTER_TEXT"}]}
RESULT: {"script":"<script> [776 bytes]","args":[{"enterText":"WebdriverPartner4gxjz","selector":{"id":"application-managepartners-display-component---NewPartner--addressDetailDetailsName1","interaction":{"idSuffix":"inner"}},"clearTextFirst":true,"interactionType":"ENTER_TEXT"}]}
COMMAND: POST /session/0c2956f598ca806f9665356f353b70f0/execute/async - {"script":"<script> [1562 bytes]","args":[{"selector":{"id":"application-managepartners-display-component---NewPartner--addressDetailDetailsLanguage","interaction":{"idSuffix":"inner"}},"wdio_ui5_key":"applicationmanagepartners-display-component---NewPartner--addressDetailDetailsLanguage"}]}
RESULT: {"script":"<script> [1562 bytes]","args":[{"selector":{"id":"application-managepartners-display-component---NewPartner--addressDetailDetailsLanguage","interaction":{"idSuffix":"inner"}},"wdio_ui5_key":"applicationmanagepartners-display-component---NewPartner--addressDetailDetailsLanguage"}]}
RESULT: undefined
COMMAND: POST /session/0c2956f598ca806f9665356f353b70f0/execute/async - {"script":"<script> [776 bytes]","args":[{"enterText":"Romanian","selector":{"id":"application-managepartners-display-component---NewPartner--addressDetailDetailsLanguage","interaction":{"idSuffix":"inner"}},"clearTextFirst":true,"interactionType":"ENTER_TEXT"}]}
RESULT: {"script":"<script> [776 bytes]","args":[{"enterText":"Romanian","selector":{"id":"application-managepartners-display-component---NewPartner--addressDetailDetailsLanguage","interaction":{"idSuffix":"inner"}},"clearTextFirst":true,"interactionType":"ENTER_TEXT"}]}
COMMAND: POST /session/0c2956f598ca806f9665356f353b70f0/element - {"using":"xpath","value":"//input[contains(@id ,\"application-managepartners-display-component---NewPartner--addressDetailDetailsName1-inner\")]"}
RESULT: {"using":"xpath","value":"//input[contains(@id ,\"application-managepartners-display-component---NewPartner--addressDetailDetailsName1-inner\")]"}
COMMAND: GET /session/0c2956f598ca806f9665356f353b70f0/element/f.20C66F91A75546181850ABA8914744C8.d.B3375B1D6D0651CABDC8FFCF51130027.e.1425/property/value - {}
RESULT: {}
COMMAND: POST /session/0c2956f598ca806f9665356f353b70f0/execute/async - {"script":"<script> [1562 bytes]","args":[{"selector":{"id":"application-managepartners-display-component---NewPartner--addressDetailDetailsCity1","interaction":{"idSuffix":"inner"}},"wdio_ui5_key":"applicationmanagepartners-display-component---NewPartner--addressDetailDetailsCity1"}]}
COMMAND: GET /session/0c2956f598ca806f9665356f353b70f0/screenshot - {}
RESULT: {"script":"<script> [1562 bytes]","args":[{"selector":{"id":"application-managepartners-display-component---NewPartner--addressDetailDetailsCity1","interaction":{"idSuffix":"inner"}},"wdio_ui5_key":"applicationmanagepartners-display-component---NewPartner--addressDetailDetailsCity1"}]}
RESULT: undefined
COMMAND: POST /session/0c2956f598ca806f9665356f353b70f0/execute/async - {"script":"<script> [776 bytes]","args":[{"enterText":"Bucharest","selector":{"id":"application-managepartners-display-component---NewPartner--addressDetailDetailsCity1","interaction":{"idSuffix":"inner"}},"clearTextFirst":true,"interactionType":"ENTER_TEXT"}]}
RESULT: {}
RESULT: {"script":"<script> [776 bytes]","args":[{"enterText":"Bucharest","selector":{"id":"application-managepartners-display-component---NewPartner--addressDetailDetailsCity1","interaction":{"idSuffix":"inner"}},"clearTextFirst":true,"interactionType":"ENTER_TEXT"}]}
COMMAND: POST /session/0c2956f598ca806f9665356f353b70f0/execute/async - {"script":"<script> [1562 bytes]","args":[{"selector":{"id":"application-managepartners-display-component---NewPartner--addressDetailDetailsCountry","interaction":{"idSuffix":"inner"}},"wdio_ui5_key":"applicationmanagepartners-display-component---NewPartner--addressDetailDetailsCountry"}]}
RESULT: {"script":"<script> [1562 bytes]","args":[{"selector":{"id":"application-managepartners-display-component---NewPartner--addressDetailDetailsCountry","interaction":{"idSuffix":"inner"}},"wdio_ui5_key":"applicationmanagepartners-display-component---NewPartner--addressDetailDetailsCountry"}]}
RESULT: undefined
COMMAND: POST /session/0c2956f598ca806f9665356f353b70f0/execute/async - {"script":"<script> [6424 bytes]","args":[{"element-6066-11e4-a52e-4f735466cecf":"f.20C66F91A75546181850ABA8914744C8.d.B3375B1D6D0651CABDC8FFCF51130027.e.1432"},"setValue",["Romania"]]}
RESULT: {"script":"<script> [6424 bytes]","args":[{"element-6066-11e4-a52e-4f735466cecf":"f.20C66F91A75546181850ABA8914744C8.d.B3375B1D6D0651CABDC8FFCF51130027.e.1432"},"setValue",["Romania"]]}
COMMAND: POST /session/0c2956f598ca806f9665356f353b70f0/execute/async - {"script":"<script> [1562 bytes]","args":[{"selector":{"id":"application-managepartners-display-component---NewPartner--partnerDetailInternal","interaction":{"idSuffix":"inner"}},"wdio_ui5_key":"applicationmanagepartners-display-component---NewPartner--partnerDetailInternal"}]}
RESULT: {"script":"<script> [1562 bytes]","args":[{"selector":{"id":"application-managepartners-display-component---NewPartner--partnerDetailInternal","interaction":{"idSuffix":"inner"}},"wdio_ui5_key":"applicationmanagepartners-display-component---NewPartner--partnerDetailInternal"}]}
RESULT: undefined
COMMAND: POST /session/0c2956f598ca806f9665356f353b70f0/execute/async - {"script":"<script> [776 bytes]","args":[{"enterText":"External partner","selector":{"id":"application-managepartners-display-component---NewPartner--partnerDetailInternal","interaction":{"idSuffix":"inner"}},"clearTextFirst":true,"interactionType":"ENTER_TEXT"}]}
RESULT: {"script":"<script> [776 bytes]","args":[{"enterText":"External partner","selector":{"id":"application-managepartners-display-component---NewPartner--partnerDetailInternal","interaction":{"idSuffix":"inner"}},"clearTextFirst":true,"interactionType":"ENTER_TEXT"}]}
COMMAND: POST /session/0c2956f598ca806f9665356f353b70f0/execute/async - {"script":"<script> [1562 bytes]","args":[{"selector":{"id":"application-managepartners-display-component---NewPartner--partnerDetailsCurrency","interaction":{"idSuffix":"inner"}},"wdio_ui5_key":"applicationmanagepartners-display-component---NewPartner--partnerDetailsCurrency"}]}
RESULT: {"script":"<script> [1562 bytes]","args":[{"selector":{"id":"application-managepartners-display-component---NewPartner--partnerDetailsCurrency","interaction":{"idSuffix":"inner"}},"wdio_ui5_key":"applicationmanagepartners-display-component---NewPartner--partnerDetailsCurrency"}]}
RESULT: undefined
COMMAND: POST /session/0c2956f598ca806f9665356f353b70f0/execute/async - {"script":"<script> [776 bytes]","args":[{"enterText":"Euro","selector":{"id":"application-managepartners-display-component---NewPartner--partnerDetailsCurrency","interaction":{"idSuffix":"inner"}},"clearTextFirst":true,"interactionType":"ENTER_TEXT"}]}
RESULT: {"script":"<script> [776 bytes]","args":[{"enterText":"Euro","selector":{"id":"application-managepartners-display-component---NewPartner--partnerDetailsCurrency","interaction":{"idSuffix":"inner"}},"clearTextFirst":true,"interactionType":"ENTER_TEXT"}]}
COMMAND: POST /session/0c2956f598ca806f9665356f353b70f0/execute/async - {"script":"<script> [1562 bytes]","args":[{"selector":{"controlType":"sap.m.Button","viewName":"etm.portal.ui.managepartners.view.NewPartner","viewId":"application-managepartners-display-component---NewPartner","properties":{"text":"Commercial"},"interaction":{"idSuffix":"BDI-content"}},"wdio_ui5_key":"etmportal.ui.managepartners.view.NewPartnersap.m.Button{\"text\":\"Commercial\"}"}]}
RESULT: {"script":"<script> [1562 bytes]","args":[{"selector":{"controlType":"sap.m.Button","viewName":"etm.portal.ui.managepartners.view.NewPartner","viewId":"application-managepartners-display-component---NewPartner","properties":{"text":"Commercial"},"interaction":{"idSuffix":"BDI-content"}},"wdio_ui5_key":"etmportal.ui.managepartners.view.NewPartnersap.m.Button{\"text\":\"Commercial\"}"}]}
RESULT: undefined
COMMAND: POST /session/0c2956f598ca806f9665356f353b70f0/element - {"using":"xpath","value":"//*[@id=\"application-managepartners-display-component---NewPartner--ObjectPageLayout-anchBar-__section5-anchor\"]"}
RESULT: {"using":"xpath","value":"//*[@id=\"application-managepartners-display-component---NewPartner--ObjectPageLayout-anchBar-__section5-anchor\"]"}
COMMAND: POST /session/0c2956f598ca806f9665356f353b70f0/element/f.20C66F91A75546181850ABA8914744C8.d.B3375B1D6D0651CABDC8FFCF51130027.e.1680/click - {}
RESULT: {}
COMMAND: GET /session/0c2956f598ca806f9665356f353b70f0/screenshot - {}
RESULT: {}
COMMAND: POST /session/0c2956f598ca806f9665356f353b70f0/execute/async - {"script":"<script> [1562 bytes]","args":[{"selector":{"id":"application-managepartners-display-component---NewPartner--btnAddTableRow-img"},"wdio_ui5_key":"applicationmanagepartners-display-component---NewPartner--btnAddTableRow-img"}]}
RESULT: {"script":"<script> [1562 bytes]","args":[{"selector":{"id":"application-managepartners-display-component---NewPartner--btnAddTableRow-img"},"wdio_ui5_key":"applicationmanagepartners-display-component---NewPartner--btnAddTableRow-img"}]}
RESULT: undefined
COMMAND: POST /session/0c2956f598ca806f9665356f353b70f0/element - {"using":"xpath","value":"//*[@id=\"application-managepartners-display-component---NewPartner--btnAddTableRow-img\"]"}
RESULT: {"using":"xpath","value":"//*[@id=\"application-managepartners-display-component---NewPartner--btnAddTableRow-img\"]"}
COMMAND: POST /session/0c2956f598ca806f9665356f353b70f0/element/f.20C66F91A75546181850ABA8914744C8.d.B3375B1D6D0651CABDC8FFCF51130027.e.1688/click - {}
RESULT: {}
COMMAND: POST /session/0c2956f598ca806f9665356f353b70f0/element - {"using":"xpath","value":"//input[contains(@id ,\"application-managepartners-display-component---NewPartner--assignmentYard-application-managepartners-display-component---NewPartner\")]"}
COMMAND: GET /session/0c2956f598ca806f9665356f353b70f0/screenshot - {}
RESULT: {"using":"xpath","value":"//input[contains(@id ,\"application-managepartners-display-component---NewPartner--assignmentYard-application-managepartners-display-component---NewPartner\")]"}
COMMAND: POST /session/0c2956f598ca806f9665356f353b70f0/element/f.20C66F91A75546181850ABA8914744C8.d.B3375B1D6D0651CABDC8FFCF51130027.e.1691/clear - {}
RESULT: {}
RESULT: {}
COMMAND: POST /session/0c2956f598ca806f9665356f353b70f0/element/f.20C66F91A75546181850ABA8914744C8.d.B3375B1D6D0651CABDC8FFCF51130027.e.1691/value - {"text":"473"}
COMMAND: GET /session/0c2956f598ca806f9665356f353b70f0/screenshot - {}
RESULT: {"text":"473"}
COMMAND: POST /session/0c2956f598ca806f9665356f353b70f0/execute/async - {"script":"<script> [1562 bytes]","args":[{"selector":{"controlType":"sap.m.Button","viewName":"etm.portal.ui.managepartners.view.NewPartner","viewId":"application-managepartners-display-component---NewPartner","i18NText":{"propertyName":"text","key":"save"},"interaction":{"idSuffix":"BDI-content"}},"wdio_ui5_key":"etmportal.ui.managepartners.view.NewPartnersap.m.Button{\"propertyName\":\"text\",\"key\":\"save\"}"}]}
COMMAND: GET /session/0c2956f598ca806f9665356f353b70f0/screenshot - {}
RESULT: {}
RESULT: {"script":"<script> [1562 bytes]","args":[{"selector":{"controlType":"sap.m.Button","viewName":"etm.portal.ui.managepartners.view.NewPartner","viewId":"application-managepartners-display-component---NewPartner","i18NText":{"propertyName":"text","key":"save"},"interaction":{"idSuffix":"BDI-content"}},"wdio_ui5_key":"etmportal.ui.managepartners.view.NewPartnersap.m.Button{\"propertyName\":\"text\",\"key\":\"save\"}"}]}
RESULT: undefined
COMMAND: POST /session/0c2956f598ca806f9665356f353b70f0/element - {"using":"xpath","value":"//*[@id=\"__button12\"]"}
RESULT: {}
RESULT: {"using":"xpath","value":"//*[@id=\"__button12\"]"}
COMMAND: POST /session/0c2956f598ca806f9665356f353b70f0/element/f.20C66F91A75546181850ABA8914744C8.d.B3375B1D6D0651CABDC8FFCF51130027.e.1610/click - {}
RESULT: {}
COMMAND: GET /session/0c2956f598ca806f9665356f353b70f0/screenshot - {}
RESULT: {}
COMMAND: POST /session/0c2956f598ca806f9665356f353b70f0/element - {"using":"xpath","value":"//header/div/div[2]/div[2]/span"}
RESULT: {"using":"xpath","value":"//header/div/div[2]/div[2]/span"}
COMMAND: GET /session/0c2956f598ca806f9665356f353b70f0/element/f.20C66F91A75546181850ABA8914744C8.d.B3375B1D6D0651CABDC8FFCF51130027.e.1861/text - {}
RESULT: {}
COMMAND: POST /session/0c2956f598ca806f9665356f353b70f0/element - {"using":"xpath","value":"//header/div/div/div/div/div/div[2]/div/span"}
RESULT: {"using":"xpath","value":"//header/div/div/div/div/div/div[2]/div/span"}
COMMAND: GET /session/0c2956f598ca806f9665356f353b70f0/element/f.20C66F91A75546181850ABA8914744C8.d.B3375B1D6D0651CABDC8FFCF51130027.e.1862/text - {}
RESULT: {}
COMMAND: POST /session/0c2956f598ca806f9665356f353b70f0/execute/async - {"script":"<script> [1562 bytes]","args":[{"selector":{"id":"application-managepartners-display-component---detailPtm--partnerType"},"wdio_ui5_key":"applicationmanagepartners-display-component---detailPtm--partnerType"}]}
RESULT: {"script":"<script> [1562 bytes]","args":[{"selector":{"id":"application-managepartners-display-component---detailPtm--partnerType"},"wdio_ui5_key":"applicationmanagepartners-display-component---detailPtm--partnerType"}]}
RESULT: undefined
COMMAND: POST /session/0c2956f598ca806f9665356f353b70f0/execute/async - {"script":"<script> [6424 bytes]","args":[{"element-6066-11e4-a52e-4f735466cecf":"f.20C66F91A75546181850ABA8914744C8.d.B3375B1D6D0651CABDC8FFCF51130027.e.1863"},"getText",[]]}
RESULT: {"script":"<script> [6424 bytes]","args":[{"element-6066-11e4-a52e-4f735466cecf":"f.20C66F91A75546181850ABA8914744C8.d.B3375B1D6D0651CABDC8FFCF51130027.e.1863"},"getText",[]]}
COMMAND: POST /session/0c2956f598ca806f9665356f353b70f0/element - {"using":"css selector","value":"#shell-header-logo"}
RESULT: {"using":"css selector","value":"#shell-header-logo"}
COMMAND: POST /session/0c2956f598ca806f9665356f353b70f0/element/f.20C66F91A75546181850ABA8914744C8.d.B3375B1D6D0651CABDC8FFCF51130027.e.1202/click - {}
RESULT: {}
COMMAND: GET /session/0c2956f598ca806f9665356f353b70f0/screenshot - {}
RESULT: {}
]]></system-out>
    </testcase>
    <testcase classname="chrome.135_0_7049_42.windows.Manage_Requests_Tags_Tests_US120163" name="Should create a new site" time="81.219">
      <system-out><![CDATA[
COMMAND: POST /session/0c2956f598ca806f9665356f353b70f0/execute/async - {"script":"<script> [1562 bytes]","args":[{"selector":{"controlType":"sap.m.GenericTile","properties":{"header":"Manage Sites"}},"wdio_ui5_key":"sapm.GenericTile{\"header\":\"Manage Sites\"}"}]}
RESULT: {"script":"<script> [1562 bytes]","args":[{"selector":{"controlType":"sap.m.GenericTile","properties":{"header":"Manage Sites"}},"wdio_ui5_key":"sapm.GenericTile{\"header\":\"Manage Sites\"}"}]}
RESULT: undefined
COMMAND: POST /session/0c2956f598ca806f9665356f353b70f0/element - {"using":"xpath","value":"//*[@id=\"__tile40\"]"}
RESULT: {"using":"xpath","value":"//*[@id=\"__tile40\"]"}
COMMAND: POST /session/0c2956f598ca806f9665356f353b70f0/element/f.20C66F91A75546181850ABA8914744C8.d.B3375B1D6D0651CABDC8FFCF51130027.e.1865/click - {}
RESULT: {}
COMMAND: GET /session/0c2956f598ca806f9665356f353b70f0/screenshot - {}
RESULT: {}
COMMAND: POST /session/0c2956f598ca806f9665356f353b70f0/execute/async - {"script":"<script> [1562 bytes]","args":[{"selector":{"controlType":"sap.ui.core.Icon","viewName":"etm.portal.ui.managesites.view.Master","viewId":"application-managesites-display-component---masterSite","properties":{"src":{"regex":{"source":"add"}}}},"wdio_ui5_key":"etmportal.ui.managesites.view.Mastersap.ui.core.Icon{\"src\":{\"regex\":{\"source\":\"add\"}}}"}]}
RESULT: {"script":"<script> [1562 bytes]","args":[{"selector":{"controlType":"sap.ui.core.Icon","viewName":"etm.portal.ui.managesites.view.Master","viewId":"application-managesites-display-component---masterSite","properties":{"src":{"regex":{"source":"add"}}}},"wdio_ui5_key":"etmportal.ui.managesites.view.Mastersap.ui.core.Icon{\"src\":{\"regex\":{\"source\":\"add\"}}}"}]}
RESULT: undefined
COMMAND: POST /session/0c2956f598ca806f9665356f353b70f0/element - {"using":"xpath","value":"//*[@id=\"__button52-img\"]"}
RESULT: {"using":"xpath","value":"//*[@id=\"__button52-img\"]"}
COMMAND: POST /session/0c2956f598ca806f9665356f353b70f0/element/f.20C66F91A75546181850ABA8914744C8.d.B3375B1D6D0651CABDC8FFCF51130027.e.1913/click - {}
RESULT: {}
COMMAND: POST /session/0c2956f598ca806f9665356f353b70f0/execute/async - {"script":"<script> [1562 bytes]","args":[{"selector":{"id":"application-managesites-display-component---NewSite--siteId","interaction":{"idSuffix":"inner"}},"wdio_ui5_key":"applicationmanagesites-display-component---NewSite--siteId"}]}
COMMAND: GET /session/0c2956f598ca806f9665356f353b70f0/screenshot - {}
RESULT: {"script":"<script> [1562 bytes]","args":[{"selector":{"id":"application-managesites-display-component---NewSite--siteId","interaction":{"idSuffix":"inner"}},"wdio_ui5_key":"applicationmanagesites-display-component---NewSite--siteId"}]}
RESULT: undefined
COMMAND: POST /session/0c2956f598ca806f9665356f353b70f0/execute/async - {"script":"<script> [1562 bytes]","args":[{"selector":{"id":"application-managesites-display-component---NewSite--addressDetailDetailsName1","interaction":{"idSuffix":"inner"}},"wdio_ui5_key":"applicationmanagesites-display-component---NewSite--addressDetailDetailsName1"}]}
RESULT: {}
RESULT: {"script":"<script> [1562 bytes]","args":[{"selector":{"id":"application-managesites-display-component---NewSite--addressDetailDetailsName1","interaction":{"idSuffix":"inner"}},"wdio_ui5_key":"applicationmanagesites-display-component---NewSite--addressDetailDetailsName1"}]}
RESULT: undefined
COMMAND: POST /session/0c2956f598ca806f9665356f353b70f0/execute/async - {"script":"<script> [776 bytes]","args":[{"enterText":"WebdriverSite5136l","selector":{"id":"application-managesites-display-component---NewSite--addressDetailDetailsName1","interaction":{"idSuffix":"inner"}},"clearTextFirst":true,"interactionType":"ENTER_TEXT"}]}
RESULT: {"script":"<script> [776 bytes]","args":[{"enterText":"WebdriverSite5136l","selector":{"id":"application-managesites-display-component---NewSite--addressDetailDetailsName1","interaction":{"idSuffix":"inner"}},"clearTextFirst":true,"interactionType":"ENTER_TEXT"}]}
COMMAND: POST /session/0c2956f598ca806f9665356f353b70f0/execute/async - {"script":"<script> [1562 bytes]","args":[{"selector":{"id":"application-managesites-display-component---NewSite--addressDetailDetailsLanguage","interaction":{"idSuffix":"inner"}},"wdio_ui5_key":"applicationmanagesites-display-component---NewSite--addressDetailDetailsLanguage"}]}
RESULT: {"script":"<script> [1562 bytes]","args":[{"selector":{"id":"application-managesites-display-component---NewSite--addressDetailDetailsLanguage","interaction":{"idSuffix":"inner"}},"wdio_ui5_key":"applicationmanagesites-display-component---NewSite--addressDetailDetailsLanguage"}]}
RESULT: undefined
COMMAND: POST /session/0c2956f598ca806f9665356f353b70f0/execute/async - {"script":"<script> [776 bytes]","args":[{"enterText":"Romanian","selector":{"id":"application-managesites-display-component---NewSite--addressDetailDetailsLanguage","interaction":{"idSuffix":"inner"}},"clearTextFirst":true,"interactionType":"ENTER_TEXT"}]}
RESULT: {"script":"<script> [776 bytes]","args":[{"enterText":"Romanian","selector":{"id":"application-managesites-display-component---NewSite--addressDetailDetailsLanguage","interaction":{"idSuffix":"inner"}},"clearTextFirst":true,"interactionType":"ENTER_TEXT"}]}
COMMAND: POST /session/0c2956f598ca806f9665356f353b70f0/execute/async - {"script":"<script> [1562 bytes]","args":[{"selector":{"id":"application-managesites-display-component---NewSite--addressDetailDetailsCity1","interaction":{"idSuffix":"inner"}},"wdio_ui5_key":"applicationmanagesites-display-component---NewSite--addressDetailDetailsCity1"}]}
RESULT: {"script":"<script> [1562 bytes]","args":[{"selector":{"id":"application-managesites-display-component---NewSite--addressDetailDetailsCity1","interaction":{"idSuffix":"inner"}},"wdio_ui5_key":"applicationmanagesites-display-component---NewSite--addressDetailDetailsCity1"}]}
RESULT: undefined
COMMAND: POST /session/0c2956f598ca806f9665356f353b70f0/execute/async - {"script":"<script> [776 bytes]","args":[{"enterText":"Bucharest","selector":{"id":"application-managesites-display-component---NewSite--addressDetailDetailsCity1","interaction":{"idSuffix":"inner"}},"clearTextFirst":true,"interactionType":"ENTER_TEXT"}]}
RESULT: {"script":"<script> [776 bytes]","args":[{"enterText":"Bucharest","selector":{"id":"application-managesites-display-component---NewSite--addressDetailDetailsCity1","interaction":{"idSuffix":"inner"}},"clearTextFirst":true,"interactionType":"ENTER_TEXT"}]}
COMMAND: POST /session/0c2956f598ca806f9665356f353b70f0/execute/async - {"script":"<script> [1562 bytes]","args":[{"selector":{"id":"application-managesites-display-component---NewSite--addressDetailDetailsCountry","interaction":{"idSuffix":"inner"}},"wdio_ui5_key":"applicationmanagesites-display-component---NewSite--addressDetailDetailsCountry"}]}
RESULT: {"script":"<script> [1562 bytes]","args":[{"selector":{"id":"application-managesites-display-component---NewSite--addressDetailDetailsCountry","interaction":{"idSuffix":"inner"}},"wdio_ui5_key":"applicationmanagesites-display-component---NewSite--addressDetailDetailsCountry"}]}
RESULT: undefined
COMMAND: POST /session/0c2956f598ca806f9665356f353b70f0/execute/async - {"script":"<script> [776 bytes]","args":[{"enterText":"Romania","selector":{"id":"application-managesites-display-component---NewSite--addressDetailDetailsCountry","interaction":{"idSuffix":"inner"}},"clearTextFirst":true,"interactionType":"ENTER_TEXT"}]}
RESULT: {"script":"<script> [776 bytes]","args":[{"enterText":"Romania","selector":{"id":"application-managesites-display-component---NewSite--addressDetailDetailsCountry","interaction":{"idSuffix":"inner"}},"clearTextFirst":true,"interactionType":"ENTER_TEXT"}]}
COMMAND: POST /session/0c2956f598ca806f9665356f353b70f0/element - {"using":"css selector","value":"#application-managesites-display-component---NewSite--addressDetailDetailsCalendar-inner"}
RESULT: {"using":"css selector","value":"#application-managesites-display-component---NewSite--addressDetailDetailsCalendar-inner"}
COMMAND: POST /session/0c2956f598ca806f9665356f353b70f0/element/f.20C66F91A75546181850ABA8914744C8.d.B3375B1D6D0651CABDC8FFCF51130027.e.2135/clear - {}
RESULT: {}
COMMAND: POST /session/0c2956f598ca806f9665356f353b70f0/element/f.20C66F91A75546181850ABA8914744C8.d.B3375B1D6D0651CABDC8FFCF51130027.e.2135/value - {"text":"Germany"}
COMMAND: GET /session/0c2956f598ca806f9665356f353b70f0/screenshot - {}
RESULT: {"text":"Germany"}
COMMAND: POST /session/0c2956f598ca806f9665356f353b70f0/execute/async - {"script":"<script> [1562 bytes]","args":[{"selector":{"id":"application-managesites-display-component---NewSite--addressEditDetailsCostObjectCstType-arrow"},"wdio_ui5_key":"applicationmanagesites-display-component---NewSite--addressEditDetailsCostObjectCstType-arrow"}]}
COMMAND: GET /session/0c2956f598ca806f9665356f353b70f0/screenshot - {}
RESULT: {}
RESULT: {}
RESULT: {"script":"<script> [1562 bytes]","args":[{"selector":{"id":"application-managesites-display-component---NewSite--addressEditDetailsCostObjectCstType-arrow"},"wdio_ui5_key":"applicationmanagesites-display-component---NewSite--addressEditDetailsCostObjectCstType-arrow"}]}
RESULT: undefined
COMMAND: POST /session/0c2956f598ca806f9665356f353b70f0/element - {"using":"xpath","value":"//*[@id=\"application-managesites-display-component---NewSite--addressEditDetailsCostObjectCstType-arrow\"]"}
RESULT: {"using":"xpath","value":"//*[@id=\"application-managesites-display-component---NewSite--addressEditDetailsCostObjectCstType-arrow\"]"}
COMMAND: POST /session/0c2956f598ca806f9665356f353b70f0/element/f.20C66F91A75546181850ABA8914744C8.d.B3375B1D6D0651CABDC8FFCF51130027.e.2308/click - {}
RESULT: {}
COMMAND: POST /session/0c2956f598ca806f9665356f353b70f0/element - {"using":"xpath","value":"//span[contains(text(), \"Work Breakdown Structure\")]"}
COMMAND: GET /session/0c2956f598ca806f9665356f353b70f0/screenshot - {}
RESULT: {"using":"xpath","value":"//span[contains(text(), \"Work Breakdown Structure\")]"}
COMMAND: POST /session/0c2956f598ca806f9665356f353b70f0/element/f.20C66F91A75546181850ABA8914744C8.d.B3375B1D6D0651CABDC8FFCF51130027.e.2309/click - {}
RESULT: {}
RESULT: {}
COMMAND: GET /session/0c2956f598ca806f9665356f353b70f0/screenshot - {}
RESULT: {}
COMMAND: POST /session/0c2956f598ca806f9665356f353b70f0/execute/async - {"script":"<script> [1562 bytes]","args":[{"selector":{"id":"application-managesites-display-component---NewSite--addressNewCostObjectCstID-vhi"},"wdio_ui5_key":"applicationmanagesites-display-component---NewSite--addressNewCostObjectCstID-vhi"}]}
RESULT: {"script":"<script> [1562 bytes]","args":[{"selector":{"id":"application-managesites-display-component---NewSite--addressNewCostObjectCstID-vhi"},"wdio_ui5_key":"applicationmanagesites-display-component---NewSite--addressNewCostObjectCstID-vhi"}]}
RESULT: undefined
COMMAND: POST /session/0c2956f598ca806f9665356f353b70f0/element - {"using":"xpath","value":"//*[@id=\"application-managesites-display-component---NewSite--addressNewCostObjectCstID-vhi\"]"}
RESULT: {"using":"xpath","value":"//*[@id=\"application-managesites-display-component---NewSite--addressNewCostObjectCstID-vhi\"]"}
COMMAND: POST /session/0c2956f598ca806f9665356f353b70f0/element/f.20C66F91A75546181850ABA8914744C8.d.B3375B1D6D0651CABDC8FFCF51130027.e.2312/click - {}
RESULT: {}
COMMAND: GET /session/0c2956f598ca806f9665356f353b70f0/screenshot - {}
RESULT: {}
COMMAND: POST /session/0c2956f598ca806f9665356f353b70f0/execute/async - {"script":"<script> [1562 bytes]","args":[{"selector":{"controlType":"sap.m.SearchField","properties":{"placeholder":"Search"},"searchOpenDialogs":true,"interaction":{"idSuffix":"I"}},"wdio_ui5_key":"sapm.SearchField{\"placeholder\":\"Search\"}"}]}
RESULT: {"script":"<script> [1562 bytes]","args":[{"selector":{"controlType":"sap.m.SearchField","properties":{"placeholder":"Search"},"searchOpenDialogs":true,"interaction":{"idSuffix":"I"}},"wdio_ui5_key":"sapm.SearchField{\"placeholder\":\"Search\"}"}]}
RESULT: undefined
COMMAND: POST /session/0c2956f598ca806f9665356f353b70f0/execute/async - {"script":"<script> [776 bytes]","args":[{"enterText":"A1-000100-01","selector":{"controlType":"sap.m.SearchField","properties":{"placeholder":"Search"},"searchOpenDialogs":true,"interaction":{"idSuffix":"I"}},"clearTextFirst":true,"interactionType":"ENTER_TEXT"}]}
RESULT: {"script":"<script> [776 bytes]","args":[{"enterText":"A1-000100-01","selector":{"controlType":"sap.m.SearchField","properties":{"placeholder":"Search"},"searchOpenDialogs":true,"interaction":{"idSuffix":"I"}},"clearTextFirst":true,"interactionType":"ENTER_TEXT"}]}
COMMAND: POST /session/0c2956f598ca806f9665356f353b70f0/actions - {"actions":[{"id":"action3","type":"key","parameters":{},"actions":[{"type":"keyDown","value":""},{"type":"pause","duration":10},{"type":"keyUp","value":""}]}]}
RESULT: {"actions":[{"id":"action3","type":"key","parameters":{},"actions":[{"type":"keyDown","value":""},{"type":"pause","duration":10},{"type":"keyUp","value":""}]}]}
COMMAND: GET /session/0c2956f598ca806f9665356f353b70f0/screenshot - {}
RESULT: {}
COMMAND: POST /session/0c2956f598ca806f9665356f353b70f0/element - {"using":"xpath","value":"//span[contains(text(), \"Template for ETO-Process\")]"}
RESULT: {"using":"xpath","value":"//span[contains(text(), \"Template for ETO-Process\")]"}
COMMAND: POST /session/0c2956f598ca806f9665356f353b70f0/element/f.20C66F91A75546181850ABA8914744C8.d.B3375B1D6D0651CABDC8FFCF51130027.e.2333/click - {}
RESULT: {}
COMMAND: GET /session/0c2956f598ca806f9665356f353b70f0/screenshot - {}
RESULT: {}
COMMAND: POST /session/0c2956f598ca806f9665356f353b70f0/element - {"using":"xpath","value":"//bdi[contains(text(), \"OK\")]"}
RESULT: {"using":"xpath","value":"//bdi[contains(text(), \"OK\")]"}
COMMAND: POST /session/0c2956f598ca806f9665356f353b70f0/element/f.20C66F91A75546181850ABA8914744C8.d.B3375B1D6D0651CABDC8FFCF51130027.e.2334/click - {}
RESULT: {}
COMMAND: GET /session/0c2956f598ca806f9665356f353b70f0/screenshot - {}
RESULT: {}
COMMAND: POST /session/0c2956f598ca806f9665356f353b70f0/element - {"using":"xpath","value":"//input[@id=\"application-managesites-display-component---NewSite--addressDetailDetailsYard-inner\"]"}
RESULT: {"using":"xpath","value":"//input[@id=\"application-managesites-display-component---NewSite--addressDetailDetailsYard-inner\"]"}
COMMAND: POST /session/0c2956f598ca806f9665356f353b70f0/element/f.20C66F91A75546181850ABA8914744C8.d.B3375B1D6D0651CABDC8FFCF51130027.e.2136/value - {"text":"473"}
RESULT: {"text":"473"}
COMMAND: GET /session/0c2956f598ca806f9665356f353b70f0/screenshot - {}
RESULT: {}
COMMAND: POST /session/0c2956f598ca806f9665356f353b70f0/actions - {"actions":[{"id":"action4","type":"key","parameters":{},"actions":[{"type":"keyDown","value":""},{"type":"pause","duration":10},{"type":"keyUp","value":""}]}]}
RESULT: {"actions":[{"id":"action4","type":"key","parameters":{},"actions":[{"type":"keyDown","value":""},{"type":"pause","duration":10},{"type":"keyUp","value":""}]}]}
COMMAND: GET /session/0c2956f598ca806f9665356f353b70f0/screenshot - {}
RESULT: {}
COMMAND: POST /session/0c2956f598ca806f9665356f353b70f0/element - {"using":"xpath","value":"//input[@id=\"application-managesites-display-component---NewSite--addressDetailDetailsPartner-inner\"]"}
RESULT: {"using":"xpath","value":"//input[@id=\"application-managesites-display-component---NewSite--addressDetailDetailsPartner-inner\"]"}
COMMAND: POST /session/0c2956f598ca806f9665356f353b70f0/elements - {"using":"xpath","value":"//input[@id=\"application-managesites-display-component---NewSite--addressDetailDetailsPartner-inner\"]"}
RESULT: {"using":"xpath","value":"//input[@id=\"application-managesites-display-component---NewSite--addressDetailDetailsPartner-inner\"]"}
COMMAND: POST /session/0c2956f598ca806f9665356f353b70f0/execute/async - {"script":"<script> [1562 bytes]","args":[{"selector":{"controlType":"sap.m.Button","viewName":"etm.portal.ui.managesites.view.NewSmartSite","viewId":"application-managesites-display-component---NewSite","properties":{"text":"Commercial"},"interaction":{"idSuffix":"BDI-content"}},"wdio_ui5_key":"etmportal.ui.managesites.view.NewSmartSitesap.m.Button{\"text\":\"Commercial\"}"}]}
RESULT: {"script":"<script> [1562 bytes]","args":[{"selector":{"controlType":"sap.m.Button","viewName":"etm.portal.ui.managesites.view.NewSmartSite","viewId":"application-managesites-display-component---NewSite","properties":{"text":"Commercial"},"interaction":{"idSuffix":"BDI-content"}},"wdio_ui5_key":"etmportal.ui.managesites.view.NewSmartSitesap.m.Button{\"text\":\"Commercial\"}"}]}
RESULT: undefined
COMMAND: POST /session/0c2956f598ca806f9665356f353b70f0/element - {"using":"xpath","value":"//*[@id=\"application-managesites-display-component---NewSite--ObjectPageLayout-anchBar-__section31-anchor\"]"}
RESULT: {"using":"xpath","value":"//*[@id=\"application-managesites-display-component---NewSite--ObjectPageLayout-anchBar-__section31-anchor\"]"}
COMMAND: POST /session/0c2956f598ca806f9665356f353b70f0/element/f.20C66F91A75546181850ABA8914744C8.d.B3375B1D6D0651CABDC8FFCF51130027.e.2341/click - {}
RESULT: {}
COMMAND: POST /session/0c2956f598ca806f9665356f353b70f0/execute/async - {"script":"<script> [1562 bytes]","args":[{"selector":{"controlType":"sap.m.Button","viewName":"etm.portal.ui.managesites.view.NewSmartSite","viewId":"application-managesites-display-component---NewSite","i18NText":{"propertyName":"text","key":"save"},"interaction":{"idSuffix":"BDI-content"}},"wdio_ui5_key":"etmportal.ui.managesites.view.NewSmartSitesap.m.Button{\"propertyName\":\"text\",\"key\":\"save\"}"}]}
COMMAND: GET /session/0c2956f598ca806f9665356f353b70f0/screenshot - {}
RESULT: {"script":"<script> [1562 bytes]","args":[{"selector":{"controlType":"sap.m.Button","viewName":"etm.portal.ui.managesites.view.NewSmartSite","viewId":"application-managesites-display-component---NewSite","i18NText":{"propertyName":"text","key":"save"},"interaction":{"idSuffix":"BDI-content"}},"wdio_ui5_key":"etmportal.ui.managesites.view.NewSmartSitesap.m.Button{\"propertyName\":\"text\",\"key\":\"save\"}"}]}
RESULT: undefined
COMMAND: POST /session/0c2956f598ca806f9665356f353b70f0/element - {"using":"xpath","value":"//*[@id=\"__button64\"]"}
RESULT: {}
RESULT: {"using":"xpath","value":"//*[@id=\"__button64\"]"}
COMMAND: POST /session/0c2956f598ca806f9665356f353b70f0/element/f.20C66F91A75546181850ABA8914744C8.d.B3375B1D6D0651CABDC8FFCF51130027.e.2283/click - {}
RESULT: {}
COMMAND: GET /session/0c2956f598ca806f9665356f353b70f0/screenshot - {}
RESULT: {}
COMMAND: POST /session/0c2956f598ca806f9665356f353b70f0/execute/async - {"script":"<script> [1562 bytes]","args":[{"selector":{"id":"application-managesites-display-component---detailSite--addressDetailDetailsYardText"},"wdio_ui5_key":"applicationmanagesites-display-component---detailSite--addressDetailDetailsYardText"}]}
RESULT: {"script":"<script> [1562 bytes]","args":[{"selector":{"id":"application-managesites-display-component---detailSite--addressDetailDetailsYardText"},"wdio_ui5_key":"applicationmanagesites-display-component---detailSite--addressDetailDetailsYardText"}]}
RESULT: undefined
COMMAND: POST /session/0c2956f598ca806f9665356f353b70f0/element - {"using":"xpath","value":"//header/div/div[2]/div[2]/span"}
RESULT: {"using":"xpath","value":"//header/div/div[2]/div[2]/span"}
COMMAND: GET /session/0c2956f598ca806f9665356f353b70f0/element/f.20C66F91A75546181850ABA8914744C8.d.B3375B1D6D0651CABDC8FFCF51130027.e.2548/text - {}
RESULT: {}
COMMAND: POST /session/0c2956f598ca806f9665356f353b70f0/element - {"using":"xpath","value":"//header/div/div/div/div/div/div[2]/div/span"}
RESULT: {"using":"xpath","value":"//header/div/div/div/div/div/div[2]/div/span"}
COMMAND: GET /session/0c2956f598ca806f9665356f353b70f0/element/f.20C66F91A75546181850ABA8914744C8.d.B3375B1D6D0651CABDC8FFCF51130027.e.2549/text - {}
RESULT: {}
COMMAND: POST /session/0c2956f598ca806f9665356f353b70f0/element - {"using":"css selector","value":"#shell-header-logo"}
RESULT: {"using":"css selector","value":"#shell-header-logo"}
COMMAND: POST /session/0c2956f598ca806f9665356f353b70f0/element/f.20C66F91A75546181850ABA8914744C8.d.B3375B1D6D0651CABDC8FFCF51130027.e.1869/click - {}
RESULT: {}
COMMAND: GET /session/0c2956f598ca806f9665356f353b70f0/screenshot - {}
RESULT: {}
]]></system-out>
    </testcase>
    <testcase classname="chrome.135_0_7049_42.windows.Manage_Requests_Tags_Tests_US120163" name="Should Create New Request Tags" time="165.383">
      <system-out><![CDATA[
COMMAND: POST /session/0c2956f598ca806f9665356f353b70f0/execute/async - {"script":"<script> [1562 bytes]","args":[{"selector":{"controlType":"sap.m.GenericTile","properties":{"header":"Manage Requests"}},"wdio_ui5_key":"sapm.GenericTile{\"header\":\"Manage Requests\"}"}]}
RESULT: {"script":"<script> [1562 bytes]","args":[{"selector":{"controlType":"sap.m.GenericTile","properties":{"header":"Manage Requests"}},"wdio_ui5_key":"sapm.GenericTile{\"header\":\"Manage Requests\"}"}]}
RESULT: undefined
COMMAND: POST /session/0c2956f598ca806f9665356f353b70f0/element - {"using":"xpath","value":"//*[@id=\"__tile47\"]"}
RESULT: {"using":"xpath","value":"//*[@id=\"__tile47\"]"}
COMMAND: POST /session/0c2956f598ca806f9665356f353b70f0/element/f.20C66F91A75546181850ABA8914744C8.d.B3375B1D6D0651CABDC8FFCF51130027.e.2551/click - {}
RESULT: {}
COMMAND: GET /session/0c2956f598ca806f9665356f353b70f0/screenshot - {}
RESULT: {}
COMMAND: POST /session/0c2956f598ca806f9665356f353b70f0/execute/async - {"script":"<script> [1562 bytes]","args":[{"selector":{"controlType":"sap.ui.core.Icon","viewName":"etm.portal.ui.managerequests.view.Master","properties":{"src":{"regex":{"source":"add"}}}},"wdio_ui5_key":"etmportal.ui.managerequests.view.Mastersap.ui.core.Icon{\"src\":{\"regex\":{\"source\":\"add\"}}}"}]}
RESULT: {"script":"<script> [1562 bytes]","args":[{"selector":{"controlType":"sap.ui.core.Icon","viewName":"etm.portal.ui.managerequests.view.Master","properties":{"src":{"regex":{"source":"add"}}}},"wdio_ui5_key":"etmportal.ui.managerequests.view.Mastersap.ui.core.Icon{\"src\":{\"regex\":{\"source\":\"add\"}}}"}]}
RESULT: undefined
COMMAND: POST /session/0c2956f598ca806f9665356f353b70f0/element - {"using":"xpath","value":"//*[@id=\"__xmlview58--btnCreateNew-img\"]"}
RESULT: {"using":"xpath","value":"//*[@id=\"__xmlview58--btnCreateNew-img\"]"}
COMMAND: POST /session/0c2956f598ca806f9665356f353b70f0/element/f.20C66F91A75546181850ABA8914744C8.d.B3375B1D6D0651CABDC8FFCF51130027.e.2610/click - {}
RESULT: {}
COMMAND: GET /session/0c2956f598ca806f9665356f353b70f0/screenshot - {}
RESULT: {}
COMMAND: POST /session/0c2956f598ca806f9665356f353b70f0/element - {"using":"xpath","value":"//input[contains(@id ,\"yardId-inner\")]"}
RESULT: {"using":"xpath","value":"//input[contains(@id ,\"yardId-inner\")]"}
COMMAND: POST /session/0c2956f598ca806f9665356f353b70f0/elements - {"using":"xpath","value":"//input[contains(@id ,\"yardId-inner\")]"}
RESULT: {"using":"xpath","value":"//input[contains(@id ,\"yardId-inner\")]"}
COMMAND: POST /session/0c2956f598ca806f9665356f353b70f0/execute/sync - {"script":"<script> [8489 bytes]","args":[{"element-6066-11e4-a52e-4f735466cecf":"f.20C66F91A75546181850ABA8914744C8.d.B3375B1D6D0651CABDC8FFCF51130027.e.2840","ELEMENT":"f.20C66F91A75546181850ABA8914744C8.d.B3375B1D6D0651CABDC8FFCF51130027.e.2840"}]}
RESULT: {"script":"<script> [8489 bytes]","args":[{"element-6066-11e4-a52e-4f735466cecf":"f.20C66F91A75546181850ABA8914744C8.d.B3375B1D6D0651CABDC8FFCF51130027.e.2840","ELEMENT":"f.20C66F91A75546181850ABA8914744C8.d.B3375B1D6D0651CABDC8FFCF51130027.e.2840"}]}
COMMAND: GET /session/0c2956f598ca806f9665356f353b70f0/element/f.20C66F91A75546181850ABA8914744C8.d.B3375B1D6D0651CABDC8FFCF51130027.e.2840/enabled - {}
COMMAND: GET /session/0c2956f598ca806f9665356f353b70f0/screenshot - {}
RESULT: {}
COMMAND: POST /session/0c2956f598ca806f9665356f353b70f0/execute/sync - {"script":"<script> [8489 bytes]","args":[{"element-6066-11e4-a52e-4f735466cecf":"f.20C66F91A75546181850ABA8914744C8.d.B3375B1D6D0651CABDC8FFCF51130027.e.2840","ELEMENT":"f.20C66F91A75546181850ABA8914744C8.d.B3375B1D6D0651CABDC8FFCF51130027.e.2840"}]}
COMMAND: GET /session/0c2956f598ca806f9665356f353b70f0/screenshot - {}
RESULT: {}
RESULT: {"script":"<script> [8489 bytes]","args":[{"element-6066-11e4-a52e-4f735466cecf":"f.20C66F91A75546181850ABA8914744C8.d.B3375B1D6D0651CABDC8FFCF51130027.e.2840","ELEMENT":"f.20C66F91A75546181850ABA8914744C8.d.B3375B1D6D0651CABDC8FFCF51130027.e.2840"}]}
COMMAND: POST /session/0c2956f598ca806f9665356f353b70f0/execute/sync - {"script":"<script> [5351 bytes]","args":[{"element-6066-11e4-a52e-4f735466cecf":"f.20C66F91A75546181850ABA8914744C8.d.B3375B1D6D0651CABDC8FFCF51130027.e.2840","ELEMENT":"f.20C66F91A75546181850ABA8914744C8.d.B3375B1D6D0651CABDC8FFCF51130027.e.2840"}]}
COMMAND: GET /session/0c2956f598ca806f9665356f353b70f0/screenshot - {}
RESULT: {}
RESULT: {"script":"<script> [5351 bytes]","args":[{"element-6066-11e4-a52e-4f735466cecf":"f.20C66F91A75546181850ABA8914744C8.d.B3375B1D6D0651CABDC8FFCF51130027.e.2840","ELEMENT":"f.20C66F91A75546181850ABA8914744C8.d.B3375B1D6D0651CABDC8FFCF51130027.e.2840"}]}
COMMAND: POST /session/0c2956f598ca806f9665356f353b70f0/element - {"using":"xpath","value":"//input[contains(@id ,\"yardId-inner\")]"}
COMMAND: GET /session/0c2956f598ca806f9665356f353b70f0/screenshot - {}
RESULT: {}
RESULT: {"using":"xpath","value":"//input[contains(@id ,\"yardId-inner\")]"}
COMMAND: POST /session/0c2956f598ca806f9665356f353b70f0/element/f.20C66F91A75546181850ABA8914744C8.d.B3375B1D6D0651CABDC8FFCF51130027.e.2840/value - {"text":"WebdriverYardi7zud"}
RESULT: {}
RESULT: {"text":"WebdriverYardi7zud"}
COMMAND: GET /session/0c2956f598ca806f9665356f353b70f0/screenshot - {}
RESULT: {}
COMMAND: POST /session/0c2956f598ca806f9665356f353b70f0/actions - {"actions":[{"id":"action5","type":"key","parameters":{},"actions":[{"type":"keyDown","value":""},{"type":"pause","duration":10},{"type":"keyUp","value":""}]}]}
RESULT: {"actions":[{"id":"action5","type":"key","parameters":{},"actions":[{"type":"keyDown","value":""},{"type":"pause","duration":10},{"type":"keyUp","value":""}]}]}
COMMAND: GET /session/0c2956f598ca806f9665356f353b70f0/screenshot - {}
RESULT: {}
COMMAND: POST /session/0c2956f598ca806f9665356f353b70f0/element - {"using":"xpath","value":"//input[contains(@id ,\"customerNumber-inner\")]"}
RESULT: {"using":"xpath","value":"//input[contains(@id ,\"customerNumber-inner\")]"}
COMMAND: POST /session/0c2956f598ca806f9665356f353b70f0/element/f.20C66F91A75546181850ABA8914744C8.d.B3375B1D6D0651CABDC8FFCF51130027.e.2834/value - {"text":"WebdriverPartner4gxjz"}
RESULT: {"text":"WebdriverPartner4gxjz"}
COMMAND: GET /session/0c2956f598ca806f9665356f353b70f0/screenshot - {}
RESULT: {}
COMMAND: POST /session/0c2956f598ca806f9665356f353b70f0/actions - {"actions":[{"id":"action6","type":"key","parameters":{},"actions":[{"type":"keyDown","value":""},{"type":"pause","duration":10},{"type":"keyUp","value":""}]}]}
RESULT: {"actions":[{"id":"action6","type":"key","parameters":{},"actions":[{"type":"keyDown","value":""},{"type":"pause","duration":10},{"type":"keyUp","value":""}]}]}
COMMAND: GET /session/0c2956f598ca806f9665356f353b70f0/screenshot - {}
RESULT: {}
COMMAND: POST /session/0c2956f598ca806f9665356f353b70f0/element - {"using":"xpath","value":"//input[contains(@id ,\"requestSiteId-inner\")]"}
RESULT: {"using":"xpath","value":"//input[contains(@id ,\"requestSiteId-inner\")]"}
COMMAND: POST /session/0c2956f598ca806f9665356f353b70f0/element/f.20C66F91A75546181850ABA8914744C8.d.B3375B1D6D0651CABDC8FFCF51130027.e.2833/value - {"text":"WebdriverSite5136l"}
RESULT: {"text":"WebdriverSite5136l"}
COMMAND: GET /session/0c2956f598ca806f9665356f353b70f0/screenshot - {}
RESULT: {}
COMMAND: POST /session/0c2956f598ca806f9665356f353b70f0/execute/async - {"script":"<script> [1562 bytes]","args":[{"selector":{"controlType":"sap.m.Input","viewName":"etm.portal.ui.managerequests.view.NewRequest","bindingPath":{"path":"","propertyPath":"/DESCRIPTION","modelName":"oNewRequestModel"},"interaction":{"idSuffix":"inner"}},"wdio_ui5_key":"etmportal.ui.managerequests.view.NewRequestsap.m.Input{\"path\":\"\",\"propertyPath\":\"/DESCRIPTION\",\"modelName\":\"oNewRequestModel\"}"}]}
RESULT: {"script":"<script> [1562 bytes]","args":[{"selector":{"controlType":"sap.m.Input","viewName":"etm.portal.ui.managerequests.view.NewRequest","bindingPath":{"path":"","propertyPath":"/DESCRIPTION","modelName":"oNewRequestModel"},"interaction":{"idSuffix":"inner"}},"wdio_ui5_key":"etmportal.ui.managerequests.view.NewRequestsap.m.Input{\"path\":\"\",\"propertyPath\":\"/DESCRIPTION\",\"modelName\":\"oNewRequestModel\"}"}]}
RESULT: undefined
COMMAND: POST /session/0c2956f598ca806f9665356f353b70f0/execute/async - {"script":"<script> [776 bytes]","args":[{"enterText":"Wdi5 Tags Test","selector":{"controlType":"sap.m.Input","viewName":"etm.portal.ui.managerequests.view.NewRequest","bindingPath":{"path":"","propertyPath":"/DESCRIPTION","modelName":"oNewRequestModel"},"interaction":{"idSuffix":"inner"}},"clearTextFirst":true,"interactionType":"ENTER_TEXT"}]}
RESULT: {"script":"<script> [776 bytes]","args":[{"enterText":"Wdi5 Tags Test","selector":{"controlType":"sap.m.Input","viewName":"etm.portal.ui.managerequests.view.NewRequest","bindingPath":{"path":"","propertyPath":"/DESCRIPTION","modelName":"oNewRequestModel"},"interaction":{"idSuffix":"inner"}},"clearTextFirst":true,"interactionType":"ENTER_TEXT"}]}
COMMAND: POST /session/0c2956f598ca806f9665356f353b70f0/execute/async - {"script":"<script> [1562 bytes]","args":[{"selector":{"id":"tagInputAdd","viewName":"etm.portal.ui.managerequests.view.NewRequest","interaction":{"idSuffix":"inner"}},"wdio_ui5_key":"tagInputAddetmportal.ui.managerequests.view.NewRequest"}]}
RESULT: {"script":"<script> [1562 bytes]","args":[{"selector":{"id":"tagInputAdd","viewName":"etm.portal.ui.managerequests.view.NewRequest","interaction":{"idSuffix":"inner"}},"wdio_ui5_key":"tagInputAddetmportal.ui.managerequests.view.NewRequest"}]}
RESULT: undefined
COMMAND: POST /session/0c2956f598ca806f9665356f353b70f0/execute/async - {"script":"<script> [776 bytes]","args":[{"enterText":"RefTag","selector":{"id":"tagInputAdd","viewName":"etm.portal.ui.managerequests.view.NewRequest","interaction":{"idSuffix":"inner"}},"clearTextFirst":true,"interactionType":"ENTER_TEXT"}]}
RESULT: {"script":"<script> [776 bytes]","args":[{"enterText":"RefTag","selector":{"id":"tagInputAdd","viewName":"etm.portal.ui.managerequests.view.NewRequest","interaction":{"idSuffix":"inner"}},"clearTextFirst":true,"interactionType":"ENTER_TEXT"}]}
COMMAND: POST /session/0c2956f598ca806f9665356f353b70f0/actions - {"actions":[{"id":"action7","type":"key","parameters":{},"actions":[{"type":"keyDown","value":""},{"type":"pause","duration":10},{"type":"keyUp","value":""}]}]}
RESULT: {"actions":[{"id":"action7","type":"key","parameters":{},"actions":[{"type":"keyDown","value":""},{"type":"pause","duration":10},{"type":"keyUp","value":""}]}]}
COMMAND: GET /session/0c2956f598ca806f9665356f353b70f0/screenshot - {}
RESULT: {}
RESULT: undefined
COMMAND: POST /session/0c2956f598ca806f9665356f353b70f0/execute/async - {"script":"<script> [776 bytes]","args":[{"enterText":"tag-header","selector":{"id":"tagInputAdd","viewName":"etm.portal.ui.managerequests.view.NewRequest","interaction":{"idSuffix":"inner"}},"clearTextFirst":true,"interactionType":"ENTER_TEXT"}]}
RESULT: {"script":"<script> [776 bytes]","args":[{"enterText":"tag-header","selector":{"id":"tagInputAdd","viewName":"etm.portal.ui.managerequests.view.NewRequest","interaction":{"idSuffix":"inner"}},"clearTextFirst":true,"interactionType":"ENTER_TEXT"}]}
COMMAND: POST /session/0c2956f598ca806f9665356f353b70f0/actions - {"actions":[{"id":"action8","type":"key","parameters":{},"actions":[{"type":"keyDown","value":""},{"type":"pause","duration":10},{"type":"keyUp","value":""}]}]}
RESULT: {"actions":[{"id":"action8","type":"key","parameters":{},"actions":[{"type":"keyDown","value":""},{"type":"pause","duration":10},{"type":"keyUp","value":""}]}]}
COMMAND: GET /session/0c2956f598ca806f9665356f353b70f0/screenshot - {}
RESULT: {}
RESULT: undefined
COMMAND: POST /session/0c2956f598ca806f9665356f353b70f0/execute/async - {"script":"<script> [776 bytes]","args":[{"enterText":"tag-duplicate","selector":{"id":"tagInputAdd","viewName":"etm.portal.ui.managerequests.view.NewRequest","interaction":{"idSuffix":"inner"}},"clearTextFirst":true,"interactionType":"ENTER_TEXT"}]}
RESULT: {"script":"<script> [776 bytes]","args":[{"enterText":"tag-duplicate","selector":{"id":"tagInputAdd","viewName":"etm.portal.ui.managerequests.view.NewRequest","interaction":{"idSuffix":"inner"}},"clearTextFirst":true,"interactionType":"ENTER_TEXT"}]}
COMMAND: POST /session/0c2956f598ca806f9665356f353b70f0/actions - {"actions":[{"id":"action9","type":"key","parameters":{},"actions":[{"type":"keyDown","value":""},{"type":"pause","duration":10},{"type":"keyUp","value":""}]}]}
RESULT: {"actions":[{"id":"action9","type":"key","parameters":{},"actions":[{"type":"keyDown","value":""},{"type":"pause","duration":10},{"type":"keyUp","value":""}]}]}
COMMAND: GET /session/0c2956f598ca806f9665356f353b70f0/screenshot - {}
RESULT: {}
COMMAND: POST /session/0c2956f598ca806f9665356f353b70f0/execute/async - {"script":"<script> [1562 bytes]","args":[{"selector":{"id":"tagsLayoutAdd","viewName":"etm.portal.ui.managerequests.view.NewRequest"},"wdio_ui5_key":"tagsLayoutAddetmportal.ui.managerequests.view.NewRequest"}]}
RESULT: {"script":"<script> [1562 bytes]","args":[{"selector":{"id":"tagsLayoutAdd","viewName":"etm.portal.ui.managerequests.view.NewRequest"},"wdio_ui5_key":"tagsLayoutAddetmportal.ui.managerequests.view.NewRequest"}]}
RESULT: undefined
COMMAND: POST /session/0c2956f598ca806f9665356f353b70f0/execute/async - {"script":"<script> [6424 bytes]","args":[{"element-6066-11e4-a52e-4f735466cecf":"f.20C66F91A75546181850ABA8914744C8.d.B3375B1D6D0651CABDC8FFCF51130027.e.2968"},"getTokens",[]]}
RESULT: {"script":"<script> [6424 bytes]","args":[{"element-6066-11e4-a52e-4f735466cecf":"f.20C66F91A75546181850ABA8914744C8.d.B3375B1D6D0651CABDC8FFCF51130027.e.2968"},"getTokens",[]]}
COMMAND: POST /session/0c2956f598ca806f9665356f353b70f0/execute/async - {"script":"<script> [1562 bytes]","args":[{"wdio_ui5_key":"__token9","selector":{"id":"__token9"}}]}
COMMAND: POST /session/0c2956f598ca806f9665356f353b70f0/execute/async - {"script":"<script> [1562 bytes]","args":[{"wdio_ui5_key":"__token10","selector":{"id":"__token10"}}]}
COMMAND: POST /session/0c2956f598ca806f9665356f353b70f0/execute/async - {"script":"<script> [1562 bytes]","args":[{"wdio_ui5_key":"__token8","selector":{"id":"__token8"}}]}
RESULT: {"script":"<script> [1562 bytes]","args":[{"wdio_ui5_key":"__token9","selector":{"id":"__token9"}}]}
RESULT: undefined
RESULT: {"script":"<script> [1562 bytes]","args":[{"wdio_ui5_key":"__token10","selector":{"id":"__token10"}}]}
RESULT: undefined
RESULT: {"script":"<script> [1562 bytes]","args":[{"wdio_ui5_key":"__token8","selector":{"id":"__token8"}}]}
RESULT: undefined
COMMAND: POST /session/0c2956f598ca806f9665356f353b70f0/execute/async - {"script":"<script> [1562 bytes]","args":[{"selector":{"controlType":"sap.ui.core.Icon","viewName":"etm.portal.ui.managerequests.view.NewRequest","properties":{"src":{"regex":{"source":"decline"}}},"ancestor":{"controlType":"sap.m.Token","viewName":"etm.portal.ui.managerequests.view.NewRequest","properties":{"text":"tag-duplicate"}}},"wdio_ui5_key":"etmportal.ui.managerequests.view.NewRequestsap.ui.core.Icon{\"src\":{\"regex\":{\"source\":\"decline\"}}}{\"controlType\":\"sap.m.Token\",\"viewName\":\"etm.portal.ui.managerequests.view.NewRequest\",\"properties\":{\"text\":\"tag-duplicate\"}}"}]}
RESULT: {"script":"<script> [1562 bytes]","args":[{"selector":{"controlType":"sap.ui.core.Icon","viewName":"etm.portal.ui.managerequests.view.NewRequest","properties":{"src":{"regex":{"source":"decline"}}},"ancestor":{"controlType":"sap.m.Token","viewName":"etm.portal.ui.managerequests.view.NewRequest","properties":{"text":"tag-duplicate"}}},"wdio_ui5_key":"etmportal.ui.managerequests.view.NewRequestsap.ui.core.Icon{\"src\":{\"regex\":{\"source\":\"decline\"}}}{\"controlType\":\"sap.m.Token\",\"viewName\":\"etm.portal.ui.managerequests.view.NewRequest\",\"properties\":{\"text\":\"tag-duplicate\"}}"}]}
RESULT: undefined
COMMAND: POST /session/0c2956f598ca806f9665356f353b70f0/element - {"using":"xpath","value":"//*[@id=\"__token10-icon\"]"}
RESULT: {"using":"xpath","value":"//*[@id=\"__token10-icon\"]"}
COMMAND: POST /session/0c2956f598ca806f9665356f353b70f0/element/f.20C66F91A75546181850ABA8914744C8.d.B3375B1D6D0651CABDC8FFCF51130027.e.2997/click - {}
RESULT: {}
COMMAND: POST /session/0c2956f598ca806f9665356f353b70f0/execute/async - {"script":"<script> [1562 bytes]","args":[{"selector":{"controlType":"sap.ui.core.Icon","viewName":"etm.portal.ui.managerequests.view.NewRequest","properties":{"src":{"regex":{"source":"decline"}}},"ancestor":{"controlType":"sap.m.Token","viewName":"etm.portal.ui.managerequests.view.NewRequest","properties":{"text":"tag1"}}},"wdio_ui5_key":"etmportal.ui.managerequests.view.NewRequestsap.ui.core.Icon{\"src\":{\"regex\":{\"source\":\"decline\"}}}{\"controlType\":\"sap.m.Token\",\"viewName\":\"etm.portal.ui.managerequests.view.NewRequest\",\"properties\":{\"text\":\"tag1\"}}"}]}
COMMAND: GET /session/0c2956f598ca806f9665356f353b70f0/screenshot - {}
RESULT: {"script":"<script> [1562 bytes]","args":[{"selector":{"controlType":"sap.ui.core.Icon","viewName":"etm.portal.ui.managerequests.view.NewRequest","properties":{"src":{"regex":{"source":"decline"}}},"ancestor":{"controlType":"sap.m.Token","viewName":"etm.portal.ui.managerequests.view.NewRequest","properties":{"text":"tag1"}}},"wdio_ui5_key":"etmportal.ui.managerequests.view.NewRequestsap.ui.core.Icon{\"src\":{\"regex\":{\"source\":\"decline\"}}}{\"controlType\":\"sap.m.Token\",\"viewName\":\"etm.portal.ui.managerequests.view.NewRequest\",\"properties\":{\"text\":\"tag1\"}}"}]}
RESULT: undefined
RESULT: {}
COMMAND: POST /session/0c2956f598ca806f9665356f353b70f0/actions - {"actions":[{"id":"action10","type":"key","parameters":{},"actions":[{"type":"keyDown","value":""},{"type":"pause","duration":10},{"type":"keyUp","value":""}]}]}
RESULT: {"actions":[{"id":"action10","type":"key","parameters":{},"actions":[{"type":"keyDown","value":""},{"type":"pause","duration":10},{"type":"keyUp","value":""}]}]}
COMMAND: GET /session/0c2956f598ca806f9665356f353b70f0/screenshot - {}
RESULT: {}
RESULT: undefined
COMMAND: POST /session/0c2956f598ca806f9665356f353b70f0/execute/async - {"script":"<script> [6424 bytes]","args":[{"element-6066-11e4-a52e-4f735466cecf":"f.20C66F91A75546181850ABA8914744C8.d.B3375B1D6D0651CABDC8FFCF51130027.e.2968"},"getTokens",[]]}
RESULT: {"script":"<script> [6424 bytes]","args":[{"element-6066-11e4-a52e-4f735466cecf":"f.20C66F91A75546181850ABA8914744C8.d.B3375B1D6D0651CABDC8FFCF51130027.e.2968"},"getTokens",[]]}
RESULT: undefined
RESULT: undefined
COMMAND: POST /session/0c2956f598ca806f9665356f353b70f0/execute/async - {"script":"<script> [1562 bytes]","args":[{"selector":{"controlType":"sap.m.Button","viewName":"etm.portal.ui.managerequests.view.NewRequest","properties":{"text":"Items"},"interaction":{"idSuffix":"BDI-content"}},"wdio_ui5_key":"etmportal.ui.managerequests.view.NewRequestsap.m.Button{\"text\":\"Items\"}"}]}
RESULT: {"script":"<script> [1562 bytes]","args":[{"selector":{"controlType":"sap.m.Button","viewName":"etm.portal.ui.managerequests.view.NewRequest","properties":{"text":"Items"},"interaction":{"idSuffix":"BDI-content"}},"wdio_ui5_key":"etmportal.ui.managerequests.view.NewRequestsap.m.Button{\"text\":\"Items\"}"}]}
RESULT: undefined
COMMAND: POST /session/0c2956f598ca806f9665356f353b70f0/element - {"using":"xpath","value":"//*[@id=\"__xmlview59--newRequestPage-anchBar-__xmlview59--requestItemsSection-anchor\"]"}
RESULT: {"using":"xpath","value":"//*[@id=\"__xmlview59--newRequestPage-anchBar-__xmlview59--requestItemsSection-anchor\"]"}
COMMAND: POST /session/0c2956f598ca806f9665356f353b70f0/element/f.20C66F91A75546181850ABA8914744C8.d.B3375B1D6D0651CABDC8FFCF51130027.e.3006/click - {}
RESULT: {}
COMMAND: GET /session/0c2956f598ca806f9665356f353b70f0/screenshot - {}
RESULT: {}
COMMAND: POST /session/0c2956f598ca806f9665356f353b70f0/execute/async - {"script":"<script> [1562 bytes]","args":[{"selector":{"controlType":"sap.ui.core.Icon","viewName":"etm.portal.ui.managerequests.view.NewRequest","properties":{"src":{"regex":{"source":"inspect"}}}},"wdio_ui5_key":"etmportal.ui.managerequests.view.NewRequestsap.ui.core.Icon{\"src\":{\"regex\":{\"source\":\"inspect\"}}}"}]}
RESULT: {"script":"<script> [1562 bytes]","args":[{"selector":{"controlType":"sap.ui.core.Icon","viewName":"etm.portal.ui.managerequests.view.NewRequest","properties":{"src":{"regex":{"source":"inspect"}}}},"wdio_ui5_key":"etmportal.ui.managerequests.view.NewRequestsap.ui.core.Icon{\"src\":{\"regex\":{\"source\":\"inspect\"}}}"}]}
RESULT: undefined
COMMAND: POST /session/0c2956f598ca806f9665356f353b70f0/element - {"using":"xpath","value":"//*[@id=\"__button114-img\"]"}
RESULT: {"using":"xpath","value":"//*[@id=\"__button114-img\"]"}
COMMAND: POST /session/0c2956f598ca806f9665356f353b70f0/element/f.20C66F91A75546181850ABA8914744C8.d.B3375B1D6D0651CABDC8FFCF51130027.e.3011/click - {}
RESULT: {}
COMMAND: GET /session/0c2956f598ca806f9665356f353b70f0/screenshot - {}
RESULT: {}
COMMAND: POST /session/0c2956f598ca806f9665356f353b70f0/execute/async - {"script":"<script> [1562 bytes]","args":[{"selector":{"controlType":"sap.ui.core.Icon","viewName":"etm.portal.ui.managerequests.view.NewRequest","properties":{"src":{"regex":{"source":"add"}}}},"wdio_ui5_key":"etmportal.ui.managerequests.view.NewRequestsap.ui.core.Icon{\"src\":{\"regex\":{\"source\":\"add\"}}}"}]}
RESULT: {"script":"<script> [1562 bytes]","args":[{"selector":{"controlType":"sap.ui.core.Icon","viewName":"etm.portal.ui.managerequests.view.NewRequest","properties":{"src":{"regex":{"source":"add"}}}},"wdio_ui5_key":"etmportal.ui.managerequests.view.NewRequestsap.ui.core.Icon{\"src\":{\"regex\":{\"source\":\"add\"}}}"}]}
RESULT: undefined
COMMAND: POST /session/0c2956f598ca806f9665356f353b70f0/element - {"using":"xpath","value":"//*[@id=\"__xmlview59--btnAddTableRow-img\"]"}
RESULT: {"using":"xpath","value":"//*[@id=\"__xmlview59--btnAddTableRow-img\"]"}
COMMAND: POST /session/0c2956f598ca806f9665356f353b70f0/element/f.20C66F91A75546181850ABA8914744C8.d.B3375B1D6D0651CABDC8FFCF51130027.e.2814/click - {}
RESULT: {}
COMMAND: GET /session/0c2956f598ca806f9665356f353b70f0/screenshot - {}
RESULT: {}
COMMAND: POST /session/0c2956f598ca806f9665356f353b70f0/execute/async - {"script":"<script> [1562 bytes]","args":[{"selector":{"controlType":"sap.ui.unified.MenuItem","viewName":"etm.portal.ui.managerequests.view.NewRequest","i18NText":{"propertyName":"text","key":"standardEntry"},"searchOpenDialogs":true,"interaction":{"idSuffix":"txt"}},"wdio_ui5_key":"etmportal.ui.managerequests.view.NewRequestsap.ui.unified.MenuItem{\"propertyName\":\"text\",\"key\":\"standardEntry\"}"}]}
RESULT: {"script":"<script> [1562 bytes]","args":[{"selector":{"controlType":"sap.ui.unified.MenuItem","viewName":"etm.portal.ui.managerequests.view.NewRequest","i18NText":{"propertyName":"text","key":"standardEntry"},"searchOpenDialogs":true,"interaction":{"idSuffix":"txt"}},"wdio_ui5_key":"etmportal.ui.managerequests.view.NewRequestsap.ui.unified.MenuItem{\"propertyName\":\"text\",\"key\":\"standardEntry\"}"}]}
RESULT: undefined
COMMAND: POST /session/0c2956f598ca806f9665356f353b70f0/element - {"using":"xpath","value":"//*[@id=\"__item1479\"]"}
RESULT: {"using":"xpath","value":"//*[@id=\"__item1479\"]"}
COMMAND: POST /session/0c2956f598ca806f9665356f353b70f0/element/f.20C66F91A75546181850ABA8914744C8.d.B3375B1D6D0651CABDC8FFCF51130027.e.3019/click - {}
RESULT: {}
COMMAND: GET /session/0c2956f598ca806f9665356f353b70f0/screenshot - {}
RESULT: {}
RESULT: undefined
COMMAND: POST /session/0c2956f598ca806f9665356f353b70f0/element - {"using":"xpath","value":"//*[@id=\"__xmlview59--btnAddTableRow-img\"]"}
RESULT: {"using":"xpath","value":"//*[@id=\"__xmlview59--btnAddTableRow-img\"]"}
COMMAND: POST /session/0c2956f598ca806f9665356f353b70f0/element/f.20C66F91A75546181850ABA8914744C8.d.B3375B1D6D0651CABDC8FFCF51130027.e.2814/click - {}
RESULT: {}
COMMAND: GET /session/0c2956f598ca806f9665356f353b70f0/screenshot - {}
RESULT: {}
RESULT: undefined
COMMAND: POST /session/0c2956f598ca806f9665356f353b70f0/element - {"using":"xpath","value":"//*[@id=\"__item1479\"]"}
RESULT: {"using":"xpath","value":"//*[@id=\"__item1479\"]"}
COMMAND: POST /session/0c2956f598ca806f9665356f353b70f0/element/f.20C66F91A75546181850ABA8914744C8.d.B3375B1D6D0651CABDC8FFCF51130027.e.3040/click - {}
RESULT: {}
COMMAND: GET /session/0c2956f598ca806f9665356f353b70f0/screenshot - {}
RESULT: {}
COMMAND: POST /session/0c2956f598ca806f9665356f353b70f0/element - {"using":"xpath","value":"(//input[contains(@id ,\"requestItemsTable-0-inner\")])[5]"}
RESULT: {"using":"xpath","value":"(//input[contains(@id ,\"requestItemsTable-0-inner\")])[5]"}
COMMAND: POST /session/0c2956f598ca806f9665356f353b70f0/element/f.20C66F91A75546181850ABA8914744C8.d.B3375B1D6D0651CABDC8FFCF51130027.e.3031/clear - {}
RESULT: {}
COMMAND: POST /session/0c2956f598ca806f9665356f353b70f0/element/f.20C66F91A75546181850ABA8914744C8.d.B3375B1D6D0651CABDC8FFCF51130027.e.3031/value - {"text":"1000001"}
COMMAND: GET /session/0c2956f598ca806f9665356f353b70f0/screenshot - {}
RESULT: {"text":"1000001"}
COMMAND: GET /session/0c2956f598ca806f9665356f353b70f0/screenshot - {}
RESULT: {}
RESULT: {}
COMMAND: POST /session/0c2956f598ca806f9665356f353b70f0/actions - {"actions":[{"id":"action11","type":"key","parameters":{},"actions":[{"type":"keyDown","value":""},{"type":"pause","duration":10},{"type":"keyUp","value":""}]}]}
RESULT: {"actions":[{"id":"action11","type":"key","parameters":{},"actions":[{"type":"keyDown","value":""},{"type":"pause","duration":10},{"type":"keyUp","value":""}]}]}
COMMAND: POST /session/0c2956f598ca806f9665356f353b70f0/element - {"using":"xpath","value":"(//input[contains(@id ,\"requestItemsTable-1-inner\")])[5]"}
COMMAND: GET /session/0c2956f598ca806f9665356f353b70f0/screenshot - {}
RESULT: {"using":"xpath","value":"(//input[contains(@id ,\"requestItemsTable-1-inner\")])[5]"}
COMMAND: POST /session/0c2956f598ca806f9665356f353b70f0/element/f.20C66F91A75546181850ABA8914744C8.d.B3375B1D6D0651CABDC8FFCF51130027.e.3046/clear - {}
RESULT: {}
RESULT: {}
COMMAND: POST /session/0c2956f598ca806f9665356f353b70f0/element/f.20C66F91A75546181850ABA8914744C8.d.B3375B1D6D0651CABDC8FFCF51130027.e.3046/value - {"text":"1000002"}
COMMAND: GET /session/0c2956f598ca806f9665356f353b70f0/screenshot - {}
RESULT: {"text":"1000002"}
COMMAND: GET /session/0c2956f598ca806f9665356f353b70f0/screenshot - {}
RESULT: {}
RESULT: {}
COMMAND: POST /session/0c2956f598ca806f9665356f353b70f0/actions - {"actions":[{"id":"action12","type":"key","parameters":{},"actions":[{"type":"keyDown","value":""},{"type":"pause","duration":10},{"type":"keyUp","value":""}]}]}
RESULT: {"actions":[{"id":"action12","type":"key","parameters":{},"actions":[{"type":"keyDown","value":""},{"type":"pause","duration":10},{"type":"keyUp","value":""}]}]}
COMMAND: POST /session/0c2956f598ca806f9665356f353b70f0/execute/async - {"script":"<script> [1562 bytes]","args":[{"selector":{"controlType":"sap.m.Input","viewName":"etm.portal.ui.managerequests.view.NewRequest","bindingPath":{"path":"","propertyPath":"/Tags","modelName":"catalogModel"},"ancestor":{"controlType":"sap.m.ColumnListItem","viewName":"etm.portal.ui.managerequests.view.NewRequest","bindingPath":{"modelName":"newRequestItems","path":"/RequestItems/0"},"ancestor":{"id":"requestItemsTable","viewName":"etm.portal.ui.managerequests.view.NewRequest"}},"interaction":{"idSuffix":"inner"}},"wdio_ui5_key":"etmportal.ui.managerequests.view.NewRequestsap.m.Input{\"path\":\"\",\"propertyPath\":\"/Tags\",\"modelName\":\"catalogModel\"}{\"controlType\":\"sap.m.ColumnListItem\",\"viewName\":\"etm.portal.ui.managerequests.view.NewRequest\",\"bindingPath\":{\"modelName\":\"newRequestItems\",\"path\":\"/RequestItems/0\"},\"ancestor\":{\"id\":\"requestItemsTable\",\"viewName\":\"etm.portal.ui.managerequests.view.NewRequest\"}}"}]}
COMMAND: GET /session/0c2956f598ca806f9665356f353b70f0/screenshot - {}
RESULT: {"script":"<script> [1562 bytes]","args":[{"selector":{"controlType":"sap.m.Input","viewName":"etm.portal.ui.managerequests.view.NewRequest","bindingPath":{"path":"","propertyPath":"/Tags","modelName":"catalogModel"},"ancestor":{"controlType":"sap.m.ColumnListItem","viewName":"etm.portal.ui.managerequests.view.NewRequest","bindingPath":{"modelName":"newRequestItems","path":"/RequestItems/0"},"ancestor":{"id":"requestItemsTable","viewName":"etm.portal.ui.managerequests.view.NewRequest"}},"interaction":{"idSuffix":"inner"}},"wdio_ui5_key":"etmportal.ui.managerequests.view.NewRequestsap.m.Input{\"path\":\"\",\"propertyPath\":\"/Tags\",\"modelName\":\"catalogModel\"}{\"controlType\":\"sap.m.ColumnListItem\",\"viewName\":\"etm.portal.ui.managerequests.view.NewRequest\",\"bindingPath\":{\"modelName\":\"newRequestItems\",\"path\":\"/RequestItems/0\"},\"ancestor\":{\"id\":\"requestItemsTable\",\"viewName\":\"etm.portal.ui.managerequests.view.NewRequest\"}}"}]}
RESULT: undefined
COMMAND: POST /session/0c2956f598ca806f9665356f353b70f0/execute/async - {"script":"<script> [776 bytes]","args":[{"enterText":"tag1","selector":{"controlType":"sap.m.Input","viewName":"etm.portal.ui.managerequests.view.NewRequest","bindingPath":{"path":"","propertyPath":"/Tags","modelName":"catalogModel"},"ancestor":{"controlType":"sap.m.ColumnListItem","viewName":"etm.portal.ui.managerequests.view.NewRequest","bindingPath":{"modelName":"newRequestItems","path":"/RequestItems/0"},"ancestor":{"id":"requestItemsTable","viewName":"etm.portal.ui.managerequests.view.NewRequest"}},"interaction":{"idSuffix":"inner"}},"clearTextFirst":true,"interactionType":"ENTER_TEXT"}]}
RESULT: {}
RESULT: {"script":"<script> [776 bytes]","args":[{"enterText":"tag1","selector":{"controlType":"sap.m.Input","viewName":"etm.portal.ui.managerequests.view.NewRequest","bindingPath":{"path":"","propertyPath":"/Tags","modelName":"catalogModel"},"ancestor":{"controlType":"sap.m.ColumnListItem","viewName":"etm.portal.ui.managerequests.view.NewRequest","bindingPath":{"modelName":"newRequestItems","path":"/RequestItems/0"},"ancestor":{"id":"requestItemsTable","viewName":"etm.portal.ui.managerequests.view.NewRequest"}},"interaction":{"idSuffix":"inner"}},"clearTextFirst":true,"interactionType":"ENTER_TEXT"}]}
COMMAND: POST /session/0c2956f598ca806f9665356f353b70f0/actions - {"actions":[{"id":"action13","type":"key","parameters":{},"actions":[{"type":"keyDown","value":""},{"type":"pause","duration":10},{"type":"keyUp","value":""}]}]}
RESULT: {"actions":[{"id":"action13","type":"key","parameters":{},"actions":[{"type":"keyDown","value":""},{"type":"pause","duration":10},{"type":"keyUp","value":""}]}]}
RESULT: undefined
COMMAND: POST /session/0c2956f598ca806f9665356f353b70f0/execute/async - {"script":"<script> [776 bytes]","args":[{"enterText":"tag-duplicate","selector":{"controlType":"sap.m.Input","viewName":"etm.portal.ui.managerequests.view.NewRequest","bindingPath":{"path":"","propertyPath":"/Tags","modelName":"catalogModel"},"ancestor":{"controlType":"sap.m.ColumnListItem","viewName":"etm.portal.ui.managerequests.view.NewRequest","bindingPath":{"modelName":"newRequestItems","path":"/RequestItems/0"},"ancestor":{"id":"requestItemsTable","viewName":"etm.portal.ui.managerequests.view.NewRequest"}},"interaction":{"idSuffix":"inner"}},"clearTextFirst":true,"interactionType":"ENTER_TEXT"}]}
COMMAND: GET /session/0c2956f598ca806f9665356f353b70f0/screenshot - {}
RESULT: {"script":"<script> [776 bytes]","args":[{"enterText":"tag-duplicate","selector":{"controlType":"sap.m.Input","viewName":"etm.portal.ui.managerequests.view.NewRequest","bindingPath":{"path":"","propertyPath":"/Tags","modelName":"catalogModel"},"ancestor":{"controlType":"sap.m.ColumnListItem","viewName":"etm.portal.ui.managerequests.view.NewRequest","bindingPath":{"modelName":"newRequestItems","path":"/RequestItems/0"},"ancestor":{"id":"requestItemsTable","viewName":"etm.portal.ui.managerequests.view.NewRequest"}},"interaction":{"idSuffix":"inner"}},"clearTextFirst":true,"interactionType":"ENTER_TEXT"}]}
RESULT: {}
COMMAND: POST /session/0c2956f598ca806f9665356f353b70f0/actions - {"actions":[{"id":"action14","type":"key","parameters":{},"actions":[{"type":"keyDown","value":""},{"type":"pause","duration":10},{"type":"keyUp","value":""}]}]}
RESULT: {"actions":[{"id":"action14","type":"key","parameters":{},"actions":[{"type":"keyDown","value":""},{"type":"pause","duration":10},{"type":"keyUp","value":""}]}]}
COMMAND: GET /session/0c2956f598ca806f9665356f353b70f0/screenshot - {}
RESULT: {}
COMMAND: POST /session/0c2956f598ca806f9665356f353b70f0/execute/async - {"script":"<script> [1562 bytes]","args":[{"selector":{"controlType":"sap.m.Input","viewName":"etm.portal.ui.managerequests.view.NewRequest","bindingPath":{"path":"","propertyPath":"/Tags","modelName":"catalogModel"},"ancestor":{"controlType":"sap.m.ColumnListItem","viewName":"etm.portal.ui.managerequests.view.NewRequest","bindingPath":{"modelName":"newRequestItems","path":"/RequestItems/1"},"ancestor":{"id":"requestItemsTable","viewName":"etm.portal.ui.managerequests.view.NewRequest"}},"interaction":{"idSuffix":"inner"}},"wdio_ui5_key":"etmportal.ui.managerequests.view.NewRequestsap.m.Input{\"path\":\"\",\"propertyPath\":\"/Tags\",\"modelName\":\"catalogModel\"}{\"controlType\":\"sap.m.ColumnListItem\",\"viewName\":\"etm.portal.ui.managerequests.view.NewRequest\",\"bindingPath\":{\"modelName\":\"newRequestItems\",\"path\":\"/RequestItems/1\"},\"ancestor\":{\"id\":\"requestItemsTable\",\"viewName\":\"etm.portal.ui.managerequests.view.NewRequest\"}}"}]}
RESULT: {"script":"<script> [1562 bytes]","args":[{"selector":{"controlType":"sap.m.Input","viewName":"etm.portal.ui.managerequests.view.NewRequest","bindingPath":{"path":"","propertyPath":"/Tags","modelName":"catalogModel"},"ancestor":{"controlType":"sap.m.ColumnListItem","viewName":"etm.portal.ui.managerequests.view.NewRequest","bindingPath":{"modelName":"newRequestItems","path":"/RequestItems/1"},"ancestor":{"id":"requestItemsTable","viewName":"etm.portal.ui.managerequests.view.NewRequest"}},"interaction":{"idSuffix":"inner"}},"wdio_ui5_key":"etmportal.ui.managerequests.view.NewRequestsap.m.Input{\"path\":\"\",\"propertyPath\":\"/Tags\",\"modelName\":\"catalogModel\"}{\"controlType\":\"sap.m.ColumnListItem\",\"viewName\":\"etm.portal.ui.managerequests.view.NewRequest\",\"bindingPath\":{\"modelName\":\"newRequestItems\",\"path\":\"/RequestItems/1\"},\"ancestor\":{\"id\":\"requestItemsTable\",\"viewName\":\"etm.portal.ui.managerequests.view.NewRequest\"}}"}]}
RESULT: undefined
COMMAND: POST /session/0c2956f598ca806f9665356f353b70f0/execute/async - {"script":"<script> [776 bytes]","args":[{"enterText":"tag1","selector":{"controlType":"sap.m.Input","viewName":"etm.portal.ui.managerequests.view.NewRequest","bindingPath":{"path":"","propertyPath":"/Tags","modelName":"catalogModel"},"ancestor":{"controlType":"sap.m.ColumnListItem","viewName":"etm.portal.ui.managerequests.view.NewRequest","bindingPath":{"modelName":"newRequestItems","path":"/RequestItems/1"},"ancestor":{"id":"requestItemsTable","viewName":"etm.portal.ui.managerequests.view.NewRequest"}},"interaction":{"idSuffix":"inner"}},"clearTextFirst":true,"interactionType":"ENTER_TEXT"}]}
RESULT: {"script":"<script> [776 bytes]","args":[{"enterText":"tag1","selector":{"controlType":"sap.m.Input","viewName":"etm.portal.ui.managerequests.view.NewRequest","bindingPath":{"path":"","propertyPath":"/Tags","modelName":"catalogModel"},"ancestor":{"controlType":"sap.m.ColumnListItem","viewName":"etm.portal.ui.managerequests.view.NewRequest","bindingPath":{"modelName":"newRequestItems","path":"/RequestItems/1"},"ancestor":{"id":"requestItemsTable","viewName":"etm.portal.ui.managerequests.view.NewRequest"}},"interaction":{"idSuffix":"inner"}},"clearTextFirst":true,"interactionType":"ENTER_TEXT"}]}
COMMAND: POST /session/0c2956f598ca806f9665356f353b70f0/actions - {"actions":[{"id":"action15","type":"key","parameters":{},"actions":[{"type":"keyDown","value":""},{"type":"pause","duration":10},{"type":"keyUp","value":""}]}]}
RESULT: {"actions":[{"id":"action15","type":"key","parameters":{},"actions":[{"type":"keyDown","value":""},{"type":"pause","duration":10},{"type":"keyUp","value":""}]}]}
RESULT: undefined
COMMAND: POST /session/0c2956f598ca806f9665356f353b70f0/execute/async - {"script":"<script> [776 bytes]","args":[{"enterText":"tag-duplicate","selector":{"controlType":"sap.m.Input","viewName":"etm.portal.ui.managerequests.view.NewRequest","bindingPath":{"path":"","propertyPath":"/Tags","modelName":"catalogModel"},"ancestor":{"controlType":"sap.m.ColumnListItem","viewName":"etm.portal.ui.managerequests.view.NewRequest","bindingPath":{"modelName":"newRequestItems","path":"/RequestItems/1"},"ancestor":{"id":"requestItemsTable","viewName":"etm.portal.ui.managerequests.view.NewRequest"}},"interaction":{"idSuffix":"inner"}},"clearTextFirst":true,"interactionType":"ENTER_TEXT"}]}
COMMAND: GET /session/0c2956f598ca806f9665356f353b70f0/screenshot - {}
RESULT: {"script":"<script> [776 bytes]","args":[{"enterText":"tag-duplicate","selector":{"controlType":"sap.m.Input","viewName":"etm.portal.ui.managerequests.view.NewRequest","bindingPath":{"path":"","propertyPath":"/Tags","modelName":"catalogModel"},"ancestor":{"controlType":"sap.m.ColumnListItem","viewName":"etm.portal.ui.managerequests.view.NewRequest","bindingPath":{"modelName":"newRequestItems","path":"/RequestItems/1"},"ancestor":{"id":"requestItemsTable","viewName":"etm.portal.ui.managerequests.view.NewRequest"}},"interaction":{"idSuffix":"inner"}},"clearTextFirst":true,"interactionType":"ENTER_TEXT"}]}
RESULT: {}
COMMAND: POST /session/0c2956f598ca806f9665356f353b70f0/actions - {"actions":[{"id":"action16","type":"key","parameters":{},"actions":[{"type":"keyDown","value":""},{"type":"pause","duration":10},{"type":"keyUp","value":""}]}]}
RESULT: {"actions":[{"id":"action16","type":"key","parameters":{},"actions":[{"type":"keyDown","value":""},{"type":"pause","duration":10},{"type":"keyUp","value":""}]}]}
COMMAND: GET /session/0c2956f598ca806f9665356f353b70f0/screenshot - {}
RESULT: {}
COMMAND: POST /session/0c2956f598ca806f9665356f353b70f0/execute/async - {"script":"<script> [1562 bytes]","args":[{"selector":{"controlType":"sap.ui.core.Icon","viewName":"etm.portal.ui.managerequests.view.NewRequest","properties":{"src":{"regex":{"source":"slim\\-arrow\\-down"}}},"ancestor":{"controlType":"sap.m.Button","viewName":"etm.portal.ui.managerequests.view.NewRequest","properties":{"icon":"sap-icon://slim-arrow-down"}}},"wdio_ui5_key":"etmportal.ui.managerequests.view.NewRequestsap.ui.core.Icon{\"src\":{\"regex\":{\"source\":\"slim\\\\-arrow\\\\-down\"}}}{\"controlType\":\"sap.m.Button\",\"viewName\":\"etm.portal.ui.managerequests.view.NewRequest\",\"properties\":{\"icon\":\"sap-icon://slim-arrow-down\"}}"}]}
RESULT: {"script":"<script> [1562 bytes]","args":[{"selector":{"controlType":"sap.ui.core.Icon","viewName":"etm.portal.ui.managerequests.view.NewRequest","properties":{"src":{"regex":{"source":"slim\\-arrow\\-down"}}},"ancestor":{"controlType":"sap.m.Button","viewName":"etm.portal.ui.managerequests.view.NewRequest","properties":{"icon":"sap-icon://slim-arrow-down"}}},"wdio_ui5_key":"etmportal.ui.managerequests.view.NewRequestsap.ui.core.Icon{\"src\":{\"regex\":{\"source\":\"slim\\\\-arrow\\\\-down\"}}}{\"controlType\":\"sap.m.Button\",\"viewName\":\"etm.portal.ui.managerequests.view.NewRequest\",\"properties\":{\"icon\":\"sap-icon://slim-arrow-down\"}}"}]}
RESULT: undefined
COMMAND: POST /session/0c2956f598ca806f9665356f353b70f0/element - {"using":"xpath","value":"//*[@id=\"__title25-expandBtn-img\"]"}
RESULT: {"using":"xpath","value":"//*[@id=\"__title25-expandBtn-img\"]"}
COMMAND: POST /session/0c2956f598ca806f9665356f353b70f0/element/f.20C66F91A75546181850ABA8914744C8.d.B3375B1D6D0651CABDC8FFCF51130027.e.3091/click - {}
RESULT: {}
COMMAND: GET /session/0c2956f598ca806f9665356f353b70f0/screenshot - {}
RESULT: {}
COMMAND: POST /session/0c2956f598ca806f9665356f353b70f0/element - {"using":"xpath","value":"//div[contains(@data-kt ,\"splitAllocationObjectStatus\")]"}
RESULT: {"using":"xpath","value":"//div[contains(@data-kt ,\"splitAllocationObjectStatus\")]"}
COMMAND: POST /session/0c2956f598ca806f9665356f353b70f0/elements - {"using":"xpath","value":"//div[contains(@data-kt ,\"splitAllocationObjectStatus\")]"}
RESULT: {"using":"xpath","value":"//div[contains(@data-kt ,\"splitAllocationObjectStatus\")]"}
COMMAND: POST /session/0c2956f598ca806f9665356f353b70f0/execute/async - {"script":"<script> [1562 bytes]","args":[{"selector":{"controlType":"sap.ui.core.Icon","viewName":"etm.portal.ui.managerequests.view.NewRequest","properties":{"src":{"regex":{"source":"message\\-error"}}},"ancestor":{"controlType":"sap.m.ColumnListItem","viewName":"etm.portal.ui.managerequests.view.NewRequest","bindingPath":{"modelName":"newRequestItems","path":"/RequestItems/0"},"ancestor":{"id":"requestItemsTable","viewName":"etm.portal.ui.managerequests.view.NewRequest"}}},"wdio_ui5_key":"etmportal.ui.managerequests.view.NewRequestsap.ui.core.Icon{\"src\":{\"regex\":{\"source\":\"message\\\\-error\"}}}{\"controlType\":\"sap.m.ColumnListItem\",\"viewName\":\"etm.portal.ui.managerequests.view.NewRequest\",\"bindingPath\":{\"modelName\":\"newRequestItems\",\"path\":\"/RequestItems/0\"},\"ancestor\":{\"id\":\"requestItemsTable\",\"viewName\":\"etm.portal.ui.managerequests.view.NewRequest\"}}"}]}
RESULT: {"script":"<script> [1562 bytes]","args":[{"selector":{"controlType":"sap.ui.core.Icon","viewName":"etm.portal.ui.managerequests.view.NewRequest","properties":{"src":{"regex":{"source":"message\\-error"}}},"ancestor":{"controlType":"sap.m.ColumnListItem","viewName":"etm.portal.ui.managerequests.view.NewRequest","bindingPath":{"modelName":"newRequestItems","path":"/RequestItems/0"},"ancestor":{"id":"requestItemsTable","viewName":"etm.portal.ui.managerequests.view.NewRequest"}}},"wdio_ui5_key":"etmportal.ui.managerequests.view.NewRequestsap.ui.core.Icon{\"src\":{\"regex\":{\"source\":\"message\\\\-error\"}}}{\"controlType\":\"sap.m.ColumnListItem\",\"viewName\":\"etm.portal.ui.managerequests.view.NewRequest\",\"bindingPath\":{\"modelName\":\"newRequestItems\",\"path\":\"/RequestItems/0\"},\"ancestor\":{\"id\":\"requestItemsTable\",\"viewName\":\"etm.portal.ui.managerequests.view.NewRequest\"}}"}]}
RESULT: undefined
COMMAND: POST /session/0c2956f598ca806f9665356f353b70f0/element - {"using":"xpath","value":"//*[@id=\"__status6-__xmlview59--requestItemsTable-0-icon\"]"}
RESULT: {"using":"xpath","value":"//*[@id=\"__status6-__xmlview59--requestItemsTable-0-icon\"]"}
COMMAND: POST /session/0c2956f598ca806f9665356f353b70f0/element/f.20C66F91A75546181850ABA8914744C8.d.B3375B1D6D0651CABDC8FFCF51130027.e.3072/click - {}
RESULT: {}
COMMAND: GET /session/0c2956f598ca806f9665356f353b70f0/screenshot - {}
RESULT: {}
COMMAND: POST /session/0c2956f598ca806f9665356f353b70f0/execute/async - {"script":"<script> [1562 bytes]","args":[{"selector":{"id":"costObjectAdminTypeComboBox","viewName":"etm.portal.ui.managerequests.view.NewRequest","searchOpenDialogs":true,"interaction":{"idSuffix":"inner"}},"wdio_ui5_key":"costObjectAdminTypeComboBoxetmportal.ui.managerequests.view.NewRequest"}]}
RESULT: {"script":"<script> [1562 bytes]","args":[{"selector":{"id":"costObjectAdminTypeComboBox","viewName":"etm.portal.ui.managerequests.view.NewRequest","searchOpenDialogs":true,"interaction":{"idSuffix":"inner"}},"wdio_ui5_key":"costObjectAdminTypeComboBoxetmportal.ui.managerequests.view.NewRequest"}]}
RESULT: undefined
COMMAND: POST /session/0c2956f598ca806f9665356f353b70f0/execute/async - {"script":"<script> [776 bytes]","args":[{"enterText":"Cost Center","selector":{"id":"costObjectAdminTypeComboBox","viewName":"etm.portal.ui.managerequests.view.NewRequest","searchOpenDialogs":true,"interaction":{"idSuffix":"inner"}},"clearTextFirst":true,"interactionType":"ENTER_TEXT"}]}
RESULT: {"script":"<script> [776 bytes]","args":[{"enterText":"Cost Center","selector":{"id":"costObjectAdminTypeComboBox","viewName":"etm.portal.ui.managerequests.view.NewRequest","searchOpenDialogs":true,"interaction":{"idSuffix":"inner"}},"clearTextFirst":true,"interactionType":"ENTER_TEXT"}]}
COMMAND: POST /session/0c2956f598ca806f9665356f353b70f0/actions - {"actions":[{"id":"action17","type":"key","parameters":{},"actions":[{"type":"keyDown","value":""},{"type":"pause","duration":10},{"type":"keyUp","value":""}]}]}
RESULT: {"actions":[{"id":"action17","type":"key","parameters":{},"actions":[{"type":"keyDown","value":""},{"type":"pause","duration":10},{"type":"keyUp","value":""}]}]}
COMMAND: GET /session/0c2956f598ca806f9665356f353b70f0/screenshot - {}
RESULT: {}
COMMAND: POST /session/0c2956f598ca806f9665356f353b70f0/execute/async - {"script":"<script> [1562 bytes]","args":[{"selector":{"id":"costObjectIdComboBox","viewName":"etm.portal.ui.managerequests.view.NewRequest","searchOpenDialogs":true,"interaction":{"idSuffix":"inner"}},"wdio_ui5_key":"costObjectIdComboBoxetmportal.ui.managerequests.view.NewRequest"}]}
RESULT: {"script":"<script> [1562 bytes]","args":[{"selector":{"id":"costObjectIdComboBox","viewName":"etm.portal.ui.managerequests.view.NewRequest","searchOpenDialogs":true,"interaction":{"idSuffix":"inner"}},"wdio_ui5_key":"costObjectIdComboBoxetmportal.ui.managerequests.view.NewRequest"}]}
RESULT: undefined
COMMAND: POST /session/0c2956f598ca806f9665356f353b70f0/execute/async - {"script":"<script> [776 bytes]","args":[{"enterText":"1001 - 1001","selector":{"id":"costObjectIdComboBox","viewName":"etm.portal.ui.managerequests.view.NewRequest","searchOpenDialogs":true,"interaction":{"idSuffix":"inner"}},"clearTextFirst":true,"interactionType":"ENTER_TEXT"}]}
RESULT: {"script":"<script> [776 bytes]","args":[{"enterText":"1001 - 1001","selector":{"id":"costObjectIdComboBox","viewName":"etm.portal.ui.managerequests.view.NewRequest","searchOpenDialogs":true,"interaction":{"idSuffix":"inner"}},"clearTextFirst":true,"interactionType":"ENTER_TEXT"}]}
COMMAND: POST /session/0c2956f598ca806f9665356f353b70f0/actions - {"actions":[{"id":"action18","type":"key","parameters":{},"actions":[{"type":"keyDown","value":""},{"type":"pause","duration":10},{"type":"keyUp","value":""}]}]}
RESULT: {"actions":[{"id":"action18","type":"key","parameters":{},"actions":[{"type":"keyDown","value":""},{"type":"pause","duration":10},{"type":"keyUp","value":""}]}]}
COMMAND: GET /session/0c2956f598ca806f9665356f353b70f0/screenshot - {}
RESULT: {}
COMMAND: POST /session/0c2956f598ca806f9665356f353b70f0/element - {"using":"xpath","value":"(//bdi[(text() = 'Save' or . = 'Save')])[1]"}
RESULT: {"using":"xpath","value":"(//bdi[(text() = 'Save' or . = 'Save')])[1]"}
COMMAND: POST /session/0c2956f598ca806f9665356f353b70f0/element/f.20C66F91A75546181850ABA8914744C8.d.B3375B1D6D0651CABDC8FFCF51130027.e.3109/click - {}
RESULT: {}
COMMAND: POST /session/0c2956f598ca806f9665356f353b70f0/execute/async - {"script":"<script> [1562 bytes]","args":[{"selector":{"controlType":"sap.ui.core.Icon","viewName":"etm.portal.ui.managerequests.view.NewRequest","properties":{"src":{"regex":{"source":"message\\-error"}}},"ancestor":{"controlType":"sap.m.ColumnListItem","viewName":"etm.portal.ui.managerequests.view.NewRequest","bindingPath":{"modelName":"newRequestItems","path":"/RequestItems/1"},"ancestor":{"id":"requestItemsTable","viewName":"etm.portal.ui.managerequests.view.NewRequest"}}},"wdio_ui5_key":"etmportal.ui.managerequests.view.NewRequestsap.ui.core.Icon{\"src\":{\"regex\":{\"source\":\"message\\\\-error\"}}}{\"controlType\":\"sap.m.ColumnListItem\",\"viewName\":\"etm.portal.ui.managerequests.view.NewRequest\",\"bindingPath\":{\"modelName\":\"newRequestItems\",\"path\":\"/RequestItems/1\"},\"ancestor\":{\"id\":\"requestItemsTable\",\"viewName\":\"etm.portal.ui.managerequests.view.NewRequest\"}}"}]}
COMMAND: GET /session/0c2956f598ca806f9665356f353b70f0/screenshot - {}
RESULT: {"script":"<script> [1562 bytes]","args":[{"selector":{"controlType":"sap.ui.core.Icon","viewName":"etm.portal.ui.managerequests.view.NewRequest","properties":{"src":{"regex":{"source":"message\\-error"}}},"ancestor":{"controlType":"sap.m.ColumnListItem","viewName":"etm.portal.ui.managerequests.view.NewRequest","bindingPath":{"modelName":"newRequestItems","path":"/RequestItems/1"},"ancestor":{"id":"requestItemsTable","viewName":"etm.portal.ui.managerequests.view.NewRequest"}}},"wdio_ui5_key":"etmportal.ui.managerequests.view.NewRequestsap.ui.core.Icon{\"src\":{\"regex\":{\"source\":\"message\\\\-error\"}}}{\"controlType\":\"sap.m.ColumnListItem\",\"viewName\":\"etm.portal.ui.managerequests.view.NewRequest\",\"bindingPath\":{\"modelName\":\"newRequestItems\",\"path\":\"/RequestItems/1\"},\"ancestor\":{\"id\":\"requestItemsTable\",\"viewName\":\"etm.portal.ui.managerequests.view.NewRequest\"}}"}]}
RESULT: undefined
COMMAND: POST /session/0c2956f598ca806f9665356f353b70f0/element - {"using":"xpath","value":"//*[@id=\"__status6-__xmlview59--requestItemsTable-1-icon\"]"}
RESULT: {}
RESULT: {"using":"xpath","value":"//*[@id=\"__status6-__xmlview59--requestItemsTable-1-icon\"]"}
COMMAND: POST /session/0c2956f598ca806f9665356f353b70f0/element/f.20C66F91A75546181850ABA8914744C8.d.B3375B1D6D0651CABDC8FFCF51130027.e.3089/click - {}
RESULT: {}
COMMAND: GET /session/0c2956f598ca806f9665356f353b70f0/screenshot - {}
RESULT: {}
RESULT: undefined
COMMAND: POST /session/0c2956f598ca806f9665356f353b70f0/execute/async - {"script":"<script> [776 bytes]","args":[{"enterText":"Cost Center","selector":{"id":"costObjectAdminTypeComboBox","viewName":"etm.portal.ui.managerequests.view.NewRequest","searchOpenDialogs":true,"interaction":{"idSuffix":"inner"}},"clearTextFirst":true,"interactionType":"ENTER_TEXT"}]}
RESULT: {"script":"<script> [776 bytes]","args":[{"enterText":"Cost Center","selector":{"id":"costObjectAdminTypeComboBox","viewName":"etm.portal.ui.managerequests.view.NewRequest","searchOpenDialogs":true,"interaction":{"idSuffix":"inner"}},"clearTextFirst":true,"interactionType":"ENTER_TEXT"}]}
COMMAND: POST /session/0c2956f598ca806f9665356f353b70f0/actions - {"actions":[{"id":"action19","type":"key","parameters":{},"actions":[{"type":"keyDown","value":""},{"type":"pause","duration":10},{"type":"keyUp","value":""}]}]}
RESULT: {"actions":[{"id":"action19","type":"key","parameters":{},"actions":[{"type":"keyDown","value":""},{"type":"pause","duration":10},{"type":"keyUp","value":""}]}]}
COMMAND: GET /session/0c2956f598ca806f9665356f353b70f0/screenshot - {}
RESULT: {}
RESULT: undefined
COMMAND: POST /session/0c2956f598ca806f9665356f353b70f0/execute/async - {"script":"<script> [776 bytes]","args":[{"enterText":"1001 - 1001","selector":{"id":"costObjectIdComboBox","viewName":"etm.portal.ui.managerequests.view.NewRequest","searchOpenDialogs":true,"interaction":{"idSuffix":"inner"}},"clearTextFirst":true,"interactionType":"ENTER_TEXT"}]}
RESULT: {"script":"<script> [776 bytes]","args":[{"enterText":"1001 - 1001","selector":{"id":"costObjectIdComboBox","viewName":"etm.portal.ui.managerequests.view.NewRequest","searchOpenDialogs":true,"interaction":{"idSuffix":"inner"}},"clearTextFirst":true,"interactionType":"ENTER_TEXT"}]}
COMMAND: POST /session/0c2956f598ca806f9665356f353b70f0/actions - {"actions":[{"id":"action20","type":"key","parameters":{},"actions":[{"type":"keyDown","value":""},{"type":"pause","duration":10},{"type":"keyUp","value":""}]}]}
RESULT: {"actions":[{"id":"action20","type":"key","parameters":{},"actions":[{"type":"keyDown","value":""},{"type":"pause","duration":10},{"type":"keyUp","value":""}]}]}
COMMAND: GET /session/0c2956f598ca806f9665356f353b70f0/screenshot - {}
RESULT: {}
COMMAND: POST /session/0c2956f598ca806f9665356f353b70f0/element - {"using":"xpath","value":"(//bdi[(text() = 'Save' or . = 'Save')])[1]"}
RESULT: {"using":"xpath","value":"(//bdi[(text() = 'Save' or . = 'Save')])[1]"}
COMMAND: POST /session/0c2956f598ca806f9665356f353b70f0/element/f.20C66F91A75546181850ABA8914744C8.d.B3375B1D6D0651CABDC8FFCF51130027.e.3121/click - {}
RESULT: {}
COMMAND: POST /session/0c2956f598ca806f9665356f353b70f0/execute/async - {"script":"<script> [1562 bytes]","args":[{"selector":{"controlType":"sap.ui.core.Icon","viewName":"etm.portal.ui.managerequests.view.NewRequest","properties":{"src":{"regex":{"source":"decline"}}},"ancestor":{"controlType":"sap.m.Token","viewName":"etm.portal.ui.managerequests.view.NewRequest","bindingPath":{"path":"/RequestItems/0/TOKENS/0","propertyPath":"TAG","modelName":"newRequestItems"}}},"wdio_ui5_key":"etmportal.ui.managerequests.view.NewRequestsap.ui.core.Icon{\"src\":{\"regex\":{\"source\":\"decline\"}}}{\"controlType\":\"sap.m.Token\",\"viewName\":\"etm.portal.ui.managerequests.view.NewRequest\",\"bindingPath\":{\"path\":\"/RequestItems/0/TOKENS/0\",\"propertyPath\":\"TAG\",\"modelName\":\"newRequestItems\"}}"}]}
COMMAND: GET /session/0c2956f598ca806f9665356f353b70f0/screenshot - {}
RESULT: {"script":"<script> [1562 bytes]","args":[{"selector":{"controlType":"sap.ui.core.Icon","viewName":"etm.portal.ui.managerequests.view.NewRequest","properties":{"src":{"regex":{"source":"decline"}}},"ancestor":{"controlType":"sap.m.Token","viewName":"etm.portal.ui.managerequests.view.NewRequest","bindingPath":{"path":"/RequestItems/0/TOKENS/0","propertyPath":"TAG","modelName":"newRequestItems"}}},"wdio_ui5_key":"etmportal.ui.managerequests.view.NewRequestsap.ui.core.Icon{\"src\":{\"regex\":{\"source\":\"decline\"}}}{\"controlType\":\"sap.m.Token\",\"viewName\":\"etm.portal.ui.managerequests.view.NewRequest\",\"bindingPath\":{\"path\":\"/RequestItems/0/TOKENS/0\",\"propertyPath\":\"TAG\",\"modelName\":\"newRequestItems\"}}"}]}
RESULT: undefined
COMMAND: POST /session/0c2956f598ca806f9665356f353b70f0/element - {"using":"xpath","value":"//*[@id=\"__token7-__tokenizer62-__xmlview59--requestItemsTable-0-0-icon\"]"}
RESULT: {}
RESULT: {"using":"xpath","value":"//*[@id=\"__token7-__tokenizer62-__xmlview59--requestItemsTable-0-0-icon\"]"}
COMMAND: POST /session/0c2956f598ca806f9665356f353b70f0/element/f.20C66F91A75546181850ABA8914744C8.d.B3375B1D6D0651CABDC8FFCF51130027.e.3123/click - {}
RESULT: {}
COMMAND: GET /session/0c2956f598ca806f9665356f353b70f0/screenshot - {}
RESULT: {}
COMMAND: POST /session/0c2956f598ca806f9665356f353b70f0/actions - {"actions":[{"id":"action21","type":"key","parameters":{},"actions":[{"type":"keyDown","value":""},{"type":"pause","duration":10},{"type":"keyUp","value":""}]}]}
RESULT: {"actions":[{"id":"action21","type":"key","parameters":{},"actions":[{"type":"keyDown","value":""},{"type":"pause","duration":10},{"type":"keyUp","value":""}]}]}
COMMAND: GET /session/0c2956f598ca806f9665356f353b70f0/screenshot - {}
RESULT: {}
COMMAND: POST /session/0c2956f598ca806f9665356f353b70f0/execute/async - {"script":"<script> [1562 bytes]","args":[{"selector":{"controlType":"sap.m.Tokenizer","viewName":"etm.portal.ui.managerequests.view.NewRequest","bindingPath":{"path":"/RequestItems/0","propertyPath":"TOKENS","modelName":"newRequestItems"}},"wdio_ui5_key":"etmportal.ui.managerequests.view.NewRequestsap.m.Tokenizer{\"path\":\"/RequestItems/0\",\"propertyPath\":\"TOKENS\",\"modelName\":\"newRequestItems\"}"}]}
RESULT: {"script":"<script> [1562 bytes]","args":[{"selector":{"controlType":"sap.m.Tokenizer","viewName":"etm.portal.ui.managerequests.view.NewRequest","bindingPath":{"path":"/RequestItems/0","propertyPath":"TOKENS","modelName":"newRequestItems"}},"wdio_ui5_key":"etmportal.ui.managerequests.view.NewRequestsap.m.Tokenizer{\"path\":\"/RequestItems/0\",\"propertyPath\":\"TOKENS\",\"modelName\":\"newRequestItems\"}"}]}
RESULT: undefined
COMMAND: POST /session/0c2956f598ca806f9665356f353b70f0/execute/async - {"script":"<script> [6424 bytes]","args":[{"element-6066-11e4-a52e-4f735466cecf":"f.20C66F91A75546181850ABA8914744C8.d.B3375B1D6D0651CABDC8FFCF51130027.e.3131"},"getTokens",[]]}
RESULT: {"script":"<script> [6424 bytes]","args":[{"element-6066-11e4-a52e-4f735466cecf":"f.20C66F91A75546181850ABA8914744C8.d.B3375B1D6D0651CABDC8FFCF51130027.e.3131"},"getTokens",[]]}
COMMAND: POST /session/0c2956f598ca806f9665356f353b70f0/execute/async - {"script":"<script> [1562 bytes]","args":[{"wdio_ui5_key":"__token7-__tokenizer62-__xmlview59--requestItemsTable-0-0","selector":{"id":"__token7-__tokenizer62-__xmlview59--requestItemsTable-0-0"}}]}
RESULT: {"script":"<script> [1562 bytes]","args":[{"wdio_ui5_key":"__token7-__tokenizer62-__xmlview59--requestItemsTable-0-0","selector":{"id":"__token7-__tokenizer62-__xmlview59--requestItemsTable-0-0"}}]}
RESULT: undefined
RESULT: undefined
COMMAND: POST /session/0c2956f598ca806f9665356f353b70f0/execute/async - {"script":"<script> [776 bytes]","args":[{"enterText":"tagRequest1","selector":{"controlType":"sap.m.Input","viewName":"etm.portal.ui.managerequests.view.NewRequest","bindingPath":{"path":"","propertyPath":"/Tags","modelName":"catalogModel"},"ancestor":{"controlType":"sap.m.ColumnListItem","viewName":"etm.portal.ui.managerequests.view.NewRequest","bindingPath":{"modelName":"newRequestItems","path":"/RequestItems/0"},"ancestor":{"id":"requestItemsTable","viewName":"etm.portal.ui.managerequests.view.NewRequest"}},"interaction":{"idSuffix":"inner"}},"clearTextFirst":true,"interactionType":"ENTER_TEXT"}]}
RESULT: {"script":"<script> [776 bytes]","args":[{"enterText":"tagRequest1","selector":{"controlType":"sap.m.Input","viewName":"etm.portal.ui.managerequests.view.NewRequest","bindingPath":{"path":"","propertyPath":"/Tags","modelName":"catalogModel"},"ancestor":{"controlType":"sap.m.ColumnListItem","viewName":"etm.portal.ui.managerequests.view.NewRequest","bindingPath":{"modelName":"newRequestItems","path":"/RequestItems/0"},"ancestor":{"id":"requestItemsTable","viewName":"etm.portal.ui.managerequests.view.NewRequest"}},"interaction":{"idSuffix":"inner"}},"clearTextFirst":true,"interactionType":"ENTER_TEXT"}]}
COMMAND: POST /session/0c2956f598ca806f9665356f353b70f0/actions - {"actions":[{"id":"action22","type":"key","parameters":{},"actions":[{"type":"keyDown","value":""},{"type":"pause","duration":10},{"type":"keyUp","value":""}]}]}
RESULT: {"actions":[{"id":"action22","type":"key","parameters":{},"actions":[{"type":"keyDown","value":""},{"type":"pause","duration":10},{"type":"keyUp","value":""}]}]}
COMMAND: GET /session/0c2956f598ca806f9665356f353b70f0/screenshot - {}
RESULT: {}
RESULT: undefined
COMMAND: POST /session/0c2956f598ca806f9665356f353b70f0/execute/async - {"script":"<script> [6424 bytes]","args":[{"element-6066-11e4-a52e-4f735466cecf":"f.20C66F91A75546181850ABA8914744C8.d.B3375B1D6D0651CABDC8FFCF51130027.e.3131"},"getTokens",[]]}
RESULT: {"script":"<script> [6424 bytes]","args":[{"element-6066-11e4-a52e-4f735466cecf":"f.20C66F91A75546181850ABA8914744C8.d.B3375B1D6D0651CABDC8FFCF51130027.e.3131"},"getTokens",[]]}
COMMAND: POST /session/0c2956f598ca806f9665356f353b70f0/execute/async - {"script":"<script> [1562 bytes]","args":[{"wdio_ui5_key":"__token7-__tokenizer62-__xmlview59--requestItemsTable-0-1","selector":{"id":"__token7-__tokenizer62-__xmlview59--requestItemsTable-0-1"}}]}
RESULT: undefined
RESULT: {"script":"<script> [1562 bytes]","args":[{"wdio_ui5_key":"__token7-__tokenizer62-__xmlview59--requestItemsTable-0-1","selector":{"id":"__token7-__tokenizer62-__xmlview59--requestItemsTable-0-1"}}]}
RESULT: undefined
COMMAND: POST /session/0c2956f598ca806f9665356f353b70f0/execute/async - {"script":"<script> [1562 bytes]","args":[{"selector":{"controlType":"sap.ui.core.Icon","viewName":"etm.portal.ui.managerequests.view.NewRequest","properties":{"src":{"regex":{"source":"decline"}}},"ancestor":{"controlType":"sap.m.Token","viewName":"etm.portal.ui.managerequests.view.NewRequest","bindingPath":{"path":"/RequestItems/1/TOKENS/0","propertyPath":"TAG","modelName":"newRequestItems"}}},"wdio_ui5_key":"etmportal.ui.managerequests.view.NewRequestsap.ui.core.Icon{\"src\":{\"regex\":{\"source\":\"decline\"}}}{\"controlType\":\"sap.m.Token\",\"viewName\":\"etm.portal.ui.managerequests.view.NewRequest\",\"bindingPath\":{\"path\":\"/RequestItems/1/TOKENS/0\",\"propertyPath\":\"TAG\",\"modelName\":\"newRequestItems\"}}"}]}
RESULT: {"script":"<script> [1562 bytes]","args":[{"selector":{"controlType":"sap.ui.core.Icon","viewName":"etm.portal.ui.managerequests.view.NewRequest","properties":{"src":{"regex":{"source":"decline"}}},"ancestor":{"controlType":"sap.m.Token","viewName":"etm.portal.ui.managerequests.view.NewRequest","bindingPath":{"path":"/RequestItems/1/TOKENS/0","propertyPath":"TAG","modelName":"newRequestItems"}}},"wdio_ui5_key":"etmportal.ui.managerequests.view.NewRequestsap.ui.core.Icon{\"src\":{\"regex\":{\"source\":\"decline\"}}}{\"controlType\":\"sap.m.Token\",\"viewName\":\"etm.portal.ui.managerequests.view.NewRequest\",\"bindingPath\":{\"path\":\"/RequestItems/1/TOKENS/0\",\"propertyPath\":\"TAG\",\"modelName\":\"newRequestItems\"}}"}]}
RESULT: undefined
COMMAND: POST /session/0c2956f598ca806f9665356f353b70f0/element - {"using":"xpath","value":"//*[@id=\"__token7-__tokenizer62-__xmlview59--requestItemsTable-1-0-icon\"]"}
RESULT: {"using":"xpath","value":"//*[@id=\"__token7-__tokenizer62-__xmlview59--requestItemsTable-1-0-icon\"]"}
COMMAND: POST /session/0c2956f598ca806f9665356f353b70f0/element/f.20C66F91A75546181850ABA8914744C8.d.B3375B1D6D0651CABDC8FFCF51130027.e.3133/click - {}
RESULT: {}
COMMAND: GET /session/0c2956f598ca806f9665356f353b70f0/screenshot - {}
RESULT: {}
COMMAND: POST /session/0c2956f598ca806f9665356f353b70f0/actions - {"actions":[{"id":"action23","type":"key","parameters":{},"actions":[{"type":"keyDown","value":""},{"type":"pause","duration":10},{"type":"keyUp","value":""}]}]}
RESULT: {"actions":[{"id":"action23","type":"key","parameters":{},"actions":[{"type":"keyDown","value":""},{"type":"pause","duration":10},{"type":"keyUp","value":""}]}]}
COMMAND: GET /session/0c2956f598ca806f9665356f353b70f0/screenshot - {}
RESULT: {}
COMMAND: POST /session/0c2956f598ca806f9665356f353b70f0/execute/async - {"script":"<script> [1562 bytes]","args":[{"selector":{"controlType":"sap.m.Tokenizer","viewName":"etm.portal.ui.managerequests.view.NewRequest","bindingPath":{"path":"/RequestItems/1","propertyPath":"TOKENS","modelName":"newRequestItems"}},"wdio_ui5_key":"etmportal.ui.managerequests.view.NewRequestsap.m.Tokenizer{\"path\":\"/RequestItems/1\",\"propertyPath\":\"TOKENS\",\"modelName\":\"newRequestItems\"}"}]}
RESULT: {"script":"<script> [1562 bytes]","args":[{"selector":{"controlType":"sap.m.Tokenizer","viewName":"etm.portal.ui.managerequests.view.NewRequest","bindingPath":{"path":"/RequestItems/1","propertyPath":"TOKENS","modelName":"newRequestItems"}},"wdio_ui5_key":"etmportal.ui.managerequests.view.NewRequestsap.m.Tokenizer{\"path\":\"/RequestItems/1\",\"propertyPath\":\"TOKENS\",\"modelName\":\"newRequestItems\"}"}]}
RESULT: undefined
COMMAND: POST /session/0c2956f598ca806f9665356f353b70f0/execute/async - {"script":"<script> [6424 bytes]","args":[{"element-6066-11e4-a52e-4f735466cecf":"f.20C66F91A75546181850ABA8914744C8.d.B3375B1D6D0651CABDC8FFCF51130027.e.3141"},"getTokens",[]]}
RESULT: {"script":"<script> [6424 bytes]","args":[{"element-6066-11e4-a52e-4f735466cecf":"f.20C66F91A75546181850ABA8914744C8.d.B3375B1D6D0651CABDC8FFCF51130027.e.3141"},"getTokens",[]]}
COMMAND: POST /session/0c2956f598ca806f9665356f353b70f0/execute/async - {"script":"<script> [1562 bytes]","args":[{"wdio_ui5_key":"__token7-__tokenizer62-__xmlview59--requestItemsTable-1-0","selector":{"id":"__token7-__tokenizer62-__xmlview59--requestItemsTable-1-0"}}]}
RESULT: {"script":"<script> [1562 bytes]","args":[{"wdio_ui5_key":"__token7-__tokenizer62-__xmlview59--requestItemsTable-1-0","selector":{"id":"__token7-__tokenizer62-__xmlview59--requestItemsTable-1-0"}}]}
RESULT: undefined
RESULT: undefined
COMMAND: POST /session/0c2956f598ca806f9665356f353b70f0/execute/async - {"script":"<script> [776 bytes]","args":[{"enterText":"tagRequest1","selector":{"controlType":"sap.m.Input","viewName":"etm.portal.ui.managerequests.view.NewRequest","bindingPath":{"path":"","propertyPath":"/Tags","modelName":"catalogModel"},"ancestor":{"controlType":"sap.m.ColumnListItem","viewName":"etm.portal.ui.managerequests.view.NewRequest","bindingPath":{"modelName":"newRequestItems","path":"/RequestItems/1"},"ancestor":{"id":"requestItemsTable","viewName":"etm.portal.ui.managerequests.view.NewRequest"}},"interaction":{"idSuffix":"inner"}},"clearTextFirst":true,"interactionType":"ENTER_TEXT"}]}
RESULT: {"script":"<script> [776 bytes]","args":[{"enterText":"tagRequest1","selector":{"controlType":"sap.m.Input","viewName":"etm.portal.ui.managerequests.view.NewRequest","bindingPath":{"path":"","propertyPath":"/Tags","modelName":"catalogModel"},"ancestor":{"controlType":"sap.m.ColumnListItem","viewName":"etm.portal.ui.managerequests.view.NewRequest","bindingPath":{"modelName":"newRequestItems","path":"/RequestItems/1"},"ancestor":{"id":"requestItemsTable","viewName":"etm.portal.ui.managerequests.view.NewRequest"}},"interaction":{"idSuffix":"inner"}},"clearTextFirst":true,"interactionType":"ENTER_TEXT"}]}
COMMAND: POST /session/0c2956f598ca806f9665356f353b70f0/actions - {"actions":[{"id":"action24","type":"key","parameters":{},"actions":[{"type":"keyDown","value":""},{"type":"pause","duration":10},{"type":"keyUp","value":""}]}]}
RESULT: {"actions":[{"id":"action24","type":"key","parameters":{},"actions":[{"type":"keyDown","value":""},{"type":"pause","duration":10},{"type":"keyUp","value":""}]}]}
COMMAND: GET /session/0c2956f598ca806f9665356f353b70f0/screenshot - {}
RESULT: {}
RESULT: undefined
COMMAND: POST /session/0c2956f598ca806f9665356f353b70f0/execute/async - {"script":"<script> [6424 bytes]","args":[{"element-6066-11e4-a52e-4f735466cecf":"f.20C66F91A75546181850ABA8914744C8.d.B3375B1D6D0651CABDC8FFCF51130027.e.3141"},"getTokens",[]]}
RESULT: {"script":"<script> [6424 bytes]","args":[{"element-6066-11e4-a52e-4f735466cecf":"f.20C66F91A75546181850ABA8914744C8.d.B3375B1D6D0651CABDC8FFCF51130027.e.3141"},"getTokens",[]]}
COMMAND: POST /session/0c2956f598ca806f9665356f353b70f0/execute/async - {"script":"<script> [1562 bytes]","args":[{"wdio_ui5_key":"__token7-__tokenizer62-__xmlview59--requestItemsTable-1-1","selector":{"id":"__token7-__tokenizer62-__xmlview59--requestItemsTable-1-1"}}]}
RESULT: undefined
RESULT: {"script":"<script> [1562 bytes]","args":[{"wdio_ui5_key":"__token7-__tokenizer62-__xmlview59--requestItemsTable-1-1","selector":{"id":"__token7-__tokenizer62-__xmlview59--requestItemsTable-1-1"}}]}
RESULT: undefined
COMMAND: POST /session/0c2956f598ca806f9665356f353b70f0/execute/async - {"script":"<script> [1562 bytes]","args":[{"selector":{"controlType":"sap.m.Button","viewName":"etm.portal.ui.managerequests.view.NewRequest","properties":{"text":"Save"},"i18NText":{"propertyName":"tooltip","key":"save"},"interaction":{"idSuffix":"BDI-content"}},"wdio_ui5_key":"etmportal.ui.managerequests.view.NewRequestsap.m.Button{\"propertyName\":\"tooltip\",\"key\":\"save\"}{\"text\":\"Save\"}"}]}
RESULT: {"script":"<script> [1562 bytes]","args":[{"selector":{"controlType":"sap.m.Button","viewName":"etm.portal.ui.managerequests.view.NewRequest","properties":{"text":"Save"},"i18NText":{"propertyName":"tooltip","key":"save"},"interaction":{"idSuffix":"BDI-content"}},"wdio_ui5_key":"etmportal.ui.managerequests.view.NewRequestsap.m.Button{\"propertyName\":\"tooltip\",\"key\":\"save\"}{\"text\":\"Save\"}"}]}
RESULT: undefined
COMMAND: POST /session/0c2956f598ca806f9665356f353b70f0/element - {"using":"xpath","value":"//*[@id=\"__button117\"]"}
RESULT: {"using":"xpath","value":"//*[@id=\"__button117\"]"}
COMMAND: POST /session/0c2956f598ca806f9665356f353b70f0/element/f.20C66F91A75546181850ABA8914744C8.d.B3375B1D6D0651CABDC8FFCF51130027.e.2938/click - {}
RESULT: {}
COMMAND: GET /session/0c2956f598ca806f9665356f353b70f0/screenshot - {}
RESULT: {}
COMMAND: POST /session/0c2956f598ca806f9665356f353b70f0/element - {"using":"xpath","value":"//bdi[contains(@id ,\"BDI-content\")][contains(text(), \"Close\")]"}
RESULT: {"using":"xpath","value":"//bdi[contains(@id ,\"BDI-content\")][contains(text(), \"Close\")]"}
COMMAND: POST /session/0c2956f598ca806f9665356f353b70f0/element/f.20C66F91A75546181850ABA8914744C8.d.B3375B1D6D0651CABDC8FFCF51130027.e.3149/click - {}
RESULT: {}
COMMAND: GET /session/0c2956f598ca806f9665356f353b70f0/screenshot - {}
RESULT: {}
]]></system-out>
    </testcase>
    <testcase classname="chrome.135_0_7049_42.windows.Manage_Requests_Tags_Tests_US120163" name="Should Edit Request Tags" time="93.751">
      <system-out><![CDATA[
COMMAND: POST /session/0c2956f598ca806f9665356f353b70f0/execute/async - {"script":"<script> [1562 bytes]","args":[{"selector":{"controlType":"sap.ui.core.Icon","viewName":"etm.portal.ui.managerequests.view.Detail","properties":{"src":{"regex":{"source":"overflow"}}}},"wdio_ui5_key":"etmportal.ui.managerequests.view.Detailsap.ui.core.Icon{\"src\":{\"regex\":{\"source\":\"overflow\"}}}"}]}
RESULT: {"script":"<script> [1562 bytes]","args":[{"selector":{"controlType":"sap.ui.core.Icon","viewName":"etm.portal.ui.managerequests.view.Detail","properties":{"src":{"regex":{"source":"overflow"}}}},"wdio_ui5_key":"etmportal.ui.managerequests.view.Detailsap.ui.core.Icon{\"src\":{\"regex\":{\"source\":\"overflow\"}}}"}]}
RESULT: undefined
COMMAND: POST /session/0c2956f598ca806f9665356f353b70f0/element - {"using":"xpath","value":"//*[@id=\"__xmlview60--detailHeaderTitle-_actionsToolbar-overflowButton-img\"]"}
RESULT: {"using":"xpath","value":"//*[@id=\"__xmlview60--detailHeaderTitle-_actionsToolbar-overflowButton-img\"]"}
COMMAND: POST /session/0c2956f598ca806f9665356f353b70f0/element/f.20C66F91A75546181850ABA8914744C8.d.B3375B1D6D0651CABDC8FFCF51130027.e.3272/click - {}
RESULT: {}
COMMAND: GET /session/0c2956f598ca806f9665356f353b70f0/screenshot - {}
RESULT: {}
COMMAND: POST /session/0c2956f598ca806f9665356f353b70f0/execute/async - {"script":"<script> [1562 bytes]","args":[{"selector":{"controlType":"sap.uxap.ObjectPageHeaderActionButton","viewName":"etm.portal.ui.managerequests.view.Detail","i18NText":{"propertyName":"text","key":"edit"},"searchOpenDialogs":true,"interaction":{"idSuffix":"inner"}},"wdio_ui5_key":"etmportal.ui.managerequests.view.Detailsap.uxap.ObjectPageHeaderActionButton{\"propertyName\":\"text\",\"key\":\"edit\"}"}]}
RESULT: {"script":"<script> [1562 bytes]","args":[{"selector":{"controlType":"sap.uxap.ObjectPageHeaderActionButton","viewName":"etm.portal.ui.managerequests.view.Detail","i18NText":{"propertyName":"text","key":"edit"},"searchOpenDialogs":true,"interaction":{"idSuffix":"inner"}},"wdio_ui5_key":"etmportal.ui.managerequests.view.Detailsap.uxap.ObjectPageHeaderActionButton{\"propertyName\":\"text\",\"key\":\"edit\"}"}]}
RESULT: undefined
COMMAND: POST /session/0c2956f598ca806f9665356f353b70f0/element - {"using":"xpath","value":"//*[@id=\"__button138\"]"}
RESULT: {"using":"xpath","value":"//*[@id=\"__button138\"]"}
COMMAND: POST /session/0c2956f598ca806f9665356f353b70f0/element/f.20C66F91A75546181850ABA8914744C8.d.B3375B1D6D0651CABDC8FFCF51130027.e.3276/click - {}
RESULT: {}
COMMAND: GET /session/0c2956f598ca806f9665356f353b70f0/screenshot - {}
RESULT: {}
COMMAND: POST /session/0c2956f598ca806f9665356f353b70f0/execute/async - {"script":"<script> [1562 bytes]","args":[{"selector":{"controlType":"sap.ui.core.Icon","viewName":"etm.portal.ui.managerequests.view.Edit","properties":{"src":{"regex":{"source":"decline"}}},"ancestor":{"controlType":"sap.m.Token","viewName":"etm.portal.ui.managerequests.view.Edit","bindingPath":{"propertyPath":"TAG","modelName":"catalogModel"},"properties":{"text":"RefTag"}}},"wdio_ui5_key":"etmportal.ui.managerequests.view.Editsap.ui.core.Icon{\"src\":{\"regex\":{\"source\":\"decline\"}}}{\"controlType\":\"sap.m.Token\",\"viewName\":\"etm.portal.ui.managerequests.view.Edit\",\"bindingPath\":{\"propertyPath\":\"TAG\",\"modelName\":\"catalogModel\"},\"properties\":{\"text\":\"RefTag\"}}"}]}
RESULT: {"script":"<script> [1562 bytes]","args":[{"selector":{"controlType":"sap.ui.core.Icon","viewName":"etm.portal.ui.managerequests.view.Edit","properties":{"src":{"regex":{"source":"decline"}}},"ancestor":{"controlType":"sap.m.Token","viewName":"etm.portal.ui.managerequests.view.Edit","bindingPath":{"propertyPath":"TAG","modelName":"catalogModel"},"properties":{"text":"RefTag"}}},"wdio_ui5_key":"etmportal.ui.managerequests.view.Editsap.ui.core.Icon{\"src\":{\"regex\":{\"source\":\"decline\"}}}{\"controlType\":\"sap.m.Token\",\"viewName\":\"etm.portal.ui.managerequests.view.Edit\",\"bindingPath\":{\"propertyPath\":\"TAG\",\"modelName\":\"catalogModel\"},\"properties\":{\"text\":\"RefTag\"}}"}]}
RESULT: undefined
COMMAND: POST /session/0c2956f598ca806f9665356f353b70f0/element - {"using":"xpath","value":"//*[@id=\"__token13-__tokenizer64-0-icon\"]"}
RESULT: {"using":"xpath","value":"//*[@id=\"__token13-__tokenizer64-0-icon\"]"}
COMMAND: POST /session/0c2956f598ca806f9665356f353b70f0/element/f.20C66F91A75546181850ABA8914744C8.d.B3375B1D6D0651CABDC8FFCF51130027.e.3393/click - {}
RESULT: {}
COMMAND: POST /session/0c2956f598ca806f9665356f353b70f0/execute/async - {"script":"<script> [1562 bytes]","args":[{"selector":{"id":"tagMultiInputRequests","viewName":"etm.portal.ui.managerequests.view.Edit","interaction":{"idSuffix":"inner"}},"wdio_ui5_key":"tagMultiInputRequestsetmportal.ui.managerequests.view.Edit"}]}
COMMAND: GET /session/0c2956f598ca806f9665356f353b70f0/screenshot - {}
RESULT: {"script":"<script> [1562 bytes]","args":[{"selector":{"id":"tagMultiInputRequests","viewName":"etm.portal.ui.managerequests.view.Edit","interaction":{"idSuffix":"inner"}},"wdio_ui5_key":"tagMultiInputRequestsetmportal.ui.managerequests.view.Edit"}]}
RESULT: undefined
COMMAND: POST /session/0c2956f598ca806f9665356f353b70f0/execute/async - {"script":"<script> [6424 bytes]","args":[{"element-6066-11e4-a52e-4f735466cecf":"f.20C66F91A75546181850ABA8914744C8.d.B3375B1D6D0651CABDC8FFCF51130027.e.3310"},"getTokens",[]]}
RESULT: {}
RESULT: {"script":"<script> [6424 bytes]","args":[{"element-6066-11e4-a52e-4f735466cecf":"f.20C66F91A75546181850ABA8914744C8.d.B3375B1D6D0651CABDC8FFCF51130027.e.3310"},"getTokens",[]]}
COMMAND: POST /session/0c2956f598ca806f9665356f353b70f0/execute/async - {"script":"<script> [1562 bytes]","args":[{"wdio_ui5_key":"__token13-__tokenizer64-1","selector":{"id":"__token13-__tokenizer64-1"}}]}
RESULT: {"script":"<script> [1562 bytes]","args":[{"wdio_ui5_key":"__token13-__tokenizer64-1","selector":{"id":"__token13-__tokenizer64-1"}}]}
RESULT: undefined
RESULT: undefined
COMMAND: POST /session/0c2956f598ca806f9665356f353b70f0/execute/async - {"script":"<script> [776 bytes]","args":[{"enterText":"RefTag","selector":{"id":"tagMultiInputRequests","viewName":"etm.portal.ui.managerequests.view.Edit","interaction":{"idSuffix":"inner"}},"clearTextFirst":true,"interactionType":"ENTER_TEXT"}]}
RESULT: {"script":"<script> [776 bytes]","args":[{"enterText":"RefTag","selector":{"id":"tagMultiInputRequests","viewName":"etm.portal.ui.managerequests.view.Edit","interaction":{"idSuffix":"inner"}},"clearTextFirst":true,"interactionType":"ENTER_TEXT"}]}
COMMAND: POST /session/0c2956f598ca806f9665356f353b70f0/actions - {"actions":[{"id":"action25","type":"key","parameters":{},"actions":[{"type":"keyDown","value":""},{"type":"pause","duration":10},{"type":"keyUp","value":""}]}]}
RESULT: {"actions":[{"id":"action25","type":"key","parameters":{},"actions":[{"type":"keyDown","value":""},{"type":"pause","duration":10},{"type":"keyUp","value":""}]}]}
COMMAND: GET /session/0c2956f598ca806f9665356f353b70f0/screenshot - {}
RESULT: {}
RESULT: undefined
COMMAND: POST /session/0c2956f598ca806f9665356f353b70f0/execute/async - {"script":"<script> [6424 bytes]","args":[{"element-6066-11e4-a52e-4f735466cecf":"f.20C66F91A75546181850ABA8914744C8.d.B3375B1D6D0651CABDC8FFCF51130027.e.3310"},"getTokens",[]]}
RESULT: {"script":"<script> [6424 bytes]","args":[{"element-6066-11e4-a52e-4f735466cecf":"f.20C66F91A75546181850ABA8914744C8.d.B3375B1D6D0651CABDC8FFCF51130027.e.3310"},"getTokens",[]]}
COMMAND: POST /session/0c2956f598ca806f9665356f353b70f0/execute/async - {"script":"<script> [1562 bytes]","args":[{"wdio_ui5_key":"__token16","selector":{"id":"__token16"}}]}
RESULT: undefined
RESULT: {"script":"<script> [1562 bytes]","args":[{"wdio_ui5_key":"__token16","selector":{"id":"__token16"}}]}
RESULT: undefined
COMMAND: POST /session/0c2956f598ca806f9665356f353b70f0/execute/async - {"script":"<script> [1562 bytes]","args":[{"selector":{"controlType":"sap.m.Button","viewName":"etm.portal.ui.managerequests.view.Edit","properties":{"text":"Items (2)"},"interaction":{"idSuffix":"BDI-content"}},"wdio_ui5_key":"etmportal.ui.managerequests.view.Editsap.m.Button{\"text\":\"Items (2)\"}"}]}
RESULT: {"script":"<script> [1562 bytes]","args":[{"selector":{"controlType":"sap.m.Button","viewName":"etm.portal.ui.managerequests.view.Edit","properties":{"text":"Items (2)"},"interaction":{"idSuffix":"BDI-content"}},"wdio_ui5_key":"etmportal.ui.managerequests.view.Editsap.m.Button{\"text\":\"Items (2)\"}"}]}
RESULT: undefined
COMMAND: POST /session/0c2956f598ca806f9665356f353b70f0/element - {"using":"xpath","value":"//*[@id=\"__xmlview61--editRequestPage-anchBar-__xmlview61--requestItemsSection-anchor\"]"}
RESULT: {"using":"xpath","value":"//*[@id=\"__xmlview61--editRequestPage-anchBar-__xmlview61--requestItemsSection-anchor\"]"}
COMMAND: POST /session/0c2956f598ca806f9665356f353b70f0/element/f.20C66F91A75546181850ABA8914744C8.d.B3375B1D6D0651CABDC8FFCF51130027.e.3398/click - {}
RESULT: {}
COMMAND: GET /session/0c2956f598ca806f9665356f353b70f0/screenshot - {}
RESULT: {}
COMMAND: POST /session/0c2956f598ca806f9665356f353b70f0/execute/async - {"script":"<script> [1562 bytes]","args":[{"selector":{"controlType":"sap.ui.core.Icon","viewName":"etm.portal.ui.managerequests.view.Edit","properties":{"src":{"regex":{"source":"inspect"}}}},"wdio_ui5_key":"etmportal.ui.managerequests.view.Editsap.ui.core.Icon{\"src\":{\"regex\":{\"source\":\"inspect\"}}}"}]}
RESULT: {"script":"<script> [1562 bytes]","args":[{"selector":{"controlType":"sap.ui.core.Icon","viewName":"etm.portal.ui.managerequests.view.Edit","properties":{"src":{"regex":{"source":"inspect"}}}},"wdio_ui5_key":"etmportal.ui.managerequests.view.Editsap.ui.core.Icon{\"src\":{\"regex\":{\"source\":\"inspect\"}}}"}]}
RESULT: undefined
COMMAND: POST /session/0c2956f598ca806f9665356f353b70f0/element - {"using":"xpath","value":"//*[@id=\"__button165-img\"]"}
RESULT: {"using":"xpath","value":"//*[@id=\"__button165-img\"]"}
COMMAND: POST /session/0c2956f598ca806f9665356f353b70f0/element/f.20C66F91A75546181850ABA8914744C8.d.B3375B1D6D0651CABDC8FFCF51130027.e.3404/click - {}
RESULT: {}
COMMAND: GET /session/0c2956f598ca806f9665356f353b70f0/screenshot - {}
RESULT: {}
COMMAND: POST /session/0c2956f598ca806f9665356f353b70f0/execute/async - {"script":"<script> [1562 bytes]","args":[{"selector":{"controlType":"sap.m.Tokenizer","viewName":"etm.portal.ui.managerequests.view.Edit","bindingPath":{"path":"/RequestItems/0","propertyPath":"LINK_TO_TAGS","modelName":"RequestItemsModel"}},"wdio_ui5_key":"etmportal.ui.managerequests.view.Editsap.m.Tokenizer{\"path\":\"/RequestItems/0\",\"propertyPath\":\"LINK_TO_TAGS\",\"modelName\":\"RequestItemsModel\"}"}]}
RESULT: {"script":"<script> [1562 bytes]","args":[{"selector":{"controlType":"sap.m.Tokenizer","viewName":"etm.portal.ui.managerequests.view.Edit","bindingPath":{"path":"/RequestItems/0","propertyPath":"LINK_TO_TAGS","modelName":"RequestItemsModel"}},"wdio_ui5_key":"etmportal.ui.managerequests.view.Editsap.m.Tokenizer{\"path\":\"/RequestItems/0\",\"propertyPath\":\"LINK_TO_TAGS\",\"modelName\":\"RequestItemsModel\"}"}]}
RESULT: undefined
COMMAND: POST /session/0c2956f598ca806f9665356f353b70f0/element - {"using":"xpath","value":"//*[@id=\"__tokenizer66\"]"}
RESULT: {"using":"xpath","value":"//*[@id=\"__tokenizer66\"]"}
COMMAND: POST /session/0c2956f598ca806f9665356f353b70f0/element/f.20C66F91A75546181850ABA8914744C8.d.B3375B1D6D0651CABDC8FFCF51130027.e.3407/click - {}
RESULT: {}
COMMAND: GET /session/0c2956f598ca806f9665356f353b70f0/screenshot - {}
RESULT: {}
COMMAND: POST /session/0c2956f598ca806f9665356f353b70f0/execute/async - {"script":"<script> [1562 bytes]","args":[{"selector":{"controlType":"sap.ui.core.Icon","viewName":"etm.portal.ui.managerequests.view.Edit","properties":{"src":{"regex":{"source":"decline"}}},"searchOpenDialogs":true,"ancestor":{"controlType":"sap.m.StandardListItem","viewName":"etm.portal.ui.managerequests.view.Edit","properties":{"title":"tag-duplicate"},"searchOpenDialogs":true}},"wdio_ui5_key":"etmportal.ui.managerequests.view.Editsap.ui.core.Icon{\"src\":{\"regex\":{\"source\":\"decline\"}}}{\"controlType\":\"sap.m.StandardListItem\",\"viewName\":\"etm.portal.ui.managerequests.view.Edit\",\"properties\":{\"title\":\"tag-duplicate\"},\"searchOpenDialogs\":true}"}]}
RESULT: {"script":"<script> [1562 bytes]","args":[{"selector":{"controlType":"sap.ui.core.Icon","viewName":"etm.portal.ui.managerequests.view.Edit","properties":{"src":{"regex":{"source":"decline"}}},"searchOpenDialogs":true,"ancestor":{"controlType":"sap.m.StandardListItem","viewName":"etm.portal.ui.managerequests.view.Edit","properties":{"title":"tag-duplicate"},"searchOpenDialogs":true}},"wdio_ui5_key":"etmportal.ui.managerequests.view.Editsap.ui.core.Icon{\"src\":{\"regex\":{\"source\":\"decline\"}}}{\"controlType\":\"sap.m.StandardListItem\",\"viewName\":\"etm.portal.ui.managerequests.view.Edit\",\"properties\":{\"title\":\"tag-duplicate\"},\"searchOpenDialogs\":true}"}]}
RESULT: undefined
COMMAND: POST /session/0c2956f598ca806f9665356f353b70f0/element - {"using":"xpath","value":"//*[@id=\"__item1813-imgDel-img\"]"}
RESULT: {"using":"xpath","value":"//*[@id=\"__item1813-imgDel-img\"]"}
COMMAND: POST /session/0c2956f598ca806f9665356f353b70f0/element/f.20C66F91A75546181850ABA8914744C8.d.B3375B1D6D0651CABDC8FFCF51130027.e.3410/click - {}
RESULT: {}
COMMAND: GET /session/0c2956f598ca806f9665356f353b70f0/screenshot - {}
RESULT: {}
COMMAND: POST /session/0c2956f598ca806f9665356f353b70f0/actions - {"actions":[{"id":"action26","type":"key","parameters":{},"actions":[{"type":"keyDown","value":""},{"type":"pause","duration":10},{"type":"keyUp","value":""}]}]}
RESULT: {"actions":[{"id":"action26","type":"key","parameters":{},"actions":[{"type":"keyDown","value":""},{"type":"pause","duration":10},{"type":"keyUp","value":""}]}]}
COMMAND: POST /session/0c2956f598ca806f9665356f353b70f0/execute/async - {"script":"<script> [1562 bytes]","args":[{"selector":{"controlType":"sap.m.Tokenizer","viewName":"etm.portal.ui.managerequests.view.Edit","bindingPath":{"path":"/RequestItems/1","propertyPath":"LINK_TO_TAGS","modelName":"RequestItemsModel"}},"wdio_ui5_key":"etmportal.ui.managerequests.view.Editsap.m.Tokenizer{\"path\":\"/RequestItems/1\",\"propertyPath\":\"LINK_TO_TAGS\",\"modelName\":\"RequestItemsModel\"}"}]}
COMMAND: GET /session/0c2956f598ca806f9665356f353b70f0/screenshot - {}
RESULT: {"script":"<script> [1562 bytes]","args":[{"selector":{"controlType":"sap.m.Tokenizer","viewName":"etm.portal.ui.managerequests.view.Edit","bindingPath":{"path":"/RequestItems/1","propertyPath":"LINK_TO_TAGS","modelName":"RequestItemsModel"}},"wdio_ui5_key":"etmportal.ui.managerequests.view.Editsap.m.Tokenizer{\"path\":\"/RequestItems/1\",\"propertyPath\":\"LINK_TO_TAGS\",\"modelName\":\"RequestItemsModel\"}"}]}
RESULT: undefined
COMMAND: POST /session/0c2956f598ca806f9665356f353b70f0/element - {"using":"xpath","value":"//*[@id=\"__tokenizer67\"]"}
RESULT: {}
RESULT: {"using":"xpath","value":"//*[@id=\"__tokenizer67\"]"}
COMMAND: POST /session/0c2956f598ca806f9665356f353b70f0/element/f.20C66F91A75546181850ABA8914744C8.d.B3375B1D6D0651CABDC8FFCF51130027.e.3413/click - {}
RESULT: {}
COMMAND: GET /session/0c2956f598ca806f9665356f353b70f0/screenshot - {}
RESULT: {}
COMMAND: POST /session/0c2956f598ca806f9665356f353b70f0/execute/async - {"script":"<script> [1562 bytes]","args":[{"selector":{"controlType":"sap.ui.core.Icon","viewName":"etm.portal.ui.managerequests.view.Edit","properties":{"src":{"regex":{"source":"decline"}}},"searchOpenDialogs":true,"ancestor":{"controlType":"sap.m.StandardListItem","viewName":"etm.portal.ui.managerequests.view.Edit","properties":{"title":"tagRequest1"},"searchOpenDialogs":true}},"wdio_ui5_key":"etmportal.ui.managerequests.view.Editsap.ui.core.Icon{\"src\":{\"regex\":{\"source\":\"decline\"}}}{\"controlType\":\"sap.m.StandardListItem\",\"viewName\":\"etm.portal.ui.managerequests.view.Edit\",\"properties\":{\"title\":\"tagRequest1\"},\"searchOpenDialogs\":true}"}]}
RESULT: {"script":"<script> [1562 bytes]","args":[{"selector":{"controlType":"sap.ui.core.Icon","viewName":"etm.portal.ui.managerequests.view.Edit","properties":{"src":{"regex":{"source":"decline"}}},"searchOpenDialogs":true,"ancestor":{"controlType":"sap.m.StandardListItem","viewName":"etm.portal.ui.managerequests.view.Edit","properties":{"title":"tagRequest1"},"searchOpenDialogs":true}},"wdio_ui5_key":"etmportal.ui.managerequests.view.Editsap.ui.core.Icon{\"src\":{\"regex\":{\"source\":\"decline\"}}}{\"controlType\":\"sap.m.StandardListItem\",\"viewName\":\"etm.portal.ui.managerequests.view.Edit\",\"properties\":{\"title\":\"tagRequest1\"},\"searchOpenDialogs\":true}"}]}
RESULT: undefined
COMMAND: POST /session/0c2956f598ca806f9665356f353b70f0/element - {"using":"xpath","value":"//*[@id=\"__item1821-imgDel-img\"]"}
RESULT: {"using":"xpath","value":"//*[@id=\"__item1821-imgDel-img\"]"}
COMMAND: POST /session/0c2956f598ca806f9665356f353b70f0/element/f.20C66F91A75546181850ABA8914744C8.d.B3375B1D6D0651CABDC8FFCF51130027.e.3416/click - {}
RESULT: {}
COMMAND: GET /session/0c2956f598ca806f9665356f353b70f0/screenshot - {}
RESULT: {}
COMMAND: POST /session/0c2956f598ca806f9665356f353b70f0/execute/async - {"script":"<script> [1562 bytes]","args":[{"selector":{"controlType":"sap.ui.core.Icon","viewName":"etm.portal.ui.managerequests.view.Edit","properties":{"src":{"regex":{"source":"decline"}}},"searchOpenDialogs":true,"ancestor":{"controlType":"sap.m.StandardListItem","viewName":"etm.portal.ui.managerequests.view.Edit","properties":{"title":"RefTag"},"searchOpenDialogs":true}},"wdio_ui5_key":"etmportal.ui.managerequests.view.Editsap.ui.core.Icon{\"src\":{\"regex\":{\"source\":\"decline\"}}}{\"controlType\":\"sap.m.StandardListItem\",\"viewName\":\"etm.portal.ui.managerequests.view.Edit\",\"properties\":{\"title\":\"RefTag\"},\"searchOpenDialogs\":true}"}]}
RESULT: {"script":"<script> [1562 bytes]","args":[{"selector":{"controlType":"sap.ui.core.Icon","viewName":"etm.portal.ui.managerequests.view.Edit","properties":{"src":{"regex":{"source":"decline"}}},"searchOpenDialogs":true,"ancestor":{"controlType":"sap.m.StandardListItem","viewName":"etm.portal.ui.managerequests.view.Edit","properties":{"title":"RefTag"},"searchOpenDialogs":true}},"wdio_ui5_key":"etmportal.ui.managerequests.view.Editsap.ui.core.Icon{\"src\":{\"regex\":{\"source\":\"decline\"}}}{\"controlType\":\"sap.m.StandardListItem\",\"viewName\":\"etm.portal.ui.managerequests.view.Edit\",\"properties\":{\"title\":\"RefTag\"},\"searchOpenDialogs\":true}"}]}
RESULT: undefined
COMMAND: POST /session/0c2956f598ca806f9665356f353b70f0/element - {"using":"xpath","value":"//*[@id=\"__item1825-imgDel-img\"]"}
RESULT: {"using":"xpath","value":"//*[@id=\"__item1825-imgDel-img\"]"}
COMMAND: POST /session/0c2956f598ca806f9665356f353b70f0/element/f.20C66F91A75546181850ABA8914744C8.d.B3375B1D6D0651CABDC8FFCF51130027.e.3419/click - {}
RESULT: {}
COMMAND: GET /session/0c2956f598ca806f9665356f353b70f0/screenshot - {}
RESULT: {}
COMMAND: POST /session/0c2956f598ca806f9665356f353b70f0/execute/async - {"script":"<script> [1562 bytes]","args":[{"selector":{"controlType":"sap.ui.core.Icon","viewName":"etm.portal.ui.managerequests.view.Edit","properties":{"src":{"regex":{"source":"decline"}}},"searchOpenDialogs":true,"ancestor":{"controlType":"sap.m.StandardListItem","viewName":"etm.portal.ui.managerequests.view.Edit","properties":{"title":"tag-header"},"searchOpenDialogs":true}},"wdio_ui5_key":"etmportal.ui.managerequests.view.Editsap.ui.core.Icon{\"src\":{\"regex\":{\"source\":\"decline\"}}}{\"controlType\":\"sap.m.StandardListItem\",\"viewName\":\"etm.portal.ui.managerequests.view.Edit\",\"properties\":{\"title\":\"tag-header\"},\"searchOpenDialogs\":true}"}]}
RESULT: {"script":"<script> [1562 bytes]","args":[{"selector":{"controlType":"sap.ui.core.Icon","viewName":"etm.portal.ui.managerequests.view.Edit","properties":{"src":{"regex":{"source":"decline"}}},"searchOpenDialogs":true,"ancestor":{"controlType":"sap.m.StandardListItem","viewName":"etm.portal.ui.managerequests.view.Edit","properties":{"title":"tag-header"},"searchOpenDialogs":true}},"wdio_ui5_key":"etmportal.ui.managerequests.view.Editsap.ui.core.Icon{\"src\":{\"regex\":{\"source\":\"decline\"}}}{\"controlType\":\"sap.m.StandardListItem\",\"viewName\":\"etm.portal.ui.managerequests.view.Edit\",\"properties\":{\"title\":\"tag-header\"},\"searchOpenDialogs\":true}"}]}
RESULT: undefined
COMMAND: POST /session/0c2956f598ca806f9665356f353b70f0/element - {"using":"xpath","value":"//*[@id=\"__item1828-imgDel-img\"]"}
RESULT: {"using":"xpath","value":"//*[@id=\"__item1828-imgDel-img\"]"}
COMMAND: POST /session/0c2956f598ca806f9665356f353b70f0/element/f.20C66F91A75546181850ABA8914744C8.d.B3375B1D6D0651CABDC8FFCF51130027.e.3422/click - {}
RESULT: {}
COMMAND: GET /session/0c2956f598ca806f9665356f353b70f0/screenshot - {}
RESULT: {}
COMMAND: POST /session/0c2956f598ca806f9665356f353b70f0/actions - {"actions":[{"id":"action27","type":"key","parameters":{},"actions":[{"type":"keyDown","value":""},{"type":"pause","duration":10},{"type":"keyUp","value":""}]}]}
RESULT: {"actions":[{"id":"action27","type":"key","parameters":{},"actions":[{"type":"keyDown","value":""},{"type":"pause","duration":10},{"type":"keyUp","value":""}]}]}
COMMAND: POST /session/0c2956f598ca806f9665356f353b70f0/actions - {"actions":[{"id":"action28","type":"key","parameters":{},"actions":[{"type":"keyDown","value":""},{"type":"pause","duration":10},{"type":"keyUp","value":""}]}]}
COMMAND: GET /session/0c2956f598ca806f9665356f353b70f0/screenshot - {}
RESULT: {"actions":[{"id":"action28","type":"key","parameters":{},"actions":[{"type":"keyDown","value":""},{"type":"pause","duration":10},{"type":"keyUp","value":""}]}]}
COMMAND: GET /session/0c2956f598ca806f9665356f353b70f0/screenshot - {}
RESULT: {}
RESULT: {}
COMMAND: POST /session/0c2956f598ca806f9665356f353b70f0/execute/async - {"script":"<script> [1562 bytes]","args":[{"selector":{"controlType":"sap.m.Button","viewName":"etm.portal.ui.managerequests.view.Edit","i18NText":{"propertyName":"tooltip","key":"save"},"interaction":{"idSuffix":"BDI-content"}},"wdio_ui5_key":"etmportal.ui.managerequests.view.Editsap.m.Button{\"propertyName\":\"tooltip\",\"key\":\"save\"}"}]}
RESULT: {"script":"<script> [1562 bytes]","args":[{"selector":{"controlType":"sap.m.Button","viewName":"etm.portal.ui.managerequests.view.Edit","i18NText":{"propertyName":"tooltip","key":"save"},"interaction":{"idSuffix":"BDI-content"}},"wdio_ui5_key":"etmportal.ui.managerequests.view.Editsap.m.Button{\"propertyName\":\"tooltip\",\"key\":\"save\"}"}]}
RESULT: undefined
COMMAND: POST /session/0c2956f598ca806f9665356f353b70f0/element - {"using":"xpath","value":"//*[@id=\"__xmlview61--saveButtonId\"]"}
RESULT: {"using":"xpath","value":"//*[@id=\"__xmlview61--saveButtonId\"]"}
COMMAND: POST /session/0c2956f598ca806f9665356f353b70f0/element/f.20C66F91A75546181850ABA8914744C8.d.B3375B1D6D0651CABDC8FFCF51130027.e.3323/click - {}
RESULT: {}
COMMAND: GET /session/0c2956f598ca806f9665356f353b70f0/screenshot - {}
RESULT: {}
COMMAND: POST /session/0c2956f598ca806f9665356f353b70f0/execute/async - {"script":"<script> [1562 bytes]","args":[{"selector":{"id":"tagsLayoutViewMode","viewName":"etm.portal.ui.managerequests.view.Detail"},"wdio_ui5_key":"tagsLayoutViewModeetmportal.ui.managerequests.view.Detail"}]}
RESULT: {"script":"<script> [1562 bytes]","args":[{"selector":{"id":"tagsLayoutViewMode","viewName":"etm.portal.ui.managerequests.view.Detail"},"wdio_ui5_key":"tagsLayoutViewModeetmportal.ui.managerequests.view.Detail"}]}
RESULT: undefined
COMMAND: POST /session/0c2956f598ca806f9665356f353b70f0/execute/async - {"script":"<script> [6424 bytes]","args":[{"element-6066-11e4-a52e-4f735466cecf":"f.20C66F91A75546181850ABA8914744C8.d.B3375B1D6D0651CABDC8FFCF51130027.e.3530"},"getTokens",[]]}
RESULT: {"script":"<script> [6424 bytes]","args":[{"element-6066-11e4-a52e-4f735466cecf":"f.20C66F91A75546181850ABA8914744C8.d.B3375B1D6D0651CABDC8FFCF51130027.e.3530"},"getTokens",[]]}
COMMAND: POST /session/0c2956f598ca806f9665356f353b70f0/execute/async - {"script":"<script> [1562 bytes]","args":[{"wdio_ui5_key":"__token11-__xmlview60--tagsLayoutViewMode-1","selector":{"id":"__token11-__xmlview60--tagsLayoutViewMode-1"}}]}
COMMAND: POST /session/0c2956f598ca806f9665356f353b70f0/execute/async - {"script":"<script> [1562 bytes]","args":[{"wdio_ui5_key":"__token11-__xmlview60--tagsLayoutViewMode-0","selector":{"id":"__token11-__xmlview60--tagsLayoutViewMode-0"}}]}
RESULT: {"script":"<script> [1562 bytes]","args":[{"wdio_ui5_key":"__token11-__xmlview60--tagsLayoutViewMode-0","selector":{"id":"__token11-__xmlview60--tagsLayoutViewMode-0"}}]}
RESULT: undefined
RESULT: {"script":"<script> [1562 bytes]","args":[{"wdio_ui5_key":"__token11-__xmlview60--tagsLayoutViewMode-1","selector":{"id":"__token11-__xmlview60--tagsLayoutViewMode-1"}}]}
RESULT: undefined
COMMAND: POST /session/0c2956f598ca806f9665356f353b70f0/execute/async - {"script":"<script> [1562 bytes]","args":[{"selector":{"controlType":"sap.m.OverflowToolbarButton","viewName":"etm.portal.ui.managerequests.view.Detail","properties":{"text":"Settings"},"interaction":{"idSuffix":"inner"}},"wdio_ui5_key":"etmportal.ui.managerequests.view.Detailsap.m.OverflowToolbarButton{\"text\":\"Settings\"}"}]}
RESULT: {"script":"<script> [1562 bytes]","args":[{"selector":{"controlType":"sap.m.OverflowToolbarButton","viewName":"etm.portal.ui.managerequests.view.Detail","properties":{"text":"Settings"},"interaction":{"idSuffix":"inner"}},"wdio_ui5_key":"etmportal.ui.managerequests.view.Detailsap.m.OverflowToolbarButton{\"text\":\"Settings\"}"}]}
RESULT: undefined
COMMAND: POST /session/0c2956f598ca806f9665356f353b70f0/element - {"using":"xpath","value":"//*[@id=\"__xmlview60--smartTableRequestItems-btnPersonalisation\"]"}
RESULT: {"using":"xpath","value":"//*[@id=\"__xmlview60--smartTableRequestItems-btnPersonalisation\"]"}
COMMAND: POST /session/0c2956f598ca806f9665356f353b70f0/element/f.20C66F91A75546181850ABA8914744C8.d.B3375B1D6D0651CABDC8FFCF51130027.e.3534/click - {}
RESULT: {}
COMMAND: POST /session/0c2956f598ca806f9665356f353b70f0/execute/async - {"script":"<script> [1562 bytes]","args":[{"selector":{"controlType":"sap.m.SearchField","viewName":"etm.portal.ui.managerequests.view.Detail","searchOpenDialogs":true,"interaction":{"idSuffix":"I"}},"wdio_ui5_key":"etmportal.ui.managerequests.view.Detailsap.m.SearchField"}]}
COMMAND: GET /session/0c2956f598ca806f9665356f353b70f0/screenshot - {}
RESULT: {"script":"<script> [1562 bytes]","args":[{"selector":{"controlType":"sap.m.SearchField","viewName":"etm.portal.ui.managerequests.view.Detail","searchOpenDialogs":true,"interaction":{"idSuffix":"I"}},"wdio_ui5_key":"etmportal.ui.managerequests.view.Detailsap.m.SearchField"}]}
RESULT: undefined
COMMAND: POST /session/0c2956f598ca806f9665356f353b70f0/execute/async - {"script":"<script> [776 bytes]","args":[{"enterText":"tag","selector":{"controlType":"sap.m.SearchField","viewName":"etm.portal.ui.managerequests.view.Detail","searchOpenDialogs":true,"interaction":{"idSuffix":"I"}},"clearTextFirst":true,"interactionType":"ENTER_TEXT"}]}
RESULT: {}
RESULT: {"script":"<script> [776 bytes]","args":[{"enterText":"tag","selector":{"controlType":"sap.m.SearchField","viewName":"etm.portal.ui.managerequests.view.Detail","searchOpenDialogs":true,"interaction":{"idSuffix":"I"}},"clearTextFirst":true,"interactionType":"ENTER_TEXT"}]}
COMMAND: POST /session/0c2956f598ca806f9665356f353b70f0/element - {"using":"xpath","value":"//div[contains(@id ,\"innerSelectionPanelTable-0-selectMulti-CbBg\")]"}
RESULT: {"using":"xpath","value":"//div[contains(@id ,\"innerSelectionPanelTable-0-selectMulti-CbBg\")]"}
COMMAND: POST /session/0c2956f598ca806f9665356f353b70f0/element/f.20C66F91A75546181850ABA8914744C8.d.B3375B1D6D0651CABDC8FFCF51130027.e.3571/click - {}
RESULT: {}
COMMAND: POST /session/0c2956f598ca806f9665356f353b70f0/execute/async - {"script":"<script> [1562 bytes]","args":[{"selector":{"controlType":"sap.m.Button","viewName":"etm.portal.ui.managerequests.view.Detail","properties":{"text":"OK"},"searchOpenDialogs":true,"interaction":{"idSuffix":"BDI-content"}},"wdio_ui5_key":"etmportal.ui.managerequests.view.Detailsap.m.Button{\"text\":\"OK\"}"}]}
COMMAND: GET /session/0c2956f598ca806f9665356f353b70f0/screenshot - {}
RESULT: {"script":"<script> [1562 bytes]","args":[{"selector":{"controlType":"sap.m.Button","viewName":"etm.portal.ui.managerequests.view.Detail","properties":{"text":"OK"},"searchOpenDialogs":true,"interaction":{"idSuffix":"BDI-content"}},"wdio_ui5_key":"etmportal.ui.managerequests.view.Detailsap.m.Button{\"text\":\"OK\"}"}]}
RESULT: undefined
COMMAND: POST /session/0c2956f598ca806f9665356f353b70f0/element - {"using":"xpath","value":"//*[@id=\"__popup377-confirmBtn\"]"}
RESULT: {}
RESULT: {"using":"xpath","value":"//*[@id=\"__popup377-confirmBtn\"]"}
COMMAND: POST /session/0c2956f598ca806f9665356f353b70f0/element/f.20C66F91A75546181850ABA8914744C8.d.B3375B1D6D0651CABDC8FFCF51130027.e.3576/click - {}
RESULT: {}
COMMAND: GET /session/0c2956f598ca806f9665356f353b70f0/screenshot - {}
RESULT: {}
COMMAND: POST /session/0c2956f598ca806f9665356f353b70f0/execute/async - {"script":"<script> [1562 bytes]","args":[{"selector":{"controlType":"sap.m.Text","viewName":"etm.portal.ui.managerequests.view.Detail","bindingPath":{"propertyPath":"NO","modelName":"catalogModel"}},"wdio_ui5_key":"etmportal.ui.managerequests.view.Detailsap.m.Text{\"propertyPath\":\"NO\",\"modelName\":\"catalogModel\"}"}]}
RESULT: {"script":"<script> [1562 bytes]","args":[{"selector":{"controlType":"sap.m.Text","viewName":"etm.portal.ui.managerequests.view.Detail","bindingPath":{"propertyPath":"NO","modelName":"catalogModel"}},"wdio_ui5_key":"etmportal.ui.managerequests.view.Detailsap.m.Text{\"propertyPath\":\"NO\",\"modelName\":\"catalogModel\"}"}]}
RESULT: undefined
COMMAND: POST /session/0c2956f598ca806f9665356f353b70f0/execute/async - {"script":"<script> [6424 bytes]","args":[{"element-6066-11e4-a52e-4f735466cecf":"f.20C66F91A75546181850ABA8914744C8.d.B3375B1D6D0651CABDC8FFCF51130027.e.3591"},"getText",[]]}
RESULT: {"script":"<script> [6424 bytes]","args":[{"element-6066-11e4-a52e-4f735466cecf":"f.20C66F91A75546181850ABA8914744C8.d.B3375B1D6D0651CABDC8FFCF51130027.e.3591"},"getText",[]]}
COMMAND: POST /session/0c2956f598ca806f9665356f353b70f0/execute/async - {"script":"<script> [1562 bytes]","args":[{"selector":{"controlType":"sap.m.Tokenizer","viewName":"etm.portal.ui.managerequests.view.Detail","bindingPath":{"path":"/SmartRequestItemsPlanningBoard(ITEM=10m,REQUEST='20178')","propertyPath":"LINK_TO_TAGS"}},"wdio_ui5_key":"etmportal.ui.managerequests.view.Detailsap.m.Tokenizer{\"path\":\"/SmartRequestItemsPlanningBoard(ITEM=10m,REQUEST='20178')\",\"propertyPath\":\"LINK_TO_TAGS\"}"}]}
RESULT: {"script":"<script> [1562 bytes]","args":[{"selector":{"controlType":"sap.m.Tokenizer","viewName":"etm.portal.ui.managerequests.view.Detail","bindingPath":{"path":"/SmartRequestItemsPlanningBoard(ITEM=10m,REQUEST='20178')","propertyPath":"LINK_TO_TAGS"}},"wdio_ui5_key":"etmportal.ui.managerequests.view.Detailsap.m.Tokenizer{\"path\":\"/SmartRequestItemsPlanningBoard(ITEM=10m,REQUEST='20178')\",\"propertyPath\":\"LINK_TO_TAGS\"}"}]}
RESULT: undefined
COMMAND: POST /session/0c2956f598ca806f9665356f353b70f0/execute/async - {"script":"<script> [6424 bytes]","args":[{"element-6066-11e4-a52e-4f735466cecf":"f.20C66F91A75546181850ABA8914744C8.d.B3375B1D6D0651CABDC8FFCF51130027.e.3592"},"getTokens",[]]}
RESULT: {"script":"<script> [6424 bytes]","args":[{"element-6066-11e4-a52e-4f735466cecf":"f.20C66F91A75546181850ABA8914744C8.d.B3375B1D6D0651CABDC8FFCF51130027.e.3592"},"getTokens",[]]}
COMMAND: POST /session/0c2956f598ca806f9665356f353b70f0/execute/async - {"script":"<script> [1562 bytes]","args":[{"wdio_ui5_key":"__token12-__tokenizer63-__clone4740-1","selector":{"id":"__token12-__tokenizer63-__clone4740-1"}}]}
COMMAND: POST /session/0c2956f598ca806f9665356f353b70f0/execute/async - {"script":"<script> [1562 bytes]","args":[{"wdio_ui5_key":"__token12-__tokenizer63-__clone4740-2","selector":{"id":"__token12-__tokenizer63-__clone4740-2"}}]}
COMMAND: POST /session/0c2956f598ca806f9665356f353b70f0/execute/async - {"script":"<script> [1562 bytes]","args":[{"wdio_ui5_key":"__token12-__tokenizer63-__clone4740-0","selector":{"id":"__token12-__tokenizer63-__clone4740-0"}}]}
RESULT: {"script":"<script> [1562 bytes]","args":[{"wdio_ui5_key":"__token12-__tokenizer63-__clone4740-1","selector":{"id":"__token12-__tokenizer63-__clone4740-1"}}]}
RESULT: undefined
RESULT: {"script":"<script> [1562 bytes]","args":[{"wdio_ui5_key":"__token12-__tokenizer63-__clone4740-2","selector":{"id":"__token12-__tokenizer63-__clone4740-2"}}]}
RESULT: undefined
RESULT: {"script":"<script> [1562 bytes]","args":[{"wdio_ui5_key":"__token12-__tokenizer63-__clone4740-0","selector":{"id":"__token12-__tokenizer63-__clone4740-0"}}]}
RESULT: undefined
COMMAND: POST /session/0c2956f598ca806f9665356f353b70f0/element - {"using":"xpath","value":"(//span[contains(text(), \"tag-header\")])[2]"}
RESULT: {"using":"xpath","value":"(//span[contains(text(), \"tag-header\")])[2]"}
COMMAND: POST /session/0c2956f598ca806f9665356f353b70f0/elements - {"using":"xpath","value":"(//span[contains(text(), \"tag-header\")])[2]"}
RESULT: {"using":"xpath","value":"(//span[contains(text(), \"tag-header\")])[2]"}
COMMAND: POST /session/0c2956f598ca806f9665356f353b70f0/execute/async - {"script":"<script> [1562 bytes]","args":[{"selector":{"controlType":"sap.m.Tokenizer","viewName":"etm.portal.ui.managerequests.view.Detail","bindingPath":{"path":"/SmartRequestItemsPlanningBoard(ITEM=20m,REQUEST='20178')","propertyPath":"LINK_TO_TAGS"}},"wdio_ui5_key":"etmportal.ui.managerequests.view.Detailsap.m.Tokenizer{\"path\":\"/SmartRequestItemsPlanningBoard(ITEM=20m,REQUEST='20178')\",\"propertyPath\":\"LINK_TO_TAGS\"}"}]}
RESULT: {"script":"<script> [1562 bytes]","args":[{"selector":{"controlType":"sap.m.Tokenizer","viewName":"etm.portal.ui.managerequests.view.Detail","bindingPath":{"path":"/SmartRequestItemsPlanningBoard(ITEM=20m,REQUEST='20178')","propertyPath":"LINK_TO_TAGS"}},"wdio_ui5_key":"etmportal.ui.managerequests.view.Detailsap.m.Tokenizer{\"path\":\"/SmartRequestItemsPlanningBoard(ITEM=20m,REQUEST='20178')\",\"propertyPath\":\"LINK_TO_TAGS\"}"}]}
RESULT: undefined
COMMAND: POST /session/0c2956f598ca806f9665356f353b70f0/execute/async - {"script":"<script> [6424 bytes]","args":[{"element-6066-11e4-a52e-4f735466cecf":"f.20C66F91A75546181850ABA8914744C8.d.B3375B1D6D0651CABDC8FFCF51130027.e.3597"},"getTokens",[]]}
RESULT: {"script":"<script> [6424 bytes]","args":[{"element-6066-11e4-a52e-4f735466cecf":"f.20C66F91A75546181850ABA8914744C8.d.B3375B1D6D0651CABDC8FFCF51130027.e.3597"},"getTokens",[]]}
COMMAND: POST /session/0c2956f598ca806f9665356f353b70f0/element - {"using":"css selector","value":"#shell-header-logo"}
RESULT: {"using":"css selector","value":"#shell-header-logo"}
COMMAND: POST /session/0c2956f598ca806f9665356f353b70f0/element/f.20C66F91A75546181850ABA8914744C8.d.B3375B1D6D0651CABDC8FFCF51130027.e.2554/click - {}
RESULT: {}
COMMAND: GET /session/0c2956f598ca806f9665356f353b70f0/screenshot - {}
RESULT: {}
]]></system-out>
    </testcase>
  </testsuite>
  <testsuite timestamp="2025-04-17T05:58:12" time="570.038" tests="4" failures="0" errors="0" skipped="0">
    <properties>
      <property name="specId" value="0"/>
      <property name="suiteName" value="Manage request + Contract processing pick up option US120163 "/>
      <property name="capabilities" value="chrome.135_0_7049_42.windows"/>
      <property name="file" value="file:///D:/a/1/s/test/specs/R2C/create-request-Pickup.spec.js"/>
    </properties>
    <testcase classname="chrome.135_0_7049_42.windows.Manage_request_+_Contract_processing_pick_up_option_US120163_" name="Should create a new contract" time="56.332">
      <system-out><![CDATA[
COMMAND: POST /session/0c2956f598ca806f9665356f353b70f0/execute/async - {"script":"<script> [1562 bytes]","args":[{"selector":{"controlType":"sap.m.Text","viewName":"etm.portal.ui.managecontractstile.view.Master","properties":{"text":"Manage Contracts"},"interaction":{"idSuffix":"inner"}},"wdio_ui5_key":"etmportal.ui.managecontractstile.view.Mastersap.m.Text{\"text\":\"Manage Contracts\"}"}]}
RESULT: {"script":"<script> [1562 bytes]","args":[{"selector":{"controlType":"sap.m.Text","viewName":"etm.portal.ui.managecontractstile.view.Master","properties":{"text":"Manage Contracts"},"interaction":{"idSuffix":"inner"}},"wdio_ui5_key":"etmportal.ui.managecontractstile.view.Mastersap.m.Text{\"text\":\"Manage Contracts\"}"}]}
RESULT: undefined
COMMAND: POST /session/0c2956f598ca806f9665356f353b70f0/element - {"using":"xpath","value":"//*[@id=\"__tile132-title\"]"}
RESULT: {"using":"xpath","value":"//*[@id=\"__tile132-title\"]"}
COMMAND: POST /session/0c2956f598ca806f9665356f353b70f0/element/f.20C66F91A75546181850ABA8914744C8.d.B3375B1D6D0651CABDC8FFCF51130027.e.3601/click - {}
RESULT: {}
COMMAND: GET /session/0c2956f598ca806f9665356f353b70f0/screenshot - {}
RESULT: {}
RESULT: undefined
RESULT: undefined
COMMAND: POST /session/0c2956f598ca806f9665356f353b70f0/execute/async - {"script":"<script> [1562 bytes]","args":[{"selector":{"controlType":"sap.ui.core.Icon","viewName":"etm.portal.ui.managecontracts.view.Master","properties":{"src":{"regex":{"source":"add"}}}},"wdio_ui5_key":"etmportal.ui.managecontracts.view.Mastersap.ui.core.Icon{\"src\":{\"regex\":{\"source\":\"add\"}}}"}]}
RESULT: {"script":"<script> [1562 bytes]","args":[{"selector":{"controlType":"sap.ui.core.Icon","viewName":"etm.portal.ui.managecontracts.view.Master","properties":{"src":{"regex":{"source":"add"}}}},"wdio_ui5_key":"etmportal.ui.managecontracts.view.Mastersap.ui.core.Icon{\"src\":{\"regex\":{\"source\":\"add\"}}}"}]}
RESULT: undefined
COMMAND: POST /session/0c2956f598ca806f9665356f353b70f0/element - {"using":"xpath","value":"//*[@id=\"__button187-img\"]"}
RESULT: {"using":"xpath","value":"//*[@id=\"__button187-img\"]"}
COMMAND: POST /session/0c2956f598ca806f9665356f353b70f0/element/f.20C66F91A75546181850ABA8914744C8.d.B3375B1D6D0651CABDC8FFCF51130027.e.3652/click - {}
RESULT: {}
COMMAND: POST /session/0c2956f598ca806f9665356f353b70f0/execute/async - {"script":"<script> [1562 bytes]","args":[{"selector":{"id":"application-managecontracts-display-component---AddNewContract--projectDescription","interaction":{"idSuffix":"inner"}},"wdio_ui5_key":"applicationmanagecontracts-display-component---AddNewContract--projectDescription"}]}
COMMAND: GET /session/0c2956f598ca806f9665356f353b70f0/screenshot - {}
RESULT: {"script":"<script> [1562 bytes]","args":[{"selector":{"id":"application-managecontracts-display-component---AddNewContract--projectDescription","interaction":{"idSuffix":"inner"}},"wdio_ui5_key":"applicationmanagecontracts-display-component---AddNewContract--projectDescription"}]}
RESULT: undefined
COMMAND: POST /session/0c2956f598ca806f9665356f353b70f0/execute/async - {"script":"<script> [776 bytes]","args":[{"enterText":"PickupContractru51mg","selector":{"id":"application-managecontracts-display-component---AddNewContract--projectDescription","interaction":{"idSuffix":"inner"}},"clearTextFirst":true,"interactionType":"ENTER_TEXT"}]}
RESULT: {}
RESULT: {"script":"<script> [776 bytes]","args":[{"enterText":"PickupContractru51mg","selector":{"id":"application-managecontracts-display-component---AddNewContract--projectDescription","interaction":{"idSuffix":"inner"}},"clearTextFirst":true,"interactionType":"ENTER_TEXT"}]}
COMMAND: POST /session/0c2956f598ca806f9665356f353b70f0/element - {"using":"xpath","value":"//input[contains(@id ,\"application-managecontracts-display-component---AddNewContract--yardId-inner\")]"}
RESULT: {"using":"xpath","value":"//input[contains(@id ,\"application-managecontracts-display-component---AddNewContract--yardId-inner\")]"}
COMMAND: POST /session/0c2956f598ca806f9665356f353b70f0/element/f.20C66F91A75546181850ABA8914744C8.d.B3375B1D6D0651CABDC8FFCF51130027.e.3938/value - {"text":"WebdriverYardi7zud"}
RESULT: {"text":"WebdriverYardi7zud"}
COMMAND: GET /session/0c2956f598ca806f9665356f353b70f0/screenshot - {}
RESULT: {}
COMMAND: POST /session/0c2956f598ca806f9665356f353b70f0/actions - {"actions":[{"id":"action29","type":"key","parameters":{},"actions":[{"type":"keyDown","value":""},{"type":"pause","duration":10},{"type":"keyUp","value":""}]}]}
RESULT: {"actions":[{"id":"action29","type":"key","parameters":{},"actions":[{"type":"keyDown","value":""},{"type":"pause","duration":10},{"type":"keyUp","value":""}]}]}
COMMAND: GET /session/0c2956f598ca806f9665356f353b70f0/screenshot - {}
RESULT: {}
COMMAND: POST /session/0c2956f598ca806f9665356f353b70f0/element - {"using":"xpath","value":"//input[contains(@id ,\"application-managecontracts-display-component---AddNewContract--customerSelect-inner\")]"}
RESULT: {"using":"xpath","value":"//input[contains(@id ,\"application-managecontracts-display-component---AddNewContract--customerSelect-inner\")]"}
COMMAND: POST /session/0c2956f598ca806f9665356f353b70f0/element/f.20C66F91A75546181850ABA8914744C8.d.B3375B1D6D0651CABDC8FFCF51130027.e.3936/value - {"text":"WebdriverPartner4gxjz"}
RESULT: {"text":"WebdriverPartner4gxjz"}
COMMAND: GET /session/0c2956f598ca806f9665356f353b70f0/screenshot - {}
RESULT: {}
COMMAND: POST /session/0c2956f598ca806f9665356f353b70f0/actions - {"actions":[{"id":"action30","type":"key","parameters":{},"actions":[{"type":"keyDown","value":""},{"type":"pause","duration":10},{"type":"keyUp","value":""}]}]}
RESULT: {"actions":[{"id":"action30","type":"key","parameters":{},"actions":[{"type":"keyDown","value":""},{"type":"pause","duration":10},{"type":"keyUp","value":""}]}]}
COMMAND: GET /session/0c2956f598ca806f9665356f353b70f0/screenshot - {}
RESULT: {}
COMMAND: POST /session/0c2956f598ca806f9665356f353b70f0/element - {"using":"xpath","value":"//input[contains(@id ,\"application-managecontracts-display-component---AddNewContract--site-inner\")]"}
RESULT: {"using":"xpath","value":"//input[contains(@id ,\"application-managecontracts-display-component---AddNewContract--site-inner\")]"}
COMMAND: POST /session/0c2956f598ca806f9665356f353b70f0/element/f.20C66F91A75546181850ABA8914744C8.d.B3375B1D6D0651CABDC8FFCF51130027.e.3937/value - {"text":"WebdriverSite5136l"}
RESULT: {"text":"WebdriverSite5136l"}
COMMAND: GET /session/0c2956f598ca806f9665356f353b70f0/screenshot - {}
RESULT: {}
COMMAND: POST /session/0c2956f598ca806f9665356f353b70f0/actions - {"actions":[{"id":"action31","type":"key","parameters":{},"actions":[{"type":"keyDown","value":""},{"type":"pause","duration":10},{"type":"keyUp","value":""}]}]}
RESULT: {"actions":[{"id":"action31","type":"key","parameters":{},"actions":[{"type":"keyDown","value":""},{"type":"pause","duration":10},{"type":"keyUp","value":""}]}]}
COMMAND: GET /session/0c2956f598ca806f9665356f353b70f0/screenshot - {}
RESULT: {}
COMMAND: POST /session/0c2956f598ca806f9665356f353b70f0/execute/async - {"script":"<script> [1562 bytes]","args":[{"selector":{"id":"application-managecontracts-display-component---AddNewContract--saveBtn","interaction":{"idSuffix":"BDI-content"}},"wdio_ui5_key":"applicationmanagecontracts-display-component---AddNewContract--saveBtn"}]}
RESULT: {"script":"<script> [1562 bytes]","args":[{"selector":{"id":"application-managecontracts-display-component---AddNewContract--saveBtn","interaction":{"idSuffix":"BDI-content"}},"wdio_ui5_key":"applicationmanagecontracts-display-component---AddNewContract--saveBtn"}]}
RESULT: undefined
COMMAND: POST /session/0c2956f598ca806f9665356f353b70f0/element - {"using":"xpath","value":"//*[@id=\"application-managecontracts-display-component---AddNewContract--saveBtn\"]"}
RESULT: {"using":"xpath","value":"//*[@id=\"application-managecontracts-display-component---AddNewContract--saveBtn\"]"}
COMMAND: POST /session/0c2956f598ca806f9665356f353b70f0/element/f.20C66F91A75546181850ABA8914744C8.d.B3375B1D6D0651CABDC8FFCF51130027.e.3961/click - {}
RESULT: {}
COMMAND: GET /session/0c2956f598ca806f9665356f353b70f0/screenshot - {}
RESULT: {}
COMMAND: POST /session/0c2956f598ca806f9665356f353b70f0/element - {"using":"xpath","value":"//span[contains(@id ,\"contractDetailTitleNoExpanded\")]"}
RESULT: {"using":"xpath","value":"//span[contains(@id ,\"contractDetailTitleNoExpanded\")]"}
COMMAND: GET /session/0c2956f598ca806f9665356f353b70f0/element/f.20C66F91A75546181850ABA8914744C8.d.B3375B1D6D0651CABDC8FFCF51130027.e.4040/text - {}
RESULT: {}
COMMAND: POST /session/0c2956f598ca806f9665356f353b70f0/element - {"using":"css selector","value":"#shell-header-logo"}
RESULT: {"using":"css selector","value":"#shell-header-logo"}
COMMAND: POST /session/0c2956f598ca806f9665356f353b70f0/element/f.20C66F91A75546181850ABA8914744C8.d.B3375B1D6D0651CABDC8FFCF51130027.e.3603/click - {}
RESULT: {}
COMMAND: GET /session/0c2956f598ca806f9665356f353b70f0/screenshot - {}
RESULT: {}
]]></system-out>
    </testcase>
    <testcase classname="chrome.135_0_7049_42.windows.Manage_request_+_Contract_processing_pick_up_option_US120163_" name="Should create a new material" time="150.048">
      <system-out><![CDATA[
COMMAND: POST /session/0c2956f598ca806f9665356f353b70f0/execute/async - {"script":"<script> [1562 bytes]","args":[{"selector":{"controlType":"sap.m.GenericTile","properties":{"header":"Manage Resources"}},"wdio_ui5_key":"sapm.GenericTile{\"header\":\"Manage Resources\"}"}]}
RESULT: {"script":"<script> [1562 bytes]","args":[{"selector":{"controlType":"sap.m.GenericTile","properties":{"header":"Manage Resources"}},"wdio_ui5_key":"sapm.GenericTile{\"header\":\"Manage Resources\"}"}]}
RESULT: undefined
COMMAND: POST /session/0c2956f598ca806f9665356f353b70f0/element - {"using":"xpath","value":"//*[@id=\"__tile39\"]"}
RESULT: {"using":"xpath","value":"//*[@id=\"__tile39\"]"}
COMMAND: POST /session/0c2956f598ca806f9665356f353b70f0/element/f.20C66F91A75546181850ABA8914744C8.d.B3375B1D6D0651CABDC8FFCF51130027.e.4044/click - {}
RESULT: {}
COMMAND: GET /session/0c2956f598ca806f9665356f353b70f0/screenshot - {}
RESULT: {}
COMMAND: POST /session/0c2956f598ca806f9665356f353b70f0/element - {"using":"xpath","value":"//button[@data-kt=\"addNewRUOverflowToolbarButton\"]"}
RESULT: {"using":"xpath","value":"//button[@data-kt=\"addNewRUOverflowToolbarButton\"]"}
COMMAND: POST /session/0c2956f598ca806f9665356f353b70f0/element - {"using":"xpath","value":"//button[@data-kt=\"addNewRUOverflowToolbarButton\"]"}
RESULT: {"using":"xpath","value":"//button[@data-kt=\"addNewRUOverflowToolbarButton\"]"}
COMMAND: POST /session/0c2956f598ca806f9665356f353b70f0/element - {"using":"xpath","value":"//button[@data-kt=\"addNewRUOverflowToolbarButton\"]"}
RESULT: {"using":"xpath","value":"//button[@data-kt=\"addNewRUOverflowToolbarButton\"]"}
COMMAND: POST /session/0c2956f598ca806f9665356f353b70f0/element - {"using":"xpath","value":"//button[@data-kt=\"addNewRUOverflowToolbarButton\"]"}
RESULT: undefined
RESULT: undefined
RESULT: {"using":"xpath","value":"//button[@data-kt=\"addNewRUOverflowToolbarButton\"]"}
COMMAND: POST /session/0c2956f598ca806f9665356f353b70f0/element - {"using":"xpath","value":"//button[@data-kt=\"addNewRUOverflowToolbarButton\"]"}
RESULT: {"using":"xpath","value":"//button[@data-kt=\"addNewRUOverflowToolbarButton\"]"}
COMMAND: POST /session/0c2956f598ca806f9665356f353b70f0/element - {"using":"xpath","value":"//button[@data-kt=\"addNewRUOverflowToolbarButton\"]"}
RESULT: {"using":"xpath","value":"//button[@data-kt=\"addNewRUOverflowToolbarButton\"]"}
COMMAND: POST /session/0c2956f598ca806f9665356f353b70f0/element - {"using":"xpath","value":"//button[@data-kt=\"addNewRUOverflowToolbarButton\"]"}
RESULT: {"using":"xpath","value":"//button[@data-kt=\"addNewRUOverflowToolbarButton\"]"}
COMMAND: POST /session/0c2956f598ca806f9665356f353b70f0/element - {"using":"xpath","value":"//button[@data-kt=\"addNewRUOverflowToolbarButton\"]"}
RESULT: {"using":"xpath","value":"//button[@data-kt=\"addNewRUOverflowToolbarButton\"]"}
COMMAND: POST /session/0c2956f598ca806f9665356f353b70f0/element - {"using":"xpath","value":"//button[@data-kt=\"addNewRUOverflowToolbarButton\"]"}
RESULT: {"using":"xpath","value":"//button[@data-kt=\"addNewRUOverflowToolbarButton\"]"}
COMMAND: POST /session/0c2956f598ca806f9665356f353b70f0/element - {"using":"xpath","value":"//button[@data-kt=\"addNewRUOverflowToolbarButton\"]"}
RESULT: {"using":"xpath","value":"//button[@data-kt=\"addNewRUOverflowToolbarButton\"]"}
COMMAND: POST /session/0c2956f598ca806f9665356f353b70f0/element - {"using":"xpath","value":"//button[@data-kt=\"addNewRUOverflowToolbarButton\"]"}
RESULT: {"using":"xpath","value":"//button[@data-kt=\"addNewRUOverflowToolbarButton\"]"}
COMMAND: POST /session/0c2956f598ca806f9665356f353b70f0/element - {"using":"xpath","value":"//button[@data-kt=\"addNewRUOverflowToolbarButton\"]"}
RESULT: {"using":"xpath","value":"//button[@data-kt=\"addNewRUOverflowToolbarButton\"]"}
COMMAND: POST /session/0c2956f598ca806f9665356f353b70f0/execute/sync - {"script":"<script> [8489 bytes]","args":[{"element-6066-11e4-a52e-4f735466cecf":"f.20C66F91A75546181850ABA8914744C8.d.B3375B1D6D0651CABDC8FFCF51130027.e.4074","ELEMENT":"f.20C66F91A75546181850ABA8914744C8.d.B3375B1D6D0651CABDC8FFCF51130027.e.4074"}]}
RESULT: {"script":"<script> [8489 bytes]","args":[{"element-6066-11e4-a52e-4f735466cecf":"f.20C66F91A75546181850ABA8914744C8.d.B3375B1D6D0651CABDC8FFCF51130027.e.4074","ELEMENT":"f.20C66F91A75546181850ABA8914744C8.d.B3375B1D6D0651CABDC8FFCF51130027.e.4074"}]}
COMMAND: POST /session/0c2956f598ca806f9665356f353b70f0/element/f.20C66F91A75546181850ABA8914744C8.d.B3375B1D6D0651CABDC8FFCF51130027.e.4074/click - {}
COMMAND: GET /session/0c2956f598ca806f9665356f353b70f0/screenshot - {}
RESULT: {}
COMMAND: POST /session/0c2956f598ca806f9665356f353b70f0/execute/async - {"script":"<script> [1562 bytes]","args":[{"selector":{"id":"application-manageresources-display-component---newResourceUnit--TYPE-arrow"},"wdio_ui5_key":"applicationmanageresources-display-component---newResourceUnit--TYPE-arrow"}]}
COMMAND: GET /session/0c2956f598ca806f9665356f353b70f0/screenshot - {}
RESULT: {}
RESULT: {"script":"<script> [1562 bytes]","args":[{"selector":{"id":"application-manageresources-display-component---newResourceUnit--TYPE-arrow"},"wdio_ui5_key":"applicationmanageresources-display-component---newResourceUnit--TYPE-arrow"}]}
RESULT: undefined
COMMAND: POST /session/0c2956f598ca806f9665356f353b70f0/element - {"using":"xpath","value":"//*[@id=\"application-manageresources-display-component---newResourceUnit--TYPE-arrow\"]"}
RESULT: {}
RESULT: {"using":"xpath","value":"//*[@id=\"application-manageresources-display-component---newResourceUnit--TYPE-arrow\"]"}
COMMAND: POST /session/0c2956f598ca806f9665356f353b70f0/element/f.20C66F91A75546181850ABA8914744C8.d.B3375B1D6D0651CABDC8FFCF51130027.e.4246/click - {}
RESULT: {}
COMMAND: POST /session/0c2956f598ca806f9665356f353b70f0/execute/async - {"script":"<script> [1562 bytes]","args":[{"selector":{"controlType":"sap.m.StandardListItem","viewName":"reusables.view.manageresources.NewResourceUnit","viewId":"application-manageresources-display-component---newResourceUnit","properties":{"title":"Material"},"searchOpenDialogs":true,"interaction":{"idSuffix":"titleText"}},"wdio_ui5_key":"reusablesview.manageresources.NewResourceUnitsap.m.StandardListItem{\"title\":\"Material\"}"}]}
COMMAND: GET /session/0c2956f598ca806f9665356f353b70f0/screenshot - {}
RESULT: {"script":"<script> [1562 bytes]","args":[{"selector":{"controlType":"sap.m.StandardListItem","viewName":"reusables.view.manageresources.NewResourceUnit","viewId":"application-manageresources-display-component---newResourceUnit","properties":{"title":"Material"},"searchOpenDialogs":true,"interaction":{"idSuffix":"titleText"}},"wdio_ui5_key":"reusablesview.manageresources.NewResourceUnitsap.m.StandardListItem{\"title\":\"Material\"}"}]}
RESULT: undefined
COMMAND: POST /session/0c2956f598ca806f9665356f353b70f0/element - {"using":"xpath","value":"//*[@id=\"__item3442\"]"}
RESULT: {}
RESULT: {"using":"xpath","value":"//*[@id=\"__item3442\"]"}
COMMAND: POST /session/0c2956f598ca806f9665356f353b70f0/element/f.20C66F91A75546181850ABA8914744C8.d.B3375B1D6D0651CABDC8FFCF51130027.e.4249/click - {}
RESULT: {}
COMMAND: POST /session/0c2956f598ca806f9665356f353b70f0/execute/async - {"script":"<script> [1562 bytes]","args":[{"selector":{"id":"application-manageresources-display-component---newResourceUnit--SHORT_TEXT","interaction":{"idSuffix":"inner"}},"wdio_ui5_key":"applicationmanageresources-display-component---newResourceUnit--SHORT_TEXT"}]}
COMMAND: GET /session/0c2956f598ca806f9665356f353b70f0/screenshot - {}
RESULT: {"script":"<script> [1562 bytes]","args":[{"selector":{"id":"application-manageresources-display-component---newResourceUnit--SHORT_TEXT","interaction":{"idSuffix":"inner"}},"wdio_ui5_key":"applicationmanageresources-display-component---newResourceUnit--SHORT_TEXT"}]}
RESULT: undefined
COMMAND: POST /session/0c2956f598ca806f9665356f353b70f0/execute/async - {"script":"<script> [776 bytes]","args":[{"enterText":"WebdriverRUR2C35a5x","selector":{"id":"application-manageresources-display-component---newResourceUnit--SHORT_TEXT","interaction":{"idSuffix":"inner"}},"clearTextFirst":true,"interactionType":"ENTER_TEXT"}]}
RESULT: {}
RESULT: {"script":"<script> [776 bytes]","args":[{"enterText":"WebdriverRUR2C35a5x","selector":{"id":"application-manageresources-display-component---newResourceUnit--SHORT_TEXT","interaction":{"idSuffix":"inner"}},"clearTextFirst":true,"interactionType":"ENTER_TEXT"}]}
COMMAND: POST /session/0c2956f598ca806f9665356f353b70f0/execute/async - {"script":"<script> [1562 bytes]","args":[{"selector":{"id":"application-manageresources-display-component---newResourceUnit--BASE_UNIT_OF_MEASURE-arrow"},"wdio_ui5_key":"applicationmanageresources-display-component---newResourceUnit--BASE_UNIT_OF_MEASURE-arrow"}]}
RESULT: {"script":"<script> [1562 bytes]","args":[{"selector":{"id":"application-manageresources-display-component---newResourceUnit--BASE_UNIT_OF_MEASURE-arrow"},"wdio_ui5_key":"applicationmanageresources-display-component---newResourceUnit--BASE_UNIT_OF_MEASURE-arrow"}]}
RESULT: undefined
COMMAND: POST /session/0c2956f598ca806f9665356f353b70f0/element - {"using":"xpath","value":"//*[@id=\"application-manageresources-display-component---newResourceUnit--BASE_UNIT_OF_MEASURE-arrow\"]"}
RESULT: {"using":"xpath","value":"//*[@id=\"application-manageresources-display-component---newResourceUnit--BASE_UNIT_OF_MEASURE-arrow\"]"}
COMMAND: POST /session/0c2956f598ca806f9665356f353b70f0/element/f.20C66F91A75546181850ABA8914744C8.d.B3375B1D6D0651CABDC8FFCF51130027.e.4305/click - {}
RESULT: {}
COMMAND: POST /session/0c2956f598ca806f9665356f353b70f0/execute/async - {"script":"<script> [1562 bytes]","args":[{"selector":{"controlType":"sap.m.StandardListItem","viewName":"reusables.view.manageresources.NewResourceUnit","viewId":"application-manageresources-display-component---newResourceUnit","properties":{"title":"Piece"},"searchOpenDialogs":true,"interaction":{"idSuffix":"titleText"}},"wdio_ui5_key":"reusablesview.manageresources.NewResourceUnitsap.m.StandardListItem{\"title\":\"Piece\"}"}]}
COMMAND: GET /session/0c2956f598ca806f9665356f353b70f0/screenshot - {}
RESULT: {"script":"<script> [1562 bytes]","args":[{"selector":{"controlType":"sap.m.StandardListItem","viewName":"reusables.view.manageresources.NewResourceUnit","viewId":"application-manageresources-display-component---newResourceUnit","properties":{"title":"Piece"},"searchOpenDialogs":true,"interaction":{"idSuffix":"titleText"}},"wdio_ui5_key":"reusablesview.manageresources.NewResourceUnitsap.m.StandardListItem{\"title\":\"Piece\"}"}]}
RESULT: undefined
COMMAND: POST /session/0c2956f598ca806f9665356f353b70f0/element - {"using":"xpath","value":"//*[@id=\"__item3486\"]"}
RESULT: {}
RESULT: {"using":"xpath","value":"//*[@id=\"__item3486\"]"}
COMMAND: POST /session/0c2956f598ca806f9665356f353b70f0/element/f.20C66F91A75546181850ABA8914744C8.d.B3375B1D6D0651CABDC8FFCF51130027.e.4307/click - {}
RESULT: {}
COMMAND: POST /session/0c2956f598ca806f9665356f353b70f0/element - {"using":"xpath","value":"//input[contains(@id ,\"application-manageresources-display-component---newResourceUnit--SHORT_TEXT-inner\")]"}
COMMAND: GET /session/0c2956f598ca806f9665356f353b70f0/screenshot - {}
RESULT: {"using":"xpath","value":"//input[contains(@id ,\"application-manageresources-display-component---newResourceUnit--SHORT_TEXT-inner\")]"}
COMMAND: GET /session/0c2956f598ca806f9665356f353b70f0/element/f.20C66F91A75546181850ABA8914744C8.d.B3375B1D6D0651CABDC8FFCF51130027.e.4266/property/value - {}
RESULT: {}
RESULT: {}
COMMAND: POST /session/0c2956f598ca806f9665356f353b70f0/execute/async - {"script":"<script> [1562 bytes]","args":[{"selector":{"id":"application-manageresources-display-component---newResourceUnit--WEIGHT_UNIT-arrow"},"wdio_ui5_key":"applicationmanageresources-display-component---newResourceUnit--WEIGHT_UNIT-arrow"}]}
COMMAND: GET /session/0c2956f598ca806f9665356f353b70f0/screenshot - {}
RESULT: {"script":"<script> [1562 bytes]","args":[{"selector":{"id":"application-manageresources-display-component---newResourceUnit--WEIGHT_UNIT-arrow"},"wdio_ui5_key":"applicationmanageresources-display-component---newResourceUnit--WEIGHT_UNIT-arrow"}]}
RESULT: undefined
COMMAND: POST /session/0c2956f598ca806f9665356f353b70f0/element - {"using":"xpath","value":"//*[@id=\"application-manageresources-display-component---newResourceUnit--WEIGHT_UNIT-arrow\"]"}
RESULT: {}
RESULT: {"using":"xpath","value":"//*[@id=\"application-manageresources-display-component---newResourceUnit--WEIGHT_UNIT-arrow\"]"}
COMMAND: POST /session/0c2956f598ca806f9665356f353b70f0/element/f.20C66F91A75546181850ABA8914744C8.d.B3375B1D6D0651CABDC8FFCF51130027.e.4308/click - {}
RESULT: {}
COMMAND: POST /session/0c2956f598ca806f9665356f353b70f0/execute/async - {"script":"<script> [1562 bytes]","args":[{"selector":{"controlType":"sap.m.StandardListItem","viewName":"reusables.view.manageresources.NewResourceUnit","viewId":"application-manageresources-display-component---newResourceUnit","properties":{"title":"Gram"},"searchOpenDialogs":true,"interaction":{"idSuffix":"content"}},"wdio_ui5_key":"reusablesview.manageresources.NewResourceUnitsap.m.StandardListItem{\"title\":\"Gram\"}"}]}
COMMAND: GET /session/0c2956f598ca806f9665356f353b70f0/screenshot - {}
RESULT: {"script":"<script> [1562 bytes]","args":[{"selector":{"controlType":"sap.m.StandardListItem","viewName":"reusables.view.manageresources.NewResourceUnit","viewId":"application-manageresources-display-component---newResourceUnit","properties":{"title":"Gram"},"searchOpenDialogs":true,"interaction":{"idSuffix":"content"}},"wdio_ui5_key":"reusablesview.manageresources.NewResourceUnitsap.m.StandardListItem{\"title\":\"Gram\"}"}]}
RESULT: undefined
COMMAND: POST /session/0c2956f598ca806f9665356f353b70f0/element - {"using":"xpath","value":"//*[@id=\"__item3551\"]"}
RESULT: {}
RESULT: {"using":"xpath","value":"//*[@id=\"__item3551\"]"}
COMMAND: POST /session/0c2956f598ca806f9665356f353b70f0/element/f.20C66F91A75546181850ABA8914744C8.d.B3375B1D6D0651CABDC8FFCF51130027.e.4310/click - {}
RESULT: {}
COMMAND: POST /session/0c2956f598ca806f9665356f353b70f0/execute/async - {"script":"<script> [1562 bytes]","args":[{"selector":{"id":"application-manageresources-display-component---newResourceUnit--newRRUPage-OPHeaderContent-collapseBtn-img"},"wdio_ui5_key":"applicationmanageresources-display-component---newResourceUnit--newRRUPage-OPHeaderContent-collapseBtn-img"}]}
COMMAND: GET /session/0c2956f598ca806f9665356f353b70f0/screenshot - {}
RESULT: {"script":"<script> [1562 bytes]","args":[{"selector":{"id":"application-manageresources-display-component---newResourceUnit--newRRUPage-OPHeaderContent-collapseBtn-img"},"wdio_ui5_key":"applicationmanageresources-display-component---newResourceUnit--newRRUPage-OPHeaderContent-collapseBtn-img"}]}
RESULT: undefined
COMMAND: POST /session/0c2956f598ca806f9665356f353b70f0/element - {"using":"xpath","value":"//*[@id=\"application-manageresources-display-component---newResourceUnit--newRRUPage-OPHeaderContent-collapseBtn-img\"]"}
RESULT: {}
RESULT: {"using":"xpath","value":"//*[@id=\"application-manageresources-display-component---newResourceUnit--newRRUPage-OPHeaderContent-collapseBtn-img\"]"}
COMMAND: POST /session/0c2956f598ca806f9665356f353b70f0/element/f.20C66F91A75546181850ABA8914744C8.d.B3375B1D6D0651CABDC8FFCF51130027.e.4256/click - {}
RESULT: {}
COMMAND: GET /session/0c2956f598ca806f9665356f353b70f0/screenshot - {}
RESULT: {}
COMMAND: POST /session/0c2956f598ca806f9665356f353b70f0/element - {"using":"xpath","value":"(//span[contains(@id ,\"application-manageresources-display-component---newResourceUnit--DIMENSION_UNIT-arrow\")])[1]"}
RESULT: {"using":"xpath","value":"(//span[contains(@id ,\"application-manageresources-display-component---newResourceUnit--DIMENSION_UNIT-arrow\")])[1]"}
COMMAND: POST /session/0c2956f598ca806f9665356f353b70f0/element/f.20C66F91A75546181850ABA8914744C8.d.B3375B1D6D0651CABDC8FFCF51130027.e.4316/click - {}
RESULT: {}
COMMAND: GET /session/0c2956f598ca806f9665356f353b70f0/screenshot - {}
RESULT: {}
COMMAND: POST /session/0c2956f598ca806f9665356f353b70f0/execute/async - {"script":"<script> [1562 bytes]","args":[{"selector":{"controlType":"sap.m.StandardListItem","viewName":"reusables.view.manageresources.NewResourceUnit","viewId":"application-manageresources-display-component---newResourceUnit","properties":{"title":"Centimeter"},"searchOpenDialogs":true,"interaction":{"idSuffix":"titleText"}},"wdio_ui5_key":"reusablesview.manageresources.NewResourceUnitsap.m.StandardListItem{\"title\":\"Centimeter\"}"}]}
RESULT: {"script":"<script> [1562 bytes]","args":[{"selector":{"controlType":"sap.m.StandardListItem","viewName":"reusables.view.manageresources.NewResourceUnit","viewId":"application-manageresources-display-component---newResourceUnit","properties":{"title":"Centimeter"},"searchOpenDialogs":true,"interaction":{"idSuffix":"titleText"}},"wdio_ui5_key":"reusablesview.manageresources.NewResourceUnitsap.m.StandardListItem{\"title\":\"Centimeter\"}"}]}
RESULT: undefined
COMMAND: POST /session/0c2956f598ca806f9665356f353b70f0/element - {"using":"xpath","value":"//*[@id=\"__item3554\"]"}
RESULT: {"using":"xpath","value":"//*[@id=\"__item3554\"]"}
COMMAND: POST /session/0c2956f598ca806f9665356f353b70f0/element/f.20C66F91A75546181850ABA8914744C8.d.B3375B1D6D0651CABDC8FFCF51130027.e.4318/click - {}
RESULT: {}
COMMAND: POST /session/0c2956f598ca806f9665356f353b70f0/execute/async - {"script":"<script> [1562 bytes]","args":[{"selector":{"id":"application-manageresources-display-component---newResourceUnit--newRRUPage-anchBar-application-manageresources-display-component---newResourceUnit--reference-anchor","interaction":{"idSuffix":"BDI-content"}},"wdio_ui5_key":"applicationmanageresources-display-component---newResourceUnit--newRRUPage-anchBar-application-manageresources-display-component---newResourceUnit--reference-anchor"}]}
COMMAND: GET /session/0c2956f598ca806f9665356f353b70f0/screenshot - {}
RESULT: {"script":"<script> [1562 bytes]","args":[{"selector":{"id":"application-manageresources-display-component---newResourceUnit--newRRUPage-anchBar-application-manageresources-display-component---newResourceUnit--reference-anchor","interaction":{"idSuffix":"BDI-content"}},"wdio_ui5_key":"applicationmanageresources-display-component---newResourceUnit--newRRUPage-anchBar-application-manageresources-display-component---newResourceUnit--reference-anchor"}]}
RESULT: undefined
COMMAND: POST /session/0c2956f598ca806f9665356f353b70f0/element - {"using":"xpath","value":"//*[@id=\"application-manageresources-display-component---newResourceUnit--newRRUPage-anchBar-application-manageresources-display-component---newResourceUnit--reference-anchor\"]"}
RESULT: {}
RESULT: {"using":"xpath","value":"//*[@id=\"application-manageresources-display-component---newResourceUnit--newRRUPage-anchBar-application-manageresources-display-component---newResourceUnit--reference-anchor\"]"}
COMMAND: POST /session/0c2956f598ca806f9665356f353b70f0/element/f.20C66F91A75546181850ABA8914744C8.d.B3375B1D6D0651CABDC8FFCF51130027.e.4320/click - {}
RESULT: {}
COMMAND: POST /session/0c2956f598ca806f9665356f353b70f0/execute/async - {"script":"<script> [1562 bytes]","args":[{"selector":{"id":"application-manageresources-display-component---newResourceUnit--PLANNING_GROUP-arrow"},"wdio_ui5_key":"applicationmanageresources-display-component---newResourceUnit--PLANNING_GROUP-arrow"}]}
COMMAND: GET /session/0c2956f598ca806f9665356f353b70f0/screenshot - {}
RESULT: {"script":"<script> [1562 bytes]","args":[{"selector":{"id":"application-manageresources-display-component---newResourceUnit--PLANNING_GROUP-arrow"},"wdio_ui5_key":"applicationmanageresources-display-component---newResourceUnit--PLANNING_GROUP-arrow"}]}
RESULT: undefined
COMMAND: POST /session/0c2956f598ca806f9665356f353b70f0/element - {"using":"xpath","value":"//*[@id=\"application-manageresources-display-component---newResourceUnit--PLANNING_GROUP-arrow\"]"}
RESULT: {}
RESULT: {"using":"xpath","value":"//*[@id=\"application-manageresources-display-component---newResourceUnit--PLANNING_GROUP-arrow\"]"}
COMMAND: POST /session/0c2956f598ca806f9665356f353b70f0/element/f.20C66F91A75546181850ABA8914744C8.d.B3375B1D6D0651CABDC8FFCF51130027.e.4324/click - {}
RESULT: {}
COMMAND: POST /session/0c2956f598ca806f9665356f353b70f0/execute/async - {"script":"<script> [1562 bytes]","args":[{"selector":{"controlType":"sap.m.StandardListItem","viewName":"reusables.view.manageresources.NewResourceUnit","viewId":"application-manageresources-display-component---newResourceUnit","properties":{"title":"Heavy Equi"},"searchOpenDialogs":true,"interaction":{"idSuffix":"content"}},"wdio_ui5_key":"reusablesview.manageresources.NewResourceUnitsap.m.StandardListItem{\"title\":\"Heavy Equi\"}"}]}
COMMAND: GET /session/0c2956f598ca806f9665356f353b70f0/screenshot - {}
RESULT: {"script":"<script> [1562 bytes]","args":[{"selector":{"controlType":"sap.m.StandardListItem","viewName":"reusables.view.manageresources.NewResourceUnit","viewId":"application-manageresources-display-component---newResourceUnit","properties":{"title":"Heavy Equi"},"searchOpenDialogs":true,"interaction":{"idSuffix":"content"}},"wdio_ui5_key":"reusablesview.manageresources.NewResourceUnitsap.m.StandardListItem{\"title\":\"Heavy Equi\"}"}]}
RESULT: undefined
COMMAND: POST /session/0c2956f598ca806f9665356f353b70f0/element - {"using":"xpath","value":"//*[@id=\"__item3562\"]"}
RESULT: {}
RESULT: {"using":"xpath","value":"//*[@id=\"__item3562\"]"}
COMMAND: POST /session/0c2956f598ca806f9665356f353b70f0/element/f.20C66F91A75546181850ABA8914744C8.d.B3375B1D6D0651CABDC8FFCF51130027.e.4327/click - {}
RESULT: {}
COMMAND: GET /session/0c2956f598ca806f9665356f353b70f0/screenshot - {}
RESULT: {}
COMMAND: POST /session/0c2956f598ca806f9665356f353b70f0/execute/async - {"script":"<script> [1562 bytes]","args":[{"selector":{"id":"application-manageresources-display-component---newResourceUnit--PLANNING_INDICATOR-arrow"},"wdio_ui5_key":"applicationmanageresources-display-component---newResourceUnit--PLANNING_INDICATOR-arrow"}]}
RESULT: {"script":"<script> [1562 bytes]","args":[{"selector":{"id":"application-manageresources-display-component---newResourceUnit--PLANNING_INDICATOR-arrow"},"wdio_ui5_key":"applicationmanageresources-display-component---newResourceUnit--PLANNING_INDICATOR-arrow"}]}
RESULT: undefined
COMMAND: POST /session/0c2956f598ca806f9665356f353b70f0/element - {"using":"xpath","value":"//*[@id=\"application-manageresources-display-component---newResourceUnit--PLANNING_INDICATOR-arrow\"]"}
RESULT: {"using":"xpath","value":"//*[@id=\"application-manageresources-display-component---newResourceUnit--PLANNING_INDICATOR-arrow\"]"}
COMMAND: POST /session/0c2956f598ca806f9665356f353b70f0/element/f.20C66F91A75546181850ABA8914744C8.d.B3375B1D6D0651CABDC8FFCF51130027.e.4328/click - {}
RESULT: {}
COMMAND: POST /session/0c2956f598ca806f9665356f353b70f0/execute/async - {"script":"<script> [1562 bytes]","args":[{"selector":{"controlType":"sap.m.StandardListItem","viewName":"reusables.view.manageresources.NewResourceUnit","viewId":"application-manageresources-display-component---newResourceUnit","properties":{"title":"10 - infinite"},"searchOpenDialogs":true,"interaction":{"idSuffix":"content"}},"wdio_ui5_key":"reusablesview.manageresources.NewResourceUnitsap.m.StandardListItem{\"title\":\"10 - infinite\"}"}]}
COMMAND: GET /session/0c2956f598ca806f9665356f353b70f0/screenshot - {}
RESULT: {"script":"<script> [1562 bytes]","args":[{"selector":{"controlType":"sap.m.StandardListItem","viewName":"reusables.view.manageresources.NewResourceUnit","viewId":"application-manageresources-display-component---newResourceUnit","properties":{"title":"10 - infinite"},"searchOpenDialogs":true,"interaction":{"idSuffix":"content"}},"wdio_ui5_key":"reusablesview.manageresources.NewResourceUnitsap.m.StandardListItem{\"title\":\"10 - infinite\"}"}]}
RESULT: undefined
COMMAND: POST /session/0c2956f598ca806f9665356f353b70f0/element - {"using":"xpath","value":"//*[@id=\"__item3572\"]"}
RESULT: {}
RESULT: {"using":"xpath","value":"//*[@id=\"__item3572\"]"}
COMMAND: POST /session/0c2956f598ca806f9665356f353b70f0/element/f.20C66F91A75546181850ABA8914744C8.d.B3375B1D6D0651CABDC8FFCF51130027.e.4330/click - {}
RESULT: {}
COMMAND: GET /session/0c2956f598ca806f9665356f353b70f0/screenshot - {}
RESULT: {}
COMMAND: POST /session/0c2956f598ca806f9665356f353b70f0/element - {"using":"xpath","value":"//bdi[contains(text(), \"Time Segment\")]"}
RESULT: {"using":"xpath","value":"//bdi[contains(text(), \"Time Segment\")]"}
COMMAND: GET /session/0c2956f598ca806f9665356f353b70f0/element/f.20C66F91A75546181850ABA8914744C8.d.B3375B1D6D0651CABDC8FFCF51130027.e.4331/rect - {}
RESULT: {}
COMMAND: GET /session/0c2956f598ca806f9665356f353b70f0/window/rect - {}
RESULT: {}
COMMAND: POST /session/0c2956f598ca806f9665356f353b70f0/execute/sync - {"script":"<script> [92 bytes]","args":[]}
RESULT: {"script":"<script> [92 bytes]","args":[]}
COMMAND: POST /session/0c2956f598ca806f9665356f353b70f0/actions - {"actions":[{"id":"action32","type":"wheel","parameters":{},"actions":[{"type":"scroll","x":-1820,"y":-21,"deltaX":0,"deltaY":0,"duration":0,"origin":{"element-6066-11e4-a52e-4f735466cecf":"f.20C66F91A75546181850ABA8914744C8.d.B3375B1D6D0651CABDC8FFCF51130027.e.4331"}}]}]}
COMMAND: GET /session/0c2956f598ca806f9665356f353b70f0/screenshot - {}
RESULT: {}
COMMAND: POST /session/0c2956f598ca806f9665356f353b70f0/execute/sync - {"script":"<script> [79 bytes]","args":[{"element-6066-11e4-a52e-4f735466cecf":"f.20C66F91A75546181850ABA8914744C8.d.B3375B1D6D0651CABDC8FFCF51130027.e.4331","ELEMENT":"f.20C66F91A75546181850ABA8914744C8.d.B3375B1D6D0651CABDC8FFCF51130027.e.4331"},{"block":"start","inline":"nearest"}]}
RESULT: {"script":"<script> [79 bytes]","args":[{"element-6066-11e4-a52e-4f735466cecf":"f.20C66F91A75546181850ABA8914744C8.d.B3375B1D6D0651CABDC8FFCF51130027.e.4331","ELEMENT":"f.20C66F91A75546181850ABA8914744C8.d.B3375B1D6D0651CABDC8FFCF51130027.e.4331"},{"block":"start","inline":"nearest"}]}
COMMAND: GET /session/0c2956f598ca806f9665356f353b70f0/screenshot - {}
RESULT: {}
COMMAND: POST /session/0c2956f598ca806f9665356f353b70f0/element - {"using":"xpath","value":"//span[@id=\"application-manageresources-display-component---newResourceUnit--btnAddTimeSegment-img\"]"}
RESULT: {"using":"xpath","value":"//span[@id=\"application-manageresources-display-component---newResourceUnit--btnAddTimeSegment-img\"]"}
COMMAND: POST /session/0c2956f598ca806f9665356f353b70f0/execute/sync - {"script":"<script> [8489 bytes]","args":[{"element-6066-11e4-a52e-4f735466cecf":"f.20C66F91A75546181850ABA8914744C8.d.B3375B1D6D0651CABDC8FFCF51130027.e.4334","ELEMENT":"f.20C66F91A75546181850ABA8914744C8.d.B3375B1D6D0651CABDC8FFCF51130027.e.4334"}]}
RESULT: {"script":"<script> [8489 bytes]","args":[{"element-6066-11e4-a52e-4f735466cecf":"f.20C66F91A75546181850ABA8914744C8.d.B3375B1D6D0651CABDC8FFCF51130027.e.4334","ELEMENT":"f.20C66F91A75546181850ABA8914744C8.d.B3375B1D6D0651CABDC8FFCF51130027.e.4334"}]}
COMMAND: POST /session/0c2956f598ca806f9665356f353b70f0/element/f.20C66F91A75546181850ABA8914744C8.d.B3375B1D6D0651CABDC8FFCF51130027.e.4334/click - {}
COMMAND: GET /session/0c2956f598ca806f9665356f353b70f0/screenshot - {}
RESULT: {}
COMMAND: GET /session/0c2956f598ca806f9665356f353b70f0/screenshot - {}
COMMAND: POST /session/0c2956f598ca806f9665356f353b70f0/element - {"using":"xpath","value":"//input[@id=\"application-manageresources-display-component---newResourceUnit--idRuTSAdmin-application-manageresources-display-component---newResourceUnit--RUTimeSegment-0-inner\"]"}
RESULT: {}
RESULT: {}
RESULT: {"using":"xpath","value":"//input[@id=\"application-manageresources-display-component---newResourceUnit--idRuTSAdmin-application-manageresources-display-component---newResourceUnit--RUTimeSegment-0-inner\"]"}
COMMAND: POST /session/0c2956f598ca806f9665356f353b70f0/element/f.20C66F91A75546181850ABA8914744C8.d.B3375B1D6D0651CABDC8FFCF51130027.e.4337/clear - {}
RESULT: {}
COMMAND: POST /session/0c2956f598ca806f9665356f353b70f0/element/f.20C66F91A75546181850ABA8914744C8.d.B3375B1D6D0651CABDC8FFCF51130027.e.4337/value - {"text":"WebdriverYardi7zud"}
COMMAND: GET /session/0c2956f598ca806f9665356f353b70f0/screenshot - {}
RESULT: {"text":"WebdriverYardi7zud"}
COMMAND: GET /session/0c2956f598ca806f9665356f353b70f0/screenshot - {}
RESULT: {}
RESULT: {}
COMMAND: POST /session/0c2956f598ca806f9665356f353b70f0/actions - {"actions":[{"id":"action33","type":"key","parameters":{},"actions":[{"type":"keyDown","value":""},{"type":"pause","duration":10},{"type":"keyUp","value":""}]}]}
RESULT: {"actions":[{"id":"action33","type":"key","parameters":{},"actions":[{"type":"keyDown","value":""},{"type":"pause","duration":10},{"type":"keyUp","value":""}]}]}
COMMAND: GET /session/0c2956f598ca806f9665356f353b70f0/screenshot - {}
RESULT: {}
COMMAND: POST /session/0c2956f598ca806f9665356f353b70f0/execute/async - {"script":"<script> [1562 bytes]","args":[{"selector":{"controlType":"sap.m.Button","viewName":"reusables.view.manageresources.NewResourceUnit","viewId":"application-manageresources-display-component---newResourceUnit","i18NText":{"propertyName":"tooltip","key":"save"},"interaction":{"idSuffix":"BDI-content"}},"wdio_ui5_key":"reusablesview.manageresources.NewResourceUnitsap.m.Button{\"propertyName\":\"tooltip\",\"key\":\"save\"}"}]}
RESULT: {"script":"<script> [1562 bytes]","args":[{"selector":{"controlType":"sap.m.Button","viewName":"reusables.view.manageresources.NewResourceUnit","viewId":"application-manageresources-display-component---newResourceUnit","i18NText":{"propertyName":"tooltip","key":"save"},"interaction":{"idSuffix":"BDI-content"}},"wdio_ui5_key":"reusablesview.manageresources.NewResourceUnitsap.m.Button{\"propertyName\":\"tooltip\",\"key\":\"save\"}"}]}
RESULT: undefined
COMMAND: POST /session/0c2956f598ca806f9665356f353b70f0/element - {"using":"xpath","value":"//*[@id=\"application-manageresources-display-component---newResourceUnit--createRuButton\"]"}
RESULT: {"using":"xpath","value":"//*[@id=\"application-manageresources-display-component---newResourceUnit--createRuButton\"]"}
COMMAND: POST /session/0c2956f598ca806f9665356f353b70f0/element/f.20C66F91A75546181850ABA8914744C8.d.B3375B1D6D0651CABDC8FFCF51130027.e.4262/click - {}
RESULT: {}
COMMAND: GET /session/0c2956f598ca806f9665356f353b70f0/screenshot - {}
RESULT: {}
COMMAND: POST /session/0c2956f598ca806f9665356f353b70f0/execute/async - {"script":"<script> [1562 bytes]","args":[{"selector":{"controlType":"sap.m.Title","properties":{"text":"Success"},"searchOpenDialogs":true},"wdio_ui5_key":"sapm.Title{\"text\":\"Success\"}"}]}
RESULT: {"script":"<script> [1562 bytes]","args":[{"selector":{"controlType":"sap.m.Title","properties":{"text":"Success"},"searchOpenDialogs":true},"wdio_ui5_key":"sapm.Title{\"text\":\"Success\"}"}]}
RESULT: undefined
COMMAND: POST /session/0c2956f598ca806f9665356f353b70f0/execute/async - {"script":"<script> [6424 bytes]","args":[{"element-6066-11e4-a52e-4f735466cecf":"f.20C66F91A75546181850ABA8914744C8.d.B3375B1D6D0651CABDC8FFCF51130027.e.4350"},"getText",[]]}
RESULT: {"script":"<script> [6424 bytes]","args":[{"element-6066-11e4-a52e-4f735466cecf":"f.20C66F91A75546181850ABA8914744C8.d.B3375B1D6D0651CABDC8FFCF51130027.e.4350"},"getText",[]]}
COMMAND: POST /session/0c2956f598ca806f9665356f353b70f0/element - {"using":"xpath","value":"//*[contains(@id, '__text') and (contains(text(), 'successfully created') or contains(., 'successfully created'))]"}
RESULT: {"using":"xpath","value":"//*[contains(@id, '__text') and (contains(text(), 'successfully created') or contains(., 'successfully created'))]"}
COMMAND: GET /session/0c2956f598ca806f9665356f353b70f0/element/f.20C66F91A75546181850ABA8914744C8.d.B3375B1D6D0651CABDC8FFCF51130027.e.4348/text - {}
RESULT: {}
COMMAND: POST /session/0c2956f598ca806f9665356f353b70f0/execute/async - {"script":"<script> [1562 bytes]","args":[{"selector":{"controlType":"sap.m.Button","properties":{"text":"Close"},"searchOpenDialogs":true,"interaction":{"idSuffix":"BDI-content"}},"wdio_ui5_key":"sapm.Button{\"text\":\"Close\"}"}]}
RESULT: {"script":"<script> [1562 bytes]","args":[{"selector":{"controlType":"sap.m.Button","properties":{"text":"Close"},"searchOpenDialogs":true,"interaction":{"idSuffix":"BDI-content"}},"wdio_ui5_key":"sapm.Button{\"text\":\"Close\"}"}]}
RESULT: undefined
COMMAND: POST /session/0c2956f598ca806f9665356f353b70f0/element - {"using":"xpath","value":"//*[@id=\"__mbox-btn-1\"]"}
RESULT: {"using":"xpath","value":"//*[@id=\"__mbox-btn-1\"]"}
COMMAND: POST /session/0c2956f598ca806f9665356f353b70f0/element/f.20C66F91A75546181850ABA8914744C8.d.B3375B1D6D0651CABDC8FFCF51130027.e.4347/click - {}
RESULT: {}
COMMAND: GET /session/0c2956f598ca806f9665356f353b70f0/screenshot - {}
RESULT: {}
COMMAND: POST /session/0c2956f598ca806f9665356f353b70f0/execute/async - {"script":"<script> [1562 bytes]","args":[{"selector":{"controlType":"sap.ui.core.Icon","viewName":"etm.portal.ui.manageresources.view.Detail","viewId":"application-manageresources-display-component---detailRU","properties":{"src":{"regex":{"source":"overflow"}}}},"wdio_ui5_key":"etmportal.ui.manageresources.view.Detailsap.ui.core.Icon{\"src\":{\"regex\":{\"source\":\"overflow\"}}}"}]}
RESULT: {"script":"<script> [1562 bytes]","args":[{"selector":{"controlType":"sap.ui.core.Icon","viewName":"etm.portal.ui.manageresources.view.Detail","viewId":"application-manageresources-display-component---detailRU","properties":{"src":{"regex":{"source":"overflow"}}}},"wdio_ui5_key":"etmportal.ui.manageresources.view.Detailsap.ui.core.Icon{\"src\":{\"regex\":{\"source\":\"overflow\"}}}"}]}
RESULT: undefined
COMMAND: POST /session/0c2956f598ca806f9665356f353b70f0/element - {"using":"xpath","value":"//*[@id=\"__title82-_actionsToolbar-overflowButton-img\"]"}
RESULT: {"using":"xpath","value":"//*[@id=\"__title82-_actionsToolbar-overflowButton-img\"]"}
COMMAND: POST /session/0c2956f598ca806f9665356f353b70f0/element/f.20C66F91A75546181850ABA8914744C8.d.B3375B1D6D0651CABDC8FFCF51130027.e.4377/click - {}
RESULT: {}
COMMAND: POST /session/0c2956f598ca806f9665356f353b70f0/execute/async - {"script":"<script> [1562 bytes]","args":[{"selector":{"controlType":"sap.m.Button","viewName":"etm.portal.ui.manageresources.view.Detail","viewId":"application-manageresources-display-component---detailRU","i18NText":{"propertyName":"tooltip","key":"closeColumn"},"searchOpenDialogs":true,"interaction":{"idSuffix":"inner"}},"wdio_ui5_key":"etmportal.ui.manageresources.view.Detailsap.m.Button{\"propertyName\":\"tooltip\",\"key\":\"closeColumn\"}"}]}
COMMAND: GET /session/0c2956f598ca806f9665356f353b70f0/screenshot - {}
RESULT: {"script":"<script> [1562 bytes]","args":[{"selector":{"controlType":"sap.m.Button","viewName":"etm.portal.ui.manageresources.view.Detail","viewId":"application-manageresources-display-component---detailRU","i18NText":{"propertyName":"tooltip","key":"closeColumn"},"searchOpenDialogs":true,"interaction":{"idSuffix":"inner"}},"wdio_ui5_key":"etmportal.ui.manageresources.view.Detailsap.m.Button{\"propertyName\":\"tooltip\",\"key\":\"closeColumn\"}"}]}
RESULT: undefined
COMMAND: POST /session/0c2956f598ca806f9665356f353b70f0/element - {"using":"xpath","value":"//*[@id=\"__button251\"]"}
RESULT: {}
RESULT: {"using":"xpath","value":"//*[@id=\"__button251\"]"}
COMMAND: POST /session/0c2956f598ca806f9665356f353b70f0/element/f.20C66F91A75546181850ABA8914744C8.d.B3375B1D6D0651CABDC8FFCF51130027.e.4379/click - {}
RESULT: {}
COMMAND: GET /session/0c2956f598ca806f9665356f353b70f0/screenshot - {}
RESULT: {}
COMMAND: POST /session/0c2956f598ca806f9665356f353b70f0/refresh - {}
RESULT: {}
COMMAND: GET /session/0c2956f598ca806f9665356f353b70f0/screenshot - {}
RESULT: {}
COMMAND: POST /session/0c2956f598ca806f9665356f353b70f0/refresh - {}
RESULT: undefined
RESULT: undefined
RESULT: {}
COMMAND: GET /session/0c2956f598ca806f9665356f353b70f0/screenshot - {}
RESULT: {}
COMMAND: POST /session/0c2956f598ca806f9665356f353b70f0/execute/async - {"script":"<script> [189 bytes]","args":[]}
RESULT: {"script":"<script> [189 bytes]","args":[]}
COMMAND: POST /session/0c2956f598ca806f9665356f353b70f0/execute/async - {"script":"<script> [123 bytes]","args":[]}
RESULT: {"script":"<script> [123 bytes]","args":[]}
COMMAND: POST /session/0c2956f598ca806f9665356f353b70f0/timeouts - {"script":"<number>"}
RESULT: {"script":"<number>"}
COMMAND: GET /session/0c2956f598ca806f9665356f353b70f0/timeouts - {}
RESULT: {}
RESULT: undefined
COMMAND: POST /session/0c2956f598ca806f9665356f353b70f0/execute/async - {"script":"<script> [2676 bytes]","args":[]}
RESULT: {"script":"<script> [2676 bytes]","args":[]}
COMMAND: POST /session/0c2956f598ca806f9665356f353b70f0/execute/async - {"script":"<script> [2342 bytes]","args":[{"protocol":"http","hostname":"0.0.0.0","path":"/","capabilities":{"browserName":"chrome","goog:chromeOptions":{"binary":"C:\\Program Files\\Google\\Chrome\\Application\\chrome.exe","args":["--start-maximized"]}},"logLevel":"warn","connectionRetryTimeout":120000,"connectionRetryCount":3,"logLevels":{},"enableDirectConnect":true,"strictSSL":true,"_":"65 more keys: [\"cacheDir\",\"port\",\"requestedCapabilities\",\"automationProtocol\",\"baseUrl\",\"waitforInterval\",\"waitforTimeout\",\"onReload\",\"beforeCommand\",\"afterCommand\",\"rootDir\",\"specs\",\"suites\",\"exclude\",\"groupLogsByTestSpec\",\"excludeDriverLogs\",\"bail\",\"framework\",\"reporters\",\"services\",\"maxInstances\",\"maxInstancesPerCapability\",\"injectGlobals\",\"filesToWatch\",\"execArgv\",\"runnerEnv\",\"runner\",\"shard\",\"specFileRetries\",\"specFileRetriesDelay\",\"specFileRetriesDeferred\",\"reporterSyncInterval\",\"reporterSyncTimeout\",\"cucumberFeaturesWithLineNumbers\",\"autoCompileOpts\",\"mochaOpts\",\"jasmineOpts\",\"cucumberOpts\",\"onPrepare\",\"onWorkerStart\",\"onWorkerEnd\",\"before\",\"beforeSession\",\"beforeSuite\",\"beforeHook\",\"beforeTest\",\"afterTest\",\"afterHook\",\"afterSuite\",\"afterSession\",\"after\",\"onComplete\",\"beforeAssertion\",\"afterAssertion\",\"beforeFeature\",\"beforeScenario\",\"beforeStep\",\"afterStep\",\"afterScenario\",\"afterFeature\",\"_\",\"suite\",\"$0\",\"ignoredWorkerServices\",\"wdi5\"]"}]}
RESULT: {"script":"<script> [2342 bytes]","args":[{"protocol":"http","hostname":"0.0.0.0","path":"/","capabilities":{"browserName":"chrome","goog:chromeOptions":{"binary":"C:\\Program Files\\Google\\Chrome\\Application\\chrome.exe","args":["--start-maximized"]}},"logLevel":"warn","connectionRetryTimeout":120000,"connectionRetryCount":3,"logLevels":{},"enableDirectConnect":true,"strictSSL":true,"_":"65 more keys: [\"cacheDir\",\"port\",\"requestedCapabilities\",\"automationProtocol\",\"baseUrl\",\"waitforInterval\",\"waitforTimeout\",\"onReload\",\"beforeCommand\",\"afterCommand\",\"rootDir\",\"specs\",\"suites\",\"exclude\",\"groupLogsByTestSpec\",\"excludeDriverLogs\",\"bail\",\"framework\",\"reporters\",\"services\",\"maxInstances\",\"maxInstancesPerCapability\",\"injectGlobals\",\"filesToWatch\",\"execArgv\",\"runnerEnv\",\"runner\",\"shard\",\"specFileRetries\",\"specFileRetriesDelay\",\"specFileRetriesDeferred\",\"reporterSyncInterval\",\"reporterSyncTimeout\",\"cucumberFeaturesWithLineNumbers\",\"autoCompileOpts\",\"mochaOpts\",\"jasmineOpts\",\"cucumberOpts\",\"onPrepare\",\"onWorkerStart\",\"onWorkerEnd\",\"before\",\"beforeSession\",\"beforeSuite\",\"beforeHook\",\"beforeTest\",\"afterTest\",\"afterHook\",\"afterSuite\",\"afterSession\",\"after\",\"onComplete\",\"beforeAssertion\",\"afterAssertion\",\"beforeFeature\",\"beforeScenario\",\"beforeStep\",\"afterStep\",\"afterScenario\",\"afterFeature\",\"_\",\"suite\",\"$0\",\"ignoredWorkerServices\",\"wdi5\"]"}]}
COMMAND: POST /session/0c2956f598ca806f9665356f353b70f0/execute/async - {"script":"<script> [21126 bytes]","args":[35000]}
RESULT: {"script":"<script> [21126 bytes]","args":[35000]}
RESULT: undefined
COMMAND: POST /session/0c2956f598ca806f9665356f353b70f0/element - {"using":"css selector","value":"#shell-header-logo"}
RESULT: {"using":"css selector","value":"#shell-header-logo"}
COMMAND: POST /session/0c2956f598ca806f9665356f353b70f0/element/f.20C66F91A75546181850ABA8914744C8.d.89D9EF75E578A051E938A30F67C248C7.e.4644/click - {}
RESULT: {}
COMMAND: GET /session/0c2956f598ca806f9665356f353b70f0/screenshot - {}
RESULT: {}
COMMAND: POST /session/0c2956f598ca806f9665356f353b70f0/element - {"using":"css selector","value":"#shell-header-logo"}
RESULT: {"using":"css selector","value":"#shell-header-logo"}
COMMAND: POST /session/0c2956f598ca806f9665356f353b70f0/element/f.20C66F91A75546181850ABA8914744C8.d.89D9EF75E578A051E938A30F67C248C7.e.4823/click - {}
RESULT: {}
COMMAND: GET /session/0c2956f598ca806f9665356f353b70f0/screenshot - {}
RESULT: {}
]]></system-out>
    </testcase>
    <testcase classname="chrome.135_0_7049_42.windows.Manage_request_+_Contract_processing_pick_up_option_US120163_" name="Should Create New Request pick up option" time="160.933">
      <system-out><![CDATA[
COMMAND: POST /session/0c2956f598ca806f9665356f353b70f0/element - {"using":"css selector","value":"#shell-header-logo"}
RESULT: {"using":"css selector","value":"#shell-header-logo"}
COMMAND: POST /session/0c2956f598ca806f9665356f353b70f0/element/f.20C66F91A75546181850ABA8914744C8.d.89D9EF75E578A051E938A30F67C248C7.e.4823/click - {}
RESULT: {}
COMMAND: GET /session/0c2956f598ca806f9665356f353b70f0/screenshot - {}
RESULT: {}
COMMAND: POST /session/0c2956f598ca806f9665356f353b70f0/execute/async - {"script":"<script> [1562 bytes]","args":[{"selector":{"controlType":"sap.m.GenericTile","properties":{"header":"Manage Requests"}},"wdio_ui5_key":"sapm.GenericTile{\"header\":\"Manage Requests\"}"}]}
RESULT: {"script":"<script> [1562 bytes]","args":[{"selector":{"controlType":"sap.m.GenericTile","properties":{"header":"Manage Requests"}},"wdio_ui5_key":"sapm.GenericTile{\"header\":\"Manage Requests\"}"}]}
RESULT: undefined
COMMAND: POST /session/0c2956f598ca806f9665356f353b70f0/element - {"using":"xpath","value":"//*[@id=\"__tile47\"]"}
RESULT: {"using":"xpath","value":"//*[@id=\"__tile47\"]"}
COMMAND: POST /session/0c2956f598ca806f9665356f353b70f0/element/f.20C66F91A75546181850ABA8914744C8.d.89D9EF75E578A051E938A30F67C248C7.e.4832/click - {}
RESULT: {}
COMMAND: GET /session/0c2956f598ca806f9665356f353b70f0/screenshot - {}
RESULT: {}
COMMAND: POST /session/0c2956f598ca806f9665356f353b70f0/refresh - {}
RESULT: {}
COMMAND: GET /session/0c2956f598ca806f9665356f353b70f0/screenshot - {}
RESULT: {}
COMMAND: POST /session/0c2956f598ca806f9665356f353b70f0/refresh - {}
RESULT: {}
COMMAND: GET /session/0c2956f598ca806f9665356f353b70f0/screenshot - {}
RESULT: {}
COMMAND: POST /session/0c2956f598ca806f9665356f353b70f0/execute/async - {"script":"<script> [189 bytes]","args":[]}
RESULT: {"script":"<script> [189 bytes]","args":[]}
COMMAND: POST /session/0c2956f598ca806f9665356f353b70f0/execute/async - {"script":"<script> [123 bytes]","args":[]}
RESULT: {"script":"<script> [123 bytes]","args":[]}
COMMAND: POST /session/0c2956f598ca806f9665356f353b70f0/timeouts - {"script":"<number>"}
RESULT: {"script":"<number>"}
COMMAND: GET /session/0c2956f598ca806f9665356f353b70f0/timeouts - {}
RESULT: {}
RESULT: undefined
COMMAND: POST /session/0c2956f598ca806f9665356f353b70f0/execute/async - {"script":"<script> [2676 bytes]","args":[]}
RESULT: {"script":"<script> [2676 bytes]","args":[]}
COMMAND: POST /session/0c2956f598ca806f9665356f353b70f0/execute/async - {"script":"<script> [2342 bytes]","args":[{"protocol":"http","hostname":"0.0.0.0","path":"/","capabilities":{"browserName":"chrome","goog:chromeOptions":{"binary":"C:\\Program Files\\Google\\Chrome\\Application\\chrome.exe","args":["--start-maximized"]}},"logLevel":"warn","connectionRetryTimeout":120000,"connectionRetryCount":3,"logLevels":{},"enableDirectConnect":true,"strictSSL":true,"_":"65 more keys: [\"cacheDir\",\"port\",\"requestedCapabilities\",\"automationProtocol\",\"baseUrl\",\"waitforInterval\",\"waitforTimeout\",\"onReload\",\"beforeCommand\",\"afterCommand\",\"rootDir\",\"specs\",\"suites\",\"exclude\",\"groupLogsByTestSpec\",\"excludeDriverLogs\",\"bail\",\"framework\",\"reporters\",\"services\",\"maxInstances\",\"maxInstancesPerCapability\",\"injectGlobals\",\"filesToWatch\",\"execArgv\",\"runnerEnv\",\"runner\",\"shard\",\"specFileRetries\",\"specFileRetriesDelay\",\"specFileRetriesDeferred\",\"reporterSyncInterval\",\"reporterSyncTimeout\",\"cucumberFeaturesWithLineNumbers\",\"autoCompileOpts\",\"mochaOpts\",\"jasmineOpts\",\"cucumberOpts\",\"onPrepare\",\"onWorkerStart\",\"onWorkerEnd\",\"before\",\"beforeSession\",\"beforeSuite\",\"beforeHook\",\"beforeTest\",\"afterTest\",\"afterHook\",\"afterSuite\",\"afterSession\",\"after\",\"onComplete\",\"beforeAssertion\",\"afterAssertion\",\"beforeFeature\",\"beforeScenario\",\"beforeStep\",\"afterStep\",\"afterScenario\",\"afterFeature\",\"_\",\"suite\",\"$0\",\"ignoredWorkerServices\",\"wdi5\"]"}]}
RESULT: {"script":"<script> [2342 bytes]","args":[{"protocol":"http","hostname":"0.0.0.0","path":"/","capabilities":{"browserName":"chrome","goog:chromeOptions":{"binary":"C:\\Program Files\\Google\\Chrome\\Application\\chrome.exe","args":["--start-maximized"]}},"logLevel":"warn","connectionRetryTimeout":120000,"connectionRetryCount":3,"logLevels":{},"enableDirectConnect":true,"strictSSL":true,"_":"65 more keys: [\"cacheDir\",\"port\",\"requestedCapabilities\",\"automationProtocol\",\"baseUrl\",\"waitforInterval\",\"waitforTimeout\",\"onReload\",\"beforeCommand\",\"afterCommand\",\"rootDir\",\"specs\",\"suites\",\"exclude\",\"groupLogsByTestSpec\",\"excludeDriverLogs\",\"bail\",\"framework\",\"reporters\",\"services\",\"maxInstances\",\"maxInstancesPerCapability\",\"injectGlobals\",\"filesToWatch\",\"execArgv\",\"runnerEnv\",\"runner\",\"shard\",\"specFileRetries\",\"specFileRetriesDelay\",\"specFileRetriesDeferred\",\"reporterSyncInterval\",\"reporterSyncTimeout\",\"cucumberFeaturesWithLineNumbers\",\"autoCompileOpts\",\"mochaOpts\",\"jasmineOpts\",\"cucumberOpts\",\"onPrepare\",\"onWorkerStart\",\"onWorkerEnd\",\"before\",\"beforeSession\",\"beforeSuite\",\"beforeHook\",\"beforeTest\",\"afterTest\",\"afterHook\",\"afterSuite\",\"afterSession\",\"after\",\"onComplete\",\"beforeAssertion\",\"afterAssertion\",\"beforeFeature\",\"beforeScenario\",\"beforeStep\",\"afterStep\",\"afterScenario\",\"afterFeature\",\"_\",\"suite\",\"$0\",\"ignoredWorkerServices\",\"wdi5\"]"}]}
COMMAND: POST /session/0c2956f598ca806f9665356f353b70f0/execute/async - {"script":"<script> [21126 bytes]","args":[35000]}
RESULT: {"script":"<script> [21126 bytes]","args":[35000]}
COMMAND: POST /session/0c2956f598ca806f9665356f353b70f0/element - {"using":"xpath","value":"//button[contains(@data-kt ,\"btnCreateNewOverflowToolbarButton\")]"}
RESULT: {"using":"xpath","value":"//button[contains(@data-kt ,\"btnCreateNewOverflowToolbarButton\")]"}
COMMAND: POST /session/0c2956f598ca806f9665356f353b70f0/elements - {"using":"xpath","value":"//button[contains(@data-kt ,\"btnCreateNewOverflowToolbarButton\")]"}
RESULT: {"using":"xpath","value":"//button[contains(@data-kt ,\"btnCreateNewOverflowToolbarButton\")]"}
COMMAND: POST /session/0c2956f598ca806f9665356f353b70f0/execute/sync - {"script":"<script> [8489 bytes]","args":[{"element-6066-11e4-a52e-4f735466cecf":"f.20C66F91A75546181850ABA8914744C8.d.BA172212FE5FDDF38BFA2626C21E2919.e.4935","ELEMENT":"f.20C66F91A75546181850ABA8914744C8.d.BA172212FE5FDDF38BFA2626C21E2919.e.4935"}]}
RESULT: {"script":"<script> [8489 bytes]","args":[{"element-6066-11e4-a52e-4f735466cecf":"f.20C66F91A75546181850ABA8914744C8.d.BA172212FE5FDDF38BFA2626C21E2919.e.4935","ELEMENT":"f.20C66F91A75546181850ABA8914744C8.d.BA172212FE5FDDF38BFA2626C21E2919.e.4935"}]}
COMMAND: GET /session/0c2956f598ca806f9665356f353b70f0/element/f.20C66F91A75546181850ABA8914744C8.d.BA172212FE5FDDF38BFA2626C21E2919.e.4935/enabled - {}
COMMAND: GET /session/0c2956f598ca806f9665356f353b70f0/screenshot - {}
RESULT: {}
COMMAND: POST /session/0c2956f598ca806f9665356f353b70f0/execute/sync - {"script":"<script> [8489 bytes]","args":[{"element-6066-11e4-a52e-4f735466cecf":"f.20C66F91A75546181850ABA8914744C8.d.BA172212FE5FDDF38BFA2626C21E2919.e.4935","ELEMENT":"f.20C66F91A75546181850ABA8914744C8.d.BA172212FE5FDDF38BFA2626C21E2919.e.4935"}]}
COMMAND: GET /session/0c2956f598ca806f9665356f353b70f0/screenshot - {}
RESULT: {}
RESULT: {"script":"<script> [8489 bytes]","args":[{"element-6066-11e4-a52e-4f735466cecf":"f.20C66F91A75546181850ABA8914744C8.d.BA172212FE5FDDF38BFA2626C21E2919.e.4935","ELEMENT":"f.20C66F91A75546181850ABA8914744C8.d.BA172212FE5FDDF38BFA2626C21E2919.e.4935"}]}
COMMAND: POST /session/0c2956f598ca806f9665356f353b70f0/execute/sync - {"script":"<script> [5351 bytes]","args":[{"element-6066-11e4-a52e-4f735466cecf":"f.20C66F91A75546181850ABA8914744C8.d.BA172212FE5FDDF38BFA2626C21E2919.e.4935","ELEMENT":"f.20C66F91A75546181850ABA8914744C8.d.BA172212FE5FDDF38BFA2626C21E2919.e.4935"}]}
COMMAND: GET /session/0c2956f598ca806f9665356f353b70f0/screenshot - {}
RESULT: {}
RESULT: {"script":"<script> [5351 bytes]","args":[{"element-6066-11e4-a52e-4f735466cecf":"f.20C66F91A75546181850ABA8914744C8.d.BA172212FE5FDDF38BFA2626C21E2919.e.4935","ELEMENT":"f.20C66F91A75546181850ABA8914744C8.d.BA172212FE5FDDF38BFA2626C21E2919.e.4935"}]}
COMMAND: POST /session/0c2956f598ca806f9665356f353b70f0/element/f.20C66F91A75546181850ABA8914744C8.d.BA172212FE5FDDF38BFA2626C21E2919.e.4935/click - {}
COMMAND: GET /session/0c2956f598ca806f9665356f353b70f0/screenshot - {}
RESULT: {}
RESULT: {}
COMMAND: GET /session/0c2956f598ca806f9665356f353b70f0/screenshot - {}
RESULT: {}
RESULT: {}
COMMAND: POST /session/0c2956f598ca806f9665356f353b70f0/element - {"using":"xpath","value":"//input[contains(@id ,\"yardId-inner\")]"}
RESULT: {"using":"xpath","value":"//input[contains(@id ,\"yardId-inner\")]"}
COMMAND: POST /session/0c2956f598ca806f9665356f353b70f0/execute/sync - {"script":"<script> [8489 bytes]","args":[{"element-6066-11e4-a52e-4f735466cecf":"f.20C66F91A75546181850ABA8914744C8.d.BA172212FE5FDDF38BFA2626C21E2919.e.5168","ELEMENT":"f.20C66F91A75546181850ABA8914744C8.d.BA172212FE5FDDF38BFA2626C21E2919.e.5168"}]}
RESULT: {"script":"<script> [8489 bytes]","args":[{"element-6066-11e4-a52e-4f735466cecf":"f.20C66F91A75546181850ABA8914744C8.d.BA172212FE5FDDF38BFA2626C21E2919.e.5168","ELEMENT":"f.20C66F91A75546181850ABA8914744C8.d.BA172212FE5FDDF38BFA2626C21E2919.e.5168"}]}
COMMAND: POST /session/0c2956f598ca806f9665356f353b70f0/element - {"using":"xpath","value":"//input[contains(@id ,\"requestContractNo-inner\")]"}
COMMAND: GET /session/0c2956f598ca806f9665356f353b70f0/screenshot - {}
RESULT: {"using":"xpath","value":"//input[contains(@id ,\"requestContractNo-inner\")]"}
COMMAND: POST /session/0c2956f598ca806f9665356f353b70f0/element/f.20C66F91A75546181850ABA8914744C8.d.BA172212FE5FDDF38BFA2626C21E2919.e.5163/value - {"text":"10382"}
RESULT: {}
RESULT: {"text":"10382"}
COMMAND: GET /session/0c2956f598ca806f9665356f353b70f0/screenshot - {}
RESULT: {}
COMMAND: POST /session/0c2956f598ca806f9665356f353b70f0/execute/async - {"script":"<script> [1562 bytes]","args":[{"selector":{"controlType":"sap.m.Button","viewName":"etm.portal.ui.managerequests.view.NewRequest","properties":{"text":"Items"},"interaction":{"idSuffix":"BDI-content"}},"wdio_ui5_key":"etmportal.ui.managerequests.view.NewRequestsap.m.Button{\"text\":\"Items\"}"}]}
RESULT: {"script":"<script> [1562 bytes]","args":[{"selector":{"controlType":"sap.m.Button","viewName":"etm.portal.ui.managerequests.view.NewRequest","properties":{"text":"Items"},"interaction":{"idSuffix":"BDI-content"}},"wdio_ui5_key":"etmportal.ui.managerequests.view.NewRequestsap.m.Button{\"text\":\"Items\"}"}]}
RESULT: undefined
COMMAND: POST /session/0c2956f598ca806f9665356f353b70f0/element - {"using":"xpath","value":"//*[@id=\"__xmlview1--newRequestPage-anchBar-__xmlview1--requestItemsSection-anchor\"]"}
RESULT: {"using":"xpath","value":"//*[@id=\"__xmlview1--newRequestPage-anchBar-__xmlview1--requestItemsSection-anchor\"]"}
COMMAND: POST /session/0c2956f598ca806f9665356f353b70f0/element/f.20C66F91A75546181850ABA8914744C8.d.BA172212FE5FDDF38BFA2626C21E2919.e.5326/click - {}
RESULT: {}
COMMAND: GET /session/0c2956f598ca806f9665356f353b70f0/screenshot - {}
RESULT: {}
COMMAND: POST /session/0c2956f598ca806f9665356f353b70f0/execute/async - {"script":"<script> [1562 bytes]","args":[{"selector":{"controlType":"sap.ui.core.Icon","viewName":"etm.portal.ui.managerequests.view.NewRequest","properties":{"src":{"regex":{"source":"inspect"}}}},"wdio_ui5_key":"etmportal.ui.managerequests.view.NewRequestsap.ui.core.Icon{\"src\":{\"regex\":{\"source\":\"inspect\"}}}"}]}
RESULT: {"script":"<script> [1562 bytes]","args":[{"selector":{"controlType":"sap.ui.core.Icon","viewName":"etm.portal.ui.managerequests.view.NewRequest","properties":{"src":{"regex":{"source":"inspect"}}}},"wdio_ui5_key":"etmportal.ui.managerequests.view.NewRequestsap.ui.core.Icon{\"src\":{\"regex\":{\"source\":\"inspect\"}}}"}]}
RESULT: undefined
COMMAND: POST /session/0c2956f598ca806f9665356f353b70f0/element - {"using":"xpath","value":"//*[@id=\"__button8-img\"]"}
RESULT: {"using":"xpath","value":"//*[@id=\"__button8-img\"]"}
COMMAND: POST /session/0c2956f598ca806f9665356f353b70f0/element/f.20C66F91A75546181850ABA8914744C8.d.BA172212FE5FDDF38BFA2626C21E2919.e.5331/click - {}
RESULT: {}
COMMAND: GET /session/0c2956f598ca806f9665356f353b70f0/screenshot - {}
RESULT: {}
COMMAND: POST /session/0c2956f598ca806f9665356f353b70f0/execute/async - {"script":"<script> [1562 bytes]","args":[{"selector":{"controlType":"sap.ui.core.Icon","viewName":"etm.portal.ui.managerequests.view.NewRequest","properties":{"src":{"regex":{"source":"add"}}}},"wdio_ui5_key":"etmportal.ui.managerequests.view.NewRequestsap.ui.core.Icon{\"src\":{\"regex\":{\"source\":\"add\"}}}"}]}
RESULT: {"script":"<script> [1562 bytes]","args":[{"selector":{"controlType":"sap.ui.core.Icon","viewName":"etm.portal.ui.managerequests.view.NewRequest","properties":{"src":{"regex":{"source":"add"}}}},"wdio_ui5_key":"etmportal.ui.managerequests.view.NewRequestsap.ui.core.Icon{\"src\":{\"regex\":{\"source\":\"add\"}}}"}]}
RESULT: undefined
COMMAND: POST /session/0c2956f598ca806f9665356f353b70f0/element - {"using":"xpath","value":"//*[@id=\"__xmlview1--btnAddTableRow-img\"]"}
RESULT: {"using":"xpath","value":"//*[@id=\"__xmlview1--btnAddTableRow-img\"]"}
COMMAND: POST /session/0c2956f598ca806f9665356f353b70f0/element/f.20C66F91A75546181850ABA8914744C8.d.BA172212FE5FDDF38BFA2626C21E2919.e.5142/click - {}
RESULT: {}
COMMAND: GET /session/0c2956f598ca806f9665356f353b70f0/screenshot - {}
RESULT: {}
COMMAND: POST /session/0c2956f598ca806f9665356f353b70f0/execute/async - {"script":"<script> [1562 bytes]","args":[{"selector":{"controlType":"sap.ui.unified.MenuItem","viewName":"etm.portal.ui.managerequests.view.NewRequest","i18NText":{"propertyName":"text","key":"standardEntry"},"searchOpenDialogs":true,"interaction":{"idSuffix":"txt"}},"wdio_ui5_key":"etmportal.ui.managerequests.view.NewRequestsap.ui.unified.MenuItem{\"propertyName\":\"text\",\"key\":\"standardEntry\"}"}]}
RESULT: {"script":"<script> [1562 bytes]","args":[{"selector":{"controlType":"sap.ui.unified.MenuItem","viewName":"etm.portal.ui.managerequests.view.NewRequest","i18NText":{"propertyName":"text","key":"standardEntry"},"searchOpenDialogs":true,"interaction":{"idSuffix":"txt"}},"wdio_ui5_key":"etmportal.ui.managerequests.view.NewRequestsap.ui.unified.MenuItem{\"propertyName\":\"text\",\"key\":\"standardEntry\"}"}]}
RESULT: undefined
COMMAND: POST /session/0c2956f598ca806f9665356f353b70f0/element - {"using":"xpath","value":"//*[@id=\"__item178\"]"}
RESULT: {"using":"xpath","value":"//*[@id=\"__item178\"]"}
COMMAND: POST /session/0c2956f598ca806f9665356f353b70f0/element/f.20C66F91A75546181850ABA8914744C8.d.BA172212FE5FDDF38BFA2626C21E2919.e.5340/click - {}
RESULT: {}
COMMAND: GET /session/0c2956f598ca806f9665356f353b70f0/screenshot - {}
RESULT: {}
RESULT: undefined
COMMAND: POST /session/0c2956f598ca806f9665356f353b70f0/element - {"using":"xpath","value":"//*[@id=\"__xmlview1--btnAddTableRow-img\"]"}
RESULT: {"using":"xpath","value":"//*[@id=\"__xmlview1--btnAddTableRow-img\"]"}
COMMAND: POST /session/0c2956f598ca806f9665356f353b70f0/element/f.20C66F91A75546181850ABA8914744C8.d.BA172212FE5FDDF38BFA2626C21E2919.e.5142/click - {}
RESULT: {}
COMMAND: GET /session/0c2956f598ca806f9665356f353b70f0/screenshot - {}
RESULT: {}
RESULT: undefined
COMMAND: POST /session/0c2956f598ca806f9665356f353b70f0/element - {"using":"xpath","value":"//*[@id=\"__item178\"]"}
RESULT: {"using":"xpath","value":"//*[@id=\"__item178\"]"}
COMMAND: POST /session/0c2956f598ca806f9665356f353b70f0/element/f.20C66F91A75546181850ABA8914744C8.d.BA172212FE5FDDF38BFA2626C21E2919.e.5356/click - {}
RESULT: {}
COMMAND: GET /session/0c2956f598ca806f9665356f353b70f0/screenshot - {}
RESULT: {}
COMMAND: POST /session/0c2956f598ca806f9665356f353b70f0/element - {"using":"xpath","value":"(//input[contains(@id ,\"requestItemsTable-0-inner\")])[5]"}
RESULT: {"using":"xpath","value":"(//input[contains(@id ,\"requestItemsTable-0-inner\")])[5]"}
COMMAND: POST /session/0c2956f598ca806f9665356f353b70f0/element/f.20C66F91A75546181850ABA8914744C8.d.BA172212FE5FDDF38BFA2626C21E2919.e.5346/clear - {}
RESULT: {}
COMMAND: POST /session/0c2956f598ca806f9665356f353b70f0/element/f.20C66F91A75546181850ABA8914744C8.d.BA172212FE5FDDF38BFA2626C21E2919.e.5346/value - {"text":"1000001"}
COMMAND: GET /session/0c2956f598ca806f9665356f353b70f0/screenshot - {}
RESULT: {"text":"1000001"}
COMMAND: GET /session/0c2956f598ca806f9665356f353b70f0/screenshot - {}
RESULT: {}
RESULT: {}
COMMAND: POST /session/0c2956f598ca806f9665356f353b70f0/actions - {"actions":[{"id":"action34","type":"key","parameters":{},"actions":[{"type":"keyDown","value":""},{"type":"pause","duration":10},{"type":"keyUp","value":""}]}]}
RESULT: {"actions":[{"id":"action34","type":"key","parameters":{},"actions":[{"type":"keyDown","value":""},{"type":"pause","duration":10},{"type":"keyUp","value":""}]}]}
COMMAND: POST /session/0c2956f598ca806f9665356f353b70f0/element - {"using":"xpath","value":"(//input[contains(@id ,\"requestItemsTable-1-inner\")])[5]"}
COMMAND: GET /session/0c2956f598ca806f9665356f353b70f0/screenshot - {}
RESULT: {"using":"xpath","value":"(//input[contains(@id ,\"requestItemsTable-1-inner\")])[5]"}
COMMAND: POST /session/0c2956f598ca806f9665356f353b70f0/element/f.20C66F91A75546181850ABA8914744C8.d.BA172212FE5FDDF38BFA2626C21E2919.e.5362/clear - {}
RESULT: {}
RESULT: {}
COMMAND: POST /session/0c2956f598ca806f9665356f353b70f0/element/f.20C66F91A75546181850ABA8914744C8.d.BA172212FE5FDDF38BFA2626C21E2919.e.5362/value - {"text":"200258"}
COMMAND: GET /session/0c2956f598ca806f9665356f353b70f0/screenshot - {}
RESULT: {"text":"200258"}
COMMAND: GET /session/0c2956f598ca806f9665356f353b70f0/screenshot - {}
RESULT: {}
RESULT: {}
COMMAND: POST /session/0c2956f598ca806f9665356f353b70f0/actions - {"actions":[{"id":"action35","type":"key","parameters":{},"actions":[{"type":"keyDown","value":""},{"type":"pause","duration":10},{"type":"keyUp","value":""}]}]}
RESULT: {"actions":[{"id":"action35","type":"key","parameters":{},"actions":[{"type":"keyDown","value":""},{"type":"pause","duration":10},{"type":"keyUp","value":""}]}]}
COMMAND: POST /session/0c2956f598ca806f9665356f353b70f0/element - {"using":"xpath","value":"//div[contains(@data-kt ,\"splitAllocationObjectStatus\")]"}
COMMAND: GET /session/0c2956f598ca806f9665356f353b70f0/screenshot - {}
RESULT: {"using":"xpath","value":"//div[contains(@data-kt ,\"splitAllocationObjectStatus\")]"}
COMMAND: POST /session/0c2956f598ca806f9665356f353b70f0/elements - {"using":"xpath","value":"//div[contains(@data-kt ,\"splitAllocationObjectStatus\")]"}
RESULT: {}
RESULT: {"using":"xpath","value":"//div[contains(@data-kt ,\"splitAllocationObjectStatus\")]"}
COMMAND: POST /session/0c2956f598ca806f9665356f353b70f0/execute/async - {"script":"<script> [1562 bytes]","args":[{"selector":{"controlType":"sap.ui.core.Icon","viewName":"etm.portal.ui.managerequests.view.NewRequest","properties":{"src":{"regex":{"source":"message\\-error"}}},"ancestor":{"controlType":"sap.m.ColumnListItem","viewName":"etm.portal.ui.managerequests.view.NewRequest","bindingPath":{"modelName":"newRequestItems","path":"/RequestItems/0"},"ancestor":{"id":"requestItemsTable","viewName":"etm.portal.ui.managerequests.view.NewRequest"}}},"wdio_ui5_key":"etmportal.ui.managerequests.view.NewRequestsap.ui.core.Icon{\"src\":{\"regex\":{\"source\":\"message\\\\-error\"}}}{\"controlType\":\"sap.m.ColumnListItem\",\"viewName\":\"etm.portal.ui.managerequests.view.NewRequest\",\"bindingPath\":{\"modelName\":\"newRequestItems\",\"path\":\"/RequestItems/0\"},\"ancestor\":{\"id\":\"requestItemsTable\",\"viewName\":\"etm.portal.ui.managerequests.view.NewRequest\"}}"}]}
RESULT: {"script":"<script> [1562 bytes]","args":[{"selector":{"controlType":"sap.ui.core.Icon","viewName":"etm.portal.ui.managerequests.view.NewRequest","properties":{"src":{"regex":{"source":"message\\-error"}}},"ancestor":{"controlType":"sap.m.ColumnListItem","viewName":"etm.portal.ui.managerequests.view.NewRequest","bindingPath":{"modelName":"newRequestItems","path":"/RequestItems/0"},"ancestor":{"id":"requestItemsTable","viewName":"etm.portal.ui.managerequests.view.NewRequest"}}},"wdio_ui5_key":"etmportal.ui.managerequests.view.NewRequestsap.ui.core.Icon{\"src\":{\"regex\":{\"source\":\"message\\\\-error\"}}}{\"controlType\":\"sap.m.ColumnListItem\",\"viewName\":\"etm.portal.ui.managerequests.view.NewRequest\",\"bindingPath\":{\"modelName\":\"newRequestItems\",\"path\":\"/RequestItems/0\"},\"ancestor\":{\"id\":\"requestItemsTable\",\"viewName\":\"etm.portal.ui.managerequests.view.NewRequest\"}}"}]}
RESULT: undefined
COMMAND: POST /session/0c2956f598ca806f9665356f353b70f0/element - {"using":"xpath","value":"//*[@id=\"__status4-__xmlview1--requestItemsTable-0-icon\"]"}
RESULT: {"using":"xpath","value":"//*[@id=\"__status4-__xmlview1--requestItemsTable-0-icon\"]"}
COMMAND: POST /session/0c2956f598ca806f9665356f353b70f0/element/f.20C66F91A75546181850ABA8914744C8.d.BA172212FE5FDDF38BFA2626C21E2919.e.5379/click - {}
RESULT: {}
COMMAND: GET /session/0c2956f598ca806f9665356f353b70f0/screenshot - {}
RESULT: {}
COMMAND: POST /session/0c2956f598ca806f9665356f353b70f0/execute/async - {"script":"<script> [1562 bytes]","args":[{"selector":{"id":"costObjectAdminTypeComboBox","viewName":"etm.portal.ui.managerequests.view.NewRequest","searchOpenDialogs":true,"interaction":{"idSuffix":"inner"}},"wdio_ui5_key":"costObjectAdminTypeComboBoxetmportal.ui.managerequests.view.NewRequest"}]}
RESULT: {"script":"<script> [1562 bytes]","args":[{"selector":{"id":"costObjectAdminTypeComboBox","viewName":"etm.portal.ui.managerequests.view.NewRequest","searchOpenDialogs":true,"interaction":{"idSuffix":"inner"}},"wdio_ui5_key":"costObjectAdminTypeComboBoxetmportal.ui.managerequests.view.NewRequest"}]}
RESULT: undefined
COMMAND: POST /session/0c2956f598ca806f9665356f353b70f0/execute/async - {"script":"<script> [776 bytes]","args":[{"enterText":"Cost Center","selector":{"id":"costObjectAdminTypeComboBox","viewName":"etm.portal.ui.managerequests.view.NewRequest","searchOpenDialogs":true,"interaction":{"idSuffix":"inner"}},"clearTextFirst":true,"interactionType":"ENTER_TEXT"}]}
RESULT: {"script":"<script> [776 bytes]","args":[{"enterText":"Cost Center","selector":{"id":"costObjectAdminTypeComboBox","viewName":"etm.portal.ui.managerequests.view.NewRequest","searchOpenDialogs":true,"interaction":{"idSuffix":"inner"}},"clearTextFirst":true,"interactionType":"ENTER_TEXT"}]}
COMMAND: POST /session/0c2956f598ca806f9665356f353b70f0/actions - {"actions":[{"id":"action36","type":"key","parameters":{},"actions":[{"type":"keyDown","value":""},{"type":"pause","duration":10},{"type":"keyUp","value":""}]}]}
RESULT: {"actions":[{"id":"action36","type":"key","parameters":{},"actions":[{"type":"keyDown","value":""},{"type":"pause","duration":10},{"type":"keyUp","value":""}]}]}
COMMAND: GET /session/0c2956f598ca806f9665356f353b70f0/screenshot - {}
RESULT: {}
COMMAND: POST /session/0c2956f598ca806f9665356f353b70f0/execute/async - {"script":"<script> [1562 bytes]","args":[{"selector":{"id":"costObjectIdComboBox","viewName":"etm.portal.ui.managerequests.view.NewRequest","searchOpenDialogs":true,"interaction":{"idSuffix":"inner"}},"wdio_ui5_key":"costObjectIdComboBoxetmportal.ui.managerequests.view.NewRequest"}]}
RESULT: {"script":"<script> [1562 bytes]","args":[{"selector":{"id":"costObjectIdComboBox","viewName":"etm.portal.ui.managerequests.view.NewRequest","searchOpenDialogs":true,"interaction":{"idSuffix":"inner"}},"wdio_ui5_key":"costObjectIdComboBoxetmportal.ui.managerequests.view.NewRequest"}]}
RESULT: undefined
COMMAND: POST /session/0c2956f598ca806f9665356f353b70f0/execute/async - {"script":"<script> [776 bytes]","args":[{"enterText":"1001 - 1001","selector":{"id":"costObjectIdComboBox","viewName":"etm.portal.ui.managerequests.view.NewRequest","searchOpenDialogs":true,"interaction":{"idSuffix":"inner"}},"clearTextFirst":true,"interactionType":"ENTER_TEXT"}]}
RESULT: {"script":"<script> [776 bytes]","args":[{"enterText":"1001 - 1001","selector":{"id":"costObjectIdComboBox","viewName":"etm.portal.ui.managerequests.view.NewRequest","searchOpenDialogs":true,"interaction":{"idSuffix":"inner"}},"clearTextFirst":true,"interactionType":"ENTER_TEXT"}]}
COMMAND: POST /session/0c2956f598ca806f9665356f353b70f0/actions - {"actions":[{"id":"action37","type":"key","parameters":{},"actions":[{"type":"keyDown","value":""},{"type":"pause","duration":10},{"type":"keyUp","value":""}]}]}
RESULT: {"actions":[{"id":"action37","type":"key","parameters":{},"actions":[{"type":"keyDown","value":""},{"type":"pause","duration":10},{"type":"keyUp","value":""}]}]}
COMMAND: GET /session/0c2956f598ca806f9665356f353b70f0/screenshot - {}
RESULT: {}
COMMAND: POST /session/0c2956f598ca806f9665356f353b70f0/element - {"using":"xpath","value":"(//bdi[(text() = 'Save' or . = 'Save')])[1]"}
RESULT: {"using":"xpath","value":"(//bdi[(text() = 'Save' or . = 'Save')])[1]"}
COMMAND: POST /session/0c2956f598ca806f9665356f353b70f0/element/f.20C66F91A75546181850ABA8914744C8.d.BA172212FE5FDDF38BFA2626C21E2919.e.5392/click - {}
RESULT: {}
COMMAND: POST /session/0c2956f598ca806f9665356f353b70f0/execute/async - {"script":"<script> [1562 bytes]","args":[{"selector":{"controlType":"sap.ui.core.Icon","viewName":"etm.portal.ui.managerequests.view.NewRequest","properties":{"src":{"regex":{"source":"message\\-error"}}},"ancestor":{"controlType":"sap.m.ColumnListItem","viewName":"etm.portal.ui.managerequests.view.NewRequest","bindingPath":{"modelName":"newRequestItems","path":"/RequestItems/1"},"ancestor":{"id":"requestItemsTable","viewName":"etm.portal.ui.managerequests.view.NewRequest"}}},"wdio_ui5_key":"etmportal.ui.managerequests.view.NewRequestsap.ui.core.Icon{\"src\":{\"regex\":{\"source\":\"message\\\\-error\"}}}{\"controlType\":\"sap.m.ColumnListItem\",\"viewName\":\"etm.portal.ui.managerequests.view.NewRequest\",\"bindingPath\":{\"modelName\":\"newRequestItems\",\"path\":\"/RequestItems/1\"},\"ancestor\":{\"id\":\"requestItemsTable\",\"viewName\":\"etm.portal.ui.managerequests.view.NewRequest\"}}"}]}
COMMAND: GET /session/0c2956f598ca806f9665356f353b70f0/screenshot - {}
RESULT: {"script":"<script> [1562 bytes]","args":[{"selector":{"controlType":"sap.ui.core.Icon","viewName":"etm.portal.ui.managerequests.view.NewRequest","properties":{"src":{"regex":{"source":"message\\-error"}}},"ancestor":{"controlType":"sap.m.ColumnListItem","viewName":"etm.portal.ui.managerequests.view.NewRequest","bindingPath":{"modelName":"newRequestItems","path":"/RequestItems/1"},"ancestor":{"id":"requestItemsTable","viewName":"etm.portal.ui.managerequests.view.NewRequest"}}},"wdio_ui5_key":"etmportal.ui.managerequests.view.NewRequestsap.ui.core.Icon{\"src\":{\"regex\":{\"source\":\"message\\\\-error\"}}}{\"controlType\":\"sap.m.ColumnListItem\",\"viewName\":\"etm.portal.ui.managerequests.view.NewRequest\",\"bindingPath\":{\"modelName\":\"newRequestItems\",\"path\":\"/RequestItems/1\"},\"ancestor\":{\"id\":\"requestItemsTable\",\"viewName\":\"etm.portal.ui.managerequests.view.NewRequest\"}}"}]}
RESULT: undefined
COMMAND: POST /session/0c2956f598ca806f9665356f353b70f0/element - {"using":"xpath","value":"//*[@id=\"__status4-__xmlview1--requestItemsTable-1-icon\"]"}
RESULT: {}
RESULT: {"using":"xpath","value":"//*[@id=\"__status4-__xmlview1--requestItemsTable-1-icon\"]"}
COMMAND: POST /session/0c2956f598ca806f9665356f353b70f0/element/f.20C66F91A75546181850ABA8914744C8.d.BA172212FE5FDDF38BFA2626C21E2919.e.5395/click - {}
RESULT: {}
COMMAND: GET /session/0c2956f598ca806f9665356f353b70f0/screenshot - {}
RESULT: {}
RESULT: undefined
COMMAND: POST /session/0c2956f598ca806f9665356f353b70f0/execute/async - {"script":"<script> [776 bytes]","args":[{"enterText":"Cost Center","selector":{"id":"costObjectAdminTypeComboBox","viewName":"etm.portal.ui.managerequests.view.NewRequest","searchOpenDialogs":true,"interaction":{"idSuffix":"inner"}},"clearTextFirst":true,"interactionType":"ENTER_TEXT"}]}
RESULT: {"script":"<script> [776 bytes]","args":[{"enterText":"Cost Center","selector":{"id":"costObjectAdminTypeComboBox","viewName":"etm.portal.ui.managerequests.view.NewRequest","searchOpenDialogs":true,"interaction":{"idSuffix":"inner"}},"clearTextFirst":true,"interactionType":"ENTER_TEXT"}]}
COMMAND: POST /session/0c2956f598ca806f9665356f353b70f0/actions - {"actions":[{"id":"action38","type":"key","parameters":{},"actions":[{"type":"keyDown","value":""},{"type":"pause","duration":10},{"type":"keyUp","value":""}]}]}
RESULT: {"actions":[{"id":"action38","type":"key","parameters":{},"actions":[{"type":"keyDown","value":""},{"type":"pause","duration":10},{"type":"keyUp","value":""}]}]}
COMMAND: GET /session/0c2956f598ca806f9665356f353b70f0/screenshot - {}
RESULT: {}
RESULT: undefined
COMMAND: POST /session/0c2956f598ca806f9665356f353b70f0/execute/async - {"script":"<script> [776 bytes]","args":[{"enterText":"1001 - 1001","selector":{"id":"costObjectIdComboBox","viewName":"etm.portal.ui.managerequests.view.NewRequest","searchOpenDialogs":true,"interaction":{"idSuffix":"inner"}},"clearTextFirst":true,"interactionType":"ENTER_TEXT"}]}
RESULT: {"script":"<script> [776 bytes]","args":[{"enterText":"1001 - 1001","selector":{"id":"costObjectIdComboBox","viewName":"etm.portal.ui.managerequests.view.NewRequest","searchOpenDialogs":true,"interaction":{"idSuffix":"inner"}},"clearTextFirst":true,"interactionType":"ENTER_TEXT"}]}
COMMAND: POST /session/0c2956f598ca806f9665356f353b70f0/actions - {"actions":[{"id":"action39","type":"key","parameters":{},"actions":[{"type":"keyDown","value":""},{"type":"pause","duration":10},{"type":"keyUp","value":""}]}]}
RESULT: {"actions":[{"id":"action39","type":"key","parameters":{},"actions":[{"type":"keyDown","value":""},{"type":"pause","duration":10},{"type":"keyUp","value":""}]}]}
COMMAND: GET /session/0c2956f598ca806f9665356f353b70f0/screenshot - {}
RESULT: {}
COMMAND: POST /session/0c2956f598ca806f9665356f353b70f0/element - {"using":"xpath","value":"(//bdi[(text() = 'Save' or . = 'Save')])[1]"}
RESULT: {"using":"xpath","value":"(//bdi[(text() = 'Save' or . = 'Save')])[1]"}
COMMAND: POST /session/0c2956f598ca806f9665356f353b70f0/element/f.20C66F91A75546181850ABA8914744C8.d.BA172212FE5FDDF38BFA2626C21E2919.e.5407/click - {}
RESULT: {}
COMMAND: GET /session/0c2956f598ca806f9665356f353b70f0/screenshot - {}
RESULT: {}
COMMAND: POST /session/0c2956f598ca806f9665356f353b70f0/execute/async - {"script":"<script> [1562 bytes]","args":[{"selector":{"controlType":"sap.m.Button","viewName":"etm.portal.ui.managerequests.view.NewRequest","bindingPath":{"path":"/RequestItems/0","propertyPath":"PICK_UP","modelName":"newRequestItems"},"interaction":{"idSuffix":"BDI-content"}},"wdio_ui5_key":"etmportal.ui.managerequests.view.NewRequestsap.m.Button{\"path\":\"/RequestItems/0\",\"propertyPath\":\"PICK_UP\",\"modelName\":\"newRequestItems\"}"}]}
RESULT: {"script":"<script> [1562 bytes]","args":[{"selector":{"controlType":"sap.m.Button","viewName":"etm.portal.ui.managerequests.view.NewRequest","bindingPath":{"path":"/RequestItems/0","propertyPath":"PICK_UP","modelName":"newRequestItems"},"interaction":{"idSuffix":"BDI-content"}},"wdio_ui5_key":"etmportal.ui.managerequests.view.NewRequestsap.m.Button{\"path\":\"/RequestItems/0\",\"propertyPath\":\"PICK_UP\",\"modelName\":\"newRequestItems\"}"}]}
RESULT: undefined
COMMAND: POST /session/0c2956f598ca806f9665356f353b70f0/element - {"using":"xpath","value":"//*[@id=\"__xmlview1--pickUpItemButton-__xmlview1--requestItemsTable-0\"]"}
RESULT: {"using":"xpath","value":"//*[@id=\"__xmlview1--pickUpItemButton-__xmlview1--requestItemsTable-0\"]"}
COMMAND: POST /session/0c2956f598ca806f9665356f353b70f0/element/f.20C66F91A75546181850ABA8914744C8.d.BA172212FE5FDDF38BFA2626C21E2919.e.5411/click - {}
RESULT: {}
COMMAND: GET /session/0c2956f598ca806f9665356f353b70f0/screenshot - {}
RESULT: {}
COMMAND: POST /session/0c2956f598ca806f9665356f353b70f0/execute/async - {"script":"<script> [1562 bytes]","args":[{"selector":{"controlType":"sap.m.Button","viewName":"etm.portal.ui.managerequests.view.NewRequest","properties":{"text":"Save"},"i18NText":{"propertyName":"tooltip","key":"save"},"interaction":{"idSuffix":"BDI-content"}},"wdio_ui5_key":"etmportal.ui.managerequests.view.NewRequestsap.m.Button{\"propertyName\":\"tooltip\",\"key\":\"save\"}{\"text\":\"Save\"}"}]}
RESULT: {"script":"<script> [1562 bytes]","args":[{"selector":{"controlType":"sap.m.Button","viewName":"etm.portal.ui.managerequests.view.NewRequest","properties":{"text":"Save"},"i18NText":{"propertyName":"tooltip","key":"save"},"interaction":{"idSuffix":"BDI-content"}},"wdio_ui5_key":"etmportal.ui.managerequests.view.NewRequestsap.m.Button{\"propertyName\":\"tooltip\",\"key\":\"save\"}{\"text\":\"Save\"}"}]}
RESULT: undefined
COMMAND: POST /session/0c2956f598ca806f9665356f353b70f0/element - {"using":"xpath","value":"//*[@id=\"__button11\"]"}
RESULT: {"using":"xpath","value":"//*[@id=\"__button11\"]"}
COMMAND: POST /session/0c2956f598ca806f9665356f353b70f0/element/f.20C66F91A75546181850ABA8914744C8.d.BA172212FE5FDDF38BFA2626C21E2919.e.5302/click - {}
RESULT: {}
COMMAND: GET /session/0c2956f598ca806f9665356f353b70f0/screenshot - {}
RESULT: {}
COMMAND: POST /session/0c2956f598ca806f9665356f353b70f0/execute/async - {"script":"<script> [1562 bytes]","args":[{"selector":{"controlType":"sap.m.Text","searchOpenDialogs":true},"wdio_ui5_key":"sapm.Text"}]}
RESULT: {"script":"<script> [1562 bytes]","args":[{"selector":{"controlType":"sap.m.Text","searchOpenDialogs":true},"wdio_ui5_key":"sapm.Text"}]}
RESULT: undefined
COMMAND: POST /session/0c2956f598ca806f9665356f353b70f0/execute/async - {"script":"<script> [6424 bytes]","args":[{"element-6066-11e4-a52e-4f735466cecf":"f.20C66F91A75546181850ABA8914744C8.d.BA172212FE5FDDF38BFA2626C21E2919.e.5414"},"getText",[]]}
RESULT: {"script":"<script> [6424 bytes]","args":[{"element-6066-11e4-a52e-4f735466cecf":"f.20C66F91A75546181850ABA8914744C8.d.BA172212FE5FDDF38BFA2626C21E2919.e.5414"},"getText",[]]}
COMMAND: POST /session/0c2956f598ca806f9665356f353b70f0/execute/async - {"script":"<script> [1562 bytes]","args":[{"selector":{"controlType":"sap.m.Button","properties":{"text":"Close"},"searchOpenDialogs":true,"interaction":{"idSuffix":"BDI-content"}},"wdio_ui5_key":"sapm.Button{\"text\":\"Close\"}"}]}
RESULT: {"script":"<script> [1562 bytes]","args":[{"selector":{"controlType":"sap.m.Button","properties":{"text":"Close"},"searchOpenDialogs":true,"interaction":{"idSuffix":"BDI-content"}},"wdio_ui5_key":"sapm.Button{\"text\":\"Close\"}"}]}
RESULT: undefined
COMMAND: POST /session/0c2956f598ca806f9665356f353b70f0/element - {"using":"xpath","value":"//*[@id=\"__mbox-btn-0\"]"}
RESULT: {"using":"xpath","value":"//*[@id=\"__mbox-btn-0\"]"}
COMMAND: POST /session/0c2956f598ca806f9665356f353b70f0/element/f.20C66F91A75546181850ABA8914744C8.d.BA172212FE5FDDF38BFA2626C21E2919.e.5413/click - {}
RESULT: {}
COMMAND: GET /session/0c2956f598ca806f9665356f353b70f0/screenshot - {}
RESULT: {}
COMMAND: POST /session/0c2956f598ca806f9665356f353b70f0/execute/async - {"script":"<script> [1562 bytes]","args":[{"selector":{"controlType":"sap.m.Button","viewName":"etm.portal.ui.managerequests.view.Detail","bindingPath":{"path":"/SmartRequestItemsPlanningBoard(ITEM=10m,REQUEST='20179')","propertyPath":"PICK_UP"}},"wdio_ui5_key":"etmportal.ui.managerequests.view.Detailsap.m.Button{\"path\":\"/SmartRequestItemsPlanningBoard(ITEM=10m,REQUEST='20179')\",\"propertyPath\":\"PICK_UP\"}"}]}
RESULT: {"script":"<script> [1562 bytes]","args":[{"selector":{"controlType":"sap.m.Button","viewName":"etm.portal.ui.managerequests.view.Detail","bindingPath":{"path":"/SmartRequestItemsPlanningBoard(ITEM=10m,REQUEST='20179')","propertyPath":"PICK_UP"}},"wdio_ui5_key":"etmportal.ui.managerequests.view.Detailsap.m.Button{\"path\":\"/SmartRequestItemsPlanningBoard(ITEM=10m,REQUEST='20179')\",\"propertyPath\":\"PICK_UP\"}"}]}
RESULT: undefined
COMMAND: POST /session/0c2956f598ca806f9665356f353b70f0/execute/async - {"script":"<script> [6424 bytes]","args":[{"element-6066-11e4-a52e-4f735466cecf":"f.20C66F91A75546181850ABA8914744C8.d.BA172212FE5FDDF38BFA2626C21E2919.e.5549"},"getType",[]]}
RESULT: {"script":"<script> [6424 bytes]","args":[{"element-6066-11e4-a52e-4f735466cecf":"f.20C66F91A75546181850ABA8914744C8.d.BA172212FE5FDDF38BFA2626C21E2919.e.5549"},"getType",[]]}
COMMAND: POST /session/0c2956f598ca806f9665356f353b70f0/execute/async - {"script":"<script> [1562 bytes]","args":[{"selector":{"controlType":"sap.m.Button","viewName":"etm.portal.ui.managerequests.view.Detail","bindingPath":{"path":"/SmartRequestItemsPlanningBoard(ITEM=20m,REQUEST='20179')","propertyPath":"PICK_UP"}},"wdio_ui5_key":"etmportal.ui.managerequests.view.Detailsap.m.Button{\"path\":\"/SmartRequestItemsPlanningBoard(ITEM=20m,REQUEST='20179')\",\"propertyPath\":\"PICK_UP\"}"}]}
RESULT: {"script":"<script> [1562 bytes]","args":[{"selector":{"controlType":"sap.m.Button","viewName":"etm.portal.ui.managerequests.view.Detail","bindingPath":{"path":"/SmartRequestItemsPlanningBoard(ITEM=20m,REQUEST='20179')","propertyPath":"PICK_UP"}},"wdio_ui5_key":"etmportal.ui.managerequests.view.Detailsap.m.Button{\"path\":\"/SmartRequestItemsPlanningBoard(ITEM=20m,REQUEST='20179')\",\"propertyPath\":\"PICK_UP\"}"}]}
RESULT: undefined
COMMAND: POST /session/0c2956f598ca806f9665356f353b70f0/execute/async - {"script":"<script> [6424 bytes]","args":[{"element-6066-11e4-a52e-4f735466cecf":"f.20C66F91A75546181850ABA8914744C8.d.BA172212FE5FDDF38BFA2626C21E2919.e.5550"},"getType",[]]}
RESULT: {"script":"<script> [6424 bytes]","args":[{"element-6066-11e4-a52e-4f735466cecf":"f.20C66F91A75546181850ABA8914744C8.d.BA172212FE5FDDF38BFA2626C21E2919.e.5550"},"getType",[]]}
COMMAND: POST /session/0c2956f598ca806f9665356f353b70f0/execute/async - {"script":"<script> [1562 bytes]","args":[{"selector":{"id":"pickUpSwitchHeader","viewName":"etm.portal.ui.managerequests.view.Detail","interaction":{"idSuffix":"handle"}},"wdio_ui5_key":"pickUpSwitchHeaderetmportal.ui.managerequests.view.Detail"}]}
RESULT: {"script":"<script> [1562 bytes]","args":[{"selector":{"id":"pickUpSwitchHeader","viewName":"etm.portal.ui.managerequests.view.Detail","interaction":{"idSuffix":"handle"}},"wdio_ui5_key":"pickUpSwitchHeaderetmportal.ui.managerequests.view.Detail"}]}
RESULT: undefined
COMMAND: POST /session/0c2956f598ca806f9665356f353b70f0/element - {"using":"xpath","value":"//*[@id=\"__xmlview2--pickUpSwitchHeader\"]"}
RESULT: {"using":"xpath","value":"//*[@id=\"__xmlview2--pickUpSwitchHeader\"]"}
COMMAND: POST /session/0c2956f598ca806f9665356f353b70f0/element/f.20C66F91A75546181850ABA8914744C8.d.BA172212FE5FDDF38BFA2626C21E2919.e.5489/click - {}
RESULT: {}
COMMAND: POST /session/0c2956f598ca806f9665356f353b70f0/execute/async - {"script":"<script> [1562 bytes]","args":[{"selector":{"controlType":"sap.ui.core.Icon","viewName":"etm.portal.ui.managerequests.view.Detail","properties":{"src":{"regex":{"source":"pushpin\\-off"}}}},"wdio_ui5_key":"etmportal.ui.managerequests.view.Detailsap.ui.core.Icon{\"src\":{\"regex\":{\"source\":\"pushpin\\\\-off\"}}}"}]}
COMMAND: GET /session/0c2956f598ca806f9665356f353b70f0/screenshot - {}
RESULT: {"script":"<script> [1562 bytes]","args":[{"selector":{"controlType":"sap.ui.core.Icon","viewName":"etm.portal.ui.managerequests.view.Detail","properties":{"src":{"regex":{"source":"pushpin\\-off"}}}},"wdio_ui5_key":"etmportal.ui.managerequests.view.Detailsap.ui.core.Icon{\"src\":{\"regex\":{\"source\":\"pushpin\\\\-off\"}}}"}]}
RESULT: undefined
COMMAND: POST /session/0c2956f598ca806f9665356f353b70f0/element - {"using":"xpath","value":"//*[@id=\"__xmlview2--detailRequestPage-OPHeaderContent-pinBtn-img\"]"}
RESULT: {}
RESULT: {"using":"xpath","value":"//*[@id=\"__xmlview2--detailRequestPage-OPHeaderContent-pinBtn-img\"]"}
COMMAND: POST /session/0c2956f598ca806f9665356f353b70f0/element/f.20C66F91A75546181850ABA8914744C8.d.BA172212FE5FDDF38BFA2626C21E2919.e.5497/click - {}
RESULT: {}
RESULT: undefined
COMMAND: POST /session/0c2956f598ca806f9665356f353b70f0/execute/async - {"script":"<script> [6424 bytes]","args":[{"element-6066-11e4-a52e-4f735466cecf":"f.20C66F91A75546181850ABA8914744C8.d.BA172212FE5FDDF38BFA2626C21E2919.e.5549"},"getType",[]]}
COMMAND: GET /session/0c2956f598ca806f9665356f353b70f0/screenshot - {}
RESULT: {"script":"<script> [6424 bytes]","args":[{"element-6066-11e4-a52e-4f735466cecf":"f.20C66F91A75546181850ABA8914744C8.d.BA172212FE5FDDF38BFA2626C21E2919.e.5549"},"getType",[]]}
RESULT: undefined
COMMAND: POST /session/0c2956f598ca806f9665356f353b70f0/execute/async - {"script":"<script> [6424 bytes]","args":[{"element-6066-11e4-a52e-4f735466cecf":"f.20C66F91A75546181850ABA8914744C8.d.BA172212FE5FDDF38BFA2626C21E2919.e.5550"},"getType",[]]}
RESULT: {}
RESULT: {"script":"<script> [6424 bytes]","args":[{"element-6066-11e4-a52e-4f735466cecf":"f.20C66F91A75546181850ABA8914744C8.d.BA172212FE5FDDF38BFA2626C21E2919.e.5550"},"getType",[]]}
COMMAND: POST /session/0c2956f598ca806f9665356f353b70f0/execute/async - {"script":"<script> [1562 bytes]","args":[{"selector":{"controlType":"sap.ui.core.Icon","viewName":"etm.portal.ui.managerequests.view.Detail","properties":{"src":{"regex":{"source":"date\\-time"}}},"ancestor":{"controlType":"sap.m.ColumnListItem","viewName":"etm.portal.ui.managerequests.view.Detail","bindingPath":{"path":"/SmartRequestItemsPlanningBoard(ITEM=10m,REQUEST='20179')"},"ancestor":{"id":"requestItemsTable","viewName":"etm.portal.ui.managerequests.view.Detail"}}},"wdio_ui5_key":"etmportal.ui.managerequests.view.Detailsap.ui.core.Icon{\"src\":{\"regex\":{\"source\":\"date\\\\-time\"}}}{\"controlType\":\"sap.m.ColumnListItem\",\"viewName\":\"etm.portal.ui.managerequests.view.Detail\",\"bindingPath\":{\"path\":\"/SmartRequestItemsPlanningBoard(ITEM=10m,REQUEST='20179')\"},\"ancestor\":{\"id\":\"requestItemsTable\",\"viewName\":\"etm.portal.ui.managerequests.view.Detail\"}}"}]}
RESULT: {"script":"<script> [1562 bytes]","args":[{"selector":{"controlType":"sap.ui.core.Icon","viewName":"etm.portal.ui.managerequests.view.Detail","properties":{"src":{"regex":{"source":"date\\-time"}}},"ancestor":{"controlType":"sap.m.ColumnListItem","viewName":"etm.portal.ui.managerequests.view.Detail","bindingPath":{"path":"/SmartRequestItemsPlanningBoard(ITEM=10m,REQUEST='20179')"},"ancestor":{"id":"requestItemsTable","viewName":"etm.portal.ui.managerequests.view.Detail"}}},"wdio_ui5_key":"etmportal.ui.managerequests.view.Detailsap.ui.core.Icon{\"src\":{\"regex\":{\"source\":\"date\\\\-time\"}}}{\"controlType\":\"sap.m.ColumnListItem\",\"viewName\":\"etm.portal.ui.managerequests.view.Detail\",\"bindingPath\":{\"path\":\"/SmartRequestItemsPlanningBoard(ITEM=10m,REQUEST='20179')\"},\"ancestor\":{\"id\":\"requestItemsTable\",\"viewName\":\"etm.portal.ui.managerequests.view.Detail\"}}"}]}
RESULT: undefined
COMMAND: POST /session/0c2956f598ca806f9665356f353b70f0/element - {"using":"xpath","value":"//*[@id=\"__button39-__clone1825-img\"]"}
RESULT: {"using":"xpath","value":"//*[@id=\"__button39-__clone1825-img\"]"}
COMMAND: POST /session/0c2956f598ca806f9665356f353b70f0/element/f.20C66F91A75546181850ABA8914744C8.d.BA172212FE5FDDF38BFA2626C21E2919.e.5558/click - {}
RESULT: {}
COMMAND: POST /session/0c2956f598ca806f9665356f353b70f0/execute/async - {"script":"<script> [1562 bytes]","args":[{"selector":{"controlType":"sap.m.Button","viewName":"etm.portal.ui.managerequests.view.Detail","properties":{"text":"Close"},"searchOpenDialogs":true,"interaction":{"idSuffix":"inner"}},"wdio_ui5_key":"etmportal.ui.managerequests.view.Detailsap.m.Button{\"text\":\"Close\"}"}]}
COMMAND: GET /session/0c2956f598ca806f9665356f353b70f0/screenshot - {}
RESULT: {"script":"<script> [1562 bytes]","args":[{"selector":{"controlType":"sap.m.Button","viewName":"etm.portal.ui.managerequests.view.Detail","properties":{"text":"Close"},"searchOpenDialogs":true,"interaction":{"idSuffix":"inner"}},"wdio_ui5_key":"etmportal.ui.managerequests.view.Detailsap.m.Button{\"text\":\"Close\"}"}]}
RESULT: undefined
COMMAND: POST /session/0c2956f598ca806f9665356f353b70f0/element - {"using":"xpath","value":"//*[@id=\"__button49\"]"}
RESULT: {}
RESULT: {"using":"xpath","value":"//*[@id=\"__button49\"]"}
COMMAND: POST /session/0c2956f598ca806f9665356f353b70f0/element/f.20C66F91A75546181850ABA8914744C8.d.BA172212FE5FDDF38BFA2626C21E2919.e.5560/click - {}
RESULT: {}
COMMAND: POST /session/0c2956f598ca806f9665356f353b70f0/execute/async - {"script":"<script> [1562 bytes]","args":[{"selector":{"controlType":"sap.ui.core.Icon","viewName":"etm.portal.ui.managerequests.view.Detail","properties":{"src":{"regex":{"source":"date\\-time"}}},"ancestor":{"controlType":"sap.m.ColumnListItem","viewName":"etm.portal.ui.managerequests.view.Detail","bindingPath":{"path":"/SmartRequestItemsPlanningBoard(ITEM=20m,REQUEST='20179')"},"ancestor":{"id":"requestItemsTable","viewName":"etm.portal.ui.managerequests.view.Detail"}}},"wdio_ui5_key":"etmportal.ui.managerequests.view.Detailsap.ui.core.Icon{\"src\":{\"regex\":{\"source\":\"date\\\\-time\"}}}{\"controlType\":\"sap.m.ColumnListItem\",\"viewName\":\"etm.portal.ui.managerequests.view.Detail\",\"bindingPath\":{\"path\":\"/SmartRequestItemsPlanningBoard(ITEM=20m,REQUEST='20179')\"},\"ancestor\":{\"id\":\"requestItemsTable\",\"viewName\":\"etm.portal.ui.managerequests.view.Detail\"}}"}]}
COMMAND: GET /session/0c2956f598ca806f9665356f353b70f0/screenshot - {}
RESULT: {"script":"<script> [1562 bytes]","args":[{"selector":{"controlType":"sap.ui.core.Icon","viewName":"etm.portal.ui.managerequests.view.Detail","properties":{"src":{"regex":{"source":"date\\-time"}}},"ancestor":{"controlType":"sap.m.ColumnListItem","viewName":"etm.portal.ui.managerequests.view.Detail","bindingPath":{"path":"/SmartRequestItemsPlanningBoard(ITEM=20m,REQUEST='20179')"},"ancestor":{"id":"requestItemsTable","viewName":"etm.portal.ui.managerequests.view.Detail"}}},"wdio_ui5_key":"etmportal.ui.managerequests.view.Detailsap.ui.core.Icon{\"src\":{\"regex\":{\"source\":\"date\\\\-time\"}}}{\"controlType\":\"sap.m.ColumnListItem\",\"viewName\":\"etm.portal.ui.managerequests.view.Detail\",\"bindingPath\":{\"path\":\"/SmartRequestItemsPlanningBoard(ITEM=20m,REQUEST='20179')\"},\"ancestor\":{\"id\":\"requestItemsTable\",\"viewName\":\"etm.portal.ui.managerequests.view.Detail\"}}"}]}
RESULT: undefined
COMMAND: POST /session/0c2956f598ca806f9665356f353b70f0/element - {"using":"xpath","value":"//*[@id=\"__button39-__clone1826-img\"]"}
RESULT: {}
RESULT: {"using":"xpath","value":"//*[@id=\"__button39-__clone1826-img\"]"}
COMMAND: POST /session/0c2956f598ca806f9665356f353b70f0/element/f.20C66F91A75546181850ABA8914744C8.d.BA172212FE5FDDF38BFA2626C21E2919.e.5567/click - {}
RESULT: {}
RESULT: undefined
COMMAND: POST /session/0c2956f598ca806f9665356f353b70f0/element - {"using":"xpath","value":"//*[@id=\"__button49\"]"}
COMMAND: GET /session/0c2956f598ca806f9665356f353b70f0/screenshot - {}
RESULT: {"using":"xpath","value":"//*[@id=\"__button49\"]"}
COMMAND: POST /session/0c2956f598ca806f9665356f353b70f0/elements - {"using":"xpath","value":"//*[@id=\"__button49\"]"}
RESULT: {}
RESULT: {"using":"xpath","value":"//*[@id=\"__button49\"]"}
COMMAND: POST /session/0c2956f598ca806f9665356f353b70f0/element - {"using":"xpath","value":"//*[@id=\"__button49\"]"}
RESULT: {"using":"xpath","value":"//*[@id=\"__button49\"]"}
COMMAND: POST /session/0c2956f598ca806f9665356f353b70f0/element/f.20C66F91A75546181850ABA8914744C8.d.BA172212FE5FDDF38BFA2626C21E2919.e.5574/click - {}
RESULT: {}
COMMAND: POST /session/0c2956f598ca806f9665356f353b70f0/execute/async - {"script":"<script> [189 bytes]","args":[]}
COMMAND: GET /session/0c2956f598ca806f9665356f353b70f0/screenshot - {}
RESULT: {"script":"<script> [189 bytes]","args":[]}
COMMAND: POST /session/0c2956f598ca806f9665356f353b70f0/execute/async - {"script":"<script> [123 bytes]","args":[]}
RESULT: {}
RESULT: {"script":"<script> [123 bytes]","args":[]}
COMMAND: POST /session/0c2956f598ca806f9665356f353b70f0/timeouts - {"script":"<number>"}
RESULT: {"script":"<number>"}
COMMAND: GET /session/0c2956f598ca806f9665356f353b70f0/timeouts - {}
RESULT: {}
RESULT: undefined
COMMAND: POST /session/0c2956f598ca806f9665356f353b70f0/execute/async - {"script":"<script> [2676 bytes]","args":[]}
RESULT: {"script":"<script> [2676 bytes]","args":[]}
COMMAND: POST /session/0c2956f598ca806f9665356f353b70f0/execute/async - {"script":"<script> [2342 bytes]","args":[{"protocol":"http","hostname":"0.0.0.0","path":"/","capabilities":{"browserName":"chrome","goog:chromeOptions":{"binary":"C:\\Program Files\\Google\\Chrome\\Application\\chrome.exe","args":["--start-maximized"]}},"logLevel":"warn","connectionRetryTimeout":120000,"connectionRetryCount":3,"logLevels":{},"enableDirectConnect":true,"strictSSL":true,"_":"65 more keys: [\"cacheDir\",\"port\",\"requestedCapabilities\",\"automationProtocol\",\"baseUrl\",\"waitforInterval\",\"waitforTimeout\",\"onReload\",\"beforeCommand\",\"afterCommand\",\"rootDir\",\"specs\",\"suites\",\"exclude\",\"groupLogsByTestSpec\",\"excludeDriverLogs\",\"bail\",\"framework\",\"reporters\",\"services\",\"maxInstances\",\"maxInstancesPerCapability\",\"injectGlobals\",\"filesToWatch\",\"execArgv\",\"runnerEnv\",\"runner\",\"shard\",\"specFileRetries\",\"specFileRetriesDelay\",\"specFileRetriesDeferred\",\"reporterSyncInterval\",\"reporterSyncTimeout\",\"cucumberFeaturesWithLineNumbers\",\"autoCompileOpts\",\"mochaOpts\",\"jasmineOpts\",\"cucumberOpts\",\"onPrepare\",\"onWorkerStart\",\"onWorkerEnd\",\"before\",\"beforeSession\",\"beforeSuite\",\"beforeHook\",\"beforeTest\",\"afterTest\",\"afterHook\",\"afterSuite\",\"afterSession\",\"after\",\"onComplete\",\"beforeAssertion\",\"afterAssertion\",\"beforeFeature\",\"beforeScenario\",\"beforeStep\",\"afterStep\",\"afterScenario\",\"afterFeature\",\"_\",\"suite\",\"$0\",\"ignoredWorkerServices\",\"wdi5\"]"}]}
RESULT: {"script":"<script> [2342 bytes]","args":[{"protocol":"http","hostname":"0.0.0.0","path":"/","capabilities":{"browserName":"chrome","goog:chromeOptions":{"binary":"C:\\Program Files\\Google\\Chrome\\Application\\chrome.exe","args":["--start-maximized"]}},"logLevel":"warn","connectionRetryTimeout":120000,"connectionRetryCount":3,"logLevels":{},"enableDirectConnect":true,"strictSSL":true,"_":"65 more keys: [\"cacheDir\",\"port\",\"requestedCapabilities\",\"automationProtocol\",\"baseUrl\",\"waitforInterval\",\"waitforTimeout\",\"onReload\",\"beforeCommand\",\"afterCommand\",\"rootDir\",\"specs\",\"suites\",\"exclude\",\"groupLogsByTestSpec\",\"excludeDriverLogs\",\"bail\",\"framework\",\"reporters\",\"services\",\"maxInstances\",\"maxInstancesPerCapability\",\"injectGlobals\",\"filesToWatch\",\"execArgv\",\"runnerEnv\",\"runner\",\"shard\",\"specFileRetries\",\"specFileRetriesDelay\",\"specFileRetriesDeferred\",\"reporterSyncInterval\",\"reporterSyncTimeout\",\"cucumberFeaturesWithLineNumbers\",\"autoCompileOpts\",\"mochaOpts\",\"jasmineOpts\",\"cucumberOpts\",\"onPrepare\",\"onWorkerStart\",\"onWorkerEnd\",\"before\",\"beforeSession\",\"beforeSuite\",\"beforeHook\",\"beforeTest\",\"afterTest\",\"afterHook\",\"afterSuite\",\"afterSession\",\"after\",\"onComplete\",\"beforeAssertion\",\"afterAssertion\",\"beforeFeature\",\"beforeScenario\",\"beforeStep\",\"afterStep\",\"afterScenario\",\"afterFeature\",\"_\",\"suite\",\"$0\",\"ignoredWorkerServices\",\"wdi5\"]"}]}
COMMAND: POST /session/0c2956f598ca806f9665356f353b70f0/execute/async - {"script":"<script> [21126 bytes]","args":[35000]}
RESULT: {"script":"<script> [21126 bytes]","args":[35000]}
COMMAND: POST /session/0c2956f598ca806f9665356f353b70f0/execute/async - {"script":"<script> [1562 bytes]","args":[{"selector":{"controlType":"sap.m.Button","viewName":"etm.portal.ui.managerequests.view.Detail","bindingPath":{"path":"/SmartRequestItemsPlanningBoard(ITEM=10m,REQUEST='20179')","propertyPath":"PICK_UP"}},"wdio_ui5_key":"etmportal.ui.managerequests.view.Detailsap.m.Button{\"path\":\"/SmartRequestItemsPlanningBoard(ITEM=10m,REQUEST='20179')\",\"propertyPath\":\"PICK_UP\"}"}]}
RESULT: {"script":"<script> [1562 bytes]","args":[{"selector":{"controlType":"sap.m.Button","viewName":"etm.portal.ui.managerequests.view.Detail","bindingPath":{"path":"/SmartRequestItemsPlanningBoard(ITEM=10m,REQUEST='20179')","propertyPath":"PICK_UP"}},"wdio_ui5_key":"etmportal.ui.managerequests.view.Detailsap.m.Button{\"path\":\"/SmartRequestItemsPlanningBoard(ITEM=10m,REQUEST='20179')\",\"propertyPath\":\"PICK_UP\"}"}]}
RESULT: undefined
COMMAND: POST /session/0c2956f598ca806f9665356f353b70f0/execute/async - {"script":"<script> [6424 bytes]","args":[{"element-6066-11e4-a52e-4f735466cecf":"f.20C66F91A75546181850ABA8914744C8.d.BA172212FE5FDDF38BFA2626C21E2919.e.5549"},"getType",[]]}
RESULT: {"script":"<script> [6424 bytes]","args":[{"element-6066-11e4-a52e-4f735466cecf":"f.20C66F91A75546181850ABA8914744C8.d.BA172212FE5FDDF38BFA2626C21E2919.e.5549"},"getType",[]]}
COMMAND: POST /session/0c2956f598ca806f9665356f353b70f0/execute/async - {"script":"<script> [1562 bytes]","args":[{"selector":{"controlType":"sap.m.Button","viewName":"etm.portal.ui.managerequests.view.Detail","bindingPath":{"path":"/SmartRequestItemsPlanningBoard(ITEM=20m,REQUEST='20179')","propertyPath":"PICK_UP"}},"wdio_ui5_key":"etmportal.ui.managerequests.view.Detailsap.m.Button{\"path\":\"/SmartRequestItemsPlanningBoard(ITEM=20m,REQUEST='20179')\",\"propertyPath\":\"PICK_UP\"}"}]}
RESULT: {"script":"<script> [1562 bytes]","args":[{"selector":{"controlType":"sap.m.Button","viewName":"etm.portal.ui.managerequests.view.Detail","bindingPath":{"path":"/SmartRequestItemsPlanningBoard(ITEM=20m,REQUEST='20179')","propertyPath":"PICK_UP"}},"wdio_ui5_key":"etmportal.ui.managerequests.view.Detailsap.m.Button{\"path\":\"/SmartRequestItemsPlanningBoard(ITEM=20m,REQUEST='20179')\",\"propertyPath\":\"PICK_UP\"}"}]}
RESULT: undefined
COMMAND: POST /session/0c2956f598ca806f9665356f353b70f0/execute/async - {"script":"<script> [6424 bytes]","args":[{"element-6066-11e4-a52e-4f735466cecf":"f.20C66F91A75546181850ABA8914744C8.d.BA172212FE5FDDF38BFA2626C21E2919.e.5550"},"getType",[]]}
RESULT: {"script":"<script> [6424 bytes]","args":[{"element-6066-11e4-a52e-4f735466cecf":"f.20C66F91A75546181850ABA8914744C8.d.BA172212FE5FDDF38BFA2626C21E2919.e.5550"},"getType",[]]}
]]></system-out>
    </testcase>
    <testcase classname="chrome.135_0_7049_42.windows.Manage_request_+_Contract_processing_pick_up_option_US120163_" name="Should Contract processing pick up option" time="195.92">
      <system-out><![CDATA[
COMMAND: POST /session/0c2956f598ca806f9665356f353b70f0/execute/async - {"script":"<script> [1562 bytes]","args":[{"selector":{"id":"requestContractNo","viewName":"etm.portal.ui.managerequests.view.Detail"},"wdio_ui5_key":"requestContractNoetmportal.ui.managerequests.view.Detail"}]}
RESULT: {"script":"<script> [1562 bytes]","args":[{"selector":{"id":"requestContractNo","viewName":"etm.portal.ui.managerequests.view.Detail"},"wdio_ui5_key":"requestContractNoetmportal.ui.managerequests.view.Detail"}]}
RESULT: undefined
COMMAND: POST /session/0c2956f598ca806f9665356f353b70f0/element - {"using":"xpath","value":"//*[@id=\"__xmlview2--requestContractNo\"]"}
RESULT: {"using":"xpath","value":"//*[@id=\"__xmlview2--requestContractNo\"]"}
COMMAND: POST /session/0c2956f598ca806f9665356f353b70f0/element/f.20C66F91A75546181850ABA8914744C8.d.BA172212FE5FDDF38BFA2626C21E2919.e.5577/click - {}
RESULT: {}
COMMAND: POST /session/0c2956f598ca806f9665356f353b70f0/execute/async - {"script":"<script> [1562 bytes]","args":[{"selector":{"controlType":"sap.m.Link","viewName":"etm.portal.ui.managerequests.view.Detail","properties":{"text":"Contract Overview"},"searchOpenDialogs":true},"wdio_ui5_key":"etmportal.ui.managerequests.view.Detailsap.m.Link{\"text\":\"Contract Overview\"}"}]}
COMMAND: GET /session/0c2956f598ca806f9665356f353b70f0/screenshot - {}
RESULT: {"script":"<script> [1562 bytes]","args":[{"selector":{"controlType":"sap.m.Link","viewName":"etm.portal.ui.managerequests.view.Detail","properties":{"text":"Contract Overview"},"searchOpenDialogs":true},"wdio_ui5_key":"etmportal.ui.managerequests.view.Detailsap.m.Link{\"text\":\"Contract Overview\"}"}]}
RESULT: undefined
COMMAND: POST /session/0c2956f598ca806f9665356f353b70f0/element - {"using":"xpath","value":"//*[@id=\"__link8\"]"}
RESULT: {}
RESULT: {"using":"xpath","value":"//*[@id=\"__link8\"]"}
COMMAND: POST /session/0c2956f598ca806f9665356f353b70f0/element/f.20C66F91A75546181850ABA8914744C8.d.BA172212FE5FDDF38BFA2626C21E2919.e.5579/click - {}
RESULT: {}
COMMAND: GET /session/0c2956f598ca806f9665356f353b70f0/screenshot - {}
RESULT: undefined
RESULT: undefined
RESULT: {}
COMMAND: POST /session/0c2956f598ca806f9665356f353b70f0/element - {"using":"xpath","value":"//div[contains(@id ,\"headerBillingItemsTabFilter-text\")]"}
RESULT: {"using":"xpath","value":"//div[contains(@id ,\"headerBillingItemsTabFilter-text\")]"}
COMMAND: POST /session/0c2956f598ca806f9665356f353b70f0/element/f.20C66F91A75546181850ABA8914744C8.d.BA172212FE5FDDF38BFA2626C21E2919.e.5790/click - {}
RESULT: {}
COMMAND: GET /session/0c2956f598ca806f9665356f353b70f0/screenshot - {}
RESULT: {}
COMMAND: POST /session/0c2956f598ca806f9665356f353b70f0/execute/async - {"script":"<script> [1562 bytes]","args":[{"selector":{"id":"addRequestItemBtn","viewName":"etm.portal.ui.managecontracts.view.Detail","interaction":{"idSuffix":"BDI-content"}},"wdio_ui5_key":"addRequestItemBtnetmportal.ui.managecontracts.view.Detail"}]}
RESULT: {"script":"<script> [1562 bytes]","args":[{"selector":{"id":"addRequestItemBtn","viewName":"etm.portal.ui.managecontracts.view.Detail","interaction":{"idSuffix":"BDI-content"}},"wdio_ui5_key":"addRequestItemBtnetmportal.ui.managecontracts.view.Detail"}]}
RESULT: undefined
COMMAND: POST /session/0c2956f598ca806f9665356f353b70f0/element - {"using":"xpath","value":"//*[@id=\"__xmlview4--addRequestItemBtn\"]"}
RESULT: {"using":"xpath","value":"//*[@id=\"__xmlview4--addRequestItemBtn\"]"}
COMMAND: POST /session/0c2956f598ca806f9665356f353b70f0/element/f.20C66F91A75546181850ABA8914744C8.d.BA172212FE5FDDF38BFA2626C21E2919.e.5698/click - {}
RESULT: {}
COMMAND: GET /session/0c2956f598ca806f9665356f353b70f0/screenshot - {}
RESULT: {}
COMMAND: POST /session/0c2956f598ca806f9665356f353b70f0/element - {"using":"xpath","value":"//div[contains(@id ,\"popupRequestTable-sa-CbBg\")]"}
RESULT: {"using":"xpath","value":"//div[contains(@id ,\"popupRequestTable-sa-CbBg\")]"}
COMMAND: POST /session/0c2956f598ca806f9665356f353b70f0/element/f.20C66F91A75546181850ABA8914744C8.d.BA172212FE5FDDF38BFA2626C21E2919.e.5815/click - {}
RESULT: {}
COMMAND: GET /session/0c2956f598ca806f9665356f353b70f0/screenshot - {}
RESULT: {}
COMMAND: POST /session/0c2956f598ca806f9665356f353b70f0/execute/async - {"script":"<script> [1562 bytes]","args":[{"selector":{"controlType":"sap.m.Button","viewName":"etm.portal.ui.managecontracts.view.Detail","i18NText":{"propertyName":"text","key":"selectionDone"},"searchOpenDialogs":true,"interaction":{"idSuffix":"content"}},"wdio_ui5_key":"etmportal.ui.managecontracts.view.Detailsap.m.Button{\"propertyName\":\"text\",\"key\":\"selectionDone\"}"}]}
RESULT: {"script":"<script> [1562 bytes]","args":[{"selector":{"controlType":"sap.m.Button","viewName":"etm.portal.ui.managecontracts.view.Detail","i18NText":{"propertyName":"text","key":"selectionDone"},"searchOpenDialogs":true,"interaction":{"idSuffix":"content"}},"wdio_ui5_key":"etmportal.ui.managecontracts.view.Detailsap.m.Button{\"propertyName\":\"text\",\"key\":\"selectionDone\"}"}]}
RESULT: undefined
COMMAND: POST /session/0c2956f598ca806f9665356f353b70f0/element - {"using":"xpath","value":"//*[@id=\"__button65\"]"}
RESULT: {"using":"xpath","value":"//*[@id=\"__button65\"]"}
COMMAND: POST /session/0c2956f598ca806f9665356f353b70f0/element/f.20C66F91A75546181850ABA8914744C8.d.BA172212FE5FDDF38BFA2626C21E2919.e.5818/click - {}
RESULT: {}
COMMAND: POST /session/0c2956f598ca806f9665356f353b70f0/execute/async - {"script":"<script> [1562 bytes]","args":[{"selector":{"controlType":"sap.m.Button","properties":{"text":"OK"},"searchOpenDialogs":true,"interaction":{"idSuffix":"inner"}},"wdio_ui5_key":"sapm.Button{\"text\":\"OK\"}"}]}
COMMAND: GET /session/0c2956f598ca806f9665356f353b70f0/screenshot - {}
RESULT: {"script":"<script> [1562 bytes]","args":[{"selector":{"controlType":"sap.m.Button","properties":{"text":"OK"},"searchOpenDialogs":true,"interaction":{"idSuffix":"inner"}},"wdio_ui5_key":"sapm.Button{\"text\":\"OK\"}"}]}
RESULT: undefined
COMMAND: POST /session/0c2956f598ca806f9665356f353b70f0/element - {"using":"xpath","value":"//*[@id=\"__mbox-btn-1\"]"}
RESULT: {}
RESULT: {"using":"xpath","value":"//*[@id=\"__mbox-btn-1\"]"}
COMMAND: POST /session/0c2956f598ca806f9665356f353b70f0/element/f.20C66F91A75546181850ABA8914744C8.d.BA172212FE5FDDF38BFA2626C21E2919.e.5819/click - {}
RESULT: {}
COMMAND: GET /session/0c2956f598ca806f9665356f353b70f0/screenshot - {}
RESULT: {}
COMMAND: POST /session/0c2956f598ca806f9665356f353b70f0/element - {"using":"xpath","value":"//div[contains(@id ,\"headerBillingItemsTabFilter-text\")]"}
RESULT: {"using":"xpath","value":"//div[contains(@id ,\"headerBillingItemsTabFilter-text\")]"}
COMMAND: POST /session/0c2956f598ca806f9665356f353b70f0/element/f.20C66F91A75546181850ABA8914744C8.d.BA172212FE5FDDF38BFA2626C21E2919.e.5790/click - {}
RESULT: {}
COMMAND: GET /session/0c2956f598ca806f9665356f353b70f0/screenshot - {}
RESULT: {}
COMMAND: POST /session/0c2956f598ca806f9665356f353b70f0/element - {"using":"xpath","value":"//button[contains(@data-kt ,\"refreshButton\")]"}
RESULT: {"using":"xpath","value":"//button[contains(@data-kt ,\"refreshButton\")]"}
COMMAND: POST /session/0c2956f598ca806f9665356f353b70f0/element/f.20C66F91A75546181850ABA8914744C8.d.BA172212FE5FDDF38BFA2626C21E2919.e.5695/click - {}
RESULT: {}
COMMAND: GET /session/0c2956f598ca806f9665356f353b70f0/screenshot - {}
RESULT: {}
COMMAND: POST /session/0c2956f598ca806f9665356f353b70f0/element - {"using":"xpath","value":"//div[contains(@id ,\"headerBillingItemsTabFilter-text\")]"}
RESULT: {"using":"xpath","value":"//div[contains(@id ,\"headerBillingItemsTabFilter-text\")]"}
COMMAND: POST /session/0c2956f598ca806f9665356f353b70f0/element/f.20C66F91A75546181850ABA8914744C8.d.BA172212FE5FDDF38BFA2626C21E2919.e.5790/click - {}
RESULT: {}
COMMAND: GET /session/0c2956f598ca806f9665356f353b70f0/screenshot - {}
RESULT: {}
COMMAND: POST /session/0c2956f598ca806f9665356f353b70f0/execute/async - {"script":"<script> [1562 bytes]","args":[{"selector":{"id":"contractDetailProvideButton","viewName":"etm.portal.ui.managecontracts.view.Detail","interaction":{"idSuffix":"BDI-content"}},"wdio_ui5_key":"contractDetailProvideButtonetmportal.ui.managecontracts.view.Detail"}]}
RESULT: {"script":"<script> [1562 bytes]","args":[{"selector":{"id":"contractDetailProvideButton","viewName":"etm.portal.ui.managecontracts.view.Detail","interaction":{"idSuffix":"BDI-content"}},"wdio_ui5_key":"contractDetailProvideButtonetmportal.ui.managecontracts.view.Detail"}]}
RESULT: undefined
COMMAND: POST /session/0c2956f598ca806f9665356f353b70f0/element - {"using":"xpath","value":"//*[@id=\"__xmlview4--contractDetailProvideButton\"]"}
RESULT: {"using":"xpath","value":"//*[@id=\"__xmlview4--contractDetailProvideButton\"]"}
COMMAND: POST /session/0c2956f598ca806f9665356f353b70f0/element/f.20C66F91A75546181850ABA8914744C8.d.BA172212FE5FDDF38BFA2626C21E2919.e.5704/click - {}
RESULT: {}
COMMAND: GET /session/0c2956f598ca806f9665356f353b70f0/screenshot - {}
RESULT: {}
COMMAND: POST /session/0c2956f598ca806f9665356f353b70f0/execute/async - {"script":"<script> [1562 bytes]","args":[{"selector":{"id":"application-managehandovers-display-component---AddNewHO--pickUpCheckbox","interaction":{"idSuffix":"CbBg"}},"wdio_ui5_key":"applicationmanagehandovers-display-component---AddNewHO--pickUpCheckbox"}]}
RESULT: {"script":"<script> [1562 bytes]","args":[{"selector":{"id":"application-managehandovers-display-component---AddNewHO--pickUpCheckbox","interaction":{"idSuffix":"CbBg"}},"wdio_ui5_key":"applicationmanagehandovers-display-component---AddNewHO--pickUpCheckbox"}]}
RESULT: undefined
COMMAND: POST /session/0c2956f598ca806f9665356f353b70f0/element - {"using":"xpath","value":"//*[@id=\"application-managehandovers-display-component---AddNewHO--pickUpCheckbox\"]"}
RESULT: {"using":"xpath","value":"//*[@id=\"application-managehandovers-display-component---AddNewHO--pickUpCheckbox\"]"}
COMMAND: POST /session/0c2956f598ca806f9665356f353b70f0/element/f.20C66F91A75546181850ABA8914744C8.d.BA172212FE5FDDF38BFA2626C21E2919.e.6005/click - {}
RESULT: {}
COMMAND: POST /session/0c2956f598ca806f9665356f353b70f0/execute/async - {"script":"<script> [1562 bytes]","args":[{"selector":{"id":"application-managehandovers-display-component---AddNewHO--ObjectPageLayout-anchBar-application-managehandovers-display-component---AddNewHO--section4-anchor","interaction":{"idSuffix":"content"}},"wdio_ui5_key":"applicationmanagehandovers-display-component---AddNewHO--ObjectPageLayout-anchBar-application-managehandovers-display-component---AddNewHO--section4-anchor"}]}
COMMAND: GET /session/0c2956f598ca806f9665356f353b70f0/screenshot - {}
RESULT: {"script":"<script> [1562 bytes]","args":[{"selector":{"id":"application-managehandovers-display-component---AddNewHO--ObjectPageLayout-anchBar-application-managehandovers-display-component---AddNewHO--section4-anchor","interaction":{"idSuffix":"content"}},"wdio_ui5_key":"applicationmanagehandovers-display-component---AddNewHO--ObjectPageLayout-anchBar-application-managehandovers-display-component---AddNewHO--section4-anchor"}]}
RESULT: undefined
COMMAND: POST /session/0c2956f598ca806f9665356f353b70f0/element - {"using":"xpath","value":"//*[@id=\"application-managehandovers-display-component---AddNewHO--ObjectPageLayout-anchBar-application-managehandovers-display-component---AddNewHO--section4-anchor\"]"}
RESULT: {}
RESULT: {"using":"xpath","value":"//*[@id=\"application-managehandovers-display-component---AddNewHO--ObjectPageLayout-anchBar-application-managehandovers-display-component---AddNewHO--section4-anchor\"]"}
COMMAND: POST /session/0c2956f598ca806f9665356f353b70f0/element/f.20C66F91A75546181850ABA8914744C8.d.BA172212FE5FDDF38BFA2626C21E2919.e.6009/click - {}
RESULT: {}
COMMAND: POST /session/0c2956f598ca806f9665356f353b70f0/execute/async - {"script":"<script> [1562 bytes]","args":[{"selector":{"controlType":"sap.m.Button","viewName":"etm.portal.ui.managehandovers.view.AddNewHO","viewId":"application-managehandovers-display-component---AddNewHO","i18NText":{"propertyName":"tooltip","key":"addItems"},"interaction":{"idSuffix":"inner"}},"wdio_ui5_key":"etmportal.ui.managehandovers.view.AddNewHOsap.m.Button{\"propertyName\":\"tooltip\",\"key\":\"addItems\"}"}]}
COMMAND: GET /session/0c2956f598ca806f9665356f353b70f0/screenshot - {}
RESULT: {"script":"<script> [1562 bytes]","args":[{"selector":{"controlType":"sap.m.Button","viewName":"etm.portal.ui.managehandovers.view.AddNewHO","viewId":"application-managehandovers-display-component---AddNewHO","i18NText":{"propertyName":"tooltip","key":"addItems"},"interaction":{"idSuffix":"inner"}},"wdio_ui5_key":"etmportal.ui.managehandovers.view.AddNewHOsap.m.Button{\"propertyName\":\"tooltip\",\"key\":\"addItems\"}"}]}
RESULT: undefined
COMMAND: POST /session/0c2956f598ca806f9665356f353b70f0/element - {"using":"xpath","value":"//*[@id=\"__button82\"]"}
RESULT: {}
RESULT: {"using":"xpath","value":"//*[@id=\"__button82\"]"}
COMMAND: POST /session/0c2956f598ca806f9665356f353b70f0/element/f.20C66F91A75546181850ABA8914744C8.d.BA172212FE5FDDF38BFA2626C21E2919.e.6013/click - {}
RESULT: {}
COMMAND: POST /session/0c2956f598ca806f9665356f353b70f0/execute/async - {"script":"<script> [1562 bytes]","args":[{"selector":{"id":"application-managehandovers-display-component---AddNewHO--smartTableHOPopup-header","searchOpenDialogs":true},"wdio_ui5_key":"applicationmanagehandovers-display-component---AddNewHO--smartTableHOPopup-header"}]}
COMMAND: GET /session/0c2956f598ca806f9665356f353b70f0/screenshot - {}
RESULT: {"script":"<script> [1562 bytes]","args":[{"selector":{"id":"application-managehandovers-display-component---AddNewHO--smartTableHOPopup-header","searchOpenDialogs":true},"wdio_ui5_key":"applicationmanagehandovers-display-component---AddNewHO--smartTableHOPopup-header"}]}
RESULT: undefined
COMMAND: POST /session/0c2956f598ca806f9665356f353b70f0/execute/async - {"script":"<script> [6424 bytes]","args":[{"element-6066-11e4-a52e-4f735466cecf":"f.20C66F91A75546181850ABA8914744C8.d.BA172212FE5FDDF38BFA2626C21E2919.e.6022"},"getText",[]]}
RESULT: {}
RESULT: {"script":"<script> [6424 bytes]","args":[{"element-6066-11e4-a52e-4f735466cecf":"f.20C66F91A75546181850ABA8914744C8.d.BA172212FE5FDDF38BFA2626C21E2919.e.6022"},"getText",[]]}
COMMAND: POST /session/0c2956f598ca806f9665356f353b70f0/actions - {"actions":[{"id":"action40","type":"key","parameters":{},"actions":[{"type":"keyDown","value":""},{"type":"pause","duration":10},{"type":"keyUp","value":""}]}]}
RESULT: {"actions":[{"id":"action40","type":"key","parameters":{},"actions":[{"type":"keyDown","value":""},{"type":"pause","duration":10},{"type":"keyUp","value":""}]}]}
COMMAND: GET /session/0c2956f598ca806f9665356f353b70f0/screenshot - {}
RESULT: {}
COMMAND: POST /session/0c2956f598ca806f9665356f353b70f0/execute/async - {"script":"<script> [1562 bytes]","args":[{"selector":{"id":"backBtn"},"wdio_ui5_key":"backBtn"}]}
RESULT: {"script":"<script> [1562 bytes]","args":[{"selector":{"id":"backBtn"},"wdio_ui5_key":"backBtn"}]}
RESULT: undefined
COMMAND: POST /session/0c2956f598ca806f9665356f353b70f0/element - {"using":"xpath","value":"//*[@id=\"backBtn\"]"}
RESULT: {"using":"xpath","value":"//*[@id=\"backBtn\"]"}
COMMAND: POST /session/0c2956f598ca806f9665356f353b70f0/element/f.20C66F91A75546181850ABA8914744C8.d.BA172212FE5FDDF38BFA2626C21E2919.e.6024/click - {}
RESULT: undefined
RESULT: undefined
RESULT: {}
COMMAND: GET /session/0c2956f598ca806f9665356f353b70f0/screenshot - {}
COMMAND: POST /session/0c2956f598ca806f9665356f353b70f0/refresh - {}
RESULT: {}
RESULT: {}
COMMAND: GET /session/0c2956f598ca806f9665356f353b70f0/screenshot - {}
RESULT: {}
RESULT: undefined
RESULT: undefined
COMMAND: POST /session/0c2956f598ca806f9665356f353b70f0/refresh - {}
RESULT: {}
COMMAND: GET /session/0c2956f598ca806f9665356f353b70f0/screenshot - {}
RESULT: {}
RESULT: undefined
RESULT: undefined
COMMAND: POST /session/0c2956f598ca806f9665356f353b70f0/execute/async - {"script":"<script> [189 bytes]","args":[]}
RESULT: {"script":"<script> [189 bytes]","args":[]}
COMMAND: POST /session/0c2956f598ca806f9665356f353b70f0/execute/async - {"script":"<script> [123 bytes]","args":[]}
RESULT: {"script":"<script> [123 bytes]","args":[]}
COMMAND: POST /session/0c2956f598ca806f9665356f353b70f0/timeouts - {"script":"<number>"}
RESULT: {"script":"<number>"}
COMMAND: GET /session/0c2956f598ca806f9665356f353b70f0/timeouts - {}
RESULT: {}
RESULT: undefined
COMMAND: POST /session/0c2956f598ca806f9665356f353b70f0/execute/async - {"script":"<script> [2676 bytes]","args":[]}
RESULT: {"script":"<script> [2676 bytes]","args":[]}
COMMAND: POST /session/0c2956f598ca806f9665356f353b70f0/execute/async - {"script":"<script> [2342 bytes]","args":[{"protocol":"http","hostname":"0.0.0.0","path":"/","capabilities":{"browserName":"chrome","goog:chromeOptions":{"binary":"C:\\Program Files\\Google\\Chrome\\Application\\chrome.exe","args":["--start-maximized"]}},"logLevel":"warn","connectionRetryTimeout":120000,"connectionRetryCount":3,"logLevels":{},"enableDirectConnect":true,"strictSSL":true,"_":"65 more keys: [\"cacheDir\",\"port\",\"requestedCapabilities\",\"automationProtocol\",\"baseUrl\",\"waitforInterval\",\"waitforTimeout\",\"onReload\",\"beforeCommand\",\"afterCommand\",\"rootDir\",\"specs\",\"suites\",\"exclude\",\"groupLogsByTestSpec\",\"excludeDriverLogs\",\"bail\",\"framework\",\"reporters\",\"services\",\"maxInstances\",\"maxInstancesPerCapability\",\"injectGlobals\",\"filesToWatch\",\"execArgv\",\"runnerEnv\",\"runner\",\"shard\",\"specFileRetries\",\"specFileRetriesDelay\",\"specFileRetriesDeferred\",\"reporterSyncInterval\",\"reporterSyncTimeout\",\"cucumberFeaturesWithLineNumbers\",\"autoCompileOpts\",\"mochaOpts\",\"jasmineOpts\",\"cucumberOpts\",\"onPrepare\",\"onWorkerStart\",\"onWorkerEnd\",\"before\",\"beforeSession\",\"beforeSuite\",\"beforeHook\",\"beforeTest\",\"afterTest\",\"afterHook\",\"afterSuite\",\"afterSession\",\"after\",\"onComplete\",\"beforeAssertion\",\"afterAssertion\",\"beforeFeature\",\"beforeScenario\",\"beforeStep\",\"afterStep\",\"afterScenario\",\"afterFeature\",\"_\",\"suite\",\"$0\",\"ignoredWorkerServices\",\"wdi5\"]"}]}
RESULT: {"script":"<script> [2342 bytes]","args":[{"protocol":"http","hostname":"0.0.0.0","path":"/","capabilities":{"browserName":"chrome","goog:chromeOptions":{"binary":"C:\\Program Files\\Google\\Chrome\\Application\\chrome.exe","args":["--start-maximized"]}},"logLevel":"warn","connectionRetryTimeout":120000,"connectionRetryCount":3,"logLevels":{},"enableDirectConnect":true,"strictSSL":true,"_":"65 more keys: [\"cacheDir\",\"port\",\"requestedCapabilities\",\"automationProtocol\",\"baseUrl\",\"waitforInterval\",\"waitforTimeout\",\"onReload\",\"beforeCommand\",\"afterCommand\",\"rootDir\",\"specs\",\"suites\",\"exclude\",\"groupLogsByTestSpec\",\"excludeDriverLogs\",\"bail\",\"framework\",\"reporters\",\"services\",\"maxInstances\",\"maxInstancesPerCapability\",\"injectGlobals\",\"filesToWatch\",\"execArgv\",\"runnerEnv\",\"runner\",\"shard\",\"specFileRetries\",\"specFileRetriesDelay\",\"specFileRetriesDeferred\",\"reporterSyncInterval\",\"reporterSyncTimeout\",\"cucumberFeaturesWithLineNumbers\",\"autoCompileOpts\",\"mochaOpts\",\"jasmineOpts\",\"cucumberOpts\",\"onPrepare\",\"onWorkerStart\",\"onWorkerEnd\",\"before\",\"beforeSession\",\"beforeSuite\",\"beforeHook\",\"beforeTest\",\"afterTest\",\"afterHook\",\"afterSuite\",\"afterSession\",\"after\",\"onComplete\",\"beforeAssertion\",\"afterAssertion\",\"beforeFeature\",\"beforeScenario\",\"beforeStep\",\"afterStep\",\"afterScenario\",\"afterFeature\",\"_\",\"suite\",\"$0\",\"ignoredWorkerServices\",\"wdi5\"]"}]}
COMMAND: POST /session/0c2956f598ca806f9665356f353b70f0/execute/async - {"script":"<script> [21126 bytes]","args":[35000]}
RESULT: {"script":"<script> [21126 bytes]","args":[35000]}
COMMAND: POST /session/0c2956f598ca806f9665356f353b70f0/element - {"using":"xpath","value":"//div[contains(@id ,\"headerBillingItemsTabFilter-text\")]"}
RESULT: {"using":"xpath","value":"//div[contains(@id ,\"headerBillingItemsTabFilter-text\")]"}
COMMAND: POST /session/0c2956f598ca806f9665356f353b70f0/element/f.20C66F91A75546181850ABA8914744C8.d.203144033831F432818D684804F6E041.e.6615/click - {}
RESULT: {}
COMMAND: GET /session/0c2956f598ca806f9665356f353b70f0/screenshot - {}
RESULT: {}
COMMAND: POST /session/0c2956f598ca806f9665356f353b70f0/execute/async - {"script":"<script> [1562 bytes]","args":[{"selector":{"id":"revertPlanningBtn","viewName":"etm.portal.ui.managecontracts.view.Detail","interaction":{"idSuffix":"BDI-content"}},"wdio_ui5_key":"revertPlanningBtnetmportal.ui.managecontracts.view.Detail"}]}
RESULT: {"script":"<script> [1562 bytes]","args":[{"selector":{"id":"revertPlanningBtn","viewName":"etm.portal.ui.managecontracts.view.Detail","interaction":{"idSuffix":"BDI-content"}},"wdio_ui5_key":"revertPlanningBtnetmportal.ui.managecontracts.view.Detail"}]}
RESULT: undefined
COMMAND: POST /session/0c2956f598ca806f9665356f353b70f0/element - {"using":"xpath","value":"//*[@id=\"__xmlview1--revertPlanningBtn\"]"}
RESULT: {"using":"xpath","value":"//*[@id=\"__xmlview1--revertPlanningBtn\"]"}
COMMAND: POST /session/0c2956f598ca806f9665356f353b70f0/element/f.20C66F91A75546181850ABA8914744C8.d.203144033831F432818D684804F6E041.e.6620/click - {}
RESULT: {}
COMMAND: GET /session/0c2956f598ca806f9665356f353b70f0/screenshot - {}
RESULT: {}
COMMAND: POST /session/0c2956f598ca806f9665356f353b70f0/actions - {"actions":[{"id":"action41","type":"key","parameters":{},"actions":[{"type":"keyDown","value":""},{"type":"pause","duration":10},{"type":"keyUp","value":""}]}]}
RESULT: {"actions":[{"id":"action41","type":"key","parameters":{},"actions":[{"type":"keyDown","value":""},{"type":"pause","duration":10},{"type":"keyUp","value":""}]}]}
COMMAND: GET /session/0c2956f598ca806f9665356f353b70f0/screenshot - {}
RESULT: {}
COMMAND: POST /session/0c2956f598ca806f9665356f353b70f0/element - {"using":"xpath","value":"//div[contains(@id ,\"ProductsTable-sa-CbBg\")]"}
RESULT: {"using":"xpath","value":"//div[contains(@id ,\"ProductsTable-sa-CbBg\")]"}
COMMAND: POST /session/0c2956f598ca806f9665356f353b70f0/element/f.20C66F91A75546181850ABA8914744C8.d.203144033831F432818D684804F6E041.e.6684/click - {}
RESULT: {}
COMMAND: GET /session/0c2956f598ca806f9665356f353b70f0/screenshot - {}
RESULT: {}
COMMAND: POST /session/0c2956f598ca806f9665356f353b70f0/execute/async - {"script":"<script> [1562 bytes]","args":[{"selector":{"id":"executeRevertPlanningBtn","viewName":"etm.portal.ui.managecontracts.view.Detail","interaction":{"idSuffix":"BDI-content"}},"wdio_ui5_key":"executeRevertPlanningBtnetmportal.ui.managecontracts.view.Detail"}]}
RESULT: {"script":"<script> [1562 bytes]","args":[{"selector":{"id":"executeRevertPlanningBtn","viewName":"etm.portal.ui.managecontracts.view.Detail","interaction":{"idSuffix":"BDI-content"}},"wdio_ui5_key":"executeRevertPlanningBtnetmportal.ui.managecontracts.view.Detail"}]}
RESULT: undefined
COMMAND: POST /session/0c2956f598ca806f9665356f353b70f0/element - {"using":"xpath","value":"//*[@id=\"__xmlview1--executeRevertPlanningBtn\"]"}
RESULT: {"using":"xpath","value":"//*[@id=\"__xmlview1--executeRevertPlanningBtn\"]"}
COMMAND: POST /session/0c2956f598ca806f9665356f353b70f0/element/f.20C66F91A75546181850ABA8914744C8.d.203144033831F432818D684804F6E041.e.6673/click - {}
RESULT: {}
COMMAND: GET /session/0c2956f598ca806f9665356f353b70f0/screenshot - {}
RESULT: {}
COMMAND: POST /session/0c2956f598ca806f9665356f353b70f0/actions - {"actions":[{"id":"action42","type":"key","parameters":{},"actions":[{"type":"keyDown","value":""},{"type":"pause","duration":10},{"type":"keyUp","value":""}]}]}
RESULT: {"actions":[{"id":"action42","type":"key","parameters":{},"actions":[{"type":"keyDown","value":""},{"type":"pause","duration":10},{"type":"keyUp","value":""}]}]}
COMMAND: POST /session/0c2956f598ca806f9665356f353b70f0/execute/async - {"script":"<script> [1562 bytes]","args":[{"selector":{"id":"backBtn"},"wdio_ui5_key":"backBtn"}]}
COMMAND: GET /session/0c2956f598ca806f9665356f353b70f0/screenshot - {}
RESULT: {"script":"<script> [1562 bytes]","args":[{"selector":{"id":"backBtn"},"wdio_ui5_key":"backBtn"}]}
RESULT: undefined
COMMAND: POST /session/0c2956f598ca806f9665356f353b70f0/element - {"using":"xpath","value":"//*[@id=\"backBtn\"]"}
RESULT: {}
RESULT: {"using":"xpath","value":"//*[@id=\"backBtn\"]"}
COMMAND: POST /session/0c2956f598ca806f9665356f353b70f0/element/f.20C66F91A75546181850ABA8914744C8.d.203144033831F432818D684804F6E041.e.6706/click - {}
RESULT: {}
COMMAND: GET /session/0c2956f598ca806f9665356f353b70f0/screenshot - {}
RESULT: {}
COMMAND: POST /session/0c2956f598ca806f9665356f353b70f0/refresh - {}
RESULT: {}
COMMAND: GET /session/0c2956f598ca806f9665356f353b70f0/screenshot - {}
RESULT: {}
COMMAND: POST /session/0c2956f598ca806f9665356f353b70f0/refresh - {}
RESULT: {}
COMMAND: GET /session/0c2956f598ca806f9665356f353b70f0/screenshot - {}
RESULT: {}
COMMAND: POST /session/0c2956f598ca806f9665356f353b70f0/execute/async - {"script":"<script> [189 bytes]","args":[]}
RESULT: {"script":"<script> [189 bytes]","args":[]}
COMMAND: POST /session/0c2956f598ca806f9665356f353b70f0/execute/async - {"script":"<script> [123 bytes]","args":[]}
RESULT: {"script":"<script> [123 bytes]","args":[]}
COMMAND: POST /session/0c2956f598ca806f9665356f353b70f0/timeouts - {"script":"<number>"}
RESULT: {"script":"<number>"}
COMMAND: GET /session/0c2956f598ca806f9665356f353b70f0/timeouts - {}
RESULT: {}
RESULT: undefined
COMMAND: POST /session/0c2956f598ca806f9665356f353b70f0/execute/async - {"script":"<script> [2676 bytes]","args":[]}
RESULT: {"script":"<script> [2676 bytes]","args":[]}
COMMAND: POST /session/0c2956f598ca806f9665356f353b70f0/execute/async - {"script":"<script> [2342 bytes]","args":[{"protocol":"http","hostname":"0.0.0.0","path":"/","capabilities":{"browserName":"chrome","goog:chromeOptions":{"binary":"C:\\Program Files\\Google\\Chrome\\Application\\chrome.exe","args":["--start-maximized"]}},"logLevel":"warn","connectionRetryTimeout":120000,"connectionRetryCount":3,"logLevels":{},"enableDirectConnect":true,"strictSSL":true,"_":"65 more keys: [\"cacheDir\",\"port\",\"requestedCapabilities\",\"automationProtocol\",\"baseUrl\",\"waitforInterval\",\"waitforTimeout\",\"onReload\",\"beforeCommand\",\"afterCommand\",\"rootDir\",\"specs\",\"suites\",\"exclude\",\"groupLogsByTestSpec\",\"excludeDriverLogs\",\"bail\",\"framework\",\"reporters\",\"services\",\"maxInstances\",\"maxInstancesPerCapability\",\"injectGlobals\",\"filesToWatch\",\"execArgv\",\"runnerEnv\",\"runner\",\"shard\",\"specFileRetries\",\"specFileRetriesDelay\",\"specFileRetriesDeferred\",\"reporterSyncInterval\",\"reporterSyncTimeout\",\"cucumberFeaturesWithLineNumbers\",\"autoCompileOpts\",\"mochaOpts\",\"jasmineOpts\",\"cucumberOpts\",\"onPrepare\",\"onWorkerStart\",\"onWorkerEnd\",\"before\",\"beforeSession\",\"beforeSuite\",\"beforeHook\",\"beforeTest\",\"afterTest\",\"afterHook\",\"afterSuite\",\"afterSession\",\"after\",\"onComplete\",\"beforeAssertion\",\"afterAssertion\",\"beforeFeature\",\"beforeScenario\",\"beforeStep\",\"afterStep\",\"afterScenario\",\"afterFeature\",\"_\",\"suite\",\"$0\",\"ignoredWorkerServices\",\"wdi5\"]"}]}
RESULT: {"script":"<script> [2342 bytes]","args":[{"protocol":"http","hostname":"0.0.0.0","path":"/","capabilities":{"browserName":"chrome","goog:chromeOptions":{"binary":"C:\\Program Files\\Google\\Chrome\\Application\\chrome.exe","args":["--start-maximized"]}},"logLevel":"warn","connectionRetryTimeout":120000,"connectionRetryCount":3,"logLevels":{},"enableDirectConnect":true,"strictSSL":true,"_":"65 more keys: [\"cacheDir\",\"port\",\"requestedCapabilities\",\"automationProtocol\",\"baseUrl\",\"waitforInterval\",\"waitforTimeout\",\"onReload\",\"beforeCommand\",\"afterCommand\",\"rootDir\",\"specs\",\"suites\",\"exclude\",\"groupLogsByTestSpec\",\"excludeDriverLogs\",\"bail\",\"framework\",\"reporters\",\"services\",\"maxInstances\",\"maxInstancesPerCapability\",\"injectGlobals\",\"filesToWatch\",\"execArgv\",\"runnerEnv\",\"runner\",\"shard\",\"specFileRetries\",\"specFileRetriesDelay\",\"specFileRetriesDeferred\",\"reporterSyncInterval\",\"reporterSyncTimeout\",\"cucumberFeaturesWithLineNumbers\",\"autoCompileOpts\",\"mochaOpts\",\"jasmineOpts\",\"cucumberOpts\",\"onPrepare\",\"onWorkerStart\",\"onWorkerEnd\",\"before\",\"beforeSession\",\"beforeSuite\",\"beforeHook\",\"beforeTest\",\"afterTest\",\"afterHook\",\"afterSuite\",\"afterSession\",\"after\",\"onComplete\",\"beforeAssertion\",\"afterAssertion\",\"beforeFeature\",\"beforeScenario\",\"beforeStep\",\"afterStep\",\"afterScenario\",\"afterFeature\",\"_\",\"suite\",\"$0\",\"ignoredWorkerServices\",\"wdi5\"]"}]}
COMMAND: POST /session/0c2956f598ca806f9665356f353b70f0/execute/async - {"script":"<script> [21126 bytes]","args":[35000]}
RESULT: {"script":"<script> [21126 bytes]","args":[35000]}
COMMAND: POST /session/0c2956f598ca806f9665356f353b70f0/execute/async - {"script":"<script> [1562 bytes]","args":[{"selector":{"controlType":"sap.m.ObjectStatus","viewName":"etm.portal.ui.managerequests.view.Detail","bindingPath":{"path":"/RequestHeaders('20179')","propertyPath":"LINK_TO_STATUS/DESCRIPTION","modelName":"catalogModel"}},"wdio_ui5_key":"etmportal.ui.managerequests.view.Detailsap.m.ObjectStatus{\"path\":\"/RequestHeaders('20179')\",\"propertyPath\":\"LINK_TO_STATUS/DESCRIPTION\",\"modelName\":\"catalogModel\"}"}]}
RESULT: {"script":"<script> [1562 bytes]","args":[{"selector":{"controlType":"sap.m.ObjectStatus","viewName":"etm.portal.ui.managerequests.view.Detail","bindingPath":{"path":"/RequestHeaders('20179')","propertyPath":"LINK_TO_STATUS/DESCRIPTION","modelName":"catalogModel"}},"wdio_ui5_key":"etmportal.ui.managerequests.view.Detailsap.m.ObjectStatus{\"path\":\"/RequestHeaders('20179')\",\"propertyPath\":\"LINK_TO_STATUS/DESCRIPTION\",\"modelName\":\"catalogModel\"}"}]}
RESULT: undefined
COMMAND: POST /session/0c2956f598ca806f9665356f353b70f0/execute/async - {"script":"<script> [6424 bytes]","args":[{"element-6066-11e4-a52e-4f735466cecf":"f.20C66F91A75546181850ABA8914744C8.d.D87974FFFF061C63FA5F7BC738DBB56A.e.7170"},"getText",[]]}
RESULT: {"script":"<script> [6424 bytes]","args":[{"element-6066-11e4-a52e-4f735466cecf":"f.20C66F91A75546181850ABA8914744C8.d.D87974FFFF061C63FA5F7BC738DBB56A.e.7170"},"getText",[]]}
COMMAND: POST /session/0c2956f598ca806f9665356f353b70f0/execute/async - {"script":"<script> [1562 bytes]","args":[{"selector":{"controlType":"sap.m.Button","viewName":"etm.portal.ui.managerequests.view.Detail","bindingPath":{"path":"/SmartRequestItemsPlanningBoard(ITEM=10m,REQUEST='20179')","propertyPath":"PICK_UP"}},"wdio_ui5_key":"etmportal.ui.managerequests.view.Detailsap.m.Button{\"path\":\"/SmartRequestItemsPlanningBoard(ITEM=10m,REQUEST='20179')\",\"propertyPath\":\"PICK_UP\"}"}]}
RESULT: {"script":"<script> [1562 bytes]","args":[{"selector":{"controlType":"sap.m.Button","viewName":"etm.portal.ui.managerequests.view.Detail","bindingPath":{"path":"/SmartRequestItemsPlanningBoard(ITEM=10m,REQUEST='20179')","propertyPath":"PICK_UP"}},"wdio_ui5_key":"etmportal.ui.managerequests.view.Detailsap.m.Button{\"path\":\"/SmartRequestItemsPlanningBoard(ITEM=10m,REQUEST='20179')\",\"propertyPath\":\"PICK_UP\"}"}]}
RESULT: undefined
COMMAND: POST /session/0c2956f598ca806f9665356f353b70f0/execute/async - {"script":"<script> [6424 bytes]","args":[{"element-6066-11e4-a52e-4f735466cecf":"f.20C66F91A75546181850ABA8914744C8.d.D87974FFFF061C63FA5F7BC738DBB56A.e.7171"},"getType",[]]}
RESULT: {"script":"<script> [6424 bytes]","args":[{"element-6066-11e4-a52e-4f735466cecf":"f.20C66F91A75546181850ABA8914744C8.d.D87974FFFF061C63FA5F7BC738DBB56A.e.7171"},"getType",[]]}
COMMAND: POST /session/0c2956f598ca806f9665356f353b70f0/execute/async - {"script":"<script> [1562 bytes]","args":[{"selector":{"controlType":"sap.m.Button","viewName":"etm.portal.ui.managerequests.view.Detail","bindingPath":{"path":"/SmartRequestItemsPlanningBoard(ITEM=20m,REQUEST='20179')","propertyPath":"PICK_UP"}},"wdio_ui5_key":"etmportal.ui.managerequests.view.Detailsap.m.Button{\"path\":\"/SmartRequestItemsPlanningBoard(ITEM=20m,REQUEST='20179')\",\"propertyPath\":\"PICK_UP\"}"}]}
RESULT: {"script":"<script> [1562 bytes]","args":[{"selector":{"controlType":"sap.m.Button","viewName":"etm.portal.ui.managerequests.view.Detail","bindingPath":{"path":"/SmartRequestItemsPlanningBoard(ITEM=20m,REQUEST='20179')","propertyPath":"PICK_UP"}},"wdio_ui5_key":"etmportal.ui.managerequests.view.Detailsap.m.Button{\"path\":\"/SmartRequestItemsPlanningBoard(ITEM=20m,REQUEST='20179')\",\"propertyPath\":\"PICK_UP\"}"}]}
RESULT: undefined
COMMAND: POST /session/0c2956f598ca806f9665356f353b70f0/execute/async - {"script":"<script> [6424 bytes]","args":[{"element-6066-11e4-a52e-4f735466cecf":"f.20C66F91A75546181850ABA8914744C8.d.D87974FFFF061C63FA5F7BC738DBB56A.e.7172"},"getType",[]]}
RESULT: {"script":"<script> [6424 bytes]","args":[{"element-6066-11e4-a52e-4f735466cecf":"f.20C66F91A75546181850ABA8914744C8.d.D87974FFFF061C63FA5F7BC738DBB56A.e.7172"},"getType",[]]}
COMMAND: POST /session/0c2956f598ca806f9665356f353b70f0/element - {"using":"css selector","value":"#shell-header-logo"}
RESULT: {"using":"css selector","value":"#shell-header-logo"}
COMMAND: POST /session/0c2956f598ca806f9665356f353b70f0/element/f.20C66F91A75546181850ABA8914744C8.d.D87974FFFF061C63FA5F7BC738DBB56A.e.6960/click - {}
RESULT: {}
COMMAND: GET /session/0c2956f598ca806f9665356f353b70f0/screenshot - {}
RESULT: {}
COMMAND: POST /session/0c2956f598ca806f9665356f353b70f0/execute/async - {"script":"<script> [1562 bytes]","args":[{"selector":{"controlType":"sap.m.GenericTile","properties":{"header":"Manage Classifications"}},"wdio_ui5_key":"sapm.GenericTile{\"header\":\"Manage Classifications\"}"}]}
RESULT: {"script":"<script> [1562 bytes]","args":[{"selector":{"controlType":"sap.m.GenericTile","properties":{"header":"Manage Classifications"}},"wdio_ui5_key":"sapm.GenericTile{\"header\":\"Manage Classifications\"}"}]}
RESULT: undefined
COMMAND: POST /session/0c2956f598ca806f9665356f353b70f0/element - {"using":"xpath","value":"//*[@id=\"__tile115\"]"}
RESULT: {"using":"xpath","value":"//*[@id=\"__tile115\"]"}
COMMAND: POST /session/0c2956f598ca806f9665356f353b70f0/element/f.20C66F91A75546181850ABA8914744C8.d.D87974FFFF061C63FA5F7BC738DBB56A.e.7187/click - {}
RESULT: {}
COMMAND: GET /session/0c2956f598ca806f9665356f353b70f0/screenshot - {}
RESULT: {}
]]></system-out>
    </testcase>
  </testsuite>
  <testsuite timestamp="2025-04-17T06:07:42" time="351.39" tests="4" failures="0" errors="0" skipped="0">
    <properties>
      <property name="specId" value="0"/>
      <property name="suiteName" value="Manage requests - requests specifications US141095"/>
      <property name="capabilities" value="chrome.135_0_7049_42.windows"/>
      <property name="file" value="file:///D:/a/1/s/test/specs/R2C/manage-requests-request-specifications.spec.js"/>
    </properties>
    <testcase classname="chrome.135_0_7049_42.windows.Manage_requests_-_requests_specifications_US141095" name="Should create a new classification of type request item" time="39.747">
      <system-out><![CDATA[
COMMAND: POST /session/0c2956f598ca806f9665356f353b70f0/execute/async - {"script":"<script> [1562 bytes]","args":[{"selector":{"controlType":"sap.ui.core.Icon","viewName":"etm.portal.ui.manageclassifications.view.Master","viewId":"application-manageclassifications-display-component---classificationMaster","properties":{"src":{"regex":{"source":"add"}}}},"wdio_ui5_key":"etmportal.ui.manageclassifications.view.Mastersap.ui.core.Icon{\"src\":{\"regex\":{\"source\":\"add\"}}}"}]}
RESULT: {"script":"<script> [1562 bytes]","args":[{"selector":{"controlType":"sap.ui.core.Icon","viewName":"etm.portal.ui.manageclassifications.view.Master","viewId":"application-manageclassifications-display-component---classificationMaster","properties":{"src":{"regex":{"source":"add"}}}},"wdio_ui5_key":"etmportal.ui.manageclassifications.view.Mastersap.ui.core.Icon{\"src\":{\"regex\":{\"source\":\"add\"}}}"}]}
RESULT: undefined
COMMAND: POST /session/0c2956f598ca806f9665356f353b70f0/element - {"using":"xpath","value":"//*[@id=\"__button27-img\"]"}
RESULT: {"using":"xpath","value":"//*[@id=\"__button27-img\"]"}
COMMAND: POST /session/0c2956f598ca806f9665356f353b70f0/element/f.20C66F91A75546181850ABA8914744C8.d.D87974FFFF061C63FA5F7BC738DBB56A.e.7226/click - {}
RESULT: {}
COMMAND: POST /session/0c2956f598ca806f9665356f353b70f0/execute/async - {"script":"<script> [1562 bytes]","args":[{"selector":{"id":"application-manageclassifications-display-component---classificationCreate--classHeaderName","interaction":{"idSuffix":"inner"}},"wdio_ui5_key":"applicationmanageclassifications-display-component---classificationCreate--classHeaderName"}]}
COMMAND: GET /session/0c2956f598ca806f9665356f353b70f0/screenshot - {}
RESULT: {"script":"<script> [1562 bytes]","args":[{"selector":{"id":"application-manageclassifications-display-component---classificationCreate--classHeaderName","interaction":{"idSuffix":"inner"}},"wdio_ui5_key":"applicationmanageclassifications-display-component---classificationCreate--classHeaderName"}]}
RESULT: undefined
COMMAND: POST /session/0c2956f598ca806f9665356f353b70f0/execute/async - {"script":"<script> [776 bytes]","args":[{"enterText":"WebdriverItemClassazwxk","selector":{"id":"application-manageclassifications-display-component---classificationCreate--classHeaderName","interaction":{"idSuffix":"inner"}},"clearTextFirst":true,"interactionType":"ENTER_TEXT"}]}
RESULT: {}
RESULT: {"script":"<script> [776 bytes]","args":[{"enterText":"WebdriverItemClassazwxk","selector":{"id":"application-manageclassifications-display-component---classificationCreate--classHeaderName","interaction":{"idSuffix":"inner"}},"clearTextFirst":true,"interactionType":"ENTER_TEXT"}]}
COMMAND: POST /session/0c2956f598ca806f9665356f353b70f0/execute/async - {"script":"<script> [1562 bytes]","args":[{"selector":{"controlType":"sap.ui.core.Icon","viewName":"etm.portal.ui.manageclassifications.view.Create","viewId":"application-manageclassifications-display-component---classificationCreate","properties":{"src":{"regex":{"source":"slim\\-arrow\\-down"}}}},"wdio_ui5_key":"etmportal.ui.manageclassifications.view.Createsap.ui.core.Icon{\"src\":{\"regex\":{\"source\":\"slim\\\\-arrow\\\\-down\"}}}"}]}
RESULT: {"script":"<script> [1562 bytes]","args":[{"selector":{"controlType":"sap.ui.core.Icon","viewName":"etm.portal.ui.manageclassifications.view.Create","viewId":"application-manageclassifications-display-component---classificationCreate","properties":{"src":{"regex":{"source":"slim\\-arrow\\-down"}}}},"wdio_ui5_key":"etmportal.ui.manageclassifications.view.Createsap.ui.core.Icon{\"src\":{\"regex\":{\"source\":\"slim\\\\-arrow\\\\-down\"}}}"}]}
RESULT: undefined
COMMAND: POST /session/0c2956f598ca806f9665356f353b70f0/element - {"using":"xpath","value":"//*[@id=\"__box12-arrow\"]"}
RESULT: {"using":"xpath","value":"//*[@id=\"__box12-arrow\"]"}
COMMAND: POST /session/0c2956f598ca806f9665356f353b70f0/element/f.20C66F91A75546181850ABA8914744C8.d.D87974FFFF061C63FA5F7BC738DBB56A.e.7672/click - {}
RESULT: {}
COMMAND: POST /session/0c2956f598ca806f9665356f353b70f0/execute/async - {"script":"<script> [1562 bytes]","args":[{"selector":{"controlType":"sap.m.StandardListItem","viewName":"etm.portal.ui.manageclassifications.view.Create","viewId":"application-manageclassifications-display-component---classificationCreate","properties":{"title":"Request Item Specifications"},"searchOpenDialogs":true,"interaction":{"idSuffix":"titleText"}},"wdio_ui5_key":"etmportal.ui.manageclassifications.view.Createsap.m.StandardListItem{\"title\":\"Request Item Specifications\"}"}]}
COMMAND: GET /session/0c2956f598ca806f9665356f353b70f0/screenshot - {}
RESULT: {"script":"<script> [1562 bytes]","args":[{"selector":{"controlType":"sap.m.StandardListItem","viewName":"etm.portal.ui.manageclassifications.view.Create","viewId":"application-manageclassifications-display-component---classificationCreate","properties":{"title":"Request Item Specifications"},"searchOpenDialogs":true,"interaction":{"idSuffix":"titleText"}},"wdio_ui5_key":"etmportal.ui.manageclassifications.view.Createsap.m.StandardListItem{\"title\":\"Request Item Specifications\"}"}]}
RESULT: undefined
COMMAND: POST /session/0c2956f598ca806f9665356f353b70f0/element - {"using":"xpath","value":"//*[@id=\"__item85\"]"}
RESULT: {}
RESULT: {"using":"xpath","value":"//*[@id=\"__item85\"]"}
COMMAND: POST /session/0c2956f598ca806f9665356f353b70f0/element/f.20C66F91A75546181850ABA8914744C8.d.D87974FFFF061C63FA5F7BC738DBB56A.e.7726/click - {}
RESULT: {}
COMMAND: POST /session/0c2956f598ca806f9665356f353b70f0/execute/async - {"script":"<script> [1562 bytes]","args":[{"selector":{"controlType":"sap.ui.core.Icon","viewName":"etm.portal.ui.manageclassifications.view.Create","viewId":"application-manageclassifications-display-component---classificationCreate","properties":{"src":{"regex":{"source":"add"}}}},"wdio_ui5_key":"etmportal.ui.manageclassifications.view.Createsap.ui.core.Icon{\"src\":{\"regex\":{\"source\":\"add\"}}}"}]}
COMMAND: GET /session/0c2956f598ca806f9665356f353b70f0/screenshot - {}
RESULT: {"script":"<script> [1562 bytes]","args":[{"selector":{"controlType":"sap.ui.core.Icon","viewName":"etm.portal.ui.manageclassifications.view.Create","viewId":"application-manageclassifications-display-component---classificationCreate","properties":{"src":{"regex":{"source":"add"}}}},"wdio_ui5_key":"etmportal.ui.manageclassifications.view.Createsap.ui.core.Icon{\"src\":{\"regex\":{\"source\":\"add\"}}}"}]}
RESULT: undefined
COMMAND: POST /session/0c2956f598ca806f9665356f353b70f0/element - {"using":"xpath","value":"//*[@id=\"__button32-img\"]"}
RESULT: {}
RESULT: {"using":"xpath","value":"//*[@id=\"__button32-img\"]"}
COMMAND: POST /session/0c2956f598ca806f9665356f353b70f0/element/f.20C66F91A75546181850ABA8914744C8.d.D87974FFFF061C63FA5F7BC738DBB56A.e.7675/click - {}
RESULT: {}
COMMAND: POST /session/0c2956f598ca806f9665356f353b70f0/execute/async - {"script":"<script> [1562 bytes]","args":[{"selector":{"controlType":"sap.m.Input","viewName":"etm.portal.ui.manageclassifications.view.Create","viewId":"application-manageclassifications-display-component---classificationCreate","bindingPath":{"path":"/0","propertyPath":"PROPERTY","modelName":"newConfigModel"},"interaction":{"idSuffix":"inner"}},"wdio_ui5_key":"etmportal.ui.manageclassifications.view.Createsap.m.Input{\"path\":\"/0\",\"propertyPath\":\"PROPERTY\",\"modelName\":\"newConfigModel\"}"}]}
COMMAND: GET /session/0c2956f598ca806f9665356f353b70f0/screenshot - {}
RESULT: {"script":"<script> [1562 bytes]","args":[{"selector":{"controlType":"sap.m.Input","viewName":"etm.portal.ui.manageclassifications.view.Create","viewId":"application-manageclassifications-display-component---classificationCreate","bindingPath":{"path":"/0","propertyPath":"PROPERTY","modelName":"newConfigModel"},"interaction":{"idSuffix":"inner"}},"wdio_ui5_key":"etmportal.ui.manageclassifications.view.Createsap.m.Input{\"path\":\"/0\",\"propertyPath\":\"PROPERTY\",\"modelName\":\"newConfigModel\"}"}]}
RESULT: undefined
COMMAND: POST /session/0c2956f598ca806f9665356f353b70f0/execute/async - {"script":"<script> [776 bytes]","args":[{"enterText":"Color","selector":{"controlType":"sap.m.Input","viewName":"etm.portal.ui.manageclassifications.view.Create","viewId":"application-manageclassifications-display-component---classificationCreate","bindingPath":{"path":"/0","propertyPath":"PROPERTY","modelName":"newConfigModel"},"interaction":{"idSuffix":"inner"}},"clearTextFirst":true,"interactionType":"ENTER_TEXT"}]}
RESULT: {}
RESULT: {"script":"<script> [776 bytes]","args":[{"enterText":"Color","selector":{"controlType":"sap.m.Input","viewName":"etm.portal.ui.manageclassifications.view.Create","viewId":"application-manageclassifications-display-component---classificationCreate","bindingPath":{"path":"/0","propertyPath":"PROPERTY","modelName":"newConfigModel"},"interaction":{"idSuffix":"inner"}},"clearTextFirst":true,"interactionType":"ENTER_TEXT"}]}
COMMAND: POST /session/0c2956f598ca806f9665356f353b70f0/execute/async - {"script":"<script> [1562 bytes]","args":[{"selector":{"controlType":"sap.m.Input","viewName":"etm.portal.ui.manageclassifications.view.Create","viewId":"application-manageclassifications-display-component---classificationCreate","bindingPath":{"path":"/0","propertyPath":"DESCRIPTION","modelName":"newConfigModel"},"interaction":{"idSuffix":"inner"}},"wdio_ui5_key":"etmportal.ui.manageclassifications.view.Createsap.m.Input{\"path\":\"/0\",\"propertyPath\":\"DESCRIPTION\",\"modelName\":\"newConfigModel\"}"}]}
RESULT: {"script":"<script> [1562 bytes]","args":[{"selector":{"controlType":"sap.m.Input","viewName":"etm.portal.ui.manageclassifications.view.Create","viewId":"application-manageclassifications-display-component---classificationCreate","bindingPath":{"path":"/0","propertyPath":"DESCRIPTION","modelName":"newConfigModel"},"interaction":{"idSuffix":"inner"}},"wdio_ui5_key":"etmportal.ui.manageclassifications.view.Createsap.m.Input{\"path\":\"/0\",\"propertyPath\":\"DESCRIPTION\",\"modelName\":\"newConfigModel\"}"}]}
RESULT: undefined
COMMAND: POST /session/0c2956f598ca806f9665356f353b70f0/execute/async - {"script":"<script> [776 bytes]","args":[{"enterText":"Color","selector":{"controlType":"sap.m.Input","viewName":"etm.portal.ui.manageclassifications.view.Create","viewId":"application-manageclassifications-display-component---classificationCreate","bindingPath":{"path":"/0","propertyPath":"DESCRIPTION","modelName":"newConfigModel"},"interaction":{"idSuffix":"inner"}},"clearTextFirst":true,"interactionType":"ENTER_TEXT"}]}
RESULT: {"script":"<script> [776 bytes]","args":[{"enterText":"Color","selector":{"controlType":"sap.m.Input","viewName":"etm.portal.ui.manageclassifications.view.Create","viewId":"application-manageclassifications-display-component---classificationCreate","bindingPath":{"path":"/0","propertyPath":"DESCRIPTION","modelName":"newConfigModel"},"interaction":{"idSuffix":"inner"}},"clearTextFirst":true,"interactionType":"ENTER_TEXT"}]}
COMMAND: POST /session/0c2956f598ca806f9665356f353b70f0/execute/async - {"script":"<script> [1562 bytes]","args":[{"selector":{"controlType":"sap.ui.core.Icon","viewName":"etm.portal.ui.manageclassifications.view.Create","viewId":"application-manageclassifications-display-component---classificationCreate","properties":{"src":{"regex":{"source":"slim\\-arrow\\-down"}}},"ancestor":{"controlType":"sap.m.ComboBox","viewName":"etm.portal.ui.manageclassifications.view.Create","viewId":"application-manageclassifications-display-component---classificationCreate","bindingPath":{"path":"/0","propertyPath":"VALUE_TYPE","modelName":"newConfigModel"}}},"wdio_ui5_key":"etmportal.ui.manageclassifications.view.Createsap.ui.core.Icon{\"src\":{\"regex\":{\"source\":\"slim\\\\-arrow\\\\-down\"}}}{\"controlType\":\"sap.m.ComboBox\",\"viewName\":\"etm.portal.ui.manageclassifications.view.Create\",\"viewId\":\"application-manageclassifications-display-component---classificationCreate\",\"bindingPath\":{\"path\":\"/0\",\"propertyPath\":\"VALUE_TYPE\",\"modelName\":\"newConfigModel\"}}"}]}
RESULT: {"script":"<script> [1562 bytes]","args":[{"selector":{"controlType":"sap.ui.core.Icon","viewName":"etm.portal.ui.manageclassifications.view.Create","viewId":"application-manageclassifications-display-component---classificationCreate","properties":{"src":{"regex":{"source":"slim\\-arrow\\-down"}}},"ancestor":{"controlType":"sap.m.ComboBox","viewName":"etm.portal.ui.manageclassifications.view.Create","viewId":"application-manageclassifications-display-component---classificationCreate","bindingPath":{"path":"/0","propertyPath":"VALUE_TYPE","modelName":"newConfigModel"}}},"wdio_ui5_key":"etmportal.ui.manageclassifications.view.Createsap.ui.core.Icon{\"src\":{\"regex\":{\"source\":\"slim\\\\-arrow\\\\-down\"}}}{\"controlType\":\"sap.m.ComboBox\",\"viewName\":\"etm.portal.ui.manageclassifications.view.Create\",\"viewId\":\"application-manageclassifications-display-component---classificationCreate\",\"bindingPath\":{\"path\":\"/0\",\"propertyPath\":\"VALUE_TYPE\",\"modelName\":\"newConfigModel\"}}"}]}
RESULT: undefined
COMMAND: POST /session/0c2956f598ca806f9665356f353b70f0/element - {"using":"xpath","value":"//*[@id=\"__box13-application-manageclassifications-display-component---classificationCreate--configurationList-0-arrow\"]"}
RESULT: {"using":"xpath","value":"//*[@id=\"__box13-application-manageclassifications-display-component---classificationCreate--configurationList-0-arrow\"]"}
COMMAND: POST /session/0c2956f598ca806f9665356f353b70f0/element/f.20C66F91A75546181850ABA8914744C8.d.D87974FFFF061C63FA5F7BC738DBB56A.e.7735/click - {}
RESULT: {}
COMMAND: POST /session/0c2956f598ca806f9665356f353b70f0/execute/async - {"script":"<script> [1562 bytes]","args":[{"selector":{"controlType":"sap.m.StandardListItem","viewName":"etm.portal.ui.manageclassifications.view.Create","viewId":"application-manageclassifications-display-component---classificationCreate","properties":{"title":"Dropdown"},"searchOpenDialogs":true,"interaction":{"idSuffix":"titleText"}},"wdio_ui5_key":"etmportal.ui.manageclassifications.view.Createsap.m.StandardListItem{\"title\":\"Dropdown\"}"}]}
COMMAND: GET /session/0c2956f598ca806f9665356f353b70f0/screenshot - {}
RESULT: {"script":"<script> [1562 bytes]","args":[{"selector":{"controlType":"sap.m.StandardListItem","viewName":"etm.portal.ui.manageclassifications.view.Create","viewId":"application-manageclassifications-display-component---classificationCreate","properties":{"title":"Dropdown"},"searchOpenDialogs":true,"interaction":{"idSuffix":"titleText"}},"wdio_ui5_key":"etmportal.ui.manageclassifications.view.Createsap.m.StandardListItem{\"title\":\"Dropdown\"}"}]}
RESULT: undefined
COMMAND: POST /session/0c2956f598ca806f9665356f353b70f0/element - {"using":"xpath","value":"//*[@id=\"__item93\"]"}
RESULT: {}
RESULT: {"using":"xpath","value":"//*[@id=\"__item93\"]"}
COMMAND: POST /session/0c2956f598ca806f9665356f353b70f0/element/f.20C66F91A75546181850ABA8914744C8.d.D87974FFFF061C63FA5F7BC738DBB56A.e.7737/click - {}
RESULT: {}
COMMAND: POST /session/0c2956f598ca806f9665356f353b70f0/execute/async - {"script":"<script> [1562 bytes]","args":[{"selector":{"controlType":"sap.ui.core.Icon","viewName":"etm.portal.ui.manageclassifications.view.Create","viewId":"application-manageclassifications-display-component---classificationCreate","properties":{"src":{"regex":{"source":"crm\\-service\\-manager"}}}},"wdio_ui5_key":"etmportal.ui.manageclassifications.view.Createsap.ui.core.Icon{\"src\":{\"regex\":{\"source\":\"crm\\\\-service\\\\-manager\"}}}"}]}
COMMAND: GET /session/0c2956f598ca806f9665356f353b70f0/screenshot - {}
RESULT: {"script":"<script> [1562 bytes]","args":[{"selector":{"controlType":"sap.ui.core.Icon","viewName":"etm.portal.ui.manageclassifications.view.Create","viewId":"application-manageclassifications-display-component---classificationCreate","properties":{"src":{"regex":{"source":"crm\\-service\\-manager"}}}},"wdio_ui5_key":"etmportal.ui.manageclassifications.view.Createsap.ui.core.Icon{\"src\":{\"regex\":{\"source\":\"crm\\\\-service\\\\-manager\"}}}"}]}
RESULT: undefined
COMMAND: POST /session/0c2956f598ca806f9665356f353b70f0/element - {"using":"xpath","value":"//*[@id=\"__button34-application-manageclassifications-display-component---classificationCreate--configurationList-0-img\"]"}
RESULT: {}
RESULT: {"using":"xpath","value":"//*[@id=\"__button34-application-manageclassifications-display-component---classificationCreate--configurationList-0-img\"]"}
COMMAND: POST /session/0c2956f598ca806f9665356f353b70f0/element/f.20C66F91A75546181850ABA8914744C8.d.D87974FFFF061C63FA5F7BC738DBB56A.e.7739/click - {}
RESULT: {}
COMMAND: POST /session/0c2956f598ca806f9665356f353b70f0/element - {"using":"xpath","value":"//button[@title=\"Add additional value\"]"}
COMMAND: GET /session/0c2956f598ca806f9665356f353b70f0/screenshot - {}
RESULT: {"using":"xpath","value":"//button[@title=\"Add additional value\"]"}
COMMAND: POST /session/0c2956f598ca806f9665356f353b70f0/element/f.20C66F91A75546181850ABA8914744C8.d.D87974FFFF061C63FA5F7BC738DBB56A.e.7740/click - {}
RESULT: {}
RESULT: {}
COMMAND: POST /session/0c2956f598ca806f9665356f353b70f0/execute/async - {"script":"<script> [1562 bytes]","args":[{"selector":{"controlType":"sap.m.Input","viewName":"etm.portal.ui.manageclassifications.view.Create","viewId":"application-manageclassifications-display-component---classificationCreate","bindingPath":{"path":"/VALUES/0","propertyPath":"VALUE","modelName":"dropdownValuesModel"},"searchOpenDialogs":true,"interaction":{"idSuffix":"inner"}},"wdio_ui5_key":"etmportal.ui.manageclassifications.view.Createsap.m.Input{\"path\":\"/VALUES/0\",\"propertyPath\":\"VALUE\",\"modelName\":\"dropdownValuesModel\"}"}]}
COMMAND: GET /session/0c2956f598ca806f9665356f353b70f0/screenshot - {}
RESULT: {"script":"<script> [1562 bytes]","args":[{"selector":{"controlType":"sap.m.Input","viewName":"etm.portal.ui.manageclassifications.view.Create","viewId":"application-manageclassifications-display-component---classificationCreate","bindingPath":{"path":"/VALUES/0","propertyPath":"VALUE","modelName":"dropdownValuesModel"},"searchOpenDialogs":true,"interaction":{"idSuffix":"inner"}},"wdio_ui5_key":"etmportal.ui.manageclassifications.view.Createsap.m.Input{\"path\":\"/VALUES/0\",\"propertyPath\":\"VALUE\",\"modelName\":\"dropdownValuesModel\"}"}]}
RESULT: undefined
COMMAND: POST /session/0c2956f598ca806f9665356f353b70f0/execute/async - {"script":"<script> [776 bytes]","args":[{"enterText":"1","selector":{"controlType":"sap.m.Input","viewName":"etm.portal.ui.manageclassifications.view.Create","viewId":"application-manageclassifications-display-component---classificationCreate","bindingPath":{"path":"/VALUES/0","propertyPath":"VALUE","modelName":"dropdownValuesModel"},"searchOpenDialogs":true,"interaction":{"idSuffix":"inner"}},"clearTextFirst":true,"interactionType":"ENTER_TEXT"}]}
RESULT: {}
RESULT: {"script":"<script> [776 bytes]","args":[{"enterText":"1","selector":{"controlType":"sap.m.Input","viewName":"etm.portal.ui.manageclassifications.view.Create","viewId":"application-manageclassifications-display-component---classificationCreate","bindingPath":{"path":"/VALUES/0","propertyPath":"VALUE","modelName":"dropdownValuesModel"},"searchOpenDialogs":true,"interaction":{"idSuffix":"inner"}},"clearTextFirst":true,"interactionType":"ENTER_TEXT"}]}
COMMAND: POST /session/0c2956f598ca806f9665356f353b70f0/execute/async - {"script":"<script> [1562 bytes]","args":[{"selector":{"controlType":"sap.m.Input","viewName":"etm.portal.ui.manageclassifications.view.Create","viewId":"application-manageclassifications-display-component---classificationCreate","bindingPath":{"path":"/VALUES/0","propertyPath":"TEXT","modelName":"dropdownValuesModel"},"searchOpenDialogs":true,"interaction":{"idSuffix":"inner"}},"wdio_ui5_key":"etmportal.ui.manageclassifications.view.Createsap.m.Input{\"path\":\"/VALUES/0\",\"propertyPath\":\"TEXT\",\"modelName\":\"dropdownValuesModel\"}"}]}
RESULT: {"script":"<script> [1562 bytes]","args":[{"selector":{"controlType":"sap.m.Input","viewName":"etm.portal.ui.manageclassifications.view.Create","viewId":"application-manageclassifications-display-component---classificationCreate","bindingPath":{"path":"/VALUES/0","propertyPath":"TEXT","modelName":"dropdownValuesModel"},"searchOpenDialogs":true,"interaction":{"idSuffix":"inner"}},"wdio_ui5_key":"etmportal.ui.manageclassifications.view.Createsap.m.Input{\"path\":\"/VALUES/0\",\"propertyPath\":\"TEXT\",\"modelName\":\"dropdownValuesModel\"}"}]}
RESULT: undefined
COMMAND: POST /session/0c2956f598ca806f9665356f353b70f0/execute/async - {"script":"<script> [776 bytes]","args":[{"enterText":"blue","selector":{"controlType":"sap.m.Input","viewName":"etm.portal.ui.manageclassifications.view.Create","viewId":"application-manageclassifications-display-component---classificationCreate","bindingPath":{"path":"/VALUES/0","propertyPath":"TEXT","modelName":"dropdownValuesModel"},"searchOpenDialogs":true,"interaction":{"idSuffix":"inner"}},"clearTextFirst":true,"interactionType":"ENTER_TEXT"}]}
RESULT: {"script":"<script> [776 bytes]","args":[{"enterText":"blue","selector":{"controlType":"sap.m.Input","viewName":"etm.portal.ui.manageclassifications.view.Create","viewId":"application-manageclassifications-display-component---classificationCreate","bindingPath":{"path":"/VALUES/0","propertyPath":"TEXT","modelName":"dropdownValuesModel"},"searchOpenDialogs":true,"interaction":{"idSuffix":"inner"}},"clearTextFirst":true,"interactionType":"ENTER_TEXT"}]}
COMMAND: POST /session/0c2956f598ca806f9665356f353b70f0/element - {"using":"xpath","value":"//button[@title=\"Add additional value\"]"}
RESULT: {"using":"xpath","value":"//button[@title=\"Add additional value\"]"}
COMMAND: POST /session/0c2956f598ca806f9665356f353b70f0/element/f.20C66F91A75546181850ABA8914744C8.d.D87974FFFF061C63FA5F7BC738DBB56A.e.7740/click - {}
RESULT: {}
COMMAND: POST /session/0c2956f598ca806f9665356f353b70f0/execute/async - {"script":"<script> [1562 bytes]","args":[{"selector":{"controlType":"sap.m.Input","viewName":"etm.portal.ui.manageclassifications.view.Create","viewId":"application-manageclassifications-display-component---classificationCreate","bindingPath":{"path":"/VALUES/1","propertyPath":"VALUE","modelName":"dropdownValuesModel"},"searchOpenDialogs":true,"interaction":{"idSuffix":"inner"}},"wdio_ui5_key":"etmportal.ui.manageclassifications.view.Createsap.m.Input{\"path\":\"/VALUES/1\",\"propertyPath\":\"VALUE\",\"modelName\":\"dropdownValuesModel\"}"}]}
COMMAND: GET /session/0c2956f598ca806f9665356f353b70f0/screenshot - {}
RESULT: {"script":"<script> [1562 bytes]","args":[{"selector":{"controlType":"sap.m.Input","viewName":"etm.portal.ui.manageclassifications.view.Create","viewId":"application-manageclassifications-display-component---classificationCreate","bindingPath":{"path":"/VALUES/1","propertyPath":"VALUE","modelName":"dropdownValuesModel"},"searchOpenDialogs":true,"interaction":{"idSuffix":"inner"}},"wdio_ui5_key":"etmportal.ui.manageclassifications.view.Createsap.m.Input{\"path\":\"/VALUES/1\",\"propertyPath\":\"VALUE\",\"modelName\":\"dropdownValuesModel\"}"}]}
RESULT: undefined
COMMAND: POST /session/0c2956f598ca806f9665356f353b70f0/execute/async - {"script":"<script> [776 bytes]","args":[{"enterText":"2","selector":{"controlType":"sap.m.Input","viewName":"etm.portal.ui.manageclassifications.view.Create","viewId":"application-manageclassifications-display-component---classificationCreate","bindingPath":{"path":"/VALUES/1","propertyPath":"VALUE","modelName":"dropdownValuesModel"},"searchOpenDialogs":true,"interaction":{"idSuffix":"inner"}},"clearTextFirst":true,"interactionType":"ENTER_TEXT"}]}
RESULT: {}
RESULT: {"script":"<script> [776 bytes]","args":[{"enterText":"2","selector":{"controlType":"sap.m.Input","viewName":"etm.portal.ui.manageclassifications.view.Create","viewId":"application-manageclassifications-display-component---classificationCreate","bindingPath":{"path":"/VALUES/1","propertyPath":"VALUE","modelName":"dropdownValuesModel"},"searchOpenDialogs":true,"interaction":{"idSuffix":"inner"}},"clearTextFirst":true,"interactionType":"ENTER_TEXT"}]}
COMMAND: POST /session/0c2956f598ca806f9665356f353b70f0/execute/async - {"script":"<script> [1562 bytes]","args":[{"selector":{"controlType":"sap.m.Input","viewName":"etm.portal.ui.manageclassifications.view.Create","viewId":"application-manageclassifications-display-component---classificationCreate","bindingPath":{"path":"/VALUES/1","propertyPath":"TEXT","modelName":"dropdownValuesModel"},"searchOpenDialogs":true,"interaction":{"idSuffix":"inner"}},"wdio_ui5_key":"etmportal.ui.manageclassifications.view.Createsap.m.Input{\"path\":\"/VALUES/1\",\"propertyPath\":\"TEXT\",\"modelName\":\"dropdownValuesModel\"}"}]}
RESULT: {"script":"<script> [1562 bytes]","args":[{"selector":{"controlType":"sap.m.Input","viewName":"etm.portal.ui.manageclassifications.view.Create","viewId":"application-manageclassifications-display-component---classificationCreate","bindingPath":{"path":"/VALUES/1","propertyPath":"TEXT","modelName":"dropdownValuesModel"},"searchOpenDialogs":true,"interaction":{"idSuffix":"inner"}},"wdio_ui5_key":"etmportal.ui.manageclassifications.view.Createsap.m.Input{\"path\":\"/VALUES/1\",\"propertyPath\":\"TEXT\",\"modelName\":\"dropdownValuesModel\"}"}]}
RESULT: undefined
COMMAND: POST /session/0c2956f598ca806f9665356f353b70f0/execute/async - {"script":"<script> [776 bytes]","args":[{"enterText":"red","selector":{"controlType":"sap.m.Input","viewName":"etm.portal.ui.manageclassifications.view.Create","viewId":"application-manageclassifications-display-component---classificationCreate","bindingPath":{"path":"/VALUES/1","propertyPath":"TEXT","modelName":"dropdownValuesModel"},"searchOpenDialogs":true,"interaction":{"idSuffix":"inner"}},"clearTextFirst":true,"interactionType":"ENTER_TEXT"}]}
RESULT: {"script":"<script> [776 bytes]","args":[{"enterText":"red","selector":{"controlType":"sap.m.Input","viewName":"etm.portal.ui.manageclassifications.view.Create","viewId":"application-manageclassifications-display-component---classificationCreate","bindingPath":{"path":"/VALUES/1","propertyPath":"TEXT","modelName":"dropdownValuesModel"},"searchOpenDialogs":true,"interaction":{"idSuffix":"inner"}},"clearTextFirst":true,"interactionType":"ENTER_TEXT"}]}
COMMAND: POST /session/0c2956f598ca806f9665356f353b70f0/execute/async - {"script":"<script> [1562 bytes]","args":[{"selector":{"controlType":"sap.m.Button","viewName":"etm.portal.ui.manageclassifications.view.Create","viewId":"application-manageclassifications-display-component---classificationCreate","i18NText":{"propertyName":"text","key":"save"},"searchOpenDialogs":true,"interaction":{"idSuffix":"BDI-content"}},"wdio_ui5_key":"etmportal.ui.manageclassifications.view.Createsap.m.Button{\"propertyName\":\"text\",\"key\":\"save\"}"}]}
RESULT: {"script":"<script> [1562 bytes]","args":[{"selector":{"controlType":"sap.m.Button","viewName":"etm.portal.ui.manageclassifications.view.Create","viewId":"application-manageclassifications-display-component---classificationCreate","i18NText":{"propertyName":"text","key":"save"},"searchOpenDialogs":true,"interaction":{"idSuffix":"BDI-content"}},"wdio_ui5_key":"etmportal.ui.manageclassifications.view.Createsap.m.Button{\"propertyName\":\"text\",\"key\":\"save\"}"}]}
RESULT: undefined
COMMAND: POST /session/0c2956f598ca806f9665356f353b70f0/element - {"using":"xpath","value":"//*[@id=\"__button44\"]"}
RESULT: {"using":"xpath","value":"//*[@id=\"__button44\"]"}
COMMAND: POST /session/0c2956f598ca806f9665356f353b70f0/element/f.20C66F91A75546181850ABA8914744C8.d.D87974FFFF061C63FA5F7BC738DBB56A.e.7760/click - {}
RESULT: {}
COMMAND: GET /session/0c2956f598ca806f9665356f353b70f0/screenshot - {}
RESULT: {}
COMMAND: POST /session/0c2956f598ca806f9665356f353b70f0/element - {"using":"xpath","value":"//button[@title=\"Save\"]"}
RESULT: {"using":"xpath","value":"//button[@title=\"Save\"]"}
COMMAND: POST /session/0c2956f598ca806f9665356f353b70f0/element/f.20C66F91A75546181850ABA8914744C8.d.D87974FFFF061C63FA5F7BC738DBB56A.e.7684/click - {}
RESULT: {}
COMMAND: GET /session/0c2956f598ca806f9665356f353b70f0/screenshot - {}
RESULT: {}
COMMAND: POST /session/0c2956f598ca806f9665356f353b70f0/execute/async - {"script":"<script> [1562 bytes]","args":[{"selector":{"id":"application-manageclassifications-display-component---classificationMaster--smartFilterBar-btnBasicSearch","interaction":{"idSuffix":"I"}},"wdio_ui5_key":"applicationmanageclassifications-display-component---classificationMaster--smartFilterBar-btnBasicSearch"}]}
RESULT: {"script":"<script> [1562 bytes]","args":[{"selector":{"id":"application-manageclassifications-display-component---classificationMaster--smartFilterBar-btnBasicSearch","interaction":{"idSuffix":"I"}},"wdio_ui5_key":"applicationmanageclassifications-display-component---classificationMaster--smartFilterBar-btnBasicSearch"}]}
RESULT: undefined
COMMAND: POST /session/0c2956f598ca806f9665356f353b70f0/execute/async - {"script":"<script> [776 bytes]","args":[{"enterText":"WebdriverItemClassazwxk","selector":{"id":"application-manageclassifications-display-component---classificationMaster--smartFilterBar-btnBasicSearch","interaction":{"idSuffix":"I"}},"clearTextFirst":true,"interactionType":"ENTER_TEXT"}]}
RESULT: {"script":"<script> [776 bytes]","args":[{"enterText":"WebdriverItemClassazwxk","selector":{"id":"application-manageclassifications-display-component---classificationMaster--smartFilterBar-btnBasicSearch","interaction":{"idSuffix":"I"}},"clearTextFirst":true,"interactionType":"ENTER_TEXT"}]}
COMMAND: POST /session/0c2956f598ca806f9665356f353b70f0/actions - {"actions":[{"id":"action43","type":"key","parameters":{},"actions":[{"type":"keyDown","value":""},{"type":"pause","duration":10},{"type":"keyUp","value":""}]}]}
RESULT: {"actions":[{"id":"action43","type":"key","parameters":{},"actions":[{"type":"keyDown","value":""},{"type":"pause","duration":10},{"type":"keyUp","value":""}]}]}
COMMAND: POST /session/0c2956f598ca806f9665356f353b70f0/execute/async - {"script":"<script> [1562 bytes]","args":[{"selector":{"id":"application-manageclassifications-display-component---classificationMaster--smartTable-header"},"wdio_ui5_key":"applicationmanageclassifications-display-component---classificationMaster--smartTable-header"}]}
COMMAND: GET /session/0c2956f598ca806f9665356f353b70f0/screenshot - {}
RESULT: {"script":"<script> [1562 bytes]","args":[{"selector":{"id":"application-manageclassifications-display-component---classificationMaster--smartTable-header"},"wdio_ui5_key":"applicationmanageclassifications-display-component---classificationMaster--smartTable-header"}]}
RESULT: undefined
COMMAND: POST /session/0c2956f598ca806f9665356f353b70f0/execute/async - {"script":"<script> [6424 bytes]","args":[{"element-6066-11e4-a52e-4f735466cecf":"f.20C66F91A75546181850ABA8914744C8.d.D87974FFFF061C63FA5F7BC738DBB56A.e.7944"},"getText",[]]}
RESULT: {}
RESULT: {"script":"<script> [6424 bytes]","args":[{"element-6066-11e4-a52e-4f735466cecf":"f.20C66F91A75546181850ABA8914744C8.d.D87974FFFF061C63FA5F7BC738DBB56A.e.7944"},"getText",[]]}
COMMAND: POST /session/0c2956f598ca806f9665356f353b70f0/element - {"using":"css selector","value":"#shell-header-logo"}
RESULT: {"using":"css selector","value":"#shell-header-logo"}
COMMAND: POST /session/0c2956f598ca806f9665356f353b70f0/element/f.20C66F91A75546181850ABA8914744C8.d.D87974FFFF061C63FA5F7BC738DBB56A.e.7192/click - {}
RESULT: {}
COMMAND: GET /session/0c2956f598ca806f9665356f353b70f0/screenshot - {}
RESULT: {}
]]></system-out>
    </testcase>
    <testcase classname="chrome.135_0_7049_42.windows.Manage_requests_-_requests_specifications_US141095" name="Should create a new section and a catalog item" time="147.066">
      <system-out><![CDATA[
COMMAND: POST /session/0c2956f598ca806f9665356f353b70f0/execute/async - {"script":"<script> [1562 bytes]","args":[{"selector":{"controlType":"sap.m.GenericTile","properties":{"header":"Manage Catalogs"}},"wdio_ui5_key":"sapm.GenericTile{\"header\":\"Manage Catalogs\"}"}]}
RESULT: {"script":"<script> [1562 bytes]","args":[{"selector":{"controlType":"sap.m.GenericTile","properties":{"header":"Manage Catalogs"}},"wdio_ui5_key":"sapm.GenericTile{\"header\":\"Manage Catalogs\"}"}]}
RESULT: undefined
COMMAND: POST /session/0c2956f598ca806f9665356f353b70f0/element - {"using":"xpath","value":"//*[@id=\"__tile37\"]"}
RESULT: {"using":"xpath","value":"//*[@id=\"__tile37\"]"}
COMMAND: POST /session/0c2956f598ca806f9665356f353b70f0/element/f.20C66F91A75546181850ABA8914744C8.d.D87974FFFF061C63FA5F7BC738DBB56A.e.7948/click - {}
RESULT: {}
COMMAND: GET /session/0c2956f598ca806f9665356f353b70f0/screenshot - {}
RESULT: {}
COMMAND: POST /session/0c2956f598ca806f9665356f353b70f0/execute/async - {"script":"<script> [1562 bytes]","args":[{"selector":{"controlType":"sap.m.Text","viewName":"etm.portal.ui.managecatalogs.view.MasterCatalogs","viewId":"application-managecatalogs-display-component---masterCatalogs","bindingPath":{"path":"/Catalogs('0D7502D073D53A0F1700BE067B89AFF9')","propertyPath":"DESCRIPTION","modelName":"catalogModel"}},"wdio_ui5_key":"etmportal.ui.managecatalogs.view.MasterCatalogssap.m.Text{\"path\":\"/Catalogs('0D7502D073D53A0F1700BE067B89AFF9')\",\"propertyPath\":\"DESCRIPTION\",\"modelName\":\"catalogModel\"}"}]}
RESULT: {"script":"<script> [1562 bytes]","args":[{"selector":{"controlType":"sap.m.Text","viewName":"etm.portal.ui.managecatalogs.view.MasterCatalogs","viewId":"application-managecatalogs-display-component---masterCatalogs","bindingPath":{"path":"/Catalogs('0D7502D073D53A0F1700BE067B89AFF9')","propertyPath":"DESCRIPTION","modelName":"catalogModel"}},"wdio_ui5_key":"etmportal.ui.managecatalogs.view.MasterCatalogssap.m.Text{\"path\":\"/Catalogs('0D7502D073D53A0F1700BE067B89AFF9')\",\"propertyPath\":\"DESCRIPTION\",\"modelName\":\"catalogModel\"}"}]}
RESULT: undefined
COMMAND: POST /session/0c2956f598ca806f9665356f353b70f0/element - {"using":"xpath","value":"//*[@id=\"__text434-application-managecatalogs-display-component---masterCatalogs--CatalogsTable-11\"]"}
RESULT: {"using":"xpath","value":"//*[@id=\"__text434-application-managecatalogs-display-component---masterCatalogs--CatalogsTable-11\"]"}
COMMAND: POST /session/0c2956f598ca806f9665356f353b70f0/element/f.20C66F91A75546181850ABA8914744C8.d.D87974FFFF061C63FA5F7BC738DBB56A.e.8017/click - {}
RESULT: {}
COMMAND: POST /session/0c2956f598ca806f9665356f353b70f0/execute/async - {"script":"<script> [1562 bytes]","args":[{"selector":{"controlType":"sap.ui.layout.HorizontalLayout","viewName":"etm.portal.ui.managecatalogs.view.MasterItems","viewId":"application-managecatalogs-display-component---masterCatalogItems","ancestor":{"id":"application-managecatalogs-display-component---masterCatalogItems--idCatalogItemsTree-rows-row0"}},"wdio_ui5_key":"etmportal.ui.managecatalogs.view.MasterItemssap.ui.layout.HorizontalLayout{\"id\":\"application-managecatalogs-display-component---masterCatalogItems--idCatalogItemsTree-rows-row0\"}"}]}
COMMAND: GET /session/0c2956f598ca806f9665356f353b70f0/screenshot - {}
RESULT: {"script":"<script> [1562 bytes]","args":[{"selector":{"controlType":"sap.ui.layout.HorizontalLayout","viewName":"etm.portal.ui.managecatalogs.view.MasterItems","viewId":"application-managecatalogs-display-component---masterCatalogItems","ancestor":{"id":"application-managecatalogs-display-component---masterCatalogItems--idCatalogItemsTree-rows-row0"}},"wdio_ui5_key":"etmportal.ui.managecatalogs.view.MasterItemssap.ui.layout.HorizontalLayout{\"id\":\"application-managecatalogs-display-component---masterCatalogItems--idCatalogItemsTree-rows-row0\"}"}]}
RESULT: undefined
COMMAND: POST /session/0c2956f598ca806f9665356f353b70f0/element - {"using":"xpath","value":"//*[@id=\"__layout40-__clone428\"]"}
RESULT: {}
RESULT: {"using":"xpath","value":"//*[@id=\"__layout40-__clone428\"]"}
COMMAND: POST /session/0c2956f598ca806f9665356f353b70f0/element/f.20C66F91A75546181850ABA8914744C8.d.D87974FFFF061C63FA5F7BC738DBB56A.e.8052/click - {}
RESULT: {}
COMMAND: GET /session/0c2956f598ca806f9665356f353b70f0/screenshot - {}
COMMAND: POST /session/0c2956f598ca806f9665356f353b70f0/execute/async - {"script":"<script> [1562 bytes]","args":[{"selector":{"controlType":"sap.m.Button","viewName":"etm.portal.ui.managecatalogs.view.Detail","viewId":"application-managecatalogs-display-component---detailCatalog","i18NText":{"propertyName":"text","key":"edit"},"interaction":{"idSuffix":"BDI-content"}},"wdio_ui5_key":"etmportal.ui.managecatalogs.view.Detailsap.m.Button{\"propertyName\":\"text\",\"key\":\"edit\"}"}]}
RESULT: {}
RESULT: {"script":"<script> [1562 bytes]","args":[{"selector":{"controlType":"sap.m.Button","viewName":"etm.portal.ui.managecatalogs.view.Detail","viewId":"application-managecatalogs-display-component---detailCatalog","i18NText":{"propertyName":"text","key":"edit"},"interaction":{"idSuffix":"BDI-content"}},"wdio_ui5_key":"etmportal.ui.managecatalogs.view.Detailsap.m.Button{\"propertyName\":\"text\",\"key\":\"edit\"}"}]}
RESULT: undefined
COMMAND: POST /session/0c2956f598ca806f9665356f353b70f0/element - {"using":"xpath","value":"//*[@id=\"__button88\"]"}
RESULT: {"using":"xpath","value":"//*[@id=\"__button88\"]"}
COMMAND: POST /session/0c2956f598ca806f9665356f353b70f0/element/f.20C66F91A75546181850ABA8914744C8.d.D87974FFFF061C63FA5F7BC738DBB56A.e.8176/click - {}
RESULT: {}
COMMAND: GET /session/0c2956f598ca806f9665356f353b70f0/screenshot - {}
RESULT: {}
COMMAND: POST /session/0c2956f598ca806f9665356f353b70f0/element - {"using":"xpath","value":"//bdi[contains(text(), \"Unlock\")]"}
RESULT: {"using":"xpath","value":"//bdi[contains(text(), \"Unlock\")]"}
COMMAND: POST /session/0c2956f598ca806f9665356f353b70f0/elements - {"using":"xpath","value":"//bdi[contains(text(), \"Unlock\")]"}
RESULT: {"using":"xpath","value":"//bdi[contains(text(), \"Unlock\")]"}
COMMAND: POST /session/0c2956f598ca806f9665356f353b70f0/execute/async - {"script":"<script> [1562 bytes]","args":[{"selector":{"controlType":"sap.ui.core.Icon","viewName":"etm.portal.ui.managecatalogs.view.Detail","viewId":"application-managecatalogs-display-component---detailCatalog","properties":{"src":{"regex":{"source":"add\\-folder"}}}},"wdio_ui5_key":"etmportal.ui.managecatalogs.view.Detailsap.ui.core.Icon{\"src\":{\"regex\":{\"source\":\"add\\\\-folder\"}}}"}]}
RESULT: {"script":"<script> [1562 bytes]","args":[{"selector":{"controlType":"sap.ui.core.Icon","viewName":"etm.portal.ui.managecatalogs.view.Detail","viewId":"application-managecatalogs-display-component---detailCatalog","properties":{"src":{"regex":{"source":"add\\-folder"}}}},"wdio_ui5_key":"etmportal.ui.managecatalogs.view.Detailsap.ui.core.Icon{\"src\":{\"regex\":{\"source\":\"add\\\\-folder\"}}}"}]}
RESULT: undefined
COMMAND: POST /session/0c2956f598ca806f9665356f353b70f0/element - {"using":"xpath","value":"//*[@id=\"__button96-img\"]"}
RESULT: {"using":"xpath","value":"//*[@id=\"__button96-img\"]"}
COMMAND: POST /session/0c2956f598ca806f9665356f353b70f0/element/f.20C66F91A75546181850ABA8914744C8.d.D87974FFFF061C63FA5F7BC738DBB56A.e.8191/click - {}
RESULT: {}
COMMAND: GET /session/0c2956f598ca806f9665356f353b70f0/screenshot - {}
RESULT: {}
COMMAND: POST /session/0c2956f598ca806f9665356f353b70f0/execute/async - {"script":"<script> [1562 bytes]","args":[{"selector":{"id":"application-managecatalogs-display-component---detailCatalog--numberInput","searchOpenDialogs":true,"interaction":{"idSuffix":"inner"}},"wdio_ui5_key":"applicationmanagecatalogs-display-component---detailCatalog--numberInput"}]}
RESULT: {"script":"<script> [1562 bytes]","args":[{"selector":{"id":"application-managecatalogs-display-component---detailCatalog--numberInput","searchOpenDialogs":true,"interaction":{"idSuffix":"inner"}},"wdio_ui5_key":"applicationmanagecatalogs-display-component---detailCatalog--numberInput"}]}
RESULT: undefined
COMMAND: POST /session/0c2956f598ca806f9665356f353b70f0/execute/async - {"script":"<script> [776 bytes]","args":[{"enterText":"Section2y1e5","selector":{"id":"application-managecatalogs-display-component---detailCatalog--numberInput","searchOpenDialogs":true,"interaction":{"idSuffix":"inner"}},"clearTextFirst":true,"interactionType":"ENTER_TEXT"}]}
RESULT: {"script":"<script> [776 bytes]","args":[{"enterText":"Section2y1e5","selector":{"id":"application-managecatalogs-display-component---detailCatalog--numberInput","searchOpenDialogs":true,"interaction":{"idSuffix":"inner"}},"clearTextFirst":true,"interactionType":"ENTER_TEXT"}]}
COMMAND: POST /session/0c2956f598ca806f9665356f353b70f0/element - {"using":"css selector","value":"#application-managecatalogs-display-component---detailCatalog--nameInput-inner"}
RESULT: {"using":"css selector","value":"#application-managecatalogs-display-component---detailCatalog--nameInput-inner"}
COMMAND: POST /session/0c2956f598ca806f9665356f353b70f0/elements - {"using":"css selector","value":"#application-managecatalogs-display-component---detailCatalog--nameInput-inner"}
RESULT: {"using":"css selector","value":"#application-managecatalogs-display-component---detailCatalog--nameInput-inner"}
COMMAND: POST /session/0c2956f598ca806f9665356f353b70f0/element/f.20C66F91A75546181850ABA8914744C8.d.D87974FFFF061C63FA5F7BC738DBB56A.e.8195/clear - {}
RESULT: {}
COMMAND: POST /session/0c2956f598ca806f9665356f353b70f0/element/f.20C66F91A75546181850ABA8914744C8.d.D87974FFFF061C63FA5F7BC738DBB56A.e.8195/value - {"text":"Webdriverppf1b"}
COMMAND: GET /session/0c2956f598ca806f9665356f353b70f0/screenshot - {}
RESULT: {"text":"Webdriverppf1b"}
COMMAND: POST /session/0c2956f598ca806f9665356f353b70f0/execute/async - {"script":"<script> [1562 bytes]","args":[{"selector":{"controlType":"sap.m.Button","viewName":"etm.portal.ui.managecatalogs.view.Detail","viewId":"application-managecatalogs-display-component---detailCatalog","i18NText":{"propertyName":"text","key":"create"},"searchOpenDialogs":true,"interaction":{"idSuffix":"BDI-content"}},"wdio_ui5_key":"etmportal.ui.managecatalogs.view.Detailsap.m.Button{\"propertyName\":\"text\",\"key\":\"create\"}"}]}
COMMAND: GET /session/0c2956f598ca806f9665356f353b70f0/screenshot - {}
RESULT: {}
RESULT: {"script":"<script> [1562 bytes]","args":[{"selector":{"controlType":"sap.m.Button","viewName":"etm.portal.ui.managecatalogs.view.Detail","viewId":"application-managecatalogs-display-component---detailCatalog","i18NText":{"propertyName":"text","key":"create"},"searchOpenDialogs":true,"interaction":{"idSuffix":"BDI-content"}},"wdio_ui5_key":"etmportal.ui.managecatalogs.view.Detailsap.m.Button{\"propertyName\":\"text\",\"key\":\"create\"}"}]}
RESULT: undefined
COMMAND: POST /session/0c2956f598ca806f9665356f353b70f0/element - {"using":"xpath","value":"//*[@id=\"__button66\"]"}
RESULT: {}
RESULT: {"using":"xpath","value":"//*[@id=\"__button66\"]"}
COMMAND: POST /session/0c2956f598ca806f9665356f353b70f0/element/f.20C66F91A75546181850ABA8914744C8.d.D87974FFFF061C63FA5F7BC738DBB56A.e.8200/click - {}
RESULT: {}
COMMAND: GET /session/0c2956f598ca806f9665356f353b70f0/screenshot - {}
RESULT: {}
COMMAND: POST /session/0c2956f598ca806f9665356f353b70f0/element - {"using":"xpath","value":"//button[@title=\"Save\"]"}
RESULT: {"using":"xpath","value":"//button[@title=\"Save\"]"}
COMMAND: POST /session/0c2956f598ca806f9665356f353b70f0/element/f.20C66F91A75546181850ABA8914744C8.d.D87974FFFF061C63FA5F7BC738DBB56A.e.8201/click - {}
RESULT: {}
COMMAND: POST /session/0c2956f598ca806f9665356f353b70f0/execute/async - {"script":"<script> [1562 bytes]","args":[{"selector":{"controlType":"sap.ui.core.Icon","viewName":"etm.portal.ui.managecatalogs.view.Detail","viewId":"application-managecatalogs-display-component---detailCatalog","properties":{"src":{"regex":{"source":"decline"}}}},"wdio_ui5_key":"etmportal.ui.managecatalogs.view.Detailsap.ui.core.Icon{\"src\":{\"regex\":{\"source\":\"decline\"}}}"}]}
COMMAND: GET /session/0c2956f598ca806f9665356f353b70f0/screenshot - {}
RESULT: {"script":"<script> [1562 bytes]","args":[{"selector":{"controlType":"sap.ui.core.Icon","viewName":"etm.portal.ui.managecatalogs.view.Detail","viewId":"application-managecatalogs-display-component---detailCatalog","properties":{"src":{"regex":{"source":"decline"}}}},"wdio_ui5_key":"etmportal.ui.managecatalogs.view.Detailsap.ui.core.Icon{\"src\":{\"regex\":{\"source\":\"decline\"}}}"}]}
RESULT: undefined
COMMAND: POST /session/0c2956f598ca806f9665356f353b70f0/element - {"using":"xpath","value":"//*[@id=\"__button91-img\"]"}
RESULT: {}
RESULT: {"using":"xpath","value":"//*[@id=\"__button91-img\"]"}
COMMAND: POST /session/0c2956f598ca806f9665356f353b70f0/element/f.20C66F91A75546181850ABA8914744C8.d.D87974FFFF061C63FA5F7BC738DBB56A.e.8213/click - {}
RESULT: {}
COMMAND: GET /session/0c2956f598ca806f9665356f353b70f0/screenshot - {}
RESULT: {}
COMMAND: POST /session/0c2956f598ca806f9665356f353b70f0/execute/async - {"script":"<script> [1562 bytes]","args":[{"selector":{"controlType":"sap.ui.core.Icon","viewName":"etm.portal.ui.managecatalogs.view.MasterItems","viewId":"application-managecatalogs-display-component---masterCatalogItems","properties":{"src":{"regex":{"source":"refresh"}}}},"wdio_ui5_key":"etmportal.ui.managecatalogs.view.MasterItemssap.ui.core.Icon{\"src\":{\"regex\":{\"source\":\"refresh\"}}}"}]}
RESULT: {"script":"<script> [1562 bytes]","args":[{"selector":{"controlType":"sap.ui.core.Icon","viewName":"etm.portal.ui.managecatalogs.view.MasterItems","viewId":"application-managecatalogs-display-component---masterCatalogItems","properties":{"src":{"regex":{"source":"refresh"}}}},"wdio_ui5_key":"etmportal.ui.managecatalogs.view.MasterItemssap.ui.core.Icon{\"src\":{\"regex\":{\"source\":\"refresh\"}}}"}]}
RESULT: undefined
COMMAND: POST /session/0c2956f598ca806f9665356f353b70f0/element - {"using":"xpath","value":"//*[@id=\"__button64-img\"]"}
RESULT: {"using":"xpath","value":"//*[@id=\"__button64-img\"]"}
COMMAND: POST /session/0c2956f598ca806f9665356f353b70f0/element/f.20C66F91A75546181850ABA8914744C8.d.D87974FFFF061C63FA5F7BC738DBB56A.e.8247/click - {}
RESULT: {}
COMMAND: POST /session/0c2956f598ca806f9665356f353b70f0/execute/async - {"script":"<script> [1562 bytes]","args":[{"selector":{"id":"application-managecatalogs-display-component---masterCatalogItems--searchItemsField","interaction":{"idSuffix":"I"}},"wdio_ui5_key":"applicationmanagecatalogs-display-component---masterCatalogItems--searchItemsField"}]}
COMMAND: GET /session/0c2956f598ca806f9665356f353b70f0/screenshot - {}
RESULT: {"script":"<script> [1562 bytes]","args":[{"selector":{"id":"application-managecatalogs-display-component---masterCatalogItems--searchItemsField","interaction":{"idSuffix":"I"}},"wdio_ui5_key":"applicationmanagecatalogs-display-component---masterCatalogItems--searchItemsField"}]}
RESULT: undefined
COMMAND: POST /session/0c2956f598ca806f9665356f353b70f0/execute/async - {"script":"<script> [776 bytes]","args":[{"enterText":"Webdriverppf1b","selector":{"id":"application-managecatalogs-display-component---masterCatalogItems--searchItemsField","interaction":{"idSuffix":"I"}},"clearTextFirst":true,"interactionType":"ENTER_TEXT"}]}
RESULT: {}
RESULT: {"script":"<script> [776 bytes]","args":[{"enterText":"Webdriverppf1b","selector":{"id":"application-managecatalogs-display-component---masterCatalogItems--searchItemsField","interaction":{"idSuffix":"I"}},"clearTextFirst":true,"interactionType":"ENTER_TEXT"}]}
COMMAND: POST /session/0c2956f598ca806f9665356f353b70f0/actions - {"actions":[{"id":"action44","type":"key","parameters":{},"actions":[{"type":"keyDown","value":""},{"type":"pause","duration":10},{"type":"keyUp","value":""}]}]}
RESULT: {"actions":[{"id":"action44","type":"key","parameters":{},"actions":[{"type":"keyDown","value":""},{"type":"pause","duration":10},{"type":"keyUp","value":""}]}]}
COMMAND: POST /session/0c2956f598ca806f9665356f353b70f0/element - {"using":"xpath","value":"(//span[contains(text(), \"Webdriverppf1b\")])[1]"}
COMMAND: GET /session/0c2956f598ca806f9665356f353b70f0/screenshot - {}
RESULT: {"using":"xpath","value":"(//span[contains(text(), \"Webdriverppf1b\")])[1]"}
COMMAND: POST /session/0c2956f598ca806f9665356f353b70f0/element/f.20C66F91A75546181850ABA8914744C8.d.D87974FFFF061C63FA5F7BC738DBB56A.e.8250/click - {}
RESULT: {}
RESULT: {}
COMMAND: GET /session/0c2956f598ca806f9665356f353b70f0/screenshot - {}
RESULT: {}
RESULT: undefined
COMMAND: POST /session/0c2956f598ca806f9665356f353b70f0/element - {"using":"xpath","value":"//*[@id=\"__button88\"]"}
RESULT: {"using":"xpath","value":"//*[@id=\"__button88\"]"}
COMMAND: POST /session/0c2956f598ca806f9665356f353b70f0/element/f.20C66F91A75546181850ABA8914744C8.d.D87974FFFF061C63FA5F7BC738DBB56A.e.8287/click - {}
RESULT: {}
COMMAND: GET /session/0c2956f598ca806f9665356f353b70f0/screenshot - {}
RESULT: {}
RESULT: undefined
COMMAND: POST /session/0c2956f598ca806f9665356f353b70f0/element - {"using":"xpath","value":"//*[@id=\"__button96-img\"]"}
RESULT: {"using":"xpath","value":"//*[@id=\"__button96-img\"]"}
COMMAND: POST /session/0c2956f598ca806f9665356f353b70f0/element/f.20C66F91A75546181850ABA8914744C8.d.D87974FFFF061C63FA5F7BC738DBB56A.e.8335/click - {}
RESULT: {}
COMMAND: GET /session/0c2956f598ca806f9665356f353b70f0/screenshot - {}
RESULT: {}
RESULT: undefined
COMMAND: POST /session/0c2956f598ca806f9665356f353b70f0/execute/async - {"script":"<script> [776 bytes]","args":[{"enterText":"SecondSectionw7g1v","selector":{"id":"application-managecatalogs-display-component---detailCatalog--numberInput","searchOpenDialogs":true,"interaction":{"idSuffix":"inner"}},"clearTextFirst":true,"interactionType":"ENTER_TEXT"}]}
RESULT: {"script":"<script> [776 bytes]","args":[{"enterText":"SecondSectionw7g1v","selector":{"id":"application-managecatalogs-display-component---detailCatalog--numberInput","searchOpenDialogs":true,"interaction":{"idSuffix":"inner"}},"clearTextFirst":true,"interactionType":"ENTER_TEXT"}]}
COMMAND: POST /session/0c2956f598ca806f9665356f353b70f0/element - {"using":"xpath","value":"//input[contains(@id ,\"application-managecatalogs-display-component---detailCatalog--nameInput-inner\")]"}
RESULT: {"using":"xpath","value":"//input[contains(@id ,\"application-managecatalogs-display-component---detailCatalog--nameInput-inner\")]"}
COMMAND: POST /session/0c2956f598ca806f9665356f353b70f0/elements - {"using":"xpath","value":"//input[contains(@id ,\"application-managecatalogs-display-component---detailCatalog--nameInput-inner\")]"}
RESULT: {"using":"xpath","value":"//input[contains(@id ,\"application-managecatalogs-display-component---detailCatalog--nameInput-inner\")]"}
COMMAND: POST /session/0c2956f598ca806f9665356f353b70f0/element/f.20C66F91A75546181850ABA8914744C8.d.D87974FFFF061C63FA5F7BC738DBB56A.e.8339/clear - {}
RESULT: {}
COMMAND: POST /session/0c2956f598ca806f9665356f353b70f0/element/f.20C66F91A75546181850ABA8914744C8.d.D87974FFFF061C63FA5F7BC738DBB56A.e.8339/value - {"text":"webdriversecondcl56z"}
COMMAND: GET /session/0c2956f598ca806f9665356f353b70f0/screenshot - {}
RESULT: {"text":"webdriversecondcl56z"}
RESULT: undefined
COMMAND: POST /session/0c2956f598ca806f9665356f353b70f0/element - {"using":"xpath","value":"//*[@id=\"__button66\"]"}
COMMAND: GET /session/0c2956f598ca806f9665356f353b70f0/screenshot - {}
RESULT: {}
RESULT: {"using":"xpath","value":"//*[@id=\"__button66\"]"}
COMMAND: POST /session/0c2956f598ca806f9665356f353b70f0/element/f.20C66F91A75546181850ABA8914744C8.d.D87974FFFF061C63FA5F7BC738DBB56A.e.8343/click - {}
RESULT: {}
RESULT: {}
COMMAND: GET /session/0c2956f598ca806f9665356f353b70f0/screenshot - {}
RESULT: {}
COMMAND: POST /session/0c2956f598ca806f9665356f353b70f0/element - {"using":"xpath","value":"//button[@title=\"Save\"]"}
RESULT: {"using":"xpath","value":"//button[@title=\"Save\"]"}
COMMAND: POST /session/0c2956f598ca806f9665356f353b70f0/element/f.20C66F91A75546181850ABA8914744C8.d.D87974FFFF061C63FA5F7BC738DBB56A.e.8321/click - {}
RESULT: {}
COMMAND: GET /session/0c2956f598ca806f9665356f353b70f0/screenshot - {}
RESULT: {}
RESULT: undefined
COMMAND: POST /session/0c2956f598ca806f9665356f353b70f0/element - {"using":"xpath","value":"//*[@id=\"__button91-img\"]"}
RESULT: {"using":"xpath","value":"//*[@id=\"__button91-img\"]"}
COMMAND: POST /session/0c2956f598ca806f9665356f353b70f0/element/f.20C66F91A75546181850ABA8914744C8.d.D87974FFFF061C63FA5F7BC738DBB56A.e.8294/click - {}
RESULT: {}
COMMAND: GET /session/0c2956f598ca806f9665356f353b70f0/screenshot - {}
RESULT: {}
RESULT: undefined
COMMAND: POST /session/0c2956f598ca806f9665356f353b70f0/element - {"using":"xpath","value":"//*[@id=\"__button64-img\"]"}
RESULT: {"using":"xpath","value":"//*[@id=\"__button64-img\"]"}
COMMAND: POST /session/0c2956f598ca806f9665356f353b70f0/element/f.20C66F91A75546181850ABA8914744C8.d.D87974FFFF061C63FA5F7BC738DBB56A.e.8381/click - {}
RESULT: {}
COMMAND: GET /session/0c2956f598ca806f9665356f353b70f0/screenshot - {}
RESULT: {}
RESULT: undefined
COMMAND: POST /session/0c2956f598ca806f9665356f353b70f0/execute/async - {"script":"<script> [776 bytes]","args":[{"enterText":"SecondSectionw7g1v","selector":{"id":"application-managecatalogs-display-component---masterCatalogItems--searchItemsField","interaction":{"idSuffix":"I"}},"clearTextFirst":true,"interactionType":"ENTER_TEXT"}]}
RESULT: {"script":"<script> [776 bytes]","args":[{"enterText":"SecondSectionw7g1v","selector":{"id":"application-managecatalogs-display-component---masterCatalogItems--searchItemsField","interaction":{"idSuffix":"I"}},"clearTextFirst":true,"interactionType":"ENTER_TEXT"}]}
COMMAND: POST /session/0c2956f598ca806f9665356f353b70f0/actions - {"actions":[{"id":"action45","type":"key","parameters":{},"actions":[{"type":"keyDown","value":""},{"type":"pause","duration":10},{"type":"keyUp","value":""}]}]}
RESULT: {"actions":[{"id":"action45","type":"key","parameters":{},"actions":[{"type":"keyDown","value":""},{"type":"pause","duration":10},{"type":"keyUp","value":""}]}]}
COMMAND: POST /session/0c2956f598ca806f9665356f353b70f0/element - {"using":"xpath","value":"(//span[contains(text(), \"SecondSectionw7g1v\")])[1]"}
COMMAND: GET /session/0c2956f598ca806f9665356f353b70f0/screenshot - {}
RESULT: {"using":"xpath","value":"(//span[contains(text(), \"SecondSectionw7g1v\")])[1]"}
COMMAND: POST /session/0c2956f598ca806f9665356f353b70f0/element/f.20C66F91A75546181850ABA8914744C8.d.D87974FFFF061C63FA5F7BC738DBB56A.e.8384/click - {}
RESULT: {}
RESULT: {}
COMMAND: POST /session/0c2956f598ca806f9665356f353b70f0/element - {"using":"xpath","value":"(//span[contains(text(), \"SecondSectionw7g1v\")])[1]"}
COMMAND: GET /session/0c2956f598ca806f9665356f353b70f0/screenshot - {}
RESULT: {"using":"xpath","value":"(//span[contains(text(), \"SecondSectionw7g1v\")])[1]"}
COMMAND: GET /session/0c2956f598ca806f9665356f353b70f0/element/f.20C66F91A75546181850ABA8914744C8.d.D87974FFFF061C63FA5F7BC738DBB56A.e.8384/text - {}
RESULT: {}
COMMAND: POST /session/0c2956f598ca806f9665356f353b70f0/element - {"using":"xpath","value":"(//span[contains(text(), \"SecondSectionw7g1v\")])[1]"}
RESULT: {"using":"xpath","value":"(//span[contains(text(), \"SecondSectionw7g1v\")])[1]"}
COMMAND: GET /session/0c2956f598ca806f9665356f353b70f0/element/f.20C66F91A75546181850ABA8914744C8.d.D87974FFFF061C63FA5F7BC738DBB56A.e.8384/text - {}
COMMAND: POST /session/0c2956f598ca806f9665356f353b70f0/element - {"using":"xpath","value":"(//span[contains(text(), \"SecondSectionw7g1v\")])[1]"}
RESULT: {"using":"xpath","value":"(//span[contains(text(), \"SecondSectionw7g1v\")])[1]"}
COMMAND: GET /session/0c2956f598ca806f9665356f353b70f0/element/f.20C66F91A75546181850ABA8914744C8.d.D87974FFFF061C63FA5F7BC738DBB56A.e.8438/text - {}
RESULT: {}
COMMAND: POST /session/0c2956f598ca806f9665356f353b70f0/refresh - {}
RESULT: {}
COMMAND: GET /session/0c2956f598ca806f9665356f353b70f0/screenshot - {}
RESULT: {}
COMMAND: POST /session/0c2956f598ca806f9665356f353b70f0/refresh - {}
RESULT: {}
COMMAND: GET /session/0c2956f598ca806f9665356f353b70f0/screenshot - {}
RESULT: {}
COMMAND: POST /session/0c2956f598ca806f9665356f353b70f0/execute/async - {"script":"<script> [189 bytes]","args":[]}
RESULT: {"script":"<script> [189 bytes]","args":[]}
COMMAND: POST /session/0c2956f598ca806f9665356f353b70f0/execute/async - {"script":"<script> [123 bytes]","args":[]}
RESULT: {"script":"<script> [123 bytes]","args":[]}
COMMAND: POST /session/0c2956f598ca806f9665356f353b70f0/timeouts - {"script":"<number>"}
RESULT: {"script":"<number>"}
COMMAND: GET /session/0c2956f598ca806f9665356f353b70f0/timeouts - {}
RESULT: {}
RESULT: undefined
COMMAND: POST /session/0c2956f598ca806f9665356f353b70f0/execute/async - {"script":"<script> [2676 bytes]","args":[]}
RESULT: {"script":"<script> [2676 bytes]","args":[]}
COMMAND: POST /session/0c2956f598ca806f9665356f353b70f0/execute/async - {"script":"<script> [2342 bytes]","args":[{"protocol":"http","hostname":"0.0.0.0","path":"/","capabilities":{"browserName":"chrome","goog:chromeOptions":{"binary":"C:\\Program Files\\Google\\Chrome\\Application\\chrome.exe","args":["--start-maximized"]}},"logLevel":"warn","connectionRetryTimeout":120000,"connectionRetryCount":3,"logLevels":{},"enableDirectConnect":true,"strictSSL":true,"_":"65 more keys: [\"cacheDir\",\"port\",\"requestedCapabilities\",\"automationProtocol\",\"baseUrl\",\"waitforInterval\",\"waitforTimeout\",\"onReload\",\"beforeCommand\",\"afterCommand\",\"rootDir\",\"specs\",\"suites\",\"exclude\",\"groupLogsByTestSpec\",\"excludeDriverLogs\",\"bail\",\"framework\",\"reporters\",\"services\",\"maxInstances\",\"maxInstancesPerCapability\",\"injectGlobals\",\"filesToWatch\",\"execArgv\",\"runnerEnv\",\"runner\",\"shard\",\"specFileRetries\",\"specFileRetriesDelay\",\"specFileRetriesDeferred\",\"reporterSyncInterval\",\"reporterSyncTimeout\",\"cucumberFeaturesWithLineNumbers\",\"autoCompileOpts\",\"mochaOpts\",\"jasmineOpts\",\"cucumberOpts\",\"onPrepare\",\"onWorkerStart\",\"onWorkerEnd\",\"before\",\"beforeSession\",\"beforeSuite\",\"beforeHook\",\"beforeTest\",\"afterTest\",\"afterHook\",\"afterSuite\",\"afterSession\",\"after\",\"onComplete\",\"beforeAssertion\",\"afterAssertion\",\"beforeFeature\",\"beforeScenario\",\"beforeStep\",\"afterStep\",\"afterScenario\",\"afterFeature\",\"_\",\"suite\",\"$0\",\"ignoredWorkerServices\",\"wdi5\"]"}]}
RESULT: {"script":"<script> [2342 bytes]","args":[{"protocol":"http","hostname":"0.0.0.0","path":"/","capabilities":{"browserName":"chrome","goog:chromeOptions":{"binary":"C:\\Program Files\\Google\\Chrome\\Application\\chrome.exe","args":["--start-maximized"]}},"logLevel":"warn","connectionRetryTimeout":120000,"connectionRetryCount":3,"logLevels":{},"enableDirectConnect":true,"strictSSL":true,"_":"65 more keys: [\"cacheDir\",\"port\",\"requestedCapabilities\",\"automationProtocol\",\"baseUrl\",\"waitforInterval\",\"waitforTimeout\",\"onReload\",\"beforeCommand\",\"afterCommand\",\"rootDir\",\"specs\",\"suites\",\"exclude\",\"groupLogsByTestSpec\",\"excludeDriverLogs\",\"bail\",\"framework\",\"reporters\",\"services\",\"maxInstances\",\"maxInstancesPerCapability\",\"injectGlobals\",\"filesToWatch\",\"execArgv\",\"runnerEnv\",\"runner\",\"shard\",\"specFileRetries\",\"specFileRetriesDelay\",\"specFileRetriesDeferred\",\"reporterSyncInterval\",\"reporterSyncTimeout\",\"cucumberFeaturesWithLineNumbers\",\"autoCompileOpts\",\"mochaOpts\",\"jasmineOpts\",\"cucumberOpts\",\"onPrepare\",\"onWorkerStart\",\"onWorkerEnd\",\"before\",\"beforeSession\",\"beforeSuite\",\"beforeHook\",\"beforeTest\",\"afterTest\",\"afterHook\",\"afterSuite\",\"afterSession\",\"after\",\"onComplete\",\"beforeAssertion\",\"afterAssertion\",\"beforeFeature\",\"beforeScenario\",\"beforeStep\",\"afterStep\",\"afterScenario\",\"afterFeature\",\"_\",\"suite\",\"$0\",\"ignoredWorkerServices\",\"wdi5\"]"}]}
COMMAND: POST /session/0c2956f598ca806f9665356f353b70f0/execute/async - {"script":"<script> [21126 bytes]","args":[35000]}
RESULT: {"script":"<script> [21126 bytes]","args":[35000]}
COMMAND: POST /session/0c2956f598ca806f9665356f353b70f0/execute/async - {"script":"<script> [1562 bytes]","args":[{"selector":{"controlType":"sap.m.Button","viewName":"etm.portal.ui.managecatalogs.view.Detail","viewId":"application-managecatalogs-display-component---detailCatalog","i18NText":{"propertyName":"text","key":"edit"},"interaction":{"idSuffix":"BDI-content"}},"wdio_ui5_key":"etmportal.ui.managecatalogs.view.Detailsap.m.Button{\"propertyName\":\"text\",\"key\":\"edit\"}"}]}
RESULT: {"script":"<script> [1562 bytes]","args":[{"selector":{"controlType":"sap.m.Button","viewName":"etm.portal.ui.managecatalogs.view.Detail","viewId":"application-managecatalogs-display-component---detailCatalog","i18NText":{"propertyName":"text","key":"edit"},"interaction":{"idSuffix":"BDI-content"}},"wdio_ui5_key":"etmportal.ui.managecatalogs.view.Detailsap.m.Button{\"propertyName\":\"text\",\"key\":\"edit\"}"}]}
RESULT: undefined
COMMAND: POST /session/0c2956f598ca806f9665356f353b70f0/element - {"using":"xpath","value":"//*[@id=\"__button25\"]"}
RESULT: {"using":"xpath","value":"//*[@id=\"__button25\"]"}
COMMAND: POST /session/0c2956f598ca806f9665356f353b70f0/element/f.20C66F91A75546181850ABA8914744C8.d.F304A305E00551D6323F752C1AC1518E.e.8569/click - {}
RESULT: {}
COMMAND: POST /session/0c2956f598ca806f9665356f353b70f0/execute/async - {"script":"<script> [1562 bytes]","args":[{"selector":{"controlType":"sap.ui.core.Icon","viewName":"etm.portal.ui.managecatalogs.view.Detail","viewId":"application-managecatalogs-display-component---detailCatalog","properties":{"src":{"regex":{"source":"add\\-document"}}}},"wdio_ui5_key":"etmportal.ui.managecatalogs.view.Detailsap.ui.core.Icon{\"src\":{\"regex\":{\"source\":\"add\\\\-document\"}}}"}]}
COMMAND: GET /session/0c2956f598ca806f9665356f353b70f0/screenshot - {}
RESULT: {"script":"<script> [1562 bytes]","args":[{"selector":{"controlType":"sap.ui.core.Icon","viewName":"etm.portal.ui.managecatalogs.view.Detail","viewId":"application-managecatalogs-display-component---detailCatalog","properties":{"src":{"regex":{"source":"add\\-document"}}}},"wdio_ui5_key":"etmportal.ui.managecatalogs.view.Detailsap.ui.core.Icon{\"src\":{\"regex\":{\"source\":\"add\\\\-document\"}}}"}]}
RESULT: undefined
COMMAND: POST /session/0c2956f598ca806f9665356f353b70f0/element - {"using":"xpath","value":"//*[@id=\"__button34-img\"]"}
RESULT: {}
RESULT: {"using":"xpath","value":"//*[@id=\"__button34-img\"]"}
COMMAND: POST /session/0c2956f598ca806f9665356f353b70f0/element/f.20C66F91A75546181850ABA8914744C8.d.F304A305E00551D6323F752C1AC1518E.e.8576/click - {}
RESULT: {}
COMMAND: POST /session/0c2956f598ca806f9665356f353b70f0/execute/async - {"script":"<script> [1562 bytes]","args":[{"selector":{"id":"application-managecatalogs-display-component---detailCatalog--newItemNumberInput","searchOpenDialogs":true,"interaction":{"idSuffix":"inner"}},"wdio_ui5_key":"applicationmanagecatalogs-display-component---detailCatalog--newItemNumberInput"}]}
COMMAND: GET /session/0c2956f598ca806f9665356f353b70f0/screenshot - {}
RESULT: {"script":"<script> [1562 bytes]","args":[{"selector":{"id":"application-managecatalogs-display-component---detailCatalog--newItemNumberInput","searchOpenDialogs":true,"interaction":{"idSuffix":"inner"}},"wdio_ui5_key":"applicationmanagecatalogs-display-component---detailCatalog--newItemNumberInput"}]}
RESULT: undefined
COMMAND: POST /session/0c2956f598ca806f9665356f353b70f0/execute/async - {"script":"<script> [776 bytes]","args":[{"enterText":"catalogItem6knn4","selector":{"id":"application-managecatalogs-display-component---detailCatalog--newItemNumberInput","searchOpenDialogs":true,"interaction":{"idSuffix":"inner"}},"clearTextFirst":true,"interactionType":"ENTER_TEXT"}]}
RESULT: {}
RESULT: {"script":"<script> [776 bytes]","args":[{"enterText":"catalogItem6knn4","selector":{"id":"application-managecatalogs-display-component---detailCatalog--newItemNumberInput","searchOpenDialogs":true,"interaction":{"idSuffix":"inner"}},"clearTextFirst":true,"interactionType":"ENTER_TEXT"}]}
COMMAND: POST /session/0c2956f598ca806f9665356f353b70f0/execute/async - {"script":"<script> [1562 bytes]","args":[{"selector":{"controlType":"sap.m.Input","viewName":"etm.portal.ui.managecatalogs.view.Detail","viewId":"application-managecatalogs-display-component---detailCatalog","bindingPath":{"path":"","propertyPath":"/DESCRIPTION"},"searchOpenDialogs":true,"interaction":{"idSuffix":"inner"}},"wdio_ui5_key":"etmportal.ui.managecatalogs.view.Detailsap.m.Input{\"path\":\"\",\"propertyPath\":\"/DESCRIPTION\"}"}]}
RESULT: {"script":"<script> [1562 bytes]","args":[{"selector":{"controlType":"sap.m.Input","viewName":"etm.portal.ui.managecatalogs.view.Detail","viewId":"application-managecatalogs-display-component---detailCatalog","bindingPath":{"path":"","propertyPath":"/DESCRIPTION"},"searchOpenDialogs":true,"interaction":{"idSuffix":"inner"}},"wdio_ui5_key":"etmportal.ui.managecatalogs.view.Detailsap.m.Input{\"path\":\"\",\"propertyPath\":\"/DESCRIPTION\"}"}]}
RESULT: undefined
COMMAND: POST /session/0c2956f598ca806f9665356f353b70f0/execute/async - {"script":"<script> [776 bytes]","args":[{"enterText":"catalogItemNameclenu","selector":{"controlType":"sap.m.Input","viewName":"etm.portal.ui.managecatalogs.view.Detail","viewId":"application-managecatalogs-display-component---detailCatalog","bindingPath":{"path":"","propertyPath":"/DESCRIPTION"},"searchOpenDialogs":true,"interaction":{"idSuffix":"inner"}},"clearTextFirst":true,"interactionType":"ENTER_TEXT"}]}
RESULT: {"script":"<script> [776 bytes]","args":[{"enterText":"catalogItemNameclenu","selector":{"controlType":"sap.m.Input","viewName":"etm.portal.ui.managecatalogs.view.Detail","viewId":"application-managecatalogs-display-component---detailCatalog","bindingPath":{"path":"","propertyPath":"/DESCRIPTION"},"searchOpenDialogs":true,"interaction":{"idSuffix":"inner"}},"clearTextFirst":true,"interactionType":"ENTER_TEXT"}]}
COMMAND: POST /session/0c2956f598ca806f9665356f353b70f0/execute/async - {"script":"<script> [1562 bytes]","args":[{"selector":{"controlType":"sap.m.Button","viewName":"etm.portal.ui.managecatalogs.view.Detail","viewId":"application-managecatalogs-display-component---detailCatalog","i18NText":{"propertyName":"text","key":"create"},"searchOpenDialogs":true,"interaction":{"idSuffix":"BDI-content"}},"wdio_ui5_key":"etmportal.ui.managecatalogs.view.Detailsap.m.Button{\"propertyName\":\"text\",\"key\":\"create\"}"}]}
RESULT: {"script":"<script> [1562 bytes]","args":[{"selector":{"controlType":"sap.m.Button","viewName":"etm.portal.ui.managecatalogs.view.Detail","viewId":"application-managecatalogs-display-component---detailCatalog","i18NText":{"propertyName":"text","key":"create"},"searchOpenDialogs":true,"interaction":{"idSuffix":"BDI-content"}},"wdio_ui5_key":"etmportal.ui.managecatalogs.view.Detailsap.m.Button{\"propertyName\":\"text\",\"key\":\"create\"}"}]}
RESULT: undefined
COMMAND: POST /session/0c2956f598ca806f9665356f353b70f0/element - {"using":"xpath","value":"//*[@id=\"__button9\"]"}
RESULT: {"using":"xpath","value":"//*[@id=\"__button9\"]"}
COMMAND: POST /session/0c2956f598ca806f9665356f353b70f0/element/f.20C66F91A75546181850ABA8914744C8.d.F304A305E00551D6323F752C1AC1518E.e.8585/click - {}
RESULT: {}
COMMAND: GET /session/0c2956f598ca806f9665356f353b70f0/screenshot - {}
RESULT: {}
COMMAND: POST /session/0c2956f598ca806f9665356f353b70f0/element - {"using":"xpath","value":"//button[@title=\"Save\"]"}
RESULT: {"using":"xpath","value":"//button[@title=\"Save\"]"}
COMMAND: POST /session/0c2956f598ca806f9665356f353b70f0/element/f.20C66F91A75546181850ABA8914744C8.d.F304A305E00551D6323F752C1AC1518E.e.8586/click - {}
RESULT: {}
COMMAND: GET /session/0c2956f598ca806f9665356f353b70f0/screenshot - {}
RESULT: {}
COMMAND: POST /session/0c2956f598ca806f9665356f353b70f0/execute/async - {"script":"<script> [1562 bytes]","args":[{"selector":{"controlType":"sap.ui.core.Icon","viewName":"etm.portal.ui.managecatalogs.view.Detail","viewId":"application-managecatalogs-display-component---detailCatalog","properties":{"src":{"regex":{"source":"decline"}}}},"wdio_ui5_key":"etmportal.ui.managecatalogs.view.Detailsap.ui.core.Icon{\"src\":{\"regex\":{\"source\":\"decline\"}}}"}]}
RESULT: {"script":"<script> [1562 bytes]","args":[{"selector":{"controlType":"sap.ui.core.Icon","viewName":"etm.portal.ui.managecatalogs.view.Detail","viewId":"application-managecatalogs-display-component---detailCatalog","properties":{"src":{"regex":{"source":"decline"}}}},"wdio_ui5_key":"etmportal.ui.managecatalogs.view.Detailsap.ui.core.Icon{\"src\":{\"regex\":{\"source\":\"decline\"}}}"}]}
RESULT: undefined
COMMAND: POST /session/0c2956f598ca806f9665356f353b70f0/element - {"using":"xpath","value":"//*[@id=\"__button28-img\"]"}
RESULT: {"using":"xpath","value":"//*[@id=\"__button28-img\"]"}
COMMAND: POST /session/0c2956f598ca806f9665356f353b70f0/element/f.20C66F91A75546181850ABA8914744C8.d.F304A305E00551D6323F752C1AC1518E.e.8593/click - {}
RESULT: {}
COMMAND: GET /session/0c2956f598ca806f9665356f353b70f0/screenshot - {}
RESULT: {}
COMMAND: POST /session/0c2956f598ca806f9665356f353b70f0/execute/async - {"script":"<script> [1562 bytes]","args":[{"selector":{"controlType":"sap.ui.core.Icon","viewName":"etm.portal.ui.managecatalogs.view.MasterItems","viewId":"application-managecatalogs-display-component---masterCatalogItems","properties":{"src":{"regex":{"source":"refresh"}}}},"wdio_ui5_key":"etmportal.ui.managecatalogs.view.MasterItemssap.ui.core.Icon{\"src\":{\"regex\":{\"source\":\"refresh\"}}}"}]}
RESULT: {"script":"<script> [1562 bytes]","args":[{"selector":{"controlType":"sap.ui.core.Icon","viewName":"etm.portal.ui.managecatalogs.view.MasterItems","viewId":"application-managecatalogs-display-component---masterCatalogItems","properties":{"src":{"regex":{"source":"refresh"}}}},"wdio_ui5_key":"etmportal.ui.managecatalogs.view.MasterItemssap.ui.core.Icon{\"src\":{\"regex\":{\"source\":\"refresh\"}}}"}]}
RESULT: undefined
COMMAND: POST /session/0c2956f598ca806f9665356f353b70f0/element - {"using":"xpath","value":"//*[@id=\"__button1-img\"]"}
RESULT: {"using":"xpath","value":"//*[@id=\"__button1-img\"]"}
COMMAND: POST /session/0c2956f598ca806f9665356f353b70f0/element/f.20C66F91A75546181850ABA8914744C8.d.F304A305E00551D6323F752C1AC1518E.e.8626/click - {}
RESULT: {}
COMMAND: GET /session/0c2956f598ca806f9665356f353b70f0/screenshot - {}
RESULT: {}
COMMAND: POST /session/0c2956f598ca806f9665356f353b70f0/execute/async - {"script":"<script> [1562 bytes]","args":[{"selector":{"id":"application-managecatalogs-display-component---masterCatalogItems--searchItemsField","interaction":{"idSuffix":"I"}},"wdio_ui5_key":"applicationmanagecatalogs-display-component---masterCatalogItems--searchItemsField"}]}
RESULT: {"script":"<script> [1562 bytes]","args":[{"selector":{"id":"application-managecatalogs-display-component---masterCatalogItems--searchItemsField","interaction":{"idSuffix":"I"}},"wdio_ui5_key":"applicationmanagecatalogs-display-component---masterCatalogItems--searchItemsField"}]}
RESULT: undefined
COMMAND: POST /session/0c2956f598ca806f9665356f353b70f0/execute/async - {"script":"<script> [776 bytes]","args":[{"enterText":"catalogItemNameclenu","selector":{"id":"application-managecatalogs-display-component---masterCatalogItems--searchItemsField","interaction":{"idSuffix":"I"}},"clearTextFirst":true,"interactionType":"ENTER_TEXT"}]}
RESULT: {"script":"<script> [776 bytes]","args":[{"enterText":"catalogItemNameclenu","selector":{"id":"application-managecatalogs-display-component---masterCatalogItems--searchItemsField","interaction":{"idSuffix":"I"}},"clearTextFirst":true,"interactionType":"ENTER_TEXT"}]}
COMMAND: POST /session/0c2956f598ca806f9665356f353b70f0/actions - {"actions":[{"id":"action46","type":"key","parameters":{},"actions":[{"type":"keyDown","value":""},{"type":"pause","duration":10},{"type":"keyUp","value":""}]}]}
RESULT: {"actions":[{"id":"action46","type":"key","parameters":{},"actions":[{"type":"keyDown","value":""},{"type":"pause","duration":10},{"type":"keyUp","value":""}]}]}
COMMAND: POST /session/0c2956f598ca806f9665356f353b70f0/element - {"using":"xpath","value":"(//span[contains(text(), \"catalogItemNameclenu\")])[1]"}
COMMAND: GET /session/0c2956f598ca806f9665356f353b70f0/screenshot - {}
RESULT: {"using":"xpath","value":"(//span[contains(text(), \"catalogItemNameclenu\")])[1]"}
COMMAND: POST /session/0c2956f598ca806f9665356f353b70f0/element/f.20C66F91A75546181850ABA8914744C8.d.F304A305E00551D6323F752C1AC1518E.e.8633/click - {}
RESULT: {}
RESULT: {}
COMMAND: GET /session/0c2956f598ca806f9665356f353b70f0/screenshot - {}
RESULT: {}
COMMAND: POST /session/0c2956f598ca806f9665356f353b70f0/element - {"using":"xpath","value":"//span[contains(text(), \"catalogItem6knn4\")]"}
RESULT: {"using":"xpath","value":"//span[contains(text(), \"catalogItem6knn4\")]"}
COMMAND: GET /session/0c2956f598ca806f9665356f353b70f0/element/f.20C66F91A75546181850ABA8914744C8.d.F304A305E00551D6323F752C1AC1518E.e.8692/text - {}
RESULT: {}
]]></system-out>
    </testcase>
    <testcase classname="chrome.135_0_7049_42.windows.Manage_requests_-_requests_specifications_US141095" name="Should add the classification to the catalog item" time="30.468">
      <system-out><![CDATA[
RESULT: undefined
COMMAND: POST /session/0c2956f598ca806f9665356f353b70f0/element - {"using":"xpath","value":"//*[@id=\"__button25\"]"}
RESULT: {"using":"xpath","value":"//*[@id=\"__button25\"]"}
COMMAND: POST /session/0c2956f598ca806f9665356f353b70f0/element/f.20C66F91A75546181850ABA8914744C8.d.F304A305E00551D6323F752C1AC1518E.e.8693/click - {}
RESULT: {}
COMMAND: GET /session/0c2956f598ca806f9665356f353b70f0/screenshot - {}
RESULT: {}
COMMAND: POST /session/0c2956f598ca806f9665356f353b70f0/execute/async - {"script":"<script> [1562 bytes]","args":[{"selector":{"id":"application-managecatalogs-display-component---detailCatalog--BASE_UNIT_OF_MEASURE-arrow"},"wdio_ui5_key":"applicationmanagecatalogs-display-component---detailCatalog--BASE_UNIT_OF_MEASURE-arrow"}]}
RESULT: {"script":"<script> [1562 bytes]","args":[{"selector":{"id":"application-managecatalogs-display-component---detailCatalog--BASE_UNIT_OF_MEASURE-arrow"},"wdio_ui5_key":"applicationmanagecatalogs-display-component---detailCatalog--BASE_UNIT_OF_MEASURE-arrow"}]}
RESULT: undefined
COMMAND: POST /session/0c2956f598ca806f9665356f353b70f0/element - {"using":"xpath","value":"//*[@id=\"application-managecatalogs-display-component---detailCatalog--BASE_UNIT_OF_MEASURE-arrow\"]"}
RESULT: {"using":"xpath","value":"//*[@id=\"application-managecatalogs-display-component---detailCatalog--BASE_UNIT_OF_MEASURE-arrow\"]"}
COMMAND: POST /session/0c2956f598ca806f9665356f353b70f0/element/f.20C66F91A75546181850ABA8914744C8.d.F304A305E00551D6323F752C1AC1518E.e.8715/click - {}
RESULT: {}
COMMAND: POST /session/0c2956f598ca806f9665356f353b70f0/execute/async - {"script":"<script> [1562 bytes]","args":[{"selector":{"controlType":"sap.m.StandardListItem","viewName":"etm.portal.ui.managecatalogs.view.Detail","viewId":"application-managecatalogs-display-component---detailCatalog","properties":{"title":"Piece"},"searchOpenDialogs":true,"interaction":{"idSuffix":"titleText"}},"wdio_ui5_key":"etmportal.ui.managecatalogs.view.Detailsap.m.StandardListItem{\"title\":\"Piece\"}"}]}
COMMAND: GET /session/0c2956f598ca806f9665356f353b70f0/screenshot - {}
RESULT: {"script":"<script> [1562 bytes]","args":[{"selector":{"controlType":"sap.m.StandardListItem","viewName":"etm.portal.ui.managecatalogs.view.Detail","viewId":"application-managecatalogs-display-component---detailCatalog","properties":{"title":"Piece"},"searchOpenDialogs":true,"interaction":{"idSuffix":"titleText"}},"wdio_ui5_key":"etmportal.ui.managecatalogs.view.Detailsap.m.StandardListItem{\"title\":\"Piece\"}"}]}
RESULT: undefined
COMMAND: POST /session/0c2956f598ca806f9665356f353b70f0/element - {"using":"xpath","value":"//*[@id=\"__item239\"]"}
RESULT: {}
RESULT: {"using":"xpath","value":"//*[@id=\"__item239\"]"}
COMMAND: POST /session/0c2956f598ca806f9665356f353b70f0/element/f.20C66F91A75546181850ABA8914744C8.d.F304A305E00551D6323F752C1AC1518E.e.8717/click - {}
RESULT: {}
COMMAND: POST /session/0c2956f598ca806f9665356f353b70f0/element - {"using":"xpath","value":"//button[contains(@data-kt ,\"ClassificationAddClassButton\")]"}
COMMAND: GET /session/0c2956f598ca806f9665356f353b70f0/screenshot - {}
RESULT: {"using":"xpath","value":"//button[contains(@data-kt ,\"ClassificationAddClassButton\")]"}
COMMAND: POST /session/0c2956f598ca806f9665356f353b70f0/element/f.20C66F91A75546181850ABA8914744C8.d.F304A305E00551D6323F752C1AC1518E.e.8718/click - {}
RESULT: {}
RESULT: {}
COMMAND: GET /session/0c2956f598ca806f9665356f353b70f0/screenshot - {}
RESULT: {}
COMMAND: POST /session/0c2956f598ca806f9665356f353b70f0/element - {"using":"xpath","value":"//input[contains(@id ,\"searchField-I\")]"}
RESULT: {"using":"xpath","value":"//input[contains(@id ,\"searchField-I\")]"}
COMMAND: POST /session/0c2956f598ca806f9665356f353b70f0/element/f.20C66F91A75546181850ABA8914744C8.d.F304A305E00551D6323F752C1AC1518E.e.8721/value - {"text":"WebdriverItemClassazwxk"}
RESULT: {"text":"WebdriverItemClassazwxk"}
COMMAND: POST /session/0c2956f598ca806f9665356f353b70f0/actions - {"actions":[{"id":"action47","type":"key","parameters":{},"actions":[{"type":"keyDown","value":""},{"type":"pause","duration":10},{"type":"keyUp","value":""}]}]}
COMMAND: GET /session/0c2956f598ca806f9665356f353b70f0/screenshot - {}
RESULT: {"actions":[{"id":"action47","type":"key","parameters":{},"actions":[{"type":"keyDown","value":""},{"type":"pause","duration":10},{"type":"keyUp","value":""}]}]}
COMMAND: GET /session/0c2956f598ca806f9665356f353b70f0/screenshot - {}
RESULT: {}
RESULT: {}
COMMAND: POST /session/0c2956f598ca806f9665356f353b70f0/element - {"using":"xpath","value":"//span[contains(text(), \"WebdriverItemClassazwxk\")]"}
RESULT: {"using":"xpath","value":"//span[contains(text(), \"WebdriverItemClassazwxk\")]"}
COMMAND: POST /session/0c2956f598ca806f9665356f353b70f0/element/f.20C66F91A75546181850ABA8914744C8.d.F304A305E00551D6323F752C1AC1518E.e.8734/click - {}
RESULT: {}
COMMAND: GET /session/0c2956f598ca806f9665356f353b70f0/screenshot - {}
RESULT: {}
COMMAND: POST /session/0c2956f598ca806f9665356f353b70f0/execute/async - {"script":"<script> [1562 bytes]","args":[{"selector":{"controlType":"sap.m.Button","viewName":"etm.portal.ui.managecatalogs.view.Detail","viewId":"application-managecatalogs-display-component---detailCatalog","properties":{"text":"Classification"},"interaction":{"idSuffix":"BDI-content"}},"wdio_ui5_key":"etmportal.ui.managecatalogs.view.Detailsap.m.Button{\"text\":\"Classification\"}"}]}
RESULT: {"script":"<script> [1562 bytes]","args":[{"selector":{"controlType":"sap.m.Button","viewName":"etm.portal.ui.managecatalogs.view.Detail","viewId":"application-managecatalogs-display-component---detailCatalog","properties":{"text":"Classification"},"interaction":{"idSuffix":"BDI-content"}},"wdio_ui5_key":"etmportal.ui.managecatalogs.view.Detailsap.m.Button{\"text\":\"Classification\"}"}]}
RESULT: undefined
COMMAND: POST /session/0c2956f598ca806f9665356f353b70f0/element - {"using":"xpath","value":"//*[@id=\"application-managecatalogs-display-component---detailCatalog--ObjectPageLayout-anchBar-__section3-anchor\"]"}
RESULT: {"using":"xpath","value":"//*[@id=\"application-managecatalogs-display-component---detailCatalog--ObjectPageLayout-anchBar-__section3-anchor\"]"}
COMMAND: POST /session/0c2956f598ca806f9665356f353b70f0/element/f.20C66F91A75546181850ABA8914744C8.d.F304A305E00551D6323F752C1AC1518E.e.8741/click - {}
RESULT: {}
COMMAND: POST /session/0c2956f598ca806f9665356f353b70f0/execute/async - {"script":"<script> [1562 bytes]","args":[{"selector":{"controlType":"sap.ui.core.Icon","viewName":"etm.portal.ui.managecatalogs.view.Detail","viewId":"application-managecatalogs-display-component---detailCatalog","properties":{"src":{"regex":{"source":"slim\\-arrow\\-right"}}},"ancestor":{"controlType":"sap.m.Panel","viewName":"etm.portal.ui.managecatalogs.view.Detail","viewId":"application-managecatalogs-display-component---detailCatalog"}},"wdio_ui5_key":"etmportal.ui.managecatalogs.view.Detailsap.ui.core.Icon{\"src\":{\"regex\":{\"source\":\"slim\\\\-arrow\\\\-right\"}}}{\"controlType\":\"sap.m.Panel\",\"viewName\":\"etm.portal.ui.managecatalogs.view.Detail\",\"viewId\":\"application-managecatalogs-display-component---detailCatalog\"}"}]}
COMMAND: GET /session/0c2956f598ca806f9665356f353b70f0/screenshot - {}
RESULT: {"script":"<script> [1562 bytes]","args":[{"selector":{"controlType":"sap.ui.core.Icon","viewName":"etm.portal.ui.managecatalogs.view.Detail","viewId":"application-managecatalogs-display-component---detailCatalog","properties":{"src":{"regex":{"source":"slim\\-arrow\\-right"}}},"ancestor":{"controlType":"sap.m.Panel","viewName":"etm.portal.ui.managecatalogs.view.Detail","viewId":"application-managecatalogs-display-component---detailCatalog"}},"wdio_ui5_key":"etmportal.ui.managecatalogs.view.Detailsap.ui.core.Icon{\"src\":{\"regex\":{\"source\":\"slim\\\\-arrow\\\\-right\"}}}{\"controlType\":\"sap.m.Panel\",\"viewName\":\"etm.portal.ui.managecatalogs.view.Detail\",\"viewId\":\"application-managecatalogs-display-component---detailCatalog\"}"}]}
RESULT: undefined
COMMAND: POST /session/0c2956f598ca806f9665356f353b70f0/element - {"using":"xpath","value":"//*[@id=\"__panel0-__layout17-0-expandButton-img\"]"}
RESULT: {}
RESULT: {"using":"xpath","value":"//*[@id=\"__panel0-__layout17-0-expandButton-img\"]"}
COMMAND: POST /session/0c2956f598ca806f9665356f353b70f0/element/f.20C66F91A75546181850ABA8914744C8.d.F304A305E00551D6323F752C1AC1518E.e.8747/click - {}
RESULT: {}
COMMAND: POST /session/0c2956f598ca806f9665356f353b70f0/execute/async - {"script":"<script> [1562 bytes]","args":[{"selector":{"controlType":"sap.ui.core.Icon","viewName":"etm.portal.ui.managecatalogs.view.Detail","viewId":"application-managecatalogs-display-component---detailCatalog","properties":{"src":{"regex":{"source":"slim\\-arrow\\-down"}}},"ancestor":{"controlType":"sap.m.ColumnListItem","viewName":"etm.portal.ui.managecatalogs.view.Detail","viewId":"application-managecatalogs-display-component---detailCatalog","bindingPath":{"modelName":"classModel","path":"/data/0/PROPERTIES/0"},"ancestor":{"controlType":"sap.m.Table","viewName":"etm.portal.ui.managecatalogs.view.Detail","viewId":"application-managecatalogs-display-component---detailCatalog","bindingPath":{"path":"/data/0","propertyPath":"PROPERTIES","modelName":"classModel"}}}},"wdio_ui5_key":"etmportal.ui.managecatalogs.view.Detailsap.ui.core.Icon{\"src\":{\"regex\":{\"source\":\"slim\\\\-arrow\\\\-down\"}}}{\"controlType\":\"sap.m.ColumnListItem\",\"viewName\":\"etm.portal.ui.managecatalogs.view.Detail\",\"viewId\":\"application-managecatalogs-display-component---detailCatalog\",\"bindingPath\":{\"modelName\":\"classModel\",\"path\":\"/data/0/PROPERTIES/0\"},\"ancestor\":{\"controlType\":\"sap.m.Table\",\"viewName\":\"etm.portal.ui.managecatalogs.view.Detail\",\"viewId\":\"application-managecatalogs-display-component---detailCatalog\",\"bindingPath\":{\"path\":\"/data/0\",\"propertyPath\":\"PROPERTIES\",\"modelName\":\"classModel\"}}}"}]}
COMMAND: GET /session/0c2956f598ca806f9665356f353b70f0/screenshot - {}
RESULT: {"script":"<script> [1562 bytes]","args":[{"selector":{"controlType":"sap.ui.core.Icon","viewName":"etm.portal.ui.managecatalogs.view.Detail","viewId":"application-managecatalogs-display-component---detailCatalog","properties":{"src":{"regex":{"source":"slim\\-arrow\\-down"}}},"ancestor":{"controlType":"sap.m.ColumnListItem","viewName":"etm.portal.ui.managecatalogs.view.Detail","viewId":"application-managecatalogs-display-component---detailCatalog","bindingPath":{"modelName":"classModel","path":"/data/0/PROPERTIES/0"},"ancestor":{"controlType":"sap.m.Table","viewName":"etm.portal.ui.managecatalogs.view.Detail","viewId":"application-managecatalogs-display-component---detailCatalog","bindingPath":{"path":"/data/0","propertyPath":"PROPERTIES","modelName":"classModel"}}}},"wdio_ui5_key":"etmportal.ui.managecatalogs.view.Detailsap.ui.core.Icon{\"src\":{\"regex\":{\"source\":\"slim\\\\-arrow\\\\-down\"}}}{\"controlType\":\"sap.m.ColumnListItem\",\"viewName\":\"etm.portal.ui.managecatalogs.view.Detail\",\"viewId\":\"application-managecatalogs-display-component---detailCatalog\",\"bindingPath\":{\"modelName\":\"classModel\",\"path\":\"/data/0/PROPERTIES/0\"},\"ancestor\":{\"controlType\":\"sap.m.Table\",\"viewName\":\"etm.portal.ui.managecatalogs.view.Detail\",\"viewId\":\"application-managecatalogs-display-component---detailCatalog\",\"bindingPath\":{\"path\":\"/data/0\",\"propertyPath\":\"PROPERTIES\",\"modelName\":\"classModel\"}}}"}]}
RESULT: undefined
COMMAND: POST /session/0c2956f598ca806f9665356f353b70f0/element - {"using":"xpath","value":"//*[@id=\"__box31-arrow\"]"}
RESULT: {}
RESULT: {"using":"xpath","value":"//*[@id=\"__box31-arrow\"]"}
COMMAND: POST /session/0c2956f598ca806f9665356f353b70f0/element/f.20C66F91A75546181850ABA8914744C8.d.F304A305E00551D6323F752C1AC1518E.e.8760/click - {}
RESULT: {}
COMMAND: POST /session/0c2956f598ca806f9665356f353b70f0/execute/async - {"script":"<script> [1562 bytes]","args":[{"selector":{"controlType":"sap.m.StandardListItem","viewName":"etm.portal.ui.managecatalogs.view.Detail","viewId":"application-managecatalogs-display-component---detailCatalog","properties":{"title":"red"},"searchOpenDialogs":true,"interaction":{"idSuffix":"content"}},"wdio_ui5_key":"etmportal.ui.managecatalogs.view.Detailsap.m.StandardListItem{\"title\":\"red\"}"}]}
COMMAND: GET /session/0c2956f598ca806f9665356f353b70f0/screenshot - {}
RESULT: {"script":"<script> [1562 bytes]","args":[{"selector":{"controlType":"sap.m.StandardListItem","viewName":"etm.portal.ui.managecatalogs.view.Detail","viewId":"application-managecatalogs-display-component---detailCatalog","properties":{"title":"red"},"searchOpenDialogs":true,"interaction":{"idSuffix":"content"}},"wdio_ui5_key":"etmportal.ui.managecatalogs.view.Detailsap.m.StandardListItem{\"title\":\"red\"}"}]}
RESULT: undefined
COMMAND: POST /session/0c2956f598ca806f9665356f353b70f0/element - {"using":"xpath","value":"//*[@id=\"__item247\"]"}
RESULT: {}
RESULT: {"using":"xpath","value":"//*[@id=\"__item247\"]"}
COMMAND: POST /session/0c2956f598ca806f9665356f353b70f0/element/f.20C66F91A75546181850ABA8914744C8.d.F304A305E00551D6323F752C1AC1518E.e.8763/click - {}
RESULT: {}
COMMAND: GET /session/0c2956f598ca806f9665356f353b70f0/screenshot - {}
RESULT: {}
COMMAND: POST /session/0c2956f598ca806f9665356f353b70f0/execute/async - {"script":"<script> [1562 bytes]","args":[{"selector":{"controlType":"sap.m.Button","viewName":"etm.portal.ui.managecatalogs.view.Detail","viewId":"application-managecatalogs-display-component---detailCatalog","i18NText":{"propertyName":"text","key":"save"},"interaction":{"idSuffix":"BDI-content"}},"wdio_ui5_key":"etmportal.ui.managecatalogs.view.Detailsap.m.Button{\"propertyName\":\"text\",\"key\":\"save\"}"}]}
RESULT: {"script":"<script> [1562 bytes]","args":[{"selector":{"controlType":"sap.m.Button","viewName":"etm.portal.ui.managecatalogs.view.Detail","viewId":"application-managecatalogs-display-component---detailCatalog","i18NText":{"propertyName":"text","key":"save"},"interaction":{"idSuffix":"BDI-content"}},"wdio_ui5_key":"etmportal.ui.managecatalogs.view.Detailsap.m.Button{\"propertyName\":\"text\",\"key\":\"save\"}"}]}
RESULT: undefined
COMMAND: POST /session/0c2956f598ca806f9665356f353b70f0/element - {"using":"xpath","value":"//*[@id=\"__button43\"]"}
RESULT: {"using":"xpath","value":"//*[@id=\"__button43\"]"}
COMMAND: POST /session/0c2956f598ca806f9665356f353b70f0/element/f.20C66F91A75546181850ABA8914744C8.d.F304A305E00551D6323F752C1AC1518E.e.8697/click - {}
RESULT: {}
COMMAND: GET /session/0c2956f598ca806f9665356f353b70f0/screenshot - {}
RESULT: {}
COMMAND: POST /session/0c2956f598ca806f9665356f353b70f0/element - {"using":"css selector","value":"#shell-header-logo"}
RESULT: {"using":"css selector","value":"#shell-header-logo"}
COMMAND: POST /session/0c2956f598ca806f9665356f353b70f0/element/f.20C66F91A75546181850ABA8914744C8.d.F304A305E00551D6323F752C1AC1518E.e.8467/click - {}
RESULT: {}
COMMAND: GET /session/0c2956f598ca806f9665356f353b70f0/screenshot - {}
RESULT: {}
]]></system-out>
    </testcase>
    <testcase classname="chrome.135_0_7049_42.windows.Manage_requests_-_requests_specifications_US141095" name="Should create a new request and add the catalog item with the specifications" time="114.225">
      <system-out><![CDATA[
COMMAND: POST /session/0c2956f598ca806f9665356f353b70f0/element - {"using":"xpath","value":"//*[contains(@href, 'etm.portal.ui.managerequests')]"}
RESULT: {"using":"xpath","value":"//*[contains(@href, 'etm.portal.ui.managerequests')]"}
COMMAND: POST /session/0c2956f598ca806f9665356f353b70f0/element/f.20C66F91A75546181850ABA8914744C8.d.F304A305E00551D6323F752C1AC1518E.e.8795/click - {}
RESULT: {}
COMMAND: GET /session/0c2956f598ca806f9665356f353b70f0/screenshot - {}
RESULT: {}
COMMAND: POST /session/0c2956f598ca806f9665356f353b70f0/execute/async - {"script":"<script> [1562 bytes]","args":[{"selector":{"controlType":"sap.ui.core.Icon","viewName":"etm.portal.ui.managerequests.view.Master","properties":{"src":{"regex":{"source":"add"}}}},"wdio_ui5_key":"etmportal.ui.managerequests.view.Mastersap.ui.core.Icon{\"src\":{\"regex\":{\"source\":\"add\"}}}"}]}
RESULT: {"script":"<script> [1562 bytes]","args":[{"selector":{"controlType":"sap.ui.core.Icon","viewName":"etm.portal.ui.managerequests.view.Master","properties":{"src":{"regex":{"source":"add"}}}},"wdio_ui5_key":"etmportal.ui.managerequests.view.Mastersap.ui.core.Icon{\"src\":{\"regex\":{\"source\":\"add\"}}}"}]}
RESULT: undefined
COMMAND: POST /session/0c2956f598ca806f9665356f353b70f0/element - {"using":"xpath","value":"//*[@id=\"__xmlview58--btnCreateNew-img\"]"}
RESULT: {"using":"xpath","value":"//*[@id=\"__xmlview58--btnCreateNew-img\"]"}
COMMAND: POST /session/0c2956f598ca806f9665356f353b70f0/element/f.20C66F91A75546181850ABA8914744C8.d.F304A305E00551D6323F752C1AC1518E.e.8856/click - {}
RESULT: {}
COMMAND: GET /session/0c2956f598ca806f9665356f353b70f0/screenshot - {}
RESULT: {}
COMMAND: POST /session/0c2956f598ca806f9665356f353b70f0/element - {"using":"xpath","value":"//input[contains(@id ,\"yardId-inner\")]"}
RESULT: {"using":"xpath","value":"//input[contains(@id ,\"yardId-inner\")]"}
COMMAND: POST /session/0c2956f598ca806f9665356f353b70f0/elements - {"using":"xpath","value":"//input[contains(@id ,\"yardId-inner\")]"}
RESULT: {"using":"xpath","value":"//input[contains(@id ,\"yardId-inner\")]"}
COMMAND: POST /session/0c2956f598ca806f9665356f353b70f0/execute/sync - {"script":"<script> [8489 bytes]","args":[{"element-6066-11e4-a52e-4f735466cecf":"f.20C66F91A75546181850ABA8914744C8.d.F304A305E00551D6323F752C1AC1518E.e.9089","ELEMENT":"f.20C66F91A75546181850ABA8914744C8.d.F304A305E00551D6323F752C1AC1518E.e.9089"}]}
RESULT: {"script":"<script> [8489 bytes]","args":[{"element-6066-11e4-a52e-4f735466cecf":"f.20C66F91A75546181850ABA8914744C8.d.F304A305E00551D6323F752C1AC1518E.e.9089","ELEMENT":"f.20C66F91A75546181850ABA8914744C8.d.F304A305E00551D6323F752C1AC1518E.e.9089"}]}
COMMAND: GET /session/0c2956f598ca806f9665356f353b70f0/element/f.20C66F91A75546181850ABA8914744C8.d.F304A305E00551D6323F752C1AC1518E.e.9089/enabled - {}
COMMAND: GET /session/0c2956f598ca806f9665356f353b70f0/screenshot - {}
RESULT: {}
COMMAND: POST /session/0c2956f598ca806f9665356f353b70f0/execute/sync - {"script":"<script> [8489 bytes]","args":[{"element-6066-11e4-a52e-4f735466cecf":"f.20C66F91A75546181850ABA8914744C8.d.F304A305E00551D6323F752C1AC1518E.e.9089","ELEMENT":"f.20C66F91A75546181850ABA8914744C8.d.F304A305E00551D6323F752C1AC1518E.e.9089"}]}
COMMAND: GET /session/0c2956f598ca806f9665356f353b70f0/screenshot - {}
RESULT: {}
RESULT: {"script":"<script> [8489 bytes]","args":[{"element-6066-11e4-a52e-4f735466cecf":"f.20C66F91A75546181850ABA8914744C8.d.F304A305E00551D6323F752C1AC1518E.e.9089","ELEMENT":"f.20C66F91A75546181850ABA8914744C8.d.F304A305E00551D6323F752C1AC1518E.e.9089"}]}
COMMAND: POST /session/0c2956f598ca806f9665356f353b70f0/execute/sync - {"script":"<script> [5351 bytes]","args":[{"element-6066-11e4-a52e-4f735466cecf":"f.20C66F91A75546181850ABA8914744C8.d.F304A305E00551D6323F752C1AC1518E.e.9089","ELEMENT":"f.20C66F91A75546181850ABA8914744C8.d.F304A305E00551D6323F752C1AC1518E.e.9089"}]}
COMMAND: GET /session/0c2956f598ca806f9665356f353b70f0/screenshot - {}
RESULT: {}
RESULT: {"script":"<script> [5351 bytes]","args":[{"element-6066-11e4-a52e-4f735466cecf":"f.20C66F91A75546181850ABA8914744C8.d.F304A305E00551D6323F752C1AC1518E.e.9089","ELEMENT":"f.20C66F91A75546181850ABA8914744C8.d.F304A305E00551D6323F752C1AC1518E.e.9089"}]}
COMMAND: GET /session/0c2956f598ca806f9665356f353b70f0/screenshot - {}
RESULT: {}
RESULT: {}
COMMAND: POST /session/0c2956f598ca806f9665356f353b70f0/element - {"using":"xpath","value":"//input[contains(@id ,\"yardId-inner\")]"}
RESULT: {"using":"xpath","value":"//input[contains(@id ,\"yardId-inner\")]"}
COMMAND: POST /session/0c2956f598ca806f9665356f353b70f0/element/f.20C66F91A75546181850ABA8914744C8.d.F304A305E00551D6323F752C1AC1518E.e.9089/value - {"text":"WebdriverYardi7zud"}
RESULT: {"text":"WebdriverYardi7zud"}
COMMAND: GET /session/0c2956f598ca806f9665356f353b70f0/screenshot - {}
RESULT: {}
COMMAND: POST /session/0c2956f598ca806f9665356f353b70f0/actions - {"actions":[{"id":"action48","type":"key","parameters":{},"actions":[{"type":"keyDown","value":""},{"type":"pause","duration":10},{"type":"keyUp","value":""}]}]}
RESULT: {"actions":[{"id":"action48","type":"key","parameters":{},"actions":[{"type":"keyDown","value":""},{"type":"pause","duration":10},{"type":"keyUp","value":""}]}]}
COMMAND: GET /session/0c2956f598ca806f9665356f353b70f0/screenshot - {}
RESULT: {}
COMMAND: POST /session/0c2956f598ca806f9665356f353b70f0/element - {"using":"xpath","value":"//input[contains(@id ,\"customerNumber-inner\")]"}
RESULT: {"using":"xpath","value":"//input[contains(@id ,\"customerNumber-inner\")]"}
COMMAND: POST /session/0c2956f598ca806f9665356f353b70f0/element/f.20C66F91A75546181850ABA8914744C8.d.F304A305E00551D6323F752C1AC1518E.e.9083/value - {"text":"WebdriverPartner4gxjz"}
RESULT: {"text":"WebdriverPartner4gxjz"}
COMMAND: GET /session/0c2956f598ca806f9665356f353b70f0/screenshot - {}
RESULT: {}
COMMAND: POST /session/0c2956f598ca806f9665356f353b70f0/actions - {"actions":[{"id":"action49","type":"key","parameters":{},"actions":[{"type":"keyDown","value":""},{"type":"pause","duration":10},{"type":"keyUp","value":""}]}]}
RESULT: {"actions":[{"id":"action49","type":"key","parameters":{},"actions":[{"type":"keyDown","value":""},{"type":"pause","duration":10},{"type":"keyUp","value":""}]}]}
COMMAND: GET /session/0c2956f598ca806f9665356f353b70f0/screenshot - {}
RESULT: {}
COMMAND: POST /session/0c2956f598ca806f9665356f353b70f0/element - {"using":"xpath","value":"//input[contains(@id ,\"requestSiteId-inner\")]"}
RESULT: {"using":"xpath","value":"//input[contains(@id ,\"requestSiteId-inner\")]"}
COMMAND: POST /session/0c2956f598ca806f9665356f353b70f0/element/f.20C66F91A75546181850ABA8914744C8.d.F304A305E00551D6323F752C1AC1518E.e.9082/value - {"text":"WebdriverSite5136l"}
RESULT: {"text":"WebdriverSite5136l"}
COMMAND: GET /session/0c2956f598ca806f9665356f353b70f0/screenshot - {}
RESULT: {}
COMMAND: POST /session/0c2956f598ca806f9665356f353b70f0/actions - {"actions":[{"id":"action50","type":"key","parameters":{},"actions":[{"type":"keyDown","value":""},{"type":"pause","duration":10},{"type":"keyUp","value":""}]}]}
RESULT: {"actions":[{"id":"action50","type":"key","parameters":{},"actions":[{"type":"keyDown","value":""},{"type":"pause","duration":10},{"type":"keyUp","value":""}]}]}
COMMAND: POST /session/0c2956f598ca806f9665356f353b70f0/execute/async - {"script":"<script> [1562 bytes]","args":[{"selector":{"controlType":"sap.ui.core.Icon","viewName":"etm.portal.ui.managerequests.view.NewRequest","properties":{"src":{"regex":{"source":"add"}}}},"wdio_ui5_key":"etmportal.ui.managerequests.view.NewRequestsap.ui.core.Icon{\"src\":{\"regex\":{\"source\":\"add\"}}}"}]}
COMMAND: GET /session/0c2956f598ca806f9665356f353b70f0/screenshot - {}
RESULT: {"script":"<script> [1562 bytes]","args":[{"selector":{"controlType":"sap.ui.core.Icon","viewName":"etm.portal.ui.managerequests.view.NewRequest","properties":{"src":{"regex":{"source":"add"}}}},"wdio_ui5_key":"etmportal.ui.managerequests.view.NewRequestsap.ui.core.Icon{\"src\":{\"regex\":{\"source\":\"add\"}}}"}]}
RESULT: undefined
COMMAND: POST /session/0c2956f598ca806f9665356f353b70f0/element - {"using":"xpath","value":"//*[@id=\"__xmlview59--btnAddTableRow-img\"]"}
RESULT: {}
RESULT: {"using":"xpath","value":"//*[@id=\"__xmlview59--btnAddTableRow-img\"]"}
COMMAND: POST /session/0c2956f598ca806f9665356f353b70f0/element/f.20C66F91A75546181850ABA8914744C8.d.F304A305E00551D6323F752C1AC1518E.e.9063/click - {}
RESULT: {}
COMMAND: GET /session/0c2956f598ca806f9665356f353b70f0/screenshot - {}
RESULT: {}
COMMAND: POST /session/0c2956f598ca806f9665356f353b70f0/actions - {"actions":[{"id":"action51","type":"key","parameters":{},"actions":[{"type":"keyDown","value":""},{"type":"pause","duration":10},{"type":"keyUp","value":""}]}]}
RESULT: {"actions":[{"id":"action51","type":"key","parameters":{},"actions":[{"type":"keyDown","value":""},{"type":"pause","duration":10},{"type":"keyUp","value":""}]}]}
COMMAND: POST /session/0c2956f598ca806f9665356f353b70f0/actions - {"actions":[{"id":"action52","type":"key","parameters":{},"actions":[{"type":"keyDown","value":""},{"type":"pause","duration":10},{"type":"keyUp","value":""}]}]}
COMMAND: GET /session/0c2956f598ca806f9665356f353b70f0/screenshot - {}
RESULT: {"actions":[{"id":"action52","type":"key","parameters":{},"actions":[{"type":"keyDown","value":""},{"type":"pause","duration":10},{"type":"keyUp","value":""}]}]}
COMMAND: POST /session/0c2956f598ca806f9665356f353b70f0/element - {"using":"xpath","value":"(//input[contains(@id ,\"requestItemsTable-0-inner\")])[1]"}
COMMAND: GET /session/0c2956f598ca806f9665356f353b70f0/screenshot - {}
RESULT: {}
RESULT: {"using":"xpath","value":"(//input[contains(@id ,\"requestItemsTable-0-inner\")])[1]"}
COMMAND: POST /session/0c2956f598ca806f9665356f353b70f0/element/f.20C66F91A75546181850ABA8914744C8.d.F304A305E00551D6323F752C1AC1518E.e.9261/clear - {}
RESULT: {}
RESULT: {}
COMMAND: POST /session/0c2956f598ca806f9665356f353b70f0/element/f.20C66F91A75546181850ABA8914744C8.d.F304A305E00551D6323F752C1AC1518E.e.9261/value - {"text":"catalogItemNameclenu"}
COMMAND: GET /session/0c2956f598ca806f9665356f353b70f0/screenshot - {}
RESULT: {"text":"catalogItemNameclenu"}
COMMAND: GET /session/0c2956f598ca806f9665356f353b70f0/screenshot - {}
RESULT: {}
RESULT: {}
COMMAND: POST /session/0c2956f598ca806f9665356f353b70f0/actions - {"actions":[{"id":"action53","type":"key","parameters":{},"actions":[{"type":"keyDown","value":""},{"type":"pause","duration":10},{"type":"keyUp","value":""}]}]}
RESULT: {"actions":[{"id":"action53","type":"key","parameters":{},"actions":[{"type":"keyDown","value":""},{"type":"pause","duration":10},{"type":"keyUp","value":""}]}]}
COMMAND: GET /session/0c2956f598ca806f9665356f353b70f0/screenshot - {}
RESULT: {}
COMMAND: POST /session/0c2956f598ca806f9665356f353b70f0/execute/async - {"script":"<script> [1562 bytes]","args":[{"selector":{"controlType":"sap.m.Button","viewName":"etm.portal.ui.managerequests.view.NewRequest","i18NText":{"propertyName":"text","key":"requestSpecifications"},"interaction":{"idSuffix":"BDI-content"}},"wdio_ui5_key":"etmportal.ui.managerequests.view.NewRequestsap.m.Button{\"propertyName\":\"text\",\"key\":\"requestSpecifications\"}"}]}
RESULT: {"script":"<script> [1562 bytes]","args":[{"selector":{"controlType":"sap.m.Button","viewName":"etm.portal.ui.managerequests.view.NewRequest","i18NText":{"propertyName":"text","key":"requestSpecifications"},"interaction":{"idSuffix":"BDI-content"}},"wdio_ui5_key":"etmportal.ui.managerequests.view.NewRequestsap.m.Button{\"propertyName\":\"text\",\"key\":\"requestSpecifications\"}"}]}
RESULT: undefined
COMMAND: POST /session/0c2956f598ca806f9665356f353b70f0/element - {"using":"xpath","value":"//*[@id=\"__button78-__xmlview59--requestItemsTable-0\"]"}
RESULT: {"using":"xpath","value":"//*[@id=\"__button78-__xmlview59--requestItemsTable-0\"]"}
COMMAND: POST /session/0c2956f598ca806f9665356f353b70f0/element/f.20C66F91A75546181850ABA8914744C8.d.F304A305E00551D6323F752C1AC1518E.e.9275/click - {}
RESULT: {}
COMMAND: GET /session/0c2956f598ca806f9665356f353b70f0/screenshot - {}
RESULT: {}
COMMAND: POST /session/0c2956f598ca806f9665356f353b70f0/element - {"using":"xpath","value":"//input[@value=\"red\"]"}
RESULT: {"using":"xpath","value":"//input[@value=\"red\"]"}
COMMAND: POST /session/0c2956f598ca806f9665356f353b70f0/elements - {"using":"xpath","value":"//input[@value=\"red\"]"}
RESULT: {"using":"xpath","value":"//input[@value=\"red\"]"}
COMMAND: POST /session/0c2956f598ca806f9665356f353b70f0/execute/async - {"script":"<script> [1562 bytes]","args":[{"selector":{"controlType":"sap.m.Text","viewName":"etm.portal.ui.managerequests.view.NewRequest","bindingPath":{"path":"/currentEntries/0/PROPERTIES/0","propertyPath":"DESCRIPTION","modelName":"techSpecsClassificationModel"},"searchOpenDialogs":true},"wdio_ui5_key":"etmportal.ui.managerequests.view.NewRequestsap.m.Text{\"path\":\"/currentEntries/0/PROPERTIES/0\",\"propertyPath\":\"DESCRIPTION\",\"modelName\":\"techSpecsClassificationModel\"}"}]}
RESULT: {"script":"<script> [1562 bytes]","args":[{"selector":{"controlType":"sap.m.Text","viewName":"etm.portal.ui.managerequests.view.NewRequest","bindingPath":{"path":"/currentEntries/0/PROPERTIES/0","propertyPath":"DESCRIPTION","modelName":"techSpecsClassificationModel"},"searchOpenDialogs":true},"wdio_ui5_key":"etmportal.ui.managerequests.view.NewRequestsap.m.Text{\"path\":\"/currentEntries/0/PROPERTIES/0\",\"propertyPath\":\"DESCRIPTION\",\"modelName\":\"techSpecsClassificationModel\"}"}]}
RESULT: undefined
COMMAND: POST /session/0c2956f598ca806f9665356f353b70f0/execute/async - {"script":"<script> [6424 bytes]","args":[{"element-6066-11e4-a52e-4f735466cecf":"f.20C66F91A75546181850ABA8914744C8.d.F304A305E00551D6323F752C1AC1518E.e.9284"},"getText",[]]}
RESULT: {"script":"<script> [6424 bytes]","args":[{"element-6066-11e4-a52e-4f735466cecf":"f.20C66F91A75546181850ABA8914744C8.d.F304A305E00551D6323F752C1AC1518E.e.9284"},"getText",[]]}
COMMAND: POST /session/0c2956f598ca806f9665356f353b70f0/execute/async - {"script":"<script> [1562 bytes]","args":[{"selector":{"controlType":"sap.ui.core.Icon","viewName":"etm.portal.ui.managerequests.view.NewRequest","properties":{"src":{"regex":{"source":"slim\\-arrow\\-down"}}},"searchOpenDialogs":true},"wdio_ui5_key":"etmportal.ui.managerequests.view.NewRequestsap.ui.core.Icon{\"src\":{\"regex\":{\"source\":\"slim\\\\-arrow\\\\-down\"}}}"}]}
RESULT: {"script":"<script> [1562 bytes]","args":[{"selector":{"controlType":"sap.ui.core.Icon","viewName":"etm.portal.ui.managerequests.view.NewRequest","properties":{"src":{"regex":{"source":"slim\\-arrow\\-down"}}},"searchOpenDialogs":true},"wdio_ui5_key":"etmportal.ui.managerequests.view.NewRequestsap.ui.core.Icon{\"src\":{\"regex\":{\"source\":\"slim\\\\-arrow\\\\-down\"}}}"}]}
RESULT: undefined
COMMAND: POST /session/0c2956f598ca806f9665356f353b70f0/element - {"using":"xpath","value":"//*[@id=\"__box58-arrow\"]"}
RESULT: {"using":"xpath","value":"//*[@id=\"__box58-arrow\"]"}
COMMAND: POST /session/0c2956f598ca806f9665356f353b70f0/element/f.20C66F91A75546181850ABA8914744C8.d.F304A305E00551D6323F752C1AC1518E.e.9285/click - {}
RESULT: {}
COMMAND: POST /session/0c2956f598ca806f9665356f353b70f0/execute/async - {"script":"<script> [1562 bytes]","args":[{"selector":{"controlType":"sap.m.StandardListItem","viewName":"etm.portal.ui.managerequests.view.NewRequest","properties":{"title":"blue"},"searchOpenDialogs":true,"interaction":{"idSuffix":"content"}},"wdio_ui5_key":"etmportal.ui.managerequests.view.NewRequestsap.m.StandardListItem{\"title\":\"blue\"}"}]}
COMMAND: GET /session/0c2956f598ca806f9665356f353b70f0/screenshot - {}
RESULT: {"script":"<script> [1562 bytes]","args":[{"selector":{"controlType":"sap.m.StandardListItem","viewName":"etm.portal.ui.managerequests.view.NewRequest","properties":{"title":"blue"},"searchOpenDialogs":true,"interaction":{"idSuffix":"content"}},"wdio_ui5_key":"etmportal.ui.managerequests.view.NewRequestsap.m.StandardListItem{\"title\":\"blue\"}"}]}
RESULT: undefined
COMMAND: POST /session/0c2956f598ca806f9665356f353b70f0/element - {"using":"xpath","value":"//*[@id=\"__item933\"]"}
RESULT: {}
RESULT: {"using":"xpath","value":"//*[@id=\"__item933\"]"}
COMMAND: POST /session/0c2956f598ca806f9665356f353b70f0/element/f.20C66F91A75546181850ABA8914744C8.d.F304A305E00551D6323F752C1AC1518E.e.9287/click - {}
RESULT: {}
COMMAND: GET /session/0c2956f598ca806f9665356f353b70f0/screenshot - {}
RESULT: {}
COMMAND: POST /session/0c2956f598ca806f9665356f353b70f0/execute/async - {"script":"<script> [1562 bytes]","args":[{"selector":{"id":"saveButton","viewName":"etm.portal.ui.managerequests.view.NewRequest","searchOpenDialogs":true,"interaction":{"idSuffix":"BDI-content"}},"wdio_ui5_key":"saveButtonetmportal.ui.managerequests.view.NewRequest"}]}
RESULT: {"script":"<script> [1562 bytes]","args":[{"selector":{"id":"saveButton","viewName":"etm.portal.ui.managerequests.view.NewRequest","searchOpenDialogs":true,"interaction":{"idSuffix":"BDI-content"}},"wdio_ui5_key":"saveButtonetmportal.ui.managerequests.view.NewRequest"}]}
RESULT: undefined
COMMAND: POST /session/0c2956f598ca806f9665356f353b70f0/element - {"using":"xpath","value":"//*[@id=\"__xmlview59--saveButton\"]"}
RESULT: {"using":"xpath","value":"//*[@id=\"__xmlview59--saveButton\"]"}
COMMAND: POST /session/0c2956f598ca806f9665356f353b70f0/element/f.20C66F91A75546181850ABA8914744C8.d.F304A305E00551D6323F752C1AC1518E.e.9282/click - {}
RESULT: {}
COMMAND: POST /session/0c2956f598ca806f9665356f353b70f0/execute/async - {"script":"<script> [1562 bytes]","args":[{"selector":{"controlType":"sap.ui.core.Icon","viewName":"etm.portal.ui.managerequests.view.NewRequest","properties":{"src":{"regex":{"source":"slim\\-arrow\\-down"}}},"ancestor":{"controlType":"sap.m.Button","viewName":"etm.portal.ui.managerequests.view.NewRequest","properties":{"icon":"sap-icon://slim-arrow-down"}}},"wdio_ui5_key":"etmportal.ui.managerequests.view.NewRequestsap.ui.core.Icon{\"src\":{\"regex\":{\"source\":\"slim\\\\-arrow\\\\-down\"}}}{\"controlType\":\"sap.m.Button\",\"viewName\":\"etm.portal.ui.managerequests.view.NewRequest\",\"properties\":{\"icon\":\"sap-icon://slim-arrow-down\"}}"}]}
COMMAND: GET /session/0c2956f598ca806f9665356f353b70f0/screenshot - {}
RESULT: {"script":"<script> [1562 bytes]","args":[{"selector":{"controlType":"sap.ui.core.Icon","viewName":"etm.portal.ui.managerequests.view.NewRequest","properties":{"src":{"regex":{"source":"slim\\-arrow\\-down"}}},"ancestor":{"controlType":"sap.m.Button","viewName":"etm.portal.ui.managerequests.view.NewRequest","properties":{"icon":"sap-icon://slim-arrow-down"}}},"wdio_ui5_key":"etmportal.ui.managerequests.view.NewRequestsap.ui.core.Icon{\"src\":{\"regex\":{\"source\":\"slim\\\\-arrow\\\\-down\"}}}{\"controlType\":\"sap.m.Button\",\"viewName\":\"etm.portal.ui.managerequests.view.NewRequest\",\"properties\":{\"icon\":\"sap-icon://slim-arrow-down\"}}"}]}
RESULT: undefined
RESULT: {}
COMMAND: POST /session/0c2956f598ca806f9665356f353b70f0/element - {"using":"xpath","value":"//div[contains(@data-kt ,\"splitAllocationObjectStatus\")]"}
RESULT: {"using":"xpath","value":"//div[contains(@data-kt ,\"splitAllocationObjectStatus\")]"}
COMMAND: POST /session/0c2956f598ca806f9665356f353b70f0/elements - {"using":"xpath","value":"//div[contains(@data-kt ,\"splitAllocationObjectStatus\")]"}
RESULT: {"using":"xpath","value":"//div[contains(@data-kt ,\"splitAllocationObjectStatus\")]"}
COMMAND: POST /session/0c2956f598ca806f9665356f353b70f0/execute/async - {"script":"<script> [1562 bytes]","args":[{"selector":{"controlType":"sap.ui.core.Icon","viewName":"etm.portal.ui.managerequests.view.NewRequest","properties":{"src":{"regex":{"source":"message\\-error"}}}},"wdio_ui5_key":"etmportal.ui.managerequests.view.NewRequestsap.ui.core.Icon{\"src\":{\"regex\":{\"source\":\"message\\\\-error\"}}}"}]}
RESULT: {"script":"<script> [1562 bytes]","args":[{"selector":{"controlType":"sap.ui.core.Icon","viewName":"etm.portal.ui.managerequests.view.NewRequest","properties":{"src":{"regex":{"source":"message\\-error"}}}},"wdio_ui5_key":"etmportal.ui.managerequests.view.NewRequestsap.ui.core.Icon{\"src\":{\"regex\":{\"source\":\"message\\\\-error\"}}}"}]}
RESULT: undefined
COMMAND: POST /session/0c2956f598ca806f9665356f353b70f0/element - {"using":"xpath","value":"//*[@id=\"__status4-__xmlview59--requestItemsTable-0-icon\"]"}
RESULT: {"using":"xpath","value":"//*[@id=\"__status4-__xmlview59--requestItemsTable-0-icon\"]"}
COMMAND: POST /session/0c2956f598ca806f9665356f353b70f0/element/f.20C66F91A75546181850ABA8914744C8.d.F304A305E00551D6323F752C1AC1518E.e.9290/click - {}
RESULT: {}
COMMAND: POST /session/0c2956f598ca806f9665356f353b70f0/execute/async - {"script":"<script> [1562 bytes]","args":[{"selector":{"controlType":"sap.ui.core.Icon","viewName":"etm.portal.ui.managerequests.view.NewRequest","properties":{"src":{"regex":{"source":"slim\\-arrow\\-down"}}},"searchOpenDialogs":true,"ancestor":{"id":"costObjectAdminTypeComboBox","viewName":"etm.portal.ui.managerequests.view.NewRequest","searchOpenDialogs":true}},"wdio_ui5_key":"etmportal.ui.managerequests.view.NewRequestsap.ui.core.Icon{\"src\":{\"regex\":{\"source\":\"slim\\\\-arrow\\\\-down\"}}}{\"id\":\"costObjectAdminTypeComboBox\",\"viewName\":\"etm.portal.ui.managerequests.view.NewRequest\",\"searchOpenDialogs\":true}"}]}
COMMAND: GET /session/0c2956f598ca806f9665356f353b70f0/screenshot - {}
RESULT: {"script":"<script> [1562 bytes]","args":[{"selector":{"controlType":"sap.ui.core.Icon","viewName":"etm.portal.ui.managerequests.view.NewRequest","properties":{"src":{"regex":{"source":"slim\\-arrow\\-down"}}},"searchOpenDialogs":true,"ancestor":{"id":"costObjectAdminTypeComboBox","viewName":"etm.portal.ui.managerequests.view.NewRequest","searchOpenDialogs":true}},"wdio_ui5_key":"etmportal.ui.managerequests.view.NewRequestsap.ui.core.Icon{\"src\":{\"regex\":{\"source\":\"slim\\\\-arrow\\\\-down\"}}}{\"id\":\"costObjectAdminTypeComboBox\",\"viewName\":\"etm.portal.ui.managerequests.view.NewRequest\",\"searchOpenDialogs\":true}"}]}
RESULT: undefined
COMMAND: POST /session/0c2956f598ca806f9665356f353b70f0/element - {"using":"xpath","value":"//*[@id=\"__xmlview59--costObjectAdminTypeComboBox-arrow\"]"}
RESULT: {}
RESULT: {"using":"xpath","value":"//*[@id=\"__xmlview59--costObjectAdminTypeComboBox-arrow\"]"}
COMMAND: POST /session/0c2956f598ca806f9665356f353b70f0/element/f.20C66F91A75546181850ABA8914744C8.d.F304A305E00551D6323F752C1AC1518E.e.9294/click - {}
RESULT: {}
COMMAND: POST /session/0c2956f598ca806f9665356f353b70f0/execute/async - {"script":"<script> [1562 bytes]","args":[{"selector":{"controlType":"sap.m.StandardListItem","viewName":"etm.portal.ui.managerequests.view.NewRequest","properties":{"title":"Cost Center"},"searchOpenDialogs":true,"interaction":{"idSuffix":"titleText"}},"wdio_ui5_key":"etmportal.ui.managerequests.view.NewRequestsap.m.StandardListItem{\"title\":\"Cost Center\"}"}]}
COMMAND: GET /session/0c2956f598ca806f9665356f353b70f0/screenshot - {}
RESULT: {"script":"<script> [1562 bytes]","args":[{"selector":{"controlType":"sap.m.StandardListItem","viewName":"etm.portal.ui.managerequests.view.NewRequest","properties":{"title":"Cost Center"},"searchOpenDialogs":true,"interaction":{"idSuffix":"titleText"}},"wdio_ui5_key":"etmportal.ui.managerequests.view.NewRequestsap.m.StandardListItem{\"title\":\"Cost Center\"}"}]}
RESULT: undefined
COMMAND: POST /session/0c2956f598ca806f9665356f353b70f0/element - {"using":"xpath","value":"//*[@id=\"__item936\"]"}
RESULT: {}
RESULT: {"using":"xpath","value":"//*[@id=\"__item936\"]"}
COMMAND: POST /session/0c2956f598ca806f9665356f353b70f0/element/f.20C66F91A75546181850ABA8914744C8.d.F304A305E00551D6323F752C1AC1518E.e.9297/click - {}
RESULT: {}
COMMAND: POST /session/0c2956f598ca806f9665356f353b70f0/execute/async - {"script":"<script> [1562 bytes]","args":[{"selector":{"controlType":"sap.ui.core.Icon","viewName":"etm.portal.ui.managerequests.view.NewRequest","properties":{"src":{"regex":{"source":"value\\-help"}}},"searchOpenDialogs":true},"wdio_ui5_key":"etmportal.ui.managerequests.view.NewRequestsap.ui.core.Icon{\"src\":{\"regex\":{\"source\":\"value\\\\-help\"}}}"}]}
COMMAND: GET /session/0c2956f598ca806f9665356f353b70f0/screenshot - {}
RESULT: {"script":"<script> [1562 bytes]","args":[{"selector":{"controlType":"sap.ui.core.Icon","viewName":"etm.portal.ui.managerequests.view.NewRequest","properties":{"src":{"regex":{"source":"value\\-help"}}},"searchOpenDialogs":true},"wdio_ui5_key":"etmportal.ui.managerequests.view.NewRequestsap.ui.core.Icon{\"src\":{\"regex\":{\"source\":\"value\\\\-help\"}}}"}]}
RESULT: undefined
COMMAND: POST /session/0c2956f598ca806f9665356f353b70f0/element - {"using":"xpath","value":"//*[@id=\"__xmlview59--costObjectIdComboBox-vhi\"]"}
RESULT: {}
RESULT: {"using":"xpath","value":"//*[@id=\"__xmlview59--costObjectIdComboBox-vhi\"]"}
COMMAND: POST /session/0c2956f598ca806f9665356f353b70f0/element/f.20C66F91A75546181850ABA8914744C8.d.F304A305E00551D6323F752C1AC1518E.e.9300/click - {}
RESULT: {}
COMMAND: POST /session/0c2956f598ca806f9665356f353b70f0/execute/async - {"script":"<script> [1562 bytes]","args":[{"selector":{"controlType":"sap.m.SearchField","properties":{"placeholder":"Search"},"searchOpenDialogs":true,"interaction":{"idSuffix":"I"}},"wdio_ui5_key":"sapm.SearchField{\"placeholder\":\"Search\"}"}]}
COMMAND: GET /session/0c2956f598ca806f9665356f353b70f0/screenshot - {}
RESULT: {"script":"<script> [1562 bytes]","args":[{"selector":{"controlType":"sap.m.SearchField","properties":{"placeholder":"Search"},"searchOpenDialogs":true,"interaction":{"idSuffix":"I"}},"wdio_ui5_key":"sapm.SearchField{\"placeholder\":\"Search\"}"}]}
RESULT: undefined
COMMAND: POST /session/0c2956f598ca806f9665356f353b70f0/execute/async - {"script":"<script> [776 bytes]","args":[{"enterText":"10001010","selector":{"controlType":"sap.m.SearchField","properties":{"placeholder":"Search"},"searchOpenDialogs":true,"interaction":{"idSuffix":"I"}},"clearTextFirst":true,"interactionType":"ENTER_TEXT"}]}
RESULT: {}
RESULT: {"script":"<script> [776 bytes]","args":[{"enterText":"10001010","selector":{"controlType":"sap.m.SearchField","properties":{"placeholder":"Search"},"searchOpenDialogs":true,"interaction":{"idSuffix":"I"}},"clearTextFirst":true,"interactionType":"ENTER_TEXT"}]}
COMMAND: POST /session/0c2956f598ca806f9665356f353b70f0/actions - {"actions":[{"id":"action54","type":"key","parameters":{},"actions":[{"type":"keyDown","value":""},{"type":"pause","duration":10},{"type":"keyUp","value":""}]}]}
RESULT: {"actions":[{"id":"action54","type":"key","parameters":{},"actions":[{"type":"keyDown","value":""},{"type":"pause","duration":10},{"type":"keyUp","value":""}]}]}
COMMAND: GET /session/0c2956f598ca806f9665356f353b70f0/screenshot - {}
RESULT: {}
COMMAND: POST /session/0c2956f598ca806f9665356f353b70f0/execute/async - {"script":"<script> [1562 bytes]","args":[{"selector":{"controlType":"sap.m.Text","bindingPath":{"path":"/C_CostCtrValueHelp(CostCenter='10001010',ControllingArea='Z001')","propertyPath":"CostCenterName","modelName":"CostCenterModel"},"searchOpenDialogs":true},"wdio_ui5_key":"sapm.Text{\"path\":\"/C_CostCtrValueHelp(CostCenter='10001010',ControllingArea='Z001')\",\"propertyPath\":\"CostCenterName\",\"modelName\":\"CostCenterModel\"}"}]}
RESULT: {"script":"<script> [1562 bytes]","args":[{"selector":{"controlType":"sap.m.Text","bindingPath":{"path":"/C_CostCtrValueHelp(CostCenter='10001010',ControllingArea='Z001')","propertyPath":"CostCenterName","modelName":"CostCenterModel"},"searchOpenDialogs":true},"wdio_ui5_key":"sapm.Text{\"path\":\"/C_CostCtrValueHelp(CostCenter='10001010',ControllingArea='Z001')\",\"propertyPath\":\"CostCenterName\",\"modelName\":\"CostCenterModel\"}"}]}
RESULT: undefined
COMMAND: POST /session/0c2956f598ca806f9665356f353b70f0/element - {"using":"xpath","value":"//*[@id=\"__text543-__clone1157\"]"}
RESULT: {"using":"xpath","value":"//*[@id=\"__text543-__clone1157\"]"}
COMMAND: POST /session/0c2956f598ca806f9665356f353b70f0/element/f.20C66F91A75546181850ABA8914744C8.d.F304A305E00551D6323F752C1AC1518E.e.9340/click - {}
RESULT: {}
COMMAND: POST /session/0c2956f598ca806f9665356f353b70f0/execute/async - {"script":"<script> [1562 bytes]","args":[{"selector":{"controlType":"sap.m.Button","properties":{"text":"OK"},"searchOpenDialogs":true,"interaction":{"idSuffix":"BDI-content"}},"wdio_ui5_key":"sapm.Button{\"text\":\"OK\"}"}]}
COMMAND: GET /session/0c2956f598ca806f9665356f353b70f0/screenshot - {}
RESULT: {"script":"<script> [1562 bytes]","args":[{"selector":{"controlType":"sap.m.Button","properties":{"text":"OK"},"searchOpenDialogs":true,"interaction":{"idSuffix":"BDI-content"}},"wdio_ui5_key":"sapm.Button{\"text\":\"OK\"}"}]}
RESULT: undefined
COMMAND: POST /session/0c2956f598ca806f9665356f353b70f0/element - {"using":"xpath","value":"//*[@id=\"__dialog2-ok\"]"}
RESULT: {}
RESULT: {"using":"xpath","value":"//*[@id=\"__dialog2-ok\"]"}
COMMAND: POST /session/0c2956f598ca806f9665356f353b70f0/element/f.20C66F91A75546181850ABA8914744C8.d.F304A305E00551D6323F752C1AC1518E.e.9342/click - {}
RESULT: {}
COMMAND: GET /session/0c2956f598ca806f9665356f353b70f0/screenshot - {}
RESULT: {}
COMMAND: POST /session/0c2956f598ca806f9665356f353b70f0/execute/async - {"script":"<script> [1562 bytes]","args":[{"selector":{"controlType":"sap.m.Button","viewName":"etm.portal.ui.managerequests.view.NewRequest","i18NText":{"propertyName":"text","key":"save"},"searchOpenDialogs":true,"interaction":{"idSuffix":"BDI-content"}},"wdio_ui5_key":"etmportal.ui.managerequests.view.NewRequestsap.m.Button{\"propertyName\":\"text\",\"key\":\"save\"}"}]}
RESULT: {"script":"<script> [1562 bytes]","args":[{"selector":{"controlType":"sap.m.Button","viewName":"etm.portal.ui.managerequests.view.NewRequest","i18NText":{"propertyName":"text","key":"save"},"searchOpenDialogs":true,"interaction":{"idSuffix":"BDI-content"}},"wdio_ui5_key":"etmportal.ui.managerequests.view.NewRequestsap.m.Button{\"propertyName\":\"text\",\"key\":\"save\"}"}]}
RESULT: undefined
COMMAND: POST /session/0c2956f598ca806f9665356f353b70f0/element - {"using":"xpath","value":"//*[@id=\"__button91\"]"}
RESULT: {"using":"xpath","value":"//*[@id=\"__button91\"]"}
COMMAND: POST /session/0c2956f598ca806f9665356f353b70f0/element/f.20C66F91A75546181850ABA8914744C8.d.F304A305E00551D6323F752C1AC1518E.e.9346/click - {}
RESULT: {}
COMMAND: GET /session/0c2956f598ca806f9665356f353b70f0/screenshot - {}
RESULT: {}
COMMAND: POST /session/0c2956f598ca806f9665356f353b70f0/execute/async - {"script":"<script> [1562 bytes]","args":[{"selector":{"controlType":"sap.m.Button","viewName":"etm.portal.ui.managerequests.view.NewRequest","i18NText":{"propertyName":"tooltip","key":"save"},"interaction":{"idSuffix":"content"}},"wdio_ui5_key":"etmportal.ui.managerequests.view.NewRequestsap.m.Button{\"propertyName\":\"tooltip\",\"key\":\"save\"}"}]}
RESULT: {"script":"<script> [1562 bytes]","args":[{"selector":{"controlType":"sap.m.Button","viewName":"etm.portal.ui.managerequests.view.NewRequest","i18NText":{"propertyName":"tooltip","key":"save"},"interaction":{"idSuffix":"content"}},"wdio_ui5_key":"etmportal.ui.managerequests.view.NewRequestsap.m.Button{\"propertyName\":\"tooltip\",\"key\":\"save\"}"}]}
RESULT: undefined
COMMAND: POST /session/0c2956f598ca806f9665356f353b70f0/element - {"using":"xpath","value":"//*[@id=\"__button80\"]"}
RESULT: {"using":"xpath","value":"//*[@id=\"__button80\"]"}
COMMAND: POST /session/0c2956f598ca806f9665356f353b70f0/element/f.20C66F91A75546181850ABA8914744C8.d.F304A305E00551D6323F752C1AC1518E.e.9188/click - {}
RESULT: {}
COMMAND: GET /session/0c2956f598ca806f9665356f353b70f0/screenshot - {}
RESULT: {}
COMMAND: POST /session/0c2956f598ca806f9665356f353b70f0/execute/async - {"script":"<script> [1562 bytes]","args":[{"selector":{"controlType":"sap.m.Title","properties":{"text":"Success"},"searchOpenDialogs":true},"wdio_ui5_key":"sapm.Title{\"text\":\"Success\"}"}]}
RESULT: {"script":"<script> [1562 bytes]","args":[{"selector":{"controlType":"sap.m.Title","properties":{"text":"Success"},"searchOpenDialogs":true},"wdio_ui5_key":"sapm.Title{\"text\":\"Success\"}"}]}
RESULT: undefined
COMMAND: POST /session/0c2956f598ca806f9665356f353b70f0/execute/async - {"script":"<script> [6424 bytes]","args":[{"element-6066-11e4-a52e-4f735466cecf":"f.20C66F91A75546181850ABA8914744C8.d.F304A305E00551D6323F752C1AC1518E.e.9351"},"getText",[]]}
RESULT: {"script":"<script> [6424 bytes]","args":[{"element-6066-11e4-a52e-4f735466cecf":"f.20C66F91A75546181850ABA8914744C8.d.F304A305E00551D6323F752C1AC1518E.e.9351"},"getText",[]]}
COMMAND: POST /session/0c2956f598ca806f9665356f353b70f0/execute/async - {"script":"<script> [1562 bytes]","args":[{"selector":{"controlType":"sap.m.Button","properties":{"text":"Close"},"searchOpenDialogs":true,"interaction":{"idSuffix":"BDI-content"}},"wdio_ui5_key":"sapm.Button{\"text\":\"Close\"}"}]}
RESULT: {"script":"<script> [1562 bytes]","args":[{"selector":{"controlType":"sap.m.Button","properties":{"text":"Close"},"searchOpenDialogs":true,"interaction":{"idSuffix":"BDI-content"}},"wdio_ui5_key":"sapm.Button{\"text\":\"Close\"}"}]}
RESULT: undefined
COMMAND: POST /session/0c2956f598ca806f9665356f353b70f0/element - {"using":"xpath","value":"//*[@id=\"__mbox-btn-0\"]"}
RESULT: {"using":"xpath","value":"//*[@id=\"__mbox-btn-0\"]"}
COMMAND: POST /session/0c2956f598ca806f9665356f353b70f0/element/f.20C66F91A75546181850ABA8914744C8.d.F304A305E00551D6323F752C1AC1518E.e.9350/click - {}
RESULT: {}
COMMAND: GET /session/0c2956f598ca806f9665356f353b70f0/screenshot - {}
RESULT: {}
COMMAND: POST /session/0c2956f598ca806f9665356f353b70f0/execute/async - {"script":"<script> [1562 bytes]","args":[{"selector":{"controlType":"sap.m.Button","viewName":"etm.portal.ui.managerequests.view.Detail","i18NText":{"propertyName":"text","key":"requestSpecifications"},"interaction":{"idSuffix":"BDI-content"}},"wdio_ui5_key":"etmportal.ui.managerequests.view.Detailsap.m.Button{\"propertyName\":\"text\",\"key\":\"requestSpecifications\"}"}]}
RESULT: {"script":"<script> [1562 bytes]","args":[{"selector":{"controlType":"sap.m.Button","viewName":"etm.portal.ui.managerequests.view.Detail","i18NText":{"propertyName":"text","key":"requestSpecifications"},"interaction":{"idSuffix":"BDI-content"}},"wdio_ui5_key":"etmportal.ui.managerequests.view.Detailsap.m.Button{\"propertyName\":\"text\",\"key\":\"requestSpecifications\"}"}]}
RESULT: undefined
COMMAND: POST /session/0c2956f598ca806f9665356f353b70f0/element - {"using":"xpath","value":"//*[@id=\"__button107-__clone1196\"]"}
RESULT: {"using":"xpath","value":"//*[@id=\"__button107-__clone1196\"]"}
COMMAND: POST /session/0c2956f598ca806f9665356f353b70f0/element/f.20C66F91A75546181850ABA8914744C8.d.F304A305E00551D6323F752C1AC1518E.e.9475/click - {}
RESULT: {}
COMMAND: GET /session/0c2956f598ca806f9665356f353b70f0/screenshot - {}
RESULT: {}
COMMAND: POST /session/0c2956f598ca806f9665356f353b70f0/element - {"using":"xpath","value":"//input[@value=\"blue\"]"}
RESULT: {"using":"xpath","value":"//input[@value=\"blue\"]"}
COMMAND: POST /session/0c2956f598ca806f9665356f353b70f0/elements - {"using":"xpath","value":"//input[@value=\"blue\"]"}
RESULT: {"using":"xpath","value":"//input[@value=\"blue\"]"}
COMMAND: POST /session/0c2956f598ca806f9665356f353b70f0/execute/async - {"script":"<script> [1562 bytes]","args":[{"selector":{"id":"cancelRequestSpecificationsButton","viewName":"etm.portal.ui.managerequests.view.Detail","searchOpenDialogs":true,"interaction":{"idSuffix":"BDI-content"}},"wdio_ui5_key":"cancelRequestSpecificationsButtonetmportal.ui.managerequests.view.Detail"}]}
RESULT: {"script":"<script> [1562 bytes]","args":[{"selector":{"id":"cancelRequestSpecificationsButton","viewName":"etm.portal.ui.managerequests.view.Detail","searchOpenDialogs":true,"interaction":{"idSuffix":"BDI-content"}},"wdio_ui5_key":"cancelRequestSpecificationsButtonetmportal.ui.managerequests.view.Detail"}]}
RESULT: undefined
COMMAND: POST /session/0c2956f598ca806f9665356f353b70f0/element - {"using":"xpath","value":"//*[@id=\"__xmlview60--cancelRequestSpecificationsButton\"]"}
RESULT: {"using":"xpath","value":"//*[@id=\"__xmlview60--cancelRequestSpecificationsButton\"]"}
COMMAND: POST /session/0c2956f598ca806f9665356f353b70f0/element/f.20C66F91A75546181850ABA8914744C8.d.F304A305E00551D6323F752C1AC1518E.e.9479/click - {}
RESULT: {}
COMMAND: POST /session/0c2956f598ca806f9665356f353b70f0/element - {"using":"css selector","value":"#shell-header-logo"}
COMMAND: GET /session/0c2956f598ca806f9665356f353b70f0/screenshot - {}
RESULT: {"using":"css selector","value":"#shell-header-logo"}
COMMAND: POST /session/0c2956f598ca806f9665356f353b70f0/element/f.20C66F91A75546181850ABA8914744C8.d.F304A305E00551D6323F752C1AC1518E.e.8799/click - {}
RESULT: {}
RESULT: {}
COMMAND: GET /session/0c2956f598ca806f9665356f353b70f0/screenshot - {}
RESULT: {}
]]></system-out>
    </testcase>
  </testsuite>
  <testsuite timestamp="2025-04-17T06:13:34" time="301.673" tests="3" failures="0" errors="0" skipped="0">
    <properties>
      <property name="specId" value="0"/>
      <property name="suiteName" value="Reserve/Unreserve request item via reserve option US139161"/>
      <property name="capabilities" value="chrome.135_0_7049_42.windows"/>
      <property name="file" value="file:///D:/a/1/s/test/specs/R2C/reserve-unreserve-request-item-via-reserve-option.spec.js"/>
    </properties>
    <testcase classname="chrome.135_0_7049_42.windows.Reserve/Unreserve_request_item_via_reserve_option_US139161" name="Should add the material to the catalog item" time="51.71">
      <system-out><![CDATA[
COMMAND: POST /session/0c2956f598ca806f9665356f353b70f0/element - {"using":"xpath","value":"//*[contains(@href, 'etm.portal.ui.managecatalogs')]"}
RESULT: {"using":"xpath","value":"//*[contains(@href, 'etm.portal.ui.managecatalogs')]"}
COMMAND: POST /session/0c2956f598ca806f9665356f353b70f0/element/f.20C66F91A75546181850ABA8914744C8.d.F304A305E00551D6323F752C1AC1518E.e.9486/click - {}
RESULT: {}
COMMAND: GET /session/0c2956f598ca806f9665356f353b70f0/screenshot - {}
RESULT: {}
COMMAND: POST /session/0c2956f598ca806f9665356f353b70f0/execute/async - {"script":"<script> [1562 bytes]","args":[{"selector":{"controlType":"sap.m.Text","viewName":"etm.portal.ui.managecatalogs.view.MasterCatalogs","viewId":"application-managecatalogs-display-component---masterCatalogs","bindingPath":{"path":"/Catalogs('0D7502D073D53A0F1700BE067B89AFF9')","propertyPath":"DESCRIPTION","modelName":"catalogModel"}},"wdio_ui5_key":"etmportal.ui.managecatalogs.view.MasterCatalogssap.m.Text{\"path\":\"/Catalogs('0D7502D073D53A0F1700BE067B89AFF9')\",\"propertyPath\":\"DESCRIPTION\",\"modelName\":\"catalogModel\"}"}]}
RESULT: {"script":"<script> [1562 bytes]","args":[{"selector":{"controlType":"sap.m.Text","viewName":"etm.portal.ui.managecatalogs.view.MasterCatalogs","viewId":"application-managecatalogs-display-component---masterCatalogs","bindingPath":{"path":"/Catalogs('0D7502D073D53A0F1700BE067B89AFF9')","propertyPath":"DESCRIPTION","modelName":"catalogModel"}},"wdio_ui5_key":"etmportal.ui.managecatalogs.view.MasterCatalogssap.m.Text{\"path\":\"/Catalogs('0D7502D073D53A0F1700BE067B89AFF9')\",\"propertyPath\":\"DESCRIPTION\",\"modelName\":\"catalogModel\"}"}]}
RESULT: undefined
COMMAND: POST /session/0c2956f598ca806f9665356f353b70f0/element - {"using":"xpath","value":"//*[@id=\"__text678-application-managecatalogs-display-component---masterCatalogs--CatalogsTable-11\"]"}
RESULT: {"using":"xpath","value":"//*[@id=\"__text678-application-managecatalogs-display-component---masterCatalogs--CatalogsTable-11\"]"}
COMMAND: POST /session/0c2956f598ca806f9665356f353b70f0/element/f.20C66F91A75546181850ABA8914744C8.d.F304A305E00551D6323F752C1AC1518E.e.9557/click - {}
RESULT: {}
RESULT: undefined
COMMAND: POST /session/0c2956f598ca806f9665356f353b70f0/execute/async - {"script":"<script> [776 bytes]","args":[{"enterText":"catalogItem6knn4","selector":{"id":"application-managecatalogs-display-component---masterCatalogItems--searchItemsField","interaction":{"idSuffix":"I"}},"clearTextFirst":true,"interactionType":"ENTER_TEXT"}]}
COMMAND: GET /session/0c2956f598ca806f9665356f353b70f0/screenshot - {}
RESULT: {"script":"<script> [776 bytes]","args":[{"enterText":"catalogItem6knn4","selector":{"id":"application-managecatalogs-display-component---masterCatalogItems--searchItemsField","interaction":{"idSuffix":"I"}},"clearTextFirst":true,"interactionType":"ENTER_TEXT"}]}
COMMAND: POST /session/0c2956f598ca806f9665356f353b70f0/actions - {"actions":[{"id":"action55","type":"key","parameters":{},"actions":[{"type":"keyDown","value":""},{"type":"pause","duration":10},{"type":"keyUp","value":""}]}]}
RESULT: {}
RESULT: {"actions":[{"id":"action55","type":"key","parameters":{},"actions":[{"type":"keyDown","value":""},{"type":"pause","duration":10},{"type":"keyUp","value":""}]}]}
COMMAND: POST /session/0c2956f598ca806f9665356f353b70f0/element - {"using":"xpath","value":"(//span[contains(text(), \"catalogItem6knn4\")])[1]"}
COMMAND: GET /session/0c2956f598ca806f9665356f353b70f0/screenshot - {}
RESULT: {"using":"xpath","value":"(//span[contains(text(), \"catalogItem6knn4\")])[1]"}
COMMAND: POST /session/0c2956f598ca806f9665356f353b70f0/element/f.20C66F91A75546181850ABA8914744C8.d.F304A305E00551D6323F752C1AC1518E.e.9595/click - {}
RESULT: {}
RESULT: {}
COMMAND: GET /session/0c2956f598ca806f9665356f353b70f0/screenshot - {}
RESULT: {}
COMMAND: POST /session/0c2956f598ca806f9665356f353b70f0/element - {"using":"xpath","value":"//*[contains(@id ,\"BDI-content\")][contains(text(), \"Edit\")]"}
RESULT: {"using":"xpath","value":"//*[contains(@id ,\"BDI-content\")][contains(text(), \"Edit\")]"}
COMMAND: POST /session/0c2956f598ca806f9665356f353b70f0/element/f.20C66F91A75546181850ABA8914744C8.d.F304A305E00551D6323F752C1AC1518E.e.9675/click - {}
RESULT: {}
COMMAND: GET /session/0c2956f598ca806f9665356f353b70f0/screenshot - {}
RESULT: {}
COMMAND: POST /session/0c2956f598ca806f9665356f353b70f0/element - {"using":"xpath","value":"//bdi[contains(text(), \"Assigned Resources\")]"}
RESULT: {"using":"xpath","value":"//bdi[contains(text(), \"Assigned Resources\")]"}
COMMAND: POST /session/0c2956f598ca806f9665356f353b70f0/element/f.20C66F91A75546181850ABA8914744C8.d.F304A305E00551D6323F752C1AC1518E.e.9695/click - {}
RESULT: {}
COMMAND: GET /session/0c2956f598ca806f9665356f353b70f0/screenshot - {}
RESULT: {}
COMMAND: POST /session/0c2956f598ca806f9665356f353b70f0/element - {"using":"xpath","value":"//button[contains(@data-kt ,\"catalogItemAssignRuButton\")]"}
RESULT: {"using":"xpath","value":"//button[contains(@data-kt ,\"catalogItemAssignRuButton\")]"}
COMMAND: POST /session/0c2956f598ca806f9665356f353b70f0/element/f.20C66F91A75546181850ABA8914744C8.d.F304A305E00551D6323F752C1AC1518E.e.9701/click - {}
RESULT: {}
COMMAND: GET /session/0c2956f598ca806f9665356f353b70f0/screenshot - {}
RESULT: {}
COMMAND: POST /session/0c2956f598ca806f9665356f353b70f0/actions - {"actions":[{"id":"action56","type":"key","parameters":{},"actions":[{"type":"keyDown","value":""},{"type":"pause","duration":10},{"type":"keyUp","value":""}]}]}
RESULT: {"actions":[{"id":"action56","type":"key","parameters":{},"actions":[{"type":"keyDown","value":""},{"type":"pause","duration":10},{"type":"keyUp","value":""}]}]}
COMMAND: GET /session/0c2956f598ca806f9665356f353b70f0/screenshot - {}
RESULT: {}
COMMAND: POST /session/0c2956f598ca806f9665356f353b70f0/execute/async - {"script":"<script> [1562 bytes]","args":[{"selector":{"id":"application-managecatalogs-display-component---detailCatalog--assignRUSearchField-vhi","searchOpenDialogs":true},"wdio_ui5_key":"applicationmanagecatalogs-display-component---detailCatalog--assignRUSearchField-vhi"}]}
RESULT: {"script":"<script> [1562 bytes]","args":[{"selector":{"id":"application-managecatalogs-display-component---detailCatalog--assignRUSearchField-vhi","searchOpenDialogs":true},"wdio_ui5_key":"applicationmanagecatalogs-display-component---detailCatalog--assignRUSearchField-vhi"}]}
RESULT: undefined
COMMAND: POST /session/0c2956f598ca806f9665356f353b70f0/element - {"using":"xpath","value":"//*[@id=\"application-managecatalogs-display-component---detailCatalog--assignRUSearchField-vhi\"]"}
RESULT: {"using":"xpath","value":"//*[@id=\"application-managecatalogs-display-component---detailCatalog--assignRUSearchField-vhi\"]"}
COMMAND: POST /session/0c2956f598ca806f9665356f353b70f0/element/f.20C66F91A75546181850ABA8914744C8.d.F304A305E00551D6323F752C1AC1518E.e.9719/click - {}
RESULT: {}
COMMAND: GET /session/0c2956f598ca806f9665356f353b70f0/screenshot - {}
RESULT: {}
COMMAND: POST /session/0c2956f598ca806f9665356f353b70f0/element - {"using":"xpath","value":"//input[contains(@id ,\"searchField-I\")]"}
RESULT: {"using":"xpath","value":"//input[contains(@id ,\"searchField-I\")]"}
COMMAND: POST /session/0c2956f598ca806f9665356f353b70f0/element/f.20C66F91A75546181850ABA8914744C8.d.F304A305E00551D6323F752C1AC1518E.e.9721/clear - {}
RESULT: {}
COMMAND: POST /session/0c2956f598ca806f9665356f353b70f0/element/f.20C66F91A75546181850ABA8914744C8.d.F304A305E00551D6323F752C1AC1518E.e.9721/value - {"text":"WebdriverRUR2C35a5x"}
COMMAND: GET /session/0c2956f598ca806f9665356f353b70f0/screenshot - {}
RESULT: {"text":"WebdriverRUR2C35a5x"}
COMMAND: GET /session/0c2956f598ca806f9665356f353b70f0/screenshot - {}
RESULT: {}
RESULT: {}
COMMAND: POST /session/0c2956f598ca806f9665356f353b70f0/actions - {"actions":[{"id":"action57","type":"key","parameters":{},"actions":[{"type":"keyDown","value":""},{"type":"pause","duration":10},{"type":"keyUp","value":""}]}]}
RESULT: {"actions":[{"id":"action57","type":"key","parameters":{},"actions":[{"type":"keyDown","value":""},{"type":"pause","duration":10},{"type":"keyUp","value":""}]}]}
COMMAND: GET /session/0c2956f598ca806f9665356f353b70f0/screenshot - {}
RESULT: {}
COMMAND: POST /session/0c2956f598ca806f9665356f353b70f0/actions - {"actions":[{"id":"action58","type":"key","parameters":{},"actions":[{"type":"keyDown","value":""},{"type":"pause","duration":10},{"type":"keyUp","value":""}]}]}
RESULT: {"actions":[{"id":"action58","type":"key","parameters":{},"actions":[{"type":"keyDown","value":""},{"type":"pause","duration":10},{"type":"keyUp","value":""}]}]}
COMMAND: GET /session/0c2956f598ca806f9665356f353b70f0/screenshot - {}
RESULT: {}
COMMAND: POST /session/0c2956f598ca806f9665356f353b70f0/actions - {"actions":[{"id":"action59","type":"key","parameters":{},"actions":[{"type":"keyDown","value":""},{"type":"pause","duration":10},{"type":"keyUp","value":""}]}]}
RESULT: {"actions":[{"id":"action59","type":"key","parameters":{},"actions":[{"type":"keyDown","value":""},{"type":"pause","duration":10},{"type":"keyUp","value":""}]}]}
COMMAND: GET /session/0c2956f598ca806f9665356f353b70f0/screenshot - {}
RESULT: {}
COMMAND: POST /session/0c2956f598ca806f9665356f353b70f0/element - {"using":"xpath","value":"//bdi[contains(@id ,\"application-managecatalogs-display-component---detailCatalog--RUAssignmentSaveButton-BDI-content\")]"}
RESULT: {"using":"xpath","value":"//bdi[contains(@id ,\"application-managecatalogs-display-component---detailCatalog--RUAssignmentSaveButton-BDI-content\")]"}
COMMAND: POST /session/0c2956f598ca806f9665356f353b70f0/element/f.20C66F91A75546181850ABA8914744C8.d.F304A305E00551D6323F752C1AC1518E.e.9736/click - {}
RESULT: {}
COMMAND: GET /session/0c2956f598ca806f9665356f353b70f0/screenshot - {}
RESULT: {}
COMMAND: POST /session/0c2956f598ca806f9665356f353b70f0/element - {"using":"xpath","value":"//bdi[contains(text(), \"Save\")]"}
RESULT: {"using":"xpath","value":"//bdi[contains(text(), \"Save\")]"}
COMMAND: POST /session/0c2956f598ca806f9665356f353b70f0/element/f.20C66F91A75546181850ABA8914744C8.d.F304A305E00551D6323F752C1AC1518E.e.9767/click - {}
RESULT: {}
COMMAND: GET /session/0c2956f598ca806f9665356f353b70f0/screenshot - {}
RESULT: {}
COMMAND: POST /session/0c2956f598ca806f9665356f353b70f0/element - {"using":"css selector","value":"#shell-header-logo"}
RESULT: {"using":"css selector","value":"#shell-header-logo"}
COMMAND: POST /session/0c2956f598ca806f9665356f353b70f0/element/f.20C66F91A75546181850ABA8914744C8.d.F304A305E00551D6323F752C1AC1518E.e.9490/click - {}
RESULT: {}
COMMAND: GET /session/0c2956f598ca806f9665356f353b70f0/screenshot - {}
]]></system-out>
    </testcase>
    <testcase classname="chrome.135_0_7049_42.windows.Reserve/Unreserve_request_item_via_reserve_option_US139161" name="Should create a new request with a catalog item that can be planned" time="153.922">
      <system-out><![CDATA[
COMMAND: POST /session/0c2956f598ca806f9665356f353b70f0/element - {"using":"xpath","value":"//*[contains(@href, 'etm.portal.ui.managerequests')]"}
RESULT: {}
RESULT: {"using":"xpath","value":"//*[contains(@href, 'etm.portal.ui.managerequests')]"}
COMMAND: POST /session/0c2956f598ca806f9665356f353b70f0/element/f.20C66F91A75546181850ABA8914744C8.d.F304A305E00551D6323F752C1AC1518E.e.8795/click - {}
RESULT: {}
COMMAND: GET /session/0c2956f598ca806f9665356f353b70f0/screenshot - {}
RESULT: {}
COMMAND: POST /session/0c2956f598ca806f9665356f353b70f0/refresh - {}
RESULT: {}
COMMAND: GET /session/0c2956f598ca806f9665356f353b70f0/screenshot - {}
RESULT: {}
COMMAND: POST /session/0c2956f598ca806f9665356f353b70f0/refresh - {}
RESULT: {}
COMMAND: GET /session/0c2956f598ca806f9665356f353b70f0/screenshot - {}
RESULT: {}
COMMAND: POST /session/0c2956f598ca806f9665356f353b70f0/execute/async - {"script":"<script> [189 bytes]","args":[]}
RESULT: {"script":"<script> [189 bytes]","args":[]}
COMMAND: POST /session/0c2956f598ca806f9665356f353b70f0/execute/async - {"script":"<script> [123 bytes]","args":[]}
RESULT: {"script":"<script> [123 bytes]","args":[]}
COMMAND: POST /session/0c2956f598ca806f9665356f353b70f0/timeouts - {"script":"<number>"}
RESULT: {"script":"<number>"}
COMMAND: GET /session/0c2956f598ca806f9665356f353b70f0/timeouts - {}
RESULT: {}
RESULT: undefined
COMMAND: POST /session/0c2956f598ca806f9665356f353b70f0/execute/async - {"script":"<script> [2676 bytes]","args":[]}
RESULT: {"script":"<script> [2676 bytes]","args":[]}
COMMAND: POST /session/0c2956f598ca806f9665356f353b70f0/execute/async - {"script":"<script> [2342 bytes]","args":[{"protocol":"http","hostname":"0.0.0.0","path":"/","capabilities":{"browserName":"chrome","goog:chromeOptions":{"binary":"C:\\Program Files\\Google\\Chrome\\Application\\chrome.exe","args":["--start-maximized"]}},"logLevel":"warn","connectionRetryTimeout":120000,"connectionRetryCount":3,"logLevels":{},"enableDirectConnect":true,"strictSSL":true,"_":"65 more keys: [\"cacheDir\",\"port\",\"requestedCapabilities\",\"automationProtocol\",\"baseUrl\",\"waitforInterval\",\"waitforTimeout\",\"onReload\",\"beforeCommand\",\"afterCommand\",\"rootDir\",\"specs\",\"suites\",\"exclude\",\"groupLogsByTestSpec\",\"excludeDriverLogs\",\"bail\",\"framework\",\"reporters\",\"services\",\"maxInstances\",\"maxInstancesPerCapability\",\"injectGlobals\",\"filesToWatch\",\"execArgv\",\"runnerEnv\",\"runner\",\"shard\",\"specFileRetries\",\"specFileRetriesDelay\",\"specFileRetriesDeferred\",\"reporterSyncInterval\",\"reporterSyncTimeout\",\"cucumberFeaturesWithLineNumbers\",\"autoCompileOpts\",\"mochaOpts\",\"jasmineOpts\",\"cucumberOpts\",\"onPrepare\",\"onWorkerStart\",\"onWorkerEnd\",\"before\",\"beforeSession\",\"beforeSuite\",\"beforeHook\",\"beforeTest\",\"afterTest\",\"afterHook\",\"afterSuite\",\"afterSession\",\"after\",\"onComplete\",\"beforeAssertion\",\"afterAssertion\",\"beforeFeature\",\"beforeScenario\",\"beforeStep\",\"afterStep\",\"afterScenario\",\"afterFeature\",\"_\",\"suite\",\"$0\",\"ignoredWorkerServices\",\"wdi5\"]"}]}
RESULT: {"script":"<script> [2342 bytes]","args":[{"protocol":"http","hostname":"0.0.0.0","path":"/","capabilities":{"browserName":"chrome","goog:chromeOptions":{"binary":"C:\\Program Files\\Google\\Chrome\\Application\\chrome.exe","args":["--start-maximized"]}},"logLevel":"warn","connectionRetryTimeout":120000,"connectionRetryCount":3,"logLevels":{},"enableDirectConnect":true,"strictSSL":true,"_":"65 more keys: [\"cacheDir\",\"port\",\"requestedCapabilities\",\"automationProtocol\",\"baseUrl\",\"waitforInterval\",\"waitforTimeout\",\"onReload\",\"beforeCommand\",\"afterCommand\",\"rootDir\",\"specs\",\"suites\",\"exclude\",\"groupLogsByTestSpec\",\"excludeDriverLogs\",\"bail\",\"framework\",\"reporters\",\"services\",\"maxInstances\",\"maxInstancesPerCapability\",\"injectGlobals\",\"filesToWatch\",\"execArgv\",\"runnerEnv\",\"runner\",\"shard\",\"specFileRetries\",\"specFileRetriesDelay\",\"specFileRetriesDeferred\",\"reporterSyncInterval\",\"reporterSyncTimeout\",\"cucumberFeaturesWithLineNumbers\",\"autoCompileOpts\",\"mochaOpts\",\"jasmineOpts\",\"cucumberOpts\",\"onPrepare\",\"onWorkerStart\",\"onWorkerEnd\",\"before\",\"beforeSession\",\"beforeSuite\",\"beforeHook\",\"beforeTest\",\"afterTest\",\"afterHook\",\"afterSuite\",\"afterSession\",\"after\",\"onComplete\",\"beforeAssertion\",\"afterAssertion\",\"beforeFeature\",\"beforeScenario\",\"beforeStep\",\"afterStep\",\"afterScenario\",\"afterFeature\",\"_\",\"suite\",\"$0\",\"ignoredWorkerServices\",\"wdi5\"]"}]}
COMMAND: POST /session/0c2956f598ca806f9665356f353b70f0/execute/async - {"script":"<script> [21126 bytes]","args":[35000]}
RESULT: {"script":"<script> [21126 bytes]","args":[35000]}
COMMAND: POST /session/0c2956f598ca806f9665356f353b70f0/element - {"using":"xpath","value":"//button[contains(@data-kt ,\"btnCreateNewOverflowToolbarButton\")]"}
RESULT: {"using":"xpath","value":"//button[contains(@data-kt ,\"btnCreateNewOverflowToolbarButton\")]"}
COMMAND: POST /session/0c2956f598ca806f9665356f353b70f0/elements - {"using":"xpath","value":"//button[contains(@data-kt ,\"btnCreateNewOverflowToolbarButton\")]"}
RESULT: {"using":"xpath","value":"//button[contains(@data-kt ,\"btnCreateNewOverflowToolbarButton\")]"}
COMMAND: POST /session/0c2956f598ca806f9665356f353b70f0/execute/sync - {"script":"<script> [8489 bytes]","args":[{"element-6066-11e4-a52e-4f735466cecf":"f.20C66F91A75546181850ABA8914744C8.d.9B1C0A64979DDBAD4EF0A4F511966EA3.e.9974","ELEMENT":"f.20C66F91A75546181850ABA8914744C8.d.9B1C0A64979DDBAD4EF0A4F511966EA3.e.9974"}]}
RESULT: {"script":"<script> [8489 bytes]","args":[{"element-6066-11e4-a52e-4f735466cecf":"f.20C66F91A75546181850ABA8914744C8.d.9B1C0A64979DDBAD4EF0A4F511966EA3.e.9974","ELEMENT":"f.20C66F91A75546181850ABA8914744C8.d.9B1C0A64979DDBAD4EF0A4F511966EA3.e.9974"}]}
COMMAND: GET /session/0c2956f598ca806f9665356f353b70f0/element/f.20C66F91A75546181850ABA8914744C8.d.9B1C0A64979DDBAD4EF0A4F511966EA3.e.9974/enabled - {}
COMMAND: GET /session/0c2956f598ca806f9665356f353b70f0/screenshot - {}
RESULT: {}
COMMAND: POST /session/0c2956f598ca806f9665356f353b70f0/execute/sync - {"script":"<script> [8489 bytes]","args":[{"element-6066-11e4-a52e-4f735466cecf":"f.20C66F91A75546181850ABA8914744C8.d.9B1C0A64979DDBAD4EF0A4F511966EA3.e.9974","ELEMENT":"f.20C66F91A75546181850ABA8914744C8.d.9B1C0A64979DDBAD4EF0A4F511966EA3.e.9974"}]}
COMMAND: GET /session/0c2956f598ca806f9665356f353b70f0/screenshot - {}
RESULT: {}
RESULT: {"script":"<script> [8489 bytes]","args":[{"element-6066-11e4-a52e-4f735466cecf":"f.20C66F91A75546181850ABA8914744C8.d.9B1C0A64979DDBAD4EF0A4F511966EA3.e.9974","ELEMENT":"f.20C66F91A75546181850ABA8914744C8.d.9B1C0A64979DDBAD4EF0A4F511966EA3.e.9974"}]}
COMMAND: POST /session/0c2956f598ca806f9665356f353b70f0/execute/sync - {"script":"<script> [5351 bytes]","args":[{"element-6066-11e4-a52e-4f735466cecf":"f.20C66F91A75546181850ABA8914744C8.d.9B1C0A64979DDBAD4EF0A4F511966EA3.e.9974","ELEMENT":"f.20C66F91A75546181850ABA8914744C8.d.9B1C0A64979DDBAD4EF0A4F511966EA3.e.9974"}]}
COMMAND: GET /session/0c2956f598ca806f9665356f353b70f0/screenshot - {}
RESULT: {}
RESULT: {"script":"<script> [5351 bytes]","args":[{"element-6066-11e4-a52e-4f735466cecf":"f.20C66F91A75546181850ABA8914744C8.d.9B1C0A64979DDBAD4EF0A4F511966EA3.e.9974","ELEMENT":"f.20C66F91A75546181850ABA8914744C8.d.9B1C0A64979DDBAD4EF0A4F511966EA3.e.9974"}]}
COMMAND: POST /session/0c2956f598ca806f9665356f353b70f0/element/f.20C66F91A75546181850ABA8914744C8.d.9B1C0A64979DDBAD4EF0A4F511966EA3.e.9974/click - {}
COMMAND: GET /session/0c2956f598ca806f9665356f353b70f0/screenshot - {}
RESULT: {}
RESULT: {}
COMMAND: GET /session/0c2956f598ca806f9665356f353b70f0/screenshot - {}
RESULT: {}
RESULT: {}
COMMAND: POST /session/0c2956f598ca806f9665356f353b70f0/element - {"using":"xpath","value":"//input[contains(@id ,\"yardId-inner\")]"}
RESULT: {"using":"xpath","value":"//input[contains(@id ,\"yardId-inner\")]"}
COMMAND: POST /session/0c2956f598ca806f9665356f353b70f0/elements - {"using":"xpath","value":"//input[contains(@id ,\"yardId-inner\")]"}
RESULT: {"using":"xpath","value":"//input[contains(@id ,\"yardId-inner\")]"}
COMMAND: POST /session/0c2956f598ca806f9665356f353b70f0/execute/sync - {"script":"<script> [8489 bytes]","args":[{"element-6066-11e4-a52e-4f735466cecf":"f.20C66F91A75546181850ABA8914744C8.d.9B1C0A64979DDBAD4EF0A4F511966EA3.e.10231","ELEMENT":"f.20C66F91A75546181850ABA8914744C8.d.9B1C0A64979DDBAD4EF0A4F511966EA3.e.10231"}]}
RESULT: {"script":"<script> [8489 bytes]","args":[{"element-6066-11e4-a52e-4f735466cecf":"f.20C66F91A75546181850ABA8914744C8.d.9B1C0A64979DDBAD4EF0A4F511966EA3.e.10231","ELEMENT":"f.20C66F91A75546181850ABA8914744C8.d.9B1C0A64979DDBAD4EF0A4F511966EA3.e.10231"}]}
COMMAND: GET /session/0c2956f598ca806f9665356f353b70f0/element/f.20C66F91A75546181850ABA8914744C8.d.9B1C0A64979DDBAD4EF0A4F511966EA3.e.10231/enabled - {}
COMMAND: GET /session/0c2956f598ca806f9665356f353b70f0/screenshot - {}
RESULT: {}
COMMAND: POST /session/0c2956f598ca806f9665356f353b70f0/execute/sync - {"script":"<script> [8489 bytes]","args":[{"element-6066-11e4-a52e-4f735466cecf":"f.20C66F91A75546181850ABA8914744C8.d.9B1C0A64979DDBAD4EF0A4F511966EA3.e.10231","ELEMENT":"f.20C66F91A75546181850ABA8914744C8.d.9B1C0A64979DDBAD4EF0A4F511966EA3.e.10231"}]}
COMMAND: GET /session/0c2956f598ca806f9665356f353b70f0/screenshot - {}
RESULT: {}
RESULT: {"script":"<script> [8489 bytes]","args":[{"element-6066-11e4-a52e-4f735466cecf":"f.20C66F91A75546181850ABA8914744C8.d.9B1C0A64979DDBAD4EF0A4F511966EA3.e.10231","ELEMENT":"f.20C66F91A75546181850ABA8914744C8.d.9B1C0A64979DDBAD4EF0A4F511966EA3.e.10231"}]}
COMMAND: POST /session/0c2956f598ca806f9665356f353b70f0/execute/sync - {"script":"<script> [5351 bytes]","args":[{"element-6066-11e4-a52e-4f735466cecf":"f.20C66F91A75546181850ABA8914744C8.d.9B1C0A64979DDBAD4EF0A4F511966EA3.e.10231","ELEMENT":"f.20C66F91A75546181850ABA8914744C8.d.9B1C0A64979DDBAD4EF0A4F511966EA3.e.10231"}]}
COMMAND: GET /session/0c2956f598ca806f9665356f353b70f0/screenshot - {}
RESULT: {}
RESULT: {"script":"<script> [5351 bytes]","args":[{"element-6066-11e4-a52e-4f735466cecf":"f.20C66F91A75546181850ABA8914744C8.d.9B1C0A64979DDBAD4EF0A4F511966EA3.e.10231","ELEMENT":"f.20C66F91A75546181850ABA8914744C8.d.9B1C0A64979DDBAD4EF0A4F511966EA3.e.10231"}]}
COMMAND: POST /session/0c2956f598ca806f9665356f353b70f0/element - {"using":"xpath","value":"//input[contains(@id ,\"yardId-inner\")]"}
COMMAND: GET /session/0c2956f598ca806f9665356f353b70f0/screenshot - {}
RESULT: {}
RESULT: {"using":"xpath","value":"//input[contains(@id ,\"yardId-inner\")]"}
COMMAND: POST /session/0c2956f598ca806f9665356f353b70f0/element/f.20C66F91A75546181850ABA8914744C8.d.9B1C0A64979DDBAD4EF0A4F511966EA3.e.10231/value - {"text":"WebdriverYardi7zud"}
RESULT: {}
RESULT: {"text":"WebdriverYardi7zud"}
COMMAND: GET /session/0c2956f598ca806f9665356f353b70f0/screenshot - {}
RESULT: {}
COMMAND: POST /session/0c2956f598ca806f9665356f353b70f0/actions - {"actions":[{"id":"action60","type":"key","parameters":{},"actions":[{"type":"keyDown","value":""},{"type":"pause","duration":10},{"type":"keyUp","value":""}]}]}
RESULT: {"actions":[{"id":"action60","type":"key","parameters":{},"actions":[{"type":"keyDown","value":""},{"type":"pause","duration":10},{"type":"keyUp","value":""}]}]}
COMMAND: GET /session/0c2956f598ca806f9665356f353b70f0/screenshot - {}
COMMAND: POST /session/0c2956f598ca806f9665356f353b70f0/element - {"using":"xpath","value":"//input[contains(@id ,\"customerNumber-inner\")]"}
RESULT: {}
RESULT: {"using":"xpath","value":"//input[contains(@id ,\"customerNumber-inner\")]"}
COMMAND: POST /session/0c2956f598ca806f9665356f353b70f0/element/f.20C66F91A75546181850ABA8914744C8.d.9B1C0A64979DDBAD4EF0A4F511966EA3.e.10225/value - {"text":"WebdriverPartner4gxjz"}
RESULT: {"text":"WebdriverPartner4gxjz"}
COMMAND: GET /session/0c2956f598ca806f9665356f353b70f0/screenshot - {}
RESULT: {}
COMMAND: POST /session/0c2956f598ca806f9665356f353b70f0/actions - {"actions":[{"id":"action61","type":"key","parameters":{},"actions":[{"type":"keyDown","value":""},{"type":"pause","duration":10},{"type":"keyUp","value":""}]}]}
RESULT: {"actions":[{"id":"action61","type":"key","parameters":{},"actions":[{"type":"keyDown","value":""},{"type":"pause","duration":10},{"type":"keyUp","value":""}]}]}
COMMAND: GET /session/0c2956f598ca806f9665356f353b70f0/screenshot - {}
RESULT: {}
COMMAND: POST /session/0c2956f598ca806f9665356f353b70f0/element - {"using":"xpath","value":"//input[contains(@id ,\"requestSiteId-inner\")]"}
RESULT: {"using":"xpath","value":"//input[contains(@id ,\"requestSiteId-inner\")]"}
COMMAND: POST /session/0c2956f598ca806f9665356f353b70f0/element/f.20C66F91A75546181850ABA8914744C8.d.9B1C0A64979DDBAD4EF0A4F511966EA3.e.10224/value - {"text":"WebdriverSite5136l"}
RESULT: {"text":"WebdriverSite5136l"}
COMMAND: GET /session/0c2956f598ca806f9665356f353b70f0/screenshot - {}
RESULT: {}
COMMAND: POST /session/0c2956f598ca806f9665356f353b70f0/actions - {"actions":[{"id":"action62","type":"key","parameters":{},"actions":[{"type":"keyDown","value":""},{"type":"pause","duration":10},{"type":"keyUp","value":""}]}]}
RESULT: {"actions":[{"id":"action62","type":"key","parameters":{},"actions":[{"type":"keyDown","value":""},{"type":"pause","duration":10},{"type":"keyUp","value":""}]}]}
COMMAND: GET /session/0c2956f598ca806f9665356f353b70f0/screenshot - {}
RESULT: {}
COMMAND: POST /session/0c2956f598ca806f9665356f353b70f0/element - {"using":"xpath","value":"//bdi[contains(text(), \"Items\")]"}
RESULT: {"using":"xpath","value":"//bdi[contains(text(), \"Items\")]"}
COMMAND: POST /session/0c2956f598ca806f9665356f353b70f0/element/f.20C66F91A75546181850ABA8914744C8.d.9B1C0A64979DDBAD4EF0A4F511966EA3.e.10366/click - {}
RESULT: {}
COMMAND: GET /session/0c2956f598ca806f9665356f353b70f0/screenshot - {}
RESULT: {}
COMMAND: POST /session/0c2956f598ca806f9665356f353b70f0/element - {"using":"xpath","value":"//button[contains(@data-kt ,\"requestItemAddOverflowToolbarButton\")]"}
RESULT: {"using":"xpath","value":"//button[contains(@data-kt ,\"requestItemAddOverflowToolbarButton\")]"}
COMMAND: POST /session/0c2956f598ca806f9665356f353b70f0/element/f.20C66F91A75546181850ABA8914744C8.d.9B1C0A64979DDBAD4EF0A4F511966EA3.e.10203/click - {}
RESULT: {}
COMMAND: GET /session/0c2956f598ca806f9665356f353b70f0/screenshot - {}
RESULT: {}
COMMAND: POST /session/0c2956f598ca806f9665356f353b70f0/actions - {"actions":[{"id":"action63","type":"key","parameters":{},"actions":[{"type":"keyDown","value":""},{"type":"pause","duration":10},{"type":"keyUp","value":""}]}]}
RESULT: {"actions":[{"id":"action63","type":"key","parameters":{},"actions":[{"type":"keyDown","value":""},{"type":"pause","duration":10},{"type":"keyUp","value":""}]}]}
COMMAND: POST /session/0c2956f598ca806f9665356f353b70f0/actions - {"actions":[{"id":"action64","type":"key","parameters":{},"actions":[{"type":"keyDown","value":""},{"type":"pause","duration":10},{"type":"keyUp","value":""}]}]}
COMMAND: GET /session/0c2956f598ca806f9665356f353b70f0/screenshot - {}
RESULT: {"actions":[{"id":"action64","type":"key","parameters":{},"actions":[{"type":"keyDown","value":""},{"type":"pause","duration":10},{"type":"keyUp","value":""}]}]}
COMMAND: POST /session/0c2956f598ca806f9665356f353b70f0/element - {"using":"xpath","value":"(//input[contains(@id ,\"requestItemsTable-0-inner\")])[1]"}
COMMAND: GET /session/0c2956f598ca806f9665356f353b70f0/screenshot - {}
RESULT: {}
RESULT: {"using":"xpath","value":"(//input[contains(@id ,\"requestItemsTable-0-inner\")])[1]"}
COMMAND: POST /session/0c2956f598ca806f9665356f353b70f0/element/f.20C66F91A75546181850ABA8914744C8.d.9B1C0A64979DDBAD4EF0A4F511966EA3.e.10382/clear - {}
RESULT: {}
RESULT: {}
COMMAND: POST /session/0c2956f598ca806f9665356f353b70f0/element/f.20C66F91A75546181850ABA8914744C8.d.9B1C0A64979DDBAD4EF0A4F511966EA3.e.10382/value - {"text":"catalogItem6knn4"}
COMMAND: GET /session/0c2956f598ca806f9665356f353b70f0/screenshot - {}
RESULT: {"text":"catalogItem6knn4"}
COMMAND: GET /session/0c2956f598ca806f9665356f353b70f0/screenshot - {}
RESULT: {}
RESULT: {}
COMMAND: POST /session/0c2956f598ca806f9665356f353b70f0/actions - {"actions":[{"id":"action65","type":"key","parameters":{},"actions":[{"type":"keyDown","value":""},{"type":"pause","duration":10},{"type":"keyUp","value":""}]}]}
RESULT: {"actions":[{"id":"action65","type":"key","parameters":{},"actions":[{"type":"keyDown","value":""},{"type":"pause","duration":10},{"type":"keyUp","value":""}]}]}
COMMAND: GET /session/0c2956f598ca806f9665356f353b70f0/screenshot - {}
RESULT: {}
COMMAND: POST /session/0c2956f598ca806f9665356f353b70f0/execute/async - {"script":"<script> [1562 bytes]","args":[{"selector":{"controlType":"sap.ui.core.Icon","viewName":"etm.portal.ui.managerequests.view.NewRequest","properties":{"src":{"regex":{"source":"slim\\-arrow\\-down"}}},"ancestor":{"controlType":"sap.m.Button","viewName":"etm.portal.ui.managerequests.view.NewRequest","properties":{"icon":"sap-icon://slim-arrow-down"}}},"wdio_ui5_key":"etmportal.ui.managerequests.view.NewRequestsap.ui.core.Icon{\"src\":{\"regex\":{\"source\":\"slim\\\\-arrow\\\\-down\"}}}{\"controlType\":\"sap.m.Button\",\"viewName\":\"etm.portal.ui.managerequests.view.NewRequest\",\"properties\":{\"icon\":\"sap-icon://slim-arrow-down\"}}"}]}
RESULT: {"script":"<script> [1562 bytes]","args":[{"selector":{"controlType":"sap.ui.core.Icon","viewName":"etm.portal.ui.managerequests.view.NewRequest","properties":{"src":{"regex":{"source":"slim\\-arrow\\-down"}}},"ancestor":{"controlType":"sap.m.Button","viewName":"etm.portal.ui.managerequests.view.NewRequest","properties":{"icon":"sap-icon://slim-arrow-down"}}},"wdio_ui5_key":"etmportal.ui.managerequests.view.NewRequestsap.ui.core.Icon{\"src\":{\"regex\":{\"source\":\"slim\\\\-arrow\\\\-down\"}}}{\"controlType\":\"sap.m.Button\",\"viewName\":\"etm.portal.ui.managerequests.view.NewRequest\",\"properties\":{\"icon\":\"sap-icon://slim-arrow-down\"}}"}]}
RESULT: undefined
COMMAND: POST /session/0c2956f598ca806f9665356f353b70f0/element - {"using":"xpath","value":"//*[@id=\"__title4-expandBtn-img\"]"}
RESULT: {"using":"xpath","value":"//*[@id=\"__title4-expandBtn-img\"]"}
COMMAND: POST /session/0c2956f598ca806f9665356f353b70f0/element/f.20C66F91A75546181850ABA8914744C8.d.9B1C0A64979DDBAD4EF0A4F511966EA3.e.10395/click - {}
RESULT: {}
COMMAND: GET /session/0c2956f598ca806f9665356f353b70f0/screenshot - {}
RESULT: {}
COMMAND: POST /session/0c2956f598ca806f9665356f353b70f0/element - {"using":"xpath","value":"//div[contains(@data-kt ,\"splitAllocationObjectStatus\")]"}
RESULT: {"using":"xpath","value":"//div[contains(@data-kt ,\"splitAllocationObjectStatus\")]"}
COMMAND: POST /session/0c2956f598ca806f9665356f353b70f0/elements - {"using":"xpath","value":"//div[contains(@data-kt ,\"splitAllocationObjectStatus\")]"}
RESULT: {"using":"xpath","value":"//div[contains(@data-kt ,\"splitAllocationObjectStatus\")]"}
COMMAND: POST /session/0c2956f598ca806f9665356f353b70f0/execute/async - {"script":"<script> [1562 bytes]","args":[{"selector":{"controlType":"sap.ui.core.Icon","viewName":"etm.portal.ui.managerequests.view.NewRequest","properties":{"src":{"regex":{"source":"message\\-error"}}}},"wdio_ui5_key":"etmportal.ui.managerequests.view.NewRequestsap.ui.core.Icon{\"src\":{\"regex\":{\"source\":\"message\\\\-error\"}}}"}]}
RESULT: {"script":"<script> [1562 bytes]","args":[{"selector":{"controlType":"sap.ui.core.Icon","viewName":"etm.portal.ui.managerequests.view.NewRequest","properties":{"src":{"regex":{"source":"message\\-error"}}}},"wdio_ui5_key":"etmportal.ui.managerequests.view.NewRequestsap.ui.core.Icon{\"src\":{\"regex\":{\"source\":\"message\\\\-error\"}}}"}]}
RESULT: undefined
COMMAND: POST /session/0c2956f598ca806f9665356f353b70f0/element - {"using":"xpath","value":"//*[@id=\"__status4-__xmlview1--requestItemsTable-0-icon\"]"}
RESULT: {"using":"xpath","value":"//*[@id=\"__status4-__xmlview1--requestItemsTable-0-icon\"]"}
COMMAND: POST /session/0c2956f598ca806f9665356f353b70f0/element/f.20C66F91A75546181850ABA8914744C8.d.9B1C0A64979DDBAD4EF0A4F511966EA3.e.10401/click - {}
RESULT: {}
COMMAND: POST /session/0c2956f598ca806f9665356f353b70f0/execute/async - {"script":"<script> [1562 bytes]","args":[{"selector":{"controlType":"sap.ui.core.Icon","viewName":"etm.portal.ui.managerequests.view.NewRequest","properties":{"src":{"regex":{"source":"slim\\-arrow\\-down"}}},"searchOpenDialogs":true,"ancestor":{"id":"costObjectAdminTypeComboBox","viewName":"etm.portal.ui.managerequests.view.NewRequest","searchOpenDialogs":true}},"wdio_ui5_key":"etmportal.ui.managerequests.view.NewRequestsap.ui.core.Icon{\"src\":{\"regex\":{\"source\":\"slim\\\\-arrow\\\\-down\"}}}{\"id\":\"costObjectAdminTypeComboBox\",\"viewName\":\"etm.portal.ui.managerequests.view.NewRequest\",\"searchOpenDialogs\":true}"}]}
COMMAND: GET /session/0c2956f598ca806f9665356f353b70f0/screenshot - {}
RESULT: {"script":"<script> [1562 bytes]","args":[{"selector":{"controlType":"sap.ui.core.Icon","viewName":"etm.portal.ui.managerequests.view.NewRequest","properties":{"src":{"regex":{"source":"slim\\-arrow\\-down"}}},"searchOpenDialogs":true,"ancestor":{"id":"costObjectAdminTypeComboBox","viewName":"etm.portal.ui.managerequests.view.NewRequest","searchOpenDialogs":true}},"wdio_ui5_key":"etmportal.ui.managerequests.view.NewRequestsap.ui.core.Icon{\"src\":{\"regex\":{\"source\":\"slim\\\\-arrow\\\\-down\"}}}{\"id\":\"costObjectAdminTypeComboBox\",\"viewName\":\"etm.portal.ui.managerequests.view.NewRequest\",\"searchOpenDialogs\":true}"}]}
RESULT: undefined
COMMAND: POST /session/0c2956f598ca806f9665356f353b70f0/element - {"using":"xpath","value":"//*[@id=\"__xmlview1--costObjectAdminTypeComboBox-arrow\"]"}
RESULT: {}
RESULT: {"using":"xpath","value":"//*[@id=\"__xmlview1--costObjectAdminTypeComboBox-arrow\"]"}
COMMAND: POST /session/0c2956f598ca806f9665356f353b70f0/element/f.20C66F91A75546181850ABA8914744C8.d.9B1C0A64979DDBAD4EF0A4F511966EA3.e.10405/click - {}
RESULT: {}
COMMAND: POST /session/0c2956f598ca806f9665356f353b70f0/execute/async - {"script":"<script> [1562 bytes]","args":[{"selector":{"controlType":"sap.m.StandardListItem","viewName":"etm.portal.ui.managerequests.view.NewRequest","properties":{"title":"Cost Center"},"searchOpenDialogs":true,"interaction":{"idSuffix":"titleText"}},"wdio_ui5_key":"etmportal.ui.managerequests.view.NewRequestsap.m.StandardListItem{\"title\":\"Cost Center\"}"}]}
COMMAND: GET /session/0c2956f598ca806f9665356f353b70f0/screenshot - {}
RESULT: {"script":"<script> [1562 bytes]","args":[{"selector":{"controlType":"sap.m.StandardListItem","viewName":"etm.portal.ui.managerequests.view.NewRequest","properties":{"title":"Cost Center"},"searchOpenDialogs":true,"interaction":{"idSuffix":"titleText"}},"wdio_ui5_key":"etmportal.ui.managerequests.view.NewRequestsap.m.StandardListItem{\"title\":\"Cost Center\"}"}]}
RESULT: undefined
COMMAND: POST /session/0c2956f598ca806f9665356f353b70f0/element - {"using":"xpath","value":"//*[@id=\"__item660\"]"}
RESULT: {}
RESULT: {"using":"xpath","value":"//*[@id=\"__item660\"]"}
COMMAND: POST /session/0c2956f598ca806f9665356f353b70f0/element/f.20C66F91A75546181850ABA8914744C8.d.9B1C0A64979DDBAD4EF0A4F511966EA3.e.10408/click - {}
RESULT: {}
COMMAND: POST /session/0c2956f598ca806f9665356f353b70f0/execute/async - {"script":"<script> [1562 bytes]","args":[{"selector":{"controlType":"sap.ui.core.Icon","viewName":"etm.portal.ui.managerequests.view.NewRequest","properties":{"src":{"regex":{"source":"value\\-help"}}},"searchOpenDialogs":true},"wdio_ui5_key":"etmportal.ui.managerequests.view.NewRequestsap.ui.core.Icon{\"src\":{\"regex\":{\"source\":\"value\\\\-help\"}}}"}]}
COMMAND: GET /session/0c2956f598ca806f9665356f353b70f0/screenshot - {}
RESULT: {"script":"<script> [1562 bytes]","args":[{"selector":{"controlType":"sap.ui.core.Icon","viewName":"etm.portal.ui.managerequests.view.NewRequest","properties":{"src":{"regex":{"source":"value\\-help"}}},"searchOpenDialogs":true},"wdio_ui5_key":"etmportal.ui.managerequests.view.NewRequestsap.ui.core.Icon{\"src\":{\"regex\":{\"source\":\"value\\\\-help\"}}}"}]}
RESULT: undefined
COMMAND: POST /session/0c2956f598ca806f9665356f353b70f0/element - {"using":"xpath","value":"//*[@id=\"__xmlview1--costObjectIdComboBox-vhi\"]"}
RESULT: {}
RESULT: {"using":"xpath","value":"//*[@id=\"__xmlview1--costObjectIdComboBox-vhi\"]"}
COMMAND: POST /session/0c2956f598ca806f9665356f353b70f0/element/f.20C66F91A75546181850ABA8914744C8.d.9B1C0A64979DDBAD4EF0A4F511966EA3.e.10412/click - {}
RESULT: {}
COMMAND: POST /session/0c2956f598ca806f9665356f353b70f0/execute/async - {"script":"<script> [1562 bytes]","args":[{"selector":{"controlType":"sap.m.SearchField","properties":{"placeholder":"Search"},"searchOpenDialogs":true,"interaction":{"idSuffix":"I"}},"wdio_ui5_key":"sapm.SearchField{\"placeholder\":\"Search\"}"}]}
COMMAND: GET /session/0c2956f598ca806f9665356f353b70f0/screenshot - {}
RESULT: {"script":"<script> [1562 bytes]","args":[{"selector":{"controlType":"sap.m.SearchField","properties":{"placeholder":"Search"},"searchOpenDialogs":true,"interaction":{"idSuffix":"I"}},"wdio_ui5_key":"sapm.SearchField{\"placeholder\":\"Search\"}"}]}
RESULT: undefined
COMMAND: POST /session/0c2956f598ca806f9665356f353b70f0/execute/async - {"script":"<script> [776 bytes]","args":[{"enterText":"10001010","selector":{"controlType":"sap.m.SearchField","properties":{"placeholder":"Search"},"searchOpenDialogs":true,"interaction":{"idSuffix":"I"}},"clearTextFirst":true,"interactionType":"ENTER_TEXT"}]}
RESULT: {}
RESULT: {"script":"<script> [776 bytes]","args":[{"enterText":"10001010","selector":{"controlType":"sap.m.SearchField","properties":{"placeholder":"Search"},"searchOpenDialogs":true,"interaction":{"idSuffix":"I"}},"clearTextFirst":true,"interactionType":"ENTER_TEXT"}]}
COMMAND: POST /session/0c2956f598ca806f9665356f353b70f0/actions - {"actions":[{"id":"action66","type":"key","parameters":{},"actions":[{"type":"keyDown","value":""},{"type":"pause","duration":10},{"type":"keyUp","value":""}]}]}
RESULT: {"actions":[{"id":"action66","type":"key","parameters":{},"actions":[{"type":"keyDown","value":""},{"type":"pause","duration":10},{"type":"keyUp","value":""}]}]}
COMMAND: GET /session/0c2956f598ca806f9665356f353b70f0/screenshot - {}
RESULT: {}
COMMAND: POST /session/0c2956f598ca806f9665356f353b70f0/execute/async - {"script":"<script> [1562 bytes]","args":[{"selector":{"controlType":"sap.m.Text","bindingPath":{"path":"/C_CostCtrValueHelp(CostCenter='10001010',ControllingArea='Z001')","propertyPath":"CostCenterName","modelName":"CostCenterModel"},"searchOpenDialogs":true},"wdio_ui5_key":"sapm.Text{\"path\":\"/C_CostCtrValueHelp(CostCenter='10001010',ControllingArea='Z001')\",\"propertyPath\":\"CostCenterName\",\"modelName\":\"CostCenterModel\"}"}]}
RESULT: {"script":"<script> [1562 bytes]","args":[{"selector":{"controlType":"sap.m.Text","bindingPath":{"path":"/C_CostCtrValueHelp(CostCenter='10001010',ControllingArea='Z001')","propertyPath":"CostCenterName","modelName":"CostCenterModel"},"searchOpenDialogs":true},"wdio_ui5_key":"sapm.Text{\"path\":\"/C_CostCtrValueHelp(CostCenter='10001010',ControllingArea='Z001')\",\"propertyPath\":\"CostCenterName\",\"modelName\":\"CostCenterModel\"}"}]}
RESULT: undefined
COMMAND: POST /session/0c2956f598ca806f9665356f353b70f0/element - {"using":"xpath","value":"//*[@id=\"__text265-__clone790\"]"}
RESULT: {"using":"xpath","value":"//*[@id=\"__text265-__clone790\"]"}
COMMAND: POST /session/0c2956f598ca806f9665356f353b70f0/element/f.20C66F91A75546181850ABA8914744C8.d.9B1C0A64979DDBAD4EF0A4F511966EA3.e.10452/click - {}
RESULT: {}
COMMAND: POST /session/0c2956f598ca806f9665356f353b70f0/execute/async - {"script":"<script> [1562 bytes]","args":[{"selector":{"controlType":"sap.m.Button","properties":{"text":"OK"},"searchOpenDialogs":true,"interaction":{"idSuffix":"BDI-content"}},"wdio_ui5_key":"sapm.Button{\"text\":\"OK\"}"}]}
COMMAND: GET /session/0c2956f598ca806f9665356f353b70f0/screenshot - {}
RESULT: {"script":"<script> [1562 bytes]","args":[{"selector":{"controlType":"sap.m.Button","properties":{"text":"OK"},"searchOpenDialogs":true,"interaction":{"idSuffix":"BDI-content"}},"wdio_ui5_key":"sapm.Button{\"text\":\"OK\"}"}]}
RESULT: undefined
COMMAND: POST /session/0c2956f598ca806f9665356f353b70f0/element - {"using":"xpath","value":"//*[@id=\"__dialog1-ok\"]"}
RESULT: {}
RESULT: {"using":"xpath","value":"//*[@id=\"__dialog1-ok\"]"}
COMMAND: POST /session/0c2956f598ca806f9665356f353b70f0/element/f.20C66F91A75546181850ABA8914744C8.d.9B1C0A64979DDBAD4EF0A4F511966EA3.e.10454/click - {}
RESULT: {}
COMMAND: GET /session/0c2956f598ca806f9665356f353b70f0/screenshot - {}
RESULT: {}
COMMAND: POST /session/0c2956f598ca806f9665356f353b70f0/execute/async - {"script":"<script> [1562 bytes]","args":[{"selector":{"controlType":"sap.m.Button","viewName":"etm.portal.ui.managerequests.view.NewRequest","i18NText":{"propertyName":"text","key":"save"},"searchOpenDialogs":true,"interaction":{"idSuffix":"BDI-content"}},"wdio_ui5_key":"etmportal.ui.managerequests.view.NewRequestsap.m.Button{\"propertyName\":\"text\",\"key\":\"save\"}"}]}
RESULT: {"script":"<script> [1562 bytes]","args":[{"selector":{"controlType":"sap.m.Button","viewName":"etm.portal.ui.managerequests.view.NewRequest","i18NText":{"propertyName":"text","key":"save"},"searchOpenDialogs":true,"interaction":{"idSuffix":"BDI-content"}},"wdio_ui5_key":"etmportal.ui.managerequests.view.NewRequestsap.m.Button{\"propertyName\":\"text\",\"key\":\"save\"}"}]}
RESULT: undefined
COMMAND: POST /session/0c2956f598ca806f9665356f353b70f0/element - {"using":"xpath","value":"//*[@id=\"__button22\"]"}
RESULT: {"using":"xpath","value":"//*[@id=\"__button22\"]"}
COMMAND: POST /session/0c2956f598ca806f9665356f353b70f0/element/f.20C66F91A75546181850ABA8914744C8.d.9B1C0A64979DDBAD4EF0A4F511966EA3.e.10458/click - {}
RESULT: {}
COMMAND: GET /session/0c2956f598ca806f9665356f353b70f0/screenshot - {}
RESULT: {}
COMMAND: POST /session/0c2956f598ca806f9665356f353b70f0/element - {"using":"xpath","value":"(//bdi[contains(text() ,\"Save\")])[1]"}
RESULT: {"using":"xpath","value":"(//bdi[contains(text() ,\"Save\")])[1]"}
COMMAND: POST /session/0c2956f598ca806f9665356f353b70f0/element/f.20C66F91A75546181850ABA8914744C8.d.9B1C0A64979DDBAD4EF0A4F511966EA3.e.10460/click - {}
RESULT: {}
COMMAND: GET /session/0c2956f598ca806f9665356f353b70f0/screenshot - {}
RESULT: {}
COMMAND: POST /session/0c2956f598ca806f9665356f353b70f0/execute/async - {"script":"<script> [1562 bytes]","args":[{"selector":{"controlType":"sap.m.Title","properties":{"text":"Success"},"searchOpenDialogs":true},"wdio_ui5_key":"sapm.Title{\"text\":\"Success\"}"}]}
RESULT: {"script":"<script> [1562 bytes]","args":[{"selector":{"controlType":"sap.m.Title","properties":{"text":"Success"},"searchOpenDialogs":true},"wdio_ui5_key":"sapm.Title{\"text\":\"Success\"}"}]}
RESULT: undefined
COMMAND: POST /session/0c2956f598ca806f9665356f353b70f0/execute/async - {"script":"<script> [6424 bytes]","args":[{"element-6066-11e4-a52e-4f735466cecf":"f.20C66F91A75546181850ABA8914744C8.d.9B1C0A64979DDBAD4EF0A4F511966EA3.e.10463"},"getText",[]]}
RESULT: {"script":"<script> [6424 bytes]","args":[{"element-6066-11e4-a52e-4f735466cecf":"f.20C66F91A75546181850ABA8914744C8.d.9B1C0A64979DDBAD4EF0A4F511966EA3.e.10463"},"getText",[]]}
COMMAND: POST /session/0c2956f598ca806f9665356f353b70f0/execute/async - {"script":"<script> [1562 bytes]","args":[{"selector":{"controlType":"sap.m.Button","properties":{"text":"Close"},"searchOpenDialogs":true,"interaction":{"idSuffix":"BDI-content"}},"wdio_ui5_key":"sapm.Button{\"text\":\"Close\"}"}]}
RESULT: {"script":"<script> [1562 bytes]","args":[{"selector":{"controlType":"sap.m.Button","properties":{"text":"Close"},"searchOpenDialogs":true,"interaction":{"idSuffix":"BDI-content"}},"wdio_ui5_key":"sapm.Button{\"text\":\"Close\"}"}]}
RESULT: undefined
COMMAND: POST /session/0c2956f598ca806f9665356f353b70f0/element - {"using":"xpath","value":"//*[@id=\"__mbox-btn-0\"]"}
RESULT: {"using":"xpath","value":"//*[@id=\"__mbox-btn-0\"]"}
COMMAND: POST /session/0c2956f598ca806f9665356f353b70f0/element/f.20C66F91A75546181850ABA8914744C8.d.9B1C0A64979DDBAD4EF0A4F511966EA3.e.10461/click - {}
RESULT: {}
COMMAND: GET /session/0c2956f598ca806f9665356f353b70f0/screenshot - {}
RESULT: {}
]]></system-out>
    </testcase>
    <testcase classname="chrome.135_0_7049_42.windows.Reserve/Unreserve_request_item_via_reserve_option_US139161" name="Should navigate to planning board and reserve the resource" time="91.416">
      <system-out><![CDATA[
COMMAND: POST /session/0c2956f598ca806f9665356f353b70f0/execute/async - {"script":"<script> [1562 bytes]","args":[{"selector":{"controlType":"sap.m.Button","viewName":"etm.portal.ui.managerequests.view.Detail","i18NText":{"propertyName":"text","key":"planningSituation"},"interaction":{"idSuffix":"BDI-content"}},"wdio_ui5_key":"etmportal.ui.managerequests.view.Detailsap.m.Button{\"propertyName\":\"text\",\"key\":\"planningSituation\"}"}]}
RESULT: {"script":"<script> [1562 bytes]","args":[{"selector":{"controlType":"sap.m.Button","viewName":"etm.portal.ui.managerequests.view.Detail","i18NText":{"propertyName":"text","key":"planningSituation"},"interaction":{"idSuffix":"BDI-content"}},"wdio_ui5_key":"etmportal.ui.managerequests.view.Detailsap.m.Button{\"propertyName\":\"text\",\"key\":\"planningSituation\"}"}]}
RESULT: undefined
COMMAND: POST /session/0c2956f598ca806f9665356f353b70f0/element - {"using":"xpath","value":"//*[@id=\"__button25\"]"}
RESULT: {"using":"xpath","value":"//*[@id=\"__button25\"]"}
COMMAND: POST /session/0c2956f598ca806f9665356f353b70f0/element/f.20C66F91A75546181850ABA8914744C8.d.9B1C0A64979DDBAD4EF0A4F511966EA3.e.10487/click - {}
RESULT: {}
COMMAND: GET /session/0c2956f598ca806f9665356f353b70f0/screenshot - {}
RESULT: {}
COMMAND: POST /session/0c2956f598ca806f9665356f353b70f0/element - {"using":"xpath","value":"(//span[contains(@title ,\"WebdriverYardi7zud\")])[1]"}
RESULT: {"using":"xpath","value":"(//span[contains(@title ,\"WebdriverYardi7zud\")])[1]"}
COMMAND: POST /session/0c2956f598ca806f9665356f353b70f0/elements - {"using":"xpath","value":"(//span[contains(@title ,\"WebdriverYardi7zud\")])[1]"}
RESULT: {"using":"xpath","value":"(//span[contains(@title ,\"WebdriverYardi7zud\")])[1]"}
COMMAND: POST /session/0c2956f598ca806f9665356f353b70f0/elements - {"using":"xpath","value":"(//span[contains(@title ,\"WebdriverYardi7zud\")])[1]"}
RESULT: {"using":"xpath","value":"(//span[contains(@title ,\"WebdriverYardi7zud\")])[1]"}
COMMAND: POST /session/0c2956f598ca806f9665356f353b70f0/elements - {"using":"xpath","value":"(//span[contains(@title ,\"WebdriverYardi7zud\")])[1]"}
RESULT: {"using":"xpath","value":"(//span[contains(@title ,\"WebdriverYardi7zud\")])[1]"}
COMMAND: POST /session/0c2956f598ca806f9665356f353b70f0/elements - {"using":"xpath","value":"(//span[contains(@title ,\"WebdriverYardi7zud\")])[1]"}
RESULT: {"using":"xpath","value":"(//span[contains(@title ,\"WebdriverYardi7zud\")])[1]"}
COMMAND: POST /session/0c2956f598ca806f9665356f353b70f0/elements - {"using":"xpath","value":"(//span[contains(@title ,\"WebdriverYardi7zud\")])[1]"}
RESULT: {"using":"xpath","value":"(//span[contains(@title ,\"WebdriverYardi7zud\")])[1]"}
COMMAND: POST /session/0c2956f598ca806f9665356f353b70f0/elements - {"using":"xpath","value":"(//span[contains(@title ,\"WebdriverYardi7zud\")])[1]"}
RESULT: {"using":"xpath","value":"(//span[contains(@title ,\"WebdriverYardi7zud\")])[1]"}
COMMAND: POST /session/0c2956f598ca806f9665356f353b70f0/elements - {"using":"xpath","value":"(//span[contains(@title ,\"WebdriverYardi7zud\")])[1]"}
RESULT: {"using":"xpath","value":"(//span[contains(@title ,\"WebdriverYardi7zud\")])[1]"}
COMMAND: POST /session/0c2956f598ca806f9665356f353b70f0/elements - {"using":"xpath","value":"(//span[contains(@title ,\"WebdriverYardi7zud\")])[1]"}
RESULT: {"using":"xpath","value":"(//span[contains(@title ,\"WebdriverYardi7zud\")])[1]"}
COMMAND: POST /session/0c2956f598ca806f9665356f353b70f0/elements - {"using":"xpath","value":"(//span[contains(@title ,\"WebdriverYardi7zud\")])[1]"}
RESULT: {"using":"xpath","value":"(//span[contains(@title ,\"WebdriverYardi7zud\")])[1]"}
COMMAND: POST /session/0c2956f598ca806f9665356f353b70f0/elements - {"using":"xpath","value":"(//span[contains(@title ,\"WebdriverYardi7zud\")])[1]"}
RESULT: {"using":"xpath","value":"(//span[contains(@title ,\"WebdriverYardi7zud\")])[1]"}
COMMAND: POST /session/0c2956f598ca806f9665356f353b70f0/elements - {"using":"xpath","value":"(//span[contains(@title ,\"WebdriverYardi7zud\")])[1]"}
RESULT: {"using":"xpath","value":"(//span[contains(@title ,\"WebdriverYardi7zud\")])[1]"}
COMMAND: POST /session/0c2956f598ca806f9665356f353b70f0/elements - {"using":"xpath","value":"(//span[contains(@title ,\"WebdriverYardi7zud\")])[1]"}
RESULT: {"using":"xpath","value":"(//span[contains(@title ,\"WebdriverYardi7zud\")])[1]"}
COMMAND: POST /session/0c2956f598ca806f9665356f353b70f0/elements - {"using":"xpath","value":"(//span[contains(@title ,\"WebdriverYardi7zud\")])[1]"}
RESULT: {"using":"xpath","value":"(//span[contains(@title ,\"WebdriverYardi7zud\")])[1]"}
COMMAND: POST /session/0c2956f598ca806f9665356f353b70f0/elements - {"using":"xpath","value":"(//span[contains(@title ,\"WebdriverYardi7zud\")])[1]"}
RESULT: {"using":"xpath","value":"(//span[contains(@title ,\"WebdriverYardi7zud\")])[1]"}
COMMAND: POST /session/0c2956f598ca806f9665356f353b70f0/elements - {"using":"xpath","value":"(//span[contains(@title ,\"WebdriverYardi7zud\")])[1]"}
RESULT: {"using":"xpath","value":"(//span[contains(@title ,\"WebdriverYardi7zud\")])[1]"}
COMMAND: POST /session/0c2956f598ca806f9665356f353b70f0/elements - {"using":"xpath","value":"(//span[contains(@title ,\"WebdriverYardi7zud\")])[1]"}
RESULT: {"using":"xpath","value":"(//span[contains(@title ,\"WebdriverYardi7zud\")])[1]"}
COMMAND: POST /session/0c2956f598ca806f9665356f353b70f0/elements - {"using":"xpath","value":"(//span[contains(@title ,\"WebdriverYardi7zud\")])[1]"}
RESULT: {"using":"xpath","value":"(//span[contains(@title ,\"WebdriverYardi7zud\")])[1]"}
COMMAND: POST /session/0c2956f598ca806f9665356f353b70f0/elements - {"using":"xpath","value":"(//span[contains(@title ,\"WebdriverYardi7zud\")])[1]"}
RESULT: {"using":"xpath","value":"(//span[contains(@title ,\"WebdriverYardi7zud\")])[1]"}
COMMAND: POST /session/0c2956f598ca806f9665356f353b70f0/elements - {"using":"xpath","value":"(//span[contains(@title ,\"WebdriverYardi7zud\")])[1]"}
RESULT: {"using":"xpath","value":"(//span[contains(@title ,\"WebdriverYardi7zud\")])[1]"}
COMMAND: POST /session/0c2956f598ca806f9665356f353b70f0/elements - {"using":"xpath","value":"(//span[contains(@title ,\"WebdriverYardi7zud\")])[1]"}
RESULT: {"using":"xpath","value":"(//span[contains(@title ,\"WebdriverYardi7zud\")])[1]"}
COMMAND: POST /session/0c2956f598ca806f9665356f353b70f0/elements - {"using":"xpath","value":"(//span[contains(@title ,\"WebdriverYardi7zud\")])[1]"}
RESULT: {"using":"xpath","value":"(//span[contains(@title ,\"WebdriverYardi7zud\")])[1]"}
COMMAND: POST /session/0c2956f598ca806f9665356f353b70f0/elements - {"using":"xpath","value":"(//span[contains(@title ,\"WebdriverYardi7zud\")])[1]"}
RESULT: {"using":"xpath","value":"(//span[contains(@title ,\"WebdriverYardi7zud\")])[1]"}
COMMAND: POST /session/0c2956f598ca806f9665356f353b70f0/elements - {"using":"xpath","value":"(//span[contains(@title ,\"WebdriverYardi7zud\")])[1]"}
RESULT: {"using":"xpath","value":"(//span[contains(@title ,\"WebdriverYardi7zud\")])[1]"}
COMMAND: POST /session/0c2956f598ca806f9665356f353b70f0/element - {"using":"xpath","value":"(//span[contains(@title ,\"WebdriverYardi7zud\")])[1]"}
RESULT: {"using":"xpath","value":"(//span[contains(@title ,\"WebdriverYardi7zud\")])[1]"}
COMMAND: POST /session/0c2956f598ca806f9665356f353b70f0/execute/sync - {"script":"<script> [8489 bytes]","args":[{"element-6066-11e4-a52e-4f735466cecf":"f.20C66F91A75546181850ABA8914744C8.d.9B1C0A64979DDBAD4EF0A4F511966EA3.e.10931","ELEMENT":"f.20C66F91A75546181850ABA8914744C8.d.9B1C0A64979DDBAD4EF0A4F511966EA3.e.10931"}]}
RESULT: {"script":"<script> [8489 bytes]","args":[{"element-6066-11e4-a52e-4f735466cecf":"f.20C66F91A75546181850ABA8914744C8.d.9B1C0A64979DDBAD4EF0A4F511966EA3.e.10931","ELEMENT":"f.20C66F91A75546181850ABA8914744C8.d.9B1C0A64979DDBAD4EF0A4F511966EA3.e.10931"}]}
COMMAND: POST /session/0c2956f598ca806f9665356f353b70f0/element - {"using":"xpath","value":"(//span[contains(@title ,\"WebdriverYardi7zud\")])[1]"}
COMMAND: GET /session/0c2956f598ca806f9665356f353b70f0/screenshot - {}
RESULT: {"using":"xpath","value":"(//span[contains(@title ,\"WebdriverYardi7zud\")])[1]"}
COMMAND: POST /session/0c2956f598ca806f9665356f353b70f0/actions - {"actions":[{"id":"action67","type":"pointer","parameters":{"pointerType":"mouse"},"actions":[{"type":"pointerMove","button":0,"width":0,"height":0,"pressure":0,"tangentialPressure":0,"tiltX":0,"tiltY":0,"twist":0,"altitudeAngle":0,"_":"5 more keys: [\"azimuthAngle\",\"x\",\"y\",\"duration\",\"origin\"]"},{"type":"pointerDown","button":2,"width":0,"height":0,"pressure":0,"tangentialPressure":0,"tiltX":0,"tiltY":0,"twist":0,"altitudeAngle":0,"_":"1 more keys: [\"azimuthAngle\"]"},{"type":"pointerUp","button":2}]}]}
RESULT: {}
RESULT: {"actions":[{"id":"action67","type":"pointer","parameters":{"pointerType":"mouse"},"actions":[{"type":"pointerMove","button":0,"width":0,"height":0,"pressure":0,"tangentialPressure":0,"tiltX":0,"tiltY":0,"twist":0,"altitudeAngle":0,"_":"5 more keys: [\"azimuthAngle\",\"x\",\"y\",\"duration\",\"origin\"]"},{"type":"pointerDown","button":2,"width":0,"height":0,"pressure":0,"tangentialPressure":0,"tiltX":0,"tiltY":0,"twist":0,"altitudeAngle":0,"_":"1 more keys: [\"azimuthAngle\"]"},{"type":"pointerUp","button":2}]}]}
COMMAND: DELETE /session/0c2956f598ca806f9665356f353b70f0/actions - {}
COMMAND: GET /session/0c2956f598ca806f9665356f353b70f0/screenshot - {}
RESULT: {}
COMMAND: GET /session/0c2956f598ca806f9665356f353b70f0/screenshot - {}
RESULT: {}
RESULT: {}
COMMAND: POST /session/0c2956f598ca806f9665356f353b70f0/actions - {"actions":[{"id":"action68","type":"key","parameters":{},"actions":[{"type":"keyDown","value":""},{"type":"pause","duration":10},{"type":"keyUp","value":""}]}]}
RESULT: {"actions":[{"id":"action68","type":"key","parameters":{},"actions":[{"type":"keyDown","value":""},{"type":"pause","duration":10},{"type":"keyUp","value":""}]}]}
COMMAND: GET /session/0c2956f598ca806f9665356f353b70f0/screenshot - {}
RESULT: {}
COMMAND: POST /session/0c2956f598ca806f9665356f353b70f0/actions - {"actions":[{"id":"action69","type":"key","parameters":{},"actions":[{"type":"keyDown","value":""},{"type":"pause","duration":10},{"type":"keyUp","value":""}]}]}
RESULT: {"actions":[{"id":"action69","type":"key","parameters":{},"actions":[{"type":"keyDown","value":""},{"type":"pause","duration":10},{"type":"keyUp","value":""}]}]}
COMMAND: GET /session/0c2956f598ca806f9665356f353b70f0/screenshot - {}
RESULT: {}
COMMAND: POST /session/0c2956f598ca806f9665356f353b70f0/execute/async - {"script":"<script> [1562 bytes]","args":[{"selector":{"id":"application-planningboard-display-component---pB_RequestHeader--RUreservationComment","searchOpenDialogs":true,"interaction":{"idSuffix":"inner"}},"wdio_ui5_key":"applicationplanningboard-display-component---pB_RequestHeader--RUreservationComment"}]}
RESULT: {"script":"<script> [1562 bytes]","args":[{"selector":{"id":"application-planningboard-display-component---pB_RequestHeader--RUreservationComment","searchOpenDialogs":true,"interaction":{"idSuffix":"inner"}},"wdio_ui5_key":"applicationplanningboard-display-component---pB_RequestHeader--RUreservationComment"}]}
RESULT: undefined
COMMAND: POST /session/0c2956f598ca806f9665356f353b70f0/execute/async - {"script":"<script> [776 bytes]","args":[{"enterText":"WdIORes1drh36","selector":{"id":"application-planningboard-display-component---pB_RequestHeader--RUreservationComment","searchOpenDialogs":true,"interaction":{"idSuffix":"inner"}},"clearTextFirst":true,"interactionType":"ENTER_TEXT"}]}
RESULT: {"script":"<script> [776 bytes]","args":[{"enterText":"WdIORes1drh36","selector":{"id":"application-planningboard-display-component---pB_RequestHeader--RUreservationComment","searchOpenDialogs":true,"interaction":{"idSuffix":"inner"}},"clearTextFirst":true,"interactionType":"ENTER_TEXT"}]}
COMMAND: POST /session/0c2956f598ca806f9665356f353b70f0/execute/async - {"script":"<script> [1562 bytes]","args":[{"selector":{"controlType":"sap.m.Button","viewName":"etm.portal.ui.planningboard.view.detail.RequestHeader","viewId":"application-planningboard-display-component---pB_RequestHeader","properties":{"text":"Ok"},"searchOpenDialogs":true,"interaction":{"idSuffix":"BDI-content"}},"wdio_ui5_key":"etmportal.ui.planningboard.view.detail.RequestHeadersap.m.Button{\"text\":\"Ok\"}"}]}
RESULT: {"script":"<script> [1562 bytes]","args":[{"selector":{"controlType":"sap.m.Button","viewName":"etm.portal.ui.planningboard.view.detail.RequestHeader","viewId":"application-planningboard-display-component---pB_RequestHeader","properties":{"text":"Ok"},"searchOpenDialogs":true,"interaction":{"idSuffix":"BDI-content"}},"wdio_ui5_key":"etmportal.ui.planningboard.view.detail.RequestHeadersap.m.Button{\"text\":\"Ok\"}"}]}
RESULT: undefined
COMMAND: POST /session/0c2956f598ca806f9665356f353b70f0/element - {"using":"xpath","value":"//*[@id=\"__button190\"]"}
RESULT: {"using":"xpath","value":"//*[@id=\"__button190\"]"}
COMMAND: POST /session/0c2956f598ca806f9665356f353b70f0/element/f.20C66F91A75546181850ABA8914744C8.d.9B1C0A64979DDBAD4EF0A4F511966EA3.e.10948/click - {}
RESULT: {}
COMMAND: GET /session/0c2956f598ca806f9665356f353b70f0/screenshot - {}
RESULT: {}
COMMAND: POST /session/0c2956f598ca806f9665356f353b70f0/element - {"using":"xpath","value":"//span[contains(@title ,\"WebdriverYardi7zud\")]"}
RESULT: {"using":"xpath","value":"//span[contains(@title ,\"WebdriverYardi7zud\")]"}
COMMAND: POST /session/0c2956f598ca806f9665356f353b70f0/actions - {"actions":[{"id":"action70","type":"pointer","parameters":{"pointerType":"mouse"},"actions":[{"type":"pointerMove","button":0,"width":0,"height":0,"pressure":0,"tangentialPressure":0,"tiltX":0,"tiltY":0,"twist":0,"altitudeAngle":0,"_":"5 more keys: [\"azimuthAngle\",\"x\",\"y\",\"duration\",\"origin\"]"},{"type":"pointerDown","button":2,"width":0,"height":0,"pressure":0,"tangentialPressure":0,"tiltX":0,"tiltY":0,"twist":0,"altitudeAngle":0,"_":"1 more keys: [\"azimuthAngle\"]"},{"type":"pointerUp","button":2}]}]}
RESULT: {"actions":[{"id":"action70","type":"pointer","parameters":{"pointerType":"mouse"},"actions":[{"type":"pointerMove","button":0,"width":0,"height":0,"pressure":0,"tangentialPressure":0,"tiltX":0,"tiltY":0,"twist":0,"altitudeAngle":0,"_":"5 more keys: [\"azimuthAngle\",\"x\",\"y\",\"duration\",\"origin\"]"},{"type":"pointerDown","button":2,"width":0,"height":0,"pressure":0,"tangentialPressure":0,"tiltX":0,"tiltY":0,"twist":0,"altitudeAngle":0,"_":"1 more keys: [\"azimuthAngle\"]"},{"type":"pointerUp","button":2}]}]}
COMMAND: DELETE /session/0c2956f598ca806f9665356f353b70f0/actions - {}
COMMAND: GET /session/0c2956f598ca806f9665356f353b70f0/screenshot - {}
RESULT: {}
RESULT: {}
COMMAND: GET /session/0c2956f598ca806f9665356f353b70f0/screenshot - {}
RESULT: {}
COMMAND: POST /session/0c2956f598ca806f9665356f353b70f0/actions - {"actions":[{"id":"action71","type":"key","parameters":{},"actions":[{"type":"keyDown","value":""},{"type":"pause","duration":10},{"type":"keyUp","value":""}]}]}
RESULT: {"actions":[{"id":"action71","type":"key","parameters":{},"actions":[{"type":"keyDown","value":""},{"type":"pause","duration":10},{"type":"keyUp","value":""}]}]}
COMMAND: GET /session/0c2956f598ca806f9665356f353b70f0/screenshot - {}
RESULT: {}
COMMAND: POST /session/0c2956f598ca806f9665356f353b70f0/actions - {"actions":[{"id":"action72","type":"key","parameters":{},"actions":[{"type":"keyDown","value":""},{"type":"pause","duration":10},{"type":"keyUp","value":""}]}]}
RESULT: {"actions":[{"id":"action72","type":"key","parameters":{},"actions":[{"type":"keyDown","value":""},{"type":"pause","duration":10},{"type":"keyUp","value":""}]}]}
COMMAND: GET /session/0c2956f598ca806f9665356f353b70f0/screenshot - {}
RESULT: {}
RESULT: undefined
COMMAND: POST /session/0c2956f598ca806f9665356f353b70f0/execute/async - {"script":"<script> [776 bytes]","args":[{"enterText":"WdIORes2vstrg","selector":{"id":"application-planningboard-display-component---pB_RequestHeader--RUreservationComment","searchOpenDialogs":true,"interaction":{"idSuffix":"inner"}},"clearTextFirst":true,"interactionType":"ENTER_TEXT"}]}
RESULT: {"script":"<script> [776 bytes]","args":[{"enterText":"WdIORes2vstrg","selector":{"id":"application-planningboard-display-component---pB_RequestHeader--RUreservationComment","searchOpenDialogs":true,"interaction":{"idSuffix":"inner"}},"clearTextFirst":true,"interactionType":"ENTER_TEXT"}]}
RESULT: undefined
COMMAND: POST /session/0c2956f598ca806f9665356f353b70f0/element - {"using":"xpath","value":"//*[@id=\"__button190\"]"}
RESULT: {"using":"xpath","value":"//*[@id=\"__button190\"]"}
COMMAND: POST /session/0c2956f598ca806f9665356f353b70f0/element/f.20C66F91A75546181850ABA8914744C8.d.9B1C0A64979DDBAD4EF0A4F511966EA3.e.11025/click - {}
RESULT: {}
COMMAND: GET /session/0c2956f598ca806f9665356f353b70f0/screenshot - {}
RESULT: {}
COMMAND: POST /session/0c2956f598ca806f9665356f353b70f0/execute/async - {"script":"<script> [1562 bytes]","args":[{"selector":{"controlType":"sap.m.Button","viewName":"etm.portal.ui.planningboard.view.detail.RequestHeader","viewId":"application-planningboard-display-component---pB_RequestHeader","i18NText":{"propertyName":"text","key":"close"},"ancestor":{"id":"application-planningboard-display-component---pB_RequestHeader--requestItemDetails"},"interaction":{"idSuffix":"BDI-content"}},"wdio_ui5_key":"etmportal.ui.planningboard.view.detail.RequestHeadersap.m.Button{\"propertyName\":\"text\",\"key\":\"close\"}{\"id\":\"application-planningboard-display-component---pB_RequestHeader--requestItemDetails\"}"}]}
RESULT: {"script":"<script> [1562 bytes]","args":[{"selector":{"controlType":"sap.m.Button","viewName":"etm.portal.ui.planningboard.view.detail.RequestHeader","viewId":"application-planningboard-display-component---pB_RequestHeader","i18NText":{"propertyName":"text","key":"close"},"ancestor":{"id":"application-planningboard-display-component---pB_RequestHeader--requestItemDetails"},"interaction":{"idSuffix":"BDI-content"}},"wdio_ui5_key":"etmportal.ui.planningboard.view.detail.RequestHeadersap.m.Button{\"propertyName\":\"text\",\"key\":\"close\"}{\"id\":\"application-planningboard-display-component---pB_RequestHeader--requestItemDetails\"}"}]}
RESULT: undefined
COMMAND: POST /session/0c2956f598ca806f9665356f353b70f0/element - {"using":"xpath","value":"//*[@id=\"__button66\"]"}
RESULT: {"using":"xpath","value":"//*[@id=\"__button66\"]"}
COMMAND: POST /session/0c2956f598ca806f9665356f353b70f0/element/f.20C66F91A75546181850ABA8914744C8.d.9B1C0A64979DDBAD4EF0A4F511966EA3.e.10715/click - {}
RESULT: {}
COMMAND: GET /session/0c2956f598ca806f9665356f353b70f0/screenshot - {}
RESULT: {}
COMMAND: POST /session/0c2956f598ca806f9665356f353b70f0/execute/async - {"script":"<script> [1562 bytes]","args":[{"selector":{"id":"application-planningboard-display-component---pB_Master--selectView","interaction":{"idSuffix":"arrow"}},"wdio_ui5_key":"applicationplanningboard-display-component---pB_Master--selectView"}]}
RESULT: {"script":"<script> [1562 bytes]","args":[{"selector":{"id":"application-planningboard-display-component---pB_Master--selectView","interaction":{"idSuffix":"arrow"}},"wdio_ui5_key":"applicationplanningboard-display-component---pB_Master--selectView"}]}
RESULT: undefined
COMMAND: POST /session/0c2956f598ca806f9665356f353b70f0/element - {"using":"xpath","value":"//*[@id=\"application-planningboard-display-component---pB_Master--selectView\"]"}
RESULT: {"using":"xpath","value":"//*[@id=\"application-planningboard-display-component---pB_Master--selectView\"]"}
COMMAND: POST /session/0c2956f598ca806f9665356f353b70f0/element/f.20C66F91A75546181850ABA8914744C8.d.9B1C0A64979DDBAD4EF0A4F511966EA3.e.11245/click - {}
RESULT: {}
COMMAND: GET /session/0c2956f598ca806f9665356f353b70f0/screenshot - {}
RESULT: {}
COMMAND: POST /session/0c2956f598ca806f9665356f353b70f0/execute/async - {"script":"<script> [1562 bytes]","args":[{"selector":{"controlType":"sap.ui.core.Item","viewName":"etm.portal.ui.planningboard.view.Master","viewId":"application-planningboard-display-component---pB_Master","i18NText":{"propertyName":"text","key":"manageReservations"},"searchOpenDialogs":true},"wdio_ui5_key":"etmportal.ui.planningboard.view.Mastersap.ui.core.Item{\"propertyName\":\"text\",\"key\":\"manageReservations\"}"}]}
RESULT: {"script":"<script> [1562 bytes]","args":[{"selector":{"controlType":"sap.ui.core.Item","viewName":"etm.portal.ui.planningboard.view.Master","viewId":"application-planningboard-display-component---pB_Master","i18NText":{"propertyName":"text","key":"manageReservations"},"searchOpenDialogs":true},"wdio_ui5_key":"etmportal.ui.planningboard.view.Mastersap.ui.core.Item{\"propertyName\":\"text\",\"key\":\"manageReservations\"}"}]}
RESULT: undefined
COMMAND: POST /session/0c2956f598ca806f9665356f353b70f0/element - {"using":"xpath","value":"//*[@id=\"__item707\"]"}
RESULT: {"using":"xpath","value":"//*[@id=\"__item707\"]"}
COMMAND: POST /session/0c2956f598ca806f9665356f353b70f0/element/f.20C66F91A75546181850ABA8914744C8.d.9B1C0A64979DDBAD4EF0A4F511966EA3.e.11246/click - {}
RESULT: {}
COMMAND: GET /session/0c2956f598ca806f9665356f353b70f0/screenshot - {}
RESULT: {}
COMMAND: POST /session/0c2956f598ca806f9665356f353b70f0/element - {"using":"xpath","value":"//span[contains(@id ,\"clone\")][contains(text(), \"WdIORes1drh36\")]"}
RESULT: {"using":"xpath","value":"//span[contains(@id ,\"clone\")][contains(text(), \"WdIORes1drh36\")]"}
COMMAND: GET /session/0c2956f598ca806f9665356f353b70f0/element/f.20C66F91A75546181850ABA8914744C8.d.9B1C0A64979DDBAD4EF0A4F511966EA3.e.11262/text - {}
RESULT: {}
COMMAND: POST /session/0c2956f598ca806f9665356f353b70f0/element - {"using":"xpath","value":"//span[contains(@id ,\"clone\")][contains(text(), \"WdIORes2vstrg\")]"}
RESULT: {"using":"xpath","value":"//span[contains(@id ,\"clone\")][contains(text(), \"WdIORes2vstrg\")]"}
COMMAND: POST /session/0c2956f598ca806f9665356f353b70f0/element/f.20C66F91A75546181850ABA8914744C8.d.9B1C0A64979DDBAD4EF0A4F511966EA3.e.11263/click - {}
RESULT: {}
COMMAND: GET /session/0c2956f598ca806f9665356f353b70f0/screenshot - {}
RESULT: {}
COMMAND: POST /session/0c2956f598ca806f9665356f353b70f0/actions - {"actions":[{"id":"action73","type":"key","parameters":{},"actions":[{"type":"keyDown","value":""},{"type":"pause","duration":10},{"type":"keyUp","value":""}]}]}
RESULT: {"actions":[{"id":"action73","type":"key","parameters":{},"actions":[{"type":"keyDown","value":""},{"type":"pause","duration":10},{"type":"keyUp","value":""}]}]}
COMMAND: GET /session/0c2956f598ca806f9665356f353b70f0/screenshot - {}
RESULT: {}
COMMAND: POST /session/0c2956f598ca806f9665356f353b70f0/execute/async - {"script":"<script> [1562 bytes]","args":[{"selector":{"controlType":"sap.m.Button","viewName":"etm.portal.ui.planningboard.view.detail.Planning","viewId":"application-planningboard-display-component---pB_Planning","i18NText":{"propertyName":"text","key":"unplan"},"interaction":{"idSuffix":"BDI-content"}},"wdio_ui5_key":"etmportal.ui.planningboard.view.detail.Planningsap.m.Button{\"propertyName\":\"text\",\"key\":\"unplan\"}"}]}
RESULT: {"script":"<script> [1562 bytes]","args":[{"selector":{"controlType":"sap.m.Button","viewName":"etm.portal.ui.planningboard.view.detail.Planning","viewId":"application-planningboard-display-component---pB_Planning","i18NText":{"propertyName":"text","key":"unplan"},"interaction":{"idSuffix":"BDI-content"}},"wdio_ui5_key":"etmportal.ui.planningboard.view.detail.Planningsap.m.Button{\"propertyName\":\"text\",\"key\":\"unplan\"}"}]}
RESULT: undefined
COMMAND: POST /session/0c2956f598ca806f9665356f353b70f0/element - {"using":"xpath","value":"//*[@id=\"__button256\"]"}
RESULT: {"using":"xpath","value":"//*[@id=\"__button256\"]"}
COMMAND: POST /session/0c2956f598ca806f9665356f353b70f0/element/f.20C66F91A75546181850ABA8914744C8.d.9B1C0A64979DDBAD4EF0A4F511966EA3.e.11320/click - {}
RESULT: {}
COMMAND: GET /session/0c2956f598ca806f9665356f353b70f0/screenshot - {}
RESULT: {}
COMMAND: POST /session/0c2956f598ca806f9665356f353b70f0/element - {"using":"xpath","value":"//span[contains(@id ,\"clone\")][contains(text(), \"WdIORes2vstrg\")]"}
RESULT: {"using":"xpath","value":"//span[contains(@id ,\"clone\")][contains(text(), \"WdIORes2vstrg\")]"}
COMMAND: POST /session/0c2956f598ca806f9665356f353b70f0/element - {"using":"xpath","value":"//span[contains(@id ,\"clone\")][contains(text(), \"WdIORes2vstrg\")]"}
RESULT: {"using":"xpath","value":"//span[contains(@id ,\"clone\")][contains(text(), \"WdIORes2vstrg\")]"}
COMMAND: POST /session/0c2956f598ca806f9665356f353b70f0/element - {"using":"xpath","value":"//span[contains(@id ,\"clone\")][contains(text(), \"WdIORes1drh36\")]"}
RESULT: {"using":"xpath","value":"//span[contains(@id ,\"clone\")][contains(text(), \"WdIORes1drh36\")]"}
COMMAND: POST /session/0c2956f598ca806f9665356f353b70f0/element/f.20C66F91A75546181850ABA8914744C8.d.9B1C0A64979DDBAD4EF0A4F511966EA3.e.11385/click - {}
RESULT: {}
COMMAND: GET /session/0c2956f598ca806f9665356f353b70f0/screenshot - {}
RESULT: {}
COMMAND: POST /session/0c2956f598ca806f9665356f353b70f0/actions - {"actions":[{"id":"action74","type":"key","parameters":{},"actions":[{"type":"keyDown","value":""},{"type":"pause","duration":10},{"type":"keyUp","value":""}]}]}
RESULT: {"actions":[{"id":"action74","type":"key","parameters":{},"actions":[{"type":"keyDown","value":""},{"type":"pause","duration":10},{"type":"keyUp","value":""}]}]}
COMMAND: GET /session/0c2956f598ca806f9665356f353b70f0/screenshot - {}
RESULT: {}
]]></system-out>
    </testcase>
  </testsuite>
  <testsuite timestamp="2025-04-17T06:18:35" time="30.492" tests="1" failures="0" errors="0" skipped="0">
    <properties>
      <property name="specId" value="0"/>
      <property name="suiteName" value="Reserve/Unreserve request item via reserve option US139161"/>
      <property name="capabilities" value="chrome.135_0_7049_42.windows"/>
      <property name="file" value="file:///D:/a/1/s/test/specs/R2C/manage-reservations-view-planning-board.spec.js"/>
    </properties>
    <testcase classname="chrome.135_0_7049_42.windows.Reserve/Unreserve_request_item_via_reserve_option_US139161" name="Should open a reservation to verify and edit the details" time="30.491">
      <system-out><![CDATA[
COMMAND: POST /session/0c2956f598ca806f9665356f353b70f0/element - {"using":"xpath","value":"//button[contains(@data-kt, \"editButton\")]"}
RESULT: {"using":"xpath","value":"//button[contains(@data-kt, \"editButton\")]"}
COMMAND: POST /session/0c2956f598ca806f9665356f353b70f0/execute/sync - {"script":"<script> [8489 bytes]","args":[{"element-6066-11e4-a52e-4f735466cecf":"f.20C66F91A75546181850ABA8914744C8.d.9B1C0A64979DDBAD4EF0A4F511966EA3.e.11422","ELEMENT":"f.20C66F91A75546181850ABA8914744C8.d.9B1C0A64979DDBAD4EF0A4F511966EA3.e.11422"}]}
RESULT: {"script":"<script> [8489 bytes]","args":[{"element-6066-11e4-a52e-4f735466cecf":"f.20C66F91A75546181850ABA8914744C8.d.9B1C0A64979DDBAD4EF0A4F511966EA3.e.11422","ELEMENT":"f.20C66F91A75546181850ABA8914744C8.d.9B1C0A64979DDBAD4EF0A4F511966EA3.e.11422"}]}
COMMAND: POST /session/0c2956f598ca806f9665356f353b70f0/element - {"using":"xpath","value":"//button[contains(@data-kt, \"unplanButton\")]"}
COMMAND: GET /session/0c2956f598ca806f9665356f353b70f0/screenshot - {}
RESULT: {"using":"xpath","value":"//button[contains(@data-kt, \"unplanButton\")]"}
COMMAND: POST /session/0c2956f598ca806f9665356f353b70f0/execute/sync - {"script":"<script> [8489 bytes]","args":[{"element-6066-11e4-a52e-4f735466cecf":"f.20C66F91A75546181850ABA8914744C8.d.9B1C0A64979DDBAD4EF0A4F511966EA3.e.11438","ELEMENT":"f.20C66F91A75546181850ABA8914744C8.d.9B1C0A64979DDBAD4EF0A4F511966EA3.e.11438"}]}
RESULT: {}
RESULT: {"script":"<script> [8489 bytes]","args":[{"element-6066-11e4-a52e-4f735466cecf":"f.20C66F91A75546181850ABA8914744C8.d.9B1C0A64979DDBAD4EF0A4F511966EA3.e.11438","ELEMENT":"f.20C66F91A75546181850ABA8914744C8.d.9B1C0A64979DDBAD4EF0A4F511966EA3.e.11438"}]}
COMMAND: POST /session/0c2956f598ca806f9665356f353b70f0/element - {"using":"xpath","value":"//button[contains(@data-kt, \"editButton\")]"}
COMMAND: GET /session/0c2956f598ca806f9665356f353b70f0/screenshot - {}
RESULT: {"using":"xpath","value":"//button[contains(@data-kt, \"editButton\")]"}
COMMAND: POST /session/0c2956f598ca806f9665356f353b70f0/element/f.20C66F91A75546181850ABA8914744C8.d.9B1C0A64979DDBAD4EF0A4F511966EA3.e.11422/click - {}
RESULT: {}
RESULT: {}
COMMAND: POST /session/0c2956f598ca806f9665356f353b70f0/element - {"using":"xpath","value":"(//input[contains(@id ,\"picker\")][contains(@aria-roledescription ,\"Date Input\")])[4]"}
COMMAND: GET /session/0c2956f598ca806f9665356f353b70f0/screenshot - {}
RESULT: {"using":"xpath","value":"(//input[contains(@id ,\"picker\")][contains(@aria-roledescription ,\"Date Input\")])[4]"}
COMMAND: POST /session/0c2956f598ca806f9665356f353b70f0/element/f.20C66F91A75546181850ABA8914744C8.d.9B1C0A64979DDBAD4EF0A4F511966EA3.e.11406/clear - {}
RESULT: {}
RESULT: {}
COMMAND: POST /session/0c2956f598ca806f9665356f353b70f0/element/f.20C66F91A75546181850ABA8914744C8.d.9B1C0A64979DDBAD4EF0A4F511966EA3.e.11406/value - {"text":"4/19/25"}
COMMAND: GET /session/0c2956f598ca806f9665356f353b70f0/screenshot - {}
RESULT: {"text":"4/19/25"}
COMMAND: GET /session/0c2956f598ca806f9665356f353b70f0/screenshot - {}
RESULT: {}
RESULT: {}
COMMAND: POST /session/0c2956f598ca806f9665356f353b70f0/element - {"using":"xpath","value":"//bdi[contains(text(), \"Save\")]"}
RESULT: {"using":"xpath","value":"//bdi[contains(text(), \"Save\")]"}
COMMAND: POST /session/0c2956f598ca806f9665356f353b70f0/element/f.20C66F91A75546181850ABA8914744C8.d.9B1C0A64979DDBAD4EF0A4F511966EA3.e.11460/click - {}
RESULT: {}
COMMAND: GET /session/0c2956f598ca806f9665356f353b70f0/screenshot - {}
RESULT: {}
COMMAND: POST /session/0c2956f598ca806f9665356f353b70f0/element - {"using":"xpath","value":"(//input[contains(@id ,\"picker\")][contains(@aria-roledescription ,\"Date Input\")])[4]"}
RESULT: {"using":"xpath","value":"(//input[contains(@id ,\"picker\")][contains(@aria-roledescription ,\"Date Input\")])[4]"}
COMMAND: GET /session/0c2956f598ca806f9665356f353b70f0/element/f.20C66F91A75546181850ABA8914744C8.d.9B1C0A64979DDBAD4EF0A4F511966EA3.e.11406/property/value - {}
RESULT: {}
COMMAND: GET /session/0c2956f598ca806f9665356f353b70f0/screenshot - {}
RESULT: {}
COMMAND: POST /session/0c2956f598ca806f9665356f353b70f0/element - {"using":"xpath","value":"//bdi[contains(text(), \"Unplan\")]"}
RESULT: {"using":"xpath","value":"//bdi[contains(text(), \"Unplan\")]"}
COMMAND: POST /session/0c2956f598ca806f9665356f353b70f0/element/f.20C66F91A75546181850ABA8914744C8.d.9B1C0A64979DDBAD4EF0A4F511966EA3.e.11472/click - {}
RESULT: {}
COMMAND: GET /session/0c2956f598ca806f9665356f353b70f0/screenshot - {}
RESULT: {}
COMMAND: POST /session/0c2956f598ca806f9665356f353b70f0/element - {"using":"css selector","value":"#shell-header-logo"}
RESULT: {"using":"css selector","value":"#shell-header-logo"}
COMMAND: POST /session/0c2956f598ca806f9665356f353b70f0/element/f.20C66F91A75546181850ABA8914744C8.d.9B1C0A64979DDBAD4EF0A4F511966EA3.e.9921/click - {}
RESULT: {}
COMMAND: GET /session/0c2956f598ca806f9665356f353b70f0/screenshot - {}
]]></system-out>
    </testcase>
  </testsuite>
  <testsuite timestamp="2025-04-17T06:19:06" time="330.89" tests="3" failures="0" errors="0" skipped="0">
    <properties>
      <property name="specId" value="0"/>
      <property name="suiteName" value="Process request items into new quotation US120163"/>
      <property name="capabilities" value="chrome.135_0_7049_42.windows"/>
      <property name="file" value="file:///D:/a/1/s/test/specs/R2C/process-request-items-into-new-quotation.spec.js"/>
    </properties>
    <testcase classname="chrome.135_0_7049_42.windows.Process_request_items_into_new_quotation_US120163" name="Should create a new request with catalog items and plan it" time="229.02">
      <system-out><![CDATA[
COMMAND: POST /session/0c2956f598ca806f9665356f353b70f0/element - {"using":"xpath","value":"//*[contains(@href, 'etm.portal.ui.managerequests')]"}
RESULT: {}
RESULT: {"using":"xpath","value":"//*[contains(@href, 'etm.portal.ui.managerequests')]"}
COMMAND: POST /session/0c2956f598ca806f9665356f353b70f0/element/f.20C66F91A75546181850ABA8914744C8.d.9B1C0A64979DDBAD4EF0A4F511966EA3.e.11538/click - {}
RESULT: {}
COMMAND: GET /session/0c2956f598ca806f9665356f353b70f0/screenshot - {}
RESULT: {}
COMMAND: POST /session/0c2956f598ca806f9665356f353b70f0/refresh - {}
RESULT: {}
COMMAND: GET /session/0c2956f598ca806f9665356f353b70f0/screenshot - {}
RESULT: {}
COMMAND: POST /session/0c2956f598ca806f9665356f353b70f0/refresh - {}
RESULT: {}
COMMAND: GET /session/0c2956f598ca806f9665356f353b70f0/screenshot - {}
RESULT: {}
COMMAND: POST /session/0c2956f598ca806f9665356f353b70f0/execute/async - {"script":"<script> [189 bytes]","args":[]}
RESULT: {"script":"<script> [189 bytes]","args":[]}
COMMAND: POST /session/0c2956f598ca806f9665356f353b70f0/execute/async - {"script":"<script> [123 bytes]","args":[]}
RESULT: {"script":"<script> [123 bytes]","args":[]}
COMMAND: POST /session/0c2956f598ca806f9665356f353b70f0/timeouts - {"script":"<number>"}
RESULT: {"script":"<number>"}
COMMAND: GET /session/0c2956f598ca806f9665356f353b70f0/timeouts - {}
RESULT: {}
RESULT: undefined
COMMAND: POST /session/0c2956f598ca806f9665356f353b70f0/execute/async - {"script":"<script> [2676 bytes]","args":[]}
RESULT: {"script":"<script> [2676 bytes]","args":[]}
COMMAND: POST /session/0c2956f598ca806f9665356f353b70f0/execute/async - {"script":"<script> [2342 bytes]","args":[{"protocol":"http","hostname":"0.0.0.0","path":"/","capabilities":{"browserName":"chrome","goog:chromeOptions":{"binary":"C:\\Program Files\\Google\\Chrome\\Application\\chrome.exe","args":["--start-maximized"]}},"logLevel":"warn","connectionRetryTimeout":120000,"connectionRetryCount":3,"logLevels":{},"enableDirectConnect":true,"strictSSL":true,"_":"65 more keys: [\"cacheDir\",\"port\",\"requestedCapabilities\",\"automationProtocol\",\"baseUrl\",\"waitforInterval\",\"waitforTimeout\",\"onReload\",\"beforeCommand\",\"afterCommand\",\"rootDir\",\"specs\",\"suites\",\"exclude\",\"groupLogsByTestSpec\",\"excludeDriverLogs\",\"bail\",\"framework\",\"reporters\",\"services\",\"maxInstances\",\"maxInstancesPerCapability\",\"injectGlobals\",\"filesToWatch\",\"execArgv\",\"runnerEnv\",\"runner\",\"shard\",\"specFileRetries\",\"specFileRetriesDelay\",\"specFileRetriesDeferred\",\"reporterSyncInterval\",\"reporterSyncTimeout\",\"cucumberFeaturesWithLineNumbers\",\"autoCompileOpts\",\"mochaOpts\",\"jasmineOpts\",\"cucumberOpts\",\"onPrepare\",\"onWorkerStart\",\"onWorkerEnd\",\"before\",\"beforeSession\",\"beforeSuite\",\"beforeHook\",\"beforeTest\",\"afterTest\",\"afterHook\",\"afterSuite\",\"afterSession\",\"after\",\"onComplete\",\"beforeAssertion\",\"afterAssertion\",\"beforeFeature\",\"beforeScenario\",\"beforeStep\",\"afterStep\",\"afterScenario\",\"afterFeature\",\"_\",\"suite\",\"$0\",\"ignoredWorkerServices\",\"wdi5\"]"}]}
RESULT: {"script":"<script> [2342 bytes]","args":[{"protocol":"http","hostname":"0.0.0.0","path":"/","capabilities":{"browserName":"chrome","goog:chromeOptions":{"binary":"C:\\Program Files\\Google\\Chrome\\Application\\chrome.exe","args":["--start-maximized"]}},"logLevel":"warn","connectionRetryTimeout":120000,"connectionRetryCount":3,"logLevels":{},"enableDirectConnect":true,"strictSSL":true,"_":"65 more keys: [\"cacheDir\",\"port\",\"requestedCapabilities\",\"automationProtocol\",\"baseUrl\",\"waitforInterval\",\"waitforTimeout\",\"onReload\",\"beforeCommand\",\"afterCommand\",\"rootDir\",\"specs\",\"suites\",\"exclude\",\"groupLogsByTestSpec\",\"excludeDriverLogs\",\"bail\",\"framework\",\"reporters\",\"services\",\"maxInstances\",\"maxInstancesPerCapability\",\"injectGlobals\",\"filesToWatch\",\"execArgv\",\"runnerEnv\",\"runner\",\"shard\",\"specFileRetries\",\"specFileRetriesDelay\",\"specFileRetriesDeferred\",\"reporterSyncInterval\",\"reporterSyncTimeout\",\"cucumberFeaturesWithLineNumbers\",\"autoCompileOpts\",\"mochaOpts\",\"jasmineOpts\",\"cucumberOpts\",\"onPrepare\",\"onWorkerStart\",\"onWorkerEnd\",\"before\",\"beforeSession\",\"beforeSuite\",\"beforeHook\",\"beforeTest\",\"afterTest\",\"afterHook\",\"afterSuite\",\"afterSession\",\"after\",\"onComplete\",\"beforeAssertion\",\"afterAssertion\",\"beforeFeature\",\"beforeScenario\",\"beforeStep\",\"afterStep\",\"afterScenario\",\"afterFeature\",\"_\",\"suite\",\"$0\",\"ignoredWorkerServices\",\"wdi5\"]"}]}
COMMAND: POST /session/0c2956f598ca806f9665356f353b70f0/execute/async - {"script":"<script> [21126 bytes]","args":[35000]}
RESULT: {"script":"<script> [21126 bytes]","args":[35000]}
COMMAND: POST /session/0c2956f598ca806f9665356f353b70f0/element - {"using":"xpath","value":"//button[contains(@data-kt ,\"btnCreateNewOverflowToolbarButton\")]"}
RESULT: {"using":"xpath","value":"//button[contains(@data-kt ,\"btnCreateNewOverflowToolbarButton\")]"}
COMMAND: POST /session/0c2956f598ca806f9665356f353b70f0/elements - {"using":"xpath","value":"//button[contains(@data-kt ,\"btnCreateNewOverflowToolbarButton\")]"}
RESULT: {"using":"xpath","value":"//button[contains(@data-kt ,\"btnCreateNewOverflowToolbarButton\")]"}
COMMAND: POST /session/0c2956f598ca806f9665356f353b70f0/execute/sync - {"script":"<script> [8489 bytes]","args":[{"element-6066-11e4-a52e-4f735466cecf":"f.20C66F91A75546181850ABA8914744C8.d.CDA9FDB3095A6413F93EC47F23027DA6.e.11728","ELEMENT":"f.20C66F91A75546181850ABA8914744C8.d.CDA9FDB3095A6413F93EC47F23027DA6.e.11728"}]}
RESULT: {"script":"<script> [8489 bytes]","args":[{"element-6066-11e4-a52e-4f735466cecf":"f.20C66F91A75546181850ABA8914744C8.d.CDA9FDB3095A6413F93EC47F23027DA6.e.11728","ELEMENT":"f.20C66F91A75546181850ABA8914744C8.d.CDA9FDB3095A6413F93EC47F23027DA6.e.11728"}]}
COMMAND: GET /session/0c2956f598ca806f9665356f353b70f0/element/f.20C66F91A75546181850ABA8914744C8.d.CDA9FDB3095A6413F93EC47F23027DA6.e.11728/enabled - {}
COMMAND: GET /session/0c2956f598ca806f9665356f353b70f0/screenshot - {}
RESULT: {}
COMMAND: POST /session/0c2956f598ca806f9665356f353b70f0/execute/sync - {"script":"<script> [8489 bytes]","args":[{"element-6066-11e4-a52e-4f735466cecf":"f.20C66F91A75546181850ABA8914744C8.d.CDA9FDB3095A6413F93EC47F23027DA6.e.11728","ELEMENT":"f.20C66F91A75546181850ABA8914744C8.d.CDA9FDB3095A6413F93EC47F23027DA6.e.11728"}]}
COMMAND: GET /session/0c2956f598ca806f9665356f353b70f0/screenshot - {}
RESULT: {}
RESULT: {"script":"<script> [8489 bytes]","args":[{"element-6066-11e4-a52e-4f735466cecf":"f.20C66F91A75546181850ABA8914744C8.d.CDA9FDB3095A6413F93EC47F23027DA6.e.11728","ELEMENT":"f.20C66F91A75546181850ABA8914744C8.d.CDA9FDB3095A6413F93EC47F23027DA6.e.11728"}]}
COMMAND: POST /session/0c2956f598ca806f9665356f353b70f0/execute/sync - {"script":"<script> [5351 bytes]","args":[{"element-6066-11e4-a52e-4f735466cecf":"f.20C66F91A75546181850ABA8914744C8.d.CDA9FDB3095A6413F93EC47F23027DA6.e.11728","ELEMENT":"f.20C66F91A75546181850ABA8914744C8.d.CDA9FDB3095A6413F93EC47F23027DA6.e.11728"}]}
COMMAND: GET /session/0c2956f598ca806f9665356f353b70f0/screenshot - {}
RESULT: {}
RESULT: {"script":"<script> [5351 bytes]","args":[{"element-6066-11e4-a52e-4f735466cecf":"f.20C66F91A75546181850ABA8914744C8.d.CDA9FDB3095A6413F93EC47F23027DA6.e.11728","ELEMENT":"f.20C66F91A75546181850ABA8914744C8.d.CDA9FDB3095A6413F93EC47F23027DA6.e.11728"}]}
COMMAND: POST /session/0c2956f598ca806f9665356f353b70f0/element/f.20C66F91A75546181850ABA8914744C8.d.CDA9FDB3095A6413F93EC47F23027DA6.e.11728/click - {}
COMMAND: GET /session/0c2956f598ca806f9665356f353b70f0/screenshot - {}
RESULT: {}
RESULT: {}
COMMAND: GET /session/0c2956f598ca806f9665356f353b70f0/screenshot - {}
RESULT: {}
RESULT: {}
COMMAND: POST /session/0c2956f598ca806f9665356f353b70f0/element - {"using":"xpath","value":"//input[contains(@id ,\"yardId-inner\")]"}
RESULT: {"using":"xpath","value":"//input[contains(@id ,\"yardId-inner\")]"}
COMMAND: POST /session/0c2956f598ca806f9665356f353b70f0/elements - {"using":"xpath","value":"//input[contains(@id ,\"yardId-inner\")]"}
RESULT: {"using":"xpath","value":"//input[contains(@id ,\"yardId-inner\")]"}
COMMAND: POST /session/0c2956f598ca806f9665356f353b70f0/execute/sync - {"script":"<script> [8489 bytes]","args":[{"element-6066-11e4-a52e-4f735466cecf":"f.20C66F91A75546181850ABA8914744C8.d.CDA9FDB3095A6413F93EC47F23027DA6.e.11963","ELEMENT":"f.20C66F91A75546181850ABA8914744C8.d.CDA9FDB3095A6413F93EC47F23027DA6.e.11963"}]}
RESULT: {"script":"<script> [8489 bytes]","args":[{"element-6066-11e4-a52e-4f735466cecf":"f.20C66F91A75546181850ABA8914744C8.d.CDA9FDB3095A6413F93EC47F23027DA6.e.11963","ELEMENT":"f.20C66F91A75546181850ABA8914744C8.d.CDA9FDB3095A6413F93EC47F23027DA6.e.11963"}]}
COMMAND: GET /session/0c2956f598ca806f9665356f353b70f0/element/f.20C66F91A75546181850ABA8914744C8.d.CDA9FDB3095A6413F93EC47F23027DA6.e.11963/enabled - {}
COMMAND: GET /session/0c2956f598ca806f9665356f353b70f0/screenshot - {}
RESULT: {}
COMMAND: POST /session/0c2956f598ca806f9665356f353b70f0/execute/sync - {"script":"<script> [8489 bytes]","args":[{"element-6066-11e4-a52e-4f735466cecf":"f.20C66F91A75546181850ABA8914744C8.d.CDA9FDB3095A6413F93EC47F23027DA6.e.11963","ELEMENT":"f.20C66F91A75546181850ABA8914744C8.d.CDA9FDB3095A6413F93EC47F23027DA6.e.11963"}]}
COMMAND: GET /session/0c2956f598ca806f9665356f353b70f0/screenshot - {}
RESULT: {}
RESULT: {"script":"<script> [8489 bytes]","args":[{"element-6066-11e4-a52e-4f735466cecf":"f.20C66F91A75546181850ABA8914744C8.d.CDA9FDB3095A6413F93EC47F23027DA6.e.11963","ELEMENT":"f.20C66F91A75546181850ABA8914744C8.d.CDA9FDB3095A6413F93EC47F23027DA6.e.11963"}]}
COMMAND: POST /session/0c2956f598ca806f9665356f353b70f0/execute/sync - {"script":"<script> [5351 bytes]","args":[{"element-6066-11e4-a52e-4f735466cecf":"f.20C66F91A75546181850ABA8914744C8.d.CDA9FDB3095A6413F93EC47F23027DA6.e.11963","ELEMENT":"f.20C66F91A75546181850ABA8914744C8.d.CDA9FDB3095A6413F93EC47F23027DA6.e.11963"}]}
COMMAND: GET /session/0c2956f598ca806f9665356f353b70f0/screenshot - {}
RESULT: {}
RESULT: {"script":"<script> [5351 bytes]","args":[{"element-6066-11e4-a52e-4f735466cecf":"f.20C66F91A75546181850ABA8914744C8.d.CDA9FDB3095A6413F93EC47F23027DA6.e.11963","ELEMENT":"f.20C66F91A75546181850ABA8914744C8.d.CDA9FDB3095A6413F93EC47F23027DA6.e.11963"}]}
COMMAND: POST /session/0c2956f598ca806f9665356f353b70f0/element - {"using":"xpath","value":"//input[contains(@id ,\"yardId-inner\")]"}
COMMAND: GET /session/0c2956f598ca806f9665356f353b70f0/screenshot - {}
RESULT: {}
RESULT: {"using":"xpath","value":"//input[contains(@id ,\"yardId-inner\")]"}
COMMAND: POST /session/0c2956f598ca806f9665356f353b70f0/element/f.20C66F91A75546181850ABA8914744C8.d.CDA9FDB3095A6413F93EC47F23027DA6.e.11963/value - {"text":"WebdriverYardi7zud"}
RESULT: {}
RESULT: {"text":"WebdriverYardi7zud"}
COMMAND: GET /session/0c2956f598ca806f9665356f353b70f0/screenshot - {}
RESULT: {}
COMMAND: POST /session/0c2956f598ca806f9665356f353b70f0/actions - {"actions":[{"id":"action75","type":"key","parameters":{},"actions":[{"type":"keyDown","value":""},{"type":"pause","duration":10},{"type":"keyUp","value":""}]}]}
RESULT: {"actions":[{"id":"action75","type":"key","parameters":{},"actions":[{"type":"keyDown","value":""},{"type":"pause","duration":10},{"type":"keyUp","value":""}]}]}
COMMAND: GET /session/0c2956f598ca806f9665356f353b70f0/screenshot - {}
RESULT: {}
COMMAND: POST /session/0c2956f598ca806f9665356f353b70f0/element - {"using":"xpath","value":"//input[contains(@id ,\"customerNumber-inner\")]"}
RESULT: {"using":"xpath","value":"//input[contains(@id ,\"customerNumber-inner\")]"}
COMMAND: POST /session/0c2956f598ca806f9665356f353b70f0/element/f.20C66F91A75546181850ABA8914744C8.d.CDA9FDB3095A6413F93EC47F23027DA6.e.11957/value - {"text":"WebdriverPartner4gxjz"}
RESULT: {"text":"WebdriverPartner4gxjz"}
COMMAND: GET /session/0c2956f598ca806f9665356f353b70f0/screenshot - {}
RESULT: {}
COMMAND: POST /session/0c2956f598ca806f9665356f353b70f0/actions - {"actions":[{"id":"action76","type":"key","parameters":{},"actions":[{"type":"keyDown","value":""},{"type":"pause","duration":10},{"type":"keyUp","value":""}]}]}
RESULT: {"actions":[{"id":"action76","type":"key","parameters":{},"actions":[{"type":"keyDown","value":""},{"type":"pause","duration":10},{"type":"keyUp","value":""}]}]}
COMMAND: GET /session/0c2956f598ca806f9665356f353b70f0/screenshot - {}
RESULT: {}
COMMAND: POST /session/0c2956f598ca806f9665356f353b70f0/element - {"using":"xpath","value":"//input[contains(@id ,\"requestSiteId-inner\")]"}
RESULT: {"using":"xpath","value":"//input[contains(@id ,\"requestSiteId-inner\")]"}
COMMAND: POST /session/0c2956f598ca806f9665356f353b70f0/element/f.20C66F91A75546181850ABA8914744C8.d.CDA9FDB3095A6413F93EC47F23027DA6.e.11956/value - {"text":"WebdriverSite5136l"}
RESULT: {"text":"WebdriverSite5136l"}
COMMAND: GET /session/0c2956f598ca806f9665356f353b70f0/screenshot - {}
RESULT: {}
COMMAND: POST /session/0c2956f598ca806f9665356f353b70f0/actions - {"actions":[{"id":"action77","type":"key","parameters":{},"actions":[{"type":"keyDown","value":""},{"type":"pause","duration":10},{"type":"keyUp","value":""}]}]}
RESULT: {"actions":[{"id":"action77","type":"key","parameters":{},"actions":[{"type":"keyDown","value":""},{"type":"pause","duration":10},{"type":"keyUp","value":""}]}]}
COMMAND: GET /session/0c2956f598ca806f9665356f353b70f0/screenshot - {}
RESULT: {}
COMMAND: POST /session/0c2956f598ca806f9665356f353b70f0/element - {"using":"xpath","value":"//bdi[contains(text(), \"Items\")]"}
RESULT: {"using":"xpath","value":"//bdi[contains(text(), \"Items\")]"}
COMMAND: POST /session/0c2956f598ca806f9665356f353b70f0/element/f.20C66F91A75546181850ABA8914744C8.d.CDA9FDB3095A6413F93EC47F23027DA6.e.12121/click - {}
RESULT: {}
COMMAND: GET /session/0c2956f598ca806f9665356f353b70f0/screenshot - {}
RESULT: {}
COMMAND: POST /session/0c2956f598ca806f9665356f353b70f0/element - {"using":"xpath","value":"//button[contains(@data-kt ,\"requestItemAddOverflowToolbarButton\")]"}
RESULT: {"using":"xpath","value":"//button[contains(@data-kt ,\"requestItemAddOverflowToolbarButton\")]"}
COMMAND: POST /session/0c2956f598ca806f9665356f353b70f0/element/f.20C66F91A75546181850ABA8914744C8.d.CDA9FDB3095A6413F93EC47F23027DA6.e.11935/click - {}
RESULT: {}
COMMAND: GET /session/0c2956f598ca806f9665356f353b70f0/screenshot - {}
RESULT: {}
COMMAND: POST /session/0c2956f598ca806f9665356f353b70f0/actions - {"actions":[{"id":"action78","type":"key","parameters":{},"actions":[{"type":"keyDown","value":""},{"type":"pause","duration":10},{"type":"keyUp","value":""}]}]}
RESULT: {"actions":[{"id":"action78","type":"key","parameters":{},"actions":[{"type":"keyDown","value":""},{"type":"pause","duration":10},{"type":"keyUp","value":""}]}]}
COMMAND: POST /session/0c2956f598ca806f9665356f353b70f0/actions - {"actions":[{"id":"action79","type":"key","parameters":{},"actions":[{"type":"keyDown","value":""},{"type":"pause","duration":10},{"type":"keyUp","value":""}]}]}
COMMAND: GET /session/0c2956f598ca806f9665356f353b70f0/screenshot - {}
RESULT: {"actions":[{"id":"action79","type":"key","parameters":{},"actions":[{"type":"keyDown","value":""},{"type":"pause","duration":10},{"type":"keyUp","value":""}]}]}
COMMAND: POST /session/0c2956f598ca806f9665356f353b70f0/element - {"using":"xpath","value":"(//input[contains(@id ,\"requestItemsTable-0-inner\")])[1]"}
COMMAND: GET /session/0c2956f598ca806f9665356f353b70f0/screenshot - {}
RESULT: {}
RESULT: {"using":"xpath","value":"(//input[contains(@id ,\"requestItemsTable-0-inner\")])[1]"}
COMMAND: POST /session/0c2956f598ca806f9665356f353b70f0/element/f.20C66F91A75546181850ABA8914744C8.d.CDA9FDB3095A6413F93EC47F23027DA6.e.12137/clear - {}
RESULT: {}
RESULT: {}
COMMAND: POST /session/0c2956f598ca806f9665356f353b70f0/element/f.20C66F91A75546181850ABA8914744C8.d.CDA9FDB3095A6413F93EC47F23027DA6.e.12137/value - {"text":"catalogItem6knn4"}
COMMAND: GET /session/0c2956f598ca806f9665356f353b70f0/screenshot - {}
RESULT: {"text":"catalogItem6knn4"}
COMMAND: GET /session/0c2956f598ca806f9665356f353b70f0/screenshot - {}
RESULT: {}
RESULT: {}
COMMAND: POST /session/0c2956f598ca806f9665356f353b70f0/actions - {"actions":[{"id":"action80","type":"key","parameters":{},"actions":[{"type":"keyDown","value":""},{"type":"pause","duration":10},{"type":"keyUp","value":""}]}]}
RESULT: {"actions":[{"id":"action80","type":"key","parameters":{},"actions":[{"type":"keyDown","value":""},{"type":"pause","duration":10},{"type":"keyUp","value":""}]}]}
COMMAND: GET /session/0c2956f598ca806f9665356f353b70f0/screenshot - {}
RESULT: {}
COMMAND: POST /session/0c2956f598ca806f9665356f353b70f0/execute/async - {"script":"<script> [1562 bytes]","args":[{"selector":{"controlType":"sap.ui.core.Icon","viewName":"etm.portal.ui.managerequests.view.NewRequest","properties":{"src":{"regex":{"source":"slim\\-arrow\\-down"}}},"ancestor":{"controlType":"sap.m.Button","viewName":"etm.portal.ui.managerequests.view.NewRequest","properties":{"icon":"sap-icon://slim-arrow-down"}}},"wdio_ui5_key":"etmportal.ui.managerequests.view.NewRequestsap.ui.core.Icon{\"src\":{\"regex\":{\"source\":\"slim\\\\-arrow\\\\-down\"}}}{\"controlType\":\"sap.m.Button\",\"viewName\":\"etm.portal.ui.managerequests.view.NewRequest\",\"properties\":{\"icon\":\"sap-icon://slim-arrow-down\"}}"}]}
RESULT: {"script":"<script> [1562 bytes]","args":[{"selector":{"controlType":"sap.ui.core.Icon","viewName":"etm.portal.ui.managerequests.view.NewRequest","properties":{"src":{"regex":{"source":"slim\\-arrow\\-down"}}},"ancestor":{"controlType":"sap.m.Button","viewName":"etm.portal.ui.managerequests.view.NewRequest","properties":{"icon":"sap-icon://slim-arrow-down"}}},"wdio_ui5_key":"etmportal.ui.managerequests.view.NewRequestsap.ui.core.Icon{\"src\":{\"regex\":{\"source\":\"slim\\\\-arrow\\\\-down\"}}}{\"controlType\":\"sap.m.Button\",\"viewName\":\"etm.portal.ui.managerequests.view.NewRequest\",\"properties\":{\"icon\":\"sap-icon://slim-arrow-down\"}}"}]}
RESULT: undefined
COMMAND: POST /session/0c2956f598ca806f9665356f353b70f0/element - {"using":"xpath","value":"//*[@id=\"__title4-expandBtn-img\"]"}
RESULT: {"using":"xpath","value":"//*[@id=\"__title4-expandBtn-img\"]"}
COMMAND: POST /session/0c2956f598ca806f9665356f353b70f0/element/f.20C66F91A75546181850ABA8914744C8.d.CDA9FDB3095A6413F93EC47F23027DA6.e.12150/click - {}
RESULT: {}
COMMAND: GET /session/0c2956f598ca806f9665356f353b70f0/screenshot - {}
RESULT: {}
COMMAND: POST /session/0c2956f598ca806f9665356f353b70f0/element - {"using":"xpath","value":"//div[contains(@data-kt ,\"splitAllocationObjectStatus\")]"}
RESULT: {"using":"xpath","value":"//div[contains(@data-kt ,\"splitAllocationObjectStatus\")]"}
COMMAND: POST /session/0c2956f598ca806f9665356f353b70f0/elements - {"using":"xpath","value":"//div[contains(@data-kt ,\"splitAllocationObjectStatus\")]"}
RESULT: {"using":"xpath","value":"//div[contains(@data-kt ,\"splitAllocationObjectStatus\")]"}
COMMAND: POST /session/0c2956f598ca806f9665356f353b70f0/execute/async - {"script":"<script> [1562 bytes]","args":[{"selector":{"controlType":"sap.ui.core.Icon","viewName":"etm.portal.ui.managerequests.view.NewRequest","properties":{"src":{"regex":{"source":"message\\-error"}}}},"wdio_ui5_key":"etmportal.ui.managerequests.view.NewRequestsap.ui.core.Icon{\"src\":{\"regex\":{\"source\":\"message\\\\-error\"}}}"}]}
RESULT: {"script":"<script> [1562 bytes]","args":[{"selector":{"controlType":"sap.ui.core.Icon","viewName":"etm.portal.ui.managerequests.view.NewRequest","properties":{"src":{"regex":{"source":"message\\-error"}}}},"wdio_ui5_key":"etmportal.ui.managerequests.view.NewRequestsap.ui.core.Icon{\"src\":{\"regex\":{\"source\":\"message\\\\-error\"}}}"}]}
RESULT: undefined
COMMAND: POST /session/0c2956f598ca806f9665356f353b70f0/element - {"using":"xpath","value":"//*[@id=\"__status4-__xmlview1--requestItemsTable-0-icon\"]"}
RESULT: {"using":"xpath","value":"//*[@id=\"__status4-__xmlview1--requestItemsTable-0-icon\"]"}
COMMAND: POST /session/0c2956f598ca806f9665356f353b70f0/element/f.20C66F91A75546181850ABA8914744C8.d.CDA9FDB3095A6413F93EC47F23027DA6.e.12155/click - {}
RESULT: {}
COMMAND: POST /session/0c2956f598ca806f9665356f353b70f0/execute/async - {"script":"<script> [1562 bytes]","args":[{"selector":{"controlType":"sap.ui.core.Icon","viewName":"etm.portal.ui.managerequests.view.NewRequest","properties":{"src":{"regex":{"source":"slim\\-arrow\\-down"}}},"searchOpenDialogs":true,"ancestor":{"id":"costObjectAdminTypeComboBox","viewName":"etm.portal.ui.managerequests.view.NewRequest","searchOpenDialogs":true}},"wdio_ui5_key":"etmportal.ui.managerequests.view.NewRequestsap.ui.core.Icon{\"src\":{\"regex\":{\"source\":\"slim\\\\-arrow\\\\-down\"}}}{\"id\":\"costObjectAdminTypeComboBox\",\"viewName\":\"etm.portal.ui.managerequests.view.NewRequest\",\"searchOpenDialogs\":true}"}]}
COMMAND: GET /session/0c2956f598ca806f9665356f353b70f0/screenshot - {}
RESULT: {"script":"<script> [1562 bytes]","args":[{"selector":{"controlType":"sap.ui.core.Icon","viewName":"etm.portal.ui.managerequests.view.NewRequest","properties":{"src":{"regex":{"source":"slim\\-arrow\\-down"}}},"searchOpenDialogs":true,"ancestor":{"id":"costObjectAdminTypeComboBox","viewName":"etm.portal.ui.managerequests.view.NewRequest","searchOpenDialogs":true}},"wdio_ui5_key":"etmportal.ui.managerequests.view.NewRequestsap.ui.core.Icon{\"src\":{\"regex\":{\"source\":\"slim\\\\-arrow\\\\-down\"}}}{\"id\":\"costObjectAdminTypeComboBox\",\"viewName\":\"etm.portal.ui.managerequests.view.NewRequest\",\"searchOpenDialogs\":true}"}]}
RESULT: undefined
COMMAND: POST /session/0c2956f598ca806f9665356f353b70f0/element - {"using":"xpath","value":"//*[@id=\"__xmlview1--costObjectAdminTypeComboBox-arrow\"]"}
RESULT: {}
RESULT: {"using":"xpath","value":"//*[@id=\"__xmlview1--costObjectAdminTypeComboBox-arrow\"]"}
COMMAND: POST /session/0c2956f598ca806f9665356f353b70f0/element/f.20C66F91A75546181850ABA8914744C8.d.CDA9FDB3095A6413F93EC47F23027DA6.e.12159/click - {}
RESULT: {}
COMMAND: POST /session/0c2956f598ca806f9665356f353b70f0/execute/async - {"script":"<script> [1562 bytes]","args":[{"selector":{"controlType":"sap.m.StandardListItem","viewName":"etm.portal.ui.managerequests.view.NewRequest","properties":{"title":"Cost Center"},"searchOpenDialogs":true,"interaction":{"idSuffix":"titleText"}},"wdio_ui5_key":"etmportal.ui.managerequests.view.NewRequestsap.m.StandardListItem{\"title\":\"Cost Center\"}"}]}
COMMAND: GET /session/0c2956f598ca806f9665356f353b70f0/screenshot - {}
RESULT: {"script":"<script> [1562 bytes]","args":[{"selector":{"controlType":"sap.m.StandardListItem","viewName":"etm.portal.ui.managerequests.view.NewRequest","properties":{"title":"Cost Center"},"searchOpenDialogs":true,"interaction":{"idSuffix":"titleText"}},"wdio_ui5_key":"etmportal.ui.managerequests.view.NewRequestsap.m.StandardListItem{\"title\":\"Cost Center\"}"}]}
RESULT: undefined
COMMAND: POST /session/0c2956f598ca806f9665356f353b70f0/element - {"using":"xpath","value":"//*[@id=\"__item661\"]"}
RESULT: {}
RESULT: {"using":"xpath","value":"//*[@id=\"__item661\"]"}
COMMAND: POST /session/0c2956f598ca806f9665356f353b70f0/element/f.20C66F91A75546181850ABA8914744C8.d.CDA9FDB3095A6413F93EC47F23027DA6.e.12162/click - {}
RESULT: {}
COMMAND: POST /session/0c2956f598ca806f9665356f353b70f0/execute/async - {"script":"<script> [1562 bytes]","args":[{"selector":{"controlType":"sap.ui.core.Icon","viewName":"etm.portal.ui.managerequests.view.NewRequest","properties":{"src":{"regex":{"source":"value\\-help"}}},"searchOpenDialogs":true},"wdio_ui5_key":"etmportal.ui.managerequests.view.NewRequestsap.ui.core.Icon{\"src\":{\"regex\":{\"source\":\"value\\\\-help\"}}}"}]}
COMMAND: GET /session/0c2956f598ca806f9665356f353b70f0/screenshot - {}
RESULT: {"script":"<script> [1562 bytes]","args":[{"selector":{"controlType":"sap.ui.core.Icon","viewName":"etm.portal.ui.managerequests.view.NewRequest","properties":{"src":{"regex":{"source":"value\\-help"}}},"searchOpenDialogs":true},"wdio_ui5_key":"etmportal.ui.managerequests.view.NewRequestsap.ui.core.Icon{\"src\":{\"regex\":{\"source\":\"value\\\\-help\"}}}"}]}
RESULT: undefined
COMMAND: POST /session/0c2956f598ca806f9665356f353b70f0/element - {"using":"xpath","value":"//*[@id=\"__xmlview1--costObjectIdComboBox-vhi\"]"}
RESULT: {}
RESULT: {"using":"xpath","value":"//*[@id=\"__xmlview1--costObjectIdComboBox-vhi\"]"}
COMMAND: POST /session/0c2956f598ca806f9665356f353b70f0/element/f.20C66F91A75546181850ABA8914744C8.d.CDA9FDB3095A6413F93EC47F23027DA6.e.12166/click - {}
RESULT: {}
COMMAND: POST /session/0c2956f598ca806f9665356f353b70f0/execute/async - {"script":"<script> [1562 bytes]","args":[{"selector":{"controlType":"sap.m.SearchField","properties":{"placeholder":"Search"},"searchOpenDialogs":true,"interaction":{"idSuffix":"I"}},"wdio_ui5_key":"sapm.SearchField{\"placeholder\":\"Search\"}"}]}
COMMAND: GET /session/0c2956f598ca806f9665356f353b70f0/screenshot - {}
RESULT: {"script":"<script> [1562 bytes]","args":[{"selector":{"controlType":"sap.m.SearchField","properties":{"placeholder":"Search"},"searchOpenDialogs":true,"interaction":{"idSuffix":"I"}},"wdio_ui5_key":"sapm.SearchField{\"placeholder\":\"Search\"}"}]}
RESULT: undefined
COMMAND: POST /session/0c2956f598ca806f9665356f353b70f0/execute/async - {"script":"<script> [776 bytes]","args":[{"enterText":"10001010","selector":{"controlType":"sap.m.SearchField","properties":{"placeholder":"Search"},"searchOpenDialogs":true,"interaction":{"idSuffix":"I"}},"clearTextFirst":true,"interactionType":"ENTER_TEXT"}]}
RESULT: {}
RESULT: {"script":"<script> [776 bytes]","args":[{"enterText":"10001010","selector":{"controlType":"sap.m.SearchField","properties":{"placeholder":"Search"},"searchOpenDialogs":true,"interaction":{"idSuffix":"I"}},"clearTextFirst":true,"interactionType":"ENTER_TEXT"}]}
COMMAND: POST /session/0c2956f598ca806f9665356f353b70f0/actions - {"actions":[{"id":"action81","type":"key","parameters":{},"actions":[{"type":"keyDown","value":""},{"type":"pause","duration":10},{"type":"keyUp","value":""}]}]}
RESULT: {"actions":[{"id":"action81","type":"key","parameters":{},"actions":[{"type":"keyDown","value":""},{"type":"pause","duration":10},{"type":"keyUp","value":""}]}]}
COMMAND: GET /session/0c2956f598ca806f9665356f353b70f0/screenshot - {}
RESULT: {}
COMMAND: POST /session/0c2956f598ca806f9665356f353b70f0/execute/async - {"script":"<script> [1562 bytes]","args":[{"selector":{"controlType":"sap.m.Text","bindingPath":{"path":"/C_CostCtrValueHelp(CostCenter='10001010',ControllingArea='Z001')","propertyPath":"CostCenterName","modelName":"CostCenterModel"},"searchOpenDialogs":true},"wdio_ui5_key":"sapm.Text{\"path\":\"/C_CostCtrValueHelp(CostCenter='10001010',ControllingArea='Z001')\",\"propertyPath\":\"CostCenterName\",\"modelName\":\"CostCenterModel\"}"}]}
RESULT: {"script":"<script> [1562 bytes]","args":[{"selector":{"controlType":"sap.m.Text","bindingPath":{"path":"/C_CostCtrValueHelp(CostCenter='10001010',ControllingArea='Z001')","propertyPath":"CostCenterName","modelName":"CostCenterModel"},"searchOpenDialogs":true},"wdio_ui5_key":"sapm.Text{\"path\":\"/C_CostCtrValueHelp(CostCenter='10001010',ControllingArea='Z001')\",\"propertyPath\":\"CostCenterName\",\"modelName\":\"CostCenterModel\"}"}]}
RESULT: undefined
COMMAND: POST /session/0c2956f598ca806f9665356f353b70f0/element - {"using":"xpath","value":"//*[@id=\"__text265-__clone791\"]"}
RESULT: {"using":"xpath","value":"//*[@id=\"__text265-__clone791\"]"}
COMMAND: POST /session/0c2956f598ca806f9665356f353b70f0/element/f.20C66F91A75546181850ABA8914744C8.d.CDA9FDB3095A6413F93EC47F23027DA6.e.12207/click - {}
RESULT: {}
COMMAND: POST /session/0c2956f598ca806f9665356f353b70f0/execute/async - {"script":"<script> [1562 bytes]","args":[{"selector":{"controlType":"sap.m.Button","properties":{"text":"OK"},"searchOpenDialogs":true,"interaction":{"idSuffix":"BDI-content"}},"wdio_ui5_key":"sapm.Button{\"text\":\"OK\"}"}]}
COMMAND: GET /session/0c2956f598ca806f9665356f353b70f0/screenshot - {}
RESULT: {"script":"<script> [1562 bytes]","args":[{"selector":{"controlType":"sap.m.Button","properties":{"text":"OK"},"searchOpenDialogs":true,"interaction":{"idSuffix":"BDI-content"}},"wdio_ui5_key":"sapm.Button{\"text\":\"OK\"}"}]}
RESULT: undefined
COMMAND: POST /session/0c2956f598ca806f9665356f353b70f0/element - {"using":"xpath","value":"//*[@id=\"__dialog1-ok\"]"}
RESULT: {}
RESULT: {"using":"xpath","value":"//*[@id=\"__dialog1-ok\"]"}
COMMAND: POST /session/0c2956f598ca806f9665356f353b70f0/element/f.20C66F91A75546181850ABA8914744C8.d.CDA9FDB3095A6413F93EC47F23027DA6.e.12209/click - {}
RESULT: {}
COMMAND: GET /session/0c2956f598ca806f9665356f353b70f0/screenshot - {}
RESULT: {}
COMMAND: POST /session/0c2956f598ca806f9665356f353b70f0/execute/async - {"script":"<script> [1562 bytes]","args":[{"selector":{"controlType":"sap.m.Button","viewName":"etm.portal.ui.managerequests.view.NewRequest","i18NText":{"propertyName":"text","key":"save"},"searchOpenDialogs":true,"interaction":{"idSuffix":"BDI-content"}},"wdio_ui5_key":"etmportal.ui.managerequests.view.NewRequestsap.m.Button{\"propertyName\":\"text\",\"key\":\"save\"}"}]}
RESULT: {"script":"<script> [1562 bytes]","args":[{"selector":{"controlType":"sap.m.Button","viewName":"etm.portal.ui.managerequests.view.NewRequest","i18NText":{"propertyName":"text","key":"save"},"searchOpenDialogs":true,"interaction":{"idSuffix":"BDI-content"}},"wdio_ui5_key":"etmportal.ui.managerequests.view.NewRequestsap.m.Button{\"propertyName\":\"text\",\"key\":\"save\"}"}]}
RESULT: undefined
COMMAND: POST /session/0c2956f598ca806f9665356f353b70f0/element - {"using":"xpath","value":"//*[@id=\"__button22\"]"}
RESULT: {"using":"xpath","value":"//*[@id=\"__button22\"]"}
COMMAND: POST /session/0c2956f598ca806f9665356f353b70f0/element/f.20C66F91A75546181850ABA8914744C8.d.CDA9FDB3095A6413F93EC47F23027DA6.e.12213/click - {}
RESULT: {}
COMMAND: GET /session/0c2956f598ca806f9665356f353b70f0/screenshot - {}
RESULT: {}
COMMAND: POST /session/0c2956f598ca806f9665356f353b70f0/element - {"using":"xpath","value":"(//bdi[contains(text() ,\"Save\")])[1]"}
RESULT: {"using":"xpath","value":"(//bdi[contains(text() ,\"Save\")])[1]"}
COMMAND: POST /session/0c2956f598ca806f9665356f353b70f0/element/f.20C66F91A75546181850ABA8914744C8.d.CDA9FDB3095A6413F93EC47F23027DA6.e.12215/click - {}
RESULT: {}
COMMAND: GET /session/0c2956f598ca806f9665356f353b70f0/screenshot - {}
RESULT: {}
COMMAND: POST /session/0c2956f598ca806f9665356f353b70f0/execute/async - {"script":"<script> [1562 bytes]","args":[{"selector":{"controlType":"sap.m.Title","properties":{"text":"Success"},"searchOpenDialogs":true},"wdio_ui5_key":"sapm.Title{\"text\":\"Success\"}"}]}
RESULT: {"script":"<script> [1562 bytes]","args":[{"selector":{"controlType":"sap.m.Title","properties":{"text":"Success"},"searchOpenDialogs":true},"wdio_ui5_key":"sapm.Title{\"text\":\"Success\"}"}]}
RESULT: undefined
COMMAND: POST /session/0c2956f598ca806f9665356f353b70f0/execute/async - {"script":"<script> [6424 bytes]","args":[{"element-6066-11e4-a52e-4f735466cecf":"f.20C66F91A75546181850ABA8914744C8.d.CDA9FDB3095A6413F93EC47F23027DA6.e.12218"},"getText",[]]}
RESULT: {"script":"<script> [6424 bytes]","args":[{"element-6066-11e4-a52e-4f735466cecf":"f.20C66F91A75546181850ABA8914744C8.d.CDA9FDB3095A6413F93EC47F23027DA6.e.12218"},"getText",[]]}
COMMAND: POST /session/0c2956f598ca806f9665356f353b70f0/execute/async - {"script":"<script> [1562 bytes]","args":[{"selector":{"controlType":"sap.m.Button","properties":{"text":"Close"},"searchOpenDialogs":true,"interaction":{"idSuffix":"BDI-content"}},"wdio_ui5_key":"sapm.Button{\"text\":\"Close\"}"}]}
RESULT: {"script":"<script> [1562 bytes]","args":[{"selector":{"controlType":"sap.m.Button","properties":{"text":"Close"},"searchOpenDialogs":true,"interaction":{"idSuffix":"BDI-content"}},"wdio_ui5_key":"sapm.Button{\"text\":\"Close\"}"}]}
RESULT: undefined
COMMAND: POST /session/0c2956f598ca806f9665356f353b70f0/element - {"using":"xpath","value":"//*[@id=\"__mbox-btn-0\"]"}
RESULT: {"using":"xpath","value":"//*[@id=\"__mbox-btn-0\"]"}
COMMAND: POST /session/0c2956f598ca806f9665356f353b70f0/element/f.20C66F91A75546181850ABA8914744C8.d.CDA9FDB3095A6413F93EC47F23027DA6.e.12217/click - {}
RESULT: {}
COMMAND: GET /session/0c2956f598ca806f9665356f353b70f0/screenshot - {}
RESULT: {}
COMMAND: POST /session/0c2956f598ca806f9665356f353b70f0/execute/async - {"script":"<script> [1562 bytes]","args":[{"selector":{"controlType":"sap.m.Text","viewName":"etm.portal.ui.managerequests.view.Detail","bindingPath":{"propertyPath":"NO","modelName":"catalogModel"}},"wdio_ui5_key":"etmportal.ui.managerequests.view.Detailsap.m.Text{\"propertyPath\":\"NO\",\"modelName\":\"catalogModel\"}"}]}
RESULT: {"script":"<script> [1562 bytes]","args":[{"selector":{"controlType":"sap.m.Text","viewName":"etm.portal.ui.managerequests.view.Detail","bindingPath":{"propertyPath":"NO","modelName":"catalogModel"}},"wdio_ui5_key":"etmportal.ui.managerequests.view.Detailsap.m.Text{\"propertyPath\":\"NO\",\"modelName\":\"catalogModel\"}"}]}
RESULT: undefined
COMMAND: POST /session/0c2956f598ca806f9665356f353b70f0/execute/async - {"script":"<script> [6424 bytes]","args":[{"element-6066-11e4-a52e-4f735466cecf":"f.20C66F91A75546181850ABA8914744C8.d.CDA9FDB3095A6413F93EC47F23027DA6.e.12342"},"getText",[]]}
RESULT: {"script":"<script> [6424 bytes]","args":[{"element-6066-11e4-a52e-4f735466cecf":"f.20C66F91A75546181850ABA8914744C8.d.CDA9FDB3095A6413F93EC47F23027DA6.e.12342"},"getText",[]]}
COMMAND: POST /session/0c2956f598ca806f9665356f353b70f0/execute/async - {"script":"<script> [1562 bytes]","args":[{"selector":{"controlType":"sap.ui.core.Icon","viewName":"etm.portal.ui.managerequests.view.Detail","properties":{"src":{"regex":{"source":"date\\-time"}}},"ancestor":{"controlType":"sap.m.ColumnListItem","viewName":"etm.portal.ui.managerequests.view.Detail","bindingPath":{"path":"/SmartRequestItemsPlanningBoard(ITEM=10m,REQUEST='20182')"},"ancestor":{"id":"requestItemsTable","viewName":"etm.portal.ui.managerequests.view.Detail"}}},"wdio_ui5_key":"etmportal.ui.managerequests.view.Detailsap.ui.core.Icon{\"src\":{\"regex\":{\"source\":\"date\\\\-time\"}}}{\"controlType\":\"sap.m.ColumnListItem\",\"viewName\":\"etm.portal.ui.managerequests.view.Detail\",\"bindingPath\":{\"path\":\"/SmartRequestItemsPlanningBoard(ITEM=10m,REQUEST='20182')\"},\"ancestor\":{\"id\":\"requestItemsTable\",\"viewName\":\"etm.portal.ui.managerequests.view.Detail\"}}"}]}
RESULT: {"script":"<script> [1562 bytes]","args":[{"selector":{"controlType":"sap.ui.core.Icon","viewName":"etm.portal.ui.managerequests.view.Detail","properties":{"src":{"regex":{"source":"date\\-time"}}},"ancestor":{"controlType":"sap.m.ColumnListItem","viewName":"etm.portal.ui.managerequests.view.Detail","bindingPath":{"path":"/SmartRequestItemsPlanningBoard(ITEM=10m,REQUEST='20182')"},"ancestor":{"id":"requestItemsTable","viewName":"etm.portal.ui.managerequests.view.Detail"}}},"wdio_ui5_key":"etmportal.ui.managerequests.view.Detailsap.ui.core.Icon{\"src\":{\"regex\":{\"source\":\"date\\\\-time\"}}}{\"controlType\":\"sap.m.ColumnListItem\",\"viewName\":\"etm.portal.ui.managerequests.view.Detail\",\"bindingPath\":{\"path\":\"/SmartRequestItemsPlanningBoard(ITEM=10m,REQUEST='20182')\"},\"ancestor\":{\"id\":\"requestItemsTable\",\"viewName\":\"etm.portal.ui.managerequests.view.Detail\"}}"}]}
RESULT: undefined
COMMAND: POST /session/0c2956f598ca806f9665356f353b70f0/element - {"using":"xpath","value":"//*[@id=\"__button37-__clone830-img\"]"}
RESULT: {"using":"xpath","value":"//*[@id=\"__button37-__clone830-img\"]"}
COMMAND: POST /session/0c2956f598ca806f9665356f353b70f0/element/f.20C66F91A75546181850ABA8914744C8.d.CDA9FDB3095A6413F93EC47F23027DA6.e.12343/click - {}
RESULT: {}
COMMAND: POST /session/0c2956f598ca806f9665356f353b70f0/execute/async - {"script":"<script> [1562 bytes]","args":[{"selector":{"controlType":"sap.m.Button","viewName":"etm.portal.ui.managerequests.view.Detail","properties":{"text":"Close"},"searchOpenDialogs":true,"interaction":{"idSuffix":"BDI-content"}},"wdio_ui5_key":"etmportal.ui.managerequests.view.Detailsap.m.Button{\"text\":\"Close\"}"}]}
COMMAND: GET /session/0c2956f598ca806f9665356f353b70f0/screenshot - {}
RESULT: {"script":"<script> [1562 bytes]","args":[{"selector":{"controlType":"sap.m.Button","viewName":"etm.portal.ui.managerequests.view.Detail","properties":{"text":"Close"},"searchOpenDialogs":true,"interaction":{"idSuffix":"BDI-content"}},"wdio_ui5_key":"etmportal.ui.managerequests.view.Detailsap.m.Button{\"text\":\"Close\"}"}]}
RESULT: undefined
COMMAND: POST /session/0c2956f598ca806f9665356f353b70f0/element - {"using":"xpath","value":"//*[@id=\"__button47\"]"}
RESULT: {}
RESULT: {"using":"xpath","value":"//*[@id=\"__button47\"]"}
COMMAND: POST /session/0c2956f598ca806f9665356f353b70f0/element/f.20C66F91A75546181850ABA8914744C8.d.CDA9FDB3095A6413F93EC47F23027DA6.e.12346/click - {}
RESULT: {}
COMMAND: POST /session/0c2956f598ca806f9665356f353b70f0/refresh - {}
COMMAND: GET /session/0c2956f598ca806f9665356f353b70f0/screenshot - {}
RESULT: {}
COMMAND: GET /session/0c2956f598ca806f9665356f353b70f0/screenshot - {}
RESULT: {}
COMMAND: POST /session/0c2956f598ca806f9665356f353b70f0/refresh - {}
RESULT: {}
RESULT: {}
COMMAND: GET /session/0c2956f598ca806f9665356f353b70f0/screenshot - {}
RESULT: {}
COMMAND: POST /session/0c2956f598ca806f9665356f353b70f0/execute/async - {"script":"<script> [189 bytes]","args":[]}
RESULT: {"script":"<script> [189 bytes]","args":[]}
COMMAND: POST /session/0c2956f598ca806f9665356f353b70f0/execute/async - {"script":"<script> [123 bytes]","args":[]}
RESULT: {"script":"<script> [123 bytes]","args":[]}
COMMAND: POST /session/0c2956f598ca806f9665356f353b70f0/timeouts - {"script":"<number>"}
RESULT: {"script":"<number>"}
COMMAND: GET /session/0c2956f598ca806f9665356f353b70f0/timeouts - {}
RESULT: {}
RESULT: undefined
COMMAND: POST /session/0c2956f598ca806f9665356f353b70f0/execute/async - {"script":"<script> [2676 bytes]","args":[]}
RESULT: {"script":"<script> [2676 bytes]","args":[]}
COMMAND: POST /session/0c2956f598ca806f9665356f353b70f0/execute/async - {"script":"<script> [2342 bytes]","args":[{"protocol":"http","hostname":"0.0.0.0","path":"/","capabilities":{"browserName":"chrome","goog:chromeOptions":{"binary":"C:\\Program Files\\Google\\Chrome\\Application\\chrome.exe","args":["--start-maximized"]}},"logLevel":"warn","connectionRetryTimeout":120000,"connectionRetryCount":3,"logLevels":{},"enableDirectConnect":true,"strictSSL":true,"_":"65 more keys: [\"cacheDir\",\"port\",\"requestedCapabilities\",\"automationProtocol\",\"baseUrl\",\"waitforInterval\",\"waitforTimeout\",\"onReload\",\"beforeCommand\",\"afterCommand\",\"rootDir\",\"specs\",\"suites\",\"exclude\",\"groupLogsByTestSpec\",\"excludeDriverLogs\",\"bail\",\"framework\",\"reporters\",\"services\",\"maxInstances\",\"maxInstancesPerCapability\",\"injectGlobals\",\"filesToWatch\",\"execArgv\",\"runnerEnv\",\"runner\",\"shard\",\"specFileRetries\",\"specFileRetriesDelay\",\"specFileRetriesDeferred\",\"reporterSyncInterval\",\"reporterSyncTimeout\",\"cucumberFeaturesWithLineNumbers\",\"autoCompileOpts\",\"mochaOpts\",\"jasmineOpts\",\"cucumberOpts\",\"onPrepare\",\"onWorkerStart\",\"onWorkerEnd\",\"before\",\"beforeSession\",\"beforeSuite\",\"beforeHook\",\"beforeTest\",\"afterTest\",\"afterHook\",\"afterSuite\",\"afterSession\",\"after\",\"onComplete\",\"beforeAssertion\",\"afterAssertion\",\"beforeFeature\",\"beforeScenario\",\"beforeStep\",\"afterStep\",\"afterScenario\",\"afterFeature\",\"_\",\"suite\",\"$0\",\"ignoredWorkerServices\",\"wdi5\"]"}]}
RESULT: {"script":"<script> [2342 bytes]","args":[{"protocol":"http","hostname":"0.0.0.0","path":"/","capabilities":{"browserName":"chrome","goog:chromeOptions":{"binary":"C:\\Program Files\\Google\\Chrome\\Application\\chrome.exe","args":["--start-maximized"]}},"logLevel":"warn","connectionRetryTimeout":120000,"connectionRetryCount":3,"logLevels":{},"enableDirectConnect":true,"strictSSL":true,"_":"65 more keys: [\"cacheDir\",\"port\",\"requestedCapabilities\",\"automationProtocol\",\"baseUrl\",\"waitforInterval\",\"waitforTimeout\",\"onReload\",\"beforeCommand\",\"afterCommand\",\"rootDir\",\"specs\",\"suites\",\"exclude\",\"groupLogsByTestSpec\",\"excludeDriverLogs\",\"bail\",\"framework\",\"reporters\",\"services\",\"maxInstances\",\"maxInstancesPerCapability\",\"injectGlobals\",\"filesToWatch\",\"execArgv\",\"runnerEnv\",\"runner\",\"shard\",\"specFileRetries\",\"specFileRetriesDelay\",\"specFileRetriesDeferred\",\"reporterSyncInterval\",\"reporterSyncTimeout\",\"cucumberFeaturesWithLineNumbers\",\"autoCompileOpts\",\"mochaOpts\",\"jasmineOpts\",\"cucumberOpts\",\"onPrepare\",\"onWorkerStart\",\"onWorkerEnd\",\"before\",\"beforeSession\",\"beforeSuite\",\"beforeHook\",\"beforeTest\",\"afterTest\",\"afterHook\",\"afterSuite\",\"afterSession\",\"after\",\"onComplete\",\"beforeAssertion\",\"afterAssertion\",\"beforeFeature\",\"beforeScenario\",\"beforeStep\",\"afterStep\",\"afterScenario\",\"afterFeature\",\"_\",\"suite\",\"$0\",\"ignoredWorkerServices\",\"wdi5\"]"}]}
COMMAND: POST /session/0c2956f598ca806f9665356f353b70f0/execute/async - {"script":"<script> [21126 bytes]","args":[35000]}
RESULT: {"script":"<script> [21126 bytes]","args":[35000]}
]]></system-out>
    </testcase>
    <testcase classname="chrome.135_0_7049_42.windows.Process_request_items_into_new_quotation_US120163" name="Should process the request into a new quotation" time="49.377">
      <system-out><![CDATA[
COMMAND: GET /session/0c2956f598ca806f9665356f353b70f0/window - {}
RESULT: {}
COMMAND: POST /session/0c2956f598ca806f9665356f353b70f0/element - {"using":"xpath","value":"//span[contains(@id ,\"detailHeaderTitle-_actionsToolbar-overflowButton-img\")]"}
RESULT: {"using":"xpath","value":"//span[contains(@id ,\"detailHeaderTitle-_actionsToolbar-overflowButton-img\")]"}
COMMAND: POST /session/0c2956f598ca806f9665356f353b70f0/element/f.20C66F91A75546181850ABA8914744C8.d.15E7234A96DC11D8B5AC3C6752D858A8.e.12558/click - {}
RESULT: {}
COMMAND: GET /session/0c2956f598ca806f9665356f353b70f0/screenshot - {}
RESULT: {}
COMMAND: POST /session/0c2956f598ca806f9665356f353b70f0/element - {"using":"xpath","value":"//span[contains(@id ,\"actionsMenuButton-internalSplitBtn-arrowButton-img\")]"}
RESULT: {"using":"xpath","value":"//span[contains(@id ,\"actionsMenuButton-internalSplitBtn-arrowButton-img\")]"}
COMMAND: POST /session/0c2956f598ca806f9665356f353b70f0/element/f.20C66F91A75546181850ABA8914744C8.d.15E7234A96DC11D8B5AC3C6752D858A8.e.12561/click - {}
RESULT: {}
COMMAND: GET /session/0c2956f598ca806f9665356f353b70f0/screenshot - {}
RESULT: {}
COMMAND: POST /session/0c2956f598ca806f9665356f353b70f0/actions - {"actions":[{"id":"action82","type":"key","parameters":{},"actions":[{"type":"keyDown","value":""},{"type":"pause","duration":10},{"type":"keyUp","value":""}]}]}
RESULT: {"actions":[{"id":"action82","type":"key","parameters":{},"actions":[{"type":"keyDown","value":""},{"type":"pause","duration":10},{"type":"keyUp","value":""}]}]}
COMMAND: GET /session/0c2956f598ca806f9665356f353b70f0/screenshot - {}
RESULT: {}
COMMAND: POST /session/0c2956f598ca806f9665356f353b70f0/actions - {"actions":[{"id":"action83","type":"key","parameters":{},"actions":[{"type":"keyDown","value":""},{"type":"pause","duration":10},{"type":"keyUp","value":""}]}]}
RESULT: {"actions":[{"id":"action83","type":"key","parameters":{},"actions":[{"type":"keyDown","value":""},{"type":"pause","duration":10},{"type":"keyUp","value":""}]}]}
COMMAND: GET /session/0c2956f598ca806f9665356f353b70f0/screenshot - {}
RESULT: {}
COMMAND: POST /session/0c2956f598ca806f9665356f353b70f0/actions - {"actions":[{"id":"action84","type":"key","parameters":{},"actions":[{"type":"keyDown","value":""},{"type":"pause","duration":10},{"type":"keyUp","value":""}]}]}
RESULT: {"actions":[{"id":"action84","type":"key","parameters":{},"actions":[{"type":"keyDown","value":""},{"type":"pause","duration":10},{"type":"keyUp","value":""}]}]}
COMMAND: GET /session/0c2956f598ca806f9665356f353b70f0/screenshot - {}
RESULT: {}
COMMAND: POST /session/0c2956f598ca806f9665356f353b70f0/actions - {"actions":[{"id":"action85","type":"key","parameters":{},"actions":[{"type":"keyDown","value":""},{"type":"pause","duration":10},{"type":"keyUp","value":""}]}]}
RESULT: {"actions":[{"id":"action85","type":"key","parameters":{},"actions":[{"type":"keyDown","value":""},{"type":"pause","duration":10},{"type":"keyUp","value":""}]}]}
COMMAND: GET /session/0c2956f598ca806f9665356f353b70f0/screenshot - {}
RESULT: {}
COMMAND: POST /session/0c2956f598ca806f9665356f353b70f0/actions - {"actions":[{"id":"action86","type":"key","parameters":{},"actions":[{"type":"keyDown","value":""},{"type":"pause","duration":10},{"type":"keyUp","value":""}]}]}
RESULT: {"actions":[{"id":"action86","type":"key","parameters":{},"actions":[{"type":"keyDown","value":""},{"type":"pause","duration":10},{"type":"keyUp","value":""}]}]}
COMMAND: GET /session/0c2956f598ca806f9665356f353b70f0/screenshot - {}
RESULT: {}
COMMAND: GET /session/0c2956f598ca806f9665356f353b70f0/window/handles - {}
RESULT: {}
COMMAND: GET /session/0c2956f598ca806f9665356f353b70f0/window/handles - {}
RESULT: {}
COMMAND: POST /session/0c2956f598ca806f9665356f353b70f0/window - {"handle":"108D8D4F6C7D9007F86335CC0372F86D"}
RESULT: {"handle":"108D8D4F6C7D9007F86335CC0372F86D"}
COMMAND: GET /session/0c2956f598ca806f9665356f353b70f0/url - {}
RESULT: {}
COMMAND: GET /session/0c2956f598ca806f9665356f353b70f0/screenshot - {}
RESULT: {}
RESULT: undefined
RESULT: undefined
COMMAND: POST /session/0c2956f598ca806f9665356f353b70f0/element - {"using":"xpath","value":"//span[contains(text(), \"Header Billing Items\")]"}
RESULT: {"using":"xpath","value":"//span[contains(text(), \"Header Billing Items\")]"}
COMMAND: POST /session/0c2956f598ca806f9665356f353b70f0/element/f.108D8D4F6C7D9007F86335CC0372F86D.d.2F6133873E68EE237E568E19D8ABCBAB.e.12704/click - {}
RESULT: {}
COMMAND: GET /session/0c2956f598ca806f9665356f353b70f0/screenshot - {}
RESULT: {}
COMMAND: POST /session/0c2956f598ca806f9665356f353b70f0/element - {"using":"xpath","value":"//span[contains(@id ,\"contractItemsSmartTable-header-inner\")]"}
RESULT: {"using":"xpath","value":"//span[contains(@id ,\"contractItemsSmartTable-header-inner\")]"}
COMMAND: GET /session/0c2956f598ca806f9665356f353b70f0/element/f.108D8D4F6C7D9007F86335CC0372F86D.d.2F6133873E68EE237E568E19D8ABCBAB.e.12766/text - {}
RESULT: {}
COMMAND: POST /session/0c2956f598ca806f9665356f353b70f0/element - {"using":"xpath","value":"//span[@class=\"sapMObjStatusText\"][contains(text(), \"proposed\")]"}
RESULT: {"using":"xpath","value":"//span[@class=\"sapMObjStatusText\"][contains(text(), \"proposed\")]"}
COMMAND: GET /session/0c2956f598ca806f9665356f353b70f0/element/f.108D8D4F6C7D9007F86335CC0372F86D.d.2F6133873E68EE237E568E19D8ABCBAB.e.12767/text - {}
RESULT: {}
COMMAND: DELETE /session/0c2956f598ca806f9665356f353b70f0/window - {}
RESULT: {}
COMMAND: POST /session/0c2956f598ca806f9665356f353b70f0/window - {"handle":"20C66F91A75546181850ABA8914744C8"}
RESULT: {"handle":"20C66F91A75546181850ABA8914744C8"}
COMMAND: GET /session/0c2956f598ca806f9665356f353b70f0/url - {}
RESULT: {}
COMMAND: GET /session/0c2956f598ca806f9665356f353b70f0/screenshot - {}
RESULT: {}
]]></system-out>
    </testcase>
    <testcase classname="chrome.135_0_7049_42.windows.Process_request_items_into_new_quotation_US120163" name="Should navigate back to the request and check the request and item statuses" time="47.813">
      <system-out><![CDATA[
COMMAND: POST /session/0c2956f598ca806f9665356f353b70f0/refresh - {}
RESULT: {}
COMMAND: GET /session/0c2956f598ca806f9665356f353b70f0/screenshot - {}
RESULT: {}
COMMAND: POST /session/0c2956f598ca806f9665356f353b70f0/refresh - {}
RESULT: {}
COMMAND: GET /session/0c2956f598ca806f9665356f353b70f0/screenshot - {}
RESULT: {}
COMMAND: POST /session/0c2956f598ca806f9665356f353b70f0/execute/async - {"script":"<script> [189 bytes]","args":[]}
RESULT: {"script":"<script> [189 bytes]","args":[]}
COMMAND: POST /session/0c2956f598ca806f9665356f353b70f0/execute/async - {"script":"<script> [123 bytes]","args":[]}
RESULT: {"script":"<script> [123 bytes]","args":[]}
COMMAND: POST /session/0c2956f598ca806f9665356f353b70f0/timeouts - {"script":"<number>"}
RESULT: {"script":"<number>"}
COMMAND: GET /session/0c2956f598ca806f9665356f353b70f0/timeouts - {}
RESULT: {}
RESULT: undefined
COMMAND: POST /session/0c2956f598ca806f9665356f353b70f0/execute/async - {"script":"<script> [2676 bytes]","args":[]}
RESULT: {"script":"<script> [2676 bytes]","args":[]}
COMMAND: POST /session/0c2956f598ca806f9665356f353b70f0/execute/async - {"script":"<script> [2342 bytes]","args":[{"protocol":"http","hostname":"0.0.0.0","path":"/","capabilities":{"browserName":"chrome","goog:chromeOptions":{"binary":"C:\\Program Files\\Google\\Chrome\\Application\\chrome.exe","args":["--start-maximized"]}},"logLevel":"warn","connectionRetryTimeout":120000,"connectionRetryCount":3,"logLevels":{},"enableDirectConnect":true,"strictSSL":true,"_":"65 more keys: [\"cacheDir\",\"port\",\"requestedCapabilities\",\"automationProtocol\",\"baseUrl\",\"waitforInterval\",\"waitforTimeout\",\"onReload\",\"beforeCommand\",\"afterCommand\",\"rootDir\",\"specs\",\"suites\",\"exclude\",\"groupLogsByTestSpec\",\"excludeDriverLogs\",\"bail\",\"framework\",\"reporters\",\"services\",\"maxInstances\",\"maxInstancesPerCapability\",\"injectGlobals\",\"filesToWatch\",\"execArgv\",\"runnerEnv\",\"runner\",\"shard\",\"specFileRetries\",\"specFileRetriesDelay\",\"specFileRetriesDeferred\",\"reporterSyncInterval\",\"reporterSyncTimeout\",\"cucumberFeaturesWithLineNumbers\",\"autoCompileOpts\",\"mochaOpts\",\"jasmineOpts\",\"cucumberOpts\",\"onPrepare\",\"onWorkerStart\",\"onWorkerEnd\",\"before\",\"beforeSession\",\"beforeSuite\",\"beforeHook\",\"beforeTest\",\"afterTest\",\"afterHook\",\"afterSuite\",\"afterSession\",\"after\",\"onComplete\",\"beforeAssertion\",\"afterAssertion\",\"beforeFeature\",\"beforeScenario\",\"beforeStep\",\"afterStep\",\"afterScenario\",\"afterFeature\",\"_\",\"suite\",\"$0\",\"ignoredWorkerServices\",\"wdi5\"]"}]}
RESULT: {"script":"<script> [2342 bytes]","args":[{"protocol":"http","hostname":"0.0.0.0","path":"/","capabilities":{"browserName":"chrome","goog:chromeOptions":{"binary":"C:\\Program Files\\Google\\Chrome\\Application\\chrome.exe","args":["--start-maximized"]}},"logLevel":"warn","connectionRetryTimeout":120000,"connectionRetryCount":3,"logLevels":{},"enableDirectConnect":true,"strictSSL":true,"_":"65 more keys: [\"cacheDir\",\"port\",\"requestedCapabilities\",\"automationProtocol\",\"baseUrl\",\"waitforInterval\",\"waitforTimeout\",\"onReload\",\"beforeCommand\",\"afterCommand\",\"rootDir\",\"specs\",\"suites\",\"exclude\",\"groupLogsByTestSpec\",\"excludeDriverLogs\",\"bail\",\"framework\",\"reporters\",\"services\",\"maxInstances\",\"maxInstancesPerCapability\",\"injectGlobals\",\"filesToWatch\",\"execArgv\",\"runnerEnv\",\"runner\",\"shard\",\"specFileRetries\",\"specFileRetriesDelay\",\"specFileRetriesDeferred\",\"reporterSyncInterval\",\"reporterSyncTimeout\",\"cucumberFeaturesWithLineNumbers\",\"autoCompileOpts\",\"mochaOpts\",\"jasmineOpts\",\"cucumberOpts\",\"onPrepare\",\"onWorkerStart\",\"onWorkerEnd\",\"before\",\"beforeSession\",\"beforeSuite\",\"beforeHook\",\"beforeTest\",\"afterTest\",\"afterHook\",\"afterSuite\",\"afterSession\",\"after\",\"onComplete\",\"beforeAssertion\",\"afterAssertion\",\"beforeFeature\",\"beforeScenario\",\"beforeStep\",\"afterStep\",\"afterScenario\",\"afterFeature\",\"_\",\"suite\",\"$0\",\"ignoredWorkerServices\",\"wdi5\"]"}]}
COMMAND: POST /session/0c2956f598ca806f9665356f353b70f0/execute/async - {"script":"<script> [21126 bytes]","args":[35000]}
RESULT: {"script":"<script> [21126 bytes]","args":[35000]}
COMMAND: POST /session/0c2956f598ca806f9665356f353b70f0/execute/async - {"script":"<script> [1562 bytes]","args":[{"selector":{"controlType":"sap.m.Text","viewName":"etm.portal.ui.managerequests.view.Detail","bindingPath":{"path":"/SmartRequestItemsPlanningBoard(ITEM=10m,REQUEST='20182')","propertyPath":"STATUS_DESC"}},"wdio_ui5_key":"etmportal.ui.managerequests.view.Detailsap.m.Text{\"path\":\"/SmartRequestItemsPlanningBoard(ITEM=10m,REQUEST='20182')\",\"propertyPath\":\"STATUS_DESC\"}"}]}
RESULT: {"script":"<script> [1562 bytes]","args":[{"selector":{"controlType":"sap.m.Text","viewName":"etm.portal.ui.managerequests.view.Detail","bindingPath":{"path":"/SmartRequestItemsPlanningBoard(ITEM=10m,REQUEST='20182')","propertyPath":"STATUS_DESC"}},"wdio_ui5_key":"etmportal.ui.managerequests.view.Detailsap.m.Text{\"path\":\"/SmartRequestItemsPlanningBoard(ITEM=10m,REQUEST='20182')\",\"propertyPath\":\"STATUS_DESC\"}"}]}
RESULT: undefined
COMMAND: POST /session/0c2956f598ca806f9665356f353b70f0/execute/async - {"script":"<script> [6424 bytes]","args":[{"element-6066-11e4-a52e-4f735466cecf":"f.20C66F91A75546181850ABA8914744C8.d.B33E2BEBCB68667CBD85338C9E380575.e.12988"},"getText",[]]}
RESULT: {"script":"<script> [6424 bytes]","args":[{"element-6066-11e4-a52e-4f735466cecf":"f.20C66F91A75546181850ABA8914744C8.d.B33E2BEBCB68667CBD85338C9E380575.e.12988"},"getText",[]]}
COMMAND: POST /session/0c2956f598ca806f9665356f353b70f0/execute/async - {"script":"<script> [1562 bytes]","args":[{"selector":{"controlType":"sap.m.ObjectStatus","viewName":"etm.portal.ui.managerequests.view.Detail","bindingPath":{"path":"/RequestHeaders('20182')","propertyPath":"LINK_TO_STATUS/DESCRIPTION","modelName":"catalogModel"}},"wdio_ui5_key":"etmportal.ui.managerequests.view.Detailsap.m.ObjectStatus{\"path\":\"/RequestHeaders('20182')\",\"propertyPath\":\"LINK_TO_STATUS/DESCRIPTION\",\"modelName\":\"catalogModel\"}"}]}
RESULT: {"script":"<script> [1562 bytes]","args":[{"selector":{"controlType":"sap.m.ObjectStatus","viewName":"etm.portal.ui.managerequests.view.Detail","bindingPath":{"path":"/RequestHeaders('20182')","propertyPath":"LINK_TO_STATUS/DESCRIPTION","modelName":"catalogModel"}},"wdio_ui5_key":"etmportal.ui.managerequests.view.Detailsap.m.ObjectStatus{\"path\":\"/RequestHeaders('20182')\",\"propertyPath\":\"LINK_TO_STATUS/DESCRIPTION\",\"modelName\":\"catalogModel\"}"}]}
RESULT: undefined
COMMAND: POST /session/0c2956f598ca806f9665356f353b70f0/execute/async - {"script":"<script> [6424 bytes]","args":[{"element-6066-11e4-a52e-4f735466cecf":"f.20C66F91A75546181850ABA8914744C8.d.B33E2BEBCB68667CBD85338C9E380575.e.12989"},"getText",[]]}
RESULT: {"script":"<script> [6424 bytes]","args":[{"element-6066-11e4-a52e-4f735466cecf":"f.20C66F91A75546181850ABA8914744C8.d.B33E2BEBCB68667CBD85338C9E380575.e.12989"},"getText",[]]}
COMMAND: POST /session/0c2956f598ca806f9665356f353b70f0/element - {"using":"css selector","value":"#shell-header-logo"}
RESULT: {"using":"css selector","value":"#shell-header-logo"}
COMMAND: POST /session/0c2956f598ca806f9665356f353b70f0/element/f.20C66F91A75546181850ABA8914744C8.d.B33E2BEBCB68667CBD85338C9E380575.e.12782/click - {}
RESULT: {}
COMMAND: GET /session/0c2956f598ca806f9665356f353b70f0/screenshot - {}
RESULT: {}
]]></system-out>
    </testcase>
  </testsuite>
  <testsuite timestamp="2025-04-17T06:24:37" time="415.626" tests="4" failures="0" errors="0" skipped="0">
    <properties>
      <property name="specId" value="0"/>
      <property name="suiteName" value="Process request items into an existing quotation US120163"/>
      <property name="capabilities" value="chrome.135_0_7049_42.windows"/>
      <property name="file" value="file:///D:/a/1/s/test/specs/R2C/process-request-items-into-existing-quotation.spec.js"/>
    </properties>
    <testcase classname="chrome.135_0_7049_42.windows.Process_request_items_into_an_existing_quotation_US120163" name="Should create a new quotation" time="63.736">
      <system-out><![CDATA[
COMMAND: POST /session/0c2956f598ca806f9665356f353b70f0/execute/async - {"script":"<script> [1562 bytes]","args":[{"selector":{"controlType":"sap.m.GenericTile","properties":{"header":"Manage Quotations"}},"wdio_ui5_key":"sapm.GenericTile{\"header\":\"Manage Quotations\"}"}]}
RESULT: {"script":"<script> [1562 bytes]","args":[{"selector":{"controlType":"sap.m.GenericTile","properties":{"header":"Manage Quotations"}},"wdio_ui5_key":"sapm.GenericTile{\"header\":\"Manage Quotations\"}"}]}
RESULT: undefined
COMMAND: POST /session/0c2956f598ca806f9665356f353b70f0/element - {"using":"xpath","value":"//*[@id=\"__tile131\"]"}
RESULT: {"using":"xpath","value":"//*[@id=\"__tile131\"]"}
COMMAND: POST /session/0c2956f598ca806f9665356f353b70f0/element/f.20C66F91A75546181850ABA8914744C8.d.B33E2BEBCB68667CBD85338C9E380575.e.13004/click - {}
RESULT: {}
COMMAND: GET /session/0c2956f598ca806f9665356f353b70f0/screenshot - {}
RESULT: {}
RESULT: undefined
RESULT: undefined
COMMAND: POST /session/0c2956f598ca806f9665356f353b70f0/element - {"using":"xpath","value":"//button[contains(@title ,\"Add new contract\")]"}
RESULT: {"using":"xpath","value":"//button[contains(@title ,\"Add new contract\")]"}
COMMAND: POST /session/0c2956f598ca806f9665356f353b70f0/element/f.20C66F91A75546181850ABA8914744C8.d.B33E2BEBCB68667CBD85338C9E380575.e.13044/click - {}
RESULT: {}
COMMAND: GET /session/0c2956f598ca806f9665356f353b70f0/screenshot - {}
RESULT: {}
COMMAND: POST /session/0c2956f598ca806f9665356f353b70f0/element - {"using":"xpath","value":"//input[contains(@id ,\"application-managequotations-display-component---AddNewContract--projectDescription-inner\")]"}
RESULT: {"using":"xpath","value":"//input[contains(@id ,\"application-managequotations-display-component---AddNewContract--projectDescription-inner\")]"}
COMMAND: POST /session/0c2956f598ca806f9665356f353b70f0/element/f.20C66F91A75546181850ABA8914744C8.d.B33E2BEBCB68667CBD85338C9E380575.e.13310/value - {"text":"WdIOQuotation3tlpbf"}
RESULT: {"text":"WdIOQuotation3tlpbf"}
COMMAND: GET /session/0c2956f598ca806f9665356f353b70f0/screenshot - {}
RESULT: {}
COMMAND: POST /session/0c2956f598ca806f9665356f353b70f0/element - {"using":"xpath","value":"//input[contains(@id ,\"application-managequotations-display-component---AddNewContract--yardId-inner\")]"}
RESULT: {"using":"xpath","value":"//input[contains(@id ,\"application-managequotations-display-component---AddNewContract--yardId-inner\")]"}
COMMAND: POST /session/0c2956f598ca806f9665356f353b70f0/element/f.20C66F91A75546181850ABA8914744C8.d.B33E2BEBCB68667CBD85338C9E380575.e.13313/value - {"text":"WebdriverYardi7zud"}
RESULT: {"text":"WebdriverYardi7zud"}
COMMAND: GET /session/0c2956f598ca806f9665356f353b70f0/screenshot - {}
RESULT: {}
COMMAND: POST /session/0c2956f598ca806f9665356f353b70f0/actions - {"actions":[{"id":"action87","type":"key","parameters":{},"actions":[{"type":"keyDown","value":""},{"type":"pause","duration":10},{"type":"keyUp","value":""}]}]}
RESULT: {"actions":[{"id":"action87","type":"key","parameters":{},"actions":[{"type":"keyDown","value":""},{"type":"pause","duration":10},{"type":"keyUp","value":""}]}]}
COMMAND: GET /session/0c2956f598ca806f9665356f353b70f0/screenshot - {}
RESULT: {}
COMMAND: POST /session/0c2956f598ca806f9665356f353b70f0/element - {"using":"xpath","value":"//input[contains(@id ,\"application-managequotations-display-component---AddNewContract--customerSelect-inner\")]"}
RESULT: {"using":"xpath","value":"//input[contains(@id ,\"application-managequotations-display-component---AddNewContract--customerSelect-inner\")]"}
COMMAND: POST /session/0c2956f598ca806f9665356f353b70f0/element/f.20C66F91A75546181850ABA8914744C8.d.B33E2BEBCB68667CBD85338C9E380575.e.13311/value - {"text":"WebdriverPartner4gxjz"}
RESULT: {"text":"WebdriverPartner4gxjz"}
COMMAND: GET /session/0c2956f598ca806f9665356f353b70f0/screenshot - {}
RESULT: {}
COMMAND: POST /session/0c2956f598ca806f9665356f353b70f0/actions - {"actions":[{"id":"action88","type":"key","parameters":{},"actions":[{"type":"keyDown","value":""},{"type":"pause","duration":10},{"type":"keyUp","value":""}]}]}
RESULT: {"actions":[{"id":"action88","type":"key","parameters":{},"actions":[{"type":"keyDown","value":""},{"type":"pause","duration":10},{"type":"keyUp","value":""}]}]}
COMMAND: GET /session/0c2956f598ca806f9665356f353b70f0/screenshot - {}
RESULT: {}
COMMAND: POST /session/0c2956f598ca806f9665356f353b70f0/element - {"using":"xpath","value":"//input[contains(@id ,\"application-managequotations-display-component---AddNewContract--site-inner\")]"}
RESULT: {"using":"xpath","value":"//input[contains(@id ,\"application-managequotations-display-component---AddNewContract--site-inner\")]"}
COMMAND: POST /session/0c2956f598ca806f9665356f353b70f0/element/f.20C66F91A75546181850ABA8914744C8.d.B33E2BEBCB68667CBD85338C9E380575.e.13312/value - {"text":"WebdriverSite5136l"}
RESULT: {"text":"WebdriverSite5136l"}
COMMAND: GET /session/0c2956f598ca806f9665356f353b70f0/screenshot - {}
RESULT: {}
COMMAND: POST /session/0c2956f598ca806f9665356f353b70f0/actions - {"actions":[{"id":"action89","type":"key","parameters":{},"actions":[{"type":"keyDown","value":""},{"type":"pause","duration":10},{"type":"keyUp","value":""}]}]}
RESULT: {"actions":[{"id":"action89","type":"key","parameters":{},"actions":[{"type":"keyDown","value":""},{"type":"pause","duration":10},{"type":"keyUp","value":""}]}]}
COMMAND: GET /session/0c2956f598ca806f9665356f353b70f0/screenshot - {}
RESULT: {}
COMMAND: POST /session/0c2956f598ca806f9665356f353b70f0/element - {"using":"xpath","value":"//bdi[contains(text(), \"Save\")]"}
RESULT: {"using":"xpath","value":"//bdi[contains(text(), \"Save\")]"}
COMMAND: POST /session/0c2956f598ca806f9665356f353b70f0/element/f.20C66F91A75546181850ABA8914744C8.d.B33E2BEBCB68667CBD85338C9E380575.e.13344/click - {}
RESULT: {}
COMMAND: GET /session/0c2956f598ca806f9665356f353b70f0/screenshot - {}
RESULT: {}
COMMAND: POST /session/0c2956f598ca806f9665356f353b70f0/element - {"using":"css selector","value":"#shell-header-logo"}
RESULT: {"using":"css selector","value":"#shell-header-logo"}
COMMAND: POST /session/0c2956f598ca806f9665356f353b70f0/element/f.20C66F91A75546181850ABA8914744C8.d.B33E2BEBCB68667CBD85338C9E380575.e.13006/click - {}
RESULT: {}
COMMAND: GET /session/0c2956f598ca806f9665356f353b70f0/screenshot - {}
RESULT: {}
]]></system-out>
    </testcase>
    <testcase classname="chrome.135_0_7049_42.windows.Process_request_items_into_an_existing_quotation_US120163" name="Should create a new request with catalog items and plan it" time="224.279">
      <system-out><![CDATA[
COMMAND: POST /session/0c2956f598ca806f9665356f353b70f0/element - {"using":"xpath","value":"//*[contains(@href, 'etm.portal.ui.managerequests')]"}
RESULT: {"using":"xpath","value":"//*[contains(@href, 'etm.portal.ui.managerequests')]"}
COMMAND: POST /session/0c2956f598ca806f9665356f353b70f0/element/f.20C66F91A75546181850ABA8914744C8.d.B33E2BEBCB68667CBD85338C9E380575.e.13418/click - {}
RESULT: {}
COMMAND: GET /session/0c2956f598ca806f9665356f353b70f0/screenshot - {}
RESULT: {}
COMMAND: POST /session/0c2956f598ca806f9665356f353b70f0/refresh - {}
RESULT: {}
COMMAND: GET /session/0c2956f598ca806f9665356f353b70f0/screenshot - {}
COMMAND: POST /session/0c2956f598ca806f9665356f353b70f0/refresh - {}
RESULT: {}
RESULT: {}
COMMAND: GET /session/0c2956f598ca806f9665356f353b70f0/screenshot - {}
RESULT: {}
COMMAND: POST /session/0c2956f598ca806f9665356f353b70f0/execute/async - {"script":"<script> [189 bytes]","args":[]}
RESULT: {"script":"<script> [189 bytes]","args":[]}
COMMAND: POST /session/0c2956f598ca806f9665356f353b70f0/execute/async - {"script":"<script> [123 bytes]","args":[]}
RESULT: {"script":"<script> [123 bytes]","args":[]}
COMMAND: POST /session/0c2956f598ca806f9665356f353b70f0/timeouts - {"script":"<number>"}
RESULT: {"script":"<number>"}
COMMAND: GET /session/0c2956f598ca806f9665356f353b70f0/timeouts - {}
RESULT: {}
RESULT: undefined
COMMAND: POST /session/0c2956f598ca806f9665356f353b70f0/execute/async - {"script":"<script> [2676 bytes]","args":[]}
RESULT: {"script":"<script> [2676 bytes]","args":[]}
COMMAND: POST /session/0c2956f598ca806f9665356f353b70f0/execute/async - {"script":"<script> [2342 bytes]","args":[{"protocol":"http","hostname":"0.0.0.0","path":"/","capabilities":{"browserName":"chrome","goog:chromeOptions":{"binary":"C:\\Program Files\\Google\\Chrome\\Application\\chrome.exe","args":["--start-maximized"]}},"logLevel":"warn","connectionRetryTimeout":120000,"connectionRetryCount":3,"logLevels":{},"enableDirectConnect":true,"strictSSL":true,"_":"65 more keys: [\"cacheDir\",\"port\",\"requestedCapabilities\",\"automationProtocol\",\"baseUrl\",\"waitforInterval\",\"waitforTimeout\",\"onReload\",\"beforeCommand\",\"afterCommand\",\"rootDir\",\"specs\",\"suites\",\"exclude\",\"groupLogsByTestSpec\",\"excludeDriverLogs\",\"bail\",\"framework\",\"reporters\",\"services\",\"maxInstances\",\"maxInstancesPerCapability\",\"injectGlobals\",\"filesToWatch\",\"execArgv\",\"runnerEnv\",\"runner\",\"shard\",\"specFileRetries\",\"specFileRetriesDelay\",\"specFileRetriesDeferred\",\"reporterSyncInterval\",\"reporterSyncTimeout\",\"cucumberFeaturesWithLineNumbers\",\"autoCompileOpts\",\"mochaOpts\",\"jasmineOpts\",\"cucumberOpts\",\"onPrepare\",\"onWorkerStart\",\"onWorkerEnd\",\"before\",\"beforeSession\",\"beforeSuite\",\"beforeHook\",\"beforeTest\",\"afterTest\",\"afterHook\",\"afterSuite\",\"afterSession\",\"after\",\"onComplete\",\"beforeAssertion\",\"afterAssertion\",\"beforeFeature\",\"beforeScenario\",\"beforeStep\",\"afterStep\",\"afterScenario\",\"afterFeature\",\"_\",\"suite\",\"$0\",\"ignoredWorkerServices\",\"wdi5\"]"}]}
RESULT: {"script":"<script> [2342 bytes]","args":[{"protocol":"http","hostname":"0.0.0.0","path":"/","capabilities":{"browserName":"chrome","goog:chromeOptions":{"binary":"C:\\Program Files\\Google\\Chrome\\Application\\chrome.exe","args":["--start-maximized"]}},"logLevel":"warn","connectionRetryTimeout":120000,"connectionRetryCount":3,"logLevels":{},"enableDirectConnect":true,"strictSSL":true,"_":"65 more keys: [\"cacheDir\",\"port\",\"requestedCapabilities\",\"automationProtocol\",\"baseUrl\",\"waitforInterval\",\"waitforTimeout\",\"onReload\",\"beforeCommand\",\"afterCommand\",\"rootDir\",\"specs\",\"suites\",\"exclude\",\"groupLogsByTestSpec\",\"excludeDriverLogs\",\"bail\",\"framework\",\"reporters\",\"services\",\"maxInstances\",\"maxInstancesPerCapability\",\"injectGlobals\",\"filesToWatch\",\"execArgv\",\"runnerEnv\",\"runner\",\"shard\",\"specFileRetries\",\"specFileRetriesDelay\",\"specFileRetriesDeferred\",\"reporterSyncInterval\",\"reporterSyncTimeout\",\"cucumberFeaturesWithLineNumbers\",\"autoCompileOpts\",\"mochaOpts\",\"jasmineOpts\",\"cucumberOpts\",\"onPrepare\",\"onWorkerStart\",\"onWorkerEnd\",\"before\",\"beforeSession\",\"beforeSuite\",\"beforeHook\",\"beforeTest\",\"afterTest\",\"afterHook\",\"afterSuite\",\"afterSession\",\"after\",\"onComplete\",\"beforeAssertion\",\"afterAssertion\",\"beforeFeature\",\"beforeScenario\",\"beforeStep\",\"afterStep\",\"afterScenario\",\"afterFeature\",\"_\",\"suite\",\"$0\",\"ignoredWorkerServices\",\"wdi5\"]"}]}
COMMAND: POST /session/0c2956f598ca806f9665356f353b70f0/execute/async - {"script":"<script> [21126 bytes]","args":[35000]}
RESULT: {"script":"<script> [21126 bytes]","args":[35000]}
COMMAND: POST /session/0c2956f598ca806f9665356f353b70f0/element - {"using":"xpath","value":"//button[contains(@data-kt ,\"btnCreateNewOverflowToolbarButton\")]"}
RESULT: {"using":"xpath","value":"//button[contains(@data-kt ,\"btnCreateNewOverflowToolbarButton\")]"}
COMMAND: POST /session/0c2956f598ca806f9665356f353b70f0/elements - {"using":"xpath","value":"//button[contains(@data-kt ,\"btnCreateNewOverflowToolbarButton\")]"}
RESULT: {"using":"xpath","value":"//button[contains(@data-kt ,\"btnCreateNewOverflowToolbarButton\")]"}
COMMAND: POST /session/0c2956f598ca806f9665356f353b70f0/execute/sync - {"script":"<script> [8489 bytes]","args":[{"element-6066-11e4-a52e-4f735466cecf":"f.20C66F91A75546181850ABA8914744C8.d.4B6EB1A3A0B2E802CDDB99C26401B6C2.e.13596","ELEMENT":"f.20C66F91A75546181850ABA8914744C8.d.4B6EB1A3A0B2E802CDDB99C26401B6C2.e.13596"}]}
RESULT: {"script":"<script> [8489 bytes]","args":[{"element-6066-11e4-a52e-4f735466cecf":"f.20C66F91A75546181850ABA8914744C8.d.4B6EB1A3A0B2E802CDDB99C26401B6C2.e.13596","ELEMENT":"f.20C66F91A75546181850ABA8914744C8.d.4B6EB1A3A0B2E802CDDB99C26401B6C2.e.13596"}]}
COMMAND: GET /session/0c2956f598ca806f9665356f353b70f0/element/f.20C66F91A75546181850ABA8914744C8.d.4B6EB1A3A0B2E802CDDB99C26401B6C2.e.13596/enabled - {}
RESULT: {}
COMMAND: POST /session/0c2956f598ca806f9665356f353b70f0/execute/sync - {"script":"<script> [8489 bytes]","args":[{"element-6066-11e4-a52e-4f735466cecf":"f.20C66F91A75546181850ABA8914744C8.d.4B6EB1A3A0B2E802CDDB99C26401B6C2.e.13596","ELEMENT":"f.20C66F91A75546181850ABA8914744C8.d.4B6EB1A3A0B2E802CDDB99C26401B6C2.e.13596"}]}
COMMAND: GET /session/0c2956f598ca806f9665356f353b70f0/screenshot - {}
COMMAND: GET /session/0c2956f598ca806f9665356f353b70f0/screenshot - {}
RESULT: {"script":"<script> [8489 bytes]","args":[{"element-6066-11e4-a52e-4f735466cecf":"f.20C66F91A75546181850ABA8914744C8.d.4B6EB1A3A0B2E802CDDB99C26401B6C2.e.13596","ELEMENT":"f.20C66F91A75546181850ABA8914744C8.d.4B6EB1A3A0B2E802CDDB99C26401B6C2.e.13596"}]}
COMMAND: POST /session/0c2956f598ca806f9665356f353b70f0/execute/sync - {"script":"<script> [5351 bytes]","args":[{"element-6066-11e4-a52e-4f735466cecf":"f.20C66F91A75546181850ABA8914744C8.d.4B6EB1A3A0B2E802CDDB99C26401B6C2.e.13596","ELEMENT":"f.20C66F91A75546181850ABA8914744C8.d.4B6EB1A3A0B2E802CDDB99C26401B6C2.e.13596"}]}
RESULT: {}
COMMAND: GET /session/0c2956f598ca806f9665356f353b70f0/screenshot - {}
RESULT: {}
RESULT: {"script":"<script> [5351 bytes]","args":[{"element-6066-11e4-a52e-4f735466cecf":"f.20C66F91A75546181850ABA8914744C8.d.4B6EB1A3A0B2E802CDDB99C26401B6C2.e.13596","ELEMENT":"f.20C66F91A75546181850ABA8914744C8.d.4B6EB1A3A0B2E802CDDB99C26401B6C2.e.13596"}]}
COMMAND: POST /session/0c2956f598ca806f9665356f353b70f0/element/f.20C66F91A75546181850ABA8914744C8.d.4B6EB1A3A0B2E802CDDB99C26401B6C2.e.13596/click - {}
COMMAND: GET /session/0c2956f598ca806f9665356f353b70f0/screenshot - {}
RESULT: {}
RESULT: {}
COMMAND: GET /session/0c2956f598ca806f9665356f353b70f0/screenshot - {}
RESULT: {}
RESULT: {}
COMMAND: POST /session/0c2956f598ca806f9665356f353b70f0/element - {"using":"xpath","value":"//input[contains(@id ,\"yardId-inner\")]"}
RESULT: {"using":"xpath","value":"//input[contains(@id ,\"yardId-inner\")]"}
COMMAND: POST /session/0c2956f598ca806f9665356f353b70f0/elements - {"using":"xpath","value":"//input[contains(@id ,\"yardId-inner\")]"}
RESULT: {"using":"xpath","value":"//input[contains(@id ,\"yardId-inner\")]"}
COMMAND: POST /session/0c2956f598ca806f9665356f353b70f0/execute/sync - {"script":"<script> [8489 bytes]","args":[{"element-6066-11e4-a52e-4f735466cecf":"f.20C66F91A75546181850ABA8914744C8.d.4B6EB1A3A0B2E802CDDB99C26401B6C2.e.13832","ELEMENT":"f.20C66F91A75546181850ABA8914744C8.d.4B6EB1A3A0B2E802CDDB99C26401B6C2.e.13832"}]}
RESULT: {"script":"<script> [8489 bytes]","args":[{"element-6066-11e4-a52e-4f735466cecf":"f.20C66F91A75546181850ABA8914744C8.d.4B6EB1A3A0B2E802CDDB99C26401B6C2.e.13832","ELEMENT":"f.20C66F91A75546181850ABA8914744C8.d.4B6EB1A3A0B2E802CDDB99C26401B6C2.e.13832"}]}
COMMAND: GET /session/0c2956f598ca806f9665356f353b70f0/element/f.20C66F91A75546181850ABA8914744C8.d.4B6EB1A3A0B2E802CDDB99C26401B6C2.e.13832/enabled - {}
COMMAND: GET /session/0c2956f598ca806f9665356f353b70f0/screenshot - {}
RESULT: {}
COMMAND: POST /session/0c2956f598ca806f9665356f353b70f0/execute/sync - {"script":"<script> [8489 bytes]","args":[{"element-6066-11e4-a52e-4f735466cecf":"f.20C66F91A75546181850ABA8914744C8.d.4B6EB1A3A0B2E802CDDB99C26401B6C2.e.13832","ELEMENT":"f.20C66F91A75546181850ABA8914744C8.d.4B6EB1A3A0B2E802CDDB99C26401B6C2.e.13832"}]}
COMMAND: GET /session/0c2956f598ca806f9665356f353b70f0/screenshot - {}
RESULT: {}
RESULT: {"script":"<script> [8489 bytes]","args":[{"element-6066-11e4-a52e-4f735466cecf":"f.20C66F91A75546181850ABA8914744C8.d.4B6EB1A3A0B2E802CDDB99C26401B6C2.e.13832","ELEMENT":"f.20C66F91A75546181850ABA8914744C8.d.4B6EB1A3A0B2E802CDDB99C26401B6C2.e.13832"}]}
COMMAND: POST /session/0c2956f598ca806f9665356f353b70f0/execute/sync - {"script":"<script> [5351 bytes]","args":[{"element-6066-11e4-a52e-4f735466cecf":"f.20C66F91A75546181850ABA8914744C8.d.4B6EB1A3A0B2E802CDDB99C26401B6C2.e.13832","ELEMENT":"f.20C66F91A75546181850ABA8914744C8.d.4B6EB1A3A0B2E802CDDB99C26401B6C2.e.13832"}]}
COMMAND: GET /session/0c2956f598ca806f9665356f353b70f0/screenshot - {}
RESULT: {}
RESULT: {"script":"<script> [5351 bytes]","args":[{"element-6066-11e4-a52e-4f735466cecf":"f.20C66F91A75546181850ABA8914744C8.d.4B6EB1A3A0B2E802CDDB99C26401B6C2.e.13832","ELEMENT":"f.20C66F91A75546181850ABA8914744C8.d.4B6EB1A3A0B2E802CDDB99C26401B6C2.e.13832"}]}
COMMAND: POST /session/0c2956f598ca806f9665356f353b70f0/element - {"using":"xpath","value":"//input[contains(@id ,\"yardId-inner\")]"}
COMMAND: GET /session/0c2956f598ca806f9665356f353b70f0/screenshot - {}
RESULT: {}
RESULT: {"using":"xpath","value":"//input[contains(@id ,\"yardId-inner\")]"}
COMMAND: POST /session/0c2956f598ca806f9665356f353b70f0/element/f.20C66F91A75546181850ABA8914744C8.d.4B6EB1A3A0B2E802CDDB99C26401B6C2.e.13832/value - {"text":"WebdriverYardi7zud"}
RESULT: {}
RESULT: {"text":"WebdriverYardi7zud"}
COMMAND: GET /session/0c2956f598ca806f9665356f353b70f0/screenshot - {}
RESULT: {}
COMMAND: POST /session/0c2956f598ca806f9665356f353b70f0/actions - {"actions":[{"id":"action90","type":"key","parameters":{},"actions":[{"type":"keyDown","value":""},{"type":"pause","duration":10},{"type":"keyUp","value":""}]}]}
RESULT: {"actions":[{"id":"action90","type":"key","parameters":{},"actions":[{"type":"keyDown","value":""},{"type":"pause","duration":10},{"type":"keyUp","value":""}]}]}
COMMAND: GET /session/0c2956f598ca806f9665356f353b70f0/screenshot - {}
RESULT: {}
COMMAND: POST /session/0c2956f598ca806f9665356f353b70f0/element - {"using":"xpath","value":"//input[contains(@id ,\"customerNumber-inner\")]"}
RESULT: {"using":"xpath","value":"//input[contains(@id ,\"customerNumber-inner\")]"}
COMMAND: POST /session/0c2956f598ca806f9665356f353b70f0/element/f.20C66F91A75546181850ABA8914744C8.d.4B6EB1A3A0B2E802CDDB99C26401B6C2.e.13826/value - {"text":"WebdriverPartner4gxjz"}
RESULT: {"text":"WebdriverPartner4gxjz"}
COMMAND: GET /session/0c2956f598ca806f9665356f353b70f0/screenshot - {}
RESULT: {}
COMMAND: POST /session/0c2956f598ca806f9665356f353b70f0/actions - {"actions":[{"id":"action91","type":"key","parameters":{},"actions":[{"type":"keyDown","value":""},{"type":"pause","duration":10},{"type":"keyUp","value":""}]}]}
RESULT: {"actions":[{"id":"action91","type":"key","parameters":{},"actions":[{"type":"keyDown","value":""},{"type":"pause","duration":10},{"type":"keyUp","value":""}]}]}
COMMAND: GET /session/0c2956f598ca806f9665356f353b70f0/screenshot - {}
RESULT: {}
COMMAND: POST /session/0c2956f598ca806f9665356f353b70f0/element - {"using":"xpath","value":"//input[contains(@id ,\"requestSiteId-inner\")]"}
RESULT: {"using":"xpath","value":"//input[contains(@id ,\"requestSiteId-inner\")]"}
COMMAND: POST /session/0c2956f598ca806f9665356f353b70f0/element/f.20C66F91A75546181850ABA8914744C8.d.4B6EB1A3A0B2E802CDDB99C26401B6C2.e.13825/value - {"text":"WebdriverSite5136l"}
RESULT: {"text":"WebdriverSite5136l"}
COMMAND: GET /session/0c2956f598ca806f9665356f353b70f0/screenshot - {}
RESULT: {}
COMMAND: POST /session/0c2956f598ca806f9665356f353b70f0/actions - {"actions":[{"id":"action92","type":"key","parameters":{},"actions":[{"type":"keyDown","value":""},{"type":"pause","duration":10},{"type":"keyUp","value":""}]}]}
RESULT: {"actions":[{"id":"action92","type":"key","parameters":{},"actions":[{"type":"keyDown","value":""},{"type":"pause","duration":10},{"type":"keyUp","value":""}]}]}
COMMAND: GET /session/0c2956f598ca806f9665356f353b70f0/screenshot - {}
RESULT: {}
COMMAND: POST /session/0c2956f598ca806f9665356f353b70f0/element - {"using":"xpath","value":"//bdi[contains(text(), \"Items\")]"}
RESULT: {"using":"xpath","value":"//bdi[contains(text(), \"Items\")]"}
COMMAND: POST /session/0c2956f598ca806f9665356f353b70f0/element/f.20C66F91A75546181850ABA8914744C8.d.4B6EB1A3A0B2E802CDDB99C26401B6C2.e.13988/click - {}
RESULT: {}
COMMAND: GET /session/0c2956f598ca806f9665356f353b70f0/screenshot - {}
RESULT: {}
COMMAND: POST /session/0c2956f598ca806f9665356f353b70f0/element - {"using":"xpath","value":"//button[contains(@data-kt ,\"requestItemAddOverflowToolbarButton\")]"}
RESULT: {"using":"xpath","value":"//button[contains(@data-kt ,\"requestItemAddOverflowToolbarButton\")]"}
COMMAND: POST /session/0c2956f598ca806f9665356f353b70f0/element/f.20C66F91A75546181850ABA8914744C8.d.4B6EB1A3A0B2E802CDDB99C26401B6C2.e.13804/click - {}
RESULT: {}
COMMAND: GET /session/0c2956f598ca806f9665356f353b70f0/screenshot - {}
RESULT: {}
COMMAND: POST /session/0c2956f598ca806f9665356f353b70f0/actions - {"actions":[{"id":"action93","type":"key","parameters":{},"actions":[{"type":"keyDown","value":""},{"type":"pause","duration":10},{"type":"keyUp","value":""}]}]}
RESULT: {"actions":[{"id":"action93","type":"key","parameters":{},"actions":[{"type":"keyDown","value":""},{"type":"pause","duration":10},{"type":"keyUp","value":""}]}]}
COMMAND: POST /session/0c2956f598ca806f9665356f353b70f0/actions - {"actions":[{"id":"action94","type":"key","parameters":{},"actions":[{"type":"keyDown","value":""},{"type":"pause","duration":10},{"type":"keyUp","value":""}]}]}
COMMAND: GET /session/0c2956f598ca806f9665356f353b70f0/screenshot - {}
RESULT: {"actions":[{"id":"action94","type":"key","parameters":{},"actions":[{"type":"keyDown","value":""},{"type":"pause","duration":10},{"type":"keyUp","value":""}]}]}
COMMAND: POST /session/0c2956f598ca806f9665356f353b70f0/element - {"using":"xpath","value":"(//input[contains(@id ,\"requestItemsTable-0-inner\")])[1]"}
COMMAND: GET /session/0c2956f598ca806f9665356f353b70f0/screenshot - {}
RESULT: {}
RESULT: {"using":"xpath","value":"(//input[contains(@id ,\"requestItemsTable-0-inner\")])[1]"}
COMMAND: POST /session/0c2956f598ca806f9665356f353b70f0/element/f.20C66F91A75546181850ABA8914744C8.d.4B6EB1A3A0B2E802CDDB99C26401B6C2.e.14003/clear - {}
RESULT: {}
RESULT: {}
COMMAND: POST /session/0c2956f598ca806f9665356f353b70f0/element/f.20C66F91A75546181850ABA8914744C8.d.4B6EB1A3A0B2E802CDDB99C26401B6C2.e.14003/value - {"text":"catalogItem6knn4"}
COMMAND: GET /session/0c2956f598ca806f9665356f353b70f0/screenshot - {}
RESULT: {"text":"catalogItem6knn4"}
COMMAND: GET /session/0c2956f598ca806f9665356f353b70f0/screenshot - {}
RESULT: {}
RESULT: {}
COMMAND: POST /session/0c2956f598ca806f9665356f353b70f0/actions - {"actions":[{"id":"action95","type":"key","parameters":{},"actions":[{"type":"keyDown","value":""},{"type":"pause","duration":10},{"type":"keyUp","value":""}]}]}
RESULT: {"actions":[{"id":"action95","type":"key","parameters":{},"actions":[{"type":"keyDown","value":""},{"type":"pause","duration":10},{"type":"keyUp","value":""}]}]}
COMMAND: GET /session/0c2956f598ca806f9665356f353b70f0/screenshot - {}
RESULT: {}
COMMAND: POST /session/0c2956f598ca806f9665356f353b70f0/execute/async - {"script":"<script> [1562 bytes]","args":[{"selector":{"controlType":"sap.ui.core.Icon","viewName":"etm.portal.ui.managerequests.view.NewRequest","properties":{"src":{"regex":{"source":"slim\\-arrow\\-down"}}},"ancestor":{"controlType":"sap.m.Button","viewName":"etm.portal.ui.managerequests.view.NewRequest","properties":{"icon":"sap-icon://slim-arrow-down"}}},"wdio_ui5_key":"etmportal.ui.managerequests.view.NewRequestsap.ui.core.Icon{\"src\":{\"regex\":{\"source\":\"slim\\\\-arrow\\\\-down\"}}}{\"controlType\":\"sap.m.Button\",\"viewName\":\"etm.portal.ui.managerequests.view.NewRequest\",\"properties\":{\"icon\":\"sap-icon://slim-arrow-down\"}}"}]}
RESULT: {"script":"<script> [1562 bytes]","args":[{"selector":{"controlType":"sap.ui.core.Icon","viewName":"etm.portal.ui.managerequests.view.NewRequest","properties":{"src":{"regex":{"source":"slim\\-arrow\\-down"}}},"ancestor":{"controlType":"sap.m.Button","viewName":"etm.portal.ui.managerequests.view.NewRequest","properties":{"icon":"sap-icon://slim-arrow-down"}}},"wdio_ui5_key":"etmportal.ui.managerequests.view.NewRequestsap.ui.core.Icon{\"src\":{\"regex\":{\"source\":\"slim\\\\-arrow\\\\-down\"}}}{\"controlType\":\"sap.m.Button\",\"viewName\":\"etm.portal.ui.managerequests.view.NewRequest\",\"properties\":{\"icon\":\"sap-icon://slim-arrow-down\"}}"}]}
RESULT: undefined
COMMAND: POST /session/0c2956f598ca806f9665356f353b70f0/element - {"using":"xpath","value":"//*[@id=\"__title4-expandBtn-img\"]"}
RESULT: {"using":"xpath","value":"//*[@id=\"__title4-expandBtn-img\"]"}
COMMAND: POST /session/0c2956f598ca806f9665356f353b70f0/element/f.20C66F91A75546181850ABA8914744C8.d.4B6EB1A3A0B2E802CDDB99C26401B6C2.e.14014/click - {}
RESULT: {}
COMMAND: GET /session/0c2956f598ca806f9665356f353b70f0/screenshot - {}
RESULT: {}
COMMAND: POST /session/0c2956f598ca806f9665356f353b70f0/element - {"using":"xpath","value":"//div[contains(@data-kt ,\"splitAllocationObjectStatus\")]"}
RESULT: {"using":"xpath","value":"//div[contains(@data-kt ,\"splitAllocationObjectStatus\")]"}
COMMAND: POST /session/0c2956f598ca806f9665356f353b70f0/elements - {"using":"xpath","value":"//div[contains(@data-kt ,\"splitAllocationObjectStatus\")]"}
RESULT: {"using":"xpath","value":"//div[contains(@data-kt ,\"splitAllocationObjectStatus\")]"}
COMMAND: POST /session/0c2956f598ca806f9665356f353b70f0/execute/async - {"script":"<script> [1562 bytes]","args":[{"selector":{"controlType":"sap.ui.core.Icon","viewName":"etm.portal.ui.managerequests.view.NewRequest","properties":{"src":{"regex":{"source":"message\\-error"}}}},"wdio_ui5_key":"etmportal.ui.managerequests.view.NewRequestsap.ui.core.Icon{\"src\":{\"regex\":{\"source\":\"message\\\\-error\"}}}"}]}
RESULT: {"script":"<script> [1562 bytes]","args":[{"selector":{"controlType":"sap.ui.core.Icon","viewName":"etm.portal.ui.managerequests.view.NewRequest","properties":{"src":{"regex":{"source":"message\\-error"}}}},"wdio_ui5_key":"etmportal.ui.managerequests.view.NewRequestsap.ui.core.Icon{\"src\":{\"regex\":{\"source\":\"message\\\\-error\"}}}"}]}
RESULT: undefined
COMMAND: POST /session/0c2956f598ca806f9665356f353b70f0/element - {"using":"xpath","value":"//*[@id=\"__status4-__xmlview1--requestItemsTable-0-icon\"]"}
RESULT: {"using":"xpath","value":"//*[@id=\"__status4-__xmlview1--requestItemsTable-0-icon\"]"}
COMMAND: POST /session/0c2956f598ca806f9665356f353b70f0/element/f.20C66F91A75546181850ABA8914744C8.d.4B6EB1A3A0B2E802CDDB99C26401B6C2.e.14020/click - {}
RESULT: {}
COMMAND: POST /session/0c2956f598ca806f9665356f353b70f0/execute/async - {"script":"<script> [1562 bytes]","args":[{"selector":{"controlType":"sap.ui.core.Icon","viewName":"etm.portal.ui.managerequests.view.NewRequest","properties":{"src":{"regex":{"source":"slim\\-arrow\\-down"}}},"searchOpenDialogs":true,"ancestor":{"id":"costObjectAdminTypeComboBox","viewName":"etm.portal.ui.managerequests.view.NewRequest","searchOpenDialogs":true}},"wdio_ui5_key":"etmportal.ui.managerequests.view.NewRequestsap.ui.core.Icon{\"src\":{\"regex\":{\"source\":\"slim\\\\-arrow\\\\-down\"}}}{\"id\":\"costObjectAdminTypeComboBox\",\"viewName\":\"etm.portal.ui.managerequests.view.NewRequest\",\"searchOpenDialogs\":true}"}]}
COMMAND: GET /session/0c2956f598ca806f9665356f353b70f0/screenshot - {}
RESULT: {"script":"<script> [1562 bytes]","args":[{"selector":{"controlType":"sap.ui.core.Icon","viewName":"etm.portal.ui.managerequests.view.NewRequest","properties":{"src":{"regex":{"source":"slim\\-arrow\\-down"}}},"searchOpenDialogs":true,"ancestor":{"id":"costObjectAdminTypeComboBox","viewName":"etm.portal.ui.managerequests.view.NewRequest","searchOpenDialogs":true}},"wdio_ui5_key":"etmportal.ui.managerequests.view.NewRequestsap.ui.core.Icon{\"src\":{\"regex\":{\"source\":\"slim\\\\-arrow\\\\-down\"}}}{\"id\":\"costObjectAdminTypeComboBox\",\"viewName\":\"etm.portal.ui.managerequests.view.NewRequest\",\"searchOpenDialogs\":true}"}]}
RESULT: undefined
COMMAND: POST /session/0c2956f598ca806f9665356f353b70f0/element - {"using":"xpath","value":"//*[@id=\"__xmlview1--costObjectAdminTypeComboBox-arrow\"]"}
RESULT: {}
RESULT: {"using":"xpath","value":"//*[@id=\"__xmlview1--costObjectAdminTypeComboBox-arrow\"]"}
COMMAND: POST /session/0c2956f598ca806f9665356f353b70f0/element/f.20C66F91A75546181850ABA8914744C8.d.4B6EB1A3A0B2E802CDDB99C26401B6C2.e.14024/click - {}
RESULT: {}
COMMAND: POST /session/0c2956f598ca806f9665356f353b70f0/execute/async - {"script":"<script> [1562 bytes]","args":[{"selector":{"controlType":"sap.m.StandardListItem","viewName":"etm.portal.ui.managerequests.view.NewRequest","properties":{"title":"Cost Center"},"searchOpenDialogs":true,"interaction":{"idSuffix":"titleText"}},"wdio_ui5_key":"etmportal.ui.managerequests.view.NewRequestsap.m.StandardListItem{\"title\":\"Cost Center\"}"}]}
COMMAND: GET /session/0c2956f598ca806f9665356f353b70f0/screenshot - {}
RESULT: {"script":"<script> [1562 bytes]","args":[{"selector":{"controlType":"sap.m.StandardListItem","viewName":"etm.portal.ui.managerequests.view.NewRequest","properties":{"title":"Cost Center"},"searchOpenDialogs":true,"interaction":{"idSuffix":"titleText"}},"wdio_ui5_key":"etmportal.ui.managerequests.view.NewRequestsap.m.StandardListItem{\"title\":\"Cost Center\"}"}]}
RESULT: undefined
COMMAND: POST /session/0c2956f598ca806f9665356f353b70f0/element - {"using":"xpath","value":"//*[@id=\"__item663\"]"}
RESULT: {}
RESULT: {"using":"xpath","value":"//*[@id=\"__item663\"]"}
COMMAND: POST /session/0c2956f598ca806f9665356f353b70f0/element/f.20C66F91A75546181850ABA8914744C8.d.4B6EB1A3A0B2E802CDDB99C26401B6C2.e.14027/click - {}
RESULT: {}
COMMAND: POST /session/0c2956f598ca806f9665356f353b70f0/execute/async - {"script":"<script> [1562 bytes]","args":[{"selector":{"controlType":"sap.ui.core.Icon","viewName":"etm.portal.ui.managerequests.view.NewRequest","properties":{"src":{"regex":{"source":"value\\-help"}}},"searchOpenDialogs":true},"wdio_ui5_key":"etmportal.ui.managerequests.view.NewRequestsap.ui.core.Icon{\"src\":{\"regex\":{\"source\":\"value\\\\-help\"}}}"}]}
COMMAND: GET /session/0c2956f598ca806f9665356f353b70f0/screenshot - {}
RESULT: {"script":"<script> [1562 bytes]","args":[{"selector":{"controlType":"sap.ui.core.Icon","viewName":"etm.portal.ui.managerequests.view.NewRequest","properties":{"src":{"regex":{"source":"value\\-help"}}},"searchOpenDialogs":true},"wdio_ui5_key":"etmportal.ui.managerequests.view.NewRequestsap.ui.core.Icon{\"src\":{\"regex\":{\"source\":\"value\\\\-help\"}}}"}]}
RESULT: undefined
COMMAND: POST /session/0c2956f598ca806f9665356f353b70f0/element - {"using":"xpath","value":"//*[@id=\"__xmlview1--costObjectIdComboBox-vhi\"]"}
RESULT: {}
RESULT: {"using":"xpath","value":"//*[@id=\"__xmlview1--costObjectIdComboBox-vhi\"]"}
COMMAND: POST /session/0c2956f598ca806f9665356f353b70f0/element/f.20C66F91A75546181850ABA8914744C8.d.4B6EB1A3A0B2E802CDDB99C26401B6C2.e.14031/click - {}
RESULT: {}
COMMAND: POST /session/0c2956f598ca806f9665356f353b70f0/execute/async - {"script":"<script> [1562 bytes]","args":[{"selector":{"controlType":"sap.m.SearchField","properties":{"placeholder":"Search"},"searchOpenDialogs":true,"interaction":{"idSuffix":"I"}},"wdio_ui5_key":"sapm.SearchField{\"placeholder\":\"Search\"}"}]}
COMMAND: GET /session/0c2956f598ca806f9665356f353b70f0/screenshot - {}
RESULT: {"script":"<script> [1562 bytes]","args":[{"selector":{"controlType":"sap.m.SearchField","properties":{"placeholder":"Search"},"searchOpenDialogs":true,"interaction":{"idSuffix":"I"}},"wdio_ui5_key":"sapm.SearchField{\"placeholder\":\"Search\"}"}]}
RESULT: undefined
COMMAND: POST /session/0c2956f598ca806f9665356f353b70f0/execute/async - {"script":"<script> [776 bytes]","args":[{"enterText":"10001010","selector":{"controlType":"sap.m.SearchField","properties":{"placeholder":"Search"},"searchOpenDialogs":true,"interaction":{"idSuffix":"I"}},"clearTextFirst":true,"interactionType":"ENTER_TEXT"}]}
RESULT: {}
RESULT: {"script":"<script> [776 bytes]","args":[{"enterText":"10001010","selector":{"controlType":"sap.m.SearchField","properties":{"placeholder":"Search"},"searchOpenDialogs":true,"interaction":{"idSuffix":"I"}},"clearTextFirst":true,"interactionType":"ENTER_TEXT"}]}
COMMAND: POST /session/0c2956f598ca806f9665356f353b70f0/actions - {"actions":[{"id":"action96","type":"key","parameters":{},"actions":[{"type":"keyDown","value":""},{"type":"pause","duration":10},{"type":"keyUp","value":""}]}]}
RESULT: {"actions":[{"id":"action96","type":"key","parameters":{},"actions":[{"type":"keyDown","value":""},{"type":"pause","duration":10},{"type":"keyUp","value":""}]}]}
COMMAND: GET /session/0c2956f598ca806f9665356f353b70f0/screenshot - {}
RESULT: {}
COMMAND: POST /session/0c2956f598ca806f9665356f353b70f0/execute/async - {"script":"<script> [1562 bytes]","args":[{"selector":{"controlType":"sap.m.Text","bindingPath":{"path":"/C_CostCtrValueHelp(CostCenter='10001010',ControllingArea='Z001')","propertyPath":"CostCenterName","modelName":"CostCenterModel"},"searchOpenDialogs":true},"wdio_ui5_key":"sapm.Text{\"path\":\"/C_CostCtrValueHelp(CostCenter='10001010',ControllingArea='Z001')\",\"propertyPath\":\"CostCenterName\",\"modelName\":\"CostCenterModel\"}"}]}
RESULT: {"script":"<script> [1562 bytes]","args":[{"selector":{"controlType":"sap.m.Text","bindingPath":{"path":"/C_CostCtrValueHelp(CostCenter='10001010',ControllingArea='Z001')","propertyPath":"CostCenterName","modelName":"CostCenterModel"},"searchOpenDialogs":true},"wdio_ui5_key":"sapm.Text{\"path\":\"/C_CostCtrValueHelp(CostCenter='10001010',ControllingArea='Z001')\",\"propertyPath\":\"CostCenterName\",\"modelName\":\"CostCenterModel\"}"}]}
RESULT: undefined
COMMAND: POST /session/0c2956f598ca806f9665356f353b70f0/element - {"using":"xpath","value":"//*[@id=\"__text265-__clone793\"]"}
RESULT: {"using":"xpath","value":"//*[@id=\"__text265-__clone793\"]"}
COMMAND: POST /session/0c2956f598ca806f9665356f353b70f0/element/f.20C66F91A75546181850ABA8914744C8.d.4B6EB1A3A0B2E802CDDB99C26401B6C2.e.14070/click - {}
RESULT: {}
COMMAND: POST /session/0c2956f598ca806f9665356f353b70f0/execute/async - {"script":"<script> [1562 bytes]","args":[{"selector":{"controlType":"sap.m.Button","properties":{"text":"OK"},"searchOpenDialogs":true,"interaction":{"idSuffix":"BDI-content"}},"wdio_ui5_key":"sapm.Button{\"text\":\"OK\"}"}]}
COMMAND: GET /session/0c2956f598ca806f9665356f353b70f0/screenshot - {}
RESULT: {"script":"<script> [1562 bytes]","args":[{"selector":{"controlType":"sap.m.Button","properties":{"text":"OK"},"searchOpenDialogs":true,"interaction":{"idSuffix":"BDI-content"}},"wdio_ui5_key":"sapm.Button{\"text\":\"OK\"}"}]}
RESULT: undefined
COMMAND: POST /session/0c2956f598ca806f9665356f353b70f0/element - {"using":"xpath","value":"//*[@id=\"__dialog1-ok\"]"}
RESULT: {}
RESULT: {"using":"xpath","value":"//*[@id=\"__dialog1-ok\"]"}
COMMAND: POST /session/0c2956f598ca806f9665356f353b70f0/element/f.20C66F91A75546181850ABA8914744C8.d.4B6EB1A3A0B2E802CDDB99C26401B6C2.e.14072/click - {}
RESULT: {}
COMMAND: GET /session/0c2956f598ca806f9665356f353b70f0/screenshot - {}
RESULT: {}
COMMAND: POST /session/0c2956f598ca806f9665356f353b70f0/execute/async - {"script":"<script> [1562 bytes]","args":[{"selector":{"controlType":"sap.m.Button","viewName":"etm.portal.ui.managerequests.view.NewRequest","i18NText":{"propertyName":"text","key":"save"},"searchOpenDialogs":true,"interaction":{"idSuffix":"BDI-content"}},"wdio_ui5_key":"etmportal.ui.managerequests.view.NewRequestsap.m.Button{\"propertyName\":\"text\",\"key\":\"save\"}"}]}
RESULT: {"script":"<script> [1562 bytes]","args":[{"selector":{"controlType":"sap.m.Button","viewName":"etm.portal.ui.managerequests.view.NewRequest","i18NText":{"propertyName":"text","key":"save"},"searchOpenDialogs":true,"interaction":{"idSuffix":"BDI-content"}},"wdio_ui5_key":"etmportal.ui.managerequests.view.NewRequestsap.m.Button{\"propertyName\":\"text\",\"key\":\"save\"}"}]}
RESULT: undefined
COMMAND: POST /session/0c2956f598ca806f9665356f353b70f0/element - {"using":"xpath","value":"//*[@id=\"__button22\"]"}
RESULT: {"using":"xpath","value":"//*[@id=\"__button22\"]"}
COMMAND: POST /session/0c2956f598ca806f9665356f353b70f0/element/f.20C66F91A75546181850ABA8914744C8.d.4B6EB1A3A0B2E802CDDB99C26401B6C2.e.14076/click - {}
RESULT: {}
COMMAND: GET /session/0c2956f598ca806f9665356f353b70f0/screenshot - {}
RESULT: {}
COMMAND: POST /session/0c2956f598ca806f9665356f353b70f0/element - {"using":"xpath","value":"(//bdi[contains(text() ,\"Save\")])[1]"}
RESULT: {"using":"xpath","value":"(//bdi[contains(text() ,\"Save\")])[1]"}
COMMAND: POST /session/0c2956f598ca806f9665356f353b70f0/element/f.20C66F91A75546181850ABA8914744C8.d.4B6EB1A3A0B2E802CDDB99C26401B6C2.e.14078/click - {}
RESULT: {}
COMMAND: GET /session/0c2956f598ca806f9665356f353b70f0/screenshot - {}
RESULT: {}
COMMAND: POST /session/0c2956f598ca806f9665356f353b70f0/execute/async - {"script":"<script> [1562 bytes]","args":[{"selector":{"controlType":"sap.m.Title","properties":{"text":"Success"},"searchOpenDialogs":true},"wdio_ui5_key":"sapm.Title{\"text\":\"Success\"}"}]}
RESULT: {"script":"<script> [1562 bytes]","args":[{"selector":{"controlType":"sap.m.Title","properties":{"text":"Success"},"searchOpenDialogs":true},"wdio_ui5_key":"sapm.Title{\"text\":\"Success\"}"}]}
RESULT: undefined
COMMAND: POST /session/0c2956f598ca806f9665356f353b70f0/execute/async - {"script":"<script> [6424 bytes]","args":[{"element-6066-11e4-a52e-4f735466cecf":"f.20C66F91A75546181850ABA8914744C8.d.4B6EB1A3A0B2E802CDDB99C26401B6C2.e.14082"},"getText",[]]}
RESULT: {"script":"<script> [6424 bytes]","args":[{"element-6066-11e4-a52e-4f735466cecf":"f.20C66F91A75546181850ABA8914744C8.d.4B6EB1A3A0B2E802CDDB99C26401B6C2.e.14082"},"getText",[]]}
COMMAND: POST /session/0c2956f598ca806f9665356f353b70f0/execute/async - {"script":"<script> [1562 bytes]","args":[{"selector":{"controlType":"sap.m.Button","properties":{"text":"Close"},"searchOpenDialogs":true,"interaction":{"idSuffix":"BDI-content"}},"wdio_ui5_key":"sapm.Button{\"text\":\"Close\"}"}]}
RESULT: {"script":"<script> [1562 bytes]","args":[{"selector":{"controlType":"sap.m.Button","properties":{"text":"Close"},"searchOpenDialogs":true,"interaction":{"idSuffix":"BDI-content"}},"wdio_ui5_key":"sapm.Button{\"text\":\"Close\"}"}]}
RESULT: undefined
COMMAND: POST /session/0c2956f598ca806f9665356f353b70f0/element - {"using":"xpath","value":"//*[@id=\"__mbox-btn-0\"]"}
RESULT: {"using":"xpath","value":"//*[@id=\"__mbox-btn-0\"]"}
COMMAND: POST /session/0c2956f598ca806f9665356f353b70f0/element/f.20C66F91A75546181850ABA8914744C8.d.4B6EB1A3A0B2E802CDDB99C26401B6C2.e.14080/click - {}
RESULT: {}
COMMAND: GET /session/0c2956f598ca806f9665356f353b70f0/screenshot - {}
RESULT: {}
COMMAND: POST /session/0c2956f598ca806f9665356f353b70f0/execute/async - {"script":"<script> [1562 bytes]","args":[{"selector":{"controlType":"sap.m.Text","viewName":"etm.portal.ui.managerequests.view.Detail","bindingPath":{"propertyPath":"NO","modelName":"catalogModel"}},"wdio_ui5_key":"etmportal.ui.managerequests.view.Detailsap.m.Text{\"propertyPath\":\"NO\",\"modelName\":\"catalogModel\"}"}]}
RESULT: {"script":"<script> [1562 bytes]","args":[{"selector":{"controlType":"sap.m.Text","viewName":"etm.portal.ui.managerequests.view.Detail","bindingPath":{"propertyPath":"NO","modelName":"catalogModel"}},"wdio_ui5_key":"etmportal.ui.managerequests.view.Detailsap.m.Text{\"propertyPath\":\"NO\",\"modelName\":\"catalogModel\"}"}]}
RESULT: undefined
COMMAND: POST /session/0c2956f598ca806f9665356f353b70f0/execute/async - {"script":"<script> [6424 bytes]","args":[{"element-6066-11e4-a52e-4f735466cecf":"f.20C66F91A75546181850ABA8914744C8.d.4B6EB1A3A0B2E802CDDB99C26401B6C2.e.14205"},"getText",[]]}
RESULT: {"script":"<script> [6424 bytes]","args":[{"element-6066-11e4-a52e-4f735466cecf":"f.20C66F91A75546181850ABA8914744C8.d.4B6EB1A3A0B2E802CDDB99C26401B6C2.e.14205"},"getText",[]]}
COMMAND: POST /session/0c2956f598ca806f9665356f353b70f0/execute/async - {"script":"<script> [1562 bytes]","args":[{"selector":{"controlType":"sap.ui.core.Icon","viewName":"etm.portal.ui.managerequests.view.Detail","properties":{"src":{"regex":{"source":"date\\-time"}}},"ancestor":{"controlType":"sap.m.ColumnListItem","viewName":"etm.portal.ui.managerequests.view.Detail","bindingPath":{"path":"/SmartRequestItemsPlanningBoard(ITEM=10m,REQUEST='20183')"},"ancestor":{"id":"requestItemsTable","viewName":"etm.portal.ui.managerequests.view.Detail"}}},"wdio_ui5_key":"etmportal.ui.managerequests.view.Detailsap.ui.core.Icon{\"src\":{\"regex\":{\"source\":\"date\\\\-time\"}}}{\"controlType\":\"sap.m.ColumnListItem\",\"viewName\":\"etm.portal.ui.managerequests.view.Detail\",\"bindingPath\":{\"path\":\"/SmartRequestItemsPlanningBoard(ITEM=10m,REQUEST='20183')\"},\"ancestor\":{\"id\":\"requestItemsTable\",\"viewName\":\"etm.portal.ui.managerequests.view.Detail\"}}"}]}
RESULT: {"script":"<script> [1562 bytes]","args":[{"selector":{"controlType":"sap.ui.core.Icon","viewName":"etm.portal.ui.managerequests.view.Detail","properties":{"src":{"regex":{"source":"date\\-time"}}},"ancestor":{"controlType":"sap.m.ColumnListItem","viewName":"etm.portal.ui.managerequests.view.Detail","bindingPath":{"path":"/SmartRequestItemsPlanningBoard(ITEM=10m,REQUEST='20183')"},"ancestor":{"id":"requestItemsTable","viewName":"etm.portal.ui.managerequests.view.Detail"}}},"wdio_ui5_key":"etmportal.ui.managerequests.view.Detailsap.ui.core.Icon{\"src\":{\"regex\":{\"source\":\"date\\\\-time\"}}}{\"controlType\":\"sap.m.ColumnListItem\",\"viewName\":\"etm.portal.ui.managerequests.view.Detail\",\"bindingPath\":{\"path\":\"/SmartRequestItemsPlanningBoard(ITEM=10m,REQUEST='20183')\"},\"ancestor\":{\"id\":\"requestItemsTable\",\"viewName\":\"etm.portal.ui.managerequests.view.Detail\"}}"}]}
RESULT: undefined
COMMAND: POST /session/0c2956f598ca806f9665356f353b70f0/element - {"using":"xpath","value":"//*[@id=\"__button37-__clone832-img\"]"}
RESULT: {"using":"xpath","value":"//*[@id=\"__button37-__clone832-img\"]"}
COMMAND: POST /session/0c2956f598ca806f9665356f353b70f0/element/f.20C66F91A75546181850ABA8914744C8.d.4B6EB1A3A0B2E802CDDB99C26401B6C2.e.14206/click - {}
RESULT: {}
COMMAND: POST /session/0c2956f598ca806f9665356f353b70f0/execute/async - {"script":"<script> [1562 bytes]","args":[{"selector":{"controlType":"sap.m.Button","viewName":"etm.portal.ui.managerequests.view.Detail","properties":{"text":"Close"},"searchOpenDialogs":true,"interaction":{"idSuffix":"BDI-content"}},"wdio_ui5_key":"etmportal.ui.managerequests.view.Detailsap.m.Button{\"text\":\"Close\"}"}]}
COMMAND: GET /session/0c2956f598ca806f9665356f353b70f0/screenshot - {}
RESULT: {"script":"<script> [1562 bytes]","args":[{"selector":{"controlType":"sap.m.Button","viewName":"etm.portal.ui.managerequests.view.Detail","properties":{"text":"Close"},"searchOpenDialogs":true,"interaction":{"idSuffix":"BDI-content"}},"wdio_ui5_key":"etmportal.ui.managerequests.view.Detailsap.m.Button{\"text\":\"Close\"}"}]}
RESULT: undefined
COMMAND: POST /session/0c2956f598ca806f9665356f353b70f0/element - {"using":"xpath","value":"//*[@id=\"__button47\"]"}
RESULT: {}
RESULT: {"using":"xpath","value":"//*[@id=\"__button47\"]"}
COMMAND: POST /session/0c2956f598ca806f9665356f353b70f0/element/f.20C66F91A75546181850ABA8914744C8.d.4B6EB1A3A0B2E802CDDB99C26401B6C2.e.14209/click - {}
RESULT: {}
COMMAND: GET /session/0c2956f598ca806f9665356f353b70f0/screenshot - {}
RESULT: {}
COMMAND: POST /session/0c2956f598ca806f9665356f353b70f0/refresh - {}
RESULT: {}
COMMAND: GET /session/0c2956f598ca806f9665356f353b70f0/screenshot - {}
RESULT: {}
COMMAND: POST /session/0c2956f598ca806f9665356f353b70f0/refresh - {}
RESULT: {}
COMMAND: GET /session/0c2956f598ca806f9665356f353b70f0/screenshot - {}
RESULT: {}
COMMAND: POST /session/0c2956f598ca806f9665356f353b70f0/execute/async - {"script":"<script> [189 bytes]","args":[]}
RESULT: {"script":"<script> [189 bytes]","args":[]}
COMMAND: POST /session/0c2956f598ca806f9665356f353b70f0/execute/async - {"script":"<script> [123 bytes]","args":[]}
RESULT: {"script":"<script> [123 bytes]","args":[]}
COMMAND: POST /session/0c2956f598ca806f9665356f353b70f0/timeouts - {"script":"<number>"}
RESULT: {"script":"<number>"}
COMMAND: GET /session/0c2956f598ca806f9665356f353b70f0/timeouts - {}
RESULT: {}
RESULT: undefined
COMMAND: POST /session/0c2956f598ca806f9665356f353b70f0/execute/async - {"script":"<script> [2676 bytes]","args":[]}
RESULT: {"script":"<script> [2676 bytes]","args":[]}
COMMAND: POST /session/0c2956f598ca806f9665356f353b70f0/execute/async - {"script":"<script> [2342 bytes]","args":[{"protocol":"http","hostname":"0.0.0.0","path":"/","capabilities":{"browserName":"chrome","goog:chromeOptions":{"binary":"C:\\Program Files\\Google\\Chrome\\Application\\chrome.exe","args":["--start-maximized"]}},"logLevel":"warn","connectionRetryTimeout":120000,"connectionRetryCount":3,"logLevels":{},"enableDirectConnect":true,"strictSSL":true,"_":"65 more keys: [\"cacheDir\",\"port\",\"requestedCapabilities\",\"automationProtocol\",\"baseUrl\",\"waitforInterval\",\"waitforTimeout\",\"onReload\",\"beforeCommand\",\"afterCommand\",\"rootDir\",\"specs\",\"suites\",\"exclude\",\"groupLogsByTestSpec\",\"excludeDriverLogs\",\"bail\",\"framework\",\"reporters\",\"services\",\"maxInstances\",\"maxInstancesPerCapability\",\"injectGlobals\",\"filesToWatch\",\"execArgv\",\"runnerEnv\",\"runner\",\"shard\",\"specFileRetries\",\"specFileRetriesDelay\",\"specFileRetriesDeferred\",\"reporterSyncInterval\",\"reporterSyncTimeout\",\"cucumberFeaturesWithLineNumbers\",\"autoCompileOpts\",\"mochaOpts\",\"jasmineOpts\",\"cucumberOpts\",\"onPrepare\",\"onWorkerStart\",\"onWorkerEnd\",\"before\",\"beforeSession\",\"beforeSuite\",\"beforeHook\",\"beforeTest\",\"afterTest\",\"afterHook\",\"afterSuite\",\"afterSession\",\"after\",\"onComplete\",\"beforeAssertion\",\"afterAssertion\",\"beforeFeature\",\"beforeScenario\",\"beforeStep\",\"afterStep\",\"afterScenario\",\"afterFeature\",\"_\",\"suite\",\"$0\",\"ignoredWorkerServices\",\"wdi5\"]"}]}
RESULT: {"script":"<script> [2342 bytes]","args":[{"protocol":"http","hostname":"0.0.0.0","path":"/","capabilities":{"browserName":"chrome","goog:chromeOptions":{"binary":"C:\\Program Files\\Google\\Chrome\\Application\\chrome.exe","args":["--start-maximized"]}},"logLevel":"warn","connectionRetryTimeout":120000,"connectionRetryCount":3,"logLevels":{},"enableDirectConnect":true,"strictSSL":true,"_":"65 more keys: [\"cacheDir\",\"port\",\"requestedCapabilities\",\"automationProtocol\",\"baseUrl\",\"waitforInterval\",\"waitforTimeout\",\"onReload\",\"beforeCommand\",\"afterCommand\",\"rootDir\",\"specs\",\"suites\",\"exclude\",\"groupLogsByTestSpec\",\"excludeDriverLogs\",\"bail\",\"framework\",\"reporters\",\"services\",\"maxInstances\",\"maxInstancesPerCapability\",\"injectGlobals\",\"filesToWatch\",\"execArgv\",\"runnerEnv\",\"runner\",\"shard\",\"specFileRetries\",\"specFileRetriesDelay\",\"specFileRetriesDeferred\",\"reporterSyncInterval\",\"reporterSyncTimeout\",\"cucumberFeaturesWithLineNumbers\",\"autoCompileOpts\",\"mochaOpts\",\"jasmineOpts\",\"cucumberOpts\",\"onPrepare\",\"onWorkerStart\",\"onWorkerEnd\",\"before\",\"beforeSession\",\"beforeSuite\",\"beforeHook\",\"beforeTest\",\"afterTest\",\"afterHook\",\"afterSuite\",\"afterSession\",\"after\",\"onComplete\",\"beforeAssertion\",\"afterAssertion\",\"beforeFeature\",\"beforeScenario\",\"beforeStep\",\"afterStep\",\"afterScenario\",\"afterFeature\",\"_\",\"suite\",\"$0\",\"ignoredWorkerServices\",\"wdi5\"]"}]}
COMMAND: POST /session/0c2956f598ca806f9665356f353b70f0/execute/async - {"script":"<script> [21126 bytes]","args":[35000]}
RESULT: {"script":"<script> [21126 bytes]","args":[35000]}
]]></system-out>
    </testcase>
    <testcase classname="chrome.135_0_7049_42.windows.Process_request_items_into_an_existing_quotation_US120163" name="Should process the request into an existing quotation" time="66.977">
      <system-out><![CDATA[
COMMAND: GET /session/0c2956f598ca806f9665356f353b70f0/window - {}
RESULT: {}
COMMAND: POST /session/0c2956f598ca806f9665356f353b70f0/element - {"using":"xpath","value":"//span[contains(@id ,\"detailHeaderTitle-_actionsToolbar-overflowButton-img\")]"}
RESULT: {"using":"xpath","value":"//span[contains(@id ,\"detailHeaderTitle-_actionsToolbar-overflowButton-img\")]"}
COMMAND: POST /session/0c2956f598ca806f9665356f353b70f0/element/f.20C66F91A75546181850ABA8914744C8.d.CBA6EBE95F8BD601B0F16C5E095EC9F4.e.14646/click - {}
RESULT: {}
COMMAND: GET /session/0c2956f598ca806f9665356f353b70f0/screenshot - {}
RESULT: {}
COMMAND: POST /session/0c2956f598ca806f9665356f353b70f0/element - {"using":"xpath","value":"//span[contains(@id ,\"actionsMenuButton-internalSplitBtn-arrowButton-img\")]"}
RESULT: {"using":"xpath","value":"//span[contains(@id ,\"actionsMenuButton-internalSplitBtn-arrowButton-img\")]"}
COMMAND: POST /session/0c2956f598ca806f9665356f353b70f0/element/f.20C66F91A75546181850ABA8914744C8.d.CBA6EBE95F8BD601B0F16C5E095EC9F4.e.14650/click - {}
RESULT: {}
COMMAND: GET /session/0c2956f598ca806f9665356f353b70f0/screenshot - {}
RESULT: {}
COMMAND: POST /session/0c2956f598ca806f9665356f353b70f0/actions - {"actions":[{"id":"action97","type":"key","parameters":{},"actions":[{"type":"keyDown","value":""},{"type":"pause","duration":10},{"type":"keyUp","value":""}]}]}
RESULT: {"actions":[{"id":"action97","type":"key","parameters":{},"actions":[{"type":"keyDown","value":""},{"type":"pause","duration":10},{"type":"keyUp","value":""}]}]}
COMMAND: GET /session/0c2956f598ca806f9665356f353b70f0/screenshot - {}
RESULT: {}
COMMAND: POST /session/0c2956f598ca806f9665356f353b70f0/actions - {"actions":[{"id":"action98","type":"key","parameters":{},"actions":[{"type":"keyDown","value":""},{"type":"pause","duration":10},{"type":"keyUp","value":""}]}]}
RESULT: {"actions":[{"id":"action98","type":"key","parameters":{},"actions":[{"type":"keyDown","value":""},{"type":"pause","duration":10},{"type":"keyUp","value":""}]}]}
COMMAND: GET /session/0c2956f598ca806f9665356f353b70f0/screenshot - {}
RESULT: {}
COMMAND: POST /session/0c2956f598ca806f9665356f353b70f0/actions - {"actions":[{"id":"action99","type":"key","parameters":{},"actions":[{"type":"keyDown","value":""},{"type":"pause","duration":10},{"type":"keyUp","value":""}]}]}
RESULT: {"actions":[{"id":"action99","type":"key","parameters":{},"actions":[{"type":"keyDown","value":""},{"type":"pause","duration":10},{"type":"keyUp","value":""}]}]}
COMMAND: GET /session/0c2956f598ca806f9665356f353b70f0/screenshot - {}
RESULT: {}
COMMAND: POST /session/0c2956f598ca806f9665356f353b70f0/actions - {"actions":[{"id":"action100","type":"key","parameters":{},"actions":[{"type":"keyDown","value":""},{"type":"pause","duration":10},{"type":"keyUp","value":""}]}]}
RESULT: {"actions":[{"id":"action100","type":"key","parameters":{},"actions":[{"type":"keyDown","value":""},{"type":"pause","duration":10},{"type":"keyUp","value":""}]}]}
COMMAND: GET /session/0c2956f598ca806f9665356f353b70f0/screenshot - {}
RESULT: {}
COMMAND: POST /session/0c2956f598ca806f9665356f353b70f0/element - {"using":"xpath","value":"//input[contains(@id ,\"quotationsSearchField-I\")]"}
RESULT: {"using":"xpath","value":"//input[contains(@id ,\"quotationsSearchField-I\")]"}
COMMAND: POST /session/0c2956f598ca806f9665356f353b70f0/element/f.20C66F91A75546181850ABA8914744C8.d.CBA6EBE95F8BD601B0F16C5E095EC9F4.e.14653/clear - {}
RESULT: {}
COMMAND: POST /session/0c2956f598ca806f9665356f353b70f0/element/f.20C66F91A75546181850ABA8914744C8.d.CBA6EBE95F8BD601B0F16C5E095EC9F4.e.14653/value - {"text":"WdIOQuotation3tlpbf"}
COMMAND: GET /session/0c2956f598ca806f9665356f353b70f0/screenshot - {}
RESULT: {"text":"WdIOQuotation3tlpbf"}
COMMAND: GET /session/0c2956f598ca806f9665356f353b70f0/screenshot - {}
RESULT: {}
RESULT: {}
COMMAND: POST /session/0c2956f598ca806f9665356f353b70f0/actions - {"actions":[{"id":"action101","type":"key","parameters":{},"actions":[{"type":"keyDown","value":""},{"type":"pause","duration":10},{"type":"keyUp","value":""}]}]}
RESULT: {"actions":[{"id":"action101","type":"key","parameters":{},"actions":[{"type":"keyDown","value":""},{"type":"pause","duration":10},{"type":"keyUp","value":""}]}]}
COMMAND: GET /session/0c2956f598ca806f9665356f353b70f0/screenshot - {}
RESULT: {}
COMMAND: POST /session/0c2956f598ca806f9665356f353b70f0/element - {"using":"xpath","value":"//div[contains(@id ,\"selectSingle\")]"}
RESULT: {"using":"xpath","value":"//div[contains(@id ,\"selectSingle\")]"}
COMMAND: POST /session/0c2956f598ca806f9665356f353b70f0/element/f.20C66F91A75546181850ABA8914744C8.d.CBA6EBE95F8BD601B0F16C5E095EC9F4.e.14668/click - {}
RESULT: {}
COMMAND: GET /session/0c2956f598ca806f9665356f353b70f0/screenshot - {}
RESULT: {}
COMMAND: POST /session/0c2956f598ca806f9665356f353b70f0/element - {"using":"xpath","value":"//bdi[contains(text() ,\"Selection Done\")]"}
RESULT: {"using":"xpath","value":"//bdi[contains(text() ,\"Selection Done\")]"}
COMMAND: POST /session/0c2956f598ca806f9665356f353b70f0/element/f.20C66F91A75546181850ABA8914744C8.d.CBA6EBE95F8BD601B0F16C5E095EC9F4.e.14670/click - {}
RESULT: {}
COMMAND: GET /session/0c2956f598ca806f9665356f353b70f0/screenshot - {}
RESULT: {}
COMMAND: POST /session/0c2956f598ca806f9665356f353b70f0/actions - {"actions":[{"id":"action102","type":"key","parameters":{},"actions":[{"type":"keyDown","value":""},{"type":"pause","duration":10},{"type":"keyUp","value":""}]}]}
RESULT: {"actions":[{"id":"action102","type":"key","parameters":{},"actions":[{"type":"keyDown","value":""},{"type":"pause","duration":10},{"type":"keyUp","value":""}]}]}
COMMAND: GET /session/0c2956f598ca806f9665356f353b70f0/screenshot - {}
RESULT: {}
COMMAND: POST /session/0c2956f598ca806f9665356f353b70f0/actions - {"actions":[{"id":"action103","type":"key","parameters":{},"actions":[{"type":"keyDown","value":""},{"type":"pause","duration":10},{"type":"keyUp","value":""}]}]}
RESULT: {"actions":[{"id":"action103","type":"key","parameters":{},"actions":[{"type":"keyDown","value":""},{"type":"pause","duration":10},{"type":"keyUp","value":""}]}]}
COMMAND: GET /session/0c2956f598ca806f9665356f353b70f0/screenshot - {}
RESULT: {}
COMMAND: GET /session/0c2956f598ca806f9665356f353b70f0/window/handles - {}
RESULT: {}
COMMAND: GET /session/0c2956f598ca806f9665356f353b70f0/window/handles - {}
RESULT: {}
COMMAND: POST /session/0c2956f598ca806f9665356f353b70f0/window - {"handle":"25A4E96C172F1ABCE7CB7B343A884228"}
RESULT: {"handle":"25A4E96C172F1ABCE7CB7B343A884228"}
COMMAND: GET /session/0c2956f598ca806f9665356f353b70f0/url - {}
RESULT: {}
COMMAND: GET /session/0c2956f598ca806f9665356f353b70f0/screenshot - {}
RESULT: {}
COMMAND: POST /session/0c2956f598ca806f9665356f353b70f0/element - {"using":"xpath","value":"//span[contains(text(), \"Header Billing Items\")]"}
RESULT: {"using":"xpath","value":"//span[contains(text(), \"Header Billing Items\")]"}
COMMAND: POST /session/0c2956f598ca806f9665356f353b70f0/element/f.25A4E96C172F1ABCE7CB7B343A884228.d.2CDA4F7DB7881FF81CD8D98445AA3B81.e.14897/click - {}
RESULT: {}
COMMAND: GET /session/0c2956f598ca806f9665356f353b70f0/screenshot - {}
RESULT: {}
COMMAND: POST /session/0c2956f598ca806f9665356f353b70f0/element - {"using":"xpath","value":"//span[contains(@id ,\"contractItemsSmartTable-header-inner\")]"}
RESULT: {"using":"xpath","value":"//span[contains(@id ,\"contractItemsSmartTable-header-inner\")]"}
COMMAND: GET /session/0c2956f598ca806f9665356f353b70f0/element/f.25A4E96C172F1ABCE7CB7B343A884228.d.2CDA4F7DB7881FF81CD8D98445AA3B81.e.14903/text - {}
RESULT: {}
COMMAND: POST /session/0c2956f598ca806f9665356f353b70f0/element - {"using":"xpath","value":"//span[@class=\"sapMObjStatusText\"][contains(text(), \"proposed\")]"}
RESULT: {"using":"xpath","value":"//span[@class=\"sapMObjStatusText\"][contains(text(), \"proposed\")]"}
COMMAND: GET /session/0c2956f598ca806f9665356f353b70f0/element/f.25A4E96C172F1ABCE7CB7B343A884228.d.2CDA4F7DB7881FF81CD8D98445AA3B81.e.14904/text - {}
RESULT: {}
COMMAND: DELETE /session/0c2956f598ca806f9665356f353b70f0/window - {}
RESULT: {}
COMMAND: POST /session/0c2956f598ca806f9665356f353b70f0/window - {"handle":"20C66F91A75546181850ABA8914744C8"}
RESULT: {"handle":"20C66F91A75546181850ABA8914744C8"}
COMMAND: GET /session/0c2956f598ca806f9665356f353b70f0/url - {}
RESULT: {}
COMMAND: GET /session/0c2956f598ca806f9665356f353b70f0/screenshot - {}
RESULT: {}
]]></system-out>
    </testcase>
    <testcase classname="chrome.135_0_7049_42.windows.Process_request_items_into_an_existing_quotation_US120163" name="Should navigate back to the request and check the request and item statuses" time="57.448">
      <system-out><![CDATA[
COMMAND: POST /session/0c2956f598ca806f9665356f353b70f0/refresh - {}
RESULT: {}
COMMAND: GET /session/0c2956f598ca806f9665356f353b70f0/screenshot - {}
RESULT: {}
COMMAND: POST /session/0c2956f598ca806f9665356f353b70f0/refresh - {}
RESULT: {}
COMMAND: GET /session/0c2956f598ca806f9665356f353b70f0/screenshot - {}
RESULT: {}
COMMAND: POST /session/0c2956f598ca806f9665356f353b70f0/execute/async - {"script":"<script> [189 bytes]","args":[]}
RESULT: {"script":"<script> [189 bytes]","args":[]}
COMMAND: POST /session/0c2956f598ca806f9665356f353b70f0/execute/async - {"script":"<script> [123 bytes]","args":[]}
RESULT: {"script":"<script> [123 bytes]","args":[]}
COMMAND: POST /session/0c2956f598ca806f9665356f353b70f0/timeouts - {"script":"<number>"}
RESULT: {"script":"<number>"}
COMMAND: GET /session/0c2956f598ca806f9665356f353b70f0/timeouts - {}
RESULT: {}
RESULT: undefined
COMMAND: POST /session/0c2956f598ca806f9665356f353b70f0/execute/async - {"script":"<script> [2676 bytes]","args":[]}
RESULT: {"script":"<script> [2676 bytes]","args":[]}
COMMAND: POST /session/0c2956f598ca806f9665356f353b70f0/execute/async - {"script":"<script> [2342 bytes]","args":[{"protocol":"http","hostname":"0.0.0.0","path":"/","capabilities":{"browserName":"chrome","goog:chromeOptions":{"binary":"C:\\Program Files\\Google\\Chrome\\Application\\chrome.exe","args":["--start-maximized"]}},"logLevel":"warn","connectionRetryTimeout":120000,"connectionRetryCount":3,"logLevels":{},"enableDirectConnect":true,"strictSSL":true,"_":"65 more keys: [\"cacheDir\",\"port\",\"requestedCapabilities\",\"automationProtocol\",\"baseUrl\",\"waitforInterval\",\"waitforTimeout\",\"onReload\",\"beforeCommand\",\"afterCommand\",\"rootDir\",\"specs\",\"suites\",\"exclude\",\"groupLogsByTestSpec\",\"excludeDriverLogs\",\"bail\",\"framework\",\"reporters\",\"services\",\"maxInstances\",\"maxInstancesPerCapability\",\"injectGlobals\",\"filesToWatch\",\"execArgv\",\"runnerEnv\",\"runner\",\"shard\",\"specFileRetries\",\"specFileRetriesDelay\",\"specFileRetriesDeferred\",\"reporterSyncInterval\",\"reporterSyncTimeout\",\"cucumberFeaturesWithLineNumbers\",\"autoCompileOpts\",\"mochaOpts\",\"jasmineOpts\",\"cucumberOpts\",\"onPrepare\",\"onWorkerStart\",\"onWorkerEnd\",\"before\",\"beforeSession\",\"beforeSuite\",\"beforeHook\",\"beforeTest\",\"afterTest\",\"afterHook\",\"afterSuite\",\"afterSession\",\"after\",\"onComplete\",\"beforeAssertion\",\"afterAssertion\",\"beforeFeature\",\"beforeScenario\",\"beforeStep\",\"afterStep\",\"afterScenario\",\"afterFeature\",\"_\",\"suite\",\"$0\",\"ignoredWorkerServices\",\"wdi5\"]"}]}
RESULT: {"script":"<script> [2342 bytes]","args":[{"protocol":"http","hostname":"0.0.0.0","path":"/","capabilities":{"browserName":"chrome","goog:chromeOptions":{"binary":"C:\\Program Files\\Google\\Chrome\\Application\\chrome.exe","args":["--start-maximized"]}},"logLevel":"warn","connectionRetryTimeout":120000,"connectionRetryCount":3,"logLevels":{},"enableDirectConnect":true,"strictSSL":true,"_":"65 more keys: [\"cacheDir\",\"port\",\"requestedCapabilities\",\"automationProtocol\",\"baseUrl\",\"waitforInterval\",\"waitforTimeout\",\"onReload\",\"beforeCommand\",\"afterCommand\",\"rootDir\",\"specs\",\"suites\",\"exclude\",\"groupLogsByTestSpec\",\"excludeDriverLogs\",\"bail\",\"framework\",\"reporters\",\"services\",\"maxInstances\",\"maxInstancesPerCapability\",\"injectGlobals\",\"filesToWatch\",\"execArgv\",\"runnerEnv\",\"runner\",\"shard\",\"specFileRetries\",\"specFileRetriesDelay\",\"specFileRetriesDeferred\",\"reporterSyncInterval\",\"reporterSyncTimeout\",\"cucumberFeaturesWithLineNumbers\",\"autoCompileOpts\",\"mochaOpts\",\"jasmineOpts\",\"cucumberOpts\",\"onPrepare\",\"onWorkerStart\",\"onWorkerEnd\",\"before\",\"beforeSession\",\"beforeSuite\",\"beforeHook\",\"beforeTest\",\"afterTest\",\"afterHook\",\"afterSuite\",\"afterSession\",\"after\",\"onComplete\",\"beforeAssertion\",\"afterAssertion\",\"beforeFeature\",\"beforeScenario\",\"beforeStep\",\"afterStep\",\"afterScenario\",\"afterFeature\",\"_\",\"suite\",\"$0\",\"ignoredWorkerServices\",\"wdi5\"]"}]}
COMMAND: POST /session/0c2956f598ca806f9665356f353b70f0/execute/async - {"script":"<script> [21126 bytes]","args":[35000]}
RESULT: {"script":"<script> [21126 bytes]","args":[35000]}
COMMAND: POST /session/0c2956f598ca806f9665356f353b70f0/execute/async - {"script":"<script> [1562 bytes]","args":[{"selector":{"controlType":"sap.m.Text","viewName":"etm.portal.ui.managerequests.view.Detail","bindingPath":{"path":"/SmartRequestItemsPlanningBoard(ITEM=10m,REQUEST='20183')","propertyPath":"STATUS_DESC"}},"wdio_ui5_key":"etmportal.ui.managerequests.view.Detailsap.m.Text{\"path\":\"/SmartRequestItemsPlanningBoard(ITEM=10m,REQUEST='20183')\",\"propertyPath\":\"STATUS_DESC\"}"}]}
RESULT: {"script":"<script> [1562 bytes]","args":[{"selector":{"controlType":"sap.m.Text","viewName":"etm.portal.ui.managerequests.view.Detail","bindingPath":{"path":"/SmartRequestItemsPlanningBoard(ITEM=10m,REQUEST='20183')","propertyPath":"STATUS_DESC"}},"wdio_ui5_key":"etmportal.ui.managerequests.view.Detailsap.m.Text{\"path\":\"/SmartRequestItemsPlanningBoard(ITEM=10m,REQUEST='20183')\",\"propertyPath\":\"STATUS_DESC\"}"}]}
RESULT: undefined
COMMAND: POST /session/0c2956f598ca806f9665356f353b70f0/execute/async - {"script":"<script> [6424 bytes]","args":[{"element-6066-11e4-a52e-4f735466cecf":"f.20C66F91A75546181850ABA8914744C8.d.9E1FE15977A8626AE105C54F7FD6A6C9.e.15123"},"getText",[]]}
RESULT: {"script":"<script> [6424 bytes]","args":[{"element-6066-11e4-a52e-4f735466cecf":"f.20C66F91A75546181850ABA8914744C8.d.9E1FE15977A8626AE105C54F7FD6A6C9.e.15123"},"getText",[]]}
COMMAND: POST /session/0c2956f598ca806f9665356f353b70f0/execute/async - {"script":"<script> [1562 bytes]","args":[{"selector":{"controlType":"sap.m.ObjectStatus","viewName":"etm.portal.ui.managerequests.view.Detail","bindingPath":{"path":"/RequestHeaders('20183')","propertyPath":"LINK_TO_STATUS/DESCRIPTION","modelName":"catalogModel"}},"wdio_ui5_key":"etmportal.ui.managerequests.view.Detailsap.m.ObjectStatus{\"path\":\"/RequestHeaders('20183')\",\"propertyPath\":\"LINK_TO_STATUS/DESCRIPTION\",\"modelName\":\"catalogModel\"}"}]}
RESULT: {"script":"<script> [1562 bytes]","args":[{"selector":{"controlType":"sap.m.ObjectStatus","viewName":"etm.portal.ui.managerequests.view.Detail","bindingPath":{"path":"/RequestHeaders('20183')","propertyPath":"LINK_TO_STATUS/DESCRIPTION","modelName":"catalogModel"}},"wdio_ui5_key":"etmportal.ui.managerequests.view.Detailsap.m.ObjectStatus{\"path\":\"/RequestHeaders('20183')\",\"propertyPath\":\"LINK_TO_STATUS/DESCRIPTION\",\"modelName\":\"catalogModel\"}"}]}
RESULT: undefined
COMMAND: POST /session/0c2956f598ca806f9665356f353b70f0/execute/async - {"script":"<script> [6424 bytes]","args":[{"element-6066-11e4-a52e-4f735466cecf":"f.20C66F91A75546181850ABA8914744C8.d.9E1FE15977A8626AE105C54F7FD6A6C9.e.15124"},"getText",[]]}
RESULT: {"script":"<script> [6424 bytes]","args":[{"element-6066-11e4-a52e-4f735466cecf":"f.20C66F91A75546181850ABA8914744C8.d.9E1FE15977A8626AE105C54F7FD6A6C9.e.15124"},"getText",[]]}
COMMAND: DELETE /session/0c2956f598ca806f9665356f353b70f0 - {}
RESULT: {}
]]></system-out>
    </testcase>
  </testsuite>
</testsuites>