<?xml version="1.0" encoding="UTF-8"?>
<testsuites tests="12" failures="0" errors="0" skipped="0">
  <testsuite timestamp="2025-05-17T16:35:29" time="465.702" tests="5" failures="0" errors="0" skipped="0">
    <properties>
      <property name="specId" value="0" />
      <property name="suiteName" value="Warehouse movements inventory test" />
      <property name="capabilities" value="chrome.136_0_7103_93.windows" />
      <property name="file" value="file:///D:/a/1/s/test/specs/HTR/smoke-warehouse-movements-inventory.js" />
    </properties>
    <testcase classname="chrome.136_0_7103_93.windows.Warehouse_movements_inventory_test" name="Should create a new WHM yard" time="126.786">
      <system-out><![CDATA[
COMMAND: POST /session/0bdb3503147a059981a1ac86823db15d/execute/async - {"script":"<script> [1562 bytes]","args":[{"selector":{"controlType":"sap.m.GenericTile","properties":{"header":"Manage Yards"}},"wdio_ui5_key":"sapm.GenericTile{\"header\":\"Manage Yards\"}"}]}
RESULT: {"script":"<script> [1562 bytes]","args":[{"selector":{"controlType":"sap.m.GenericTile","properties":{"header":"Manage Yards"}},"wdio_ui5_key":"sapm.GenericTile{\"header\":\"Manage Yards\"}"}]}
RESULT: undefined
COMMAND: POST /session/0bdb3503147a059981a1ac86823db15d/element - {"using":"xpath","value":"//*[@id=\"__tile41\"]"}
RESULT: {"using":"xpath","value":"//*[@id=\"__tile41\"]"}
COMMAND: POST /session/0bdb3503147a059981a1ac86823db15d/element/f.4BE6FF561D5B3686539153AD049B7B13.d.5B78BCF8A9E9B1714C2391C3D7076416.e.111/click - {}
RESULT: {}
COMMAND: GET /session/0bdb3503147a059981a1ac86823db15d/screenshot - {}
RESULT: {}
COMMAND: POST /session/0bdb3503147a059981a1ac86823db15d/elements - {"using":"xpath","value":"//span[text()='Error']"}
RESULT: {"using":"xpath","value":"//span[text()='Error']"}
COMMAND: POST /session/0bdb3503147a059981a1ac86823db15d/execute/async - {"script":"<script> [1562 bytes]","args":[{"selector":{"controlType":"sap.ui.core.Icon","viewName":"etm.portal.ui.manageyards.view.Master","viewId":"application-manageyards-display-component---masterYard","properties":{"src":{"regex":{"source":"add"}}}},"wdio_ui5_key":"etmportal.ui.manageyards.view.Mastersap.ui.core.Icon{\"src\":{\"regex\":{\"source\":\"add\"}}}"}]}
RESULT: {"script":"<script> [1562 bytes]","args":[{"selector":{"controlType":"sap.ui.core.Icon","viewName":"etm.portal.ui.manageyards.view.Master","viewId":"application-manageyards-display-component---masterYard","properties":{"src":{"regex":{"source":"add"}}}},"wdio_ui5_key":"etmportal.ui.manageyards.view.Mastersap.ui.core.Icon{\"src\":{\"regex\":{\"source\":\"add\"}}}"}]}
RESULT: undefined
COMMAND: POST /session/0bdb3503147a059981a1ac86823db15d/element - {"using":"xpath","value":"//*[@id=\"__button4-img\"]"}
RESULT: {"using":"xpath","value":"//*[@id=\"__button4-img\"]"}
COMMAND: POST /session/0bdb3503147a059981a1ac86823db15d/element/f.4BE6FF561D5B3686539153AD049B7B13.d.5B78BCF8A9E9B1714C2391C3D7076416.e.157/click - {}
RESULT: {}
COMMAND: GET /session/0bdb3503147a059981a1ac86823db15d/screenshot - {}
RESULT: {}
COMMAND: POST /session/0bdb3503147a059981a1ac86823db15d/execute/async - {"script":"<script> [1562 bytes]","args":[{"selector":{"id":"application-manageyards-display-component---NewYard--yardId","interaction":{"idSuffix":"inner"}},"wdio_ui5_key":"applicationmanageyards-display-component---NewYard--yardId"}]}
RESULT: {"script":"<script> [1562 bytes]","args":[{"selector":{"id":"application-manageyards-display-component---NewYard--yardId","interaction":{"idSuffix":"inner"}},"wdio_ui5_key":"applicationmanageyards-display-component---NewYard--yardId"}]}
RESULT: undefined
COMMAND: POST /session/0bdb3503147a059981a1ac86823db15d/element - {"using":"xpath","value":"//*[@id=\"application-manageyards-display-component---NewYard--addressDetailDetailsName1-inner\"]"}
RESULT: {"using":"xpath","value":"//*[@id=\"application-manageyards-display-component---NewYard--addressDetailDetailsName1-inner\"]"}
COMMAND: POST /session/0bdb3503147a059981a1ac86823db15d/element/f.4BE6FF561D5B3686539153AD049B7B13.d.5B78BCF8A9E9B1714C2391C3D7076416.e.325/clear - {}
RESULT: {}
COMMAND: POST /session/0bdb3503147a059981a1ac86823db15d/element/f.4BE6FF561D5B3686539153AD049B7B13.d.5B78BCF8A9E9B1714C2391C3D7076416.e.325/value - {"text":"WebdriverWHMYard1ncq"}
COMMAND: GET /session/0bdb3503147a059981a1ac86823db15d/screenshot - {}
RESULT: {"text":"WebdriverWHMYard1ncq"}
COMMAND: POST /session/0bdb3503147a059981a1ac86823db15d/element - {"using":"xpath","value":"//*[@id=\"application-manageyards-display-component---NewYard--addressDetailDetailsLanguage-inner\"]"}
COMMAND: GET /session/0bdb3503147a059981a1ac86823db15d/screenshot - {}
RESULT: {}
RESULT: {"using":"xpath","value":"//*[@id=\"application-manageyards-display-component---NewYard--addressDetailDetailsLanguage-inner\"]"}
COMMAND: POST /session/0bdb3503147a059981a1ac86823db15d/element/f.4BE6FF561D5B3686539153AD049B7B13.d.5B78BCF8A9E9B1714C2391C3D7076416.e.326/clear - {}
RESULT: {}
RESULT: {}
COMMAND: POST /session/0bdb3503147a059981a1ac86823db15d/element/f.4BE6FF561D5B3686539153AD049B7B13.d.5B78BCF8A9E9B1714C2391C3D7076416.e.326/value - {"text":"Romanian"}
COMMAND: GET /session/0bdb3503147a059981a1ac86823db15d/screenshot - {}
RESULT: {"text":"Romanian"}
COMMAND: POST /session/0bdb3503147a059981a1ac86823db15d/element - {"using":"xpath","value":"//input[contains(@id ,\"application-manageyards-display-component---NewYard--addressDetailDetailsName1-inner\")]"}
COMMAND: GET /session/0bdb3503147a059981a1ac86823db15d/screenshot - {}
RESULT: {}
RESULT: {"using":"xpath","value":"//input[contains(@id ,\"application-manageyards-display-component---NewYard--addressDetailDetailsName1-inner\")]"}
COMMAND: GET /session/0bdb3503147a059981a1ac86823db15d/element/f.4BE6FF561D5B3686539153AD049B7B13.d.5B78BCF8A9E9B1714C2391C3D7076416.e.325/property/value - {}
RESULT: {}
RESULT: {}
COMMAND: GET /session/0bdb3503147a059981a1ac86823db15d/screenshot - {}
RESULT: {}
COMMAND: POST /session/0bdb3503147a059981a1ac86823db15d/element - {"using":"xpath","value":"//*[@id=\"application-manageyards-display-component---NewYard--addressDetailDetailsCity1-inner\"]"}
RESULT: {"using":"xpath","value":"//*[@id=\"application-manageyards-display-component---NewYard--addressDetailDetailsCity1-inner\"]"}
COMMAND: POST /session/0bdb3503147a059981a1ac86823db15d/element/f.4BE6FF561D5B3686539153AD049B7B13.d.5B78BCF8A9E9B1714C2391C3D7076416.e.328/clear - {}
RESULT: {}
COMMAND: POST /session/0bdb3503147a059981a1ac86823db15d/element/f.4BE6FF561D5B3686539153AD049B7B13.d.5B78BCF8A9E9B1714C2391C3D7076416.e.328/value - {"text":"Bucuresti"}
COMMAND: GET /session/0bdb3503147a059981a1ac86823db15d/screenshot - {}
RESULT: {"text":"Bucuresti"}
COMMAND: GET /session/0bdb3503147a059981a1ac86823db15d/screenshot - {}
RESULT: {}
RESULT: {}
COMMAND: POST /session/0bdb3503147a059981a1ac86823db15d/element - {"using":"xpath","value":"//*[@id=\"application-manageyards-display-component---NewYard--addressDetailDetailsCountry-inner\"]"}
RESULT: {"using":"xpath","value":"//*[@id=\"application-manageyards-display-component---NewYard--addressDetailDetailsCountry-inner\"]"}
COMMAND: POST /session/0bdb3503147a059981a1ac86823db15d/element/f.4BE6FF561D5B3686539153AD049B7B13.d.5B78BCF8A9E9B1714C2391C3D7076416.e.332/clear - {}
RESULT: {}
COMMAND: POST /session/0bdb3503147a059981a1ac86823db15d/element/f.4BE6FF561D5B3686539153AD049B7B13.d.5B78BCF8A9E9B1714C2391C3D7076416.e.332/value - {"text":"Romania"}
COMMAND: GET /session/0bdb3503147a059981a1ac86823db15d/screenshot - {}
RESULT: {"text":"Romania"}
COMMAND: GET /session/0bdb3503147a059981a1ac86823db15d/screenshot - {}
RESULT: {}
RESULT: {}
COMMAND: POST /session/0bdb3503147a059981a1ac86823db15d/execute/async - {"script":"<script> [1562 bytes]","args":[{"selector":{"controlType":"sap.m.Button","viewName":"etm.portal.ui.manageyards.view.New","viewId":"application-manageyards-display-component---NewYard","properties":{"text":"Commercial"},"interaction":{"idSuffix":"BDI-content"}},"wdio_ui5_key":"etmportal.ui.manageyards.view.Newsap.m.Button{\"text\":\"Commercial\"}"}]}
RESULT: {"script":"<script> [1562 bytes]","args":[{"selector":{"controlType":"sap.m.Button","viewName":"etm.portal.ui.manageyards.view.New","viewId":"application-manageyards-display-component---NewYard","properties":{"text":"Commercial"},"interaction":{"idSuffix":"BDI-content"}},"wdio_ui5_key":"etmportal.ui.manageyards.view.Newsap.m.Button{\"text\":\"Commercial\"}"}]}
RESULT: undefined
COMMAND: POST /session/0bdb3503147a059981a1ac86823db15d/element - {"using":"xpath","value":"//*[@id=\"application-manageyards-display-component---NewYard--ObjectPageLayout-anchBar-__section5-anchor\"]"}
RESULT: {"using":"xpath","value":"//*[@id=\"application-manageyards-display-component---NewYard--ObjectPageLayout-anchBar-__section5-anchor\"]"}
COMMAND: POST /session/0bdb3503147a059981a1ac86823db15d/element/f.4BE6FF561D5B3686539153AD049B7B13.d.5B78BCF8A9E9B1714C2391C3D7076416.e.570/click - {}
RESULT: {}
COMMAND: GET /session/0bdb3503147a059981a1ac86823db15d/screenshot - {}
RESULT: {}
COMMAND: POST /session/0bdb3503147a059981a1ac86823db15d/element - {"using":"xpath","value":"//div[contains(text(), \"Commercial\")]"}
RESULT: {"using":"xpath","value":"//div[contains(text(), \"Commercial\")]"}
COMMAND: GET /session/0bdb3503147a059981a1ac86823db15d/element/f.4BE6FF561D5B3686539153AD049B7B13.d.5B78BCF8A9E9B1714C2391C3D7076416.e.581/rect - {}
RESULT: {}
COMMAND: GET /session/0bdb3503147a059981a1ac86823db15d/window/rect - {}
RESULT: {}
COMMAND: POST /session/0bdb3503147a059981a1ac86823db15d/execute/sync - {"script":"<script> [92 bytes]","args":[]}
RESULT: {"script":"<script> [92 bytes]","args":[]}
COMMAND: POST /session/0bdb3503147a059981a1ac86823db15d/actions - {"actions":[{"id":"action1","type":"wheel","parameters":{},"actions":[{"type":"scroll","x":-1841,"y":-44,"deltaX":0,"deltaY":0,"duration":0,"origin":{"element-6066-11e4-a52e-4f735466cecf":"f.4BE6FF561D5B3686539153AD049B7B13.d.5B78BCF8A9E9B1714C2391C3D7076416.e.581"}}]}]}
COMMAND: GET /session/0bdb3503147a059981a1ac86823db15d/screenshot - {}
RESULT: {}
COMMAND: POST /session/0bdb3503147a059981a1ac86823db15d/execute/sync - {"script":"<script> [79 bytes]","args":[{"element-6066-11e4-a52e-4f735466cecf":"f.4BE6FF561D5B3686539153AD049B7B13.d.5B78BCF8A9E9B1714C2391C3D7076416.e.581","ELEMENT":"f.4BE6FF561D5B3686539153AD049B7B13.d.5B78BCF8A9E9B1714C2391C3D7076416.e.581"},{"block":"start","inline":"nearest"}]}
RESULT: {"script":"<script> [79 bytes]","args":[{"element-6066-11e4-a52e-4f735466cecf":"f.4BE6FF561D5B3686539153AD049B7B13.d.5B78BCF8A9E9B1714C2391C3D7076416.e.581","ELEMENT":"f.4BE6FF561D5B3686539153AD049B7B13.d.5B78BCF8A9E9B1714C2391C3D7076416.e.581"},{"block":"start","inline":"nearest"}]}
COMMAND: GET /session/0bdb3503147a059981a1ac86823db15d/screenshot - {}
RESULT: {}
COMMAND: POST /session/0bdb3503147a059981a1ac86823db15d/execute/async - {"script":"<script> [1562 bytes]","args":[{"selector":{"id":"application-manageyards-display-component---NewYard--addressEditDetailsCostObjectCstType-arrow"},"wdio_ui5_key":"applicationmanageyards-display-component---NewYard--addressEditDetailsCostObjectCstType-arrow"}]}
RESULT: {"script":"<script> [1562 bytes]","args":[{"selector":{"id":"application-manageyards-display-component---NewYard--addressEditDetailsCostObjectCstType-arrow"},"wdio_ui5_key":"applicationmanageyards-display-component---NewYard--addressEditDetailsCostObjectCstType-arrow"}]}
RESULT: undefined
COMMAND: POST /session/0bdb3503147a059981a1ac86823db15d/element - {"using":"xpath","value":"//*[@id=\"application-manageyards-display-component---NewYard--addressEditDetailsCostObjectCstType-arrow\"]"}
RESULT: {"using":"xpath","value":"//*[@id=\"application-manageyards-display-component---NewYard--addressEditDetailsCostObjectCstType-arrow\"]"}
COMMAND: POST /session/0bdb3503147a059981a1ac86823db15d/element/f.4BE6FF561D5B3686539153AD049B7B13.d.5B78BCF8A9E9B1714C2391C3D7076416.e.582/click - {}
RESULT: {}
COMMAND: POST /session/0bdb3503147a059981a1ac86823db15d/element - {"using":"xpath","value":"//span[contains(text(), \"Cost Center\")]"}
COMMAND: GET /session/0bdb3503147a059981a1ac86823db15d/screenshot - {}
RESULT: {"using":"xpath","value":"//span[contains(text(), \"Cost Center\")]"}
COMMAND: POST /session/0bdb3503147a059981a1ac86823db15d/element/f.4BE6FF561D5B3686539153AD049B7B13.d.5B78BCF8A9E9B1714C2391C3D7076416.e.583/click - {}
RESULT: {}
RESULT: {}
COMMAND: GET /session/0bdb3503147a059981a1ac86823db15d/screenshot - {}
RESULT: {}
COMMAND: POST /session/0bdb3503147a059981a1ac86823db15d/execute/async - {"script":"<script> [1562 bytes]","args":[{"selector":{"id":"application-manageyards-display-component---NewYard--addressNewCostObjectCstID-vhi"},"wdio_ui5_key":"applicationmanageyards-display-component---NewYard--addressNewCostObjectCstID-vhi"}]}
RESULT: {"script":"<script> [1562 bytes]","args":[{"selector":{"id":"application-manageyards-display-component---NewYard--addressNewCostObjectCstID-vhi"},"wdio_ui5_key":"applicationmanageyards-display-component---NewYard--addressNewCostObjectCstID-vhi"}]}
RESULT: undefined
COMMAND: POST /session/0bdb3503147a059981a1ac86823db15d/element - {"using":"xpath","value":"//*[@id=\"application-manageyards-display-component---NewYard--addressNewCostObjectCstID-vhi\"]"}
RESULT: {"using":"xpath","value":"//*[@id=\"application-manageyards-display-component---NewYard--addressNewCostObjectCstID-vhi\"]"}
COMMAND: POST /session/0bdb3503147a059981a1ac86823db15d/element/f.4BE6FF561D5B3686539153AD049B7B13.d.5B78BCF8A9E9B1714C2391C3D7076416.e.587/click - {}
RESULT: {}
COMMAND: GET /session/0bdb3503147a059981a1ac86823db15d/screenshot - {}
RESULT: {}
COMMAND: POST /session/0bdb3503147a059981a1ac86823db15d/execute/async - {"script":"<script> [1562 bytes]","args":[{"selector":{"controlType":"sap.m.SearchField","properties":{"placeholder":"Search"},"searchOpenDialogs":true,"interaction":{"idSuffix":"I"}},"wdio_ui5_key":"sapm.SearchField{\"placeholder\":\"Search\"}"}]}
RESULT: {"script":"<script> [1562 bytes]","args":[{"selector":{"controlType":"sap.m.SearchField","properties":{"placeholder":"Search"},"searchOpenDialogs":true,"interaction":{"idSuffix":"I"}},"wdio_ui5_key":"sapm.SearchField{\"placeholder\":\"Search\"}"}]}
RESULT: undefined
COMMAND: POST /session/0bdb3503147a059981a1ac86823db15d/execute/async - {"script":"<script> [776 bytes]","args":[{"enterText":"10001013","selector":{"controlType":"sap.m.SearchField","properties":{"placeholder":"Search"},"searchOpenDialogs":true,"interaction":{"idSuffix":"I"}},"clearTextFirst":true,"interactionType":"ENTER_TEXT"}]}
RESULT: {"script":"<script> [776 bytes]","args":[{"enterText":"10001013","selector":{"controlType":"sap.m.SearchField","properties":{"placeholder":"Search"},"searchOpenDialogs":true,"interaction":{"idSuffix":"I"}},"clearTextFirst":true,"interactionType":"ENTER_TEXT"}]}
COMMAND: POST /session/0bdb3503147a059981a1ac86823db15d/actions - {"actions":[{"id":"action2","type":"key","parameters":{},"actions":[{"type":"keyDown","value":"î€‡"},{"type":"pause","duration":10},{"type":"keyUp","value":"î€‡"}]}]}
RESULT: {"actions":[{"id":"action2","type":"key","parameters":{},"actions":[{"type":"keyDown","value":"î€‡"},{"type":"pause","duration":10},{"type":"keyUp","value":"î€‡"}]}]}
COMMAND: GET /session/0bdb3503147a059981a1ac86823db15d/screenshot - {}
RESULT: {}
COMMAND: POST /session/0bdb3503147a059981a1ac86823db15d/element - {"using":"xpath","value":"//span[contains(text(), \"General Management\")]"}
RESULT: {"using":"xpath","value":"//span[contains(text(), \"General Management\")]"}
COMMAND: POST /session/0bdb3503147a059981a1ac86823db15d/element/f.4BE6FF561D5B3686539153AD049B7B13.d.5B78BCF8A9E9B1714C2391C3D7076416.e.627/click - {}
RESULT: {}
COMMAND: GET /session/0bdb3503147a059981a1ac86823db15d/screenshot - {}
RESULT: {}
COMMAND: POST /session/0bdb3503147a059981a1ac86823db15d/element - {"using":"xpath","value":"//bdi[contains(text(), \"OK\")]"}
RESULT: {"using":"xpath","value":"//bdi[contains(text(), \"OK\")]"}
COMMAND: POST /session/0bdb3503147a059981a1ac86823db15d/element/f.4BE6FF561D5B3686539153AD049B7B13.d.5B78BCF8A9E9B1714C2391C3D7076416.e.628/click - {}
RESULT: {}
COMMAND: GET /session/0bdb3503147a059981a1ac86823db15d/screenshot - {}
RESULT: {}
COMMAND: POST /session/0bdb3503147a059981a1ac86823db15d/execute/async - {"script":"<script> [1562 bytes]","args":[{"selector":{"id":"application-manageyards-display-component---NewYard--addressEditDetailsCurrency","interaction":{"idSuffix":"inner"}},"wdio_ui5_key":"applicationmanageyards-display-component---NewYard--addressEditDetailsCurrency"}]}
RESULT: {"script":"<script> [1562 bytes]","args":[{"selector":{"id":"application-manageyards-display-component---NewYard--addressEditDetailsCurrency","interaction":{"idSuffix":"inner"}},"wdio_ui5_key":"applicationmanageyards-display-component---NewYard--addressEditDetailsCurrency"}]}
RESULT: undefined
COMMAND: POST /session/0bdb3503147a059981a1ac86823db15d/execute/async - {"script":"<script> [776 bytes]","args":[{"enterText":"Euro","selector":{"id":"application-manageyards-display-component---NewYard--addressEditDetailsCurrency","interaction":{"idSuffix":"inner"}},"clearTextFirst":true,"interactionType":"ENTER_TEXT"}]}
RESULT: {"script":"<script> [776 bytes]","args":[{"enterText":"Euro","selector":{"id":"application-manageyards-display-component---NewYard--addressEditDetailsCurrency","interaction":{"idSuffix":"inner"}},"clearTextFirst":true,"interactionType":"ENTER_TEXT"}]}
COMMAND: POST /session/0bdb3503147a059981a1ac86823db15d/execute/async - {"script":"<script> [1562 bytes]","args":[{"selector":{"controlType":"sap.m.Input","viewName":"etm.portal.ui.manageyards.view.New","viewId":"application-manageyards-display-component---NewYard","bindingPath":{"path":"","propertyPath":"/CONTROLLING_AREA","modelName":"NewYardModel"},"interaction":{"idSuffix":"inner"}},"wdio_ui5_key":"etmportal.ui.manageyards.view.Newsap.m.Input{\"path\":\"\",\"propertyPath\":\"/CONTROLLING_AREA\",\"modelName\":\"NewYardModel\"}"}]}
RESULT: {"script":"<script> [1562 bytes]","args":[{"selector":{"controlType":"sap.m.Input","viewName":"etm.portal.ui.manageyards.view.New","viewId":"application-manageyards-display-component---NewYard","bindingPath":{"path":"","propertyPath":"/CONTROLLING_AREA","modelName":"NewYardModel"},"interaction":{"idSuffix":"inner"}},"wdio_ui5_key":"etmportal.ui.manageyards.view.Newsap.m.Input{\"path\":\"\",\"propertyPath\":\"/CONTROLLING_AREA\",\"modelName\":\"NewYardModel\"}"}]}
RESULT: undefined
COMMAND: POST /session/0bdb3503147a059981a1ac86823db15d/execute/async - {"script":"<script> [776 bytes]","args":[{"enterText":"Z001","selector":{"controlType":"sap.m.Input","viewName":"etm.portal.ui.manageyards.view.New","viewId":"application-manageyards-display-component---NewYard","bindingPath":{"path":"","propertyPath":"/CONTROLLING_AREA","modelName":"NewYardModel"},"interaction":{"idSuffix":"inner"}},"clearTextFirst":true,"interactionType":"ENTER_TEXT"}]}
RESULT: {"script":"<script> [776 bytes]","args":[{"enterText":"Z001","selector":{"controlType":"sap.m.Input","viewName":"etm.portal.ui.manageyards.view.New","viewId":"application-manageyards-display-component---NewYard","bindingPath":{"path":"","propertyPath":"/CONTROLLING_AREA","modelName":"NewYardModel"},"interaction":{"idSuffix":"inner"}},"clearTextFirst":true,"interactionType":"ENTER_TEXT"}]}
COMMAND: POST /session/0bdb3503147a059981a1ac86823db15d/execute/async - {"script":"<script> [1562 bytes]","args":[{"selector":{"id":"application-manageyards-display-component---NewYard--companyCodeComboBox","interaction":{"idSuffix":"inner"}},"wdio_ui5_key":"applicationmanageyards-display-component---NewYard--companyCodeComboBox"}]}
RESULT: {"script":"<script> [1562 bytes]","args":[{"selector":{"id":"application-manageyards-display-component---NewYard--companyCodeComboBox","interaction":{"idSuffix":"inner"}},"wdio_ui5_key":"applicationmanageyards-display-component---NewYard--companyCodeComboBox"}]}
RESULT: undefined
COMMAND: POST /session/0bdb3503147a059981a1ac86823db15d/execute/async - {"script":"<script> [776 bytes]","args":[{"enterText":"1000","selector":{"id":"application-manageyards-display-component---NewYard--companyCodeComboBox","interaction":{"idSuffix":"inner"}},"clearTextFirst":true,"interactionType":"ENTER_TEXT"}]}
RESULT: {"script":"<script> [776 bytes]","args":[{"enterText":"1000","selector":{"id":"application-manageyards-display-component---NewYard--companyCodeComboBox","interaction":{"idSuffix":"inner"}},"clearTextFirst":true,"interactionType":"ENTER_TEXT"}]}
COMMAND: POST /session/0bdb3503147a059981a1ac86823db15d/actions - {"actions":[{"id":"action3","type":"key","parameters":{},"actions":[{"type":"keyDown","value":"î€‡"},{"type":"pause","duration":10},{"type":"keyUp","value":"î€‡"}]}]}
RESULT: {"actions":[{"id":"action3","type":"key","parameters":{},"actions":[{"type":"keyDown","value":"î€‡"},{"type":"pause","duration":10},{"type":"keyUp","value":"î€‡"}]}]}
COMMAND: POST /session/0bdb3503147a059981a1ac86823db15d/execute/async - {"script":"<script> [1562 bytes]","args":[{"selector":{"controlType":"sap.m.Input","viewName":"etm.portal.ui.manageyards.view.New","viewId":"application-manageyards-display-component---NewYard","bindingPath":{"path":"","propertyPath":"/PLANT","modelName":"NewYardModel"},"interaction":{"idSuffix":"inner"}},"wdio_ui5_key":"etmportal.ui.manageyards.view.Newsap.m.Input{\"path\":\"\",\"propertyPath\":\"/PLANT\",\"modelName\":\"NewYardModel\"}"}]}
COMMAND: GET /session/0bdb3503147a059981a1ac86823db15d/screenshot - {}
RESULT: {"script":"<script> [1562 bytes]","args":[{"selector":{"controlType":"sap.m.Input","viewName":"etm.portal.ui.manageyards.view.New","viewId":"application-manageyards-display-component---NewYard","bindingPath":{"path":"","propertyPath":"/PLANT","modelName":"NewYardModel"},"interaction":{"idSuffix":"inner"}},"wdio_ui5_key":"etmportal.ui.manageyards.view.Newsap.m.Input{\"path\":\"\",\"propertyPath\":\"/PLANT\",\"modelName\":\"NewYardModel\"}"}]}
RESULT: undefined
COMMAND: POST /session/0bdb3503147a059981a1ac86823db15d/execute/async - {"script":"<script> [776 bytes]","args":[{"enterText":"1001","selector":{"controlType":"sap.m.Input","viewName":"etm.portal.ui.manageyards.view.New","viewId":"application-manageyards-display-component---NewYard","bindingPath":{"path":"","propertyPath":"/PLANT","modelName":"NewYardModel"},"interaction":{"idSuffix":"inner"}},"clearTextFirst":true,"interactionType":"ENTER_TEXT"}]}
RESULT: {}
RESULT: {"script":"<script> [776 bytes]","args":[{"enterText":"1001","selector":{"controlType":"sap.m.Input","viewName":"etm.portal.ui.manageyards.view.New","viewId":"application-manageyards-display-component---NewYard","bindingPath":{"path":"","propertyPath":"/PLANT","modelName":"NewYardModel"},"interaction":{"idSuffix":"inner"}},"clearTextFirst":true,"interactionType":"ENTER_TEXT"}]}
COMMAND: POST /session/0bdb3503147a059981a1ac86823db15d/execute/async - {"script":"<script> [1562 bytes]","args":[{"selector":{"controlType":"sap.m.Input","viewName":"etm.portal.ui.manageyards.view.New","viewId":"application-manageyards-display-component---NewYard","bindingPath":{"path":"","propertyPath":"/SALES_AREA_VKORG","modelName":"NewYardModel"},"interaction":{"idSuffix":"inner"}},"wdio_ui5_key":"etmportal.ui.manageyards.view.Newsap.m.Input{\"path\":\"\",\"propertyPath\":\"/SALES_AREA_VKORG\",\"modelName\":\"NewYardModel\"}"}]}
RESULT: {"script":"<script> [1562 bytes]","args":[{"selector":{"controlType":"sap.m.Input","viewName":"etm.portal.ui.manageyards.view.New","viewId":"application-manageyards-display-component---NewYard","bindingPath":{"path":"","propertyPath":"/SALES_AREA_VKORG","modelName":"NewYardModel"},"interaction":{"idSuffix":"inner"}},"wdio_ui5_key":"etmportal.ui.manageyards.view.Newsap.m.Input{\"path\":\"\",\"propertyPath\":\"/SALES_AREA_VKORG\",\"modelName\":\"NewYardModel\"}"}]}
RESULT: undefined
COMMAND: POST /session/0bdb3503147a059981a1ac86823db15d/execute/async - {"script":"<script> [776 bytes]","args":[{"enterText":"C002","selector":{"controlType":"sap.m.Input","viewName":"etm.portal.ui.manageyards.view.New","viewId":"application-manageyards-display-component---NewYard","bindingPath":{"path":"","propertyPath":"/SALES_AREA_VKORG","modelName":"NewYardModel"},"interaction":{"idSuffix":"inner"}},"clearTextFirst":true,"interactionType":"ENTER_TEXT"}]}
RESULT: {"script":"<script> [776 bytes]","args":[{"enterText":"C002","selector":{"controlType":"sap.m.Input","viewName":"etm.portal.ui.manageyards.view.New","viewId":"application-manageyards-display-component---NewYard","bindingPath":{"path":"","propertyPath":"/SALES_AREA_VKORG","modelName":"NewYardModel"},"interaction":{"idSuffix":"inner"}},"clearTextFirst":true,"interactionType":"ENTER_TEXT"}]}
COMMAND: POST /session/0bdb3503147a059981a1ac86823db15d/execute/async - {"script":"<script> [1562 bytes]","args":[{"selector":{"controlType":"sap.m.Input","viewName":"etm.portal.ui.manageyards.view.New","viewId":"application-manageyards-display-component---NewYard","bindingPath":{"path":"","propertyPath":"/SALES_AREA_VTWEG","modelName":"NewYardModel"},"interaction":{"idSuffix":"inner"}},"wdio_ui5_key":"etmportal.ui.manageyards.view.Newsap.m.Input{\"path\":\"\",\"propertyPath\":\"/SALES_AREA_VTWEG\",\"modelName\":\"NewYardModel\"}"}]}
RESULT: {"script":"<script> [1562 bytes]","args":[{"selector":{"controlType":"sap.m.Input","viewName":"etm.portal.ui.manageyards.view.New","viewId":"application-manageyards-display-component---NewYard","bindingPath":{"path":"","propertyPath":"/SALES_AREA_VTWEG","modelName":"NewYardModel"},"interaction":{"idSuffix":"inner"}},"wdio_ui5_key":"etmportal.ui.manageyards.view.Newsap.m.Input{\"path\":\"\",\"propertyPath\":\"/SALES_AREA_VTWEG\",\"modelName\":\"NewYardModel\"}"}]}
RESULT: undefined
COMMAND: POST /session/0bdb3503147a059981a1ac86823db15d/execute/async - {"script":"<script> [776 bytes]","args":[{"enterText":"C2","selector":{"controlType":"sap.m.Input","viewName":"etm.portal.ui.manageyards.view.New","viewId":"application-manageyards-display-component---NewYard","bindingPath":{"path":"","propertyPath":"/SALES_AREA_VTWEG","modelName":"NewYardModel"},"interaction":{"idSuffix":"inner"}},"clearTextFirst":true,"interactionType":"ENTER_TEXT"}]}
RESULT: {"script":"<script> [776 bytes]","args":[{"enterText":"C2","selector":{"controlType":"sap.m.Input","viewName":"etm.portal.ui.manageyards.view.New","viewId":"application-manageyards-display-component---NewYard","bindingPath":{"path":"","propertyPath":"/SALES_AREA_VTWEG","modelName":"NewYardModel"},"interaction":{"idSuffix":"inner"}},"clearTextFirst":true,"interactionType":"ENTER_TEXT"}]}
COMMAND: POST /session/0bdb3503147a059981a1ac86823db15d/execute/async - {"script":"<script> [1562 bytes]","args":[{"selector":{"controlType":"sap.m.Input","viewName":"etm.portal.ui.manageyards.view.New","viewId":"application-manageyards-display-component---NewYard","bindingPath":{"path":"","propertyPath":"/SALES_AREA_SPART","modelName":"NewYardModel"},"interaction":{"idSuffix":"inner"}},"wdio_ui5_key":"etmportal.ui.manageyards.view.Newsap.m.Input{\"path\":\"\",\"propertyPath\":\"/SALES_AREA_SPART\",\"modelName\":\"NewYardModel\"}"}]}
RESULT: {"script":"<script> [1562 bytes]","args":[{"selector":{"controlType":"sap.m.Input","viewName":"etm.portal.ui.manageyards.view.New","viewId":"application-manageyards-display-component---NewYard","bindingPath":{"path":"","propertyPath":"/SALES_AREA_SPART","modelName":"NewYardModel"},"interaction":{"idSuffix":"inner"}},"wdio_ui5_key":"etmportal.ui.manageyards.view.Newsap.m.Input{\"path\":\"\",\"propertyPath\":\"/SALES_AREA_SPART\",\"modelName\":\"NewYardModel\"}"}]}
RESULT: undefined
COMMAND: POST /session/0bdb3503147a059981a1ac86823db15d/execute/async - {"script":"<script> [776 bytes]","args":[{"enterText":"C2","selector":{"controlType":"sap.m.Input","viewName":"etm.portal.ui.manageyards.view.New","viewId":"application-manageyards-display-component---NewYard","bindingPath":{"path":"","propertyPath":"/SALES_AREA_SPART","modelName":"NewYardModel"},"interaction":{"idSuffix":"inner"}},"clearTextFirst":true,"interactionType":"ENTER_TEXT"}]}
RESULT: {"script":"<script> [776 bytes]","args":[{"enterText":"C2","selector":{"controlType":"sap.m.Input","viewName":"etm.portal.ui.manageyards.view.New","viewId":"application-manageyards-display-component---NewYard","bindingPath":{"path":"","propertyPath":"/SALES_AREA_SPART","modelName":"NewYardModel"},"interaction":{"idSuffix":"inner"}},"clearTextFirst":true,"interactionType":"ENTER_TEXT"}]}
COMMAND: POST /session/0bdb3503147a059981a1ac86823db15d/execute/async - {"script":"<script> [1562 bytes]","args":[{"selector":{"id":"application-manageyards-display-component---NewYard--whmCheckBox","interaction":{"idSuffix":"CbBg"}},"wdio_ui5_key":"applicationmanageyards-display-component---NewYard--whmCheckBox"}]}
RESULT: {"script":"<script> [1562 bytes]","args":[{"selector":{"id":"application-manageyards-display-component---NewYard--whmCheckBox","interaction":{"idSuffix":"CbBg"}},"wdio_ui5_key":"applicationmanageyards-display-component---NewYard--whmCheckBox"}]}
RESULT: undefined
COMMAND: POST /session/0bdb3503147a059981a1ac86823db15d/element - {"using":"xpath","value":"//*[@id=\"application-manageyards-display-component---NewYard--whmCheckBox\"]"}
RESULT: {"using":"xpath","value":"//*[@id=\"application-manageyards-display-component---NewYard--whmCheckBox\"]"}
COMMAND: POST /session/0bdb3503147a059981a1ac86823db15d/element/f.4BE6FF561D5B3686539153AD049B7B13.d.5B78BCF8A9E9B1714C2391C3D7076416.e.639/click - {}
RESULT: {}
COMMAND: POST /session/0bdb3503147a059981a1ac86823db15d/execute/async - {"script":"<script> [1562 bytes]","args":[{"selector":{"controlType":"sap.m.Button","viewName":"etm.portal.ui.manageyards.view.New","viewId":"application-manageyards-display-component---NewYard","i18NText":{"propertyName":"text","key":"save"},"interaction":{"idSuffix":"inner"}},"wdio_ui5_key":"etmportal.ui.manageyards.view.Newsap.m.Button{\"propertyName\":\"text\",\"key\":\"save\"}"}]}
COMMAND: GET /session/0bdb3503147a059981a1ac86823db15d/screenshot - {}
RESULT: {"script":"<script> [1562 bytes]","args":[{"selector":{"controlType":"sap.m.Button","viewName":"etm.portal.ui.manageyards.view.New","viewId":"application-manageyards-display-component---NewYard","i18NText":{"propertyName":"text","key":"save"},"interaction":{"idSuffix":"inner"}},"wdio_ui5_key":"etmportal.ui.manageyards.view.Newsap.m.Button{\"propertyName\":\"text\",\"key\":\"save\"}"}]}
RESULT: undefined
COMMAND: POST /session/0bdb3503147a059981a1ac86823db15d/element - {"using":"xpath","value":"//*[@id=\"__button18\"]"}
RESULT: {}
RESULT: {"using":"xpath","value":"//*[@id=\"__button18\"]"}
COMMAND: POST /session/0bdb3503147a059981a1ac86823db15d/element/f.4BE6FF561D5B3686539153AD049B7B13.d.5B78BCF8A9E9B1714C2391C3D7076416.e.523/click - {}
RESULT: {}
COMMAND: GET /session/0bdb3503147a059981a1ac86823db15d/screenshot - {}
RESULT: {}
COMMAND: POST /session/0bdb3503147a059981a1ac86823db15d/element - {"using":"css selector","value":"#shell-header-logo"}
RESULT: {"using":"css selector","value":"#shell-header-logo"}
COMMAND: POST /session/0bdb3503147a059981a1ac86823db15d/element/f.4BE6FF561D5B3686539153AD049B7B13.d.5B78BCF8A9E9B1714C2391C3D7076416.e.113/click - {}
RESULT: {}
COMMAND: GET /session/0bdb3503147a059981a1ac86823db15d/screenshot - {}
RESULT: {}
COMMAND: POST /session/0bdb3503147a059981a1ac86823db15d/refresh - {}
RESULT: {}
COMMAND: GET /session/0bdb3503147a059981a1ac86823db15d/screenshot - {}
RESULT: {}
COMMAND: POST /session/0bdb3503147a059981a1ac86823db15d/execute/async - {"script":"<script> [189 bytes]","args":[]}
RESULT: {"script":"<script> [189 bytes]","args":[]}
COMMAND: POST /session/0bdb3503147a059981a1ac86823db15d/execute/async - {"script":"<script> [123 bytes]","args":[]}
RESULT: {"script":"<script> [123 bytes]","args":[]}
COMMAND: POST /session/0bdb3503147a059981a1ac86823db15d/timeouts - {"script":"<number>"}
RESULT: {"script":"<number>"}
COMMAND: GET /session/0bdb3503147a059981a1ac86823db15d/timeouts - {}
RESULT: {}
RESULT: undefined
COMMAND: POST /session/0bdb3503147a059981a1ac86823db15d/execute/async - {"script":"<script> [2676 bytes]","args":[]}
RESULT: {"script":"<script> [2676 bytes]","args":[]}
COMMAND: POST /session/0bdb3503147a059981a1ac86823db15d/execute/async - {"script":"<script> [2342 bytes]","args":[{"protocol":"http","hostname":"0.0.0.0","path":"/","capabilities":{"browserName":"chrome","goog:chromeOptions":{"binary":"C:\\Program Files\\Google\\Chrome\\Application\\chrome.exe","args":["--start-maximized"]}},"logLevel":"warn","connectionRetryTimeout":120000,"connectionRetryCount":3,"logLevels":{},"enableDirectConnect":true,"strictSSL":true,"_":"65 more keys: [\"cacheDir\",\"port\",\"requestedCapabilities\",\"automationProtocol\",\"baseUrl\",\"waitforInterval\",\"waitforTimeout\",\"onReload\",\"beforeCommand\",\"afterCommand\",\"rootDir\",\"specs\",\"suites\",\"exclude\",\"groupLogsByTestSpec\",\"excludeDriverLogs\",\"bail\",\"framework\",\"reporters\",\"services\",\"maxInstances\",\"maxInstancesPerCapability\",\"injectGlobals\",\"filesToWatch\",\"execArgv\",\"runnerEnv\",\"runner\",\"shard\",\"specFileRetries\",\"specFileRetriesDelay\",\"specFileRetriesDeferred\",\"reporterSyncInterval\",\"reporterSyncTimeout\",\"cucumberFeaturesWithLineNumbers\",\"autoCompileOpts\",\"mochaOpts\",\"jasmineOpts\",\"cucumberOpts\",\"onPrepare\",\"onWorkerStart\",\"onWorkerEnd\",\"before\",\"beforeSession\",\"beforeSuite\",\"beforeHook\",\"beforeTest\",\"afterTest\",\"afterHook\",\"afterSuite\",\"afterSession\",\"after\",\"onComplete\",\"beforeAssertion\",\"afterAssertion\",\"beforeFeature\",\"beforeScenario\",\"beforeStep\",\"afterStep\",\"afterScenario\",\"afterFeature\",\"_\",\"suite\",\"$0\",\"ignoredWorkerServices\",\"wdi5\"]"}]}
RESULT: {"script":"<script> [2342 bytes]","args":[{"protocol":"http","hostname":"0.0.0.0","path":"/","capabilities":{"browserName":"chrome","goog:chromeOptions":{"binary":"C:\\Program Files\\Google\\Chrome\\Application\\chrome.exe","args":["--start-maximized"]}},"logLevel":"warn","connectionRetryTimeout":120000,"connectionRetryCount":3,"logLevels":{},"enableDirectConnect":true,"strictSSL":true,"_":"65 more keys: [\"cacheDir\",\"port\",\"requestedCapabilities\",\"automationProtocol\",\"baseUrl\",\"waitforInterval\",\"waitforTimeout\",\"onReload\",\"beforeCommand\",\"afterCommand\",\"rootDir\",\"specs\",\"suites\",\"exclude\",\"groupLogsByTestSpec\",\"excludeDriverLogs\",\"bail\",\"framework\",\"reporters\",\"services\",\"maxInstances\",\"maxInstancesPerCapability\",\"injectGlobals\",\"filesToWatch\",\"execArgv\",\"runnerEnv\",\"runner\",\"shard\",\"specFileRetries\",\"specFileRetriesDelay\",\"specFileRetriesDeferred\",\"reporterSyncInterval\",\"reporterSyncTimeout\",\"cucumberFeaturesWithLineNumbers\",\"autoCompileOpts\",\"mochaOpts\",\"jasmineOpts\",\"cucumberOpts\",\"onPrepare\",\"onWorkerStart\",\"onWorkerEnd\",\"before\",\"beforeSession\",\"beforeSuite\",\"beforeHook\",\"beforeTest\",\"afterTest\",\"afterHook\",\"afterSuite\",\"afterSession\",\"after\",\"onComplete\",\"beforeAssertion\",\"afterAssertion\",\"beforeFeature\",\"beforeScenario\",\"beforeStep\",\"afterStep\",\"afterScenario\",\"afterFeature\",\"_\",\"suite\",\"$0\",\"ignoredWorkerServices\",\"wdi5\"]"}]}
COMMAND: POST /session/0bdb3503147a059981a1ac86823db15d/execute/async - {"script":"<script> [21126 bytes]","args":[35000]}
RESULT: {"script":"<script> [21126 bytes]","args":[35000]}
]]></system-out>
    </testcase>
    <testcase classname="chrome.136_0_7103_93.windows.Warehouse_movements_inventory_test" name="Should create a new warehouse organization" time="58.8">
      <system-out><![CDATA[
COMMAND: POST /session/0bdb3503147a059981a1ac86823db15d/execute/async - {"script":"<script> [1562 bytes]","args":[{"selector":{"controlType":"sap.m.GenericTile","properties":{"header":"Bin Status Report"}},"wdio_ui5_key":"sapm.GenericTile{\"header\":\"Bin Status Report\"}"}]}
RESULT: {"script":"<script> [1562 bytes]","args":[{"selector":{"controlType":"sap.m.GenericTile","properties":{"header":"Bin Status Report"}},"wdio_ui5_key":"sapm.GenericTile{\"header\":\"Bin Status Report\"}"}]}
RESULT: undefined
COMMAND: POST /session/0bdb3503147a059981a1ac86823db15d/element - {"using":"xpath","value":"//*[@id=\"__tile104\"]"}
RESULT: {"using":"xpath","value":"//*[@id=\"__tile104\"]"}
COMMAND: POST /session/0bdb3503147a059981a1ac86823db15d/element/f.4BE6FF561D5B3686539153AD049B7B13.d.FECF158D29D286A3982C4E5A36049C42.e.852/click - {}
RESULT: {}
COMMAND: GET /session/0bdb3503147a059981a1ac86823db15d/screenshot - {}
RESULT: {}
COMMAND: POST /session/0bdb3503147a059981a1ac86823db15d/elements - {"using":"xpath","value":"//span[text()='Error']"}
RESULT: {"using":"xpath","value":"//span[text()='Error']"}
COMMAND: POST /session/0bdb3503147a059981a1ac86823db15d/execute/async - {"script":"<script> [1562 bytes]","args":[{"selector":{"id":"application-binstatusreport-display-component---warehousing--createOrgBtn","interaction":{"idSuffix":"BDI-content"}},"wdio_ui5_key":"applicationbinstatusreport-display-component---warehousing--createOrgBtn"}]}
RESULT: {"script":"<script> [1562 bytes]","args":[{"selector":{"id":"application-binstatusreport-display-component---warehousing--createOrgBtn","interaction":{"idSuffix":"BDI-content"}},"wdio_ui5_key":"applicationbinstatusreport-display-component---warehousing--createOrgBtn"}]}
RESULT: undefined
COMMAND: POST /session/0bdb3503147a059981a1ac86823db15d/element - {"using":"xpath","value":"//*[@id=\"application-binstatusreport-display-component---warehousing--createOrgBtn\"]"}
RESULT: {"using":"xpath","value":"//*[@id=\"application-binstatusreport-display-component---warehousing--createOrgBtn\"]"}
COMMAND: POST /session/0bdb3503147a059981a1ac86823db15d/element/f.4BE6FF561D5B3686539153AD049B7B13.d.FECF158D29D286A3982C4E5A36049C42.e.899/click - {}
RESULT: {}
COMMAND: GET /session/0bdb3503147a059981a1ac86823db15d/screenshot - {}
RESULT: {}
COMMAND: POST /session/0bdb3503147a059981a1ac86823db15d/execute/async - {"script":"<script> [1562 bytes]","args":[{"selector":{"id":"createOrganizationPop--sectionInput","searchOpenDialogs":true,"interaction":{"idSuffix":"inner"}},"wdio_ui5_key":"createOrganizationPopsectionInput"}]}
RESULT: {"script":"<script> [1562 bytes]","args":[{"selector":{"id":"createOrganizationPop--sectionInput","searchOpenDialogs":true,"interaction":{"idSuffix":"inner"}},"wdio_ui5_key":"createOrganizationPopsectionInput"}]}
RESULT: undefined
COMMAND: POST /session/0bdb3503147a059981a1ac86823db15d/execute/async - {"script":"<script> [776 bytes]","args":[{"enterText":"Secz8sjn","selector":{"id":"createOrganizationPop--sectionInput","searchOpenDialogs":true,"interaction":{"idSuffix":"inner"}},"clearTextFirst":true,"interactionType":"ENTER_TEXT"}]}
RESULT: {"script":"<script> [776 bytes]","args":[{"enterText":"Secz8sjn","selector":{"id":"createOrganizationPop--sectionInput","searchOpenDialogs":true,"interaction":{"idSuffix":"inner"}},"clearTextFirst":true,"interactionType":"ENTER_TEXT"}]}
COMMAND: POST /session/0bdb3503147a059981a1ac86823db15d/execute/async - {"script":"<script> [1562 bytes]","args":[{"selector":{"id":"createOrganizationPop--descriptionInput","searchOpenDialogs":true,"interaction":{"idSuffix":"inner"}},"wdio_ui5_key":"createOrganizationPopdescriptionInput"}]}
RESULT: {"script":"<script> [1562 bytes]","args":[{"selector":{"id":"createOrganizationPop--descriptionInput","searchOpenDialogs":true,"interaction":{"idSuffix":"inner"}},"wdio_ui5_key":"createOrganizationPopdescriptionInput"}]}
RESULT: undefined
COMMAND: POST /session/0bdb3503147a059981a1ac86823db15d/execute/async - {"script":"<script> [776 bytes]","args":[{"enterText":"OrgNamermhvg","selector":{"id":"createOrganizationPop--descriptionInput","searchOpenDialogs":true,"interaction":{"idSuffix":"inner"}},"clearTextFirst":true,"interactionType":"ENTER_TEXT"}]}
RESULT: {"script":"<script> [776 bytes]","args":[{"enterText":"OrgNamermhvg","selector":{"id":"createOrganizationPop--descriptionInput","searchOpenDialogs":true,"interaction":{"idSuffix":"inner"}},"clearTextFirst":true,"interactionType":"ENTER_TEXT"}]}
COMMAND: POST /session/0bdb3503147a059981a1ac86823db15d/element - {"using":"xpath","value":"//input[contains(@id ,\"createOrganizationPop--yardOrg-inner\")]"}
RESULT: {"using":"xpath","value":"//input[contains(@id ,\"createOrganizationPop--yardOrg-inner\")]"}
COMMAND: POST /session/0bdb3503147a059981a1ac86823db15d/element/f.4BE6FF561D5B3686539153AD049B7B13.d.FECF158D29D286A3982C4E5A36049C42.e.939/clear - {}
RESULT: {}
COMMAND: POST /session/0bdb3503147a059981a1ac86823db15d/element/f.4BE6FF561D5B3686539153AD049B7B13.d.FECF158D29D286A3982C4E5A36049C42.e.939/value - {"text":"WebdriverWHMYard1ncq"}
COMMAND: GET /session/0bdb3503147a059981a1ac86823db15d/screenshot - {}
RESULT: {"text":"WebdriverWHMYard1ncq"}
COMMAND: GET /session/0bdb3503147a059981a1ac86823db15d/screenshot - {}
RESULT: {}
RESULT: {}
COMMAND: POST /session/0bdb3503147a059981a1ac86823db15d/actions - {"actions":[{"id":"action4","type":"key","parameters":{},"actions":[{"type":"keyDown","value":"î€‡"},{"type":"pause","duration":10},{"type":"keyUp","value":"î€‡"}]}]}
RESULT: {"actions":[{"id":"action4","type":"key","parameters":{},"actions":[{"type":"keyDown","value":"î€‡"},{"type":"pause","duration":10},{"type":"keyUp","value":"î€‡"}]}]}
COMMAND: GET /session/0bdb3503147a059981a1ac86823db15d/screenshot - {}
RESULT: {}
COMMAND: POST /session/0bdb3503147a059981a1ac86823db15d/execute/async - {"script":"<script> [1562 bytes]","args":[{"selector":{"id":"createOrganizationPop--grZone","searchOpenDialogs":true,"interaction":{"idSuffix":"CbBg"}},"wdio_ui5_key":"createOrganizationPopgrZone"}]}
RESULT: {"script":"<script> [1562 bytes]","args":[{"selector":{"id":"createOrganizationPop--grZone","searchOpenDialogs":true,"interaction":{"idSuffix":"CbBg"}},"wdio_ui5_key":"createOrganizationPopgrZone"}]}
RESULT: undefined
COMMAND: POST /session/0bdb3503147a059981a1ac86823db15d/element - {"using":"xpath","value":"//*[@id=\"createOrganizationPop--grZone\"]"}
RESULT: {"using":"xpath","value":"//*[@id=\"createOrganizationPop--grZone\"]"}
COMMAND: POST /session/0bdb3503147a059981a1ac86823db15d/element/f.4BE6FF561D5B3686539153AD049B7B13.d.FECF158D29D286A3982C4E5A36049C42.e.961/click - {}
RESULT: {}
COMMAND: POST /session/0bdb3503147a059981a1ac86823db15d/execute/async - {"script":"<script> [1562 bytes]","args":[{"selector":{"id":"createOrganizationPop--giZone","searchOpenDialogs":true,"interaction":{"idSuffix":"CbBg"}},"wdio_ui5_key":"createOrganizationPopgiZone"}]}
COMMAND: GET /session/0bdb3503147a059981a1ac86823db15d/screenshot - {}
RESULT: {"script":"<script> [1562 bytes]","args":[{"selector":{"id":"createOrganizationPop--giZone","searchOpenDialogs":true,"interaction":{"idSuffix":"CbBg"}},"wdio_ui5_key":"createOrganizationPopgiZone"}]}
RESULT: undefined
COMMAND: POST /session/0bdb3503147a059981a1ac86823db15d/element - {"using":"xpath","value":"//*[@id=\"createOrganizationPop--giZone\"]"}
RESULT: {}
RESULT: {"using":"xpath","value":"//*[@id=\"createOrganizationPop--giZone\"]"}
COMMAND: POST /session/0bdb3503147a059981a1ac86823db15d/element/f.4BE6FF561D5B3686539153AD049B7B13.d.FECF158D29D286A3982C4E5A36049C42.e.963/click - {}
RESULT: {}
COMMAND: POST /session/0bdb3503147a059981a1ac86823db15d/execute/async - {"script":"<script> [1562 bytes]","args":[{"selector":{"id":"createOrganizationPop--binNoInput","searchOpenDialogs":true,"interaction":{"idSuffix":"inner"}},"wdio_ui5_key":"createOrganizationPopbinNoInput"}]}
COMMAND: GET /session/0bdb3503147a059981a1ac86823db15d/screenshot - {}
RESULT: {"script":"<script> [1562 bytes]","args":[{"selector":{"id":"createOrganizationPop--binNoInput","searchOpenDialogs":true,"interaction":{"idSuffix":"inner"}},"wdio_ui5_key":"createOrganizationPopbinNoInput"}]}
RESULT: undefined
COMMAND: POST /session/0bdb3503147a059981a1ac86823db15d/execute/async - {"script":"<script> [776 bytes]","args":[{"enterText":"Binv2a","selector":{"id":"createOrganizationPop--binNoInput","searchOpenDialogs":true,"interaction":{"idSuffix":"inner"}},"clearTextFirst":true,"interactionType":"ENTER_TEXT"}]}
RESULT: {}
RESULT: {"script":"<script> [776 bytes]","args":[{"enterText":"Binv2a","selector":{"id":"createOrganizationPop--binNoInput","searchOpenDialogs":true,"interaction":{"idSuffix":"inner"}},"clearTextFirst":true,"interactionType":"ENTER_TEXT"}]}
COMMAND: POST /session/0bdb3503147a059981a1ac86823db15d/execute/async - {"script":"<script> [1562 bytes]","args":[{"selector":{"id":"createOrganizationPop--descriptionId","searchOpenDialogs":true,"interaction":{"idSuffix":"inner"}},"wdio_ui5_key":"createOrganizationPopdescriptionId"}]}
RESULT: {"script":"<script> [1562 bytes]","args":[{"selector":{"id":"createOrganizationPop--descriptionId","searchOpenDialogs":true,"interaction":{"idSuffix":"inner"}},"wdio_ui5_key":"createOrganizationPopdescriptionId"}]}
RESULT: undefined
COMMAND: POST /session/0bdb3503147a059981a1ac86823db15d/execute/async - {"script":"<script> [776 bytes]","args":[{"enterText":"Binsiv2g","selector":{"id":"createOrganizationPop--descriptionId","searchOpenDialogs":true,"interaction":{"idSuffix":"inner"}},"clearTextFirst":true,"interactionType":"ENTER_TEXT"}]}
RESULT: {"script":"<script> [776 bytes]","args":[{"enterText":"Binsiv2g","selector":{"id":"createOrganizationPop--descriptionId","searchOpenDialogs":true,"interaction":{"idSuffix":"inner"}},"clearTextFirst":true,"interactionType":"ENTER_TEXT"}]}
COMMAND: POST /session/0bdb3503147a059981a1ac86823db15d/execute/async - {"script":"<script> [1562 bytes]","args":[{"selector":{"controlType":"sap.m.CheckBox","viewName":"etm.portal.ui.binstatusreport.view.MasterWareBins","viewId":"application-binstatusreport-display-component---warehousing","bindingPath":{"path":"","propertyPath":"/ZONE","modelName":"newBin"},"searchOpenDialogs":true,"interaction":{"idSuffix":"CbBg"}},"wdio_ui5_key":"etmportal.ui.binstatusreport.view.MasterWareBinssap.m.CheckBox{\"path\":\"\",\"propertyPath\":\"/ZONE\",\"modelName\":\"newBin\"}"}]}
RESULT: {"script":"<script> [1562 bytes]","args":[{"selector":{"controlType":"sap.m.CheckBox","viewName":"etm.portal.ui.binstatusreport.view.MasterWareBins","viewId":"application-binstatusreport-display-component---warehousing","bindingPath":{"path":"","propertyPath":"/ZONE","modelName":"newBin"},"searchOpenDialogs":true,"interaction":{"idSuffix":"CbBg"}},"wdio_ui5_key":"etmportal.ui.binstatusreport.view.MasterWareBinssap.m.CheckBox{\"path\":\"\",\"propertyPath\":\"/ZONE\",\"modelName\":\"newBin\"}"}]}
RESULT: undefined
COMMAND: POST /session/0bdb3503147a059981a1ac86823db15d/element - {"using":"xpath","value":"//*[@id=\"__box12\"]"}
RESULT: {"using":"xpath","value":"//*[@id=\"__box12\"]"}
COMMAND: POST /session/0bdb3503147a059981a1ac86823db15d/element/f.4BE6FF561D5B3686539153AD049B7B13.d.FECF158D29D286A3982C4E5A36049C42.e.967/click - {}
RESULT: {}
COMMAND: POST /session/0bdb3503147a059981a1ac86823db15d/execute/async - {"script":"<script> [1562 bytes]","args":[{"selector":{"id":"createOrganizationPop--binTypesCB-arrow","searchOpenDialogs":true},"wdio_ui5_key":"createOrganizationPopbinTypesCB-arrow"}]}
COMMAND: GET /session/0bdb3503147a059981a1ac86823db15d/screenshot - {}
RESULT: {"script":"<script> [1562 bytes]","args":[{"selector":{"id":"createOrganizationPop--binTypesCB-arrow","searchOpenDialogs":true},"wdio_ui5_key":"createOrganizationPopbinTypesCB-arrow"}]}
RESULT: undefined
COMMAND: POST /session/0bdb3503147a059981a1ac86823db15d/element - {"using":"xpath","value":"//*[@id=\"createOrganizationPop--binTypesCB-arrow\"]"}
RESULT: {}
RESULT: {"using":"xpath","value":"//*[@id=\"createOrganizationPop--binTypesCB-arrow\"]"}
COMMAND: POST /session/0bdb3503147a059981a1ac86823db15d/element/f.4BE6FF561D5B3686539153AD049B7B13.d.FECF158D29D286A3982C4E5A36049C42.e.968/click - {}
RESULT: {}
COMMAND: POST /session/0bdb3503147a059981a1ac86823db15d/execute/async - {"script":"<script> [1562 bytes]","args":[{"selector":{"controlType":"sap.m.StandardListItem","viewName":"etm.portal.ui.binstatusreport.view.MasterWareBins","viewId":"application-binstatusreport-display-component---warehousing","properties":{"title":"1 - General / No capacity check"},"searchOpenDialogs":true,"interaction":{"idSuffix":"content"}},"wdio_ui5_key":"etmportal.ui.binstatusreport.view.MasterWareBinssap.m.StandardListItem{\"title\":\"1 - General / No capacity check\"}"}]}
COMMAND: GET /session/0bdb3503147a059981a1ac86823db15d/screenshot - {}
RESULT: {"script":"<script> [1562 bytes]","args":[{"selector":{"controlType":"sap.m.StandardListItem","viewName":"etm.portal.ui.binstatusreport.view.MasterWareBins","viewId":"application-binstatusreport-display-component---warehousing","properties":{"title":"1 - General / No capacity check"},"searchOpenDialogs":true,"interaction":{"idSuffix":"content"}},"wdio_ui5_key":"etmportal.ui.binstatusreport.view.MasterWareBinssap.m.StandardListItem{\"title\":\"1 - General / No capacity check\"}"}]}
RESULT: undefined
COMMAND: POST /session/0bdb3503147a059981a1ac86823db15d/element - {"using":"xpath","value":"//*[@id=\"__item138\"]"}
RESULT: {}
RESULT: {"using":"xpath","value":"//*[@id=\"__item138\"]"}
COMMAND: POST /session/0bdb3503147a059981a1ac86823db15d/element/f.4BE6FF561D5B3686539153AD049B7B13.d.FECF158D29D286A3982C4E5A36049C42.e.970/click - {}
RESULT: {}
COMMAND: POST /session/0bdb3503147a059981a1ac86823db15d/execute/async - {"script":"<script> [1562 bytes]","args":[{"selector":{"id":"createOrganizationPop--finishBtn","searchOpenDialogs":true,"interaction":{"idSuffix":"BDI-content"}},"wdio_ui5_key":"createOrganizationPopfinishBtn"}]}
COMMAND: GET /session/0bdb3503147a059981a1ac86823db15d/screenshot - {}
RESULT: {"script":"<script> [1562 bytes]","args":[{"selector":{"id":"createOrganizationPop--finishBtn","searchOpenDialogs":true,"interaction":{"idSuffix":"BDI-content"}},"wdio_ui5_key":"createOrganizationPopfinishBtn"}]}
RESULT: undefined
COMMAND: POST /session/0bdb3503147a059981a1ac86823db15d/element - {"using":"xpath","value":"//*[@id=\"createOrganizationPop--finishBtn\"]"}
RESULT: {}
RESULT: {"using":"xpath","value":"//*[@id=\"createOrganizationPop--finishBtn\"]"}
COMMAND: POST /session/0bdb3503147a059981a1ac86823db15d/element/f.4BE6FF561D5B3686539153AD049B7B13.d.FECF158D29D286A3982C4E5A36049C42.e.972/click - {}
RESULT: {}
COMMAND: GET /session/0bdb3503147a059981a1ac86823db15d/screenshot - {}
RESULT: {}
COMMAND: POST /session/0bdb3503147a059981a1ac86823db15d/element - {"using":"css selector","value":"#shell-header-logo"}
RESULT: {"using":"css selector","value":"#shell-header-logo"}
COMMAND: POST /session/0bdb3503147a059981a1ac86823db15d/element/f.4BE6FF561D5B3686539153AD049B7B13.d.FECF158D29D286A3982C4E5A36049C42.e.857/click - {}
RESULT: {}
COMMAND: GET /session/0bdb3503147a059981a1ac86823db15d/screenshot - {}
RESULT: {}
]]></system-out>
    </testcase>
    <testcase classname="chrome.136_0_7103_93.windows.Warehouse_movements_inventory_test" name="Should Create new material for WHM yard" time="132.194">
      <system-out><![CDATA[
COMMAND: POST /session/0bdb3503147a059981a1ac86823db15d/execute/async - {"script":"<script> [1562 bytes]","args":[{"selector":{"controlType":"sap.m.GenericTile","properties":{"header":"Manage Resources"}},"wdio_ui5_key":"sapm.GenericTile{\"header\":\"Manage Resources\"}"}]}
RESULT: {"script":"<script> [1562 bytes]","args":[{"selector":{"controlType":"sap.m.GenericTile","properties":{"header":"Manage Resources"}},"wdio_ui5_key":"sapm.GenericTile{\"header\":\"Manage Resources\"}"}]}
RESULT: undefined
COMMAND: POST /session/0bdb3503147a059981a1ac86823db15d/element - {"using":"xpath","value":"//*[@id=\"__tile39\"]"}
RESULT: {"using":"xpath","value":"//*[@id=\"__tile39\"]"}
COMMAND: POST /session/0bdb3503147a059981a1ac86823db15d/element/f.4BE6FF561D5B3686539153AD049B7B13.d.FECF158D29D286A3982C4E5A36049C42.e.980/click - {}
RESULT: {}
COMMAND: GET /session/0bdb3503147a059981a1ac86823db15d/screenshot - {}
RESULT: {}
COMMAND: POST /session/0bdb3503147a059981a1ac86823db15d/elements - {"using":"xpath","value":"//span[text()='Error']"}
RESULT: {"using":"xpath","value":"//span[text()='Error']"}
COMMAND: POST /session/0bdb3503147a059981a1ac86823db15d/element - {"using":"xpath","value":"//button[@data-kt=\"addNewRUOverflowToolbarButton\"]"}
RESULT: {"using":"xpath","value":"//button[@data-kt=\"addNewRUOverflowToolbarButton\"]"}
COMMAND: POST /session/0bdb3503147a059981a1ac86823db15d/execute/sync - {"script":"<script> [8489 bytes]","args":[{"element-6066-11e4-a52e-4f735466cecf":"f.4BE6FF561D5B3686539153AD049B7B13.d.FECF158D29D286A3982C4E5A36049C42.e.1022","ELEMENT":"f.4BE6FF561D5B3686539153AD049B7B13.d.FECF158D29D286A3982C4E5A36049C42.e.1022"}]}
RESULT: {"script":"<script> [8489 bytes]","args":[{"element-6066-11e4-a52e-4f735466cecf":"f.4BE6FF561D5B3686539153AD049B7B13.d.FECF158D29D286A3982C4E5A36049C42.e.1022","ELEMENT":"f.4BE6FF561D5B3686539153AD049B7B13.d.FECF158D29D286A3982C4E5A36049C42.e.1022"}]}
COMMAND: POST /session/0bdb3503147a059981a1ac86823db15d/element/f.4BE6FF561D5B3686539153AD049B7B13.d.FECF158D29D286A3982C4E5A36049C42.e.1022/click - {}
COMMAND: GET /session/0bdb3503147a059981a1ac86823db15d/screenshot - {}
RESULT: {}
COMMAND: POST /session/0bdb3503147a059981a1ac86823db15d/execute/async - {"script":"<script> [1562 bytes]","args":[{"selector":{"id":"application-manageresources-display-component---newResourceUnit--TYPE-arrow"},"wdio_ui5_key":"applicationmanageresources-display-component---newResourceUnit--TYPE-arrow"}]}
COMMAND: GET /session/0bdb3503147a059981a1ac86823db15d/screenshot - {}
RESULT: {}
RESULT: {"script":"<script> [1562 bytes]","args":[{"selector":{"id":"application-manageresources-display-component---newResourceUnit--TYPE-arrow"},"wdio_ui5_key":"applicationmanageresources-display-component---newResourceUnit--TYPE-arrow"}]}
RESULT: undefined
COMMAND: POST /session/0bdb3503147a059981a1ac86823db15d/element - {"using":"xpath","value":"//*[@id=\"application-manageresources-display-component---newResourceUnit--TYPE-arrow\"]"}
RESULT: {}
RESULT: {"using":"xpath","value":"//*[@id=\"application-manageresources-display-component---newResourceUnit--TYPE-arrow\"]"}
COMMAND: POST /session/0bdb3503147a059981a1ac86823db15d/element/f.4BE6FF561D5B3686539153AD049B7B13.d.FECF158D29D286A3982C4E5A36049C42.e.1343/click - {}
RESULT: {}
COMMAND: POST /session/0bdb3503147a059981a1ac86823db15d/execute/async - {"script":"<script> [1562 bytes]","args":[{"selector":{"controlType":"sap.m.StandardListItem","viewName":"reusables.view.manageresources.NewResourceUnit","viewId":"application-manageresources-display-component---newResourceUnit","properties":{"title":"Material"},"searchOpenDialogs":true,"interaction":{"idSuffix":"titleText"}},"wdio_ui5_key":"reusablesview.manageresources.NewResourceUnitsap.m.StandardListItem{\"title\":\"Material\"}"}]}
COMMAND: GET /session/0bdb3503147a059981a1ac86823db15d/screenshot - {}
RESULT: {"script":"<script> [1562 bytes]","args":[{"selector":{"controlType":"sap.m.StandardListItem","viewName":"reusables.view.manageresources.NewResourceUnit","viewId":"application-manageresources-display-component---newResourceUnit","properties":{"title":"Material"},"searchOpenDialogs":true,"interaction":{"idSuffix":"titleText"}},"wdio_ui5_key":"reusablesview.manageresources.NewResourceUnitsap.m.StandardListItem{\"title\":\"Material\"}"}]}
RESULT: undefined
COMMAND: POST /session/0bdb3503147a059981a1ac86823db15d/element - {"using":"xpath","value":"//*[@id=\"__item267\"]"}
RESULT: {}
RESULT: {"using":"xpath","value":"//*[@id=\"__item267\"]"}
COMMAND: POST /session/0bdb3503147a059981a1ac86823db15d/element/f.4BE6FF561D5B3686539153AD049B7B13.d.FECF158D29D286A3982C4E5A36049C42.e.1346/click - {}
RESULT: {}
COMMAND: POST /session/0bdb3503147a059981a1ac86823db15d/execute/async - {"script":"<script> [1562 bytes]","args":[{"selector":{"id":"application-manageresources-display-component---newResourceUnit--SHORT_TEXT","interaction":{"idSuffix":"inner"}},"wdio_ui5_key":"applicationmanageresources-display-component---newResourceUnit--SHORT_TEXT"}]}
COMMAND: GET /session/0bdb3503147a059981a1ac86823db15d/screenshot - {}
RESULT: {"script":"<script> [1562 bytes]","args":[{"selector":{"id":"application-manageresources-display-component---newResourceUnit--SHORT_TEXT","interaction":{"idSuffix":"inner"}},"wdio_ui5_key":"applicationmanageresources-display-component---newResourceUnit--SHORT_TEXT"}]}
RESULT: undefined
COMMAND: POST /session/0bdb3503147a059981a1ac86823db15d/execute/async - {"script":"<script> [776 bytes]","args":[{"enterText":"WebdriverRUR2Cjjcas","selector":{"id":"application-manageresources-display-component---newResourceUnit--SHORT_TEXT","interaction":{"idSuffix":"inner"}},"clearTextFirst":true,"interactionType":"ENTER_TEXT"}]}
RESULT: {}
RESULT: {"script":"<script> [776 bytes]","args":[{"enterText":"WebdriverRUR2Cjjcas","selector":{"id":"application-manageresources-display-component---newResourceUnit--SHORT_TEXT","interaction":{"idSuffix":"inner"}},"clearTextFirst":true,"interactionType":"ENTER_TEXT"}]}
COMMAND: POST /session/0bdb3503147a059981a1ac86823db15d/execute/async - {"script":"<script> [1562 bytes]","args":[{"selector":{"id":"application-manageresources-display-component---newResourceUnit--BASE_UNIT_OF_MEASURE-arrow"},"wdio_ui5_key":"applicationmanageresources-display-component---newResourceUnit--BASE_UNIT_OF_MEASURE-arrow"}]}
RESULT: {"script":"<script> [1562 bytes]","args":[{"selector":{"id":"application-manageresources-display-component---newResourceUnit--BASE_UNIT_OF_MEASURE-arrow"},"wdio_ui5_key":"applicationmanageresources-display-component---newResourceUnit--BASE_UNIT_OF_MEASURE-arrow"}]}
RESULT: undefined
COMMAND: POST /session/0bdb3503147a059981a1ac86823db15d/element - {"using":"xpath","value":"//*[@id=\"application-manageresources-display-component---newResourceUnit--BASE_UNIT_OF_MEASURE-arrow\"]"}
RESULT: {"using":"xpath","value":"//*[@id=\"application-manageresources-display-component---newResourceUnit--BASE_UNIT_OF_MEASURE-arrow\"]"}
COMMAND: POST /session/0bdb3503147a059981a1ac86823db15d/element/f.4BE6FF561D5B3686539153AD049B7B13.d.FECF158D29D286A3982C4E5A36049C42.e.1400/click - {}
RESULT: {}
COMMAND: POST /session/0bdb3503147a059981a1ac86823db15d/execute/async - {"script":"<script> [1562 bytes]","args":[{"selector":{"controlType":"sap.m.StandardListItem","viewName":"reusables.view.manageresources.NewResourceUnit","viewId":"application-manageresources-display-component---newResourceUnit","properties":{"title":"Piece"},"searchOpenDialogs":true,"interaction":{"idSuffix":"titleText"}},"wdio_ui5_key":"reusablesview.manageresources.NewResourceUnitsap.m.StandardListItem{\"title\":\"Piece\"}"}]}
COMMAND: GET /session/0bdb3503147a059981a1ac86823db15d/screenshot - {}
RESULT: {"script":"<script> [1562 bytes]","args":[{"selector":{"controlType":"sap.m.StandardListItem","viewName":"reusables.view.manageresources.NewResourceUnit","viewId":"application-manageresources-display-component---newResourceUnit","properties":{"title":"Piece"},"searchOpenDialogs":true,"interaction":{"idSuffix":"titleText"}},"wdio_ui5_key":"reusablesview.manageresources.NewResourceUnitsap.m.StandardListItem{\"title\":\"Piece\"}"}]}
RESULT: undefined
COMMAND: POST /session/0bdb3503147a059981a1ac86823db15d/element - {"using":"xpath","value":"//*[@id=\"__item309\"]"}
RESULT: {}
RESULT: {"using":"xpath","value":"//*[@id=\"__item309\"]"}
COMMAND: POST /session/0bdb3503147a059981a1ac86823db15d/element/f.4BE6FF561D5B3686539153AD049B7B13.d.FECF158D29D286A3982C4E5A36049C42.e.1402/click - {}
RESULT: {}
COMMAND: POST /session/0bdb3503147a059981a1ac86823db15d/element - {"using":"xpath","value":"//input[contains(@id ,\"application-manageresources-display-component---newResourceUnit--SHORT_TEXT-inner\")]"}
COMMAND: GET /session/0bdb3503147a059981a1ac86823db15d/screenshot - {}
RESULT: {"using":"xpath","value":"//input[contains(@id ,\"application-manageresources-display-component---newResourceUnit--SHORT_TEXT-inner\")]"}
COMMAND: GET /session/0bdb3503147a059981a1ac86823db15d/element/f.4BE6FF561D5B3686539153AD049B7B13.d.FECF158D29D286A3982C4E5A36049C42.e.1363/property/value - {}
RESULT: {}
RESULT: {}
COMMAND: POST /session/0bdb3503147a059981a1ac86823db15d/execute/async - {"script":"<script> [1562 bytes]","args":[{"selector":{"id":"application-manageresources-display-component---newResourceUnit--WEIGHT_UNIT-arrow"},"wdio_ui5_key":"applicationmanageresources-display-component---newResourceUnit--WEIGHT_UNIT-arrow"}]}
COMMAND: GET /session/0bdb3503147a059981a1ac86823db15d/screenshot - {}
RESULT: {"script":"<script> [1562 bytes]","args":[{"selector":{"id":"application-manageresources-display-component---newResourceUnit--WEIGHT_UNIT-arrow"},"wdio_ui5_key":"applicationmanageresources-display-component---newResourceUnit--WEIGHT_UNIT-arrow"}]}
RESULT: undefined
COMMAND: POST /session/0bdb3503147a059981a1ac86823db15d/element - {"using":"xpath","value":"//*[@id=\"application-manageresources-display-component---newResourceUnit--WEIGHT_UNIT-arrow\"]"}
RESULT: {}
RESULT: {"using":"xpath","value":"//*[@id=\"application-manageresources-display-component---newResourceUnit--WEIGHT_UNIT-arrow\"]"}
COMMAND: POST /session/0bdb3503147a059981a1ac86823db15d/element/f.4BE6FF561D5B3686539153AD049B7B13.d.FECF158D29D286A3982C4E5A36049C42.e.1403/click - {}
RESULT: {}
COMMAND: POST /session/0bdb3503147a059981a1ac86823db15d/execute/async - {"script":"<script> [1562 bytes]","args":[{"selector":{"controlType":"sap.m.StandardListItem","viewName":"reusables.view.manageresources.NewResourceUnit","viewId":"application-manageresources-display-component---newResourceUnit","properties":{"title":"Gram"},"searchOpenDialogs":true,"interaction":{"idSuffix":"content"}},"wdio_ui5_key":"reusablesview.manageresources.NewResourceUnitsap.m.StandardListItem{\"title\":\"Gram\"}"}]}
COMMAND: GET /session/0bdb3503147a059981a1ac86823db15d/screenshot - {}
RESULT: {"script":"<script> [1562 bytes]","args":[{"selector":{"controlType":"sap.m.StandardListItem","viewName":"reusables.view.manageresources.NewResourceUnit","viewId":"application-manageresources-display-component---newResourceUnit","properties":{"title":"Gram"},"searchOpenDialogs":true,"interaction":{"idSuffix":"content"}},"wdio_ui5_key":"reusablesview.manageresources.NewResourceUnitsap.m.StandardListItem{\"title\":\"Gram\"}"}]}
RESULT: undefined
COMMAND: POST /session/0bdb3503147a059981a1ac86823db15d/element - {"using":"xpath","value":"//*[@id=\"__item374\"]"}
RESULT: {}
RESULT: {"using":"xpath","value":"//*[@id=\"__item374\"]"}
COMMAND: POST /session/0bdb3503147a059981a1ac86823db15d/element/f.4BE6FF561D5B3686539153AD049B7B13.d.FECF158D29D286A3982C4E5A36049C42.e.1405/click - {}
RESULT: {}
COMMAND: POST /session/0bdb3503147a059981a1ac86823db15d/execute/async - {"script":"<script> [1562 bytes]","args":[{"selector":{"id":"application-manageresources-display-component---newResourceUnit--newRRUPage-OPHeaderContent-collapseBtn-img"},"wdio_ui5_key":"applicationmanageresources-display-component---newResourceUnit--newRRUPage-OPHeaderContent-collapseBtn-img"}]}
COMMAND: GET /session/0bdb3503147a059981a1ac86823db15d/screenshot - {}
RESULT: {"script":"<script> [1562 bytes]","args":[{"selector":{"id":"application-manageresources-display-component---newResourceUnit--newRRUPage-OPHeaderContent-collapseBtn-img"},"wdio_ui5_key":"applicationmanageresources-display-component---newResourceUnit--newRRUPage-OPHeaderContent-collapseBtn-img"}]}
RESULT: undefined
COMMAND: POST /session/0bdb3503147a059981a1ac86823db15d/element - {"using":"xpath","value":"//*[@id=\"application-manageresources-display-component---newResourceUnit--newRRUPage-OPHeaderContent-collapseBtn-img\"]"}
RESULT: {}
RESULT: {"using":"xpath","value":"//*[@id=\"application-manageresources-display-component---newResourceUnit--newRRUPage-OPHeaderContent-collapseBtn-img\"]"}
COMMAND: POST /session/0bdb3503147a059981a1ac86823db15d/element/f.4BE6FF561D5B3686539153AD049B7B13.d.FECF158D29D286A3982C4E5A36049C42.e.1353/click - {}
RESULT: {}
COMMAND: GET /session/0bdb3503147a059981a1ac86823db15d/screenshot - {}
RESULT: {}
COMMAND: POST /session/0bdb3503147a059981a1ac86823db15d/element - {"using":"xpath","value":"(//span[contains(@id ,\"application-manageresources-display-component---newResourceUnit--DIMENSION_UNIT-arrow\")])[1]"}
RESULT: {"using":"xpath","value":"(//span[contains(@id ,\"application-manageresources-display-component---newResourceUnit--DIMENSION_UNIT-arrow\")])[1]"}
COMMAND: POST /session/0bdb3503147a059981a1ac86823db15d/element/f.4BE6FF561D5B3686539153AD049B7B13.d.FECF158D29D286A3982C4E5A36049C42.e.1409/click - {}
RESULT: {}
COMMAND: GET /session/0bdb3503147a059981a1ac86823db15d/screenshot - {}
RESULT: {}
COMMAND: POST /session/0bdb3503147a059981a1ac86823db15d/execute/async - {"script":"<script> [1562 bytes]","args":[{"selector":{"controlType":"sap.m.StandardListItem","viewName":"reusables.view.manageresources.NewResourceUnit","viewId":"application-manageresources-display-component---newResourceUnit","properties":{"title":"Centimeter"},"searchOpenDialogs":true,"interaction":{"idSuffix":"titleText"}},"wdio_ui5_key":"reusablesview.manageresources.NewResourceUnitsap.m.StandardListItem{\"title\":\"Centimeter\"}"}]}
RESULT: {"script":"<script> [1562 bytes]","args":[{"selector":{"controlType":"sap.m.StandardListItem","viewName":"reusables.view.manageresources.NewResourceUnit","viewId":"application-manageresources-display-component---newResourceUnit","properties":{"title":"Centimeter"},"searchOpenDialogs":true,"interaction":{"idSuffix":"titleText"}},"wdio_ui5_key":"reusablesview.manageresources.NewResourceUnitsap.m.StandardListItem{\"title\":\"Centimeter\"}"}]}
RESULT: undefined
COMMAND: POST /session/0bdb3503147a059981a1ac86823db15d/element - {"using":"xpath","value":"//*[@id=\"__item377\"]"}
RESULT: {"using":"xpath","value":"//*[@id=\"__item377\"]"}
COMMAND: POST /session/0bdb3503147a059981a1ac86823db15d/element/f.4BE6FF561D5B3686539153AD049B7B13.d.FECF158D29D286A3982C4E5A36049C42.e.1413/click - {}
RESULT: {}
COMMAND: POST /session/0bdb3503147a059981a1ac86823db15d/execute/async - {"script":"<script> [1562 bytes]","args":[{"selector":{"id":"application-manageresources-display-component---newResourceUnit--newRRUPage-anchBar-application-manageresources-display-component---newResourceUnit--reference-anchor","interaction":{"idSuffix":"BDI-content"}},"wdio_ui5_key":"applicationmanageresources-display-component---newResourceUnit--newRRUPage-anchBar-application-manageresources-display-component---newResourceUnit--reference-anchor"}]}
COMMAND: GET /session/0bdb3503147a059981a1ac86823db15d/screenshot - {}
RESULT: {"script":"<script> [1562 bytes]","args":[{"selector":{"id":"application-manageresources-display-component---newResourceUnit--newRRUPage-anchBar-application-manageresources-display-component---newResourceUnit--reference-anchor","interaction":{"idSuffix":"BDI-content"}},"wdio_ui5_key":"applicationmanageresources-display-component---newResourceUnit--newRRUPage-anchBar-application-manageresources-display-component---newResourceUnit--reference-anchor"}]}
RESULT: undefined
COMMAND: POST /session/0bdb3503147a059981a1ac86823db15d/element - {"using":"xpath","value":"//*[@id=\"application-manageresources-display-component---newResourceUnit--newRRUPage-anchBar-application-manageresources-display-component---newResourceUnit--reference-anchor\"]"}
RESULT: {}
RESULT: {"using":"xpath","value":"//*[@id=\"application-manageresources-display-component---newResourceUnit--newRRUPage-anchBar-application-manageresources-display-component---newResourceUnit--reference-anchor\"]"}
COMMAND: POST /session/0bdb3503147a059981a1ac86823db15d/element/f.4BE6FF561D5B3686539153AD049B7B13.d.FECF158D29D286A3982C4E5A36049C42.e.1415/click - {}
RESULT: {}
COMMAND: POST /session/0bdb3503147a059981a1ac86823db15d/execute/async - {"script":"<script> [1562 bytes]","args":[{"selector":{"id":"application-manageresources-display-component---newResourceUnit--PLANNING_GROUP-arrow"},"wdio_ui5_key":"applicationmanageresources-display-component---newResourceUnit--PLANNING_GROUP-arrow"}]}
COMMAND: GET /session/0bdb3503147a059981a1ac86823db15d/screenshot - {}
RESULT: {"script":"<script> [1562 bytes]","args":[{"selector":{"id":"application-manageresources-display-component---newResourceUnit--PLANNING_GROUP-arrow"},"wdio_ui5_key":"applicationmanageresources-display-component---newResourceUnit--PLANNING_GROUP-arrow"}]}
RESULT: undefined
COMMAND: POST /session/0bdb3503147a059981a1ac86823db15d/element - {"using":"xpath","value":"//*[@id=\"application-manageresources-display-component---newResourceUnit--PLANNING_GROUP-arrow\"]"}
RESULT: {}
RESULT: {"using":"xpath","value":"//*[@id=\"application-manageresources-display-component---newResourceUnit--PLANNING_GROUP-arrow\"]"}
COMMAND: POST /session/0bdb3503147a059981a1ac86823db15d/element/f.4BE6FF561D5B3686539153AD049B7B13.d.FECF158D29D286A3982C4E5A36049C42.e.1419/click - {}
RESULT: {}
COMMAND: POST /session/0bdb3503147a059981a1ac86823db15d/execute/async - {"script":"<script> [1562 bytes]","args":[{"selector":{"controlType":"sap.m.StandardListItem","viewName":"reusables.view.manageresources.NewResourceUnit","viewId":"application-manageresources-display-component---newResourceUnit","properties":{"title":"Heavy Equi"},"searchOpenDialogs":true,"interaction":{"idSuffix":"content"}},"wdio_ui5_key":"reusablesview.manageresources.NewResourceUnitsap.m.StandardListItem{\"title\":\"Heavy Equi\"}"}]}
COMMAND: GET /session/0bdb3503147a059981a1ac86823db15d/screenshot - {}
RESULT: {"script":"<script> [1562 bytes]","args":[{"selector":{"controlType":"sap.m.StandardListItem","viewName":"reusables.view.manageresources.NewResourceUnit","viewId":"application-manageresources-display-component---newResourceUnit","properties":{"title":"Heavy Equi"},"searchOpenDialogs":true,"interaction":{"idSuffix":"content"}},"wdio_ui5_key":"reusablesview.manageresources.NewResourceUnitsap.m.StandardListItem{\"title\":\"Heavy Equi\"}"}]}
RESULT: undefined
COMMAND: POST /session/0bdb3503147a059981a1ac86823db15d/element - {"using":"xpath","value":"//*[@id=\"__item385\"]"}
RESULT: {}
RESULT: {"using":"xpath","value":"//*[@id=\"__item385\"]"}
COMMAND: POST /session/0bdb3503147a059981a1ac86823db15d/element/f.4BE6FF561D5B3686539153AD049B7B13.d.FECF158D29D286A3982C4E5A36049C42.e.1421/click - {}
RESULT: {}
COMMAND: GET /session/0bdb3503147a059981a1ac86823db15d/screenshot - {}
RESULT: {}
COMMAND: POST /session/0bdb3503147a059981a1ac86823db15d/execute/async - {"script":"<script> [1562 bytes]","args":[{"selector":{"id":"application-manageresources-display-component---newResourceUnit--PLANNING_INDICATOR-arrow"},"wdio_ui5_key":"applicationmanageresources-display-component---newResourceUnit--PLANNING_INDICATOR-arrow"}]}
RESULT: {"script":"<script> [1562 bytes]","args":[{"selector":{"id":"application-manageresources-display-component---newResourceUnit--PLANNING_INDICATOR-arrow"},"wdio_ui5_key":"applicationmanageresources-display-component---newResourceUnit--PLANNING_INDICATOR-arrow"}]}
RESULT: undefined
COMMAND: POST /session/0bdb3503147a059981a1ac86823db15d/element - {"using":"xpath","value":"//*[@id=\"application-manageresources-display-component---newResourceUnit--PLANNING_INDICATOR-arrow\"]"}
RESULT: {"using":"xpath","value":"//*[@id=\"application-manageresources-display-component---newResourceUnit--PLANNING_INDICATOR-arrow\"]"}
COMMAND: POST /session/0bdb3503147a059981a1ac86823db15d/element/f.4BE6FF561D5B3686539153AD049B7B13.d.FECF158D29D286A3982C4E5A36049C42.e.1422/click - {}
RESULT: {}
COMMAND: POST /session/0bdb3503147a059981a1ac86823db15d/execute/async - {"script":"<script> [1562 bytes]","args":[{"selector":{"controlType":"sap.m.StandardListItem","viewName":"reusables.view.manageresources.NewResourceUnit","viewId":"application-manageresources-display-component---newResourceUnit","properties":{"title":"10 - infinite"},"searchOpenDialogs":true,"interaction":{"idSuffix":"content"}},"wdio_ui5_key":"reusablesview.manageresources.NewResourceUnitsap.m.StandardListItem{\"title\":\"10 - infinite\"}"}]}
COMMAND: GET /session/0bdb3503147a059981a1ac86823db15d/screenshot - {}
RESULT: {"script":"<script> [1562 bytes]","args":[{"selector":{"controlType":"sap.m.StandardListItem","viewName":"reusables.view.manageresources.NewResourceUnit","viewId":"application-manageresources-display-component---newResourceUnit","properties":{"title":"10 - infinite"},"searchOpenDialogs":true,"interaction":{"idSuffix":"content"}},"wdio_ui5_key":"reusablesview.manageresources.NewResourceUnitsap.m.StandardListItem{\"title\":\"10 - infinite\"}"}]}
RESULT: undefined
COMMAND: POST /session/0bdb3503147a059981a1ac86823db15d/element - {"using":"xpath","value":"//*[@id=\"__item395\"]"}
RESULT: {}
RESULT: {"using":"xpath","value":"//*[@id=\"__item395\"]"}
COMMAND: POST /session/0bdb3503147a059981a1ac86823db15d/element/f.4BE6FF561D5B3686539153AD049B7B13.d.FECF158D29D286A3982C4E5A36049C42.e.1424/click - {}
RESULT: {}
COMMAND: GET /session/0bdb3503147a059981a1ac86823db15d/screenshot - {}
RESULT: {}
COMMAND: POST /session/0bdb3503147a059981a1ac86823db15d/element - {"using":"xpath","value":"//bdi[contains(text(), \"Time Segment\")]"}
RESULT: {"using":"xpath","value":"//bdi[contains(text(), \"Time Segment\")]"}
COMMAND: GET /session/0bdb3503147a059981a1ac86823db15d/element/f.4BE6FF561D5B3686539153AD049B7B13.d.FECF158D29D286A3982C4E5A36049C42.e.1425/rect - {}
RESULT: {}
COMMAND: GET /session/0bdb3503147a059981a1ac86823db15d/window/rect - {}
RESULT: {}
COMMAND: POST /session/0bdb3503147a059981a1ac86823db15d/execute/sync - {"script":"<script> [92 bytes]","args":[]}
RESULT: {"script":"<script> [92 bytes]","args":[]}
COMMAND: POST /session/0bdb3503147a059981a1ac86823db15d/actions - {"actions":[{"id":"action5","type":"wheel","parameters":{},"actions":[{"type":"scroll","x":-1820,"y":-21,"deltaX":0,"deltaY":0,"duration":0,"origin":{"element-6066-11e4-a52e-4f735466cecf":"f.4BE6FF561D5B3686539153AD049B7B13.d.FECF158D29D286A3982C4E5A36049C42.e.1425"}}]}]}
COMMAND: GET /session/0bdb3503147a059981a1ac86823db15d/screenshot - {}
RESULT: {}
COMMAND: POST /session/0bdb3503147a059981a1ac86823db15d/execute/sync - {"script":"<script> [79 bytes]","args":[{"element-6066-11e4-a52e-4f735466cecf":"f.4BE6FF561D5B3686539153AD049B7B13.d.FECF158D29D286A3982C4E5A36049C42.e.1425","ELEMENT":"f.4BE6FF561D5B3686539153AD049B7B13.d.FECF158D29D286A3982C4E5A36049C42.e.1425"},{"block":"start","inline":"nearest"}]}
RESULT: {"script":"<script> [79 bytes]","args":[{"element-6066-11e4-a52e-4f735466cecf":"f.4BE6FF561D5B3686539153AD049B7B13.d.FECF158D29D286A3982C4E5A36049C42.e.1425","ELEMENT":"f.4BE6FF561D5B3686539153AD049B7B13.d.FECF158D29D286A3982C4E5A36049C42.e.1425"},{"block":"start","inline":"nearest"}]}
COMMAND: GET /session/0bdb3503147a059981a1ac86823db15d/screenshot - {}
RESULT: {}
COMMAND: POST /session/0bdb3503147a059981a1ac86823db15d/element - {"using":"xpath","value":"//span[@id=\"application-manageresources-display-component---newResourceUnit--btnAddTimeSegment-img\"]"}
RESULT: {"using":"xpath","value":"//span[@id=\"application-manageresources-display-component---newResourceUnit--btnAddTimeSegment-img\"]"}
COMMAND: POST /session/0bdb3503147a059981a1ac86823db15d/execute/sync - {"script":"<script> [8489 bytes]","args":[{"element-6066-11e4-a52e-4f735466cecf":"f.4BE6FF561D5B3686539153AD049B7B13.d.FECF158D29D286A3982C4E5A36049C42.e.1428","ELEMENT":"f.4BE6FF561D5B3686539153AD049B7B13.d.FECF158D29D286A3982C4E5A36049C42.e.1428"}]}
RESULT: {"script":"<script> [8489 bytes]","args":[{"element-6066-11e4-a52e-4f735466cecf":"f.4BE6FF561D5B3686539153AD049B7B13.d.FECF158D29D286A3982C4E5A36049C42.e.1428","ELEMENT":"f.4BE6FF561D5B3686539153AD049B7B13.d.FECF158D29D286A3982C4E5A36049C42.e.1428"}]}
COMMAND: POST /session/0bdb3503147a059981a1ac86823db15d/element/f.4BE6FF561D5B3686539153AD049B7B13.d.FECF158D29D286A3982C4E5A36049C42.e.1428/click - {}
COMMAND: GET /session/0bdb3503147a059981a1ac86823db15d/screenshot - {}
RESULT: {}
COMMAND: GET /session/0bdb3503147a059981a1ac86823db15d/screenshot - {}
COMMAND: POST /session/0bdb3503147a059981a1ac86823db15d/element - {"using":"xpath","value":"//input[@id=\"application-manageresources-display-component---newResourceUnit--idRuTSAdmin-application-manageresources-display-component---newResourceUnit--RUTimeSegment-0-inner\"]"}
RESULT: {}
RESULT: {}
RESULT: {"using":"xpath","value":"//input[@id=\"application-manageresources-display-component---newResourceUnit--idRuTSAdmin-application-manageresources-display-component---newResourceUnit--RUTimeSegment-0-inner\"]"}
COMMAND: POST /session/0bdb3503147a059981a1ac86823db15d/element/f.4BE6FF561D5B3686539153AD049B7B13.d.FECF158D29D286A3982C4E5A36049C42.e.1431/clear - {}
RESULT: {}
COMMAND: POST /session/0bdb3503147a059981a1ac86823db15d/element/f.4BE6FF561D5B3686539153AD049B7B13.d.FECF158D29D286A3982C4E5A36049C42.e.1431/value - {"text":"WebdriverWHMYard1ncq"}
COMMAND: GET /session/0bdb3503147a059981a1ac86823db15d/screenshot - {}
RESULT: {"text":"WebdriverWHMYard1ncq"}
COMMAND: GET /session/0bdb3503147a059981a1ac86823db15d/screenshot - {}
RESULT: {}
RESULT: {}
COMMAND: POST /session/0bdb3503147a059981a1ac86823db15d/actions - {"actions":[{"id":"action6","type":"key","parameters":{},"actions":[{"type":"keyDown","value":"î€‡"},{"type":"pause","duration":10},{"type":"keyUp","value":"î€‡"}]}]}
RESULT: {"actions":[{"id":"action6","type":"key","parameters":{},"actions":[{"type":"keyDown","value":"î€‡"},{"type":"pause","duration":10},{"type":"keyUp","value":"î€‡"}]}]}
COMMAND: GET /session/0bdb3503147a059981a1ac86823db15d/screenshot - {}
RESULT: {}
COMMAND: POST /session/0bdb3503147a059981a1ac86823db15d/execute/async - {"script":"<script> [1562 bytes]","args":[{"selector":{"controlType":"sap.m.Button","viewName":"reusables.view.manageresources.NewResourceUnit","viewId":"application-manageresources-display-component---newResourceUnit","i18NText":{"propertyName":"tooltip","key":"save"},"interaction":{"idSuffix":"BDI-content"}},"wdio_ui5_key":"reusablesview.manageresources.NewResourceUnitsap.m.Button{\"propertyName\":\"tooltip\",\"key\":\"save\"}"}]}
RESULT: {"script":"<script> [1562 bytes]","args":[{"selector":{"controlType":"sap.m.Button","viewName":"reusables.view.manageresources.NewResourceUnit","viewId":"application-manageresources-display-component---newResourceUnit","i18NText":{"propertyName":"tooltip","key":"save"},"interaction":{"idSuffix":"BDI-content"}},"wdio_ui5_key":"reusablesview.manageresources.NewResourceUnitsap.m.Button{\"propertyName\":\"tooltip\",\"key\":\"save\"}"}]}
RESULT: undefined
COMMAND: POST /session/0bdb3503147a059981a1ac86823db15d/element - {"using":"xpath","value":"//*[@id=\"application-manageresources-display-component---newResourceUnit--createRuButton\"]"}
RESULT: {"using":"xpath","value":"//*[@id=\"application-manageresources-display-component---newResourceUnit--createRuButton\"]"}
COMMAND: POST /session/0bdb3503147a059981a1ac86823db15d/element/f.4BE6FF561D5B3686539153AD049B7B13.d.FECF158D29D286A3982C4E5A36049C42.e.1359/click - {}
RESULT: {}
COMMAND: GET /session/0bdb3503147a059981a1ac86823db15d/screenshot - {}
RESULT: {}
COMMAND: POST /session/0bdb3503147a059981a1ac86823db15d/execute/async - {"script":"<script> [1562 bytes]","args":[{"selector":{"controlType":"sap.m.Title","properties":{"text":"Success"},"searchOpenDialogs":true},"wdio_ui5_key":"sapm.Title{\"text\":\"Success\"}"}]}
RESULT: {"script":"<script> [1562 bytes]","args":[{"selector":{"controlType":"sap.m.Title","properties":{"text":"Success"},"searchOpenDialogs":true},"wdio_ui5_key":"sapm.Title{\"text\":\"Success\"}"}]}
RESULT: undefined
COMMAND: POST /session/0bdb3503147a059981a1ac86823db15d/execute/async - {"script":"<script> [6424 bytes]","args":[{"element-6066-11e4-a52e-4f735466cecf":"f.4BE6FF561D5B3686539153AD049B7B13.d.FECF158D29D286A3982C4E5A36049C42.e.1445"},"getText",[]]}
RESULT: {"script":"<script> [6424 bytes]","args":[{"element-6066-11e4-a52e-4f735466cecf":"f.4BE6FF561D5B3686539153AD049B7B13.d.FECF158D29D286A3982C4E5A36049C42.e.1445"},"getText",[]]}
COMMAND: POST /session/0bdb3503147a059981a1ac86823db15d/element - {"using":"xpath","value":"//*[contains(@id, '__text') and (contains(text(), 'successfully created') or contains(., 'successfully created'))]"}
RESULT: {"using":"xpath","value":"//*[contains(@id, '__text') and (contains(text(), 'successfully created') or contains(., 'successfully created'))]"}
COMMAND: GET /session/0bdb3503147a059981a1ac86823db15d/element/f.4BE6FF561D5B3686539153AD049B7B13.d.FECF158D29D286A3982C4E5A36049C42.e.1443/text - {}
RESULT: {}
COMMAND: POST /session/0bdb3503147a059981a1ac86823db15d/execute/async - {"script":"<script> [1562 bytes]","args":[{"selector":{"controlType":"sap.m.Button","properties":{"text":"Close"},"searchOpenDialogs":true,"interaction":{"idSuffix":"BDI-content"}},"wdio_ui5_key":"sapm.Button{\"text\":\"Close\"}"}]}
RESULT: {"script":"<script> [1562 bytes]","args":[{"selector":{"controlType":"sap.m.Button","properties":{"text":"Close"},"searchOpenDialogs":true,"interaction":{"idSuffix":"BDI-content"}},"wdio_ui5_key":"sapm.Button{\"text\":\"Close\"}"}]}
RESULT: undefined
COMMAND: POST /session/0bdb3503147a059981a1ac86823db15d/element - {"using":"xpath","value":"//*[@id=\"__mbox-btn-0\"]"}
RESULT: {"using":"xpath","value":"//*[@id=\"__mbox-btn-0\"]"}
COMMAND: POST /session/0bdb3503147a059981a1ac86823db15d/element/f.4BE6FF561D5B3686539153AD049B7B13.d.FECF158D29D286A3982C4E5A36049C42.e.1441/click - {}
RESULT: {}
COMMAND: GET /session/0bdb3503147a059981a1ac86823db15d/screenshot - {}
RESULT: {}
COMMAND: POST /session/0bdb3503147a059981a1ac86823db15d/execute/async - {"script":"<script> [1562 bytes]","args":[{"selector":{"controlType":"sap.ui.core.Icon","viewName":"etm.portal.ui.manageresources.view.Detail","viewId":"application-manageresources-display-component---detailRU","properties":{"src":{"regex":{"source":"overflow"}}}},"wdio_ui5_key":"etmportal.ui.manageresources.view.Detailsap.ui.core.Icon{\"src\":{\"regex\":{\"source\":\"overflow\"}}}"}]}
RESULT: {"script":"<script> [1562 bytes]","args":[{"selector":{"controlType":"sap.ui.core.Icon","viewName":"etm.portal.ui.manageresources.view.Detail","viewId":"application-manageresources-display-component---detailRU","properties":{"src":{"regex":{"source":"overflow"}}}},"wdio_ui5_key":"etmportal.ui.manageresources.view.Detailsap.ui.core.Icon{\"src\":{\"regex\":{\"source\":\"overflow\"}}}"}]}
RESULT: undefined
COMMAND: POST /session/0bdb3503147a059981a1ac86823db15d/element - {"using":"xpath","value":"//*[@id=\"__title17-_actionsToolbar-overflowButton-img\"]"}
RESULT: {"using":"xpath","value":"//*[@id=\"__title17-_actionsToolbar-overflowButton-img\"]"}
COMMAND: POST /session/0bdb3503147a059981a1ac86823db15d/element/f.4BE6FF561D5B3686539153AD049B7B13.d.FECF158D29D286A3982C4E5A36049C42.e.1471/click - {}
RESULT: {}
COMMAND: POST /session/0bdb3503147a059981a1ac86823db15d/execute/async - {"script":"<script> [1562 bytes]","args":[{"selector":{"controlType":"sap.m.Button","viewName":"etm.portal.ui.manageresources.view.Detail","viewId":"application-manageresources-display-component---detailRU","i18NText":{"propertyName":"tooltip","key":"closeColumn"},"searchOpenDialogs":true,"interaction":{"idSuffix":"inner"}},"wdio_ui5_key":"etmportal.ui.manageresources.view.Detailsap.m.Button{\"propertyName\":\"tooltip\",\"key\":\"closeColumn\"}"}]}
COMMAND: GET /session/0bdb3503147a059981a1ac86823db15d/screenshot - {}
RESULT: {"script":"<script> [1562 bytes]","args":[{"selector":{"controlType":"sap.m.Button","viewName":"etm.portal.ui.manageresources.view.Detail","viewId":"application-manageresources-display-component---detailRU","i18NText":{"propertyName":"tooltip","key":"closeColumn"},"searchOpenDialogs":true,"interaction":{"idSuffix":"inner"}},"wdio_ui5_key":"etmportal.ui.manageresources.view.Detailsap.m.Button{\"propertyName\":\"tooltip\",\"key\":\"closeColumn\"}"}]}
RESULT: undefined
COMMAND: POST /session/0bdb3503147a059981a1ac86823db15d/element - {"using":"xpath","value":"//*[@id=\"__button45\"]"}
RESULT: {}
RESULT: {"using":"xpath","value":"//*[@id=\"__button45\"]"}
COMMAND: POST /session/0bdb3503147a059981a1ac86823db15d/element/f.4BE6FF561D5B3686539153AD049B7B13.d.FECF158D29D286A3982C4E5A36049C42.e.1475/click - {}
RESULT: {}
COMMAND: GET /session/0bdb3503147a059981a1ac86823db15d/screenshot - {}
RESULT: {}
COMMAND: POST /session/0bdb3503147a059981a1ac86823db15d/refresh - {}
RESULT: {}
COMMAND: GET /session/0bdb3503147a059981a1ac86823db15d/screenshot - {}
RESULT: {}
COMMAND: POST /session/0bdb3503147a059981a1ac86823db15d/execute/async - {"script":"<script> [189 bytes]","args":[]}
RESULT: {"script":"<script> [189 bytes]","args":[]}
COMMAND: POST /session/0bdb3503147a059981a1ac86823db15d/execute/async - {"script":"<script> [123 bytes]","args":[]}
RESULT: {"script":"<script> [123 bytes]","args":[]}
COMMAND: POST /session/0bdb3503147a059981a1ac86823db15d/timeouts - {"script":"<number>"}
RESULT: {"script":"<number>"}
COMMAND: GET /session/0bdb3503147a059981a1ac86823db15d/timeouts - {}
RESULT: {}
RESULT: undefined
COMMAND: POST /session/0bdb3503147a059981a1ac86823db15d/execute/async - {"script":"<script> [2676 bytes]","args":[]}
RESULT: {"script":"<script> [2676 bytes]","args":[]}
COMMAND: POST /session/0bdb3503147a059981a1ac86823db15d/execute/async - {"script":"<script> [2342 bytes]","args":[{"protocol":"http","hostname":"0.0.0.0","path":"/","capabilities":{"browserName":"chrome","goog:chromeOptions":{"binary":"C:\\Program Files\\Google\\Chrome\\Application\\chrome.exe","args":["--start-maximized"]}},"logLevel":"warn","connectionRetryTimeout":120000,"connectionRetryCount":3,"logLevels":{},"enableDirectConnect":true,"strictSSL":true,"_":"65 more keys: [\"cacheDir\",\"port\",\"requestedCapabilities\",\"automationProtocol\",\"baseUrl\",\"waitforInterval\",\"waitforTimeout\",\"onReload\",\"beforeCommand\",\"afterCommand\",\"rootDir\",\"specs\",\"suites\",\"exclude\",\"groupLogsByTestSpec\",\"excludeDriverLogs\",\"bail\",\"framework\",\"reporters\",\"services\",\"maxInstances\",\"maxInstancesPerCapability\",\"injectGlobals\",\"filesToWatch\",\"execArgv\",\"runnerEnv\",\"runner\",\"shard\",\"specFileRetries\",\"specFileRetriesDelay\",\"specFileRetriesDeferred\",\"reporterSyncInterval\",\"reporterSyncTimeout\",\"cucumberFeaturesWithLineNumbers\",\"autoCompileOpts\",\"mochaOpts\",\"jasmineOpts\",\"cucumberOpts\",\"onPrepare\",\"onWorkerStart\",\"onWorkerEnd\",\"before\",\"beforeSession\",\"beforeSuite\",\"beforeHook\",\"beforeTest\",\"afterTest\",\"afterHook\",\"afterSuite\",\"afterSession\",\"after\",\"onComplete\",\"beforeAssertion\",\"afterAssertion\",\"beforeFeature\",\"beforeScenario\",\"beforeStep\",\"afterStep\",\"afterScenario\",\"afterFeature\",\"_\",\"suite\",\"$0\",\"ignoredWorkerServices\",\"wdi5\"]"}]}
RESULT: {"script":"<script> [2342 bytes]","args":[{"protocol":"http","hostname":"0.0.0.0","path":"/","capabilities":{"browserName":"chrome","goog:chromeOptions":{"binary":"C:\\Program Files\\Google\\Chrome\\Application\\chrome.exe","args":["--start-maximized"]}},"logLevel":"warn","connectionRetryTimeout":120000,"connectionRetryCount":3,"logLevels":{},"enableDirectConnect":true,"strictSSL":true,"_":"65 more keys: [\"cacheDir\",\"port\",\"requestedCapabilities\",\"automationProtocol\",\"baseUrl\",\"waitforInterval\",\"waitforTimeout\",\"onReload\",\"beforeCommand\",\"afterCommand\",\"rootDir\",\"specs\",\"suites\",\"exclude\",\"groupLogsByTestSpec\",\"excludeDriverLogs\",\"bail\",\"framework\",\"reporters\",\"services\",\"maxInstances\",\"maxInstancesPerCapability\",\"injectGlobals\",\"filesToWatch\",\"execArgv\",\"runnerEnv\",\"runner\",\"shard\",\"specFileRetries\",\"specFileRetriesDelay\",\"specFileRetriesDeferred\",\"reporterSyncInterval\",\"reporterSyncTimeout\",\"cucumberFeaturesWithLineNumbers\",\"autoCompileOpts\",\"mochaOpts\",\"jasmineOpts\",\"cucumberOpts\",\"onPrepare\",\"onWorkerStart\",\"onWorkerEnd\",\"before\",\"beforeSession\",\"beforeSuite\",\"beforeHook\",\"beforeTest\",\"afterTest\",\"afterHook\",\"afterSuite\",\"afterSession\",\"after\",\"onComplete\",\"beforeAssertion\",\"afterAssertion\",\"beforeFeature\",\"beforeScenario\",\"beforeStep\",\"afterStep\",\"afterScenario\",\"afterFeature\",\"_\",\"suite\",\"$0\",\"ignoredWorkerServices\",\"wdi5\"]"}]}
COMMAND: POST /session/0bdb3503147a059981a1ac86823db15d/execute/async - {"script":"<script> [21126 bytes]","args":[35000]}
RESULT: {"script":"<script> [21126 bytes]","args":[35000]}
COMMAND: POST /session/0bdb3503147a059981a1ac86823db15d/element - {"using":"css selector","value":"#shell-header-logo"}
RESULT: {"using":"css selector","value":"#shell-header-logo"}
COMMAND: POST /session/0bdb3503147a059981a1ac86823db15d/element/f.4BE6FF561D5B3686539153AD049B7B13.d.9617F6381C83780E280811411957485E.e.1626/click - {}
RESULT: {}
COMMAND: GET /session/0bdb3503147a059981a1ac86823db15d/screenshot - {}
RESULT: {}
COMMAND: POST /session/0bdb3503147a059981a1ac86823db15d/element - {"using":"css selector","value":"#shell-header-logo"}
RESULT: {"using":"css selector","value":"#shell-header-logo"}
COMMAND: POST /session/0bdb3503147a059981a1ac86823db15d/element/f.4BE6FF561D5B3686539153AD049B7B13.d.9617F6381C83780E280811411957485E.e.1804/click - {}
RESULT: {}
COMMAND: GET /session/0bdb3503147a059981a1ac86823db15d/screenshot - {}
RESULT: {}
]]></system-out>
    </testcase>
    <testcase classname="chrome.136_0_7103_93.windows.Warehouse_movements_inventory_test" name="Should do a stock increase handover" time="82.268">
      <system-out><![CDATA[
COMMAND: POST /session/0bdb3503147a059981a1ac86823db15d/execute/async - {"script":"<script> [1562 bytes]","args":[{"selector":{"controlType":"sap.m.GenericTile","properties":{"header":"Manage Handovers"}},"wdio_ui5_key":"sapm.GenericTile{\"header\":\"Manage Handovers\"}"}]}
RESULT: {"script":"<script> [1562 bytes]","args":[{"selector":{"controlType":"sap.m.GenericTile","properties":{"header":"Manage Handovers"}},"wdio_ui5_key":"sapm.GenericTile{\"header\":\"Manage Handovers\"}"}]}
RESULT: undefined
COMMAND: POST /session/0bdb3503147a059981a1ac86823db15d/element - {"using":"xpath","value":"//*[@id=\"__tile132\"]"}
RESULT: {"using":"xpath","value":"//*[@id=\"__tile132\"]"}
COMMAND: POST /session/0bdb3503147a059981a1ac86823db15d/element/f.4BE6FF561D5B3686539153AD049B7B13.d.9617F6381C83780E280811411957485E.e.1811/click - {}
RESULT: {}
COMMAND: GET /session/0bdb3503147a059981a1ac86823db15d/screenshot - {}
RESULT: {}
COMMAND: POST /session/0bdb3503147a059981a1ac86823db15d/elements - {"using":"xpath","value":"//span[text()='Error']"}
RESULT: {"using":"xpath","value":"//span[text()='Error']"}
COMMAND: POST /session/0bdb3503147a059981a1ac86823db15d/element - {"using":"xpath","value":"//button[(@data-kt = 'masterHOAddButton')]"}
RESULT: {"using":"xpath","value":"//button[(@data-kt = 'masterHOAddButton')]"}
COMMAND: POST /session/0bdb3503147a059981a1ac86823db15d/element/f.4BE6FF561D5B3686539153AD049B7B13.d.9617F6381C83780E280811411957485E.e.1853/click - {}
RESULT: {}
COMMAND: GET /session/0bdb3503147a059981a1ac86823db15d/screenshot - {}
RESULT: {}
COMMAND: POST /session/0bdb3503147a059981a1ac86823db15d/element - {"using":"xpath","value":"//span[contains(@id ,\"AddNewHO--typeSelect-arrow\")]"}
RESULT: {"using":"xpath","value":"//span[contains(@id ,\"AddNewHO--typeSelect-arrow\")]"}
COMMAND: POST /session/0bdb3503147a059981a1ac86823db15d/element/f.4BE6FF561D5B3686539153AD049B7B13.d.9617F6381C83780E280811411957485E.e.2152/click - {}
RESULT: {}
COMMAND: POST /session/0bdb3503147a059981a1ac86823db15d/element - {"using":"xpath","value":"(//li[contains(text(), \"stock increase yard\")])[1]"}
COMMAND: GET /session/0bdb3503147a059981a1ac86823db15d/screenshot - {}
RESULT: {"using":"xpath","value":"(//li[contains(text(), \"stock increase yard\")])[1]"}
COMMAND: POST /session/0bdb3503147a059981a1ac86823db15d/element/f.4BE6FF561D5B3686539153AD049B7B13.d.9617F6381C83780E280811411957485E.e.2153/click - {}
RESULT: {}
RESULT: {}
COMMAND: GET /session/0bdb3503147a059981a1ac86823db15d/screenshot - {}
RESULT: {}
COMMAND: POST /session/0bdb3503147a059981a1ac86823db15d/execute/async - {"script":"<script> [1562 bytes]","args":[{"selector":{"id":"application-managehandovers-display-component---AddNewHO--dueDate","interaction":{"idSuffix":"inner"}},"wdio_ui5_key":"applicationmanagehandovers-display-component---AddNewHO--dueDate"}]}
RESULT: {"script":"<script> [1562 bytes]","args":[{"selector":{"id":"application-managehandovers-display-component---AddNewHO--dueDate","interaction":{"idSuffix":"inner"}},"wdio_ui5_key":"applicationmanagehandovers-display-component---AddNewHO--dueDate"}]}
RESULT: undefined
COMMAND: POST /session/0bdb3503147a059981a1ac86823db15d/execute/async - {"script":"<script> [6424 bytes]","args":[{"element-6066-11e4-a52e-4f735466cecf":"f.4BE6FF561D5B3686539153AD049B7B13.d.9617F6381C83780E280811411957485E.e.2155"},"setValue",["5/17/25"]]}
RESULT: {"script":"<script> [6424 bytes]","args":[{"element-6066-11e4-a52e-4f735466cecf":"f.4BE6FF561D5B3686539153AD049B7B13.d.9617F6381C83780E280811411957485E.e.2155"},"setValue",["5/17/25"]]}
COMMAND: POST /session/0bdb3503147a059981a1ac86823db15d/element - {"using":"xpath","value":"//input[@id=\"generalSectionFrg--receiveYard-inner\"]"}
RESULT: {"using":"xpath","value":"//input[@id=\"generalSectionFrg--receiveYard-inner\"]"}
COMMAND: POST /session/0bdb3503147a059981a1ac86823db15d/element/f.4BE6FF561D5B3686539153AD049B7B13.d.9617F6381C83780E280811411957485E.e.2159/clear - {}
RESULT: {}
COMMAND: POST /session/0bdb3503147a059981a1ac86823db15d/element/f.4BE6FF561D5B3686539153AD049B7B13.d.9617F6381C83780E280811411957485E.e.2159/value - {"text":"WebdriverWHMYard1ncq"}
COMMAND: GET /session/0bdb3503147a059981a1ac86823db15d/screenshot - {}
RESULT: {"text":"WebdriverWHMYard1ncq"}
COMMAND: GET /session/0bdb3503147a059981a1ac86823db15d/screenshot - {}
RESULT: {}
RESULT: {}
COMMAND: POST /session/0bdb3503147a059981a1ac86823db15d/execute/async - {"script":"<script> [1562 bytes]","args":[{"selector":{"id":"application-managehandovers-display-component---AddNewHO--ObjectPageLayout-anchBar-application-managehandovers-display-component---AddNewHO--section4-anchor","interaction":{"idSuffix":"BDI-content"}},"wdio_ui5_key":"applicationmanagehandovers-display-component---AddNewHO--ObjectPageLayout-anchBar-application-managehandovers-display-component---AddNewHO--section4-anchor"}]}
RESULT: {"script":"<script> [1562 bytes]","args":[{"selector":{"id":"application-managehandovers-display-component---AddNewHO--ObjectPageLayout-anchBar-application-managehandovers-display-component---AddNewHO--section4-anchor","interaction":{"idSuffix":"BDI-content"}},"wdio_ui5_key":"applicationmanagehandovers-display-component---AddNewHO--ObjectPageLayout-anchBar-application-managehandovers-display-component---AddNewHO--section4-anchor"}]}
RESULT: undefined
COMMAND: POST /session/0bdb3503147a059981a1ac86823db15d/element - {"using":"xpath","value":"//*[@id=\"application-managehandovers-display-component---AddNewHO--ObjectPageLayout-anchBar-application-managehandovers-display-component---AddNewHO--section4-anchor\"]"}
RESULT: {"using":"xpath","value":"//*[@id=\"application-managehandovers-display-component---AddNewHO--ObjectPageLayout-anchBar-application-managehandovers-display-component---AddNewHO--section4-anchor\"]"}
COMMAND: POST /session/0bdb3503147a059981a1ac86823db15d/element/f.4BE6FF561D5B3686539153AD049B7B13.d.9617F6381C83780E280811411957485E.e.2179/click - {}
RESULT: {}
COMMAND: GET /session/0bdb3503147a059981a1ac86823db15d/screenshot - {}
RESULT: {}
COMMAND: POST /session/0bdb3503147a059981a1ac86823db15d/element - {"using":"xpath","value":"//button[@aria-label=\"Add\"]"}
RESULT: {"using":"xpath","value":"//button[@aria-label=\"Add\"]"}
COMMAND: POST /session/0bdb3503147a059981a1ac86823db15d/element/f.4BE6FF561D5B3686539153AD049B7B13.d.9617F6381C83780E280811411957485E.e.2183/click - {}
RESULT: {}
COMMAND: GET /session/0bdb3503147a059981a1ac86823db15d/screenshot - {}
COMMAND: POST /session/0bdb3503147a059981a1ac86823db15d/execute/async - {"script":"<script> [1562 bytes]","args":[{"selector":{"id":"application-managehandovers-display-component---AddNewHO--smartFilterBar-btnBasicSearch","searchOpenDialogs":true,"interaction":{"idSuffix":"I"}},"wdio_ui5_key":"applicationmanagehandovers-display-component---AddNewHO--smartFilterBar-btnBasicSearch"}]}
RESULT: {}
RESULT: {"script":"<script> [1562 bytes]","args":[{"selector":{"id":"application-managehandovers-display-component---AddNewHO--smartFilterBar-btnBasicSearch","searchOpenDialogs":true,"interaction":{"idSuffix":"I"}},"wdio_ui5_key":"applicationmanagehandovers-display-component---AddNewHO--smartFilterBar-btnBasicSearch"}]}
RESULT: undefined
COMMAND: POST /session/0bdb3503147a059981a1ac86823db15d/execute/async - {"script":"<script> [776 bytes]","args":[{"enterText":"WebdriverRUR2Cjjcas","selector":{"id":"application-managehandovers-display-component---AddNewHO--smartFilterBar-btnBasicSearch","searchOpenDialogs":true,"interaction":{"idSuffix":"I"}},"clearTextFirst":true,"interactionType":"ENTER_TEXT"}]}
RESULT: {"script":"<script> [776 bytes]","args":[{"enterText":"WebdriverRUR2Cjjcas","selector":{"id":"application-managehandovers-display-component---AddNewHO--smartFilterBar-btnBasicSearch","searchOpenDialogs":true,"interaction":{"idSuffix":"I"}},"clearTextFirst":true,"interactionType":"ENTER_TEXT"}]}
COMMAND: POST /session/0bdb3503147a059981a1ac86823db15d/actions - {"actions":[{"id":"action7","type":"key","parameters":{},"actions":[{"type":"keyDown","value":"î€‡"},{"type":"pause","duration":10},{"type":"keyUp","value":"î€‡"}]}]}
RESULT: {"actions":[{"id":"action7","type":"key","parameters":{},"actions":[{"type":"keyDown","value":"î€‡"},{"type":"pause","duration":10},{"type":"keyUp","value":"î€‡"}]}]}
COMMAND: POST /session/0bdb3503147a059981a1ac86823db15d/execute/async - {"script":"<script> [1562 bytes]","args":[{"selector":{"id":"application-managehandovers-display-component---AddNewHO--popup-sa","searchOpenDialogs":true,"interaction":{"idSuffix":"CbBg"}},"wdio_ui5_key":"applicationmanagehandovers-display-component---AddNewHO--popup-sa"}]}
COMMAND: GET /session/0bdb3503147a059981a1ac86823db15d/screenshot - {}
RESULT: {"script":"<script> [1562 bytes]","args":[{"selector":{"id":"application-managehandovers-display-component---AddNewHO--popup-sa","searchOpenDialogs":true,"interaction":{"idSuffix":"CbBg"}},"wdio_ui5_key":"applicationmanagehandovers-display-component---AddNewHO--popup-sa"}]}
RESULT: undefined
COMMAND: POST /session/0bdb3503147a059981a1ac86823db15d/element - {"using":"xpath","value":"//*[@id=\"application-managehandovers-display-component---AddNewHO--popup-sa\"]"}
RESULT: {}
RESULT: {"using":"xpath","value":"//*[@id=\"application-managehandovers-display-component---AddNewHO--popup-sa\"]"}
COMMAND: POST /session/0bdb3503147a059981a1ac86823db15d/element/f.4BE6FF561D5B3686539153AD049B7B13.d.9617F6381C83780E280811411957485E.e.2338/click - {}
RESULT: {}
COMMAND: GET /session/0bdb3503147a059981a1ac86823db15d/screenshot - {}
RESULT: {}
COMMAND: POST /session/0bdb3503147a059981a1ac86823db15d/element - {"using":"xpath","value":"//bdi[contains(text(), \"Select\")]"}
RESULT: {"using":"xpath","value":"//bdi[contains(text(), \"Select\")]"}
COMMAND: POST /session/0bdb3503147a059981a1ac86823db15d/element/f.4BE6FF561D5B3686539153AD049B7B13.d.9617F6381C83780E280811411957485E.e.2339/click - {}
RESULT: {}
COMMAND: GET /session/0bdb3503147a059981a1ac86823db15d/screenshot - {}
RESULT: {}
COMMAND: POST /session/0bdb3503147a059981a1ac86823db15d/element - {"using":"xpath","value":"//button[@data-kt=\"AddNewHOSaveButton\"]"}
RESULT: {"using":"xpath","value":"//button[@data-kt=\"AddNewHOSaveButton\"]"}
COMMAND: POST /session/0bdb3503147a059981a1ac86823db15d/element/f.4BE6FF561D5B3686539153AD049B7B13.d.9617F6381C83780E280811411957485E.e.2343/click - {}
RESULT: {}
COMMAND: GET /session/0bdb3503147a059981a1ac86823db15d/screenshot - {}
RESULT: {}
COMMAND: POST /session/0bdb3503147a059981a1ac86823db15d/execute/async - {"script":"<script> [1562 bytes]","args":[{"selector":{"id":"receiptDatePicker","viewName":"etm.portal.ui.managehandovers.view.DetailExecuteHO","interaction":{"idSuffix":"inner"}},"wdio_ui5_key":"receiptDatePickeretmportal.ui.managehandovers.view.DetailExecuteHO"}]}
RESULT: {"script":"<script> [1562 bytes]","args":[{"selector":{"id":"receiptDatePicker","viewName":"etm.portal.ui.managehandovers.view.DetailExecuteHO","interaction":{"idSuffix":"inner"}},"wdio_ui5_key":"receiptDatePickeretmportal.ui.managehandovers.view.DetailExecuteHO"}]}
RESULT: undefined
COMMAND: POST /session/0bdb3503147a059981a1ac86823db15d/execute/async - {"script":"<script> [6424 bytes]","args":[{"element-6066-11e4-a52e-4f735466cecf":"f.4BE6FF561D5B3686539153AD049B7B13.d.9617F6381C83780E280811411957485E.e.2363"},"setValue",["5/17/25"]]}
RESULT: {"script":"<script> [6424 bytes]","args":[{"element-6066-11e4-a52e-4f735466cecf":"f.4BE6FF561D5B3686539153AD049B7B13.d.9617F6381C83780E280811411957485E.e.2363"},"setValue",["5/17/25"]]}
COMMAND: POST /session/0bdb3503147a059981a1ac86823db15d/element - {"using":"xpath","value":"//button[@data-kt=\"PickingTableConfirmAllButton\"]"}
RESULT: {"using":"xpath","value":"//button[@data-kt=\"PickingTableConfirmAllButton\"]"}
COMMAND: POST /session/0bdb3503147a059981a1ac86823db15d/element/f.4BE6FF561D5B3686539153AD049B7B13.d.9617F6381C83780E280811411957485E.e.2381/click - {}
RESULT: {}
COMMAND: GET /session/0bdb3503147a059981a1ac86823db15d/screenshot - {}
RESULT: {}
COMMAND: POST /session/0bdb3503147a059981a1ac86823db15d/element - {"using":"xpath","value":"//bdi[contains(text(), \"OK\")]"}
RESULT: {"using":"xpath","value":"//bdi[contains(text(), \"OK\")]"}
COMMAND: POST /session/0bdb3503147a059981a1ac86823db15d/element/f.4BE6FF561D5B3686539153AD049B7B13.d.9617F6381C83780E280811411957485E.e.2383/click - {}
RESULT: {}
COMMAND: GET /session/0bdb3503147a059981a1ac86823db15d/screenshot - {}
RESULT: {}
COMMAND: POST /session/0bdb3503147a059981a1ac86823db15d/element - {"using":"xpath","value":"(//bdi[contains(text(), \"Receive\")])[2]"}
RESULT: {"using":"xpath","value":"(//bdi[contains(text(), \"Receive\")])[2]"}
COMMAND: POST /session/0bdb3503147a059981a1ac86823db15d/element/f.4BE6FF561D5B3686539153AD049B7B13.d.9617F6381C83780E280811411957485E.e.2385/click - {}
RESULT: {}
COMMAND: GET /session/0bdb3503147a059981a1ac86823db15d/screenshot - {}
RESULT: {}
COMMAND: POST /session/0bdb3503147a059981a1ac86823db15d/element - {"using":"css selector","value":"#shell-header-logo"}
RESULT: {"using":"css selector","value":"#shell-header-logo"}
COMMAND: POST /session/0bdb3503147a059981a1ac86823db15d/element/f.4BE6FF561D5B3686539153AD049B7B13.d.9617F6381C83780E280811411957485E.e.1804/click - {}
RESULT: {}
COMMAND: GET /session/0bdb3503147a059981a1ac86823db15d/screenshot - {}
RESULT: {}
]]></system-out>
    </testcase>
    <testcase classname="chrome.136_0_7103_93.windows.Warehouse_movements_inventory_test" name="Verify the warehouse movement" time="50.512">
      <system-out><![CDATA[
COMMAND: POST /session/0bdb3503147a059981a1ac86823db15d/execute/async - {"script":"<script> [1562 bytes]","args":[{"selector":{"controlType":"sap.m.GenericTile","properties":{"header":"Manage Warehouse Movements"}},"wdio_ui5_key":"sapm.GenericTile{\"header\":\"Manage Warehouse Movements\"}"}]}
RESULT: {"script":"<script> [1562 bytes]","args":[{"selector":{"controlType":"sap.m.GenericTile","properties":{"header":"Manage Warehouse Movements"}},"wdio_ui5_key":"sapm.GenericTile{\"header\":\"Manage Warehouse Movements\"}"}]}
RESULT: undefined
COMMAND: POST /session/0bdb3503147a059981a1ac86823db15d/element - {"using":"xpath","value":"//*[@id=\"__tile105\"]"}
RESULT: {"using":"xpath","value":"//*[@id=\"__tile105\"]"}
COMMAND: POST /session/0bdb3503147a059981a1ac86823db15d/element/f.4BE6FF561D5B3686539153AD049B7B13.d.9617F6381C83780E280811411957485E.e.2533/click - {}
RESULT: {}
COMMAND: GET /session/0bdb3503147a059981a1ac86823db15d/screenshot - {}
RESULT: {}
COMMAND: POST /session/0bdb3503147a059981a1ac86823db15d/elements - {"using":"xpath","value":"//span[text()='Error']"}
RESULT: {"using":"xpath","value":"//span[text()='Error']"}
COMMAND: POST /session/0bdb3503147a059981a1ac86823db15d/execute/async - {"script":"<script> [1562 bytes]","args":[{"selector":{"id":"application-warehousemovements-display-component---warehouseMovements--smartFilterBar-filterItemControl_BASIC-YARD-vhi"},"wdio_ui5_key":"applicationwarehousemovements-display-component---warehouseMovements--smartFilterBar-filterItemControl_BASIC-YARD-vhi"}]}
RESULT: {"script":"<script> [1562 bytes]","args":[{"selector":{"id":"application-warehousemovements-display-component---warehouseMovements--smartFilterBar-filterItemControl_BASIC-YARD-vhi"},"wdio_ui5_key":"applicationwarehousemovements-display-component---warehouseMovements--smartFilterBar-filterItemControl_BASIC-YARD-vhi"}]}
RESULT: undefined
COMMAND: POST /session/0bdb3503147a059981a1ac86823db15d/element - {"using":"xpath","value":"//*[@id=\"application-warehousemovements-display-component---warehouseMovements--smartFilterBar-filterItemControl_BASIC-YARD-vhi\"]"}
RESULT: {"using":"xpath","value":"//*[@id=\"application-warehousemovements-display-component---warehouseMovements--smartFilterBar-filterItemControl_BASIC-YARD-vhi\"]"}
COMMAND: POST /session/0bdb3503147a059981a1ac86823db15d/element/f.4BE6FF561D5B3686539153AD049B7B13.d.9617F6381C83780E280811411957485E.e.2630/click - {}
RESULT: {}
COMMAND: GET /session/0bdb3503147a059981a1ac86823db15d/screenshot - {}
RESULT: {}
COMMAND: POST /session/0bdb3503147a059981a1ac86823db15d/execute/async - {"script":"<script> [1562 bytes]","args":[{"selector":{"id":"application-warehousemovements-display-component---warehouseMovements--smartFilterBar-filterItemControl_BASIC-YARD-valueHelpDialog-smartFilterBar-btnBasicSearch","searchOpenDialogs":true,"interaction":{"idSuffix":"I"}},"wdio_ui5_key":"applicationwarehousemovements-display-component---warehouseMovements--smartFilterBar-filterItemControl_BASIC-YARD-valueHelpDialog-smartFilterBar-btnBasicSearch"}]}
RESULT: {"script":"<script> [1562 bytes]","args":[{"selector":{"id":"application-warehousemovements-display-component---warehouseMovements--smartFilterBar-filterItemControl_BASIC-YARD-valueHelpDialog-smartFilterBar-btnBasicSearch","searchOpenDialogs":true,"interaction":{"idSuffix":"I"}},"wdio_ui5_key":"applicationwarehousemovements-display-component---warehouseMovements--smartFilterBar-filterItemControl_BASIC-YARD-valueHelpDialog-smartFilterBar-btnBasicSearch"}]}
RESULT: undefined
COMMAND: POST /session/0bdb3503147a059981a1ac86823db15d/execute/async - {"script":"<script> [776 bytes]","args":[{"enterText":"WebdriverWHMYard1ncq","selector":{"id":"application-warehousemovements-display-component---warehouseMovements--smartFilterBar-filterItemControl_BASIC-YARD-valueHelpDialog-smartFilterBar-btnBasicSearch","searchOpenDialogs":true,"interaction":{"idSuffix":"I"}},"clearTextFirst":true,"interactionType":"ENTER_TEXT"}]}
RESULT: {"script":"<script> [776 bytes]","args":[{"enterText":"WebdriverWHMYard1ncq","selector":{"id":"application-warehousemovements-display-component---warehouseMovements--smartFilterBar-filterItemControl_BASIC-YARD-valueHelpDialog-smartFilterBar-btnBasicSearch","searchOpenDialogs":true,"interaction":{"idSuffix":"I"}},"clearTextFirst":true,"interactionType":"ENTER_TEXT"}]}
COMMAND: POST /session/0bdb3503147a059981a1ac86823db15d/actions - {"actions":[{"id":"action8","type":"key","parameters":{},"actions":[{"type":"keyDown","value":"î€‡"},{"type":"pause","duration":10},{"type":"keyUp","value":"î€‡"}]}]}
RESULT: {"actions":[{"id":"action8","type":"key","parameters":{},"actions":[{"type":"keyDown","value":"î€‡"},{"type":"pause","duration":10},{"type":"keyUp","value":"î€‡"}]}]}
COMMAND: GET /session/0bdb3503147a059981a1ac86823db15d/screenshot - {}
RESULT: {}
COMMAND: POST /session/0bdb3503147a059981a1ac86823db15d/element - {"using":"xpath","value":"//div[@id='application-warehousemovements-display-component---warehouseMovements--smartFilterBar-filterItemControl_BASIC-YARD-valueHelpDialog-table-rowsel0']"}
RESULT: {"using":"xpath","value":"//div[@id='application-warehousemovements-display-component---warehouseMovements--smartFilterBar-filterItemControl_BASIC-YARD-valueHelpDialog-table-rowsel0']"}
COMMAND: POST /session/0bdb3503147a059981a1ac86823db15d/element/f.4BE6FF561D5B3686539153AD049B7B13.d.9617F6381C83780E280811411957485E.e.2639/click - {}
RESULT: {}
COMMAND: POST /session/0bdb3503147a059981a1ac86823db15d/execute/async - {"script":"<script> [1562 bytes]","args":[{"selector":{"id":"application-warehousemovements-display-component---warehouseMovements--smartFilterBar-filterItemControl_BASIC-YARD-valueHelpDialog-ok","searchOpenDialogs":true,"interaction":{"idSuffix":"BDI-content"}},"wdio_ui5_key":"applicationwarehousemovements-display-component---warehouseMovements--smartFilterBar-filterItemControl_BASIC-YARD-valueHelpDialog-ok"}]}
COMMAND: GET /session/0bdb3503147a059981a1ac86823db15d/screenshot - {}
RESULT: {"script":"<script> [1562 bytes]","args":[{"selector":{"id":"application-warehousemovements-display-component---warehouseMovements--smartFilterBar-filterItemControl_BASIC-YARD-valueHelpDialog-ok","searchOpenDialogs":true,"interaction":{"idSuffix":"BDI-content"}},"wdio_ui5_key":"applicationwarehousemovements-display-component---warehouseMovements--smartFilterBar-filterItemControl_BASIC-YARD-valueHelpDialog-ok"}]}
RESULT: undefined
COMMAND: POST /session/0bdb3503147a059981a1ac86823db15d/element - {"using":"xpath","value":"//*[@id=\"application-warehousemovements-display-component---warehouseMovements--smartFilterBar-filterItemControl_BASIC-YARD-valueHelpDialog-ok\"]"}
RESULT: {}
RESULT: {"using":"xpath","value":"//*[@id=\"application-warehousemovements-display-component---warehouseMovements--smartFilterBar-filterItemControl_BASIC-YARD-valueHelpDialog-ok\"]"}
COMMAND: POST /session/0bdb3503147a059981a1ac86823db15d/element/f.4BE6FF561D5B3686539153AD049B7B13.d.9617F6381C83780E280811411957485E.e.2642/click - {}
RESULT: {}
COMMAND: POST /session/0bdb3503147a059981a1ac86823db15d/execute/async - {"script":"<script> [1562 bytes]","args":[{"selector":{"controlType":"sap.ui.core.Icon","viewName":"etm.portal.ui.warehousemovements.view.MasterMovement","viewId":"application-warehousemovements-display-component---warehouseMovements","properties":{"src":{"regex":{"source":"add"}}}},"wdio_ui5_key":"etmportal.ui.warehousemovements.view.MasterMovementsap.ui.core.Icon{\"src\":{\"regex\":{\"source\":\"add\"}}}"}]}
COMMAND: GET /session/0bdb3503147a059981a1ac86823db15d/screenshot - {}
RESULT: {"script":"<script> [1562 bytes]","args":[{"selector":{"controlType":"sap.ui.core.Icon","viewName":"etm.portal.ui.warehousemovements.view.MasterMovement","viewId":"application-warehousemovements-display-component---warehouseMovements","properties":{"src":{"regex":{"source":"add"}}}},"wdio_ui5_key":"etmportal.ui.warehousemovements.view.MasterMovementsap.ui.core.Icon{\"src\":{\"regex\":{\"source\":\"add\"}}}"}]}
RESULT: undefined
COMMAND: POST /session/0bdb3503147a059981a1ac86823db15d/element - {"using":"xpath","value":"//*[@id=\"__button70-img\"]"}
RESULT: {}
RESULT: {"using":"xpath","value":"//*[@id=\"__button70-img\"]"}
COMMAND: POST /session/0bdb3503147a059981a1ac86823db15d/element/f.4BE6FF561D5B3686539153AD049B7B13.d.9617F6381C83780E280811411957485E.e.2570/click - {}
RESULT: {}
COMMAND: POST /session/0bdb3503147a059981a1ac86823db15d/element - {"using":"xpath","value":"//input[contains(@id ,\"application-warehousemovements-display-component---addMovement--sectionsList-inner\")]"}
COMMAND: GET /session/0bdb3503147a059981a1ac86823db15d/screenshot - {}
RESULT: {"using":"xpath","value":"//input[contains(@id ,\"application-warehousemovements-display-component---addMovement--sectionsList-inner\")]"}
COMMAND: POST /session/0bdb3503147a059981a1ac86823db15d/elements - {"using":"xpath","value":"//input[contains(@id ,\"application-warehousemovements-display-component---addMovement--sectionsList-inner\")]"}
RESULT: {}
RESULT: {"using":"xpath","value":"//input[contains(@id ,\"application-warehousemovements-display-component---addMovement--sectionsList-inner\")]"}
COMMAND: POST /session/0bdb3503147a059981a1ac86823db15d/elements - {"using":"xpath","value":"//input[contains(@id ,\"application-warehousemovements-display-component---addMovement--sectionsList-inner\")]"}
RESULT: {"using":"xpath","value":"//input[contains(@id ,\"application-warehousemovements-display-component---addMovement--sectionsList-inner\")]"}
COMMAND: POST /session/0bdb3503147a059981a1ac86823db15d/element - {"using":"xpath","value":"//input[contains(@id ,\"application-warehousemovements-display-component---addMovement--sectionsList-inner\")]"}
RESULT: {"using":"xpath","value":"//input[contains(@id ,\"application-warehousemovements-display-component---addMovement--sectionsList-inner\")]"}
COMMAND: POST /session/0bdb3503147a059981a1ac86823db15d/element/f.4BE6FF561D5B3686539153AD049B7B13.d.9617F6381C83780E280811411957485E.e.2702/clear - {}
RESULT: {}
COMMAND: POST /session/0bdb3503147a059981a1ac86823db15d/element/f.4BE6FF561D5B3686539153AD049B7B13.d.9617F6381C83780E280811411957485E.e.2702/value - {"text":"Secz8sjn"}
COMMAND: GET /session/0bdb3503147a059981a1ac86823db15d/screenshot - {}
RESULT: {"text":"Secz8sjn"}
COMMAND: GET /session/0bdb3503147a059981a1ac86823db15d/screenshot - {}
RESULT: {}
RESULT: {}
COMMAND: POST /session/0bdb3503147a059981a1ac86823db15d/actions - {"actions":[{"id":"action9","type":"key","parameters":{},"actions":[{"type":"keyDown","value":"î€‡"},{"type":"pause","duration":10},{"type":"keyUp","value":"î€‡"}]}]}
RESULT: {"actions":[{"id":"action9","type":"key","parameters":{},"actions":[{"type":"keyDown","value":"î€‡"},{"type":"pause","duration":10},{"type":"keyUp","value":"î€‡"}]}]}
COMMAND: GET /session/0bdb3503147a059981a1ac86823db15d/screenshot - {}
RESULT: {}
COMMAND: POST /session/0bdb3503147a059981a1ac86823db15d/execute/async - {"script":"<script> [1562 bytes]","args":[{"selector":{"id":"application-warehousemovements-display-component---addMovement--addItem-img"},"wdio_ui5_key":"applicationwarehousemovements-display-component---addMovement--addItem-img"}]}
RESULT: {"script":"<script> [1562 bytes]","args":[{"selector":{"id":"application-warehousemovements-display-component---addMovement--addItem-img"},"wdio_ui5_key":"applicationwarehousemovements-display-component---addMovement--addItem-img"}]}
RESULT: undefined
COMMAND: POST /session/0bdb3503147a059981a1ac86823db15d/element - {"using":"xpath","value":"//*[@id=\"application-warehousemovements-display-component---addMovement--addItem-img\"]"}
RESULT: {"using":"xpath","value":"//*[@id=\"application-warehousemovements-display-component---addMovement--addItem-img\"]"}
COMMAND: POST /session/0bdb3503147a059981a1ac86823db15d/element/f.4BE6FF561D5B3686539153AD049B7B13.d.9617F6381C83780E280811411957485E.e.2744/click - {}
RESULT: {}
COMMAND: POST /session/0bdb3503147a059981a1ac86823db15d/execute/async - {"script":"<script> [1562 bytes]","args":[{"selector":{"id":"movementItemsPopUp--invSearch","searchOpenDialogs":true,"interaction":{"idSuffix":"I"}},"wdio_ui5_key":"movementItemsPopUpinvSearch"}]}
COMMAND: GET /session/0bdb3503147a059981a1ac86823db15d/screenshot - {}
RESULT: {"script":"<script> [1562 bytes]","args":[{"selector":{"id":"movementItemsPopUp--invSearch","searchOpenDialogs":true,"interaction":{"idSuffix":"I"}},"wdio_ui5_key":"movementItemsPopUpinvSearch"}]}
RESULT: undefined
COMMAND: POST /session/0bdb3503147a059981a1ac86823db15d/execute/async - {"script":"<script> [776 bytes]","args":[{"enterText":"WebdriverRUR2Cjjcas","selector":{"id":"movementItemsPopUp--invSearch","searchOpenDialogs":true,"interaction":{"idSuffix":"I"}},"clearTextFirst":true,"interactionType":"ENTER_TEXT"}]}
RESULT: {}
RESULT: {"script":"<script> [776 bytes]","args":[{"enterText":"WebdriverRUR2Cjjcas","selector":{"id":"movementItemsPopUp--invSearch","searchOpenDialogs":true,"interaction":{"idSuffix":"I"}},"clearTextFirst":true,"interactionType":"ENTER_TEXT"}]}
COMMAND: POST /session/0bdb3503147a059981a1ac86823db15d/execute/async - {"script":"<script> [1562 bytes]","args":[{"selector":{"id":"movementItemsPopUp--movementItemsTable-sa","searchOpenDialogs":true,"interaction":{"idSuffix":"CbBg"}},"wdio_ui5_key":"movementItemsPopUpmovementItemsTable-sa"}]}
RESULT: {"script":"<script> [1562 bytes]","args":[{"selector":{"id":"movementItemsPopUp--movementItemsTable-sa","searchOpenDialogs":true,"interaction":{"idSuffix":"CbBg"}},"wdio_ui5_key":"movementItemsPopUpmovementItemsTable-sa"}]}
RESULT: undefined
COMMAND: POST /session/0bdb3503147a059981a1ac86823db15d/element - {"using":"xpath","value":"//*[@id=\"movementItemsPopUp--movementItemsTable-sa\"]"}
RESULT: {"using":"xpath","value":"//*[@id=\"movementItemsPopUp--movementItemsTable-sa\"]"}
COMMAND: POST /session/0bdb3503147a059981a1ac86823db15d/element/f.4BE6FF561D5B3686539153AD049B7B13.d.9617F6381C83780E280811411957485E.e.2781/click - {}
RESULT: {}
COMMAND: POST /session/0bdb3503147a059981a1ac86823db15d/execute/async - {"script":"<script> [1562 bytes]","args":[{"selector":{"id":"movementItemsPopUp--createBtn","searchOpenDialogs":true,"interaction":{"idSuffix":"BDI-content"}},"wdio_ui5_key":"movementItemsPopUpcreateBtn"}]}
COMMAND: GET /session/0bdb3503147a059981a1ac86823db15d/screenshot - {}
RESULT: {"script":"<script> [1562 bytes]","args":[{"selector":{"id":"movementItemsPopUp--createBtn","searchOpenDialogs":true,"interaction":{"idSuffix":"BDI-content"}},"wdio_ui5_key":"movementItemsPopUpcreateBtn"}]}
RESULT: undefined
COMMAND: POST /session/0bdb3503147a059981a1ac86823db15d/element - {"using":"xpath","value":"//*[@id=\"movementItemsPopUp--createBtn\"]"}
RESULT: {}
RESULT: {"using":"xpath","value":"//*[@id=\"movementItemsPopUp--createBtn\"]"}
COMMAND: POST /session/0bdb3503147a059981a1ac86823db15d/element/f.4BE6FF561D5B3686539153AD049B7B13.d.9617F6381C83780E280811411957485E.e.2783/click - {}
RESULT: {}
COMMAND: GET /session/0bdb3503147a059981a1ac86823db15d/screenshot - {}
RESULT: {}
COMMAND: POST /session/0bdb3503147a059981a1ac86823db15d/element - {"using":"css selector","value":"#j_username"}
COMMAND: POST /session/0bdb3503147a059981a1ac86823db15d/url - {"url":"https://qa-testing-00-live-etm-ui.cfapps.eu10-004.hana.ondemand.com/"}
RESULT: {"using":"css selector","value":"#j_username"}
COMMAND: POST /session/0bdb3503147a059981a1ac86823db15d/element - {"using":"css selector","value":"#j_username"}
RESULT: {"url":"https://qa-testing-00-live-etm-ui.cfapps.eu10-004.hana.ondemand.com/"}
RESULT: undefined
COMMAND: GET /session/0bdb3503147a059981a1ac86823db15d/screenshot - {}
RESULT: {"using":"css selector","value":"#j_username"}
COMMAND: POST /session/0bdb3503147a059981a1ac86823db15d/element - {"using":"css selector","value":"#shell-header-logo"}
RESULT: {}
RESULT: {"using":"css selector","value":"#shell-header-logo"}
COMMAND: POST /session/0bdb3503147a059981a1ac86823db15d/execute/sync - {"script":"<script> [8489 bytes]","args":[{"element-6066-11e4-a52e-4f735466cecf":"f.4BE6FF561D5B3686539153AD049B7B13.d.542A81A9A692420A56C3F154BEE26A09.e.2793","ELEMENT":"f.4BE6FF561D5B3686539153AD049B7B13.d.542A81A9A692420A56C3F154BEE26A09.e.2793"}]}
RESULT: {"script":"<script> [8489 bytes]","args":[{"element-6066-11e4-a52e-4f735466cecf":"f.4BE6FF561D5B3686539153AD049B7B13.d.542A81A9A692420A56C3F154BEE26A09.e.2793","ELEMENT":"f.4BE6FF561D5B3686539153AD049B7B13.d.542A81A9A692420A56C3F154BEE26A09.e.2793"}]}
COMMAND: POST /session/0bdb3503147a059981a1ac86823db15d/element - {"using":"css selector","value":"#shell-header-logo"}
COMMAND: GET /session/0bdb3503147a059981a1ac86823db15d/screenshot - {}
RESULT: {"using":"css selector","value":"#shell-header-logo"}
COMMAND: POST /session/0bdb3503147a059981a1ac86823db15d/execute/sync - {"script":"<script> [8489 bytes]","args":[{"element-6066-11e4-a52e-4f735466cecf":"f.4BE6FF561D5B3686539153AD049B7B13.d.542A81A9A692420A56C3F154BEE26A09.e.2793","ELEMENT":"f.4BE6FF561D5B3686539153AD049B7B13.d.542A81A9A692420A56C3F154BEE26A09.e.2793"}]}
RESULT: {}
RESULT: {"script":"<script> [8489 bytes]","args":[{"element-6066-11e4-a52e-4f735466cecf":"f.4BE6FF561D5B3686539153AD049B7B13.d.542A81A9A692420A56C3F154BEE26A09.e.2793","ELEMENT":"f.4BE6FF561D5B3686539153AD049B7B13.d.542A81A9A692420A56C3F154BEE26A09.e.2793"}]}
COMMAND: POST /session/0bdb3503147a059981a1ac86823db15d/execute/sync - {"script":"<script> [5351 bytes]","args":[{"element-6066-11e4-a52e-4f735466cecf":"f.4BE6FF561D5B3686539153AD049B7B13.d.542A81A9A692420A56C3F154BEE26A09.e.2793","ELEMENT":"f.4BE6FF561D5B3686539153AD049B7B13.d.542A81A9A692420A56C3F154BEE26A09.e.2793"}]}
COMMAND: GET /session/0bdb3503147a059981a1ac86823db15d/screenshot - {}
RESULT: {"script":"<script> [5351 bytes]","args":[{"element-6066-11e4-a52e-4f735466cecf":"f.4BE6FF561D5B3686539153AD049B7B13.d.542A81A9A692420A56C3F154BEE26A09.e.2793","ELEMENT":"f.4BE6FF561D5B3686539153AD049B7B13.d.542A81A9A692420A56C3F154BEE26A09.e.2793"}]}
COMMAND: POST /session/0bdb3503147a059981a1ac86823db15d/element - {"using":"css selector","value":"#shell-header-logo"}
COMMAND: GET /session/0bdb3503147a059981a1ac86823db15d/screenshot - {}
RESULT: {}
RESULT: {"using":"css selector","value":"#shell-header-logo"}
COMMAND: POST /session/0bdb3503147a059981a1ac86823db15d/element/f.4BE6FF561D5B3686539153AD049B7B13.d.542A81A9A692420A56C3F154BEE26A09.e.2793/click - {}
RESULT: {}
RESULT: {}
COMMAND: GET /session/0bdb3503147a059981a1ac86823db15d/screenshot - {}
RESULT: {}
COMMAND: POST /session/0bdb3503147a059981a1ac86823db15d/execute/async - {"script":"<script> [189 bytes]","args":[]}
RESULT: {"script":"<script> [189 bytes]","args":[]}
COMMAND: POST /session/0bdb3503147a059981a1ac86823db15d/execute/async - {"script":"<script> [123 bytes]","args":[]}
RESULT: {"script":"<script> [123 bytes]","args":[]}
COMMAND: POST /session/0bdb3503147a059981a1ac86823db15d/timeouts - {"script":"<number>"}
RESULT: {"script":"<number>"}
COMMAND: GET /session/0bdb3503147a059981a1ac86823db15d/timeouts - {}
RESULT: {}
RESULT: undefined
COMMAND: POST /session/0bdb3503147a059981a1ac86823db15d/execute/async - {"script":"<script> [2676 bytes]","args":[]}
RESULT: {"script":"<script> [2676 bytes]","args":[]}
COMMAND: POST /session/0bdb3503147a059981a1ac86823db15d/execute/async - {"script":"<script> [2342 bytes]","args":[{"protocol":"http","hostname":"0.0.0.0","path":"/","capabilities":{"browserName":"chrome","goog:chromeOptions":{"binary":"C:\\Program Files\\Google\\Chrome\\Application\\chrome.exe","args":["--start-maximized"]}},"logLevel":"warn","connectionRetryTimeout":120000,"connectionRetryCount":3,"logLevels":{},"enableDirectConnect":true,"strictSSL":true,"_":"65 more keys: [\"cacheDir\",\"port\",\"requestedCapabilities\",\"automationProtocol\",\"baseUrl\",\"waitforInterval\",\"waitforTimeout\",\"onReload\",\"beforeCommand\",\"afterCommand\",\"rootDir\",\"specs\",\"suites\",\"exclude\",\"groupLogsByTestSpec\",\"excludeDriverLogs\",\"bail\",\"framework\",\"reporters\",\"services\",\"maxInstances\",\"maxInstancesPerCapability\",\"injectGlobals\",\"filesToWatch\",\"execArgv\",\"runnerEnv\",\"runner\",\"shard\",\"specFileRetries\",\"specFileRetriesDelay\",\"specFileRetriesDeferred\",\"reporterSyncInterval\",\"reporterSyncTimeout\",\"cucumberFeaturesWithLineNumbers\",\"autoCompileOpts\",\"mochaOpts\",\"jasmineOpts\",\"cucumberOpts\",\"onPrepare\",\"onWorkerStart\",\"onWorkerEnd\",\"before\",\"beforeSession\",\"beforeSuite\",\"beforeHook\",\"beforeTest\",\"afterTest\",\"afterHook\",\"afterSuite\",\"afterSession\",\"after\",\"onComplete\",\"beforeAssertion\",\"afterAssertion\",\"beforeFeature\",\"beforeScenario\",\"beforeStep\",\"afterStep\",\"afterScenario\",\"afterFeature\",\"_\",\"suite\",\"$0\",\"ignoredWorkerServices\",\"wdi5\"]"}]}
RESULT: {"script":"<script> [2342 bytes]","args":[{"protocol":"http","hostname":"0.0.0.0","path":"/","capabilities":{"browserName":"chrome","goog:chromeOptions":{"binary":"C:\\Program Files\\Google\\Chrome\\Application\\chrome.exe","args":["--start-maximized"]}},"logLevel":"warn","connectionRetryTimeout":120000,"connectionRetryCount":3,"logLevels":{},"enableDirectConnect":true,"strictSSL":true,"_":"65 more keys: [\"cacheDir\",\"port\",\"requestedCapabilities\",\"automationProtocol\",\"baseUrl\",\"waitforInterval\",\"waitforTimeout\",\"onReload\",\"beforeCommand\",\"afterCommand\",\"rootDir\",\"specs\",\"suites\",\"exclude\",\"groupLogsByTestSpec\",\"excludeDriverLogs\",\"bail\",\"framework\",\"reporters\",\"services\",\"maxInstances\",\"maxInstancesPerCapability\",\"injectGlobals\",\"filesToWatch\",\"execArgv\",\"runnerEnv\",\"runner\",\"shard\",\"specFileRetries\",\"specFileRetriesDelay\",\"specFileRetriesDeferred\",\"reporterSyncInterval\",\"reporterSyncTimeout\",\"cucumberFeaturesWithLineNumbers\",\"autoCompileOpts\",\"mochaOpts\",\"jasmineOpts\",\"cucumberOpts\",\"onPrepare\",\"onWorkerStart\",\"onWorkerEnd\",\"before\",\"beforeSession\",\"beforeSuite\",\"beforeHook\",\"beforeTest\",\"afterTest\",\"afterHook\",\"afterSuite\",\"afterSession\",\"after\",\"onComplete\",\"beforeAssertion\",\"afterAssertion\",\"beforeFeature\",\"beforeScenario\",\"beforeStep\",\"afterStep\",\"afterScenario\",\"afterFeature\",\"_\",\"suite\",\"$0\",\"ignoredWorkerServices\",\"wdi5\"]"}]}
COMMAND: POST /session/0bdb3503147a059981a1ac86823db15d/execute/async - {"script":"<script> [21126 bytes]","args":[35000]}
RESULT: {"script":"<script> [21126 bytes]","args":[35000]}
COMMAND: POST /session/0bdb3503147a059981a1ac86823db15d/window/maximize - {}
RESULT: {}
COMMAND: POST /session/0bdb3503147a059981a1ac86823db15d/execute/async - {"script":"<script> [1562 bytes]","args":[{"selector":{"id":"shell-header","interaction":{"idSuffix":"icon"}},"wdio_ui5_key":"shellheader"}]}
COMMAND: GET /session/0bdb3503147a059981a1ac86823db15d/screenshot - {}
RESULT: {"script":"<script> [1562 bytes]","args":[{"selector":{"id":"shell-header","interaction":{"idSuffix":"icon"}},"wdio_ui5_key":"shellheader"}]}
RESULT: undefined
COMMAND: POST /session/0bdb3503147a059981a1ac86823db15d/refresh - {}
RESULT: {}
RESULT: {}
COMMAND: GET /session/0bdb3503147a059981a1ac86823db15d/screenshot - {}
RESULT: {}
COMMAND: POST /session/0bdb3503147a059981a1ac86823db15d/refresh - {}
RESULT: {}
COMMAND: GET /session/0bdb3503147a059981a1ac86823db15d/screenshot - {}
RESULT: {}
COMMAND: POST /session/0bdb3503147a059981a1ac86823db15d/window/fullscreen - {}
RESULT: {}
COMMAND: POST /session/0bdb3503147a059981a1ac86823db15d/execute/async - {"script":"<script> [189 bytes]","args":[]}
RESULT: {"script":"<script> [189 bytes]","args":[]}
COMMAND: POST /session/0bdb3503147a059981a1ac86823db15d/execute/async - {"script":"<script> [123 bytes]","args":[]}
RESULT: {"script":"<script> [123 bytes]","args":[]}
COMMAND: POST /session/0bdb3503147a059981a1ac86823db15d/timeouts - {"script":"<number>"}
RESULT: {"script":"<number>"}
COMMAND: GET /session/0bdb3503147a059981a1ac86823db15d/timeouts - {}
RESULT: {}
RESULT: undefined
COMMAND: POST /session/0bdb3503147a059981a1ac86823db15d/execute/async - {"script":"<script> [2676 bytes]","args":[]}
RESULT: {"script":"<script> [2676 bytes]","args":[]}
COMMAND: POST /session/0bdb3503147a059981a1ac86823db15d/execute/async - {"script":"<script> [2342 bytes]","args":[{"protocol":"http","hostname":"0.0.0.0","path":"/","capabilities":{"browserName":"chrome","goog:chromeOptions":{"binary":"C:\\Program Files\\Google\\Chrome\\Application\\chrome.exe","args":["--start-maximized"]}},"logLevel":"warn","connectionRetryTimeout":120000,"connectionRetryCount":3,"logLevels":{},"enableDirectConnect":true,"strictSSL":true,"_":"65 more keys: [\"cacheDir\",\"port\",\"requestedCapabilities\",\"automationProtocol\",\"baseUrl\",\"waitforInterval\",\"waitforTimeout\",\"onReload\",\"beforeCommand\",\"afterCommand\",\"rootDir\",\"specs\",\"suites\",\"exclude\",\"groupLogsByTestSpec\",\"excludeDriverLogs\",\"bail\",\"framework\",\"reporters\",\"services\",\"maxInstances\",\"maxInstancesPerCapability\",\"injectGlobals\",\"filesToWatch\",\"execArgv\",\"runnerEnv\",\"runner\",\"shard\",\"specFileRetries\",\"specFileRetriesDelay\",\"specFileRetriesDeferred\",\"reporterSyncInterval\",\"reporterSyncTimeout\",\"cucumberFeaturesWithLineNumbers\",\"autoCompileOpts\",\"mochaOpts\",\"jasmineOpts\",\"cucumberOpts\",\"onPrepare\",\"onWorkerStart\",\"onWorkerEnd\",\"before\",\"beforeSession\",\"beforeSuite\",\"beforeHook\",\"beforeTest\",\"afterTest\",\"afterHook\",\"afterSuite\",\"afterSession\",\"after\",\"onComplete\",\"beforeAssertion\",\"afterAssertion\",\"beforeFeature\",\"beforeScenario\",\"beforeStep\",\"afterStep\",\"afterScenario\",\"afterFeature\",\"_\",\"suite\",\"$0\",\"ignoredWorkerServices\",\"wdi5\"]"}]}
RESULT: {"script":"<script> [2342 bytes]","args":[{"protocol":"http","hostname":"0.0.0.0","path":"/","capabilities":{"browserName":"chrome","goog:chromeOptions":{"binary":"C:\\Program Files\\Google\\Chrome\\Application\\chrome.exe","args":["--start-maximized"]}},"logLevel":"warn","connectionRetryTimeout":120000,"connectionRetryCount":3,"logLevels":{},"enableDirectConnect":true,"strictSSL":true,"_":"65 more keys: [\"cacheDir\",\"port\",\"requestedCapabilities\",\"automationProtocol\",\"baseUrl\",\"waitforInterval\",\"waitforTimeout\",\"onReload\",\"beforeCommand\",\"afterCommand\",\"rootDir\",\"specs\",\"suites\",\"exclude\",\"groupLogsByTestSpec\",\"excludeDriverLogs\",\"bail\",\"framework\",\"reporters\",\"services\",\"maxInstances\",\"maxInstancesPerCapability\",\"injectGlobals\",\"filesToWatch\",\"execArgv\",\"runnerEnv\",\"runner\",\"shard\",\"specFileRetries\",\"specFileRetriesDelay\",\"specFileRetriesDeferred\",\"reporterSyncInterval\",\"reporterSyncTimeout\",\"cucumberFeaturesWithLineNumbers\",\"autoCompileOpts\",\"mochaOpts\",\"jasmineOpts\",\"cucumberOpts\",\"onPrepare\",\"onWorkerStart\",\"onWorkerEnd\",\"before\",\"beforeSession\",\"beforeSuite\",\"beforeHook\",\"beforeTest\",\"afterTest\",\"afterHook\",\"afterSuite\",\"afterSession\",\"after\",\"onComplete\",\"beforeAssertion\",\"afterAssertion\",\"beforeFeature\",\"beforeScenario\",\"beforeStep\",\"afterStep\",\"afterScenario\",\"afterFeature\",\"_\",\"suite\",\"$0\",\"ignoredWorkerServices\",\"wdi5\"]"}]}
COMMAND: POST /session/0bdb3503147a059981a1ac86823db15d/execute/async - {"script":"<script> [21126 bytes]","args":[35000]}
RESULT: {"script":"<script> [21126 bytes]","args":[35000]}
]]></system-out>
    </testcase>
  </testsuite>
  <testsuite timestamp="2025-05-17T16:43:15" time="730.263" tests="7" failures="0" errors="0" skipped="0">
    <properties>
      <property name="specId" value="0" />
      <property name="suiteName" value="Create masterdata for Yard Overview - trigger provide US130988" />
      <property name="capabilities" value="chrome.136_0_7103_93.windows" />
      <property name="file" value="file:///D:/a/1/s/test/specs/HTR/yard-movement-putaways.spec.js" />
    </properties>
    <testcase classname="chrome.136_0_7103_93.windows.Create_masterdata_for_Yard_Overview_-_trigger_provide_US130988" name="Should create a new WHM yard" time="123.028">
      <system-out><![CDATA[
COMMAND: POST /session/0bdb3503147a059981a1ac86823db15d/window/fullscreen - {}
RESULT: {}
COMMAND: POST /session/0bdb3503147a059981a1ac86823db15d/execute/async - {"script":"<script> [1562 bytes]","args":[{"selector":{"controlType":"sap.m.GenericTile","properties":{"header":"Manage Yards"}},"wdio_ui5_key":"sapm.GenericTile{\"header\":\"Manage Yards\"}"}]}
RESULT: {"script":"<script> [1562 bytes]","args":[{"selector":{"controlType":"sap.m.GenericTile","properties":{"header":"Manage Yards"}},"wdio_ui5_key":"sapm.GenericTile{\"header\":\"Manage Yards\"}"}]}
RESULT: undefined
COMMAND: POST /session/0bdb3503147a059981a1ac86823db15d/element - {"using":"xpath","value":"//*[@id=\"__tile41\"]"}
RESULT: {"using":"xpath","value":"//*[@id=\"__tile41\"]"}
COMMAND: POST /session/0bdb3503147a059981a1ac86823db15d/element/f.4BE6FF561D5B3686539153AD049B7B13.d.641317E7F086B8534077FF02E0D75402.e.2851/click - {}
RESULT: {}
COMMAND: GET /session/0bdb3503147a059981a1ac86823db15d/screenshot - {}
RESULT: {}
COMMAND: POST /session/0bdb3503147a059981a1ac86823db15d/elements - {"using":"xpath","value":"//span[text()='Error']"}
RESULT: {"using":"xpath","value":"//span[text()='Error']"}
COMMAND: POST /session/0bdb3503147a059981a1ac86823db15d/element - {"using":"xpath","value":"//button[@data-kt=\"addNewYardOverflowToolbarButton\"]"}
RESULT: {"using":"xpath","value":"//button[@data-kt=\"addNewYardOverflowToolbarButton\"]"}
COMMAND: POST /session/0bdb3503147a059981a1ac86823db15d/elements - {"using":"xpath","value":"//button[@data-kt=\"addNewYardOverflowToolbarButton\"]"}
RESULT: {"using":"xpath","value":"//button[@data-kt=\"addNewYardOverflowToolbarButton\"]"}
COMMAND: POST /session/0bdb3503147a059981a1ac86823db15d/execute/sync - {"script":"<script> [8489 bytes]","args":[{"element-6066-11e4-a52e-4f735466cecf":"f.4BE6FF561D5B3686539153AD049B7B13.d.641317E7F086B8534077FF02E0D75402.e.2985","ELEMENT":"f.4BE6FF561D5B3686539153AD049B7B13.d.641317E7F086B8534077FF02E0D75402.e.2985"}]}
RESULT: {"script":"<script> [8489 bytes]","args":[{"element-6066-11e4-a52e-4f735466cecf":"f.4BE6FF561D5B3686539153AD049B7B13.d.641317E7F086B8534077FF02E0D75402.e.2985","ELEMENT":"f.4BE6FF561D5B3686539153AD049B7B13.d.641317E7F086B8534077FF02E0D75402.e.2985"}]}
COMMAND: GET /session/0bdb3503147a059981a1ac86823db15d/element/f.4BE6FF561D5B3686539153AD049B7B13.d.641317E7F086B8534077FF02E0D75402.e.2985/enabled - {}
COMMAND: GET /session/0bdb3503147a059981a1ac86823db15d/screenshot - {}
RESULT: {}
COMMAND: POST /session/0bdb3503147a059981a1ac86823db15d/execute/sync - {"script":"<script> [8489 bytes]","args":[{"element-6066-11e4-a52e-4f735466cecf":"f.4BE6FF561D5B3686539153AD049B7B13.d.641317E7F086B8534077FF02E0D75402.e.2985","ELEMENT":"f.4BE6FF561D5B3686539153AD049B7B13.d.641317E7F086B8534077FF02E0D75402.e.2985"}]}
COMMAND: GET /session/0bdb3503147a059981a1ac86823db15d/screenshot - {}
RESULT: {}
RESULT: {"script":"<script> [8489 bytes]","args":[{"element-6066-11e4-a52e-4f735466cecf":"f.4BE6FF561D5B3686539153AD049B7B13.d.641317E7F086B8534077FF02E0D75402.e.2985","ELEMENT":"f.4BE6FF561D5B3686539153AD049B7B13.d.641317E7F086B8534077FF02E0D75402.e.2985"}]}
COMMAND: POST /session/0bdb3503147a059981a1ac86823db15d/execute/sync - {"script":"<script> [5351 bytes]","args":[{"element-6066-11e4-a52e-4f735466cecf":"f.4BE6FF561D5B3686539153AD049B7B13.d.641317E7F086B8534077FF02E0D75402.e.2985","ELEMENT":"f.4BE6FF561D5B3686539153AD049B7B13.d.641317E7F086B8534077FF02E0D75402.e.2985"}]}
RESULT: {}
RESULT: {"script":"<script> [5351 bytes]","args":[{"element-6066-11e4-a52e-4f735466cecf":"f.4BE6FF561D5B3686539153AD049B7B13.d.641317E7F086B8534077FF02E0D75402.e.2985","ELEMENT":"f.4BE6FF561D5B3686539153AD049B7B13.d.641317E7F086B8534077FF02E0D75402.e.2985"}]}
COMMAND: POST /session/0bdb3503147a059981a1ac86823db15d/element/f.4BE6FF561D5B3686539153AD049B7B13.d.641317E7F086B8534077FF02E0D75402.e.2985/click - {}
RESULT: {}
COMMAND: GET /session/0bdb3503147a059981a1ac86823db15d/screenshot - {}
COMMAND: GET /session/0bdb3503147a059981a1ac86823db15d/screenshot - {}
COMMAND: GET /session/0bdb3503147a059981a1ac86823db15d/screenshot - {}
RESULT: {}
RESULT: {}
RESULT: {}
COMMAND: POST /session/0bdb3503147a059981a1ac86823db15d/element - {"using":"xpath","value":"//input[@id=\"application-manageyards-display-component---NewYard--yardId-inner\"]"}
RESULT: {"using":"xpath","value":"//input[@id=\"application-manageyards-display-component---NewYard--yardId-inner\"]"}
COMMAND: POST /session/0bdb3503147a059981a1ac86823db15d/element - {"using":"xpath","value":"//input[@id=\"application-manageyards-display-component---NewYard--yardId-inner\"]"}
RESULT: {"using":"xpath","value":"//input[@id=\"application-manageyards-display-component---NewYard--yardId-inner\"]"}
COMMAND: POST /session/0bdb3503147a059981a1ac86823db15d/execute/async - {"script":"<script> [1562 bytes]","args":[{"selector":{"id":"application-manageyards-display-component---NewYard--addressDetailDetailsName1","interaction":{"idSuffix":"inner"}},"wdio_ui5_key":"applicationmanageyards-display-component---NewYard--addressDetailDetailsName1"}]}
RESULT: {"script":"<script> [1562 bytes]","args":[{"selector":{"id":"application-manageyards-display-component---NewYard--addressDetailDetailsName1","interaction":{"idSuffix":"inner"}},"wdio_ui5_key":"applicationmanageyards-display-component---NewYard--addressDetailDetailsName1"}]}
RESULT: undefined
COMMAND: POST /session/0bdb3503147a059981a1ac86823db15d/execute/async - {"script":"<script> [776 bytes]","args":[{"enterText":"Warehouse Managed WDIO","selector":{"id":"application-manageyards-display-component---NewYard--addressDetailDetailsName1","interaction":{"idSuffix":"inner"}},"clearTextFirst":true,"interactionType":"ENTER_TEXT"}]}
RESULT: {"script":"<script> [776 bytes]","args":[{"enterText":"Warehouse Managed WDIO","selector":{"id":"application-manageyards-display-component---NewYard--addressDetailDetailsName1","interaction":{"idSuffix":"inner"}},"clearTextFirst":true,"interactionType":"ENTER_TEXT"}]}
COMMAND: POST /session/0bdb3503147a059981a1ac86823db15d/execute/async - {"script":"<script> [1562 bytes]","args":[{"selector":{"id":"application-manageyards-display-component---NewYard--addressDetailDetailsLanguage-arrow"},"wdio_ui5_key":"applicationmanageyards-display-component---NewYard--addressDetailDetailsLanguage-arrow"}]}
RESULT: {"script":"<script> [1562 bytes]","args":[{"selector":{"id":"application-manageyards-display-component---NewYard--addressDetailDetailsLanguage-arrow"},"wdio_ui5_key":"applicationmanageyards-display-component---NewYard--addressDetailDetailsLanguage-arrow"}]}
RESULT: undefined
COMMAND: POST /session/0bdb3503147a059981a1ac86823db15d/element - {"using":"xpath","value":"//*[@id=\"application-manageyards-display-component---NewYard--addressDetailDetailsLanguage-arrow\"]"}
RESULT: {"using":"xpath","value":"//*[@id=\"application-manageyards-display-component---NewYard--addressDetailDetailsLanguage-arrow\"]"}
COMMAND: POST /session/0bdb3503147a059981a1ac86823db15d/element/f.4BE6FF561D5B3686539153AD049B7B13.d.641317E7F086B8534077FF02E0D75402.e.3419/click - {}
RESULT: {}
COMMAND: POST /session/0bdb3503147a059981a1ac86823db15d/element - {"using":"xpath","value":"//span[contains(text(), \"English\")]"}
COMMAND: GET /session/0bdb3503147a059981a1ac86823db15d/screenshot - {}
RESULT: {"using":"xpath","value":"//span[contains(text(), \"English\")]"}
COMMAND: POST /session/0bdb3503147a059981a1ac86823db15d/element/f.4BE6FF561D5B3686539153AD049B7B13.d.641317E7F086B8534077FF02E0D75402.e.3420/click - {}
RESULT: {}
RESULT: {}
COMMAND: POST /session/0bdb3503147a059981a1ac86823db15d/execute/async - {"script":"<script> [1562 bytes]","args":[{"selector":{"id":"application-manageyards-display-component---NewYard--addressDetailDetailsCity1","interaction":{"idSuffix":"inner"}},"wdio_ui5_key":"applicationmanageyards-display-component---NewYard--addressDetailDetailsCity1"}]}
COMMAND: GET /session/0bdb3503147a059981a1ac86823db15d/screenshot - {}
RESULT: {"script":"<script> [1562 bytes]","args":[{"selector":{"id":"application-manageyards-display-component---NewYard--addressDetailDetailsCity1","interaction":{"idSuffix":"inner"}},"wdio_ui5_key":"applicationmanageyards-display-component---NewYard--addressDetailDetailsCity1"}]}
RESULT: undefined
COMMAND: POST /session/0bdb3503147a059981a1ac86823db15d/execute/async - {"script":"<script> [776 bytes]","args":[{"enterText":"Rosario","selector":{"id":"application-manageyards-display-component---NewYard--addressDetailDetailsCity1","interaction":{"idSuffix":"inner"}},"clearTextFirst":true,"interactionType":"ENTER_TEXT"}]}
RESULT: {}
RESULT: {"script":"<script> [776 bytes]","args":[{"enterText":"Rosario","selector":{"id":"application-manageyards-display-component---NewYard--addressDetailDetailsCity1","interaction":{"idSuffix":"inner"}},"clearTextFirst":true,"interactionType":"ENTER_TEXT"}]}
COMMAND: POST /session/0bdb3503147a059981a1ac86823db15d/execute/async - {"script":"<script> [1562 bytes]","args":[{"selector":{"id":"application-manageyards-display-component---NewYard--addressDetailDetailsCountry-arrow"},"wdio_ui5_key":"applicationmanageyards-display-component---NewYard--addressDetailDetailsCountry-arrow"}]}
RESULT: {"script":"<script> [1562 bytes]","args":[{"selector":{"id":"application-manageyards-display-component---NewYard--addressDetailDetailsCountry-arrow"},"wdio_ui5_key":"applicationmanageyards-display-component---NewYard--addressDetailDetailsCountry-arrow"}]}
RESULT: undefined
COMMAND: POST /session/0bdb3503147a059981a1ac86823db15d/element - {"using":"xpath","value":"//*[@id=\"application-manageyards-display-component---NewYard--addressDetailDetailsCountry-arrow\"]"}
RESULT: {"using":"xpath","value":"//*[@id=\"application-manageyards-display-component---NewYard--addressDetailDetailsCountry-arrow\"]"}
COMMAND: POST /session/0bdb3503147a059981a1ac86823db15d/element/f.4BE6FF561D5B3686539153AD049B7B13.d.641317E7F086B8534077FF02E0D75402.e.3422/click - {}
RESULT: {}
COMMAND: POST /session/0bdb3503147a059981a1ac86823db15d/element - {"using":"xpath","value":"//span[contains(text(), \"Argentina\")]"}
COMMAND: GET /session/0bdb3503147a059981a1ac86823db15d/screenshot - {}
RESULT: {"using":"xpath","value":"//span[contains(text(), \"Argentina\")]"}
COMMAND: POST /session/0bdb3503147a059981a1ac86823db15d/element/f.4BE6FF561D5B3686539153AD049B7B13.d.641317E7F086B8534077FF02E0D75402.e.3423/click - {}
RESULT: {}
RESULT: {}
COMMAND: POST /session/0bdb3503147a059981a1ac86823db15d/execute/async - {"script":"<script> [1562 bytes]","args":[{"selector":{"id":"application-manageyards-display-component---NewYard--addressEditDetailsCostObjectCstType-arrow"},"wdio_ui5_key":"applicationmanageyards-display-component---NewYard--addressEditDetailsCostObjectCstType-arrow"}]}
COMMAND: GET /session/0bdb3503147a059981a1ac86823db15d/screenshot - {}
RESULT: {"script":"<script> [1562 bytes]","args":[{"selector":{"id":"application-manageyards-display-component---NewYard--addressEditDetailsCostObjectCstType-arrow"},"wdio_ui5_key":"applicationmanageyards-display-component---NewYard--addressEditDetailsCostObjectCstType-arrow"}]}
RESULT: undefined
COMMAND: POST /session/0bdb3503147a059981a1ac86823db15d/element - {"using":"xpath","value":"//*[@id=\"application-manageyards-display-component---NewYard--addressEditDetailsCostObjectCstType-arrow\"]"}
RESULT: {}
RESULT: {"using":"xpath","value":"//*[@id=\"application-manageyards-display-component---NewYard--addressEditDetailsCostObjectCstType-arrow\"]"}
COMMAND: POST /session/0bdb3503147a059981a1ac86823db15d/element/f.4BE6FF561D5B3686539153AD049B7B13.d.641317E7F086B8534077FF02E0D75402.e.3425/click - {}
RESULT: {}
COMMAND: POST /session/0bdb3503147a059981a1ac86823db15d/element - {"using":"xpath","value":"//span[contains(text(), \"Cost Center\")]"}
COMMAND: GET /session/0bdb3503147a059981a1ac86823db15d/screenshot - {}
RESULT: {"using":"xpath","value":"//span[contains(text(), \"Cost Center\")]"}
COMMAND: POST /session/0bdb3503147a059981a1ac86823db15d/element/f.4BE6FF561D5B3686539153AD049B7B13.d.641317E7F086B8534077FF02E0D75402.e.3426/click - {}
RESULT: {}
RESULT: {}
COMMAND: GET /session/0bdb3503147a059981a1ac86823db15d/screenshot - {}
RESULT: {}
COMMAND: POST /session/0bdb3503147a059981a1ac86823db15d/element - {"using":"xpath","value":"//span[@id=\"application-manageyards-display-component---NewYard--addressNewCostObjectCstID-vhi\"]"}
RESULT: {"using":"xpath","value":"//span[@id=\"application-manageyards-display-component---NewYard--addressNewCostObjectCstID-vhi\"]"}
COMMAND: POST /session/0bdb3503147a059981a1ac86823db15d/execute/sync - {"script":"<script> [8489 bytes]","args":[{"element-6066-11e4-a52e-4f735466cecf":"f.4BE6FF561D5B3686539153AD049B7B13.d.641317E7F086B8534077FF02E0D75402.e.3430","ELEMENT":"f.4BE6FF561D5B3686539153AD049B7B13.d.641317E7F086B8534077FF02E0D75402.e.3430"}]}
RESULT: {"script":"<script> [8489 bytes]","args":[{"element-6066-11e4-a52e-4f735466cecf":"f.4BE6FF561D5B3686539153AD049B7B13.d.641317E7F086B8534077FF02E0D75402.e.3430","ELEMENT":"f.4BE6FF561D5B3686539153AD049B7B13.d.641317E7F086B8534077FF02E0D75402.e.3430"}]}
COMMAND: POST /session/0bdb3503147a059981a1ac86823db15d/execute/async - {"script":"<script> [1562 bytes]","args":[{"selector":{"id":"application-manageyards-display-component---NewYard--addressNewCostObjectCstID-vhi"},"wdio_ui5_key":"applicationmanageyards-display-component---NewYard--addressNewCostObjectCstID-vhi"}]}
COMMAND: GET /session/0bdb3503147a059981a1ac86823db15d/screenshot - {}
RESULT: {"script":"<script> [1562 bytes]","args":[{"selector":{"id":"application-manageyards-display-component---NewYard--addressNewCostObjectCstID-vhi"},"wdio_ui5_key":"applicationmanageyards-display-component---NewYard--addressNewCostObjectCstID-vhi"}]}
RESULT: undefined
COMMAND: POST /session/0bdb3503147a059981a1ac86823db15d/element - {"using":"xpath","value":"//*[@id=\"application-manageyards-display-component---NewYard--addressNewCostObjectCstID-vhi\"]"}
RESULT: {}
RESULT: {"using":"xpath","value":"//*[@id=\"application-manageyards-display-component---NewYard--addressNewCostObjectCstID-vhi\"]"}
COMMAND: POST /session/0bdb3503147a059981a1ac86823db15d/element/f.4BE6FF561D5B3686539153AD049B7B13.d.641317E7F086B8534077FF02E0D75402.e.3430/click - {}
RESULT: {}
COMMAND: GET /session/0bdb3503147a059981a1ac86823db15d/screenshot - {}
RESULT: {}
COMMAND: POST /session/0bdb3503147a059981a1ac86823db15d/execute/async - {"script":"<script> [1562 bytes]","args":[{"selector":{"controlType":"sap.m.SearchField","properties":{"placeholder":"Search"},"searchOpenDialogs":true,"interaction":{"idSuffix":"I"}},"wdio_ui5_key":"sapm.SearchField{\"placeholder\":\"Search\"}"}]}
RESULT: {"script":"<script> [1562 bytes]","args":[{"selector":{"controlType":"sap.m.SearchField","properties":{"placeholder":"Search"},"searchOpenDialogs":true,"interaction":{"idSuffix":"I"}},"wdio_ui5_key":"sapm.SearchField{\"placeholder\":\"Search\"}"}]}
RESULT: undefined
COMMAND: POST /session/0bdb3503147a059981a1ac86823db15d/execute/async - {"script":"<script> [776 bytes]","args":[{"enterText":"bauh_b","selector":{"controlType":"sap.m.SearchField","properties":{"placeholder":"Search"},"searchOpenDialogs":true,"interaction":{"idSuffix":"I"}},"clearTextFirst":true,"interactionType":"ENTER_TEXT"}]}
RESULT: {"script":"<script> [776 bytes]","args":[{"enterText":"bauh_b","selector":{"controlType":"sap.m.SearchField","properties":{"placeholder":"Search"},"searchOpenDialogs":true,"interaction":{"idSuffix":"I"}},"clearTextFirst":true,"interactionType":"ENTER_TEXT"}]}
COMMAND: POST /session/0bdb3503147a059981a1ac86823db15d/actions - {"actions":[{"id":"action10","type":"key","parameters":{},"actions":[{"type":"keyDown","value":"î€‡"},{"type":"pause","duration":10},{"type":"keyUp","value":"î€‡"}]}]}
RESULT: {"actions":[{"id":"action10","type":"key","parameters":{},"actions":[{"type":"keyDown","value":"î€‡"},{"type":"pause","duration":10},{"type":"keyUp","value":"î€‡"}]}]}
COMMAND: GET /session/0bdb3503147a059981a1ac86823db15d/screenshot - {}
RESULT: {}
COMMAND: POST /session/0bdb3503147a059981a1ac86823db15d/element - {"using":"xpath","value":"//span[contains(text(), \"Demo Yard\")]"}
RESULT: {"using":"xpath","value":"//span[contains(text(), \"Demo Yard\")]"}
COMMAND: POST /session/0bdb3503147a059981a1ac86823db15d/element/f.4BE6FF561D5B3686539153AD049B7B13.d.641317E7F086B8534077FF02E0D75402.e.3470/click - {}
RESULT: {}
COMMAND: GET /session/0bdb3503147a059981a1ac86823db15d/screenshot - {}
RESULT: {}
COMMAND: POST /session/0bdb3503147a059981a1ac86823db15d/element - {"using":"xpath","value":"//bdi[contains(text(), \"OK\")]"}
RESULT: {"using":"xpath","value":"//bdi[contains(text(), \"OK\")]"}
COMMAND: POST /session/0bdb3503147a059981a1ac86823db15d/element/f.4BE6FF561D5B3686539153AD049B7B13.d.641317E7F086B8534077FF02E0D75402.e.3471/click - {}
RESULT: {}
COMMAND: GET /session/0bdb3503147a059981a1ac86823db15d/screenshot - {}
RESULT: {}
COMMAND: POST /session/0bdb3503147a059981a1ac86823db15d/execute/async - {"script":"<script> [1562 bytes]","args":[{"selector":{"id":"application-manageyards-display-component---NewYard--addressEditDetailsCurrency-arrow"},"wdio_ui5_key":"applicationmanageyards-display-component---NewYard--addressEditDetailsCurrency-arrow"}]}
RESULT: {"script":"<script> [1562 bytes]","args":[{"selector":{"id":"application-manageyards-display-component---NewYard--addressEditDetailsCurrency-arrow"},"wdio_ui5_key":"applicationmanageyards-display-component---NewYard--addressEditDetailsCurrency-arrow"}]}
RESULT: undefined
COMMAND: POST /session/0bdb3503147a059981a1ac86823db15d/element - {"using":"xpath","value":"//*[@id=\"application-manageyards-display-component---NewYard--addressEditDetailsCurrency-arrow\"]"}
RESULT: {"using":"xpath","value":"//*[@id=\"application-manageyards-display-component---NewYard--addressEditDetailsCurrency-arrow\"]"}
COMMAND: POST /session/0bdb3503147a059981a1ac86823db15d/element/f.4BE6FF561D5B3686539153AD049B7B13.d.641317E7F086B8534077FF02E0D75402.e.3474/click - {}
RESULT: {}
COMMAND: POST /session/0bdb3503147a059981a1ac86823db15d/element - {"using":"xpath","value":"//span[contains(text(), \"Euro\")]"}
COMMAND: GET /session/0bdb3503147a059981a1ac86823db15d/screenshot - {}
RESULT: {"using":"xpath","value":"//span[contains(text(), \"Euro\")]"}
COMMAND: POST /session/0bdb3503147a059981a1ac86823db15d/element/f.4BE6FF561D5B3686539153AD049B7B13.d.641317E7F086B8534077FF02E0D75402.e.3475/click - {}
RESULT: {}
RESULT: {}
COMMAND: POST /session/0bdb3503147a059981a1ac86823db15d/execute/async - {"script":"<script> [1562 bytes]","args":[{"selector":{"controlType":"sap.m.Input","viewName":"etm.portal.ui.manageyards.view.New","viewId":"application-manageyards-display-component---NewYard","bindingPath":{"path":"","propertyPath":"/CONTROLLING_AREA","modelName":"NewYardModel"},"interaction":{"idSuffix":"inner"}},"wdio_ui5_key":"etmportal.ui.manageyards.view.Newsap.m.Input{\"path\":\"\",\"propertyPath\":\"/CONTROLLING_AREA\",\"modelName\":\"NewYardModel\"}"}]}
COMMAND: GET /session/0bdb3503147a059981a1ac86823db15d/screenshot - {}
RESULT: {"script":"<script> [1562 bytes]","args":[{"selector":{"controlType":"sap.m.Input","viewName":"etm.portal.ui.manageyards.view.New","viewId":"application-manageyards-display-component---NewYard","bindingPath":{"path":"","propertyPath":"/CONTROLLING_AREA","modelName":"NewYardModel"},"interaction":{"idSuffix":"inner"}},"wdio_ui5_key":"etmportal.ui.manageyards.view.Newsap.m.Input{\"path\":\"\",\"propertyPath\":\"/CONTROLLING_AREA\",\"modelName\":\"NewYardModel\"}"}]}
RESULT: undefined
COMMAND: POST /session/0bdb3503147a059981a1ac86823db15d/execute/async - {"script":"<script> [776 bytes]","args":[{"enterText":"Z001","selector":{"controlType":"sap.m.Input","viewName":"etm.portal.ui.manageyards.view.New","viewId":"application-manageyards-display-component---NewYard","bindingPath":{"path":"","propertyPath":"/CONTROLLING_AREA","modelName":"NewYardModel"},"interaction":{"idSuffix":"inner"}},"clearTextFirst":true,"interactionType":"ENTER_TEXT"}]}
RESULT: {}
RESULT: {"script":"<script> [776 bytes]","args":[{"enterText":"Z001","selector":{"controlType":"sap.m.Input","viewName":"etm.portal.ui.manageyards.view.New","viewId":"application-manageyards-display-component---NewYard","bindingPath":{"path":"","propertyPath":"/CONTROLLING_AREA","modelName":"NewYardModel"},"interaction":{"idSuffix":"inner"}},"clearTextFirst":true,"interactionType":"ENTER_TEXT"}]}
COMMAND: POST /session/0bdb3503147a059981a1ac86823db15d/execute/async - {"script":"<script> [1562 bytes]","args":[{"selector":{"id":"application-manageyards-display-component---NewYard--companyCodeComboBox","interaction":{"idSuffix":"inner"}},"wdio_ui5_key":"applicationmanageyards-display-component---NewYard--companyCodeComboBox"}]}
RESULT: {"script":"<script> [1562 bytes]","args":[{"selector":{"id":"application-manageyards-display-component---NewYard--companyCodeComboBox","interaction":{"idSuffix":"inner"}},"wdio_ui5_key":"applicationmanageyards-display-component---NewYard--companyCodeComboBox"}]}
RESULT: undefined
COMMAND: POST /session/0bdb3503147a059981a1ac86823db15d/execute/async - {"script":"<script> [776 bytes]","args":[{"enterText":"1000","selector":{"id":"application-manageyards-display-component---NewYard--companyCodeComboBox","interaction":{"idSuffix":"inner"}},"clearTextFirst":true,"interactionType":"ENTER_TEXT"}]}
RESULT: {"script":"<script> [776 bytes]","args":[{"enterText":"1000","selector":{"id":"application-manageyards-display-component---NewYard--companyCodeComboBox","interaction":{"idSuffix":"inner"}},"clearTextFirst":true,"interactionType":"ENTER_TEXT"}]}
COMMAND: POST /session/0bdb3503147a059981a1ac86823db15d/execute/async - {"script":"<script> [1562 bytes]","args":[{"selector":{"controlType":"sap.m.Input","viewName":"etm.portal.ui.manageyards.view.New","viewId":"application-manageyards-display-component---NewYard","bindingPath":{"path":"","propertyPath":"/PLANT","modelName":"NewYardModel"},"interaction":{"idSuffix":"inner"}},"wdio_ui5_key":"etmportal.ui.manageyards.view.Newsap.m.Input{\"path\":\"\",\"propertyPath\":\"/PLANT\",\"modelName\":\"NewYardModel\"}"}]}
RESULT: {"script":"<script> [1562 bytes]","args":[{"selector":{"controlType":"sap.m.Input","viewName":"etm.portal.ui.manageyards.view.New","viewId":"application-manageyards-display-component---NewYard","bindingPath":{"path":"","propertyPath":"/PLANT","modelName":"NewYardModel"},"interaction":{"idSuffix":"inner"}},"wdio_ui5_key":"etmportal.ui.manageyards.view.Newsap.m.Input{\"path\":\"\",\"propertyPath\":\"/PLANT\",\"modelName\":\"NewYardModel\"}"}]}
RESULT: undefined
COMMAND: POST /session/0bdb3503147a059981a1ac86823db15d/execute/async - {"script":"<script> [776 bytes]","args":[{"enterText":"1001","selector":{"controlType":"sap.m.Input","viewName":"etm.portal.ui.manageyards.view.New","viewId":"application-manageyards-display-component---NewYard","bindingPath":{"path":"","propertyPath":"/PLANT","modelName":"NewYardModel"},"interaction":{"idSuffix":"inner"}},"clearTextFirst":true,"interactionType":"ENTER_TEXT"}]}
RESULT: {"script":"<script> [776 bytes]","args":[{"enterText":"1001","selector":{"controlType":"sap.m.Input","viewName":"etm.portal.ui.manageyards.view.New","viewId":"application-manageyards-display-component---NewYard","bindingPath":{"path":"","propertyPath":"/PLANT","modelName":"NewYardModel"},"interaction":{"idSuffix":"inner"}},"clearTextFirst":true,"interactionType":"ENTER_TEXT"}]}
COMMAND: POST /session/0bdb3503147a059981a1ac86823db15d/execute/async - {"script":"<script> [1562 bytes]","args":[{"selector":{"controlType":"sap.m.Input","viewName":"etm.portal.ui.manageyards.view.New","viewId":"application-manageyards-display-component---NewYard","bindingPath":{"path":"","propertyPath":"/SALES_AREA_VKORG","modelName":"NewYardModel"},"interaction":{"idSuffix":"inner"}},"wdio_ui5_key":"etmportal.ui.manageyards.view.Newsap.m.Input{\"path\":\"\",\"propertyPath\":\"/SALES_AREA_VKORG\",\"modelName\":\"NewYardModel\"}"}]}
RESULT: {"script":"<script> [1562 bytes]","args":[{"selector":{"controlType":"sap.m.Input","viewName":"etm.portal.ui.manageyards.view.New","viewId":"application-manageyards-display-component---NewYard","bindingPath":{"path":"","propertyPath":"/SALES_AREA_VKORG","modelName":"NewYardModel"},"interaction":{"idSuffix":"inner"}},"wdio_ui5_key":"etmportal.ui.manageyards.view.Newsap.m.Input{\"path\":\"\",\"propertyPath\":\"/SALES_AREA_VKORG\",\"modelName\":\"NewYardModel\"}"}]}
RESULT: undefined
COMMAND: POST /session/0bdb3503147a059981a1ac86823db15d/execute/async - {"script":"<script> [776 bytes]","args":[{"enterText":"C002","selector":{"controlType":"sap.m.Input","viewName":"etm.portal.ui.manageyards.view.New","viewId":"application-manageyards-display-component---NewYard","bindingPath":{"path":"","propertyPath":"/SALES_AREA_VKORG","modelName":"NewYardModel"},"interaction":{"idSuffix":"inner"}},"clearTextFirst":true,"interactionType":"ENTER_TEXT"}]}
RESULT: {"script":"<script> [776 bytes]","args":[{"enterText":"C002","selector":{"controlType":"sap.m.Input","viewName":"etm.portal.ui.manageyards.view.New","viewId":"application-manageyards-display-component---NewYard","bindingPath":{"path":"","propertyPath":"/SALES_AREA_VKORG","modelName":"NewYardModel"},"interaction":{"idSuffix":"inner"}},"clearTextFirst":true,"interactionType":"ENTER_TEXT"}]}
COMMAND: POST /session/0bdb3503147a059981a1ac86823db15d/execute/async - {"script":"<script> [1562 bytes]","args":[{"selector":{"controlType":"sap.m.Input","viewName":"etm.portal.ui.manageyards.view.New","viewId":"application-manageyards-display-component---NewYard","bindingPath":{"path":"","propertyPath":"/SALES_AREA_VTWEG","modelName":"NewYardModel"},"interaction":{"idSuffix":"inner"}},"wdio_ui5_key":"etmportal.ui.manageyards.view.Newsap.m.Input{\"path\":\"\",\"propertyPath\":\"/SALES_AREA_VTWEG\",\"modelName\":\"NewYardModel\"}"}]}
RESULT: {"script":"<script> [1562 bytes]","args":[{"selector":{"controlType":"sap.m.Input","viewName":"etm.portal.ui.manageyards.view.New","viewId":"application-manageyards-display-component---NewYard","bindingPath":{"path":"","propertyPath":"/SALES_AREA_VTWEG","modelName":"NewYardModel"},"interaction":{"idSuffix":"inner"}},"wdio_ui5_key":"etmportal.ui.manageyards.view.Newsap.m.Input{\"path\":\"\",\"propertyPath\":\"/SALES_AREA_VTWEG\",\"modelName\":\"NewYardModel\"}"}]}
RESULT: undefined
COMMAND: POST /session/0bdb3503147a059981a1ac86823db15d/execute/async - {"script":"<script> [776 bytes]","args":[{"enterText":"C2","selector":{"controlType":"sap.m.Input","viewName":"etm.portal.ui.manageyards.view.New","viewId":"application-manageyards-display-component---NewYard","bindingPath":{"path":"","propertyPath":"/SALES_AREA_VTWEG","modelName":"NewYardModel"},"interaction":{"idSuffix":"inner"}},"clearTextFirst":true,"interactionType":"ENTER_TEXT"}]}
RESULT: {"script":"<script> [776 bytes]","args":[{"enterText":"C2","selector":{"controlType":"sap.m.Input","viewName":"etm.portal.ui.manageyards.view.New","viewId":"application-manageyards-display-component---NewYard","bindingPath":{"path":"","propertyPath":"/SALES_AREA_VTWEG","modelName":"NewYardModel"},"interaction":{"idSuffix":"inner"}},"clearTextFirst":true,"interactionType":"ENTER_TEXT"}]}
COMMAND: POST /session/0bdb3503147a059981a1ac86823db15d/execute/async - {"script":"<script> [1562 bytes]","args":[{"selector":{"controlType":"sap.m.Input","viewName":"etm.portal.ui.manageyards.view.New","viewId":"application-manageyards-display-component---NewYard","bindingPath":{"path":"","propertyPath":"/SALES_AREA_SPART","modelName":"NewYardModel"},"interaction":{"idSuffix":"inner"}},"wdio_ui5_key":"etmportal.ui.manageyards.view.Newsap.m.Input{\"path\":\"\",\"propertyPath\":\"/SALES_AREA_SPART\",\"modelName\":\"NewYardModel\"}"}]}
RESULT: {"script":"<script> [1562 bytes]","args":[{"selector":{"controlType":"sap.m.Input","viewName":"etm.portal.ui.manageyards.view.New","viewId":"application-manageyards-display-component---NewYard","bindingPath":{"path":"","propertyPath":"/SALES_AREA_SPART","modelName":"NewYardModel"},"interaction":{"idSuffix":"inner"}},"wdio_ui5_key":"etmportal.ui.manageyards.view.Newsap.m.Input{\"path\":\"\",\"propertyPath\":\"/SALES_AREA_SPART\",\"modelName\":\"NewYardModel\"}"}]}
RESULT: undefined
COMMAND: POST /session/0bdb3503147a059981a1ac86823db15d/execute/async - {"script":"<script> [776 bytes]","args":[{"enterText":"C2","selector":{"controlType":"sap.m.Input","viewName":"etm.portal.ui.manageyards.view.New","viewId":"application-manageyards-display-component---NewYard","bindingPath":{"path":"","propertyPath":"/SALES_AREA_SPART","modelName":"NewYardModel"},"interaction":{"idSuffix":"inner"}},"clearTextFirst":true,"interactionType":"ENTER_TEXT"}]}
RESULT: {"script":"<script> [776 bytes]","args":[{"enterText":"C2","selector":{"controlType":"sap.m.Input","viewName":"etm.portal.ui.manageyards.view.New","viewId":"application-manageyards-display-component---NewYard","bindingPath":{"path":"","propertyPath":"/SALES_AREA_SPART","modelName":"NewYardModel"},"interaction":{"idSuffix":"inner"}},"clearTextFirst":true,"interactionType":"ENTER_TEXT"}]}
COMMAND: POST /session/0bdb3503147a059981a1ac86823db15d/execute/async - {"script":"<script> [1562 bytes]","args":[{"selector":{"controlType":"sap.m.Input","viewName":"etm.portal.ui.manageyards.view.New","viewId":"application-manageyards-display-component---NewYard","bindingPath":{"path":"","propertyPath":"/SHIP_POINT","modelName":"NewYardModel"},"interaction":{"idSuffix":"inner"}},"wdio_ui5_key":"etmportal.ui.manageyards.view.Newsap.m.Input{\"path\":\"\",\"propertyPath\":\"/SHIP_POINT\",\"modelName\":\"NewYardModel\"}"}]}
RESULT: {"script":"<script> [1562 bytes]","args":[{"selector":{"controlType":"sap.m.Input","viewName":"etm.portal.ui.manageyards.view.New","viewId":"application-manageyards-display-component---NewYard","bindingPath":{"path":"","propertyPath":"/SHIP_POINT","modelName":"NewYardModel"},"interaction":{"idSuffix":"inner"}},"wdio_ui5_key":"etmportal.ui.manageyards.view.Newsap.m.Input{\"path\":\"\",\"propertyPath\":\"/SHIP_POINT\",\"modelName\":\"NewYardModel\"}"}]}
RESULT: undefined
COMMAND: POST /session/0bdb3503147a059981a1ac86823db15d/execute/async - {"script":"<script> [776 bytes]","args":[{"enterText":"1710","selector":{"controlType":"sap.m.Input","viewName":"etm.portal.ui.manageyards.view.New","viewId":"application-manageyards-display-component---NewYard","bindingPath":{"path":"","propertyPath":"/SHIP_POINT","modelName":"NewYardModel"},"interaction":{"idSuffix":"inner"}},"clearTextFirst":true,"interactionType":"ENTER_TEXT"}]}
RESULT: {"script":"<script> [776 bytes]","args":[{"enterText":"1710","selector":{"controlType":"sap.m.Input","viewName":"etm.portal.ui.manageyards.view.New","viewId":"application-manageyards-display-component---NewYard","bindingPath":{"path":"","propertyPath":"/SHIP_POINT","modelName":"NewYardModel"},"interaction":{"idSuffix":"inner"}},"clearTextFirst":true,"interactionType":"ENTER_TEXT"}]}
COMMAND: POST /session/0bdb3503147a059981a1ac86823db15d/execute/async - {"script":"<script> [1562 bytes]","args":[{"selector":{"controlType":"sap.m.Input","viewName":"etm.portal.ui.manageyards.view.New","viewId":"application-manageyards-display-component---NewYard","bindingPath":{"path":"","propertyPath":"/DELIVERY_TYPE","modelName":"NewYardModel"},"interaction":{"idSuffix":"inner"}},"wdio_ui5_key":"etmportal.ui.manageyards.view.Newsap.m.Input{\"path\":\"\",\"propertyPath\":\"/DELIVERY_TYPE\",\"modelName\":\"NewYardModel\"}"}]}
RESULT: {"script":"<script> [1562 bytes]","args":[{"selector":{"controlType":"sap.m.Input","viewName":"etm.portal.ui.manageyards.view.New","viewId":"application-manageyards-display-component---NewYard","bindingPath":{"path":"","propertyPath":"/DELIVERY_TYPE","modelName":"NewYardModel"},"interaction":{"idSuffix":"inner"}},"wdio_ui5_key":"etmportal.ui.manageyards.view.Newsap.m.Input{\"path\":\"\",\"propertyPath\":\"/DELIVERY_TYPE\",\"modelName\":\"NewYardModel\"}"}]}
RESULT: undefined
COMMAND: POST /session/0bdb3503147a059981a1ac86823db15d/execute/async - {"script":"<script> [776 bytes]","args":[{"enterText":"ZL01","selector":{"controlType":"sap.m.Input","viewName":"etm.portal.ui.manageyards.view.New","viewId":"application-manageyards-display-component---NewYard","bindingPath":{"path":"","propertyPath":"/DELIVERY_TYPE","modelName":"NewYardModel"},"interaction":{"idSuffix":"inner"}},"clearTextFirst":true,"interactionType":"ENTER_TEXT"}]}
RESULT: {"script":"<script> [776 bytes]","args":[{"enterText":"ZL01","selector":{"controlType":"sap.m.Input","viewName":"etm.portal.ui.manageyards.view.New","viewId":"application-manageyards-display-component---NewYard","bindingPath":{"path":"","propertyPath":"/DELIVERY_TYPE","modelName":"NewYardModel"},"interaction":{"idSuffix":"inner"}},"clearTextFirst":true,"interactionType":"ENTER_TEXT"}]}
COMMAND: POST /session/0bdb3503147a059981a1ac86823db15d/execute/async - {"script":"<script> [1562 bytes]","args":[{"selector":{"controlType":"sap.m.Input","viewName":"etm.portal.ui.manageyards.view.New","viewId":"application-manageyards-display-component---NewYard","bindingPath":{"path":"","propertyPath":"/AUART","modelName":"NewYardModel"},"interaction":{"idSuffix":"inner"}},"wdio_ui5_key":"etmportal.ui.manageyards.view.Newsap.m.Input{\"path\":\"\",\"propertyPath\":\"/AUART\",\"modelName\":\"NewYardModel\"}"}]}
RESULT: {"script":"<script> [1562 bytes]","args":[{"selector":{"controlType":"sap.m.Input","viewName":"etm.portal.ui.manageyards.view.New","viewId":"application-manageyards-display-component---NewYard","bindingPath":{"path":"","propertyPath":"/AUART","modelName":"NewYardModel"},"interaction":{"idSuffix":"inner"}},"wdio_ui5_key":"etmportal.ui.manageyards.view.Newsap.m.Input{\"path\":\"\",\"propertyPath\":\"/AUART\",\"modelName\":\"NewYardModel\"}"}]}
RESULT: undefined
COMMAND: POST /session/0bdb3503147a059981a1ac86823db15d/execute/async - {"script":"<script> [776 bytes]","args":[{"enterText":"TA","selector":{"controlType":"sap.m.Input","viewName":"etm.portal.ui.manageyards.view.New","viewId":"application-manageyards-display-component---NewYard","bindingPath":{"path":"","propertyPath":"/AUART","modelName":"NewYardModel"},"interaction":{"idSuffix":"inner"}},"clearTextFirst":true,"interactionType":"ENTER_TEXT"}]}
RESULT: {"script":"<script> [776 bytes]","args":[{"enterText":"TA","selector":{"controlType":"sap.m.Input","viewName":"etm.portal.ui.manageyards.view.New","viewId":"application-manageyards-display-component---NewYard","bindingPath":{"path":"","propertyPath":"/AUART","modelName":"NewYardModel"},"interaction":{"idSuffix":"inner"}},"clearTextFirst":true,"interactionType":"ENTER_TEXT"}]}
COMMAND: POST /session/0bdb3503147a059981a1ac86823db15d/execute/async - {"script":"<script> [1562 bytes]","args":[{"selector":{"id":"application-manageyards-display-component---NewYard--whmCheckBox","interaction":{"idSuffix":"CbBg"}},"wdio_ui5_key":"applicationmanageyards-display-component---NewYard--whmCheckBox"}]}
RESULT: {"script":"<script> [1562 bytes]","args":[{"selector":{"id":"application-manageyards-display-component---NewYard--whmCheckBox","interaction":{"idSuffix":"CbBg"}},"wdio_ui5_key":"applicationmanageyards-display-component---NewYard--whmCheckBox"}]}
RESULT: undefined
COMMAND: POST /session/0bdb3503147a059981a1ac86823db15d/element - {"using":"xpath","value":"//*[@id=\"application-manageyards-display-component---NewYard--whmCheckBox\"]"}
RESULT: {"using":"xpath","value":"//*[@id=\"application-manageyards-display-component---NewYard--whmCheckBox\"]"}
COMMAND: POST /session/0bdb3503147a059981a1ac86823db15d/element/f.4BE6FF561D5B3686539153AD049B7B13.d.641317E7F086B8534077FF02E0D75402.e.3495/click - {}
RESULT: {}
COMMAND: GET /session/0bdb3503147a059981a1ac86823db15d/screenshot - {}
RESULT: {}
COMMAND: POST /session/0bdb3503147a059981a1ac86823db15d/element - {"using":"xpath","value":"//button[@data-kt=\"newYardSaveButton\"]"}
RESULT: {"using":"xpath","value":"//button[@data-kt=\"newYardSaveButton\"]"}
COMMAND: POST /session/0bdb3503147a059981a1ac86823db15d/element/f.4BE6FF561D5B3686539153AD049B7B13.d.641317E7F086B8534077FF02E0D75402.e.3379/click - {}
RESULT: {}
COMMAND: GET /session/0bdb3503147a059981a1ac86823db15d/screenshot - {}
RESULT: {}
COMMAND: POST /session/0bdb3503147a059981a1ac86823db15d/element - {"using":"xpath","value":"//header[contains(@id, 'ObjectPageLayout-headerTitle')]/div[1]/div[2]/div[1]/span[1]"}
RESULT: {"using":"xpath","value":"//header[contains(@id, 'ObjectPageLayout-headerTitle')]/div[1]/div[2]/div[1]/span[1]"}
COMMAND: POST /session/0bdb3503147a059981a1ac86823db15d/elements - {"using":"xpath","value":"//header[contains(@id, 'ObjectPageLayout-headerTitle')]/div[1]/div[2]/div[1]/span[1]"}
RESULT: {"using":"xpath","value":"//header[contains(@id, 'ObjectPageLayout-headerTitle')]/div[1]/div[2]/div[1]/span[1]"}
COMMAND: POST /session/0bdb3503147a059981a1ac86823db15d/execute/sync - {"script":"<script> [56 bytes]","args":[{"element-6066-11e4-a52e-4f735466cecf":"f.4BE6FF561D5B3686539153AD049B7B13.d.641317E7F086B8534077FF02E0D75402.e.3698","ELEMENT":"f.4BE6FF561D5B3686539153AD049B7B13.d.641317E7F086B8534077FF02E0D75402.e.3698"}]}
RESULT: {"script":"<script> [56 bytes]","args":[{"element-6066-11e4-a52e-4f735466cecf":"f.4BE6FF561D5B3686539153AD049B7B13.d.641317E7F086B8534077FF02E0D75402.e.3698","ELEMENT":"f.4BE6FF561D5B3686539153AD049B7B13.d.641317E7F086B8534077FF02E0D75402.e.3698"}]}
COMMAND: GET /session/0bdb3503147a059981a1ac86823db15d/screenshot - {}
RESULT: {}
COMMAND: POST /session/0bdb3503147a059981a1ac86823db15d/element - {"using":"css selector","value":"#shell-header-logo"}
RESULT: {"using":"css selector","value":"#shell-header-logo"}
COMMAND: POST /session/0bdb3503147a059981a1ac86823db15d/element/f.4BE6FF561D5B3686539153AD049B7B13.d.641317E7F086B8534077FF02E0D75402.e.2953/click - {}
RESULT: {}
COMMAND: GET /session/0bdb3503147a059981a1ac86823db15d/screenshot - {}
RESULT: {}
COMMAND: POST /session/0bdb3503147a059981a1ac86823db15d/execute/sync - {"script":"<script> [299 bytes]","args":[["getModel","getResource"]]}
RESULT: {"script":"<script> [299 bytes]","args":[["getModel","getResource"]]}
COMMAND: GET /session/0bdb3503147a059981a1ac86823db15d/screenshot - {}
]]></system-out>
    </testcase>
    <testcase classname="chrome.136_0_7103_93.windows.Create_masterdata_for_Yard_Overview_-_trigger_provide_US130988" name="Should create a new external partner" time="88.62">
      <system-out><![CDATA[
COMMAND: POST /session/0bdb3503147a059981a1ac86823db15d/window/fullscreen - {}
RESULT: {}
RESULT: {}
COMMAND: POST /session/0bdb3503147a059981a1ac86823db15d/execute/async - {"script":"<script> [1562 bytes]","args":[{"selector":{"controlType":"sap.m.GenericTile","properties":{"header":"Manage Partners"}},"wdio_ui5_key":"sapm.GenericTile{\"header\":\"Manage Partners\"}"}]}
RESULT: {"script":"<script> [1562 bytes]","args":[{"selector":{"controlType":"sap.m.GenericTile","properties":{"header":"Manage Partners"}},"wdio_ui5_key":"sapm.GenericTile{\"header\":\"Manage Partners\"}"}]}
RESULT: undefined
COMMAND: POST /session/0bdb3503147a059981a1ac86823db15d/element - {"using":"xpath","value":"//*[@id=\"__tile38\"]"}
RESULT: {"using":"xpath","value":"//*[@id=\"__tile38\"]"}
COMMAND: POST /session/0bdb3503147a059981a1ac86823db15d/element/f.4BE6FF561D5B3686539153AD049B7B13.d.641317E7F086B8534077FF02E0D75402.e.2842/click - {}
RESULT: {}
COMMAND: GET /session/0bdb3503147a059981a1ac86823db15d/screenshot - {}
RESULT: {}
COMMAND: POST /session/0bdb3503147a059981a1ac86823db15d/elements - {"using":"xpath","value":"//span[text()='Error']"}
RESULT: {"using":"xpath","value":"//span[text()='Error']"}
COMMAND: POST /session/0bdb3503147a059981a1ac86823db15d/element - {"using":"xpath","value":"//button[@data-kt=\"addButton\"]"}
RESULT: {"using":"xpath","value":"//button[@data-kt=\"addButton\"]"}
COMMAND: POST /session/0bdb3503147a059981a1ac86823db15d/elements - {"using":"xpath","value":"//button[@data-kt=\"addButton\"]"}
RESULT: {"using":"xpath","value":"//button[@data-kt=\"addButton\"]"}
COMMAND: POST /session/0bdb3503147a059981a1ac86823db15d/execute/sync - {"script":"<script> [8489 bytes]","args":[{"element-6066-11e4-a52e-4f735466cecf":"f.4BE6FF561D5B3686539153AD049B7B13.d.641317E7F086B8534077FF02E0D75402.e.3747","ELEMENT":"f.4BE6FF561D5B3686539153AD049B7B13.d.641317E7F086B8534077FF02E0D75402.e.3747"}]}
RESULT: {"script":"<script> [8489 bytes]","args":[{"element-6066-11e4-a52e-4f735466cecf":"f.4BE6FF561D5B3686539153AD049B7B13.d.641317E7F086B8534077FF02E0D75402.e.3747","ELEMENT":"f.4BE6FF561D5B3686539153AD049B7B13.d.641317E7F086B8534077FF02E0D75402.e.3747"}]}
COMMAND: GET /session/0bdb3503147a059981a1ac86823db15d/element/f.4BE6FF561D5B3686539153AD049B7B13.d.641317E7F086B8534077FF02E0D75402.e.3747/enabled - {}
COMMAND: GET /session/0bdb3503147a059981a1ac86823db15d/screenshot - {}
RESULT: {}
COMMAND: POST /session/0bdb3503147a059981a1ac86823db15d/execute/sync - {"script":"<script> [8489 bytes]","args":[{"element-6066-11e4-a52e-4f735466cecf":"f.4BE6FF561D5B3686539153AD049B7B13.d.641317E7F086B8534077FF02E0D75402.e.3747","ELEMENT":"f.4BE6FF561D5B3686539153AD049B7B13.d.641317E7F086B8534077FF02E0D75402.e.3747"}]}
COMMAND: GET /session/0bdb3503147a059981a1ac86823db15d/screenshot - {}
RESULT: {}
RESULT: {"script":"<script> [8489 bytes]","args":[{"element-6066-11e4-a52e-4f735466cecf":"f.4BE6FF561D5B3686539153AD049B7B13.d.641317E7F086B8534077FF02E0D75402.e.3747","ELEMENT":"f.4BE6FF561D5B3686539153AD049B7B13.d.641317E7F086B8534077FF02E0D75402.e.3747"}]}
COMMAND: POST /session/0bdb3503147a059981a1ac86823db15d/execute/sync - {"script":"<script> [5351 bytes]","args":[{"element-6066-11e4-a52e-4f735466cecf":"f.4BE6FF561D5B3686539153AD049B7B13.d.641317E7F086B8534077FF02E0D75402.e.3747","ELEMENT":"f.4BE6FF561D5B3686539153AD049B7B13.d.641317E7F086B8534077FF02E0D75402.e.3747"}]}
COMMAND: GET /session/0bdb3503147a059981a1ac86823db15d/screenshot - {}
RESULT: {}
RESULT: {"script":"<script> [5351 bytes]","args":[{"element-6066-11e4-a52e-4f735466cecf":"f.4BE6FF561D5B3686539153AD049B7B13.d.641317E7F086B8534077FF02E0D75402.e.3747","ELEMENT":"f.4BE6FF561D5B3686539153AD049B7B13.d.641317E7F086B8534077FF02E0D75402.e.3747"}]}
COMMAND: POST /session/0bdb3503147a059981a1ac86823db15d/element/f.4BE6FF561D5B3686539153AD049B7B13.d.641317E7F086B8534077FF02E0D75402.e.3747/click - {}
COMMAND: GET /session/0bdb3503147a059981a1ac86823db15d/screenshot - {}
RESULT: {}
RESULT: {}
COMMAND: GET /session/0bdb3503147a059981a1ac86823db15d/screenshot - {}
COMMAND: POST /session/0bdb3503147a059981a1ac86823db15d/execute/async - {"script":"<script> [1562 bytes]","args":[{"selector":{"id":"application-managepartners-display-component---NewPartner--addressDetailDetailsName1","interaction":{"idSuffix":"inner"}},"wdio_ui5_key":"applicationmanagepartners-display-component---NewPartner--addressDetailDetailsName1"}]}
RESULT: {}
RESULT: {}
RESULT: {"script":"<script> [1562 bytes]","args":[{"selector":{"id":"application-managepartners-display-component---NewPartner--addressDetailDetailsName1","interaction":{"idSuffix":"inner"}},"wdio_ui5_key":"applicationmanagepartners-display-component---NewPartner--addressDetailDetailsName1"}]}
RESULT: undefined
COMMAND: POST /session/0bdb3503147a059981a1ac86823db15d/execute/async - {"script":"<script> [776 bytes]","args":[{"enterText":"External Partner WDIO","selector":{"id":"application-managepartners-display-component---NewPartner--addressDetailDetailsName1","interaction":{"idSuffix":"inner"}},"clearTextFirst":true,"interactionType":"ENTER_TEXT"}]}
RESULT: {"script":"<script> [776 bytes]","args":[{"enterText":"External Partner WDIO","selector":{"id":"application-managepartners-display-component---NewPartner--addressDetailDetailsName1","interaction":{"idSuffix":"inner"}},"clearTextFirst":true,"interactionType":"ENTER_TEXT"}]}
COMMAND: POST /session/0bdb3503147a059981a1ac86823db15d/execute/async - {"script":"<script> [1562 bytes]","args":[{"selector":{"id":"application-managepartners-display-component---NewPartner--addressDetailDetailsLanguage-arrow"},"wdio_ui5_key":"applicationmanagepartners-display-component---NewPartner--addressDetailDetailsLanguage-arrow"}]}
RESULT: {"script":"<script> [1562 bytes]","args":[{"selector":{"id":"application-managepartners-display-component---NewPartner--addressDetailDetailsLanguage-arrow"},"wdio_ui5_key":"applicationmanagepartners-display-component---NewPartner--addressDetailDetailsLanguage-arrow"}]}
RESULT: undefined
COMMAND: POST /session/0bdb3503147a059981a1ac86823db15d/element - {"using":"xpath","value":"//*[@id=\"application-managepartners-display-component---NewPartner--addressDetailDetailsLanguage-arrow\"]"}
RESULT: {"using":"xpath","value":"//*[@id=\"application-managepartners-display-component---NewPartner--addressDetailDetailsLanguage-arrow\"]"}
COMMAND: POST /session/0bdb3503147a059981a1ac86823db15d/element/f.4BE6FF561D5B3686539153AD049B7B13.d.641317E7F086B8534077FF02E0D75402.e.4190/click - {}
RESULT: {}
COMMAND: POST /session/0bdb3503147a059981a1ac86823db15d/element - {"using":"xpath","value":"//span[contains(text(), \"English\")]"}
COMMAND: GET /session/0bdb3503147a059981a1ac86823db15d/screenshot - {}
RESULT: {"using":"xpath","value":"//span[contains(text(), \"English\")]"}
COMMAND: POST /session/0bdb3503147a059981a1ac86823db15d/element/f.4BE6FF561D5B3686539153AD049B7B13.d.641317E7F086B8534077FF02E0D75402.e.4191/click - {}
RESULT: {}
RESULT: {}
COMMAND: GET /session/0bdb3503147a059981a1ac86823db15d/screenshot - {}
RESULT: {}
COMMAND: POST /session/0bdb3503147a059981a1ac86823db15d/execute/async - {"script":"<script> [1562 bytes]","args":[{"selector":{"id":"application-managepartners-display-component---NewPartner--addressDetailDetailsCity1","interaction":{"idSuffix":"inner"}},"wdio_ui5_key":"applicationmanagepartners-display-component---NewPartner--addressDetailDetailsCity1"}]}
RESULT: {"script":"<script> [1562 bytes]","args":[{"selector":{"id":"application-managepartners-display-component---NewPartner--addressDetailDetailsCity1","interaction":{"idSuffix":"inner"}},"wdio_ui5_key":"applicationmanagepartners-display-component---NewPartner--addressDetailDetailsCity1"}]}
RESULT: undefined
COMMAND: POST /session/0bdb3503147a059981a1ac86823db15d/execute/async - {"script":"<script> [776 bytes]","args":[{"enterText":"Rosario","selector":{"id":"application-managepartners-display-component---NewPartner--addressDetailDetailsCity1","interaction":{"idSuffix":"inner"}},"clearTextFirst":true,"interactionType":"ENTER_TEXT"}]}
RESULT: {"script":"<script> [776 bytes]","args":[{"enterText":"Rosario","selector":{"id":"application-managepartners-display-component---NewPartner--addressDetailDetailsCity1","interaction":{"idSuffix":"inner"}},"clearTextFirst":true,"interactionType":"ENTER_TEXT"}]}
COMMAND: POST /session/0bdb3503147a059981a1ac86823db15d/execute/async - {"script":"<script> [1562 bytes]","args":[{"selector":{"id":"application-managepartners-display-component---NewPartner--addressDetailDetailsCountry-arrow"},"wdio_ui5_key":"applicationmanagepartners-display-component---NewPartner--addressDetailDetailsCountry-arrow"}]}
RESULT: {"script":"<script> [1562 bytes]","args":[{"selector":{"id":"application-managepartners-display-component---NewPartner--addressDetailDetailsCountry-arrow"},"wdio_ui5_key":"applicationmanagepartners-display-component---NewPartner--addressDetailDetailsCountry-arrow"}]}
RESULT: undefined
COMMAND: POST /session/0bdb3503147a059981a1ac86823db15d/element - {"using":"xpath","value":"//*[@id=\"application-managepartners-display-component---NewPartner--addressDetailDetailsCountry-arrow\"]"}
RESULT: {"using":"xpath","value":"//*[@id=\"application-managepartners-display-component---NewPartner--addressDetailDetailsCountry-arrow\"]"}
COMMAND: POST /session/0bdb3503147a059981a1ac86823db15d/element/f.4BE6FF561D5B3686539153AD049B7B13.d.641317E7F086B8534077FF02E0D75402.e.4177/click - {}
RESULT: {}
COMMAND: POST /session/0bdb3503147a059981a1ac86823db15d/element - {"using":"xpath","value":"//span[contains(text(), \"Argentina\")]"}
COMMAND: GET /session/0bdb3503147a059981a1ac86823db15d/screenshot - {}
RESULT: {"using":"xpath","value":"//span[contains(text(), \"Argentina\")]"}
COMMAND: POST /session/0bdb3503147a059981a1ac86823db15d/element/f.4BE6FF561D5B3686539153AD049B7B13.d.641317E7F086B8534077FF02E0D75402.e.4193/click - {}
RESULT: {}
RESULT: {}
COMMAND: GET /session/0bdb3503147a059981a1ac86823db15d/screenshot - {}
RESULT: {}
COMMAND: POST /session/0bdb3503147a059981a1ac86823db15d/element - {"using":"xpath","value":"//bdi[contains(text(), \"Commercial\")]"}
RESULT: {"using":"xpath","value":"//bdi[contains(text(), \"Commercial\")]"}
COMMAND: POST /session/0bdb3503147a059981a1ac86823db15d/element/f.4BE6FF561D5B3686539153AD049B7B13.d.641317E7F086B8534077FF02E0D75402.e.4194/click - {}
RESULT: {}
COMMAND: GET /session/0bdb3503147a059981a1ac86823db15d/screenshot - {}
RESULT: {}
COMMAND: POST /session/0bdb3503147a059981a1ac86823db15d/execute/async - {"script":"<script> [1562 bytes]","args":[{"selector":{"id":"application-managepartners-display-component---NewPartner--partnerDetailInternal-arrow"},"wdio_ui5_key":"applicationmanagepartners-display-component---NewPartner--partnerDetailInternal-arrow"}]}
RESULT: {"script":"<script> [1562 bytes]","args":[{"selector":{"id":"application-managepartners-display-component---NewPartner--partnerDetailInternal-arrow"},"wdio_ui5_key":"applicationmanagepartners-display-component---NewPartner--partnerDetailInternal-arrow"}]}
RESULT: undefined
COMMAND: POST /session/0bdb3503147a059981a1ac86823db15d/element - {"using":"xpath","value":"//*[@id=\"application-managepartners-display-component---NewPartner--partnerDetailInternal-arrow\"]"}
RESULT: {"using":"xpath","value":"//*[@id=\"application-managepartners-display-component---NewPartner--partnerDetailInternal-arrow\"]"}
COMMAND: POST /session/0bdb3503147a059981a1ac86823db15d/element/f.4BE6FF561D5B3686539153AD049B7B13.d.641317E7F086B8534077FF02E0D75402.e.4202/click - {}
RESULT: {}
COMMAND: POST /session/0bdb3503147a059981a1ac86823db15d/element - {"using":"xpath","value":"//span[contains(text(), \"External partner\")]"}
COMMAND: GET /session/0bdb3503147a059981a1ac86823db15d/screenshot - {}
RESULT: {"using":"xpath","value":"//span[contains(text(), \"External partner\")]"}
COMMAND: POST /session/0bdb3503147a059981a1ac86823db15d/element/f.4BE6FF561D5B3686539153AD049B7B13.d.641317E7F086B8534077FF02E0D75402.e.4203/click - {}
RESULT: {}
RESULT: {}
COMMAND: POST /session/0bdb3503147a059981a1ac86823db15d/execute/async - {"script":"<script> [1562 bytes]","args":[{"selector":{"id":"application-managepartners-display-component---NewPartner--partnerDetailsCurrency-arrow"},"wdio_ui5_key":"applicationmanagepartners-display-component---NewPartner--partnerDetailsCurrency-arrow"}]}
COMMAND: GET /session/0bdb3503147a059981a1ac86823db15d/screenshot - {}
RESULT: {"script":"<script> [1562 bytes]","args":[{"selector":{"id":"application-managepartners-display-component---NewPartner--partnerDetailsCurrency-arrow"},"wdio_ui5_key":"applicationmanagepartners-display-component---NewPartner--partnerDetailsCurrency-arrow"}]}
RESULT: undefined
COMMAND: POST /session/0bdb3503147a059981a1ac86823db15d/element - {"using":"xpath","value":"//*[@id=\"application-managepartners-display-component---NewPartner--partnerDetailsCurrency-arrow\"]"}
RESULT: {}
RESULT: {"using":"xpath","value":"//*[@id=\"application-managepartners-display-component---NewPartner--partnerDetailsCurrency-arrow\"]"}
COMMAND: POST /session/0bdb3503147a059981a1ac86823db15d/element/f.4BE6FF561D5B3686539153AD049B7B13.d.641317E7F086B8534077FF02E0D75402.e.4208/click - {}
RESULT: {}
COMMAND: POST /session/0bdb3503147a059981a1ac86823db15d/element - {"using":"xpath","value":"//span[contains(text(), \"US Dollar\")]"}
COMMAND: GET /session/0bdb3503147a059981a1ac86823db15d/screenshot - {}
RESULT: {"using":"xpath","value":"//span[contains(text(), \"US Dollar\")]"}
COMMAND: POST /session/0bdb3503147a059981a1ac86823db15d/element/f.4BE6FF561D5B3686539153AD049B7B13.d.641317E7F086B8534077FF02E0D75402.e.4209/click - {}
RESULT: {}
RESULT: {}
COMMAND: GET /session/0bdb3503147a059981a1ac86823db15d/screenshot - {}
RESULT: {}
COMMAND: POST /session/0bdb3503147a059981a1ac86823db15d/element - {"using":"xpath","value":"//input[@id=\"application-managepartners-display-component---NewPartner--companyCodeComboBox-inner\"]"}
RESULT: {"using":"xpath","value":"//input[@id=\"application-managepartners-display-component---NewPartner--companyCodeComboBox-inner\"]"}
COMMAND: POST /session/0bdb3503147a059981a1ac86823db15d/element/f.4BE6FF561D5B3686539153AD049B7B13.d.641317E7F086B8534077FF02E0D75402.e.4060/clear - {}
RESULT: {}
COMMAND: POST /session/0bdb3503147a059981a1ac86823db15d/element/f.4BE6FF561D5B3686539153AD049B7B13.d.641317E7F086B8534077FF02E0D75402.e.4060/value - {"text":"C002"}
COMMAND: GET /session/0bdb3503147a059981a1ac86823db15d/screenshot - {}
RESULT: {"text":"C002"}
COMMAND: GET /session/0bdb3503147a059981a1ac86823db15d/screenshot - {}
RESULT: {}
RESULT: {}
COMMAND: POST /session/0bdb3503147a059981a1ac86823db15d/element - {"using":"xpath","value":"//li[.//span[text()= \"C002\"]]"}
RESULT: {"using":"xpath","value":"//li[.//span[text()= \"C002\"]]"}
COMMAND: POST /session/0bdb3503147a059981a1ac86823db15d/element/f.4BE6FF561D5B3686539153AD049B7B13.d.641317E7F086B8534077FF02E0D75402.e.4213/click - {}
RESULT: {}
COMMAND: GET /session/0bdb3503147a059981a1ac86823db15d/screenshot - {}
RESULT: {}
COMMAND: POST /session/0bdb3503147a059981a1ac86823db15d/execute/async - {"script":"<script> [1562 bytes]","args":[{"selector":{"id":"application-managepartners-display-component---NewPartner--btnAddTableRow-img"},"wdio_ui5_key":"applicationmanagepartners-display-component---NewPartner--btnAddTableRow-img"}]}
RESULT: {"script":"<script> [1562 bytes]","args":[{"selector":{"id":"application-managepartners-display-component---NewPartner--btnAddTableRow-img"},"wdio_ui5_key":"applicationmanagepartners-display-component---NewPartner--btnAddTableRow-img"}]}
RESULT: undefined
COMMAND: POST /session/0bdb3503147a059981a1ac86823db15d/element - {"using":"xpath","value":"//*[@id=\"application-managepartners-display-component---NewPartner--btnAddTableRow-img\"]"}
RESULT: {"using":"xpath","value":"//*[@id=\"application-managepartners-display-component---NewPartner--btnAddTableRow-img\"]"}
COMMAND: POST /session/0bdb3503147a059981a1ac86823db15d/element/f.4BE6FF561D5B3686539153AD049B7B13.d.641317E7F086B8534077FF02E0D75402.e.4214/click - {}
RESULT: {}
COMMAND: GET /session/0bdb3503147a059981a1ac86823db15d/screenshot - {}
RESULT: {}
COMMAND: POST /session/0bdb3503147a059981a1ac86823db15d/element - {"using":"xpath","value":"//input[@id=\"application-managepartners-display-component---NewPartner--assignmentYard-application-managepartners-display-component---NewPartner--assignmentsTable-0-inner\"]"}
RESULT: {"using":"xpath","value":"//input[@id=\"application-managepartners-display-component---NewPartner--assignmentYard-application-managepartners-display-component---NewPartner--assignmentsTable-0-inner\"]"}
COMMAND: POST /session/0bdb3503147a059981a1ac86823db15d/element/f.4BE6FF561D5B3686539153AD049B7B13.d.641317E7F086B8534077FF02E0D75402.e.4217/clear - {}
RESULT: {}
COMMAND: POST /session/0bdb3503147a059981a1ac86823db15d/element/f.4BE6FF561D5B3686539153AD049B7B13.d.641317E7F086B8534077FF02E0D75402.e.4217/value - {"text":"499"}
COMMAND: GET /session/0bdb3503147a059981a1ac86823db15d/screenshot - {}
RESULT: {"text":"499"}
COMMAND: GET /session/0bdb3503147a059981a1ac86823db15d/screenshot - {}
RESULT: {}
RESULT: {}
COMMAND: POST /session/0bdb3503147a059981a1ac86823db15d/element - {"using":"xpath","value":"//li[.//span[text()='499']]"}
RESULT: {"using":"xpath","value":"//li[.//span[text()='499']]"}
COMMAND: POST /session/0bdb3503147a059981a1ac86823db15d/element/f.4BE6FF561D5B3686539153AD049B7B13.d.641317E7F086B8534077FF02E0D75402.e.4225/click - {}
RESULT: {}
COMMAND: GET /session/0bdb3503147a059981a1ac86823db15d/screenshot - {}
RESULT: {}
COMMAND: POST /session/0bdb3503147a059981a1ac86823db15d/actions - {"actions":[{"id":"action11","type":"key","parameters":{},"actions":[{"type":"keyDown","value":"î€‡"},{"type":"pause","duration":10},{"type":"keyUp","value":"î€‡"}]}]}
RESULT: {"actions":[{"id":"action11","type":"key","parameters":{},"actions":[{"type":"keyDown","value":"î€‡"},{"type":"pause","duration":10},{"type":"keyUp","value":"î€‡"}]}]}
COMMAND: POST /session/0bdb3503147a059981a1ac86823db15d/element - {"using":"xpath","value":"//td[contains(@id, \"assignmentsTable-0-cell2\")]/div/div"}
COMMAND: GET /session/0bdb3503147a059981a1ac86823db15d/screenshot - {}
RESULT: {"using":"xpath","value":"//td[contains(@id, \"assignmentsTable-0-cell2\")]/div/div"}
COMMAND: POST /session/0bdb3503147a059981a1ac86823db15d/element/f.4BE6FF561D5B3686539153AD049B7B13.d.641317E7F086B8534077FF02E0D75402.e.4228/click - {}
RESULT: {}
RESULT: {}
COMMAND: GET /session/0bdb3503147a059981a1ac86823db15d/screenshot - {}
RESULT: {}
COMMAND: POST /session/0bdb3503147a059981a1ac86823db15d/element - {"using":"xpath","value":"//button[@data-kt=\"saveButton\"]"}
RESULT: {"using":"xpath","value":"//button[@data-kt=\"saveButton\"]"}
COMMAND: POST /session/0bdb3503147a059981a1ac86823db15d/element/f.4BE6FF561D5B3686539153AD049B7B13.d.641317E7F086B8534077FF02E0D75402.e.4098/click - {}
RESULT: {}
COMMAND: GET /session/0bdb3503147a059981a1ac86823db15d/screenshot - {}
RESULT: {}
COMMAND: POST /session/0bdb3503147a059981a1ac86823db15d/element - {"using":"xpath","value":"//header[contains(@id, 'ObjectPageLayout-headerTitle')]/div[1]/div[2]/div[2]/span[1]"}
RESULT: {"using":"xpath","value":"//header[contains(@id, 'ObjectPageLayout-headerTitle')]/div[1]/div[2]/div[2]/span[1]"}
COMMAND: POST /session/0bdb3503147a059981a1ac86823db15d/elements - {"using":"xpath","value":"//header[contains(@id, 'ObjectPageLayout-headerTitle')]/div[1]/div[2]/div[2]/span[1]"}
RESULT: {"using":"xpath","value":"//header[contains(@id, 'ObjectPageLayout-headerTitle')]/div[1]/div[2]/div[2]/span[1]"}
COMMAND: POST /session/0bdb3503147a059981a1ac86823db15d/execute/sync - {"script":"<script> [56 bytes]","args":[{"element-6066-11e4-a52e-4f735466cecf":"f.4BE6FF561D5B3686539153AD049B7B13.d.641317E7F086B8534077FF02E0D75402.e.4391","ELEMENT":"f.4BE6FF561D5B3686539153AD049B7B13.d.641317E7F086B8534077FF02E0D75402.e.4391"}]}
RESULT: {"script":"<script> [56 bytes]","args":[{"element-6066-11e4-a52e-4f735466cecf":"f.4BE6FF561D5B3686539153AD049B7B13.d.641317E7F086B8534077FF02E0D75402.e.4391","ELEMENT":"f.4BE6FF561D5B3686539153AD049B7B13.d.641317E7F086B8534077FF02E0D75402.e.4391"}]}
COMMAND: POST /session/0bdb3503147a059981a1ac86823db15d/element - {"using":"css selector","value":"#shell-header-logo"}
COMMAND: GET /session/0bdb3503147a059981a1ac86823db15d/screenshot - {}
RESULT: {"using":"css selector","value":"#shell-header-logo"}
COMMAND: POST /session/0bdb3503147a059981a1ac86823db15d/element/f.4BE6FF561D5B3686539153AD049B7B13.d.641317E7F086B8534077FF02E0D75402.e.3702/click - {}
RESULT: {}
RESULT: {}
COMMAND: GET /session/0bdb3503147a059981a1ac86823db15d/screenshot - {}
RESULT: {}
COMMAND: POST /session/0bdb3503147a059981a1ac86823db15d/execute/sync - {"script":"<script> [299 bytes]","args":[["getModel","getResource"]]}
RESULT: {"script":"<script> [299 bytes]","args":[["getModel","getResource"]]}
COMMAND: GET /session/0bdb3503147a059981a1ac86823db15d/screenshot - {}
]]></system-out>
    </testcase>
    <testcase classname="chrome.136_0_7103_93.windows.Create_masterdata_for_Yard_Overview_-_trigger_provide_US130988" name="Should create a new WHM site" time="94.05">
      <system-out><![CDATA[
COMMAND: POST /session/0bdb3503147a059981a1ac86823db15d/execute/async - {"script":"<script> [1562 bytes]","args":[{"selector":{"controlType":"sap.m.GenericTile","properties":{"header":"Manage Sites"}},"wdio_ui5_key":"sapm.GenericTile{\"header\":\"Manage Sites\"}"}]}
RESULT: {}
RESULT: {"script":"<script> [1562 bytes]","args":[{"selector":{"controlType":"sap.m.GenericTile","properties":{"header":"Manage Sites"}},"wdio_ui5_key":"sapm.GenericTile{\"header\":\"Manage Sites\"}"}]}
RESULT: undefined
COMMAND: POST /session/0bdb3503147a059981a1ac86823db15d/element - {"using":"xpath","value":"//*[@id=\"__tile40\"]"}
RESULT: {"using":"xpath","value":"//*[@id=\"__tile40\"]"}
COMMAND: POST /session/0bdb3503147a059981a1ac86823db15d/element/f.4BE6FF561D5B3686539153AD049B7B13.d.641317E7F086B8534077FF02E0D75402.e.2848/click - {}
RESULT: {}
COMMAND: GET /session/0bdb3503147a059981a1ac86823db15d/screenshot - {}
RESULT: {}
COMMAND: POST /session/0bdb3503147a059981a1ac86823db15d/elements - {"using":"xpath","value":"//span[text()='Error']"}
RESULT: {"using":"xpath","value":"//span[text()='Error']"}
COMMAND: POST /session/0bdb3503147a059981a1ac86823db15d/element - {"using":"xpath","value":"//button[@data-kt=\"addOverflowToolbarButton\"]"}
RESULT: {"using":"xpath","value":"//button[@data-kt=\"addOverflowToolbarButton\"]"}
COMMAND: POST /session/0bdb3503147a059981a1ac86823db15d/elements - {"using":"xpath","value":"//button[@data-kt=\"addOverflowToolbarButton\"]"}
RESULT: {"using":"xpath","value":"//button[@data-kt=\"addOverflowToolbarButton\"]"}
COMMAND: POST /session/0bdb3503147a059981a1ac86823db15d/execute/sync - {"script":"<script> [8489 bytes]","args":[{"element-6066-11e4-a52e-4f735466cecf":"f.4BE6FF561D5B3686539153AD049B7B13.d.641317E7F086B8534077FF02E0D75402.e.4438","ELEMENT":"f.4BE6FF561D5B3686539153AD049B7B13.d.641317E7F086B8534077FF02E0D75402.e.4438"}]}
RESULT: {"script":"<script> [8489 bytes]","args":[{"element-6066-11e4-a52e-4f735466cecf":"f.4BE6FF561D5B3686539153AD049B7B13.d.641317E7F086B8534077FF02E0D75402.e.4438","ELEMENT":"f.4BE6FF561D5B3686539153AD049B7B13.d.641317E7F086B8534077FF02E0D75402.e.4438"}]}
COMMAND: GET /session/0bdb3503147a059981a1ac86823db15d/element/f.4BE6FF561D5B3686539153AD049B7B13.d.641317E7F086B8534077FF02E0D75402.e.4438/enabled - {}
COMMAND: GET /session/0bdb3503147a059981a1ac86823db15d/screenshot - {}
RESULT: {}
COMMAND: POST /session/0bdb3503147a059981a1ac86823db15d/execute/sync - {"script":"<script> [8489 bytes]","args":[{"element-6066-11e4-a52e-4f735466cecf":"f.4BE6FF561D5B3686539153AD049B7B13.d.641317E7F086B8534077FF02E0D75402.e.4438","ELEMENT":"f.4BE6FF561D5B3686539153AD049B7B13.d.641317E7F086B8534077FF02E0D75402.e.4438"}]}
COMMAND: GET /session/0bdb3503147a059981a1ac86823db15d/screenshot - {}
RESULT: {}
RESULT: {"script":"<script> [8489 bytes]","args":[{"element-6066-11e4-a52e-4f735466cecf":"f.4BE6FF561D5B3686539153AD049B7B13.d.641317E7F086B8534077FF02E0D75402.e.4438","ELEMENT":"f.4BE6FF561D5B3686539153AD049B7B13.d.641317E7F086B8534077FF02E0D75402.e.4438"}]}
COMMAND: POST /session/0bdb3503147a059981a1ac86823db15d/execute/sync - {"script":"<script> [5351 bytes]","args":[{"element-6066-11e4-a52e-4f735466cecf":"f.4BE6FF561D5B3686539153AD049B7B13.d.641317E7F086B8534077FF02E0D75402.e.4438","ELEMENT":"f.4BE6FF561D5B3686539153AD049B7B13.d.641317E7F086B8534077FF02E0D75402.e.4438"}]}
COMMAND: GET /session/0bdb3503147a059981a1ac86823db15d/screenshot - {}
RESULT: {}
RESULT: {"script":"<script> [5351 bytes]","args":[{"element-6066-11e4-a52e-4f735466cecf":"f.4BE6FF561D5B3686539153AD049B7B13.d.641317E7F086B8534077FF02E0D75402.e.4438","ELEMENT":"f.4BE6FF561D5B3686539153AD049B7B13.d.641317E7F086B8534077FF02E0D75402.e.4438"}]}
COMMAND: POST /session/0bdb3503147a059981a1ac86823db15d/element/f.4BE6FF561D5B3686539153AD049B7B13.d.641317E7F086B8534077FF02E0D75402.e.4438/click - {}
COMMAND: GET /session/0bdb3503147a059981a1ac86823db15d/screenshot - {}
RESULT: {}
RESULT: {}
COMMAND: GET /session/0bdb3503147a059981a1ac86823db15d/screenshot - {}
COMMAND: POST /session/0bdb3503147a059981a1ac86823db15d/element - {"using":"xpath","value":"//input[@id=\"application-managesites-display-component---NewSite--siteId-inner\"]"}
RESULT: {}
RESULT: {}
RESULT: {"using":"xpath","value":"//input[@id=\"application-managesites-display-component---NewSite--siteId-inner\"]"}
COMMAND: POST /session/0bdb3503147a059981a1ac86823db15d/element - {"using":"xpath","value":"//input[@id=\"application-managesites-display-component---NewSite--siteId-inner\"]"}
RESULT: {"using":"xpath","value":"//input[@id=\"application-managesites-display-component---NewSite--siteId-inner\"]"}
COMMAND: POST /session/0bdb3503147a059981a1ac86823db15d/execute/async - {"script":"<script> [1562 bytes]","args":[{"selector":{"id":"application-managesites-display-component---NewSite--addressDetailDetailsName1","interaction":{"idSuffix":"inner"}},"wdio_ui5_key":"applicationmanagesites-display-component---NewSite--addressDetailDetailsName1"}]}
RESULT: {"script":"<script> [1562 bytes]","args":[{"selector":{"id":"application-managesites-display-component---NewSite--addressDetailDetailsName1","interaction":{"idSuffix":"inner"}},"wdio_ui5_key":"applicationmanagesites-display-component---NewSite--addressDetailDetailsName1"}]}
RESULT: undefined
COMMAND: POST /session/0bdb3503147a059981a1ac86823db15d/execute/async - {"script":"<script> [776 bytes]","args":[{"enterText":"Other Type Site WDIO","selector":{"id":"application-managesites-display-component---NewSite--addressDetailDetailsName1","interaction":{"idSuffix":"inner"}},"clearTextFirst":true,"interactionType":"ENTER_TEXT"}]}
RESULT: {"script":"<script> [776 bytes]","args":[{"enterText":"Other Type Site WDIO","selector":{"id":"application-managesites-display-component---NewSite--addressDetailDetailsName1","interaction":{"idSuffix":"inner"}},"clearTextFirst":true,"interactionType":"ENTER_TEXT"}]}
COMMAND: POST /session/0bdb3503147a059981a1ac86823db15d/execute/async - {"script":"<script> [1562 bytes]","args":[{"selector":{"id":"application-managesites-display-component---NewSite--addressDetailDetailsLanguage-arrow"},"wdio_ui5_key":"applicationmanagesites-display-component---NewSite--addressDetailDetailsLanguage-arrow"}]}
RESULT: {"script":"<script> [1562 bytes]","args":[{"selector":{"id":"application-managesites-display-component---NewSite--addressDetailDetailsLanguage-arrow"},"wdio_ui5_key":"applicationmanagesites-display-component---NewSite--addressDetailDetailsLanguage-arrow"}]}
RESULT: undefined
COMMAND: POST /session/0bdb3503147a059981a1ac86823db15d/element - {"using":"xpath","value":"//*[@id=\"application-managesites-display-component---NewSite--addressDetailDetailsLanguage-arrow\"]"}
RESULT: {"using":"xpath","value":"//*[@id=\"application-managesites-display-component---NewSite--addressDetailDetailsLanguage-arrow\"]"}
COMMAND: POST /session/0bdb3503147a059981a1ac86823db15d/element/f.4BE6FF561D5B3686539153AD049B7B13.d.641317E7F086B8534077FF02E0D75402.e.4838/click - {}
RESULT: {}
COMMAND: POST /session/0bdb3503147a059981a1ac86823db15d/element - {"using":"xpath","value":"//span[contains(text(), \"English\")]"}
COMMAND: GET /session/0bdb3503147a059981a1ac86823db15d/screenshot - {}
RESULT: {"using":"xpath","value":"//span[contains(text(), \"English\")]"}
COMMAND: POST /session/0bdb3503147a059981a1ac86823db15d/element/f.4BE6FF561D5B3686539153AD049B7B13.d.641317E7F086B8534077FF02E0D75402.e.4839/click - {}
RESULT: {}
RESULT: {}
COMMAND: POST /session/0bdb3503147a059981a1ac86823db15d/execute/async - {"script":"<script> [1562 bytes]","args":[{"selector":{"id":"application-managesites-display-component---NewSite--addressDetailDetailsCity1","interaction":{"idSuffix":"inner"}},"wdio_ui5_key":"applicationmanagesites-display-component---NewSite--addressDetailDetailsCity1"}]}
COMMAND: GET /session/0bdb3503147a059981a1ac86823db15d/screenshot - {}
RESULT: {"script":"<script> [1562 bytes]","args":[{"selector":{"id":"application-managesites-display-component---NewSite--addressDetailDetailsCity1","interaction":{"idSuffix":"inner"}},"wdio_ui5_key":"applicationmanagesites-display-component---NewSite--addressDetailDetailsCity1"}]}
RESULT: undefined
COMMAND: POST /session/0bdb3503147a059981a1ac86823db15d/execute/async - {"script":"<script> [776 bytes]","args":[{"enterText":"Rosario","selector":{"id":"application-managesites-display-component---NewSite--addressDetailDetailsCity1","interaction":{"idSuffix":"inner"}},"clearTextFirst":true,"interactionType":"ENTER_TEXT"}]}
RESULT: {}
RESULT: {"script":"<script> [776 bytes]","args":[{"enterText":"Rosario","selector":{"id":"application-managesites-display-component---NewSite--addressDetailDetailsCity1","interaction":{"idSuffix":"inner"}},"clearTextFirst":true,"interactionType":"ENTER_TEXT"}]}
COMMAND: POST /session/0bdb3503147a059981a1ac86823db15d/execute/async - {"script":"<script> [1562 bytes]","args":[{"selector":{"id":"application-managesites-display-component---NewSite--addressDetailDetailsCountry-arrow"},"wdio_ui5_key":"applicationmanagesites-display-component---NewSite--addressDetailDetailsCountry-arrow"}]}
RESULT: {"script":"<script> [1562 bytes]","args":[{"selector":{"id":"application-managesites-display-component---NewSite--addressDetailDetailsCountry-arrow"},"wdio_ui5_key":"applicationmanagesites-display-component---NewSite--addressDetailDetailsCountry-arrow"}]}
RESULT: undefined
COMMAND: POST /session/0bdb3503147a059981a1ac86823db15d/element - {"using":"xpath","value":"//*[@id=\"application-managesites-display-component---NewSite--addressDetailDetailsCountry-arrow\"]"}
RESULT: {"using":"xpath","value":"//*[@id=\"application-managesites-display-component---NewSite--addressDetailDetailsCountry-arrow\"]"}
COMMAND: POST /session/0bdb3503147a059981a1ac86823db15d/element/f.4BE6FF561D5B3686539153AD049B7B13.d.641317E7F086B8534077FF02E0D75402.e.4841/click - {}
RESULT: {}
COMMAND: POST /session/0bdb3503147a059981a1ac86823db15d/element - {"using":"xpath","value":"//span[contains(text(), \"Argentina\")]"}
COMMAND: GET /session/0bdb3503147a059981a1ac86823db15d/screenshot - {}
RESULT: {"using":"xpath","value":"//span[contains(text(), \"Argentina\")]"}
COMMAND: POST /session/0bdb3503147a059981a1ac86823db15d/element/f.4BE6FF561D5B3686539153AD049B7B13.d.641317E7F086B8534077FF02E0D75402.e.4842/click - {}
RESULT: {}
RESULT: {}
COMMAND: GET /session/0bdb3503147a059981a1ac86823db15d/screenshot - {}
RESULT: {}
COMMAND: POST /session/0bdb3503147a059981a1ac86823db15d/execute/async - {"script":"<script> [1562 bytes]","args":[{"selector":{"id":"application-managesites-display-component---NewSite--addressEditDetailsCostObjectCstType-arrow"},"wdio_ui5_key":"applicationmanagesites-display-component---NewSite--addressEditDetailsCostObjectCstType-arrow"}]}
RESULT: {"script":"<script> [1562 bytes]","args":[{"selector":{"id":"application-managesites-display-component---NewSite--addressEditDetailsCostObjectCstType-arrow"},"wdio_ui5_key":"applicationmanagesites-display-component---NewSite--addressEditDetailsCostObjectCstType-arrow"}]}
RESULT: undefined
COMMAND: POST /session/0bdb3503147a059981a1ac86823db15d/element - {"using":"xpath","value":"//*[@id=\"application-managesites-display-component---NewSite--addressEditDetailsCostObjectCstType-arrow\"]"}
RESULT: {"using":"xpath","value":"//*[@id=\"application-managesites-display-component---NewSite--addressEditDetailsCostObjectCstType-arrow\"]"}
COMMAND: POST /session/0bdb3503147a059981a1ac86823db15d/element/f.4BE6FF561D5B3686539153AD049B7B13.d.641317E7F086B8534077FF02E0D75402.e.4844/click - {}
RESULT: {}
COMMAND: POST /session/0bdb3503147a059981a1ac86823db15d/element - {"using":"xpath","value":"//span[contains(text(), \"Cost Center\")]"}
COMMAND: GET /session/0bdb3503147a059981a1ac86823db15d/screenshot - {}
RESULT: {"using":"xpath","value":"//span[contains(text(), \"Cost Center\")]"}
COMMAND: POST /session/0bdb3503147a059981a1ac86823db15d/element/f.4BE6FF561D5B3686539153AD049B7B13.d.641317E7F086B8534077FF02E0D75402.e.4845/click - {}
RESULT: {}
RESULT: {}
COMMAND: GET /session/0bdb3503147a059981a1ac86823db15d/screenshot - {}
RESULT: {}
COMMAND: POST /session/0bdb3503147a059981a1ac86823db15d/element - {"using":"xpath","value":"//span[@id=\"application-managesites-display-component---NewSite--addressNewCostObjectCstID-vhi\"]"}
RESULT: {"using":"xpath","value":"//span[@id=\"application-managesites-display-component---NewSite--addressNewCostObjectCstID-vhi\"]"}
COMMAND: POST /session/0bdb3503147a059981a1ac86823db15d/execute/sync - {"script":"<script> [8489 bytes]","args":[{"element-6066-11e4-a52e-4f735466cecf":"f.4BE6FF561D5B3686539153AD049B7B13.d.641317E7F086B8534077FF02E0D75402.e.4850","ELEMENT":"f.4BE6FF561D5B3686539153AD049B7B13.d.641317E7F086B8534077FF02E0D75402.e.4850"}]}
RESULT: {"script":"<script> [8489 bytes]","args":[{"element-6066-11e4-a52e-4f735466cecf":"f.4BE6FF561D5B3686539153AD049B7B13.d.641317E7F086B8534077FF02E0D75402.e.4850","ELEMENT":"f.4BE6FF561D5B3686539153AD049B7B13.d.641317E7F086B8534077FF02E0D75402.e.4850"}]}
COMMAND: POST /session/0bdb3503147a059981a1ac86823db15d/execute/async - {"script":"<script> [1562 bytes]","args":[{"selector":{"id":"application-managesites-display-component---NewSite--addressNewCostObjectCstID-vhi"},"wdio_ui5_key":"applicationmanagesites-display-component---NewSite--addressNewCostObjectCstID-vhi"}]}
COMMAND: GET /session/0bdb3503147a059981a1ac86823db15d/screenshot - {}
RESULT: {"script":"<script> [1562 bytes]","args":[{"selector":{"id":"application-managesites-display-component---NewSite--addressNewCostObjectCstID-vhi"},"wdio_ui5_key":"applicationmanagesites-display-component---NewSite--addressNewCostObjectCstID-vhi"}]}
RESULT: undefined
COMMAND: POST /session/0bdb3503147a059981a1ac86823db15d/element - {"using":"xpath","value":"//*[@id=\"application-managesites-display-component---NewSite--addressNewCostObjectCstID-vhi\"]"}
RESULT: {}
RESULT: {"using":"xpath","value":"//*[@id=\"application-managesites-display-component---NewSite--addressNewCostObjectCstID-vhi\"]"}
COMMAND: POST /session/0bdb3503147a059981a1ac86823db15d/element/f.4BE6FF561D5B3686539153AD049B7B13.d.641317E7F086B8534077FF02E0D75402.e.4850/click - {}
RESULT: {}
COMMAND: GET /session/0bdb3503147a059981a1ac86823db15d/screenshot - {}
RESULT: {}
RESULT: undefined
COMMAND: POST /session/0bdb3503147a059981a1ac86823db15d/execute/async - {"script":"<script> [776 bytes]","args":[{"enterText":"10001013","selector":{"controlType":"sap.m.SearchField","properties":{"placeholder":"Search"},"searchOpenDialogs":true,"interaction":{"idSuffix":"I"}},"clearTextFirst":true,"interactionType":"ENTER_TEXT"}]}
RESULT: {"script":"<script> [776 bytes]","args":[{"enterText":"10001013","selector":{"controlType":"sap.m.SearchField","properties":{"placeholder":"Search"},"searchOpenDialogs":true,"interaction":{"idSuffix":"I"}},"clearTextFirst":true,"interactionType":"ENTER_TEXT"}]}
COMMAND: POST /session/0bdb3503147a059981a1ac86823db15d/actions - {"actions":[{"id":"action12","type":"key","parameters":{},"actions":[{"type":"keyDown","value":"î€‡"},{"type":"pause","duration":10},{"type":"keyUp","value":"î€‡"}]}]}
RESULT: {"actions":[{"id":"action12","type":"key","parameters":{},"actions":[{"type":"keyDown","value":"î€‡"},{"type":"pause","duration":10},{"type":"keyUp","value":"î€‡"}]}]}
COMMAND: GET /session/0bdb3503147a059981a1ac86823db15d/screenshot - {}
RESULT: {}
COMMAND: POST /session/0bdb3503147a059981a1ac86823db15d/element - {"using":"xpath","value":"//span[contains(text(), \"General Management\")]"}
RESULT: {"using":"xpath","value":"//span[contains(text(), \"General Management\")]"}
COMMAND: POST /session/0bdb3503147a059981a1ac86823db15d/element/f.4BE6FF561D5B3686539153AD049B7B13.d.641317E7F086B8534077FF02E0D75402.e.4889/click - {}
RESULT: {}
COMMAND: GET /session/0bdb3503147a059981a1ac86823db15d/screenshot - {}
RESULT: {}
COMMAND: POST /session/0bdb3503147a059981a1ac86823db15d/element - {"using":"xpath","value":"//bdi[contains(text(), \"OK\")]"}
RESULT: {"using":"xpath","value":"//bdi[contains(text(), \"OK\")]"}
COMMAND: POST /session/0bdb3503147a059981a1ac86823db15d/element/f.4BE6FF561D5B3686539153AD049B7B13.d.641317E7F086B8534077FF02E0D75402.e.4890/click - {}
RESULT: {}
COMMAND: GET /session/0bdb3503147a059981a1ac86823db15d/screenshot - {}
RESULT: {}
COMMAND: POST /session/0bdb3503147a059981a1ac86823db15d/element - {"using":"xpath","value":"//input[@id=\"application-managesites-display-component---NewSite--addressDetailDetailsCalendar-inner\"]"}
RESULT: {"using":"xpath","value":"//input[@id=\"application-managesites-display-component---NewSite--addressDetailDetailsCalendar-inner\"]"}
COMMAND: POST /session/0bdb3503147a059981a1ac86823db15d/element/f.4BE6FF561D5B3686539153AD049B7B13.d.641317E7F086B8534077FF02E0D75402.e.4641/clear - {}
RESULT: {}
COMMAND: POST /session/0bdb3503147a059981a1ac86823db15d/element/f.4BE6FF561D5B3686539153AD049B7B13.d.641317E7F086B8534077FF02E0D75402.e.4641/value - {"text":"Unit"}
COMMAND: GET /session/0bdb3503147a059981a1ac86823db15d/screenshot - {}
RESULT: {"text":"Unit"}
COMMAND: GET /session/0bdb3503147a059981a1ac86823db15d/screenshot - {}
RESULT: {}
RESULT: {}
COMMAND: POST /session/0bdb3503147a059981a1ac86823db15d/actions - {"actions":[{"id":"action13","type":"key","parameters":{},"actions":[{"type":"keyDown","value":"î€‡"},{"type":"pause","duration":10},{"type":"keyUp","value":"î€‡"}]}]}
RESULT: {"actions":[{"id":"action13","type":"key","parameters":{},"actions":[{"type":"keyDown","value":"î€‡"},{"type":"pause","duration":10},{"type":"keyUp","value":"î€‡"}]}]}
COMMAND: POST /session/0bdb3503147a059981a1ac86823db15d/element - {"using":"xpath","value":"//input[@id=\"application-managesites-display-component---NewSite--addressDetailDetailsYard-inner\"]"}
COMMAND: GET /session/0bdb3503147a059981a1ac86823db15d/screenshot - {}
RESULT: {"using":"xpath","value":"//input[@id=\"application-managesites-display-component---NewSite--addressDetailDetailsYard-inner\"]"}
COMMAND: POST /session/0bdb3503147a059981a1ac86823db15d/element/f.4BE6FF561D5B3686539153AD049B7B13.d.641317E7F086B8534077FF02E0D75402.e.4642/clear - {}
RESULT: {}
RESULT: {}
COMMAND: POST /session/0bdb3503147a059981a1ac86823db15d/element/f.4BE6FF561D5B3686539153AD049B7B13.d.641317E7F086B8534077FF02E0D75402.e.4642/value - {"text":"499"}
COMMAND: GET /session/0bdb3503147a059981a1ac86823db15d/screenshot - {}
RESULT: {"text":"499"}
COMMAND: GET /session/0bdb3503147a059981a1ac86823db15d/screenshot - {}
RESULT: {}
RESULT: {}
COMMAND: POST /session/0bdb3503147a059981a1ac86823db15d/element - {"using":"xpath","value":"//li[.//span[text()='499']]"}
RESULT: {"using":"xpath","value":"//li[.//span[text()='499']]"}
COMMAND: POST /session/0bdb3503147a059981a1ac86823db15d/element/f.4BE6FF561D5B3686539153AD049B7B13.d.641317E7F086B8534077FF02E0D75402.e.4898/click - {}
RESULT: {}
COMMAND: GET /session/0bdb3503147a059981a1ac86823db15d/screenshot - {}
RESULT: {}
COMMAND: POST /session/0bdb3503147a059981a1ac86823db15d/element - {"using":"xpath","value":"//input[@id=\"application-managesites-display-component---NewSite--addressDetailDetailsPartner-inner\"]"}
RESULT: {"using":"xpath","value":"//input[@id=\"application-managesites-display-component---NewSite--addressDetailDetailsPartner-inner\"]"}
COMMAND: POST /session/0bdb3503147a059981a1ac86823db15d/element - {"using":"xpath","value":"//input[@id=\"application-managesites-display-component---NewSite--addressDetailDetailsPartner-inner\"]"}
RESULT: {"using":"xpath","value":"//input[@id=\"application-managesites-display-component---NewSite--addressDetailDetailsPartner-inner\"]"}
COMMAND: POST /session/0bdb3503147a059981a1ac86823db15d/element - {"using":"xpath","value":"//button[@data-kt=\"saveButton\"]"}
RESULT: {"using":"xpath","value":"//button[@data-kt=\"saveButton\"]"}
COMMAND: POST /session/0bdb3503147a059981a1ac86823db15d/element/f.4BE6FF561D5B3686539153AD049B7B13.d.641317E7F086B8534077FF02E0D75402.e.4790/click - {}
RESULT: {}
COMMAND: GET /session/0bdb3503147a059981a1ac86823db15d/screenshot - {}
RESULT: {}
COMMAND: POST /session/0bdb3503147a059981a1ac86823db15d/element - {"using":"xpath","value":"//header[contains(@id, 'ObjectPageLayout-headerTitle')]/div[1]/div[2]/div[2]/span[1]"}
RESULT: {"using":"xpath","value":"//header[contains(@id, 'ObjectPageLayout-headerTitle')]/div[1]/div[2]/div[2]/span[1]"}
COMMAND: POST /session/0bdb3503147a059981a1ac86823db15d/elements - {"using":"xpath","value":"//header[contains(@id, 'ObjectPageLayout-headerTitle')]/div[1]/div[2]/div[2]/span[1]"}
RESULT: {"using":"xpath","value":"//header[contains(@id, 'ObjectPageLayout-headerTitle')]/div[1]/div[2]/div[2]/span[1]"}
COMMAND: POST /session/0bdb3503147a059981a1ac86823db15d/execute/sync - {"script":"<script> [56 bytes]","args":[{"element-6066-11e4-a52e-4f735466cecf":"f.4BE6FF561D5B3686539153AD049B7B13.d.641317E7F086B8534077FF02E0D75402.e.5102","ELEMENT":"f.4BE6FF561D5B3686539153AD049B7B13.d.641317E7F086B8534077FF02E0D75402.e.5102"}]}
RESULT: {"script":"<script> [56 bytes]","args":[{"element-6066-11e4-a52e-4f735466cecf":"f.4BE6FF561D5B3686539153AD049B7B13.d.641317E7F086B8534077FF02E0D75402.e.5102","ELEMENT":"f.4BE6FF561D5B3686539153AD049B7B13.d.641317E7F086B8534077FF02E0D75402.e.5102"}]}
COMMAND: POST /session/0bdb3503147a059981a1ac86823db15d/element - {"using":"css selector","value":"#shell-header-logo"}
COMMAND: GET /session/0bdb3503147a059981a1ac86823db15d/screenshot - {}
RESULT: {"using":"css selector","value":"#shell-header-logo"}
COMMAND: POST /session/0bdb3503147a059981a1ac86823db15d/element/f.4BE6FF561D5B3686539153AD049B7B13.d.641317E7F086B8534077FF02E0D75402.e.4395/click - {}
RESULT: {}
RESULT: {}
COMMAND: GET /session/0bdb3503147a059981a1ac86823db15d/screenshot - {}
RESULT: {}
COMMAND: POST /session/0bdb3503147a059981a1ac86823db15d/execute/sync - {"script":"<script> [299 bytes]","args":[["getModel","getResource"]]}
RESULT: {"script":"<script> [299 bytes]","args":[["getModel","getResource"]]}
]]></system-out>
    </testcase>
    <testcase classname="chrome.136_0_7103_93.windows.Create_masterdata_for_Yard_Overview_-_trigger_provide_US130988" name="Should create a new material" time="112.2">
      <system-out><![CDATA[
COMMAND: GET /session/0bdb3503147a059981a1ac86823db15d/screenshot - {}
COMMAND: POST /session/0bdb3503147a059981a1ac86823db15d/execute/async - {"script":"<script> [1562 bytes]","args":[{"selector":{"controlType":"sap.m.GenericTile","properties":{"header":"Manage Resources"}},"wdio_ui5_key":"sapm.GenericTile{\"header\":\"Manage Resources\"}"}]}
RESULT: {}
RESULT: {"script":"<script> [1562 bytes]","args":[{"selector":{"controlType":"sap.m.GenericTile","properties":{"header":"Manage Resources"}},"wdio_ui5_key":"sapm.GenericTile{\"header\":\"Manage Resources\"}"}]}
RESULT: undefined
COMMAND: POST /session/0bdb3503147a059981a1ac86823db15d/element - {"using":"xpath","value":"//*[@id=\"__tile39\"]"}
RESULT: {"using":"xpath","value":"//*[@id=\"__tile39\"]"}
COMMAND: POST /session/0bdb3503147a059981a1ac86823db15d/element/f.4BE6FF561D5B3686539153AD049B7B13.d.641317E7F086B8534077FF02E0D75402.e.2845/click - {}
RESULT: {}
COMMAND: GET /session/0bdb3503147a059981a1ac86823db15d/screenshot - {}
COMMAND: POST /session/0bdb3503147a059981a1ac86823db15d/elements - {"using":"xpath","value":"//span[text()='Error']"}
RESULT: {}
RESULT: {"using":"xpath","value":"//span[text()='Error']"}
COMMAND: POST /session/0bdb3503147a059981a1ac86823db15d/element - {"using":"xpath","value":"//button[@data-kt=\"addNewRUOverflowToolbarButton\"]"}
RESULT: {"using":"xpath","value":"//button[@data-kt=\"addNewRUOverflowToolbarButton\"]"}
COMMAND: POST /session/0bdb3503147a059981a1ac86823db15d/elements - {"using":"xpath","value":"//button[@data-kt=\"addNewRUOverflowToolbarButton\"]"}
RESULT: {"using":"xpath","value":"//button[@data-kt=\"addNewRUOverflowToolbarButton\"]"}
COMMAND: POST /session/0bdb3503147a059981a1ac86823db15d/execute/sync - {"script":"<script> [8489 bytes]","args":[{"element-6066-11e4-a52e-4f735466cecf":"f.4BE6FF561D5B3686539153AD049B7B13.d.641317E7F086B8534077FF02E0D75402.e.5128","ELEMENT":"f.4BE6FF561D5B3686539153AD049B7B13.d.641317E7F086B8534077FF02E0D75402.e.5128"}]}
RESULT: {"script":"<script> [8489 bytes]","args":[{"element-6066-11e4-a52e-4f735466cecf":"f.4BE6FF561D5B3686539153AD049B7B13.d.641317E7F086B8534077FF02E0D75402.e.5128","ELEMENT":"f.4BE6FF561D5B3686539153AD049B7B13.d.641317E7F086B8534077FF02E0D75402.e.5128"}]}
COMMAND: GET /session/0bdb3503147a059981a1ac86823db15d/element/f.4BE6FF561D5B3686539153AD049B7B13.d.641317E7F086B8534077FF02E0D75402.e.5128/enabled - {}
COMMAND: GET /session/0bdb3503147a059981a1ac86823db15d/screenshot - {}
RESULT: {}
COMMAND: POST /session/0bdb3503147a059981a1ac86823db15d/execute/sync - {"script":"<script> [8489 bytes]","args":[{"element-6066-11e4-a52e-4f735466cecf":"f.4BE6FF561D5B3686539153AD049B7B13.d.641317E7F086B8534077FF02E0D75402.e.5128","ELEMENT":"f.4BE6FF561D5B3686539153AD049B7B13.d.641317E7F086B8534077FF02E0D75402.e.5128"}]}
COMMAND: GET /session/0bdb3503147a059981a1ac86823db15d/screenshot - {}
RESULT: {}
RESULT: {"script":"<script> [8489 bytes]","args":[{"element-6066-11e4-a52e-4f735466cecf":"f.4BE6FF561D5B3686539153AD049B7B13.d.641317E7F086B8534077FF02E0D75402.e.5128","ELEMENT":"f.4BE6FF561D5B3686539153AD049B7B13.d.641317E7F086B8534077FF02E0D75402.e.5128"}]}
COMMAND: POST /session/0bdb3503147a059981a1ac86823db15d/execute/sync - {"script":"<script> [5351 bytes]","args":[{"element-6066-11e4-a52e-4f735466cecf":"f.4BE6FF561D5B3686539153AD049B7B13.d.641317E7F086B8534077FF02E0D75402.e.5128","ELEMENT":"f.4BE6FF561D5B3686539153AD049B7B13.d.641317E7F086B8534077FF02E0D75402.e.5128"}]}
RESULT: {}
COMMAND: GET /session/0bdb3503147a059981a1ac86823db15d/screenshot - {}
RESULT: {"script":"<script> [5351 bytes]","args":[{"element-6066-11e4-a52e-4f735466cecf":"f.4BE6FF561D5B3686539153AD049B7B13.d.641317E7F086B8534077FF02E0D75402.e.5128","ELEMENT":"f.4BE6FF561D5B3686539153AD049B7B13.d.641317E7F086B8534077FF02E0D75402.e.5128"}]}
COMMAND: POST /session/0bdb3503147a059981a1ac86823db15d/element/f.4BE6FF561D5B3686539153AD049B7B13.d.641317E7F086B8534077FF02E0D75402.e.5128/click - {}
COMMAND: GET /session/0bdb3503147a059981a1ac86823db15d/screenshot - {}
RESULT: {}
RESULT: {}
COMMAND: GET /session/0bdb3503147a059981a1ac86823db15d/screenshot - {}
RESULT: {}
COMMAND: POST /session/0bdb3503147a059981a1ac86823db15d/execute/async - {"script":"<script> [1562 bytes]","args":[{"selector":{"id":"application-manageresources-display-component---newResourceUnit--TYPE-arrow"},"wdio_ui5_key":"applicationmanageresources-display-component---newResourceUnit--TYPE-arrow"}]}
RESULT: {}
RESULT: {"script":"<script> [1562 bytes]","args":[{"selector":{"id":"application-manageresources-display-component---newResourceUnit--TYPE-arrow"},"wdio_ui5_key":"applicationmanageresources-display-component---newResourceUnit--TYPE-arrow"}]}
RESULT: undefined
COMMAND: POST /session/0bdb3503147a059981a1ac86823db15d/element - {"using":"xpath","value":"//*[@id=\"application-manageresources-display-component---newResourceUnit--TYPE-arrow\"]"}
RESULT: {"using":"xpath","value":"//*[@id=\"application-manageresources-display-component---newResourceUnit--TYPE-arrow\"]"}
COMMAND: POST /session/0bdb3503147a059981a1ac86823db15d/element/f.4BE6FF561D5B3686539153AD049B7B13.d.641317E7F086B8534077FF02E0D75402.e.5494/click - {}
RESULT: {}
COMMAND: POST /session/0bdb3503147a059981a1ac86823db15d/element - {"using":"xpath","value":"//input[@id=\"application-manageresources-display-component---newResourceUnit--TYPE-inner\"]"}
COMMAND: GET /session/0bdb3503147a059981a1ac86823db15d/screenshot - {}
RESULT: {"using":"xpath","value":"//input[@id=\"application-manageresources-display-component---newResourceUnit--TYPE-inner\"]"}
COMMAND: POST /session/0bdb3503147a059981a1ac86823db15d/element/f.4BE6FF561D5B3686539153AD049B7B13.d.641317E7F086B8534077FF02E0D75402.e.5485/clear - {}
RESULT: {}
RESULT: {}
COMMAND: POST /session/0bdb3503147a059981a1ac86823db15d/element/f.4BE6FF561D5B3686539153AD049B7B13.d.641317E7F086B8534077FF02E0D75402.e.5485/value - {"text":"Material"}
COMMAND: GET /session/0bdb3503147a059981a1ac86823db15d/screenshot - {}
RESULT: {"text":"Material"}
COMMAND: GET /session/0bdb3503147a059981a1ac86823db15d/screenshot - {}
RESULT: {}
RESULT: {}
COMMAND: POST /session/0bdb3503147a059981a1ac86823db15d/actions - {"actions":[{"id":"action14","type":"key","parameters":{},"actions":[{"type":"keyDown","value":"î€‡"},{"type":"pause","duration":10},{"type":"keyUp","value":"î€‡"}]}]}
RESULT: {"actions":[{"id":"action14","type":"key","parameters":{},"actions":[{"type":"keyDown","value":"î€‡"},{"type":"pause","duration":10},{"type":"keyUp","value":"î€‡"}]}]}
COMMAND: POST /session/0bdb3503147a059981a1ac86823db15d/execute/async - {"script":"<script> [1562 bytes]","args":[{"selector":{"id":"application-manageresources-display-component---newResourceUnit--SHORT_TEXT","interaction":{"idSuffix":"inner"}},"wdio_ui5_key":"applicationmanageresources-display-component---newResourceUnit--SHORT_TEXT"}]}
COMMAND: GET /session/0bdb3503147a059981a1ac86823db15d/screenshot - {}
RESULT: {"script":"<script> [1562 bytes]","args":[{"selector":{"id":"application-manageresources-display-component---newResourceUnit--SHORT_TEXT","interaction":{"idSuffix":"inner"}},"wdio_ui5_key":"applicationmanageresources-display-component---newResourceUnit--SHORT_TEXT"}]}
RESULT: undefined
COMMAND: POST /session/0bdb3503147a059981a1ac86823db15d/execute/async - {"script":"<script> [776 bytes]","args":[{"enterText":"Cement WDIO","selector":{"id":"application-manageresources-display-component---newResourceUnit--SHORT_TEXT","interaction":{"idSuffix":"inner"}},"clearTextFirst":true,"interactionType":"ENTER_TEXT"}]}
RESULT: {}
RESULT: {"script":"<script> [776 bytes]","args":[{"enterText":"Cement WDIO","selector":{"id":"application-manageresources-display-component---newResourceUnit--SHORT_TEXT","interaction":{"idSuffix":"inner"}},"clearTextFirst":true,"interactionType":"ENTER_TEXT"}]}
COMMAND: POST /session/0bdb3503147a059981a1ac86823db15d/execute/async - {"script":"<script> [1562 bytes]","args":[{"selector":{"id":"application-manageresources-display-component---newResourceUnit--BASE_UNIT_OF_MEASURE","interaction":{"idSuffix":"inner"}},"wdio_ui5_key":"applicationmanageresources-display-component---newResourceUnit--BASE_UNIT_OF_MEASURE"}]}
RESULT: {"script":"<script> [1562 bytes]","args":[{"selector":{"id":"application-manageresources-display-component---newResourceUnit--BASE_UNIT_OF_MEASURE","interaction":{"idSuffix":"inner"}},"wdio_ui5_key":"applicationmanageresources-display-component---newResourceUnit--BASE_UNIT_OF_MEASURE"}]}
RESULT: undefined
COMMAND: POST /session/0bdb3503147a059981a1ac86823db15d/execute/async - {"script":"<script> [776 bytes]","args":[{"enterText":"Piece","selector":{"id":"application-manageresources-display-component---newResourceUnit--BASE_UNIT_OF_MEASURE","interaction":{"idSuffix":"inner"}},"clearTextFirst":true,"interactionType":"ENTER_TEXT"}]}
RESULT: {"script":"<script> [776 bytes]","args":[{"enterText":"Piece","selector":{"id":"application-manageresources-display-component---newResourceUnit--BASE_UNIT_OF_MEASURE","interaction":{"idSuffix":"inner"}},"clearTextFirst":true,"interactionType":"ENTER_TEXT"}]}
COMMAND: POST /session/0bdb3503147a059981a1ac86823db15d/execute/async - {"script":"<script> [1562 bytes]","args":[{"selector":{"id":"application-manageresources-display-component---newResourceUnit--WEIGHT_UNIT","interaction":{"idSuffix":"inner"}},"wdio_ui5_key":"applicationmanageresources-display-component---newResourceUnit--WEIGHT_UNIT"}]}
RESULT: {"script":"<script> [1562 bytes]","args":[{"selector":{"id":"application-manageresources-display-component---newResourceUnit--WEIGHT_UNIT","interaction":{"idSuffix":"inner"}},"wdio_ui5_key":"applicationmanageresources-display-component---newResourceUnit--WEIGHT_UNIT"}]}
RESULT: undefined
COMMAND: POST /session/0bdb3503147a059981a1ac86823db15d/execute/async - {"script":"<script> [776 bytes]","args":[{"enterText":"Gram","selector":{"id":"application-manageresources-display-component---newResourceUnit--WEIGHT_UNIT","interaction":{"idSuffix":"inner"}},"clearTextFirst":true,"interactionType":"ENTER_TEXT"}]}
RESULT: {"script":"<script> [776 bytes]","args":[{"enterText":"Gram","selector":{"id":"application-manageresources-display-component---newResourceUnit--WEIGHT_UNIT","interaction":{"idSuffix":"inner"}},"clearTextFirst":true,"interactionType":"ENTER_TEXT"}]}
COMMAND: POST /session/0bdb3503147a059981a1ac86823db15d/execute/async - {"script":"<script> [1562 bytes]","args":[{"selector":{"id":"application-manageresources-display-component---newResourceUnit--DIMENSION_UNIT","interaction":{"idSuffix":"inner"}},"wdio_ui5_key":"applicationmanageresources-display-component---newResourceUnit--DIMENSION_UNIT"}]}
RESULT: {"script":"<script> [1562 bytes]","args":[{"selector":{"id":"application-manageresources-display-component---newResourceUnit--DIMENSION_UNIT","interaction":{"idSuffix":"inner"}},"wdio_ui5_key":"applicationmanageresources-display-component---newResourceUnit--DIMENSION_UNIT"}]}
RESULT: undefined
COMMAND: POST /session/0bdb3503147a059981a1ac86823db15d/execute/async - {"script":"<script> [776 bytes]","args":[{"enterText":"Meter","selector":{"id":"application-manageresources-display-component---newResourceUnit--DIMENSION_UNIT","interaction":{"idSuffix":"inner"}},"clearTextFirst":true,"interactionType":"ENTER_TEXT"}]}
RESULT: {"script":"<script> [776 bytes]","args":[{"enterText":"Meter","selector":{"id":"application-manageresources-display-component---newResourceUnit--DIMENSION_UNIT","interaction":{"idSuffix":"inner"}},"clearTextFirst":true,"interactionType":"ENTER_TEXT"}]}
COMMAND: POST /session/0bdb3503147a059981a1ac86823db15d/execute/async - {"script":"<script> [1562 bytes]","args":[{"selector":{"id":"application-manageresources-display-component---newResourceUnit--newRRUPage-anchBar-application-manageresources-display-component---newResourceUnit--control-anchor","interaction":{"idSuffix":"BDI-content"}},"wdio_ui5_key":"applicationmanageresources-display-component---newResourceUnit--newRRUPage-anchBar-application-manageresources-display-component---newResourceUnit--control-anchor"}]}
RESULT: {"script":"<script> [1562 bytes]","args":[{"selector":{"id":"application-manageresources-display-component---newResourceUnit--newRRUPage-anchBar-application-manageresources-display-component---newResourceUnit--control-anchor","interaction":{"idSuffix":"BDI-content"}},"wdio_ui5_key":"applicationmanageresources-display-component---newResourceUnit--newRRUPage-anchBar-application-manageresources-display-component---newResourceUnit--control-anchor"}]}
RESULT: undefined
COMMAND: POST /session/0bdb3503147a059981a1ac86823db15d/element - {"using":"xpath","value":"//*[@id=\"application-manageresources-display-component---newResourceUnit--newRRUPage-anchBar-application-manageresources-display-component---newResourceUnit--control-anchor\"]"}
RESULT: {"using":"xpath","value":"//*[@id=\"application-manageresources-display-component---newResourceUnit--newRRUPage-anchBar-application-manageresources-display-component---newResourceUnit--control-anchor\"]"}
COMMAND: POST /session/0bdb3503147a059981a1ac86823db15d/element/f.4BE6FF561D5B3686539153AD049B7B13.d.641317E7F086B8534077FF02E0D75402.e.5558/click - {}
RESULT: {}
COMMAND: POST /session/0bdb3503147a059981a1ac86823db15d/execute/async - {"script":"<script> [1562 bytes]","args":[{"selector":{"id":"application-manageresources-display-component---newResourceUnit--PLANNING_GROUP","interaction":{"idSuffix":"inner"}},"wdio_ui5_key":"applicationmanageresources-display-component---newResourceUnit--PLANNING_GROUP"}]}
COMMAND: GET /session/0bdb3503147a059981a1ac86823db15d/screenshot - {}
RESULT: {"script":"<script> [1562 bytes]","args":[{"selector":{"id":"application-manageresources-display-component---newResourceUnit--PLANNING_GROUP","interaction":{"idSuffix":"inner"}},"wdio_ui5_key":"applicationmanageresources-display-component---newResourceUnit--PLANNING_GROUP"}]}
RESULT: undefined
COMMAND: POST /session/0bdb3503147a059981a1ac86823db15d/execute/async - {"script":"<script> [776 bytes]","args":[{"enterText":"Material","selector":{"id":"application-manageresources-display-component---newResourceUnit--PLANNING_GROUP","interaction":{"idSuffix":"inner"}},"clearTextFirst":true,"interactionType":"ENTER_TEXT"}]}
RESULT: {}
RESULT: {"script":"<script> [776 bytes]","args":[{"enterText":"Material","selector":{"id":"application-manageresources-display-component---newResourceUnit--PLANNING_GROUP","interaction":{"idSuffix":"inner"}},"clearTextFirst":true,"interactionType":"ENTER_TEXT"}]}
COMMAND: POST /session/0bdb3503147a059981a1ac86823db15d/execute/async - {"script":"<script> [1562 bytes]","args":[{"selector":{"id":"application-manageresources-display-component---newResourceUnit--PLANNING_INDICATOR","interaction":{"idSuffix":"inner"}},"wdio_ui5_key":"applicationmanageresources-display-component---newResourceUnit--PLANNING_INDICATOR"}]}
RESULT: {"script":"<script> [1562 bytes]","args":[{"selector":{"id":"application-manageresources-display-component---newResourceUnit--PLANNING_INDICATOR","interaction":{"idSuffix":"inner"}},"wdio_ui5_key":"applicationmanageresources-display-component---newResourceUnit--PLANNING_INDICATOR"}]}
RESULT: undefined
COMMAND: POST /session/0bdb3503147a059981a1ac86823db15d/execute/async - {"script":"<script> [776 bytes]","args":[{"enterText":"10 - infinite","selector":{"id":"application-manageresources-display-component---newResourceUnit--PLANNING_INDICATOR","interaction":{"idSuffix":"inner"}},"clearTextFirst":true,"interactionType":"ENTER_TEXT"}]}
RESULT: {"script":"<script> [776 bytes]","args":[{"enterText":"10 - infinite","selector":{"id":"application-manageresources-display-component---newResourceUnit--PLANNING_INDICATOR","interaction":{"idSuffix":"inner"}},"clearTextFirst":true,"interactionType":"ENTER_TEXT"}]}
COMMAND: POST /session/0bdb3503147a059981a1ac86823db15d/element - {"using":"css selector","value":"#application-manageresources-display-component---newResourceUnit--btnAddTimeSegment"}
RESULT: {"using":"css selector","value":"#application-manageresources-display-component---newResourceUnit--btnAddTimeSegment"}
COMMAND: GET /session/0bdb3503147a059981a1ac86823db15d/element/f.4BE6FF561D5B3686539153AD049B7B13.d.641317E7F086B8534077FF02E0D75402.e.5568/rect - {}
RESULT: {}
COMMAND: GET /session/0bdb3503147a059981a1ac86823db15d/window/rect - {}
RESULT: {}
COMMAND: POST /session/0bdb3503147a059981a1ac86823db15d/execute/sync - {"script":"<script> [92 bytes]","args":[]}
RESULT: {"script":"<script> [92 bytes]","args":[]}
COMMAND: POST /session/0bdb3503147a059981a1ac86823db15d/actions - {"actions":[{"id":"action15","type":"wheel","parameters":{},"actions":[{"type":"scroll","x":-1888,"y":-32,"deltaX":0,"deltaY":0,"duration":0,"origin":{"element-6066-11e4-a52e-4f735466cecf":"f.4BE6FF561D5B3686539153AD049B7B13.d.641317E7F086B8534077FF02E0D75402.e.5568"}}]}]}
COMMAND: GET /session/0bdb3503147a059981a1ac86823db15d/screenshot - {}
RESULT: {}
COMMAND: POST /session/0bdb3503147a059981a1ac86823db15d/execute/sync - {"script":"<script> [79 bytes]","args":[{"element-6066-11e4-a52e-4f735466cecf":"f.4BE6FF561D5B3686539153AD049B7B13.d.641317E7F086B8534077FF02E0D75402.e.5568","ELEMENT":"f.4BE6FF561D5B3686539153AD049B7B13.d.641317E7F086B8534077FF02E0D75402.e.5568"},{"block":"start","inline":"nearest"}]}
RESULT: {"script":"<script> [79 bytes]","args":[{"element-6066-11e4-a52e-4f735466cecf":"f.4BE6FF561D5B3686539153AD049B7B13.d.641317E7F086B8534077FF02E0D75402.e.5568","ELEMENT":"f.4BE6FF561D5B3686539153AD049B7B13.d.641317E7F086B8534077FF02E0D75402.e.5568"},{"block":"start","inline":"nearest"}]}
COMMAND: POST /session/0bdb3503147a059981a1ac86823db15d/execute/async - {"script":"<script> [1562 bytes]","args":[{"selector":{"id":"application-manageresources-display-component---newResourceUnit--btnAddTimeSegment","interaction":{"idSuffix":"inner"}},"wdio_ui5_key":"applicationmanageresources-display-component---newResourceUnit--btnAddTimeSegment"}]}
COMMAND: GET /session/0bdb3503147a059981a1ac86823db15d/screenshot - {}
RESULT: {"script":"<script> [1562 bytes]","args":[{"selector":{"id":"application-manageresources-display-component---newResourceUnit--btnAddTimeSegment","interaction":{"idSuffix":"inner"}},"wdio_ui5_key":"applicationmanageresources-display-component---newResourceUnit--btnAddTimeSegment"}]}
RESULT: undefined
COMMAND: POST /session/0bdb3503147a059981a1ac86823db15d/element - {"using":"xpath","value":"//*[@id=\"application-manageresources-display-component---newResourceUnit--btnAddTimeSegment\"]"}
RESULT: {}
RESULT: {"using":"xpath","value":"//*[@id=\"application-manageresources-display-component---newResourceUnit--btnAddTimeSegment\"]"}
COMMAND: POST /session/0bdb3503147a059981a1ac86823db15d/element/f.4BE6FF561D5B3686539153AD049B7B13.d.641317E7F086B8534077FF02E0D75402.e.5568/click - {}
RESULT: {}
COMMAND: GET /session/0bdb3503147a059981a1ac86823db15d/screenshot - {}
RESULT: {}
COMMAND: POST /session/0bdb3503147a059981a1ac86823db15d/element - {"using":"xpath","value":"//input[@id=\"application-manageresources-display-component---newResourceUnit--idRuTSAdmin-application-manageresources-display-component---newResourceUnit--RUTimeSegment-0-inner\"]"}
RESULT: {"using":"xpath","value":"//input[@id=\"application-manageresources-display-component---newResourceUnit--idRuTSAdmin-application-manageresources-display-component---newResourceUnit--RUTimeSegment-0-inner\"]"}
COMMAND: POST /session/0bdb3503147a059981a1ac86823db15d/element/f.4BE6FF561D5B3686539153AD049B7B13.d.641317E7F086B8534077FF02E0D75402.e.5573/clear - {}
RESULT: {}
COMMAND: POST /session/0bdb3503147a059981a1ac86823db15d/element/f.4BE6FF561D5B3686539153AD049B7B13.d.641317E7F086B8534077FF02E0D75402.e.5573/value - {"text":"499"}
COMMAND: GET /session/0bdb3503147a059981a1ac86823db15d/screenshot - {}
RESULT: {"text":"499"}
COMMAND: GET /session/0bdb3503147a059981a1ac86823db15d/screenshot - {}
RESULT: {}
RESULT: {}
COMMAND: POST /session/0bdb3503147a059981a1ac86823db15d/element - {"using":"xpath","value":"//li[.//span[text()='499']]"}
RESULT: {"using":"xpath","value":"//li[.//span[text()='499']]"}
COMMAND: POST /session/0bdb3503147a059981a1ac86823db15d/element/f.4BE6FF561D5B3686539153AD049B7B13.d.641317E7F086B8534077FF02E0D75402.e.5582/click - {}
RESULT: {}
COMMAND: GET /session/0bdb3503147a059981a1ac86823db15d/screenshot - {}
RESULT: {}
COMMAND: POST /session/0bdb3503147a059981a1ac86823db15d/element - {"using":"xpath","value":"(//span[contains(@id, \"-application-manageresources-display-component---newResourceUnit--RUTimeSegment-0-arrow\")])[2]"}
RESULT: {"using":"xpath","value":"(//span[contains(@id, \"-application-manageresources-display-component---newResourceUnit--RUTimeSegment-0-arrow\")])[2]"}
COMMAND: POST /session/0bdb3503147a059981a1ac86823db15d/element/f.4BE6FF561D5B3686539153AD049B7B13.d.641317E7F086B8534077FF02E0D75402.e.5583/click - {}
RESULT: {}
COMMAND: POST /session/0bdb3503147a059981a1ac86823db15d/element - {"using":"xpath","value":"//span[contains(text(), \"PM Order\")]"}
COMMAND: GET /session/0bdb3503147a059981a1ac86823db15d/screenshot - {}
RESULT: {"using":"xpath","value":"//span[contains(text(), \"PM Order\")]"}
COMMAND: POST /session/0bdb3503147a059981a1ac86823db15d/element/f.4BE6FF561D5B3686539153AD049B7B13.d.641317E7F086B8534077FF02E0D75402.e.5584/click - {}
RESULT: {}
RESULT: {}
COMMAND: GET /session/0bdb3503147a059981a1ac86823db15d/screenshot - {}
RESULT: {}
COMMAND: POST /session/0bdb3503147a059981a1ac86823db15d/element - {"using":"xpath","value":"//td/div/div/div/span[contains(@id, \"newResourceUnit--RUTimeSegment-0-vhi\")][1]"}
RESULT: {"using":"xpath","value":"//td/div/div/div/span[contains(@id, \"newResourceUnit--RUTimeSegment-0-vhi\")][1]"}
COMMAND: GET /session/0bdb3503147a059981a1ac86823db15d/element/f.4BE6FF561D5B3686539153AD049B7B13.d.641317E7F086B8534077FF02E0D75402.e.5588/rect - {}
RESULT: {}
COMMAND: GET /session/0bdb3503147a059981a1ac86823db15d/window/rect - {}
RESULT: {}
COMMAND: POST /session/0bdb3503147a059981a1ac86823db15d/execute/sync - {"script":"<script> [92 bytes]","args":[]}
RESULT: {"script":"<script> [92 bytes]","args":[]}
COMMAND: POST /session/0bdb3503147a059981a1ac86823db15d/actions - {"actions":[{"id":"action16","type":"wheel","parameters":{},"actions":[{"type":"scroll","x":-1888,"y":-24,"deltaX":0,"deltaY":0,"duration":0,"origin":{"element-6066-11e4-a52e-4f735466cecf":"f.4BE6FF561D5B3686539153AD049B7B13.d.641317E7F086B8534077FF02E0D75402.e.5588"}}]}]}
COMMAND: GET /session/0bdb3503147a059981a1ac86823db15d/screenshot - {}
RESULT: {}
COMMAND: POST /session/0bdb3503147a059981a1ac86823db15d/execute/sync - {"script":"<script> [79 bytes]","args":[{"element-6066-11e4-a52e-4f735466cecf":"f.4BE6FF561D5B3686539153AD049B7B13.d.641317E7F086B8534077FF02E0D75402.e.5588","ELEMENT":"f.4BE6FF561D5B3686539153AD049B7B13.d.641317E7F086B8534077FF02E0D75402.e.5588"},{"block":"start","inline":"nearest"}]}
RESULT: {"script":"<script> [79 bytes]","args":[{"element-6066-11e4-a52e-4f735466cecf":"f.4BE6FF561D5B3686539153AD049B7B13.d.641317E7F086B8534077FF02E0D75402.e.5588","ELEMENT":"f.4BE6FF561D5B3686539153AD049B7B13.d.641317E7F086B8534077FF02E0D75402.e.5588"},{"block":"start","inline":"nearest"}]}
COMMAND: GET /session/0bdb3503147a059981a1ac86823db15d/screenshot - {}
RESULT: {}
COMMAND: POST /session/0bdb3503147a059981a1ac86823db15d/element/f.4BE6FF561D5B3686539153AD049B7B13.d.641317E7F086B8534077FF02E0D75402.e.5588/click - {}
RESULT: {}
COMMAND: GET /session/0bdb3503147a059981a1ac86823db15d/screenshot - {}
RESULT: {}
RESULT: undefined
COMMAND: POST /session/0bdb3503147a059981a1ac86823db15d/execute/async - {"script":"<script> [776 bytes]","args":[{"enterText":"4000360","selector":{"controlType":"sap.m.SearchField","properties":{"placeholder":"Search"},"searchOpenDialogs":true,"interaction":{"idSuffix":"I"}},"clearTextFirst":true,"interactionType":"ENTER_TEXT"}]}
RESULT: {"script":"<script> [776 bytes]","args":[{"enterText":"4000360","selector":{"controlType":"sap.m.SearchField","properties":{"placeholder":"Search"},"searchOpenDialogs":true,"interaction":{"idSuffix":"I"}},"clearTextFirst":true,"interactionType":"ENTER_TEXT"}]}
COMMAND: POST /session/0bdb3503147a059981a1ac86823db15d/actions - {"actions":[{"id":"action17","type":"key","parameters":{},"actions":[{"type":"keyDown","value":"î€‡"},{"type":"pause","duration":10},{"type":"keyUp","value":"î€‡"}]}]}
RESULT: {"actions":[{"id":"action17","type":"key","parameters":{},"actions":[{"type":"keyDown","value":"î€‡"},{"type":"pause","duration":10},{"type":"keyUp","value":"î€‡"}]}]}
COMMAND: GET /session/0bdb3503147a059981a1ac86823db15d/screenshot - {}
RESULT: {}
COMMAND: POST /session/0bdb3503147a059981a1ac86823db15d/element - {"using":"xpath","value":"//td/div/span[contains(text(), \"BGL Vehicles\")]"}
RESULT: {"using":"xpath","value":"//td/div/span[contains(text(), \"BGL Vehicles\")]"}
COMMAND: POST /session/0bdb3503147a059981a1ac86823db15d/element/f.4BE6FF561D5B3686539153AD049B7B13.d.641317E7F086B8534077FF02E0D75402.e.5606/click - {}
RESULT: {}
COMMAND: GET /session/0bdb3503147a059981a1ac86823db15d/screenshot - {}
RESULT: {}
COMMAND: POST /session/0bdb3503147a059981a1ac86823db15d/element - {"using":"xpath","value":"//bdi[contains(text(), \"OK\")]"}
RESULT: {"using":"xpath","value":"//bdi[contains(text(), \"OK\")]"}
COMMAND: POST /session/0bdb3503147a059981a1ac86823db15d/element/f.4BE6FF561D5B3686539153AD049B7B13.d.641317E7F086B8534077FF02E0D75402.e.5607/click - {}
RESULT: {}
COMMAND: GET /session/0bdb3503147a059981a1ac86823db15d/screenshot - {}
RESULT: {}
COMMAND: POST /session/0bdb3503147a059981a1ac86823db15d/element - {"using":"xpath","value":"//label[contains(@class, 'sapMLabelRequired') and .//bdi[contains(text(), 'Planned Retirement')]]"}
RESULT: {"using":"xpath","value":"//label[contains(@class, 'sapMLabelRequired') and .//bdi[contains(text(), 'Planned Retirement')]]"}
COMMAND: POST /session/0bdb3503147a059981a1ac86823db15d/elements - {"using":"xpath","value":"//label[contains(@class, 'sapMLabelRequired') and .//bdi[contains(text(), 'Planned Retirement')]]"}
RESULT: {"using":"xpath","value":"//label[contains(@class, 'sapMLabelRequired') and .//bdi[contains(text(), 'Planned Retirement')]]"}
COMMAND: POST /session/0bdb3503147a059981a1ac86823db15d/element - {"using":"xpath","value":"//button[@data-kt=\"resourceUnitSaveButton\"]"}
RESULT: {"using":"xpath","value":"//button[@data-kt=\"resourceUnitSaveButton\"]"}
COMMAND: POST /session/0bdb3503147a059981a1ac86823db15d/element/f.4BE6FF561D5B3686539153AD049B7B13.d.641317E7F086B8534077FF02E0D75402.e.5511/click - {}
RESULT: {}
COMMAND: GET /session/0bdb3503147a059981a1ac86823db15d/screenshot - {}
RESULT: {}
COMMAND: POST /session/0bdb3503147a059981a1ac86823db15d/element - {"using":"xpath","value":"//bdi[contains(text(), \"Close\")]"}
RESULT: {"using":"xpath","value":"//bdi[contains(text(), \"Close\")]"}
COMMAND: POST /session/0bdb3503147a059981a1ac86823db15d/element/f.4BE6FF561D5B3686539153AD049B7B13.d.641317E7F086B8534077FF02E0D75402.e.5613/click - {}
RESULT: {}
COMMAND: GET /session/0bdb3503147a059981a1ac86823db15d/screenshot - {}
RESULT: {}
COMMAND: POST /session/0bdb3503147a059981a1ac86823db15d/element - {"using":"xpath","value":"//header[contains(@id, 'detailRruPage-headerTitle')]/div[1]/div[2]/div[2]/span[1]"}
RESULT: {"using":"xpath","value":"//header[contains(@id, 'detailRruPage-headerTitle')]/div[1]/div[2]/div[2]/span[1]"}
COMMAND: POST /session/0bdb3503147a059981a1ac86823db15d/elements - {"using":"xpath","value":"//header[contains(@id, 'detailRruPage-headerTitle')]/div[1]/div[2]/div[2]/span[1]"}
RESULT: {"using":"xpath","value":"//header[contains(@id, 'detailRruPage-headerTitle')]/div[1]/div[2]/div[2]/span[1]"}
COMMAND: POST /session/0bdb3503147a059981a1ac86823db15d/execute/sync - {"script":"<script> [56 bytes]","args":[{"element-6066-11e4-a52e-4f735466cecf":"f.4BE6FF561D5B3686539153AD049B7B13.d.641317E7F086B8534077FF02E0D75402.e.5645","ELEMENT":"f.4BE6FF561D5B3686539153AD049B7B13.d.641317E7F086B8534077FF02E0D75402.e.5645"}]}
RESULT: {"script":"<script> [56 bytes]","args":[{"element-6066-11e4-a52e-4f735466cecf":"f.4BE6FF561D5B3686539153AD049B7B13.d.641317E7F086B8534077FF02E0D75402.e.5645","ELEMENT":"f.4BE6FF561D5B3686539153AD049B7B13.d.641317E7F086B8534077FF02E0D75402.e.5645"}]}
COMMAND: POST /session/0bdb3503147a059981a1ac86823db15d/element - {"using":"css selector","value":"#shell-header-logo"}
COMMAND: GET /session/0bdb3503147a059981a1ac86823db15d/screenshot - {}
RESULT: {"using":"css selector","value":"#shell-header-logo"}
COMMAND: POST /session/0bdb3503147a059981a1ac86823db15d/element/f.4BE6FF561D5B3686539153AD049B7B13.d.641317E7F086B8534077FF02E0D75402.e.5105/click - {}
RESULT: {}
RESULT: {}
COMMAND: GET /session/0bdb3503147a059981a1ac86823db15d/screenshot - {}
RESULT: {}
]]></system-out>
    </testcase>
    <testcase classname="chrome.136_0_7103_93.windows.Create_masterdata_for_Yard_Overview_-_trigger_provide_US130988" name="Bin Status Report Should Create New Organization yard" time="81.991">
      <system-out><![CDATA[
COMMAND: POST /session/0bdb3503147a059981a1ac86823db15d/execute/async - {"script":"<script> [1562 bytes]","args":[{"selector":{"controlType":"sap.m.GenericTile","properties":{"header":"Bin Status Report"}},"wdio_ui5_key":"sapm.GenericTile{\"header\":\"Bin Status Report\"}"}]}
RESULT: {"script":"<script> [1562 bytes]","args":[{"selector":{"controlType":"sap.m.GenericTile","properties":{"header":"Bin Status Report"}},"wdio_ui5_key":"sapm.GenericTile{\"header\":\"Bin Status Report\"}"}]}
RESULT: undefined
COMMAND: POST /session/0bdb3503147a059981a1ac86823db15d/element - {"using":"xpath","value":"//*[@id=\"__tile104\"]"}
RESULT: {"using":"xpath","value":"//*[@id=\"__tile104\"]"}
COMMAND: POST /session/0bdb3503147a059981a1ac86823db15d/element/f.4BE6FF561D5B3686539153AD049B7B13.d.641317E7F086B8534077FF02E0D75402.e.5647/click - {}
RESULT: {}
COMMAND: GET /session/0bdb3503147a059981a1ac86823db15d/screenshot - {}
RESULT: {}
COMMAND: POST /session/0bdb3503147a059981a1ac86823db15d/elements - {"using":"xpath","value":"//span[text()='Error']"}
RESULT: {"using":"xpath","value":"//span[text()='Error']"}
COMMAND: POST /session/0bdb3503147a059981a1ac86823db15d/element - {"using":"xpath","value":"//button[@id=\"application-binstatusreport-display-component---warehousing--createOrgBtn\"]"}
RESULT: {"using":"xpath","value":"//button[@id=\"application-binstatusreport-display-component---warehousing--createOrgBtn\"]"}
COMMAND: POST /session/0bdb3503147a059981a1ac86823db15d/elements - {"using":"xpath","value":"//button[@id=\"application-binstatusreport-display-component---warehousing--createOrgBtn\"]"}
RESULT: {"using":"xpath","value":"//button[@id=\"application-binstatusreport-display-component---warehousing--createOrgBtn\"]"}
COMMAND: POST /session/0bdb3503147a059981a1ac86823db15d/elements - {"using":"xpath","value":"//button[@id=\"application-binstatusreport-display-component---warehousing--createOrgBtn\"]"}
RESULT: {"using":"xpath","value":"//button[@id=\"application-binstatusreport-display-component---warehousing--createOrgBtn\"]"}
COMMAND: POST /session/0bdb3503147a059981a1ac86823db15d/elements - {"using":"xpath","value":"//button[@id=\"application-binstatusreport-display-component---warehousing--createOrgBtn\"]"}
RESULT: {"using":"xpath","value":"//button[@id=\"application-binstatusreport-display-component---warehousing--createOrgBtn\"]"}
COMMAND: POST /session/0bdb3503147a059981a1ac86823db15d/element - {"using":"xpath","value":"//button[@id=\"application-binstatusreport-display-component---warehousing--createOrgBtn\"]"}
RESULT: {"using":"xpath","value":"//button[@id=\"application-binstatusreport-display-component---warehousing--createOrgBtn\"]"}
COMMAND: POST /session/0bdb3503147a059981a1ac86823db15d/execute/sync - {"script":"<script> [8489 bytes]","args":[{"element-6066-11e4-a52e-4f735466cecf":"f.4BE6FF561D5B3686539153AD049B7B13.d.641317E7F086B8534077FF02E0D75402.e.5705","ELEMENT":"f.4BE6FF561D5B3686539153AD049B7B13.d.641317E7F086B8534077FF02E0D75402.e.5705"}]}
RESULT: {"script":"<script> [8489 bytes]","args":[{"element-6066-11e4-a52e-4f735466cecf":"f.4BE6FF561D5B3686539153AD049B7B13.d.641317E7F086B8534077FF02E0D75402.e.5705","ELEMENT":"f.4BE6FF561D5B3686539153AD049B7B13.d.641317E7F086B8534077FF02E0D75402.e.5705"}]}
COMMAND: GET /session/0bdb3503147a059981a1ac86823db15d/element/f.4BE6FF561D5B3686539153AD049B7B13.d.641317E7F086B8534077FF02E0D75402.e.5705/enabled - {}
COMMAND: GET /session/0bdb3503147a059981a1ac86823db15d/screenshot - {}
RESULT: {}
COMMAND: POST /session/0bdb3503147a059981a1ac86823db15d/execute/sync - {"script":"<script> [8489 bytes]","args":[{"element-6066-11e4-a52e-4f735466cecf":"f.4BE6FF561D5B3686539153AD049B7B13.d.641317E7F086B8534077FF02E0D75402.e.5705","ELEMENT":"f.4BE6FF561D5B3686539153AD049B7B13.d.641317E7F086B8534077FF02E0D75402.e.5705"}]}
COMMAND: GET /session/0bdb3503147a059981a1ac86823db15d/screenshot - {}
RESULT: {}
RESULT: {"script":"<script> [8489 bytes]","args":[{"element-6066-11e4-a52e-4f735466cecf":"f.4BE6FF561D5B3686539153AD049B7B13.d.641317E7F086B8534077FF02E0D75402.e.5705","ELEMENT":"f.4BE6FF561D5B3686539153AD049B7B13.d.641317E7F086B8534077FF02E0D75402.e.5705"}]}
COMMAND: POST /session/0bdb3503147a059981a1ac86823db15d/execute/sync - {"script":"<script> [5351 bytes]","args":[{"element-6066-11e4-a52e-4f735466cecf":"f.4BE6FF561D5B3686539153AD049B7B13.d.641317E7F086B8534077FF02E0D75402.e.5705","ELEMENT":"f.4BE6FF561D5B3686539153AD049B7B13.d.641317E7F086B8534077FF02E0D75402.e.5705"}]}
COMMAND: GET /session/0bdb3503147a059981a1ac86823db15d/screenshot - {}
RESULT: {}
RESULT: {"script":"<script> [5351 bytes]","args":[{"element-6066-11e4-a52e-4f735466cecf":"f.4BE6FF561D5B3686539153AD049B7B13.d.641317E7F086B8534077FF02E0D75402.e.5705","ELEMENT":"f.4BE6FF561D5B3686539153AD049B7B13.d.641317E7F086B8534077FF02E0D75402.e.5705"}]}
COMMAND: GET /session/0bdb3503147a059981a1ac86823db15d/screenshot - {}
RESULT: {}
RESULT: {}
COMMAND: POST /session/0bdb3503147a059981a1ac86823db15d/element/f.4BE6FF561D5B3686539153AD049B7B13.d.641317E7F086B8534077FF02E0D75402.e.5705/click - {}
RESULT: {}
COMMAND: GET /session/0bdb3503147a059981a1ac86823db15d/screenshot - {}
RESULT: {}
COMMAND: POST /session/0bdb3503147a059981a1ac86823db15d/execute/async - {"script":"<script> [1562 bytes]","args":[{"selector":{"id":"createOrganizationPop--sectionInput","searchOpenDialogs":true,"interaction":{"idSuffix":"inner"}},"wdio_ui5_key":"createOrganizationPopsectionInput"}]}
RESULT: {"script":"<script> [1562 bytes]","args":[{"selector":{"id":"createOrganizationPop--sectionInput","searchOpenDialogs":true,"interaction":{"idSuffix":"inner"}},"wdio_ui5_key":"createOrganizationPopsectionInput"}]}
RESULT: undefined
COMMAND: POST /session/0bdb3503147a059981a1ac86823db15d/execute/async - {"script":"<script> [776 bytes]","args":[{"enterText":"WDIO-499","selector":{"id":"createOrganizationPop--sectionInput","searchOpenDialogs":true,"interaction":{"idSuffix":"inner"}},"clearTextFirst":true,"interactionType":"ENTER_TEXT"}]}
RESULT: {"script":"<script> [776 bytes]","args":[{"enterText":"WDIO-499","selector":{"id":"createOrganizationPop--sectionInput","searchOpenDialogs":true,"interaction":{"idSuffix":"inner"}},"clearTextFirst":true,"interactionType":"ENTER_TEXT"}]}
COMMAND: POST /session/0bdb3503147a059981a1ac86823db15d/execute/async - {"script":"<script> [1562 bytes]","args":[{"selector":{"id":"createOrganizationPop--descriptionInput","searchOpenDialogs":true,"interaction":{"idSuffix":"inner"}},"wdio_ui5_key":"createOrganizationPopdescriptionInput"}]}
RESULT: {"script":"<script> [1562 bytes]","args":[{"selector":{"id":"createOrganizationPop--descriptionInput","searchOpenDialogs":true,"interaction":{"idSuffix":"inner"}},"wdio_ui5_key":"createOrganizationPopdescriptionInput"}]}
RESULT: undefined
COMMAND: POST /session/0bdb3503147a059981a1ac86823db15d/execute/async - {"script":"<script> [776 bytes]","args":[{"enterText":"Shipping-499","selector":{"id":"createOrganizationPop--descriptionInput","searchOpenDialogs":true,"interaction":{"idSuffix":"inner"}},"clearTextFirst":true,"interactionType":"ENTER_TEXT"}]}
RESULT: {"script":"<script> [776 bytes]","args":[{"enterText":"Shipping-499","selector":{"id":"createOrganizationPop--descriptionInput","searchOpenDialogs":true,"interaction":{"idSuffix":"inner"}},"clearTextFirst":true,"interactionType":"ENTER_TEXT"}]}
COMMAND: POST /session/0bdb3503147a059981a1ac86823db15d/element - {"using":"css selector","value":"#createOrganizationPop--yardOrg-inner"}
RESULT: {"using":"css selector","value":"#createOrganizationPop--yardOrg-inner"}
COMMAND: POST /session/0bdb3503147a059981a1ac86823db15d/element/f.4BE6FF561D5B3686539153AD049B7B13.d.641317E7F086B8534077FF02E0D75402.e.5748/clear - {}
RESULT: {}
COMMAND: POST /session/0bdb3503147a059981a1ac86823db15d/element/f.4BE6FF561D5B3686539153AD049B7B13.d.641317E7F086B8534077FF02E0D75402.e.5748/value - {"text":"499"}
COMMAND: GET /session/0bdb3503147a059981a1ac86823db15d/screenshot - {}
RESULT: {"text":"499"}
COMMAND: GET /session/0bdb3503147a059981a1ac86823db15d/screenshot - {}
RESULT: {}
RESULT: {}
COMMAND: POST /session/0bdb3503147a059981a1ac86823db15d/actions - {"actions":[{"id":"action18","type":"key","parameters":{},"actions":[{"type":"keyDown","value":"î€‡"},{"type":"pause","duration":10},{"type":"keyUp","value":"î€‡"}]}]}
RESULT: {"actions":[{"id":"action18","type":"key","parameters":{},"actions":[{"type":"keyDown","value":"î€‡"},{"type":"pause","duration":10},{"type":"keyUp","value":"î€‡"}]}]}
COMMAND: POST /session/0bdb3503147a059981a1ac86823db15d/execute/async - {"script":"<script> [1562 bytes]","args":[{"selector":{"id":"createOrganizationPop--grZone","searchOpenDialogs":true,"interaction":{"idSuffix":"CbBg"}},"wdio_ui5_key":"createOrganizationPopgrZone"}]}
COMMAND: GET /session/0bdb3503147a059981a1ac86823db15d/screenshot - {}
RESULT: {"script":"<script> [1562 bytes]","args":[{"selector":{"id":"createOrganizationPop--grZone","searchOpenDialogs":true,"interaction":{"idSuffix":"CbBg"}},"wdio_ui5_key":"createOrganizationPopgrZone"}]}
RESULT: undefined
COMMAND: POST /session/0bdb3503147a059981a1ac86823db15d/element - {"using":"xpath","value":"//*[@id=\"createOrganizationPop--grZone\"]"}
RESULT: {}
RESULT: {"using":"xpath","value":"//*[@id=\"createOrganizationPop--grZone\"]"}
COMMAND: POST /session/0bdb3503147a059981a1ac86823db15d/element/f.4BE6FF561D5B3686539153AD049B7B13.d.641317E7F086B8534077FF02E0D75402.e.5769/click - {}
RESULT: {}
COMMAND: GET /session/0bdb3503147a059981a1ac86823db15d/screenshot - {}
RESULT: {}
COMMAND: POST /session/0bdb3503147a059981a1ac86823db15d/execute/async - {"script":"<script> [1562 bytes]","args":[{"selector":{"id":"createOrganizationPop--giZone","searchOpenDialogs":true,"interaction":{"idSuffix":"CbBg"}},"wdio_ui5_key":"createOrganizationPopgiZone"}]}
RESULT: {"script":"<script> [1562 bytes]","args":[{"selector":{"id":"createOrganizationPop--giZone","searchOpenDialogs":true,"interaction":{"idSuffix":"CbBg"}},"wdio_ui5_key":"createOrganizationPopgiZone"}]}
RESULT: undefined
COMMAND: POST /session/0bdb3503147a059981a1ac86823db15d/element - {"using":"xpath","value":"//*[@id=\"createOrganizationPop--giZone\"]"}
RESULT: {"using":"xpath","value":"//*[@id=\"createOrganizationPop--giZone\"]"}
COMMAND: POST /session/0bdb3503147a059981a1ac86823db15d/element/f.4BE6FF561D5B3686539153AD049B7B13.d.641317E7F086B8534077FF02E0D75402.e.5771/click - {}
RESULT: {}
COMMAND: GET /session/0bdb3503147a059981a1ac86823db15d/screenshot - {}
RESULT: {}
COMMAND: POST /session/0bdb3503147a059981a1ac86823db15d/execute/async - {"script":"<script> [1562 bytes]","args":[{"selector":{"id":"createOrganizationPop--binNoInput","searchOpenDialogs":true,"interaction":{"idSuffix":"inner"}},"wdio_ui5_key":"createOrganizationPopbinNoInput"}]}
RESULT: {"script":"<script> [1562 bytes]","args":[{"selector":{"id":"createOrganizationPop--binNoInput","searchOpenDialogs":true,"interaction":{"idSuffix":"inner"}},"wdio_ui5_key":"createOrganizationPopbinNoInput"}]}
RESULT: undefined
COMMAND: POST /session/0bdb3503147a059981a1ac86823db15d/execute/async - {"script":"<script> [776 bytes]","args":[{"enterText":"Bin-Wd","selector":{"id":"createOrganizationPop--binNoInput","searchOpenDialogs":true,"interaction":{"idSuffix":"inner"}},"clearTextFirst":true,"interactionType":"ENTER_TEXT"}]}
RESULT: {"script":"<script> [776 bytes]","args":[{"enterText":"Bin-Wd","selector":{"id":"createOrganizationPop--binNoInput","searchOpenDialogs":true,"interaction":{"idSuffix":"inner"}},"clearTextFirst":true,"interactionType":"ENTER_TEXT"}]}
COMMAND: POST /session/0bdb3503147a059981a1ac86823db15d/execute/async - {"script":"<script> [1562 bytes]","args":[{"selector":{"id":"createOrganizationPop--descriptionId","searchOpenDialogs":true,"interaction":{"idSuffix":"inner"}},"wdio_ui5_key":"createOrganizationPopdescriptionId"}]}
RESULT: {"script":"<script> [1562 bytes]","args":[{"selector":{"id":"createOrganizationPop--descriptionId","searchOpenDialogs":true,"interaction":{"idSuffix":"inner"}},"wdio_ui5_key":"createOrganizationPopdescriptionId"}]}
RESULT: undefined
COMMAND: POST /session/0bdb3503147a059981a1ac86823db15d/execute/async - {"script":"<script> [776 bytes]","args":[{"enterText":"Shipping-Wd","selector":{"id":"createOrganizationPop--descriptionId","searchOpenDialogs":true,"interaction":{"idSuffix":"inner"}},"clearTextFirst":true,"interactionType":"ENTER_TEXT"}]}
RESULT: {"script":"<script> [776 bytes]","args":[{"enterText":"Shipping-Wd","selector":{"id":"createOrganizationPop--descriptionId","searchOpenDialogs":true,"interaction":{"idSuffix":"inner"}},"clearTextFirst":true,"interactionType":"ENTER_TEXT"}]}
COMMAND: POST /session/0bdb3503147a059981a1ac86823db15d/execute/async - {"script":"<script> [1562 bytes]","args":[{"selector":{"controlType":"sap.m.CheckBox","viewName":"etm.portal.ui.binstatusreport.view.MasterWareBins","viewId":"application-binstatusreport-display-component---warehousing","bindingPath":{"path":"","propertyPath":"/ZONE","modelName":"newBin"},"searchOpenDialogs":true,"interaction":{"idSuffix":"CbBg"}},"wdio_ui5_key":"etmportal.ui.binstatusreport.view.MasterWareBinssap.m.CheckBox{\"path\":\"\",\"propertyPath\":\"/ZONE\",\"modelName\":\"newBin\"}"}]}
RESULT: {"script":"<script> [1562 bytes]","args":[{"selector":{"controlType":"sap.m.CheckBox","viewName":"etm.portal.ui.binstatusreport.view.MasterWareBins","viewId":"application-binstatusreport-display-component---warehousing","bindingPath":{"path":"","propertyPath":"/ZONE","modelName":"newBin"},"searchOpenDialogs":true,"interaction":{"idSuffix":"CbBg"}},"wdio_ui5_key":"etmportal.ui.binstatusreport.view.MasterWareBinssap.m.CheckBox{\"path\":\"\",\"propertyPath\":\"/ZONE\",\"modelName\":\"newBin\"}"}]}
RESULT: undefined
COMMAND: POST /session/0bdb3503147a059981a1ac86823db15d/element - {"using":"xpath","value":"//*[@id=\"__box56\"]"}
RESULT: {"using":"xpath","value":"//*[@id=\"__box56\"]"}
COMMAND: POST /session/0bdb3503147a059981a1ac86823db15d/element/f.4BE6FF561D5B3686539153AD049B7B13.d.641317E7F086B8534077FF02E0D75402.e.5775/click - {}
RESULT: {}
COMMAND: GET /session/0bdb3503147a059981a1ac86823db15d/screenshot - {}
RESULT: {}
COMMAND: POST /session/0bdb3503147a059981a1ac86823db15d/execute/async - {"script":"<script> [1562 bytes]","args":[{"selector":{"id":"createOrganizationPop--binTypesCB","searchOpenDialogs":true,"interaction":{"idSuffix":"inner"}},"wdio_ui5_key":"createOrganizationPopbinTypesCB"}]}
RESULT: {"script":"<script> [1562 bytes]","args":[{"selector":{"id":"createOrganizationPop--binTypesCB","searchOpenDialogs":true,"interaction":{"idSuffix":"inner"}},"wdio_ui5_key":"createOrganizationPopbinTypesCB"}]}
RESULT: undefined
COMMAND: POST /session/0bdb3503147a059981a1ac86823db15d/execute/async - {"script":"<script> [776 bytes]","args":[{"enterText":"1 - General / No capacity check","selector":{"id":"createOrganizationPop--binTypesCB","searchOpenDialogs":true,"interaction":{"idSuffix":"inner"}},"clearTextFirst":true,"interactionType":"ENTER_TEXT"}]}
RESULT: {"script":"<script> [776 bytes]","args":[{"enterText":"1 - General / No capacity check","selector":{"id":"createOrganizationPop--binTypesCB","searchOpenDialogs":true,"interaction":{"idSuffix":"inner"}},"clearTextFirst":true,"interactionType":"ENTER_TEXT"}]}
COMMAND: POST /session/0bdb3503147a059981a1ac86823db15d/actions - {"actions":[{"id":"action19","type":"key","parameters":{},"actions":[{"type":"keyDown","value":"î€‡"},{"type":"pause","duration":10},{"type":"keyUp","value":"î€‡"}]}]}
RESULT: {"actions":[{"id":"action19","type":"key","parameters":{},"actions":[{"type":"keyDown","value":"î€‡"},{"type":"pause","duration":10},{"type":"keyUp","value":"î€‡"}]}]}
COMMAND: GET /session/0bdb3503147a059981a1ac86823db15d/screenshot - {}
RESULT: {}
COMMAND: POST /session/0bdb3503147a059981a1ac86823db15d/execute/async - {"script":"<script> [1562 bytes]","args":[{"selector":{"id":"createOrganizationPop--finishBtn","searchOpenDialogs":true,"interaction":{"idSuffix":"BDI-content"}},"wdio_ui5_key":"createOrganizationPopfinishBtn"}]}
RESULT: {"script":"<script> [1562 bytes]","args":[{"selector":{"id":"createOrganizationPop--finishBtn","searchOpenDialogs":true,"interaction":{"idSuffix":"BDI-content"}},"wdio_ui5_key":"createOrganizationPopfinishBtn"}]}
RESULT: undefined
COMMAND: POST /session/0bdb3503147a059981a1ac86823db15d/element - {"using":"xpath","value":"//*[@id=\"createOrganizationPop--finishBtn\"]"}
RESULT: {"using":"xpath","value":"//*[@id=\"createOrganizationPop--finishBtn\"]"}
COMMAND: POST /session/0bdb3503147a059981a1ac86823db15d/element/f.4BE6FF561D5B3686539153AD049B7B13.d.641317E7F086B8534077FF02E0D75402.e.5778/click - {}
RESULT: {}
COMMAND: GET /session/0bdb3503147a059981a1ac86823db15d/screenshot - {}
RESULT: {}
COMMAND: POST /session/0bdb3503147a059981a1ac86823db15d/element - {"using":"css selector","value":"#shell-header-logo"}
RESULT: {"using":"css selector","value":"#shell-header-logo"}
COMMAND: POST /session/0bdb3503147a059981a1ac86823db15d/element/f.4BE6FF561D5B3686539153AD049B7B13.d.641317E7F086B8534077FF02E0D75402.e.5653/click - {}
RESULT: {}
COMMAND: GET /session/0bdb3503147a059981a1ac86823db15d/screenshot - {}
RESULT: {}
]]></system-out>
    </testcase>
    <testcase classname="chrome.136_0_7103_93.windows.Create_masterdata_for_Yard_Overview_-_trigger_provide_US130988" name="Should do a stock increase handover" time="83.962">
      <system-out><![CDATA[
COMMAND: POST /session/0bdb3503147a059981a1ac86823db15d/execute/async - {"script":"<script> [1562 bytes]","args":[{"selector":{"controlType":"sap.m.GenericTile","properties":{"header":"Manage Handovers"}},"wdio_ui5_key":"sapm.GenericTile{\"header\":\"Manage Handovers\"}"}]}
RESULT: {"script":"<script> [1562 bytes]","args":[{"selector":{"controlType":"sap.m.GenericTile","properties":{"header":"Manage Handovers"}},"wdio_ui5_key":"sapm.GenericTile{\"header\":\"Manage Handovers\"}"}]}
RESULT: undefined
COMMAND: POST /session/0bdb3503147a059981a1ac86823db15d/element - {"using":"xpath","value":"//*[@id=\"__tile132\"]"}
RESULT: {"using":"xpath","value":"//*[@id=\"__tile132\"]"}
COMMAND: POST /session/0bdb3503147a059981a1ac86823db15d/element/f.4BE6FF561D5B3686539153AD049B7B13.d.641317E7F086B8534077FF02E0D75402.e.2929/click - {}
RESULT: {}
COMMAND: GET /session/0bdb3503147a059981a1ac86823db15d/screenshot - {}
RESULT: {}
COMMAND: POST /session/0bdb3503147a059981a1ac86823db15d/elements - {"using":"xpath","value":"//span[text()='Error']"}
RESULT: {"using":"xpath","value":"//span[text()='Error']"}
COMMAND: POST /session/0bdb3503147a059981a1ac86823db15d/element - {"using":"xpath","value":"//button[@data-kt=\"masterHOAddButton\"]"}
RESULT: {"using":"xpath","value":"//button[@data-kt=\"masterHOAddButton\"]"}
COMMAND: POST /session/0bdb3503147a059981a1ac86823db15d/elements - {"using":"xpath","value":"//button[@data-kt=\"masterHOAddButton\"]"}
RESULT: {"using":"xpath","value":"//button[@data-kt=\"masterHOAddButton\"]"}
COMMAND: POST /session/0bdb3503147a059981a1ac86823db15d/execute/sync - {"script":"<script> [8489 bytes]","args":[{"element-6066-11e4-a52e-4f735466cecf":"f.4BE6FF561D5B3686539153AD049B7B13.d.641317E7F086B8534077FF02E0D75402.e.5819","ELEMENT":"f.4BE6FF561D5B3686539153AD049B7B13.d.641317E7F086B8534077FF02E0D75402.e.5819"}]}
RESULT: {"script":"<script> [8489 bytes]","args":[{"element-6066-11e4-a52e-4f735466cecf":"f.4BE6FF561D5B3686539153AD049B7B13.d.641317E7F086B8534077FF02E0D75402.e.5819","ELEMENT":"f.4BE6FF561D5B3686539153AD049B7B13.d.641317E7F086B8534077FF02E0D75402.e.5819"}]}
COMMAND: GET /session/0bdb3503147a059981a1ac86823db15d/element/f.4BE6FF561D5B3686539153AD049B7B13.d.641317E7F086B8534077FF02E0D75402.e.5819/enabled - {}
COMMAND: GET /session/0bdb3503147a059981a1ac86823db15d/screenshot - {}
RESULT: {}
COMMAND: POST /session/0bdb3503147a059981a1ac86823db15d/execute/sync - {"script":"<script> [8489 bytes]","args":[{"element-6066-11e4-a52e-4f735466cecf":"f.4BE6FF561D5B3686539153AD049B7B13.d.641317E7F086B8534077FF02E0D75402.e.5819","ELEMENT":"f.4BE6FF561D5B3686539153AD049B7B13.d.641317E7F086B8534077FF02E0D75402.e.5819"}]}
COMMAND: GET /session/0bdb3503147a059981a1ac86823db15d/screenshot - {}
RESULT: {}
RESULT: {"script":"<script> [8489 bytes]","args":[{"element-6066-11e4-a52e-4f735466cecf":"f.4BE6FF561D5B3686539153AD049B7B13.d.641317E7F086B8534077FF02E0D75402.e.5819","ELEMENT":"f.4BE6FF561D5B3686539153AD049B7B13.d.641317E7F086B8534077FF02E0D75402.e.5819"}]}
COMMAND: POST /session/0bdb3503147a059981a1ac86823db15d/execute/sync - {"script":"<script> [5351 bytes]","args":[{"element-6066-11e4-a52e-4f735466cecf":"f.4BE6FF561D5B3686539153AD049B7B13.d.641317E7F086B8534077FF02E0D75402.e.5819","ELEMENT":"f.4BE6FF561D5B3686539153AD049B7B13.d.641317E7F086B8534077FF02E0D75402.e.5819"}]}
COMMAND: GET /session/0bdb3503147a059981a1ac86823db15d/screenshot - {}
RESULT: {}
RESULT: {"script":"<script> [5351 bytes]","args":[{"element-6066-11e4-a52e-4f735466cecf":"f.4BE6FF561D5B3686539153AD049B7B13.d.641317E7F086B8534077FF02E0D75402.e.5819","ELEMENT":"f.4BE6FF561D5B3686539153AD049B7B13.d.641317E7F086B8534077FF02E0D75402.e.5819"}]}
COMMAND: POST /session/0bdb3503147a059981a1ac86823db15d/element/f.4BE6FF561D5B3686539153AD049B7B13.d.641317E7F086B8534077FF02E0D75402.e.5819/click - {}
COMMAND: GET /session/0bdb3503147a059981a1ac86823db15d/screenshot - {}
RESULT: {}
RESULT: {}
COMMAND: GET /session/0bdb3503147a059981a1ac86823db15d/screenshot - {}
RESULT: {}
RESULT: {}
COMMAND: POST /session/0bdb3503147a059981a1ac86823db15d/element - {"using":"xpath","value":"//span[contains(@id ,\"AddNewHO--typeSelect-arrow\")]"}
RESULT: {"using":"xpath","value":"//span[contains(@id ,\"AddNewHO--typeSelect-arrow\")]"}
COMMAND: POST /session/0bdb3503147a059981a1ac86823db15d/element/f.4BE6FF561D5B3686539153AD049B7B13.d.641317E7F086B8534077FF02E0D75402.e.6178/click - {}
RESULT: {}
COMMAND: GET /session/0bdb3503147a059981a1ac86823db15d/screenshot - {}
RESULT: {}
COMMAND: POST /session/0bdb3503147a059981a1ac86823db15d/element - {"using":"xpath","value":"(//li[contains(text(), \"stock increase yard\")])[1]"}
RESULT: {"using":"xpath","value":"(//li[contains(text(), \"stock increase yard\")])[1]"}
COMMAND: POST /session/0bdb3503147a059981a1ac86823db15d/element/f.4BE6FF561D5B3686539153AD049B7B13.d.641317E7F086B8534077FF02E0D75402.e.6179/click - {}
RESULT: {}
COMMAND: GET /session/0bdb3503147a059981a1ac86823db15d/screenshot - {}
RESULT: {}
COMMAND: POST /session/0bdb3503147a059981a1ac86823db15d/execute/async - {"script":"<script> [1562 bytes]","args":[{"selector":{"id":"application-managehandovers-display-component---AddNewHO--dueDate","interaction":{"idSuffix":"inner"}},"wdio_ui5_key":"applicationmanagehandovers-display-component---AddNewHO--dueDate"}]}
RESULT: {"script":"<script> [1562 bytes]","args":[{"selector":{"id":"application-managehandovers-display-component---AddNewHO--dueDate","interaction":{"idSuffix":"inner"}},"wdio_ui5_key":"applicationmanagehandovers-display-component---AddNewHO--dueDate"}]}
RESULT: undefined
COMMAND: POST /session/0bdb3503147a059981a1ac86823db15d/execute/async - {"script":"<script> [6424 bytes]","args":[{"element-6066-11e4-a52e-4f735466cecf":"f.4BE6FF561D5B3686539153AD049B7B13.d.641317E7F086B8534077FF02E0D75402.e.6181"},"setValue",["5/17/25"]]}
RESULT: {"script":"<script> [6424 bytes]","args":[{"element-6066-11e4-a52e-4f735466cecf":"f.4BE6FF561D5B3686539153AD049B7B13.d.641317E7F086B8534077FF02E0D75402.e.6181"},"setValue",["5/17/25"]]}
COMMAND: POST /session/0bdb3503147a059981a1ac86823db15d/element - {"using":"xpath","value":"//input[@id=\"generalSectionFrg--receiveYard-inner\"]"}
RESULT: {"using":"xpath","value":"//input[@id=\"generalSectionFrg--receiveYard-inner\"]"}
COMMAND: POST /session/0bdb3503147a059981a1ac86823db15d/element/f.4BE6FF561D5B3686539153AD049B7B13.d.641317E7F086B8534077FF02E0D75402.e.6185/clear - {}
RESULT: {}
COMMAND: POST /session/0bdb3503147a059981a1ac86823db15d/element/f.4BE6FF561D5B3686539153AD049B7B13.d.641317E7F086B8534077FF02E0D75402.e.6185/value - {"text":"499"}
COMMAND: GET /session/0bdb3503147a059981a1ac86823db15d/screenshot - {}
RESULT: {"text":"499"}
COMMAND: GET /session/0bdb3503147a059981a1ac86823db15d/screenshot - {}
RESULT: {}
RESULT: {}
COMMAND: POST /session/0bdb3503147a059981a1ac86823db15d/element - {"using":"xpath","value":"//li[.//span[text()='499']]"}
RESULT: {"using":"xpath","value":"//li[.//span[text()='499']]"}
COMMAND: POST /session/0bdb3503147a059981a1ac86823db15d/element/f.4BE6FF561D5B3686539153AD049B7B13.d.641317E7F086B8534077FF02E0D75402.e.6203/click - {}
RESULT: {}
COMMAND: GET /session/0bdb3503147a059981a1ac86823db15d/screenshot - {}
RESULT: {}
COMMAND: POST /session/0bdb3503147a059981a1ac86823db15d/execute/async - {"script":"<script> [1562 bytes]","args":[{"selector":{"id":"application-managehandovers-display-component---AddNewHO--ObjectPageLayout-anchBar-application-managehandovers-display-component---AddNewHO--section4-anchor","interaction":{"idSuffix":"BDI-content"}},"wdio_ui5_key":"applicationmanagehandovers-display-component---AddNewHO--ObjectPageLayout-anchBar-application-managehandovers-display-component---AddNewHO--section4-anchor"}]}
RESULT: {"script":"<script> [1562 bytes]","args":[{"selector":{"id":"application-managehandovers-display-component---AddNewHO--ObjectPageLayout-anchBar-application-managehandovers-display-component---AddNewHO--section4-anchor","interaction":{"idSuffix":"BDI-content"}},"wdio_ui5_key":"applicationmanagehandovers-display-component---AddNewHO--ObjectPageLayout-anchBar-application-managehandovers-display-component---AddNewHO--section4-anchor"}]}
RESULT: undefined
COMMAND: POST /session/0bdb3503147a059981a1ac86823db15d/element - {"using":"xpath","value":"//*[@id=\"application-managehandovers-display-component---AddNewHO--ObjectPageLayout-anchBar-application-managehandovers-display-component---AddNewHO--section4-anchor\"]"}
RESULT: {"using":"xpath","value":"//*[@id=\"application-managehandovers-display-component---AddNewHO--ObjectPageLayout-anchBar-application-managehandovers-display-component---AddNewHO--section4-anchor\"]"}
COMMAND: POST /session/0bdb3503147a059981a1ac86823db15d/element/f.4BE6FF561D5B3686539153AD049B7B13.d.641317E7F086B8534077FF02E0D75402.e.6205/click - {}
RESULT: {}
COMMAND: POST /session/0bdb3503147a059981a1ac86823db15d/element - {"using":"xpath","value":"//button[@aria-label=\"Add\"]"}
COMMAND: GET /session/0bdb3503147a059981a1ac86823db15d/screenshot - {}
RESULT: {"using":"xpath","value":"//button[@aria-label=\"Add\"]"}
COMMAND: POST /session/0bdb3503147a059981a1ac86823db15d/element/f.4BE6FF561D5B3686539153AD049B7B13.d.641317E7F086B8534077FF02E0D75402.e.6209/click - {}
RESULT: {}
RESULT: {}
COMMAND: GET /session/0bdb3503147a059981a1ac86823db15d/screenshot - {}
RESULT: {}
COMMAND: POST /session/0bdb3503147a059981a1ac86823db15d/execute/async - {"script":"<script> [1562 bytes]","args":[{"selector":{"id":"application-managehandovers-display-component---AddNewHO--smartFilterBar-btnBasicSearch","searchOpenDialogs":true,"interaction":{"idSuffix":"I"}},"wdio_ui5_key":"applicationmanagehandovers-display-component---AddNewHO--smartFilterBar-btnBasicSearch"}]}
RESULT: {"script":"<script> [1562 bytes]","args":[{"selector":{"id":"application-managehandovers-display-component---AddNewHO--smartFilterBar-btnBasicSearch","searchOpenDialogs":true,"interaction":{"idSuffix":"I"}},"wdio_ui5_key":"applicationmanagehandovers-display-component---AddNewHO--smartFilterBar-btnBasicSearch"}]}
RESULT: undefined
COMMAND: POST /session/0bdb3503147a059981a1ac86823db15d/execute/async - {"script":"<script> [776 bytes]","args":[{"enterText":"200255","selector":{"id":"application-managehandovers-display-component---AddNewHO--smartFilterBar-btnBasicSearch","searchOpenDialogs":true,"interaction":{"idSuffix":"I"}},"clearTextFirst":true,"interactionType":"ENTER_TEXT"}]}
RESULT: {"script":"<script> [776 bytes]","args":[{"enterText":"200255","selector":{"id":"application-managehandovers-display-component---AddNewHO--smartFilterBar-btnBasicSearch","searchOpenDialogs":true,"interaction":{"idSuffix":"I"}},"clearTextFirst":true,"interactionType":"ENTER_TEXT"}]}
COMMAND: POST /session/0bdb3503147a059981a1ac86823db15d/actions - {"actions":[{"id":"action20","type":"key","parameters":{},"actions":[{"type":"keyDown","value":"î€‡"},{"type":"pause","duration":10},{"type":"keyUp","value":"î€‡"}]}]}
RESULT: {"actions":[{"id":"action20","type":"key","parameters":{},"actions":[{"type":"keyDown","value":"î€‡"},{"type":"pause","duration":10},{"type":"keyUp","value":"î€‡"}]}]}
COMMAND: GET /session/0bdb3503147a059981a1ac86823db15d/screenshot - {}
RESULT: {}
COMMAND: POST /session/0bdb3503147a059981a1ac86823db15d/execute/async - {"script":"<script> [1562 bytes]","args":[{"selector":{"id":"application-managehandovers-display-component---AddNewHO--popup-sa","searchOpenDialogs":true,"interaction":{"idSuffix":"CbBg"}},"wdio_ui5_key":"applicationmanagehandovers-display-component---AddNewHO--popup-sa"}]}
RESULT: {"script":"<script> [1562 bytes]","args":[{"selector":{"id":"application-managehandovers-display-component---AddNewHO--popup-sa","searchOpenDialogs":true,"interaction":{"idSuffix":"CbBg"}},"wdio_ui5_key":"applicationmanagehandovers-display-component---AddNewHO--popup-sa"}]}
RESULT: undefined
COMMAND: POST /session/0bdb3503147a059981a1ac86823db15d/element - {"using":"xpath","value":"//*[@id=\"application-managehandovers-display-component---AddNewHO--popup-sa\"]"}
RESULT: {"using":"xpath","value":"//*[@id=\"application-managehandovers-display-component---AddNewHO--popup-sa\"]"}
COMMAND: POST /session/0bdb3503147a059981a1ac86823db15d/element/f.4BE6FF561D5B3686539153AD049B7B13.d.641317E7F086B8534077FF02E0D75402.e.6361/click - {}
RESULT: {}
COMMAND: GET /session/0bdb3503147a059981a1ac86823db15d/screenshot - {}
RESULT: {}
COMMAND: POST /session/0bdb3503147a059981a1ac86823db15d/element - {"using":"xpath","value":"//bdi[contains(text(), \"Select\")]"}
RESULT: {"using":"xpath","value":"//bdi[contains(text(), \"Select\")]"}
COMMAND: POST /session/0bdb3503147a059981a1ac86823db15d/element/f.4BE6FF561D5B3686539153AD049B7B13.d.641317E7F086B8534077FF02E0D75402.e.6362/click - {}
RESULT: {}
COMMAND: GET /session/0bdb3503147a059981a1ac86823db15d/screenshot - {}
RESULT: {}
COMMAND: POST /session/0bdb3503147a059981a1ac86823db15d/element - {"using":"xpath","value":"//button[@data-kt=\"AddNewHOSaveButton\"]"}
RESULT: {"using":"xpath","value":"//button[@data-kt=\"AddNewHOSaveButton\"]"}
COMMAND: POST /session/0bdb3503147a059981a1ac86823db15d/element/f.4BE6FF561D5B3686539153AD049B7B13.d.641317E7F086B8534077FF02E0D75402.e.6366/click - {}
RESULT: {}
COMMAND: GET /session/0bdb3503147a059981a1ac86823db15d/screenshot - {}
COMMAND: POST /session/0bdb3503147a059981a1ac86823db15d/execute/async - {"script":"<script> [1562 bytes]","args":[{"selector":{"id":"receiptDatePicker","viewName":"etm.portal.ui.managehandovers.view.DetailExecuteHO","interaction":{"idSuffix":"inner"}},"wdio_ui5_key":"receiptDatePickeretmportal.ui.managehandovers.view.DetailExecuteHO"}]}
RESULT: {}
RESULT: {"script":"<script> [1562 bytes]","args":[{"selector":{"id":"receiptDatePicker","viewName":"etm.portal.ui.managehandovers.view.DetailExecuteHO","interaction":{"idSuffix":"inner"}},"wdio_ui5_key":"receiptDatePickeretmportal.ui.managehandovers.view.DetailExecuteHO"}]}
RESULT: undefined
COMMAND: POST /session/0bdb3503147a059981a1ac86823db15d/execute/async - {"script":"<script> [6424 bytes]","args":[{"element-6066-11e4-a52e-4f735466cecf":"f.4BE6FF561D5B3686539153AD049B7B13.d.641317E7F086B8534077FF02E0D75402.e.6385"},"setValue",["5/17/25"]]}
RESULT: {"script":"<script> [6424 bytes]","args":[{"element-6066-11e4-a52e-4f735466cecf":"f.4BE6FF561D5B3686539153AD049B7B13.d.641317E7F086B8534077FF02E0D75402.e.6385"},"setValue",["5/17/25"]]}
COMMAND: POST /session/0bdb3503147a059981a1ac86823db15d/element - {"using":"xpath","value":"//button[@data-kt=\"PickingTableConfirmAllButton\"]"}
RESULT: {"using":"xpath","value":"//button[@data-kt=\"PickingTableConfirmAllButton\"]"}
COMMAND: POST /session/0bdb3503147a059981a1ac86823db15d/element/f.4BE6FF561D5B3686539153AD049B7B13.d.641317E7F086B8534077FF02E0D75402.e.6402/click - {}
RESULT: {}
COMMAND: GET /session/0bdb3503147a059981a1ac86823db15d/screenshot - {}
RESULT: {}
COMMAND: POST /session/0bdb3503147a059981a1ac86823db15d/element - {"using":"xpath","value":"//bdi[contains(text(), \"OK\")]"}
RESULT: {"using":"xpath","value":"//bdi[contains(text(), \"OK\")]"}
COMMAND: POST /session/0bdb3503147a059981a1ac86823db15d/element/f.4BE6FF561D5B3686539153AD049B7B13.d.641317E7F086B8534077FF02E0D75402.e.6404/click - {}
RESULT: {}
COMMAND: GET /session/0bdb3503147a059981a1ac86823db15d/screenshot - {}
RESULT: {}
COMMAND: POST /session/0bdb3503147a059981a1ac86823db15d/element - {"using":"xpath","value":"(//bdi[contains(text(), \"Receive\")])[2]"}
RESULT: {"using":"xpath","value":"(//bdi[contains(text(), \"Receive\")])[2]"}
COMMAND: POST /session/0bdb3503147a059981a1ac86823db15d/element/f.4BE6FF561D5B3686539153AD049B7B13.d.641317E7F086B8534077FF02E0D75402.e.6406/click - {}
RESULT: {}
COMMAND: GET /session/0bdb3503147a059981a1ac86823db15d/screenshot - {}
RESULT: {}
COMMAND: POST /session/0bdb3503147a059981a1ac86823db15d/element - {"using":"css selector","value":"#shell-header-logo"}
RESULT: {"using":"css selector","value":"#shell-header-logo"}
COMMAND: POST /session/0bdb3503147a059981a1ac86823db15d/element/f.4BE6FF561D5B3686539153AD049B7B13.d.641317E7F086B8534077FF02E0D75402.e.5786/click - {}
RESULT: {}
COMMAND: GET /session/0bdb3503147a059981a1ac86823db15d/screenshot - {}
RESULT: {}
]]></system-out>
    </testcase>
    <testcase classname="chrome.136_0_7103_93.windows.Create_masterdata_for_Yard_Overview_-_trigger_provide_US130988" name="Should Putaway WHM" time="100.906">
      <system-out><![CDATA[
COMMAND: POST /session/0bdb3503147a059981a1ac86823db15d/execute/async - {"script":"<script> [1562 bytes]","args":[{"selector":{"controlType":"sap.m.GenericTile","properties":{"header":"Manage Warehouse Movements"}},"wdio_ui5_key":"sapm.GenericTile{\"header\":\"Manage Warehouse Movements\"}"}]}
RESULT: {"script":"<script> [1562 bytes]","args":[{"selector":{"controlType":"sap.m.GenericTile","properties":{"header":"Manage Warehouse Movements"}},"wdio_ui5_key":"sapm.GenericTile{\"header\":\"Manage Warehouse Movements\"}"}]}
RESULT: undefined
COMMAND: POST /session/0bdb3503147a059981a1ac86823db15d/element - {"using":"xpath","value":"//*[@id=\"__tile105\"]"}
RESULT: {"using":"xpath","value":"//*[@id=\"__tile105\"]"}
COMMAND: POST /session/0bdb3503147a059981a1ac86823db15d/element/f.4BE6FF561D5B3686539153AD049B7B13.d.641317E7F086B8534077FF02E0D75402.e.6579/click - {}
RESULT: {}
COMMAND: GET /session/0bdb3503147a059981a1ac86823db15d/screenshot - {}
RESULT: {}
COMMAND: POST /session/0bdb3503147a059981a1ac86823db15d/elements - {"using":"xpath","value":"//span[text()='Error']"}
RESULT: {"using":"xpath","value":"//span[text()='Error']"}
COMMAND: POST /session/0bdb3503147a059981a1ac86823db15d/element - {"using":"xpath","value":"//button[@data-kt=\"MasterMovementAddOverflowToolbarButton\"]"}
RESULT: {"using":"xpath","value":"//button[@data-kt=\"MasterMovementAddOverflowToolbarButton\"]"}
COMMAND: POST /session/0bdb3503147a059981a1ac86823db15d/elements - {"using":"xpath","value":"//button[@data-kt=\"MasterMovementAddOverflowToolbarButton\"]"}
RESULT: {"using":"xpath","value":"//button[@data-kt=\"MasterMovementAddOverflowToolbarButton\"]"}
COMMAND: POST /session/0bdb3503147a059981a1ac86823db15d/execute/sync - {"script":"<script> [8489 bytes]","args":[{"element-6066-11e4-a52e-4f735466cecf":"f.4BE6FF561D5B3686539153AD049B7B13.d.641317E7F086B8534077FF02E0D75402.e.6613","ELEMENT":"f.4BE6FF561D5B3686539153AD049B7B13.d.641317E7F086B8534077FF02E0D75402.e.6613"}]}
RESULT: {"script":"<script> [8489 bytes]","args":[{"element-6066-11e4-a52e-4f735466cecf":"f.4BE6FF561D5B3686539153AD049B7B13.d.641317E7F086B8534077FF02E0D75402.e.6613","ELEMENT":"f.4BE6FF561D5B3686539153AD049B7B13.d.641317E7F086B8534077FF02E0D75402.e.6613"}]}
COMMAND: GET /session/0bdb3503147a059981a1ac86823db15d/element/f.4BE6FF561D5B3686539153AD049B7B13.d.641317E7F086B8534077FF02E0D75402.e.6613/enabled - {}
COMMAND: GET /session/0bdb3503147a059981a1ac86823db15d/screenshot - {}
RESULT: {}
COMMAND: POST /session/0bdb3503147a059981a1ac86823db15d/execute/sync - {"script":"<script> [8489 bytes]","args":[{"element-6066-11e4-a52e-4f735466cecf":"f.4BE6FF561D5B3686539153AD049B7B13.d.641317E7F086B8534077FF02E0D75402.e.6613","ELEMENT":"f.4BE6FF561D5B3686539153AD049B7B13.d.641317E7F086B8534077FF02E0D75402.e.6613"}]}
COMMAND: GET /session/0bdb3503147a059981a1ac86823db15d/screenshot - {}
RESULT: {}
RESULT: {"script":"<script> [8489 bytes]","args":[{"element-6066-11e4-a52e-4f735466cecf":"f.4BE6FF561D5B3686539153AD049B7B13.d.641317E7F086B8534077FF02E0D75402.e.6613","ELEMENT":"f.4BE6FF561D5B3686539153AD049B7B13.d.641317E7F086B8534077FF02E0D75402.e.6613"}]}
COMMAND: POST /session/0bdb3503147a059981a1ac86823db15d/execute/sync - {"script":"<script> [5351 bytes]","args":[{"element-6066-11e4-a52e-4f735466cecf":"f.4BE6FF561D5B3686539153AD049B7B13.d.641317E7F086B8534077FF02E0D75402.e.6613","ELEMENT":"f.4BE6FF561D5B3686539153AD049B7B13.d.641317E7F086B8534077FF02E0D75402.e.6613"}]}
COMMAND: GET /session/0bdb3503147a059981a1ac86823db15d/screenshot - {}
RESULT: {}
RESULT: {"script":"<script> [5351 bytes]","args":[{"element-6066-11e4-a52e-4f735466cecf":"f.4BE6FF561D5B3686539153AD049B7B13.d.641317E7F086B8534077FF02E0D75402.e.6613","ELEMENT":"f.4BE6FF561D5B3686539153AD049B7B13.d.641317E7F086B8534077FF02E0D75402.e.6613"}]}
COMMAND: GET /session/0bdb3503147a059981a1ac86823db15d/screenshot - {}
RESULT: {}
RESULT: {}
COMMAND: POST /session/0bdb3503147a059981a1ac86823db15d/execute/async - {"script":"<script> [1562 bytes]","args":[{"selector":{"controlType":"sap.ui.core.Icon","viewName":"etm.portal.ui.warehousemovements.view.MasterMovement","viewId":"application-warehousemovements-display-component---warehouseMovements","properties":{"src":{"regex":{"source":"inbox"}}},"ancestor":{"id":"application-warehousemovements-display-component---warehouseMovements--idIconTabBar"}},"wdio_ui5_key":"etmportal.ui.warehousemovements.view.MasterMovementsap.ui.core.Icon{\"src\":{\"regex\":{\"source\":\"inbox\"}}}{\"id\":\"application-warehousemovements-display-component---warehouseMovements--idIconTabBar\"}"}]}
RESULT: {"script":"<script> [1562 bytes]","args":[{"selector":{"controlType":"sap.ui.core.Icon","viewName":"etm.portal.ui.warehousemovements.view.MasterMovement","viewId":"application-warehousemovements-display-component---warehouseMovements","properties":{"src":{"regex":{"source":"inbox"}}},"ancestor":{"id":"application-warehousemovements-display-component---warehouseMovements--idIconTabBar"}},"wdio_ui5_key":"etmportal.ui.warehousemovements.view.MasterMovementsap.ui.core.Icon{\"src\":{\"regex\":{\"source\":\"inbox\"}}}{\"id\":\"application-warehousemovements-display-component---warehouseMovements--idIconTabBar\"}"}]}
RESULT: undefined
COMMAND: POST /session/0bdb3503147a059981a1ac86823db15d/element - {"using":"xpath","value":"//*[@id=\"__filter29-icon\"]"}
RESULT: {"using":"xpath","value":"//*[@id=\"__filter29-icon\"]"}
COMMAND: POST /session/0bdb3503147a059981a1ac86823db15d/element/f.4BE6FF561D5B3686539153AD049B7B13.d.641317E7F086B8534077FF02E0D75402.e.6671/click - {}
RESULT: {}
COMMAND: POST /session/0bdb3503147a059981a1ac86823db15d/execute/async - {"script":"<script> [1562 bytes]","args":[{"selector":{"id":"application-warehousemovements-display-component---warehouseMovements--smartFilterBar-filterItemControl_BASIC-YARD-vhi"},"wdio_ui5_key":"applicationwarehousemovements-display-component---warehouseMovements--smartFilterBar-filterItemControl_BASIC-YARD-vhi"}]}
COMMAND: GET /session/0bdb3503147a059981a1ac86823db15d/screenshot - {}
RESULT: {"script":"<script> [1562 bytes]","args":[{"selector":{"id":"application-warehousemovements-display-component---warehouseMovements--smartFilterBar-filterItemControl_BASIC-YARD-vhi"},"wdio_ui5_key":"applicationwarehousemovements-display-component---warehouseMovements--smartFilterBar-filterItemControl_BASIC-YARD-vhi"}]}
RESULT: undefined
COMMAND: POST /session/0bdb3503147a059981a1ac86823db15d/element - {"using":"xpath","value":"//*[@id=\"application-warehousemovements-display-component---warehouseMovements--smartFilterBar-filterItemControl_BASIC-YARD-vhi\"]"}
RESULT: {}
RESULT: {"using":"xpath","value":"//*[@id=\"application-warehousemovements-display-component---warehouseMovements--smartFilterBar-filterItemControl_BASIC-YARD-vhi\"]"}
COMMAND: POST /session/0bdb3503147a059981a1ac86823db15d/element/f.4BE6FF561D5B3686539153AD049B7B13.d.641317E7F086B8534077FF02E0D75402.e.6676/click - {}
RESULT: {}
COMMAND: GET /session/0bdb3503147a059981a1ac86823db15d/screenshot - {}
RESULT: {}
COMMAND: POST /session/0bdb3503147a059981a1ac86823db15d/execute/async - {"script":"<script> [1562 bytes]","args":[{"selector":{"id":"application-warehousemovements-display-component---warehouseMovements--smartFilterBar-filterItemControl_BASIC-YARD-valueHelpDialog-smartFilterBar-btnBasicSearch","searchOpenDialogs":true,"interaction":{"idSuffix":"I"}},"wdio_ui5_key":"applicationwarehousemovements-display-component---warehouseMovements--smartFilterBar-filterItemControl_BASIC-YARD-valueHelpDialog-smartFilterBar-btnBasicSearch"}]}
RESULT: {"script":"<script> [1562 bytes]","args":[{"selector":{"id":"application-warehousemovements-display-component---warehouseMovements--smartFilterBar-filterItemControl_BASIC-YARD-valueHelpDialog-smartFilterBar-btnBasicSearch","searchOpenDialogs":true,"interaction":{"idSuffix":"I"}},"wdio_ui5_key":"applicationwarehousemovements-display-component---warehouseMovements--smartFilterBar-filterItemControl_BASIC-YARD-valueHelpDialog-smartFilterBar-btnBasicSearch"}]}
RESULT: undefined
COMMAND: POST /session/0bdb3503147a059981a1ac86823db15d/execute/async - {"script":"<script> [776 bytes]","args":[{"enterText":"499","selector":{"id":"application-warehousemovements-display-component---warehouseMovements--smartFilterBar-filterItemControl_BASIC-YARD-valueHelpDialog-smartFilterBar-btnBasicSearch","searchOpenDialogs":true,"interaction":{"idSuffix":"I"}},"clearTextFirst":true,"interactionType":"ENTER_TEXT"}]}
RESULT: {"script":"<script> [776 bytes]","args":[{"enterText":"499","selector":{"id":"application-warehousemovements-display-component---warehouseMovements--smartFilterBar-filterItemControl_BASIC-YARD-valueHelpDialog-smartFilterBar-btnBasicSearch","searchOpenDialogs":true,"interaction":{"idSuffix":"I"}},"clearTextFirst":true,"interactionType":"ENTER_TEXT"}]}
COMMAND: POST /session/0bdb3503147a059981a1ac86823db15d/actions - {"actions":[{"id":"action21","type":"key","parameters":{},"actions":[{"type":"keyDown","value":"î€‡"},{"type":"pause","duration":10},{"type":"keyUp","value":"î€‡"}]}]}
RESULT: {"actions":[{"id":"action21","type":"key","parameters":{},"actions":[{"type":"keyDown","value":"î€‡"},{"type":"pause","duration":10},{"type":"keyUp","value":"î€‡"}]}]}
COMMAND: GET /session/0bdb3503147a059981a1ac86823db15d/screenshot - {}
RESULT: {}
COMMAND: POST /session/0bdb3503147a059981a1ac86823db15d/elements - {"using":"xpath","value":"//table[contains(@id, \"smartFilterBar-filterItemControl_BASIC-YARD-valueHelpDialog-table-table\")]/tbody/tr"}
RESULT: {"using":"xpath","value":"//table[contains(@id, \"smartFilterBar-filterItemControl_BASIC-YARD-valueHelpDialog-table-table\")]/tbody/tr"}
COMMAND: POST /session/0bdb3503147a059981a1ac86823db15d/element - {"using":"xpath","value":"//table[contains(@id, \"smartFilterBar-filterItemControl_BASIC-YARD-valueHelpDialog-table-table\")]/tbody/tr[1]/td[1]/div/span"}
RESULT: {"using":"xpath","value":"//table[contains(@id, \"smartFilterBar-filterItemControl_BASIC-YARD-valueHelpDialog-table-table\")]/tbody/tr[1]/td[1]/div/span"}
COMMAND: POST /session/0bdb3503147a059981a1ac86823db15d/elements - {"using":"xpath","value":"//table[contains(@id, \"smartFilterBar-filterItemControl_BASIC-YARD-valueHelpDialog-table-table\")]/tbody/tr[1]/td[1]/div/span"}
RESULT: {"using":"xpath","value":"//table[contains(@id, \"smartFilterBar-filterItemControl_BASIC-YARD-valueHelpDialog-table-table\")]/tbody/tr[1]/td[1]/div/span"}
COMMAND: POST /session/0bdb3503147a059981a1ac86823db15d/execute/sync - {"script":"<script> [56 bytes]","args":[{"element-6066-11e4-a52e-4f735466cecf":"f.4BE6FF561D5B3686539153AD049B7B13.d.641317E7F086B8534077FF02E0D75402.e.6698","ELEMENT":"f.4BE6FF561D5B3686539153AD049B7B13.d.641317E7F086B8534077FF02E0D75402.e.6698"}]}
RESULT: {"script":"<script> [56 bytes]","args":[{"element-6066-11e4-a52e-4f735466cecf":"f.4BE6FF561D5B3686539153AD049B7B13.d.641317E7F086B8534077FF02E0D75402.e.6698","ELEMENT":"f.4BE6FF561D5B3686539153AD049B7B13.d.641317E7F086B8534077FF02E0D75402.e.6698"}]}
COMMAND: POST /session/0bdb3503147a059981a1ac86823db15d/element - {"using":"xpath","value":"//div[@id=\"application-warehousemovements-display-component---warehouseMovements--smartFilterBar-filterItemControl_BASIC-YARD-valueHelpDialog-table-rowsel0\"]"}
COMMAND: GET /session/0bdb3503147a059981a1ac86823db15d/screenshot - {}
RESULT: {"using":"xpath","value":"//div[@id=\"application-warehousemovements-display-component---warehouseMovements--smartFilterBar-filterItemControl_BASIC-YARD-valueHelpDialog-table-rowsel0\"]"}
COMMAND: POST /session/0bdb3503147a059981a1ac86823db15d/element/f.4BE6FF561D5B3686539153AD049B7B13.d.641317E7F086B8534077FF02E0D75402.e.6699/click - {}
RESULT: {}
RESULT: {}
COMMAND: GET /session/0bdb3503147a059981a1ac86823db15d/screenshot - {}
RESULT: {}
COMMAND: POST /session/0bdb3503147a059981a1ac86823db15d/execute/async - {"script":"<script> [1562 bytes]","args":[{"selector":{"id":"application-warehousemovements-display-component---warehouseMovements--smartFilterBar-filterItemControl_BASIC-YARD-valueHelpDialog-ok","searchOpenDialogs":true,"interaction":{"idSuffix":"inner"}},"wdio_ui5_key":"applicationwarehousemovements-display-component---warehouseMovements--smartFilterBar-filterItemControl_BASIC-YARD-valueHelpDialog-ok"}]}
RESULT: {"script":"<script> [1562 bytes]","args":[{"selector":{"id":"application-warehousemovements-display-component---warehouseMovements--smartFilterBar-filterItemControl_BASIC-YARD-valueHelpDialog-ok","searchOpenDialogs":true,"interaction":{"idSuffix":"inner"}},"wdio_ui5_key":"applicationwarehousemovements-display-component---warehouseMovements--smartFilterBar-filterItemControl_BASIC-YARD-valueHelpDialog-ok"}]}
RESULT: undefined
COMMAND: POST /session/0bdb3503147a059981a1ac86823db15d/element - {"using":"xpath","value":"//*[@id=\"application-warehousemovements-display-component---warehouseMovements--smartFilterBar-filterItemControl_BASIC-YARD-valueHelpDialog-ok\"]"}
RESULT: {"using":"xpath","value":"//*[@id=\"application-warehousemovements-display-component---warehouseMovements--smartFilterBar-filterItemControl_BASIC-YARD-valueHelpDialog-ok\"]"}
COMMAND: POST /session/0bdb3503147a059981a1ac86823db15d/element/f.4BE6FF561D5B3686539153AD049B7B13.d.641317E7F086B8534077FF02E0D75402.e.6702/click - {}
RESULT: {}
COMMAND: GET /session/0bdb3503147a059981a1ac86823db15d/screenshot - {}
RESULT: {}
COMMAND: POST /session/0bdb3503147a059981a1ac86823db15d/execute/async - {"script":"<script> [1562 bytes]","args":[{"selector":{"controlType":"sap.ui.core.Icon","viewName":"etm.portal.ui.warehousemovements.view.MasterMovement","viewId":"application-warehousemovements-display-component---warehouseMovements","properties":{"src":{"regex":{"source":"add"}}}},"wdio_ui5_key":"etmportal.ui.warehousemovements.view.MasterMovementsap.ui.core.Icon{\"src\":{\"regex\":{\"source\":\"add\"}}}"}]}
RESULT: {"script":"<script> [1562 bytes]","args":[{"selector":{"controlType":"sap.ui.core.Icon","viewName":"etm.portal.ui.warehousemovements.view.MasterMovement","viewId":"application-warehousemovements-display-component---warehouseMovements","properties":{"src":{"regex":{"source":"add"}}}},"wdio_ui5_key":"etmportal.ui.warehousemovements.view.MasterMovementsap.ui.core.Icon{\"src\":{\"regex\":{\"source\":\"add\"}}}"}]}
RESULT: undefined
COMMAND: POST /session/0bdb3503147a059981a1ac86823db15d/element - {"using":"xpath","value":"//*[@id=\"__button285-img\"]"}
RESULT: {"using":"xpath","value":"//*[@id=\"__button285-img\"]"}
COMMAND: POST /session/0bdb3503147a059981a1ac86823db15d/element/f.4BE6FF561D5B3686539153AD049B7B13.d.641317E7F086B8534077FF02E0D75402.e.6615/click - {}
RESULT: {}
COMMAND: GET /session/0bdb3503147a059981a1ac86823db15d/screenshot - {}
RESULT: {}
COMMAND: POST /session/0bdb3503147a059981a1ac86823db15d/execute/async - {"script":"<script> [1562 bytes]","args":[{"selector":{"id":"application-warehousemovements-display-component---addMovement--sectionsList-arrow"},"wdio_ui5_key":"applicationwarehousemovements-display-component---addMovement--sectionsList-arrow"}]}
RESULT: {"script":"<script> [1562 bytes]","args":[{"selector":{"id":"application-warehousemovements-display-component---addMovement--sectionsList-arrow"},"wdio_ui5_key":"applicationwarehousemovements-display-component---addMovement--sectionsList-arrow"}]}
RESULT: undefined
COMMAND: POST /session/0bdb3503147a059981a1ac86823db15d/element - {"using":"xpath","value":"//*[@id=\"application-warehousemovements-display-component---addMovement--sectionsList-arrow\"]"}
RESULT: {"using":"xpath","value":"//*[@id=\"application-warehousemovements-display-component---addMovement--sectionsList-arrow\"]"}
COMMAND: POST /session/0bdb3503147a059981a1ac86823db15d/element/f.4BE6FF561D5B3686539153AD049B7B13.d.641317E7F086B8534077FF02E0D75402.e.6826/click - {}
RESULT: {}
COMMAND: GET /session/0bdb3503147a059981a1ac86823db15d/screenshot - {}
RESULT: {}
COMMAND: POST /session/0bdb3503147a059981a1ac86823db15d/execute/async - {"script":"<script> [1562 bytes]","args":[{"selector":{"controlType":"sap.m.StandardListItem","viewName":"etm.portal.ui.warehousemovements.view.AddMovement","viewId":"application-warehousemovements-display-component---addMovement","properties":{"type":"Active"},"searchOpenDialogs":true,"interaction":{"idSuffix":"titleText"}},"wdio_ui5_key":"etmportal.ui.warehousemovements.view.AddMovementsap.m.StandardListItem{\"type\":\"Active\"}"}]}
RESULT: {"script":"<script> [1562 bytes]","args":[{"selector":{"controlType":"sap.m.StandardListItem","viewName":"etm.portal.ui.warehousemovements.view.AddMovement","viewId":"application-warehousemovements-display-component---addMovement","properties":{"type":"Active"},"searchOpenDialogs":true,"interaction":{"idSuffix":"titleText"}},"wdio_ui5_key":"etmportal.ui.warehousemovements.view.AddMovementsap.m.StandardListItem{\"type\":\"Active\"}"}]}
RESULT: undefined
COMMAND: POST /session/0bdb3503147a059981a1ac86823db15d/element - {"using":"xpath","value":"//*[@id=\"__item2483\"]"}
RESULT: {"using":"xpath","value":"//*[@id=\"__item2483\"]"}
COMMAND: POST /session/0bdb3503147a059981a1ac86823db15d/element/f.4BE6FF561D5B3686539153AD049B7B13.d.641317E7F086B8534077FF02E0D75402.e.6828/click - {}
RESULT: {}
COMMAND: GET /session/0bdb3503147a059981a1ac86823db15d/screenshot - {}
RESULT: {}
COMMAND: POST /session/0bdb3503147a059981a1ac86823db15d/execute/async - {"script":"<script> [1562 bytes]","args":[{"selector":{"controlType":"sap.m.Button","viewName":"etm.portal.ui.warehousemovements.view.AddMovement","viewId":"application-warehousemovements-display-component---addMovement","properties":{"text":"Items"},"interaction":{"idSuffix":"BDI-content"}},"wdio_ui5_key":"etmportal.ui.warehousemovements.view.AddMovementsap.m.Button{\"text\":\"Items\"}"}]}
RESULT: {"script":"<script> [1562 bytes]","args":[{"selector":{"controlType":"sap.m.Button","viewName":"etm.portal.ui.warehousemovements.view.AddMovement","viewId":"application-warehousemovements-display-component---addMovement","properties":{"text":"Items"},"interaction":{"idSuffix":"BDI-content"}},"wdio_ui5_key":"etmportal.ui.warehousemovements.view.AddMovementsap.m.Button{\"text\":\"Items\"}"}]}
RESULT: undefined
COMMAND: POST /session/0bdb3503147a059981a1ac86823db15d/element - {"using":"xpath","value":"//*[@id=\"__layout375-anchBar-application-warehousemovements-display-component---addMovement--itemsSection-anchor\"]"}
RESULT: {"using":"xpath","value":"//*[@id=\"__layout375-anchBar-application-warehousemovements-display-component---addMovement--itemsSection-anchor\"]"}
COMMAND: POST /session/0bdb3503147a059981a1ac86823db15d/element/f.4BE6FF561D5B3686539153AD049B7B13.d.641317E7F086B8534077FF02E0D75402.e.6830/click - {}
RESULT: {}
COMMAND: GET /session/0bdb3503147a059981a1ac86823db15d/screenshot - {}
RESULT: {}
COMMAND: POST /session/0bdb3503147a059981a1ac86823db15d/execute/async - {"script":"<script> [1562 bytes]","args":[{"selector":{"id":"application-warehousemovements-display-component---addMovement--addItem","interaction":{"idSuffix":"inner"}},"wdio_ui5_key":"applicationwarehousemovements-display-component---addMovement--addItem"}]}
RESULT: {"script":"<script> [1562 bytes]","args":[{"selector":{"id":"application-warehousemovements-display-component---addMovement--addItem","interaction":{"idSuffix":"inner"}},"wdio_ui5_key":"applicationwarehousemovements-display-component---addMovement--addItem"}]}
RESULT: undefined
COMMAND: POST /session/0bdb3503147a059981a1ac86823db15d/element - {"using":"xpath","value":"//*[@id=\"application-warehousemovements-display-component---addMovement--addItem\"]"}
RESULT: {"using":"xpath","value":"//*[@id=\"application-warehousemovements-display-component---addMovement--addItem\"]"}
COMMAND: POST /session/0bdb3503147a059981a1ac86823db15d/element/f.4BE6FF561D5B3686539153AD049B7B13.d.641317E7F086B8534077FF02E0D75402.e.6791/click - {}
RESULT: {}
COMMAND: GET /session/0bdb3503147a059981a1ac86823db15d/screenshot - {}
RESULT: {}
COMMAND: POST /session/0bdb3503147a059981a1ac86823db15d/execute/async - {"script":"<script> [1562 bytes]","args":[{"selector":{"id":"movementItemsPopUp--movementItemsTable-sa","searchOpenDialogs":true},"wdio_ui5_key":"movementItemsPopUpmovementItemsTable-sa"}]}
RESULT: {"script":"<script> [1562 bytes]","args":[{"selector":{"id":"movementItemsPopUp--movementItemsTable-sa","searchOpenDialogs":true},"wdio_ui5_key":"movementItemsPopUpmovementItemsTable-sa"}]}
RESULT: undefined
COMMAND: POST /session/0bdb3503147a059981a1ac86823db15d/element - {"using":"xpath","value":"//*[@id=\"movementItemsPopUp--movementItemsTable-sa\"]"}
RESULT: {"using":"xpath","value":"//*[@id=\"movementItemsPopUp--movementItemsTable-sa\"]"}
COMMAND: POST /session/0bdb3503147a059981a1ac86823db15d/element/f.4BE6FF561D5B3686539153AD049B7B13.d.641317E7F086B8534077FF02E0D75402.e.6845/click - {}
RESULT: {}
COMMAND: GET /session/0bdb3503147a059981a1ac86823db15d/screenshot - {}
RESULT: {}
COMMAND: POST /session/0bdb3503147a059981a1ac86823db15d/execute/async - {"script":"<script> [1562 bytes]","args":[{"selector":{"id":"movementItemsPopUp--createBtn","searchOpenDialogs":true,"interaction":{"idSuffix":"BDI-content"}},"wdio_ui5_key":"movementItemsPopUpcreateBtn"}]}
RESULT: {"script":"<script> [1562 bytes]","args":[{"selector":{"id":"movementItemsPopUp--createBtn","searchOpenDialogs":true,"interaction":{"idSuffix":"BDI-content"}},"wdio_ui5_key":"movementItemsPopUpcreateBtn"}]}
RESULT: undefined
COMMAND: POST /session/0bdb3503147a059981a1ac86823db15d/element - {"using":"xpath","value":"//*[@id=\"movementItemsPopUp--createBtn\"]"}
RESULT: {"using":"xpath","value":"//*[@id=\"movementItemsPopUp--createBtn\"]"}
COMMAND: POST /session/0bdb3503147a059981a1ac86823db15d/element/f.4BE6FF561D5B3686539153AD049B7B13.d.641317E7F086B8534077FF02E0D75402.e.6847/click - {}
RESULT: {}
COMMAND: GET /session/0bdb3503147a059981a1ac86823db15d/screenshot - {}
RESULT: {}
COMMAND: POST /session/0bdb3503147a059981a1ac86823db15d/execute/async - {"script":"<script> [1562 bytes]","args":[{"selector":{"controlType":"etm.portal.ui.reusables.customControls.LiveSearchComboBox","viewName":"etm.portal.ui.warehousemovements.view.AddMovement","viewId":"application-warehousemovements-display-component---addMovement","bindingPath":{"path":"/items/0","propertyPath":"DESTINATION_SECTION","modelName":"newMovement"},"interaction":{"idSuffix":"inner"}},"wdio_ui5_key":"etmportal.ui.warehousemovements.view.AddMovementetm.portal.ui.reusables.customControls.LiveSearchComboBox{\"path\":\"/items/0\",\"propertyPath\":\"DESTINATION_SECTION\",\"modelName\":\"newMovement\"}"}]}
RESULT: {"script":"<script> [1562 bytes]","args":[{"selector":{"controlType":"etm.portal.ui.reusables.customControls.LiveSearchComboBox","viewName":"etm.portal.ui.warehousemovements.view.AddMovement","viewId":"application-warehousemovements-display-component---addMovement","bindingPath":{"path":"/items/0","propertyPath":"DESTINATION_SECTION","modelName":"newMovement"},"interaction":{"idSuffix":"inner"}},"wdio_ui5_key":"etmportal.ui.warehousemovements.view.AddMovementetm.portal.ui.reusables.customControls.LiveSearchComboBox{\"path\":\"/items/0\",\"propertyPath\":\"DESTINATION_SECTION\",\"modelName\":\"newMovement\"}"}]}
RESULT: undefined
COMMAND: POST /session/0bdb3503147a059981a1ac86823db15d/execute/async - {"script":"<script> [776 bytes]","args":[{"enterText":"111 - PUTAWAY_WEBDRIVER_DESC","selector":{"controlType":"etm.portal.ui.reusables.customControls.LiveSearchComboBox","viewName":"etm.portal.ui.warehousemovements.view.AddMovement","viewId":"application-warehousemovements-display-component---addMovement","bindingPath":{"path":"/items/0","propertyPath":"DESTINATION_SECTION","modelName":"newMovement"},"interaction":{"idSuffix":"inner"}},"clearTextFirst":true,"interactionType":"ENTER_TEXT"}]}
RESULT: {"script":"<script> [776 bytes]","args":[{"enterText":"111 - PUTAWAY_WEBDRIVER_DESC","selector":{"controlType":"etm.portal.ui.reusables.customControls.LiveSearchComboBox","viewName":"etm.portal.ui.warehousemovements.view.AddMovement","viewId":"application-warehousemovements-display-component---addMovement","bindingPath":{"path":"/items/0","propertyPath":"DESTINATION_SECTION","modelName":"newMovement"},"interaction":{"idSuffix":"inner"}},"clearTextFirst":true,"interactionType":"ENTER_TEXT"}]}
COMMAND: POST /session/0bdb3503147a059981a1ac86823db15d/execute/async - {"script":"<script> [1562 bytes]","args":[{"selector":{"controlType":"etm.portal.ui.reusables.customControls.LiveSearchComboBox","viewName":"etm.portal.ui.warehousemovements.view.AddMovement","viewId":"application-warehousemovements-display-component---addMovement","bindingPath":{"path":"/items/0","propertyPath":"DESTINATION_BIN","modelName":"newMovement"},"interaction":{"idSuffix":"inner"}},"wdio_ui5_key":"etmportal.ui.warehousemovements.view.AddMovementetm.portal.ui.reusables.customControls.LiveSearchComboBox{\"path\":\"/items/0\",\"propertyPath\":\"DESTINATION_BIN\",\"modelName\":\"newMovement\"}"}]}
RESULT: {"script":"<script> [1562 bytes]","args":[{"selector":{"controlType":"etm.portal.ui.reusables.customControls.LiveSearchComboBox","viewName":"etm.portal.ui.warehousemovements.view.AddMovement","viewId":"application-warehousemovements-display-component---addMovement","bindingPath":{"path":"/items/0","propertyPath":"DESTINATION_BIN","modelName":"newMovement"},"interaction":{"idSuffix":"inner"}},"wdio_ui5_key":"etmportal.ui.warehousemovements.view.AddMovementetm.portal.ui.reusables.customControls.LiveSearchComboBox{\"path\":\"/items/0\",\"propertyPath\":\"DESTINATION_BIN\",\"modelName\":\"newMovement\"}"}]}
RESULT: undefined
COMMAND: POST /session/0bdb3503147a059981a1ac86823db15d/execute/async - {"script":"<script> [776 bytes]","args":[{"enterText":"TP001 - PUTAWAY","selector":{"controlType":"etm.portal.ui.reusables.customControls.LiveSearchComboBox","viewName":"etm.portal.ui.warehousemovements.view.AddMovement","viewId":"application-warehousemovements-display-component---addMovement","bindingPath":{"path":"/items/0","propertyPath":"DESTINATION_BIN","modelName":"newMovement"},"interaction":{"idSuffix":"inner"}},"clearTextFirst":true,"interactionType":"ENTER_TEXT"}]}
RESULT: {"script":"<script> [776 bytes]","args":[{"enterText":"TP001 - PUTAWAY","selector":{"controlType":"etm.portal.ui.reusables.customControls.LiveSearchComboBox","viewName":"etm.portal.ui.warehousemovements.view.AddMovement","viewId":"application-warehousemovements-display-component---addMovement","bindingPath":{"path":"/items/0","propertyPath":"DESTINATION_BIN","modelName":"newMovement"},"interaction":{"idSuffix":"inner"}},"clearTextFirst":true,"interactionType":"ENTER_TEXT"}]}
COMMAND: POST /session/0bdb3503147a059981a1ac86823db15d/execute/async - {"script":"<script> [1562 bytes]","args":[{"selector":{"id":"application-warehousemovements-display-component---addMovement--saveMovementBtn","interaction":{"idSuffix":"BDI-content"}},"wdio_ui5_key":"applicationwarehousemovements-display-component---addMovement--saveMovementBtn"}]}
RESULT: {"script":"<script> [1562 bytes]","args":[{"selector":{"id":"application-warehousemovements-display-component---addMovement--saveMovementBtn","interaction":{"idSuffix":"BDI-content"}},"wdio_ui5_key":"applicationwarehousemovements-display-component---addMovement--saveMovementBtn"}]}
RESULT: undefined
COMMAND: POST /session/0bdb3503147a059981a1ac86823db15d/element - {"using":"xpath","value":"//*[@id=\"application-warehousemovements-display-component---addMovement--saveMovementBtn\"]"}
RESULT: {"using":"xpath","value":"//*[@id=\"application-warehousemovements-display-component---addMovement--saveMovementBtn\"]"}
COMMAND: POST /session/0bdb3503147a059981a1ac86823db15d/element/f.4BE6FF561D5B3686539153AD049B7B13.d.641317E7F086B8534077FF02E0D75402.e.6797/click - {}
RESULT: {}
COMMAND: GET /session/0bdb3503147a059981a1ac86823db15d/screenshot - {}
RESULT: {}
COMMAND: POST /session/0bdb3503147a059981a1ac86823db15d/execute/async - {"script":"<script> [1562 bytes]","args":[{"selector":{"controlType":"sap.m.Button","viewName":"etm.portal.ui.warehousemovements.view.DisplayMovement","viewId":"application-warehousemovements-display-component---displayMovement","i18NText":{"propertyName":"text","key":"execution"},"interaction":{"idSuffix":"BDI-content"}},"wdio_ui5_key":"etmportal.ui.warehousemovements.view.DisplayMovementsap.m.Button{\"propertyName\":\"text\",\"key\":\"execution\"}"}]}
RESULT: {"script":"<script> [1562 bytes]","args":[{"selector":{"controlType":"sap.m.Button","viewName":"etm.portal.ui.warehousemovements.view.DisplayMovement","viewId":"application-warehousemovements-display-component---displayMovement","i18NText":{"propertyName":"text","key":"execution"},"interaction":{"idSuffix":"BDI-content"}},"wdio_ui5_key":"etmportal.ui.warehousemovements.view.DisplayMovementsap.m.Button{\"propertyName\":\"text\",\"key\":\"execution\"}"}]}
RESULT: undefined
COMMAND: POST /session/0bdb3503147a059981a1ac86823db15d/element - {"using":"xpath","value":"//*[@id=\"__button298\"]"}
RESULT: {"using":"xpath","value":"//*[@id=\"__button298\"]"}
COMMAND: POST /session/0bdb3503147a059981a1ac86823db15d/element/f.4BE6FF561D5B3686539153AD049B7B13.d.641317E7F086B8534077FF02E0D75402.e.6914/click - {}
RESULT: {}
COMMAND: GET /session/0bdb3503147a059981a1ac86823db15d/screenshot - {}
RESULT: {}
COMMAND: POST /session/0bdb3503147a059981a1ac86823db15d/execute/async - {"script":"<script> [1562 bytes]","args":[{"selector":{"controlType":"sap.m.ToggleButton","viewName":"etm.portal.ui.warehousemovements.view.ExecuteMovement","viewId":"application-warehousemovements-display-component---executeMovement","bindingPath":{"path":"","propertyPath":"STATUS","modelName":"catalogModel"}},"wdio_ui5_key":"etmportal.ui.warehousemovements.view.ExecuteMovementsap.m.ToggleButton{\"path\":\"\",\"propertyPath\":\"STATUS\",\"modelName\":\"catalogModel\"}"}]}
RESULT: {"script":"<script> [1562 bytes]","args":[{"selector":{"controlType":"sap.m.ToggleButton","viewName":"etm.portal.ui.warehousemovements.view.ExecuteMovement","viewId":"application-warehousemovements-display-component---executeMovement","bindingPath":{"path":"","propertyPath":"STATUS","modelName":"catalogModel"}},"wdio_ui5_key":"etmportal.ui.warehousemovements.view.ExecuteMovementsap.m.ToggleButton{\"path\":\"\",\"propertyPath\":\"STATUS\",\"modelName\":\"catalogModel\"}"}]}
RESULT: undefined
COMMAND: POST /session/0bdb3503147a059981a1ac86823db15d/element - {"using":"xpath","value":"//*[@id=\"__button319-__clone7890\"]"}
RESULT: {"using":"xpath","value":"//*[@id=\"__button319-__clone7890\"]"}
COMMAND: POST /session/0bdb3503147a059981a1ac86823db15d/element/f.4BE6FF561D5B3686539153AD049B7B13.d.641317E7F086B8534077FF02E0D75402.e.6950/click - {}
RESULT: {}
COMMAND: GET /session/0bdb3503147a059981a1ac86823db15d/screenshot - {}
RESULT: {}
RESULT: undefined
COMMAND: POST /session/0bdb3503147a059981a1ac86823db15d/element - {"using":"xpath","value":"//*[@id=\"__button319-__clone7890\"]"}
RESULT: {"using":"xpath","value":"//*[@id=\"__button319-__clone7890\"]"}
COMMAND: POST /session/0bdb3503147a059981a1ac86823db15d/element/f.4BE6FF561D5B3686539153AD049B7B13.d.641317E7F086B8534077FF02E0D75402.e.6950/click - {}
RESULT: {}
COMMAND: GET /session/0bdb3503147a059981a1ac86823db15d/screenshot - {}
RESULT: {}
COMMAND: POST /session/0bdb3503147a059981a1ac86823db15d/execute/async - {"script":"<script> [1562 bytes]","args":[{"selector":{"id":"application-warehousemovements-display-component---executeMovement--executeId","interaction":{"idSuffix":"BDI-content"}},"wdio_ui5_key":"applicationwarehousemovements-display-component---executeMovement--executeId"}]}
RESULT: {"script":"<script> [1562 bytes]","args":[{"selector":{"id":"application-warehousemovements-display-component---executeMovement--executeId","interaction":{"idSuffix":"BDI-content"}},"wdio_ui5_key":"applicationwarehousemovements-display-component---executeMovement--executeId"}]}
RESULT: undefined
COMMAND: POST /session/0bdb3503147a059981a1ac86823db15d/element - {"using":"xpath","value":"//*[@id=\"application-warehousemovements-display-component---executeMovement--executeId\"]"}
RESULT: {"using":"xpath","value":"//*[@id=\"application-warehousemovements-display-component---executeMovement--executeId\"]"}
COMMAND: POST /session/0bdb3503147a059981a1ac86823db15d/element/f.4BE6FF561D5B3686539153AD049B7B13.d.641317E7F086B8534077FF02E0D75402.e.7004/click - {}
RESULT: {}
COMMAND: GET /session/0bdb3503147a059981a1ac86823db15d/screenshot - {}
RESULT: {}
COMMAND: POST /session/0bdb3503147a059981a1ac86823db15d/element - {"using":"css selector","value":"#shell-header-logo"}
RESULT: {"using":"css selector","value":"#shell-header-logo"}
COMMAND: POST /session/0bdb3503147a059981a1ac86823db15d/element/f.4BE6FF561D5B3686539153AD049B7B13.d.641317E7F086B8534077FF02E0D75402.e.6582/click - {}
RESULT: {}
COMMAND: GET /session/0bdb3503147a059981a1ac86823db15d/screenshot - {}
RESULT: {}
COMMAND: DELETE /session/0bdb3503147a059981a1ac86823db15d - {}
RESULT: {}
]]></system-out>
    </testcase>
  </testsuite>
</testsuites>