<?xml version="1.0" encoding="UTF-8"?>
<testsuites tests="6" failures="3" errors="3" skipped="0">
  <testsuite timestamp="2025-06-12T16:32:25" time="876.39" tests="6" failures="3" errors="3" skipped="0">
    <properties>
      <property name="specId" value="0" />
      <property name="suiteName" value="RU Inventory Mass State Change Multiple Items US151066" />
      <property name="capabilities" value="chrome.137_0_7151_69.windows" />
      <property name="file" value="file:///D:/a/1/s/test/specs/HTR/ru-inv-list-mass-state-change.spec.js" />
    </properties>
    <testcase classname="chrome.137_0_7151_69.windows.RU_Inventory_Mass_State_Change_Multiple_Items_US151066" name="Step 1 Should do a RU inventory mass state change on chosen yard 109 with the resources available one equipment multipart one tool pool" time="304.116">
      <system-out><![CDATA[
COMMAND: POST /session/eff11a38432addacb0c117e731bb73f0/execute/async - {"script":"<script> [1562 bytes]","args":[{"selector":{"controlType":"sap.m.GenericTile","properties":{"header":"RU Inventory List"}},"wdio_ui5_key":"sapm.GenericTile{\"header\":\"RU Inventory List\"}"}]}
RESULT: {"script":"<script> [1562 bytes]","args":[{"selector":{"controlType":"sap.m.GenericTile","properties":{"header":"RU Inventory List"}},"wdio_ui5_key":"sapm.GenericTile{\"header\":\"RU Inventory List\"}"}]}
RESULT: undefined
COMMAND: POST /session/eff11a38432addacb0c117e731bb73f0/element - {"using":"xpath","value":"//*[@id=\"__tile101\"]"}
RESULT: {"using":"xpath","value":"//*[@id=\"__tile101\"]"}
COMMAND: POST /session/eff11a38432addacb0c117e731bb73f0/element/f.235FCD1364076D6A73922A794F076A12.d.E8D573EDCC50C3045ECF2BF210686E16.e.264/click - {}
RESULT: {}
COMMAND: GET /session/eff11a38432addacb0c117e731bb73f0/screenshot - {}
RESULT: {}
COMMAND: POST /session/eff11a38432addacb0c117e731bb73f0/elements - {"using":"xpath","value":"//span[text()='Error']"}
RESULT: {"using":"xpath","value":"//span[text()='Error']"}
COMMAND: POST /session/eff11a38432addacb0c117e731bb73f0/element - {"using":"xpath","value":"//button[contains(@id, \"massStateBtn\")]"}
RESULT: {"using":"xpath","value":"//button[contains(@id, \"massStateBtn\")]"}
COMMAND: POST /session/eff11a38432addacb0c117e731bb73f0/elements - {"using":"xpath","value":"//button[contains(@id, \"massStateBtn\")]"}
RESULT: {"using":"xpath","value":"//button[contains(@id, \"massStateBtn\")]"}
COMMAND: POST /session/eff11a38432addacb0c117e731bb73f0/elements - {"using":"xpath","value":"//button[contains(@id, \"massStateBtn\")]"}
RESULT: {"using":"xpath","value":"//button[contains(@id, \"massStateBtn\")]"}
COMMAND: POST /session/eff11a38432addacb0c117e731bb73f0/elements - {"using":"xpath","value":"//button[contains(@id, \"massStateBtn\")]"}
RESULT: {"using":"xpath","value":"//button[contains(@id, \"massStateBtn\")]"}
COMMAND: POST /session/eff11a38432addacb0c117e731bb73f0/elements - {"using":"xpath","value":"//button[contains(@id, \"massStateBtn\")]"}
RESULT: {"using":"xpath","value":"//button[contains(@id, \"massStateBtn\")]"}
COMMAND: POST /session/eff11a38432addacb0c117e731bb73f0/elements - {"using":"xpath","value":"//button[contains(@id, \"massStateBtn\")]"}
RESULT: {"using":"xpath","value":"//button[contains(@id, \"massStateBtn\")]"}
COMMAND: POST /session/eff11a38432addacb0c117e731bb73f0/elements - {"using":"xpath","value":"//button[contains(@id, \"massStateBtn\")]"}
RESULT: {"using":"xpath","value":"//button[contains(@id, \"massStateBtn\")]"}
COMMAND: POST /session/eff11a38432addacb0c117e731bb73f0/elements - {"using":"xpath","value":"//button[contains(@id, \"massStateBtn\")]"}
RESULT: {"using":"xpath","value":"//button[contains(@id, \"massStateBtn\")]"}
COMMAND: POST /session/eff11a38432addacb0c117e731bb73f0/elements - {"using":"xpath","value":"//button[contains(@id, \"massStateBtn\")]"}
RESULT: {"using":"xpath","value":"//button[contains(@id, \"massStateBtn\")]"}
COMMAND: POST /session/eff11a38432addacb0c117e731bb73f0/elements - {"using":"xpath","value":"//button[contains(@id, \"massStateBtn\")]"}
RESULT: {"using":"xpath","value":"//button[contains(@id, \"massStateBtn\")]"}
COMMAND: POST /session/eff11a38432addacb0c117e731bb73f0/elements - {"using":"xpath","value":"//button[contains(@id, \"massStateBtn\")]"}
RESULT: {"using":"xpath","value":"//button[contains(@id, \"massStateBtn\")]"}
COMMAND: POST /session/eff11a38432addacb0c117e731bb73f0/elements - {"using":"xpath","value":"//button[contains(@id, \"massStateBtn\")]"}
RESULT: {"using":"xpath","value":"//button[contains(@id, \"massStateBtn\")]"}
COMMAND: POST /session/eff11a38432addacb0c117e731bb73f0/elements - {"using":"xpath","value":"//button[contains(@id, \"massStateBtn\")]"}
RESULT: {"using":"xpath","value":"//button[contains(@id, \"massStateBtn\")]"}
COMMAND: POST /session/eff11a38432addacb0c117e731bb73f0/elements - {"using":"xpath","value":"//button[contains(@id, \"massStateBtn\")]"}
RESULT: {"using":"xpath","value":"//button[contains(@id, \"massStateBtn\")]"}
COMMAND: POST /session/eff11a38432addacb0c117e731bb73f0/elements - {"using":"xpath","value":"//button[contains(@id, \"massStateBtn\")]"}
RESULT: {"using":"xpath","value":"//button[contains(@id, \"massStateBtn\")]"}
COMMAND: POST /session/eff11a38432addacb0c117e731bb73f0/elements - {"using":"xpath","value":"//button[contains(@id, \"massStateBtn\")]"}
RESULT: {"using":"xpath","value":"//button[contains(@id, \"massStateBtn\")]"}
COMMAND: POST /session/eff11a38432addacb0c117e731bb73f0/elements - {"using":"xpath","value":"//button[contains(@id, \"massStateBtn\")]"}
RESULT: {"using":"xpath","value":"//button[contains(@id, \"massStateBtn\")]"}
COMMAND: POST /session/eff11a38432addacb0c117e731bb73f0/elements - {"using":"xpath","value":"//button[contains(@id, \"massStateBtn\")]"}
RESULT: {"using":"xpath","value":"//button[contains(@id, \"massStateBtn\")]"}
COMMAND: POST /session/eff11a38432addacb0c117e731bb73f0/elements - {"using":"xpath","value":"//button[contains(@id, \"massStateBtn\")]"}
RESULT: {"using":"xpath","value":"//button[contains(@id, \"massStateBtn\")]"}
COMMAND: POST /session/eff11a38432addacb0c117e731bb73f0/elements - {"using":"xpath","value":"//button[contains(@id, \"massStateBtn\")]"}
RESULT: {"using":"xpath","value":"//button[contains(@id, \"massStateBtn\")]"}
COMMAND: POST /session/eff11a38432addacb0c117e731bb73f0/elements - {"using":"xpath","value":"//button[contains(@id, \"massStateBtn\")]"}
RESULT: {"using":"xpath","value":"//button[contains(@id, \"massStateBtn\")]"}
COMMAND: POST /session/eff11a38432addacb0c117e731bb73f0/elements - {"using":"xpath","value":"//button[contains(@id, \"massStateBtn\")]"}
RESULT: {"using":"xpath","value":"//button[contains(@id, \"massStateBtn\")]"}
COMMAND: POST /session/eff11a38432addacb0c117e731bb73f0/elements - {"using":"xpath","value":"//button[contains(@id, \"massStateBtn\")]"}
RESULT: {"using":"xpath","value":"//button[contains(@id, \"massStateBtn\")]"}
COMMAND: POST /session/eff11a38432addacb0c117e731bb73f0/elements - {"using":"xpath","value":"//button[contains(@id, \"massStateBtn\")]"}
RESULT: {"using":"xpath","value":"//button[contains(@id, \"massStateBtn\")]"}
COMMAND: POST /session/eff11a38432addacb0c117e731bb73f0/elements - {"using":"xpath","value":"//button[contains(@id, \"massStateBtn\")]"}
RESULT: {"using":"xpath","value":"//button[contains(@id, \"massStateBtn\")]"}
COMMAND: POST /session/eff11a38432addacb0c117e731bb73f0/elements - {"using":"xpath","value":"//button[contains(@id, \"massStateBtn\")]"}
RESULT: {"using":"xpath","value":"//button[contains(@id, \"massStateBtn\")]"}
COMMAND: POST /session/eff11a38432addacb0c117e731bb73f0/elements - {"using":"xpath","value":"//button[contains(@id, \"massStateBtn\")]"}
RESULT: {"using":"xpath","value":"//button[contains(@id, \"massStateBtn\")]"}
COMMAND: POST /session/eff11a38432addacb0c117e731bb73f0/elements - {"using":"xpath","value":"//button[contains(@id, \"massStateBtn\")]"}
RESULT: {"using":"xpath","value":"//button[contains(@id, \"massStateBtn\")]"}
COMMAND: POST /session/eff11a38432addacb0c117e731bb73f0/elements - {"using":"xpath","value":"//button[contains(@id, \"massStateBtn\")]"}
RESULT: {"using":"xpath","value":"//button[contains(@id, \"massStateBtn\")]"}
COMMAND: POST /session/eff11a38432addacb0c117e731bb73f0/elements - {"using":"xpath","value":"//button[contains(@id, \"massStateBtn\")]"}
RESULT: {"using":"xpath","value":"//button[contains(@id, \"massStateBtn\")]"}
COMMAND: POST /session/eff11a38432addacb0c117e731bb73f0/elements - {"using":"xpath","value":"//button[contains(@id, \"massStateBtn\")]"}
RESULT: {"using":"xpath","value":"//button[contains(@id, \"massStateBtn\")]"}
COMMAND: POST /session/eff11a38432addacb0c117e731bb73f0/elements - {"using":"xpath","value":"//button[contains(@id, \"massStateBtn\")]"}
RESULT: {"using":"xpath","value":"//button[contains(@id, \"massStateBtn\")]"}
COMMAND: POST /session/eff11a38432addacb0c117e731bb73f0/elements - {"using":"xpath","value":"//button[contains(@id, \"massStateBtn\")]"}
RESULT: {"using":"xpath","value":"//button[contains(@id, \"massStateBtn\")]"}
COMMAND: POST /session/eff11a38432addacb0c117e731bb73f0/elements - {"using":"xpath","value":"//button[contains(@id, \"massStateBtn\")]"}
RESULT: {"using":"xpath","value":"//button[contains(@id, \"massStateBtn\")]"}
COMMAND: POST /session/eff11a38432addacb0c117e731bb73f0/elements - {"using":"xpath","value":"//button[contains(@id, \"massStateBtn\")]"}
RESULT: {"using":"xpath","value":"//button[contains(@id, \"massStateBtn\")]"}
COMMAND: POST /session/eff11a38432addacb0c117e731bb73f0/elements - {"using":"xpath","value":"//button[contains(@id, \"massStateBtn\")]"}
RESULT: {"using":"xpath","value":"//button[contains(@id, \"massStateBtn\")]"}
COMMAND: POST /session/eff11a38432addacb0c117e731bb73f0/elements - {"using":"xpath","value":"//button[contains(@id, \"massStateBtn\")]"}
RESULT: {"using":"xpath","value":"//button[contains(@id, \"massStateBtn\")]"}
COMMAND: POST /session/eff11a38432addacb0c117e731bb73f0/elements - {"using":"xpath","value":"//button[contains(@id, \"massStateBtn\")]"}
RESULT: {"using":"xpath","value":"//button[contains(@id, \"massStateBtn\")]"}
COMMAND: POST /session/eff11a38432addacb0c117e731bb73f0/elements - {"using":"xpath","value":"//button[contains(@id, \"massStateBtn\")]"}
RESULT: {"using":"xpath","value":"//button[contains(@id, \"massStateBtn\")]"}
COMMAND: POST /session/eff11a38432addacb0c117e731bb73f0/elements - {"using":"xpath","value":"//button[contains(@id, \"massStateBtn\")]"}
RESULT: {"using":"xpath","value":"//button[contains(@id, \"massStateBtn\")]"}
COMMAND: POST /session/eff11a38432addacb0c117e731bb73f0/element - {"using":"xpath","value":"//button[contains(@id, \"massStateBtn\")]"}
RESULT: {"using":"xpath","value":"//button[contains(@id, \"massStateBtn\")]"}
COMMAND: POST /session/eff11a38432addacb0c117e731bb73f0/execute/sync - {"script":"<script> [8489 bytes]","args":[{"element-6066-11e4-a52e-4f735466cecf":"f.235FCD1364076D6A73922A794F076A12.d.E8D573EDCC50C3045ECF2BF210686E16.e.300","ELEMENT":"f.235FCD1364076D6A73922A794F076A12.d.E8D573EDCC50C3045ECF2BF210686E16.e.300"}]}
RESULT: {"script":"<script> [8489 bytes]","args":[{"element-6066-11e4-a52e-4f735466cecf":"f.235FCD1364076D6A73922A794F076A12.d.E8D573EDCC50C3045ECF2BF210686E16.e.300","ELEMENT":"f.235FCD1364076D6A73922A794F076A12.d.E8D573EDCC50C3045ECF2BF210686E16.e.300"}]}
COMMAND: GET /session/eff11a38432addacb0c117e731bb73f0/element/f.235FCD1364076D6A73922A794F076A12.d.E8D573EDCC50C3045ECF2BF210686E16.e.300/enabled - {}
RESULT: {}
COMMAND: POST /session/eff11a38432addacb0c117e731bb73f0/execute/sync - {"script":"<script> [8489 bytes]","args":[{"element-6066-11e4-a52e-4f735466cecf":"f.235FCD1364076D6A73922A794F076A12.d.E8D573EDCC50C3045ECF2BF210686E16.e.300","ELEMENT":"f.235FCD1364076D6A73922A794F076A12.d.E8D573EDCC50C3045ECF2BF210686E16.e.300"}]}
RESULT: {"script":"<script> [8489 bytes]","args":[{"element-6066-11e4-a52e-4f735466cecf":"f.235FCD1364076D6A73922A794F076A12.d.E8D573EDCC50C3045ECF2BF210686E16.e.300","ELEMENT":"f.235FCD1364076D6A73922A794F076A12.d.E8D573EDCC50C3045ECF2BF210686E16.e.300"}]}
COMMAND: POST /session/eff11a38432addacb0c117e731bb73f0/execute/sync - {"script":"<script> [5351 bytes]","args":[{"element-6066-11e4-a52e-4f735466cecf":"f.235FCD1364076D6A73922A794F076A12.d.E8D573EDCC50C3045ECF2BF210686E16.e.300","ELEMENT":"f.235FCD1364076D6A73922A794F076A12.d.E8D573EDCC50C3045ECF2BF210686E16.e.300"}]}
RESULT: {"script":"<script> [5351 bytes]","args":[{"element-6066-11e4-a52e-4f735466cecf":"f.235FCD1364076D6A73922A794F076A12.d.E8D573EDCC50C3045ECF2BF210686E16.e.300","ELEMENT":"f.235FCD1364076D6A73922A794F076A12.d.E8D573EDCC50C3045ECF2BF210686E16.e.300"}]}
COMMAND: POST /session/eff11a38432addacb0c117e731bb73f0/element/f.235FCD1364076D6A73922A794F076A12.d.E8D573EDCC50C3045ECF2BF210686E16.e.300/click - {}
RESULT: {}
COMMAND: GET /session/eff11a38432addacb0c117e731bb73f0/screenshot - {}
COMMAND: GET /session/eff11a38432addacb0c117e731bb73f0/screenshot - {}
COMMAND: GET /session/eff11a38432addacb0c117e731bb73f0/screenshot - {}
COMMAND: GET /session/eff11a38432addacb0c117e731bb73f0/screenshot - {}
COMMAND: GET /session/eff11a38432addacb0c117e731bb73f0/screenshot - {}
RESULT: {}
RESULT: {}
RESULT: {}
RESULT: {}
RESULT: {}
COMMAND: POST /session/eff11a38432addacb0c117e731bb73f0/execute/async - {"script":"<script> [1562 bytes]","args":[{"selector":{"id":"application-ruinventorylist-display-component---Master--ruLocationTypeComboBox-arrow"},"wdio_ui5_key":"applicationruinventorylist-display-component---Master--ruLocationTypeComboBox-arrow"}]}
RESULT: {"script":"<script> [1562 bytes]","args":[{"selector":{"id":"application-ruinventorylist-display-component---Master--ruLocationTypeComboBox-arrow"},"wdio_ui5_key":"applicationruinventorylist-display-component---Master--ruLocationTypeComboBox-arrow"}]}
RESULT: undefined
COMMAND: POST /session/eff11a38432addacb0c117e731bb73f0/element - {"using":"xpath","value":"//*[@id=\"application-ruinventorylist-display-component---Master--ruLocationTypeComboBox-arrow\"]"}
RESULT: {"using":"xpath","value":"//*[@id=\"application-ruinventorylist-display-component---Master--ruLocationTypeComboBox-arrow\"]"}
COMMAND: POST /session/eff11a38432addacb0c117e731bb73f0/element/f.235FCD1364076D6A73922A794F076A12.d.E8D573EDCC50C3045ECF2BF210686E16.e.654/click - {}
RESULT: {}
COMMAND: GET /session/eff11a38432addacb0c117e731bb73f0/screenshot - {}
RESULT: {}
COMMAND: POST /session/eff11a38432addacb0c117e731bb73f0/element - {"using":"xpath","value":"//li[.//span[text()='Yard']]"}
RESULT: {"using":"xpath","value":"//li[.//span[text()='Yard']]"}
COMMAND: POST /session/eff11a38432addacb0c117e731bb73f0/element/f.235FCD1364076D6A73922A794F076A12.d.E8D573EDCC50C3045ECF2BF210686E16.e.655/click - {}
RESULT: {}
COMMAND: GET /session/eff11a38432addacb0c117e731bb73f0/screenshot - {}
RESULT: {}
COMMAND: POST /session/eff11a38432addacb0c117e731bb73f0/execute/async - {"script":"<script> [1562 bytes]","args":[{"selector":{"id":"application-ruinventorylist-display-component---Master--smartFilterBar-filterItemControl_BASIC-YARD-vhi"},"wdio_ui5_key":"applicationruinventorylist-display-component---Master--smartFilterBar-filterItemControl_BASIC-YARD-vhi"}]}
RESULT: {"script":"<script> [1562 bytes]","args":[{"selector":{"id":"application-ruinventorylist-display-component---Master--smartFilterBar-filterItemControl_BASIC-YARD-vhi"},"wdio_ui5_key":"applicationruinventorylist-display-component---Master--smartFilterBar-filterItemControl_BASIC-YARD-vhi"}]}
RESULT: undefined
COMMAND: POST /session/eff11a38432addacb0c117e731bb73f0/element - {"using":"xpath","value":"//*[@id=\"application-ruinventorylist-display-component---Master--smartFilterBar-filterItemControl_BASIC-YARD-vhi\"]"}
RESULT: {"using":"xpath","value":"//*[@id=\"application-ruinventorylist-display-component---Master--smartFilterBar-filterItemControl_BASIC-YARD-vhi\"]"}
COMMAND: POST /session/eff11a38432addacb0c117e731bb73f0/element/f.235FCD1364076D6A73922A794F076A12.d.E8D573EDCC50C3045ECF2BF210686E16.e.689/click - {}
RESULT: {}
COMMAND: GET /session/eff11a38432addacb0c117e731bb73f0/screenshot - {}
RESULT: {}
COMMAND: POST /session/eff11a38432addacb0c117e731bb73f0/execute/async - {"script":"<script> [1562 bytes]","args":[{"selector":{"id":"application-ruinventorylist-display-component---Master--smartFilterBar-filterItemControl_BASIC-YARD-valueHelpDialog-smartFilterBar-btnBasicSearch","searchOpenDialogs":true,"interaction":{"idSuffix":"I"}},"wdio_ui5_key":"applicationruinventorylist-display-component---Master--smartFilterBar-filterItemControl_BASIC-YARD-valueHelpDialog-smartFilterBar-btnBasicSearch"}]}
RESULT: {"script":"<script> [1562 bytes]","args":[{"selector":{"id":"application-ruinventorylist-display-component---Master--smartFilterBar-filterItemControl_BASIC-YARD-valueHelpDialog-smartFilterBar-btnBasicSearch","searchOpenDialogs":true,"interaction":{"idSuffix":"I"}},"wdio_ui5_key":"applicationruinventorylist-display-component---Master--smartFilterBar-filterItemControl_BASIC-YARD-valueHelpDialog-smartFilterBar-btnBasicSearch"}]}
RESULT: undefined
COMMAND: POST /session/eff11a38432addacb0c117e731bb73f0/execute/async - {"script":"<script> [776 bytes]","args":[{"enterText":"109","selector":{"id":"application-ruinventorylist-display-component---Master--smartFilterBar-filterItemControl_BASIC-YARD-valueHelpDialog-smartFilterBar-btnBasicSearch","searchOpenDialogs":true,"interaction":{"idSuffix":"I"}},"clearTextFirst":true,"interactionType":"ENTER_TEXT"}]}
RESULT: {"script":"<script> [776 bytes]","args":[{"enterText":"109","selector":{"id":"application-ruinventorylist-display-component---Master--smartFilterBar-filterItemControl_BASIC-YARD-valueHelpDialog-smartFilterBar-btnBasicSearch","searchOpenDialogs":true,"interaction":{"idSuffix":"I"}},"clearTextFirst":true,"interactionType":"ENTER_TEXT"}]}
COMMAND: POST /session/eff11a38432addacb0c117e731bb73f0/actions - {"actions":[{"id":"action1","type":"key","parameters":{},"actions":[{"type":"keyDown","value":"î€‡"},{"type":"pause","duration":10},{"type":"keyUp","value":"î€‡"}]}]}
RESULT: {"actions":[{"id":"action1","type":"key","parameters":{},"actions":[{"type":"keyDown","value":"î€‡"},{"type":"pause","duration":10},{"type":"keyUp","value":"î€‡"}]}]}
COMMAND: GET /session/eff11a38432addacb0c117e731bb73f0/screenshot - {}
RESULT: {}
COMMAND: POST /session/eff11a38432addacb0c117e731bb73f0/elements - {"using":"xpath","value":"//table[contains(@id, \"filterItemControl_BASIC-YARD-valueHelpDialog-table-table\")]/tbody/tr"}
RESULT: {"using":"xpath","value":"//table[contains(@id, \"filterItemControl_BASIC-YARD-valueHelpDialog-table-table\")]/tbody/tr"}
COMMAND: POST /session/eff11a38432addacb0c117e731bb73f0/element - {"using":"xpath","value":"//table[contains(@id, \"filterItemControl_BASIC-YARD-valueHelpDialog-table-table\")]/tbody/tr[1]/td[1]/div/span"}
RESULT: {"using":"xpath","value":"//table[contains(@id, \"filterItemControl_BASIC-YARD-valueHelpDialog-table-table\")]/tbody/tr[1]/td[1]/div/span"}
COMMAND: POST /session/eff11a38432addacb0c117e731bb73f0/elements - {"using":"xpath","value":"//table[contains(@id, \"filterItemControl_BASIC-YARD-valueHelpDialog-table-table\")]/tbody/tr[1]/td[1]/div/span"}
RESULT: {"using":"xpath","value":"//table[contains(@id, \"filterItemControl_BASIC-YARD-valueHelpDialog-table-table\")]/tbody/tr[1]/td[1]/div/span"}
COMMAND: POST /session/eff11a38432addacb0c117e731bb73f0/execute/sync - {"script":"<script> [56 bytes]","args":[{"element-6066-11e4-a52e-4f735466cecf":"f.235FCD1364076D6A73922A794F076A12.d.E8D573EDCC50C3045ECF2BF210686E16.e.712","ELEMENT":"f.235FCD1364076D6A73922A794F076A12.d.E8D573EDCC50C3045ECF2BF210686E16.e.712"}]}
RESULT: {"script":"<script> [56 bytes]","args":[{"element-6066-11e4-a52e-4f735466cecf":"f.235FCD1364076D6A73922A794F076A12.d.E8D573EDCC50C3045ECF2BF210686E16.e.712","ELEMENT":"f.235FCD1364076D6A73922A794F076A12.d.E8D573EDCC50C3045ECF2BF210686E16.e.712"}]}
COMMAND: POST /session/eff11a38432addacb0c117e731bb73f0/element - {"using":"xpath","value":"//div[contains(@id, \"filterItemControl_BASIC-YARD-valueHelpDialog-table-rowsel0\")]"}
COMMAND: GET /session/eff11a38432addacb0c117e731bb73f0/screenshot - {}
RESULT: {"using":"xpath","value":"//div[contains(@id, \"filterItemControl_BASIC-YARD-valueHelpDialog-table-rowsel0\")]"}
COMMAND: POST /session/eff11a38432addacb0c117e731bb73f0/element/f.235FCD1364076D6A73922A794F076A12.d.E8D573EDCC50C3045ECF2BF210686E16.e.713/click - {}
RESULT: {}
RESULT: {}
COMMAND: GET /session/eff11a38432addacb0c117e731bb73f0/screenshot - {}
RESULT: {}
COMMAND: POST /session/eff11a38432addacb0c117e731bb73f0/element - {"using":"xpath","value":"//div[contains(@id, \"smartFilterBar-filterItemControl_BASIC-YARD-valueHelpDialog-smartFilterBar-btnBasicSearch-reset\")]"}
RESULT: {"using":"xpath","value":"//div[contains(@id, \"smartFilterBar-filterItemControl_BASIC-YARD-valueHelpDialog-smartFilterBar-btnBasicSearch-reset\")]"}
COMMAND: POST /session/eff11a38432addacb0c117e731bb73f0/element/f.235FCD1364076D6A73922A794F076A12.d.E8D573EDCC50C3045ECF2BF210686E16.e.715/click - {}
RESULT: {}
RESULT: undefined
COMMAND: POST /session/eff11a38432addacb0c117e731bb73f0/execute/async - {"script":"<script> [776 bytes]","args":[{"enterText":"OPA5_BST01_YARD1","selector":{"id":"application-ruinventorylist-display-component---Master--smartFilterBar-filterItemControl_BASIC-YARD-valueHelpDialog-smartFilterBar-btnBasicSearch","searchOpenDialogs":true,"interaction":{"idSuffix":"I"}},"clearTextFirst":true,"interactionType":"ENTER_TEXT"}]}
COMMAND: GET /session/eff11a38432addacb0c117e731bb73f0/screenshot - {}
RESULT: {"script":"<script> [776 bytes]","args":[{"enterText":"OPA5_BST01_YARD1","selector":{"id":"application-ruinventorylist-display-component---Master--smartFilterBar-filterItemControl_BASIC-YARD-valueHelpDialog-smartFilterBar-btnBasicSearch","searchOpenDialogs":true,"interaction":{"idSuffix":"I"}},"clearTextFirst":true,"interactionType":"ENTER_TEXT"}]}
COMMAND: POST /session/eff11a38432addacb0c117e731bb73f0/actions - {"actions":[{"id":"action2","type":"key","parameters":{},"actions":[{"type":"keyDown","value":"î€‡"},{"type":"pause","duration":10},{"type":"keyUp","value":"î€‡"}]}]}
RESULT: {}
RESULT: {"actions":[{"id":"action2","type":"key","parameters":{},"actions":[{"type":"keyDown","value":"î€‡"},{"type":"pause","duration":10},{"type":"keyUp","value":"î€‡"}]}]}
COMMAND: GET /session/eff11a38432addacb0c117e731bb73f0/screenshot - {}
RESULT: {}
COMMAND: POST /session/eff11a38432addacb0c117e731bb73f0/elements - {"using":"xpath","value":"//table[contains(@id, \"filterItemControl_BASIC-YARD-valueHelpDialog-table-table\")]/tbody/tr"}
RESULT: {"using":"xpath","value":"//table[contains(@id, \"filterItemControl_BASIC-YARD-valueHelpDialog-table-table\")]/tbody/tr"}
COMMAND: POST /session/eff11a38432addacb0c117e731bb73f0/element - {"using":"xpath","value":"//table[contains(@id, \"filterItemControl_BASIC-YARD-valueHelpDialog-table-table\")]/tbody/tr[1]/td[1]/div/span"}
RESULT: {"using":"xpath","value":"//table[contains(@id, \"filterItemControl_BASIC-YARD-valueHelpDialog-table-table\")]/tbody/tr[1]/td[1]/div/span"}
COMMAND: POST /session/eff11a38432addacb0c117e731bb73f0/elements - {"using":"xpath","value":"//table[contains(@id, \"filterItemControl_BASIC-YARD-valueHelpDialog-table-table\")]/tbody/tr[1]/td[1]/div/span"}
RESULT: {"using":"xpath","value":"//table[contains(@id, \"filterItemControl_BASIC-YARD-valueHelpDialog-table-table\")]/tbody/tr[1]/td[1]/div/span"}
COMMAND: POST /session/eff11a38432addacb0c117e731bb73f0/execute/sync - {"script":"<script> [56 bytes]","args":[{"element-6066-11e4-a52e-4f735466cecf":"f.235FCD1364076D6A73922A794F076A12.d.E8D573EDCC50C3045ECF2BF210686E16.e.712","ELEMENT":"f.235FCD1364076D6A73922A794F076A12.d.E8D573EDCC50C3045ECF2BF210686E16.e.712"}]}
RESULT: {"script":"<script> [56 bytes]","args":[{"element-6066-11e4-a52e-4f735466cecf":"f.235FCD1364076D6A73922A794F076A12.d.E8D573EDCC50C3045ECF2BF210686E16.e.712","ELEMENT":"f.235FCD1364076D6A73922A794F076A12.d.E8D573EDCC50C3045ECF2BF210686E16.e.712"}]}
COMMAND: POST /session/eff11a38432addacb0c117e731bb73f0/element - {"using":"xpath","value":"//div[contains(@id, \"filterItemControl_BASIC-YARD-valueHelpDialog-table-rowsel0\")]"}
COMMAND: GET /session/eff11a38432addacb0c117e731bb73f0/screenshot - {}
RESULT: {"using":"xpath","value":"//div[contains(@id, \"filterItemControl_BASIC-YARD-valueHelpDialog-table-rowsel0\")]"}
COMMAND: POST /session/eff11a38432addacb0c117e731bb73f0/element/f.235FCD1364076D6A73922A794F076A12.d.E8D573EDCC50C3045ECF2BF210686E16.e.713/click - {}
RESULT: {}
RESULT: {}
COMMAND: GET /session/eff11a38432addacb0c117e731bb73f0/screenshot - {}
RESULT: {}
COMMAND: POST /session/eff11a38432addacb0c117e731bb73f0/element - {"using":"xpath","value":"(//bdi[contains(text(), \"OK\")])[1]"}
RESULT: {"using":"xpath","value":"(//bdi[contains(text(), \"OK\")])[1]"}
COMMAND: POST /session/eff11a38432addacb0c117e731bb73f0/element/f.235FCD1364076D6A73922A794F076A12.d.E8D573EDCC50C3045ECF2BF210686E16.e.716/click - {}
RESULT: {}
COMMAND: GET /session/eff11a38432addacb0c117e731bb73f0/screenshot - {}
RESULT: {}
COMMAND: POST /session/eff11a38432addacb0c117e731bb73f0/element - {"using":"xpath","value":"//span[@id=\"application-ruinventorylist-display-component---Master--smartTableRuInventoryList-header-inner\"]"}
RESULT: {"using":"xpath","value":"//span[@id=\"application-ruinventorylist-display-component---Master--smartTableRuInventoryList-header-inner\"]"}
COMMAND: POST /session/eff11a38432addacb0c117e731bb73f0/elements - {"using":"xpath","value":"//span[@id=\"application-ruinventorylist-display-component---Master--smartTableRuInventoryList-header-inner\"]"}
RESULT: {"using":"xpath","value":"//span[@id=\"application-ruinventorylist-display-component---Master--smartTableRuInventoryList-header-inner\"]"}
COMMAND: POST /session/eff11a38432addacb0c117e731bb73f0/execute/sync - {"script":"<script> [56 bytes]","args":[{"element-6066-11e4-a52e-4f735466cecf":"f.235FCD1364076D6A73922A794F076A12.d.E8D573EDCC50C3045ECF2BF210686E16.e.844","ELEMENT":"f.235FCD1364076D6A73922A794F076A12.d.E8D573EDCC50C3045ECF2BF210686E16.e.844"}]}
RESULT: {"script":"<script> [56 bytes]","args":[{"element-6066-11e4-a52e-4f735466cecf":"f.235FCD1364076D6A73922A794F076A12.d.E8D573EDCC50C3045ECF2BF210686E16.e.844","ELEMENT":"f.235FCD1364076D6A73922A794F076A12.d.E8D573EDCC50C3045ECF2BF210686E16.e.844"}]}
COMMAND: POST /session/eff11a38432addacb0c117e731bb73f0/execute/async - {"script":"<script> [1562 bytes]","args":[{"selector":{"id":"application-ruinventorylist-display-component---Master--smartFilterBar-btnBasicSearch","interaction":{"idSuffix":"I"}},"wdio_ui5_key":"applicationruinventorylist-display-component---Master--smartFilterBar-btnBasicSearch"}]}
COMMAND: GET /session/eff11a38432addacb0c117e731bb73f0/screenshot - {}
RESULT: {"script":"<script> [1562 bytes]","args":[{"selector":{"id":"application-ruinventorylist-display-component---Master--smartFilterBar-btnBasicSearch","interaction":{"idSuffix":"I"}},"wdio_ui5_key":"applicationruinventorylist-display-component---Master--smartFilterBar-btnBasicSearch"}]}
RESULT: undefined
COMMAND: POST /session/eff11a38432addacb0c117e731bb73f0/execute/async - {"script":"<script> [776 bytes]","args":[{"enterText":"600002","selector":{"id":"application-ruinventorylist-display-component---Master--smartFilterBar-btnBasicSearch","interaction":{"idSuffix":"I"}},"clearTextFirst":true,"interactionType":"ENTER_TEXT"}]}
RESULT: {}
RESULT: {"script":"<script> [776 bytes]","args":[{"enterText":"600002","selector":{"id":"application-ruinventorylist-display-component---Master--smartFilterBar-btnBasicSearch","interaction":{"idSuffix":"I"}},"clearTextFirst":true,"interactionType":"ENTER_TEXT"}]}
COMMAND: POST /session/eff11a38432addacb0c117e731bb73f0/actions - {"actions":[{"id":"action3","type":"key","parameters":{},"actions":[{"type":"keyDown","value":"î€‡"},{"type":"pause","duration":10},{"type":"keyUp","value":"î€‡"}]}]}
RESULT: {"actions":[{"id":"action3","type":"key","parameters":{},"actions":[{"type":"keyDown","value":"î€‡"},{"type":"pause","duration":10},{"type":"keyUp","value":"î€‡"}]}]}
COMMAND: GET /session/eff11a38432addacb0c117e731bb73f0/screenshot - {}
RESULT: {}
COMMAND: POST /session/eff11a38432addacb0c117e731bb73f0/element - {"using":"xpath","value":"//span[@id=\"application-ruinventorylist-display-component---Master--smartTableRuInventoryList-header-inner\"]"}
RESULT: {"using":"xpath","value":"//span[@id=\"application-ruinventorylist-display-component---Master--smartTableRuInventoryList-header-inner\"]"}
COMMAND: POST /session/eff11a38432addacb0c117e731bb73f0/elements - {"using":"xpath","value":"//span[@id=\"application-ruinventorylist-display-component---Master--smartTableRuInventoryList-header-inner\"]"}
RESULT: {"using":"xpath","value":"//span[@id=\"application-ruinventorylist-display-component---Master--smartTableRuInventoryList-header-inner\"]"}
COMMAND: POST /session/eff11a38432addacb0c117e731bb73f0/execute/sync - {"script":"<script> [56 bytes]","args":[{"element-6066-11e4-a52e-4f735466cecf":"f.235FCD1364076D6A73922A794F076A12.d.E8D573EDCC50C3045ECF2BF210686E16.e.844","ELEMENT":"f.235FCD1364076D6A73922A794F076A12.d.E8D573EDCC50C3045ECF2BF210686E16.e.844"}]}
RESULT: {"script":"<script> [56 bytes]","args":[{"element-6066-11e4-a52e-4f735466cecf":"f.235FCD1364076D6A73922A794F076A12.d.E8D573EDCC50C3045ECF2BF210686E16.e.844","ELEMENT":"f.235FCD1364076D6A73922A794F076A12.d.E8D573EDCC50C3045ECF2BF210686E16.e.844"}]}
COMMAND: POST /session/eff11a38432addacb0c117e731bb73f0/element - {"using":"xpath","value":"//table[contains(@id, \"application-ruinventorylist-display-component---Master--tableRuInventoryList-listUl\")]/tbody/tr[1]/td[2]/div/div"}
COMMAND: GET /session/eff11a38432addacb0c117e731bb73f0/screenshot - {}
RESULT: {"using":"xpath","value":"//table[contains(@id, \"application-ruinventorylist-display-component---Master--tableRuInventoryList-listUl\")]/tbody/tr[1]/td[2]/div/div"}
COMMAND: POST /session/eff11a38432addacb0c117e731bb73f0/element/f.235FCD1364076D6A73922A794F076A12.d.E8D573EDCC50C3045ECF2BF210686E16.e.852/click - {}
RESULT: {}
RESULT: {}
COMMAND: GET /session/eff11a38432addacb0c117e731bb73f0/screenshot - {}
RESULT: {}
COMMAND: POST /session/eff11a38432addacb0c117e731bb73f0/element - {"using":"xpath","value":"//div[contains(@id, \"smartFilterBar-btnBasicSearch-reset\")]"}
RESULT: {"using":"xpath","value":"//div[contains(@id, \"smartFilterBar-btnBasicSearch-reset\")]"}
COMMAND: POST /session/eff11a38432addacb0c117e731bb73f0/element/f.235FCD1364076D6A73922A794F076A12.d.E8D573EDCC50C3045ECF2BF210686E16.e.862/click - {}
RESULT: {}
COMMAND: GET /session/eff11a38432addacb0c117e731bb73f0/screenshot - {}
RESULT: {}
RESULT: undefined
COMMAND: POST /session/eff11a38432addacb0c117e731bb73f0/execute/async - {"script":"<script> [776 bytes]","args":[{"enterText":"401002","selector":{"id":"application-ruinventorylist-display-component---Master--smartFilterBar-btnBasicSearch","interaction":{"idSuffix":"I"}},"clearTextFirst":true,"interactionType":"ENTER_TEXT"}]}
RESULT: {"script":"<script> [776 bytes]","args":[{"enterText":"401002","selector":{"id":"application-ruinventorylist-display-component---Master--smartFilterBar-btnBasicSearch","interaction":{"idSuffix":"I"}},"clearTextFirst":true,"interactionType":"ENTER_TEXT"}]}
COMMAND: POST /session/eff11a38432addacb0c117e731bb73f0/actions - {"actions":[{"id":"action4","type":"key","parameters":{},"actions":[{"type":"keyDown","value":"î€‡"},{"type":"pause","duration":10},{"type":"keyUp","value":"î€‡"}]}]}
RESULT: {"actions":[{"id":"action4","type":"key","parameters":{},"actions":[{"type":"keyDown","value":"î€‡"},{"type":"pause","duration":10},{"type":"keyUp","value":"î€‡"}]}]}
COMMAND: GET /session/eff11a38432addacb0c117e731bb73f0/screenshot - {}
RESULT: {}
COMMAND: POST /session/eff11a38432addacb0c117e731bb73f0/element - {"using":"xpath","value":"//span[@id=\"application-ruinventorylist-display-component---Master--smartTableRuInventoryList-header-inner\"]"}
RESULT: {"using":"xpath","value":"//span[@id=\"application-ruinventorylist-display-component---Master--smartTableRuInventoryList-header-inner\"]"}
COMMAND: POST /session/eff11a38432addacb0c117e731bb73f0/elements - {"using":"xpath","value":"//span[@id=\"application-ruinventorylist-display-component---Master--smartTableRuInventoryList-header-inner\"]"}
RESULT: {"using":"xpath","value":"//span[@id=\"application-ruinventorylist-display-component---Master--smartTableRuInventoryList-header-inner\"]"}
COMMAND: POST /session/eff11a38432addacb0c117e731bb73f0/execute/sync - {"script":"<script> [56 bytes]","args":[{"element-6066-11e4-a52e-4f735466cecf":"f.235FCD1364076D6A73922A794F076A12.d.E8D573EDCC50C3045ECF2BF210686E16.e.844","ELEMENT":"f.235FCD1364076D6A73922A794F076A12.d.E8D573EDCC50C3045ECF2BF210686E16.e.844"}]}
RESULT: {"script":"<script> [56 bytes]","args":[{"element-6066-11e4-a52e-4f735466cecf":"f.235FCD1364076D6A73922A794F076A12.d.E8D573EDCC50C3045ECF2BF210686E16.e.844","ELEMENT":"f.235FCD1364076D6A73922A794F076A12.d.E8D573EDCC50C3045ECF2BF210686E16.e.844"}]}
COMMAND: POST /session/eff11a38432addacb0c117e731bb73f0/element - {"using":"xpath","value":"//table[contains(@id, \"application-ruinventorylist-display-component---Master--tableRuInventoryList-listUl\")]/tbody/tr[1]/td[2]/div/div"}
COMMAND: GET /session/eff11a38432addacb0c117e731bb73f0/screenshot - {}
RESULT: {"using":"xpath","value":"//table[contains(@id, \"application-ruinventorylist-display-component---Master--tableRuInventoryList-listUl\")]/tbody/tr[1]/td[2]/div/div"}
COMMAND: POST /session/eff11a38432addacb0c117e731bb73f0/element/f.235FCD1364076D6A73922A794F076A12.d.E8D573EDCC50C3045ECF2BF210686E16.e.985/click - {}
RESULT: {}
RESULT: {}
COMMAND: GET /session/eff11a38432addacb0c117e731bb73f0/screenshot - {}
RESULT: {}
COMMAND: POST /session/eff11a38432addacb0c117e731bb73f0/element - {"using":"xpath","value":"//div[contains(@id, \"smartFilterBar-btnBasicSearch-reset\")]"}
RESULT: {"using":"xpath","value":"//div[contains(@id, \"smartFilterBar-btnBasicSearch-reset\")]"}
COMMAND: POST /session/eff11a38432addacb0c117e731bb73f0/element/f.235FCD1364076D6A73922A794F076A12.d.E8D573EDCC50C3045ECF2BF210686E16.e.862/click - {}
RESULT: {}
COMMAND: GET /session/eff11a38432addacb0c117e731bb73f0/screenshot - {}
RESULT: {}
COMMAND: POST /session/eff11a38432addacb0c117e731bb73f0/element/f.235FCD1364076D6A73922A794F076A12.d.E8D573EDCC50C3045ECF2BF210686E16.e.300/click - {}
RESULT: {}
COMMAND: GET /session/eff11a38432addacb0c117e731bb73f0/screenshot - {}
RESULT: {}
COMMAND: POST /session/eff11a38432addacb0c117e731bb73f0/execute/async - {"script":"<script> [1562 bytes]","args":[{"selector":{"controlType":"sap.m.Title","viewName":"etm.portal.ui.ruinventorylist.view.Master","viewId":"application-ruinventorylist-display-component---Master","properties":{"text":"Mass State Change"},"searchOpenDialogs":true},"wdio_ui5_key":"etmportal.ui.ruinventorylist.view.Mastersap.m.Title{\"text\":\"Mass State Change\"}"}]}
RESULT: {"script":"<script> [1562 bytes]","args":[{"selector":{"controlType":"sap.m.Title","viewName":"etm.portal.ui.ruinventorylist.view.Master","viewId":"application-ruinventorylist-display-component---Master","properties":{"text":"Mass State Change"},"searchOpenDialogs":true},"wdio_ui5_key":"etmportal.ui.ruinventorylist.view.Mastersap.m.Title{\"text\":\"Mass State Change\"}"}]}
RESULT: undefined
COMMAND: POST /session/eff11a38432addacb0c117e731bb73f0/execute/async - {"script":"<script> [6424 bytes]","args":[{"element-6066-11e4-a52e-4f735466cecf":"f.235FCD1364076D6A73922A794F076A12.d.E8D573EDCC50C3045ECF2BF210686E16.e.1130"},"getText",[]]}
RESULT: {"script":"<script> [6424 bytes]","args":[{"element-6066-11e4-a52e-4f735466cecf":"f.235FCD1364076D6A73922A794F076A12.d.E8D573EDCC50C3045ECF2BF210686E16.e.1130"},"getText",[]]}
COMMAND: POST /session/eff11a38432addacb0c117e731bb73f0/element - {"using":"xpath","value":"(//bdi[contains(text(), \"OK\")])[1]"}
RESULT: {"using":"xpath","value":"(//bdi[contains(text(), \"OK\")])[1]"}
COMMAND: POST /session/eff11a38432addacb0c117e731bb73f0/element/f.235FCD1364076D6A73922A794F076A12.d.E8D573EDCC50C3045ECF2BF210686E16.e.1131/click - {}
RESULT: {}
COMMAND: GET /session/eff11a38432addacb0c117e731bb73f0/screenshot - {}
RESULT: {}
COMMAND: POST /session/eff11a38432addacb0c117e731bb73f0/element - {"using":"css selector","value":"div.sapMMessageBoxError"}
RESULT: {"using":"css selector","value":"div.sapMMessageBoxError"}
COMMAND: POST /session/eff11a38432addacb0c117e731bb73f0/elements - {"using":"css selector","value":"div.sapMMessageBoxError"}
RESULT: {"using":"css selector","value":"div.sapMMessageBoxError"}
COMMAND: POST /session/eff11a38432addacb0c117e731bb73f0/element - {"using":"xpath","value":"(//bdi[contains(text(), \"Close\")])[1]"}
RESULT: {"using":"xpath","value":"(//bdi[contains(text(), \"Close\")])[1]"}
COMMAND: POST /session/eff11a38432addacb0c117e731bb73f0/element/f.235FCD1364076D6A73922A794F076A12.d.E8D573EDCC50C3045ECF2BF210686E16.e.1136/click - {}
RESULT: {}
COMMAND: GET /session/eff11a38432addacb0c117e731bb73f0/screenshot - {}
RESULT: {}
COMMAND: POST /session/eff11a38432addacb0c117e731bb73f0/execute/async - {"script":"<script> [1562 bytes]","args":[{"selector":{"id":"application-ruinventorylist-display-component---Master--ruStateTypes-arrow","searchOpenDialogs":true},"wdio_ui5_key":"applicationruinventorylist-display-component---Master--ruStateTypes-arrow"}]}
RESULT: {"script":"<script> [1562 bytes]","args":[{"selector":{"id":"application-ruinventorylist-display-component---Master--ruStateTypes-arrow","searchOpenDialogs":true},"wdio_ui5_key":"applicationruinventorylist-display-component---Master--ruStateTypes-arrow"}]}
RESULT: undefined
COMMAND: POST /session/eff11a38432addacb0c117e731bb73f0/element - {"using":"xpath","value":"//*[@id=\"application-ruinventorylist-display-component---Master--ruStateTypes-arrow\"]"}
RESULT: {"using":"xpath","value":"//*[@id=\"application-ruinventorylist-display-component---Master--ruStateTypes-arrow\"]"}
COMMAND: POST /session/eff11a38432addacb0c117e731bb73f0/element/f.235FCD1364076D6A73922A794F076A12.d.E8D573EDCC50C3045ECF2BF210686E16.e.1137/click - {}
RESULT: {}
COMMAND: GET /session/eff11a38432addacb0c117e731bb73f0/screenshot - {}
RESULT: {}
COMMAND: POST /session/eff11a38432addacb0c117e731bb73f0/element - {"using":"xpath","value":"//li[.//span[text()=\"defect\"]]"}
RESULT: {"using":"xpath","value":"//li[.//span[text()=\"defect\"]]"}
COMMAND: POST /session/eff11a38432addacb0c117e731bb73f0/element/f.235FCD1364076D6A73922A794F076A12.d.E8D573EDCC50C3045ECF2BF210686E16.e.1138/click - {}
RESULT: {}
COMMAND: GET /session/eff11a38432addacb0c117e731bb73f0/screenshot - {}
RESULT: {}
COMMAND: POST /session/eff11a38432addacb0c117e731bb73f0/element - {"using":"xpath","value":"(//span[@data-kt=\"trashMassStateChangeIcon\"])[1]"}
RESULT: {"using":"xpath","value":"(//span[@data-kt=\"trashMassStateChangeIcon\"])[1]"}
COMMAND: POST /session/eff11a38432addacb0c117e731bb73f0/element/f.235FCD1364076D6A73922A794F076A12.d.E8D573EDCC50C3045ECF2BF210686E16.e.1139/click - {}
RESULT: {}
COMMAND: GET /session/eff11a38432addacb0c117e731bb73f0/screenshot - {}
RESULT: {}
COMMAND: POST /session/eff11a38432addacb0c117e731bb73f0/element - {"using":"xpath","value":"//table[contains(@id, \"massStateChangeTable-listUl\")]/tbody/tr[1]/td[11]/div/div/div/input"}
RESULT: {"using":"xpath","value":"//table[contains(@id, \"massStateChangeTable-listUl\")]/tbody/tr[1]/td[11]/div/div/div/input"}
COMMAND: GET /session/eff11a38432addacb0c117e731bb73f0/element/f.235FCD1364076D6A73922A794F076A12.d.E8D573EDCC50C3045ECF2BF210686E16.e.1124/property/value - {}
RESULT: {}
COMMAND: POST /session/eff11a38432addacb0c117e731bb73f0/element - {"using":"xpath","value":"(//span[@data-kt=\"trashMassStateChangeIcon\"])[2]"}
COMMAND: GET /session/eff11a38432addacb0c117e731bb73f0/screenshot - {}
RESULT: {"using":"xpath","value":"(//span[@data-kt=\"trashMassStateChangeIcon\"])[2]"}
COMMAND: POST /session/eff11a38432addacb0c117e731bb73f0/element/f.235FCD1364076D6A73922A794F076A12.d.E8D573EDCC50C3045ECF2BF210686E16.e.1141/click - {}
RESULT: {}
RESULT: {}
COMMAND: GET /session/eff11a38432addacb0c117e731bb73f0/screenshot - {}
RESULT: {}
COMMAND: POST /session/eff11a38432addacb0c117e731bb73f0/element - {"using":"xpath","value":"//table[contains(@id, \"massStateChangeTable-listUl\")]/tbody/tr[2]/td[11]/div/div/div/input"}
RESULT: {"using":"xpath","value":"//table[contains(@id, \"massStateChangeTable-listUl\")]/tbody/tr[2]/td[11]/div/div/div/input"}
COMMAND: GET /session/eff11a38432addacb0c117e731bb73f0/element/f.235FCD1364076D6A73922A794F076A12.d.E8D573EDCC50C3045ECF2BF210686E16.e.1128/property/value - {}
RESULT: {}
COMMAND: POST /session/eff11a38432addacb0c117e731bb73f0/element - {"using":"xpath","value":"//table[contains(@id, \"massStateChangeTable-listUl\")]/tbody/tr[1]/td[10]/div/span/span[1]"}
COMMAND: GET /session/eff11a38432addacb0c117e731bb73f0/screenshot - {}
RESULT: {"using":"xpath","value":"//table[contains(@id, \"massStateChangeTable-listUl\")]/tbody/tr[1]/td[10]/div/span/span[1]"}
COMMAND: POST /session/eff11a38432addacb0c117e731bb73f0/execute/sync - {"script":"<script> [56 bytes]","args":[{"element-6066-11e4-a52e-4f735466cecf":"f.235FCD1364076D6A73922A794F076A12.d.E8D573EDCC50C3045ECF2BF210686E16.e.1143","ELEMENT":"f.235FCD1364076D6A73922A794F076A12.d.E8D573EDCC50C3045ECF2BF210686E16.e.1143"}]}
RESULT: {}
RESULT: {"script":"<script> [56 bytes]","args":[{"element-6066-11e4-a52e-4f735466cecf":"f.235FCD1364076D6A73922A794F076A12.d.E8D573EDCC50C3045ECF2BF210686E16.e.1143","ELEMENT":"f.235FCD1364076D6A73922A794F076A12.d.E8D573EDCC50C3045ECF2BF210686E16.e.1143"}]}
COMMAND: POST /session/eff11a38432addacb0c117e731bb73f0/element - {"using":"xpath","value":"//table[contains(@id, \"massStateChangeTable-listUl\")]/tbody/tr[1]/td[11]/div/div/div/div[2]/span"}
COMMAND: GET /session/eff11a38432addacb0c117e731bb73f0/screenshot - {}
RESULT: {"using":"xpath","value":"//table[contains(@id, \"massStateChangeTable-listUl\")]/tbody/tr[1]/td[11]/div/div/div/div[2]/span"}
COMMAND: POST /session/eff11a38432addacb0c117e731bb73f0/element/f.235FCD1364076D6A73922A794F076A12.d.E8D573EDCC50C3045ECF2BF210686E16.e.1144/click - {}
RESULT: {}
RESULT: {}
COMMAND: GET /session/eff11a38432addacb0c117e731bb73f0/screenshot - {}
RESULT: {}
COMMAND: POST /session/eff11a38432addacb0c117e731bb73f0/element - {"using":"xpath","value":"//table[contains(@id, \"massStateChangeTable-listUl\")]/tbody/tr[1]/td[11]/div/div/div/div[2]/span"}
RESULT: {"using":"xpath","value":"//table[contains(@id, \"massStateChangeTable-listUl\")]/tbody/tr[1]/td[11]/div/div/div/div[2]/span"}
COMMAND: POST /session/eff11a38432addacb0c117e731bb73f0/element/f.235FCD1364076D6A73922A794F076A12.d.E8D573EDCC50C3045ECF2BF210686E16.e.1144/click - {}
RESULT: {}
COMMAND: GET /session/eff11a38432addacb0c117e731bb73f0/screenshot - {}
RESULT: {}
COMMAND: POST /session/eff11a38432addacb0c117e731bb73f0/element - {"using":"xpath","value":"//table[contains(@id, \"massStateChangeTable-listUl\")]/tbody/tr[1]/td[11]/div/div/div/div[2]/span"}
RESULT: {"using":"xpath","value":"//table[contains(@id, \"massStateChangeTable-listUl\")]/tbody/tr[1]/td[11]/div/div/div/div[2]/span"}
COMMAND: POST /session/eff11a38432addacb0c117e731bb73f0/element/f.235FCD1364076D6A73922A794F076A12.d.E8D573EDCC50C3045ECF2BF210686E16.e.1144/click - {}
RESULT: {}
COMMAND: GET /session/eff11a38432addacb0c117e731bb73f0/screenshot - {}
RESULT: {}
COMMAND: POST /session/eff11a38432addacb0c117e731bb73f0/element - {"using":"xpath","value":"//table[contains(@id, \"massStateChangeTable-listUl\")]/tbody/tr[1]/td[11]/div/div/div/div[2]/span"}
RESULT: {"using":"xpath","value":"//table[contains(@id, \"massStateChangeTable-listUl\")]/tbody/tr[1]/td[11]/div/div/div/div[2]/span"}
COMMAND: POST /session/eff11a38432addacb0c117e731bb73f0/element/f.235FCD1364076D6A73922A794F076A12.d.E8D573EDCC50C3045ECF2BF210686E16.e.1144/click - {}
RESULT: {}
COMMAND: GET /session/eff11a38432addacb0c117e731bb73f0/screenshot - {}
RESULT: {}
COMMAND: POST /session/eff11a38432addacb0c117e731bb73f0/element - {"using":"xpath","value":"//table[contains(@id, \"massStateChangeTable-listUl\")]/tbody/tr[1]/td[11]/div/div/div/div[2]/span"}
RESULT: {"using":"xpath","value":"//table[contains(@id, \"massStateChangeTable-listUl\")]/tbody/tr[1]/td[11]/div/div/div/div[2]/span"}
COMMAND: POST /session/eff11a38432addacb0c117e731bb73f0/element/f.235FCD1364076D6A73922A794F076A12.d.E8D573EDCC50C3045ECF2BF210686E16.e.1144/click - {}
RESULT: {}
COMMAND: GET /session/eff11a38432addacb0c117e731bb73f0/screenshot - {}
RESULT: {}
COMMAND: POST /session/eff11a38432addacb0c117e731bb73f0/element - {"using":"xpath","value":"//table[contains(@id, \"massStateChangeTable-listUl\")]/tbody/tr[1]/td[11]/div/div/div/div[2]/span"}
RESULT: {"using":"xpath","value":"//table[contains(@id, \"massStateChangeTable-listUl\")]/tbody/tr[1]/td[11]/div/div/div/div[2]/span"}
COMMAND: POST /session/eff11a38432addacb0c117e731bb73f0/element/f.235FCD1364076D6A73922A794F076A12.d.E8D573EDCC50C3045ECF2BF210686E16.e.1144/click - {}
RESULT: {}
COMMAND: GET /session/eff11a38432addacb0c117e731bb73f0/screenshot - {}
RESULT: {}
COMMAND: POST /session/eff11a38432addacb0c117e731bb73f0/element - {"using":"xpath","value":"//table[contains(@id, \"massStateChangeTable-listUl\")]/tbody/tr[1]/td[11]/div/div/div/div[2]/span"}
RESULT: {"using":"xpath","value":"//table[contains(@id, \"massStateChangeTable-listUl\")]/tbody/tr[1]/td[11]/div/div/div/div[2]/span"}
COMMAND: POST /session/eff11a38432addacb0c117e731bb73f0/element/f.235FCD1364076D6A73922A794F076A12.d.E8D573EDCC50C3045ECF2BF210686E16.e.1144/click - {}
RESULT: {}
COMMAND: GET /session/eff11a38432addacb0c117e731bb73f0/screenshot - {}
RESULT: {}
COMMAND: POST /session/eff11a38432addacb0c117e731bb73f0/element - {"using":"xpath","value":"//table[contains(@id, \"massStateChangeTable-listUl\")]/tbody/tr[1]/td[11]/div/div/div/div[2]/span"}
RESULT: {"using":"xpath","value":"//table[contains(@id, \"massStateChangeTable-listUl\")]/tbody/tr[1]/td[11]/div/div/div/div[2]/span"}
COMMAND: POST /session/eff11a38432addacb0c117e731bb73f0/element/f.235FCD1364076D6A73922A794F076A12.d.E8D573EDCC50C3045ECF2BF210686E16.e.1144/click - {}
RESULT: {}
COMMAND: GET /session/eff11a38432addacb0c117e731bb73f0/screenshot - {}
RESULT: {}
COMMAND: POST /session/eff11a38432addacb0c117e731bb73f0/element - {"using":"xpath","value":"//table[contains(@id, \"massStateChangeTable-listUl\")]/tbody/tr[1]/td[11]/div/div/div/div[2]/span"}
RESULT: {"using":"xpath","value":"//table[contains(@id, \"massStateChangeTable-listUl\")]/tbody/tr[1]/td[11]/div/div/div/div[2]/span"}
COMMAND: POST /session/eff11a38432addacb0c117e731bb73f0/element/f.235FCD1364076D6A73922A794F076A12.d.E8D573EDCC50C3045ECF2BF210686E16.e.1144/click - {}
RESULT: {}
COMMAND: GET /session/eff11a38432addacb0c117e731bb73f0/screenshot - {}
RESULT: {}
COMMAND: POST /session/eff11a38432addacb0c117e731bb73f0/element - {"using":"xpath","value":"//table[contains(@id, \"massStateChangeTable-listUl\")]/tbody/tr[1]/td[11]/div/div/div/div[2]/span"}
RESULT: {"using":"xpath","value":"//table[contains(@id, \"massStateChangeTable-listUl\")]/tbody/tr[1]/td[11]/div/div/div/div[2]/span"}
COMMAND: POST /session/eff11a38432addacb0c117e731bb73f0/element/f.235FCD1364076D6A73922A794F076A12.d.E8D573EDCC50C3045ECF2BF210686E16.e.1144/click - {}
RESULT: {}
COMMAND: GET /session/eff11a38432addacb0c117e731bb73f0/screenshot - {}
RESULT: {}
COMMAND: POST /session/eff11a38432addacb0c117e731bb73f0/element - {"using":"xpath","value":"//table[contains(@id, \"massStateChangeTable-listUl\")]/tbody/tr[1]/td[11]/div/div/div/div[2]/span"}
RESULT: {"using":"xpath","value":"//table[contains(@id, \"massStateChangeTable-listUl\")]/tbody/tr[1]/td[11]/div/div/div/div[2]/span"}
COMMAND: POST /session/eff11a38432addacb0c117e731bb73f0/element/f.235FCD1364076D6A73922A794F076A12.d.E8D573EDCC50C3045ECF2BF210686E16.e.1144/click - {}
RESULT: {}
COMMAND: GET /session/eff11a38432addacb0c117e731bb73f0/screenshot - {}
RESULT: {}
COMMAND: POST /session/eff11a38432addacb0c117e731bb73f0/element - {"using":"xpath","value":"//table[contains(@id, \"massStateChangeTable-listUl\")]/tbody/tr[1]/td[11]/div/div/div/div[2]/span"}
RESULT: {"using":"xpath","value":"//table[contains(@id, \"massStateChangeTable-listUl\")]/tbody/tr[1]/td[11]/div/div/div/div[2]/span"}
COMMAND: POST /session/eff11a38432addacb0c117e731bb73f0/element/f.235FCD1364076D6A73922A794F076A12.d.E8D573EDCC50C3045ECF2BF210686E16.e.1144/click - {}
RESULT: {}
COMMAND: GET /session/eff11a38432addacb0c117e731bb73f0/screenshot - {}
RESULT: {}
COMMAND: POST /session/eff11a38432addacb0c117e731bb73f0/element - {"using":"xpath","value":"//table[contains(@id, \"massStateChangeTable-listUl\")]/tbody/tr[1]/td[11]/div/div/div/div[2]/span"}
RESULT: {"using":"xpath","value":"//table[contains(@id, \"massStateChangeTable-listUl\")]/tbody/tr[1]/td[11]/div/div/div/div[2]/span"}
COMMAND: POST /session/eff11a38432addacb0c117e731bb73f0/element/f.235FCD1364076D6A73922A794F076A12.d.E8D573EDCC50C3045ECF2BF210686E16.e.1144/click - {}
RESULT: {}
COMMAND: GET /session/eff11a38432addacb0c117e731bb73f0/screenshot - {}
RESULT: {}
COMMAND: POST /session/eff11a38432addacb0c117e731bb73f0/element - {"using":"xpath","value":"//table[contains(@id, \"massStateChangeTable-listUl\")]/tbody/tr[1]/td[11]/div/div/div/div[2]/span"}
RESULT: {"using":"xpath","value":"//table[contains(@id, \"massStateChangeTable-listUl\")]/tbody/tr[1]/td[11]/div/div/div/div[2]/span"}
COMMAND: POST /session/eff11a38432addacb0c117e731bb73f0/element/f.235FCD1364076D6A73922A794F076A12.d.E8D573EDCC50C3045ECF2BF210686E16.e.1144/click - {}
RESULT: {}
COMMAND: GET /session/eff11a38432addacb0c117e731bb73f0/screenshot - {}
RESULT: {}
COMMAND: POST /session/eff11a38432addacb0c117e731bb73f0/element - {"using":"xpath","value":"//table[contains(@id, \"massStateChangeTable-listUl\")]/tbody/tr[1]/td[11]/div/div/div/div[2]/span"}
RESULT: {"using":"xpath","value":"//table[contains(@id, \"massStateChangeTable-listUl\")]/tbody/tr[1]/td[11]/div/div/div/div[2]/span"}
COMMAND: POST /session/eff11a38432addacb0c117e731bb73f0/element/f.235FCD1364076D6A73922A794F076A12.d.E8D573EDCC50C3045ECF2BF210686E16.e.1144/click - {}
RESULT: {}
COMMAND: GET /session/eff11a38432addacb0c117e731bb73f0/screenshot - {}
RESULT: {}
COMMAND: POST /session/eff11a38432addacb0c117e731bb73f0/element - {"using":"xpath","value":"//table[contains(@id, \"massStateChangeTable-listUl\")]/tbody/tr[1]/td[11]/div/div/div/div[2]/span"}
RESULT: {"using":"xpath","value":"//table[contains(@id, \"massStateChangeTable-listUl\")]/tbody/tr[1]/td[11]/div/div/div/div[2]/span"}
COMMAND: POST /session/eff11a38432addacb0c117e731bb73f0/element/f.235FCD1364076D6A73922A794F076A12.d.E8D573EDCC50C3045ECF2BF210686E16.e.1144/click - {}
RESULT: {}
COMMAND: GET /session/eff11a38432addacb0c117e731bb73f0/screenshot - {}
RESULT: {}
COMMAND: POST /session/eff11a38432addacb0c117e731bb73f0/element - {"using":"xpath","value":"//table[contains(@id, \"massStateChangeTable-listUl\")]/tbody/tr[1]/td[11]/div/div/div/div[2]/span"}
RESULT: {"using":"xpath","value":"//table[contains(@id, \"massStateChangeTable-listUl\")]/tbody/tr[1]/td[11]/div/div/div/div[2]/span"}
COMMAND: POST /session/eff11a38432addacb0c117e731bb73f0/element/f.235FCD1364076D6A73922A794F076A12.d.E8D573EDCC50C3045ECF2BF210686E16.e.1144/click - {}
RESULT: {}
COMMAND: GET /session/eff11a38432addacb0c117e731bb73f0/screenshot - {}
RESULT: {}
COMMAND: POST /session/eff11a38432addacb0c117e731bb73f0/element - {"using":"xpath","value":"//table[contains(@id, \"massStateChangeTable-listUl\")]/tbody/tr[1]/td[11]/div/div/div/div[2]/span"}
RESULT: {"using":"xpath","value":"//table[contains(@id, \"massStateChangeTable-listUl\")]/tbody/tr[1]/td[11]/div/div/div/div[2]/span"}
COMMAND: POST /session/eff11a38432addacb0c117e731bb73f0/element/f.235FCD1364076D6A73922A794F076A12.d.E8D573EDCC50C3045ECF2BF210686E16.e.1144/click - {}
RESULT: {}
COMMAND: GET /session/eff11a38432addacb0c117e731bb73f0/screenshot - {}
RESULT: {}
COMMAND: POST /session/eff11a38432addacb0c117e731bb73f0/element - {"using":"xpath","value":"//table[contains(@id, \"massStateChangeTable-listUl\")]/tbody/tr[1]/td[11]/div/div/div/div[2]/span"}
RESULT: {"using":"xpath","value":"//table[contains(@id, \"massStateChangeTable-listUl\")]/tbody/tr[1]/td[11]/div/div/div/div[2]/span"}
COMMAND: POST /session/eff11a38432addacb0c117e731bb73f0/element/f.235FCD1364076D6A73922A794F076A12.d.E8D573EDCC50C3045ECF2BF210686E16.e.1144/click - {}
RESULT: {}
COMMAND: GET /session/eff11a38432addacb0c117e731bb73f0/screenshot - {}
RESULT: {}
COMMAND: POST /session/eff11a38432addacb0c117e731bb73f0/element - {"using":"xpath","value":"//table[contains(@id, \"massStateChangeTable-listUl\")]/tbody/tr[1]/td[11]/div/div/div/div[2]/span"}
RESULT: {"using":"xpath","value":"//table[contains(@id, \"massStateChangeTable-listUl\")]/tbody/tr[1]/td[11]/div/div/div/div[2]/span"}
COMMAND: POST /session/eff11a38432addacb0c117e731bb73f0/element/f.235FCD1364076D6A73922A794F076A12.d.E8D573EDCC50C3045ECF2BF210686E16.e.1144/click - {}
RESULT: {}
COMMAND: GET /session/eff11a38432addacb0c117e731bb73f0/screenshot - {}
RESULT: {}
COMMAND: POST /session/eff11a38432addacb0c117e731bb73f0/element - {"using":"xpath","value":"//table[contains(@id, \"massStateChangeTable-listUl\")]/tbody/tr[1]/td[11]/div/div/div/div[2]/span"}
RESULT: {"using":"xpath","value":"//table[contains(@id, \"massStateChangeTable-listUl\")]/tbody/tr[1]/td[11]/div/div/div/div[2]/span"}
COMMAND: POST /session/eff11a38432addacb0c117e731bb73f0/element/f.235FCD1364076D6A73922A794F076A12.d.E8D573EDCC50C3045ECF2BF210686E16.e.1144/click - {}
RESULT: {}
COMMAND: GET /session/eff11a38432addacb0c117e731bb73f0/screenshot - {}
RESULT: {}
COMMAND: POST /session/eff11a38432addacb0c117e731bb73f0/element - {"using":"xpath","value":"//table[contains(@id, \"massStateChangeTable-listUl\")]/tbody/tr[1]/td[11]/div/div/div/div[2]/span"}
RESULT: {"using":"xpath","value":"//table[contains(@id, \"massStateChangeTable-listUl\")]/tbody/tr[1]/td[11]/div/div/div/div[2]/span"}
COMMAND: POST /session/eff11a38432addacb0c117e731bb73f0/element/f.235FCD1364076D6A73922A794F076A12.d.E8D573EDCC50C3045ECF2BF210686E16.e.1144/click - {}
RESULT: {}
COMMAND: GET /session/eff11a38432addacb0c117e731bb73f0/screenshot - {}
RESULT: {}
COMMAND: POST /session/eff11a38432addacb0c117e731bb73f0/element - {"using":"xpath","value":"//table[contains(@id, \"massStateChangeTable-listUl\")]/tbody/tr[1]/td[11]/div/div/div/div[2]/span"}
RESULT: {"using":"xpath","value":"//table[contains(@id, \"massStateChangeTable-listUl\")]/tbody/tr[1]/td[11]/div/div/div/div[2]/span"}
COMMAND: POST /session/eff11a38432addacb0c117e731bb73f0/element/f.235FCD1364076D6A73922A794F076A12.d.E8D573EDCC50C3045ECF2BF210686E16.e.1144/click - {}
RESULT: {}
COMMAND: GET /session/eff11a38432addacb0c117e731bb73f0/screenshot - {}
RESULT: {}
COMMAND: POST /session/eff11a38432addacb0c117e731bb73f0/element - {"using":"xpath","value":"//table[contains(@id, \"massStateChangeTable-listUl\")]/tbody/tr[1]/td[11]/div/div/div/div[2]/span"}
RESULT: {"using":"xpath","value":"//table[contains(@id, \"massStateChangeTable-listUl\")]/tbody/tr[1]/td[11]/div/div/div/div[2]/span"}
COMMAND: POST /session/eff11a38432addacb0c117e731bb73f0/element/f.235FCD1364076D6A73922A794F076A12.d.E8D573EDCC50C3045ECF2BF210686E16.e.1144/click - {}
RESULT: {}
COMMAND: GET /session/eff11a38432addacb0c117e731bb73f0/screenshot - {}
RESULT: {}
COMMAND: POST /session/eff11a38432addacb0c117e731bb73f0/element - {"using":"xpath","value":"//table[contains(@id, \"massStateChangeTable-listUl\")]/tbody/tr[1]/td[11]/div/div/div/div[2]/span"}
RESULT: {"using":"xpath","value":"//table[contains(@id, \"massStateChangeTable-listUl\")]/tbody/tr[1]/td[11]/div/div/div/div[2]/span"}
COMMAND: POST /session/eff11a38432addacb0c117e731bb73f0/element/f.235FCD1364076D6A73922A794F076A12.d.E8D573EDCC50C3045ECF2BF210686E16.e.1144/click - {}
RESULT: {}
COMMAND: GET /session/eff11a38432addacb0c117e731bb73f0/screenshot - {}
RESULT: {}
COMMAND: POST /session/eff11a38432addacb0c117e731bb73f0/element - {"using":"xpath","value":"//table[contains(@id, \"massStateChangeTable-listUl\")]/tbody/tr[1]/td[11]/div/div/div/div[2]/span"}
RESULT: {"using":"xpath","value":"//table[contains(@id, \"massStateChangeTable-listUl\")]/tbody/tr[1]/td[11]/div/div/div/div[2]/span"}
COMMAND: POST /session/eff11a38432addacb0c117e731bb73f0/element/f.235FCD1364076D6A73922A794F076A12.d.E8D573EDCC50C3045ECF2BF210686E16.e.1144/click - {}
RESULT: {}
COMMAND: GET /session/eff11a38432addacb0c117e731bb73f0/screenshot - {}
RESULT: {}
COMMAND: POST /session/eff11a38432addacb0c117e731bb73f0/element - {"using":"xpath","value":"//table[contains(@id, \"massStateChangeTable-listUl\")]/tbody/tr[1]/td[11]/div/div/div/div[2]/span"}
RESULT: {"using":"xpath","value":"//table[contains(@id, \"massStateChangeTable-listUl\")]/tbody/tr[1]/td[11]/div/div/div/div[2]/span"}
COMMAND: POST /session/eff11a38432addacb0c117e731bb73f0/element/f.235FCD1364076D6A73922A794F076A12.d.E8D573EDCC50C3045ECF2BF210686E16.e.1144/click - {}
RESULT: {}
COMMAND: GET /session/eff11a38432addacb0c117e731bb73f0/screenshot - {}
RESULT: {}
COMMAND: POST /session/eff11a38432addacb0c117e731bb73f0/element - {"using":"xpath","value":"//table[contains(@id, \"massStateChangeTable-listUl\")]/tbody/tr[1]/td[11]/div/div/div/div[2]/span"}
RESULT: {"using":"xpath","value":"//table[contains(@id, \"massStateChangeTable-listUl\")]/tbody/tr[1]/td[11]/div/div/div/div[2]/span"}
COMMAND: POST /session/eff11a38432addacb0c117e731bb73f0/element/f.235FCD1364076D6A73922A794F076A12.d.E8D573EDCC50C3045ECF2BF210686E16.e.1144/click - {}
RESULT: {}
COMMAND: GET /session/eff11a38432addacb0c117e731bb73f0/screenshot - {}
RESULT: {}
COMMAND: POST /session/eff11a38432addacb0c117e731bb73f0/element - {"using":"xpath","value":"//table[contains(@id, \"massStateChangeTable-listUl\")]/tbody/tr[1]/td[11]/div/div/div/div[2]/span"}
RESULT: {"using":"xpath","value":"//table[contains(@id, \"massStateChangeTable-listUl\")]/tbody/tr[1]/td[11]/div/div/div/div[2]/span"}
COMMAND: POST /session/eff11a38432addacb0c117e731bb73f0/element/f.235FCD1364076D6A73922A794F076A12.d.E8D573EDCC50C3045ECF2BF210686E16.e.1144/click - {}
RESULT: {}
COMMAND: GET /session/eff11a38432addacb0c117e731bb73f0/screenshot - {}
RESULT: {}
COMMAND: POST /session/eff11a38432addacb0c117e731bb73f0/element - {"using":"xpath","value":"//table[contains(@id, \"massStateChangeTable-listUl\")]/tbody/tr[1]/td[11]/div/div/div/div[2]/span"}
RESULT: {"using":"xpath","value":"//table[contains(@id, \"massStateChangeTable-listUl\")]/tbody/tr[1]/td[11]/div/div/div/div[2]/span"}
COMMAND: POST /session/eff11a38432addacb0c117e731bb73f0/element/f.235FCD1364076D6A73922A794F076A12.d.E8D573EDCC50C3045ECF2BF210686E16.e.1144/click - {}
RESULT: {}
COMMAND: GET /session/eff11a38432addacb0c117e731bb73f0/screenshot - {}
RESULT: {}
COMMAND: POST /session/eff11a38432addacb0c117e731bb73f0/element - {"using":"xpath","value":"//table[contains(@id, \"massStateChangeTable-listUl\")]/tbody/tr[1]/td[11]/div/div/div/div[2]/span"}
RESULT: {"using":"xpath","value":"//table[contains(@id, \"massStateChangeTable-listUl\")]/tbody/tr[1]/td[11]/div/div/div/div[2]/span"}
COMMAND: POST /session/eff11a38432addacb0c117e731bb73f0/element/f.235FCD1364076D6A73922A794F076A12.d.E8D573EDCC50C3045ECF2BF210686E16.e.1144/click - {}
RESULT: {}
COMMAND: GET /session/eff11a38432addacb0c117e731bb73f0/screenshot - {}
RESULT: {}
COMMAND: POST /session/eff11a38432addacb0c117e731bb73f0/element - {"using":"xpath","value":"//table[contains(@id, \"massStateChangeTable-listUl\")]/tbody/tr[1]/td[11]/div/div/div/div[2]/span"}
RESULT: {"using":"xpath","value":"//table[contains(@id, \"massStateChangeTable-listUl\")]/tbody/tr[1]/td[11]/div/div/div/div[2]/span"}
COMMAND: POST /session/eff11a38432addacb0c117e731bb73f0/element/f.235FCD1364076D6A73922A794F076A12.d.E8D573EDCC50C3045ECF2BF210686E16.e.1144/click - {}
RESULT: {}
COMMAND: GET /session/eff11a38432addacb0c117e731bb73f0/screenshot - {}
RESULT: {}
COMMAND: POST /session/eff11a38432addacb0c117e731bb73f0/element - {"using":"xpath","value":"//table[contains(@id, \"massStateChangeTable-listUl\")]/tbody/tr[1]/td[11]/div/div/div/div[2]/span"}
RESULT: {"using":"xpath","value":"//table[contains(@id, \"massStateChangeTable-listUl\")]/tbody/tr[1]/td[11]/div/div/div/div[2]/span"}
COMMAND: POST /session/eff11a38432addacb0c117e731bb73f0/element/f.235FCD1364076D6A73922A794F076A12.d.E8D573EDCC50C3045ECF2BF210686E16.e.1144/click - {}
RESULT: {}
COMMAND: GET /session/eff11a38432addacb0c117e731bb73f0/screenshot - {}
RESULT: {}
COMMAND: POST /session/eff11a38432addacb0c117e731bb73f0/element - {"using":"xpath","value":"//table[contains(@id, \"massStateChangeTable-listUl\")]/tbody/tr[1]/td[11]/div/div/div/div[2]/span"}
RESULT: {"using":"xpath","value":"//table[contains(@id, \"massStateChangeTable-listUl\")]/tbody/tr[1]/td[11]/div/div/div/div[2]/span"}
COMMAND: POST /session/eff11a38432addacb0c117e731bb73f0/element/f.235FCD1364076D6A73922A794F076A12.d.E8D573EDCC50C3045ECF2BF210686E16.e.1144/click - {}
RESULT: {}
COMMAND: GET /session/eff11a38432addacb0c117e731bb73f0/screenshot - {}
RESULT: {}
COMMAND: POST /session/eff11a38432addacb0c117e731bb73f0/element - {"using":"xpath","value":"//table[contains(@id, \"massStateChangeTable-listUl\")]/tbody/tr[1]/td[11]/div/div/div/div[2]/span"}
RESULT: {"using":"xpath","value":"//table[contains(@id, \"massStateChangeTable-listUl\")]/tbody/tr[1]/td[11]/div/div/div/div[2]/span"}
COMMAND: POST /session/eff11a38432addacb0c117e731bb73f0/element/f.235FCD1364076D6A73922A794F076A12.d.E8D573EDCC50C3045ECF2BF210686E16.e.1144/click - {}
RESULT: {}
COMMAND: GET /session/eff11a38432addacb0c117e731bb73f0/screenshot - {}
RESULT: {}
COMMAND: POST /session/eff11a38432addacb0c117e731bb73f0/element - {"using":"xpath","value":"//table[contains(@id, \"massStateChangeTable-listUl\")]/tbody/tr[1]/td[11]/div/div/div/div[2]/span"}
RESULT: {"using":"xpath","value":"//table[contains(@id, \"massStateChangeTable-listUl\")]/tbody/tr[1]/td[11]/div/div/div/div[2]/span"}
COMMAND: POST /session/eff11a38432addacb0c117e731bb73f0/element/f.235FCD1364076D6A73922A794F076A12.d.E8D573EDCC50C3045ECF2BF210686E16.e.1144/click - {}
RESULT: {}
COMMAND: GET /session/eff11a38432addacb0c117e731bb73f0/screenshot - {}
RESULT: {}
COMMAND: POST /session/eff11a38432addacb0c117e731bb73f0/element - {"using":"xpath","value":"//table[contains(@id, \"massStateChangeTable-listUl\")]/tbody/tr[1]/td[11]/div/div/div/div[2]/span"}
RESULT: {"using":"xpath","value":"//table[contains(@id, \"massStateChangeTable-listUl\")]/tbody/tr[1]/td[11]/div/div/div/div[2]/span"}
COMMAND: POST /session/eff11a38432addacb0c117e731bb73f0/element/f.235FCD1364076D6A73922A794F076A12.d.E8D573EDCC50C3045ECF2BF210686E16.e.1144/click - {}
RESULT: {}
COMMAND: GET /session/eff11a38432addacb0c117e731bb73f0/screenshot - {}
RESULT: {}
COMMAND: POST /session/eff11a38432addacb0c117e731bb73f0/element - {"using":"xpath","value":"//table[contains(@id, \"massStateChangeTable-listUl\")]/tbody/tr[1]/td[11]/div/div/div/div[2]/span"}
RESULT: {"using":"xpath","value":"//table[contains(@id, \"massStateChangeTable-listUl\")]/tbody/tr[1]/td[11]/div/div/div/div[2]/span"}
COMMAND: POST /session/eff11a38432addacb0c117e731bb73f0/element/f.235FCD1364076D6A73922A794F076A12.d.E8D573EDCC50C3045ECF2BF210686E16.e.1144/click - {}
RESULT: {}
COMMAND: GET /session/eff11a38432addacb0c117e731bb73f0/screenshot - {}
RESULT: {}
COMMAND: POST /session/eff11a38432addacb0c117e731bb73f0/element - {"using":"xpath","value":"//table[contains(@id, \"massStateChangeTable-listUl\")]/tbody/tr[1]/td[11]/div/div/div/div[2]/span"}
RESULT: {"using":"xpath","value":"//table[contains(@id, \"massStateChangeTable-listUl\")]/tbody/tr[1]/td[11]/div/div/div/div[2]/span"}
COMMAND: POST /session/eff11a38432addacb0c117e731bb73f0/element/f.235FCD1364076D6A73922A794F076A12.d.E8D573EDCC50C3045ECF2BF210686E16.e.1144/click - {}
RESULT: {}
COMMAND: GET /session/eff11a38432addacb0c117e731bb73f0/screenshot - {}
RESULT: {}
COMMAND: POST /session/eff11a38432addacb0c117e731bb73f0/element - {"using":"xpath","value":"//table[contains(@id, \"massStateChangeTable-listUl\")]/tbody/tr[1]/td[11]/div/div/div/div[2]/span"}
RESULT: {"using":"xpath","value":"//table[contains(@id, \"massStateChangeTable-listUl\")]/tbody/tr[1]/td[11]/div/div/div/div[2]/span"}
COMMAND: POST /session/eff11a38432addacb0c117e731bb73f0/element/f.235FCD1364076D6A73922A794F076A12.d.E8D573EDCC50C3045ECF2BF210686E16.e.1144/click - {}
RESULT: {}
COMMAND: GET /session/eff11a38432addacb0c117e731bb73f0/screenshot - {}
RESULT: {}
COMMAND: POST /session/eff11a38432addacb0c117e731bb73f0/element - {"using":"xpath","value":"//table[contains(@id, \"massStateChangeTable-listUl\")]/tbody/tr[1]/td[11]/div/div/div/div[2]/span"}
RESULT: {"using":"xpath","value":"//table[contains(@id, \"massStateChangeTable-listUl\")]/tbody/tr[1]/td[11]/div/div/div/div[2]/span"}
COMMAND: POST /session/eff11a38432addacb0c117e731bb73f0/element/f.235FCD1364076D6A73922A794F076A12.d.E8D573EDCC50C3045ECF2BF210686E16.e.1144/click - {}
RESULT: {}
COMMAND: GET /session/eff11a38432addacb0c117e731bb73f0/screenshot - {}
RESULT: {}
COMMAND: POST /session/eff11a38432addacb0c117e731bb73f0/element - {"using":"xpath","value":"//table[contains(@id, \"massStateChangeTable-listUl\")]/tbody/tr[1]/td[11]/div/div/div/div[2]/span"}
RESULT: {"using":"xpath","value":"//table[contains(@id, \"massStateChangeTable-listUl\")]/tbody/tr[1]/td[11]/div/div/div/div[2]/span"}
COMMAND: POST /session/eff11a38432addacb0c117e731bb73f0/element/f.235FCD1364076D6A73922A794F076A12.d.E8D573EDCC50C3045ECF2BF210686E16.e.1144/click - {}
RESULT: {}
COMMAND: GET /session/eff11a38432addacb0c117e731bb73f0/screenshot - {}
RESULT: {}
COMMAND: POST /session/eff11a38432addacb0c117e731bb73f0/element - {"using":"xpath","value":"//table[contains(@id, \"massStateChangeTable-listUl\")]/tbody/tr[1]/td[11]/div/div/div/div[2]/span"}
RESULT: {"using":"xpath","value":"//table[contains(@id, \"massStateChangeTable-listUl\")]/tbody/tr[1]/td[11]/div/div/div/div[2]/span"}
COMMAND: POST /session/eff11a38432addacb0c117e731bb73f0/element/f.235FCD1364076D6A73922A794F076A12.d.E8D573EDCC50C3045ECF2BF210686E16.e.1144/click - {}
RESULT: {}
COMMAND: GET /session/eff11a38432addacb0c117e731bb73f0/screenshot - {}
RESULT: {}
COMMAND: POST /session/eff11a38432addacb0c117e731bb73f0/element - {"using":"xpath","value":"//table[contains(@id, \"massStateChangeTable-listUl\")]/tbody/tr[1]/td[11]/div/div/div/div[2]/span"}
RESULT: {"using":"xpath","value":"//table[contains(@id, \"massStateChangeTable-listUl\")]/tbody/tr[1]/td[11]/div/div/div/div[2]/span"}
COMMAND: POST /session/eff11a38432addacb0c117e731bb73f0/element/f.235FCD1364076D6A73922A794F076A12.d.E8D573EDCC50C3045ECF2BF210686E16.e.1144/click - {}
RESULT: {}
COMMAND: GET /session/eff11a38432addacb0c117e731bb73f0/screenshot - {}
RESULT: {}
COMMAND: POST /session/eff11a38432addacb0c117e731bb73f0/element - {"using":"xpath","value":"//table[contains(@id, \"massStateChangeTable-listUl\")]/tbody/tr[1]/td[11]/div/div/div/div[2]/span"}
RESULT: {"using":"xpath","value":"//table[contains(@id, \"massStateChangeTable-listUl\")]/tbody/tr[1]/td[11]/div/div/div/div[2]/span"}
COMMAND: POST /session/eff11a38432addacb0c117e731bb73f0/element/f.235FCD1364076D6A73922A794F076A12.d.E8D573EDCC50C3045ECF2BF210686E16.e.1144/click - {}
RESULT: {}
COMMAND: GET /session/eff11a38432addacb0c117e731bb73f0/screenshot - {}
RESULT: {}
COMMAND: POST /session/eff11a38432addacb0c117e731bb73f0/element - {"using":"xpath","value":"//table[contains(@id, \"massStateChangeTable-listUl\")]/tbody/tr[1]/td[11]/div/div/div/div[2]/span"}
RESULT: {"using":"xpath","value":"//table[contains(@id, \"massStateChangeTable-listUl\")]/tbody/tr[1]/td[11]/div/div/div/div[2]/span"}
COMMAND: POST /session/eff11a38432addacb0c117e731bb73f0/element/f.235FCD1364076D6A73922A794F076A12.d.E8D573EDCC50C3045ECF2BF210686E16.e.1144/click - {}
RESULT: {}
COMMAND: GET /session/eff11a38432addacb0c117e731bb73f0/screenshot - {}
RESULT: {}
COMMAND: POST /session/eff11a38432addacb0c117e731bb73f0/element - {"using":"xpath","value":"//table[contains(@id, \"massStateChangeTable-listUl\")]/tbody/tr[1]/td[11]/div/div/div/div[2]/span"}
RESULT: {"using":"xpath","value":"//table[contains(@id, \"massStateChangeTable-listUl\")]/tbody/tr[1]/td[11]/div/div/div/div[2]/span"}
COMMAND: POST /session/eff11a38432addacb0c117e731bb73f0/element/f.235FCD1364076D6A73922A794F076A12.d.E8D573EDCC50C3045ECF2BF210686E16.e.1144/click - {}
RESULT: {}
COMMAND: GET /session/eff11a38432addacb0c117e731bb73f0/screenshot - {}
RESULT: {}
COMMAND: POST /session/eff11a38432addacb0c117e731bb73f0/element - {"using":"xpath","value":"//table[contains(@id, \"massStateChangeTable-listUl\")]/tbody/tr[1]/td[11]/div/div/div/div[2]/span"}
RESULT: {"using":"xpath","value":"//table[contains(@id, \"massStateChangeTable-listUl\")]/tbody/tr[1]/td[11]/div/div/div/div[2]/span"}
COMMAND: POST /session/eff11a38432addacb0c117e731bb73f0/element/f.235FCD1364076D6A73922A794F076A12.d.E8D573EDCC50C3045ECF2BF210686E16.e.1144/click - {}
RESULT: {}
COMMAND: GET /session/eff11a38432addacb0c117e731bb73f0/screenshot - {}
RESULT: {}
COMMAND: POST /session/eff11a38432addacb0c117e731bb73f0/element - {"using":"xpath","value":"//table[contains(@id, \"massStateChangeTable-listUl\")]/tbody/tr[1]/td[11]/div/div/div/div[2]/span"}
RESULT: {"using":"xpath","value":"//table[contains(@id, \"massStateChangeTable-listUl\")]/tbody/tr[1]/td[11]/div/div/div/div[2]/span"}
COMMAND: POST /session/eff11a38432addacb0c117e731bb73f0/element/f.235FCD1364076D6A73922A794F076A12.d.E8D573EDCC50C3045ECF2BF210686E16.e.1144/click - {}
RESULT: {}
COMMAND: GET /session/eff11a38432addacb0c117e731bb73f0/screenshot - {}
RESULT: {}
COMMAND: POST /session/eff11a38432addacb0c117e731bb73f0/element - {"using":"xpath","value":"//table[contains(@id, \"massStateChangeTable-listUl\")]/tbody/tr[1]/td[11]/div/div/div/div[2]/span"}
RESULT: {"using":"xpath","value":"//table[contains(@id, \"massStateChangeTable-listUl\")]/tbody/tr[1]/td[11]/div/div/div/div[2]/span"}
COMMAND: POST /session/eff11a38432addacb0c117e731bb73f0/element/f.235FCD1364076D6A73922A794F076A12.d.E8D573EDCC50C3045ECF2BF210686E16.e.1144/click - {}
RESULT: {}
COMMAND: GET /session/eff11a38432addacb0c117e731bb73f0/screenshot - {}
RESULT: {}
COMMAND: POST /session/eff11a38432addacb0c117e731bb73f0/element - {"using":"xpath","value":"//table[contains(@id, \"massStateChangeTable-listUl\")]/tbody/tr[2]/td[11]/div/div/div/div[2]/span"}
RESULT: {"using":"xpath","value":"//table[contains(@id, \"massStateChangeTable-listUl\")]/tbody/tr[2]/td[11]/div/div/div/div[2]/span"}
COMMAND: POST /session/eff11a38432addacb0c117e731bb73f0/element/f.235FCD1364076D6A73922A794F076A12.d.E8D573EDCC50C3045ECF2BF210686E16.e.1145/click - {}
RESULT: {}
COMMAND: GET /session/eff11a38432addacb0c117e731bb73f0/screenshot - {}
RESULT: {}
COMMAND: POST /session/eff11a38432addacb0c117e731bb73f0/element - {"using":"xpath","value":"//table[contains(@id, \"massStateChangeTable-listUl\")]/tbody/tr[1]/td[11]/div/div/div/input"}
RESULT: {"using":"xpath","value":"//table[contains(@id, \"massStateChangeTable-listUl\")]/tbody/tr[1]/td[11]/div/div/div/input"}
COMMAND: GET /session/eff11a38432addacb0c117e731bb73f0/element/f.235FCD1364076D6A73922A794F076A12.d.E8D573EDCC50C3045ECF2BF210686E16.e.1124/property/value - {}
RESULT: {}
COMMAND: POST /session/eff11a38432addacb0c117e731bb73f0/element - {"using":"xpath","value":"//table[contains(@id, \"massStateChangeTable-listUl\")]/tbody/tr[2]/td[11]/div/div/div/input"}
COMMAND: GET /session/eff11a38432addacb0c117e731bb73f0/screenshot - {}
RESULT: {"using":"xpath","value":"//table[contains(@id, \"massStateChangeTable-listUl\")]/tbody/tr[2]/td[11]/div/div/div/input"}
COMMAND: GET /session/eff11a38432addacb0c117e731bb73f0/element/f.235FCD1364076D6A73922A794F076A12.d.E8D573EDCC50C3045ECF2BF210686E16.e.1128/property/value - {}
RESULT: {}
RESULT: {}
COMMAND: POST /session/eff11a38432addacb0c117e731bb73f0/element - {"using":"xpath","value":"(//bdi[contains(text(), \"OK\")])[1]"}
COMMAND: GET /session/eff11a38432addacb0c117e731bb73f0/screenshot - {}
RESULT: {"using":"xpath","value":"(//bdi[contains(text(), \"OK\")])[1]"}
COMMAND: POST /session/eff11a38432addacb0c117e731bb73f0/element/f.235FCD1364076D6A73922A794F076A12.d.E8D573EDCC50C3045ECF2BF210686E16.e.1131/click - {}
RESULT: {}
RESULT: {}
COMMAND: GET /session/eff11a38432addacb0c117e731bb73f0/screenshot - {}
RESULT: {}
COMMAND: POST /session/eff11a38432addacb0c117e731bb73f0/element - {"using":"xpath","value":"(//bdi[contains(text(), \"OK\")])[2]"}
RESULT: {"using":"xpath","value":"(//bdi[contains(text(), \"OK\")])[2]"}
COMMAND: POST /session/eff11a38432addacb0c117e731bb73f0/element/f.235FCD1364076D6A73922A794F076A12.d.E8D573EDCC50C3045ECF2BF210686E16.e.1148/click - {}
RESULT: {}
COMMAND: GET /session/eff11a38432addacb0c117e731bb73f0/screenshot - {}
RESULT: {}
RESULT: undefined
COMMAND: POST /session/eff11a38432addacb0c117e731bb73f0/execute/async - {"script":"<script> [776 bytes]","args":[{"enterText":"600002","selector":{"id":"application-ruinventorylist-display-component---Master--smartFilterBar-btnBasicSearch","interaction":{"idSuffix":"I"}},"clearTextFirst":true,"interactionType":"ENTER_TEXT"}]}
RESULT: {"script":"<script> [776 bytes]","args":[{"enterText":"600002","selector":{"id":"application-ruinventorylist-display-component---Master--smartFilterBar-btnBasicSearch","interaction":{"idSuffix":"I"}},"clearTextFirst":true,"interactionType":"ENTER_TEXT"}]}
COMMAND: POST /session/eff11a38432addacb0c117e731bb73f0/actions - {"actions":[{"id":"action5","type":"key","parameters":{},"actions":[{"type":"keyDown","value":"î€‡"},{"type":"pause","duration":10},{"type":"keyUp","value":"î€‡"}]}]}
RESULT: {"actions":[{"id":"action5","type":"key","parameters":{},"actions":[{"type":"keyDown","value":"î€‡"},{"type":"pause","duration":10},{"type":"keyUp","value":"î€‡"}]}]}
COMMAND: GET /session/eff11a38432addacb0c117e731bb73f0/screenshot - {}
RESULT: {}
COMMAND: POST /session/eff11a38432addacb0c117e731bb73f0/element - {"using":"xpath","value":"//span[@id=\"application-ruinventorylist-display-component---Master--smartTableRuInventoryList-header-inner\"]"}
RESULT: {"using":"xpath","value":"//span[@id=\"application-ruinventorylist-display-component---Master--smartTableRuInventoryList-header-inner\"]"}
COMMAND: POST /session/eff11a38432addacb0c117e731bb73f0/elements - {"using":"xpath","value":"//span[@id=\"application-ruinventorylist-display-component---Master--smartTableRuInventoryList-header-inner\"]"}
RESULT: {"using":"xpath","value":"//span[@id=\"application-ruinventorylist-display-component---Master--smartTableRuInventoryList-header-inner\"]"}
COMMAND: POST /session/eff11a38432addacb0c117e731bb73f0/execute/sync - {"script":"<script> [56 bytes]","args":[{"element-6066-11e4-a52e-4f735466cecf":"f.235FCD1364076D6A73922A794F076A12.d.E8D573EDCC50C3045ECF2BF210686E16.e.844","ELEMENT":"f.235FCD1364076D6A73922A794F076A12.d.E8D573EDCC50C3045ECF2BF210686E16.e.844"}]}
RESULT: {"script":"<script> [56 bytes]","args":[{"element-6066-11e4-a52e-4f735466cecf":"f.235FCD1364076D6A73922A794F076A12.d.E8D573EDCC50C3045ECF2BF210686E16.e.844","ELEMENT":"f.235FCD1364076D6A73922A794F076A12.d.E8D573EDCC50C3045ECF2BF210686E16.e.844"}]}
COMMAND: POST /session/eff11a38432addacb0c117e731bb73f0/element - {"using":"xpath","value":"//table[contains(@id, \"application-ruinventorylist-display-component---Master--tableRuInventoryList-listUl\")]/tbody/tr[1]/td[6]/div/span"}
COMMAND: GET /session/eff11a38432addacb0c117e731bb73f0/screenshot - {}
RESULT: {"using":"xpath","value":"//table[contains(@id, \"application-ruinventorylist-display-component---Master--tableRuInventoryList-listUl\")]/tbody/tr[1]/td[6]/div/span"}
COMMAND: POST /session/eff11a38432addacb0c117e731bb73f0/execute/sync - {"script":"<script> [56 bytes]","args":[{"element-6066-11e4-a52e-4f735466cecf":"f.235FCD1364076D6A73922A794F076A12.d.E8D573EDCC50C3045ECF2BF210686E16.e.1168","ELEMENT":"f.235FCD1364076D6A73922A794F076A12.d.E8D573EDCC50C3045ECF2BF210686E16.e.1168"}]}
RESULT: {}
RESULT: {"script":"<script> [56 bytes]","args":[{"element-6066-11e4-a52e-4f735466cecf":"f.235FCD1364076D6A73922A794F076A12.d.E8D573EDCC50C3045ECF2BF210686E16.e.1168","ELEMENT":"f.235FCD1364076D6A73922A794F076A12.d.E8D573EDCC50C3045ECF2BF210686E16.e.1168"}]}
COMMAND: POST /session/eff11a38432addacb0c117e731bb73f0/element - {"using":"xpath","value":"//div[contains(@id, \"smartFilterBar-btnBasicSearch-reset\")]"}
COMMAND: GET /session/eff11a38432addacb0c117e731bb73f0/screenshot - {}
RESULT: {"using":"xpath","value":"//div[contains(@id, \"smartFilterBar-btnBasicSearch-reset\")]"}
COMMAND: POST /session/eff11a38432addacb0c117e731bb73f0/element/f.235FCD1364076D6A73922A794F076A12.d.E8D573EDCC50C3045ECF2BF210686E16.e.862/click - {}
RESULT: {}
RESULT: {}
COMMAND: GET /session/eff11a38432addacb0c117e731bb73f0/screenshot - {}
RESULT: {}
RESULT: undefined
COMMAND: POST /session/eff11a38432addacb0c117e731bb73f0/execute/async - {"script":"<script> [776 bytes]","args":[{"enterText":"401002","selector":{"id":"application-ruinventorylist-display-component---Master--smartFilterBar-btnBasicSearch","interaction":{"idSuffix":"I"}},"clearTextFirst":true,"interactionType":"ENTER_TEXT"}]}
RESULT: {"script":"<script> [776 bytes]","args":[{"enterText":"401002","selector":{"id":"application-ruinventorylist-display-component---Master--smartFilterBar-btnBasicSearch","interaction":{"idSuffix":"I"}},"clearTextFirst":true,"interactionType":"ENTER_TEXT"}]}
COMMAND: POST /session/eff11a38432addacb0c117e731bb73f0/actions - {"actions":[{"id":"action6","type":"key","parameters":{},"actions":[{"type":"keyDown","value":"î€‡"},{"type":"pause","duration":10},{"type":"keyUp","value":"î€‡"}]}]}
RESULT: {"actions":[{"id":"action6","type":"key","parameters":{},"actions":[{"type":"keyDown","value":"î€‡"},{"type":"pause","duration":10},{"type":"keyUp","value":"î€‡"}]}]}
COMMAND: GET /session/eff11a38432addacb0c117e731bb73f0/screenshot - {}
RESULT: {}
COMMAND: POST /session/eff11a38432addacb0c117e731bb73f0/element - {"using":"xpath","value":"//span[@id=\"application-ruinventorylist-display-component---Master--smartTableRuInventoryList-header-inner\"]"}
RESULT: {"using":"xpath","value":"//span[@id=\"application-ruinventorylist-display-component---Master--smartTableRuInventoryList-header-inner\"]"}
COMMAND: POST /session/eff11a38432addacb0c117e731bb73f0/elements - {"using":"xpath","value":"//span[@id=\"application-ruinventorylist-display-component---Master--smartTableRuInventoryList-header-inner\"]"}
RESULT: {"using":"xpath","value":"//span[@id=\"application-ruinventorylist-display-component---Master--smartTableRuInventoryList-header-inner\"]"}
COMMAND: POST /session/eff11a38432addacb0c117e731bb73f0/execute/sync - {"script":"<script> [56 bytes]","args":[{"element-6066-11e4-a52e-4f735466cecf":"f.235FCD1364076D6A73922A794F076A12.d.E8D573EDCC50C3045ECF2BF210686E16.e.844","ELEMENT":"f.235FCD1364076D6A73922A794F076A12.d.E8D573EDCC50C3045ECF2BF210686E16.e.844"}]}
RESULT: {"script":"<script> [56 bytes]","args":[{"element-6066-11e4-a52e-4f735466cecf":"f.235FCD1364076D6A73922A794F076A12.d.E8D573EDCC50C3045ECF2BF210686E16.e.844","ELEMENT":"f.235FCD1364076D6A73922A794F076A12.d.E8D573EDCC50C3045ECF2BF210686E16.e.844"}]}
COMMAND: POST /session/eff11a38432addacb0c117e731bb73f0/element - {"using":"xpath","value":"//table[contains(@id, \"application-ruinventorylist-display-component---Master--tableRuInventoryList-listUl\")]/tbody/tr[1]/td[6]/div/span"}
COMMAND: GET /session/eff11a38432addacb0c117e731bb73f0/screenshot - {}
RESULT: {"using":"xpath","value":"//table[contains(@id, \"application-ruinventorylist-display-component---Master--tableRuInventoryList-listUl\")]/tbody/tr[1]/td[6]/div/span"}
COMMAND: POST /session/eff11a38432addacb0c117e731bb73f0/execute/sync - {"script":"<script> [56 bytes]","args":[{"element-6066-11e4-a52e-4f735466cecf":"f.235FCD1364076D6A73922A794F076A12.d.E8D573EDCC50C3045ECF2BF210686E16.e.1244","ELEMENT":"f.235FCD1364076D6A73922A794F076A12.d.E8D573EDCC50C3045ECF2BF210686E16.e.1244"}]}
RESULT: {}
RESULT: {"script":"<script> [56 bytes]","args":[{"element-6066-11e4-a52e-4f735466cecf":"f.235FCD1364076D6A73922A794F076A12.d.E8D573EDCC50C3045ECF2BF210686E16.e.1244","ELEMENT":"f.235FCD1364076D6A73922A794F076A12.d.E8D573EDCC50C3045ECF2BF210686E16.e.1244"}]}
COMMAND: POST /session/eff11a38432addacb0c117e731bb73f0/element - {"using":"xpath","value":"//div[contains(@id, \"smartFilterBar-btnBasicSearch-reset\")]"}
COMMAND: GET /session/eff11a38432addacb0c117e731bb73f0/screenshot - {}
RESULT: {"using":"xpath","value":"//div[contains(@id, \"smartFilterBar-btnBasicSearch-reset\")]"}
COMMAND: POST /session/eff11a38432addacb0c117e731bb73f0/element/f.235FCD1364076D6A73922A794F076A12.d.E8D573EDCC50C3045ECF2BF210686E16.e.862/click - {}
RESULT: {}
RESULT: {}
COMMAND: GET /session/eff11a38432addacb0c117e731bb73f0/screenshot - {}
COMMAND: POST /session/eff11a38432addacb0c117e731bb73f0/element/f.235FCD1364076D6A73922A794F076A12.d.E8D573EDCC50C3045ECF2BF210686E16.e.300/click - {}
RESULT: {}
RESULT: {}
COMMAND: GET /session/eff11a38432addacb0c117e731bb73f0/screenshot - {}
RESULT: {}
RESULT: undefined
COMMAND: POST /session/eff11a38432addacb0c117e731bb73f0/execute/async - {"script":"<script> [776 bytes]","args":[{"enterText":"600002","selector":{"id":"application-ruinventorylist-display-component---Master--smartFilterBar-btnBasicSearch","interaction":{"idSuffix":"I"}},"clearTextFirst":true,"interactionType":"ENTER_TEXT"}]}
RESULT: {"script":"<script> [776 bytes]","args":[{"enterText":"600002","selector":{"id":"application-ruinventorylist-display-component---Master--smartFilterBar-btnBasicSearch","interaction":{"idSuffix":"I"}},"clearTextFirst":true,"interactionType":"ENTER_TEXT"}]}
COMMAND: POST /session/eff11a38432addacb0c117e731bb73f0/actions - {"actions":[{"id":"action7","type":"key","parameters":{},"actions":[{"type":"keyDown","value":"î€‡"},{"type":"pause","duration":10},{"type":"keyUp","value":"î€‡"}]}]}
RESULT: {"actions":[{"id":"action7","type":"key","parameters":{},"actions":[{"type":"keyDown","value":"î€‡"},{"type":"pause","duration":10},{"type":"keyUp","value":"î€‡"}]}]}
COMMAND: GET /session/eff11a38432addacb0c117e731bb73f0/screenshot - {}
RESULT: {}
COMMAND: POST /session/eff11a38432addacb0c117e731bb73f0/element - {"using":"xpath","value":"//span[@id=\"application-ruinventorylist-display-component---Master--smartTableRuInventoryList-header-inner\"]"}
RESULT: {"using":"xpath","value":"//span[@id=\"application-ruinventorylist-display-component---Master--smartTableRuInventoryList-header-inner\"]"}
COMMAND: POST /session/eff11a38432addacb0c117e731bb73f0/elements - {"using":"xpath","value":"//span[@id=\"application-ruinventorylist-display-component---Master--smartTableRuInventoryList-header-inner\"]"}
RESULT: {"using":"xpath","value":"//span[@id=\"application-ruinventorylist-display-component---Master--smartTableRuInventoryList-header-inner\"]"}
COMMAND: POST /session/eff11a38432addacb0c117e731bb73f0/execute/sync - {"script":"<script> [56 bytes]","args":[{"element-6066-11e4-a52e-4f735466cecf":"f.235FCD1364076D6A73922A794F076A12.d.E8D573EDCC50C3045ECF2BF210686E16.e.844","ELEMENT":"f.235FCD1364076D6A73922A794F076A12.d.E8D573EDCC50C3045ECF2BF210686E16.e.844"}]}
RESULT: {"script":"<script> [56 bytes]","args":[{"element-6066-11e4-a52e-4f735466cecf":"f.235FCD1364076D6A73922A794F076A12.d.E8D573EDCC50C3045ECF2BF210686E16.e.844","ELEMENT":"f.235FCD1364076D6A73922A794F076A12.d.E8D573EDCC50C3045ECF2BF210686E16.e.844"}]}
COMMAND: POST /session/eff11a38432addacb0c117e731bb73f0/element - {"using":"xpath","value":"//table[contains(@id, \"application-ruinventorylist-display-component---Master--tableRuInventoryList-listUl\")]/tbody/tr[1]/td[2]/div/div"}
COMMAND: GET /session/eff11a38432addacb0c117e731bb73f0/screenshot - {}
RESULT: {"using":"xpath","value":"//table[contains(@id, \"application-ruinventorylist-display-component---Master--tableRuInventoryList-listUl\")]/tbody/tr[1]/td[2]/div/div"}
COMMAND: POST /session/eff11a38432addacb0c117e731bb73f0/element/f.235FCD1364076D6A73922A794F076A12.d.E8D573EDCC50C3045ECF2BF210686E16.e.1480/click - {}
RESULT: {}
RESULT: {}
COMMAND: GET /session/eff11a38432addacb0c117e731bb73f0/screenshot - {}
RESULT: {}
COMMAND: POST /session/eff11a38432addacb0c117e731bb73f0/element - {"using":"xpath","value":"//div[contains(@id, \"smartFilterBar-btnBasicSearch-reset\")]"}
RESULT: {"using":"xpath","value":"//div[contains(@id, \"smartFilterBar-btnBasicSearch-reset\")]"}
COMMAND: POST /session/eff11a38432addacb0c117e731bb73f0/element/f.235FCD1364076D6A73922A794F076A12.d.E8D573EDCC50C3045ECF2BF210686E16.e.862/click - {}
RESULT: {}
COMMAND: GET /session/eff11a38432addacb0c117e731bb73f0/screenshot - {}
RESULT: {}
RESULT: undefined
COMMAND: POST /session/eff11a38432addacb0c117e731bb73f0/execute/async - {"script":"<script> [776 bytes]","args":[{"enterText":"401002","selector":{"id":"application-ruinventorylist-display-component---Master--smartFilterBar-btnBasicSearch","interaction":{"idSuffix":"I"}},"clearTextFirst":true,"interactionType":"ENTER_TEXT"}]}
RESULT: {"script":"<script> [776 bytes]","args":[{"enterText":"401002","selector":{"id":"application-ruinventorylist-display-component---Master--smartFilterBar-btnBasicSearch","interaction":{"idSuffix":"I"}},"clearTextFirst":true,"interactionType":"ENTER_TEXT"}]}
COMMAND: POST /session/eff11a38432addacb0c117e731bb73f0/actions - {"actions":[{"id":"action8","type":"key","parameters":{},"actions":[{"type":"keyDown","value":"î€‡"},{"type":"pause","duration":10},{"type":"keyUp","value":"î€‡"}]}]}
RESULT: {"actions":[{"id":"action8","type":"key","parameters":{},"actions":[{"type":"keyDown","value":"î€‡"},{"type":"pause","duration":10},{"type":"keyUp","value":"î€‡"}]}]}
COMMAND: GET /session/eff11a38432addacb0c117e731bb73f0/screenshot - {}
RESULT: {}
COMMAND: POST /session/eff11a38432addacb0c117e731bb73f0/element - {"using":"xpath","value":"//span[@id=\"application-ruinventorylist-display-component---Master--smartTableRuInventoryList-header-inner\"]"}
RESULT: {"using":"xpath","value":"//span[@id=\"application-ruinventorylist-display-component---Master--smartTableRuInventoryList-header-inner\"]"}
COMMAND: POST /session/eff11a38432addacb0c117e731bb73f0/elements - {"using":"xpath","value":"//span[@id=\"application-ruinventorylist-display-component---Master--smartTableRuInventoryList-header-inner\"]"}
RESULT: {"using":"xpath","value":"//span[@id=\"application-ruinventorylist-display-component---Master--smartTableRuInventoryList-header-inner\"]"}
COMMAND: POST /session/eff11a38432addacb0c117e731bb73f0/execute/sync - {"script":"<script> [56 bytes]","args":[{"element-6066-11e4-a52e-4f735466cecf":"f.235FCD1364076D6A73922A794F076A12.d.E8D573EDCC50C3045ECF2BF210686E16.e.844","ELEMENT":"f.235FCD1364076D6A73922A794F076A12.d.E8D573EDCC50C3045ECF2BF210686E16.e.844"}]}
RESULT: {"script":"<script> [56 bytes]","args":[{"element-6066-11e4-a52e-4f735466cecf":"f.235FCD1364076D6A73922A794F076A12.d.E8D573EDCC50C3045ECF2BF210686E16.e.844","ELEMENT":"f.235FCD1364076D6A73922A794F076A12.d.E8D573EDCC50C3045ECF2BF210686E16.e.844"}]}
COMMAND: POST /session/eff11a38432addacb0c117e731bb73f0/element - {"using":"xpath","value":"//table[contains(@id, \"application-ruinventorylist-display-component---Master--tableRuInventoryList-listUl\")]/tbody/tr[1]/td[2]/div/div"}
COMMAND: GET /session/eff11a38432addacb0c117e731bb73f0/screenshot - {}
RESULT: {"using":"xpath","value":"//table[contains(@id, \"application-ruinventorylist-display-component---Master--tableRuInventoryList-listUl\")]/tbody/tr[1]/td[2]/div/div"}
COMMAND: POST /session/eff11a38432addacb0c117e731bb73f0/element/f.235FCD1364076D6A73922A794F076A12.d.E8D573EDCC50C3045ECF2BF210686E16.e.1613/click - {}
RESULT: {}
RESULT: {}
COMMAND: GET /session/eff11a38432addacb0c117e731bb73f0/screenshot - {}
RESULT: {}
COMMAND: POST /session/eff11a38432addacb0c117e731bb73f0/element - {"using":"xpath","value":"//div[contains(@id, \"smartFilterBar-btnBasicSearch-reset\")]"}
RESULT: {"using":"xpath","value":"//div[contains(@id, \"smartFilterBar-btnBasicSearch-reset\")]"}
COMMAND: POST /session/eff11a38432addacb0c117e731bb73f0/element/f.235FCD1364076D6A73922A794F076A12.d.E8D573EDCC50C3045ECF2BF210686E16.e.862/click - {}
RESULT: {}
COMMAND: GET /session/eff11a38432addacb0c117e731bb73f0/screenshot - {}
RESULT: {}
COMMAND: POST /session/eff11a38432addacb0c117e731bb73f0/element/f.235FCD1364076D6A73922A794F076A12.d.E8D573EDCC50C3045ECF2BF210686E16.e.300/click - {}
RESULT: {}
COMMAND: GET /session/eff11a38432addacb0c117e731bb73f0/screenshot - {}
RESULT: {}
RESULT: undefined
COMMAND: POST /session/eff11a38432addacb0c117e731bb73f0/element - {"using":"xpath","value":"//*[@id=\"application-ruinventorylist-display-component---Master--ruStateTypes-arrow\"]"}
RESULT: {"using":"xpath","value":"//*[@id=\"application-ruinventorylist-display-component---Master--ruStateTypes-arrow\"]"}
COMMAND: POST /session/eff11a38432addacb0c117e731bb73f0/element/f.235FCD1364076D6A73922A794F076A12.d.E8D573EDCC50C3045ECF2BF210686E16.e.1757/click - {}
RESULT: {}
COMMAND: GET /session/eff11a38432addacb0c117e731bb73f0/screenshot - {}
RESULT: {}
COMMAND: POST /session/eff11a38432addacb0c117e731bb73f0/element - {"using":"xpath","value":"//li[.//span[text()=\"available\"]]"}
RESULT: {"using":"xpath","value":"//li[.//span[text()=\"available\"]]"}
COMMAND: POST /session/eff11a38432addacb0c117e731bb73f0/element/f.235FCD1364076D6A73922A794F076A12.d.E8D573EDCC50C3045ECF2BF210686E16.e.1758/click - {}
RESULT: {}
COMMAND: GET /session/eff11a38432addacb0c117e731bb73f0/screenshot - {}
RESULT: {}
COMMAND: POST /session/eff11a38432addacb0c117e731bb73f0/element - {"using":"xpath","value":"(//bdi[contains(text(), \"OK\")])[1]"}
RESULT: {"using":"xpath","value":"(//bdi[contains(text(), \"OK\")])[1]"}
COMMAND: POST /session/eff11a38432addacb0c117e731bb73f0/element/f.235FCD1364076D6A73922A794F076A12.d.E8D573EDCC50C3045ECF2BF210686E16.e.1759/click - {}
RESULT: {}
COMMAND: GET /session/eff11a38432addacb0c117e731bb73f0/screenshot - {}
RESULT: {}
COMMAND: POST /session/eff11a38432addacb0c117e731bb73f0/element - {"using":"xpath","value":"(//bdi[contains(text(), \"OK\")])[2]"}
RESULT: {"using":"xpath","value":"(//bdi[contains(text(), \"OK\")])[2]"}
COMMAND: POST /session/eff11a38432addacb0c117e731bb73f0/element/f.235FCD1364076D6A73922A794F076A12.d.E8D573EDCC50C3045ECF2BF210686E16.e.1764/click - {}
RESULT: {}
COMMAND: GET /session/eff11a38432addacb0c117e731bb73f0/screenshot - {}
RESULT: {}
RESULT: undefined
COMMAND: POST /session/eff11a38432addacb0c117e731bb73f0/execute/async - {"script":"<script> [776 bytes]","args":[{"enterText":"600002","selector":{"id":"application-ruinventorylist-display-component---Master--smartFilterBar-btnBasicSearch","interaction":{"idSuffix":"I"}},"clearTextFirst":true,"interactionType":"ENTER_TEXT"}]}
RESULT: {"script":"<script> [776 bytes]","args":[{"enterText":"600002","selector":{"id":"application-ruinventorylist-display-component---Master--smartFilterBar-btnBasicSearch","interaction":{"idSuffix":"I"}},"clearTextFirst":true,"interactionType":"ENTER_TEXT"}]}
COMMAND: POST /session/eff11a38432addacb0c117e731bb73f0/actions - {"actions":[{"id":"action9","type":"key","parameters":{},"actions":[{"type":"keyDown","value":"î€‡"},{"type":"pause","duration":10},{"type":"keyUp","value":"î€‡"}]}]}
RESULT: {"actions":[{"id":"action9","type":"key","parameters":{},"actions":[{"type":"keyDown","value":"î€‡"},{"type":"pause","duration":10},{"type":"keyUp","value":"î€‡"}]}]}
COMMAND: GET /session/eff11a38432addacb0c117e731bb73f0/screenshot - {}
RESULT: {}
COMMAND: POST /session/eff11a38432addacb0c117e731bb73f0/element - {"using":"xpath","value":"//span[@id=\"application-ruinventorylist-display-component---Master--smartTableRuInventoryList-header-inner\"]"}
RESULT: {"using":"xpath","value":"//span[@id=\"application-ruinventorylist-display-component---Master--smartTableRuInventoryList-header-inner\"]"}
COMMAND: POST /session/eff11a38432addacb0c117e731bb73f0/elements - {"using":"xpath","value":"//span[@id=\"application-ruinventorylist-display-component---Master--smartTableRuInventoryList-header-inner\"]"}
RESULT: {"using":"xpath","value":"//span[@id=\"application-ruinventorylist-display-component---Master--smartTableRuInventoryList-header-inner\"]"}
COMMAND: POST /session/eff11a38432addacb0c117e731bb73f0/execute/sync - {"script":"<script> [56 bytes]","args":[{"element-6066-11e4-a52e-4f735466cecf":"f.235FCD1364076D6A73922A794F076A12.d.E8D573EDCC50C3045ECF2BF210686E16.e.844","ELEMENT":"f.235FCD1364076D6A73922A794F076A12.d.E8D573EDCC50C3045ECF2BF210686E16.e.844"}]}
RESULT: {"script":"<script> [56 bytes]","args":[{"element-6066-11e4-a52e-4f735466cecf":"f.235FCD1364076D6A73922A794F076A12.d.E8D573EDCC50C3045ECF2BF210686E16.e.844","ELEMENT":"f.235FCD1364076D6A73922A794F076A12.d.E8D573EDCC50C3045ECF2BF210686E16.e.844"}]}
COMMAND: POST /session/eff11a38432addacb0c117e731bb73f0/element - {"using":"xpath","value":"//table[contains(@id, \"application-ruinventorylist-display-component---Master--tableRuInventoryList-listUl\")]/tbody/tr[1]/td[6]/div/span"}
COMMAND: GET /session/eff11a38432addacb0c117e731bb73f0/screenshot - {}
RESULT: {"using":"xpath","value":"//table[contains(@id, \"application-ruinventorylist-display-component---Master--tableRuInventoryList-listUl\")]/tbody/tr[1]/td[6]/div/span"}
COMMAND: POST /session/eff11a38432addacb0c117e731bb73f0/execute/sync - {"script":"<script> [56 bytes]","args":[{"element-6066-11e4-a52e-4f735466cecf":"f.235FCD1364076D6A73922A794F076A12.d.E8D573EDCC50C3045ECF2BF210686E16.e.1783","ELEMENT":"f.235FCD1364076D6A73922A794F076A12.d.E8D573EDCC50C3045ECF2BF210686E16.e.1783"}]}
RESULT: {}
RESULT: {"script":"<script> [56 bytes]","args":[{"element-6066-11e4-a52e-4f735466cecf":"f.235FCD1364076D6A73922A794F076A12.d.E8D573EDCC50C3045ECF2BF210686E16.e.1783","ELEMENT":"f.235FCD1364076D6A73922A794F076A12.d.E8D573EDCC50C3045ECF2BF210686E16.e.1783"}]}
COMMAND: POST /session/eff11a38432addacb0c117e731bb73f0/element - {"using":"xpath","value":"//div[contains(@id, \"smartFilterBar-btnBasicSearch-reset\")]"}
COMMAND: GET /session/eff11a38432addacb0c117e731bb73f0/screenshot - {}
RESULT: {"using":"xpath","value":"//div[contains(@id, \"smartFilterBar-btnBasicSearch-reset\")]"}
COMMAND: POST /session/eff11a38432addacb0c117e731bb73f0/element/f.235FCD1364076D6A73922A794F076A12.d.E8D573EDCC50C3045ECF2BF210686E16.e.862/click - {}
RESULT: {}
RESULT: {}
COMMAND: GET /session/eff11a38432addacb0c117e731bb73f0/screenshot - {}
RESULT: {}
RESULT: undefined
COMMAND: POST /session/eff11a38432addacb0c117e731bb73f0/execute/async - {"script":"<script> [776 bytes]","args":[{"enterText":"401002","selector":{"id":"application-ruinventorylist-display-component---Master--smartFilterBar-btnBasicSearch","interaction":{"idSuffix":"I"}},"clearTextFirst":true,"interactionType":"ENTER_TEXT"}]}
RESULT: {"script":"<script> [776 bytes]","args":[{"enterText":"401002","selector":{"id":"application-ruinventorylist-display-component---Master--smartFilterBar-btnBasicSearch","interaction":{"idSuffix":"I"}},"clearTextFirst":true,"interactionType":"ENTER_TEXT"}]}
COMMAND: POST /session/eff11a38432addacb0c117e731bb73f0/actions - {"actions":[{"id":"action10","type":"key","parameters":{},"actions":[{"type":"keyDown","value":"î€‡"},{"type":"pause","duration":10},{"type":"keyUp","value":"î€‡"}]}]}
RESULT: {"actions":[{"id":"action10","type":"key","parameters":{},"actions":[{"type":"keyDown","value":"î€‡"},{"type":"pause","duration":10},{"type":"keyUp","value":"î€‡"}]}]}
COMMAND: GET /session/eff11a38432addacb0c117e731bb73f0/screenshot - {}
RESULT: {}
COMMAND: POST /session/eff11a38432addacb0c117e731bb73f0/element - {"using":"xpath","value":"//span[@id=\"application-ruinventorylist-display-component---Master--smartTableRuInventoryList-header-inner\"]"}
RESULT: {"using":"xpath","value":"//span[@id=\"application-ruinventorylist-display-component---Master--smartTableRuInventoryList-header-inner\"]"}
COMMAND: POST /session/eff11a38432addacb0c117e731bb73f0/elements - {"using":"xpath","value":"//span[@id=\"application-ruinventorylist-display-component---Master--smartTableRuInventoryList-header-inner\"]"}
RESULT: {"using":"xpath","value":"//span[@id=\"application-ruinventorylist-display-component---Master--smartTableRuInventoryList-header-inner\"]"}
COMMAND: POST /session/eff11a38432addacb0c117e731bb73f0/execute/sync - {"script":"<script> [56 bytes]","args":[{"element-6066-11e4-a52e-4f735466cecf":"f.235FCD1364076D6A73922A794F076A12.d.E8D573EDCC50C3045ECF2BF210686E16.e.844","ELEMENT":"f.235FCD1364076D6A73922A794F076A12.d.E8D573EDCC50C3045ECF2BF210686E16.e.844"}]}
RESULT: {"script":"<script> [56 bytes]","args":[{"element-6066-11e4-a52e-4f735466cecf":"f.235FCD1364076D6A73922A794F076A12.d.E8D573EDCC50C3045ECF2BF210686E16.e.844","ELEMENT":"f.235FCD1364076D6A73922A794F076A12.d.E8D573EDCC50C3045ECF2BF210686E16.e.844"}]}
COMMAND: POST /session/eff11a38432addacb0c117e731bb73f0/element - {"using":"xpath","value":"//table[contains(@id, \"application-ruinventorylist-display-component---Master--tableRuInventoryList-listUl\")]/tbody/tr[1]/td[6]/div/span"}
COMMAND: GET /session/eff11a38432addacb0c117e731bb73f0/screenshot - {}
RESULT: {"using":"xpath","value":"//table[contains(@id, \"application-ruinventorylist-display-component---Master--tableRuInventoryList-listUl\")]/tbody/tr[1]/td[6]/div/span"}
COMMAND: POST /session/eff11a38432addacb0c117e731bb73f0/execute/sync - {"script":"<script> [56 bytes]","args":[{"element-6066-11e4-a52e-4f735466cecf":"f.235FCD1364076D6A73922A794F076A12.d.E8D573EDCC50C3045ECF2BF210686E16.e.1857","ELEMENT":"f.235FCD1364076D6A73922A794F076A12.d.E8D573EDCC50C3045ECF2BF210686E16.e.1857"}]}
RESULT: {}
RESULT: {"script":"<script> [56 bytes]","args":[{"element-6066-11e4-a52e-4f735466cecf":"f.235FCD1364076D6A73922A794F076A12.d.E8D573EDCC50C3045ECF2BF210686E16.e.1857","ELEMENT":"f.235FCD1364076D6A73922A794F076A12.d.E8D573EDCC50C3045ECF2BF210686E16.e.1857"}]}
COMMAND: POST /session/eff11a38432addacb0c117e731bb73f0/element - {"using":"xpath","value":"//div[contains(@id, \"smartFilterBar-btnBasicSearch-reset\")]"}
COMMAND: GET /session/eff11a38432addacb0c117e731bb73f0/screenshot - {}
RESULT: {"using":"xpath","value":"//div[contains(@id, \"smartFilterBar-btnBasicSearch-reset\")]"}
COMMAND: POST /session/eff11a38432addacb0c117e731bb73f0/element/f.235FCD1364076D6A73922A794F076A12.d.E8D573EDCC50C3045ECF2BF210686E16.e.862/click - {}
RESULT: {}
RESULT: {}
COMMAND: GET /session/eff11a38432addacb0c117e731bb73f0/screenshot - {}
RESULT: {}
COMMAND: POST /session/eff11a38432addacb0c117e731bb73f0/element - {"using":"css selector","value":"#shell-header-logo"}
RESULT: {"using":"css selector","value":"#shell-header-logo"}
COMMAND: POST /session/eff11a38432addacb0c117e731bb73f0/element/f.235FCD1364076D6A73922A794F076A12.d.E8D573EDCC50C3045ECF2BF210686E16.e.268/click - {}
RESULT: {}
COMMAND: GET /session/eff11a38432addacb0c117e731bb73f0/screenshot - {}
RESULT: {}
]]></system-out>
    </testcase>
    <testcase classname="chrome.137_0_7151_69.windows.RU_Inventory_Mass_State_Change_Multiple_Items_US151066" name="Prerequisite Step 2 Should create a new equipment" time="158.665">
      <system-out><![CDATA[
COMMAND: POST /session/eff11a38432addacb0c117e731bb73f0/execute/async - {"script":"<script> [1562 bytes]","args":[{"selector":{"controlType":"sap.m.GenericTile","properties":{"header":"Manage Resources"}},"wdio_ui5_key":"sapm.GenericTile{\"header\":\"Manage Resources\"}"}]}
RESULT: {"script":"<script> [1562 bytes]","args":[{"selector":{"controlType":"sap.m.GenericTile","properties":{"header":"Manage Resources"}},"wdio_ui5_key":"sapm.GenericTile{\"header\":\"Manage Resources\"}"}]}
RESULT: undefined
COMMAND: POST /session/eff11a38432addacb0c117e731bb73f0/element - {"using":"xpath","value":"//*[@id=\"__tile40\"]"}
RESULT: {"using":"xpath","value":"//*[@id=\"__tile40\"]"}
COMMAND: POST /session/eff11a38432addacb0c117e731bb73f0/element/f.235FCD1364076D6A73922A794F076A12.d.E8D573EDCC50C3045ECF2BF210686E16.e.158/click - {}
RESULT: {}
COMMAND: GET /session/eff11a38432addacb0c117e731bb73f0/screenshot - {}
RESULT: {}
COMMAND: POST /session/eff11a38432addacb0c117e731bb73f0/elements - {"using":"xpath","value":"//span[text()='Error']"}
RESULT: {"using":"xpath","value":"//span[text()='Error']"}
COMMAND: POST /session/eff11a38432addacb0c117e731bb73f0/element - {"using":"xpath","value":"//button[@data-kt=\"addNewRUOverflowToolbarButton\"]"}
RESULT: {"using":"xpath","value":"//button[@data-kt=\"addNewRUOverflowToolbarButton\"]"}
COMMAND: POST /session/eff11a38432addacb0c117e731bb73f0/elements - {"using":"xpath","value":"//button[@data-kt=\"addNewRUOverflowToolbarButton\"]"}
RESULT: {"using":"xpath","value":"//button[@data-kt=\"addNewRUOverflowToolbarButton\"]"}
COMMAND: POST /session/eff11a38432addacb0c117e731bb73f0/elements - {"using":"xpath","value":"//button[@data-kt=\"addNewRUOverflowToolbarButton\"]"}
RESULT: {"using":"xpath","value":"//button[@data-kt=\"addNewRUOverflowToolbarButton\"]"}
COMMAND: POST /session/eff11a38432addacb0c117e731bb73f0/elements - {"using":"xpath","value":"//button[@data-kt=\"addNewRUOverflowToolbarButton\"]"}
RESULT: {"using":"xpath","value":"//button[@data-kt=\"addNewRUOverflowToolbarButton\"]"}
COMMAND: POST /session/eff11a38432addacb0c117e731bb73f0/elements - {"using":"xpath","value":"//button[@data-kt=\"addNewRUOverflowToolbarButton\"]"}
RESULT: {"using":"xpath","value":"//button[@data-kt=\"addNewRUOverflowToolbarButton\"]"}
COMMAND: POST /session/eff11a38432addacb0c117e731bb73f0/element - {"using":"xpath","value":"//button[@data-kt=\"addNewRUOverflowToolbarButton\"]"}
RESULT: {"using":"xpath","value":"//button[@data-kt=\"addNewRUOverflowToolbarButton\"]"}
COMMAND: POST /session/eff11a38432addacb0c117e731bb73f0/execute/sync - {"script":"<script> [8489 bytes]","args":[{"element-6066-11e4-a52e-4f735466cecf":"f.235FCD1364076D6A73922A794F076A12.d.E8D573EDCC50C3045ECF2BF210686E16.e.1966","ELEMENT":"f.235FCD1364076D6A73922A794F076A12.d.E8D573EDCC50C3045ECF2BF210686E16.e.1966"}]}
RESULT: {"script":"<script> [8489 bytes]","args":[{"element-6066-11e4-a52e-4f735466cecf":"f.235FCD1364076D6A73922A794F076A12.d.E8D573EDCC50C3045ECF2BF210686E16.e.1966","ELEMENT":"f.235FCD1364076D6A73922A794F076A12.d.E8D573EDCC50C3045ECF2BF210686E16.e.1966"}]}
COMMAND: GET /session/eff11a38432addacb0c117e731bb73f0/element/f.235FCD1364076D6A73922A794F076A12.d.E8D573EDCC50C3045ECF2BF210686E16.e.1966/enabled - {}
COMMAND: GET /session/eff11a38432addacb0c117e731bb73f0/screenshot - {}
RESULT: {}
COMMAND: POST /session/eff11a38432addacb0c117e731bb73f0/execute/sync - {"script":"<script> [8489 bytes]","args":[{"element-6066-11e4-a52e-4f735466cecf":"f.235FCD1364076D6A73922A794F076A12.d.E8D573EDCC50C3045ECF2BF210686E16.e.1966","ELEMENT":"f.235FCD1364076D6A73922A794F076A12.d.E8D573EDCC50C3045ECF2BF210686E16.e.1966"}]}
COMMAND: GET /session/eff11a38432addacb0c117e731bb73f0/screenshot - {}
RESULT: {}
RESULT: {"script":"<script> [8489 bytes]","args":[{"element-6066-11e4-a52e-4f735466cecf":"f.235FCD1364076D6A73922A794F076A12.d.E8D573EDCC50C3045ECF2BF210686E16.e.1966","ELEMENT":"f.235FCD1364076D6A73922A794F076A12.d.E8D573EDCC50C3045ECF2BF210686E16.e.1966"}]}
COMMAND: POST /session/eff11a38432addacb0c117e731bb73f0/execute/sync - {"script":"<script> [5351 bytes]","args":[{"element-6066-11e4-a52e-4f735466cecf":"f.235FCD1364076D6A73922A794F076A12.d.E8D573EDCC50C3045ECF2BF210686E16.e.1966","ELEMENT":"f.235FCD1364076D6A73922A794F076A12.d.E8D573EDCC50C3045ECF2BF210686E16.e.1966"}]}
COMMAND: GET /session/eff11a38432addacb0c117e731bb73f0/screenshot - {}
RESULT: {}
RESULT: {"script":"<script> [5351 bytes]","args":[{"element-6066-11e4-a52e-4f735466cecf":"f.235FCD1364076D6A73922A794F076A12.d.E8D573EDCC50C3045ECF2BF210686E16.e.1966","ELEMENT":"f.235FCD1364076D6A73922A794F076A12.d.E8D573EDCC50C3045ECF2BF210686E16.e.1966"}]}
COMMAND: POST /session/eff11a38432addacb0c117e731bb73f0/element/f.235FCD1364076D6A73922A794F076A12.d.E8D573EDCC50C3045ECF2BF210686E16.e.1966/click - {}
COMMAND: GET /session/eff11a38432addacb0c117e731bb73f0/screenshot - {}
RESULT: {}
RESULT: {}
COMMAND: GET /session/eff11a38432addacb0c117e731bb73f0/screenshot - {}
COMMAND: POST /session/eff11a38432addacb0c117e731bb73f0/execute/async - {"script":"<script> [1562 bytes]","args":[{"selector":{"id":"application-manageresources-display-component---newResourceUnit--TYPE-arrow"},"wdio_ui5_key":"applicationmanageresources-display-component---newResourceUnit--TYPE-arrow"}]}
RESULT: {}
RESULT: {}
RESULT: {"script":"<script> [1562 bytes]","args":[{"selector":{"id":"application-manageresources-display-component---newResourceUnit--TYPE-arrow"},"wdio_ui5_key":"applicationmanageresources-display-component---newResourceUnit--TYPE-arrow"}]}
RESULT: undefined
COMMAND: POST /session/eff11a38432addacb0c117e731bb73f0/element - {"using":"xpath","value":"//*[@id=\"application-manageresources-display-component---newResourceUnit--TYPE-arrow\"]"}
RESULT: {"using":"xpath","value":"//*[@id=\"application-manageresources-display-component---newResourceUnit--TYPE-arrow\"]"}
COMMAND: POST /session/eff11a38432addacb0c117e731bb73f0/element/f.235FCD1364076D6A73922A794F076A12.d.E8D573EDCC50C3045ECF2BF210686E16.e.2311/click - {}
RESULT: {}
COMMAND: POST /session/eff11a38432addacb0c117e731bb73f0/element - {"using":"xpath","value":"//input[@id=\"application-manageresources-display-component---newResourceUnit--TYPE-inner\"]"}
COMMAND: GET /session/eff11a38432addacb0c117e731bb73f0/screenshot - {}
RESULT: {"using":"xpath","value":"//input[@id=\"application-manageresources-display-component---newResourceUnit--TYPE-inner\"]"}
COMMAND: POST /session/eff11a38432addacb0c117e731bb73f0/element/f.235FCD1364076D6A73922A794F076A12.d.E8D573EDCC50C3045ECF2BF210686E16.e.2307/clear - {}
RESULT: {}
RESULT: {}
COMMAND: POST /session/eff11a38432addacb0c117e731bb73f0/element/f.235FCD1364076D6A73922A794F076A12.d.E8D573EDCC50C3045ECF2BF210686E16.e.2307/value - {"text":"Equipment"}
COMMAND: GET /session/eff11a38432addacb0c117e731bb73f0/screenshot - {}
RESULT: {"text":"Equipment"}
COMMAND: GET /session/eff11a38432addacb0c117e731bb73f0/screenshot - {}
RESULT: {}
RESULT: {}
COMMAND: POST /session/eff11a38432addacb0c117e731bb73f0/actions - {"actions":[{"id":"action11","type":"key","parameters":{},"actions":[{"type":"keyDown","value":"î€‡"},{"type":"pause","duration":10},{"type":"keyUp","value":"î€‡"}]}]}
RESULT: {"actions":[{"id":"action11","type":"key","parameters":{},"actions":[{"type":"keyDown","value":"î€‡"},{"type":"pause","duration":10},{"type":"keyUp","value":"î€‡"}]}]}
COMMAND: POST /session/eff11a38432addacb0c117e731bb73f0/execute/async - {"script":"<script> [1562 bytes]","args":[{"selector":{"id":"application-manageresources-display-component---newResourceUnit--resourceId","interaction":{"idSuffix":"inner"}},"wdio_ui5_key":"applicationmanageresources-display-component---newResourceUnit--resourceId"}]}
COMMAND: GET /session/eff11a38432addacb0c117e731bb73f0/screenshot - {}
RESULT: {"script":"<script> [1562 bytes]","args":[{"selector":{"id":"application-manageresources-display-component---newResourceUnit--resourceId","interaction":{"idSuffix":"inner"}},"wdio_ui5_key":"applicationmanageresources-display-component---newResourceUnit--resourceId"}]}
RESULT: undefined
COMMAND: POST /session/eff11a38432addacb0c117e731bb73f0/execute/async - {"script":"<script> [776 bytes]","args":[{"enterText":"SQxqfmtRTf","selector":{"id":"application-manageresources-display-component---newResourceUnit--resourceId","interaction":{"idSuffix":"inner"}},"clearTextFirst":true,"interactionType":"ENTER_TEXT"}]}
RESULT: {}
RESULT: {"script":"<script> [776 bytes]","args":[{"enterText":"SQxqfmtRTf","selector":{"id":"application-manageresources-display-component---newResourceUnit--resourceId","interaction":{"idSuffix":"inner"}},"clearTextFirst":true,"interactionType":"ENTER_TEXT"}]}
COMMAND: POST /session/eff11a38432addacb0c117e731bb73f0/execute/async - {"script":"<script> [1562 bytes]","args":[{"selector":{"id":"application-manageresources-display-component---newResourceUnit--SHORT_TEXT","interaction":{"idSuffix":"inner"}},"wdio_ui5_key":"applicationmanageresources-display-component---newResourceUnit--SHORT_TEXT"}]}
RESULT: {"script":"<script> [1562 bytes]","args":[{"selector":{"id":"application-manageresources-display-component---newResourceUnit--SHORT_TEXT","interaction":{"idSuffix":"inner"}},"wdio_ui5_key":"applicationmanageresources-display-component---newResourceUnit--SHORT_TEXT"}]}
RESULT: undefined
COMMAND: POST /session/eff11a38432addacb0c117e731bb73f0/execute/async - {"script":"<script> [776 bytes]","args":[{"enterText":"Intercompany Equipment WDIO","selector":{"id":"application-manageresources-display-component---newResourceUnit--SHORT_TEXT","interaction":{"idSuffix":"inner"}},"clearTextFirst":true,"interactionType":"ENTER_TEXT"}]}
RESULT: {"script":"<script> [776 bytes]","args":[{"enterText":"Intercompany Equipment WDIO","selector":{"id":"application-manageresources-display-component---newResourceUnit--SHORT_TEXT","interaction":{"idSuffix":"inner"}},"clearTextFirst":true,"interactionType":"ENTER_TEXT"}]}
COMMAND: POST /session/eff11a38432addacb0c117e731bb73f0/execute/async - {"script":"<script> [1562 bytes]","args":[{"selector":{"id":"application-manageresources-display-component---newResourceUnit--BASE_UNIT_OF_MEASURE","interaction":{"idSuffix":"inner"}},"wdio_ui5_key":"applicationmanageresources-display-component---newResourceUnit--BASE_UNIT_OF_MEASURE"}]}
RESULT: {"script":"<script> [1562 bytes]","args":[{"selector":{"id":"application-manageresources-display-component---newResourceUnit--BASE_UNIT_OF_MEASURE","interaction":{"idSuffix":"inner"}},"wdio_ui5_key":"applicationmanageresources-display-component---newResourceUnit--BASE_UNIT_OF_MEASURE"}]}
RESULT: undefined
COMMAND: POST /session/eff11a38432addacb0c117e731bb73f0/execute/async - {"script":"<script> [776 bytes]","args":[{"enterText":"Piece","selector":{"id":"application-manageresources-display-component---newResourceUnit--BASE_UNIT_OF_MEASURE","interaction":{"idSuffix":"inner"}},"clearTextFirst":true,"interactionType":"ENTER_TEXT"}]}
RESULT: {"script":"<script> [776 bytes]","args":[{"enterText":"Piece","selector":{"id":"application-manageresources-display-component---newResourceUnit--BASE_UNIT_OF_MEASURE","interaction":{"idSuffix":"inner"}},"clearTextFirst":true,"interactionType":"ENTER_TEXT"}]}
COMMAND: POST /session/eff11a38432addacb0c117e731bb73f0/execute/async - {"script":"<script> [1562 bytes]","args":[{"selector":{"id":"application-manageresources-display-component---newResourceUnit--WEIGHT_UNIT","interaction":{"idSuffix":"inner"}},"wdio_ui5_key":"applicationmanageresources-display-component---newResourceUnit--WEIGHT_UNIT"}]}
RESULT: {"script":"<script> [1562 bytes]","args":[{"selector":{"id":"application-manageresources-display-component---newResourceUnit--WEIGHT_UNIT","interaction":{"idSuffix":"inner"}},"wdio_ui5_key":"applicationmanageresources-display-component---newResourceUnit--WEIGHT_UNIT"}]}
RESULT: undefined
COMMAND: POST /session/eff11a38432addacb0c117e731bb73f0/execute/async - {"script":"<script> [776 bytes]","args":[{"enterText":"Gram","selector":{"id":"application-manageresources-display-component---newResourceUnit--WEIGHT_UNIT","interaction":{"idSuffix":"inner"}},"clearTextFirst":true,"interactionType":"ENTER_TEXT"}]}
RESULT: {"script":"<script> [776 bytes]","args":[{"enterText":"Gram","selector":{"id":"application-manageresources-display-component---newResourceUnit--WEIGHT_UNIT","interaction":{"idSuffix":"inner"}},"clearTextFirst":true,"interactionType":"ENTER_TEXT"}]}
COMMAND: POST /session/eff11a38432addacb0c117e731bb73f0/execute/async - {"script":"<script> [1562 bytes]","args":[{"selector":{"id":"application-manageresources-display-component---newResourceUnit--DIMENSION_UNIT","interaction":{"idSuffix":"inner"}},"wdio_ui5_key":"applicationmanageresources-display-component---newResourceUnit--DIMENSION_UNIT"}]}
RESULT: {"script":"<script> [1562 bytes]","args":[{"selector":{"id":"application-manageresources-display-component---newResourceUnit--DIMENSION_UNIT","interaction":{"idSuffix":"inner"}},"wdio_ui5_key":"applicationmanageresources-display-component---newResourceUnit--DIMENSION_UNIT"}]}
RESULT: undefined
COMMAND: POST /session/eff11a38432addacb0c117e731bb73f0/execute/async - {"script":"<script> [776 bytes]","args":[{"enterText":"Meter","selector":{"id":"application-manageresources-display-component---newResourceUnit--DIMENSION_UNIT","interaction":{"idSuffix":"inner"}},"clearTextFirst":true,"interactionType":"ENTER_TEXT"}]}
RESULT: {"script":"<script> [776 bytes]","args":[{"enterText":"Meter","selector":{"id":"application-manageresources-display-component---newResourceUnit--DIMENSION_UNIT","interaction":{"idSuffix":"inner"}},"clearTextFirst":true,"interactionType":"ENTER_TEXT"}]}
COMMAND: POST /session/eff11a38432addacb0c117e731bb73f0/execute/async - {"script":"<script> [1562 bytes]","args":[{"selector":{"id":"application-manageresources-display-component---newResourceUnit--newRRUPage-anchBar-application-manageresources-display-component---newResourceUnit--control-anchor","interaction":{"idSuffix":"BDI-content"}},"wdio_ui5_key":"applicationmanageresources-display-component---newResourceUnit--newRRUPage-anchBar-application-manageresources-display-component---newResourceUnit--control-anchor"}]}
RESULT: {"script":"<script> [1562 bytes]","args":[{"selector":{"id":"application-manageresources-display-component---newResourceUnit--newRRUPage-anchBar-application-manageresources-display-component---newResourceUnit--control-anchor","interaction":{"idSuffix":"BDI-content"}},"wdio_ui5_key":"applicationmanageresources-display-component---newResourceUnit--newRRUPage-anchBar-application-manageresources-display-component---newResourceUnit--control-anchor"}]}
RESULT: undefined
COMMAND: POST /session/eff11a38432addacb0c117e731bb73f0/element - {"using":"xpath","value":"//*[@id=\"application-manageresources-display-component---newResourceUnit--newRRUPage-anchBar-application-manageresources-display-component---newResourceUnit--control-anchor\"]"}
RESULT: {"using":"xpath","value":"//*[@id=\"application-manageresources-display-component---newResourceUnit--newRRUPage-anchBar-application-manageresources-display-component---newResourceUnit--control-anchor\"]"}
COMMAND: POST /session/eff11a38432addacb0c117e731bb73f0/element/f.235FCD1364076D6A73922A794F076A12.d.E8D573EDCC50C3045ECF2BF210686E16.e.2470/click - {}
RESULT: {}
COMMAND: POST /session/eff11a38432addacb0c117e731bb73f0/execute/async - {"script":"<script> [1562 bytes]","args":[{"selector":{"id":"application-manageresources-display-component---newResourceUnit--PLANNING_GROUP","interaction":{"idSuffix":"inner"}},"wdio_ui5_key":"applicationmanageresources-display-component---newResourceUnit--PLANNING_GROUP"}]}
COMMAND: GET /session/eff11a38432addacb0c117e731bb73f0/screenshot - {}
RESULT: {"script":"<script> [1562 bytes]","args":[{"selector":{"id":"application-manageresources-display-component---newResourceUnit--PLANNING_GROUP","interaction":{"idSuffix":"inner"}},"wdio_ui5_key":"applicationmanageresources-display-component---newResourceUnit--PLANNING_GROUP"}]}
RESULT: undefined
COMMAND: POST /session/eff11a38432addacb0c117e731bb73f0/execute/async - {"script":"<script> [776 bytes]","args":[{"enterText":"Heavy Equi","selector":{"id":"application-manageresources-display-component---newResourceUnit--PLANNING_GROUP","interaction":{"idSuffix":"inner"}},"clearTextFirst":true,"interactionType":"ENTER_TEXT"}]}
RESULT: {}
RESULT: {"script":"<script> [776 bytes]","args":[{"enterText":"Heavy Equi","selector":{"id":"application-manageresources-display-component---newResourceUnit--PLANNING_GROUP","interaction":{"idSuffix":"inner"}},"clearTextFirst":true,"interactionType":"ENTER_TEXT"}]}
COMMAND: POST /session/eff11a38432addacb0c117e731bb73f0/execute/async - {"script":"<script> [1562 bytes]","args":[{"selector":{"id":"application-manageresources-display-component---newResourceUnit--ITEM_TYPE-arrow"},"wdio_ui5_key":"applicationmanageresources-display-component---newResourceUnit--ITEM_TYPE-arrow"}]}
RESULT: {"script":"<script> [1562 bytes]","args":[{"selector":{"id":"application-manageresources-display-component---newResourceUnit--ITEM_TYPE-arrow"},"wdio_ui5_key":"applicationmanageresources-display-component---newResourceUnit--ITEM_TYPE-arrow"}]}
RESULT: undefined
COMMAND: POST /session/eff11a38432addacb0c117e731bb73f0/element - {"using":"xpath","value":"//*[@id=\"application-manageresources-display-component---newResourceUnit--ITEM_TYPE-arrow\"]"}
RESULT: {"using":"xpath","value":"//*[@id=\"application-manageresources-display-component---newResourceUnit--ITEM_TYPE-arrow\"]"}
COMMAND: POST /session/eff11a38432addacb0c117e731bb73f0/element/f.235FCD1364076D6A73922A794F076A12.d.E8D573EDCC50C3045ECF2BF210686E16.e.2479/click - {}
RESULT: {}
COMMAND: POST /session/eff11a38432addacb0c117e731bb73f0/element - {"using":"xpath","value":"//ul[contains(@id,\"ITEM_TYPE-popup-list-listUl\")]//li[.//span[contains(text(),\"Resource Unit\")]]"}
COMMAND: GET /session/eff11a38432addacb0c117e731bb73f0/screenshot - {}
RESULT: {"using":"xpath","value":"//ul[contains(@id,\"ITEM_TYPE-popup-list-listUl\")]//li[.//span[contains(text(),\"Resource Unit\")]]"}
COMMAND: POST /session/eff11a38432addacb0c117e731bb73f0/element/f.235FCD1364076D6A73922A794F076A12.d.E8D573EDCC50C3045ECF2BF210686E16.e.2480/click - {}
RESULT: {}
RESULT: {}
COMMAND: GET /session/eff11a38432addacb0c117e731bb73f0/screenshot - {}
RESULT: {}
COMMAND: POST /session/eff11a38432addacb0c117e731bb73f0/element - {"using":"css selector","value":"#application-manageresources-display-component---newResourceUnit--btnAddTimeSegment"}
RESULT: {"using":"css selector","value":"#application-manageresources-display-component---newResourceUnit--btnAddTimeSegment"}
COMMAND: GET /session/eff11a38432addacb0c117e731bb73f0/element/f.235FCD1364076D6A73922A794F076A12.d.E8D573EDCC50C3045ECF2BF210686E16.e.2488/rect - {}
RESULT: {}
COMMAND: GET /session/eff11a38432addacb0c117e731bb73f0/window/rect - {}
RESULT: {}
COMMAND: POST /session/eff11a38432addacb0c117e731bb73f0/execute/sync - {"script":"<script> [92 bytes]","args":[]}
RESULT: {"script":"<script> [92 bytes]","args":[]}
COMMAND: POST /session/eff11a38432addacb0c117e731bb73f0/actions - {"actions":[{"id":"action12","type":"wheel","parameters":{},"actions":[{"type":"scroll","x":-1888,"y":-32,"deltaX":0,"deltaY":0,"duration":0,"origin":{"element-6066-11e4-a52e-4f735466cecf":"f.235FCD1364076D6A73922A794F076A12.d.E8D573EDCC50C3045ECF2BF210686E16.e.2488"}}]}]}
COMMAND: GET /session/eff11a38432addacb0c117e731bb73f0/screenshot - {}
RESULT: {}
COMMAND: POST /session/eff11a38432addacb0c117e731bb73f0/execute/sync - {"script":"<script> [79 bytes]","args":[{"element-6066-11e4-a52e-4f735466cecf":"f.235FCD1364076D6A73922A794F076A12.d.E8D573EDCC50C3045ECF2BF210686E16.e.2488","ELEMENT":"f.235FCD1364076D6A73922A794F076A12.d.E8D573EDCC50C3045ECF2BF210686E16.e.2488"},{"block":"start","inline":"nearest"}]}
RESULT: {"script":"<script> [79 bytes]","args":[{"element-6066-11e4-a52e-4f735466cecf":"f.235FCD1364076D6A73922A794F076A12.d.E8D573EDCC50C3045ECF2BF210686E16.e.2488","ELEMENT":"f.235FCD1364076D6A73922A794F076A12.d.E8D573EDCC50C3045ECF2BF210686E16.e.2488"},{"block":"start","inline":"nearest"}]}
COMMAND: POST /session/eff11a38432addacb0c117e731bb73f0/execute/async - {"script":"<script> [1562 bytes]","args":[{"selector":{"id":"application-manageresources-display-component---newResourceUnit--btnAddTimeSegment","interaction":{"idSuffix":"inner"}},"wdio_ui5_key":"applicationmanageresources-display-component---newResourceUnit--btnAddTimeSegment"}]}
COMMAND: GET /session/eff11a38432addacb0c117e731bb73f0/screenshot - {}
RESULT: {"script":"<script> [1562 bytes]","args":[{"selector":{"id":"application-manageresources-display-component---newResourceUnit--btnAddTimeSegment","interaction":{"idSuffix":"inner"}},"wdio_ui5_key":"applicationmanageresources-display-component---newResourceUnit--btnAddTimeSegment"}]}
RESULT: undefined
COMMAND: POST /session/eff11a38432addacb0c117e731bb73f0/element - {"using":"xpath","value":"//*[@id=\"application-manageresources-display-component---newResourceUnit--btnAddTimeSegment\"]"}
RESULT: {}
RESULT: {"using":"xpath","value":"//*[@id=\"application-manageresources-display-component---newResourceUnit--btnAddTimeSegment\"]"}
COMMAND: POST /session/eff11a38432addacb0c117e731bb73f0/element/f.235FCD1364076D6A73922A794F076A12.d.E8D573EDCC50C3045ECF2BF210686E16.e.2488/click - {}
RESULT: {}
COMMAND: GET /session/eff11a38432addacb0c117e731bb73f0/screenshot - {}
RESULT: {}
COMMAND: POST /session/eff11a38432addacb0c117e731bb73f0/element - {"using":"xpath","value":"//input[@id=\"application-manageresources-display-component---newResourceUnit--idRuTSAdmin-application-manageresources-display-component---newResourceUnit--RUTimeSegment-0-inner\"]"}
RESULT: {"using":"xpath","value":"//input[@id=\"application-manageresources-display-component---newResourceUnit--idRuTSAdmin-application-manageresources-display-component---newResourceUnit--RUTimeSegment-0-inner\"]"}
COMMAND: POST /session/eff11a38432addacb0c117e731bb73f0/element/f.235FCD1364076D6A73922A794F076A12.d.E8D573EDCC50C3045ECF2BF210686E16.e.2494/clear - {}
RESULT: {}
COMMAND: POST /session/eff11a38432addacb0c117e731bb73f0/element/f.235FCD1364076D6A73922A794F076A12.d.E8D573EDCC50C3045ECF2BF210686E16.e.2494/value - {"text":"109"}
COMMAND: GET /session/eff11a38432addacb0c117e731bb73f0/screenshot - {}
RESULT: {"text":"109"}
COMMAND: GET /session/eff11a38432addacb0c117e731bb73f0/screenshot - {}
RESULT: {}
RESULT: {}
COMMAND: POST /session/eff11a38432addacb0c117e731bb73f0/element - {"using":"xpath","value":"//li[.//span[text()='109']]"}
RESULT: {"using":"xpath","value":"//li[.//span[text()='109']]"}
COMMAND: POST /session/eff11a38432addacb0c117e731bb73f0/element/f.235FCD1364076D6A73922A794F076A12.d.E8D573EDCC50C3045ECF2BF210686E16.e.2506/click - {}
RESULT: {}
COMMAND: GET /session/eff11a38432addacb0c117e731bb73f0/screenshot - {}
RESULT: {}
COMMAND: POST /session/eff11a38432addacb0c117e731bb73f0/element - {"using":"xpath","value":"(//span[contains(@id, \"-application-manageresources-display-component---newResourceUnit--RUTimeSegment-0-arrow\")])[6]"}
RESULT: {"using":"xpath","value":"(//span[contains(@id, \"-application-manageresources-display-component---newResourceUnit--RUTimeSegment-0-arrow\")])[6]"}
COMMAND: POST /session/eff11a38432addacb0c117e731bb73f0/element/f.235FCD1364076D6A73922A794F076A12.d.E8D573EDCC50C3045ECF2BF210686E16.e.2507/click - {}
RESULT: {}
COMMAND: GET /session/eff11a38432addacb0c117e731bb73f0/screenshot - {}
RESULT: {}
COMMAND: POST /session/eff11a38432addacb0c117e731bb73f0/element - {"using":"xpath","value":"//span[contains(text(), \"PM Order\")]"}
RESULT: {"using":"xpath","value":"//span[contains(text(), \"PM Order\")]"}
COMMAND: POST /session/eff11a38432addacb0c117e731bb73f0/element/f.235FCD1364076D6A73922A794F076A12.d.E8D573EDCC50C3045ECF2BF210686E16.e.2510/click - {}
RESULT: {}
COMMAND: GET /session/eff11a38432addacb0c117e731bb73f0/screenshot - {}
RESULT: {}
COMMAND: POST /session/eff11a38432addacb0c117e731bb73f0/element - {"using":"xpath","value":"(//span[contains(@id ,\"manageresources-display-component---newResourceUnit--RUTimeSegment-0-vhi\")])[1]"}
RESULT: {"using":"xpath","value":"(//span[contains(@id ,\"manageresources-display-component---newResourceUnit--RUTimeSegment-0-vhi\")])[1]"}
COMMAND: GET /session/eff11a38432addacb0c117e731bb73f0/element/f.235FCD1364076D6A73922A794F076A12.d.E8D573EDCC50C3045ECF2BF210686E16.e.2514/rect - {}
RESULT: {}
COMMAND: GET /session/eff11a38432addacb0c117e731bb73f0/window/rect - {}
RESULT: {}
COMMAND: POST /session/eff11a38432addacb0c117e731bb73f0/execute/sync - {"script":"<script> [92 bytes]","args":[]}
RESULT: {"script":"<script> [92 bytes]","args":[]}
COMMAND: POST /session/eff11a38432addacb0c117e731bb73f0/actions - {"actions":[{"id":"action13","type":"wheel","parameters":{},"actions":[{"type":"scroll","x":-869,"y":-24,"deltaX":0,"deltaY":0,"duration":0,"origin":{"element-6066-11e4-a52e-4f735466cecf":"f.235FCD1364076D6A73922A794F076A12.d.E8D573EDCC50C3045ECF2BF210686E16.e.2514"}}]}]}
COMMAND: GET /session/eff11a38432addacb0c117e731bb73f0/screenshot - {}
RESULT: {"actions":[{"id":"action13","type":"wheel","parameters":{},"actions":[{"type":"scroll","x":-869,"y":-24,"deltaX":0,"deltaY":0,"duration":0,"origin":{"element-6066-11e4-a52e-4f735466cecf":"f.235FCD1364076D6A73922A794F076A12.d.E8D573EDCC50C3045ECF2BF210686E16.e.2514"}}]}]}
COMMAND: DELETE /session/eff11a38432addacb0c117e731bb73f0/actions - {}
COMMAND: GET /session/eff11a38432addacb0c117e731bb73f0/screenshot - {}
RESULT: {}
RESULT: {}
COMMAND: GET /session/eff11a38432addacb0c117e731bb73f0/screenshot - {}
RESULT: {}
RESULT: {}
COMMAND: POST /session/eff11a38432addacb0c117e731bb73f0/element/f.235FCD1364076D6A73922A794F076A12.d.E8D573EDCC50C3045ECF2BF210686E16.e.2514/click - {}
RESULT: {}
COMMAND: GET /session/eff11a38432addacb0c117e731bb73f0/screenshot - {}
RESULT: {}
COMMAND: POST /session/eff11a38432addacb0c117e731bb73f0/execute/async - {"script":"<script> [1562 bytes]","args":[{"selector":{"controlType":"sap.m.SearchField","properties":{"placeholder":"Search"},"searchOpenDialogs":true,"interaction":{"idSuffix":"I"}},"wdio_ui5_key":"sapm.SearchField{\"placeholder\":\"Search\"}"}]}
RESULT: {"script":"<script> [1562 bytes]","args":[{"selector":{"controlType":"sap.m.SearchField","properties":{"placeholder":"Search"},"searchOpenDialogs":true,"interaction":{"idSuffix":"I"}},"wdio_ui5_key":"sapm.SearchField{\"placeholder\":\"Search\"}"}]}
RESULT: undefined
COMMAND: POST /session/eff11a38432addacb0c117e731bb73f0/execute/async - {"script":"<script> [776 bytes]","args":[{"enterText":"4000360","selector":{"controlType":"sap.m.SearchField","properties":{"placeholder":"Search"},"searchOpenDialogs":true,"interaction":{"idSuffix":"I"}},"clearTextFirst":true,"interactionType":"ENTER_TEXT"}]}
RESULT: {"script":"<script> [776 bytes]","args":[{"enterText":"4000360","selector":{"controlType":"sap.m.SearchField","properties":{"placeholder":"Search"},"searchOpenDialogs":true,"interaction":{"idSuffix":"I"}},"clearTextFirst":true,"interactionType":"ENTER_TEXT"}]}
COMMAND: POST /session/eff11a38432addacb0c117e731bb73f0/actions - {"actions":[{"id":"action14","type":"key","parameters":{},"actions":[{"type":"keyDown","value":"î€‡"},{"type":"pause","duration":10},{"type":"keyUp","value":"î€‡"}]}]}
RESULT: {"actions":[{"id":"action14","type":"key","parameters":{},"actions":[{"type":"keyDown","value":"î€‡"},{"type":"pause","duration":10},{"type":"keyUp","value":"î€‡"}]}]}
COMMAND: GET /session/eff11a38432addacb0c117e731bb73f0/screenshot - {}
RESULT: {}
COMMAND: POST /session/eff11a38432addacb0c117e731bb73f0/element - {"using":"xpath","value":"//td/div/span[contains(text(), \"BGL Vehicles\")]"}
RESULT: {"using":"xpath","value":"//td/div/span[contains(text(), \"BGL Vehicles\")]"}
COMMAND: POST /session/eff11a38432addacb0c117e731bb73f0/element/f.235FCD1364076D6A73922A794F076A12.d.E8D573EDCC50C3045ECF2BF210686E16.e.2524/click - {}
RESULT: {}
COMMAND: GET /session/eff11a38432addacb0c117e731bb73f0/screenshot - {}
RESULT: {}
COMMAND: POST /session/eff11a38432addacb0c117e731bb73f0/element - {"using":"xpath","value":"//bdi[contains(text(), \"OK\")]"}
RESULT: {"using":"xpath","value":"//bdi[contains(text(), \"OK\")]"}
COMMAND: POST /session/eff11a38432addacb0c117e731bb73f0/element/f.235FCD1364076D6A73922A794F076A12.d.E8D573EDCC50C3045ECF2BF210686E16.e.2526/click - {}
RESULT: {}
COMMAND: GET /session/eff11a38432addacb0c117e731bb73f0/screenshot - {}
RESULT: {}
COMMAND: POST /session/eff11a38432addacb0c117e731bb73f0/execute/async - {"script":"<script> [1562 bytes]","args":[{"selector":{"id":"application-manageresources-display-component---newResourceUnit--newRRUPage-anchBar-application-manageresources-display-component---newResourceUnit--resource-anchor","interaction":{"idSuffix":"BDI-content"}},"wdio_ui5_key":"applicationmanageresources-display-component---newResourceUnit--newRRUPage-anchBar-application-manageresources-display-component---newResourceUnit--resource-anchor"}]}
RESULT: {"script":"<script> [1562 bytes]","args":[{"selector":{"id":"application-manageresources-display-component---newResourceUnit--newRRUPage-anchBar-application-manageresources-display-component---newResourceUnit--resource-anchor","interaction":{"idSuffix":"BDI-content"}},"wdio_ui5_key":"applicationmanageresources-display-component---newResourceUnit--newRRUPage-anchBar-application-manageresources-display-component---newResourceUnit--resource-anchor"}]}
RESULT: undefined
COMMAND: POST /session/eff11a38432addacb0c117e731bb73f0/element - {"using":"xpath","value":"//*[@id=\"application-manageresources-display-component---newResourceUnit--newRRUPage-anchBar-application-manageresources-display-component---newResourceUnit--resource-anchor\"]"}
RESULT: {"using":"xpath","value":"//*[@id=\"application-manageresources-display-component---newResourceUnit--newRRUPage-anchBar-application-manageresources-display-component---newResourceUnit--resource-anchor\"]"}
COMMAND: POST /session/eff11a38432addacb0c117e731bb73f0/element/f.235FCD1364076D6A73922A794F076A12.d.E8D573EDCC50C3045ECF2BF210686E16.e.2530/click - {}
RESULT: {}
COMMAND: POST /session/eff11a38432addacb0c117e731bb73f0/execute/async - {"script":"<script> [1562 bytes]","args":[{"selector":{"id":"application-manageresources-display-component---newResourceUnit--PLANNED_DELIVERY_DATE","interaction":{"idSuffix":"inner"}},"wdio_ui5_key":"applicationmanageresources-display-component---newResourceUnit--PLANNED_DELIVERY_DATE"}]}
COMMAND: GET /session/eff11a38432addacb0c117e731bb73f0/screenshot - {}
RESULT: {"script":"<script> [1562 bytes]","args":[{"selector":{"id":"application-manageresources-display-component---newResourceUnit--PLANNED_DELIVERY_DATE","interaction":{"idSuffix":"inner"}},"wdio_ui5_key":"applicationmanageresources-display-component---newResourceUnit--PLANNED_DELIVERY_DATE"}]}
RESULT: undefined
COMMAND: POST /session/eff11a38432addacb0c117e731bb73f0/execute/async - {"script":"<script> [6424 bytes]","args":[{"element-6066-11e4-a52e-4f735466cecf":"f.235FCD1364076D6A73922A794F076A12.d.E8D573EDCC50C3045ECF2BF210686E16.e.2369"},"setValue",["6/12/25"]]}
RESULT: {}
RESULT: {"script":"<script> [6424 bytes]","args":[{"element-6066-11e4-a52e-4f735466cecf":"f.235FCD1364076D6A73922A794F076A12.d.E8D573EDCC50C3045ECF2BF210686E16.e.2369"},"setValue",["6/12/25"]]}
COMMAND: POST /session/eff11a38432addacb0c117e731bb73f0/element - {"using":"xpath","value":"//label[contains(@class, 'sapMLabelRequired') and .//bdi[contains(text(), 'Planned Retirement')]]"}
RESULT: {"using":"xpath","value":"//label[contains(@class, 'sapMLabelRequired') and .//bdi[contains(text(), 'Planned Retirement')]]"}
COMMAND: POST /session/eff11a38432addacb0c117e731bb73f0/elements - {"using":"xpath","value":"//label[contains(@class, 'sapMLabelRequired') and .//bdi[contains(text(), 'Planned Retirement')]]"}
RESULT: {"using":"xpath","value":"//label[contains(@class, 'sapMLabelRequired') and .//bdi[contains(text(), 'Planned Retirement')]]"}
COMMAND: POST /session/eff11a38432addacb0c117e731bb73f0/element - {"using":"xpath","value":"//button[@data-kt=\"resourceUnitSaveButton\"]"}
RESULT: {"using":"xpath","value":"//button[@data-kt=\"resourceUnitSaveButton\"]"}
COMMAND: POST /session/eff11a38432addacb0c117e731bb73f0/element/f.235FCD1364076D6A73922A794F076A12.d.E8D573EDCC50C3045ECF2BF210686E16.e.2328/click - {}
RESULT: {}
COMMAND: GET /session/eff11a38432addacb0c117e731bb73f0/screenshot - {}
RESULT: {}
COMMAND: POST /session/eff11a38432addacb0c117e731bb73f0/element - {"using":"xpath","value":"//bdi[contains(text(), \"Close\")]"}
RESULT: {"using":"xpath","value":"//bdi[contains(text(), \"Close\")]"}
COMMAND: POST /session/eff11a38432addacb0c117e731bb73f0/element/f.235FCD1364076D6A73922A794F076A12.d.E8D573EDCC50C3045ECF2BF210686E16.e.2540/click - {}
RESULT: {}
COMMAND: GET /session/eff11a38432addacb0c117e731bb73f0/screenshot - {}
RESULT: {}
COMMAND: POST /session/eff11a38432addacb0c117e731bb73f0/element - {"using":"xpath","value":"(//button[contains(@id ,\"actionsToolbar-overflowButton\")])[1]"}
RESULT: {"using":"xpath","value":"(//button[contains(@id ,\"actionsToolbar-overflowButton\")])[1]"}
COMMAND: POST /session/eff11a38432addacb0c117e731bb73f0/element/f.235FCD1364076D6A73922A794F076A12.d.E8D573EDCC50C3045ECF2BF210686E16.e.2597/click - {}
RESULT: {}
COMMAND: GET /session/eff11a38432addacb0c117e731bb73f0/screenshot - {}
RESULT: {}
COMMAND: POST /session/eff11a38432addacb0c117e731bb73f0/element - {"using":"xpath","value":"//button[@data-kt=\"priceInfoButton\"]"}
RESULT: {"using":"xpath","value":"//button[@data-kt=\"priceInfoButton\"]"}
COMMAND: POST /session/eff11a38432addacb0c117e731bb73f0/element/f.235FCD1364076D6A73922A794F076A12.d.E8D573EDCC50C3045ECF2BF210686E16.e.2599/click - {}
RESULT: {}
COMMAND: GET /session/eff11a38432addacb0c117e731bb73f0/screenshot - {}
RESULT: {}
COMMAND: POST /session/eff11a38432addacb0c117e731bb73f0/element - {"using":"css selector","value":"#shell-header-logo"}
RESULT: {"using":"css selector","value":"#shell-header-logo"}
COMMAND: POST /session/eff11a38432addacb0c117e731bb73f0/element/f.235FCD1364076D6A73922A794F076A12.d.E8D573EDCC50C3045ECF2BF210686E16.e.1926/click - {}
RESULT: {}
COMMAND: GET /session/eff11a38432addacb0c117e731bb73f0/screenshot - {}
RESULT: {}
]]></system-out>
    </testcase>
    <testcase classname="chrome.137_0_7151_69.windows.RU_Inventory_Mass_State_Change_Multiple_Items_US151066" name="Prerequisite Step 2 Should create a new material" time="131.519">
      <system-out><![CDATA[
RESULT: undefined
COMMAND: POST /session/eff11a38432addacb0c117e731bb73f0/element - {"using":"xpath","value":"//*[@id=\"__tile40\"]"}
RESULT: {"using":"xpath","value":"//*[@id=\"__tile40\"]"}
COMMAND: POST /session/eff11a38432addacb0c117e731bb73f0/element/f.235FCD1364076D6A73922A794F076A12.d.E8D573EDCC50C3045ECF2BF210686E16.e.158/click - {}
RESULT: {}
COMMAND: GET /session/eff11a38432addacb0c117e731bb73f0/screenshot - {}
COMMAND: POST /session/eff11a38432addacb0c117e731bb73f0/elements - {"using":"xpath","value":"//span[text()='Error']"}
RESULT: {}
RESULT: {"using":"xpath","value":"//span[text()='Error']"}
COMMAND: POST /session/eff11a38432addacb0c117e731bb73f0/element - {"using":"xpath","value":"//button[@data-kt=\"addNewRUOverflowToolbarButton\"]"}
RESULT: {"using":"xpath","value":"//button[@data-kt=\"addNewRUOverflowToolbarButton\"]"}
COMMAND: POST /session/eff11a38432addacb0c117e731bb73f0/elements - {"using":"xpath","value":"//button[@data-kt=\"addNewRUOverflowToolbarButton\"]"}
RESULT: {"using":"xpath","value":"//button[@data-kt=\"addNewRUOverflowToolbarButton\"]"}
COMMAND: POST /session/eff11a38432addacb0c117e731bb73f0/execute/sync - {"script":"<script> [8489 bytes]","args":[{"element-6066-11e4-a52e-4f735466cecf":"f.235FCD1364076D6A73922A794F076A12.d.E8D573EDCC50C3045ECF2BF210686E16.e.2687","ELEMENT":"f.235FCD1364076D6A73922A794F076A12.d.E8D573EDCC50C3045ECF2BF210686E16.e.2687"}]}
RESULT: {"script":"<script> [8489 bytes]","args":[{"element-6066-11e4-a52e-4f735466cecf":"f.235FCD1364076D6A73922A794F076A12.d.E8D573EDCC50C3045ECF2BF210686E16.e.2687","ELEMENT":"f.235FCD1364076D6A73922A794F076A12.d.E8D573EDCC50C3045ECF2BF210686E16.e.2687"}]}
COMMAND: GET /session/eff11a38432addacb0c117e731bb73f0/element/f.235FCD1364076D6A73922A794F076A12.d.E8D573EDCC50C3045ECF2BF210686E16.e.2687/enabled - {}
COMMAND: GET /session/eff11a38432addacb0c117e731bb73f0/screenshot - {}
RESULT: {}
COMMAND: POST /session/eff11a38432addacb0c117e731bb73f0/execute/sync - {"script":"<script> [8489 bytes]","args":[{"element-6066-11e4-a52e-4f735466cecf":"f.235FCD1364076D6A73922A794F076A12.d.E8D573EDCC50C3045ECF2BF210686E16.e.2687","ELEMENT":"f.235FCD1364076D6A73922A794F076A12.d.E8D573EDCC50C3045ECF2BF210686E16.e.2687"}]}
COMMAND: GET /session/eff11a38432addacb0c117e731bb73f0/screenshot - {}
RESULT: {}
RESULT: {"script":"<script> [8489 bytes]","args":[{"element-6066-11e4-a52e-4f735466cecf":"f.235FCD1364076D6A73922A794F076A12.d.E8D573EDCC50C3045ECF2BF210686E16.e.2687","ELEMENT":"f.235FCD1364076D6A73922A794F076A12.d.E8D573EDCC50C3045ECF2BF210686E16.e.2687"}]}
COMMAND: POST /session/eff11a38432addacb0c117e731bb73f0/execute/sync - {"script":"<script> [5351 bytes]","args":[{"element-6066-11e4-a52e-4f735466cecf":"f.235FCD1364076D6A73922A794F076A12.d.E8D573EDCC50C3045ECF2BF210686E16.e.2687","ELEMENT":"f.235FCD1364076D6A73922A794F076A12.d.E8D573EDCC50C3045ECF2BF210686E16.e.2687"}]}
COMMAND: GET /session/eff11a38432addacb0c117e731bb73f0/screenshot - {}
RESULT: {}
RESULT: {"script":"<script> [5351 bytes]","args":[{"element-6066-11e4-a52e-4f735466cecf":"f.235FCD1364076D6A73922A794F076A12.d.E8D573EDCC50C3045ECF2BF210686E16.e.2687","ELEMENT":"f.235FCD1364076D6A73922A794F076A12.d.E8D573EDCC50C3045ECF2BF210686E16.e.2687"}]}
COMMAND: POST /session/eff11a38432addacb0c117e731bb73f0/element/f.235FCD1364076D6A73922A794F076A12.d.E8D573EDCC50C3045ECF2BF210686E16.e.2687/click - {}
COMMAND: GET /session/eff11a38432addacb0c117e731bb73f0/screenshot - {}
RESULT: {}
RESULT: {}
COMMAND: GET /session/eff11a38432addacb0c117e731bb73f0/screenshot - {}
RESULT: undefined
COMMAND: POST /session/eff11a38432addacb0c117e731bb73f0/element - {"using":"xpath","value":"//*[@id=\"application-manageresources-display-component---newResourceUnit--TYPE-arrow\"]"}
RESULT: {}
RESULT: {}
RESULT: {"using":"xpath","value":"//*[@id=\"application-manageresources-display-component---newResourceUnit--TYPE-arrow\"]"}
COMMAND: POST /session/eff11a38432addacb0c117e731bb73f0/element/f.235FCD1364076D6A73922A794F076A12.d.E8D573EDCC50C3045ECF2BF210686E16.e.3031/click - {}
RESULT: {}
COMMAND: POST /session/eff11a38432addacb0c117e731bb73f0/element - {"using":"xpath","value":"//input[@id=\"application-manageresources-display-component---newResourceUnit--TYPE-inner\"]"}
COMMAND: GET /session/eff11a38432addacb0c117e731bb73f0/screenshot - {}
RESULT: {"using":"xpath","value":"//input[@id=\"application-manageresources-display-component---newResourceUnit--TYPE-inner\"]"}
COMMAND: POST /session/eff11a38432addacb0c117e731bb73f0/element/f.235FCD1364076D6A73922A794F076A12.d.E8D573EDCC50C3045ECF2BF210686E16.e.3027/clear - {}
RESULT: {}
RESULT: {}
COMMAND: POST /session/eff11a38432addacb0c117e731bb73f0/element/f.235FCD1364076D6A73922A794F076A12.d.E8D573EDCC50C3045ECF2BF210686E16.e.3027/value - {"text":"Material"}
COMMAND: GET /session/eff11a38432addacb0c117e731bb73f0/screenshot - {}
RESULT: {"text":"Material"}
COMMAND: GET /session/eff11a38432addacb0c117e731bb73f0/screenshot - {}
RESULT: {}
RESULT: {}
COMMAND: POST /session/eff11a38432addacb0c117e731bb73f0/actions - {"actions":[{"id":"action15","type":"key","parameters":{},"actions":[{"type":"keyDown","value":"î€‡"},{"type":"pause","duration":10},{"type":"keyUp","value":"î€‡"}]}]}
RESULT: {"actions":[{"id":"action15","type":"key","parameters":{},"actions":[{"type":"keyDown","value":"î€‡"},{"type":"pause","duration":10},{"type":"keyUp","value":"î€‡"}]}]}
RESULT: undefined
COMMAND: POST /session/eff11a38432addacb0c117e731bb73f0/execute/async - {"script":"<script> [776 bytes]","args":[{"enterText":"Cement WDIO","selector":{"id":"application-manageresources-display-component---newResourceUnit--SHORT_TEXT","interaction":{"idSuffix":"inner"}},"clearTextFirst":true,"interactionType":"ENTER_TEXT"}]}
COMMAND: GET /session/eff11a38432addacb0c117e731bb73f0/screenshot - {}
RESULT: undefined
RESULT: undefined
RESULT: {"script":"<script> [776 bytes]","args":[{"enterText":"Cement WDIO","selector":{"id":"application-manageresources-display-component---newResourceUnit--SHORT_TEXT","interaction":{"idSuffix":"inner"}},"clearTextFirst":true,"interactionType":"ENTER_TEXT"}]}
RESULT: undefined
COMMAND: POST /session/eff11a38432addacb0c117e731bb73f0/execute/async - {"script":"<script> [776 bytes]","args":[{"enterText":"Piece","selector":{"id":"application-manageresources-display-component---newResourceUnit--BASE_UNIT_OF_MEASURE","interaction":{"idSuffix":"inner"}},"clearTextFirst":true,"interactionType":"ENTER_TEXT"}]}
RESULT: {}
RESULT: {"script":"<script> [776 bytes]","args":[{"enterText":"Piece","selector":{"id":"application-manageresources-display-component---newResourceUnit--BASE_UNIT_OF_MEASURE","interaction":{"idSuffix":"inner"}},"clearTextFirst":true,"interactionType":"ENTER_TEXT"}]}
RESULT: undefined
COMMAND: POST /session/eff11a38432addacb0c117e731bb73f0/execute/async - {"script":"<script> [776 bytes]","args":[{"enterText":"Gram","selector":{"id":"application-manageresources-display-component---newResourceUnit--WEIGHT_UNIT","interaction":{"idSuffix":"inner"}},"clearTextFirst":true,"interactionType":"ENTER_TEXT"}]}
RESULT: {"script":"<script> [776 bytes]","args":[{"enterText":"Gram","selector":{"id":"application-manageresources-display-component---newResourceUnit--WEIGHT_UNIT","interaction":{"idSuffix":"inner"}},"clearTextFirst":true,"interactionType":"ENTER_TEXT"}]}
RESULT: undefined
COMMAND: POST /session/eff11a38432addacb0c117e731bb73f0/execute/async - {"script":"<script> [776 bytes]","args":[{"enterText":"Meter","selector":{"id":"application-manageresources-display-component---newResourceUnit--DIMENSION_UNIT","interaction":{"idSuffix":"inner"}},"clearTextFirst":true,"interactionType":"ENTER_TEXT"}]}
RESULT: {"script":"<script> [776 bytes]","args":[{"enterText":"Meter","selector":{"id":"application-manageresources-display-component---newResourceUnit--DIMENSION_UNIT","interaction":{"idSuffix":"inner"}},"clearTextFirst":true,"interactionType":"ENTER_TEXT"}]}
RESULT: undefined
COMMAND: POST /session/eff11a38432addacb0c117e731bb73f0/element - {"using":"xpath","value":"//*[@id=\"application-manageresources-display-component---newResourceUnit--newRRUPage-anchBar-application-manageresources-display-component---newResourceUnit--control-anchor\"]"}
RESULT: {"using":"xpath","value":"//*[@id=\"application-manageresources-display-component---newResourceUnit--newRRUPage-anchBar-application-manageresources-display-component---newResourceUnit--control-anchor\"]"}
COMMAND: POST /session/eff11a38432addacb0c117e731bb73f0/element/f.235FCD1364076D6A73922A794F076A12.d.E8D573EDCC50C3045ECF2BF210686E16.e.3157/click - {}
RESULT: {}
RESULT: undefined
COMMAND: POST /session/eff11a38432addacb0c117e731bb73f0/execute/async - {"script":"<script> [776 bytes]","args":[{"enterText":"Material","selector":{"id":"application-manageresources-display-component---newResourceUnit--PLANNING_GROUP","interaction":{"idSuffix":"inner"}},"clearTextFirst":true,"interactionType":"ENTER_TEXT"}]}
COMMAND: GET /session/eff11a38432addacb0c117e731bb73f0/screenshot - {}
RESULT: {"script":"<script> [776 bytes]","args":[{"enterText":"Material","selector":{"id":"application-manageresources-display-component---newResourceUnit--PLANNING_GROUP","interaction":{"idSuffix":"inner"}},"clearTextFirst":true,"interactionType":"ENTER_TEXT"}]}
RESULT: {}
COMMAND: POST /session/eff11a38432addacb0c117e731bb73f0/execute/async - {"script":"<script> [1562 bytes]","args":[{"selector":{"id":"application-manageresources-display-component---newResourceUnit--PLANNING_INDICATOR","interaction":{"idSuffix":"inner"}},"wdio_ui5_key":"applicationmanageresources-display-component---newResourceUnit--PLANNING_INDICATOR"}]}
RESULT: {"script":"<script> [1562 bytes]","args":[{"selector":{"id":"application-manageresources-display-component---newResourceUnit--PLANNING_INDICATOR","interaction":{"idSuffix":"inner"}},"wdio_ui5_key":"applicationmanageresources-display-component---newResourceUnit--PLANNING_INDICATOR"}]}
RESULT: undefined
COMMAND: POST /session/eff11a38432addacb0c117e731bb73f0/execute/async - {"script":"<script> [776 bytes]","args":[{"enterText":"10 - infinite","selector":{"id":"application-manageresources-display-component---newResourceUnit--PLANNING_INDICATOR","interaction":{"idSuffix":"inner"}},"clearTextFirst":true,"interactionType":"ENTER_TEXT"}]}
RESULT: {"script":"<script> [776 bytes]","args":[{"enterText":"10 - infinite","selector":{"id":"application-manageresources-display-component---newResourceUnit--PLANNING_INDICATOR","interaction":{"idSuffix":"inner"}},"clearTextFirst":true,"interactionType":"ENTER_TEXT"}]}
COMMAND: POST /session/eff11a38432addacb0c117e731bb73f0/element - {"using":"css selector","value":"#application-manageresources-display-component---newResourceUnit--btnAddTimeSegment"}
RESULT: {"using":"css selector","value":"#application-manageresources-display-component---newResourceUnit--btnAddTimeSegment"}
COMMAND: GET /session/eff11a38432addacb0c117e731bb73f0/element/f.235FCD1364076D6A73922A794F076A12.d.E8D573EDCC50C3045ECF2BF210686E16.e.3164/rect - {}
RESULT: {}
COMMAND: GET /session/eff11a38432addacb0c117e731bb73f0/window/rect - {}
RESULT: {}
COMMAND: POST /session/eff11a38432addacb0c117e731bb73f0/execute/sync - {"script":"<script> [92 bytes]","args":[]}
RESULT: {"script":"<script> [92 bytes]","args":[]}
COMMAND: POST /session/eff11a38432addacb0c117e731bb73f0/actions - {"actions":[{"id":"action16","type":"wheel","parameters":{},"actions":[{"type":"scroll","x":-1888,"y":-32,"deltaX":0,"deltaY":0,"duration":0,"origin":{"element-6066-11e4-a52e-4f735466cecf":"f.235FCD1364076D6A73922A794F076A12.d.E8D573EDCC50C3045ECF2BF210686E16.e.3164"}}]}]}
COMMAND: GET /session/eff11a38432addacb0c117e731bb73f0/screenshot - {}
RESULT: {}
COMMAND: POST /session/eff11a38432addacb0c117e731bb73f0/execute/sync - {"script":"<script> [79 bytes]","args":[{"element-6066-11e4-a52e-4f735466cecf":"f.235FCD1364076D6A73922A794F076A12.d.E8D573EDCC50C3045ECF2BF210686E16.e.3164","ELEMENT":"f.235FCD1364076D6A73922A794F076A12.d.E8D573EDCC50C3045ECF2BF210686E16.e.3164"},{"block":"start","inline":"nearest"}]}
RESULT: {"script":"<script> [79 bytes]","args":[{"element-6066-11e4-a52e-4f735466cecf":"f.235FCD1364076D6A73922A794F076A12.d.E8D573EDCC50C3045ECF2BF210686E16.e.3164","ELEMENT":"f.235FCD1364076D6A73922A794F076A12.d.E8D573EDCC50C3045ECF2BF210686E16.e.3164"},{"block":"start","inline":"nearest"}]}
RESULT: undefined
COMMAND: POST /session/eff11a38432addacb0c117e731bb73f0/element - {"using":"xpath","value":"//*[@id=\"application-manageresources-display-component---newResourceUnit--btnAddTimeSegment\"]"}
COMMAND: GET /session/eff11a38432addacb0c117e731bb73f0/screenshot - {}
RESULT: {"using":"xpath","value":"//*[@id=\"application-manageresources-display-component---newResourceUnit--btnAddTimeSegment\"]"}
COMMAND: POST /session/eff11a38432addacb0c117e731bb73f0/element/f.235FCD1364076D6A73922A794F076A12.d.E8D573EDCC50C3045ECF2BF210686E16.e.3164/click - {}
RESULT: {}
RESULT: {}
COMMAND: GET /session/eff11a38432addacb0c117e731bb73f0/screenshot - {}
RESULT: {}
COMMAND: POST /session/eff11a38432addacb0c117e731bb73f0/element - {"using":"xpath","value":"//input[@id=\"application-manageresources-display-component---newResourceUnit--idRuTSAdmin-application-manageresources-display-component---newResourceUnit--RUTimeSegment-0-inner\"]"}
RESULT: {"using":"xpath","value":"//input[@id=\"application-manageresources-display-component---newResourceUnit--idRuTSAdmin-application-manageresources-display-component---newResourceUnit--RUTimeSegment-0-inner\"]"}
COMMAND: POST /session/eff11a38432addacb0c117e731bb73f0/element/f.235FCD1364076D6A73922A794F076A12.d.E8D573EDCC50C3045ECF2BF210686E16.e.3168/clear - {}
RESULT: {}
COMMAND: POST /session/eff11a38432addacb0c117e731bb73f0/element/f.235FCD1364076D6A73922A794F076A12.d.E8D573EDCC50C3045ECF2BF210686E16.e.3168/value - {"text":"109"}
COMMAND: GET /session/eff11a38432addacb0c117e731bb73f0/screenshot - {}
RESULT: {"text":"109"}
COMMAND: GET /session/eff11a38432addacb0c117e731bb73f0/screenshot - {}
RESULT: {}
RESULT: {}
COMMAND: POST /session/eff11a38432addacb0c117e731bb73f0/element - {"using":"xpath","value":"//li[.//span[text()='109']]"}
RESULT: {"using":"xpath","value":"//li[.//span[text()='109']]"}
COMMAND: POST /session/eff11a38432addacb0c117e731bb73f0/element/f.235FCD1364076D6A73922A794F076A12.d.E8D573EDCC50C3045ECF2BF210686E16.e.3175/click - {}
RESULT: {}
COMMAND: GET /session/eff11a38432addacb0c117e731bb73f0/screenshot - {}
RESULT: {}
COMMAND: POST /session/eff11a38432addacb0c117e731bb73f0/element - {"using":"xpath","value":"(//span[contains(@id, \"-application-manageresources-display-component---newResourceUnit--RUTimeSegment-0-arrow\")])[2]"}
RESULT: {"using":"xpath","value":"(//span[contains(@id, \"-application-manageresources-display-component---newResourceUnit--RUTimeSegment-0-arrow\")])[2]"}
COMMAND: POST /session/eff11a38432addacb0c117e731bb73f0/element/f.235FCD1364076D6A73922A794F076A12.d.E8D573EDCC50C3045ECF2BF210686E16.e.3176/click - {}
RESULT: {}
COMMAND: POST /session/eff11a38432addacb0c117e731bb73f0/element - {"using":"xpath","value":"//span[contains(text(), \"PM Order\")]"}
COMMAND: GET /session/eff11a38432addacb0c117e731bb73f0/screenshot - {}
RESULT: {"using":"xpath","value":"//span[contains(text(), \"PM Order\")]"}
COMMAND: POST /session/eff11a38432addacb0c117e731bb73f0/element/f.235FCD1364076D6A73922A794F076A12.d.E8D573EDCC50C3045ECF2BF210686E16.e.3177/click - {}
RESULT: {}
RESULT: {}
COMMAND: GET /session/eff11a38432addacb0c117e731bb73f0/screenshot - {}
RESULT: {}
COMMAND: POST /session/eff11a38432addacb0c117e731bb73f0/element - {"using":"xpath","value":"//td/div/div/div/span[contains(@id, \"newResourceUnit--RUTimeSegment-0-vhi\")][1]"}
RESULT: {"using":"xpath","value":"//td/div/div/div/span[contains(@id, \"newResourceUnit--RUTimeSegment-0-vhi\")][1]"}
COMMAND: GET /session/eff11a38432addacb0c117e731bb73f0/element/f.235FCD1364076D6A73922A794F076A12.d.E8D573EDCC50C3045ECF2BF210686E16.e.3181/rect - {}
RESULT: {}
COMMAND: GET /session/eff11a38432addacb0c117e731bb73f0/window/rect - {}
RESULT: {}
COMMAND: POST /session/eff11a38432addacb0c117e731bb73f0/execute/sync - {"script":"<script> [92 bytes]","args":[]}
RESULT: {"script":"<script> [92 bytes]","args":[]}
COMMAND: POST /session/eff11a38432addacb0c117e731bb73f0/actions - {"actions":[{"id":"action17","type":"wheel","parameters":{},"actions":[{"type":"scroll","x":-1888,"y":-24,"deltaX":0,"deltaY":0,"duration":0,"origin":{"element-6066-11e4-a52e-4f735466cecf":"f.235FCD1364076D6A73922A794F076A12.d.E8D573EDCC50C3045ECF2BF210686E16.e.3181"}}]}]}
COMMAND: GET /session/eff11a38432addacb0c117e731bb73f0/screenshot - {}
RESULT: {}
COMMAND: POST /session/eff11a38432addacb0c117e731bb73f0/execute/sync - {"script":"<script> [79 bytes]","args":[{"element-6066-11e4-a52e-4f735466cecf":"f.235FCD1364076D6A73922A794F076A12.d.E8D573EDCC50C3045ECF2BF210686E16.e.3181","ELEMENT":"f.235FCD1364076D6A73922A794F076A12.d.E8D573EDCC50C3045ECF2BF210686E16.e.3181"},{"block":"start","inline":"nearest"}]}
RESULT: {"script":"<script> [79 bytes]","args":[{"element-6066-11e4-a52e-4f735466cecf":"f.235FCD1364076D6A73922A794F076A12.d.E8D573EDCC50C3045ECF2BF210686E16.e.3181","ELEMENT":"f.235FCD1364076D6A73922A794F076A12.d.E8D573EDCC50C3045ECF2BF210686E16.e.3181"},{"block":"start","inline":"nearest"}]}
COMMAND: GET /session/eff11a38432addacb0c117e731bb73f0/screenshot - {}
RESULT: {}
COMMAND: POST /session/eff11a38432addacb0c117e731bb73f0/element/f.235FCD1364076D6A73922A794F076A12.d.E8D573EDCC50C3045ECF2BF210686E16.e.3181/click - {}
RESULT: {}
COMMAND: GET /session/eff11a38432addacb0c117e731bb73f0/screenshot - {}
RESULT: {}
RESULT: undefined
COMMAND: POST /session/eff11a38432addacb0c117e731bb73f0/execute/async - {"script":"<script> [776 bytes]","args":[{"enterText":"4000360","selector":{"controlType":"sap.m.SearchField","properties":{"placeholder":"Search"},"searchOpenDialogs":true,"interaction":{"idSuffix":"I"}},"clearTextFirst":true,"interactionType":"ENTER_TEXT"}]}
RESULT: {"script":"<script> [776 bytes]","args":[{"enterText":"4000360","selector":{"controlType":"sap.m.SearchField","properties":{"placeholder":"Search"},"searchOpenDialogs":true,"interaction":{"idSuffix":"I"}},"clearTextFirst":true,"interactionType":"ENTER_TEXT"}]}
COMMAND: POST /session/eff11a38432addacb0c117e731bb73f0/actions - {"actions":[{"id":"action18","type":"key","parameters":{},"actions":[{"type":"keyDown","value":"î€‡"},{"type":"pause","duration":10},{"type":"keyUp","value":"î€‡"}]}]}
RESULT: {"actions":[{"id":"action18","type":"key","parameters":{},"actions":[{"type":"keyDown","value":"î€‡"},{"type":"pause","duration":10},{"type":"keyUp","value":"î€‡"}]}]}
COMMAND: GET /session/eff11a38432addacb0c117e731bb73f0/screenshot - {}
RESULT: {}
COMMAND: POST /session/eff11a38432addacb0c117e731bb73f0/element - {"using":"xpath","value":"//td/div/span[contains(text(), \"BGL Vehicles\")]"}
RESULT: {"using":"xpath","value":"//td/div/span[contains(text(), \"BGL Vehicles\")]"}
COMMAND: POST /session/eff11a38432addacb0c117e731bb73f0/element/f.235FCD1364076D6A73922A794F076A12.d.E8D573EDCC50C3045ECF2BF210686E16.e.3201/click - {}
RESULT: {}
COMMAND: GET /session/eff11a38432addacb0c117e731bb73f0/screenshot - {}
RESULT: {}
COMMAND: POST /session/eff11a38432addacb0c117e731bb73f0/element - {"using":"xpath","value":"//bdi[contains(text(), \"OK\")]"}
RESULT: {"using":"xpath","value":"//bdi[contains(text(), \"OK\")]"}
COMMAND: POST /session/eff11a38432addacb0c117e731bb73f0/element/f.235FCD1364076D6A73922A794F076A12.d.E8D573EDCC50C3045ECF2BF210686E16.e.3202/click - {}
RESULT: {}
COMMAND: GET /session/eff11a38432addacb0c117e731bb73f0/screenshot - {}
RESULT: {}
COMMAND: POST /session/eff11a38432addacb0c117e731bb73f0/element - {"using":"xpath","value":"//label[contains(@class, 'sapMLabelRequired') and .//bdi[contains(text(), 'Planned Retirement')]]"}
RESULT: {"using":"xpath","value":"//label[contains(@class, 'sapMLabelRequired') and .//bdi[contains(text(), 'Planned Retirement')]]"}
COMMAND: POST /session/eff11a38432addacb0c117e731bb73f0/elements - {"using":"xpath","value":"//label[contains(@class, 'sapMLabelRequired') and .//bdi[contains(text(), 'Planned Retirement')]]"}
RESULT: {"using":"xpath","value":"//label[contains(@class, 'sapMLabelRequired') and .//bdi[contains(text(), 'Planned Retirement')]]"}
COMMAND: POST /session/eff11a38432addacb0c117e731bb73f0/element - {"using":"xpath","value":"//button[@data-kt=\"resourceUnitSaveButton\"]"}
RESULT: {"using":"xpath","value":"//button[@data-kt=\"resourceUnitSaveButton\"]"}
COMMAND: POST /session/eff11a38432addacb0c117e731bb73f0/element/f.235FCD1364076D6A73922A794F076A12.d.E8D573EDCC50C3045ECF2BF210686E16.e.3047/click - {}
RESULT: {}
COMMAND: GET /session/eff11a38432addacb0c117e731bb73f0/screenshot - {}
RESULT: {}
COMMAND: POST /session/eff11a38432addacb0c117e731bb73f0/element - {"using":"xpath","value":"//bdi[contains(text(), \"Close\")]"}
RESULT: {"using":"xpath","value":"//bdi[contains(text(), \"Close\")]"}
COMMAND: POST /session/eff11a38432addacb0c117e731bb73f0/element/f.235FCD1364076D6A73922A794F076A12.d.E8D573EDCC50C3045ECF2BF210686E16.e.3208/click - {}
RESULT: {}
COMMAND: GET /session/eff11a38432addacb0c117e731bb73f0/screenshot - {}
RESULT: {}
COMMAND: POST /session/eff11a38432addacb0c117e731bb73f0/element - {"using":"xpath","value":"//header[contains(@id, 'detailRruPage-headerTitle')]/div[1]/div[2]/div[2]/span[1]"}
RESULT: {"using":"xpath","value":"//header[contains(@id, 'detailRruPage-headerTitle')]/div[1]/div[2]/div[2]/span[1]"}
COMMAND: POST /session/eff11a38432addacb0c117e731bb73f0/elements - {"using":"xpath","value":"//header[contains(@id, 'detailRruPage-headerTitle')]/div[1]/div[2]/div[2]/span[1]"}
RESULT: {"using":"xpath","value":"//header[contains(@id, 'detailRruPage-headerTitle')]/div[1]/div[2]/div[2]/span[1]"}
COMMAND: POST /session/eff11a38432addacb0c117e731bb73f0/execute/sync - {"script":"<script> [56 bytes]","args":[{"element-6066-11e4-a52e-4f735466cecf":"f.235FCD1364076D6A73922A794F076A12.d.E8D573EDCC50C3045ECF2BF210686E16.e.3239","ELEMENT":"f.235FCD1364076D6A73922A794F076A12.d.E8D573EDCC50C3045ECF2BF210686E16.e.3239"}]}
RESULT: {"script":"<script> [56 bytes]","args":[{"element-6066-11e4-a52e-4f735466cecf":"f.235FCD1364076D6A73922A794F076A12.d.E8D573EDCC50C3045ECF2BF210686E16.e.3239","ELEMENT":"f.235FCD1364076D6A73922A794F076A12.d.E8D573EDCC50C3045ECF2BF210686E16.e.3239"}]}
COMMAND: POST /session/eff11a38432addacb0c117e731bb73f0/element - {"using":"css selector","value":"#shell-header-logo"}
COMMAND: GET /session/eff11a38432addacb0c117e731bb73f0/screenshot - {}
RESULT: {"using":"css selector","value":"#shell-header-logo"}
COMMAND: POST /session/eff11a38432addacb0c117e731bb73f0/element/f.235FCD1364076D6A73922A794F076A12.d.E8D573EDCC50C3045ECF2BF210686E16.e.2648/click - {}
RESULT: {}
RESULT: {}
COMMAND: GET /session/eff11a38432addacb0c117e731bb73f0/screenshot - {}
RESULT: {}
]]></system-out>
    </testcase>
  </testsuite>
</testsuites>