<?xml version="1.0" encoding="UTF-8"?>
<testsuites tests="13" failures="1" errors="1" skipped="2">
  <testsuite timestamp="2025-04-28T17:27:07" time="1439.134" tests="13" failures="1" errors="1" skipped="2">
    <properties>
      <property name="specId" value="0" />
      <property name="suiteName" value="Partner specific tests US150819 US151080 US151654 US151176 US103444 US151078 US151079 US151109 US151174 US151175 US151189" />
      <property name="capabilities" value="chrome.135_0_7049_96.windows" />
      <property name="file" value="file:///D:/a/1/s/test/specs/BTS/manage-partners.spec.js" />
    </properties>
    <testcase classname="chrome.135_0_7049_96.windows.Partner_specific_tests_US150819_US151080_US151654_US151176_US103444_US151078_US151079_US151109_US151174_US151175_US151189" name="Should create a new yard prerequisite" time="106.747">
      <system-out><![CDATA[
COMMAND: POST /session/bf687da40b3c98d128a44e447cb2f226/window/fullscreen - {}
RESULT: {}
COMMAND: POST /session/bf687da40b3c98d128a44e447cb2f226/element - {"using":"xpath","value":"//li[.//span[text()=\"Manage Partners\"]]"}
RESULT: {"using":"xpath","value":"//li[.//span[text()=\"Manage Partners\"]]"}
COMMAND: POST /session/bf687da40b3c98d128a44e447cb2f226/element - {"using":"xpath","value":"//li[.//span[text()=\"Manage Partners\"]]"}
RESULT: {"using":"xpath","value":"//li[.//span[text()=\"Manage Partners\"]]"}
COMMAND: POST /session/bf687da40b3c98d128a44e447cb2f226/element - {"using":"css selector","value":"#shell-header-logo"}
RESULT: {"using":"css selector","value":"#shell-header-logo"}
COMMAND: POST /session/bf687da40b3c98d128a44e447cb2f226/element/f.868DDD9EF8C55ECB5E24C8AEC1C53E95.d.555866419653A0DD347D4C6E771BA9A4.e.258/click - {}
COMMAND: POST /session/bf687da40b3c98d128a44e447cb2f226/execute/sync - {"script":"<script> [8489 bytes]","args":[{"element-6066-11e4-a52e-4f735466cecf":"f.868DDD9EF8C55ECB5E24C8AEC1C53E95.d.555866419653A0DD347D4C6E771BA9A4.e.258","ELEMENT":"f.868DDD9EF8C55ECB5E24C8AEC1C53E95.d.555866419653A0DD347D4C6E771BA9A4.e.258"}]}
RESULT: {}
COMMAND: GET /session/bf687da40b3c98d128a44e447cb2f226/screenshot - {}
RESULT: {"script":"<script> [8489 bytes]","args":[{"element-6066-11e4-a52e-4f735466cecf":"f.868DDD9EF8C55ECB5E24C8AEC1C53E95.d.555866419653A0DD347D4C6E771BA9A4.e.258","ELEMENT":"f.868DDD9EF8C55ECB5E24C8AEC1C53E95.d.555866419653A0DD347D4C6E771BA9A4.e.258"}]}
COMMAND: POST /session/bf687da40b3c98d128a44e447cb2f226/execute/sync - {"script":"<script> [5351 bytes]","args":[{"element-6066-11e4-a52e-4f735466cecf":"f.868DDD9EF8C55ECB5E24C8AEC1C53E95.d.555866419653A0DD347D4C6E771BA9A4.e.258","ELEMENT":"f.868DDD9EF8C55ECB5E24C8AEC1C53E95.d.555866419653A0DD347D4C6E771BA9A4.e.258"}]}
COMMAND: GET /session/bf687da40b3c98d128a44e447cb2f226/screenshot - {}
RESULT: {}
RESULT: {"script":"<script> [5351 bytes]","args":[{"element-6066-11e4-a52e-4f735466cecf":"f.868DDD9EF8C55ECB5E24C8AEC1C53E95.d.555866419653A0DD347D4C6E771BA9A4.e.258","ELEMENT":"f.868DDD9EF8C55ECB5E24C8AEC1C53E95.d.555866419653A0DD347D4C6E771BA9A4.e.258"}]}
COMMAND: GET /session/bf687da40b3c98d128a44e447cb2f226/screenshot - {}
RESULT: {}
RESULT: {}
COMMAND: POST /session/bf687da40b3c98d128a44e447cb2f226/execute/async - {"script":"<script> [1562 bytes]","args":[{"selector":{"controlType":"sap.m.GenericTile","properties":{"header":"Manage Yards"}},"wdio_ui5_key":"sapm.GenericTile{\"header\":\"Manage Yards\"}"}]}
RESULT: {"script":"<script> [1562 bytes]","args":[{"selector":{"controlType":"sap.m.GenericTile","properties":{"header":"Manage Yards"}},"wdio_ui5_key":"sapm.GenericTile{\"header\":\"Manage Yards\"}"}]}
RESULT: undefined
COMMAND: POST /session/bf687da40b3c98d128a44e447cb2f226/element - {"using":"xpath","value":"//*[@id=\"__tile41\"]"}
RESULT: {"using":"xpath","value":"//*[@id=\"__tile41\"]"}
COMMAND: POST /session/bf687da40b3c98d128a44e447cb2f226/element/f.868DDD9EF8C55ECB5E24C8AEC1C53E95.d.555866419653A0DD347D4C6E771BA9A4.e.155/click - {}
RESULT: {}
COMMAND: POST /session/bf687da40b3c98d128a44e447cb2f226/element - {"using":"xpath","value":"//button[@data-kt=\"addNewYardOverflowToolbarButton\"]"}
COMMAND: GET /session/bf687da40b3c98d128a44e447cb2f226/screenshot - {}
RESULT: {"using":"xpath","value":"//button[@data-kt=\"addNewYardOverflowToolbarButton\"]"}
COMMAND: POST /session/bf687da40b3c98d128a44e447cb2f226/elements - {"using":"xpath","value":"//button[@data-kt=\"addNewYardOverflowToolbarButton\"]"}
RESULT: {}
RESULT: {"using":"xpath","value":"//button[@data-kt=\"addNewYardOverflowToolbarButton\"]"}
COMMAND: POST /session/bf687da40b3c98d128a44e447cb2f226/elements - {"using":"xpath","value":"//button[@data-kt=\"addNewYardOverflowToolbarButton\"]"}
RESULT: {"using":"xpath","value":"//button[@data-kt=\"addNewYardOverflowToolbarButton\"]"}
COMMAND: POST /session/bf687da40b3c98d128a44e447cb2f226/elements - {"using":"xpath","value":"//button[@data-kt=\"addNewYardOverflowToolbarButton\"]"}
RESULT: {"using":"xpath","value":"//button[@data-kt=\"addNewYardOverflowToolbarButton\"]"}
COMMAND: POST /session/bf687da40b3c98d128a44e447cb2f226/elements - {"using":"xpath","value":"//button[@data-kt=\"addNewYardOverflowToolbarButton\"]"}
RESULT: {"using":"xpath","value":"//button[@data-kt=\"addNewYardOverflowToolbarButton\"]"}
COMMAND: POST /session/bf687da40b3c98d128a44e447cb2f226/elements - {"using":"xpath","value":"//button[@data-kt=\"addNewYardOverflowToolbarButton\"]"}
RESULT: {"using":"xpath","value":"//button[@data-kt=\"addNewYardOverflowToolbarButton\"]"}
COMMAND: POST /session/bf687da40b3c98d128a44e447cb2f226/elements - {"using":"xpath","value":"//button[@data-kt=\"addNewYardOverflowToolbarButton\"]"}
RESULT: {"using":"xpath","value":"//button[@data-kt=\"addNewYardOverflowToolbarButton\"]"}
COMMAND: POST /session/bf687da40b3c98d128a44e447cb2f226/elements - {"using":"xpath","value":"//button[@data-kt=\"addNewYardOverflowToolbarButton\"]"}
RESULT: {"using":"xpath","value":"//button[@data-kt=\"addNewYardOverflowToolbarButton\"]"}
COMMAND: POST /session/bf687da40b3c98d128a44e447cb2f226/elements - {"using":"xpath","value":"//button[@data-kt=\"addNewYardOverflowToolbarButton\"]"}
RESULT: {"using":"xpath","value":"//button[@data-kt=\"addNewYardOverflowToolbarButton\"]"}
COMMAND: POST /session/bf687da40b3c98d128a44e447cb2f226/elements - {"using":"xpath","value":"//button[@data-kt=\"addNewYardOverflowToolbarButton\"]"}
RESULT: {"using":"xpath","value":"//button[@data-kt=\"addNewYardOverflowToolbarButton\"]"}
COMMAND: POST /session/bf687da40b3c98d128a44e447cb2f226/elements - {"using":"xpath","value":"//button[@data-kt=\"addNewYardOverflowToolbarButton\"]"}
RESULT: {"using":"xpath","value":"//button[@data-kt=\"addNewYardOverflowToolbarButton\"]"}
COMMAND: POST /session/bf687da40b3c98d128a44e447cb2f226/elements - {"using":"xpath","value":"//button[@data-kt=\"addNewYardOverflowToolbarButton\"]"}
RESULT: {"using":"xpath","value":"//button[@data-kt=\"addNewYardOverflowToolbarButton\"]"}
COMMAND: POST /session/bf687da40b3c98d128a44e447cb2f226/elements - {"using":"xpath","value":"//button[@data-kt=\"addNewYardOverflowToolbarButton\"]"}
RESULT: {"using":"xpath","value":"//button[@data-kt=\"addNewYardOverflowToolbarButton\"]"}
COMMAND: POST /session/bf687da40b3c98d128a44e447cb2f226/elements - {"using":"xpath","value":"//button[@data-kt=\"addNewYardOverflowToolbarButton\"]"}
RESULT: {"using":"xpath","value":"//button[@data-kt=\"addNewYardOverflowToolbarButton\"]"}
COMMAND: POST /session/bf687da40b3c98d128a44e447cb2f226/elements - {"using":"xpath","value":"//button[@data-kt=\"addNewYardOverflowToolbarButton\"]"}
RESULT: {"using":"xpath","value":"//button[@data-kt=\"addNewYardOverflowToolbarButton\"]"}
COMMAND: POST /session/bf687da40b3c98d128a44e447cb2f226/elements - {"using":"xpath","value":"//button[@data-kt=\"addNewYardOverflowToolbarButton\"]"}
RESULT: {"using":"xpath","value":"//button[@data-kt=\"addNewYardOverflowToolbarButton\"]"}
COMMAND: POST /session/bf687da40b3c98d128a44e447cb2f226/elements - {"using":"xpath","value":"//button[@data-kt=\"addNewYardOverflowToolbarButton\"]"}
RESULT: {"using":"xpath","value":"//button[@data-kt=\"addNewYardOverflowToolbarButton\"]"}
COMMAND: POST /session/bf687da40b3c98d128a44e447cb2f226/elements - {"using":"xpath","value":"//button[@data-kt=\"addNewYardOverflowToolbarButton\"]"}
RESULT: {"using":"xpath","value":"//button[@data-kt=\"addNewYardOverflowToolbarButton\"]"}
COMMAND: POST /session/bf687da40b3c98d128a44e447cb2f226/elements - {"using":"xpath","value":"//button[@data-kt=\"addNewYardOverflowToolbarButton\"]"}
RESULT: {"using":"xpath","value":"//button[@data-kt=\"addNewYardOverflowToolbarButton\"]"}
COMMAND: POST /session/bf687da40b3c98d128a44e447cb2f226/elements - {"using":"xpath","value":"//button[@data-kt=\"addNewYardOverflowToolbarButton\"]"}
RESULT: {"using":"xpath","value":"//button[@data-kt=\"addNewYardOverflowToolbarButton\"]"}
COMMAND: POST /session/bf687da40b3c98d128a44e447cb2f226/elements - {"using":"xpath","value":"//button[@data-kt=\"addNewYardOverflowToolbarButton\"]"}
RESULT: {"using":"xpath","value":"//button[@data-kt=\"addNewYardOverflowToolbarButton\"]"}
COMMAND: POST /session/bf687da40b3c98d128a44e447cb2f226/elements - {"using":"xpath","value":"//button[@data-kt=\"addNewYardOverflowToolbarButton\"]"}
RESULT: {"using":"xpath","value":"//button[@data-kt=\"addNewYardOverflowToolbarButton\"]"}
COMMAND: POST /session/bf687da40b3c98d128a44e447cb2f226/elements - {"using":"xpath","value":"//button[@data-kt=\"addNewYardOverflowToolbarButton\"]"}
RESULT: {"using":"xpath","value":"//button[@data-kt=\"addNewYardOverflowToolbarButton\"]"}
COMMAND: POST /session/bf687da40b3c98d128a44e447cb2f226/elements - {"using":"xpath","value":"//button[@data-kt=\"addNewYardOverflowToolbarButton\"]"}
RESULT: {"using":"xpath","value":"//button[@data-kt=\"addNewYardOverflowToolbarButton\"]"}
COMMAND: POST /session/bf687da40b3c98d128a44e447cb2f226/elements - {"using":"xpath","value":"//button[@data-kt=\"addNewYardOverflowToolbarButton\"]"}
RESULT: {"using":"xpath","value":"//button[@data-kt=\"addNewYardOverflowToolbarButton\"]"}
COMMAND: POST /session/bf687da40b3c98d128a44e447cb2f226/elements - {"using":"xpath","value":"//button[@data-kt=\"addNewYardOverflowToolbarButton\"]"}
RESULT: {"using":"xpath","value":"//button[@data-kt=\"addNewYardOverflowToolbarButton\"]"}
COMMAND: POST /session/bf687da40b3c98d128a44e447cb2f226/element - {"using":"xpath","value":"//button[@data-kt=\"addNewYardOverflowToolbarButton\"]"}
RESULT: {"using":"xpath","value":"//button[@data-kt=\"addNewYardOverflowToolbarButton\"]"}
COMMAND: POST /session/bf687da40b3c98d128a44e447cb2f226/execute/sync - {"script":"<script> [8489 bytes]","args":[{"element-6066-11e4-a52e-4f735466cecf":"f.868DDD9EF8C55ECB5E24C8AEC1C53E95.d.555866419653A0DD347D4C6E771BA9A4.e.293","ELEMENT":"f.868DDD9EF8C55ECB5E24C8AEC1C53E95.d.555866419653A0DD347D4C6E771BA9A4.e.293"}]}
RESULT: {"script":"<script> [8489 bytes]","args":[{"element-6066-11e4-a52e-4f735466cecf":"f.868DDD9EF8C55ECB5E24C8AEC1C53E95.d.555866419653A0DD347D4C6E771BA9A4.e.293","ELEMENT":"f.868DDD9EF8C55ECB5E24C8AEC1C53E95.d.555866419653A0DD347D4C6E771BA9A4.e.293"}]}
COMMAND: GET /session/bf687da40b3c98d128a44e447cb2f226/element/f.868DDD9EF8C55ECB5E24C8AEC1C53E95.d.555866419653A0DD347D4C6E771BA9A4.e.293/enabled - {}
COMMAND: GET /session/bf687da40b3c98d128a44e447cb2f226/screenshot - {}
RESULT: {}
COMMAND: POST /session/bf687da40b3c98d128a44e447cb2f226/execute/sync - {"script":"<script> [8489 bytes]","args":[{"element-6066-11e4-a52e-4f735466cecf":"f.868DDD9EF8C55ECB5E24C8AEC1C53E95.d.555866419653A0DD347D4C6E771BA9A4.e.293","ELEMENT":"f.868DDD9EF8C55ECB5E24C8AEC1C53E95.d.555866419653A0DD347D4C6E771BA9A4.e.293"}]}
COMMAND: GET /session/bf687da40b3c98d128a44e447cb2f226/screenshot - {}
RESULT: {}
RESULT: {}
RESULT: {"script":"<script> [8489 bytes]","args":[{"element-6066-11e4-a52e-4f735466cecf":"f.868DDD9EF8C55ECB5E24C8AEC1C53E95.d.555866419653A0DD347D4C6E771BA9A4.e.293","ELEMENT":"f.868DDD9EF8C55ECB5E24C8AEC1C53E95.d.555866419653A0DD347D4C6E771BA9A4.e.293"}]}
COMMAND: POST /session/bf687da40b3c98d128a44e447cb2f226/execute/sync - {"script":"<script> [5351 bytes]","args":[{"element-6066-11e4-a52e-4f735466cecf":"f.868DDD9EF8C55ECB5E24C8AEC1C53E95.d.555866419653A0DD347D4C6E771BA9A4.e.293","ELEMENT":"f.868DDD9EF8C55ECB5E24C8AEC1C53E95.d.555866419653A0DD347D4C6E771BA9A4.e.293"}]}
COMMAND: GET /session/bf687da40b3c98d128a44e447cb2f226/screenshot - {}
RESULT: {"script":"<script> [5351 bytes]","args":[{"element-6066-11e4-a52e-4f735466cecf":"f.868DDD9EF8C55ECB5E24C8AEC1C53E95.d.555866419653A0DD347D4C6E771BA9A4.e.293","ELEMENT":"f.868DDD9EF8C55ECB5E24C8AEC1C53E95.d.555866419653A0DD347D4C6E771BA9A4.e.293"}]}
COMMAND: POST /session/bf687da40b3c98d128a44e447cb2f226/element/f.868DDD9EF8C55ECB5E24C8AEC1C53E95.d.555866419653A0DD347D4C6E771BA9A4.e.293/click - {}
COMMAND: GET /session/bf687da40b3c98d128a44e447cb2f226/screenshot - {}
RESULT: {}
RESULT: {}
COMMAND: GET /session/bf687da40b3c98d128a44e447cb2f226/screenshot - {}
COMMAND: POST /session/bf687da40b3c98d128a44e447cb2f226/element - {"using":"xpath","value":"//input[@id=\"application-manageyards-display-component---NewYard--yardId-inner\"]"}
RESULT: {}
RESULT: {}
RESULT: {"using":"xpath","value":"//input[@id=\"application-manageyards-display-component---NewYard--yardId-inner\"]"}
COMMAND: POST /session/bf687da40b3c98d128a44e447cb2f226/element - {"using":"xpath","value":"//input[@id=\"application-manageyards-display-component---NewYard--yardId-inner\"]"}
RESULT: {"using":"xpath","value":"//input[@id=\"application-manageyards-display-component---NewYard--yardId-inner\"]"}
COMMAND: POST /session/bf687da40b3c98d128a44e447cb2f226/execute/async - {"script":"<script> [1562 bytes]","args":[{"selector":{"id":"application-manageyards-display-component---NewYard--addressDetailDetailsName1","interaction":{"idSuffix":"inner"}},"wdio_ui5_key":"applicationmanageyards-display-component---NewYard--addressDetailDetailsName1"}]}
RESULT: {"script":"<script> [1562 bytes]","args":[{"selector":{"id":"application-manageyards-display-component---NewYard--addressDetailDetailsName1","interaction":{"idSuffix":"inner"}},"wdio_ui5_key":"applicationmanageyards-display-component---NewYard--addressDetailDetailsName1"}]}
RESULT: undefined
COMMAND: POST /session/bf687da40b3c98d128a44e447cb2f226/execute/async - {"script":"<script> [776 bytes]","args":[{"enterText":"Intracompany Yard wdIO","selector":{"id":"application-manageyards-display-component---NewYard--addressDetailDetailsName1","interaction":{"idSuffix":"inner"}},"clearTextFirst":true,"interactionType":"ENTER_TEXT"}]}
RESULT: {"script":"<script> [776 bytes]","args":[{"enterText":"Intracompany Yard wdIO","selector":{"id":"application-manageyards-display-component---NewYard--addressDetailDetailsName1","interaction":{"idSuffix":"inner"}},"clearTextFirst":true,"interactionType":"ENTER_TEXT"}]}
COMMAND: POST /session/bf687da40b3c98d128a44e447cb2f226/execute/async - {"script":"<script> [1562 bytes]","args":[{"selector":{"id":"application-manageyards-display-component---NewYard--addressDetailDetailsLanguage-arrow"},"wdio_ui5_key":"applicationmanageyards-display-component---NewYard--addressDetailDetailsLanguage-arrow"}]}
RESULT: {"script":"<script> [1562 bytes]","args":[{"selector":{"id":"application-manageyards-display-component---NewYard--addressDetailDetailsLanguage-arrow"},"wdio_ui5_key":"applicationmanageyards-display-component---NewYard--addressDetailDetailsLanguage-arrow"}]}
RESULT: undefined
COMMAND: POST /session/bf687da40b3c98d128a44e447cb2f226/element - {"using":"xpath","value":"//*[@id=\"application-manageyards-display-component---NewYard--addressDetailDetailsLanguage-arrow\"]"}
RESULT: {"using":"xpath","value":"//*[@id=\"application-manageyards-display-component---NewYard--addressDetailDetailsLanguage-arrow\"]"}
COMMAND: POST /session/bf687da40b3c98d128a44e447cb2f226/element/f.868DDD9EF8C55ECB5E24C8AEC1C53E95.d.555866419653A0DD347D4C6E771BA9A4.e.725/click - {}
RESULT: {}
COMMAND: POST /session/bf687da40b3c98d128a44e447cb2f226/element - {"using":"xpath","value":"//span[contains(text(), \"English\")]"}
COMMAND: GET /session/bf687da40b3c98d128a44e447cb2f226/screenshot - {}
RESULT: {"using":"xpath","value":"//span[contains(text(), \"English\")]"}
COMMAND: POST /session/bf687da40b3c98d128a44e447cb2f226/element/f.868DDD9EF8C55ECB5E24C8AEC1C53E95.d.555866419653A0DD347D4C6E771BA9A4.e.726/click - {}
RESULT: {}
RESULT: {}
COMMAND: POST /session/bf687da40b3c98d128a44e447cb2f226/execute/async - {"script":"<script> [1562 bytes]","args":[{"selector":{"id":"application-manageyards-display-component---NewYard--addressDetailDetailsCity1","interaction":{"idSuffix":"inner"}},"wdio_ui5_key":"applicationmanageyards-display-component---NewYard--addressDetailDetailsCity1"}]}
COMMAND: GET /session/bf687da40b3c98d128a44e447cb2f226/screenshot - {}
RESULT: {"script":"<script> [1562 bytes]","args":[{"selector":{"id":"application-manageyards-display-component---NewYard--addressDetailDetailsCity1","interaction":{"idSuffix":"inner"}},"wdio_ui5_key":"applicationmanageyards-display-component---NewYard--addressDetailDetailsCity1"}]}
RESULT: undefined
COMMAND: POST /session/bf687da40b3c98d128a44e447cb2f226/execute/async - {"script":"<script> [776 bytes]","args":[{"enterText":"Rosario","selector":{"id":"application-manageyards-display-component---NewYard--addressDetailDetailsCity1","interaction":{"idSuffix":"inner"}},"clearTextFirst":true,"interactionType":"ENTER_TEXT"}]}
RESULT: {}
RESULT: {"script":"<script> [776 bytes]","args":[{"enterText":"Rosario","selector":{"id":"application-manageyards-display-component---NewYard--addressDetailDetailsCity1","interaction":{"idSuffix":"inner"}},"clearTextFirst":true,"interactionType":"ENTER_TEXT"}]}
COMMAND: POST /session/bf687da40b3c98d128a44e447cb2f226/execute/async - {"script":"<script> [1562 bytes]","args":[{"selector":{"id":"application-manageyards-display-component---NewYard--addressDetailDetailsCountry-arrow"},"wdio_ui5_key":"applicationmanageyards-display-component---NewYard--addressDetailDetailsCountry-arrow"}]}
RESULT: {"script":"<script> [1562 bytes]","args":[{"selector":{"id":"application-manageyards-display-component---NewYard--addressDetailDetailsCountry-arrow"},"wdio_ui5_key":"applicationmanageyards-display-component---NewYard--addressDetailDetailsCountry-arrow"}]}
RESULT: undefined
COMMAND: POST /session/bf687da40b3c98d128a44e447cb2f226/element - {"using":"xpath","value":"//*[@id=\"application-manageyards-display-component---NewYard--addressDetailDetailsCountry-arrow\"]"}
RESULT: {"using":"xpath","value":"//*[@id=\"application-manageyards-display-component---NewYard--addressDetailDetailsCountry-arrow\"]"}
COMMAND: POST /session/bf687da40b3c98d128a44e447cb2f226/element/f.868DDD9EF8C55ECB5E24C8AEC1C53E95.d.555866419653A0DD347D4C6E771BA9A4.e.728/click - {}
RESULT: {}
COMMAND: POST /session/bf687da40b3c98d128a44e447cb2f226/element - {"using":"xpath","value":"//span[contains(text(), \"Argentina\")]"}
COMMAND: GET /session/bf687da40b3c98d128a44e447cb2f226/screenshot - {}
RESULT: {"using":"xpath","value":"//span[contains(text(), \"Argentina\")]"}
COMMAND: POST /session/bf687da40b3c98d128a44e447cb2f226/element/f.868DDD9EF8C55ECB5E24C8AEC1C53E95.d.555866419653A0DD347D4C6E771BA9A4.e.729/click - {}
RESULT: {}
RESULT: {}
COMMAND: POST /session/bf687da40b3c98d128a44e447cb2f226/execute/async - {"script":"<script> [1562 bytes]","args":[{"selector":{"id":"application-manageyards-display-component---NewYard--addressEditDetailsCostObjectCstType-arrow"},"wdio_ui5_key":"applicationmanageyards-display-component---NewYard--addressEditDetailsCostObjectCstType-arrow"}]}
COMMAND: GET /session/bf687da40b3c98d128a44e447cb2f226/screenshot - {}
RESULT: {"script":"<script> [1562 bytes]","args":[{"selector":{"id":"application-manageyards-display-component---NewYard--addressEditDetailsCostObjectCstType-arrow"},"wdio_ui5_key":"applicationmanageyards-display-component---NewYard--addressEditDetailsCostObjectCstType-arrow"}]}
RESULT: undefined
COMMAND: POST /session/bf687da40b3c98d128a44e447cb2f226/element - {"using":"xpath","value":"//*[@id=\"application-manageyards-display-component---NewYard--addressEditDetailsCostObjectCstType-arrow\"]"}
RESULT: {}
RESULT: {"using":"xpath","value":"//*[@id=\"application-manageyards-display-component---NewYard--addressEditDetailsCostObjectCstType-arrow\"]"}
COMMAND: POST /session/bf687da40b3c98d128a44e447cb2f226/element/f.868DDD9EF8C55ECB5E24C8AEC1C53E95.d.555866419653A0DD347D4C6E771BA9A4.e.731/click - {}
RESULT: {}
COMMAND: POST /session/bf687da40b3c98d128a44e447cb2f226/element - {"using":"xpath","value":"//span[contains(text(), \"Cost Center\")]"}
COMMAND: GET /session/bf687da40b3c98d128a44e447cb2f226/screenshot - {}
RESULT: {"using":"xpath","value":"//span[contains(text(), \"Cost Center\")]"}
COMMAND: POST /session/bf687da40b3c98d128a44e447cb2f226/element/f.868DDD9EF8C55ECB5E24C8AEC1C53E95.d.555866419653A0DD347D4C6E771BA9A4.e.732/click - {}
RESULT: {}
RESULT: {}
COMMAND: GET /session/bf687da40b3c98d128a44e447cb2f226/screenshot - {}
RESULT: {}
COMMAND: POST /session/bf687da40b3c98d128a44e447cb2f226/element - {"using":"xpath","value":"//span[@id=\"application-manageyards-display-component---NewYard--addressNewCostObjectCstID-vhi\"]"}
RESULT: {"using":"xpath","value":"//span[@id=\"application-manageyards-display-component---NewYard--addressNewCostObjectCstID-vhi\"]"}
COMMAND: POST /session/bf687da40b3c98d128a44e447cb2f226/execute/sync - {"script":"<script> [8489 bytes]","args":[{"element-6066-11e4-a52e-4f735466cecf":"f.868DDD9EF8C55ECB5E24C8AEC1C53E95.d.555866419653A0DD347D4C6E771BA9A4.e.736","ELEMENT":"f.868DDD9EF8C55ECB5E24C8AEC1C53E95.d.555866419653A0DD347D4C6E771BA9A4.e.736"}]}
RESULT: {"script":"<script> [8489 bytes]","args":[{"element-6066-11e4-a52e-4f735466cecf":"f.868DDD9EF8C55ECB5E24C8AEC1C53E95.d.555866419653A0DD347D4C6E771BA9A4.e.736","ELEMENT":"f.868DDD9EF8C55ECB5E24C8AEC1C53E95.d.555866419653A0DD347D4C6E771BA9A4.e.736"}]}
COMMAND: POST /session/bf687da40b3c98d128a44e447cb2f226/execute/async - {"script":"<script> [1562 bytes]","args":[{"selector":{"id":"application-manageyards-display-component---NewYard--addressNewCostObjectCstID-vhi"},"wdio_ui5_key":"applicationmanageyards-display-component---NewYard--addressNewCostObjectCstID-vhi"}]}
COMMAND: GET /session/bf687da40b3c98d128a44e447cb2f226/screenshot - {}
RESULT: {"script":"<script> [1562 bytes]","args":[{"selector":{"id":"application-manageyards-display-component---NewYard--addressNewCostObjectCstID-vhi"},"wdio_ui5_key":"applicationmanageyards-display-component---NewYard--addressNewCostObjectCstID-vhi"}]}
RESULT: undefined
COMMAND: POST /session/bf687da40b3c98d128a44e447cb2f226/element - {"using":"xpath","value":"//*[@id=\"application-manageyards-display-component---NewYard--addressNewCostObjectCstID-vhi\"]"}
RESULT: {}
RESULT: {"using":"xpath","value":"//*[@id=\"application-manageyards-display-component---NewYard--addressNewCostObjectCstID-vhi\"]"}
COMMAND: POST /session/bf687da40b3c98d128a44e447cb2f226/element/f.868DDD9EF8C55ECB5E24C8AEC1C53E95.d.555866419653A0DD347D4C6E771BA9A4.e.736/click - {}
RESULT: {}
COMMAND: GET /session/bf687da40b3c98d128a44e447cb2f226/screenshot - {}
RESULT: {}
COMMAND: POST /session/bf687da40b3c98d128a44e447cb2f226/execute/async - {"script":"<script> [1562 bytes]","args":[{"selector":{"controlType":"sap.m.SearchField","properties":{"placeholder":"Search"},"searchOpenDialogs":true,"interaction":{"idSuffix":"I"}},"wdio_ui5_key":"sapm.SearchField{\"placeholder\":\"Search\"}"}]}
RESULT: {"script":"<script> [1562 bytes]","args":[{"selector":{"controlType":"sap.m.SearchField","properties":{"placeholder":"Search"},"searchOpenDialogs":true,"interaction":{"idSuffix":"I"}},"wdio_ui5_key":"sapm.SearchField{\"placeholder\":\"Search\"}"}]}
RESULT: undefined
COMMAND: POST /session/bf687da40b3c98d128a44e447cb2f226/execute/async - {"script":"<script> [776 bytes]","args":[{"enterText":"10001013","selector":{"controlType":"sap.m.SearchField","properties":{"placeholder":"Search"},"searchOpenDialogs":true,"interaction":{"idSuffix":"I"}},"clearTextFirst":true,"interactionType":"ENTER_TEXT"}]}
RESULT: {"script":"<script> [776 bytes]","args":[{"enterText":"10001013","selector":{"controlType":"sap.m.SearchField","properties":{"placeholder":"Search"},"searchOpenDialogs":true,"interaction":{"idSuffix":"I"}},"clearTextFirst":true,"interactionType":"ENTER_TEXT"}]}
COMMAND: POST /session/bf687da40b3c98d128a44e447cb2f226/actions - {"actions":[{"id":"action1","type":"key","parameters":{},"actions":[{"type":"keyDown","value":"î€‡"},{"type":"pause","duration":10},{"type":"keyUp","value":"î€‡"}]}]}
RESULT: {"actions":[{"id":"action1","type":"key","parameters":{},"actions":[{"type":"keyDown","value":"î€‡"},{"type":"pause","duration":10},{"type":"keyUp","value":"î€‡"}]}]}
COMMAND: GET /session/bf687da40b3c98d128a44e447cb2f226/screenshot - {}
RESULT: {}
COMMAND: POST /session/bf687da40b3c98d128a44e447cb2f226/element - {"using":"xpath","value":"//span[contains(text(), \"General Management\")]"}
RESULT: {"using":"xpath","value":"//span[contains(text(), \"General Management\")]"}
COMMAND: POST /session/bf687da40b3c98d128a44e447cb2f226/element/f.868DDD9EF8C55ECB5E24C8AEC1C53E95.d.555866419653A0DD347D4C6E771BA9A4.e.777/click - {}
RESULT: {}
COMMAND: GET /session/bf687da40b3c98d128a44e447cb2f226/screenshot - {}
RESULT: {}
COMMAND: POST /session/bf687da40b3c98d128a44e447cb2f226/element - {"using":"xpath","value":"//bdi[contains(text(), \"OK\")]"}
RESULT: {"using":"xpath","value":"//bdi[contains(text(), \"OK\")]"}
COMMAND: POST /session/bf687da40b3c98d128a44e447cb2f226/element/f.868DDD9EF8C55ECB5E24C8AEC1C53E95.d.555866419653A0DD347D4C6E771BA9A4.e.778/click - {}
RESULT: {}
COMMAND: GET /session/bf687da40b3c98d128a44e447cb2f226/screenshot - {}
RESULT: {}
COMMAND: POST /session/bf687da40b3c98d128a44e447cb2f226/execute/async - {"script":"<script> [1562 bytes]","args":[{"selector":{"id":"application-manageyards-display-component---NewYard--addressEditDetailsCurrency-arrow"},"wdio_ui5_key":"applicationmanageyards-display-component---NewYard--addressEditDetailsCurrency-arrow"}]}
RESULT: {"script":"<script> [1562 bytes]","args":[{"selector":{"id":"application-manageyards-display-component---NewYard--addressEditDetailsCurrency-arrow"},"wdio_ui5_key":"applicationmanageyards-display-component---NewYard--addressEditDetailsCurrency-arrow"}]}
RESULT: undefined
COMMAND: POST /session/bf687da40b3c98d128a44e447cb2f226/element - {"using":"xpath","value":"//*[@id=\"application-manageyards-display-component---NewYard--addressEditDetailsCurrency-arrow\"]"}
RESULT: {"using":"xpath","value":"//*[@id=\"application-manageyards-display-component---NewYard--addressEditDetailsCurrency-arrow\"]"}
COMMAND: POST /session/bf687da40b3c98d128a44e447cb2f226/element/f.868DDD9EF8C55ECB5E24C8AEC1C53E95.d.555866419653A0DD347D4C6E771BA9A4.e.781/click - {}
RESULT: {}
COMMAND: POST /session/bf687da40b3c98d128a44e447cb2f226/element - {"using":"xpath","value":"//span[contains(text(), \"Euro\")]"}
COMMAND: GET /session/bf687da40b3c98d128a44e447cb2f226/screenshot - {}
RESULT: {"using":"xpath","value":"//span[contains(text(), \"Euro\")]"}
COMMAND: POST /session/bf687da40b3c98d128a44e447cb2f226/element/f.868DDD9EF8C55ECB5E24C8AEC1C53E95.d.555866419653A0DD347D4C6E771BA9A4.e.782/click - {}
RESULT: {}
RESULT: {}
COMMAND: POST /session/bf687da40b3c98d128a44e447cb2f226/execute/async - {"script":"<script> [1562 bytes]","args":[{"selector":{"controlType":"sap.m.Input","viewName":"etm.portal.ui.manageyards.view.New","viewId":"application-manageyards-display-component---NewYard","bindingPath":{"path":"","propertyPath":"/CONTROLLING_AREA","modelName":"NewYardModel"},"interaction":{"idSuffix":"inner"}},"wdio_ui5_key":"etmportal.ui.manageyards.view.Newsap.m.Input{\"path\":\"\",\"propertyPath\":\"/CONTROLLING_AREA\",\"modelName\":\"NewYardModel\"}"}]}
COMMAND: GET /session/bf687da40b3c98d128a44e447cb2f226/screenshot - {}
RESULT: {"script":"<script> [1562 bytes]","args":[{"selector":{"controlType":"sap.m.Input","viewName":"etm.portal.ui.manageyards.view.New","viewId":"application-manageyards-display-component---NewYard","bindingPath":{"path":"","propertyPath":"/CONTROLLING_AREA","modelName":"NewYardModel"},"interaction":{"idSuffix":"inner"}},"wdio_ui5_key":"etmportal.ui.manageyards.view.Newsap.m.Input{\"path\":\"\",\"propertyPath\":\"/CONTROLLING_AREA\",\"modelName\":\"NewYardModel\"}"}]}
RESULT: undefined
COMMAND: POST /session/bf687da40b3c98d128a44e447cb2f226/execute/async - {"script":"<script> [776 bytes]","args":[{"enterText":"Z001","selector":{"controlType":"sap.m.Input","viewName":"etm.portal.ui.manageyards.view.New","viewId":"application-manageyards-display-component---NewYard","bindingPath":{"path":"","propertyPath":"/CONTROLLING_AREA","modelName":"NewYardModel"},"interaction":{"idSuffix":"inner"}},"clearTextFirst":true,"interactionType":"ENTER_TEXT"}]}
RESULT: {}
RESULT: {"script":"<script> [776 bytes]","args":[{"enterText":"Z001","selector":{"controlType":"sap.m.Input","viewName":"etm.portal.ui.manageyards.view.New","viewId":"application-manageyards-display-component---NewYard","bindingPath":{"path":"","propertyPath":"/CONTROLLING_AREA","modelName":"NewYardModel"},"interaction":{"idSuffix":"inner"}},"clearTextFirst":true,"interactionType":"ENTER_TEXT"}]}
COMMAND: POST /session/bf687da40b3c98d128a44e447cb2f226/execute/async - {"script":"<script> [1562 bytes]","args":[{"selector":{"id":"application-manageyards-display-component---NewYard--companyCodeComboBox","interaction":{"idSuffix":"inner"}},"wdio_ui5_key":"applicationmanageyards-display-component---NewYard--companyCodeComboBox"}]}
RESULT: {"script":"<script> [1562 bytes]","args":[{"selector":{"id":"application-manageyards-display-component---NewYard--companyCodeComboBox","interaction":{"idSuffix":"inner"}},"wdio_ui5_key":"applicationmanageyards-display-component---NewYard--companyCodeComboBox"}]}
RESULT: undefined
COMMAND: POST /session/bf687da40b3c98d128a44e447cb2f226/execute/async - {"script":"<script> [776 bytes]","args":[{"enterText":"1000","selector":{"id":"application-manageyards-display-component---NewYard--companyCodeComboBox","interaction":{"idSuffix":"inner"}},"clearTextFirst":true,"interactionType":"ENTER_TEXT"}]}
RESULT: {"script":"<script> [776 bytes]","args":[{"enterText":"1000","selector":{"id":"application-manageyards-display-component---NewYard--companyCodeComboBox","interaction":{"idSuffix":"inner"}},"clearTextFirst":true,"interactionType":"ENTER_TEXT"}]}
COMMAND: POST /session/bf687da40b3c98d128a44e447cb2f226/execute/async - {"script":"<script> [1562 bytes]","args":[{"selector":{"controlType":"sap.m.Input","viewName":"etm.portal.ui.manageyards.view.New","viewId":"application-manageyards-display-component---NewYard","bindingPath":{"path":"","propertyPath":"/PLANT","modelName":"NewYardModel"},"interaction":{"idSuffix":"inner"}},"wdio_ui5_key":"etmportal.ui.manageyards.view.Newsap.m.Input{\"path\":\"\",\"propertyPath\":\"/PLANT\",\"modelName\":\"NewYardModel\"}"}]}
RESULT: {"script":"<script> [1562 bytes]","args":[{"selector":{"controlType":"sap.m.Input","viewName":"etm.portal.ui.manageyards.view.New","viewId":"application-manageyards-display-component---NewYard","bindingPath":{"path":"","propertyPath":"/PLANT","modelName":"NewYardModel"},"interaction":{"idSuffix":"inner"}},"wdio_ui5_key":"etmportal.ui.manageyards.view.Newsap.m.Input{\"path\":\"\",\"propertyPath\":\"/PLANT\",\"modelName\":\"NewYardModel\"}"}]}
RESULT: undefined
COMMAND: POST /session/bf687da40b3c98d128a44e447cb2f226/execute/async - {"script":"<script> [776 bytes]","args":[{"enterText":"1001","selector":{"controlType":"sap.m.Input","viewName":"etm.portal.ui.manageyards.view.New","viewId":"application-manageyards-display-component---NewYard","bindingPath":{"path":"","propertyPath":"/PLANT","modelName":"NewYardModel"},"interaction":{"idSuffix":"inner"}},"clearTextFirst":true,"interactionType":"ENTER_TEXT"}]}
RESULT: {"script":"<script> [776 bytes]","args":[{"enterText":"1001","selector":{"controlType":"sap.m.Input","viewName":"etm.portal.ui.manageyards.view.New","viewId":"application-manageyards-display-component---NewYard","bindingPath":{"path":"","propertyPath":"/PLANT","modelName":"NewYardModel"},"interaction":{"idSuffix":"inner"}},"clearTextFirst":true,"interactionType":"ENTER_TEXT"}]}
COMMAND: POST /session/bf687da40b3c98d128a44e447cb2f226/execute/async - {"script":"<script> [1562 bytes]","args":[{"selector":{"controlType":"sap.m.Input","viewName":"etm.portal.ui.manageyards.view.New","viewId":"application-manageyards-display-component---NewYard","bindingPath":{"path":"","propertyPath":"/SALES_AREA_VKORG","modelName":"NewYardModel"},"interaction":{"idSuffix":"inner"}},"wdio_ui5_key":"etmportal.ui.manageyards.view.Newsap.m.Input{\"path\":\"\",\"propertyPath\":\"/SALES_AREA_VKORG\",\"modelName\":\"NewYardModel\"}"}]}
RESULT: {"script":"<script> [1562 bytes]","args":[{"selector":{"controlType":"sap.m.Input","viewName":"etm.portal.ui.manageyards.view.New","viewId":"application-manageyards-display-component---NewYard","bindingPath":{"path":"","propertyPath":"/SALES_AREA_VKORG","modelName":"NewYardModel"},"interaction":{"idSuffix":"inner"}},"wdio_ui5_key":"etmportal.ui.manageyards.view.Newsap.m.Input{\"path\":\"\",\"propertyPath\":\"/SALES_AREA_VKORG\",\"modelName\":\"NewYardModel\"}"}]}
RESULT: undefined
COMMAND: POST /session/bf687da40b3c98d128a44e447cb2f226/execute/async - {"script":"<script> [776 bytes]","args":[{"enterText":"C002","selector":{"controlType":"sap.m.Input","viewName":"etm.portal.ui.manageyards.view.New","viewId":"application-manageyards-display-component---NewYard","bindingPath":{"path":"","propertyPath":"/SALES_AREA_VKORG","modelName":"NewYardModel"},"interaction":{"idSuffix":"inner"}},"clearTextFirst":true,"interactionType":"ENTER_TEXT"}]}
RESULT: {"script":"<script> [776 bytes]","args":[{"enterText":"C002","selector":{"controlType":"sap.m.Input","viewName":"etm.portal.ui.manageyards.view.New","viewId":"application-manageyards-display-component---NewYard","bindingPath":{"path":"","propertyPath":"/SALES_AREA_VKORG","modelName":"NewYardModel"},"interaction":{"idSuffix":"inner"}},"clearTextFirst":true,"interactionType":"ENTER_TEXT"}]}
COMMAND: POST /session/bf687da40b3c98d128a44e447cb2f226/execute/async - {"script":"<script> [1562 bytes]","args":[{"selector":{"controlType":"sap.m.Input","viewName":"etm.portal.ui.manageyards.view.New","viewId":"application-manageyards-display-component---NewYard","bindingPath":{"path":"","propertyPath":"/SALES_AREA_VTWEG","modelName":"NewYardModel"},"interaction":{"idSuffix":"inner"}},"wdio_ui5_key":"etmportal.ui.manageyards.view.Newsap.m.Input{\"path\":\"\",\"propertyPath\":\"/SALES_AREA_VTWEG\",\"modelName\":\"NewYardModel\"}"}]}
RESULT: {"script":"<script> [1562 bytes]","args":[{"selector":{"controlType":"sap.m.Input","viewName":"etm.portal.ui.manageyards.view.New","viewId":"application-manageyards-display-component---NewYard","bindingPath":{"path":"","propertyPath":"/SALES_AREA_VTWEG","modelName":"NewYardModel"},"interaction":{"idSuffix":"inner"}},"wdio_ui5_key":"etmportal.ui.manageyards.view.Newsap.m.Input{\"path\":\"\",\"propertyPath\":\"/SALES_AREA_VTWEG\",\"modelName\":\"NewYardModel\"}"}]}
RESULT: undefined
COMMAND: POST /session/bf687da40b3c98d128a44e447cb2f226/execute/async - {"script":"<script> [776 bytes]","args":[{"enterText":"C2","selector":{"controlType":"sap.m.Input","viewName":"etm.portal.ui.manageyards.view.New","viewId":"application-manageyards-display-component---NewYard","bindingPath":{"path":"","propertyPath":"/SALES_AREA_VTWEG","modelName":"NewYardModel"},"interaction":{"idSuffix":"inner"}},"clearTextFirst":true,"interactionType":"ENTER_TEXT"}]}
RESULT: {"script":"<script> [776 bytes]","args":[{"enterText":"C2","selector":{"controlType":"sap.m.Input","viewName":"etm.portal.ui.manageyards.view.New","viewId":"application-manageyards-display-component---NewYard","bindingPath":{"path":"","propertyPath":"/SALES_AREA_VTWEG","modelName":"NewYardModel"},"interaction":{"idSuffix":"inner"}},"clearTextFirst":true,"interactionType":"ENTER_TEXT"}]}
COMMAND: POST /session/bf687da40b3c98d128a44e447cb2f226/execute/async - {"script":"<script> [1562 bytes]","args":[{"selector":{"controlType":"sap.m.Input","viewName":"etm.portal.ui.manageyards.view.New","viewId":"application-manageyards-display-component---NewYard","bindingPath":{"path":"","propertyPath":"/SALES_AREA_SPART","modelName":"NewYardModel"},"interaction":{"idSuffix":"inner"}},"wdio_ui5_key":"etmportal.ui.manageyards.view.Newsap.m.Input{\"path\":\"\",\"propertyPath\":\"/SALES_AREA_SPART\",\"modelName\":\"NewYardModel\"}"}]}
RESULT: {"script":"<script> [1562 bytes]","args":[{"selector":{"controlType":"sap.m.Input","viewName":"etm.portal.ui.manageyards.view.New","viewId":"application-manageyards-display-component---NewYard","bindingPath":{"path":"","propertyPath":"/SALES_AREA_SPART","modelName":"NewYardModel"},"interaction":{"idSuffix":"inner"}},"wdio_ui5_key":"etmportal.ui.manageyards.view.Newsap.m.Input{\"path\":\"\",\"propertyPath\":\"/SALES_AREA_SPART\",\"modelName\":\"NewYardModel\"}"}]}
RESULT: undefined
COMMAND: POST /session/bf687da40b3c98d128a44e447cb2f226/execute/async - {"script":"<script> [776 bytes]","args":[{"enterText":"C2","selector":{"controlType":"sap.m.Input","viewName":"etm.portal.ui.manageyards.view.New","viewId":"application-manageyards-display-component---NewYard","bindingPath":{"path":"","propertyPath":"/SALES_AREA_SPART","modelName":"NewYardModel"},"interaction":{"idSuffix":"inner"}},"clearTextFirst":true,"interactionType":"ENTER_TEXT"}]}
RESULT: {"script":"<script> [776 bytes]","args":[{"enterText":"C2","selector":{"controlType":"sap.m.Input","viewName":"etm.portal.ui.manageyards.view.New","viewId":"application-manageyards-display-component---NewYard","bindingPath":{"path":"","propertyPath":"/SALES_AREA_SPART","modelName":"NewYardModel"},"interaction":{"idSuffix":"inner"}},"clearTextFirst":true,"interactionType":"ENTER_TEXT"}]}
COMMAND: POST /session/bf687da40b3c98d128a44e447cb2f226/execute/async - {"script":"<script> [1562 bytes]","args":[{"selector":{"controlType":"sap.m.Input","viewName":"etm.portal.ui.manageyards.view.New","viewId":"application-manageyards-display-component---NewYard","bindingPath":{"path":"","propertyPath":"/SHIP_POINT","modelName":"NewYardModel"},"interaction":{"idSuffix":"inner"}},"wdio_ui5_key":"etmportal.ui.manageyards.view.Newsap.m.Input{\"path\":\"\",\"propertyPath\":\"/SHIP_POINT\",\"modelName\":\"NewYardModel\"}"}]}
RESULT: {"script":"<script> [1562 bytes]","args":[{"selector":{"controlType":"sap.m.Input","viewName":"etm.portal.ui.manageyards.view.New","viewId":"application-manageyards-display-component---NewYard","bindingPath":{"path":"","propertyPath":"/SHIP_POINT","modelName":"NewYardModel"},"interaction":{"idSuffix":"inner"}},"wdio_ui5_key":"etmportal.ui.manageyards.view.Newsap.m.Input{\"path\":\"\",\"propertyPath\":\"/SHIP_POINT\",\"modelName\":\"NewYardModel\"}"}]}
RESULT: undefined
COMMAND: POST /session/bf687da40b3c98d128a44e447cb2f226/execute/async - {"script":"<script> [776 bytes]","args":[{"enterText":"1710","selector":{"controlType":"sap.m.Input","viewName":"etm.portal.ui.manageyards.view.New","viewId":"application-manageyards-display-component---NewYard","bindingPath":{"path":"","propertyPath":"/SHIP_POINT","modelName":"NewYardModel"},"interaction":{"idSuffix":"inner"}},"clearTextFirst":true,"interactionType":"ENTER_TEXT"}]}
RESULT: {"script":"<script> [776 bytes]","args":[{"enterText":"1710","selector":{"controlType":"sap.m.Input","viewName":"etm.portal.ui.manageyards.view.New","viewId":"application-manageyards-display-component---NewYard","bindingPath":{"path":"","propertyPath":"/SHIP_POINT","modelName":"NewYardModel"},"interaction":{"idSuffix":"inner"}},"clearTextFirst":true,"interactionType":"ENTER_TEXT"}]}
COMMAND: POST /session/bf687da40b3c98d128a44e447cb2f226/execute/async - {"script":"<script> [1562 bytes]","args":[{"selector":{"controlType":"sap.m.Input","viewName":"etm.portal.ui.manageyards.view.New","viewId":"application-manageyards-display-component---NewYard","bindingPath":{"path":"","propertyPath":"/DELIVERY_TYPE","modelName":"NewYardModel"},"interaction":{"idSuffix":"inner"}},"wdio_ui5_key":"etmportal.ui.manageyards.view.Newsap.m.Input{\"path\":\"\",\"propertyPath\":\"/DELIVERY_TYPE\",\"modelName\":\"NewYardModel\"}"}]}
RESULT: {"script":"<script> [1562 bytes]","args":[{"selector":{"controlType":"sap.m.Input","viewName":"etm.portal.ui.manageyards.view.New","viewId":"application-manageyards-display-component---NewYard","bindingPath":{"path":"","propertyPath":"/DELIVERY_TYPE","modelName":"NewYardModel"},"interaction":{"idSuffix":"inner"}},"wdio_ui5_key":"etmportal.ui.manageyards.view.Newsap.m.Input{\"path\":\"\",\"propertyPath\":\"/DELIVERY_TYPE\",\"modelName\":\"NewYardModel\"}"}]}
RESULT: undefined
COMMAND: POST /session/bf687da40b3c98d128a44e447cb2f226/execute/async - {"script":"<script> [776 bytes]","args":[{"enterText":"ZL01","selector":{"controlType":"sap.m.Input","viewName":"etm.portal.ui.manageyards.view.New","viewId":"application-manageyards-display-component---NewYard","bindingPath":{"path":"","propertyPath":"/DELIVERY_TYPE","modelName":"NewYardModel"},"interaction":{"idSuffix":"inner"}},"clearTextFirst":true,"interactionType":"ENTER_TEXT"}]}
RESULT: {"script":"<script> [776 bytes]","args":[{"enterText":"ZL01","selector":{"controlType":"sap.m.Input","viewName":"etm.portal.ui.manageyards.view.New","viewId":"application-manageyards-display-component---NewYard","bindingPath":{"path":"","propertyPath":"/DELIVERY_TYPE","modelName":"NewYardModel"},"interaction":{"idSuffix":"inner"}},"clearTextFirst":true,"interactionType":"ENTER_TEXT"}]}
COMMAND: POST /session/bf687da40b3c98d128a44e447cb2f226/execute/async - {"script":"<script> [1562 bytes]","args":[{"selector":{"controlType":"sap.m.Input","viewName":"etm.portal.ui.manageyards.view.New","viewId":"application-manageyards-display-component---NewYard","bindingPath":{"path":"","propertyPath":"/AUART","modelName":"NewYardModel"},"interaction":{"idSuffix":"inner"}},"wdio_ui5_key":"etmportal.ui.manageyards.view.Newsap.m.Input{\"path\":\"\",\"propertyPath\":\"/AUART\",\"modelName\":\"NewYardModel\"}"}]}
RESULT: {"script":"<script> [1562 bytes]","args":[{"selector":{"controlType":"sap.m.Input","viewName":"etm.portal.ui.manageyards.view.New","viewId":"application-manageyards-display-component---NewYard","bindingPath":{"path":"","propertyPath":"/AUART","modelName":"NewYardModel"},"interaction":{"idSuffix":"inner"}},"wdio_ui5_key":"etmportal.ui.manageyards.view.Newsap.m.Input{\"path\":\"\",\"propertyPath\":\"/AUART\",\"modelName\":\"NewYardModel\"}"}]}
RESULT: undefined
COMMAND: POST /session/bf687da40b3c98d128a44e447cb2f226/execute/async - {"script":"<script> [776 bytes]","args":[{"enterText":"TA","selector":{"controlType":"sap.m.Input","viewName":"etm.portal.ui.manageyards.view.New","viewId":"application-manageyards-display-component---NewYard","bindingPath":{"path":"","propertyPath":"/AUART","modelName":"NewYardModel"},"interaction":{"idSuffix":"inner"}},"clearTextFirst":true,"interactionType":"ENTER_TEXT"}]}
RESULT: {"script":"<script> [776 bytes]","args":[{"enterText":"TA","selector":{"controlType":"sap.m.Input","viewName":"etm.portal.ui.manageyards.view.New","viewId":"application-manageyards-display-component---NewYard","bindingPath":{"path":"","propertyPath":"/AUART","modelName":"NewYardModel"},"interaction":{"idSuffix":"inner"}},"clearTextFirst":true,"interactionType":"ENTER_TEXT"}]}
COMMAND: POST /session/bf687da40b3c98d128a44e447cb2f226/element - {"using":"xpath","value":"//button[@data-kt=\"newYardSaveButton\"]"}
RESULT: {"using":"xpath","value":"//button[@data-kt=\"newYardSaveButton\"]"}
COMMAND: POST /session/bf687da40b3c98d128a44e447cb2f226/element/f.868DDD9EF8C55ECB5E24C8AEC1C53E95.d.555866419653A0DD347D4C6E771BA9A4.e.706/click - {}
RESULT: {}
COMMAND: GET /session/bf687da40b3c98d128a44e447cb2f226/screenshot - {}
RESULT: {}
COMMAND: POST /session/bf687da40b3c98d128a44e447cb2f226/element - {"using":"xpath","value":"//header[contains(@id, 'ObjectPageLayout-headerTitle')]/div[1]/div[2]/div[1]/span[1]"}
RESULT: {"using":"xpath","value":"//header[contains(@id, 'ObjectPageLayout-headerTitle')]/div[1]/div[2]/div[1]/span[1]"}
COMMAND: POST /session/bf687da40b3c98d128a44e447cb2f226/elements - {"using":"xpath","value":"//header[contains(@id, 'ObjectPageLayout-headerTitle')]/div[1]/div[2]/div[1]/span[1]"}
RESULT: {"using":"xpath","value":"//header[contains(@id, 'ObjectPageLayout-headerTitle')]/div[1]/div[2]/div[1]/span[1]"}
COMMAND: POST /session/bf687da40b3c98d128a44e447cb2f226/execute/sync - {"script":"<script> [56 bytes]","args":[{"element-6066-11e4-a52e-4f735466cecf":"f.868DDD9EF8C55ECB5E24C8AEC1C53E95.d.555866419653A0DD347D4C6E771BA9A4.e.1006","ELEMENT":"f.868DDD9EF8C55ECB5E24C8AEC1C53E95.d.555866419653A0DD347D4C6E771BA9A4.e.1006"}]}
RESULT: {"script":"<script> [56 bytes]","args":[{"element-6066-11e4-a52e-4f735466cecf":"f.868DDD9EF8C55ECB5E24C8AEC1C53E95.d.555866419653A0DD347D4C6E771BA9A4.e.1006","ELEMENT":"f.868DDD9EF8C55ECB5E24C8AEC1C53E95.d.555866419653A0DD347D4C6E771BA9A4.e.1006"}]}
COMMAND: GET /session/bf687da40b3c98d128a44e447cb2f226/screenshot - {}
RESULT: {}
COMMAND: POST /session/bf687da40b3c98d128a44e447cb2f226/element - {"using":"css selector","value":"#shell-header-logo"}
RESULT: {"using":"css selector","value":"#shell-header-logo"}
COMMAND: POST /session/bf687da40b3c98d128a44e447cb2f226/element/f.868DDD9EF8C55ECB5E24C8AEC1C53E95.d.555866419653A0DD347D4C6E771BA9A4.e.258/click - {}
RESULT: {}
COMMAND: GET /session/bf687da40b3c98d128a44e447cb2f226/screenshot - {}
RESULT: {}
COMMAND: POST /session/bf687da40b3c98d128a44e447cb2f226/execute/sync - {"script":"<script> [299 bytes]","args":[["getModel","getResource"]]}
RESULT: {"script":"<script> [299 bytes]","args":[["getModel","getResource"]]}
COMMAND: GET /session/bf687da40b3c98d128a44e447cb2f226/screenshot - {}
]]></system-out>
    </testcase>
    <testcase classname="chrome.135_0_7049_96.windows.Partner_specific_tests_US150819_US151080_US151654_US151176_US103444_US151078_US151079_US151109_US151174_US151175_US151189" name="Should create new external partner US150819" time="84.383">
      <system-out><![CDATA[
COMMAND: POST /session/bf687da40b3c98d128a44e447cb2f226/element - {"using":"xpath","value":"//li[.//span[text()=\"Manage Partners\"]]"}
RESULT: {}
RESULT: {"using":"xpath","value":"//li[.//span[text()=\"Manage Partners\"]]"}
COMMAND: POST /session/bf687da40b3c98d128a44e447cb2f226/element - {"using":"xpath","value":"//li[.//span[text()=\"Manage Partners\"]]"}
RESULT: {"using":"xpath","value":"//li[.//span[text()=\"Manage Partners\"]]"}
COMMAND: POST /session/bf687da40b3c98d128a44e447cb2f226/element - {"using":"css selector","value":"#shell-header-logo"}
RESULT: {"using":"css selector","value":"#shell-header-logo"}
COMMAND: POST /session/bf687da40b3c98d128a44e447cb2f226/element/f.868DDD9EF8C55ECB5E24C8AEC1C53E95.d.555866419653A0DD347D4C6E771BA9A4.e.1009/click - {}
COMMAND: POST /session/bf687da40b3c98d128a44e447cb2f226/execute/sync - {"script":"<script> [8489 bytes]","args":[{"element-6066-11e4-a52e-4f735466cecf":"f.868DDD9EF8C55ECB5E24C8AEC1C53E95.d.555866419653A0DD347D4C6E771BA9A4.e.1009","ELEMENT":"f.868DDD9EF8C55ECB5E24C8AEC1C53E95.d.555866419653A0DD347D4C6E771BA9A4.e.1009"}]}
RESULT: {}
COMMAND: GET /session/bf687da40b3c98d128a44e447cb2f226/screenshot - {}
RESULT: {"script":"<script> [8489 bytes]","args":[{"element-6066-11e4-a52e-4f735466cecf":"f.868DDD9EF8C55ECB5E24C8AEC1C53E95.d.555866419653A0DD347D4C6E771BA9A4.e.1009","ELEMENT":"f.868DDD9EF8C55ECB5E24C8AEC1C53E95.d.555866419653A0DD347D4C6E771BA9A4.e.1009"}]}
COMMAND: POST /session/bf687da40b3c98d128a44e447cb2f226/execute/sync - {"script":"<script> [5351 bytes]","args":[{"element-6066-11e4-a52e-4f735466cecf":"f.868DDD9EF8C55ECB5E24C8AEC1C53E95.d.555866419653A0DD347D4C6E771BA9A4.e.1009","ELEMENT":"f.868DDD9EF8C55ECB5E24C8AEC1C53E95.d.555866419653A0DD347D4C6E771BA9A4.e.1009"}]}
COMMAND: GET /session/bf687da40b3c98d128a44e447cb2f226/screenshot - {}
RESULT: {}
RESULT: {"script":"<script> [5351 bytes]","args":[{"element-6066-11e4-a52e-4f735466cecf":"f.868DDD9EF8C55ECB5E24C8AEC1C53E95.d.555866419653A0DD347D4C6E771BA9A4.e.1009","ELEMENT":"f.868DDD9EF8C55ECB5E24C8AEC1C53E95.d.555866419653A0DD347D4C6E771BA9A4.e.1009"}]}
COMMAND: GET /session/bf687da40b3c98d128a44e447cb2f226/screenshot - {}
RESULT: {}
RESULT: {}
COMMAND: POST /session/bf687da40b3c98d128a44e447cb2f226/window/fullscreen - {}
RESULT: {}
COMMAND: POST /session/bf687da40b3c98d128a44e447cb2f226/execute/async - {"script":"<script> [1562 bytes]","args":[{"selector":{"controlType":"sap.m.GenericTile","properties":{"header":"Manage Partners"}},"wdio_ui5_key":"sapm.GenericTile{\"header\":\"Manage Partners\"}"}]}
RESULT: {"script":"<script> [1562 bytes]","args":[{"selector":{"controlType":"sap.m.GenericTile","properties":{"header":"Manage Partners"}},"wdio_ui5_key":"sapm.GenericTile{\"header\":\"Manage Partners\"}"}]}
RESULT: undefined
COMMAND: POST /session/bf687da40b3c98d128a44e447cb2f226/element - {"using":"xpath","value":"//*[@id=\"__tile38\"]"}
RESULT: {"using":"xpath","value":"//*[@id=\"__tile38\"]"}
COMMAND: POST /session/bf687da40b3c98d128a44e447cb2f226/element/f.868DDD9EF8C55ECB5E24C8AEC1C53E95.d.555866419653A0DD347D4C6E771BA9A4.e.146/click - {}
RESULT: {}
COMMAND: POST /session/bf687da40b3c98d128a44e447cb2f226/element - {"using":"xpath","value":"//button[@data-kt=\"addButton\"]"}
COMMAND: GET /session/bf687da40b3c98d128a44e447cb2f226/screenshot - {}
RESULT: {"using":"xpath","value":"//button[@data-kt=\"addButton\"]"}
COMMAND: POST /session/bf687da40b3c98d128a44e447cb2f226/elements - {"using":"xpath","value":"//button[@data-kt=\"addButton\"]"}
RESULT: {}
RESULT: {"using":"xpath","value":"//button[@data-kt=\"addButton\"]"}
COMMAND: POST /session/bf687da40b3c98d128a44e447cb2f226/elements - {"using":"xpath","value":"//button[@data-kt=\"addButton\"]"}
RESULT: {"using":"xpath","value":"//button[@data-kt=\"addButton\"]"}
COMMAND: POST /session/bf687da40b3c98d128a44e447cb2f226/elements - {"using":"xpath","value":"//button[@data-kt=\"addButton\"]"}
RESULT: {"using":"xpath","value":"//button[@data-kt=\"addButton\"]"}
COMMAND: POST /session/bf687da40b3c98d128a44e447cb2f226/elements - {"using":"xpath","value":"//button[@data-kt=\"addButton\"]"}
RESULT: {"using":"xpath","value":"//button[@data-kt=\"addButton\"]"}
COMMAND: POST /session/bf687da40b3c98d128a44e447cb2f226/elements - {"using":"xpath","value":"//button[@data-kt=\"addButton\"]"}
RESULT: {"using":"xpath","value":"//button[@data-kt=\"addButton\"]"}
COMMAND: POST /session/bf687da40b3c98d128a44e447cb2f226/elements - {"using":"xpath","value":"//button[@data-kt=\"addButton\"]"}
RESULT: {"using":"xpath","value":"//button[@data-kt=\"addButton\"]"}
COMMAND: POST /session/bf687da40b3c98d128a44e447cb2f226/elements - {"using":"xpath","value":"//button[@data-kt=\"addButton\"]"}
RESULT: {"using":"xpath","value":"//button[@data-kt=\"addButton\"]"}
COMMAND: POST /session/bf687da40b3c98d128a44e447cb2f226/elements - {"using":"xpath","value":"//button[@data-kt=\"addButton\"]"}
RESULT: {"using":"xpath","value":"//button[@data-kt=\"addButton\"]"}
COMMAND: POST /session/bf687da40b3c98d128a44e447cb2f226/elements - {"using":"xpath","value":"//button[@data-kt=\"addButton\"]"}
RESULT: {"using":"xpath","value":"//button[@data-kt=\"addButton\"]"}
COMMAND: POST /session/bf687da40b3c98d128a44e447cb2f226/elements - {"using":"xpath","value":"//button[@data-kt=\"addButton\"]"}
RESULT: {"using":"xpath","value":"//button[@data-kt=\"addButton\"]"}
COMMAND: POST /session/bf687da40b3c98d128a44e447cb2f226/elements - {"using":"xpath","value":"//button[@data-kt=\"addButton\"]"}
RESULT: {"using":"xpath","value":"//button[@data-kt=\"addButton\"]"}
COMMAND: POST /session/bf687da40b3c98d128a44e447cb2f226/element - {"using":"xpath","value":"//button[@data-kt=\"addButton\"]"}
RESULT: {"using":"xpath","value":"//button[@data-kt=\"addButton\"]"}
COMMAND: POST /session/bf687da40b3c98d128a44e447cb2f226/execute/sync - {"script":"<script> [8489 bytes]","args":[{"element-6066-11e4-a52e-4f735466cecf":"f.868DDD9EF8C55ECB5E24C8AEC1C53E95.d.555866419653A0DD347D4C6E771BA9A4.e.1055","ELEMENT":"f.868DDD9EF8C55ECB5E24C8AEC1C53E95.d.555866419653A0DD347D4C6E771BA9A4.e.1055"}]}
RESULT: {"script":"<script> [8489 bytes]","args":[{"element-6066-11e4-a52e-4f735466cecf":"f.868DDD9EF8C55ECB5E24C8AEC1C53E95.d.555866419653A0DD347D4C6E771BA9A4.e.1055","ELEMENT":"f.868DDD9EF8C55ECB5E24C8AEC1C53E95.d.555866419653A0DD347D4C6E771BA9A4.e.1055"}]}
COMMAND: GET /session/bf687da40b3c98d128a44e447cb2f226/element/f.868DDD9EF8C55ECB5E24C8AEC1C53E95.d.555866419653A0DD347D4C6E771BA9A4.e.1055/enabled - {}
COMMAND: GET /session/bf687da40b3c98d128a44e447cb2f226/screenshot - {}
RESULT: {}
COMMAND: POST /session/bf687da40b3c98d128a44e447cb2f226/execute/sync - {"script":"<script> [8489 bytes]","args":[{"element-6066-11e4-a52e-4f735466cecf":"f.868DDD9EF8C55ECB5E24C8AEC1C53E95.d.555866419653A0DD347D4C6E771BA9A4.e.1055","ELEMENT":"f.868DDD9EF8C55ECB5E24C8AEC1C53E95.d.555866419653A0DD347D4C6E771BA9A4.e.1055"}]}
COMMAND: GET /session/bf687da40b3c98d128a44e447cb2f226/screenshot - {}
RESULT: {}
RESULT: {"script":"<script> [8489 bytes]","args":[{"element-6066-11e4-a52e-4f735466cecf":"f.868DDD9EF8C55ECB5E24C8AEC1C53E95.d.555866419653A0DD347D4C6E771BA9A4.e.1055","ELEMENT":"f.868DDD9EF8C55ECB5E24C8AEC1C53E95.d.555866419653A0DD347D4C6E771BA9A4.e.1055"}]}
COMMAND: POST /session/bf687da40b3c98d128a44e447cb2f226/execute/sync - {"script":"<script> [5351 bytes]","args":[{"element-6066-11e4-a52e-4f735466cecf":"f.868DDD9EF8C55ECB5E24C8AEC1C53E95.d.555866419653A0DD347D4C6E771BA9A4.e.1055","ELEMENT":"f.868DDD9EF8C55ECB5E24C8AEC1C53E95.d.555866419653A0DD347D4C6E771BA9A4.e.1055"}]}
COMMAND: GET /session/bf687da40b3c98d128a44e447cb2f226/screenshot - {}
RESULT: {}
RESULT: {"script":"<script> [5351 bytes]","args":[{"element-6066-11e4-a52e-4f735466cecf":"f.868DDD9EF8C55ECB5E24C8AEC1C53E95.d.555866419653A0DD347D4C6E771BA9A4.e.1055","ELEMENT":"f.868DDD9EF8C55ECB5E24C8AEC1C53E95.d.555866419653A0DD347D4C6E771BA9A4.e.1055"}]}
COMMAND: POST /session/bf687da40b3c98d128a44e447cb2f226/element/f.868DDD9EF8C55ECB5E24C8AEC1C53E95.d.555866419653A0DD347D4C6E771BA9A4.e.1055/click - {}
COMMAND: GET /session/bf687da40b3c98d128a44e447cb2f226/screenshot - {}
RESULT: {}
RESULT: {}
COMMAND: GET /session/bf687da40b3c98d128a44e447cb2f226/screenshot - {}
COMMAND: POST /session/bf687da40b3c98d128a44e447cb2f226/execute/async - {"script":"<script> [1562 bytes]","args":[{"selector":{"id":"application-managepartners-display-component---NewPartner--addressDetailDetailsName1","interaction":{"idSuffix":"inner"}},"wdio_ui5_key":"applicationmanagepartners-display-component---NewPartner--addressDetailDetailsName1"}]}
RESULT: {}
RESULT: {}
RESULT: {"script":"<script> [1562 bytes]","args":[{"selector":{"id":"application-managepartners-display-component---NewPartner--addressDetailDetailsName1","interaction":{"idSuffix":"inner"}},"wdio_ui5_key":"applicationmanagepartners-display-component---NewPartner--addressDetailDetailsName1"}]}
RESULT: undefined
COMMAND: POST /session/bf687da40b3c98d128a44e447cb2f226/execute/async - {"script":"<script> [776 bytes]","args":[{"enterText":"External Partner WDIO","selector":{"id":"application-managepartners-display-component---NewPartner--addressDetailDetailsName1","interaction":{"idSuffix":"inner"}},"clearTextFirst":true,"interactionType":"ENTER_TEXT"}]}
RESULT: {"script":"<script> [776 bytes]","args":[{"enterText":"External Partner WDIO","selector":{"id":"application-managepartners-display-component---NewPartner--addressDetailDetailsName1","interaction":{"idSuffix":"inner"}},"clearTextFirst":true,"interactionType":"ENTER_TEXT"}]}
COMMAND: POST /session/bf687da40b3c98d128a44e447cb2f226/execute/async - {"script":"<script> [1562 bytes]","args":[{"selector":{"id":"application-managepartners-display-component---NewPartner--addressDetailDetailsLanguage-arrow"},"wdio_ui5_key":"applicationmanagepartners-display-component---NewPartner--addressDetailDetailsLanguage-arrow"}]}
RESULT: {"script":"<script> [1562 bytes]","args":[{"selector":{"id":"application-managepartners-display-component---NewPartner--addressDetailDetailsLanguage-arrow"},"wdio_ui5_key":"applicationmanagepartners-display-component---NewPartner--addressDetailDetailsLanguage-arrow"}]}
RESULT: undefined
COMMAND: POST /session/bf687da40b3c98d128a44e447cb2f226/element - {"using":"xpath","value":"//*[@id=\"application-managepartners-display-component---NewPartner--addressDetailDetailsLanguage-arrow\"]"}
RESULT: {"using":"xpath","value":"//*[@id=\"application-managepartners-display-component---NewPartner--addressDetailDetailsLanguage-arrow\"]"}
COMMAND: POST /session/bf687da40b3c98d128a44e447cb2f226/element/f.868DDD9EF8C55ECB5E24C8AEC1C53E95.d.555866419653A0DD347D4C6E771BA9A4.e.1499/click - {}
RESULT: {}
COMMAND: POST /session/bf687da40b3c98d128a44e447cb2f226/element - {"using":"xpath","value":"//span[contains(text(), \"English\")]"}
COMMAND: GET /session/bf687da40b3c98d128a44e447cb2f226/screenshot - {}
RESULT: {"using":"xpath","value":"//span[contains(text(), \"English\")]"}
COMMAND: POST /session/bf687da40b3c98d128a44e447cb2f226/element/f.868DDD9EF8C55ECB5E24C8AEC1C53E95.d.555866419653A0DD347D4C6E771BA9A4.e.1500/click - {}
RESULT: {}
RESULT: {}
COMMAND: GET /session/bf687da40b3c98d128a44e447cb2f226/screenshot - {}
RESULT: {}
COMMAND: POST /session/bf687da40b3c98d128a44e447cb2f226/execute/async - {"script":"<script> [1562 bytes]","args":[{"selector":{"id":"application-managepartners-display-component---NewPartner--addressDetailDetailsCity1","interaction":{"idSuffix":"inner"}},"wdio_ui5_key":"applicationmanagepartners-display-component---NewPartner--addressDetailDetailsCity1"}]}
RESULT: {"script":"<script> [1562 bytes]","args":[{"selector":{"id":"application-managepartners-display-component---NewPartner--addressDetailDetailsCity1","interaction":{"idSuffix":"inner"}},"wdio_ui5_key":"applicationmanagepartners-display-component---NewPartner--addressDetailDetailsCity1"}]}
RESULT: undefined
COMMAND: POST /session/bf687da40b3c98d128a44e447cb2f226/execute/async - {"script":"<script> [776 bytes]","args":[{"enterText":"Rosario","selector":{"id":"application-managepartners-display-component---NewPartner--addressDetailDetailsCity1","interaction":{"idSuffix":"inner"}},"clearTextFirst":true,"interactionType":"ENTER_TEXT"}]}
RESULT: {"script":"<script> [776 bytes]","args":[{"enterText":"Rosario","selector":{"id":"application-managepartners-display-component---NewPartner--addressDetailDetailsCity1","interaction":{"idSuffix":"inner"}},"clearTextFirst":true,"interactionType":"ENTER_TEXT"}]}
COMMAND: POST /session/bf687da40b3c98d128a44e447cb2f226/execute/async - {"script":"<script> [1562 bytes]","args":[{"selector":{"id":"application-managepartners-display-component---NewPartner--addressDetailDetailsCountry-arrow"},"wdio_ui5_key":"applicationmanagepartners-display-component---NewPartner--addressDetailDetailsCountry-arrow"}]}
RESULT: {"script":"<script> [1562 bytes]","args":[{"selector":{"id":"application-managepartners-display-component---NewPartner--addressDetailDetailsCountry-arrow"},"wdio_ui5_key":"applicationmanagepartners-display-component---NewPartner--addressDetailDetailsCountry-arrow"}]}
RESULT: undefined
COMMAND: POST /session/bf687da40b3c98d128a44e447cb2f226/element - {"using":"xpath","value":"//*[@id=\"application-managepartners-display-component---NewPartner--addressDetailDetailsCountry-arrow\"]"}
RESULT: {"using":"xpath","value":"//*[@id=\"application-managepartners-display-component---NewPartner--addressDetailDetailsCountry-arrow\"]"}
COMMAND: POST /session/bf687da40b3c98d128a44e447cb2f226/element/f.868DDD9EF8C55ECB5E24C8AEC1C53E95.d.555866419653A0DD347D4C6E771BA9A4.e.1486/click - {}
RESULT: {}
COMMAND: POST /session/bf687da40b3c98d128a44e447cb2f226/element - {"using":"xpath","value":"//span[contains(text(), \"Argentina\")]"}
COMMAND: GET /session/bf687da40b3c98d128a44e447cb2f226/screenshot - {}
RESULT: {"using":"xpath","value":"//span[contains(text(), \"Argentina\")]"}
COMMAND: POST /session/bf687da40b3c98d128a44e447cb2f226/element/f.868DDD9EF8C55ECB5E24C8AEC1C53E95.d.555866419653A0DD347D4C6E771BA9A4.e.1502/click - {}
RESULT: {}
RESULT: {}
COMMAND: GET /session/bf687da40b3c98d128a44e447cb2f226/screenshot - {}
RESULT: {}
COMMAND: POST /session/bf687da40b3c98d128a44e447cb2f226/element - {"using":"xpath","value":"//bdi[contains(text(), \"Commercial\")]"}
RESULT: {"using":"xpath","value":"//bdi[contains(text(), \"Commercial\")]"}
COMMAND: POST /session/bf687da40b3c98d128a44e447cb2f226/element/f.868DDD9EF8C55ECB5E24C8AEC1C53E95.d.555866419653A0DD347D4C6E771BA9A4.e.1503/click - {}
RESULT: {}
COMMAND: GET /session/bf687da40b3c98d128a44e447cb2f226/screenshot - {}
RESULT: {}
COMMAND: POST /session/bf687da40b3c98d128a44e447cb2f226/execute/async - {"script":"<script> [1562 bytes]","args":[{"selector":{"id":"application-managepartners-display-component---NewPartner--partnerDetailInternal-arrow"},"wdio_ui5_key":"applicationmanagepartners-display-component---NewPartner--partnerDetailInternal-arrow"}]}
RESULT: {"script":"<script> [1562 bytes]","args":[{"selector":{"id":"application-managepartners-display-component---NewPartner--partnerDetailInternal-arrow"},"wdio_ui5_key":"applicationmanagepartners-display-component---NewPartner--partnerDetailInternal-arrow"}]}
RESULT: undefined
COMMAND: POST /session/bf687da40b3c98d128a44e447cb2f226/element - {"using":"xpath","value":"//*[@id=\"application-managepartners-display-component---NewPartner--partnerDetailInternal-arrow\"]"}
RESULT: {"using":"xpath","value":"//*[@id=\"application-managepartners-display-component---NewPartner--partnerDetailInternal-arrow\"]"}
COMMAND: POST /session/bf687da40b3c98d128a44e447cb2f226/element/f.868DDD9EF8C55ECB5E24C8AEC1C53E95.d.555866419653A0DD347D4C6E771BA9A4.e.1509/click - {}
RESULT: {}
COMMAND: POST /session/bf687da40b3c98d128a44e447cb2f226/element - {"using":"xpath","value":"//span[contains(text(), \"External partner\")]"}
COMMAND: GET /session/bf687da40b3c98d128a44e447cb2f226/screenshot - {}
RESULT: {"using":"xpath","value":"//span[contains(text(), \"External partner\")]"}
COMMAND: POST /session/bf687da40b3c98d128a44e447cb2f226/element/f.868DDD9EF8C55ECB5E24C8AEC1C53E95.d.555866419653A0DD347D4C6E771BA9A4.e.1510/click - {}
RESULT: {}
RESULT: {}
COMMAND: POST /session/bf687da40b3c98d128a44e447cb2f226/execute/async - {"script":"<script> [1562 bytes]","args":[{"selector":{"id":"application-managepartners-display-component---NewPartner--partnerDetailsCurrency-arrow"},"wdio_ui5_key":"applicationmanagepartners-display-component---NewPartner--partnerDetailsCurrency-arrow"}]}
COMMAND: GET /session/bf687da40b3c98d128a44e447cb2f226/screenshot - {}
RESULT: {"script":"<script> [1562 bytes]","args":[{"selector":{"id":"application-managepartners-display-component---NewPartner--partnerDetailsCurrency-arrow"},"wdio_ui5_key":"applicationmanagepartners-display-component---NewPartner--partnerDetailsCurrency-arrow"}]}
RESULT: undefined
COMMAND: POST /session/bf687da40b3c98d128a44e447cb2f226/element - {"using":"xpath","value":"//*[@id=\"application-managepartners-display-component---NewPartner--partnerDetailsCurrency-arrow\"]"}
RESULT: {}
RESULT: {"using":"xpath","value":"//*[@id=\"application-managepartners-display-component---NewPartner--partnerDetailsCurrency-arrow\"]"}
COMMAND: POST /session/bf687da40b3c98d128a44e447cb2f226/element/f.868DDD9EF8C55ECB5E24C8AEC1C53E95.d.555866419653A0DD347D4C6E771BA9A4.e.1515/click - {}
RESULT: {}
COMMAND: POST /session/bf687da40b3c98d128a44e447cb2f226/element - {"using":"xpath","value":"//span[contains(text(), \"US Dollar\")]"}
COMMAND: GET /session/bf687da40b3c98d128a44e447cb2f226/screenshot - {}
RESULT: {"using":"xpath","value":"//span[contains(text(), \"US Dollar\")]"}
COMMAND: POST /session/bf687da40b3c98d128a44e447cb2f226/element/f.868DDD9EF8C55ECB5E24C8AEC1C53E95.d.555866419653A0DD347D4C6E771BA9A4.e.1516/click - {}
RESULT: {}
RESULT: {}
COMMAND: GET /session/bf687da40b3c98d128a44e447cb2f226/screenshot - {}
RESULT: {}
COMMAND: POST /session/bf687da40b3c98d128a44e447cb2f226/element - {"using":"xpath","value":"//input[@id=\"application-managepartners-display-component---NewPartner--companyCodeComboBox-inner\"]"}
RESULT: {"using":"xpath","value":"//input[@id=\"application-managepartners-display-component---NewPartner--companyCodeComboBox-inner\"]"}
COMMAND: POST /session/bf687da40b3c98d128a44e447cb2f226/element/f.868DDD9EF8C55ECB5E24C8AEC1C53E95.d.555866419653A0DD347D4C6E771BA9A4.e.1357/clear - {}
RESULT: {}
COMMAND: POST /session/bf687da40b3c98d128a44e447cb2f226/element/f.868DDD9EF8C55ECB5E24C8AEC1C53E95.d.555866419653A0DD347D4C6E771BA9A4.e.1357/value - {"text":"C002"}
COMMAND: GET /session/bf687da40b3c98d128a44e447cb2f226/screenshot - {}
RESULT: {"text":"C002"}
COMMAND: GET /session/bf687da40b3c98d128a44e447cb2f226/screenshot - {}
RESULT: {}
RESULT: {}
COMMAND: POST /session/bf687da40b3c98d128a44e447cb2f226/element - {"using":"xpath","value":"//span[contains(text(), \"C002\")]"}
RESULT: {"using":"xpath","value":"//span[contains(text(), \"C002\")]"}
COMMAND: POST /session/bf687da40b3c98d128a44e447cb2f226/element/f.868DDD9EF8C55ECB5E24C8AEC1C53E95.d.555866419653A0DD347D4C6E771BA9A4.e.1520/click - {}
RESULT: {}
COMMAND: GET /session/bf687da40b3c98d128a44e447cb2f226/screenshot - {}
RESULT: {}
COMMAND: POST /session/bf687da40b3c98d128a44e447cb2f226/execute/async - {"script":"<script> [1562 bytes]","args":[{"selector":{"id":"application-managepartners-display-component---NewPartner--btnAddTableRow-img"},"wdio_ui5_key":"applicationmanagepartners-display-component---NewPartner--btnAddTableRow-img"}]}
RESULT: {"script":"<script> [1562 bytes]","args":[{"selector":{"id":"application-managepartners-display-component---NewPartner--btnAddTableRow-img"},"wdio_ui5_key":"applicationmanagepartners-display-component---NewPartner--btnAddTableRow-img"}]}
RESULT: undefined
COMMAND: POST /session/bf687da40b3c98d128a44e447cb2f226/element - {"using":"xpath","value":"//*[@id=\"application-managepartners-display-component---NewPartner--btnAddTableRow-img\"]"}
RESULT: {"using":"xpath","value":"//*[@id=\"application-managepartners-display-component---NewPartner--btnAddTableRow-img\"]"}
COMMAND: POST /session/bf687da40b3c98d128a44e447cb2f226/element/f.868DDD9EF8C55ECB5E24C8AEC1C53E95.d.555866419653A0DD347D4C6E771BA9A4.e.1521/click - {}
RESULT: {}
COMMAND: GET /session/bf687da40b3c98d128a44e447cb2f226/screenshot - {}
RESULT: {}
COMMAND: POST /session/bf687da40b3c98d128a44e447cb2f226/element - {"using":"xpath","value":"//input[@id=\"application-managepartners-display-component---NewPartner--assignmentYard-application-managepartners-display-component---NewPartner--assignmentsTable-0-inner\"]"}
RESULT: {"using":"xpath","value":"//input[@id=\"application-managepartners-display-component---NewPartner--assignmentYard-application-managepartners-display-component---NewPartner--assignmentsTable-0-inner\"]"}
COMMAND: POST /session/bf687da40b3c98d128a44e447cb2f226/element/f.868DDD9EF8C55ECB5E24C8AEC1C53E95.d.555866419653A0DD347D4C6E771BA9A4.e.1524/clear - {}
RESULT: {}
COMMAND: POST /session/bf687da40b3c98d128a44e447cb2f226/element/f.868DDD9EF8C55ECB5E24C8AEC1C53E95.d.555866419653A0DD347D4C6E771BA9A4.e.1524/value - {"text":"348"}
COMMAND: GET /session/bf687da40b3c98d128a44e447cb2f226/screenshot - {}
RESULT: {"text":"348"}
COMMAND: GET /session/bf687da40b3c98d128a44e447cb2f226/screenshot - {}
RESULT: {}
RESULT: {}
COMMAND: POST /session/bf687da40b3c98d128a44e447cb2f226/element - {"using":"xpath","value":"//li[.//span[text()='348']]"}
RESULT: {"using":"xpath","value":"//li[.//span[text()='348']]"}
COMMAND: POST /session/bf687da40b3c98d128a44e447cb2f226/element/f.868DDD9EF8C55ECB5E24C8AEC1C53E95.d.555866419653A0DD347D4C6E771BA9A4.e.1532/click - {}
RESULT: {}
COMMAND: GET /session/bf687da40b3c98d128a44e447cb2f226/screenshot - {}
RESULT: {}
COMMAND: POST /session/bf687da40b3c98d128a44e447cb2f226/actions - {"actions":[{"id":"action2","type":"key","parameters":{},"actions":[{"type":"keyDown","value":"î€‡"},{"type":"pause","duration":10},{"type":"keyUp","value":"î€‡"}]}]}
RESULT: {"actions":[{"id":"action2","type":"key","parameters":{},"actions":[{"type":"keyDown","value":"î€‡"},{"type":"pause","duration":10},{"type":"keyUp","value":"î€‡"}]}]}
COMMAND: POST /session/bf687da40b3c98d128a44e447cb2f226/element - {"using":"xpath","value":"//td[contains(@id, \"assignmentsTable-0-cell2\")]/div/div"}
COMMAND: GET /session/bf687da40b3c98d128a44e447cb2f226/screenshot - {}
RESULT: {"using":"xpath","value":"//td[contains(@id, \"assignmentsTable-0-cell2\")]/div/div"}
COMMAND: POST /session/bf687da40b3c98d128a44e447cb2f226/element/f.868DDD9EF8C55ECB5E24C8AEC1C53E95.d.555866419653A0DD347D4C6E771BA9A4.e.1535/click - {}
RESULT: {}
RESULT: {}
COMMAND: GET /session/bf687da40b3c98d128a44e447cb2f226/screenshot - {}
RESULT: {}
COMMAND: POST /session/bf687da40b3c98d128a44e447cb2f226/element - {"using":"xpath","value":"//button[@data-kt=\"saveButton\"]"}
RESULT: {"using":"xpath","value":"//button[@data-kt=\"saveButton\"]"}
COMMAND: POST /session/bf687da40b3c98d128a44e447cb2f226/element/f.868DDD9EF8C55ECB5E24C8AEC1C53E95.d.555866419653A0DD347D4C6E771BA9A4.e.1424/click - {}
RESULT: {}
COMMAND: GET /session/bf687da40b3c98d128a44e447cb2f226/screenshot - {}
RESULT: {}
COMMAND: POST /session/bf687da40b3c98d128a44e447cb2f226/element - {"using":"xpath","value":"//header[contains(@id, 'ObjectPageLayout-headerTitle')]/div[1]/div[2]/div[2]/span[1]"}
RESULT: {"using":"xpath","value":"//header[contains(@id, 'ObjectPageLayout-headerTitle')]/div[1]/div[2]/div[2]/span[1]"}
COMMAND: POST /session/bf687da40b3c98d128a44e447cb2f226/elements - {"using":"xpath","value":"//header[contains(@id, 'ObjectPageLayout-headerTitle')]/div[1]/div[2]/div[2]/span[1]"}
RESULT: {"using":"xpath","value":"//header[contains(@id, 'ObjectPageLayout-headerTitle')]/div[1]/div[2]/div[2]/span[1]"}
COMMAND: POST /session/bf687da40b3c98d128a44e447cb2f226/execute/sync - {"script":"<script> [56 bytes]","args":[{"element-6066-11e4-a52e-4f735466cecf":"f.868DDD9EF8C55ECB5E24C8AEC1C53E95.d.555866419653A0DD347D4C6E771BA9A4.e.1697","ELEMENT":"f.868DDD9EF8C55ECB5E24C8AEC1C53E95.d.555866419653A0DD347D4C6E771BA9A4.e.1697"}]}
RESULT: {"script":"<script> [56 bytes]","args":[{"element-6066-11e4-a52e-4f735466cecf":"f.868DDD9EF8C55ECB5E24C8AEC1C53E95.d.555866419653A0DD347D4C6E771BA9A4.e.1697","ELEMENT":"f.868DDD9EF8C55ECB5E24C8AEC1C53E95.d.555866419653A0DD347D4C6E771BA9A4.e.1697"}]}
COMMAND: POST /session/bf687da40b3c98d128a44e447cb2f226/element - {"using":"css selector","value":"#shell-header-logo"}
COMMAND: GET /session/bf687da40b3c98d128a44e447cb2f226/screenshot - {}
RESULT: {"using":"css selector","value":"#shell-header-logo"}
COMMAND: POST /session/bf687da40b3c98d128a44e447cb2f226/element/f.868DDD9EF8C55ECB5E24C8AEC1C53E95.d.555866419653A0DD347D4C6E771BA9A4.e.1009/click - {}
RESULT: {}
RESULT: {}
COMMAND: GET /session/bf687da40b3c98d128a44e447cb2f226/screenshot - {}
RESULT: {}
COMMAND: POST /session/bf687da40b3c98d128a44e447cb2f226/execute/sync - {"script":"<script> [299 bytes]","args":[["getModel","getResource"]]}
RESULT: {"script":"<script> [299 bytes]","args":[["getModel","getResource"]]}
COMMAND: GET /session/bf687da40b3c98d128a44e447cb2f226/screenshot - {}
]]></system-out>
    </testcase>
    <testcase classname="chrome.135_0_7049_96.windows.Partner_specific_tests_US150819_US151080_US151654_US151176_US103444_US151078_US151079_US151109_US151174_US151175_US151189" name="Should filter and search partners US151080" time="90.11">
      <system-out><![CDATA[
COMMAND: POST /session/bf687da40b3c98d128a44e447cb2f226/element - {"using":"xpath","value":"//li[.//span[text()=\"Manage Partners\"]]"}
RESULT: {}
RESULT: {"using":"xpath","value":"//li[.//span[text()=\"Manage Partners\"]]"}
COMMAND: POST /session/bf687da40b3c98d128a44e447cb2f226/element - {"using":"xpath","value":"//li[.//span[text()=\"Manage Partners\"]]"}
RESULT: {"using":"xpath","value":"//li[.//span[text()=\"Manage Partners\"]]"}
COMMAND: POST /session/bf687da40b3c98d128a44e447cb2f226/element - {"using":"css selector","value":"#shell-header-logo"}
RESULT: {"using":"css selector","value":"#shell-header-logo"}
COMMAND: POST /session/bf687da40b3c98d128a44e447cb2f226/element/f.868DDD9EF8C55ECB5E24C8AEC1C53E95.d.555866419653A0DD347D4C6E771BA9A4.e.1699/click - {}
COMMAND: POST /session/bf687da40b3c98d128a44e447cb2f226/execute/sync - {"script":"<script> [8489 bytes]","args":[{"element-6066-11e4-a52e-4f735466cecf":"f.868DDD9EF8C55ECB5E24C8AEC1C53E95.d.555866419653A0DD347D4C6E771BA9A4.e.1699","ELEMENT":"f.868DDD9EF8C55ECB5E24C8AEC1C53E95.d.555866419653A0DD347D4C6E771BA9A4.e.1699"}]}
RESULT: {}
COMMAND: GET /session/bf687da40b3c98d128a44e447cb2f226/screenshot - {}
RESULT: {"script":"<script> [8489 bytes]","args":[{"element-6066-11e4-a52e-4f735466cecf":"f.868DDD9EF8C55ECB5E24C8AEC1C53E95.d.555866419653A0DD347D4C6E771BA9A4.e.1699","ELEMENT":"f.868DDD9EF8C55ECB5E24C8AEC1C53E95.d.555866419653A0DD347D4C6E771BA9A4.e.1699"}]}
COMMAND: POST /session/bf687da40b3c98d128a44e447cb2f226/execute/sync - {"script":"<script> [5351 bytes]","args":[{"element-6066-11e4-a52e-4f735466cecf":"f.868DDD9EF8C55ECB5E24C8AEC1C53E95.d.555866419653A0DD347D4C6E771BA9A4.e.1699","ELEMENT":"f.868DDD9EF8C55ECB5E24C8AEC1C53E95.d.555866419653A0DD347D4C6E771BA9A4.e.1699"}]}
COMMAND: GET /session/bf687da40b3c98d128a44e447cb2f226/screenshot - {}
RESULT: {}
RESULT: {"script":"<script> [5351 bytes]","args":[{"element-6066-11e4-a52e-4f735466cecf":"f.868DDD9EF8C55ECB5E24C8AEC1C53E95.d.555866419653A0DD347D4C6E771BA9A4.e.1699","ELEMENT":"f.868DDD9EF8C55ECB5E24C8AEC1C53E95.d.555866419653A0DD347D4C6E771BA9A4.e.1699"}]}
COMMAND: GET /session/bf687da40b3c98d128a44e447cb2f226/screenshot - {}
RESULT: {}
RESULT: {}
RESULT: undefined
COMMAND: POST /session/bf687da40b3c98d128a44e447cb2f226/element - {"using":"xpath","value":"//*[@id=\"__tile38\"]"}
RESULT: {"using":"xpath","value":"//*[@id=\"__tile38\"]"}
COMMAND: POST /session/bf687da40b3c98d128a44e447cb2f226/element/f.868DDD9EF8C55ECB5E24C8AEC1C53E95.d.555866419653A0DD347D4C6E771BA9A4.e.146/click - {}
RESULT: {}
COMMAND: POST /session/bf687da40b3c98d128a44e447cb2f226/element - {"using":"xpath","value":"//button[@data-kt=\"addButton\"]"}
COMMAND: GET /session/bf687da40b3c98d128a44e447cb2f226/screenshot - {}
RESULT: {"using":"xpath","value":"//button[@data-kt=\"addButton\"]"}
COMMAND: POST /session/bf687da40b3c98d128a44e447cb2f226/elements - {"using":"xpath","value":"//button[@data-kt=\"addButton\"]"}
RESULT: {}
RESULT: {"using":"xpath","value":"//button[@data-kt=\"addButton\"]"}
COMMAND: POST /session/bf687da40b3c98d128a44e447cb2f226/elements - {"using":"xpath","value":"//button[@data-kt=\"addButton\"]"}
RESULT: {"using":"xpath","value":"//button[@data-kt=\"addButton\"]"}
COMMAND: POST /session/bf687da40b3c98d128a44e447cb2f226/element - {"using":"xpath","value":"//button[@data-kt=\"addButton\"]"}
RESULT: {"using":"xpath","value":"//button[@data-kt=\"addButton\"]"}
COMMAND: POST /session/bf687da40b3c98d128a44e447cb2f226/execute/sync - {"script":"<script> [8489 bytes]","args":[{"element-6066-11e4-a52e-4f735466cecf":"f.868DDD9EF8C55ECB5E24C8AEC1C53E95.d.555866419653A0DD347D4C6E771BA9A4.e.1734","ELEMENT":"f.868DDD9EF8C55ECB5E24C8AEC1C53E95.d.555866419653A0DD347D4C6E771BA9A4.e.1734"}]}
RESULT: {"script":"<script> [8489 bytes]","args":[{"element-6066-11e4-a52e-4f735466cecf":"f.868DDD9EF8C55ECB5E24C8AEC1C53E95.d.555866419653A0DD347D4C6E771BA9A4.e.1734","ELEMENT":"f.868DDD9EF8C55ECB5E24C8AEC1C53E95.d.555866419653A0DD347D4C6E771BA9A4.e.1734"}]}
COMMAND: GET /session/bf687da40b3c98d128a44e447cb2f226/element/f.868DDD9EF8C55ECB5E24C8AEC1C53E95.d.555866419653A0DD347D4C6E771BA9A4.e.1734/enabled - {}
COMMAND: GET /session/bf687da40b3c98d128a44e447cb2f226/screenshot - {}
RESULT: {}
COMMAND: POST /session/bf687da40b3c98d128a44e447cb2f226/execute/sync - {"script":"<script> [8489 bytes]","args":[{"element-6066-11e4-a52e-4f735466cecf":"f.868DDD9EF8C55ECB5E24C8AEC1C53E95.d.555866419653A0DD347D4C6E771BA9A4.e.1734","ELEMENT":"f.868DDD9EF8C55ECB5E24C8AEC1C53E95.d.555866419653A0DD347D4C6E771BA9A4.e.1734"}]}
COMMAND: GET /session/bf687da40b3c98d128a44e447cb2f226/screenshot - {}
RESULT: {}
RESULT: {"script":"<script> [8489 bytes]","args":[{"element-6066-11e4-a52e-4f735466cecf":"f.868DDD9EF8C55ECB5E24C8AEC1C53E95.d.555866419653A0DD347D4C6E771BA9A4.e.1734","ELEMENT":"f.868DDD9EF8C55ECB5E24C8AEC1C53E95.d.555866419653A0DD347D4C6E771BA9A4.e.1734"}]}
COMMAND: POST /session/bf687da40b3c98d128a44e447cb2f226/execute/sync - {"script":"<script> [5351 bytes]","args":[{"element-6066-11e4-a52e-4f735466cecf":"f.868DDD9EF8C55ECB5E24C8AEC1C53E95.d.555866419653A0DD347D4C6E771BA9A4.e.1734","ELEMENT":"f.868DDD9EF8C55ECB5E24C8AEC1C53E95.d.555866419653A0DD347D4C6E771BA9A4.e.1734"}]}
COMMAND: GET /session/bf687da40b3c98d128a44e447cb2f226/screenshot - {}
RESULT: {}
RESULT: {"script":"<script> [5351 bytes]","args":[{"element-6066-11e4-a52e-4f735466cecf":"f.868DDD9EF8C55ECB5E24C8AEC1C53E95.d.555866419653A0DD347D4C6E771BA9A4.e.1734","ELEMENT":"f.868DDD9EF8C55ECB5E24C8AEC1C53E95.d.555866419653A0DD347D4C6E771BA9A4.e.1734"}]}
COMMAND: GET /session/bf687da40b3c98d128a44e447cb2f226/screenshot - {}
RESULT: {}
RESULT: {}
COMMAND: POST /session/bf687da40b3c98d128a44e447cb2f226/execute/async - {"script":"<script> [1562 bytes]","args":[{"selector":{"id":"application-managepartners-display-component---masterPtm--smartTable-btnPersonalisation-img"},"wdio_ui5_key":"applicationmanagepartners-display-component---masterPtm--smartTable-btnPersonalisation-img"}]}
RESULT: {"script":"<script> [1562 bytes]","args":[{"selector":{"id":"application-managepartners-display-component---masterPtm--smartTable-btnPersonalisation-img"},"wdio_ui5_key":"applicationmanagepartners-display-component---masterPtm--smartTable-btnPersonalisation-img"}]}
RESULT: undefined
COMMAND: POST /session/bf687da40b3c98d128a44e447cb2f226/element - {"using":"xpath","value":"//*[@id=\"application-managepartners-display-component---masterPtm--smartTable-btnPersonalisation-img\"]"}
RESULT: {"using":"xpath","value":"//*[@id=\"application-managepartners-display-component---masterPtm--smartTable-btnPersonalisation-img\"]"}
COMMAND: POST /session/bf687da40b3c98d128a44e447cb2f226/element/f.868DDD9EF8C55ECB5E24C8AEC1C53E95.d.555866419653A0DD347D4C6E771BA9A4.e.1750/click - {}
RESULT: {}
COMMAND: GET /session/bf687da40b3c98d128a44e447cb2f226/screenshot - {}
RESULT: {}
COMMAND: POST /session/bf687da40b3c98d128a44e447cb2f226/execute/async - {"script":"<script> [1562 bytes]","args":[{"selector":{"controlType":"sap.m.IconTabFilter","viewName":"etm.portal.ui.managepartners.view.Master","viewId":"application-managepartners-display-component---masterPtm","properties":{"text":"Sort"},"searchOpenDialogs":true,"interaction":{"idSuffix":"text"}},"wdio_ui5_key":"etmportal.ui.managepartners.view.Mastersap.m.IconTabFilter{\"text\":\"Sort\"}"}]}
RESULT: {"script":"<script> [1562 bytes]","args":[{"selector":{"controlType":"sap.m.IconTabFilter","viewName":"etm.portal.ui.managepartners.view.Master","viewId":"application-managepartners-display-component---masterPtm","properties":{"text":"Sort"},"searchOpenDialogs":true,"interaction":{"idSuffix":"text"}},"wdio_ui5_key":"etmportal.ui.managepartners.view.Mastersap.m.IconTabFilter{\"text\":\"Sort\"}"}]}
RESULT: undefined
COMMAND: POST /session/bf687da40b3c98d128a44e447cb2f226/element - {"using":"xpath","value":"//*[@id=\"__filter1\"]"}
RESULT: {"using":"xpath","value":"//*[@id=\"__filter1\"]"}
COMMAND: POST /session/bf687da40b3c98d128a44e447cb2f226/element/f.868DDD9EF8C55ECB5E24C8AEC1C53E95.d.555866419653A0DD347D4C6E771BA9A4.e.1892/click - {}
RESULT: {}
COMMAND: GET /session/bf687da40b3c98d128a44e447cb2f226/screenshot - {}
RESULT: {}
COMMAND: POST /session/bf687da40b3c98d128a44e447cb2f226/element - {"using":"xpath","value":"//input[@placeholder=\"Sort by\"]/following-sibling::div//span"}
RESULT: {"using":"xpath","value":"//input[@placeholder=\"Sort by\"]/following-sibling::div//span"}
COMMAND: POST /session/bf687da40b3c98d128a44e447cb2f226/element/f.868DDD9EF8C55ECB5E24C8AEC1C53E95.d.555866419653A0DD347D4C6E771BA9A4.e.1894/click - {}
RESULT: {}
COMMAND: GET /session/bf687da40b3c98d128a44e447cb2f226/screenshot - {}
RESULT: {}
COMMAND: POST /session/bf687da40b3c98d128a44e447cb2f226/element - {"using":"xpath","value":"//li[.//span[text()=\"Language\"]]"}
RESULT: {"using":"xpath","value":"//li[.//span[text()=\"Language\"]]"}
COMMAND: POST /session/bf687da40b3c98d128a44e447cb2f226/element/f.868DDD9EF8C55ECB5E24C8AEC1C53E95.d.555866419653A0DD347D4C6E771BA9A4.e.1895/click - {}
RESULT: {}
COMMAND: GET /session/bf687da40b3c98d128a44e447cb2f226/screenshot - {}
RESULT: {}
COMMAND: POST /session/bf687da40b3c98d128a44e447cb2f226/element - {"using":"xpath","value":"//bdi[contains(text(), \"OK\")]"}
RESULT: {"using":"xpath","value":"//bdi[contains(text(), \"OK\")]"}
COMMAND: POST /session/bf687da40b3c98d128a44e447cb2f226/element/f.868DDD9EF8C55ECB5E24C8AEC1C53E95.d.555866419653A0DD347D4C6E771BA9A4.e.1899/click - {}
RESULT: {}
COMMAND: GET /session/bf687da40b3c98d128a44e447cb2f226/screenshot - {}
RESULT: {}
COMMAND: POST /session/bf687da40b3c98d128a44e447cb2f226/element - {"using":"xpath","value":"//table[contains(@id, \"customPartnersTable\")]//tbody/tr[1]/td[3]/span"}
RESULT: {"using":"xpath","value":"//table[contains(@id, \"customPartnersTable\")]//tbody/tr[1]/td[3]/span"}
COMMAND: POST /session/bf687da40b3c98d128a44e447cb2f226/execute/sync - {"script":"<script> [56 bytes]","args":[{"element-6066-11e4-a52e-4f735466cecf":"f.868DDD9EF8C55ECB5E24C8AEC1C53E95.d.555866419653A0DD347D4C6E771BA9A4.e.2023","ELEMENT":"f.868DDD9EF8C55ECB5E24C8AEC1C53E95.d.555866419653A0DD347D4C6E771BA9A4.e.2023"}]}
RESULT: {"script":"<script> [56 bytes]","args":[{"element-6066-11e4-a52e-4f735466cecf":"f.868DDD9EF8C55ECB5E24C8AEC1C53E95.d.555866419653A0DD347D4C6E771BA9A4.e.2023","ELEMENT":"f.868DDD9EF8C55ECB5E24C8AEC1C53E95.d.555866419653A0DD347D4C6E771BA9A4.e.2023"}]}
RESULT: undefined
COMMAND: POST /session/bf687da40b3c98d128a44e447cb2f226/element - {"using":"xpath","value":"//*[@id=\"application-managepartners-display-component---masterPtm--smartTable-btnPersonalisation-img\"]"}
COMMAND: GET /session/bf687da40b3c98d128a44e447cb2f226/screenshot - {}
RESULT: {"using":"xpath","value":"//*[@id=\"application-managepartners-display-component---masterPtm--smartTable-btnPersonalisation-img\"]"}
COMMAND: POST /session/bf687da40b3c98d128a44e447cb2f226/element/f.868DDD9EF8C55ECB5E24C8AEC1C53E95.d.555866419653A0DD347D4C6E771BA9A4.e.1750/click - {}
RESULT: {}
RESULT: {}
COMMAND: GET /session/bf687da40b3c98d128a44e447cb2f226/screenshot - {}
RESULT: {}
COMMAND: POST /session/bf687da40b3c98d128a44e447cb2f226/element - {"using":"xpath","value":"//bdi[contains(text(), \"Reset\")]"}
RESULT: {"using":"xpath","value":"//bdi[contains(text(), \"Reset\")]"}
COMMAND: POST /session/bf687da40b3c98d128a44e447cb2f226/element/f.868DDD9EF8C55ECB5E24C8AEC1C53E95.d.555866419653A0DD347D4C6E771BA9A4.e.2029/click - {}
RESULT: {}
COMMAND: GET /session/bf687da40b3c98d128a44e447cb2f226/screenshot - {}
RESULT: {}
COMMAND: POST /session/bf687da40b3c98d128a44e447cb2f226/element - {"using":"xpath","value":"(//bdi[contains(text(), \"OK\")])[2]"}
RESULT: {"using":"xpath","value":"(//bdi[contains(text(), \"OK\")])[2]"}
COMMAND: POST /session/bf687da40b3c98d128a44e447cb2f226/element/f.868DDD9EF8C55ECB5E24C8AEC1C53E95.d.555866419653A0DD347D4C6E771BA9A4.e.2031/click - {}
RESULT: {}
COMMAND: GET /session/bf687da40b3c98d128a44e447cb2f226/screenshot - {}
RESULT: {}
COMMAND: POST /session/bf687da40b3c98d128a44e447cb2f226/element - {"using":"xpath","value":"//bdi[contains(text(), \"OK\")]"}
RESULT: {"using":"xpath","value":"//bdi[contains(text(), \"OK\")]"}
COMMAND: POST /session/bf687da40b3c98d128a44e447cb2f226/element/f.868DDD9EF8C55ECB5E24C8AEC1C53E95.d.555866419653A0DD347D4C6E771BA9A4.e.2085/click - {}
RESULT: {}
COMMAND: GET /session/bf687da40b3c98d128a44e447cb2f226/screenshot - {}
RESULT: {}
COMMAND: POST /session/bf687da40b3c98d128a44e447cb2f226/element - {"using":"xpath","value":"//table[contains(@id, \"customPartnersTable\")]//tbody/tr[1]/td[3]/span"}
RESULT: {"using":"xpath","value":"//table[contains(@id, \"customPartnersTable\")]//tbody/tr[1]/td[3]/span"}
COMMAND: POST /session/bf687da40b3c98d128a44e447cb2f226/execute/sync - {"script":"<script> [56 bytes]","args":[{"element-6066-11e4-a52e-4f735466cecf":"f.868DDD9EF8C55ECB5E24C8AEC1C53E95.d.555866419653A0DD347D4C6E771BA9A4.e.2088","ELEMENT":"f.868DDD9EF8C55ECB5E24C8AEC1C53E95.d.555866419653A0DD347D4C6E771BA9A4.e.2088"}]}
RESULT: {"script":"<script> [56 bytes]","args":[{"element-6066-11e4-a52e-4f735466cecf":"f.868DDD9EF8C55ECB5E24C8AEC1C53E95.d.555866419653A0DD347D4C6E771BA9A4.e.2088","ELEMENT":"f.868DDD9EF8C55ECB5E24C8AEC1C53E95.d.555866419653A0DD347D4C6E771BA9A4.e.2088"}]}
RESULT: undefined
COMMAND: POST /session/bf687da40b3c98d128a44e447cb2f226/element - {"using":"xpath","value":"//*[@id=\"application-managepartners-display-component---masterPtm--smartTable-btnPersonalisation-img\"]"}
COMMAND: GET /session/bf687da40b3c98d128a44e447cb2f226/screenshot - {}
RESULT: {"using":"xpath","value":"//*[@id=\"application-managepartners-display-component---masterPtm--smartTable-btnPersonalisation-img\"]"}
COMMAND: POST /session/bf687da40b3c98d128a44e447cb2f226/element/f.868DDD9EF8C55ECB5E24C8AEC1C53E95.d.555866419653A0DD347D4C6E771BA9A4.e.1750/click - {}
RESULT: {}
RESULT: {}
COMMAND: GET /session/bf687da40b3c98d128a44e447cb2f226/screenshot - {}
RESULT: {}
COMMAND: POST /session/bf687da40b3c98d128a44e447cb2f226/execute/async - {"script":"<script> [1562 bytes]","args":[{"selector":{"controlType":"sap.m.IconTabFilter","viewName":"etm.portal.ui.managepartners.view.Master","viewId":"application-managepartners-display-component---masterPtm","properties":{"text":"Filter"},"searchOpenDialogs":true,"interaction":{"idSuffix":"text"}},"wdio_ui5_key":"etmportal.ui.managepartners.view.Mastersap.m.IconTabFilter{\"text\":\"Filter\"}"}]}
RESULT: {"script":"<script> [1562 bytes]","args":[{"selector":{"controlType":"sap.m.IconTabFilter","viewName":"etm.portal.ui.managepartners.view.Master","viewId":"application-managepartners-display-component---masterPtm","properties":{"text":"Filter"},"searchOpenDialogs":true,"interaction":{"idSuffix":"text"}},"wdio_ui5_key":"etmportal.ui.managepartners.view.Mastersap.m.IconTabFilter{\"text\":\"Filter\"}"}]}
RESULT: undefined
COMMAND: POST /session/bf687da40b3c98d128a44e447cb2f226/element - {"using":"xpath","value":"//*[@id=\"__filter10\"]"}
RESULT: {"using":"xpath","value":"//*[@id=\"__filter10\"]"}
COMMAND: POST /session/bf687da40b3c98d128a44e447cb2f226/element/f.868DDD9EF8C55ECB5E24C8AEC1C53E95.d.555866419653A0DD347D4C6E771BA9A4.e.2093/click - {}
RESULT: {}
COMMAND: GET /session/bf687da40b3c98d128a44e447cb2f226/screenshot - {}
RESULT: {}
COMMAND: POST /session/bf687da40b3c98d128a44e447cb2f226/element - {"using":"xpath","value":"//input[@placeholder=\"Filter by\"]/following-sibling::div//span"}
RESULT: {"using":"xpath","value":"//input[@placeholder=\"Filter by\"]/following-sibling::div//span"}
COMMAND: POST /session/bf687da40b3c98d128a44e447cb2f226/element/f.868DDD9EF8C55ECB5E24C8AEC1C53E95.d.555866419653A0DD347D4C6E771BA9A4.e.2095/click - {}
RESULT: {}
COMMAND: GET /session/bf687da40b3c98d128a44e447cb2f226/screenshot - {}
RESULT: {}
COMMAND: POST /session/bf687da40b3c98d128a44e447cb2f226/element - {"using":"xpath","value":"//li[.//span[text()=\"Preferred Yard\"]]"}
RESULT: {"using":"xpath","value":"//li[.//span[text()=\"Preferred Yard\"]]"}
COMMAND: POST /session/bf687da40b3c98d128a44e447cb2f226/element/f.868DDD9EF8C55ECB5E24C8AEC1C53E95.d.555866419653A0DD347D4C6E771BA9A4.e.2096/click - {}
RESULT: {}
COMMAND: GET /session/bf687da40b3c98d128a44e447cb2f226/screenshot - {}
RESULT: {}
COMMAND: POST /session/bf687da40b3c98d128a44e447cb2f226/execute/async - {"script":"<script> [1562 bytes]","args":[{"selector":{"id":"FilterPanel-filterItemControl_BASIC-application-managepartners-display-component---masterPtm--smartTable-YARDYARD-vhi","searchOpenDialogs":true},"wdio_ui5_key":"FilterPanelfilterItemControl_BASIC-application-managepartners-display-component---masterPtm--smartTable-YARDYARD-vhi"}]}
RESULT: {"script":"<script> [1562 bytes]","args":[{"selector":{"id":"FilterPanel-filterItemControl_BASIC-application-managepartners-display-component---masterPtm--smartTable-YARDYARD-vhi","searchOpenDialogs":true},"wdio_ui5_key":"FilterPanelfilterItemControl_BASIC-application-managepartners-display-component---masterPtm--smartTable-YARDYARD-vhi"}]}
RESULT: undefined
COMMAND: POST /session/bf687da40b3c98d128a44e447cb2f226/element - {"using":"xpath","value":"//*[@id=\"FilterPanel-filterItemControl_BASIC-application-managepartners-display-component---masterPtm--smartTable-YARDYARD-vhi\"]"}
RESULT: {"using":"xpath","value":"//*[@id=\"FilterPanel-filterItemControl_BASIC-application-managepartners-display-component---masterPtm--smartTable-YARDYARD-vhi\"]"}
COMMAND: POST /session/bf687da40b3c98d128a44e447cb2f226/element/f.868DDD9EF8C55ECB5E24C8AEC1C53E95.d.555866419653A0DD347D4C6E771BA9A4.e.2099/click - {}
RESULT: {}
COMMAND: GET /session/bf687da40b3c98d128a44e447cb2f226/screenshot - {}
RESULT: {}
COMMAND: POST /session/bf687da40b3c98d128a44e447cb2f226/execute/async - {"script":"<script> [1562 bytes]","args":[{"selector":{"id":"FilterPanel-filterItemControl_BASIC-application-managepartners-display-component---masterPtm--smartTable-YARDYARD-valueHelpDialog-smartFilterBar-btnBasicSearch","searchOpenDialogs":true,"interaction":{"idSuffix":"I"}},"wdio_ui5_key":"FilterPanelfilterItemControl_BASIC-application-managepartners-display-component---masterPtm--smartTable-YARDYARD-valueHelpDialog-smartFilterBar-btnBasicSearch"}]}
RESULT: {"script":"<script> [1562 bytes]","args":[{"selector":{"id":"FilterPanel-filterItemControl_BASIC-application-managepartners-display-component---masterPtm--smartTable-YARDYARD-valueHelpDialog-smartFilterBar-btnBasicSearch","searchOpenDialogs":true,"interaction":{"idSuffix":"I"}},"wdio_ui5_key":"FilterPanelfilterItemControl_BASIC-application-managepartners-display-component---masterPtm--smartTable-YARDYARD-valueHelpDialog-smartFilterBar-btnBasicSearch"}]}
RESULT: undefined
COMMAND: POST /session/bf687da40b3c98d128a44e447cb2f226/execute/async - {"script":"<script> [776 bytes]","args":[{"enterText":"348","selector":{"id":"FilterPanel-filterItemControl_BASIC-application-managepartners-display-component---masterPtm--smartTable-YARDYARD-valueHelpDialog-smartFilterBar-btnBasicSearch","searchOpenDialogs":true,"interaction":{"idSuffix":"I"}},"clearTextFirst":true,"interactionType":"ENTER_TEXT"}]}
RESULT: {"script":"<script> [776 bytes]","args":[{"enterText":"348","selector":{"id":"FilterPanel-filterItemControl_BASIC-application-managepartners-display-component---masterPtm--smartTable-YARDYARD-valueHelpDialog-smartFilterBar-btnBasicSearch","searchOpenDialogs":true,"interaction":{"idSuffix":"I"}},"clearTextFirst":true,"interactionType":"ENTER_TEXT"}]}
COMMAND: POST /session/bf687da40b3c98d128a44e447cb2f226/actions - {"actions":[{"id":"action3","type":"key","parameters":{},"actions":[{"type":"keyDown","value":"î€‡"},{"type":"pause","duration":10},{"type":"keyUp","value":"î€‡"}]}]}
RESULT: {"actions":[{"id":"action3","type":"key","parameters":{},"actions":[{"type":"keyDown","value":"î€‡"},{"type":"pause","duration":10},{"type":"keyUp","value":"î€‡"}]}]}
COMMAND: GET /session/bf687da40b3c98d128a44e447cb2f226/screenshot - {}
RESULT: {}
COMMAND: POST /session/bf687da40b3c98d128a44e447cb2f226/elements - {"using":"xpath","value":"//table[contains(@id, \"smartTable-YARDYARD-valueHelpDialog-table-table\")]/tbody/tr"}
RESULT: {"using":"xpath","value":"//table[contains(@id, \"smartTable-YARDYARD-valueHelpDialog-table-table\")]/tbody/tr"}
COMMAND: POST /session/bf687da40b3c98d128a44e447cb2f226/element - {"using":"xpath","value":"//table[contains(@id, \"smartTable-YARDYARD-valueHelpDialog-table-table\")]/tbody/tr[1]/td[1]/div/span"}
RESULT: {"using":"xpath","value":"//table[contains(@id, \"smartTable-YARDYARD-valueHelpDialog-table-table\")]/tbody/tr[1]/td[1]/div/span"}
COMMAND: POST /session/bf687da40b3c98d128a44e447cb2f226/elements - {"using":"xpath","value":"//table[contains(@id, \"smartTable-YARDYARD-valueHelpDialog-table-table\")]/tbody/tr[1]/td[1]/div/span"}
RESULT: {"using":"xpath","value":"//table[contains(@id, \"smartTable-YARDYARD-valueHelpDialog-table-table\")]/tbody/tr[1]/td[1]/div/span"}
COMMAND: POST /session/bf687da40b3c98d128a44e447cb2f226/execute/sync - {"script":"<script> [56 bytes]","args":[{"element-6066-11e4-a52e-4f735466cecf":"f.868DDD9EF8C55ECB5E24C8AEC1C53E95.d.555866419653A0DD347D4C6E771BA9A4.e.2118","ELEMENT":"f.868DDD9EF8C55ECB5E24C8AEC1C53E95.d.555866419653A0DD347D4C6E771BA9A4.e.2118"}]}
RESULT: {"script":"<script> [56 bytes]","args":[{"element-6066-11e4-a52e-4f735466cecf":"f.868DDD9EF8C55ECB5E24C8AEC1C53E95.d.555866419653A0DD347D4C6E771BA9A4.e.2118","ELEMENT":"f.868DDD9EF8C55ECB5E24C8AEC1C53E95.d.555866419653A0DD347D4C6E771BA9A4.e.2118"}]}
COMMAND: POST /session/bf687da40b3c98d128a44e447cb2f226/element - {"using":"xpath","value":"//div[contains(@id, \"YARDYARD-valueHelpDialog-table-rowsel0\")]"}
COMMAND: GET /session/bf687da40b3c98d128a44e447cb2f226/screenshot - {}
RESULT: {"using":"xpath","value":"//div[contains(@id, \"YARDYARD-valueHelpDialog-table-rowsel0\")]"}
COMMAND: POST /session/bf687da40b3c98d128a44e447cb2f226/element/f.868DDD9EF8C55ECB5E24C8AEC1C53E95.d.555866419653A0DD347D4C6E771BA9A4.e.2119/click - {}
RESULT: {}
RESULT: {}
COMMAND: GET /session/bf687da40b3c98d128a44e447cb2f226/screenshot - {}
RESULT: {}
COMMAND: POST /session/bf687da40b3c98d128a44e447cb2f226/element - {"using":"xpath","value":"(//bdi[contains(text(), \"OK\")])[2]"}
RESULT: {"using":"xpath","value":"(//bdi[contains(text(), \"OK\")])[2]"}
COMMAND: POST /session/bf687da40b3c98d128a44e447cb2f226/element/f.868DDD9EF8C55ECB5E24C8AEC1C53E95.d.555866419653A0DD347D4C6E771BA9A4.e.2121/click - {}
RESULT: {}
COMMAND: GET /session/bf687da40b3c98d128a44e447cb2f226/screenshot - {}
RESULT: {}
COMMAND: POST /session/bf687da40b3c98d128a44e447cb2f226/element - {"using":"xpath","value":"//bdi[contains(text(), \"OK\")]"}
RESULT: {"using":"xpath","value":"//bdi[contains(text(), \"OK\")]"}
COMMAND: POST /session/bf687da40b3c98d128a44e447cb2f226/element/f.868DDD9EF8C55ECB5E24C8AEC1C53E95.d.555866419653A0DD347D4C6E771BA9A4.e.2124/click - {}
RESULT: {}
COMMAND: GET /session/bf687da40b3c98d128a44e447cb2f226/screenshot - {}
RESULT: {}
COMMAND: POST /session/bf687da40b3c98d128a44e447cb2f226/element - {"using":"xpath","value":"//table[contains(@id, \"customPartnersTable\")]//tbody/tr[1]/td[3]/span"}
RESULT: {"using":"xpath","value":"//table[contains(@id, \"customPartnersTable\")]//tbody/tr[1]/td[3]/span"}
COMMAND: POST /session/bf687da40b3c98d128a44e447cb2f226/execute/sync - {"script":"<script> [56 bytes]","args":[{"element-6066-11e4-a52e-4f735466cecf":"f.868DDD9EF8C55ECB5E24C8AEC1C53E95.d.555866419653A0DD347D4C6E771BA9A4.e.2088","ELEMENT":"f.868DDD9EF8C55ECB5E24C8AEC1C53E95.d.555866419653A0DD347D4C6E771BA9A4.e.2088"}]}
RESULT: {"script":"<script> [56 bytes]","args":[{"element-6066-11e4-a52e-4f735466cecf":"f.868DDD9EF8C55ECB5E24C8AEC1C53E95.d.555866419653A0DD347D4C6E771BA9A4.e.2088","ELEMENT":"f.868DDD9EF8C55ECB5E24C8AEC1C53E95.d.555866419653A0DD347D4C6E771BA9A4.e.2088"}]}
COMMAND: POST /session/bf687da40b3c98d128a44e447cb2f226/element - {"using":"css selector","value":"#shell-header-logo"}
COMMAND: GET /session/bf687da40b3c98d128a44e447cb2f226/screenshot - {}
RESULT: {"using":"css selector","value":"#shell-header-logo"}
COMMAND: POST /session/bf687da40b3c98d128a44e447cb2f226/element/f.868DDD9EF8C55ECB5E24C8AEC1C53E95.d.555866419653A0DD347D4C6E771BA9A4.e.1699/click - {}
RESULT: {}
RESULT: {}
COMMAND: GET /session/bf687da40b3c98d128a44e447cb2f226/screenshot - {}
RESULT: {}
]]></system-out>
    </testcase>
    <testcase classname="chrome.135_0_7049_96.windows.Partner_specific_tests_US150819_US151080_US151654_US151176_US103444_US151078_US151079_US151109_US151174_US151175_US151189" name="Should deactivate the created partner in earlier step US151654" time="51.182">
      <system-out><![CDATA[
COMMAND: POST /session/bf687da40b3c98d128a44e447cb2f226/element - {"using":"xpath","value":"//li[.//span[text()=\"Manage Partners\"]]"}
RESULT: {"using":"xpath","value":"//li[.//span[text()=\"Manage Partners\"]]"}
COMMAND: POST /session/bf687da40b3c98d128a44e447cb2f226/element - {"using":"xpath","value":"//li[.//span[text()=\"Manage Partners\"]]"}
RESULT: {"using":"xpath","value":"//li[.//span[text()=\"Manage Partners\"]]"}
COMMAND: POST /session/bf687da40b3c98d128a44e447cb2f226/element - {"using":"css selector","value":"#shell-header-logo"}
RESULT: {"using":"css selector","value":"#shell-header-logo"}
COMMAND: POST /session/bf687da40b3c98d128a44e447cb2f226/element/f.868DDD9EF8C55ECB5E24C8AEC1C53E95.d.555866419653A0DD347D4C6E771BA9A4.e.2176/click - {}
COMMAND: POST /session/bf687da40b3c98d128a44e447cb2f226/execute/sync - {"script":"<script> [8489 bytes]","args":[{"element-6066-11e4-a52e-4f735466cecf":"f.868DDD9EF8C55ECB5E24C8AEC1C53E95.d.555866419653A0DD347D4C6E771BA9A4.e.2176","ELEMENT":"f.868DDD9EF8C55ECB5E24C8AEC1C53E95.d.555866419653A0DD347D4C6E771BA9A4.e.2176"}]}
RESULT: {}
COMMAND: GET /session/bf687da40b3c98d128a44e447cb2f226/screenshot - {}
RESULT: {"script":"<script> [8489 bytes]","args":[{"element-6066-11e4-a52e-4f735466cecf":"f.868DDD9EF8C55ECB5E24C8AEC1C53E95.d.555866419653A0DD347D4C6E771BA9A4.e.2176","ELEMENT":"f.868DDD9EF8C55ECB5E24C8AEC1C53E95.d.555866419653A0DD347D4C6E771BA9A4.e.2176"}]}
COMMAND: POST /session/bf687da40b3c98d128a44e447cb2f226/execute/sync - {"script":"<script> [5351 bytes]","args":[{"element-6066-11e4-a52e-4f735466cecf":"f.868DDD9EF8C55ECB5E24C8AEC1C53E95.d.555866419653A0DD347D4C6E771BA9A4.e.2176","ELEMENT":"f.868DDD9EF8C55ECB5E24C8AEC1C53E95.d.555866419653A0DD347D4C6E771BA9A4.e.2176"}]}
COMMAND: GET /session/bf687da40b3c98d128a44e447cb2f226/screenshot - {}
RESULT: {}
RESULT: {"script":"<script> [5351 bytes]","args":[{"element-6066-11e4-a52e-4f735466cecf":"f.868DDD9EF8C55ECB5E24C8AEC1C53E95.d.555866419653A0DD347D4C6E771BA9A4.e.2176","ELEMENT":"f.868DDD9EF8C55ECB5E24C8AEC1C53E95.d.555866419653A0DD347D4C6E771BA9A4.e.2176"}]}
COMMAND: GET /session/bf687da40b3c98d128a44e447cb2f226/screenshot - {}
RESULT: {}
RESULT: {}
RESULT: undefined
COMMAND: POST /session/bf687da40b3c98d128a44e447cb2f226/element - {"using":"xpath","value":"//*[@id=\"__tile38\"]"}
RESULT: {"using":"xpath","value":"//*[@id=\"__tile38\"]"}
COMMAND: POST /session/bf687da40b3c98d128a44e447cb2f226/element/f.868DDD9EF8C55ECB5E24C8AEC1C53E95.d.555866419653A0DD347D4C6E771BA9A4.e.146/click - {}
RESULT: {}
COMMAND: POST /session/bf687da40b3c98d128a44e447cb2f226/element - {"using":"xpath","value":"//button[@data-kt=\"addButton\"]"}
COMMAND: GET /session/bf687da40b3c98d128a44e447cb2f226/screenshot - {}
RESULT: {"using":"xpath","value":"//button[@data-kt=\"addButton\"]"}
COMMAND: POST /session/bf687da40b3c98d128a44e447cb2f226/elements - {"using":"xpath","value":"//button[@data-kt=\"addButton\"]"}
RESULT: {}
RESULT: {"using":"xpath","value":"//button[@data-kt=\"addButton\"]"}
COMMAND: POST /session/bf687da40b3c98d128a44e447cb2f226/elements - {"using":"xpath","value":"//button[@data-kt=\"addButton\"]"}
RESULT: {"using":"xpath","value":"//button[@data-kt=\"addButton\"]"}
COMMAND: POST /session/bf687da40b3c98d128a44e447cb2f226/elements - {"using":"xpath","value":"//button[@data-kt=\"addButton\"]"}
RESULT: {"using":"xpath","value":"//button[@data-kt=\"addButton\"]"}
COMMAND: POST /session/bf687da40b3c98d128a44e447cb2f226/elements - {"using":"xpath","value":"//button[@data-kt=\"addButton\"]"}
RESULT: {"using":"xpath","value":"//button[@data-kt=\"addButton\"]"}
COMMAND: POST /session/bf687da40b3c98d128a44e447cb2f226/elements - {"using":"xpath","value":"//button[@data-kt=\"addButton\"]"}
RESULT: {"using":"xpath","value":"//button[@data-kt=\"addButton\"]"}
COMMAND: POST /session/bf687da40b3c98d128a44e447cb2f226/elements - {"using":"xpath","value":"//button[@data-kt=\"addButton\"]"}
RESULT: {"using":"xpath","value":"//button[@data-kt=\"addButton\"]"}
COMMAND: POST /session/bf687da40b3c98d128a44e447cb2f226/elements - {"using":"xpath","value":"//button[@data-kt=\"addButton\"]"}
RESULT: {"using":"xpath","value":"//button[@data-kt=\"addButton\"]"}
COMMAND: POST /session/bf687da40b3c98d128a44e447cb2f226/elements - {"using":"xpath","value":"//button[@data-kt=\"addButton\"]"}
RESULT: {"using":"xpath","value":"//button[@data-kt=\"addButton\"]"}
COMMAND: POST /session/bf687da40b3c98d128a44e447cb2f226/elements - {"using":"xpath","value":"//button[@data-kt=\"addButton\"]"}
RESULT: {"using":"xpath","value":"//button[@data-kt=\"addButton\"]"}
COMMAND: POST /session/bf687da40b3c98d128a44e447cb2f226/elements - {"using":"xpath","value":"//button[@data-kt=\"addButton\"]"}
RESULT: {"using":"xpath","value":"//button[@data-kt=\"addButton\"]"}
COMMAND: POST /session/bf687da40b3c98d128a44e447cb2f226/element - {"using":"xpath","value":"//button[@data-kt=\"addButton\"]"}
RESULT: {"using":"xpath","value":"//button[@data-kt=\"addButton\"]"}
COMMAND: POST /session/bf687da40b3c98d128a44e447cb2f226/execute/sync - {"script":"<script> [8489 bytes]","args":[{"element-6066-11e4-a52e-4f735466cecf":"f.868DDD9EF8C55ECB5E24C8AEC1C53E95.d.555866419653A0DD347D4C6E771BA9A4.e.2221","ELEMENT":"f.868DDD9EF8C55ECB5E24C8AEC1C53E95.d.555866419653A0DD347D4C6E771BA9A4.e.2221"}]}
RESULT: {"script":"<script> [8489 bytes]","args":[{"element-6066-11e4-a52e-4f735466cecf":"f.868DDD9EF8C55ECB5E24C8AEC1C53E95.d.555866419653A0DD347D4C6E771BA9A4.e.2221","ELEMENT":"f.868DDD9EF8C55ECB5E24C8AEC1C53E95.d.555866419653A0DD347D4C6E771BA9A4.e.2221"}]}
COMMAND: GET /session/bf687da40b3c98d128a44e447cb2f226/element/f.868DDD9EF8C55ECB5E24C8AEC1C53E95.d.555866419653A0DD347D4C6E771BA9A4.e.2221/enabled - {}
COMMAND: GET /session/bf687da40b3c98d128a44e447cb2f226/screenshot - {}
RESULT: {}
COMMAND: POST /session/bf687da40b3c98d128a44e447cb2f226/execute/sync - {"script":"<script> [8489 bytes]","args":[{"element-6066-11e4-a52e-4f735466cecf":"f.868DDD9EF8C55ECB5E24C8AEC1C53E95.d.555866419653A0DD347D4C6E771BA9A4.e.2221","ELEMENT":"f.868DDD9EF8C55ECB5E24C8AEC1C53E95.d.555866419653A0DD347D4C6E771BA9A4.e.2221"}]}
COMMAND: GET /session/bf687da40b3c98d128a44e447cb2f226/screenshot - {}
RESULT: {}
RESULT: {"script":"<script> [8489 bytes]","args":[{"element-6066-11e4-a52e-4f735466cecf":"f.868DDD9EF8C55ECB5E24C8AEC1C53E95.d.555866419653A0DD347D4C6E771BA9A4.e.2221","ELEMENT":"f.868DDD9EF8C55ECB5E24C8AEC1C53E95.d.555866419653A0DD347D4C6E771BA9A4.e.2221"}]}
COMMAND: POST /session/bf687da40b3c98d128a44e447cb2f226/execute/sync - {"script":"<script> [5351 bytes]","args":[{"element-6066-11e4-a52e-4f735466cecf":"f.868DDD9EF8C55ECB5E24C8AEC1C53E95.d.555866419653A0DD347D4C6E771BA9A4.e.2221","ELEMENT":"f.868DDD9EF8C55ECB5E24C8AEC1C53E95.d.555866419653A0DD347D4C6E771BA9A4.e.2221"}]}
COMMAND: GET /session/bf687da40b3c98d128a44e447cb2f226/screenshot - {}
RESULT: {}
RESULT: {"script":"<script> [5351 bytes]","args":[{"element-6066-11e4-a52e-4f735466cecf":"f.868DDD9EF8C55ECB5E24C8AEC1C53E95.d.555866419653A0DD347D4C6E771BA9A4.e.2221","ELEMENT":"f.868DDD9EF8C55ECB5E24C8AEC1C53E95.d.555866419653A0DD347D4C6E771BA9A4.e.2221"}]}
COMMAND: GET /session/bf687da40b3c98d128a44e447cb2f226/screenshot - {}
RESULT: {}
RESULT: {}
COMMAND: POST /session/bf687da40b3c98d128a44e447cb2f226/execute/async - {"script":"<script> [1562 bytes]","args":[{"selector":{"id":"application-managepartners-display-component---masterPtm--smartFilterBar-btnBasicSearch","interaction":{"idSuffix":"I"}},"wdio_ui5_key":"applicationmanagepartners-display-component---masterPtm--smartFilterBar-btnBasicSearch"}]}
RESULT: {"script":"<script> [1562 bytes]","args":[{"selector":{"id":"application-managepartners-display-component---masterPtm--smartFilterBar-btnBasicSearch","interaction":{"idSuffix":"I"}},"wdio_ui5_key":"applicationmanagepartners-display-component---masterPtm--smartFilterBar-btnBasicSearch"}]}
RESULT: undefined
COMMAND: POST /session/bf687da40b3c98d128a44e447cb2f226/execute/async - {"script":"<script> [776 bytes]","args":[{"enterText":"1208","selector":{"id":"application-managepartners-display-component---masterPtm--smartFilterBar-btnBasicSearch","interaction":{"idSuffix":"I"}},"clearTextFirst":true,"interactionType":"ENTER_TEXT"}]}
RESULT: {"script":"<script> [776 bytes]","args":[{"enterText":"1208","selector":{"id":"application-managepartners-display-component---masterPtm--smartFilterBar-btnBasicSearch","interaction":{"idSuffix":"I"}},"clearTextFirst":true,"interactionType":"ENTER_TEXT"}]}
COMMAND: POST /session/bf687da40b3c98d128a44e447cb2f226/actions - {"actions":[{"id":"action4","type":"key","parameters":{},"actions":[{"type":"keyDown","value":"î€‡"},{"type":"pause","duration":10},{"type":"keyUp","value":"î€‡"}]}]}
RESULT: {"actions":[{"id":"action4","type":"key","parameters":{},"actions":[{"type":"keyDown","value":"î€‡"},{"type":"pause","duration":10},{"type":"keyUp","value":"î€‡"}]}]}
COMMAND: GET /session/bf687da40b3c98d128a44e447cb2f226/screenshot - {}
RESULT: {}
COMMAND: POST /session/bf687da40b3c98d128a44e447cb2f226/elements - {"using":"xpath","value":"//table[contains(@id, \"customPartnersTable-listUl\")]/tbody/tr"}
RESULT: {"using":"xpath","value":"//table[contains(@id, \"customPartnersTable-listUl\")]/tbody/tr"}
COMMAND: POST /session/bf687da40b3c98d128a44e447cb2f226/element - {"using":"xpath","value":"//table[contains(@id, \"customPartnersTable-listUl\")]/tbody/tr[1]/td[3]/span"}
RESULT: {"using":"xpath","value":"//table[contains(@id, \"customPartnersTable-listUl\")]/tbody/tr[1]/td[3]/span"}
COMMAND: POST /session/bf687da40b3c98d128a44e447cb2f226/elements - {"using":"xpath","value":"//table[contains(@id, \"customPartnersTable-listUl\")]/tbody/tr[1]/td[3]/span"}
RESULT: {"using":"xpath","value":"//table[contains(@id, \"customPartnersTable-listUl\")]/tbody/tr[1]/td[3]/span"}
COMMAND: POST /session/bf687da40b3c98d128a44e447cb2f226/execute/sync - {"script":"<script> [56 bytes]","args":[{"element-6066-11e4-a52e-4f735466cecf":"f.868DDD9EF8C55ECB5E24C8AEC1C53E95.d.555866419653A0DD347D4C6E771BA9A4.e.2356","ELEMENT":"f.868DDD9EF8C55ECB5E24C8AEC1C53E95.d.555866419653A0DD347D4C6E771BA9A4.e.2356"}]}
RESULT: {"script":"<script> [56 bytes]","args":[{"element-6066-11e4-a52e-4f735466cecf":"f.868DDD9EF8C55ECB5E24C8AEC1C53E95.d.555866419653A0DD347D4C6E771BA9A4.e.2356","ELEMENT":"f.868DDD9EF8C55ECB5E24C8AEC1C53E95.d.555866419653A0DD347D4C6E771BA9A4.e.2356"}]}
COMMAND: POST /session/bf687da40b3c98d128a44e447cb2f226/element - {"using":"xpath","value":"//table[contains(@id, \"customPartnersTable-listUl\")]/tbody/tr[1]/td[7]/div/span"}
COMMAND: GET /session/bf687da40b3c98d128a44e447cb2f226/screenshot - {}
RESULT: {"using":"xpath","value":"//table[contains(@id, \"customPartnersTable-listUl\")]/tbody/tr[1]/td[7]/div/span"}
COMMAND: POST /session/bf687da40b3c98d128a44e447cb2f226/execute/sync - {"script":"<script> [56 bytes]","args":[{"element-6066-11e4-a52e-4f735466cecf":"f.868DDD9EF8C55ECB5E24C8AEC1C53E95.d.555866419653A0DD347D4C6E771BA9A4.e.2357","ELEMENT":"f.868DDD9EF8C55ECB5E24C8AEC1C53E95.d.555866419653A0DD347D4C6E771BA9A4.e.2357"}]}
RESULT: {}
RESULT: {"script":"<script> [56 bytes]","args":[{"element-6066-11e4-a52e-4f735466cecf":"f.868DDD9EF8C55ECB5E24C8AEC1C53E95.d.555866419653A0DD347D4C6E771BA9A4.e.2357","ELEMENT":"f.868DDD9EF8C55ECB5E24C8AEC1C53E95.d.555866419653A0DD347D4C6E771BA9A4.e.2357"}]}
COMMAND: POST /session/bf687da40b3c98d128a44e447cb2f226/element - {"using":"xpath","value":"//table[contains(@id, \"customPartnersTable-listUl\")]/tbody/tr[1]/td[2]/div/div"}
COMMAND: GET /session/bf687da40b3c98d128a44e447cb2f226/screenshot - {}
RESULT: {"using":"xpath","value":"//table[contains(@id, \"customPartnersTable-listUl\")]/tbody/tr[1]/td[2]/div/div"}
COMMAND: POST /session/bf687da40b3c98d128a44e447cb2f226/element/f.868DDD9EF8C55ECB5E24C8AEC1C53E95.d.555866419653A0DD347D4C6E771BA9A4.e.2358/click - {}
RESULT: {}
RESULT: {}
COMMAND: GET /session/bf687da40b3c98d128a44e447cb2f226/screenshot - {}
RESULT: {}
COMMAND: POST /session/bf687da40b3c98d128a44e447cb2f226/element - {"using":"xpath","value":"//bdi[contains(text(), \"Deactivate\")]"}
RESULT: {"using":"xpath","value":"//bdi[contains(text(), \"Deactivate\")]"}
COMMAND: POST /session/bf687da40b3c98d128a44e447cb2f226/element/f.868DDD9EF8C55ECB5E24C8AEC1C53E95.d.555866419653A0DD347D4C6E771BA9A4.e.2359/click - {}
RESULT: {}
COMMAND: GET /session/bf687da40b3c98d128a44e447cb2f226/screenshot - {}
RESULT: {}
COMMAND: POST /session/bf687da40b3c98d128a44e447cb2f226/element - {"using":"xpath","value":"//bdi[contains(text(), \"Yes\")]"}
RESULT: {"using":"xpath","value":"//bdi[contains(text(), \"Yes\")]"}
COMMAND: POST /session/bf687da40b3c98d128a44e447cb2f226/element/f.868DDD9EF8C55ECB5E24C8AEC1C53E95.d.555866419653A0DD347D4C6E771BA9A4.e.2361/click - {}
RESULT: {}
COMMAND: GET /session/bf687da40b3c98d128a44e447cb2f226/screenshot - {}
RESULT: {}
COMMAND: POST /session/bf687da40b3c98d128a44e447cb2f226/element - {"using":"xpath","value":"//table[contains(@id, \"customPartnersTable-listUl\")]/tbody/tr[1]/td[7]/div/span"}
RESULT: {"using":"xpath","value":"//table[contains(@id, \"customPartnersTable-listUl\")]/tbody/tr[1]/td[7]/div/span"}
COMMAND: POST /session/bf687da40b3c98d128a44e447cb2f226/execute/sync - {"script":"<script> [56 bytes]","args":[{"element-6066-11e4-a52e-4f735466cecf":"f.868DDD9EF8C55ECB5E24C8AEC1C53E95.d.555866419653A0DD347D4C6E771BA9A4.e.2357","ELEMENT":"f.868DDD9EF8C55ECB5E24C8AEC1C53E95.d.555866419653A0DD347D4C6E771BA9A4.e.2357"}]}
RESULT: {"script":"<script> [56 bytes]","args":[{"element-6066-11e4-a52e-4f735466cecf":"f.868DDD9EF8C55ECB5E24C8AEC1C53E95.d.555866419653A0DD347D4C6E771BA9A4.e.2357","ELEMENT":"f.868DDD9EF8C55ECB5E24C8AEC1C53E95.d.555866419653A0DD347D4C6E771BA9A4.e.2357"}]}
COMMAND: GET /session/bf687da40b3c98d128a44e447cb2f226/screenshot - {}
RESULT: {}
COMMAND: POST /session/bf687da40b3c98d128a44e447cb2f226/element - {"using":"css selector","value":"#shell-header-logo"}
RESULT: {"using":"css selector","value":"#shell-header-logo"}
COMMAND: POST /session/bf687da40b3c98d128a44e447cb2f226/element/f.868DDD9EF8C55ECB5E24C8AEC1C53E95.d.555866419653A0DD347D4C6E771BA9A4.e.2176/click - {}
RESULT: {}
COMMAND: GET /session/bf687da40b3c98d128a44e447cb2f226/screenshot - {}
RESULT: {}
]]></system-out>
    </testcase>
    <testcase classname="chrome.135_0_7049_96.windows.Partner_specific_tests_US150819_US151080_US151654_US151176_US103444_US151078_US151079_US151109_US151174_US151175_US151189" name="Should activate the created partner again US151176" time="55.699">
      <system-out><![CDATA[
COMMAND: POST /session/bf687da40b3c98d128a44e447cb2f226/element - {"using":"xpath","value":"//li[.//span[text()=\"Manage Partners\"]]"}
RESULT: {"using":"xpath","value":"//li[.//span[text()=\"Manage Partners\"]]"}
COMMAND: POST /session/bf687da40b3c98d128a44e447cb2f226/element - {"using":"xpath","value":"//li[.//span[text()=\"Manage Partners\"]]"}
RESULT: {"using":"xpath","value":"//li[.//span[text()=\"Manage Partners\"]]"}
COMMAND: POST /session/bf687da40b3c98d128a44e447cb2f226/element - {"using":"css selector","value":"#shell-header-logo"}
RESULT: {"using":"css selector","value":"#shell-header-logo"}
COMMAND: POST /session/bf687da40b3c98d128a44e447cb2f226/element/f.868DDD9EF8C55ECB5E24C8AEC1C53E95.d.555866419653A0DD347D4C6E771BA9A4.e.2365/click - {}
COMMAND: POST /session/bf687da40b3c98d128a44e447cb2f226/execute/sync - {"script":"<script> [8489 bytes]","args":[{"element-6066-11e4-a52e-4f735466cecf":"f.868DDD9EF8C55ECB5E24C8AEC1C53E95.d.555866419653A0DD347D4C6E771BA9A4.e.2365","ELEMENT":"f.868DDD9EF8C55ECB5E24C8AEC1C53E95.d.555866419653A0DD347D4C6E771BA9A4.e.2365"}]}
RESULT: {"script":"<script> [8489 bytes]","args":[{"element-6066-11e4-a52e-4f735466cecf":"f.868DDD9EF8C55ECB5E24C8AEC1C53E95.d.555866419653A0DD347D4C6E771BA9A4.e.2365","ELEMENT":"f.868DDD9EF8C55ECB5E24C8AEC1C53E95.d.555866419653A0DD347D4C6E771BA9A4.e.2365"}]}
COMMAND: POST /session/bf687da40b3c98d128a44e447cb2f226/execute/sync - {"script":"<script> [5351 bytes]","args":[{"element-6066-11e4-a52e-4f735466cecf":"f.868DDD9EF8C55ECB5E24C8AEC1C53E95.d.555866419653A0DD347D4C6E771BA9A4.e.2365","ELEMENT":"f.868DDD9EF8C55ECB5E24C8AEC1C53E95.d.555866419653A0DD347D4C6E771BA9A4.e.2365"}]}
COMMAND: GET /session/bf687da40b3c98d128a44e447cb2f226/screenshot - {}
RESULT: {}
COMMAND: GET /session/bf687da40b3c98d128a44e447cb2f226/screenshot - {}
RESULT: {"script":"<script> [5351 bytes]","args":[{"element-6066-11e4-a52e-4f735466cecf":"f.868DDD9EF8C55ECB5E24C8AEC1C53E95.d.555866419653A0DD347D4C6E771BA9A4.e.2365","ELEMENT":"f.868DDD9EF8C55ECB5E24C8AEC1C53E95.d.555866419653A0DD347D4C6E771BA9A4.e.2365"}]}
COMMAND: GET /session/bf687da40b3c98d128a44e447cb2f226/screenshot - {}
RESULT: {}
RESULT: {}
RESULT: {}
RESULT: undefined
COMMAND: POST /session/bf687da40b3c98d128a44e447cb2f226/element - {"using":"xpath","value":"//*[@id=\"__tile38\"]"}
RESULT: {"using":"xpath","value":"//*[@id=\"__tile38\"]"}
COMMAND: POST /session/bf687da40b3c98d128a44e447cb2f226/element/f.868DDD9EF8C55ECB5E24C8AEC1C53E95.d.555866419653A0DD347D4C6E771BA9A4.e.146/click - {}
RESULT: {}
COMMAND: POST /session/bf687da40b3c98d128a44e447cb2f226/element - {"using":"xpath","value":"//button[@data-kt=\"addButton\"]"}
COMMAND: GET /session/bf687da40b3c98d128a44e447cb2f226/screenshot - {}
RESULT: {"using":"xpath","value":"//button[@data-kt=\"addButton\"]"}
COMMAND: POST /session/bf687da40b3c98d128a44e447cb2f226/elements - {"using":"xpath","value":"//button[@data-kt=\"addButton\"]"}
RESULT: {}
RESULT: {"using":"xpath","value":"//button[@data-kt=\"addButton\"]"}
COMMAND: POST /session/bf687da40b3c98d128a44e447cb2f226/elements - {"using":"xpath","value":"//button[@data-kt=\"addButton\"]"}
RESULT: {"using":"xpath","value":"//button[@data-kt=\"addButton\"]"}
COMMAND: POST /session/bf687da40b3c98d128a44e447cb2f226/elements - {"using":"xpath","value":"//button[@data-kt=\"addButton\"]"}
RESULT: {"using":"xpath","value":"//button[@data-kt=\"addButton\"]"}
COMMAND: POST /session/bf687da40b3c98d128a44e447cb2f226/elements - {"using":"xpath","value":"//button[@data-kt=\"addButton\"]"}
RESULT: {"using":"xpath","value":"//button[@data-kt=\"addButton\"]"}
COMMAND: POST /session/bf687da40b3c98d128a44e447cb2f226/element - {"using":"xpath","value":"//button[@data-kt=\"addButton\"]"}
RESULT: {"using":"xpath","value":"//button[@data-kt=\"addButton\"]"}
COMMAND: POST /session/bf687da40b3c98d128a44e447cb2f226/execute/sync - {"script":"<script> [8489 bytes]","args":[{"element-6066-11e4-a52e-4f735466cecf":"f.868DDD9EF8C55ECB5E24C8AEC1C53E95.d.555866419653A0DD347D4C6E771BA9A4.e.2411","ELEMENT":"f.868DDD9EF8C55ECB5E24C8AEC1C53E95.d.555866419653A0DD347D4C6E771BA9A4.e.2411"}]}
RESULT: {"script":"<script> [8489 bytes]","args":[{"element-6066-11e4-a52e-4f735466cecf":"f.868DDD9EF8C55ECB5E24C8AEC1C53E95.d.555866419653A0DD347D4C6E771BA9A4.e.2411","ELEMENT":"f.868DDD9EF8C55ECB5E24C8AEC1C53E95.d.555866419653A0DD347D4C6E771BA9A4.e.2411"}]}
COMMAND: GET /session/bf687da40b3c98d128a44e447cb2f226/element/f.868DDD9EF8C55ECB5E24C8AEC1C53E95.d.555866419653A0DD347D4C6E771BA9A4.e.2411/enabled - {}
COMMAND: GET /session/bf687da40b3c98d128a44e447cb2f226/screenshot - {}
RESULT: {}
COMMAND: POST /session/bf687da40b3c98d128a44e447cb2f226/execute/sync - {"script":"<script> [8489 bytes]","args":[{"element-6066-11e4-a52e-4f735466cecf":"f.868DDD9EF8C55ECB5E24C8AEC1C53E95.d.555866419653A0DD347D4C6E771BA9A4.e.2411","ELEMENT":"f.868DDD9EF8C55ECB5E24C8AEC1C53E95.d.555866419653A0DD347D4C6E771BA9A4.e.2411"}]}
COMMAND: GET /session/bf687da40b3c98d128a44e447cb2f226/screenshot - {}
RESULT: {}
RESULT: {"script":"<script> [8489 bytes]","args":[{"element-6066-11e4-a52e-4f735466cecf":"f.868DDD9EF8C55ECB5E24C8AEC1C53E95.d.555866419653A0DD347D4C6E771BA9A4.e.2411","ELEMENT":"f.868DDD9EF8C55ECB5E24C8AEC1C53E95.d.555866419653A0DD347D4C6E771BA9A4.e.2411"}]}
COMMAND: POST /session/bf687da40b3c98d128a44e447cb2f226/execute/sync - {"script":"<script> [5351 bytes]","args":[{"element-6066-11e4-a52e-4f735466cecf":"f.868DDD9EF8C55ECB5E24C8AEC1C53E95.d.555866419653A0DD347D4C6E771BA9A4.e.2411","ELEMENT":"f.868DDD9EF8C55ECB5E24C8AEC1C53E95.d.555866419653A0DD347D4C6E771BA9A4.e.2411"}]}
COMMAND: GET /session/bf687da40b3c98d128a44e447cb2f226/screenshot - {}
RESULT: {}
RESULT: {"script":"<script> [5351 bytes]","args":[{"element-6066-11e4-a52e-4f735466cecf":"f.868DDD9EF8C55ECB5E24C8AEC1C53E95.d.555866419653A0DD347D4C6E771BA9A4.e.2411","ELEMENT":"f.868DDD9EF8C55ECB5E24C8AEC1C53E95.d.555866419653A0DD347D4C6E771BA9A4.e.2411"}]}
COMMAND: GET /session/bf687da40b3c98d128a44e447cb2f226/screenshot - {}
RESULT: {}
RESULT: {}
RESULT: undefined
COMMAND: POST /session/bf687da40b3c98d128a44e447cb2f226/execute/async - {"script":"<script> [776 bytes]","args":[{"enterText":"1208","selector":{"id":"application-managepartners-display-component---masterPtm--smartFilterBar-btnBasicSearch","interaction":{"idSuffix":"I"}},"clearTextFirst":true,"interactionType":"ENTER_TEXT"}]}
RESULT: {"script":"<script> [776 bytes]","args":[{"enterText":"1208","selector":{"id":"application-managepartners-display-component---masterPtm--smartFilterBar-btnBasicSearch","interaction":{"idSuffix":"I"}},"clearTextFirst":true,"interactionType":"ENTER_TEXT"}]}
COMMAND: POST /session/bf687da40b3c98d128a44e447cb2f226/actions - {"actions":[{"id":"action5","type":"key","parameters":{},"actions":[{"type":"keyDown","value":"î€‡"},{"type":"pause","duration":10},{"type":"keyUp","value":"î€‡"}]}]}
RESULT: {"actions":[{"id":"action5","type":"key","parameters":{},"actions":[{"type":"keyDown","value":"î€‡"},{"type":"pause","duration":10},{"type":"keyUp","value":"î€‡"}]}]}
COMMAND: GET /session/bf687da40b3c98d128a44e447cb2f226/screenshot - {}
RESULT: {}
COMMAND: POST /session/bf687da40b3c98d128a44e447cb2f226/elements - {"using":"xpath","value":"//table[contains(@id, \"customPartnersTable-listUl\")]/tbody/tr"}
RESULT: {"using":"xpath","value":"//table[contains(@id, \"customPartnersTable-listUl\")]/tbody/tr"}
COMMAND: POST /session/bf687da40b3c98d128a44e447cb2f226/element - {"using":"xpath","value":"//table[contains(@id, \"customPartnersTable-listUl\")]/tbody/tr[1]/td[3]/span"}
RESULT: {"using":"xpath","value":"//table[contains(@id, \"customPartnersTable-listUl\")]/tbody/tr[1]/td[3]/span"}
COMMAND: POST /session/bf687da40b3c98d128a44e447cb2f226/elements - {"using":"xpath","value":"//table[contains(@id, \"customPartnersTable-listUl\")]/tbody/tr[1]/td[3]/span"}
RESULT: {"using":"xpath","value":"//table[contains(@id, \"customPartnersTable-listUl\")]/tbody/tr[1]/td[3]/span"}
COMMAND: POST /session/bf687da40b3c98d128a44e447cb2f226/execute/sync - {"script":"<script> [56 bytes]","args":[{"element-6066-11e4-a52e-4f735466cecf":"f.868DDD9EF8C55ECB5E24C8AEC1C53E95.d.555866419653A0DD347D4C6E771BA9A4.e.2546","ELEMENT":"f.868DDD9EF8C55ECB5E24C8AEC1C53E95.d.555866419653A0DD347D4C6E771BA9A4.e.2546"}]}
RESULT: {"script":"<script> [56 bytes]","args":[{"element-6066-11e4-a52e-4f735466cecf":"f.868DDD9EF8C55ECB5E24C8AEC1C53E95.d.555866419653A0DD347D4C6E771BA9A4.e.2546","ELEMENT":"f.868DDD9EF8C55ECB5E24C8AEC1C53E95.d.555866419653A0DD347D4C6E771BA9A4.e.2546"}]}
COMMAND: POST /session/bf687da40b3c98d128a44e447cb2f226/element - {"using":"xpath","value":"//table[contains(@id, \"customPartnersTable-listUl\")]/tbody/tr[1]/td[7]/div/span"}
COMMAND: GET /session/bf687da40b3c98d128a44e447cb2f226/screenshot - {}
RESULT: {"using":"xpath","value":"//table[contains(@id, \"customPartnersTable-listUl\")]/tbody/tr[1]/td[7]/div/span"}
COMMAND: POST /session/bf687da40b3c98d128a44e447cb2f226/execute/sync - {"script":"<script> [56 bytes]","args":[{"element-6066-11e4-a52e-4f735466cecf":"f.868DDD9EF8C55ECB5E24C8AEC1C53E95.d.555866419653A0DD347D4C6E771BA9A4.e.2547","ELEMENT":"f.868DDD9EF8C55ECB5E24C8AEC1C53E95.d.555866419653A0DD347D4C6E771BA9A4.e.2547"}]}
RESULT: {}
RESULT: {"script":"<script> [56 bytes]","args":[{"element-6066-11e4-a52e-4f735466cecf":"f.868DDD9EF8C55ECB5E24C8AEC1C53E95.d.555866419653A0DD347D4C6E771BA9A4.e.2547","ELEMENT":"f.868DDD9EF8C55ECB5E24C8AEC1C53E95.d.555866419653A0DD347D4C6E771BA9A4.e.2547"}]}
COMMAND: POST /session/bf687da40b3c98d128a44e447cb2f226/element - {"using":"xpath","value":"//table[contains(@id, \"customPartnersTable-listUl\")]/tbody/tr[1]/td[2]/div/div"}
COMMAND: GET /session/bf687da40b3c98d128a44e447cb2f226/screenshot - {}
RESULT: {"using":"xpath","value":"//table[contains(@id, \"customPartnersTable-listUl\")]/tbody/tr[1]/td[2]/div/div"}
COMMAND: POST /session/bf687da40b3c98d128a44e447cb2f226/element/f.868DDD9EF8C55ECB5E24C8AEC1C53E95.d.555866419653A0DD347D4C6E771BA9A4.e.2548/click - {}
RESULT: {}
RESULT: {}
COMMAND: GET /session/bf687da40b3c98d128a44e447cb2f226/screenshot - {}
RESULT: {}
COMMAND: POST /session/bf687da40b3c98d128a44e447cb2f226/element - {"using":"xpath","value":"//bdi[contains(text(), \"Activate\")]"}
RESULT: {"using":"xpath","value":"//bdi[contains(text(), \"Activate\")]"}
COMMAND: POST /session/bf687da40b3c98d128a44e447cb2f226/element/f.868DDD9EF8C55ECB5E24C8AEC1C53E95.d.555866419653A0DD347D4C6E771BA9A4.e.2549/click - {}
RESULT: {}
COMMAND: GET /session/bf687da40b3c98d128a44e447cb2f226/screenshot - {}
RESULT: {}
COMMAND: POST /session/bf687da40b3c98d128a44e447cb2f226/element - {"using":"xpath","value":"//bdi[contains(text(), \"Yes\")]"}
RESULT: {"using":"xpath","value":"//bdi[contains(text(), \"Yes\")]"}
COMMAND: POST /session/bf687da40b3c98d128a44e447cb2f226/element/f.868DDD9EF8C55ECB5E24C8AEC1C53E95.d.555866419653A0DD347D4C6E771BA9A4.e.2552/click - {}
RESULT: {}
COMMAND: GET /session/bf687da40b3c98d128a44e447cb2f226/screenshot - {}
RESULT: {}
COMMAND: POST /session/bf687da40b3c98d128a44e447cb2f226/element - {"using":"xpath","value":"//table[contains(@id, \"customPartnersTable-listUl\")]/tbody/tr[1]/td[7]/div/span"}
RESULT: {"using":"xpath","value":"//table[contains(@id, \"customPartnersTable-listUl\")]/tbody/tr[1]/td[7]/div/span"}
COMMAND: POST /session/bf687da40b3c98d128a44e447cb2f226/execute/sync - {"script":"<script> [56 bytes]","args":[{"element-6066-11e4-a52e-4f735466cecf":"f.868DDD9EF8C55ECB5E24C8AEC1C53E95.d.555866419653A0DD347D4C6E771BA9A4.e.2547","ELEMENT":"f.868DDD9EF8C55ECB5E24C8AEC1C53E95.d.555866419653A0DD347D4C6E771BA9A4.e.2547"}]}
RESULT: {"script":"<script> [56 bytes]","args":[{"element-6066-11e4-a52e-4f735466cecf":"f.868DDD9EF8C55ECB5E24C8AEC1C53E95.d.555866419653A0DD347D4C6E771BA9A4.e.2547","ELEMENT":"f.868DDD9EF8C55ECB5E24C8AEC1C53E95.d.555866419653A0DD347D4C6E771BA9A4.e.2547"}]}
COMMAND: GET /session/bf687da40b3c98d128a44e447cb2f226/screenshot - {}
RESULT: {}
COMMAND: POST /session/bf687da40b3c98d128a44e447cb2f226/element - {"using":"css selector","value":"#shell-header-logo"}
RESULT: {"using":"css selector","value":"#shell-header-logo"}
COMMAND: POST /session/bf687da40b3c98d128a44e447cb2f226/element/f.868DDD9EF8C55ECB5E24C8AEC1C53E95.d.555866419653A0DD347D4C6E771BA9A4.e.2365/click - {}
RESULT: {}
COMMAND: GET /session/bf687da40b3c98d128a44e447cb2f226/screenshot - {}
RESULT: {}
]]></system-out>
    </testcase>
    <testcase classname="chrome.135_0_7049_96.windows.Partner_specific_tests_US150819_US151080_US151654_US151176_US103444_US151078_US151079_US151109_US151174_US151175_US151189" name="Should edit the created external partner and save it and check its content US103444" time="57.247">
      <system-out><![CDATA[
COMMAND: POST /session/bf687da40b3c98d128a44e447cb2f226/element - {"using":"xpath","value":"//li[.//span[text()=\"Manage Partners\"]]"}
RESULT: {"using":"xpath","value":"//li[.//span[text()=\"Manage Partners\"]]"}
COMMAND: POST /session/bf687da40b3c98d128a44e447cb2f226/element - {"using":"xpath","value":"//li[.//span[text()=\"Manage Partners\"]]"}
RESULT: {"using":"xpath","value":"//li[.//span[text()=\"Manage Partners\"]]"}
COMMAND: POST /session/bf687da40b3c98d128a44e447cb2f226/element - {"using":"css selector","value":"#shell-header-logo"}
RESULT: {"using":"css selector","value":"#shell-header-logo"}
COMMAND: POST /session/bf687da40b3c98d128a44e447cb2f226/element/f.868DDD9EF8C55ECB5E24C8AEC1C53E95.d.555866419653A0DD347D4C6E771BA9A4.e.2555/click - {}
COMMAND: POST /session/bf687da40b3c98d128a44e447cb2f226/execute/sync - {"script":"<script> [8489 bytes]","args":[{"element-6066-11e4-a52e-4f735466cecf":"f.868DDD9EF8C55ECB5E24C8AEC1C53E95.d.555866419653A0DD347D4C6E771BA9A4.e.2555","ELEMENT":"f.868DDD9EF8C55ECB5E24C8AEC1C53E95.d.555866419653A0DD347D4C6E771BA9A4.e.2555"}]}
RESULT: {"script":"<script> [8489 bytes]","args":[{"element-6066-11e4-a52e-4f735466cecf":"f.868DDD9EF8C55ECB5E24C8AEC1C53E95.d.555866419653A0DD347D4C6E771BA9A4.e.2555","ELEMENT":"f.868DDD9EF8C55ECB5E24C8AEC1C53E95.d.555866419653A0DD347D4C6E771BA9A4.e.2555"}]}
COMMAND: POST /session/bf687da40b3c98d128a44e447cb2f226/execute/sync - {"script":"<script> [5351 bytes]","args":[{"element-6066-11e4-a52e-4f735466cecf":"f.868DDD9EF8C55ECB5E24C8AEC1C53E95.d.555866419653A0DD347D4C6E771BA9A4.e.2555","ELEMENT":"f.868DDD9EF8C55ECB5E24C8AEC1C53E95.d.555866419653A0DD347D4C6E771BA9A4.e.2555"}]}
COMMAND: GET /session/bf687da40b3c98d128a44e447cb2f226/screenshot - {}
RESULT: {}
COMMAND: GET /session/bf687da40b3c98d128a44e447cb2f226/screenshot - {}
RESULT: {"script":"<script> [5351 bytes]","args":[{"element-6066-11e4-a52e-4f735466cecf":"f.868DDD9EF8C55ECB5E24C8AEC1C53E95.d.555866419653A0DD347D4C6E771BA9A4.e.2555","ELEMENT":"f.868DDD9EF8C55ECB5E24C8AEC1C53E95.d.555866419653A0DD347D4C6E771BA9A4.e.2555"}]}
COMMAND: GET /session/bf687da40b3c98d128a44e447cb2f226/screenshot - {}
RESULT: {}
RESULT: {}
RESULT: {}
RESULT: undefined
COMMAND: POST /session/bf687da40b3c98d128a44e447cb2f226/element - {"using":"xpath","value":"//*[@id=\"__tile38\"]"}
RESULT: {"using":"xpath","value":"//*[@id=\"__tile38\"]"}
COMMAND: POST /session/bf687da40b3c98d128a44e447cb2f226/element/f.868DDD9EF8C55ECB5E24C8AEC1C53E95.d.555866419653A0DD347D4C6E771BA9A4.e.146/click - {}
RESULT: {}
COMMAND: POST /session/bf687da40b3c98d128a44e447cb2f226/element - {"using":"xpath","value":"//button[@data-kt=\"addButton\"]"}
COMMAND: GET /session/bf687da40b3c98d128a44e447cb2f226/screenshot - {}
RESULT: {"using":"xpath","value":"//button[@data-kt=\"addButton\"]"}
COMMAND: POST /session/bf687da40b3c98d128a44e447cb2f226/elements - {"using":"xpath","value":"//button[@data-kt=\"addButton\"]"}
RESULT: {}
RESULT: {"using":"xpath","value":"//button[@data-kt=\"addButton\"]"}
COMMAND: POST /session/bf687da40b3c98d128a44e447cb2f226/elements - {"using":"xpath","value":"//button[@data-kt=\"addButton\"]"}
RESULT: {"using":"xpath","value":"//button[@data-kt=\"addButton\"]"}
COMMAND: POST /session/bf687da40b3c98d128a44e447cb2f226/elements - {"using":"xpath","value":"//button[@data-kt=\"addButton\"]"}
RESULT: {"using":"xpath","value":"//button[@data-kt=\"addButton\"]"}
COMMAND: POST /session/bf687da40b3c98d128a44e447cb2f226/elements - {"using":"xpath","value":"//button[@data-kt=\"addButton\"]"}
RESULT: {"using":"xpath","value":"//button[@data-kt=\"addButton\"]"}
COMMAND: POST /session/bf687da40b3c98d128a44e447cb2f226/elements - {"using":"xpath","value":"//button[@data-kt=\"addButton\"]"}
RESULT: {"using":"xpath","value":"//button[@data-kt=\"addButton\"]"}
COMMAND: POST /session/bf687da40b3c98d128a44e447cb2f226/elements - {"using":"xpath","value":"//button[@data-kt=\"addButton\"]"}
RESULT: {"using":"xpath","value":"//button[@data-kt=\"addButton\"]"}
COMMAND: POST /session/bf687da40b3c98d128a44e447cb2f226/elements - {"using":"xpath","value":"//button[@data-kt=\"addButton\"]"}
RESULT: {"using":"xpath","value":"//button[@data-kt=\"addButton\"]"}
COMMAND: POST /session/bf687da40b3c98d128a44e447cb2f226/elements - {"using":"xpath","value":"//button[@data-kt=\"addButton\"]"}
RESULT: {"using":"xpath","value":"//button[@data-kt=\"addButton\"]"}
COMMAND: POST /session/bf687da40b3c98d128a44e447cb2f226/elements - {"using":"xpath","value":"//button[@data-kt=\"addButton\"]"}
RESULT: {"using":"xpath","value":"//button[@data-kt=\"addButton\"]"}
COMMAND: POST /session/bf687da40b3c98d128a44e447cb2f226/elements - {"using":"xpath","value":"//button[@data-kt=\"addButton\"]"}
RESULT: {"using":"xpath","value":"//button[@data-kt=\"addButton\"]"}
COMMAND: POST /session/bf687da40b3c98d128a44e447cb2f226/elements - {"using":"xpath","value":"//button[@data-kt=\"addButton\"]"}
RESULT: {"using":"xpath","value":"//button[@data-kt=\"addButton\"]"}
COMMAND: POST /session/bf687da40b3c98d128a44e447cb2f226/elements - {"using":"xpath","value":"//button[@data-kt=\"addButton\"]"}
RESULT: {"using":"xpath","value":"//button[@data-kt=\"addButton\"]"}
COMMAND: POST /session/bf687da40b3c98d128a44e447cb2f226/elements - {"using":"xpath","value":"//button[@data-kt=\"addButton\"]"}
RESULT: {"using":"xpath","value":"//button[@data-kt=\"addButton\"]"}
COMMAND: POST /session/bf687da40b3c98d128a44e447cb2f226/elements - {"using":"xpath","value":"//button[@data-kt=\"addButton\"]"}
RESULT: {"using":"xpath","value":"//button[@data-kt=\"addButton\"]"}
COMMAND: POST /session/bf687da40b3c98d128a44e447cb2f226/elements - {"using":"xpath","value":"//button[@data-kt=\"addButton\"]"}
RESULT: {"using":"xpath","value":"//button[@data-kt=\"addButton\"]"}
COMMAND: POST /session/bf687da40b3c98d128a44e447cb2f226/elements - {"using":"xpath","value":"//button[@data-kt=\"addButton\"]"}
RESULT: {"using":"xpath","value":"//button[@data-kt=\"addButton\"]"}
COMMAND: POST /session/bf687da40b3c98d128a44e447cb2f226/elements - {"using":"xpath","value":"//button[@data-kt=\"addButton\"]"}
RESULT: {"using":"xpath","value":"//button[@data-kt=\"addButton\"]"}
COMMAND: POST /session/bf687da40b3c98d128a44e447cb2f226/elements - {"using":"xpath","value":"//button[@data-kt=\"addButton\"]"}
RESULT: {"using":"xpath","value":"//button[@data-kt=\"addButton\"]"}
COMMAND: POST /session/bf687da40b3c98d128a44e447cb2f226/element - {"using":"xpath","value":"//button[@data-kt=\"addButton\"]"}
RESULT: {"using":"xpath","value":"//button[@data-kt=\"addButton\"]"}
COMMAND: POST /session/bf687da40b3c98d128a44e447cb2f226/execute/sync - {"script":"<script> [8489 bytes]","args":[{"element-6066-11e4-a52e-4f735466cecf":"f.868DDD9EF8C55ECB5E24C8AEC1C53E95.d.555866419653A0DD347D4C6E771BA9A4.e.2600","ELEMENT":"f.868DDD9EF8C55ECB5E24C8AEC1C53E95.d.555866419653A0DD347D4C6E771BA9A4.e.2600"}]}
RESULT: {"script":"<script> [8489 bytes]","args":[{"element-6066-11e4-a52e-4f735466cecf":"f.868DDD9EF8C55ECB5E24C8AEC1C53E95.d.555866419653A0DD347D4C6E771BA9A4.e.2600","ELEMENT":"f.868DDD9EF8C55ECB5E24C8AEC1C53E95.d.555866419653A0DD347D4C6E771BA9A4.e.2600"}]}
COMMAND: GET /session/bf687da40b3c98d128a44e447cb2f226/element/f.868DDD9EF8C55ECB5E24C8AEC1C53E95.d.555866419653A0DD347D4C6E771BA9A4.e.2600/enabled - {}
COMMAND: GET /session/bf687da40b3c98d128a44e447cb2f226/screenshot - {}
RESULT: {}
COMMAND: POST /session/bf687da40b3c98d128a44e447cb2f226/execute/sync - {"script":"<script> [8489 bytes]","args":[{"element-6066-11e4-a52e-4f735466cecf":"f.868DDD9EF8C55ECB5E24C8AEC1C53E95.d.555866419653A0DD347D4C6E771BA9A4.e.2600","ELEMENT":"f.868DDD9EF8C55ECB5E24C8AEC1C53E95.d.555866419653A0DD347D4C6E771BA9A4.e.2600"}]}
COMMAND: GET /session/bf687da40b3c98d128a44e447cb2f226/screenshot - {}
RESULT: {}
RESULT: {"script":"<script> [8489 bytes]","args":[{"element-6066-11e4-a52e-4f735466cecf":"f.868DDD9EF8C55ECB5E24C8AEC1C53E95.d.555866419653A0DD347D4C6E771BA9A4.e.2600","ELEMENT":"f.868DDD9EF8C55ECB5E24C8AEC1C53E95.d.555866419653A0DD347D4C6E771BA9A4.e.2600"}]}
COMMAND: POST /session/bf687da40b3c98d128a44e447cb2f226/execute/sync - {"script":"<script> [5351 bytes]","args":[{"element-6066-11e4-a52e-4f735466cecf":"f.868DDD9EF8C55ECB5E24C8AEC1C53E95.d.555866419653A0DD347D4C6E771BA9A4.e.2600","ELEMENT":"f.868DDD9EF8C55ECB5E24C8AEC1C53E95.d.555866419653A0DD347D4C6E771BA9A4.e.2600"}]}
COMMAND: GET /session/bf687da40b3c98d128a44e447cb2f226/screenshot - {}
RESULT: {}
RESULT: {"script":"<script> [5351 bytes]","args":[{"element-6066-11e4-a52e-4f735466cecf":"f.868DDD9EF8C55ECB5E24C8AEC1C53E95.d.555866419653A0DD347D4C6E771BA9A4.e.2600","ELEMENT":"f.868DDD9EF8C55ECB5E24C8AEC1C53E95.d.555866419653A0DD347D4C6E771BA9A4.e.2600"}]}
COMMAND: GET /session/bf687da40b3c98d128a44e447cb2f226/screenshot - {}
RESULT: {}
RESULT: {}
RESULT: undefined
COMMAND: POST /session/bf687da40b3c98d128a44e447cb2f226/execute/async - {"script":"<script> [776 bytes]","args":[{"enterText":"1208","selector":{"id":"application-managepartners-display-component---masterPtm--smartFilterBar-btnBasicSearch","interaction":{"idSuffix":"I"}},"clearTextFirst":true,"interactionType":"ENTER_TEXT"}]}
RESULT: {"script":"<script> [776 bytes]","args":[{"enterText":"1208","selector":{"id":"application-managepartners-display-component---masterPtm--smartFilterBar-btnBasicSearch","interaction":{"idSuffix":"I"}},"clearTextFirst":true,"interactionType":"ENTER_TEXT"}]}
COMMAND: POST /session/bf687da40b3c98d128a44e447cb2f226/actions - {"actions":[{"id":"action6","type":"key","parameters":{},"actions":[{"type":"keyDown","value":"î€‡"},{"type":"pause","duration":10},{"type":"keyUp","value":"î€‡"}]}]}
RESULT: {"actions":[{"id":"action6","type":"key","parameters":{},"actions":[{"type":"keyDown","value":"î€‡"},{"type":"pause","duration":10},{"type":"keyUp","value":"î€‡"}]}]}
COMMAND: GET /session/bf687da40b3c98d128a44e447cb2f226/screenshot - {}
RESULT: {}
COMMAND: POST /session/bf687da40b3c98d128a44e447cb2f226/elements - {"using":"xpath","value":"//table[contains(@id, \"customPartnersTable-listUl\")]/tbody/tr"}
RESULT: {"using":"xpath","value":"//table[contains(@id, \"customPartnersTable-listUl\")]/tbody/tr"}
COMMAND: POST /session/bf687da40b3c98d128a44e447cb2f226/element - {"using":"xpath","value":"//table[contains(@id, \"customPartnersTable-listUl\")]/tbody/tr[1]/td[3]/span"}
RESULT: {"using":"xpath","value":"//table[contains(@id, \"customPartnersTable-listUl\")]/tbody/tr[1]/td[3]/span"}
COMMAND: POST /session/bf687da40b3c98d128a44e447cb2f226/elements - {"using":"xpath","value":"//table[contains(@id, \"customPartnersTable-listUl\")]/tbody/tr[1]/td[3]/span"}
RESULT: {"using":"xpath","value":"//table[contains(@id, \"customPartnersTable-listUl\")]/tbody/tr[1]/td[3]/span"}
COMMAND: POST /session/bf687da40b3c98d128a44e447cb2f226/execute/sync - {"script":"<script> [56 bytes]","args":[{"element-6066-11e4-a52e-4f735466cecf":"f.868DDD9EF8C55ECB5E24C8AEC1C53E95.d.555866419653A0DD347D4C6E771BA9A4.e.2734","ELEMENT":"f.868DDD9EF8C55ECB5E24C8AEC1C53E95.d.555866419653A0DD347D4C6E771BA9A4.e.2734"}]}
RESULT: {"script":"<script> [56 bytes]","args":[{"element-6066-11e4-a52e-4f735466cecf":"f.868DDD9EF8C55ECB5E24C8AEC1C53E95.d.555866419653A0DD347D4C6E771BA9A4.e.2734","ELEMENT":"f.868DDD9EF8C55ECB5E24C8AEC1C53E95.d.555866419653A0DD347D4C6E771BA9A4.e.2734"}]}
COMMAND: POST /session/bf687da40b3c98d128a44e447cb2f226/element - {"using":"xpath","value":"(//span[contains(@id, \"imgNav\")])[1]"}
COMMAND: GET /session/bf687da40b3c98d128a44e447cb2f226/screenshot - {}
RESULT: {"using":"xpath","value":"(//span[contains(@id, \"imgNav\")])[1]"}
COMMAND: POST /session/bf687da40b3c98d128a44e447cb2f226/element/f.868DDD9EF8C55ECB5E24C8AEC1C53E95.d.555866419653A0DD347D4C6E771BA9A4.e.2732/click - {}
RESULT: {}
RESULT: {}
COMMAND: GET /session/bf687da40b3c98d128a44e447cb2f226/screenshot - {}
RESULT: {}
COMMAND: POST /session/bf687da40b3c98d128a44e447cb2f226/element - {"using":"xpath","value":"//bdi[contains(text(), \"Edit\")]"}
RESULT: {"using":"xpath","value":"//bdi[contains(text(), \"Edit\")]"}
COMMAND: POST /session/bf687da40b3c98d128a44e447cb2f226/element/f.868DDD9EF8C55ECB5E24C8AEC1C53E95.d.555866419653A0DD347D4C6E771BA9A4.e.2866/click - {}
RESULT: {}
COMMAND: GET /session/bf687da40b3c98d128a44e447cb2f226/screenshot - {}
RESULT: {}
COMMAND: POST /session/bf687da40b3c98d128a44e447cb2f226/execute/async - {"script":"<script> [1562 bytes]","args":[{"selector":{"controlType":"sap.m.Input","viewName":"etm.portal.ui.managepartners.view.EditDetail","labelFor":{"text":"Name"},"interaction":{"idSuffix":"inner"}},"wdio_ui5_key":"etmportal.ui.managepartners.view.EditDetailsap.m.Input{\"text\":\"Name\"}"}]}
RESULT: {"script":"<script> [1562 bytes]","args":[{"selector":{"controlType":"sap.m.Input","viewName":"etm.portal.ui.managepartners.view.EditDetail","labelFor":{"text":"Name"},"interaction":{"idSuffix":"inner"}},"wdio_ui5_key":"etmportal.ui.managepartners.view.EditDetailsap.m.Input{\"text\":\"Name\"}"}]}
RESULT: undefined
COMMAND: POST /session/bf687da40b3c98d128a44e447cb2f226/execute/async - {"script":"<script> [776 bytes]","args":[{"enterText":"External EDIT","selector":{"controlType":"sap.m.Input","viewName":"etm.portal.ui.managepartners.view.EditDetail","labelFor":{"text":"Name"},"interaction":{"idSuffix":"inner"}},"clearTextFirst":true,"interactionType":"ENTER_TEXT"}]}
RESULT: {"script":"<script> [776 bytes]","args":[{"enterText":"External EDIT","selector":{"controlType":"sap.m.Input","viewName":"etm.portal.ui.managepartners.view.EditDetail","labelFor":{"text":"Name"},"interaction":{"idSuffix":"inner"}},"clearTextFirst":true,"interactionType":"ENTER_TEXT"}]}
COMMAND: POST /session/bf687da40b3c98d128a44e447cb2f226/element - {"using":"xpath","value":"(//span[contains(@id,\"addressDetailDetailsLanguage-arrow\")])[1]"}
RESULT: {"using":"xpath","value":"(//span[contains(@id,\"addressDetailDetailsLanguage-arrow\")])[1]"}
COMMAND: POST /session/bf687da40b3c98d128a44e447cb2f226/element/f.868DDD9EF8C55ECB5E24C8AEC1C53E95.d.555866419653A0DD347D4C6E771BA9A4.e.2945/click - {}
RESULT: {}
COMMAND: POST /session/bf687da40b3c98d128a44e447cb2f226/element - {"using":"xpath","value":"//span[contains(text(), \"Chinese\")]"}
COMMAND: GET /session/bf687da40b3c98d128a44e447cb2f226/screenshot - {}
RESULT: {"using":"xpath","value":"//span[contains(text(), \"Chinese\")]"}
COMMAND: POST /session/bf687da40b3c98d128a44e447cb2f226/element/f.868DDD9EF8C55ECB5E24C8AEC1C53E95.d.555866419653A0DD347D4C6E771BA9A4.e.2946/click - {}
RESULT: {}
RESULT: {}
COMMAND: GET /session/bf687da40b3c98d128a44e447cb2f226/screenshot - {}
RESULT: {}
COMMAND: POST /session/bf687da40b3c98d128a44e447cb2f226/execute/async - {"script":"<script> [1562 bytes]","args":[{"selector":{"controlType":"sap.m.Input","viewName":"etm.portal.ui.managepartners.view.EditDetail","labelFor":{"text":"City"},"interaction":{"idSuffix":"inner"}},"wdio_ui5_key":"etmportal.ui.managepartners.view.EditDetailsap.m.Input{\"text\":\"City\"}"}]}
RESULT: {"script":"<script> [1562 bytes]","args":[{"selector":{"controlType":"sap.m.Input","viewName":"etm.portal.ui.managepartners.view.EditDetail","labelFor":{"text":"City"},"interaction":{"idSuffix":"inner"}},"wdio_ui5_key":"etmportal.ui.managepartners.view.EditDetailsap.m.Input{\"text\":\"City\"}"}]}
RESULT: undefined
COMMAND: POST /session/bf687da40b3c98d128a44e447cb2f226/execute/async - {"script":"<script> [776 bytes]","args":[{"enterText":"Clooj-Napoca","selector":{"controlType":"sap.m.Input","viewName":"etm.portal.ui.managepartners.view.EditDetail","labelFor":{"text":"City"},"interaction":{"idSuffix":"inner"}},"clearTextFirst":true,"interactionType":"ENTER_TEXT"}]}
RESULT: {"script":"<script> [776 bytes]","args":[{"enterText":"Clooj-Napoca","selector":{"controlType":"sap.m.Input","viewName":"etm.portal.ui.managepartners.view.EditDetail","labelFor":{"text":"City"},"interaction":{"idSuffix":"inner"}},"clearTextFirst":true,"interactionType":"ENTER_TEXT"}]}
COMMAND: POST /session/bf687da40b3c98d128a44e447cb2f226/element - {"using":"xpath","value":"//button[@data-kt=\"saveButton\"]"}
RESULT: {"using":"xpath","value":"//button[@data-kt=\"saveButton\"]"}
COMMAND: POST /session/bf687da40b3c98d128a44e447cb2f226/element/f.868DDD9EF8C55ECB5E24C8AEC1C53E95.d.555866419653A0DD347D4C6E771BA9A4.e.2929/click - {}
RESULT: {}
COMMAND: GET /session/bf687da40b3c98d128a44e447cb2f226/screenshot - {}
RESULT: {}
COMMAND: POST /session/bf687da40b3c98d128a44e447cb2f226/execute/async - {"script":"<script> [1562 bytes]","args":[{"selector":{"id":"application-managepartners-display-component---detailPtm--addressDetailDetailsName1"},"wdio_ui5_key":"applicationmanagepartners-display-component---detailPtm--addressDetailDetailsName1"}]}
RESULT: {"script":"<script> [1562 bytes]","args":[{"selector":{"id":"application-managepartners-display-component---detailPtm--addressDetailDetailsName1"},"wdio_ui5_key":"applicationmanagepartners-display-component---detailPtm--addressDetailDetailsName1"}]}
RESULT: undefined
COMMAND: POST /session/bf687da40b3c98d128a44e447cb2f226/execute/async - {"script":"<script> [6424 bytes]","args":[{"element-6066-11e4-a52e-4f735466cecf":"f.868DDD9EF8C55ECB5E24C8AEC1C53E95.d.555866419653A0DD347D4C6E771BA9A4.e.2977"},"getValue",[]]}
RESULT: {"script":"<script> [6424 bytes]","args":[{"element-6066-11e4-a52e-4f735466cecf":"f.868DDD9EF8C55ECB5E24C8AEC1C53E95.d.555866419653A0DD347D4C6E771BA9A4.e.2977"},"getValue",[]]}
COMMAND: POST /session/bf687da40b3c98d128a44e447cb2f226/element - {"using":"xpath","value":"//input[@id = \"application-managepartners-display-component---detailPtm--addressDetailDetailsLanguage-inner\"]"}
RESULT: {"using":"xpath","value":"//input[@id = \"application-managepartners-display-component---detailPtm--addressDetailDetailsLanguage-inner\"]"}
COMMAND: GET /session/bf687da40b3c98d128a44e447cb2f226/element/f.868DDD9EF8C55ECB5E24C8AEC1C53E95.d.555866419653A0DD347D4C6E771BA9A4.e.2978/property/value - {}
RESULT: {}
COMMAND: POST /session/bf687da40b3c98d128a44e447cb2f226/execute/async - {"script":"<script> [1562 bytes]","args":[{"selector":{"id":"application-managepartners-display-component---detailPtm--addressDetailDetailsCity1"},"wdio_ui5_key":"applicationmanagepartners-display-component---detailPtm--addressDetailDetailsCity1"}]}
COMMAND: GET /session/bf687da40b3c98d128a44e447cb2f226/screenshot - {}
RESULT: {"script":"<script> [1562 bytes]","args":[{"selector":{"id":"application-managepartners-display-component---detailPtm--addressDetailDetailsCity1"},"wdio_ui5_key":"applicationmanagepartners-display-component---detailPtm--addressDetailDetailsCity1"}]}
RESULT: undefined
COMMAND: POST /session/bf687da40b3c98d128a44e447cb2f226/execute/async - {"script":"<script> [6424 bytes]","args":[{"element-6066-11e4-a52e-4f735466cecf":"f.868DDD9EF8C55ECB5E24C8AEC1C53E95.d.555866419653A0DD347D4C6E771BA9A4.e.2979"},"getValue",[]]}
RESULT: {}
RESULT: {"script":"<script> [6424 bytes]","args":[{"element-6066-11e4-a52e-4f735466cecf":"f.868DDD9EF8C55ECB5E24C8AEC1C53E95.d.555866419653A0DD347D4C6E771BA9A4.e.2979"},"getValue",[]]}
COMMAND: POST /session/bf687da40b3c98d128a44e447cb2f226/element - {"using":"css selector","value":"#shell-header-logo"}
RESULT: {"using":"css selector","value":"#shell-header-logo"}
COMMAND: POST /session/bf687da40b3c98d128a44e447cb2f226/element/f.868DDD9EF8C55ECB5E24C8AEC1C53E95.d.555866419653A0DD347D4C6E771BA9A4.e.2555/click - {}
RESULT: {}
COMMAND: GET /session/bf687da40b3c98d128a44e447cb2f226/screenshot - {}
RESULT: {}
]]></system-out>
    </testcase>
    <testcase classname="chrome.135_0_7049_96.windows.Partner_specific_tests_US150819_US151080_US151654_US151176_US103444_US151078_US151079_US151109_US151174_US151175_US151189" name="Should create a new intercompany partner edit some of its fields US151078" time="209.316">
      <system-out><![CDATA[
COMMAND: POST /session/bf687da40b3c98d128a44e447cb2f226/element - {"using":"xpath","value":"//li[.//span[text()=\"Manage Partners\"]]"}
RESULT: {"using":"xpath","value":"//li[.//span[text()=\"Manage Partners\"]]"}
COMMAND: POST /session/bf687da40b3c98d128a44e447cb2f226/element - {"using":"xpath","value":"//li[.//span[text()=\"Manage Partners\"]]"}
RESULT: {"using":"xpath","value":"//li[.//span[text()=\"Manage Partners\"]]"}
COMMAND: POST /session/bf687da40b3c98d128a44e447cb2f226/element - {"using":"css selector","value":"#shell-header-logo"}
RESULT: {"using":"css selector","value":"#shell-header-logo"}
COMMAND: POST /session/bf687da40b3c98d128a44e447cb2f226/element/f.868DDD9EF8C55ECB5E24C8AEC1C53E95.d.555866419653A0DD347D4C6E771BA9A4.e.3009/click - {}
COMMAND: POST /session/bf687da40b3c98d128a44e447cb2f226/execute/sync - {"script":"<script> [8489 bytes]","args":[{"element-6066-11e4-a52e-4f735466cecf":"f.868DDD9EF8C55ECB5E24C8AEC1C53E95.d.555866419653A0DD347D4C6E771BA9A4.e.3009","ELEMENT":"f.868DDD9EF8C55ECB5E24C8AEC1C53E95.d.555866419653A0DD347D4C6E771BA9A4.e.3009"}]}
RESULT: {}
COMMAND: GET /session/bf687da40b3c98d128a44e447cb2f226/screenshot - {}
RESULT: {"script":"<script> [8489 bytes]","args":[{"element-6066-11e4-a52e-4f735466cecf":"f.868DDD9EF8C55ECB5E24C8AEC1C53E95.d.555866419653A0DD347D4C6E771BA9A4.e.3009","ELEMENT":"f.868DDD9EF8C55ECB5E24C8AEC1C53E95.d.555866419653A0DD347D4C6E771BA9A4.e.3009"}]}
COMMAND: POST /session/bf687da40b3c98d128a44e447cb2f226/execute/sync - {"script":"<script> [5351 bytes]","args":[{"element-6066-11e4-a52e-4f735466cecf":"f.868DDD9EF8C55ECB5E24C8AEC1C53E95.d.555866419653A0DD347D4C6E771BA9A4.e.3009","ELEMENT":"f.868DDD9EF8C55ECB5E24C8AEC1C53E95.d.555866419653A0DD347D4C6E771BA9A4.e.3009"}]}
COMMAND: GET /session/bf687da40b3c98d128a44e447cb2f226/screenshot - {}
RESULT: {}
RESULT: {"script":"<script> [5351 bytes]","args":[{"element-6066-11e4-a52e-4f735466cecf":"f.868DDD9EF8C55ECB5E24C8AEC1C53E95.d.555866419653A0DD347D4C6E771BA9A4.e.3009","ELEMENT":"f.868DDD9EF8C55ECB5E24C8AEC1C53E95.d.555866419653A0DD347D4C6E771BA9A4.e.3009"}]}
COMMAND: GET /session/bf687da40b3c98d128a44e447cb2f226/screenshot - {}
RESULT: {}
RESULT: {}
COMMAND: POST /session/bf687da40b3c98d128a44e447cb2f226/refresh - {}
RESULT: {}
COMMAND: GET /session/bf687da40b3c98d128a44e447cb2f226/screenshot - {}
RESULT: {}
COMMAND: POST /session/bf687da40b3c98d128a44e447cb2f226/refresh - {}
RESULT: {}
COMMAND: GET /session/bf687da40b3c98d128a44e447cb2f226/screenshot - {}
RESULT: {}
COMMAND: POST /session/bf687da40b3c98d128a44e447cb2f226/window/fullscreen - {}
RESULT: {}
COMMAND: POST /session/bf687da40b3c98d128a44e447cb2f226/execute/async - {"script":"<script> [189 bytes]","args":[]}
RESULT: {"script":"<script> [189 bytes]","args":[]}
COMMAND: POST /session/bf687da40b3c98d128a44e447cb2f226/execute/async - {"script":"<script> [123 bytes]","args":[]}
RESULT: {"script":"<script> [123 bytes]","args":[]}
COMMAND: POST /session/bf687da40b3c98d128a44e447cb2f226/timeouts - {"script":"<number>"}
RESULT: {"script":"<number>"}
COMMAND: GET /session/bf687da40b3c98d128a44e447cb2f226/timeouts - {}
RESULT: {}
RESULT: undefined
COMMAND: POST /session/bf687da40b3c98d128a44e447cb2f226/execute/async - {"script":"<script> [2676 bytes]","args":[]}
RESULT: {"script":"<script> [2676 bytes]","args":[]}
COMMAND: POST /session/bf687da40b3c98d128a44e447cb2f226/execute/async - {"script":"<script> [2342 bytes]","args":[{"protocol":"http","hostname":"0.0.0.0","path":"/","capabilities":{"browserName":"chrome","goog:chromeOptions":{"binary":"C:\\Program Files\\Google\\Chrome\\Application\\chrome.exe","args":["--start-maximized"]}},"logLevel":"warn","connectionRetryTimeout":120000,"connectionRetryCount":3,"logLevels":{},"enableDirectConnect":true,"strictSSL":true,"_":"65 more keys: [\"cacheDir\",\"port\",\"requestedCapabilities\",\"automationProtocol\",\"baseUrl\",\"waitforInterval\",\"waitforTimeout\",\"onReload\",\"beforeCommand\",\"afterCommand\",\"rootDir\",\"specs\",\"suites\",\"exclude\",\"groupLogsByTestSpec\",\"excludeDriverLogs\",\"bail\",\"framework\",\"reporters\",\"services\",\"maxInstances\",\"maxInstancesPerCapability\",\"injectGlobals\",\"filesToWatch\",\"execArgv\",\"runnerEnv\",\"runner\",\"shard\",\"specFileRetries\",\"specFileRetriesDelay\",\"specFileRetriesDeferred\",\"reporterSyncInterval\",\"reporterSyncTimeout\",\"cucumberFeaturesWithLineNumbers\",\"autoCompileOpts\",\"mochaOpts\",\"jasmineOpts\",\"cucumberOpts\",\"onPrepare\",\"onWorkerStart\",\"onWorkerEnd\",\"before\",\"beforeSession\",\"beforeSuite\",\"beforeHook\",\"beforeTest\",\"afterTest\",\"afterHook\",\"afterSuite\",\"afterSession\",\"after\",\"onComplete\",\"beforeAssertion\",\"afterAssertion\",\"beforeFeature\",\"beforeScenario\",\"beforeStep\",\"afterStep\",\"afterScenario\",\"afterFeature\",\"_\",\"suite\",\"$0\",\"ignoredWorkerServices\",\"wdi5\"]"}]}
RESULT: {"script":"<script> [2342 bytes]","args":[{"protocol":"http","hostname":"0.0.0.0","path":"/","capabilities":{"browserName":"chrome","goog:chromeOptions":{"binary":"C:\\Program Files\\Google\\Chrome\\Application\\chrome.exe","args":["--start-maximized"]}},"logLevel":"warn","connectionRetryTimeout":120000,"connectionRetryCount":3,"logLevels":{},"enableDirectConnect":true,"strictSSL":true,"_":"65 more keys: [\"cacheDir\",\"port\",\"requestedCapabilities\",\"automationProtocol\",\"baseUrl\",\"waitforInterval\",\"waitforTimeout\",\"onReload\",\"beforeCommand\",\"afterCommand\",\"rootDir\",\"specs\",\"suites\",\"exclude\",\"groupLogsByTestSpec\",\"excludeDriverLogs\",\"bail\",\"framework\",\"reporters\",\"services\",\"maxInstances\",\"maxInstancesPerCapability\",\"injectGlobals\",\"filesToWatch\",\"execArgv\",\"runnerEnv\",\"runner\",\"shard\",\"specFileRetries\",\"specFileRetriesDelay\",\"specFileRetriesDeferred\",\"reporterSyncInterval\",\"reporterSyncTimeout\",\"cucumberFeaturesWithLineNumbers\",\"autoCompileOpts\",\"mochaOpts\",\"jasmineOpts\",\"cucumberOpts\",\"onPrepare\",\"onWorkerStart\",\"onWorkerEnd\",\"before\",\"beforeSession\",\"beforeSuite\",\"beforeHook\",\"beforeTest\",\"afterTest\",\"afterHook\",\"afterSuite\",\"afterSession\",\"after\",\"onComplete\",\"beforeAssertion\",\"afterAssertion\",\"beforeFeature\",\"beforeScenario\",\"beforeStep\",\"afterStep\",\"afterScenario\",\"afterFeature\",\"_\",\"suite\",\"$0\",\"ignoredWorkerServices\",\"wdi5\"]"}]}
COMMAND: POST /session/bf687da40b3c98d128a44e447cb2f226/execute/async - {"script":"<script> [21126 bytes]","args":[35000]}
RESULT: {"script":"<script> [21126 bytes]","args":[35000]}
COMMAND: POST /session/bf687da40b3c98d128a44e447cb2f226/window/fullscreen - {}
RESULT: {}
COMMAND: POST /session/bf687da40b3c98d128a44e447cb2f226/window/fullscreen - {}
RESULT: {}
COMMAND: POST /session/bf687da40b3c98d128a44e447cb2f226/execute/async - {"script":"<script> [1562 bytes]","args":[{"selector":{"controlType":"sap.m.GenericTile","properties":{"header":"Manage Partners"}},"wdio_ui5_key":"sapm.GenericTile{\"header\":\"Manage Partners\"}"}]}
RESULT: {"script":"<script> [1562 bytes]","args":[{"selector":{"controlType":"sap.m.GenericTile","properties":{"header":"Manage Partners"}},"wdio_ui5_key":"sapm.GenericTile{\"header\":\"Manage Partners\"}"}]}
RESULT: undefined
COMMAND: POST /session/bf687da40b3c98d128a44e447cb2f226/element - {"using":"xpath","value":"//*[@id=\"__tile30\"]"}
RESULT: {"using":"xpath","value":"//*[@id=\"__tile30\"]"}
COMMAND: POST /session/bf687da40b3c98d128a44e447cb2f226/element/f.868DDD9EF8C55ECB5E24C8AEC1C53E95.d.5061840EDE4CF8DE4E40894B7E488273.e.3072/click - {}
RESULT: {}
COMMAND: POST /session/bf687da40b3c98d128a44e447cb2f226/element - {"using":"xpath","value":"//button[@data-kt=\"addButton\"]"}
COMMAND: GET /session/bf687da40b3c98d128a44e447cb2f226/screenshot - {}
RESULT: {"using":"xpath","value":"//button[@data-kt=\"addButton\"]"}
COMMAND: POST /session/bf687da40b3c98d128a44e447cb2f226/elements - {"using":"xpath","value":"//button[@data-kt=\"addButton\"]"}
RESULT: {}
RESULT: {"using":"xpath","value":"//button[@data-kt=\"addButton\"]"}
COMMAND: POST /session/bf687da40b3c98d128a44e447cb2f226/elements - {"using":"xpath","value":"//button[@data-kt=\"addButton\"]"}
RESULT: {"using":"xpath","value":"//button[@data-kt=\"addButton\"]"}
COMMAND: POST /session/bf687da40b3c98d128a44e447cb2f226/elements - {"using":"xpath","value":"//button[@data-kt=\"addButton\"]"}
RESULT: {"using":"xpath","value":"//button[@data-kt=\"addButton\"]"}
COMMAND: POST /session/bf687da40b3c98d128a44e447cb2f226/elements - {"using":"xpath","value":"//button[@data-kt=\"addButton\"]"}
RESULT: {"using":"xpath","value":"//button[@data-kt=\"addButton\"]"}
COMMAND: POST /session/bf687da40b3c98d128a44e447cb2f226/elements - {"using":"xpath","value":"//button[@data-kt=\"addButton\"]"}
RESULT: {"using":"xpath","value":"//button[@data-kt=\"addButton\"]"}
COMMAND: POST /session/bf687da40b3c98d128a44e447cb2f226/elements - {"using":"xpath","value":"//button[@data-kt=\"addButton\"]"}
RESULT: {"using":"xpath","value":"//button[@data-kt=\"addButton\"]"}
COMMAND: POST /session/bf687da40b3c98d128a44e447cb2f226/elements - {"using":"xpath","value":"//button[@data-kt=\"addButton\"]"}
RESULT: {"using":"xpath","value":"//button[@data-kt=\"addButton\"]"}
COMMAND: POST /session/bf687da40b3c98d128a44e447cb2f226/elements - {"using":"xpath","value":"//button[@data-kt=\"addButton\"]"}
RESULT: {"using":"xpath","value":"//button[@data-kt=\"addButton\"]"}
COMMAND: POST /session/bf687da40b3c98d128a44e447cb2f226/elements - {"using":"xpath","value":"//button[@data-kt=\"addButton\"]"}
RESULT: {"using":"xpath","value":"//button[@data-kt=\"addButton\"]"}
COMMAND: POST /session/bf687da40b3c98d128a44e447cb2f226/elements - {"using":"xpath","value":"//button[@data-kt=\"addButton\"]"}
RESULT: {"using":"xpath","value":"//button[@data-kt=\"addButton\"]"}
COMMAND: POST /session/bf687da40b3c98d128a44e447cb2f226/elements - {"using":"xpath","value":"//button[@data-kt=\"addButton\"]"}
RESULT: {"using":"xpath","value":"//button[@data-kt=\"addButton\"]"}
COMMAND: POST /session/bf687da40b3c98d128a44e447cb2f226/elements - {"using":"xpath","value":"//button[@data-kt=\"addButton\"]"}
RESULT: {"using":"xpath","value":"//button[@data-kt=\"addButton\"]"}
COMMAND: POST /session/bf687da40b3c98d128a44e447cb2f226/elements - {"using":"xpath","value":"//button[@data-kt=\"addButton\"]"}
RESULT: {"using":"xpath","value":"//button[@data-kt=\"addButton\"]"}
COMMAND: POST /session/bf687da40b3c98d128a44e447cb2f226/elements - {"using":"xpath","value":"//button[@data-kt=\"addButton\"]"}
RESULT: {"using":"xpath","value":"//button[@data-kt=\"addButton\"]"}
COMMAND: POST /session/bf687da40b3c98d128a44e447cb2f226/elements - {"using":"xpath","value":"//button[@data-kt=\"addButton\"]"}
RESULT: {"using":"xpath","value":"//button[@data-kt=\"addButton\"]"}
COMMAND: POST /session/bf687da40b3c98d128a44e447cb2f226/elements - {"using":"xpath","value":"//button[@data-kt=\"addButton\"]"}
RESULT: {"using":"xpath","value":"//button[@data-kt=\"addButton\"]"}
COMMAND: POST /session/bf687da40b3c98d128a44e447cb2f226/elements - {"using":"xpath","value":"//button[@data-kt=\"addButton\"]"}
RESULT: {"using":"xpath","value":"//button[@data-kt=\"addButton\"]"}
COMMAND: POST /session/bf687da40b3c98d128a44e447cb2f226/elements - {"using":"xpath","value":"//button[@data-kt=\"addButton\"]"}
RESULT: {"using":"xpath","value":"//button[@data-kt=\"addButton\"]"}
COMMAND: POST /session/bf687da40b3c98d128a44e447cb2f226/elements - {"using":"xpath","value":"//button[@data-kt=\"addButton\"]"}
RESULT: {"using":"xpath","value":"//button[@data-kt=\"addButton\"]"}
COMMAND: POST /session/bf687da40b3c98d128a44e447cb2f226/element - {"using":"xpath","value":"//button[@data-kt=\"addButton\"]"}
RESULT: {"using":"xpath","value":"//button[@data-kt=\"addButton\"]"}
COMMAND: POST /session/bf687da40b3c98d128a44e447cb2f226/execute/sync - {"script":"<script> [8489 bytes]","args":[{"element-6066-11e4-a52e-4f735466cecf":"f.868DDD9EF8C55ECB5E24C8AEC1C53E95.d.5061840EDE4CF8DE4E40894B7E488273.e.3188","ELEMENT":"f.868DDD9EF8C55ECB5E24C8AEC1C53E95.d.5061840EDE4CF8DE4E40894B7E488273.e.3188"}]}
RESULT: {"script":"<script> [8489 bytes]","args":[{"element-6066-11e4-a52e-4f735466cecf":"f.868DDD9EF8C55ECB5E24C8AEC1C53E95.d.5061840EDE4CF8DE4E40894B7E488273.e.3188","ELEMENT":"f.868DDD9EF8C55ECB5E24C8AEC1C53E95.d.5061840EDE4CF8DE4E40894B7E488273.e.3188"}]}
COMMAND: GET /session/bf687da40b3c98d128a44e447cb2f226/element/f.868DDD9EF8C55ECB5E24C8AEC1C53E95.d.5061840EDE4CF8DE4E40894B7E488273.e.3188/enabled - {}
COMMAND: GET /session/bf687da40b3c98d128a44e447cb2f226/screenshot - {}
RESULT: {}
COMMAND: POST /session/bf687da40b3c98d128a44e447cb2f226/execute/sync - {"script":"<script> [8489 bytes]","args":[{"element-6066-11e4-a52e-4f735466cecf":"f.868DDD9EF8C55ECB5E24C8AEC1C53E95.d.5061840EDE4CF8DE4E40894B7E488273.e.3188","ELEMENT":"f.868DDD9EF8C55ECB5E24C8AEC1C53E95.d.5061840EDE4CF8DE4E40894B7E488273.e.3188"}]}
COMMAND: GET /session/bf687da40b3c98d128a44e447cb2f226/screenshot - {}
RESULT: {}
RESULT: {"script":"<script> [8489 bytes]","args":[{"element-6066-11e4-a52e-4f735466cecf":"f.868DDD9EF8C55ECB5E24C8AEC1C53E95.d.5061840EDE4CF8DE4E40894B7E488273.e.3188","ELEMENT":"f.868DDD9EF8C55ECB5E24C8AEC1C53E95.d.5061840EDE4CF8DE4E40894B7E488273.e.3188"}]}
COMMAND: POST /session/bf687da40b3c98d128a44e447cb2f226/execute/sync - {"script":"<script> [5351 bytes]","args":[{"element-6066-11e4-a52e-4f735466cecf":"f.868DDD9EF8C55ECB5E24C8AEC1C53E95.d.5061840EDE4CF8DE4E40894B7E488273.e.3188","ELEMENT":"f.868DDD9EF8C55ECB5E24C8AEC1C53E95.d.5061840EDE4CF8DE4E40894B7E488273.e.3188"}]}
COMMAND: GET /session/bf687da40b3c98d128a44e447cb2f226/screenshot - {}
RESULT: {}
RESULT: {"script":"<script> [5351 bytes]","args":[{"element-6066-11e4-a52e-4f735466cecf":"f.868DDD9EF8C55ECB5E24C8AEC1C53E95.d.5061840EDE4CF8DE4E40894B7E488273.e.3188","ELEMENT":"f.868DDD9EF8C55ECB5E24C8AEC1C53E95.d.5061840EDE4CF8DE4E40894B7E488273.e.3188"}]}
COMMAND: POST /session/bf687da40b3c98d128a44e447cb2f226/element/f.868DDD9EF8C55ECB5E24C8AEC1C53E95.d.5061840EDE4CF8DE4E40894B7E488273.e.3188/click - {}
COMMAND: GET /session/bf687da40b3c98d128a44e447cb2f226/screenshot - {}
RESULT: {}
RESULT: {}
COMMAND: GET /session/bf687da40b3c98d128a44e447cb2f226/screenshot - {}
COMMAND: POST /session/bf687da40b3c98d128a44e447cb2f226/execute/async - {"script":"<script> [1562 bytes]","args":[{"selector":{"id":"application-managepartners-display-component---NewPartner--addressDetailDetailsName1","interaction":{"idSuffix":"inner"}},"wdio_ui5_key":"applicationmanagepartners-display-component---NewPartner--addressDetailDetailsName1"}]}
RESULT: {}
RESULT: {}
RESULT: {"script":"<script> [1562 bytes]","args":[{"selector":{"id":"application-managepartners-display-component---NewPartner--addressDetailDetailsName1","interaction":{"idSuffix":"inner"}},"wdio_ui5_key":"applicationmanagepartners-display-component---NewPartner--addressDetailDetailsName1"}]}
RESULT: undefined
COMMAND: POST /session/bf687da40b3c98d128a44e447cb2f226/execute/async - {"script":"<script> [776 bytes]","args":[{"enterText":"Intercompany Partner WDIO","selector":{"id":"application-managepartners-display-component---NewPartner--addressDetailDetailsName1","interaction":{"idSuffix":"inner"}},"clearTextFirst":true,"interactionType":"ENTER_TEXT"}]}
RESULT: {"script":"<script> [776 bytes]","args":[{"enterText":"Intercompany Partner WDIO","selector":{"id":"application-managepartners-display-component---NewPartner--addressDetailDetailsName1","interaction":{"idSuffix":"inner"}},"clearTextFirst":true,"interactionType":"ENTER_TEXT"}]}
COMMAND: POST /session/bf687da40b3c98d128a44e447cb2f226/execute/async - {"script":"<script> [1562 bytes]","args":[{"selector":{"id":"application-managepartners-display-component---NewPartner--addressDetailDetailsLanguage-arrow"},"wdio_ui5_key":"applicationmanagepartners-display-component---NewPartner--addressDetailDetailsLanguage-arrow"}]}
RESULT: {"script":"<script> [1562 bytes]","args":[{"selector":{"id":"application-managepartners-display-component---NewPartner--addressDetailDetailsLanguage-arrow"},"wdio_ui5_key":"applicationmanagepartners-display-component---NewPartner--addressDetailDetailsLanguage-arrow"}]}
RESULT: undefined
COMMAND: POST /session/bf687da40b3c98d128a44e447cb2f226/element - {"using":"xpath","value":"//*[@id=\"application-managepartners-display-component---NewPartner--addressDetailDetailsLanguage-arrow\"]"}
RESULT: {"using":"xpath","value":"//*[@id=\"application-managepartners-display-component---NewPartner--addressDetailDetailsLanguage-arrow\"]"}
COMMAND: POST /session/bf687da40b3c98d128a44e447cb2f226/element/f.868DDD9EF8C55ECB5E24C8AEC1C53E95.d.5061840EDE4CF8DE4E40894B7E488273.e.3642/click - {}
RESULT: {}
COMMAND: POST /session/bf687da40b3c98d128a44e447cb2f226/element - {"using":"xpath","value":"//span[contains(text(), \"English\")]"}
COMMAND: GET /session/bf687da40b3c98d128a44e447cb2f226/screenshot - {}
RESULT: {"using":"xpath","value":"//span[contains(text(), \"English\")]"}
COMMAND: POST /session/bf687da40b3c98d128a44e447cb2f226/element/f.868DDD9EF8C55ECB5E24C8AEC1C53E95.d.5061840EDE4CF8DE4E40894B7E488273.e.3643/click - {}
RESULT: {}
RESULT: {}
COMMAND: GET /session/bf687da40b3c98d128a44e447cb2f226/screenshot - {}
RESULT: {}
COMMAND: POST /session/bf687da40b3c98d128a44e447cb2f226/execute/async - {"script":"<script> [1562 bytes]","args":[{"selector":{"id":"application-managepartners-display-component---NewPartner--addressDetailDetailsCity1","interaction":{"idSuffix":"inner"}},"wdio_ui5_key":"applicationmanagepartners-display-component---NewPartner--addressDetailDetailsCity1"}]}
RESULT: {"script":"<script> [1562 bytes]","args":[{"selector":{"id":"application-managepartners-display-component---NewPartner--addressDetailDetailsCity1","interaction":{"idSuffix":"inner"}},"wdio_ui5_key":"applicationmanagepartners-display-component---NewPartner--addressDetailDetailsCity1"}]}
RESULT: undefined
COMMAND: POST /session/bf687da40b3c98d128a44e447cb2f226/execute/async - {"script":"<script> [776 bytes]","args":[{"enterText":"Rosario","selector":{"id":"application-managepartners-display-component---NewPartner--addressDetailDetailsCity1","interaction":{"idSuffix":"inner"}},"clearTextFirst":true,"interactionType":"ENTER_TEXT"}]}
RESULT: {"script":"<script> [776 bytes]","args":[{"enterText":"Rosario","selector":{"id":"application-managepartners-display-component---NewPartner--addressDetailDetailsCity1","interaction":{"idSuffix":"inner"}},"clearTextFirst":true,"interactionType":"ENTER_TEXT"}]}
COMMAND: POST /session/bf687da40b3c98d128a44e447cb2f226/execute/async - {"script":"<script> [1562 bytes]","args":[{"selector":{"id":"application-managepartners-display-component---NewPartner--addressDetailDetailsCountry-arrow"},"wdio_ui5_key":"applicationmanagepartners-display-component---NewPartner--addressDetailDetailsCountry-arrow"}]}
RESULT: {"script":"<script> [1562 bytes]","args":[{"selector":{"id":"application-managepartners-display-component---NewPartner--addressDetailDetailsCountry-arrow"},"wdio_ui5_key":"applicationmanagepartners-display-component---NewPartner--addressDetailDetailsCountry-arrow"}]}
RESULT: undefined
COMMAND: POST /session/bf687da40b3c98d128a44e447cb2f226/element - {"using":"xpath","value":"//*[@id=\"application-managepartners-display-component---NewPartner--addressDetailDetailsCountry-arrow\"]"}
RESULT: {"using":"xpath","value":"//*[@id=\"application-managepartners-display-component---NewPartner--addressDetailDetailsCountry-arrow\"]"}
COMMAND: POST /session/bf687da40b3c98d128a44e447cb2f226/element/f.868DDD9EF8C55ECB5E24C8AEC1C53E95.d.5061840EDE4CF8DE4E40894B7E488273.e.3629/click - {}
RESULT: {}
COMMAND: POST /session/bf687da40b3c98d128a44e447cb2f226/element - {"using":"xpath","value":"//span[contains(text(), \"Argentina\")]"}
COMMAND: GET /session/bf687da40b3c98d128a44e447cb2f226/screenshot - {}
RESULT: {"using":"xpath","value":"//span[contains(text(), \"Argentina\")]"}
COMMAND: POST /session/bf687da40b3c98d128a44e447cb2f226/element/f.868DDD9EF8C55ECB5E24C8AEC1C53E95.d.5061840EDE4CF8DE4E40894B7E488273.e.3645/click - {}
RESULT: {}
RESULT: {}
COMMAND: GET /session/bf687da40b3c98d128a44e447cb2f226/screenshot - {}
RESULT: {}
COMMAND: POST /session/bf687da40b3c98d128a44e447cb2f226/element - {"using":"xpath","value":"//bdi[contains(text(), \"Commercial\")]"}
RESULT: {"using":"xpath","value":"//bdi[contains(text(), \"Commercial\")]"}
COMMAND: POST /session/bf687da40b3c98d128a44e447cb2f226/element/f.868DDD9EF8C55ECB5E24C8AEC1C53E95.d.5061840EDE4CF8DE4E40894B7E488273.e.3646/click - {}
RESULT: {}
COMMAND: GET /session/bf687da40b3c98d128a44e447cb2f226/screenshot - {}
RESULT: {}
COMMAND: POST /session/bf687da40b3c98d128a44e447cb2f226/execute/async - {"script":"<script> [1562 bytes]","args":[{"selector":{"id":"application-managepartners-display-component---NewPartner--partnerDetailInternal-arrow"},"wdio_ui5_key":"applicationmanagepartners-display-component---NewPartner--partnerDetailInternal-arrow"}]}
RESULT: {"script":"<script> [1562 bytes]","args":[{"selector":{"id":"application-managepartners-display-component---NewPartner--partnerDetailInternal-arrow"},"wdio_ui5_key":"applicationmanagepartners-display-component---NewPartner--partnerDetailInternal-arrow"}]}
RESULT: undefined
COMMAND: POST /session/bf687da40b3c98d128a44e447cb2f226/element - {"using":"xpath","value":"//*[@id=\"application-managepartners-display-component---NewPartner--partnerDetailInternal-arrow\"]"}
RESULT: {"using":"xpath","value":"//*[@id=\"application-managepartners-display-component---NewPartner--partnerDetailInternal-arrow\"]"}
COMMAND: POST /session/bf687da40b3c98d128a44e447cb2f226/element/f.868DDD9EF8C55ECB5E24C8AEC1C53E95.d.5061840EDE4CF8DE4E40894B7E488273.e.3652/click - {}
RESULT: {}
COMMAND: POST /session/bf687da40b3c98d128a44e447cb2f226/element - {"using":"xpath","value":"//span[contains(text(), \"Affiliated company\")]"}
COMMAND: GET /session/bf687da40b3c98d128a44e447cb2f226/screenshot - {}
RESULT: {"using":"xpath","value":"//span[contains(text(), \"Affiliated company\")]"}
COMMAND: POST /session/bf687da40b3c98d128a44e447cb2f226/element/f.868DDD9EF8C55ECB5E24C8AEC1C53E95.d.5061840EDE4CF8DE4E40894B7E488273.e.3654/click - {}
RESULT: {}
RESULT: {}
COMMAND: POST /session/bf687da40b3c98d128a44e447cb2f226/execute/async - {"script":"<script> [1562 bytes]","args":[{"selector":{"id":"application-managepartners-display-component---NewPartner--partnerDetailsCurrency-arrow"},"wdio_ui5_key":"applicationmanagepartners-display-component---NewPartner--partnerDetailsCurrency-arrow"}]}
COMMAND: GET /session/bf687da40b3c98d128a44e447cb2f226/screenshot - {}
RESULT: {"script":"<script> [1562 bytes]","args":[{"selector":{"id":"application-managepartners-display-component---NewPartner--partnerDetailsCurrency-arrow"},"wdio_ui5_key":"applicationmanagepartners-display-component---NewPartner--partnerDetailsCurrency-arrow"}]}
RESULT: undefined
COMMAND: POST /session/bf687da40b3c98d128a44e447cb2f226/element - {"using":"xpath","value":"//*[@id=\"application-managepartners-display-component---NewPartner--partnerDetailsCurrency-arrow\"]"}
RESULT: {}
RESULT: {"using":"xpath","value":"//*[@id=\"application-managepartners-display-component---NewPartner--partnerDetailsCurrency-arrow\"]"}
COMMAND: POST /session/bf687da40b3c98d128a44e447cb2f226/element/f.868DDD9EF8C55ECB5E24C8AEC1C53E95.d.5061840EDE4CF8DE4E40894B7E488273.e.3661/click - {}
RESULT: {}
COMMAND: POST /session/bf687da40b3c98d128a44e447cb2f226/element - {"using":"xpath","value":"//span[contains(text(), \"Euro\")]"}
COMMAND: GET /session/bf687da40b3c98d128a44e447cb2f226/screenshot - {}
RESULT: {"using":"xpath","value":"//span[contains(text(), \"Euro\")]"}
COMMAND: POST /session/bf687da40b3c98d128a44e447cb2f226/element/f.868DDD9EF8C55ECB5E24C8AEC1C53E95.d.5061840EDE4CF8DE4E40894B7E488273.e.3662/click - {}
RESULT: {}
RESULT: {}
COMMAND: POST /session/bf687da40b3c98d128a44e447cb2f226/execute/async - {"script":"<script> [1562 bytes]","args":[{"selector":{"id":"application-managepartners-display-component---NewPartner--addressEditDetailsCostObjectCstType-arrow"},"wdio_ui5_key":"applicationmanagepartners-display-component---NewPartner--addressEditDetailsCostObjectCstType-arrow"}]}
COMMAND: GET /session/bf687da40b3c98d128a44e447cb2f226/screenshot - {}
RESULT: {"script":"<script> [1562 bytes]","args":[{"selector":{"id":"application-managepartners-display-component---NewPartner--addressEditDetailsCostObjectCstType-arrow"},"wdio_ui5_key":"applicationmanagepartners-display-component---NewPartner--addressEditDetailsCostObjectCstType-arrow"}]}
RESULT: undefined
COMMAND: POST /session/bf687da40b3c98d128a44e447cb2f226/element - {"using":"xpath","value":"//*[@id=\"application-managepartners-display-component---NewPartner--addressEditDetailsCostObjectCstType-arrow\"]"}
RESULT: {}
RESULT: {"using":"xpath","value":"//*[@id=\"application-managepartners-display-component---NewPartner--addressEditDetailsCostObjectCstType-arrow\"]"}
COMMAND: POST /session/bf687da40b3c98d128a44e447cb2f226/element/f.868DDD9EF8C55ECB5E24C8AEC1C53E95.d.5061840EDE4CF8DE4E40894B7E488273.e.3663/click - {}
RESULT: {}
COMMAND: POST /session/bf687da40b3c98d128a44e447cb2f226/element - {"using":"xpath","value":"//span[contains(text(), \"Cost Center\")]"}
COMMAND: GET /session/bf687da40b3c98d128a44e447cb2f226/screenshot - {}
RESULT: {"using":"xpath","value":"//span[contains(text(), \"Cost Center\")]"}
COMMAND: POST /session/bf687da40b3c98d128a44e447cb2f226/element/f.868DDD9EF8C55ECB5E24C8AEC1C53E95.d.5061840EDE4CF8DE4E40894B7E488273.e.3664/click - {}
RESULT: {}
RESULT: {}
COMMAND: GET /session/bf687da40b3c98d128a44e447cb2f226/screenshot - {}
RESULT: {}
COMMAND: POST /session/bf687da40b3c98d128a44e447cb2f226/element - {"using":"xpath","value":"//span[@id=\"application-managepartners-display-component---NewPartner--addressNewCostObjectCstID-vhi\"]"}
RESULT: {"using":"xpath","value":"//span[@id=\"application-managepartners-display-component---NewPartner--addressNewCostObjectCstID-vhi\"]"}
COMMAND: POST /session/bf687da40b3c98d128a44e447cb2f226/execute/sync - {"script":"<script> [8489 bytes]","args":[{"element-6066-11e4-a52e-4f735466cecf":"f.868DDD9EF8C55ECB5E24C8AEC1C53E95.d.5061840EDE4CF8DE4E40894B7E488273.e.3668","ELEMENT":"f.868DDD9EF8C55ECB5E24C8AEC1C53E95.d.5061840EDE4CF8DE4E40894B7E488273.e.3668"}]}
RESULT: {"script":"<script> [8489 bytes]","args":[{"element-6066-11e4-a52e-4f735466cecf":"f.868DDD9EF8C55ECB5E24C8AEC1C53E95.d.5061840EDE4CF8DE4E40894B7E488273.e.3668","ELEMENT":"f.868DDD9EF8C55ECB5E24C8AEC1C53E95.d.5061840EDE4CF8DE4E40894B7E488273.e.3668"}]}
COMMAND: POST /session/bf687da40b3c98d128a44e447cb2f226/execute/async - {"script":"<script> [1562 bytes]","args":[{"selector":{"id":"application-managepartners-display-component---NewPartner--addressNewCostObjectCstID-vhi"},"wdio_ui5_key":"applicationmanagepartners-display-component---NewPartner--addressNewCostObjectCstID-vhi"}]}
COMMAND: GET /session/bf687da40b3c98d128a44e447cb2f226/screenshot - {}
RESULT: {"script":"<script> [1562 bytes]","args":[{"selector":{"id":"application-managepartners-display-component---NewPartner--addressNewCostObjectCstID-vhi"},"wdio_ui5_key":"applicationmanagepartners-display-component---NewPartner--addressNewCostObjectCstID-vhi"}]}
RESULT: undefined
COMMAND: POST /session/bf687da40b3c98d128a44e447cb2f226/element - {"using":"xpath","value":"//*[@id=\"application-managepartners-display-component---NewPartner--addressNewCostObjectCstID-vhi\"]"}
RESULT: {}
RESULT: {"using":"xpath","value":"//*[@id=\"application-managepartners-display-component---NewPartner--addressNewCostObjectCstID-vhi\"]"}
COMMAND: POST /session/bf687da40b3c98d128a44e447cb2f226/element/f.868DDD9EF8C55ECB5E24C8AEC1C53E95.d.5061840EDE4CF8DE4E40894B7E488273.e.3668/click - {}
RESULT: {}
COMMAND: GET /session/bf687da40b3c98d128a44e447cb2f226/screenshot - {}
RESULT: {}
COMMAND: POST /session/bf687da40b3c98d128a44e447cb2f226/execute/async - {"script":"<script> [1562 bytes]","args":[{"selector":{"controlType":"sap.m.SearchField","properties":{"placeholder":"Search"},"searchOpenDialogs":true,"interaction":{"idSuffix":"I"}},"wdio_ui5_key":"sapm.SearchField{\"placeholder\":\"Search\"}"}]}
RESULT: {"script":"<script> [1562 bytes]","args":[{"selector":{"controlType":"sap.m.SearchField","properties":{"placeholder":"Search"},"searchOpenDialogs":true,"interaction":{"idSuffix":"I"}},"wdio_ui5_key":"sapm.SearchField{\"placeholder\":\"Search\"}"}]}
RESULT: undefined
COMMAND: POST /session/bf687da40b3c98d128a44e447cb2f226/execute/async - {"script":"<script> [776 bytes]","args":[{"enterText":"10001013","selector":{"controlType":"sap.m.SearchField","properties":{"placeholder":"Search"},"searchOpenDialogs":true,"interaction":{"idSuffix":"I"}},"clearTextFirst":true,"interactionType":"ENTER_TEXT"}]}
RESULT: {"script":"<script> [776 bytes]","args":[{"enterText":"10001013","selector":{"controlType":"sap.m.SearchField","properties":{"placeholder":"Search"},"searchOpenDialogs":true,"interaction":{"idSuffix":"I"}},"clearTextFirst":true,"interactionType":"ENTER_TEXT"}]}
COMMAND: POST /session/bf687da40b3c98d128a44e447cb2f226/actions - {"actions":[{"id":"action7","type":"key","parameters":{},"actions":[{"type":"keyDown","value":"î€‡"},{"type":"pause","duration":10},{"type":"keyUp","value":"î€‡"}]}]}
RESULT: {"actions":[{"id":"action7","type":"key","parameters":{},"actions":[{"type":"keyDown","value":"î€‡"},{"type":"pause","duration":10},{"type":"keyUp","value":"î€‡"}]}]}
COMMAND: GET /session/bf687da40b3c98d128a44e447cb2f226/screenshot - {}
RESULT: {}
COMMAND: POST /session/bf687da40b3c98d128a44e447cb2f226/element - {"using":"xpath","value":"//span[contains(text(), \"General Management\")]"}
RESULT: {"using":"xpath","value":"//span[contains(text(), \"General Management\")]"}
COMMAND: POST /session/bf687da40b3c98d128a44e447cb2f226/element/f.868DDD9EF8C55ECB5E24C8AEC1C53E95.d.5061840EDE4CF8DE4E40894B7E488273.e.3709/click - {}
RESULT: {}
COMMAND: GET /session/bf687da40b3c98d128a44e447cb2f226/screenshot - {}
RESULT: {}
COMMAND: POST /session/bf687da40b3c98d128a44e447cb2f226/element - {"using":"xpath","value":"//bdi[contains(text(), \"OK\")]"}
RESULT: {"using":"xpath","value":"//bdi[contains(text(), \"OK\")]"}
COMMAND: POST /session/bf687da40b3c98d128a44e447cb2f226/element/f.868DDD9EF8C55ECB5E24C8AEC1C53E95.d.5061840EDE4CF8DE4E40894B7E488273.e.3710/click - {}
RESULT: {}
COMMAND: GET /session/bf687da40b3c98d128a44e447cb2f226/screenshot - {}
RESULT: {}
COMMAND: POST /session/bf687da40b3c98d128a44e447cb2f226/element - {"using":"xpath","value":"//input[@id=\"application-managepartners-display-component---NewPartner--companyCodeComboBox-inner\"]"}
RESULT: {"using":"xpath","value":"//input[@id=\"application-managepartners-display-component---NewPartner--companyCodeComboBox-inner\"]"}
COMMAND: POST /session/bf687da40b3c98d128a44e447cb2f226/element/f.868DDD9EF8C55ECB5E24C8AEC1C53E95.d.5061840EDE4CF8DE4E40894B7E488273.e.3500/clear - {}
RESULT: {}
COMMAND: POST /session/bf687da40b3c98d128a44e447cb2f226/element/f.868DDD9EF8C55ECB5E24C8AEC1C53E95.d.5061840EDE4CF8DE4E40894B7E488273.e.3500/value - {"text":"C002"}
COMMAND: GET /session/bf687da40b3c98d128a44e447cb2f226/screenshot - {}
RESULT: {"text":"C002"}
COMMAND: GET /session/bf687da40b3c98d128a44e447cb2f226/screenshot - {}
RESULT: {}
RESULT: {}
COMMAND: POST /session/bf687da40b3c98d128a44e447cb2f226/element - {"using":"xpath","value":"//span[contains(text(), \"C002\")]"}
RESULT: {"using":"xpath","value":"//span[contains(text(), \"C002\")]"}
COMMAND: POST /session/bf687da40b3c98d128a44e447cb2f226/element/f.868DDD9EF8C55ECB5E24C8AEC1C53E95.d.5061840EDE4CF8DE4E40894B7E488273.e.3716/click - {}
RESULT: {}
COMMAND: GET /session/bf687da40b3c98d128a44e447cb2f226/screenshot - {}
RESULT: {}
COMMAND: POST /session/bf687da40b3c98d128a44e447cb2f226/execute/async - {"script":"<script> [1562 bytes]","args":[{"selector":{"id":"application-managepartners-display-component---NewPartner--btnAddTableRow-img"},"wdio_ui5_key":"applicationmanagepartners-display-component---NewPartner--btnAddTableRow-img"}]}
RESULT: {"script":"<script> [1562 bytes]","args":[{"selector":{"id":"application-managepartners-display-component---NewPartner--btnAddTableRow-img"},"wdio_ui5_key":"applicationmanagepartners-display-component---NewPartner--btnAddTableRow-img"}]}
RESULT: undefined
COMMAND: POST /session/bf687da40b3c98d128a44e447cb2f226/element - {"using":"xpath","value":"//*[@id=\"application-managepartners-display-component---NewPartner--btnAddTableRow-img\"]"}
RESULT: {"using":"xpath","value":"//*[@id=\"application-managepartners-display-component---NewPartner--btnAddTableRow-img\"]"}
COMMAND: POST /session/bf687da40b3c98d128a44e447cb2f226/element/f.868DDD9EF8C55ECB5E24C8AEC1C53E95.d.5061840EDE4CF8DE4E40894B7E488273.e.3717/click - {}
RESULT: {}
COMMAND: GET /session/bf687da40b3c98d128a44e447cb2f226/screenshot - {}
RESULT: {}
COMMAND: POST /session/bf687da40b3c98d128a44e447cb2f226/element - {"using":"xpath","value":"//input[@id=\"application-managepartners-display-component---NewPartner--assignmentYard-application-managepartners-display-component---NewPartner--assignmentsTable-0-inner\"]"}
RESULT: {"using":"xpath","value":"//input[@id=\"application-managepartners-display-component---NewPartner--assignmentYard-application-managepartners-display-component---NewPartner--assignmentsTable-0-inner\"]"}
COMMAND: POST /session/bf687da40b3c98d128a44e447cb2f226/element/f.868DDD9EF8C55ECB5E24C8AEC1C53E95.d.5061840EDE4CF8DE4E40894B7E488273.e.3720/clear - {}
RESULT: {}
COMMAND: POST /session/bf687da40b3c98d128a44e447cb2f226/element/f.868DDD9EF8C55ECB5E24C8AEC1C53E95.d.5061840EDE4CF8DE4E40894B7E488273.e.3720/value - {"text":"348"}
COMMAND: GET /session/bf687da40b3c98d128a44e447cb2f226/screenshot - {}
RESULT: {"text":"348"}
COMMAND: GET /session/bf687da40b3c98d128a44e447cb2f226/screenshot - {}
RESULT: {}
RESULT: {}
COMMAND: POST /session/bf687da40b3c98d128a44e447cb2f226/element - {"using":"xpath","value":"//li[.//span[text()='348']]"}
RESULT: {"using":"xpath","value":"//li[.//span[text()='348']]"}
COMMAND: POST /session/bf687da40b3c98d128a44e447cb2f226/element/f.868DDD9EF8C55ECB5E24C8AEC1C53E95.d.5061840EDE4CF8DE4E40894B7E488273.e.3729/click - {}
RESULT: {}
COMMAND: GET /session/bf687da40b3c98d128a44e447cb2f226/screenshot - {}
RESULT: {}
COMMAND: POST /session/bf687da40b3c98d128a44e447cb2f226/actions - {"actions":[{"id":"action8","type":"key","parameters":{},"actions":[{"type":"keyDown","value":"î€‡"},{"type":"pause","duration":10},{"type":"keyUp","value":"î€‡"}]}]}
RESULT: {"actions":[{"id":"action8","type":"key","parameters":{},"actions":[{"type":"keyDown","value":"î€‡"},{"type":"pause","duration":10},{"type":"keyUp","value":"î€‡"}]}]}
COMMAND: POST /session/bf687da40b3c98d128a44e447cb2f226/execute/async - {"script":"<script> [1562 bytes]","args":[{"selector":{"id":"application-managepartners-display-component---NewPartner--externalCustomerComboBox-application-managepartners-display-component---NewPartner--assignmentsTable-0-vhi"},"wdio_ui5_key":"applicationmanagepartners-display-component---NewPartner--externalCustomerComboBox-application-managepartners-display-component---NewPartner--assignmentsTable-0-vhi"}]}
COMMAND: GET /session/bf687da40b3c98d128a44e447cb2f226/screenshot - {}
RESULT: {"script":"<script> [1562 bytes]","args":[{"selector":{"id":"application-managepartners-display-component---NewPartner--externalCustomerComboBox-application-managepartners-display-component---NewPartner--assignmentsTable-0-vhi"},"wdio_ui5_key":"applicationmanagepartners-display-component---NewPartner--externalCustomerComboBox-application-managepartners-display-component---NewPartner--assignmentsTable-0-vhi"}]}
RESULT: undefined
COMMAND: POST /session/bf687da40b3c98d128a44e447cb2f226/element - {"using":"xpath","value":"//*[@id=\"application-managepartners-display-component---NewPartner--externalCustomerComboBox-application-managepartners-display-component---NewPartner--assignmentsTable-0-vhi\"]"}
RESULT: {}
RESULT: {"using":"xpath","value":"//*[@id=\"application-managepartners-display-component---NewPartner--externalCustomerComboBox-application-managepartners-display-component---NewPartner--assignmentsTable-0-vhi\"]"}
COMMAND: POST /session/bf687da40b3c98d128a44e447cb2f226/element/f.868DDD9EF8C55ECB5E24C8AEC1C53E95.d.5061840EDE4CF8DE4E40894B7E488273.e.3733/click - {}
RESULT: {}
RESULT: undefined
COMMAND: POST /session/bf687da40b3c98d128a44e447cb2f226/execute/async - {"script":"<script> [776 bytes]","args":[{"enterText":"300003","selector":{"controlType":"sap.m.SearchField","properties":{"placeholder":"Search"},"searchOpenDialogs":true,"interaction":{"idSuffix":"I"}},"clearTextFirst":true,"interactionType":"ENTER_TEXT"}]}
COMMAND: GET /session/bf687da40b3c98d128a44e447cb2f226/screenshot - {}
RESULT: {"script":"<script> [776 bytes]","args":[{"enterText":"300003","selector":{"controlType":"sap.m.SearchField","properties":{"placeholder":"Search"},"searchOpenDialogs":true,"interaction":{"idSuffix":"I"}},"clearTextFirst":true,"interactionType":"ENTER_TEXT"}]}
COMMAND: POST /session/bf687da40b3c98d128a44e447cb2f226/actions - {"actions":[{"id":"action9","type":"key","parameters":{},"actions":[{"type":"keyDown","value":"î€‡"},{"type":"pause","duration":10},{"type":"keyUp","value":"î€‡"}]}]}
RESULT: {}
RESULT: {"actions":[{"id":"action9","type":"key","parameters":{},"actions":[{"type":"keyDown","value":"î€‡"},{"type":"pause","duration":10},{"type":"keyUp","value":"î€‡"}]}]}
COMMAND: GET /session/bf687da40b3c98d128a44e447cb2f226/screenshot - {}
RESULT: {}
COMMAND: POST /session/bf687da40b3c98d128a44e447cb2f226/element - {"using":"xpath","value":"//span[contains(text(), \"300003\")]"}
RESULT: {"using":"xpath","value":"//span[contains(text(), \"300003\")]"}
COMMAND: POST /session/bf687da40b3c98d128a44e447cb2f226/element/f.868DDD9EF8C55ECB5E24C8AEC1C53E95.d.5061840EDE4CF8DE4E40894B7E488273.e.3750/click - {}
RESULT: {}
COMMAND: GET /session/bf687da40b3c98d128a44e447cb2f226/screenshot - {}
RESULT: {}
COMMAND: POST /session/bf687da40b3c98d128a44e447cb2f226/element - {"using":"xpath","value":"//bdi[contains(text(), \"OK\")]"}
RESULT: {"using":"xpath","value":"//bdi[contains(text(), \"OK\")]"}
COMMAND: POST /session/bf687da40b3c98d128a44e447cb2f226/element/f.868DDD9EF8C55ECB5E24C8AEC1C53E95.d.5061840EDE4CF8DE4E40894B7E488273.e.3752/click - {}
RESULT: {}
COMMAND: GET /session/bf687da40b3c98d128a44e447cb2f226/screenshot - {}
RESULT: {}
COMMAND: POST /session/bf687da40b3c98d128a44e447cb2f226/execute/async - {"script":"<script> [1562 bytes]","args":[{"selector":{"id":"application-managepartners-display-component---NewPartner--intercompVendorComboBox-application-managepartners-display-component---NewPartner--assignmentsTable-0-vhi"},"wdio_ui5_key":"applicationmanagepartners-display-component---NewPartner--intercompVendorComboBox-application-managepartners-display-component---NewPartner--assignmentsTable-0-vhi"}]}
RESULT: {"script":"<script> [1562 bytes]","args":[{"selector":{"id":"application-managepartners-display-component---NewPartner--intercompVendorComboBox-application-managepartners-display-component---NewPartner--assignmentsTable-0-vhi"},"wdio_ui5_key":"applicationmanagepartners-display-component---NewPartner--intercompVendorComboBox-application-managepartners-display-component---NewPartner--assignmentsTable-0-vhi"}]}
RESULT: undefined
COMMAND: POST /session/bf687da40b3c98d128a44e447cb2f226/element - {"using":"xpath","value":"//*[@id=\"application-managepartners-display-component---NewPartner--intercompVendorComboBox-application-managepartners-display-component---NewPartner--assignmentsTable-0-vhi\"]"}
RESULT: {"using":"xpath","value":"//*[@id=\"application-managepartners-display-component---NewPartner--intercompVendorComboBox-application-managepartners-display-component---NewPartner--assignmentsTable-0-vhi\"]"}
COMMAND: POST /session/bf687da40b3c98d128a44e447cb2f226/element/f.868DDD9EF8C55ECB5E24C8AEC1C53E95.d.5061840EDE4CF8DE4E40894B7E488273.e.3755/click - {}
RESULT: {}
RESULT: undefined
COMMAND: POST /session/bf687da40b3c98d128a44e447cb2f226/execute/async - {"script":"<script> [776 bytes]","args":[{"enterText":"100005","selector":{"controlType":"sap.m.SearchField","properties":{"placeholder":"Search"},"searchOpenDialogs":true,"interaction":{"idSuffix":"I"}},"clearTextFirst":true,"interactionType":"ENTER_TEXT"}]}
COMMAND: GET /session/bf687da40b3c98d128a44e447cb2f226/screenshot - {}
RESULT: {"script":"<script> [776 bytes]","args":[{"enterText":"100005","selector":{"controlType":"sap.m.SearchField","properties":{"placeholder":"Search"},"searchOpenDialogs":true,"interaction":{"idSuffix":"I"}},"clearTextFirst":true,"interactionType":"ENTER_TEXT"}]}
COMMAND: POST /session/bf687da40b3c98d128a44e447cb2f226/actions - {"actions":[{"id":"action10","type":"key","parameters":{},"actions":[{"type":"keyDown","value":"î€‡"},{"type":"pause","duration":10},{"type":"keyUp","value":"î€‡"}]}]}
RESULT: {}
RESULT: {"actions":[{"id":"action10","type":"key","parameters":{},"actions":[{"type":"keyDown","value":"î€‡"},{"type":"pause","duration":10},{"type":"keyUp","value":"î€‡"}]}]}
COMMAND: GET /session/bf687da40b3c98d128a44e447cb2f226/screenshot - {}
RESULT: {}
COMMAND: POST /session/bf687da40b3c98d128a44e447cb2f226/element - {"using":"xpath","value":"//span[contains(text(), \"Penguins - Field/12345 Berlin\")]"}
RESULT: {"using":"xpath","value":"//span[contains(text(), \"Penguins - Field/12345 Berlin\")]"}
COMMAND: POST /session/bf687da40b3c98d128a44e447cb2f226/element/f.868DDD9EF8C55ECB5E24C8AEC1C53E95.d.5061840EDE4CF8DE4E40894B7E488273.e.3774/click - {}
RESULT: {}
COMMAND: GET /session/bf687da40b3c98d128a44e447cb2f226/screenshot - {}
RESULT: {}
COMMAND: POST /session/bf687da40b3c98d128a44e447cb2f226/element - {"using":"xpath","value":"//bdi[contains(text(), \"OK\")]"}
RESULT: {"using":"xpath","value":"//bdi[contains(text(), \"OK\")]"}
COMMAND: POST /session/bf687da40b3c98d128a44e447cb2f226/element/f.868DDD9EF8C55ECB5E24C8AEC1C53E95.d.5061840EDE4CF8DE4E40894B7E488273.e.3775/click - {}
RESULT: {}
COMMAND: GET /session/bf687da40b3c98d128a44e447cb2f226/screenshot - {}
RESULT: {}
COMMAND: POST /session/bf687da40b3c98d128a44e447cb2f226/element - {"using":"xpath","value":"//button[@data-kt=\"saveButton\"]"}
RESULT: {"using":"xpath","value":"//button[@data-kt=\"saveButton\"]"}
COMMAND: POST /session/bf687da40b3c98d128a44e447cb2f226/element/f.868DDD9EF8C55ECB5E24C8AEC1C53E95.d.5061840EDE4CF8DE4E40894B7E488273.e.3555/click - {}
RESULT: {}
COMMAND: GET /session/bf687da40b3c98d128a44e447cb2f226/screenshot - {}
RESULT: {}
COMMAND: POST /session/bf687da40b3c98d128a44e447cb2f226/element - {"using":"xpath","value":"//header[contains(@id, 'ObjectPageLayout-headerTitle')]/div[1]/div[2]/div[2]/span[1]"}
RESULT: {"using":"xpath","value":"//header[contains(@id, 'ObjectPageLayout-headerTitle')]/div[1]/div[2]/div[2]/span[1]"}
COMMAND: POST /session/bf687da40b3c98d128a44e447cb2f226/elements - {"using":"xpath","value":"//header[contains(@id, 'ObjectPageLayout-headerTitle')]/div[1]/div[2]/div[2]/span[1]"}
RESULT: {"using":"xpath","value":"//header[contains(@id, 'ObjectPageLayout-headerTitle')]/div[1]/div[2]/div[2]/span[1]"}
COMMAND: POST /session/bf687da40b3c98d128a44e447cb2f226/execute/sync - {"script":"<script> [56 bytes]","args":[{"element-6066-11e4-a52e-4f735466cecf":"f.868DDD9EF8C55ECB5E24C8AEC1C53E95.d.5061840EDE4CF8DE4E40894B7E488273.e.3943","ELEMENT":"f.868DDD9EF8C55ECB5E24C8AEC1C53E95.d.5061840EDE4CF8DE4E40894B7E488273.e.3943"}]}
RESULT: {"script":"<script> [56 bytes]","args":[{"element-6066-11e4-a52e-4f735466cecf":"f.868DDD9EF8C55ECB5E24C8AEC1C53E95.d.5061840EDE4CF8DE4E40894B7E488273.e.3943","ELEMENT":"f.868DDD9EF8C55ECB5E24C8AEC1C53E95.d.5061840EDE4CF8DE4E40894B7E488273.e.3943"}]}
COMMAND: POST /session/bf687da40b3c98d128a44e447cb2f226/element - {"using":"css selector","value":"#shell-header-logo"}
COMMAND: GET /session/bf687da40b3c98d128a44e447cb2f226/screenshot - {}
RESULT: {"using":"css selector","value":"#shell-header-logo"}
COMMAND: POST /session/bf687da40b3c98d128a44e447cb2f226/element/f.868DDD9EF8C55ECB5E24C8AEC1C53E95.d.5061840EDE4CF8DE4E40894B7E488273.e.3152/click - {}
RESULT: {}
RESULT: {}
COMMAND: GET /session/bf687da40b3c98d128a44e447cb2f226/screenshot - {}
RESULT: {}
COMMAND: POST /session/bf687da40b3c98d128a44e447cb2f226/execute/sync - {"script":"<script> [299 bytes]","args":[["getModel","getResource"]]}
RESULT: {"script":"<script> [299 bytes]","args":[["getModel","getResource"]]}
RESULT: undefined
COMMAND: POST /session/bf687da40b3c98d128a44e447cb2f226/element - {"using":"xpath","value":"//*[@id=\"__tile30\"]"}
COMMAND: GET /session/bf687da40b3c98d128a44e447cb2f226/screenshot - {}
RESULT: {}
RESULT: {"using":"xpath","value":"//*[@id=\"__tile30\"]"}
COMMAND: POST /session/bf687da40b3c98d128a44e447cb2f226/element/f.868DDD9EF8C55ECB5E24C8AEC1C53E95.d.5061840EDE4CF8DE4E40894B7E488273.e.3072/click - {}
RESULT: {}
COMMAND: POST /session/bf687da40b3c98d128a44e447cb2f226/element - {"using":"xpath","value":"//button[@data-kt=\"addButton\"]"}
COMMAND: GET /session/bf687da40b3c98d128a44e447cb2f226/screenshot - {}
RESULT: {"using":"xpath","value":"//button[@data-kt=\"addButton\"]"}
COMMAND: POST /session/bf687da40b3c98d128a44e447cb2f226/elements - {"using":"xpath","value":"//button[@data-kt=\"addButton\"]"}
RESULT: {}
RESULT: {"using":"xpath","value":"//button[@data-kt=\"addButton\"]"}
COMMAND: POST /session/bf687da40b3c98d128a44e447cb2f226/elements - {"using":"xpath","value":"//button[@data-kt=\"addButton\"]"}
RESULT: {"using":"xpath","value":"//button[@data-kt=\"addButton\"]"}
COMMAND: POST /session/bf687da40b3c98d128a44e447cb2f226/elements - {"using":"xpath","value":"//button[@data-kt=\"addButton\"]"}
RESULT: {"using":"xpath","value":"//button[@data-kt=\"addButton\"]"}
COMMAND: POST /session/bf687da40b3c98d128a44e447cb2f226/elements - {"using":"xpath","value":"//button[@data-kt=\"addButton\"]"}
RESULT: {"using":"xpath","value":"//button[@data-kt=\"addButton\"]"}
COMMAND: POST /session/bf687da40b3c98d128a44e447cb2f226/elements - {"using":"xpath","value":"//button[@data-kt=\"addButton\"]"}
RESULT: {"using":"xpath","value":"//button[@data-kt=\"addButton\"]"}
COMMAND: POST /session/bf687da40b3c98d128a44e447cb2f226/elements - {"using":"xpath","value":"//button[@data-kt=\"addButton\"]"}
RESULT: {"using":"xpath","value":"//button[@data-kt=\"addButton\"]"}
COMMAND: POST /session/bf687da40b3c98d128a44e447cb2f226/elements - {"using":"xpath","value":"//button[@data-kt=\"addButton\"]"}
RESULT: {"using":"xpath","value":"//button[@data-kt=\"addButton\"]"}
COMMAND: POST /session/bf687da40b3c98d128a44e447cb2f226/elements - {"using":"xpath","value":"//button[@data-kt=\"addButton\"]"}
RESULT: {"using":"xpath","value":"//button[@data-kt=\"addButton\"]"}
COMMAND: POST /session/bf687da40b3c98d128a44e447cb2f226/elements - {"using":"xpath","value":"//button[@data-kt=\"addButton\"]"}
RESULT: {"using":"xpath","value":"//button[@data-kt=\"addButton\"]"}
COMMAND: POST /session/bf687da40b3c98d128a44e447cb2f226/elements - {"using":"xpath","value":"//button[@data-kt=\"addButton\"]"}
RESULT: {"using":"xpath","value":"//button[@data-kt=\"addButton\"]"}
COMMAND: POST /session/bf687da40b3c98d128a44e447cb2f226/elements - {"using":"xpath","value":"//button[@data-kt=\"addButton\"]"}
RESULT: {"using":"xpath","value":"//button[@data-kt=\"addButton\"]"}
COMMAND: POST /session/bf687da40b3c98d128a44e447cb2f226/elements - {"using":"xpath","value":"//button[@data-kt=\"addButton\"]"}
RESULT: {"using":"xpath","value":"//button[@data-kt=\"addButton\"]"}
COMMAND: POST /session/bf687da40b3c98d128a44e447cb2f226/elements - {"using":"xpath","value":"//button[@data-kt=\"addButton\"]"}
RESULT: {"using":"xpath","value":"//button[@data-kt=\"addButton\"]"}
COMMAND: POST /session/bf687da40b3c98d128a44e447cb2f226/elements - {"using":"xpath","value":"//button[@data-kt=\"addButton\"]"}
RESULT: {"using":"xpath","value":"//button[@data-kt=\"addButton\"]"}
COMMAND: POST /session/bf687da40b3c98d128a44e447cb2f226/elements - {"using":"xpath","value":"//button[@data-kt=\"addButton\"]"}
RESULT: {"using":"xpath","value":"//button[@data-kt=\"addButton\"]"}
COMMAND: POST /session/bf687da40b3c98d128a44e447cb2f226/elements - {"using":"xpath","value":"//button[@data-kt=\"addButton\"]"}
RESULT: {"using":"xpath","value":"//button[@data-kt=\"addButton\"]"}
COMMAND: POST /session/bf687da40b3c98d128a44e447cb2f226/element - {"using":"xpath","value":"//button[@data-kt=\"addButton\"]"}
RESULT: {"using":"xpath","value":"//button[@data-kt=\"addButton\"]"}
COMMAND: POST /session/bf687da40b3c98d128a44e447cb2f226/execute/sync - {"script":"<script> [8489 bytes]","args":[{"element-6066-11e4-a52e-4f735466cecf":"f.868DDD9EF8C55ECB5E24C8AEC1C53E95.d.5061840EDE4CF8DE4E40894B7E488273.e.3991","ELEMENT":"f.868DDD9EF8C55ECB5E24C8AEC1C53E95.d.5061840EDE4CF8DE4E40894B7E488273.e.3991"}]}
RESULT: {"script":"<script> [8489 bytes]","args":[{"element-6066-11e4-a52e-4f735466cecf":"f.868DDD9EF8C55ECB5E24C8AEC1C53E95.d.5061840EDE4CF8DE4E40894B7E488273.e.3991","ELEMENT":"f.868DDD9EF8C55ECB5E24C8AEC1C53E95.d.5061840EDE4CF8DE4E40894B7E488273.e.3991"}]}
COMMAND: GET /session/bf687da40b3c98d128a44e447cb2f226/element/f.868DDD9EF8C55ECB5E24C8AEC1C53E95.d.5061840EDE4CF8DE4E40894B7E488273.e.3991/enabled - {}
COMMAND: GET /session/bf687da40b3c98d128a44e447cb2f226/screenshot - {}
RESULT: {}
COMMAND: POST /session/bf687da40b3c98d128a44e447cb2f226/execute/sync - {"script":"<script> [8489 bytes]","args":[{"element-6066-11e4-a52e-4f735466cecf":"f.868DDD9EF8C55ECB5E24C8AEC1C53E95.d.5061840EDE4CF8DE4E40894B7E488273.e.3991","ELEMENT":"f.868DDD9EF8C55ECB5E24C8AEC1C53E95.d.5061840EDE4CF8DE4E40894B7E488273.e.3991"}]}
COMMAND: GET /session/bf687da40b3c98d128a44e447cb2f226/screenshot - {}
RESULT: {}
RESULT: {"script":"<script> [8489 bytes]","args":[{"element-6066-11e4-a52e-4f735466cecf":"f.868DDD9EF8C55ECB5E24C8AEC1C53E95.d.5061840EDE4CF8DE4E40894B7E488273.e.3991","ELEMENT":"f.868DDD9EF8C55ECB5E24C8AEC1C53E95.d.5061840EDE4CF8DE4E40894B7E488273.e.3991"}]}
COMMAND: POST /session/bf687da40b3c98d128a44e447cb2f226/execute/sync - {"script":"<script> [5351 bytes]","args":[{"element-6066-11e4-a52e-4f735466cecf":"f.868DDD9EF8C55ECB5E24C8AEC1C53E95.d.5061840EDE4CF8DE4E40894B7E488273.e.3991","ELEMENT":"f.868DDD9EF8C55ECB5E24C8AEC1C53E95.d.5061840EDE4CF8DE4E40894B7E488273.e.3991"}]}
COMMAND: GET /session/bf687da40b3c98d128a44e447cb2f226/screenshot - {}
RESULT: {}
RESULT: {"script":"<script> [5351 bytes]","args":[{"element-6066-11e4-a52e-4f735466cecf":"f.868DDD9EF8C55ECB5E24C8AEC1C53E95.d.5061840EDE4CF8DE4E40894B7E488273.e.3991","ELEMENT":"f.868DDD9EF8C55ECB5E24C8AEC1C53E95.d.5061840EDE4CF8DE4E40894B7E488273.e.3991"}]}
COMMAND: GET /session/bf687da40b3c98d128a44e447cb2f226/screenshot - {}
RESULT: {}
RESULT: {}
COMMAND: POST /session/bf687da40b3c98d128a44e447cb2f226/execute/async - {"script":"<script> [1562 bytes]","args":[{"selector":{"id":"application-managepartners-display-component---masterPtm--smartFilterBar-btnBasicSearch","interaction":{"idSuffix":"I"}},"wdio_ui5_key":"applicationmanagepartners-display-component---masterPtm--smartFilterBar-btnBasicSearch"}]}
RESULT: {"script":"<script> [1562 bytes]","args":[{"selector":{"id":"application-managepartners-display-component---masterPtm--smartFilterBar-btnBasicSearch","interaction":{"idSuffix":"I"}},"wdio_ui5_key":"applicationmanagepartners-display-component---masterPtm--smartFilterBar-btnBasicSearch"}]}
RESULT: undefined
COMMAND: POST /session/bf687da40b3c98d128a44e447cb2f226/execute/async - {"script":"<script> [776 bytes]","args":[{"enterText":"1209","selector":{"id":"application-managepartners-display-component---masterPtm--smartFilterBar-btnBasicSearch","interaction":{"idSuffix":"I"}},"clearTextFirst":true,"interactionType":"ENTER_TEXT"}]}
RESULT: {"script":"<script> [776 bytes]","args":[{"enterText":"1209","selector":{"id":"application-managepartners-display-component---masterPtm--smartFilterBar-btnBasicSearch","interaction":{"idSuffix":"I"}},"clearTextFirst":true,"interactionType":"ENTER_TEXT"}]}
COMMAND: POST /session/bf687da40b3c98d128a44e447cb2f226/actions - {"actions":[{"id":"action11","type":"key","parameters":{},"actions":[{"type":"keyDown","value":"î€‡"},{"type":"pause","duration":10},{"type":"keyUp","value":"î€‡"}]}]}
RESULT: {"actions":[{"id":"action11","type":"key","parameters":{},"actions":[{"type":"keyDown","value":"î€‡"},{"type":"pause","duration":10},{"type":"keyUp","value":"î€‡"}]}]}
COMMAND: GET /session/bf687da40b3c98d128a44e447cb2f226/screenshot - {}
RESULT: {}
COMMAND: POST /session/bf687da40b3c98d128a44e447cb2f226/elements - {"using":"xpath","value":"//table[contains(@id, \"customPartnersTable-listUl\")]/tbody/tr"}
RESULT: {"using":"xpath","value":"//table[contains(@id, \"customPartnersTable-listUl\")]/tbody/tr"}
COMMAND: POST /session/bf687da40b3c98d128a44e447cb2f226/element - {"using":"xpath","value":"//table[contains(@id, \"customPartnersTable-listUl\")]/tbody/tr[1]/td[3]/span"}
RESULT: {"using":"xpath","value":"//table[contains(@id, \"customPartnersTable-listUl\")]/tbody/tr[1]/td[3]/span"}
COMMAND: POST /session/bf687da40b3c98d128a44e447cb2f226/elements - {"using":"xpath","value":"//table[contains(@id, \"customPartnersTable-listUl\")]/tbody/tr[1]/td[3]/span"}
RESULT: {"using":"xpath","value":"//table[contains(@id, \"customPartnersTable-listUl\")]/tbody/tr[1]/td[3]/span"}
COMMAND: POST /session/bf687da40b3c98d128a44e447cb2f226/execute/sync - {"script":"<script> [56 bytes]","args":[{"element-6066-11e4-a52e-4f735466cecf":"f.868DDD9EF8C55ECB5E24C8AEC1C53E95.d.5061840EDE4CF8DE4E40894B7E488273.e.4126","ELEMENT":"f.868DDD9EF8C55ECB5E24C8AEC1C53E95.d.5061840EDE4CF8DE4E40894B7E488273.e.4126"}]}
RESULT: {"script":"<script> [56 bytes]","args":[{"element-6066-11e4-a52e-4f735466cecf":"f.868DDD9EF8C55ECB5E24C8AEC1C53E95.d.5061840EDE4CF8DE4E40894B7E488273.e.4126","ELEMENT":"f.868DDD9EF8C55ECB5E24C8AEC1C53E95.d.5061840EDE4CF8DE4E40894B7E488273.e.4126"}]}
COMMAND: POST /session/bf687da40b3c98d128a44e447cb2f226/element - {"using":"xpath","value":"(//span[contains(@id, \"imgNav\")])[1]"}
COMMAND: GET /session/bf687da40b3c98d128a44e447cb2f226/screenshot - {}
RESULT: {"using":"xpath","value":"(//span[contains(@id, \"imgNav\")])[1]"}
COMMAND: POST /session/bf687da40b3c98d128a44e447cb2f226/element/f.868DDD9EF8C55ECB5E24C8AEC1C53E95.d.5061840EDE4CF8DE4E40894B7E488273.e.4123/click - {}
RESULT: {}
RESULT: {}
COMMAND: GET /session/bf687da40b3c98d128a44e447cb2f226/screenshot - {}
RESULT: {}
COMMAND: POST /session/bf687da40b3c98d128a44e447cb2f226/element - {"using":"xpath","value":"//bdi[contains(text(), \"Edit\")]"}
RESULT: {"using":"xpath","value":"//bdi[contains(text(), \"Edit\")]"}
COMMAND: POST /session/bf687da40b3c98d128a44e447cb2f226/element/f.868DDD9EF8C55ECB5E24C8AEC1C53E95.d.5061840EDE4CF8DE4E40894B7E488273.e.4269/click - {}
RESULT: {}
COMMAND: GET /session/bf687da40b3c98d128a44e447cb2f226/screenshot - {}
RESULT: {}
COMMAND: POST /session/bf687da40b3c98d128a44e447cb2f226/execute/async - {"script":"<script> [1562 bytes]","args":[{"selector":{"controlType":"sap.m.Input","viewName":"etm.portal.ui.managepartners.view.EditDetail","labelFor":{"text":"Name"},"interaction":{"idSuffix":"inner"}},"wdio_ui5_key":"etmportal.ui.managepartners.view.EditDetailsap.m.Input{\"text\":\"Name\"}"}]}
RESULT: {"script":"<script> [1562 bytes]","args":[{"selector":{"controlType":"sap.m.Input","viewName":"etm.portal.ui.managepartners.view.EditDetail","labelFor":{"text":"Name"},"interaction":{"idSuffix":"inner"}},"wdio_ui5_key":"etmportal.ui.managepartners.view.EditDetailsap.m.Input{\"text\":\"Name\"}"}]}
RESULT: undefined
COMMAND: POST /session/bf687da40b3c98d128a44e447cb2f226/execute/async - {"script":"<script> [776 bytes]","args":[{"enterText":"Intercompany EDIT","selector":{"controlType":"sap.m.Input","viewName":"etm.portal.ui.managepartners.view.EditDetail","labelFor":{"text":"Name"},"interaction":{"idSuffix":"inner"}},"clearTextFirst":true,"interactionType":"ENTER_TEXT"}]}
RESULT: {"script":"<script> [776 bytes]","args":[{"enterText":"Intercompany EDIT","selector":{"controlType":"sap.m.Input","viewName":"etm.portal.ui.managepartners.view.EditDetail","labelFor":{"text":"Name"},"interaction":{"idSuffix":"inner"}},"clearTextFirst":true,"interactionType":"ENTER_TEXT"}]}
COMMAND: POST /session/bf687da40b3c98d128a44e447cb2f226/element - {"using":"xpath","value":"(//span[contains(@id,\"addressDetailDetailsLanguage-arrow\")])[1]"}
RESULT: {"using":"xpath","value":"(//span[contains(@id,\"addressDetailDetailsLanguage-arrow\")])[1]"}
COMMAND: POST /session/bf687da40b3c98d128a44e447cb2f226/element/f.868DDD9EF8C55ECB5E24C8AEC1C53E95.d.5061840EDE4CF8DE4E40894B7E488273.e.4352/click - {}
RESULT: {}
COMMAND: POST /session/bf687da40b3c98d128a44e447cb2f226/element - {"using":"xpath","value":"//span[contains(text(), \"Chinese\")]"}
COMMAND: GET /session/bf687da40b3c98d128a44e447cb2f226/screenshot - {}
RESULT: {"using":"xpath","value":"//span[contains(text(), \"Chinese\")]"}
COMMAND: POST /session/bf687da40b3c98d128a44e447cb2f226/element/f.868DDD9EF8C55ECB5E24C8AEC1C53E95.d.5061840EDE4CF8DE4E40894B7E488273.e.4353/click - {}
RESULT: {}
RESULT: {}
COMMAND: GET /session/bf687da40b3c98d128a44e447cb2f226/screenshot - {}
RESULT: {}
COMMAND: POST /session/bf687da40b3c98d128a44e447cb2f226/execute/async - {"script":"<script> [1562 bytes]","args":[{"selector":{"controlType":"sap.m.Input","viewName":"etm.portal.ui.managepartners.view.EditDetail","labelFor":{"text":"City"},"interaction":{"idSuffix":"inner"}},"wdio_ui5_key":"etmportal.ui.managepartners.view.EditDetailsap.m.Input{\"text\":\"City\"}"}]}
RESULT: {"script":"<script> [1562 bytes]","args":[{"selector":{"controlType":"sap.m.Input","viewName":"etm.portal.ui.managepartners.view.EditDetail","labelFor":{"text":"City"},"interaction":{"idSuffix":"inner"}},"wdio_ui5_key":"etmportal.ui.managepartners.view.EditDetailsap.m.Input{\"text\":\"City\"}"}]}
RESULT: undefined
COMMAND: POST /session/bf687da40b3c98d128a44e447cb2f226/execute/async - {"script":"<script> [776 bytes]","args":[{"enterText":"Clooj-Napoca","selector":{"controlType":"sap.m.Input","viewName":"etm.portal.ui.managepartners.view.EditDetail","labelFor":{"text":"City"},"interaction":{"idSuffix":"inner"}},"clearTextFirst":true,"interactionType":"ENTER_TEXT"}]}
RESULT: {"script":"<script> [776 bytes]","args":[{"enterText":"Clooj-Napoca","selector":{"controlType":"sap.m.Input","viewName":"etm.portal.ui.managepartners.view.EditDetail","labelFor":{"text":"City"},"interaction":{"idSuffix":"inner"}},"clearTextFirst":true,"interactionType":"ENTER_TEXT"}]}
COMMAND: POST /session/bf687da40b3c98d128a44e447cb2f226/element - {"using":"xpath","value":"//button[@data-kt=\"saveButton\"]"}
RESULT: {"using":"xpath","value":"//button[@data-kt=\"saveButton\"]"}
COMMAND: POST /session/bf687da40b3c98d128a44e447cb2f226/element/f.868DDD9EF8C55ECB5E24C8AEC1C53E95.d.5061840EDE4CF8DE4E40894B7E488273.e.4332/click - {}
RESULT: {}
COMMAND: GET /session/bf687da40b3c98d128a44e447cb2f226/screenshot - {}
RESULT: {}
COMMAND: POST /session/bf687da40b3c98d128a44e447cb2f226/execute/async - {"script":"<script> [1562 bytes]","args":[{"selector":{"id":"application-managepartners-display-component---detailPtm--addressDetailDetailsName1"},"wdio_ui5_key":"applicationmanagepartners-display-component---detailPtm--addressDetailDetailsName1"}]}
RESULT: {"script":"<script> [1562 bytes]","args":[{"selector":{"id":"application-managepartners-display-component---detailPtm--addressDetailDetailsName1"},"wdio_ui5_key":"applicationmanagepartners-display-component---detailPtm--addressDetailDetailsName1"}]}
RESULT: undefined
COMMAND: POST /session/bf687da40b3c98d128a44e447cb2f226/execute/async - {"script":"<script> [6424 bytes]","args":[{"element-6066-11e4-a52e-4f735466cecf":"f.868DDD9EF8C55ECB5E24C8AEC1C53E95.d.5061840EDE4CF8DE4E40894B7E488273.e.4384"},"getValue",[]]}
RESULT: {"script":"<script> [6424 bytes]","args":[{"element-6066-11e4-a52e-4f735466cecf":"f.868DDD9EF8C55ECB5E24C8AEC1C53E95.d.5061840EDE4CF8DE4E40894B7E488273.e.4384"},"getValue",[]]}
COMMAND: POST /session/bf687da40b3c98d128a44e447cb2f226/element - {"using":"xpath","value":"//input[@id = \"application-managepartners-display-component---detailPtm--addressDetailDetailsLanguage-inner\"]"}
RESULT: {"using":"xpath","value":"//input[@id = \"application-managepartners-display-component---detailPtm--addressDetailDetailsLanguage-inner\"]"}
COMMAND: GET /session/bf687da40b3c98d128a44e447cb2f226/element/f.868DDD9EF8C55ECB5E24C8AEC1C53E95.d.5061840EDE4CF8DE4E40894B7E488273.e.4385/property/value - {}
RESULT: {}
COMMAND: POST /session/bf687da40b3c98d128a44e447cb2f226/execute/async - {"script":"<script> [1562 bytes]","args":[{"selector":{"id":"application-managepartners-display-component---detailPtm--addressDetailDetailsCity1"},"wdio_ui5_key":"applicationmanagepartners-display-component---detailPtm--addressDetailDetailsCity1"}]}
COMMAND: GET /session/bf687da40b3c98d128a44e447cb2f226/screenshot - {}
RESULT: {"script":"<script> [1562 bytes]","args":[{"selector":{"id":"application-managepartners-display-component---detailPtm--addressDetailDetailsCity1"},"wdio_ui5_key":"applicationmanagepartners-display-component---detailPtm--addressDetailDetailsCity1"}]}
RESULT: undefined
COMMAND: POST /session/bf687da40b3c98d128a44e447cb2f226/execute/async - {"script":"<script> [6424 bytes]","args":[{"element-6066-11e4-a52e-4f735466cecf":"f.868DDD9EF8C55ECB5E24C8AEC1C53E95.d.5061840EDE4CF8DE4E40894B7E488273.e.4386"},"getValue",[]]}
RESULT: {}
RESULT: {"script":"<script> [6424 bytes]","args":[{"element-6066-11e4-a52e-4f735466cecf":"f.868DDD9EF8C55ECB5E24C8AEC1C53E95.d.5061840EDE4CF8DE4E40894B7E488273.e.4386"},"getValue",[]]}
COMMAND: POST /session/bf687da40b3c98d128a44e447cb2f226/element - {"using":"css selector","value":"#shell-header-logo"}
RESULT: {"using":"css selector","value":"#shell-header-logo"}
COMMAND: POST /session/bf687da40b3c98d128a44e447cb2f226/element/f.868DDD9EF8C55ECB5E24C8AEC1C53E95.d.5061840EDE4CF8DE4E40894B7E488273.e.3946/click - {}
RESULT: {}
COMMAND: GET /session/bf687da40b3c98d128a44e447cb2f226/screenshot - {}
RESULT: {}
]]></system-out>
    </testcase>
    <testcase classname="chrome.135_0_7049_96.windows.Partner_specific_tests_US150819_US151080_US151654_US151176_US103444_US151078_US151079_US151109_US151174_US151175_US151189" name="Should create a new intracompany partner edit some of its fields US151079" time="208.644">
      <system-out><![CDATA[
COMMAND: POST /session/bf687da40b3c98d128a44e447cb2f226/element - {"using":"xpath","value":"//li[.//span[text()=\"Manage Partners\"]]"}
RESULT: {"using":"xpath","value":"//li[.//span[text()=\"Manage Partners\"]]"}
COMMAND: POST /session/bf687da40b3c98d128a44e447cb2f226/element - {"using":"xpath","value":"//li[.//span[text()=\"Manage Partners\"]]"}
RESULT: {"using":"xpath","value":"//li[.//span[text()=\"Manage Partners\"]]"}
COMMAND: POST /session/bf687da40b3c98d128a44e447cb2f226/element - {"using":"css selector","value":"#shell-header-logo"}
RESULT: {"using":"css selector","value":"#shell-header-logo"}
COMMAND: POST /session/bf687da40b3c98d128a44e447cb2f226/element/f.868DDD9EF8C55ECB5E24C8AEC1C53E95.d.5061840EDE4CF8DE4E40894B7E488273.e.4416/click - {}
COMMAND: POST /session/bf687da40b3c98d128a44e447cb2f226/execute/sync - {"script":"<script> [8489 bytes]","args":[{"element-6066-11e4-a52e-4f735466cecf":"f.868DDD9EF8C55ECB5E24C8AEC1C53E95.d.5061840EDE4CF8DE4E40894B7E488273.e.4416","ELEMENT":"f.868DDD9EF8C55ECB5E24C8AEC1C53E95.d.5061840EDE4CF8DE4E40894B7E488273.e.4416"}]}
RESULT: {"script":"<script> [8489 bytes]","args":[{"element-6066-11e4-a52e-4f735466cecf":"f.868DDD9EF8C55ECB5E24C8AEC1C53E95.d.5061840EDE4CF8DE4E40894B7E488273.e.4416","ELEMENT":"f.868DDD9EF8C55ECB5E24C8AEC1C53E95.d.5061840EDE4CF8DE4E40894B7E488273.e.4416"}]}
COMMAND: POST /session/bf687da40b3c98d128a44e447cb2f226/execute/sync - {"script":"<script> [5351 bytes]","args":[{"element-6066-11e4-a52e-4f735466cecf":"f.868DDD9EF8C55ECB5E24C8AEC1C53E95.d.5061840EDE4CF8DE4E40894B7E488273.e.4416","ELEMENT":"f.868DDD9EF8C55ECB5E24C8AEC1C53E95.d.5061840EDE4CF8DE4E40894B7E488273.e.4416"}]}
COMMAND: GET /session/bf687da40b3c98d128a44e447cb2f226/screenshot - {}
RESULT: {}
COMMAND: GET /session/bf687da40b3c98d128a44e447cb2f226/screenshot - {}
RESULT: {"script":"<script> [5351 bytes]","args":[{"element-6066-11e4-a52e-4f735466cecf":"f.868DDD9EF8C55ECB5E24C8AEC1C53E95.d.5061840EDE4CF8DE4E40894B7E488273.e.4416","ELEMENT":"f.868DDD9EF8C55ECB5E24C8AEC1C53E95.d.5061840EDE4CF8DE4E40894B7E488273.e.4416"}]}
COMMAND: GET /session/bf687da40b3c98d128a44e447cb2f226/screenshot - {}
RESULT: {}
RESULT: {}
RESULT: {}
COMMAND: POST /session/bf687da40b3c98d128a44e447cb2f226/refresh - {}
RESULT: {}
COMMAND: GET /session/bf687da40b3c98d128a44e447cb2f226/screenshot - {}
RESULT: {}
COMMAND: POST /session/bf687da40b3c98d128a44e447cb2f226/refresh - {}
RESULT: {}
COMMAND: GET /session/bf687da40b3c98d128a44e447cb2f226/screenshot - {}
RESULT: {}
COMMAND: POST /session/bf687da40b3c98d128a44e447cb2f226/window/fullscreen - {}
RESULT: {}
COMMAND: POST /session/bf687da40b3c98d128a44e447cb2f226/execute/async - {"script":"<script> [189 bytes]","args":[]}
RESULT: {"script":"<script> [189 bytes]","args":[]}
COMMAND: POST /session/bf687da40b3c98d128a44e447cb2f226/execute/async - {"script":"<script> [123 bytes]","args":[]}
RESULT: {"script":"<script> [123 bytes]","args":[]}
COMMAND: POST /session/bf687da40b3c98d128a44e447cb2f226/timeouts - {"script":"<number>"}
RESULT: {"script":"<number>"}
COMMAND: GET /session/bf687da40b3c98d128a44e447cb2f226/timeouts - {}
RESULT: {}
RESULT: undefined
COMMAND: POST /session/bf687da40b3c98d128a44e447cb2f226/execute/async - {"script":"<script> [2676 bytes]","args":[]}
RESULT: {"script":"<script> [2676 bytes]","args":[]}
COMMAND: POST /session/bf687da40b3c98d128a44e447cb2f226/execute/async - {"script":"<script> [2342 bytes]","args":[{"protocol":"http","hostname":"0.0.0.0","path":"/","capabilities":{"browserName":"chrome","goog:chromeOptions":{"binary":"C:\\Program Files\\Google\\Chrome\\Application\\chrome.exe","args":["--start-maximized"]}},"logLevel":"warn","connectionRetryTimeout":120000,"connectionRetryCount":3,"logLevels":{},"enableDirectConnect":true,"strictSSL":true,"_":"65 more keys: [\"cacheDir\",\"port\",\"requestedCapabilities\",\"automationProtocol\",\"baseUrl\",\"waitforInterval\",\"waitforTimeout\",\"onReload\",\"beforeCommand\",\"afterCommand\",\"rootDir\",\"specs\",\"suites\",\"exclude\",\"groupLogsByTestSpec\",\"excludeDriverLogs\",\"bail\",\"framework\",\"reporters\",\"services\",\"maxInstances\",\"maxInstancesPerCapability\",\"injectGlobals\",\"filesToWatch\",\"execArgv\",\"runnerEnv\",\"runner\",\"shard\",\"specFileRetries\",\"specFileRetriesDelay\",\"specFileRetriesDeferred\",\"reporterSyncInterval\",\"reporterSyncTimeout\",\"cucumberFeaturesWithLineNumbers\",\"autoCompileOpts\",\"mochaOpts\",\"jasmineOpts\",\"cucumberOpts\",\"onPrepare\",\"onWorkerStart\",\"onWorkerEnd\",\"before\",\"beforeSession\",\"beforeSuite\",\"beforeHook\",\"beforeTest\",\"afterTest\",\"afterHook\",\"afterSuite\",\"afterSession\",\"after\",\"onComplete\",\"beforeAssertion\",\"afterAssertion\",\"beforeFeature\",\"beforeScenario\",\"beforeStep\",\"afterStep\",\"afterScenario\",\"afterFeature\",\"_\",\"suite\",\"$0\",\"ignoredWorkerServices\",\"wdi5\"]"}]}
RESULT: {"script":"<script> [2342 bytes]","args":[{"protocol":"http","hostname":"0.0.0.0","path":"/","capabilities":{"browserName":"chrome","goog:chromeOptions":{"binary":"C:\\Program Files\\Google\\Chrome\\Application\\chrome.exe","args":["--start-maximized"]}},"logLevel":"warn","connectionRetryTimeout":120000,"connectionRetryCount":3,"logLevels":{},"enableDirectConnect":true,"strictSSL":true,"_":"65 more keys: [\"cacheDir\",\"port\",\"requestedCapabilities\",\"automationProtocol\",\"baseUrl\",\"waitforInterval\",\"waitforTimeout\",\"onReload\",\"beforeCommand\",\"afterCommand\",\"rootDir\",\"specs\",\"suites\",\"exclude\",\"groupLogsByTestSpec\",\"excludeDriverLogs\",\"bail\",\"framework\",\"reporters\",\"services\",\"maxInstances\",\"maxInstancesPerCapability\",\"injectGlobals\",\"filesToWatch\",\"execArgv\",\"runnerEnv\",\"runner\",\"shard\",\"specFileRetries\",\"specFileRetriesDelay\",\"specFileRetriesDeferred\",\"reporterSyncInterval\",\"reporterSyncTimeout\",\"cucumberFeaturesWithLineNumbers\",\"autoCompileOpts\",\"mochaOpts\",\"jasmineOpts\",\"cucumberOpts\",\"onPrepare\",\"onWorkerStart\",\"onWorkerEnd\",\"before\",\"beforeSession\",\"beforeSuite\",\"beforeHook\",\"beforeTest\",\"afterTest\",\"afterHook\",\"afterSuite\",\"afterSession\",\"after\",\"onComplete\",\"beforeAssertion\",\"afterAssertion\",\"beforeFeature\",\"beforeScenario\",\"beforeStep\",\"afterStep\",\"afterScenario\",\"afterFeature\",\"_\",\"suite\",\"$0\",\"ignoredWorkerServices\",\"wdi5\"]"}]}
COMMAND: POST /session/bf687da40b3c98d128a44e447cb2f226/execute/async - {"script":"<script> [21126 bytes]","args":[35000]}
RESULT: {"script":"<script> [21126 bytes]","args":[35000]}
COMMAND: POST /session/bf687da40b3c98d128a44e447cb2f226/window/fullscreen - {}
RESULT: {}
COMMAND: POST /session/bf687da40b3c98d128a44e447cb2f226/window/fullscreen - {}
RESULT: {}
COMMAND: POST /session/bf687da40b3c98d128a44e447cb2f226/execute/async - {"script":"<script> [1562 bytes]","args":[{"selector":{"controlType":"sap.m.GenericTile","properties":{"header":"Manage Partners"}},"wdio_ui5_key":"sapm.GenericTile{\"header\":\"Manage Partners\"}"}]}
RESULT: {"script":"<script> [1562 bytes]","args":[{"selector":{"controlType":"sap.m.GenericTile","properties":{"header":"Manage Partners"}},"wdio_ui5_key":"sapm.GenericTile{\"header\":\"Manage Partners\"}"}]}
RESULT: undefined
COMMAND: POST /session/bf687da40b3c98d128a44e447cb2f226/element - {"using":"xpath","value":"//*[@id=\"__tile30\"]"}
RESULT: {"using":"xpath","value":"//*[@id=\"__tile30\"]"}
COMMAND: POST /session/bf687da40b3c98d128a44e447cb2f226/element/f.868DDD9EF8C55ECB5E24C8AEC1C53E95.d.81963530030E4BC442FB7EE52BBB2816.e.4481/click - {}
RESULT: {}
COMMAND: POST /session/bf687da40b3c98d128a44e447cb2f226/element - {"using":"xpath","value":"//button[@data-kt=\"addButton\"]"}
COMMAND: GET /session/bf687da40b3c98d128a44e447cb2f226/screenshot - {}
RESULT: {"using":"xpath","value":"//button[@data-kt=\"addButton\"]"}
COMMAND: POST /session/bf687da40b3c98d128a44e447cb2f226/elements - {"using":"xpath","value":"//button[@data-kt=\"addButton\"]"}
RESULT: {}
RESULT: {"using":"xpath","value":"//button[@data-kt=\"addButton\"]"}
COMMAND: POST /session/bf687da40b3c98d128a44e447cb2f226/elements - {"using":"xpath","value":"//button[@data-kt=\"addButton\"]"}
RESULT: {"using":"xpath","value":"//button[@data-kt=\"addButton\"]"}
COMMAND: POST /session/bf687da40b3c98d128a44e447cb2f226/elements - {"using":"xpath","value":"//button[@data-kt=\"addButton\"]"}
RESULT: {"using":"xpath","value":"//button[@data-kt=\"addButton\"]"}
COMMAND: POST /session/bf687da40b3c98d128a44e447cb2f226/elements - {"using":"xpath","value":"//button[@data-kt=\"addButton\"]"}
RESULT: {"using":"xpath","value":"//button[@data-kt=\"addButton\"]"}
COMMAND: POST /session/bf687da40b3c98d128a44e447cb2f226/elements - {"using":"xpath","value":"//button[@data-kt=\"addButton\"]"}
RESULT: {"using":"xpath","value":"//button[@data-kt=\"addButton\"]"}
COMMAND: POST /session/bf687da40b3c98d128a44e447cb2f226/elements - {"using":"xpath","value":"//button[@data-kt=\"addButton\"]"}
RESULT: {"using":"xpath","value":"//button[@data-kt=\"addButton\"]"}
COMMAND: POST /session/bf687da40b3c98d128a44e447cb2f226/elements - {"using":"xpath","value":"//button[@data-kt=\"addButton\"]"}
RESULT: {"using":"xpath","value":"//button[@data-kt=\"addButton\"]"}
COMMAND: POST /session/bf687da40b3c98d128a44e447cb2f226/elements - {"using":"xpath","value":"//button[@data-kt=\"addButton\"]"}
RESULT: {"using":"xpath","value":"//button[@data-kt=\"addButton\"]"}
COMMAND: POST /session/bf687da40b3c98d128a44e447cb2f226/elements - {"using":"xpath","value":"//button[@data-kt=\"addButton\"]"}
RESULT: {"using":"xpath","value":"//button[@data-kt=\"addButton\"]"}
COMMAND: POST /session/bf687da40b3c98d128a44e447cb2f226/elements - {"using":"xpath","value":"//button[@data-kt=\"addButton\"]"}
RESULT: {"using":"xpath","value":"//button[@data-kt=\"addButton\"]"}
COMMAND: POST /session/bf687da40b3c98d128a44e447cb2f226/elements - {"using":"xpath","value":"//button[@data-kt=\"addButton\"]"}
RESULT: {"using":"xpath","value":"//button[@data-kt=\"addButton\"]"}
COMMAND: POST /session/bf687da40b3c98d128a44e447cb2f226/elements - {"using":"xpath","value":"//button[@data-kt=\"addButton\"]"}
RESULT: {"using":"xpath","value":"//button[@data-kt=\"addButton\"]"}
COMMAND: POST /session/bf687da40b3c98d128a44e447cb2f226/elements - {"using":"xpath","value":"//button[@data-kt=\"addButton\"]"}
RESULT: {"using":"xpath","value":"//button[@data-kt=\"addButton\"]"}
COMMAND: POST /session/bf687da40b3c98d128a44e447cb2f226/elements - {"using":"xpath","value":"//button[@data-kt=\"addButton\"]"}
RESULT: {"using":"xpath","value":"//button[@data-kt=\"addButton\"]"}
COMMAND: POST /session/bf687da40b3c98d128a44e447cb2f226/elements - {"using":"xpath","value":"//button[@data-kt=\"addButton\"]"}
RESULT: {"using":"xpath","value":"//button[@data-kt=\"addButton\"]"}
COMMAND: POST /session/bf687da40b3c98d128a44e447cb2f226/elements - {"using":"xpath","value":"//button[@data-kt=\"addButton\"]"}
RESULT: {"using":"xpath","value":"//button[@data-kt=\"addButton\"]"}
COMMAND: POST /session/bf687da40b3c98d128a44e447cb2f226/elements - {"using":"xpath","value":"//button[@data-kt=\"addButton\"]"}
RESULT: {"using":"xpath","value":"//button[@data-kt=\"addButton\"]"}
COMMAND: POST /session/bf687da40b3c98d128a44e447cb2f226/elements - {"using":"xpath","value":"//button[@data-kt=\"addButton\"]"}
RESULT: {"using":"xpath","value":"//button[@data-kt=\"addButton\"]"}
COMMAND: POST /session/bf687da40b3c98d128a44e447cb2f226/elements - {"using":"xpath","value":"//button[@data-kt=\"addButton\"]"}
RESULT: {"using":"xpath","value":"//button[@data-kt=\"addButton\"]"}
COMMAND: POST /session/bf687da40b3c98d128a44e447cb2f226/elements - {"using":"xpath","value":"//button[@data-kt=\"addButton\"]"}
RESULT: {"using":"xpath","value":"//button[@data-kt=\"addButton\"]"}
COMMAND: POST /session/bf687da40b3c98d128a44e447cb2f226/elements - {"using":"xpath","value":"//button[@data-kt=\"addButton\"]"}
RESULT: {"using":"xpath","value":"//button[@data-kt=\"addButton\"]"}
COMMAND: POST /session/bf687da40b3c98d128a44e447cb2f226/elements - {"using":"xpath","value":"//button[@data-kt=\"addButton\"]"}
RESULT: {"using":"xpath","value":"//button[@data-kt=\"addButton\"]"}
COMMAND: POST /session/bf687da40b3c98d128a44e447cb2f226/elements - {"using":"xpath","value":"//button[@data-kt=\"addButton\"]"}
RESULT: {"using":"xpath","value":"//button[@data-kt=\"addButton\"]"}
COMMAND: POST /session/bf687da40b3c98d128a44e447cb2f226/elements - {"using":"xpath","value":"//button[@data-kt=\"addButton\"]"}
RESULT: {"using":"xpath","value":"//button[@data-kt=\"addButton\"]"}
COMMAND: POST /session/bf687da40b3c98d128a44e447cb2f226/elements - {"using":"xpath","value":"//button[@data-kt=\"addButton\"]"}
RESULT: {"using":"xpath","value":"//button[@data-kt=\"addButton\"]"}
COMMAND: POST /session/bf687da40b3c98d128a44e447cb2f226/elements - {"using":"xpath","value":"//button[@data-kt=\"addButton\"]"}
RESULT: {"using":"xpath","value":"//button[@data-kt=\"addButton\"]"}
COMMAND: POST /session/bf687da40b3c98d128a44e447cb2f226/element - {"using":"xpath","value":"//button[@data-kt=\"addButton\"]"}
RESULT: {"using":"xpath","value":"//button[@data-kt=\"addButton\"]"}
COMMAND: POST /session/bf687da40b3c98d128a44e447cb2f226/execute/sync - {"script":"<script> [8489 bytes]","args":[{"element-6066-11e4-a52e-4f735466cecf":"f.868DDD9EF8C55ECB5E24C8AEC1C53E95.d.81963530030E4BC442FB7EE52BBB2816.e.4596","ELEMENT":"f.868DDD9EF8C55ECB5E24C8AEC1C53E95.d.81963530030E4BC442FB7EE52BBB2816.e.4596"}]}
RESULT: {"script":"<script> [8489 bytes]","args":[{"element-6066-11e4-a52e-4f735466cecf":"f.868DDD9EF8C55ECB5E24C8AEC1C53E95.d.81963530030E4BC442FB7EE52BBB2816.e.4596","ELEMENT":"f.868DDD9EF8C55ECB5E24C8AEC1C53E95.d.81963530030E4BC442FB7EE52BBB2816.e.4596"}]}
COMMAND: GET /session/bf687da40b3c98d128a44e447cb2f226/element/f.868DDD9EF8C55ECB5E24C8AEC1C53E95.d.81963530030E4BC442FB7EE52BBB2816.e.4596/enabled - {}
COMMAND: GET /session/bf687da40b3c98d128a44e447cb2f226/screenshot - {}
RESULT: {}
COMMAND: POST /session/bf687da40b3c98d128a44e447cb2f226/execute/sync - {"script":"<script> [8489 bytes]","args":[{"element-6066-11e4-a52e-4f735466cecf":"f.868DDD9EF8C55ECB5E24C8AEC1C53E95.d.81963530030E4BC442FB7EE52BBB2816.e.4596","ELEMENT":"f.868DDD9EF8C55ECB5E24C8AEC1C53E95.d.81963530030E4BC442FB7EE52BBB2816.e.4596"}]}
COMMAND: GET /session/bf687da40b3c98d128a44e447cb2f226/screenshot - {}
RESULT: {}
RESULT: {"script":"<script> [8489 bytes]","args":[{"element-6066-11e4-a52e-4f735466cecf":"f.868DDD9EF8C55ECB5E24C8AEC1C53E95.d.81963530030E4BC442FB7EE52BBB2816.e.4596","ELEMENT":"f.868DDD9EF8C55ECB5E24C8AEC1C53E95.d.81963530030E4BC442FB7EE52BBB2816.e.4596"}]}
COMMAND: POST /session/bf687da40b3c98d128a44e447cb2f226/execute/sync - {"script":"<script> [5351 bytes]","args":[{"element-6066-11e4-a52e-4f735466cecf":"f.868DDD9EF8C55ECB5E24C8AEC1C53E95.d.81963530030E4BC442FB7EE52BBB2816.e.4596","ELEMENT":"f.868DDD9EF8C55ECB5E24C8AEC1C53E95.d.81963530030E4BC442FB7EE52BBB2816.e.4596"}]}
COMMAND: GET /session/bf687da40b3c98d128a44e447cb2f226/screenshot - {}
RESULT: {}
RESULT: {"script":"<script> [5351 bytes]","args":[{"element-6066-11e4-a52e-4f735466cecf":"f.868DDD9EF8C55ECB5E24C8AEC1C53E95.d.81963530030E4BC442FB7EE52BBB2816.e.4596","ELEMENT":"f.868DDD9EF8C55ECB5E24C8AEC1C53E95.d.81963530030E4BC442FB7EE52BBB2816.e.4596"}]}
COMMAND: POST /session/bf687da40b3c98d128a44e447cb2f226/element/f.868DDD9EF8C55ECB5E24C8AEC1C53E95.d.81963530030E4BC442FB7EE52BBB2816.e.4596/click - {}
COMMAND: GET /session/bf687da40b3c98d128a44e447cb2f226/screenshot - {}
RESULT: {}
RESULT: {}
COMMAND: GET /session/bf687da40b3c98d128a44e447cb2f226/screenshot - {}
COMMAND: POST /session/bf687da40b3c98d128a44e447cb2f226/execute/async - {"script":"<script> [1562 bytes]","args":[{"selector":{"id":"application-managepartners-display-component---NewPartner--addressDetailDetailsName1","interaction":{"idSuffix":"inner"}},"wdio_ui5_key":"applicationmanagepartners-display-component---NewPartner--addressDetailDetailsName1"}]}
RESULT: {}
RESULT: {}
RESULT: {"script":"<script> [1562 bytes]","args":[{"selector":{"id":"application-managepartners-display-component---NewPartner--addressDetailDetailsName1","interaction":{"idSuffix":"inner"}},"wdio_ui5_key":"applicationmanagepartners-display-component---NewPartner--addressDetailDetailsName1"}]}
RESULT: undefined
COMMAND: POST /session/bf687da40b3c98d128a44e447cb2f226/execute/async - {"script":"<script> [776 bytes]","args":[{"enterText":"Intracompany Partner WDIO","selector":{"id":"application-managepartners-display-component---NewPartner--addressDetailDetailsName1","interaction":{"idSuffix":"inner"}},"clearTextFirst":true,"interactionType":"ENTER_TEXT"}]}
RESULT: {"script":"<script> [776 bytes]","args":[{"enterText":"Intracompany Partner WDIO","selector":{"id":"application-managepartners-display-component---NewPartner--addressDetailDetailsName1","interaction":{"idSuffix":"inner"}},"clearTextFirst":true,"interactionType":"ENTER_TEXT"}]}
COMMAND: POST /session/bf687da40b3c98d128a44e447cb2f226/execute/async - {"script":"<script> [1562 bytes]","args":[{"selector":{"id":"application-managepartners-display-component---NewPartner--addressDetailDetailsLanguage-arrow"},"wdio_ui5_key":"applicationmanagepartners-display-component---NewPartner--addressDetailDetailsLanguage-arrow"}]}
RESULT: {"script":"<script> [1562 bytes]","args":[{"selector":{"id":"application-managepartners-display-component---NewPartner--addressDetailDetailsLanguage-arrow"},"wdio_ui5_key":"applicationmanagepartners-display-component---NewPartner--addressDetailDetailsLanguage-arrow"}]}
RESULT: undefined
COMMAND: POST /session/bf687da40b3c98d128a44e447cb2f226/element - {"using":"xpath","value":"//*[@id=\"application-managepartners-display-component---NewPartner--addressDetailDetailsLanguage-arrow\"]"}
RESULT: {"using":"xpath","value":"//*[@id=\"application-managepartners-display-component---NewPartner--addressDetailDetailsLanguage-arrow\"]"}
COMMAND: POST /session/bf687da40b3c98d128a44e447cb2f226/element/f.868DDD9EF8C55ECB5E24C8AEC1C53E95.d.81963530030E4BC442FB7EE52BBB2816.e.5048/click - {}
RESULT: {}
COMMAND: POST /session/bf687da40b3c98d128a44e447cb2f226/element - {"using":"xpath","value":"//span[contains(text(), \"English\")]"}
COMMAND: GET /session/bf687da40b3c98d128a44e447cb2f226/screenshot - {}
RESULT: {"using":"xpath","value":"//span[contains(text(), \"English\")]"}
COMMAND: POST /session/bf687da40b3c98d128a44e447cb2f226/element/f.868DDD9EF8C55ECB5E24C8AEC1C53E95.d.81963530030E4BC442FB7EE52BBB2816.e.5049/click - {}
RESULT: {}
RESULT: {}
COMMAND: GET /session/bf687da40b3c98d128a44e447cb2f226/screenshot - {}
RESULT: {}
COMMAND: POST /session/bf687da40b3c98d128a44e447cb2f226/execute/async - {"script":"<script> [1562 bytes]","args":[{"selector":{"id":"application-managepartners-display-component---NewPartner--addressDetailDetailsCity1","interaction":{"idSuffix":"inner"}},"wdio_ui5_key":"applicationmanagepartners-display-component---NewPartner--addressDetailDetailsCity1"}]}
RESULT: {"script":"<script> [1562 bytes]","args":[{"selector":{"id":"application-managepartners-display-component---NewPartner--addressDetailDetailsCity1","interaction":{"idSuffix":"inner"}},"wdio_ui5_key":"applicationmanagepartners-display-component---NewPartner--addressDetailDetailsCity1"}]}
RESULT: undefined
COMMAND: POST /session/bf687da40b3c98d128a44e447cb2f226/execute/async - {"script":"<script> [776 bytes]","args":[{"enterText":"Rosario","selector":{"id":"application-managepartners-display-component---NewPartner--addressDetailDetailsCity1","interaction":{"idSuffix":"inner"}},"clearTextFirst":true,"interactionType":"ENTER_TEXT"}]}
RESULT: {"script":"<script> [776 bytes]","args":[{"enterText":"Rosario","selector":{"id":"application-managepartners-display-component---NewPartner--addressDetailDetailsCity1","interaction":{"idSuffix":"inner"}},"clearTextFirst":true,"interactionType":"ENTER_TEXT"}]}
COMMAND: POST /session/bf687da40b3c98d128a44e447cb2f226/execute/async - {"script":"<script> [1562 bytes]","args":[{"selector":{"id":"application-managepartners-display-component---NewPartner--addressDetailDetailsCountry-arrow"},"wdio_ui5_key":"applicationmanagepartners-display-component---NewPartner--addressDetailDetailsCountry-arrow"}]}
RESULT: {"script":"<script> [1562 bytes]","args":[{"selector":{"id":"application-managepartners-display-component---NewPartner--addressDetailDetailsCountry-arrow"},"wdio_ui5_key":"applicationmanagepartners-display-component---NewPartner--addressDetailDetailsCountry-arrow"}]}
RESULT: undefined
COMMAND: POST /session/bf687da40b3c98d128a44e447cb2f226/element - {"using":"xpath","value":"//*[@id=\"application-managepartners-display-component---NewPartner--addressDetailDetailsCountry-arrow\"]"}
RESULT: {"using":"xpath","value":"//*[@id=\"application-managepartners-display-component---NewPartner--addressDetailDetailsCountry-arrow\"]"}
COMMAND: POST /session/bf687da40b3c98d128a44e447cb2f226/element/f.868DDD9EF8C55ECB5E24C8AEC1C53E95.d.81963530030E4BC442FB7EE52BBB2816.e.5035/click - {}
RESULT: {}
COMMAND: POST /session/bf687da40b3c98d128a44e447cb2f226/element - {"using":"xpath","value":"//span[contains(text(), \"Argentina\")]"}
COMMAND: GET /session/bf687da40b3c98d128a44e447cb2f226/screenshot - {}
RESULT: {"using":"xpath","value":"//span[contains(text(), \"Argentina\")]"}
COMMAND: POST /session/bf687da40b3c98d128a44e447cb2f226/element/f.868DDD9EF8C55ECB5E24C8AEC1C53E95.d.81963530030E4BC442FB7EE52BBB2816.e.5051/click - {}
RESULT: {}
RESULT: {}
COMMAND: GET /session/bf687da40b3c98d128a44e447cb2f226/screenshot - {}
RESULT: {}
COMMAND: POST /session/bf687da40b3c98d128a44e447cb2f226/element - {"using":"xpath","value":"//bdi[contains(text(), \"Commercial\")]"}
RESULT: {"using":"xpath","value":"//bdi[contains(text(), \"Commercial\")]"}
COMMAND: POST /session/bf687da40b3c98d128a44e447cb2f226/element/f.868DDD9EF8C55ECB5E24C8AEC1C53E95.d.81963530030E4BC442FB7EE52BBB2816.e.5052/click - {}
RESULT: {}
COMMAND: GET /session/bf687da40b3c98d128a44e447cb2f226/screenshot - {}
RESULT: {}
COMMAND: POST /session/bf687da40b3c98d128a44e447cb2f226/execute/async - {"script":"<script> [1562 bytes]","args":[{"selector":{"id":"application-managepartners-display-component---NewPartner--partnerDetailInternal-arrow"},"wdio_ui5_key":"applicationmanagepartners-display-component---NewPartner--partnerDetailInternal-arrow"}]}
RESULT: {"script":"<script> [1562 bytes]","args":[{"selector":{"id":"application-managepartners-display-component---NewPartner--partnerDetailInternal-arrow"},"wdio_ui5_key":"applicationmanagepartners-display-component---NewPartner--partnerDetailInternal-arrow"}]}
RESULT: undefined
COMMAND: POST /session/bf687da40b3c98d128a44e447cb2f226/element - {"using":"xpath","value":"//*[@id=\"application-managepartners-display-component---NewPartner--partnerDetailInternal-arrow\"]"}
RESULT: {"using":"xpath","value":"//*[@id=\"application-managepartners-display-component---NewPartner--partnerDetailInternal-arrow\"]"}
COMMAND: POST /session/bf687da40b3c98d128a44e447cb2f226/element/f.868DDD9EF8C55ECB5E24C8AEC1C53E95.d.81963530030E4BC442FB7EE52BBB2816.e.5058/click - {}
RESULT: {}
COMMAND: POST /session/bf687da40b3c98d128a44e447cb2f226/element - {"using":"xpath","value":"//span[contains(text(), \"Affiliated company\")]"}
COMMAND: GET /session/bf687da40b3c98d128a44e447cb2f226/screenshot - {}
RESULT: {"using":"xpath","value":"//span[contains(text(), \"Affiliated company\")]"}
COMMAND: POST /session/bf687da40b3c98d128a44e447cb2f226/element/f.868DDD9EF8C55ECB5E24C8AEC1C53E95.d.81963530030E4BC442FB7EE52BBB2816.e.5059/click - {}
RESULT: {}
RESULT: {}
COMMAND: POST /session/bf687da40b3c98d128a44e447cb2f226/execute/async - {"script":"<script> [1562 bytes]","args":[{"selector":{"id":"application-managepartners-display-component---NewPartner--partnerDetailsCurrency-arrow"},"wdio_ui5_key":"applicationmanagepartners-display-component---NewPartner--partnerDetailsCurrency-arrow"}]}
COMMAND: GET /session/bf687da40b3c98d128a44e447cb2f226/screenshot - {}
RESULT: {"script":"<script> [1562 bytes]","args":[{"selector":{"id":"application-managepartners-display-component---NewPartner--partnerDetailsCurrency-arrow"},"wdio_ui5_key":"applicationmanagepartners-display-component---NewPartner--partnerDetailsCurrency-arrow"}]}
RESULT: undefined
COMMAND: POST /session/bf687da40b3c98d128a44e447cb2f226/element - {"using":"xpath","value":"//*[@id=\"application-managepartners-display-component---NewPartner--partnerDetailsCurrency-arrow\"]"}
RESULT: {}
RESULT: {"using":"xpath","value":"//*[@id=\"application-managepartners-display-component---NewPartner--partnerDetailsCurrency-arrow\"]"}
COMMAND: POST /session/bf687da40b3c98d128a44e447cb2f226/element/f.868DDD9EF8C55ECB5E24C8AEC1C53E95.d.81963530030E4BC442FB7EE52BBB2816.e.5066/click - {}
RESULT: {}
COMMAND: POST /session/bf687da40b3c98d128a44e447cb2f226/element - {"using":"xpath","value":"//span[contains(text(), \"Euro\")]"}
COMMAND: GET /session/bf687da40b3c98d128a44e447cb2f226/screenshot - {}
RESULT: {"using":"xpath","value":"//span[contains(text(), \"Euro\")]"}
COMMAND: POST /session/bf687da40b3c98d128a44e447cb2f226/element/f.868DDD9EF8C55ECB5E24C8AEC1C53E95.d.81963530030E4BC442FB7EE52BBB2816.e.5067/click - {}
RESULT: {}
RESULT: {}
COMMAND: POST /session/bf687da40b3c98d128a44e447cb2f226/execute/async - {"script":"<script> [1562 bytes]","args":[{"selector":{"id":"application-managepartners-display-component---NewPartner--addressEditDetailsCostObjectCstType-arrow"},"wdio_ui5_key":"applicationmanagepartners-display-component---NewPartner--addressEditDetailsCostObjectCstType-arrow"}]}
COMMAND: GET /session/bf687da40b3c98d128a44e447cb2f226/screenshot - {}
RESULT: {"script":"<script> [1562 bytes]","args":[{"selector":{"id":"application-managepartners-display-component---NewPartner--addressEditDetailsCostObjectCstType-arrow"},"wdio_ui5_key":"applicationmanagepartners-display-component---NewPartner--addressEditDetailsCostObjectCstType-arrow"}]}
RESULT: undefined
COMMAND: POST /session/bf687da40b3c98d128a44e447cb2f226/element - {"using":"xpath","value":"//*[@id=\"application-managepartners-display-component---NewPartner--addressEditDetailsCostObjectCstType-arrow\"]"}
RESULT: {}
RESULT: {"using":"xpath","value":"//*[@id=\"application-managepartners-display-component---NewPartner--addressEditDetailsCostObjectCstType-arrow\"]"}
COMMAND: POST /session/bf687da40b3c98d128a44e447cb2f226/element/f.868DDD9EF8C55ECB5E24C8AEC1C53E95.d.81963530030E4BC442FB7EE52BBB2816.e.5068/click - {}
RESULT: {}
COMMAND: POST /session/bf687da40b3c98d128a44e447cb2f226/element - {"using":"xpath","value":"//span[contains(text(), \"Cost Center\")]"}
COMMAND: GET /session/bf687da40b3c98d128a44e447cb2f226/screenshot - {}
RESULT: {"using":"xpath","value":"//span[contains(text(), \"Cost Center\")]"}
COMMAND: POST /session/bf687da40b3c98d128a44e447cb2f226/element/f.868DDD9EF8C55ECB5E24C8AEC1C53E95.d.81963530030E4BC442FB7EE52BBB2816.e.5069/click - {}
RESULT: {}
RESULT: {}
COMMAND: GET /session/bf687da40b3c98d128a44e447cb2f226/screenshot - {}
RESULT: {}
COMMAND: POST /session/bf687da40b3c98d128a44e447cb2f226/element - {"using":"xpath","value":"//span[@id=\"application-managepartners-display-component---NewPartner--addressNewCostObjectCstID-vhi\"]"}
RESULT: {"using":"xpath","value":"//span[@id=\"application-managepartners-display-component---NewPartner--addressNewCostObjectCstID-vhi\"]"}
COMMAND: POST /session/bf687da40b3c98d128a44e447cb2f226/execute/sync - {"script":"<script> [8489 bytes]","args":[{"element-6066-11e4-a52e-4f735466cecf":"f.868DDD9EF8C55ECB5E24C8AEC1C53E95.d.81963530030E4BC442FB7EE52BBB2816.e.5073","ELEMENT":"f.868DDD9EF8C55ECB5E24C8AEC1C53E95.d.81963530030E4BC442FB7EE52BBB2816.e.5073"}]}
RESULT: {"script":"<script> [8489 bytes]","args":[{"element-6066-11e4-a52e-4f735466cecf":"f.868DDD9EF8C55ECB5E24C8AEC1C53E95.d.81963530030E4BC442FB7EE52BBB2816.e.5073","ELEMENT":"f.868DDD9EF8C55ECB5E24C8AEC1C53E95.d.81963530030E4BC442FB7EE52BBB2816.e.5073"}]}
COMMAND: POST /session/bf687da40b3c98d128a44e447cb2f226/execute/async - {"script":"<script> [1562 bytes]","args":[{"selector":{"id":"application-managepartners-display-component---NewPartner--addressNewCostObjectCstID-vhi"},"wdio_ui5_key":"applicationmanagepartners-display-component---NewPartner--addressNewCostObjectCstID-vhi"}]}
COMMAND: GET /session/bf687da40b3c98d128a44e447cb2f226/screenshot - {}
RESULT: {"script":"<script> [1562 bytes]","args":[{"selector":{"id":"application-managepartners-display-component---NewPartner--addressNewCostObjectCstID-vhi"},"wdio_ui5_key":"applicationmanagepartners-display-component---NewPartner--addressNewCostObjectCstID-vhi"}]}
RESULT: undefined
COMMAND: POST /session/bf687da40b3c98d128a44e447cb2f226/element - {"using":"xpath","value":"//*[@id=\"application-managepartners-display-component---NewPartner--addressNewCostObjectCstID-vhi\"]"}
RESULT: {}
RESULT: {"using":"xpath","value":"//*[@id=\"application-managepartners-display-component---NewPartner--addressNewCostObjectCstID-vhi\"]"}
COMMAND: POST /session/bf687da40b3c98d128a44e447cb2f226/element/f.868DDD9EF8C55ECB5E24C8AEC1C53E95.d.81963530030E4BC442FB7EE52BBB2816.e.5073/click - {}
RESULT: {}
COMMAND: GET /session/bf687da40b3c98d128a44e447cb2f226/screenshot - {}
RESULT: {}
COMMAND: POST /session/bf687da40b3c98d128a44e447cb2f226/execute/async - {"script":"<script> [1562 bytes]","args":[{"selector":{"controlType":"sap.m.SearchField","properties":{"placeholder":"Search"},"searchOpenDialogs":true,"interaction":{"idSuffix":"I"}},"wdio_ui5_key":"sapm.SearchField{\"placeholder\":\"Search\"}"}]}
RESULT: {"script":"<script> [1562 bytes]","args":[{"selector":{"controlType":"sap.m.SearchField","properties":{"placeholder":"Search"},"searchOpenDialogs":true,"interaction":{"idSuffix":"I"}},"wdio_ui5_key":"sapm.SearchField{\"placeholder\":\"Search\"}"}]}
RESULT: undefined
COMMAND: POST /session/bf687da40b3c98d128a44e447cb2f226/execute/async - {"script":"<script> [776 bytes]","args":[{"enterText":"10001013","selector":{"controlType":"sap.m.SearchField","properties":{"placeholder":"Search"},"searchOpenDialogs":true,"interaction":{"idSuffix":"I"}},"clearTextFirst":true,"interactionType":"ENTER_TEXT"}]}
RESULT: {"script":"<script> [776 bytes]","args":[{"enterText":"10001013","selector":{"controlType":"sap.m.SearchField","properties":{"placeholder":"Search"},"searchOpenDialogs":true,"interaction":{"idSuffix":"I"}},"clearTextFirst":true,"interactionType":"ENTER_TEXT"}]}
COMMAND: POST /session/bf687da40b3c98d128a44e447cb2f226/actions - {"actions":[{"id":"action12","type":"key","parameters":{},"actions":[{"type":"keyDown","value":"î€‡"},{"type":"pause","duration":10},{"type":"keyUp","value":"î€‡"}]}]}
RESULT: {"actions":[{"id":"action12","type":"key","parameters":{},"actions":[{"type":"keyDown","value":"î€‡"},{"type":"pause","duration":10},{"type":"keyUp","value":"î€‡"}]}]}
COMMAND: GET /session/bf687da40b3c98d128a44e447cb2f226/screenshot - {}
RESULT: {}
COMMAND: POST /session/bf687da40b3c98d128a44e447cb2f226/element - {"using":"xpath","value":"//span[contains(text(), \"General Management\")]"}
RESULT: {"using":"xpath","value":"//span[contains(text(), \"General Management\")]"}
COMMAND: POST /session/bf687da40b3c98d128a44e447cb2f226/element/f.868DDD9EF8C55ECB5E24C8AEC1C53E95.d.81963530030E4BC442FB7EE52BBB2816.e.5115/click - {}
RESULT: {}
COMMAND: GET /session/bf687da40b3c98d128a44e447cb2f226/screenshot - {}
RESULT: {}
COMMAND: POST /session/bf687da40b3c98d128a44e447cb2f226/element - {"using":"xpath","value":"//bdi[contains(text(), \"OK\")]"}
RESULT: {"using":"xpath","value":"//bdi[contains(text(), \"OK\")]"}
COMMAND: POST /session/bf687da40b3c98d128a44e447cb2f226/element/f.868DDD9EF8C55ECB5E24C8AEC1C53E95.d.81963530030E4BC442FB7EE52BBB2816.e.5116/click - {}
RESULT: {}
COMMAND: GET /session/bf687da40b3c98d128a44e447cb2f226/screenshot - {}
RESULT: {}
COMMAND: POST /session/bf687da40b3c98d128a44e447cb2f226/element - {"using":"xpath","value":"//input[@id=\"application-managepartners-display-component---NewPartner--companyCodeComboBox-inner\"]"}
RESULT: {"using":"xpath","value":"//input[@id=\"application-managepartners-display-component---NewPartner--companyCodeComboBox-inner\"]"}
COMMAND: POST /session/bf687da40b3c98d128a44e447cb2f226/element/f.868DDD9EF8C55ECB5E24C8AEC1C53E95.d.81963530030E4BC442FB7EE52BBB2816.e.4906/clear - {}
RESULT: {}
COMMAND: POST /session/bf687da40b3c98d128a44e447cb2f226/element/f.868DDD9EF8C55ECB5E24C8AEC1C53E95.d.81963530030E4BC442FB7EE52BBB2816.e.4906/value - {"text":"1000"}
COMMAND: GET /session/bf687da40b3c98d128a44e447cb2f226/screenshot - {}
RESULT: {"text":"1000"}
COMMAND: GET /session/bf687da40b3c98d128a44e447cb2f226/screenshot - {}
RESULT: {}
RESULT: {}
COMMAND: POST /session/bf687da40b3c98d128a44e447cb2f226/element - {"using":"xpath","value":"//span[contains(text(), \"1000\")]"}
RESULT: {"using":"xpath","value":"//span[contains(text(), \"1000\")]"}
COMMAND: POST /session/bf687da40b3c98d128a44e447cb2f226/element/f.868DDD9EF8C55ECB5E24C8AEC1C53E95.d.81963530030E4BC442FB7EE52BBB2816.e.5122/click - {}
RESULT: {}
COMMAND: GET /session/bf687da40b3c98d128a44e447cb2f226/screenshot - {}
RESULT: {}
COMMAND: POST /session/bf687da40b3c98d128a44e447cb2f226/execute/async - {"script":"<script> [1562 bytes]","args":[{"selector":{"id":"application-managepartners-display-component---NewPartner--btnAddTableRow-img"},"wdio_ui5_key":"applicationmanagepartners-display-component---NewPartner--btnAddTableRow-img"}]}
RESULT: {"script":"<script> [1562 bytes]","args":[{"selector":{"id":"application-managepartners-display-component---NewPartner--btnAddTableRow-img"},"wdio_ui5_key":"applicationmanagepartners-display-component---NewPartner--btnAddTableRow-img"}]}
RESULT: undefined
COMMAND: POST /session/bf687da40b3c98d128a44e447cb2f226/element - {"using":"xpath","value":"//*[@id=\"application-managepartners-display-component---NewPartner--btnAddTableRow-img\"]"}
RESULT: {"using":"xpath","value":"//*[@id=\"application-managepartners-display-component---NewPartner--btnAddTableRow-img\"]"}
COMMAND: POST /session/bf687da40b3c98d128a44e447cb2f226/element/f.868DDD9EF8C55ECB5E24C8AEC1C53E95.d.81963530030E4BC442FB7EE52BBB2816.e.5123/click - {}
RESULT: {}
COMMAND: GET /session/bf687da40b3c98d128a44e447cb2f226/screenshot - {}
RESULT: {}
COMMAND: POST /session/bf687da40b3c98d128a44e447cb2f226/element - {"using":"xpath","value":"//input[@id=\"application-managepartners-display-component---NewPartner--assignmentYard-application-managepartners-display-component---NewPartner--assignmentsTable-0-inner\"]"}
RESULT: {"using":"xpath","value":"//input[@id=\"application-managepartners-display-component---NewPartner--assignmentYard-application-managepartners-display-component---NewPartner--assignmentsTable-0-inner\"]"}
COMMAND: POST /session/bf687da40b3c98d128a44e447cb2f226/element/f.868DDD9EF8C55ECB5E24C8AEC1C53E95.d.81963530030E4BC442FB7EE52BBB2816.e.5126/clear - {}
RESULT: {}
COMMAND: POST /session/bf687da40b3c98d128a44e447cb2f226/element/f.868DDD9EF8C55ECB5E24C8AEC1C53E95.d.81963530030E4BC442FB7EE52BBB2816.e.5126/value - {"text":"348"}
COMMAND: GET /session/bf687da40b3c98d128a44e447cb2f226/screenshot - {}
RESULT: {"text":"348"}
COMMAND: GET /session/bf687da40b3c98d128a44e447cb2f226/screenshot - {}
RESULT: {}
RESULT: {}
COMMAND: POST /session/bf687da40b3c98d128a44e447cb2f226/element - {"using":"xpath","value":"//li[.//span[text()='348']]"}
RESULT: {"using":"xpath","value":"//li[.//span[text()='348']]"}
COMMAND: POST /session/bf687da40b3c98d128a44e447cb2f226/element/f.868DDD9EF8C55ECB5E24C8AEC1C53E95.d.81963530030E4BC442FB7EE52BBB2816.e.5135/click - {}
RESULT: {}
COMMAND: GET /session/bf687da40b3c98d128a44e447cb2f226/screenshot - {}
RESULT: {}
COMMAND: POST /session/bf687da40b3c98d128a44e447cb2f226/actions - {"actions":[{"id":"action13","type":"key","parameters":{},"actions":[{"type":"keyDown","value":"î€‡"},{"type":"pause","duration":10},{"type":"keyUp","value":"î€‡"}]}]}
RESULT: {"actions":[{"id":"action13","type":"key","parameters":{},"actions":[{"type":"keyDown","value":"î€‡"},{"type":"pause","duration":10},{"type":"keyUp","value":"î€‡"}]}]}
COMMAND: POST /session/bf687da40b3c98d128a44e447cb2f226/execute/async - {"script":"<script> [1562 bytes]","args":[{"selector":{"id":"application-managepartners-display-component---NewPartner--externalCustomerComboBox-application-managepartners-display-component---NewPartner--assignmentsTable-0-vhi"},"wdio_ui5_key":"applicationmanagepartners-display-component---NewPartner--externalCustomerComboBox-application-managepartners-display-component---NewPartner--assignmentsTable-0-vhi"}]}
COMMAND: GET /session/bf687da40b3c98d128a44e447cb2f226/screenshot - {}
RESULT: {"script":"<script> [1562 bytes]","args":[{"selector":{"id":"application-managepartners-display-component---NewPartner--externalCustomerComboBox-application-managepartners-display-component---NewPartner--assignmentsTable-0-vhi"},"wdio_ui5_key":"applicationmanagepartners-display-component---NewPartner--externalCustomerComboBox-application-managepartners-display-component---NewPartner--assignmentsTable-0-vhi"}]}
RESULT: undefined
COMMAND: POST /session/bf687da40b3c98d128a44e447cb2f226/element - {"using":"xpath","value":"//*[@id=\"application-managepartners-display-component---NewPartner--externalCustomerComboBox-application-managepartners-display-component---NewPartner--assignmentsTable-0-vhi\"]"}
RESULT: {}
RESULT: {"using":"xpath","value":"//*[@id=\"application-managepartners-display-component---NewPartner--externalCustomerComboBox-application-managepartners-display-component---NewPartner--assignmentsTable-0-vhi\"]"}
COMMAND: POST /session/bf687da40b3c98d128a44e447cb2f226/element/f.868DDD9EF8C55ECB5E24C8AEC1C53E95.d.81963530030E4BC442FB7EE52BBB2816.e.5139/click - {}
RESULT: {}
RESULT: undefined
COMMAND: POST /session/bf687da40b3c98d128a44e447cb2f226/execute/async - {"script":"<script> [776 bytes]","args":[{"enterText":"300003","selector":{"controlType":"sap.m.SearchField","properties":{"placeholder":"Search"},"searchOpenDialogs":true,"interaction":{"idSuffix":"I"}},"clearTextFirst":true,"interactionType":"ENTER_TEXT"}]}
COMMAND: GET /session/bf687da40b3c98d128a44e447cb2f226/screenshot - {}
RESULT: {"script":"<script> [776 bytes]","args":[{"enterText":"300003","selector":{"controlType":"sap.m.SearchField","properties":{"placeholder":"Search"},"searchOpenDialogs":true,"interaction":{"idSuffix":"I"}},"clearTextFirst":true,"interactionType":"ENTER_TEXT"}]}
COMMAND: POST /session/bf687da40b3c98d128a44e447cb2f226/actions - {"actions":[{"id":"action14","type":"key","parameters":{},"actions":[{"type":"keyDown","value":"î€‡"},{"type":"pause","duration":10},{"type":"keyUp","value":"î€‡"}]}]}
RESULT: {}
RESULT: {"actions":[{"id":"action14","type":"key","parameters":{},"actions":[{"type":"keyDown","value":"î€‡"},{"type":"pause","duration":10},{"type":"keyUp","value":"î€‡"}]}]}
COMMAND: GET /session/bf687da40b3c98d128a44e447cb2f226/screenshot - {}
RESULT: {}
COMMAND: POST /session/bf687da40b3c98d128a44e447cb2f226/element - {"using":"xpath","value":"//span[contains(text(), \"300003\")]"}
RESULT: {"using":"xpath","value":"//span[contains(text(), \"300003\")]"}
COMMAND: POST /session/bf687da40b3c98d128a44e447cb2f226/element/f.868DDD9EF8C55ECB5E24C8AEC1C53E95.d.81963530030E4BC442FB7EE52BBB2816.e.5157/click - {}
RESULT: {}
COMMAND: GET /session/bf687da40b3c98d128a44e447cb2f226/screenshot - {}
RESULT: {}
COMMAND: POST /session/bf687da40b3c98d128a44e447cb2f226/element - {"using":"xpath","value":"//bdi[contains(text(), \"OK\")]"}
RESULT: {"using":"xpath","value":"//bdi[contains(text(), \"OK\")]"}
COMMAND: POST /session/bf687da40b3c98d128a44e447cb2f226/element/f.868DDD9EF8C55ECB5E24C8AEC1C53E95.d.81963530030E4BC442FB7EE52BBB2816.e.5159/click - {}
RESULT: {}
COMMAND: GET /session/bf687da40b3c98d128a44e447cb2f226/screenshot - {}
RESULT: {}
COMMAND: POST /session/bf687da40b3c98d128a44e447cb2f226/execute/async - {"script":"<script> [1562 bytes]","args":[{"selector":{"id":"application-managepartners-display-component---NewPartner--intercompVendorComboBox-application-managepartners-display-component---NewPartner--assignmentsTable-0-vhi"},"wdio_ui5_key":"applicationmanagepartners-display-component---NewPartner--intercompVendorComboBox-application-managepartners-display-component---NewPartner--assignmentsTable-0-vhi"}]}
RESULT: {"script":"<script> [1562 bytes]","args":[{"selector":{"id":"application-managepartners-display-component---NewPartner--intercompVendorComboBox-application-managepartners-display-component---NewPartner--assignmentsTable-0-vhi"},"wdio_ui5_key":"applicationmanagepartners-display-component---NewPartner--intercompVendorComboBox-application-managepartners-display-component---NewPartner--assignmentsTable-0-vhi"}]}
RESULT: undefined
COMMAND: POST /session/bf687da40b3c98d128a44e447cb2f226/element - {"using":"xpath","value":"//*[@id=\"application-managepartners-display-component---NewPartner--intercompVendorComboBox-application-managepartners-display-component---NewPartner--assignmentsTable-0-vhi\"]"}
RESULT: {"using":"xpath","value":"//*[@id=\"application-managepartners-display-component---NewPartner--intercompVendorComboBox-application-managepartners-display-component---NewPartner--assignmentsTable-0-vhi\"]"}
COMMAND: POST /session/bf687da40b3c98d128a44e447cb2f226/element/f.868DDD9EF8C55ECB5E24C8AEC1C53E95.d.81963530030E4BC442FB7EE52BBB2816.e.5163/click - {}
RESULT: {}
RESULT: undefined
COMMAND: POST /session/bf687da40b3c98d128a44e447cb2f226/execute/async - {"script":"<script> [776 bytes]","args":[{"enterText":"100005","selector":{"controlType":"sap.m.SearchField","properties":{"placeholder":"Search"},"searchOpenDialogs":true,"interaction":{"idSuffix":"I"}},"clearTextFirst":true,"interactionType":"ENTER_TEXT"}]}
COMMAND: GET /session/bf687da40b3c98d128a44e447cb2f226/screenshot - {}
RESULT: {"script":"<script> [776 bytes]","args":[{"enterText":"100005","selector":{"controlType":"sap.m.SearchField","properties":{"placeholder":"Search"},"searchOpenDialogs":true,"interaction":{"idSuffix":"I"}},"clearTextFirst":true,"interactionType":"ENTER_TEXT"}]}
COMMAND: POST /session/bf687da40b3c98d128a44e447cb2f226/actions - {"actions":[{"id":"action15","type":"key","parameters":{},"actions":[{"type":"keyDown","value":"î€‡"},{"type":"pause","duration":10},{"type":"keyUp","value":"î€‡"}]}]}
RESULT: {}
RESULT: {"actions":[{"id":"action15","type":"key","parameters":{},"actions":[{"type":"keyDown","value":"î€‡"},{"type":"pause","duration":10},{"type":"keyUp","value":"î€‡"}]}]}
COMMAND: GET /session/bf687da40b3c98d128a44e447cb2f226/screenshot - {}
RESULT: {}
COMMAND: POST /session/bf687da40b3c98d128a44e447cb2f226/element - {"using":"xpath","value":"//span[contains(text(), \"Penguins - Field/12345 Berlin\")]"}
RESULT: {"using":"xpath","value":"//span[contains(text(), \"Penguins - Field/12345 Berlin\")]"}
COMMAND: POST /session/bf687da40b3c98d128a44e447cb2f226/element/f.868DDD9EF8C55ECB5E24C8AEC1C53E95.d.81963530030E4BC442FB7EE52BBB2816.e.5181/click - {}
RESULT: {}
COMMAND: GET /session/bf687da40b3c98d128a44e447cb2f226/screenshot - {}
RESULT: {}
COMMAND: POST /session/bf687da40b3c98d128a44e447cb2f226/element - {"using":"xpath","value":"//bdi[contains(text(), \"OK\")]"}
RESULT: {"using":"xpath","value":"//bdi[contains(text(), \"OK\")]"}
COMMAND: POST /session/bf687da40b3c98d128a44e447cb2f226/element/f.868DDD9EF8C55ECB5E24C8AEC1C53E95.d.81963530030E4BC442FB7EE52BBB2816.e.5182/click - {}
RESULT: {}
COMMAND: GET /session/bf687da40b3c98d128a44e447cb2f226/screenshot - {}
RESULT: {}
COMMAND: POST /session/bf687da40b3c98d128a44e447cb2f226/element - {"using":"xpath","value":"//button[@data-kt=\"saveButton\"]"}
RESULT: {"using":"xpath","value":"//button[@data-kt=\"saveButton\"]"}
COMMAND: POST /session/bf687da40b3c98d128a44e447cb2f226/element/f.868DDD9EF8C55ECB5E24C8AEC1C53E95.d.81963530030E4BC442FB7EE52BBB2816.e.4973/click - {}
RESULT: {}
COMMAND: GET /session/bf687da40b3c98d128a44e447cb2f226/screenshot - {}
RESULT: {}
COMMAND: POST /session/bf687da40b3c98d128a44e447cb2f226/element - {"using":"xpath","value":"//header[contains(@id, 'ObjectPageLayout-headerTitle')]/div[1]/div[2]/div[2]/span[1]"}
RESULT: {"using":"xpath","value":"//header[contains(@id, 'ObjectPageLayout-headerTitle')]/div[1]/div[2]/div[2]/span[1]"}
COMMAND: POST /session/bf687da40b3c98d128a44e447cb2f226/elements - {"using":"xpath","value":"//header[contains(@id, 'ObjectPageLayout-headerTitle')]/div[1]/div[2]/div[2]/span[1]"}
RESULT: {"using":"xpath","value":"//header[contains(@id, 'ObjectPageLayout-headerTitle')]/div[1]/div[2]/div[2]/span[1]"}
COMMAND: POST /session/bf687da40b3c98d128a44e447cb2f226/execute/sync - {"script":"<script> [56 bytes]","args":[{"element-6066-11e4-a52e-4f735466cecf":"f.868DDD9EF8C55ECB5E24C8AEC1C53E95.d.81963530030E4BC442FB7EE52BBB2816.e.5348","ELEMENT":"f.868DDD9EF8C55ECB5E24C8AEC1C53E95.d.81963530030E4BC442FB7EE52BBB2816.e.5348"}]}
RESULT: {"script":"<script> [56 bytes]","args":[{"element-6066-11e4-a52e-4f735466cecf":"f.868DDD9EF8C55ECB5E24C8AEC1C53E95.d.81963530030E4BC442FB7EE52BBB2816.e.5348","ELEMENT":"f.868DDD9EF8C55ECB5E24C8AEC1C53E95.d.81963530030E4BC442FB7EE52BBB2816.e.5348"}]}
COMMAND: POST /session/bf687da40b3c98d128a44e447cb2f226/element - {"using":"css selector","value":"#shell-header-logo"}
COMMAND: GET /session/bf687da40b3c98d128a44e447cb2f226/screenshot - {}
RESULT: {"using":"css selector","value":"#shell-header-logo"}
COMMAND: POST /session/bf687da40b3c98d128a44e447cb2f226/element/f.868DDD9EF8C55ECB5E24C8AEC1C53E95.d.81963530030E4BC442FB7EE52BBB2816.e.4561/click - {}
RESULT: {}
RESULT: {}
COMMAND: GET /session/bf687da40b3c98d128a44e447cb2f226/screenshot - {}
RESULT: {}
COMMAND: POST /session/bf687da40b3c98d128a44e447cb2f226/execute/sync - {"script":"<script> [299 bytes]","args":[["getModel","getResource"]]}
RESULT: {"script":"<script> [299 bytes]","args":[["getModel","getResource"]]}
RESULT: undefined
COMMAND: POST /session/bf687da40b3c98d128a44e447cb2f226/element - {"using":"xpath","value":"//*[@id=\"__tile30\"]"}
COMMAND: GET /session/bf687da40b3c98d128a44e447cb2f226/screenshot - {}
RESULT: {"using":"xpath","value":"//*[@id=\"__tile30\"]"}
COMMAND: POST /session/bf687da40b3c98d128a44e447cb2f226/element/f.868DDD9EF8C55ECB5E24C8AEC1C53E95.d.81963530030E4BC442FB7EE52BBB2816.e.4481/click - {}
RESULT: {}
RESULT: {}
COMMAND: POST /session/bf687da40b3c98d128a44e447cb2f226/element - {"using":"xpath","value":"//button[@data-kt=\"addButton\"]"}
COMMAND: GET /session/bf687da40b3c98d128a44e447cb2f226/screenshot - {}
RESULT: {"using":"xpath","value":"//button[@data-kt=\"addButton\"]"}
COMMAND: POST /session/bf687da40b3c98d128a44e447cb2f226/elements - {"using":"xpath","value":"//button[@data-kt=\"addButton\"]"}
RESULT: {}
RESULT: {"using":"xpath","value":"//button[@data-kt=\"addButton\"]"}
COMMAND: POST /session/bf687da40b3c98d128a44e447cb2f226/elements - {"using":"xpath","value":"//button[@data-kt=\"addButton\"]"}
RESULT: {"using":"xpath","value":"//button[@data-kt=\"addButton\"]"}
COMMAND: POST /session/bf687da40b3c98d128a44e447cb2f226/elements - {"using":"xpath","value":"//button[@data-kt=\"addButton\"]"}
RESULT: {"using":"xpath","value":"//button[@data-kt=\"addButton\"]"}
COMMAND: POST /session/bf687da40b3c98d128a44e447cb2f226/elements - {"using":"xpath","value":"//button[@data-kt=\"addButton\"]"}
RESULT: {"using":"xpath","value":"//button[@data-kt=\"addButton\"]"}
COMMAND: POST /session/bf687da40b3c98d128a44e447cb2f226/element - {"using":"xpath","value":"//button[@data-kt=\"addButton\"]"}
RESULT: {"using":"xpath","value":"//button[@data-kt=\"addButton\"]"}
COMMAND: POST /session/bf687da40b3c98d128a44e447cb2f226/execute/sync - {"script":"<script> [8489 bytes]","args":[{"element-6066-11e4-a52e-4f735466cecf":"f.868DDD9EF8C55ECB5E24C8AEC1C53E95.d.81963530030E4BC442FB7EE52BBB2816.e.5384","ELEMENT":"f.868DDD9EF8C55ECB5E24C8AEC1C53E95.d.81963530030E4BC442FB7EE52BBB2816.e.5384"}]}
RESULT: {"script":"<script> [8489 bytes]","args":[{"element-6066-11e4-a52e-4f735466cecf":"f.868DDD9EF8C55ECB5E24C8AEC1C53E95.d.81963530030E4BC442FB7EE52BBB2816.e.5384","ELEMENT":"f.868DDD9EF8C55ECB5E24C8AEC1C53E95.d.81963530030E4BC442FB7EE52BBB2816.e.5384"}]}
COMMAND: GET /session/bf687da40b3c98d128a44e447cb2f226/element/f.868DDD9EF8C55ECB5E24C8AEC1C53E95.d.81963530030E4BC442FB7EE52BBB2816.e.5384/enabled - {}
COMMAND: GET /session/bf687da40b3c98d128a44e447cb2f226/screenshot - {}
RESULT: {}
COMMAND: POST /session/bf687da40b3c98d128a44e447cb2f226/execute/sync - {"script":"<script> [8489 bytes]","args":[{"element-6066-11e4-a52e-4f735466cecf":"f.868DDD9EF8C55ECB5E24C8AEC1C53E95.d.81963530030E4BC442FB7EE52BBB2816.e.5384","ELEMENT":"f.868DDD9EF8C55ECB5E24C8AEC1C53E95.d.81963530030E4BC442FB7EE52BBB2816.e.5384"}]}
COMMAND: GET /session/bf687da40b3c98d128a44e447cb2f226/screenshot - {}
RESULT: {}
RESULT: {"script":"<script> [8489 bytes]","args":[{"element-6066-11e4-a52e-4f735466cecf":"f.868DDD9EF8C55ECB5E24C8AEC1C53E95.d.81963530030E4BC442FB7EE52BBB2816.e.5384","ELEMENT":"f.868DDD9EF8C55ECB5E24C8AEC1C53E95.d.81963530030E4BC442FB7EE52BBB2816.e.5384"}]}
COMMAND: POST /session/bf687da40b3c98d128a44e447cb2f226/execute/sync - {"script":"<script> [5351 bytes]","args":[{"element-6066-11e4-a52e-4f735466cecf":"f.868DDD9EF8C55ECB5E24C8AEC1C53E95.d.81963530030E4BC442FB7EE52BBB2816.e.5384","ELEMENT":"f.868DDD9EF8C55ECB5E24C8AEC1C53E95.d.81963530030E4BC442FB7EE52BBB2816.e.5384"}]}
COMMAND: GET /session/bf687da40b3c98d128a44e447cb2f226/screenshot - {}
RESULT: {}
RESULT: {}
RESULT: {"script":"<script> [5351 bytes]","args":[{"element-6066-11e4-a52e-4f735466cecf":"f.868DDD9EF8C55ECB5E24C8AEC1C53E95.d.81963530030E4BC442FB7EE52BBB2816.e.5384","ELEMENT":"f.868DDD9EF8C55ECB5E24C8AEC1C53E95.d.81963530030E4BC442FB7EE52BBB2816.e.5384"}]}
COMMAND: GET /session/bf687da40b3c98d128a44e447cb2f226/screenshot - {}
RESULT: {}
COMMAND: POST /session/bf687da40b3c98d128a44e447cb2f226/execute/async - {"script":"<script> [1562 bytes]","args":[{"selector":{"id":"application-managepartners-display-component---masterPtm--smartFilterBar-btnBasicSearch","interaction":{"idSuffix":"I"}},"wdio_ui5_key":"applicationmanagepartners-display-component---masterPtm--smartFilterBar-btnBasicSearch"}]}
RESULT: {"script":"<script> [1562 bytes]","args":[{"selector":{"id":"application-managepartners-display-component---masterPtm--smartFilterBar-btnBasicSearch","interaction":{"idSuffix":"I"}},"wdio_ui5_key":"applicationmanagepartners-display-component---masterPtm--smartFilterBar-btnBasicSearch"}]}
RESULT: undefined
COMMAND: POST /session/bf687da40b3c98d128a44e447cb2f226/execute/async - {"script":"<script> [776 bytes]","args":[{"enterText":"1211","selector":{"id":"application-managepartners-display-component---masterPtm--smartFilterBar-btnBasicSearch","interaction":{"idSuffix":"I"}},"clearTextFirst":true,"interactionType":"ENTER_TEXT"}]}
RESULT: {"script":"<script> [776 bytes]","args":[{"enterText":"1211","selector":{"id":"application-managepartners-display-component---masterPtm--smartFilterBar-btnBasicSearch","interaction":{"idSuffix":"I"}},"clearTextFirst":true,"interactionType":"ENTER_TEXT"}]}
COMMAND: POST /session/bf687da40b3c98d128a44e447cb2f226/actions - {"actions":[{"id":"action16","type":"key","parameters":{},"actions":[{"type":"keyDown","value":"î€‡"},{"type":"pause","duration":10},{"type":"keyUp","value":"î€‡"}]}]}
RESULT: {"actions":[{"id":"action16","type":"key","parameters":{},"actions":[{"type":"keyDown","value":"î€‡"},{"type":"pause","duration":10},{"type":"keyUp","value":"î€‡"}]}]}
COMMAND: GET /session/bf687da40b3c98d128a44e447cb2f226/screenshot - {}
RESULT: {}
COMMAND: POST /session/bf687da40b3c98d128a44e447cb2f226/elements - {"using":"xpath","value":"//table[contains(@id, \"customPartnersTable-listUl\")]/tbody/tr"}
RESULT: {"using":"xpath","value":"//table[contains(@id, \"customPartnersTable-listUl\")]/tbody/tr"}
COMMAND: POST /session/bf687da40b3c98d128a44e447cb2f226/element - {"using":"xpath","value":"//table[contains(@id, \"customPartnersTable-listUl\")]/tbody/tr[1]/td[3]/span"}
RESULT: {"using":"xpath","value":"//table[contains(@id, \"customPartnersTable-listUl\")]/tbody/tr[1]/td[3]/span"}
COMMAND: POST /session/bf687da40b3c98d128a44e447cb2f226/elements - {"using":"xpath","value":"//table[contains(@id, \"customPartnersTable-listUl\")]/tbody/tr[1]/td[3]/span"}
RESULT: {"using":"xpath","value":"//table[contains(@id, \"customPartnersTable-listUl\")]/tbody/tr[1]/td[3]/span"}
COMMAND: POST /session/bf687da40b3c98d128a44e447cb2f226/execute/sync - {"script":"<script> [56 bytes]","args":[{"element-6066-11e4-a52e-4f735466cecf":"f.868DDD9EF8C55ECB5E24C8AEC1C53E95.d.81963530030E4BC442FB7EE52BBB2816.e.5535","ELEMENT":"f.868DDD9EF8C55ECB5E24C8AEC1C53E95.d.81963530030E4BC442FB7EE52BBB2816.e.5535"}]}
RESULT: {"script":"<script> [56 bytes]","args":[{"element-6066-11e4-a52e-4f735466cecf":"f.868DDD9EF8C55ECB5E24C8AEC1C53E95.d.81963530030E4BC442FB7EE52BBB2816.e.5535","ELEMENT":"f.868DDD9EF8C55ECB5E24C8AEC1C53E95.d.81963530030E4BC442FB7EE52BBB2816.e.5535"}]}
COMMAND: POST /session/bf687da40b3c98d128a44e447cb2f226/element - {"using":"xpath","value":"(//span[contains(@id, \"imgNav\")])[1]"}
COMMAND: GET /session/bf687da40b3c98d128a44e447cb2f226/screenshot - {}
RESULT: {"using":"xpath","value":"(//span[contains(@id, \"imgNav\")])[1]"}
COMMAND: POST /session/bf687da40b3c98d128a44e447cb2f226/element/f.868DDD9EF8C55ECB5E24C8AEC1C53E95.d.81963530030E4BC442FB7EE52BBB2816.e.5532/click - {}
RESULT: {}
RESULT: {}
COMMAND: GET /session/bf687da40b3c98d128a44e447cb2f226/screenshot - {}
RESULT: {}
COMMAND: POST /session/bf687da40b3c98d128a44e447cb2f226/element - {"using":"xpath","value":"//bdi[contains(text(), \"Edit\")]"}
RESULT: {"using":"xpath","value":"//bdi[contains(text(), \"Edit\")]"}
COMMAND: POST /session/bf687da40b3c98d128a44e447cb2f226/element/f.868DDD9EF8C55ECB5E24C8AEC1C53E95.d.81963530030E4BC442FB7EE52BBB2816.e.5676/click - {}
RESULT: {}
COMMAND: GET /session/bf687da40b3c98d128a44e447cb2f226/screenshot - {}
RESULT: {}
COMMAND: POST /session/bf687da40b3c98d128a44e447cb2f226/execute/async - {"script":"<script> [1562 bytes]","args":[{"selector":{"controlType":"sap.m.Input","viewName":"etm.portal.ui.managepartners.view.EditDetail","labelFor":{"text":"Name"},"interaction":{"idSuffix":"inner"}},"wdio_ui5_key":"etmportal.ui.managepartners.view.EditDetailsap.m.Input{\"text\":\"Name\"}"}]}
RESULT: {"script":"<script> [1562 bytes]","args":[{"selector":{"controlType":"sap.m.Input","viewName":"etm.portal.ui.managepartners.view.EditDetail","labelFor":{"text":"Name"},"interaction":{"idSuffix":"inner"}},"wdio_ui5_key":"etmportal.ui.managepartners.view.EditDetailsap.m.Input{\"text\":\"Name\"}"}]}
RESULT: undefined
COMMAND: POST /session/bf687da40b3c98d128a44e447cb2f226/execute/async - {"script":"<script> [776 bytes]","args":[{"enterText":"Intracompany EDIT","selector":{"controlType":"sap.m.Input","viewName":"etm.portal.ui.managepartners.view.EditDetail","labelFor":{"text":"Name"},"interaction":{"idSuffix":"inner"}},"clearTextFirst":true,"interactionType":"ENTER_TEXT"}]}
RESULT: {"script":"<script> [776 bytes]","args":[{"enterText":"Intracompany EDIT","selector":{"controlType":"sap.m.Input","viewName":"etm.portal.ui.managepartners.view.EditDetail","labelFor":{"text":"Name"},"interaction":{"idSuffix":"inner"}},"clearTextFirst":true,"interactionType":"ENTER_TEXT"}]}
COMMAND: POST /session/bf687da40b3c98d128a44e447cb2f226/element - {"using":"xpath","value":"(//span[contains(@id,\"addressDetailDetailsLanguage-arrow\")])[1]"}
RESULT: {"using":"xpath","value":"(//span[contains(@id,\"addressDetailDetailsLanguage-arrow\")])[1]"}
COMMAND: POST /session/bf687da40b3c98d128a44e447cb2f226/element/f.868DDD9EF8C55ECB5E24C8AEC1C53E95.d.81963530030E4BC442FB7EE52BBB2816.e.5761/click - {}
RESULT: {}
COMMAND: POST /session/bf687da40b3c98d128a44e447cb2f226/element - {"using":"xpath","value":"//span[contains(text(), \"Chinese\")]"}
COMMAND: GET /session/bf687da40b3c98d128a44e447cb2f226/screenshot - {}
RESULT: {"using":"xpath","value":"//span[contains(text(), \"Chinese\")]"}
COMMAND: POST /session/bf687da40b3c98d128a44e447cb2f226/element/f.868DDD9EF8C55ECB5E24C8AEC1C53E95.d.81963530030E4BC442FB7EE52BBB2816.e.5762/click - {}
RESULT: {}
RESULT: {}
COMMAND: GET /session/bf687da40b3c98d128a44e447cb2f226/screenshot - {}
RESULT: {}
COMMAND: POST /session/bf687da40b3c98d128a44e447cb2f226/execute/async - {"script":"<script> [1562 bytes]","args":[{"selector":{"controlType":"sap.m.Input","viewName":"etm.portal.ui.managepartners.view.EditDetail","labelFor":{"text":"City"},"interaction":{"idSuffix":"inner"}},"wdio_ui5_key":"etmportal.ui.managepartners.view.EditDetailsap.m.Input{\"text\":\"City\"}"}]}
RESULT: {"script":"<script> [1562 bytes]","args":[{"selector":{"controlType":"sap.m.Input","viewName":"etm.portal.ui.managepartners.view.EditDetail","labelFor":{"text":"City"},"interaction":{"idSuffix":"inner"}},"wdio_ui5_key":"etmportal.ui.managepartners.view.EditDetailsap.m.Input{\"text\":\"City\"}"}]}
RESULT: undefined
COMMAND: POST /session/bf687da40b3c98d128a44e447cb2f226/execute/async - {"script":"<script> [776 bytes]","args":[{"enterText":"Clooj-Napoca","selector":{"controlType":"sap.m.Input","viewName":"etm.portal.ui.managepartners.view.EditDetail","labelFor":{"text":"City"},"interaction":{"idSuffix":"inner"}},"clearTextFirst":true,"interactionType":"ENTER_TEXT"}]}
RESULT: {"script":"<script> [776 bytes]","args":[{"enterText":"Clooj-Napoca","selector":{"controlType":"sap.m.Input","viewName":"etm.portal.ui.managepartners.view.EditDetail","labelFor":{"text":"City"},"interaction":{"idSuffix":"inner"}},"clearTextFirst":true,"interactionType":"ENTER_TEXT"}]}
COMMAND: POST /session/bf687da40b3c98d128a44e447cb2f226/element - {"using":"xpath","value":"//button[@data-kt=\"saveButton\"]"}
RESULT: {"using":"xpath","value":"//button[@data-kt=\"saveButton\"]"}
COMMAND: POST /session/bf687da40b3c98d128a44e447cb2f226/element/f.868DDD9EF8C55ECB5E24C8AEC1C53E95.d.81963530030E4BC442FB7EE52BBB2816.e.5739/click - {}
RESULT: {}
COMMAND: GET /session/bf687da40b3c98d128a44e447cb2f226/screenshot - {}
RESULT: {}
COMMAND: POST /session/bf687da40b3c98d128a44e447cb2f226/execute/async - {"script":"<script> [1562 bytes]","args":[{"selector":{"id":"application-managepartners-display-component---detailPtm--addressDetailDetailsName1"},"wdio_ui5_key":"applicationmanagepartners-display-component---detailPtm--addressDetailDetailsName1"}]}
RESULT: {"script":"<script> [1562 bytes]","args":[{"selector":{"id":"application-managepartners-display-component---detailPtm--addressDetailDetailsName1"},"wdio_ui5_key":"applicationmanagepartners-display-component---detailPtm--addressDetailDetailsName1"}]}
RESULT: undefined
COMMAND: POST /session/bf687da40b3c98d128a44e447cb2f226/execute/async - {"script":"<script> [6424 bytes]","args":[{"element-6066-11e4-a52e-4f735466cecf":"f.868DDD9EF8C55ECB5E24C8AEC1C53E95.d.81963530030E4BC442FB7EE52BBB2816.e.5793"},"getValue",[]]}
RESULT: {"script":"<script> [6424 bytes]","args":[{"element-6066-11e4-a52e-4f735466cecf":"f.868DDD9EF8C55ECB5E24C8AEC1C53E95.d.81963530030E4BC442FB7EE52BBB2816.e.5793"},"getValue",[]]}
COMMAND: POST /session/bf687da40b3c98d128a44e447cb2f226/element - {"using":"xpath","value":"//input[@id = \"application-managepartners-display-component---detailPtm--addressDetailDetailsLanguage-inner\"]"}
RESULT: {"using":"xpath","value":"//input[@id = \"application-managepartners-display-component---detailPtm--addressDetailDetailsLanguage-inner\"]"}
COMMAND: GET /session/bf687da40b3c98d128a44e447cb2f226/element/f.868DDD9EF8C55ECB5E24C8AEC1C53E95.d.81963530030E4BC442FB7EE52BBB2816.e.5794/property/value - {}
RESULT: {}
COMMAND: POST /session/bf687da40b3c98d128a44e447cb2f226/execute/async - {"script":"<script> [1562 bytes]","args":[{"selector":{"id":"application-managepartners-display-component---detailPtm--addressDetailDetailsCity1"},"wdio_ui5_key":"applicationmanagepartners-display-component---detailPtm--addressDetailDetailsCity1"}]}
COMMAND: GET /session/bf687da40b3c98d128a44e447cb2f226/screenshot - {}
RESULT: {"script":"<script> [1562 bytes]","args":[{"selector":{"id":"application-managepartners-display-component---detailPtm--addressDetailDetailsCity1"},"wdio_ui5_key":"applicationmanagepartners-display-component---detailPtm--addressDetailDetailsCity1"}]}
RESULT: undefined
COMMAND: POST /session/bf687da40b3c98d128a44e447cb2f226/execute/async - {"script":"<script> [6424 bytes]","args":[{"element-6066-11e4-a52e-4f735466cecf":"f.868DDD9EF8C55ECB5E24C8AEC1C53E95.d.81963530030E4BC442FB7EE52BBB2816.e.5795"},"getValue",[]]}
RESULT: {}
RESULT: {"script":"<script> [6424 bytes]","args":[{"element-6066-11e4-a52e-4f735466cecf":"f.868DDD9EF8C55ECB5E24C8AEC1C53E95.d.81963530030E4BC442FB7EE52BBB2816.e.5795"},"getValue",[]]}
COMMAND: POST /session/bf687da40b3c98d128a44e447cb2f226/element - {"using":"css selector","value":"#shell-header-logo"}
RESULT: {"using":"css selector","value":"#shell-header-logo"}
COMMAND: POST /session/bf687da40b3c98d128a44e447cb2f226/element/f.868DDD9EF8C55ECB5E24C8AEC1C53E95.d.81963530030E4BC442FB7EE52BBB2816.e.5351/click - {}
RESULT: {}
COMMAND: GET /session/bf687da40b3c98d128a44e447cb2f226/screenshot - {}
RESULT: {}
]]></system-out>
    </testcase>
    <testcase classname="chrome.135_0_7049_96.windows.Partner_specific_tests_US150819_US151080_US151654_US151176_US103444_US151078_US151079_US151109_US151174_US151175_US151189" name="Should do filtering and navigation tests US151109" time="148.46">
      <system-out><![CDATA[
COMMAND: POST /session/bf687da40b3c98d128a44e447cb2f226/element - {"using":"xpath","value":"//li[.//span[text()=\"Manage Partners\"]]"}
RESULT: {"using":"xpath","value":"//li[.//span[text()=\"Manage Partners\"]]"}
COMMAND: POST /session/bf687da40b3c98d128a44e447cb2f226/element - {"using":"xpath","value":"//li[.//span[text()=\"Manage Partners\"]]"}
RESULT: {"using":"xpath","value":"//li[.//span[text()=\"Manage Partners\"]]"}
COMMAND: POST /session/bf687da40b3c98d128a44e447cb2f226/element - {"using":"css selector","value":"#shell-header-logo"}
RESULT: {"using":"css selector","value":"#shell-header-logo"}
COMMAND: POST /session/bf687da40b3c98d128a44e447cb2f226/element/f.868DDD9EF8C55ECB5E24C8AEC1C53E95.d.81963530030E4BC442FB7EE52BBB2816.e.5825/click - {}
COMMAND: POST /session/bf687da40b3c98d128a44e447cb2f226/execute/sync - {"script":"<script> [8489 bytes]","args":[{"element-6066-11e4-a52e-4f735466cecf":"f.868DDD9EF8C55ECB5E24C8AEC1C53E95.d.81963530030E4BC442FB7EE52BBB2816.e.5825","ELEMENT":"f.868DDD9EF8C55ECB5E24C8AEC1C53E95.d.81963530030E4BC442FB7EE52BBB2816.e.5825"}]}
RESULT: {}
COMMAND: GET /session/bf687da40b3c98d128a44e447cb2f226/screenshot - {}
RESULT: {"script":"<script> [8489 bytes]","args":[{"element-6066-11e4-a52e-4f735466cecf":"f.868DDD9EF8C55ECB5E24C8AEC1C53E95.d.81963530030E4BC442FB7EE52BBB2816.e.5825","ELEMENT":"f.868DDD9EF8C55ECB5E24C8AEC1C53E95.d.81963530030E4BC442FB7EE52BBB2816.e.5825"}]}
COMMAND: POST /session/bf687da40b3c98d128a44e447cb2f226/execute/sync - {"script":"<script> [5351 bytes]","args":[{"element-6066-11e4-a52e-4f735466cecf":"f.868DDD9EF8C55ECB5E24C8AEC1C53E95.d.81963530030E4BC442FB7EE52BBB2816.e.5825","ELEMENT":"f.868DDD9EF8C55ECB5E24C8AEC1C53E95.d.81963530030E4BC442FB7EE52BBB2816.e.5825"}]}
COMMAND: GET /session/bf687da40b3c98d128a44e447cb2f226/screenshot - {}
RESULT: {}
RESULT: {"script":"<script> [5351 bytes]","args":[{"element-6066-11e4-a52e-4f735466cecf":"f.868DDD9EF8C55ECB5E24C8AEC1C53E95.d.81963530030E4BC442FB7EE52BBB2816.e.5825","ELEMENT":"f.868DDD9EF8C55ECB5E24C8AEC1C53E95.d.81963530030E4BC442FB7EE52BBB2816.e.5825"}]}
COMMAND: GET /session/bf687da40b3c98d128a44e447cb2f226/screenshot - {}
RESULT: {}
RESULT: {}
RESULT: undefined
COMMAND: POST /session/bf687da40b3c98d128a44e447cb2f226/element - {"using":"xpath","value":"//*[@id=\"__tile30\"]"}
RESULT: {"using":"xpath","value":"//*[@id=\"__tile30\"]"}
COMMAND: POST /session/bf687da40b3c98d128a44e447cb2f226/element/f.868DDD9EF8C55ECB5E24C8AEC1C53E95.d.81963530030E4BC442FB7EE52BBB2816.e.4481/click - {}
RESULT: {}
COMMAND: POST /session/bf687da40b3c98d128a44e447cb2f226/element - {"using":"xpath","value":"//button[@data-kt=\"addButton\"]"}
COMMAND: GET /session/bf687da40b3c98d128a44e447cb2f226/screenshot - {}
RESULT: {"using":"xpath","value":"//button[@data-kt=\"addButton\"]"}
COMMAND: POST /session/bf687da40b3c98d128a44e447cb2f226/elements - {"using":"xpath","value":"//button[@data-kt=\"addButton\"]"}
RESULT: {}
RESULT: {"using":"xpath","value":"//button[@data-kt=\"addButton\"]"}
COMMAND: POST /session/bf687da40b3c98d128a44e447cb2f226/elements - {"using":"xpath","value":"//button[@data-kt=\"addButton\"]"}
RESULT: {"using":"xpath","value":"//button[@data-kt=\"addButton\"]"}
COMMAND: POST /session/bf687da40b3c98d128a44e447cb2f226/element - {"using":"xpath","value":"//button[@data-kt=\"addButton\"]"}
RESULT: {"using":"xpath","value":"//button[@data-kt=\"addButton\"]"}
COMMAND: POST /session/bf687da40b3c98d128a44e447cb2f226/execute/sync - {"script":"<script> [8489 bytes]","args":[{"element-6066-11e4-a52e-4f735466cecf":"f.868DDD9EF8C55ECB5E24C8AEC1C53E95.d.81963530030E4BC442FB7EE52BBB2816.e.5870","ELEMENT":"f.868DDD9EF8C55ECB5E24C8AEC1C53E95.d.81963530030E4BC442FB7EE52BBB2816.e.5870"}]}
RESULT: {"script":"<script> [8489 bytes]","args":[{"element-6066-11e4-a52e-4f735466cecf":"f.868DDD9EF8C55ECB5E24C8AEC1C53E95.d.81963530030E4BC442FB7EE52BBB2816.e.5870","ELEMENT":"f.868DDD9EF8C55ECB5E24C8AEC1C53E95.d.81963530030E4BC442FB7EE52BBB2816.e.5870"}]}
COMMAND: GET /session/bf687da40b3c98d128a44e447cb2f226/element/f.868DDD9EF8C55ECB5E24C8AEC1C53E95.d.81963530030E4BC442FB7EE52BBB2816.e.5870/enabled - {}
COMMAND: GET /session/bf687da40b3c98d128a44e447cb2f226/screenshot - {}
RESULT: {}
COMMAND: POST /session/bf687da40b3c98d128a44e447cb2f226/execute/sync - {"script":"<script> [8489 bytes]","args":[{"element-6066-11e4-a52e-4f735466cecf":"f.868DDD9EF8C55ECB5E24C8AEC1C53E95.d.81963530030E4BC442FB7EE52BBB2816.e.5870","ELEMENT":"f.868DDD9EF8C55ECB5E24C8AEC1C53E95.d.81963530030E4BC442FB7EE52BBB2816.e.5870"}]}
COMMAND: GET /session/bf687da40b3c98d128a44e447cb2f226/screenshot - {}
RESULT: {}
RESULT: {}
RESULT: {"script":"<script> [8489 bytes]","args":[{"element-6066-11e4-a52e-4f735466cecf":"f.868DDD9EF8C55ECB5E24C8AEC1C53E95.d.81963530030E4BC442FB7EE52BBB2816.e.5870","ELEMENT":"f.868DDD9EF8C55ECB5E24C8AEC1C53E95.d.81963530030E4BC442FB7EE52BBB2816.e.5870"}]}
COMMAND: POST /session/bf687da40b3c98d128a44e447cb2f226/execute/sync - {"script":"<script> [5351 bytes]","args":[{"element-6066-11e4-a52e-4f735466cecf":"f.868DDD9EF8C55ECB5E24C8AEC1C53E95.d.81963530030E4BC442FB7EE52BBB2816.e.5870","ELEMENT":"f.868DDD9EF8C55ECB5E24C8AEC1C53E95.d.81963530030E4BC442FB7EE52BBB2816.e.5870"}]}
COMMAND: GET /session/bf687da40b3c98d128a44e447cb2f226/screenshot - {}
RESULT: {"script":"<script> [5351 bytes]","args":[{"element-6066-11e4-a52e-4f735466cecf":"f.868DDD9EF8C55ECB5E24C8AEC1C53E95.d.81963530030E4BC442FB7EE52BBB2816.e.5870","ELEMENT":"f.868DDD9EF8C55ECB5E24C8AEC1C53E95.d.81963530030E4BC442FB7EE52BBB2816.e.5870"}]}
COMMAND: GET /session/bf687da40b3c98d128a44e447cb2f226/screenshot - {}
RESULT: {}
RESULT: {}
COMMAND: POST /session/bf687da40b3c98d128a44e447cb2f226/element - {"using":"xpath","value":"//span[@id=\"application-managepartners-display-component---masterPtm--smartTable-header-inner\"]"}
RESULT: {"using":"xpath","value":"//span[@id=\"application-managepartners-display-component---masterPtm--smartTable-header-inner\"]"}
COMMAND: POST /session/bf687da40b3c98d128a44e447cb2f226/elements - {"using":"xpath","value":"//span[@id=\"application-managepartners-display-component---masterPtm--smartTable-header-inner\"]"}
RESULT: {"using":"xpath","value":"//span[@id=\"application-managepartners-display-component---masterPtm--smartTable-header-inner\"]"}
COMMAND: POST /session/bf687da40b3c98d128a44e447cb2f226/execute/sync - {"script":"<script> [56 bytes]","args":[{"element-6066-11e4-a52e-4f735466cecf":"f.868DDD9EF8C55ECB5E24C8AEC1C53E95.d.81963530030E4BC442FB7EE52BBB2816.e.5993","ELEMENT":"f.868DDD9EF8C55ECB5E24C8AEC1C53E95.d.81963530030E4BC442FB7EE52BBB2816.e.5993"}]}
RESULT: {"script":"<script> [56 bytes]","args":[{"element-6066-11e4-a52e-4f735466cecf":"f.868DDD9EF8C55ECB5E24C8AEC1C53E95.d.81963530030E4BC442FB7EE52BBB2816.e.5993","ELEMENT":"f.868DDD9EF8C55ECB5E24C8AEC1C53E95.d.81963530030E4BC442FB7EE52BBB2816.e.5993"}]}
RESULT: undefined
COMMAND: POST /session/bf687da40b3c98d128a44e447cb2f226/execute/async - {"script":"<script> [776 bytes]","args":[{"enterText":"External Partner WDIO","selector":{"id":"application-managepartners-display-component---masterPtm--smartFilterBar-btnBasicSearch","interaction":{"idSuffix":"I"}},"clearTextFirst":true,"interactionType":"ENTER_TEXT"}]}
COMMAND: GET /session/bf687da40b3c98d128a44e447cb2f226/screenshot - {}
RESULT: {"script":"<script> [776 bytes]","args":[{"enterText":"External Partner WDIO","selector":{"id":"application-managepartners-display-component---masterPtm--smartFilterBar-btnBasicSearch","interaction":{"idSuffix":"I"}},"clearTextFirst":true,"interactionType":"ENTER_TEXT"}]}
RESULT: {}
COMMAND: POST /session/bf687da40b3c98d128a44e447cb2f226/actions - {"actions":[{"id":"action17","type":"key","parameters":{},"actions":[{"type":"keyDown","value":"î€‡"},{"type":"pause","duration":10},{"type":"keyUp","value":"î€‡"}]}]}
RESULT: {"actions":[{"id":"action17","type":"key","parameters":{},"actions":[{"type":"keyDown","value":"î€‡"},{"type":"pause","duration":10},{"type":"keyUp","value":"î€‡"}]}]}
COMMAND: GET /session/bf687da40b3c98d128a44e447cb2f226/screenshot - {}
RESULT: {}
COMMAND: POST /session/bf687da40b3c98d128a44e447cb2f226/element - {"using":"xpath","value":"//span[@id=\"application-managepartners-display-component---masterPtm--smartTable-header-inner\"]"}
RESULT: {"using":"xpath","value":"//span[@id=\"application-managepartners-display-component---masterPtm--smartTable-header-inner\"]"}
COMMAND: POST /session/bf687da40b3c98d128a44e447cb2f226/elements - {"using":"xpath","value":"//span[@id=\"application-managepartners-display-component---masterPtm--smartTable-header-inner\"]"}
RESULT: {"using":"xpath","value":"//span[@id=\"application-managepartners-display-component---masterPtm--smartTable-header-inner\"]"}
COMMAND: POST /session/bf687da40b3c98d128a44e447cb2f226/execute/sync - {"script":"<script> [56 bytes]","args":[{"element-6066-11e4-a52e-4f735466cecf":"f.868DDD9EF8C55ECB5E24C8AEC1C53E95.d.81963530030E4BC442FB7EE52BBB2816.e.5993","ELEMENT":"f.868DDD9EF8C55ECB5E24C8AEC1C53E95.d.81963530030E4BC442FB7EE52BBB2816.e.5993"}]}
RESULT: {"script":"<script> [56 bytes]","args":[{"element-6066-11e4-a52e-4f735466cecf":"f.868DDD9EF8C55ECB5E24C8AEC1C53E95.d.81963530030E4BC442FB7EE52BBB2816.e.5993","ELEMENT":"f.868DDD9EF8C55ECB5E24C8AEC1C53E95.d.81963530030E4BC442FB7EE52BBB2816.e.5993"}]}
COMMAND: POST /session/bf687da40b3c98d128a44e447cb2f226/element - {"using":"xpath","value":"//div[contains(@id, \"managepartners-display-component---masterPtm--smartFilterBar-btnBasicSearch-reset\")]"}
COMMAND: GET /session/bf687da40b3c98d128a44e447cb2f226/screenshot - {}
RESULT: {"using":"xpath","value":"//div[contains(@id, \"managepartners-display-component---masterPtm--smartFilterBar-btnBasicSearch-reset\")]"}
COMMAND: POST /session/bf687da40b3c98d128a44e447cb2f226/element/f.868DDD9EF8C55ECB5E24C8AEC1C53E95.d.81963530030E4BC442FB7EE52BBB2816.e.6033/click - {}
RESULT: {}
RESULT: {}
COMMAND: GET /session/bf687da40b3c98d128a44e447cb2f226/screenshot - {}
RESULT: {}
COMMAND: POST /session/bf687da40b3c98d128a44e447cb2f226/execute/async - {"script":"<script> [1562 bytes]","args":[{"selector":{"id":"application-managepartners-display-component---masterPtm--smartFilterBar-filterItemControl_BASIC-MAIN_ADDRESS-vhi"},"wdio_ui5_key":"applicationmanagepartners-display-component---masterPtm--smartFilterBar-filterItemControl_BASIC-MAIN_ADDRESS-vhi"}]}
RESULT: {"script":"<script> [1562 bytes]","args":[{"selector":{"id":"application-managepartners-display-component---masterPtm--smartFilterBar-filterItemControl_BASIC-MAIN_ADDRESS-vhi"},"wdio_ui5_key":"applicationmanagepartners-display-component---masterPtm--smartFilterBar-filterItemControl_BASIC-MAIN_ADDRESS-vhi"}]}
RESULT: undefined
COMMAND: POST /session/bf687da40b3c98d128a44e447cb2f226/element - {"using":"xpath","value":"//*[@id=\"application-managepartners-display-component---masterPtm--smartFilterBar-filterItemControl_BASIC-MAIN_ADDRESS-vhi\"]"}
RESULT: {"using":"xpath","value":"//*[@id=\"application-managepartners-display-component---masterPtm--smartFilterBar-filterItemControl_BASIC-MAIN_ADDRESS-vhi\"]"}
COMMAND: POST /session/bf687da40b3c98d128a44e447cb2f226/element/f.868DDD9EF8C55ECB5E24C8AEC1C53E95.d.81963530030E4BC442FB7EE52BBB2816.e.6139/click - {}
RESULT: {}
COMMAND: GET /session/bf687da40b3c98d128a44e447cb2f226/screenshot - {}
RESULT: {}
COMMAND: POST /session/bf687da40b3c98d128a44e447cb2f226/execute/async - {"script":"<script> [1562 bytes]","args":[{"selector":{"id":"application-managepartners-display-component---masterPtm--smartFilterBar-filterItemControl_BASIC-MAIN_ADDRESS-valueHelpDialog-smartFilterBar-btnBasicSearch","searchOpenDialogs":true,"interaction":{"idSuffix":"I"}},"wdio_ui5_key":"applicationmanagepartners-display-component---masterPtm--smartFilterBar-filterItemControl_BASIC-MAIN_ADDRESS-valueHelpDialog-smartFilterBar-btnBasicSearch"}]}
RESULT: {"script":"<script> [1562 bytes]","args":[{"selector":{"id":"application-managepartners-display-component---masterPtm--smartFilterBar-filterItemControl_BASIC-MAIN_ADDRESS-valueHelpDialog-smartFilterBar-btnBasicSearch","searchOpenDialogs":true,"interaction":{"idSuffix":"I"}},"wdio_ui5_key":"applicationmanagepartners-display-component---masterPtm--smartFilterBar-filterItemControl_BASIC-MAIN_ADDRESS-valueHelpDialog-smartFilterBar-btnBasicSearch"}]}
RESULT: undefined
COMMAND: POST /session/bf687da40b3c98d128a44e447cb2f226/execute/async - {"script":"<script> [776 bytes]","args":[{"enterText":"Romania","selector":{"id":"application-managepartners-display-component---masterPtm--smartFilterBar-filterItemControl_BASIC-MAIN_ADDRESS-valueHelpDialog-smartFilterBar-btnBasicSearch","searchOpenDialogs":true,"interaction":{"idSuffix":"I"}},"clearTextFirst":true,"interactionType":"ENTER_TEXT"}]}
RESULT: {"script":"<script> [776 bytes]","args":[{"enterText":"Romania","selector":{"id":"application-managepartners-display-component---masterPtm--smartFilterBar-filterItemControl_BASIC-MAIN_ADDRESS-valueHelpDialog-smartFilterBar-btnBasicSearch","searchOpenDialogs":true,"interaction":{"idSuffix":"I"}},"clearTextFirst":true,"interactionType":"ENTER_TEXT"}]}
COMMAND: POST /session/bf687da40b3c98d128a44e447cb2f226/actions - {"actions":[{"id":"action18","type":"key","parameters":{},"actions":[{"type":"keyDown","value":"î€‡"},{"type":"pause","duration":10},{"type":"keyUp","value":"î€‡"}]}]}
RESULT: {"actions":[{"id":"action18","type":"key","parameters":{},"actions":[{"type":"keyDown","value":"î€‡"},{"type":"pause","duration":10},{"type":"keyUp","value":"î€‡"}]}]}
COMMAND: POST /session/bf687da40b3c98d128a44e447cb2f226/elements - {"using":"xpath","value":"//table[contains(@id, \"smartFilterBar-filterItemControl_BASIC-MAIN_ADDRESS-valueHelpDialog-table-table\")]/tbody/tr"}
COMMAND: GET /session/bf687da40b3c98d128a44e447cb2f226/screenshot - {}
RESULT: {"using":"xpath","value":"//table[contains(@id, \"smartFilterBar-filterItemControl_BASIC-MAIN_ADDRESS-valueHelpDialog-table-table\")]/tbody/tr"}
COMMAND: POST /session/bf687da40b3c98d128a44e447cb2f226/element - {"using":"xpath","value":"//table[contains(@id, \"smartFilterBar-filterItemControl_BASIC-MAIN_ADDRESS-valueHelpDialog-table-table\")]/tbody/tr[1]/td[1]/div/span"}
RESULT: {}
RESULT: {"using":"xpath","value":"//table[contains(@id, \"smartFilterBar-filterItemControl_BASIC-MAIN_ADDRESS-valueHelpDialog-table-table\")]/tbody/tr[1]/td[1]/div/span"}
COMMAND: POST /session/bf687da40b3c98d128a44e447cb2f226/elements - {"using":"xpath","value":"//table[contains(@id, \"smartFilterBar-filterItemControl_BASIC-MAIN_ADDRESS-valueHelpDialog-table-table\")]/tbody/tr[1]/td[1]/div/span"}
RESULT: {"using":"xpath","value":"//table[contains(@id, \"smartFilterBar-filterItemControl_BASIC-MAIN_ADDRESS-valueHelpDialog-table-table\")]/tbody/tr[1]/td[1]/div/span"}
COMMAND: POST /session/bf687da40b3c98d128a44e447cb2f226/execute/sync - {"script":"<script> [56 bytes]","args":[{"element-6066-11e4-a52e-4f735466cecf":"f.868DDD9EF8C55ECB5E24C8AEC1C53E95.d.81963530030E4BC442FB7EE52BBB2816.e.6160","ELEMENT":"f.868DDD9EF8C55ECB5E24C8AEC1C53E95.d.81963530030E4BC442FB7EE52BBB2816.e.6160"}]}
RESULT: {"script":"<script> [56 bytes]","args":[{"element-6066-11e4-a52e-4f735466cecf":"f.868DDD9EF8C55ECB5E24C8AEC1C53E95.d.81963530030E4BC442FB7EE52BBB2816.e.6160","ELEMENT":"f.868DDD9EF8C55ECB5E24C8AEC1C53E95.d.81963530030E4BC442FB7EE52BBB2816.e.6160"}]}
COMMAND: POST /session/bf687da40b3c98d128a44e447cb2f226/element - {"using":"xpath","value":"//div[contains(@id, \"filterItemControl_BASIC-MAIN_ADDRESS-valueHelpDialog-table-rowsel0\")]"}
COMMAND: GET /session/bf687da40b3c98d128a44e447cb2f226/screenshot - {}
RESULT: {"using":"xpath","value":"//div[contains(@id, \"filterItemControl_BASIC-MAIN_ADDRESS-valueHelpDialog-table-rowsel0\")]"}
COMMAND: POST /session/bf687da40b3c98d128a44e447cb2f226/element/f.868DDD9EF8C55ECB5E24C8AEC1C53E95.d.81963530030E4BC442FB7EE52BBB2816.e.6161/click - {}
RESULT: {}
RESULT: {}
COMMAND: GET /session/bf687da40b3c98d128a44e447cb2f226/screenshot - {}
RESULT: {}
COMMAND: POST /session/bf687da40b3c98d128a44e447cb2f226/element - {"using":"xpath","value":"(//bdi[contains(text(), \"OK\")])[1]"}
RESULT: {"using":"xpath","value":"(//bdi[contains(text(), \"OK\")])[1]"}
COMMAND: POST /session/bf687da40b3c98d128a44e447cb2f226/element/f.868DDD9EF8C55ECB5E24C8AEC1C53E95.d.81963530030E4BC442FB7EE52BBB2816.e.6163/click - {}
RESULT: {}
COMMAND: GET /session/bf687da40b3c98d128a44e447cb2f226/screenshot - {}
RESULT: {}
COMMAND: POST /session/bf687da40b3c98d128a44e447cb2f226/element - {"using":"xpath","value":"//span[@id=\"application-managepartners-display-component---masterPtm--smartTable-header-inner\"]"}
RESULT: {"using":"xpath","value":"//span[@id=\"application-managepartners-display-component---masterPtm--smartTable-header-inner\"]"}
COMMAND: POST /session/bf687da40b3c98d128a44e447cb2f226/elements - {"using":"xpath","value":"//span[@id=\"application-managepartners-display-component---masterPtm--smartTable-header-inner\"]"}
RESULT: {"using":"xpath","value":"//span[@id=\"application-managepartners-display-component---masterPtm--smartTable-header-inner\"]"}
COMMAND: POST /session/bf687da40b3c98d128a44e447cb2f226/execute/sync - {"script":"<script> [56 bytes]","args":[{"element-6066-11e4-a52e-4f735466cecf":"f.868DDD9EF8C55ECB5E24C8AEC1C53E95.d.81963530030E4BC442FB7EE52BBB2816.e.5993","ELEMENT":"f.868DDD9EF8C55ECB5E24C8AEC1C53E95.d.81963530030E4BC442FB7EE52BBB2816.e.5993"}]}
RESULT: {"script":"<script> [56 bytes]","args":[{"element-6066-11e4-a52e-4f735466cecf":"f.868DDD9EF8C55ECB5E24C8AEC1C53E95.d.81963530030E4BC442FB7EE52BBB2816.e.5993","ELEMENT":"f.868DDD9EF8C55ECB5E24C8AEC1C53E95.d.81963530030E4BC442FB7EE52BBB2816.e.5993"}]}
COMMAND: POST /session/bf687da40b3c98d128a44e447cb2f226/element - {"using":"xpath","value":"//span[contains(@title, \"Remove\")]"}
COMMAND: GET /session/bf687da40b3c98d128a44e447cb2f226/screenshot - {}
RESULT: {"using":"xpath","value":"//span[contains(@title, \"Remove\")]"}
COMMAND: POST /session/bf687da40b3c98d128a44e447cb2f226/element/f.868DDD9EF8C55ECB5E24C8AEC1C53E95.d.81963530030E4BC442FB7EE52BBB2816.e.6176/click - {}
RESULT: {}
RESULT: {}
COMMAND: GET /session/bf687da40b3c98d128a44e447cb2f226/screenshot - {}
RESULT: {}
COMMAND: POST /session/bf687da40b3c98d128a44e447cb2f226/element - {"using":"xpath","value":"//span[@id=\"application-managepartners-display-component---masterPtm--smartTable-header-inner\"]"}
RESULT: {"using":"xpath","value":"//span[@id=\"application-managepartners-display-component---masterPtm--smartTable-header-inner\"]"}
COMMAND: POST /session/bf687da40b3c98d128a44e447cb2f226/elements - {"using":"xpath","value":"//span[@id=\"application-managepartners-display-component---masterPtm--smartTable-header-inner\"]"}
RESULT: {"using":"xpath","value":"//span[@id=\"application-managepartners-display-component---masterPtm--smartTable-header-inner\"]"}
COMMAND: POST /session/bf687da40b3c98d128a44e447cb2f226/execute/sync - {"script":"<script> [56 bytes]","args":[{"element-6066-11e4-a52e-4f735466cecf":"f.868DDD9EF8C55ECB5E24C8AEC1C53E95.d.81963530030E4BC442FB7EE52BBB2816.e.5993","ELEMENT":"f.868DDD9EF8C55ECB5E24C8AEC1C53E95.d.81963530030E4BC442FB7EE52BBB2816.e.5993"}]}
RESULT: {"script":"<script> [56 bytes]","args":[{"element-6066-11e4-a52e-4f735466cecf":"f.868DDD9EF8C55ECB5E24C8AEC1C53E95.d.81963530030E4BC442FB7EE52BBB2816.e.5993","ELEMENT":"f.868DDD9EF8C55ECB5E24C8AEC1C53E95.d.81963530030E4BC442FB7EE52BBB2816.e.5993"}]}
COMMAND: POST /session/bf687da40b3c98d128a44e447cb2f226/execute/async - {"script":"<script> [1562 bytes]","args":[{"selector":{"id":"application-managepartners-display-component---masterPtm--smartFilterBar-filterItemControl_BASIC-YARD-vhi"},"wdio_ui5_key":"applicationmanagepartners-display-component---masterPtm--smartFilterBar-filterItemControl_BASIC-YARD-vhi"}]}
COMMAND: GET /session/bf687da40b3c98d128a44e447cb2f226/screenshot - {}
RESULT: {"script":"<script> [1562 bytes]","args":[{"selector":{"id":"application-managepartners-display-component---masterPtm--smartFilterBar-filterItemControl_BASIC-YARD-vhi"},"wdio_ui5_key":"applicationmanagepartners-display-component---masterPtm--smartFilterBar-filterItemControl_BASIC-YARD-vhi"}]}
RESULT: undefined
COMMAND: POST /session/bf687da40b3c98d128a44e447cb2f226/element - {"using":"xpath","value":"//*[@id=\"application-managepartners-display-component---masterPtm--smartFilterBar-filterItemControl_BASIC-YARD-vhi\"]"}
RESULT: {}
RESULT: {"using":"xpath","value":"//*[@id=\"application-managepartners-display-component---masterPtm--smartFilterBar-filterItemControl_BASIC-YARD-vhi\"]"}
COMMAND: POST /session/bf687da40b3c98d128a44e447cb2f226/element/f.868DDD9EF8C55ECB5E24C8AEC1C53E95.d.81963530030E4BC442FB7EE52BBB2816.e.6283/click - {}
RESULT: {}
COMMAND: GET /session/bf687da40b3c98d128a44e447cb2f226/screenshot - {}
RESULT: {}
COMMAND: POST /session/bf687da40b3c98d128a44e447cb2f226/execute/async - {"script":"<script> [1562 bytes]","args":[{"selector":{"id":"application-managepartners-display-component---masterPtm--smartFilterBar-filterItemControl_BASIC-YARD-valueHelpDialog-smartFilterBar-btnBasicSearch","searchOpenDialogs":true,"interaction":{"idSuffix":"I"}},"wdio_ui5_key":"applicationmanagepartners-display-component---masterPtm--smartFilterBar-filterItemControl_BASIC-YARD-valueHelpDialog-smartFilterBar-btnBasicSearch"}]}
RESULT: {"script":"<script> [1562 bytes]","args":[{"selector":{"id":"application-managepartners-display-component---masterPtm--smartFilterBar-filterItemControl_BASIC-YARD-valueHelpDialog-smartFilterBar-btnBasicSearch","searchOpenDialogs":true,"interaction":{"idSuffix":"I"}},"wdio_ui5_key":"applicationmanagepartners-display-component---masterPtm--smartFilterBar-filterItemControl_BASIC-YARD-valueHelpDialog-smartFilterBar-btnBasicSearch"}]}
RESULT: undefined
COMMAND: POST /session/bf687da40b3c98d128a44e447cb2f226/execute/async - {"script":"<script> [776 bytes]","args":[{"enterText":"Test","selector":{"id":"application-managepartners-display-component---masterPtm--smartFilterBar-filterItemControl_BASIC-YARD-valueHelpDialog-smartFilterBar-btnBasicSearch","searchOpenDialogs":true,"interaction":{"idSuffix":"I"}},"clearTextFirst":true,"interactionType":"ENTER_TEXT"}]}
RESULT: {"script":"<script> [776 bytes]","args":[{"enterText":"Test","selector":{"id":"application-managepartners-display-component---masterPtm--smartFilterBar-filterItemControl_BASIC-YARD-valueHelpDialog-smartFilterBar-btnBasicSearch","searchOpenDialogs":true,"interaction":{"idSuffix":"I"}},"clearTextFirst":true,"interactionType":"ENTER_TEXT"}]}
COMMAND: POST /session/bf687da40b3c98d128a44e447cb2f226/actions - {"actions":[{"id":"action19","type":"key","parameters":{},"actions":[{"type":"keyDown","value":"î€‡"},{"type":"pause","duration":10},{"type":"keyUp","value":"î€‡"}]}]}
RESULT: {"actions":[{"id":"action19","type":"key","parameters":{},"actions":[{"type":"keyDown","value":"î€‡"},{"type":"pause","duration":10},{"type":"keyUp","value":"î€‡"}]}]}
COMMAND: POST /session/bf687da40b3c98d128a44e447cb2f226/elements - {"using":"xpath","value":"//table[contains(@id, \"smartFilterBar-filterItemControl_BASIC-YARD-valueHelpDialog-table-table\")]/tbody/tr"}
COMMAND: GET /session/bf687da40b3c98d128a44e447cb2f226/screenshot - {}
RESULT: {"using":"xpath","value":"//table[contains(@id, \"smartFilterBar-filterItemControl_BASIC-YARD-valueHelpDialog-table-table\")]/tbody/tr"}
COMMAND: POST /session/bf687da40b3c98d128a44e447cb2f226/element - {"using":"xpath","value":"//table[contains(@id, \"smartFilterBar-filterItemControl_BASIC-YARD-valueHelpDialog-table-table\")]/tbody/tr[1]/td[1]/div/span"}
RESULT: {}
RESULT: {"using":"xpath","value":"//table[contains(@id, \"smartFilterBar-filterItemControl_BASIC-YARD-valueHelpDialog-table-table\")]/tbody/tr[1]/td[1]/div/span"}
COMMAND: POST /session/bf687da40b3c98d128a44e447cb2f226/elements - {"using":"xpath","value":"//table[contains(@id, \"smartFilterBar-filterItemControl_BASIC-YARD-valueHelpDialog-table-table\")]/tbody/tr[1]/td[1]/div/span"}
RESULT: {"using":"xpath","value":"//table[contains(@id, \"smartFilterBar-filterItemControl_BASIC-YARD-valueHelpDialog-table-table\")]/tbody/tr[1]/td[1]/div/span"}
COMMAND: POST /session/bf687da40b3c98d128a44e447cb2f226/execute/sync - {"script":"<script> [56 bytes]","args":[{"element-6066-11e4-a52e-4f735466cecf":"f.868DDD9EF8C55ECB5E24C8AEC1C53E95.d.81963530030E4BC442FB7EE52BBB2816.e.6303","ELEMENT":"f.868DDD9EF8C55ECB5E24C8AEC1C53E95.d.81963530030E4BC442FB7EE52BBB2816.e.6303"}]}
RESULT: {"script":"<script> [56 bytes]","args":[{"element-6066-11e4-a52e-4f735466cecf":"f.868DDD9EF8C55ECB5E24C8AEC1C53E95.d.81963530030E4BC442FB7EE52BBB2816.e.6303","ELEMENT":"f.868DDD9EF8C55ECB5E24C8AEC1C53E95.d.81963530030E4BC442FB7EE52BBB2816.e.6303"}]}
COMMAND: POST /session/bf687da40b3c98d128a44e447cb2f226/element - {"using":"xpath","value":"//table[contains(@id, \"smartFilterBar-filterItemControl_BASIC-YARD-valueHelpDialog-table-table\")]/tbody/tr[2]/td[1]/div/span"}
COMMAND: GET /session/bf687da40b3c98d128a44e447cb2f226/screenshot - {}
RESULT: {"using":"xpath","value":"//table[contains(@id, \"smartFilterBar-filterItemControl_BASIC-YARD-valueHelpDialog-table-table\")]/tbody/tr[2]/td[1]/div/span"}
COMMAND: POST /session/bf687da40b3c98d128a44e447cb2f226/elements - {"using":"xpath","value":"//table[contains(@id, \"smartFilterBar-filterItemControl_BASIC-YARD-valueHelpDialog-table-table\")]/tbody/tr[2]/td[1]/div/span"}
RESULT: {}
RESULT: {"using":"xpath","value":"//table[contains(@id, \"smartFilterBar-filterItemControl_BASIC-YARD-valueHelpDialog-table-table\")]/tbody/tr[2]/td[1]/div/span"}
COMMAND: POST /session/bf687da40b3c98d128a44e447cb2f226/execute/sync - {"script":"<script> [56 bytes]","args":[{"element-6066-11e4-a52e-4f735466cecf":"f.868DDD9EF8C55ECB5E24C8AEC1C53E95.d.81963530030E4BC442FB7EE52BBB2816.e.6304","ELEMENT":"f.868DDD9EF8C55ECB5E24C8AEC1C53E95.d.81963530030E4BC442FB7EE52BBB2816.e.6304"}]}
RESULT: {"script":"<script> [56 bytes]","args":[{"element-6066-11e4-a52e-4f735466cecf":"f.868DDD9EF8C55ECB5E24C8AEC1C53E95.d.81963530030E4BC442FB7EE52BBB2816.e.6304","ELEMENT":"f.868DDD9EF8C55ECB5E24C8AEC1C53E95.d.81963530030E4BC442FB7EE52BBB2816.e.6304"}]}
COMMAND: POST /session/bf687da40b3c98d128a44e447cb2f226/element - {"using":"xpath","value":"//table[contains(@id, \"smartFilterBar-filterItemControl_BASIC-YARD-valueHelpDialog-table-table\")]/tbody/tr[3]/td[1]/div/span"}
COMMAND: GET /session/bf687da40b3c98d128a44e447cb2f226/screenshot - {}
RESULT: {"using":"xpath","value":"//table[contains(@id, \"smartFilterBar-filterItemControl_BASIC-YARD-valueHelpDialog-table-table\")]/tbody/tr[3]/td[1]/div/span"}
COMMAND: POST /session/bf687da40b3c98d128a44e447cb2f226/elements - {"using":"xpath","value":"//table[contains(@id, \"smartFilterBar-filterItemControl_BASIC-YARD-valueHelpDialog-table-table\")]/tbody/tr[3]/td[1]/div/span"}
RESULT: {}
RESULT: {"using":"xpath","value":"//table[contains(@id, \"smartFilterBar-filterItemControl_BASIC-YARD-valueHelpDialog-table-table\")]/tbody/tr[3]/td[1]/div/span"}
COMMAND: POST /session/bf687da40b3c98d128a44e447cb2f226/execute/sync - {"script":"<script> [56 bytes]","args":[{"element-6066-11e4-a52e-4f735466cecf":"f.868DDD9EF8C55ECB5E24C8AEC1C53E95.d.81963530030E4BC442FB7EE52BBB2816.e.6305","ELEMENT":"f.868DDD9EF8C55ECB5E24C8AEC1C53E95.d.81963530030E4BC442FB7EE52BBB2816.e.6305"}]}
RESULT: {"script":"<script> [56 bytes]","args":[{"element-6066-11e4-a52e-4f735466cecf":"f.868DDD9EF8C55ECB5E24C8AEC1C53E95.d.81963530030E4BC442FB7EE52BBB2816.e.6305","ELEMENT":"f.868DDD9EF8C55ECB5E24C8AEC1C53E95.d.81963530030E4BC442FB7EE52BBB2816.e.6305"}]}
COMMAND: POST /session/bf687da40b3c98d128a44e447cb2f226/element - {"using":"xpath","value":"//div[contains(@id, \"filterItemControl_BASIC-YARD-valueHelpDialog-table-rowsel2\")]"}
COMMAND: GET /session/bf687da40b3c98d128a44e447cb2f226/screenshot - {}
RESULT: {"using":"xpath","value":"//div[contains(@id, \"filterItemControl_BASIC-YARD-valueHelpDialog-table-rowsel2\")]"}
COMMAND: POST /session/bf687da40b3c98d128a44e447cb2f226/element/f.868DDD9EF8C55ECB5E24C8AEC1C53E95.d.81963530030E4BC442FB7EE52BBB2816.e.6306/click - {}
RESULT: {}
RESULT: {}
COMMAND: GET /session/bf687da40b3c98d128a44e447cb2f226/screenshot - {}
RESULT: {}
COMMAND: POST /session/bf687da40b3c98d128a44e447cb2f226/element - {"using":"xpath","value":"(//bdi[contains(text(), \"OK\")])[1]"}
RESULT: {"using":"xpath","value":"(//bdi[contains(text(), \"OK\")])[1]"}
COMMAND: POST /session/bf687da40b3c98d128a44e447cb2f226/element/f.868DDD9EF8C55ECB5E24C8AEC1C53E95.d.81963530030E4BC442FB7EE52BBB2816.e.6308/click - {}
RESULT: {}
COMMAND: GET /session/bf687da40b3c98d128a44e447cb2f226/screenshot - {}
RESULT: {}
COMMAND: POST /session/bf687da40b3c98d128a44e447cb2f226/element - {"using":"xpath","value":"//span[@id=\"application-managepartners-display-component---masterPtm--smartTable-header-inner\"]"}
RESULT: {"using":"xpath","value":"//span[@id=\"application-managepartners-display-component---masterPtm--smartTable-header-inner\"]"}
COMMAND: POST /session/bf687da40b3c98d128a44e447cb2f226/elements - {"using":"xpath","value":"//span[@id=\"application-managepartners-display-component---masterPtm--smartTable-header-inner\"]"}
RESULT: {"using":"xpath","value":"//span[@id=\"application-managepartners-display-component---masterPtm--smartTable-header-inner\"]"}
COMMAND: POST /session/bf687da40b3c98d128a44e447cb2f226/execute/sync - {"script":"<script> [56 bytes]","args":[{"element-6066-11e4-a52e-4f735466cecf":"f.868DDD9EF8C55ECB5E24C8AEC1C53E95.d.81963530030E4BC442FB7EE52BBB2816.e.5993","ELEMENT":"f.868DDD9EF8C55ECB5E24C8AEC1C53E95.d.81963530030E4BC442FB7EE52BBB2816.e.5993"}]}
RESULT: {"script":"<script> [56 bytes]","args":[{"element-6066-11e4-a52e-4f735466cecf":"f.868DDD9EF8C55ECB5E24C8AEC1C53E95.d.81963530030E4BC442FB7EE52BBB2816.e.5993","ELEMENT":"f.868DDD9EF8C55ECB5E24C8AEC1C53E95.d.81963530030E4BC442FB7EE52BBB2816.e.5993"}]}
COMMAND: POST /session/bf687da40b3c98d128a44e447cb2f226/element - {"using":"xpath","value":"//span[contains(@title, \"Remove\")]"}
COMMAND: GET /session/bf687da40b3c98d128a44e447cb2f226/screenshot - {}
RESULT: {"using":"xpath","value":"//span[contains(@title, \"Remove\")]"}
COMMAND: POST /session/bf687da40b3c98d128a44e447cb2f226/element/f.868DDD9EF8C55ECB5E24C8AEC1C53E95.d.81963530030E4BC442FB7EE52BBB2816.e.6321/click - {}
RESULT: {}
RESULT: {}
COMMAND: GET /session/bf687da40b3c98d128a44e447cb2f226/screenshot - {}
RESULT: {}
COMMAND: POST /session/bf687da40b3c98d128a44e447cb2f226/element - {"using":"xpath","value":"//span[@id=\"application-managepartners-display-component---masterPtm--smartTable-header-inner\"]"}
RESULT: {"using":"xpath","value":"//span[@id=\"application-managepartners-display-component---masterPtm--smartTable-header-inner\"]"}
COMMAND: POST /session/bf687da40b3c98d128a44e447cb2f226/elements - {"using":"xpath","value":"//span[@id=\"application-managepartners-display-component---masterPtm--smartTable-header-inner\"]"}
RESULT: {"using":"xpath","value":"//span[@id=\"application-managepartners-display-component---masterPtm--smartTable-header-inner\"]"}
COMMAND: POST /session/bf687da40b3c98d128a44e447cb2f226/execute/sync - {"script":"<script> [56 bytes]","args":[{"element-6066-11e4-a52e-4f735466cecf":"f.868DDD9EF8C55ECB5E24C8AEC1C53E95.d.81963530030E4BC442FB7EE52BBB2816.e.5993","ELEMENT":"f.868DDD9EF8C55ECB5E24C8AEC1C53E95.d.81963530030E4BC442FB7EE52BBB2816.e.5993"}]}
RESULT: {"script":"<script> [56 bytes]","args":[{"element-6066-11e4-a52e-4f735466cecf":"f.868DDD9EF8C55ECB5E24C8AEC1C53E95.d.81963530030E4BC442FB7EE52BBB2816.e.5993","ELEMENT":"f.868DDD9EF8C55ECB5E24C8AEC1C53E95.d.81963530030E4BC442FB7EE52BBB2816.e.5993"}]}
COMMAND: POST /session/bf687da40b3c98d128a44e447cb2f226/execute/async - {"script":"<script> [1562 bytes]","args":[{"selector":{"id":"application-managepartners-display-component---masterPtm--smartFilterBar-filterItemControl_BASIC-ALL_TAGS-vhi"},"wdio_ui5_key":"applicationmanagepartners-display-component---masterPtm--smartFilterBar-filterItemControl_BASIC-ALL_TAGS-vhi"}]}
COMMAND: GET /session/bf687da40b3c98d128a44e447cb2f226/screenshot - {}
RESULT: {"script":"<script> [1562 bytes]","args":[{"selector":{"id":"application-managepartners-display-component---masterPtm--smartFilterBar-filterItemControl_BASIC-ALL_TAGS-vhi"},"wdio_ui5_key":"applicationmanagepartners-display-component---masterPtm--smartFilterBar-filterItemControl_BASIC-ALL_TAGS-vhi"}]}
RESULT: undefined
COMMAND: POST /session/bf687da40b3c98d128a44e447cb2f226/element - {"using":"xpath","value":"//*[@id=\"application-managepartners-display-component---masterPtm--smartFilterBar-filterItemControl_BASIC-ALL_TAGS-vhi\"]"}
RESULT: {}
RESULT: {"using":"xpath","value":"//*[@id=\"application-managepartners-display-component---masterPtm--smartFilterBar-filterItemControl_BASIC-ALL_TAGS-vhi\"]"}
COMMAND: POST /session/bf687da40b3c98d128a44e447cb2f226/element/f.868DDD9EF8C55ECB5E24C8AEC1C53E95.d.81963530030E4BC442FB7EE52BBB2816.e.6428/click - {}
RESULT: {}
COMMAND: GET /session/bf687da40b3c98d128a44e447cb2f226/screenshot - {}
RESULT: {}
COMMAND: POST /session/bf687da40b3c98d128a44e447cb2f226/execute/async - {"script":"<script> [1562 bytes]","args":[{"selector":{"id":"application-managepartners-display-component---masterPtm--smartFilterBar-filterItemControl_BASIC-ALL_TAGS-valueHelpDialog-smartFilterBar-btnBasicSearch","searchOpenDialogs":true,"interaction":{"idSuffix":"I"}},"wdio_ui5_key":"applicationmanagepartners-display-component---masterPtm--smartFilterBar-filterItemControl_BASIC-ALL_TAGS-valueHelpDialog-smartFilterBar-btnBasicSearch"}]}
RESULT: {"script":"<script> [1562 bytes]","args":[{"selector":{"id":"application-managepartners-display-component---masterPtm--smartFilterBar-filterItemControl_BASIC-ALL_TAGS-valueHelpDialog-smartFilterBar-btnBasicSearch","searchOpenDialogs":true,"interaction":{"idSuffix":"I"}},"wdio_ui5_key":"applicationmanagepartners-display-component---masterPtm--smartFilterBar-filterItemControl_BASIC-ALL_TAGS-valueHelpDialog-smartFilterBar-btnBasicSearch"}]}
RESULT: undefined
COMMAND: POST /session/bf687da40b3c98d128a44e447cb2f226/execute/async - {"script":"<script> [776 bytes]","args":[{"enterText":"test-tag-1","selector":{"id":"application-managepartners-display-component---masterPtm--smartFilterBar-filterItemControl_BASIC-ALL_TAGS-valueHelpDialog-smartFilterBar-btnBasicSearch","searchOpenDialogs":true,"interaction":{"idSuffix":"I"}},"clearTextFirst":true,"interactionType":"ENTER_TEXT"}]}
RESULT: {"script":"<script> [776 bytes]","args":[{"enterText":"test-tag-1","selector":{"id":"application-managepartners-display-component---masterPtm--smartFilterBar-filterItemControl_BASIC-ALL_TAGS-valueHelpDialog-smartFilterBar-btnBasicSearch","searchOpenDialogs":true,"interaction":{"idSuffix":"I"}},"clearTextFirst":true,"interactionType":"ENTER_TEXT"}]}
COMMAND: POST /session/bf687da40b3c98d128a44e447cb2f226/actions - {"actions":[{"id":"action20","type":"key","parameters":{},"actions":[{"type":"keyDown","value":"î€‡"},{"type":"pause","duration":10},{"type":"keyUp","value":"î€‡"}]}]}
RESULT: {"actions":[{"id":"action20","type":"key","parameters":{},"actions":[{"type":"keyDown","value":"î€‡"},{"type":"pause","duration":10},{"type":"keyUp","value":"î€‡"}]}]}
COMMAND: POST /session/bf687da40b3c98d128a44e447cb2f226/elements - {"using":"xpath","value":"//table[contains(@id, \"smartFilterBar-filterItemControl_BASIC-ALL_TAGS-valueHelpDialog-table-table\")]/tbody/tr"}
COMMAND: GET /session/bf687da40b3c98d128a44e447cb2f226/screenshot - {}
RESULT: {"using":"xpath","value":"//table[contains(@id, \"smartFilterBar-filterItemControl_BASIC-ALL_TAGS-valueHelpDialog-table-table\")]/tbody/tr"}
COMMAND: POST /session/bf687da40b3c98d128a44e447cb2f226/element - {"using":"xpath","value":"//table[contains(@id, \"smartFilterBar-filterItemControl_BASIC-ALL_TAGS-valueHelpDialog-table-table\")]/tbody/tr[1]/td[1]/div/span"}
RESULT: {}
RESULT: {"using":"xpath","value":"//table[contains(@id, \"smartFilterBar-filterItemControl_BASIC-ALL_TAGS-valueHelpDialog-table-table\")]/tbody/tr[1]/td[1]/div/span"}
COMMAND: POST /session/bf687da40b3c98d128a44e447cb2f226/elements - {"using":"xpath","value":"//table[contains(@id, \"smartFilterBar-filterItemControl_BASIC-ALL_TAGS-valueHelpDialog-table-table\")]/tbody/tr[1]/td[1]/div/span"}
RESULT: {"using":"xpath","value":"//table[contains(@id, \"smartFilterBar-filterItemControl_BASIC-ALL_TAGS-valueHelpDialog-table-table\")]/tbody/tr[1]/td[1]/div/span"}
COMMAND: POST /session/bf687da40b3c98d128a44e447cb2f226/execute/sync - {"script":"<script> [56 bytes]","args":[{"element-6066-11e4-a52e-4f735466cecf":"f.868DDD9EF8C55ECB5E24C8AEC1C53E95.d.81963530030E4BC442FB7EE52BBB2816.e.6448","ELEMENT":"f.868DDD9EF8C55ECB5E24C8AEC1C53E95.d.81963530030E4BC442FB7EE52BBB2816.e.6448"}]}
RESULT: {"script":"<script> [56 bytes]","args":[{"element-6066-11e4-a52e-4f735466cecf":"f.868DDD9EF8C55ECB5E24C8AEC1C53E95.d.81963530030E4BC442FB7EE52BBB2816.e.6448","ELEMENT":"f.868DDD9EF8C55ECB5E24C8AEC1C53E95.d.81963530030E4BC442FB7EE52BBB2816.e.6448"}]}
COMMAND: POST /session/bf687da40b3c98d128a44e447cb2f226/element - {"using":"xpath","value":"//div[contains(@id, \"filterItemControl_BASIC-ALL_TAGS-valueHelpDialog-table-rowsel0\")]"}
COMMAND: GET /session/bf687da40b3c98d128a44e447cb2f226/screenshot - {}
RESULT: {"using":"xpath","value":"//div[contains(@id, \"filterItemControl_BASIC-ALL_TAGS-valueHelpDialog-table-rowsel0\")]"}
COMMAND: POST /session/bf687da40b3c98d128a44e447cb2f226/element/f.868DDD9EF8C55ECB5E24C8AEC1C53E95.d.81963530030E4BC442FB7EE52BBB2816.e.6449/click - {}
RESULT: {}
RESULT: {}
COMMAND: GET /session/bf687da40b3c98d128a44e447cb2f226/screenshot - {}
RESULT: {}
COMMAND: POST /session/bf687da40b3c98d128a44e447cb2f226/element - {"using":"xpath","value":"(//bdi[contains(text(), \"OK\")])[1]"}
RESULT: {"using":"xpath","value":"(//bdi[contains(text(), \"OK\")])[1]"}
COMMAND: POST /session/bf687da40b3c98d128a44e447cb2f226/element/f.868DDD9EF8C55ECB5E24C8AEC1C53E95.d.81963530030E4BC442FB7EE52BBB2816.e.6451/click - {}
RESULT: {}
COMMAND: GET /session/bf687da40b3c98d128a44e447cb2f226/screenshot - {}
RESULT: {}
COMMAND: POST /session/bf687da40b3c98d128a44e447cb2f226/element - {"using":"xpath","value":"//span[@id=\"application-managepartners-display-component---masterPtm--smartTable-header-inner\"]"}
RESULT: {"using":"xpath","value":"//span[@id=\"application-managepartners-display-component---masterPtm--smartTable-header-inner\"]"}
COMMAND: POST /session/bf687da40b3c98d128a44e447cb2f226/elements - {"using":"xpath","value":"//span[@id=\"application-managepartners-display-component---masterPtm--smartTable-header-inner\"]"}
RESULT: {"using":"xpath","value":"//span[@id=\"application-managepartners-display-component---masterPtm--smartTable-header-inner\"]"}
COMMAND: POST /session/bf687da40b3c98d128a44e447cb2f226/execute/sync - {"script":"<script> [56 bytes]","args":[{"element-6066-11e4-a52e-4f735466cecf":"f.868DDD9EF8C55ECB5E24C8AEC1C53E95.d.81963530030E4BC442FB7EE52BBB2816.e.5993","ELEMENT":"f.868DDD9EF8C55ECB5E24C8AEC1C53E95.d.81963530030E4BC442FB7EE52BBB2816.e.5993"}]}
RESULT: {"script":"<script> [56 bytes]","args":[{"element-6066-11e4-a52e-4f735466cecf":"f.868DDD9EF8C55ECB5E24C8AEC1C53E95.d.81963530030E4BC442FB7EE52BBB2816.e.5993","ELEMENT":"f.868DDD9EF8C55ECB5E24C8AEC1C53E95.d.81963530030E4BC442FB7EE52BBB2816.e.5993"}]}
COMMAND: POST /session/bf687da40b3c98d128a44e447cb2f226/element - {"using":"xpath","value":"//span[contains(@title, \"Remove\")]"}
COMMAND: GET /session/bf687da40b3c98d128a44e447cb2f226/screenshot - {}
RESULT: {"using":"xpath","value":"//span[contains(@title, \"Remove\")]"}
COMMAND: POST /session/bf687da40b3c98d128a44e447cb2f226/element/f.868DDD9EF8C55ECB5E24C8AEC1C53E95.d.81963530030E4BC442FB7EE52BBB2816.e.6473/click - {}
RESULT: {}
RESULT: {}
COMMAND: GET /session/bf687da40b3c98d128a44e447cb2f226/screenshot - {}
RESULT: {}
COMMAND: POST /session/bf687da40b3c98d128a44e447cb2f226/execute/async - {"script":"<script> [1562 bytes]","args":[{"selector":{"id":"application-managepartners-display-component---masterPtm--partnerTypes-arrow"},"wdio_ui5_key":"applicationmanagepartners-display-component---masterPtm--partnerTypes-arrow"}]}
RESULT: {"script":"<script> [1562 bytes]","args":[{"selector":{"id":"application-managepartners-display-component---masterPtm--partnerTypes-arrow"},"wdio_ui5_key":"applicationmanagepartners-display-component---masterPtm--partnerTypes-arrow"}]}
RESULT: undefined
COMMAND: POST /session/bf687da40b3c98d128a44e447cb2f226/element - {"using":"xpath","value":"//*[@id=\"application-managepartners-display-component---masterPtm--partnerTypes-arrow\"]"}
RESULT: {"using":"xpath","value":"//*[@id=\"application-managepartners-display-component---masterPtm--partnerTypes-arrow\"]"}
COMMAND: POST /session/bf687da40b3c98d128a44e447cb2f226/element/f.868DDD9EF8C55ECB5E24C8AEC1C53E95.d.81963530030E4BC442FB7EE52BBB2816.e.6579/click - {}
RESULT: {}
COMMAND: GET /session/bf687da40b3c98d128a44e447cb2f226/screenshot - {}
RESULT: {}
COMMAND: POST /session/bf687da40b3c98d128a44e447cb2f226/element - {"using":"xpath","value":"//li[.//span[text()=\"External partner\"]]//div[contains(@class,\"sapMCbBg\")]"}
RESULT: {"using":"xpath","value":"//li[.//span[text()=\"External partner\"]]//div[contains(@class,\"sapMCbBg\")]"}
COMMAND: POST /session/bf687da40b3c98d128a44e447cb2f226/element/f.868DDD9EF8C55ECB5E24C8AEC1C53E95.d.81963530030E4BC442FB7EE52BBB2816.e.6582/click - {}
RESULT: {}
COMMAND: GET /session/bf687da40b3c98d128a44e447cb2f226/screenshot - {}
RESULT: {}
COMMAND: POST /session/bf687da40b3c98d128a44e447cb2f226/element - {"using":"xpath","value":"//span[@id=\"application-managepartners-display-component---masterPtm--smartTable-header-inner\"]"}
RESULT: {"using":"xpath","value":"//span[@id=\"application-managepartners-display-component---masterPtm--smartTable-header-inner\"]"}
COMMAND: POST /session/bf687da40b3c98d128a44e447cb2f226/elements - {"using":"xpath","value":"//span[@id=\"application-managepartners-display-component---masterPtm--smartTable-header-inner\"]"}
RESULT: {"using":"xpath","value":"//span[@id=\"application-managepartners-display-component---masterPtm--smartTable-header-inner\"]"}
COMMAND: POST /session/bf687da40b3c98d128a44e447cb2f226/execute/sync - {"script":"<script> [56 bytes]","args":[{"element-6066-11e4-a52e-4f735466cecf":"f.868DDD9EF8C55ECB5E24C8AEC1C53E95.d.81963530030E4BC442FB7EE52BBB2816.e.5993","ELEMENT":"f.868DDD9EF8C55ECB5E24C8AEC1C53E95.d.81963530030E4BC442FB7EE52BBB2816.e.5993"}]}
RESULT: {"script":"<script> [56 bytes]","args":[{"element-6066-11e4-a52e-4f735466cecf":"f.868DDD9EF8C55ECB5E24C8AEC1C53E95.d.81963530030E4BC442FB7EE52BBB2816.e.5993","ELEMENT":"f.868DDD9EF8C55ECB5E24C8AEC1C53E95.d.81963530030E4BC442FB7EE52BBB2816.e.5993"}]}
COMMAND: POST /session/bf687da40b3c98d128a44e447cb2f226/element - {"using":"xpath","value":"//span[contains(@title, \"Remove\")]"}
COMMAND: GET /session/bf687da40b3c98d128a44e447cb2f226/screenshot - {}
RESULT: {"using":"xpath","value":"//span[contains(@title, \"Remove\")]"}
COMMAND: POST /session/bf687da40b3c98d128a44e447cb2f226/element/f.868DDD9EF8C55ECB5E24C8AEC1C53E95.d.81963530030E4BC442FB7EE52BBB2816.e.6669/click - {}
RESULT: {}
RESULT: {}
COMMAND: GET /session/bf687da40b3c98d128a44e447cb2f226/screenshot - {}
RESULT: {}
COMMAND: POST /session/bf687da40b3c98d128a44e447cb2f226/execute/async - {"script":"<script> [1562 bytes]","args":[{"selector":{"id":"application-managepartners-display-component---masterPtm--smartFilterBar-btnFilters","interaction":{"idSuffix":"BDI-content"}},"wdio_ui5_key":"applicationmanagepartners-display-component---masterPtm--smartFilterBar-btnFilters"}]}
RESULT: {"script":"<script> [1562 bytes]","args":[{"selector":{"id":"application-managepartners-display-component---masterPtm--smartFilterBar-btnFilters","interaction":{"idSuffix":"BDI-content"}},"wdio_ui5_key":"applicationmanagepartners-display-component---masterPtm--smartFilterBar-btnFilters"}]}
RESULT: undefined
COMMAND: POST /session/bf687da40b3c98d128a44e447cb2f226/element - {"using":"xpath","value":"//*[@id=\"application-managepartners-display-component---masterPtm--smartFilterBar-btnFilters\"]"}
RESULT: {"using":"xpath","value":"//*[@id=\"application-managepartners-display-component---masterPtm--smartFilterBar-btnFilters\"]"}
COMMAND: POST /session/bf687da40b3c98d128a44e447cb2f226/element/f.868DDD9EF8C55ECB5E24C8AEC1C53E95.d.81963530030E4BC442FB7EE52BBB2816.e.5835/click - {}
RESULT: {}
COMMAND: GET /session/bf687da40b3c98d128a44e447cb2f226/screenshot - {}
RESULT: {}
COMMAND: POST /session/bf687da40b3c98d128a44e447cb2f226/elements - {"using":"xpath","value":"//table[contains(@id, \"listView-innerSelectionPanelTable-listUl\")]/tbody/tr"}
RESULT: {"using":"xpath","value":"//table[contains(@id, \"listView-innerSelectionPanelTable-listUl\")]/tbody/tr"}
COMMAND: POST /session/bf687da40b3c98d128a44e447cb2f226/element - {"using":"xpath","value":"//table[contains(@id, \"listView-innerSelectionPanelTable-listUl\")]/tbody/tr[2]/td[2]/div/div"}
RESULT: {"using":"xpath","value":"//table[contains(@id, \"listView-innerSelectionPanelTable-listUl\")]/tbody/tr[2]/td[2]/div/div"}
COMMAND: POST /session/bf687da40b3c98d128a44e447cb2f226/element - {"using":"xpath","value":"//table[contains(@id, \"listView-innerSelectionPanelTable-listUl\")]/tbody/tr[2]/td[2]/div"}
RESULT: {"using":"xpath","value":"//table[contains(@id, \"listView-innerSelectionPanelTable-listUl\")]/tbody/tr[2]/td[2]/div"}
COMMAND: POST /session/bf687da40b3c98d128a44e447cb2f226/element - {"using":"xpath","value":"//table[contains(@id, \"listView-innerSelectionPanelTable-listUl\")]/tbody/tr[2]/td[3]/div/div/span/span[1]/bdi"}
RESULT: {"using":"xpath","value":"//table[contains(@id, \"listView-innerSelectionPanelTable-listUl\")]/tbody/tr[2]/td[3]/div/div/span/span[1]/bdi"}
COMMAND: POST /session/bf687da40b3c98d128a44e447cb2f226/execute/sync - {"script":"<script> [56 bytes]","args":[{"element-6066-11e4-a52e-4f735466cecf":"f.868DDD9EF8C55ECB5E24C8AEC1C53E95.d.81963530030E4BC442FB7EE52BBB2816.e.6784","ELEMENT":"f.868DDD9EF8C55ECB5E24C8AEC1C53E95.d.81963530030E4BC442FB7EE52BBB2816.e.6784"}]}
RESULT: {"script":"<script> [56 bytes]","args":[{"element-6066-11e4-a52e-4f735466cecf":"f.868DDD9EF8C55ECB5E24C8AEC1C53E95.d.81963530030E4BC442FB7EE52BBB2816.e.6784","ELEMENT":"f.868DDD9EF8C55ECB5E24C8AEC1C53E95.d.81963530030E4BC442FB7EE52BBB2816.e.6784"}]}
COMMAND: GET /session/bf687da40b3c98d128a44e447cb2f226/element/f.868DDD9EF8C55ECB5E24C8AEC1C53E95.d.81963530030E4BC442FB7EE52BBB2816.e.6783/attribute/aria-checked - {}
COMMAND: GET /session/bf687da40b3c98d128a44e447cb2f226/screenshot - {}
RESULT: {}
COMMAND: POST /session/bf687da40b3c98d128a44e447cb2f226/element - {"using":"xpath","value":"//table[contains(@id, \"listView-innerSelectionPanelTable-listUl\")]/tbody/tr[3]/td[2]/div/div"}
RESULT: {}
RESULT: {"using":"xpath","value":"//table[contains(@id, \"listView-innerSelectionPanelTable-listUl\")]/tbody/tr[3]/td[2]/div/div"}
COMMAND: POST /session/bf687da40b3c98d128a44e447cb2f226/element - {"using":"xpath","value":"//table[contains(@id, \"listView-innerSelectionPanelTable-listUl\")]/tbody/tr[3]/td[2]/div"}
RESULT: {"using":"xpath","value":"//table[contains(@id, \"listView-innerSelectionPanelTable-listUl\")]/tbody/tr[3]/td[2]/div"}
COMMAND: POST /session/bf687da40b3c98d128a44e447cb2f226/element - {"using":"xpath","value":"//table[contains(@id, \"listView-innerSelectionPanelTable-listUl\")]/tbody/tr[3]/td[3]/div/div/span/span[1]/bdi"}
RESULT: {"using":"xpath","value":"//table[contains(@id, \"listView-innerSelectionPanelTable-listUl\")]/tbody/tr[3]/td[3]/div/div/span/span[1]/bdi"}
COMMAND: POST /session/bf687da40b3c98d128a44e447cb2f226/execute/sync - {"script":"<script> [56 bytes]","args":[{"element-6066-11e4-a52e-4f735466cecf":"f.868DDD9EF8C55ECB5E24C8AEC1C53E95.d.81963530030E4BC442FB7EE52BBB2816.e.6787","ELEMENT":"f.868DDD9EF8C55ECB5E24C8AEC1C53E95.d.81963530030E4BC442FB7EE52BBB2816.e.6787"}]}
RESULT: {"script":"<script> [56 bytes]","args":[{"element-6066-11e4-a52e-4f735466cecf":"f.868DDD9EF8C55ECB5E24C8AEC1C53E95.d.81963530030E4BC442FB7EE52BBB2816.e.6787","ELEMENT":"f.868DDD9EF8C55ECB5E24C8AEC1C53E95.d.81963530030E4BC442FB7EE52BBB2816.e.6787"}]}
COMMAND: GET /session/bf687da40b3c98d128a44e447cb2f226/element/f.868DDD9EF8C55ECB5E24C8AEC1C53E95.d.81963530030E4BC442FB7EE52BBB2816.e.6786/attribute/aria-checked - {}
COMMAND: GET /session/bf687da40b3c98d128a44e447cb2f226/screenshot - {}
RESULT: {}
COMMAND: POST /session/bf687da40b3c98d128a44e447cb2f226/element - {"using":"xpath","value":"//table[contains(@id, \"listView-innerSelectionPanelTable-listUl\")]/tbody/tr[4]/td[2]/div/div"}
RESULT: {}
RESULT: {"using":"xpath","value":"//table[contains(@id, \"listView-innerSelectionPanelTable-listUl\")]/tbody/tr[4]/td[2]/div/div"}
COMMAND: POST /session/bf687da40b3c98d128a44e447cb2f226/element - {"using":"xpath","value":"//table[contains(@id, \"listView-innerSelectionPanelTable-listUl\")]/tbody/tr[4]/td[2]/div"}
RESULT: {"using":"xpath","value":"//table[contains(@id, \"listView-innerSelectionPanelTable-listUl\")]/tbody/tr[4]/td[2]/div"}
COMMAND: POST /session/bf687da40b3c98d128a44e447cb2f226/element - {"using":"xpath","value":"//table[contains(@id, \"listView-innerSelectionPanelTable-listUl\")]/tbody/tr[4]/td[3]/div/div/span/span[1]/bdi"}
RESULT: {"using":"xpath","value":"//table[contains(@id, \"listView-innerSelectionPanelTable-listUl\")]/tbody/tr[4]/td[3]/div/div/span/span[1]/bdi"}
COMMAND: POST /session/bf687da40b3c98d128a44e447cb2f226/execute/sync - {"script":"<script> [56 bytes]","args":[{"element-6066-11e4-a52e-4f735466cecf":"f.868DDD9EF8C55ECB5E24C8AEC1C53E95.d.81963530030E4BC442FB7EE52BBB2816.e.6790","ELEMENT":"f.868DDD9EF8C55ECB5E24C8AEC1C53E95.d.81963530030E4BC442FB7EE52BBB2816.e.6790"}]}
RESULT: {"script":"<script> [56 bytes]","args":[{"element-6066-11e4-a52e-4f735466cecf":"f.868DDD9EF8C55ECB5E24C8AEC1C53E95.d.81963530030E4BC442FB7EE52BBB2816.e.6790","ELEMENT":"f.868DDD9EF8C55ECB5E24C8AEC1C53E95.d.81963530030E4BC442FB7EE52BBB2816.e.6790"}]}
COMMAND: GET /session/bf687da40b3c98d128a44e447cb2f226/element/f.868DDD9EF8C55ECB5E24C8AEC1C53E95.d.81963530030E4BC442FB7EE52BBB2816.e.6789/attribute/aria-checked - {}
COMMAND: GET /session/bf687da40b3c98d128a44e447cb2f226/screenshot - {}
RESULT: {}
COMMAND: POST /session/bf687da40b3c98d128a44e447cb2f226/element - {"using":"xpath","value":"//table[contains(@id, \"listView-innerSelectionPanelTable-listUl\")]/tbody/tr[5]/td[2]/div/div"}
RESULT: {}
RESULT: {"using":"xpath","value":"//table[contains(@id, \"listView-innerSelectionPanelTable-listUl\")]/tbody/tr[5]/td[2]/div/div"}
COMMAND: POST /session/bf687da40b3c98d128a44e447cb2f226/element - {"using":"xpath","value":"//table[contains(@id, \"listView-innerSelectionPanelTable-listUl\")]/tbody/tr[5]/td[2]/div"}
RESULT: {"using":"xpath","value":"//table[contains(@id, \"listView-innerSelectionPanelTable-listUl\")]/tbody/tr[5]/td[2]/div"}
COMMAND: POST /session/bf687da40b3c98d128a44e447cb2f226/element - {"using":"xpath","value":"//table[contains(@id, \"listView-innerSelectionPanelTable-listUl\")]/tbody/tr[5]/td[3]/div/div/span/span[1]/bdi"}
RESULT: {"using":"xpath","value":"//table[contains(@id, \"listView-innerSelectionPanelTable-listUl\")]/tbody/tr[5]/td[3]/div/div/span/span[1]/bdi"}
COMMAND: POST /session/bf687da40b3c98d128a44e447cb2f226/execute/sync - {"script":"<script> [56 bytes]","args":[{"element-6066-11e4-a52e-4f735466cecf":"f.868DDD9EF8C55ECB5E24C8AEC1C53E95.d.81963530030E4BC442FB7EE52BBB2816.e.6793","ELEMENT":"f.868DDD9EF8C55ECB5E24C8AEC1C53E95.d.81963530030E4BC442FB7EE52BBB2816.e.6793"}]}
RESULT: {"script":"<script> [56 bytes]","args":[{"element-6066-11e4-a52e-4f735466cecf":"f.868DDD9EF8C55ECB5E24C8AEC1C53E95.d.81963530030E4BC442FB7EE52BBB2816.e.6793","ELEMENT":"f.868DDD9EF8C55ECB5E24C8AEC1C53E95.d.81963530030E4BC442FB7EE52BBB2816.e.6793"}]}
COMMAND: GET /session/bf687da40b3c98d128a44e447cb2f226/element/f.868DDD9EF8C55ECB5E24C8AEC1C53E95.d.81963530030E4BC442FB7EE52BBB2816.e.6792/attribute/aria-checked - {}
COMMAND: GET /session/bf687da40b3c98d128a44e447cb2f226/screenshot - {}
RESULT: {}
COMMAND: POST /session/bf687da40b3c98d128a44e447cb2f226/element - {"using":"xpath","value":"//table[contains(@id, \"listView-innerSelectionPanelTable-listUl\")]/tbody/tr[6]/td[2]/div/div"}
RESULT: {}
RESULT: {"using":"xpath","value":"//table[contains(@id, \"listView-innerSelectionPanelTable-listUl\")]/tbody/tr[6]/td[2]/div/div"}
COMMAND: POST /session/bf687da40b3c98d128a44e447cb2f226/element - {"using":"xpath","value":"//table[contains(@id, \"listView-innerSelectionPanelTable-listUl\")]/tbody/tr[6]/td[2]/div"}
RESULT: {"using":"xpath","value":"//table[contains(@id, \"listView-innerSelectionPanelTable-listUl\")]/tbody/tr[6]/td[2]/div"}
COMMAND: POST /session/bf687da40b3c98d128a44e447cb2f226/element - {"using":"xpath","value":"//table[contains(@id, \"listView-innerSelectionPanelTable-listUl\")]/tbody/tr[6]/td[3]/div/div/span/span[1]/bdi"}
RESULT: {"using":"xpath","value":"//table[contains(@id, \"listView-innerSelectionPanelTable-listUl\")]/tbody/tr[6]/td[3]/div/div/span/span[1]/bdi"}
COMMAND: POST /session/bf687da40b3c98d128a44e447cb2f226/execute/sync - {"script":"<script> [56 bytes]","args":[{"element-6066-11e4-a52e-4f735466cecf":"f.868DDD9EF8C55ECB5E24C8AEC1C53E95.d.81963530030E4BC442FB7EE52BBB2816.e.6796","ELEMENT":"f.868DDD9EF8C55ECB5E24C8AEC1C53E95.d.81963530030E4BC442FB7EE52BBB2816.e.6796"}]}
RESULT: {"script":"<script> [56 bytes]","args":[{"element-6066-11e4-a52e-4f735466cecf":"f.868DDD9EF8C55ECB5E24C8AEC1C53E95.d.81963530030E4BC442FB7EE52BBB2816.e.6796","ELEMENT":"f.868DDD9EF8C55ECB5E24C8AEC1C53E95.d.81963530030E4BC442FB7EE52BBB2816.e.6796"}]}
COMMAND: GET /session/bf687da40b3c98d128a44e447cb2f226/element/f.868DDD9EF8C55ECB5E24C8AEC1C53E95.d.81963530030E4BC442FB7EE52BBB2816.e.6795/attribute/aria-checked - {}
COMMAND: GET /session/bf687da40b3c98d128a44e447cb2f226/screenshot - {}
RESULT: {}
COMMAND: POST /session/bf687da40b3c98d128a44e447cb2f226/element - {"using":"xpath","value":"//table[contains(@id, \"listView-innerSelectionPanelTable-listUl\")]/tbody/tr[7]/td[2]/div/div"}
RESULT: {}
RESULT: {"using":"xpath","value":"//table[contains(@id, \"listView-innerSelectionPanelTable-listUl\")]/tbody/tr[7]/td[2]/div/div"}
COMMAND: POST /session/bf687da40b3c98d128a44e447cb2f226/element - {"using":"xpath","value":"//table[contains(@id, \"listView-innerSelectionPanelTable-listUl\")]/tbody/tr[7]/td[2]/div"}
RESULT: {"using":"xpath","value":"//table[contains(@id, \"listView-innerSelectionPanelTable-listUl\")]/tbody/tr[7]/td[2]/div"}
COMMAND: POST /session/bf687da40b3c98d128a44e447cb2f226/element - {"using":"xpath","value":"//table[contains(@id, \"listView-innerSelectionPanelTable-listUl\")]/tbody/tr[7]/td[3]/div/div/span/span[1]/bdi"}
RESULT: {"using":"xpath","value":"//table[contains(@id, \"listView-innerSelectionPanelTable-listUl\")]/tbody/tr[7]/td[3]/div/div/span/span[1]/bdi"}
COMMAND: POST /session/bf687da40b3c98d128a44e447cb2f226/execute/sync - {"script":"<script> [56 bytes]","args":[{"element-6066-11e4-a52e-4f735466cecf":"f.868DDD9EF8C55ECB5E24C8AEC1C53E95.d.81963530030E4BC442FB7EE52BBB2816.e.6799","ELEMENT":"f.868DDD9EF8C55ECB5E24C8AEC1C53E95.d.81963530030E4BC442FB7EE52BBB2816.e.6799"}]}
RESULT: {"script":"<script> [56 bytes]","args":[{"element-6066-11e4-a52e-4f735466cecf":"f.868DDD9EF8C55ECB5E24C8AEC1C53E95.d.81963530030E4BC442FB7EE52BBB2816.e.6799","ELEMENT":"f.868DDD9EF8C55ECB5E24C8AEC1C53E95.d.81963530030E4BC442FB7EE52BBB2816.e.6799"}]}
COMMAND: GET /session/bf687da40b3c98d128a44e447cb2f226/element/f.868DDD9EF8C55ECB5E24C8AEC1C53E95.d.81963530030E4BC442FB7EE52BBB2816.e.6798/attribute/aria-checked - {}
COMMAND: GET /session/bf687da40b3c98d128a44e447cb2f226/screenshot - {}
RESULT: {}
COMMAND: POST /session/bf687da40b3c98d128a44e447cb2f226/element - {"using":"xpath","value":"//table[contains(@id, \"listView-innerSelectionPanelTable-listUl\")]/tbody/tr[8]/td[2]/div/div"}
RESULT: {}
RESULT: {"using":"xpath","value":"//table[contains(@id, \"listView-innerSelectionPanelTable-listUl\")]/tbody/tr[8]/td[2]/div/div"}
COMMAND: POST /session/bf687da40b3c98d128a44e447cb2f226/element - {"using":"xpath","value":"//table[contains(@id, \"listView-innerSelectionPanelTable-listUl\")]/tbody/tr[8]/td[2]/div"}
RESULT: {"using":"xpath","value":"//table[contains(@id, \"listView-innerSelectionPanelTable-listUl\")]/tbody/tr[8]/td[2]/div"}
COMMAND: POST /session/bf687da40b3c98d128a44e447cb2f226/element - {"using":"xpath","value":"//table[contains(@id, \"listView-innerSelectionPanelTable-listUl\")]/tbody/tr[8]/td[3]/div/div/span/span[1]/bdi"}
RESULT: {"using":"xpath","value":"//table[contains(@id, \"listView-innerSelectionPanelTable-listUl\")]/tbody/tr[8]/td[3]/div/div/span/span[1]/bdi"}
COMMAND: POST /session/bf687da40b3c98d128a44e447cb2f226/execute/sync - {"script":"<script> [56 bytes]","args":[{"element-6066-11e4-a52e-4f735466cecf":"f.868DDD9EF8C55ECB5E24C8AEC1C53E95.d.81963530030E4BC442FB7EE52BBB2816.e.6802","ELEMENT":"f.868DDD9EF8C55ECB5E24C8AEC1C53E95.d.81963530030E4BC442FB7EE52BBB2816.e.6802"}]}
RESULT: {"script":"<script> [56 bytes]","args":[{"element-6066-11e4-a52e-4f735466cecf":"f.868DDD9EF8C55ECB5E24C8AEC1C53E95.d.81963530030E4BC442FB7EE52BBB2816.e.6802","ELEMENT":"f.868DDD9EF8C55ECB5E24C8AEC1C53E95.d.81963530030E4BC442FB7EE52BBB2816.e.6802"}]}
COMMAND: GET /session/bf687da40b3c98d128a44e447cb2f226/element/f.868DDD9EF8C55ECB5E24C8AEC1C53E95.d.81963530030E4BC442FB7EE52BBB2816.e.6801/attribute/aria-checked - {}
COMMAND: GET /session/bf687da40b3c98d128a44e447cb2f226/screenshot - {}
RESULT: {}
COMMAND: POST /session/bf687da40b3c98d128a44e447cb2f226/element - {"using":"xpath","value":"//table[contains(@id, \"listView-innerSelectionPanelTable-listUl\")]/tbody/tr[9]/td[2]/div/div"}
RESULT: {}
RESULT: {"using":"xpath","value":"//table[contains(@id, \"listView-innerSelectionPanelTable-listUl\")]/tbody/tr[9]/td[2]/div/div"}
COMMAND: POST /session/bf687da40b3c98d128a44e447cb2f226/element - {"using":"xpath","value":"//table[contains(@id, \"listView-innerSelectionPanelTable-listUl\")]/tbody/tr[9]/td[2]/div"}
RESULT: {"using":"xpath","value":"//table[contains(@id, \"listView-innerSelectionPanelTable-listUl\")]/tbody/tr[9]/td[2]/div"}
COMMAND: POST /session/bf687da40b3c98d128a44e447cb2f226/element - {"using":"xpath","value":"//table[contains(@id, \"listView-innerSelectionPanelTable-listUl\")]/tbody/tr[9]/td[3]/div/div/span/span[1]/bdi"}
RESULT: {"using":"xpath","value":"//table[contains(@id, \"listView-innerSelectionPanelTable-listUl\")]/tbody/tr[9]/td[3]/div/div/span/span[1]/bdi"}
COMMAND: POST /session/bf687da40b3c98d128a44e447cb2f226/execute/sync - {"script":"<script> [56 bytes]","args":[{"element-6066-11e4-a52e-4f735466cecf":"f.868DDD9EF8C55ECB5E24C8AEC1C53E95.d.81963530030E4BC442FB7EE52BBB2816.e.6805","ELEMENT":"f.868DDD9EF8C55ECB5E24C8AEC1C53E95.d.81963530030E4BC442FB7EE52BBB2816.e.6805"}]}
RESULT: {"script":"<script> [56 bytes]","args":[{"element-6066-11e4-a52e-4f735466cecf":"f.868DDD9EF8C55ECB5E24C8AEC1C53E95.d.81963530030E4BC442FB7EE52BBB2816.e.6805","ELEMENT":"f.868DDD9EF8C55ECB5E24C8AEC1C53E95.d.81963530030E4BC442FB7EE52BBB2816.e.6805"}]}
COMMAND: GET /session/bf687da40b3c98d128a44e447cb2f226/element/f.868DDD9EF8C55ECB5E24C8AEC1C53E95.d.81963530030E4BC442FB7EE52BBB2816.e.6804/attribute/aria-checked - {}
COMMAND: GET /session/bf687da40b3c98d128a44e447cb2f226/screenshot - {}
RESULT: {}
COMMAND: POST /session/bf687da40b3c98d128a44e447cb2f226/element - {"using":"xpath","value":"//table[contains(@id, \"listView-innerSelectionPanelTable-listUl\")]/tbody/tr[10]/td[2]/div/div"}
RESULT: {}
RESULT: {"using":"xpath","value":"//table[contains(@id, \"listView-innerSelectionPanelTable-listUl\")]/tbody/tr[10]/td[2]/div/div"}
COMMAND: POST /session/bf687da40b3c98d128a44e447cb2f226/element - {"using":"xpath","value":"//table[contains(@id, \"listView-innerSelectionPanelTable-listUl\")]/tbody/tr[10]/td[2]/div"}
RESULT: {"using":"xpath","value":"//table[contains(@id, \"listView-innerSelectionPanelTable-listUl\")]/tbody/tr[10]/td[2]/div"}
COMMAND: POST /session/bf687da40b3c98d128a44e447cb2f226/element - {"using":"xpath","value":"//table[contains(@id, \"listView-innerSelectionPanelTable-listUl\")]/tbody/tr[10]/td[3]/div/div/span/span[1]/bdi"}
RESULT: {"using":"xpath","value":"//table[contains(@id, \"listView-innerSelectionPanelTable-listUl\")]/tbody/tr[10]/td[3]/div/div/span/span[1]/bdi"}
COMMAND: POST /session/bf687da40b3c98d128a44e447cb2f226/execute/sync - {"script":"<script> [56 bytes]","args":[{"element-6066-11e4-a52e-4f735466cecf":"f.868DDD9EF8C55ECB5E24C8AEC1C53E95.d.81963530030E4BC442FB7EE52BBB2816.e.6808","ELEMENT":"f.868DDD9EF8C55ECB5E24C8AEC1C53E95.d.81963530030E4BC442FB7EE52BBB2816.e.6808"}]}
RESULT: {"script":"<script> [56 bytes]","args":[{"element-6066-11e4-a52e-4f735466cecf":"f.868DDD9EF8C55ECB5E24C8AEC1C53E95.d.81963530030E4BC442FB7EE52BBB2816.e.6808","ELEMENT":"f.868DDD9EF8C55ECB5E24C8AEC1C53E95.d.81963530030E4BC442FB7EE52BBB2816.e.6808"}]}
COMMAND: GET /session/bf687da40b3c98d128a44e447cb2f226/element/f.868DDD9EF8C55ECB5E24C8AEC1C53E95.d.81963530030E4BC442FB7EE52BBB2816.e.6807/attribute/aria-checked - {}
COMMAND: GET /session/bf687da40b3c98d128a44e447cb2f226/screenshot - {}
RESULT: {}
COMMAND: POST /session/bf687da40b3c98d128a44e447cb2f226/element - {"using":"xpath","value":"//table[contains(@id, \"listView-innerSelectionPanelTable-listUl\")]/tbody/tr[11]/td[2]/div/div"}
RESULT: {}
RESULT: {"using":"xpath","value":"//table[contains(@id, \"listView-innerSelectionPanelTable-listUl\")]/tbody/tr[11]/td[2]/div/div"}
COMMAND: POST /session/bf687da40b3c98d128a44e447cb2f226/element - {"using":"xpath","value":"//table[contains(@id, \"listView-innerSelectionPanelTable-listUl\")]/tbody/tr[11]/td[2]/div"}
RESULT: {"using":"xpath","value":"//table[contains(@id, \"listView-innerSelectionPanelTable-listUl\")]/tbody/tr[11]/td[2]/div"}
COMMAND: POST /session/bf687da40b3c98d128a44e447cb2f226/element - {"using":"xpath","value":"//table[contains(@id, \"listView-innerSelectionPanelTable-listUl\")]/tbody/tr[11]/td[3]/div/div/span/span[1]/bdi"}
RESULT: {"using":"xpath","value":"//table[contains(@id, \"listView-innerSelectionPanelTable-listUl\")]/tbody/tr[11]/td[3]/div/div/span/span[1]/bdi"}
COMMAND: POST /session/bf687da40b3c98d128a44e447cb2f226/execute/sync - {"script":"<script> [56 bytes]","args":[{"element-6066-11e4-a52e-4f735466cecf":"f.868DDD9EF8C55ECB5E24C8AEC1C53E95.d.81963530030E4BC442FB7EE52BBB2816.e.6811","ELEMENT":"f.868DDD9EF8C55ECB5E24C8AEC1C53E95.d.81963530030E4BC442FB7EE52BBB2816.e.6811"}]}
RESULT: {"script":"<script> [56 bytes]","args":[{"element-6066-11e4-a52e-4f735466cecf":"f.868DDD9EF8C55ECB5E24C8AEC1C53E95.d.81963530030E4BC442FB7EE52BBB2816.e.6811","ELEMENT":"f.868DDD9EF8C55ECB5E24C8AEC1C53E95.d.81963530030E4BC442FB7EE52BBB2816.e.6811"}]}
COMMAND: GET /session/bf687da40b3c98d128a44e447cb2f226/element/f.868DDD9EF8C55ECB5E24C8AEC1C53E95.d.81963530030E4BC442FB7EE52BBB2816.e.6810/attribute/aria-checked - {}
COMMAND: GET /session/bf687da40b3c98d128a44e447cb2f226/screenshot - {}
RESULT: {}
COMMAND: POST /session/bf687da40b3c98d128a44e447cb2f226/element - {"using":"xpath","value":"//table[contains(@id, \"listView-innerSelectionPanelTable-listUl\")]/tbody/tr[12]/td[2]/div/div"}
RESULT: {}
RESULT: {"using":"xpath","value":"//table[contains(@id, \"listView-innerSelectionPanelTable-listUl\")]/tbody/tr[12]/td[2]/div/div"}
COMMAND: POST /session/bf687da40b3c98d128a44e447cb2f226/element - {"using":"xpath","value":"//table[contains(@id, \"listView-innerSelectionPanelTable-listUl\")]/tbody/tr[12]/td[2]/div"}
RESULT: {"using":"xpath","value":"//table[contains(@id, \"listView-innerSelectionPanelTable-listUl\")]/tbody/tr[12]/td[2]/div"}
COMMAND: POST /session/bf687da40b3c98d128a44e447cb2f226/element - {"using":"xpath","value":"//table[contains(@id, \"listView-innerSelectionPanelTable-listUl\")]/tbody/tr[12]/td[3]/div/div/span/span[1]/bdi"}
RESULT: {"using":"xpath","value":"//table[contains(@id, \"listView-innerSelectionPanelTable-listUl\")]/tbody/tr[12]/td[3]/div/div/span/span[1]/bdi"}
COMMAND: POST /session/bf687da40b3c98d128a44e447cb2f226/execute/sync - {"script":"<script> [56 bytes]","args":[{"element-6066-11e4-a52e-4f735466cecf":"f.868DDD9EF8C55ECB5E24C8AEC1C53E95.d.81963530030E4BC442FB7EE52BBB2816.e.6814","ELEMENT":"f.868DDD9EF8C55ECB5E24C8AEC1C53E95.d.81963530030E4BC442FB7EE52BBB2816.e.6814"}]}
RESULT: {"script":"<script> [56 bytes]","args":[{"element-6066-11e4-a52e-4f735466cecf":"f.868DDD9EF8C55ECB5E24C8AEC1C53E95.d.81963530030E4BC442FB7EE52BBB2816.e.6814","ELEMENT":"f.868DDD9EF8C55ECB5E24C8AEC1C53E95.d.81963530030E4BC442FB7EE52BBB2816.e.6814"}]}
COMMAND: GET /session/bf687da40b3c98d128a44e447cb2f226/element/f.868DDD9EF8C55ECB5E24C8AEC1C53E95.d.81963530030E4BC442FB7EE52BBB2816.e.6813/attribute/aria-checked - {}
COMMAND: GET /session/bf687da40b3c98d128a44e447cb2f226/screenshot - {}
RESULT: {}
COMMAND: POST /session/bf687da40b3c98d128a44e447cb2f226/element - {"using":"xpath","value":"//table[contains(@id, \"listView-innerSelectionPanelTable-listUl\")]/tbody/tr[13]/td[2]/div/div"}
RESULT: {}
RESULT: {"using":"xpath","value":"//table[contains(@id, \"listView-innerSelectionPanelTable-listUl\")]/tbody/tr[13]/td[2]/div/div"}
COMMAND: POST /session/bf687da40b3c98d128a44e447cb2f226/element - {"using":"xpath","value":"//table[contains(@id, \"listView-innerSelectionPanelTable-listUl\")]/tbody/tr[13]/td[2]/div"}
RESULT: {"using":"xpath","value":"//table[contains(@id, \"listView-innerSelectionPanelTable-listUl\")]/tbody/tr[13]/td[2]/div"}
COMMAND: POST /session/bf687da40b3c98d128a44e447cb2f226/element - {"using":"xpath","value":"//table[contains(@id, \"listView-innerSelectionPanelTable-listUl\")]/tbody/tr[13]/td[3]/div/div/span/span[1]/bdi"}
RESULT: {"using":"xpath","value":"//table[contains(@id, \"listView-innerSelectionPanelTable-listUl\")]/tbody/tr[13]/td[3]/div/div/span/span[1]/bdi"}
COMMAND: POST /session/bf687da40b3c98d128a44e447cb2f226/execute/sync - {"script":"<script> [56 bytes]","args":[{"element-6066-11e4-a52e-4f735466cecf":"f.868DDD9EF8C55ECB5E24C8AEC1C53E95.d.81963530030E4BC442FB7EE52BBB2816.e.6817","ELEMENT":"f.868DDD9EF8C55ECB5E24C8AEC1C53E95.d.81963530030E4BC442FB7EE52BBB2816.e.6817"}]}
RESULT: {"script":"<script> [56 bytes]","args":[{"element-6066-11e4-a52e-4f735466cecf":"f.868DDD9EF8C55ECB5E24C8AEC1C53E95.d.81963530030E4BC442FB7EE52BBB2816.e.6817","ELEMENT":"f.868DDD9EF8C55ECB5E24C8AEC1C53E95.d.81963530030E4BC442FB7EE52BBB2816.e.6817"}]}
COMMAND: GET /session/bf687da40b3c98d128a44e447cb2f226/element/f.868DDD9EF8C55ECB5E24C8AEC1C53E95.d.81963530030E4BC442FB7EE52BBB2816.e.6816/attribute/aria-checked - {}
COMMAND: GET /session/bf687da40b3c98d128a44e447cb2f226/screenshot - {}
RESULT: {}
COMMAND: POST /session/bf687da40b3c98d128a44e447cb2f226/element - {"using":"xpath","value":"//table[contains(@id, \"listView-innerSelectionPanelTable-listUl\")]/tbody/tr[14]/td[2]/div/div"}
COMMAND: POST /session/bf687da40b3c98d128a44e447cb2f226/element/f.868DDD9EF8C55ECB5E24C8AEC1C53E95.d.81963530030E4BC442FB7EE52BBB2816.e.6815/click - {}
RESULT: {}
RESULT: {"using":"xpath","value":"//table[contains(@id, \"listView-innerSelectionPanelTable-listUl\")]/tbody/tr[14]/td[2]/div/div"}
COMMAND: POST /session/bf687da40b3c98d128a44e447cb2f226/element - {"using":"xpath","value":"//table[contains(@id, \"listView-innerSelectionPanelTable-listUl\")]/tbody/tr[14]/td[2]/div"}
RESULT: {}
COMMAND: GET /session/bf687da40b3c98d128a44e447cb2f226/screenshot - {}
RESULT: {"using":"xpath","value":"//table[contains(@id, \"listView-innerSelectionPanelTable-listUl\")]/tbody/tr[14]/td[2]/div"}
COMMAND: POST /session/bf687da40b3c98d128a44e447cb2f226/element - {"using":"xpath","value":"//table[contains(@id, \"listView-innerSelectionPanelTable-listUl\")]/tbody/tr[14]/td[3]/div/div/span/span[1]/bdi"}
RESULT: {}
RESULT: {"using":"xpath","value":"//table[contains(@id, \"listView-innerSelectionPanelTable-listUl\")]/tbody/tr[14]/td[3]/div/div/span/span[1]/bdi"}
COMMAND: POST /session/bf687da40b3c98d128a44e447cb2f226/execute/sync - {"script":"<script> [56 bytes]","args":[{"element-6066-11e4-a52e-4f735466cecf":"f.868DDD9EF8C55ECB5E24C8AEC1C53E95.d.81963530030E4BC442FB7EE52BBB2816.e.6821","ELEMENT":"f.868DDD9EF8C55ECB5E24C8AEC1C53E95.d.81963530030E4BC442FB7EE52BBB2816.e.6821"}]}
RESULT: {"script":"<script> [56 bytes]","args":[{"element-6066-11e4-a52e-4f735466cecf":"f.868DDD9EF8C55ECB5E24C8AEC1C53E95.d.81963530030E4BC442FB7EE52BBB2816.e.6821","ELEMENT":"f.868DDD9EF8C55ECB5E24C8AEC1C53E95.d.81963530030E4BC442FB7EE52BBB2816.e.6821"}]}
COMMAND: GET /session/bf687da40b3c98d128a44e447cb2f226/element/f.868DDD9EF8C55ECB5E24C8AEC1C53E95.d.81963530030E4BC442FB7EE52BBB2816.e.6820/attribute/aria-checked - {}
COMMAND: GET /session/bf687da40b3c98d128a44e447cb2f226/screenshot - {}
RESULT: {}
COMMAND: POST /session/bf687da40b3c98d128a44e447cb2f226/element - {"using":"xpath","value":"//table[contains(@id, \"listView-innerSelectionPanelTable-listUl\")]/tbody/tr[15]/td[2]/div/div"}
RESULT: {}
RESULT: {"using":"xpath","value":"//table[contains(@id, \"listView-innerSelectionPanelTable-listUl\")]/tbody/tr[15]/td[2]/div/div"}
COMMAND: POST /session/bf687da40b3c98d128a44e447cb2f226/element - {"using":"xpath","value":"//table[contains(@id, \"listView-innerSelectionPanelTable-listUl\")]/tbody/tr[15]/td[2]/div"}
RESULT: {"using":"xpath","value":"//table[contains(@id, \"listView-innerSelectionPanelTable-listUl\")]/tbody/tr[15]/td[2]/div"}
COMMAND: POST /session/bf687da40b3c98d128a44e447cb2f226/element - {"using":"xpath","value":"//table[contains(@id, \"listView-innerSelectionPanelTable-listUl\")]/tbody/tr[15]/td[3]/div/div/span/span[1]/bdi"}
RESULT: {"using":"xpath","value":"//table[contains(@id, \"listView-innerSelectionPanelTable-listUl\")]/tbody/tr[15]/td[3]/div/div/span/span[1]/bdi"}
COMMAND: POST /session/bf687da40b3c98d128a44e447cb2f226/execute/sync - {"script":"<script> [56 bytes]","args":[{"element-6066-11e4-a52e-4f735466cecf":"f.868DDD9EF8C55ECB5E24C8AEC1C53E95.d.81963530030E4BC442FB7EE52BBB2816.e.6824","ELEMENT":"f.868DDD9EF8C55ECB5E24C8AEC1C53E95.d.81963530030E4BC442FB7EE52BBB2816.e.6824"}]}
RESULT: {"script":"<script> [56 bytes]","args":[{"element-6066-11e4-a52e-4f735466cecf":"f.868DDD9EF8C55ECB5E24C8AEC1C53E95.d.81963530030E4BC442FB7EE52BBB2816.e.6824","ELEMENT":"f.868DDD9EF8C55ECB5E24C8AEC1C53E95.d.81963530030E4BC442FB7EE52BBB2816.e.6824"}]}
COMMAND: GET /session/bf687da40b3c98d128a44e447cb2f226/element/f.868DDD9EF8C55ECB5E24C8AEC1C53E95.d.81963530030E4BC442FB7EE52BBB2816.e.6823/attribute/aria-checked - {}
COMMAND: GET /session/bf687da40b3c98d128a44e447cb2f226/screenshot - {}
RESULT: {}
COMMAND: POST /session/bf687da40b3c98d128a44e447cb2f226/element - {"using":"xpath","value":"//table[contains(@id, \"listView-innerSelectionPanelTable-listUl\")]/tbody/tr[16]/td[2]/div/div"}
RESULT: {}
RESULT: {"using":"xpath","value":"//table[contains(@id, \"listView-innerSelectionPanelTable-listUl\")]/tbody/tr[16]/td[2]/div/div"}
COMMAND: POST /session/bf687da40b3c98d128a44e447cb2f226/element - {"using":"xpath","value":"//table[contains(@id, \"listView-innerSelectionPanelTable-listUl\")]/tbody/tr[16]/td[2]/div"}
RESULT: {"using":"xpath","value":"//table[contains(@id, \"listView-innerSelectionPanelTable-listUl\")]/tbody/tr[16]/td[2]/div"}
COMMAND: POST /session/bf687da40b3c98d128a44e447cb2f226/element - {"using":"xpath","value":"//table[contains(@id, \"listView-innerSelectionPanelTable-listUl\")]/tbody/tr[16]/td[3]/div/div/span/span[1]/bdi"}
RESULT: {"using":"xpath","value":"//table[contains(@id, \"listView-innerSelectionPanelTable-listUl\")]/tbody/tr[16]/td[3]/div/div/span/span[1]/bdi"}
COMMAND: POST /session/bf687da40b3c98d128a44e447cb2f226/execute/sync - {"script":"<script> [56 bytes]","args":[{"element-6066-11e4-a52e-4f735466cecf":"f.868DDD9EF8C55ECB5E24C8AEC1C53E95.d.81963530030E4BC442FB7EE52BBB2816.e.6827","ELEMENT":"f.868DDD9EF8C55ECB5E24C8AEC1C53E95.d.81963530030E4BC442FB7EE52BBB2816.e.6827"}]}
RESULT: {"script":"<script> [56 bytes]","args":[{"element-6066-11e4-a52e-4f735466cecf":"f.868DDD9EF8C55ECB5E24C8AEC1C53E95.d.81963530030E4BC442FB7EE52BBB2816.e.6827","ELEMENT":"f.868DDD9EF8C55ECB5E24C8AEC1C53E95.d.81963530030E4BC442FB7EE52BBB2816.e.6827"}]}
COMMAND: GET /session/bf687da40b3c98d128a44e447cb2f226/element/f.868DDD9EF8C55ECB5E24C8AEC1C53E95.d.81963530030E4BC442FB7EE52BBB2816.e.6826/attribute/aria-checked - {}
COMMAND: GET /session/bf687da40b3c98d128a44e447cb2f226/screenshot - {}
RESULT: {}
COMMAND: POST /session/bf687da40b3c98d128a44e447cb2f226/element - {"using":"xpath","value":"//table[contains(@id, \"listView-innerSelectionPanelTable-listUl\")]/tbody/tr[17]/td[2]/div/div"}
RESULT: {}
RESULT: {"using":"xpath","value":"//table[contains(@id, \"listView-innerSelectionPanelTable-listUl\")]/tbody/tr[17]/td[2]/div/div"}
COMMAND: POST /session/bf687da40b3c98d128a44e447cb2f226/element - {"using":"xpath","value":"//table[contains(@id, \"listView-innerSelectionPanelTable-listUl\")]/tbody/tr[17]/td[2]/div"}
RESULT: {"using":"xpath","value":"//table[contains(@id, \"listView-innerSelectionPanelTable-listUl\")]/tbody/tr[17]/td[2]/div"}
COMMAND: POST /session/bf687da40b3c98d128a44e447cb2f226/element - {"using":"xpath","value":"//table[contains(@id, \"listView-innerSelectionPanelTable-listUl\")]/tbody/tr[17]/td[3]/div/div/span/span[1]/bdi"}
RESULT: {"using":"xpath","value":"//table[contains(@id, \"listView-innerSelectionPanelTable-listUl\")]/tbody/tr[17]/td[3]/div/div/span/span[1]/bdi"}
COMMAND: POST /session/bf687da40b3c98d128a44e447cb2f226/execute/sync - {"script":"<script> [56 bytes]","args":[{"element-6066-11e4-a52e-4f735466cecf":"f.868DDD9EF8C55ECB5E24C8AEC1C53E95.d.81963530030E4BC442FB7EE52BBB2816.e.6830","ELEMENT":"f.868DDD9EF8C55ECB5E24C8AEC1C53E95.d.81963530030E4BC442FB7EE52BBB2816.e.6830"}]}
RESULT: {"script":"<script> [56 bytes]","args":[{"element-6066-11e4-a52e-4f735466cecf":"f.868DDD9EF8C55ECB5E24C8AEC1C53E95.d.81963530030E4BC442FB7EE52BBB2816.e.6830","ELEMENT":"f.868DDD9EF8C55ECB5E24C8AEC1C53E95.d.81963530030E4BC442FB7EE52BBB2816.e.6830"}]}
COMMAND: GET /session/bf687da40b3c98d128a44e447cb2f226/element/f.868DDD9EF8C55ECB5E24C8AEC1C53E95.d.81963530030E4BC442FB7EE52BBB2816.e.6829/attribute/aria-checked - {}
COMMAND: GET /session/bf687da40b3c98d128a44e447cb2f226/screenshot - {}
RESULT: {}
COMMAND: POST /session/bf687da40b3c98d128a44e447cb2f226/element - {"using":"xpath","value":"//table[contains(@id, \"listView-innerSelectionPanelTable-listUl\")]/tbody/tr[18]/td[2]/div/div"}
RESULT: {}
RESULT: {"using":"xpath","value":"//table[contains(@id, \"listView-innerSelectionPanelTable-listUl\")]/tbody/tr[18]/td[2]/div/div"}
COMMAND: POST /session/bf687da40b3c98d128a44e447cb2f226/element - {"using":"xpath","value":"//table[contains(@id, \"listView-innerSelectionPanelTable-listUl\")]/tbody/tr[18]/td[2]/div"}
RESULT: {"using":"xpath","value":"//table[contains(@id, \"listView-innerSelectionPanelTable-listUl\")]/tbody/tr[18]/td[2]/div"}
COMMAND: POST /session/bf687da40b3c98d128a44e447cb2f226/element - {"using":"xpath","value":"//table[contains(@id, \"listView-innerSelectionPanelTable-listUl\")]/tbody/tr[18]/td[3]/div/div/span/span[1]/bdi"}
RESULT: {"using":"xpath","value":"//table[contains(@id, \"listView-innerSelectionPanelTable-listUl\")]/tbody/tr[18]/td[3]/div/div/span/span[1]/bdi"}
COMMAND: POST /session/bf687da40b3c98d128a44e447cb2f226/execute/sync - {"script":"<script> [56 bytes]","args":[{"element-6066-11e4-a52e-4f735466cecf":"f.868DDD9EF8C55ECB5E24C8AEC1C53E95.d.81963530030E4BC442FB7EE52BBB2816.e.6833","ELEMENT":"f.868DDD9EF8C55ECB5E24C8AEC1C53E95.d.81963530030E4BC442FB7EE52BBB2816.e.6833"}]}
RESULT: {"script":"<script> [56 bytes]","args":[{"element-6066-11e4-a52e-4f735466cecf":"f.868DDD9EF8C55ECB5E24C8AEC1C53E95.d.81963530030E4BC442FB7EE52BBB2816.e.6833","ELEMENT":"f.868DDD9EF8C55ECB5E24C8AEC1C53E95.d.81963530030E4BC442FB7EE52BBB2816.e.6833"}]}
COMMAND: GET /session/bf687da40b3c98d128a44e447cb2f226/element/f.868DDD9EF8C55ECB5E24C8AEC1C53E95.d.81963530030E4BC442FB7EE52BBB2816.e.6832/attribute/aria-checked - {}
COMMAND: GET /session/bf687da40b3c98d128a44e447cb2f226/screenshot - {}
RESULT: {}
COMMAND: POST /session/bf687da40b3c98d128a44e447cb2f226/element - {"using":"xpath","value":"//table[contains(@id, \"listView-innerSelectionPanelTable-listUl\")]/tbody/tr[19]/td[2]/div/div"}
RESULT: {}
RESULT: {"using":"xpath","value":"//table[contains(@id, \"listView-innerSelectionPanelTable-listUl\")]/tbody/tr[19]/td[2]/div/div"}
COMMAND: POST /session/bf687da40b3c98d128a44e447cb2f226/element - {"using":"xpath","value":"//table[contains(@id, \"listView-innerSelectionPanelTable-listUl\")]/tbody/tr[19]/td[2]/div"}
RESULT: {"using":"xpath","value":"//table[contains(@id, \"listView-innerSelectionPanelTable-listUl\")]/tbody/tr[19]/td[2]/div"}
COMMAND: POST /session/bf687da40b3c98d128a44e447cb2f226/element - {"using":"xpath","value":"//table[contains(@id, \"listView-innerSelectionPanelTable-listUl\")]/tbody/tr[19]/td[3]/div/div/span/span[1]/bdi"}
RESULT: {"using":"xpath","value":"//table[contains(@id, \"listView-innerSelectionPanelTable-listUl\")]/tbody/tr[19]/td[3]/div/div/span/span[1]/bdi"}
COMMAND: POST /session/bf687da40b3c98d128a44e447cb2f226/execute/sync - {"script":"<script> [56 bytes]","args":[{"element-6066-11e4-a52e-4f735466cecf":"f.868DDD9EF8C55ECB5E24C8AEC1C53E95.d.81963530030E4BC442FB7EE52BBB2816.e.6836","ELEMENT":"f.868DDD9EF8C55ECB5E24C8AEC1C53E95.d.81963530030E4BC442FB7EE52BBB2816.e.6836"}]}
RESULT: {"script":"<script> [56 bytes]","args":[{"element-6066-11e4-a52e-4f735466cecf":"f.868DDD9EF8C55ECB5E24C8AEC1C53E95.d.81963530030E4BC442FB7EE52BBB2816.e.6836","ELEMENT":"f.868DDD9EF8C55ECB5E24C8AEC1C53E95.d.81963530030E4BC442FB7EE52BBB2816.e.6836"}]}
COMMAND: GET /session/bf687da40b3c98d128a44e447cb2f226/element/f.868DDD9EF8C55ECB5E24C8AEC1C53E95.d.81963530030E4BC442FB7EE52BBB2816.e.6835/attribute/aria-checked - {}
COMMAND: GET /session/bf687da40b3c98d128a44e447cb2f226/screenshot - {}
RESULT: {}
COMMAND: POST /session/bf687da40b3c98d128a44e447cb2f226/element - {"using":"xpath","value":"//table[contains(@id, \"listView-innerSelectionPanelTable-listUl\")]/tbody/tr[20]/td[2]/div/div"}
RESULT: {}
RESULT: {"using":"xpath","value":"//table[contains(@id, \"listView-innerSelectionPanelTable-listUl\")]/tbody/tr[20]/td[2]/div/div"}
COMMAND: POST /session/bf687da40b3c98d128a44e447cb2f226/element - {"using":"xpath","value":"//table[contains(@id, \"listView-innerSelectionPanelTable-listUl\")]/tbody/tr[20]/td[2]/div"}
RESULT: {"using":"xpath","value":"//table[contains(@id, \"listView-innerSelectionPanelTable-listUl\")]/tbody/tr[20]/td[2]/div"}
COMMAND: POST /session/bf687da40b3c98d128a44e447cb2f226/element - {"using":"xpath","value":"//table[contains(@id, \"listView-innerSelectionPanelTable-listUl\")]/tbody/tr[20]/td[3]/div/div/span/span[1]/bdi"}
RESULT: {"using":"xpath","value":"//table[contains(@id, \"listView-innerSelectionPanelTable-listUl\")]/tbody/tr[20]/td[3]/div/div/span/span[1]/bdi"}
COMMAND: POST /session/bf687da40b3c98d128a44e447cb2f226/execute/sync - {"script":"<script> [56 bytes]","args":[{"element-6066-11e4-a52e-4f735466cecf":"f.868DDD9EF8C55ECB5E24C8AEC1C53E95.d.81963530030E4BC442FB7EE52BBB2816.e.6839","ELEMENT":"f.868DDD9EF8C55ECB5E24C8AEC1C53E95.d.81963530030E4BC442FB7EE52BBB2816.e.6839"}]}
RESULT: {"script":"<script> [56 bytes]","args":[{"element-6066-11e4-a52e-4f735466cecf":"f.868DDD9EF8C55ECB5E24C8AEC1C53E95.d.81963530030E4BC442FB7EE52BBB2816.e.6839","ELEMENT":"f.868DDD9EF8C55ECB5E24C8AEC1C53E95.d.81963530030E4BC442FB7EE52BBB2816.e.6839"}]}
COMMAND: GET /session/bf687da40b3c98d128a44e447cb2f226/element/f.868DDD9EF8C55ECB5E24C8AEC1C53E95.d.81963530030E4BC442FB7EE52BBB2816.e.6838/attribute/aria-checked - {}
COMMAND: GET /session/bf687da40b3c98d128a44e447cb2f226/screenshot - {}
RESULT: {}
COMMAND: POST /session/bf687da40b3c98d128a44e447cb2f226/element - {"using":"xpath","value":"//table[contains(@id, \"listView-innerSelectionPanelTable-listUl\")]/tbody/tr[21]/td[2]/div/div"}
RESULT: {}
RESULT: {"using":"xpath","value":"//table[contains(@id, \"listView-innerSelectionPanelTable-listUl\")]/tbody/tr[21]/td[2]/div/div"}
COMMAND: POST /session/bf687da40b3c98d128a44e447cb2f226/element - {"using":"xpath","value":"//table[contains(@id, \"listView-innerSelectionPanelTable-listUl\")]/tbody/tr[21]/td[2]/div"}
RESULT: {"using":"xpath","value":"//table[contains(@id, \"listView-innerSelectionPanelTable-listUl\")]/tbody/tr[21]/td[2]/div"}
COMMAND: POST /session/bf687da40b3c98d128a44e447cb2f226/element - {"using":"xpath","value":"//table[contains(@id, \"listView-innerSelectionPanelTable-listUl\")]/tbody/tr[21]/td[3]/div/div/span/span[1]/bdi"}
RESULT: {"using":"xpath","value":"//table[contains(@id, \"listView-innerSelectionPanelTable-listUl\")]/tbody/tr[21]/td[3]/div/div/span/span[1]/bdi"}
COMMAND: POST /session/bf687da40b3c98d128a44e447cb2f226/execute/sync - {"script":"<script> [56 bytes]","args":[{"element-6066-11e4-a52e-4f735466cecf":"f.868DDD9EF8C55ECB5E24C8AEC1C53E95.d.81963530030E4BC442FB7EE52BBB2816.e.6842","ELEMENT":"f.868DDD9EF8C55ECB5E24C8AEC1C53E95.d.81963530030E4BC442FB7EE52BBB2816.e.6842"}]}
RESULT: {"script":"<script> [56 bytes]","args":[{"element-6066-11e4-a52e-4f735466cecf":"f.868DDD9EF8C55ECB5E24C8AEC1C53E95.d.81963530030E4BC442FB7EE52BBB2816.e.6842","ELEMENT":"f.868DDD9EF8C55ECB5E24C8AEC1C53E95.d.81963530030E4BC442FB7EE52BBB2816.e.6842"}]}
COMMAND: GET /session/bf687da40b3c98d128a44e447cb2f226/element/f.868DDD9EF8C55ECB5E24C8AEC1C53E95.d.81963530030E4BC442FB7EE52BBB2816.e.6841/attribute/aria-checked - {}
COMMAND: GET /session/bf687da40b3c98d128a44e447cb2f226/screenshot - {}
RESULT: {}
COMMAND: POST /session/bf687da40b3c98d128a44e447cb2f226/element - {"using":"xpath","value":"//table[contains(@id, \"listView-innerSelectionPanelTable-listUl\")]/tbody/tr[22]/td[2]/div/div"}
RESULT: {}
RESULT: {"using":"xpath","value":"//table[contains(@id, \"listView-innerSelectionPanelTable-listUl\")]/tbody/tr[22]/td[2]/div/div"}
COMMAND: POST /session/bf687da40b3c98d128a44e447cb2f226/element - {"using":"xpath","value":"//table[contains(@id, \"listView-innerSelectionPanelTable-listUl\")]/tbody/tr[22]/td[2]/div"}
RESULT: {"using":"xpath","value":"//table[contains(@id, \"listView-innerSelectionPanelTable-listUl\")]/tbody/tr[22]/td[2]/div"}
COMMAND: POST /session/bf687da40b3c98d128a44e447cb2f226/element - {"using":"xpath","value":"//table[contains(@id, \"listView-innerSelectionPanelTable-listUl\")]/tbody/tr[22]/td[3]/div/div/span/span[1]/bdi"}
RESULT: {"using":"xpath","value":"//table[contains(@id, \"listView-innerSelectionPanelTable-listUl\")]/tbody/tr[22]/td[3]/div/div/span/span[1]/bdi"}
COMMAND: POST /session/bf687da40b3c98d128a44e447cb2f226/execute/sync - {"script":"<script> [56 bytes]","args":[{"element-6066-11e4-a52e-4f735466cecf":"f.868DDD9EF8C55ECB5E24C8AEC1C53E95.d.81963530030E4BC442FB7EE52BBB2816.e.6845","ELEMENT":"f.868DDD9EF8C55ECB5E24C8AEC1C53E95.d.81963530030E4BC442FB7EE52BBB2816.e.6845"}]}
RESULT: {"script":"<script> [56 bytes]","args":[{"element-6066-11e4-a52e-4f735466cecf":"f.868DDD9EF8C55ECB5E24C8AEC1C53E95.d.81963530030E4BC442FB7EE52BBB2816.e.6845","ELEMENT":"f.868DDD9EF8C55ECB5E24C8AEC1C53E95.d.81963530030E4BC442FB7EE52BBB2816.e.6845"}]}
COMMAND: GET /session/bf687da40b3c98d128a44e447cb2f226/element/f.868DDD9EF8C55ECB5E24C8AEC1C53E95.d.81963530030E4BC442FB7EE52BBB2816.e.6844/attribute/aria-checked - {}
COMMAND: GET /session/bf687da40b3c98d128a44e447cb2f226/screenshot - {}
RESULT: {}
COMMAND: POST /session/bf687da40b3c98d128a44e447cb2f226/element - {"using":"xpath","value":"//table[contains(@id, \"listView-innerSelectionPanelTable-listUl\")]/tbody/tr[23]/td[2]/div/div"}
RESULT: {}
RESULT: {"using":"xpath","value":"//table[contains(@id, \"listView-innerSelectionPanelTable-listUl\")]/tbody/tr[23]/td[2]/div/div"}
COMMAND: POST /session/bf687da40b3c98d128a44e447cb2f226/element - {"using":"xpath","value":"//table[contains(@id, \"listView-innerSelectionPanelTable-listUl\")]/tbody/tr[23]/td[2]/div"}
RESULT: {"using":"xpath","value":"//table[contains(@id, \"listView-innerSelectionPanelTable-listUl\")]/tbody/tr[23]/td[2]/div"}
COMMAND: POST /session/bf687da40b3c98d128a44e447cb2f226/element - {"using":"xpath","value":"//table[contains(@id, \"listView-innerSelectionPanelTable-listUl\")]/tbody/tr[23]/td[3]/div/div/span/span[1]/bdi"}
RESULT: {"using":"xpath","value":"//table[contains(@id, \"listView-innerSelectionPanelTable-listUl\")]/tbody/tr[23]/td[3]/div/div/span/span[1]/bdi"}
COMMAND: POST /session/bf687da40b3c98d128a44e447cb2f226/execute/sync - {"script":"<script> [56 bytes]","args":[{"element-6066-11e4-a52e-4f735466cecf":"f.868DDD9EF8C55ECB5E24C8AEC1C53E95.d.81963530030E4BC442FB7EE52BBB2816.e.6848","ELEMENT":"f.868DDD9EF8C55ECB5E24C8AEC1C53E95.d.81963530030E4BC442FB7EE52BBB2816.e.6848"}]}
RESULT: {"script":"<script> [56 bytes]","args":[{"element-6066-11e4-a52e-4f735466cecf":"f.868DDD9EF8C55ECB5E24C8AEC1C53E95.d.81963530030E4BC442FB7EE52BBB2816.e.6848","ELEMENT":"f.868DDD9EF8C55ECB5E24C8AEC1C53E95.d.81963530030E4BC442FB7EE52BBB2816.e.6848"}]}
COMMAND: GET /session/bf687da40b3c98d128a44e447cb2f226/element/f.868DDD9EF8C55ECB5E24C8AEC1C53E95.d.81963530030E4BC442FB7EE52BBB2816.e.6847/attribute/aria-checked - {}
COMMAND: GET /session/bf687da40b3c98d128a44e447cb2f226/screenshot - {}
RESULT: {}
COMMAND: POST /session/bf687da40b3c98d128a44e447cb2f226/element - {"using":"xpath","value":"//table[contains(@id, \"listView-innerSelectionPanelTable-listUl\")]/tbody/tr[24]/td[2]/div/div"}
RESULT: {}
RESULT: {"using":"xpath","value":"//table[contains(@id, \"listView-innerSelectionPanelTable-listUl\")]/tbody/tr[24]/td[2]/div/div"}
COMMAND: POST /session/bf687da40b3c98d128a44e447cb2f226/element - {"using":"xpath","value":"//table[contains(@id, \"listView-innerSelectionPanelTable-listUl\")]/tbody/tr[24]/td[2]/div"}
RESULT: {"using":"xpath","value":"//table[contains(@id, \"listView-innerSelectionPanelTable-listUl\")]/tbody/tr[24]/td[2]/div"}
COMMAND: POST /session/bf687da40b3c98d128a44e447cb2f226/element - {"using":"xpath","value":"//table[contains(@id, \"listView-innerSelectionPanelTable-listUl\")]/tbody/tr[24]/td[3]/div/div/span/span[1]/bdi"}
RESULT: {"using":"xpath","value":"//table[contains(@id, \"listView-innerSelectionPanelTable-listUl\")]/tbody/tr[24]/td[3]/div/div/span/span[1]/bdi"}
COMMAND: POST /session/bf687da40b3c98d128a44e447cb2f226/execute/sync - {"script":"<script> [56 bytes]","args":[{"element-6066-11e4-a52e-4f735466cecf":"f.868DDD9EF8C55ECB5E24C8AEC1C53E95.d.81963530030E4BC442FB7EE52BBB2816.e.6851","ELEMENT":"f.868DDD9EF8C55ECB5E24C8AEC1C53E95.d.81963530030E4BC442FB7EE52BBB2816.e.6851"}]}
RESULT: {"script":"<script> [56 bytes]","args":[{"element-6066-11e4-a52e-4f735466cecf":"f.868DDD9EF8C55ECB5E24C8AEC1C53E95.d.81963530030E4BC442FB7EE52BBB2816.e.6851","ELEMENT":"f.868DDD9EF8C55ECB5E24C8AEC1C53E95.d.81963530030E4BC442FB7EE52BBB2816.e.6851"}]}
COMMAND: GET /session/bf687da40b3c98d128a44e447cb2f226/element/f.868DDD9EF8C55ECB5E24C8AEC1C53E95.d.81963530030E4BC442FB7EE52BBB2816.e.6850/attribute/aria-checked - {}
COMMAND: GET /session/bf687da40b3c98d128a44e447cb2f226/screenshot - {}
RESULT: {}
COMMAND: POST /session/bf687da40b3c98d128a44e447cb2f226/element - {"using":"xpath","value":"//table[contains(@id, \"listView-innerSelectionPanelTable-listUl\")]/tbody/tr[25]/td[2]/div/div"}
RESULT: {}
RESULT: {"using":"xpath","value":"//table[contains(@id, \"listView-innerSelectionPanelTable-listUl\")]/tbody/tr[25]/td[2]/div/div"}
COMMAND: POST /session/bf687da40b3c98d128a44e447cb2f226/element - {"using":"xpath","value":"//table[contains(@id, \"listView-innerSelectionPanelTable-listUl\")]/tbody/tr[25]/td[2]/div"}
RESULT: {"using":"xpath","value":"//table[contains(@id, \"listView-innerSelectionPanelTable-listUl\")]/tbody/tr[25]/td[2]/div"}
COMMAND: POST /session/bf687da40b3c98d128a44e447cb2f226/element - {"using":"xpath","value":"//table[contains(@id, \"listView-innerSelectionPanelTable-listUl\")]/tbody/tr[25]/td[3]/div/div/span/span[1]/bdi"}
RESULT: {"using":"xpath","value":"//table[contains(@id, \"listView-innerSelectionPanelTable-listUl\")]/tbody/tr[25]/td[3]/div/div/span/span[1]/bdi"}
COMMAND: POST /session/bf687da40b3c98d128a44e447cb2f226/execute/sync - {"script":"<script> [56 bytes]","args":[{"element-6066-11e4-a52e-4f735466cecf":"f.868DDD9EF8C55ECB5E24C8AEC1C53E95.d.81963530030E4BC442FB7EE52BBB2816.e.6854","ELEMENT":"f.868DDD9EF8C55ECB5E24C8AEC1C53E95.d.81963530030E4BC442FB7EE52BBB2816.e.6854"}]}
RESULT: {"script":"<script> [56 bytes]","args":[{"element-6066-11e4-a52e-4f735466cecf":"f.868DDD9EF8C55ECB5E24C8AEC1C53E95.d.81963530030E4BC442FB7EE52BBB2816.e.6854","ELEMENT":"f.868DDD9EF8C55ECB5E24C8AEC1C53E95.d.81963530030E4BC442FB7EE52BBB2816.e.6854"}]}
COMMAND: GET /session/bf687da40b3c98d128a44e447cb2f226/element/f.868DDD9EF8C55ECB5E24C8AEC1C53E95.d.81963530030E4BC442FB7EE52BBB2816.e.6853/attribute/aria-checked - {}
COMMAND: GET /session/bf687da40b3c98d128a44e447cb2f226/screenshot - {}
RESULT: {}
COMMAND: POST /session/bf687da40b3c98d128a44e447cb2f226/element - {"using":"xpath","value":"//bdi[contains(text(), \"OK\")]"}
RESULT: {}
RESULT: {"using":"xpath","value":"//bdi[contains(text(), \"OK\")]"}
COMMAND: POST /session/bf687da40b3c98d128a44e447cb2f226/element/f.868DDD9EF8C55ECB5E24C8AEC1C53E95.d.81963530030E4BC442FB7EE52BBB2816.e.6855/click - {}
RESULT: {}
COMMAND: GET /session/bf687da40b3c98d128a44e447cb2f226/screenshot - {}
RESULT: {}
COMMAND: POST /session/bf687da40b3c98d128a44e447cb2f226/execute/async - {"script":"<script> [1562 bytes]","args":[{"selector":{"id":"application-managepartners-display-component---masterPtm--smartFilterBar-filterItemControlA_-LINK_TO_ADDRESSES_MAIN.CITY1-vhi"},"wdio_ui5_key":"applicationmanagepartners-display-component---masterPtm--smartFilterBar-filterItemControlA_-LINK_TO_ADDRESSES_MAIN.CITY1-vhi"}]}
RESULT: {"script":"<script> [1562 bytes]","args":[{"selector":{"id":"application-managepartners-display-component---masterPtm--smartFilterBar-filterItemControlA_-LINK_TO_ADDRESSES_MAIN.CITY1-vhi"},"wdio_ui5_key":"applicationmanagepartners-display-component---masterPtm--smartFilterBar-filterItemControlA_-LINK_TO_ADDRESSES_MAIN.CITY1-vhi"}]}
RESULT: undefined
COMMAND: POST /session/bf687da40b3c98d128a44e447cb2f226/element - {"using":"xpath","value":"//*[@id=\"application-managepartners-display-component---masterPtm--smartFilterBar-filterItemControlA_-LINK_TO_ADDRESSES_MAIN.CITY1-vhi\"]"}
RESULT: {"using":"xpath","value":"//*[@id=\"application-managepartners-display-component---masterPtm--smartFilterBar-filterItemControlA_-LINK_TO_ADDRESSES_MAIN.CITY1-vhi\"]"}
COMMAND: POST /session/bf687da40b3c98d128a44e447cb2f226/element/f.868DDD9EF8C55ECB5E24C8AEC1C53E95.d.81963530030E4BC442FB7EE52BBB2816.e.6869/click - {}
RESULT: {}
COMMAND: GET /session/bf687da40b3c98d128a44e447cb2f226/screenshot - {}
RESULT: {}
COMMAND: POST /session/bf687da40b3c98d128a44e447cb2f226/execute/async - {"script":"<script> [1562 bytes]","args":[{"selector":{"controlType":"sap.m.Input","viewName":"etm.portal.ui.managepartners.view.Master","viewId":"application-managepartners-display-component---masterPtm","properties":{"valueState":"None"},"searchOpenDialogs":true,"interaction":{"idSuffix":"inner"}},"wdio_ui5_key":"etmportal.ui.managepartners.view.Mastersap.m.Input{\"valueState\":\"None\"}"}]}
RESULT: {"script":"<script> [1562 bytes]","args":[{"selector":{"controlType":"sap.m.Input","viewName":"etm.portal.ui.managepartners.view.Master","viewId":"application-managepartners-display-component---masterPtm","properties":{"valueState":"None"},"searchOpenDialogs":true,"interaction":{"idSuffix":"inner"}},"wdio_ui5_key":"etmportal.ui.managepartners.view.Mastersap.m.Input{\"valueState\":\"None\"}"}]}
RESULT: undefined
COMMAND: POST /session/bf687da40b3c98d128a44e447cb2f226/execute/async - {"script":"<script> [776 bytes]","args":[{"enterText":"Bangalore","selector":{"controlType":"sap.m.Input","viewName":"etm.portal.ui.managepartners.view.Master","viewId":"application-managepartners-display-component---masterPtm","properties":{"valueState":"None"},"searchOpenDialogs":true,"interaction":{"idSuffix":"inner"}},"clearTextFirst":true,"interactionType":"ENTER_TEXT"}]}
RESULT: {"script":"<script> [776 bytes]","args":[{"enterText":"Bangalore","selector":{"controlType":"sap.m.Input","viewName":"etm.portal.ui.managepartners.view.Master","viewId":"application-managepartners-display-component---masterPtm","properties":{"valueState":"None"},"searchOpenDialogs":true,"interaction":{"idSuffix":"inner"}},"clearTextFirst":true,"interactionType":"ENTER_TEXT"}]}
COMMAND: POST /session/bf687da40b3c98d128a44e447cb2f226/actions - {"actions":[{"id":"action21","type":"key","parameters":{},"actions":[{"type":"keyDown","value":"î€‡"},{"type":"pause","duration":10},{"type":"keyUp","value":"î€‡"}]}]}
RESULT: {"actions":[{"id":"action21","type":"key","parameters":{},"actions":[{"type":"keyDown","value":"î€‡"},{"type":"pause","duration":10},{"type":"keyUp","value":"î€‡"}]}]}
COMMAND: GET /session/bf687da40b3c98d128a44e447cb2f226/screenshot - {}
RESULT: {}
COMMAND: POST /session/bf687da40b3c98d128a44e447cb2f226/element - {"using":"xpath","value":"(//bdi[contains(text(), \"OK\")])[1]"}
RESULT: {"using":"xpath","value":"(//bdi[contains(text(), \"OK\")])[1]"}
COMMAND: POST /session/bf687da40b3c98d128a44e447cb2f226/element/f.868DDD9EF8C55ECB5E24C8AEC1C53E95.d.81963530030E4BC442FB7EE52BBB2816.e.6875/click - {}
RESULT: {}
COMMAND: GET /session/bf687da40b3c98d128a44e447cb2f226/screenshot - {}
RESULT: {}
COMMAND: POST /session/bf687da40b3c98d128a44e447cb2f226/element - {"using":"xpath","value":"//span[@id=\"application-managepartners-display-component---masterPtm--smartTable-header-inner\"]"}
RESULT: {"using":"xpath","value":"//span[@id=\"application-managepartners-display-component---masterPtm--smartTable-header-inner\"]"}
COMMAND: POST /session/bf687da40b3c98d128a44e447cb2f226/elements - {"using":"xpath","value":"//span[@id=\"application-managepartners-display-component---masterPtm--smartTable-header-inner\"]"}
RESULT: {"using":"xpath","value":"//span[@id=\"application-managepartners-display-component---masterPtm--smartTable-header-inner\"]"}
COMMAND: POST /session/bf687da40b3c98d128a44e447cb2f226/execute/sync - {"script":"<script> [56 bytes]","args":[{"element-6066-11e4-a52e-4f735466cecf":"f.868DDD9EF8C55ECB5E24C8AEC1C53E95.d.81963530030E4BC442FB7EE52BBB2816.e.5993","ELEMENT":"f.868DDD9EF8C55ECB5E24C8AEC1C53E95.d.81963530030E4BC442FB7EE52BBB2816.e.5993"}]}
RESULT: {"script":"<script> [56 bytes]","args":[{"element-6066-11e4-a52e-4f735466cecf":"f.868DDD9EF8C55ECB5E24C8AEC1C53E95.d.81963530030E4BC442FB7EE52BBB2816.e.5993","ELEMENT":"f.868DDD9EF8C55ECB5E24C8AEC1C53E95.d.81963530030E4BC442FB7EE52BBB2816.e.5993"}]}
COMMAND: POST /session/bf687da40b3c98d128a44e447cb2f226/element - {"using":"xpath","value":"//span[contains(@title, \"Remove\")]"}
COMMAND: GET /session/bf687da40b3c98d128a44e447cb2f226/screenshot - {}
RESULT: {"using":"xpath","value":"//span[contains(@title, \"Remove\")]"}
COMMAND: POST /session/bf687da40b3c98d128a44e447cb2f226/element/f.868DDD9EF8C55ECB5E24C8AEC1C53E95.d.81963530030E4BC442FB7EE52BBB2816.e.7001/click - {}
RESULT: {}
RESULT: {}
COMMAND: GET /session/bf687da40b3c98d128a44e447cb2f226/screenshot - {}
RESULT: {}
COMMAND: POST /session/bf687da40b3c98d128a44e447cb2f226/element - {"using":"xpath","value":"//span[@id=\"application-managepartners-display-component---masterPtm--smartTable-header-inner\"]"}
RESULT: {"using":"xpath","value":"//span[@id=\"application-managepartners-display-component---masterPtm--smartTable-header-inner\"]"}
COMMAND: POST /session/bf687da40b3c98d128a44e447cb2f226/elements - {"using":"xpath","value":"//span[@id=\"application-managepartners-display-component---masterPtm--smartTable-header-inner\"]"}
RESULT: {"using":"xpath","value":"//span[@id=\"application-managepartners-display-component---masterPtm--smartTable-header-inner\"]"}
COMMAND: POST /session/bf687da40b3c98d128a44e447cb2f226/execute/sync - {"script":"<script> [56 bytes]","args":[{"element-6066-11e4-a52e-4f735466cecf":"f.868DDD9EF8C55ECB5E24C8AEC1C53E95.d.81963530030E4BC442FB7EE52BBB2816.e.5993","ELEMENT":"f.868DDD9EF8C55ECB5E24C8AEC1C53E95.d.81963530030E4BC442FB7EE52BBB2816.e.5993"}]}
RESULT: {"script":"<script> [56 bytes]","args":[{"element-6066-11e4-a52e-4f735466cecf":"f.868DDD9EF8C55ECB5E24C8AEC1C53E95.d.81963530030E4BC442FB7EE52BBB2816.e.5993","ELEMENT":"f.868DDD9EF8C55ECB5E24C8AEC1C53E95.d.81963530030E4BC442FB7EE52BBB2816.e.5993"}]}
COMMAND: POST /session/bf687da40b3c98d128a44e447cb2f226/element - {"using":"css selector","value":"#shell-header-logo"}
COMMAND: GET /session/bf687da40b3c98d128a44e447cb2f226/screenshot - {}
RESULT: {"using":"css selector","value":"#shell-header-logo"}
COMMAND: POST /session/bf687da40b3c98d128a44e447cb2f226/element/f.868DDD9EF8C55ECB5E24C8AEC1C53E95.d.81963530030E4BC442FB7EE52BBB2816.e.5825/click - {}
RESULT: {}
RESULT: {}
COMMAND: GET /session/bf687da40b3c98d128a44e447cb2f226/screenshot - {}
RESULT: {}
]]></system-out>
    </testcase>
    <testcase classname="chrome.135_0_7049_96.windows.Partner_specific_tests_US150819_US151080_US151654_US151176_US103444_US151078_US151079_US151109_US151174_US151175_US151189" name="Should try to save empty partner US151174" time="39.51">
      <system-out><![CDATA[
COMMAND: POST /session/bf687da40b3c98d128a44e447cb2f226/element - {"using":"xpath","value":"//li[.//span[text()=\"Manage Partners\"]]"}
RESULT: {"using":"xpath","value":"//li[.//span[text()=\"Manage Partners\"]]"}
COMMAND: POST /session/bf687da40b3c98d128a44e447cb2f226/element - {"using":"xpath","value":"//li[.//span[text()=\"Manage Partners\"]]"}
RESULT: {"using":"xpath","value":"//li[.//span[text()=\"Manage Partners\"]]"}
COMMAND: POST /session/bf687da40b3c98d128a44e447cb2f226/element - {"using":"css selector","value":"#shell-header-logo"}
RESULT: {"using":"css selector","value":"#shell-header-logo"}
COMMAND: POST /session/bf687da40b3c98d128a44e447cb2f226/element/f.868DDD9EF8C55ECB5E24C8AEC1C53E95.d.81963530030E4BC442FB7EE52BBB2816.e.7094/click - {}
COMMAND: POST /session/bf687da40b3c98d128a44e447cb2f226/execute/sync - {"script":"<script> [8489 bytes]","args":[{"element-6066-11e4-a52e-4f735466cecf":"f.868DDD9EF8C55ECB5E24C8AEC1C53E95.d.81963530030E4BC442FB7EE52BBB2816.e.7094","ELEMENT":"f.868DDD9EF8C55ECB5E24C8AEC1C53E95.d.81963530030E4BC442FB7EE52BBB2816.e.7094"}]}
RESULT: {}
COMMAND: GET /session/bf687da40b3c98d128a44e447cb2f226/screenshot - {}
RESULT: {"script":"<script> [8489 bytes]","args":[{"element-6066-11e4-a52e-4f735466cecf":"f.868DDD9EF8C55ECB5E24C8AEC1C53E95.d.81963530030E4BC442FB7EE52BBB2816.e.7094","ELEMENT":"f.868DDD9EF8C55ECB5E24C8AEC1C53E95.d.81963530030E4BC442FB7EE52BBB2816.e.7094"}]}
COMMAND: POST /session/bf687da40b3c98d128a44e447cb2f226/execute/sync - {"script":"<script> [5351 bytes]","args":[{"element-6066-11e4-a52e-4f735466cecf":"f.868DDD9EF8C55ECB5E24C8AEC1C53E95.d.81963530030E4BC442FB7EE52BBB2816.e.7094","ELEMENT":"f.868DDD9EF8C55ECB5E24C8AEC1C53E95.d.81963530030E4BC442FB7EE52BBB2816.e.7094"}]}
COMMAND: GET /session/bf687da40b3c98d128a44e447cb2f226/screenshot - {}
RESULT: {}
RESULT: {"script":"<script> [5351 bytes]","args":[{"element-6066-11e4-a52e-4f735466cecf":"f.868DDD9EF8C55ECB5E24C8AEC1C53E95.d.81963530030E4BC442FB7EE52BBB2816.e.7094","ELEMENT":"f.868DDD9EF8C55ECB5E24C8AEC1C53E95.d.81963530030E4BC442FB7EE52BBB2816.e.7094"}]}
COMMAND: GET /session/bf687da40b3c98d128a44e447cb2f226/screenshot - {}
RESULT: {}
RESULT: {}
RESULT: undefined
COMMAND: POST /session/bf687da40b3c98d128a44e447cb2f226/element - {"using":"xpath","value":"//*[@id=\"__tile30\"]"}
RESULT: {"using":"xpath","value":"//*[@id=\"__tile30\"]"}
COMMAND: POST /session/bf687da40b3c98d128a44e447cb2f226/element/f.868DDD9EF8C55ECB5E24C8AEC1C53E95.d.81963530030E4BC442FB7EE52BBB2816.e.4481/click - {}
RESULT: {}
COMMAND: POST /session/bf687da40b3c98d128a44e447cb2f226/element - {"using":"xpath","value":"//button[@data-kt=\"addButton\"]"}
COMMAND: GET /session/bf687da40b3c98d128a44e447cb2f226/screenshot - {}
RESULT: {"using":"xpath","value":"//button[@data-kt=\"addButton\"]"}
COMMAND: POST /session/bf687da40b3c98d128a44e447cb2f226/elements - {"using":"xpath","value":"//button[@data-kt=\"addButton\"]"}
RESULT: {}
RESULT: {"using":"xpath","value":"//button[@data-kt=\"addButton\"]"}
COMMAND: POST /session/bf687da40b3c98d128a44e447cb2f226/elements - {"using":"xpath","value":"//button[@data-kt=\"addButton\"]"}
RESULT: {"using":"xpath","value":"//button[@data-kt=\"addButton\"]"}
COMMAND: POST /session/bf687da40b3c98d128a44e447cb2f226/elements - {"using":"xpath","value":"//button[@data-kt=\"addButton\"]"}
RESULT: {"using":"xpath","value":"//button[@data-kt=\"addButton\"]"}
COMMAND: POST /session/bf687da40b3c98d128a44e447cb2f226/elements - {"using":"xpath","value":"//button[@data-kt=\"addButton\"]"}
RESULT: {"using":"xpath","value":"//button[@data-kt=\"addButton\"]"}
COMMAND: POST /session/bf687da40b3c98d128a44e447cb2f226/elements - {"using":"xpath","value":"//button[@data-kt=\"addButton\"]"}
RESULT: {"using":"xpath","value":"//button[@data-kt=\"addButton\"]"}
COMMAND: POST /session/bf687da40b3c98d128a44e447cb2f226/element - {"using":"xpath","value":"//button[@data-kt=\"addButton\"]"}
RESULT: {"using":"xpath","value":"//button[@data-kt=\"addButton\"]"}
COMMAND: POST /session/bf687da40b3c98d128a44e447cb2f226/execute/sync - {"script":"<script> [8489 bytes]","args":[{"element-6066-11e4-a52e-4f735466cecf":"f.868DDD9EF8C55ECB5E24C8AEC1C53E95.d.81963530030E4BC442FB7EE52BBB2816.e.7128","ELEMENT":"f.868DDD9EF8C55ECB5E24C8AEC1C53E95.d.81963530030E4BC442FB7EE52BBB2816.e.7128"}]}
RESULT: {"script":"<script> [8489 bytes]","args":[{"element-6066-11e4-a52e-4f735466cecf":"f.868DDD9EF8C55ECB5E24C8AEC1C53E95.d.81963530030E4BC442FB7EE52BBB2816.e.7128","ELEMENT":"f.868DDD9EF8C55ECB5E24C8AEC1C53E95.d.81963530030E4BC442FB7EE52BBB2816.e.7128"}]}
COMMAND: GET /session/bf687da40b3c98d128a44e447cb2f226/element/f.868DDD9EF8C55ECB5E24C8AEC1C53E95.d.81963530030E4BC442FB7EE52BBB2816.e.7128/enabled - {}
COMMAND: GET /session/bf687da40b3c98d128a44e447cb2f226/screenshot - {}
RESULT: {}
COMMAND: POST /session/bf687da40b3c98d128a44e447cb2f226/execute/sync - {"script":"<script> [8489 bytes]","args":[{"element-6066-11e4-a52e-4f735466cecf":"f.868DDD9EF8C55ECB5E24C8AEC1C53E95.d.81963530030E4BC442FB7EE52BBB2816.e.7128","ELEMENT":"f.868DDD9EF8C55ECB5E24C8AEC1C53E95.d.81963530030E4BC442FB7EE52BBB2816.e.7128"}]}
COMMAND: GET /session/bf687da40b3c98d128a44e447cb2f226/screenshot - {}
RESULT: {}
RESULT: {"script":"<script> [8489 bytes]","args":[{"element-6066-11e4-a52e-4f735466cecf":"f.868DDD9EF8C55ECB5E24C8AEC1C53E95.d.81963530030E4BC442FB7EE52BBB2816.e.7128","ELEMENT":"f.868DDD9EF8C55ECB5E24C8AEC1C53E95.d.81963530030E4BC442FB7EE52BBB2816.e.7128"}]}
COMMAND: POST /session/bf687da40b3c98d128a44e447cb2f226/execute/sync - {"script":"<script> [5351 bytes]","args":[{"element-6066-11e4-a52e-4f735466cecf":"f.868DDD9EF8C55ECB5E24C8AEC1C53E95.d.81963530030E4BC442FB7EE52BBB2816.e.7128","ELEMENT":"f.868DDD9EF8C55ECB5E24C8AEC1C53E95.d.81963530030E4BC442FB7EE52BBB2816.e.7128"}]}
COMMAND: GET /session/bf687da40b3c98d128a44e447cb2f226/screenshot - {}
RESULT: {}
RESULT: {"script":"<script> [5351 bytes]","args":[{"element-6066-11e4-a52e-4f735466cecf":"f.868DDD9EF8C55ECB5E24C8AEC1C53E95.d.81963530030E4BC442FB7EE52BBB2816.e.7128","ELEMENT":"f.868DDD9EF8C55ECB5E24C8AEC1C53E95.d.81963530030E4BC442FB7EE52BBB2816.e.7128"}]}
COMMAND: POST /session/bf687da40b3c98d128a44e447cb2f226/element/f.868DDD9EF8C55ECB5E24C8AEC1C53E95.d.81963530030E4BC442FB7EE52BBB2816.e.7128/click - {}
COMMAND: GET /session/bf687da40b3c98d128a44e447cb2f226/screenshot - {}
RESULT: {}
RESULT: {}
COMMAND: GET /session/bf687da40b3c98d128a44e447cb2f226/screenshot - {}
RESULT: {}
RESULT: {}
COMMAND: POST /session/bf687da40b3c98d128a44e447cb2f226/element - {"using":"xpath","value":"//button[@data-kt=\"saveButton\"]"}
RESULT: {"using":"xpath","value":"//button[@data-kt=\"saveButton\"]"}
COMMAND: POST /session/bf687da40b3c98d128a44e447cb2f226/element/f.868DDD9EF8C55ECB5E24C8AEC1C53E95.d.81963530030E4BC442FB7EE52BBB2816.e.7520/click - {}
RESULT: {}
COMMAND: GET /session/bf687da40b3c98d128a44e447cb2f226/screenshot - {}
RESULT: {}
COMMAND: POST /session/bf687da40b3c98d128a44e447cb2f226/element - {"using":"xpath","value":"//span[contains(@class, \"sapMMsgBoxText\")]"}
RESULT: {"using":"xpath","value":"//span[contains(@class, \"sapMMsgBoxText\")]"}
COMMAND: POST /session/bf687da40b3c98d128a44e447cb2f226/execute/sync - {"script":"<script> [56 bytes]","args":[{"element-6066-11e4-a52e-4f735466cecf":"f.868DDD9EF8C55ECB5E24C8AEC1C53E95.d.81963530030E4BC442FB7EE52BBB2816.e.7567","ELEMENT":"f.868DDD9EF8C55ECB5E24C8AEC1C53E95.d.81963530030E4BC442FB7EE52BBB2816.e.7567"}]}
RESULT: {"script":"<script> [56 bytes]","args":[{"element-6066-11e4-a52e-4f735466cecf":"f.868DDD9EF8C55ECB5E24C8AEC1C53E95.d.81963530030E4BC442FB7EE52BBB2816.e.7567","ELEMENT":"f.868DDD9EF8C55ECB5E24C8AEC1C53E95.d.81963530030E4BC442FB7EE52BBB2816.e.7567"}]}
COMMAND: POST /session/bf687da40b3c98d128a44e447cb2f226/element - {"using":"xpath","value":"(//bdi[contains(text(), \"Close\")])[1]"}
COMMAND: POST /session/bf687da40b3c98d128a44e447cb2f226/elements - {"using":"xpath","value":"//span[contains(@class, \"sapMMsgBoxText\")]"}
COMMAND: GET /session/bf687da40b3c98d128a44e447cb2f226/screenshot - {}
RESULT: {"using":"xpath","value":"//span[contains(@class, \"sapMMsgBoxText\")]"}
RESULT: {"using":"xpath","value":"(//bdi[contains(text(), \"Close\")])[1]"}
COMMAND: POST /session/bf687da40b3c98d128a44e447cb2f226/element/f.868DDD9EF8C55ECB5E24C8AEC1C53E95.d.81963530030E4BC442FB7EE52BBB2816.e.7568/click - {}
RESULT: {}
RESULT: {}
COMMAND: GET /session/bf687da40b3c98d128a44e447cb2f226/screenshot - {}
RESULT: {}
COMMAND: POST /session/bf687da40b3c98d128a44e447cb2f226/element - {"using":"css selector","value":"#shell-header-logo"}
RESULT: {"using":"css selector","value":"#shell-header-logo"}
COMMAND: POST /session/bf687da40b3c98d128a44e447cb2f226/element/f.868DDD9EF8C55ECB5E24C8AEC1C53E95.d.81963530030E4BC442FB7EE52BBB2816.e.7094/click - {}
RESULT: {}
COMMAND: GET /session/bf687da40b3c98d128a44e447cb2f226/screenshot - {}
RESULT: {}
]]></system-out>
    </testcase>
    <testcase classname="chrome.135_0_7049_96.windows.Partner_specific_tests_US150819_US151080_US151654_US151176_US103444_US151078_US151079_US151109_US151174_US151175_US151189" name="Should do various searches US151175" time="110.027">
      <skipped />
      <system-out><![CDATA[
COMMAND: POST /session/bf687da40b3c98d128a44e447cb2f226/element - {"using":"xpath","value":"//li[.//span[text()=\"Manage Partners\"]]"}
RESULT: {"using":"xpath","value":"//li[.//span[text()=\"Manage Partners\"]]"}
COMMAND: POST /session/bf687da40b3c98d128a44e447cb2f226/element - {"using":"xpath","value":"//li[.//span[text()=\"Manage Partners\"]]"}
RESULT: {"using":"xpath","value":"//li[.//span[text()=\"Manage Partners\"]]"}
COMMAND: POST /session/bf687da40b3c98d128a44e447cb2f226/element - {"using":"css selector","value":"#shell-header-logo"}
RESULT: {"using":"css selector","value":"#shell-header-logo"}
COMMAND: POST /session/bf687da40b3c98d128a44e447cb2f226/element/f.868DDD9EF8C55ECB5E24C8AEC1C53E95.d.81963530030E4BC442FB7EE52BBB2816.e.7570/click - {}
COMMAND: POST /session/bf687da40b3c98d128a44e447cb2f226/execute/sync - {"script":"<script> [8489 bytes]","args":[{"element-6066-11e4-a52e-4f735466cecf":"f.868DDD9EF8C55ECB5E24C8AEC1C53E95.d.81963530030E4BC442FB7EE52BBB2816.e.7570","ELEMENT":"f.868DDD9EF8C55ECB5E24C8AEC1C53E95.d.81963530030E4BC442FB7EE52BBB2816.e.7570"}]}
RESULT: {}
COMMAND: GET /session/bf687da40b3c98d128a44e447cb2f226/screenshot - {}
RESULT: {"script":"<script> [8489 bytes]","args":[{"element-6066-11e4-a52e-4f735466cecf":"f.868DDD9EF8C55ECB5E24C8AEC1C53E95.d.81963530030E4BC442FB7EE52BBB2816.e.7570","ELEMENT":"f.868DDD9EF8C55ECB5E24C8AEC1C53E95.d.81963530030E4BC442FB7EE52BBB2816.e.7570"}]}
COMMAND: POST /session/bf687da40b3c98d128a44e447cb2f226/execute/sync - {"script":"<script> [5351 bytes]","args":[{"element-6066-11e4-a52e-4f735466cecf":"f.868DDD9EF8C55ECB5E24C8AEC1C53E95.d.81963530030E4BC442FB7EE52BBB2816.e.7570","ELEMENT":"f.868DDD9EF8C55ECB5E24C8AEC1C53E95.d.81963530030E4BC442FB7EE52BBB2816.e.7570"}]}
COMMAND: GET /session/bf687da40b3c98d128a44e447cb2f226/screenshot - {}
RESULT: {}
RESULT: {"script":"<script> [5351 bytes]","args":[{"element-6066-11e4-a52e-4f735466cecf":"f.868DDD9EF8C55ECB5E24C8AEC1C53E95.d.81963530030E4BC442FB7EE52BBB2816.e.7570","ELEMENT":"f.868DDD9EF8C55ECB5E24C8AEC1C53E95.d.81963530030E4BC442FB7EE52BBB2816.e.7570"}]}
COMMAND: GET /session/bf687da40b3c98d128a44e447cb2f226/screenshot - {}
RESULT: {}
RESULT: {}
RESULT: undefined
COMMAND: POST /session/bf687da40b3c98d128a44e447cb2f226/element - {"using":"xpath","value":"//*[@id=\"__tile30\"]"}
RESULT: {"using":"xpath","value":"//*[@id=\"__tile30\"]"}
COMMAND: POST /session/bf687da40b3c98d128a44e447cb2f226/element/f.868DDD9EF8C55ECB5E24C8AEC1C53E95.d.81963530030E4BC442FB7EE52BBB2816.e.4481/click - {}
RESULT: {}
COMMAND: POST /session/bf687da40b3c98d128a44e447cb2f226/element - {"using":"xpath","value":"//button[@data-kt=\"addButton\"]"}
COMMAND: GET /session/bf687da40b3c98d128a44e447cb2f226/screenshot - {}
RESULT: {"using":"xpath","value":"//button[@data-kt=\"addButton\"]"}
COMMAND: POST /session/bf687da40b3c98d128a44e447cb2f226/elements - {"using":"xpath","value":"//button[@data-kt=\"addButton\"]"}
RESULT: {}
RESULT: {"using":"xpath","value":"//button[@data-kt=\"addButton\"]"}
COMMAND: POST /session/bf687da40b3c98d128a44e447cb2f226/elements - {"using":"xpath","value":"//button[@data-kt=\"addButton\"]"}
RESULT: {"using":"xpath","value":"//button[@data-kt=\"addButton\"]"}
COMMAND: POST /session/bf687da40b3c98d128a44e447cb2f226/elements - {"using":"xpath","value":"//button[@data-kt=\"addButton\"]"}
RESULT: {"using":"xpath","value":"//button[@data-kt=\"addButton\"]"}
COMMAND: POST /session/bf687da40b3c98d128a44e447cb2f226/element - {"using":"xpath","value":"//button[@data-kt=\"addButton\"]"}
RESULT: {"using":"xpath","value":"//button[@data-kt=\"addButton\"]"}
COMMAND: POST /session/bf687da40b3c98d128a44e447cb2f226/execute/sync - {"script":"<script> [8489 bytes]","args":[{"element-6066-11e4-a52e-4f735466cecf":"f.868DDD9EF8C55ECB5E24C8AEC1C53E95.d.81963530030E4BC442FB7EE52BBB2816.e.7615","ELEMENT":"f.868DDD9EF8C55ECB5E24C8AEC1C53E95.d.81963530030E4BC442FB7EE52BBB2816.e.7615"}]}
RESULT: {"script":"<script> [8489 bytes]","args":[{"element-6066-11e4-a52e-4f735466cecf":"f.868DDD9EF8C55ECB5E24C8AEC1C53E95.d.81963530030E4BC442FB7EE52BBB2816.e.7615","ELEMENT":"f.868DDD9EF8C55ECB5E24C8AEC1C53E95.d.81963530030E4BC442FB7EE52BBB2816.e.7615"}]}
COMMAND: GET /session/bf687da40b3c98d128a44e447cb2f226/element/f.868DDD9EF8C55ECB5E24C8AEC1C53E95.d.81963530030E4BC442FB7EE52BBB2816.e.7615/enabled - {}
COMMAND: GET /session/bf687da40b3c98d128a44e447cb2f226/screenshot - {}
RESULT: {}
COMMAND: POST /session/bf687da40b3c98d128a44e447cb2f226/execute/sync - {"script":"<script> [8489 bytes]","args":[{"element-6066-11e4-a52e-4f735466cecf":"f.868DDD9EF8C55ECB5E24C8AEC1C53E95.d.81963530030E4BC442FB7EE52BBB2816.e.7615","ELEMENT":"f.868DDD9EF8C55ECB5E24C8AEC1C53E95.d.81963530030E4BC442FB7EE52BBB2816.e.7615"}]}
COMMAND: GET /session/bf687da40b3c98d128a44e447cb2f226/screenshot - {}
RESULT: {}
RESULT: {"script":"<script> [8489 bytes]","args":[{"element-6066-11e4-a52e-4f735466cecf":"f.868DDD9EF8C55ECB5E24C8AEC1C53E95.d.81963530030E4BC442FB7EE52BBB2816.e.7615","ELEMENT":"f.868DDD9EF8C55ECB5E24C8AEC1C53E95.d.81963530030E4BC442FB7EE52BBB2816.e.7615"}]}
COMMAND: POST /session/bf687da40b3c98d128a44e447cb2f226/execute/sync - {"script":"<script> [5351 bytes]","args":[{"element-6066-11e4-a52e-4f735466cecf":"f.868DDD9EF8C55ECB5E24C8AEC1C53E95.d.81963530030E4BC442FB7EE52BBB2816.e.7615","ELEMENT":"f.868DDD9EF8C55ECB5E24C8AEC1C53E95.d.81963530030E4BC442FB7EE52BBB2816.e.7615"}]}
COMMAND: GET /session/bf687da40b3c98d128a44e447cb2f226/screenshot - {}
RESULT: {}
RESULT: {"script":"<script> [5351 bytes]","args":[{"element-6066-11e4-a52e-4f735466cecf":"f.868DDD9EF8C55ECB5E24C8AEC1C53E95.d.81963530030E4BC442FB7EE52BBB2816.e.7615","ELEMENT":"f.868DDD9EF8C55ECB5E24C8AEC1C53E95.d.81963530030E4BC442FB7EE52BBB2816.e.7615"}]}
COMMAND: GET /session/bf687da40b3c98d128a44e447cb2f226/screenshot - {}
RESULT: {}
RESULT: {}
COMMAND: POST /session/bf687da40b3c98d128a44e447cb2f226/element - {"using":"xpath","value":"//span[@id=\"application-managepartners-display-component---masterPtm--smartTable-header-inner\"]"}
RESULT: {"using":"xpath","value":"//span[@id=\"application-managepartners-display-component---masterPtm--smartTable-header-inner\"]"}
COMMAND: POST /session/bf687da40b3c98d128a44e447cb2f226/elements - {"using":"xpath","value":"//span[@id=\"application-managepartners-display-component---masterPtm--smartTable-header-inner\"]"}
RESULT: {"using":"xpath","value":"//span[@id=\"application-managepartners-display-component---masterPtm--smartTable-header-inner\"]"}
COMMAND: POST /session/bf687da40b3c98d128a44e447cb2f226/execute/sync - {"script":"<script> [56 bytes]","args":[{"element-6066-11e4-a52e-4f735466cecf":"f.868DDD9EF8C55ECB5E24C8AEC1C53E95.d.81963530030E4BC442FB7EE52BBB2816.e.7739","ELEMENT":"f.868DDD9EF8C55ECB5E24C8AEC1C53E95.d.81963530030E4BC442FB7EE52BBB2816.e.7739"}]}
RESULT: {"script":"<script> [56 bytes]","args":[{"element-6066-11e4-a52e-4f735466cecf":"f.868DDD9EF8C55ECB5E24C8AEC1C53E95.d.81963530030E4BC442FB7EE52BBB2816.e.7739","ELEMENT":"f.868DDD9EF8C55ECB5E24C8AEC1C53E95.d.81963530030E4BC442FB7EE52BBB2816.e.7739"}]}
RESULT: undefined
COMMAND: POST /session/bf687da40b3c98d128a44e447cb2f226/element - {"using":"xpath","value":"//*[@id=\"application-managepartners-display-component---masterPtm--smartFilterBar-btnFilters\"]"}
COMMAND: GET /session/bf687da40b3c98d128a44e447cb2f226/screenshot - {}
RESULT: {"using":"xpath","value":"//*[@id=\"application-managepartners-display-component---masterPtm--smartFilterBar-btnFilters\"]"}
COMMAND: POST /session/bf687da40b3c98d128a44e447cb2f226/element/f.868DDD9EF8C55ECB5E24C8AEC1C53E95.d.81963530030E4BC442FB7EE52BBB2816.e.7592/click - {}
RESULT: {}
RESULT: {}
COMMAND: GET /session/bf687da40b3c98d128a44e447cb2f226/screenshot - {}
RESULT: {}
COMMAND: POST /session/bf687da40b3c98d128a44e447cb2f226/elements - {"using":"xpath","value":"//table[contains(@id, \"listView-innerSelectionPanelTable-listUl\")]/tbody/tr"}
RESULT: {"using":"xpath","value":"//table[contains(@id, \"listView-innerSelectionPanelTable-listUl\")]/tbody/tr"}
COMMAND: POST /session/bf687da40b3c98d128a44e447cb2f226/element - {"using":"xpath","value":"//table[contains(@id, \"listView-innerSelectionPanelTable-listUl\")]/tbody/tr[2]/td[2]/div/div"}
RESULT: {"using":"xpath","value":"//table[contains(@id, \"listView-innerSelectionPanelTable-listUl\")]/tbody/tr[2]/td[2]/div/div"}
COMMAND: POST /session/bf687da40b3c98d128a44e447cb2f226/element - {"using":"xpath","value":"//table[contains(@id, \"listView-innerSelectionPanelTable-listUl\")]/tbody/tr[2]/td[2]/div"}
RESULT: {"using":"xpath","value":"//table[contains(@id, \"listView-innerSelectionPanelTable-listUl\")]/tbody/tr[2]/td[2]/div"}
COMMAND: POST /session/bf687da40b3c98d128a44e447cb2f226/element - {"using":"xpath","value":"//table[contains(@id, \"listView-innerSelectionPanelTable-listUl\")]/tbody/tr[2]/td[3]/div/div/span/span[1]/bdi"}
RESULT: {"using":"xpath","value":"//table[contains(@id, \"listView-innerSelectionPanelTable-listUl\")]/tbody/tr[2]/td[3]/div/div/span/span[1]/bdi"}
COMMAND: POST /session/bf687da40b3c98d128a44e447cb2f226/execute/sync - {"script":"<script> [56 bytes]","args":[{"element-6066-11e4-a52e-4f735466cecf":"f.868DDD9EF8C55ECB5E24C8AEC1C53E95.d.81963530030E4BC442FB7EE52BBB2816.e.7807","ELEMENT":"f.868DDD9EF8C55ECB5E24C8AEC1C53E95.d.81963530030E4BC442FB7EE52BBB2816.e.7807"}]}
RESULT: {"script":"<script> [56 bytes]","args":[{"element-6066-11e4-a52e-4f735466cecf":"f.868DDD9EF8C55ECB5E24C8AEC1C53E95.d.81963530030E4BC442FB7EE52BBB2816.e.7807","ELEMENT":"f.868DDD9EF8C55ECB5E24C8AEC1C53E95.d.81963530030E4BC442FB7EE52BBB2816.e.7807"}]}
COMMAND: GET /session/bf687da40b3c98d128a44e447cb2f226/element/f.868DDD9EF8C55ECB5E24C8AEC1C53E95.d.81963530030E4BC442FB7EE52BBB2816.e.7806/attribute/aria-checked - {}
COMMAND: GET /session/bf687da40b3c98d128a44e447cb2f226/screenshot - {}
RESULT: {}
COMMAND: POST /session/bf687da40b3c98d128a44e447cb2f226/element - {"using":"xpath","value":"//table[contains(@id, \"listView-innerSelectionPanelTable-listUl\")]/tbody/tr[3]/td[2]/div/div"}
RESULT: {}
RESULT: {"using":"xpath","value":"//table[contains(@id, \"listView-innerSelectionPanelTable-listUl\")]/tbody/tr[3]/td[2]/div/div"}
COMMAND: POST /session/bf687da40b3c98d128a44e447cb2f226/element - {"using":"xpath","value":"//table[contains(@id, \"listView-innerSelectionPanelTable-listUl\")]/tbody/tr[3]/td[2]/div"}
RESULT: {"using":"xpath","value":"//table[contains(@id, \"listView-innerSelectionPanelTable-listUl\")]/tbody/tr[3]/td[2]/div"}
COMMAND: POST /session/bf687da40b3c98d128a44e447cb2f226/element - {"using":"xpath","value":"//table[contains(@id, \"listView-innerSelectionPanelTable-listUl\")]/tbody/tr[3]/td[3]/div/div/span/span[1]/bdi"}
RESULT: {"using":"xpath","value":"//table[contains(@id, \"listView-innerSelectionPanelTable-listUl\")]/tbody/tr[3]/td[3]/div/div/span/span[1]/bdi"}
COMMAND: POST /session/bf687da40b3c98d128a44e447cb2f226/execute/sync - {"script":"<script> [56 bytes]","args":[{"element-6066-11e4-a52e-4f735466cecf":"f.868DDD9EF8C55ECB5E24C8AEC1C53E95.d.81963530030E4BC442FB7EE52BBB2816.e.7810","ELEMENT":"f.868DDD9EF8C55ECB5E24C8AEC1C53E95.d.81963530030E4BC442FB7EE52BBB2816.e.7810"}]}
RESULT: {"script":"<script> [56 bytes]","args":[{"element-6066-11e4-a52e-4f735466cecf":"f.868DDD9EF8C55ECB5E24C8AEC1C53E95.d.81963530030E4BC442FB7EE52BBB2816.e.7810","ELEMENT":"f.868DDD9EF8C55ECB5E24C8AEC1C53E95.d.81963530030E4BC442FB7EE52BBB2816.e.7810"}]}
COMMAND: GET /session/bf687da40b3c98d128a44e447cb2f226/element/f.868DDD9EF8C55ECB5E24C8AEC1C53E95.d.81963530030E4BC442FB7EE52BBB2816.e.7809/attribute/aria-checked - {}
COMMAND: GET /session/bf687da40b3c98d128a44e447cb2f226/screenshot - {}
RESULT: {}
COMMAND: POST /session/bf687da40b3c98d128a44e447cb2f226/element - {"using":"xpath","value":"//table[contains(@id, \"listView-innerSelectionPanelTable-listUl\")]/tbody/tr[4]/td[2]/div/div"}
RESULT: {}
RESULT: {"using":"xpath","value":"//table[contains(@id, \"listView-innerSelectionPanelTable-listUl\")]/tbody/tr[4]/td[2]/div/div"}
COMMAND: POST /session/bf687da40b3c98d128a44e447cb2f226/element - {"using":"xpath","value":"//table[contains(@id, \"listView-innerSelectionPanelTable-listUl\")]/tbody/tr[4]/td[2]/div"}
RESULT: {"using":"xpath","value":"//table[contains(@id, \"listView-innerSelectionPanelTable-listUl\")]/tbody/tr[4]/td[2]/div"}
COMMAND: POST /session/bf687da40b3c98d128a44e447cb2f226/element - {"using":"xpath","value":"//table[contains(@id, \"listView-innerSelectionPanelTable-listUl\")]/tbody/tr[4]/td[3]/div/div/span/span[1]/bdi"}
RESULT: {"using":"xpath","value":"//table[contains(@id, \"listView-innerSelectionPanelTable-listUl\")]/tbody/tr[4]/td[3]/div/div/span/span[1]/bdi"}
COMMAND: POST /session/bf687da40b3c98d128a44e447cb2f226/execute/sync - {"script":"<script> [56 bytes]","args":[{"element-6066-11e4-a52e-4f735466cecf":"f.868DDD9EF8C55ECB5E24C8AEC1C53E95.d.81963530030E4BC442FB7EE52BBB2816.e.7813","ELEMENT":"f.868DDD9EF8C55ECB5E24C8AEC1C53E95.d.81963530030E4BC442FB7EE52BBB2816.e.7813"}]}
RESULT: {"script":"<script> [56 bytes]","args":[{"element-6066-11e4-a52e-4f735466cecf":"f.868DDD9EF8C55ECB5E24C8AEC1C53E95.d.81963530030E4BC442FB7EE52BBB2816.e.7813","ELEMENT":"f.868DDD9EF8C55ECB5E24C8AEC1C53E95.d.81963530030E4BC442FB7EE52BBB2816.e.7813"}]}
COMMAND: GET /session/bf687da40b3c98d128a44e447cb2f226/element/f.868DDD9EF8C55ECB5E24C8AEC1C53E95.d.81963530030E4BC442FB7EE52BBB2816.e.7812/attribute/aria-checked - {}
COMMAND: GET /session/bf687da40b3c98d128a44e447cb2f226/screenshot - {}
RESULT: {}
COMMAND: POST /session/bf687da40b3c98d128a44e447cb2f226/element - {"using":"xpath","value":"//table[contains(@id, \"listView-innerSelectionPanelTable-listUl\")]/tbody/tr[5]/td[2]/div/div"}
RESULT: {}
RESULT: {"using":"xpath","value":"//table[contains(@id, \"listView-innerSelectionPanelTable-listUl\")]/tbody/tr[5]/td[2]/div/div"}
COMMAND: POST /session/bf687da40b3c98d128a44e447cb2f226/element - {"using":"xpath","value":"//table[contains(@id, \"listView-innerSelectionPanelTable-listUl\")]/tbody/tr[5]/td[2]/div"}
RESULT: {"using":"xpath","value":"//table[contains(@id, \"listView-innerSelectionPanelTable-listUl\")]/tbody/tr[5]/td[2]/div"}
COMMAND: POST /session/bf687da40b3c98d128a44e447cb2f226/element - {"using":"xpath","value":"//table[contains(@id, \"listView-innerSelectionPanelTable-listUl\")]/tbody/tr[5]/td[3]/div/div/span/span[1]/bdi"}
RESULT: {"using":"xpath","value":"//table[contains(@id, \"listView-innerSelectionPanelTable-listUl\")]/tbody/tr[5]/td[3]/div/div/span/span[1]/bdi"}
COMMAND: POST /session/bf687da40b3c98d128a44e447cb2f226/execute/sync - {"script":"<script> [56 bytes]","args":[{"element-6066-11e4-a52e-4f735466cecf":"f.868DDD9EF8C55ECB5E24C8AEC1C53E95.d.81963530030E4BC442FB7EE52BBB2816.e.7816","ELEMENT":"f.868DDD9EF8C55ECB5E24C8AEC1C53E95.d.81963530030E4BC442FB7EE52BBB2816.e.7816"}]}
RESULT: {"script":"<script> [56 bytes]","args":[{"element-6066-11e4-a52e-4f735466cecf":"f.868DDD9EF8C55ECB5E24C8AEC1C53E95.d.81963530030E4BC442FB7EE52BBB2816.e.7816","ELEMENT":"f.868DDD9EF8C55ECB5E24C8AEC1C53E95.d.81963530030E4BC442FB7EE52BBB2816.e.7816"}]}
COMMAND: GET /session/bf687da40b3c98d128a44e447cb2f226/element/f.868DDD9EF8C55ECB5E24C8AEC1C53E95.d.81963530030E4BC442FB7EE52BBB2816.e.7815/attribute/aria-checked - {}
COMMAND: GET /session/bf687da40b3c98d128a44e447cb2f226/screenshot - {}
RESULT: {}
COMMAND: POST /session/bf687da40b3c98d128a44e447cb2f226/element - {"using":"xpath","value":"//table[contains(@id, \"listView-innerSelectionPanelTable-listUl\")]/tbody/tr[6]/td[2]/div/div"}
RESULT: {}
RESULT: {"using":"xpath","value":"//table[contains(@id, \"listView-innerSelectionPanelTable-listUl\")]/tbody/tr[6]/td[2]/div/div"}
COMMAND: POST /session/bf687da40b3c98d128a44e447cb2f226/element - {"using":"xpath","value":"//table[contains(@id, \"listView-innerSelectionPanelTable-listUl\")]/tbody/tr[6]/td[2]/div"}
RESULT: {"using":"xpath","value":"//table[contains(@id, \"listView-innerSelectionPanelTable-listUl\")]/tbody/tr[6]/td[2]/div"}
COMMAND: POST /session/bf687da40b3c98d128a44e447cb2f226/element - {"using":"xpath","value":"//table[contains(@id, \"listView-innerSelectionPanelTable-listUl\")]/tbody/tr[6]/td[3]/div/div/span/span[1]/bdi"}
RESULT: {"using":"xpath","value":"//table[contains(@id, \"listView-innerSelectionPanelTable-listUl\")]/tbody/tr[6]/td[3]/div/div/span/span[1]/bdi"}
COMMAND: POST /session/bf687da40b3c98d128a44e447cb2f226/execute/sync - {"script":"<script> [56 bytes]","args":[{"element-6066-11e4-a52e-4f735466cecf":"f.868DDD9EF8C55ECB5E24C8AEC1C53E95.d.81963530030E4BC442FB7EE52BBB2816.e.7819","ELEMENT":"f.868DDD9EF8C55ECB5E24C8AEC1C53E95.d.81963530030E4BC442FB7EE52BBB2816.e.7819"}]}
RESULT: {"script":"<script> [56 bytes]","args":[{"element-6066-11e4-a52e-4f735466cecf":"f.868DDD9EF8C55ECB5E24C8AEC1C53E95.d.81963530030E4BC442FB7EE52BBB2816.e.7819","ELEMENT":"f.868DDD9EF8C55ECB5E24C8AEC1C53E95.d.81963530030E4BC442FB7EE52BBB2816.e.7819"}]}
COMMAND: GET /session/bf687da40b3c98d128a44e447cb2f226/element/f.868DDD9EF8C55ECB5E24C8AEC1C53E95.d.81963530030E4BC442FB7EE52BBB2816.e.7818/attribute/aria-checked - {}
COMMAND: GET /session/bf687da40b3c98d128a44e447cb2f226/screenshot - {}
RESULT: {}
COMMAND: POST /session/bf687da40b3c98d128a44e447cb2f226/element - {"using":"xpath","value":"//table[contains(@id, \"listView-innerSelectionPanelTable-listUl\")]/tbody/tr[7]/td[2]/div/div"}
RESULT: {}
RESULT: {"using":"xpath","value":"//table[contains(@id, \"listView-innerSelectionPanelTable-listUl\")]/tbody/tr[7]/td[2]/div/div"}
COMMAND: POST /session/bf687da40b3c98d128a44e447cb2f226/element - {"using":"xpath","value":"//table[contains(@id, \"listView-innerSelectionPanelTable-listUl\")]/tbody/tr[7]/td[2]/div"}
RESULT: {"using":"xpath","value":"//table[contains(@id, \"listView-innerSelectionPanelTable-listUl\")]/tbody/tr[7]/td[2]/div"}
COMMAND: POST /session/bf687da40b3c98d128a44e447cb2f226/element - {"using":"xpath","value":"//table[contains(@id, \"listView-innerSelectionPanelTable-listUl\")]/tbody/tr[7]/td[3]/div/div/span/span[1]/bdi"}
RESULT: {"using":"xpath","value":"//table[contains(@id, \"listView-innerSelectionPanelTable-listUl\")]/tbody/tr[7]/td[3]/div/div/span/span[1]/bdi"}
COMMAND: POST /session/bf687da40b3c98d128a44e447cb2f226/execute/sync - {"script":"<script> [56 bytes]","args":[{"element-6066-11e4-a52e-4f735466cecf":"f.868DDD9EF8C55ECB5E24C8AEC1C53E95.d.81963530030E4BC442FB7EE52BBB2816.e.7822","ELEMENT":"f.868DDD9EF8C55ECB5E24C8AEC1C53E95.d.81963530030E4BC442FB7EE52BBB2816.e.7822"}]}
RESULT: {"script":"<script> [56 bytes]","args":[{"element-6066-11e4-a52e-4f735466cecf":"f.868DDD9EF8C55ECB5E24C8AEC1C53E95.d.81963530030E4BC442FB7EE52BBB2816.e.7822","ELEMENT":"f.868DDD9EF8C55ECB5E24C8AEC1C53E95.d.81963530030E4BC442FB7EE52BBB2816.e.7822"}]}
COMMAND: GET /session/bf687da40b3c98d128a44e447cb2f226/element/f.868DDD9EF8C55ECB5E24C8AEC1C53E95.d.81963530030E4BC442FB7EE52BBB2816.e.7821/attribute/aria-checked - {}
COMMAND: GET /session/bf687da40b3c98d128a44e447cb2f226/screenshot - {}
RESULT: {}
COMMAND: POST /session/bf687da40b3c98d128a44e447cb2f226/element - {"using":"xpath","value":"//table[contains(@id, \"listView-innerSelectionPanelTable-listUl\")]/tbody/tr[8]/td[2]/div/div"}
RESULT: {}
RESULT: {"using":"xpath","value":"//table[contains(@id, \"listView-innerSelectionPanelTable-listUl\")]/tbody/tr[8]/td[2]/div/div"}
COMMAND: POST /session/bf687da40b3c98d128a44e447cb2f226/element - {"using":"xpath","value":"//table[contains(@id, \"listView-innerSelectionPanelTable-listUl\")]/tbody/tr[8]/td[2]/div"}
RESULT: {"using":"xpath","value":"//table[contains(@id, \"listView-innerSelectionPanelTable-listUl\")]/tbody/tr[8]/td[2]/div"}
COMMAND: POST /session/bf687da40b3c98d128a44e447cb2f226/element - {"using":"xpath","value":"//table[contains(@id, \"listView-innerSelectionPanelTable-listUl\")]/tbody/tr[8]/td[3]/div/div/span/span[1]/bdi"}
RESULT: {"using":"xpath","value":"//table[contains(@id, \"listView-innerSelectionPanelTable-listUl\")]/tbody/tr[8]/td[3]/div/div/span/span[1]/bdi"}
COMMAND: POST /session/bf687da40b3c98d128a44e447cb2f226/execute/sync - {"script":"<script> [56 bytes]","args":[{"element-6066-11e4-a52e-4f735466cecf":"f.868DDD9EF8C55ECB5E24C8AEC1C53E95.d.81963530030E4BC442FB7EE52BBB2816.e.7825","ELEMENT":"f.868DDD9EF8C55ECB5E24C8AEC1C53E95.d.81963530030E4BC442FB7EE52BBB2816.e.7825"}]}
RESULT: {"script":"<script> [56 bytes]","args":[{"element-6066-11e4-a52e-4f735466cecf":"f.868DDD9EF8C55ECB5E24C8AEC1C53E95.d.81963530030E4BC442FB7EE52BBB2816.e.7825","ELEMENT":"f.868DDD9EF8C55ECB5E24C8AEC1C53E95.d.81963530030E4BC442FB7EE52BBB2816.e.7825"}]}
COMMAND: GET /session/bf687da40b3c98d128a44e447cb2f226/element/f.868DDD9EF8C55ECB5E24C8AEC1C53E95.d.81963530030E4BC442FB7EE52BBB2816.e.7824/attribute/aria-checked - {}
COMMAND: GET /session/bf687da40b3c98d128a44e447cb2f226/screenshot - {}
RESULT: {}
COMMAND: POST /session/bf687da40b3c98d128a44e447cb2f226/element - {"using":"xpath","value":"//table[contains(@id, \"listView-innerSelectionPanelTable-listUl\")]/tbody/tr[9]/td[2]/div/div"}
RESULT: {}
RESULT: {"using":"xpath","value":"//table[contains(@id, \"listView-innerSelectionPanelTable-listUl\")]/tbody/tr[9]/td[2]/div/div"}
COMMAND: POST /session/bf687da40b3c98d128a44e447cb2f226/element - {"using":"xpath","value":"//table[contains(@id, \"listView-innerSelectionPanelTable-listUl\")]/tbody/tr[9]/td[2]/div"}
RESULT: {"using":"xpath","value":"//table[contains(@id, \"listView-innerSelectionPanelTable-listUl\")]/tbody/tr[9]/td[2]/div"}
COMMAND: POST /session/bf687da40b3c98d128a44e447cb2f226/element - {"using":"xpath","value":"//table[contains(@id, \"listView-innerSelectionPanelTable-listUl\")]/tbody/tr[9]/td[3]/div/div/span/span[1]/bdi"}
RESULT: {"using":"xpath","value":"//table[contains(@id, \"listView-innerSelectionPanelTable-listUl\")]/tbody/tr[9]/td[3]/div/div/span/span[1]/bdi"}
COMMAND: POST /session/bf687da40b3c98d128a44e447cb2f226/execute/sync - {"script":"<script> [56 bytes]","args":[{"element-6066-11e4-a52e-4f735466cecf":"f.868DDD9EF8C55ECB5E24C8AEC1C53E95.d.81963530030E4BC442FB7EE52BBB2816.e.7828","ELEMENT":"f.868DDD9EF8C55ECB5E24C8AEC1C53E95.d.81963530030E4BC442FB7EE52BBB2816.e.7828"}]}
RESULT: {"script":"<script> [56 bytes]","args":[{"element-6066-11e4-a52e-4f735466cecf":"f.868DDD9EF8C55ECB5E24C8AEC1C53E95.d.81963530030E4BC442FB7EE52BBB2816.e.7828","ELEMENT":"f.868DDD9EF8C55ECB5E24C8AEC1C53E95.d.81963530030E4BC442FB7EE52BBB2816.e.7828"}]}
COMMAND: GET /session/bf687da40b3c98d128a44e447cb2f226/element/f.868DDD9EF8C55ECB5E24C8AEC1C53E95.d.81963530030E4BC442FB7EE52BBB2816.e.7827/attribute/aria-checked - {}
COMMAND: GET /session/bf687da40b3c98d128a44e447cb2f226/screenshot - {}
RESULT: {}
COMMAND: POST /session/bf687da40b3c98d128a44e447cb2f226/element - {"using":"xpath","value":"//table[contains(@id, \"listView-innerSelectionPanelTable-listUl\")]/tbody/tr[10]/td[2]/div/div"}
RESULT: {}
RESULT: {"using":"xpath","value":"//table[contains(@id, \"listView-innerSelectionPanelTable-listUl\")]/tbody/tr[10]/td[2]/div/div"}
COMMAND: POST /session/bf687da40b3c98d128a44e447cb2f226/element - {"using":"xpath","value":"//table[contains(@id, \"listView-innerSelectionPanelTable-listUl\")]/tbody/tr[10]/td[2]/div"}
RESULT: {"using":"xpath","value":"//table[contains(@id, \"listView-innerSelectionPanelTable-listUl\")]/tbody/tr[10]/td[2]/div"}
COMMAND: POST /session/bf687da40b3c98d128a44e447cb2f226/element - {"using":"xpath","value":"//table[contains(@id, \"listView-innerSelectionPanelTable-listUl\")]/tbody/tr[10]/td[3]/div/div/span/span[1]/bdi"}
RESULT: {"using":"xpath","value":"//table[contains(@id, \"listView-innerSelectionPanelTable-listUl\")]/tbody/tr[10]/td[3]/div/div/span/span[1]/bdi"}
COMMAND: POST /session/bf687da40b3c98d128a44e447cb2f226/execute/sync - {"script":"<script> [56 bytes]","args":[{"element-6066-11e4-a52e-4f735466cecf":"f.868DDD9EF8C55ECB5E24C8AEC1C53E95.d.81963530030E4BC442FB7EE52BBB2816.e.7831","ELEMENT":"f.868DDD9EF8C55ECB5E24C8AEC1C53E95.d.81963530030E4BC442FB7EE52BBB2816.e.7831"}]}
RESULT: {"script":"<script> [56 bytes]","args":[{"element-6066-11e4-a52e-4f735466cecf":"f.868DDD9EF8C55ECB5E24C8AEC1C53E95.d.81963530030E4BC442FB7EE52BBB2816.e.7831","ELEMENT":"f.868DDD9EF8C55ECB5E24C8AEC1C53E95.d.81963530030E4BC442FB7EE52BBB2816.e.7831"}]}
COMMAND: GET /session/bf687da40b3c98d128a44e447cb2f226/element/f.868DDD9EF8C55ECB5E24C8AEC1C53E95.d.81963530030E4BC442FB7EE52BBB2816.e.7830/attribute/aria-checked - {}
COMMAND: GET /session/bf687da40b3c98d128a44e447cb2f226/screenshot - {}
RESULT: {}
COMMAND: POST /session/bf687da40b3c98d128a44e447cb2f226/element - {"using":"xpath","value":"//table[contains(@id, \"listView-innerSelectionPanelTable-listUl\")]/tbody/tr[11]/td[2]/div/div"}
RESULT: {}
RESULT: {"using":"xpath","value":"//table[contains(@id, \"listView-innerSelectionPanelTable-listUl\")]/tbody/tr[11]/td[2]/div/div"}
COMMAND: POST /session/bf687da40b3c98d128a44e447cb2f226/element - {"using":"xpath","value":"//table[contains(@id, \"listView-innerSelectionPanelTable-listUl\")]/tbody/tr[11]/td[2]/div"}
RESULT: {"using":"xpath","value":"//table[contains(@id, \"listView-innerSelectionPanelTable-listUl\")]/tbody/tr[11]/td[2]/div"}
COMMAND: POST /session/bf687da40b3c98d128a44e447cb2f226/element - {"using":"xpath","value":"//table[contains(@id, \"listView-innerSelectionPanelTable-listUl\")]/tbody/tr[11]/td[3]/div/div/span/span[1]/bdi"}
RESULT: {"using":"xpath","value":"//table[contains(@id, \"listView-innerSelectionPanelTable-listUl\")]/tbody/tr[11]/td[3]/div/div/span/span[1]/bdi"}
COMMAND: POST /session/bf687da40b3c98d128a44e447cb2f226/execute/sync - {"script":"<script> [56 bytes]","args":[{"element-6066-11e4-a52e-4f735466cecf":"f.868DDD9EF8C55ECB5E24C8AEC1C53E95.d.81963530030E4BC442FB7EE52BBB2816.e.7834","ELEMENT":"f.868DDD9EF8C55ECB5E24C8AEC1C53E95.d.81963530030E4BC442FB7EE52BBB2816.e.7834"}]}
RESULT: {"script":"<script> [56 bytes]","args":[{"element-6066-11e4-a52e-4f735466cecf":"f.868DDD9EF8C55ECB5E24C8AEC1C53E95.d.81963530030E4BC442FB7EE52BBB2816.e.7834","ELEMENT":"f.868DDD9EF8C55ECB5E24C8AEC1C53E95.d.81963530030E4BC442FB7EE52BBB2816.e.7834"}]}
COMMAND: GET /session/bf687da40b3c98d128a44e447cb2f226/element/f.868DDD9EF8C55ECB5E24C8AEC1C53E95.d.81963530030E4BC442FB7EE52BBB2816.e.7833/attribute/aria-checked - {}
COMMAND: GET /session/bf687da40b3c98d128a44e447cb2f226/screenshot - {}
RESULT: {}
COMMAND: POST /session/bf687da40b3c98d128a44e447cb2f226/element - {"using":"xpath","value":"//table[contains(@id, \"listView-innerSelectionPanelTable-listUl\")]/tbody/tr[12]/td[2]/div/div"}
RESULT: {}
RESULT: {"using":"xpath","value":"//table[contains(@id, \"listView-innerSelectionPanelTable-listUl\")]/tbody/tr[12]/td[2]/div/div"}
COMMAND: POST /session/bf687da40b3c98d128a44e447cb2f226/element - {"using":"xpath","value":"//table[contains(@id, \"listView-innerSelectionPanelTable-listUl\")]/tbody/tr[12]/td[2]/div"}
RESULT: {"using":"xpath","value":"//table[contains(@id, \"listView-innerSelectionPanelTable-listUl\")]/tbody/tr[12]/td[2]/div"}
COMMAND: POST /session/bf687da40b3c98d128a44e447cb2f226/element - {"using":"xpath","value":"//table[contains(@id, \"listView-innerSelectionPanelTable-listUl\")]/tbody/tr[12]/td[3]/div/div/span/span[1]/bdi"}
RESULT: {"using":"xpath","value":"//table[contains(@id, \"listView-innerSelectionPanelTable-listUl\")]/tbody/tr[12]/td[3]/div/div/span/span[1]/bdi"}
COMMAND: POST /session/bf687da40b3c98d128a44e447cb2f226/execute/sync - {"script":"<script> [56 bytes]","args":[{"element-6066-11e4-a52e-4f735466cecf":"f.868DDD9EF8C55ECB5E24C8AEC1C53E95.d.81963530030E4BC442FB7EE52BBB2816.e.7837","ELEMENT":"f.868DDD9EF8C55ECB5E24C8AEC1C53E95.d.81963530030E4BC442FB7EE52BBB2816.e.7837"}]}
RESULT: {"script":"<script> [56 bytes]","args":[{"element-6066-11e4-a52e-4f735466cecf":"f.868DDD9EF8C55ECB5E24C8AEC1C53E95.d.81963530030E4BC442FB7EE52BBB2816.e.7837","ELEMENT":"f.868DDD9EF8C55ECB5E24C8AEC1C53E95.d.81963530030E4BC442FB7EE52BBB2816.e.7837"}]}
COMMAND: GET /session/bf687da40b3c98d128a44e447cb2f226/element/f.868DDD9EF8C55ECB5E24C8AEC1C53E95.d.81963530030E4BC442FB7EE52BBB2816.e.7836/attribute/aria-checked - {}
COMMAND: GET /session/bf687da40b3c98d128a44e447cb2f226/screenshot - {}
RESULT: {}
COMMAND: POST /session/bf687da40b3c98d128a44e447cb2f226/element - {"using":"xpath","value":"//table[contains(@id, \"listView-innerSelectionPanelTable-listUl\")]/tbody/tr[13]/td[2]/div/div"}
RESULT: {}
RESULT: {"using":"xpath","value":"//table[contains(@id, \"listView-innerSelectionPanelTable-listUl\")]/tbody/tr[13]/td[2]/div/div"}
COMMAND: POST /session/bf687da40b3c98d128a44e447cb2f226/element - {"using":"xpath","value":"//table[contains(@id, \"listView-innerSelectionPanelTable-listUl\")]/tbody/tr[13]/td[2]/div"}
RESULT: {"using":"xpath","value":"//table[contains(@id, \"listView-innerSelectionPanelTable-listUl\")]/tbody/tr[13]/td[2]/div"}
COMMAND: POST /session/bf687da40b3c98d128a44e447cb2f226/element - {"using":"xpath","value":"//table[contains(@id, \"listView-innerSelectionPanelTable-listUl\")]/tbody/tr[13]/td[3]/div/div/span/span[1]/bdi"}
RESULT: {"using":"xpath","value":"//table[contains(@id, \"listView-innerSelectionPanelTable-listUl\")]/tbody/tr[13]/td[3]/div/div/span/span[1]/bdi"}
COMMAND: POST /session/bf687da40b3c98d128a44e447cb2f226/execute/sync - {"script":"<script> [56 bytes]","args":[{"element-6066-11e4-a52e-4f735466cecf":"f.868DDD9EF8C55ECB5E24C8AEC1C53E95.d.81963530030E4BC442FB7EE52BBB2816.e.7840","ELEMENT":"f.868DDD9EF8C55ECB5E24C8AEC1C53E95.d.81963530030E4BC442FB7EE52BBB2816.e.7840"}]}
RESULT: {"script":"<script> [56 bytes]","args":[{"element-6066-11e4-a52e-4f735466cecf":"f.868DDD9EF8C55ECB5E24C8AEC1C53E95.d.81963530030E4BC442FB7EE52BBB2816.e.7840","ELEMENT":"f.868DDD9EF8C55ECB5E24C8AEC1C53E95.d.81963530030E4BC442FB7EE52BBB2816.e.7840"}]}
COMMAND: GET /session/bf687da40b3c98d128a44e447cb2f226/element/f.868DDD9EF8C55ECB5E24C8AEC1C53E95.d.81963530030E4BC442FB7EE52BBB2816.e.7839/attribute/aria-checked - {}
COMMAND: GET /session/bf687da40b3c98d128a44e447cb2f226/screenshot - {}
RESULT: {}
COMMAND: POST /session/bf687da40b3c98d128a44e447cb2f226/element - {"using":"xpath","value":"//table[contains(@id, \"listView-innerSelectionPanelTable-listUl\")]/tbody/tr[14]/td[2]/div/div"}
RESULT: {}
RESULT: {"using":"xpath","value":"//table[contains(@id, \"listView-innerSelectionPanelTable-listUl\")]/tbody/tr[14]/td[2]/div/div"}
COMMAND: POST /session/bf687da40b3c98d128a44e447cb2f226/element - {"using":"xpath","value":"//table[contains(@id, \"listView-innerSelectionPanelTable-listUl\")]/tbody/tr[14]/td[2]/div"}
RESULT: {"using":"xpath","value":"//table[contains(@id, \"listView-innerSelectionPanelTable-listUl\")]/tbody/tr[14]/td[2]/div"}
COMMAND: POST /session/bf687da40b3c98d128a44e447cb2f226/element - {"using":"xpath","value":"//table[contains(@id, \"listView-innerSelectionPanelTable-listUl\")]/tbody/tr[14]/td[3]/div/div/span/span[1]/bdi"}
RESULT: {"using":"xpath","value":"//table[contains(@id, \"listView-innerSelectionPanelTable-listUl\")]/tbody/tr[14]/td[3]/div/div/span/span[1]/bdi"}
COMMAND: POST /session/bf687da40b3c98d128a44e447cb2f226/execute/sync - {"script":"<script> [56 bytes]","args":[{"element-6066-11e4-a52e-4f735466cecf":"f.868DDD9EF8C55ECB5E24C8AEC1C53E95.d.81963530030E4BC442FB7EE52BBB2816.e.7843","ELEMENT":"f.868DDD9EF8C55ECB5E24C8AEC1C53E95.d.81963530030E4BC442FB7EE52BBB2816.e.7843"}]}
RESULT: {"script":"<script> [56 bytes]","args":[{"element-6066-11e4-a52e-4f735466cecf":"f.868DDD9EF8C55ECB5E24C8AEC1C53E95.d.81963530030E4BC442FB7EE52BBB2816.e.7843","ELEMENT":"f.868DDD9EF8C55ECB5E24C8AEC1C53E95.d.81963530030E4BC442FB7EE52BBB2816.e.7843"}]}
COMMAND: GET /session/bf687da40b3c98d128a44e447cb2f226/element/f.868DDD9EF8C55ECB5E24C8AEC1C53E95.d.81963530030E4BC442FB7EE52BBB2816.e.7842/attribute/aria-checked - {}
COMMAND: GET /session/bf687da40b3c98d128a44e447cb2f226/screenshot - {}
RESULT: {}
COMMAND: POST /session/bf687da40b3c98d128a44e447cb2f226/element - {"using":"xpath","value":"//table[contains(@id, \"listView-innerSelectionPanelTable-listUl\")]/tbody/tr[15]/td[2]/div/div"}
RESULT: {}
RESULT: {"using":"xpath","value":"//table[contains(@id, \"listView-innerSelectionPanelTable-listUl\")]/tbody/tr[15]/td[2]/div/div"}
COMMAND: POST /session/bf687da40b3c98d128a44e447cb2f226/element - {"using":"xpath","value":"//table[contains(@id, \"listView-innerSelectionPanelTable-listUl\")]/tbody/tr[15]/td[2]/div"}
RESULT: {"using":"xpath","value":"//table[contains(@id, \"listView-innerSelectionPanelTable-listUl\")]/tbody/tr[15]/td[2]/div"}
COMMAND: POST /session/bf687da40b3c98d128a44e447cb2f226/element - {"using":"xpath","value":"//table[contains(@id, \"listView-innerSelectionPanelTable-listUl\")]/tbody/tr[15]/td[3]/div/div/span/span[1]/bdi"}
RESULT: {"using":"xpath","value":"//table[contains(@id, \"listView-innerSelectionPanelTable-listUl\")]/tbody/tr[15]/td[3]/div/div/span/span[1]/bdi"}
COMMAND: POST /session/bf687da40b3c98d128a44e447cb2f226/execute/sync - {"script":"<script> [56 bytes]","args":[{"element-6066-11e4-a52e-4f735466cecf":"f.868DDD9EF8C55ECB5E24C8AEC1C53E95.d.81963530030E4BC442FB7EE52BBB2816.e.7846","ELEMENT":"f.868DDD9EF8C55ECB5E24C8AEC1C53E95.d.81963530030E4BC442FB7EE52BBB2816.e.7846"}]}
RESULT: {"script":"<script> [56 bytes]","args":[{"element-6066-11e4-a52e-4f735466cecf":"f.868DDD9EF8C55ECB5E24C8AEC1C53E95.d.81963530030E4BC442FB7EE52BBB2816.e.7846","ELEMENT":"f.868DDD9EF8C55ECB5E24C8AEC1C53E95.d.81963530030E4BC442FB7EE52BBB2816.e.7846"}]}
COMMAND: GET /session/bf687da40b3c98d128a44e447cb2f226/element/f.868DDD9EF8C55ECB5E24C8AEC1C53E95.d.81963530030E4BC442FB7EE52BBB2816.e.7845/attribute/aria-checked - {}
COMMAND: GET /session/bf687da40b3c98d128a44e447cb2f226/screenshot - {}
RESULT: {}
COMMAND: POST /session/bf687da40b3c98d128a44e447cb2f226/element - {"using":"xpath","value":"//table[contains(@id, \"listView-innerSelectionPanelTable-listUl\")]/tbody/tr[16]/td[2]/div/div"}
RESULT: {}
RESULT: {"using":"xpath","value":"//table[contains(@id, \"listView-innerSelectionPanelTable-listUl\")]/tbody/tr[16]/td[2]/div/div"}
COMMAND: POST /session/bf687da40b3c98d128a44e447cb2f226/element - {"using":"xpath","value":"//table[contains(@id, \"listView-innerSelectionPanelTable-listUl\")]/tbody/tr[16]/td[2]/div"}
RESULT: {"using":"xpath","value":"//table[contains(@id, \"listView-innerSelectionPanelTable-listUl\")]/tbody/tr[16]/td[2]/div"}
COMMAND: POST /session/bf687da40b3c98d128a44e447cb2f226/element - {"using":"xpath","value":"//table[contains(@id, \"listView-innerSelectionPanelTable-listUl\")]/tbody/tr[16]/td[3]/div/div/span/span[1]/bdi"}
RESULT: {"using":"xpath","value":"//table[contains(@id, \"listView-innerSelectionPanelTable-listUl\")]/tbody/tr[16]/td[3]/div/div/span/span[1]/bdi"}
COMMAND: POST /session/bf687da40b3c98d128a44e447cb2f226/execute/sync - {"script":"<script> [56 bytes]","args":[{"element-6066-11e4-a52e-4f735466cecf":"f.868DDD9EF8C55ECB5E24C8AEC1C53E95.d.81963530030E4BC442FB7EE52BBB2816.e.7849","ELEMENT":"f.868DDD9EF8C55ECB5E24C8AEC1C53E95.d.81963530030E4BC442FB7EE52BBB2816.e.7849"}]}
RESULT: {"script":"<script> [56 bytes]","args":[{"element-6066-11e4-a52e-4f735466cecf":"f.868DDD9EF8C55ECB5E24C8AEC1C53E95.d.81963530030E4BC442FB7EE52BBB2816.e.7849","ELEMENT":"f.868DDD9EF8C55ECB5E24C8AEC1C53E95.d.81963530030E4BC442FB7EE52BBB2816.e.7849"}]}
COMMAND: GET /session/bf687da40b3c98d128a44e447cb2f226/element/f.868DDD9EF8C55ECB5E24C8AEC1C53E95.d.81963530030E4BC442FB7EE52BBB2816.e.7848/attribute/aria-checked - {}
COMMAND: GET /session/bf687da40b3c98d128a44e447cb2f226/screenshot - {}
RESULT: {}
COMMAND: POST /session/bf687da40b3c98d128a44e447cb2f226/element - {"using":"xpath","value":"//table[contains(@id, \"listView-innerSelectionPanelTable-listUl\")]/tbody/tr[17]/td[2]/div/div"}
RESULT: {}
RESULT: {"using":"xpath","value":"//table[contains(@id, \"listView-innerSelectionPanelTable-listUl\")]/tbody/tr[17]/td[2]/div/div"}
COMMAND: POST /session/bf687da40b3c98d128a44e447cb2f226/element - {"using":"xpath","value":"//table[contains(@id, \"listView-innerSelectionPanelTable-listUl\")]/tbody/tr[17]/td[2]/div"}
RESULT: {"using":"xpath","value":"//table[contains(@id, \"listView-innerSelectionPanelTable-listUl\")]/tbody/tr[17]/td[2]/div"}
COMMAND: POST /session/bf687da40b3c98d128a44e447cb2f226/element - {"using":"xpath","value":"//table[contains(@id, \"listView-innerSelectionPanelTable-listUl\")]/tbody/tr[17]/td[3]/div/div/span/span[1]/bdi"}
RESULT: {"using":"xpath","value":"//table[contains(@id, \"listView-innerSelectionPanelTable-listUl\")]/tbody/tr[17]/td[3]/div/div/span/span[1]/bdi"}
COMMAND: POST /session/bf687da40b3c98d128a44e447cb2f226/execute/sync - {"script":"<script> [56 bytes]","args":[{"element-6066-11e4-a52e-4f735466cecf":"f.868DDD9EF8C55ECB5E24C8AEC1C53E95.d.81963530030E4BC442FB7EE52BBB2816.e.7852","ELEMENT":"f.868DDD9EF8C55ECB5E24C8AEC1C53E95.d.81963530030E4BC442FB7EE52BBB2816.e.7852"}]}
RESULT: {"script":"<script> [56 bytes]","args":[{"element-6066-11e4-a52e-4f735466cecf":"f.868DDD9EF8C55ECB5E24C8AEC1C53E95.d.81963530030E4BC442FB7EE52BBB2816.e.7852","ELEMENT":"f.868DDD9EF8C55ECB5E24C8AEC1C53E95.d.81963530030E4BC442FB7EE52BBB2816.e.7852"}]}
COMMAND: GET /session/bf687da40b3c98d128a44e447cb2f226/element/f.868DDD9EF8C55ECB5E24C8AEC1C53E95.d.81963530030E4BC442FB7EE52BBB2816.e.7851/attribute/aria-checked - {}
COMMAND: GET /session/bf687da40b3c98d128a44e447cb2f226/screenshot - {}
RESULT: {}
COMMAND: POST /session/bf687da40b3c98d128a44e447cb2f226/element - {"using":"xpath","value":"//table[contains(@id, \"listView-innerSelectionPanelTable-listUl\")]/tbody/tr[18]/td[2]/div/div"}
RESULT: {}
RESULT: {"using":"xpath","value":"//table[contains(@id, \"listView-innerSelectionPanelTable-listUl\")]/tbody/tr[18]/td[2]/div/div"}
COMMAND: POST /session/bf687da40b3c98d128a44e447cb2f226/element - {"using":"xpath","value":"//table[contains(@id, \"listView-innerSelectionPanelTable-listUl\")]/tbody/tr[18]/td[2]/div"}
RESULT: {"using":"xpath","value":"//table[contains(@id, \"listView-innerSelectionPanelTable-listUl\")]/tbody/tr[18]/td[2]/div"}
COMMAND: POST /session/bf687da40b3c98d128a44e447cb2f226/element - {"using":"xpath","value":"//table[contains(@id, \"listView-innerSelectionPanelTable-listUl\")]/tbody/tr[18]/td[3]/div/div/span/span[1]/bdi"}
RESULT: {"using":"xpath","value":"//table[contains(@id, \"listView-innerSelectionPanelTable-listUl\")]/tbody/tr[18]/td[3]/div/div/span/span[1]/bdi"}
COMMAND: POST /session/bf687da40b3c98d128a44e447cb2f226/execute/sync - {"script":"<script> [56 bytes]","args":[{"element-6066-11e4-a52e-4f735466cecf":"f.868DDD9EF8C55ECB5E24C8AEC1C53E95.d.81963530030E4BC442FB7EE52BBB2816.e.7855","ELEMENT":"f.868DDD9EF8C55ECB5E24C8AEC1C53E95.d.81963530030E4BC442FB7EE52BBB2816.e.7855"}]}
RESULT: {"script":"<script> [56 bytes]","args":[{"element-6066-11e4-a52e-4f735466cecf":"f.868DDD9EF8C55ECB5E24C8AEC1C53E95.d.81963530030E4BC442FB7EE52BBB2816.e.7855","ELEMENT":"f.868DDD9EF8C55ECB5E24C8AEC1C53E95.d.81963530030E4BC442FB7EE52BBB2816.e.7855"}]}
COMMAND: GET /session/bf687da40b3c98d128a44e447cb2f226/element/f.868DDD9EF8C55ECB5E24C8AEC1C53E95.d.81963530030E4BC442FB7EE52BBB2816.e.7854/attribute/aria-checked - {}
COMMAND: GET /session/bf687da40b3c98d128a44e447cb2f226/screenshot - {}
RESULT: {}
COMMAND: POST /session/bf687da40b3c98d128a44e447cb2f226/element - {"using":"xpath","value":"//table[contains(@id, \"listView-innerSelectionPanelTable-listUl\")]/tbody/tr[19]/td[2]/div/div"}
RESULT: {}
RESULT: {"using":"xpath","value":"//table[contains(@id, \"listView-innerSelectionPanelTable-listUl\")]/tbody/tr[19]/td[2]/div/div"}
COMMAND: POST /session/bf687da40b3c98d128a44e447cb2f226/element - {"using":"xpath","value":"//table[contains(@id, \"listView-innerSelectionPanelTable-listUl\")]/tbody/tr[19]/td[2]/div"}
RESULT: {"using":"xpath","value":"//table[contains(@id, \"listView-innerSelectionPanelTable-listUl\")]/tbody/tr[19]/td[2]/div"}
COMMAND: POST /session/bf687da40b3c98d128a44e447cb2f226/element - {"using":"xpath","value":"//table[contains(@id, \"listView-innerSelectionPanelTable-listUl\")]/tbody/tr[19]/td[3]/div/div/span/span[1]/bdi"}
RESULT: {"using":"xpath","value":"//table[contains(@id, \"listView-innerSelectionPanelTable-listUl\")]/tbody/tr[19]/td[3]/div/div/span/span[1]/bdi"}
COMMAND: POST /session/bf687da40b3c98d128a44e447cb2f226/execute/sync - {"script":"<script> [56 bytes]","args":[{"element-6066-11e4-a52e-4f735466cecf":"f.868DDD9EF8C55ECB5E24C8AEC1C53E95.d.81963530030E4BC442FB7EE52BBB2816.e.7858","ELEMENT":"f.868DDD9EF8C55ECB5E24C8AEC1C53E95.d.81963530030E4BC442FB7EE52BBB2816.e.7858"}]}
RESULT: {"script":"<script> [56 bytes]","args":[{"element-6066-11e4-a52e-4f735466cecf":"f.868DDD9EF8C55ECB5E24C8AEC1C53E95.d.81963530030E4BC442FB7EE52BBB2816.e.7858","ELEMENT":"f.868DDD9EF8C55ECB5E24C8AEC1C53E95.d.81963530030E4BC442FB7EE52BBB2816.e.7858"}]}
COMMAND: GET /session/bf687da40b3c98d128a44e447cb2f226/element/f.868DDD9EF8C55ECB5E24C8AEC1C53E95.d.81963530030E4BC442FB7EE52BBB2816.e.7857/attribute/aria-checked - {}
COMMAND: GET /session/bf687da40b3c98d128a44e447cb2f226/screenshot - {}
RESULT: {}
COMMAND: POST /session/bf687da40b3c98d128a44e447cb2f226/element - {"using":"xpath","value":"//table[contains(@id, \"listView-innerSelectionPanelTable-listUl\")]/tbody/tr[20]/td[2]/div/div"}
RESULT: {}
RESULT: {"using":"xpath","value":"//table[contains(@id, \"listView-innerSelectionPanelTable-listUl\")]/tbody/tr[20]/td[2]/div/div"}
COMMAND: POST /session/bf687da40b3c98d128a44e447cb2f226/element - {"using":"xpath","value":"//table[contains(@id, \"listView-innerSelectionPanelTable-listUl\")]/tbody/tr[20]/td[2]/div"}
RESULT: {"using":"xpath","value":"//table[contains(@id, \"listView-innerSelectionPanelTable-listUl\")]/tbody/tr[20]/td[2]/div"}
COMMAND: POST /session/bf687da40b3c98d128a44e447cb2f226/element - {"using":"xpath","value":"//table[contains(@id, \"listView-innerSelectionPanelTable-listUl\")]/tbody/tr[20]/td[3]/div/div/span/span[1]/bdi"}
RESULT: {"using":"xpath","value":"//table[contains(@id, \"listView-innerSelectionPanelTable-listUl\")]/tbody/tr[20]/td[3]/div/div/span/span[1]/bdi"}
COMMAND: POST /session/bf687da40b3c98d128a44e447cb2f226/execute/sync - {"script":"<script> [56 bytes]","args":[{"element-6066-11e4-a52e-4f735466cecf":"f.868DDD9EF8C55ECB5E24C8AEC1C53E95.d.81963530030E4BC442FB7EE52BBB2816.e.7861","ELEMENT":"f.868DDD9EF8C55ECB5E24C8AEC1C53E95.d.81963530030E4BC442FB7EE52BBB2816.e.7861"}]}
RESULT: {"script":"<script> [56 bytes]","args":[{"element-6066-11e4-a52e-4f735466cecf":"f.868DDD9EF8C55ECB5E24C8AEC1C53E95.d.81963530030E4BC442FB7EE52BBB2816.e.7861","ELEMENT":"f.868DDD9EF8C55ECB5E24C8AEC1C53E95.d.81963530030E4BC442FB7EE52BBB2816.e.7861"}]}
COMMAND: GET /session/bf687da40b3c98d128a44e447cb2f226/element/f.868DDD9EF8C55ECB5E24C8AEC1C53E95.d.81963530030E4BC442FB7EE52BBB2816.e.7860/attribute/aria-checked - {}
COMMAND: GET /session/bf687da40b3c98d128a44e447cb2f226/screenshot - {}
RESULT: {}
COMMAND: POST /session/bf687da40b3c98d128a44e447cb2f226/element - {"using":"xpath","value":"//table[contains(@id, \"listView-innerSelectionPanelTable-listUl\")]/tbody/tr[21]/td[2]/div/div"}
COMMAND: POST /session/bf687da40b3c98d128a44e447cb2f226/element/f.868DDD9EF8C55ECB5E24C8AEC1C53E95.d.81963530030E4BC442FB7EE52BBB2816.e.7859/click - {}
RESULT: {}
RESULT: {"using":"xpath","value":"//table[contains(@id, \"listView-innerSelectionPanelTable-listUl\")]/tbody/tr[21]/td[2]/div/div"}
COMMAND: POST /session/bf687da40b3c98d128a44e447cb2f226/element - {"using":"xpath","value":"//table[contains(@id, \"listView-innerSelectionPanelTable-listUl\")]/tbody/tr[21]/td[2]/div"}
RESULT: {}
COMMAND: GET /session/bf687da40b3c98d128a44e447cb2f226/screenshot - {}
RESULT: {"using":"xpath","value":"//table[contains(@id, \"listView-innerSelectionPanelTable-listUl\")]/tbody/tr[21]/td[2]/div"}
COMMAND: POST /session/bf687da40b3c98d128a44e447cb2f226/element - {"using":"xpath","value":"//table[contains(@id, \"listView-innerSelectionPanelTable-listUl\")]/tbody/tr[21]/td[3]/div/div/span/span[1]/bdi"}
RESULT: {}
RESULT: {"using":"xpath","value":"//table[contains(@id, \"listView-innerSelectionPanelTable-listUl\")]/tbody/tr[21]/td[3]/div/div/span/span[1]/bdi"}
COMMAND: POST /session/bf687da40b3c98d128a44e447cb2f226/execute/sync - {"script":"<script> [56 bytes]","args":[{"element-6066-11e4-a52e-4f735466cecf":"f.868DDD9EF8C55ECB5E24C8AEC1C53E95.d.81963530030E4BC442FB7EE52BBB2816.e.7867","ELEMENT":"f.868DDD9EF8C55ECB5E24C8AEC1C53E95.d.81963530030E4BC442FB7EE52BBB2816.e.7867"}]}
RESULT: {"script":"<script> [56 bytes]","args":[{"element-6066-11e4-a52e-4f735466cecf":"f.868DDD9EF8C55ECB5E24C8AEC1C53E95.d.81963530030E4BC442FB7EE52BBB2816.e.7867","ELEMENT":"f.868DDD9EF8C55ECB5E24C8AEC1C53E95.d.81963530030E4BC442FB7EE52BBB2816.e.7867"}]}
COMMAND: GET /session/bf687da40b3c98d128a44e447cb2f226/element/f.868DDD9EF8C55ECB5E24C8AEC1C53E95.d.81963530030E4BC442FB7EE52BBB2816.e.7866/attribute/aria-checked - {}
COMMAND: GET /session/bf687da40b3c98d128a44e447cb2f226/screenshot - {}
RESULT: {}
COMMAND: POST /session/bf687da40b3c98d128a44e447cb2f226/element - {"using":"xpath","value":"//table[contains(@id, \"listView-innerSelectionPanelTable-listUl\")]/tbody/tr[22]/td[2]/div/div"}
COMMAND: POST /session/bf687da40b3c98d128a44e447cb2f226/element/f.868DDD9EF8C55ECB5E24C8AEC1C53E95.d.81963530030E4BC442FB7EE52BBB2816.e.7862/click - {}
RESULT: {}
RESULT: {"using":"xpath","value":"//table[contains(@id, \"listView-innerSelectionPanelTable-listUl\")]/tbody/tr[22]/td[2]/div/div"}
COMMAND: POST /session/bf687da40b3c98d128a44e447cb2f226/element - {"using":"xpath","value":"//table[contains(@id, \"listView-innerSelectionPanelTable-listUl\")]/tbody/tr[22]/td[2]/div"}
RESULT: {}
COMMAND: GET /session/bf687da40b3c98d128a44e447cb2f226/screenshot - {}
RESULT: {"using":"xpath","value":"//table[contains(@id, \"listView-innerSelectionPanelTable-listUl\")]/tbody/tr[22]/td[2]/div"}
COMMAND: POST /session/bf687da40b3c98d128a44e447cb2f226/element - {"using":"xpath","value":"//table[contains(@id, \"listView-innerSelectionPanelTable-listUl\")]/tbody/tr[22]/td[3]/div/div/span/span[1]/bdi"}
RESULT: {}
RESULT: {"using":"xpath","value":"//table[contains(@id, \"listView-innerSelectionPanelTable-listUl\")]/tbody/tr[22]/td[3]/div/div/span/span[1]/bdi"}
COMMAND: POST /session/bf687da40b3c98d128a44e447cb2f226/execute/sync - {"script":"<script> [56 bytes]","args":[{"element-6066-11e4-a52e-4f735466cecf":"f.868DDD9EF8C55ECB5E24C8AEC1C53E95.d.81963530030E4BC442FB7EE52BBB2816.e.7871","ELEMENT":"f.868DDD9EF8C55ECB5E24C8AEC1C53E95.d.81963530030E4BC442FB7EE52BBB2816.e.7871"}]}
RESULT: {"script":"<script> [56 bytes]","args":[{"element-6066-11e4-a52e-4f735466cecf":"f.868DDD9EF8C55ECB5E24C8AEC1C53E95.d.81963530030E4BC442FB7EE52BBB2816.e.7871","ELEMENT":"f.868DDD9EF8C55ECB5E24C8AEC1C53E95.d.81963530030E4BC442FB7EE52BBB2816.e.7871"}]}
COMMAND: GET /session/bf687da40b3c98d128a44e447cb2f226/element/f.868DDD9EF8C55ECB5E24C8AEC1C53E95.d.81963530030E4BC442FB7EE52BBB2816.e.7870/attribute/aria-checked - {}
COMMAND: GET /session/bf687da40b3c98d128a44e447cb2f226/screenshot - {}
RESULT: {}
COMMAND: POST /session/bf687da40b3c98d128a44e447cb2f226/element - {"using":"xpath","value":"//table[contains(@id, \"listView-innerSelectionPanelTable-listUl\")]/tbody/tr[23]/td[2]/div/div"}
RESULT: {}
RESULT: {"using":"xpath","value":"//table[contains(@id, \"listView-innerSelectionPanelTable-listUl\")]/tbody/tr[23]/td[2]/div/div"}
COMMAND: POST /session/bf687da40b3c98d128a44e447cb2f226/element - {"using":"xpath","value":"//table[contains(@id, \"listView-innerSelectionPanelTable-listUl\")]/tbody/tr[23]/td[2]/div"}
RESULT: {"using":"xpath","value":"//table[contains(@id, \"listView-innerSelectionPanelTable-listUl\")]/tbody/tr[23]/td[2]/div"}
COMMAND: POST /session/bf687da40b3c98d128a44e447cb2f226/element - {"using":"xpath","value":"//table[contains(@id, \"listView-innerSelectionPanelTable-listUl\")]/tbody/tr[23]/td[3]/div/div/span/span[1]/bdi"}
RESULT: {"using":"xpath","value":"//table[contains(@id, \"listView-innerSelectionPanelTable-listUl\")]/tbody/tr[23]/td[3]/div/div/span/span[1]/bdi"}
COMMAND: POST /session/bf687da40b3c98d128a44e447cb2f226/execute/sync - {"script":"<script> [56 bytes]","args":[{"element-6066-11e4-a52e-4f735466cecf":"f.868DDD9EF8C55ECB5E24C8AEC1C53E95.d.81963530030E4BC442FB7EE52BBB2816.e.7874","ELEMENT":"f.868DDD9EF8C55ECB5E24C8AEC1C53E95.d.81963530030E4BC442FB7EE52BBB2816.e.7874"}]}
RESULT: {"script":"<script> [56 bytes]","args":[{"element-6066-11e4-a52e-4f735466cecf":"f.868DDD9EF8C55ECB5E24C8AEC1C53E95.d.81963530030E4BC442FB7EE52BBB2816.e.7874","ELEMENT":"f.868DDD9EF8C55ECB5E24C8AEC1C53E95.d.81963530030E4BC442FB7EE52BBB2816.e.7874"}]}
COMMAND: GET /session/bf687da40b3c98d128a44e447cb2f226/element/f.868DDD9EF8C55ECB5E24C8AEC1C53E95.d.81963530030E4BC442FB7EE52BBB2816.e.7873/attribute/aria-checked - {}
COMMAND: GET /session/bf687da40b3c98d128a44e447cb2f226/screenshot - {}
RESULT: {}
COMMAND: POST /session/bf687da40b3c98d128a44e447cb2f226/element - {"using":"xpath","value":"//table[contains(@id, \"listView-innerSelectionPanelTable-listUl\")]/tbody/tr[24]/td[2]/div/div"}
RESULT: {}
RESULT: {"using":"xpath","value":"//table[contains(@id, \"listView-innerSelectionPanelTable-listUl\")]/tbody/tr[24]/td[2]/div/div"}
COMMAND: POST /session/bf687da40b3c98d128a44e447cb2f226/element - {"using":"xpath","value":"//table[contains(@id, \"listView-innerSelectionPanelTable-listUl\")]/tbody/tr[24]/td[2]/div"}
RESULT: {"using":"xpath","value":"//table[contains(@id, \"listView-innerSelectionPanelTable-listUl\")]/tbody/tr[24]/td[2]/div"}
COMMAND: POST /session/bf687da40b3c98d128a44e447cb2f226/element - {"using":"xpath","value":"//table[contains(@id, \"listView-innerSelectionPanelTable-listUl\")]/tbody/tr[24]/td[3]/div/div/span/span[1]/bdi"}
RESULT: {"using":"xpath","value":"//table[contains(@id, \"listView-innerSelectionPanelTable-listUl\")]/tbody/tr[24]/td[3]/div/div/span/span[1]/bdi"}
COMMAND: POST /session/bf687da40b3c98d128a44e447cb2f226/execute/sync - {"script":"<script> [56 bytes]","args":[{"element-6066-11e4-a52e-4f735466cecf":"f.868DDD9EF8C55ECB5E24C8AEC1C53E95.d.81963530030E4BC442FB7EE52BBB2816.e.7877","ELEMENT":"f.868DDD9EF8C55ECB5E24C8AEC1C53E95.d.81963530030E4BC442FB7EE52BBB2816.e.7877"}]}
RESULT: {"script":"<script> [56 bytes]","args":[{"element-6066-11e4-a52e-4f735466cecf":"f.868DDD9EF8C55ECB5E24C8AEC1C53E95.d.81963530030E4BC442FB7EE52BBB2816.e.7877","ELEMENT":"f.868DDD9EF8C55ECB5E24C8AEC1C53E95.d.81963530030E4BC442FB7EE52BBB2816.e.7877"}]}
COMMAND: GET /session/bf687da40b3c98d128a44e447cb2f226/element/f.868DDD9EF8C55ECB5E24C8AEC1C53E95.d.81963530030E4BC442FB7EE52BBB2816.e.7876/attribute/aria-checked - {}
COMMAND: GET /session/bf687da40b3c98d128a44e447cb2f226/screenshot - {}
RESULT: {}
COMMAND: POST /session/bf687da40b3c98d128a44e447cb2f226/element - {"using":"xpath","value":"//table[contains(@id, \"listView-innerSelectionPanelTable-listUl\")]/tbody/tr[25]/td[2]/div/div"}
RESULT: {}
RESULT: {"using":"xpath","value":"//table[contains(@id, \"listView-innerSelectionPanelTable-listUl\")]/tbody/tr[25]/td[2]/div/div"}
COMMAND: POST /session/bf687da40b3c98d128a44e447cb2f226/element - {"using":"xpath","value":"//table[contains(@id, \"listView-innerSelectionPanelTable-listUl\")]/tbody/tr[25]/td[2]/div"}
RESULT: {"using":"xpath","value":"//table[contains(@id, \"listView-innerSelectionPanelTable-listUl\")]/tbody/tr[25]/td[2]/div"}
COMMAND: POST /session/bf687da40b3c98d128a44e447cb2f226/element - {"using":"xpath","value":"//table[contains(@id, \"listView-innerSelectionPanelTable-listUl\")]/tbody/tr[25]/td[3]/div/div/span/span[1]/bdi"}
RESULT: {"using":"xpath","value":"//table[contains(@id, \"listView-innerSelectionPanelTable-listUl\")]/tbody/tr[25]/td[3]/div/div/span/span[1]/bdi"}
COMMAND: POST /session/bf687da40b3c98d128a44e447cb2f226/execute/sync - {"script":"<script> [56 bytes]","args":[{"element-6066-11e4-a52e-4f735466cecf":"f.868DDD9EF8C55ECB5E24C8AEC1C53E95.d.81963530030E4BC442FB7EE52BBB2816.e.7880","ELEMENT":"f.868DDD9EF8C55ECB5E24C8AEC1C53E95.d.81963530030E4BC442FB7EE52BBB2816.e.7880"}]}
RESULT: {"script":"<script> [56 bytes]","args":[{"element-6066-11e4-a52e-4f735466cecf":"f.868DDD9EF8C55ECB5E24C8AEC1C53E95.d.81963530030E4BC442FB7EE52BBB2816.e.7880","ELEMENT":"f.868DDD9EF8C55ECB5E24C8AEC1C53E95.d.81963530030E4BC442FB7EE52BBB2816.e.7880"}]}
COMMAND: GET /session/bf687da40b3c98d128a44e447cb2f226/element/f.868DDD9EF8C55ECB5E24C8AEC1C53E95.d.81963530030E4BC442FB7EE52BBB2816.e.7879/attribute/aria-checked - {}
COMMAND: GET /session/bf687da40b3c98d128a44e447cb2f226/screenshot - {}
RESULT: {}
COMMAND: POST /session/bf687da40b3c98d128a44e447cb2f226/element - {"using":"xpath","value":"//bdi[contains(text(), \"OK\")]"}
RESULT: {}
RESULT: {"using":"xpath","value":"//bdi[contains(text(), \"OK\")]"}
COMMAND: POST /session/bf687da40b3c98d128a44e447cb2f226/element/f.868DDD9EF8C55ECB5E24C8AEC1C53E95.d.81963530030E4BC442FB7EE52BBB2816.e.7881/click - {}
RESULT: {}
COMMAND: GET /session/bf687da40b3c98d128a44e447cb2f226/screenshot - {}
RESULT: {}
COMMAND: POST /session/bf687da40b3c98d128a44e447cb2f226/execute/async - {"script":"<script> [1562 bytes]","args":[{"selector":{"id":"application-managepartners-display-component---masterPtm--smartFilterBar-filterItemControlA_-LINK_TO_ADDRESSES_MAIN.ID-vhi"},"wdio_ui5_key":"applicationmanagepartners-display-component---masterPtm--smartFilterBar-filterItemControlA_-LINK_TO_ADDRESSES_MAIN.ID-vhi"}]}
RESULT: {"script":"<script> [1562 bytes]","args":[{"selector":{"id":"application-managepartners-display-component---masterPtm--smartFilterBar-filterItemControlA_-LINK_TO_ADDRESSES_MAIN.ID-vhi"},"wdio_ui5_key":"applicationmanagepartners-display-component---masterPtm--smartFilterBar-filterItemControlA_-LINK_TO_ADDRESSES_MAIN.ID-vhi"}]}
RESULT: undefined
COMMAND: POST /session/bf687da40b3c98d128a44e447cb2f226/element - {"using":"xpath","value":"//*[@id=\"application-managepartners-display-component---masterPtm--smartFilterBar-filterItemControlA_-LINK_TO_ADDRESSES_MAIN.ID-vhi\"]"}
RESULT: {"using":"xpath","value":"//*[@id=\"application-managepartners-display-component---masterPtm--smartFilterBar-filterItemControlA_-LINK_TO_ADDRESSES_MAIN.ID-vhi\"]"}
COMMAND: POST /session/bf687da40b3c98d128a44e447cb2f226/element/f.868DDD9EF8C55ECB5E24C8AEC1C53E95.d.81963530030E4BC442FB7EE52BBB2816.e.7894/click - {}
RESULT: {}
COMMAND: GET /session/bf687da40b3c98d128a44e447cb2f226/screenshot - {}
RESULT: {}
COMMAND: POST /session/bf687da40b3c98d128a44e447cb2f226/execute/async - {"script":"<script> [1562 bytes]","args":[{"selector":{"controlType":"sap.ui.core.Icon","viewName":"etm.portal.ui.managepartners.view.Master","viewId":"application-managepartners-display-component---masterPtm","properties":{"src":{"regex":{"source":"slim\\-arrow\\-down"}}},"searchOpenDialogs":true},"wdio_ui5_key":"etmportal.ui.managepartners.view.Mastersap.ui.core.Icon{\"src\":{\"regex\":{\"source\":\"slim\\\\-arrow\\\\-down\"}}}"}]}
RESULT: {"script":"<script> [1562 bytes]","args":[{"selector":{"controlType":"sap.ui.core.Icon","viewName":"etm.portal.ui.managepartners.view.Master","viewId":"application-managepartners-display-component---masterPtm","properties":{"src":{"regex":{"source":"slim\\-arrow\\-down"}}},"searchOpenDialogs":true},"wdio_ui5_key":"etmportal.ui.managepartners.view.Mastersap.ui.core.Icon{\"src\":{\"regex\":{\"source\":\"slim\\\\-arrow\\\\-down\"}}}"}]}
RESULT: undefined
COMMAND: POST /session/bf687da40b3c98d128a44e447cb2f226/element - {"using":"xpath","value":"//*[@id=\"__box77-arrow\"]"}
RESULT: {"using":"xpath","value":"//*[@id=\"__box77-arrow\"]"}
COMMAND: POST /session/bf687da40b3c98d128a44e447cb2f226/element/f.868DDD9EF8C55ECB5E24C8AEC1C53E95.d.81963530030E4BC442FB7EE52BBB2816.e.7899/click - {}
RESULT: {}
COMMAND: GET /session/bf687da40b3c98d128a44e447cb2f226/screenshot - {}
RESULT: {}
COMMAND: POST /session/bf687da40b3c98d128a44e447cb2f226/element - {"using":"xpath","value":"//li[.//span[text()='equal to']]"}
RESULT: {"using":"xpath","value":"//li[.//span[text()='equal to']]"}
COMMAND: POST /session/bf687da40b3c98d128a44e447cb2f226/element/f.868DDD9EF8C55ECB5E24C8AEC1C53E95.d.81963530030E4BC442FB7EE52BBB2816.e.7900/click - {}
RESULT: {}
COMMAND: GET /session/bf687da40b3c98d128a44e447cb2f226/screenshot - {}
RESULT: {}
RESULT: undefined
COMMAND: POST /session/bf687da40b3c98d128a44e447cb2f226/execute/async - {"script":"<script> [776 bytes]","args":[{"enterText":"1006","selector":{"controlType":"sap.m.Input","viewName":"etm.portal.ui.managepartners.view.Master","viewId":"application-managepartners-display-component---masterPtm","properties":{"valueState":"None"},"searchOpenDialogs":true,"interaction":{"idSuffix":"inner"}},"clearTextFirst":true,"interactionType":"ENTER_TEXT"}]}
RESULT: {"script":"<script> [776 bytes]","args":[{"enterText":"1006","selector":{"controlType":"sap.m.Input","viewName":"etm.portal.ui.managepartners.view.Master","viewId":"application-managepartners-display-component---masterPtm","properties":{"valueState":"None"},"searchOpenDialogs":true,"interaction":{"idSuffix":"inner"}},"clearTextFirst":true,"interactionType":"ENTER_TEXT"}]}
COMMAND: POST /session/bf687da40b3c98d128a44e447cb2f226/actions - {"actions":[{"id":"action22","type":"key","parameters":{},"actions":[{"type":"keyDown","value":"î€‡"},{"type":"pause","duration":10},{"type":"keyUp","value":"î€‡"}]}]}
RESULT: {"actions":[{"id":"action22","type":"key","parameters":{},"actions":[{"type":"keyDown","value":"î€‡"},{"type":"pause","duration":10},{"type":"keyUp","value":"î€‡"}]}]}
COMMAND: GET /session/bf687da40b3c98d128a44e447cb2f226/screenshot - {}
RESULT: {}
COMMAND: POST /session/bf687da40b3c98d128a44e447cb2f226/element - {"using":"xpath","value":"(//bdi[contains(text(), \"OK\")])[1]"}
RESULT: {"using":"xpath","value":"(//bdi[contains(text(), \"OK\")])[1]"}
COMMAND: POST /session/bf687da40b3c98d128a44e447cb2f226/element/f.868DDD9EF8C55ECB5E24C8AEC1C53E95.d.81963530030E4BC442FB7EE52BBB2816.e.7901/click - {}
RESULT: {}
COMMAND: GET /session/bf687da40b3c98d128a44e447cb2f226/screenshot - {}
RESULT: {}
COMMAND: POST /session/bf687da40b3c98d128a44e447cb2f226/element - {"using":"xpath","value":"//span[@id=\"application-managepartners-display-component---masterPtm--smartTable-header-inner\"]"}
RESULT: {"using":"xpath","value":"//span[@id=\"application-managepartners-display-component---masterPtm--smartTable-header-inner\"]"}
COMMAND: POST /session/bf687da40b3c98d128a44e447cb2f226/elements - {"using":"xpath","value":"//span[@id=\"application-managepartners-display-component---masterPtm--smartTable-header-inner\"]"}
RESULT: {"using":"xpath","value":"//span[@id=\"application-managepartners-display-component---masterPtm--smartTable-header-inner\"]"}
COMMAND: POST /session/bf687da40b3c98d128a44e447cb2f226/execute/sync - {"script":"<script> [56 bytes]","args":[{"element-6066-11e4-a52e-4f735466cecf":"f.868DDD9EF8C55ECB5E24C8AEC1C53E95.d.81963530030E4BC442FB7EE52BBB2816.e.7739","ELEMENT":"f.868DDD9EF8C55ECB5E24C8AEC1C53E95.d.81963530030E4BC442FB7EE52BBB2816.e.7739"}]}
RESULT: {"script":"<script> [56 bytes]","args":[{"element-6066-11e4-a52e-4f735466cecf":"f.868DDD9EF8C55ECB5E24C8AEC1C53E95.d.81963530030E4BC442FB7EE52BBB2816.e.7739","ELEMENT":"f.868DDD9EF8C55ECB5E24C8AEC1C53E95.d.81963530030E4BC442FB7EE52BBB2816.e.7739"}]}
COMMAND: POST /session/bf687da40b3c98d128a44e447cb2f226/element - {"using":"xpath","value":"//span[contains(@title, \"Remove\")]"}
COMMAND: GET /session/bf687da40b3c98d128a44e447cb2f226/screenshot - {}
RESULT: {"using":"xpath","value":"//span[contains(@title, \"Remove\")]"}
COMMAND: POST /session/bf687da40b3c98d128a44e447cb2f226/element/f.868DDD9EF8C55ECB5E24C8AEC1C53E95.d.81963530030E4BC442FB7EE52BBB2816.e.7905/click - {}
RESULT: {}
RESULT: {}
COMMAND: GET /session/bf687da40b3c98d128a44e447cb2f226/screenshot - {}
RESULT: {}
RESULT: undefined
COMMAND: POST /session/bf687da40b3c98d128a44e447cb2f226/element - {"using":"xpath","value":"//*[@id=\"application-managepartners-display-component---masterPtm--smartFilterBar-filterItemControl_BASIC-YARD-vhi\"]"}
RESULT: {"using":"xpath","value":"//*[@id=\"application-managepartners-display-component---masterPtm--smartFilterBar-filterItemControl_BASIC-YARD-vhi\"]"}
COMMAND: POST /session/bf687da40b3c98d128a44e447cb2f226/element/f.868DDD9EF8C55ECB5E24C8AEC1C53E95.d.81963530030E4BC442FB7EE52BBB2816.e.8009/click - {}
RESULT: {}
COMMAND: GET /session/bf687da40b3c98d128a44e447cb2f226/screenshot - {}
RESULT: {}
RESULT: undefined
COMMAND: POST /session/bf687da40b3c98d128a44e447cb2f226/execute/async - {"script":"<script> [776 bytes]","args":[{"enterText":"Test","selector":{"id":"application-managepartners-display-component---masterPtm--smartFilterBar-filterItemControl_BASIC-YARD-valueHelpDialog-smartFilterBar-btnBasicSearch","searchOpenDialogs":true,"interaction":{"idSuffix":"I"}},"clearTextFirst":true,"interactionType":"ENTER_TEXT"}]}
RESULT: {"script":"<script> [776 bytes]","args":[{"enterText":"Test","selector":{"id":"application-managepartners-display-component---masterPtm--smartFilterBar-filterItemControl_BASIC-YARD-valueHelpDialog-smartFilterBar-btnBasicSearch","searchOpenDialogs":true,"interaction":{"idSuffix":"I"}},"clearTextFirst":true,"interactionType":"ENTER_TEXT"}]}
COMMAND: POST /session/bf687da40b3c98d128a44e447cb2f226/actions - {"actions":[{"id":"action23","type":"key","parameters":{},"actions":[{"type":"keyDown","value":"î€‡"},{"type":"pause","duration":10},{"type":"keyUp","value":"î€‡"}]}]}
RESULT: {"actions":[{"id":"action23","type":"key","parameters":{},"actions":[{"type":"keyDown","value":"î€‡"},{"type":"pause","duration":10},{"type":"keyUp","value":"î€‡"}]}]}
COMMAND: POST /session/bf687da40b3c98d128a44e447cb2f226/elements - {"using":"xpath","value":"//table[contains(@id, \"smartFilterBar-filterItemControl_BASIC-YARD-valueHelpDialog-table-table\")]/tbody/tr"}
COMMAND: GET /session/bf687da40b3c98d128a44e447cb2f226/screenshot - {}
RESULT: {"using":"xpath","value":"//table[contains(@id, \"smartFilterBar-filterItemControl_BASIC-YARD-valueHelpDialog-table-table\")]/tbody/tr"}
COMMAND: POST /session/bf687da40b3c98d128a44e447cb2f226/element - {"using":"xpath","value":"//table[contains(@id, \"smartFilterBar-filterItemControl_BASIC-YARD-valueHelpDialog-table-table\")]/tbody/tr[1]/td[1]/div/span"}
RESULT: {}
RESULT: {"using":"xpath","value":"//table[contains(@id, \"smartFilterBar-filterItemControl_BASIC-YARD-valueHelpDialog-table-table\")]/tbody/tr[1]/td[1]/div/span"}
COMMAND: POST /session/bf687da40b3c98d128a44e447cb2f226/elements - {"using":"xpath","value":"//table[contains(@id, \"smartFilterBar-filterItemControl_BASIC-YARD-valueHelpDialog-table-table\")]/tbody/tr[1]/td[1]/div/span"}
RESULT: {"using":"xpath","value":"//table[contains(@id, \"smartFilterBar-filterItemControl_BASIC-YARD-valueHelpDialog-table-table\")]/tbody/tr[1]/td[1]/div/span"}
COMMAND: POST /session/bf687da40b3c98d128a44e447cb2f226/execute/sync - {"script":"<script> [56 bytes]","args":[{"element-6066-11e4-a52e-4f735466cecf":"f.868DDD9EF8C55ECB5E24C8AEC1C53E95.d.81963530030E4BC442FB7EE52BBB2816.e.8027","ELEMENT":"f.868DDD9EF8C55ECB5E24C8AEC1C53E95.d.81963530030E4BC442FB7EE52BBB2816.e.8027"}]}
RESULT: {"script":"<script> [56 bytes]","args":[{"element-6066-11e4-a52e-4f735466cecf":"f.868DDD9EF8C55ECB5E24C8AEC1C53E95.d.81963530030E4BC442FB7EE52BBB2816.e.8027","ELEMENT":"f.868DDD9EF8C55ECB5E24C8AEC1C53E95.d.81963530030E4BC442FB7EE52BBB2816.e.8027"}]}
COMMAND: POST /session/bf687da40b3c98d128a44e447cb2f226/element - {"using":"xpath","value":"//table[contains(@id, \"smartFilterBar-filterItemControl_BASIC-YARD-valueHelpDialog-table-table\")]/tbody/tr[2]/td[1]/div/span"}
COMMAND: GET /session/bf687da40b3c98d128a44e447cb2f226/screenshot - {}
RESULT: {"using":"xpath","value":"//table[contains(@id, \"smartFilterBar-filterItemControl_BASIC-YARD-valueHelpDialog-table-table\")]/tbody/tr[2]/td[1]/div/span"}
COMMAND: POST /session/bf687da40b3c98d128a44e447cb2f226/elements - {"using":"xpath","value":"//table[contains(@id, \"smartFilterBar-filterItemControl_BASIC-YARD-valueHelpDialog-table-table\")]/tbody/tr[2]/td[1]/div/span"}
RESULT: {}
RESULT: {"using":"xpath","value":"//table[contains(@id, \"smartFilterBar-filterItemControl_BASIC-YARD-valueHelpDialog-table-table\")]/tbody/tr[2]/td[1]/div/span"}
COMMAND: POST /session/bf687da40b3c98d128a44e447cb2f226/execute/sync - {"script":"<script> [56 bytes]","args":[{"element-6066-11e4-a52e-4f735466cecf":"f.868DDD9EF8C55ECB5E24C8AEC1C53E95.d.81963530030E4BC442FB7EE52BBB2816.e.8028","ELEMENT":"f.868DDD9EF8C55ECB5E24C8AEC1C53E95.d.81963530030E4BC442FB7EE52BBB2816.e.8028"}]}
RESULT: {"script":"<script> [56 bytes]","args":[{"element-6066-11e4-a52e-4f735466cecf":"f.868DDD9EF8C55ECB5E24C8AEC1C53E95.d.81963530030E4BC442FB7EE52BBB2816.e.8028","ELEMENT":"f.868DDD9EF8C55ECB5E24C8AEC1C53E95.d.81963530030E4BC442FB7EE52BBB2816.e.8028"}]}
COMMAND: POST /session/bf687da40b3c98d128a44e447cb2f226/element - {"using":"xpath","value":"//table[contains(@id, \"smartFilterBar-filterItemControl_BASIC-YARD-valueHelpDialog-table-table\")]/tbody/tr[3]/td[1]/div/span"}
COMMAND: GET /session/bf687da40b3c98d128a44e447cb2f226/screenshot - {}
RESULT: {"using":"xpath","value":"//table[contains(@id, \"smartFilterBar-filterItemControl_BASIC-YARD-valueHelpDialog-table-table\")]/tbody/tr[3]/td[1]/div/span"}
COMMAND: POST /session/bf687da40b3c98d128a44e447cb2f226/elements - {"using":"xpath","value":"//table[contains(@id, \"smartFilterBar-filterItemControl_BASIC-YARD-valueHelpDialog-table-table\")]/tbody/tr[3]/td[1]/div/span"}
RESULT: {}
RESULT: {"using":"xpath","value":"//table[contains(@id, \"smartFilterBar-filterItemControl_BASIC-YARD-valueHelpDialog-table-table\")]/tbody/tr[3]/td[1]/div/span"}
COMMAND: POST /session/bf687da40b3c98d128a44e447cb2f226/execute/sync - {"script":"<script> [56 bytes]","args":[{"element-6066-11e4-a52e-4f735466cecf":"f.868DDD9EF8C55ECB5E24C8AEC1C53E95.d.81963530030E4BC442FB7EE52BBB2816.e.8029","ELEMENT":"f.868DDD9EF8C55ECB5E24C8AEC1C53E95.d.81963530030E4BC442FB7EE52BBB2816.e.8029"}]}
RESULT: {"script":"<script> [56 bytes]","args":[{"element-6066-11e4-a52e-4f735466cecf":"f.868DDD9EF8C55ECB5E24C8AEC1C53E95.d.81963530030E4BC442FB7EE52BBB2816.e.8029","ELEMENT":"f.868DDD9EF8C55ECB5E24C8AEC1C53E95.d.81963530030E4BC442FB7EE52BBB2816.e.8029"}]}
COMMAND: POST /session/bf687da40b3c98d128a44e447cb2f226/element - {"using":"xpath","value":"//div[contains(@id, \"filterItemControl_BASIC-YARD-valueHelpDialog-table-rowsel2\")]"}
COMMAND: GET /session/bf687da40b3c98d128a44e447cb2f226/screenshot - {}
RESULT: {"using":"xpath","value":"//div[contains(@id, \"filterItemControl_BASIC-YARD-valueHelpDialog-table-rowsel2\")]"}
COMMAND: POST /session/bf687da40b3c98d128a44e447cb2f226/element/f.868DDD9EF8C55ECB5E24C8AEC1C53E95.d.81963530030E4BC442FB7EE52BBB2816.e.8030/click - {}
RESULT: {}
RESULT: {}
COMMAND: GET /session/bf687da40b3c98d128a44e447cb2f226/screenshot - {}
RESULT: {}
COMMAND: POST /session/bf687da40b3c98d128a44e447cb2f226/element - {"using":"xpath","value":"(//bdi[contains(text(), \"OK\")])[1]"}
RESULT: {"using":"xpath","value":"(//bdi[contains(text(), \"OK\")])[1]"}
COMMAND: POST /session/bf687da40b3c98d128a44e447cb2f226/element/f.868DDD9EF8C55ECB5E24C8AEC1C53E95.d.81963530030E4BC442FB7EE52BBB2816.e.8032/click - {}
RESULT: {}
COMMAND: GET /session/bf687da40b3c98d128a44e447cb2f226/screenshot - {}
RESULT: {}
COMMAND: POST /session/bf687da40b3c98d128a44e447cb2f226/element - {"using":"xpath","value":"//span[@id=\"application-managepartners-display-component---masterPtm--smartTable-header-inner\"]"}
RESULT: {"using":"xpath","value":"//span[@id=\"application-managepartners-display-component---masterPtm--smartTable-header-inner\"]"}
COMMAND: POST /session/bf687da40b3c98d128a44e447cb2f226/elements - {"using":"xpath","value":"//span[@id=\"application-managepartners-display-component---masterPtm--smartTable-header-inner\"]"}
RESULT: {"using":"xpath","value":"//span[@id=\"application-managepartners-display-component---masterPtm--smartTable-header-inner\"]"}
COMMAND: POST /session/bf687da40b3c98d128a44e447cb2f226/execute/sync - {"script":"<script> [56 bytes]","args":[{"element-6066-11e4-a52e-4f735466cecf":"f.868DDD9EF8C55ECB5E24C8AEC1C53E95.d.81963530030E4BC442FB7EE52BBB2816.e.7739","ELEMENT":"f.868DDD9EF8C55ECB5E24C8AEC1C53E95.d.81963530030E4BC442FB7EE52BBB2816.e.7739"}]}
RESULT: {"script":"<script> [56 bytes]","args":[{"element-6066-11e4-a52e-4f735466cecf":"f.868DDD9EF8C55ECB5E24C8AEC1C53E95.d.81963530030E4BC442FB7EE52BBB2816.e.7739","ELEMENT":"f.868DDD9EF8C55ECB5E24C8AEC1C53E95.d.81963530030E4BC442FB7EE52BBB2816.e.7739"}]}
COMMAND: POST /session/bf687da40b3c98d128a44e447cb2f226/element - {"using":"xpath","value":"//span[contains(@title, \"Remove\")]"}
COMMAND: GET /session/bf687da40b3c98d128a44e447cb2f226/screenshot - {}
RESULT: {"using":"xpath","value":"//span[contains(@title, \"Remove\")]"}
COMMAND: POST /session/bf687da40b3c98d128a44e447cb2f226/element/f.868DDD9EF8C55ECB5E24C8AEC1C53E95.d.81963530030E4BC442FB7EE52BBB2816.e.8045/click - {}
RESULT: {}
RESULT: {}
COMMAND: GET /session/bf687da40b3c98d128a44e447cb2f226/screenshot - {}
RESULT: {}
RESULT: undefined
COMMAND: POST /session/bf687da40b3c98d128a44e447cb2f226/element - {"using":"xpath","value":"//*[@id=\"application-managepartners-display-component---masterPtm--smartFilterBar-filterItemControl_BASIC-MAIN_ADDRESS-vhi\"]"}
RESULT: {"using":"xpath","value":"//*[@id=\"application-managepartners-display-component---masterPtm--smartFilterBar-filterItemControl_BASIC-MAIN_ADDRESS-vhi\"]"}
COMMAND: POST /session/bf687da40b3c98d128a44e447cb2f226/element/f.868DDD9EF8C55ECB5E24C8AEC1C53E95.d.81963530030E4BC442FB7EE52BBB2816.e.8150/click - {}
RESULT: {}
COMMAND: GET /session/bf687da40b3c98d128a44e447cb2f226/screenshot - {}
RESULT: {}
RESULT: undefined
COMMAND: POST /session/bf687da40b3c98d128a44e447cb2f226/execute/async - {"script":"<script> [776 bytes]","args":[{"enterText":"Romania","selector":{"id":"application-managepartners-display-component---masterPtm--smartFilterBar-filterItemControl_BASIC-MAIN_ADDRESS-valueHelpDialog-smartFilterBar-btnBasicSearch","searchOpenDialogs":true,"interaction":{"idSuffix":"I"}},"clearTextFirst":true,"interactionType":"ENTER_TEXT"}]}
RESULT: {"script":"<script> [776 bytes]","args":[{"enterText":"Romania","selector":{"id":"application-managepartners-display-component---masterPtm--smartFilterBar-filterItemControl_BASIC-MAIN_ADDRESS-valueHelpDialog-smartFilterBar-btnBasicSearch","searchOpenDialogs":true,"interaction":{"idSuffix":"I"}},"clearTextFirst":true,"interactionType":"ENTER_TEXT"}]}
COMMAND: POST /session/bf687da40b3c98d128a44e447cb2f226/actions - {"actions":[{"id":"action24","type":"key","parameters":{},"actions":[{"type":"keyDown","value":"î€‡"},{"type":"pause","duration":10},{"type":"keyUp","value":"î€‡"}]}]}
RESULT: {"actions":[{"id":"action24","type":"key","parameters":{},"actions":[{"type":"keyDown","value":"î€‡"},{"type":"pause","duration":10},{"type":"keyUp","value":"î€‡"}]}]}
COMMAND: POST /session/bf687da40b3c98d128a44e447cb2f226/elements - {"using":"xpath","value":"//table[contains(@id, \"smartFilterBar-filterItemControl_BASIC-MAIN_ADDRESS-valueHelpDialog-table-table\")]/tbody/tr"}
COMMAND: GET /session/bf687da40b3c98d128a44e447cb2f226/screenshot - {}
RESULT: {"using":"xpath","value":"//table[contains(@id, \"smartFilterBar-filterItemControl_BASIC-MAIN_ADDRESS-valueHelpDialog-table-table\")]/tbody/tr"}
COMMAND: POST /session/bf687da40b3c98d128a44e447cb2f226/element - {"using":"xpath","value":"//table[contains(@id, \"smartFilterBar-filterItemControl_BASIC-MAIN_ADDRESS-valueHelpDialog-table-table\")]/tbody/tr[1]/td[1]/div/span"}
RESULT: {}
RESULT: {"using":"xpath","value":"//table[contains(@id, \"smartFilterBar-filterItemControl_BASIC-MAIN_ADDRESS-valueHelpDialog-table-table\")]/tbody/tr[1]/td[1]/div/span"}
COMMAND: POST /session/bf687da40b3c98d128a44e447cb2f226/elements - {"using":"xpath","value":"//table[contains(@id, \"smartFilterBar-filterItemControl_BASIC-MAIN_ADDRESS-valueHelpDialog-table-table\")]/tbody/tr[1]/td[1]/div/span"}
RESULT: {"using":"xpath","value":"//table[contains(@id, \"smartFilterBar-filterItemControl_BASIC-MAIN_ADDRESS-valueHelpDialog-table-table\")]/tbody/tr[1]/td[1]/div/span"}
COMMAND: POST /session/bf687da40b3c98d128a44e447cb2f226/execute/sync - {"script":"<script> [56 bytes]","args":[{"element-6066-11e4-a52e-4f735466cecf":"f.868DDD9EF8C55ECB5E24C8AEC1C53E95.d.81963530030E4BC442FB7EE52BBB2816.e.8171","ELEMENT":"f.868DDD9EF8C55ECB5E24C8AEC1C53E95.d.81963530030E4BC442FB7EE52BBB2816.e.8171"}]}
RESULT: {"script":"<script> [56 bytes]","args":[{"element-6066-11e4-a52e-4f735466cecf":"f.868DDD9EF8C55ECB5E24C8AEC1C53E95.d.81963530030E4BC442FB7EE52BBB2816.e.8171","ELEMENT":"f.868DDD9EF8C55ECB5E24C8AEC1C53E95.d.81963530030E4BC442FB7EE52BBB2816.e.8171"}]}
COMMAND: POST /session/bf687da40b3c98d128a44e447cb2f226/element - {"using":"xpath","value":"//div[contains(@id, \"filterItemControl_BASIC-MAIN_ADDRESS-valueHelpDialog-table-rowsel0\")]"}
COMMAND: GET /session/bf687da40b3c98d128a44e447cb2f226/screenshot - {}
RESULT: {"using":"xpath","value":"//div[contains(@id, \"filterItemControl_BASIC-MAIN_ADDRESS-valueHelpDialog-table-rowsel0\")]"}
COMMAND: POST /session/bf687da40b3c98d128a44e447cb2f226/element/f.868DDD9EF8C55ECB5E24C8AEC1C53E95.d.81963530030E4BC442FB7EE52BBB2816.e.8172/click - {}
RESULT: {}
RESULT: {}
COMMAND: GET /session/bf687da40b3c98d128a44e447cb2f226/screenshot - {}
RESULT: {}
COMMAND: POST /session/bf687da40b3c98d128a44e447cb2f226/element - {"using":"xpath","value":"(//bdi[contains(text(), \"OK\")])[1]"}
RESULT: {"using":"xpath","value":"(//bdi[contains(text(), \"OK\")])[1]"}
COMMAND: POST /session/bf687da40b3c98d128a44e447cb2f226/element/f.868DDD9EF8C55ECB5E24C8AEC1C53E95.d.81963530030E4BC442FB7EE52BBB2816.e.8174/click - {}
RESULT: {}
COMMAND: GET /session/bf687da40b3c98d128a44e447cb2f226/screenshot - {}
RESULT: {}
COMMAND: POST /session/bf687da40b3c98d128a44e447cb2f226/element - {"using":"xpath","value":"//span[@id=\"application-managepartners-display-component---masterPtm--smartTable-header-inner\"]"}
RESULT: {"using":"xpath","value":"//span[@id=\"application-managepartners-display-component---masterPtm--smartTable-header-inner\"]"}
COMMAND: POST /session/bf687da40b3c98d128a44e447cb2f226/elements - {"using":"xpath","value":"//span[@id=\"application-managepartners-display-component---masterPtm--smartTable-header-inner\"]"}
RESULT: {"using":"xpath","value":"//span[@id=\"application-managepartners-display-component---masterPtm--smartTable-header-inner\"]"}
COMMAND: POST /session/bf687da40b3c98d128a44e447cb2f226/execute/sync - {"script":"<script> [56 bytes]","args":[{"element-6066-11e4-a52e-4f735466cecf":"f.868DDD9EF8C55ECB5E24C8AEC1C53E95.d.81963530030E4BC442FB7EE52BBB2816.e.7739","ELEMENT":"f.868DDD9EF8C55ECB5E24C8AEC1C53E95.d.81963530030E4BC442FB7EE52BBB2816.e.7739"}]}
RESULT: {"script":"<script> [56 bytes]","args":[{"element-6066-11e4-a52e-4f735466cecf":"f.868DDD9EF8C55ECB5E24C8AEC1C53E95.d.81963530030E4BC442FB7EE52BBB2816.e.7739","ELEMENT":"f.868DDD9EF8C55ECB5E24C8AEC1C53E95.d.81963530030E4BC442FB7EE52BBB2816.e.7739"}]}
COMMAND: POST /session/bf687da40b3c98d128a44e447cb2f226/element - {"using":"xpath","value":"//span[contains(@title, \"Remove\")]"}
COMMAND: GET /session/bf687da40b3c98d128a44e447cb2f226/screenshot - {}
RESULT: {"using":"xpath","value":"//span[contains(@title, \"Remove\")]"}
COMMAND: POST /session/bf687da40b3c98d128a44e447cb2f226/element/f.868DDD9EF8C55ECB5E24C8AEC1C53E95.d.81963530030E4BC442FB7EE52BBB2816.e.8187/click - {}
RESULT: {}
RESULT: {}
COMMAND: GET /session/bf687da40b3c98d128a44e447cb2f226/screenshot - {}
RESULT: {}
COMMAND: POST /session/bf687da40b3c98d128a44e447cb2f226/execute/async - {"script":"<script> [1562 bytes]","args":[{"selector":{"id":"application-managepartners-display-component---masterPtm--catalogs-arrow"},"wdio_ui5_key":"applicationmanagepartners-display-component---masterPtm--catalogs-arrow"}]}
RESULT: {"script":"<script> [1562 bytes]","args":[{"selector":{"id":"application-managepartners-display-component---masterPtm--catalogs-arrow"},"wdio_ui5_key":"applicationmanagepartners-display-component---masterPtm--catalogs-arrow"}]}
RESULT: undefined
COMMAND: POST /session/bf687da40b3c98d128a44e447cb2f226/element - {"using":"xpath","value":"//*[@id=\"application-managepartners-display-component---masterPtm--catalogs-arrow\"]"}
RESULT: {"using":"xpath","value":"//*[@id=\"application-managepartners-display-component---masterPtm--catalogs-arrow\"]"}
COMMAND: POST /session/bf687da40b3c98d128a44e447cb2f226/element/f.868DDD9EF8C55ECB5E24C8AEC1C53E95.d.81963530030E4BC442FB7EE52BBB2816.e.8292/click - {}
RESULT: {}
COMMAND: GET /session/bf687da40b3c98d128a44e447cb2f226/screenshot - {}
RESULT: {}
COMMAND: POST /session/bf687da40b3c98d128a44e447cb2f226/element - {"using":"xpath","value":"//li[.//span[text()=\"Webshop Catalog\"]]//div[contains(@class,\"sapMCbBg\")]"}
RESULT: {"using":"xpath","value":"//li[.//span[text()=\"Webshop Catalog\"]]//div[contains(@class,\"sapMCbBg\")]"}
COMMAND: POST /session/bf687da40b3c98d128a44e447cb2f226/element/f.868DDD9EF8C55ECB5E24C8AEC1C53E95.d.81963530030E4BC442FB7EE52BBB2816.e.8304/click - {}
RESULT: {}
COMMAND: GET /session/bf687da40b3c98d128a44e447cb2f226/screenshot - {}
RESULT: {}
RESULT: undefined
COMMAND: POST /session/bf687da40b3c98d128a44e447cb2f226/element - {"using":"xpath","value":"//*[@id=\"application-managepartners-display-component---masterPtm--catalogs-arrow\"]"}
RESULT: {"using":"xpath","value":"//*[@id=\"application-managepartners-display-component---masterPtm--catalogs-arrow\"]"}
COMMAND: POST /session/bf687da40b3c98d128a44e447cb2f226/element/f.868DDD9EF8C55ECB5E24C8AEC1C53E95.d.81963530030E4BC442FB7EE52BBB2816.e.8292/click - {}
RESULT: {}
COMMAND: POST /session/bf687da40b3c98d128a44e447cb2f226/element - {"using":"xpath","value":"//span[@id=\"application-managepartners-display-component---masterPtm--smartTable-header-inner\"]"}
COMMAND: GET /session/bf687da40b3c98d128a44e447cb2f226/screenshot - {}
RESULT: {"using":"xpath","value":"//span[@id=\"application-managepartners-display-component---masterPtm--smartTable-header-inner\"]"}
COMMAND: POST /session/bf687da40b3c98d128a44e447cb2f226/elements - {"using":"xpath","value":"//span[@id=\"application-managepartners-display-component---masterPtm--smartTable-header-inner\"]"}
RESULT: {}
RESULT: {"using":"xpath","value":"//span[@id=\"application-managepartners-display-component---masterPtm--smartTable-header-inner\"]"}
COMMAND: POST /session/bf687da40b3c98d128a44e447cb2f226/execute/sync - {"script":"<script> [56 bytes]","args":[{"element-6066-11e4-a52e-4f735466cecf":"f.868DDD9EF8C55ECB5E24C8AEC1C53E95.d.81963530030E4BC442FB7EE52BBB2816.e.7739","ELEMENT":"f.868DDD9EF8C55ECB5E24C8AEC1C53E95.d.81963530030E4BC442FB7EE52BBB2816.e.7739"}]}
RESULT: {"script":"<script> [56 bytes]","args":[{"element-6066-11e4-a52e-4f735466cecf":"f.868DDD9EF8C55ECB5E24C8AEC1C53E95.d.81963530030E4BC442FB7EE52BBB2816.e.7739","ELEMENT":"f.868DDD9EF8C55ECB5E24C8AEC1C53E95.d.81963530030E4BC442FB7EE52BBB2816.e.7739"}]}
COMMAND: GET /session/bf687da40b3c98d128a44e447cb2f226/screenshot - {}
COMMAND: GET /session/bf687da40b3c98d128a44e447cb2f226/screenshot - {}
RESULT: {}
]]></system-out>
      <system-err><![CDATA[
TypeError: Cannot read properties of null (reading '0')
    at Context.<anonymous> (D:\a\1\s\test\specs\BTS\manage-partners.spec.js:976:97)
]]></system-err>
    </testcase>
    <testcase classname="chrome.135_0_7049_96.windows.Partner_specific_tests_US150819_US151080_US151654_US151176_US103444_US151078_US151079_US151109_US151174_US151175_US151189" name="Should do various searches US151175" time="170.215">
      <skipped />
      <system-out><![CDATA[
COMMAND: POST /session/bf687da40b3c98d128a44e447cb2f226/element - {"using":"xpath","value":"//li[.//span[text()=\"Manage Partners\"]]"}
RESULT: {}
RESULT: {"using":"xpath","value":"//li[.//span[text()=\"Manage Partners\"]]"}
COMMAND: POST /session/bf687da40b3c98d128a44e447cb2f226/element - {"using":"xpath","value":"//li[.//span[text()=\"Manage Partners\"]]"}
RESULT: {"using":"xpath","value":"//li[.//span[text()=\"Manage Partners\"]]"}
COMMAND: POST /session/bf687da40b3c98d128a44e447cb2f226/element - {"using":"css selector","value":"#shell-header-logo"}
RESULT: {"using":"css selector","value":"#shell-header-logo"}
COMMAND: POST /session/bf687da40b3c98d128a44e447cb2f226/element/f.868DDD9EF8C55ECB5E24C8AEC1C53E95.d.81963530030E4BC442FB7EE52BBB2816.e.7570/click - {}
COMMAND: POST /session/bf687da40b3c98d128a44e447cb2f226/execute/sync - {"script":"<script> [8489 bytes]","args":[{"element-6066-11e4-a52e-4f735466cecf":"f.868DDD9EF8C55ECB5E24C8AEC1C53E95.d.81963530030E4BC442FB7EE52BBB2816.e.7570","ELEMENT":"f.868DDD9EF8C55ECB5E24C8AEC1C53E95.d.81963530030E4BC442FB7EE52BBB2816.e.7570"}]}
RESULT: {}
COMMAND: GET /session/bf687da40b3c98d128a44e447cb2f226/screenshot - {}
COMMAND: POST /session/bf687da40b3c98d128a44e447cb2f226/element - {"using":"css selector","value":"#shell-header-logo"}
RESULT: {}
RESULT: {"using":"css selector","value":"#shell-header-logo"}
COMMAND: POST /session/bf687da40b3c98d128a44e447cb2f226/execute/sync - {"script":"<script> [8489 bytes]","args":[{"element-6066-11e4-a52e-4f735466cecf":"f.868DDD9EF8C55ECB5E24C8AEC1C53E95.d.81963530030E4BC442FB7EE52BBB2816.e.8319","ELEMENT":"f.868DDD9EF8C55ECB5E24C8AEC1C53E95.d.81963530030E4BC442FB7EE52BBB2816.e.8319"}]}
RESULT: {"script":"<script> [8489 bytes]","args":[{"element-6066-11e4-a52e-4f735466cecf":"f.868DDD9EF8C55ECB5E24C8AEC1C53E95.d.81963530030E4BC442FB7EE52BBB2816.e.8319","ELEMENT":"f.868DDD9EF8C55ECB5E24C8AEC1C53E95.d.81963530030E4BC442FB7EE52BBB2816.e.8319"}]}
COMMAND: POST /session/bf687da40b3c98d128a44e447cb2f226/execute/sync - {"script":"<script> [5351 bytes]","args":[{"element-6066-11e4-a52e-4f735466cecf":"f.868DDD9EF8C55ECB5E24C8AEC1C53E95.d.81963530030E4BC442FB7EE52BBB2816.e.8319","ELEMENT":"f.868DDD9EF8C55ECB5E24C8AEC1C53E95.d.81963530030E4BC442FB7EE52BBB2816.e.8319"}]}
COMMAND: GET /session/bf687da40b3c98d128a44e447cb2f226/screenshot - {}
RESULT: {"script":"<script> [5351 bytes]","args":[{"element-6066-11e4-a52e-4f735466cecf":"f.868DDD9EF8C55ECB5E24C8AEC1C53E95.d.81963530030E4BC442FB7EE52BBB2816.e.8319","ELEMENT":"f.868DDD9EF8C55ECB5E24C8AEC1C53E95.d.81963530030E4BC442FB7EE52BBB2816.e.8319"}]}
COMMAND: GET /session/bf687da40b3c98d128a44e447cb2f226/screenshot - {}
RESULT: {}
RESULT: {}
RESULT: undefined
COMMAND: POST /session/bf687da40b3c98d128a44e447cb2f226/element - {"using":"xpath","value":"//*[@id=\"__tile30\"]"}
RESULT: {"using":"xpath","value":"//*[@id=\"__tile30\"]"}
COMMAND: POST /session/bf687da40b3c98d128a44e447cb2f226/element/f.868DDD9EF8C55ECB5E24C8AEC1C53E95.d.81963530030E4BC442FB7EE52BBB2816.e.4481/click - {}
RESULT: {}
COMMAND: POST /session/bf687da40b3c98d128a44e447cb2f226/element - {"using":"xpath","value":"//button[@data-kt=\"addButton\"]"}
COMMAND: GET /session/bf687da40b3c98d128a44e447cb2f226/screenshot - {}
RESULT: {"using":"xpath","value":"//button[@data-kt=\"addButton\"]"}
COMMAND: POST /session/bf687da40b3c98d128a44e447cb2f226/elements - {"using":"xpath","value":"//button[@data-kt=\"addButton\"]"}
RESULT: {}
RESULT: {"using":"xpath","value":"//button[@data-kt=\"addButton\"]"}
COMMAND: POST /session/bf687da40b3c98d128a44e447cb2f226/elements - {"using":"xpath","value":"//button[@data-kt=\"addButton\"]"}
RESULT: {"using":"xpath","value":"//button[@data-kt=\"addButton\"]"}
COMMAND: POST /session/bf687da40b3c98d128a44e447cb2f226/element - {"using":"xpath","value":"//button[@data-kt=\"addButton\"]"}
RESULT: {"using":"xpath","value":"//button[@data-kt=\"addButton\"]"}
COMMAND: POST /session/bf687da40b3c98d128a44e447cb2f226/execute/sync - {"script":"<script> [8489 bytes]","args":[{"element-6066-11e4-a52e-4f735466cecf":"f.868DDD9EF8C55ECB5E24C8AEC1C53E95.d.81963530030E4BC442FB7EE52BBB2816.e.8365","ELEMENT":"f.868DDD9EF8C55ECB5E24C8AEC1C53E95.d.81963530030E4BC442FB7EE52BBB2816.e.8365"}]}
RESULT: {"script":"<script> [8489 bytes]","args":[{"element-6066-11e4-a52e-4f735466cecf":"f.868DDD9EF8C55ECB5E24C8AEC1C53E95.d.81963530030E4BC442FB7EE52BBB2816.e.8365","ELEMENT":"f.868DDD9EF8C55ECB5E24C8AEC1C53E95.d.81963530030E4BC442FB7EE52BBB2816.e.8365"}]}
COMMAND: GET /session/bf687da40b3c98d128a44e447cb2f226/element/f.868DDD9EF8C55ECB5E24C8AEC1C53E95.d.81963530030E4BC442FB7EE52BBB2816.e.8365/enabled - {}
COMMAND: GET /session/bf687da40b3c98d128a44e447cb2f226/screenshot - {}
RESULT: {}
COMMAND: POST /session/bf687da40b3c98d128a44e447cb2f226/execute/sync - {"script":"<script> [8489 bytes]","args":[{"element-6066-11e4-a52e-4f735466cecf":"f.868DDD9EF8C55ECB5E24C8AEC1C53E95.d.81963530030E4BC442FB7EE52BBB2816.e.8365","ELEMENT":"f.868DDD9EF8C55ECB5E24C8AEC1C53E95.d.81963530030E4BC442FB7EE52BBB2816.e.8365"}]}
COMMAND: GET /session/bf687da40b3c98d128a44e447cb2f226/screenshot - {}
RESULT: {}
RESULT: {}
RESULT: {"script":"<script> [8489 bytes]","args":[{"element-6066-11e4-a52e-4f735466cecf":"f.868DDD9EF8C55ECB5E24C8AEC1C53E95.d.81963530030E4BC442FB7EE52BBB2816.e.8365","ELEMENT":"f.868DDD9EF8C55ECB5E24C8AEC1C53E95.d.81963530030E4BC442FB7EE52BBB2816.e.8365"}]}
COMMAND: POST /session/bf687da40b3c98d128a44e447cb2f226/execute/sync - {"script":"<script> [5351 bytes]","args":[{"element-6066-11e4-a52e-4f735466cecf":"f.868DDD9EF8C55ECB5E24C8AEC1C53E95.d.81963530030E4BC442FB7EE52BBB2816.e.8365","ELEMENT":"f.868DDD9EF8C55ECB5E24C8AEC1C53E95.d.81963530030E4BC442FB7EE52BBB2816.e.8365"}]}
COMMAND: GET /session/bf687da40b3c98d128a44e447cb2f226/screenshot - {}
RESULT: {"script":"<script> [5351 bytes]","args":[{"element-6066-11e4-a52e-4f735466cecf":"f.868DDD9EF8C55ECB5E24C8AEC1C53E95.d.81963530030E4BC442FB7EE52BBB2816.e.8365","ELEMENT":"f.868DDD9EF8C55ECB5E24C8AEC1C53E95.d.81963530030E4BC442FB7EE52BBB2816.e.8365"}]}
COMMAND: GET /session/bf687da40b3c98d128a44e447cb2f226/screenshot - {}
RESULT: {}
RESULT: {}
COMMAND: POST /session/bf687da40b3c98d128a44e447cb2f226/element - {"using":"xpath","value":"//span[@id=\"application-managepartners-display-component---masterPtm--smartTable-header-inner\"]"}
RESULT: {"using":"xpath","value":"//span[@id=\"application-managepartners-display-component---masterPtm--smartTable-header-inner\"]"}
COMMAND: POST /session/bf687da40b3c98d128a44e447cb2f226/elements - {"using":"xpath","value":"//span[@id=\"application-managepartners-display-component---masterPtm--smartTable-header-inner\"]"}
RESULT: {"using":"xpath","value":"//span[@id=\"application-managepartners-display-component---masterPtm--smartTable-header-inner\"]"}
COMMAND: POST /session/bf687da40b3c98d128a44e447cb2f226/execute/sync - {"script":"<script> [56 bytes]","args":[{"element-6066-11e4-a52e-4f735466cecf":"f.868DDD9EF8C55ECB5E24C8AEC1C53E95.d.81963530030E4BC442FB7EE52BBB2816.e.8490","ELEMENT":"f.868DDD9EF8C55ECB5E24C8AEC1C53E95.d.81963530030E4BC442FB7EE52BBB2816.e.8490"}]}
RESULT: {"script":"<script> [56 bytes]","args":[{"element-6066-11e4-a52e-4f735466cecf":"f.868DDD9EF8C55ECB5E24C8AEC1C53E95.d.81963530030E4BC442FB7EE52BBB2816.e.8490","ELEMENT":"f.868DDD9EF8C55ECB5E24C8AEC1C53E95.d.81963530030E4BC442FB7EE52BBB2816.e.8490"}]}
RESULT: undefined
COMMAND: POST /session/bf687da40b3c98d128a44e447cb2f226/element - {"using":"xpath","value":"//*[@id=\"application-managepartners-display-component---masterPtm--smartFilterBar-btnFilters\"]"}
COMMAND: GET /session/bf687da40b3c98d128a44e447cb2f226/screenshot - {}
RESULT: {"using":"xpath","value":"//*[@id=\"application-managepartners-display-component---masterPtm--smartFilterBar-btnFilters\"]"}
COMMAND: POST /session/bf687da40b3c98d128a44e447cb2f226/element/f.868DDD9EF8C55ECB5E24C8AEC1C53E95.d.81963530030E4BC442FB7EE52BBB2816.e.8342/click - {}
RESULT: {}
RESULT: {}
COMMAND: GET /session/bf687da40b3c98d128a44e447cb2f226/screenshot - {}
RESULT: {}
COMMAND: POST /session/bf687da40b3c98d128a44e447cb2f226/elements - {"using":"xpath","value":"//table[contains(@id, \"listView-innerSelectionPanelTable-listUl\")]/tbody/tr"}
RESULT: {"using":"xpath","value":"//table[contains(@id, \"listView-innerSelectionPanelTable-listUl\")]/tbody/tr"}
COMMAND: POST /session/bf687da40b3c98d128a44e447cb2f226/element - {"using":"xpath","value":"//table[contains(@id, \"listView-innerSelectionPanelTable-listUl\")]/tbody/tr[2]/td[2]/div/div"}
RESULT: {"using":"xpath","value":"//table[contains(@id, \"listView-innerSelectionPanelTable-listUl\")]/tbody/tr[2]/td[2]/div/div"}
COMMAND: POST /session/bf687da40b3c98d128a44e447cb2f226/element - {"using":"xpath","value":"//table[contains(@id, \"listView-innerSelectionPanelTable-listUl\")]/tbody/tr[2]/td[2]/div"}
RESULT: {"using":"xpath","value":"//table[contains(@id, \"listView-innerSelectionPanelTable-listUl\")]/tbody/tr[2]/td[2]/div"}
COMMAND: POST /session/bf687da40b3c98d128a44e447cb2f226/element - {"using":"xpath","value":"//table[contains(@id, \"listView-innerSelectionPanelTable-listUl\")]/tbody/tr[2]/td[3]/div/div/span/span[1]/bdi"}
RESULT: {"using":"xpath","value":"//table[contains(@id, \"listView-innerSelectionPanelTable-listUl\")]/tbody/tr[2]/td[3]/div/div/span/span[1]/bdi"}
COMMAND: POST /session/bf687da40b3c98d128a44e447cb2f226/execute/sync - {"script":"<script> [56 bytes]","args":[{"element-6066-11e4-a52e-4f735466cecf":"f.868DDD9EF8C55ECB5E24C8AEC1C53E95.d.81963530030E4BC442FB7EE52BBB2816.e.8558","ELEMENT":"f.868DDD9EF8C55ECB5E24C8AEC1C53E95.d.81963530030E4BC442FB7EE52BBB2816.e.8558"}]}
RESULT: {"script":"<script> [56 bytes]","args":[{"element-6066-11e4-a52e-4f735466cecf":"f.868DDD9EF8C55ECB5E24C8AEC1C53E95.d.81963530030E4BC442FB7EE52BBB2816.e.8558","ELEMENT":"f.868DDD9EF8C55ECB5E24C8AEC1C53E95.d.81963530030E4BC442FB7EE52BBB2816.e.8558"}]}
COMMAND: GET /session/bf687da40b3c98d128a44e447cb2f226/element/f.868DDD9EF8C55ECB5E24C8AEC1C53E95.d.81963530030E4BC442FB7EE52BBB2816.e.8557/attribute/aria-checked - {}
COMMAND: GET /session/bf687da40b3c98d128a44e447cb2f226/screenshot - {}
RESULT: {}
COMMAND: POST /session/bf687da40b3c98d128a44e447cb2f226/element - {"using":"xpath","value":"//table[contains(@id, \"listView-innerSelectionPanelTable-listUl\")]/tbody/tr[3]/td[2]/div/div"}
RESULT: {}
RESULT: {"using":"xpath","value":"//table[contains(@id, \"listView-innerSelectionPanelTable-listUl\")]/tbody/tr[3]/td[2]/div/div"}
COMMAND: POST /session/bf687da40b3c98d128a44e447cb2f226/element - {"using":"xpath","value":"//table[contains(@id, \"listView-innerSelectionPanelTable-listUl\")]/tbody/tr[3]/td[2]/div"}
RESULT: {"using":"xpath","value":"//table[contains(@id, \"listView-innerSelectionPanelTable-listUl\")]/tbody/tr[3]/td[2]/div"}
COMMAND: POST /session/bf687da40b3c98d128a44e447cb2f226/element - {"using":"xpath","value":"//table[contains(@id, \"listView-innerSelectionPanelTable-listUl\")]/tbody/tr[3]/td[3]/div/div/span/span[1]/bdi"}
RESULT: {"using":"xpath","value":"//table[contains(@id, \"listView-innerSelectionPanelTable-listUl\")]/tbody/tr[3]/td[3]/div/div/span/span[1]/bdi"}
COMMAND: POST /session/bf687da40b3c98d128a44e447cb2f226/execute/sync - {"script":"<script> [56 bytes]","args":[{"element-6066-11e4-a52e-4f735466cecf":"f.868DDD9EF8C55ECB5E24C8AEC1C53E95.d.81963530030E4BC442FB7EE52BBB2816.e.8561","ELEMENT":"f.868DDD9EF8C55ECB5E24C8AEC1C53E95.d.81963530030E4BC442FB7EE52BBB2816.e.8561"}]}
RESULT: {"script":"<script> [56 bytes]","args":[{"element-6066-11e4-a52e-4f735466cecf":"f.868DDD9EF8C55ECB5E24C8AEC1C53E95.d.81963530030E4BC442FB7EE52BBB2816.e.8561","ELEMENT":"f.868DDD9EF8C55ECB5E24C8AEC1C53E95.d.81963530030E4BC442FB7EE52BBB2816.e.8561"}]}
COMMAND: GET /session/bf687da40b3c98d128a44e447cb2f226/element/f.868DDD9EF8C55ECB5E24C8AEC1C53E95.d.81963530030E4BC442FB7EE52BBB2816.e.8560/attribute/aria-checked - {}
COMMAND: GET /session/bf687da40b3c98d128a44e447cb2f226/screenshot - {}
RESULT: {}
COMMAND: POST /session/bf687da40b3c98d128a44e447cb2f226/element - {"using":"xpath","value":"//table[contains(@id, \"listView-innerSelectionPanelTable-listUl\")]/tbody/tr[4]/td[2]/div/div"}
RESULT: {}
RESULT: {"using":"xpath","value":"//table[contains(@id, \"listView-innerSelectionPanelTable-listUl\")]/tbody/tr[4]/td[2]/div/div"}
COMMAND: POST /session/bf687da40b3c98d128a44e447cb2f226/element - {"using":"xpath","value":"//table[contains(@id, \"listView-innerSelectionPanelTable-listUl\")]/tbody/tr[4]/td[2]/div"}
RESULT: {"using":"xpath","value":"//table[contains(@id, \"listView-innerSelectionPanelTable-listUl\")]/tbody/tr[4]/td[2]/div"}
COMMAND: POST /session/bf687da40b3c98d128a44e447cb2f226/element - {"using":"xpath","value":"//table[contains(@id, \"listView-innerSelectionPanelTable-listUl\")]/tbody/tr[4]/td[3]/div/div/span/span[1]/bdi"}
RESULT: {"using":"xpath","value":"//table[contains(@id, \"listView-innerSelectionPanelTable-listUl\")]/tbody/tr[4]/td[3]/div/div/span/span[1]/bdi"}
COMMAND: POST /session/bf687da40b3c98d128a44e447cb2f226/execute/sync - {"script":"<script> [56 bytes]","args":[{"element-6066-11e4-a52e-4f735466cecf":"f.868DDD9EF8C55ECB5E24C8AEC1C53E95.d.81963530030E4BC442FB7EE52BBB2816.e.8564","ELEMENT":"f.868DDD9EF8C55ECB5E24C8AEC1C53E95.d.81963530030E4BC442FB7EE52BBB2816.e.8564"}]}
RESULT: {"script":"<script> [56 bytes]","args":[{"element-6066-11e4-a52e-4f735466cecf":"f.868DDD9EF8C55ECB5E24C8AEC1C53E95.d.81963530030E4BC442FB7EE52BBB2816.e.8564","ELEMENT":"f.868DDD9EF8C55ECB5E24C8AEC1C53E95.d.81963530030E4BC442FB7EE52BBB2816.e.8564"}]}
COMMAND: GET /session/bf687da40b3c98d128a44e447cb2f226/element/f.868DDD9EF8C55ECB5E24C8AEC1C53E95.d.81963530030E4BC442FB7EE52BBB2816.e.8563/attribute/aria-checked - {}
COMMAND: GET /session/bf687da40b3c98d128a44e447cb2f226/screenshot - {}
RESULT: {}
COMMAND: POST /session/bf687da40b3c98d128a44e447cb2f226/element - {"using":"xpath","value":"//table[contains(@id, \"listView-innerSelectionPanelTable-listUl\")]/tbody/tr[5]/td[2]/div/div"}
RESULT: {}
RESULT: {"using":"xpath","value":"//table[contains(@id, \"listView-innerSelectionPanelTable-listUl\")]/tbody/tr[5]/td[2]/div/div"}
COMMAND: POST /session/bf687da40b3c98d128a44e447cb2f226/element - {"using":"xpath","value":"//table[contains(@id, \"listView-innerSelectionPanelTable-listUl\")]/tbody/tr[5]/td[2]/div"}
RESULT: {"using":"xpath","value":"//table[contains(@id, \"listView-innerSelectionPanelTable-listUl\")]/tbody/tr[5]/td[2]/div"}
COMMAND: POST /session/bf687da40b3c98d128a44e447cb2f226/element - {"using":"xpath","value":"//table[contains(@id, \"listView-innerSelectionPanelTable-listUl\")]/tbody/tr[5]/td[3]/div/div/span/span[1]/bdi"}
RESULT: {"using":"xpath","value":"//table[contains(@id, \"listView-innerSelectionPanelTable-listUl\")]/tbody/tr[5]/td[3]/div/div/span/span[1]/bdi"}
COMMAND: POST /session/bf687da40b3c98d128a44e447cb2f226/execute/sync - {"script":"<script> [56 bytes]","args":[{"element-6066-11e4-a52e-4f735466cecf":"f.868DDD9EF8C55ECB5E24C8AEC1C53E95.d.81963530030E4BC442FB7EE52BBB2816.e.8567","ELEMENT":"f.868DDD9EF8C55ECB5E24C8AEC1C53E95.d.81963530030E4BC442FB7EE52BBB2816.e.8567"}]}
RESULT: {"script":"<script> [56 bytes]","args":[{"element-6066-11e4-a52e-4f735466cecf":"f.868DDD9EF8C55ECB5E24C8AEC1C53E95.d.81963530030E4BC442FB7EE52BBB2816.e.8567","ELEMENT":"f.868DDD9EF8C55ECB5E24C8AEC1C53E95.d.81963530030E4BC442FB7EE52BBB2816.e.8567"}]}
COMMAND: GET /session/bf687da40b3c98d128a44e447cb2f226/element/f.868DDD9EF8C55ECB5E24C8AEC1C53E95.d.81963530030E4BC442FB7EE52BBB2816.e.8566/attribute/aria-checked - {}
COMMAND: GET /session/bf687da40b3c98d128a44e447cb2f226/screenshot - {}
RESULT: {}
COMMAND: POST /session/bf687da40b3c98d128a44e447cb2f226/element - {"using":"xpath","value":"//table[contains(@id, \"listView-innerSelectionPanelTable-listUl\")]/tbody/tr[6]/td[2]/div/div"}
RESULT: {}
RESULT: {"using":"xpath","value":"//table[contains(@id, \"listView-innerSelectionPanelTable-listUl\")]/tbody/tr[6]/td[2]/div/div"}
COMMAND: POST /session/bf687da40b3c98d128a44e447cb2f226/element - {"using":"xpath","value":"//table[contains(@id, \"listView-innerSelectionPanelTable-listUl\")]/tbody/tr[6]/td[2]/div"}
RESULT: {"using":"xpath","value":"//table[contains(@id, \"listView-innerSelectionPanelTable-listUl\")]/tbody/tr[6]/td[2]/div"}
COMMAND: POST /session/bf687da40b3c98d128a44e447cb2f226/element - {"using":"xpath","value":"//table[contains(@id, \"listView-innerSelectionPanelTable-listUl\")]/tbody/tr[6]/td[3]/div/div/span/span[1]/bdi"}
RESULT: {"using":"xpath","value":"//table[contains(@id, \"listView-innerSelectionPanelTable-listUl\")]/tbody/tr[6]/td[3]/div/div/span/span[1]/bdi"}
COMMAND: POST /session/bf687da40b3c98d128a44e447cb2f226/execute/sync - {"script":"<script> [56 bytes]","args":[{"element-6066-11e4-a52e-4f735466cecf":"f.868DDD9EF8C55ECB5E24C8AEC1C53E95.d.81963530030E4BC442FB7EE52BBB2816.e.8570","ELEMENT":"f.868DDD9EF8C55ECB5E24C8AEC1C53E95.d.81963530030E4BC442FB7EE52BBB2816.e.8570"}]}
RESULT: {"script":"<script> [56 bytes]","args":[{"element-6066-11e4-a52e-4f735466cecf":"f.868DDD9EF8C55ECB5E24C8AEC1C53E95.d.81963530030E4BC442FB7EE52BBB2816.e.8570","ELEMENT":"f.868DDD9EF8C55ECB5E24C8AEC1C53E95.d.81963530030E4BC442FB7EE52BBB2816.e.8570"}]}
COMMAND: GET /session/bf687da40b3c98d128a44e447cb2f226/element/f.868DDD9EF8C55ECB5E24C8AEC1C53E95.d.81963530030E4BC442FB7EE52BBB2816.e.8569/attribute/aria-checked - {}
COMMAND: GET /session/bf687da40b3c98d128a44e447cb2f226/screenshot - {}
RESULT: {}
COMMAND: POST /session/bf687da40b3c98d128a44e447cb2f226/element - {"using":"xpath","value":"//table[contains(@id, \"listView-innerSelectionPanelTable-listUl\")]/tbody/tr[7]/td[2]/div/div"}
RESULT: {}
RESULT: {"using":"xpath","value":"//table[contains(@id, \"listView-innerSelectionPanelTable-listUl\")]/tbody/tr[7]/td[2]/div/div"}
COMMAND: POST /session/bf687da40b3c98d128a44e447cb2f226/element - {"using":"xpath","value":"//table[contains(@id, \"listView-innerSelectionPanelTable-listUl\")]/tbody/tr[7]/td[2]/div"}
RESULT: {"using":"xpath","value":"//table[contains(@id, \"listView-innerSelectionPanelTable-listUl\")]/tbody/tr[7]/td[2]/div"}
COMMAND: POST /session/bf687da40b3c98d128a44e447cb2f226/element - {"using":"xpath","value":"//table[contains(@id, \"listView-innerSelectionPanelTable-listUl\")]/tbody/tr[7]/td[3]/div/div/span/span[1]/bdi"}
RESULT: {"using":"xpath","value":"//table[contains(@id, \"listView-innerSelectionPanelTable-listUl\")]/tbody/tr[7]/td[3]/div/div/span/span[1]/bdi"}
COMMAND: POST /session/bf687da40b3c98d128a44e447cb2f226/execute/sync - {"script":"<script> [56 bytes]","args":[{"element-6066-11e4-a52e-4f735466cecf":"f.868DDD9EF8C55ECB5E24C8AEC1C53E95.d.81963530030E4BC442FB7EE52BBB2816.e.8573","ELEMENT":"f.868DDD9EF8C55ECB5E24C8AEC1C53E95.d.81963530030E4BC442FB7EE52BBB2816.e.8573"}]}
RESULT: {"script":"<script> [56 bytes]","args":[{"element-6066-11e4-a52e-4f735466cecf":"f.868DDD9EF8C55ECB5E24C8AEC1C53E95.d.81963530030E4BC442FB7EE52BBB2816.e.8573","ELEMENT":"f.868DDD9EF8C55ECB5E24C8AEC1C53E95.d.81963530030E4BC442FB7EE52BBB2816.e.8573"}]}
COMMAND: GET /session/bf687da40b3c98d128a44e447cb2f226/element/f.868DDD9EF8C55ECB5E24C8AEC1C53E95.d.81963530030E4BC442FB7EE52BBB2816.e.8572/attribute/aria-checked - {}
COMMAND: GET /session/bf687da40b3c98d128a44e447cb2f226/screenshot - {}
RESULT: {}
COMMAND: POST /session/bf687da40b3c98d128a44e447cb2f226/element - {"using":"xpath","value":"//table[contains(@id, \"listView-innerSelectionPanelTable-listUl\")]/tbody/tr[8]/td[2]/div/div"}
RESULT: {}
RESULT: {"using":"xpath","value":"//table[contains(@id, \"listView-innerSelectionPanelTable-listUl\")]/tbody/tr[8]/td[2]/div/div"}
COMMAND: POST /session/bf687da40b3c98d128a44e447cb2f226/element - {"using":"xpath","value":"//table[contains(@id, \"listView-innerSelectionPanelTable-listUl\")]/tbody/tr[8]/td[2]/div"}
RESULT: {"using":"xpath","value":"//table[contains(@id, \"listView-innerSelectionPanelTable-listUl\")]/tbody/tr[8]/td[2]/div"}
COMMAND: POST /session/bf687da40b3c98d128a44e447cb2f226/element - {"using":"xpath","value":"//table[contains(@id, \"listView-innerSelectionPanelTable-listUl\")]/tbody/tr[8]/td[3]/div/div/span/span[1]/bdi"}
RESULT: {"using":"xpath","value":"//table[contains(@id, \"listView-innerSelectionPanelTable-listUl\")]/tbody/tr[8]/td[3]/div/div/span/span[1]/bdi"}
COMMAND: POST /session/bf687da40b3c98d128a44e447cb2f226/execute/sync - {"script":"<script> [56 bytes]","args":[{"element-6066-11e4-a52e-4f735466cecf":"f.868DDD9EF8C55ECB5E24C8AEC1C53E95.d.81963530030E4BC442FB7EE52BBB2816.e.8576","ELEMENT":"f.868DDD9EF8C55ECB5E24C8AEC1C53E95.d.81963530030E4BC442FB7EE52BBB2816.e.8576"}]}
RESULT: {"script":"<script> [56 bytes]","args":[{"element-6066-11e4-a52e-4f735466cecf":"f.868DDD9EF8C55ECB5E24C8AEC1C53E95.d.81963530030E4BC442FB7EE52BBB2816.e.8576","ELEMENT":"f.868DDD9EF8C55ECB5E24C8AEC1C53E95.d.81963530030E4BC442FB7EE52BBB2816.e.8576"}]}
COMMAND: GET /session/bf687da40b3c98d128a44e447cb2f226/element/f.868DDD9EF8C55ECB5E24C8AEC1C53E95.d.81963530030E4BC442FB7EE52BBB2816.e.8575/attribute/aria-checked - {}
COMMAND: GET /session/bf687da40b3c98d128a44e447cb2f226/screenshot - {}
RESULT: {}
COMMAND: POST /session/bf687da40b3c98d128a44e447cb2f226/element - {"using":"xpath","value":"//table[contains(@id, \"listView-innerSelectionPanelTable-listUl\")]/tbody/tr[9]/td[2]/div/div"}
RESULT: {}
RESULT: {"using":"xpath","value":"//table[contains(@id, \"listView-innerSelectionPanelTable-listUl\")]/tbody/tr[9]/td[2]/div/div"}
COMMAND: POST /session/bf687da40b3c98d128a44e447cb2f226/element - {"using":"xpath","value":"//table[contains(@id, \"listView-innerSelectionPanelTable-listUl\")]/tbody/tr[9]/td[2]/div"}
RESULT: {"using":"xpath","value":"//table[contains(@id, \"listView-innerSelectionPanelTable-listUl\")]/tbody/tr[9]/td[2]/div"}
COMMAND: POST /session/bf687da40b3c98d128a44e447cb2f226/element - {"using":"xpath","value":"//table[contains(@id, \"listView-innerSelectionPanelTable-listUl\")]/tbody/tr[9]/td[3]/div/div/span/span[1]/bdi"}
RESULT: {"using":"xpath","value":"//table[contains(@id, \"listView-innerSelectionPanelTable-listUl\")]/tbody/tr[9]/td[3]/div/div/span/span[1]/bdi"}
COMMAND: POST /session/bf687da40b3c98d128a44e447cb2f226/execute/sync - {"script":"<script> [56 bytes]","args":[{"element-6066-11e4-a52e-4f735466cecf":"f.868DDD9EF8C55ECB5E24C8AEC1C53E95.d.81963530030E4BC442FB7EE52BBB2816.e.8579","ELEMENT":"f.868DDD9EF8C55ECB5E24C8AEC1C53E95.d.81963530030E4BC442FB7EE52BBB2816.e.8579"}]}
RESULT: {"script":"<script> [56 bytes]","args":[{"element-6066-11e4-a52e-4f735466cecf":"f.868DDD9EF8C55ECB5E24C8AEC1C53E95.d.81963530030E4BC442FB7EE52BBB2816.e.8579","ELEMENT":"f.868DDD9EF8C55ECB5E24C8AEC1C53E95.d.81963530030E4BC442FB7EE52BBB2816.e.8579"}]}
COMMAND: GET /session/bf687da40b3c98d128a44e447cb2f226/element/f.868DDD9EF8C55ECB5E24C8AEC1C53E95.d.81963530030E4BC442FB7EE52BBB2816.e.8578/attribute/aria-checked - {}
COMMAND: GET /session/bf687da40b3c98d128a44e447cb2f226/screenshot - {}
RESULT: {}
COMMAND: POST /session/bf687da40b3c98d128a44e447cb2f226/element - {"using":"xpath","value":"//table[contains(@id, \"listView-innerSelectionPanelTable-listUl\")]/tbody/tr[10]/td[2]/div/div"}
RESULT: {}
RESULT: {"using":"xpath","value":"//table[contains(@id, \"listView-innerSelectionPanelTable-listUl\")]/tbody/tr[10]/td[2]/div/div"}
COMMAND: POST /session/bf687da40b3c98d128a44e447cb2f226/element - {"using":"xpath","value":"//table[contains(@id, \"listView-innerSelectionPanelTable-listUl\")]/tbody/tr[10]/td[2]/div"}
RESULT: {"using":"xpath","value":"//table[contains(@id, \"listView-innerSelectionPanelTable-listUl\")]/tbody/tr[10]/td[2]/div"}
COMMAND: POST /session/bf687da40b3c98d128a44e447cb2f226/element - {"using":"xpath","value":"//table[contains(@id, \"listView-innerSelectionPanelTable-listUl\")]/tbody/tr[10]/td[3]/div/div/span/span[1]/bdi"}
RESULT: {"using":"xpath","value":"//table[contains(@id, \"listView-innerSelectionPanelTable-listUl\")]/tbody/tr[10]/td[3]/div/div/span/span[1]/bdi"}
COMMAND: POST /session/bf687da40b3c98d128a44e447cb2f226/execute/sync - {"script":"<script> [56 bytes]","args":[{"element-6066-11e4-a52e-4f735466cecf":"f.868DDD9EF8C55ECB5E24C8AEC1C53E95.d.81963530030E4BC442FB7EE52BBB2816.e.8582","ELEMENT":"f.868DDD9EF8C55ECB5E24C8AEC1C53E95.d.81963530030E4BC442FB7EE52BBB2816.e.8582"}]}
RESULT: {"script":"<script> [56 bytes]","args":[{"element-6066-11e4-a52e-4f735466cecf":"f.868DDD9EF8C55ECB5E24C8AEC1C53E95.d.81963530030E4BC442FB7EE52BBB2816.e.8582","ELEMENT":"f.868DDD9EF8C55ECB5E24C8AEC1C53E95.d.81963530030E4BC442FB7EE52BBB2816.e.8582"}]}
COMMAND: GET /session/bf687da40b3c98d128a44e447cb2f226/element/f.868DDD9EF8C55ECB5E24C8AEC1C53E95.d.81963530030E4BC442FB7EE52BBB2816.e.8581/attribute/aria-checked - {}
COMMAND: GET /session/bf687da40b3c98d128a44e447cb2f226/screenshot - {}
RESULT: {}
COMMAND: POST /session/bf687da40b3c98d128a44e447cb2f226/element - {"using":"xpath","value":"//table[contains(@id, \"listView-innerSelectionPanelTable-listUl\")]/tbody/tr[11]/td[2]/div/div"}
RESULT: {}
RESULT: {"using":"xpath","value":"//table[contains(@id, \"listView-innerSelectionPanelTable-listUl\")]/tbody/tr[11]/td[2]/div/div"}
COMMAND: POST /session/bf687da40b3c98d128a44e447cb2f226/element - {"using":"xpath","value":"//table[contains(@id, \"listView-innerSelectionPanelTable-listUl\")]/tbody/tr[11]/td[2]/div"}
RESULT: {"using":"xpath","value":"//table[contains(@id, \"listView-innerSelectionPanelTable-listUl\")]/tbody/tr[11]/td[2]/div"}
COMMAND: POST /session/bf687da40b3c98d128a44e447cb2f226/element - {"using":"xpath","value":"//table[contains(@id, \"listView-innerSelectionPanelTable-listUl\")]/tbody/tr[11]/td[3]/div/div/span/span[1]/bdi"}
RESULT: {"using":"xpath","value":"//table[contains(@id, \"listView-innerSelectionPanelTable-listUl\")]/tbody/tr[11]/td[3]/div/div/span/span[1]/bdi"}
COMMAND: POST /session/bf687da40b3c98d128a44e447cb2f226/execute/sync - {"script":"<script> [56 bytes]","args":[{"element-6066-11e4-a52e-4f735466cecf":"f.868DDD9EF8C55ECB5E24C8AEC1C53E95.d.81963530030E4BC442FB7EE52BBB2816.e.8585","ELEMENT":"f.868DDD9EF8C55ECB5E24C8AEC1C53E95.d.81963530030E4BC442FB7EE52BBB2816.e.8585"}]}
RESULT: {"script":"<script> [56 bytes]","args":[{"element-6066-11e4-a52e-4f735466cecf":"f.868DDD9EF8C55ECB5E24C8AEC1C53E95.d.81963530030E4BC442FB7EE52BBB2816.e.8585","ELEMENT":"f.868DDD9EF8C55ECB5E24C8AEC1C53E95.d.81963530030E4BC442FB7EE52BBB2816.e.8585"}]}
COMMAND: GET /session/bf687da40b3c98d128a44e447cb2f226/element/f.868DDD9EF8C55ECB5E24C8AEC1C53E95.d.81963530030E4BC442FB7EE52BBB2816.e.8584/attribute/aria-checked - {}
COMMAND: GET /session/bf687da40b3c98d128a44e447cb2f226/screenshot - {}
RESULT: {}
COMMAND: POST /session/bf687da40b3c98d128a44e447cb2f226/element - {"using":"xpath","value":"//table[contains(@id, \"listView-innerSelectionPanelTable-listUl\")]/tbody/tr[12]/td[2]/div/div"}
RESULT: {}
RESULT: {"using":"xpath","value":"//table[contains(@id, \"listView-innerSelectionPanelTable-listUl\")]/tbody/tr[12]/td[2]/div/div"}
COMMAND: POST /session/bf687da40b3c98d128a44e447cb2f226/element - {"using":"xpath","value":"//table[contains(@id, \"listView-innerSelectionPanelTable-listUl\")]/tbody/tr[12]/td[2]/div"}
RESULT: {"using":"xpath","value":"//table[contains(@id, \"listView-innerSelectionPanelTable-listUl\")]/tbody/tr[12]/td[2]/div"}
COMMAND: POST /session/bf687da40b3c98d128a44e447cb2f226/element - {"using":"xpath","value":"//table[contains(@id, \"listView-innerSelectionPanelTable-listUl\")]/tbody/tr[12]/td[3]/div/div/span/span[1]/bdi"}
RESULT: {"using":"xpath","value":"//table[contains(@id, \"listView-innerSelectionPanelTable-listUl\")]/tbody/tr[12]/td[3]/div/div/span/span[1]/bdi"}
COMMAND: POST /session/bf687da40b3c98d128a44e447cb2f226/execute/sync - {"script":"<script> [56 bytes]","args":[{"element-6066-11e4-a52e-4f735466cecf":"f.868DDD9EF8C55ECB5E24C8AEC1C53E95.d.81963530030E4BC442FB7EE52BBB2816.e.8588","ELEMENT":"f.868DDD9EF8C55ECB5E24C8AEC1C53E95.d.81963530030E4BC442FB7EE52BBB2816.e.8588"}]}
RESULT: {"script":"<script> [56 bytes]","args":[{"element-6066-11e4-a52e-4f735466cecf":"f.868DDD9EF8C55ECB5E24C8AEC1C53E95.d.81963530030E4BC442FB7EE52BBB2816.e.8588","ELEMENT":"f.868DDD9EF8C55ECB5E24C8AEC1C53E95.d.81963530030E4BC442FB7EE52BBB2816.e.8588"}]}
COMMAND: GET /session/bf687da40b3c98d128a44e447cb2f226/element/f.868DDD9EF8C55ECB5E24C8AEC1C53E95.d.81963530030E4BC442FB7EE52BBB2816.e.8587/attribute/aria-checked - {}
COMMAND: GET /session/bf687da40b3c98d128a44e447cb2f226/screenshot - {}
RESULT: {}
COMMAND: POST /session/bf687da40b3c98d128a44e447cb2f226/element - {"using":"xpath","value":"//table[contains(@id, \"listView-innerSelectionPanelTable-listUl\")]/tbody/tr[13]/td[2]/div/div"}
RESULT: {}
RESULT: {"using":"xpath","value":"//table[contains(@id, \"listView-innerSelectionPanelTable-listUl\")]/tbody/tr[13]/td[2]/div/div"}
COMMAND: POST /session/bf687da40b3c98d128a44e447cb2f226/element - {"using":"xpath","value":"//table[contains(@id, \"listView-innerSelectionPanelTable-listUl\")]/tbody/tr[13]/td[2]/div"}
RESULT: {"using":"xpath","value":"//table[contains(@id, \"listView-innerSelectionPanelTable-listUl\")]/tbody/tr[13]/td[2]/div"}
COMMAND: POST /session/bf687da40b3c98d128a44e447cb2f226/element - {"using":"xpath","value":"//table[contains(@id, \"listView-innerSelectionPanelTable-listUl\")]/tbody/tr[13]/td[3]/div/div/span/span[1]/bdi"}
RESULT: {"using":"xpath","value":"//table[contains(@id, \"listView-innerSelectionPanelTable-listUl\")]/tbody/tr[13]/td[3]/div/div/span/span[1]/bdi"}
COMMAND: POST /session/bf687da40b3c98d128a44e447cb2f226/execute/sync - {"script":"<script> [56 bytes]","args":[{"element-6066-11e4-a52e-4f735466cecf":"f.868DDD9EF8C55ECB5E24C8AEC1C53E95.d.81963530030E4BC442FB7EE52BBB2816.e.8591","ELEMENT":"f.868DDD9EF8C55ECB5E24C8AEC1C53E95.d.81963530030E4BC442FB7EE52BBB2816.e.8591"}]}
RESULT: {"script":"<script> [56 bytes]","args":[{"element-6066-11e4-a52e-4f735466cecf":"f.868DDD9EF8C55ECB5E24C8AEC1C53E95.d.81963530030E4BC442FB7EE52BBB2816.e.8591","ELEMENT":"f.868DDD9EF8C55ECB5E24C8AEC1C53E95.d.81963530030E4BC442FB7EE52BBB2816.e.8591"}]}
COMMAND: GET /session/bf687da40b3c98d128a44e447cb2f226/element/f.868DDD9EF8C55ECB5E24C8AEC1C53E95.d.81963530030E4BC442FB7EE52BBB2816.e.8590/attribute/aria-checked - {}
COMMAND: GET /session/bf687da40b3c98d128a44e447cb2f226/screenshot - {}
RESULT: {}
COMMAND: POST /session/bf687da40b3c98d128a44e447cb2f226/element - {"using":"xpath","value":"//table[contains(@id, \"listView-innerSelectionPanelTable-listUl\")]/tbody/tr[14]/td[2]/div/div"}
RESULT: {}
RESULT: {"using":"xpath","value":"//table[contains(@id, \"listView-innerSelectionPanelTable-listUl\")]/tbody/tr[14]/td[2]/div/div"}
COMMAND: POST /session/bf687da40b3c98d128a44e447cb2f226/element - {"using":"xpath","value":"//table[contains(@id, \"listView-innerSelectionPanelTable-listUl\")]/tbody/tr[14]/td[2]/div"}
RESULT: {"using":"xpath","value":"//table[contains(@id, \"listView-innerSelectionPanelTable-listUl\")]/tbody/tr[14]/td[2]/div"}
COMMAND: POST /session/bf687da40b3c98d128a44e447cb2f226/element - {"using":"xpath","value":"//table[contains(@id, \"listView-innerSelectionPanelTable-listUl\")]/tbody/tr[14]/td[3]/div/div/span/span[1]/bdi"}
RESULT: {"using":"xpath","value":"//table[contains(@id, \"listView-innerSelectionPanelTable-listUl\")]/tbody/tr[14]/td[3]/div/div/span/span[1]/bdi"}
COMMAND: POST /session/bf687da40b3c98d128a44e447cb2f226/execute/sync - {"script":"<script> [56 bytes]","args":[{"element-6066-11e4-a52e-4f735466cecf":"f.868DDD9EF8C55ECB5E24C8AEC1C53E95.d.81963530030E4BC442FB7EE52BBB2816.e.8594","ELEMENT":"f.868DDD9EF8C55ECB5E24C8AEC1C53E95.d.81963530030E4BC442FB7EE52BBB2816.e.8594"}]}
RESULT: {"script":"<script> [56 bytes]","args":[{"element-6066-11e4-a52e-4f735466cecf":"f.868DDD9EF8C55ECB5E24C8AEC1C53E95.d.81963530030E4BC442FB7EE52BBB2816.e.8594","ELEMENT":"f.868DDD9EF8C55ECB5E24C8AEC1C53E95.d.81963530030E4BC442FB7EE52BBB2816.e.8594"}]}
COMMAND: GET /session/bf687da40b3c98d128a44e447cb2f226/element/f.868DDD9EF8C55ECB5E24C8AEC1C53E95.d.81963530030E4BC442FB7EE52BBB2816.e.8593/attribute/aria-checked - {}
COMMAND: GET /session/bf687da40b3c98d128a44e447cb2f226/screenshot - {}
RESULT: {}
COMMAND: POST /session/bf687da40b3c98d128a44e447cb2f226/element - {"using":"xpath","value":"//table[contains(@id, \"listView-innerSelectionPanelTable-listUl\")]/tbody/tr[15]/td[2]/div/div"}
RESULT: {}
RESULT: {"using":"xpath","value":"//table[contains(@id, \"listView-innerSelectionPanelTable-listUl\")]/tbody/tr[15]/td[2]/div/div"}
COMMAND: POST /session/bf687da40b3c98d128a44e447cb2f226/element - {"using":"xpath","value":"//table[contains(@id, \"listView-innerSelectionPanelTable-listUl\")]/tbody/tr[15]/td[2]/div"}
RESULT: {"using":"xpath","value":"//table[contains(@id, \"listView-innerSelectionPanelTable-listUl\")]/tbody/tr[15]/td[2]/div"}
COMMAND: POST /session/bf687da40b3c98d128a44e447cb2f226/element - {"using":"xpath","value":"//table[contains(@id, \"listView-innerSelectionPanelTable-listUl\")]/tbody/tr[15]/td[3]/div/div/span/span[1]/bdi"}
RESULT: {"using":"xpath","value":"//table[contains(@id, \"listView-innerSelectionPanelTable-listUl\")]/tbody/tr[15]/td[3]/div/div/span/span[1]/bdi"}
COMMAND: POST /session/bf687da40b3c98d128a44e447cb2f226/execute/sync - {"script":"<script> [56 bytes]","args":[{"element-6066-11e4-a52e-4f735466cecf":"f.868DDD9EF8C55ECB5E24C8AEC1C53E95.d.81963530030E4BC442FB7EE52BBB2816.e.8597","ELEMENT":"f.868DDD9EF8C55ECB5E24C8AEC1C53E95.d.81963530030E4BC442FB7EE52BBB2816.e.8597"}]}
RESULT: {"script":"<script> [56 bytes]","args":[{"element-6066-11e4-a52e-4f735466cecf":"f.868DDD9EF8C55ECB5E24C8AEC1C53E95.d.81963530030E4BC442FB7EE52BBB2816.e.8597","ELEMENT":"f.868DDD9EF8C55ECB5E24C8AEC1C53E95.d.81963530030E4BC442FB7EE52BBB2816.e.8597"}]}
COMMAND: GET /session/bf687da40b3c98d128a44e447cb2f226/element/f.868DDD9EF8C55ECB5E24C8AEC1C53E95.d.81963530030E4BC442FB7EE52BBB2816.e.8596/attribute/aria-checked - {}
COMMAND: GET /session/bf687da40b3c98d128a44e447cb2f226/screenshot - {}
RESULT: {}
COMMAND: POST /session/bf687da40b3c98d128a44e447cb2f226/element - {"using":"xpath","value":"//table[contains(@id, \"listView-innerSelectionPanelTable-listUl\")]/tbody/tr[16]/td[2]/div/div"}
RESULT: {}
RESULT: {"using":"xpath","value":"//table[contains(@id, \"listView-innerSelectionPanelTable-listUl\")]/tbody/tr[16]/td[2]/div/div"}
COMMAND: POST /session/bf687da40b3c98d128a44e447cb2f226/element - {"using":"xpath","value":"//table[contains(@id, \"listView-innerSelectionPanelTable-listUl\")]/tbody/tr[16]/td[2]/div"}
RESULT: {"using":"xpath","value":"//table[contains(@id, \"listView-innerSelectionPanelTable-listUl\")]/tbody/tr[16]/td[2]/div"}
COMMAND: POST /session/bf687da40b3c98d128a44e447cb2f226/element - {"using":"xpath","value":"//table[contains(@id, \"listView-innerSelectionPanelTable-listUl\")]/tbody/tr[16]/td[3]/div/div/span/span[1]/bdi"}
RESULT: {"using":"xpath","value":"//table[contains(@id, \"listView-innerSelectionPanelTable-listUl\")]/tbody/tr[16]/td[3]/div/div/span/span[1]/bdi"}
COMMAND: POST /session/bf687da40b3c98d128a44e447cb2f226/execute/sync - {"script":"<script> [56 bytes]","args":[{"element-6066-11e4-a52e-4f735466cecf":"f.868DDD9EF8C55ECB5E24C8AEC1C53E95.d.81963530030E4BC442FB7EE52BBB2816.e.8600","ELEMENT":"f.868DDD9EF8C55ECB5E24C8AEC1C53E95.d.81963530030E4BC442FB7EE52BBB2816.e.8600"}]}
RESULT: {"script":"<script> [56 bytes]","args":[{"element-6066-11e4-a52e-4f735466cecf":"f.868DDD9EF8C55ECB5E24C8AEC1C53E95.d.81963530030E4BC442FB7EE52BBB2816.e.8600","ELEMENT":"f.868DDD9EF8C55ECB5E24C8AEC1C53E95.d.81963530030E4BC442FB7EE52BBB2816.e.8600"}]}
COMMAND: GET /session/bf687da40b3c98d128a44e447cb2f226/element/f.868DDD9EF8C55ECB5E24C8AEC1C53E95.d.81963530030E4BC442FB7EE52BBB2816.e.8599/attribute/aria-checked - {}
COMMAND: GET /session/bf687da40b3c98d128a44e447cb2f226/screenshot - {}
RESULT: {}
COMMAND: POST /session/bf687da40b3c98d128a44e447cb2f226/element - {"using":"xpath","value":"//table[contains(@id, \"listView-innerSelectionPanelTable-listUl\")]/tbody/tr[17]/td[2]/div/div"}
RESULT: {}
RESULT: {"using":"xpath","value":"//table[contains(@id, \"listView-innerSelectionPanelTable-listUl\")]/tbody/tr[17]/td[2]/div/div"}
COMMAND: POST /session/bf687da40b3c98d128a44e447cb2f226/element - {"using":"xpath","value":"//table[contains(@id, \"listView-innerSelectionPanelTable-listUl\")]/tbody/tr[17]/td[2]/div"}
RESULT: {"using":"xpath","value":"//table[contains(@id, \"listView-innerSelectionPanelTable-listUl\")]/tbody/tr[17]/td[2]/div"}
COMMAND: POST /session/bf687da40b3c98d128a44e447cb2f226/element - {"using":"xpath","value":"//table[contains(@id, \"listView-innerSelectionPanelTable-listUl\")]/tbody/tr[17]/td[3]/div/div/span/span[1]/bdi"}
RESULT: {"using":"xpath","value":"//table[contains(@id, \"listView-innerSelectionPanelTable-listUl\")]/tbody/tr[17]/td[3]/div/div/span/span[1]/bdi"}
COMMAND: POST /session/bf687da40b3c98d128a44e447cb2f226/execute/sync - {"script":"<script> [56 bytes]","args":[{"element-6066-11e4-a52e-4f735466cecf":"f.868DDD9EF8C55ECB5E24C8AEC1C53E95.d.81963530030E4BC442FB7EE52BBB2816.e.8603","ELEMENT":"f.868DDD9EF8C55ECB5E24C8AEC1C53E95.d.81963530030E4BC442FB7EE52BBB2816.e.8603"}]}
RESULT: {"script":"<script> [56 bytes]","args":[{"element-6066-11e4-a52e-4f735466cecf":"f.868DDD9EF8C55ECB5E24C8AEC1C53E95.d.81963530030E4BC442FB7EE52BBB2816.e.8603","ELEMENT":"f.868DDD9EF8C55ECB5E24C8AEC1C53E95.d.81963530030E4BC442FB7EE52BBB2816.e.8603"}]}
COMMAND: GET /session/bf687da40b3c98d128a44e447cb2f226/element/f.868DDD9EF8C55ECB5E24C8AEC1C53E95.d.81963530030E4BC442FB7EE52BBB2816.e.8602/attribute/aria-checked - {}
COMMAND: GET /session/bf687da40b3c98d128a44e447cb2f226/screenshot - {}
RESULT: {}
COMMAND: POST /session/bf687da40b3c98d128a44e447cb2f226/element - {"using":"xpath","value":"//table[contains(@id, \"listView-innerSelectionPanelTable-listUl\")]/tbody/tr[18]/td[2]/div/div"}
RESULT: {}
RESULT: {"using":"xpath","value":"//table[contains(@id, \"listView-innerSelectionPanelTable-listUl\")]/tbody/tr[18]/td[2]/div/div"}
COMMAND: POST /session/bf687da40b3c98d128a44e447cb2f226/element - {"using":"xpath","value":"//table[contains(@id, \"listView-innerSelectionPanelTable-listUl\")]/tbody/tr[18]/td[2]/div"}
RESULT: {"using":"xpath","value":"//table[contains(@id, \"listView-innerSelectionPanelTable-listUl\")]/tbody/tr[18]/td[2]/div"}
COMMAND: POST /session/bf687da40b3c98d128a44e447cb2f226/element - {"using":"xpath","value":"//table[contains(@id, \"listView-innerSelectionPanelTable-listUl\")]/tbody/tr[18]/td[3]/div/div/span/span[1]/bdi"}
RESULT: {"using":"xpath","value":"//table[contains(@id, \"listView-innerSelectionPanelTable-listUl\")]/tbody/tr[18]/td[3]/div/div/span/span[1]/bdi"}
COMMAND: POST /session/bf687da40b3c98d128a44e447cb2f226/execute/sync - {"script":"<script> [56 bytes]","args":[{"element-6066-11e4-a52e-4f735466cecf":"f.868DDD9EF8C55ECB5E24C8AEC1C53E95.d.81963530030E4BC442FB7EE52BBB2816.e.8606","ELEMENT":"f.868DDD9EF8C55ECB5E24C8AEC1C53E95.d.81963530030E4BC442FB7EE52BBB2816.e.8606"}]}
RESULT: {"script":"<script> [56 bytes]","args":[{"element-6066-11e4-a52e-4f735466cecf":"f.868DDD9EF8C55ECB5E24C8AEC1C53E95.d.81963530030E4BC442FB7EE52BBB2816.e.8606","ELEMENT":"f.868DDD9EF8C55ECB5E24C8AEC1C53E95.d.81963530030E4BC442FB7EE52BBB2816.e.8606"}]}
COMMAND: GET /session/bf687da40b3c98d128a44e447cb2f226/element/f.868DDD9EF8C55ECB5E24C8AEC1C53E95.d.81963530030E4BC442FB7EE52BBB2816.e.8605/attribute/aria-checked - {}
COMMAND: GET /session/bf687da40b3c98d128a44e447cb2f226/screenshot - {}
RESULT: {}
COMMAND: POST /session/bf687da40b3c98d128a44e447cb2f226/element - {"using":"xpath","value":"//table[contains(@id, \"listView-innerSelectionPanelTable-listUl\")]/tbody/tr[19]/td[2]/div/div"}
RESULT: {}
RESULT: {"using":"xpath","value":"//table[contains(@id, \"listView-innerSelectionPanelTable-listUl\")]/tbody/tr[19]/td[2]/div/div"}
COMMAND: POST /session/bf687da40b3c98d128a44e447cb2f226/element - {"using":"xpath","value":"//table[contains(@id, \"listView-innerSelectionPanelTable-listUl\")]/tbody/tr[19]/td[2]/div"}
RESULT: {"using":"xpath","value":"//table[contains(@id, \"listView-innerSelectionPanelTable-listUl\")]/tbody/tr[19]/td[2]/div"}
COMMAND: POST /session/bf687da40b3c98d128a44e447cb2f226/element - {"using":"xpath","value":"//table[contains(@id, \"listView-innerSelectionPanelTable-listUl\")]/tbody/tr[19]/td[3]/div/div/span/span[1]/bdi"}
RESULT: {"using":"xpath","value":"//table[contains(@id, \"listView-innerSelectionPanelTable-listUl\")]/tbody/tr[19]/td[3]/div/div/span/span[1]/bdi"}
COMMAND: POST /session/bf687da40b3c98d128a44e447cb2f226/execute/sync - {"script":"<script> [56 bytes]","args":[{"element-6066-11e4-a52e-4f735466cecf":"f.868DDD9EF8C55ECB5E24C8AEC1C53E95.d.81963530030E4BC442FB7EE52BBB2816.e.8609","ELEMENT":"f.868DDD9EF8C55ECB5E24C8AEC1C53E95.d.81963530030E4BC442FB7EE52BBB2816.e.8609"}]}
RESULT: {"script":"<script> [56 bytes]","args":[{"element-6066-11e4-a52e-4f735466cecf":"f.868DDD9EF8C55ECB5E24C8AEC1C53E95.d.81963530030E4BC442FB7EE52BBB2816.e.8609","ELEMENT":"f.868DDD9EF8C55ECB5E24C8AEC1C53E95.d.81963530030E4BC442FB7EE52BBB2816.e.8609"}]}
COMMAND: GET /session/bf687da40b3c98d128a44e447cb2f226/element/f.868DDD9EF8C55ECB5E24C8AEC1C53E95.d.81963530030E4BC442FB7EE52BBB2816.e.8608/attribute/aria-checked - {}
COMMAND: GET /session/bf687da40b3c98d128a44e447cb2f226/screenshot - {}
RESULT: {}
COMMAND: POST /session/bf687da40b3c98d128a44e447cb2f226/element - {"using":"xpath","value":"//table[contains(@id, \"listView-innerSelectionPanelTable-listUl\")]/tbody/tr[20]/td[2]/div/div"}
RESULT: {}
RESULT: {"using":"xpath","value":"//table[contains(@id, \"listView-innerSelectionPanelTable-listUl\")]/tbody/tr[20]/td[2]/div/div"}
COMMAND: POST /session/bf687da40b3c98d128a44e447cb2f226/element - {"using":"xpath","value":"//table[contains(@id, \"listView-innerSelectionPanelTable-listUl\")]/tbody/tr[20]/td[2]/div"}
RESULT: {"using":"xpath","value":"//table[contains(@id, \"listView-innerSelectionPanelTable-listUl\")]/tbody/tr[20]/td[2]/div"}
COMMAND: POST /session/bf687da40b3c98d128a44e447cb2f226/element - {"using":"xpath","value":"//table[contains(@id, \"listView-innerSelectionPanelTable-listUl\")]/tbody/tr[20]/td[3]/div/div/span/span[1]/bdi"}
RESULT: {"using":"xpath","value":"//table[contains(@id, \"listView-innerSelectionPanelTable-listUl\")]/tbody/tr[20]/td[3]/div/div/span/span[1]/bdi"}
COMMAND: POST /session/bf687da40b3c98d128a44e447cb2f226/execute/sync - {"script":"<script> [56 bytes]","args":[{"element-6066-11e4-a52e-4f735466cecf":"f.868DDD9EF8C55ECB5E24C8AEC1C53E95.d.81963530030E4BC442FB7EE52BBB2816.e.8612","ELEMENT":"f.868DDD9EF8C55ECB5E24C8AEC1C53E95.d.81963530030E4BC442FB7EE52BBB2816.e.8612"}]}
RESULT: {"script":"<script> [56 bytes]","args":[{"element-6066-11e4-a52e-4f735466cecf":"f.868DDD9EF8C55ECB5E24C8AEC1C53E95.d.81963530030E4BC442FB7EE52BBB2816.e.8612","ELEMENT":"f.868DDD9EF8C55ECB5E24C8AEC1C53E95.d.81963530030E4BC442FB7EE52BBB2816.e.8612"}]}
COMMAND: GET /session/bf687da40b3c98d128a44e447cb2f226/element/f.868DDD9EF8C55ECB5E24C8AEC1C53E95.d.81963530030E4BC442FB7EE52BBB2816.e.8611/attribute/aria-checked - {}
COMMAND: GET /session/bf687da40b3c98d128a44e447cb2f226/screenshot - {}
RESULT: {}
COMMAND: POST /session/bf687da40b3c98d128a44e447cb2f226/element - {"using":"xpath","value":"//table[contains(@id, \"listView-innerSelectionPanelTable-listUl\")]/tbody/tr[21]/td[2]/div/div"}
COMMAND: POST /session/bf687da40b3c98d128a44e447cb2f226/element/f.868DDD9EF8C55ECB5E24C8AEC1C53E95.d.81963530030E4BC442FB7EE52BBB2816.e.8610/click - {}
RESULT: {}
RESULT: {}
COMMAND: GET /session/bf687da40b3c98d128a44e447cb2f226/screenshot - {}
RESULT: {"using":"xpath","value":"//table[contains(@id, \"listView-innerSelectionPanelTable-listUl\")]/tbody/tr[21]/td[2]/div/div"}
COMMAND: POST /session/bf687da40b3c98d128a44e447cb2f226/element - {"using":"xpath","value":"//table[contains(@id, \"listView-innerSelectionPanelTable-listUl\")]/tbody/tr[21]/td[2]/div"}
RESULT: {}
RESULT: {"using":"xpath","value":"//table[contains(@id, \"listView-innerSelectionPanelTable-listUl\")]/tbody/tr[21]/td[2]/div"}
COMMAND: POST /session/bf687da40b3c98d128a44e447cb2f226/element - {"using":"xpath","value":"//table[contains(@id, \"listView-innerSelectionPanelTable-listUl\")]/tbody/tr[21]/td[3]/div/div/span/span[1]/bdi"}
RESULT: {"using":"xpath","value":"//table[contains(@id, \"listView-innerSelectionPanelTable-listUl\")]/tbody/tr[21]/td[3]/div/div/span/span[1]/bdi"}
COMMAND: POST /session/bf687da40b3c98d128a44e447cb2f226/execute/sync - {"script":"<script> [56 bytes]","args":[{"element-6066-11e4-a52e-4f735466cecf":"f.868DDD9EF8C55ECB5E24C8AEC1C53E95.d.81963530030E4BC442FB7EE52BBB2816.e.8618","ELEMENT":"f.868DDD9EF8C55ECB5E24C8AEC1C53E95.d.81963530030E4BC442FB7EE52BBB2816.e.8618"}]}
RESULT: {"script":"<script> [56 bytes]","args":[{"element-6066-11e4-a52e-4f735466cecf":"f.868DDD9EF8C55ECB5E24C8AEC1C53E95.d.81963530030E4BC442FB7EE52BBB2816.e.8618","ELEMENT":"f.868DDD9EF8C55ECB5E24C8AEC1C53E95.d.81963530030E4BC442FB7EE52BBB2816.e.8618"}]}
COMMAND: GET /session/bf687da40b3c98d128a44e447cb2f226/element/f.868DDD9EF8C55ECB5E24C8AEC1C53E95.d.81963530030E4BC442FB7EE52BBB2816.e.8617/attribute/aria-checked - {}
COMMAND: GET /session/bf687da40b3c98d128a44e447cb2f226/screenshot - {}
RESULT: {}
COMMAND: POST /session/bf687da40b3c98d128a44e447cb2f226/element - {"using":"xpath","value":"//table[contains(@id, \"listView-innerSelectionPanelTable-listUl\")]/tbody/tr[22]/td[2]/div/div"}
COMMAND: POST /session/bf687da40b3c98d128a44e447cb2f226/element/f.868DDD9EF8C55ECB5E24C8AEC1C53E95.d.81963530030E4BC442FB7EE52BBB2816.e.8616/click - {}
RESULT: {}
RESULT: {"using":"xpath","value":"//table[contains(@id, \"listView-innerSelectionPanelTable-listUl\")]/tbody/tr[22]/td[2]/div/div"}
COMMAND: POST /session/bf687da40b3c98d128a44e447cb2f226/element - {"using":"xpath","value":"//table[contains(@id, \"listView-innerSelectionPanelTable-listUl\")]/tbody/tr[22]/td[2]/div"}
RESULT: {}
COMMAND: GET /session/bf687da40b3c98d128a44e447cb2f226/screenshot - {}
RESULT: {"using":"xpath","value":"//table[contains(@id, \"listView-innerSelectionPanelTable-listUl\")]/tbody/tr[22]/td[2]/div"}
COMMAND: POST /session/bf687da40b3c98d128a44e447cb2f226/element - {"using":"xpath","value":"//table[contains(@id, \"listView-innerSelectionPanelTable-listUl\")]/tbody/tr[22]/td[3]/div/div/span/span[1]/bdi"}
RESULT: {}
RESULT: {"using":"xpath","value":"//table[contains(@id, \"listView-innerSelectionPanelTable-listUl\")]/tbody/tr[22]/td[3]/div/div/span/span[1]/bdi"}
COMMAND: POST /session/bf687da40b3c98d128a44e447cb2f226/execute/sync - {"script":"<script> [56 bytes]","args":[{"element-6066-11e4-a52e-4f735466cecf":"f.868DDD9EF8C55ECB5E24C8AEC1C53E95.d.81963530030E4BC442FB7EE52BBB2816.e.8622","ELEMENT":"f.868DDD9EF8C55ECB5E24C8AEC1C53E95.d.81963530030E4BC442FB7EE52BBB2816.e.8622"}]}
RESULT: {"script":"<script> [56 bytes]","args":[{"element-6066-11e4-a52e-4f735466cecf":"f.868DDD9EF8C55ECB5E24C8AEC1C53E95.d.81963530030E4BC442FB7EE52BBB2816.e.8622","ELEMENT":"f.868DDD9EF8C55ECB5E24C8AEC1C53E95.d.81963530030E4BC442FB7EE52BBB2816.e.8622"}]}
COMMAND: GET /session/bf687da40b3c98d128a44e447cb2f226/element/f.868DDD9EF8C55ECB5E24C8AEC1C53E95.d.81963530030E4BC442FB7EE52BBB2816.e.8621/attribute/aria-checked - {}
COMMAND: GET /session/bf687da40b3c98d128a44e447cb2f226/screenshot - {}
RESULT: {}
COMMAND: POST /session/bf687da40b3c98d128a44e447cb2f226/element - {"using":"xpath","value":"//table[contains(@id, \"listView-innerSelectionPanelTable-listUl\")]/tbody/tr[23]/td[2]/div/div"}
RESULT: {}
RESULT: {"using":"xpath","value":"//table[contains(@id, \"listView-innerSelectionPanelTable-listUl\")]/tbody/tr[23]/td[2]/div/div"}
COMMAND: POST /session/bf687da40b3c98d128a44e447cb2f226/element - {"using":"xpath","value":"//table[contains(@id, \"listView-innerSelectionPanelTable-listUl\")]/tbody/tr[23]/td[2]/div"}
RESULT: {"using":"xpath","value":"//table[contains(@id, \"listView-innerSelectionPanelTable-listUl\")]/tbody/tr[23]/td[2]/div"}
COMMAND: POST /session/bf687da40b3c98d128a44e447cb2f226/element - {"using":"xpath","value":"//table[contains(@id, \"listView-innerSelectionPanelTable-listUl\")]/tbody/tr[23]/td[3]/div/div/span/span[1]/bdi"}
RESULT: {"using":"xpath","value":"//table[contains(@id, \"listView-innerSelectionPanelTable-listUl\")]/tbody/tr[23]/td[3]/div/div/span/span[1]/bdi"}
COMMAND: POST /session/bf687da40b3c98d128a44e447cb2f226/execute/sync - {"script":"<script> [56 bytes]","args":[{"element-6066-11e4-a52e-4f735466cecf":"f.868DDD9EF8C55ECB5E24C8AEC1C53E95.d.81963530030E4BC442FB7EE52BBB2816.e.8625","ELEMENT":"f.868DDD9EF8C55ECB5E24C8AEC1C53E95.d.81963530030E4BC442FB7EE52BBB2816.e.8625"}]}
RESULT: {"script":"<script> [56 bytes]","args":[{"element-6066-11e4-a52e-4f735466cecf":"f.868DDD9EF8C55ECB5E24C8AEC1C53E95.d.81963530030E4BC442FB7EE52BBB2816.e.8625","ELEMENT":"f.868DDD9EF8C55ECB5E24C8AEC1C53E95.d.81963530030E4BC442FB7EE52BBB2816.e.8625"}]}
COMMAND: GET /session/bf687da40b3c98d128a44e447cb2f226/element/f.868DDD9EF8C55ECB5E24C8AEC1C53E95.d.81963530030E4BC442FB7EE52BBB2816.e.8624/attribute/aria-checked - {}
COMMAND: GET /session/bf687da40b3c98d128a44e447cb2f226/screenshot - {}
RESULT: {}
COMMAND: POST /session/bf687da40b3c98d128a44e447cb2f226/element - {"using":"xpath","value":"//table[contains(@id, \"listView-innerSelectionPanelTable-listUl\")]/tbody/tr[24]/td[2]/div/div"}
RESULT: {}
RESULT: {"using":"xpath","value":"//table[contains(@id, \"listView-innerSelectionPanelTable-listUl\")]/tbody/tr[24]/td[2]/div/div"}
COMMAND: POST /session/bf687da40b3c98d128a44e447cb2f226/element - {"using":"xpath","value":"//table[contains(@id, \"listView-innerSelectionPanelTable-listUl\")]/tbody/tr[24]/td[2]/div"}
RESULT: {"using":"xpath","value":"//table[contains(@id, \"listView-innerSelectionPanelTable-listUl\")]/tbody/tr[24]/td[2]/div"}
COMMAND: POST /session/bf687da40b3c98d128a44e447cb2f226/element - {"using":"xpath","value":"//table[contains(@id, \"listView-innerSelectionPanelTable-listUl\")]/tbody/tr[24]/td[3]/div/div/span/span[1]/bdi"}
RESULT: {"using":"xpath","value":"//table[contains(@id, \"listView-innerSelectionPanelTable-listUl\")]/tbody/tr[24]/td[3]/div/div/span/span[1]/bdi"}
COMMAND: POST /session/bf687da40b3c98d128a44e447cb2f226/execute/sync - {"script":"<script> [56 bytes]","args":[{"element-6066-11e4-a52e-4f735466cecf":"f.868DDD9EF8C55ECB5E24C8AEC1C53E95.d.81963530030E4BC442FB7EE52BBB2816.e.8628","ELEMENT":"f.868DDD9EF8C55ECB5E24C8AEC1C53E95.d.81963530030E4BC442FB7EE52BBB2816.e.8628"}]}
RESULT: {"script":"<script> [56 bytes]","args":[{"element-6066-11e4-a52e-4f735466cecf":"f.868DDD9EF8C55ECB5E24C8AEC1C53E95.d.81963530030E4BC442FB7EE52BBB2816.e.8628","ELEMENT":"f.868DDD9EF8C55ECB5E24C8AEC1C53E95.d.81963530030E4BC442FB7EE52BBB2816.e.8628"}]}
COMMAND: GET /session/bf687da40b3c98d128a44e447cb2f226/element/f.868DDD9EF8C55ECB5E24C8AEC1C53E95.d.81963530030E4BC442FB7EE52BBB2816.e.8627/attribute/aria-checked - {}
COMMAND: GET /session/bf687da40b3c98d128a44e447cb2f226/screenshot - {}
RESULT: {}
COMMAND: POST /session/bf687da40b3c98d128a44e447cb2f226/element - {"using":"xpath","value":"//table[contains(@id, \"listView-innerSelectionPanelTable-listUl\")]/tbody/tr[25]/td[2]/div/div"}
RESULT: {}
RESULT: {"using":"xpath","value":"//table[contains(@id, \"listView-innerSelectionPanelTable-listUl\")]/tbody/tr[25]/td[2]/div/div"}
COMMAND: POST /session/bf687da40b3c98d128a44e447cb2f226/element - {"using":"xpath","value":"//table[contains(@id, \"listView-innerSelectionPanelTable-listUl\")]/tbody/tr[25]/td[2]/div"}
RESULT: {"using":"xpath","value":"//table[contains(@id, \"listView-innerSelectionPanelTable-listUl\")]/tbody/tr[25]/td[2]/div"}
COMMAND: POST /session/bf687da40b3c98d128a44e447cb2f226/element - {"using":"xpath","value":"//table[contains(@id, \"listView-innerSelectionPanelTable-listUl\")]/tbody/tr[25]/td[3]/div/div/span/span[1]/bdi"}
RESULT: {"using":"xpath","value":"//table[contains(@id, \"listView-innerSelectionPanelTable-listUl\")]/tbody/tr[25]/td[3]/div/div/span/span[1]/bdi"}
COMMAND: POST /session/bf687da40b3c98d128a44e447cb2f226/execute/sync - {"script":"<script> [56 bytes]","args":[{"element-6066-11e4-a52e-4f735466cecf":"f.868DDD9EF8C55ECB5E24C8AEC1C53E95.d.81963530030E4BC442FB7EE52BBB2816.e.8631","ELEMENT":"f.868DDD9EF8C55ECB5E24C8AEC1C53E95.d.81963530030E4BC442FB7EE52BBB2816.e.8631"}]}
RESULT: {"script":"<script> [56 bytes]","args":[{"element-6066-11e4-a52e-4f735466cecf":"f.868DDD9EF8C55ECB5E24C8AEC1C53E95.d.81963530030E4BC442FB7EE52BBB2816.e.8631","ELEMENT":"f.868DDD9EF8C55ECB5E24C8AEC1C53E95.d.81963530030E4BC442FB7EE52BBB2816.e.8631"}]}
COMMAND: GET /session/bf687da40b3c98d128a44e447cb2f226/element/f.868DDD9EF8C55ECB5E24C8AEC1C53E95.d.81963530030E4BC442FB7EE52BBB2816.e.8630/attribute/aria-checked - {}
COMMAND: GET /session/bf687da40b3c98d128a44e447cb2f226/screenshot - {}
RESULT: {}
COMMAND: POST /session/bf687da40b3c98d128a44e447cb2f226/element - {"using":"xpath","value":"//bdi[contains(text(), \"OK\")]"}
RESULT: {}
RESULT: {"using":"xpath","value":"//bdi[contains(text(), \"OK\")]"}
COMMAND: POST /session/bf687da40b3c98d128a44e447cb2f226/element/f.868DDD9EF8C55ECB5E24C8AEC1C53E95.d.81963530030E4BC442FB7EE52BBB2816.e.8632/click - {}
RESULT: {}
COMMAND: GET /session/bf687da40b3c98d128a44e447cb2f226/screenshot - {}
RESULT: {}
RESULT: undefined
COMMAND: POST /session/bf687da40b3c98d128a44e447cb2f226/element - {"using":"xpath","value":"//*[@id=\"application-managepartners-display-component---masterPtm--smartFilterBar-filterItemControlA_-LINK_TO_ADDRESSES_MAIN.ID-vhi\"]"}
RESULT: {"using":"xpath","value":"//*[@id=\"application-managepartners-display-component---masterPtm--smartFilterBar-filterItemControlA_-LINK_TO_ADDRESSES_MAIN.ID-vhi\"]"}
COMMAND: POST /session/bf687da40b3c98d128a44e447cb2f226/element/f.868DDD9EF8C55ECB5E24C8AEC1C53E95.d.81963530030E4BC442FB7EE52BBB2816.e.8645/click - {}
RESULT: {}
COMMAND: GET /session/bf687da40b3c98d128a44e447cb2f226/screenshot - {}
RESULT: {}
RESULT: undefined
COMMAND: POST /session/bf687da40b3c98d128a44e447cb2f226/element - {"using":"xpath","value":"//*[@id=\"__box77-arrow\"]"}
RESULT: {"using":"xpath","value":"//*[@id=\"__box77-arrow\"]"}
COMMAND: POST /session/bf687da40b3c98d128a44e447cb2f226/elements - {"using":"xpath","value":"//*[@id=\"__box77-arrow\"]"}
RESULT: {"using":"xpath","value":"//*[@id=\"__box77-arrow\"]"}
COMMAND: POST /session/bf687da40b3c98d128a44e447cb2f226/elements - {"using":"xpath","value":"//*[@id=\"__box77-arrow\"]"}
RESULT: {"using":"xpath","value":"//*[@id=\"__box77-arrow\"]"}
COMMAND: POST /session/bf687da40b3c98d128a44e447cb2f226/elements - {"using":"xpath","value":"//*[@id=\"__box77-arrow\"]"}
RESULT: {"using":"xpath","value":"//*[@id=\"__box77-arrow\"]"}
COMMAND: POST /session/bf687da40b3c98d128a44e447cb2f226/elements - {"using":"xpath","value":"//*[@id=\"__box77-arrow\"]"}
RESULT: {"using":"xpath","value":"//*[@id=\"__box77-arrow\"]"}
COMMAND: POST /session/bf687da40b3c98d128a44e447cb2f226/elements - {"using":"xpath","value":"//*[@id=\"__box77-arrow\"]"}
RESULT: {"using":"xpath","value":"//*[@id=\"__box77-arrow\"]"}
COMMAND: POST /session/bf687da40b3c98d128a44e447cb2f226/elements - {"using":"xpath","value":"//*[@id=\"__box77-arrow\"]"}
RESULT: {"using":"xpath","value":"//*[@id=\"__box77-arrow\"]"}
COMMAND: POST /session/bf687da40b3c98d128a44e447cb2f226/elements - {"using":"xpath","value":"//*[@id=\"__box77-arrow\"]"}
RESULT: {"using":"xpath","value":"//*[@id=\"__box77-arrow\"]"}
COMMAND: POST /session/bf687da40b3c98d128a44e447cb2f226/elements - {"using":"xpath","value":"//*[@id=\"__box77-arrow\"]"}
RESULT: {"using":"xpath","value":"//*[@id=\"__box77-arrow\"]"}
COMMAND: POST /session/bf687da40b3c98d128a44e447cb2f226/elements - {"using":"xpath","value":"//*[@id=\"__box77-arrow\"]"}
RESULT: {"using":"xpath","value":"//*[@id=\"__box77-arrow\"]"}
COMMAND: POST /session/bf687da40b3c98d128a44e447cb2f226/elements - {"using":"xpath","value":"//*[@id=\"__box77-arrow\"]"}
RESULT: {"using":"xpath","value":"//*[@id=\"__box77-arrow\"]"}
COMMAND: POST /session/bf687da40b3c98d128a44e447cb2f226/elements - {"using":"xpath","value":"//*[@id=\"__box77-arrow\"]"}
RESULT: {"using":"xpath","value":"//*[@id=\"__box77-arrow\"]"}
COMMAND: POST /session/bf687da40b3c98d128a44e447cb2f226/elements - {"using":"xpath","value":"//*[@id=\"__box77-arrow\"]"}
RESULT: {"using":"xpath","value":"//*[@id=\"__box77-arrow\"]"}
COMMAND: POST /session/bf687da40b3c98d128a44e447cb2f226/elements - {"using":"xpath","value":"//*[@id=\"__box77-arrow\"]"}
RESULT: {"using":"xpath","value":"//*[@id=\"__box77-arrow\"]"}
COMMAND: POST /session/bf687da40b3c98d128a44e447cb2f226/elements - {"using":"xpath","value":"//*[@id=\"__box77-arrow\"]"}
RESULT: {"using":"xpath","value":"//*[@id=\"__box77-arrow\"]"}
COMMAND: POST /session/bf687da40b3c98d128a44e447cb2f226/elements - {"using":"xpath","value":"//*[@id=\"__box77-arrow\"]"}
RESULT: {"using":"xpath","value":"//*[@id=\"__box77-arrow\"]"}
COMMAND: POST /session/bf687da40b3c98d128a44e447cb2f226/elements - {"using":"xpath","value":"//*[@id=\"__box77-arrow\"]"}
RESULT: {"using":"xpath","value":"//*[@id=\"__box77-arrow\"]"}
COMMAND: POST /session/bf687da40b3c98d128a44e447cb2f226/elements - {"using":"xpath","value":"//*[@id=\"__box77-arrow\"]"}
RESULT: {"using":"xpath","value":"//*[@id=\"__box77-arrow\"]"}
COMMAND: POST /session/bf687da40b3c98d128a44e447cb2f226/elements - {"using":"xpath","value":"//*[@id=\"__box77-arrow\"]"}
RESULT: {"using":"xpath","value":"//*[@id=\"__box77-arrow\"]"}
COMMAND: POST /session/bf687da40b3c98d128a44e447cb2f226/elements - {"using":"xpath","value":"//*[@id=\"__box77-arrow\"]"}
RESULT: {"using":"xpath","value":"//*[@id=\"__box77-arrow\"]"}
COMMAND: POST /session/bf687da40b3c98d128a44e447cb2f226/elements - {"using":"xpath","value":"//*[@id=\"__box77-arrow\"]"}
RESULT: {"using":"xpath","value":"//*[@id=\"__box77-arrow\"]"}
COMMAND: POST /session/bf687da40b3c98d128a44e447cb2f226/elements - {"using":"xpath","value":"//*[@id=\"__box77-arrow\"]"}
RESULT: {"using":"xpath","value":"//*[@id=\"__box77-arrow\"]"}
COMMAND: POST /session/bf687da40b3c98d128a44e447cb2f226/elements - {"using":"xpath","value":"//*[@id=\"__box77-arrow\"]"}
RESULT: {"using":"xpath","value":"//*[@id=\"__box77-arrow\"]"}
COMMAND: POST /session/bf687da40b3c98d128a44e447cb2f226/elements - {"using":"xpath","value":"//*[@id=\"__box77-arrow\"]"}
RESULT: {"using":"xpath","value":"//*[@id=\"__box77-arrow\"]"}
COMMAND: POST /session/bf687da40b3c98d128a44e447cb2f226/elements - {"using":"xpath","value":"//*[@id=\"__box77-arrow\"]"}
RESULT: {"using":"xpath","value":"//*[@id=\"__box77-arrow\"]"}
COMMAND: POST /session/bf687da40b3c98d128a44e447cb2f226/elements - {"using":"xpath","value":"//*[@id=\"__box77-arrow\"]"}
RESULT: {"using":"xpath","value":"//*[@id=\"__box77-arrow\"]"}
COMMAND: POST /session/bf687da40b3c98d128a44e447cb2f226/elements - {"using":"xpath","value":"//*[@id=\"__box77-arrow\"]"}
RESULT: {"using":"xpath","value":"//*[@id=\"__box77-arrow\"]"}
COMMAND: POST /session/bf687da40b3c98d128a44e447cb2f226/elements - {"using":"xpath","value":"//*[@id=\"__box77-arrow\"]"}
RESULT: {"using":"xpath","value":"//*[@id=\"__box77-arrow\"]"}
COMMAND: POST /session/bf687da40b3c98d128a44e447cb2f226/elements - {"using":"xpath","value":"//*[@id=\"__box77-arrow\"]"}
RESULT: {"using":"xpath","value":"//*[@id=\"__box77-arrow\"]"}
COMMAND: POST /session/bf687da40b3c98d128a44e447cb2f226/elements - {"using":"xpath","value":"//*[@id=\"__box77-arrow\"]"}
RESULT: {"using":"xpath","value":"//*[@id=\"__box77-arrow\"]"}
COMMAND: POST /session/bf687da40b3c98d128a44e447cb2f226/elements - {"using":"xpath","value":"//*[@id=\"__box77-arrow\"]"}
RESULT: {"using":"xpath","value":"//*[@id=\"__box77-arrow\"]"}
COMMAND: POST /session/bf687da40b3c98d128a44e447cb2f226/elements - {"using":"xpath","value":"//*[@id=\"__box77-arrow\"]"}
RESULT: {"using":"xpath","value":"//*[@id=\"__box77-arrow\"]"}
COMMAND: POST /session/bf687da40b3c98d128a44e447cb2f226/elements - {"using":"xpath","value":"//*[@id=\"__box77-arrow\"]"}
RESULT: {"using":"xpath","value":"//*[@id=\"__box77-arrow\"]"}
COMMAND: POST /session/bf687da40b3c98d128a44e447cb2f226/elements - {"using":"xpath","value":"//*[@id=\"__box77-arrow\"]"}
RESULT: {"using":"xpath","value":"//*[@id=\"__box77-arrow\"]"}
COMMAND: POST /session/bf687da40b3c98d128a44e447cb2f226/elements - {"using":"xpath","value":"//*[@id=\"__box77-arrow\"]"}
RESULT: {"using":"xpath","value":"//*[@id=\"__box77-arrow\"]"}
COMMAND: POST /session/bf687da40b3c98d128a44e447cb2f226/elements - {"using":"xpath","value":"//*[@id=\"__box77-arrow\"]"}
RESULT: {"using":"xpath","value":"//*[@id=\"__box77-arrow\"]"}
COMMAND: POST /session/bf687da40b3c98d128a44e447cb2f226/elements - {"using":"xpath","value":"//*[@id=\"__box77-arrow\"]"}
RESULT: {"using":"xpath","value":"//*[@id=\"__box77-arrow\"]"}
COMMAND: POST /session/bf687da40b3c98d128a44e447cb2f226/elements - {"using":"xpath","value":"//*[@id=\"__box77-arrow\"]"}
RESULT: {"using":"xpath","value":"//*[@id=\"__box77-arrow\"]"}
COMMAND: POST /session/bf687da40b3c98d128a44e447cb2f226/elements - {"using":"xpath","value":"//*[@id=\"__box77-arrow\"]"}
RESULT: {"using":"xpath","value":"//*[@id=\"__box77-arrow\"]"}
COMMAND: POST /session/bf687da40b3c98d128a44e447cb2f226/elements - {"using":"xpath","value":"//*[@id=\"__box77-arrow\"]"}
RESULT: {"using":"xpath","value":"//*[@id=\"__box77-arrow\"]"}
COMMAND: POST /session/bf687da40b3c98d128a44e447cb2f226/elements - {"using":"xpath","value":"//*[@id=\"__box77-arrow\"]"}
RESULT: {"using":"xpath","value":"//*[@id=\"__box77-arrow\"]"}
COMMAND: POST /session/bf687da40b3c98d128a44e447cb2f226/elements - {"using":"xpath","value":"//*[@id=\"__box77-arrow\"]"}
RESULT: {"using":"xpath","value":"//*[@id=\"__box77-arrow\"]"}
COMMAND: POST /session/bf687da40b3c98d128a44e447cb2f226/elements - {"using":"xpath","value":"//*[@id=\"__box77-arrow\"]"}
RESULT: {"using":"xpath","value":"//*[@id=\"__box77-arrow\"]"}
COMMAND: POST /session/bf687da40b3c98d128a44e447cb2f226/elements - {"using":"xpath","value":"//*[@id=\"__box77-arrow\"]"}
RESULT: {"using":"xpath","value":"//*[@id=\"__box77-arrow\"]"}
COMMAND: POST /session/bf687da40b3c98d128a44e447cb2f226/elements - {"using":"xpath","value":"//*[@id=\"__box77-arrow\"]"}
RESULT: {"using":"xpath","value":"//*[@id=\"__box77-arrow\"]"}
COMMAND: POST /session/bf687da40b3c98d128a44e447cb2f226/elements - {"using":"xpath","value":"//*[@id=\"__box77-arrow\"]"}
RESULT: {"using":"xpath","value":"//*[@id=\"__box77-arrow\"]"}
COMMAND: POST /session/bf687da40b3c98d128a44e447cb2f226/elements - {"using":"xpath","value":"//*[@id=\"__box77-arrow\"]"}
RESULT: {"using":"xpath","value":"//*[@id=\"__box77-arrow\"]"}
COMMAND: POST /session/bf687da40b3c98d128a44e447cb2f226/elements - {"using":"xpath","value":"//*[@id=\"__box77-arrow\"]"}
RESULT: {"using":"xpath","value":"//*[@id=\"__box77-arrow\"]"}
COMMAND: POST /session/bf687da40b3c98d128a44e447cb2f226/elements - {"using":"xpath","value":"//*[@id=\"__box77-arrow\"]"}
RESULT: {"using":"xpath","value":"//*[@id=\"__box77-arrow\"]"}
COMMAND: POST /session/bf687da40b3c98d128a44e447cb2f226/elements - {"using":"xpath","value":"//*[@id=\"__box77-arrow\"]"}
RESULT: {"using":"xpath","value":"//*[@id=\"__box77-arrow\"]"}
COMMAND: POST /session/bf687da40b3c98d128a44e447cb2f226/elements - {"using":"xpath","value":"//*[@id=\"__box77-arrow\"]"}
RESULT: {"using":"xpath","value":"//*[@id=\"__box77-arrow\"]"}
COMMAND: POST /session/bf687da40b3c98d128a44e447cb2f226/elements - {"using":"xpath","value":"//*[@id=\"__box77-arrow\"]"}
RESULT: {"using":"xpath","value":"//*[@id=\"__box77-arrow\"]"}
COMMAND: POST /session/bf687da40b3c98d128a44e447cb2f226/elements - {"using":"xpath","value":"//*[@id=\"__box77-arrow\"]"}
RESULT: {"using":"xpath","value":"//*[@id=\"__box77-arrow\"]"}
COMMAND: POST /session/bf687da40b3c98d128a44e447cb2f226/elements - {"using":"xpath","value":"//*[@id=\"__box77-arrow\"]"}
RESULT: {"using":"xpath","value":"//*[@id=\"__box77-arrow\"]"}
COMMAND: POST /session/bf687da40b3c98d128a44e447cb2f226/elements - {"using":"xpath","value":"//*[@id=\"__box77-arrow\"]"}
RESULT: {"using":"xpath","value":"//*[@id=\"__box77-arrow\"]"}
COMMAND: POST /session/bf687da40b3c98d128a44e447cb2f226/elements - {"using":"xpath","value":"//*[@id=\"__box77-arrow\"]"}
RESULT: {"using":"xpath","value":"//*[@id=\"__box77-arrow\"]"}
COMMAND: POST /session/bf687da40b3c98d128a44e447cb2f226/elements - {"using":"xpath","value":"//*[@id=\"__box77-arrow\"]"}
RESULT: {"using":"xpath","value":"//*[@id=\"__box77-arrow\"]"}
COMMAND: POST /session/bf687da40b3c98d128a44e447cb2f226/elements - {"using":"xpath","value":"//*[@id=\"__box77-arrow\"]"}
RESULT: {"using":"xpath","value":"//*[@id=\"__box77-arrow\"]"}
COMMAND: POST /session/bf687da40b3c98d128a44e447cb2f226/elements - {"using":"xpath","value":"//*[@id=\"__box77-arrow\"]"}
RESULT: {"using":"xpath","value":"//*[@id=\"__box77-arrow\"]"}
COMMAND: POST /session/bf687da40b3c98d128a44e447cb2f226/elements - {"using":"xpath","value":"//*[@id=\"__box77-arrow\"]"}
RESULT: {"using":"xpath","value":"//*[@id=\"__box77-arrow\"]"}
COMMAND: POST /session/bf687da40b3c98d128a44e447cb2f226/elements - {"using":"xpath","value":"//*[@id=\"__box77-arrow\"]"}
RESULT: {"using":"xpath","value":"//*[@id=\"__box77-arrow\"]"}
COMMAND: POST /session/bf687da40b3c98d128a44e447cb2f226/elements - {"using":"xpath","value":"//*[@id=\"__box77-arrow\"]"}
RESULT: {"using":"xpath","value":"//*[@id=\"__box77-arrow\"]"}
COMMAND: POST /session/bf687da40b3c98d128a44e447cb2f226/elements - {"using":"xpath","value":"//*[@id=\"__box77-arrow\"]"}
RESULT: {"using":"xpath","value":"//*[@id=\"__box77-arrow\"]"}
COMMAND: POST /session/bf687da40b3c98d128a44e447cb2f226/elements - {"using":"xpath","value":"//*[@id=\"__box77-arrow\"]"}
RESULT: {"using":"xpath","value":"//*[@id=\"__box77-arrow\"]"}
COMMAND: POST /session/bf687da40b3c98d128a44e447cb2f226/elements - {"using":"xpath","value":"//*[@id=\"__box77-arrow\"]"}
RESULT: {"using":"xpath","value":"//*[@id=\"__box77-arrow\"]"}
COMMAND: POST /session/bf687da40b3c98d128a44e447cb2f226/elements - {"using":"xpath","value":"//*[@id=\"__box77-arrow\"]"}
RESULT: {"using":"xpath","value":"//*[@id=\"__box77-arrow\"]"}
COMMAND: POST /session/bf687da40b3c98d128a44e447cb2f226/elements - {"using":"xpath","value":"//*[@id=\"__box77-arrow\"]"}
RESULT: {"using":"xpath","value":"//*[@id=\"__box77-arrow\"]"}
COMMAND: POST /session/bf687da40b3c98d128a44e447cb2f226/elements - {"using":"xpath","value":"//*[@id=\"__box77-arrow\"]"}
RESULT: {"using":"xpath","value":"//*[@id=\"__box77-arrow\"]"}
COMMAND: POST /session/bf687da40b3c98d128a44e447cb2f226/elements - {"using":"xpath","value":"//*[@id=\"__box77-arrow\"]"}
RESULT: {"using":"xpath","value":"//*[@id=\"__box77-arrow\"]"}
COMMAND: POST /session/bf687da40b3c98d128a44e447cb2f226/elements - {"using":"xpath","value":"//*[@id=\"__box77-arrow\"]"}
RESULT: {"using":"xpath","value":"//*[@id=\"__box77-arrow\"]"}
COMMAND: POST /session/bf687da40b3c98d128a44e447cb2f226/elements - {"using":"xpath","value":"//*[@id=\"__box77-arrow\"]"}
RESULT: {"using":"xpath","value":"//*[@id=\"__box77-arrow\"]"}
COMMAND: POST /session/bf687da40b3c98d128a44e447cb2f226/elements - {"using":"xpath","value":"//*[@id=\"__box77-arrow\"]"}
RESULT: {"using":"xpath","value":"//*[@id=\"__box77-arrow\"]"}
COMMAND: POST /session/bf687da40b3c98d128a44e447cb2f226/elements - {"using":"xpath","value":"//*[@id=\"__box77-arrow\"]"}
RESULT: {"using":"xpath","value":"//*[@id=\"__box77-arrow\"]"}
COMMAND: POST /session/bf687da40b3c98d128a44e447cb2f226/elements - {"using":"xpath","value":"//*[@id=\"__box77-arrow\"]"}
RESULT: {"using":"xpath","value":"//*[@id=\"__box77-arrow\"]"}
COMMAND: POST /session/bf687da40b3c98d128a44e447cb2f226/elements - {"using":"xpath","value":"//*[@id=\"__box77-arrow\"]"}
RESULT: {"using":"xpath","value":"//*[@id=\"__box77-arrow\"]"}
COMMAND: POST /session/bf687da40b3c98d128a44e447cb2f226/elements - {"using":"xpath","value":"//*[@id=\"__box77-arrow\"]"}
RESULT: {"using":"xpath","value":"//*[@id=\"__box77-arrow\"]"}
COMMAND: POST /session/bf687da40b3c98d128a44e447cb2f226/elements - {"using":"xpath","value":"//*[@id=\"__box77-arrow\"]"}
RESULT: {"using":"xpath","value":"//*[@id=\"__box77-arrow\"]"}
COMMAND: POST /session/bf687da40b3c98d128a44e447cb2f226/elements - {"using":"xpath","value":"//*[@id=\"__box77-arrow\"]"}
RESULT: {"using":"xpath","value":"//*[@id=\"__box77-arrow\"]"}
COMMAND: POST /session/bf687da40b3c98d128a44e447cb2f226/elements - {"using":"xpath","value":"//*[@id=\"__box77-arrow\"]"}
RESULT: {"using":"xpath","value":"//*[@id=\"__box77-arrow\"]"}
COMMAND: POST /session/bf687da40b3c98d128a44e447cb2f226/elements - {"using":"xpath","value":"//*[@id=\"__box77-arrow\"]"}
RESULT: {"using":"xpath","value":"//*[@id=\"__box77-arrow\"]"}
COMMAND: POST /session/bf687da40b3c98d128a44e447cb2f226/elements - {"using":"xpath","value":"//*[@id=\"__box77-arrow\"]"}
RESULT: {"using":"xpath","value":"//*[@id=\"__box77-arrow\"]"}
COMMAND: POST /session/bf687da40b3c98d128a44e447cb2f226/elements - {"using":"xpath","value":"//*[@id=\"__box77-arrow\"]"}
RESULT: {"using":"xpath","value":"//*[@id=\"__box77-arrow\"]"}
COMMAND: POST /session/bf687da40b3c98d128a44e447cb2f226/elements - {"using":"xpath","value":"//*[@id=\"__box77-arrow\"]"}
RESULT: {"using":"xpath","value":"//*[@id=\"__box77-arrow\"]"}
COMMAND: POST /session/bf687da40b3c98d128a44e447cb2f226/elements - {"using":"xpath","value":"//*[@id=\"__box77-arrow\"]"}
RESULT: {"using":"xpath","value":"//*[@id=\"__box77-arrow\"]"}
COMMAND: POST /session/bf687da40b3c98d128a44e447cb2f226/elements - {"using":"xpath","value":"//*[@id=\"__box77-arrow\"]"}
RESULT: {"using":"xpath","value":"//*[@id=\"__box77-arrow\"]"}
COMMAND: POST /session/bf687da40b3c98d128a44e447cb2f226/elements - {"using":"xpath","value":"//*[@id=\"__box77-arrow\"]"}
RESULT: {"using":"xpath","value":"//*[@id=\"__box77-arrow\"]"}
COMMAND: POST /session/bf687da40b3c98d128a44e447cb2f226/elements - {"using":"xpath","value":"//*[@id=\"__box77-arrow\"]"}
RESULT: {"using":"xpath","value":"//*[@id=\"__box77-arrow\"]"}
COMMAND: POST /session/bf687da40b3c98d128a44e447cb2f226/elements - {"using":"xpath","value":"//*[@id=\"__box77-arrow\"]"}
RESULT: {"using":"xpath","value":"//*[@id=\"__box77-arrow\"]"}
COMMAND: POST /session/bf687da40b3c98d128a44e447cb2f226/elements - {"using":"xpath","value":"//*[@id=\"__box77-arrow\"]"}
RESULT: {"using":"xpath","value":"//*[@id=\"__box77-arrow\"]"}
COMMAND: POST /session/bf687da40b3c98d128a44e447cb2f226/elements - {"using":"xpath","value":"//*[@id=\"__box77-arrow\"]"}
RESULT: {"using":"xpath","value":"//*[@id=\"__box77-arrow\"]"}
COMMAND: POST /session/bf687da40b3c98d128a44e447cb2f226/elements - {"using":"xpath","value":"//*[@id=\"__box77-arrow\"]"}
RESULT: {"using":"xpath","value":"//*[@id=\"__box77-arrow\"]"}
COMMAND: POST /session/bf687da40b3c98d128a44e447cb2f226/elements - {"using":"xpath","value":"//*[@id=\"__box77-arrow\"]"}
RESULT: {"using":"xpath","value":"//*[@id=\"__box77-arrow\"]"}
COMMAND: POST /session/bf687da40b3c98d128a44e447cb2f226/elements - {"using":"xpath","value":"//*[@id=\"__box77-arrow\"]"}
RESULT: {"using":"xpath","value":"//*[@id=\"__box77-arrow\"]"}
COMMAND: POST /session/bf687da40b3c98d128a44e447cb2f226/elements - {"using":"xpath","value":"//*[@id=\"__box77-arrow\"]"}
RESULT: {"using":"xpath","value":"//*[@id=\"__box77-arrow\"]"}
COMMAND: POST /session/bf687da40b3c98d128a44e447cb2f226/elements - {"using":"xpath","value":"//*[@id=\"__box77-arrow\"]"}
RESULT: {"using":"xpath","value":"//*[@id=\"__box77-arrow\"]"}
COMMAND: POST /session/bf687da40b3c98d128a44e447cb2f226/elements - {"using":"xpath","value":"//*[@id=\"__box77-arrow\"]"}
RESULT: {"using":"xpath","value":"//*[@id=\"__box77-arrow\"]"}
COMMAND: POST /session/bf687da40b3c98d128a44e447cb2f226/elements - {"using":"xpath","value":"//*[@id=\"__box77-arrow\"]"}
RESULT: {"using":"xpath","value":"//*[@id=\"__box77-arrow\"]"}
COMMAND: POST /session/bf687da40b3c98d128a44e447cb2f226/elements - {"using":"xpath","value":"//*[@id=\"__box77-arrow\"]"}
RESULT: {"using":"xpath","value":"//*[@id=\"__box77-arrow\"]"}
COMMAND: POST /session/bf687da40b3c98d128a44e447cb2f226/elements - {"using":"xpath","value":"//*[@id=\"__box77-arrow\"]"}
RESULT: {"using":"xpath","value":"//*[@id=\"__box77-arrow\"]"}
COMMAND: POST /session/bf687da40b3c98d128a44e447cb2f226/elements - {"using":"xpath","value":"//*[@id=\"__box77-arrow\"]"}
RESULT: {"using":"xpath","value":"//*[@id=\"__box77-arrow\"]"}
COMMAND: POST /session/bf687da40b3c98d128a44e447cb2f226/elements - {"using":"xpath","value":"//*[@id=\"__box77-arrow\"]"}
RESULT: {"using":"xpath","value":"//*[@id=\"__box77-arrow\"]"}
COMMAND: POST /session/bf687da40b3c98d128a44e447cb2f226/elements - {"using":"xpath","value":"//*[@id=\"__box77-arrow\"]"}
RESULT: {"using":"xpath","value":"//*[@id=\"__box77-arrow\"]"}
COMMAND: POST /session/bf687da40b3c98d128a44e447cb2f226/elements - {"using":"xpath","value":"//*[@id=\"__box77-arrow\"]"}
RESULT: {"using":"xpath","value":"//*[@id=\"__box77-arrow\"]"}
COMMAND: POST /session/bf687da40b3c98d128a44e447cb2f226/elements - {"using":"xpath","value":"//*[@id=\"__box77-arrow\"]"}
RESULT: {"using":"xpath","value":"//*[@id=\"__box77-arrow\"]"}
COMMAND: POST /session/bf687da40b3c98d128a44e447cb2f226/elements - {"using":"xpath","value":"//*[@id=\"__box77-arrow\"]"}
RESULT: {"using":"xpath","value":"//*[@id=\"__box77-arrow\"]"}
COMMAND: POST /session/bf687da40b3c98d128a44e447cb2f226/elements - {"using":"xpath","value":"//*[@id=\"__box77-arrow\"]"}
RESULT: {"using":"xpath","value":"//*[@id=\"__box77-arrow\"]"}
COMMAND: POST /session/bf687da40b3c98d128a44e447cb2f226/elements - {"using":"xpath","value":"//*[@id=\"__box77-arrow\"]"}
RESULT: {"using":"xpath","value":"//*[@id=\"__box77-arrow\"]"}
COMMAND: POST /session/bf687da40b3c98d128a44e447cb2f226/elements - {"using":"xpath","value":"//*[@id=\"__box77-arrow\"]"}
RESULT: {"using":"xpath","value":"//*[@id=\"__box77-arrow\"]"}
COMMAND: POST /session/bf687da40b3c98d128a44e447cb2f226/elements - {"using":"xpath","value":"//*[@id=\"__box77-arrow\"]"}
RESULT: {"using":"xpath","value":"//*[@id=\"__box77-arrow\"]"}
COMMAND: POST /session/bf687da40b3c98d128a44e447cb2f226/elements - {"using":"xpath","value":"//*[@id=\"__box77-arrow\"]"}
RESULT: {"using":"xpath","value":"//*[@id=\"__box77-arrow\"]"}
COMMAND: POST /session/bf687da40b3c98d128a44e447cb2f226/elements - {"using":"xpath","value":"//*[@id=\"__box77-arrow\"]"}
RESULT: {"using":"xpath","value":"//*[@id=\"__box77-arrow\"]"}
COMMAND: POST /session/bf687da40b3c98d128a44e447cb2f226/elements - {"using":"xpath","value":"//*[@id=\"__box77-arrow\"]"}
RESULT: {"using":"xpath","value":"//*[@id=\"__box77-arrow\"]"}
COMMAND: POST /session/bf687da40b3c98d128a44e447cb2f226/elements - {"using":"xpath","value":"//*[@id=\"__box77-arrow\"]"}
RESULT: {"using":"xpath","value":"//*[@id=\"__box77-arrow\"]"}
COMMAND: POST /session/bf687da40b3c98d128a44e447cb2f226/elements - {"using":"xpath","value":"//*[@id=\"__box77-arrow\"]"}
RESULT: {"using":"xpath","value":"//*[@id=\"__box77-arrow\"]"}
COMMAND: POST /session/bf687da40b3c98d128a44e447cb2f226/elements - {"using":"xpath","value":"//*[@id=\"__box77-arrow\"]"}
RESULT: {"using":"xpath","value":"//*[@id=\"__box77-arrow\"]"}
COMMAND: POST /session/bf687da40b3c98d128a44e447cb2f226/elements - {"using":"xpath","value":"//*[@id=\"__box77-arrow\"]"}
RESULT: {"using":"xpath","value":"//*[@id=\"__box77-arrow\"]"}
COMMAND: POST /session/bf687da40b3c98d128a44e447cb2f226/elements - {"using":"xpath","value":"//*[@id=\"__box77-arrow\"]"}
RESULT: {"using":"xpath","value":"//*[@id=\"__box77-arrow\"]"}
COMMAND: POST /session/bf687da40b3c98d128a44e447cb2f226/elements - {"using":"xpath","value":"//*[@id=\"__box77-arrow\"]"}
RESULT: {"using":"xpath","value":"//*[@id=\"__box77-arrow\"]"}
COMMAND: POST /session/bf687da40b3c98d128a44e447cb2f226/elements - {"using":"xpath","value":"//*[@id=\"__box77-arrow\"]"}
RESULT: {"using":"xpath","value":"//*[@id=\"__box77-arrow\"]"}
COMMAND: POST /session/bf687da40b3c98d128a44e447cb2f226/elements - {"using":"xpath","value":"//*[@id=\"__box77-arrow\"]"}
RESULT: {"using":"xpath","value":"//*[@id=\"__box77-arrow\"]"}
COMMAND: POST /session/bf687da40b3c98d128a44e447cb2f226/elements - {"using":"xpath","value":"//*[@id=\"__box77-arrow\"]"}
RESULT: {"using":"xpath","value":"//*[@id=\"__box77-arrow\"]"}
COMMAND: POST /session/bf687da40b3c98d128a44e447cb2f226/elements - {"using":"xpath","value":"//*[@id=\"__box77-arrow\"]"}
RESULT: {"using":"xpath","value":"//*[@id=\"__box77-arrow\"]"}
COMMAND: POST /session/bf687da40b3c98d128a44e447cb2f226/element - {"using":"xpath","value":"//li[.//span[text()='equal to']]"}
RESULT: {"using":"xpath","value":"//li[.//span[text()='equal to']]"}
COMMAND: POST /session/bf687da40b3c98d128a44e447cb2f226/elements - {"using":"xpath","value":"//li[.//span[text()='equal to']]"}
RESULT: {"using":"xpath","value":"//li[.//span[text()='equal to']]"}
COMMAND: POST /session/bf687da40b3c98d128a44e447cb2f226/elements - {"using":"xpath","value":"//li[.//span[text()='equal to']]"}
RESULT: {"using":"xpath","value":"//li[.//span[text()='equal to']]"}
COMMAND: POST /session/bf687da40b3c98d128a44e447cb2f226/elements - {"using":"xpath","value":"//li[.//span[text()='equal to']]"}
RESULT: {"using":"xpath","value":"//li[.//span[text()='equal to']]"}
COMMAND: POST /session/bf687da40b3c98d128a44e447cb2f226/elements - {"using":"xpath","value":"//li[.//span[text()='equal to']]"}
RESULT: {"using":"xpath","value":"//li[.//span[text()='equal to']]"}
COMMAND: POST /session/bf687da40b3c98d128a44e447cb2f226/elements - {"using":"xpath","value":"//li[.//span[text()='equal to']]"}
RESULT: {"using":"xpath","value":"//li[.//span[text()='equal to']]"}
COMMAND: POST /session/bf687da40b3c98d128a44e447cb2f226/elements - {"using":"xpath","value":"//li[.//span[text()='equal to']]"}
RESULT: {"using":"xpath","value":"//li[.//span[text()='equal to']]"}
COMMAND: POST /session/bf687da40b3c98d128a44e447cb2f226/elements - {"using":"xpath","value":"//li[.//span[text()='equal to']]"}
RESULT: {"using":"xpath","value":"//li[.//span[text()='equal to']]"}
COMMAND: POST /session/bf687da40b3c98d128a44e447cb2f226/elements - {"using":"xpath","value":"//li[.//span[text()='equal to']]"}
RESULT: {"using":"xpath","value":"//li[.//span[text()='equal to']]"}
COMMAND: POST /session/bf687da40b3c98d128a44e447cb2f226/elements - {"using":"xpath","value":"//li[.//span[text()='equal to']]"}
RESULT: {"using":"xpath","value":"//li[.//span[text()='equal to']]"}
COMMAND: POST /session/bf687da40b3c98d128a44e447cb2f226/elements - {"using":"xpath","value":"//li[.//span[text()='equal to']]"}
RESULT: {"using":"xpath","value":"//li[.//span[text()='equal to']]"}
COMMAND: POST /session/bf687da40b3c98d128a44e447cb2f226/elements - {"using":"xpath","value":"//li[.//span[text()='equal to']]"}
RESULT: {"using":"xpath","value":"//li[.//span[text()='equal to']]"}
COMMAND: POST /session/bf687da40b3c98d128a44e447cb2f226/elements - {"using":"xpath","value":"//li[.//span[text()='equal to']]"}
RESULT: {"using":"xpath","value":"//li[.//span[text()='equal to']]"}
COMMAND: POST /session/bf687da40b3c98d128a44e447cb2f226/elements - {"using":"xpath","value":"//li[.//span[text()='equal to']]"}
RESULT: {"using":"xpath","value":"//li[.//span[text()='equal to']]"}
COMMAND: POST /session/bf687da40b3c98d128a44e447cb2f226/elements - {"using":"xpath","value":"//li[.//span[text()='equal to']]"}
RESULT: {"using":"xpath","value":"//li[.//span[text()='equal to']]"}
COMMAND: POST /session/bf687da40b3c98d128a44e447cb2f226/elements - {"using":"xpath","value":"//li[.//span[text()='equal to']]"}
RESULT: {"using":"xpath","value":"//li[.//span[text()='equal to']]"}
COMMAND: POST /session/bf687da40b3c98d128a44e447cb2f226/elements - {"using":"xpath","value":"//li[.//span[text()='equal to']]"}
RESULT: {"using":"xpath","value":"//li[.//span[text()='equal to']]"}
COMMAND: POST /session/bf687da40b3c98d128a44e447cb2f226/elements - {"using":"xpath","value":"//li[.//span[text()='equal to']]"}
RESULT: {"using":"xpath","value":"//li[.//span[text()='equal to']]"}
COMMAND: POST /session/bf687da40b3c98d128a44e447cb2f226/elements - {"using":"xpath","value":"//li[.//span[text()='equal to']]"}
RESULT: {"using":"xpath","value":"//li[.//span[text()='equal to']]"}
COMMAND: POST /session/bf687da40b3c98d128a44e447cb2f226/elements - {"using":"xpath","value":"//li[.//span[text()='equal to']]"}
RESULT: {"using":"xpath","value":"//li[.//span[text()='equal to']]"}
COMMAND: POST /session/bf687da40b3c98d128a44e447cb2f226/elements - {"using":"xpath","value":"//li[.//span[text()='equal to']]"}
RESULT: {"using":"xpath","value":"//li[.//span[text()='equal to']]"}
COMMAND: POST /session/bf687da40b3c98d128a44e447cb2f226/elements - {"using":"xpath","value":"//li[.//span[text()='equal to']]"}
RESULT: {"using":"xpath","value":"//li[.//span[text()='equal to']]"}
COMMAND: POST /session/bf687da40b3c98d128a44e447cb2f226/elements - {"using":"xpath","value":"//li[.//span[text()='equal to']]"}
RESULT: {"using":"xpath","value":"//li[.//span[text()='equal to']]"}
COMMAND: POST /session/bf687da40b3c98d128a44e447cb2f226/elements - {"using":"xpath","value":"//li[.//span[text()='equal to']]"}
RESULT: {"using":"xpath","value":"//li[.//span[text()='equal to']]"}
COMMAND: POST /session/bf687da40b3c98d128a44e447cb2f226/elements - {"using":"xpath","value":"//li[.//span[text()='equal to']]"}
RESULT: {"using":"xpath","value":"//li[.//span[text()='equal to']]"}
COMMAND: POST /session/bf687da40b3c98d128a44e447cb2f226/elements - {"using":"xpath","value":"//li[.//span[text()='equal to']]"}
RESULT: {"using":"xpath","value":"//li[.//span[text()='equal to']]"}
COMMAND: POST /session/bf687da40b3c98d128a44e447cb2f226/elements - {"using":"xpath","value":"//li[.//span[text()='equal to']]"}
RESULT: {"using":"xpath","value":"//li[.//span[text()='equal to']]"}
COMMAND: POST /session/bf687da40b3c98d128a44e447cb2f226/elements - {"using":"xpath","value":"//li[.//span[text()='equal to']]"}
RESULT: {"using":"xpath","value":"//li[.//span[text()='equal to']]"}
COMMAND: POST /session/bf687da40b3c98d128a44e447cb2f226/elements - {"using":"xpath","value":"//li[.//span[text()='equal to']]"}
RESULT: {"using":"xpath","value":"//li[.//span[text()='equal to']]"}
COMMAND: POST /session/bf687da40b3c98d128a44e447cb2f226/elements - {"using":"xpath","value":"//li[.//span[text()='equal to']]"}
RESULT: {"using":"xpath","value":"//li[.//span[text()='equal to']]"}
COMMAND: POST /session/bf687da40b3c98d128a44e447cb2f226/elements - {"using":"xpath","value":"//li[.//span[text()='equal to']]"}
RESULT: {"using":"xpath","value":"//li[.//span[text()='equal to']]"}
COMMAND: POST /session/bf687da40b3c98d128a44e447cb2f226/elements - {"using":"xpath","value":"//li[.//span[text()='equal to']]"}
RESULT: {"using":"xpath","value":"//li[.//span[text()='equal to']]"}
COMMAND: POST /session/bf687da40b3c98d128a44e447cb2f226/elements - {"using":"xpath","value":"//li[.//span[text()='equal to']]"}
RESULT: {"using":"xpath","value":"//li[.//span[text()='equal to']]"}
COMMAND: POST /session/bf687da40b3c98d128a44e447cb2f226/elements - {"using":"xpath","value":"//li[.//span[text()='equal to']]"}
RESULT: {"using":"xpath","value":"//li[.//span[text()='equal to']]"}
COMMAND: POST /session/bf687da40b3c98d128a44e447cb2f226/elements - {"using":"xpath","value":"//li[.//span[text()='equal to']]"}
RESULT: {"using":"xpath","value":"//li[.//span[text()='equal to']]"}
COMMAND: POST /session/bf687da40b3c98d128a44e447cb2f226/elements - {"using":"xpath","value":"//li[.//span[text()='equal to']]"}
RESULT: {"using":"xpath","value":"//li[.//span[text()='equal to']]"}
COMMAND: POST /session/bf687da40b3c98d128a44e447cb2f226/elements - {"using":"xpath","value":"//li[.//span[text()='equal to']]"}
RESULT: {"using":"xpath","value":"//li[.//span[text()='equal to']]"}
COMMAND: POST /session/bf687da40b3c98d128a44e447cb2f226/elements - {"using":"xpath","value":"//li[.//span[text()='equal to']]"}
RESULT: {"using":"xpath","value":"//li[.//span[text()='equal to']]"}
COMMAND: POST /session/bf687da40b3c98d128a44e447cb2f226/elements - {"using":"xpath","value":"//li[.//span[text()='equal to']]"}
RESULT: {"using":"xpath","value":"//li[.//span[text()='equal to']]"}
COMMAND: POST /session/bf687da40b3c98d128a44e447cb2f226/elements - {"using":"xpath","value":"//li[.//span[text()='equal to']]"}
RESULT: {"using":"xpath","value":"//li[.//span[text()='equal to']]"}
COMMAND: POST /session/bf687da40b3c98d128a44e447cb2f226/elements - {"using":"xpath","value":"//li[.//span[text()='equal to']]"}
RESULT: {"using":"xpath","value":"//li[.//span[text()='equal to']]"}
COMMAND: POST /session/bf687da40b3c98d128a44e447cb2f226/elements - {"using":"xpath","value":"//li[.//span[text()='equal to']]"}
RESULT: {"using":"xpath","value":"//li[.//span[text()='equal to']]"}
COMMAND: POST /session/bf687da40b3c98d128a44e447cb2f226/elements - {"using":"xpath","value":"//li[.//span[text()='equal to']]"}
RESULT: {"using":"xpath","value":"//li[.//span[text()='equal to']]"}
COMMAND: POST /session/bf687da40b3c98d128a44e447cb2f226/elements - {"using":"xpath","value":"//li[.//span[text()='equal to']]"}
RESULT: {"using":"xpath","value":"//li[.//span[text()='equal to']]"}
COMMAND: POST /session/bf687da40b3c98d128a44e447cb2f226/elements - {"using":"xpath","value":"//li[.//span[text()='equal to']]"}
RESULT: {"using":"xpath","value":"//li[.//span[text()='equal to']]"}
COMMAND: POST /session/bf687da40b3c98d128a44e447cb2f226/elements - {"using":"xpath","value":"//li[.//span[text()='equal to']]"}
RESULT: {"using":"xpath","value":"//li[.//span[text()='equal to']]"}
COMMAND: POST /session/bf687da40b3c98d128a44e447cb2f226/elements - {"using":"xpath","value":"//li[.//span[text()='equal to']]"}
RESULT: {"using":"xpath","value":"//li[.//span[text()='equal to']]"}
COMMAND: POST /session/bf687da40b3c98d128a44e447cb2f226/elements - {"using":"xpath","value":"//li[.//span[text()='equal to']]"}
RESULT: {"using":"xpath","value":"//li[.//span[text()='equal to']]"}
COMMAND: POST /session/bf687da40b3c98d128a44e447cb2f226/elements - {"using":"xpath","value":"//li[.//span[text()='equal to']]"}
RESULT: {"using":"xpath","value":"//li[.//span[text()='equal to']]"}
COMMAND: POST /session/bf687da40b3c98d128a44e447cb2f226/elements - {"using":"xpath","value":"//li[.//span[text()='equal to']]"}
RESULT: {"using":"xpath","value":"//li[.//span[text()='equal to']]"}
COMMAND: POST /session/bf687da40b3c98d128a44e447cb2f226/elements - {"using":"xpath","value":"//li[.//span[text()='equal to']]"}
RESULT: {"using":"xpath","value":"//li[.//span[text()='equal to']]"}
COMMAND: POST /session/bf687da40b3c98d128a44e447cb2f226/elements - {"using":"xpath","value":"//li[.//span[text()='equal to']]"}
RESULT: {"using":"xpath","value":"//li[.//span[text()='equal to']]"}
COMMAND: POST /session/bf687da40b3c98d128a44e447cb2f226/elements - {"using":"xpath","value":"//li[.//span[text()='equal to']]"}
RESULT: {"using":"xpath","value":"//li[.//span[text()='equal to']]"}
COMMAND: POST /session/bf687da40b3c98d128a44e447cb2f226/elements - {"using":"xpath","value":"//li[.//span[text()='equal to']]"}
RESULT: {"using":"xpath","value":"//li[.//span[text()='equal to']]"}
COMMAND: POST /session/bf687da40b3c98d128a44e447cb2f226/elements - {"using":"xpath","value":"//li[.//span[text()='equal to']]"}
RESULT: {"using":"xpath","value":"//li[.//span[text()='equal to']]"}
COMMAND: POST /session/bf687da40b3c98d128a44e447cb2f226/elements - {"using":"xpath","value":"//li[.//span[text()='equal to']]"}
RESULT: {"using":"xpath","value":"//li[.//span[text()='equal to']]"}
COMMAND: POST /session/bf687da40b3c98d128a44e447cb2f226/elements - {"using":"xpath","value":"//li[.//span[text()='equal to']]"}
RESULT: {"using":"xpath","value":"//li[.//span[text()='equal to']]"}
COMMAND: POST /session/bf687da40b3c98d128a44e447cb2f226/elements - {"using":"xpath","value":"//li[.//span[text()='equal to']]"}
RESULT: {"using":"xpath","value":"//li[.//span[text()='equal to']]"}
COMMAND: POST /session/bf687da40b3c98d128a44e447cb2f226/elements - {"using":"xpath","value":"//li[.//span[text()='equal to']]"}
RESULT: {"using":"xpath","value":"//li[.//span[text()='equal to']]"}
COMMAND: POST /session/bf687da40b3c98d128a44e447cb2f226/elements - {"using":"xpath","value":"//li[.//span[text()='equal to']]"}
RESULT: {"using":"xpath","value":"//li[.//span[text()='equal to']]"}
COMMAND: POST /session/bf687da40b3c98d128a44e447cb2f226/elements - {"using":"xpath","value":"//li[.//span[text()='equal to']]"}
RESULT: {"using":"xpath","value":"//li[.//span[text()='equal to']]"}
COMMAND: POST /session/bf687da40b3c98d128a44e447cb2f226/elements - {"using":"xpath","value":"//li[.//span[text()='equal to']]"}
RESULT: {"using":"xpath","value":"//li[.//span[text()='equal to']]"}
COMMAND: POST /session/bf687da40b3c98d128a44e447cb2f226/elements - {"using":"xpath","value":"//li[.//span[text()='equal to']]"}
RESULT: {"using":"xpath","value":"//li[.//span[text()='equal to']]"}
COMMAND: POST /session/bf687da40b3c98d128a44e447cb2f226/elements - {"using":"xpath","value":"//li[.//span[text()='equal to']]"}
RESULT: {"using":"xpath","value":"//li[.//span[text()='equal to']]"}
COMMAND: POST /session/bf687da40b3c98d128a44e447cb2f226/elements - {"using":"xpath","value":"//li[.//span[text()='equal to']]"}
RESULT: {"using":"xpath","value":"//li[.//span[text()='equal to']]"}
COMMAND: POST /session/bf687da40b3c98d128a44e447cb2f226/elements - {"using":"xpath","value":"//li[.//span[text()='equal to']]"}
RESULT: {"using":"xpath","value":"//li[.//span[text()='equal to']]"}
COMMAND: POST /session/bf687da40b3c98d128a44e447cb2f226/elements - {"using":"xpath","value":"//li[.//span[text()='equal to']]"}
RESULT: {"using":"xpath","value":"//li[.//span[text()='equal to']]"}
COMMAND: POST /session/bf687da40b3c98d128a44e447cb2f226/elements - {"using":"xpath","value":"//li[.//span[text()='equal to']]"}
RESULT: {"using":"xpath","value":"//li[.//span[text()='equal to']]"}
COMMAND: POST /session/bf687da40b3c98d128a44e447cb2f226/elements - {"using":"xpath","value":"//li[.//span[text()='equal to']]"}
RESULT: {"using":"xpath","value":"//li[.//span[text()='equal to']]"}
COMMAND: POST /session/bf687da40b3c98d128a44e447cb2f226/elements - {"using":"xpath","value":"//li[.//span[text()='equal to']]"}
RESULT: {"using":"xpath","value":"//li[.//span[text()='equal to']]"}
COMMAND: POST /session/bf687da40b3c98d128a44e447cb2f226/elements - {"using":"xpath","value":"//li[.//span[text()='equal to']]"}
RESULT: {"using":"xpath","value":"//li[.//span[text()='equal to']]"}
COMMAND: POST /session/bf687da40b3c98d128a44e447cb2f226/elements - {"using":"xpath","value":"//li[.//span[text()='equal to']]"}
RESULT: {"using":"xpath","value":"//li[.//span[text()='equal to']]"}
COMMAND: POST /session/bf687da40b3c98d128a44e447cb2f226/elements - {"using":"xpath","value":"//li[.//span[text()='equal to']]"}
RESULT: {"using":"xpath","value":"//li[.//span[text()='equal to']]"}
COMMAND: POST /session/bf687da40b3c98d128a44e447cb2f226/elements - {"using":"xpath","value":"//li[.//span[text()='equal to']]"}
RESULT: {"using":"xpath","value":"//li[.//span[text()='equal to']]"}
COMMAND: POST /session/bf687da40b3c98d128a44e447cb2f226/elements - {"using":"xpath","value":"//li[.//span[text()='equal to']]"}
RESULT: {"using":"xpath","value":"//li[.//span[text()='equal to']]"}
COMMAND: POST /session/bf687da40b3c98d128a44e447cb2f226/elements - {"using":"xpath","value":"//li[.//span[text()='equal to']]"}
RESULT: {"using":"xpath","value":"//li[.//span[text()='equal to']]"}
COMMAND: POST /session/bf687da40b3c98d128a44e447cb2f226/elements - {"using":"xpath","value":"//li[.//span[text()='equal to']]"}
RESULT: {"using":"xpath","value":"//li[.//span[text()='equal to']]"}
COMMAND: POST /session/bf687da40b3c98d128a44e447cb2f226/elements - {"using":"xpath","value":"//li[.//span[text()='equal to']]"}
RESULT: {"using":"xpath","value":"//li[.//span[text()='equal to']]"}
COMMAND: POST /session/bf687da40b3c98d128a44e447cb2f226/elements - {"using":"xpath","value":"//li[.//span[text()='equal to']]"}
RESULT: {"using":"xpath","value":"//li[.//span[text()='equal to']]"}
COMMAND: POST /session/bf687da40b3c98d128a44e447cb2f226/elements - {"using":"xpath","value":"//li[.//span[text()='equal to']]"}
RESULT: {"using":"xpath","value":"//li[.//span[text()='equal to']]"}
COMMAND: POST /session/bf687da40b3c98d128a44e447cb2f226/elements - {"using":"xpath","value":"//li[.//span[text()='equal to']]"}
RESULT: {"using":"xpath","value":"//li[.//span[text()='equal to']]"}
COMMAND: POST /session/bf687da40b3c98d128a44e447cb2f226/elements - {"using":"xpath","value":"//li[.//span[text()='equal to']]"}
RESULT: {"using":"xpath","value":"//li[.//span[text()='equal to']]"}
COMMAND: POST /session/bf687da40b3c98d128a44e447cb2f226/elements - {"using":"xpath","value":"//li[.//span[text()='equal to']]"}
RESULT: {"using":"xpath","value":"//li[.//span[text()='equal to']]"}
COMMAND: POST /session/bf687da40b3c98d128a44e447cb2f226/elements - {"using":"xpath","value":"//li[.//span[text()='equal to']]"}
RESULT: {"using":"xpath","value":"//li[.//span[text()='equal to']]"}
COMMAND: POST /session/bf687da40b3c98d128a44e447cb2f226/elements - {"using":"xpath","value":"//li[.//span[text()='equal to']]"}
RESULT: {"using":"xpath","value":"//li[.//span[text()='equal to']]"}
COMMAND: POST /session/bf687da40b3c98d128a44e447cb2f226/elements - {"using":"xpath","value":"//li[.//span[text()='equal to']]"}
RESULT: {"using":"xpath","value":"//li[.//span[text()='equal to']]"}
COMMAND: POST /session/bf687da40b3c98d128a44e447cb2f226/elements - {"using":"xpath","value":"//li[.//span[text()='equal to']]"}
RESULT: {"using":"xpath","value":"//li[.//span[text()='equal to']]"}
COMMAND: POST /session/bf687da40b3c98d128a44e447cb2f226/elements - {"using":"xpath","value":"//li[.//span[text()='equal to']]"}
RESULT: {"using":"xpath","value":"//li[.//span[text()='equal to']]"}
COMMAND: POST /session/bf687da40b3c98d128a44e447cb2f226/elements - {"using":"xpath","value":"//li[.//span[text()='equal to']]"}
RESULT: {"using":"xpath","value":"//li[.//span[text()='equal to']]"}
COMMAND: POST /session/bf687da40b3c98d128a44e447cb2f226/elements - {"using":"xpath","value":"//li[.//span[text()='equal to']]"}
RESULT: {"using":"xpath","value":"//li[.//span[text()='equal to']]"}
COMMAND: POST /session/bf687da40b3c98d128a44e447cb2f226/elements - {"using":"xpath","value":"//li[.//span[text()='equal to']]"}
RESULT: {"using":"xpath","value":"//li[.//span[text()='equal to']]"}
COMMAND: POST /session/bf687da40b3c98d128a44e447cb2f226/elements - {"using":"xpath","value":"//li[.//span[text()='equal to']]"}
RESULT: {"using":"xpath","value":"//li[.//span[text()='equal to']]"}
COMMAND: POST /session/bf687da40b3c98d128a44e447cb2f226/elements - {"using":"xpath","value":"//li[.//span[text()='equal to']]"}
RESULT: {"using":"xpath","value":"//li[.//span[text()='equal to']]"}
COMMAND: POST /session/bf687da40b3c98d128a44e447cb2f226/elements - {"using":"xpath","value":"//li[.//span[text()='equal to']]"}
RESULT: {"using":"xpath","value":"//li[.//span[text()='equal to']]"}
COMMAND: POST /session/bf687da40b3c98d128a44e447cb2f226/elements - {"using":"xpath","value":"//li[.//span[text()='equal to']]"}
RESULT: {"using":"xpath","value":"//li[.//span[text()='equal to']]"}
COMMAND: POST /session/bf687da40b3c98d128a44e447cb2f226/elements - {"using":"xpath","value":"//li[.//span[text()='equal to']]"}
RESULT: {"using":"xpath","value":"//li[.//span[text()='equal to']]"}
COMMAND: POST /session/bf687da40b3c98d128a44e447cb2f226/elements - {"using":"xpath","value":"//li[.//span[text()='equal to']]"}
RESULT: {"using":"xpath","value":"//li[.//span[text()='equal to']]"}
COMMAND: POST /session/bf687da40b3c98d128a44e447cb2f226/elements - {"using":"xpath","value":"//li[.//span[text()='equal to']]"}
RESULT: {"using":"xpath","value":"//li[.//span[text()='equal to']]"}
COMMAND: POST /session/bf687da40b3c98d128a44e447cb2f226/elements - {"using":"xpath","value":"//li[.//span[text()='equal to']]"}
RESULT: {"using":"xpath","value":"//li[.//span[text()='equal to']]"}
COMMAND: POST /session/bf687da40b3c98d128a44e447cb2f226/elements - {"using":"xpath","value":"//li[.//span[text()='equal to']]"}
RESULT: {"using":"xpath","value":"//li[.//span[text()='equal to']]"}
COMMAND: POST /session/bf687da40b3c98d128a44e447cb2f226/elements - {"using":"xpath","value":"//li[.//span[text()='equal to']]"}
RESULT: {"using":"xpath","value":"//li[.//span[text()='equal to']]"}
COMMAND: POST /session/bf687da40b3c98d128a44e447cb2f226/elements - {"using":"xpath","value":"//li[.//span[text()='equal to']]"}
RESULT: {"using":"xpath","value":"//li[.//span[text()='equal to']]"}
COMMAND: POST /session/bf687da40b3c98d128a44e447cb2f226/elements - {"using":"xpath","value":"//li[.//span[text()='equal to']]"}
RESULT: {"using":"xpath","value":"//li[.//span[text()='equal to']]"}
COMMAND: POST /session/bf687da40b3c98d128a44e447cb2f226/elements - {"using":"xpath","value":"//li[.//span[text()='equal to']]"}
RESULT: {"using":"xpath","value":"//li[.//span[text()='equal to']]"}
COMMAND: POST /session/bf687da40b3c98d128a44e447cb2f226/elements - {"using":"xpath","value":"//li[.//span[text()='equal to']]"}
RESULT: {"using":"xpath","value":"//li[.//span[text()='equal to']]"}
COMMAND: POST /session/bf687da40b3c98d128a44e447cb2f226/elements - {"using":"xpath","value":"//li[.//span[text()='equal to']]"}
RESULT: {"using":"xpath","value":"//li[.//span[text()='equal to']]"}
COMMAND: POST /session/bf687da40b3c98d128a44e447cb2f226/elements - {"using":"xpath","value":"//li[.//span[text()='equal to']]"}
RESULT: {"using":"xpath","value":"//li[.//span[text()='equal to']]"}
COMMAND: POST /session/bf687da40b3c98d128a44e447cb2f226/elements - {"using":"xpath","value":"//li[.//span[text()='equal to']]"}
RESULT: {"using":"xpath","value":"//li[.//span[text()='equal to']]"}
COMMAND: POST /session/bf687da40b3c98d128a44e447cb2f226/elements - {"using":"xpath","value":"//li[.//span[text()='equal to']]"}
RESULT: {"using":"xpath","value":"//li[.//span[text()='equal to']]"}
COMMAND: POST /session/bf687da40b3c98d128a44e447cb2f226/elements - {"using":"xpath","value":"//li[.//span[text()='equal to']]"}
RESULT: {"using":"xpath","value":"//li[.//span[text()='equal to']]"}
COMMAND: POST /session/bf687da40b3c98d128a44e447cb2f226/elements - {"using":"xpath","value":"//li[.//span[text()='equal to']]"}
RESULT: {"using":"xpath","value":"//li[.//span[text()='equal to']]"}
COMMAND: POST /session/bf687da40b3c98d128a44e447cb2f226/elements - {"using":"xpath","value":"//li[.//span[text()='equal to']]"}
RESULT: {"using":"xpath","value":"//li[.//span[text()='equal to']]"}
COMMAND: POST /session/bf687da40b3c98d128a44e447cb2f226/elements - {"using":"xpath","value":"//li[.//span[text()='equal to']]"}
RESULT: {"using":"xpath","value":"//li[.//span[text()='equal to']]"}
COMMAND: POST /session/bf687da40b3c98d128a44e447cb2f226/elements - {"using":"xpath","value":"//li[.//span[text()='equal to']]"}
RESULT: {"using":"xpath","value":"//li[.//span[text()='equal to']]"}
COMMAND: POST /session/bf687da40b3c98d128a44e447cb2f226/elements - {"using":"xpath","value":"//li[.//span[text()='equal to']]"}
RESULT: {"using":"xpath","value":"//li[.//span[text()='equal to']]"}
COMMAND: POST /session/bf687da40b3c98d128a44e447cb2f226/elements - {"using":"xpath","value":"//li[.//span[text()='equal to']]"}
RESULT: {"using":"xpath","value":"//li[.//span[text()='equal to']]"}
COMMAND: POST /session/bf687da40b3c98d128a44e447cb2f226/elements - {"using":"xpath","value":"//li[.//span[text()='equal to']]"}
RESULT: {"using":"xpath","value":"//li[.//span[text()='equal to']]"}
COMMAND: POST /session/bf687da40b3c98d128a44e447cb2f226/elements - {"using":"xpath","value":"//li[.//span[text()='equal to']]"}
RESULT: {"using":"xpath","value":"//li[.//span[text()='equal to']]"}
COMMAND: POST /session/bf687da40b3c98d128a44e447cb2f226/elements - {"using":"xpath","value":"//li[.//span[text()='equal to']]"}
RESULT: {"using":"xpath","value":"//li[.//span[text()='equal to']]"}
COMMAND: POST /session/bf687da40b3c98d128a44e447cb2f226/elements - {"using":"xpath","value":"//li[.//span[text()='equal to']]"}
RESULT: {"using":"xpath","value":"//li[.//span[text()='equal to']]"}
COMMAND: POST /session/bf687da40b3c98d128a44e447cb2f226/elements - {"using":"xpath","value":"//li[.//span[text()='equal to']]"}
RESULT: {"using":"xpath","value":"//li[.//span[text()='equal to']]"}
COMMAND: POST /session/bf687da40b3c98d128a44e447cb2f226/elements - {"using":"xpath","value":"//li[.//span[text()='equal to']]"}
COMMAND: GET /session/bf687da40b3c98d128a44e447cb2f226/screenshot - {}
RESULT: {"using":"xpath","value":"//li[.//span[text()='equal to']]"}
RESULT: {}
]]></system-out>
      <system-err><![CDATA[
Error: Can't call click on element with selector "//li[.//span[text()='equal to']]" because element wasn't found
    at async Context.<anonymous> (D:\a\1\s\test\specs\BTS\manage-partners.spec.js:805:9)
]]></system-err>
    </testcase>
  </testsuite>
</testsuites>