<?xml version="1.0" encoding="UTF-8"?>
<testsuites tests="6" failures="0" errors="0" skipped="0">
  <testsuite timestamp="2025-05-16T16:35:47" time="1122.918" tests="6" failures="0" errors="0" skipped="0">
    <properties>
      <property name="specId" value="0" />
      <property name="suiteName" value="RU Inventory Mass State Change Multiple Items US151066" />
      <property name="capabilities" value="chrome.136_0_7103_93.windows" />
      <property name="file" value="file:///D:/a/1/s/test/specs/HTR/ru-inv-list-mass-state-change.spec.js" />
    </properties>
    <testcase classname="chrome.136_0_7103_93.windows.RU_Inventory_Mass_State_Change_Multiple_Items_US151066" name="Step 1 Should do a RU inventory mass state change on chosen yard 109 with the resources available one equipment multipart one tool pool" time="289.716">
      <system-out><![CDATA[
COMMAND: POST /session/5b1650577b6acd5a01838de84862d1f6/execute/async - {"script":"<script> [1562 bytes]","args":[{"selector":{"controlType":"sap.m.GenericTile","properties":{"header":"RU Inventory List"}},"wdio_ui5_key":"sapm.GenericTile{\"header\":\"RU Inventory List\"}"}]}
RESULT: {"script":"<script> [1562 bytes]","args":[{"selector":{"controlType":"sap.m.GenericTile","properties":{"header":"RU Inventory List"}},"wdio_ui5_key":"sapm.GenericTile{\"header\":\"RU Inventory List\"}"}]}
RESULT: undefined
COMMAND: POST /session/5b1650577b6acd5a01838de84862d1f6/element - {"using":"xpath","value":"//*[@id=\"__tile99\"]"}
RESULT: {"using":"xpath","value":"//*[@id=\"__tile99\"]"}
COMMAND: POST /session/5b1650577b6acd5a01838de84862d1f6/element/f.2029905E6D619BC8E09EAF6ED25AF0C5.d.D8A46E1E89919B973D3AB5B23AE3B9C8.e.260/click - {}
RESULT: {}
COMMAND: GET /session/5b1650577b6acd5a01838de84862d1f6/screenshot - {}
RESULT: {}
COMMAND: POST /session/5b1650577b6acd5a01838de84862d1f6/elements - {"using":"xpath","value":"//span[text()='Error']"}
RESULT: {"using":"xpath","value":"//span[text()='Error']"}
COMMAND: POST /session/5b1650577b6acd5a01838de84862d1f6/element - {"using":"xpath","value":"//button[contains(@id, \"massStateBtn\")]"}
RESULT: {"using":"xpath","value":"//button[contains(@id, \"massStateBtn\")]"}
COMMAND: POST /session/5b1650577b6acd5a01838de84862d1f6/elements - {"using":"xpath","value":"//button[contains(@id, \"massStateBtn\")]"}
RESULT: {"using":"xpath","value":"//button[contains(@id, \"massStateBtn\")]"}
COMMAND: POST /session/5b1650577b6acd5a01838de84862d1f6/elements - {"using":"xpath","value":"//button[contains(@id, \"massStateBtn\")]"}
RESULT: {"using":"xpath","value":"//button[contains(@id, \"massStateBtn\")]"}
COMMAND: POST /session/5b1650577b6acd5a01838de84862d1f6/elements - {"using":"xpath","value":"//button[contains(@id, \"massStateBtn\")]"}
RESULT: {"using":"xpath","value":"//button[contains(@id, \"massStateBtn\")]"}
COMMAND: POST /session/5b1650577b6acd5a01838de84862d1f6/elements - {"using":"xpath","value":"//button[contains(@id, \"massStateBtn\")]"}
RESULT: {"using":"xpath","value":"//button[contains(@id, \"massStateBtn\")]"}
COMMAND: POST /session/5b1650577b6acd5a01838de84862d1f6/elements - {"using":"xpath","value":"//button[contains(@id, \"massStateBtn\")]"}
RESULT: {"using":"xpath","value":"//button[contains(@id, \"massStateBtn\")]"}
COMMAND: POST /session/5b1650577b6acd5a01838de84862d1f6/elements - {"using":"xpath","value":"//button[contains(@id, \"massStateBtn\")]"}
RESULT: {"using":"xpath","value":"//button[contains(@id, \"massStateBtn\")]"}
COMMAND: POST /session/5b1650577b6acd5a01838de84862d1f6/elements - {"using":"xpath","value":"//button[contains(@id, \"massStateBtn\")]"}
RESULT: {"using":"xpath","value":"//button[contains(@id, \"massStateBtn\")]"}
COMMAND: POST /session/5b1650577b6acd5a01838de84862d1f6/elements - {"using":"xpath","value":"//button[contains(@id, \"massStateBtn\")]"}
RESULT: {"using":"xpath","value":"//button[contains(@id, \"massStateBtn\")]"}
COMMAND: POST /session/5b1650577b6acd5a01838de84862d1f6/elements - {"using":"xpath","value":"//button[contains(@id, \"massStateBtn\")]"}
RESULT: {"using":"xpath","value":"//button[contains(@id, \"massStateBtn\")]"}
COMMAND: POST /session/5b1650577b6acd5a01838de84862d1f6/elements - {"using":"xpath","value":"//button[contains(@id, \"massStateBtn\")]"}
RESULT: {"using":"xpath","value":"//button[contains(@id, \"massStateBtn\")]"}
COMMAND: POST /session/5b1650577b6acd5a01838de84862d1f6/elements - {"using":"xpath","value":"//button[contains(@id, \"massStateBtn\")]"}
RESULT: {"using":"xpath","value":"//button[contains(@id, \"massStateBtn\")]"}
COMMAND: POST /session/5b1650577b6acd5a01838de84862d1f6/elements - {"using":"xpath","value":"//button[contains(@id, \"massStateBtn\")]"}
RESULT: {"using":"xpath","value":"//button[contains(@id, \"massStateBtn\")]"}
COMMAND: POST /session/5b1650577b6acd5a01838de84862d1f6/elements - {"using":"xpath","value":"//button[contains(@id, \"massStateBtn\")]"}
RESULT: {"using":"xpath","value":"//button[contains(@id, \"massStateBtn\")]"}
COMMAND: POST /session/5b1650577b6acd5a01838de84862d1f6/elements - {"using":"xpath","value":"//button[contains(@id, \"massStateBtn\")]"}
RESULT: {"using":"xpath","value":"//button[contains(@id, \"massStateBtn\")]"}
COMMAND: POST /session/5b1650577b6acd5a01838de84862d1f6/elements - {"using":"xpath","value":"//button[contains(@id, \"massStateBtn\")]"}
RESULT: {"using":"xpath","value":"//button[contains(@id, \"massStateBtn\")]"}
COMMAND: POST /session/5b1650577b6acd5a01838de84862d1f6/elements - {"using":"xpath","value":"//button[contains(@id, \"massStateBtn\")]"}
RESULT: {"using":"xpath","value":"//button[contains(@id, \"massStateBtn\")]"}
COMMAND: POST /session/5b1650577b6acd5a01838de84862d1f6/element - {"using":"xpath","value":"//button[contains(@id, \"massStateBtn\")]"}
RESULT: {"using":"xpath","value":"//button[contains(@id, \"massStateBtn\")]"}
COMMAND: POST /session/5b1650577b6acd5a01838de84862d1f6/execute/sync - {"script":"<script> [8489 bytes]","args":[{"element-6066-11e4-a52e-4f735466cecf":"f.2029905E6D619BC8E09EAF6ED25AF0C5.d.D8A46E1E89919B973D3AB5B23AE3B9C8.e.295","ELEMENT":"f.2029905E6D619BC8E09EAF6ED25AF0C5.d.D8A46E1E89919B973D3AB5B23AE3B9C8.e.295"}]}
RESULT: {"script":"<script> [8489 bytes]","args":[{"element-6066-11e4-a52e-4f735466cecf":"f.2029905E6D619BC8E09EAF6ED25AF0C5.d.D8A46E1E89919B973D3AB5B23AE3B9C8.e.295","ELEMENT":"f.2029905E6D619BC8E09EAF6ED25AF0C5.d.D8A46E1E89919B973D3AB5B23AE3B9C8.e.295"}]}
COMMAND: GET /session/5b1650577b6acd5a01838de84862d1f6/element/f.2029905E6D619BC8E09EAF6ED25AF0C5.d.D8A46E1E89919B973D3AB5B23AE3B9C8.e.295/enabled - {}
RESULT: {}
COMMAND: POST /session/5b1650577b6acd5a01838de84862d1f6/execute/sync - {"script":"<script> [8489 bytes]","args":[{"element-6066-11e4-a52e-4f735466cecf":"f.2029905E6D619BC8E09EAF6ED25AF0C5.d.D8A46E1E89919B973D3AB5B23AE3B9C8.e.295","ELEMENT":"f.2029905E6D619BC8E09EAF6ED25AF0C5.d.D8A46E1E89919B973D3AB5B23AE3B9C8.e.295"}]}
RESULT: {"script":"<script> [8489 bytes]","args":[{"element-6066-11e4-a52e-4f735466cecf":"f.2029905E6D619BC8E09EAF6ED25AF0C5.d.D8A46E1E89919B973D3AB5B23AE3B9C8.e.295","ELEMENT":"f.2029905E6D619BC8E09EAF6ED25AF0C5.d.D8A46E1E89919B973D3AB5B23AE3B9C8.e.295"}]}
COMMAND: POST /session/5b1650577b6acd5a01838de84862d1f6/execute/sync - {"script":"<script> [5351 bytes]","args":[{"element-6066-11e4-a52e-4f735466cecf":"f.2029905E6D619BC8E09EAF6ED25AF0C5.d.D8A46E1E89919B973D3AB5B23AE3B9C8.e.295","ELEMENT":"f.2029905E6D619BC8E09EAF6ED25AF0C5.d.D8A46E1E89919B973D3AB5B23AE3B9C8.e.295"}]}
RESULT: {"script":"<script> [5351 bytes]","args":[{"element-6066-11e4-a52e-4f735466cecf":"f.2029905E6D619BC8E09EAF6ED25AF0C5.d.D8A46E1E89919B973D3AB5B23AE3B9C8.e.295","ELEMENT":"f.2029905E6D619BC8E09EAF6ED25AF0C5.d.D8A46E1E89919B973D3AB5B23AE3B9C8.e.295"}]}
COMMAND: POST /session/5b1650577b6acd5a01838de84862d1f6/element/f.2029905E6D619BC8E09EAF6ED25AF0C5.d.D8A46E1E89919B973D3AB5B23AE3B9C8.e.295/click - {}
COMMAND: GET /session/5b1650577b6acd5a01838de84862d1f6/screenshot - {}
COMMAND: GET /session/5b1650577b6acd5a01838de84862d1f6/screenshot - {}
COMMAND: GET /session/5b1650577b6acd5a01838de84862d1f6/screenshot - {}
COMMAND: GET /session/5b1650577b6acd5a01838de84862d1f6/screenshot - {}
RESULT: {}
COMMAND: GET /session/5b1650577b6acd5a01838de84862d1f6/screenshot - {}
RESULT: {}
RESULT: {}
RESULT: {}
RESULT: {}
RESULT: {}
COMMAND: POST /session/5b1650577b6acd5a01838de84862d1f6/execute/async - {"script":"<script> [1562 bytes]","args":[{"selector":{"id":"application-ruinventorylist-display-component---Master--ruLocationTypeComboBox-arrow"},"wdio_ui5_key":"applicationruinventorylist-display-component---Master--ruLocationTypeComboBox-arrow"}]}
RESULT: {"script":"<script> [1562 bytes]","args":[{"selector":{"id":"application-ruinventorylist-display-component---Master--ruLocationTypeComboBox-arrow"},"wdio_ui5_key":"applicationruinventorylist-display-component---Master--ruLocationTypeComboBox-arrow"}]}
RESULT: undefined
COMMAND: POST /session/5b1650577b6acd5a01838de84862d1f6/element - {"using":"xpath","value":"//*[@id=\"application-ruinventorylist-display-component---Master--ruLocationTypeComboBox-arrow\"]"}
RESULT: {"using":"xpath","value":"//*[@id=\"application-ruinventorylist-display-component---Master--ruLocationTypeComboBox-arrow\"]"}
COMMAND: POST /session/5b1650577b6acd5a01838de84862d1f6/element/f.2029905E6D619BC8E09EAF6ED25AF0C5.d.D8A46E1E89919B973D3AB5B23AE3B9C8.e.534/click - {}
RESULT: {}
COMMAND: GET /session/5b1650577b6acd5a01838de84862d1f6/screenshot - {}
RESULT: {}
COMMAND: POST /session/5b1650577b6acd5a01838de84862d1f6/element - {"using":"xpath","value":"//li[.//span[text()='Yard']]"}
RESULT: {"using":"xpath","value":"//li[.//span[text()='Yard']]"}
COMMAND: POST /session/5b1650577b6acd5a01838de84862d1f6/element/f.2029905E6D619BC8E09EAF6ED25AF0C5.d.D8A46E1E89919B973D3AB5B23AE3B9C8.e.535/click - {}
RESULT: {}
COMMAND: GET /session/5b1650577b6acd5a01838de84862d1f6/screenshot - {}
RESULT: {}
COMMAND: POST /session/5b1650577b6acd5a01838de84862d1f6/execute/async - {"script":"<script> [1562 bytes]","args":[{"selector":{"id":"application-ruinventorylist-display-component---Master--smartFilterBar-filterItemControl_BASIC-YARD-vhi"},"wdio_ui5_key":"applicationruinventorylist-display-component---Master--smartFilterBar-filterItemControl_BASIC-YARD-vhi"}]}
RESULT: {"script":"<script> [1562 bytes]","args":[{"selector":{"id":"application-ruinventorylist-display-component---Master--smartFilterBar-filterItemControl_BASIC-YARD-vhi"},"wdio_ui5_key":"applicationruinventorylist-display-component---Master--smartFilterBar-filterItemControl_BASIC-YARD-vhi"}]}
RESULT: undefined
COMMAND: POST /session/5b1650577b6acd5a01838de84862d1f6/element - {"using":"xpath","value":"//*[@id=\"application-ruinventorylist-display-component---Master--smartFilterBar-filterItemControl_BASIC-YARD-vhi\"]"}
RESULT: {"using":"xpath","value":"//*[@id=\"application-ruinventorylist-display-component---Master--smartFilterBar-filterItemControl_BASIC-YARD-vhi\"]"}
COMMAND: POST /session/5b1650577b6acd5a01838de84862d1f6/element/f.2029905E6D619BC8E09EAF6ED25AF0C5.d.D8A46E1E89919B973D3AB5B23AE3B9C8.e.575/click - {}
RESULT: {}
COMMAND: GET /session/5b1650577b6acd5a01838de84862d1f6/screenshot - {}
RESULT: {}
COMMAND: POST /session/5b1650577b6acd5a01838de84862d1f6/execute/async - {"script":"<script> [1562 bytes]","args":[{"selector":{"id":"application-ruinventorylist-display-component---Master--smartFilterBar-filterItemControl_BASIC-YARD-valueHelpDialog-smartFilterBar-btnBasicSearch","searchOpenDialogs":true,"interaction":{"idSuffix":"I"}},"wdio_ui5_key":"applicationruinventorylist-display-component---Master--smartFilterBar-filterItemControl_BASIC-YARD-valueHelpDialog-smartFilterBar-btnBasicSearch"}]}
RESULT: {"script":"<script> [1562 bytes]","args":[{"selector":{"id":"application-ruinventorylist-display-component---Master--smartFilterBar-filterItemControl_BASIC-YARD-valueHelpDialog-smartFilterBar-btnBasicSearch","searchOpenDialogs":true,"interaction":{"idSuffix":"I"}},"wdio_ui5_key":"applicationruinventorylist-display-component---Master--smartFilterBar-filterItemControl_BASIC-YARD-valueHelpDialog-smartFilterBar-btnBasicSearch"}]}
RESULT: undefined
COMMAND: POST /session/5b1650577b6acd5a01838de84862d1f6/execute/async - {"script":"<script> [776 bytes]","args":[{"enterText":"109","selector":{"id":"application-ruinventorylist-display-component---Master--smartFilterBar-filterItemControl_BASIC-YARD-valueHelpDialog-smartFilterBar-btnBasicSearch","searchOpenDialogs":true,"interaction":{"idSuffix":"I"}},"clearTextFirst":true,"interactionType":"ENTER_TEXT"}]}
RESULT: {"script":"<script> [776 bytes]","args":[{"enterText":"109","selector":{"id":"application-ruinventorylist-display-component---Master--smartFilterBar-filterItemControl_BASIC-YARD-valueHelpDialog-smartFilterBar-btnBasicSearch","searchOpenDialogs":true,"interaction":{"idSuffix":"I"}},"clearTextFirst":true,"interactionType":"ENTER_TEXT"}]}
COMMAND: POST /session/5b1650577b6acd5a01838de84862d1f6/actions - {"actions":[{"id":"action1","type":"key","parameters":{},"actions":[{"type":"keyDown","value":"î€‡"},{"type":"pause","duration":10},{"type":"keyUp","value":"î€‡"}]}]}
RESULT: {"actions":[{"id":"action1","type":"key","parameters":{},"actions":[{"type":"keyDown","value":"î€‡"},{"type":"pause","duration":10},{"type":"keyUp","value":"î€‡"}]}]}
COMMAND: GET /session/5b1650577b6acd5a01838de84862d1f6/screenshot - {}
RESULT: {}
COMMAND: POST /session/5b1650577b6acd5a01838de84862d1f6/elements - {"using":"xpath","value":"//table[contains(@id, \"filterItemControl_BASIC-YARD-valueHelpDialog-table-table\")]/tbody/tr"}
RESULT: {"using":"xpath","value":"//table[contains(@id, \"filterItemControl_BASIC-YARD-valueHelpDialog-table-table\")]/tbody/tr"}
COMMAND: POST /session/5b1650577b6acd5a01838de84862d1f6/element - {"using":"xpath","value":"//table[contains(@id, \"filterItemControl_BASIC-YARD-valueHelpDialog-table-table\")]/tbody/tr[1]/td[1]/div/span"}
RESULT: {"using":"xpath","value":"//table[contains(@id, \"filterItemControl_BASIC-YARD-valueHelpDialog-table-table\")]/tbody/tr[1]/td[1]/div/span"}
COMMAND: POST /session/5b1650577b6acd5a01838de84862d1f6/elements - {"using":"xpath","value":"//table[contains(@id, \"filterItemControl_BASIC-YARD-valueHelpDialog-table-table\")]/tbody/tr[1]/td[1]/div/span"}
RESULT: {"using":"xpath","value":"//table[contains(@id, \"filterItemControl_BASIC-YARD-valueHelpDialog-table-table\")]/tbody/tr[1]/td[1]/div/span"}
COMMAND: POST /session/5b1650577b6acd5a01838de84862d1f6/execute/sync - {"script":"<script> [56 bytes]","args":[{"element-6066-11e4-a52e-4f735466cecf":"f.2029905E6D619BC8E09EAF6ED25AF0C5.d.D8A46E1E89919B973D3AB5B23AE3B9C8.e.597","ELEMENT":"f.2029905E6D619BC8E09EAF6ED25AF0C5.d.D8A46E1E89919B973D3AB5B23AE3B9C8.e.597"}]}
RESULT: {"script":"<script> [56 bytes]","args":[{"element-6066-11e4-a52e-4f735466cecf":"f.2029905E6D619BC8E09EAF6ED25AF0C5.d.D8A46E1E89919B973D3AB5B23AE3B9C8.e.597","ELEMENT":"f.2029905E6D619BC8E09EAF6ED25AF0C5.d.D8A46E1E89919B973D3AB5B23AE3B9C8.e.597"}]}
COMMAND: POST /session/5b1650577b6acd5a01838de84862d1f6/element - {"using":"xpath","value":"//div[contains(@id, \"filterItemControl_BASIC-YARD-valueHelpDialog-table-rowsel0\")]"}
COMMAND: GET /session/5b1650577b6acd5a01838de84862d1f6/screenshot - {}
RESULT: {"using":"xpath","value":"//div[contains(@id, \"filterItemControl_BASIC-YARD-valueHelpDialog-table-rowsel0\")]"}
COMMAND: POST /session/5b1650577b6acd5a01838de84862d1f6/element/f.2029905E6D619BC8E09EAF6ED25AF0C5.d.D8A46E1E89919B973D3AB5B23AE3B9C8.e.598/click - {}
RESULT: {}
RESULT: {}
COMMAND: GET /session/5b1650577b6acd5a01838de84862d1f6/screenshot - {}
RESULT: {}
COMMAND: POST /session/5b1650577b6acd5a01838de84862d1f6/element - {"using":"xpath","value":"//div[contains(@id, \"smartFilterBar-filterItemControl_BASIC-YARD-valueHelpDialog-smartFilterBar-btnBasicSearch-reset\")]"}
RESULT: {"using":"xpath","value":"//div[contains(@id, \"smartFilterBar-filterItemControl_BASIC-YARD-valueHelpDialog-smartFilterBar-btnBasicSearch-reset\")]"}
COMMAND: POST /session/5b1650577b6acd5a01838de84862d1f6/element/f.2029905E6D619BC8E09EAF6ED25AF0C5.d.D8A46E1E89919B973D3AB5B23AE3B9C8.e.600/click - {}
RESULT: {}
RESULT: undefined
COMMAND: POST /session/5b1650577b6acd5a01838de84862d1f6/execute/async - {"script":"<script> [776 bytes]","args":[{"enterText":"OPA5_BST01_YARD1","selector":{"id":"application-ruinventorylist-display-component---Master--smartFilterBar-filterItemControl_BASIC-YARD-valueHelpDialog-smartFilterBar-btnBasicSearch","searchOpenDialogs":true,"interaction":{"idSuffix":"I"}},"clearTextFirst":true,"interactionType":"ENTER_TEXT"}]}
COMMAND: GET /session/5b1650577b6acd5a01838de84862d1f6/screenshot - {}
RESULT: {"script":"<script> [776 bytes]","args":[{"enterText":"OPA5_BST01_YARD1","selector":{"id":"application-ruinventorylist-display-component---Master--smartFilterBar-filterItemControl_BASIC-YARD-valueHelpDialog-smartFilterBar-btnBasicSearch","searchOpenDialogs":true,"interaction":{"idSuffix":"I"}},"clearTextFirst":true,"interactionType":"ENTER_TEXT"}]}
COMMAND: POST /session/5b1650577b6acd5a01838de84862d1f6/actions - {"actions":[{"id":"action2","type":"key","parameters":{},"actions":[{"type":"keyDown","value":"î€‡"},{"type":"pause","duration":10},{"type":"keyUp","value":"î€‡"}]}]}
RESULT: {}
RESULT: {"actions":[{"id":"action2","type":"key","parameters":{},"actions":[{"type":"keyDown","value":"î€‡"},{"type":"pause","duration":10},{"type":"keyUp","value":"î€‡"}]}]}
COMMAND: GET /session/5b1650577b6acd5a01838de84862d1f6/screenshot - {}
RESULT: {}
COMMAND: POST /session/5b1650577b6acd5a01838de84862d1f6/elements - {"using":"xpath","value":"//table[contains(@id, \"filterItemControl_BASIC-YARD-valueHelpDialog-table-table\")]/tbody/tr"}
RESULT: {"using":"xpath","value":"//table[contains(@id, \"filterItemControl_BASIC-YARD-valueHelpDialog-table-table\")]/tbody/tr"}
COMMAND: POST /session/5b1650577b6acd5a01838de84862d1f6/element - {"using":"xpath","value":"//table[contains(@id, \"filterItemControl_BASIC-YARD-valueHelpDialog-table-table\")]/tbody/tr[1]/td[1]/div/span"}
RESULT: {"using":"xpath","value":"//table[contains(@id, \"filterItemControl_BASIC-YARD-valueHelpDialog-table-table\")]/tbody/tr[1]/td[1]/div/span"}
COMMAND: POST /session/5b1650577b6acd5a01838de84862d1f6/elements - {"using":"xpath","value":"//table[contains(@id, \"filterItemControl_BASIC-YARD-valueHelpDialog-table-table\")]/tbody/tr[1]/td[1]/div/span"}
RESULT: {"using":"xpath","value":"//table[contains(@id, \"filterItemControl_BASIC-YARD-valueHelpDialog-table-table\")]/tbody/tr[1]/td[1]/div/span"}
COMMAND: POST /session/5b1650577b6acd5a01838de84862d1f6/execute/sync - {"script":"<script> [56 bytes]","args":[{"element-6066-11e4-a52e-4f735466cecf":"f.2029905E6D619BC8E09EAF6ED25AF0C5.d.D8A46E1E89919B973D3AB5B23AE3B9C8.e.597","ELEMENT":"f.2029905E6D619BC8E09EAF6ED25AF0C5.d.D8A46E1E89919B973D3AB5B23AE3B9C8.e.597"}]}
RESULT: {"script":"<script> [56 bytes]","args":[{"element-6066-11e4-a52e-4f735466cecf":"f.2029905E6D619BC8E09EAF6ED25AF0C5.d.D8A46E1E89919B973D3AB5B23AE3B9C8.e.597","ELEMENT":"f.2029905E6D619BC8E09EAF6ED25AF0C5.d.D8A46E1E89919B973D3AB5B23AE3B9C8.e.597"}]}
COMMAND: POST /session/5b1650577b6acd5a01838de84862d1f6/element - {"using":"xpath","value":"//div[contains(@id, \"filterItemControl_BASIC-YARD-valueHelpDialog-table-rowsel0\")]"}
COMMAND: GET /session/5b1650577b6acd5a01838de84862d1f6/screenshot - {}
RESULT: {"using":"xpath","value":"//div[contains(@id, \"filterItemControl_BASIC-YARD-valueHelpDialog-table-rowsel0\")]"}
COMMAND: POST /session/5b1650577b6acd5a01838de84862d1f6/element/f.2029905E6D619BC8E09EAF6ED25AF0C5.d.D8A46E1E89919B973D3AB5B23AE3B9C8.e.598/click - {}
RESULT: {}
RESULT: {}
COMMAND: GET /session/5b1650577b6acd5a01838de84862d1f6/screenshot - {}
RESULT: {}
COMMAND: POST /session/5b1650577b6acd5a01838de84862d1f6/element - {"using":"xpath","value":"(//bdi[contains(text(), \"OK\")])[1]"}
RESULT: {"using":"xpath","value":"(//bdi[contains(text(), \"OK\")])[1]"}
COMMAND: POST /session/5b1650577b6acd5a01838de84862d1f6/element/f.2029905E6D619BC8E09EAF6ED25AF0C5.d.D8A46E1E89919B973D3AB5B23AE3B9C8.e.601/click - {}
RESULT: {}
COMMAND: GET /session/5b1650577b6acd5a01838de84862d1f6/screenshot - {}
RESULT: {}
COMMAND: POST /session/5b1650577b6acd5a01838de84862d1f6/element - {"using":"xpath","value":"//span[@id=\"application-ruinventorylist-display-component---Master--smartTableRuInventoryList-header-inner\"]"}
RESULT: {"using":"xpath","value":"//span[@id=\"application-ruinventorylist-display-component---Master--smartTableRuInventoryList-header-inner\"]"}
COMMAND: POST /session/5b1650577b6acd5a01838de84862d1f6/elements - {"using":"xpath","value":"//span[@id=\"application-ruinventorylist-display-component---Master--smartTableRuInventoryList-header-inner\"]"}
RESULT: {"using":"xpath","value":"//span[@id=\"application-ruinventorylist-display-component---Master--smartTableRuInventoryList-header-inner\"]"}
COMMAND: POST /session/5b1650577b6acd5a01838de84862d1f6/execute/sync - {"script":"<script> [56 bytes]","args":[{"element-6066-11e4-a52e-4f735466cecf":"f.2029905E6D619BC8E09EAF6ED25AF0C5.d.D8A46E1E89919B973D3AB5B23AE3B9C8.e.735","ELEMENT":"f.2029905E6D619BC8E09EAF6ED25AF0C5.d.D8A46E1E89919B973D3AB5B23AE3B9C8.e.735"}]}
RESULT: {"script":"<script> [56 bytes]","args":[{"element-6066-11e4-a52e-4f735466cecf":"f.2029905E6D619BC8E09EAF6ED25AF0C5.d.D8A46E1E89919B973D3AB5B23AE3B9C8.e.735","ELEMENT":"f.2029905E6D619BC8E09EAF6ED25AF0C5.d.D8A46E1E89919B973D3AB5B23AE3B9C8.e.735"}]}
COMMAND: POST /session/5b1650577b6acd5a01838de84862d1f6/execute/async - {"script":"<script> [1562 bytes]","args":[{"selector":{"id":"application-ruinventorylist-display-component---Master--smartFilterBar-btnBasicSearch","interaction":{"idSuffix":"I"}},"wdio_ui5_key":"applicationruinventorylist-display-component---Master--smartFilterBar-btnBasicSearch"}]}
COMMAND: GET /session/5b1650577b6acd5a01838de84862d1f6/screenshot - {}
RESULT: {"script":"<script> [1562 bytes]","args":[{"selector":{"id":"application-ruinventorylist-display-component---Master--smartFilterBar-btnBasicSearch","interaction":{"idSuffix":"I"}},"wdio_ui5_key":"applicationruinventorylist-display-component---Master--smartFilterBar-btnBasicSearch"}]}
RESULT: undefined
COMMAND: POST /session/5b1650577b6acd5a01838de84862d1f6/execute/async - {"script":"<script> [776 bytes]","args":[{"enterText":"600002","selector":{"id":"application-ruinventorylist-display-component---Master--smartFilterBar-btnBasicSearch","interaction":{"idSuffix":"I"}},"clearTextFirst":true,"interactionType":"ENTER_TEXT"}]}
RESULT: {}
RESULT: {"script":"<script> [776 bytes]","args":[{"enterText":"600002","selector":{"id":"application-ruinventorylist-display-component---Master--smartFilterBar-btnBasicSearch","interaction":{"idSuffix":"I"}},"clearTextFirst":true,"interactionType":"ENTER_TEXT"}]}
COMMAND: POST /session/5b1650577b6acd5a01838de84862d1f6/actions - {"actions":[{"id":"action3","type":"key","parameters":{},"actions":[{"type":"keyDown","value":"î€‡"},{"type":"pause","duration":10},{"type":"keyUp","value":"î€‡"}]}]}
RESULT: {"actions":[{"id":"action3","type":"key","parameters":{},"actions":[{"type":"keyDown","value":"î€‡"},{"type":"pause","duration":10},{"type":"keyUp","value":"î€‡"}]}]}
COMMAND: GET /session/5b1650577b6acd5a01838de84862d1f6/screenshot - {}
RESULT: {}
COMMAND: POST /session/5b1650577b6acd5a01838de84862d1f6/element - {"using":"xpath","value":"//span[@id=\"application-ruinventorylist-display-component---Master--smartTableRuInventoryList-header-inner\"]"}
RESULT: {"using":"xpath","value":"//span[@id=\"application-ruinventorylist-display-component---Master--smartTableRuInventoryList-header-inner\"]"}
COMMAND: POST /session/5b1650577b6acd5a01838de84862d1f6/elements - {"using":"xpath","value":"//span[@id=\"application-ruinventorylist-display-component---Master--smartTableRuInventoryList-header-inner\"]"}
RESULT: {"using":"xpath","value":"//span[@id=\"application-ruinventorylist-display-component---Master--smartTableRuInventoryList-header-inner\"]"}
COMMAND: POST /session/5b1650577b6acd5a01838de84862d1f6/execute/sync - {"script":"<script> [56 bytes]","args":[{"element-6066-11e4-a52e-4f735466cecf":"f.2029905E6D619BC8E09EAF6ED25AF0C5.d.D8A46E1E89919B973D3AB5B23AE3B9C8.e.735","ELEMENT":"f.2029905E6D619BC8E09EAF6ED25AF0C5.d.D8A46E1E89919B973D3AB5B23AE3B9C8.e.735"}]}
RESULT: {"script":"<script> [56 bytes]","args":[{"element-6066-11e4-a52e-4f735466cecf":"f.2029905E6D619BC8E09EAF6ED25AF0C5.d.D8A46E1E89919B973D3AB5B23AE3B9C8.e.735","ELEMENT":"f.2029905E6D619BC8E09EAF6ED25AF0C5.d.D8A46E1E89919B973D3AB5B23AE3B9C8.e.735"}]}
COMMAND: POST /session/5b1650577b6acd5a01838de84862d1f6/element - {"using":"xpath","value":"//table[contains(@id, \"application-ruinventorylist-display-component---Master--tableRuInventoryList-listUl\")]/tbody/tr[1]/td[2]/div/div"}
COMMAND: GET /session/5b1650577b6acd5a01838de84862d1f6/screenshot - {}
RESULT: {"using":"xpath","value":"//table[contains(@id, \"application-ruinventorylist-display-component---Master--tableRuInventoryList-listUl\")]/tbody/tr[1]/td[2]/div/div"}
COMMAND: POST /session/5b1650577b6acd5a01838de84862d1f6/element/f.2029905E6D619BC8E09EAF6ED25AF0C5.d.D8A46E1E89919B973D3AB5B23AE3B9C8.e.741/click - {}
RESULT: {}
RESULT: {}
COMMAND: GET /session/5b1650577b6acd5a01838de84862d1f6/screenshot - {}
RESULT: {}
COMMAND: POST /session/5b1650577b6acd5a01838de84862d1f6/element - {"using":"xpath","value":"//div[contains(@id, \"smartFilterBar-btnBasicSearch-reset\")]"}
RESULT: {"using":"xpath","value":"//div[contains(@id, \"smartFilterBar-btnBasicSearch-reset\")]"}
COMMAND: POST /session/5b1650577b6acd5a01838de84862d1f6/element/f.2029905E6D619BC8E09EAF6ED25AF0C5.d.D8A46E1E89919B973D3AB5B23AE3B9C8.e.751/click - {}
RESULT: {}
COMMAND: GET /session/5b1650577b6acd5a01838de84862d1f6/screenshot - {}
RESULT: {}
RESULT: undefined
COMMAND: POST /session/5b1650577b6acd5a01838de84862d1f6/execute/async - {"script":"<script> [776 bytes]","args":[{"enterText":"401002","selector":{"id":"application-ruinventorylist-display-component---Master--smartFilterBar-btnBasicSearch","interaction":{"idSuffix":"I"}},"clearTextFirst":true,"interactionType":"ENTER_TEXT"}]}
RESULT: {"script":"<script> [776 bytes]","args":[{"enterText":"401002","selector":{"id":"application-ruinventorylist-display-component---Master--smartFilterBar-btnBasicSearch","interaction":{"idSuffix":"I"}},"clearTextFirst":true,"interactionType":"ENTER_TEXT"}]}
COMMAND: POST /session/5b1650577b6acd5a01838de84862d1f6/actions - {"actions":[{"id":"action4","type":"key","parameters":{},"actions":[{"type":"keyDown","value":"î€‡"},{"type":"pause","duration":10},{"type":"keyUp","value":"î€‡"}]}]}
RESULT: {"actions":[{"id":"action4","type":"key","parameters":{},"actions":[{"type":"keyDown","value":"î€‡"},{"type":"pause","duration":10},{"type":"keyUp","value":"î€‡"}]}]}
COMMAND: GET /session/5b1650577b6acd5a01838de84862d1f6/screenshot - {}
RESULT: {}
COMMAND: POST /session/5b1650577b6acd5a01838de84862d1f6/element - {"using":"xpath","value":"//span[@id=\"application-ruinventorylist-display-component---Master--smartTableRuInventoryList-header-inner\"]"}
RESULT: {"using":"xpath","value":"//span[@id=\"application-ruinventorylist-display-component---Master--smartTableRuInventoryList-header-inner\"]"}
COMMAND: POST /session/5b1650577b6acd5a01838de84862d1f6/elements - {"using":"xpath","value":"//span[@id=\"application-ruinventorylist-display-component---Master--smartTableRuInventoryList-header-inner\"]"}
RESULT: {"using":"xpath","value":"//span[@id=\"application-ruinventorylist-display-component---Master--smartTableRuInventoryList-header-inner\"]"}
COMMAND: POST /session/5b1650577b6acd5a01838de84862d1f6/execute/sync - {"script":"<script> [56 bytes]","args":[{"element-6066-11e4-a52e-4f735466cecf":"f.2029905E6D619BC8E09EAF6ED25AF0C5.d.D8A46E1E89919B973D3AB5B23AE3B9C8.e.735","ELEMENT":"f.2029905E6D619BC8E09EAF6ED25AF0C5.d.D8A46E1E89919B973D3AB5B23AE3B9C8.e.735"}]}
RESULT: {"script":"<script> [56 bytes]","args":[{"element-6066-11e4-a52e-4f735466cecf":"f.2029905E6D619BC8E09EAF6ED25AF0C5.d.D8A46E1E89919B973D3AB5B23AE3B9C8.e.735","ELEMENT":"f.2029905E6D619BC8E09EAF6ED25AF0C5.d.D8A46E1E89919B973D3AB5B23AE3B9C8.e.735"}]}
COMMAND: POST /session/5b1650577b6acd5a01838de84862d1f6/element - {"using":"xpath","value":"//table[contains(@id, \"application-ruinventorylist-display-component---Master--tableRuInventoryList-listUl\")]/tbody/tr[1]/td[2]/div/div"}
COMMAND: GET /session/5b1650577b6acd5a01838de84862d1f6/screenshot - {}
RESULT: {"using":"xpath","value":"//table[contains(@id, \"application-ruinventorylist-display-component---Master--tableRuInventoryList-listUl\")]/tbody/tr[1]/td[2]/div/div"}
COMMAND: POST /session/5b1650577b6acd5a01838de84862d1f6/element/f.2029905E6D619BC8E09EAF6ED25AF0C5.d.D8A46E1E89919B973D3AB5B23AE3B9C8.e.887/click - {}
RESULT: {}
RESULT: {}
COMMAND: GET /session/5b1650577b6acd5a01838de84862d1f6/screenshot - {}
RESULT: {}
COMMAND: POST /session/5b1650577b6acd5a01838de84862d1f6/element - {"using":"xpath","value":"//div[contains(@id, \"smartFilterBar-btnBasicSearch-reset\")]"}
RESULT: {"using":"xpath","value":"//div[contains(@id, \"smartFilterBar-btnBasicSearch-reset\")]"}
COMMAND: POST /session/5b1650577b6acd5a01838de84862d1f6/element/f.2029905E6D619BC8E09EAF6ED25AF0C5.d.D8A46E1E89919B973D3AB5B23AE3B9C8.e.751/click - {}
RESULT: {}
COMMAND: GET /session/5b1650577b6acd5a01838de84862d1f6/screenshot - {}
RESULT: {}
COMMAND: POST /session/5b1650577b6acd5a01838de84862d1f6/element/f.2029905E6D619BC8E09EAF6ED25AF0C5.d.D8A46E1E89919B973D3AB5B23AE3B9C8.e.295/click - {}
RESULT: {}
COMMAND: GET /session/5b1650577b6acd5a01838de84862d1f6/screenshot - {}
RESULT: {}
COMMAND: POST /session/5b1650577b6acd5a01838de84862d1f6/execute/async - {"script":"<script> [1562 bytes]","args":[{"selector":{"controlType":"sap.m.Title","viewName":"etm.portal.ui.ruinventorylist.view.Master","viewId":"application-ruinventorylist-display-component---Master","properties":{"text":"Mass State Change"},"searchOpenDialogs":true},"wdio_ui5_key":"etmportal.ui.ruinventorylist.view.Mastersap.m.Title{\"text\":\"Mass State Change\"}"}]}
RESULT: {"script":"<script> [1562 bytes]","args":[{"selector":{"controlType":"sap.m.Title","viewName":"etm.portal.ui.ruinventorylist.view.Master","viewId":"application-ruinventorylist-display-component---Master","properties":{"text":"Mass State Change"},"searchOpenDialogs":true},"wdio_ui5_key":"etmportal.ui.ruinventorylist.view.Mastersap.m.Title{\"text\":\"Mass State Change\"}"}]}
RESULT: undefined
COMMAND: POST /session/5b1650577b6acd5a01838de84862d1f6/execute/async - {"script":"<script> [6424 bytes]","args":[{"element-6066-11e4-a52e-4f735466cecf":"f.2029905E6D619BC8E09EAF6ED25AF0C5.d.D8A46E1E89919B973D3AB5B23AE3B9C8.e.1045"},"getText",[]]}
RESULT: {"script":"<script> [6424 bytes]","args":[{"element-6066-11e4-a52e-4f735466cecf":"f.2029905E6D619BC8E09EAF6ED25AF0C5.d.D8A46E1E89919B973D3AB5B23AE3B9C8.e.1045"},"getText",[]]}
COMMAND: POST /session/5b1650577b6acd5a01838de84862d1f6/element - {"using":"xpath","value":"(//bdi[contains(text(), \"OK\")])[1]"}
RESULT: {"using":"xpath","value":"(//bdi[contains(text(), \"OK\")])[1]"}
COMMAND: POST /session/5b1650577b6acd5a01838de84862d1f6/element/f.2029905E6D619BC8E09EAF6ED25AF0C5.d.D8A46E1E89919B973D3AB5B23AE3B9C8.e.1046/click - {}
RESULT: {}
COMMAND: GET /session/5b1650577b6acd5a01838de84862d1f6/screenshot - {}
RESULT: {}
COMMAND: POST /session/5b1650577b6acd5a01838de84862d1f6/element - {"using":"css selector","value":"div.sapMMessageBoxError"}
RESULT: {"using":"css selector","value":"div.sapMMessageBoxError"}
COMMAND: POST /session/5b1650577b6acd5a01838de84862d1f6/elements - {"using":"css selector","value":"div.sapMMessageBoxError"}
RESULT: {"using":"css selector","value":"div.sapMMessageBoxError"}
COMMAND: POST /session/5b1650577b6acd5a01838de84862d1f6/element - {"using":"xpath","value":"(//bdi[contains(text(), \"Close\")])[1]"}
RESULT: {"using":"xpath","value":"(//bdi[contains(text(), \"Close\")])[1]"}
COMMAND: POST /session/5b1650577b6acd5a01838de84862d1f6/element/f.2029905E6D619BC8E09EAF6ED25AF0C5.d.D8A46E1E89919B973D3AB5B23AE3B9C8.e.1051/click - {}
RESULT: {}
COMMAND: GET /session/5b1650577b6acd5a01838de84862d1f6/screenshot - {}
RESULT: {}
COMMAND: POST /session/5b1650577b6acd5a01838de84862d1f6/execute/async - {"script":"<script> [1562 bytes]","args":[{"selector":{"id":"application-ruinventorylist-display-component---Master--ruStateTypes-arrow","searchOpenDialogs":true},"wdio_ui5_key":"applicationruinventorylist-display-component---Master--ruStateTypes-arrow"}]}
RESULT: {"script":"<script> [1562 bytes]","args":[{"selector":{"id":"application-ruinventorylist-display-component---Master--ruStateTypes-arrow","searchOpenDialogs":true},"wdio_ui5_key":"applicationruinventorylist-display-component---Master--ruStateTypes-arrow"}]}
RESULT: undefined
COMMAND: POST /session/5b1650577b6acd5a01838de84862d1f6/element - {"using":"xpath","value":"//*[@id=\"application-ruinventorylist-display-component---Master--ruStateTypes-arrow\"]"}
RESULT: {"using":"xpath","value":"//*[@id=\"application-ruinventorylist-display-component---Master--ruStateTypes-arrow\"]"}
COMMAND: POST /session/5b1650577b6acd5a01838de84862d1f6/element/f.2029905E6D619BC8E09EAF6ED25AF0C5.d.D8A46E1E89919B973D3AB5B23AE3B9C8.e.1052/click - {}
RESULT: {}
COMMAND: GET /session/5b1650577b6acd5a01838de84862d1f6/screenshot - {}
RESULT: {}
COMMAND: POST /session/5b1650577b6acd5a01838de84862d1f6/element - {"using":"xpath","value":"//li[.//span[text()=\"defect\"]]"}
RESULT: {"using":"xpath","value":"//li[.//span[text()=\"defect\"]]"}
COMMAND: POST /session/5b1650577b6acd5a01838de84862d1f6/element/f.2029905E6D619BC8E09EAF6ED25AF0C5.d.D8A46E1E89919B973D3AB5B23AE3B9C8.e.1053/click - {}
RESULT: {}
COMMAND: GET /session/5b1650577b6acd5a01838de84862d1f6/screenshot - {}
RESULT: {}
COMMAND: POST /session/5b1650577b6acd5a01838de84862d1f6/element - {"using":"xpath","value":"(//span[@data-kt=\"trashMassStateChangeIcon\"])[1]"}
RESULT: {"using":"xpath","value":"(//span[@data-kt=\"trashMassStateChangeIcon\"])[1]"}
COMMAND: POST /session/5b1650577b6acd5a01838de84862d1f6/element/f.2029905E6D619BC8E09EAF6ED25AF0C5.d.D8A46E1E89919B973D3AB5B23AE3B9C8.e.1054/click - {}
RESULT: {}
COMMAND: GET /session/5b1650577b6acd5a01838de84862d1f6/screenshot - {}
RESULT: {}
COMMAND: POST /session/5b1650577b6acd5a01838de84862d1f6/element - {"using":"xpath","value":"//table[contains(@id, \"massStateChangeTable-listUl\")]/tbody/tr[1]/td[11]/div/div/div/input"}
RESULT: {"using":"xpath","value":"//table[contains(@id, \"massStateChangeTable-listUl\")]/tbody/tr[1]/td[11]/div/div/div/input"}
COMMAND: GET /session/5b1650577b6acd5a01838de84862d1f6/element/f.2029905E6D619BC8E09EAF6ED25AF0C5.d.D8A46E1E89919B973D3AB5B23AE3B9C8.e.1038/property/value - {}
RESULT: {}
COMMAND: POST /session/5b1650577b6acd5a01838de84862d1f6/element - {"using":"xpath","value":"(//span[@data-kt=\"trashMassStateChangeIcon\"])[2]"}
COMMAND: GET /session/5b1650577b6acd5a01838de84862d1f6/screenshot - {}
RESULT: {"using":"xpath","value":"(//span[@data-kt=\"trashMassStateChangeIcon\"])[2]"}
COMMAND: POST /session/5b1650577b6acd5a01838de84862d1f6/element/f.2029905E6D619BC8E09EAF6ED25AF0C5.d.D8A46E1E89919B973D3AB5B23AE3B9C8.e.1056/click - {}
RESULT: {}
RESULT: {}
COMMAND: GET /session/5b1650577b6acd5a01838de84862d1f6/screenshot - {}
RESULT: {}
COMMAND: POST /session/5b1650577b6acd5a01838de84862d1f6/element - {"using":"xpath","value":"//table[contains(@id, \"massStateChangeTable-listUl\")]/tbody/tr[2]/td[11]/div/div/div/input"}
RESULT: {"using":"xpath","value":"//table[contains(@id, \"massStateChangeTable-listUl\")]/tbody/tr[2]/td[11]/div/div/div/input"}
COMMAND: GET /session/5b1650577b6acd5a01838de84862d1f6/element/f.2029905E6D619BC8E09EAF6ED25AF0C5.d.D8A46E1E89919B973D3AB5B23AE3B9C8.e.1042/property/value - {}
RESULT: {}
COMMAND: POST /session/5b1650577b6acd5a01838de84862d1f6/element - {"using":"xpath","value":"//table[contains(@id, \"massStateChangeTable-listUl\")]/tbody/tr[1]/td[10]/div/span/span[1]"}
COMMAND: GET /session/5b1650577b6acd5a01838de84862d1f6/screenshot - {}
RESULT: {"using":"xpath","value":"//table[contains(@id, \"massStateChangeTable-listUl\")]/tbody/tr[1]/td[10]/div/span/span[1]"}
COMMAND: POST /session/5b1650577b6acd5a01838de84862d1f6/execute/sync - {"script":"<script> [56 bytes]","args":[{"element-6066-11e4-a52e-4f735466cecf":"f.2029905E6D619BC8E09EAF6ED25AF0C5.d.D8A46E1E89919B973D3AB5B23AE3B9C8.e.1058","ELEMENT":"f.2029905E6D619BC8E09EAF6ED25AF0C5.d.D8A46E1E89919B973D3AB5B23AE3B9C8.e.1058"}]}
RESULT: {}
RESULT: {"script":"<script> [56 bytes]","args":[{"element-6066-11e4-a52e-4f735466cecf":"f.2029905E6D619BC8E09EAF6ED25AF0C5.d.D8A46E1E89919B973D3AB5B23AE3B9C8.e.1058","ELEMENT":"f.2029905E6D619BC8E09EAF6ED25AF0C5.d.D8A46E1E89919B973D3AB5B23AE3B9C8.e.1058"}]}
COMMAND: POST /session/5b1650577b6acd5a01838de84862d1f6/element - {"using":"xpath","value":"//table[contains(@id, \"massStateChangeTable-listUl\")]/tbody/tr[1]/td[11]/div/div/div/div[2]/span"}
COMMAND: GET /session/5b1650577b6acd5a01838de84862d1f6/screenshot - {}
RESULT: {"using":"xpath","value":"//table[contains(@id, \"massStateChangeTable-listUl\")]/tbody/tr[1]/td[11]/div/div/div/div[2]/span"}
COMMAND: POST /session/5b1650577b6acd5a01838de84862d1f6/element/f.2029905E6D619BC8E09EAF6ED25AF0C5.d.D8A46E1E89919B973D3AB5B23AE3B9C8.e.1059/click - {}
RESULT: {}
RESULT: {}
COMMAND: GET /session/5b1650577b6acd5a01838de84862d1f6/screenshot - {}
RESULT: {}
COMMAND: POST /session/5b1650577b6acd5a01838de84862d1f6/element - {"using":"xpath","value":"//table[contains(@id, \"massStateChangeTable-listUl\")]/tbody/tr[1]/td[11]/div/div/div/div[2]/span"}
RESULT: {"using":"xpath","value":"//table[contains(@id, \"massStateChangeTable-listUl\")]/tbody/tr[1]/td[11]/div/div/div/div[2]/span"}
COMMAND: POST /session/5b1650577b6acd5a01838de84862d1f6/element/f.2029905E6D619BC8E09EAF6ED25AF0C5.d.D8A46E1E89919B973D3AB5B23AE3B9C8.e.1059/click - {}
RESULT: {}
COMMAND: GET /session/5b1650577b6acd5a01838de84862d1f6/screenshot - {}
RESULT: {}
COMMAND: POST /session/5b1650577b6acd5a01838de84862d1f6/element - {"using":"xpath","value":"//table[contains(@id, \"massStateChangeTable-listUl\")]/tbody/tr[1]/td[11]/div/div/div/div[2]/span"}
RESULT: {"using":"xpath","value":"//table[contains(@id, \"massStateChangeTable-listUl\")]/tbody/tr[1]/td[11]/div/div/div/div[2]/span"}
COMMAND: POST /session/5b1650577b6acd5a01838de84862d1f6/element/f.2029905E6D619BC8E09EAF6ED25AF0C5.d.D8A46E1E89919B973D3AB5B23AE3B9C8.e.1059/click - {}
RESULT: {}
COMMAND: GET /session/5b1650577b6acd5a01838de84862d1f6/screenshot - {}
RESULT: {}
COMMAND: POST /session/5b1650577b6acd5a01838de84862d1f6/element - {"using":"xpath","value":"//table[contains(@id, \"massStateChangeTable-listUl\")]/tbody/tr[1]/td[11]/div/div/div/div[2]/span"}
RESULT: {"using":"xpath","value":"//table[contains(@id, \"massStateChangeTable-listUl\")]/tbody/tr[1]/td[11]/div/div/div/div[2]/span"}
COMMAND: POST /session/5b1650577b6acd5a01838de84862d1f6/element/f.2029905E6D619BC8E09EAF6ED25AF0C5.d.D8A46E1E89919B973D3AB5B23AE3B9C8.e.1059/click - {}
RESULT: {}
COMMAND: GET /session/5b1650577b6acd5a01838de84862d1f6/screenshot - {}
RESULT: {}
COMMAND: POST /session/5b1650577b6acd5a01838de84862d1f6/element - {"using":"xpath","value":"//table[contains(@id, \"massStateChangeTable-listUl\")]/tbody/tr[1]/td[11]/div/div/div/div[2]/span"}
RESULT: {"using":"xpath","value":"//table[contains(@id, \"massStateChangeTable-listUl\")]/tbody/tr[1]/td[11]/div/div/div/div[2]/span"}
COMMAND: POST /session/5b1650577b6acd5a01838de84862d1f6/element/f.2029905E6D619BC8E09EAF6ED25AF0C5.d.D8A46E1E89919B973D3AB5B23AE3B9C8.e.1059/click - {}
RESULT: {}
COMMAND: GET /session/5b1650577b6acd5a01838de84862d1f6/screenshot - {}
RESULT: {}
COMMAND: POST /session/5b1650577b6acd5a01838de84862d1f6/element - {"using":"xpath","value":"//table[contains(@id, \"massStateChangeTable-listUl\")]/tbody/tr[1]/td[11]/div/div/div/div[2]/span"}
RESULT: {"using":"xpath","value":"//table[contains(@id, \"massStateChangeTable-listUl\")]/tbody/tr[1]/td[11]/div/div/div/div[2]/span"}
COMMAND: POST /session/5b1650577b6acd5a01838de84862d1f6/element/f.2029905E6D619BC8E09EAF6ED25AF0C5.d.D8A46E1E89919B973D3AB5B23AE3B9C8.e.1059/click - {}
RESULT: {}
COMMAND: GET /session/5b1650577b6acd5a01838de84862d1f6/screenshot - {}
RESULT: {}
COMMAND: POST /session/5b1650577b6acd5a01838de84862d1f6/element - {"using":"xpath","value":"//table[contains(@id, \"massStateChangeTable-listUl\")]/tbody/tr[1]/td[11]/div/div/div/div[2]/span"}
RESULT: {"using":"xpath","value":"//table[contains(@id, \"massStateChangeTable-listUl\")]/tbody/tr[1]/td[11]/div/div/div/div[2]/span"}
COMMAND: POST /session/5b1650577b6acd5a01838de84862d1f6/element/f.2029905E6D619BC8E09EAF6ED25AF0C5.d.D8A46E1E89919B973D3AB5B23AE3B9C8.e.1059/click - {}
RESULT: {}
COMMAND: GET /session/5b1650577b6acd5a01838de84862d1f6/screenshot - {}
RESULT: {}
COMMAND: POST /session/5b1650577b6acd5a01838de84862d1f6/element - {"using":"xpath","value":"//table[contains(@id, \"massStateChangeTable-listUl\")]/tbody/tr[1]/td[11]/div/div/div/div[2]/span"}
RESULT: {"using":"xpath","value":"//table[contains(@id, \"massStateChangeTable-listUl\")]/tbody/tr[1]/td[11]/div/div/div/div[2]/span"}
COMMAND: POST /session/5b1650577b6acd5a01838de84862d1f6/element/f.2029905E6D619BC8E09EAF6ED25AF0C5.d.D8A46E1E89919B973D3AB5B23AE3B9C8.e.1059/click - {}
RESULT: {}
COMMAND: GET /session/5b1650577b6acd5a01838de84862d1f6/screenshot - {}
RESULT: {}
COMMAND: POST /session/5b1650577b6acd5a01838de84862d1f6/element - {"using":"xpath","value":"//table[contains(@id, \"massStateChangeTable-listUl\")]/tbody/tr[1]/td[11]/div/div/div/div[2]/span"}
RESULT: {"using":"xpath","value":"//table[contains(@id, \"massStateChangeTable-listUl\")]/tbody/tr[1]/td[11]/div/div/div/div[2]/span"}
COMMAND: POST /session/5b1650577b6acd5a01838de84862d1f6/element/f.2029905E6D619BC8E09EAF6ED25AF0C5.d.D8A46E1E89919B973D3AB5B23AE3B9C8.e.1059/click - {}
RESULT: {}
COMMAND: GET /session/5b1650577b6acd5a01838de84862d1f6/screenshot - {}
RESULT: {}
COMMAND: POST /session/5b1650577b6acd5a01838de84862d1f6/element - {"using":"xpath","value":"//table[contains(@id, \"massStateChangeTable-listUl\")]/tbody/tr[1]/td[11]/div/div/div/div[2]/span"}
RESULT: {"using":"xpath","value":"//table[contains(@id, \"massStateChangeTable-listUl\")]/tbody/tr[1]/td[11]/div/div/div/div[2]/span"}
COMMAND: POST /session/5b1650577b6acd5a01838de84862d1f6/element/f.2029905E6D619BC8E09EAF6ED25AF0C5.d.D8A46E1E89919B973D3AB5B23AE3B9C8.e.1059/click - {}
RESULT: {}
COMMAND: GET /session/5b1650577b6acd5a01838de84862d1f6/screenshot - {}
RESULT: {}
COMMAND: POST /session/5b1650577b6acd5a01838de84862d1f6/element - {"using":"xpath","value":"//table[contains(@id, \"massStateChangeTable-listUl\")]/tbody/tr[1]/td[11]/div/div/div/div[2]/span"}
RESULT: {"using":"xpath","value":"//table[contains(@id, \"massStateChangeTable-listUl\")]/tbody/tr[1]/td[11]/div/div/div/div[2]/span"}
COMMAND: POST /session/5b1650577b6acd5a01838de84862d1f6/element/f.2029905E6D619BC8E09EAF6ED25AF0C5.d.D8A46E1E89919B973D3AB5B23AE3B9C8.e.1059/click - {}
RESULT: {}
COMMAND: GET /session/5b1650577b6acd5a01838de84862d1f6/screenshot - {}
RESULT: {}
COMMAND: POST /session/5b1650577b6acd5a01838de84862d1f6/element - {"using":"xpath","value":"//table[contains(@id, \"massStateChangeTable-listUl\")]/tbody/tr[1]/td[11]/div/div/div/div[2]/span"}
RESULT: {"using":"xpath","value":"//table[contains(@id, \"massStateChangeTable-listUl\")]/tbody/tr[1]/td[11]/div/div/div/div[2]/span"}
COMMAND: POST /session/5b1650577b6acd5a01838de84862d1f6/element/f.2029905E6D619BC8E09EAF6ED25AF0C5.d.D8A46E1E89919B973D3AB5B23AE3B9C8.e.1059/click - {}
RESULT: {}
COMMAND: GET /session/5b1650577b6acd5a01838de84862d1f6/screenshot - {}
RESULT: {}
COMMAND: POST /session/5b1650577b6acd5a01838de84862d1f6/element - {"using":"xpath","value":"//table[contains(@id, \"massStateChangeTable-listUl\")]/tbody/tr[1]/td[11]/div/div/div/div[2]/span"}
RESULT: {"using":"xpath","value":"//table[contains(@id, \"massStateChangeTable-listUl\")]/tbody/tr[1]/td[11]/div/div/div/div[2]/span"}
COMMAND: POST /session/5b1650577b6acd5a01838de84862d1f6/element/f.2029905E6D619BC8E09EAF6ED25AF0C5.d.D8A46E1E89919B973D3AB5B23AE3B9C8.e.1059/click - {}
RESULT: {}
COMMAND: GET /session/5b1650577b6acd5a01838de84862d1f6/screenshot - {}
RESULT: {}
COMMAND: POST /session/5b1650577b6acd5a01838de84862d1f6/element - {"using":"xpath","value":"//table[contains(@id, \"massStateChangeTable-listUl\")]/tbody/tr[1]/td[11]/div/div/div/div[2]/span"}
RESULT: {"using":"xpath","value":"//table[contains(@id, \"massStateChangeTable-listUl\")]/tbody/tr[1]/td[11]/div/div/div/div[2]/span"}
COMMAND: POST /session/5b1650577b6acd5a01838de84862d1f6/element/f.2029905E6D619BC8E09EAF6ED25AF0C5.d.D8A46E1E89919B973D3AB5B23AE3B9C8.e.1059/click - {}
RESULT: {}
COMMAND: GET /session/5b1650577b6acd5a01838de84862d1f6/screenshot - {}
RESULT: {}
COMMAND: POST /session/5b1650577b6acd5a01838de84862d1f6/element - {"using":"xpath","value":"//table[contains(@id, \"massStateChangeTable-listUl\")]/tbody/tr[1]/td[11]/div/div/div/div[2]/span"}
RESULT: {"using":"xpath","value":"//table[contains(@id, \"massStateChangeTable-listUl\")]/tbody/tr[1]/td[11]/div/div/div/div[2]/span"}
COMMAND: POST /session/5b1650577b6acd5a01838de84862d1f6/element/f.2029905E6D619BC8E09EAF6ED25AF0C5.d.D8A46E1E89919B973D3AB5B23AE3B9C8.e.1059/click - {}
RESULT: {}
COMMAND: GET /session/5b1650577b6acd5a01838de84862d1f6/screenshot - {}
RESULT: {}
COMMAND: POST /session/5b1650577b6acd5a01838de84862d1f6/element - {"using":"xpath","value":"//table[contains(@id, \"massStateChangeTable-listUl\")]/tbody/tr[1]/td[11]/div/div/div/div[2]/span"}
RESULT: {"using":"xpath","value":"//table[contains(@id, \"massStateChangeTable-listUl\")]/tbody/tr[1]/td[11]/div/div/div/div[2]/span"}
COMMAND: POST /session/5b1650577b6acd5a01838de84862d1f6/element/f.2029905E6D619BC8E09EAF6ED25AF0C5.d.D8A46E1E89919B973D3AB5B23AE3B9C8.e.1059/click - {}
RESULT: {}
COMMAND: GET /session/5b1650577b6acd5a01838de84862d1f6/screenshot - {}
RESULT: {}
COMMAND: POST /session/5b1650577b6acd5a01838de84862d1f6/element - {"using":"xpath","value":"//table[contains(@id, \"massStateChangeTable-listUl\")]/tbody/tr[1]/td[11]/div/div/div/div[2]/span"}
RESULT: {"using":"xpath","value":"//table[contains(@id, \"massStateChangeTable-listUl\")]/tbody/tr[1]/td[11]/div/div/div/div[2]/span"}
COMMAND: POST /session/5b1650577b6acd5a01838de84862d1f6/element/f.2029905E6D619BC8E09EAF6ED25AF0C5.d.D8A46E1E89919B973D3AB5B23AE3B9C8.e.1059/click - {}
RESULT: {}
COMMAND: GET /session/5b1650577b6acd5a01838de84862d1f6/screenshot - {}
RESULT: {}
COMMAND: POST /session/5b1650577b6acd5a01838de84862d1f6/element - {"using":"xpath","value":"//table[contains(@id, \"massStateChangeTable-listUl\")]/tbody/tr[1]/td[11]/div/div/div/div[2]/span"}
RESULT: {"using":"xpath","value":"//table[contains(@id, \"massStateChangeTable-listUl\")]/tbody/tr[1]/td[11]/div/div/div/div[2]/span"}
COMMAND: POST /session/5b1650577b6acd5a01838de84862d1f6/element/f.2029905E6D619BC8E09EAF6ED25AF0C5.d.D8A46E1E89919B973D3AB5B23AE3B9C8.e.1059/click - {}
RESULT: {}
COMMAND: GET /session/5b1650577b6acd5a01838de84862d1f6/screenshot - {}
RESULT: {}
COMMAND: POST /session/5b1650577b6acd5a01838de84862d1f6/element - {"using":"xpath","value":"//table[contains(@id, \"massStateChangeTable-listUl\")]/tbody/tr[1]/td[11]/div/div/div/div[2]/span"}
RESULT: {"using":"xpath","value":"//table[contains(@id, \"massStateChangeTable-listUl\")]/tbody/tr[1]/td[11]/div/div/div/div[2]/span"}
COMMAND: POST /session/5b1650577b6acd5a01838de84862d1f6/element/f.2029905E6D619BC8E09EAF6ED25AF0C5.d.D8A46E1E89919B973D3AB5B23AE3B9C8.e.1059/click - {}
RESULT: {}
COMMAND: GET /session/5b1650577b6acd5a01838de84862d1f6/screenshot - {}
RESULT: {}
COMMAND: POST /session/5b1650577b6acd5a01838de84862d1f6/element - {"using":"xpath","value":"//table[contains(@id, \"massStateChangeTable-listUl\")]/tbody/tr[1]/td[11]/div/div/div/div[2]/span"}
RESULT: {"using":"xpath","value":"//table[contains(@id, \"massStateChangeTable-listUl\")]/tbody/tr[1]/td[11]/div/div/div/div[2]/span"}
COMMAND: POST /session/5b1650577b6acd5a01838de84862d1f6/element/f.2029905E6D619BC8E09EAF6ED25AF0C5.d.D8A46E1E89919B973D3AB5B23AE3B9C8.e.1059/click - {}
RESULT: {}
COMMAND: GET /session/5b1650577b6acd5a01838de84862d1f6/screenshot - {}
RESULT: {}
COMMAND: POST /session/5b1650577b6acd5a01838de84862d1f6/element - {"using":"xpath","value":"//table[contains(@id, \"massStateChangeTable-listUl\")]/tbody/tr[1]/td[11]/div/div/div/div[2]/span"}
RESULT: {"using":"xpath","value":"//table[contains(@id, \"massStateChangeTable-listUl\")]/tbody/tr[1]/td[11]/div/div/div/div[2]/span"}
COMMAND: POST /session/5b1650577b6acd5a01838de84862d1f6/element/f.2029905E6D619BC8E09EAF6ED25AF0C5.d.D8A46E1E89919B973D3AB5B23AE3B9C8.e.1059/click - {}
RESULT: {}
COMMAND: GET /session/5b1650577b6acd5a01838de84862d1f6/screenshot - {}
RESULT: {}
COMMAND: POST /session/5b1650577b6acd5a01838de84862d1f6/element - {"using":"xpath","value":"//table[contains(@id, \"massStateChangeTable-listUl\")]/tbody/tr[1]/td[11]/div/div/div/div[2]/span"}
RESULT: {"using":"xpath","value":"//table[contains(@id, \"massStateChangeTable-listUl\")]/tbody/tr[1]/td[11]/div/div/div/div[2]/span"}
COMMAND: POST /session/5b1650577b6acd5a01838de84862d1f6/element/f.2029905E6D619BC8E09EAF6ED25AF0C5.d.D8A46E1E89919B973D3AB5B23AE3B9C8.e.1059/click - {}
RESULT: {}
COMMAND: GET /session/5b1650577b6acd5a01838de84862d1f6/screenshot - {}
RESULT: {}
COMMAND: POST /session/5b1650577b6acd5a01838de84862d1f6/element - {"using":"xpath","value":"//table[contains(@id, \"massStateChangeTable-listUl\")]/tbody/tr[1]/td[11]/div/div/div/div[2]/span"}
RESULT: {"using":"xpath","value":"//table[contains(@id, \"massStateChangeTable-listUl\")]/tbody/tr[1]/td[11]/div/div/div/div[2]/span"}
COMMAND: POST /session/5b1650577b6acd5a01838de84862d1f6/element/f.2029905E6D619BC8E09EAF6ED25AF0C5.d.D8A46E1E89919B973D3AB5B23AE3B9C8.e.1059/click - {}
RESULT: {}
COMMAND: GET /session/5b1650577b6acd5a01838de84862d1f6/screenshot - {}
RESULT: {}
COMMAND: POST /session/5b1650577b6acd5a01838de84862d1f6/element - {"using":"xpath","value":"//table[contains(@id, \"massStateChangeTable-listUl\")]/tbody/tr[1]/td[11]/div/div/div/div[2]/span"}
RESULT: {"using":"xpath","value":"//table[contains(@id, \"massStateChangeTable-listUl\")]/tbody/tr[1]/td[11]/div/div/div/div[2]/span"}
COMMAND: POST /session/5b1650577b6acd5a01838de84862d1f6/element/f.2029905E6D619BC8E09EAF6ED25AF0C5.d.D8A46E1E89919B973D3AB5B23AE3B9C8.e.1059/click - {}
RESULT: {}
COMMAND: GET /session/5b1650577b6acd5a01838de84862d1f6/screenshot - {}
RESULT: {}
COMMAND: POST /session/5b1650577b6acd5a01838de84862d1f6/element - {"using":"xpath","value":"//table[contains(@id, \"massStateChangeTable-listUl\")]/tbody/tr[1]/td[11]/div/div/div/div[2]/span"}
RESULT: {"using":"xpath","value":"//table[contains(@id, \"massStateChangeTable-listUl\")]/tbody/tr[1]/td[11]/div/div/div/div[2]/span"}
COMMAND: POST /session/5b1650577b6acd5a01838de84862d1f6/element/f.2029905E6D619BC8E09EAF6ED25AF0C5.d.D8A46E1E89919B973D3AB5B23AE3B9C8.e.1059/click - {}
RESULT: {}
COMMAND: GET /session/5b1650577b6acd5a01838de84862d1f6/screenshot - {}
RESULT: {}
COMMAND: POST /session/5b1650577b6acd5a01838de84862d1f6/element - {"using":"xpath","value":"//table[contains(@id, \"massStateChangeTable-listUl\")]/tbody/tr[1]/td[11]/div/div/div/div[2]/span"}
RESULT: {"using":"xpath","value":"//table[contains(@id, \"massStateChangeTable-listUl\")]/tbody/tr[1]/td[11]/div/div/div/div[2]/span"}
COMMAND: POST /session/5b1650577b6acd5a01838de84862d1f6/element/f.2029905E6D619BC8E09EAF6ED25AF0C5.d.D8A46E1E89919B973D3AB5B23AE3B9C8.e.1059/click - {}
RESULT: {}
COMMAND: GET /session/5b1650577b6acd5a01838de84862d1f6/screenshot - {}
RESULT: {}
COMMAND: POST /session/5b1650577b6acd5a01838de84862d1f6/element - {"using":"xpath","value":"//table[contains(@id, \"massStateChangeTable-listUl\")]/tbody/tr[1]/td[11]/div/div/div/div[2]/span"}
RESULT: {"using":"xpath","value":"//table[contains(@id, \"massStateChangeTable-listUl\")]/tbody/tr[1]/td[11]/div/div/div/div[2]/span"}
COMMAND: POST /session/5b1650577b6acd5a01838de84862d1f6/element/f.2029905E6D619BC8E09EAF6ED25AF0C5.d.D8A46E1E89919B973D3AB5B23AE3B9C8.e.1059/click - {}
RESULT: {}
COMMAND: GET /session/5b1650577b6acd5a01838de84862d1f6/screenshot - {}
RESULT: {}
COMMAND: POST /session/5b1650577b6acd5a01838de84862d1f6/element - {"using":"xpath","value":"//table[contains(@id, \"massStateChangeTable-listUl\")]/tbody/tr[1]/td[11]/div/div/div/div[2]/span"}
RESULT: {"using":"xpath","value":"//table[contains(@id, \"massStateChangeTable-listUl\")]/tbody/tr[1]/td[11]/div/div/div/div[2]/span"}
COMMAND: POST /session/5b1650577b6acd5a01838de84862d1f6/element/f.2029905E6D619BC8E09EAF6ED25AF0C5.d.D8A46E1E89919B973D3AB5B23AE3B9C8.e.1059/click - {}
RESULT: {}
COMMAND: GET /session/5b1650577b6acd5a01838de84862d1f6/screenshot - {}
RESULT: {}
COMMAND: POST /session/5b1650577b6acd5a01838de84862d1f6/element - {"using":"xpath","value":"//table[contains(@id, \"massStateChangeTable-listUl\")]/tbody/tr[1]/td[11]/div/div/div/div[2]/span"}
RESULT: {"using":"xpath","value":"//table[contains(@id, \"massStateChangeTable-listUl\")]/tbody/tr[1]/td[11]/div/div/div/div[2]/span"}
COMMAND: POST /session/5b1650577b6acd5a01838de84862d1f6/element/f.2029905E6D619BC8E09EAF6ED25AF0C5.d.D8A46E1E89919B973D3AB5B23AE3B9C8.e.1059/click - {}
RESULT: {}
COMMAND: GET /session/5b1650577b6acd5a01838de84862d1f6/screenshot - {}
RESULT: {}
COMMAND: POST /session/5b1650577b6acd5a01838de84862d1f6/element - {"using":"xpath","value":"//table[contains(@id, \"massStateChangeTable-listUl\")]/tbody/tr[1]/td[11]/div/div/div/div[2]/span"}
RESULT: {"using":"xpath","value":"//table[contains(@id, \"massStateChangeTable-listUl\")]/tbody/tr[1]/td[11]/div/div/div/div[2]/span"}
COMMAND: POST /session/5b1650577b6acd5a01838de84862d1f6/element/f.2029905E6D619BC8E09EAF6ED25AF0C5.d.D8A46E1E89919B973D3AB5B23AE3B9C8.e.1059/click - {}
RESULT: {}
COMMAND: GET /session/5b1650577b6acd5a01838de84862d1f6/screenshot - {}
RESULT: {}
COMMAND: POST /session/5b1650577b6acd5a01838de84862d1f6/element - {"using":"xpath","value":"//table[contains(@id, \"massStateChangeTable-listUl\")]/tbody/tr[1]/td[11]/div/div/div/div[2]/span"}
RESULT: {"using":"xpath","value":"//table[contains(@id, \"massStateChangeTable-listUl\")]/tbody/tr[1]/td[11]/div/div/div/div[2]/span"}
COMMAND: POST /session/5b1650577b6acd5a01838de84862d1f6/element/f.2029905E6D619BC8E09EAF6ED25AF0C5.d.D8A46E1E89919B973D3AB5B23AE3B9C8.e.1059/click - {}
RESULT: {}
COMMAND: GET /session/5b1650577b6acd5a01838de84862d1f6/screenshot - {}
RESULT: {}
COMMAND: POST /session/5b1650577b6acd5a01838de84862d1f6/element - {"using":"xpath","value":"//table[contains(@id, \"massStateChangeTable-listUl\")]/tbody/tr[1]/td[11]/div/div/div/div[2]/span"}
RESULT: {"using":"xpath","value":"//table[contains(@id, \"massStateChangeTable-listUl\")]/tbody/tr[1]/td[11]/div/div/div/div[2]/span"}
COMMAND: POST /session/5b1650577b6acd5a01838de84862d1f6/element/f.2029905E6D619BC8E09EAF6ED25AF0C5.d.D8A46E1E89919B973D3AB5B23AE3B9C8.e.1059/click - {}
RESULT: {}
COMMAND: GET /session/5b1650577b6acd5a01838de84862d1f6/screenshot - {}
RESULT: {}
COMMAND: POST /session/5b1650577b6acd5a01838de84862d1f6/element - {"using":"xpath","value":"//table[contains(@id, \"massStateChangeTable-listUl\")]/tbody/tr[1]/td[11]/div/div/div/div[2]/span"}
RESULT: {"using":"xpath","value":"//table[contains(@id, \"massStateChangeTable-listUl\")]/tbody/tr[1]/td[11]/div/div/div/div[2]/span"}
COMMAND: POST /session/5b1650577b6acd5a01838de84862d1f6/element/f.2029905E6D619BC8E09EAF6ED25AF0C5.d.D8A46E1E89919B973D3AB5B23AE3B9C8.e.1059/click - {}
RESULT: {}
COMMAND: GET /session/5b1650577b6acd5a01838de84862d1f6/screenshot - {}
RESULT: {}
COMMAND: POST /session/5b1650577b6acd5a01838de84862d1f6/element - {"using":"xpath","value":"//table[contains(@id, \"massStateChangeTable-listUl\")]/tbody/tr[1]/td[11]/div/div/div/div[2]/span"}
RESULT: {"using":"xpath","value":"//table[contains(@id, \"massStateChangeTable-listUl\")]/tbody/tr[1]/td[11]/div/div/div/div[2]/span"}
COMMAND: POST /session/5b1650577b6acd5a01838de84862d1f6/element/f.2029905E6D619BC8E09EAF6ED25AF0C5.d.D8A46E1E89919B973D3AB5B23AE3B9C8.e.1059/click - {}
RESULT: {}
COMMAND: GET /session/5b1650577b6acd5a01838de84862d1f6/screenshot - {}
RESULT: {}
COMMAND: POST /session/5b1650577b6acd5a01838de84862d1f6/element - {"using":"xpath","value":"//table[contains(@id, \"massStateChangeTable-listUl\")]/tbody/tr[1]/td[11]/div/div/div/div[2]/span"}
RESULT: {"using":"xpath","value":"//table[contains(@id, \"massStateChangeTable-listUl\")]/tbody/tr[1]/td[11]/div/div/div/div[2]/span"}
COMMAND: POST /session/5b1650577b6acd5a01838de84862d1f6/element/f.2029905E6D619BC8E09EAF6ED25AF0C5.d.D8A46E1E89919B973D3AB5B23AE3B9C8.e.1059/click - {}
RESULT: {}
COMMAND: GET /session/5b1650577b6acd5a01838de84862d1f6/screenshot - {}
RESULT: {}
COMMAND: POST /session/5b1650577b6acd5a01838de84862d1f6/element - {"using":"xpath","value":"//table[contains(@id, \"massStateChangeTable-listUl\")]/tbody/tr[1]/td[11]/div/div/div/div[2]/span"}
RESULT: {"using":"xpath","value":"//table[contains(@id, \"massStateChangeTable-listUl\")]/tbody/tr[1]/td[11]/div/div/div/div[2]/span"}
COMMAND: POST /session/5b1650577b6acd5a01838de84862d1f6/element/f.2029905E6D619BC8E09EAF6ED25AF0C5.d.D8A46E1E89919B973D3AB5B23AE3B9C8.e.1059/click - {}
RESULT: {}
COMMAND: GET /session/5b1650577b6acd5a01838de84862d1f6/screenshot - {}
RESULT: {}
COMMAND: POST /session/5b1650577b6acd5a01838de84862d1f6/element - {"using":"xpath","value":"//table[contains(@id, \"massStateChangeTable-listUl\")]/tbody/tr[1]/td[11]/div/div/div/div[2]/span"}
RESULT: {"using":"xpath","value":"//table[contains(@id, \"massStateChangeTable-listUl\")]/tbody/tr[1]/td[11]/div/div/div/div[2]/span"}
COMMAND: POST /session/5b1650577b6acd5a01838de84862d1f6/element/f.2029905E6D619BC8E09EAF6ED25AF0C5.d.D8A46E1E89919B973D3AB5B23AE3B9C8.e.1059/click - {}
RESULT: {}
COMMAND: GET /session/5b1650577b6acd5a01838de84862d1f6/screenshot - {}
RESULT: {}
COMMAND: POST /session/5b1650577b6acd5a01838de84862d1f6/element - {"using":"xpath","value":"//table[contains(@id, \"massStateChangeTable-listUl\")]/tbody/tr[1]/td[11]/div/div/div/div[2]/span"}
RESULT: {"using":"xpath","value":"//table[contains(@id, \"massStateChangeTable-listUl\")]/tbody/tr[1]/td[11]/div/div/div/div[2]/span"}
COMMAND: POST /session/5b1650577b6acd5a01838de84862d1f6/element/f.2029905E6D619BC8E09EAF6ED25AF0C5.d.D8A46E1E89919B973D3AB5B23AE3B9C8.e.1059/click - {}
RESULT: {}
COMMAND: GET /session/5b1650577b6acd5a01838de84862d1f6/screenshot - {}
RESULT: {}
COMMAND: POST /session/5b1650577b6acd5a01838de84862d1f6/element - {"using":"xpath","value":"//table[contains(@id, \"massStateChangeTable-listUl\")]/tbody/tr[1]/td[11]/div/div/div/div[2]/span"}
RESULT: {"using":"xpath","value":"//table[contains(@id, \"massStateChangeTable-listUl\")]/tbody/tr[1]/td[11]/div/div/div/div[2]/span"}
COMMAND: POST /session/5b1650577b6acd5a01838de84862d1f6/element/f.2029905E6D619BC8E09EAF6ED25AF0C5.d.D8A46E1E89919B973D3AB5B23AE3B9C8.e.1059/click - {}
RESULT: {}
COMMAND: GET /session/5b1650577b6acd5a01838de84862d1f6/screenshot - {}
RESULT: {}
COMMAND: POST /session/5b1650577b6acd5a01838de84862d1f6/element - {"using":"xpath","value":"//table[contains(@id, \"massStateChangeTable-listUl\")]/tbody/tr[1]/td[11]/div/div/div/div[2]/span"}
RESULT: {"using":"xpath","value":"//table[contains(@id, \"massStateChangeTable-listUl\")]/tbody/tr[1]/td[11]/div/div/div/div[2]/span"}
COMMAND: POST /session/5b1650577b6acd5a01838de84862d1f6/element/f.2029905E6D619BC8E09EAF6ED25AF0C5.d.D8A46E1E89919B973D3AB5B23AE3B9C8.e.1059/click - {}
RESULT: {}
COMMAND: GET /session/5b1650577b6acd5a01838de84862d1f6/screenshot - {}
RESULT: {}
COMMAND: POST /session/5b1650577b6acd5a01838de84862d1f6/element - {"using":"xpath","value":"//table[contains(@id, \"massStateChangeTable-listUl\")]/tbody/tr[1]/td[11]/div/div/div/div[2]/span"}
RESULT: {"using":"xpath","value":"//table[contains(@id, \"massStateChangeTable-listUl\")]/tbody/tr[1]/td[11]/div/div/div/div[2]/span"}
COMMAND: POST /session/5b1650577b6acd5a01838de84862d1f6/element/f.2029905E6D619BC8E09EAF6ED25AF0C5.d.D8A46E1E89919B973D3AB5B23AE3B9C8.e.1059/click - {}
RESULT: {}
COMMAND: GET /session/5b1650577b6acd5a01838de84862d1f6/screenshot - {}
RESULT: {}
COMMAND: POST /session/5b1650577b6acd5a01838de84862d1f6/element - {"using":"xpath","value":"//table[contains(@id, \"massStateChangeTable-listUl\")]/tbody/tr[1]/td[11]/div/div/div/div[2]/span"}
RESULT: {"using":"xpath","value":"//table[contains(@id, \"massStateChangeTable-listUl\")]/tbody/tr[1]/td[11]/div/div/div/div[2]/span"}
COMMAND: POST /session/5b1650577b6acd5a01838de84862d1f6/element/f.2029905E6D619BC8E09EAF6ED25AF0C5.d.D8A46E1E89919B973D3AB5B23AE3B9C8.e.1059/click - {}
RESULT: {}
COMMAND: GET /session/5b1650577b6acd5a01838de84862d1f6/screenshot - {}
RESULT: {}
COMMAND: POST /session/5b1650577b6acd5a01838de84862d1f6/element - {"using":"xpath","value":"//table[contains(@id, \"massStateChangeTable-listUl\")]/tbody/tr[1]/td[11]/div/div/div/div[2]/span"}
RESULT: {"using":"xpath","value":"//table[contains(@id, \"massStateChangeTable-listUl\")]/tbody/tr[1]/td[11]/div/div/div/div[2]/span"}
COMMAND: POST /session/5b1650577b6acd5a01838de84862d1f6/element/f.2029905E6D619BC8E09EAF6ED25AF0C5.d.D8A46E1E89919B973D3AB5B23AE3B9C8.e.1059/click - {}
RESULT: {}
COMMAND: GET /session/5b1650577b6acd5a01838de84862d1f6/screenshot - {}
RESULT: {}
COMMAND: POST /session/5b1650577b6acd5a01838de84862d1f6/element - {"using":"xpath","value":"//table[contains(@id, \"massStateChangeTable-listUl\")]/tbody/tr[1]/td[11]/div/div/div/div[2]/span"}
RESULT: {"using":"xpath","value":"//table[contains(@id, \"massStateChangeTable-listUl\")]/tbody/tr[1]/td[11]/div/div/div/div[2]/span"}
COMMAND: POST /session/5b1650577b6acd5a01838de84862d1f6/element/f.2029905E6D619BC8E09EAF6ED25AF0C5.d.D8A46E1E89919B973D3AB5B23AE3B9C8.e.1059/click - {}
RESULT: {}
COMMAND: GET /session/5b1650577b6acd5a01838de84862d1f6/screenshot - {}
RESULT: {}
COMMAND: POST /session/5b1650577b6acd5a01838de84862d1f6/element - {"using":"xpath","value":"//table[contains(@id, \"massStateChangeTable-listUl\")]/tbody/tr[1]/td[11]/div/div/div/div[2]/span"}
RESULT: {"using":"xpath","value":"//table[contains(@id, \"massStateChangeTable-listUl\")]/tbody/tr[1]/td[11]/div/div/div/div[2]/span"}
COMMAND: POST /session/5b1650577b6acd5a01838de84862d1f6/element/f.2029905E6D619BC8E09EAF6ED25AF0C5.d.D8A46E1E89919B973D3AB5B23AE3B9C8.e.1059/click - {}
RESULT: {}
COMMAND: GET /session/5b1650577b6acd5a01838de84862d1f6/screenshot - {}
RESULT: {}
COMMAND: POST /session/5b1650577b6acd5a01838de84862d1f6/element - {"using":"xpath","value":"//table[contains(@id, \"massStateChangeTable-listUl\")]/tbody/tr[1]/td[11]/div/div/div/div[2]/span"}
RESULT: {"using":"xpath","value":"//table[contains(@id, \"massStateChangeTable-listUl\")]/tbody/tr[1]/td[11]/div/div/div/div[2]/span"}
COMMAND: POST /session/5b1650577b6acd5a01838de84862d1f6/element/f.2029905E6D619BC8E09EAF6ED25AF0C5.d.D8A46E1E89919B973D3AB5B23AE3B9C8.e.1059/click - {}
RESULT: {}
COMMAND: GET /session/5b1650577b6acd5a01838de84862d1f6/screenshot - {}
RESULT: {}
COMMAND: POST /session/5b1650577b6acd5a01838de84862d1f6/element - {"using":"xpath","value":"//table[contains(@id, \"massStateChangeTable-listUl\")]/tbody/tr[1]/td[11]/div/div/div/div[2]/span"}
RESULT: {"using":"xpath","value":"//table[contains(@id, \"massStateChangeTable-listUl\")]/tbody/tr[1]/td[11]/div/div/div/div[2]/span"}
COMMAND: POST /session/5b1650577b6acd5a01838de84862d1f6/element/f.2029905E6D619BC8E09EAF6ED25AF0C5.d.D8A46E1E89919B973D3AB5B23AE3B9C8.e.1059/click - {}
RESULT: {}
COMMAND: GET /session/5b1650577b6acd5a01838de84862d1f6/screenshot - {}
RESULT: {}
COMMAND: POST /session/5b1650577b6acd5a01838de84862d1f6/element - {"using":"xpath","value":"//table[contains(@id, \"massStateChangeTable-listUl\")]/tbody/tr[1]/td[11]/div/div/div/div[2]/span"}
RESULT: {"using":"xpath","value":"//table[contains(@id, \"massStateChangeTable-listUl\")]/tbody/tr[1]/td[11]/div/div/div/div[2]/span"}
COMMAND: POST /session/5b1650577b6acd5a01838de84862d1f6/element/f.2029905E6D619BC8E09EAF6ED25AF0C5.d.D8A46E1E89919B973D3AB5B23AE3B9C8.e.1059/click - {}
RESULT: {}
COMMAND: GET /session/5b1650577b6acd5a01838de84862d1f6/screenshot - {}
RESULT: {}
COMMAND: POST /session/5b1650577b6acd5a01838de84862d1f6/element - {"using":"xpath","value":"//table[contains(@id, \"massStateChangeTable-listUl\")]/tbody/tr[1]/td[11]/div/div/div/div[2]/span"}
RESULT: {"using":"xpath","value":"//table[contains(@id, \"massStateChangeTable-listUl\")]/tbody/tr[1]/td[11]/div/div/div/div[2]/span"}
COMMAND: POST /session/5b1650577b6acd5a01838de84862d1f6/element/f.2029905E6D619BC8E09EAF6ED25AF0C5.d.D8A46E1E89919B973D3AB5B23AE3B9C8.e.1059/click - {}
RESULT: {}
COMMAND: GET /session/5b1650577b6acd5a01838de84862d1f6/screenshot - {}
RESULT: {}
COMMAND: POST /session/5b1650577b6acd5a01838de84862d1f6/element - {"using":"xpath","value":"//table[contains(@id, \"massStateChangeTable-listUl\")]/tbody/tr[1]/td[11]/div/div/div/div[2]/span"}
RESULT: {"using":"xpath","value":"//table[contains(@id, \"massStateChangeTable-listUl\")]/tbody/tr[1]/td[11]/div/div/div/div[2]/span"}
COMMAND: POST /session/5b1650577b6acd5a01838de84862d1f6/element/f.2029905E6D619BC8E09EAF6ED25AF0C5.d.D8A46E1E89919B973D3AB5B23AE3B9C8.e.1059/click - {}
RESULT: {}
COMMAND: GET /session/5b1650577b6acd5a01838de84862d1f6/screenshot - {}
RESULT: {}
COMMAND: POST /session/5b1650577b6acd5a01838de84862d1f6/element - {"using":"xpath","value":"//table[contains(@id, \"massStateChangeTable-listUl\")]/tbody/tr[2]/td[11]/div/div/div/div[2]/span"}
RESULT: {"using":"xpath","value":"//table[contains(@id, \"massStateChangeTable-listUl\")]/tbody/tr[2]/td[11]/div/div/div/div[2]/span"}
COMMAND: POST /session/5b1650577b6acd5a01838de84862d1f6/element/f.2029905E6D619BC8E09EAF6ED25AF0C5.d.D8A46E1E89919B973D3AB5B23AE3B9C8.e.1060/click - {}
RESULT: {}
COMMAND: GET /session/5b1650577b6acd5a01838de84862d1f6/screenshot - {}
RESULT: {}
COMMAND: POST /session/5b1650577b6acd5a01838de84862d1f6/element - {"using":"xpath","value":"//table[contains(@id, \"massStateChangeTable-listUl\")]/tbody/tr[1]/td[11]/div/div/div/input"}
RESULT: {"using":"xpath","value":"//table[contains(@id, \"massStateChangeTable-listUl\")]/tbody/tr[1]/td[11]/div/div/div/input"}
COMMAND: GET /session/5b1650577b6acd5a01838de84862d1f6/element/f.2029905E6D619BC8E09EAF6ED25AF0C5.d.D8A46E1E89919B973D3AB5B23AE3B9C8.e.1038/property/value - {}
RESULT: {}
COMMAND: POST /session/5b1650577b6acd5a01838de84862d1f6/element - {"using":"xpath","value":"//table[contains(@id, \"massStateChangeTable-listUl\")]/tbody/tr[2]/td[11]/div/div/div/input"}
COMMAND: GET /session/5b1650577b6acd5a01838de84862d1f6/screenshot - {}
RESULT: {"using":"xpath","value":"//table[contains(@id, \"massStateChangeTable-listUl\")]/tbody/tr[2]/td[11]/div/div/div/input"}
COMMAND: GET /session/5b1650577b6acd5a01838de84862d1f6/element/f.2029905E6D619BC8E09EAF6ED25AF0C5.d.D8A46E1E89919B973D3AB5B23AE3B9C8.e.1042/property/value - {}
RESULT: {}
RESULT: {}
COMMAND: POST /session/5b1650577b6acd5a01838de84862d1f6/element - {"using":"xpath","value":"(//bdi[contains(text(), \"OK\")])[1]"}
COMMAND: GET /session/5b1650577b6acd5a01838de84862d1f6/screenshot - {}
RESULT: {"using":"xpath","value":"(//bdi[contains(text(), \"OK\")])[1]"}
COMMAND: POST /session/5b1650577b6acd5a01838de84862d1f6/element/f.2029905E6D619BC8E09EAF6ED25AF0C5.d.D8A46E1E89919B973D3AB5B23AE3B9C8.e.1046/click - {}
RESULT: {}
RESULT: {}
COMMAND: GET /session/5b1650577b6acd5a01838de84862d1f6/screenshot - {}
RESULT: {}
COMMAND: POST /session/5b1650577b6acd5a01838de84862d1f6/element - {"using":"xpath","value":"(//bdi[contains(text(), \"OK\")])[2]"}
RESULT: {"using":"xpath","value":"(//bdi[contains(text(), \"OK\")])[2]"}
COMMAND: POST /session/5b1650577b6acd5a01838de84862d1f6/element/f.2029905E6D619BC8E09EAF6ED25AF0C5.d.D8A46E1E89919B973D3AB5B23AE3B9C8.e.1063/click - {}
RESULT: {}
COMMAND: GET /session/5b1650577b6acd5a01838de84862d1f6/screenshot - {}
RESULT: {}
RESULT: undefined
COMMAND: POST /session/5b1650577b6acd5a01838de84862d1f6/execute/async - {"script":"<script> [776 bytes]","args":[{"enterText":"600002","selector":{"id":"application-ruinventorylist-display-component---Master--smartFilterBar-btnBasicSearch","interaction":{"idSuffix":"I"}},"clearTextFirst":true,"interactionType":"ENTER_TEXT"}]}
RESULT: {"script":"<script> [776 bytes]","args":[{"enterText":"600002","selector":{"id":"application-ruinventorylist-display-component---Master--smartFilterBar-btnBasicSearch","interaction":{"idSuffix":"I"}},"clearTextFirst":true,"interactionType":"ENTER_TEXT"}]}
COMMAND: POST /session/5b1650577b6acd5a01838de84862d1f6/actions - {"actions":[{"id":"action5","type":"key","parameters":{},"actions":[{"type":"keyDown","value":"î€‡"},{"type":"pause","duration":10},{"type":"keyUp","value":"î€‡"}]}]}
RESULT: {"actions":[{"id":"action5","type":"key","parameters":{},"actions":[{"type":"keyDown","value":"î€‡"},{"type":"pause","duration":10},{"type":"keyUp","value":"î€‡"}]}]}
COMMAND: GET /session/5b1650577b6acd5a01838de84862d1f6/screenshot - {}
RESULT: {}
COMMAND: POST /session/5b1650577b6acd5a01838de84862d1f6/element - {"using":"xpath","value":"//span[@id=\"application-ruinventorylist-display-component---Master--smartTableRuInventoryList-header-inner\"]"}
RESULT: {"using":"xpath","value":"//span[@id=\"application-ruinventorylist-display-component---Master--smartTableRuInventoryList-header-inner\"]"}
COMMAND: POST /session/5b1650577b6acd5a01838de84862d1f6/elements - {"using":"xpath","value":"//span[@id=\"application-ruinventorylist-display-component---Master--smartTableRuInventoryList-header-inner\"]"}
RESULT: {"using":"xpath","value":"//span[@id=\"application-ruinventorylist-display-component---Master--smartTableRuInventoryList-header-inner\"]"}
COMMAND: POST /session/5b1650577b6acd5a01838de84862d1f6/execute/sync - {"script":"<script> [56 bytes]","args":[{"element-6066-11e4-a52e-4f735466cecf":"f.2029905E6D619BC8E09EAF6ED25AF0C5.d.D8A46E1E89919B973D3AB5B23AE3B9C8.e.735","ELEMENT":"f.2029905E6D619BC8E09EAF6ED25AF0C5.d.D8A46E1E89919B973D3AB5B23AE3B9C8.e.735"}]}
RESULT: {"script":"<script> [56 bytes]","args":[{"element-6066-11e4-a52e-4f735466cecf":"f.2029905E6D619BC8E09EAF6ED25AF0C5.d.D8A46E1E89919B973D3AB5B23AE3B9C8.e.735","ELEMENT":"f.2029905E6D619BC8E09EAF6ED25AF0C5.d.D8A46E1E89919B973D3AB5B23AE3B9C8.e.735"}]}
COMMAND: POST /session/5b1650577b6acd5a01838de84862d1f6/element - {"using":"xpath","value":"//table[contains(@id, \"application-ruinventorylist-display-component---Master--tableRuInventoryList-listUl\")]/tbody/tr[1]/td[6]/div/span"}
COMMAND: GET /session/5b1650577b6acd5a01838de84862d1f6/screenshot - {}
RESULT: {"using":"xpath","value":"//table[contains(@id, \"application-ruinventorylist-display-component---Master--tableRuInventoryList-listUl\")]/tbody/tr[1]/td[6]/div/span"}
COMMAND: POST /session/5b1650577b6acd5a01838de84862d1f6/execute/sync - {"script":"<script> [56 bytes]","args":[{"element-6066-11e4-a52e-4f735466cecf":"f.2029905E6D619BC8E09EAF6ED25AF0C5.d.D8A46E1E89919B973D3AB5B23AE3B9C8.e.1085","ELEMENT":"f.2029905E6D619BC8E09EAF6ED25AF0C5.d.D8A46E1E89919B973D3AB5B23AE3B9C8.e.1085"}]}
RESULT: {}
RESULT: {"script":"<script> [56 bytes]","args":[{"element-6066-11e4-a52e-4f735466cecf":"f.2029905E6D619BC8E09EAF6ED25AF0C5.d.D8A46E1E89919B973D3AB5B23AE3B9C8.e.1085","ELEMENT":"f.2029905E6D619BC8E09EAF6ED25AF0C5.d.D8A46E1E89919B973D3AB5B23AE3B9C8.e.1085"}]}
COMMAND: POST /session/5b1650577b6acd5a01838de84862d1f6/element - {"using":"xpath","value":"//div[contains(@id, \"smartFilterBar-btnBasicSearch-reset\")]"}
COMMAND: GET /session/5b1650577b6acd5a01838de84862d1f6/screenshot - {}
RESULT: {"using":"xpath","value":"//div[contains(@id, \"smartFilterBar-btnBasicSearch-reset\")]"}
COMMAND: POST /session/5b1650577b6acd5a01838de84862d1f6/element/f.2029905E6D619BC8E09EAF6ED25AF0C5.d.D8A46E1E89919B973D3AB5B23AE3B9C8.e.751/click - {}
RESULT: {}
RESULT: {}
COMMAND: GET /session/5b1650577b6acd5a01838de84862d1f6/screenshot - {}
RESULT: {}
RESULT: undefined
COMMAND: POST /session/5b1650577b6acd5a01838de84862d1f6/execute/async - {"script":"<script> [776 bytes]","args":[{"enterText":"401002","selector":{"id":"application-ruinventorylist-display-component---Master--smartFilterBar-btnBasicSearch","interaction":{"idSuffix":"I"}},"clearTextFirst":true,"interactionType":"ENTER_TEXT"}]}
RESULT: {"script":"<script> [776 bytes]","args":[{"enterText":"401002","selector":{"id":"application-ruinventorylist-display-component---Master--smartFilterBar-btnBasicSearch","interaction":{"idSuffix":"I"}},"clearTextFirst":true,"interactionType":"ENTER_TEXT"}]}
COMMAND: POST /session/5b1650577b6acd5a01838de84862d1f6/actions - {"actions":[{"id":"action6","type":"key","parameters":{},"actions":[{"type":"keyDown","value":"î€‡"},{"type":"pause","duration":10},{"type":"keyUp","value":"î€‡"}]}]}
RESULT: {"actions":[{"id":"action6","type":"key","parameters":{},"actions":[{"type":"keyDown","value":"î€‡"},{"type":"pause","duration":10},{"type":"keyUp","value":"î€‡"}]}]}
COMMAND: GET /session/5b1650577b6acd5a01838de84862d1f6/screenshot - {}
RESULT: {}
COMMAND: POST /session/5b1650577b6acd5a01838de84862d1f6/element - {"using":"xpath","value":"//span[@id=\"application-ruinventorylist-display-component---Master--smartTableRuInventoryList-header-inner\"]"}
RESULT: {"using":"xpath","value":"//span[@id=\"application-ruinventorylist-display-component---Master--smartTableRuInventoryList-header-inner\"]"}
COMMAND: POST /session/5b1650577b6acd5a01838de84862d1f6/elements - {"using":"xpath","value":"//span[@id=\"application-ruinventorylist-display-component---Master--smartTableRuInventoryList-header-inner\"]"}
RESULT: {"using":"xpath","value":"//span[@id=\"application-ruinventorylist-display-component---Master--smartTableRuInventoryList-header-inner\"]"}
COMMAND: POST /session/5b1650577b6acd5a01838de84862d1f6/execute/sync - {"script":"<script> [56 bytes]","args":[{"element-6066-11e4-a52e-4f735466cecf":"f.2029905E6D619BC8E09EAF6ED25AF0C5.d.D8A46E1E89919B973D3AB5B23AE3B9C8.e.735","ELEMENT":"f.2029905E6D619BC8E09EAF6ED25AF0C5.d.D8A46E1E89919B973D3AB5B23AE3B9C8.e.735"}]}
RESULT: {"script":"<script> [56 bytes]","args":[{"element-6066-11e4-a52e-4f735466cecf":"f.2029905E6D619BC8E09EAF6ED25AF0C5.d.D8A46E1E89919B973D3AB5B23AE3B9C8.e.735","ELEMENT":"f.2029905E6D619BC8E09EAF6ED25AF0C5.d.D8A46E1E89919B973D3AB5B23AE3B9C8.e.735"}]}
COMMAND: POST /session/5b1650577b6acd5a01838de84862d1f6/element - {"using":"xpath","value":"//table[contains(@id, \"application-ruinventorylist-display-component---Master--tableRuInventoryList-listUl\")]/tbody/tr[1]/td[6]/div/span"}
COMMAND: GET /session/5b1650577b6acd5a01838de84862d1f6/screenshot - {}
RESULT: {"using":"xpath","value":"//table[contains(@id, \"application-ruinventorylist-display-component---Master--tableRuInventoryList-listUl\")]/tbody/tr[1]/td[6]/div/span"}
COMMAND: POST /session/5b1650577b6acd5a01838de84862d1f6/execute/sync - {"script":"<script> [56 bytes]","args":[{"element-6066-11e4-a52e-4f735466cecf":"f.2029905E6D619BC8E09EAF6ED25AF0C5.d.D8A46E1E89919B973D3AB5B23AE3B9C8.e.1168","ELEMENT":"f.2029905E6D619BC8E09EAF6ED25AF0C5.d.D8A46E1E89919B973D3AB5B23AE3B9C8.e.1168"}]}
RESULT: {}
RESULT: {"script":"<script> [56 bytes]","args":[{"element-6066-11e4-a52e-4f735466cecf":"f.2029905E6D619BC8E09EAF6ED25AF0C5.d.D8A46E1E89919B973D3AB5B23AE3B9C8.e.1168","ELEMENT":"f.2029905E6D619BC8E09EAF6ED25AF0C5.d.D8A46E1E89919B973D3AB5B23AE3B9C8.e.1168"}]}
COMMAND: POST /session/5b1650577b6acd5a01838de84862d1f6/element - {"using":"xpath","value":"//div[contains(@id, \"smartFilterBar-btnBasicSearch-reset\")]"}
COMMAND: GET /session/5b1650577b6acd5a01838de84862d1f6/screenshot - {}
RESULT: {"using":"xpath","value":"//div[contains(@id, \"smartFilterBar-btnBasicSearch-reset\")]"}
COMMAND: POST /session/5b1650577b6acd5a01838de84862d1f6/element/f.2029905E6D619BC8E09EAF6ED25AF0C5.d.D8A46E1E89919B973D3AB5B23AE3B9C8.e.751/click - {}
RESULT: {}
RESULT: {}
COMMAND: GET /session/5b1650577b6acd5a01838de84862d1f6/screenshot - {}
RESULT: {}
COMMAND: POST /session/5b1650577b6acd5a01838de84862d1f6/element/f.2029905E6D619BC8E09EAF6ED25AF0C5.d.D8A46E1E89919B973D3AB5B23AE3B9C8.e.295/click - {}
RESULT: {}
COMMAND: GET /session/5b1650577b6acd5a01838de84862d1f6/screenshot - {}
RESULT: {}
RESULT: undefined
COMMAND: POST /session/5b1650577b6acd5a01838de84862d1f6/execute/async - {"script":"<script> [776 bytes]","args":[{"enterText":"600002","selector":{"id":"application-ruinventorylist-display-component---Master--smartFilterBar-btnBasicSearch","interaction":{"idSuffix":"I"}},"clearTextFirst":true,"interactionType":"ENTER_TEXT"}]}
RESULT: {"script":"<script> [776 bytes]","args":[{"enterText":"600002","selector":{"id":"application-ruinventorylist-display-component---Master--smartFilterBar-btnBasicSearch","interaction":{"idSuffix":"I"}},"clearTextFirst":true,"interactionType":"ENTER_TEXT"}]}
COMMAND: POST /session/5b1650577b6acd5a01838de84862d1f6/actions - {"actions":[{"id":"action7","type":"key","parameters":{},"actions":[{"type":"keyDown","value":"î€‡"},{"type":"pause","duration":10},{"type":"keyUp","value":"î€‡"}]}]}
RESULT: {"actions":[{"id":"action7","type":"key","parameters":{},"actions":[{"type":"keyDown","value":"î€‡"},{"type":"pause","duration":10},{"type":"keyUp","value":"î€‡"}]}]}
COMMAND: GET /session/5b1650577b6acd5a01838de84862d1f6/screenshot - {}
RESULT: {}
COMMAND: POST /session/5b1650577b6acd5a01838de84862d1f6/element - {"using":"xpath","value":"//span[@id=\"application-ruinventorylist-display-component---Master--smartTableRuInventoryList-header-inner\"]"}
RESULT: {"using":"xpath","value":"//span[@id=\"application-ruinventorylist-display-component---Master--smartTableRuInventoryList-header-inner\"]"}
COMMAND: POST /session/5b1650577b6acd5a01838de84862d1f6/elements - {"using":"xpath","value":"//span[@id=\"application-ruinventorylist-display-component---Master--smartTableRuInventoryList-header-inner\"]"}
RESULT: {"using":"xpath","value":"//span[@id=\"application-ruinventorylist-display-component---Master--smartTableRuInventoryList-header-inner\"]"}
COMMAND: POST /session/5b1650577b6acd5a01838de84862d1f6/execute/sync - {"script":"<script> [56 bytes]","args":[{"element-6066-11e4-a52e-4f735466cecf":"f.2029905E6D619BC8E09EAF6ED25AF0C5.d.D8A46E1E89919B973D3AB5B23AE3B9C8.e.735","ELEMENT":"f.2029905E6D619BC8E09EAF6ED25AF0C5.d.D8A46E1E89919B973D3AB5B23AE3B9C8.e.735"}]}
RESULT: {"script":"<script> [56 bytes]","args":[{"element-6066-11e4-a52e-4f735466cecf":"f.2029905E6D619BC8E09EAF6ED25AF0C5.d.D8A46E1E89919B973D3AB5B23AE3B9C8.e.735","ELEMENT":"f.2029905E6D619BC8E09EAF6ED25AF0C5.d.D8A46E1E89919B973D3AB5B23AE3B9C8.e.735"}]}
COMMAND: POST /session/5b1650577b6acd5a01838de84862d1f6/element - {"using":"xpath","value":"//table[contains(@id, \"application-ruinventorylist-display-component---Master--tableRuInventoryList-listUl\")]/tbody/tr[1]/td[2]/div/div"}
COMMAND: GET /session/5b1650577b6acd5a01838de84862d1f6/screenshot - {}
RESULT: {"using":"xpath","value":"//table[contains(@id, \"application-ruinventorylist-display-component---Master--tableRuInventoryList-listUl\")]/tbody/tr[1]/td[2]/div/div"}
COMMAND: POST /session/5b1650577b6acd5a01838de84862d1f6/element/f.2029905E6D619BC8E09EAF6ED25AF0C5.d.D8A46E1E89919B973D3AB5B23AE3B9C8.e.1415/click - {}
RESULT: {}
RESULT: {}
COMMAND: GET /session/5b1650577b6acd5a01838de84862d1f6/screenshot - {}
RESULT: {}
COMMAND: POST /session/5b1650577b6acd5a01838de84862d1f6/element - {"using":"xpath","value":"//div[contains(@id, \"smartFilterBar-btnBasicSearch-reset\")]"}
RESULT: {"using":"xpath","value":"//div[contains(@id, \"smartFilterBar-btnBasicSearch-reset\")]"}
COMMAND: POST /session/5b1650577b6acd5a01838de84862d1f6/element/f.2029905E6D619BC8E09EAF6ED25AF0C5.d.D8A46E1E89919B973D3AB5B23AE3B9C8.e.751/click - {}
RESULT: {}
COMMAND: GET /session/5b1650577b6acd5a01838de84862d1f6/screenshot - {}
RESULT: {}
RESULT: undefined
COMMAND: POST /session/5b1650577b6acd5a01838de84862d1f6/execute/async - {"script":"<script> [776 bytes]","args":[{"enterText":"401002","selector":{"id":"application-ruinventorylist-display-component---Master--smartFilterBar-btnBasicSearch","interaction":{"idSuffix":"I"}},"clearTextFirst":true,"interactionType":"ENTER_TEXT"}]}
RESULT: {"script":"<script> [776 bytes]","args":[{"enterText":"401002","selector":{"id":"application-ruinventorylist-display-component---Master--smartFilterBar-btnBasicSearch","interaction":{"idSuffix":"I"}},"clearTextFirst":true,"interactionType":"ENTER_TEXT"}]}
COMMAND: POST /session/5b1650577b6acd5a01838de84862d1f6/actions - {"actions":[{"id":"action8","type":"key","parameters":{},"actions":[{"type":"keyDown","value":"î€‡"},{"type":"pause","duration":10},{"type":"keyUp","value":"î€‡"}]}]}
RESULT: {"actions":[{"id":"action8","type":"key","parameters":{},"actions":[{"type":"keyDown","value":"î€‡"},{"type":"pause","duration":10},{"type":"keyUp","value":"î€‡"}]}]}
COMMAND: GET /session/5b1650577b6acd5a01838de84862d1f6/screenshot - {}
RESULT: {}
COMMAND: POST /session/5b1650577b6acd5a01838de84862d1f6/element - {"using":"xpath","value":"//span[@id=\"application-ruinventorylist-display-component---Master--smartTableRuInventoryList-header-inner\"]"}
RESULT: {"using":"xpath","value":"//span[@id=\"application-ruinventorylist-display-component---Master--smartTableRuInventoryList-header-inner\"]"}
COMMAND: POST /session/5b1650577b6acd5a01838de84862d1f6/elements - {"using":"xpath","value":"//span[@id=\"application-ruinventorylist-display-component---Master--smartTableRuInventoryList-header-inner\"]"}
RESULT: {"using":"xpath","value":"//span[@id=\"application-ruinventorylist-display-component---Master--smartTableRuInventoryList-header-inner\"]"}
COMMAND: POST /session/5b1650577b6acd5a01838de84862d1f6/execute/sync - {"script":"<script> [56 bytes]","args":[{"element-6066-11e4-a52e-4f735466cecf":"f.2029905E6D619BC8E09EAF6ED25AF0C5.d.D8A46E1E89919B973D3AB5B23AE3B9C8.e.735","ELEMENT":"f.2029905E6D619BC8E09EAF6ED25AF0C5.d.D8A46E1E89919B973D3AB5B23AE3B9C8.e.735"}]}
RESULT: {"script":"<script> [56 bytes]","args":[{"element-6066-11e4-a52e-4f735466cecf":"f.2029905E6D619BC8E09EAF6ED25AF0C5.d.D8A46E1E89919B973D3AB5B23AE3B9C8.e.735","ELEMENT":"f.2029905E6D619BC8E09EAF6ED25AF0C5.d.D8A46E1E89919B973D3AB5B23AE3B9C8.e.735"}]}
COMMAND: POST /session/5b1650577b6acd5a01838de84862d1f6/element - {"using":"xpath","value":"//table[contains(@id, \"application-ruinventorylist-display-component---Master--tableRuInventoryList-listUl\")]/tbody/tr[1]/td[2]/div/div"}
COMMAND: GET /session/5b1650577b6acd5a01838de84862d1f6/screenshot - {}
RESULT: {"using":"xpath","value":"//table[contains(@id, \"application-ruinventorylist-display-component---Master--tableRuInventoryList-listUl\")]/tbody/tr[1]/td[2]/div/div"}
COMMAND: POST /session/5b1650577b6acd5a01838de84862d1f6/element/f.2029905E6D619BC8E09EAF6ED25AF0C5.d.D8A46E1E89919B973D3AB5B23AE3B9C8.e.1559/click - {}
RESULT: {}
RESULT: {}
COMMAND: GET /session/5b1650577b6acd5a01838de84862d1f6/screenshot - {}
RESULT: {}
COMMAND: POST /session/5b1650577b6acd5a01838de84862d1f6/element - {"using":"xpath","value":"//div[contains(@id, \"smartFilterBar-btnBasicSearch-reset\")]"}
RESULT: {"using":"xpath","value":"//div[contains(@id, \"smartFilterBar-btnBasicSearch-reset\")]"}
COMMAND: POST /session/5b1650577b6acd5a01838de84862d1f6/element/f.2029905E6D619BC8E09EAF6ED25AF0C5.d.D8A46E1E89919B973D3AB5B23AE3B9C8.e.751/click - {}
RESULT: {}
COMMAND: GET /session/5b1650577b6acd5a01838de84862d1f6/screenshot - {}
RESULT: {}
COMMAND: POST /session/5b1650577b6acd5a01838de84862d1f6/element/f.2029905E6D619BC8E09EAF6ED25AF0C5.d.D8A46E1E89919B973D3AB5B23AE3B9C8.e.295/click - {}
RESULT: {}
COMMAND: GET /session/5b1650577b6acd5a01838de84862d1f6/screenshot - {}
RESULT: {}
RESULT: undefined
COMMAND: POST /session/5b1650577b6acd5a01838de84862d1f6/element - {"using":"xpath","value":"//*[@id=\"application-ruinventorylist-display-component---Master--ruStateTypes-arrow\"]"}
RESULT: {"using":"xpath","value":"//*[@id=\"application-ruinventorylist-display-component---Master--ruStateTypes-arrow\"]"}
COMMAND: POST /session/5b1650577b6acd5a01838de84862d1f6/element/f.2029905E6D619BC8E09EAF6ED25AF0C5.d.D8A46E1E89919B973D3AB5B23AE3B9C8.e.1717/click - {}
RESULT: {}
COMMAND: GET /session/5b1650577b6acd5a01838de84862d1f6/screenshot - {}
RESULT: {}
COMMAND: POST /session/5b1650577b6acd5a01838de84862d1f6/element - {"using":"xpath","value":"//li[.//span[text()=\"available\"]]"}
RESULT: {"using":"xpath","value":"//li[.//span[text()=\"available\"]]"}
COMMAND: POST /session/5b1650577b6acd5a01838de84862d1f6/element/f.2029905E6D619BC8E09EAF6ED25AF0C5.d.D8A46E1E89919B973D3AB5B23AE3B9C8.e.1718/click - {}
RESULT: {}
COMMAND: GET /session/5b1650577b6acd5a01838de84862d1f6/screenshot - {}
RESULT: {}
COMMAND: POST /session/5b1650577b6acd5a01838de84862d1f6/element - {"using":"xpath","value":"(//bdi[contains(text(), \"OK\")])[1]"}
RESULT: {"using":"xpath","value":"(//bdi[contains(text(), \"OK\")])[1]"}
COMMAND: POST /session/5b1650577b6acd5a01838de84862d1f6/element/f.2029905E6D619BC8E09EAF6ED25AF0C5.d.D8A46E1E89919B973D3AB5B23AE3B9C8.e.1719/click - {}
RESULT: {}
COMMAND: GET /session/5b1650577b6acd5a01838de84862d1f6/screenshot - {}
RESULT: {}
COMMAND: POST /session/5b1650577b6acd5a01838de84862d1f6/element - {"using":"xpath","value":"(//bdi[contains(text(), \"OK\")])[2]"}
RESULT: {"using":"xpath","value":"(//bdi[contains(text(), \"OK\")])[2]"}
COMMAND: POST /session/5b1650577b6acd5a01838de84862d1f6/element/f.2029905E6D619BC8E09EAF6ED25AF0C5.d.D8A46E1E89919B973D3AB5B23AE3B9C8.e.1724/click - {}
RESULT: {}
COMMAND: GET /session/5b1650577b6acd5a01838de84862d1f6/screenshot - {}
RESULT: {}
RESULT: undefined
COMMAND: POST /session/5b1650577b6acd5a01838de84862d1f6/execute/async - {"script":"<script> [776 bytes]","args":[{"enterText":"600002","selector":{"id":"application-ruinventorylist-display-component---Master--smartFilterBar-btnBasicSearch","interaction":{"idSuffix":"I"}},"clearTextFirst":true,"interactionType":"ENTER_TEXT"}]}
RESULT: {"script":"<script> [776 bytes]","args":[{"enterText":"600002","selector":{"id":"application-ruinventorylist-display-component---Master--smartFilterBar-btnBasicSearch","interaction":{"idSuffix":"I"}},"clearTextFirst":true,"interactionType":"ENTER_TEXT"}]}
COMMAND: POST /session/5b1650577b6acd5a01838de84862d1f6/actions - {"actions":[{"id":"action9","type":"key","parameters":{},"actions":[{"type":"keyDown","value":"î€‡"},{"type":"pause","duration":10},{"type":"keyUp","value":"î€‡"}]}]}
RESULT: {"actions":[{"id":"action9","type":"key","parameters":{},"actions":[{"type":"keyDown","value":"î€‡"},{"type":"pause","duration":10},{"type":"keyUp","value":"î€‡"}]}]}
COMMAND: GET /session/5b1650577b6acd5a01838de84862d1f6/screenshot - {}
RESULT: {}
COMMAND: POST /session/5b1650577b6acd5a01838de84862d1f6/element - {"using":"xpath","value":"//span[@id=\"application-ruinventorylist-display-component---Master--smartTableRuInventoryList-header-inner\"]"}
RESULT: {"using":"xpath","value":"//span[@id=\"application-ruinventorylist-display-component---Master--smartTableRuInventoryList-header-inner\"]"}
COMMAND: POST /session/5b1650577b6acd5a01838de84862d1f6/elements - {"using":"xpath","value":"//span[@id=\"application-ruinventorylist-display-component---Master--smartTableRuInventoryList-header-inner\"]"}
RESULT: {"using":"xpath","value":"//span[@id=\"application-ruinventorylist-display-component---Master--smartTableRuInventoryList-header-inner\"]"}
COMMAND: POST /session/5b1650577b6acd5a01838de84862d1f6/execute/sync - {"script":"<script> [56 bytes]","args":[{"element-6066-11e4-a52e-4f735466cecf":"f.2029905E6D619BC8E09EAF6ED25AF0C5.d.D8A46E1E89919B973D3AB5B23AE3B9C8.e.735","ELEMENT":"f.2029905E6D619BC8E09EAF6ED25AF0C5.d.D8A46E1E89919B973D3AB5B23AE3B9C8.e.735"}]}
RESULT: {"script":"<script> [56 bytes]","args":[{"element-6066-11e4-a52e-4f735466cecf":"f.2029905E6D619BC8E09EAF6ED25AF0C5.d.D8A46E1E89919B973D3AB5B23AE3B9C8.e.735","ELEMENT":"f.2029905E6D619BC8E09EAF6ED25AF0C5.d.D8A46E1E89919B973D3AB5B23AE3B9C8.e.735"}]}
COMMAND: POST /session/5b1650577b6acd5a01838de84862d1f6/element - {"using":"xpath","value":"//table[contains(@id, \"application-ruinventorylist-display-component---Master--tableRuInventoryList-listUl\")]/tbody/tr[1]/td[6]/div/span"}
COMMAND: GET /session/5b1650577b6acd5a01838de84862d1f6/screenshot - {}
RESULT: {"using":"xpath","value":"//table[contains(@id, \"application-ruinventorylist-display-component---Master--tableRuInventoryList-listUl\")]/tbody/tr[1]/td[6]/div/span"}
COMMAND: POST /session/5b1650577b6acd5a01838de84862d1f6/execute/sync - {"script":"<script> [56 bytes]","args":[{"element-6066-11e4-a52e-4f735466cecf":"f.2029905E6D619BC8E09EAF6ED25AF0C5.d.D8A46E1E89919B973D3AB5B23AE3B9C8.e.1748","ELEMENT":"f.2029905E6D619BC8E09EAF6ED25AF0C5.d.D8A46E1E89919B973D3AB5B23AE3B9C8.e.1748"}]}
RESULT: {}
RESULT: {"script":"<script> [56 bytes]","args":[{"element-6066-11e4-a52e-4f735466cecf":"f.2029905E6D619BC8E09EAF6ED25AF0C5.d.D8A46E1E89919B973D3AB5B23AE3B9C8.e.1748","ELEMENT":"f.2029905E6D619BC8E09EAF6ED25AF0C5.d.D8A46E1E89919B973D3AB5B23AE3B9C8.e.1748"}]}
COMMAND: POST /session/5b1650577b6acd5a01838de84862d1f6/element - {"using":"xpath","value":"//div[contains(@id, \"smartFilterBar-btnBasicSearch-reset\")]"}
COMMAND: GET /session/5b1650577b6acd5a01838de84862d1f6/screenshot - {}
RESULT: {"using":"xpath","value":"//div[contains(@id, \"smartFilterBar-btnBasicSearch-reset\")]"}
COMMAND: POST /session/5b1650577b6acd5a01838de84862d1f6/element/f.2029905E6D619BC8E09EAF6ED25AF0C5.d.D8A46E1E89919B973D3AB5B23AE3B9C8.e.751/click - {}
RESULT: {}
RESULT: {}
COMMAND: GET /session/5b1650577b6acd5a01838de84862d1f6/screenshot - {}
RESULT: {}
RESULT: undefined
COMMAND: POST /session/5b1650577b6acd5a01838de84862d1f6/execute/async - {"script":"<script> [776 bytes]","args":[{"enterText":"401002","selector":{"id":"application-ruinventorylist-display-component---Master--smartFilterBar-btnBasicSearch","interaction":{"idSuffix":"I"}},"clearTextFirst":true,"interactionType":"ENTER_TEXT"}]}
RESULT: {"script":"<script> [776 bytes]","args":[{"enterText":"401002","selector":{"id":"application-ruinventorylist-display-component---Master--smartFilterBar-btnBasicSearch","interaction":{"idSuffix":"I"}},"clearTextFirst":true,"interactionType":"ENTER_TEXT"}]}
COMMAND: POST /session/5b1650577b6acd5a01838de84862d1f6/actions - {"actions":[{"id":"action10","type":"key","parameters":{},"actions":[{"type":"keyDown","value":"î€‡"},{"type":"pause","duration":10},{"type":"keyUp","value":"î€‡"}]}]}
RESULT: {"actions":[{"id":"action10","type":"key","parameters":{},"actions":[{"type":"keyDown","value":"î€‡"},{"type":"pause","duration":10},{"type":"keyUp","value":"î€‡"}]}]}
COMMAND: GET /session/5b1650577b6acd5a01838de84862d1f6/screenshot - {}
RESULT: {}
COMMAND: POST /session/5b1650577b6acd5a01838de84862d1f6/element - {"using":"xpath","value":"//span[@id=\"application-ruinventorylist-display-component---Master--smartTableRuInventoryList-header-inner\"]"}
RESULT: {"using":"xpath","value":"//span[@id=\"application-ruinventorylist-display-component---Master--smartTableRuInventoryList-header-inner\"]"}
COMMAND: POST /session/5b1650577b6acd5a01838de84862d1f6/elements - {"using":"xpath","value":"//span[@id=\"application-ruinventorylist-display-component---Master--smartTableRuInventoryList-header-inner\"]"}
RESULT: {"using":"xpath","value":"//span[@id=\"application-ruinventorylist-display-component---Master--smartTableRuInventoryList-header-inner\"]"}
COMMAND: POST /session/5b1650577b6acd5a01838de84862d1f6/execute/sync - {"script":"<script> [56 bytes]","args":[{"element-6066-11e4-a52e-4f735466cecf":"f.2029905E6D619BC8E09EAF6ED25AF0C5.d.D8A46E1E89919B973D3AB5B23AE3B9C8.e.735","ELEMENT":"f.2029905E6D619BC8E09EAF6ED25AF0C5.d.D8A46E1E89919B973D3AB5B23AE3B9C8.e.735"}]}
RESULT: {"script":"<script> [56 bytes]","args":[{"element-6066-11e4-a52e-4f735466cecf":"f.2029905E6D619BC8E09EAF6ED25AF0C5.d.D8A46E1E89919B973D3AB5B23AE3B9C8.e.735","ELEMENT":"f.2029905E6D619BC8E09EAF6ED25AF0C5.d.D8A46E1E89919B973D3AB5B23AE3B9C8.e.735"}]}
COMMAND: POST /session/5b1650577b6acd5a01838de84862d1f6/element - {"using":"xpath","value":"//table[contains(@id, \"application-ruinventorylist-display-component---Master--tableRuInventoryList-listUl\")]/tbody/tr[1]/td[6]/div/span"}
COMMAND: GET /session/5b1650577b6acd5a01838de84862d1f6/screenshot - {}
RESULT: {"using":"xpath","value":"//table[contains(@id, \"application-ruinventorylist-display-component---Master--tableRuInventoryList-listUl\")]/tbody/tr[1]/td[6]/div/span"}
COMMAND: POST /session/5b1650577b6acd5a01838de84862d1f6/execute/sync - {"script":"<script> [56 bytes]","args":[{"element-6066-11e4-a52e-4f735466cecf":"f.2029905E6D619BC8E09EAF6ED25AF0C5.d.D8A46E1E89919B973D3AB5B23AE3B9C8.e.1827","ELEMENT":"f.2029905E6D619BC8E09EAF6ED25AF0C5.d.D8A46E1E89919B973D3AB5B23AE3B9C8.e.1827"}]}
RESULT: {}
RESULT: {"script":"<script> [56 bytes]","args":[{"element-6066-11e4-a52e-4f735466cecf":"f.2029905E6D619BC8E09EAF6ED25AF0C5.d.D8A46E1E89919B973D3AB5B23AE3B9C8.e.1827","ELEMENT":"f.2029905E6D619BC8E09EAF6ED25AF0C5.d.D8A46E1E89919B973D3AB5B23AE3B9C8.e.1827"}]}
COMMAND: POST /session/5b1650577b6acd5a01838de84862d1f6/element - {"using":"xpath","value":"//div[contains(@id, \"smartFilterBar-btnBasicSearch-reset\")]"}
COMMAND: GET /session/5b1650577b6acd5a01838de84862d1f6/screenshot - {}
RESULT: {"using":"xpath","value":"//div[contains(@id, \"smartFilterBar-btnBasicSearch-reset\")]"}
COMMAND: POST /session/5b1650577b6acd5a01838de84862d1f6/element/f.2029905E6D619BC8E09EAF6ED25AF0C5.d.D8A46E1E89919B973D3AB5B23AE3B9C8.e.751/click - {}
RESULT: {}
RESULT: {}
COMMAND: GET /session/5b1650577b6acd5a01838de84862d1f6/screenshot - {}
RESULT: {}
COMMAND: POST /session/5b1650577b6acd5a01838de84862d1f6/element - {"using":"css selector","value":"#shell-header-logo"}
RESULT: {"using":"css selector","value":"#shell-header-logo"}
COMMAND: POST /session/5b1650577b6acd5a01838de84862d1f6/element/f.2029905E6D619BC8E09EAF6ED25AF0C5.d.D8A46E1E89919B973D3AB5B23AE3B9C8.e.264/click - {}
RESULT: {}
COMMAND: GET /session/5b1650577b6acd5a01838de84862d1f6/screenshot - {}
RESULT: {}
]]></system-out>
    </testcase>
    <testcase classname="chrome.136_0_7103_93.windows.RU_Inventory_Mass_State_Change_Multiple_Items_US151066" name="Prerequisite Step 2 Should create a new equipment" time="148.248">
      <system-out><![CDATA[
COMMAND: POST /session/5b1650577b6acd5a01838de84862d1f6/execute/async - {"script":"<script> [1562 bytes]","args":[{"selector":{"controlType":"sap.m.GenericTile","properties":{"header":"Manage Resources"}},"wdio_ui5_key":"sapm.GenericTile{\"header\":\"Manage Resources\"}"}]}
RESULT: {"script":"<script> [1562 bytes]","args":[{"selector":{"controlType":"sap.m.GenericTile","properties":{"header":"Manage Resources"}},"wdio_ui5_key":"sapm.GenericTile{\"header\":\"Manage Resources\"}"}]}
RESULT: undefined
COMMAND: POST /session/5b1650577b6acd5a01838de84862d1f6/element - {"using":"xpath","value":"//*[@id=\"__tile39\"]"}
RESULT: {"using":"xpath","value":"//*[@id=\"__tile39\"]"}
COMMAND: POST /session/5b1650577b6acd5a01838de84862d1f6/element/f.2029905E6D619BC8E09EAF6ED25AF0C5.d.D8A46E1E89919B973D3AB5B23AE3B9C8.e.151/click - {}
RESULT: {}
COMMAND: GET /session/5b1650577b6acd5a01838de84862d1f6/screenshot - {}
RESULT: {}
COMMAND: POST /session/5b1650577b6acd5a01838de84862d1f6/elements - {"using":"xpath","value":"//span[text()='Error']"}
RESULT: {"using":"xpath","value":"//span[text()='Error']"}
COMMAND: POST /session/5b1650577b6acd5a01838de84862d1f6/element - {"using":"xpath","value":"//button[@data-kt=\"addNewRUOverflowToolbarButton\"]"}
RESULT: {"using":"xpath","value":"//button[@data-kt=\"addNewRUOverflowToolbarButton\"]"}
COMMAND: POST /session/5b1650577b6acd5a01838de84862d1f6/elements - {"using":"xpath","value":"//button[@data-kt=\"addNewRUOverflowToolbarButton\"]"}
RESULT: {"using":"xpath","value":"//button[@data-kt=\"addNewRUOverflowToolbarButton\"]"}
COMMAND: POST /session/5b1650577b6acd5a01838de84862d1f6/execute/sync - {"script":"<script> [8489 bytes]","args":[{"element-6066-11e4-a52e-4f735466cecf":"f.2029905E6D619BC8E09EAF6ED25AF0C5.d.D8A46E1E89919B973D3AB5B23AE3B9C8.e.1940","ELEMENT":"f.2029905E6D619BC8E09EAF6ED25AF0C5.d.D8A46E1E89919B973D3AB5B23AE3B9C8.e.1940"}]}
RESULT: {"script":"<script> [8489 bytes]","args":[{"element-6066-11e4-a52e-4f735466cecf":"f.2029905E6D619BC8E09EAF6ED25AF0C5.d.D8A46E1E89919B973D3AB5B23AE3B9C8.e.1940","ELEMENT":"f.2029905E6D619BC8E09EAF6ED25AF0C5.d.D8A46E1E89919B973D3AB5B23AE3B9C8.e.1940"}]}
COMMAND: GET /session/5b1650577b6acd5a01838de84862d1f6/element/f.2029905E6D619BC8E09EAF6ED25AF0C5.d.D8A46E1E89919B973D3AB5B23AE3B9C8.e.1940/enabled - {}
COMMAND: GET /session/5b1650577b6acd5a01838de84862d1f6/screenshot - {}
RESULT: {}
COMMAND: POST /session/5b1650577b6acd5a01838de84862d1f6/execute/sync - {"script":"<script> [8489 bytes]","args":[{"element-6066-11e4-a52e-4f735466cecf":"f.2029905E6D619BC8E09EAF6ED25AF0C5.d.D8A46E1E89919B973D3AB5B23AE3B9C8.e.1940","ELEMENT":"f.2029905E6D619BC8E09EAF6ED25AF0C5.d.D8A46E1E89919B973D3AB5B23AE3B9C8.e.1940"}]}
COMMAND: GET /session/5b1650577b6acd5a01838de84862d1f6/screenshot - {}
RESULT: {}
RESULT: {"script":"<script> [8489 bytes]","args":[{"element-6066-11e4-a52e-4f735466cecf":"f.2029905E6D619BC8E09EAF6ED25AF0C5.d.D8A46E1E89919B973D3AB5B23AE3B9C8.e.1940","ELEMENT":"f.2029905E6D619BC8E09EAF6ED25AF0C5.d.D8A46E1E89919B973D3AB5B23AE3B9C8.e.1940"}]}
COMMAND: POST /session/5b1650577b6acd5a01838de84862d1f6/execute/sync - {"script":"<script> [5351 bytes]","args":[{"element-6066-11e4-a52e-4f735466cecf":"f.2029905E6D619BC8E09EAF6ED25AF0C5.d.D8A46E1E89919B973D3AB5B23AE3B9C8.e.1940","ELEMENT":"f.2029905E6D619BC8E09EAF6ED25AF0C5.d.D8A46E1E89919B973D3AB5B23AE3B9C8.e.1940"}]}
COMMAND: GET /session/5b1650577b6acd5a01838de84862d1f6/screenshot - {}
RESULT: {}
RESULT: {"script":"<script> [5351 bytes]","args":[{"element-6066-11e4-a52e-4f735466cecf":"f.2029905E6D619BC8E09EAF6ED25AF0C5.d.D8A46E1E89919B973D3AB5B23AE3B9C8.e.1940","ELEMENT":"f.2029905E6D619BC8E09EAF6ED25AF0C5.d.D8A46E1E89919B973D3AB5B23AE3B9C8.e.1940"}]}
COMMAND: POST /session/5b1650577b6acd5a01838de84862d1f6/element/f.2029905E6D619BC8E09EAF6ED25AF0C5.d.D8A46E1E89919B973D3AB5B23AE3B9C8.e.1940/click - {}
COMMAND: GET /session/5b1650577b6acd5a01838de84862d1f6/screenshot - {}
RESULT: {}
RESULT: {}
COMMAND: GET /session/5b1650577b6acd5a01838de84862d1f6/screenshot - {}
COMMAND: POST /session/5b1650577b6acd5a01838de84862d1f6/execute/async - {"script":"<script> [1562 bytes]","args":[{"selector":{"id":"application-manageresources-display-component---newResourceUnit--TYPE-arrow"},"wdio_ui5_key":"applicationmanageresources-display-component---newResourceUnit--TYPE-arrow"}]}
RESULT: {}
RESULT: {}
RESULT: {"script":"<script> [1562 bytes]","args":[{"selector":{"id":"application-manageresources-display-component---newResourceUnit--TYPE-arrow"},"wdio_ui5_key":"applicationmanageresources-display-component---newResourceUnit--TYPE-arrow"}]}
RESULT: undefined
COMMAND: POST /session/5b1650577b6acd5a01838de84862d1f6/element - {"using":"xpath","value":"//*[@id=\"application-manageresources-display-component---newResourceUnit--TYPE-arrow\"]"}
RESULT: {"using":"xpath","value":"//*[@id=\"application-manageresources-display-component---newResourceUnit--TYPE-arrow\"]"}
COMMAND: POST /session/5b1650577b6acd5a01838de84862d1f6/element/f.2029905E6D619BC8E09EAF6ED25AF0C5.d.D8A46E1E89919B973D3AB5B23AE3B9C8.e.2289/click - {}
RESULT: {}
COMMAND: POST /session/5b1650577b6acd5a01838de84862d1f6/element - {"using":"xpath","value":"//input[@id=\"application-manageresources-display-component---newResourceUnit--TYPE-inner\"]"}
COMMAND: GET /session/5b1650577b6acd5a01838de84862d1f6/screenshot - {}
RESULT: {}
RESULT: {"using":"xpath","value":"//input[@id=\"application-manageresources-display-component---newResourceUnit--TYPE-inner\"]"}
COMMAND: POST /session/5b1650577b6acd5a01838de84862d1f6/element/f.2029905E6D619BC8E09EAF6ED25AF0C5.d.D8A46E1E89919B973D3AB5B23AE3B9C8.e.2282/clear - {}
RESULT: {}
COMMAND: POST /session/5b1650577b6acd5a01838de84862d1f6/element/f.2029905E6D619BC8E09EAF6ED25AF0C5.d.D8A46E1E89919B973D3AB5B23AE3B9C8.e.2282/value - {"text":"Equipment"}
COMMAND: GET /session/5b1650577b6acd5a01838de84862d1f6/screenshot - {}
RESULT: {"text":"Equipment"}
COMMAND: GET /session/5b1650577b6acd5a01838de84862d1f6/screenshot - {}
RESULT: {}
RESULT: {}
COMMAND: POST /session/5b1650577b6acd5a01838de84862d1f6/actions - {"actions":[{"id":"action11","type":"key","parameters":{},"actions":[{"type":"keyDown","value":"î€‡"},{"type":"pause","duration":10},{"type":"keyUp","value":"î€‡"}]}]}
RESULT: {"actions":[{"id":"action11","type":"key","parameters":{},"actions":[{"type":"keyDown","value":"î€‡"},{"type":"pause","duration":10},{"type":"keyUp","value":"î€‡"}]}]}
COMMAND: POST /session/5b1650577b6acd5a01838de84862d1f6/execute/async - {"script":"<script> [1562 bytes]","args":[{"selector":{"id":"application-manageresources-display-component---newResourceUnit--resourceId","interaction":{"idSuffix":"inner"}},"wdio_ui5_key":"applicationmanageresources-display-component---newResourceUnit--resourceId"}]}
COMMAND: GET /session/5b1650577b6acd5a01838de84862d1f6/screenshot - {}
RESULT: {"script":"<script> [1562 bytes]","args":[{"selector":{"id":"application-manageresources-display-component---newResourceUnit--resourceId","interaction":{"idSuffix":"inner"}},"wdio_ui5_key":"applicationmanageresources-display-component---newResourceUnit--resourceId"}]}
RESULT: undefined
COMMAND: POST /session/5b1650577b6acd5a01838de84862d1f6/execute/async - {"script":"<script> [776 bytes]","args":[{"enterText":"RWoZ9hItQx","selector":{"id":"application-manageresources-display-component---newResourceUnit--resourceId","interaction":{"idSuffix":"inner"}},"clearTextFirst":true,"interactionType":"ENTER_TEXT"}]}
RESULT: {}
RESULT: {"script":"<script> [776 bytes]","args":[{"enterText":"RWoZ9hItQx","selector":{"id":"application-manageresources-display-component---newResourceUnit--resourceId","interaction":{"idSuffix":"inner"}},"clearTextFirst":true,"interactionType":"ENTER_TEXT"}]}
COMMAND: POST /session/5b1650577b6acd5a01838de84862d1f6/execute/async - {"script":"<script> [1562 bytes]","args":[{"selector":{"id":"application-manageresources-display-component---newResourceUnit--SHORT_TEXT","interaction":{"idSuffix":"inner"}},"wdio_ui5_key":"applicationmanageresources-display-component---newResourceUnit--SHORT_TEXT"}]}
RESULT: {"script":"<script> [1562 bytes]","args":[{"selector":{"id":"application-manageresources-display-component---newResourceUnit--SHORT_TEXT","interaction":{"idSuffix":"inner"}},"wdio_ui5_key":"applicationmanageresources-display-component---newResourceUnit--SHORT_TEXT"}]}
RESULT: undefined
COMMAND: POST /session/5b1650577b6acd5a01838de84862d1f6/execute/async - {"script":"<script> [776 bytes]","args":[{"enterText":"Intercompany Equipment WDIO","selector":{"id":"application-manageresources-display-component---newResourceUnit--SHORT_TEXT","interaction":{"idSuffix":"inner"}},"clearTextFirst":true,"interactionType":"ENTER_TEXT"}]}
RESULT: {"script":"<script> [776 bytes]","args":[{"enterText":"Intercompany Equipment WDIO","selector":{"id":"application-manageresources-display-component---newResourceUnit--SHORT_TEXT","interaction":{"idSuffix":"inner"}},"clearTextFirst":true,"interactionType":"ENTER_TEXT"}]}
COMMAND: POST /session/5b1650577b6acd5a01838de84862d1f6/execute/async - {"script":"<script> [1562 bytes]","args":[{"selector":{"id":"application-manageresources-display-component---newResourceUnit--BASE_UNIT_OF_MEASURE","interaction":{"idSuffix":"inner"}},"wdio_ui5_key":"applicationmanageresources-display-component---newResourceUnit--BASE_UNIT_OF_MEASURE"}]}
RESULT: {"script":"<script> [1562 bytes]","args":[{"selector":{"id":"application-manageresources-display-component---newResourceUnit--BASE_UNIT_OF_MEASURE","interaction":{"idSuffix":"inner"}},"wdio_ui5_key":"applicationmanageresources-display-component---newResourceUnit--BASE_UNIT_OF_MEASURE"}]}
RESULT: undefined
COMMAND: POST /session/5b1650577b6acd5a01838de84862d1f6/execute/async - {"script":"<script> [776 bytes]","args":[{"enterText":"Piece","selector":{"id":"application-manageresources-display-component---newResourceUnit--BASE_UNIT_OF_MEASURE","interaction":{"idSuffix":"inner"}},"clearTextFirst":true,"interactionType":"ENTER_TEXT"}]}
RESULT: {"script":"<script> [776 bytes]","args":[{"enterText":"Piece","selector":{"id":"application-manageresources-display-component---newResourceUnit--BASE_UNIT_OF_MEASURE","interaction":{"idSuffix":"inner"}},"clearTextFirst":true,"interactionType":"ENTER_TEXT"}]}
COMMAND: POST /session/5b1650577b6acd5a01838de84862d1f6/execute/async - {"script":"<script> [1562 bytes]","args":[{"selector":{"id":"application-manageresources-display-component---newResourceUnit--WEIGHT_UNIT","interaction":{"idSuffix":"inner"}},"wdio_ui5_key":"applicationmanageresources-display-component---newResourceUnit--WEIGHT_UNIT"}]}
RESULT: {"script":"<script> [1562 bytes]","args":[{"selector":{"id":"application-manageresources-display-component---newResourceUnit--WEIGHT_UNIT","interaction":{"idSuffix":"inner"}},"wdio_ui5_key":"applicationmanageresources-display-component---newResourceUnit--WEIGHT_UNIT"}]}
RESULT: undefined
COMMAND: POST /session/5b1650577b6acd5a01838de84862d1f6/execute/async - {"script":"<script> [776 bytes]","args":[{"enterText":"Gram","selector":{"id":"application-manageresources-display-component---newResourceUnit--WEIGHT_UNIT","interaction":{"idSuffix":"inner"}},"clearTextFirst":true,"interactionType":"ENTER_TEXT"}]}
RESULT: {"script":"<script> [776 bytes]","args":[{"enterText":"Gram","selector":{"id":"application-manageresources-display-component---newResourceUnit--WEIGHT_UNIT","interaction":{"idSuffix":"inner"}},"clearTextFirst":true,"interactionType":"ENTER_TEXT"}]}
COMMAND: POST /session/5b1650577b6acd5a01838de84862d1f6/execute/async - {"script":"<script> [1562 bytes]","args":[{"selector":{"id":"application-manageresources-display-component---newResourceUnit--DIMENSION_UNIT","interaction":{"idSuffix":"inner"}},"wdio_ui5_key":"applicationmanageresources-display-component---newResourceUnit--DIMENSION_UNIT"}]}
RESULT: {"script":"<script> [1562 bytes]","args":[{"selector":{"id":"application-manageresources-display-component---newResourceUnit--DIMENSION_UNIT","interaction":{"idSuffix":"inner"}},"wdio_ui5_key":"applicationmanageresources-display-component---newResourceUnit--DIMENSION_UNIT"}]}
RESULT: undefined
COMMAND: POST /session/5b1650577b6acd5a01838de84862d1f6/execute/async - {"script":"<script> [776 bytes]","args":[{"enterText":"Meter","selector":{"id":"application-manageresources-display-component---newResourceUnit--DIMENSION_UNIT","interaction":{"idSuffix":"inner"}},"clearTextFirst":true,"interactionType":"ENTER_TEXT"}]}
RESULT: {"script":"<script> [776 bytes]","args":[{"enterText":"Meter","selector":{"id":"application-manageresources-display-component---newResourceUnit--DIMENSION_UNIT","interaction":{"idSuffix":"inner"}},"clearTextFirst":true,"interactionType":"ENTER_TEXT"}]}
COMMAND: POST /session/5b1650577b6acd5a01838de84862d1f6/execute/async - {"script":"<script> [1562 bytes]","args":[{"selector":{"id":"application-manageresources-display-component---newResourceUnit--newRRUPage-anchBar-application-manageresources-display-component---newResourceUnit--control-anchor","interaction":{"idSuffix":"BDI-content"}},"wdio_ui5_key":"applicationmanageresources-display-component---newResourceUnit--newRRUPage-anchBar-application-manageresources-display-component---newResourceUnit--control-anchor"}]}
RESULT: {"script":"<script> [1562 bytes]","args":[{"selector":{"id":"application-manageresources-display-component---newResourceUnit--newRRUPage-anchBar-application-manageresources-display-component---newResourceUnit--control-anchor","interaction":{"idSuffix":"BDI-content"}},"wdio_ui5_key":"applicationmanageresources-display-component---newResourceUnit--newRRUPage-anchBar-application-manageresources-display-component---newResourceUnit--control-anchor"}]}
RESULT: undefined
COMMAND: POST /session/5b1650577b6acd5a01838de84862d1f6/element - {"using":"xpath","value":"//*[@id=\"application-manageresources-display-component---newResourceUnit--newRRUPage-anchBar-application-manageresources-display-component---newResourceUnit--control-anchor\"]"}
RESULT: {"using":"xpath","value":"//*[@id=\"application-manageresources-display-component---newResourceUnit--newRRUPage-anchBar-application-manageresources-display-component---newResourceUnit--control-anchor\"]"}
COMMAND: POST /session/5b1650577b6acd5a01838de84862d1f6/element/f.2029905E6D619BC8E09EAF6ED25AF0C5.d.D8A46E1E89919B973D3AB5B23AE3B9C8.e.2422/click - {}
RESULT: {}
COMMAND: POST /session/5b1650577b6acd5a01838de84862d1f6/execute/async - {"script":"<script> [1562 bytes]","args":[{"selector":{"id":"application-manageresources-display-component---newResourceUnit--PLANNING_GROUP","interaction":{"idSuffix":"inner"}},"wdio_ui5_key":"applicationmanageresources-display-component---newResourceUnit--PLANNING_GROUP"}]}
COMMAND: GET /session/5b1650577b6acd5a01838de84862d1f6/screenshot - {}
RESULT: {"script":"<script> [1562 bytes]","args":[{"selector":{"id":"application-manageresources-display-component---newResourceUnit--PLANNING_GROUP","interaction":{"idSuffix":"inner"}},"wdio_ui5_key":"applicationmanageresources-display-component---newResourceUnit--PLANNING_GROUP"}]}
RESULT: undefined
COMMAND: POST /session/5b1650577b6acd5a01838de84862d1f6/execute/async - {"script":"<script> [776 bytes]","args":[{"enterText":"Heavy Equi","selector":{"id":"application-manageresources-display-component---newResourceUnit--PLANNING_GROUP","interaction":{"idSuffix":"inner"}},"clearTextFirst":true,"interactionType":"ENTER_TEXT"}]}
RESULT: {}
RESULT: {"script":"<script> [776 bytes]","args":[{"enterText":"Heavy Equi","selector":{"id":"application-manageresources-display-component---newResourceUnit--PLANNING_GROUP","interaction":{"idSuffix":"inner"}},"clearTextFirst":true,"interactionType":"ENTER_TEXT"}]}
COMMAND: POST /session/5b1650577b6acd5a01838de84862d1f6/execute/async - {"script":"<script> [1562 bytes]","args":[{"selector":{"id":"application-manageresources-display-component---newResourceUnit--ITEM_TYPE-arrow"},"wdio_ui5_key":"applicationmanageresources-display-component---newResourceUnit--ITEM_TYPE-arrow"}]}
RESULT: {"script":"<script> [1562 bytes]","args":[{"selector":{"id":"application-manageresources-display-component---newResourceUnit--ITEM_TYPE-arrow"},"wdio_ui5_key":"applicationmanageresources-display-component---newResourceUnit--ITEM_TYPE-arrow"}]}
RESULT: undefined
COMMAND: POST /session/5b1650577b6acd5a01838de84862d1f6/element - {"using":"xpath","value":"//*[@id=\"application-manageresources-display-component---newResourceUnit--ITEM_TYPE-arrow\"]"}
RESULT: {"using":"xpath","value":"//*[@id=\"application-manageresources-display-component---newResourceUnit--ITEM_TYPE-arrow\"]"}
COMMAND: POST /session/5b1650577b6acd5a01838de84862d1f6/element/f.2029905E6D619BC8E09EAF6ED25AF0C5.d.D8A46E1E89919B973D3AB5B23AE3B9C8.e.2431/click - {}
RESULT: {}
COMMAND: POST /session/5b1650577b6acd5a01838de84862d1f6/element - {"using":"xpath","value":"(//span[contains(text(), \"Resource Unit\")])[2]"}
COMMAND: GET /session/5b1650577b6acd5a01838de84862d1f6/screenshot - {}
RESULT: {"using":"xpath","value":"(//span[contains(text(), \"Resource Unit\")])[2]"}
COMMAND: POST /session/5b1650577b6acd5a01838de84862d1f6/element/f.2029905E6D619BC8E09EAF6ED25AF0C5.d.D8A46E1E89919B973D3AB5B23AE3B9C8.e.2432/click - {}
RESULT: {}
RESULT: {}
COMMAND: GET /session/5b1650577b6acd5a01838de84862d1f6/screenshot - {}
RESULT: {}
COMMAND: POST /session/5b1650577b6acd5a01838de84862d1f6/element - {"using":"css selector","value":"#application-manageresources-display-component---newResourceUnit--btnAddTimeSegment"}
RESULT: {"using":"css selector","value":"#application-manageresources-display-component---newResourceUnit--btnAddTimeSegment"}
COMMAND: GET /session/5b1650577b6acd5a01838de84862d1f6/element/f.2029905E6D619BC8E09EAF6ED25AF0C5.d.D8A46E1E89919B973D3AB5B23AE3B9C8.e.2433/rect - {}
RESULT: {}
COMMAND: GET /session/5b1650577b6acd5a01838de84862d1f6/window/rect - {}
RESULT: {}
COMMAND: POST /session/5b1650577b6acd5a01838de84862d1f6/execute/sync - {"script":"<script> [92 bytes]","args":[]}
RESULT: {"script":"<script> [92 bytes]","args":[]}
COMMAND: POST /session/5b1650577b6acd5a01838de84862d1f6/actions - {"actions":[{"id":"action12","type":"wheel","parameters":{},"actions":[{"type":"scroll","x":-1888,"y":-32,"deltaX":0,"deltaY":0,"duration":0,"origin":{"element-6066-11e4-a52e-4f735466cecf":"f.2029905E6D619BC8E09EAF6ED25AF0C5.d.D8A46E1E89919B973D3AB5B23AE3B9C8.e.2433"}}]}]}
COMMAND: GET /session/5b1650577b6acd5a01838de84862d1f6/screenshot - {}
RESULT: {}
COMMAND: POST /session/5b1650577b6acd5a01838de84862d1f6/execute/sync - {"script":"<script> [79 bytes]","args":[{"element-6066-11e4-a52e-4f735466cecf":"f.2029905E6D619BC8E09EAF6ED25AF0C5.d.D8A46E1E89919B973D3AB5B23AE3B9C8.e.2433","ELEMENT":"f.2029905E6D619BC8E09EAF6ED25AF0C5.d.D8A46E1E89919B973D3AB5B23AE3B9C8.e.2433"},{"block":"start","inline":"nearest"}]}
RESULT: {"script":"<script> [79 bytes]","args":[{"element-6066-11e4-a52e-4f735466cecf":"f.2029905E6D619BC8E09EAF6ED25AF0C5.d.D8A46E1E89919B973D3AB5B23AE3B9C8.e.2433","ELEMENT":"f.2029905E6D619BC8E09EAF6ED25AF0C5.d.D8A46E1E89919B973D3AB5B23AE3B9C8.e.2433"},{"block":"start","inline":"nearest"}]}
COMMAND: POST /session/5b1650577b6acd5a01838de84862d1f6/execute/async - {"script":"<script> [1562 bytes]","args":[{"selector":{"id":"application-manageresources-display-component---newResourceUnit--btnAddTimeSegment","interaction":{"idSuffix":"inner"}},"wdio_ui5_key":"applicationmanageresources-display-component---newResourceUnit--btnAddTimeSegment"}]}
COMMAND: GET /session/5b1650577b6acd5a01838de84862d1f6/screenshot - {}
RESULT: {"script":"<script> [1562 bytes]","args":[{"selector":{"id":"application-manageresources-display-component---newResourceUnit--btnAddTimeSegment","interaction":{"idSuffix":"inner"}},"wdio_ui5_key":"applicationmanageresources-display-component---newResourceUnit--btnAddTimeSegment"}]}
RESULT: undefined
COMMAND: POST /session/5b1650577b6acd5a01838de84862d1f6/element - {"using":"xpath","value":"//*[@id=\"application-manageresources-display-component---newResourceUnit--btnAddTimeSegment\"]"}
RESULT: {}
RESULT: {"using":"xpath","value":"//*[@id=\"application-manageresources-display-component---newResourceUnit--btnAddTimeSegment\"]"}
COMMAND: POST /session/5b1650577b6acd5a01838de84862d1f6/element/f.2029905E6D619BC8E09EAF6ED25AF0C5.d.D8A46E1E89919B973D3AB5B23AE3B9C8.e.2433/click - {}
RESULT: {}
COMMAND: GET /session/5b1650577b6acd5a01838de84862d1f6/screenshot - {}
RESULT: {}
COMMAND: POST /session/5b1650577b6acd5a01838de84862d1f6/element - {"using":"xpath","value":"//input[@id=\"application-manageresources-display-component---newResourceUnit--idRuTSAdmin-application-manageresources-display-component---newResourceUnit--RUTimeSegment-0-inner\"]"}
RESULT: {"using":"xpath","value":"//input[@id=\"application-manageresources-display-component---newResourceUnit--idRuTSAdmin-application-manageresources-display-component---newResourceUnit--RUTimeSegment-0-inner\"]"}
COMMAND: POST /session/5b1650577b6acd5a01838de84862d1f6/element/f.2029905E6D619BC8E09EAF6ED25AF0C5.d.D8A46E1E89919B973D3AB5B23AE3B9C8.e.2439/clear - {}
RESULT: {}
COMMAND: POST /session/5b1650577b6acd5a01838de84862d1f6/element/f.2029905E6D619BC8E09EAF6ED25AF0C5.d.D8A46E1E89919B973D3AB5B23AE3B9C8.e.2439/value - {"text":"109"}
COMMAND: GET /session/5b1650577b6acd5a01838de84862d1f6/screenshot - {}
RESULT: {"text":"109"}
COMMAND: GET /session/5b1650577b6acd5a01838de84862d1f6/screenshot - {}
RESULT: {}
RESULT: {}
COMMAND: POST /session/5b1650577b6acd5a01838de84862d1f6/element - {"using":"xpath","value":"//li[.//span[text()='109']]"}
RESULT: {"using":"xpath","value":"//li[.//span[text()='109']]"}
COMMAND: POST /session/5b1650577b6acd5a01838de84862d1f6/element/f.2029905E6D619BC8E09EAF6ED25AF0C5.d.D8A46E1E89919B973D3AB5B23AE3B9C8.e.2451/click - {}
RESULT: {}
COMMAND: GET /session/5b1650577b6acd5a01838de84862d1f6/screenshot - {}
RESULT: {}
COMMAND: POST /session/5b1650577b6acd5a01838de84862d1f6/element - {"using":"xpath","value":"(//span[contains(@id, \"-application-manageresources-display-component---newResourceUnit--RUTimeSegment-0-arrow\")])[6]"}
RESULT: {"using":"xpath","value":"(//span[contains(@id, \"-application-manageresources-display-component---newResourceUnit--RUTimeSegment-0-arrow\")])[6]"}
COMMAND: POST /session/5b1650577b6acd5a01838de84862d1f6/element/f.2029905E6D619BC8E09EAF6ED25AF0C5.d.D8A46E1E89919B973D3AB5B23AE3B9C8.e.2452/click - {}
RESULT: {}
COMMAND: GET /session/5b1650577b6acd5a01838de84862d1f6/screenshot - {}
RESULT: {}
COMMAND: POST /session/5b1650577b6acd5a01838de84862d1f6/element - {"using":"xpath","value":"//span[contains(text(), \"PM Order\")]"}
RESULT: {"using":"xpath","value":"//span[contains(text(), \"PM Order\")]"}
COMMAND: POST /session/5b1650577b6acd5a01838de84862d1f6/element/f.2029905E6D619BC8E09EAF6ED25AF0C5.d.D8A46E1E89919B973D3AB5B23AE3B9C8.e.2455/click - {}
RESULT: {}
COMMAND: GET /session/5b1650577b6acd5a01838de84862d1f6/screenshot - {}
RESULT: {}
COMMAND: POST /session/5b1650577b6acd5a01838de84862d1f6/element - {"using":"xpath","value":"(//span[contains(@id ,\"manageresources-display-component---newResourceUnit--RUTimeSegment-0-vhi\")])[1]"}
RESULT: {"using":"xpath","value":"(//span[contains(@id ,\"manageresources-display-component---newResourceUnit--RUTimeSegment-0-vhi\")])[1]"}
COMMAND: GET /session/5b1650577b6acd5a01838de84862d1f6/element/f.2029905E6D619BC8E09EAF6ED25AF0C5.d.D8A46E1E89919B973D3AB5B23AE3B9C8.e.2459/rect - {}
RESULT: {}
COMMAND: GET /session/5b1650577b6acd5a01838de84862d1f6/window/rect - {}
RESULT: {}
COMMAND: POST /session/5b1650577b6acd5a01838de84862d1f6/execute/sync - {"script":"<script> [92 bytes]","args":[]}
RESULT: {"script":"<script> [92 bytes]","args":[]}
COMMAND: POST /session/5b1650577b6acd5a01838de84862d1f6/actions - {"actions":[{"id":"action13","type":"wheel","parameters":{},"actions":[{"type":"scroll","x":-869,"y":-24,"deltaX":0,"deltaY":0,"duration":0,"origin":{"element-6066-11e4-a52e-4f735466cecf":"f.2029905E6D619BC8E09EAF6ED25AF0C5.d.D8A46E1E89919B973D3AB5B23AE3B9C8.e.2459"}}]}]}
COMMAND: GET /session/5b1650577b6acd5a01838de84862d1f6/screenshot - {}
RESULT: {"actions":[{"id":"action13","type":"wheel","parameters":{},"actions":[{"type":"scroll","x":-869,"y":-24,"deltaX":0,"deltaY":0,"duration":0,"origin":{"element-6066-11e4-a52e-4f735466cecf":"f.2029905E6D619BC8E09EAF6ED25AF0C5.d.D8A46E1E89919B973D3AB5B23AE3B9C8.e.2459"}}]}]}
COMMAND: DELETE /session/5b1650577b6acd5a01838de84862d1f6/actions - {}
COMMAND: GET /session/5b1650577b6acd5a01838de84862d1f6/screenshot - {}
RESULT: {}
RESULT: {}
COMMAND: GET /session/5b1650577b6acd5a01838de84862d1f6/screenshot - {}
RESULT: {}
RESULT: {}
COMMAND: POST /session/5b1650577b6acd5a01838de84862d1f6/element/f.2029905E6D619BC8E09EAF6ED25AF0C5.d.D8A46E1E89919B973D3AB5B23AE3B9C8.e.2459/click - {}
RESULT: {}
COMMAND: GET /session/5b1650577b6acd5a01838de84862d1f6/screenshot - {}
RESULT: {}
COMMAND: POST /session/5b1650577b6acd5a01838de84862d1f6/execute/async - {"script":"<script> [1562 bytes]","args":[{"selector":{"controlType":"sap.m.SearchField","properties":{"placeholder":"Search"},"searchOpenDialogs":true,"interaction":{"idSuffix":"I"}},"wdio_ui5_key":"sapm.SearchField{\"placeholder\":\"Search\"}"}]}
RESULT: {"script":"<script> [1562 bytes]","args":[{"selector":{"controlType":"sap.m.SearchField","properties":{"placeholder":"Search"},"searchOpenDialogs":true,"interaction":{"idSuffix":"I"}},"wdio_ui5_key":"sapm.SearchField{\"placeholder\":\"Search\"}"}]}
RESULT: undefined
COMMAND: POST /session/5b1650577b6acd5a01838de84862d1f6/execute/async - {"script":"<script> [776 bytes]","args":[{"enterText":"4000360","selector":{"controlType":"sap.m.SearchField","properties":{"placeholder":"Search"},"searchOpenDialogs":true,"interaction":{"idSuffix":"I"}},"clearTextFirst":true,"interactionType":"ENTER_TEXT"}]}
RESULT: {"script":"<script> [776 bytes]","args":[{"enterText":"4000360","selector":{"controlType":"sap.m.SearchField","properties":{"placeholder":"Search"},"searchOpenDialogs":true,"interaction":{"idSuffix":"I"}},"clearTextFirst":true,"interactionType":"ENTER_TEXT"}]}
COMMAND: POST /session/5b1650577b6acd5a01838de84862d1f6/actions - {"actions":[{"id":"action14","type":"key","parameters":{},"actions":[{"type":"keyDown","value":"î€‡"},{"type":"pause","duration":10},{"type":"keyUp","value":"î€‡"}]}]}
RESULT: {"actions":[{"id":"action14","type":"key","parameters":{},"actions":[{"type":"keyDown","value":"î€‡"},{"type":"pause","duration":10},{"type":"keyUp","value":"î€‡"}]}]}
COMMAND: GET /session/5b1650577b6acd5a01838de84862d1f6/screenshot - {}
RESULT: {}
COMMAND: POST /session/5b1650577b6acd5a01838de84862d1f6/element - {"using":"xpath","value":"//td/div/span[contains(text(), \"BGL Vehicles\")]"}
RESULT: {"using":"xpath","value":"//td/div/span[contains(text(), \"BGL Vehicles\")]"}
COMMAND: POST /session/5b1650577b6acd5a01838de84862d1f6/element/f.2029905E6D619BC8E09EAF6ED25AF0C5.d.D8A46E1E89919B973D3AB5B23AE3B9C8.e.2481/click - {}
RESULT: {}
COMMAND: GET /session/5b1650577b6acd5a01838de84862d1f6/screenshot - {}
RESULT: {}
COMMAND: POST /session/5b1650577b6acd5a01838de84862d1f6/element - {"using":"xpath","value":"//bdi[contains(text(), \"OK\")]"}
RESULT: {"using":"xpath","value":"//bdi[contains(text(), \"OK\")]"}
COMMAND: POST /session/5b1650577b6acd5a01838de84862d1f6/element/f.2029905E6D619BC8E09EAF6ED25AF0C5.d.D8A46E1E89919B973D3AB5B23AE3B9C8.e.2482/click - {}
RESULT: {}
COMMAND: GET /session/5b1650577b6acd5a01838de84862d1f6/screenshot - {}
RESULT: {}
COMMAND: POST /session/5b1650577b6acd5a01838de84862d1f6/execute/async - {"script":"<script> [1562 bytes]","args":[{"selector":{"id":"application-manageresources-display-component---newResourceUnit--newRRUPage-anchBar-application-manageresources-display-component---newResourceUnit--resource-anchor","interaction":{"idSuffix":"BDI-content"}},"wdio_ui5_key":"applicationmanageresources-display-component---newResourceUnit--newRRUPage-anchBar-application-manageresources-display-component---newResourceUnit--resource-anchor"}]}
RESULT: {"script":"<script> [1562 bytes]","args":[{"selector":{"id":"application-manageresources-display-component---newResourceUnit--newRRUPage-anchBar-application-manageresources-display-component---newResourceUnit--resource-anchor","interaction":{"idSuffix":"BDI-content"}},"wdio_ui5_key":"applicationmanageresources-display-component---newResourceUnit--newRRUPage-anchBar-application-manageresources-display-component---newResourceUnit--resource-anchor"}]}
RESULT: undefined
COMMAND: POST /session/5b1650577b6acd5a01838de84862d1f6/element - {"using":"xpath","value":"//*[@id=\"application-manageresources-display-component---newResourceUnit--newRRUPage-anchBar-application-manageresources-display-component---newResourceUnit--resource-anchor\"]"}
RESULT: {"using":"xpath","value":"//*[@id=\"application-manageresources-display-component---newResourceUnit--newRRUPage-anchBar-application-manageresources-display-component---newResourceUnit--resource-anchor\"]"}
COMMAND: POST /session/5b1650577b6acd5a01838de84862d1f6/element/f.2029905E6D619BC8E09EAF6ED25AF0C5.d.D8A46E1E89919B973D3AB5B23AE3B9C8.e.2486/click - {}
RESULT: {}
COMMAND: POST /session/5b1650577b6acd5a01838de84862d1f6/execute/async - {"script":"<script> [1562 bytes]","args":[{"selector":{"id":"application-manageresources-display-component---newResourceUnit--PLANNED_DELIVERY_DATE","interaction":{"idSuffix":"inner"}},"wdio_ui5_key":"applicationmanageresources-display-component---newResourceUnit--PLANNED_DELIVERY_DATE"}]}
COMMAND: GET /session/5b1650577b6acd5a01838de84862d1f6/screenshot - {}
RESULT: {"script":"<script> [1562 bytes]","args":[{"selector":{"id":"application-manageresources-display-component---newResourceUnit--PLANNED_DELIVERY_DATE","interaction":{"idSuffix":"inner"}},"wdio_ui5_key":"applicationmanageresources-display-component---newResourceUnit--PLANNED_DELIVERY_DATE"}]}
RESULT: undefined
COMMAND: POST /session/5b1650577b6acd5a01838de84862d1f6/execute/async - {"script":"<script> [6424 bytes]","args":[{"element-6066-11e4-a52e-4f735466cecf":"f.2029905E6D619BC8E09EAF6ED25AF0C5.d.D8A46E1E89919B973D3AB5B23AE3B9C8.e.2347"},"setValue",["5/16/25"]]}
RESULT: {}
RESULT: {"script":"<script> [6424 bytes]","args":[{"element-6066-11e4-a52e-4f735466cecf":"f.2029905E6D619BC8E09EAF6ED25AF0C5.d.D8A46E1E89919B973D3AB5B23AE3B9C8.e.2347"},"setValue",["5/16/25"]]}
COMMAND: POST /session/5b1650577b6acd5a01838de84862d1f6/element - {"using":"xpath","value":"//label[contains(@class, 'sapMLabelRequired') and .//bdi[contains(text(), 'Planned Retirement')]]"}
RESULT: {"using":"xpath","value":"//label[contains(@class, 'sapMLabelRequired') and .//bdi[contains(text(), 'Planned Retirement')]]"}
COMMAND: POST /session/5b1650577b6acd5a01838de84862d1f6/elements - {"using":"xpath","value":"//label[contains(@class, 'sapMLabelRequired') and .//bdi[contains(text(), 'Planned Retirement')]]"}
RESULT: {"using":"xpath","value":"//label[contains(@class, 'sapMLabelRequired') and .//bdi[contains(text(), 'Planned Retirement')]]"}
COMMAND: POST /session/5b1650577b6acd5a01838de84862d1f6/element - {"using":"xpath","value":"//button[@data-kt=\"resourceUnitSaveButton\"]"}
RESULT: {"using":"xpath","value":"//button[@data-kt=\"resourceUnitSaveButton\"]"}
COMMAND: POST /session/5b1650577b6acd5a01838de84862d1f6/element/f.2029905E6D619BC8E09EAF6ED25AF0C5.d.D8A46E1E89919B973D3AB5B23AE3B9C8.e.2307/click - {}
RESULT: {}
COMMAND: GET /session/5b1650577b6acd5a01838de84862d1f6/screenshot - {}
RESULT: {}
COMMAND: POST /session/5b1650577b6acd5a01838de84862d1f6/element - {"using":"xpath","value":"//bdi[contains(text(), \"Close\")]"}
RESULT: {"using":"xpath","value":"//bdi[contains(text(), \"Close\")]"}
COMMAND: POST /session/5b1650577b6acd5a01838de84862d1f6/element/f.2029905E6D619BC8E09EAF6ED25AF0C5.d.D8A46E1E89919B973D3AB5B23AE3B9C8.e.2494/click - {}
RESULT: {}
COMMAND: GET /session/5b1650577b6acd5a01838de84862d1f6/screenshot - {}
RESULT: {}
COMMAND: POST /session/5b1650577b6acd5a01838de84862d1f6/element - {"using":"xpath","value":"(//button[contains(@id ,\"actionsToolbar-overflowButton\")])[1]"}
RESULT: {"using":"xpath","value":"(//button[contains(@id ,\"actionsToolbar-overflowButton\")])[1]"}
COMMAND: POST /session/5b1650577b6acd5a01838de84862d1f6/element/f.2029905E6D619BC8E09EAF6ED25AF0C5.d.D8A46E1E89919B973D3AB5B23AE3B9C8.e.2551/click - {}
RESULT: {}
COMMAND: GET /session/5b1650577b6acd5a01838de84862d1f6/screenshot - {}
RESULT: {}
COMMAND: POST /session/5b1650577b6acd5a01838de84862d1f6/element - {"using":"xpath","value":"//button[@data-kt=\"priceInfoButton\"]"}
RESULT: {"using":"xpath","value":"//button[@data-kt=\"priceInfoButton\"]"}
COMMAND: POST /session/5b1650577b6acd5a01838de84862d1f6/element/f.2029905E6D619BC8E09EAF6ED25AF0C5.d.D8A46E1E89919B973D3AB5B23AE3B9C8.e.2553/click - {}
RESULT: {}
COMMAND: GET /session/5b1650577b6acd5a01838de84862d1f6/screenshot - {}
RESULT: {}
COMMAND: POST /session/5b1650577b6acd5a01838de84862d1f6/element - {"using":"css selector","value":"#shell-header-logo"}
RESULT: {"using":"css selector","value":"#shell-header-logo"}
COMMAND: POST /session/5b1650577b6acd5a01838de84862d1f6/element/f.2029905E6D619BC8E09EAF6ED25AF0C5.d.D8A46E1E89919B973D3AB5B23AE3B9C8.e.1902/click - {}
RESULT: {}
COMMAND: GET /session/5b1650577b6acd5a01838de84862d1f6/screenshot - {}
RESULT: {}
]]></system-out>
    </testcase>
    <testcase classname="chrome.136_0_7103_93.windows.RU_Inventory_Mass_State_Change_Multiple_Items_US151066" name="Prerequisite Step 2 Should create a new material" time="122.592">
      <system-out><![CDATA[
RESULT: undefined
COMMAND: POST /session/5b1650577b6acd5a01838de84862d1f6/element - {"using":"xpath","value":"//*[@id=\"__tile39\"]"}
RESULT: {"using":"xpath","value":"//*[@id=\"__tile39\"]"}
COMMAND: POST /session/5b1650577b6acd5a01838de84862d1f6/element/f.2029905E6D619BC8E09EAF6ED25AF0C5.d.D8A46E1E89919B973D3AB5B23AE3B9C8.e.151/click - {}
RESULT: {}
COMMAND: GET /session/5b1650577b6acd5a01838de84862d1f6/screenshot - {}
RESULT: {}
COMMAND: POST /session/5b1650577b6acd5a01838de84862d1f6/elements - {"using":"xpath","value":"//span[text()='Error']"}
RESULT: {"using":"xpath","value":"//span[text()='Error']"}
COMMAND: POST /session/5b1650577b6acd5a01838de84862d1f6/element - {"using":"xpath","value":"//button[@data-kt=\"addNewRUOverflowToolbarButton\"]"}
RESULT: {"using":"xpath","value":"//button[@data-kt=\"addNewRUOverflowToolbarButton\"]"}
COMMAND: POST /session/5b1650577b6acd5a01838de84862d1f6/elements - {"using":"xpath","value":"//button[@data-kt=\"addNewRUOverflowToolbarButton\"]"}
RESULT: {"using":"xpath","value":"//button[@data-kt=\"addNewRUOverflowToolbarButton\"]"}
COMMAND: POST /session/5b1650577b6acd5a01838de84862d1f6/execute/sync - {"script":"<script> [8489 bytes]","args":[{"element-6066-11e4-a52e-4f735466cecf":"f.2029905E6D619BC8E09EAF6ED25AF0C5.d.D8A46E1E89919B973D3AB5B23AE3B9C8.e.2630","ELEMENT":"f.2029905E6D619BC8E09EAF6ED25AF0C5.d.D8A46E1E89919B973D3AB5B23AE3B9C8.e.2630"}]}
RESULT: {"script":"<script> [8489 bytes]","args":[{"element-6066-11e4-a52e-4f735466cecf":"f.2029905E6D619BC8E09EAF6ED25AF0C5.d.D8A46E1E89919B973D3AB5B23AE3B9C8.e.2630","ELEMENT":"f.2029905E6D619BC8E09EAF6ED25AF0C5.d.D8A46E1E89919B973D3AB5B23AE3B9C8.e.2630"}]}
COMMAND: GET /session/5b1650577b6acd5a01838de84862d1f6/element/f.2029905E6D619BC8E09EAF6ED25AF0C5.d.D8A46E1E89919B973D3AB5B23AE3B9C8.e.2630/enabled - {}
COMMAND: GET /session/5b1650577b6acd5a01838de84862d1f6/screenshot - {}
RESULT: {}
COMMAND: POST /session/5b1650577b6acd5a01838de84862d1f6/execute/sync - {"script":"<script> [8489 bytes]","args":[{"element-6066-11e4-a52e-4f735466cecf":"f.2029905E6D619BC8E09EAF6ED25AF0C5.d.D8A46E1E89919B973D3AB5B23AE3B9C8.e.2630","ELEMENT":"f.2029905E6D619BC8E09EAF6ED25AF0C5.d.D8A46E1E89919B973D3AB5B23AE3B9C8.e.2630"}]}
COMMAND: GET /session/5b1650577b6acd5a01838de84862d1f6/screenshot - {}
RESULT: {}
RESULT: {"script":"<script> [8489 bytes]","args":[{"element-6066-11e4-a52e-4f735466cecf":"f.2029905E6D619BC8E09EAF6ED25AF0C5.d.D8A46E1E89919B973D3AB5B23AE3B9C8.e.2630","ELEMENT":"f.2029905E6D619BC8E09EAF6ED25AF0C5.d.D8A46E1E89919B973D3AB5B23AE3B9C8.e.2630"}]}
COMMAND: POST /session/5b1650577b6acd5a01838de84862d1f6/execute/sync - {"script":"<script> [5351 bytes]","args":[{"element-6066-11e4-a52e-4f735466cecf":"f.2029905E6D619BC8E09EAF6ED25AF0C5.d.D8A46E1E89919B973D3AB5B23AE3B9C8.e.2630","ELEMENT":"f.2029905E6D619BC8E09EAF6ED25AF0C5.d.D8A46E1E89919B973D3AB5B23AE3B9C8.e.2630"}]}
COMMAND: GET /session/5b1650577b6acd5a01838de84862d1f6/screenshot - {}
RESULT: {}
RESULT: {"script":"<script> [5351 bytes]","args":[{"element-6066-11e4-a52e-4f735466cecf":"f.2029905E6D619BC8E09EAF6ED25AF0C5.d.D8A46E1E89919B973D3AB5B23AE3B9C8.e.2630","ELEMENT":"f.2029905E6D619BC8E09EAF6ED25AF0C5.d.D8A46E1E89919B973D3AB5B23AE3B9C8.e.2630"}]}
COMMAND: POST /session/5b1650577b6acd5a01838de84862d1f6/element/f.2029905E6D619BC8E09EAF6ED25AF0C5.d.D8A46E1E89919B973D3AB5B23AE3B9C8.e.2630/click - {}
COMMAND: GET /session/5b1650577b6acd5a01838de84862d1f6/screenshot - {}
RESULT: {}
RESULT: {}
COMMAND: GET /session/5b1650577b6acd5a01838de84862d1f6/screenshot - {}
RESULT: undefined
COMMAND: POST /session/5b1650577b6acd5a01838de84862d1f6/element - {"using":"xpath","value":"//*[@id=\"application-manageresources-display-component---newResourceUnit--TYPE-arrow\"]"}
RESULT: {}
RESULT: {}
RESULT: {"using":"xpath","value":"//*[@id=\"application-manageresources-display-component---newResourceUnit--TYPE-arrow\"]"}
COMMAND: POST /session/5b1650577b6acd5a01838de84862d1f6/element/f.2029905E6D619BC8E09EAF6ED25AF0C5.d.D8A46E1E89919B973D3AB5B23AE3B9C8.e.2979/click - {}
RESULT: {}
COMMAND: POST /session/5b1650577b6acd5a01838de84862d1f6/element - {"using":"xpath","value":"//input[@id=\"application-manageresources-display-component---newResourceUnit--TYPE-inner\"]"}
COMMAND: GET /session/5b1650577b6acd5a01838de84862d1f6/screenshot - {}
RESULT: {"using":"xpath","value":"//input[@id=\"application-manageresources-display-component---newResourceUnit--TYPE-inner\"]"}
COMMAND: POST /session/5b1650577b6acd5a01838de84862d1f6/element/f.2029905E6D619BC8E09EAF6ED25AF0C5.d.D8A46E1E89919B973D3AB5B23AE3B9C8.e.2972/clear - {}
RESULT: {}
RESULT: {}
COMMAND: POST /session/5b1650577b6acd5a01838de84862d1f6/element/f.2029905E6D619BC8E09EAF6ED25AF0C5.d.D8A46E1E89919B973D3AB5B23AE3B9C8.e.2972/value - {"text":"Material"}
COMMAND: GET /session/5b1650577b6acd5a01838de84862d1f6/screenshot - {}
RESULT: {"text":"Material"}
COMMAND: GET /session/5b1650577b6acd5a01838de84862d1f6/screenshot - {}
RESULT: {}
RESULT: {}
COMMAND: POST /session/5b1650577b6acd5a01838de84862d1f6/actions - {"actions":[{"id":"action15","type":"key","parameters":{},"actions":[{"type":"keyDown","value":"î€‡"},{"type":"pause","duration":10},{"type":"keyUp","value":"î€‡"}]}]}
RESULT: {"actions":[{"id":"action15","type":"key","parameters":{},"actions":[{"type":"keyDown","value":"î€‡"},{"type":"pause","duration":10},{"type":"keyUp","value":"î€‡"}]}]}
RESULT: undefined
COMMAND: POST /session/5b1650577b6acd5a01838de84862d1f6/execute/async - {"script":"<script> [776 bytes]","args":[{"enterText":"Cement WDIO","selector":{"id":"application-manageresources-display-component---newResourceUnit--SHORT_TEXT","interaction":{"idSuffix":"inner"}},"clearTextFirst":true,"interactionType":"ENTER_TEXT"}]}
COMMAND: GET /session/5b1650577b6acd5a01838de84862d1f6/screenshot - {}
RESULT: {"script":"<script> [776 bytes]","args":[{"enterText":"Cement WDIO","selector":{"id":"application-manageresources-display-component---newResourceUnit--SHORT_TEXT","interaction":{"idSuffix":"inner"}},"clearTextFirst":true,"interactionType":"ENTER_TEXT"}]}
RESULT: undefined
COMMAND: POST /session/5b1650577b6acd5a01838de84862d1f6/execute/async - {"script":"<script> [776 bytes]","args":[{"enterText":"Piece","selector":{"id":"application-manageresources-display-component---newResourceUnit--BASE_UNIT_OF_MEASURE","interaction":{"idSuffix":"inner"}},"clearTextFirst":true,"interactionType":"ENTER_TEXT"}]}
RESULT: {}
RESULT: {"script":"<script> [776 bytes]","args":[{"enterText":"Piece","selector":{"id":"application-manageresources-display-component---newResourceUnit--BASE_UNIT_OF_MEASURE","interaction":{"idSuffix":"inner"}},"clearTextFirst":true,"interactionType":"ENTER_TEXT"}]}
RESULT: undefined
COMMAND: POST /session/5b1650577b6acd5a01838de84862d1f6/execute/async - {"script":"<script> [776 bytes]","args":[{"enterText":"Gram","selector":{"id":"application-manageresources-display-component---newResourceUnit--WEIGHT_UNIT","interaction":{"idSuffix":"inner"}},"clearTextFirst":true,"interactionType":"ENTER_TEXT"}]}
RESULT: {"script":"<script> [776 bytes]","args":[{"enterText":"Gram","selector":{"id":"application-manageresources-display-component---newResourceUnit--WEIGHT_UNIT","interaction":{"idSuffix":"inner"}},"clearTextFirst":true,"interactionType":"ENTER_TEXT"}]}
RESULT: undefined
COMMAND: POST /session/5b1650577b6acd5a01838de84862d1f6/execute/async - {"script":"<script> [776 bytes]","args":[{"enterText":"Meter","selector":{"id":"application-manageresources-display-component---newResourceUnit--DIMENSION_UNIT","interaction":{"idSuffix":"inner"}},"clearTextFirst":true,"interactionType":"ENTER_TEXT"}]}
RESULT: {"script":"<script> [776 bytes]","args":[{"enterText":"Meter","selector":{"id":"application-manageresources-display-component---newResourceUnit--DIMENSION_UNIT","interaction":{"idSuffix":"inner"}},"clearTextFirst":true,"interactionType":"ENTER_TEXT"}]}
RESULT: undefined
COMMAND: POST /session/5b1650577b6acd5a01838de84862d1f6/element - {"using":"xpath","value":"//*[@id=\"application-manageresources-display-component---newResourceUnit--newRRUPage-anchBar-application-manageresources-display-component---newResourceUnit--control-anchor\"]"}
RESULT: {"using":"xpath","value":"//*[@id=\"application-manageresources-display-component---newResourceUnit--newRRUPage-anchBar-application-manageresources-display-component---newResourceUnit--control-anchor\"]"}
COMMAND: POST /session/5b1650577b6acd5a01838de84862d1f6/element/f.2029905E6D619BC8E09EAF6ED25AF0C5.d.D8A46E1E89919B973D3AB5B23AE3B9C8.e.3038/click - {}
RESULT: {}
RESULT: undefined
COMMAND: POST /session/5b1650577b6acd5a01838de84862d1f6/execute/async - {"script":"<script> [776 bytes]","args":[{"enterText":"Material","selector":{"id":"application-manageresources-display-component---newResourceUnit--PLANNING_GROUP","interaction":{"idSuffix":"inner"}},"clearTextFirst":true,"interactionType":"ENTER_TEXT"}]}
COMMAND: GET /session/5b1650577b6acd5a01838de84862d1f6/screenshot - {}
RESULT: {"script":"<script> [776 bytes]","args":[{"enterText":"Material","selector":{"id":"application-manageresources-display-component---newResourceUnit--PLANNING_GROUP","interaction":{"idSuffix":"inner"}},"clearTextFirst":true,"interactionType":"ENTER_TEXT"}]}
RESULT: {}
COMMAND: POST /session/5b1650577b6acd5a01838de84862d1f6/execute/async - {"script":"<script> [1562 bytes]","args":[{"selector":{"id":"application-manageresources-display-component---newResourceUnit--PLANNING_INDICATOR","interaction":{"idSuffix":"inner"}},"wdio_ui5_key":"applicationmanageresources-display-component---newResourceUnit--PLANNING_INDICATOR"}]}
RESULT: {"script":"<script> [1562 bytes]","args":[{"selector":{"id":"application-manageresources-display-component---newResourceUnit--PLANNING_INDICATOR","interaction":{"idSuffix":"inner"}},"wdio_ui5_key":"applicationmanageresources-display-component---newResourceUnit--PLANNING_INDICATOR"}]}
RESULT: undefined
COMMAND: POST /session/5b1650577b6acd5a01838de84862d1f6/execute/async - {"script":"<script> [776 bytes]","args":[{"enterText":"10 - infinite","selector":{"id":"application-manageresources-display-component---newResourceUnit--PLANNING_INDICATOR","interaction":{"idSuffix":"inner"}},"clearTextFirst":true,"interactionType":"ENTER_TEXT"}]}
RESULT: {"script":"<script> [776 bytes]","args":[{"enterText":"10 - infinite","selector":{"id":"application-manageresources-display-component---newResourceUnit--PLANNING_INDICATOR","interaction":{"idSuffix":"inner"}},"clearTextFirst":true,"interactionType":"ENTER_TEXT"}]}
COMMAND: POST /session/5b1650577b6acd5a01838de84862d1f6/element - {"using":"css selector","value":"#application-manageresources-display-component---newResourceUnit--btnAddTimeSegment"}
RESULT: {"using":"css selector","value":"#application-manageresources-display-component---newResourceUnit--btnAddTimeSegment"}
COMMAND: GET /session/5b1650577b6acd5a01838de84862d1f6/element/f.2029905E6D619BC8E09EAF6ED25AF0C5.d.D8A46E1E89919B973D3AB5B23AE3B9C8.e.3047/rect - {}
RESULT: {}
COMMAND: GET /session/5b1650577b6acd5a01838de84862d1f6/window/rect - {}
RESULT: {}
COMMAND: POST /session/5b1650577b6acd5a01838de84862d1f6/execute/sync - {"script":"<script> [92 bytes]","args":[]}
RESULT: {"script":"<script> [92 bytes]","args":[]}
COMMAND: POST /session/5b1650577b6acd5a01838de84862d1f6/actions - {"actions":[{"id":"action16","type":"wheel","parameters":{},"actions":[{"type":"scroll","x":-1888,"y":-32,"deltaX":0,"deltaY":0,"duration":0,"origin":{"element-6066-11e4-a52e-4f735466cecf":"f.2029905E6D619BC8E09EAF6ED25AF0C5.d.D8A46E1E89919B973D3AB5B23AE3B9C8.e.3047"}}]}]}
COMMAND: GET /session/5b1650577b6acd5a01838de84862d1f6/screenshot - {}
RESULT: {}
COMMAND: POST /session/5b1650577b6acd5a01838de84862d1f6/execute/sync - {"script":"<script> [79 bytes]","args":[{"element-6066-11e4-a52e-4f735466cecf":"f.2029905E6D619BC8E09EAF6ED25AF0C5.d.D8A46E1E89919B973D3AB5B23AE3B9C8.e.3047","ELEMENT":"f.2029905E6D619BC8E09EAF6ED25AF0C5.d.D8A46E1E89919B973D3AB5B23AE3B9C8.e.3047"},{"block":"start","inline":"nearest"}]}
RESULT: {"script":"<script> [79 bytes]","args":[{"element-6066-11e4-a52e-4f735466cecf":"f.2029905E6D619BC8E09EAF6ED25AF0C5.d.D8A46E1E89919B973D3AB5B23AE3B9C8.e.3047","ELEMENT":"f.2029905E6D619BC8E09EAF6ED25AF0C5.d.D8A46E1E89919B973D3AB5B23AE3B9C8.e.3047"},{"block":"start","inline":"nearest"}]}
RESULT: undefined
COMMAND: POST /session/5b1650577b6acd5a01838de84862d1f6/element - {"using":"xpath","value":"//*[@id=\"application-manageresources-display-component---newResourceUnit--btnAddTimeSegment\"]"}
COMMAND: GET /session/5b1650577b6acd5a01838de84862d1f6/screenshot - {}
RESULT: {"using":"xpath","value":"//*[@id=\"application-manageresources-display-component---newResourceUnit--btnAddTimeSegment\"]"}
COMMAND: POST /session/5b1650577b6acd5a01838de84862d1f6/element/f.2029905E6D619BC8E09EAF6ED25AF0C5.d.D8A46E1E89919B973D3AB5B23AE3B9C8.e.3047/click - {}
RESULT: {}
RESULT: {}
COMMAND: GET /session/5b1650577b6acd5a01838de84862d1f6/screenshot - {}
RESULT: {}
COMMAND: POST /session/5b1650577b6acd5a01838de84862d1f6/element - {"using":"xpath","value":"//input[@id=\"application-manageresources-display-component---newResourceUnit--idRuTSAdmin-application-manageresources-display-component---newResourceUnit--RUTimeSegment-0-inner\"]"}
RESULT: {"using":"xpath","value":"//input[@id=\"application-manageresources-display-component---newResourceUnit--idRuTSAdmin-application-manageresources-display-component---newResourceUnit--RUTimeSegment-0-inner\"]"}
COMMAND: POST /session/5b1650577b6acd5a01838de84862d1f6/element/f.2029905E6D619BC8E09EAF6ED25AF0C5.d.D8A46E1E89919B973D3AB5B23AE3B9C8.e.3051/clear - {}
RESULT: {}
COMMAND: POST /session/5b1650577b6acd5a01838de84862d1f6/element/f.2029905E6D619BC8E09EAF6ED25AF0C5.d.D8A46E1E89919B973D3AB5B23AE3B9C8.e.3051/value - {"text":"109"}
COMMAND: GET /session/5b1650577b6acd5a01838de84862d1f6/screenshot - {}
RESULT: {"text":"109"}
COMMAND: GET /session/5b1650577b6acd5a01838de84862d1f6/screenshot - {}
RESULT: {}
RESULT: {}
COMMAND: POST /session/5b1650577b6acd5a01838de84862d1f6/element - {"using":"xpath","value":"//li[.//span[text()='109']]"}
RESULT: {"using":"xpath","value":"//li[.//span[text()='109']]"}
COMMAND: POST /session/5b1650577b6acd5a01838de84862d1f6/element/f.2029905E6D619BC8E09EAF6ED25AF0C5.d.D8A46E1E89919B973D3AB5B23AE3B9C8.e.3060/click - {}
RESULT: {}
COMMAND: GET /session/5b1650577b6acd5a01838de84862d1f6/screenshot - {}
RESULT: {}
COMMAND: POST /session/5b1650577b6acd5a01838de84862d1f6/element - {"using":"xpath","value":"(//span[contains(@id, \"-application-manageresources-display-component---newResourceUnit--RUTimeSegment-0-arrow\")])[2]"}
RESULT: {"using":"xpath","value":"(//span[contains(@id, \"-application-manageresources-display-component---newResourceUnit--RUTimeSegment-0-arrow\")])[2]"}
COMMAND: POST /session/5b1650577b6acd5a01838de84862d1f6/element/f.2029905E6D619BC8E09EAF6ED25AF0C5.d.D8A46E1E89919B973D3AB5B23AE3B9C8.e.3061/click - {}
RESULT: {}
COMMAND: POST /session/5b1650577b6acd5a01838de84862d1f6/element - {"using":"xpath","value":"//span[contains(text(), \"PM Order\")]"}
COMMAND: GET /session/5b1650577b6acd5a01838de84862d1f6/screenshot - {}
RESULT: {"using":"xpath","value":"//span[contains(text(), \"PM Order\")]"}
COMMAND: POST /session/5b1650577b6acd5a01838de84862d1f6/element/f.2029905E6D619BC8E09EAF6ED25AF0C5.d.D8A46E1E89919B973D3AB5B23AE3B9C8.e.3062/click - {}
RESULT: {}
RESULT: {}
COMMAND: GET /session/5b1650577b6acd5a01838de84862d1f6/screenshot - {}
COMMAND: POST /session/5b1650577b6acd5a01838de84862d1f6/element - {"using":"xpath","value":"//td/div/div/div/span[contains(@id, \"newResourceUnit--RUTimeSegment-0-vhi\")][1]"}
RESULT: {}
RESULT: {"using":"xpath","value":"//td/div/div/div/span[contains(@id, \"newResourceUnit--RUTimeSegment-0-vhi\")][1]"}
COMMAND: GET /session/5b1650577b6acd5a01838de84862d1f6/element/f.2029905E6D619BC8E09EAF6ED25AF0C5.d.D8A46E1E89919B973D3AB5B23AE3B9C8.e.3066/rect - {}
RESULT: {}
COMMAND: GET /session/5b1650577b6acd5a01838de84862d1f6/window/rect - {}
RESULT: {}
COMMAND: POST /session/5b1650577b6acd5a01838de84862d1f6/execute/sync - {"script":"<script> [92 bytes]","args":[]}
RESULT: {"script":"<script> [92 bytes]","args":[]}
COMMAND: POST /session/5b1650577b6acd5a01838de84862d1f6/actions - {"actions":[{"id":"action17","type":"wheel","parameters":{},"actions":[{"type":"scroll","x":-1888,"y":-24,"deltaX":0,"deltaY":0,"duration":0,"origin":{"element-6066-11e4-a52e-4f735466cecf":"f.2029905E6D619BC8E09EAF6ED25AF0C5.d.D8A46E1E89919B973D3AB5B23AE3B9C8.e.3066"}}]}]}
COMMAND: GET /session/5b1650577b6acd5a01838de84862d1f6/screenshot - {}
RESULT: {}
COMMAND: POST /session/5b1650577b6acd5a01838de84862d1f6/execute/sync - {"script":"<script> [79 bytes]","args":[{"element-6066-11e4-a52e-4f735466cecf":"f.2029905E6D619BC8E09EAF6ED25AF0C5.d.D8A46E1E89919B973D3AB5B23AE3B9C8.e.3066","ELEMENT":"f.2029905E6D619BC8E09EAF6ED25AF0C5.d.D8A46E1E89919B973D3AB5B23AE3B9C8.e.3066"},{"block":"start","inline":"nearest"}]}
RESULT: {"script":"<script> [79 bytes]","args":[{"element-6066-11e4-a52e-4f735466cecf":"f.2029905E6D619BC8E09EAF6ED25AF0C5.d.D8A46E1E89919B973D3AB5B23AE3B9C8.e.3066","ELEMENT":"f.2029905E6D619BC8E09EAF6ED25AF0C5.d.D8A46E1E89919B973D3AB5B23AE3B9C8.e.3066"},{"block":"start","inline":"nearest"}]}
COMMAND: GET /session/5b1650577b6acd5a01838de84862d1f6/screenshot - {}
RESULT: {}
COMMAND: POST /session/5b1650577b6acd5a01838de84862d1f6/element/f.2029905E6D619BC8E09EAF6ED25AF0C5.d.D8A46E1E89919B973D3AB5B23AE3B9C8.e.3066/click - {}
RESULT: {}
COMMAND: GET /session/5b1650577b6acd5a01838de84862d1f6/screenshot - {}
RESULT: {}
RESULT: undefined
COMMAND: POST /session/5b1650577b6acd5a01838de84862d1f6/execute/async - {"script":"<script> [776 bytes]","args":[{"enterText":"4000360","selector":{"controlType":"sap.m.SearchField","properties":{"placeholder":"Search"},"searchOpenDialogs":true,"interaction":{"idSuffix":"I"}},"clearTextFirst":true,"interactionType":"ENTER_TEXT"}]}
RESULT: {"script":"<script> [776 bytes]","args":[{"enterText":"4000360","selector":{"controlType":"sap.m.SearchField","properties":{"placeholder":"Search"},"searchOpenDialogs":true,"interaction":{"idSuffix":"I"}},"clearTextFirst":true,"interactionType":"ENTER_TEXT"}]}
COMMAND: POST /session/5b1650577b6acd5a01838de84862d1f6/actions - {"actions":[{"id":"action18","type":"key","parameters":{},"actions":[{"type":"keyDown","value":"î€‡"},{"type":"pause","duration":10},{"type":"keyUp","value":"î€‡"}]}]}
RESULT: {"actions":[{"id":"action18","type":"key","parameters":{},"actions":[{"type":"keyDown","value":"î€‡"},{"type":"pause","duration":10},{"type":"keyUp","value":"î€‡"}]}]}
COMMAND: GET /session/5b1650577b6acd5a01838de84862d1f6/screenshot - {}
RESULT: {}
COMMAND: POST /session/5b1650577b6acd5a01838de84862d1f6/element - {"using":"xpath","value":"//td/div/span[contains(text(), \"BGL Vehicles\")]"}
RESULT: {"using":"xpath","value":"//td/div/span[contains(text(), \"BGL Vehicles\")]"}
COMMAND: POST /session/5b1650577b6acd5a01838de84862d1f6/element/f.2029905E6D619BC8E09EAF6ED25AF0C5.d.D8A46E1E89919B973D3AB5B23AE3B9C8.e.3086/click - {}
RESULT: {}
COMMAND: GET /session/5b1650577b6acd5a01838de84862d1f6/screenshot - {}
RESULT: {}
COMMAND: POST /session/5b1650577b6acd5a01838de84862d1f6/element - {"using":"xpath","value":"//bdi[contains(text(), \"OK\")]"}
RESULT: {"using":"xpath","value":"//bdi[contains(text(), \"OK\")]"}
COMMAND: POST /session/5b1650577b6acd5a01838de84862d1f6/element/f.2029905E6D619BC8E09EAF6ED25AF0C5.d.D8A46E1E89919B973D3AB5B23AE3B9C8.e.3087/click - {}
RESULT: {}
COMMAND: GET /session/5b1650577b6acd5a01838de84862d1f6/screenshot - {}
RESULT: {}
COMMAND: POST /session/5b1650577b6acd5a01838de84862d1f6/element - {"using":"xpath","value":"//label[contains(@class, 'sapMLabelRequired') and .//bdi[contains(text(), 'Planned Retirement')]]"}
RESULT: {"using":"xpath","value":"//label[contains(@class, 'sapMLabelRequired') and .//bdi[contains(text(), 'Planned Retirement')]]"}
COMMAND: POST /session/5b1650577b6acd5a01838de84862d1f6/elements - {"using":"xpath","value":"//label[contains(@class, 'sapMLabelRequired') and .//bdi[contains(text(), 'Planned Retirement')]]"}
RESULT: {"using":"xpath","value":"//label[contains(@class, 'sapMLabelRequired') and .//bdi[contains(text(), 'Planned Retirement')]]"}
COMMAND: POST /session/5b1650577b6acd5a01838de84862d1f6/element - {"using":"xpath","value":"//button[@data-kt=\"resourceUnitSaveButton\"]"}
RESULT: {"using":"xpath","value":"//button[@data-kt=\"resourceUnitSaveButton\"]"}
COMMAND: POST /session/5b1650577b6acd5a01838de84862d1f6/element/f.2029905E6D619BC8E09EAF6ED25AF0C5.d.D8A46E1E89919B973D3AB5B23AE3B9C8.e.2996/click - {}
RESULT: {}
COMMAND: GET /session/5b1650577b6acd5a01838de84862d1f6/screenshot - {}
RESULT: {}
COMMAND: POST /session/5b1650577b6acd5a01838de84862d1f6/element - {"using":"xpath","value":"//bdi[contains(text(), \"Close\")]"}
RESULT: {"using":"xpath","value":"//bdi[contains(text(), \"Close\")]"}
COMMAND: POST /session/5b1650577b6acd5a01838de84862d1f6/element/f.2029905E6D619BC8E09EAF6ED25AF0C5.d.D8A46E1E89919B973D3AB5B23AE3B9C8.e.3094/click - {}
RESULT: {}
COMMAND: GET /session/5b1650577b6acd5a01838de84862d1f6/screenshot - {}
RESULT: {}
COMMAND: POST /session/5b1650577b6acd5a01838de84862d1f6/element - {"using":"xpath","value":"//header[contains(@id, 'detailRruPage-headerTitle')]/div[1]/div[2]/div[2]/span[1]"}
RESULT: {"using":"xpath","value":"//header[contains(@id, 'detailRruPage-headerTitle')]/div[1]/div[2]/div[2]/span[1]"}
COMMAND: POST /session/5b1650577b6acd5a01838de84862d1f6/elements - {"using":"xpath","value":"//header[contains(@id, 'detailRruPage-headerTitle')]/div[1]/div[2]/div[2]/span[1]"}
RESULT: {"using":"xpath","value":"//header[contains(@id, 'detailRruPage-headerTitle')]/div[1]/div[2]/div[2]/span[1]"}
COMMAND: POST /session/5b1650577b6acd5a01838de84862d1f6/execute/sync - {"script":"<script> [56 bytes]","args":[{"element-6066-11e4-a52e-4f735466cecf":"f.2029905E6D619BC8E09EAF6ED25AF0C5.d.D8A46E1E89919B973D3AB5B23AE3B9C8.e.3126","ELEMENT":"f.2029905E6D619BC8E09EAF6ED25AF0C5.d.D8A46E1E89919B973D3AB5B23AE3B9C8.e.3126"}]}
RESULT: {"script":"<script> [56 bytes]","args":[{"element-6066-11e4-a52e-4f735466cecf":"f.2029905E6D619BC8E09EAF6ED25AF0C5.d.D8A46E1E89919B973D3AB5B23AE3B9C8.e.3126","ELEMENT":"f.2029905E6D619BC8E09EAF6ED25AF0C5.d.D8A46E1E89919B973D3AB5B23AE3B9C8.e.3126"}]}
COMMAND: POST /session/5b1650577b6acd5a01838de84862d1f6/element - {"using":"css selector","value":"#shell-header-logo"}
COMMAND: GET /session/5b1650577b6acd5a01838de84862d1f6/screenshot - {}
RESULT: {"using":"css selector","value":"#shell-header-logo"}
COMMAND: POST /session/5b1650577b6acd5a01838de84862d1f6/element/f.2029905E6D619BC8E09EAF6ED25AF0C5.d.D8A46E1E89919B973D3AB5B23AE3B9C8.e.2592/click - {}
RESULT: {}
RESULT: {}
COMMAND: GET /session/5b1650577b6acd5a01838de84862d1f6/screenshot - {}
RESULT: {}
]]></system-out>
    </testcase>
    <testcase classname="chrome.136_0_7103_93.windows.RU_Inventory_Mass_State_Change_Multiple_Items_US151066" name="Prerequisite Step 2 Should do a stock increase handover for the equipment" time="96.45">
      <system-out><![CDATA[
COMMAND: POST /session/5b1650577b6acd5a01838de84862d1f6/execute/async - {"script":"<script> [1562 bytes]","args":[{"selector":{"controlType":"sap.m.GenericTile","properties":{"header":"Manage Handovers"}},"wdio_ui5_key":"sapm.GenericTile{\"header\":\"Manage Handovers\"}"}]}
RESULT: {"script":"<script> [1562 bytes]","args":[{"selector":{"controlType":"sap.m.GenericTile","properties":{"header":"Manage Handovers"}},"wdio_ui5_key":"sapm.GenericTile{\"header\":\"Manage Handovers\"}"}]}
RESULT: undefined
COMMAND: POST /session/5b1650577b6acd5a01838de84862d1f6/element - {"using":"xpath","value":"//*[@id=\"__tile133\"]"}
RESULT: {"using":"xpath","value":"//*[@id=\"__tile133\"]"}
COMMAND: POST /session/5b1650577b6acd5a01838de84862d1f6/element/f.2029905E6D619BC8E09EAF6ED25AF0C5.d.D8A46E1E89919B973D3AB5B23AE3B9C8.e.236/click - {}
RESULT: {}
COMMAND: GET /session/5b1650577b6acd5a01838de84862d1f6/screenshot - {}
RESULT: {}
COMMAND: POST /session/5b1650577b6acd5a01838de84862d1f6/elements - {"using":"xpath","value":"//span[text()='Error']"}
RESULT: {"using":"xpath","value":"//span[text()='Error']"}
COMMAND: POST /session/5b1650577b6acd5a01838de84862d1f6/element - {"using":"xpath","value":"//button[@data-kt=\"masterHOAddButton\"]"}
RESULT: {"using":"xpath","value":"//button[@data-kt=\"masterHOAddButton\"]"}
COMMAND: POST /session/5b1650577b6acd5a01838de84862d1f6/elements - {"using":"xpath","value":"//button[@data-kt=\"masterHOAddButton\"]"}
RESULT: {"using":"xpath","value":"//button[@data-kt=\"masterHOAddButton\"]"}
COMMAND: POST /session/5b1650577b6acd5a01838de84862d1f6/execute/sync - {"script":"<script> [8489 bytes]","args":[{"element-6066-11e4-a52e-4f735466cecf":"f.2029905E6D619BC8E09EAF6ED25AF0C5.d.D8A46E1E89919B973D3AB5B23AE3B9C8.e.3159","ELEMENT":"f.2029905E6D619BC8E09EAF6ED25AF0C5.d.D8A46E1E89919B973D3AB5B23AE3B9C8.e.3159"}]}
RESULT: {"script":"<script> [8489 bytes]","args":[{"element-6066-11e4-a52e-4f735466cecf":"f.2029905E6D619BC8E09EAF6ED25AF0C5.d.D8A46E1E89919B973D3AB5B23AE3B9C8.e.3159","ELEMENT":"f.2029905E6D619BC8E09EAF6ED25AF0C5.d.D8A46E1E89919B973D3AB5B23AE3B9C8.e.3159"}]}
COMMAND: GET /session/5b1650577b6acd5a01838de84862d1f6/element/f.2029905E6D619BC8E09EAF6ED25AF0C5.d.D8A46E1E89919B973D3AB5B23AE3B9C8.e.3159/enabled - {}
COMMAND: GET /session/5b1650577b6acd5a01838de84862d1f6/screenshot - {}
RESULT: {}
COMMAND: POST /session/5b1650577b6acd5a01838de84862d1f6/execute/sync - {"script":"<script> [8489 bytes]","args":[{"element-6066-11e4-a52e-4f735466cecf":"f.2029905E6D619BC8E09EAF6ED25AF0C5.d.D8A46E1E89919B973D3AB5B23AE3B9C8.e.3159","ELEMENT":"f.2029905E6D619BC8E09EAF6ED25AF0C5.d.D8A46E1E89919B973D3AB5B23AE3B9C8.e.3159"}]}
COMMAND: GET /session/5b1650577b6acd5a01838de84862d1f6/screenshot - {}
RESULT: {}
RESULT: {"script":"<script> [8489 bytes]","args":[{"element-6066-11e4-a52e-4f735466cecf":"f.2029905E6D619BC8E09EAF6ED25AF0C5.d.D8A46E1E89919B973D3AB5B23AE3B9C8.e.3159","ELEMENT":"f.2029905E6D619BC8E09EAF6ED25AF0C5.d.D8A46E1E89919B973D3AB5B23AE3B9C8.e.3159"}]}
COMMAND: POST /session/5b1650577b6acd5a01838de84862d1f6/execute/sync - {"script":"<script> [5351 bytes]","args":[{"element-6066-11e4-a52e-4f735466cecf":"f.2029905E6D619BC8E09EAF6ED25AF0C5.d.D8A46E1E89919B973D3AB5B23AE3B9C8.e.3159","ELEMENT":"f.2029905E6D619BC8E09EAF6ED25AF0C5.d.D8A46E1E89919B973D3AB5B23AE3B9C8.e.3159"}]}
COMMAND: GET /session/5b1650577b6acd5a01838de84862d1f6/screenshot - {}
RESULT: {}
RESULT: {"script":"<script> [5351 bytes]","args":[{"element-6066-11e4-a52e-4f735466cecf":"f.2029905E6D619BC8E09EAF6ED25AF0C5.d.D8A46E1E89919B973D3AB5B23AE3B9C8.e.3159","ELEMENT":"f.2029905E6D619BC8E09EAF6ED25AF0C5.d.D8A46E1E89919B973D3AB5B23AE3B9C8.e.3159"}]}
COMMAND: POST /session/5b1650577b6acd5a01838de84862d1f6/element/f.2029905E6D619BC8E09EAF6ED25AF0C5.d.D8A46E1E89919B973D3AB5B23AE3B9C8.e.3159/click - {}
COMMAND: GET /session/5b1650577b6acd5a01838de84862d1f6/screenshot - {}
RESULT: {}
RESULT: {}
COMMAND: GET /session/5b1650577b6acd5a01838de84862d1f6/screenshot - {}
COMMAND: POST /session/5b1650577b6acd5a01838de84862d1f6/element - {"using":"xpath","value":"//span[contains(@id ,\"AddNewHO--typeSelect-arrow\")]"}
RESULT: {}
RESULT: {}
RESULT: {"using":"xpath","value":"//span[contains(@id ,\"AddNewHO--typeSelect-arrow\")]"}
COMMAND: POST /session/5b1650577b6acd5a01838de84862d1f6/element/f.2029905E6D619BC8E09EAF6ED25AF0C5.d.D8A46E1E89919B973D3AB5B23AE3B9C8.e.3508/click - {}
RESULT: {}
COMMAND: GET /session/5b1650577b6acd5a01838de84862d1f6/screenshot - {}
RESULT: {}
COMMAND: POST /session/5b1650577b6acd5a01838de84862d1f6/element - {"using":"xpath","value":"(//li[contains(text(), \"stock increase yard\")])[1]"}
RESULT: {"using":"xpath","value":"(//li[contains(text(), \"stock increase yard\")])[1]"}
COMMAND: POST /session/5b1650577b6acd5a01838de84862d1f6/element/f.2029905E6D619BC8E09EAF6ED25AF0C5.d.D8A46E1E89919B973D3AB5B23AE3B9C8.e.3509/click - {}
RESULT: {}
COMMAND: GET /session/5b1650577b6acd5a01838de84862d1f6/screenshot - {}
RESULT: {}
COMMAND: POST /session/5b1650577b6acd5a01838de84862d1f6/execute/async - {"script":"<script> [1562 bytes]","args":[{"selector":{"id":"application-managehandovers-display-component---AddNewHO--dueDate","interaction":{"idSuffix":"inner"}},"wdio_ui5_key":"applicationmanagehandovers-display-component---AddNewHO--dueDate"}]}
RESULT: {"script":"<script> [1562 bytes]","args":[{"selector":{"id":"application-managehandovers-display-component---AddNewHO--dueDate","interaction":{"idSuffix":"inner"}},"wdio_ui5_key":"applicationmanagehandovers-display-component---AddNewHO--dueDate"}]}
RESULT: undefined
COMMAND: POST /session/5b1650577b6acd5a01838de84862d1f6/execute/async - {"script":"<script> [6424 bytes]","args":[{"element-6066-11e4-a52e-4f735466cecf":"f.2029905E6D619BC8E09EAF6ED25AF0C5.d.D8A46E1E89919B973D3AB5B23AE3B9C8.e.3511"},"setValue",["5/16/25"]]}
RESULT: {"script":"<script> [6424 bytes]","args":[{"element-6066-11e4-a52e-4f735466cecf":"f.2029905E6D619BC8E09EAF6ED25AF0C5.d.D8A46E1E89919B973D3AB5B23AE3B9C8.e.3511"},"setValue",["5/16/25"]]}
COMMAND: POST /session/5b1650577b6acd5a01838de84862d1f6/element - {"using":"xpath","value":"//input[@id=\"generalSectionFrg--receiveYard-inner\"]"}
RESULT: {"using":"xpath","value":"//input[@id=\"generalSectionFrg--receiveYard-inner\"]"}
COMMAND: POST /session/5b1650577b6acd5a01838de84862d1f6/element/f.2029905E6D619BC8E09EAF6ED25AF0C5.d.D8A46E1E89919B973D3AB5B23AE3B9C8.e.3515/clear - {}
RESULT: {}
COMMAND: POST /session/5b1650577b6acd5a01838de84862d1f6/element/f.2029905E6D619BC8E09EAF6ED25AF0C5.d.D8A46E1E89919B973D3AB5B23AE3B9C8.e.3515/value - {"text":"109"}
COMMAND: GET /session/5b1650577b6acd5a01838de84862d1f6/screenshot - {}
RESULT: {"text":"109"}
COMMAND: GET /session/5b1650577b6acd5a01838de84862d1f6/screenshot - {}
RESULT: {}
RESULT: {}
COMMAND: POST /session/5b1650577b6acd5a01838de84862d1f6/element - {"using":"xpath","value":"//li[.//span[text()='109']]"}
RESULT: {"using":"xpath","value":"//li[.//span[text()='109']]"}
COMMAND: POST /session/5b1650577b6acd5a01838de84862d1f6/element/f.2029905E6D619BC8E09EAF6ED25AF0C5.d.D8A46E1E89919B973D3AB5B23AE3B9C8.e.3533/click - {}
RESULT: {}
COMMAND: GET /session/5b1650577b6acd5a01838de84862d1f6/screenshot - {}
RESULT: {}
COMMAND: POST /session/5b1650577b6acd5a01838de84862d1f6/execute/async - {"script":"<script> [1562 bytes]","args":[{"selector":{"id":"application-managehandovers-display-component---AddNewHO--ObjectPageLayout-anchBar-application-managehandovers-display-component---AddNewHO--section4-anchor","interaction":{"idSuffix":"BDI-content"}},"wdio_ui5_key":"applicationmanagehandovers-display-component---AddNewHO--ObjectPageLayout-anchBar-application-managehandovers-display-component---AddNewHO--section4-anchor"}]}
RESULT: {"script":"<script> [1562 bytes]","args":[{"selector":{"id":"application-managehandovers-display-component---AddNewHO--ObjectPageLayout-anchBar-application-managehandovers-display-component---AddNewHO--section4-anchor","interaction":{"idSuffix":"BDI-content"}},"wdio_ui5_key":"applicationmanagehandovers-display-component---AddNewHO--ObjectPageLayout-anchBar-application-managehandovers-display-component---AddNewHO--section4-anchor"}]}
RESULT: undefined
COMMAND: POST /session/5b1650577b6acd5a01838de84862d1f6/element - {"using":"xpath","value":"//*[@id=\"application-managehandovers-display-component---AddNewHO--ObjectPageLayout-anchBar-application-managehandovers-display-component---AddNewHO--section4-anchor\"]"}
RESULT: {"using":"xpath","value":"//*[@id=\"application-managehandovers-display-component---AddNewHO--ObjectPageLayout-anchBar-application-managehandovers-display-component---AddNewHO--section4-anchor\"]"}
COMMAND: POST /session/5b1650577b6acd5a01838de84862d1f6/element/f.2029905E6D619BC8E09EAF6ED25AF0C5.d.D8A46E1E89919B973D3AB5B23AE3B9C8.e.3535/click - {}
RESULT: {}
COMMAND: POST /session/5b1650577b6acd5a01838de84862d1f6/element - {"using":"xpath","value":"//button[@aria-label=\"Add\"]"}
COMMAND: GET /session/5b1650577b6acd5a01838de84862d1f6/screenshot - {}
RESULT: {"using":"xpath","value":"//button[@aria-label=\"Add\"]"}
COMMAND: POST /session/5b1650577b6acd5a01838de84862d1f6/element/f.2029905E6D619BC8E09EAF6ED25AF0C5.d.D8A46E1E89919B973D3AB5B23AE3B9C8.e.3537/click - {}
RESULT: {}
RESULT: {}
COMMAND: GET /session/5b1650577b6acd5a01838de84862d1f6/screenshot - {}
RESULT: {}
COMMAND: POST /session/5b1650577b6acd5a01838de84862d1f6/execute/async - {"script":"<script> [1562 bytes]","args":[{"selector":{"id":"application-managehandovers-display-component---AddNewHO--smartFilterBar-btnBasicSearch","searchOpenDialogs":true,"interaction":{"idSuffix":"I"}},"wdio_ui5_key":"applicationmanagehandovers-display-component---AddNewHO--smartFilterBar-btnBasicSearch"}]}
RESULT: {"script":"<script> [1562 bytes]","args":[{"selector":{"id":"application-managehandovers-display-component---AddNewHO--smartFilterBar-btnBasicSearch","searchOpenDialogs":true,"interaction":{"idSuffix":"I"}},"wdio_ui5_key":"applicationmanagehandovers-display-component---AddNewHO--smartFilterBar-btnBasicSearch"}]}
RESULT: undefined
COMMAND: POST /session/5b1650577b6acd5a01838de84862d1f6/execute/async - {"script":"<script> [776 bytes]","args":[{"enterText":"RWoZ9hItQx","selector":{"id":"application-managehandovers-display-component---AddNewHO--smartFilterBar-btnBasicSearch","searchOpenDialogs":true,"interaction":{"idSuffix":"I"}},"clearTextFirst":true,"interactionType":"ENTER_TEXT"}]}
RESULT: {"script":"<script> [776 bytes]","args":[{"enterText":"RWoZ9hItQx","selector":{"id":"application-managehandovers-display-component---AddNewHO--smartFilterBar-btnBasicSearch","searchOpenDialogs":true,"interaction":{"idSuffix":"I"}},"clearTextFirst":true,"interactionType":"ENTER_TEXT"}]}
COMMAND: POST /session/5b1650577b6acd5a01838de84862d1f6/actions - {"actions":[{"id":"action19","type":"key","parameters":{},"actions":[{"type":"keyDown","value":"î€‡"},{"type":"pause","duration":10},{"type":"keyUp","value":"î€‡"}]}]}
RESULT: {"actions":[{"id":"action19","type":"key","parameters":{},"actions":[{"type":"keyDown","value":"î€‡"},{"type":"pause","duration":10},{"type":"keyUp","value":"î€‡"}]}]}
COMMAND: GET /session/5b1650577b6acd5a01838de84862d1f6/screenshot - {}
RESULT: {}
COMMAND: POST /session/5b1650577b6acd5a01838de84862d1f6/execute/async - {"script":"<script> [1562 bytes]","args":[{"selector":{"id":"application-managehandovers-display-component---AddNewHO--popup-sa","searchOpenDialogs":true,"interaction":{"idSuffix":"CbBg"}},"wdio_ui5_key":"applicationmanagehandovers-display-component---AddNewHO--popup-sa"}]}
RESULT: {"script":"<script> [1562 bytes]","args":[{"selector":{"id":"application-managehandovers-display-component---AddNewHO--popup-sa","searchOpenDialogs":true,"interaction":{"idSuffix":"CbBg"}},"wdio_ui5_key":"applicationmanagehandovers-display-component---AddNewHO--popup-sa"}]}
RESULT: undefined
COMMAND: POST /session/5b1650577b6acd5a01838de84862d1f6/element - {"using":"xpath","value":"//*[@id=\"application-managehandovers-display-component---AddNewHO--popup-sa\"]"}
RESULT: {"using":"xpath","value":"//*[@id=\"application-managehandovers-display-component---AddNewHO--popup-sa\"]"}
COMMAND: POST /session/5b1650577b6acd5a01838de84862d1f6/element/f.2029905E6D619BC8E09EAF6ED25AF0C5.d.D8A46E1E89919B973D3AB5B23AE3B9C8.e.3688/click - {}
RESULT: {}
COMMAND: GET /session/5b1650577b6acd5a01838de84862d1f6/screenshot - {}
RESULT: {}
COMMAND: POST /session/5b1650577b6acd5a01838de84862d1f6/element - {"using":"xpath","value":"//bdi[contains(text(), \"Select\")]"}
RESULT: {"using":"xpath","value":"//bdi[contains(text(), \"Select\")]"}
COMMAND: POST /session/5b1650577b6acd5a01838de84862d1f6/element/f.2029905E6D619BC8E09EAF6ED25AF0C5.d.D8A46E1E89919B973D3AB5B23AE3B9C8.e.3689/click - {}
RESULT: {}
COMMAND: GET /session/5b1650577b6acd5a01838de84862d1f6/screenshot - {}
RESULT: {}
COMMAND: POST /session/5b1650577b6acd5a01838de84862d1f6/element - {"using":"xpath","value":"//button[@data-kt=\"AddNewHOSaveButton\"]"}
RESULT: {"using":"xpath","value":"//button[@data-kt=\"AddNewHOSaveButton\"]"}
COMMAND: POST /session/5b1650577b6acd5a01838de84862d1f6/element/f.2029905E6D619BC8E09EAF6ED25AF0C5.d.D8A46E1E89919B973D3AB5B23AE3B9C8.e.3693/click - {}
RESULT: {}
COMMAND: GET /session/5b1650577b6acd5a01838de84862d1f6/screenshot - {}
RESULT: {}
COMMAND: POST /session/5b1650577b6acd5a01838de84862d1f6/execute/async - {"script":"<script> [1562 bytes]","args":[{"selector":{"id":"receiptDatePicker","viewName":"etm.portal.ui.managehandovers.view.DetailExecuteHO","interaction":{"idSuffix":"inner"}},"wdio_ui5_key":"receiptDatePickeretmportal.ui.managehandovers.view.DetailExecuteHO"}]}
RESULT: {"script":"<script> [1562 bytes]","args":[{"selector":{"id":"receiptDatePicker","viewName":"etm.portal.ui.managehandovers.view.DetailExecuteHO","interaction":{"idSuffix":"inner"}},"wdio_ui5_key":"receiptDatePickeretmportal.ui.managehandovers.view.DetailExecuteHO"}]}
RESULT: undefined
COMMAND: POST /session/5b1650577b6acd5a01838de84862d1f6/execute/async - {"script":"<script> [6424 bytes]","args":[{"element-6066-11e4-a52e-4f735466cecf":"f.2029905E6D619BC8E09EAF6ED25AF0C5.d.D8A46E1E89919B973D3AB5B23AE3B9C8.e.3711"},"setValue",["5/16/25"]]}
RESULT: {"script":"<script> [6424 bytes]","args":[{"element-6066-11e4-a52e-4f735466cecf":"f.2029905E6D619BC8E09EAF6ED25AF0C5.d.D8A46E1E89919B973D3AB5B23AE3B9C8.e.3711"},"setValue",["5/16/25"]]}
COMMAND: POST /session/5b1650577b6acd5a01838de84862d1f6/element - {"using":"xpath","value":"//button[@data-kt=\"PickingTableConfirmAllButton\"]"}
RESULT: {"using":"xpath","value":"//button[@data-kt=\"PickingTableConfirmAllButton\"]"}
COMMAND: POST /session/5b1650577b6acd5a01838de84862d1f6/element/f.2029905E6D619BC8E09EAF6ED25AF0C5.d.D8A46E1E89919B973D3AB5B23AE3B9C8.e.3725/click - {}
RESULT: {}
COMMAND: GET /session/5b1650577b6acd5a01838de84862d1f6/screenshot - {}
RESULT: {}
COMMAND: POST /session/5b1650577b6acd5a01838de84862d1f6/element - {"using":"xpath","value":"//bdi[contains(text(), \"OK\")]"}
RESULT: {"using":"xpath","value":"//bdi[contains(text(), \"OK\")]"}
COMMAND: POST /session/5b1650577b6acd5a01838de84862d1f6/element/f.2029905E6D619BC8E09EAF6ED25AF0C5.d.D8A46E1E89919B973D3AB5B23AE3B9C8.e.3727/click - {}
RESULT: {}
COMMAND: GET /session/5b1650577b6acd5a01838de84862d1f6/screenshot - {}
RESULT: {}
COMMAND: POST /session/5b1650577b6acd5a01838de84862d1f6/element - {"using":"xpath","value":"(//bdi[contains(text(), \"Receive\")])[2]"}
RESULT: {"using":"xpath","value":"(//bdi[contains(text(), \"Receive\")])[2]"}
COMMAND: POST /session/5b1650577b6acd5a01838de84862d1f6/element/f.2029905E6D619BC8E09EAF6ED25AF0C5.d.D8A46E1E89919B973D3AB5B23AE3B9C8.e.3729/click - {}
RESULT: {}
COMMAND: GET /session/5b1650577b6acd5a01838de84862d1f6/screenshot - {}
RESULT: {}
COMMAND: POST /session/5b1650577b6acd5a01838de84862d1f6/element - {"using":"css selector","value":"#shell-header-logo"}
RESULT: {"using":"css selector","value":"#shell-header-logo"}
COMMAND: POST /session/5b1650577b6acd5a01838de84862d1f6/element/f.2029905E6D619BC8E09EAF6ED25AF0C5.d.D8A46E1E89919B973D3AB5B23AE3B9C8.e.3131/click - {}
RESULT: {}
COMMAND: GET /session/5b1650577b6acd5a01838de84862d1f6/screenshot - {}
RESULT: {}
]]></system-out>
    </testcase>
    <testcase classname="chrome.136_0_7103_93.windows.RU_Inventory_Mass_State_Change_Multiple_Items_US151066" name="Prerequisite Step 2 Should do a stock increase handover for the material" time="101.019">
      <system-out><![CDATA[
RESULT: undefined
COMMAND: POST /session/5b1650577b6acd5a01838de84862d1f6/element - {"using":"xpath","value":"//*[@id=\"__tile133\"]"}
RESULT: {"using":"xpath","value":"//*[@id=\"__tile133\"]"}
COMMAND: POST /session/5b1650577b6acd5a01838de84862d1f6/element/f.2029905E6D619BC8E09EAF6ED25AF0C5.d.D8A46E1E89919B973D3AB5B23AE3B9C8.e.236/click - {}
RESULT: {}
COMMAND: GET /session/5b1650577b6acd5a01838de84862d1f6/screenshot - {}
RESULT: {}
COMMAND: POST /session/5b1650577b6acd5a01838de84862d1f6/elements - {"using":"xpath","value":"//span[text()='Error']"}
RESULT: {"using":"xpath","value":"//span[text()='Error']"}
COMMAND: POST /session/5b1650577b6acd5a01838de84862d1f6/element - {"using":"xpath","value":"//button[@data-kt=\"masterHOAddButton\"]"}
RESULT: {"using":"xpath","value":"//button[@data-kt=\"masterHOAddButton\"]"}
COMMAND: POST /session/5b1650577b6acd5a01838de84862d1f6/elements - {"using":"xpath","value":"//button[@data-kt=\"masterHOAddButton\"]"}
RESULT: {"using":"xpath","value":"//button[@data-kt=\"masterHOAddButton\"]"}
COMMAND: POST /session/5b1650577b6acd5a01838de84862d1f6/execute/sync - {"script":"<script> [8489 bytes]","args":[{"element-6066-11e4-a52e-4f735466cecf":"f.2029905E6D619BC8E09EAF6ED25AF0C5.d.D8A46E1E89919B973D3AB5B23AE3B9C8.e.3928","ELEMENT":"f.2029905E6D619BC8E09EAF6ED25AF0C5.d.D8A46E1E89919B973D3AB5B23AE3B9C8.e.3928"}]}
RESULT: {"script":"<script> [8489 bytes]","args":[{"element-6066-11e4-a52e-4f735466cecf":"f.2029905E6D619BC8E09EAF6ED25AF0C5.d.D8A46E1E89919B973D3AB5B23AE3B9C8.e.3928","ELEMENT":"f.2029905E6D619BC8E09EAF6ED25AF0C5.d.D8A46E1E89919B973D3AB5B23AE3B9C8.e.3928"}]}
COMMAND: GET /session/5b1650577b6acd5a01838de84862d1f6/element/f.2029905E6D619BC8E09EAF6ED25AF0C5.d.D8A46E1E89919B973D3AB5B23AE3B9C8.e.3928/enabled - {}
COMMAND: GET /session/5b1650577b6acd5a01838de84862d1f6/screenshot - {}
RESULT: {}
COMMAND: POST /session/5b1650577b6acd5a01838de84862d1f6/execute/sync - {"script":"<script> [8489 bytes]","args":[{"element-6066-11e4-a52e-4f735466cecf":"f.2029905E6D619BC8E09EAF6ED25AF0C5.d.D8A46E1E89919B973D3AB5B23AE3B9C8.e.3928","ELEMENT":"f.2029905E6D619BC8E09EAF6ED25AF0C5.d.D8A46E1E89919B973D3AB5B23AE3B9C8.e.3928"}]}
COMMAND: GET /session/5b1650577b6acd5a01838de84862d1f6/screenshot - {}
RESULT: {}
RESULT: {"script":"<script> [8489 bytes]","args":[{"element-6066-11e4-a52e-4f735466cecf":"f.2029905E6D619BC8E09EAF6ED25AF0C5.d.D8A46E1E89919B973D3AB5B23AE3B9C8.e.3928","ELEMENT":"f.2029905E6D619BC8E09EAF6ED25AF0C5.d.D8A46E1E89919B973D3AB5B23AE3B9C8.e.3928"}]}
COMMAND: POST /session/5b1650577b6acd5a01838de84862d1f6/execute/sync - {"script":"<script> [5351 bytes]","args":[{"element-6066-11e4-a52e-4f735466cecf":"f.2029905E6D619BC8E09EAF6ED25AF0C5.d.D8A46E1E89919B973D3AB5B23AE3B9C8.e.3928","ELEMENT":"f.2029905E6D619BC8E09EAF6ED25AF0C5.d.D8A46E1E89919B973D3AB5B23AE3B9C8.e.3928"}]}
COMMAND: GET /session/5b1650577b6acd5a01838de84862d1f6/screenshot - {}
RESULT: {}
RESULT: {"script":"<script> [5351 bytes]","args":[{"element-6066-11e4-a52e-4f735466cecf":"f.2029905E6D619BC8E09EAF6ED25AF0C5.d.D8A46E1E89919B973D3AB5B23AE3B9C8.e.3928","ELEMENT":"f.2029905E6D619BC8E09EAF6ED25AF0C5.d.D8A46E1E89919B973D3AB5B23AE3B9C8.e.3928"}]}
COMMAND: POST /session/5b1650577b6acd5a01838de84862d1f6/element/f.2029905E6D619BC8E09EAF6ED25AF0C5.d.D8A46E1E89919B973D3AB5B23AE3B9C8.e.3928/click - {}
COMMAND: GET /session/5b1650577b6acd5a01838de84862d1f6/screenshot - {}
RESULT: {}
RESULT: {}
COMMAND: GET /session/5b1650577b6acd5a01838de84862d1f6/screenshot - {}
RESULT: {}
COMMAND: POST /session/5b1650577b6acd5a01838de84862d1f6/element - {"using":"xpath","value":"//span[contains(@id ,\"AddNewHO--typeSelect-arrow\")]"}
RESULT: {}
RESULT: {"using":"xpath","value":"//span[contains(@id ,\"AddNewHO--typeSelect-arrow\")]"}
COMMAND: POST /session/5b1650577b6acd5a01838de84862d1f6/element/f.2029905E6D619BC8E09EAF6ED25AF0C5.d.D8A46E1E89919B973D3AB5B23AE3B9C8.e.4357/click - {}
RESULT: {}
COMMAND: GET /session/5b1650577b6acd5a01838de84862d1f6/screenshot - {}
RESULT: {}
COMMAND: POST /session/5b1650577b6acd5a01838de84862d1f6/element - {"using":"xpath","value":"(//li[contains(text(), \"stock increase yard\")])[1]"}
RESULT: {"using":"xpath","value":"(//li[contains(text(), \"stock increase yard\")])[1]"}
COMMAND: POST /session/5b1650577b6acd5a01838de84862d1f6/element/f.2029905E6D619BC8E09EAF6ED25AF0C5.d.D8A46E1E89919B973D3AB5B23AE3B9C8.e.4358/click - {}
RESULT: {}
COMMAND: GET /session/5b1650577b6acd5a01838de84862d1f6/screenshot - {}
RESULT: {}
RESULT: undefined
COMMAND: POST /session/5b1650577b6acd5a01838de84862d1f6/execute/async - {"script":"<script> [6424 bytes]","args":[{"element-6066-11e4-a52e-4f735466cecf":"f.2029905E6D619BC8E09EAF6ED25AF0C5.d.D8A46E1E89919B973D3AB5B23AE3B9C8.e.3511"},"setValue",["5/16/25"]]}
COMMAND: POST /session/5b1650577b6acd5a01838de84862d1f6/execute/async - {"script":"<script> [1562 bytes]","args":[{"selector":{"id":"application-managehandovers-display-component---AddNewHO--dueDate","interaction":{"idSuffix":"inner"}},"wdio_ui5_key":"applicationmanagehandovers-display-component---AddNewHO--dueDate"}]}
RESULT: {"script":"<script> [1562 bytes]","args":[{"selector":{"id":"application-managehandovers-display-component---AddNewHO--dueDate","interaction":{"idSuffix":"inner"}},"wdio_ui5_key":"applicationmanagehandovers-display-component---AddNewHO--dueDate"}]}
COMMAND: POST /session/5b1650577b6acd5a01838de84862d1f6/execute/async - {"script":"<script> [6424 bytes]","args":[{"element-6066-11e4-a52e-4f735466cecf":"f.2029905E6D619BC8E09EAF6ED25AF0C5.d.D8A46E1E89919B973D3AB5B23AE3B9C8.e.4362"},"setValue",["5/16/25"]]}
RESULT: {"script":"<script> [6424 bytes]","args":[{"element-6066-11e4-a52e-4f735466cecf":"f.2029905E6D619BC8E09EAF6ED25AF0C5.d.D8A46E1E89919B973D3AB5B23AE3B9C8.e.4362"},"setValue",["5/16/25"]]}
COMMAND: POST /session/5b1650577b6acd5a01838de84862d1f6/element - {"using":"xpath","value":"//input[@id=\"generalSectionFrg--receiveYard-inner\"]"}
RESULT: {"using":"xpath","value":"//input[@id=\"generalSectionFrg--receiveYard-inner\"]"}
COMMAND: POST /session/5b1650577b6acd5a01838de84862d1f6/element/f.2029905E6D619BC8E09EAF6ED25AF0C5.d.D8A46E1E89919B973D3AB5B23AE3B9C8.e.4366/clear - {}
RESULT: {}
COMMAND: POST /session/5b1650577b6acd5a01838de84862d1f6/element/f.2029905E6D619BC8E09EAF6ED25AF0C5.d.D8A46E1E89919B973D3AB5B23AE3B9C8.e.4366/value - {"text":"109"}
COMMAND: GET /session/5b1650577b6acd5a01838de84862d1f6/screenshot - {}
RESULT: {"text":"109"}
COMMAND: GET /session/5b1650577b6acd5a01838de84862d1f6/screenshot - {}
RESULT: {}
RESULT: {}
COMMAND: POST /session/5b1650577b6acd5a01838de84862d1f6/element - {"using":"xpath","value":"//li[.//span[text()='109']]"}
RESULT: {"using":"xpath","value":"//li[.//span[text()='109']]"}
COMMAND: POST /session/5b1650577b6acd5a01838de84862d1f6/element/f.2029905E6D619BC8E09EAF6ED25AF0C5.d.D8A46E1E89919B973D3AB5B23AE3B9C8.e.4380/click - {}
RESULT: {}
COMMAND: GET /session/5b1650577b6acd5a01838de84862d1f6/screenshot - {}
RESULT: {}
RESULT: undefined
COMMAND: POST /session/5b1650577b6acd5a01838de84862d1f6/element - {"using":"xpath","value":"//*[@id=\"application-managehandovers-display-component---AddNewHO--ObjectPageLayout-anchBar-application-managehandovers-display-component---AddNewHO--section4-anchor\"]"}
RESULT: {"using":"xpath","value":"//*[@id=\"application-managehandovers-display-component---AddNewHO--ObjectPageLayout-anchBar-application-managehandovers-display-component---AddNewHO--section4-anchor\"]"}
COMMAND: POST /session/5b1650577b6acd5a01838de84862d1f6/element/f.2029905E6D619BC8E09EAF6ED25AF0C5.d.D8A46E1E89919B973D3AB5B23AE3B9C8.e.4381/click - {}
RESULT: {}
COMMAND: POST /session/5b1650577b6acd5a01838de84862d1f6/element - {"using":"xpath","value":"//button[@aria-label=\"Add\"]"}
COMMAND: GET /session/5b1650577b6acd5a01838de84862d1f6/screenshot - {}
RESULT: {"using":"xpath","value":"//button[@aria-label=\"Add\"]"}
COMMAND: POST /session/5b1650577b6acd5a01838de84862d1f6/element/f.2029905E6D619BC8E09EAF6ED25AF0C5.d.D8A46E1E89919B973D3AB5B23AE3B9C8.e.4383/click - {}
RESULT: {}
RESULT: {}
COMMAND: GET /session/5b1650577b6acd5a01838de84862d1f6/screenshot - {}
RESULT: {}
RESULT: undefined
COMMAND: POST /session/5b1650577b6acd5a01838de84862d1f6/execute/async - {"script":"<script> [776 bytes]","args":[{"enterText":"200235","selector":{"id":"application-managehandovers-display-component---AddNewHO--smartFilterBar-btnBasicSearch","searchOpenDialogs":true,"interaction":{"idSuffix":"I"}},"clearTextFirst":true,"interactionType":"ENTER_TEXT"}]}
RESULT: {"script":"<script> [776 bytes]","args":[{"enterText":"200235","selector":{"id":"application-managehandovers-display-component---AddNewHO--smartFilterBar-btnBasicSearch","searchOpenDialogs":true,"interaction":{"idSuffix":"I"}},"clearTextFirst":true,"interactionType":"ENTER_TEXT"}]}
COMMAND: POST /session/5b1650577b6acd5a01838de84862d1f6/actions - {"actions":[{"id":"action20","type":"key","parameters":{},"actions":[{"type":"keyDown","value":"î€‡"},{"type":"pause","duration":10},{"type":"keyUp","value":"î€‡"}]}]}
RESULT: {"actions":[{"id":"action20","type":"key","parameters":{},"actions":[{"type":"keyDown","value":"î€‡"},{"type":"pause","duration":10},{"type":"keyUp","value":"î€‡"}]}]}
COMMAND: GET /session/5b1650577b6acd5a01838de84862d1f6/screenshot - {}
RESULT: {}
RESULT: undefined
COMMAND: POST /session/5b1650577b6acd5a01838de84862d1f6/element - {"using":"xpath","value":"//*[@id=\"application-managehandovers-display-component---AddNewHO--popup-sa\"]"}
RESULT: {"using":"xpath","value":"//*[@id=\"application-managehandovers-display-component---AddNewHO--popup-sa\"]"}
COMMAND: POST /session/5b1650577b6acd5a01838de84862d1f6/element/f.2029905E6D619BC8E09EAF6ED25AF0C5.d.D8A46E1E89919B973D3AB5B23AE3B9C8.e.4533/click - {}
RESULT: {}
COMMAND: GET /session/5b1650577b6acd5a01838de84862d1f6/screenshot - {}
RESULT: {}
COMMAND: POST /session/5b1650577b6acd5a01838de84862d1f6/element - {"using":"xpath","value":"//bdi[contains(text(), \"Select\")]"}
RESULT: {"using":"xpath","value":"//bdi[contains(text(), \"Select\")]"}
COMMAND: POST /session/5b1650577b6acd5a01838de84862d1f6/element/f.2029905E6D619BC8E09EAF6ED25AF0C5.d.D8A46E1E89919B973D3AB5B23AE3B9C8.e.4534/click - {}
RESULT: {}
COMMAND: GET /session/5b1650577b6acd5a01838de84862d1f6/screenshot - {}
RESULT: {}
COMMAND: POST /session/5b1650577b6acd5a01838de84862d1f6/element - {"using":"xpath","value":"//button[@data-kt=\"AddNewHOSaveButton\"]"}
RESULT: {"using":"xpath","value":"//button[@data-kt=\"AddNewHOSaveButton\"]"}
COMMAND: POST /session/5b1650577b6acd5a01838de84862d1f6/element/f.2029905E6D619BC8E09EAF6ED25AF0C5.d.D8A46E1E89919B973D3AB5B23AE3B9C8.e.4538/click - {}
RESULT: {}
COMMAND: GET /session/5b1650577b6acd5a01838de84862d1f6/screenshot - {}
RESULT: {}
RESULT: undefined
COMMAND: POST /session/5b1650577b6acd5a01838de84862d1f6/execute/async - {"script":"<script> [6424 bytes]","args":[{"element-6066-11e4-a52e-4f735466cecf":"f.2029905E6D619BC8E09EAF6ED25AF0C5.d.D8A46E1E89919B973D3AB5B23AE3B9C8.e.3711"},"setValue",["5/16/25"]]}
COMMAND: POST /session/5b1650577b6acd5a01838de84862d1f6/execute/async - {"script":"<script> [1562 bytes]","args":[{"selector":{"id":"receiptDatePicker","viewName":"etm.portal.ui.managehandovers.view.DetailExecuteHO","interaction":{"idSuffix":"inner"}},"wdio_ui5_key":"receiptDatePickeretmportal.ui.managehandovers.view.DetailExecuteHO"}]}
RESULT: {"script":"<script> [1562 bytes]","args":[{"selector":{"id":"receiptDatePicker","viewName":"etm.portal.ui.managehandovers.view.DetailExecuteHO","interaction":{"idSuffix":"inner"}},"wdio_ui5_key":"receiptDatePickeretmportal.ui.managehandovers.view.DetailExecuteHO"}]}
COMMAND: POST /session/5b1650577b6acd5a01838de84862d1f6/execute/async - {"script":"<script> [6424 bytes]","args":[{"element-6066-11e4-a52e-4f735466cecf":"f.2029905E6D619BC8E09EAF6ED25AF0C5.d.D8A46E1E89919B973D3AB5B23AE3B9C8.e.4557"},"setValue",["5/16/25"]]}
RESULT: {"script":"<script> [6424 bytes]","args":[{"element-6066-11e4-a52e-4f735466cecf":"f.2029905E6D619BC8E09EAF6ED25AF0C5.d.D8A46E1E89919B973D3AB5B23AE3B9C8.e.4557"},"setValue",["5/16/25"]]}
COMMAND: POST /session/5b1650577b6acd5a01838de84862d1f6/element - {"using":"xpath","value":"//button[@data-kt=\"PickingTableConfirmAllButton\"]"}
RESULT: {"using":"xpath","value":"//button[@data-kt=\"PickingTableConfirmAllButton\"]"}
COMMAND: POST /session/5b1650577b6acd5a01838de84862d1f6/element/f.2029905E6D619BC8E09EAF6ED25AF0C5.d.D8A46E1E89919B973D3AB5B23AE3B9C8.e.4571/click - {}
RESULT: {}
COMMAND: GET /session/5b1650577b6acd5a01838de84862d1f6/screenshot - {}
RESULT: {}
COMMAND: POST /session/5b1650577b6acd5a01838de84862d1f6/element - {"using":"xpath","value":"//bdi[contains(text(), \"OK\")]"}
RESULT: {"using":"xpath","value":"//bdi[contains(text(), \"OK\")]"}
COMMAND: POST /session/5b1650577b6acd5a01838de84862d1f6/element/f.2029905E6D619BC8E09EAF6ED25AF0C5.d.D8A46E1E89919B973D3AB5B23AE3B9C8.e.4573/click - {}
RESULT: {}
COMMAND: GET /session/5b1650577b6acd5a01838de84862d1f6/screenshot - {}
RESULT: {}
COMMAND: POST /session/5b1650577b6acd5a01838de84862d1f6/element - {"using":"xpath","value":"(//bdi[contains(text(), \"Receive\")])[2]"}
RESULT: {"using":"xpath","value":"(//bdi[contains(text(), \"Receive\")])[2]"}
COMMAND: POST /session/5b1650577b6acd5a01838de84862d1f6/element/f.2029905E6D619BC8E09EAF6ED25AF0C5.d.D8A46E1E89919B973D3AB5B23AE3B9C8.e.4575/click - {}
RESULT: {}
COMMAND: GET /session/5b1650577b6acd5a01838de84862d1f6/screenshot - {}
RESULT: {}
COMMAND: POST /session/5b1650577b6acd5a01838de84862d1f6/element - {"using":"css selector","value":"#shell-header-logo"}
RESULT: {"using":"css selector","value":"#shell-header-logo"}
COMMAND: POST /session/5b1650577b6acd5a01838de84862d1f6/element/f.2029905E6D619BC8E09EAF6ED25AF0C5.d.D8A46E1E89919B973D3AB5B23AE3B9C8.e.3900/click - {}
RESULT: {}
COMMAND: GET /session/5b1650577b6acd5a01838de84862d1f6/screenshot - {}
RESULT: {}
]]></system-out>
    </testcase>
    <testcase classname="chrome.136_0_7103_93.windows.RU_Inventory_Mass_State_Change_Multiple_Items_US151066" name="Step 2 Should do a RU inventory mass state change on chosen yard 109 with the resources created one equipment one material the existing ones too" time="302.177">
      <system-out><![CDATA[
RESULT: undefined
COMMAND: POST /session/5b1650577b6acd5a01838de84862d1f6/element - {"using":"xpath","value":"//*[@id=\"__tile99\"]"}
RESULT: {"using":"xpath","value":"//*[@id=\"__tile99\"]"}
COMMAND: POST /session/5b1650577b6acd5a01838de84862d1f6/element/f.2029905E6D619BC8E09EAF6ED25AF0C5.d.D8A46E1E89919B973D3AB5B23AE3B9C8.e.260/click - {}
RESULT: {}
COMMAND: GET /session/5b1650577b6acd5a01838de84862d1f6/screenshot - {}
RESULT: {}
COMMAND: POST /session/5b1650577b6acd5a01838de84862d1f6/elements - {"using":"xpath","value":"//span[text()='Error']"}
RESULT: {"using":"xpath","value":"//span[text()='Error']"}
COMMAND: POST /session/5b1650577b6acd5a01838de84862d1f6/element - {"using":"xpath","value":"//button[contains(@id, \"massStateBtn\")]"}
RESULT: {"using":"xpath","value":"//button[contains(@id, \"massStateBtn\")]"}
COMMAND: POST /session/5b1650577b6acd5a01838de84862d1f6/elements - {"using":"xpath","value":"//button[contains(@id, \"massStateBtn\")]"}
RESULT: {"using":"xpath","value":"//button[contains(@id, \"massStateBtn\")]"}
COMMAND: POST /session/5b1650577b6acd5a01838de84862d1f6/execute/sync - {"script":"<script> [8489 bytes]","args":[{"element-6066-11e4-a52e-4f735466cecf":"f.2029905E6D619BC8E09EAF6ED25AF0C5.d.D8A46E1E89919B973D3AB5B23AE3B9C8.e.4883","ELEMENT":"f.2029905E6D619BC8E09EAF6ED25AF0C5.d.D8A46E1E89919B973D3AB5B23AE3B9C8.e.4883"}]}
RESULT: {"script":"<script> [8489 bytes]","args":[{"element-6066-11e4-a52e-4f735466cecf":"f.2029905E6D619BC8E09EAF6ED25AF0C5.d.D8A46E1E89919B973D3AB5B23AE3B9C8.e.4883","ELEMENT":"f.2029905E6D619BC8E09EAF6ED25AF0C5.d.D8A46E1E89919B973D3AB5B23AE3B9C8.e.4883"}]}
COMMAND: GET /session/5b1650577b6acd5a01838de84862d1f6/element/f.2029905E6D619BC8E09EAF6ED25AF0C5.d.D8A46E1E89919B973D3AB5B23AE3B9C8.e.4883/enabled - {}
COMMAND: GET /session/5b1650577b6acd5a01838de84862d1f6/screenshot - {}
RESULT: {}
COMMAND: POST /session/5b1650577b6acd5a01838de84862d1f6/execute/sync - {"script":"<script> [8489 bytes]","args":[{"element-6066-11e4-a52e-4f735466cecf":"f.2029905E6D619BC8E09EAF6ED25AF0C5.d.D8A46E1E89919B973D3AB5B23AE3B9C8.e.4883","ELEMENT":"f.2029905E6D619BC8E09EAF6ED25AF0C5.d.D8A46E1E89919B973D3AB5B23AE3B9C8.e.4883"}]}
COMMAND: GET /session/5b1650577b6acd5a01838de84862d1f6/screenshot - {}
RESULT: {}
RESULT: {"script":"<script> [8489 bytes]","args":[{"element-6066-11e4-a52e-4f735466cecf":"f.2029905E6D619BC8E09EAF6ED25AF0C5.d.D8A46E1E89919B973D3AB5B23AE3B9C8.e.4883","ELEMENT":"f.2029905E6D619BC8E09EAF6ED25AF0C5.d.D8A46E1E89919B973D3AB5B23AE3B9C8.e.4883"}]}
COMMAND: POST /session/5b1650577b6acd5a01838de84862d1f6/execute/sync - {"script":"<script> [5351 bytes]","args":[{"element-6066-11e4-a52e-4f735466cecf":"f.2029905E6D619BC8E09EAF6ED25AF0C5.d.D8A46E1E89919B973D3AB5B23AE3B9C8.e.4883","ELEMENT":"f.2029905E6D619BC8E09EAF6ED25AF0C5.d.D8A46E1E89919B973D3AB5B23AE3B9C8.e.4883"}]}
COMMAND: GET /session/5b1650577b6acd5a01838de84862d1f6/screenshot - {}
RESULT: {}
RESULT: {"script":"<script> [5351 bytes]","args":[{"element-6066-11e4-a52e-4f735466cecf":"f.2029905E6D619BC8E09EAF6ED25AF0C5.d.D8A46E1E89919B973D3AB5B23AE3B9C8.e.4883","ELEMENT":"f.2029905E6D619BC8E09EAF6ED25AF0C5.d.D8A46E1E89919B973D3AB5B23AE3B9C8.e.4883"}]}
COMMAND: POST /session/5b1650577b6acd5a01838de84862d1f6/element/f.2029905E6D619BC8E09EAF6ED25AF0C5.d.D8A46E1E89919B973D3AB5B23AE3B9C8.e.4883/click - {}
COMMAND: GET /session/5b1650577b6acd5a01838de84862d1f6/screenshot - {}
RESULT: {}
RESULT: {}
COMMAND: GET /session/5b1650577b6acd5a01838de84862d1f6/screenshot - {}
RESULT: {}
RESULT: {}
RESULT: undefined
COMMAND: POST /session/5b1650577b6acd5a01838de84862d1f6/element - {"using":"xpath","value":"//*[@id=\"application-ruinventorylist-display-component---Master--ruLocationTypeComboBox-arrow\"]"}
RESULT: {"using":"xpath","value":"//*[@id=\"application-ruinventorylist-display-component---Master--ruLocationTypeComboBox-arrow\"]"}
COMMAND: POST /session/5b1650577b6acd5a01838de84862d1f6/element/f.2029905E6D619BC8E09EAF6ED25AF0C5.d.D8A46E1E89919B973D3AB5B23AE3B9C8.e.5236/click - {}
RESULT: {}
COMMAND: GET /session/5b1650577b6acd5a01838de84862d1f6/screenshot - {}
RESULT: {}
COMMAND: POST /session/5b1650577b6acd5a01838de84862d1f6/element - {"using":"xpath","value":"//li[.//span[text()='Yard']]"}
RESULT: {"using":"xpath","value":"//li[.//span[text()='Yard']]"}
COMMAND: POST /session/5b1650577b6acd5a01838de84862d1f6/element/f.2029905E6D619BC8E09EAF6ED25AF0C5.d.D8A46E1E89919B973D3AB5B23AE3B9C8.e.5237/click - {}
RESULT: {}
COMMAND: GET /session/5b1650577b6acd5a01838de84862d1f6/screenshot - {}
RESULT: {}
RESULT: undefined
COMMAND: POST /session/5b1650577b6acd5a01838de84862d1f6/element - {"using":"xpath","value":"//*[@id=\"application-ruinventorylist-display-component---Master--smartFilterBar-filterItemControl_BASIC-YARD-vhi\"]"}
RESULT: {"using":"xpath","value":"//*[@id=\"application-ruinventorylist-display-component---Master--smartFilterBar-filterItemControl_BASIC-YARD-vhi\"]"}
COMMAND: POST /session/5b1650577b6acd5a01838de84862d1f6/element/f.2029905E6D619BC8E09EAF6ED25AF0C5.d.D8A46E1E89919B973D3AB5B23AE3B9C8.e.5274/click - {}
RESULT: {}
COMMAND: GET /session/5b1650577b6acd5a01838de84862d1f6/screenshot - {}
RESULT: {}
RESULT: undefined
COMMAND: POST /session/5b1650577b6acd5a01838de84862d1f6/execute/async - {"script":"<script> [776 bytes]","args":[{"enterText":"109","selector":{"id":"application-ruinventorylist-display-component---Master--smartFilterBar-filterItemControl_BASIC-YARD-valueHelpDialog-smartFilterBar-btnBasicSearch","searchOpenDialogs":true,"interaction":{"idSuffix":"I"}},"clearTextFirst":true,"interactionType":"ENTER_TEXT"}]}
RESULT: {"script":"<script> [776 bytes]","args":[{"enterText":"109","selector":{"id":"application-ruinventorylist-display-component---Master--smartFilterBar-filterItemControl_BASIC-YARD-valueHelpDialog-smartFilterBar-btnBasicSearch","searchOpenDialogs":true,"interaction":{"idSuffix":"I"}},"clearTextFirst":true,"interactionType":"ENTER_TEXT"}]}
COMMAND: POST /session/5b1650577b6acd5a01838de84862d1f6/actions - {"actions":[{"id":"action21","type":"key","parameters":{},"actions":[{"type":"keyDown","value":"î€‡"},{"type":"pause","duration":10},{"type":"keyUp","value":"î€‡"}]}]}
RESULT: {"actions":[{"id":"action21","type":"key","parameters":{},"actions":[{"type":"keyDown","value":"î€‡"},{"type":"pause","duration":10},{"type":"keyUp","value":"î€‡"}]}]}
COMMAND: GET /session/5b1650577b6acd5a01838de84862d1f6/screenshot - {}
RESULT: {}
COMMAND: POST /session/5b1650577b6acd5a01838de84862d1f6/elements - {"using":"xpath","value":"//table[contains(@id, \"filterItemControl_BASIC-YARD-valueHelpDialog-table-table\")]/tbody/tr"}
RESULT: {"using":"xpath","value":"//table[contains(@id, \"filterItemControl_BASIC-YARD-valueHelpDialog-table-table\")]/tbody/tr"}
COMMAND: POST /session/5b1650577b6acd5a01838de84862d1f6/element - {"using":"xpath","value":"//table[contains(@id, \"filterItemControl_BASIC-YARD-valueHelpDialog-table-table\")]/tbody/tr[1]/td[1]/div/span"}
RESULT: {"using":"xpath","value":"//table[contains(@id, \"filterItemControl_BASIC-YARD-valueHelpDialog-table-table\")]/tbody/tr[1]/td[1]/div/span"}
COMMAND: POST /session/5b1650577b6acd5a01838de84862d1f6/elements - {"using":"xpath","value":"//table[contains(@id, \"filterItemControl_BASIC-YARD-valueHelpDialog-table-table\")]/tbody/tr[1]/td[1]/div/span"}
RESULT: {"using":"xpath","value":"//table[contains(@id, \"filterItemControl_BASIC-YARD-valueHelpDialog-table-table\")]/tbody/tr[1]/td[1]/div/span"}
COMMAND: POST /session/5b1650577b6acd5a01838de84862d1f6/execute/sync - {"script":"<script> [56 bytes]","args":[{"element-6066-11e4-a52e-4f735466cecf":"f.2029905E6D619BC8E09EAF6ED25AF0C5.d.D8A46E1E89919B973D3AB5B23AE3B9C8.e.5293","ELEMENT":"f.2029905E6D619BC8E09EAF6ED25AF0C5.d.D8A46E1E89919B973D3AB5B23AE3B9C8.e.5293"}]}
RESULT: {"script":"<script> [56 bytes]","args":[{"element-6066-11e4-a52e-4f735466cecf":"f.2029905E6D619BC8E09EAF6ED25AF0C5.d.D8A46E1E89919B973D3AB5B23AE3B9C8.e.5293","ELEMENT":"f.2029905E6D619BC8E09EAF6ED25AF0C5.d.D8A46E1E89919B973D3AB5B23AE3B9C8.e.5293"}]}
COMMAND: POST /session/5b1650577b6acd5a01838de84862d1f6/element - {"using":"xpath","value":"//div[contains(@id, \"filterItemControl_BASIC-YARD-valueHelpDialog-table-rowsel0\")]"}
COMMAND: GET /session/5b1650577b6acd5a01838de84862d1f6/screenshot - {}
RESULT: {"using":"xpath","value":"//div[contains(@id, \"filterItemControl_BASIC-YARD-valueHelpDialog-table-rowsel0\")]"}
COMMAND: POST /session/5b1650577b6acd5a01838de84862d1f6/element/f.2029905E6D619BC8E09EAF6ED25AF0C5.d.D8A46E1E89919B973D3AB5B23AE3B9C8.e.5294/click - {}
RESULT: {}
RESULT: {}
COMMAND: GET /session/5b1650577b6acd5a01838de84862d1f6/screenshot - {}
RESULT: {}
COMMAND: POST /session/5b1650577b6acd5a01838de84862d1f6/element - {"using":"xpath","value":"//div[contains(@id, \"smartFilterBar-filterItemControl_BASIC-YARD-valueHelpDialog-smartFilterBar-btnBasicSearch-reset\")]"}
RESULT: {"using":"xpath","value":"//div[contains(@id, \"smartFilterBar-filterItemControl_BASIC-YARD-valueHelpDialog-smartFilterBar-btnBasicSearch-reset\")]"}
COMMAND: POST /session/5b1650577b6acd5a01838de84862d1f6/element/f.2029905E6D619BC8E09EAF6ED25AF0C5.d.D8A46E1E89919B973D3AB5B23AE3B9C8.e.5296/click - {}
RESULT: {}
RESULT: undefined
COMMAND: POST /session/5b1650577b6acd5a01838de84862d1f6/execute/async - {"script":"<script> [776 bytes]","args":[{"enterText":"OPA5_BST01_YARD1","selector":{"id":"application-ruinventorylist-display-component---Master--smartFilterBar-filterItemControl_BASIC-YARD-valueHelpDialog-smartFilterBar-btnBasicSearch","searchOpenDialogs":true,"interaction":{"idSuffix":"I"}},"clearTextFirst":true,"interactionType":"ENTER_TEXT"}]}
COMMAND: GET /session/5b1650577b6acd5a01838de84862d1f6/screenshot - {}
RESULT: {"script":"<script> [776 bytes]","args":[{"enterText":"OPA5_BST01_YARD1","selector":{"id":"application-ruinventorylist-display-component---Master--smartFilterBar-filterItemControl_BASIC-YARD-valueHelpDialog-smartFilterBar-btnBasicSearch","searchOpenDialogs":true,"interaction":{"idSuffix":"I"}},"clearTextFirst":true,"interactionType":"ENTER_TEXT"}]}
COMMAND: POST /session/5b1650577b6acd5a01838de84862d1f6/actions - {"actions":[{"id":"action22","type":"key","parameters":{},"actions":[{"type":"keyDown","value":"î€‡"},{"type":"pause","duration":10},{"type":"keyUp","value":"î€‡"}]}]}
RESULT: {}
RESULT: {"actions":[{"id":"action22","type":"key","parameters":{},"actions":[{"type":"keyDown","value":"î€‡"},{"type":"pause","duration":10},{"type":"keyUp","value":"î€‡"}]}]}
COMMAND: GET /session/5b1650577b6acd5a01838de84862d1f6/screenshot - {}
RESULT: {}
COMMAND: POST /session/5b1650577b6acd5a01838de84862d1f6/elements - {"using":"xpath","value":"//table[contains(@id, \"filterItemControl_BASIC-YARD-valueHelpDialog-table-table\")]/tbody/tr"}
RESULT: {"using":"xpath","value":"//table[contains(@id, \"filterItemControl_BASIC-YARD-valueHelpDialog-table-table\")]/tbody/tr"}
COMMAND: POST /session/5b1650577b6acd5a01838de84862d1f6/element - {"using":"xpath","value":"//table[contains(@id, \"filterItemControl_BASIC-YARD-valueHelpDialog-table-table\")]/tbody/tr[1]/td[1]/div/span"}
RESULT: {"using":"xpath","value":"//table[contains(@id, \"filterItemControl_BASIC-YARD-valueHelpDialog-table-table\")]/tbody/tr[1]/td[1]/div/span"}
COMMAND: POST /session/5b1650577b6acd5a01838de84862d1f6/elements - {"using":"xpath","value":"//table[contains(@id, \"filterItemControl_BASIC-YARD-valueHelpDialog-table-table\")]/tbody/tr[1]/td[1]/div/span"}
RESULT: {"using":"xpath","value":"//table[contains(@id, \"filterItemControl_BASIC-YARD-valueHelpDialog-table-table\")]/tbody/tr[1]/td[1]/div/span"}
COMMAND: POST /session/5b1650577b6acd5a01838de84862d1f6/execute/sync - {"script":"<script> [56 bytes]","args":[{"element-6066-11e4-a52e-4f735466cecf":"f.2029905E6D619BC8E09EAF6ED25AF0C5.d.D8A46E1E89919B973D3AB5B23AE3B9C8.e.5293","ELEMENT":"f.2029905E6D619BC8E09EAF6ED25AF0C5.d.D8A46E1E89919B973D3AB5B23AE3B9C8.e.5293"}]}
RESULT: {"script":"<script> [56 bytes]","args":[{"element-6066-11e4-a52e-4f735466cecf":"f.2029905E6D619BC8E09EAF6ED25AF0C5.d.D8A46E1E89919B973D3AB5B23AE3B9C8.e.5293","ELEMENT":"f.2029905E6D619BC8E09EAF6ED25AF0C5.d.D8A46E1E89919B973D3AB5B23AE3B9C8.e.5293"}]}
COMMAND: POST /session/5b1650577b6acd5a01838de84862d1f6/element - {"using":"xpath","value":"//div[contains(@id, \"filterItemControl_BASIC-YARD-valueHelpDialog-table-rowsel0\")]"}
COMMAND: GET /session/5b1650577b6acd5a01838de84862d1f6/screenshot - {}
RESULT: {"using":"xpath","value":"//div[contains(@id, \"filterItemControl_BASIC-YARD-valueHelpDialog-table-rowsel0\")]"}
COMMAND: POST /session/5b1650577b6acd5a01838de84862d1f6/element/f.2029905E6D619BC8E09EAF6ED25AF0C5.d.D8A46E1E89919B973D3AB5B23AE3B9C8.e.5294/click - {}
RESULT: {}
RESULT: {}
COMMAND: GET /session/5b1650577b6acd5a01838de84862d1f6/screenshot - {}
RESULT: {}
COMMAND: POST /session/5b1650577b6acd5a01838de84862d1f6/element - {"using":"xpath","value":"(//bdi[contains(text(), \"OK\")])[1]"}
RESULT: {"using":"xpath","value":"(//bdi[contains(text(), \"OK\")])[1]"}
COMMAND: POST /session/5b1650577b6acd5a01838de84862d1f6/element/f.2029905E6D619BC8E09EAF6ED25AF0C5.d.D8A46E1E89919B973D3AB5B23AE3B9C8.e.5297/click - {}
RESULT: {}
COMMAND: GET /session/5b1650577b6acd5a01838de84862d1f6/screenshot - {}
RESULT: {}
COMMAND: POST /session/5b1650577b6acd5a01838de84862d1f6/element - {"using":"xpath","value":"//span[@id=\"application-ruinventorylist-display-component---Master--smartTableRuInventoryList-header-inner\"]"}
RESULT: {"using":"xpath","value":"//span[@id=\"application-ruinventorylist-display-component---Master--smartTableRuInventoryList-header-inner\"]"}
COMMAND: POST /session/5b1650577b6acd5a01838de84862d1f6/elements - {"using":"xpath","value":"//span[@id=\"application-ruinventorylist-display-component---Master--smartTableRuInventoryList-header-inner\"]"}
RESULT: {"using":"xpath","value":"//span[@id=\"application-ruinventorylist-display-component---Master--smartTableRuInventoryList-header-inner\"]"}
COMMAND: POST /session/5b1650577b6acd5a01838de84862d1f6/execute/sync - {"script":"<script> [56 bytes]","args":[{"element-6066-11e4-a52e-4f735466cecf":"f.2029905E6D619BC8E09EAF6ED25AF0C5.d.D8A46E1E89919B973D3AB5B23AE3B9C8.e.5435","ELEMENT":"f.2029905E6D619BC8E09EAF6ED25AF0C5.d.D8A46E1E89919B973D3AB5B23AE3B9C8.e.5435"}]}
RESULT: {"script":"<script> [56 bytes]","args":[{"element-6066-11e4-a52e-4f735466cecf":"f.2029905E6D619BC8E09EAF6ED25AF0C5.d.D8A46E1E89919B973D3AB5B23AE3B9C8.e.5435","ELEMENT":"f.2029905E6D619BC8E09EAF6ED25AF0C5.d.D8A46E1E89919B973D3AB5B23AE3B9C8.e.5435"}]}
RESULT: undefined
COMMAND: POST /session/5b1650577b6acd5a01838de84862d1f6/execute/async - {"script":"<script> [776 bytes]","args":[{"enterText":"600002","selector":{"id":"application-ruinventorylist-display-component---Master--smartFilterBar-btnBasicSearch","interaction":{"idSuffix":"I"}},"clearTextFirst":true,"interactionType":"ENTER_TEXT"}]}
COMMAND: GET /session/5b1650577b6acd5a01838de84862d1f6/screenshot - {}
RESULT: {"script":"<script> [776 bytes]","args":[{"enterText":"600002","selector":{"id":"application-ruinventorylist-display-component---Master--smartFilterBar-btnBasicSearch","interaction":{"idSuffix":"I"}},"clearTextFirst":true,"interactionType":"ENTER_TEXT"}]}
COMMAND: POST /session/5b1650577b6acd5a01838de84862d1f6/actions - {"actions":[{"id":"action23","type":"key","parameters":{},"actions":[{"type":"keyDown","value":"î€‡"},{"type":"pause","duration":10},{"type":"keyUp","value":"î€‡"}]}]}
RESULT: {}
RESULT: {"actions":[{"id":"action23","type":"key","parameters":{},"actions":[{"type":"keyDown","value":"î€‡"},{"type":"pause","duration":10},{"type":"keyUp","value":"î€‡"}]}]}
COMMAND: GET /session/5b1650577b6acd5a01838de84862d1f6/screenshot - {}
RESULT: {}
COMMAND: POST /session/5b1650577b6acd5a01838de84862d1f6/element - {"using":"xpath","value":"//span[@id=\"application-ruinventorylist-display-component---Master--smartTableRuInventoryList-header-inner\"]"}
RESULT: {"using":"xpath","value":"//span[@id=\"application-ruinventorylist-display-component---Master--smartTableRuInventoryList-header-inner\"]"}
COMMAND: POST /session/5b1650577b6acd5a01838de84862d1f6/elements - {"using":"xpath","value":"//span[@id=\"application-ruinventorylist-display-component---Master--smartTableRuInventoryList-header-inner\"]"}
RESULT: {"using":"xpath","value":"//span[@id=\"application-ruinventorylist-display-component---Master--smartTableRuInventoryList-header-inner\"]"}
COMMAND: POST /session/5b1650577b6acd5a01838de84862d1f6/execute/sync - {"script":"<script> [56 bytes]","args":[{"element-6066-11e4-a52e-4f735466cecf":"f.2029905E6D619BC8E09EAF6ED25AF0C5.d.D8A46E1E89919B973D3AB5B23AE3B9C8.e.5435","ELEMENT":"f.2029905E6D619BC8E09EAF6ED25AF0C5.d.D8A46E1E89919B973D3AB5B23AE3B9C8.e.5435"}]}
RESULT: {"script":"<script> [56 bytes]","args":[{"element-6066-11e4-a52e-4f735466cecf":"f.2029905E6D619BC8E09EAF6ED25AF0C5.d.D8A46E1E89919B973D3AB5B23AE3B9C8.e.5435","ELEMENT":"f.2029905E6D619BC8E09EAF6ED25AF0C5.d.D8A46E1E89919B973D3AB5B23AE3B9C8.e.5435"}]}
COMMAND: POST /session/5b1650577b6acd5a01838de84862d1f6/element - {"using":"xpath","value":"//table[contains(@id, \"application-ruinventorylist-display-component---Master--tableRuInventoryList-listUl\")]/tbody/tr[1]/td[2]/div/div"}
COMMAND: GET /session/5b1650577b6acd5a01838de84862d1f6/screenshot - {}
RESULT: {"using":"xpath","value":"//table[contains(@id, \"application-ruinventorylist-display-component---Master--tableRuInventoryList-listUl\")]/tbody/tr[1]/td[2]/div/div"}
COMMAND: POST /session/5b1650577b6acd5a01838de84862d1f6/element/f.2029905E6D619BC8E09EAF6ED25AF0C5.d.D8A46E1E89919B973D3AB5B23AE3B9C8.e.5441/click - {}
RESULT: {}
RESULT: {}
COMMAND: GET /session/5b1650577b6acd5a01838de84862d1f6/screenshot - {}
RESULT: {}
COMMAND: POST /session/5b1650577b6acd5a01838de84862d1f6/element - {"using":"xpath","value":"//div[contains(@id, \"smartFilterBar-btnBasicSearch-reset\")]"}
RESULT: {"using":"xpath","value":"//div[contains(@id, \"smartFilterBar-btnBasicSearch-reset\")]"}
COMMAND: POST /session/5b1650577b6acd5a01838de84862d1f6/element/f.2029905E6D619BC8E09EAF6ED25AF0C5.d.D8A46E1E89919B973D3AB5B23AE3B9C8.e.5451/click - {}
RESULT: {}
COMMAND: GET /session/5b1650577b6acd5a01838de84862d1f6/screenshot - {}
RESULT: {}
RESULT: undefined
COMMAND: POST /session/5b1650577b6acd5a01838de84862d1f6/execute/async - {"script":"<script> [776 bytes]","args":[{"enterText":"401002","selector":{"id":"application-ruinventorylist-display-component---Master--smartFilterBar-btnBasicSearch","interaction":{"idSuffix":"I"}},"clearTextFirst":true,"interactionType":"ENTER_TEXT"}]}
RESULT: {"script":"<script> [776 bytes]","args":[{"enterText":"401002","selector":{"id":"application-ruinventorylist-display-component---Master--smartFilterBar-btnBasicSearch","interaction":{"idSuffix":"I"}},"clearTextFirst":true,"interactionType":"ENTER_TEXT"}]}
COMMAND: POST /session/5b1650577b6acd5a01838de84862d1f6/actions - {"actions":[{"id":"action24","type":"key","parameters":{},"actions":[{"type":"keyDown","value":"î€‡"},{"type":"pause","duration":10},{"type":"keyUp","value":"î€‡"}]}]}
RESULT: {"actions":[{"id":"action24","type":"key","parameters":{},"actions":[{"type":"keyDown","value":"î€‡"},{"type":"pause","duration":10},{"type":"keyUp","value":"î€‡"}]}]}
COMMAND: GET /session/5b1650577b6acd5a01838de84862d1f6/screenshot - {}
RESULT: {}
COMMAND: POST /session/5b1650577b6acd5a01838de84862d1f6/element - {"using":"xpath","value":"//span[@id=\"application-ruinventorylist-display-component---Master--smartTableRuInventoryList-header-inner\"]"}
RESULT: {"using":"xpath","value":"//span[@id=\"application-ruinventorylist-display-component---Master--smartTableRuInventoryList-header-inner\"]"}
COMMAND: POST /session/5b1650577b6acd5a01838de84862d1f6/elements - {"using":"xpath","value":"//span[@id=\"application-ruinventorylist-display-component---Master--smartTableRuInventoryList-header-inner\"]"}
RESULT: {"using":"xpath","value":"//span[@id=\"application-ruinventorylist-display-component---Master--smartTableRuInventoryList-header-inner\"]"}
COMMAND: POST /session/5b1650577b6acd5a01838de84862d1f6/execute/sync - {"script":"<script> [56 bytes]","args":[{"element-6066-11e4-a52e-4f735466cecf":"f.2029905E6D619BC8E09EAF6ED25AF0C5.d.D8A46E1E89919B973D3AB5B23AE3B9C8.e.5435","ELEMENT":"f.2029905E6D619BC8E09EAF6ED25AF0C5.d.D8A46E1E89919B973D3AB5B23AE3B9C8.e.5435"}]}
RESULT: {"script":"<script> [56 bytes]","args":[{"element-6066-11e4-a52e-4f735466cecf":"f.2029905E6D619BC8E09EAF6ED25AF0C5.d.D8A46E1E89919B973D3AB5B23AE3B9C8.e.5435","ELEMENT":"f.2029905E6D619BC8E09EAF6ED25AF0C5.d.D8A46E1E89919B973D3AB5B23AE3B9C8.e.5435"}]}
COMMAND: POST /session/5b1650577b6acd5a01838de84862d1f6/element - {"using":"xpath","value":"//table[contains(@id, \"application-ruinventorylist-display-component---Master--tableRuInventoryList-listUl\")]/tbody/tr[1]/td[2]/div/div"}
COMMAND: GET /session/5b1650577b6acd5a01838de84862d1f6/screenshot - {}
RESULT: {"using":"xpath","value":"//table[contains(@id, \"application-ruinventorylist-display-component---Master--tableRuInventoryList-listUl\")]/tbody/tr[1]/td[2]/div/div"}
COMMAND: POST /session/5b1650577b6acd5a01838de84862d1f6/element/f.2029905E6D619BC8E09EAF6ED25AF0C5.d.D8A46E1E89919B973D3AB5B23AE3B9C8.e.5593/click - {}
RESULT: {}
RESULT: {}
COMMAND: GET /session/5b1650577b6acd5a01838de84862d1f6/screenshot - {}
RESULT: {}
COMMAND: POST /session/5b1650577b6acd5a01838de84862d1f6/element - {"using":"xpath","value":"//div[contains(@id, \"smartFilterBar-btnBasicSearch-reset\")]"}
RESULT: {"using":"xpath","value":"//div[contains(@id, \"smartFilterBar-btnBasicSearch-reset\")]"}
COMMAND: POST /session/5b1650577b6acd5a01838de84862d1f6/element/f.2029905E6D619BC8E09EAF6ED25AF0C5.d.D8A46E1E89919B973D3AB5B23AE3B9C8.e.5451/click - {}
RESULT: {}
COMMAND: GET /session/5b1650577b6acd5a01838de84862d1f6/screenshot - {}
RESULT: {}
RESULT: undefined
COMMAND: POST /session/5b1650577b6acd5a01838de84862d1f6/execute/async - {"script":"<script> [776 bytes]","args":[{"enterText":"RWoZ9hItQx","selector":{"id":"application-ruinventorylist-display-component---Master--smartFilterBar-btnBasicSearch","interaction":{"idSuffix":"I"}},"clearTextFirst":true,"interactionType":"ENTER_TEXT"}]}
RESULT: {"script":"<script> [776 bytes]","args":[{"enterText":"RWoZ9hItQx","selector":{"id":"application-ruinventorylist-display-component---Master--smartFilterBar-btnBasicSearch","interaction":{"idSuffix":"I"}},"clearTextFirst":true,"interactionType":"ENTER_TEXT"}]}
COMMAND: POST /session/5b1650577b6acd5a01838de84862d1f6/actions - {"actions":[{"id":"action25","type":"key","parameters":{},"actions":[{"type":"keyDown","value":"î€‡"},{"type":"pause","duration":10},{"type":"keyUp","value":"î€‡"}]}]}
RESULT: {"actions":[{"id":"action25","type":"key","parameters":{},"actions":[{"type":"keyDown","value":"î€‡"},{"type":"pause","duration":10},{"type":"keyUp","value":"î€‡"}]}]}
COMMAND: GET /session/5b1650577b6acd5a01838de84862d1f6/screenshot - {}
RESULT: {}
COMMAND: POST /session/5b1650577b6acd5a01838de84862d1f6/element - {"using":"xpath","value":"//span[@id=\"application-ruinventorylist-display-component---Master--smartTableRuInventoryList-header-inner\"]"}
RESULT: {"using":"xpath","value":"//span[@id=\"application-ruinventorylist-display-component---Master--smartTableRuInventoryList-header-inner\"]"}
COMMAND: POST /session/5b1650577b6acd5a01838de84862d1f6/elements - {"using":"xpath","value":"//span[@id=\"application-ruinventorylist-display-component---Master--smartTableRuInventoryList-header-inner\"]"}
RESULT: {"using":"xpath","value":"//span[@id=\"application-ruinventorylist-display-component---Master--smartTableRuInventoryList-header-inner\"]"}
COMMAND: POST /session/5b1650577b6acd5a01838de84862d1f6/execute/sync - {"script":"<script> [56 bytes]","args":[{"element-6066-11e4-a52e-4f735466cecf":"f.2029905E6D619BC8E09EAF6ED25AF0C5.d.D8A46E1E89919B973D3AB5B23AE3B9C8.e.5435","ELEMENT":"f.2029905E6D619BC8E09EAF6ED25AF0C5.d.D8A46E1E89919B973D3AB5B23AE3B9C8.e.5435"}]}
RESULT: {"script":"<script> [56 bytes]","args":[{"element-6066-11e4-a52e-4f735466cecf":"f.2029905E6D619BC8E09EAF6ED25AF0C5.d.D8A46E1E89919B973D3AB5B23AE3B9C8.e.5435","ELEMENT":"f.2029905E6D619BC8E09EAF6ED25AF0C5.d.D8A46E1E89919B973D3AB5B23AE3B9C8.e.5435"}]}
COMMAND: POST /session/5b1650577b6acd5a01838de84862d1f6/element - {"using":"xpath","value":"//table[contains(@id, \"application-ruinventorylist-display-component---Master--tableRuInventoryList-listUl\")]/tbody/tr[1]/td[2]/div/div"}
COMMAND: GET /session/5b1650577b6acd5a01838de84862d1f6/screenshot - {}
RESULT: {"using":"xpath","value":"//table[contains(@id, \"application-ruinventorylist-display-component---Master--tableRuInventoryList-listUl\")]/tbody/tr[1]/td[2]/div/div"}
COMMAND: POST /session/5b1650577b6acd5a01838de84862d1f6/element/f.2029905E6D619BC8E09EAF6ED25AF0C5.d.D8A46E1E89919B973D3AB5B23AE3B9C8.e.5742/click - {}
RESULT: {}
RESULT: {}
COMMAND: GET /session/5b1650577b6acd5a01838de84862d1f6/screenshot - {}
RESULT: {}
COMMAND: POST /session/5b1650577b6acd5a01838de84862d1f6/element - {"using":"xpath","value":"//div[contains(@id, \"smartFilterBar-btnBasicSearch-reset\")]"}
RESULT: {"using":"xpath","value":"//div[contains(@id, \"smartFilterBar-btnBasicSearch-reset\")]"}
COMMAND: POST /session/5b1650577b6acd5a01838de84862d1f6/element/f.2029905E6D619BC8E09EAF6ED25AF0C5.d.D8A46E1E89919B973D3AB5B23AE3B9C8.e.5451/click - {}
RESULT: {}
COMMAND: GET /session/5b1650577b6acd5a01838de84862d1f6/screenshot - {}
RESULT: {}
RESULT: undefined
COMMAND: POST /session/5b1650577b6acd5a01838de84862d1f6/execute/async - {"script":"<script> [776 bytes]","args":[{"enterText":"200235","selector":{"id":"application-ruinventorylist-display-component---Master--smartFilterBar-btnBasicSearch","interaction":{"idSuffix":"I"}},"clearTextFirst":true,"interactionType":"ENTER_TEXT"}]}
RESULT: {"script":"<script> [776 bytes]","args":[{"enterText":"200235","selector":{"id":"application-ruinventorylist-display-component---Master--smartFilterBar-btnBasicSearch","interaction":{"idSuffix":"I"}},"clearTextFirst":true,"interactionType":"ENTER_TEXT"}]}
COMMAND: POST /session/5b1650577b6acd5a01838de84862d1f6/actions - {"actions":[{"id":"action26","type":"key","parameters":{},"actions":[{"type":"keyDown","value":"î€‡"},{"type":"pause","duration":10},{"type":"keyUp","value":"î€‡"}]}]}
RESULT: {"actions":[{"id":"action26","type":"key","parameters":{},"actions":[{"type":"keyDown","value":"î€‡"},{"type":"pause","duration":10},{"type":"keyUp","value":"î€‡"}]}]}
COMMAND: GET /session/5b1650577b6acd5a01838de84862d1f6/screenshot - {}
RESULT: {}
COMMAND: POST /session/5b1650577b6acd5a01838de84862d1f6/element - {"using":"xpath","value":"//span[@id=\"application-ruinventorylist-display-component---Master--smartTableRuInventoryList-header-inner\"]"}
RESULT: {"using":"xpath","value":"//span[@id=\"application-ruinventorylist-display-component---Master--smartTableRuInventoryList-header-inner\"]"}
COMMAND: POST /session/5b1650577b6acd5a01838de84862d1f6/elements - {"using":"xpath","value":"//span[@id=\"application-ruinventorylist-display-component---Master--smartTableRuInventoryList-header-inner\"]"}
RESULT: {"using":"xpath","value":"//span[@id=\"application-ruinventorylist-display-component---Master--smartTableRuInventoryList-header-inner\"]"}
COMMAND: POST /session/5b1650577b6acd5a01838de84862d1f6/execute/sync - {"script":"<script> [56 bytes]","args":[{"element-6066-11e4-a52e-4f735466cecf":"f.2029905E6D619BC8E09EAF6ED25AF0C5.d.D8A46E1E89919B973D3AB5B23AE3B9C8.e.5435","ELEMENT":"f.2029905E6D619BC8E09EAF6ED25AF0C5.d.D8A46E1E89919B973D3AB5B23AE3B9C8.e.5435"}]}
RESULT: {"script":"<script> [56 bytes]","args":[{"element-6066-11e4-a52e-4f735466cecf":"f.2029905E6D619BC8E09EAF6ED25AF0C5.d.D8A46E1E89919B973D3AB5B23AE3B9C8.e.5435","ELEMENT":"f.2029905E6D619BC8E09EAF6ED25AF0C5.d.D8A46E1E89919B973D3AB5B23AE3B9C8.e.5435"}]}
COMMAND: POST /session/5b1650577b6acd5a01838de84862d1f6/element - {"using":"xpath","value":"//table[contains(@id, \"application-ruinventorylist-display-component---Master--tableRuInventoryList-listUl\")]/tbody/tr[1]/td[2]/div/div"}
COMMAND: GET /session/5b1650577b6acd5a01838de84862d1f6/screenshot - {}
RESULT: {"using":"xpath","value":"//table[contains(@id, \"application-ruinventorylist-display-component---Master--tableRuInventoryList-listUl\")]/tbody/tr[1]/td[2]/div/div"}
COMMAND: POST /session/5b1650577b6acd5a01838de84862d1f6/element/f.2029905E6D619BC8E09EAF6ED25AF0C5.d.D8A46E1E89919B973D3AB5B23AE3B9C8.e.5891/click - {}
RESULT: {}
RESULT: {}
COMMAND: GET /session/5b1650577b6acd5a01838de84862d1f6/screenshot - {}
RESULT: {}
COMMAND: POST /session/5b1650577b6acd5a01838de84862d1f6/element - {"using":"xpath","value":"//div[contains(@id, \"smartFilterBar-btnBasicSearch-reset\")]"}
RESULT: {"using":"xpath","value":"//div[contains(@id, \"smartFilterBar-btnBasicSearch-reset\")]"}
COMMAND: POST /session/5b1650577b6acd5a01838de84862d1f6/element/f.2029905E6D619BC8E09EAF6ED25AF0C5.d.D8A46E1E89919B973D3AB5B23AE3B9C8.e.5451/click - {}
RESULT: {}
COMMAND: GET /session/5b1650577b6acd5a01838de84862d1f6/screenshot - {}
RESULT: {}
COMMAND: POST /session/5b1650577b6acd5a01838de84862d1f6/element/f.2029905E6D619BC8E09EAF6ED25AF0C5.d.D8A46E1E89919B973D3AB5B23AE3B9C8.e.4883/click - {}
RESULT: {}
COMMAND: GET /session/5b1650577b6acd5a01838de84862d1f6/screenshot - {}
RESULT: {}
COMMAND: POST /session/5b1650577b6acd5a01838de84862d1f6/execute/async - {"script":"<script> [1562 bytes]","args":[{"selector":{"id":"application-ruinventorylist-display-component---Master--effectiveDate","searchOpenDialogs":true,"interaction":{"idSuffix":"inner"}},"wdio_ui5_key":"applicationruinventorylist-display-component---Master--effectiveDate"}]}
RESULT: {"script":"<script> [1562 bytes]","args":[{"selector":{"id":"application-ruinventorylist-display-component---Master--effectiveDate","searchOpenDialogs":true,"interaction":{"idSuffix":"inner"}},"wdio_ui5_key":"applicationruinventorylist-display-component---Master--effectiveDate"}]}
RESULT: undefined
COMMAND: POST /session/5b1650577b6acd5a01838de84862d1f6/execute/async - {"script":"<script> [776 bytes]","args":[{"enterText":"05/15/25","selector":{"id":"application-ruinventorylist-display-component---Master--effectiveDate","searchOpenDialogs":true,"interaction":{"idSuffix":"inner"}},"clearTextFirst":true,"interactionType":"ENTER_TEXT"}]}
RESULT: {"script":"<script> [776 bytes]","args":[{"enterText":"05/15/25","selector":{"id":"application-ruinventorylist-display-component---Master--effectiveDate","searchOpenDialogs":true,"interaction":{"idSuffix":"inner"}},"clearTextFirst":true,"interactionType":"ENTER_TEXT"}]}
COMMAND: POST /session/5b1650577b6acd5a01838de84862d1f6/element - {"using":"xpath","value":"//span[contains(@data-kt,\"correctionMassStateChangeIcon\")]"}
RESULT: {"using":"xpath","value":"//span[contains(@data-kt,\"correctionMassStateChangeIcon\")]"}
COMMAND: POST /session/5b1650577b6acd5a01838de84862d1f6/elements - {"using":"xpath","value":"//span[contains(@data-kt,\"correctionMassStateChangeIcon\")]"}
RESULT: {"using":"xpath","value":"//span[contains(@data-kt,\"correctionMassStateChangeIcon\")]"}
COMMAND: POST /session/5b1650577b6acd5a01838de84862d1f6/elements - {"using":"xpath","value":"//span[contains(@data-kt,\"correctionMassStateChangeIcon\")]"}
RESULT: {"using":"xpath","value":"//span[contains(@data-kt,\"correctionMassStateChangeIcon\")]"}
RESULT: undefined
COMMAND: POST /session/5b1650577b6acd5a01838de84862d1f6/element - {"using":"xpath","value":"//*[@id=\"application-ruinventorylist-display-component---Master--ruStateTypes-arrow\"]"}
RESULT: {"using":"xpath","value":"//*[@id=\"application-ruinventorylist-display-component---Master--ruStateTypes-arrow\"]"}
COMMAND: POST /session/5b1650577b6acd5a01838de84862d1f6/element/f.2029905E6D619BC8E09EAF6ED25AF0C5.d.D8A46E1E89919B973D3AB5B23AE3B9C8.e.6076/click - {}
RESULT: {}
COMMAND: GET /session/5b1650577b6acd5a01838de84862d1f6/screenshot - {}
RESULT: {}
COMMAND: POST /session/5b1650577b6acd5a01838de84862d1f6/element - {"using":"xpath","value":"//li[.//span[text()=\"defect\"]]"}
RESULT: {"using":"xpath","value":"//li[.//span[text()=\"defect\"]]"}
COMMAND: POST /session/5b1650577b6acd5a01838de84862d1f6/element/f.2029905E6D619BC8E09EAF6ED25AF0C5.d.D8A46E1E89919B973D3AB5B23AE3B9C8.e.6077/click - {}
RESULT: {}
COMMAND: GET /session/5b1650577b6acd5a01838de84862d1f6/screenshot - {}
RESULT: {}
COMMAND: POST /session/5b1650577b6acd5a01838de84862d1f6/element - {"using":"xpath","value":"(//bdi[contains(text(), \"OK\")])[1]"}
RESULT: {"using":"xpath","value":"(//bdi[contains(text(), \"OK\")])[1]"}
COMMAND: POST /session/5b1650577b6acd5a01838de84862d1f6/element/f.2029905E6D619BC8E09EAF6ED25AF0C5.d.D8A46E1E89919B973D3AB5B23AE3B9C8.e.6078/click - {}
RESULT: {}
COMMAND: GET /session/5b1650577b6acd5a01838de84862d1f6/screenshot - {}
RESULT: {}
COMMAND: POST /session/5b1650577b6acd5a01838de84862d1f6/element - {"using":"css selector","value":"div.sapMMessageBoxError"}
RESULT: {"using":"css selector","value":"div.sapMMessageBoxError"}
COMMAND: POST /session/5b1650577b6acd5a01838de84862d1f6/elements - {"using":"css selector","value":"div.sapMMessageBoxError"}
RESULT: {"using":"css selector","value":"div.sapMMessageBoxError"}
COMMAND: POST /session/5b1650577b6acd5a01838de84862d1f6/element - {"using":"xpath","value":"//div[contains(@class, \"sapMMessageBoxError\")]/section/div/div/span"}
RESULT: {"using":"xpath","value":"//div[contains(@class, \"sapMMessageBoxError\")]/section/div/div/span"}
COMMAND: POST /session/5b1650577b6acd5a01838de84862d1f6/execute/sync - {"script":"<script> [56 bytes]","args":[{"element-6066-11e4-a52e-4f735466cecf":"f.2029905E6D619BC8E09EAF6ED25AF0C5.d.D8A46E1E89919B973D3AB5B23AE3B9C8.e.6082","ELEMENT":"f.2029905E6D619BC8E09EAF6ED25AF0C5.d.D8A46E1E89919B973D3AB5B23AE3B9C8.e.6082"}]}
RESULT: {"script":"<script> [56 bytes]","args":[{"element-6066-11e4-a52e-4f735466cecf":"f.2029905E6D619BC8E09EAF6ED25AF0C5.d.D8A46E1E89919B973D3AB5B23AE3B9C8.e.6082","ELEMENT":"f.2029905E6D619BC8E09EAF6ED25AF0C5.d.D8A46E1E89919B973D3AB5B23AE3B9C8.e.6082"}]}
COMMAND: POST /session/5b1650577b6acd5a01838de84862d1f6/element - {"using":"xpath","value":"(//bdi[contains(text(), \"Close\")])[1]"}
COMMAND: GET /session/5b1650577b6acd5a01838de84862d1f6/screenshot - {}
RESULT: {"using":"xpath","value":"(//bdi[contains(text(), \"Close\")])[1]"}
COMMAND: POST /session/5b1650577b6acd5a01838de84862d1f6/element/f.2029905E6D619BC8E09EAF6ED25AF0C5.d.D8A46E1E89919B973D3AB5B23AE3B9C8.e.6083/click - {}
RESULT: {}
RESULT: {}
COMMAND: GET /session/5b1650577b6acd5a01838de84862d1f6/screenshot - {}
RESULT: {}
RESULT: undefined
COMMAND: POST /session/5b1650577b6acd5a01838de84862d1f6/execute/async - {"script":"<script> [776 bytes]","args":[{"enterText":"05/16/25","selector":{"id":"application-ruinventorylist-display-component---Master--effectiveDate","searchOpenDialogs":true,"interaction":{"idSuffix":"inner"}},"clearTextFirst":true,"interactionType":"ENTER_TEXT"}]}
RESULT: {"script":"<script> [776 bytes]","args":[{"enterText":"05/16/25","selector":{"id":"application-ruinventorylist-display-component---Master--effectiveDate","searchOpenDialogs":true,"interaction":{"idSuffix":"inner"}},"clearTextFirst":true,"interactionType":"ENTER_TEXT"}]}
COMMAND: POST /session/5b1650577b6acd5a01838de84862d1f6/element - {"using":"xpath","value":"(//bdi[contains(text(), \"OK\")])[1]"}
RESULT: {"using":"xpath","value":"(//bdi[contains(text(), \"OK\")])[1]"}
COMMAND: POST /session/5b1650577b6acd5a01838de84862d1f6/element/f.2029905E6D619BC8E09EAF6ED25AF0C5.d.D8A46E1E89919B973D3AB5B23AE3B9C8.e.6078/click - {}
RESULT: {}
COMMAND: GET /session/5b1650577b6acd5a01838de84862d1f6/screenshot - {}
RESULT: {}
COMMAND: POST /session/5b1650577b6acd5a01838de84862d1f6/element - {"using":"xpath","value":"(//bdi[contains(text(), \"OK\")])[2]"}
RESULT: {"using":"xpath","value":"(//bdi[contains(text(), \"OK\")])[2]"}
COMMAND: POST /session/5b1650577b6acd5a01838de84862d1f6/element/f.2029905E6D619BC8E09EAF6ED25AF0C5.d.D8A46E1E89919B973D3AB5B23AE3B9C8.e.6126/click - {}
RESULT: {}
COMMAND: GET /session/5b1650577b6acd5a01838de84862d1f6/screenshot - {}
RESULT: {}
RESULT: undefined
COMMAND: POST /session/5b1650577b6acd5a01838de84862d1f6/execute/async - {"script":"<script> [776 bytes]","args":[{"enterText":"600002","selector":{"id":"application-ruinventorylist-display-component---Master--smartFilterBar-btnBasicSearch","interaction":{"idSuffix":"I"}},"clearTextFirst":true,"interactionType":"ENTER_TEXT"}]}
RESULT: {"script":"<script> [776 bytes]","args":[{"enterText":"600002","selector":{"id":"application-ruinventorylist-display-component---Master--smartFilterBar-btnBasicSearch","interaction":{"idSuffix":"I"}},"clearTextFirst":true,"interactionType":"ENTER_TEXT"}]}
COMMAND: POST /session/5b1650577b6acd5a01838de84862d1f6/actions - {"actions":[{"id":"action27","type":"key","parameters":{},"actions":[{"type":"keyDown","value":"î€‡"},{"type":"pause","duration":10},{"type":"keyUp","value":"î€‡"}]}]}
RESULT: {"actions":[{"id":"action27","type":"key","parameters":{},"actions":[{"type":"keyDown","value":"î€‡"},{"type":"pause","duration":10},{"type":"keyUp","value":"î€‡"}]}]}
COMMAND: GET /session/5b1650577b6acd5a01838de84862d1f6/screenshot - {}
RESULT: {}
COMMAND: POST /session/5b1650577b6acd5a01838de84862d1f6/element - {"using":"xpath","value":"//span[@id=\"application-ruinventorylist-display-component---Master--smartTableRuInventoryList-header-inner\"]"}
RESULT: {"using":"xpath","value":"//span[@id=\"application-ruinventorylist-display-component---Master--smartTableRuInventoryList-header-inner\"]"}
COMMAND: POST /session/5b1650577b6acd5a01838de84862d1f6/elements - {"using":"xpath","value":"//span[@id=\"application-ruinventorylist-display-component---Master--smartTableRuInventoryList-header-inner\"]"}
RESULT: {"using":"xpath","value":"//span[@id=\"application-ruinventorylist-display-component---Master--smartTableRuInventoryList-header-inner\"]"}
COMMAND: POST /session/5b1650577b6acd5a01838de84862d1f6/execute/sync - {"script":"<script> [56 bytes]","args":[{"element-6066-11e4-a52e-4f735466cecf":"f.2029905E6D619BC8E09EAF6ED25AF0C5.d.D8A46E1E89919B973D3AB5B23AE3B9C8.e.5435","ELEMENT":"f.2029905E6D619BC8E09EAF6ED25AF0C5.d.D8A46E1E89919B973D3AB5B23AE3B9C8.e.5435"}]}
RESULT: {"script":"<script> [56 bytes]","args":[{"element-6066-11e4-a52e-4f735466cecf":"f.2029905E6D619BC8E09EAF6ED25AF0C5.d.D8A46E1E89919B973D3AB5B23AE3B9C8.e.5435","ELEMENT":"f.2029905E6D619BC8E09EAF6ED25AF0C5.d.D8A46E1E89919B973D3AB5B23AE3B9C8.e.5435"}]}
COMMAND: POST /session/5b1650577b6acd5a01838de84862d1f6/element - {"using":"xpath","value":"//table[contains(@id, \"application-ruinventorylist-display-component---Master--tableRuInventoryList-listUl\")]/tbody/tr[1]/td[6]/div/span"}
COMMAND: GET /session/5b1650577b6acd5a01838de84862d1f6/screenshot - {}
RESULT: {"using":"xpath","value":"//table[contains(@id, \"application-ruinventorylist-display-component---Master--tableRuInventoryList-listUl\")]/tbody/tr[1]/td[6]/div/span"}
COMMAND: POST /session/5b1650577b6acd5a01838de84862d1f6/execute/sync - {"script":"<script> [56 bytes]","args":[{"element-6066-11e4-a52e-4f735466cecf":"f.2029905E6D619BC8E09EAF6ED25AF0C5.d.D8A46E1E89919B973D3AB5B23AE3B9C8.e.6146","ELEMENT":"f.2029905E6D619BC8E09EAF6ED25AF0C5.d.D8A46E1E89919B973D3AB5B23AE3B9C8.e.6146"}]}
RESULT: {}
RESULT: {"script":"<script> [56 bytes]","args":[{"element-6066-11e4-a52e-4f735466cecf":"f.2029905E6D619BC8E09EAF6ED25AF0C5.d.D8A46E1E89919B973D3AB5B23AE3B9C8.e.6146","ELEMENT":"f.2029905E6D619BC8E09EAF6ED25AF0C5.d.D8A46E1E89919B973D3AB5B23AE3B9C8.e.6146"}]}
COMMAND: POST /session/5b1650577b6acd5a01838de84862d1f6/element - {"using":"xpath","value":"//div[contains(@id, \"smartFilterBar-btnBasicSearch-reset\")]"}
COMMAND: GET /session/5b1650577b6acd5a01838de84862d1f6/screenshot - {}
RESULT: {"using":"xpath","value":"//div[contains(@id, \"smartFilterBar-btnBasicSearch-reset\")]"}
COMMAND: POST /session/5b1650577b6acd5a01838de84862d1f6/element/f.2029905E6D619BC8E09EAF6ED25AF0C5.d.D8A46E1E89919B973D3AB5B23AE3B9C8.e.5451/click - {}
RESULT: {}
RESULT: {}
COMMAND: GET /session/5b1650577b6acd5a01838de84862d1f6/screenshot - {}
RESULT: {}
RESULT: undefined
COMMAND: POST /session/5b1650577b6acd5a01838de84862d1f6/execute/async - {"script":"<script> [776 bytes]","args":[{"enterText":"401002","selector":{"id":"application-ruinventorylist-display-component---Master--smartFilterBar-btnBasicSearch","interaction":{"idSuffix":"I"}},"clearTextFirst":true,"interactionType":"ENTER_TEXT"}]}
RESULT: {"script":"<script> [776 bytes]","args":[{"enterText":"401002","selector":{"id":"application-ruinventorylist-display-component---Master--smartFilterBar-btnBasicSearch","interaction":{"idSuffix":"I"}},"clearTextFirst":true,"interactionType":"ENTER_TEXT"}]}
COMMAND: POST /session/5b1650577b6acd5a01838de84862d1f6/actions - {"actions":[{"id":"action28","type":"key","parameters":{},"actions":[{"type":"keyDown","value":"î€‡"},{"type":"pause","duration":10},{"type":"keyUp","value":"î€‡"}]}]}
RESULT: {"actions":[{"id":"action28","type":"key","parameters":{},"actions":[{"type":"keyDown","value":"î€‡"},{"type":"pause","duration":10},{"type":"keyUp","value":"î€‡"}]}]}
COMMAND: GET /session/5b1650577b6acd5a01838de84862d1f6/screenshot - {}
RESULT: {}
COMMAND: POST /session/5b1650577b6acd5a01838de84862d1f6/element - {"using":"xpath","value":"//span[@id=\"application-ruinventorylist-display-component---Master--smartTableRuInventoryList-header-inner\"]"}
RESULT: {"using":"xpath","value":"//span[@id=\"application-ruinventorylist-display-component---Master--smartTableRuInventoryList-header-inner\"]"}
COMMAND: POST /session/5b1650577b6acd5a01838de84862d1f6/elements - {"using":"xpath","value":"//span[@id=\"application-ruinventorylist-display-component---Master--smartTableRuInventoryList-header-inner\"]"}
RESULT: {"using":"xpath","value":"//span[@id=\"application-ruinventorylist-display-component---Master--smartTableRuInventoryList-header-inner\"]"}
COMMAND: POST /session/5b1650577b6acd5a01838de84862d1f6/execute/sync - {"script":"<script> [56 bytes]","args":[{"element-6066-11e4-a52e-4f735466cecf":"f.2029905E6D619BC8E09EAF6ED25AF0C5.d.D8A46E1E89919B973D3AB5B23AE3B9C8.e.5435","ELEMENT":"f.2029905E6D619BC8E09EAF6ED25AF0C5.d.D8A46E1E89919B973D3AB5B23AE3B9C8.e.5435"}]}
RESULT: {"script":"<script> [56 bytes]","args":[{"element-6066-11e4-a52e-4f735466cecf":"f.2029905E6D619BC8E09EAF6ED25AF0C5.d.D8A46E1E89919B973D3AB5B23AE3B9C8.e.5435","ELEMENT":"f.2029905E6D619BC8E09EAF6ED25AF0C5.d.D8A46E1E89919B973D3AB5B23AE3B9C8.e.5435"}]}
COMMAND: POST /session/5b1650577b6acd5a01838de84862d1f6/element - {"using":"xpath","value":"//table[contains(@id, \"application-ruinventorylist-display-component---Master--tableRuInventoryList-listUl\")]/tbody/tr[1]/td[6]/div/span"}
COMMAND: GET /session/5b1650577b6acd5a01838de84862d1f6/screenshot - {}
RESULT: {"using":"xpath","value":"//table[contains(@id, \"application-ruinventorylist-display-component---Master--tableRuInventoryList-listUl\")]/tbody/tr[1]/td[6]/div/span"}
COMMAND: POST /session/5b1650577b6acd5a01838de84862d1f6/execute/sync - {"script":"<script> [56 bytes]","args":[{"element-6066-11e4-a52e-4f735466cecf":"f.2029905E6D619BC8E09EAF6ED25AF0C5.d.D8A46E1E89919B973D3AB5B23AE3B9C8.e.6229","ELEMENT":"f.2029905E6D619BC8E09EAF6ED25AF0C5.d.D8A46E1E89919B973D3AB5B23AE3B9C8.e.6229"}]}
RESULT: {}
RESULT: {"script":"<script> [56 bytes]","args":[{"element-6066-11e4-a52e-4f735466cecf":"f.2029905E6D619BC8E09EAF6ED25AF0C5.d.D8A46E1E89919B973D3AB5B23AE3B9C8.e.6229","ELEMENT":"f.2029905E6D619BC8E09EAF6ED25AF0C5.d.D8A46E1E89919B973D3AB5B23AE3B9C8.e.6229"}]}
COMMAND: POST /session/5b1650577b6acd5a01838de84862d1f6/element - {"using":"xpath","value":"//div[contains(@id, \"smartFilterBar-btnBasicSearch-reset\")]"}
COMMAND: GET /session/5b1650577b6acd5a01838de84862d1f6/screenshot - {}
RESULT: {"using":"xpath","value":"//div[contains(@id, \"smartFilterBar-btnBasicSearch-reset\")]"}
COMMAND: POST /session/5b1650577b6acd5a01838de84862d1f6/element/f.2029905E6D619BC8E09EAF6ED25AF0C5.d.D8A46E1E89919B973D3AB5B23AE3B9C8.e.5451/click - {}
RESULT: {}
RESULT: {}
COMMAND: GET /session/5b1650577b6acd5a01838de84862d1f6/screenshot - {}
RESULT: {}
RESULT: undefined
COMMAND: POST /session/5b1650577b6acd5a01838de84862d1f6/execute/async - {"script":"<script> [776 bytes]","args":[{"enterText":"RWoZ9hItQx","selector":{"id":"application-ruinventorylist-display-component---Master--smartFilterBar-btnBasicSearch","interaction":{"idSuffix":"I"}},"clearTextFirst":true,"interactionType":"ENTER_TEXT"}]}
RESULT: {"script":"<script> [776 bytes]","args":[{"enterText":"RWoZ9hItQx","selector":{"id":"application-ruinventorylist-display-component---Master--smartFilterBar-btnBasicSearch","interaction":{"idSuffix":"I"}},"clearTextFirst":true,"interactionType":"ENTER_TEXT"}]}
COMMAND: POST /session/5b1650577b6acd5a01838de84862d1f6/actions - {"actions":[{"id":"action29","type":"key","parameters":{},"actions":[{"type":"keyDown","value":"î€‡"},{"type":"pause","duration":10},{"type":"keyUp","value":"î€‡"}]}]}
RESULT: {"actions":[{"id":"action29","type":"key","parameters":{},"actions":[{"type":"keyDown","value":"î€‡"},{"type":"pause","duration":10},{"type":"keyUp","value":"î€‡"}]}]}
COMMAND: GET /session/5b1650577b6acd5a01838de84862d1f6/screenshot - {}
RESULT: {}
COMMAND: POST /session/5b1650577b6acd5a01838de84862d1f6/element - {"using":"xpath","value":"//span[@id=\"application-ruinventorylist-display-component---Master--smartTableRuInventoryList-header-inner\"]"}
RESULT: {"using":"xpath","value":"//span[@id=\"application-ruinventorylist-display-component---Master--smartTableRuInventoryList-header-inner\"]"}
COMMAND: POST /session/5b1650577b6acd5a01838de84862d1f6/elements - {"using":"xpath","value":"//span[@id=\"application-ruinventorylist-display-component---Master--smartTableRuInventoryList-header-inner\"]"}
RESULT: {"using":"xpath","value":"//span[@id=\"application-ruinventorylist-display-component---Master--smartTableRuInventoryList-header-inner\"]"}
COMMAND: POST /session/5b1650577b6acd5a01838de84862d1f6/execute/sync - {"script":"<script> [56 bytes]","args":[{"element-6066-11e4-a52e-4f735466cecf":"f.2029905E6D619BC8E09EAF6ED25AF0C5.d.D8A46E1E89919B973D3AB5B23AE3B9C8.e.5435","ELEMENT":"f.2029905E6D619BC8E09EAF6ED25AF0C5.d.D8A46E1E89919B973D3AB5B23AE3B9C8.e.5435"}]}
RESULT: {"script":"<script> [56 bytes]","args":[{"element-6066-11e4-a52e-4f735466cecf":"f.2029905E6D619BC8E09EAF6ED25AF0C5.d.D8A46E1E89919B973D3AB5B23AE3B9C8.e.5435","ELEMENT":"f.2029905E6D619BC8E09EAF6ED25AF0C5.d.D8A46E1E89919B973D3AB5B23AE3B9C8.e.5435"}]}
COMMAND: POST /session/5b1650577b6acd5a01838de84862d1f6/element - {"using":"xpath","value":"//table[contains(@id, \"application-ruinventorylist-display-component---Master--tableRuInventoryList-listUl\")]/tbody/tr[1]/td[6]/div/span"}
COMMAND: GET /session/5b1650577b6acd5a01838de84862d1f6/screenshot - {}
RESULT: {"using":"xpath","value":"//table[contains(@id, \"application-ruinventorylist-display-component---Master--tableRuInventoryList-listUl\")]/tbody/tr[1]/td[6]/div/span"}
COMMAND: POST /session/5b1650577b6acd5a01838de84862d1f6/execute/sync - {"script":"<script> [56 bytes]","args":[{"element-6066-11e4-a52e-4f735466cecf":"f.2029905E6D619BC8E09EAF6ED25AF0C5.d.D8A46E1E89919B973D3AB5B23AE3B9C8.e.6315","ELEMENT":"f.2029905E6D619BC8E09EAF6ED25AF0C5.d.D8A46E1E89919B973D3AB5B23AE3B9C8.e.6315"}]}
RESULT: {}
RESULT: {"script":"<script> [56 bytes]","args":[{"element-6066-11e4-a52e-4f735466cecf":"f.2029905E6D619BC8E09EAF6ED25AF0C5.d.D8A46E1E89919B973D3AB5B23AE3B9C8.e.6315","ELEMENT":"f.2029905E6D619BC8E09EAF6ED25AF0C5.d.D8A46E1E89919B973D3AB5B23AE3B9C8.e.6315"}]}
COMMAND: POST /session/5b1650577b6acd5a01838de84862d1f6/element - {"using":"xpath","value":"//div[contains(@id, \"smartFilterBar-btnBasicSearch-reset\")]"}
COMMAND: GET /session/5b1650577b6acd5a01838de84862d1f6/screenshot - {}
RESULT: {"using":"xpath","value":"//div[contains(@id, \"smartFilterBar-btnBasicSearch-reset\")]"}
COMMAND: POST /session/5b1650577b6acd5a01838de84862d1f6/element/f.2029905E6D619BC8E09EAF6ED25AF0C5.d.D8A46E1E89919B973D3AB5B23AE3B9C8.e.5451/click - {}
RESULT: {}
RESULT: {}
COMMAND: GET /session/5b1650577b6acd5a01838de84862d1f6/screenshot - {}
RESULT: {}
RESULT: undefined
COMMAND: POST /session/5b1650577b6acd5a01838de84862d1f6/execute/async - {"script":"<script> [776 bytes]","args":[{"enterText":"200235","selector":{"id":"application-ruinventorylist-display-component---Master--smartFilterBar-btnBasicSearch","interaction":{"idSuffix":"I"}},"clearTextFirst":true,"interactionType":"ENTER_TEXT"}]}
RESULT: {"script":"<script> [776 bytes]","args":[{"enterText":"200235","selector":{"id":"application-ruinventorylist-display-component---Master--smartFilterBar-btnBasicSearch","interaction":{"idSuffix":"I"}},"clearTextFirst":true,"interactionType":"ENTER_TEXT"}]}
COMMAND: POST /session/5b1650577b6acd5a01838de84862d1f6/actions - {"actions":[{"id":"action30","type":"key","parameters":{},"actions":[{"type":"keyDown","value":"î€‡"},{"type":"pause","duration":10},{"type":"keyUp","value":"î€‡"}]}]}
RESULT: {"actions":[{"id":"action30","type":"key","parameters":{},"actions":[{"type":"keyDown","value":"î€‡"},{"type":"pause","duration":10},{"type":"keyUp","value":"î€‡"}]}]}
COMMAND: GET /session/5b1650577b6acd5a01838de84862d1f6/screenshot - {}
RESULT: {}
COMMAND: POST /session/5b1650577b6acd5a01838de84862d1f6/element - {"using":"xpath","value":"//span[@id=\"application-ruinventorylist-display-component---Master--smartTableRuInventoryList-header-inner\"]"}
RESULT: {"using":"xpath","value":"//span[@id=\"application-ruinventorylist-display-component---Master--smartTableRuInventoryList-header-inner\"]"}
COMMAND: POST /session/5b1650577b6acd5a01838de84862d1f6/elements - {"using":"xpath","value":"//span[@id=\"application-ruinventorylist-display-component---Master--smartTableRuInventoryList-header-inner\"]"}
RESULT: {"using":"xpath","value":"//span[@id=\"application-ruinventorylist-display-component---Master--smartTableRuInventoryList-header-inner\"]"}
COMMAND: POST /session/5b1650577b6acd5a01838de84862d1f6/execute/sync - {"script":"<script> [56 bytes]","args":[{"element-6066-11e4-a52e-4f735466cecf":"f.2029905E6D619BC8E09EAF6ED25AF0C5.d.D8A46E1E89919B973D3AB5B23AE3B9C8.e.5435","ELEMENT":"f.2029905E6D619BC8E09EAF6ED25AF0C5.d.D8A46E1E89919B973D3AB5B23AE3B9C8.e.5435"}]}
RESULT: {"script":"<script> [56 bytes]","args":[{"element-6066-11e4-a52e-4f735466cecf":"f.2029905E6D619BC8E09EAF6ED25AF0C5.d.D8A46E1E89919B973D3AB5B23AE3B9C8.e.5435","ELEMENT":"f.2029905E6D619BC8E09EAF6ED25AF0C5.d.D8A46E1E89919B973D3AB5B23AE3B9C8.e.5435"}]}
COMMAND: POST /session/5b1650577b6acd5a01838de84862d1f6/element - {"using":"xpath","value":"//table[contains(@id, \"application-ruinventorylist-display-component---Master--tableRuInventoryList-listUl\")]/tbody/tr[1]/td[6]/div/span"}
COMMAND: GET /session/5b1650577b6acd5a01838de84862d1f6/screenshot - {}
RESULT: {"using":"xpath","value":"//table[contains(@id, \"application-ruinventorylist-display-component---Master--tableRuInventoryList-listUl\")]/tbody/tr[1]/td[6]/div/span"}
COMMAND: POST /session/5b1650577b6acd5a01838de84862d1f6/execute/sync - {"script":"<script> [56 bytes]","args":[{"element-6066-11e4-a52e-4f735466cecf":"f.2029905E6D619BC8E09EAF6ED25AF0C5.d.D8A46E1E89919B973D3AB5B23AE3B9C8.e.6398","ELEMENT":"f.2029905E6D619BC8E09EAF6ED25AF0C5.d.D8A46E1E89919B973D3AB5B23AE3B9C8.e.6398"}]}
RESULT: {}
RESULT: {"script":"<script> [56 bytes]","args":[{"element-6066-11e4-a52e-4f735466cecf":"f.2029905E6D619BC8E09EAF6ED25AF0C5.d.D8A46E1E89919B973D3AB5B23AE3B9C8.e.6398","ELEMENT":"f.2029905E6D619BC8E09EAF6ED25AF0C5.d.D8A46E1E89919B973D3AB5B23AE3B9C8.e.6398"}]}
COMMAND: POST /session/5b1650577b6acd5a01838de84862d1f6/element - {"using":"xpath","value":"//div[contains(@id, \"smartFilterBar-btnBasicSearch-reset\")]"}
COMMAND: GET /session/5b1650577b6acd5a01838de84862d1f6/screenshot - {}
RESULT: {"using":"xpath","value":"//div[contains(@id, \"smartFilterBar-btnBasicSearch-reset\")]"}
COMMAND: POST /session/5b1650577b6acd5a01838de84862d1f6/element/f.2029905E6D619BC8E09EAF6ED25AF0C5.d.D8A46E1E89919B973D3AB5B23AE3B9C8.e.5451/click - {}
RESULT: {}
RESULT: {}
COMMAND: GET /session/5b1650577b6acd5a01838de84862d1f6/screenshot - {}
RESULT: {}
COMMAND: POST /session/5b1650577b6acd5a01838de84862d1f6/element/f.2029905E6D619BC8E09EAF6ED25AF0C5.d.D8A46E1E89919B973D3AB5B23AE3B9C8.e.4883/click - {}
RESULT: {}
COMMAND: GET /session/5b1650577b6acd5a01838de84862d1f6/screenshot - {}
RESULT: {}
RESULT: undefined
COMMAND: POST /session/5b1650577b6acd5a01838de84862d1f6/execute/async - {"script":"<script> [776 bytes]","args":[{"enterText":"600002","selector":{"id":"application-ruinventorylist-display-component---Master--smartFilterBar-btnBasicSearch","interaction":{"idSuffix":"I"}},"clearTextFirst":true,"interactionType":"ENTER_TEXT"}]}
RESULT: {"script":"<script> [776 bytes]","args":[{"enterText":"600002","selector":{"id":"application-ruinventorylist-display-component---Master--smartFilterBar-btnBasicSearch","interaction":{"idSuffix":"I"}},"clearTextFirst":true,"interactionType":"ENTER_TEXT"}]}
COMMAND: POST /session/5b1650577b6acd5a01838de84862d1f6/actions - {"actions":[{"id":"action31","type":"key","parameters":{},"actions":[{"type":"keyDown","value":"î€‡"},{"type":"pause","duration":10},{"type":"keyUp","value":"î€‡"}]}]}
RESULT: {"actions":[{"id":"action31","type":"key","parameters":{},"actions":[{"type":"keyDown","value":"î€‡"},{"type":"pause","duration":10},{"type":"keyUp","value":"î€‡"}]}]}
COMMAND: GET /session/5b1650577b6acd5a01838de84862d1f6/screenshot - {}
RESULT: {}
COMMAND: POST /session/5b1650577b6acd5a01838de84862d1f6/element - {"using":"xpath","value":"//span[@id=\"application-ruinventorylist-display-component---Master--smartTableRuInventoryList-header-inner\"]"}
RESULT: {"using":"xpath","value":"//span[@id=\"application-ruinventorylist-display-component---Master--smartTableRuInventoryList-header-inner\"]"}
COMMAND: POST /session/5b1650577b6acd5a01838de84862d1f6/elements - {"using":"xpath","value":"//span[@id=\"application-ruinventorylist-display-component---Master--smartTableRuInventoryList-header-inner\"]"}
RESULT: {"using":"xpath","value":"//span[@id=\"application-ruinventorylist-display-component---Master--smartTableRuInventoryList-header-inner\"]"}
COMMAND: POST /session/5b1650577b6acd5a01838de84862d1f6/execute/sync - {"script":"<script> [56 bytes]","args":[{"element-6066-11e4-a52e-4f735466cecf":"f.2029905E6D619BC8E09EAF6ED25AF0C5.d.D8A46E1E89919B973D3AB5B23AE3B9C8.e.5435","ELEMENT":"f.2029905E6D619BC8E09EAF6ED25AF0C5.d.D8A46E1E89919B973D3AB5B23AE3B9C8.e.5435"}]}
RESULT: {"script":"<script> [56 bytes]","args":[{"element-6066-11e4-a52e-4f735466cecf":"f.2029905E6D619BC8E09EAF6ED25AF0C5.d.D8A46E1E89919B973D3AB5B23AE3B9C8.e.5435","ELEMENT":"f.2029905E6D619BC8E09EAF6ED25AF0C5.d.D8A46E1E89919B973D3AB5B23AE3B9C8.e.5435"}]}
COMMAND: POST /session/5b1650577b6acd5a01838de84862d1f6/element - {"using":"xpath","value":"//table[contains(@id, \"application-ruinventorylist-display-component---Master--tableRuInventoryList-listUl\")]/tbody/tr[1]/td[2]/div/div"}
COMMAND: GET /session/5b1650577b6acd5a01838de84862d1f6/screenshot - {}
RESULT: {"using":"xpath","value":"//table[contains(@id, \"application-ruinventorylist-display-component---Master--tableRuInventoryList-listUl\")]/tbody/tr[1]/td[2]/div/div"}
COMMAND: POST /session/5b1650577b6acd5a01838de84862d1f6/element/f.2029905E6D619BC8E09EAF6ED25AF0C5.d.D8A46E1E89919B973D3AB5B23AE3B9C8.e.6649/click - {}
RESULT: {}
RESULT: {}
COMMAND: GET /session/5b1650577b6acd5a01838de84862d1f6/screenshot - {}
RESULT: {}
COMMAND: POST /session/5b1650577b6acd5a01838de84862d1f6/element - {"using":"xpath","value":"//div[contains(@id, \"smartFilterBar-btnBasicSearch-reset\")]"}
RESULT: {"using":"xpath","value":"//div[contains(@id, \"smartFilterBar-btnBasicSearch-reset\")]"}
COMMAND: POST /session/5b1650577b6acd5a01838de84862d1f6/element/f.2029905E6D619BC8E09EAF6ED25AF0C5.d.D8A46E1E89919B973D3AB5B23AE3B9C8.e.5451/click - {}
RESULT: {}
COMMAND: GET /session/5b1650577b6acd5a01838de84862d1f6/screenshot - {}
RESULT: {}
RESULT: undefined
COMMAND: POST /session/5b1650577b6acd5a01838de84862d1f6/execute/async - {"script":"<script> [776 bytes]","args":[{"enterText":"401002","selector":{"id":"application-ruinventorylist-display-component---Master--smartFilterBar-btnBasicSearch","interaction":{"idSuffix":"I"}},"clearTextFirst":true,"interactionType":"ENTER_TEXT"}]}
RESULT: {"script":"<script> [776 bytes]","args":[{"enterText":"401002","selector":{"id":"application-ruinventorylist-display-component---Master--smartFilterBar-btnBasicSearch","interaction":{"idSuffix":"I"}},"clearTextFirst":true,"interactionType":"ENTER_TEXT"}]}
COMMAND: POST /session/5b1650577b6acd5a01838de84862d1f6/actions - {"actions":[{"id":"action32","type":"key","parameters":{},"actions":[{"type":"keyDown","value":"î€‡"},{"type":"pause","duration":10},{"type":"keyUp","value":"î€‡"}]}]}
RESULT: {"actions":[{"id":"action32","type":"key","parameters":{},"actions":[{"type":"keyDown","value":"î€‡"},{"type":"pause","duration":10},{"type":"keyUp","value":"î€‡"}]}]}
COMMAND: GET /session/5b1650577b6acd5a01838de84862d1f6/screenshot - {}
RESULT: {}
COMMAND: POST /session/5b1650577b6acd5a01838de84862d1f6/element - {"using":"xpath","value":"//span[@id=\"application-ruinventorylist-display-component---Master--smartTableRuInventoryList-header-inner\"]"}
RESULT: {"using":"xpath","value":"//span[@id=\"application-ruinventorylist-display-component---Master--smartTableRuInventoryList-header-inner\"]"}
COMMAND: POST /session/5b1650577b6acd5a01838de84862d1f6/elements - {"using":"xpath","value":"//span[@id=\"application-ruinventorylist-display-component---Master--smartTableRuInventoryList-header-inner\"]"}
RESULT: {"using":"xpath","value":"//span[@id=\"application-ruinventorylist-display-component---Master--smartTableRuInventoryList-header-inner\"]"}
COMMAND: POST /session/5b1650577b6acd5a01838de84862d1f6/execute/sync - {"script":"<script> [56 bytes]","args":[{"element-6066-11e4-a52e-4f735466cecf":"f.2029905E6D619BC8E09EAF6ED25AF0C5.d.D8A46E1E89919B973D3AB5B23AE3B9C8.e.5435","ELEMENT":"f.2029905E6D619BC8E09EAF6ED25AF0C5.d.D8A46E1E89919B973D3AB5B23AE3B9C8.e.5435"}]}
RESULT: {"script":"<script> [56 bytes]","args":[{"element-6066-11e4-a52e-4f735466cecf":"f.2029905E6D619BC8E09EAF6ED25AF0C5.d.D8A46E1E89919B973D3AB5B23AE3B9C8.e.5435","ELEMENT":"f.2029905E6D619BC8E09EAF6ED25AF0C5.d.D8A46E1E89919B973D3AB5B23AE3B9C8.e.5435"}]}
COMMAND: POST /session/5b1650577b6acd5a01838de84862d1f6/element - {"using":"xpath","value":"//table[contains(@id, \"application-ruinventorylist-display-component---Master--tableRuInventoryList-listUl\")]/tbody/tr[1]/td[2]/div/div"}
COMMAND: GET /session/5b1650577b6acd5a01838de84862d1f6/screenshot - {}
RESULT: {"using":"xpath","value":"//table[contains(@id, \"application-ruinventorylist-display-component---Master--tableRuInventoryList-listUl\")]/tbody/tr[1]/td[2]/div/div"}
COMMAND: POST /session/5b1650577b6acd5a01838de84862d1f6/element/f.2029905E6D619BC8E09EAF6ED25AF0C5.d.D8A46E1E89919B973D3AB5B23AE3B9C8.e.6797/click - {}
RESULT: {}
RESULT: {}
COMMAND: GET /session/5b1650577b6acd5a01838de84862d1f6/screenshot - {}
RESULT: {}
COMMAND: POST /session/5b1650577b6acd5a01838de84862d1f6/element - {"using":"xpath","value":"//div[contains(@id, \"smartFilterBar-btnBasicSearch-reset\")]"}
RESULT: {"using":"xpath","value":"//div[contains(@id, \"smartFilterBar-btnBasicSearch-reset\")]"}
COMMAND: POST /session/5b1650577b6acd5a01838de84862d1f6/element/f.2029905E6D619BC8E09EAF6ED25AF0C5.d.D8A46E1E89919B973D3AB5B23AE3B9C8.e.5451/click - {}
RESULT: {}
COMMAND: GET /session/5b1650577b6acd5a01838de84862d1f6/screenshot - {}
RESULT: {}
RESULT: undefined
COMMAND: POST /session/5b1650577b6acd5a01838de84862d1f6/execute/async - {"script":"<script> [776 bytes]","args":[{"enterText":"RWoZ9hItQx","selector":{"id":"application-ruinventorylist-display-component---Master--smartFilterBar-btnBasicSearch","interaction":{"idSuffix":"I"}},"clearTextFirst":true,"interactionType":"ENTER_TEXT"}]}
RESULT: {"script":"<script> [776 bytes]","args":[{"enterText":"RWoZ9hItQx","selector":{"id":"application-ruinventorylist-display-component---Master--smartFilterBar-btnBasicSearch","interaction":{"idSuffix":"I"}},"clearTextFirst":true,"interactionType":"ENTER_TEXT"}]}
COMMAND: POST /session/5b1650577b6acd5a01838de84862d1f6/actions - {"actions":[{"id":"action33","type":"key","parameters":{},"actions":[{"type":"keyDown","value":"î€‡"},{"type":"pause","duration":10},{"type":"keyUp","value":"î€‡"}]}]}
RESULT: {"actions":[{"id":"action33","type":"key","parameters":{},"actions":[{"type":"keyDown","value":"î€‡"},{"type":"pause","duration":10},{"type":"keyUp","value":"î€‡"}]}]}
COMMAND: GET /session/5b1650577b6acd5a01838de84862d1f6/screenshot - {}
RESULT: {}
COMMAND: POST /session/5b1650577b6acd5a01838de84862d1f6/element - {"using":"xpath","value":"//span[@id=\"application-ruinventorylist-display-component---Master--smartTableRuInventoryList-header-inner\"]"}
RESULT: {"using":"xpath","value":"//span[@id=\"application-ruinventorylist-display-component---Master--smartTableRuInventoryList-header-inner\"]"}
COMMAND: POST /session/5b1650577b6acd5a01838de84862d1f6/elements - {"using":"xpath","value":"//span[@id=\"application-ruinventorylist-display-component---Master--smartTableRuInventoryList-header-inner\"]"}
RESULT: {"using":"xpath","value":"//span[@id=\"application-ruinventorylist-display-component---Master--smartTableRuInventoryList-header-inner\"]"}
COMMAND: POST /session/5b1650577b6acd5a01838de84862d1f6/execute/sync - {"script":"<script> [56 bytes]","args":[{"element-6066-11e4-a52e-4f735466cecf":"f.2029905E6D619BC8E09EAF6ED25AF0C5.d.D8A46E1E89919B973D3AB5B23AE3B9C8.e.5435","ELEMENT":"f.2029905E6D619BC8E09EAF6ED25AF0C5.d.D8A46E1E89919B973D3AB5B23AE3B9C8.e.5435"}]}
RESULT: {"script":"<script> [56 bytes]","args":[{"element-6066-11e4-a52e-4f735466cecf":"f.2029905E6D619BC8E09EAF6ED25AF0C5.d.D8A46E1E89919B973D3AB5B23AE3B9C8.e.5435","ELEMENT":"f.2029905E6D619BC8E09EAF6ED25AF0C5.d.D8A46E1E89919B973D3AB5B23AE3B9C8.e.5435"}]}
COMMAND: POST /session/5b1650577b6acd5a01838de84862d1f6/element - {"using":"xpath","value":"//table[contains(@id, \"application-ruinventorylist-display-component---Master--tableRuInventoryList-listUl\")]/tbody/tr[1]/td[2]/div/div"}
COMMAND: GET /session/5b1650577b6acd5a01838de84862d1f6/screenshot - {}
RESULT: {"using":"xpath","value":"//table[contains(@id, \"application-ruinventorylist-display-component---Master--tableRuInventoryList-listUl\")]/tbody/tr[1]/td[2]/div/div"}
COMMAND: POST /session/5b1650577b6acd5a01838de84862d1f6/element/f.2029905E6D619BC8E09EAF6ED25AF0C5.d.D8A46E1E89919B973D3AB5B23AE3B9C8.e.6945/click - {}
RESULT: {}
RESULT: {}
COMMAND: GET /session/5b1650577b6acd5a01838de84862d1f6/screenshot - {}
RESULT: {}
COMMAND: POST /session/5b1650577b6acd5a01838de84862d1f6/element - {"using":"xpath","value":"//div[contains(@id, \"smartFilterBar-btnBasicSearch-reset\")]"}
RESULT: {"using":"xpath","value":"//div[contains(@id, \"smartFilterBar-btnBasicSearch-reset\")]"}
COMMAND: POST /session/5b1650577b6acd5a01838de84862d1f6/element/f.2029905E6D619BC8E09EAF6ED25AF0C5.d.D8A46E1E89919B973D3AB5B23AE3B9C8.e.5451/click - {}
RESULT: {}
COMMAND: GET /session/5b1650577b6acd5a01838de84862d1f6/screenshot - {}
RESULT: {}
RESULT: undefined
COMMAND: POST /session/5b1650577b6acd5a01838de84862d1f6/execute/async - {"script":"<script> [776 bytes]","args":[{"enterText":"200235","selector":{"id":"application-ruinventorylist-display-component---Master--smartFilterBar-btnBasicSearch","interaction":{"idSuffix":"I"}},"clearTextFirst":true,"interactionType":"ENTER_TEXT"}]}
RESULT: {"script":"<script> [776 bytes]","args":[{"enterText":"200235","selector":{"id":"application-ruinventorylist-display-component---Master--smartFilterBar-btnBasicSearch","interaction":{"idSuffix":"I"}},"clearTextFirst":true,"interactionType":"ENTER_TEXT"}]}
COMMAND: POST /session/5b1650577b6acd5a01838de84862d1f6/actions - {"actions":[{"id":"action34","type":"key","parameters":{},"actions":[{"type":"keyDown","value":"î€‡"},{"type":"pause","duration":10},{"type":"keyUp","value":"î€‡"}]}]}
RESULT: {"actions":[{"id":"action34","type":"key","parameters":{},"actions":[{"type":"keyDown","value":"î€‡"},{"type":"pause","duration":10},{"type":"keyUp","value":"î€‡"}]}]}
COMMAND: GET /session/5b1650577b6acd5a01838de84862d1f6/screenshot - {}
RESULT: {}
COMMAND: POST /session/5b1650577b6acd5a01838de84862d1f6/element - {"using":"xpath","value":"//span[@id=\"application-ruinventorylist-display-component---Master--smartTableRuInventoryList-header-inner\"]"}
RESULT: {"using":"xpath","value":"//span[@id=\"application-ruinventorylist-display-component---Master--smartTableRuInventoryList-header-inner\"]"}
COMMAND: POST /session/5b1650577b6acd5a01838de84862d1f6/elements - {"using":"xpath","value":"//span[@id=\"application-ruinventorylist-display-component---Master--smartTableRuInventoryList-header-inner\"]"}
RESULT: {"using":"xpath","value":"//span[@id=\"application-ruinventorylist-display-component---Master--smartTableRuInventoryList-header-inner\"]"}
COMMAND: POST /session/5b1650577b6acd5a01838de84862d1f6/execute/sync - {"script":"<script> [56 bytes]","args":[{"element-6066-11e4-a52e-4f735466cecf":"f.2029905E6D619BC8E09EAF6ED25AF0C5.d.D8A46E1E89919B973D3AB5B23AE3B9C8.e.5435","ELEMENT":"f.2029905E6D619BC8E09EAF6ED25AF0C5.d.D8A46E1E89919B973D3AB5B23AE3B9C8.e.5435"}]}
RESULT: {"script":"<script> [56 bytes]","args":[{"element-6066-11e4-a52e-4f735466cecf":"f.2029905E6D619BC8E09EAF6ED25AF0C5.d.D8A46E1E89919B973D3AB5B23AE3B9C8.e.5435","ELEMENT":"f.2029905E6D619BC8E09EAF6ED25AF0C5.d.D8A46E1E89919B973D3AB5B23AE3B9C8.e.5435"}]}
COMMAND: POST /session/5b1650577b6acd5a01838de84862d1f6/element - {"using":"xpath","value":"//table[contains(@id, \"application-ruinventorylist-display-component---Master--tableRuInventoryList-listUl\")]/tbody/tr[1]/td[2]/div/div"}
COMMAND: GET /session/5b1650577b6acd5a01838de84862d1f6/screenshot - {}
RESULT: {"using":"xpath","value":"//table[contains(@id, \"application-ruinventorylist-display-component---Master--tableRuInventoryList-listUl\")]/tbody/tr[1]/td[2]/div/div"}
COMMAND: POST /session/5b1650577b6acd5a01838de84862d1f6/element/f.2029905E6D619BC8E09EAF6ED25AF0C5.d.D8A46E1E89919B973D3AB5B23AE3B9C8.e.7094/click - {}
RESULT: {}
RESULT: {}
COMMAND: GET /session/5b1650577b6acd5a01838de84862d1f6/screenshot - {}
RESULT: {}
COMMAND: POST /session/5b1650577b6acd5a01838de84862d1f6/element - {"using":"xpath","value":"//div[contains(@id, \"smartFilterBar-btnBasicSearch-reset\")]"}
RESULT: {"using":"xpath","value":"//div[contains(@id, \"smartFilterBar-btnBasicSearch-reset\")]"}
COMMAND: POST /session/5b1650577b6acd5a01838de84862d1f6/element/f.2029905E6D619BC8E09EAF6ED25AF0C5.d.D8A46E1E89919B973D3AB5B23AE3B9C8.e.5451/click - {}
RESULT: {}
COMMAND: GET /session/5b1650577b6acd5a01838de84862d1f6/screenshot - {}
RESULT: {}
COMMAND: POST /session/5b1650577b6acd5a01838de84862d1f6/element/f.2029905E6D619BC8E09EAF6ED25AF0C5.d.D8A46E1E89919B973D3AB5B23AE3B9C8.e.4883/click - {}
RESULT: {}
COMMAND: GET /session/5b1650577b6acd5a01838de84862d1f6/screenshot - {}
RESULT: {}
RESULT: undefined
COMMAND: POST /session/5b1650577b6acd5a01838de84862d1f6/element - {"using":"xpath","value":"//*[@id=\"application-ruinventorylist-display-component---Master--ruStateTypes-arrow\"]"}
RESULT: {"using":"xpath","value":"//*[@id=\"application-ruinventorylist-display-component---Master--ruStateTypes-arrow\"]"}
COMMAND: POST /session/5b1650577b6acd5a01838de84862d1f6/element/f.2029905E6D619BC8E09EAF6ED25AF0C5.d.D8A46E1E89919B973D3AB5B23AE3B9C8.e.7261/click - {}
RESULT: {}
COMMAND: GET /session/5b1650577b6acd5a01838de84862d1f6/screenshot - {}
RESULT: {}
COMMAND: POST /session/5b1650577b6acd5a01838de84862d1f6/element - {"using":"xpath","value":"//li[.//span[text()=\"available\"]]"}
RESULT: {"using":"xpath","value":"//li[.//span[text()=\"available\"]]"}
COMMAND: POST /session/5b1650577b6acd5a01838de84862d1f6/element/f.2029905E6D619BC8E09EAF6ED25AF0C5.d.D8A46E1E89919B973D3AB5B23AE3B9C8.e.7262/click - {}
RESULT: {}
COMMAND: GET /session/5b1650577b6acd5a01838de84862d1f6/screenshot - {}
RESULT: {}
COMMAND: POST /session/5b1650577b6acd5a01838de84862d1f6/element - {"using":"xpath","value":"(//bdi[contains(text(), \"OK\")])[1]"}
RESULT: {"using":"xpath","value":"(//bdi[contains(text(), \"OK\")])[1]"}
COMMAND: POST /session/5b1650577b6acd5a01838de84862d1f6/element/f.2029905E6D619BC8E09EAF6ED25AF0C5.d.D8A46E1E89919B973D3AB5B23AE3B9C8.e.7263/click - {}
RESULT: {}
COMMAND: GET /session/5b1650577b6acd5a01838de84862d1f6/screenshot - {}
RESULT: {}
COMMAND: POST /session/5b1650577b6acd5a01838de84862d1f6/element - {"using":"xpath","value":"(//bdi[contains(text(), \"OK\")])[2]"}
RESULT: {"using":"xpath","value":"(//bdi[contains(text(), \"OK\")])[2]"}
COMMAND: POST /session/5b1650577b6acd5a01838de84862d1f6/element/f.2029905E6D619BC8E09EAF6ED25AF0C5.d.D8A46E1E89919B973D3AB5B23AE3B9C8.e.7268/click - {}
RESULT: {}
COMMAND: GET /session/5b1650577b6acd5a01838de84862d1f6/screenshot - {}
RESULT: {}
RESULT: undefined
COMMAND: POST /session/5b1650577b6acd5a01838de84862d1f6/execute/async - {"script":"<script> [776 bytes]","args":[{"enterText":"600002","selector":{"id":"application-ruinventorylist-display-component---Master--smartFilterBar-btnBasicSearch","interaction":{"idSuffix":"I"}},"clearTextFirst":true,"interactionType":"ENTER_TEXT"}]}
RESULT: {"script":"<script> [776 bytes]","args":[{"enterText":"600002","selector":{"id":"application-ruinventorylist-display-component---Master--smartFilterBar-btnBasicSearch","interaction":{"idSuffix":"I"}},"clearTextFirst":true,"interactionType":"ENTER_TEXT"}]}
COMMAND: POST /session/5b1650577b6acd5a01838de84862d1f6/actions - {"actions":[{"id":"action35","type":"key","parameters":{},"actions":[{"type":"keyDown","value":"î€‡"},{"type":"pause","duration":10},{"type":"keyUp","value":"î€‡"}]}]}
RESULT: {"actions":[{"id":"action35","type":"key","parameters":{},"actions":[{"type":"keyDown","value":"î€‡"},{"type":"pause","duration":10},{"type":"keyUp","value":"î€‡"}]}]}
COMMAND: GET /session/5b1650577b6acd5a01838de84862d1f6/screenshot - {}
RESULT: {}
COMMAND: POST /session/5b1650577b6acd5a01838de84862d1f6/element - {"using":"xpath","value":"//span[@id=\"application-ruinventorylist-display-component---Master--smartTableRuInventoryList-header-inner\"]"}
RESULT: {"using":"xpath","value":"//span[@id=\"application-ruinventorylist-display-component---Master--smartTableRuInventoryList-header-inner\"]"}
COMMAND: POST /session/5b1650577b6acd5a01838de84862d1f6/elements - {"using":"xpath","value":"//span[@id=\"application-ruinventorylist-display-component---Master--smartTableRuInventoryList-header-inner\"]"}
RESULT: {"using":"xpath","value":"//span[@id=\"application-ruinventorylist-display-component---Master--smartTableRuInventoryList-header-inner\"]"}
COMMAND: POST /session/5b1650577b6acd5a01838de84862d1f6/execute/sync - {"script":"<script> [56 bytes]","args":[{"element-6066-11e4-a52e-4f735466cecf":"f.2029905E6D619BC8E09EAF6ED25AF0C5.d.D8A46E1E89919B973D3AB5B23AE3B9C8.e.5435","ELEMENT":"f.2029905E6D619BC8E09EAF6ED25AF0C5.d.D8A46E1E89919B973D3AB5B23AE3B9C8.e.5435"}]}
RESULT: {"script":"<script> [56 bytes]","args":[{"element-6066-11e4-a52e-4f735466cecf":"f.2029905E6D619BC8E09EAF6ED25AF0C5.d.D8A46E1E89919B973D3AB5B23AE3B9C8.e.5435","ELEMENT":"f.2029905E6D619BC8E09EAF6ED25AF0C5.d.D8A46E1E89919B973D3AB5B23AE3B9C8.e.5435"}]}
COMMAND: POST /session/5b1650577b6acd5a01838de84862d1f6/element - {"using":"xpath","value":"//table[contains(@id, \"application-ruinventorylist-display-component---Master--tableRuInventoryList-listUl\")]/tbody/tr[1]/td[6]/div/span"}
COMMAND: GET /session/5b1650577b6acd5a01838de84862d1f6/screenshot - {}
RESULT: {"using":"xpath","value":"//table[contains(@id, \"application-ruinventorylist-display-component---Master--tableRuInventoryList-listUl\")]/tbody/tr[1]/td[6]/div/span"}
COMMAND: POST /session/5b1650577b6acd5a01838de84862d1f6/execute/sync - {"script":"<script> [56 bytes]","args":[{"element-6066-11e4-a52e-4f735466cecf":"f.2029905E6D619BC8E09EAF6ED25AF0C5.d.D8A46E1E89919B973D3AB5B23AE3B9C8.e.7285","ELEMENT":"f.2029905E6D619BC8E09EAF6ED25AF0C5.d.D8A46E1E89919B973D3AB5B23AE3B9C8.e.7285"}]}
RESULT: {}
RESULT: {"script":"<script> [56 bytes]","args":[{"element-6066-11e4-a52e-4f735466cecf":"f.2029905E6D619BC8E09EAF6ED25AF0C5.d.D8A46E1E89919B973D3AB5B23AE3B9C8.e.7285","ELEMENT":"f.2029905E6D619BC8E09EAF6ED25AF0C5.d.D8A46E1E89919B973D3AB5B23AE3B9C8.e.7285"}]}
COMMAND: POST /session/5b1650577b6acd5a01838de84862d1f6/element - {"using":"xpath","value":"//div[contains(@id, \"smartFilterBar-btnBasicSearch-reset\")]"}
COMMAND: GET /session/5b1650577b6acd5a01838de84862d1f6/screenshot - {}
RESULT: {"using":"xpath","value":"//div[contains(@id, \"smartFilterBar-btnBasicSearch-reset\")]"}
COMMAND: POST /session/5b1650577b6acd5a01838de84862d1f6/element/f.2029905E6D619BC8E09EAF6ED25AF0C5.d.D8A46E1E89919B973D3AB5B23AE3B9C8.e.5451/click - {}
RESULT: {}
RESULT: {}
COMMAND: GET /session/5b1650577b6acd5a01838de84862d1f6/screenshot - {}
RESULT: undefined
COMMAND: POST /session/5b1650577b6acd5a01838de84862d1f6/execute/async - {"script":"<script> [776 bytes]","args":[{"enterText":"401002","selector":{"id":"application-ruinventorylist-display-component---Master--smartFilterBar-btnBasicSearch","interaction":{"idSuffix":"I"}},"clearTextFirst":true,"interactionType":"ENTER_TEXT"}]}
RESULT: {}
RESULT: {"script":"<script> [776 bytes]","args":[{"enterText":"401002","selector":{"id":"application-ruinventorylist-display-component---Master--smartFilterBar-btnBasicSearch","interaction":{"idSuffix":"I"}},"clearTextFirst":true,"interactionType":"ENTER_TEXT"}]}
COMMAND: POST /session/5b1650577b6acd5a01838de84862d1f6/actions - {"actions":[{"id":"action36","type":"key","parameters":{},"actions":[{"type":"keyDown","value":"î€‡"},{"type":"pause","duration":10},{"type":"keyUp","value":"î€‡"}]}]}
RESULT: {"actions":[{"id":"action36","type":"key","parameters":{},"actions":[{"type":"keyDown","value":"î€‡"},{"type":"pause","duration":10},{"type":"keyUp","value":"î€‡"}]}]}
COMMAND: GET /session/5b1650577b6acd5a01838de84862d1f6/screenshot - {}
RESULT: {}
COMMAND: POST /session/5b1650577b6acd5a01838de84862d1f6/element - {"using":"xpath","value":"//span[@id=\"application-ruinventorylist-display-component---Master--smartTableRuInventoryList-header-inner\"]"}
RESULT: {"using":"xpath","value":"//span[@id=\"application-ruinventorylist-display-component---Master--smartTableRuInventoryList-header-inner\"]"}
COMMAND: POST /session/5b1650577b6acd5a01838de84862d1f6/elements - {"using":"xpath","value":"//span[@id=\"application-ruinventorylist-display-component---Master--smartTableRuInventoryList-header-inner\"]"}
RESULT: {"using":"xpath","value":"//span[@id=\"application-ruinventorylist-display-component---Master--smartTableRuInventoryList-header-inner\"]"}
COMMAND: POST /session/5b1650577b6acd5a01838de84862d1f6/execute/sync - {"script":"<script> [56 bytes]","args":[{"element-6066-11e4-a52e-4f735466cecf":"f.2029905E6D619BC8E09EAF6ED25AF0C5.d.D8A46E1E89919B973D3AB5B23AE3B9C8.e.5435","ELEMENT":"f.2029905E6D619BC8E09EAF6ED25AF0C5.d.D8A46E1E89919B973D3AB5B23AE3B9C8.e.5435"}]}
RESULT: {"script":"<script> [56 bytes]","args":[{"element-6066-11e4-a52e-4f735466cecf":"f.2029905E6D619BC8E09EAF6ED25AF0C5.d.D8A46E1E89919B973D3AB5B23AE3B9C8.e.5435","ELEMENT":"f.2029905E6D619BC8E09EAF6ED25AF0C5.d.D8A46E1E89919B973D3AB5B23AE3B9C8.e.5435"}]}
COMMAND: POST /session/5b1650577b6acd5a01838de84862d1f6/element - {"using":"xpath","value":"//table[contains(@id, \"application-ruinventorylist-display-component---Master--tableRuInventoryList-listUl\")]/tbody/tr[1]/td[6]/div/span"}
COMMAND: GET /session/5b1650577b6acd5a01838de84862d1f6/screenshot - {}
RESULT: {"using":"xpath","value":"//table[contains(@id, \"application-ruinventorylist-display-component---Master--tableRuInventoryList-listUl\")]/tbody/tr[1]/td[6]/div/span"}
COMMAND: POST /session/5b1650577b6acd5a01838de84862d1f6/execute/sync - {"script":"<script> [56 bytes]","args":[{"element-6066-11e4-a52e-4f735466cecf":"f.2029905E6D619BC8E09EAF6ED25AF0C5.d.D8A46E1E89919B973D3AB5B23AE3B9C8.e.7369","ELEMENT":"f.2029905E6D619BC8E09EAF6ED25AF0C5.d.D8A46E1E89919B973D3AB5B23AE3B9C8.e.7369"}]}
RESULT: {}
RESULT: {"script":"<script> [56 bytes]","args":[{"element-6066-11e4-a52e-4f735466cecf":"f.2029905E6D619BC8E09EAF6ED25AF0C5.d.D8A46E1E89919B973D3AB5B23AE3B9C8.e.7369","ELEMENT":"f.2029905E6D619BC8E09EAF6ED25AF0C5.d.D8A46E1E89919B973D3AB5B23AE3B9C8.e.7369"}]}
COMMAND: POST /session/5b1650577b6acd5a01838de84862d1f6/element - {"using":"xpath","value":"//div[contains(@id, \"smartFilterBar-btnBasicSearch-reset\")]"}
COMMAND: GET /session/5b1650577b6acd5a01838de84862d1f6/screenshot - {}
RESULT: {"using":"xpath","value":"//div[contains(@id, \"smartFilterBar-btnBasicSearch-reset\")]"}
COMMAND: POST /session/5b1650577b6acd5a01838de84862d1f6/element/f.2029905E6D619BC8E09EAF6ED25AF0C5.d.D8A46E1E89919B973D3AB5B23AE3B9C8.e.5451/click - {}
RESULT: {}
RESULT: {}
COMMAND: GET /session/5b1650577b6acd5a01838de84862d1f6/screenshot - {}
RESULT: {}
RESULT: undefined
COMMAND: POST /session/5b1650577b6acd5a01838de84862d1f6/execute/async - {"script":"<script> [776 bytes]","args":[{"enterText":"RWoZ9hItQx","selector":{"id":"application-ruinventorylist-display-component---Master--smartFilterBar-btnBasicSearch","interaction":{"idSuffix":"I"}},"clearTextFirst":true,"interactionType":"ENTER_TEXT"}]}
RESULT: {"script":"<script> [776 bytes]","args":[{"enterText":"RWoZ9hItQx","selector":{"id":"application-ruinventorylist-display-component---Master--smartFilterBar-btnBasicSearch","interaction":{"idSuffix":"I"}},"clearTextFirst":true,"interactionType":"ENTER_TEXT"}]}
COMMAND: POST /session/5b1650577b6acd5a01838de84862d1f6/actions - {"actions":[{"id":"action37","type":"key","parameters":{},"actions":[{"type":"keyDown","value":"î€‡"},{"type":"pause","duration":10},{"type":"keyUp","value":"î€‡"}]}]}
RESULT: {"actions":[{"id":"action37","type":"key","parameters":{},"actions":[{"type":"keyDown","value":"î€‡"},{"type":"pause","duration":10},{"type":"keyUp","value":"î€‡"}]}]}
COMMAND: GET /session/5b1650577b6acd5a01838de84862d1f6/screenshot - {}
RESULT: {}
COMMAND: POST /session/5b1650577b6acd5a01838de84862d1f6/element - {"using":"xpath","value":"//span[@id=\"application-ruinventorylist-display-component---Master--smartTableRuInventoryList-header-inner\"]"}
RESULT: {"using":"xpath","value":"//span[@id=\"application-ruinventorylist-display-component---Master--smartTableRuInventoryList-header-inner\"]"}
COMMAND: POST /session/5b1650577b6acd5a01838de84862d1f6/elements - {"using":"xpath","value":"//span[@id=\"application-ruinventorylist-display-component---Master--smartTableRuInventoryList-header-inner\"]"}
RESULT: {"using":"xpath","value":"//span[@id=\"application-ruinventorylist-display-component---Master--smartTableRuInventoryList-header-inner\"]"}
COMMAND: POST /session/5b1650577b6acd5a01838de84862d1f6/execute/sync - {"script":"<script> [56 bytes]","args":[{"element-6066-11e4-a52e-4f735466cecf":"f.2029905E6D619BC8E09EAF6ED25AF0C5.d.D8A46E1E89919B973D3AB5B23AE3B9C8.e.5435","ELEMENT":"f.2029905E6D619BC8E09EAF6ED25AF0C5.d.D8A46E1E89919B973D3AB5B23AE3B9C8.e.5435"}]}
RESULT: {"script":"<script> [56 bytes]","args":[{"element-6066-11e4-a52e-4f735466cecf":"f.2029905E6D619BC8E09EAF6ED25AF0C5.d.D8A46E1E89919B973D3AB5B23AE3B9C8.e.5435","ELEMENT":"f.2029905E6D619BC8E09EAF6ED25AF0C5.d.D8A46E1E89919B973D3AB5B23AE3B9C8.e.5435"}]}
COMMAND: POST /session/5b1650577b6acd5a01838de84862d1f6/element - {"using":"xpath","value":"//table[contains(@id, \"application-ruinventorylist-display-component---Master--tableRuInventoryList-listUl\")]/tbody/tr[1]/td[6]/div/span"}
COMMAND: GET /session/5b1650577b6acd5a01838de84862d1f6/screenshot - {}
RESULT: {"using":"xpath","value":"//table[contains(@id, \"application-ruinventorylist-display-component---Master--tableRuInventoryList-listUl\")]/tbody/tr[1]/td[6]/div/span"}
COMMAND: POST /session/5b1650577b6acd5a01838de84862d1f6/execute/sync - {"script":"<script> [56 bytes]","args":[{"element-6066-11e4-a52e-4f735466cecf":"f.2029905E6D619BC8E09EAF6ED25AF0C5.d.D8A46E1E89919B973D3AB5B23AE3B9C8.e.7452","ELEMENT":"f.2029905E6D619BC8E09EAF6ED25AF0C5.d.D8A46E1E89919B973D3AB5B23AE3B9C8.e.7452"}]}
RESULT: {}
RESULT: {"script":"<script> [56 bytes]","args":[{"element-6066-11e4-a52e-4f735466cecf":"f.2029905E6D619BC8E09EAF6ED25AF0C5.d.D8A46E1E89919B973D3AB5B23AE3B9C8.e.7452","ELEMENT":"f.2029905E6D619BC8E09EAF6ED25AF0C5.d.D8A46E1E89919B973D3AB5B23AE3B9C8.e.7452"}]}
COMMAND: POST /session/5b1650577b6acd5a01838de84862d1f6/element - {"using":"xpath","value":"//div[contains(@id, \"smartFilterBar-btnBasicSearch-reset\")]"}
COMMAND: GET /session/5b1650577b6acd5a01838de84862d1f6/screenshot - {}
RESULT: {"using":"xpath","value":"//div[contains(@id, \"smartFilterBar-btnBasicSearch-reset\")]"}
COMMAND: POST /session/5b1650577b6acd5a01838de84862d1f6/element/f.2029905E6D619BC8E09EAF6ED25AF0C5.d.D8A46E1E89919B973D3AB5B23AE3B9C8.e.5451/click - {}
RESULT: {}
RESULT: {}
COMMAND: GET /session/5b1650577b6acd5a01838de84862d1f6/screenshot - {}
RESULT: {}
RESULT: undefined
COMMAND: POST /session/5b1650577b6acd5a01838de84862d1f6/execute/async - {"script":"<script> [776 bytes]","args":[{"enterText":"200235","selector":{"id":"application-ruinventorylist-display-component---Master--smartFilterBar-btnBasicSearch","interaction":{"idSuffix":"I"}},"clearTextFirst":true,"interactionType":"ENTER_TEXT"}]}
RESULT: {"script":"<script> [776 bytes]","args":[{"enterText":"200235","selector":{"id":"application-ruinventorylist-display-component---Master--smartFilterBar-btnBasicSearch","interaction":{"idSuffix":"I"}},"clearTextFirst":true,"interactionType":"ENTER_TEXT"}]}
COMMAND: POST /session/5b1650577b6acd5a01838de84862d1f6/actions - {"actions":[{"id":"action38","type":"key","parameters":{},"actions":[{"type":"keyDown","value":"î€‡"},{"type":"pause","duration":10},{"type":"keyUp","value":"î€‡"}]}]}
RESULT: {"actions":[{"id":"action38","type":"key","parameters":{},"actions":[{"type":"keyDown","value":"î€‡"},{"type":"pause","duration":10},{"type":"keyUp","value":"î€‡"}]}]}
COMMAND: GET /session/5b1650577b6acd5a01838de84862d1f6/screenshot - {}
RESULT: {}
COMMAND: POST /session/5b1650577b6acd5a01838de84862d1f6/element - {"using":"xpath","value":"//span[@id=\"application-ruinventorylist-display-component---Master--smartTableRuInventoryList-header-inner\"]"}
RESULT: {"using":"xpath","value":"//span[@id=\"application-ruinventorylist-display-component---Master--smartTableRuInventoryList-header-inner\"]"}
COMMAND: POST /session/5b1650577b6acd5a01838de84862d1f6/elements - {"using":"xpath","value":"//span[@id=\"application-ruinventorylist-display-component---Master--smartTableRuInventoryList-header-inner\"]"}
RESULT: {"using":"xpath","value":"//span[@id=\"application-ruinventorylist-display-component---Master--smartTableRuInventoryList-header-inner\"]"}
COMMAND: POST /session/5b1650577b6acd5a01838de84862d1f6/execute/sync - {"script":"<script> [56 bytes]","args":[{"element-6066-11e4-a52e-4f735466cecf":"f.2029905E6D619BC8E09EAF6ED25AF0C5.d.D8A46E1E89919B973D3AB5B23AE3B9C8.e.5435","ELEMENT":"f.2029905E6D619BC8E09EAF6ED25AF0C5.d.D8A46E1E89919B973D3AB5B23AE3B9C8.e.5435"}]}
RESULT: {"script":"<script> [56 bytes]","args":[{"element-6066-11e4-a52e-4f735466cecf":"f.2029905E6D619BC8E09EAF6ED25AF0C5.d.D8A46E1E89919B973D3AB5B23AE3B9C8.e.5435","ELEMENT":"f.2029905E6D619BC8E09EAF6ED25AF0C5.d.D8A46E1E89919B973D3AB5B23AE3B9C8.e.5435"}]}
COMMAND: POST /session/5b1650577b6acd5a01838de84862d1f6/element - {"using":"xpath","value":"//table[contains(@id, \"application-ruinventorylist-display-component---Master--tableRuInventoryList-listUl\")]/tbody/tr[1]/td[6]/div/span"}
COMMAND: GET /session/5b1650577b6acd5a01838de84862d1f6/screenshot - {}
RESULT: {"using":"xpath","value":"//table[contains(@id, \"application-ruinventorylist-display-component---Master--tableRuInventoryList-listUl\")]/tbody/tr[1]/td[6]/div/span"}
COMMAND: POST /session/5b1650577b6acd5a01838de84862d1f6/execute/sync - {"script":"<script> [56 bytes]","args":[{"element-6066-11e4-a52e-4f735466cecf":"f.2029905E6D619BC8E09EAF6ED25AF0C5.d.D8A46E1E89919B973D3AB5B23AE3B9C8.e.7535","ELEMENT":"f.2029905E6D619BC8E09EAF6ED25AF0C5.d.D8A46E1E89919B973D3AB5B23AE3B9C8.e.7535"}]}
RESULT: {}
RESULT: {"script":"<script> [56 bytes]","args":[{"element-6066-11e4-a52e-4f735466cecf":"f.2029905E6D619BC8E09EAF6ED25AF0C5.d.D8A46E1E89919B973D3AB5B23AE3B9C8.e.7535","ELEMENT":"f.2029905E6D619BC8E09EAF6ED25AF0C5.d.D8A46E1E89919B973D3AB5B23AE3B9C8.e.7535"}]}
COMMAND: POST /session/5b1650577b6acd5a01838de84862d1f6/element - {"using":"xpath","value":"//div[contains(@id, \"smartFilterBar-btnBasicSearch-reset\")]"}
COMMAND: GET /session/5b1650577b6acd5a01838de84862d1f6/screenshot - {}
RESULT: {"using":"xpath","value":"//div[contains(@id, \"smartFilterBar-btnBasicSearch-reset\")]"}
COMMAND: POST /session/5b1650577b6acd5a01838de84862d1f6/element/f.2029905E6D619BC8E09EAF6ED25AF0C5.d.D8A46E1E89919B973D3AB5B23AE3B9C8.e.5451/click - {}
RESULT: {}
RESULT: {}
COMMAND: GET /session/5b1650577b6acd5a01838de84862d1f6/screenshot - {}
RESULT: {}
COMMAND: POST /session/5b1650577b6acd5a01838de84862d1f6/element - {"using":"css selector","value":"#shell-header-logo"}
RESULT: {"using":"css selector","value":"#shell-header-logo"}
COMMAND: POST /session/5b1650577b6acd5a01838de84862d1f6/element/f.2029905E6D619BC8E09EAF6ED25AF0C5.d.D8A46E1E89919B973D3AB5B23AE3B9C8.e.4847/click - {}
RESULT: {}
COMMAND: GET /session/5b1650577b6acd5a01838de84862d1f6/screenshot - {}
RESULT: {}
COMMAND: DELETE /session/5b1650577b6acd5a01838de84862d1f6 - {}
RESULT: {}
]]></system-out>
    </testcase>
  </testsuite>
</testsuites>